<?xml version="1.0" encoding="UTF-8"?>
<testsuite name="ags.goldenlionerp.apiTests.setups.NextNumberConstantApiTest" tests="7" skipped="0" failures="0" errors="0" timestamp="2018-12-14T10:35:58" hostname="LAPTOP-FHFRCCL6" time="0.235">
  <properties/>
  <testcase name="updateTestWithPatch" classname="ags.goldenlionerp.apiTests.setups.NextNumberConstantApiTest" time="0.084"/>
  <testcase name="createTestWithPut" classname="ags.goldenlionerp.apiTests.setups.NextNumberConstantApiTest" time="0.023"/>
  <testcase name="createTestWithPost" classname="ags.goldenlionerp.apiTests.setups.NextNumberConstantApiTest" time="0.042"/>
  <testcase name="updateTestWithPut" classname="ags.goldenlionerp.apiTests.setups.NextNumberConstantApiTest" time="0.017"/>
  <testcase name="getTestSingle" classname="ags.goldenlionerp.apiTests.setups.NextNumberConstantApiTest" time="0.017"/>
  <testcase name="getTestCollection" classname="ags.goldenlionerp.apiTests.setups.NextNumberConstantApiTest" time="0.03"/>
  <testcase name="deleteTest" classname="ags.goldenlionerp.apiTests.setups.NextNumberConstantApiTest" time="0.02"/>
  <system-out><![CDATA[2018-12-14 17:35:58.610  INFO 9212 --- [    Test worker] .b.t.c.SpringBootTestContextBootstrapper : Neither @ContextConfiguration nor @ContextHierarchy found for test class [ags.goldenlionerp.apiTests.setups.NextNumberConstantApiTest], using SpringBootContextLoader
2018-12-14 17:35:58.610  INFO 9212 --- [    Test worker] o.s.t.c.support.AbstractContextLoader    : Could not detect default resource locations for test class [ags.goldenlionerp.apiTests.setups.NextNumberConstantApiTest]: no resource found for suffixes {-context.xml, Context.groovy}.
2018-12-14 17:35:58.610  INFO 9212 --- [    Test worker] t.c.s.AnnotationConfigContextLoaderUtils : Could not detect default configuration classes for test class [ags.goldenlionerp.apiTests.setups.NextNumberConstantApiTest]: NextNumberConstantApiTest does not declare any static, non-private, non-final, nested classes annotated with @Configuration.
2018-12-14 17:35:58.610  INFO 9212 --- [    Test worker] .b.t.c.SpringBootTestContextBootstrapper : Found @SpringBootConfiguration ags.goldenlionerp.GoldenLionErpApplication for test class ags.goldenlionerp.apiTests.setups.NextNumberConstantApiTest
2018-12-14 17:35:58.610  INFO 9212 --- [    Test worker] .b.t.c.SpringBootTestContextBootstrapper : Loaded default TestExecutionListener class names from location [META-INF/spring.factories]: [org.springframework.security.test.context.support.WithSecurityContextTestExecutionListener, org.springframework.security.test.context.support.ReactorContextTestExecutionListener, org.springframework.boot.test.autoconfigure.restdocs.RestDocsTestExecutionListener, org.springframework.boot.test.autoconfigure.web.client.MockRestServiceServerResetTestExecutionListener, org.springframework.boot.test.autoconfigure.web.servlet.MockMvcPrintOnlyOnFailureTestExecutionListener, org.springframework.boot.test.autoconfigure.web.servlet.WebDriverTestExecutionListener, org.springframework.boot.test.mock.mockito.MockitoTestExecutionListener, org.springframework.boot.test.mock.mockito.ResetMocksTestExecutionListener, org.springframework.test.context.web.ServletTestExecutionListener, org.springframework.test.context.support.DirtiesContextBeforeModesTestExecutionListener, org.springframework.test.context.support.DependencyInjectionTestExecutionListener, org.springframework.test.context.support.DirtiesContextTestExecutionListener, org.springframework.test.context.transaction.TransactionalTestExecutionListener, org.springframework.test.context.jdbc.SqlScriptsTestExecutionListener]
2018-12-14 17:35:58.610  INFO 9212 --- [    Test worker] .b.t.c.SpringBootTestContextBootstrapper : Using TestExecutionListeners: [org.springframework.test.context.web.ServletTestExecutionListener@76e891f6, org.springframework.test.context.support.DirtiesContextBeforeModesTestExecutionListener@593797e9, org.springframework.boot.test.mock.mockito.MockitoTestExecutionListener@237bd314, org.springframework.boot.test.autoconfigure.SpringBootDependencyInjectionTestExecutionListener@326f04fb, org.springframework.test.context.support.DirtiesContextTestExecutionListener@3a4461, org.springframework.test.context.transaction.TransactionalTestExecutionListener@65571350, org.springframework.test.context.jdbc.SqlScriptsTestExecutionListener@18499f9d, org.springframework.security.test.context.support.WithSecurityContextTestExecutionListener@524b08b3, org.springframework.security.test.context.support.ReactorContextTestExecutionListener@8057d7, org.springframework.boot.test.autoconfigure.restdocs.RestDocsTestExecutionListener@5d101904, org.springframework.boot.test.autoconfigure.web.client.MockRestServiceServerResetTestExecutionListener@9f1c04c, org.springframework.boot.test.autoconfigure.web.servlet.MockMvcPrintOnlyOnFailureTestExecutionListener@3f54f51, org.springframework.boot.test.autoconfigure.web.servlet.WebDriverTestExecutionListener@1498e17, org.springframework.boot.test.mock.mockito.ResetMocksTestExecutionListener@5ccc6f03]
2018-12-14 17:35:58.625  INFO 9212 --- [    Test worker] o.s.t.c.transaction.TransactionContext   : Began transaction (1) for test context [DefaultTestContext@1a78b581 testClass = NextNumberConstantApiTest, testInstance = ags.goldenlionerp.apiTests.setups.NextNumberConstantApiTest@1bc3d005, testMethod = updateTestWithPatch@NextNumberConstantApiTest, testException = [null], mergedContextConfiguration = [WebMergedContextConfiguration@77ea4b55 testClass = NextNumberConstantApiTest, locations = '{}', classes = '{class ags.goldenlionerp.GoldenLionErpApplication}', contextInitializerClasses = '[]', activeProfiles = '{}', propertySourceLocations = '{classpath:test.properties}', propertySourceProperties = '{org.springframework.boot.test.context.SpringBootTestContextBootstrapper=true}', contextCustomizers = set[org.springframework.boot.test.autoconfigure.properties.PropertyMappingContextCustomizer@0, org.springframework.boot.test.autoconfigure.web.servlet.WebDriverContextCustomizerFactory$Customizer@636d731e, [ImportsContextCustomizer@7a0dfe85 key = [ags.goldenlionerp.apiTests.ApiTestBase$TestConfig]], org.springframework.boot.test.context.filter.ExcludeFilterContextCustomizer@6afa5291, org.springframework.boot.test.json.DuplicateJsonObjectContextCustomizerFactory$DuplicateJsonObjectContextCustomizer@20cebcb4, org.springframework.boot.test.mock.mockito.MockitoContextCustomizer@0, org.springframework.boot.test.web.client.TestRestTemplateContextCustomizer@49a32273], resourceBasePath = 'src/main/webapp', contextLoader = 'org.springframework.boot.test.context.SpringBootContextLoader', parent = [null]], attributes = map['org.springframework.test.context.web.ServletTestExecutionListener.activateListener' -> true, 'org.springframework.test.context.web.ServletTestExecutionListener.populatedRequestContextHolder' -> true, 'org.springframework.test.context.web.ServletTestExecutionListener.resetRequestContextHolder' -> true]]; transaction manager [org.springframework.orm.jpa.JpaTransactionManager@76f112e2]; rollback [true]
2018-12-14 17:35:58.625  INFO 9212 --- [    Test worker] o.s.b.t.m.w.SpringBootMockServletContext : Initializing Spring FrameworkServlet ''
2018-12-14 17:35:58.625  INFO 9212 --- [    Test worker] o.s.t.web.servlet.TestDispatcherServlet  : FrameworkServlet '': initialization started
2018-12-14 17:35:58.641  INFO 9212 --- [    Test worker] o.s.t.web.servlet.TestDispatcherServlet  : FrameworkServlet '': initialization completed in 16 ms
Hibernate: select nextnumber0_.ncdocty as ncdocty1_3_0_, nextnumber0_.nccid as nccid2_3_0_, nextnumber0_.ncdtin as ncdtin3_3_0_, nextnumber0_.nctmin as nctmin4_3_0_, nextnumber0_.ncuid as ncuid5_3_0_, nextnumber0_.ncdtlu as ncdtlu6_3_0_, nextnumber0_.nctmlu as nctmlu7_3_0_, nextnumber0_.ncuidm as ncuidm8_3_0_, nextnumber0_.ncinmo as ncinmo9_3_0_, nextnumber0_.ncinyr as ncinyr10_3_0_, nextnumber0_.ncrsmt as ncrsmt11_3_0_, nextnumber0_.ncrsat as ncrsat12_3_0_ from t0010n nextnumber0_ where nextnumber0_.ncdocty=?
Hibernate: update t0010n set nccid=?, ncdtlu=?, nctmlu=?, ncuidm=?, ncinmo=?, ncinyr=?, ncrsmt=?, ncrsat=? where ncdocty=?
Hibernate: select nextnumber0_.ncdocty as ncdocty1_3_0_, nextnumber0_.nccid as nccid2_3_0_, nextnumber0_.ncdtin as ncdtin3_3_0_, nextnumber0_.nctmin as nctmin4_3_0_, nextnumber0_.ncuid as ncuid5_3_0_, nextnumber0_.ncdtlu as ncdtlu6_3_0_, nextnumber0_.nctmlu as nctmlu7_3_0_, nextnumber0_.ncuidm as ncuidm8_3_0_, nextnumber0_.ncinmo as ncinmo9_3_0_, nextnumber0_.ncinyr as ncinyr10_3_0_, nextnumber0_.ncrsmt as ncrsmt11_3_0_, nextnumber0_.ncrsat as ncrsat12_3_0_ from t0010n nextnumber0_ where nextnumber0_.ncdocty=?
2018-12-14 17:35:58.719  INFO 9212 --- [    Test worker] o.s.t.c.transaction.TransactionContext   : Rolled back transaction for test: [DefaultTestContext@1a78b581 testClass = NextNumberConstantApiTest, testInstance = ags.goldenlionerp.apiTests.setups.NextNumberConstantApiTest@1bc3d005, testMethod = updateTestWithPatch@NextNumberConstantApiTest, testException = [null], mergedContextConfiguration = [WebMergedContextConfiguration@77ea4b55 testClass = NextNumberConstantApiTest, locations = '{}', classes = '{class ags.goldenlionerp.GoldenLionErpApplication}', contextInitializerClasses = '[]', activeProfiles = '{}', propertySourceLocations = '{classpath:test.properties}', propertySourceProperties = '{org.springframework.boot.test.context.SpringBootTestContextBootstrapper=true}', contextCustomizers = set[org.springframework.boot.test.autoconfigure.properties.PropertyMappingContextCustomizer@0, org.springframework.boot.test.autoconfigure.web.servlet.WebDriverContextCustomizerFactory$Customizer@636d731e, [ImportsContextCustomizer@7a0dfe85 key = [ags.goldenlionerp.apiTests.ApiTestBase$TestConfig]], org.springframework.boot.test.context.filter.ExcludeFilterContextCustomizer@6afa5291, org.springframework.boot.test.json.DuplicateJsonObjectContextCustomizerFactory$DuplicateJsonObjectContextCustomizer@20cebcb4, org.springframework.boot.test.mock.mockito.MockitoContextCustomizer@0, org.springframework.boot.test.web.client.TestRestTemplateContextCustomizer@49a32273], resourceBasePath = 'src/main/webapp', contextLoader = 'org.springframework.boot.test.context.SpringBootContextLoader', parent = [null]], attributes = map['org.springframework.test.context.web.ServletTestExecutionListener.activateListener' -> true, 'org.springframework.test.context.web.ServletTestExecutionListener.populatedRequestContextHolder' -> true, 'org.springframework.test.context.web.ServletTestExecutionListener.resetRequestContextHolder' -> true]]
2018-12-14 17:35:58.719  INFO 9212 --- [    Test worker] o.s.t.c.transaction.TransactionContext   : Began transaction (1) for test context [DefaultTestContext@1a78b581 testClass = NextNumberConstantApiTest, testInstance = ags.goldenlionerp.apiTests.setups.NextNumberConstantApiTest@2b5cbef6, testMethod = createTestWithPut@NextNumberConstantApiTest, testException = [null], mergedContextConfiguration = [WebMergedContextConfiguration@77ea4b55 testClass = NextNumberConstantApiTest, locations = '{}', classes = '{class ags.goldenlionerp.GoldenLionErpApplication}', contextInitializerClasses = '[]', activeProfiles = '{}', propertySourceLocations = '{classpath:test.properties}', propertySourceProperties = '{org.springframework.boot.test.context.SpringBootTestContextBootstrapper=true}', contextCustomizers = set[org.springframework.boot.test.autoconfigure.properties.PropertyMappingContextCustomizer@0, org.springframework.boot.test.autoconfigure.web.servlet.WebDriverContextCustomizerFactory$Customizer@636d731e, [ImportsContextCustomizer@7a0dfe85 key = [ags.goldenlionerp.apiTests.ApiTestBase$TestConfig]], org.springframework.boot.test.context.filter.ExcludeFilterContextCustomizer@6afa5291, org.springframework.boot.test.json.DuplicateJsonObjectContextCustomizerFactory$DuplicateJsonObjectContextCustomizer@20cebcb4, org.springframework.boot.test.mock.mockito.MockitoContextCustomizer@0, org.springframework.boot.test.web.client.TestRestTemplateContextCustomizer@49a32273], resourceBasePath = 'src/main/webapp', contextLoader = 'org.springframework.boot.test.context.SpringBootContextLoader', parent = [null]], attributes = map['org.springframework.test.context.web.ServletTestExecutionListener.activateListener' -> true, 'org.springframework.test.context.web.ServletTestExecutionListener.populatedRequestContextHolder' -> true, 'org.springframework.test.context.web.ServletTestExecutionListener.resetRequestContextHolder' -> true]]; transaction manager [org.springframework.orm.jpa.JpaTransactionManager@76f112e2]; rollback [true]
2018-12-14 17:35:58.719  INFO 9212 --- [    Test worker] o.s.b.t.m.w.SpringBootMockServletContext : Initializing Spring FrameworkServlet ''
2018-12-14 17:35:58.719  INFO 9212 --- [    Test worker] o.s.t.web.servlet.TestDispatcherServlet  : FrameworkServlet '': initialization started
2018-12-14 17:35:58.719  INFO 9212 --- [    Test worker] o.s.t.web.servlet.TestDispatcherServlet  : FrameworkServlet '': initialization completed in 0 ms
Hibernate: select nextnumber0_.ncdocty as ncdocty1_3_0_, nextnumber0_.nccid as nccid2_3_0_, nextnumber0_.ncdtin as ncdtin3_3_0_, nextnumber0_.nctmin as nctmin4_3_0_, nextnumber0_.ncuid as ncuid5_3_0_, nextnumber0_.ncdtlu as ncdtlu6_3_0_, nextnumber0_.nctmlu as nctmlu7_3_0_, nextnumber0_.ncuidm as ncuidm8_3_0_, nextnumber0_.ncinmo as ncinmo9_3_0_, nextnumber0_.ncinyr as ncinyr10_3_0_, nextnumber0_.ncrsmt as ncrsmt11_3_0_, nextnumber0_.ncrsat as ncrsat12_3_0_ from t0010n nextnumber0_ where nextnumber0_.ncdocty=?
2018-12-14 17:35:58.735  INFO 9212 --- [    Test worker] o.s.t.c.transaction.TransactionContext   : Rolled back transaction for test: [DefaultTestContext@1a78b581 testClass = NextNumberConstantApiTest, testInstance = ags.goldenlionerp.apiTests.setups.NextNumberConstantApiTest@2b5cbef6, testMethod = createTestWithPut@NextNumberConstantApiTest, testException = [null], mergedContextConfiguration = [WebMergedContextConfiguration@77ea4b55 testClass = NextNumberConstantApiTest, locations = '{}', classes = '{class ags.goldenlionerp.GoldenLionErpApplication}', contextInitializerClasses = '[]', activeProfiles = '{}', propertySourceLocations = '{classpath:test.properties}', propertySourceProperties = '{org.springframework.boot.test.context.SpringBootTestContextBootstrapper=true}', contextCustomizers = set[org.springframework.boot.test.autoconfigure.properties.PropertyMappingContextCustomizer@0, org.springframework.boot.test.autoconfigure.web.servlet.WebDriverContextCustomizerFactory$Customizer@636d731e, [ImportsContextCustomizer@7a0dfe85 key = [ags.goldenlionerp.apiTests.ApiTestBase$TestConfig]], org.springframework.boot.test.context.filter.ExcludeFilterContextCustomizer@6afa5291, org.springframework.boot.test.json.DuplicateJsonObjectContextCustomizerFactory$DuplicateJsonObjectContextCustomizer@20cebcb4, org.springframework.boot.test.mock.mockito.MockitoContextCustomizer@0, org.springframework.boot.test.web.client.TestRestTemplateContextCustomizer@49a32273], resourceBasePath = 'src/main/webapp', contextLoader = 'org.springframework.boot.test.context.SpringBootContextLoader', parent = [null]], attributes = map['org.springframework.test.context.web.ServletTestExecutionListener.activateListener' -> true, 'org.springframework.test.context.web.ServletTestExecutionListener.populatedRequestContextHolder' -> true, 'org.springframework.test.context.web.ServletTestExecutionListener.resetRequestContextHolder' -> true]]
2018-12-14 17:35:58.735  INFO 9212 --- [    Test worker] o.s.t.c.transaction.TransactionContext   : Began transaction (1) for test context [DefaultTestContext@1a78b581 testClass = NextNumberConstantApiTest, testInstance = ags.goldenlionerp.apiTests.setups.NextNumberConstantApiTest@34fe8665, testMethod = createTestWithPost@NextNumberConstantApiTest, testException = [null], mergedContextConfiguration = [WebMergedContextConfiguration@77ea4b55 testClass = NextNumberConstantApiTest, locations = '{}', classes = '{class ags.goldenlionerp.GoldenLionErpApplication}', contextInitializerClasses = '[]', activeProfiles = '{}', propertySourceLocations = '{classpath:test.properties}', propertySourceProperties = '{org.springframework.boot.test.context.SpringBootTestContextBootstrapper=true}', contextCustomizers = set[org.springframework.boot.test.autoconfigure.properties.PropertyMappingContextCustomizer@0, org.springframework.boot.test.autoconfigure.web.servlet.WebDriverContextCustomizerFactory$Customizer@636d731e, [ImportsContextCustomizer@7a0dfe85 key = [ags.goldenlionerp.apiTests.ApiTestBase$TestConfig]], org.springframework.boot.test.context.filter.ExcludeFilterContextCustomizer@6afa5291, org.springframework.boot.test.json.DuplicateJsonObjectContextCustomizerFactory$DuplicateJsonObjectContextCustomizer@20cebcb4, org.springframework.boot.test.mock.mockito.MockitoContextCustomizer@0, org.springframework.boot.test.web.client.TestRestTemplateContextCustomizer@49a32273], resourceBasePath = 'src/main/webapp', contextLoader = 'org.springframework.boot.test.context.SpringBootContextLoader', parent = [null]], attributes = map['org.springframework.test.context.web.ServletTestExecutionListener.activateListener' -> true, 'org.springframework.test.context.web.ServletTestExecutionListener.populatedRequestContextHolder' -> true, 'org.springframework.test.context.web.ServletTestExecutionListener.resetRequestContextHolder' -> true]]; transaction manager [org.springframework.orm.jpa.JpaTransactionManager@76f112e2]; rollback [true]
2018-12-14 17:35:58.735  INFO 9212 --- [    Test worker] o.s.b.t.m.w.SpringBootMockServletContext : Initializing Spring FrameworkServlet ''
2018-12-14 17:35:58.735  INFO 9212 --- [    Test worker] o.s.t.web.servlet.TestDispatcherServlet  : FrameworkServlet '': initialization started
2018-12-14 17:35:58.750  INFO 9212 --- [    Test worker] o.s.t.web.servlet.TestDispatcherServlet  : FrameworkServlet '': initialization completed in 15 ms
Hibernate: select nextnumber0_.ncdocty as ncdocty1_3_0_, nextnumber0_.nccid as nccid2_3_0_, nextnumber0_.ncdtin as ncdtin3_3_0_, nextnumber0_.nctmin as nctmin4_3_0_, nextnumber0_.ncuid as ncuid5_3_0_, nextnumber0_.ncdtlu as ncdtlu6_3_0_, nextnumber0_.nctmlu as nctmlu7_3_0_, nextnumber0_.ncuidm as ncuidm8_3_0_, nextnumber0_.ncinmo as ncinmo9_3_0_, nextnumber0_.ncinyr as ncinyr10_3_0_, nextnumber0_.ncrsmt as ncrsmt11_3_0_, nextnumber0_.ncrsat as ncrsat12_3_0_ from t0010n nextnumber0_ where nextnumber0_.ncdocty=?
Hibernate: delete from t0010n where ncdocty=?
Hibernate: insert into t0010n (nccid, ncdtin, nctmin, ncuid, ncdtlu, nctmlu, ncuidm, ncinmo, ncinyr, ncrsmt, ncrsat, ncdocty) values (?, ?, ?, ?, ?, ?, ?, ?, ?, ?, ?, ?)
Hibernate: select nextnumber0_.ncdocty as ncdocty1_3_0_, nextnumber0_.nccid as nccid2_3_0_, nextnumber0_.ncdtin as ncdtin3_3_0_, nextnumber0_.nctmin as nctmin4_3_0_, nextnumber0_.ncuid as ncuid5_3_0_, nextnumber0_.ncdtlu as ncdtlu6_3_0_, nextnumber0_.nctmlu as nctmlu7_3_0_, nextnumber0_.ncuidm as ncuidm8_3_0_, nextnumber0_.ncinmo as ncinmo9_3_0_, nextnumber0_.ncinyr as ncinyr10_3_0_, nextnumber0_.ncrsmt as ncrsmt11_3_0_, nextnumber0_.ncrsat as ncrsat12_3_0_ from t0010n nextnumber0_ where nextnumber0_.ncdocty=?

MockHttpServletRequest:
      HTTP Method = GET
      Request URI = /api/nextNumberConstants/FM
       Parameters = {}
          Headers = {Accept=[application/json]}
             Body = <no character encoding set>
    Session Attrs = {org.springframework.security.web.csrf.HttpSessionCsrfTokenRepository.CSRF_TOKEN=org.springframework.security.web.csrf.DefaultCsrfToken@1dd72002, SPRING_SECURITY_CONTEXT=org.springframework.security.core.context.SecurityContextImpl@475fcd89: Authentication: org.springframework.security.authentication.UsernamePasswordAuthenticationToken@475fcd89: Principal: org.springframework.security.core.userdetails.User@f02988d6: Username: username; Password: [PROTECTED]; Enabled: true; AccountNonExpired: true; credentialsNonExpired: true; AccountNonLocked: true; Not granted any authorities; Credentials: [PROTECTED]; Authenticated: true; Details: null; Not granted any authorities}

Handler:
             Type = org.springframework.data.rest.webmvc.RepositoryEntityController
           Method = public org.springframework.http.ResponseEntity<org.springframework.hateoas.Resource<?>> org.springframework.data.rest.webmvc.RepositoryEntityController.getItemResource(org.springframework.data.rest.webmvc.RootResourceInformation,java.io.Serializable,org.springframework.data.rest.webmvc.PersistentEntityResourceAssembler,org.springframework.http.HttpHeaders) throws org.springframework.web.HttpRequestMethodNotSupportedException

Async:
    Async started = false
     Async result = null

Resolved Exception:
             Type = null

ModelAndView:
        View name = null
             View = null
            Model = null

FlashMap:
       Attributes = null

MockHttpServletResponse:
           Status = 200
    Error message = null
          Headers = {Content-Type=[application/json;charset=UTF-8], X-Content-Type-Options=[nosniff], X-XSS-Protection=[1; mode=block], Cache-Control=[no-cache, no-store, max-age=0, must-revalidate], Pragma=[no-cache], Expires=[0], X-Frame-Options=[DENY]}
     Content type = application/json;charset=UTF-8
             Body = {
  "inputUserId" : "username",
  "lastUpdateUserId" : "username",
  "computerId" : "username",
  "documentType" : "FM",
  "resetNumber" : 2,
  "resetMethod" : "CY",
  "includeMonthInNextNumber" : false,
  "includeYearInNextNumber" : true,
  "lastUpdateDateTime" : "2018-12-14T17:35:58",
  "inputDateTime" : "2018-12-14T17:35:58",
  "_links" : {
    "self" : {
      "href" : "http://localhost/api/nextNumberConstants/FM"
    },
    "nextNumberConstant" : {
      "href" : "http://localhost/api/nextNumberConstants/FM"
    }
  }
}
    Forwarded URL = null
   Redirected URL = null
          Cookies = []
2018-12-14 17:35:58.782  INFO 9212 --- [    Test worker] o.s.t.c.transaction.TransactionContext   : Rolled back transaction for test: [DefaultTestContext@1a78b581 testClass = NextNumberConstantApiTest, testInstance = ags.goldenlionerp.apiTests.setups.NextNumberConstantApiTest@34fe8665, testMethod = createTestWithPost@NextNumberConstantApiTest, testException = [null], mergedContextConfiguration = [WebMergedContextConfiguration@77ea4b55 testClass = NextNumberConstantApiTest, locations = '{}', classes = '{class ags.goldenlionerp.GoldenLionErpApplication}', contextInitializerClasses = '[]', activeProfiles = '{}', propertySourceLocations = '{classpath:test.properties}', propertySourceProperties = '{org.springframework.boot.test.context.SpringBootTestContextBootstrapper=true}', contextCustomizers = set[org.springframework.boot.test.autoconfigure.properties.PropertyMappingContextCustomizer@0, org.springframework.boot.test.autoconfigure.web.servlet.WebDriverContextCustomizerFactory$Customizer@636d731e, [ImportsContextCustomizer@7a0dfe85 key = [ags.goldenlionerp.apiTests.ApiTestBase$TestConfig]], org.springframework.boot.test.context.filter.ExcludeFilterContextCustomizer@6afa5291, org.springframework.boot.test.json.DuplicateJsonObjectContextCustomizerFactory$DuplicateJsonObjectContextCustomizer@20cebcb4, org.springframework.boot.test.mock.mockito.MockitoContextCustomizer@0, org.springframework.boot.test.web.client.TestRestTemplateContextCustomizer@49a32273], resourceBasePath = 'src/main/webapp', contextLoader = 'org.springframework.boot.test.context.SpringBootContextLoader', parent = [null]], attributes = map['org.springframework.test.context.web.ServletTestExecutionListener.activateListener' -> true, 'org.springframework.test.context.web.ServletTestExecutionListener.populatedRequestContextHolder' -> true, 'org.springframework.test.context.web.ServletTestExecutionListener.resetRequestContextHolder' -> true]]
2018-12-14 17:35:58.782  INFO 9212 --- [    Test worker] o.s.t.c.transaction.TransactionContext   : Began transaction (1) for test context [DefaultTestContext@1a78b581 testClass = NextNumberConstantApiTest, testInstance = ags.goldenlionerp.apiTests.setups.NextNumberConstantApiTest@64916eed, testMethod = updateTestWithPut@ApiTestBase, testException = [null], mergedContextConfiguration = [WebMergedContextConfiguration@77ea4b55 testClass = NextNumberConstantApiTest, locations = '{}', classes = '{class ags.goldenlionerp.GoldenLionErpApplication}', contextInitializerClasses = '[]', activeProfiles = '{}', propertySourceLocations = '{classpath:test.properties}', propertySourceProperties = '{org.springframework.boot.test.context.SpringBootTestContextBootstrapper=true}', contextCustomizers = set[org.springframework.boot.test.autoconfigure.properties.PropertyMappingContextCustomizer@0, org.springframework.boot.test.autoconfigure.web.servlet.WebDriverContextCustomizerFactory$Customizer@636d731e, [ImportsContextCustomizer@7a0dfe85 key = [ags.goldenlionerp.apiTests.ApiTestBase$TestConfig]], org.springframework.boot.test.context.filter.ExcludeFilterContextCustomizer@6afa5291, org.springframework.boot.test.json.DuplicateJsonObjectContextCustomizerFactory$DuplicateJsonObjectContextCustomizer@20cebcb4, org.springframework.boot.test.mock.mockito.MockitoContextCustomizer@0, org.springframework.boot.test.web.client.TestRestTemplateContextCustomizer@49a32273], resourceBasePath = 'src/main/webapp', contextLoader = 'org.springframework.boot.test.context.SpringBootContextLoader', parent = [null]], attributes = map['org.springframework.test.context.web.ServletTestExecutionListener.activateListener' -> true, 'org.springframework.test.context.web.ServletTestExecutionListener.populatedRequestContextHolder' -> true, 'org.springframework.test.context.web.ServletTestExecutionListener.resetRequestContextHolder' -> true]]; transaction manager [org.springframework.orm.jpa.JpaTransactionManager@76f112e2]; rollback [true]
2018-12-14 17:35:58.782  INFO 9212 --- [    Test worker] o.s.b.t.m.w.SpringBootMockServletContext : Initializing Spring FrameworkServlet ''
2018-12-14 17:35:58.782  INFO 9212 --- [    Test worker] o.s.t.web.servlet.TestDispatcherServlet  : FrameworkServlet '': initialization started
2018-12-14 17:35:58.782  INFO 9212 --- [    Test worker] o.s.t.web.servlet.TestDispatcherServlet  : FrameworkServlet '': initialization completed in 0 ms
Hibernate: select nextnumber0_.ncdocty as ncdocty1_3_0_, nextnumber0_.nccid as nccid2_3_0_, nextnumber0_.ncdtin as ncdtin3_3_0_, nextnumber0_.nctmin as nctmin4_3_0_, nextnumber0_.ncuid as ncuid5_3_0_, nextnumber0_.ncdtlu as ncdtlu6_3_0_, nextnumber0_.nctmlu as nctmlu7_3_0_, nextnumber0_.ncuidm as ncuidm8_3_0_, nextnumber0_.ncinmo as ncinmo9_3_0_, nextnumber0_.ncinyr as ncinyr10_3_0_, nextnumber0_.ncrsmt as ncrsmt11_3_0_, nextnumber0_.ncrsat as ncrsat12_3_0_ from t0010n nextnumber0_ where nextnumber0_.ncdocty=?
2018-12-14 17:35:58.797  INFO 9212 --- [    Test worker] o.s.t.c.transaction.TransactionContext   : Rolled back transaction for test: [DefaultTestContext@1a78b581 testClass = NextNumberConstantApiTest, testInstance = ags.goldenlionerp.apiTests.setups.NextNumberConstantApiTest@64916eed, testMethod = updateTestWithPut@ApiTestBase, testException = [null], mergedContextConfiguration = [WebMergedContextConfiguration@77ea4b55 testClass = NextNumberConstantApiTest, locations = '{}', classes = '{class ags.goldenlionerp.GoldenLionErpApplication}', contextInitializerClasses = '[]', activeProfiles = '{}', propertySourceLocations = '{classpath:test.properties}', propertySourceProperties = '{org.springframework.boot.test.context.SpringBootTestContextBootstrapper=true}', contextCustomizers = set[org.springframework.boot.test.autoconfigure.properties.PropertyMappingContextCustomizer@0, org.springframework.boot.test.autoconfigure.web.servlet.WebDriverContextCustomizerFactory$Customizer@636d731e, [ImportsContextCustomizer@7a0dfe85 key = [ags.goldenlionerp.apiTests.ApiTestBase$TestConfig]], org.springframework.boot.test.context.filter.ExcludeFilterContextCustomizer@6afa5291, org.springframework.boot.test.json.DuplicateJsonObjectContextCustomizerFactory$DuplicateJsonObjectContextCustomizer@20cebcb4, org.springframework.boot.test.mock.mockito.MockitoContextCustomizer@0, org.springframework.boot.test.web.client.TestRestTemplateContextCustomizer@49a32273], resourceBasePath = 'src/main/webapp', contextLoader = 'org.springframework.boot.test.context.SpringBootContextLoader', parent = [null]], attributes = map['org.springframework.test.context.web.ServletTestExecutionListener.activateListener' -> true, 'org.springframework.test.context.web.ServletTestExecutionListener.populatedRequestContextHolder' -> true, 'org.springframework.test.context.web.ServletTestExecutionListener.resetRequestContextHolder' -> true]]
2018-12-14 17:35:58.797  INFO 9212 --- [    Test worker] o.s.t.c.transaction.TransactionContext   : Began transaction (1) for test context [DefaultTestContext@1a78b581 testClass = NextNumberConstantApiTest, testInstance = ags.goldenlionerp.apiTests.setups.NextNumberConstantApiTest@295ce729, testMethod = getTestSingle@ApiTestBase, testException = [null], mergedContextConfiguration = [WebMergedContextConfiguration@77ea4b55 testClass = NextNumberConstantApiTest, locations = '{}', classes = '{class ags.goldenlionerp.GoldenLionErpApplication}', contextInitializerClasses = '[]', activeProfiles = '{}', propertySourceLocations = '{classpath:test.properties}', propertySourceProperties = '{org.springframework.boot.test.context.SpringBootTestContextBootstrapper=true}', contextCustomizers = set[org.springframework.boot.test.autoconfigure.properties.PropertyMappingContextCustomizer@0, org.springframework.boot.test.autoconfigure.web.servlet.WebDriverContextCustomizerFactory$Customizer@636d731e, [ImportsContextCustomizer@7a0dfe85 key = [ags.goldenlionerp.apiTests.ApiTestBase$TestConfig]], org.springframework.boot.test.context.filter.ExcludeFilterContextCustomizer@6afa5291, org.springframework.boot.test.json.DuplicateJsonObjectContextCustomizerFactory$DuplicateJsonObjectContextCustomizer@20cebcb4, org.springframework.boot.test.mock.mockito.MockitoContextCustomizer@0, org.springframework.boot.test.web.client.TestRestTemplateContextCustomizer@49a32273], resourceBasePath = 'src/main/webapp', contextLoader = 'org.springframework.boot.test.context.SpringBootContextLoader', parent = [null]], attributes = map['org.springframework.test.context.web.ServletTestExecutionListener.activateListener' -> true, 'org.springframework.test.context.web.ServletTestExecutionListener.populatedRequestContextHolder' -> true, 'org.springframework.test.context.web.ServletTestExecutionListener.resetRequestContextHolder' -> true]]; transaction manager [org.springframework.orm.jpa.JpaTransactionManager@76f112e2]; rollback [true]
2018-12-14 17:35:58.797  INFO 9212 --- [    Test worker] o.s.b.t.m.w.SpringBootMockServletContext : Initializing Spring FrameworkServlet ''
2018-12-14 17:35:58.797  INFO 9212 --- [    Test worker] o.s.t.web.servlet.TestDispatcherServlet  : FrameworkServlet '': initialization started
2018-12-14 17:35:58.797  INFO 9212 --- [    Test worker] o.s.t.web.servlet.TestDispatcherServlet  : FrameworkServlet '': initialization completed in 0 ms
Hibernate: select nextnumber0_.ncdocty as ncdocty1_3_0_, nextnumber0_.nccid as nccid2_3_0_, nextnumber0_.ncdtin as ncdtin3_3_0_, nextnumber0_.nctmin as nctmin4_3_0_, nextnumber0_.ncuid as ncuid5_3_0_, nextnumber0_.ncdtlu as ncdtlu6_3_0_, nextnumber0_.nctmlu as nctmlu7_3_0_, nextnumber0_.ncuidm as ncuidm8_3_0_, nextnumber0_.ncinmo as ncinmo9_3_0_, nextnumber0_.ncinyr as ncinyr10_3_0_, nextnumber0_.ncrsmt as ncrsmt11_3_0_, nextnumber0_.ncrsat as ncrsat12_3_0_ from t0010n nextnumber0_ where nextnumber0_.ncdocty=?
2018-12-14 17:35:58.813  INFO 9212 --- [    Test worker] o.s.t.c.transaction.TransactionContext   : Rolled back transaction for test: [DefaultTestContext@1a78b581 testClass = NextNumberConstantApiTest, testInstance = ags.goldenlionerp.apiTests.setups.NextNumberConstantApiTest@295ce729, testMethod = getTestSingle@ApiTestBase, testException = [null], mergedContextConfiguration = [WebMergedContextConfiguration@77ea4b55 testClass = NextNumberConstantApiTest, locations = '{}', classes = '{class ags.goldenlionerp.GoldenLionErpApplication}', contextInitializerClasses = '[]', activeProfiles = '{}', propertySourceLocations = '{classpath:test.properties}', propertySourceProperties = '{org.springframework.boot.test.context.SpringBootTestContextBootstrapper=true}', contextCustomizers = set[org.springframework.boot.test.autoconfigure.properties.PropertyMappingContextCustomizer@0, org.springframework.boot.test.autoconfigure.web.servlet.WebDriverContextCustomizerFactory$Customizer@636d731e, [ImportsContextCustomizer@7a0dfe85 key = [ags.goldenlionerp.apiTests.ApiTestBase$TestConfig]], org.springframework.boot.test.context.filter.ExcludeFilterContextCustomizer@6afa5291, org.springframework.boot.test.json.DuplicateJsonObjectContextCustomizerFactory$DuplicateJsonObjectContextCustomizer@20cebcb4, org.springframework.boot.test.mock.mockito.MockitoContextCustomizer@0, org.springframework.boot.test.web.client.TestRestTemplateContextCustomizer@49a32273], resourceBasePath = 'src/main/webapp', contextLoader = 'org.springframework.boot.test.context.SpringBootContextLoader', parent = [null]], attributes = map['org.springframework.test.context.web.ServletTestExecutionListener.activateListener' -> true, 'org.springframework.test.context.web.ServletTestExecutionListener.populatedRequestContextHolder' -> true, 'org.springframework.test.context.web.ServletTestExecutionListener.resetRequestContextHolder' -> true]]
2018-12-14 17:35:58.813  INFO 9212 --- [    Test worker] o.s.t.c.transaction.TransactionContext   : Began transaction (1) for test context [DefaultTestContext@1a78b581 testClass = NextNumberConstantApiTest, testInstance = ags.goldenlionerp.apiTests.setups.NextNumberConstantApiTest@566bd23f, testMethod = getTestCollection@ApiTestBase, testException = [null], mergedContextConfiguration = [WebMergedContextConfiguration@77ea4b55 testClass = NextNumberConstantApiTest, locations = '{}', classes = '{class ags.goldenlionerp.GoldenLionErpApplication}', contextInitializerClasses = '[]', activeProfiles = '{}', propertySourceLocations = '{classpath:test.properties}', propertySourceProperties = '{org.springframework.boot.test.context.SpringBootTestContextBootstrapper=true}', contextCustomizers = set[org.springframework.boot.test.autoconfigure.properties.PropertyMappingContextCustomizer@0, org.springframework.boot.test.autoconfigure.web.servlet.WebDriverContextCustomizerFactory$Customizer@636d731e, [ImportsContextCustomizer@7a0dfe85 key = [ags.goldenlionerp.apiTests.ApiTestBase$TestConfig]], org.springframework.boot.test.context.filter.ExcludeFilterContextCustomizer@6afa5291, org.springframework.boot.test.json.DuplicateJsonObjectContextCustomizerFactory$DuplicateJsonObjectContextCustomizer@20cebcb4, org.springframework.boot.test.mock.mockito.MockitoContextCustomizer@0, org.springframework.boot.test.web.client.TestRestTemplateContextCustomizer@49a32273], resourceBasePath = 'src/main/webapp', contextLoader = 'org.springframework.boot.test.context.SpringBootContextLoader', parent = [null]], attributes = map['org.springframework.test.context.web.ServletTestExecutionListener.activateListener' -> true, 'org.springframework.test.context.web.ServletTestExecutionListener.populatedRequestContextHolder' -> true, 'org.springframework.test.context.web.ServletTestExecutionListener.resetRequestContextHolder' -> true]]; transaction manager [org.springframework.orm.jpa.JpaTransactionManager@76f112e2]; rollback [true]
2018-12-14 17:35:58.813  INFO 9212 --- [    Test worker] o.s.b.t.m.w.SpringBootMockServletContext : Initializing Spring FrameworkServlet ''
2018-12-14 17:35:58.813  INFO 9212 --- [    Test worker] o.s.t.web.servlet.TestDispatcherServlet  : FrameworkServlet '': initialization started
2018-12-14 17:35:58.813  INFO 9212 --- [    Test worker] o.s.t.web.servlet.TestDispatcherServlet  : FrameworkServlet '': initialization completed in 0 ms
Hibernate: select TOP(?) nextnumber0_.ncdocty as ncdocty1_3_, nextnumber0_.nccid as nccid2_3_, nextnumber0_.ncdtin as ncdtin3_3_, nextnumber0_.nctmin as nctmin4_3_, nextnumber0_.ncuid as ncuid5_3_, nextnumber0_.ncdtlu as ncdtlu6_3_, nextnumber0_.nctmlu as nctmlu7_3_, nextnumber0_.ncuidm as ncuidm8_3_, nextnumber0_.ncinmo as ncinmo9_3_, nextnumber0_.ncinyr as ncinyr10_3_, nextnumber0_.ncrsmt as ncrsmt11_3_, nextnumber0_.ncrsat as ncrsat12_3_ from t0010n nextnumber0_
Hibernate: select count(nextnumber0_.ncdocty) as col_0_0_ from t0010n nextnumber0_

MockHttpServletRequest:
      HTTP Method = GET
      Request URI = /api/nextNumberConstants/
       Parameters = {}
          Headers = {Accept=[application/json]}
             Body = <no character encoding set>
    Session Attrs = {org.springframework.security.web.csrf.HttpSessionCsrfTokenRepository.CSRF_TOKEN=org.springframework.security.web.csrf.DefaultCsrfToken@54598a3a, SPRING_SECURITY_CONTEXT=org.springframework.security.core.context.SecurityContextImpl@475fcd89: Authentication: org.springframework.security.authentication.UsernamePasswordAuthenticationToken@475fcd89: Principal: org.springframework.security.core.userdetails.User@f02988d6: Username: username; Password: [PROTECTED]; Enabled: true; AccountNonExpired: true; credentialsNonExpired: true; AccountNonLocked: true; Not granted any authorities; Credentials: [PROTECTED]; Authenticated: true; Details: null; Not granted any authorities}

Handler:
             Type = org.springframework.data.rest.webmvc.RepositoryEntityController
           Method = public org.springframework.hateoas.Resources<?> org.springframework.data.rest.webmvc.RepositoryEntityController.getCollectionResource(org.springframework.data.rest.webmvc.RootResourceInformation,org.springframework.data.rest.webmvc.support.DefaultedPageable,org.springframework.data.domain.Sort,org.springframework.data.rest.webmvc.PersistentEntityResourceAssembler) throws org.springframework.data.rest.webmvc.ResourceNotFoundException,org.springframework.web.HttpRequestMethodNotSupportedException

Async:
    Async started = false
     Async result = null

Resolved Exception:
             Type = null

ModelAndView:
        View name = null
             View = null
            Model = null

FlashMap:
       Attributes = null

MockHttpServletResponse:
           Status = 200
    Error message = null
          Headers = {Content-Type=[application/json;charset=UTF-8], X-Content-Type-Options=[nosniff], X-XSS-Protection=[1; mode=block], Cache-Control=[no-cache, no-store, max-age=0, must-revalidate], Pragma=[no-cache], Expires=[0], X-Frame-Options=[DENY]}
     Content type = application/json;charset=UTF-8
             Body = {
  "_embedded" : {
    "nextNumberConstants" : [ {
      "inputUserId" : "QSA",
      "lastUpdateUserId" : "QSA",
      "computerId" : "WIN7UL7P5",
      "documentType" : "AD",
      "resetNumber" : 0,
      "resetMethod" : "NR",
      "includeMonthInNextNumber" : false,
      "includeYearInNextNumber" : false,
      "lastUpdateDateTime" : "2014-06-22T19:55:54",
      "inputDateTime" : "2008-10-06T15:24:23",
      "_links" : {
        "self" : {
          "href" : "http://localhost/api/nextNumberConstants/AD"
        },
        "nextNumberConstant" : {
          "href" : "http://localhost/api/nextNumberConstants/AD"
        }
      }
    }, {
      "inputUserId" : "QSA",
      "lastUpdateUserId" : "QSA",
      "computerId" : "WINXPL7P5",
      "documentType" : "AM",
      "resetNumber" : 1,
      "resetMethod" : "NR",
      "includeMonthInNextNumber" : false,
      "includeYearInNextNumber" : false,
      "lastUpdateDateTime" : "2009-06-21T16:19:42",
      "inputDateTime" : "2009-06-21T16:19:42",
      "_links" : {
        "self" : {
          "href" : "http://localhost/api/nextNumberConstants/AM"
        },
        "nextNumberConstant" : {
          "href" : "http://localhost/api/nextNumberConstants/AM"
        }
      }
    }, {
      "inputUserId" : "QSA",
      "lastUpdateUserId" : "QSA",
      "computerId" : "WIN7UL7P5",
      "documentType" : "AS",
      "resetNumber" : 1,
      "resetMethod" : "NR",
      "includeMonthInNextNumber" : false,
      "includeYearInNextNumber" : true,
      "lastUpdateDateTime" : "2012-01-13T21:56:45",
      "inputDateTime" : "2012-01-13T21:56:17",
      "_links" : {
        "self" : {
          "href" : "http://localhost/api/nextNumberConstants/AS"
        },
        "nextNumberConstant" : {
          "href" : "http://localhost/api/nextNumberConstants/AS"
        }
      }
    }, {
      "inputUserId" : "QSA",
      "lastUpdateUserId" : "QSA",
      "computerId" : "WIN7UL7P5",
      "documentType" : "AT",
      "resetNumber" : 1,
      "resetMethod" : "YR",
      "includeMonthInNextNumber" : true,
      "includeYearInNextNumber" : true,
      "lastUpdateDateTime" : "2012-01-13T21:55:27",
      "inputDateTime" : "2012-01-13T21:55:14",
      "_links" : {
        "self" : {
          "href" : "http://localhost/api/nextNumberConstants/AT"
        },
        "nextNumberConstant" : {
          "href" : "http://localhost/api/nextNumberConstants/AT"
        }
      }
    }, {
      "inputUserId" : "QSA",
      "lastUpdateUserId" : "LUDY",
      "computerId" : "LUDY-LAPPIE",
      "documentType" : "BK",
      "resetNumber" : 1,
      "resetMethod" : "CM",
      "includeMonthInNextNumber" : true,
      "includeYearInNextNumber" : true,
      "lastUpdateDateTime" : "2017-12-04T11:31:58",
      "inputDateTime" : "2017-11-28T20:17:43",
      "_links" : {
        "self" : {
          "href" : "http://localhost/api/nextNumberConstants/BK"
        },
        "nextNumberConstant" : {
          "href" : "http://localhost/api/nextNumberConstants/BK"
        }
      }
    }, {
      "inputUserId" : "QSA",
      "lastUpdateUserId" : "LUDY",
      "computerId" : "LUDY-LAPPIE",
      "documentType" : "BM",
      "resetNumber" : 1,
      "resetMethod" : "CM",
      "includeMonthInNextNumber" : true,
      "includeYearInNextNumber" : true,
      "lastUpdateDateTime" : "2017-12-04T11:32:08",
      "inputDateTime" : "2017-11-28T20:17:37",
      "_links" : {
        "self" : {
          "href" : "http://localhost/api/nextNumberConstants/BM"
        },
        "nextNumberConstant" : {
          "href" : "http://localhost/api/nextNumberConstants/BM"
        }
      }
    }, {
      "inputUserId" : "QSA",
      "lastUpdateUserId" : "QSA",
      "computerId" : "WIN7UL7P5",
      "documentType" : "EQ",
      "resetNumber" : 0,
      "resetMethod" : "NR",
      "includeMonthInNextNumber" : false,
      "includeYearInNextNumber" : false,
      "lastUpdateDateTime" : "2013-10-16T14:36:03",
      "inputDateTime" : "2013-10-16T14:36:03",
      "_links" : {
        "self" : {
          "href" : "http://localhost/api/nextNumberConstants/EQ"
        },
        "nextNumberConstant" : {
          "href" : "http://localhost/api/nextNumberConstants/EQ"
        }
      }
    }, {
      "inputUserId" : "QSA",
      "lastUpdateUserId" : "QSA",
      "computerId" : "WINXPL7P5",
      "documentType" : "FD",
      "resetNumber" : 0,
      "resetMethod" : "CY",
      "includeMonthInNextNumber" : true,
      "includeYearInNextNumber" : true,
      "lastUpdateDateTime" : "2008-08-10T18:56:12",
      "inputDateTime" : "2008-08-10T18:56:12",
      "_links" : {
        "self" : {
          "href" : "http://localhost/api/nextNumberConstants/FD"
        },
        "nextNumberConstant" : {
          "href" : "http://localhost/api/nextNumberConstants/FD"
        }
      }
    }, {
      "inputUserId" : "QSA",
      "lastUpdateUserId" : "QSA",
      "computerId" : "WINXPL7P5",
      "documentType" : "FM",
      "resetNumber" : 1,
      "resetMethod" : "NR",
      "includeMonthInNextNumber" : false,
      "includeYearInNextNumber" : false,
      "lastUpdateDateTime" : "2009-07-30T23:49:09",
      "inputDateTime" : "2009-07-30T23:49:09",
      "_links" : {
        "self" : {
          "href" : "http://localhost/api/nextNumberConstants/FM"
        },
        "nextNumberConstant" : {
          "href" : "http://localhost/api/nextNumberConstants/FM"
        }
      }
    }, {
      "inputUserId" : "QSA",
      "lastUpdateUserId" : "QSA",
      "computerId" : "WINXPL7P5",
      "documentType" : "FP",
      "resetNumber" : 0,
      "resetMethod" : "CY",
      "includeMonthInNextNumber" : true,
      "includeYearInNextNumber" : true,
      "lastUpdateDateTime" : "2009-07-27T11:06:11",
      "inputDateTime" : "2009-07-27T11:06:11",
      "_links" : {
        "self" : {
          "href" : "http://localhost/api/nextNumberConstants/FP"
        },
        "nextNumberConstant" : {
          "href" : "http://localhost/api/nextNumberConstants/FP"
        }
      }
    }, {
      "inputUserId" : "QSA",
      "lastUpdateUserId" : "QSA",
      "computerId" : "WINXPL7P5",
      "documentType" : "FR",
      "resetNumber" : 0,
      "resetMethod" : "CY",
      "includeMonthInNextNumber" : true,
      "includeYearInNextNumber" : true,
      "lastUpdateDateTime" : "2008-08-10T18:56:44",
      "inputDateTime" : "2008-08-10T18:56:44",
      "_links" : {
        "self" : {
          "href" : "http://localhost/api/nextNumberConstants/FR"
        },
        "nextNumberConstant" : {
          "href" : "http://localhost/api/nextNumberConstants/FR"
        }
      }
    }, {
      "inputUserId" : "QSA",
      "lastUpdateUserId" : "QSA",
      "computerId" : "WINXPL7P5",
      "documentType" : "FS",
      "resetNumber" : 0,
      "resetMethod" : "CY",
      "includeMonthInNextNumber" : true,
      "includeYearInNextNumber" : true,
      "lastUpdateDateTime" : "2008-08-10T18:56:18",
      "inputDateTime" : "2008-08-10T18:56:18",
      "_links" : {
        "self" : {
          "href" : "http://localhost/api/nextNumberConstants/FS"
        },
        "nextNumberConstant" : {
          "href" : "http://localhost/api/nextNumberConstants/FS"
        }
      }
    }, {
      "inputUserId" : "QSA",
      "lastUpdateUserId" : "QSA",
      "computerId" : "WINXPL7P5",
      "documentType" : "FT",
      "resetNumber" : 0,
      "resetMethod" : "CY",
      "includeMonthInNextNumber" : true,
      "includeYearInNextNumber" : true,
      "lastUpdateDateTime" : "2009-07-27T11:06:18",
      "inputDateTime" : "2009-07-27T11:06:18",
      "_links" : {
        "self" : {
          "href" : "http://localhost/api/nextNumberConstants/FT"
        },
        "nextNumberConstant" : {
          "href" : "http://localhost/api/nextNumberConstants/FT"
        }
      }
    }, {
      "inputUserId" : "QSA",
      "lastUpdateUserId" : "LUDY",
      "computerId" : "LUDY-LAPPIE",
      "documentType" : "I0",
      "resetNumber" : 1,
      "resetMethod" : "CM",
      "includeMonthInNextNumber" : true,
      "includeYearInNextNumber" : true,
      "lastUpdateDateTime" : "2017-12-04T11:32:38",
      "inputDateTime" : "2017-07-09T20:10:14",
      "_links" : {
        "self" : {
          "href" : "http://localhost/api/nextNumberConstants/I0"
        },
        "nextNumberConstant" : {
          "href" : "http://localhost/api/nextNumberConstants/I0"
        }
      }
    }, {
      "inputUserId" : "QSA",
      "lastUpdateUserId" : "LUDY",
      "computerId" : "LUDY-LAPPIE",
      "documentType" : "IA",
      "resetNumber" : 1,
      "resetMethod" : "CM",
      "includeMonthInNextNumber" : true,
      "includeYearInNextNumber" : true,
      "lastUpdateDateTime" : "2017-12-04T11:32:47",
      "inputDateTime" : "2002-01-18T17:55:11",
      "_links" : {
        "self" : {
          "href" : "http://localhost/api/nextNumberConstants/IA"
        },
        "nextNumberConstant" : {
          "href" : "http://localhost/api/nextNumberConstants/IA"
        }
      }
    }, {
      "inputUserId" : "QSA",
      "lastUpdateUserId" : "LUDY",
      "computerId" : "LUDY-LAPPIE",
      "documentType" : "IB",
      "resetNumber" : 0,
      "resetMethod" : "CM",
      "includeMonthInNextNumber" : true,
      "includeYearInNextNumber" : true,
      "lastUpdateDateTime" : "2017-12-04T11:33:01",
      "inputDateTime" : "2012-04-20T10:46:40",
      "_links" : {
        "self" : {
          "href" : "http://localhost/api/nextNumberConstants/IB"
        },
        "nextNumberConstant" : {
          "href" : "http://localhost/api/nextNumberConstants/IB"
        }
      }
    }, {
      "inputUserId" : "QSA",
      "lastUpdateUserId" : "LUDY",
      "computerId" : "LUDY-LAPPIE",
      "documentType" : "IC",
      "resetNumber" : 1,
      "resetMethod" : "CY",
      "includeMonthInNextNumber" : false,
      "includeYearInNextNumber" : true,
      "lastUpdateDateTime" : "2017-12-04T11:33:05",
      "inputDateTime" : "2012-10-11T12:55:28",
      "_links" : {
        "self" : {
          "href" : "http://localhost/api/nextNumberConstants/IC"
        },
        "nextNumberConstant" : {
          "href" : "http://localhost/api/nextNumberConstants/IC"
        }
      }
    }, {
      "inputUserId" : "QSA",
      "lastUpdateUserId" : "LUDY",
      "computerId" : "LUDY-LAPPIE",
      "documentType" : "ID",
      "resetNumber" : 0,
      "resetMethod" : "CM",
      "includeMonthInNextNumber" : true,
      "includeYearInNextNumber" : true,
      "lastUpdateDateTime" : "2017-12-04T11:33:11",
      "inputDateTime" : "2013-11-07T15:14:03",
      "_links" : {
        "self" : {
          "href" : "http://localhost/api/nextNumberConstants/ID"
        },
        "nextNumberConstant" : {
          "href" : "http://localhost/api/nextNumberConstants/ID"
        }
      }
    }, {
      "inputUserId" : "QSA",
      "lastUpdateUserId" : "QSA",
      "computerId" : "WIN7UL7P5",
      "documentType" : "IF",
      "resetNumber" : 0,
      "resetMethod" : "CM",
      "includeMonthInNextNumber" : true,
      "includeYearInNextNumber" : true,
      "lastUpdateDateTime" : "2013-11-13T20:52:56",
      "inputDateTime" : "2013-11-13T20:52:56",
      "_links" : {
        "self" : {
          "href" : "http://localhost/api/nextNumberConstants/IF"
        },
        "nextNumberConstant" : {
          "href" : "http://localhost/api/nextNumberConstants/IF"
        }
      }
    }, {
      "inputUserId" : "QSA",
      "lastUpdateUserId" : "QSA",
      "computerId" : "WIN7UL7P5",
      "documentType" : "IH",
      "resetNumber" : 1,
      "resetMethod" : "CY",
      "includeMonthInNextNumber" : false,
      "includeYearInNextNumber" : true,
      "lastUpdateDateTime" : "2012-10-11T12:56:59",
      "inputDateTime" : "2012-10-11T12:56:59",
      "_links" : {
        "self" : {
          "href" : "http://localhost/api/nextNumberConstants/IH"
        },
        "nextNumberConstant" : {
          "href" : "http://localhost/api/nextNumberConstants/IH"
        }
      }
    } ]
  },
  "_links" : {
    "first" : {
      "href" : "http://localhost/api/nextNumberConstants?page=0&size=20"
    },
    "self" : {
      "href" : "http://localhost/api/nextNumberConstants{?page,size,sort}",
      "templated" : true
    },
    "next" : {
      "href" : "http://localhost/api/nextNumberConstants?page=1&size=20"
    },
    "last" : {
      "href" : "http://localhost/api/nextNumberConstants?page=3&size=20"
    },
    "profile" : {
      "href" : "http://localhost/api/profile/nextNumberConstants"
    }
  },
  "page" : {
    "size" : 20,
    "totalElements" : 66,
    "totalPages" : 4,
    "number" : 0
  }
}
    Forwarded URL = null
   Redirected URL = null
          Cookies = []
2018-12-14 17:35:58.844  INFO 9212 --- [    Test worker] o.s.t.c.transaction.TransactionContext   : Rolled back transaction for test: [DefaultTestContext@1a78b581 testClass = NextNumberConstantApiTest, testInstance = ags.goldenlionerp.apiTests.setups.NextNumberConstantApiTest@566bd23f, testMethod = getTestCollection@ApiTestBase, testException = [null], mergedContextConfiguration = [WebMergedContextConfiguration@77ea4b55 testClass = NextNumberConstantApiTest, locations = '{}', classes = '{class ags.goldenlionerp.GoldenLionErpApplication}', contextInitializerClasses = '[]', activeProfiles = '{}', propertySourceLocations = '{classpath:test.properties}', propertySourceProperties = '{org.springframework.boot.test.context.SpringBootTestContextBootstrapper=true}', contextCustomizers = set[org.springframework.boot.test.autoconfigure.properties.PropertyMappingContextCustomizer@0, org.springframework.boot.test.autoconfigure.web.servlet.WebDriverContextCustomizerFactory$Customizer@636d731e, [ImportsContextCustomizer@7a0dfe85 key = [ags.goldenlionerp.apiTests.ApiTestBase$TestConfig]], org.springframework.boot.test.context.filter.ExcludeFilterContextCustomizer@6afa5291, org.springframework.boot.test.json.DuplicateJsonObjectContextCustomizerFactory$DuplicateJsonObjectContextCustomizer@20cebcb4, org.springframework.boot.test.mock.mockito.MockitoContextCustomizer@0, org.springframework.boot.test.web.client.TestRestTemplateContextCustomizer@49a32273], resourceBasePath = 'src/main/webapp', contextLoader = 'org.springframework.boot.test.context.SpringBootContextLoader', parent = [null]], attributes = map['org.springframework.test.context.web.ServletTestExecutionListener.activateListener' -> true, 'org.springframework.test.context.web.ServletTestExecutionListener.populatedRequestContextHolder' -> true, 'org.springframework.test.context.web.ServletTestExecutionListener.resetRequestContextHolder' -> true]]
2018-12-14 17:35:58.844  INFO 9212 --- [    Test worker] o.s.t.c.transaction.TransactionContext   : Began transaction (1) for test context [DefaultTestContext@1a78b581 testClass = NextNumberConstantApiTest, testInstance = ags.goldenlionerp.apiTests.setups.NextNumberConstantApiTest@55a07c86, testMethod = deleteTest@ApiTestBase, testException = [null], mergedContextConfiguration = [WebMergedContextConfiguration@77ea4b55 testClass = NextNumberConstantApiTest, locations = '{}', classes = '{class ags.goldenlionerp.GoldenLionErpApplication}', contextInitializerClasses = '[]', activeProfiles = '{}', propertySourceLocations = '{classpath:test.properties}', propertySourceProperties = '{org.springframework.boot.test.context.SpringBootTestContextBootstrapper=true}', contextCustomizers = set[org.springframework.boot.test.autoconfigure.properties.PropertyMappingContextCustomizer@0, org.springframework.boot.test.autoconfigure.web.servlet.WebDriverContextCustomizerFactory$Customizer@636d731e, [ImportsContextCustomizer@7a0dfe85 key = [ags.goldenlionerp.apiTests.ApiTestBase$TestConfig]], org.springframework.boot.test.context.filter.ExcludeFilterContextCustomizer@6afa5291, org.springframework.boot.test.json.DuplicateJsonObjectContextCustomizerFactory$DuplicateJsonObjectContextCustomizer@20cebcb4, org.springframework.boot.test.mock.mockito.MockitoContextCustomizer@0, org.springframework.boot.test.web.client.TestRestTemplateContextCustomizer@49a32273], resourceBasePath = 'src/main/webapp', contextLoader = 'org.springframework.boot.test.context.SpringBootContextLoader', parent = [null]], attributes = map['org.springframework.test.context.web.ServletTestExecutionListener.activateListener' -> true, 'org.springframework.test.context.web.ServletTestExecutionListener.populatedRequestContextHolder' -> true, 'org.springframework.test.context.web.ServletTestExecutionListener.resetRequestContextHolder' -> true]]; transaction manager [org.springframework.orm.jpa.JpaTransactionManager@76f112e2]; rollback [true]
2018-12-14 17:35:58.844  INFO 9212 --- [    Test worker] o.s.b.t.m.w.SpringBootMockServletContext : Initializing Spring FrameworkServlet ''
2018-12-14 17:35:58.844  INFO 9212 --- [    Test worker] o.s.t.web.servlet.TestDispatcherServlet  : FrameworkServlet '': initialization started
2018-12-14 17:35:58.844  INFO 9212 --- [    Test worker] o.s.t.web.servlet.TestDispatcherServlet  : FrameworkServlet '': initialization completed in 0 ms
Hibernate: select nextnumber0_.ncdocty as ncdocty1_3_0_, nextnumber0_.nccid as nccid2_3_0_, nextnumber0_.ncdtin as ncdtin3_3_0_, nextnumber0_.nctmin as nctmin4_3_0_, nextnumber0_.ncuid as ncuid5_3_0_, nextnumber0_.ncdtlu as ncdtlu6_3_0_, nextnumber0_.nctmlu as nctmlu7_3_0_, nextnumber0_.ncuidm as ncuidm8_3_0_, nextnumber0_.ncinmo as ncinmo9_3_0_, nextnumber0_.ncinyr as ncinyr10_3_0_, nextnumber0_.ncrsmt as ncrsmt11_3_0_, nextnumber0_.ncrsat as ncrsat12_3_0_ from t0010n nextnumber0_ where nextnumber0_.ncdocty=?
2018-12-14 17:35:58.860  INFO 9212 --- [    Test worker] o.s.t.c.transaction.TransactionContext   : Rolled back transaction for test: [DefaultTestContext@1a78b581 testClass = NextNumberConstantApiTest, testInstance = ags.goldenlionerp.apiTests.setups.NextNumberConstantApiTest@55a07c86, testMethod = deleteTest@ApiTestBase, testException = [null], mergedContextConfiguration = [WebMergedContextConfiguration@77ea4b55 testClass = NextNumberConstantApiTest, locations = '{}', classes = '{class ags.goldenlionerp.GoldenLionErpApplication}', contextInitializerClasses = '[]', activeProfiles = '{}', propertySourceLocations = '{classpath:test.properties}', propertySourceProperties = '{org.springframework.boot.test.context.SpringBootTestContextBootstrapper=true}', contextCustomizers = set[org.springframework.boot.test.autoconfigure.properties.PropertyMappingContextCustomizer@0, org.springframework.boot.test.autoconfigure.web.servlet.WebDriverContextCustomizerFactory$Customizer@636d731e, [ImportsContextCustomizer@7a0dfe85 key = [ags.goldenlionerp.apiTests.ApiTestBase$TestConfig]], org.springframework.boot.test.context.filter.ExcludeFilterContextCustomizer@6afa5291, org.springframework.boot.test.json.DuplicateJsonObjectContextCustomizerFactory$DuplicateJsonObjectContextCustomizer@20cebcb4, org.springframework.boot.test.mock.mockito.MockitoContextCustomizer@0, org.springframework.boot.test.web.client.TestRestTemplateContextCustomizer@49a32273], resourceBasePath = 'src/main/webapp', contextLoader = 'org.springframework.boot.test.context.SpringBootContextLoader', parent = [null]], attributes = map['org.springframework.test.context.web.ServletTestExecutionListener.activateListener' -> true, 'org.springframework.test.context.web.ServletTestExecutionListener.populatedRequestContextHolder' -> true, 'org.springframework.test.context.web.ServletTestExecutionListener.resetRequestContextHolder' -> true]]
]]></system-out>
  <system-err><![CDATA[]]></system-err>
</testsuite>
