<?xml version="1.0" encoding="UTF-8"?>
<testsuite name="ags.goldenlionerp.apiTests.addresses.BankAccountApiTest" tests="8" skipped="0" failures="0" errors="0" timestamp="2018-12-27T04:25:40" hostname="LAPTOP-FHFRCCL6" time="0.714">
  <properties/>
  <testcase name="updateTestWithPatch" classname="ags.goldenlionerp.apiTests.addresses.BankAccountApiTest" time="0.074"/>
  <testcase name="massUpdateTest" classname="ags.goldenlionerp.apiTests.addresses.BankAccountApiTest" time="0.083"/>
  <testcase name="updateTestWithPut" classname="ags.goldenlionerp.apiTests.addresses.BankAccountApiTest" time="0.037"/>
  <testcase name="getTestSingle" classname="ags.goldenlionerp.apiTests.addresses.BankAccountApiTest" time="0.041"/>
  <testcase name="getTestCollection" classname="ags.goldenlionerp.apiTests.addresses.BankAccountApiTest" time="0.35"/>
  <testcase name="createTestWithPut" classname="ags.goldenlionerp.apiTests.addresses.BankAccountApiTest" time="0.03"/>
  <testcase name="deleteTest" classname="ags.goldenlionerp.apiTests.addresses.BankAccountApiTest" time="0.036"/>
  <testcase name="createTestWithPost" classname="ags.goldenlionerp.apiTests.addresses.BankAccountApiTest" time="0.057"/>
  <system-out><![CDATA[2018-12-27 11:25:40.918  INFO 2120 --- [    Test worker] .b.t.c.SpringBootTestContextBootstrapper : Neither @ContextConfiguration nor @ContextHierarchy found for test class [ags.goldenlionerp.apiTests.addresses.BankAccountApiTest], using SpringBootContextLoader
2018-12-27 11:25:40.919  INFO 2120 --- [    Test worker] o.s.t.c.support.AbstractContextLoader    : Could not detect default resource locations for test class [ags.goldenlionerp.apiTests.addresses.BankAccountApiTest]: no resource found for suffixes {-context.xml, Context.groovy}.
2018-12-27 11:25:40.919  INFO 2120 --- [    Test worker] t.c.s.AnnotationConfigContextLoaderUtils : Could not detect default configuration classes for test class [ags.goldenlionerp.apiTests.addresses.BankAccountApiTest]: BankAccountApiTest does not declare any static, non-private, non-final, nested classes annotated with @Configuration.
2018-12-27 11:25:40.922  INFO 2120 --- [    Test worker] .b.t.c.SpringBootTestContextBootstrapper : Found @SpringBootConfiguration ags.goldenlionerp.GoldenLionErpApplication for test class ags.goldenlionerp.apiTests.addresses.BankAccountApiTest
2018-12-27 11:25:40.924  INFO 2120 --- [    Test worker] .b.t.c.SpringBootTestContextBootstrapper : Loaded default TestExecutionListener class names from location [META-INF/spring.factories]: [org.springframework.security.test.context.support.WithSecurityContextTestExecutionListener, org.springframework.security.test.context.support.ReactorContextTestExecutionListener, org.springframework.boot.test.autoconfigure.restdocs.RestDocsTestExecutionListener, org.springframework.boot.test.autoconfigure.web.client.MockRestServiceServerResetTestExecutionListener, org.springframework.boot.test.autoconfigure.web.servlet.MockMvcPrintOnlyOnFailureTestExecutionListener, org.springframework.boot.test.autoconfigure.web.servlet.WebDriverTestExecutionListener, org.springframework.boot.test.mock.mockito.MockitoTestExecutionListener, org.springframework.boot.test.mock.mockito.ResetMocksTestExecutionListener, org.springframework.test.context.web.ServletTestExecutionListener, org.springframework.test.context.support.DirtiesContextBeforeModesTestExecutionListener, org.springframework.test.context.support.DependencyInjectionTestExecutionListener, org.springframework.test.context.support.DirtiesContextTestExecutionListener, org.springframework.test.context.transaction.TransactionalTestExecutionListener, org.springframework.test.context.jdbc.SqlScriptsTestExecutionListener]
2018-12-27 11:25:40.925  INFO 2120 --- [    Test worker] .b.t.c.SpringBootTestContextBootstrapper : Using TestExecutionListeners: [org.springframework.test.context.web.ServletTestExecutionListener@469dec9b, org.springframework.test.context.support.DirtiesContextBeforeModesTestExecutionListener@24d28645, org.springframework.boot.test.mock.mockito.MockitoTestExecutionListener@5114deff, org.springframework.boot.test.autoconfigure.SpringBootDependencyInjectionTestExecutionListener@219fd445, org.springframework.test.context.support.DirtiesContextTestExecutionListener@84f1dd9, org.springframework.test.context.transaction.TransactionalTestExecutionListener@389f523b, org.springframework.test.context.jdbc.SqlScriptsTestExecutionListener@4f8b90f1, org.springframework.security.test.context.support.WithSecurityContextTestExecutionListener@106948b9, org.springframework.security.test.context.support.ReactorContextTestExecutionListener@60b83eb8, org.springframework.boot.test.autoconfigure.restdocs.RestDocsTestExecutionListener@2274b61e, org.springframework.boot.test.autoconfigure.web.client.MockRestServiceServerResetTestExecutionListener@31ebb6b9, org.springframework.boot.test.autoconfigure.web.servlet.MockMvcPrintOnlyOnFailureTestExecutionListener@6b9d1cbd, org.springframework.boot.test.autoconfigure.web.servlet.WebDriverTestExecutionListener@4a71a288, org.springframework.boot.test.mock.mockito.ResetMocksTestExecutionListener@4db2399e]
2018-12-27 11:25:40.942  INFO 2120 --- [    Test worker] o.s.t.c.transaction.TransactionContext   : Began transaction (1) for test context [DefaultTestContext@185d58f7 testClass = BankAccountApiTest, testInstance = ags.goldenlionerp.apiTests.addresses.BankAccountApiTest@661cdc42, testMethod = updateTestWithPatch@BankAccountApiTest, testException = [null], mergedContextConfiguration = [WebMergedContextConfiguration@4b35d7b1 testClass = BankAccountApiTest, locations = '{}', classes = '{class ags.goldenlionerp.GoldenLionErpApplication}', contextInitializerClasses = '[]', activeProfiles = '{}', propertySourceLocations = '{classpath:test.properties}', propertySourceProperties = '{org.springframework.boot.test.context.SpringBootTestContextBootstrapper=true}', contextCustomizers = set[org.springframework.boot.test.autoconfigure.properties.PropertyMappingContextCustomizer@0, org.springframework.boot.test.autoconfigure.web.servlet.WebDriverContextCustomizerFactory$Customizer@636d731e, [ImportsContextCustomizer@2fa86f40 key = [ags.goldenlionerp.apiTests.ApiTestBase$TestConfig]], org.springframework.boot.test.context.filter.ExcludeFilterContextCustomizer@6afa5291, org.springframework.boot.test.json.DuplicateJsonObjectContextCustomizerFactory$DuplicateJsonObjectContextCustomizer@20cebcb4, org.springframework.boot.test.mock.mockito.MockitoContextCustomizer@0, org.springframework.boot.test.web.client.TestRestTemplateContextCustomizer@49a32273], resourceBasePath = 'src/main/webapp', contextLoader = 'org.springframework.boot.test.context.SpringBootContextLoader', parent = [null]], attributes = map['org.springframework.test.context.web.ServletTestExecutionListener.activateListener' -> true, 'org.springframework.test.context.web.ServletTestExecutionListener.populatedRequestContextHolder' -> true, 'org.springframework.test.context.web.ServletTestExecutionListener.resetRequestContextHolder' -> true]]; transaction manager [org.springframework.orm.jpa.JpaTransactionManager@75de8c12]; rollback [true]
2018-12-27 11:25:40.943  INFO 2120 --- [    Test worker] o.s.b.t.m.w.SpringBootMockServletContext : Initializing Spring FrameworkServlet ''
2018-12-27 11:25:40.943  INFO 2120 --- [    Test worker] o.s.t.web.servlet.TestDispatcherServlet  : FrameworkServlet '': initialization started
2018-12-27 11:25:40.947  INFO 2120 --- [    Test worker] o.s.t.web.servlet.TestDispatcherServlet  : FrameworkServlet '': initialization completed in 4 ms
Hibernate: select addressboo0_.adanum as adanum1_16_0_, addressboo0_.adcid as adcid2_16_0_, addressboo0_.addtin as addtin3_16_0_, addressboo0_.adtmin as adtmin4_16_0_, addressboo0_.aduid as aduid5_16_0_, addressboo0_.addtlu as addtlu6_16_0_, addressboo0_.adtmlu as adtmlu7_16_0_, addressboo0_.aduidm as aduidm8_16_0_, addressboo0_.adap as adap9_16_0_, addressboo0_.adar as adar10_16_0_, addressboo0_.adbuid as adbuid11_16_0_, addressboo0_.adcc01 as adcc12_16_0_, addressboo0_.adcc02 as adcc13_16_0_, addressboo0_.adcc03 as adcc14_16_0_, addressboo0_.adcc04 as adcc15_16_0_, addressboo0_.adcc05 as adcc16_16_0_, addressboo0_.adcc06 as adcc17_16_0_, addressboo0_.adcc07 as adcc18_16_0_, addressboo0_.adcc08 as adcc19_16_0_, addressboo0_.adcc09 as adcc20_16_0_, addressboo0_.adcc10 as adcc21_16_0_, addressboo0_.adempl as adempl22_16_0_, addressboo0_.adtmlt as adtmlt23_16_0_, addressboo0_.adlan as adlan24_16_0_, addressboo0_.admlnm as admlnm25_16_0_, addressboo0_.adnm as adnm26_16_0_, addressboo0_.adpan as adpan27_16_0_, addressboo0_.adrecid as adrecid28_16_0_, addressboo0_.adrlid0 as adrlid29_16_0_, addressboo0_.adrlid2 as adrlid30_16_0_, addressboo0_.adrlid3 as adrlid31_16_0_, addressboo0_.adrlid4 as adrlid32_16_0_, addressboo0_.adrlid5 as adrlid33_16_0_, addressboo0_.adrlid6 as adrlid34_16_0_, addressboo0_.adrlid7 as adrlid35_16_0_, addressboo0_.adrlid8 as adrlid36_16_0_, addressboo0_.adrlid9 as adrlid37_16_0_, addressboo0_.adrlid1 as adrlid38_16_0_, addressboo0_.adst as adst39_16_0_, addressboo0_.adtaxid as adtaxid40_16_0_ from t0101 addressboo0_ where addressboo0_.adanum=?
Hibernate: select addresshis0_.eaanum as eaanum1_19_0_, addresshis0_.earecid as earecid2_19_0_, addresshis0_.eaanum as eaanum1_19_1_, addresshis0_.earecid as earecid2_19_1_, addresshis0_.eacid as eacid3_19_1_, addresshis0_.eadtin as eadtin4_19_1_, addresshis0_.eatmin as eatmin5_19_1_, addresshis0_.eauid as eauid6_19_1_, addresshis0_.eadtlu as eadtlu7_19_1_, addresshis0_.eatmlu as eatmlu8_19_1_, addresshis0_.eauidm as eauidm9_19_1_, addresshis0_.eadtls as eadtls10_19_1_, addresshis0_.eaaddr1 as eaaddr11_19_1_, addresshis0_.eaaddr2 as eaaddr12_19_1_, addresshis0_.eaaddr3 as eaaddr13_19_1_, addresshis0_.eaaddr4 as eaaddr14_19_1_, addresshis0_.eacity as eacity15_19_1_, addresshis0_.eacntry as eacntry16_19_1_, addresshis0_.eacnty as eacnty17_19_1_, addresshis0_.eaefdt as eaefdt18_19_1_, addresshis0_.eaemail as eaemail19_19_1_, addresshis0_.eanau as eanau20_19_1_, addresshis0_.eanou as eanou21_19_1_, addresshis0_.eapoldis as eapoldi22_19_1_, addresshis0_.eapscd as eapscd23_19_1_, addresshis0_.eastate as eastate24_19_1_, addresshis0_.easubdis as easubdi25_19_1_ from t0104 addresshis0_ where addresshis0_.eaanum=?
Hibernate: select bankaccoun0_.baanum as baanum1_20_0_, bankaccoun0_.babankac as babankac2_20_0_, bankaccoun0_.babankid as babankid3_20_0_, bankaccoun0_.bacid as bacid4_20_0_, bankaccoun0_.badtin as badtin5_20_0_, bankaccoun0_.batmin as batmin6_20_0_, bankaccoun0_.bauid as bauid7_20_0_, bankaccoun0_.badtlu as badtlu8_20_0_, bankaccoun0_.batmlu as batmlu9_20_0_, bankaccoun0_.bauidm as bauidm10_20_0_, bankaccoun0_.badtls as badtls11_20_0_, bankaccoun0_.badesb1 as badesb12_20_0_ from t0105 bankaccoun0_ where bankaccoun0_.baanum=? and bankaccoun0_.babankac=? and bankaccoun0_.babankid=?
Hibernate: update t0105 set bacid=?, badtlu=?, batmlu=?, bauidm=?, badtls=?, badesb1=? where baanum=? and babankac=? and babankid=?
Hibernate: select bankaccoun0_.baanum as baanum1_20_0_, bankaccoun0_.babankac as babankac2_20_0_, bankaccoun0_.babankid as babankid3_20_0_, bankaccoun0_.bacid as bacid4_20_0_, bankaccoun0_.badtin as badtin5_20_0_, bankaccoun0_.batmin as batmin6_20_0_, bankaccoun0_.bauid as bauid7_20_0_, bankaccoun0_.badtlu as badtlu8_20_0_, bankaccoun0_.batmlu as batmlu9_20_0_, bankaccoun0_.bauidm as bauidm10_20_0_, bankaccoun0_.badtls as badtls11_20_0_, bankaccoun0_.badesb1 as badesb12_20_0_ from t0105 bankaccoun0_ where bankaccoun0_.baanum=? and bankaccoun0_.babankac=? and bankaccoun0_.babankid=?
2018-12-27 11:25:41.016  INFO 2120 --- [    Test worker] o.s.t.c.transaction.TransactionContext   : Rolled back transaction for test: [DefaultTestContext@185d58f7 testClass = BankAccountApiTest, testInstance = ags.goldenlionerp.apiTests.addresses.BankAccountApiTest@661cdc42, testMethod = updateTestWithPatch@BankAccountApiTest, testException = [null], mergedContextConfiguration = [WebMergedContextConfiguration@4b35d7b1 testClass = BankAccountApiTest, locations = '{}', classes = '{class ags.goldenlionerp.GoldenLionErpApplication}', contextInitializerClasses = '[]', activeProfiles = '{}', propertySourceLocations = '{classpath:test.properties}', propertySourceProperties = '{org.springframework.boot.test.context.SpringBootTestContextBootstrapper=true}', contextCustomizers = set[org.springframework.boot.test.autoconfigure.properties.PropertyMappingContextCustomizer@0, org.springframework.boot.test.autoconfigure.web.servlet.WebDriverContextCustomizerFactory$Customizer@636d731e, [ImportsContextCustomizer@2fa86f40 key = [ags.goldenlionerp.apiTests.ApiTestBase$TestConfig]], org.springframework.boot.test.context.filter.ExcludeFilterContextCustomizer@6afa5291, org.springframework.boot.test.json.DuplicateJsonObjectContextCustomizerFactory$DuplicateJsonObjectContextCustomizer@20cebcb4, org.springframework.boot.test.mock.mockito.MockitoContextCustomizer@0, org.springframework.boot.test.web.client.TestRestTemplateContextCustomizer@49a32273], resourceBasePath = 'src/main/webapp', contextLoader = 'org.springframework.boot.test.context.SpringBootContextLoader', parent = [null]], attributes = map['org.springframework.test.context.web.ServletTestExecutionListener.activateListener' -> true, 'org.springframework.test.context.web.ServletTestExecutionListener.populatedRequestContextHolder' -> true, 'org.springframework.test.context.web.ServletTestExecutionListener.resetRequestContextHolder' -> true]]
2018-12-27 11:25:41.019  INFO 2120 --- [    Test worker] o.s.t.c.transaction.TransactionContext   : Began transaction (1) for test context [DefaultTestContext@185d58f7 testClass = BankAccountApiTest, testInstance = ags.goldenlionerp.apiTests.addresses.BankAccountApiTest@7c02b34, testMethod = massUpdateTest@ApiTestBaseMassUpdate, testException = [null], mergedContextConfiguration = [WebMergedContextConfiguration@4b35d7b1 testClass = BankAccountApiTest, locations = '{}', classes = '{class ags.goldenlionerp.GoldenLionErpApplication}', contextInitializerClasses = '[]', activeProfiles = '{}', propertySourceLocations = '{classpath:test.properties}', propertySourceProperties = '{org.springframework.boot.test.context.SpringBootTestContextBootstrapper=true}', contextCustomizers = set[org.springframework.boot.test.autoconfigure.properties.PropertyMappingContextCustomizer@0, org.springframework.boot.test.autoconfigure.web.servlet.WebDriverContextCustomizerFactory$Customizer@636d731e, [ImportsContextCustomizer@2fa86f40 key = [ags.goldenlionerp.apiTests.ApiTestBase$TestConfig]], org.springframework.boot.test.context.filter.ExcludeFilterContextCustomizer@6afa5291, org.springframework.boot.test.json.DuplicateJsonObjectContextCustomizerFactory$DuplicateJsonObjectContextCustomizer@20cebcb4, org.springframework.boot.test.mock.mockito.MockitoContextCustomizer@0, org.springframework.boot.test.web.client.TestRestTemplateContextCustomizer@49a32273], resourceBasePath = 'src/main/webapp', contextLoader = 'org.springframework.boot.test.context.SpringBootContextLoader', parent = [null]], attributes = map['org.springframework.test.context.web.ServletTestExecutionListener.activateListener' -> true, 'org.springframework.test.context.web.ServletTestExecutionListener.populatedRequestContextHolder' -> true, 'org.springframework.test.context.web.ServletTestExecutionListener.resetRequestContextHolder' -> true]]; transaction manager [org.springframework.orm.jpa.JpaTransactionManager@75de8c12]; rollback [true]
2018-12-27 11:25:41.020  INFO 2120 --- [    Test worker] o.s.b.t.m.w.SpringBootMockServletContext : Initializing Spring FrameworkServlet ''
2018-12-27 11:25:41.020  INFO 2120 --- [    Test worker] o.s.t.web.servlet.TestDispatcherServlet  : FrameworkServlet '': initialization started
2018-12-27 11:25:41.025  INFO 2120 --- [    Test worker] o.s.t.web.servlet.TestDispatcherServlet  : FrameworkServlet '': initialization completed in 5 ms
Hibernate: select addressboo0_.adanum as adanum1_16_0_, addressboo0_.adcid as adcid2_16_0_, addressboo0_.addtin as addtin3_16_0_, addressboo0_.adtmin as adtmin4_16_0_, addressboo0_.aduid as aduid5_16_0_, addressboo0_.addtlu as addtlu6_16_0_, addressboo0_.adtmlu as adtmlu7_16_0_, addressboo0_.aduidm as aduidm8_16_0_, addressboo0_.adap as adap9_16_0_, addressboo0_.adar as adar10_16_0_, addressboo0_.adbuid as adbuid11_16_0_, addressboo0_.adcc01 as adcc12_16_0_, addressboo0_.adcc02 as adcc13_16_0_, addressboo0_.adcc03 as adcc14_16_0_, addressboo0_.adcc04 as adcc15_16_0_, addressboo0_.adcc05 as adcc16_16_0_, addressboo0_.adcc06 as adcc17_16_0_, addressboo0_.adcc07 as adcc18_16_0_, addressboo0_.adcc08 as adcc19_16_0_, addressboo0_.adcc09 as adcc20_16_0_, addressboo0_.adcc10 as adcc21_16_0_, addressboo0_.adempl as adempl22_16_0_, addressboo0_.adtmlt as adtmlt23_16_0_, addressboo0_.adlan as adlan24_16_0_, addressboo0_.admlnm as admlnm25_16_0_, addressboo0_.adnm as adnm26_16_0_, addressboo0_.adpan as adpan27_16_0_, addressboo0_.adrecid as adrecid28_16_0_, addressboo0_.adrlid0 as adrlid29_16_0_, addressboo0_.adrlid2 as adrlid30_16_0_, addressboo0_.adrlid3 as adrlid31_16_0_, addressboo0_.adrlid4 as adrlid32_16_0_, addressboo0_.adrlid5 as adrlid33_16_0_, addressboo0_.adrlid6 as adrlid34_16_0_, addressboo0_.adrlid7 as adrlid35_16_0_, addressboo0_.adrlid8 as adrlid36_16_0_, addressboo0_.adrlid9 as adrlid37_16_0_, addressboo0_.adrlid1 as adrlid38_16_0_, addressboo0_.adst as adst39_16_0_, addressboo0_.adtaxid as adtaxid40_16_0_ from t0101 addressboo0_ where addressboo0_.adanum=?
Hibernate: select addresshis0_.eaanum as eaanum1_19_0_, addresshis0_.earecid as earecid2_19_0_, addresshis0_.eaanum as eaanum1_19_1_, addresshis0_.earecid as earecid2_19_1_, addresshis0_.eacid as eacid3_19_1_, addresshis0_.eadtin as eadtin4_19_1_, addresshis0_.eatmin as eatmin5_19_1_, addresshis0_.eauid as eauid6_19_1_, addresshis0_.eadtlu as eadtlu7_19_1_, addresshis0_.eatmlu as eatmlu8_19_1_, addresshis0_.eauidm as eauidm9_19_1_, addresshis0_.eadtls as eadtls10_19_1_, addresshis0_.eaaddr1 as eaaddr11_19_1_, addresshis0_.eaaddr2 as eaaddr12_19_1_, addresshis0_.eaaddr3 as eaaddr13_19_1_, addresshis0_.eaaddr4 as eaaddr14_19_1_, addresshis0_.eacity as eacity15_19_1_, addresshis0_.eacntry as eacntry16_19_1_, addresshis0_.eacnty as eacnty17_19_1_, addresshis0_.eaefdt as eaefdt18_19_1_, addresshis0_.eaemail as eaemail19_19_1_, addresshis0_.eanau as eanau20_19_1_, addresshis0_.eanou as eanou21_19_1_, addresshis0_.eapoldis as eapoldi22_19_1_, addresshis0_.eapscd as eapscd23_19_1_, addresshis0_.eastate as eastate24_19_1_, addresshis0_.easubdis as easubdi25_19_1_ from t0104 addresshis0_ where addresshis0_.eaanum=?
Hibernate: select bankaccoun0_.baanum as baanum1_20_0_, bankaccoun0_.babankac as babankac2_20_0_, bankaccoun0_.babankid as babankid3_20_0_, bankaccoun0_.bacid as bacid4_20_0_, bankaccoun0_.badtin as badtin5_20_0_, bankaccoun0_.batmin as batmin6_20_0_, bankaccoun0_.bauid as bauid7_20_0_, bankaccoun0_.badtlu as badtlu8_20_0_, bankaccoun0_.batmlu as batmlu9_20_0_, bankaccoun0_.bauidm as bauidm10_20_0_, bankaccoun0_.badtls as badtls11_20_0_, bankaccoun0_.badesb1 as badesb12_20_0_ from t0105 bankaccoun0_ where bankaccoun0_.baanum=? and bankaccoun0_.babankac=? and bankaccoun0_.babankid=?
Hibernate: select bankaccoun0_.baanum as baanum1_20_, bankaccoun0_.babankac as babankac2_20_, bankaccoun0_.babankid as babankid3_20_, bankaccoun0_.bacid as bacid4_20_, bankaccoun0_.badtin as badtin5_20_, bankaccoun0_.batmin as batmin6_20_, bankaccoun0_.bauid as bauid7_20_, bankaccoun0_.badtlu as badtlu8_20_, bankaccoun0_.batmlu as batmlu9_20_, bankaccoun0_.bauidm as bauidm10_20_, bankaccoun0_.badtls as badtls11_20_, bankaccoun0_.badesb1 as badesb12_20_ from t0105 bankaccoun0_ where bankaccoun0_.baanum=?
Hibernate: select bankaccoun0_.baanum as baanum1_20_0_, bankaccoun0_.babankac as babankac2_20_0_, bankaccoun0_.babankid as babankid3_20_0_, bankaccoun0_.bacid as bacid4_20_0_, bankaccoun0_.badtin as badtin5_20_0_, bankaccoun0_.batmin as batmin6_20_0_, bankaccoun0_.bauid as bauid7_20_0_, bankaccoun0_.badtlu as badtlu8_20_0_, bankaccoun0_.batmlu as batmlu9_20_0_, bankaccoun0_.bauidm as bauidm10_20_0_, bankaccoun0_.badtls as badtls11_20_0_, bankaccoun0_.badesb1 as badesb12_20_0_ from t0105 bankaccoun0_ where bankaccoun0_.baanum=? and bankaccoun0_.babankac=? and bankaccoun0_.babankid=?
Hibernate: insert into t0105 (bacid, badtin, batmin, bauid, badtlu, batmlu, bauidm, badtls, badesb1, baanum, babankac, babankid) values (?, ?, ?, ?, ?, ?, ?, ?, ?, ?, ?, ?)
Hibernate: select bankaccoun0_.baanum as baanum1_20_, bankaccoun0_.babankac as babankac2_20_, bankaccoun0_.babankid as babankid3_20_, bankaccoun0_.bacid as bacid4_20_, bankaccoun0_.badtin as badtin5_20_, bankaccoun0_.batmin as batmin6_20_, bankaccoun0_.bauid as bauid7_20_, bankaccoun0_.badtlu as badtlu8_20_, bankaccoun0_.batmlu as batmlu9_20_, bankaccoun0_.bauidm as bauidm10_20_, bankaccoun0_.badtls as badtls11_20_, bankaccoun0_.badesb1 as badesb12_20_ from t0105 bankaccoun0_ where bankaccoun0_.baanum=?
Hibernate: update t0105 set bacid=?, badtlu=?, batmlu=?, bauidm=?, badtls=?, badesb1=? where baanum=? and babankac=? and babankid=?
Hibernate: select bankaccoun0_.baanum as baanum1_20_0_, bankaccoun0_.babankac as babankac2_20_0_, bankaccoun0_.babankid as babankid3_20_0_, bankaccoun0_.bacid as bacid4_20_0_, bankaccoun0_.badtin as badtin5_20_0_, bankaccoun0_.batmin as batmin6_20_0_, bankaccoun0_.bauid as bauid7_20_0_, bankaccoun0_.badtlu as badtlu8_20_0_, bankaccoun0_.batmlu as batmlu9_20_0_, bankaccoun0_.bauidm as bauidm10_20_0_, bankaccoun0_.badtls as badtls11_20_0_, bankaccoun0_.badesb1 as badesb12_20_0_ from t0105 bankaccoun0_ where bankaccoun0_.baanum=? and bankaccoun0_.babankac=? and bankaccoun0_.babankid=?
Hibernate: select bankaccoun0_.baanum as baanum1_20_0_, bankaccoun0_.babankac as babankac2_20_0_, bankaccoun0_.babankid as babankid3_20_0_, bankaccoun0_.bacid as bacid4_20_0_, bankaccoun0_.badtin as badtin5_20_0_, bankaccoun0_.batmin as batmin6_20_0_, bankaccoun0_.bauid as bauid7_20_0_, bankaccoun0_.badtlu as badtlu8_20_0_, bankaccoun0_.batmlu as batmlu9_20_0_, bankaccoun0_.bauidm as bauidm10_20_0_, bankaccoun0_.badtls as badtls11_20_0_, bankaccoun0_.badesb1 as badesb12_20_0_ from t0105 bankaccoun0_ where bankaccoun0_.baanum=? and bankaccoun0_.babankac=? and bankaccoun0_.babankid=?
2018-12-27 11:25:41.099  INFO 2120 --- [    Test worker] o.s.t.c.transaction.TransactionContext   : Rolled back transaction for test: [DefaultTestContext@185d58f7 testClass = BankAccountApiTest, testInstance = ags.goldenlionerp.apiTests.addresses.BankAccountApiTest@7c02b34, testMethod = massUpdateTest@ApiTestBaseMassUpdate, testException = [null], mergedContextConfiguration = [WebMergedContextConfiguration@4b35d7b1 testClass = BankAccountApiTest, locations = '{}', classes = '{class ags.goldenlionerp.GoldenLionErpApplication}', contextInitializerClasses = '[]', activeProfiles = '{}', propertySourceLocations = '{classpath:test.properties}', propertySourceProperties = '{org.springframework.boot.test.context.SpringBootTestContextBootstrapper=true}', contextCustomizers = set[org.springframework.boot.test.autoconfigure.properties.PropertyMappingContextCustomizer@0, org.springframework.boot.test.autoconfigure.web.servlet.WebDriverContextCustomizerFactory$Customizer@636d731e, [ImportsContextCustomizer@2fa86f40 key = [ags.goldenlionerp.apiTests.ApiTestBase$TestConfig]], org.springframework.boot.test.context.filter.ExcludeFilterContextCustomizer@6afa5291, org.springframework.boot.test.json.DuplicateJsonObjectContextCustomizerFactory$DuplicateJsonObjectContextCustomizer@20cebcb4, org.springframework.boot.test.mock.mockito.MockitoContextCustomizer@0, org.springframework.boot.test.web.client.TestRestTemplateContextCustomizer@49a32273], resourceBasePath = 'src/main/webapp', contextLoader = 'org.springframework.boot.test.context.SpringBootContextLoader', parent = [null]], attributes = map['org.springframework.test.context.web.ServletTestExecutionListener.activateListener' -> true, 'org.springframework.test.context.web.ServletTestExecutionListener.populatedRequestContextHolder' -> true, 'org.springframework.test.context.web.ServletTestExecutionListener.resetRequestContextHolder' -> true]]
2018-12-27 11:25:41.102  INFO 2120 --- [    Test worker] o.s.t.c.transaction.TransactionContext   : Began transaction (1) for test context [DefaultTestContext@185d58f7 testClass = BankAccountApiTest, testInstance = ags.goldenlionerp.apiTests.addresses.BankAccountApiTest@670ef036, testMethod = updateTestWithPut@ApiTestBase, testException = [null], mergedContextConfiguration = [WebMergedContextConfiguration@4b35d7b1 testClass = BankAccountApiTest, locations = '{}', classes = '{class ags.goldenlionerp.GoldenLionErpApplication}', contextInitializerClasses = '[]', activeProfiles = '{}', propertySourceLocations = '{classpath:test.properties}', propertySourceProperties = '{org.springframework.boot.test.context.SpringBootTestContextBootstrapper=true}', contextCustomizers = set[org.springframework.boot.test.autoconfigure.properties.PropertyMappingContextCustomizer@0, org.springframework.boot.test.autoconfigure.web.servlet.WebDriverContextCustomizerFactory$Customizer@636d731e, [ImportsContextCustomizer@2fa86f40 key = [ags.goldenlionerp.apiTests.ApiTestBase$TestConfig]], org.springframework.boot.test.context.filter.ExcludeFilterContextCustomizer@6afa5291, org.springframework.boot.test.json.DuplicateJsonObjectContextCustomizerFactory$DuplicateJsonObjectContextCustomizer@20cebcb4, org.springframework.boot.test.mock.mockito.MockitoContextCustomizer@0, org.springframework.boot.test.web.client.TestRestTemplateContextCustomizer@49a32273], resourceBasePath = 'src/main/webapp', contextLoader = 'org.springframework.boot.test.context.SpringBootContextLoader', parent = [null]], attributes = map['org.springframework.test.context.web.ServletTestExecutionListener.activateListener' -> true, 'org.springframework.test.context.web.ServletTestExecutionListener.populatedRequestContextHolder' -> true, 'org.springframework.test.context.web.ServletTestExecutionListener.resetRequestContextHolder' -> true]]; transaction manager [org.springframework.orm.jpa.JpaTransactionManager@75de8c12]; rollback [true]
2018-12-27 11:25:41.103  INFO 2120 --- [    Test worker] o.s.b.t.m.w.SpringBootMockServletContext : Initializing Spring FrameworkServlet ''
2018-12-27 11:25:41.103  INFO 2120 --- [    Test worker] o.s.t.web.servlet.TestDispatcherServlet  : FrameworkServlet '': initialization started
2018-12-27 11:25:41.109  INFO 2120 --- [    Test worker] o.s.t.web.servlet.TestDispatcherServlet  : FrameworkServlet '': initialization completed in 6 ms
Hibernate: select addressboo0_.adanum as adanum1_16_0_, addressboo0_.adcid as adcid2_16_0_, addressboo0_.addtin as addtin3_16_0_, addressboo0_.adtmin as adtmin4_16_0_, addressboo0_.aduid as aduid5_16_0_, addressboo0_.addtlu as addtlu6_16_0_, addressboo0_.adtmlu as adtmlu7_16_0_, addressboo0_.aduidm as aduidm8_16_0_, addressboo0_.adap as adap9_16_0_, addressboo0_.adar as adar10_16_0_, addressboo0_.adbuid as adbuid11_16_0_, addressboo0_.adcc01 as adcc12_16_0_, addressboo0_.adcc02 as adcc13_16_0_, addressboo0_.adcc03 as adcc14_16_0_, addressboo0_.adcc04 as adcc15_16_0_, addressboo0_.adcc05 as adcc16_16_0_, addressboo0_.adcc06 as adcc17_16_0_, addressboo0_.adcc07 as adcc18_16_0_, addressboo0_.adcc08 as adcc19_16_0_, addressboo0_.adcc09 as adcc20_16_0_, addressboo0_.adcc10 as adcc21_16_0_, addressboo0_.adempl as adempl22_16_0_, addressboo0_.adtmlt as adtmlt23_16_0_, addressboo0_.adlan as adlan24_16_0_, addressboo0_.admlnm as admlnm25_16_0_, addressboo0_.adnm as adnm26_16_0_, addressboo0_.adpan as adpan27_16_0_, addressboo0_.adrecid as adrecid28_16_0_, addressboo0_.adrlid0 as adrlid29_16_0_, addressboo0_.adrlid2 as adrlid30_16_0_, addressboo0_.adrlid3 as adrlid31_16_0_, addressboo0_.adrlid4 as adrlid32_16_0_, addressboo0_.adrlid5 as adrlid33_16_0_, addressboo0_.adrlid6 as adrlid34_16_0_, addressboo0_.adrlid7 as adrlid35_16_0_, addressboo0_.adrlid8 as adrlid36_16_0_, addressboo0_.adrlid9 as adrlid37_16_0_, addressboo0_.adrlid1 as adrlid38_16_0_, addressboo0_.adst as adst39_16_0_, addressboo0_.adtaxid as adtaxid40_16_0_ from t0101 addressboo0_ where addressboo0_.adanum=?
Hibernate: select addresshis0_.eaanum as eaanum1_19_0_, addresshis0_.earecid as earecid2_19_0_, addresshis0_.eaanum as eaanum1_19_1_, addresshis0_.earecid as earecid2_19_1_, addresshis0_.eacid as eacid3_19_1_, addresshis0_.eadtin as eadtin4_19_1_, addresshis0_.eatmin as eatmin5_19_1_, addresshis0_.eauid as eauid6_19_1_, addresshis0_.eadtlu as eadtlu7_19_1_, addresshis0_.eatmlu as eatmlu8_19_1_, addresshis0_.eauidm as eauidm9_19_1_, addresshis0_.eadtls as eadtls10_19_1_, addresshis0_.eaaddr1 as eaaddr11_19_1_, addresshis0_.eaaddr2 as eaaddr12_19_1_, addresshis0_.eaaddr3 as eaaddr13_19_1_, addresshis0_.eaaddr4 as eaaddr14_19_1_, addresshis0_.eacity as eacity15_19_1_, addresshis0_.eacntry as eacntry16_19_1_, addresshis0_.eacnty as eacnty17_19_1_, addresshis0_.eaefdt as eaefdt18_19_1_, addresshis0_.eaemail as eaemail19_19_1_, addresshis0_.eanau as eanau20_19_1_, addresshis0_.eanou as eanou21_19_1_, addresshis0_.eapoldis as eapoldi22_19_1_, addresshis0_.eapscd as eapscd23_19_1_, addresshis0_.eastate as eastate24_19_1_, addresshis0_.easubdis as easubdi25_19_1_ from t0104 addresshis0_ where addresshis0_.eaanum=?
Hibernate: select bankaccoun0_.baanum as baanum1_20_0_, bankaccoun0_.babankac as babankac2_20_0_, bankaccoun0_.babankid as babankid3_20_0_, bankaccoun0_.bacid as bacid4_20_0_, bankaccoun0_.badtin as badtin5_20_0_, bankaccoun0_.batmin as batmin6_20_0_, bankaccoun0_.bauid as bauid7_20_0_, bankaccoun0_.badtlu as badtlu8_20_0_, bankaccoun0_.batmlu as batmlu9_20_0_, bankaccoun0_.bauidm as bauidm10_20_0_, bankaccoun0_.badtls as badtls11_20_0_, bankaccoun0_.badesb1 as badesb12_20_0_ from t0105 bankaccoun0_ where bankaccoun0_.baanum=? and bankaccoun0_.babankac=? and bankaccoun0_.babankid=?
2018-12-27 11:25:41.137  INFO 2120 --- [    Test worker] o.s.t.c.transaction.TransactionContext   : Rolled back transaction for test: [DefaultTestContext@185d58f7 testClass = BankAccountApiTest, testInstance = ags.goldenlionerp.apiTests.addresses.BankAccountApiTest@670ef036, testMethod = updateTestWithPut@ApiTestBase, testException = [null], mergedContextConfiguration = [WebMergedContextConfiguration@4b35d7b1 testClass = BankAccountApiTest, locations = '{}', classes = '{class ags.goldenlionerp.GoldenLionErpApplication}', contextInitializerClasses = '[]', activeProfiles = '{}', propertySourceLocations = '{classpath:test.properties}', propertySourceProperties = '{org.springframework.boot.test.context.SpringBootTestContextBootstrapper=true}', contextCustomizers = set[org.springframework.boot.test.autoconfigure.properties.PropertyMappingContextCustomizer@0, org.springframework.boot.test.autoconfigure.web.servlet.WebDriverContextCustomizerFactory$Customizer@636d731e, [ImportsContextCustomizer@2fa86f40 key = [ags.goldenlionerp.apiTests.ApiTestBase$TestConfig]], org.springframework.boot.test.context.filter.ExcludeFilterContextCustomizer@6afa5291, org.springframework.boot.test.json.DuplicateJsonObjectContextCustomizerFactory$DuplicateJsonObjectContextCustomizer@20cebcb4, org.springframework.boot.test.mock.mockito.MockitoContextCustomizer@0, org.springframework.boot.test.web.client.TestRestTemplateContextCustomizer@49a32273], resourceBasePath = 'src/main/webapp', contextLoader = 'org.springframework.boot.test.context.SpringBootContextLoader', parent = [null]], attributes = map['org.springframework.test.context.web.ServletTestExecutionListener.activateListener' -> true, 'org.springframework.test.context.web.ServletTestExecutionListener.populatedRequestContextHolder' -> true, 'org.springframework.test.context.web.ServletTestExecutionListener.resetRequestContextHolder' -> true]]
2018-12-27 11:25:41.139  INFO 2120 --- [    Test worker] o.s.t.c.transaction.TransactionContext   : Began transaction (1) for test context [DefaultTestContext@185d58f7 testClass = BankAccountApiTest, testInstance = ags.goldenlionerp.apiTests.addresses.BankAccountApiTest@5a98e301, testMethod = getTestSingle@ApiTestBase, testException = [null], mergedContextConfiguration = [WebMergedContextConfiguration@4b35d7b1 testClass = BankAccountApiTest, locations = '{}', classes = '{class ags.goldenlionerp.GoldenLionErpApplication}', contextInitializerClasses = '[]', activeProfiles = '{}', propertySourceLocations = '{classpath:test.properties}', propertySourceProperties = '{org.springframework.boot.test.context.SpringBootTestContextBootstrapper=true}', contextCustomizers = set[org.springframework.boot.test.autoconfigure.properties.PropertyMappingContextCustomizer@0, org.springframework.boot.test.autoconfigure.web.servlet.WebDriverContextCustomizerFactory$Customizer@636d731e, [ImportsContextCustomizer@2fa86f40 key = [ags.goldenlionerp.apiTests.ApiTestBase$TestConfig]], org.springframework.boot.test.context.filter.ExcludeFilterContextCustomizer@6afa5291, org.springframework.boot.test.json.DuplicateJsonObjectContextCustomizerFactory$DuplicateJsonObjectContextCustomizer@20cebcb4, org.springframework.boot.test.mock.mockito.MockitoContextCustomizer@0, org.springframework.boot.test.web.client.TestRestTemplateContextCustomizer@49a32273], resourceBasePath = 'src/main/webapp', contextLoader = 'org.springframework.boot.test.context.SpringBootContextLoader', parent = [null]], attributes = map['org.springframework.test.context.web.ServletTestExecutionListener.activateListener' -> true, 'org.springframework.test.context.web.ServletTestExecutionListener.populatedRequestContextHolder' -> true, 'org.springframework.test.context.web.ServletTestExecutionListener.resetRequestContextHolder' -> true]]; transaction manager [org.springframework.orm.jpa.JpaTransactionManager@75de8c12]; rollback [true]
2018-12-27 11:25:41.140  INFO 2120 --- [    Test worker] o.s.b.t.m.w.SpringBootMockServletContext : Initializing Spring FrameworkServlet ''
2018-12-27 11:25:41.140  INFO 2120 --- [    Test worker] o.s.t.web.servlet.TestDispatcherServlet  : FrameworkServlet '': initialization started
2018-12-27 11:25:41.147  INFO 2120 --- [    Test worker] o.s.t.web.servlet.TestDispatcherServlet  : FrameworkServlet '': initialization completed in 6 ms
Hibernate: select addressboo0_.adanum as adanum1_16_0_, addressboo0_.adcid as adcid2_16_0_, addressboo0_.addtin as addtin3_16_0_, addressboo0_.adtmin as adtmin4_16_0_, addressboo0_.aduid as aduid5_16_0_, addressboo0_.addtlu as addtlu6_16_0_, addressboo0_.adtmlu as adtmlu7_16_0_, addressboo0_.aduidm as aduidm8_16_0_, addressboo0_.adap as adap9_16_0_, addressboo0_.adar as adar10_16_0_, addressboo0_.adbuid as adbuid11_16_0_, addressboo0_.adcc01 as adcc12_16_0_, addressboo0_.adcc02 as adcc13_16_0_, addressboo0_.adcc03 as adcc14_16_0_, addressboo0_.adcc04 as adcc15_16_0_, addressboo0_.adcc05 as adcc16_16_0_, addressboo0_.adcc06 as adcc17_16_0_, addressboo0_.adcc07 as adcc18_16_0_, addressboo0_.adcc08 as adcc19_16_0_, addressboo0_.adcc09 as adcc20_16_0_, addressboo0_.adcc10 as adcc21_16_0_, addressboo0_.adempl as adempl22_16_0_, addressboo0_.adtmlt as adtmlt23_16_0_, addressboo0_.adlan as adlan24_16_0_, addressboo0_.admlnm as admlnm25_16_0_, addressboo0_.adnm as adnm26_16_0_, addressboo0_.adpan as adpan27_16_0_, addressboo0_.adrecid as adrecid28_16_0_, addressboo0_.adrlid0 as adrlid29_16_0_, addressboo0_.adrlid2 as adrlid30_16_0_, addressboo0_.adrlid3 as adrlid31_16_0_, addressboo0_.adrlid4 as adrlid32_16_0_, addressboo0_.adrlid5 as adrlid33_16_0_, addressboo0_.adrlid6 as adrlid34_16_0_, addressboo0_.adrlid7 as adrlid35_16_0_, addressboo0_.adrlid8 as adrlid36_16_0_, addressboo0_.adrlid9 as adrlid37_16_0_, addressboo0_.adrlid1 as adrlid38_16_0_, addressboo0_.adst as adst39_16_0_, addressboo0_.adtaxid as adtaxid40_16_0_ from t0101 addressboo0_ where addressboo0_.adanum=?
Hibernate: select addresshis0_.eaanum as eaanum1_19_0_, addresshis0_.earecid as earecid2_19_0_, addresshis0_.eaanum as eaanum1_19_1_, addresshis0_.earecid as earecid2_19_1_, addresshis0_.eacid as eacid3_19_1_, addresshis0_.eadtin as eadtin4_19_1_, addresshis0_.eatmin as eatmin5_19_1_, addresshis0_.eauid as eauid6_19_1_, addresshis0_.eadtlu as eadtlu7_19_1_, addresshis0_.eatmlu as eatmlu8_19_1_, addresshis0_.eauidm as eauidm9_19_1_, addresshis0_.eadtls as eadtls10_19_1_, addresshis0_.eaaddr1 as eaaddr11_19_1_, addresshis0_.eaaddr2 as eaaddr12_19_1_, addresshis0_.eaaddr3 as eaaddr13_19_1_, addresshis0_.eaaddr4 as eaaddr14_19_1_, addresshis0_.eacity as eacity15_19_1_, addresshis0_.eacntry as eacntry16_19_1_, addresshis0_.eacnty as eacnty17_19_1_, addresshis0_.eaefdt as eaefdt18_19_1_, addresshis0_.eaemail as eaemail19_19_1_, addresshis0_.eanau as eanau20_19_1_, addresshis0_.eanou as eanou21_19_1_, addresshis0_.eapoldis as eapoldi22_19_1_, addresshis0_.eapscd as eapscd23_19_1_, addresshis0_.eastate as eastate24_19_1_, addresshis0_.easubdis as easubdi25_19_1_ from t0104 addresshis0_ where addresshis0_.eaanum=?
Hibernate: select bankaccoun0_.baanum as baanum1_20_0_, bankaccoun0_.babankac as babankac2_20_0_, bankaccoun0_.babankid as babankid3_20_0_, bankaccoun0_.bacid as bacid4_20_0_, bankaccoun0_.badtin as badtin5_20_0_, bankaccoun0_.batmin as batmin6_20_0_, bankaccoun0_.bauid as bauid7_20_0_, bankaccoun0_.badtlu as badtlu8_20_0_, bankaccoun0_.batmlu as batmlu9_20_0_, bankaccoun0_.bauidm as bauidm10_20_0_, bankaccoun0_.badtls as badtls11_20_0_, bankaccoun0_.badesb1 as badesb12_20_0_ from t0105 bankaccoun0_ where bankaccoun0_.baanum=? and bankaccoun0_.babankac=? and bankaccoun0_.babankid=?
2018-12-27 11:25:41.179  INFO 2120 --- [    Test worker] o.s.t.c.transaction.TransactionContext   : Rolled back transaction for test: [DefaultTestContext@185d58f7 testClass = BankAccountApiTest, testInstance = ags.goldenlionerp.apiTests.addresses.BankAccountApiTest@5a98e301, testMethod = getTestSingle@ApiTestBase, testException = [null], mergedContextConfiguration = [WebMergedContextConfiguration@4b35d7b1 testClass = BankAccountApiTest, locations = '{}', classes = '{class ags.goldenlionerp.GoldenLionErpApplication}', contextInitializerClasses = '[]', activeProfiles = '{}', propertySourceLocations = '{classpath:test.properties}', propertySourceProperties = '{org.springframework.boot.test.context.SpringBootTestContextBootstrapper=true}', contextCustomizers = set[org.springframework.boot.test.autoconfigure.properties.PropertyMappingContextCustomizer@0, org.springframework.boot.test.autoconfigure.web.servlet.WebDriverContextCustomizerFactory$Customizer@636d731e, [ImportsContextCustomizer@2fa86f40 key = [ags.goldenlionerp.apiTests.ApiTestBase$TestConfig]], org.springframework.boot.test.context.filter.ExcludeFilterContextCustomizer@6afa5291, org.springframework.boot.test.json.DuplicateJsonObjectContextCustomizerFactory$DuplicateJsonObjectContextCustomizer@20cebcb4, org.springframework.boot.test.mock.mockito.MockitoContextCustomizer@0, org.springframework.boot.test.web.client.TestRestTemplateContextCustomizer@49a32273], resourceBasePath = 'src/main/webapp', contextLoader = 'org.springframework.boot.test.context.SpringBootContextLoader', parent = [null]], attributes = map['org.springframework.test.context.web.ServletTestExecutionListener.activateListener' -> true, 'org.springframework.test.context.web.ServletTestExecutionListener.populatedRequestContextHolder' -> true, 'org.springframework.test.context.web.ServletTestExecutionListener.resetRequestContextHolder' -> true]]
2018-12-27 11:25:41.181  INFO 2120 --- [    Test worker] o.s.t.c.transaction.TransactionContext   : Began transaction (1) for test context [DefaultTestContext@185d58f7 testClass = BankAccountApiTest, testInstance = ags.goldenlionerp.apiTests.addresses.BankAccountApiTest@6aabd3b7, testMethod = getTestCollection@ApiTestBase, testException = [null], mergedContextConfiguration = [WebMergedContextConfiguration@4b35d7b1 testClass = BankAccountApiTest, locations = '{}', classes = '{class ags.goldenlionerp.GoldenLionErpApplication}', contextInitializerClasses = '[]', activeProfiles = '{}', propertySourceLocations = '{classpath:test.properties}', propertySourceProperties = '{org.springframework.boot.test.context.SpringBootTestContextBootstrapper=true}', contextCustomizers = set[org.springframework.boot.test.autoconfigure.properties.PropertyMappingContextCustomizer@0, org.springframework.boot.test.autoconfigure.web.servlet.WebDriverContextCustomizerFactory$Customizer@636d731e, [ImportsContextCustomizer@2fa86f40 key = [ags.goldenlionerp.apiTests.ApiTestBase$TestConfig]], org.springframework.boot.test.context.filter.ExcludeFilterContextCustomizer@6afa5291, org.springframework.boot.test.json.DuplicateJsonObjectContextCustomizerFactory$DuplicateJsonObjectContextCustomizer@20cebcb4, org.springframework.boot.test.mock.mockito.MockitoContextCustomizer@0, org.springframework.boot.test.web.client.TestRestTemplateContextCustomizer@49a32273], resourceBasePath = 'src/main/webapp', contextLoader = 'org.springframework.boot.test.context.SpringBootContextLoader', parent = [null]], attributes = map['org.springframework.test.context.web.ServletTestExecutionListener.activateListener' -> true, 'org.springframework.test.context.web.ServletTestExecutionListener.populatedRequestContextHolder' -> true, 'org.springframework.test.context.web.ServletTestExecutionListener.resetRequestContextHolder' -> true]]; transaction manager [org.springframework.orm.jpa.JpaTransactionManager@75de8c12]; rollback [true]
2018-12-27 11:25:41.182  INFO 2120 --- [    Test worker] o.s.b.t.m.w.SpringBootMockServletContext : Initializing Spring FrameworkServlet ''
2018-12-27 11:25:41.182  INFO 2120 --- [    Test worker] o.s.t.web.servlet.TestDispatcherServlet  : FrameworkServlet '': initialization started
2018-12-27 11:25:41.188  INFO 2120 --- [    Test worker] o.s.t.web.servlet.TestDispatcherServlet  : FrameworkServlet '': initialization completed in 6 ms
Hibernate: select addressboo0_.adanum as adanum1_16_0_, addressboo0_.adcid as adcid2_16_0_, addressboo0_.addtin as addtin3_16_0_, addressboo0_.adtmin as adtmin4_16_0_, addressboo0_.aduid as aduid5_16_0_, addressboo0_.addtlu as addtlu6_16_0_, addressboo0_.adtmlu as adtmlu7_16_0_, addressboo0_.aduidm as aduidm8_16_0_, addressboo0_.adap as adap9_16_0_, addressboo0_.adar as adar10_16_0_, addressboo0_.adbuid as adbuid11_16_0_, addressboo0_.adcc01 as adcc12_16_0_, addressboo0_.adcc02 as adcc13_16_0_, addressboo0_.adcc03 as adcc14_16_0_, addressboo0_.adcc04 as adcc15_16_0_, addressboo0_.adcc05 as adcc16_16_0_, addressboo0_.adcc06 as adcc17_16_0_, addressboo0_.adcc07 as adcc18_16_0_, addressboo0_.adcc08 as adcc19_16_0_, addressboo0_.adcc09 as adcc20_16_0_, addressboo0_.adcc10 as adcc21_16_0_, addressboo0_.adempl as adempl22_16_0_, addressboo0_.adtmlt as adtmlt23_16_0_, addressboo0_.adlan as adlan24_16_0_, addressboo0_.admlnm as admlnm25_16_0_, addressboo0_.adnm as adnm26_16_0_, addressboo0_.adpan as adpan27_16_0_, addressboo0_.adrecid as adrecid28_16_0_, addressboo0_.adrlid0 as adrlid29_16_0_, addressboo0_.adrlid2 as adrlid30_16_0_, addressboo0_.adrlid3 as adrlid31_16_0_, addressboo0_.adrlid4 as adrlid32_16_0_, addressboo0_.adrlid5 as adrlid33_16_0_, addressboo0_.adrlid6 as adrlid34_16_0_, addressboo0_.adrlid7 as adrlid35_16_0_, addressboo0_.adrlid8 as adrlid36_16_0_, addressboo0_.adrlid9 as adrlid37_16_0_, addressboo0_.adrlid1 as adrlid38_16_0_, addressboo0_.adst as adst39_16_0_, addressboo0_.adtaxid as adtaxid40_16_0_ from t0101 addressboo0_ where addressboo0_.adanum=?
Hibernate: select addresshis0_.eaanum as eaanum1_19_0_, addresshis0_.earecid as earecid2_19_0_, addresshis0_.eaanum as eaanum1_19_1_, addresshis0_.earecid as earecid2_19_1_, addresshis0_.eacid as eacid3_19_1_, addresshis0_.eadtin as eadtin4_19_1_, addresshis0_.eatmin as eatmin5_19_1_, addresshis0_.eauid as eauid6_19_1_, addresshis0_.eadtlu as eadtlu7_19_1_, addresshis0_.eatmlu as eatmlu8_19_1_, addresshis0_.eauidm as eauidm9_19_1_, addresshis0_.eadtls as eadtls10_19_1_, addresshis0_.eaaddr1 as eaaddr11_19_1_, addresshis0_.eaaddr2 as eaaddr12_19_1_, addresshis0_.eaaddr3 as eaaddr13_19_1_, addresshis0_.eaaddr4 as eaaddr14_19_1_, addresshis0_.eacity as eacity15_19_1_, addresshis0_.eacntry as eacntry16_19_1_, addresshis0_.eacnty as eacnty17_19_1_, addresshis0_.eaefdt as eaefdt18_19_1_, addresshis0_.eaemail as eaemail19_19_1_, addresshis0_.eanau as eanau20_19_1_, addresshis0_.eanou as eanou21_19_1_, addresshis0_.eapoldis as eapoldi22_19_1_, addresshis0_.eapscd as eapscd23_19_1_, addresshis0_.eastate as eastate24_19_1_, addresshis0_.easubdis as easubdi25_19_1_ from t0104 addresshis0_ where addresshis0_.eaanum=?
Hibernate: select bankaccoun0_.baanum as baanum1_20_, bankaccoun0_.babankac as babankac2_20_, bankaccoun0_.babankid as babankid3_20_, bankaccoun0_.bacid as bacid4_20_, bankaccoun0_.badtin as badtin5_20_, bankaccoun0_.batmin as batmin6_20_, bankaccoun0_.bauid as bauid7_20_, bankaccoun0_.badtlu as badtlu8_20_, bankaccoun0_.batmlu as batmlu9_20_, bankaccoun0_.bauidm as bauidm10_20_, bankaccoun0_.badtls as badtls11_20_, bankaccoun0_.badesb1 as badesb12_20_ from t0105 bankaccoun0_

MockHttpServletRequest:
      HTTP Method = GET
      Request URI = /api/bankAccounts/
       Parameters = {}
          Headers = {Accept=[application/json]}
             Body = <no character encoding set>
    Session Attrs = {org.springframework.security.web.csrf.HttpSessionCsrfTokenRepository.CSRF_TOKEN=org.springframework.security.web.csrf.DefaultCsrfToken@382e06fd, SPRING_SECURITY_CONTEXT=org.springframework.security.core.context.SecurityContextImpl@475fcd89: Authentication: org.springframework.security.authentication.UsernamePasswordAuthenticationToken@475fcd89: Principal: org.springframework.security.core.userdetails.User@f02988d6: Username: username; Password: [PROTECTED]; Enabled: true; AccountNonExpired: true; credentialsNonExpired: true; AccountNonLocked: true; Not granted any authorities; Credentials: [PROTECTED]; Authenticated: true; Details: null; Not granted any authorities}

Handler:
             Type = org.springframework.data.rest.webmvc.RepositoryEntityController
           Method = public org.springframework.hateoas.Resources<?> org.springframework.data.rest.webmvc.RepositoryEntityController.getCollectionResource(org.springframework.data.rest.webmvc.RootResourceInformation,org.springframework.data.rest.webmvc.support.DefaultedPageable,org.springframework.data.domain.Sort,org.springframework.data.rest.webmvc.PersistentEntityResourceAssembler) throws org.springframework.data.rest.webmvc.ResourceNotFoundException,org.springframework.web.HttpRequestMethodNotSupportedException

Async:
    Async started = false
     Async result = null

Resolved Exception:
             Type = null

ModelAndView:
        View name = null
             View = null
            Model = null

FlashMap:
       Attributes = null

MockHttpServletResponse:
           Status = 200
    Error message = null
          Headers = {Content-Type=[application/json;charset=UTF-8], X-Content-Type-Options=[nosniff], X-XSS-Protection=[1; mode=block], Cache-Control=[no-cache, no-store, max-age=0, must-revalidate], Pragma=[no-cache], Expires=[0], X-Frame-Options=[DENY]}
     Content type = application/json;charset=UTF-8
             Body = {
  "_embedded" : {
    "bankAccounts" : [ {
      "inputUserId" : "QSA",
      "lastUpdateUserId" : "QSA",
      "computerId" : "",
      "lastSynchronizedDate" : null,
      "addressNumber" : "0100",
      "bankId" : "",
      "bankAccountNumber" : "",
      "description" : "",
      "lastUpdateDateTime" : "2018-01-15T20:44:24",
      "inputDateTime" : "2018-01-15T20:44:24",
      "_links" : {
        "self" : {
          "href" : "http://localhost/api/bankAccounts/0100__"
        },
        "bankAccount" : {
          "href" : "http://localhost/api/bankAccounts/0100__"
        },
        "master" : {
          "href" : "http://localhost/api/bankAccounts/0100__/master"
        }
      }
    }, {
      "inputUserId" : "QSA",
      "lastUpdateUserId" : "QSA",
      "computerId" : "",
      "lastSynchronizedDate" : null,
      "addressNumber" : "12345",
      "bankId" : "",
      "bankAccountNumber" : "",
      "description" : "",
      "lastUpdateDateTime" : "2018-07-18T14:31:53",
      "inputDateTime" : "2018-07-18T14:31:53",
      "_links" : {
        "self" : {
          "href" : "http://localhost/api/bankAccounts/12345__"
        },
        "bankAccount" : {
          "href" : "http://localhost/api/bankAccounts/12345__"
        },
        "master" : {
          "href" : "http://localhost/api/bankAccounts/12345__/master"
        }
      }
    }, {
      "inputUserId" : "QSA",
      "lastUpdateUserId" : "QSA",
      "computerId" : "",
      "lastSynchronizedDate" : null,
      "addressNumber" : "1359",
      "bankId" : "",
      "bankAccountNumber" : "",
      "description" : "",
      "lastUpdateDateTime" : "2018-04-10T13:08:49",
      "inputDateTime" : "2018-04-10T13:08:49",
      "_links" : {
        "self" : {
          "href" : "http://localhost/api/bankAccounts/1359__"
        },
        "bankAccount" : {
          "href" : "http://localhost/api/bankAccounts/1359__"
        },
        "master" : {
          "href" : "http://localhost/api/bankAccounts/1359__/master"
        }
      }
    }, {
      "inputUserId" : "DEBBY",
      "lastUpdateUserId" : "DEBBY",
      "computerId" : "",
      "lastSynchronizedDate" : null,
      "addressNumber" : "1361",
      "bankId" : "",
      "bankAccountNumber" : "",
      "description" : "",
      "lastUpdateDateTime" : "2018-03-01T10:20:39",
      "inputDateTime" : "2018-03-01T10:20:39",
      "_links" : {
        "self" : {
          "href" : "http://localhost/api/bankAccounts/1361__"
        },
        "bankAccount" : {
          "href" : "http://localhost/api/bankAccounts/1361__"
        },
        "master" : {
          "href" : "http://localhost/api/bankAccounts/1361__/master"
        }
      }
    }, {
      "inputUserId" : "ANTHONI",
      "lastUpdateUserId" : "ANTHONI",
      "computerId" : "",
      "lastSynchronizedDate" : null,
      "addressNumber" : "1374",
      "bankId" : "",
      "bankAccountNumber" : "",
      "description" : "",
      "lastUpdateDateTime" : "2018-03-15T16:13:59",
      "inputDateTime" : "2018-03-15T16:13:59",
      "_links" : {
        "self" : {
          "href" : "http://localhost/api/bankAccounts/1374__"
        },
        "bankAccount" : {
          "href" : "http://localhost/api/bankAccounts/1374__"
        },
        "master" : {
          "href" : "http://localhost/api/bankAccounts/1374__/master"
        }
      }
    }, {
      "inputUserId" : "QSA",
      "lastUpdateUserId" : "QSA",
      "computerId" : "",
      "lastSynchronizedDate" : null,
      "addressNumber" : "1400",
      "bankId" : "",
      "bankAccountNumber" : "",
      "description" : "",
      "lastUpdateDateTime" : "2018-07-11T15:08:17",
      "inputDateTime" : "2018-07-11T15:08:17",
      "_links" : {
        "self" : {
          "href" : "http://localhost/api/bankAccounts/1400__"
        },
        "bankAccount" : {
          "href" : "http://localhost/api/bankAccounts/1400__"
        },
        "master" : {
          "href" : "http://localhost/api/bankAccounts/1400__/master"
        }
      }
    }, {
      "inputUserId" : "ANTHONI",
      "lastUpdateUserId" : "ANTHONI",
      "computerId" : "",
      "lastSynchronizedDate" : null,
      "addressNumber" : "1633",
      "bankId" : "",
      "bankAccountNumber" : "",
      "description" : "",
      "lastUpdateDateTime" : "2018-02-12T09:57:49",
      "inputDateTime" : "2018-02-12T09:57:49",
      "_links" : {
        "self" : {
          "href" : "http://localhost/api/bankAccounts/1633__"
        },
        "bankAccount" : {
          "href" : "http://localhost/api/bankAccounts/1633__"
        },
        "master" : {
          "href" : "http://localhost/api/bankAccounts/1633__/master"
        }
      }
    }, {
      "inputUserId" : "ANTHONI",
      "lastUpdateUserId" : "ANTHONI",
      "computerId" : "",
      "lastSynchronizedDate" : null,
      "addressNumber" : "1729",
      "bankId" : "",
      "bankAccountNumber" : "",
      "description" : "",
      "lastUpdateDateTime" : "2018-04-16T13:22:09",
      "inputDateTime" : "2018-04-16T13:22:09",
      "_links" : {
        "self" : {
          "href" : "http://localhost/api/bankAccounts/1729__"
        },
        "bankAccount" : {
          "href" : "http://localhost/api/bankAccounts/1729__"
        },
        "master" : {
          "href" : "http://localhost/api/bankAccounts/1729__/master"
        }
      }
    }, {
      "inputUserId" : "ANTHONI",
      "lastUpdateUserId" : "ANTHONI",
      "computerId" : "",
      "lastSynchronizedDate" : null,
      "addressNumber" : "1796",
      "bankId" : "",
      "bankAccountNumber" : "",
      "description" : "",
      "lastUpdateDateTime" : "2018-02-12T10:35:57",
      "inputDateTime" : "2018-02-12T10:35:57",
      "_links" : {
        "self" : {
          "href" : "http://localhost/api/bankAccounts/1796__"
        },
        "bankAccount" : {
          "href" : "http://localhost/api/bankAccounts/1796__"
        },
        "master" : {
          "href" : "http://localhost/api/bankAccounts/1796__/master"
        }
      }
    }, {
      "inputUserId" : "DEBBY",
      "lastUpdateUserId" : "DEBBY",
      "computerId" : "",
      "lastSynchronizedDate" : null,
      "addressNumber" : "2206",
      "bankId" : "",
      "bankAccountNumber" : "",
      "description" : "",
      "lastUpdateDateTime" : "2018-02-23T14:10:08",
      "inputDateTime" : "2018-02-23T14:10:08",
      "_links" : {
        "self" : {
          "href" : "http://localhost/api/bankAccounts/2206__"
        },
        "bankAccount" : {
          "href" : "http://localhost/api/bankAccounts/2206__"
        },
        "master" : {
          "href" : "http://localhost/api/bankAccounts/2206__/master"
        }
      }
    }, {
      "inputUserId" : "ANTHONI",
      "lastUpdateUserId" : "ANTHONI",
      "computerId" : "",
      "lastSynchronizedDate" : null,
      "addressNumber" : "2229",
      "bankId" : "",
      "bankAccountNumber" : "",
      "description" : "",
      "lastUpdateDateTime" : "2018-02-07T11:34:09",
      "inputDateTime" : "2018-02-07T11:34:09",
      "_links" : {
        "self" : {
          "href" : "http://localhost/api/bankAccounts/2229__"
        },
        "bankAccount" : {
          "href" : "http://localhost/api/bankAccounts/2229__"
        },
        "master" : {
          "href" : "http://localhost/api/bankAccounts/2229__/master"
        }
      }
    }, {
      "inputUserId" : "ANTHONI",
      "lastUpdateUserId" : "ANTHONI",
      "computerId" : "",
      "lastSynchronizedDate" : null,
      "addressNumber" : "2230",
      "bankId" : "",
      "bankAccountNumber" : "",
      "description" : "",
      "lastUpdateDateTime" : "2018-04-18T16:29:55",
      "inputDateTime" : "2018-04-18T16:29:55",
      "_links" : {
        "self" : {
          "href" : "http://localhost/api/bankAccounts/2230__"
        },
        "bankAccount" : {
          "href" : "http://localhost/api/bankAccounts/2230__"
        },
        "master" : {
          "href" : "http://localhost/api/bankAccounts/2230__/master"
        }
      }
    }, {
      "inputUserId" : "ANTHONI",
      "lastUpdateUserId" : "ANTHONI",
      "computerId" : "",
      "lastSynchronizedDate" : null,
      "addressNumber" : "2276",
      "bankId" : "",
      "bankAccountNumber" : "",
      "description" : "",
      "lastUpdateDateTime" : "2018-02-12T09:57:56",
      "inputDateTime" : "2018-02-12T09:57:56",
      "_links" : {
        "self" : {
          "href" : "http://localhost/api/bankAccounts/2276__"
        },
        "bankAccount" : {
          "href" : "http://localhost/api/bankAccounts/2276__"
        },
        "master" : {
          "href" : "http://localhost/api/bankAccounts/2276__/master"
        }
      }
    }, {
      "inputUserId" : "ANTHONI",
      "lastUpdateUserId" : "ANTHONI",
      "computerId" : "",
      "lastSynchronizedDate" : null,
      "addressNumber" : "2290",
      "bankId" : "",
      "bankAccountNumber" : "",
      "description" : "",
      "lastUpdateDateTime" : "2018-03-21T16:38:08",
      "inputDateTime" : "2018-03-21T16:38:08",
      "_links" : {
        "self" : {
          "href" : "http://localhost/api/bankAccounts/2290__"
        },
        "bankAccount" : {
          "href" : "http://localhost/api/bankAccounts/2290__"
        },
        "master" : {
          "href" : "http://localhost/api/bankAccounts/2290__/master"
        }
      }
    }, {
      "inputUserId" : "VANNESA",
      "lastUpdateUserId" : "VANNESA",
      "computerId" : "",
      "lastSynchronizedDate" : null,
      "addressNumber" : "2650",
      "bankId" : "",
      "bankAccountNumber" : "",
      "description" : "",
      "lastUpdateDateTime" : "2018-04-26T13:13:15",
      "inputDateTime" : "2018-04-26T13:13:15",
      "_links" : {
        "self" : {
          "href" : "http://localhost/api/bankAccounts/2650__"
        },
        "bankAccount" : {
          "href" : "http://localhost/api/bankAccounts/2650__"
        },
        "master" : {
          "href" : "http://localhost/api/bankAccounts/2650__/master"
        }
      }
    }, {
      "inputUserId" : "DEBBY",
      "lastUpdateUserId" : "DEBBY",
      "computerId" : "",
      "lastSynchronizedDate" : null,
      "addressNumber" : "2697",
      "bankId" : "",
      "bankAccountNumber" : "",
      "description" : "",
      "lastUpdateDateTime" : "2018-03-07T13:09:57",
      "inputDateTime" : "2018-03-07T13:09:57",
      "_links" : {
        "self" : {
          "href" : "http://localhost/api/bankAccounts/2697__"
        },
        "bankAccount" : {
          "href" : "http://localhost/api/bankAccounts/2697__"
        },
        "master" : {
          "href" : "http://localhost/api/bankAccounts/2697__/master"
        }
      }
    }, {
      "inputUserId" : "DEBBY",
      "lastUpdateUserId" : "DEBBY",
      "computerId" : "",
      "lastSynchronizedDate" : null,
      "addressNumber" : "2827",
      "bankId" : "",
      "bankAccountNumber" : "",
      "description" : "",
      "lastUpdateDateTime" : "2018-03-01T16:17:17",
      "inputDateTime" : "2018-03-01T16:17:17",
      "_links" : {
        "self" : {
          "href" : "http://localhost/api/bankAccounts/2827__"
        },
        "bankAccount" : {
          "href" : "http://localhost/api/bankAccounts/2827__"
        },
        "master" : {
          "href" : "http://localhost/api/bankAccounts/2827__/master"
        }
      }
    }, {
      "inputUserId" : "DEBBY",
      "lastUpdateUserId" : "DEBBY",
      "computerId" : "",
      "lastSynchronizedDate" : null,
      "addressNumber" : "2857",
      "bankId" : "",
      "bankAccountNumber" : "",
      "description" : "",
      "lastUpdateDateTime" : "2018-03-05T15:00:10",
      "inputDateTime" : "2018-03-05T15:00:10",
      "_links" : {
        "self" : {
          "href" : "http://localhost/api/bankAccounts/2857__"
        },
        "bankAccount" : {
          "href" : "http://localhost/api/bankAccounts/2857__"
        },
        "master" : {
          "href" : "http://localhost/api/bankAccounts/2857__/master"
        }
      }
    }, {
      "inputUserId" : "DEBBY",
      "lastUpdateUserId" : "DEBBY",
      "computerId" : "",
      "lastSynchronizedDate" : null,
      "addressNumber" : "2864",
      "bankId" : "",
      "bankAccountNumber" : "",
      "description" : "",
      "lastUpdateDateTime" : "2018-04-10T13:12:21",
      "inputDateTime" : "2018-04-10T13:12:21",
      "_links" : {
        "self" : {
          "href" : "http://localhost/api/bankAccounts/2864__"
        },
        "bankAccount" : {
          "href" : "http://localhost/api/bankAccounts/2864__"
        },
        "master" : {
          "href" : "http://localhost/api/bankAccounts/2864__/master"
        }
      }
    }, {
      "inputUserId" : "VANNESA",
      "lastUpdateUserId" : "VANNESA",
      "computerId" : "",
      "lastSynchronizedDate" : null,
      "addressNumber" : "2877",
      "bankId" : "",
      "bankAccountNumber" : "",
      "description" : "",
      "lastUpdateDateTime" : "2018-04-26T09:34:45",
      "inputDateTime" : "2018-04-26T09:34:45",
      "_links" : {
        "self" : {
          "href" : "http://localhost/api/bankAccounts/2877__"
        },
        "bankAccount" : {
          "href" : "http://localhost/api/bankAccounts/2877__"
        },
        "master" : {
          "href" : "http://localhost/api/bankAccounts/2877__/master"
        }
      }
    }, {
      "inputUserId" : "ANTHONI",
      "lastUpdateUserId" : "ANTHONI",
      "computerId" : "",
      "lastSynchronizedDate" : null,
      "addressNumber" : "2925",
      "bankId" : "",
      "bankAccountNumber" : "",
      "description" : "",
      "lastUpdateDateTime" : "2018-01-26T13:37:59",
      "inputDateTime" : "2018-01-26T13:37:59",
      "_links" : {
        "self" : {
          "href" : "http://localhost/api/bankAccounts/2925__"
        },
        "bankAccount" : {
          "href" : "http://localhost/api/bankAccounts/2925__"
        },
        "master" : {
          "href" : "http://localhost/api/bankAccounts/2925__/master"
        }
      }
    }, {
      "inputUserId" : "ANTHONI",
      "lastUpdateUserId" : "ANTHONI",
      "computerId" : "",
      "lastSynchronizedDate" : null,
      "addressNumber" : "2926",
      "bankId" : "",
      "bankAccountNumber" : "",
      "description" : "",
      "lastUpdateDateTime" : "2018-02-02T14:06:44",
      "inputDateTime" : "2018-02-02T14:06:44",
      "_links" : {
        "self" : {
          "href" : "http://localhost/api/bankAccounts/2926__"
        },
        "bankAccount" : {
          "href" : "http://localhost/api/bankAccounts/2926__"
        },
        "master" : {
          "href" : "http://localhost/api/bankAccounts/2926__/master"
        }
      }
    }, {
      "inputUserId" : "ANTHONI",
      "lastUpdateUserId" : "ANTHONI",
      "computerId" : "",
      "lastSynchronizedDate" : null,
      "addressNumber" : "2927",
      "bankId" : "",
      "bankAccountNumber" : "",
      "description" : "",
      "lastUpdateDateTime" : "2018-02-19T09:20:58",
      "inputDateTime" : "2018-02-19T09:20:58",
      "_links" : {
        "self" : {
          "href" : "http://localhost/api/bankAccounts/2927__"
        },
        "bankAccount" : {
          "href" : "http://localhost/api/bankAccounts/2927__"
        },
        "master" : {
          "href" : "http://localhost/api/bankAccounts/2927__/master"
        }
      }
    }, {
      "inputUserId" : "ANTHONI",
      "lastUpdateUserId" : "ANTHONI",
      "computerId" : "",
      "lastSynchronizedDate" : null,
      "addressNumber" : "2928",
      "bankId" : "",
      "bankAccountNumber" : "",
      "description" : "",
      "lastUpdateDateTime" : "2018-02-19T09:19:22",
      "inputDateTime" : "2018-02-19T09:19:22",
      "_links" : {
        "self" : {
          "href" : "http://localhost/api/bankAccounts/2928__"
        },
        "bankAccount" : {
          "href" : "http://localhost/api/bankAccounts/2928__"
        },
        "master" : {
          "href" : "http://localhost/api/bankAccounts/2928__/master"
        }
      }
    }, {
      "inputUserId" : "ANTHONI",
      "lastUpdateUserId" : "ANTHONI",
      "computerId" : "",
      "lastSynchronizedDate" : null,
      "addressNumber" : "2929",
      "bankId" : "",
      "bankAccountNumber" : "",
      "description" : "",
      "lastUpdateDateTime" : "2018-02-19T09:17:37",
      "inputDateTime" : "2018-02-19T09:17:37",
      "_links" : {
        "self" : {
          "href" : "http://localhost/api/bankAccounts/2929__"
        },
        "bankAccount" : {
          "href" : "http://localhost/api/bankAccounts/2929__"
        },
        "master" : {
          "href" : "http://localhost/api/bankAccounts/2929__/master"
        }
      }
    }, {
      "inputUserId" : "ANTHONI",
      "lastUpdateUserId" : "ANTHONI",
      "computerId" : "",
      "lastSynchronizedDate" : null,
      "addressNumber" : "2930",
      "bankId" : "",
      "bankAccountNumber" : "",
      "description" : "",
      "lastUpdateDateTime" : "2018-02-06T14:21:34",
      "inputDateTime" : "2018-02-06T14:21:34",
      "_links" : {
        "self" : {
          "href" : "http://localhost/api/bankAccounts/2930__"
        },
        "bankAccount" : {
          "href" : "http://localhost/api/bankAccounts/2930__"
        },
        "master" : {
          "href" : "http://localhost/api/bankAccounts/2930__/master"
        }
      }
    }, {
      "inputUserId" : "ANTHONI",
      "lastUpdateUserId" : "ANTHONI",
      "computerId" : "",
      "lastSynchronizedDate" : null,
      "addressNumber" : "2931",
      "bankId" : "",
      "bankAccountNumber" : "",
      "description" : "",
      "lastUpdateDateTime" : "2018-02-06T15:51:33",
      "inputDateTime" : "2018-02-06T15:51:33",
      "_links" : {
        "self" : {
          "href" : "http://localhost/api/bankAccounts/2931__"
        },
        "bankAccount" : {
          "href" : "http://localhost/api/bankAccounts/2931__"
        },
        "master" : {
          "href" : "http://localhost/api/bankAccounts/2931__/master"
        }
      }
    }, {
      "inputUserId" : "ANTHONI",
      "lastUpdateUserId" : "ANTHONI",
      "computerId" : "",
      "lastSynchronizedDate" : null,
      "addressNumber" : "2932",
      "bankId" : "",
      "bankAccountNumber" : "",
      "description" : "",
      "lastUpdateDateTime" : "2018-02-07T14:26:31",
      "inputDateTime" : "2018-02-07T14:26:31",
      "_links" : {
        "self" : {
          "href" : "http://localhost/api/bankAccounts/2932__"
        },
        "bankAccount" : {
          "href" : "http://localhost/api/bankAccounts/2932__"
        },
        "master" : {
          "href" : "http://localhost/api/bankAccounts/2932__/master"
        }
      }
    }, {
      "inputUserId" : "ANTHONI",
      "lastUpdateUserId" : "ANTHONI",
      "computerId" : "",
      "lastSynchronizedDate" : null,
      "addressNumber" : "2933",
      "bankId" : "",
      "bankAccountNumber" : "",
      "description" : "",
      "lastUpdateDateTime" : "2018-02-09T10:30:26",
      "inputDateTime" : "2018-02-09T10:30:26",
      "_links" : {
        "self" : {
          "href" : "http://localhost/api/bankAccounts/2933__"
        },
        "bankAccount" : {
          "href" : "http://localhost/api/bankAccounts/2933__"
        },
        "master" : {
          "href" : "http://localhost/api/bankAccounts/2933__/master"
        }
      }
    }, {
      "inputUserId" : "ANTHONI",
      "lastUpdateUserId" : "ANTHONI",
      "computerId" : "",
      "lastSynchronizedDate" : null,
      "addressNumber" : "2934",
      "bankId" : "",
      "bankAccountNumber" : "",
      "description" : "",
      "lastUpdateDateTime" : "2018-02-12T13:44:21",
      "inputDateTime" : "2018-02-12T13:44:21",
      "_links" : {
        "self" : {
          "href" : "http://localhost/api/bankAccounts/2934__"
        },
        "bankAccount" : {
          "href" : "http://localhost/api/bankAccounts/2934__"
        },
        "master" : {
          "href" : "http://localhost/api/bankAccounts/2934__/master"
        }
      }
    }, {
      "inputUserId" : "ANTHONI",
      "lastUpdateUserId" : "ANTHONI",
      "computerId" : "",
      "lastSynchronizedDate" : null,
      "addressNumber" : "2935",
      "bankId" : "",
      "bankAccountNumber" : "",
      "description" : "",
      "lastUpdateDateTime" : "2018-02-12T13:46:15",
      "inputDateTime" : "2018-02-12T13:46:15",
      "_links" : {
        "self" : {
          "href" : "http://localhost/api/bankAccounts/2935__"
        },
        "bankAccount" : {
          "href" : "http://localhost/api/bankAccounts/2935__"
        },
        "master" : {
          "href" : "http://localhost/api/bankAccounts/2935__/master"
        }
      }
    }, {
      "inputUserId" : "ANTHONI",
      "lastUpdateUserId" : "ANTHONI",
      "computerId" : "",
      "lastSynchronizedDate" : null,
      "addressNumber" : "2936",
      "bankId" : "",
      "bankAccountNumber" : "",
      "description" : "",
      "lastUpdateDateTime" : "2018-02-19T09:23:20",
      "inputDateTime" : "2018-02-19T09:23:20",
      "_links" : {
        "self" : {
          "href" : "http://localhost/api/bankAccounts/2936__"
        },
        "bankAccount" : {
          "href" : "http://localhost/api/bankAccounts/2936__"
        },
        "master" : {
          "href" : "http://localhost/api/bankAccounts/2936__/master"
        }
      }
    }, {
      "inputUserId" : "ANTHONI",
      "lastUpdateUserId" : "ANTHONI",
      "computerId" : "",
      "lastSynchronizedDate" : null,
      "addressNumber" : "2937",
      "bankId" : "",
      "bankAccountNumber" : "",
      "description" : "",
      "lastUpdateDateTime" : "2018-02-19T09:28:14",
      "inputDateTime" : "2018-02-19T09:28:14",
      "_links" : {
        "self" : {
          "href" : "http://localhost/api/bankAccounts/2937__"
        },
        "bankAccount" : {
          "href" : "http://localhost/api/bankAccounts/2937__"
        },
        "master" : {
          "href" : "http://localhost/api/bankAccounts/2937__/master"
        }
      }
    }, {
      "inputUserId" : "ANTHONI",
      "lastUpdateUserId" : "ANTHONI",
      "computerId" : "",
      "lastSynchronizedDate" : null,
      "addressNumber" : "2938",
      "bankId" : "",
      "bankAccountNumber" : "",
      "description" : "",
      "lastUpdateDateTime" : "2018-02-19T09:30:20",
      "inputDateTime" : "2018-02-19T09:30:20",
      "_links" : {
        "self" : {
          "href" : "http://localhost/api/bankAccounts/2938__"
        },
        "bankAccount" : {
          "href" : "http://localhost/api/bankAccounts/2938__"
        },
        "master" : {
          "href" : "http://localhost/api/bankAccounts/2938__/master"
        }
      }
    }, {
      "inputUserId" : "ANTHONI",
      "lastUpdateUserId" : "ANTHONI",
      "computerId" : "",
      "lastSynchronizedDate" : null,
      "addressNumber" : "2939",
      "bankId" : "",
      "bankAccountNumber" : "",
      "description" : "",
      "lastUpdateDateTime" : "2018-02-19T09:34:53",
      "inputDateTime" : "2018-02-19T09:34:53",
      "_links" : {
        "self" : {
          "href" : "http://localhost/api/bankAccounts/2939__"
        },
        "bankAccount" : {
          "href" : "http://localhost/api/bankAccounts/2939__"
        },
        "master" : {
          "href" : "http://localhost/api/bankAccounts/2939__/master"
        }
      }
    }, {
      "inputUserId" : "ANTHONI",
      "lastUpdateUserId" : "ANTHONI",
      "computerId" : "",
      "lastSynchronizedDate" : null,
      "addressNumber" : "2940",
      "bankId" : "",
      "bankAccountNumber" : "",
      "description" : "",
      "lastUpdateDateTime" : "2018-02-19T09:33:42",
      "inputDateTime" : "2018-02-19T09:33:42",
      "_links" : {
        "self" : {
          "href" : "http://localhost/api/bankAccounts/2940__"
        },
        "bankAccount" : {
          "href" : "http://localhost/api/bankAccounts/2940__"
        },
        "master" : {
          "href" : "http://localhost/api/bankAccounts/2940__/master"
        }
      }
    }, {
      "inputUserId" : "ANTHONI",
      "lastUpdateUserId" : "ANTHONI",
      "computerId" : "",
      "lastSynchronizedDate" : null,
      "addressNumber" : "2941",
      "bankId" : "",
      "bankAccountNumber" : "",
      "description" : "",
      "lastUpdateDateTime" : "2018-02-19T09:36:07",
      "inputDateTime" : "2018-02-19T09:36:07",
      "_links" : {
        "self" : {
          "href" : "http://localhost/api/bankAccounts/2941__"
        },
        "bankAccount" : {
          "href" : "http://localhost/api/bankAccounts/2941__"
        },
        "master" : {
          "href" : "http://localhost/api/bankAccounts/2941__/master"
        }
      }
    }, {
      "inputUserId" : "ANTHONI",
      "lastUpdateUserId" : "ANTHONI",
      "computerId" : "",
      "lastSynchronizedDate" : null,
      "addressNumber" : "2942",
      "bankId" : "",
      "bankAccountNumber" : "",
      "description" : "",
      "lastUpdateDateTime" : "2018-02-19T09:39:27",
      "inputDateTime" : "2018-02-19T09:39:27",
      "_links" : {
        "self" : {
          "href" : "http://localhost/api/bankAccounts/2942__"
        },
        "bankAccount" : {
          "href" : "http://localhost/api/bankAccounts/2942__"
        },
        "master" : {
          "href" : "http://localhost/api/bankAccounts/2942__/master"
        }
      }
    }, {
      "inputUserId" : "ANTHONI",
      "lastUpdateUserId" : "ANTHONI",
      "computerId" : "",
      "lastSynchronizedDate" : null,
      "addressNumber" : "2943",
      "bankId" : "",
      "bankAccountNumber" : "",
      "description" : "",
      "lastUpdateDateTime" : "2018-02-19T09:40:13",
      "inputDateTime" : "2018-02-19T09:40:13",
      "_links" : {
        "self" : {
          "href" : "http://localhost/api/bankAccounts/2943__"
        },
        "bankAccount" : {
          "href" : "http://localhost/api/bankAccounts/2943__"
        },
        "master" : {
          "href" : "http://localhost/api/bankAccounts/2943__/master"
        }
      }
    }, {
      "inputUserId" : "ANTHONI",
      "lastUpdateUserId" : "ANTHONI",
      "computerId" : "",
      "lastSynchronizedDate" : null,
      "addressNumber" : "2944",
      "bankId" : "",
      "bankAccountNumber" : "",
      "description" : "",
      "lastUpdateDateTime" : "2018-02-19T09:42:02",
      "inputDateTime" : "2018-02-19T09:42:02",
      "_links" : {
        "self" : {
          "href" : "http://localhost/api/bankAccounts/2944__"
        },
        "bankAccount" : {
          "href" : "http://localhost/api/bankAccounts/2944__"
        },
        "master" : {
          "href" : "http://localhost/api/bankAccounts/2944__/master"
        }
      }
    }, {
      "inputUserId" : "ANTHONI",
      "lastUpdateUserId" : "ANTHONI",
      "computerId" : "",
      "lastSynchronizedDate" : null,
      "addressNumber" : "2945",
      "bankId" : "",
      "bankAccountNumber" : "",
      "description" : "",
      "lastUpdateDateTime" : "2018-02-19T09:45:10",
      "inputDateTime" : "2018-02-19T09:45:10",
      "_links" : {
        "self" : {
          "href" : "http://localhost/api/bankAccounts/2945__"
        },
        "bankAccount" : {
          "href" : "http://localhost/api/bankAccounts/2945__"
        },
        "master" : {
          "href" : "http://localhost/api/bankAccounts/2945__/master"
        }
      }
    }, {
      "inputUserId" : "ANTHONI",
      "lastUpdateUserId" : "ANTHONI",
      "computerId" : "",
      "lastSynchronizedDate" : null,
      "addressNumber" : "2946",
      "bankId" : "",
      "bankAccountNumber" : "",
      "description" : "",
      "lastUpdateDateTime" : "2018-02-19T09:46:42",
      "inputDateTime" : "2018-02-19T09:46:42",
      "_links" : {
        "self" : {
          "href" : "http://localhost/api/bankAccounts/2946__"
        },
        "bankAccount" : {
          "href" : "http://localhost/api/bankAccounts/2946__"
        },
        "master" : {
          "href" : "http://localhost/api/bankAccounts/2946__/master"
        }
      }
    }, {
      "inputUserId" : "ANTHONI",
      "lastUpdateUserId" : "ANTHONI",
      "computerId" : "",
      "lastSynchronizedDate" : null,
      "addressNumber" : "2947",
      "bankId" : "",
      "bankAccountNumber" : "",
      "description" : "",
      "lastUpdateDateTime" : "2018-02-19T09:49:32",
      "inputDateTime" : "2018-02-19T09:49:32",
      "_links" : {
        "self" : {
          "href" : "http://localhost/api/bankAccounts/2947__"
        },
        "bankAccount" : {
          "href" : "http://localhost/api/bankAccounts/2947__"
        },
        "master" : {
          "href" : "http://localhost/api/bankAccounts/2947__/master"
        }
      }
    }, {
      "inputUserId" : "ANTHONI",
      "lastUpdateUserId" : "ANTHONI",
      "computerId" : "",
      "lastSynchronizedDate" : null,
      "addressNumber" : "2948",
      "bankId" : "",
      "bankAccountNumber" : "",
      "description" : "",
      "lastUpdateDateTime" : "2018-02-19T09:50:56",
      "inputDateTime" : "2018-02-19T09:50:56",
      "_links" : {
        "self" : {
          "href" : "http://localhost/api/bankAccounts/2948__"
        },
        "bankAccount" : {
          "href" : "http://localhost/api/bankAccounts/2948__"
        },
        "master" : {
          "href" : "http://localhost/api/bankAccounts/2948__/master"
        }
      }
    }, {
      "inputUserId" : "ANTHONI",
      "lastUpdateUserId" : "ANTHONI",
      "computerId" : "",
      "lastSynchronizedDate" : null,
      "addressNumber" : "2949",
      "bankId" : "",
      "bankAccountNumber" : "",
      "description" : "",
      "lastUpdateDateTime" : "2018-02-19T09:51:51",
      "inputDateTime" : "2018-02-19T09:51:51",
      "_links" : {
        "self" : {
          "href" : "http://localhost/api/bankAccounts/2949__"
        },
        "bankAccount" : {
          "href" : "http://localhost/api/bankAccounts/2949__"
        },
        "master" : {
          "href" : "http://localhost/api/bankAccounts/2949__/master"
        }
      }
    }, {
      "inputUserId" : "ANTHONI",
      "lastUpdateUserId" : "ANTHONI",
      "computerId" : "",
      "lastSynchronizedDate" : null,
      "addressNumber" : "2950",
      "bankId" : "",
      "bankAccountNumber" : "",
      "description" : "",
      "lastUpdateDateTime" : "2018-02-19T09:53:14",
      "inputDateTime" : "2018-02-19T09:53:14",
      "_links" : {
        "self" : {
          "href" : "http://localhost/api/bankAccounts/2950__"
        },
        "bankAccount" : {
          "href" : "http://localhost/api/bankAccounts/2950__"
        },
        "master" : {
          "href" : "http://localhost/api/bankAccounts/2950__/master"
        }
      }
    }, {
      "inputUserId" : "ANTHONI",
      "lastUpdateUserId" : "ANTHONI",
      "computerId" : "",
      "lastSynchronizedDate" : null,
      "addressNumber" : "2951",
      "bankId" : "",
      "bankAccountNumber" : "",
      "description" : "",
      "lastUpdateDateTime" : "2018-02-19T09:54:33",
      "inputDateTime" : "2018-02-19T09:54:33",
      "_links" : {
        "self" : {
          "href" : "http://localhost/api/bankAccounts/2951__"
        },
        "bankAccount" : {
          "href" : "http://localhost/api/bankAccounts/2951__"
        },
        "master" : {
          "href" : "http://localhost/api/bankAccounts/2951__/master"
        }
      }
    }, {
      "inputUserId" : "ANTHONI",
      "lastUpdateUserId" : "ANTHONI",
      "computerId" : "",
      "lastSynchronizedDate" : null,
      "addressNumber" : "2952",
      "bankId" : "",
      "bankAccountNumber" : "",
      "description" : "",
      "lastUpdateDateTime" : "2018-02-19T09:55:25",
      "inputDateTime" : "2018-02-19T09:55:25",
      "_links" : {
        "self" : {
          "href" : "http://localhost/api/bankAccounts/2952__"
        },
        "bankAccount" : {
          "href" : "http://localhost/api/bankAccounts/2952__"
        },
        "master" : {
          "href" : "http://localhost/api/bankAccounts/2952__/master"
        }
      }
    }, {
      "inputUserId" : "ANTHONI",
      "lastUpdateUserId" : "ANTHONI",
      "computerId" : "",
      "lastSynchronizedDate" : null,
      "addressNumber" : "2953",
      "bankId" : "",
      "bankAccountNumber" : "",
      "description" : "",
      "lastUpdateDateTime" : "2018-02-19T10:25:37",
      "inputDateTime" : "2018-02-19T10:25:37",
      "_links" : {
        "self" : {
          "href" : "http://localhost/api/bankAccounts/2953__"
        },
        "bankAccount" : {
          "href" : "http://localhost/api/bankAccounts/2953__"
        },
        "master" : {
          "href" : "http://localhost/api/bankAccounts/2953__/master"
        }
      }
    }, {
      "inputUserId" : "ANTHONI",
      "lastUpdateUserId" : "ANTHONI",
      "computerId" : "",
      "lastSynchronizedDate" : null,
      "addressNumber" : "2954",
      "bankId" : "",
      "bankAccountNumber" : "",
      "description" : "",
      "lastUpdateDateTime" : "2018-02-19T10:28:52",
      "inputDateTime" : "2018-02-19T10:28:52",
      "_links" : {
        "self" : {
          "href" : "http://localhost/api/bankAccounts/2954__"
        },
        "bankAccount" : {
          "href" : "http://localhost/api/bankAccounts/2954__"
        },
        "master" : {
          "href" : "http://localhost/api/bankAccounts/2954__/master"
        }
      }
    }, {
      "inputUserId" : "ANTHONI",
      "lastUpdateUserId" : "ANTHONI",
      "computerId" : "",
      "lastSynchronizedDate" : null,
      "addressNumber" : "2955",
      "bankId" : "",
      "bankAccountNumber" : "",
      "description" : "",
      "lastUpdateDateTime" : "2018-02-19T10:33:31",
      "inputDateTime" : "2018-02-19T10:33:31",
      "_links" : {
        "self" : {
          "href" : "http://localhost/api/bankAccounts/2955__"
        },
        "bankAccount" : {
          "href" : "http://localhost/api/bankAccounts/2955__"
        },
        "master" : {
          "href" : "http://localhost/api/bankAccounts/2955__/master"
        }
      }
    }, {
      "inputUserId" : "ANTHONI",
      "lastUpdateUserId" : "ANTHONI",
      "computerId" : "",
      "lastSynchronizedDate" : null,
      "addressNumber" : "2956",
      "bankId" : "",
      "bankAccountNumber" : "",
      "description" : "",
      "lastUpdateDateTime" : "2018-02-19T10:36:22",
      "inputDateTime" : "2018-02-19T10:36:22",
      "_links" : {
        "self" : {
          "href" : "http://localhost/api/bankAccounts/2956__"
        },
        "bankAccount" : {
          "href" : "http://localhost/api/bankAccounts/2956__"
        },
        "master" : {
          "href" : "http://localhost/api/bankAccounts/2956__/master"
        }
      }
    }, {
      "inputUserId" : "ANTHONI",
      "lastUpdateUserId" : "ANTHONI",
      "computerId" : "",
      "lastSynchronizedDate" : null,
      "addressNumber" : "2957",
      "bankId" : "",
      "bankAccountNumber" : "",
      "description" : "",
      "lastUpdateDateTime" : "2018-02-19T10:37:45",
      "inputDateTime" : "2018-02-19T10:37:45",
      "_links" : {
        "self" : {
          "href" : "http://localhost/api/bankAccounts/2957__"
        },
        "bankAccount" : {
          "href" : "http://localhost/api/bankAccounts/2957__"
        },
        "master" : {
          "href" : "http://localhost/api/bankAccounts/2957__/master"
        }
      }
    }, {
      "inputUserId" : "ANTHONI",
      "lastUpdateUserId" : "ANTHONI",
      "computerId" : "",
      "lastSynchronizedDate" : null,
      "addressNumber" : "2958",
      "bankId" : "",
      "bankAccountNumber" : "",
      "description" : "",
      "lastUpdateDateTime" : "2018-02-19T10:38:46",
      "inputDateTime" : "2018-02-19T10:38:46",
      "_links" : {
        "self" : {
          "href" : "http://localhost/api/bankAccounts/2958__"
        },
        "bankAccount" : {
          "href" : "http://localhost/api/bankAccounts/2958__"
        },
        "master" : {
          "href" : "http://localhost/api/bankAccounts/2958__/master"
        }
      }
    }, {
      "inputUserId" : "ANTHONI",
      "lastUpdateUserId" : "ANTHONI",
      "computerId" : "",
      "lastSynchronizedDate" : null,
      "addressNumber" : "2959",
      "bankId" : "",
      "bankAccountNumber" : "",
      "description" : "",
      "lastUpdateDateTime" : "2018-02-19T10:40:45",
      "inputDateTime" : "2018-02-19T10:40:45",
      "_links" : {
        "self" : {
          "href" : "http://localhost/api/bankAccounts/2959__"
        },
        "bankAccount" : {
          "href" : "http://localhost/api/bankAccounts/2959__"
        },
        "master" : {
          "href" : "http://localhost/api/bankAccounts/2959__/master"
        }
      }
    }, {
      "inputUserId" : "ANTHONI",
      "lastUpdateUserId" : "ANTHONI",
      "computerId" : "",
      "lastSynchronizedDate" : null,
      "addressNumber" : "2960",
      "bankId" : "",
      "bankAccountNumber" : "",
      "description" : "",
      "lastUpdateDateTime" : "2018-02-19T10:43:28",
      "inputDateTime" : "2018-02-19T10:43:28",
      "_links" : {
        "self" : {
          "href" : "http://localhost/api/bankAccounts/2960__"
        },
        "bankAccount" : {
          "href" : "http://localhost/api/bankAccounts/2960__"
        },
        "master" : {
          "href" : "http://localhost/api/bankAccounts/2960__/master"
        }
      }
    }, {
      "inputUserId" : "ANTHONI",
      "lastUpdateUserId" : "ANTHONI",
      "computerId" : "",
      "lastSynchronizedDate" : null,
      "addressNumber" : "2961",
      "bankId" : "",
      "bankAccountNumber" : "",
      "description" : "",
      "lastUpdateDateTime" : "2018-02-19T10:46:07",
      "inputDateTime" : "2018-02-19T10:46:07",
      "_links" : {
        "self" : {
          "href" : "http://localhost/api/bankAccounts/2961__"
        },
        "bankAccount" : {
          "href" : "http://localhost/api/bankAccounts/2961__"
        },
        "master" : {
          "href" : "http://localhost/api/bankAccounts/2961__/master"
        }
      }
    }, {
      "inputUserId" : "ANTHONI",
      "lastUpdateUserId" : "ANTHONI",
      "computerId" : "",
      "lastSynchronizedDate" : null,
      "addressNumber" : "2962",
      "bankId" : "",
      "bankAccountNumber" : "",
      "description" : "",
      "lastUpdateDateTime" : "2018-02-19T10:56:39",
      "inputDateTime" : "2018-02-19T10:56:39",
      "_links" : {
        "self" : {
          "href" : "http://localhost/api/bankAccounts/2962__"
        },
        "bankAccount" : {
          "href" : "http://localhost/api/bankAccounts/2962__"
        },
        "master" : {
          "href" : "http://localhost/api/bankAccounts/2962__/master"
        }
      }
    }, {
      "inputUserId" : "ANTHONI",
      "lastUpdateUserId" : "ANTHONI",
      "computerId" : "",
      "lastSynchronizedDate" : null,
      "addressNumber" : "2963",
      "bankId" : "",
      "bankAccountNumber" : "",
      "description" : "",
      "lastUpdateDateTime" : "2018-02-19T10:55:37",
      "inputDateTime" : "2018-02-19T10:55:37",
      "_links" : {
        "self" : {
          "href" : "http://localhost/api/bankAccounts/2963__"
        },
        "bankAccount" : {
          "href" : "http://localhost/api/bankAccounts/2963__"
        },
        "master" : {
          "href" : "http://localhost/api/bankAccounts/2963__/master"
        }
      }
    }, {
      "inputUserId" : "ANTHONI",
      "lastUpdateUserId" : "ANTHONI",
      "computerId" : "",
      "lastSynchronizedDate" : null,
      "addressNumber" : "2964",
      "bankId" : "",
      "bankAccountNumber" : "",
      "description" : "",
      "lastUpdateDateTime" : "2018-02-19T11:00:04",
      "inputDateTime" : "2018-02-19T11:00:04",
      "_links" : {
        "self" : {
          "href" : "http://localhost/api/bankAccounts/2964__"
        },
        "bankAccount" : {
          "href" : "http://localhost/api/bankAccounts/2964__"
        },
        "master" : {
          "href" : "http://localhost/api/bankAccounts/2964__/master"
        }
      }
    }, {
      "inputUserId" : "ANTHONI",
      "lastUpdateUserId" : "ANTHONI",
      "computerId" : "",
      "lastSynchronizedDate" : null,
      "addressNumber" : "2965",
      "bankId" : "",
      "bankAccountNumber" : "",
      "description" : "",
      "lastUpdateDateTime" : "2018-02-19T11:02:15",
      "inputDateTime" : "2018-02-19T11:02:15",
      "_links" : {
        "self" : {
          "href" : "http://localhost/api/bankAccounts/2965__"
        },
        "bankAccount" : {
          "href" : "http://localhost/api/bankAccounts/2965__"
        },
        "master" : {
          "href" : "http://localhost/api/bankAccounts/2965__/master"
        }
      }
    }, {
      "inputUserId" : "ANTHONI",
      "lastUpdateUserId" : "ANTHONI",
      "computerId" : "",
      "lastSynchronizedDate" : null,
      "addressNumber" : "2966",
      "bankId" : "",
      "bankAccountNumber" : "",
      "description" : "",
      "lastUpdateDateTime" : "2018-02-19T11:04:04",
      "inputDateTime" : "2018-02-19T11:04:04",
      "_links" : {
        "self" : {
          "href" : "http://localhost/api/bankAccounts/2966__"
        },
        "bankAccount" : {
          "href" : "http://localhost/api/bankAccounts/2966__"
        },
        "master" : {
          "href" : "http://localhost/api/bankAccounts/2966__/master"
        }
      }
    }, {
      "inputUserId" : "ANTHONI",
      "lastUpdateUserId" : "ANTHONI",
      "computerId" : "",
      "lastSynchronizedDate" : null,
      "addressNumber" : "2967",
      "bankId" : "",
      "bankAccountNumber" : "",
      "description" : "",
      "lastUpdateDateTime" : "2018-02-19T11:05:30",
      "inputDateTime" : "2018-02-19T11:05:30",
      "_links" : {
        "self" : {
          "href" : "http://localhost/api/bankAccounts/2967__"
        },
        "bankAccount" : {
          "href" : "http://localhost/api/bankAccounts/2967__"
        },
        "master" : {
          "href" : "http://localhost/api/bankAccounts/2967__/master"
        }
      }
    }, {
      "inputUserId" : "ANTHONI",
      "lastUpdateUserId" : "ANTHONI",
      "computerId" : "",
      "lastSynchronizedDate" : null,
      "addressNumber" : "2968",
      "bankId" : "",
      "bankAccountNumber" : "",
      "description" : "",
      "lastUpdateDateTime" : "2018-02-19T11:09:34",
      "inputDateTime" : "2018-02-19T11:09:34",
      "_links" : {
        "self" : {
          "href" : "http://localhost/api/bankAccounts/2968__"
        },
        "bankAccount" : {
          "href" : "http://localhost/api/bankAccounts/2968__"
        },
        "master" : {
          "href" : "http://localhost/api/bankAccounts/2968__/master"
        }
      }
    }, {
      "inputUserId" : "ANTHONI",
      "lastUpdateUserId" : "ANTHONI",
      "computerId" : "",
      "lastSynchronizedDate" : null,
      "addressNumber" : "2969",
      "bankId" : "",
      "bankAccountNumber" : "",
      "description" : "",
      "lastUpdateDateTime" : "2018-02-19T10:23:40",
      "inputDateTime" : "2018-02-19T10:23:40",
      "_links" : {
        "self" : {
          "href" : "http://localhost/api/bankAccounts/2969__"
        },
        "bankAccount" : {
          "href" : "http://localhost/api/bankAccounts/2969__"
        },
        "master" : {
          "href" : "http://localhost/api/bankAccounts/2969__/master"
        }
      }
    }, {
      "inputUserId" : "ANTHONI",
      "lastUpdateUserId" : "ANTHONI",
      "computerId" : "",
      "lastSynchronizedDate" : null,
      "addressNumber" : "2970",
      "bankId" : "",
      "bankAccountNumber" : "",
      "description" : "",
      "lastUpdateDateTime" : "2018-02-19T11:11:44",
      "inputDateTime" : "2018-02-19T11:11:44",
      "_links" : {
        "self" : {
          "href" : "http://localhost/api/bankAccounts/2970__"
        },
        "bankAccount" : {
          "href" : "http://localhost/api/bankAccounts/2970__"
        },
        "master" : {
          "href" : "http://localhost/api/bankAccounts/2970__/master"
        }
      }
    }, {
      "inputUserId" : "ANTHONI",
      "lastUpdateUserId" : "ANTHONI",
      "computerId" : "",
      "lastSynchronizedDate" : null,
      "addressNumber" : "2971",
      "bankId" : "",
      "bankAccountNumber" : "",
      "description" : "",
      "lastUpdateDateTime" : "2018-02-19T11:13:18",
      "inputDateTime" : "2018-02-19T11:13:18",
      "_links" : {
        "self" : {
          "href" : "http://localhost/api/bankAccounts/2971__"
        },
        "bankAccount" : {
          "href" : "http://localhost/api/bankAccounts/2971__"
        },
        "master" : {
          "href" : "http://localhost/api/bankAccounts/2971__/master"
        }
      }
    }, {
      "inputUserId" : "ANTHONI",
      "lastUpdateUserId" : "ANTHONI",
      "computerId" : "",
      "lastSynchronizedDate" : null,
      "addressNumber" : "2972",
      "bankId" : "",
      "bankAccountNumber" : "",
      "description" : "",
      "lastUpdateDateTime" : "2018-02-19T11:14:09",
      "inputDateTime" : "2018-02-19T11:14:09",
      "_links" : {
        "self" : {
          "href" : "http://localhost/api/bankAccounts/2972__"
        },
        "bankAccount" : {
          "href" : "http://localhost/api/bankAccounts/2972__"
        },
        "master" : {
          "href" : "http://localhost/api/bankAccounts/2972__/master"
        }
      }
    }, {
      "inputUserId" : "ANTHONI",
      "lastUpdateUserId" : "ANTHONI",
      "computerId" : "",
      "lastSynchronizedDate" : null,
      "addressNumber" : "2973",
      "bankId" : "",
      "bankAccountNumber" : "",
      "description" : "",
      "lastUpdateDateTime" : "2018-02-19T11:15:43",
      "inputDateTime" : "2018-02-19T11:15:43",
      "_links" : {
        "self" : {
          "href" : "http://localhost/api/bankAccounts/2973__"
        },
        "bankAccount" : {
          "href" : "http://localhost/api/bankAccounts/2973__"
        },
        "master" : {
          "href" : "http://localhost/api/bankAccounts/2973__/master"
        }
      }
    }, {
      "inputUserId" : "ANTHONI",
      "lastUpdateUserId" : "ANTHONI",
      "computerId" : "",
      "lastSynchronizedDate" : null,
      "addressNumber" : "2974",
      "bankId" : "",
      "bankAccountNumber" : "",
      "description" : "",
      "lastUpdateDateTime" : "2018-02-19T11:16:32",
      "inputDateTime" : "2018-02-19T11:16:32",
      "_links" : {
        "self" : {
          "href" : "http://localhost/api/bankAccounts/2974__"
        },
        "bankAccount" : {
          "href" : "http://localhost/api/bankAccounts/2974__"
        },
        "master" : {
          "href" : "http://localhost/api/bankAccounts/2974__/master"
        }
      }
    }, {
      "inputUserId" : "ANTHONI",
      "lastUpdateUserId" : "ANTHONI",
      "computerId" : "",
      "lastSynchronizedDate" : null,
      "addressNumber" : "2975",
      "bankId" : "",
      "bankAccountNumber" : "",
      "description" : "",
      "lastUpdateDateTime" : "2018-02-19T11:18:51",
      "inputDateTime" : "2018-02-19T11:18:51",
      "_links" : {
        "self" : {
          "href" : "http://localhost/api/bankAccounts/2975__"
        },
        "bankAccount" : {
          "href" : "http://localhost/api/bankAccounts/2975__"
        },
        "master" : {
          "href" : "http://localhost/api/bankAccounts/2975__/master"
        }
      }
    }, {
      "inputUserId" : "ANTHONI",
      "lastUpdateUserId" : "ANTHONI",
      "computerId" : "",
      "lastSynchronizedDate" : null,
      "addressNumber" : "2976",
      "bankId" : "",
      "bankAccountNumber" : "",
      "description" : "",
      "lastUpdateDateTime" : "2018-02-19T11:20:45",
      "inputDateTime" : "2018-02-19T11:20:45",
      "_links" : {
        "self" : {
          "href" : "http://localhost/api/bankAccounts/2976__"
        },
        "bankAccount" : {
          "href" : "http://localhost/api/bankAccounts/2976__"
        },
        "master" : {
          "href" : "http://localhost/api/bankAccounts/2976__/master"
        }
      }
    }, {
      "inputUserId" : "ANTHONI",
      "lastUpdateUserId" : "ANTHONI",
      "computerId" : "",
      "lastSynchronizedDate" : null,
      "addressNumber" : "2977",
      "bankId" : "",
      "bankAccountNumber" : "",
      "description" : "",
      "lastUpdateDateTime" : "2018-02-19T11:21:53",
      "inputDateTime" : "2018-02-19T11:21:53",
      "_links" : {
        "self" : {
          "href" : "http://localhost/api/bankAccounts/2977__"
        },
        "bankAccount" : {
          "href" : "http://localhost/api/bankAccounts/2977__"
        },
        "master" : {
          "href" : "http://localhost/api/bankAccounts/2977__/master"
        }
      }
    }, {
      "inputUserId" : "ANTHONI",
      "lastUpdateUserId" : "ANTHONI",
      "computerId" : "",
      "lastSynchronizedDate" : null,
      "addressNumber" : "2978",
      "bankId" : "",
      "bankAccountNumber" : "",
      "description" : "",
      "lastUpdateDateTime" : "2018-02-19T11:22:49",
      "inputDateTime" : "2018-02-19T11:22:49",
      "_links" : {
        "self" : {
          "href" : "http://localhost/api/bankAccounts/2978__"
        },
        "bankAccount" : {
          "href" : "http://localhost/api/bankAccounts/2978__"
        },
        "master" : {
          "href" : "http://localhost/api/bankAccounts/2978__/master"
        }
      }
    }, {
      "inputUserId" : "ANTHONI",
      "lastUpdateUserId" : "ANTHONI",
      "computerId" : "",
      "lastSynchronizedDate" : null,
      "addressNumber" : "2979",
      "bankId" : "",
      "bankAccountNumber" : "",
      "description" : "",
      "lastUpdateDateTime" : "2018-02-19T11:34:53",
      "inputDateTime" : "2018-02-19T11:34:53",
      "_links" : {
        "self" : {
          "href" : "http://localhost/api/bankAccounts/2979__"
        },
        "bankAccount" : {
          "href" : "http://localhost/api/bankAccounts/2979__"
        },
        "master" : {
          "href" : "http://localhost/api/bankAccounts/2979__/master"
        }
      }
    }, {
      "inputUserId" : "ANTHONI",
      "lastUpdateUserId" : "ANTHONI",
      "computerId" : "",
      "lastSynchronizedDate" : null,
      "addressNumber" : "2980",
      "bankId" : "",
      "bankAccountNumber" : "",
      "description" : "",
      "lastUpdateDateTime" : "2018-02-20T08:55:28",
      "inputDateTime" : "2018-02-20T08:55:28",
      "_links" : {
        "self" : {
          "href" : "http://localhost/api/bankAccounts/2980__"
        },
        "bankAccount" : {
          "href" : "http://localhost/api/bankAccounts/2980__"
        },
        "master" : {
          "href" : "http://localhost/api/bankAccounts/2980__/master"
        }
      }
    }, {
      "inputUserId" : "ANTHONI",
      "lastUpdateUserId" : "ANTHONI",
      "computerId" : "",
      "lastSynchronizedDate" : null,
      "addressNumber" : "2981",
      "bankId" : "",
      "bankAccountNumber" : "",
      "description" : "",
      "lastUpdateDateTime" : "2018-02-19T11:33:41",
      "inputDateTime" : "2018-02-19T11:33:41",
      "_links" : {
        "self" : {
          "href" : "http://localhost/api/bankAccounts/2981__"
        },
        "bankAccount" : {
          "href" : "http://localhost/api/bankAccounts/2981__"
        },
        "master" : {
          "href" : "http://localhost/api/bankAccounts/2981__/master"
        }
      }
    }, {
      "inputUserId" : "ANTHONI",
      "lastUpdateUserId" : "ANTHONI",
      "computerId" : "",
      "lastSynchronizedDate" : null,
      "addressNumber" : "2982",
      "bankId" : "",
      "bankAccountNumber" : "",
      "description" : "",
      "lastUpdateDateTime" : "2018-02-19T12:00:58",
      "inputDateTime" : "2018-02-19T12:00:58",
      "_links" : {
        "self" : {
          "href" : "http://localhost/api/bankAccounts/2982__"
        },
        "bankAccount" : {
          "href" : "http://localhost/api/bankAccounts/2982__"
        },
        "master" : {
          "href" : "http://localhost/api/bankAccounts/2982__/master"
        }
      }
    }, {
      "inputUserId" : "ANTHONI",
      "lastUpdateUserId" : "ANTHONI",
      "computerId" : "",
      "lastSynchronizedDate" : null,
      "addressNumber" : "2984",
      "bankId" : "",
      "bankAccountNumber" : "",
      "description" : "",
      "lastUpdateDateTime" : "2018-02-20T08:50:49",
      "inputDateTime" : "2018-02-20T08:50:49",
      "_links" : {
        "self" : {
          "href" : "http://localhost/api/bankAccounts/2984__"
        },
        "bankAccount" : {
          "href" : "http://localhost/api/bankAccounts/2984__"
        },
        "master" : {
          "href" : "http://localhost/api/bankAccounts/2984__/master"
        }
      }
    }, {
      "inputUserId" : "ANTHONI",
      "lastUpdateUserId" : "ANTHONI",
      "computerId" : "",
      "lastSynchronizedDate" : null,
      "addressNumber" : "2985",
      "bankId" : "",
      "bankAccountNumber" : "",
      "description" : "",
      "lastUpdateDateTime" : "2018-02-20T08:51:56",
      "inputDateTime" : "2018-02-20T08:51:56",
      "_links" : {
        "self" : {
          "href" : "http://localhost/api/bankAccounts/2985__"
        },
        "bankAccount" : {
          "href" : "http://localhost/api/bankAccounts/2985__"
        },
        "master" : {
          "href" : "http://localhost/api/bankAccounts/2985__/master"
        }
      }
    }, {
      "inputUserId" : "ANTHONI",
      "lastUpdateUserId" : "ANTHONI",
      "computerId" : "",
      "lastSynchronizedDate" : null,
      "addressNumber" : "2986",
      "bankId" : "",
      "bankAccountNumber" : "",
      "description" : "",
      "lastUpdateDateTime" : "2018-02-20T08:56:59",
      "inputDateTime" : "2018-02-20T08:56:59",
      "_links" : {
        "self" : {
          "href" : "http://localhost/api/bankAccounts/2986__"
        },
        "bankAccount" : {
          "href" : "http://localhost/api/bankAccounts/2986__"
        },
        "master" : {
          "href" : "http://localhost/api/bankAccounts/2986__/master"
        }
      }
    }, {
      "inputUserId" : "ANTHONI",
      "lastUpdateUserId" : "ANTHONI",
      "computerId" : "",
      "lastSynchronizedDate" : null,
      "addressNumber" : "2987",
      "bankId" : "",
      "bankAccountNumber" : "",
      "description" : "",
      "lastUpdateDateTime" : "2018-02-19T11:41:45",
      "inputDateTime" : "2018-02-19T11:41:45",
      "_links" : {
        "self" : {
          "href" : "http://localhost/api/bankAccounts/2987__"
        },
        "bankAccount" : {
          "href" : "http://localhost/api/bankAccounts/2987__"
        },
        "master" : {
          "href" : "http://localhost/api/bankAccounts/2987__/master"
        }
      }
    }, {
      "inputUserId" : "ANTHONI",
      "lastUpdateUserId" : "ANTHONI",
      "computerId" : "",
      "lastSynchronizedDate" : null,
      "addressNumber" : "2988",
      "bankId" : "",
      "bankAccountNumber" : "",
      "description" : "",
      "lastUpdateDateTime" : "2018-02-20T08:58:53",
      "inputDateTime" : "2018-02-20T08:58:53",
      "_links" : {
        "self" : {
          "href" : "http://localhost/api/bankAccounts/2988__"
        },
        "bankAccount" : {
          "href" : "http://localhost/api/bankAccounts/2988__"
        },
        "master" : {
          "href" : "http://localhost/api/bankAccounts/2988__/master"
        }
      }
    }, {
      "inputUserId" : "ANTHONI",
      "lastUpdateUserId" : "ANTHONI",
      "computerId" : "",
      "lastSynchronizedDate" : null,
      "addressNumber" : "2989",
      "bankId" : "",
      "bankAccountNumber" : "",
      "description" : "",
      "lastUpdateDateTime" : "2018-02-19T11:30:46",
      "inputDateTime" : "2018-02-19T11:30:46",
      "_links" : {
        "self" : {
          "href" : "http://localhost/api/bankAccounts/2989__"
        },
        "bankAccount" : {
          "href" : "http://localhost/api/bankAccounts/2989__"
        },
        "master" : {
          "href" : "http://localhost/api/bankAccounts/2989__/master"
        }
      }
    }, {
      "inputUserId" : "ANTHONI",
      "lastUpdateUserId" : "ANTHONI",
      "computerId" : "",
      "lastSynchronizedDate" : null,
      "addressNumber" : "2990",
      "bankId" : "",
      "bankAccountNumber" : "",
      "description" : "",
      "lastUpdateDateTime" : "2018-02-19T11:32:54",
      "inputDateTime" : "2018-02-19T11:32:54",
      "_links" : {
        "self" : {
          "href" : "http://localhost/api/bankAccounts/2990__"
        },
        "bankAccount" : {
          "href" : "http://localhost/api/bankAccounts/2990__"
        },
        "master" : {
          "href" : "http://localhost/api/bankAccounts/2990__/master"
        }
      }
    }, {
      "inputUserId" : "ANTHONI",
      "lastUpdateUserId" : "ANTHONI",
      "computerId" : "",
      "lastSynchronizedDate" : null,
      "addressNumber" : "2991",
      "bankId" : "",
      "bankAccountNumber" : "",
      "description" : "",
      "lastUpdateDateTime" : "2018-02-20T09:00:49",
      "inputDateTime" : "2018-02-20T09:00:49",
      "_links" : {
        "self" : {
          "href" : "http://localhost/api/bankAccounts/2991__"
        },
        "bankAccount" : {
          "href" : "http://localhost/api/bankAccounts/2991__"
        },
        "master" : {
          "href" : "http://localhost/api/bankAccounts/2991__/master"
        }
      }
    }, {
      "inputUserId" : "ANTHONI",
      "lastUpdateUserId" : "ANTHONI",
      "computerId" : "",
      "lastSynchronizedDate" : null,
      "addressNumber" : "2992",
      "bankId" : "",
      "bankAccountNumber" : "",
      "description" : "",
      "lastUpdateDateTime" : "2018-02-19T11:38:18",
      "inputDateTime" : "2018-02-19T11:38:18",
      "_links" : {
        "self" : {
          "href" : "http://localhost/api/bankAccounts/2992__"
        },
        "bankAccount" : {
          "href" : "http://localhost/api/bankAccounts/2992__"
        },
        "master" : {
          "href" : "http://localhost/api/bankAccounts/2992__/master"
        }
      }
    }, {
      "inputUserId" : "ANTHONI",
      "lastUpdateUserId" : "ANTHONI",
      "computerId" : "",
      "lastSynchronizedDate" : null,
      "addressNumber" : "2993",
      "bankId" : "",
      "bankAccountNumber" : "",
      "description" : "",
      "lastUpdateDateTime" : "2018-02-19T11:42:09",
      "inputDateTime" : "2018-02-19T11:42:09",
      "_links" : {
        "self" : {
          "href" : "http://localhost/api/bankAccounts/2993__"
        },
        "bankAccount" : {
          "href" : "http://localhost/api/bankAccounts/2993__"
        },
        "master" : {
          "href" : "http://localhost/api/bankAccounts/2993__/master"
        }
      }
    }, {
      "inputUserId" : "ANTHONI",
      "lastUpdateUserId" : "ANTHONI",
      "computerId" : "",
      "lastSynchronizedDate" : null,
      "addressNumber" : "2994",
      "bankId" : "",
      "bankAccountNumber" : "",
      "description" : "",
      "lastUpdateDateTime" : "2018-02-19T11:48:46",
      "inputDateTime" : "2018-02-19T11:48:46",
      "_links" : {
        "self" : {
          "href" : "http://localhost/api/bankAccounts/2994__"
        },
        "bankAccount" : {
          "href" : "http://localhost/api/bankAccounts/2994__"
        },
        "master" : {
          "href" : "http://localhost/api/bankAccounts/2994__/master"
        }
      }
    }, {
      "inputUserId" : "ANTHONI",
      "lastUpdateUserId" : "ANTHONI",
      "computerId" : "",
      "lastSynchronizedDate" : null,
      "addressNumber" : "2995",
      "bankId" : "",
      "bankAccountNumber" : "",
      "description" : "",
      "lastUpdateDateTime" : "2018-02-19T11:50:36",
      "inputDateTime" : "2018-02-19T11:50:36",
      "_links" : {
        "self" : {
          "href" : "http://localhost/api/bankAccounts/2995__"
        },
        "bankAccount" : {
          "href" : "http://localhost/api/bankAccounts/2995__"
        },
        "master" : {
          "href" : "http://localhost/api/bankAccounts/2995__/master"
        }
      }
    }, {
      "inputUserId" : "ANTHONI",
      "lastUpdateUserId" : "ANTHONI",
      "computerId" : "",
      "lastSynchronizedDate" : null,
      "addressNumber" : "2996",
      "bankId" : "",
      "bankAccountNumber" : "",
      "description" : "",
      "lastUpdateDateTime" : "2018-02-20T09:02:45",
      "inputDateTime" : "2018-02-20T09:02:45",
      "_links" : {
        "self" : {
          "href" : "http://localhost/api/bankAccounts/2996__"
        },
        "bankAccount" : {
          "href" : "http://localhost/api/bankAccounts/2996__"
        },
        "master" : {
          "href" : "http://localhost/api/bankAccounts/2996__/master"
        }
      }
    }, {
      "inputUserId" : "ANTHONI",
      "lastUpdateUserId" : "ANTHONI",
      "computerId" : "",
      "lastSynchronizedDate" : null,
      "addressNumber" : "2997",
      "bankId" : "",
      "bankAccountNumber" : "",
      "description" : "",
      "lastUpdateDateTime" : "2018-02-20T09:04:58",
      "inputDateTime" : "2018-02-20T09:04:58",
      "_links" : {
        "self" : {
          "href" : "http://localhost/api/bankAccounts/2997__"
        },
        "bankAccount" : {
          "href" : "http://localhost/api/bankAccounts/2997__"
        },
        "master" : {
          "href" : "http://localhost/api/bankAccounts/2997__/master"
        }
      }
    }, {
      "inputUserId" : "ANTHONI",
      "lastUpdateUserId" : "ANTHONI",
      "computerId" : "",
      "lastSynchronizedDate" : null,
      "addressNumber" : "2998",
      "bankId" : "",
      "bankAccountNumber" : "",
      "description" : "",
      "lastUpdateDateTime" : "2018-02-20T11:40:25",
      "inputDateTime" : "2018-02-20T11:40:25",
      "_links" : {
        "self" : {
          "href" : "http://localhost/api/bankAccounts/2998__"
        },
        "bankAccount" : {
          "href" : "http://localhost/api/bankAccounts/2998__"
        },
        "master" : {
          "href" : "http://localhost/api/bankAccounts/2998__/master"
        }
      }
    }, {
      "inputUserId" : "ANTHONI",
      "lastUpdateUserId" : "ANTHONI",
      "computerId" : "",
      "lastSynchronizedDate" : null,
      "addressNumber" : "2999",
      "bankId" : "",
      "bankAccountNumber" : "",
      "description" : "",
      "lastUpdateDateTime" : "2018-02-20T11:41:17",
      "inputDateTime" : "2018-02-20T11:41:17",
      "_links" : {
        "self" : {
          "href" : "http://localhost/api/bankAccounts/2999__"
        },
        "bankAccount" : {
          "href" : "http://localhost/api/bankAccounts/2999__"
        },
        "master" : {
          "href" : "http://localhost/api/bankAccounts/2999__/master"
        }
      }
    }, {
      "inputUserId" : "ANTHONI",
      "lastUpdateUserId" : "ANTHONI",
      "computerId" : "",
      "lastSynchronizedDate" : null,
      "addressNumber" : "3000",
      "bankId" : "",
      "bankAccountNumber" : "",
      "description" : "",
      "lastUpdateDateTime" : "2018-02-20T11:42:29",
      "inputDateTime" : "2018-02-20T11:42:29",
      "_links" : {
        "self" : {
          "href" : "http://localhost/api/bankAccounts/3000__"
        },
        "bankAccount" : {
          "href" : "http://localhost/api/bankAccounts/3000__"
        },
        "master" : {
          "href" : "http://localhost/api/bankAccounts/3000__/master"
        }
      }
    }, {
      "inputUserId" : "ANTHONI",
      "lastUpdateUserId" : "ANTHONI",
      "computerId" : "",
      "lastSynchronizedDate" : null,
      "addressNumber" : "3001",
      "bankId" : "",
      "bankAccountNumber" : "",
      "description" : "",
      "lastUpdateDateTime" : "2018-02-19T11:07:57",
      "inputDateTime" : "2018-02-19T11:07:57",
      "_links" : {
        "self" : {
          "href" : "http://localhost/api/bankAccounts/3001__"
        },
        "bankAccount" : {
          "href" : "http://localhost/api/bankAccounts/3001__"
        },
        "master" : {
          "href" : "http://localhost/api/bankAccounts/3001__/master"
        }
      }
    }, {
      "inputUserId" : "DEBBY",
      "lastUpdateUserId" : "DEBBY",
      "computerId" : "",
      "lastSynchronizedDate" : null,
      "addressNumber" : "3002",
      "bankId" : "",
      "bankAccountNumber" : "",
      "description" : "",
      "lastUpdateDateTime" : "2018-02-20T17:35:15",
      "inputDateTime" : "2018-02-20T17:35:15",
      "_links" : {
        "self" : {
          "href" : "http://localhost/api/bankAccounts/3002__"
        },
        "bankAccount" : {
          "href" : "http://localhost/api/bankAccounts/3002__"
        },
        "master" : {
          "href" : "http://localhost/api/bankAccounts/3002__/master"
        }
      }
    }, {
      "inputUserId" : "DEBBY",
      "lastUpdateUserId" : "DEBBY",
      "computerId" : "",
      "lastSynchronizedDate" : null,
      "addressNumber" : "3003",
      "bankId" : "",
      "bankAccountNumber" : "",
      "description" : "",
      "lastUpdateDateTime" : "2018-03-02T13:38:37",
      "inputDateTime" : "2018-03-02T13:38:37",
      "_links" : {
        "self" : {
          "href" : "http://localhost/api/bankAccounts/3003__"
        },
        "bankAccount" : {
          "href" : "http://localhost/api/bankAccounts/3003__"
        },
        "master" : {
          "href" : "http://localhost/api/bankAccounts/3003__/master"
        }
      }
    }, {
      "inputUserId" : "DEBBY",
      "lastUpdateUserId" : "DEBBY",
      "computerId" : "",
      "lastSynchronizedDate" : null,
      "addressNumber" : "3004",
      "bankId" : "",
      "bankAccountNumber" : "",
      "description" : "",
      "lastUpdateDateTime" : "2018-03-02T13:40:54",
      "inputDateTime" : "2018-03-02T13:40:54",
      "_links" : {
        "self" : {
          "href" : "http://localhost/api/bankAccounts/3004__"
        },
        "bankAccount" : {
          "href" : "http://localhost/api/bankAccounts/3004__"
        },
        "master" : {
          "href" : "http://localhost/api/bankAccounts/3004__/master"
        }
      }
    }, {
      "inputUserId" : "DEBBY",
      "lastUpdateUserId" : "DEBBY",
      "computerId" : "",
      "lastSynchronizedDate" : null,
      "addressNumber" : "3005",
      "bankId" : "",
      "bankAccountNumber" : "",
      "description" : "",
      "lastUpdateDateTime" : "2018-03-02T13:42:23",
      "inputDateTime" : "2018-03-02T13:42:23",
      "_links" : {
        "self" : {
          "href" : "http://localhost/api/bankAccounts/3005__"
        },
        "bankAccount" : {
          "href" : "http://localhost/api/bankAccounts/3005__"
        },
        "master" : {
          "href" : "http://localhost/api/bankAccounts/3005__/master"
        }
      }
    }, {
      "inputUserId" : "DEBBY",
      "lastUpdateUserId" : "DEBBY",
      "computerId" : "",
      "lastSynchronizedDate" : null,
      "addressNumber" : "3006",
      "bankId" : "",
      "bankAccountNumber" : "",
      "description" : "",
      "lastUpdateDateTime" : "2018-03-01T10:41:36",
      "inputDateTime" : "2018-03-01T10:41:36",
      "_links" : {
        "self" : {
          "href" : "http://localhost/api/bankAccounts/3006__"
        },
        "bankAccount" : {
          "href" : "http://localhost/api/bankAccounts/3006__"
        },
        "master" : {
          "href" : "http://localhost/api/bankAccounts/3006__/master"
        }
      }
    }, {
      "inputUserId" : "DEBBY",
      "lastUpdateUserId" : "DEBBY",
      "computerId" : "",
      "lastSynchronizedDate" : null,
      "addressNumber" : "3007",
      "bankId" : "",
      "bankAccountNumber" : "",
      "description" : "",
      "lastUpdateDateTime" : "2018-03-02T13:47:12",
      "inputDateTime" : "2018-03-02T13:47:12",
      "_links" : {
        "self" : {
          "href" : "http://localhost/api/bankAccounts/3007__"
        },
        "bankAccount" : {
          "href" : "http://localhost/api/bankAccounts/3007__"
        },
        "master" : {
          "href" : "http://localhost/api/bankAccounts/3007__/master"
        }
      }
    }, {
      "inputUserId" : "DEBBY",
      "lastUpdateUserId" : "DEBBY",
      "computerId" : "",
      "lastSynchronizedDate" : null,
      "addressNumber" : "3008",
      "bankId" : "",
      "bankAccountNumber" : "",
      "description" : "",
      "lastUpdateDateTime" : "2018-03-02T13:49:23",
      "inputDateTime" : "2018-03-02T13:49:23",
      "_links" : {
        "self" : {
          "href" : "http://localhost/api/bankAccounts/3008__"
        },
        "bankAccount" : {
          "href" : "http://localhost/api/bankAccounts/3008__"
        },
        "master" : {
          "href" : "http://localhost/api/bankAccounts/3008__/master"
        }
      }
    }, {
      "inputUserId" : "DEBBY",
      "lastUpdateUserId" : "DEBBY",
      "computerId" : "",
      "lastSynchronizedDate" : null,
      "addressNumber" : "3009",
      "bankId" : "",
      "bankAccountNumber" : "",
      "description" : "",
      "lastUpdateDateTime" : "2018-03-02T14:01:10",
      "inputDateTime" : "2018-03-02T14:01:10",
      "_links" : {
        "self" : {
          "href" : "http://localhost/api/bankAccounts/3009__"
        },
        "bankAccount" : {
          "href" : "http://localhost/api/bankAccounts/3009__"
        },
        "master" : {
          "href" : "http://localhost/api/bankAccounts/3009__/master"
        }
      }
    }, {
      "inputUserId" : "DEBBY",
      "lastUpdateUserId" : "DEBBY",
      "computerId" : "",
      "lastSynchronizedDate" : null,
      "addressNumber" : "3010",
      "bankId" : "",
      "bankAccountNumber" : "",
      "description" : "",
      "lastUpdateDateTime" : "2018-03-06T13:43:38",
      "inputDateTime" : "2018-03-06T13:43:38",
      "_links" : {
        "self" : {
          "href" : "http://localhost/api/bankAccounts/3010__"
        },
        "bankAccount" : {
          "href" : "http://localhost/api/bankAccounts/3010__"
        },
        "master" : {
          "href" : "http://localhost/api/bankAccounts/3010__/master"
        }
      }
    }, {
      "inputUserId" : "DEBBY",
      "lastUpdateUserId" : "DEBBY",
      "computerId" : "",
      "lastSynchronizedDate" : null,
      "addressNumber" : "3011",
      "bankId" : "",
      "bankAccountNumber" : "",
      "description" : "",
      "lastUpdateDateTime" : "2018-03-05T16:15:11",
      "inputDateTime" : "2018-03-05T16:15:11",
      "_links" : {
        "self" : {
          "href" : "http://localhost/api/bankAccounts/3011__"
        },
        "bankAccount" : {
          "href" : "http://localhost/api/bankAccounts/3011__"
        },
        "master" : {
          "href" : "http://localhost/api/bankAccounts/3011__/master"
        }
      }
    }, {
      "inputUserId" : "DEBBY",
      "lastUpdateUserId" : "DEBBY",
      "computerId" : "",
      "lastSynchronizedDate" : null,
      "addressNumber" : "3013",
      "bankId" : "",
      "bankAccountNumber" : "",
      "description" : "",
      "lastUpdateDateTime" : "2018-03-05T16:12:18",
      "inputDateTime" : "2018-03-05T16:12:18",
      "_links" : {
        "self" : {
          "href" : "http://localhost/api/bankAccounts/3013__"
        },
        "bankAccount" : {
          "href" : "http://localhost/api/bankAccounts/3013__"
        },
        "master" : {
          "href" : "http://localhost/api/bankAccounts/3013__/master"
        }
      }
    }, {
      "inputUserId" : "DEBBY",
      "lastUpdateUserId" : "DEBBY",
      "computerId" : "",
      "lastSynchronizedDate" : null,
      "addressNumber" : "3015",
      "bankId" : "",
      "bankAccountNumber" : "",
      "description" : "",
      "lastUpdateDateTime" : "2018-03-05T16:28:03",
      "inputDateTime" : "2018-03-05T16:28:03",
      "_links" : {
        "self" : {
          "href" : "http://localhost/api/bankAccounts/3015__"
        },
        "bankAccount" : {
          "href" : "http://localhost/api/bankAccounts/3015__"
        },
        "master" : {
          "href" : "http://localhost/api/bankAccounts/3015__/master"
        }
      }
    }, {
      "inputUserId" : "DEBBY",
      "lastUpdateUserId" : "DEBBY",
      "computerId" : "",
      "lastSynchronizedDate" : null,
      "addressNumber" : "3016",
      "bankId" : "",
      "bankAccountNumber" : "",
      "description" : "",
      "lastUpdateDateTime" : "2018-03-06T11:31:53",
      "inputDateTime" : "2018-03-06T11:31:53",
      "_links" : {
        "self" : {
          "href" : "http://localhost/api/bankAccounts/3016__"
        },
        "bankAccount" : {
          "href" : "http://localhost/api/bankAccounts/3016__"
        },
        "master" : {
          "href" : "http://localhost/api/bankAccounts/3016__/master"
        }
      }
    }, {
      "inputUserId" : "DEBBY",
      "lastUpdateUserId" : "DEBBY",
      "computerId" : "",
      "lastSynchronizedDate" : null,
      "addressNumber" : "3017",
      "bankId" : "",
      "bankAccountNumber" : "",
      "description" : "",
      "lastUpdateDateTime" : "2018-03-06T11:38:43",
      "inputDateTime" : "2018-03-06T11:38:43",
      "_links" : {
        "self" : {
          "href" : "http://localhost/api/bankAccounts/3017__"
        },
        "bankAccount" : {
          "href" : "http://localhost/api/bankAccounts/3017__"
        },
        "master" : {
          "href" : "http://localhost/api/bankAccounts/3017__/master"
        }
      }
    }, {
      "inputUserId" : "DEBBY",
      "lastUpdateUserId" : "DEBBY",
      "computerId" : "",
      "lastSynchronizedDate" : null,
      "addressNumber" : "3018",
      "bankId" : "",
      "bankAccountNumber" : "",
      "description" : "",
      "lastUpdateDateTime" : "2018-03-06T13:16:20",
      "inputDateTime" : "2018-03-06T13:16:20",
      "_links" : {
        "self" : {
          "href" : "http://localhost/api/bankAccounts/3018__"
        },
        "bankAccount" : {
          "href" : "http://localhost/api/bankAccounts/3018__"
        },
        "master" : {
          "href" : "http://localhost/api/bankAccounts/3018__/master"
        }
      }
    }, {
      "inputUserId" : "DEBBY",
      "lastUpdateUserId" : "DEBBY",
      "computerId" : "",
      "lastSynchronizedDate" : null,
      "addressNumber" : "3019",
      "bankId" : "",
      "bankAccountNumber" : "",
      "description" : "",
      "lastUpdateDateTime" : "2018-03-06T13:42:11",
      "inputDateTime" : "2018-03-06T13:42:11",
      "_links" : {
        "self" : {
          "href" : "http://localhost/api/bankAccounts/3019__"
        },
        "bankAccount" : {
          "href" : "http://localhost/api/bankAccounts/3019__"
        },
        "master" : {
          "href" : "http://localhost/api/bankAccounts/3019__/master"
        }
      }
    }, {
      "inputUserId" : "DEBBY",
      "lastUpdateUserId" : "DEBBY",
      "computerId" : "",
      "lastSynchronizedDate" : null,
      "addressNumber" : "3020",
      "bankId" : "",
      "bankAccountNumber" : "",
      "description" : "",
      "lastUpdateDateTime" : "2018-03-06T13:51:40",
      "inputDateTime" : "2018-03-06T13:51:40",
      "_links" : {
        "self" : {
          "href" : "http://localhost/api/bankAccounts/3020__"
        },
        "bankAccount" : {
          "href" : "http://localhost/api/bankAccounts/3020__"
        },
        "master" : {
          "href" : "http://localhost/api/bankAccounts/3020__/master"
        }
      }
    }, {
      "inputUserId" : "DEBBY",
      "lastUpdateUserId" : "DEBBY",
      "computerId" : "",
      "lastSynchronizedDate" : null,
      "addressNumber" : "3021",
      "bankId" : "",
      "bankAccountNumber" : "",
      "description" : "",
      "lastUpdateDateTime" : "2018-03-07T09:15:54",
      "inputDateTime" : "2018-03-07T09:15:54",
      "_links" : {
        "self" : {
          "href" : "http://localhost/api/bankAccounts/3021__"
        },
        "bankAccount" : {
          "href" : "http://localhost/api/bankAccounts/3021__"
        },
        "master" : {
          "href" : "http://localhost/api/bankAccounts/3021__/master"
        }
      }
    }, {
      "inputUserId" : "DEBBY",
      "lastUpdateUserId" : "DEBBY",
      "computerId" : "",
      "lastSynchronizedDate" : null,
      "addressNumber" : "3022",
      "bankId" : "",
      "bankAccountNumber" : "",
      "description" : "",
      "lastUpdateDateTime" : "2018-03-07T10:02:13",
      "inputDateTime" : "2018-03-07T10:02:13",
      "_links" : {
        "self" : {
          "href" : "http://localhost/api/bankAccounts/3022__"
        },
        "bankAccount" : {
          "href" : "http://localhost/api/bankAccounts/3022__"
        },
        "master" : {
          "href" : "http://localhost/api/bankAccounts/3022__/master"
        }
      }
    }, {
      "inputUserId" : "DEBBY",
      "lastUpdateUserId" : "DEBBY",
      "computerId" : "",
      "lastSynchronizedDate" : null,
      "addressNumber" : "3023",
      "bankId" : "",
      "bankAccountNumber" : "",
      "description" : "",
      "lastUpdateDateTime" : "2018-03-07T10:30:31",
      "inputDateTime" : "2018-03-07T10:30:31",
      "_links" : {
        "self" : {
          "href" : "http://localhost/api/bankAccounts/3023__"
        },
        "bankAccount" : {
          "href" : "http://localhost/api/bankAccounts/3023__"
        },
        "master" : {
          "href" : "http://localhost/api/bankAccounts/3023__/master"
        }
      }
    }, {
      "inputUserId" : "DEBBY",
      "lastUpdateUserId" : "DEBBY",
      "computerId" : "",
      "lastSynchronizedDate" : null,
      "addressNumber" : "3024",
      "bankId" : "",
      "bankAccountNumber" : "",
      "description" : "",
      "lastUpdateDateTime" : "2018-03-07T10:36:17",
      "inputDateTime" : "2018-03-07T10:36:17",
      "_links" : {
        "self" : {
          "href" : "http://localhost/api/bankAccounts/3024__"
        },
        "bankAccount" : {
          "href" : "http://localhost/api/bankAccounts/3024__"
        },
        "master" : {
          "href" : "http://localhost/api/bankAccounts/3024__/master"
        }
      }
    }, {
      "inputUserId" : "DEBBY",
      "lastUpdateUserId" : "DEBBY",
      "computerId" : "",
      "lastSynchronizedDate" : null,
      "addressNumber" : "3025",
      "bankId" : "",
      "bankAccountNumber" : "",
      "description" : "",
      "lastUpdateDateTime" : "2018-03-07T10:46:19",
      "inputDateTime" : "2018-03-07T10:46:19",
      "_links" : {
        "self" : {
          "href" : "http://localhost/api/bankAccounts/3025__"
        },
        "bankAccount" : {
          "href" : "http://localhost/api/bankAccounts/3025__"
        },
        "master" : {
          "href" : "http://localhost/api/bankAccounts/3025__/master"
        }
      }
    }, {
      "inputUserId" : "DEBBY",
      "lastUpdateUserId" : "DEBBY",
      "computerId" : "",
      "lastSynchronizedDate" : null,
      "addressNumber" : "3026",
      "bankId" : "",
      "bankAccountNumber" : "",
      "description" : "",
      "lastUpdateDateTime" : "2018-03-08T15:24:51",
      "inputDateTime" : "2018-03-08T15:24:51",
      "_links" : {
        "self" : {
          "href" : "http://localhost/api/bankAccounts/3026__"
        },
        "bankAccount" : {
          "href" : "http://localhost/api/bankAccounts/3026__"
        },
        "master" : {
          "href" : "http://localhost/api/bankAccounts/3026__/master"
        }
      }
    }, {
      "inputUserId" : "DEBBY",
      "lastUpdateUserId" : "DEBBY",
      "computerId" : "",
      "lastSynchronizedDate" : null,
      "addressNumber" : "3027",
      "bankId" : "",
      "bankAccountNumber" : "",
      "description" : "",
      "lastUpdateDateTime" : "2018-03-07T17:15:01",
      "inputDateTime" : "2018-03-07T17:15:01",
      "_links" : {
        "self" : {
          "href" : "http://localhost/api/bankAccounts/3027__"
        },
        "bankAccount" : {
          "href" : "http://localhost/api/bankAccounts/3027__"
        },
        "master" : {
          "href" : "http://localhost/api/bankAccounts/3027__/master"
        }
      }
    }, {
      "inputUserId" : "DEBBY",
      "lastUpdateUserId" : "DEBBY",
      "computerId" : "",
      "lastSynchronizedDate" : null,
      "addressNumber" : "3028",
      "bankId" : "",
      "bankAccountNumber" : "",
      "description" : "",
      "lastUpdateDateTime" : "2018-03-07T17:15:49",
      "inputDateTime" : "2018-03-07T17:15:49",
      "_links" : {
        "self" : {
          "href" : "http://localhost/api/bankAccounts/3028__"
        },
        "bankAccount" : {
          "href" : "http://localhost/api/bankAccounts/3028__"
        },
        "master" : {
          "href" : "http://localhost/api/bankAccounts/3028__/master"
        }
      }
    }, {
      "inputUserId" : "DEBBY",
      "lastUpdateUserId" : "DEBBY",
      "computerId" : "",
      "lastSynchronizedDate" : null,
      "addressNumber" : "3029",
      "bankId" : "",
      "bankAccountNumber" : "",
      "description" : "",
      "lastUpdateDateTime" : "2018-03-07T17:16:31",
      "inputDateTime" : "2018-03-07T17:16:31",
      "_links" : {
        "self" : {
          "href" : "http://localhost/api/bankAccounts/3029__"
        },
        "bankAccount" : {
          "href" : "http://localhost/api/bankAccounts/3029__"
        },
        "master" : {
          "href" : "http://localhost/api/bankAccounts/3029__/master"
        }
      }
    }, {
      "inputUserId" : "DEBBY",
      "lastUpdateUserId" : "DEBBY",
      "computerId" : "",
      "lastSynchronizedDate" : null,
      "addressNumber" : "3030",
      "bankId" : "",
      "bankAccountNumber" : "",
      "description" : "",
      "lastUpdateDateTime" : "2018-03-08T09:23:45",
      "inputDateTime" : "2018-03-08T09:23:45",
      "_links" : {
        "self" : {
          "href" : "http://localhost/api/bankAccounts/3030__"
        },
        "bankAccount" : {
          "href" : "http://localhost/api/bankAccounts/3030__"
        },
        "master" : {
          "href" : "http://localhost/api/bankAccounts/3030__/master"
        }
      }
    }, {
      "inputUserId" : "DEBBY",
      "lastUpdateUserId" : "DEBBY",
      "computerId" : "",
      "lastSynchronizedDate" : null,
      "addressNumber" : "3031",
      "bankId" : "",
      "bankAccountNumber" : "",
      "description" : "",
      "lastUpdateDateTime" : "2018-03-08T10:33:10",
      "inputDateTime" : "2018-03-08T10:33:10",
      "_links" : {
        "self" : {
          "href" : "http://localhost/api/bankAccounts/3031__"
        },
        "bankAccount" : {
          "href" : "http://localhost/api/bankAccounts/3031__"
        },
        "master" : {
          "href" : "http://localhost/api/bankAccounts/3031__/master"
        }
      }
    }, {
      "inputUserId" : "DEBBY",
      "lastUpdateUserId" : "DEBBY",
      "computerId" : "",
      "lastSynchronizedDate" : null,
      "addressNumber" : "3032",
      "bankId" : "",
      "bankAccountNumber" : "",
      "description" : "",
      "lastUpdateDateTime" : "2018-03-08T11:14:44",
      "inputDateTime" : "2018-03-08T11:14:44",
      "_links" : {
        "self" : {
          "href" : "http://localhost/api/bankAccounts/3032__"
        },
        "bankAccount" : {
          "href" : "http://localhost/api/bankAccounts/3032__"
        },
        "master" : {
          "href" : "http://localhost/api/bankAccounts/3032__/master"
        }
      }
    }, {
      "inputUserId" : "DEBBY",
      "lastUpdateUserId" : "DEBBY",
      "computerId" : "",
      "lastSynchronizedDate" : null,
      "addressNumber" : "3033",
      "bankId" : "",
      "bankAccountNumber" : "",
      "description" : "",
      "lastUpdateDateTime" : "2018-03-08T13:22:23",
      "inputDateTime" : "2018-03-08T13:22:23",
      "_links" : {
        "self" : {
          "href" : "http://localhost/api/bankAccounts/3033__"
        },
        "bankAccount" : {
          "href" : "http://localhost/api/bankAccounts/3033__"
        },
        "master" : {
          "href" : "http://localhost/api/bankAccounts/3033__/master"
        }
      }
    }, {
      "inputUserId" : "DEBBY",
      "lastUpdateUserId" : "DEBBY",
      "computerId" : "",
      "lastSynchronizedDate" : null,
      "addressNumber" : "3034",
      "bankId" : "",
      "bankAccountNumber" : "",
      "description" : "",
      "lastUpdateDateTime" : "2018-03-08T13:23:41",
      "inputDateTime" : "2018-03-08T13:23:41",
      "_links" : {
        "self" : {
          "href" : "http://localhost/api/bankAccounts/3034__"
        },
        "bankAccount" : {
          "href" : "http://localhost/api/bankAccounts/3034__"
        },
        "master" : {
          "href" : "http://localhost/api/bankAccounts/3034__/master"
        }
      }
    }, {
      "inputUserId" : "DEBBY",
      "lastUpdateUserId" : "DEBBY",
      "computerId" : "",
      "lastSynchronizedDate" : null,
      "addressNumber" : "3035",
      "bankId" : "",
      "bankAccountNumber" : "",
      "description" : "",
      "lastUpdateDateTime" : "2018-03-08T09:37:26",
      "inputDateTime" : "2018-03-08T09:37:26",
      "_links" : {
        "self" : {
          "href" : "http://localhost/api/bankAccounts/3035__"
        },
        "bankAccount" : {
          "href" : "http://localhost/api/bankAccounts/3035__"
        },
        "master" : {
          "href" : "http://localhost/api/bankAccounts/3035__/master"
        }
      }
    }, {
      "inputUserId" : "DEBBY",
      "lastUpdateUserId" : "DEBBY",
      "computerId" : "",
      "lastSynchronizedDate" : null,
      "addressNumber" : "3036",
      "bankId" : "",
      "bankAccountNumber" : "",
      "description" : "",
      "lastUpdateDateTime" : "2018-03-08T17:14:05",
      "inputDateTime" : "2018-03-08T17:14:05",
      "_links" : {
        "self" : {
          "href" : "http://localhost/api/bankAccounts/3036__"
        },
        "bankAccount" : {
          "href" : "http://localhost/api/bankAccounts/3036__"
        },
        "master" : {
          "href" : "http://localhost/api/bankAccounts/3036__/master"
        }
      }
    }, {
      "inputUserId" : "DEBBY",
      "lastUpdateUserId" : "DEBBY",
      "computerId" : "",
      "lastSynchronizedDate" : null,
      "addressNumber" : "3037",
      "bankId" : "",
      "bankAccountNumber" : "",
      "description" : "",
      "lastUpdateDateTime" : "2018-03-09T09:48:33",
      "inputDateTime" : "2018-03-09T09:48:33",
      "_links" : {
        "self" : {
          "href" : "http://localhost/api/bankAccounts/3037__"
        },
        "bankAccount" : {
          "href" : "http://localhost/api/bankAccounts/3037__"
        },
        "master" : {
          "href" : "http://localhost/api/bankAccounts/3037__/master"
        }
      }
    }, {
      "inputUserId" : "DEBBY",
      "lastUpdateUserId" : "DEBBY",
      "computerId" : "",
      "lastSynchronizedDate" : null,
      "addressNumber" : "3038",
      "bankId" : "",
      "bankAccountNumber" : "",
      "description" : "",
      "lastUpdateDateTime" : "2018-03-09T09:55:56",
      "inputDateTime" : "2018-03-09T09:55:56",
      "_links" : {
        "self" : {
          "href" : "http://localhost/api/bankAccounts/3038__"
        },
        "bankAccount" : {
          "href" : "http://localhost/api/bankAccounts/3038__"
        },
        "master" : {
          "href" : "http://localhost/api/bankAccounts/3038__/master"
        }
      }
    }, {
      "inputUserId" : "DEBBY",
      "lastUpdateUserId" : "DEBBY",
      "computerId" : "",
      "lastSynchronizedDate" : null,
      "addressNumber" : "3039",
      "bankId" : "",
      "bankAccountNumber" : "",
      "description" : "",
      "lastUpdateDateTime" : "2018-03-09T10:17:12",
      "inputDateTime" : "2018-03-09T10:17:12",
      "_links" : {
        "self" : {
          "href" : "http://localhost/api/bankAccounts/3039__"
        },
        "bankAccount" : {
          "href" : "http://localhost/api/bankAccounts/3039__"
        },
        "master" : {
          "href" : "http://localhost/api/bankAccounts/3039__/master"
        }
      }
    }, {
      "inputUserId" : "DEBBY",
      "lastUpdateUserId" : "DEBBY",
      "computerId" : "",
      "lastSynchronizedDate" : null,
      "addressNumber" : "3040",
      "bankId" : "",
      "bankAccountNumber" : "",
      "description" : "",
      "lastUpdateDateTime" : "2018-03-09T11:03:05",
      "inputDateTime" : "2018-03-09T11:03:05",
      "_links" : {
        "self" : {
          "href" : "http://localhost/api/bankAccounts/3040__"
        },
        "bankAccount" : {
          "href" : "http://localhost/api/bankAccounts/3040__"
        },
        "master" : {
          "href" : "http://localhost/api/bankAccounts/3040__/master"
        }
      }
    }, {
      "inputUserId" : "DEBBY",
      "lastUpdateUserId" : "DEBBY",
      "computerId" : "",
      "lastSynchronizedDate" : null,
      "addressNumber" : "3041",
      "bankId" : "",
      "bankAccountNumber" : "",
      "description" : "",
      "lastUpdateDateTime" : "2018-03-09T11:04:07",
      "inputDateTime" : "2018-03-09T11:04:07",
      "_links" : {
        "self" : {
          "href" : "http://localhost/api/bankAccounts/3041__"
        },
        "bankAccount" : {
          "href" : "http://localhost/api/bankAccounts/3041__"
        },
        "master" : {
          "href" : "http://localhost/api/bankAccounts/3041__/master"
        }
      }
    }, {
      "inputUserId" : "DEBBY",
      "lastUpdateUserId" : "DEBBY",
      "computerId" : "",
      "lastSynchronizedDate" : null,
      "addressNumber" : "3042",
      "bankId" : "",
      "bankAccountNumber" : "",
      "description" : "",
      "lastUpdateDateTime" : "2018-03-09T11:04:46",
      "inputDateTime" : "2018-03-09T11:04:46",
      "_links" : {
        "self" : {
          "href" : "http://localhost/api/bankAccounts/3042__"
        },
        "bankAccount" : {
          "href" : "http://localhost/api/bankAccounts/3042__"
        },
        "master" : {
          "href" : "http://localhost/api/bankAccounts/3042__/master"
        }
      }
    }, {
      "inputUserId" : "DEBBY",
      "lastUpdateUserId" : "DEBBY",
      "computerId" : "",
      "lastSynchronizedDate" : null,
      "addressNumber" : "3043",
      "bankId" : "",
      "bankAccountNumber" : "",
      "description" : "",
      "lastUpdateDateTime" : "2018-03-09T11:05:51",
      "inputDateTime" : "2018-03-09T11:05:51",
      "_links" : {
        "self" : {
          "href" : "http://localhost/api/bankAccounts/3043__"
        },
        "bankAccount" : {
          "href" : "http://localhost/api/bankAccounts/3043__"
        },
        "master" : {
          "href" : "http://localhost/api/bankAccounts/3043__/master"
        }
      }
    }, {
      "inputUserId" : "DEBBY",
      "lastUpdateUserId" : "DEBBY",
      "computerId" : "",
      "lastSynchronizedDate" : null,
      "addressNumber" : "3044",
      "bankId" : "",
      "bankAccountNumber" : "",
      "description" : "",
      "lastUpdateDateTime" : "2018-03-09T15:41:53",
      "inputDateTime" : "2018-03-09T15:41:53",
      "_links" : {
        "self" : {
          "href" : "http://localhost/api/bankAccounts/3044__"
        },
        "bankAccount" : {
          "href" : "http://localhost/api/bankAccounts/3044__"
        },
        "master" : {
          "href" : "http://localhost/api/bankAccounts/3044__/master"
        }
      }
    }, {
      "inputUserId" : "DEBBY",
      "lastUpdateUserId" : "DEBBY",
      "computerId" : "",
      "lastSynchronizedDate" : null,
      "addressNumber" : "3045",
      "bankId" : "",
      "bankAccountNumber" : "",
      "description" : "",
      "lastUpdateDateTime" : "2018-03-09T16:02:55",
      "inputDateTime" : "2018-03-09T16:02:55",
      "_links" : {
        "self" : {
          "href" : "http://localhost/api/bankAccounts/3045__"
        },
        "bankAccount" : {
          "href" : "http://localhost/api/bankAccounts/3045__"
        },
        "master" : {
          "href" : "http://localhost/api/bankAccounts/3045__/master"
        }
      }
    }, {
      "inputUserId" : "ANTHONI",
      "lastUpdateUserId" : "ANTHONI",
      "computerId" : "",
      "lastSynchronizedDate" : null,
      "addressNumber" : "3046",
      "bankId" : "",
      "bankAccountNumber" : "",
      "description" : "",
      "lastUpdateDateTime" : "2018-03-12T13:30:35",
      "inputDateTime" : "2018-03-12T13:30:35",
      "_links" : {
        "self" : {
          "href" : "http://localhost/api/bankAccounts/3046__"
        },
        "bankAccount" : {
          "href" : "http://localhost/api/bankAccounts/3046__"
        },
        "master" : {
          "href" : "http://localhost/api/bankAccounts/3046__/master"
        }
      }
    }, {
      "inputUserId" : "ANTHONI",
      "lastUpdateUserId" : "ANTHONI",
      "computerId" : "",
      "lastSynchronizedDate" : null,
      "addressNumber" : "3047",
      "bankId" : "",
      "bankAccountNumber" : "",
      "description" : "",
      "lastUpdateDateTime" : "2018-03-12T13:57:37",
      "inputDateTime" : "2018-03-12T13:57:37",
      "_links" : {
        "self" : {
          "href" : "http://localhost/api/bankAccounts/3047__"
        },
        "bankAccount" : {
          "href" : "http://localhost/api/bankAccounts/3047__"
        },
        "master" : {
          "href" : "http://localhost/api/bankAccounts/3047__/master"
        }
      }
    }, {
      "inputUserId" : "ANTHONI",
      "lastUpdateUserId" : "ANTHONI",
      "computerId" : "",
      "lastSynchronizedDate" : null,
      "addressNumber" : "3048",
      "bankId" : "",
      "bankAccountNumber" : "",
      "description" : "",
      "lastUpdateDateTime" : "2018-03-14T10:27:20",
      "inputDateTime" : "2018-03-14T10:27:20",
      "_links" : {
        "self" : {
          "href" : "http://localhost/api/bankAccounts/3048__"
        },
        "bankAccount" : {
          "href" : "http://localhost/api/bankAccounts/3048__"
        },
        "master" : {
          "href" : "http://localhost/api/bankAccounts/3048__/master"
        }
      }
    }, {
      "inputUserId" : "ANTHONI",
      "lastUpdateUserId" : "ANTHONI",
      "computerId" : "",
      "lastSynchronizedDate" : null,
      "addressNumber" : "3049",
      "bankId" : "",
      "bankAccountNumber" : "",
      "description" : "",
      "lastUpdateDateTime" : "2018-03-14T11:21:21",
      "inputDateTime" : "2018-03-14T11:21:21",
      "_links" : {
        "self" : {
          "href" : "http://localhost/api/bankAccounts/3049__"
        },
        "bankAccount" : {
          "href" : "http://localhost/api/bankAccounts/3049__"
        },
        "master" : {
          "href" : "http://localhost/api/bankAccounts/3049__/master"
        }
      }
    }, {
      "inputUserId" : "DEBBY",
      "lastUpdateUserId" : "DEBBY",
      "computerId" : "",
      "lastSynchronizedDate" : null,
      "addressNumber" : "3050",
      "bankId" : "",
      "bankAccountNumber" : "",
      "description" : "",
      "lastUpdateDateTime" : "2018-03-08T17:47:16",
      "inputDateTime" : "2018-03-08T17:47:16",
      "_links" : {
        "self" : {
          "href" : "http://localhost/api/bankAccounts/3050__"
        },
        "bankAccount" : {
          "href" : "http://localhost/api/bankAccounts/3050__"
        },
        "master" : {
          "href" : "http://localhost/api/bankAccounts/3050__/master"
        }
      }
    }, {
      "inputUserId" : "ANTHONI",
      "lastUpdateUserId" : "ANTHONI",
      "computerId" : "",
      "lastSynchronizedDate" : null,
      "addressNumber" : "3051",
      "bankId" : "",
      "bankAccountNumber" : "",
      "description" : "",
      "lastUpdateDateTime" : "2018-03-14T11:27:35",
      "inputDateTime" : "2018-03-14T11:27:35",
      "_links" : {
        "self" : {
          "href" : "http://localhost/api/bankAccounts/3051__"
        },
        "bankAccount" : {
          "href" : "http://localhost/api/bankAccounts/3051__"
        },
        "master" : {
          "href" : "http://localhost/api/bankAccounts/3051__/master"
        }
      }
    }, {
      "inputUserId" : "ANTHONI",
      "lastUpdateUserId" : "ANTHONI",
      "computerId" : "",
      "lastSynchronizedDate" : null,
      "addressNumber" : "3052",
      "bankId" : "",
      "bankAccountNumber" : "",
      "description" : "",
      "lastUpdateDateTime" : "2018-03-14T11:54:41",
      "inputDateTime" : "2018-03-14T11:54:41",
      "_links" : {
        "self" : {
          "href" : "http://localhost/api/bankAccounts/3052__"
        },
        "bankAccount" : {
          "href" : "http://localhost/api/bankAccounts/3052__"
        },
        "master" : {
          "href" : "http://localhost/api/bankAccounts/3052__/master"
        }
      }
    }, {
      "inputUserId" : "ANTHONI",
      "lastUpdateUserId" : "ANTHONI",
      "computerId" : "",
      "lastSynchronizedDate" : null,
      "addressNumber" : "3053",
      "bankId" : "",
      "bankAccountNumber" : "",
      "description" : "",
      "lastUpdateDateTime" : "2018-03-14T15:46:41",
      "inputDateTime" : "2018-03-14T15:46:41",
      "_links" : {
        "self" : {
          "href" : "http://localhost/api/bankAccounts/3053__"
        },
        "bankAccount" : {
          "href" : "http://localhost/api/bankAccounts/3053__"
        },
        "master" : {
          "href" : "http://localhost/api/bankAccounts/3053__/master"
        }
      }
    }, {
      "inputUserId" : "ANTHONI",
      "lastUpdateUserId" : "ANTHONI",
      "computerId" : "",
      "lastSynchronizedDate" : null,
      "addressNumber" : "3054",
      "bankId" : "",
      "bankAccountNumber" : "",
      "description" : "",
      "lastUpdateDateTime" : "2018-03-15T09:31:57",
      "inputDateTime" : "2018-03-15T09:31:57",
      "_links" : {
        "self" : {
          "href" : "http://localhost/api/bankAccounts/3054__"
        },
        "bankAccount" : {
          "href" : "http://localhost/api/bankAccounts/3054__"
        },
        "master" : {
          "href" : "http://localhost/api/bankAccounts/3054__/master"
        }
      }
    }, {
      "inputUserId" : "ANTHONI",
      "lastUpdateUserId" : "ANTHONI",
      "computerId" : "",
      "lastSynchronizedDate" : null,
      "addressNumber" : "3055",
      "bankId" : "",
      "bankAccountNumber" : "",
      "description" : "",
      "lastUpdateDateTime" : "2018-03-15T13:53:17",
      "inputDateTime" : "2018-03-15T13:53:17",
      "_links" : {
        "self" : {
          "href" : "http://localhost/api/bankAccounts/3055__"
        },
        "bankAccount" : {
          "href" : "http://localhost/api/bankAccounts/3055__"
        },
        "master" : {
          "href" : "http://localhost/api/bankAccounts/3055__/master"
        }
      }
    }, {
      "inputUserId" : "ANTHONI",
      "lastUpdateUserId" : "ANTHONI",
      "computerId" : "",
      "lastSynchronizedDate" : null,
      "addressNumber" : "3056",
      "bankId" : "",
      "bankAccountNumber" : "",
      "description" : "",
      "lastUpdateDateTime" : "2018-03-15T13:55:15",
      "inputDateTime" : "2018-03-15T13:55:15",
      "_links" : {
        "self" : {
          "href" : "http://localhost/api/bankAccounts/3056__"
        },
        "bankAccount" : {
          "href" : "http://localhost/api/bankAccounts/3056__"
        },
        "master" : {
          "href" : "http://localhost/api/bankAccounts/3056__/master"
        }
      }
    }, {
      "inputUserId" : "ANTHONI",
      "lastUpdateUserId" : "ANTHONI",
      "computerId" : "",
      "lastSynchronizedDate" : null,
      "addressNumber" : "3057",
      "bankId" : "",
      "bankAccountNumber" : "",
      "description" : "",
      "lastUpdateDateTime" : "2018-03-15T11:41:04",
      "inputDateTime" : "2018-03-15T11:41:04",
      "_links" : {
        "self" : {
          "href" : "http://localhost/api/bankAccounts/3057__"
        },
        "bankAccount" : {
          "href" : "http://localhost/api/bankAccounts/3057__"
        },
        "master" : {
          "href" : "http://localhost/api/bankAccounts/3057__/master"
        }
      }
    }, {
      "inputUserId" : "ANTHONI",
      "lastUpdateUserId" : "ANTHONI",
      "computerId" : "",
      "lastSynchronizedDate" : null,
      "addressNumber" : "3058",
      "bankId" : "",
      "bankAccountNumber" : "",
      "description" : "",
      "lastUpdateDateTime" : "2018-03-15T14:05:21",
      "inputDateTime" : "2018-03-15T14:05:21",
      "_links" : {
        "self" : {
          "href" : "http://localhost/api/bankAccounts/3058__"
        },
        "bankAccount" : {
          "href" : "http://localhost/api/bankAccounts/3058__"
        },
        "master" : {
          "href" : "http://localhost/api/bankAccounts/3058__/master"
        }
      }
    }, {
      "inputUserId" : "ANTHONI",
      "lastUpdateUserId" : "ANTHONI",
      "computerId" : "",
      "lastSynchronizedDate" : null,
      "addressNumber" : "3059",
      "bankId" : "",
      "bankAccountNumber" : "",
      "description" : "",
      "lastUpdateDateTime" : "2018-03-14T16:36:37",
      "inputDateTime" : "2018-03-14T16:36:37",
      "_links" : {
        "self" : {
          "href" : "http://localhost/api/bankAccounts/3059__"
        },
        "bankAccount" : {
          "href" : "http://localhost/api/bankAccounts/3059__"
        },
        "master" : {
          "href" : "http://localhost/api/bankAccounts/3059__/master"
        }
      }
    }, {
      "inputUserId" : "ANTHONI",
      "lastUpdateUserId" : "ANTHONI",
      "computerId" : "",
      "lastSynchronizedDate" : null,
      "addressNumber" : "3060",
      "bankId" : "",
      "bankAccountNumber" : "",
      "description" : "",
      "lastUpdateDateTime" : "2018-03-15T14:22:19",
      "inputDateTime" : "2018-03-15T14:22:19",
      "_links" : {
        "self" : {
          "href" : "http://localhost/api/bankAccounts/3060__"
        },
        "bankAccount" : {
          "href" : "http://localhost/api/bankAccounts/3060__"
        },
        "master" : {
          "href" : "http://localhost/api/bankAccounts/3060__/master"
        }
      }
    }, {
      "inputUserId" : "ANTHONI",
      "lastUpdateUserId" : "ANTHONI",
      "computerId" : "",
      "lastSynchronizedDate" : null,
      "addressNumber" : "3061",
      "bankId" : "",
      "bankAccountNumber" : "",
      "description" : "",
      "lastUpdateDateTime" : "2018-03-15T14:30:06",
      "inputDateTime" : "2018-03-15T14:30:06",
      "_links" : {
        "self" : {
          "href" : "http://localhost/api/bankAccounts/3061__"
        },
        "bankAccount" : {
          "href" : "http://localhost/api/bankAccounts/3061__"
        },
        "master" : {
          "href" : "http://localhost/api/bankAccounts/3061__/master"
        }
      }
    }, {
      "inputUserId" : "ANTHONI",
      "lastUpdateUserId" : "ANTHONI",
      "computerId" : "",
      "lastSynchronizedDate" : null,
      "addressNumber" : "3062",
      "bankId" : "",
      "bankAccountNumber" : "",
      "description" : "",
      "lastUpdateDateTime" : "2018-03-15T14:23:31",
      "inputDateTime" : "2018-03-15T14:23:31",
      "_links" : {
        "self" : {
          "href" : "http://localhost/api/bankAccounts/3062__"
        },
        "bankAccount" : {
          "href" : "http://localhost/api/bankAccounts/3062__"
        },
        "master" : {
          "href" : "http://localhost/api/bankAccounts/3062__/master"
        }
      }
    }, {
      "inputUserId" : "ANTHONI",
      "lastUpdateUserId" : "ANTHONI",
      "computerId" : "",
      "lastSynchronizedDate" : null,
      "addressNumber" : "3063",
      "bankId" : "",
      "bankAccountNumber" : "",
      "description" : "",
      "lastUpdateDateTime" : "2018-03-15T14:25:35",
      "inputDateTime" : "2018-03-15T14:25:35",
      "_links" : {
        "self" : {
          "href" : "http://localhost/api/bankAccounts/3063__"
        },
        "bankAccount" : {
          "href" : "http://localhost/api/bankAccounts/3063__"
        },
        "master" : {
          "href" : "http://localhost/api/bankAccounts/3063__/master"
        }
      }
    }, {
      "inputUserId" : "ANTHONI",
      "lastUpdateUserId" : "ANTHONI",
      "computerId" : "",
      "lastSynchronizedDate" : null,
      "addressNumber" : "3064",
      "bankId" : "",
      "bankAccountNumber" : "",
      "description" : "",
      "lastUpdateDateTime" : "2018-03-15T14:02:57",
      "inputDateTime" : "2018-03-15T14:02:57",
      "_links" : {
        "self" : {
          "href" : "http://localhost/api/bankAccounts/3064__"
        },
        "bankAccount" : {
          "href" : "http://localhost/api/bankAccounts/3064__"
        },
        "master" : {
          "href" : "http://localhost/api/bankAccounts/3064__/master"
        }
      }
    }, {
      "inputUserId" : "ANTHONI",
      "lastUpdateUserId" : "ANTHONI",
      "computerId" : "",
      "lastSynchronizedDate" : null,
      "addressNumber" : "3065",
      "bankId" : "",
      "bankAccountNumber" : "",
      "description" : "",
      "lastUpdateDateTime" : "2018-03-15T14:03:45",
      "inputDateTime" : "2018-03-15T14:03:45",
      "_links" : {
        "self" : {
          "href" : "http://localhost/api/bankAccounts/3065__"
        },
        "bankAccount" : {
          "href" : "http://localhost/api/bankAccounts/3065__"
        },
        "master" : {
          "href" : "http://localhost/api/bankAccounts/3065__/master"
        }
      }
    }, {
      "inputUserId" : "ANTHONI",
      "lastUpdateUserId" : "ANTHONI",
      "computerId" : "",
      "lastSynchronizedDate" : null,
      "addressNumber" : "3066",
      "bankId" : "",
      "bankAccountNumber" : "",
      "description" : "",
      "lastUpdateDateTime" : "2018-03-15T17:26:25",
      "inputDateTime" : "2018-03-15T17:26:25",
      "_links" : {
        "self" : {
          "href" : "http://localhost/api/bankAccounts/3066__"
        },
        "bankAccount" : {
          "href" : "http://localhost/api/bankAccounts/3066__"
        },
        "master" : {
          "href" : "http://localhost/api/bankAccounts/3066__/master"
        }
      }
    }, {
      "inputUserId" : "ANTHONI",
      "lastUpdateUserId" : "ANTHONI",
      "computerId" : "",
      "lastSynchronizedDate" : null,
      "addressNumber" : "3067",
      "bankId" : "",
      "bankAccountNumber" : "",
      "description" : "",
      "lastUpdateDateTime" : "2018-03-20T08:50:00",
      "inputDateTime" : "2018-03-20T08:50:00",
      "_links" : {
        "self" : {
          "href" : "http://localhost/api/bankAccounts/3067__"
        },
        "bankAccount" : {
          "href" : "http://localhost/api/bankAccounts/3067__"
        },
        "master" : {
          "href" : "http://localhost/api/bankAccounts/3067__/master"
        }
      }
    }, {
      "inputUserId" : "ANTHONI",
      "lastUpdateUserId" : "ANTHONI",
      "computerId" : "",
      "lastSynchronizedDate" : null,
      "addressNumber" : "3068",
      "bankId" : "",
      "bankAccountNumber" : "",
      "description" : "",
      "lastUpdateDateTime" : "2018-03-15T15:47:19",
      "inputDateTime" : "2018-03-15T15:47:19",
      "_links" : {
        "self" : {
          "href" : "http://localhost/api/bankAccounts/3068__"
        },
        "bankAccount" : {
          "href" : "http://localhost/api/bankAccounts/3068__"
        },
        "master" : {
          "href" : "http://localhost/api/bankAccounts/3068__/master"
        }
      }
    }, {
      "inputUserId" : "ANTHONI",
      "lastUpdateUserId" : "ANTHONI",
      "computerId" : "",
      "lastSynchronizedDate" : null,
      "addressNumber" : "3069",
      "bankId" : "",
      "bankAccountNumber" : "",
      "description" : "",
      "lastUpdateDateTime" : "2018-03-19T16:57:02",
      "inputDateTime" : "2018-03-19T16:57:02",
      "_links" : {
        "self" : {
          "href" : "http://localhost/api/bankAccounts/3069__"
        },
        "bankAccount" : {
          "href" : "http://localhost/api/bankAccounts/3069__"
        },
        "master" : {
          "href" : "http://localhost/api/bankAccounts/3069__/master"
        }
      }
    }, {
      "inputUserId" : "ANTHONI",
      "lastUpdateUserId" : "ANTHONI",
      "computerId" : "",
      "lastSynchronizedDate" : null,
      "addressNumber" : "3070",
      "bankId" : "",
      "bankAccountNumber" : "",
      "description" : "",
      "lastUpdateDateTime" : "2018-03-19T12:36:55",
      "inputDateTime" : "2018-03-19T12:36:55",
      "_links" : {
        "self" : {
          "href" : "http://localhost/api/bankAccounts/3070__"
        },
        "bankAccount" : {
          "href" : "http://localhost/api/bankAccounts/3070__"
        },
        "master" : {
          "href" : "http://localhost/api/bankAccounts/3070__/master"
        }
      }
    }, {
      "inputUserId" : "ANTHONI",
      "lastUpdateUserId" : "ANTHONI",
      "computerId" : "",
      "lastSynchronizedDate" : null,
      "addressNumber" : "3071",
      "bankId" : "",
      "bankAccountNumber" : "",
      "description" : "",
      "lastUpdateDateTime" : "2018-03-19T10:22:39",
      "inputDateTime" : "2018-03-19T10:22:39",
      "_links" : {
        "self" : {
          "href" : "http://localhost/api/bankAccounts/3071__"
        },
        "bankAccount" : {
          "href" : "http://localhost/api/bankAccounts/3071__"
        },
        "master" : {
          "href" : "http://localhost/api/bankAccounts/3071__/master"
        }
      }
    }, {
      "inputUserId" : "ANTHONI",
      "lastUpdateUserId" : "ANTHONI",
      "computerId" : "",
      "lastSynchronizedDate" : null,
      "addressNumber" : "3072",
      "bankId" : "",
      "bankAccountNumber" : "",
      "description" : "",
      "lastUpdateDateTime" : "2018-03-19T11:21:25",
      "inputDateTime" : "2018-03-19T11:21:25",
      "_links" : {
        "self" : {
          "href" : "http://localhost/api/bankAccounts/3072__"
        },
        "bankAccount" : {
          "href" : "http://localhost/api/bankAccounts/3072__"
        },
        "master" : {
          "href" : "http://localhost/api/bankAccounts/3072__/master"
        }
      }
    }, {
      "inputUserId" : "ANTHONI",
      "lastUpdateUserId" : "ANTHONI",
      "computerId" : "",
      "lastSynchronizedDate" : null,
      "addressNumber" : "3073",
      "bankId" : "",
      "bankAccountNumber" : "",
      "description" : "",
      "lastUpdateDateTime" : "2018-03-19T11:22:08",
      "inputDateTime" : "2018-03-19T11:22:08",
      "_links" : {
        "self" : {
          "href" : "http://localhost/api/bankAccounts/3073__"
        },
        "bankAccount" : {
          "href" : "http://localhost/api/bankAccounts/3073__"
        },
        "master" : {
          "href" : "http://localhost/api/bankAccounts/3073__/master"
        }
      }
    }, {
      "inputUserId" : "ANTHONI",
      "lastUpdateUserId" : "ANTHONI",
      "computerId" : "",
      "lastSynchronizedDate" : null,
      "addressNumber" : "3074",
      "bankId" : "",
      "bankAccountNumber" : "",
      "description" : "",
      "lastUpdateDateTime" : "2018-03-19T12:33:41",
      "inputDateTime" : "2018-03-19T12:33:41",
      "_links" : {
        "self" : {
          "href" : "http://localhost/api/bankAccounts/3074__"
        },
        "bankAccount" : {
          "href" : "http://localhost/api/bankAccounts/3074__"
        },
        "master" : {
          "href" : "http://localhost/api/bankAccounts/3074__/master"
        }
      }
    }, {
      "inputUserId" : "ANTHONI",
      "lastUpdateUserId" : "ANTHONI",
      "computerId" : "",
      "lastSynchronizedDate" : null,
      "addressNumber" : "3075",
      "bankId" : "",
      "bankAccountNumber" : "",
      "description" : "",
      "lastUpdateDateTime" : "2018-03-19T14:22:02",
      "inputDateTime" : "2018-03-19T14:22:02",
      "_links" : {
        "self" : {
          "href" : "http://localhost/api/bankAccounts/3075__"
        },
        "bankAccount" : {
          "href" : "http://localhost/api/bankAccounts/3075__"
        },
        "master" : {
          "href" : "http://localhost/api/bankAccounts/3075__/master"
        }
      }
    }, {
      "inputUserId" : "ANTHONI",
      "lastUpdateUserId" : "ANTHONI",
      "computerId" : "",
      "lastSynchronizedDate" : null,
      "addressNumber" : "3076",
      "bankId" : "",
      "bankAccountNumber" : "",
      "description" : "",
      "lastUpdateDateTime" : "2018-03-19T14:23:31",
      "inputDateTime" : "2018-03-19T14:23:31",
      "_links" : {
        "self" : {
          "href" : "http://localhost/api/bankAccounts/3076__"
        },
        "bankAccount" : {
          "href" : "http://localhost/api/bankAccounts/3076__"
        },
        "master" : {
          "href" : "http://localhost/api/bankAccounts/3076__/master"
        }
      }
    }, {
      "inputUserId" : "ANTHONI",
      "lastUpdateUserId" : "ANTHONI",
      "computerId" : "",
      "lastSynchronizedDate" : null,
      "addressNumber" : "3077",
      "bankId" : "",
      "bankAccountNumber" : "",
      "description" : "",
      "lastUpdateDateTime" : "2018-03-19T14:24:55",
      "inputDateTime" : "2018-03-19T14:24:55",
      "_links" : {
        "self" : {
          "href" : "http://localhost/api/bankAccounts/3077__"
        },
        "bankAccount" : {
          "href" : "http://localhost/api/bankAccounts/3077__"
        },
        "master" : {
          "href" : "http://localhost/api/bankAccounts/3077__/master"
        }
      }
    }, {
      "inputUserId" : "ANTHONI",
      "lastUpdateUserId" : "ANTHONI",
      "computerId" : "",
      "lastSynchronizedDate" : null,
      "addressNumber" : "3078",
      "bankId" : "",
      "bankAccountNumber" : "",
      "description" : "",
      "lastUpdateDateTime" : "2018-03-19T14:20:49",
      "inputDateTime" : "2018-03-19T14:20:49",
      "_links" : {
        "self" : {
          "href" : "http://localhost/api/bankAccounts/3078__"
        },
        "bankAccount" : {
          "href" : "http://localhost/api/bankAccounts/3078__"
        },
        "master" : {
          "href" : "http://localhost/api/bankAccounts/3078__/master"
        }
      }
    }, {
      "inputUserId" : "ANTHONI",
      "lastUpdateUserId" : "ANTHONI",
      "computerId" : "",
      "lastSynchronizedDate" : null,
      "addressNumber" : "3079",
      "bankId" : "",
      "bankAccountNumber" : "",
      "description" : "",
      "lastUpdateDateTime" : "2018-03-19T16:30:43",
      "inputDateTime" : "2018-03-19T16:30:43",
      "_links" : {
        "self" : {
          "href" : "http://localhost/api/bankAccounts/3079__"
        },
        "bankAccount" : {
          "href" : "http://localhost/api/bankAccounts/3079__"
        },
        "master" : {
          "href" : "http://localhost/api/bankAccounts/3079__/master"
        }
      }
    }, {
      "inputUserId" : "ANTHONI",
      "lastUpdateUserId" : "ANTHONI",
      "computerId" : "",
      "lastSynchronizedDate" : null,
      "addressNumber" : "3080",
      "bankId" : "",
      "bankAccountNumber" : "",
      "description" : "",
      "lastUpdateDateTime" : "2018-03-19T16:41:33",
      "inputDateTime" : "2018-03-19T16:41:33",
      "_links" : {
        "self" : {
          "href" : "http://localhost/api/bankAccounts/3080__"
        },
        "bankAccount" : {
          "href" : "http://localhost/api/bankAccounts/3080__"
        },
        "master" : {
          "href" : "http://localhost/api/bankAccounts/3080__/master"
        }
      }
    }, {
      "inputUserId" : "ANTHONI",
      "lastUpdateUserId" : "ANTHONI",
      "computerId" : "",
      "lastSynchronizedDate" : null,
      "addressNumber" : "3081",
      "bankId" : "",
      "bankAccountNumber" : "",
      "description" : "",
      "lastUpdateDateTime" : "2018-03-19T15:42:30",
      "inputDateTime" : "2018-03-19T15:42:30",
      "_links" : {
        "self" : {
          "href" : "http://localhost/api/bankAccounts/3081__"
        },
        "bankAccount" : {
          "href" : "http://localhost/api/bankAccounts/3081__"
        },
        "master" : {
          "href" : "http://localhost/api/bankAccounts/3081__/master"
        }
      }
    }, {
      "inputUserId" : "ANTHONI",
      "lastUpdateUserId" : "ANTHONI",
      "computerId" : "",
      "lastSynchronizedDate" : null,
      "addressNumber" : "3082",
      "bankId" : "",
      "bankAccountNumber" : "",
      "description" : "",
      "lastUpdateDateTime" : "2018-03-19T16:29:30",
      "inputDateTime" : "2018-03-19T16:29:30",
      "_links" : {
        "self" : {
          "href" : "http://localhost/api/bankAccounts/3082__"
        },
        "bankAccount" : {
          "href" : "http://localhost/api/bankAccounts/3082__"
        },
        "master" : {
          "href" : "http://localhost/api/bankAccounts/3082__/master"
        }
      }
    }, {
      "inputUserId" : "ANTHONI",
      "lastUpdateUserId" : "ANTHONI",
      "computerId" : "",
      "lastSynchronizedDate" : null,
      "addressNumber" : "3083",
      "bankId" : "",
      "bankAccountNumber" : "",
      "description" : "",
      "lastUpdateDateTime" : "2018-03-19T16:54:25",
      "inputDateTime" : "2018-03-19T16:54:25",
      "_links" : {
        "self" : {
          "href" : "http://localhost/api/bankAccounts/3083__"
        },
        "bankAccount" : {
          "href" : "http://localhost/api/bankAccounts/3083__"
        },
        "master" : {
          "href" : "http://localhost/api/bankAccounts/3083__/master"
        }
      }
    }, {
      "inputUserId" : "ANTHONI",
      "lastUpdateUserId" : "ANTHONI",
      "computerId" : "",
      "lastSynchronizedDate" : null,
      "addressNumber" : "3084",
      "bankId" : "",
      "bankAccountNumber" : "",
      "description" : "",
      "lastUpdateDateTime" : "2018-03-19T16:56:38",
      "inputDateTime" : "2018-03-19T16:56:38",
      "_links" : {
        "self" : {
          "href" : "http://localhost/api/bankAccounts/3084__"
        },
        "bankAccount" : {
          "href" : "http://localhost/api/bankAccounts/3084__"
        },
        "master" : {
          "href" : "http://localhost/api/bankAccounts/3084__/master"
        }
      }
    }, {
      "inputUserId" : "ANTHONI",
      "lastUpdateUserId" : "ANTHONI",
      "computerId" : "",
      "lastSynchronizedDate" : null,
      "addressNumber" : "3085",
      "bankId" : "",
      "bankAccountNumber" : "",
      "description" : "",
      "lastUpdateDateTime" : "2018-03-20T08:50:52",
      "inputDateTime" : "2018-03-20T08:50:52",
      "_links" : {
        "self" : {
          "href" : "http://localhost/api/bankAccounts/3085__"
        },
        "bankAccount" : {
          "href" : "http://localhost/api/bankAccounts/3085__"
        },
        "master" : {
          "href" : "http://localhost/api/bankAccounts/3085__/master"
        }
      }
    }, {
      "inputUserId" : "ANTHONI",
      "lastUpdateUserId" : "ANTHONI",
      "computerId" : "",
      "lastSynchronizedDate" : null,
      "addressNumber" : "3086",
      "bankId" : "",
      "bankAccountNumber" : "",
      "description" : "",
      "lastUpdateDateTime" : "2018-03-20T08:52:03",
      "inputDateTime" : "2018-03-20T08:52:03",
      "_links" : {
        "self" : {
          "href" : "http://localhost/api/bankAccounts/3086__"
        },
        "bankAccount" : {
          "href" : "http://localhost/api/bankAccounts/3086__"
        },
        "master" : {
          "href" : "http://localhost/api/bankAccounts/3086__/master"
        }
      }
    }, {
      "inputUserId" : "ANTHONI",
      "lastUpdateUserId" : "ANTHONI",
      "computerId" : "",
      "lastSynchronizedDate" : null,
      "addressNumber" : "3087",
      "bankId" : "",
      "bankAccountNumber" : "",
      "description" : "",
      "lastUpdateDateTime" : "2018-03-20T08:53:56",
      "inputDateTime" : "2018-03-20T08:53:56",
      "_links" : {
        "self" : {
          "href" : "http://localhost/api/bankAccounts/3087__"
        },
        "bankAccount" : {
          "href" : "http://localhost/api/bankAccounts/3087__"
        },
        "master" : {
          "href" : "http://localhost/api/bankAccounts/3087__/master"
        }
      }
    }, {
      "inputUserId" : "ANTHONI",
      "lastUpdateUserId" : "ANTHONI",
      "computerId" : "",
      "lastSynchronizedDate" : null,
      "addressNumber" : "3088",
      "bankId" : "",
      "bankAccountNumber" : "",
      "description" : "",
      "lastUpdateDateTime" : "2018-03-20T08:55:02",
      "inputDateTime" : "2018-03-20T08:55:02",
      "_links" : {
        "self" : {
          "href" : "http://localhost/api/bankAccounts/3088__"
        },
        "bankAccount" : {
          "href" : "http://localhost/api/bankAccounts/3088__"
        },
        "master" : {
          "href" : "http://localhost/api/bankAccounts/3088__/master"
        }
      }
    }, {
      "inputUserId" : "ANTHONI",
      "lastUpdateUserId" : "ANTHONI",
      "computerId" : "",
      "lastSynchronizedDate" : null,
      "addressNumber" : "3089",
      "bankId" : "",
      "bankAccountNumber" : "",
      "description" : "",
      "lastUpdateDateTime" : "2018-03-20T08:56:30",
      "inputDateTime" : "2018-03-20T08:56:30",
      "_links" : {
        "self" : {
          "href" : "http://localhost/api/bankAccounts/3089__"
        },
        "bankAccount" : {
          "href" : "http://localhost/api/bankAccounts/3089__"
        },
        "master" : {
          "href" : "http://localhost/api/bankAccounts/3089__/master"
        }
      }
    }, {
      "inputUserId" : "ANTHONI",
      "lastUpdateUserId" : "ANTHONI",
      "computerId" : "",
      "lastSynchronizedDate" : null,
      "addressNumber" : "3090",
      "bankId" : "",
      "bankAccountNumber" : "",
      "description" : "",
      "lastUpdateDateTime" : "2018-03-20T11:10:07",
      "inputDateTime" : "2018-03-20T11:10:07",
      "_links" : {
        "self" : {
          "href" : "http://localhost/api/bankAccounts/3090__"
        },
        "bankAccount" : {
          "href" : "http://localhost/api/bankAccounts/3090__"
        },
        "master" : {
          "href" : "http://localhost/api/bankAccounts/3090__/master"
        }
      }
    }, {
      "inputUserId" : "ANTHONI",
      "lastUpdateUserId" : "ANTHONI",
      "computerId" : "",
      "lastSynchronizedDate" : null,
      "addressNumber" : "3091",
      "bankId" : "",
      "bankAccountNumber" : "",
      "description" : "",
      "lastUpdateDateTime" : "2018-03-20T11:26:52",
      "inputDateTime" : "2018-03-20T11:26:52",
      "_links" : {
        "self" : {
          "href" : "http://localhost/api/bankAccounts/3091__"
        },
        "bankAccount" : {
          "href" : "http://localhost/api/bankAccounts/3091__"
        },
        "master" : {
          "href" : "http://localhost/api/bankAccounts/3091__/master"
        }
      }
    }, {
      "inputUserId" : "ANTHONI",
      "lastUpdateUserId" : "ANTHONI",
      "computerId" : "",
      "lastSynchronizedDate" : null,
      "addressNumber" : "3092",
      "bankId" : "",
      "bankAccountNumber" : "",
      "description" : "",
      "lastUpdateDateTime" : "2018-03-20T11:27:52",
      "inputDateTime" : "2018-03-20T11:27:52",
      "_links" : {
        "self" : {
          "href" : "http://localhost/api/bankAccounts/3092__"
        },
        "bankAccount" : {
          "href" : "http://localhost/api/bankAccounts/3092__"
        },
        "master" : {
          "href" : "http://localhost/api/bankAccounts/3092__/master"
        }
      }
    }, {
      "inputUserId" : "ANTHONI",
      "lastUpdateUserId" : "ANTHONI",
      "computerId" : "",
      "lastSynchronizedDate" : null,
      "addressNumber" : "3093",
      "bankId" : "",
      "bankAccountNumber" : "",
      "description" : "",
      "lastUpdateDateTime" : "2018-03-20T11:25:40",
      "inputDateTime" : "2018-03-20T11:25:40",
      "_links" : {
        "self" : {
          "href" : "http://localhost/api/bankAccounts/3093__"
        },
        "bankAccount" : {
          "href" : "http://localhost/api/bankAccounts/3093__"
        },
        "master" : {
          "href" : "http://localhost/api/bankAccounts/3093__/master"
        }
      }
    }, {
      "inputUserId" : "ANTHONI",
      "lastUpdateUserId" : "ANTHONI",
      "computerId" : "",
      "lastSynchronizedDate" : null,
      "addressNumber" : "3094",
      "bankId" : "",
      "bankAccountNumber" : "",
      "description" : "",
      "lastUpdateDateTime" : "2018-03-21T10:22:13",
      "inputDateTime" : "2018-03-21T10:22:13",
      "_links" : {
        "self" : {
          "href" : "http://localhost/api/bankAccounts/3094__"
        },
        "bankAccount" : {
          "href" : "http://localhost/api/bankAccounts/3094__"
        },
        "master" : {
          "href" : "http://localhost/api/bankAccounts/3094__/master"
        }
      }
    }, {
      "inputUserId" : "ANTHONI",
      "lastUpdateUserId" : "ANTHONI",
      "computerId" : "",
      "lastSynchronizedDate" : null,
      "addressNumber" : "3095",
      "bankId" : "",
      "bankAccountNumber" : "",
      "description" : "",
      "lastUpdateDateTime" : "2018-03-20T11:49:52",
      "inputDateTime" : "2018-03-20T11:49:52",
      "_links" : {
        "self" : {
          "href" : "http://localhost/api/bankAccounts/3095__"
        },
        "bankAccount" : {
          "href" : "http://localhost/api/bankAccounts/3095__"
        },
        "master" : {
          "href" : "http://localhost/api/bankAccounts/3095__/master"
        }
      }
    }, {
      "inputUserId" : "ANTHONI",
      "lastUpdateUserId" : "ANTHONI",
      "computerId" : "",
      "lastSynchronizedDate" : null,
      "addressNumber" : "3096",
      "bankId" : "",
      "bankAccountNumber" : "",
      "description" : "",
      "lastUpdateDateTime" : "2018-03-21T10:19:22",
      "inputDateTime" : "2018-03-21T10:19:22",
      "_links" : {
        "self" : {
          "href" : "http://localhost/api/bankAccounts/3096__"
        },
        "bankAccount" : {
          "href" : "http://localhost/api/bankAccounts/3096__"
        },
        "master" : {
          "href" : "http://localhost/api/bankAccounts/3096__/master"
        }
      }
    }, {
      "inputUserId" : "ANTHONI",
      "lastUpdateUserId" : "ANTHONI",
      "computerId" : "",
      "lastSynchronizedDate" : null,
      "addressNumber" : "3097",
      "bankId" : "",
      "bankAccountNumber" : "",
      "description" : "",
      "lastUpdateDateTime" : "2018-03-21T10:13:43",
      "inputDateTime" : "2018-03-21T10:13:43",
      "_links" : {
        "self" : {
          "href" : "http://localhost/api/bankAccounts/3097__"
        },
        "bankAccount" : {
          "href" : "http://localhost/api/bankAccounts/3097__"
        },
        "master" : {
          "href" : "http://localhost/api/bankAccounts/3097__/master"
        }
      }
    }, {
      "inputUserId" : "ANTHONI",
      "lastUpdateUserId" : "ANTHONI",
      "computerId" : "",
      "lastSynchronizedDate" : null,
      "addressNumber" : "3098",
      "bankId" : "",
      "bankAccountNumber" : "",
      "description" : "",
      "lastUpdateDateTime" : "2018-03-22T10:42:14",
      "inputDateTime" : "2018-03-22T10:42:14",
      "_links" : {
        "self" : {
          "href" : "http://localhost/api/bankAccounts/3098__"
        },
        "bankAccount" : {
          "href" : "http://localhost/api/bankAccounts/3098__"
        },
        "master" : {
          "href" : "http://localhost/api/bankAccounts/3098__/master"
        }
      }
    }, {
      "inputUserId" : "ANTHONI",
      "lastUpdateUserId" : "ANTHONI",
      "computerId" : "",
      "lastSynchronizedDate" : null,
      "addressNumber" : "3099",
      "bankId" : "",
      "bankAccountNumber" : "",
      "description" : "",
      "lastUpdateDateTime" : "2018-03-22T10:44:08",
      "inputDateTime" : "2018-03-22T10:44:08",
      "_links" : {
        "self" : {
          "href" : "http://localhost/api/bankAccounts/3099__"
        },
        "bankAccount" : {
          "href" : "http://localhost/api/bankAccounts/3099__"
        },
        "master" : {
          "href" : "http://localhost/api/bankAccounts/3099__/master"
        }
      }
    }, {
      "inputUserId" : "ANTHONI",
      "lastUpdateUserId" : "ANTHONI",
      "computerId" : "",
      "lastSynchronizedDate" : null,
      "addressNumber" : "3100",
      "bankId" : "",
      "bankAccountNumber" : "",
      "description" : "",
      "lastUpdateDateTime" : "2018-03-22T18:10:51",
      "inputDateTime" : "2018-03-22T18:10:51",
      "_links" : {
        "self" : {
          "href" : "http://localhost/api/bankAccounts/3100__"
        },
        "bankAccount" : {
          "href" : "http://localhost/api/bankAccounts/3100__"
        },
        "master" : {
          "href" : "http://localhost/api/bankAccounts/3100__/master"
        }
      }
    }, {
      "inputUserId" : "ANTHONI",
      "lastUpdateUserId" : "ANTHONI",
      "computerId" : "",
      "lastSynchronizedDate" : null,
      "addressNumber" : "3101",
      "bankId" : "",
      "bankAccountNumber" : "",
      "description" : "",
      "lastUpdateDateTime" : "2018-03-22T18:26:34",
      "inputDateTime" : "2018-03-22T18:26:34",
      "_links" : {
        "self" : {
          "href" : "http://localhost/api/bankAccounts/3101__"
        },
        "bankAccount" : {
          "href" : "http://localhost/api/bankAccounts/3101__"
        },
        "master" : {
          "href" : "http://localhost/api/bankAccounts/3101__/master"
        }
      }
    }, {
      "inputUserId" : "ANTHONI",
      "lastUpdateUserId" : "ANTHONI",
      "computerId" : "",
      "lastSynchronizedDate" : null,
      "addressNumber" : "3102",
      "bankId" : "",
      "bankAccountNumber" : "",
      "description" : "",
      "lastUpdateDateTime" : "2018-03-22T18:27:26",
      "inputDateTime" : "2018-03-22T18:27:26",
      "_links" : {
        "self" : {
          "href" : "http://localhost/api/bankAccounts/3102__"
        },
        "bankAccount" : {
          "href" : "http://localhost/api/bankAccounts/3102__"
        },
        "master" : {
          "href" : "http://localhost/api/bankAccounts/3102__/master"
        }
      }
    }, {
      "inputUserId" : "ANTHONI",
      "lastUpdateUserId" : "ANTHONI",
      "computerId" : "",
      "lastSynchronizedDate" : null,
      "addressNumber" : "3103",
      "bankId" : "",
      "bankAccountNumber" : "",
      "description" : "",
      "lastUpdateDateTime" : "2018-03-22T18:28:12",
      "inputDateTime" : "2018-03-22T18:28:12",
      "_links" : {
        "self" : {
          "href" : "http://localhost/api/bankAccounts/3103__"
        },
        "bankAccount" : {
          "href" : "http://localhost/api/bankAccounts/3103__"
        },
        "master" : {
          "href" : "http://localhost/api/bankAccounts/3103__/master"
        }
      }
    }, {
      "inputUserId" : "ANTHONI",
      "lastUpdateUserId" : "ANTHONI",
      "computerId" : "",
      "lastSynchronizedDate" : null,
      "addressNumber" : "3104",
      "bankId" : "",
      "bankAccountNumber" : "",
      "description" : "",
      "lastUpdateDateTime" : "2018-03-23T12:36:44",
      "inputDateTime" : "2018-03-23T12:36:44",
      "_links" : {
        "self" : {
          "href" : "http://localhost/api/bankAccounts/3104__"
        },
        "bankAccount" : {
          "href" : "http://localhost/api/bankAccounts/3104__"
        },
        "master" : {
          "href" : "http://localhost/api/bankAccounts/3104__/master"
        }
      }
    }, {
      "inputUserId" : "DEBBY",
      "lastUpdateUserId" : "DEBBY",
      "computerId" : "",
      "lastSynchronizedDate" : null,
      "addressNumber" : "3105",
      "bankId" : "",
      "bankAccountNumber" : "",
      "description" : "",
      "lastUpdateDateTime" : "2018-03-23T17:07:03",
      "inputDateTime" : "2018-03-23T17:07:03",
      "_links" : {
        "self" : {
          "href" : "http://localhost/api/bankAccounts/3105__"
        },
        "bankAccount" : {
          "href" : "http://localhost/api/bankAccounts/3105__"
        },
        "master" : {
          "href" : "http://localhost/api/bankAccounts/3105__/master"
        }
      }
    }, {
      "inputUserId" : "ANTHONI",
      "lastUpdateUserId" : "ANTHONI",
      "computerId" : "",
      "lastSynchronizedDate" : null,
      "addressNumber" : "3106",
      "bankId" : "",
      "bankAccountNumber" : "",
      "description" : "",
      "lastUpdateDateTime" : "2018-03-26T09:27:34",
      "inputDateTime" : "2018-03-26T09:27:34",
      "_links" : {
        "self" : {
          "href" : "http://localhost/api/bankAccounts/3106__"
        },
        "bankAccount" : {
          "href" : "http://localhost/api/bankAccounts/3106__"
        },
        "master" : {
          "href" : "http://localhost/api/bankAccounts/3106__/master"
        }
      }
    }, {
      "inputUserId" : "ANTHONI",
      "lastUpdateUserId" : "ANTHONI",
      "computerId" : "",
      "lastSynchronizedDate" : null,
      "addressNumber" : "3107",
      "bankId" : "",
      "bankAccountNumber" : "",
      "description" : "",
      "lastUpdateDateTime" : "2018-03-26T10:21:44",
      "inputDateTime" : "2018-03-26T10:21:44",
      "_links" : {
        "self" : {
          "href" : "http://localhost/api/bankAccounts/3107__"
        },
        "bankAccount" : {
          "href" : "http://localhost/api/bankAccounts/3107__"
        },
        "master" : {
          "href" : "http://localhost/api/bankAccounts/3107__/master"
        }
      }
    }, {
      "inputUserId" : "ANTHONI",
      "lastUpdateUserId" : "ANTHONI",
      "computerId" : "",
      "lastSynchronizedDate" : null,
      "addressNumber" : "3108",
      "bankId" : "",
      "bankAccountNumber" : "",
      "description" : "",
      "lastUpdateDateTime" : "2018-03-27T09:58:32",
      "inputDateTime" : "2018-03-27T09:58:32",
      "_links" : {
        "self" : {
          "href" : "http://localhost/api/bankAccounts/3108__"
        },
        "bankAccount" : {
          "href" : "http://localhost/api/bankAccounts/3108__"
        },
        "master" : {
          "href" : "http://localhost/api/bankAccounts/3108__/master"
        }
      }
    }, {
      "inputUserId" : "ANTHONI",
      "lastUpdateUserId" : "ANTHONI",
      "computerId" : "",
      "lastSynchronizedDate" : null,
      "addressNumber" : "3109",
      "bankId" : "",
      "bankAccountNumber" : "",
      "description" : "",
      "lastUpdateDateTime" : "2018-03-27T11:04:58",
      "inputDateTime" : "2018-03-27T11:04:58",
      "_links" : {
        "self" : {
          "href" : "http://localhost/api/bankAccounts/3109__"
        },
        "bankAccount" : {
          "href" : "http://localhost/api/bankAccounts/3109__"
        },
        "master" : {
          "href" : "http://localhost/api/bankAccounts/3109__/master"
        }
      }
    }, {
      "inputUserId" : "ANTHONI",
      "lastUpdateUserId" : "ANTHONI",
      "computerId" : "",
      "lastSynchronizedDate" : null,
      "addressNumber" : "3110",
      "bankId" : "",
      "bankAccountNumber" : "",
      "description" : "",
      "lastUpdateDateTime" : "2018-03-27T16:30:03",
      "inputDateTime" : "2018-03-27T16:30:03",
      "_links" : {
        "self" : {
          "href" : "http://localhost/api/bankAccounts/3110__"
        },
        "bankAccount" : {
          "href" : "http://localhost/api/bankAccounts/3110__"
        },
        "master" : {
          "href" : "http://localhost/api/bankAccounts/3110__/master"
        }
      }
    }, {
      "inputUserId" : "ANTHONI",
      "lastUpdateUserId" : "ANTHONI",
      "computerId" : "",
      "lastSynchronizedDate" : null,
      "addressNumber" : "3111",
      "bankId" : "",
      "bankAccountNumber" : "",
      "description" : "",
      "lastUpdateDateTime" : "2018-03-27T16:30:49",
      "inputDateTime" : "2018-03-27T16:30:49",
      "_links" : {
        "self" : {
          "href" : "http://localhost/api/bankAccounts/3111__"
        },
        "bankAccount" : {
          "href" : "http://localhost/api/bankAccounts/3111__"
        },
        "master" : {
          "href" : "http://localhost/api/bankAccounts/3111__/master"
        }
      }
    }, {
      "inputUserId" : "ANTHONI",
      "lastUpdateUserId" : "ANTHONI",
      "computerId" : "",
      "lastSynchronizedDate" : null,
      "addressNumber" : "3112",
      "bankId" : "",
      "bankAccountNumber" : "",
      "description" : "",
      "lastUpdateDateTime" : "2018-03-27T16:33:27",
      "inputDateTime" : "2018-03-27T16:33:27",
      "_links" : {
        "self" : {
          "href" : "http://localhost/api/bankAccounts/3112__"
        },
        "bankAccount" : {
          "href" : "http://localhost/api/bankAccounts/3112__"
        },
        "master" : {
          "href" : "http://localhost/api/bankAccounts/3112__/master"
        }
      }
    }, {
      "inputUserId" : "ANTHONI",
      "lastUpdateUserId" : "ANTHONI",
      "computerId" : "",
      "lastSynchronizedDate" : null,
      "addressNumber" : "3113",
      "bankId" : "",
      "bankAccountNumber" : "",
      "description" : "",
      "lastUpdateDateTime" : "2018-03-28T15:15:15",
      "inputDateTime" : "2018-03-28T15:15:15",
      "_links" : {
        "self" : {
          "href" : "http://localhost/api/bankAccounts/3113__"
        },
        "bankAccount" : {
          "href" : "http://localhost/api/bankAccounts/3113__"
        },
        "master" : {
          "href" : "http://localhost/api/bankAccounts/3113__/master"
        }
      }
    }, {
      "inputUserId" : "ANTHONI",
      "lastUpdateUserId" : "ANTHONI",
      "computerId" : "",
      "lastSynchronizedDate" : null,
      "addressNumber" : "3114",
      "bankId" : "",
      "bankAccountNumber" : "",
      "description" : "",
      "lastUpdateDateTime" : "2018-03-28T16:58:41",
      "inputDateTime" : "2018-03-28T16:58:41",
      "_links" : {
        "self" : {
          "href" : "http://localhost/api/bankAccounts/3114__"
        },
        "bankAccount" : {
          "href" : "http://localhost/api/bankAccounts/3114__"
        },
        "master" : {
          "href" : "http://localhost/api/bankAccounts/3114__/master"
        }
      }
    }, {
      "inputUserId" : "ANTHONI",
      "lastUpdateUserId" : "ANTHONI",
      "computerId" : "",
      "lastSynchronizedDate" : null,
      "addressNumber" : "3115",
      "bankId" : "",
      "bankAccountNumber" : "",
      "description" : "",
      "lastUpdateDateTime" : "2018-03-28T14:33:14",
      "inputDateTime" : "2018-03-28T14:33:14",
      "_links" : {
        "self" : {
          "href" : "http://localhost/api/bankAccounts/3115__"
        },
        "bankAccount" : {
          "href" : "http://localhost/api/bankAccounts/3115__"
        },
        "master" : {
          "href" : "http://localhost/api/bankAccounts/3115__/master"
        }
      }
    }, {
      "inputUserId" : "ANTHONI",
      "lastUpdateUserId" : "ANTHONI",
      "computerId" : "",
      "lastSynchronizedDate" : null,
      "addressNumber" : "3116",
      "bankId" : "",
      "bankAccountNumber" : "",
      "description" : "",
      "lastUpdateDateTime" : "2018-03-29T10:14:49",
      "inputDateTime" : "2018-03-29T10:14:49",
      "_links" : {
        "self" : {
          "href" : "http://localhost/api/bankAccounts/3116__"
        },
        "bankAccount" : {
          "href" : "http://localhost/api/bankAccounts/3116__"
        },
        "master" : {
          "href" : "http://localhost/api/bankAccounts/3116__/master"
        }
      }
    }, {
      "inputUserId" : "ANTHONI",
      "lastUpdateUserId" : "ANTHONI",
      "computerId" : "",
      "lastSynchronizedDate" : null,
      "addressNumber" : "3117",
      "bankId" : "",
      "bankAccountNumber" : "",
      "description" : "",
      "lastUpdateDateTime" : "2018-04-02T10:20:52",
      "inputDateTime" : "2018-04-02T10:20:52",
      "_links" : {
        "self" : {
          "href" : "http://localhost/api/bankAccounts/3117__"
        },
        "bankAccount" : {
          "href" : "http://localhost/api/bankAccounts/3117__"
        },
        "master" : {
          "href" : "http://localhost/api/bankAccounts/3117__/master"
        }
      }
    }, {
      "inputUserId" : "ANTHONI",
      "lastUpdateUserId" : "ANTHONI",
      "computerId" : "",
      "lastSynchronizedDate" : null,
      "addressNumber" : "3118",
      "bankId" : "",
      "bankAccountNumber" : "",
      "description" : "",
      "lastUpdateDateTime" : "2018-04-02T10:49:22",
      "inputDateTime" : "2018-04-02T10:49:22",
      "_links" : {
        "self" : {
          "href" : "http://localhost/api/bankAccounts/3118__"
        },
        "bankAccount" : {
          "href" : "http://localhost/api/bankAccounts/3118__"
        },
        "master" : {
          "href" : "http://localhost/api/bankAccounts/3118__/master"
        }
      }
    }, {
      "inputUserId" : "ANTHONI",
      "lastUpdateUserId" : "ANTHONI",
      "computerId" : "",
      "lastSynchronizedDate" : null,
      "addressNumber" : "3119",
      "bankId" : "",
      "bankAccountNumber" : "",
      "description" : "",
      "lastUpdateDateTime" : "2018-04-05T10:43:58",
      "inputDateTime" : "2018-04-05T10:43:58",
      "_links" : {
        "self" : {
          "href" : "http://localhost/api/bankAccounts/3119__"
        },
        "bankAccount" : {
          "href" : "http://localhost/api/bankAccounts/3119__"
        },
        "master" : {
          "href" : "http://localhost/api/bankAccounts/3119__/master"
        }
      }
    }, {
      "inputUserId" : "ANTHONI",
      "lastUpdateUserId" : "ANTHONI",
      "computerId" : "",
      "lastSynchronizedDate" : null,
      "addressNumber" : "3120",
      "bankId" : "",
      "bankAccountNumber" : "",
      "description" : "",
      "lastUpdateDateTime" : "2018-04-09T14:41:24",
      "inputDateTime" : "2018-04-09T14:41:24",
      "_links" : {
        "self" : {
          "href" : "http://localhost/api/bankAccounts/3120__"
        },
        "bankAccount" : {
          "href" : "http://localhost/api/bankAccounts/3120__"
        },
        "master" : {
          "href" : "http://localhost/api/bankAccounts/3120__/master"
        }
      }
    }, {
      "inputUserId" : "ANTHONI",
      "lastUpdateUserId" : "ANTHONI",
      "computerId" : "",
      "lastSynchronizedDate" : null,
      "addressNumber" : "3121",
      "bankId" : "",
      "bankAccountNumber" : "",
      "description" : "",
      "lastUpdateDateTime" : "2018-04-10T12:26:26",
      "inputDateTime" : "2018-04-10T12:26:26",
      "_links" : {
        "self" : {
          "href" : "http://localhost/api/bankAccounts/3121__"
        },
        "bankAccount" : {
          "href" : "http://localhost/api/bankAccounts/3121__"
        },
        "master" : {
          "href" : "http://localhost/api/bankAccounts/3121__/master"
        }
      }
    }, {
      "inputUserId" : "ANTHONI",
      "lastUpdateUserId" : "ANTHONI",
      "computerId" : "",
      "lastSynchronizedDate" : null,
      "addressNumber" : "3122",
      "bankId" : "",
      "bankAccountNumber" : "",
      "description" : "",
      "lastUpdateDateTime" : "2018-04-10T12:28:32",
      "inputDateTime" : "2018-04-10T12:28:32",
      "_links" : {
        "self" : {
          "href" : "http://localhost/api/bankAccounts/3122__"
        },
        "bankAccount" : {
          "href" : "http://localhost/api/bankAccounts/3122__"
        },
        "master" : {
          "href" : "http://localhost/api/bankAccounts/3122__/master"
        }
      }
    }, {
      "inputUserId" : "ANTHONI",
      "lastUpdateUserId" : "ANTHONI",
      "computerId" : "",
      "lastSynchronizedDate" : null,
      "addressNumber" : "3123",
      "bankId" : "",
      "bankAccountNumber" : "",
      "description" : "",
      "lastUpdateDateTime" : "2018-04-10T12:29:47",
      "inputDateTime" : "2018-04-10T12:29:47",
      "_links" : {
        "self" : {
          "href" : "http://localhost/api/bankAccounts/3123__"
        },
        "bankAccount" : {
          "href" : "http://localhost/api/bankAccounts/3123__"
        },
        "master" : {
          "href" : "http://localhost/api/bankAccounts/3123__/master"
        }
      }
    }, {
      "inputUserId" : "ANTHONI",
      "lastUpdateUserId" : "ANTHONI",
      "computerId" : "",
      "lastSynchronizedDate" : null,
      "addressNumber" : "3124",
      "bankId" : "",
      "bankAccountNumber" : "",
      "description" : "",
      "lastUpdateDateTime" : "2018-04-10T12:36:31",
      "inputDateTime" : "2018-04-10T12:36:31",
      "_links" : {
        "self" : {
          "href" : "http://localhost/api/bankAccounts/3124__"
        },
        "bankAccount" : {
          "href" : "http://localhost/api/bankAccounts/3124__"
        },
        "master" : {
          "href" : "http://localhost/api/bankAccounts/3124__/master"
        }
      }
    }, {
      "inputUserId" : "ANTHONI",
      "lastUpdateUserId" : "ANTHONI",
      "computerId" : "",
      "lastSynchronizedDate" : null,
      "addressNumber" : "3125",
      "bankId" : "",
      "bankAccountNumber" : "",
      "description" : "",
      "lastUpdateDateTime" : "2018-04-10T12:40:30",
      "inputDateTime" : "2018-04-10T12:40:30",
      "_links" : {
        "self" : {
          "href" : "http://localhost/api/bankAccounts/3125__"
        },
        "bankAccount" : {
          "href" : "http://localhost/api/bankAccounts/3125__"
        },
        "master" : {
          "href" : "http://localhost/api/bankAccounts/3125__/master"
        }
      }
    }, {
      "inputUserId" : "ANTHONI",
      "lastUpdateUserId" : "ANTHONI",
      "computerId" : "",
      "lastSynchronizedDate" : null,
      "addressNumber" : "3126",
      "bankId" : "",
      "bankAccountNumber" : "",
      "description" : "",
      "lastUpdateDateTime" : "2018-04-10T12:42:13",
      "inputDateTime" : "2018-04-10T12:42:13",
      "_links" : {
        "self" : {
          "href" : "http://localhost/api/bankAccounts/3126__"
        },
        "bankAccount" : {
          "href" : "http://localhost/api/bankAccounts/3126__"
        },
        "master" : {
          "href" : "http://localhost/api/bankAccounts/3126__/master"
        }
      }
    }, {
      "inputUserId" : "ANTHONI",
      "lastUpdateUserId" : "ANTHONI",
      "computerId" : "",
      "lastSynchronizedDate" : null,
      "addressNumber" : "3127",
      "bankId" : "",
      "bankAccountNumber" : "",
      "description" : "",
      "lastUpdateDateTime" : "2018-04-10T12:44:30",
      "inputDateTime" : "2018-04-10T12:44:30",
      "_links" : {
        "self" : {
          "href" : "http://localhost/api/bankAccounts/3127__"
        },
        "bankAccount" : {
          "href" : "http://localhost/api/bankAccounts/3127__"
        },
        "master" : {
          "href" : "http://localhost/api/bankAccounts/3127__/master"
        }
      }
    }, {
      "inputUserId" : "ANTHONI",
      "lastUpdateUserId" : "ANTHONI",
      "computerId" : "",
      "lastSynchronizedDate" : null,
      "addressNumber" : "3128",
      "bankId" : "",
      "bankAccountNumber" : "",
      "description" : "",
      "lastUpdateDateTime" : "2018-04-10T12:47:29",
      "inputDateTime" : "2018-04-10T12:47:29",
      "_links" : {
        "self" : {
          "href" : "http://localhost/api/bankAccounts/3128__"
        },
        "bankAccount" : {
          "href" : "http://localhost/api/bankAccounts/3128__"
        },
        "master" : {
          "href" : "http://localhost/api/bankAccounts/3128__/master"
        }
      }
    }, {
      "inputUserId" : "ANTHONI",
      "lastUpdateUserId" : "ANTHONI",
      "computerId" : "",
      "lastSynchronizedDate" : null,
      "addressNumber" : "3129",
      "bankId" : "",
      "bankAccountNumber" : "",
      "description" : "",
      "lastUpdateDateTime" : "2018-04-10T12:51:28",
      "inputDateTime" : "2018-04-10T12:51:28",
      "_links" : {
        "self" : {
          "href" : "http://localhost/api/bankAccounts/3129__"
        },
        "bankAccount" : {
          "href" : "http://localhost/api/bankAccounts/3129__"
        },
        "master" : {
          "href" : "http://localhost/api/bankAccounts/3129__/master"
        }
      }
    }, {
      "inputUserId" : "ANTHONI",
      "lastUpdateUserId" : "ANTHONI",
      "computerId" : "",
      "lastSynchronizedDate" : null,
      "addressNumber" : "3130",
      "bankId" : "",
      "bankAccountNumber" : "",
      "description" : "",
      "lastUpdateDateTime" : "2018-04-12T13:43:21",
      "inputDateTime" : "2018-04-12T13:43:21",
      "_links" : {
        "self" : {
          "href" : "http://localhost/api/bankAccounts/3130__"
        },
        "bankAccount" : {
          "href" : "http://localhost/api/bankAccounts/3130__"
        },
        "master" : {
          "href" : "http://localhost/api/bankAccounts/3130__/master"
        }
      }
    }, {
      "inputUserId" : "ANTHONI",
      "lastUpdateUserId" : "ANTHONI",
      "computerId" : "",
      "lastSynchronizedDate" : null,
      "addressNumber" : "3131",
      "bankId" : "",
      "bankAccountNumber" : "",
      "description" : "",
      "lastUpdateDateTime" : "2018-04-13T15:47:11",
      "inputDateTime" : "2018-04-13T15:47:11",
      "_links" : {
        "self" : {
          "href" : "http://localhost/api/bankAccounts/3131__"
        },
        "bankAccount" : {
          "href" : "http://localhost/api/bankAccounts/3131__"
        },
        "master" : {
          "href" : "http://localhost/api/bankAccounts/3131__/master"
        }
      }
    }, {
      "inputUserId" : "ANTHONI",
      "lastUpdateUserId" : "ANTHONI",
      "computerId" : "",
      "lastSynchronizedDate" : null,
      "addressNumber" : "3132",
      "bankId" : "",
      "bankAccountNumber" : "",
      "description" : "",
      "lastUpdateDateTime" : "2018-04-14T10:52:18",
      "inputDateTime" : "2018-04-14T10:52:18",
      "_links" : {
        "self" : {
          "href" : "http://localhost/api/bankAccounts/3132__"
        },
        "bankAccount" : {
          "href" : "http://localhost/api/bankAccounts/3132__"
        },
        "master" : {
          "href" : "http://localhost/api/bankAccounts/3132__/master"
        }
      }
    }, {
      "inputUserId" : "ANTHONI",
      "lastUpdateUserId" : "ANTHONI",
      "computerId" : "",
      "lastSynchronizedDate" : null,
      "addressNumber" : "3133",
      "bankId" : "",
      "bankAccountNumber" : "",
      "description" : "",
      "lastUpdateDateTime" : "2018-04-14T12:33:48",
      "inputDateTime" : "2018-04-14T12:33:48",
      "_links" : {
        "self" : {
          "href" : "http://localhost/api/bankAccounts/3133__"
        },
        "bankAccount" : {
          "href" : "http://localhost/api/bankAccounts/3133__"
        },
        "master" : {
          "href" : "http://localhost/api/bankAccounts/3133__/master"
        }
      }
    }, {
      "inputUserId" : "ANTHONI",
      "lastUpdateUserId" : "ANTHONI",
      "computerId" : "",
      "lastSynchronizedDate" : null,
      "addressNumber" : "3134",
      "bankId" : "",
      "bankAccountNumber" : "",
      "description" : "",
      "lastUpdateDateTime" : "2018-04-16T11:07:34",
      "inputDateTime" : "2018-04-16T11:07:34",
      "_links" : {
        "self" : {
          "href" : "http://localhost/api/bankAccounts/3134__"
        },
        "bankAccount" : {
          "href" : "http://localhost/api/bankAccounts/3134__"
        },
        "master" : {
          "href" : "http://localhost/api/bankAccounts/3134__/master"
        }
      }
    }, {
      "inputUserId" : "ANTHONI",
      "lastUpdateUserId" : "ANTHONI",
      "computerId" : "",
      "lastSynchronizedDate" : null,
      "addressNumber" : "3135",
      "bankId" : "",
      "bankAccountNumber" : "",
      "description" : "",
      "lastUpdateDateTime" : "2018-04-16T12:35:20",
      "inputDateTime" : "2018-04-16T12:35:20",
      "_links" : {
        "self" : {
          "href" : "http://localhost/api/bankAccounts/3135__"
        },
        "bankAccount" : {
          "href" : "http://localhost/api/bankAccounts/3135__"
        },
        "master" : {
          "href" : "http://localhost/api/bankAccounts/3135__/master"
        }
      }
    }, {
      "inputUserId" : "ANTHONI",
      "lastUpdateUserId" : "ANTHONI",
      "computerId" : "",
      "lastSynchronizedDate" : null,
      "addressNumber" : "3136",
      "bankId" : "",
      "bankAccountNumber" : "",
      "description" : "",
      "lastUpdateDateTime" : "2018-04-16T14:22:02",
      "inputDateTime" : "2018-04-16T14:22:02",
      "_links" : {
        "self" : {
          "href" : "http://localhost/api/bankAccounts/3136__"
        },
        "bankAccount" : {
          "href" : "http://localhost/api/bankAccounts/3136__"
        },
        "master" : {
          "href" : "http://localhost/api/bankAccounts/3136__/master"
        }
      }
    }, {
      "inputUserId" : "ANTHONI",
      "lastUpdateUserId" : "ANTHONI",
      "computerId" : "",
      "lastSynchronizedDate" : null,
      "addressNumber" : "3137",
      "bankId" : "",
      "bankAccountNumber" : "",
      "description" : "",
      "lastUpdateDateTime" : "2018-04-16T15:03:58",
      "inputDateTime" : "2018-04-16T15:03:58",
      "_links" : {
        "self" : {
          "href" : "http://localhost/api/bankAccounts/3137__"
        },
        "bankAccount" : {
          "href" : "http://localhost/api/bankAccounts/3137__"
        },
        "master" : {
          "href" : "http://localhost/api/bankAccounts/3137__/master"
        }
      }
    }, {
      "inputUserId" : "ANTHONI",
      "lastUpdateUserId" : "ANTHONI",
      "computerId" : "",
      "lastSynchronizedDate" : null,
      "addressNumber" : "3138",
      "bankId" : "",
      "bankAccountNumber" : "",
      "description" : "",
      "lastUpdateDateTime" : "2018-04-16T17:25:51",
      "inputDateTime" : "2018-04-16T17:25:51",
      "_links" : {
        "self" : {
          "href" : "http://localhost/api/bankAccounts/3138__"
        },
        "bankAccount" : {
          "href" : "http://localhost/api/bankAccounts/3138__"
        },
        "master" : {
          "href" : "http://localhost/api/bankAccounts/3138__/master"
        }
      }
    }, {
      "inputUserId" : "ANTHONI",
      "lastUpdateUserId" : "ANTHONI",
      "computerId" : "",
      "lastSynchronizedDate" : null,
      "addressNumber" : "3139",
      "bankId" : "",
      "bankAccountNumber" : "",
      "description" : "",
      "lastUpdateDateTime" : "2018-04-16T17:46:20",
      "inputDateTime" : "2018-04-16T17:46:20",
      "_links" : {
        "self" : {
          "href" : "http://localhost/api/bankAccounts/3139__"
        },
        "bankAccount" : {
          "href" : "http://localhost/api/bankAccounts/3139__"
        },
        "master" : {
          "href" : "http://localhost/api/bankAccounts/3139__/master"
        }
      }
    }, {
      "inputUserId" : "ANTHONI",
      "lastUpdateUserId" : "ANTHONI",
      "computerId" : "",
      "lastSynchronizedDate" : null,
      "addressNumber" : "3140",
      "bankId" : "",
      "bankAccountNumber" : "",
      "description" : "",
      "lastUpdateDateTime" : "2018-04-17T13:34:31",
      "inputDateTime" : "2018-04-17T13:34:31",
      "_links" : {
        "self" : {
          "href" : "http://localhost/api/bankAccounts/3140__"
        },
        "bankAccount" : {
          "href" : "http://localhost/api/bankAccounts/3140__"
        },
        "master" : {
          "href" : "http://localhost/api/bankAccounts/3140__/master"
        }
      }
    }, {
      "inputUserId" : "ANTHONI",
      "lastUpdateUserId" : "ANTHONI",
      "computerId" : "",
      "lastSynchronizedDate" : null,
      "addressNumber" : "3141",
      "bankId" : "",
      "bankAccountNumber" : "",
      "description" : "",
      "lastUpdateDateTime" : "2018-04-17T14:07:20",
      "inputDateTime" : "2018-04-17T14:07:20",
      "_links" : {
        "self" : {
          "href" : "http://localhost/api/bankAccounts/3141__"
        },
        "bankAccount" : {
          "href" : "http://localhost/api/bankAccounts/3141__"
        },
        "master" : {
          "href" : "http://localhost/api/bankAccounts/3141__/master"
        }
      }
    }, {
      "inputUserId" : "ANTHONI",
      "lastUpdateUserId" : "ANTHONI",
      "computerId" : "",
      "lastSynchronizedDate" : null,
      "addressNumber" : "3142",
      "bankId" : "",
      "bankAccountNumber" : "",
      "description" : "",
      "lastUpdateDateTime" : "2018-04-17T14:13:52",
      "inputDateTime" : "2018-04-17T14:13:52",
      "_links" : {
        "self" : {
          "href" : "http://localhost/api/bankAccounts/3142__"
        },
        "bankAccount" : {
          "href" : "http://localhost/api/bankAccounts/3142__"
        },
        "master" : {
          "href" : "http://localhost/api/bankAccounts/3142__/master"
        }
      }
    }, {
      "inputUserId" : "ANTHONI",
      "lastUpdateUserId" : "ANTHONI",
      "computerId" : "",
      "lastSynchronizedDate" : null,
      "addressNumber" : "3143",
      "bankId" : "",
      "bankAccountNumber" : "",
      "description" : "",
      "lastUpdateDateTime" : "2018-04-18T11:16:30",
      "inputDateTime" : "2018-04-18T11:16:30",
      "_links" : {
        "self" : {
          "href" : "http://localhost/api/bankAccounts/3143__"
        },
        "bankAccount" : {
          "href" : "http://localhost/api/bankAccounts/3143__"
        },
        "master" : {
          "href" : "http://localhost/api/bankAccounts/3143__/master"
        }
      }
    }, {
      "inputUserId" : "VANNESA",
      "lastUpdateUserId" : "VANNESA",
      "computerId" : "",
      "lastSynchronizedDate" : null,
      "addressNumber" : "3144",
      "bankId" : "",
      "bankAccountNumber" : "",
      "description" : "",
      "lastUpdateDateTime" : "2018-04-18T18:08:46",
      "inputDateTime" : "2018-04-18T18:08:46",
      "_links" : {
        "self" : {
          "href" : "http://localhost/api/bankAccounts/3144__"
        },
        "bankAccount" : {
          "href" : "http://localhost/api/bankAccounts/3144__"
        },
        "master" : {
          "href" : "http://localhost/api/bankAccounts/3144__/master"
        }
      }
    }, {
      "inputUserId" : "VANNESA",
      "lastUpdateUserId" : "VANNESA",
      "computerId" : "",
      "lastSynchronizedDate" : null,
      "addressNumber" : "3145",
      "bankId" : "",
      "bankAccountNumber" : "",
      "description" : "",
      "lastUpdateDateTime" : "2018-04-18T18:26:32",
      "inputDateTime" : "2018-04-18T18:26:32",
      "_links" : {
        "self" : {
          "href" : "http://localhost/api/bankAccounts/3145__"
        },
        "bankAccount" : {
          "href" : "http://localhost/api/bankAccounts/3145__"
        },
        "master" : {
          "href" : "http://localhost/api/bankAccounts/3145__/master"
        }
      }
    }, {
      "inputUserId" : "VANNESA",
      "lastUpdateUserId" : "VANNESA",
      "computerId" : "",
      "lastSynchronizedDate" : null,
      "addressNumber" : "3146",
      "bankId" : "",
      "bankAccountNumber" : "",
      "description" : "",
      "lastUpdateDateTime" : "2018-04-18T18:31:32",
      "inputDateTime" : "2018-04-18T18:31:32",
      "_links" : {
        "self" : {
          "href" : "http://localhost/api/bankAccounts/3146__"
        },
        "bankAccount" : {
          "href" : "http://localhost/api/bankAccounts/3146__"
        },
        "master" : {
          "href" : "http://localhost/api/bankAccounts/3146__/master"
        }
      }
    }, {
      "inputUserId" : "VANNESA",
      "lastUpdateUserId" : "VANNESA",
      "computerId" : "",
      "lastSynchronizedDate" : null,
      "addressNumber" : "3147",
      "bankId" : "",
      "bankAccountNumber" : "",
      "description" : "",
      "lastUpdateDateTime" : "2018-04-19T10:34:09",
      "inputDateTime" : "2018-04-19T10:34:09",
      "_links" : {
        "self" : {
          "href" : "http://localhost/api/bankAccounts/3147__"
        },
        "bankAccount" : {
          "href" : "http://localhost/api/bankAccounts/3147__"
        },
        "master" : {
          "href" : "http://localhost/api/bankAccounts/3147__/master"
        }
      }
    }, {
      "inputUserId" : "VANNESA",
      "lastUpdateUserId" : "VANNESA",
      "computerId" : "",
      "lastSynchronizedDate" : null,
      "addressNumber" : "3148",
      "bankId" : "",
      "bankAccountNumber" : "",
      "description" : "",
      "lastUpdateDateTime" : "2018-04-19T13:39:02",
      "inputDateTime" : "2018-04-19T13:39:02",
      "_links" : {
        "self" : {
          "href" : "http://localhost/api/bankAccounts/3148__"
        },
        "bankAccount" : {
          "href" : "http://localhost/api/bankAccounts/3148__"
        },
        "master" : {
          "href" : "http://localhost/api/bankAccounts/3148__/master"
        }
      }
    }, {
      "inputUserId" : "VANNESA",
      "lastUpdateUserId" : "VANNESA",
      "computerId" : "",
      "lastSynchronizedDate" : null,
      "addressNumber" : "3149",
      "bankId" : "",
      "bankAccountNumber" : "",
      "description" : "",
      "lastUpdateDateTime" : "2018-04-19T14:03:38",
      "inputDateTime" : "2018-04-19T14:03:38",
      "_links" : {
        "self" : {
          "href" : "http://localhost/api/bankAccounts/3149__"
        },
        "bankAccount" : {
          "href" : "http://localhost/api/bankAccounts/3149__"
        },
        "master" : {
          "href" : "http://localhost/api/bankAccounts/3149__/master"
        }
      }
    }, {
      "inputUserId" : "VANNESA",
      "lastUpdateUserId" : "VANNESA",
      "computerId" : "",
      "lastSynchronizedDate" : null,
      "addressNumber" : "3150",
      "bankId" : "",
      "bankAccountNumber" : "",
      "description" : "",
      "lastUpdateDateTime" : "2018-04-19T15:00:14",
      "inputDateTime" : "2018-04-19T15:00:14",
      "_links" : {
        "self" : {
          "href" : "http://localhost/api/bankAccounts/3150__"
        },
        "bankAccount" : {
          "href" : "http://localhost/api/bankAccounts/3150__"
        },
        "master" : {
          "href" : "http://localhost/api/bankAccounts/3150__/master"
        }
      }
    }, {
      "inputUserId" : "ANTHONI",
      "lastUpdateUserId" : "ANTHONI",
      "computerId" : "",
      "lastSynchronizedDate" : null,
      "addressNumber" : "3151",
      "bankId" : "",
      "bankAccountNumber" : "",
      "description" : "",
      "lastUpdateDateTime" : "2018-04-20T10:15:26",
      "inputDateTime" : "2018-04-20T10:15:26",
      "_links" : {
        "self" : {
          "href" : "http://localhost/api/bankAccounts/3151__"
        },
        "bankAccount" : {
          "href" : "http://localhost/api/bankAccounts/3151__"
        },
        "master" : {
          "href" : "http://localhost/api/bankAccounts/3151__/master"
        }
      }
    }, {
      "inputUserId" : "VANNESA",
      "lastUpdateUserId" : "VANNESA",
      "computerId" : "",
      "lastSynchronizedDate" : null,
      "addressNumber" : "3152",
      "bankId" : "",
      "bankAccountNumber" : "",
      "description" : "",
      "lastUpdateDateTime" : "2018-04-20T13:45:23",
      "inputDateTime" : "2018-04-20T13:45:23",
      "_links" : {
        "self" : {
          "href" : "http://localhost/api/bankAccounts/3152__"
        },
        "bankAccount" : {
          "href" : "http://localhost/api/bankAccounts/3152__"
        },
        "master" : {
          "href" : "http://localhost/api/bankAccounts/3152__/master"
        }
      }
    }, {
      "inputUserId" : "VANNESA",
      "lastUpdateUserId" : "VANNESA",
      "computerId" : "",
      "lastSynchronizedDate" : null,
      "addressNumber" : "3153",
      "bankId" : "",
      "bankAccountNumber" : "",
      "description" : "",
      "lastUpdateDateTime" : "2018-04-23T10:01:02",
      "inputDateTime" : "2018-04-23T10:01:02",
      "_links" : {
        "self" : {
          "href" : "http://localhost/api/bankAccounts/3153__"
        },
        "bankAccount" : {
          "href" : "http://localhost/api/bankAccounts/3153__"
        },
        "master" : {
          "href" : "http://localhost/api/bankAccounts/3153__/master"
        }
      }
    }, {
      "inputUserId" : "VANNESA",
      "lastUpdateUserId" : "VANNESA",
      "computerId" : "",
      "lastSynchronizedDate" : null,
      "addressNumber" : "3154",
      "bankId" : "",
      "bankAccountNumber" : "",
      "description" : "",
      "lastUpdateDateTime" : "2018-04-23T10:02:54",
      "inputDateTime" : "2018-04-23T10:02:54",
      "_links" : {
        "self" : {
          "href" : "http://localhost/api/bankAccounts/3154__"
        },
        "bankAccount" : {
          "href" : "http://localhost/api/bankAccounts/3154__"
        },
        "master" : {
          "href" : "http://localhost/api/bankAccounts/3154__/master"
        }
      }
    }, {
      "inputUserId" : "VANNESA",
      "lastUpdateUserId" : "VANNESA",
      "computerId" : "",
      "lastSynchronizedDate" : null,
      "addressNumber" : "3155",
      "bankId" : "",
      "bankAccountNumber" : "",
      "description" : "",
      "lastUpdateDateTime" : "2018-04-23T11:57:02",
      "inputDateTime" : "2018-04-23T11:57:02",
      "_links" : {
        "self" : {
          "href" : "http://localhost/api/bankAccounts/3155__"
        },
        "bankAccount" : {
          "href" : "http://localhost/api/bankAccounts/3155__"
        },
        "master" : {
          "href" : "http://localhost/api/bankAccounts/3155__/master"
        }
      }
    }, {
      "inputUserId" : "VANNESA",
      "lastUpdateUserId" : "VANNESA",
      "computerId" : "",
      "lastSynchronizedDate" : null,
      "addressNumber" : "3156",
      "bankId" : "",
      "bankAccountNumber" : "",
      "description" : "",
      "lastUpdateDateTime" : "2018-04-23T16:43:04",
      "inputDateTime" : "2018-04-23T16:43:04",
      "_links" : {
        "self" : {
          "href" : "http://localhost/api/bankAccounts/3156__"
        },
        "bankAccount" : {
          "href" : "http://localhost/api/bankAccounts/3156__"
        },
        "master" : {
          "href" : "http://localhost/api/bankAccounts/3156__/master"
        }
      }
    }, {
      "inputUserId" : "PUPUT",
      "lastUpdateUserId" : "PUPUT",
      "computerId" : "",
      "lastSynchronizedDate" : null,
      "addressNumber" : "3157",
      "bankId" : "",
      "bankAccountNumber" : "",
      "description" : "",
      "lastUpdateDateTime" : "2018-04-24T14:18:21",
      "inputDateTime" : "2018-04-24T14:18:21",
      "_links" : {
        "self" : {
          "href" : "http://localhost/api/bankAccounts/3157__"
        },
        "bankAccount" : {
          "href" : "http://localhost/api/bankAccounts/3157__"
        },
        "master" : {
          "href" : "http://localhost/api/bankAccounts/3157__/master"
        }
      }
    }, {
      "inputUserId" : "VANNESA",
      "lastUpdateUserId" : "VANNESA",
      "computerId" : "",
      "lastSynchronizedDate" : null,
      "addressNumber" : "3158",
      "bankId" : "",
      "bankAccountNumber" : "",
      "description" : "",
      "lastUpdateDateTime" : "2018-04-24T14:46:44",
      "inputDateTime" : "2018-04-24T14:46:44",
      "_links" : {
        "self" : {
          "href" : "http://localhost/api/bankAccounts/3158__"
        },
        "bankAccount" : {
          "href" : "http://localhost/api/bankAccounts/3158__"
        },
        "master" : {
          "href" : "http://localhost/api/bankAccounts/3158__/master"
        }
      }
    }, {
      "inputUserId" : "VANNESA",
      "lastUpdateUserId" : "VANNESA",
      "computerId" : "",
      "lastSynchronizedDate" : null,
      "addressNumber" : "3159",
      "bankId" : "",
      "bankAccountNumber" : "",
      "description" : "",
      "lastUpdateDateTime" : "2018-04-25T09:41:50",
      "inputDateTime" : "2018-04-25T09:41:50",
      "_links" : {
        "self" : {
          "href" : "http://localhost/api/bankAccounts/3159__"
        },
        "bankAccount" : {
          "href" : "http://localhost/api/bankAccounts/3159__"
        },
        "master" : {
          "href" : "http://localhost/api/bankAccounts/3159__/master"
        }
      }
    }, {
      "inputUserId" : "VANNESA",
      "lastUpdateUserId" : "VANNESA",
      "computerId" : "",
      "lastSynchronizedDate" : null,
      "addressNumber" : "3160",
      "bankId" : "",
      "bankAccountNumber" : "",
      "description" : "",
      "lastUpdateDateTime" : "2018-04-25T14:00:38",
      "inputDateTime" : "2018-04-25T14:00:38",
      "_links" : {
        "self" : {
          "href" : "http://localhost/api/bankAccounts/3160__"
        },
        "bankAccount" : {
          "href" : "http://localhost/api/bankAccounts/3160__"
        },
        "master" : {
          "href" : "http://localhost/api/bankAccounts/3160__/master"
        }
      }
    }, {
      "inputUserId" : "VANNESA",
      "lastUpdateUserId" : "VANNESA",
      "computerId" : "",
      "lastSynchronizedDate" : null,
      "addressNumber" : "3161",
      "bankId" : "",
      "bankAccountNumber" : "",
      "description" : "",
      "lastUpdateDateTime" : "2018-04-25T14:42:33",
      "inputDateTime" : "2018-04-25T14:42:33",
      "_links" : {
        "self" : {
          "href" : "http://localhost/api/bankAccounts/3161__"
        },
        "bankAccount" : {
          "href" : "http://localhost/api/bankAccounts/3161__"
        },
        "master" : {
          "href" : "http://localhost/api/bankAccounts/3161__/master"
        }
      }
    }, {
      "inputUserId" : "VANNESA",
      "lastUpdateUserId" : "VANNESA",
      "computerId" : "",
      "lastSynchronizedDate" : null,
      "addressNumber" : "3162",
      "bankId" : "",
      "bankAccountNumber" : "",
      "description" : "",
      "lastUpdateDateTime" : "2018-04-25T17:07:39",
      "inputDateTime" : "2018-04-25T17:07:39",
      "_links" : {
        "self" : {
          "href" : "http://localhost/api/bankAccounts/3162__"
        },
        "bankAccount" : {
          "href" : "http://localhost/api/bankAccounts/3162__"
        },
        "master" : {
          "href" : "http://localhost/api/bankAccounts/3162__/master"
        }
      }
    }, {
      "inputUserId" : "VANNESA",
      "lastUpdateUserId" : "VANNESA",
      "computerId" : "",
      "lastSynchronizedDate" : null,
      "addressNumber" : "3163",
      "bankId" : "",
      "bankAccountNumber" : "",
      "description" : "",
      "lastUpdateDateTime" : "2018-04-26T16:11:26",
      "inputDateTime" : "2018-04-26T16:11:26",
      "_links" : {
        "self" : {
          "href" : "http://localhost/api/bankAccounts/3163__"
        },
        "bankAccount" : {
          "href" : "http://localhost/api/bankAccounts/3163__"
        },
        "master" : {
          "href" : "http://localhost/api/bankAccounts/3163__/master"
        }
      }
    }, {
      "inputUserId" : "VANNESA",
      "lastUpdateUserId" : "VANNESA",
      "computerId" : "",
      "lastSynchronizedDate" : null,
      "addressNumber" : "3164",
      "bankId" : "",
      "bankAccountNumber" : "",
      "description" : "",
      "lastUpdateDateTime" : "2018-04-26T17:42:22",
      "inputDateTime" : "2018-04-26T17:42:22",
      "_links" : {
        "self" : {
          "href" : "http://localhost/api/bankAccounts/3164__"
        },
        "bankAccount" : {
          "href" : "http://localhost/api/bankAccounts/3164__"
        },
        "master" : {
          "href" : "http://localhost/api/bankAccounts/3164__/master"
        }
      }
    }, {
      "inputUserId" : "QSA",
      "lastUpdateUserId" : "QSA",
      "computerId" : "",
      "lastSynchronizedDate" : null,
      "addressNumber" : "9000",
      "bankId" : "",
      "bankAccountNumber" : "",
      "description" : "",
      "lastUpdateDateTime" : "2018-01-15T20:49:40",
      "inputDateTime" : "2018-01-15T20:49:40",
      "_links" : {
        "self" : {
          "href" : "http://localhost/api/bankAccounts/9000__"
        },
        "bankAccount" : {
          "href" : "http://localhost/api/bankAccounts/9000__"
        },
        "master" : {
          "href" : "http://localhost/api/bankAccounts/9000__/master"
        }
      }
    }, {
      "inputUserId" : "QSA",
      "lastUpdateUserId" : "QSA",
      "computerId" : "",
      "lastSynchronizedDate" : null,
      "addressNumber" : "9001",
      "bankId" : "",
      "bankAccountNumber" : "",
      "description" : "",
      "lastUpdateDateTime" : "2018-01-15T20:49:46",
      "inputDateTime" : "2018-01-15T20:49:46",
      "_links" : {
        "self" : {
          "href" : "http://localhost/api/bankAccounts/9001__"
        },
        "bankAccount" : {
          "href" : "http://localhost/api/bankAccounts/9001__"
        },
        "master" : {
          "href" : "http://localhost/api/bankAccounts/9001__/master"
        }
      }
    }, {
      "inputUserId" : "DEBBY",
      "lastUpdateUserId" : "DEBBY",
      "computerId" : "",
      "lastSynchronizedDate" : null,
      "addressNumber" : "9007",
      "bankId" : "",
      "bankAccountNumber" : "",
      "description" : "",
      "lastUpdateDateTime" : "2018-03-23T15:42:11",
      "inputDateTime" : "2018-03-23T15:42:11",
      "_links" : {
        "self" : {
          "href" : "http://localhost/api/bankAccounts/9007__"
        },
        "bankAccount" : {
          "href" : "http://localhost/api/bankAccounts/9007__"
        },
        "master" : {
          "href" : "http://localhost/api/bankAccounts/9007__/master"
        }
      }
    }, {
      "inputUserId" : "DEBBY",
      "lastUpdateUserId" : "DEBBY",
      "computerId" : "",
      "lastSynchronizedDate" : null,
      "addressNumber" : "9008",
      "bankId" : "",
      "bankAccountNumber" : "",
      "description" : "",
      "lastUpdateDateTime" : "2018-03-23T15:45:23",
      "inputDateTime" : "2018-03-23T15:45:23",
      "_links" : {
        "self" : {
          "href" : "http://localhost/api/bankAccounts/9008__"
        },
        "bankAccount" : {
          "href" : "http://localhost/api/bankAccounts/9008__"
        },
        "master" : {
          "href" : "http://localhost/api/bankAccounts/9008__/master"
        }
      }
    }, {
      "inputUserId" : "DEBBY",
      "lastUpdateUserId" : "DEBBY",
      "computerId" : "",
      "lastSynchronizedDate" : null,
      "addressNumber" : "9009",
      "bankId" : "",
      "bankAccountNumber" : "",
      "description" : "",
      "lastUpdateDateTime" : "2018-03-23T15:46:29",
      "inputDateTime" : "2018-03-23T15:46:29",
      "_links" : {
        "self" : {
          "href" : "http://localhost/api/bankAccounts/9009__"
        },
        "bankAccount" : {
          "href" : "http://localhost/api/bankAccounts/9009__"
        },
        "master" : {
          "href" : "http://localhost/api/bankAccounts/9009__/master"
        }
      }
    }, {
      "inputUserId" : "DEBBY",
      "lastUpdateUserId" : "DEBBY",
      "computerId" : "",
      "lastSynchronizedDate" : null,
      "addressNumber" : "9010",
      "bankId" : "",
      "bankAccountNumber" : "",
      "description" : "",
      "lastUpdateDateTime" : "2018-03-23T15:47:13",
      "inputDateTime" : "2018-03-23T15:47:13",
      "_links" : {
        "self" : {
          "href" : "http://localhost/api/bankAccounts/9010__"
        },
        "bankAccount" : {
          "href" : "http://localhost/api/bankAccounts/9010__"
        },
        "master" : {
          "href" : "http://localhost/api/bankAccounts/9010__/master"
        }
      }
    }, {
      "inputUserId" : "DEBBY",
      "lastUpdateUserId" : "DEBBY",
      "computerId" : "",
      "lastSynchronizedDate" : null,
      "addressNumber" : "9011",
      "bankId" : "",
      "bankAccountNumber" : "",
      "description" : "",
      "lastUpdateDateTime" : "2018-03-23T15:47:49",
      "inputDateTime" : "2018-03-23T15:47:49",
      "_links" : {
        "self" : {
          "href" : "http://localhost/api/bankAccounts/9011__"
        },
        "bankAccount" : {
          "href" : "http://localhost/api/bankAccounts/9011__"
        },
        "master" : {
          "href" : "http://localhost/api/bankAccounts/9011__/master"
        }
      }
    }, {
      "inputUserId" : "DEBBY",
      "lastUpdateUserId" : "DEBBY",
      "computerId" : "",
      "lastSynchronizedDate" : null,
      "addressNumber" : "9012",
      "bankId" : "",
      "bankAccountNumber" : "",
      "description" : "",
      "lastUpdateDateTime" : "2018-03-23T15:48:15",
      "inputDateTime" : "2018-03-23T15:48:15",
      "_links" : {
        "self" : {
          "href" : "http://localhost/api/bankAccounts/9012__"
        },
        "bankAccount" : {
          "href" : "http://localhost/api/bankAccounts/9012__"
        },
        "master" : {
          "href" : "http://localhost/api/bankAccounts/9012__/master"
        }
      }
    }, {
      "inputUserId" : "DEBBY",
      "lastUpdateUserId" : "DEBBY",
      "computerId" : "",
      "lastSynchronizedDate" : null,
      "addressNumber" : "9013",
      "bankId" : "",
      "bankAccountNumber" : "",
      "description" : "",
      "lastUpdateDateTime" : "2018-03-23T15:49:01",
      "inputDateTime" : "2018-03-23T15:49:01",
      "_links" : {
        "self" : {
          "href" : "http://localhost/api/bankAccounts/9013__"
        },
        "bankAccount" : {
          "href" : "http://localhost/api/bankAccounts/9013__"
        },
        "master" : {
          "href" : "http://localhost/api/bankAccounts/9013__/master"
        }
      }
    }, {
      "inputUserId" : "DEBBY",
      "lastUpdateUserId" : "DEBBY",
      "computerId" : "",
      "lastSynchronizedDate" : null,
      "addressNumber" : "9014",
      "bankId" : "",
      "bankAccountNumber" : "",
      "description" : "",
      "lastUpdateDateTime" : "2018-03-23T15:49:24",
      "inputDateTime" : "2018-03-23T15:49:24",
      "_links" : {
        "self" : {
          "href" : "http://localhost/api/bankAccounts/9014__"
        },
        "bankAccount" : {
          "href" : "http://localhost/api/bankAccounts/9014__"
        },
        "master" : {
          "href" : "http://localhost/api/bankAccounts/9014__/master"
        }
      }
    }, {
      "inputUserId" : "DEBBY",
      "lastUpdateUserId" : "DEBBY",
      "computerId" : "",
      "lastSynchronizedDate" : null,
      "addressNumber" : "9015",
      "bankId" : "",
      "bankAccountNumber" : "",
      "description" : "",
      "lastUpdateDateTime" : "2018-03-23T15:49:46",
      "inputDateTime" : "2018-03-23T15:49:46",
      "_links" : {
        "self" : {
          "href" : "http://localhost/api/bankAccounts/9015__"
        },
        "bankAccount" : {
          "href" : "http://localhost/api/bankAccounts/9015__"
        },
        "master" : {
          "href" : "http://localhost/api/bankAccounts/9015__/master"
        }
      }
    }, {
      "inputUserId" : "DEBBY",
      "lastUpdateUserId" : "DEBBY",
      "computerId" : "",
      "lastSynchronizedDate" : null,
      "addressNumber" : "9016",
      "bankId" : "",
      "bankAccountNumber" : "",
      "description" : "",
      "lastUpdateDateTime" : "2018-03-23T15:50:22",
      "inputDateTime" : "2018-03-23T15:50:22",
      "_links" : {
        "self" : {
          "href" : "http://localhost/api/bankAccounts/9016__"
        },
        "bankAccount" : {
          "href" : "http://localhost/api/bankAccounts/9016__"
        },
        "master" : {
          "href" : "http://localhost/api/bankAccounts/9016__/master"
        }
      }
    }, {
      "inputUserId" : "DEBBY",
      "lastUpdateUserId" : "DEBBY",
      "computerId" : "",
      "lastSynchronizedDate" : null,
      "addressNumber" : "9017",
      "bankId" : "",
      "bankAccountNumber" : "",
      "description" : "",
      "lastUpdateDateTime" : "2018-03-23T15:50:45",
      "inputDateTime" : "2018-03-23T15:50:45",
      "_links" : {
        "self" : {
          "href" : "http://localhost/api/bankAccounts/9017__"
        },
        "bankAccount" : {
          "href" : "http://localhost/api/bankAccounts/9017__"
        },
        "master" : {
          "href" : "http://localhost/api/bankAccounts/9017__/master"
        }
      }
    }, {
      "inputUserId" : "DEBBY",
      "lastUpdateUserId" : "DEBBY",
      "computerId" : "",
      "lastSynchronizedDate" : null,
      "addressNumber" : "9018",
      "bankId" : "",
      "bankAccountNumber" : "",
      "description" : "",
      "lastUpdateDateTime" : "2018-03-23T15:51:13",
      "inputDateTime" : "2018-03-23T15:51:13",
      "_links" : {
        "self" : {
          "href" : "http://localhost/api/bankAccounts/9018__"
        },
        "bankAccount" : {
          "href" : "http://localhost/api/bankAccounts/9018__"
        },
        "master" : {
          "href" : "http://localhost/api/bankAccounts/9018__/master"
        }
      }
    }, {
      "inputUserId" : "DEBBY",
      "lastUpdateUserId" : "DEBBY",
      "computerId" : "",
      "lastSynchronizedDate" : null,
      "addressNumber" : "9019",
      "bankId" : "",
      "bankAccountNumber" : "",
      "description" : "",
      "lastUpdateDateTime" : "2018-03-23T15:51:43",
      "inputDateTime" : "2018-03-23T15:51:43",
      "_links" : {
        "self" : {
          "href" : "http://localhost/api/bankAccounts/9019__"
        },
        "bankAccount" : {
          "href" : "http://localhost/api/bankAccounts/9019__"
        },
        "master" : {
          "href" : "http://localhost/api/bankAccounts/9019__/master"
        }
      }
    }, {
      "inputUserId" : "DEBBY",
      "lastUpdateUserId" : "DEBBY",
      "computerId" : "",
      "lastSynchronizedDate" : null,
      "addressNumber" : "9020",
      "bankId" : "",
      "bankAccountNumber" : "",
      "description" : "",
      "lastUpdateDateTime" : "2018-03-23T15:52:11",
      "inputDateTime" : "2018-03-23T15:52:11",
      "_links" : {
        "self" : {
          "href" : "http://localhost/api/bankAccounts/9020__"
        },
        "bankAccount" : {
          "href" : "http://localhost/api/bankAccounts/9020__"
        },
        "master" : {
          "href" : "http://localhost/api/bankAccounts/9020__/master"
        }
      }
    }, {
      "inputUserId" : "QSA",
      "lastUpdateUserId" : "QSA",
      "computerId" : "",
      "lastSynchronizedDate" : null,
      "addressNumber" : "9501",
      "bankId" : "",
      "bankAccountNumber" : "",
      "description" : "",
      "lastUpdateDateTime" : "2018-03-09T17:26:27",
      "inputDateTime" : "2018-03-09T17:26:27",
      "_links" : {
        "self" : {
          "href" : "http://localhost/api/bankAccounts/9501__"
        },
        "bankAccount" : {
          "href" : "http://localhost/api/bankAccounts/9501__"
        },
        "master" : {
          "href" : "http://localhost/api/bankAccounts/9501__/master"
        }
      }
    }, {
      "inputUserId" : "ANTHONI",
      "lastUpdateUserId" : "ANTHONI",
      "computerId" : "",
      "lastSynchronizedDate" : null,
      "addressNumber" : "PT A",
      "bankId" : "",
      "bankAccountNumber" : "",
      "description" : "",
      "lastUpdateDateTime" : "2018-02-14T14:11:28",
      "inputDateTime" : "2018-02-14T14:11:28",
      "_links" : {
        "self" : {
          "href" : "http://localhost/api/bankAccounts/PT%20A__"
        },
        "bankAccount" : {
          "href" : "http://localhost/api/bankAccounts/PT%20A__"
        },
        "master" : {
          "href" : "http://localhost/api/bankAccounts/PT%20A__/master"
        }
      }
    }, {
      "inputUserId" : "ANTHONI",
      "lastUpdateUserId" : "ANTHONI",
      "computerId" : "",
      "lastSynchronizedDate" : null,
      "addressNumber" : "PT B",
      "bankId" : "",
      "bankAccountNumber" : "",
      "description" : "",
      "lastUpdateDateTime" : "2018-02-14T14:12:07",
      "inputDateTime" : "2018-02-14T14:12:07",
      "_links" : {
        "self" : {
          "href" : "http://localhost/api/bankAccounts/PT%20B__"
        },
        "bankAccount" : {
          "href" : "http://localhost/api/bankAccounts/PT%20B__"
        },
        "master" : {
          "href" : "http://localhost/api/bankAccounts/PT%20B__/master"
        }
      }
    } ]
  },
  "_links" : {
    "self" : {
      "href" : "http://localhost/api/bankAccounts/"
    },
    "profile" : {
      "href" : "http://localhost/api/profile/bankAccounts"
    },
    "search" : {
      "href" : "http://localhost/api/bankAccounts/search"
    }
  }
}
    Forwarded URL = null
   Redirected URL = null
          Cookies = []
2018-12-27 11:25:41.530  INFO 2120 --- [    Test worker] o.s.t.c.transaction.TransactionContext   : Rolled back transaction for test: [DefaultTestContext@185d58f7 testClass = BankAccountApiTest, testInstance = ags.goldenlionerp.apiTests.addresses.BankAccountApiTest@6aabd3b7, testMethod = getTestCollection@ApiTestBase, testException = [null], mergedContextConfiguration = [WebMergedContextConfiguration@4b35d7b1 testClass = BankAccountApiTest, locations = '{}', classes = '{class ags.goldenlionerp.GoldenLionErpApplication}', contextInitializerClasses = '[]', activeProfiles = '{}', propertySourceLocations = '{classpath:test.properties}', propertySourceProperties = '{org.springframework.boot.test.context.SpringBootTestContextBootstrapper=true}', contextCustomizers = set[org.springframework.boot.test.autoconfigure.properties.PropertyMappingContextCustomizer@0, org.springframework.boot.test.autoconfigure.web.servlet.WebDriverContextCustomizerFactory$Customizer@636d731e, [ImportsContextCustomizer@2fa86f40 key = [ags.goldenlionerp.apiTests.ApiTestBase$TestConfig]], org.springframework.boot.test.context.filter.ExcludeFilterContextCustomizer@6afa5291, org.springframework.boot.test.json.DuplicateJsonObjectContextCustomizerFactory$DuplicateJsonObjectContextCustomizer@20cebcb4, org.springframework.boot.test.mock.mockito.MockitoContextCustomizer@0, org.springframework.boot.test.web.client.TestRestTemplateContextCustomizer@49a32273], resourceBasePath = 'src/main/webapp', contextLoader = 'org.springframework.boot.test.context.SpringBootContextLoader', parent = [null]], attributes = map['org.springframework.test.context.web.ServletTestExecutionListener.activateListener' -> true, 'org.springframework.test.context.web.ServletTestExecutionListener.populatedRequestContextHolder' -> true, 'org.springframework.test.context.web.ServletTestExecutionListener.resetRequestContextHolder' -> true]]
2018-12-27 11:25:41.533  INFO 2120 --- [    Test worker] o.s.t.c.transaction.TransactionContext   : Began transaction (1) for test context [DefaultTestContext@185d58f7 testClass = BankAccountApiTest, testInstance = ags.goldenlionerp.apiTests.addresses.BankAccountApiTest@3f808581, testMethod = createTestWithPut@ApiTestBase, testException = [null], mergedContextConfiguration = [WebMergedContextConfiguration@4b35d7b1 testClass = BankAccountApiTest, locations = '{}', classes = '{class ags.goldenlionerp.GoldenLionErpApplication}', contextInitializerClasses = '[]', activeProfiles = '{}', propertySourceLocations = '{classpath:test.properties}', propertySourceProperties = '{org.springframework.boot.test.context.SpringBootTestContextBootstrapper=true}', contextCustomizers = set[org.springframework.boot.test.autoconfigure.properties.PropertyMappingContextCustomizer@0, org.springframework.boot.test.autoconfigure.web.servlet.WebDriverContextCustomizerFactory$Customizer@636d731e, [ImportsContextCustomizer@2fa86f40 key = [ags.goldenlionerp.apiTests.ApiTestBase$TestConfig]], org.springframework.boot.test.context.filter.ExcludeFilterContextCustomizer@6afa5291, org.springframework.boot.test.json.DuplicateJsonObjectContextCustomizerFactory$DuplicateJsonObjectContextCustomizer@20cebcb4, org.springframework.boot.test.mock.mockito.MockitoContextCustomizer@0, org.springframework.boot.test.web.client.TestRestTemplateContextCustomizer@49a32273], resourceBasePath = 'src/main/webapp', contextLoader = 'org.springframework.boot.test.context.SpringBootContextLoader', parent = [null]], attributes = map['org.springframework.test.context.web.ServletTestExecutionListener.activateListener' -> true, 'org.springframework.test.context.web.ServletTestExecutionListener.populatedRequestContextHolder' -> true, 'org.springframework.test.context.web.ServletTestExecutionListener.resetRequestContextHolder' -> true]]; transaction manager [org.springframework.orm.jpa.JpaTransactionManager@75de8c12]; rollback [true]
2018-12-27 11:25:41.534  INFO 2120 --- [    Test worker] o.s.b.t.m.w.SpringBootMockServletContext : Initializing Spring FrameworkServlet ''
2018-12-27 11:25:41.534  INFO 2120 --- [    Test worker] o.s.t.web.servlet.TestDispatcherServlet  : FrameworkServlet '': initialization started
2018-12-27 11:25:41.541  INFO 2120 --- [    Test worker] o.s.t.web.servlet.TestDispatcherServlet  : FrameworkServlet '': initialization completed in 7 ms
Hibernate: select addressboo0_.adanum as adanum1_16_0_, addressboo0_.adcid as adcid2_16_0_, addressboo0_.addtin as addtin3_16_0_, addressboo0_.adtmin as adtmin4_16_0_, addressboo0_.aduid as aduid5_16_0_, addressboo0_.addtlu as addtlu6_16_0_, addressboo0_.adtmlu as adtmlu7_16_0_, addressboo0_.aduidm as aduidm8_16_0_, addressboo0_.adap as adap9_16_0_, addressboo0_.adar as adar10_16_0_, addressboo0_.adbuid as adbuid11_16_0_, addressboo0_.adcc01 as adcc12_16_0_, addressboo0_.adcc02 as adcc13_16_0_, addressboo0_.adcc03 as adcc14_16_0_, addressboo0_.adcc04 as adcc15_16_0_, addressboo0_.adcc05 as adcc16_16_0_, addressboo0_.adcc06 as adcc17_16_0_, addressboo0_.adcc07 as adcc18_16_0_, addressboo0_.adcc08 as adcc19_16_0_, addressboo0_.adcc09 as adcc20_16_0_, addressboo0_.adcc10 as adcc21_16_0_, addressboo0_.adempl as adempl22_16_0_, addressboo0_.adtmlt as adtmlt23_16_0_, addressboo0_.adlan as adlan24_16_0_, addressboo0_.admlnm as admlnm25_16_0_, addressboo0_.adnm as adnm26_16_0_, addressboo0_.adpan as adpan27_16_0_, addressboo0_.adrecid as adrecid28_16_0_, addressboo0_.adrlid0 as adrlid29_16_0_, addressboo0_.adrlid2 as adrlid30_16_0_, addressboo0_.adrlid3 as adrlid31_16_0_, addressboo0_.adrlid4 as adrlid32_16_0_, addressboo0_.adrlid5 as adrlid33_16_0_, addressboo0_.adrlid6 as adrlid34_16_0_, addressboo0_.adrlid7 as adrlid35_16_0_, addressboo0_.adrlid8 as adrlid36_16_0_, addressboo0_.adrlid9 as adrlid37_16_0_, addressboo0_.adrlid1 as adrlid38_16_0_, addressboo0_.adst as adst39_16_0_, addressboo0_.adtaxid as adtaxid40_16_0_ from t0101 addressboo0_ where addressboo0_.adanum=?
Hibernate: select addresshis0_.eaanum as eaanum1_19_0_, addresshis0_.earecid as earecid2_19_0_, addresshis0_.eaanum as eaanum1_19_1_, addresshis0_.earecid as earecid2_19_1_, addresshis0_.eacid as eacid3_19_1_, addresshis0_.eadtin as eadtin4_19_1_, addresshis0_.eatmin as eatmin5_19_1_, addresshis0_.eauid as eauid6_19_1_, addresshis0_.eadtlu as eadtlu7_19_1_, addresshis0_.eatmlu as eatmlu8_19_1_, addresshis0_.eauidm as eauidm9_19_1_, addresshis0_.eadtls as eadtls10_19_1_, addresshis0_.eaaddr1 as eaaddr11_19_1_, addresshis0_.eaaddr2 as eaaddr12_19_1_, addresshis0_.eaaddr3 as eaaddr13_19_1_, addresshis0_.eaaddr4 as eaaddr14_19_1_, addresshis0_.eacity as eacity15_19_1_, addresshis0_.eacntry as eacntry16_19_1_, addresshis0_.eacnty as eacnty17_19_1_, addresshis0_.eaefdt as eaefdt18_19_1_, addresshis0_.eaemail as eaemail19_19_1_, addresshis0_.eanau as eanau20_19_1_, addresshis0_.eanou as eanou21_19_1_, addresshis0_.eapoldis as eapoldi22_19_1_, addresshis0_.eapscd as eapscd23_19_1_, addresshis0_.eastate as eastate24_19_1_, addresshis0_.easubdis as easubdi25_19_1_ from t0104 addresshis0_ where addresshis0_.eaanum=?
Hibernate: select bankaccoun0_.baanum as baanum1_20_0_, bankaccoun0_.babankac as babankac2_20_0_, bankaccoun0_.babankid as babankid3_20_0_, bankaccoun0_.bacid as bacid4_20_0_, bankaccoun0_.badtin as badtin5_20_0_, bankaccoun0_.batmin as batmin6_20_0_, bankaccoun0_.bauid as bauid7_20_0_, bankaccoun0_.badtlu as badtlu8_20_0_, bankaccoun0_.batmlu as batmlu9_20_0_, bankaccoun0_.bauidm as bauidm10_20_0_, bankaccoun0_.badtls as badtls11_20_0_, bankaccoun0_.badesb1 as badesb12_20_0_ from t0105 bankaccoun0_ where bankaccoun0_.baanum=? and bankaccoun0_.babankac=? and bankaccoun0_.babankid=?
2018-12-27 11:25:41.562  INFO 2120 --- [    Test worker] o.s.t.c.transaction.TransactionContext   : Rolled back transaction for test: [DefaultTestContext@185d58f7 testClass = BankAccountApiTest, testInstance = ags.goldenlionerp.apiTests.addresses.BankAccountApiTest@3f808581, testMethod = createTestWithPut@ApiTestBase, testException = [null], mergedContextConfiguration = [WebMergedContextConfiguration@4b35d7b1 testClass = BankAccountApiTest, locations = '{}', classes = '{class ags.goldenlionerp.GoldenLionErpApplication}', contextInitializerClasses = '[]', activeProfiles = '{}', propertySourceLocations = '{classpath:test.properties}', propertySourceProperties = '{org.springframework.boot.test.context.SpringBootTestContextBootstrapper=true}', contextCustomizers = set[org.springframework.boot.test.autoconfigure.properties.PropertyMappingContextCustomizer@0, org.springframework.boot.test.autoconfigure.web.servlet.WebDriverContextCustomizerFactory$Customizer@636d731e, [ImportsContextCustomizer@2fa86f40 key = [ags.goldenlionerp.apiTests.ApiTestBase$TestConfig]], org.springframework.boot.test.context.filter.ExcludeFilterContextCustomizer@6afa5291, org.springframework.boot.test.json.DuplicateJsonObjectContextCustomizerFactory$DuplicateJsonObjectContextCustomizer@20cebcb4, org.springframework.boot.test.mock.mockito.MockitoContextCustomizer@0, org.springframework.boot.test.web.client.TestRestTemplateContextCustomizer@49a32273], resourceBasePath = 'src/main/webapp', contextLoader = 'org.springframework.boot.test.context.SpringBootContextLoader', parent = [null]], attributes = map['org.springframework.test.context.web.ServletTestExecutionListener.activateListener' -> true, 'org.springframework.test.context.web.ServletTestExecutionListener.populatedRequestContextHolder' -> true, 'org.springframework.test.context.web.ServletTestExecutionListener.resetRequestContextHolder' -> true]]
2018-12-27 11:25:41.564  INFO 2120 --- [    Test worker] o.s.t.c.transaction.TransactionContext   : Began transaction (1) for test context [DefaultTestContext@185d58f7 testClass = BankAccountApiTest, testInstance = ags.goldenlionerp.apiTests.addresses.BankAccountApiTest@11831bb0, testMethod = deleteTest@ApiTestBase, testException = [null], mergedContextConfiguration = [WebMergedContextConfiguration@4b35d7b1 testClass = BankAccountApiTest, locations = '{}', classes = '{class ags.goldenlionerp.GoldenLionErpApplication}', contextInitializerClasses = '[]', activeProfiles = '{}', propertySourceLocations = '{classpath:test.properties}', propertySourceProperties = '{org.springframework.boot.test.context.SpringBootTestContextBootstrapper=true}', contextCustomizers = set[org.springframework.boot.test.autoconfigure.properties.PropertyMappingContextCustomizer@0, org.springframework.boot.test.autoconfigure.web.servlet.WebDriverContextCustomizerFactory$Customizer@636d731e, [ImportsContextCustomizer@2fa86f40 key = [ags.goldenlionerp.apiTests.ApiTestBase$TestConfig]], org.springframework.boot.test.context.filter.ExcludeFilterContextCustomizer@6afa5291, org.springframework.boot.test.json.DuplicateJsonObjectContextCustomizerFactory$DuplicateJsonObjectContextCustomizer@20cebcb4, org.springframework.boot.test.mock.mockito.MockitoContextCustomizer@0, org.springframework.boot.test.web.client.TestRestTemplateContextCustomizer@49a32273], resourceBasePath = 'src/main/webapp', contextLoader = 'org.springframework.boot.test.context.SpringBootContextLoader', parent = [null]], attributes = map['org.springframework.test.context.web.ServletTestExecutionListener.activateListener' -> true, 'org.springframework.test.context.web.ServletTestExecutionListener.populatedRequestContextHolder' -> true, 'org.springframework.test.context.web.ServletTestExecutionListener.resetRequestContextHolder' -> true]]; transaction manager [org.springframework.orm.jpa.JpaTransactionManager@75de8c12]; rollback [true]
2018-12-27 11:25:41.564  INFO 2120 --- [    Test worker] o.s.b.t.m.w.SpringBootMockServletContext : Initializing Spring FrameworkServlet ''
2018-12-27 11:25:41.564  INFO 2120 --- [    Test worker] o.s.t.web.servlet.TestDispatcherServlet  : FrameworkServlet '': initialization started
2018-12-27 11:25:41.569  INFO 2120 --- [    Test worker] o.s.t.web.servlet.TestDispatcherServlet  : FrameworkServlet '': initialization completed in 5 ms
Hibernate: select addressboo0_.adanum as adanum1_16_0_, addressboo0_.adcid as adcid2_16_0_, addressboo0_.addtin as addtin3_16_0_, addressboo0_.adtmin as adtmin4_16_0_, addressboo0_.aduid as aduid5_16_0_, addressboo0_.addtlu as addtlu6_16_0_, addressboo0_.adtmlu as adtmlu7_16_0_, addressboo0_.aduidm as aduidm8_16_0_, addressboo0_.adap as adap9_16_0_, addressboo0_.adar as adar10_16_0_, addressboo0_.adbuid as adbuid11_16_0_, addressboo0_.adcc01 as adcc12_16_0_, addressboo0_.adcc02 as adcc13_16_0_, addressboo0_.adcc03 as adcc14_16_0_, addressboo0_.adcc04 as adcc15_16_0_, addressboo0_.adcc05 as adcc16_16_0_, addressboo0_.adcc06 as adcc17_16_0_, addressboo0_.adcc07 as adcc18_16_0_, addressboo0_.adcc08 as adcc19_16_0_, addressboo0_.adcc09 as adcc20_16_0_, addressboo0_.adcc10 as adcc21_16_0_, addressboo0_.adempl as adempl22_16_0_, addressboo0_.adtmlt as adtmlt23_16_0_, addressboo0_.adlan as adlan24_16_0_, addressboo0_.admlnm as admlnm25_16_0_, addressboo0_.adnm as adnm26_16_0_, addressboo0_.adpan as adpan27_16_0_, addressboo0_.adrecid as adrecid28_16_0_, addressboo0_.adrlid0 as adrlid29_16_0_, addressboo0_.adrlid2 as adrlid30_16_0_, addressboo0_.adrlid3 as adrlid31_16_0_, addressboo0_.adrlid4 as adrlid32_16_0_, addressboo0_.adrlid5 as adrlid33_16_0_, addressboo0_.adrlid6 as adrlid34_16_0_, addressboo0_.adrlid7 as adrlid35_16_0_, addressboo0_.adrlid8 as adrlid36_16_0_, addressboo0_.adrlid9 as adrlid37_16_0_, addressboo0_.adrlid1 as adrlid38_16_0_, addressboo0_.adst as adst39_16_0_, addressboo0_.adtaxid as adtaxid40_16_0_ from t0101 addressboo0_ where addressboo0_.adanum=?
Hibernate: select addresshis0_.eaanum as eaanum1_19_0_, addresshis0_.earecid as earecid2_19_0_, addresshis0_.eaanum as eaanum1_19_1_, addresshis0_.earecid as earecid2_19_1_, addresshis0_.eacid as eacid3_19_1_, addresshis0_.eadtin as eadtin4_19_1_, addresshis0_.eatmin as eatmin5_19_1_, addresshis0_.eauid as eauid6_19_1_, addresshis0_.eadtlu as eadtlu7_19_1_, addresshis0_.eatmlu as eatmlu8_19_1_, addresshis0_.eauidm as eauidm9_19_1_, addresshis0_.eadtls as eadtls10_19_1_, addresshis0_.eaaddr1 as eaaddr11_19_1_, addresshis0_.eaaddr2 as eaaddr12_19_1_, addresshis0_.eaaddr3 as eaaddr13_19_1_, addresshis0_.eaaddr4 as eaaddr14_19_1_, addresshis0_.eacity as eacity15_19_1_, addresshis0_.eacntry as eacntry16_19_1_, addresshis0_.eacnty as eacnty17_19_1_, addresshis0_.eaefdt as eaefdt18_19_1_, addresshis0_.eaemail as eaemail19_19_1_, addresshis0_.eanau as eanau20_19_1_, addresshis0_.eanou as eanou21_19_1_, addresshis0_.eapoldis as eapoldi22_19_1_, addresshis0_.eapscd as eapscd23_19_1_, addresshis0_.eastate as eastate24_19_1_, addresshis0_.easubdis as easubdi25_19_1_ from t0104 addresshis0_ where addresshis0_.eaanum=?
Hibernate: select bankaccoun0_.baanum as baanum1_20_0_, bankaccoun0_.babankac as babankac2_20_0_, bankaccoun0_.babankid as babankid3_20_0_, bankaccoun0_.bacid as bacid4_20_0_, bankaccoun0_.badtin as badtin5_20_0_, bankaccoun0_.batmin as batmin6_20_0_, bankaccoun0_.bauid as bauid7_20_0_, bankaccoun0_.badtlu as badtlu8_20_0_, bankaccoun0_.batmlu as batmlu9_20_0_, bankaccoun0_.bauidm as bauidm10_20_0_, bankaccoun0_.badtls as badtls11_20_0_, bankaccoun0_.badesb1 as badesb12_20_0_ from t0105 bankaccoun0_ where bankaccoun0_.baanum=? and bankaccoun0_.babankac=? and bankaccoun0_.babankid=?
2018-12-27 11:25:41.598  INFO 2120 --- [    Test worker] o.s.t.c.transaction.TransactionContext   : Rolled back transaction for test: [DefaultTestContext@185d58f7 testClass = BankAccountApiTest, testInstance = ags.goldenlionerp.apiTests.addresses.BankAccountApiTest@11831bb0, testMethod = deleteTest@ApiTestBase, testException = [null], mergedContextConfiguration = [WebMergedContextConfiguration@4b35d7b1 testClass = BankAccountApiTest, locations = '{}', classes = '{class ags.goldenlionerp.GoldenLionErpApplication}', contextInitializerClasses = '[]', activeProfiles = '{}', propertySourceLocations = '{classpath:test.properties}', propertySourceProperties = '{org.springframework.boot.test.context.SpringBootTestContextBootstrapper=true}', contextCustomizers = set[org.springframework.boot.test.autoconfigure.properties.PropertyMappingContextCustomizer@0, org.springframework.boot.test.autoconfigure.web.servlet.WebDriverContextCustomizerFactory$Customizer@636d731e, [ImportsContextCustomizer@2fa86f40 key = [ags.goldenlionerp.apiTests.ApiTestBase$TestConfig]], org.springframework.boot.test.context.filter.ExcludeFilterContextCustomizer@6afa5291, org.springframework.boot.test.json.DuplicateJsonObjectContextCustomizerFactory$DuplicateJsonObjectContextCustomizer@20cebcb4, org.springframework.boot.test.mock.mockito.MockitoContextCustomizer@0, org.springframework.boot.test.web.client.TestRestTemplateContextCustomizer@49a32273], resourceBasePath = 'src/main/webapp', contextLoader = 'org.springframework.boot.test.context.SpringBootContextLoader', parent = [null]], attributes = map['org.springframework.test.context.web.ServletTestExecutionListener.activateListener' -> true, 'org.springframework.test.context.web.ServletTestExecutionListener.populatedRequestContextHolder' -> true, 'org.springframework.test.context.web.ServletTestExecutionListener.resetRequestContextHolder' -> true]]
2018-12-27 11:25:41.600  INFO 2120 --- [    Test worker] o.s.t.c.transaction.TransactionContext   : Began transaction (1) for test context [DefaultTestContext@185d58f7 testClass = BankAccountApiTest, testInstance = ags.goldenlionerp.apiTests.addresses.BankAccountApiTest@294f883f, testMethod = createTestWithPost@ApiTestBase, testException = [null], mergedContextConfiguration = [WebMergedContextConfiguration@4b35d7b1 testClass = BankAccountApiTest, locations = '{}', classes = '{class ags.goldenlionerp.GoldenLionErpApplication}', contextInitializerClasses = '[]', activeProfiles = '{}', propertySourceLocations = '{classpath:test.properties}', propertySourceProperties = '{org.springframework.boot.test.context.SpringBootTestContextBootstrapper=true}', contextCustomizers = set[org.springframework.boot.test.autoconfigure.properties.PropertyMappingContextCustomizer@0, org.springframework.boot.test.autoconfigure.web.servlet.WebDriverContextCustomizerFactory$Customizer@636d731e, [ImportsContextCustomizer@2fa86f40 key = [ags.goldenlionerp.apiTests.ApiTestBase$TestConfig]], org.springframework.boot.test.context.filter.ExcludeFilterContextCustomizer@6afa5291, org.springframework.boot.test.json.DuplicateJsonObjectContextCustomizerFactory$DuplicateJsonObjectContextCustomizer@20cebcb4, org.springframework.boot.test.mock.mockito.MockitoContextCustomizer@0, org.springframework.boot.test.web.client.TestRestTemplateContextCustomizer@49a32273], resourceBasePath = 'src/main/webapp', contextLoader = 'org.springframework.boot.test.context.SpringBootContextLoader', parent = [null]], attributes = map['org.springframework.test.context.web.ServletTestExecutionListener.activateListener' -> true, 'org.springframework.test.context.web.ServletTestExecutionListener.populatedRequestContextHolder' -> true, 'org.springframework.test.context.web.ServletTestExecutionListener.resetRequestContextHolder' -> true]]; transaction manager [org.springframework.orm.jpa.JpaTransactionManager@75de8c12]; rollback [true]
2018-12-27 11:25:41.601  INFO 2120 --- [    Test worker] o.s.b.t.m.w.SpringBootMockServletContext : Initializing Spring FrameworkServlet ''
2018-12-27 11:25:41.601  INFO 2120 --- [    Test worker] o.s.t.web.servlet.TestDispatcherServlet  : FrameworkServlet '': initialization started
2018-12-27 11:25:41.606  INFO 2120 --- [    Test worker] o.s.t.web.servlet.TestDispatcherServlet  : FrameworkServlet '': initialization completed in 5 ms
Hibernate: select addressboo0_.adanum as adanum1_16_0_, addressboo0_.adcid as adcid2_16_0_, addressboo0_.addtin as addtin3_16_0_, addressboo0_.adtmin as adtmin4_16_0_, addressboo0_.aduid as aduid5_16_0_, addressboo0_.addtlu as addtlu6_16_0_, addressboo0_.adtmlu as adtmlu7_16_0_, addressboo0_.aduidm as aduidm8_16_0_, addressboo0_.adap as adap9_16_0_, addressboo0_.adar as adar10_16_0_, addressboo0_.adbuid as adbuid11_16_0_, addressboo0_.adcc01 as adcc12_16_0_, addressboo0_.adcc02 as adcc13_16_0_, addressboo0_.adcc03 as adcc14_16_0_, addressboo0_.adcc04 as adcc15_16_0_, addressboo0_.adcc05 as adcc16_16_0_, addressboo0_.adcc06 as adcc17_16_0_, addressboo0_.adcc07 as adcc18_16_0_, addressboo0_.adcc08 as adcc19_16_0_, addressboo0_.adcc09 as adcc20_16_0_, addressboo0_.adcc10 as adcc21_16_0_, addressboo0_.adempl as adempl22_16_0_, addressboo0_.adtmlt as adtmlt23_16_0_, addressboo0_.adlan as adlan24_16_0_, addressboo0_.admlnm as admlnm25_16_0_, addressboo0_.adnm as adnm26_16_0_, addressboo0_.adpan as adpan27_16_0_, addressboo0_.adrecid as adrecid28_16_0_, addressboo0_.adrlid0 as adrlid29_16_0_, addressboo0_.adrlid2 as adrlid30_16_0_, addressboo0_.adrlid3 as adrlid31_16_0_, addressboo0_.adrlid4 as adrlid32_16_0_, addressboo0_.adrlid5 as adrlid33_16_0_, addressboo0_.adrlid6 as adrlid34_16_0_, addressboo0_.adrlid7 as adrlid35_16_0_, addressboo0_.adrlid8 as adrlid36_16_0_, addressboo0_.adrlid9 as adrlid37_16_0_, addressboo0_.adrlid1 as adrlid38_16_0_, addressboo0_.adst as adst39_16_0_, addressboo0_.adtaxid as adtaxid40_16_0_ from t0101 addressboo0_ where addressboo0_.adanum=?
Hibernate: select addresshis0_.eaanum as eaanum1_19_0_, addresshis0_.earecid as earecid2_19_0_, addresshis0_.eaanum as eaanum1_19_1_, addresshis0_.earecid as earecid2_19_1_, addresshis0_.eacid as eacid3_19_1_, addresshis0_.eadtin as eadtin4_19_1_, addresshis0_.eatmin as eatmin5_19_1_, addresshis0_.eauid as eauid6_19_1_, addresshis0_.eadtlu as eadtlu7_19_1_, addresshis0_.eatmlu as eatmlu8_19_1_, addresshis0_.eauidm as eauidm9_19_1_, addresshis0_.eadtls as eadtls10_19_1_, addresshis0_.eaaddr1 as eaaddr11_19_1_, addresshis0_.eaaddr2 as eaaddr12_19_1_, addresshis0_.eaaddr3 as eaaddr13_19_1_, addresshis0_.eaaddr4 as eaaddr14_19_1_, addresshis0_.eacity as eacity15_19_1_, addresshis0_.eacntry as eacntry16_19_1_, addresshis0_.eacnty as eacnty17_19_1_, addresshis0_.eaefdt as eaefdt18_19_1_, addresshis0_.eaemail as eaemail19_19_1_, addresshis0_.eanau as eanau20_19_1_, addresshis0_.eanou as eanou21_19_1_, addresshis0_.eapoldis as eapoldi22_19_1_, addresshis0_.eapscd as eapscd23_19_1_, addresshis0_.eastate as eastate24_19_1_, addresshis0_.easubdis as easubdi25_19_1_ from t0104 addresshis0_ where addresshis0_.eaanum=?
Hibernate: select bankaccoun0_.baanum as baanum1_20_0_, bankaccoun0_.babankac as babankac2_20_0_, bankaccoun0_.babankid as babankid3_20_0_, bankaccoun0_.bacid as bacid4_20_0_, bankaccoun0_.badtin as badtin5_20_0_, bankaccoun0_.batmin as batmin6_20_0_, bankaccoun0_.bauid as bauid7_20_0_, bankaccoun0_.badtlu as badtlu8_20_0_, bankaccoun0_.batmlu as batmlu9_20_0_, bankaccoun0_.bauidm as bauidm10_20_0_, bankaccoun0_.badtls as badtls11_20_0_, bankaccoun0_.badesb1 as badesb12_20_0_ from t0105 bankaccoun0_ where bankaccoun0_.baanum=? and bankaccoun0_.babankac=? and bankaccoun0_.babankid=?
Hibernate: select bankaccoun0_.baanum as baanum1_20_0_, bankaccoun0_.babankac as babankac2_20_0_, bankaccoun0_.babankid as babankid3_20_0_, bankaccoun0_.bacid as bacid4_20_0_, bankaccoun0_.badtin as badtin5_20_0_, bankaccoun0_.batmin as batmin6_20_0_, bankaccoun0_.bauid as bauid7_20_0_, bankaccoun0_.badtlu as badtlu8_20_0_, bankaccoun0_.batmlu as batmlu9_20_0_, bankaccoun0_.bauidm as bauidm10_20_0_, bankaccoun0_.badtls as badtls11_20_0_, bankaccoun0_.badesb1 as badesb12_20_0_ from t0105 bankaccoun0_ where bankaccoun0_.baanum=? and bankaccoun0_.babankac=? and bankaccoun0_.babankid=?
Hibernate: insert into t0105 (bacid, badtin, batmin, bauid, badtlu, batmlu, bauidm, badtls, badesb1, baanum, babankac, babankid) values (?, ?, ?, ?, ?, ?, ?, ?, ?, ?, ?, ?)
Hibernate: select bankaccoun0_.baanum as baanum1_20_0_, bankaccoun0_.babankac as babankac2_20_0_, bankaccoun0_.babankid as babankid3_20_0_, bankaccoun0_.bacid as bacid4_20_0_, bankaccoun0_.badtin as badtin5_20_0_, bankaccoun0_.batmin as batmin6_20_0_, bankaccoun0_.bauid as bauid7_20_0_, bankaccoun0_.badtlu as badtlu8_20_0_, bankaccoun0_.batmlu as batmlu9_20_0_, bankaccoun0_.bauidm as bauidm10_20_0_, bankaccoun0_.badtls as badtls11_20_0_, bankaccoun0_.badesb1 as badesb12_20_0_ from t0105 bankaccoun0_ where bankaccoun0_.baanum=? and bankaccoun0_.babankac=? and bankaccoun0_.babankid=?

MockHttpServletRequest:
      HTTP Method = GET
      Request URI = /api/bankAccounts/0100_008_123456789
       Parameters = {}
          Headers = {Accept=[application/json]}
             Body = <no character encoding set>
    Session Attrs = {org.springframework.security.web.csrf.HttpSessionCsrfTokenRepository.CSRF_TOKEN=org.springframework.security.web.csrf.DefaultCsrfToken@32b1de2, SPRING_SECURITY_CONTEXT=org.springframework.security.core.context.SecurityContextImpl@475fcd89: Authentication: org.springframework.security.authentication.UsernamePasswordAuthenticationToken@475fcd89: Principal: org.springframework.security.core.userdetails.User@f02988d6: Username: username; Password: [PROTECTED]; Enabled: true; AccountNonExpired: true; credentialsNonExpired: true; AccountNonLocked: true; Not granted any authorities; Credentials: [PROTECTED]; Authenticated: true; Details: null; Not granted any authorities}

Handler:
             Type = org.springframework.data.rest.webmvc.RepositoryEntityController
           Method = public org.springframework.http.ResponseEntity<org.springframework.hateoas.Resource<?>> org.springframework.data.rest.webmvc.RepositoryEntityController.getItemResource(org.springframework.data.rest.webmvc.RootResourceInformation,java.io.Serializable,org.springframework.data.rest.webmvc.PersistentEntityResourceAssembler,org.springframework.http.HttpHeaders) throws org.springframework.web.HttpRequestMethodNotSupportedException

Async:
    Async started = false
     Async result = null

Resolved Exception:
             Type = null

ModelAndView:
        View name = null
             View = null
            Model = null

FlashMap:
       Attributes = null

MockHttpServletResponse:
           Status = 200
    Error message = null
          Headers = {Content-Type=[application/json;charset=UTF-8], X-Content-Type-Options=[nosniff], X-XSS-Protection=[1; mode=block], Cache-Control=[no-cache, no-store, max-age=0, must-revalidate], Pragma=[no-cache], Expires=[0], X-Frame-Options=[DENY]}
     Content type = application/json;charset=UTF-8
             Body = {
  "inputUserId" : "username",
  "lastUpdateUserId" : "username",
  "computerId" : "username",
  "lastSynchronizedDate" : null,
  "addressNumber" : "0100",
  "bankId" : "008",
  "bankAccountNumber" : "123456789",
  "description" : "Test bank account",
  "lastUpdateDateTime" : "2018-12-27T11:25:41",
  "inputDateTime" : "2018-12-27T11:25:41",
  "_links" : {
    "self" : {
      "href" : "http://localhost/api/bankAccounts/0100_008_123456789"
    },
    "bankAccount" : {
      "href" : "http://localhost/api/bankAccounts/0100_008_123456789"
    },
    "master" : {
      "href" : "http://localhost/api/bankAccounts/0100_008_123456789/master"
    }
  }
}
    Forwarded URL = null
   Redirected URL = null
          Cookies = []
2018-12-27 11:25:41.655  INFO 2120 --- [    Test worker] o.s.t.c.transaction.TransactionContext   : Rolled back transaction for test: [DefaultTestContext@185d58f7 testClass = BankAccountApiTest, testInstance = ags.goldenlionerp.apiTests.addresses.BankAccountApiTest@294f883f, testMethod = createTestWithPost@ApiTestBase, testException = [null], mergedContextConfiguration = [WebMergedContextConfiguration@4b35d7b1 testClass = BankAccountApiTest, locations = '{}', classes = '{class ags.goldenlionerp.GoldenLionErpApplication}', contextInitializerClasses = '[]', activeProfiles = '{}', propertySourceLocations = '{classpath:test.properties}', propertySourceProperties = '{org.springframework.boot.test.context.SpringBootTestContextBootstrapper=true}', contextCustomizers = set[org.springframework.boot.test.autoconfigure.properties.PropertyMappingContextCustomizer@0, org.springframework.boot.test.autoconfigure.web.servlet.WebDriverContextCustomizerFactory$Customizer@636d731e, [ImportsContextCustomizer@2fa86f40 key = [ags.goldenlionerp.apiTests.ApiTestBase$TestConfig]], org.springframework.boot.test.context.filter.ExcludeFilterContextCustomizer@6afa5291, org.springframework.boot.test.json.DuplicateJsonObjectContextCustomizerFactory$DuplicateJsonObjectContextCustomizer@20cebcb4, org.springframework.boot.test.mock.mockito.MockitoContextCustomizer@0, org.springframework.boot.test.web.client.TestRestTemplateContextCustomizer@49a32273], resourceBasePath = 'src/main/webapp', contextLoader = 'org.springframework.boot.test.context.SpringBootContextLoader', parent = [null]], attributes = map['org.springframework.test.context.web.ServletTestExecutionListener.activateListener' -> true, 'org.springframework.test.context.web.ServletTestExecutionListener.populatedRequestContextHolder' -> true, 'org.springframework.test.context.web.ServletTestExecutionListener.resetRequestContextHolder' -> true]]
]]></system-out>
  <system-err><![CDATA[]]></system-err>
</testsuite>
