<?xml version="1.0" encoding="UTF-8"?>
<testsuite name="ags.goldenlionerp.apiTests.accounting.AccountMasterApiTest" tests="7" skipped="0" failures="0" errors="0" timestamp="2018-12-14T10:35:13" hostname="LAPTOP-FHFRCCL6" time="1.466">
  <properties/>
  <testcase name="updateTestWithPatch" classname="ags.goldenlionerp.apiTests.accounting.AccountMasterApiTest" time="0.872"/>
  <testcase name="updateTestWithPut" classname="ags.goldenlionerp.apiTests.accounting.AccountMasterApiTest" time="0.048"/>
  <testcase name="getTestSingle" classname="ags.goldenlionerp.apiTests.accounting.AccountMasterApiTest" time="0.046"/>
  <testcase name="getTestCollection" classname="ags.goldenlionerp.apiTests.accounting.AccountMasterApiTest" time="0.199"/>
  <testcase name="createTestWithPut" classname="ags.goldenlionerp.apiTests.accounting.AccountMasterApiTest" time="0.044"/>
  <testcase name="deleteTest" classname="ags.goldenlionerp.apiTests.accounting.AccountMasterApiTest" time="0.084"/>
  <testcase name="createTestWithPost" classname="ags.goldenlionerp.apiTests.accounting.AccountMasterApiTest" time="0.164"/>
  <system-out><![CDATA[17:34:58.143 [Test worker] DEBUG org.springframework.test.context.junit4.SpringJUnit4ClassRunner - SpringJUnit4ClassRunner constructor called with [class ags.goldenlionerp.apiTests.accounting.AccountMasterApiTest]
17:34:58.143 [Test worker] DEBUG org.springframework.test.context.BootstrapUtils - Instantiating CacheAwareContextLoaderDelegate from class [org.springframework.test.context.cache.DefaultCacheAwareContextLoaderDelegate]
17:34:58.158 [Test worker] DEBUG org.springframework.test.context.BootstrapUtils - Instantiating BootstrapContext using constructor [public org.springframework.test.context.support.DefaultBootstrapContext(java.lang.Class,org.springframework.test.context.CacheAwareContextLoaderDelegate)]
17:34:58.174 [Test worker] DEBUG org.springframework.test.context.BootstrapUtils - Instantiating TestContextBootstrapper for test class [ags.goldenlionerp.apiTests.accounting.AccountMasterApiTest] from class [org.springframework.boot.test.context.SpringBootTestContextBootstrapper]
17:34:58.174 [Test worker] INFO org.springframework.boot.test.context.SpringBootTestContextBootstrapper - Neither @ContextConfiguration nor @ContextHierarchy found for test class [ags.goldenlionerp.apiTests.accounting.AccountMasterApiTest], using SpringBootContextLoader
17:34:58.190 [Test worker] DEBUG org.springframework.test.context.support.AbstractContextLoader - Did not detect default resource location for test class [ags.goldenlionerp.apiTests.accounting.AccountMasterApiTest]: class path resource [ags/goldenlionerp/apiTests/accounting/AccountMasterApiTest-context.xml] does not exist
17:34:58.190 [Test worker] DEBUG org.springframework.test.context.support.AbstractContextLoader - Did not detect default resource location for test class [ags.goldenlionerp.apiTests.accounting.AccountMasterApiTest]: class path resource [ags/goldenlionerp/apiTests/accounting/AccountMasterApiTestContext.groovy] does not exist
17:34:58.190 [Test worker] INFO org.springframework.test.context.support.AbstractContextLoader - Could not detect default resource locations for test class [ags.goldenlionerp.apiTests.accounting.AccountMasterApiTest]: no resource found for suffixes {-context.xml, Context.groovy}.
17:34:58.190 [Test worker] INFO org.springframework.test.context.support.AnnotationConfigContextLoaderUtils - Could not detect default configuration classes for test class [ags.goldenlionerp.apiTests.accounting.AccountMasterApiTest]: AccountMasterApiTest does not declare any static, non-private, non-final, nested classes annotated with @Configuration.
17:34:58.236 [Test worker] DEBUG org.springframework.test.context.support.ActiveProfilesUtils - Could not find an 'annotation declaring class' for annotation type [org.springframework.test.context.ActiveProfiles] and class [ags.goldenlionerp.apiTests.accounting.AccountMasterApiTest]
17:34:58.236 [Test worker] DEBUG org.springframework.core.env.StandardEnvironment - Adding PropertySource 'systemProperties' with lowest search precedence
17:34:58.236 [Test worker] DEBUG org.springframework.core.env.StandardEnvironment - Adding PropertySource 'systemEnvironment' with lowest search precedence
17:34:58.236 [Test worker] DEBUG org.springframework.core.env.StandardEnvironment - Initialized StandardEnvironment with PropertySources [MapPropertySource@285860646 {name='systemProperties', properties={java.runtime.name=Java(TM) SE Runtime Environment, sun.boot.library.path=C:\Program Files\Java\jdk1.8.0_131\jre\bin, java.vm.version=25.131-b11, java.vm.vendor=Oracle Corporation, java.vendor.url=http://java.oracle.com/, path.separator=;, java.vm.name=Java HotSpot(TM) 64-Bit Server VM, file.encoding.pkg=sun.io, user.script=, sun.java.launcher=SUN_STANDARD, user.country=SG, sun.os.patch.level=, java.vm.specification.name=Java Virtual Machine Specification, user.dir=C:\Users\user\workspace_work\GoldenLionERP, java.runtime.version=1.8.0_131-b11, java.awt.graphicsenv=sun.awt.Win32GraphicsEnvironment, java.endorsed.dirs=C:\Program Files\Java\jdk1.8.0_131\jre\lib\endorsed, os.arch=amd64, java.io.tmpdir=C:\Users\user\AppData\Local\Temp\, line.separator=
, java.vm.specification.vendor=Oracle Corporation, user.variant=, os.name=Windows 10, sun.jnu.encoding=MS932, java.library.path=C:\Program Files\Java\jdk1.8.0_131\bin;C:\WINDOWS\Sun\Java\bin;C:\WINDOWS\system32;C:\WINDOWS;C:\Users\user\bin;C:\Program Files\Git\mingw64\bin;C:\Program Files\Git\usr\local\bin;C:\Program Files\Git\usr\bin;C:\Program Files\Git\usr\bin;C:\Program Files\Git\mingw64\bin;C:\Program Files\Git\usr\bin;C:\Users\user\bin;C:\Program Files (x86)\Common Files\Oracle\Java\javapath;C:\ProgramData\Oracle\Java\javapath;C:\Program Files (x86)\Intel\iCLS Client;C:\Program Files\Intel\iCLS Client;C:\windows\system32;C:\windows;C:\windows\System32\Wbem;C:\windows\System32\WindowsPowerShell\v1.0;C:\Program Files (x86)\Intel\Intel(R) Management Engine Components\DAL;C:\Program Files\Intel\Intel(R) Management Engine Components\DAL;C:\Program Files (x86)\Intel\Intel(R) Management Engine Components\IPT;C:\Program Files\Intel\Intel(R) Management Engine Components\IPT;C:\Program Files (x86)\NVIDIA Corporation\PhysX\Common;C:\WINDOWS\system32;C:\WINDOWS;C:\WINDOWS\System32\Wbem;C:\WINDOWS\System32\WindowsPowerShell\v1.0;C:\Program Files (x86)\Skype\Phone;C:\Program Files\Git\cmd;C:\Gradle\gradle-4.2.1\bin;C:\Program Files (x86)\sbt\bin;C:\Program Files\Java\jdk1.8.0_131\bin;C:\Program Files\Intel\WiFi\bin;C:\Program Files\Common Files\Intel\WirelessCommon;C:\Program Files (x86)\GtkSharp\2.12\bin;C:\Program Files (x86)\Microsoft SQL Server\110\Tools\Binn;C:\Program Files\Microsoft SQL Server\110\Tools\Binn;C:\Program Files\Microsoft SQL Server\110\DTS\Binn;C:\Program Files (x86)\Microsoft SQL Server\110\Tools\Binn\ManagementStudio;C:\Program Files (x86)\Microsoft Visual Studio 10.0\Common7\IDE\PrivateAssemblies;C:\Program Files (x86)\Microsoft SQL Server\110\DTS\Binn;C:\Users\user\Desktop\GL2017S\lib;C:\Program Files\nodejs;C:\WINDOWS\System32\OpenSSH;C:\Program Files\Java\jdk1.8.0_131\lib;C:\Program Files\Python\Python36\Scripts;C:\Program Files\Python\Python36;C:\Users\user\AppData\Local\Microsoft\WindowsApps;C:\Users\user\AppData\Roaming\npm;C:\Users\user\AppData\Local\atom\bin;C:\Program Files\Git\usr\bin\vendor_perl;C:\Program Files\Git\usr\bin\core_perl;., java.specification.name=Java Platform API Specification, java.class.version=52.0, org.gradle.native=false, sun.management.compiler=HotSpot 64-Bit Tiered Compilers, os.version=10.0, user.home=C:\Users\user, user.timezone=Asia/Bangkok, java.awt.printerjob=sun.awt.windows.WPrinterJob, file.encoding=windows-31j, java.specification.version=1.8, java.class.path=C:\Users\user\workspace_work\GoldenLionERP\build\classes\java\test;C:\Users\user\workspace_work\GoldenLionERP\build\resources\test;C:\Users\user\workspace_work\GoldenLionERP\build\classes\java\main;C:\Users\user\workspace_work\GoldenLionERP\build\resources\main;C:\Users\user\.gradle\caches\modules-2\files-2.1\org.springframework.boot\spring-boot-starter-data-jpa\2.0.2.RELEASE\a277d15c247684aaef38852a2e71b8b1ef7357e6\spring-boot-starter-data-jpa-2.0.2.RELEASE.jar;C:\Users\user\.gradle\caches\modules-2\files-2.1\org.springframework.boot\spring-boot-starter-data-rest\2.0.2.RELEASE\1617ded563edcb560034293532d74a6c61132eea\spring-boot-starter-data-rest-2.0.2.RELEASE.jar;C:\Users\user\.gradle\caches\modules-2\files-2.1\org.springframework.boot\spring-boot-starter-security\2.0.2.RELEASE\ef280d41ff37acd66d5b411b1de845cc33067102\spring-boot-starter-security-2.0.2.RELEASE.jar;C:\Users\user\.gradle\caches\modules-2\files-2.1\org.springframework.boot\spring-boot-starter-thymeleaf\2.0.2.RELEASE\1384e93480a1555897cfbec4592a41173acae714\spring-boot-starter-thymeleaf-2.0.2.RELEASE.jar;C:\Users\user\.gradle\caches\modules-2\files-2.1\org.springframework.boot\spring-boot-devtools\2.0.2.RELEASE\ed2b1c877b0c00ef7f961bd118e420a49de3c970\spring-boot-devtools-2.0.2.RELEASE.jar;C:\Users\user\.gradle\caches\modules-2\files-2.1\com.querydsl\querydsl-jpa\4.1.2\9cf87a657b3fcf2a9471f7285cd90fa13575228a\querydsl-jpa-4.1.2.jar;C:\Users\user\.gradle\caches\modules-2\files-2.1\com.querydsl\querydsl-apt\4.1.3\efa47321658de97db060e15450b2b910e1c3cc27\querydsl-apt-4.1.3.jar;C:\Users\user\.gradle\caches\modules-2\files-2.1\com.querydsl\querydsl-codegen\4.1.3\1b30a85c59d0ac4c7f8d5a7e9ecd7ab406fa12d9\querydsl-codegen-4.1.3.jar;C:\Users\user\.gradle\caches\modules-2\files-2.1\com.querydsl\querydsl-core\4.1.4\5a5c4064169db7d56f63edd81f64de00d3add197\querydsl-core-4.1.4.jar;C:\Users\user\.gradle\caches\modules-2\files-2.1\com.mysema.codegen\codegen\0.6.8\a94cea356af04d10e89f04f38ce746f1d5ac8359\codegen-0.6.8.jar;C:\Users\user\.gradle\caches\modules-2\files-2.1\org.reflections\reflections\0.9.9\296d8adb2f22a38025f44b45cac89835ff0bbaf\reflections-0.9.9.jar;C:\Users\user\.gradle\caches\modules-2\files-2.1\com.google.guava\guava\26.0-jre\6a806eff209f36f635f943e16d97491f00f6bfab\guava-26.0-jre.jar;C:\Users\user\.gradle\caches\modules-2\files-2.1\com.microsoft.sqlserver\mssql-jdbc\6.2.2.jre8\a9ee2b0234f623f49fad888550011035b99d0861\mssql-jdbc-6.2.2.jre8.jar;C:\Users\user\.gradle\caches\modules-2\files-2.1\org.springframework.boot\spring-boot-starter-test\2.0.2.RELEASE\d9e090412f318586e0f277e24740b79b58ef190b\spring-boot-starter-test-2.0.2.RELEASE.jar;C:\Users\user\.gradle\caches\modules-2\files-2.1\org.springframework.restdocs\spring-restdocs-mockmvc\2.0.1.RELEASE\707280ec69ef6698e8d1bea87d24db5cdea16ac8\spring-restdocs-mockmvc-2.0.1.RELEASE.jar;C:\Users\user\.gradle\caches\modules-2\files-2.1\org.springframework.security\spring-security-test\5.0.5.RELEASE\d620e383128de4426db18016a667891eed89091\spring-security-test-5.0.5.RELEASE.jar;C:\Users\user\.gradle\caches\modules-2\files-2.1\junit\junit\4.12\2973d150c0dc1fefe998f834810d68f278ea58ec\junit-4.12.jar;C:\Users\user\.gradle\caches\modules-2\files-2.1\org.hamcrest\hamcrest-library\1.3\4785a3c21320980282f9f33d0d1264a69040538f\hamcrest-library-1.3.jar;C:\Users\user\.gradle\caches\modules-2\files-2.1\org.hamcrest\hamcrest-core\1.3\42a25dc3219429f0e5d060061f71acb49bf010a0\hamcrest-core-1.3.jar;C:\Users\user\.gradle\caches\modules-2\files-2.1\org.springframework.boot\spring-boot-starter-aop\2.0.2.RELEASE\b0b0c7dcfdffaef1b04886c0279772905bc7e9d2\spring-boot-starter-aop-2.0.2.RELEASE.jar;C:\Users\user\.gradle\caches\modules-2\files-2.1\org.springframework.boot\spring-boot-starter-jdbc\2.0.2.RELEASE\f93c2459a06061f889b837d1c2503055df024778\spring-boot-starter-jdbc-2.0.2.RELEASE.jar;C:\Users\user\.gradle\caches\modules-2\files-2.1\org.springframework.boot\spring-boot-starter-web\2.0.2.RELEASE\b6ef0cf4d0a7c6c7e93ff524b84cd1d8f87f67d9\spring-boot-starter-web-2.0.2.RELEASE.jar;C:\Users\user\.gradle\caches\modules-2\files-2.1\org.springframework.boot\spring-boot-starter-json\2.0.2.RELEASE\5edda979838ced5314b8f58a958fe9d6b4b3badd\spring-boot-starter-json-2.0.2.RELEASE.jar;C:\Users\user\.gradle\caches\modules-2\files-2.1\org.springframework.boot\spring-boot-starter\2.0.2.RELEASE\1cda94f0dfcf2b065191782a54b84d2abf96391\spring-boot-starter-2.0.2.RELEASE.jar;C:\Users\user\.gradle\caches\modules-2\files-2.1\org.hibernate\hibernate-core\5.2.17.Final\f2dc36470e7a2ffcf6106bb1625ecf5b54bb5f65\hibernate-core-5.2.17.Final.jar;C:\Users\user\.gradle\caches\modules-2\files-2.1\javax.transaction\javax.transaction-api\1.2\d81aff979d603edd90dcd8db2abc1f4ce6479e3e\javax.transaction-api-1.2.jar;C:\Users\user\.gradle\caches\modules-2\files-2.1\org.springframework.data\spring-data-jpa\2.0.7.RELEASE\9f201f3d3435a9e5422e0edcff3475c46215ffb\spring-data-jpa-2.0.7.RELEASE.jar;C:\Users\user\.gradle\caches\modules-2\files-2.1\org.springframework\spring-aspects\5.0.6.RELEASE\45a7631a64eb82625067587b9796d4418d9e0568\spring-aspects-5.0.6.RELEASE.jar;C:\Users\user\.gradle\caches\modules-2\files-2.1\org.springframework.data\spring-data-rest-webmvc\3.0.7.RELEASE\684949215006f844591c6a8632356f483752fca0\spring-data-rest-webmvc-3.0.7.RELEASE.jar;C:\Users\user\.gradle\caches\modules-2\files-2.1\org.springframework.security\spring-security-config\5.0.5.RELEASE\5d360adc638fc5f55e7364f2544a962ae26e0cfd\spring-security-config-5.0.5.RELEASE.jar;C:\Users\user\.gradle\caches\modules-2\files-2.1\org.springframework.security\spring-security-web\5.0.5.RELEASE\14b987fee57348c373c5228e23ceb244d872e298\spring-security-web-5.0.5.RELEASE.jar;C:\Users\user\.gradle\caches\modules-2\files-2.1\org.springframework.data\spring-data-rest-core\3.0.7.RELEASE\dd56b4f427987e1d5ab320eee6c3401e32557bb2\spring-data-rest-core-3.0.7.RELEASE.jar;C:\Users\user\.gradle\caches\modules-2\files-2.1\org.springframework.hateoas\spring-hateoas\0.24.0.RELEASE\b6401a781a58e0b2ab95242a553683e04300fe69\spring-hateoas-0.24.0.RELEASE.jar;C:\Users\user\.gradle\caches\modules-2\files-2.1\org.springframework\spring-webmvc\5.0.6.RELEASE\1361c5d1cf46665ee01de5dc1ca447c3be174c19\spring-webmvc-5.0.6.RELEASE.jar;C:\Users\user\.gradle\caches\modules-2\files-2.1\org.springframework.security\spring-security-core\5.0.5.RELEASE\d8fb6f4bcb03a1b124b4a0a50b574978496ae0ba\spring-security-core-5.0.5.RELEASE.jar;C:\Users\user\.gradle\caches\modules-2\files-2.1\org.springframework.boot\spring-boot-test-autoconfigure\2.0.2.RELEASE\4993bdd96a4c02bc5b5703862d99ef4c563f25d0\spring-boot-test-autoconfigure-2.0.2.RELEASE.jar;C:\Users\user\.gradle\caches\modules-2\files-2.1\org.springframework.boot\spring-boot-autoconfigure\2.0.2.RELEASE\f4b25e753e4955337a138d8b1550236b5efe5b3b\spring-boot-autoconfigure-2.0.2.RELEASE.jar;C:\Users\user\.gradle\caches\modules-2\files-2.1\org.springframework.boot\spring-boot-test\2.0.2.RELEASE\fc85812e6543312a3b0ea9fbbdfd4a51183380a3\spring-boot-test-2.0.2.RELEASE.jar;C:\Users\user\.gradle\caches\modules-2\files-2.1\org.springframework.boot\spring-boot\2.0.2.RELEASE\15012cf02e9f77938244e554f0598535fdd1cb38\spring-boot-2.0.2.RELEASE.jar;C:\Users\user\.gradle\caches\modules-2\files-2.1\org.springframework.plugin\spring-plugin-core\1.2.0.RELEASE\f380e7760032e7d929184f8ad8a33716b75c0657\spring-plugin-core-1.2.0.RELEASE.jar;C:\Users\user\.gradle\caches\modules-2\files-2.1\org.springframework\spring-context\5.0.6.RELEASE\8b73b742ef0ddce04f0f1068f305de240b00ce0d\spring-context-5.0.6.RELEASE.jar;C:\Users\user\.gradle\caches\modules-2\files-2.1\org.springframework\spring-aop\5.0.6.RELEASE\74078df698992054c1c1a8f705763a6c7b4b914c\spring-aop-5.0.6.RELEASE.jar;C:\Users\user\.gradle\caches\modules-2\files-2.1\org.thymeleaf\thymeleaf-spring5\3.0.9.RELEASE\abf84efd83808a70d982d2790f7f3a7bd3a39cf4\thymeleaf-spring5-3.0.9.RELEASE.jar;C:\Users\user\.gradle\caches\modules-2\files-2.1\org.thymeleaf.extras\thymeleaf-extras-java8time\3.0.1.RELEASE\d23760d1e53cd70c489ef40dc94ee6bd2371cceb\thymeleaf-extras-java8time-3.0.1.RELEASE.jar;C:\Users\user\.gradle\caches\modules-2\files-2.1\com.jayway.jsonpath\json-path\2.4.0\765a4401ceb2dc8d40553c2075eb80a8fa35c2ae\json-path-2.4.0.jar;C:\Users\user\.gradle\caches\modules-2\files-2.1\com.zaxxer\HikariCP\2.7.9\a83113d2c091d0d0f853dad3217bd7df3beb6ae3\HikariCP-2.7.9.jar;C:\Users\user\.gradle\caches\modules-2\files-2.1\org.thymeleaf\thymeleaf\3.0.9.RELEASE\64185cca50ac808ad034841c84b4013f955465d2\thymeleaf-3.0.9.RELEASE.jar;C:\Users\user\.gradle\caches\modules-2\files-2.1\org.springframework.boot\spring-boot-starter-logging\2.0.2.RELEASE\b56d7d1931792d6e58dbd41f956912359ba85238\spring-boot-starter-logging-2.0.2.RELEASE.jar;C:\Users\user\.gradle\caches\modules-2\files-2.1\ch.qos.logback\logback-classic\1.2.3\7c4f3c474fb2c041d8028740440937705ebb473a\logback-classic-1.2.3.jar;C:\Users\user\.gradle\caches\modules-2\files-2.1\org.apache.logging.log4j\log4j-to-slf4j\2.10.0\f7e631ccf49cfc0aefa4a2a728da7d374c05bd3c\log4j-to-slf4j-2.10.0.jar;C:\Users\user\.gradle\caches\modules-2\files-2.1\org.slf4j\jul-to-slf4j\1.7.25\af5364cd6679bfffb114f0dec8a157aaa283b76\jul-to-slf4j-1.7.25.jar;C:\Users\user\.gradle\caches\modules-2\files-2.1\org.springframework.data\spring-data-commons\2.0.7.RELEASE\7faa0fb2ffa50a5c50ad9f10118095ae24d5c6e1\spring-data-commons-2.0.7.RELEASE.jar;C:\Users\user\.gradle\caches\modules-2\files-2.1\org.slf4j\slf4j-api\1.7.25\da76ca59f6a57ee3102f8f9bd9cee742973efa8a\slf4j-api-1.7.25.jar;C:\Users\user\.gradle\caches\modules-2\files-2.1\com.google.code.findbugs\jsr305\3.0.2\25ea2e8b0c338a877313bd4672d3fe056ea78f0d\jsr305-3.0.2.jar;C:\Users\user\.gradle\caches\modules-2\files-2.1\org.checkerframework\checker-qual\2.5.2\cea74543d5904a30861a61b4643a5f2bb372efc4\checker-qual-2.5.2.jar;C:\Users\user\.gradle\caches\modules-2\files-2.1\com.google.errorprone\error_prone_annotations\2.1.3\39b109f2cd352b2d71b52a3b5a1a9850e1dc304b\error_prone_annotations-2.1.3.jar;C:\Users\user\.gradle\caches\modules-2\files-2.1\com.google.j2objc\j2objc-annotations\1.1\ed28ded51a8b1c6b112568def5f4b455e6809019\j2objc-annotations-1.1.jar;C:\Users\user\.gradle\caches\modules-2\files-2.1\org.codehaus.mojo\animal-sniffer-annotations\1.14\775b7e22fb10026eed3f86e8dc556dfafe35f2d5\animal-sniffer-annotations-1.14.jar;C:\Users\user\.gradle\caches\modules-2\files-2.1\org.assertj\assertj-core\3.9.1\c5ce126b15f28d56cd8f960c1a6a058b9c9aea87\assertj-core-3.9.1.jar;C:\Users\user\.gradle\caches\modules-2\files-2.1\org.mockito\mockito-core\2.15.0\b84bfbbc29cd22c9529409627af6ea2897f4fa85\mockito-core-2.15.0.jar;C:\Users\user\.gradle\caches\modules-2\files-2.1\org.skyscreamer\jsonassert\1.5.0\6c9d5fe2f59da598d9aefc1cfc6528ff3cf32df3\jsonassert-1.5.0.jar;C:\Users\user\.gradle\caches\modules-2\files-2.1\org.springframework\spring-test\5.0.6.RELEASE\dbc99b288774b2e07d94bc14fe38d556bc3ed34a\spring-test-5.0.6.RELEASE.jar;C:\Users\user\.gradle\caches\modules-2\files-2.1\org.springframework\spring-orm\5.0.6.RELEASE\7a08073597b79dfcd4db1cffa924f2b991a14a20\spring-orm-5.0.6.RELEASE.jar;C:\Users\user\.gradle\caches\modules-2\files-2.1\org.springframework\spring-jdbc\5.0.6.RELEASE\7d4de1ee9b042774e09ceb88393e5a564e342729\spring-jdbc-5.0.6.RELEASE.jar;C:\Users\user\.gradle\caches\modules-2\files-2.1\org.springframework\spring-tx\5.0.6.RELEASE\1b6ffc44f2d59507a0fce1084fcc21788b13904\spring-tx-5.0.6.RELEASE.jar;C:\Users\user\.gradle\caches\modules-2\files-2.1\org.springframework.restdocs\spring-restdocs-core\2.0.1.RELEASE\3aefa222a332450b32e1281411794361996934ef\spring-restdocs-core-2.0.1.RELEASE.jar;C:\Users\user\.gradle\caches\modules-2\files-2.1\org.springframework\spring-web\5.0.6.RELEASE\89e89de3025165998118590613aedc6df8d64af6\spring-web-5.0.6.RELEASE.jar;C:\Users\user\.gradle\caches\modules-2\files-2.1\org.springframework\spring-beans\5.0.6.RELEASE\d609b83cd8a71650a70778cf8d02c9a05b9161fe\spring-beans-5.0.6.RELEASE.jar;C:\Users\user\.gradle\caches\modules-2\files-2.1\org.springframework\spring-expression\5.0.6.RELEASE\dec57ae5e6f0dfd4c6cfc199aa13ed268c3e1a65\spring-expression-5.0.6.RELEASE.jar;C:\Users\user\.gradle\caches\modules-2\files-2.1\org.springframework\spring-core\5.0.6.RELEASE\984a52455b1be596b7f1a29f62d21d2f483eb764\spring-core-5.0.6.RELEASE.jar;C:\Users\user\.gradle\caches\modules-2\files-2.1\org.xmlunit\xmlunit-core\2.5.1\4ffdb346572a7356f7521cd3119ce5287d2e339d\xmlunit-core-2.5.1.jar;C:\Users\user\.gradle\caches\modules-2\files-2.1\javax.servlet\javax.servlet-api\3.1.0\3cd63d075497751784b2fa84be59432f4905bf7c\javax.servlet-api-3.1.0.jar;C:\Users\user\.gradle\caches\modules-2\files-2.1\org.springframework.boot\spring-boot-starter-tomcat\2.0.2.RELEASE\cedbfb18762e1c220007c768bfc5b773f5b30f8a\spring-boot-starter-tomcat-2.0.2.RELEASE.jar;C:\Users\user\.gradle\caches\modules-2\files-2.1\javax.annotation\javax.annotation-api\1.3.2\934c04d3cfef185a8008e7bf34331b79730a9d43\javax.annotation-api-1.3.2.jar;C:\Users\user\.gradle\caches\modules-2\files-2.1\org.yaml\snakeyaml\1.19\2d998d3d674b172a588e54ab619854d073f555b5\snakeyaml-1.19.jar;C:\Users\user\.gradle\caches\modules-2\files-2.1\org.aspectj\aspectjweaver\1.8.13\ad94df2a28d658a40dc27bbaff6a1ce5fbf04e9b\aspectjweaver-1.8.13.jar;C:\Users\user\.gradle\caches\modules-2\files-2.1\org.hibernate.common\hibernate-commons-annotations\5.0.1.Final\71e1cff3fcb20d3b3af4f3363c3ddb24d33c6879\hibernate-commons-annotations-5.0.1.Final.jar;C:\Users\user\.gradle\caches\modules-2\files-2.1\org.hibernate.validator\hibernate-validator\6.0.9.Final\b149e4cce82379f11f6129eb3187ca8ae5404005\hibernate-validator-6.0.9.Final.jar;C:\Users\user\.gradle\caches\modules-2\files-2.1\org.jboss.logging\jboss-logging\3.3.2.Final\3789d00e859632e6c6206adc0c71625559e6e3b0\jboss-logging-3.3.2.Final.jar;C:\Users\user\.gradle\caches\modules-2\files-2.1\org.hibernate.javax.persistence\hibernate-jpa-2.1-api\1.0.0.Final\5e731d961297e5a07290bfaf3db1fbc8bbbf405a\hibernate-jpa-2.1-api-1.0.0.Final.jar;C:\Users\user\.gradle\caches\modules-2\files-2.1\org.javassist\javassist\3.22.0-GA\3e83394258ae2089be7219b971ec21a8288528ad\javassist-3.22.0-GA.jar;C:\Users\user\.gradle\caches\modules-2\files-2.1\antlr\antlr\2.7.7\83cd2cd674a217ade95a4bb83a8a14f351f48bd0\antlr-2.7.7.jar;C:\Users\user\.gradle\caches\modules-2\files-2.1\org.jboss\jandex\2.0.3.Final\bfc4d6257dbff7a33a357f0de116be6ff951d849\jandex-2.0.3.Final.jar;C:\Users\user\.gradle\caches\modules-2\files-2.1\com.fasterxml\classmate\1.3.4\3d5f48f10bbe4eb7bd862f10c0583be2e0053c6\classmate-1.3.4.jar;C:\Users\user\.gradle\caches\modules-2\files-2.1\dom4j\dom4j\1.6.1\5d3ccc056b6f056dbf0dddfdf43894b9065a8f94\dom4j-1.6.1.jar;C:\Users\user\.gradle\caches\modules-2\files-2.1\com.fasterxml.jackson.datatype\jackson-datatype-jdk8\2.9.5\23e37f085279ba316c0df923513b81609e1d1f6\jackson-datatype-jdk8-2.9.5.jar;C:\Users\user\.gradle\caches\modules-2\files-2.1\com.fasterxml.jackson.datatype\jackson-datatype-jsr310\2.9.5\d1f0d11e816bc04e222a261106ca138801841c2d\jackson-datatype-jsr310-2.9.5.jar;C:\Users\user\.gradle\caches\modules-2\files-2.1\com.fasterxml.jackson.module\jackson-module-parameter-names\2.9.5\f824c60751ffb7bfc3a0d30dfe0e42317d8e67f5\jackson-module-parameter-names-2.9.5.jar;C:\Users\user\.gradle\caches\modules-2\files-2.1\com.fasterxml.jackson.core\jackson-databind\2.9.5\3490508379d065fe3fcb80042b62f630f7588606\jackson-databind-2.9.5.jar;C:\Users\user\.gradle\caches\modules-2\files-2.1\com.fasterxml.jackson.core\jackson-annotations\2.9.0\7c10d545325e3a6e72e06381afe469fd40eb701\jackson-annotations-2.9.0.jar;C:\Users\user\.gradle\caches\modules-2\files-2.1\com.mysema.commons\mysema-commons-lang\0.2.4\d09c8489d54251a6c22fbce804bdd4a070557317\mysema-commons-lang-0.2.4.jar;C:\Users\user\.gradle\caches\modules-2\files-2.1\com.infradna.tool\bridge-method-annotation\1.13\18cdce50cde6f54ee5390d0907384f72183ff0fe\bridge-method-annotation-1.13.jar;C:\Users\user\.gradle\caches\modules-2\files-2.1\javax.inject\javax.inject\1\6975da39a7040257bd51d21a231b76c915872d38\javax.inject-1.jar;C:\Users\user\.gradle\caches\modules-2\files-2.1\net.minidev\json-smart\2.3\7396407491352ce4fa30de92efb158adb76b5b\json-smart-2.3.jar;C:\Users\user\.gradle\caches\modules-2\files-2.1\net.bytebuddy\byte-buddy\1.7.11\f02857a4e2c66ccbe7aaad6100a0a6c461bce9b3\byte-buddy-1.7.11.jar;C:\Users\user\.gradle\caches\modules-2\files-2.1\net.bytebuddy\byte-buddy-agent\1.7.11\b425a8933ca07edd03c6dbc8bc3b595fba9780de\byte-buddy-agent-1.7.11.jar;C:\Users\user\.gradle\caches\modules-2\files-2.1\org.objenesis\objenesis\2.6\639033469776fd37c08358c6b92a4761feb2af4b\objenesis-2.6.jar;C:\Users\user\.gradle\caches\modules-2\files-2.1\com.vaadin.external.google\android-json\0.0.20131108.vaadin1\fa26d351fe62a6a17f5cda1287c1c6110dec413f\android-json-0.0.20131108.vaadin1.jar;C:\Users\user\.gradle\caches\modules-2\files-2.1\org.springframework\spring-jcl\5.0.6.RELEASE\295ee4e8657e9c1fd327735c01d5fbce339cc44d\spring-jcl-5.0.6.RELEASE.jar;C:\Users\user\.gradle\caches\modules-2\files-2.1\com.fasterxml.jackson.core\jackson-core\2.9.5\a22ac51016944b06fd9ffbc9541c6e7ce5eea117\jackson-core-2.9.5.jar;C:\Users\user\.gradle\caches\modules-2\files-2.1\org.apache.tomcat.embed\tomcat-embed-websocket\8.5.31\6564e716b89de5eaa0dd234ae7989576503ddf3\tomcat-embed-websocket-8.5.31.jar;C:\Users\user\.gradle\caches\modules-2\files-2.1\org.apache.tomcat.embed\tomcat-embed-core\8.5.31\f5adf7ed8c34aa005b22b6a2dc7b6796e10e9c79\tomcat-embed-core-8.5.31.jar;C:\Users\user\.gradle\caches\modules-2\files-2.1\org.apache.tomcat.embed\tomcat-embed-el\8.5.31\3a536e1ac71b82627c3a7408eb38fa0704cb9034\tomcat-embed-el-8.5.31.jar;C:\Users\user\.gradle\caches\modules-2\files-2.1\javax.validation\validation-api\2.0.1.Final\cb855558e6271b1b32e716d24cb85c7f583ce09e\validation-api-2.0.1.Final.jar;C:\Users\user\.gradle\caches\modules-2\files-2.1\org.atteo\evo-inflector\1.2.2\2551aad98d65ac5464d81fe05f0e1516cfe471c9\evo-inflector-1.2.2.jar;C:\Users\user\.gradle\caches\modules-2\files-2.1\org.attoparser\attoparser\2.0.4.RELEASE\5cf02c4d8303a81f0c80971bb1dcd40d3ba96009\attoparser-2.0.4.RELEASE.jar;C:\Users\user\.gradle\caches\modules-2\files-2.1\org.unbescape\unbescape\1.1.5.RELEASE\46dc644ea9c234317d926ebac5bf5d8f114dc1ba\unbescape-1.1.5.RELEASE.jar;C:\Users\user\.gradle\caches\modules-2\files-2.1\org.eclipse.jdt.core.compiler\ecj\4.3.1\21582b0e662b9e54fc6f0f2721d36f753ce7c58c\ecj-4.3.1.jar;C:\Users\user\.gradle\caches\modules-2\files-2.1\com.google.code.findbugs\annotations\2.0.1\9ef6656259841cebfb9fb0697bb122ada4485498\annotations-2.0.1.jar;C:\Users\user\.gradle\caches\modules-2\files-2.1\net.minidev\accessors-smart\1.2\c592b500269bfde36096641b01238a8350f8aa31\accessors-smart-1.2.jar;C:\Users\user\.gradle\caches\modules-2\files-2.1\ch.qos.logback\logback-core\1.2.3\864344400c3d4d92dfeb0a305dc87d953677c03c\logback-core-1.2.3.jar;C:\Users\user\.gradle\caches\modules-2\files-2.1\org.apache.logging.log4j\log4j-api\2.10.0\fec5797a55b786184a537abd39c3fa1449d752d6\log4j-api-2.10.0.jar;C:\Users\user\.gradle\caches\modules-2\files-2.1\org.ow2.asm\asm\5.0.4\da08b8cce7bbf903602a25a3a163ae252435795\asm-5.0.4.jar, user.name=user, java.vm.specification.version=1.8, sun.java.command=worker.org.gradle.process.internal.worker.GradleWorkerMain 'Gradle Test Executor 7', java.home=C:\Program Files\Java\jdk1.8.0_131\jre, sun.arch.data.model=64, user.language=en, java.specification.vendor=Oracle Corporation, awt.toolkit=sun.awt.windows.WToolkit, java.vm.info=mixed mode, java.version=1.8.0_131, java.ext.dirs=C:\Program Files\Java\jdk1.8.0_131\jre\lib\ext;C:\WINDOWS\Sun\Java\lib\ext, sun.boot.class.path=C:\Program Files\Java\jdk1.8.0_131\jre\lib\resources.jar;C:\Program Files\Java\jdk1.8.0_131\jre\lib\rt.jar;C:\Program Files\Java\jdk1.8.0_131\jre\lib\sunrsasign.jar;C:\Program Files\Java\jdk1.8.0_131\jre\lib\jsse.jar;C:\Program Files\Java\jdk1.8.0_131\jre\lib\jce.jar;C:\Program Files\Java\jdk1.8.0_131\jre\lib\charsets.jar;C:\Program Files\Java\jdk1.8.0_131\jre\lib\jfr.jar;C:\Program Files\Java\jdk1.8.0_131\jre\classes, java.vendor=Oracle Corporation, org.gradle.test.worker=7, file.separator=\, java.vendor.url.bug=http://bugreport.sun.com/bugreport/, sun.io.unicode.encoding=UnicodeLittle, sun.cpu.endian=little, sun.desktop=windows, sun.cpu.isalist=amd64}}, SystemEnvironmentPropertySource@2007693292 {name='systemEnvironment', properties={PATH=C:\Users\user\bin;C:\Program Files\Git\mingw64\bin;C:\Program Files\Git\usr\local\bin;C:\Program Files\Git\usr\bin;C:\Program Files\Git\usr\bin;C:\Program Files\Git\mingw64\bin;C:\Program Files\Git\usr\bin;C:\Users\user\bin;C:\Program Files (x86)\Common Files\Oracle\Java\javapath;C:\ProgramData\Oracle\Java\javapath;C:\Program Files (x86)\Intel\iCLS Client;C:\Program Files\Intel\iCLS Client;C:\windows\system32;C:\windows;C:\windows\System32\Wbem;C:\windows\System32\WindowsPowerShell\v1.0;C:\Program Files (x86)\Intel\Intel(R) Management Engine Components\DAL;C:\Program Files\Intel\Intel(R) Management Engine Components\DAL;C:\Program Files (x86)\Intel\Intel(R) Management Engine Components\IPT;C:\Program Files\Intel\Intel(R) Management Engine Components\IPT;C:\Program Files (x86)\NVIDIA Corporation\PhysX\Common;C:\WINDOWS\system32;C:\WINDOWS;C:\WINDOWS\System32\Wbem;C:\WINDOWS\System32\WindowsPowerShell\v1.0;C:\Program Files (x86)\Skype\Phone;C:\Program Files\Git\cmd;C:\Gradle\gradle-4.2.1\bin;C:\Program Files (x86)\sbt\bin;C:\Program Files\Java\jdk1.8.0_131\bin;C:\Program Files\Intel\WiFi\bin;C:\Program Files\Common Files\Intel\WirelessCommon;C:\Program Files (x86)\GtkSharp\2.12\bin;C:\Program Files (x86)\Microsoft SQL Server\110\Tools\Binn;C:\Program Files\Microsoft SQL Server\110\Tools\Binn;C:\Program Files\Microsoft SQL Server\110\DTS\Binn;C:\Program Files (x86)\Microsoft SQL Server\110\Tools\Binn\ManagementStudio;C:\Program Files (x86)\Microsoft Visual Studio 10.0\Common7\IDE\PrivateAssemblies;C:\Program Files (x86)\Microsoft SQL Server\110\DTS\Binn;C:\Users\user\Desktop\GL2017S\lib;C:\Program Files\nodejs;C:\WINDOWS\System32\OpenSSH;C:\Program Files\Java\jdk1.8.0_131\lib;C:\Program Files\Python\Python36\Scripts;C:\Program Files\Python\Python36;C:\Users\user\AppData\Local\Microsoft\WindowsApps;C:\Users\user\AppData\Roaming\npm;C:\Users\user\AppData\Local\atom\bin;C:\Program Files\Git\usr\bin\vendor_perl;C:\Program Files\Git\usr\bin\core_perl, USERDOMAIN_ROAMINGPROFILE=LAPTOP-FHFRCCL6, PKG_CONFIG_PATH=C:\Program Files\Git\mingw64\lib\pkgconfig;C:\Program Files\Git\mingw64\share\pkgconfig, MSYSTEM_PREFIX=C:/Program Files/Git/mingw64, PROCESSOR_LEVEL=6, SYSTEMDRIVE=C:, RegionCode=APJ, CONFIG_SITE=C:/Program Files/Git/mingw64/etc/config.site, SESSIONNAME=Console, ALLUSERSPROFILE=C:\ProgramData, PROCESSOR_ARCHITECTURE=AMD64, MSYSTEM_CHOST=x86_64-w64-mingw32, PSModulePath=C:\Program Files\WindowsPowerShell\Modules;C:\WINDOWS\system32\WindowsPowerShell\v1.0\Modules;C:\Program Files (x86)\Microsoft SQL Server\110\Tools\PowerShell\Modules\, ORIGINAL_TEMP=C:/Users/user/AppData/Local/Temp, PROGRAMFILES=C:\Program Files, USERNAME=user, PWD=C:/Users/user/workspace_work/GoldenLionERP, ProgramFiles(x86)=C:\Program Files (x86), INFOPATH=C:\Program Files\Git\usr\local\info;C:\Program Files\Git\usr\share\info;C:\Program Files\Git\usr\info;C:\Program Files\Git\share\info, FPS_BROWSER_USER_PROFILE_STRING=Default, PATHEXT=.COM;.EXE;.BAT;.CMD;.VBS;.VBE;.JS;.JSE;.WSF;.WSH;.MSC, SHELL=C:\Program Files\Git\usr\bin\bash.exe, DriverData=C:\Windows\System32\Drivers\DriverData, ORIGINAL_TMP=C:/Users/user/AppData/Local/Temp, OLDPWD=C:/Gradle/gradle-4.2.1, platformcode=KV, TMPDIR=C:\Users\user\AppData\Local\Temp, WINDIR=C:\WINDOWS, ProgramData=C:\ProgramData, ProgramW6432=C:\Program Files, SSH_ASKPASS=C:/Program Files/Git/mingw64/libexec/git-core/git-gui--askpass, HOMEPATH=\Users\user, PROCESSOR_IDENTIFIER=Intel64 Family 6 Model 142 Stepping 9, GenuineIntel, PUBLIC=C:\Users\Public, MINGW_CHOST=x86_64-w64-mingw32, =::=::\, EXEPATH=C:\Program Files\Git, SHLVL=1, LOCALAPPDATA=C:\Users\user\AppData\Local, ORIGINAL_PATH=C:\Program Files\Git\mingw64\bin;C:\Program Files\Git\usr\bin;C:\Users\user\bin;C:\Program Files (x86)\Common Files\Oracle\Java\javapath;C:\ProgramData\Oracle\Java\javapath;C:\Program Files (x86)\Intel\iCLS Client;C:\Program Files\Intel\iCLS Client;C:\windows\system32;C:\windows;C:\windows\System32\Wbem;C:\windows\System32\WindowsPowerShell\v1.0;C:\Program Files (x86)\Intel\Intel(R) Management Engine Components\DAL;C:\Program Files\Intel\Intel(R) Management Engine Components\DAL;C:\Program Files (x86)\Intel\Intel(R) Management Engine Components\IPT;C:\Program Files\Intel\Intel(R) Management Engine Components\IPT;C:\Program Files (x86)\NVIDIA Corporation\PhysX\Common;C:\WINDOWS\system32;C:\WINDOWS;C:\WINDOWS\System32\Wbem;C:\WINDOWS\System32\WindowsPowerShell\v1.0;C:\Program Files (x86)\Skype\Phone;C:\Program Files\Git\cmd;C:\Gradle\gradle-4.2.1\bin;C:\Program Files (x86)\sbt\bin;C:\Program Files\Java\jdk1.8.0_131\bin;C:\Program Files\Intel\WiFi\bin;C:\Program Files\Common Files\Intel\WirelessCommon;C:\Program Files (x86)\GtkSharp\2.12\bin;C:\Program Files (x86)\Microsoft SQL Server\110\Tools\Binn;C:\Program Files\Microsoft SQL Server\110\Tools\Binn;C:\Program Files\Microsoft SQL Server\110\DTS\Binn;C:\Program Files (x86)\Microsoft SQL Server\110\Tools\Binn\ManagementStudio;C:\Program Files (x86)\Microsoft Visual Studio 10.0\Common7\IDE\PrivateAssemblies;C:\Program Files (x86)\Microsoft SQL Server\110\DTS\Binn;C:\Users\user\Desktop\GL2017S\lib;C:\Program Files\nodejs;C:\WINDOWS\System32\OpenSSH;C:\Program Files\Java\jdk1.8.0_131\lib;C:\Program Files\Python\Python36\Scripts;C:\Program Files\Python\Python36;C:\Users\user\AppData\Local\Microsoft\WindowsApps;C:\Users\user\AppData\Roaming\npm;C:\Users\user\AppData\Local\atom\bin, MANPATH=C:\Program Files\Git\mingw64\share\man;C:\Program Files\Git\usr\local\man;C:\Program Files\Git\usr\share\man;C:\Program Files\Git\usr\man;C:\Program Files\Git\share\man, MINGW_PACKAGE_PREFIX=mingw-w64-x86_64, USERDOMAIN=LAPTOP-FHFRCCL6, FPS_BROWSER_APP_PROFILE_STRING=Internet Explorer, LOGONSERVER=\\LAPTOP-FHFRCCL6, JAVA_HOME=C:\Program Files\Java\jdk1.8.0_131, PLINK_PROTOCOL=ssh, TERM=xterm, LANG=en_US.UTF-8, MINGW_PREFIX=C:/Program Files/Git/mingw64, DISPLAY=needs-to-be-defined, MSYSTEM=MINGW64, OneDrive=C:\Users\user\OneDrive, APPDATA=C:\Users\user\AppData\Roaming, GTK_BASEPATH=C:\Program Files (x86)\GtkSharp\2.12\, SYSTEMROOT=C:\WINDOWS, OS=Windows_NT, COMPUTERNAME=LAPTOP-FHFRCCL6, COMMONPROGRAMFILES=C:\Program Files\Common Files, COMSPEC=C:\WINDOWS\system32\cmd.exe, SBT_HOME=C:\Program Files (x86)\sbt\, OnlineServices=Online Services, PROCESSOR_REVISION=8e09, CommonProgramW6432=C:\Program Files\Common Files, ACLOCAL_PATH=C:\Program Files\Git\mingw64\share\aclocal;C:\Program Files\Git\usr\share\aclocal, MSYSTEM_CARCH=x86_64, TEMP=C:\Users\user\AppData\Local\Temp, HOSTNAME=LAPTOP-FHFRCCL6, HOMEDRIVE=C:, USERPROFILE=C:\Users\user, TMP=C:\Users\user\AppData\Local\Temp, CommonProgramFiles(x86)=C:\Program Files (x86)\Common Files, NUMBER_OF_PROCESSORS=4, HOME=C:\Users\user}}]
17:34:58.268 [Test worker] DEBUG org.springframework.core.io.support.PathMatchingResourcePatternResolver - Resolved classpath location [ags/goldenlionerp/apiTests/accounting/] to resources [URL [file:/C:/Users/user/workspace_work/GoldenLionERP/build/classes/java/test/ags/goldenlionerp/apiTests/accounting/]]
17:34:58.268 [Test worker] DEBUG org.springframework.core.io.support.PathMatchingResourcePatternResolver - Looking for matching resources in directory tree [C:\Users\user\workspace_work\GoldenLionERP\build\classes\java\test\ags\goldenlionerp\apiTests\accounting]
17:34:58.268 [Test worker] DEBUG org.springframework.core.io.support.PathMatchingResourcePatternResolver - Searching directory [C:\Users\user\workspace_work\GoldenLionERP\build\classes\java\test\ags\goldenlionerp\apiTests\accounting] for files matching pattern [C:/Users/user/workspace_work/GoldenLionERP/build/classes/java/test/ags/goldenlionerp/apiTests/accounting/*.class]
17:34:58.268 [Test worker] DEBUG org.springframework.core.io.support.PathMatchingResourcePatternResolver - Resolved location pattern [classpath*:ags/goldenlionerp/apiTests/accounting/*.class] to resources [file [C:\Users\user\workspace_work\GoldenLionERP\build\classes\java\test\ags\goldenlionerp\apiTests\accounting\AccountMasterApiTest.class], file [C:\Users\user\workspace_work\GoldenLionERP\build\classes\java\test\ags\goldenlionerp\apiTests\accounting\ChartOfAccountApiTest.class], file [C:\Users\user\workspace_work\GoldenLionERP\build\classes\java\test\ags\goldenlionerp\apiTests\accounting\JournalEntryApiTest.class]]
17:34:58.283 [Test worker] DEBUG org.springframework.core.io.support.PathMatchingResourcePatternResolver - Resolved classpath location [ags/goldenlionerp/apiTests/] to resources [URL [file:/C:/Users/user/workspace_work/GoldenLionERP/build/classes/java/test/ags/goldenlionerp/apiTests/]]
17:34:58.283 [Test worker] DEBUG org.springframework.core.io.support.PathMatchingResourcePatternResolver - Looking for matching resources in directory tree [C:\Users\user\workspace_work\GoldenLionERP\build\classes\java\test\ags\goldenlionerp\apiTests]
17:34:58.283 [Test worker] DEBUG org.springframework.core.io.support.PathMatchingResourcePatternResolver - Searching directory [C:\Users\user\workspace_work\GoldenLionERP\build\classes\java\test\ags\goldenlionerp\apiTests] for files matching pattern [C:/Users/user/workspace_work/GoldenLionERP/build/classes/java/test/ags/goldenlionerp/apiTests/*.class]
17:34:58.299 [Test worker] DEBUG org.springframework.core.io.support.PathMatchingResourcePatternResolver - Resolved location pattern [classpath*:ags/goldenlionerp/apiTests/*.class] to resources [file [C:\Users\user\workspace_work\GoldenLionERP\build\classes\java\test\ags\goldenlionerp\apiTests\ApiTest.class], file [C:\Users\user\workspace_work\GoldenLionERP\build\classes\java\test\ags\goldenlionerp\apiTests\ApiTestBase$TestConfig.class], file [C:\Users\user\workspace_work\GoldenLionERP\build\classes\java\test\ags\goldenlionerp\apiTests\ApiTestBase.class], file [C:\Users\user\workspace_work\GoldenLionERP\build\classes\java\test\ags\goldenlionerp\apiTests\ApiTestBaseMassUpdate.class], file [C:\Users\user\workspace_work\GoldenLionERP\build\classes\java\test\ags\goldenlionerp\apiTests\ApiTestBaseOld.class]]
17:34:58.315 [Test worker] DEBUG org.springframework.core.io.support.PathMatchingResourcePatternResolver - Resolved classpath location [ags/goldenlionerp/] to resources [URL [file:/C:/Users/user/workspace_work/GoldenLionERP/build/classes/java/test/ags/goldenlionerp/], URL [file:/C:/Users/user/workspace_work/GoldenLionERP/build/classes/java/main/ags/goldenlionerp/]]
17:34:58.315 [Test worker] DEBUG org.springframework.core.io.support.PathMatchingResourcePatternResolver - Looking for matching resources in directory tree [C:\Users\user\workspace_work\GoldenLionERP\build\classes\java\test\ags\goldenlionerp]
17:34:58.315 [Test worker] DEBUG org.springframework.core.io.support.PathMatchingResourcePatternResolver - Searching directory [C:\Users\user\workspace_work\GoldenLionERP\build\classes\java\test\ags\goldenlionerp] for files matching pattern [C:/Users/user/workspace_work/GoldenLionERP/build/classes/java/test/ags/goldenlionerp/*.class]
17:34:58.315 [Test worker] DEBUG org.springframework.core.io.support.PathMatchingResourcePatternResolver - Looking for matching resources in directory tree [C:\Users\user\workspace_work\GoldenLionERP\build\classes\java\main\ags\goldenlionerp]
17:34:58.315 [Test worker] DEBUG org.springframework.core.io.support.PathMatchingResourcePatternResolver - Searching directory [C:\Users\user\workspace_work\GoldenLionERP\build\classes\java\main\ags\goldenlionerp] for files matching pattern [C:/Users/user/workspace_work/GoldenLionERP/build/classes/java/main/ags/goldenlionerp/*.class]
17:34:58.315 [Test worker] DEBUG org.springframework.core.io.support.PathMatchingResourcePatternResolver - Resolved location pattern [classpath*:ags/goldenlionerp/*.class] to resources [file [C:\Users\user\workspace_work\GoldenLionERP\build\classes\java\test\ags\goldenlionerp\BURepoTest.class], file [C:\Users\user\workspace_work\GoldenLionERP\build\classes\java\test\ags\goldenlionerp\GoldenLionErpApplicationTests.class], file [C:\Users\user\workspace_work\GoldenLionERP\build\classes\java\main\ags\goldenlionerp\GoldenLionErpApplication.class], file [C:\Users\user\workspace_work\GoldenLionERP\build\classes\java\main\ags\goldenlionerp\HomePageController.class], file [C:\Users\user\workspace_work\GoldenLionERP\build\classes\java\main\ags\goldenlionerp\RepositoryConfig.class], file [C:\Users\user\workspace_work\GoldenLionERP\build\classes\java\main\ags\goldenlionerp\WebMvcConfig.class]]
17:34:58.330 [Test worker] DEBUG org.springframework.context.annotation.ClassPathScanningCandidateComponentProvider - Identified candidate component class: file [C:\Users\user\workspace_work\GoldenLionERP\build\classes\java\main\ags\goldenlionerp\GoldenLionErpApplication.class]
17:34:58.346 [Test worker] INFO org.springframework.boot.test.context.SpringBootTestContextBootstrapper - Found @SpringBootConfiguration ags.goldenlionerp.GoldenLionErpApplication for test class ags.goldenlionerp.apiTests.accounting.AccountMasterApiTest
17:34:58.471 [Test worker] DEBUG org.springframework.boot.test.context.SpringBootTestContextBootstrapper - @TestExecutionListeners is not present for class [ags.goldenlionerp.apiTests.accounting.AccountMasterApiTest]: using defaults.
17:34:58.471 [Test worker] INFO org.springframework.boot.test.context.SpringBootTestContextBootstrapper - Loaded default TestExecutionListener class names from location [META-INF/spring.factories]: [org.springframework.security.test.context.support.WithSecurityContextTestExecutionListener, org.springframework.security.test.context.support.ReactorContextTestExecutionListener, org.springframework.boot.test.autoconfigure.restdocs.RestDocsTestExecutionListener, org.springframework.boot.test.autoconfigure.web.client.MockRestServiceServerResetTestExecutionListener, org.springframework.boot.test.autoconfigure.web.servlet.MockMvcPrintOnlyOnFailureTestExecutionListener, org.springframework.boot.test.autoconfigure.web.servlet.WebDriverTestExecutionListener, org.springframework.boot.test.mock.mockito.MockitoTestExecutionListener, org.springframework.boot.test.mock.mockito.ResetMocksTestExecutionListener, org.springframework.test.context.web.ServletTestExecutionListener, org.springframework.test.context.support.DirtiesContextBeforeModesTestExecutionListener, org.springframework.test.context.support.DependencyInjectionTestExecutionListener, org.springframework.test.context.support.DirtiesContextTestExecutionListener, org.springframework.test.context.transaction.TransactionalTestExecutionListener, org.springframework.test.context.jdbc.SqlScriptsTestExecutionListener]
17:34:58.486 [Test worker] INFO org.springframework.boot.test.context.SpringBootTestContextBootstrapper - Using TestExecutionListeners: [org.springframework.test.context.web.ServletTestExecutionListener@6b8aa162, org.springframework.test.context.support.DirtiesContextBeforeModesTestExecutionListener@36d7b276, org.springframework.boot.test.mock.mockito.MockitoTestExecutionListener@799952f7, org.springframework.boot.test.autoconfigure.SpringBootDependencyInjectionTestExecutionListener@1eccd04d, org.springframework.test.context.support.DirtiesContextTestExecutionListener@2073f347, org.springframework.test.context.transaction.TransactionalTestExecutionListener@2b3ca13d, org.springframework.test.context.jdbc.SqlScriptsTestExecutionListener@18015047, org.springframework.security.test.context.support.WithSecurityContextTestExecutionListener@60b7b5b2, org.springframework.security.test.context.support.ReactorContextTestExecutionListener@5f619b28, org.springframework.boot.test.autoconfigure.restdocs.RestDocsTestExecutionListener@111aecb0, org.springframework.boot.test.autoconfigure.web.client.MockRestServiceServerResetTestExecutionListener@30b05bc, org.springframework.boot.test.autoconfigure.web.servlet.MockMvcPrintOnlyOnFailureTestExecutionListener@5ecc2a4a, org.springframework.boot.test.autoconfigure.web.servlet.WebDriverTestExecutionListener@d274260, org.springframework.boot.test.mock.mockito.ResetMocksTestExecutionListener@4b9e5018]
17:34:58.502 [Test worker] DEBUG org.springframework.test.annotation.ProfileValueUtils - Retrieved @ProfileValueSourceConfiguration [null] for test class [ags.goldenlionerp.apiTests.accounting.AccountMasterApiTest]
17:34:58.502 [Test worker] DEBUG org.springframework.test.annotation.ProfileValueUtils - Retrieved ProfileValueSource type [class org.springframework.test.annotation.SystemProfileValueSource] for class [ags.goldenlionerp.apiTests.accounting.AccountMasterApiTest]
17:34:58.502 [Test worker] DEBUG org.springframework.test.annotation.ProfileValueUtils - Retrieved @ProfileValueSourceConfiguration [null] for test class [ags.goldenlionerp.apiTests.accounting.AccountMasterApiTest]
17:34:58.502 [Test worker] DEBUG org.springframework.test.annotation.ProfileValueUtils - Retrieved ProfileValueSource type [class org.springframework.test.annotation.SystemProfileValueSource] for class [ags.goldenlionerp.apiTests.accounting.AccountMasterApiTest]
17:34:58.502 [Test worker] DEBUG org.springframework.test.context.support.AbstractDirtiesContextTestExecutionListener - Before test class: context [DefaultTestContext@76ec70de testClass = AccountMasterApiTest, testInstance = [null], testMethod = [null], testException = [null], mergedContextConfiguration = [WebMergedContextConfiguration@4cdf561a testClass = AccountMasterApiTest, locations = '{}', classes = '{class ags.goldenlionerp.GoldenLionErpApplication}', contextInitializerClasses = '[]', activeProfiles = '{}', propertySourceLocations = '{classpath:test.properties}', propertySourceProperties = '{org.springframework.boot.test.context.SpringBootTestContextBootstrapper=true}', contextCustomizers = set[org.springframework.boot.test.autoconfigure.properties.PropertyMappingContextCustomizer@0, org.springframework.boot.test.autoconfigure.web.servlet.WebDriverContextCustomizerFactory$Customizer@636d731e, [ImportsContextCustomizer@157a9568 key = [ags.goldenlionerp.apiTests.ApiTestBase$TestConfig]], org.springframework.boot.test.context.filter.ExcludeFilterContextCustomizer@6afa5291, org.springframework.boot.test.json.DuplicateJsonObjectContextCustomizerFactory$DuplicateJsonObjectContextCustomizer@20cebcb4, org.springframework.boot.test.mock.mockito.MockitoContextCustomizer@0, org.springframework.boot.test.web.client.TestRestTemplateContextCustomizer@49a32273], resourceBasePath = 'src/main/webapp', contextLoader = 'org.springframework.boot.test.context.SpringBootContextLoader', parent = [null]], attributes = map['org.springframework.test.context.web.ServletTestExecutionListener.activateListener' -> true]], class annotated with @DirtiesContext [false] with mode [null].
17:34:58.502 [Test worker] DEBUG org.springframework.test.annotation.ProfileValueUtils - Retrieved @ProfileValueSourceConfiguration [null] for test class [ags.goldenlionerp.apiTests.accounting.AccountMasterApiTest]
17:34:58.502 [Test worker] DEBUG org.springframework.test.annotation.ProfileValueUtils - Retrieved ProfileValueSource type [class org.springframework.test.annotation.SystemProfileValueSource] for class [ags.goldenlionerp.apiTests.accounting.AccountMasterApiTest]
17:34:58.518 [Test worker] DEBUG org.springframework.core.env.StandardEnvironment - Adding PropertySource 'systemProperties' with lowest search precedence
17:34:58.518 [Test worker] DEBUG org.springframework.core.env.StandardEnvironment - Adding PropertySource 'systemEnvironment' with lowest search precedence
17:34:58.518 [Test worker] DEBUG org.springframework.core.env.StandardEnvironment - Initialized StandardEnvironment with PropertySources [MapPropertySource@1010605194 {name='systemProperties', properties={java.runtime.name=Java(TM) SE Runtime Environment, sun.boot.library.path=C:\Program Files\Java\jdk1.8.0_131\jre\bin, java.vm.version=25.131-b11, java.vm.vendor=Oracle Corporation, java.vendor.url=http://java.oracle.com/, path.separator=;, java.vm.name=Java HotSpot(TM) 64-Bit Server VM, file.encoding.pkg=sun.io, user.script=, sun.java.launcher=SUN_STANDARD, user.country=SG, sun.os.patch.level=, java.vm.specification.name=Java Virtual Machine Specification, user.dir=C:\Users\user\workspace_work\GoldenLionERP, java.runtime.version=1.8.0_131-b11, java.awt.graphicsenv=sun.awt.Win32GraphicsEnvironment, java.endorsed.dirs=C:\Program Files\Java\jdk1.8.0_131\jre\lib\endorsed, os.arch=amd64, java.io.tmpdir=C:\Users\user\AppData\Local\Temp\, line.separator=
, java.vm.specification.vendor=Oracle Corporation, user.variant=, os.name=Windows 10, sun.jnu.encoding=MS932, java.library.path=C:\Program Files\Java\jdk1.8.0_131\bin;C:\WINDOWS\Sun\Java\bin;C:\WINDOWS\system32;C:\WINDOWS;C:\Users\user\bin;C:\Program Files\Git\mingw64\bin;C:\Program Files\Git\usr\local\bin;C:\Program Files\Git\usr\bin;C:\Program Files\Git\usr\bin;C:\Program Files\Git\mingw64\bin;C:\Program Files\Git\usr\bin;C:\Users\user\bin;C:\Program Files (x86)\Common Files\Oracle\Java\javapath;C:\ProgramData\Oracle\Java\javapath;C:\Program Files (x86)\Intel\iCLS Client;C:\Program Files\Intel\iCLS Client;C:\windows\system32;C:\windows;C:\windows\System32\Wbem;C:\windows\System32\WindowsPowerShell\v1.0;C:\Program Files (x86)\Intel\Intel(R) Management Engine Components\DAL;C:\Program Files\Intel\Intel(R) Management Engine Components\DAL;C:\Program Files (x86)\Intel\Intel(R) Management Engine Components\IPT;C:\Program Files\Intel\Intel(R) Management Engine Components\IPT;C:\Program Files (x86)\NVIDIA Corporation\PhysX\Common;C:\WINDOWS\system32;C:\WINDOWS;C:\WINDOWS\System32\Wbem;C:\WINDOWS\System32\WindowsPowerShell\v1.0;C:\Program Files (x86)\Skype\Phone;C:\Program Files\Git\cmd;C:\Gradle\gradle-4.2.1\bin;C:\Program Files (x86)\sbt\bin;C:\Program Files\Java\jdk1.8.0_131\bin;C:\Program Files\Intel\WiFi\bin;C:\Program Files\Common Files\Intel\WirelessCommon;C:\Program Files (x86)\GtkSharp\2.12\bin;C:\Program Files (x86)\Microsoft SQL Server\110\Tools\Binn;C:\Program Files\Microsoft SQL Server\110\Tools\Binn;C:\Program Files\Microsoft SQL Server\110\DTS\Binn;C:\Program Files (x86)\Microsoft SQL Server\110\Tools\Binn\ManagementStudio;C:\Program Files (x86)\Microsoft Visual Studio 10.0\Common7\IDE\PrivateAssemblies;C:\Program Files (x86)\Microsoft SQL Server\110\DTS\Binn;C:\Users\user\Desktop\GL2017S\lib;C:\Program Files\nodejs;C:\WINDOWS\System32\OpenSSH;C:\Program Files\Java\jdk1.8.0_131\lib;C:\Program Files\Python\Python36\Scripts;C:\Program Files\Python\Python36;C:\Users\user\AppData\Local\Microsoft\WindowsApps;C:\Users\user\AppData\Roaming\npm;C:\Users\user\AppData\Local\atom\bin;C:\Program Files\Git\usr\bin\vendor_perl;C:\Program Files\Git\usr\bin\core_perl;., java.specification.name=Java Platform API Specification, java.class.version=52.0, org.gradle.native=false, sun.management.compiler=HotSpot 64-Bit Tiered Compilers, os.version=10.0, user.home=C:\Users\user, user.timezone=Asia/Bangkok, java.awt.printerjob=sun.awt.windows.WPrinterJob, file.encoding=windows-31j, java.specification.version=1.8, java.class.path=C:\Users\user\workspace_work\GoldenLionERP\build\classes\java\test;C:\Users\user\workspace_work\GoldenLionERP\build\resources\test;C:\Users\user\workspace_work\GoldenLionERP\build\classes\java\main;C:\Users\user\workspace_work\GoldenLionERP\build\resources\main;C:\Users\user\.gradle\caches\modules-2\files-2.1\org.springframework.boot\spring-boot-starter-data-jpa\2.0.2.RELEASE\a277d15c247684aaef38852a2e71b8b1ef7357e6\spring-boot-starter-data-jpa-2.0.2.RELEASE.jar;C:\Users\user\.gradle\caches\modules-2\files-2.1\org.springframework.boot\spring-boot-starter-data-rest\2.0.2.RELEASE\1617ded563edcb560034293532d74a6c61132eea\spring-boot-starter-data-rest-2.0.2.RELEASE.jar;C:\Users\user\.gradle\caches\modules-2\files-2.1\org.springframework.boot\spring-boot-starter-security\2.0.2.RELEASE\ef280d41ff37acd66d5b411b1de845cc33067102\spring-boot-starter-security-2.0.2.RELEASE.jar;C:\Users\user\.gradle\caches\modules-2\files-2.1\org.springframework.boot\spring-boot-starter-thymeleaf\2.0.2.RELEASE\1384e93480a1555897cfbec4592a41173acae714\spring-boot-starter-thymeleaf-2.0.2.RELEASE.jar;C:\Users\user\.gradle\caches\modules-2\files-2.1\org.springframework.boot\spring-boot-devtools\2.0.2.RELEASE\ed2b1c877b0c00ef7f961bd118e420a49de3c970\spring-boot-devtools-2.0.2.RELEASE.jar;C:\Users\user\.gradle\caches\modules-2\files-2.1\com.querydsl\querydsl-jpa\4.1.2\9cf87a657b3fcf2a9471f7285cd90fa13575228a\querydsl-jpa-4.1.2.jar;C:\Users\user\.gradle\caches\modules-2\files-2.1\com.querydsl\querydsl-apt\4.1.3\efa47321658de97db060e15450b2b910e1c3cc27\querydsl-apt-4.1.3.jar;C:\Users\user\.gradle\caches\modules-2\files-2.1\com.querydsl\querydsl-codegen\4.1.3\1b30a85c59d0ac4c7f8d5a7e9ecd7ab406fa12d9\querydsl-codegen-4.1.3.jar;C:\Users\user\.gradle\caches\modules-2\files-2.1\com.querydsl\querydsl-core\4.1.4\5a5c4064169db7d56f63edd81f64de00d3add197\querydsl-core-4.1.4.jar;C:\Users\user\.gradle\caches\modules-2\files-2.1\com.mysema.codegen\codegen\0.6.8\a94cea356af04d10e89f04f38ce746f1d5ac8359\codegen-0.6.8.jar;C:\Users\user\.gradle\caches\modules-2\files-2.1\org.reflections\reflections\0.9.9\296d8adb2f22a38025f44b45cac89835ff0bbaf\reflections-0.9.9.jar;C:\Users\user\.gradle\caches\modules-2\files-2.1\com.google.guava\guava\26.0-jre\6a806eff209f36f635f943e16d97491f00f6bfab\guava-26.0-jre.jar;C:\Users\user\.gradle\caches\modules-2\files-2.1\com.microsoft.sqlserver\mssql-jdbc\6.2.2.jre8\a9ee2b0234f623f49fad888550011035b99d0861\mssql-jdbc-6.2.2.jre8.jar;C:\Users\user\.gradle\caches\modules-2\files-2.1\org.springframework.boot\spring-boot-starter-test\2.0.2.RELEASE\d9e090412f318586e0f277e24740b79b58ef190b\spring-boot-starter-test-2.0.2.RELEASE.jar;C:\Users\user\.gradle\caches\modules-2\files-2.1\org.springframework.restdocs\spring-restdocs-mockmvc\2.0.1.RELEASE\707280ec69ef6698e8d1bea87d24db5cdea16ac8\spring-restdocs-mockmvc-2.0.1.RELEASE.jar;C:\Users\user\.gradle\caches\modules-2\files-2.1\org.springframework.security\spring-security-test\5.0.5.RELEASE\d620e383128de4426db18016a667891eed89091\spring-security-test-5.0.5.RELEASE.jar;C:\Users\user\.gradle\caches\modules-2\files-2.1\junit\junit\4.12\2973d150c0dc1fefe998f834810d68f278ea58ec\junit-4.12.jar;C:\Users\user\.gradle\caches\modules-2\files-2.1\org.hamcrest\hamcrest-library\1.3\4785a3c21320980282f9f33d0d1264a69040538f\hamcrest-library-1.3.jar;C:\Users\user\.gradle\caches\modules-2\files-2.1\org.hamcrest\hamcrest-core\1.3\42a25dc3219429f0e5d060061f71acb49bf010a0\hamcrest-core-1.3.jar;C:\Users\user\.gradle\caches\modules-2\files-2.1\org.springframework.boot\spring-boot-starter-aop\2.0.2.RELEASE\b0b0c7dcfdffaef1b04886c0279772905bc7e9d2\spring-boot-starter-aop-2.0.2.RELEASE.jar;C:\Users\user\.gradle\caches\modules-2\files-2.1\org.springframework.boot\spring-boot-starter-jdbc\2.0.2.RELEASE\f93c2459a06061f889b837d1c2503055df024778\spring-boot-starter-jdbc-2.0.2.RELEASE.jar;C:\Users\user\.gradle\caches\modules-2\files-2.1\org.springframework.boot\spring-boot-starter-web\2.0.2.RELEASE\b6ef0cf4d0a7c6c7e93ff524b84cd1d8f87f67d9\spring-boot-starter-web-2.0.2.RELEASE.jar;C:\Users\user\.gradle\caches\modules-2\files-2.1\org.springframework.boot\spring-boot-starter-json\2.0.2.RELEASE\5edda979838ced5314b8f58a958fe9d6b4b3badd\spring-boot-starter-json-2.0.2.RELEASE.jar;C:\Users\user\.gradle\caches\modules-2\files-2.1\org.springframework.boot\spring-boot-starter\2.0.2.RELEASE\1cda94f0dfcf2b065191782a54b84d2abf96391\spring-boot-starter-2.0.2.RELEASE.jar;C:\Users\user\.gradle\caches\modules-2\files-2.1\org.hibernate\hibernate-core\5.2.17.Final\f2dc36470e7a2ffcf6106bb1625ecf5b54bb5f65\hibernate-core-5.2.17.Final.jar;C:\Users\user\.gradle\caches\modules-2\files-2.1\javax.transaction\javax.transaction-api\1.2\d81aff979d603edd90dcd8db2abc1f4ce6479e3e\javax.transaction-api-1.2.jar;C:\Users\user\.gradle\caches\modules-2\files-2.1\org.springframework.data\spring-data-jpa\2.0.7.RELEASE\9f201f3d3435a9e5422e0edcff3475c46215ffb\spring-data-jpa-2.0.7.RELEASE.jar;C:\Users\user\.gradle\caches\modules-2\files-2.1\org.springframework\spring-aspects\5.0.6.RELEASE\45a7631a64eb82625067587b9796d4418d9e0568\spring-aspects-5.0.6.RELEASE.jar;C:\Users\user\.gradle\caches\modules-2\files-2.1\org.springframework.data\spring-data-rest-webmvc\3.0.7.RELEASE\684949215006f844591c6a8632356f483752fca0\spring-data-rest-webmvc-3.0.7.RELEASE.jar;C:\Users\user\.gradle\caches\modules-2\files-2.1\org.springframework.security\spring-security-config\5.0.5.RELEASE\5d360adc638fc5f55e7364f2544a962ae26e0cfd\spring-security-config-5.0.5.RELEASE.jar;C:\Users\user\.gradle\caches\modules-2\files-2.1\org.springframework.security\spring-security-web\5.0.5.RELEASE\14b987fee57348c373c5228e23ceb244d872e298\spring-security-web-5.0.5.RELEASE.jar;C:\Users\user\.gradle\caches\modules-2\files-2.1\org.springframework.data\spring-data-rest-core\3.0.7.RELEASE\dd56b4f427987e1d5ab320eee6c3401e32557bb2\spring-data-rest-core-3.0.7.RELEASE.jar;C:\Users\user\.gradle\caches\modules-2\files-2.1\org.springframework.hateoas\spring-hateoas\0.24.0.RELEASE\b6401a781a58e0b2ab95242a553683e04300fe69\spring-hateoas-0.24.0.RELEASE.jar;C:\Users\user\.gradle\caches\modules-2\files-2.1\org.springframework\spring-webmvc\5.0.6.RELEASE\1361c5d1cf46665ee01de5dc1ca447c3be174c19\spring-webmvc-5.0.6.RELEASE.jar;C:\Users\user\.gradle\caches\modules-2\files-2.1\org.springframework.security\spring-security-core\5.0.5.RELEASE\d8fb6f4bcb03a1b124b4a0a50b574978496ae0ba\spring-security-core-5.0.5.RELEASE.jar;C:\Users\user\.gradle\caches\modules-2\files-2.1\org.springframework.boot\spring-boot-test-autoconfigure\2.0.2.RELEASE\4993bdd96a4c02bc5b5703862d99ef4c563f25d0\spring-boot-test-autoconfigure-2.0.2.RELEASE.jar;C:\Users\user\.gradle\caches\modules-2\files-2.1\org.springframework.boot\spring-boot-autoconfigure\2.0.2.RELEASE\f4b25e753e4955337a138d8b1550236b5efe5b3b\spring-boot-autoconfigure-2.0.2.RELEASE.jar;C:\Users\user\.gradle\caches\modules-2\files-2.1\org.springframework.boot\spring-boot-test\2.0.2.RELEASE\fc85812e6543312a3b0ea9fbbdfd4a51183380a3\spring-boot-test-2.0.2.RELEASE.jar;C:\Users\user\.gradle\caches\modules-2\files-2.1\org.springframework.boot\spring-boot\2.0.2.RELEASE\15012cf02e9f77938244e554f0598535fdd1cb38\spring-boot-2.0.2.RELEASE.jar;C:\Users\user\.gradle\caches\modules-2\files-2.1\org.springframework.plugin\spring-plugin-core\1.2.0.RELEASE\f380e7760032e7d929184f8ad8a33716b75c0657\spring-plugin-core-1.2.0.RELEASE.jar;C:\Users\user\.gradle\caches\modules-2\files-2.1\org.springframework\spring-context\5.0.6.RELEASE\8b73b742ef0ddce04f0f1068f305de240b00ce0d\spring-context-5.0.6.RELEASE.jar;C:\Users\user\.gradle\caches\modules-2\files-2.1\org.springframework\spring-aop\5.0.6.RELEASE\74078df698992054c1c1a8f705763a6c7b4b914c\spring-aop-5.0.6.RELEASE.jar;C:\Users\user\.gradle\caches\modules-2\files-2.1\org.thymeleaf\thymeleaf-spring5\3.0.9.RELEASE\abf84efd83808a70d982d2790f7f3a7bd3a39cf4\thymeleaf-spring5-3.0.9.RELEASE.jar;C:\Users\user\.gradle\caches\modules-2\files-2.1\org.thymeleaf.extras\thymeleaf-extras-java8time\3.0.1.RELEASE\d23760d1e53cd70c489ef40dc94ee6bd2371cceb\thymeleaf-extras-java8time-3.0.1.RELEASE.jar;C:\Users\user\.gradle\caches\modules-2\files-2.1\com.jayway.jsonpath\json-path\2.4.0\765a4401ceb2dc8d40553c2075eb80a8fa35c2ae\json-path-2.4.0.jar;C:\Users\user\.gradle\caches\modules-2\files-2.1\com.zaxxer\HikariCP\2.7.9\a83113d2c091d0d0f853dad3217bd7df3beb6ae3\HikariCP-2.7.9.jar;C:\Users\user\.gradle\caches\modules-2\files-2.1\org.thymeleaf\thymeleaf\3.0.9.RELEASE\64185cca50ac808ad034841c84b4013f955465d2\thymeleaf-3.0.9.RELEASE.jar;C:\Users\user\.gradle\caches\modules-2\files-2.1\org.springframework.boot\spring-boot-starter-logging\2.0.2.RELEASE\b56d7d1931792d6e58dbd41f956912359ba85238\spring-boot-starter-logging-2.0.2.RELEASE.jar;C:\Users\user\.gradle\caches\modules-2\files-2.1\ch.qos.logback\logback-classic\1.2.3\7c4f3c474fb2c041d8028740440937705ebb473a\logback-classic-1.2.3.jar;C:\Users\user\.gradle\caches\modules-2\files-2.1\org.apache.logging.log4j\log4j-to-slf4j\2.10.0\f7e631ccf49cfc0aefa4a2a728da7d374c05bd3c\log4j-to-slf4j-2.10.0.jar;C:\Users\user\.gradle\caches\modules-2\files-2.1\org.slf4j\jul-to-slf4j\1.7.25\af5364cd6679bfffb114f0dec8a157aaa283b76\jul-to-slf4j-1.7.25.jar;C:\Users\user\.gradle\caches\modules-2\files-2.1\org.springframework.data\spring-data-commons\2.0.7.RELEASE\7faa0fb2ffa50a5c50ad9f10118095ae24d5c6e1\spring-data-commons-2.0.7.RELEASE.jar;C:\Users\user\.gradle\caches\modules-2\files-2.1\org.slf4j\slf4j-api\1.7.25\da76ca59f6a57ee3102f8f9bd9cee742973efa8a\slf4j-api-1.7.25.jar;C:\Users\user\.gradle\caches\modules-2\files-2.1\com.google.code.findbugs\jsr305\3.0.2\25ea2e8b0c338a877313bd4672d3fe056ea78f0d\jsr305-3.0.2.jar;C:\Users\user\.gradle\caches\modules-2\files-2.1\org.checkerframework\checker-qual\2.5.2\cea74543d5904a30861a61b4643a5f2bb372efc4\checker-qual-2.5.2.jar;C:\Users\user\.gradle\caches\modules-2\files-2.1\com.google.errorprone\error_prone_annotations\2.1.3\39b109f2cd352b2d71b52a3b5a1a9850e1dc304b\error_prone_annotations-2.1.3.jar;C:\Users\user\.gradle\caches\modules-2\files-2.1\com.google.j2objc\j2objc-annotations\1.1\ed28ded51a8b1c6b112568def5f4b455e6809019\j2objc-annotations-1.1.jar;C:\Users\user\.gradle\caches\modules-2\files-2.1\org.codehaus.mojo\animal-sniffer-annotations\1.14\775b7e22fb10026eed3f86e8dc556dfafe35f2d5\animal-sniffer-annotations-1.14.jar;C:\Users\user\.gradle\caches\modules-2\files-2.1\org.assertj\assertj-core\3.9.1\c5ce126b15f28d56cd8f960c1a6a058b9c9aea87\assertj-core-3.9.1.jar;C:\Users\user\.gradle\caches\modules-2\files-2.1\org.mockito\mockito-core\2.15.0\b84bfbbc29cd22c9529409627af6ea2897f4fa85\mockito-core-2.15.0.jar;C:\Users\user\.gradle\caches\modules-2\files-2.1\org.skyscreamer\jsonassert\1.5.0\6c9d5fe2f59da598d9aefc1cfc6528ff3cf32df3\jsonassert-1.5.0.jar;C:\Users\user\.gradle\caches\modules-2\files-2.1\org.springframework\spring-test\5.0.6.RELEASE\dbc99b288774b2e07d94bc14fe38d556bc3ed34a\spring-test-5.0.6.RELEASE.jar;C:\Users\user\.gradle\caches\modules-2\files-2.1\org.springframework\spring-orm\5.0.6.RELEASE\7a08073597b79dfcd4db1cffa924f2b991a14a20\spring-orm-5.0.6.RELEASE.jar;C:\Users\user\.gradle\caches\modules-2\files-2.1\org.springframework\spring-jdbc\5.0.6.RELEASE\7d4de1ee9b042774e09ceb88393e5a564e342729\spring-jdbc-5.0.6.RELEASE.jar;C:\Users\user\.gradle\caches\modules-2\files-2.1\org.springframework\spring-tx\5.0.6.RELEASE\1b6ffc44f2d59507a0fce1084fcc21788b13904\spring-tx-5.0.6.RELEASE.jar;C:\Users\user\.gradle\caches\modules-2\files-2.1\org.springframework.restdocs\spring-restdocs-core\2.0.1.RELEASE\3aefa222a332450b32e1281411794361996934ef\spring-restdocs-core-2.0.1.RELEASE.jar;C:\Users\user\.gradle\caches\modules-2\files-2.1\org.springframework\spring-web\5.0.6.RELEASE\89e89de3025165998118590613aedc6df8d64af6\spring-web-5.0.6.RELEASE.jar;C:\Users\user\.gradle\caches\modules-2\files-2.1\org.springframework\spring-beans\5.0.6.RELEASE\d609b83cd8a71650a70778cf8d02c9a05b9161fe\spring-beans-5.0.6.RELEASE.jar;C:\Users\user\.gradle\caches\modules-2\files-2.1\org.springframework\spring-expression\5.0.6.RELEASE\dec57ae5e6f0dfd4c6cfc199aa13ed268c3e1a65\spring-expression-5.0.6.RELEASE.jar;C:\Users\user\.gradle\caches\modules-2\files-2.1\org.springframework\spring-core\5.0.6.RELEASE\984a52455b1be596b7f1a29f62d21d2f483eb764\spring-core-5.0.6.RELEASE.jar;C:\Users\user\.gradle\caches\modules-2\files-2.1\org.xmlunit\xmlunit-core\2.5.1\4ffdb346572a7356f7521cd3119ce5287d2e339d\xmlunit-core-2.5.1.jar;C:\Users\user\.gradle\caches\modules-2\files-2.1\javax.servlet\javax.servlet-api\3.1.0\3cd63d075497751784b2fa84be59432f4905bf7c\javax.servlet-api-3.1.0.jar;C:\Users\user\.gradle\caches\modules-2\files-2.1\org.springframework.boot\spring-boot-starter-tomcat\2.0.2.RELEASE\cedbfb18762e1c220007c768bfc5b773f5b30f8a\spring-boot-starter-tomcat-2.0.2.RELEASE.jar;C:\Users\user\.gradle\caches\modules-2\files-2.1\javax.annotation\javax.annotation-api\1.3.2\934c04d3cfef185a8008e7bf34331b79730a9d43\javax.annotation-api-1.3.2.jar;C:\Users\user\.gradle\caches\modules-2\files-2.1\org.yaml\snakeyaml\1.19\2d998d3d674b172a588e54ab619854d073f555b5\snakeyaml-1.19.jar;C:\Users\user\.gradle\caches\modules-2\files-2.1\org.aspectj\aspectjweaver\1.8.13\ad94df2a28d658a40dc27bbaff6a1ce5fbf04e9b\aspectjweaver-1.8.13.jar;C:\Users\user\.gradle\caches\modules-2\files-2.1\org.hibernate.common\hibernate-commons-annotations\5.0.1.Final\71e1cff3fcb20d3b3af4f3363c3ddb24d33c6879\hibernate-commons-annotations-5.0.1.Final.jar;C:\Users\user\.gradle\caches\modules-2\files-2.1\org.hibernate.validator\hibernate-validator\6.0.9.Final\b149e4cce82379f11f6129eb3187ca8ae5404005\hibernate-validator-6.0.9.Final.jar;C:\Users\user\.gradle\caches\modules-2\files-2.1\org.jboss.logging\jboss-logging\3.3.2.Final\3789d00e859632e6c6206adc0c71625559e6e3b0\jboss-logging-3.3.2.Final.jar;C:\Users\user\.gradle\caches\modules-2\files-2.1\org.hibernate.javax.persistence\hibernate-jpa-2.1-api\1.0.0.Final\5e731d961297e5a07290bfaf3db1fbc8bbbf405a\hibernate-jpa-2.1-api-1.0.0.Final.jar;C:\Users\user\.gradle\caches\modules-2\files-2.1\org.javassist\javassist\3.22.0-GA\3e83394258ae2089be7219b971ec21a8288528ad\javassist-3.22.0-GA.jar;C:\Users\user\.gradle\caches\modules-2\files-2.1\antlr\antlr\2.7.7\83cd2cd674a217ade95a4bb83a8a14f351f48bd0\antlr-2.7.7.jar;C:\Users\user\.gradle\caches\modules-2\files-2.1\org.jboss\jandex\2.0.3.Final\bfc4d6257dbff7a33a357f0de116be6ff951d849\jandex-2.0.3.Final.jar;C:\Users\user\.gradle\caches\modules-2\files-2.1\com.fasterxml\classmate\1.3.4\3d5f48f10bbe4eb7bd862f10c0583be2e0053c6\classmate-1.3.4.jar;C:\Users\user\.gradle\caches\modules-2\files-2.1\dom4j\dom4j\1.6.1\5d3ccc056b6f056dbf0dddfdf43894b9065a8f94\dom4j-1.6.1.jar;C:\Users\user\.gradle\caches\modules-2\files-2.1\com.fasterxml.jackson.datatype\jackson-datatype-jdk8\2.9.5\23e37f085279ba316c0df923513b81609e1d1f6\jackson-datatype-jdk8-2.9.5.jar;C:\Users\user\.gradle\caches\modules-2\files-2.1\com.fasterxml.jackson.datatype\jackson-datatype-jsr310\2.9.5\d1f0d11e816bc04e222a261106ca138801841c2d\jackson-datatype-jsr310-2.9.5.jar;C:\Users\user\.gradle\caches\modules-2\files-2.1\com.fasterxml.jackson.module\jackson-module-parameter-names\2.9.5\f824c60751ffb7bfc3a0d30dfe0e42317d8e67f5\jackson-module-parameter-names-2.9.5.jar;C:\Users\user\.gradle\caches\modules-2\files-2.1\com.fasterxml.jackson.core\jackson-databind\2.9.5\3490508379d065fe3fcb80042b62f630f7588606\jackson-databind-2.9.5.jar;C:\Users\user\.gradle\caches\modules-2\files-2.1\com.fasterxml.jackson.core\jackson-annotations\2.9.0\7c10d545325e3a6e72e06381afe469fd40eb701\jackson-annotations-2.9.0.jar;C:\Users\user\.gradle\caches\modules-2\files-2.1\com.mysema.commons\mysema-commons-lang\0.2.4\d09c8489d54251a6c22fbce804bdd4a070557317\mysema-commons-lang-0.2.4.jar;C:\Users\user\.gradle\caches\modules-2\files-2.1\com.infradna.tool\bridge-method-annotation\1.13\18cdce50cde6f54ee5390d0907384f72183ff0fe\bridge-method-annotation-1.13.jar;C:\Users\user\.gradle\caches\modules-2\files-2.1\javax.inject\javax.inject\1\6975da39a7040257bd51d21a231b76c915872d38\javax.inject-1.jar;C:\Users\user\.gradle\caches\modules-2\files-2.1\net.minidev\json-smart\2.3\7396407491352ce4fa30de92efb158adb76b5b\json-smart-2.3.jar;C:\Users\user\.gradle\caches\modules-2\files-2.1\net.bytebuddy\byte-buddy\1.7.11\f02857a4e2c66ccbe7aaad6100a0a6c461bce9b3\byte-buddy-1.7.11.jar;C:\Users\user\.gradle\caches\modules-2\files-2.1\net.bytebuddy\byte-buddy-agent\1.7.11\b425a8933ca07edd03c6dbc8bc3b595fba9780de\byte-buddy-agent-1.7.11.jar;C:\Users\user\.gradle\caches\modules-2\files-2.1\org.objenesis\objenesis\2.6\639033469776fd37c08358c6b92a4761feb2af4b\objenesis-2.6.jar;C:\Users\user\.gradle\caches\modules-2\files-2.1\com.vaadin.external.google\android-json\0.0.20131108.vaadin1\fa26d351fe62a6a17f5cda1287c1c6110dec413f\android-json-0.0.20131108.vaadin1.jar;C:\Users\user\.gradle\caches\modules-2\files-2.1\org.springframework\spring-jcl\5.0.6.RELEASE\295ee4e8657e9c1fd327735c01d5fbce339cc44d\spring-jcl-5.0.6.RELEASE.jar;C:\Users\user\.gradle\caches\modules-2\files-2.1\com.fasterxml.jackson.core\jackson-core\2.9.5\a22ac51016944b06fd9ffbc9541c6e7ce5eea117\jackson-core-2.9.5.jar;C:\Users\user\.gradle\caches\modules-2\files-2.1\org.apache.tomcat.embed\tomcat-embed-websocket\8.5.31\6564e716b89de5eaa0dd234ae7989576503ddf3\tomcat-embed-websocket-8.5.31.jar;C:\Users\user\.gradle\caches\modules-2\files-2.1\org.apache.tomcat.embed\tomcat-embed-core\8.5.31\f5adf7ed8c34aa005b22b6a2dc7b6796e10e9c79\tomcat-embed-core-8.5.31.jar;C:\Users\user\.gradle\caches\modules-2\files-2.1\org.apache.tomcat.embed\tomcat-embed-el\8.5.31\3a536e1ac71b82627c3a7408eb38fa0704cb9034\tomcat-embed-el-8.5.31.jar;C:\Users\user\.gradle\caches\modules-2\files-2.1\javax.validation\validation-api\2.0.1.Final\cb855558e6271b1b32e716d24cb85c7f583ce09e\validation-api-2.0.1.Final.jar;C:\Users\user\.gradle\caches\modules-2\files-2.1\org.atteo\evo-inflector\1.2.2\2551aad98d65ac5464d81fe05f0e1516cfe471c9\evo-inflector-1.2.2.jar;C:\Users\user\.gradle\caches\modules-2\files-2.1\org.attoparser\attoparser\2.0.4.RELEASE\5cf02c4d8303a81f0c80971bb1dcd40d3ba96009\attoparser-2.0.4.RELEASE.jar;C:\Users\user\.gradle\caches\modules-2\files-2.1\org.unbescape\unbescape\1.1.5.RELEASE\46dc644ea9c234317d926ebac5bf5d8f114dc1ba\unbescape-1.1.5.RELEASE.jar;C:\Users\user\.gradle\caches\modules-2\files-2.1\org.eclipse.jdt.core.compiler\ecj\4.3.1\21582b0e662b9e54fc6f0f2721d36f753ce7c58c\ecj-4.3.1.jar;C:\Users\user\.gradle\caches\modules-2\files-2.1\com.google.code.findbugs\annotations\2.0.1\9ef6656259841cebfb9fb0697bb122ada4485498\annotations-2.0.1.jar;C:\Users\user\.gradle\caches\modules-2\files-2.1\net.minidev\accessors-smart\1.2\c592b500269bfde36096641b01238a8350f8aa31\accessors-smart-1.2.jar;C:\Users\user\.gradle\caches\modules-2\files-2.1\ch.qos.logback\logback-core\1.2.3\864344400c3d4d92dfeb0a305dc87d953677c03c\logback-core-1.2.3.jar;C:\Users\user\.gradle\caches\modules-2\files-2.1\org.apache.logging.log4j\log4j-api\2.10.0\fec5797a55b786184a537abd39c3fa1449d752d6\log4j-api-2.10.0.jar;C:\Users\user\.gradle\caches\modules-2\files-2.1\org.ow2.asm\asm\5.0.4\da08b8cce7bbf903602a25a3a163ae252435795\asm-5.0.4.jar, user.name=user, java.vm.specification.version=1.8, sun.java.command=worker.org.gradle.process.internal.worker.GradleWorkerMain 'Gradle Test Executor 7', java.home=C:\Program Files\Java\jdk1.8.0_131\jre, sun.arch.data.model=64, user.language=en, java.specification.vendor=Oracle Corporation, awt.toolkit=sun.awt.windows.WToolkit, java.vm.info=mixed mode, java.version=1.8.0_131, java.ext.dirs=C:\Program Files\Java\jdk1.8.0_131\jre\lib\ext;C:\WINDOWS\Sun\Java\lib\ext, sun.boot.class.path=C:\Program Files\Java\jdk1.8.0_131\jre\lib\resources.jar;C:\Program Files\Java\jdk1.8.0_131\jre\lib\rt.jar;C:\Program Files\Java\jdk1.8.0_131\jre\lib\sunrsasign.jar;C:\Program Files\Java\jdk1.8.0_131\jre\lib\jsse.jar;C:\Program Files\Java\jdk1.8.0_131\jre\lib\jce.jar;C:\Program Files\Java\jdk1.8.0_131\jre\lib\charsets.jar;C:\Program Files\Java\jdk1.8.0_131\jre\lib\jfr.jar;C:\Program Files\Java\jdk1.8.0_131\jre\classes, java.vendor=Oracle Corporation, org.gradle.test.worker=7, file.separator=\, java.vendor.url.bug=http://bugreport.sun.com/bugreport/, sun.io.unicode.encoding=UnicodeLittle, sun.cpu.endian=little, sun.desktop=windows, sun.cpu.isalist=amd64}}, SystemEnvironmentPropertySource@1234316179 {name='systemEnvironment', properties={PATH=C:\Users\user\bin;C:\Program Files\Git\mingw64\bin;C:\Program Files\Git\usr\local\bin;C:\Program Files\Git\usr\bin;C:\Program Files\Git\usr\bin;C:\Program Files\Git\mingw64\bin;C:\Program Files\Git\usr\bin;C:\Users\user\bin;C:\Program Files (x86)\Common Files\Oracle\Java\javapath;C:\ProgramData\Oracle\Java\javapath;C:\Program Files (x86)\Intel\iCLS Client;C:\Program Files\Intel\iCLS Client;C:\windows\system32;C:\windows;C:\windows\System32\Wbem;C:\windows\System32\WindowsPowerShell\v1.0;C:\Program Files (x86)\Intel\Intel(R) Management Engine Components\DAL;C:\Program Files\Intel\Intel(R) Management Engine Components\DAL;C:\Program Files (x86)\Intel\Intel(R) Management Engine Components\IPT;C:\Program Files\Intel\Intel(R) Management Engine Components\IPT;C:\Program Files (x86)\NVIDIA Corporation\PhysX\Common;C:\WINDOWS\system32;C:\WINDOWS;C:\WINDOWS\System32\Wbem;C:\WINDOWS\System32\WindowsPowerShell\v1.0;C:\Program Files (x86)\Skype\Phone;C:\Program Files\Git\cmd;C:\Gradle\gradle-4.2.1\bin;C:\Program Files (x86)\sbt\bin;C:\Program Files\Java\jdk1.8.0_131\bin;C:\Program Files\Intel\WiFi\bin;C:\Program Files\Common Files\Intel\WirelessCommon;C:\Program Files (x86)\GtkSharp\2.12\bin;C:\Program Files (x86)\Microsoft SQL Server\110\Tools\Binn;C:\Program Files\Microsoft SQL Server\110\Tools\Binn;C:\Program Files\Microsoft SQL Server\110\DTS\Binn;C:\Program Files (x86)\Microsoft SQL Server\110\Tools\Binn\ManagementStudio;C:\Program Files (x86)\Microsoft Visual Studio 10.0\Common7\IDE\PrivateAssemblies;C:\Program Files (x86)\Microsoft SQL Server\110\DTS\Binn;C:\Users\user\Desktop\GL2017S\lib;C:\Program Files\nodejs;C:\WINDOWS\System32\OpenSSH;C:\Program Files\Java\jdk1.8.0_131\lib;C:\Program Files\Python\Python36\Scripts;C:\Program Files\Python\Python36;C:\Users\user\AppData\Local\Microsoft\WindowsApps;C:\Users\user\AppData\Roaming\npm;C:\Users\user\AppData\Local\atom\bin;C:\Program Files\Git\usr\bin\vendor_perl;C:\Program Files\Git\usr\bin\core_perl, USERDOMAIN_ROAMINGPROFILE=LAPTOP-FHFRCCL6, PKG_CONFIG_PATH=C:\Program Files\Git\mingw64\lib\pkgconfig;C:\Program Files\Git\mingw64\share\pkgconfig, MSYSTEM_PREFIX=C:/Program Files/Git/mingw64, PROCESSOR_LEVEL=6, SYSTEMDRIVE=C:, RegionCode=APJ, CONFIG_SITE=C:/Program Files/Git/mingw64/etc/config.site, SESSIONNAME=Console, ALLUSERSPROFILE=C:\ProgramData, PROCESSOR_ARCHITECTURE=AMD64, MSYSTEM_CHOST=x86_64-w64-mingw32, PSModulePath=C:\Program Files\WindowsPowerShell\Modules;C:\WINDOWS\system32\WindowsPowerShell\v1.0\Modules;C:\Program Files (x86)\Microsoft SQL Server\110\Tools\PowerShell\Modules\, ORIGINAL_TEMP=C:/Users/user/AppData/Local/Temp, PROGRAMFILES=C:\Program Files, USERNAME=user, PWD=C:/Users/user/workspace_work/GoldenLionERP, ProgramFiles(x86)=C:\Program Files (x86), INFOPATH=C:\Program Files\Git\usr\local\info;C:\Program Files\Git\usr\share\info;C:\Program Files\Git\usr\info;C:\Program Files\Git\share\info, FPS_BROWSER_USER_PROFILE_STRING=Default, PATHEXT=.COM;.EXE;.BAT;.CMD;.VBS;.VBE;.JS;.JSE;.WSF;.WSH;.MSC, SHELL=C:\Program Files\Git\usr\bin\bash.exe, DriverData=C:\Windows\System32\Drivers\DriverData, ORIGINAL_TMP=C:/Users/user/AppData/Local/Temp, OLDPWD=C:/Gradle/gradle-4.2.1, platformcode=KV, TMPDIR=C:\Users\user\AppData\Local\Temp, WINDIR=C:\WINDOWS, ProgramData=C:\ProgramData, ProgramW6432=C:\Program Files, SSH_ASKPASS=C:/Program Files/Git/mingw64/libexec/git-core/git-gui--askpass, HOMEPATH=\Users\user, PROCESSOR_IDENTIFIER=Intel64 Family 6 Model 142 Stepping 9, GenuineIntel, PUBLIC=C:\Users\Public, MINGW_CHOST=x86_64-w64-mingw32, =::=::\, EXEPATH=C:\Program Files\Git, SHLVL=1, LOCALAPPDATA=C:\Users\user\AppData\Local, ORIGINAL_PATH=C:\Program Files\Git\mingw64\bin;C:\Program Files\Git\usr\bin;C:\Users\user\bin;C:\Program Files (x86)\Common Files\Oracle\Java\javapath;C:\ProgramData\Oracle\Java\javapath;C:\Program Files (x86)\Intel\iCLS Client;C:\Program Files\Intel\iCLS Client;C:\windows\system32;C:\windows;C:\windows\System32\Wbem;C:\windows\System32\WindowsPowerShell\v1.0;C:\Program Files (x86)\Intel\Intel(R) Management Engine Components\DAL;C:\Program Files\Intel\Intel(R) Management Engine Components\DAL;C:\Program Files (x86)\Intel\Intel(R) Management Engine Components\IPT;C:\Program Files\Intel\Intel(R) Management Engine Components\IPT;C:\Program Files (x86)\NVIDIA Corporation\PhysX\Common;C:\WINDOWS\system32;C:\WINDOWS;C:\WINDOWS\System32\Wbem;C:\WINDOWS\System32\WindowsPowerShell\v1.0;C:\Program Files (x86)\Skype\Phone;C:\Program Files\Git\cmd;C:\Gradle\gradle-4.2.1\bin;C:\Program Files (x86)\sbt\bin;C:\Program Files\Java\jdk1.8.0_131\bin;C:\Program Files\Intel\WiFi\bin;C:\Program Files\Common Files\Intel\WirelessCommon;C:\Program Files (x86)\GtkSharp\2.12\bin;C:\Program Files (x86)\Microsoft SQL Server\110\Tools\Binn;C:\Program Files\Microsoft SQL Server\110\Tools\Binn;C:\Program Files\Microsoft SQL Server\110\DTS\Binn;C:\Program Files (x86)\Microsoft SQL Server\110\Tools\Binn\ManagementStudio;C:\Program Files (x86)\Microsoft Visual Studio 10.0\Common7\IDE\PrivateAssemblies;C:\Program Files (x86)\Microsoft SQL Server\110\DTS\Binn;C:\Users\user\Desktop\GL2017S\lib;C:\Program Files\nodejs;C:\WINDOWS\System32\OpenSSH;C:\Program Files\Java\jdk1.8.0_131\lib;C:\Program Files\Python\Python36\Scripts;C:\Program Files\Python\Python36;C:\Users\user\AppData\Local\Microsoft\WindowsApps;C:\Users\user\AppData\Roaming\npm;C:\Users\user\AppData\Local\atom\bin, MANPATH=C:\Program Files\Git\mingw64\share\man;C:\Program Files\Git\usr\local\man;C:\Program Files\Git\usr\share\man;C:\Program Files\Git\usr\man;C:\Program Files\Git\share\man, MINGW_PACKAGE_PREFIX=mingw-w64-x86_64, USERDOMAIN=LAPTOP-FHFRCCL6, FPS_BROWSER_APP_PROFILE_STRING=Internet Explorer, LOGONSERVER=\\LAPTOP-FHFRCCL6, JAVA_HOME=C:\Program Files\Java\jdk1.8.0_131, PLINK_PROTOCOL=ssh, TERM=xterm, LANG=en_US.UTF-8, MINGW_PREFIX=C:/Program Files/Git/mingw64, DISPLAY=needs-to-be-defined, MSYSTEM=MINGW64, OneDrive=C:\Users\user\OneDrive, APPDATA=C:\Users\user\AppData\Roaming, GTK_BASEPATH=C:\Program Files (x86)\GtkSharp\2.12\, SYSTEMROOT=C:\WINDOWS, OS=Windows_NT, COMPUTERNAME=LAPTOP-FHFRCCL6, COMMONPROGRAMFILES=C:\Program Files\Common Files, COMSPEC=C:\WINDOWS\system32\cmd.exe, SBT_HOME=C:\Program Files (x86)\sbt\, OnlineServices=Online Services, PROCESSOR_REVISION=8e09, CommonProgramW6432=C:\Program Files\Common Files, ACLOCAL_PATH=C:\Program Files\Git\mingw64\share\aclocal;C:\Program Files\Git\usr\share\aclocal, MSYSTEM_CARCH=x86_64, TEMP=C:\Users\user\AppData\Local\Temp, HOSTNAME=LAPTOP-FHFRCCL6, HOMEDRIVE=C:, USERPROFILE=C:\Users\user, TMP=C:\Users\user\AppData\Local\Temp, CommonProgramFiles(x86)=C:\Program Files (x86)\Common Files, NUMBER_OF_PROCESSORS=4, HOME=C:\Users\user}}]
17:34:58.518 [Test worker] DEBUG org.springframework.core.env.StandardEnvironment - Adding PropertySource 'class path resource [test.properties]' with highest search precedence
17:34:58.518 [Test worker] DEBUG org.springframework.test.context.support.TestPropertySourceUtils - Adding inlined properties to environment: {spring.jmx.enabled=false, org.springframework.boot.test.context.SpringBootTestContextBootstrapper=true, server.port=-1}
17:34:58.518 [Test worker] DEBUG org.springframework.core.env.StandardEnvironment - Adding PropertySource 'Inlined Test Properties' with highest search precedence

  .   ____          _            __ _ _
 /\\ / ___'_ __ _ _(_)_ __  __ _ \ \ \ \
( ( )\___ | '_ | '_| | '_ \/ _` | \ \ \ \
 \\/  ___)| |_)| | | | | || (_| |  ) ) ) )
  '  |____| .__|_| |_|_| |_\__, | / / / /
 =========|_|==============|___/=/_/_/_/
 :: Spring Boot ::        (v2.0.2.RELEASE)

2018-12-14 17:34:58.861  INFO 9212 --- [    Test worker] a.g.a.accounting.AccountMasterApiTest    : Starting AccountMasterApiTest on LAPTOP-FHFRCCL6 with PID 9212 (started by user in C:\Users\user\workspace_work\GoldenLionERP)
2018-12-14 17:34:58.861  INFO 9212 --- [    Test worker] a.g.a.accounting.AccountMasterApiTest    : No active profile set, falling back to default profiles: default
2018-12-14 17:34:58.908  INFO 9212 --- [    Test worker] o.s.w.c.s.GenericWebApplicationContext   : Refreshing org.springframework.web.context.support.GenericWebApplicationContext@453dc1a1: startup date [Fri Dec 14 17:34:58 ICT 2018]; root of context hierarchy
2018-12-14 17:35:01.236  INFO 9212 --- [    Test worker] o.s.b.f.s.DefaultListableBeanFactory     : Overriding bean definition for bean 'httpRequestHandlerAdapter' with a different definition: replacing [Root bean: class [null]; scope=; abstract=false; lazyInit=false; autowireMode=3; dependencyCheck=0; autowireCandidate=true; primary=false; factoryBeanName=org.springframework.boot.autoconfigure.web.servlet.WebMvcAutoConfiguration$EnableWebMvcConfiguration; factoryMethodName=httpRequestHandlerAdapter; initMethodName=null; destroyMethodName=(inferred); defined in class path resource [org/springframework/boot/autoconfigure/web/servlet/WebMvcAutoConfiguration$EnableWebMvcConfiguration.class]] with [Root bean: class [null]; scope=; abstract=false; lazyInit=false; autowireMode=3; dependencyCheck=0; autowireCandidate=true; primary=false; factoryBeanName=org.springframework.data.rest.webmvc.config.RepositoryRestMvcConfiguration; factoryMethodName=httpRequestHandlerAdapter; initMethodName=null; destroyMethodName=(inferred); defined in class path resource [org/springframework/data/rest/webmvc/config/RepositoryRestMvcConfiguration.class]]
2018-12-14 17:35:01.939  INFO 9212 --- [    Test worker] f.a.AutowiredAnnotationBeanPostProcessor : JSR-330 'javax.inject.Inject' annotation found and supported for autowiring
2018-12-14 17:35:02.102  INFO 9212 --- [    Test worker] trationDelegate$BeanPostProcessorChecker : Bean 'org.springframework.transaction.annotation.ProxyTransactionManagementConfiguration' of type [org.springframework.transaction.annotation.ProxyTransactionManagementConfiguration$$EnhancerBySpringCGLIB$$5ade5511] is not eligible for getting processed by all BeanPostProcessors (for example: not eligible for auto-proxying)
2018-12-14 17:35:02.664  INFO 9212 --- [    Test worker] com.zaxxer.hikari.HikariDataSource       : HikariPool-1 - Starting...
2018-12-14 17:35:03.142  INFO 9212 --- [    Test worker] com.zaxxer.hikari.HikariDataSource       : HikariPool-1 - Start completed.
2018-12-14 17:35:03.360  INFO 9212 --- [    Test worker] j.LocalContainerEntityManagerFactoryBean : Building JPA container EntityManagerFactory for persistence unit 'default'
2018-12-14 17:35:03.407  INFO 9212 --- [    Test worker] o.hibernate.jpa.internal.util.LogHelper  : HHH000204: Processing PersistenceUnitInfo [
	name: default
	...]
2018-12-14 17:35:03.532  INFO 9212 --- [    Test worker] org.hibernate.Version                    : HHH000412: Hibernate Core {5.2.17.Final}
2018-12-14 17:35:03.532  INFO 9212 --- [    Test worker] org.hibernate.cfg.Environment            : HHH000206: hibernate.properties not found
2018-12-14 17:35:03.595  INFO 9212 --- [    Test worker] o.hibernate.annotations.common.Version   : HCANN000001: Hibernate Commons Annotations {5.0.1.Final}
2018-12-14 17:35:03.860  INFO 9212 --- [    Test worker] org.hibernate.dialect.Dialect            : HHH000400: Using dialect: org.hibernate.dialect.SQLServer2012Dialect
2018-12-14 17:35:04.771  WARN 9212 --- [    Test worker] org.hibernate.mapping.RootClass          : HHH000038: Composite-id class does not override equals(): ags.goldenlionerp.application.itemstock.stocktransaction.StockTransactionPK
2018-12-14 17:35:04.771  WARN 9212 --- [    Test worker] org.hibernate.mapping.RootClass          : HHH000039: Composite-id class does not override hashCode(): ags.goldenlionerp.application.itemstock.stocktransaction.StockTransactionPK
2018-12-14 17:35:06.429  INFO 9212 --- [    Test worker] j.LocalContainerEntityManagerFactoryBean : Initialized JPA EntityManagerFactory for persistence unit 'default'
2018-12-14 17:35:08.236  INFO 9212 --- [    Test worker] o.h.h.i.QueryTranslatorFactoryInitiator  : HHH000397: Using ASTQueryTranslatorFactory
2018-12-14 17:35:09.694  WARN 9212 --- [    Test worker] .c.m.RepositoryCollectionResourceMapping : @RestResource detected to customize the repository resource for ags.goldenlionerp.application.accounting.accountledger.AccountingEntryRepository! Use @RepositoryRestResource instead!
Hibernate: select standarduo0_.ucuom as ucuom1_30_, standarduo0_.ucuomr as ucuomr2_30_, standarduo0_.uccid as uccid3_30_, standarduo0_.ucdtin as ucdtin4_30_, standarduo0_.uctmin as uctmin5_30_, standarduo0_.ucuid as ucuid6_30_, standarduo0_.ucdtlu as ucdtlu7_30_, standarduo0_.uctmlu as uctmlu8_30_, standarduo0_.ucuidm as ucuidm9_30_, standarduo0_.ucdtls as ucdtls10_30_, standarduo0_.uccnv as uccnv11_30_ from t41003 standarduo0_
2018-12-14 17:35:11.282  INFO 9212 --- [    Test worker] o.s.w.s.handler.SimpleUrlHandlerMapping  : Mapped URL path [/**/favicon.ico] onto handler of type [class org.springframework.web.servlet.resource.ResourceHttpRequestHandler]
2018-12-14 17:35:11.532  INFO 9212 --- [    Test worker] s.w.s.m.m.a.RequestMappingHandlerAdapter : Looking for @ControllerAdvice: org.springframework.web.context.support.GenericWebApplicationContext@453dc1a1: startup date [Fri Dec 14 17:34:58 ICT 2018]; root of context hierarchy
2018-12-14 17:35:11.610  WARN 9212 --- [    Test worker] aWebConfiguration$JpaWebMvcConfiguration : spring.jpa.open-in-view is enabled by default. Therefore, database queries may be performed during view rendering. Explicitly configure spring.jpa.open-in-view to disable this warning
2018-12-14 17:35:11.657  INFO 9212 --- [    Test worker] s.w.s.m.m.a.RequestMappingHandlerMapping : Mapped "{[/refresh],methods=[POST]}" onto public org.springframework.http.ResponseEntity<?> ags.goldenlionerp.util.refresh.RefreshController.refresh()
2018-12-14 17:35:11.673  INFO 9212 --- [    Test worker] s.w.s.m.m.a.RequestMappingHandlerMapping : Mapped "{[/api/journalEntries/{id}],methods=[GET]}" onto public org.springframework.hateoas.Resource<?> ags.goldenlionerp.application.accounting.accountledger.JournalEntryController.getSingle(javax.servlet.http.HttpServletRequest,java.lang.String,boolean)
2018-12-14 17:35:11.673  INFO 9212 --- [    Test worker] s.w.s.m.m.a.RequestMappingHandlerMapping : Mapped "{[/api/journalEntries/{id}],methods=[PATCH || PUT]}" onto public org.springframework.http.ResponseEntity<?> ags.goldenlionerp.application.accounting.accountledger.JournalEntryController.noUpdateAllowed()
2018-12-14 17:35:11.673  INFO 9212 --- [    Test worker] s.w.s.m.m.a.RequestMappingHandlerMapping : Mapped "{[/api/journalEntries/{id}],methods=[DELETE]}" onto public org.springframework.http.ResponseEntity<?> ags.goldenlionerp.application.accounting.accountledger.JournalEntryController.voidDocument(java.lang.String)
2018-12-14 17:35:11.673  INFO 9212 --- [    Test worker] s.w.s.m.m.a.RequestMappingHandlerMapping : Mapped "{[/api/journalEntries/],methods=[POST]}" onto public org.springframework.http.ResponseEntity<?> ags.goldenlionerp.application.accounting.accountledger.JournalEntryController.postJournal(ags.goldenlionerp.application.accounting.accountledger.JournalEntryRequest)
2018-12-14 17:35:11.673  INFO 9212 --- [    Test worker] s.w.s.m.m.a.RequestMappingHandlerMapping : Mapped "{[/vouchers/],methods=[POST]}" onto public org.springframework.http.ResponseEntity<?> ags.goldenlionerp.application.ap.voucher.PayableVoucherController.post(ags.goldenlionerp.application.ap.voucher.PayableVoucher,org.springframework.data.rest.webmvc.PersistentEntityResourceAssembler)
2018-12-14 17:35:11.673  INFO 9212 --- [    Test worker] s.w.s.m.m.a.RequestMappingHandlerMapping : Mapped "{[/vouchers/],methods=[GET]}" onto public org.springframework.hateoas.Resources<?> ags.goldenlionerp.application.ap.voucher.PayableVoucherController.getCollection(boolean,org.springframework.data.rest.webmvc.support.DefaultedPageable,org.springframework.data.domain.Sort,org.springframework.data.rest.webmvc.PersistentEntityResourceAssembler)
2018-12-14 17:35:11.688  INFO 9212 --- [    Test worker] s.w.s.m.m.a.RequestMappingHandlerMapping : Mapped "{[/vouchers/{id}],methods=[DELETE]}" onto public org.springframework.http.ResponseEntity<?> ags.goldenlionerp.application.ap.voucher.PayableVoucherController.voidInvoice(java.lang.String)
2018-12-14 17:35:11.688  INFO 9212 --- [    Test worker] s.w.s.m.m.a.RequestMappingHandlerMapping : Mapped "{[/vouchers/{id}],methods=[GET]}" onto public org.springframework.hateoas.Resource<?> ags.goldenlionerp.application.ap.voucher.PayableVoucherController.getSingle(java.lang.String,boolean,org.springframework.data.rest.webmvc.PersistentEntityResourceAssembler)
2018-12-14 17:35:11.688  INFO 9212 --- [    Test worker] s.w.s.m.m.a.RequestMappingHandlerMapping : Mapped "{[/vouchers/{id}],methods=[PATCH || PUT]}" onto public org.springframework.http.ResponseEntity<?> ags.goldenlionerp.application.ap.voucher.PayableVoucherController.noUpdateAllowed()
2018-12-14 17:35:11.688  INFO 9212 --- [    Test worker] s.w.s.m.m.a.RequestMappingHandlerMapping : Mapped "{[/invoices/],methods=[POST]}" onto public org.springframework.http.ResponseEntity<?> ags.goldenlionerp.application.ar.invoice.ReceivableInvoiceController.post(ags.goldenlionerp.application.ar.invoice.ReceivableInvoice,org.springframework.data.rest.webmvc.PersistentEntityResourceAssembler) throws java.net.URISyntaxException
2018-12-14 17:35:11.688  INFO 9212 --- [    Test worker] s.w.s.m.m.a.RequestMappingHandlerMapping : Mapped "{[/invoices/],methods=[GET]}" onto public org.springframework.hateoas.Resources<?> ags.goldenlionerp.application.ar.invoice.ReceivableInvoiceController.getCollection(boolean,org.springframework.data.rest.webmvc.support.DefaultedPageable,org.springframework.data.domain.Sort,org.springframework.data.rest.webmvc.PersistentEntityResourceAssembler)
2018-12-14 17:35:11.688  INFO 9212 --- [    Test worker] s.w.s.m.m.a.RequestMappingHandlerMapping : Mapped "{[/invoices/{id}],methods=[DELETE]}" onto public org.springframework.http.ResponseEntity<?> ags.goldenlionerp.application.ar.invoice.ReceivableInvoiceController.voidInvoice(java.lang.String)
2018-12-14 17:35:11.688  INFO 9212 --- [    Test worker] s.w.s.m.m.a.RequestMappingHandlerMapping : Mapped "{[/invoices/{id}],methods=[GET]}" onto public org.springframework.hateoas.Resource<?> ags.goldenlionerp.application.ar.invoice.ReceivableInvoiceController.getSingle(java.lang.String,boolean,org.springframework.data.rest.webmvc.PersistentEntityResourceAssembler)
2018-12-14 17:35:11.688  INFO 9212 --- [    Test worker] s.w.s.m.m.a.RequestMappingHandlerMapping : Mapped "{[/invoices/{id}],methods=[PATCH || PUT]}" onto public org.springframework.http.ResponseEntity<?> ags.goldenlionerp.application.ar.invoice.ReceivableInvoiceController.noUpdateAllowed()
2018-12-14 17:35:11.704  INFO 9212 --- [    Test worker] s.w.s.m.m.a.RequestMappingHandlerMapping : Mapped "{[/itemuomconvs/{id}],methods=[PUT]}" onto public org.springframework.http.ResponseEntity<?> ags.goldenlionerp.application.item.uomconversion.itemspecific.ItemUomConversionController.noPutAllowed()
2018-12-14 17:35:11.704  INFO 9212 --- [    Test worker] s.w.s.m.m.a.RequestMappingHandlerMapping : Mapped "{[/stduomconvs/{id}],methods=[PUT]}" onto public org.springframework.http.ResponseEntity<?> ags.goldenlionerp.application.item.uomconversion.standard.StandardUomConversionController.noPutAllowed()
2018-12-14 17:35:11.704  INFO 9212 --- [    Test worker] s.w.s.m.m.a.RequestMappingHandlerMapping : Mapped "{[/stockTransactions/{id}],methods=[GET]}" onto public org.springframework.hateoas.Resource<ags.goldenlionerp.application.itemstock.stocktransaction.StockTransactionHeader> ags.goldenlionerp.application.itemstock.stocktransaction.StockTransactionController.getItemTransaction(java.lang.String)
2018-12-14 17:35:11.704  INFO 9212 --- [    Test worker] s.w.s.m.m.a.RequestMappingHandlerMapping : Mapped "{[/purchaseReceipts],methods=[GET]}" onto public org.springframework.web.servlet.ModelAndView ags.goldenlionerp.application.purchase.PurchasePageController.purchaseReceiptsPage(java.lang.String)
2018-12-14 17:35:11.704  INFO 9212 --- [    Test worker] s.w.s.m.m.a.RequestMappingHandlerMapping : Mapped "{[/purchaseOrder],methods=[GET]}" onto public org.springframework.web.servlet.ModelAndView ags.goldenlionerp.application.purchase.PurchasePageController.purchaseOrderPage(java.lang.String)
2018-12-14 17:35:11.704  INFO 9212 --- [    Test worker] s.w.s.m.m.a.RequestMappingHandlerMapping : Mapped "{[/salesOrder],methods=[GET]}" onto public org.springframework.web.servlet.ModelAndView ags.goldenlionerp.application.sales.SalesPageController.purchaseOrderPage(java.lang.String)
2018-12-14 17:35:11.704  INFO 9212 --- [    Test worker] s.w.s.m.m.a.RequestMappingHandlerMapping : Mapped "{[/salesShipments],methods=[GET]}" onto public org.springframework.web.servlet.ModelAndView ags.goldenlionerp.application.sales.SalesPageController.salesShipmentPage(java.lang.String)
2018-12-14 17:35:11.704  INFO 9212 --- [    Test worker] s.w.s.m.m.a.RequestMappingHandlerMapping : Mapped "{[/salesShipments/{id}],methods=[PUT]}" onto public org.springframework.http.ResponseEntity<?> ags.goldenlionerp.application.sales.salesshipment.SalesShipmentController.put()
2018-12-14 17:35:11.719  INFO 9212 --- [    Test worker] s.w.s.m.m.a.RequestMappingHandlerMapping : Mapped "{[/salesShipments/{id}],methods=[DELETE]}" onto public org.springframework.http.ResponseEntity<?> ags.goldenlionerp.application.sales.salesshipment.SalesShipmentController.delete()
2018-12-14 17:35:11.719  INFO 9212 --- [    Test worker] s.w.s.m.m.a.RequestMappingHandlerMapping : Mapped "{[/salesShipments/],methods=[POST]}" onto public org.springframework.http.ResponseEntity<?> ags.goldenlionerp.application.sales.salesshipment.SalesShipmentController.post(ags.goldenlionerp.application.sales.salesshipment.SalesShipmentHeader,org.springframework.data.rest.webmvc.PersistentEntityResourceAssembler)
2018-12-14 17:35:11.719  INFO 9212 --- [    Test worker] s.w.s.m.m.a.RequestMappingHandlerMapping : Mapped "{[/salesShipments/{id}],methods=[PATCH]}" onto public org.springframework.http.ResponseEntity<?> ags.goldenlionerp.application.sales.salesshipment.SalesShipmentController.patch(java.lang.String,ags.goldenlionerp.application.sales.salesshipment.SalesShipmentHeader,org.springframework.data.rest.webmvc.PersistentEntityResourceAssembler)
2018-12-14 17:35:11.719  INFO 9212 --- [    Test worker] s.w.s.m.m.a.RequestMappingHandlerMapping : Mapped "{[/salesShipments/{id}],methods=[GET]}" onto public org.springframework.hateoas.Resource<ags.goldenlionerp.application.sales.salesshipment.SalesShipmentHeader> ags.goldenlionerp.application.sales.salesshipment.SalesShipmentController.getSalesShipment(java.lang.String,org.springframework.data.rest.webmvc.PersistentEntityResourceAssembler)
2018-12-14 17:35:11.719  INFO 9212 --- [    Test worker] s.w.s.m.m.a.RequestMappingHandlerMapping : Mapped "{[/ || /index || /home],methods=[GET]}" onto public java.lang.String ags.goldenlionerp.HomePageController.indexPage()
2018-12-14 17:35:11.735  INFO 9212 --- [    Test worker] s.w.s.m.m.a.RequestMappingHandlerMapping : Mapped "{[/error]}" onto public org.springframework.http.ResponseEntity<java.util.Map<java.lang.String, java.lang.Object>> org.springframework.boot.autoconfigure.web.servlet.error.BasicErrorController.error(javax.servlet.http.HttpServletRequest)
2018-12-14 17:35:11.735  INFO 9212 --- [    Test worker] s.w.s.m.m.a.RequestMappingHandlerMapping : Mapped "{[/error],produces=[text/html]}" onto public org.springframework.web.servlet.ModelAndView org.springframework.boot.autoconfigure.web.servlet.error.BasicErrorController.errorHtml(javax.servlet.http.HttpServletRequest,javax.servlet.http.HttpServletResponse)
2018-12-14 17:35:11.782  INFO 9212 --- [    Test worker] o.s.w.s.handler.SimpleUrlHandlerMapping  : Mapped URL path [/webjars/**] onto handler of type [class org.springframework.web.servlet.resource.ResourceHttpRequestHandler]
2018-12-14 17:35:11.782  INFO 9212 --- [    Test worker] o.s.w.s.handler.SimpleUrlHandlerMapping  : Mapped URL path [/**] onto handler of type [class org.springframework.web.servlet.resource.ResourceHttpRequestHandler]
2018-12-14 17:35:11.891  INFO 9212 --- [    Test worker] .m.m.a.ExceptionHandlerExceptionResolver : Detected @ExceptionHandler methods in repositoryRestExceptionHandler
2018-12-14 17:35:12.141  INFO 9212 --- [    Test worker] o.s.b.a.w.s.WelcomePageHandlerMapping    : Adding welcome page template: index
2018-12-14 17:35:12.251  INFO 9212 --- [    Test worker] o.s.d.r.w.RepositoryRestHandlerAdapter   : Looking for @ControllerAdvice: org.springframework.web.context.support.GenericWebApplicationContext@453dc1a1: startup date [Fri Dec 14 17:34:58 ICT 2018]; root of context hierarchy
2018-12-14 17:35:12.282  INFO 9212 --- [    Test worker] o.s.d.r.w.RepositoryRestHandlerMapping   : Mapped "{[/api/api/journalEntries/{id}],methods=[GET],produces=[application/hal+json || application/json]}" onto public org.springframework.hateoas.Resource<?> ags.goldenlionerp.application.accounting.accountledger.JournalEntryController.getSingle(javax.servlet.http.HttpServletRequest,java.lang.String,boolean)
2018-12-14 17:35:12.282  INFO 9212 --- [    Test worker] o.s.d.r.w.RepositoryRestHandlerMapping   : Mapped "{[/api/api/journalEntries/{id}],methods=[PATCH || PUT],produces=[application/hal+json || application/json]}" onto public org.springframework.http.ResponseEntity<?> ags.goldenlionerp.application.accounting.accountledger.JournalEntryController.noUpdateAllowed()
2018-12-14 17:35:12.282  INFO 9212 --- [    Test worker] o.s.d.r.w.RepositoryRestHandlerMapping   : Mapped "{[/api/api/journalEntries/{id}],methods=[DELETE],produces=[application/hal+json || application/json]}" onto public org.springframework.http.ResponseEntity<?> ags.goldenlionerp.application.accounting.accountledger.JournalEntryController.voidDocument(java.lang.String)
2018-12-14 17:35:12.282  INFO 9212 --- [    Test worker] o.s.d.r.w.RepositoryRestHandlerMapping   : Mapped "{[/api/api/journalEntries/],methods=[POST],produces=[application/hal+json || application/json]}" onto public org.springframework.http.ResponseEntity<?> ags.goldenlionerp.application.accounting.accountledger.JournalEntryController.postJournal(ags.goldenlionerp.application.accounting.accountledger.JournalEntryRequest)
2018-12-14 17:35:12.282  INFO 9212 --- [    Test worker] o.s.d.r.w.RepositoryRestHandlerMapping   : Mapped "{[/api/accountMasters/{id}],methods=[PUT],produces=[application/hal+json || application/json]}" onto public org.springframework.http.ResponseEntity<?> ags.goldenlionerp.application.accounting.accountmaster.AccountMasterController.noPutAllowed()
2018-12-14 17:35:12.282  INFO 9212 --- [    Test worker] o.s.d.r.w.RepositoryRestHandlerMapping   : Mapped "{[/api/chartOfAccounts/{id}],methods=[PUT],produces=[application/hal+json || application/json]}" onto public org.springframework.http.ResponseEntity<?> ags.goldenlionerp.application.accounting.chartofaccount.ChartOfAccountController.noPutAllowed()
2018-12-14 17:35:12.282  INFO 9212 --- [    Test worker] o.s.d.r.w.RepositoryRestHandlerMapping   : Mapped "{[/api/addresses/{id}],methods=[PATCH],produces=[application/hal+json || application/json]}" onto public ags.goldenlionerp.application.addresses.address.AddressBookMaster ags.goldenlionerp.application.addresses.address.AddressController.patch(java.lang.String,java.util.Map<java.lang.String, java.lang.Object>) throws java.lang.Exception
2018-12-14 17:35:12.282  INFO 9212 --- [    Test worker] o.s.d.r.w.RepositoryRestHandlerMapping   : Mapped "{[/api/addresses/{id}],methods=[PUT],produces=[application/hal+json || application/json]}" onto public org.springframework.http.ResponseEntity<?> ags.goldenlionerp.application.addresses.address.AddressController.noPutAllowed()
2018-12-14 17:35:12.282  INFO 9212 --- [    Test worker] o.s.d.r.w.RepositoryRestHandlerMapping   : Mapped "{[/api/addresses],methods=[POST],produces=[application/hal+json || application/json]}" onto public org.springframework.http.ResponseEntity<ags.goldenlionerp.application.addresses.address.AddressBookMaster> ags.goldenlionerp.application.addresses.address.AddressController.customCreate(ags.goldenlionerp.application.addresses.address.AddressBookMaster)
2018-12-14 17:35:12.282  INFO 9212 --- [    Test worker] o.s.d.r.w.RepositoryRestHandlerMapping   : Mapped "{[/api/bankAccounts/{id}],methods=[PUT],produces=[application/hal+json || application/json]}" onto public org.springframework.http.ResponseEntity<?> ags.goldenlionerp.application.addresses.bankaccount.BankAccountController.noPutAllowed()
2018-12-14 17:35:12.282  INFO 9212 --- [    Test worker] o.s.d.r.w.RepositoryRestHandlerMapping   : Mapped "{[/api/addresses/{id}/bankAccounts],methods=[POST],produces=[application/hal+json || application/json]}" onto public java.util.Collection<ags.goldenlionerp.application.addresses.bankaccount.BankAccount> ags.goldenlionerp.application.addresses.bankaccount.BankAccountController.massPost(java.lang.String,java.util.Collection<java.util.Map<java.lang.String, java.lang.Object>>)
2018-12-14 17:35:12.282  INFO 9212 --- [    Test worker] o.s.d.r.w.RepositoryRestHandlerMapping   : Mapped "{[/api/contacts/{id}],methods=[PUT],produces=[application/hal+json || application/json]}" onto public org.springframework.http.ResponseEntity<?> ags.goldenlionerp.application.addresses.contact.ContactPersonController.noPutAllowed()
2018-12-14 17:35:12.282  INFO 9212 --- [    Test worker] o.s.d.r.w.RepositoryRestHandlerMapping   : Mapped "{[/api/addresses/{id}/contacts],methods=[POST],produces=[application/hal+json || application/json]}" onto public java.util.Collection<ags.goldenlionerp.application.addresses.contact.ContactPerson> ags.goldenlionerp.application.addresses.contact.ContactPersonController.massPost(java.lang.String,java.util.Collection<java.util.Map<java.lang.String, java.lang.Object>>)
2018-12-14 17:35:12.282  INFO 9212 --- [    Test worker] o.s.d.r.w.RepositoryRestHandlerMapping   : Mapped "{[/api/phoneNumbers/{id}],methods=[PUT],produces=[application/hal+json || application/json]}" onto public org.springframework.http.ResponseEntity<?> ags.goldenlionerp.application.addresses.phone.PhoneNumberController.noPutAllowed()
2018-12-14 17:35:12.282  INFO 9212 --- [    Test worker] o.s.d.r.w.RepositoryRestHandlerMapping   : Mapped "{[/api/addresses/{id}/phoneNumbers],methods=[POST],produces=[application/hal+json || application/json]}" onto public java.util.Collection<ags.goldenlionerp.application.addresses.phone.PhoneNumber> ags.goldenlionerp.application.addresses.phone.PhoneNumberController.massPost(java.lang.String,java.util.Collection<java.util.Map<java.lang.String, java.lang.Object>>)
2018-12-14 17:35:12.282  INFO 9212 --- [    Test worker] o.s.d.r.w.RepositoryRestHandlerMapping   : Mapped "{[/api/accountPayableSettings/{id}],methods=[DELETE],produces=[application/hal+json || application/json]}" onto public org.springframework.http.ResponseEntity<?> ags.goldenlionerp.application.ap.setting.AccountPayableSettingController.delete()
2018-12-14 17:35:12.282  INFO 9212 --- [    Test worker] o.s.d.r.w.RepositoryRestHandlerMapping   : Mapped "{[/api/accountPayableSettings],methods=[POST],produces=[application/hal+json || application/json]}" onto public org.springframework.http.ResponseEntity<?> ags.goldenlionerp.application.ap.setting.AccountPayableSettingController.post()
2018-12-14 17:35:12.282  INFO 9212 --- [    Test worker] o.s.d.r.w.RepositoryRestHandlerMapping   : Mapped "{[/api/addresses/{id}/apSetting],methods=[GET],produces=[application/hal+json || application/json]}" onto public org.springframework.web.servlet.ModelAndView ags.goldenlionerp.application.ap.setting.AccountPayableSettingController.getAssociation(java.lang.String)
2018-12-14 17:35:12.297  INFO 9212 --- [    Test worker] o.s.d.r.w.RepositoryRestHandlerMapping   : Mapped "{[/api/vouchers/],methods=[POST],produces=[application/hal+json || application/json]}" onto public org.springframework.http.ResponseEntity<?> ags.goldenlionerp.application.ap.voucher.PayableVoucherController.post(ags.goldenlionerp.application.ap.voucher.PayableVoucher,org.springframework.data.rest.webmvc.PersistentEntityResourceAssembler)
2018-12-14 17:35:12.297  INFO 9212 --- [    Test worker] o.s.d.r.w.RepositoryRestHandlerMapping   : Mapped "{[/api/vouchers/],methods=[GET],produces=[application/hal+json || application/json]}" onto public org.springframework.hateoas.Resources<?> ags.goldenlionerp.application.ap.voucher.PayableVoucherController.getCollection(boolean,org.springframework.data.rest.webmvc.support.DefaultedPageable,org.springframework.data.domain.Sort,org.springframework.data.rest.webmvc.PersistentEntityResourceAssembler)
2018-12-14 17:35:12.297  INFO 9212 --- [    Test worker] o.s.d.r.w.RepositoryRestHandlerMapping   : Mapped "{[/api/vouchers/{id}],methods=[DELETE],produces=[application/hal+json || application/json]}" onto public org.springframework.http.ResponseEntity<?> ags.goldenlionerp.application.ap.voucher.PayableVoucherController.voidInvoice(java.lang.String)
2018-12-14 17:35:12.297  INFO 9212 --- [    Test worker] o.s.d.r.w.RepositoryRestHandlerMapping   : Mapped "{[/api/vouchers/{id}],methods=[GET],produces=[application/hal+json || application/json]}" onto public org.springframework.hateoas.Resource<?> ags.goldenlionerp.application.ap.voucher.PayableVoucherController.getSingle(java.lang.String,boolean,org.springframework.data.rest.webmvc.PersistentEntityResourceAssembler)
2018-12-14 17:35:12.297  INFO 9212 --- [    Test worker] o.s.d.r.w.RepositoryRestHandlerMapping   : Mapped "{[/api/vouchers/{id}],methods=[PATCH || PUT],produces=[application/hal+json || application/json]}" onto public org.springframework.http.ResponseEntity<?> ags.goldenlionerp.application.ap.voucher.PayableVoucherController.noUpdateAllowed()
2018-12-14 17:35:12.297  INFO 9212 --- [    Test worker] o.s.d.r.w.RepositoryRestHandlerMapping   : Mapped "{[/api/invoices/],methods=[POST],produces=[application/hal+json || application/json]}" onto public org.springframework.http.ResponseEntity<?> ags.goldenlionerp.application.ar.invoice.ReceivableInvoiceController.post(ags.goldenlionerp.application.ar.invoice.ReceivableInvoice,org.springframework.data.rest.webmvc.PersistentEntityResourceAssembler) throws java.net.URISyntaxException
2018-12-14 17:35:12.297  INFO 9212 --- [    Test worker] o.s.d.r.w.RepositoryRestHandlerMapping   : Mapped "{[/api/invoices/],methods=[GET],produces=[application/hal+json || application/json]}" onto public org.springframework.hateoas.Resources<?> ags.goldenlionerp.application.ar.invoice.ReceivableInvoiceController.getCollection(boolean,org.springframework.data.rest.webmvc.support.DefaultedPageable,org.springframework.data.domain.Sort,org.springframework.data.rest.webmvc.PersistentEntityResourceAssembler)
2018-12-14 17:35:12.297  INFO 9212 --- [    Test worker] o.s.d.r.w.RepositoryRestHandlerMapping   : Mapped "{[/api/invoices/{id}],methods=[DELETE],produces=[application/hal+json || application/json]}" onto public org.springframework.http.ResponseEntity<?> ags.goldenlionerp.application.ar.invoice.ReceivableInvoiceController.voidInvoice(java.lang.String)
2018-12-14 17:35:12.297  INFO 9212 --- [    Test worker] o.s.d.r.w.RepositoryRestHandlerMapping   : Mapped "{[/api/invoices/{id}],methods=[GET],produces=[application/hal+json || application/json]}" onto public org.springframework.hateoas.Resource<?> ags.goldenlionerp.application.ar.invoice.ReceivableInvoiceController.getSingle(java.lang.String,boolean,org.springframework.data.rest.webmvc.PersistentEntityResourceAssembler)
2018-12-14 17:35:12.297  INFO 9212 --- [    Test worker] o.s.d.r.w.RepositoryRestHandlerMapping   : Mapped "{[/api/invoices/{id}],methods=[PATCH || PUT],produces=[application/hal+json || application/json]}" onto public org.springframework.http.ResponseEntity<?> ags.goldenlionerp.application.ar.invoice.ReceivableInvoiceController.noUpdateAllowed()
2018-12-14 17:35:12.297  INFO 9212 --- [    Test worker] o.s.d.r.w.RepositoryRestHandlerMapping   : Mapped "{[/api/accountReceivableSettings/{id}],methods=[DELETE],produces=[application/hal+json || application/json]}" onto public org.springframework.http.ResponseEntity<?> ags.goldenlionerp.application.ar.setting.AccountReceivableSettingController.delete()
2018-12-14 17:35:12.297  INFO 9212 --- [    Test worker] o.s.d.r.w.RepositoryRestHandlerMapping   : Mapped "{[/api/addresses/{id}/arSetting],methods=[GET],produces=[application/hal+json || application/json]}" onto public org.springframework.web.servlet.ModelAndView ags.goldenlionerp.application.ar.setting.AccountReceivableSettingController.getAssociation(java.lang.String)
2018-12-14 17:35:12.297  INFO 9212 --- [    Test worker] o.s.d.r.w.RepositoryRestHandlerMapping   : Mapped "{[/api/accountReceivableSettings],methods=[POST],produces=[application/hal+json || application/json]}" onto public org.springframework.http.ResponseEntity<?> ags.goldenlionerp.application.ar.setting.AccountReceivableSettingController.postNotAllowed()
2018-12-14 17:35:12.297  INFO 9212 --- [    Test worker] o.s.d.r.w.RepositoryRestHandlerMapping   : Mapped "{[/api/dataCodes/{pc}/{sc}],methods=[GET],produces=[application/hal+json || application/json]}" onto public java.util.List<ags.goldenlionerp.application.datacode.DataCode> ags.goldenlionerp.application.datacode.DataCodeController.getByProductCodeAndSystemCode(java.lang.String,java.lang.String)
2018-12-14 17:35:12.297  INFO 9212 --- [    Test worker] o.s.d.r.w.RepositoryRestHandlerMapping   : Mapped "{[/api/itembranches/{id}],methods=[PUT],produces=[application/hal+json || application/json]}" onto public org.springframework.http.ResponseEntity<?> ags.goldenlionerp.application.item.itembranchinfo.ItemBranchInfoController.noPutAllowed()
2018-12-14 17:35:12.297  INFO 9212 --- [    Test worker] o.s.d.r.w.RepositoryRestHandlerMapping   : Mapped "{[/api/itemLocations/{id}],methods=[PUT],produces=[application/hal+json || application/json]}" onto public org.springframework.http.ResponseEntity<?> ags.goldenlionerp.application.item.itemLocation.ItemLocationController.noPutAllowed()
2018-12-14 17:35:12.313  INFO 9212 --- [    Test worker] o.s.d.r.w.RepositoryRestHandlerMapping   : Mapped "{[/api/items/{id}],methods=[PUT],produces=[application/hal+json || application/json]}" onto public org.springframework.http.ResponseEntity<?> ags.goldenlionerp.application.item.itemmaster.ItemMasterController.noPutAllowed()
2018-12-14 17:35:12.313  INFO 9212 --- [    Test worker] o.s.d.r.w.RepositoryRestHandlerMapping   : Mapped "{[/api/businessUnits/{id}/locations],methods=[PUT],produces=[application/hal+json || application/json]}" onto public org.springframework.http.ResponseEntity<?> ags.goldenlionerp.application.item.location.LocationController.putBusinessUnitLocations(java.lang.String,java.util.Collection<ags.goldenlionerp.application.item.location.LocationMaster>) throws java.lang.Exception
2018-12-14 17:35:12.313  INFO 9212 --- [    Test worker] o.s.d.r.w.RepositoryRestHandlerMapping   : Mapped "{[/api/locations/{id}],methods=[PUT],produces=[application/hal+json || application/json]}" onto public org.springframework.http.ResponseEntity<?> ags.goldenlionerp.application.item.location.LocationController.noPutAllowed()
2018-12-14 17:35:12.313  INFO 9212 --- [    Test worker] o.s.d.r.w.RepositoryRestHandlerMapping   : Mapped "{[/api/lots/{id}],methods=[PUT],produces=[application/hal+json || application/json]}" onto public org.springframework.http.ResponseEntity<?> ags.goldenlionerp.application.item.lotmaster.LotMasterController.noPutAllowed()
2018-12-14 17:35:12.313  INFO 9212 --- [    Test worker] o.s.d.r.w.RepositoryRestHandlerMapping   : Mapped "{[/api/itemuomconvs/{id}],methods=[PUT],produces=[application/hal+json || application/json]}" onto public org.springframework.http.ResponseEntity<?> ags.goldenlionerp.application.item.uomconversion.itemspecific.ItemUomConversionController.noPutAllowed()
2018-12-14 17:35:12.313  INFO 9212 --- [    Test worker] o.s.d.r.w.RepositoryRestHandlerMapping   : Mapped "{[/api/stduomconvs/{id}],methods=[PUT],produces=[application/hal+json || application/json]}" onto public org.springframework.http.ResponseEntity<?> ags.goldenlionerp.application.item.uomconversion.standard.StandardUomConversionController.noPutAllowed()
2018-12-14 17:35:12.313  INFO 9212 --- [    Test worker] o.s.d.r.w.RepositoryRestHandlerMapping   : Mapped "{[/api/stockTransactions/{id}],methods=[GET],produces=[application/hal+json || application/json]}" onto public org.springframework.hateoas.Resource<ags.goldenlionerp.application.itemstock.stocktransaction.StockTransactionHeader> ags.goldenlionerp.application.itemstock.stocktransaction.StockTransactionController.getItemTransaction(java.lang.String)
2018-12-14 17:35:12.313  INFO 9212 --- [    Test worker] o.s.d.r.w.RepositoryRestHandlerMapping   : Mapped "{[/api/purchaseOrders/{id}],methods=[DELETE],produces=[application/hal+json || application/json]}" onto public org.springframework.http.ResponseEntity<?> ags.goldenlionerp.application.purchase.purchaseorder.PurchaseOrderController.delete()
2018-12-14 17:35:12.313  INFO 9212 --- [    Test worker] o.s.d.r.w.RepositoryRestHandlerMapping   : Mapped "{[/api/purchaseOrders/{id}],methods=[PATCH],produces=[application/hal+json || application/json]}" onto public org.springframework.http.ResponseEntity<?> ags.goldenlionerp.application.purchase.purchaseorder.PurchaseOrderController.updatePurchaseOrder(java.lang.String,ags.goldenlionerp.application.purchase.purchaseorder.PurchaseOrder,org.springframework.data.rest.webmvc.PersistentEntityResourceAssembler)
2018-12-14 17:35:12.313  INFO 9212 --- [    Test worker] o.s.d.r.w.RepositoryRestHandlerMapping   : Mapped "{[/api/purchaseOrders],methods=[POST],produces=[application/hal+json || application/json]}" onto public org.springframework.http.ResponseEntity<?> ags.goldenlionerp.application.purchase.purchaseorder.PurchaseOrderController.createNewPurchaseOrder(ags.goldenlionerp.application.purchase.purchaseorder.PurchaseOrder,org.springframework.data.rest.webmvc.PersistentEntityResourceAssembler)
2018-12-14 17:35:12.313  INFO 9212 --- [    Test worker] o.s.d.r.w.RepositoryRestHandlerMapping   : Mapped "{[/api/purchaseOrders/{id}],methods=[PUT],produces=[application/hal+json || application/json]}" onto public org.springframework.http.ResponseEntity<?> ags.goldenlionerp.application.purchase.purchaseorder.PurchaseOrderController.noUpdateAllowed()
2018-12-14 17:35:12.313  INFO 9212 --- [    Test worker] o.s.d.r.w.RepositoryRestHandlerMapping   : Mapped "{[/api/purchaseReceipts],methods=[POST],produces=[application/hal+json || application/json]}" onto public org.springframework.http.ResponseEntity<?> ags.goldenlionerp.application.purchase.purchasereceipt.PurchaseReceiptController.post(ags.goldenlionerp.application.purchase.purchasereceipt.PurchaseReceiptHeader,org.springframework.data.rest.webmvc.PersistentEntityResourceAssembler)
2018-12-14 17:35:12.313  INFO 9212 --- [    Test worker] o.s.d.r.w.RepositoryRestHandlerMapping   : Mapped "{[/api/purchaseReceipts/{id}],methods=[PATCH],produces=[application/hal+json || application/json]}" onto public org.springframework.http.ResponseEntity<?> ags.goldenlionerp.application.purchase.purchasereceipt.PurchaseReceiptController.patch(java.lang.String,ags.goldenlionerp.application.purchase.purchasereceipt.PurchaseReceiptHeader,org.springframework.data.rest.webmvc.PersistentEntityResourceAssembler)
2018-12-14 17:35:12.313  INFO 9212 --- [    Test worker] o.s.d.r.w.RepositoryRestHandlerMapping   : Mapped "{[/api/purchaseReceipts/{id}],methods=[GET],produces=[application/hal+json || application/json]}" onto public org.springframework.hateoas.Resource<ags.goldenlionerp.application.purchase.purchasereceipt.PurchaseReceiptHeader> ags.goldenlionerp.application.purchase.purchasereceipt.PurchaseReceiptController.getPurchaseReceipt(java.lang.String,org.springframework.data.rest.webmvc.PersistentEntityResourceAssembler)
2018-12-14 17:35:12.313  INFO 9212 --- [    Test worker] o.s.d.r.w.RepositoryRestHandlerMapping   : Mapped "{[/api/purchaseReceipts/{id}/sameReceipt],methods=[GET],produces=[application/hal+json || application/json]}" onto public org.springframework.hateoas.Resources<org.springframework.data.rest.webmvc.PersistentEntityResource> ags.goldenlionerp.application.purchase.purchasereceipt.PurchaseReceiptController.getReceiptsInSameBatch(java.lang.String,org.springframework.data.rest.webmvc.PersistentEntityResourceAssembler)
2018-12-14 17:35:12.313  INFO 9212 --- [    Test worker] o.s.d.r.w.RepositoryRestHandlerMapping   : Mapped "{[/api/purchaseReceipts/{id}],methods=[DELETE],produces=[application/hal+json || application/json]}" onto public org.springframework.http.ResponseEntity<?> ags.goldenlionerp.application.purchase.purchasereceipt.PurchaseReceiptController.deleteNotAllowed()
2018-12-14 17:35:12.313  INFO 9212 --- [    Test worker] o.s.d.r.w.RepositoryRestHandlerMapping   : Mapped "{[/api/purchaseReceipts/{id}],methods=[PUT],produces=[application/hal+json || application/json]}" onto public org.springframework.http.ResponseEntity<?> ags.goldenlionerp.application.purchase.purchasereceipt.PurchaseReceiptController.putNotAllowed()
2018-12-14 17:35:12.329  INFO 9212 --- [    Test worker] o.s.d.r.w.RepositoryRestHandlerMapping   : Mapped "{[/api/salesOrders/{id}],methods=[DELETE],produces=[application/hal+json || application/json]}" onto public org.springframework.http.ResponseEntity<?> ags.goldenlionerp.application.sales.salesorder.SalesOrderController.delete()
2018-12-14 17:35:12.329  INFO 9212 --- [    Test worker] o.s.d.r.w.RepositoryRestHandlerMapping   : Mapped "{[/api/salesOrders],methods=[POST],produces=[application/hal+json || application/json]}" onto public org.springframework.http.ResponseEntity<?> ags.goldenlionerp.application.sales.salesorder.SalesOrderController.createNewPurchaseOrder(ags.goldenlionerp.application.sales.salesorder.SalesOrder,org.springframework.data.rest.webmvc.PersistentEntityResourceAssembler)
2018-12-14 17:35:12.329  INFO 9212 --- [    Test worker] o.s.d.r.w.RepositoryRestHandlerMapping   : Mapped "{[/api/salesOrders/{id}],methods=[PATCH],produces=[application/hal+json || application/json]}" onto public org.springframework.http.ResponseEntity<?> ags.goldenlionerp.application.sales.salesorder.SalesOrderController.updateSalesOrder(java.lang.String,ags.goldenlionerp.application.sales.salesorder.SalesOrder,org.springframework.data.rest.webmvc.PersistentEntityResourceAssembler)
2018-12-14 17:35:12.329  INFO 9212 --- [    Test worker] o.s.d.r.w.RepositoryRestHandlerMapping   : Mapped "{[/api/salesOrders/{id}],methods=[PUT],produces=[application/hal+json || application/json]}" onto public org.springframework.http.ResponseEntity<?> ags.goldenlionerp.application.sales.salesorder.SalesOrderController.noUpdateAllowed()
2018-12-14 17:35:12.329  INFO 9212 --- [    Test worker] o.s.d.r.w.RepositoryRestHandlerMapping   : Mapped "{[/api/salesShipments/{id}],methods=[PUT],produces=[application/hal+json || application/json]}" onto public org.springframework.http.ResponseEntity<?> ags.goldenlionerp.application.sales.salesshipment.SalesShipmentController.put()
2018-12-14 17:35:12.329  INFO 9212 --- [    Test worker] o.s.d.r.w.RepositoryRestHandlerMapping   : Mapped "{[/api/salesShipments/{id}],methods=[DELETE],produces=[application/hal+json || application/json]}" onto public org.springframework.http.ResponseEntity<?> ags.goldenlionerp.application.sales.salesshipment.SalesShipmentController.delete()
2018-12-14 17:35:12.329  INFO 9212 --- [    Test worker] o.s.d.r.w.RepositoryRestHandlerMapping   : Mapped "{[/api/salesShipments/],methods=[POST],produces=[application/hal+json || application/json]}" onto public org.springframework.http.ResponseEntity<?> ags.goldenlionerp.application.sales.salesshipment.SalesShipmentController.post(ags.goldenlionerp.application.sales.salesshipment.SalesShipmentHeader,org.springframework.data.rest.webmvc.PersistentEntityResourceAssembler)
2018-12-14 17:35:12.329  INFO 9212 --- [    Test worker] o.s.d.r.w.RepositoryRestHandlerMapping   : Mapped "{[/api/salesShipments/{id}],methods=[PATCH],produces=[application/hal+json || application/json]}" onto public org.springframework.http.ResponseEntity<?> ags.goldenlionerp.application.sales.salesshipment.SalesShipmentController.patch(java.lang.String,ags.goldenlionerp.application.sales.salesshipment.SalesShipmentHeader,org.springframework.data.rest.webmvc.PersistentEntityResourceAssembler)
2018-12-14 17:35:12.329  INFO 9212 --- [    Test worker] o.s.d.r.w.RepositoryRestHandlerMapping   : Mapped "{[/api/salesShipments/{id}],methods=[GET],produces=[application/hal+json || application/json]}" onto public org.springframework.hateoas.Resource<ags.goldenlionerp.application.sales.salesshipment.SalesShipmentHeader> ags.goldenlionerp.application.sales.salesshipment.SalesShipmentController.getSalesShipment(java.lang.String,org.springframework.data.rest.webmvc.PersistentEntityResourceAssembler)
2018-12-14 17:35:12.329  INFO 9212 --- [    Test worker] o.s.d.r.w.RepositoryRestHandlerMapping   : Mapped "{[/api/aai/{id}],methods=[PUT],produces=[application/hal+json || application/json]}" onto public org.springframework.http.ResponseEntity<?> ags.goldenlionerp.application.setups.aai.AAIController.noPutAllowed()
2018-12-14 17:35:12.329  INFO 9212 --- [    Test worker] o.s.d.r.w.RepositoryRestHandlerMapping   : Mapped "{[/api/businessUnits/{id}/configuration],methods=[PUT],consumes=[application/json],produces=[application/hal+json || application/json]}" onto public org.springframework.http.ResponseEntity<?> ags.goldenlionerp.application.setups.branchplantconstant.BranchPlantConstantController.createWithPutOnAssociation(java.lang.String,ags.goldenlionerp.application.setups.branchplantconstant.BranchPlantConstant)
2018-12-14 17:35:12.329  INFO 9212 --- [    Test worker] o.s.d.r.w.RepositoryRestHandlerMapping   : Mapped "{[/api/businessUnits/],methods=[POST],consumes=[application/json],produces=[application/hal+json || application/json]}" onto public org.springframework.http.ResponseEntity<?> ags.goldenlionerp.application.setups.businessunit.BusinessUnitController.createBusinessUnit(ags.goldenlionerp.application.setups.businessunit.BusinessUnit)
2018-12-14 17:35:12.329  INFO 9212 --- [    Test worker] o.s.d.r.w.RepositoryRestHandlerMapping   : Mapped "{[/api/businessUnits/{id}],methods=[PUT],produces=[application/hal+json || application/json]}" onto public org.springframework.http.ResponseEntity<?> ags.goldenlionerp.application.setups.businessunit.BusinessUnitController.noPutAllowed()
2018-12-14 17:35:12.329  INFO 9212 --- [    Test worker] o.s.d.r.w.RepositoryRestHandlerMapping   : Mapped "{[/api/companies/{companyId}],methods=[PUT],produces=[application/hal+json || application/json]}" onto public org.springframework.http.ResponseEntity<?> ags.goldenlionerp.application.setups.company.CompanyController.noPutAllowed(java.lang.String)
2018-12-14 17:35:12.329  INFO 9212 --- [    Test worker] o.s.d.r.w.RepositoryRestHandlerMapping   : Mapped "{[/api/companies],methods=[POST],consumes=[application/json],produces=[application/hal+json || application/json]}" onto public org.springframework.http.ResponseEntity<?> ags.goldenlionerp.application.setups.company.CompanyController.checkPost(ags.goldenlionerp.application.setups.company.Company)
2018-12-14 17:35:12.329  INFO 9212 --- [    Test worker] o.s.d.r.w.RepositoryRestHandlerMapping   : Mapped "{[/api/currencyConversions/{id}],methods=[PUT],produces=[application/hal+json || application/json]}" onto public org.springframework.http.ResponseEntity<?> ags.goldenlionerp.application.setups.currencyconversion.CurrencyConversionController.noPutAllowed()
2018-12-14 17:35:12.329  INFO 9212 --- [    Test worker] o.s.d.r.w.RepositoryRestHandlerMapping   : Mapped "{[/api/discounts/{id}/calculate],methods=[GET],produces=[application/hal+json || application/json]}" onto public ags.goldenlionerp.application.setups.discount.DiscountCalculationResult ags.goldenlionerp.application.setups.discount.DiscountController.calculateDiscount(java.lang.String,java.math.BigDecimal)
2018-12-14 17:35:12.329  INFO 9212 --- [    Test worker] o.s.d.r.w.RepositoryRestHandlerMapping   : Mapped "{[/api/discounts/{id}],methods=[PUT],produces=[application/hal+json || application/json]}" onto public org.springframework.http.ResponseEntity<?> ags.goldenlionerp.application.setups.discount.DiscountController.noPutAllowed()
2018-12-14 17:35:12.344  INFO 9212 --- [    Test worker] o.s.d.r.w.RepositoryRestHandlerMapping   : Mapped "{[/api/dmaaiDetails/{id}],methods=[PUT],produces=[application/hal+json || application/json]}" onto public org.springframework.http.ResponseEntity<?> ags.goldenlionerp.application.setups.dmaai.DMAAIController.noPutAllowedDetail()
2018-12-14 17:35:12.344  INFO 9212 --- [    Test worker] o.s.d.r.w.RepositoryRestHandlerMapping   : Mapped "{[/api/dmaai/{id}],methods=[PUT],produces=[application/hal+json || application/json]}" onto public org.springframework.http.ResponseEntity<?> ags.goldenlionerp.application.setups.dmaai.DMAAIController.noPutAllowed()
2018-12-14 17:35:12.344  INFO 9212 --- [    Test worker] o.s.d.r.w.RepositoryRestHandlerMapping   : Mapped "{[/api/dmaai/{headerId}/details],methods=[POST],produces=[application/hal+json || application/json]}" onto public org.springframework.http.ResponseEntity<?> ags.goldenlionerp.application.setups.dmaai.DMAAIController.postDetails(int,java.util.List<java.util.Map<java.lang.String, java.lang.Object>>)
2018-12-14 17:35:12.344  INFO 9212 --- [    Test worker] o.s.d.r.w.RepositoryRestHandlerMapping   : Mapped "{[/api/dmaai/{headerId}],methods=[DELETE],produces=[application/hal+json || application/json]}" onto public org.springframework.http.ResponseEntity<?> ags.goldenlionerp.application.setups.dmaai.DMAAIController.deleteHeader(int)
2018-12-14 17:35:12.344  INFO 9212 --- [    Test worker] o.s.d.r.w.RepositoryRestHandlerMapping   : Mapped "{[/api/fiscalYears/{id}],methods=[PUT],produces=[application/hal+json || application/json]}" onto public org.springframework.http.ResponseEntity<?> ags.goldenlionerp.application.setups.fiscalyear.FiscalYearController.noPutAllowed()
2018-12-14 17:35:12.344  INFO 9212 --- [    Test worker] o.s.d.r.w.RepositoryRestHandlerMapping   : Mapped "{[/api/fiscalYears/{id}/extend],methods=[POST],produces=[application/hal+json || application/json]}" onto public org.springframework.http.ResponseEntity<?> ags.goldenlionerp.application.setups.fiscalyear.FiscalYearController.extend(java.lang.String,org.springframework.data.rest.webmvc.PersistentEntityResourceAssembler)
2018-12-14 17:35:12.344  INFO 9212 --- [    Test worker] o.s.d.r.w.RepositoryRestHandlerMapping   : Mapped "{[/api/generalConstant],methods=[GET],produces=[application/hal+json || application/json]}" onto public org.springframework.http.ResponseEntity<org.springframework.hateoas.Resource<?>> ags.goldenlionerp.application.setups.generalconstant.GeneralConstantController.get(org.springframework.data.rest.webmvc.PersistentEntityResourceAssembler)
2018-12-14 17:35:12.344  INFO 9212 --- [    Test worker] o.s.d.r.w.RepositoryRestHandlerMapping   : Mapped "{[/api/generalConstant/{id} || /api/generalConstant],methods=[PUT],produces=[application/hal+json || application/json]}" onto public org.springframework.http.ResponseEntity<?> ags.goldenlionerp.application.setups.generalconstant.GeneralConstantController.put()
2018-12-14 17:35:12.344  INFO 9212 --- [    Test worker] o.s.d.r.w.RepositoryRestHandlerMapping   : Mapped "{[/api/generalConstant/{id} || /api/generalConstant],methods=[DELETE],produces=[application/hal+json || application/json]}" onto public org.springframework.http.ResponseEntity<?> ags.goldenlionerp.application.setups.generalconstant.GeneralConstantController.delete()
2018-12-14 17:35:12.344  INFO 9212 --- [    Test worker] o.s.d.r.w.RepositoryRestHandlerMapping   : Mapped "{[/api/generalConstant],methods=[POST],produces=[application/hal+json || application/json]}" onto public org.springframework.http.ResponseEntity<?> ags.goldenlionerp.application.setups.generalconstant.GeneralConstantController.post()
2018-12-14 17:35:12.344  INFO 9212 --- [    Test worker] o.s.d.r.w.RepositoryRestHandlerMapping   : Mapped "{[/api/generalConstant],methods=[PATCH],produces=[application/hal+json || application/json]}" onto public org.springframework.web.servlet.ModelAndView ags.goldenlionerp.application.setups.generalconstant.GeneralConstantController.patch(org.springframework.ui.ModelMap) throws java.lang.IllegalAccessException,java.lang.IllegalArgumentException,java.lang.reflect.InvocationTargetException,java.beans.IntrospectionException
2018-12-14 17:35:12.344  INFO 9212 --- [    Test worker] o.s.d.r.w.RepositoryRestHandlerMapping   : Mapped "{[/api/holidays/{id}],methods=[PUT],produces=[application/hal+json || application/json]}" onto public org.springframework.http.ResponseEntity<?> ags.goldenlionerp.application.setups.holiday.HolidayController.noPutAllowed()
2018-12-14 17:35:12.344  INFO 9212 --- [    Test worker] o.s.d.r.w.RepositoryRestHandlerMapping   : Mapped "{[/api/nextNumbers/{id}],methods=[PUT],produces=[application/hal+json || application/json]}" onto public org.springframework.http.ResponseEntity<?> ags.goldenlionerp.application.setups.nextnumber.NextNumberController.noPutAllowed()
2018-12-14 17:35:12.344  INFO 9212 --- [    Test worker] o.s.d.r.w.RepositoryRestHandlerMapping   : Mapped "{[/api/nextNumberConstants/{id}],methods=[PUT],produces=[application/hal+json || application/json]}" onto public org.springframework.http.ResponseEntity<?> ags.goldenlionerp.application.setups.nextnumberconstant.NextNumberConstantController.noPutAllowed()
2018-12-14 17:35:12.344  INFO 9212 --- [    Test worker] o.s.d.r.w.RepositoryRestHandlerMapping   : Mapped "{[/api/paymentTerms/{id}],methods=[PUT],produces=[application/hal+json || application/json]}" onto public org.springframework.http.ResponseEntity<?> ags.goldenlionerp.application.setups.paymentterm.PaymentTermController.noPutAllowed()
2018-12-14 17:35:12.344  INFO 9212 --- [    Test worker] o.s.d.r.w.RepositoryRestHandlerMapping   : Mapped "{[/api/taxRules/{id}],methods=[PUT],produces=[application/hal+json || application/json]}" onto public org.springframework.http.ResponseEntity<?> ags.goldenlionerp.application.setups.taxcode.TaxRuleController.noPutAllowed()
2018-12-14 17:35:12.344  INFO 9212 --- [    Test worker] o.s.d.r.w.RepositoryRestHandlerMapping   : Mapped "{[/api/taxRules/{id}],methods=[GET],produces=[application/hal+json || application/json]}" onto public org.springframework.hateoas.Resource<?> ags.goldenlionerp.application.setups.taxcode.TaxRuleController.getActiveRule(java.lang.String,org.springframework.data.rest.webmvc.PersistentEntityResourceAssembler)
2018-12-14 17:35:12.344  INFO 9212 --- [    Test worker] o.s.d.r.w.RepositoryRestHandlerMapping   : Mapped "{[/api/users/],methods=[POST],produces=[application/hal+json || application/json]}" onto public org.springframework.http.ResponseEntity<?> ags.goldenlionerp.application.system.user.UserController.post(java.util.Map<java.lang.String, java.lang.Object>) throws java.lang.Exception
2018-12-14 17:35:12.344  INFO 9212 --- [    Test worker] o.s.d.r.w.RepositoryRestHandlerMapping   : Mapped "{[/api/users/{id}],methods=[PATCH],produces=[application/hal+json || application/json]}" onto public org.springframework.http.ResponseEntity<?> ags.goldenlionerp.application.system.user.UserController.patch(java.lang.String,java.util.Map<java.lang.String, java.lang.Object>)
2018-12-14 17:35:12.344  INFO 9212 --- [    Test worker] o.s.d.r.w.RepositoryRestHandlerMapping   : Mapped "{[/api/users/{id}],methods=[PUT],produces=[application/hal+json || application/json]}" onto public org.springframework.http.ResponseEntity<?> ags.goldenlionerp.application.system.user.UserController.noPutAllowed()
2018-12-14 17:35:12.344  INFO 9212 --- [    Test worker] o.s.d.r.w.RepositoryRestHandlerMapping   : Mapped "{[/api/userGroups/{id}],methods=[PUT],produces=[application/hal+json || application/json]}" onto public org.springframework.http.ResponseEntity<?> ags.goldenlionerp.application.system.user.UserController.noPutAllowedGr()
2018-12-14 17:35:12.344  INFO 9212 --- [    Test worker] o.s.d.r.w.RepositoryRestHandlerMapping   : Mapped "{[/api/users/{id}/password],methods=[POST || PUT || PATCH],produces=[application/hal+json || application/json]}" onto public org.springframework.http.ResponseEntity<?> ags.goldenlionerp.application.system.user.UserController.changePassword(java.lang.String,java.util.Map<java.lang.String, java.lang.Object>)
2018-12-14 17:35:12.344  INFO 9212 --- [    Test worker] o.s.d.r.w.RepositoryRestHandlerMapping   : Mapped "{[/api/userGroups/],methods=[POST],produces=[application/hal+json || application/json]}" onto public org.springframework.http.ResponseEntity<?> ags.goldenlionerp.application.system.user.UserController.postGr(java.util.Map<java.lang.String, java.lang.Object>) throws java.lang.Exception
2018-12-14 17:35:12.344  INFO 9212 --- [    Test worker] o.s.d.r.w.RepositoryRestHandlerMapping   : Mapped "{[/api/userGroups/{id}],methods=[PATCH],produces=[application/hal+json || application/json]}" onto public org.springframework.http.ResponseEntity<?> ags.goldenlionerp.application.system.user.UserController.patchGr(java.lang.String,java.util.Map<java.lang.String, java.lang.Object>)
2018-12-14 17:35:12.344  INFO 9212 --- [    Test worker] o.s.d.r.w.RepositoryRestHandlerMapping   : Mapped "{[/api/{repository}/{id}],methods=[GET],produces=[application/hal+json || application/json]}" onto public org.springframework.http.ResponseEntity<org.springframework.hateoas.Resource<?>> org.springframework.data.rest.webmvc.RepositoryEntityController.getItemResource(org.springframework.data.rest.webmvc.RootResourceInformation,java.io.Serializable,org.springframework.data.rest.webmvc.PersistentEntityResourceAssembler,org.springframework.http.HttpHeaders) throws org.springframework.web.HttpRequestMethodNotSupportedException
2018-12-14 17:35:12.360  INFO 9212 --- [    Test worker] o.s.d.r.w.RepositoryRestHandlerMapping   : Mapped "{[/api/{repository}/{id}],methods=[PUT],produces=[application/hal+json || application/json]}" onto public org.springframework.http.ResponseEntity<? extends org.springframework.hateoas.ResourceSupport> org.springframework.data.rest.webmvc.RepositoryEntityController.putItemResource(org.springframework.data.rest.webmvc.RootResourceInformation,org.springframework.data.rest.webmvc.PersistentEntityResource,java.io.Serializable,org.springframework.data.rest.webmvc.PersistentEntityResourceAssembler,org.springframework.data.rest.webmvc.support.ETag,java.lang.String) throws org.springframework.web.HttpRequestMethodNotSupportedException
2018-12-14 17:35:12.360  INFO 9212 --- [    Test worker] o.s.d.r.w.RepositoryRestHandlerMapping   : Mapped "{[/api/{repository}],methods=[GET],produces=[application/hal+json || application/json]}" onto public org.springframework.hateoas.Resources<?> org.springframework.data.rest.webmvc.RepositoryEntityController.getCollectionResource(org.springframework.data.rest.webmvc.RootResourceInformation,org.springframework.data.rest.webmvc.support.DefaultedPageable,org.springframework.data.domain.Sort,org.springframework.data.rest.webmvc.PersistentEntityResourceAssembler) throws org.springframework.data.rest.webmvc.ResourceNotFoundException,org.springframework.web.HttpRequestMethodNotSupportedException
2018-12-14 17:35:12.360  INFO 9212 --- [    Test worker] o.s.d.r.w.RepositoryRestHandlerMapping   : Mapped "{[/api/{repository}],methods=[HEAD],produces=[application/hal+json || application/json]}" onto public org.springframework.http.ResponseEntity<?> org.springframework.data.rest.webmvc.RepositoryEntityController.headCollectionResource(org.springframework.data.rest.webmvc.RootResourceInformation,org.springframework.data.rest.webmvc.support.DefaultedPageable) throws org.springframework.web.HttpRequestMethodNotSupportedException
2018-12-14 17:35:12.360  INFO 9212 --- [    Test worker] o.s.d.r.w.RepositoryRestHandlerMapping   : Mapped "{[/api/{repository}/{id}],methods=[PATCH],produces=[application/hal+json || application/json]}" onto public org.springframework.http.ResponseEntity<org.springframework.hateoas.ResourceSupport> org.springframework.data.rest.webmvc.RepositoryEntityController.patchItemResource(org.springframework.data.rest.webmvc.RootResourceInformation,org.springframework.data.rest.webmvc.PersistentEntityResource,java.io.Serializable,org.springframework.data.rest.webmvc.PersistentEntityResourceAssembler,org.springframework.data.rest.webmvc.support.ETag,java.lang.String) throws org.springframework.web.HttpRequestMethodNotSupportedException,org.springframework.data.rest.webmvc.ResourceNotFoundException
2018-12-14 17:35:12.360  INFO 9212 --- [    Test worker] o.s.d.r.w.RepositoryRestHandlerMapping   : Mapped "{[/api/{repository}],methods=[POST],produces=[application/hal+json || application/json]}" onto public org.springframework.http.ResponseEntity<org.springframework.hateoas.ResourceSupport> org.springframework.data.rest.webmvc.RepositoryEntityController.postCollectionResource(org.springframework.data.rest.webmvc.RootResourceInformation,org.springframework.data.rest.webmvc.PersistentEntityResource,org.springframework.data.rest.webmvc.PersistentEntityResourceAssembler,java.lang.String) throws org.springframework.web.HttpRequestMethodNotSupportedException
2018-12-14 17:35:12.360  INFO 9212 --- [    Test worker] o.s.d.r.w.RepositoryRestHandlerMapping   : Mapped "{[/api/{repository}],methods=[OPTIONS],produces=[application/hal+json || application/json]}" onto public org.springframework.http.ResponseEntity<?> org.springframework.data.rest.webmvc.RepositoryEntityController.optionsForCollectionResource(org.springframework.data.rest.webmvc.RootResourceInformation)
2018-12-14 17:35:12.360  INFO 9212 --- [    Test worker] o.s.d.r.w.RepositoryRestHandlerMapping   : Mapped "{[/api/{repository}/{id}],methods=[OPTIONS],produces=[application/hal+json || application/json]}" onto public org.springframework.http.ResponseEntity<?> org.springframework.data.rest.webmvc.RepositoryEntityController.optionsForItemResource(org.springframework.data.rest.webmvc.RootResourceInformation)
2018-12-14 17:35:12.360  INFO 9212 --- [    Test worker] o.s.d.r.w.RepositoryRestHandlerMapping   : Mapped "{[/api/{repository}],methods=[GET],produces=[application/x-spring-data-compact+json || text/uri-list]}" onto public org.springframework.hateoas.Resources<?> org.springframework.data.rest.webmvc.RepositoryEntityController.getCollectionResourceCompact(org.springframework.data.rest.webmvc.RootResourceInformation,org.springframework.data.rest.webmvc.support.DefaultedPageable,org.springframework.data.domain.Sort,org.springframework.data.rest.webmvc.PersistentEntityResourceAssembler) throws org.springframework.data.rest.webmvc.ResourceNotFoundException,org.springframework.web.HttpRequestMethodNotSupportedException
2018-12-14 17:35:12.360  INFO 9212 --- [    Test worker] o.s.d.r.w.RepositoryRestHandlerMapping   : Mapped "{[/api/{repository}/{id}],methods=[DELETE],produces=[application/hal+json || application/json]}" onto public org.springframework.http.ResponseEntity<?> org.springframework.data.rest.webmvc.RepositoryEntityController.deleteItemResource(org.springframework.data.rest.webmvc.RootResourceInformation,java.io.Serializable,org.springframework.data.rest.webmvc.support.ETag) throws org.springframework.data.rest.webmvc.ResourceNotFoundException,org.springframework.web.HttpRequestMethodNotSupportedException
2018-12-14 17:35:12.360  INFO 9212 --- [    Test worker] o.s.d.r.w.RepositoryRestHandlerMapping   : Mapped "{[/api/{repository}/{id}],methods=[HEAD],produces=[application/hal+json || application/json]}" onto public org.springframework.http.ResponseEntity<?> org.springframework.data.rest.webmvc.RepositoryEntityController.headForItemResource(org.springframework.data.rest.webmvc.RootResourceInformation,java.io.Serializable,org.springframework.data.rest.webmvc.PersistentEntityResourceAssembler) throws org.springframework.web.HttpRequestMethodNotSupportedException
2018-12-14 17:35:12.360  INFO 9212 --- [    Test worker] o.s.d.r.w.RepositoryRestHandlerMapping   : Mapped "{[/api/{repository}/search],methods=[GET],produces=[application/hal+json || application/json]}" onto public org.springframework.data.rest.webmvc.RepositorySearchesResource org.springframework.data.rest.webmvc.RepositorySearchController.listSearches(org.springframework.data.rest.webmvc.RootResourceInformation)
2018-12-14 17:35:12.360  INFO 9212 --- [    Test worker] o.s.d.r.w.RepositoryRestHandlerMapping   : Mapped "{[/api/{repository}/search/{search}],methods=[GET],produces=[application/hal+json || application/json]}" onto public org.springframework.http.ResponseEntity<?> org.springframework.data.rest.webmvc.RepositorySearchController.executeSearch(org.springframework.data.rest.webmvc.RootResourceInformation,org.springframework.util.MultiValueMap<java.lang.String, java.lang.Object>,java.lang.String,org.springframework.data.rest.webmvc.support.DefaultedPageable,org.springframework.data.domain.Sort,org.springframework.data.rest.webmvc.PersistentEntityResourceAssembler,org.springframework.http.HttpHeaders)
2018-12-14 17:35:12.360  INFO 9212 --- [    Test worker] o.s.d.r.w.RepositoryRestHandlerMapping   : Mapped "{[/api/{repository}/search/{search}],methods=[OPTIONS],produces=[application/hal+json || application/json]}" onto public org.springframework.http.ResponseEntity<java.lang.Object> org.springframework.data.rest.webmvc.RepositorySearchController.optionsForSearch(org.springframework.data.rest.webmvc.RootResourceInformation,java.lang.String)
2018-12-14 17:35:12.360  INFO 9212 --- [    Test worker] o.s.d.r.w.RepositoryRestHandlerMapping   : Mapped "{[/api/{repository}/search/{search}],methods=[HEAD],produces=[application/hal+json || application/json]}" onto public org.springframework.http.ResponseEntity<java.lang.Object> org.springframework.data.rest.webmvc.RepositorySearchController.headForSearch(org.springframework.data.rest.webmvc.RootResourceInformation,java.lang.String)
2018-12-14 17:35:12.360  INFO 9212 --- [    Test worker] o.s.d.r.w.RepositoryRestHandlerMapping   : Mapped "{[/api/{repository}/search],methods=[HEAD],produces=[application/hal+json || application/json]}" onto public org.springframework.http.HttpEntity<?> org.springframework.data.rest.webmvc.RepositorySearchController.headForSearches(org.springframework.data.rest.webmvc.RootResourceInformation)
2018-12-14 17:35:12.360  INFO 9212 --- [    Test worker] o.s.d.r.w.RepositoryRestHandlerMapping   : Mapped "{[/api/{repository}/search/{search}],methods=[GET],produces=[application/x-spring-data-compact+json]}" onto public org.springframework.hateoas.ResourceSupport org.springframework.data.rest.webmvc.RepositorySearchController.executeSearchCompact(org.springframework.data.rest.webmvc.RootResourceInformation,org.springframework.http.HttpHeaders,org.springframework.util.MultiValueMap<java.lang.String, java.lang.Object>,java.lang.String,java.lang.String,org.springframework.data.rest.webmvc.support.DefaultedPageable,org.springframework.data.domain.Sort,org.springframework.data.rest.webmvc.PersistentEntityResourceAssembler)
2018-12-14 17:35:12.360  INFO 9212 --- [    Test worker] o.s.d.r.w.RepositoryRestHandlerMapping   : Mapped "{[/api/{repository}/search],methods=[OPTIONS],produces=[application/hal+json || application/json]}" onto public org.springframework.http.HttpEntity<?> org.springframework.data.rest.webmvc.RepositorySearchController.optionsForSearches(org.springframework.data.rest.webmvc.RootResourceInformation)
2018-12-14 17:35:12.360  INFO 9212 --- [    Test worker] o.s.d.r.w.RepositoryRestHandlerMapping   : Mapped "{[/api/ || /api],methods=[GET],produces=[application/hal+json || application/json]}" onto public org.springframework.http.HttpEntity<org.springframework.data.rest.webmvc.RepositoryLinksResource> org.springframework.data.rest.webmvc.RepositoryController.listRepositories()
2018-12-14 17:35:12.360  INFO 9212 --- [    Test worker] o.s.d.r.w.RepositoryRestHandlerMapping   : Mapped "{[/api/ || /api],methods=[OPTIONS],produces=[application/hal+json || application/json]}" onto public org.springframework.http.HttpEntity<?> org.springframework.data.rest.webmvc.RepositoryController.optionsForRepositories()
2018-12-14 17:35:12.360  INFO 9212 --- [    Test worker] o.s.d.r.w.RepositoryRestHandlerMapping   : Mapped "{[/api/ || /api],methods=[HEAD],produces=[application/hal+json || application/json]}" onto public org.springframework.http.ResponseEntity<?> org.springframework.data.rest.webmvc.RepositoryController.headForRepositories()
2018-12-14 17:35:12.360  INFO 9212 --- [    Test worker] o.s.d.r.w.RepositoryRestHandlerMapping   : Mapped "{[/api/{repository}/{id}/{property}/{propertyId}],methods=[DELETE],produces=[application/hal+json || application/json]}" onto public org.springframework.http.ResponseEntity<org.springframework.hateoas.ResourceSupport> org.springframework.data.rest.webmvc.RepositoryPropertyReferenceController.deletePropertyReferenceId(org.springframework.data.rest.webmvc.RootResourceInformation,java.io.Serializable,java.lang.String,java.lang.String) throws java.lang.Exception
2018-12-14 17:35:12.360  INFO 9212 --- [    Test worker] o.s.d.r.w.RepositoryRestHandlerMapping   : Mapped "{[/api/{repository}/{id}/{property}],methods=[GET],produces=[application/x-spring-data-compact+json || text/uri-list]}" onto public org.springframework.http.ResponseEntity<org.springframework.hateoas.ResourceSupport> org.springframework.data.rest.webmvc.RepositoryPropertyReferenceController.followPropertyReferenceCompact(org.springframework.data.rest.webmvc.RootResourceInformation,java.io.Serializable,java.lang.String,org.springframework.data.rest.webmvc.PersistentEntityResourceAssembler) throws java.lang.Exception
2018-12-14 17:35:12.360  INFO 9212 --- [    Test worker] o.s.d.r.w.RepositoryRestHandlerMapping   : Mapped "{[/api/{repository}/{id}/{property}],methods=[PATCH || PUT || POST],consumes=[application/json || application/x-spring-data-compact+json || text/uri-list],produces=[application/hal+json || application/json]}" onto public org.springframework.http.ResponseEntity<? extends org.springframework.hateoas.ResourceSupport> org.springframework.data.rest.webmvc.RepositoryPropertyReferenceController.createPropertyReference(org.springframework.data.rest.webmvc.RootResourceInformation,org.springframework.http.HttpMethod,org.springframework.hateoas.Resources<java.lang.Object>,java.io.Serializable,java.lang.String) throws java.lang.Exception
2018-12-14 17:35:12.360  INFO 9212 --- [    Test worker] o.s.d.r.w.RepositoryRestHandlerMapping   : Mapped "{[/api/{repository}/{id}/{property}/{propertyId}],methods=[GET],produces=[application/hal+json || application/json]}" onto public org.springframework.http.ResponseEntity<org.springframework.hateoas.ResourceSupport> org.springframework.data.rest.webmvc.RepositoryPropertyReferenceController.followPropertyReference(org.springframework.data.rest.webmvc.RootResourceInformation,java.io.Serializable,java.lang.String,java.lang.String,org.springframework.data.rest.webmvc.PersistentEntityResourceAssembler) throws java.lang.Exception
2018-12-14 17:35:12.360  INFO 9212 --- [    Test worker] o.s.d.r.w.RepositoryRestHandlerMapping   : Mapped "{[/api/{repository}/{id}/{property}],methods=[GET],produces=[application/hal+json || application/json]}" onto public org.springframework.http.ResponseEntity<org.springframework.hateoas.ResourceSupport> org.springframework.data.rest.webmvc.RepositoryPropertyReferenceController.followPropertyReference(org.springframework.data.rest.webmvc.RootResourceInformation,java.io.Serializable,java.lang.String,org.springframework.data.rest.webmvc.PersistentEntityResourceAssembler) throws java.lang.Exception
2018-12-14 17:35:12.360  INFO 9212 --- [    Test worker] o.s.d.r.w.RepositoryRestHandlerMapping   : Mapped "{[/api/{repository}/{id}/{property}],methods=[DELETE],produces=[application/hal+json || application/json]}" onto public org.springframework.http.ResponseEntity<? extends org.springframework.hateoas.ResourceSupport> org.springframework.data.rest.webmvc.RepositoryPropertyReferenceController.deletePropertyReference(org.springframework.data.rest.webmvc.RootResourceInformation,java.io.Serializable,java.lang.String) throws java.lang.Exception
2018-12-14 17:35:12.375  INFO 9212 --- [    Test worker] o.s.d.r.w.BasePathAwareHandlerMapping    : Mapped "{[/api/profile],methods=[OPTIONS]}" onto public org.springframework.http.HttpEntity<?> org.springframework.data.rest.webmvc.ProfileController.profileOptions()
2018-12-14 17:35:12.375  INFO 9212 --- [    Test worker] o.s.d.r.w.BasePathAwareHandlerMapping    : Mapped "{[/api/profile],methods=[GET]}" onto org.springframework.http.HttpEntity<org.springframework.hateoas.ResourceSupport> org.springframework.data.rest.webmvc.ProfileController.listAllFormsOfMetadata()
2018-12-14 17:35:12.375  INFO 9212 --- [    Test worker] o.s.d.r.w.BasePathAwareHandlerMapping    : Mapped "{[/api/profile/{repository}],methods=[GET],produces=[application/alps+json || */*]}" onto org.springframework.http.HttpEntity<org.springframework.data.rest.webmvc.RootResourceInformation> org.springframework.data.rest.webmvc.alps.AlpsController.descriptor(org.springframework.data.rest.webmvc.RootResourceInformation)
2018-12-14 17:35:12.375  INFO 9212 --- [    Test worker] o.s.d.r.w.BasePathAwareHandlerMapping    : Mapped "{[/api/profile/{repository}],methods=[OPTIONS],produces=[application/alps+json]}" onto org.springframework.http.HttpEntity<?> org.springframework.data.rest.webmvc.alps.AlpsController.alpsOptions()
2018-12-14 17:35:12.375  INFO 9212 --- [    Test worker] o.s.d.r.w.BasePathAwareHandlerMapping    : Mapped "{[/api/profile/{repository}],methods=[GET],produces=[application/schema+json]}" onto public org.springframework.http.HttpEntity<org.springframework.data.rest.webmvc.json.JsonSchema> org.springframework.data.rest.webmvc.RepositorySchemaController.schema(org.springframework.data.rest.webmvc.RootResourceInformation)
2018-12-14 17:35:12.766  INFO 9212 --- [    Test worker] o.s.s.web.DefaultSecurityFilterChain     : Creating filter chain: org.springframework.security.web.util.matcher.AnyRequestMatcher@1, [org.springframework.security.web.context.request.async.WebAsyncManagerIntegrationFilter@5a67b51, org.springframework.security.web.context.SecurityContextPersistenceFilter@289c4a43, org.springframework.security.web.header.HeaderWriterFilter@6eb8cf5f, org.springframework.security.web.csrf.CsrfFilter@2ea07519, org.springframework.security.web.authentication.logout.LogoutFilter@47109c98, org.springframework.security.web.authentication.UsernamePasswordAuthenticationFilter@148b9921, org.springframework.security.web.authentication.ui.DefaultLoginPageGeneratingFilter@3472103a, org.springframework.security.web.authentication.www.BasicAuthenticationFilter@6eefe39c, org.springframework.security.web.savedrequest.RequestCacheAwareFilter@5267f35f, org.springframework.security.web.servletapi.SecurityContextHolderAwareRequestFilter@7452d208, org.springframework.security.web.authentication.AnonymousAuthenticationFilter@535d5d5b, org.springframework.security.web.session.SessionManagementFilter@5152792b, org.springframework.security.web.access.ExceptionTranslationFilter@2751358d, org.springframework.security.web.access.intercept.FilterSecurityInterceptor@7318530b]
2018-12-14 17:35:12.985  INFO 9212 --- [    Test worker] a.g.a.accounting.AccountMasterApiTest    : Started AccountMasterApiTest in 14.452 seconds (JVM running for 15.796)
2018-12-14 17:35:13.047  INFO 9212 --- [    Test worker] o.s.t.c.transaction.TransactionContext   : Began transaction (1) for test context [DefaultTestContext@76ec70de testClass = AccountMasterApiTest, testInstance = ags.goldenlionerp.apiTests.accounting.AccountMasterApiTest@1904adc4, testMethod = updateTestWithPatch@AccountMasterApiTest, testException = [null], mergedContextConfiguration = [WebMergedContextConfiguration@4cdf561a testClass = AccountMasterApiTest, locations = '{}', classes = '{class ags.goldenlionerp.GoldenLionErpApplication}', contextInitializerClasses = '[]', activeProfiles = '{}', propertySourceLocations = '{classpath:test.properties}', propertySourceProperties = '{org.springframework.boot.test.context.SpringBootTestContextBootstrapper=true}', contextCustomizers = set[org.springframework.boot.test.autoconfigure.properties.PropertyMappingContextCustomizer@0, org.springframework.boot.test.autoconfigure.web.servlet.WebDriverContextCustomizerFactory$Customizer@636d731e, [ImportsContextCustomizer@157a9568 key = [ags.goldenlionerp.apiTests.ApiTestBase$TestConfig]], org.springframework.boot.test.context.filter.ExcludeFilterContextCustomizer@6afa5291, org.springframework.boot.test.json.DuplicateJsonObjectContextCustomizerFactory$DuplicateJsonObjectContextCustomizer@20cebcb4, org.springframework.boot.test.mock.mockito.MockitoContextCustomizer@0, org.springframework.boot.test.web.client.TestRestTemplateContextCustomizer@49a32273], resourceBasePath = 'src/main/webapp', contextLoader = 'org.springframework.boot.test.context.SpringBootContextLoader', parent = [null]], attributes = map['org.springframework.test.context.web.ServletTestExecutionListener.activateListener' -> true, 'org.springframework.test.context.web.ServletTestExecutionListener.populatedRequestContextHolder' -> true, 'org.springframework.test.context.web.ServletTestExecutionListener.resetRequestContextHolder' -> true]]; transaction manager [org.springframework.orm.jpa.JpaTransactionManager@76f112e2]; rollback [true]
2018-12-14 17:35:13.201  INFO 9212 --- [    Test worker] o.s.b.t.m.w.SpringBootMockServletContext : Initializing Spring FrameworkServlet ''
2018-12-14 17:35:13.201  INFO 9212 --- [    Test worker] o.s.t.web.servlet.TestDispatcherServlet  : FrameworkServlet '': initialization started
2018-12-14 17:35:13.216  INFO 9212 --- [    Test worker] o.s.t.web.servlet.TestDispatcherServlet  : FrameworkServlet '': initialization completed in 15 ms
Hibernate: select accountmas0_.ambuid as ambuid1_26_0_, accountmas0_.amcoid as amcoid2_26_0_, accountmas0_.amobj as amobj3_26_0_, accountmas0_.amsub as amsub4_26_0_, accountmas0_.amcid as amcid5_26_0_, accountmas0_.amdtin as amdtin6_26_0_, accountmas0_.amtmin as amtmin7_26_0_, accountmas0_.amuid as amuid8_26_0_, accountmas0_.amdtlu as amdtlu9_26_0_, accountmas0_.amtmlu as amtmlu10_26_0_, accountmas0_.amuidm as amuidm11_26_0_, accountmas0_.amdtlt as amdtlt12_26_0_, accountmas0_.amacid as amacid13_26_0_, accountmas0_.amblc as amblc14_26_0_, accountmas0_.ambpc as ambpc15_26_0_, accountmas0_.amglc01 as amglc16_26_0_, accountmas0_.amglc02 as amglc17_26_0_, accountmas0_.amglc03 as amglc18_26_0_, accountmas0_.amglc04 as amglc19_26_0_, accountmas0_.amglc05 as amglc20_26_0_, accountmas0_.amcrct as amcrct21_26_0_, accountmas0_.amdesb1 as amdesb22_26_0_, accountmas0_.amtmlt as amtmlt23_26_0_, accountmas0_.amlod as amlod24_26_0_, accountmas0_.ammac as ammac25_26_0_, accountmas0_.amoan as amoan26_26_0_, accountmas0_.ampec as ampec27_26_0_ from t0901 accountmas0_ where accountmas0_.ambuid=? and accountmas0_.amcoid=? and accountmas0_.amobj=? and accountmas0_.amsub=?
Hibernate: update t0901 set amcid=?, amdtlu=?, amtmlu=?, amuidm=?, amdtlt=?, amblc=?, ambpc=?, amglc01=?, amglc02=?, amglc03=?, amglc04=?, amglc05=?, amcrct=?, amdesb1=?, amtmlt=?, amlod=?, ammac=?, amoan=?, ampec=? where ambuid=? and amcoid=? and amobj=? and amsub=?
Hibernate: select accountmas0_.ambuid as ambuid1_26_0_, accountmas0_.amcoid as amcoid2_26_0_, accountmas0_.amobj as amobj3_26_0_, accountmas0_.amsub as amsub4_26_0_, accountmas0_.amcid as amcid5_26_0_, accountmas0_.amdtin as amdtin6_26_0_, accountmas0_.amtmin as amtmin7_26_0_, accountmas0_.amuid as amuid8_26_0_, accountmas0_.amdtlu as amdtlu9_26_0_, accountmas0_.amtmlu as amtmlu10_26_0_, accountmas0_.amuidm as amuidm11_26_0_, accountmas0_.amdtlt as amdtlt12_26_0_, accountmas0_.amacid as amacid13_26_0_, accountmas0_.amblc as amblc14_26_0_, accountmas0_.ambpc as ambpc15_26_0_, accountmas0_.amglc01 as amglc16_26_0_, accountmas0_.amglc02 as amglc17_26_0_, accountmas0_.amglc03 as amglc18_26_0_, accountmas0_.amglc04 as amglc19_26_0_, accountmas0_.amglc05 as amglc20_26_0_, accountmas0_.amcrct as amcrct21_26_0_, accountmas0_.amdesb1 as amdesb22_26_0_, accountmas0_.amtmlt as amtmlt23_26_0_, accountmas0_.amlod as amlod24_26_0_, accountmas0_.ammac as ammac25_26_0_, accountmas0_.amoan as amoan26_26_0_, accountmas0_.ampec as ampec27_26_0_ from t0901 accountmas0_ where accountmas0_.ambuid=? and accountmas0_.amcoid=? and accountmas0_.amobj=? and accountmas0_.amsub=?
2018-12-14 17:35:13.904  INFO 9212 --- [    Test worker] o.s.t.c.transaction.TransactionContext   : Rolled back transaction for test: [DefaultTestContext@76ec70de testClass = AccountMasterApiTest, testInstance = ags.goldenlionerp.apiTests.accounting.AccountMasterApiTest@1904adc4, testMethod = updateTestWithPatch@AccountMasterApiTest, testException = [null], mergedContextConfiguration = [WebMergedContextConfiguration@4cdf561a testClass = AccountMasterApiTest, locations = '{}', classes = '{class ags.goldenlionerp.GoldenLionErpApplication}', contextInitializerClasses = '[]', activeProfiles = '{}', propertySourceLocations = '{classpath:test.properties}', propertySourceProperties = '{org.springframework.boot.test.context.SpringBootTestContextBootstrapper=true}', contextCustomizers = set[org.springframework.boot.test.autoconfigure.properties.PropertyMappingContextCustomizer@0, org.springframework.boot.test.autoconfigure.web.servlet.WebDriverContextCustomizerFactory$Customizer@636d731e, [ImportsContextCustomizer@157a9568 key = [ags.goldenlionerp.apiTests.ApiTestBase$TestConfig]], org.springframework.boot.test.context.filter.ExcludeFilterContextCustomizer@6afa5291, org.springframework.boot.test.json.DuplicateJsonObjectContextCustomizerFactory$DuplicateJsonObjectContextCustomizer@20cebcb4, org.springframework.boot.test.mock.mockito.MockitoContextCustomizer@0, org.springframework.boot.test.web.client.TestRestTemplateContextCustomizer@49a32273], resourceBasePath = 'src/main/webapp', contextLoader = 'org.springframework.boot.test.context.SpringBootContextLoader', parent = [null]], attributes = map['org.springframework.test.context.web.ServletTestExecutionListener.activateListener' -> true, 'org.springframework.test.context.web.ServletTestExecutionListener.populatedRequestContextHolder' -> true, 'org.springframework.test.context.web.ServletTestExecutionListener.resetRequestContextHolder' -> true]]
2018-12-14 17:35:13.904  INFO 9212 --- [    Test worker] o.s.t.c.transaction.TransactionContext   : Began transaction (1) for test context [DefaultTestContext@76ec70de testClass = AccountMasterApiTest, testInstance = ags.goldenlionerp.apiTests.accounting.AccountMasterApiTest@2135177b, testMethod = updateTestWithPut@ApiTestBase, testException = [null], mergedContextConfiguration = [WebMergedContextConfiguration@4cdf561a testClass = AccountMasterApiTest, locations = '{}', classes = '{class ags.goldenlionerp.GoldenLionErpApplication}', contextInitializerClasses = '[]', activeProfiles = '{}', propertySourceLocations = '{classpath:test.properties}', propertySourceProperties = '{org.springframework.boot.test.context.SpringBootTestContextBootstrapper=true}', contextCustomizers = set[org.springframework.boot.test.autoconfigure.properties.PropertyMappingContextCustomizer@0, org.springframework.boot.test.autoconfigure.web.servlet.WebDriverContextCustomizerFactory$Customizer@636d731e, [ImportsContextCustomizer@157a9568 key = [ags.goldenlionerp.apiTests.ApiTestBase$TestConfig]], org.springframework.boot.test.context.filter.ExcludeFilterContextCustomizer@6afa5291, org.springframework.boot.test.json.DuplicateJsonObjectContextCustomizerFactory$DuplicateJsonObjectContextCustomizer@20cebcb4, org.springframework.boot.test.mock.mockito.MockitoContextCustomizer@0, org.springframework.boot.test.web.client.TestRestTemplateContextCustomizer@49a32273], resourceBasePath = 'src/main/webapp', contextLoader = 'org.springframework.boot.test.context.SpringBootContextLoader', parent = [null]], attributes = map['org.springframework.test.context.web.ServletTestExecutionListener.activateListener' -> true, 'org.springframework.test.context.web.ServletTestExecutionListener.populatedRequestContextHolder' -> true, 'org.springframework.test.context.web.ServletTestExecutionListener.resetRequestContextHolder' -> true]]; transaction manager [org.springframework.orm.jpa.JpaTransactionManager@76f112e2]; rollback [true]
2018-12-14 17:35:13.919  INFO 9212 --- [    Test worker] o.s.b.t.m.w.SpringBootMockServletContext : Initializing Spring FrameworkServlet ''
2018-12-14 17:35:13.919  INFO 9212 --- [    Test worker] o.s.t.web.servlet.TestDispatcherServlet  : FrameworkServlet '': initialization started
2018-12-14 17:35:13.919  INFO 9212 --- [    Test worker] o.s.t.web.servlet.TestDispatcherServlet  : FrameworkServlet '': initialization completed in 0 ms
Hibernate: select accountmas0_.ambuid as ambuid1_26_0_, accountmas0_.amcoid as amcoid2_26_0_, accountmas0_.amobj as amobj3_26_0_, accountmas0_.amsub as amsub4_26_0_, accountmas0_.amcid as amcid5_26_0_, accountmas0_.amdtin as amdtin6_26_0_, accountmas0_.amtmin as amtmin7_26_0_, accountmas0_.amuid as amuid8_26_0_, accountmas0_.amdtlu as amdtlu9_26_0_, accountmas0_.amtmlu as amtmlu10_26_0_, accountmas0_.amuidm as amuidm11_26_0_, accountmas0_.amdtlt as amdtlt12_26_0_, accountmas0_.amacid as amacid13_26_0_, accountmas0_.amblc as amblc14_26_0_, accountmas0_.ambpc as ambpc15_26_0_, accountmas0_.amglc01 as amglc16_26_0_, accountmas0_.amglc02 as amglc17_26_0_, accountmas0_.amglc03 as amglc18_26_0_, accountmas0_.amglc04 as amglc19_26_0_, accountmas0_.amglc05 as amglc20_26_0_, accountmas0_.amcrct as amcrct21_26_0_, accountmas0_.amdesb1 as amdesb22_26_0_, accountmas0_.amtmlt as amtmlt23_26_0_, accountmas0_.amlod as amlod24_26_0_, accountmas0_.ammac as ammac25_26_0_, accountmas0_.amoan as amoan26_26_0_, accountmas0_.ampec as ampec27_26_0_ from t0901 accountmas0_ where accountmas0_.ambuid=? and accountmas0_.amcoid=? and accountmas0_.amobj=? and accountmas0_.amsub=?
2018-12-14 17:35:13.951  INFO 9212 --- [    Test worker] o.s.t.c.transaction.TransactionContext   : Rolled back transaction for test: [DefaultTestContext@76ec70de testClass = AccountMasterApiTest, testInstance = ags.goldenlionerp.apiTests.accounting.AccountMasterApiTest@2135177b, testMethod = updateTestWithPut@ApiTestBase, testException = [null], mergedContextConfiguration = [WebMergedContextConfiguration@4cdf561a testClass = AccountMasterApiTest, locations = '{}', classes = '{class ags.goldenlionerp.GoldenLionErpApplication}', contextInitializerClasses = '[]', activeProfiles = '{}', propertySourceLocations = '{classpath:test.properties}', propertySourceProperties = '{org.springframework.boot.test.context.SpringBootTestContextBootstrapper=true}', contextCustomizers = set[org.springframework.boot.test.autoconfigure.properties.PropertyMappingContextCustomizer@0, org.springframework.boot.test.autoconfigure.web.servlet.WebDriverContextCustomizerFactory$Customizer@636d731e, [ImportsContextCustomizer@157a9568 key = [ags.goldenlionerp.apiTests.ApiTestBase$TestConfig]], org.springframework.boot.test.context.filter.ExcludeFilterContextCustomizer@6afa5291, org.springframework.boot.test.json.DuplicateJsonObjectContextCustomizerFactory$DuplicateJsonObjectContextCustomizer@20cebcb4, org.springframework.boot.test.mock.mockito.MockitoContextCustomizer@0, org.springframework.boot.test.web.client.TestRestTemplateContextCustomizer@49a32273], resourceBasePath = 'src/main/webapp', contextLoader = 'org.springframework.boot.test.context.SpringBootContextLoader', parent = [null]], attributes = map['org.springframework.test.context.web.ServletTestExecutionListener.activateListener' -> true, 'org.springframework.test.context.web.ServletTestExecutionListener.populatedRequestContextHolder' -> true, 'org.springframework.test.context.web.ServletTestExecutionListener.resetRequestContextHolder' -> true]]
2018-12-14 17:35:13.951  INFO 9212 --- [    Test worker] o.s.t.c.transaction.TransactionContext   : Began transaction (1) for test context [DefaultTestContext@76ec70de testClass = AccountMasterApiTest, testInstance = ags.goldenlionerp.apiTests.accounting.AccountMasterApiTest@411ccaf6, testMethod = getTestSingle@ApiTestBase, testException = [null], mergedContextConfiguration = [WebMergedContextConfiguration@4cdf561a testClass = AccountMasterApiTest, locations = '{}', classes = '{class ags.goldenlionerp.GoldenLionErpApplication}', contextInitializerClasses = '[]', activeProfiles = '{}', propertySourceLocations = '{classpath:test.properties}', propertySourceProperties = '{org.springframework.boot.test.context.SpringBootTestContextBootstrapper=true}', contextCustomizers = set[org.springframework.boot.test.autoconfigure.properties.PropertyMappingContextCustomizer@0, org.springframework.boot.test.autoconfigure.web.servlet.WebDriverContextCustomizerFactory$Customizer@636d731e, [ImportsContextCustomizer@157a9568 key = [ags.goldenlionerp.apiTests.ApiTestBase$TestConfig]], org.springframework.boot.test.context.filter.ExcludeFilterContextCustomizer@6afa5291, org.springframework.boot.test.json.DuplicateJsonObjectContextCustomizerFactory$DuplicateJsonObjectContextCustomizer@20cebcb4, org.springframework.boot.test.mock.mockito.MockitoContextCustomizer@0, org.springframework.boot.test.web.client.TestRestTemplateContextCustomizer@49a32273], resourceBasePath = 'src/main/webapp', contextLoader = 'org.springframework.boot.test.context.SpringBootContextLoader', parent = [null]], attributes = map['org.springframework.test.context.web.ServletTestExecutionListener.activateListener' -> true, 'org.springframework.test.context.web.ServletTestExecutionListener.populatedRequestContextHolder' -> true, 'org.springframework.test.context.web.ServletTestExecutionListener.resetRequestContextHolder' -> true]]; transaction manager [org.springframework.orm.jpa.JpaTransactionManager@76f112e2]; rollback [true]
2018-12-14 17:35:13.951  INFO 9212 --- [    Test worker] o.s.b.t.m.w.SpringBootMockServletContext : Initializing Spring FrameworkServlet ''
2018-12-14 17:35:13.951  INFO 9212 --- [    Test worker] o.s.t.web.servlet.TestDispatcherServlet  : FrameworkServlet '': initialization started
2018-12-14 17:35:13.966  INFO 9212 --- [    Test worker] o.s.t.web.servlet.TestDispatcherServlet  : FrameworkServlet '': initialization completed in 15 ms
Hibernate: select accountmas0_.ambuid as ambuid1_26_0_, accountmas0_.amcoid as amcoid2_26_0_, accountmas0_.amobj as amobj3_26_0_, accountmas0_.amsub as amsub4_26_0_, accountmas0_.amcid as amcid5_26_0_, accountmas0_.amdtin as amdtin6_26_0_, accountmas0_.amtmin as amtmin7_26_0_, accountmas0_.amuid as amuid8_26_0_, accountmas0_.amdtlu as amdtlu9_26_0_, accountmas0_.amtmlu as amtmlu10_26_0_, accountmas0_.amuidm as amuidm11_26_0_, accountmas0_.amdtlt as amdtlt12_26_0_, accountmas0_.amacid as amacid13_26_0_, accountmas0_.amblc as amblc14_26_0_, accountmas0_.ambpc as ambpc15_26_0_, accountmas0_.amglc01 as amglc16_26_0_, accountmas0_.amglc02 as amglc17_26_0_, accountmas0_.amglc03 as amglc18_26_0_, accountmas0_.amglc04 as amglc19_26_0_, accountmas0_.amglc05 as amglc20_26_0_, accountmas0_.amcrct as amcrct21_26_0_, accountmas0_.amdesb1 as amdesb22_26_0_, accountmas0_.amtmlt as amtmlt23_26_0_, accountmas0_.amlod as amlod24_26_0_, accountmas0_.ammac as ammac25_26_0_, accountmas0_.amoan as amoan26_26_0_, accountmas0_.ampec as ampec27_26_0_ from t0901 accountmas0_ where accountmas0_.ambuid=? and accountmas0_.amcoid=? and accountmas0_.amobj=? and accountmas0_.amsub=?
2018-12-14 17:35:13.998  INFO 9212 --- [    Test worker] o.s.t.c.transaction.TransactionContext   : Rolled back transaction for test: [DefaultTestContext@76ec70de testClass = AccountMasterApiTest, testInstance = ags.goldenlionerp.apiTests.accounting.AccountMasterApiTest@411ccaf6, testMethod = getTestSingle@ApiTestBase, testException = [null], mergedContextConfiguration = [WebMergedContextConfiguration@4cdf561a testClass = AccountMasterApiTest, locations = '{}', classes = '{class ags.goldenlionerp.GoldenLionErpApplication}', contextInitializerClasses = '[]', activeProfiles = '{}', propertySourceLocations = '{classpath:test.properties}', propertySourceProperties = '{org.springframework.boot.test.context.SpringBootTestContextBootstrapper=true}', contextCustomizers = set[org.springframework.boot.test.autoconfigure.properties.PropertyMappingContextCustomizer@0, org.springframework.boot.test.autoconfigure.web.servlet.WebDriverContextCustomizerFactory$Customizer@636d731e, [ImportsContextCustomizer@157a9568 key = [ags.goldenlionerp.apiTests.ApiTestBase$TestConfig]], org.springframework.boot.test.context.filter.ExcludeFilterContextCustomizer@6afa5291, org.springframework.boot.test.json.DuplicateJsonObjectContextCustomizerFactory$DuplicateJsonObjectContextCustomizer@20cebcb4, org.springframework.boot.test.mock.mockito.MockitoContextCustomizer@0, org.springframework.boot.test.web.client.TestRestTemplateContextCustomizer@49a32273], resourceBasePath = 'src/main/webapp', contextLoader = 'org.springframework.boot.test.context.SpringBootContextLoader', parent = [null]], attributes = map['org.springframework.test.context.web.ServletTestExecutionListener.activateListener' -> true, 'org.springframework.test.context.web.ServletTestExecutionListener.populatedRequestContextHolder' -> true, 'org.springframework.test.context.web.ServletTestExecutionListener.resetRequestContextHolder' -> true]]
2018-12-14 17:35:13.998  INFO 9212 --- [    Test worker] o.s.t.c.transaction.TransactionContext   : Began transaction (1) for test context [DefaultTestContext@76ec70de testClass = AccountMasterApiTest, testInstance = ags.goldenlionerp.apiTests.accounting.AccountMasterApiTest@b4dd0ce, testMethod = getTestCollection@ApiTestBase, testException = [null], mergedContextConfiguration = [WebMergedContextConfiguration@4cdf561a testClass = AccountMasterApiTest, locations = '{}', classes = '{class ags.goldenlionerp.GoldenLionErpApplication}', contextInitializerClasses = '[]', activeProfiles = '{}', propertySourceLocations = '{classpath:test.properties}', propertySourceProperties = '{org.springframework.boot.test.context.SpringBootTestContextBootstrapper=true}', contextCustomizers = set[org.springframework.boot.test.autoconfigure.properties.PropertyMappingContextCustomizer@0, org.springframework.boot.test.autoconfigure.web.servlet.WebDriverContextCustomizerFactory$Customizer@636d731e, [ImportsContextCustomizer@157a9568 key = [ags.goldenlionerp.apiTests.ApiTestBase$TestConfig]], org.springframework.boot.test.context.filter.ExcludeFilterContextCustomizer@6afa5291, org.springframework.boot.test.json.DuplicateJsonObjectContextCustomizerFactory$DuplicateJsonObjectContextCustomizer@20cebcb4, org.springframework.boot.test.mock.mockito.MockitoContextCustomizer@0, org.springframework.boot.test.web.client.TestRestTemplateContextCustomizer@49a32273], resourceBasePath = 'src/main/webapp', contextLoader = 'org.springframework.boot.test.context.SpringBootContextLoader', parent = [null]], attributes = map['org.springframework.test.context.web.ServletTestExecutionListener.activateListener' -> true, 'org.springframework.test.context.web.ServletTestExecutionListener.populatedRequestContextHolder' -> true, 'org.springframework.test.context.web.ServletTestExecutionListener.resetRequestContextHolder' -> true]]; transaction manager [org.springframework.orm.jpa.JpaTransactionManager@76f112e2]; rollback [true]
2018-12-14 17:35:13.998  INFO 9212 --- [    Test worker] o.s.b.t.m.w.SpringBootMockServletContext : Initializing Spring FrameworkServlet ''
2018-12-14 17:35:14.013  INFO 9212 --- [    Test worker] o.s.t.web.servlet.TestDispatcherServlet  : FrameworkServlet '': initialization started
2018-12-14 17:35:14.013  INFO 9212 --- [    Test worker] o.s.t.web.servlet.TestDispatcherServlet  : FrameworkServlet '': initialization completed in 0 ms
Hibernate: select TOP(?) accountmas0_.ambuid as ambuid1_26_, accountmas0_.amcoid as amcoid2_26_, accountmas0_.amobj as amobj3_26_, accountmas0_.amsub as amsub4_26_, accountmas0_.amcid as amcid5_26_, accountmas0_.amdtin as amdtin6_26_, accountmas0_.amtmin as amtmin7_26_, accountmas0_.amuid as amuid8_26_, accountmas0_.amdtlu as amdtlu9_26_, accountmas0_.amtmlu as amtmlu10_26_, accountmas0_.amuidm as amuidm11_26_, accountmas0_.amdtlt as amdtlt12_26_, accountmas0_.amacid as amacid13_26_, accountmas0_.amblc as amblc14_26_, accountmas0_.ambpc as ambpc15_26_, accountmas0_.amglc01 as amglc16_26_, accountmas0_.amglc02 as amglc17_26_, accountmas0_.amglc03 as amglc18_26_, accountmas0_.amglc04 as amglc19_26_, accountmas0_.amglc05 as amglc20_26_, accountmas0_.amcrct as amcrct21_26_, accountmas0_.amdesb1 as amdesb22_26_, accountmas0_.amtmlt as amtmlt23_26_, accountmas0_.amlod as amlod24_26_, accountmas0_.ammac as ammac25_26_, accountmas0_.amoan as amoan26_26_, accountmas0_.ampec as ampec27_26_ from t0901 accountmas0_
Hibernate: select count(accountmas0_.ambuid) as col_0_0_ from t0901 accountmas0_

MockHttpServletRequest:
      HTTP Method = GET
      Request URI = /api/accountMasters/
       Parameters = {}
          Headers = {Accept=[application/json]}
             Body = <no character encoding set>
    Session Attrs = {org.springframework.security.web.csrf.HttpSessionCsrfTokenRepository.CSRF_TOKEN=org.springframework.security.web.csrf.DefaultCsrfToken@4c643109, SPRING_SECURITY_CONTEXT=org.springframework.security.core.context.SecurityContextImpl@475fcd89: Authentication: org.springframework.security.authentication.UsernamePasswordAuthenticationToken@475fcd89: Principal: org.springframework.security.core.userdetails.User@f02988d6: Username: username; Password: [PROTECTED]; Enabled: true; AccountNonExpired: true; credentialsNonExpired: true; AccountNonLocked: true; Not granted any authorities; Credentials: [PROTECTED]; Authenticated: true; Details: null; Not granted any authorities}

Handler:
             Type = org.springframework.data.rest.webmvc.RepositoryEntityController
           Method = public org.springframework.hateoas.Resources<?> org.springframework.data.rest.webmvc.RepositoryEntityController.getCollectionResource(org.springframework.data.rest.webmvc.RootResourceInformation,org.springframework.data.rest.webmvc.support.DefaultedPageable,org.springframework.data.domain.Sort,org.springframework.data.rest.webmvc.PersistentEntityResourceAssembler) throws org.springframework.data.rest.webmvc.ResourceNotFoundException,org.springframework.web.HttpRequestMethodNotSupportedException

Async:
    Async started = false
     Async result = null

Resolved Exception:
             Type = null

ModelAndView:
        View name = null
             View = null
            Model = null

FlashMap:
       Attributes = null

MockHttpServletResponse:
           Status = 200
    Error message = null
          Headers = {Content-Type=[application/json;charset=UTF-8], X-Content-Type-Options=[nosniff], X-XSS-Protection=[1; mode=block], Cache-Control=[no-cache, no-store, max-age=0, must-revalidate], Pragma=[no-cache], Expires=[0], X-Frame-Options=[DENY]}
     Content type = application/json;charset=UTF-8
             Body = {
  "_embedded" : {
    "accountMasters" : [ {
      "inputUserId" : "QSA",
      "lastUpdateUserId" : "QSA",
      "computerId" : "GLSVR171217",
      "lastTransactionDate" : null,
      "companyId" : "00000",
      "businessUnitId" : "MDL",
      "objectAccountCode" : "100000",
      "subsidiaryCode" : "",
      "accountId" : "MDL.100000",
      "description" : "AKTIVA",
      "levelOfDetail" : 3,
      "postingEditCode" : false,
      "balanceType" : "",
      "modelAccount" : "",
      "currencyCodeTransaction" : "",
      "budgetPatternCode" : "",
      "category01" : "GLA100",
      "category02" : "",
      "category03" : "",
      "category04" : "",
      "category05" : "",
      "objectAccountNumber" : 1,
      "lastTransactionTime" : "",
      "lastUpdateDateTime" : "2017-12-17T00:00:00",
      "inputDateTime" : "2017-12-17T00:00:00",
      "_links" : {
        "self" : {
          "href" : "http://localhost/api/accountMasters/00000.MDL.100000."
        },
        "accountMaster" : {
          "href" : "http://localhost/api/accountMasters/00000.MDL.100000."
        },
        "company" : {
          "href" : "http://localhost/api/accountMasters/00000.MDL.100000./company"
        },
        "objectAccount" : {
          "href" : "http://localhost/api/accountMasters/00000.MDL.100000./objectAccount"
        },
        "businessUnit" : {
          "href" : "http://localhost/api/accountMasters/00000.MDL.100000./businessUnit"
        }
      }
    }, {
      "inputUserId" : "QSA",
      "lastUpdateUserId" : "QSA",
      "computerId" : "GLSVR171217",
      "lastTransactionDate" : null,
      "companyId" : "00000",
      "businessUnitId" : "MDL",
      "objectAccountCode" : "110000",
      "subsidiaryCode" : "",
      "accountId" : "MDL.110000",
      "description" : "Aktiva Lancar",
      "levelOfDetail" : 4,
      "postingEditCode" : false,
      "balanceType" : "",
      "modelAccount" : "",
      "currencyCodeTransaction" : "",
      "budgetPatternCode" : "",
      "category01" : "GLA100",
      "category02" : "",
      "category03" : "",
      "category04" : "",
      "category05" : "",
      "objectAccountNumber" : 2,
      "lastTransactionTime" : "",
      "lastUpdateDateTime" : "2017-12-17T00:00:00",
      "inputDateTime" : "2017-12-17T00:00:00",
      "_links" : {
        "self" : {
          "href" : "http://localhost/api/accountMasters/00000.MDL.110000."
        },
        "accountMaster" : {
          "href" : "http://localhost/api/accountMasters/00000.MDL.110000."
        },
        "company" : {
          "href" : "http://localhost/api/accountMasters/00000.MDL.110000./company"
        },
        "objectAccount" : {
          "href" : "http://localhost/api/accountMasters/00000.MDL.110000./objectAccount"
        },
        "businessUnit" : {
          "href" : "http://localhost/api/accountMasters/00000.MDL.110000./businessUnit"
        }
      }
    }, {
      "inputUserId" : "QSA",
      "lastUpdateUserId" : "QSA",
      "computerId" : "GLSVR171217",
      "lastTransactionDate" : null,
      "companyId" : "00000",
      "businessUnitId" : "MDL",
      "objectAccountCode" : "111000",
      "subsidiaryCode" : "",
      "accountId" : "MDL.111000",
      "description" : "Kas & Bank",
      "levelOfDetail" : 5,
      "postingEditCode" : false,
      "balanceType" : "",
      "modelAccount" : "",
      "currencyCodeTransaction" : "",
      "budgetPatternCode" : "",
      "category01" : "GLA100",
      "category02" : "",
      "category03" : "",
      "category04" : "",
      "category05" : "",
      "objectAccountNumber" : 3,
      "lastTransactionTime" : "",
      "lastUpdateDateTime" : "2017-12-17T00:00:00",
      "inputDateTime" : "2017-12-17T00:00:00",
      "_links" : {
        "self" : {
          "href" : "http://localhost/api/accountMasters/00000.MDL.111000."
        },
        "accountMaster" : {
          "href" : "http://localhost/api/accountMasters/00000.MDL.111000."
        },
        "company" : {
          "href" : "http://localhost/api/accountMasters/00000.MDL.111000./company"
        },
        "objectAccount" : {
          "href" : "http://localhost/api/accountMasters/00000.MDL.111000./objectAccount"
        },
        "businessUnit" : {
          "href" : "http://localhost/api/accountMasters/00000.MDL.111000./businessUnit"
        }
      }
    }, {
      "inputUserId" : "QSA",
      "lastUpdateUserId" : "QSA",
      "computerId" : "GLSVR171217",
      "lastTransactionDate" : null,
      "companyId" : "00000",
      "businessUnitId" : "MDL",
      "objectAccountCode" : "111100",
      "subsidiaryCode" : "",
      "accountId" : "MDL.111100",
      "description" : "Kas IDR",
      "levelOfDetail" : 6,
      "postingEditCode" : false,
      "balanceType" : "",
      "modelAccount" : "",
      "currencyCodeTransaction" : "",
      "budgetPatternCode" : "",
      "category01" : "GLA100",
      "category02" : "",
      "category03" : "",
      "category04" : "",
      "category05" : "",
      "objectAccountNumber" : 4,
      "lastTransactionTime" : "",
      "lastUpdateDateTime" : "2017-12-17T00:00:00",
      "inputDateTime" : "2017-12-17T00:00:00",
      "_links" : {
        "self" : {
          "href" : "http://localhost/api/accountMasters/00000.MDL.111100."
        },
        "accountMaster" : {
          "href" : "http://localhost/api/accountMasters/00000.MDL.111100."
        },
        "company" : {
          "href" : "http://localhost/api/accountMasters/00000.MDL.111100./company"
        },
        "objectAccount" : {
          "href" : "http://localhost/api/accountMasters/00000.MDL.111100./objectAccount"
        },
        "businessUnit" : {
          "href" : "http://localhost/api/accountMasters/00000.MDL.111100./businessUnit"
        }
      }
    }, {
      "inputUserId" : "QSA",
      "lastUpdateUserId" : "QSA",
      "computerId" : "GLSVR171217",
      "lastTransactionDate" : null,
      "companyId" : "00000",
      "businessUnitId" : "MDL",
      "objectAccountCode" : "111110",
      "subsidiaryCode" : "",
      "accountId" : "MDL.111110",
      "description" : "Kas Penjualan",
      "levelOfDetail" : 7,
      "postingEditCode" : true,
      "balanceType" : "",
      "modelAccount" : "",
      "currencyCodeTransaction" : "",
      "budgetPatternCode" : "",
      "category01" : "GLA100",
      "category02" : "",
      "category03" : "",
      "category04" : "",
      "category05" : "",
      "objectAccountNumber" : 5,
      "lastTransactionTime" : "",
      "lastUpdateDateTime" : "2017-12-17T00:00:00",
      "inputDateTime" : "2017-12-17T00:00:00",
      "_links" : {
        "self" : {
          "href" : "http://localhost/api/accountMasters/00000.MDL.111110."
        },
        "accountMaster" : {
          "href" : "http://localhost/api/accountMasters/00000.MDL.111110."
        },
        "company" : {
          "href" : "http://localhost/api/accountMasters/00000.MDL.111110./company"
        },
        "objectAccount" : {
          "href" : "http://localhost/api/accountMasters/00000.MDL.111110./objectAccount"
        },
        "businessUnit" : {
          "href" : "http://localhost/api/accountMasters/00000.MDL.111110./businessUnit"
        }
      }
    }, {
      "inputUserId" : "QSA",
      "lastUpdateUserId" : "QSA",
      "computerId" : "GLSVR171217",
      "lastTransactionDate" : null,
      "companyId" : "00000",
      "businessUnitId" : "MDL",
      "objectAccountCode" : "111120",
      "subsidiaryCode" : "",
      "accountId" : "MDL.111120",
      "description" : "Kas Kecil",
      "levelOfDetail" : 7,
      "postingEditCode" : true,
      "balanceType" : "",
      "modelAccount" : "",
      "currencyCodeTransaction" : "",
      "budgetPatternCode" : "",
      "category01" : "GLA100",
      "category02" : "",
      "category03" : "",
      "category04" : "",
      "category05" : "",
      "objectAccountNumber" : 6,
      "lastTransactionTime" : "",
      "lastUpdateDateTime" : "2017-12-17T00:00:00",
      "inputDateTime" : "2017-12-17T00:00:00",
      "_links" : {
        "self" : {
          "href" : "http://localhost/api/accountMasters/00000.MDL.111120."
        },
        "accountMaster" : {
          "href" : "http://localhost/api/accountMasters/00000.MDL.111120."
        },
        "company" : {
          "href" : "http://localhost/api/accountMasters/00000.MDL.111120./company"
        },
        "objectAccount" : {
          "href" : "http://localhost/api/accountMasters/00000.MDL.111120./objectAccount"
        },
        "businessUnit" : {
          "href" : "http://localhost/api/accountMasters/00000.MDL.111120./businessUnit"
        }
      }
    }, {
      "inputUserId" : "QSA",
      "lastUpdateUserId" : "QSA",
      "computerId" : "GLSVR171217",
      "lastTransactionDate" : null,
      "companyId" : "00000",
      "businessUnitId" : "MDL",
      "objectAccountCode" : "111200",
      "subsidiaryCode" : "",
      "accountId" : "MDL.111200",
      "description" : "Kas Valas",
      "levelOfDetail" : 6,
      "postingEditCode" : false,
      "balanceType" : "",
      "modelAccount" : "",
      "currencyCodeTransaction" : "",
      "budgetPatternCode" : "",
      "category01" : "GLA100",
      "category02" : "",
      "category03" : "",
      "category04" : "",
      "category05" : "",
      "objectAccountNumber" : 7,
      "lastTransactionTime" : "",
      "lastUpdateDateTime" : "2017-12-17T00:00:00",
      "inputDateTime" : "2017-12-17T00:00:00",
      "_links" : {
        "self" : {
          "href" : "http://localhost/api/accountMasters/00000.MDL.111200."
        },
        "accountMaster" : {
          "href" : "http://localhost/api/accountMasters/00000.MDL.111200."
        },
        "company" : {
          "href" : "http://localhost/api/accountMasters/00000.MDL.111200./company"
        },
        "objectAccount" : {
          "href" : "http://localhost/api/accountMasters/00000.MDL.111200./objectAccount"
        },
        "businessUnit" : {
          "href" : "http://localhost/api/accountMasters/00000.MDL.111200./businessUnit"
        }
      }
    }, {
      "inputUserId" : "QSA",
      "lastUpdateUserId" : "QSA",
      "computerId" : "GLSVR171217",
      "lastTransactionDate" : null,
      "companyId" : "00000",
      "businessUnitId" : "MDL",
      "objectAccountCode" : "111210",
      "subsidiaryCode" : "",
      "accountId" : "MDL.111210",
      "description" : "Kas  USD",
      "levelOfDetail" : 7,
      "postingEditCode" : true,
      "balanceType" : "",
      "modelAccount" : "",
      "currencyCodeTransaction" : "",
      "budgetPatternCode" : "",
      "category01" : "GLA100",
      "category02" : "",
      "category03" : "",
      "category04" : "",
      "category05" : "",
      "objectAccountNumber" : 8,
      "lastTransactionTime" : "",
      "lastUpdateDateTime" : "2017-12-17T00:00:00",
      "inputDateTime" : "2017-12-17T00:00:00",
      "_links" : {
        "self" : {
          "href" : "http://localhost/api/accountMasters/00000.MDL.111210."
        },
        "accountMaster" : {
          "href" : "http://localhost/api/accountMasters/00000.MDL.111210."
        },
        "company" : {
          "href" : "http://localhost/api/accountMasters/00000.MDL.111210./company"
        },
        "objectAccount" : {
          "href" : "http://localhost/api/accountMasters/00000.MDL.111210./objectAccount"
        },
        "businessUnit" : {
          "href" : "http://localhost/api/accountMasters/00000.MDL.111210./businessUnit"
        }
      }
    }, {
      "inputUserId" : "QSA",
      "lastUpdateUserId" : "QSA",
      "computerId" : "GLSVR171217",
      "lastTransactionDate" : null,
      "companyId" : "00000",
      "businessUnitId" : "MDL",
      "objectAccountCode" : "111300",
      "subsidiaryCode" : "",
      "accountId" : "MDL.111300",
      "description" : "Bank IDR",
      "levelOfDetail" : 6,
      "postingEditCode" : false,
      "balanceType" : "",
      "modelAccount" : "",
      "currencyCodeTransaction" : "",
      "budgetPatternCode" : "",
      "category01" : "GLA100",
      "category02" : "",
      "category03" : "",
      "category04" : "",
      "category05" : "",
      "objectAccountNumber" : 9,
      "lastTransactionTime" : "",
      "lastUpdateDateTime" : "2017-12-17T00:00:00",
      "inputDateTime" : "2017-12-17T00:00:00",
      "_links" : {
        "self" : {
          "href" : "http://localhost/api/accountMasters/00000.MDL.111300."
        },
        "accountMaster" : {
          "href" : "http://localhost/api/accountMasters/00000.MDL.111300."
        },
        "company" : {
          "href" : "http://localhost/api/accountMasters/00000.MDL.111300./company"
        },
        "objectAccount" : {
          "href" : "http://localhost/api/accountMasters/00000.MDL.111300./objectAccount"
        },
        "businessUnit" : {
          "href" : "http://localhost/api/accountMasters/00000.MDL.111300./businessUnit"
        }
      }
    }, {
      "inputUserId" : "QSA",
      "lastUpdateUserId" : "QSA",
      "computerId" : "GLSVR171217",
      "lastTransactionDate" : null,
      "companyId" : "00000",
      "businessUnitId" : "MDL",
      "objectAccountCode" : "111310",
      "subsidiaryCode" : "",
      "accountId" : "MDL.111310",
      "description" : "BCA ",
      "levelOfDetail" : 7,
      "postingEditCode" : false,
      "balanceType" : "",
      "modelAccount" : "",
      "currencyCodeTransaction" : "",
      "budgetPatternCode" : "",
      "category01" : "GLA100",
      "category02" : "",
      "category03" : "",
      "category04" : "",
      "category05" : "",
      "objectAccountNumber" : 10,
      "lastTransactionTime" : "",
      "lastUpdateDateTime" : "2017-12-17T00:00:00",
      "inputDateTime" : "2017-12-17T00:00:00",
      "_links" : {
        "self" : {
          "href" : "http://localhost/api/accountMasters/00000.MDL.111310."
        },
        "accountMaster" : {
          "href" : "http://localhost/api/accountMasters/00000.MDL.111310."
        },
        "company" : {
          "href" : "http://localhost/api/accountMasters/00000.MDL.111310./company"
        },
        "objectAccount" : {
          "href" : "http://localhost/api/accountMasters/00000.MDL.111310./objectAccount"
        },
        "businessUnit" : {
          "href" : "http://localhost/api/accountMasters/00000.MDL.111310./businessUnit"
        }
      }
    }, {
      "inputUserId" : "QSA",
      "lastUpdateUserId" : "QSA",
      "computerId" : "GLSVR171217",
      "lastTransactionDate" : null,
      "companyId" : "00000",
      "businessUnitId" : "MDL",
      "objectAccountCode" : "111311",
      "subsidiaryCode" : "",
      "accountId" : "MDL.111311",
      "description" : "BCA xxxxxxxxxx",
      "levelOfDetail" : 8,
      "postingEditCode" : true,
      "balanceType" : "",
      "modelAccount" : "",
      "currencyCodeTransaction" : "",
      "budgetPatternCode" : "",
      "category01" : "GLA100",
      "category02" : "",
      "category03" : "",
      "category04" : "",
      "category05" : "",
      "objectAccountNumber" : 11,
      "lastTransactionTime" : "",
      "lastUpdateDateTime" : "2017-12-17T00:00:00",
      "inputDateTime" : "2017-12-17T00:00:00",
      "_links" : {
        "self" : {
          "href" : "http://localhost/api/accountMasters/00000.MDL.111311."
        },
        "accountMaster" : {
          "href" : "http://localhost/api/accountMasters/00000.MDL.111311."
        },
        "company" : {
          "href" : "http://localhost/api/accountMasters/00000.MDL.111311./company"
        },
        "objectAccount" : {
          "href" : "http://localhost/api/accountMasters/00000.MDL.111311./objectAccount"
        },
        "businessUnit" : {
          "href" : "http://localhost/api/accountMasters/00000.MDL.111311./businessUnit"
        }
      }
    }, {
      "inputUserId" : "QSA",
      "lastUpdateUserId" : "QSA",
      "computerId" : "GLSVR171217",
      "lastTransactionDate" : null,
      "companyId" : "00000",
      "businessUnitId" : "MDL",
      "objectAccountCode" : "111312",
      "subsidiaryCode" : "",
      "accountId" : "MDL.111312",
      "description" : "BCA xxxxxxxxxx",
      "levelOfDetail" : 8,
      "postingEditCode" : true,
      "balanceType" : "",
      "modelAccount" : "",
      "currencyCodeTransaction" : "",
      "budgetPatternCode" : "",
      "category01" : "GLA100",
      "category02" : "",
      "category03" : "",
      "category04" : "",
      "category05" : "",
      "objectAccountNumber" : 12,
      "lastTransactionTime" : "",
      "lastUpdateDateTime" : "2017-12-17T00:00:00",
      "inputDateTime" : "2017-12-17T00:00:00",
      "_links" : {
        "self" : {
          "href" : "http://localhost/api/accountMasters/00000.MDL.111312."
        },
        "accountMaster" : {
          "href" : "http://localhost/api/accountMasters/00000.MDL.111312."
        },
        "company" : {
          "href" : "http://localhost/api/accountMasters/00000.MDL.111312./company"
        },
        "objectAccount" : {
          "href" : "http://localhost/api/accountMasters/00000.MDL.111312./objectAccount"
        },
        "businessUnit" : {
          "href" : "http://localhost/api/accountMasters/00000.MDL.111312./businessUnit"
        }
      }
    }, {
      "inputUserId" : "QSA",
      "lastUpdateUserId" : "QSA",
      "computerId" : "GLSVR171217",
      "lastTransactionDate" : null,
      "companyId" : "00000",
      "businessUnitId" : "MDL",
      "objectAccountCode" : "111320",
      "subsidiaryCode" : "",
      "accountId" : "MDL.111320",
      "description" : "OCBC",
      "levelOfDetail" : 7,
      "postingEditCode" : false,
      "balanceType" : "",
      "modelAccount" : "",
      "currencyCodeTransaction" : "",
      "budgetPatternCode" : "",
      "category01" : "GLA100",
      "category02" : "",
      "category03" : "",
      "category04" : "",
      "category05" : "",
      "objectAccountNumber" : 13,
      "lastTransactionTime" : "",
      "lastUpdateDateTime" : "2017-12-17T00:00:00",
      "inputDateTime" : "2017-12-17T00:00:00",
      "_links" : {
        "self" : {
          "href" : "http://localhost/api/accountMasters/00000.MDL.111320."
        },
        "accountMaster" : {
          "href" : "http://localhost/api/accountMasters/00000.MDL.111320."
        },
        "company" : {
          "href" : "http://localhost/api/accountMasters/00000.MDL.111320./company"
        },
        "objectAccount" : {
          "href" : "http://localhost/api/accountMasters/00000.MDL.111320./objectAccount"
        },
        "businessUnit" : {
          "href" : "http://localhost/api/accountMasters/00000.MDL.111320./businessUnit"
        }
      }
    }, {
      "inputUserId" : "QSA",
      "lastUpdateUserId" : "QSA",
      "computerId" : "GLSVR171217",
      "lastTransactionDate" : null,
      "companyId" : "00000",
      "businessUnitId" : "MDL",
      "objectAccountCode" : "111321",
      "subsidiaryCode" : "",
      "accountId" : "MDL.111321",
      "description" : "OCBC xxxxxxxxxx",
      "levelOfDetail" : 8,
      "postingEditCode" : true,
      "balanceType" : "",
      "modelAccount" : "",
      "currencyCodeTransaction" : "",
      "budgetPatternCode" : "",
      "category01" : "GLA100",
      "category02" : "",
      "category03" : "",
      "category04" : "",
      "category05" : "",
      "objectAccountNumber" : 14,
      "lastTransactionTime" : "",
      "lastUpdateDateTime" : "2017-12-17T00:00:00",
      "inputDateTime" : "2017-12-17T00:00:00",
      "_links" : {
        "self" : {
          "href" : "http://localhost/api/accountMasters/00000.MDL.111321."
        },
        "accountMaster" : {
          "href" : "http://localhost/api/accountMasters/00000.MDL.111321."
        },
        "company" : {
          "href" : "http://localhost/api/accountMasters/00000.MDL.111321./company"
        },
        "objectAccount" : {
          "href" : "http://localhost/api/accountMasters/00000.MDL.111321./objectAccount"
        },
        "businessUnit" : {
          "href" : "http://localhost/api/accountMasters/00000.MDL.111321./businessUnit"
        }
      }
    }, {
      "inputUserId" : "QSA",
      "lastUpdateUserId" : "QSA",
      "computerId" : "GLSVR171217",
      "lastTransactionDate" : null,
      "companyId" : "00000",
      "businessUnitId" : "MDL",
      "objectAccountCode" : "111330",
      "subsidiaryCode" : "",
      "accountId" : "MDL.111330",
      "description" : "Niaga",
      "levelOfDetail" : 7,
      "postingEditCode" : false,
      "balanceType" : "",
      "modelAccount" : "",
      "currencyCodeTransaction" : "",
      "budgetPatternCode" : "",
      "category01" : "GLA100",
      "category02" : "",
      "category03" : "",
      "category04" : "",
      "category05" : "",
      "objectAccountNumber" : 15,
      "lastTransactionTime" : "",
      "lastUpdateDateTime" : "2017-12-17T00:00:00",
      "inputDateTime" : "2017-12-17T00:00:00",
      "_links" : {
        "self" : {
          "href" : "http://localhost/api/accountMasters/00000.MDL.111330."
        },
        "accountMaster" : {
          "href" : "http://localhost/api/accountMasters/00000.MDL.111330."
        },
        "company" : {
          "href" : "http://localhost/api/accountMasters/00000.MDL.111330./company"
        },
        "objectAccount" : {
          "href" : "http://localhost/api/accountMasters/00000.MDL.111330./objectAccount"
        },
        "businessUnit" : {
          "href" : "http://localhost/api/accountMasters/00000.MDL.111330./businessUnit"
        }
      }
    }, {
      "inputUserId" : "QSA",
      "lastUpdateUserId" : "QSA",
      "computerId" : "GLSVR171217",
      "lastTransactionDate" : null,
      "companyId" : "00000",
      "businessUnitId" : "MDL",
      "objectAccountCode" : "111331",
      "subsidiaryCode" : "",
      "accountId" : "MDL.111331",
      "description" : "Niaga xxxxxxxxx",
      "levelOfDetail" : 8,
      "postingEditCode" : true,
      "balanceType" : "",
      "modelAccount" : "",
      "currencyCodeTransaction" : "",
      "budgetPatternCode" : "",
      "category01" : "GLA100",
      "category02" : "",
      "category03" : "",
      "category04" : "",
      "category05" : "",
      "objectAccountNumber" : 16,
      "lastTransactionTime" : "",
      "lastUpdateDateTime" : "2017-12-17T00:00:00",
      "inputDateTime" : "2017-12-17T00:00:00",
      "_links" : {
        "self" : {
          "href" : "http://localhost/api/accountMasters/00000.MDL.111331."
        },
        "accountMaster" : {
          "href" : "http://localhost/api/accountMasters/00000.MDL.111331."
        },
        "company" : {
          "href" : "http://localhost/api/accountMasters/00000.MDL.111331./company"
        },
        "objectAccount" : {
          "href" : "http://localhost/api/accountMasters/00000.MDL.111331./objectAccount"
        },
        "businessUnit" : {
          "href" : "http://localhost/api/accountMasters/00000.MDL.111331./businessUnit"
        }
      }
    }, {
      "inputUserId" : "QSA",
      "lastUpdateUserId" : "QSA",
      "computerId" : "GLSVR171217",
      "lastTransactionDate" : null,
      "companyId" : "00000",
      "businessUnitId" : "MDL",
      "objectAccountCode" : "111400",
      "subsidiaryCode" : "",
      "accountId" : "MDL.111400",
      "description" : "Bank USD",
      "levelOfDetail" : 6,
      "postingEditCode" : false,
      "balanceType" : "",
      "modelAccount" : "",
      "currencyCodeTransaction" : "",
      "budgetPatternCode" : "",
      "category01" : "GLA100",
      "category02" : "",
      "category03" : "",
      "category04" : "",
      "category05" : "",
      "objectAccountNumber" : 17,
      "lastTransactionTime" : "",
      "lastUpdateDateTime" : "2017-12-17T00:00:00",
      "inputDateTime" : "2017-12-17T00:00:00",
      "_links" : {
        "self" : {
          "href" : "http://localhost/api/accountMasters/00000.MDL.111400."
        },
        "accountMaster" : {
          "href" : "http://localhost/api/accountMasters/00000.MDL.111400."
        },
        "company" : {
          "href" : "http://localhost/api/accountMasters/00000.MDL.111400./company"
        },
        "objectAccount" : {
          "href" : "http://localhost/api/accountMasters/00000.MDL.111400./objectAccount"
        },
        "businessUnit" : {
          "href" : "http://localhost/api/accountMasters/00000.MDL.111400./businessUnit"
        }
      }
    }, {
      "inputUserId" : "QSA",
      "lastUpdateUserId" : "QSA",
      "computerId" : "GLSVR171217",
      "lastTransactionDate" : null,
      "companyId" : "00000",
      "businessUnitId" : "MDL",
      "objectAccountCode" : "111410",
      "subsidiaryCode" : "",
      "accountId" : "MDL.111410",
      "description" : "Mandiri",
      "levelOfDetail" : 7,
      "postingEditCode" : false,
      "balanceType" : "",
      "modelAccount" : "",
      "currencyCodeTransaction" : "",
      "budgetPatternCode" : "",
      "category01" : "GLA100",
      "category02" : "",
      "category03" : "",
      "category04" : "",
      "category05" : "",
      "objectAccountNumber" : 18,
      "lastTransactionTime" : "",
      "lastUpdateDateTime" : "2017-12-17T00:00:00",
      "inputDateTime" : "2017-12-17T00:00:00",
      "_links" : {
        "self" : {
          "href" : "http://localhost/api/accountMasters/00000.MDL.111410."
        },
        "accountMaster" : {
          "href" : "http://localhost/api/accountMasters/00000.MDL.111410."
        },
        "company" : {
          "href" : "http://localhost/api/accountMasters/00000.MDL.111410./company"
        },
        "objectAccount" : {
          "href" : "http://localhost/api/accountMasters/00000.MDL.111410./objectAccount"
        },
        "businessUnit" : {
          "href" : "http://localhost/api/accountMasters/00000.MDL.111410./businessUnit"
        }
      }
    }, {
      "inputUserId" : "QSA",
      "lastUpdateUserId" : "QSA",
      "computerId" : "GLSVR171217",
      "lastTransactionDate" : null,
      "companyId" : "00000",
      "businessUnitId" : "MDL",
      "objectAccountCode" : "111411",
      "subsidiaryCode" : "",
      "accountId" : "MDL.111411",
      "description" : "Mandiri xxxxxxxxx",
      "levelOfDetail" : 8,
      "postingEditCode" : true,
      "balanceType" : "",
      "modelAccount" : "",
      "currencyCodeTransaction" : "",
      "budgetPatternCode" : "",
      "category01" : "GLA100",
      "category02" : "",
      "category03" : "",
      "category04" : "",
      "category05" : "",
      "objectAccountNumber" : 19,
      "lastTransactionTime" : "",
      "lastUpdateDateTime" : "2017-12-17T00:00:00",
      "inputDateTime" : "2017-12-17T00:00:00",
      "_links" : {
        "self" : {
          "href" : "http://localhost/api/accountMasters/00000.MDL.111411."
        },
        "accountMaster" : {
          "href" : "http://localhost/api/accountMasters/00000.MDL.111411."
        },
        "company" : {
          "href" : "http://localhost/api/accountMasters/00000.MDL.111411./company"
        },
        "objectAccount" : {
          "href" : "http://localhost/api/accountMasters/00000.MDL.111411./objectAccount"
        },
        "businessUnit" : {
          "href" : "http://localhost/api/accountMasters/00000.MDL.111411./businessUnit"
        }
      }
    }, {
      "inputUserId" : "QSA",
      "lastUpdateUserId" : "QSA",
      "computerId" : "GLSVR171217",
      "lastTransactionDate" : null,
      "companyId" : "00000",
      "businessUnitId" : "MDL",
      "objectAccountCode" : "111420",
      "subsidiaryCode" : "",
      "accountId" : "MDL.111420",
      "description" : "Niaga",
      "levelOfDetail" : 7,
      "postingEditCode" : false,
      "balanceType" : "",
      "modelAccount" : "",
      "currencyCodeTransaction" : "",
      "budgetPatternCode" : "",
      "category01" : "GLA100",
      "category02" : "",
      "category03" : "",
      "category04" : "",
      "category05" : "",
      "objectAccountNumber" : 20,
      "lastTransactionTime" : "",
      "lastUpdateDateTime" : "2017-12-17T00:00:00",
      "inputDateTime" : "2017-12-17T00:00:00",
      "_links" : {
        "self" : {
          "href" : "http://localhost/api/accountMasters/00000.MDL.111420."
        },
        "accountMaster" : {
          "href" : "http://localhost/api/accountMasters/00000.MDL.111420."
        },
        "company" : {
          "href" : "http://localhost/api/accountMasters/00000.MDL.111420./company"
        },
        "objectAccount" : {
          "href" : "http://localhost/api/accountMasters/00000.MDL.111420./objectAccount"
        },
        "businessUnit" : {
          "href" : "http://localhost/api/accountMasters/00000.MDL.111420./businessUnit"
        }
      }
    } ]
  },
  "_links" : {
    "first" : {
      "href" : "http://localhost/api/accountMasters?page=0&size=20"
    },
    "self" : {
      "href" : "http://localhost/api/accountMasters{?page,size,sort}",
      "templated" : true
    },
    "next" : {
      "href" : "http://localhost/api/accountMasters?page=1&size=20"
    },
    "last" : {
      "href" : "http://localhost/api/accountMasters?page=23&size=20"
    },
    "profile" : {
      "href" : "http://localhost/api/profile/accountMasters"
    }
  },
  "page" : {
    "size" : 20,
    "totalElements" : 466,
    "totalPages" : 24,
    "number" : 0
  }
}
    Forwarded URL = null
   Redirected URL = null
          Cookies = []
2018-12-14 17:35:14.201  INFO 9212 --- [    Test worker] o.s.t.c.transaction.TransactionContext   : Rolled back transaction for test: [DefaultTestContext@76ec70de testClass = AccountMasterApiTest, testInstance = ags.goldenlionerp.apiTests.accounting.AccountMasterApiTest@b4dd0ce, testMethod = getTestCollection@ApiTestBase, testException = [null], mergedContextConfiguration = [WebMergedContextConfiguration@4cdf561a testClass = AccountMasterApiTest, locations = '{}', classes = '{class ags.goldenlionerp.GoldenLionErpApplication}', contextInitializerClasses = '[]', activeProfiles = '{}', propertySourceLocations = '{classpath:test.properties}', propertySourceProperties = '{org.springframework.boot.test.context.SpringBootTestContextBootstrapper=true}', contextCustomizers = set[org.springframework.boot.test.autoconfigure.properties.PropertyMappingContextCustomizer@0, org.springframework.boot.test.autoconfigure.web.servlet.WebDriverContextCustomizerFactory$Customizer@636d731e, [ImportsContextCustomizer@157a9568 key = [ags.goldenlionerp.apiTests.ApiTestBase$TestConfig]], org.springframework.boot.test.context.filter.ExcludeFilterContextCustomizer@6afa5291, org.springframework.boot.test.json.DuplicateJsonObjectContextCustomizerFactory$DuplicateJsonObjectContextCustomizer@20cebcb4, org.springframework.boot.test.mock.mockito.MockitoContextCustomizer@0, org.springframework.boot.test.web.client.TestRestTemplateContextCustomizer@49a32273], resourceBasePath = 'src/main/webapp', contextLoader = 'org.springframework.boot.test.context.SpringBootContextLoader', parent = [null]], attributes = map['org.springframework.test.context.web.ServletTestExecutionListener.activateListener' -> true, 'org.springframework.test.context.web.ServletTestExecutionListener.populatedRequestContextHolder' -> true, 'org.springframework.test.context.web.ServletTestExecutionListener.resetRequestContextHolder' -> true]]
2018-12-14 17:35:14.216  INFO 9212 --- [    Test worker] o.s.t.c.transaction.TransactionContext   : Began transaction (1) for test context [DefaultTestContext@76ec70de testClass = AccountMasterApiTest, testInstance = ags.goldenlionerp.apiTests.accounting.AccountMasterApiTest@46a94ab3, testMethod = createTestWithPut@ApiTestBase, testException = [null], mergedContextConfiguration = [WebMergedContextConfiguration@4cdf561a testClass = AccountMasterApiTest, locations = '{}', classes = '{class ags.goldenlionerp.GoldenLionErpApplication}', contextInitializerClasses = '[]', activeProfiles = '{}', propertySourceLocations = '{classpath:test.properties}', propertySourceProperties = '{org.springframework.boot.test.context.SpringBootTestContextBootstrapper=true}', contextCustomizers = set[org.springframework.boot.test.autoconfigure.properties.PropertyMappingContextCustomizer@0, org.springframework.boot.test.autoconfigure.web.servlet.WebDriverContextCustomizerFactory$Customizer@636d731e, [ImportsContextCustomizer@157a9568 key = [ags.goldenlionerp.apiTests.ApiTestBase$TestConfig]], org.springframework.boot.test.context.filter.ExcludeFilterContextCustomizer@6afa5291, org.springframework.boot.test.json.DuplicateJsonObjectContextCustomizerFactory$DuplicateJsonObjectContextCustomizer@20cebcb4, org.springframework.boot.test.mock.mockito.MockitoContextCustomizer@0, org.springframework.boot.test.web.client.TestRestTemplateContextCustomizer@49a32273], resourceBasePath = 'src/main/webapp', contextLoader = 'org.springframework.boot.test.context.SpringBootContextLoader', parent = [null]], attributes = map['org.springframework.test.context.web.ServletTestExecutionListener.activateListener' -> true, 'org.springframework.test.context.web.ServletTestExecutionListener.populatedRequestContextHolder' -> true, 'org.springframework.test.context.web.ServletTestExecutionListener.resetRequestContextHolder' -> true]]; transaction manager [org.springframework.orm.jpa.JpaTransactionManager@76f112e2]; rollback [true]
2018-12-14 17:35:14.216  INFO 9212 --- [    Test worker] o.s.b.t.m.w.SpringBootMockServletContext : Initializing Spring FrameworkServlet ''
2018-12-14 17:35:14.216  INFO 9212 --- [    Test worker] o.s.t.web.servlet.TestDispatcherServlet  : FrameworkServlet '': initialization started
2018-12-14 17:35:14.216  INFO 9212 --- [    Test worker] o.s.t.web.servlet.TestDispatcherServlet  : FrameworkServlet '': initialization completed in 0 ms
Hibernate: select accountmas0_.ambuid as ambuid1_26_0_, accountmas0_.amcoid as amcoid2_26_0_, accountmas0_.amobj as amobj3_26_0_, accountmas0_.amsub as amsub4_26_0_, accountmas0_.amcid as amcid5_26_0_, accountmas0_.amdtin as amdtin6_26_0_, accountmas0_.amtmin as amtmin7_26_0_, accountmas0_.amuid as amuid8_26_0_, accountmas0_.amdtlu as amdtlu9_26_0_, accountmas0_.amtmlu as amtmlu10_26_0_, accountmas0_.amuidm as amuidm11_26_0_, accountmas0_.amdtlt as amdtlt12_26_0_, accountmas0_.amacid as amacid13_26_0_, accountmas0_.amblc as amblc14_26_0_, accountmas0_.ambpc as ambpc15_26_0_, accountmas0_.amglc01 as amglc16_26_0_, accountmas0_.amglc02 as amglc17_26_0_, accountmas0_.amglc03 as amglc18_26_0_, accountmas0_.amglc04 as amglc19_26_0_, accountmas0_.amglc05 as amglc20_26_0_, accountmas0_.amcrct as amcrct21_26_0_, accountmas0_.amdesb1 as amdesb22_26_0_, accountmas0_.amtmlt as amtmlt23_26_0_, accountmas0_.amlod as amlod24_26_0_, accountmas0_.ammac as ammac25_26_0_, accountmas0_.amoan as amoan26_26_0_, accountmas0_.ampec as ampec27_26_0_ from t0901 accountmas0_ where accountmas0_.ambuid=? and accountmas0_.amcoid=? and accountmas0_.amobj=? and accountmas0_.amsub=?
2018-12-14 17:35:14.248  INFO 9212 --- [    Test worker] o.s.t.c.transaction.TransactionContext   : Rolled back transaction for test: [DefaultTestContext@76ec70de testClass = AccountMasterApiTest, testInstance = ags.goldenlionerp.apiTests.accounting.AccountMasterApiTest@46a94ab3, testMethod = createTestWithPut@ApiTestBase, testException = [null], mergedContextConfiguration = [WebMergedContextConfiguration@4cdf561a testClass = AccountMasterApiTest, locations = '{}', classes = '{class ags.goldenlionerp.GoldenLionErpApplication}', contextInitializerClasses = '[]', activeProfiles = '{}', propertySourceLocations = '{classpath:test.properties}', propertySourceProperties = '{org.springframework.boot.test.context.SpringBootTestContextBootstrapper=true}', contextCustomizers = set[org.springframework.boot.test.autoconfigure.properties.PropertyMappingContextCustomizer@0, org.springframework.boot.test.autoconfigure.web.servlet.WebDriverContextCustomizerFactory$Customizer@636d731e, [ImportsContextCustomizer@157a9568 key = [ags.goldenlionerp.apiTests.ApiTestBase$TestConfig]], org.springframework.boot.test.context.filter.ExcludeFilterContextCustomizer@6afa5291, org.springframework.boot.test.json.DuplicateJsonObjectContextCustomizerFactory$DuplicateJsonObjectContextCustomizer@20cebcb4, org.springframework.boot.test.mock.mockito.MockitoContextCustomizer@0, org.springframework.boot.test.web.client.TestRestTemplateContextCustomizer@49a32273], resourceBasePath = 'src/main/webapp', contextLoader = 'org.springframework.boot.test.context.SpringBootContextLoader', parent = [null]], attributes = map['org.springframework.test.context.web.ServletTestExecutionListener.activateListener' -> true, 'org.springframework.test.context.web.ServletTestExecutionListener.populatedRequestContextHolder' -> true, 'org.springframework.test.context.web.ServletTestExecutionListener.resetRequestContextHolder' -> true]]
2018-12-14 17:35:14.248  INFO 9212 --- [    Test worker] o.s.t.c.transaction.TransactionContext   : Began transaction (1) for test context [DefaultTestContext@76ec70de testClass = AccountMasterApiTest, testInstance = ags.goldenlionerp.apiTests.accounting.AccountMasterApiTest@181abdc6, testMethod = deleteTest@ApiTestBase, testException = [null], mergedContextConfiguration = [WebMergedContextConfiguration@4cdf561a testClass = AccountMasterApiTest, locations = '{}', classes = '{class ags.goldenlionerp.GoldenLionErpApplication}', contextInitializerClasses = '[]', activeProfiles = '{}', propertySourceLocations = '{classpath:test.properties}', propertySourceProperties = '{org.springframework.boot.test.context.SpringBootTestContextBootstrapper=true}', contextCustomizers = set[org.springframework.boot.test.autoconfigure.properties.PropertyMappingContextCustomizer@0, org.springframework.boot.test.autoconfigure.web.servlet.WebDriverContextCustomizerFactory$Customizer@636d731e, [ImportsContextCustomizer@157a9568 key = [ags.goldenlionerp.apiTests.ApiTestBase$TestConfig]], org.springframework.boot.test.context.filter.ExcludeFilterContextCustomizer@6afa5291, org.springframework.boot.test.json.DuplicateJsonObjectContextCustomizerFactory$DuplicateJsonObjectContextCustomizer@20cebcb4, org.springframework.boot.test.mock.mockito.MockitoContextCustomizer@0, org.springframework.boot.test.web.client.TestRestTemplateContextCustomizer@49a32273], resourceBasePath = 'src/main/webapp', contextLoader = 'org.springframework.boot.test.context.SpringBootContextLoader', parent = [null]], attributes = map['org.springframework.test.context.web.ServletTestExecutionListener.activateListener' -> true, 'org.springframework.test.context.web.ServletTestExecutionListener.populatedRequestContextHolder' -> true, 'org.springframework.test.context.web.ServletTestExecutionListener.resetRequestContextHolder' -> true]]; transaction manager [org.springframework.orm.jpa.JpaTransactionManager@76f112e2]; rollback [true]
2018-12-14 17:35:14.248  INFO 9212 --- [    Test worker] o.s.b.t.m.w.SpringBootMockServletContext : Initializing Spring FrameworkServlet ''
2018-12-14 17:35:14.248  INFO 9212 --- [    Test worker] o.s.t.web.servlet.TestDispatcherServlet  : FrameworkServlet '': initialization started
2018-12-14 17:35:14.263  INFO 9212 --- [    Test worker] o.s.t.web.servlet.TestDispatcherServlet  : FrameworkServlet '': initialization completed in 15 ms
Hibernate: select accountmas0_.ambuid as ambuid1_26_0_, accountmas0_.amcoid as amcoid2_26_0_, accountmas0_.amobj as amobj3_26_0_, accountmas0_.amsub as amsub4_26_0_, accountmas0_.amcid as amcid5_26_0_, accountmas0_.amdtin as amdtin6_26_0_, accountmas0_.amtmin as amtmin7_26_0_, accountmas0_.amuid as amuid8_26_0_, accountmas0_.amdtlu as amdtlu9_26_0_, accountmas0_.amtmlu as amtmlu10_26_0_, accountmas0_.amuidm as amuidm11_26_0_, accountmas0_.amdtlt as amdtlt12_26_0_, accountmas0_.amacid as amacid13_26_0_, accountmas0_.amblc as amblc14_26_0_, accountmas0_.ambpc as ambpc15_26_0_, accountmas0_.amglc01 as amglc16_26_0_, accountmas0_.amglc02 as amglc17_26_0_, accountmas0_.amglc03 as amglc18_26_0_, accountmas0_.amglc04 as amglc19_26_0_, accountmas0_.amglc05 as amglc20_26_0_, accountmas0_.amcrct as amcrct21_26_0_, accountmas0_.amdesb1 as amdesb22_26_0_, accountmas0_.amtmlt as amtmlt23_26_0_, accountmas0_.amlod as amlod24_26_0_, accountmas0_.ammac as ammac25_26_0_, accountmas0_.amoan as amoan26_26_0_, accountmas0_.ampec as ampec27_26_0_ from t0901 accountmas0_ where accountmas0_.ambuid=? and accountmas0_.amcoid=? and accountmas0_.amobj=? and accountmas0_.amsub=?
2018-12-14 17:35:14.341  INFO 9212 --- [    Test worker] o.s.t.c.transaction.TransactionContext   : Rolled back transaction for test: [DefaultTestContext@76ec70de testClass = AccountMasterApiTest, testInstance = ags.goldenlionerp.apiTests.accounting.AccountMasterApiTest@181abdc6, testMethod = deleteTest@ApiTestBase, testException = [null], mergedContextConfiguration = [WebMergedContextConfiguration@4cdf561a testClass = AccountMasterApiTest, locations = '{}', classes = '{class ags.goldenlionerp.GoldenLionErpApplication}', contextInitializerClasses = '[]', activeProfiles = '{}', propertySourceLocations = '{classpath:test.properties}', propertySourceProperties = '{org.springframework.boot.test.context.SpringBootTestContextBootstrapper=true}', contextCustomizers = set[org.springframework.boot.test.autoconfigure.properties.PropertyMappingContextCustomizer@0, org.springframework.boot.test.autoconfigure.web.servlet.WebDriverContextCustomizerFactory$Customizer@636d731e, [ImportsContextCustomizer@157a9568 key = [ags.goldenlionerp.apiTests.ApiTestBase$TestConfig]], org.springframework.boot.test.context.filter.ExcludeFilterContextCustomizer@6afa5291, org.springframework.boot.test.json.DuplicateJsonObjectContextCustomizerFactory$DuplicateJsonObjectContextCustomizer@20cebcb4, org.springframework.boot.test.mock.mockito.MockitoContextCustomizer@0, org.springframework.boot.test.web.client.TestRestTemplateContextCustomizer@49a32273], resourceBasePath = 'src/main/webapp', contextLoader = 'org.springframework.boot.test.context.SpringBootContextLoader', parent = [null]], attributes = map['org.springframework.test.context.web.ServletTestExecutionListener.activateListener' -> true, 'org.springframework.test.context.web.ServletTestExecutionListener.populatedRequestContextHolder' -> true, 'org.springframework.test.context.web.ServletTestExecutionListener.resetRequestContextHolder' -> true]]
2018-12-14 17:35:14.345  INFO 9212 --- [    Test worker] o.s.t.c.transaction.TransactionContext   : Began transaction (1) for test context [DefaultTestContext@76ec70de testClass = AccountMasterApiTest, testInstance = ags.goldenlionerp.apiTests.accounting.AccountMasterApiTest@4da9fa56, testMethod = createTestWithPost@ApiTestBase, testException = [null], mergedContextConfiguration = [WebMergedContextConfiguration@4cdf561a testClass = AccountMasterApiTest, locations = '{}', classes = '{class ags.goldenlionerp.GoldenLionErpApplication}', contextInitializerClasses = '[]', activeProfiles = '{}', propertySourceLocations = '{classpath:test.properties}', propertySourceProperties = '{org.springframework.boot.test.context.SpringBootTestContextBootstrapper=true}', contextCustomizers = set[org.springframework.boot.test.autoconfigure.properties.PropertyMappingContextCustomizer@0, org.springframework.boot.test.autoconfigure.web.servlet.WebDriverContextCustomizerFactory$Customizer@636d731e, [ImportsContextCustomizer@157a9568 key = [ags.goldenlionerp.apiTests.ApiTestBase$TestConfig]], org.springframework.boot.test.context.filter.ExcludeFilterContextCustomizer@6afa5291, org.springframework.boot.test.json.DuplicateJsonObjectContextCustomizerFactory$DuplicateJsonObjectContextCustomizer@20cebcb4, org.springframework.boot.test.mock.mockito.MockitoContextCustomizer@0, org.springframework.boot.test.web.client.TestRestTemplateContextCustomizer@49a32273], resourceBasePath = 'src/main/webapp', contextLoader = 'org.springframework.boot.test.context.SpringBootContextLoader', parent = [null]], attributes = map['org.springframework.test.context.web.ServletTestExecutionListener.activateListener' -> true, 'org.springframework.test.context.web.ServletTestExecutionListener.populatedRequestContextHolder' -> true, 'org.springframework.test.context.web.ServletTestExecutionListener.resetRequestContextHolder' -> true]]; transaction manager [org.springframework.orm.jpa.JpaTransactionManager@76f112e2]; rollback [true]
2018-12-14 17:35:14.346  INFO 9212 --- [    Test worker] o.s.b.t.m.w.SpringBootMockServletContext : Initializing Spring FrameworkServlet ''
2018-12-14 17:35:14.346  INFO 9212 --- [    Test worker] o.s.t.web.servlet.TestDispatcherServlet  : FrameworkServlet '': initialization started
2018-12-14 17:35:14.353  INFO 9212 --- [    Test worker] o.s.t.web.servlet.TestDispatcherServlet  : FrameworkServlet '': initialization completed in 7 ms
Hibernate: select accountmas0_.ambuid as ambuid1_26_0_, accountmas0_.amcoid as amcoid2_26_0_, accountmas0_.amobj as amobj3_26_0_, accountmas0_.amsub as amsub4_26_0_, accountmas0_.amcid as amcid5_26_0_, accountmas0_.amdtin as amdtin6_26_0_, accountmas0_.amtmin as amtmin7_26_0_, accountmas0_.amuid as amuid8_26_0_, accountmas0_.amdtlu as amdtlu9_26_0_, accountmas0_.amtmlu as amtmlu10_26_0_, accountmas0_.amuidm as amuidm11_26_0_, accountmas0_.amdtlt as amdtlt12_26_0_, accountmas0_.amacid as amacid13_26_0_, accountmas0_.amblc as amblc14_26_0_, accountmas0_.ambpc as ambpc15_26_0_, accountmas0_.amglc01 as amglc16_26_0_, accountmas0_.amglc02 as amglc17_26_0_, accountmas0_.amglc03 as amglc18_26_0_, accountmas0_.amglc04 as amglc19_26_0_, accountmas0_.amglc05 as amglc20_26_0_, accountmas0_.amcrct as amcrct21_26_0_, accountmas0_.amdesb1 as amdesb22_26_0_, accountmas0_.amtmlt as amtmlt23_26_0_, accountmas0_.amlod as amlod24_26_0_, accountmas0_.ammac as ammac25_26_0_, accountmas0_.amoan as amoan26_26_0_, accountmas0_.ampec as ampec27_26_0_ from t0901 accountmas0_ where accountmas0_.ambuid=? and accountmas0_.amcoid=? and accountmas0_.amobj=? and accountmas0_.amsub=?
Hibernate: select accountmas0_.ambuid as ambuid1_26_0_, accountmas0_.amcoid as amcoid2_26_0_, accountmas0_.amobj as amobj3_26_0_, accountmas0_.amsub as amsub4_26_0_, accountmas0_.amcid as amcid5_26_0_, accountmas0_.amdtin as amdtin6_26_0_, accountmas0_.amtmin as amtmin7_26_0_, accountmas0_.amuid as amuid8_26_0_, accountmas0_.amdtlu as amdtlu9_26_0_, accountmas0_.amtmlu as amtmlu10_26_0_, accountmas0_.amuidm as amuidm11_26_0_, accountmas0_.amdtlt as amdtlt12_26_0_, accountmas0_.amacid as amacid13_26_0_, accountmas0_.amblc as amblc14_26_0_, accountmas0_.ambpc as ambpc15_26_0_, accountmas0_.amglc01 as amglc16_26_0_, accountmas0_.amglc02 as amglc17_26_0_, accountmas0_.amglc03 as amglc18_26_0_, accountmas0_.amglc04 as amglc19_26_0_, accountmas0_.amglc05 as amglc20_26_0_, accountmas0_.amcrct as amcrct21_26_0_, accountmas0_.amdesb1 as amdesb22_26_0_, accountmas0_.amtmlt as amtmlt23_26_0_, accountmas0_.amlod as amlod24_26_0_, accountmas0_.ammac as ammac25_26_0_, accountmas0_.amoan as amoan26_26_0_, accountmas0_.ampec as ampec27_26_0_ from t0901 accountmas0_ where accountmas0_.ambuid=? and accountmas0_.amcoid=? and accountmas0_.amobj=? and accountmas0_.amsub=?
Hibernate: insert into t0901 (amcid, amdtin, amtmin, amuid, amdtlu, amtmlu, amuidm, amdtlt, amacid, amblc, ambpc, amglc01, amglc02, amglc03, amglc04, amglc05, amcrct, amdesb1, amtmlt, amlod, ammac, amoan, ampec, ambuid, amcoid, amobj, amsub) values (?, ?, ?, ?, ?, ?, ?, ?, ?, ?, ?, ?, ?, ?, ?, ?, ?, ?, ?, ?, ?, ?, ?, ?, ?, ?, ?)
Hibernate: select accountmas0_.ambuid as ambuid1_26_0_, accountmas0_.amcoid as amcoid2_26_0_, accountmas0_.amobj as amobj3_26_0_, accountmas0_.amsub as amsub4_26_0_, accountmas0_.amcid as amcid5_26_0_, accountmas0_.amdtin as amdtin6_26_0_, accountmas0_.amtmin as amtmin7_26_0_, accountmas0_.amuid as amuid8_26_0_, accountmas0_.amdtlu as amdtlu9_26_0_, accountmas0_.amtmlu as amtmlu10_26_0_, accountmas0_.amuidm as amuidm11_26_0_, accountmas0_.amdtlt as amdtlt12_26_0_, accountmas0_.amacid as amacid13_26_0_, accountmas0_.amblc as amblc14_26_0_, accountmas0_.ambpc as ambpc15_26_0_, accountmas0_.amglc01 as amglc16_26_0_, accountmas0_.amglc02 as amglc17_26_0_, accountmas0_.amglc03 as amglc18_26_0_, accountmas0_.amglc04 as amglc19_26_0_, accountmas0_.amglc05 as amglc20_26_0_, accountmas0_.amcrct as amcrct21_26_0_, accountmas0_.amdesb1 as amdesb22_26_0_, accountmas0_.amtmlt as amtmlt23_26_0_, accountmas0_.amlod as amlod24_26_0_, accountmas0_.ammac as ammac25_26_0_, accountmas0_.amoan as amoan26_26_0_, accountmas0_.ampec as ampec27_26_0_ from t0901 accountmas0_ where accountmas0_.ambuid=? and accountmas0_.amcoid=? and accountmas0_.amobj=? and accountmas0_.amsub=?

MockHttpServletRequest:
      HTTP Method = GET
      Request URI = /api/accountMasters/00000.123.100000.123
       Parameters = {}
          Headers = {Accept=[application/json]}
             Body = <no character encoding set>
    Session Attrs = {org.springframework.security.web.csrf.HttpSessionCsrfTokenRepository.CSRF_TOKEN=org.springframework.security.web.csrf.DefaultCsrfToken@504bc573, SPRING_SECURITY_CONTEXT=org.springframework.security.core.context.SecurityContextImpl@475fcd89: Authentication: org.springframework.security.authentication.UsernamePasswordAuthenticationToken@475fcd89: Principal: org.springframework.security.core.userdetails.User@f02988d6: Username: username; Password: [PROTECTED]; Enabled: true; AccountNonExpired: true; credentialsNonExpired: true; AccountNonLocked: true; Not granted any authorities; Credentials: [PROTECTED]; Authenticated: true; Details: null; Not granted any authorities}

Handler:
             Type = org.springframework.data.rest.webmvc.RepositoryEntityController
           Method = public org.springframework.http.ResponseEntity<org.springframework.hateoas.Resource<?>> org.springframework.data.rest.webmvc.RepositoryEntityController.getItemResource(org.springframework.data.rest.webmvc.RootResourceInformation,java.io.Serializable,org.springframework.data.rest.webmvc.PersistentEntityResourceAssembler,org.springframework.http.HttpHeaders) throws org.springframework.web.HttpRequestMethodNotSupportedException

Async:
    Async started = false
     Async result = null

Resolved Exception:
             Type = null

ModelAndView:
        View name = null
             View = null
            Model = null

FlashMap:
       Attributes = null

MockHttpServletResponse:
           Status = 200
    Error message = null
          Headers = {Content-Disposition=[inline;filename=f.txt], Content-Type=[application/json;charset=UTF-8], X-Content-Type-Options=[nosniff], X-XSS-Protection=[1; mode=block], Cache-Control=[no-cache, no-store, max-age=0, must-revalidate], Pragma=[no-cache], Expires=[0], X-Frame-Options=[DENY]}
     Content type = application/json;charset=UTF-8
             Body = {
  "inputUserId" : "username",
  "lastUpdateUserId" : "username",
  "computerId" : "username",
  "lastTransactionDate" : null,
  "companyId" : "00000",
  "businessUnitId" : "123",
  "objectAccountCode" : "100000",
  "subsidiaryCode" : "123",
  "accountId" : "123.100000.123",
  "description" : "Test account",
  "levelOfDetail" : 3,
  "postingEditCode" : false,
  "balanceType" : "",
  "modelAccount" : "",
  "currencyCodeTransaction" : "IDR",
  "budgetPatternCode" : "",
  "category01" : "GLA200",
  "category02" : "",
  "category03" : "",
  "category04" : "",
  "category05" : "",
  "objectAccountNumber" : 0,
  "lastTransactionTime" : "",
  "lastUpdateDateTime" : "2018-12-14T17:35:14",
  "inputDateTime" : "2018-12-14T17:35:14",
  "_links" : {
    "self" : {
      "href" : "http://localhost/api/accountMasters/00000.123.100000.123"
    },
    "accountMaster" : {
      "href" : "http://localhost/api/accountMasters/00000.123.100000.123"
    },
    "company" : {
      "href" : "http://localhost/api/accountMasters/00000.123.100000.123/company"
    },
    "objectAccount" : {
      "href" : "http://localhost/api/accountMasters/00000.123.100000.123/objectAccount"
    },
    "businessUnit" : {
      "href" : "http://localhost/api/accountMasters/00000.123.100000.123/businessUnit"
    }
  }
}
    Forwarded URL = null
   Redirected URL = null
          Cookies = []
2018-12-14 17:35:14.496  INFO 9212 --- [    Test worker] o.s.t.c.transaction.TransactionContext   : Rolled back transaction for test: [DefaultTestContext@76ec70de testClass = AccountMasterApiTest, testInstance = ags.goldenlionerp.apiTests.accounting.AccountMasterApiTest@4da9fa56, testMethod = createTestWithPost@ApiTestBase, testException = [null], mergedContextConfiguration = [WebMergedContextConfiguration@4cdf561a testClass = AccountMasterApiTest, locations = '{}', classes = '{class ags.goldenlionerp.GoldenLionErpApplication}', contextInitializerClasses = '[]', activeProfiles = '{}', propertySourceLocations = '{classpath:test.properties}', propertySourceProperties = '{org.springframework.boot.test.context.SpringBootTestContextBootstrapper=true}', contextCustomizers = set[org.springframework.boot.test.autoconfigure.properties.PropertyMappingContextCustomizer@0, org.springframework.boot.test.autoconfigure.web.servlet.WebDriverContextCustomizerFactory$Customizer@636d731e, [ImportsContextCustomizer@157a9568 key = [ags.goldenlionerp.apiTests.ApiTestBase$TestConfig]], org.springframework.boot.test.context.filter.ExcludeFilterContextCustomizer@6afa5291, org.springframework.boot.test.json.DuplicateJsonObjectContextCustomizerFactory$DuplicateJsonObjectContextCustomizer@20cebcb4, org.springframework.boot.test.mock.mockito.MockitoContextCustomizer@0, org.springframework.boot.test.web.client.TestRestTemplateContextCustomizer@49a32273], resourceBasePath = 'src/main/webapp', contextLoader = 'org.springframework.boot.test.context.SpringBootContextLoader', parent = [null]], attributes = map['org.springframework.test.context.web.ServletTestExecutionListener.activateListener' -> true, 'org.springframework.test.context.web.ServletTestExecutionListener.populatedRequestContextHolder' -> true, 'org.springframework.test.context.web.ServletTestExecutionListener.resetRequestContextHolder' -> true]]
]]></system-out>
  <system-err><![CDATA[]]></system-err>
</testsuite>
