<?xml version="1.0" encoding="UTF-8"?>
<testsuite name="ags.goldenlionerp.apiTests.setups.BusinessUnitApiTest" tests="10" skipped="0" failures="0" errors="0" timestamp="2018-12-14T10:35:54" hostname="LAPTOP-FHFRCCL6" time="0.286">
  <properties/>
  <testcase name="createTestAlreadyExist" classname="ags.goldenlionerp.apiTests.setups.BusinessUnitApiTest" time="0.02"/>
  <testcase name="updateTestWithPatchRemoveRelatedBusinessUnit" classname="ags.goldenlionerp.apiTests.setups.BusinessUnitApiTest" time="0.032"/>
  <testcase name="createTestWithPostWithoutRelatedBU" classname="ags.goldenlionerp.apiTests.setups.BusinessUnitApiTest" time="0.02"/>
  <testcase name="updateTestWithPut" classname="ags.goldenlionerp.apiTests.setups.BusinessUnitApiTest" time="0.011"/>
  <testcase name="getTestSingle" classname="ags.goldenlionerp.apiTests.setups.BusinessUnitApiTest" time="0.02"/>
  <testcase name="updateTestWithPatch" classname="ags.goldenlionerp.apiTests.setups.BusinessUnitApiTest" time="0.063"/>
  <testcase name="getTestCollection" classname="ags.goldenlionerp.apiTests.setups.BusinessUnitApiTest" time="0.046"/>
  <testcase name="createTestWithPut" classname="ags.goldenlionerp.apiTests.setups.BusinessUnitApiTest" time="0.015"/>
  <testcase name="deleteTest" classname="ags.goldenlionerp.apiTests.setups.BusinessUnitApiTest" time="0.024"/>
  <testcase name="createTestWithPost" classname="ags.goldenlionerp.apiTests.setups.BusinessUnitApiTest" time="0.031"/>
  <system-out><![CDATA[2018-12-14 17:35:54.862  INFO 9212 --- [    Test worker] .b.t.c.SpringBootTestContextBootstrapper : Neither @ContextConfiguration nor @ContextHierarchy found for test class [ags.goldenlionerp.apiTests.setups.BusinessUnitApiTest], using SpringBootContextLoader
2018-12-14 17:35:54.862  INFO 9212 --- [    Test worker] o.s.t.c.support.AbstractContextLoader    : Could not detect default resource locations for test class [ags.goldenlionerp.apiTests.setups.BusinessUnitApiTest]: no resource found for suffixes {-context.xml, Context.groovy}.
2018-12-14 17:35:54.862  INFO 9212 --- [    Test worker] t.c.s.AnnotationConfigContextLoaderUtils : Could not detect default configuration classes for test class [ags.goldenlionerp.apiTests.setups.BusinessUnitApiTest]: BusinessUnitApiTest does not declare any static, non-private, non-final, nested classes annotated with @Configuration.
2018-12-14 17:35:54.862  INFO 9212 --- [    Test worker] .b.t.c.SpringBootTestContextBootstrapper : Found @SpringBootConfiguration ags.goldenlionerp.GoldenLionErpApplication for test class ags.goldenlionerp.apiTests.setups.BusinessUnitApiTest
2018-12-14 17:35:54.862  INFO 9212 --- [    Test worker] .b.t.c.SpringBootTestContextBootstrapper : Loaded default TestExecutionListener class names from location [META-INF/spring.factories]: [org.springframework.security.test.context.support.WithSecurityContextTestExecutionListener, org.springframework.security.test.context.support.ReactorContextTestExecutionListener, org.springframework.boot.test.autoconfigure.restdocs.RestDocsTestExecutionListener, org.springframework.boot.test.autoconfigure.web.client.MockRestServiceServerResetTestExecutionListener, org.springframework.boot.test.autoconfigure.web.servlet.MockMvcPrintOnlyOnFailureTestExecutionListener, org.springframework.boot.test.autoconfigure.web.servlet.WebDriverTestExecutionListener, org.springframework.boot.test.mock.mockito.MockitoTestExecutionListener, org.springframework.boot.test.mock.mockito.ResetMocksTestExecutionListener, org.springframework.test.context.web.ServletTestExecutionListener, org.springframework.test.context.support.DirtiesContextBeforeModesTestExecutionListener, org.springframework.test.context.support.DependencyInjectionTestExecutionListener, org.springframework.test.context.support.DirtiesContextTestExecutionListener, org.springframework.test.context.transaction.TransactionalTestExecutionListener, org.springframework.test.context.jdbc.SqlScriptsTestExecutionListener]
2018-12-14 17:35:54.862  INFO 9212 --- [    Test worker] .b.t.c.SpringBootTestContextBootstrapper : Using TestExecutionListeners: [org.springframework.test.context.web.ServletTestExecutionListener@76dccc6c, org.springframework.test.context.support.DirtiesContextBeforeModesTestExecutionListener@42380389, org.springframework.boot.test.mock.mockito.MockitoTestExecutionListener@6a0f7841, org.springframework.boot.test.autoconfigure.SpringBootDependencyInjectionTestExecutionListener@107b8a3a, org.springframework.test.context.support.DirtiesContextTestExecutionListener@548bf5, org.springframework.test.context.transaction.TransactionalTestExecutionListener@272e43d, org.springframework.test.context.jdbc.SqlScriptsTestExecutionListener@132e5942, org.springframework.security.test.context.support.WithSecurityContextTestExecutionListener@5f483b47, org.springframework.security.test.context.support.ReactorContextTestExecutionListener@7be70878, org.springframework.boot.test.autoconfigure.restdocs.RestDocsTestExecutionListener@6e215835, org.springframework.boot.test.autoconfigure.web.client.MockRestServiceServerResetTestExecutionListener@f24e8fa, org.springframework.boot.test.autoconfigure.web.servlet.MockMvcPrintOnlyOnFailureTestExecutionListener@1128785a, org.springframework.boot.test.autoconfigure.web.servlet.WebDriverTestExecutionListener@52cf06cf, org.springframework.boot.test.mock.mockito.ResetMocksTestExecutionListener@36cb0c53]
2018-12-14 17:35:54.877  INFO 9212 --- [    Test worker] o.s.t.c.transaction.TransactionContext   : Began transaction (1) for test context [DefaultTestContext@143aa50a testClass = BusinessUnitApiTest, testInstance = ags.goldenlionerp.apiTests.setups.BusinessUnitApiTest@180ddca7, testMethod = createTestAlreadyExist@BusinessUnitApiTest, testException = [null], mergedContextConfiguration = [WebMergedContextConfiguration@22aea804 testClass = BusinessUnitApiTest, locations = '{}', classes = '{class ags.goldenlionerp.GoldenLionErpApplication}', contextInitializerClasses = '[]', activeProfiles = '{}', propertySourceLocations = '{classpath:test.properties}', propertySourceProperties = '{org.springframework.boot.test.context.SpringBootTestContextBootstrapper=true}', contextCustomizers = set[org.springframework.boot.test.autoconfigure.properties.PropertyMappingContextCustomizer@0, org.springframework.boot.test.autoconfigure.web.servlet.WebDriverContextCustomizerFactory$Customizer@636d731e, [ImportsContextCustomizer@4f157508 key = [ags.goldenlionerp.apiTests.ApiTestBase$TestConfig]], org.springframework.boot.test.context.filter.ExcludeFilterContextCustomizer@6afa5291, org.springframework.boot.test.json.DuplicateJsonObjectContextCustomizerFactory$DuplicateJsonObjectContextCustomizer@20cebcb4, org.springframework.boot.test.mock.mockito.MockitoContextCustomizer@0, org.springframework.boot.test.web.client.TestRestTemplateContextCustomizer@49a32273], resourceBasePath = 'src/main/webapp', contextLoader = 'org.springframework.boot.test.context.SpringBootContextLoader', parent = [null]], attributes = map['org.springframework.test.context.web.ServletTestExecutionListener.activateListener' -> true, 'org.springframework.test.context.web.ServletTestExecutionListener.populatedRequestContextHolder' -> true, 'org.springframework.test.context.web.ServletTestExecutionListener.resetRequestContextHolder' -> true]]; transaction manager [org.springframework.orm.jpa.JpaTransactionManager@76f112e2]; rollback [true]
2018-12-14 17:35:54.877  INFO 9212 --- [    Test worker] o.s.b.t.m.w.SpringBootMockServletContext : Initializing Spring FrameworkServlet ''
2018-12-14 17:35:54.877  INFO 9212 --- [    Test worker] o.s.t.web.servlet.TestDispatcherServlet  : FrameworkServlet '': initialization started
2018-12-14 17:35:54.877  INFO 9212 --- [    Test worker] o.s.t.web.servlet.TestDispatcherServlet  : FrameworkServlet '': initialization completed in 0 ms
Hibernate: select count(*) as col_0_0_ from t0021 businessun0_ where businessun0_.bnbuid=?
2018-12-14 17:35:54.893  INFO 9212 --- [    Test worker] o.s.t.c.transaction.TransactionContext   : Rolled back transaction for test: [DefaultTestContext@143aa50a testClass = BusinessUnitApiTest, testInstance = ags.goldenlionerp.apiTests.setups.BusinessUnitApiTest@180ddca7, testMethod = createTestAlreadyExist@BusinessUnitApiTest, testException = [null], mergedContextConfiguration = [WebMergedContextConfiguration@22aea804 testClass = BusinessUnitApiTest, locations = '{}', classes = '{class ags.goldenlionerp.GoldenLionErpApplication}', contextInitializerClasses = '[]', activeProfiles = '{}', propertySourceLocations = '{classpath:test.properties}', propertySourceProperties = '{org.springframework.boot.test.context.SpringBootTestContextBootstrapper=true}', contextCustomizers = set[org.springframework.boot.test.autoconfigure.properties.PropertyMappingContextCustomizer@0, org.springframework.boot.test.autoconfigure.web.servlet.WebDriverContextCustomizerFactory$Customizer@636d731e, [ImportsContextCustomizer@4f157508 key = [ags.goldenlionerp.apiTests.ApiTestBase$TestConfig]], org.springframework.boot.test.context.filter.ExcludeFilterContextCustomizer@6afa5291, org.springframework.boot.test.json.DuplicateJsonObjectContextCustomizerFactory$DuplicateJsonObjectContextCustomizer@20cebcb4, org.springframework.boot.test.mock.mockito.MockitoContextCustomizer@0, org.springframework.boot.test.web.client.TestRestTemplateContextCustomizer@49a32273], resourceBasePath = 'src/main/webapp', contextLoader = 'org.springframework.boot.test.context.SpringBootContextLoader', parent = [null]], attributes = map['org.springframework.test.context.web.ServletTestExecutionListener.activateListener' -> true, 'org.springframework.test.context.web.ServletTestExecutionListener.populatedRequestContextHolder' -> true, 'org.springframework.test.context.web.ServletTestExecutionListener.resetRequestContextHolder' -> true]]
2018-12-14 17:35:54.893  INFO 9212 --- [    Test worker] o.s.t.c.transaction.TransactionContext   : Began transaction (1) for test context [DefaultTestContext@143aa50a testClass = BusinessUnitApiTest, testInstance = ags.goldenlionerp.apiTests.setups.BusinessUnitApiTest@711c4699, testMethod = updateTestWithPatchRemoveRelatedBusinessUnit@BusinessUnitApiTest, testException = [null], mergedContextConfiguration = [WebMergedContextConfiguration@22aea804 testClass = BusinessUnitApiTest, locations = '{}', classes = '{class ags.goldenlionerp.GoldenLionErpApplication}', contextInitializerClasses = '[]', activeProfiles = '{}', propertySourceLocations = '{classpath:test.properties}', propertySourceProperties = '{org.springframework.boot.test.context.SpringBootTestContextBootstrapper=true}', contextCustomizers = set[org.springframework.boot.test.autoconfigure.properties.PropertyMappingContextCustomizer@0, org.springframework.boot.test.autoconfigure.web.servlet.WebDriverContextCustomizerFactory$Customizer@636d731e, [ImportsContextCustomizer@4f157508 key = [ags.goldenlionerp.apiTests.ApiTestBase$TestConfig]], org.springframework.boot.test.context.filter.ExcludeFilterContextCustomizer@6afa5291, org.springframework.boot.test.json.DuplicateJsonObjectContextCustomizerFactory$DuplicateJsonObjectContextCustomizer@20cebcb4, org.springframework.boot.test.mock.mockito.MockitoContextCustomizer@0, org.springframework.boot.test.web.client.TestRestTemplateContextCustomizer@49a32273], resourceBasePath = 'src/main/webapp', contextLoader = 'org.springframework.boot.test.context.SpringBootContextLoader', parent = [null]], attributes = map['org.springframework.test.context.web.ServletTestExecutionListener.activateListener' -> true, 'org.springframework.test.context.web.ServletTestExecutionListener.populatedRequestContextHolder' -> true, 'org.springframework.test.context.web.ServletTestExecutionListener.resetRequestContextHolder' -> true]]; transaction manager [org.springframework.orm.jpa.JpaTransactionManager@76f112e2]; rollback [true]
2018-12-14 17:35:54.893  INFO 9212 --- [    Test worker] o.s.b.t.m.w.SpringBootMockServletContext : Initializing Spring FrameworkServlet ''
2018-12-14 17:35:54.893  INFO 9212 --- [    Test worker] o.s.t.web.servlet.TestDispatcherServlet  : FrameworkServlet '': initialization started
2018-12-14 17:35:54.908  INFO 9212 --- [    Test worker] o.s.t.web.servlet.TestDispatcherServlet  : FrameworkServlet '': initialization completed in 15 ms
Hibernate: select businessun0_.bnbuid as bnbuid1_10_0_, businessun0_.bncid as bncid2_10_0_, businessun0_.bndtin as bndtin3_10_0_, businessun0_.bntmin as bntmin4_10_0_, businessun0_.bnuid as bnuid5_10_0_, businessun0_.bndtlu as bndtlu6_10_0_, businessun0_.bntmlu as bntmlu7_10_0_, businessun0_.bnuidm as bnuidm8_10_0_, businessun0_.bnbuty as bnbuty9_10_0_, businessun0_.bncoid as bncoid10_10_0_, businessun0_.bndesb1 as bndesb11_10_0_, businessun0_.bnanum as bnanum12_10_0_, businessun0_.bnfmod as bnfmod13_10_0_, businessun0_.bnbuid1 as bnbuid14_10_0_, company1_.cncoid as cncoid1_9_1_, company1_.cncid as cncid2_9_1_, company1_.cndtin as cndtin3_9_1_, company1_.cntmin as cntmin4_9_1_, company1_.cnuid as cnuid5_9_1_, company1_.cndtlu as cndtlu6_9_1_, company1_.cntmlu as cntmlu7_9_1_, company1_.cnuidm as cnuidm8_9_1_, company1_.cnanum as cnanum9_9_1_, company1_.cncrcb as cncrcb10_9_1_, company1_.cncap as cncap11_9_1_, company1_.cncfy as cncfy12_9_1_, company1_.cncip as cncip13_9_1_, company1_.cncpp as cncpp14_9_1_, company1_.cncrp as cncrp15_9_1_, company1_.cndesb1 as cndesb16_9_1_, company1_.cnfdp as cnfdp17_9_1_, branchplan2_.bcbuid as bcbuid1_11_2_, branchplan2_.bccid as bccid2_11_2_, branchplan2_.bcdtin as bcdtin3_11_2_, branchplan2_.bctmin as bctmin4_11_2_, branchplan2_.bcuid as bcuid5_11_2_, branchplan2_.bcdtlu as bcdtlu6_11_2_, branchplan2_.bctmlu as bctmlu7_11_2_, branchplan2_.bcuidm as bcuidm8_11_2_, branchplan2_.bcanum as bcanum9_11_2_, branchplan2_.bcctm as bcctm10_11_2_, branchplan2_.bcitgl as bcitgl11_11_2_, branchplan2_.bcilc as bcilc12_11_2_, branchplan2_.bcxrt as bcxrt13_11_2_, branchplan2_.bcxrt2 as bcxrt14_11_2_, branchplan2_.bclctl as bclctl15_11_2_, branchplan2_.bcpucm as bcpucm16_11_2_, branchplan2_.bcsicm as bcsicm17_11_2_, branchplan2_.bcwctl as bcwctl18_11_2_ from t0021 businessun0_ inner join t0020 company1_ on businessun0_.bncoid=company1_.cncoid left outer join t0022 branchplan2_ on businessun0_.bnbuid=branchplan2_.bcbuid where businessun0_.bnbuid=?
Hibernate: update t0021 set bncid=?, bndtlu=?, bntmlu=?, bnuidm=?, bnbuty=?, bncoid=?, bndesb1=?, bnanum=?, bnfmod=?, bnbuid1=? where bnbuid=?
Hibernate: select businessun0_.bnbuid as bnbuid1_10_0_, businessun0_.bncid as bncid2_10_0_, businessun0_.bndtin as bndtin3_10_0_, businessun0_.bntmin as bntmin4_10_0_, businessun0_.bnuid as bnuid5_10_0_, businessun0_.bndtlu as bndtlu6_10_0_, businessun0_.bntmlu as bntmlu7_10_0_, businessun0_.bnuidm as bnuidm8_10_0_, businessun0_.bnbuty as bnbuty9_10_0_, businessun0_.bncoid as bncoid10_10_0_, businessun0_.bndesb1 as bndesb11_10_0_, businessun0_.bnanum as bnanum12_10_0_, businessun0_.bnfmod as bnfmod13_10_0_, businessun0_.bnbuid1 as bnbuid14_10_0_, company1_.cncoid as cncoid1_9_1_, company1_.cncid as cncid2_9_1_, company1_.cndtin as cndtin3_9_1_, company1_.cntmin as cntmin4_9_1_, company1_.cnuid as cnuid5_9_1_, company1_.cndtlu as cndtlu6_9_1_, company1_.cntmlu as cntmlu7_9_1_, company1_.cnuidm as cnuidm8_9_1_, company1_.cnanum as cnanum9_9_1_, company1_.cncrcb as cncrcb10_9_1_, company1_.cncap as cncap11_9_1_, company1_.cncfy as cncfy12_9_1_, company1_.cncip as cncip13_9_1_, company1_.cncpp as cncpp14_9_1_, company1_.cncrp as cncrp15_9_1_, company1_.cndesb1 as cndesb16_9_1_, company1_.cnfdp as cnfdp17_9_1_, branchplan2_.bcbuid as bcbuid1_11_2_, branchplan2_.bccid as bccid2_11_2_, branchplan2_.bcdtin as bcdtin3_11_2_, branchplan2_.bctmin as bctmin4_11_2_, branchplan2_.bcuid as bcuid5_11_2_, branchplan2_.bcdtlu as bcdtlu6_11_2_, branchplan2_.bctmlu as bctmlu7_11_2_, branchplan2_.bcuidm as bcuidm8_11_2_, branchplan2_.bcanum as bcanum9_11_2_, branchplan2_.bcctm as bcctm10_11_2_, branchplan2_.bcitgl as bcitgl11_11_2_, branchplan2_.bcilc as bcilc12_11_2_, branchplan2_.bcxrt as bcxrt13_11_2_, branchplan2_.bcxrt2 as bcxrt14_11_2_, branchplan2_.bclctl as bclctl15_11_2_, branchplan2_.bcpucm as bcpucm16_11_2_, branchplan2_.bcsicm as bcsicm17_11_2_, branchplan2_.bcwctl as bcwctl18_11_2_ from t0021 businessun0_ inner join t0020 company1_ on businessun0_.bncoid=company1_.cncoid left outer join t0022 branchplan2_ on businessun0_.bnbuid=branchplan2_.bcbuid where businessun0_.bnbuid=?
2018-12-14 17:35:54.924  INFO 9212 --- [    Test worker] o.s.t.c.transaction.TransactionContext   : Rolled back transaction for test: [DefaultTestContext@143aa50a testClass = BusinessUnitApiTest, testInstance = ags.goldenlionerp.apiTests.setups.BusinessUnitApiTest@711c4699, testMethod = updateTestWithPatchRemoveRelatedBusinessUnit@BusinessUnitApiTest, testException = [null], mergedContextConfiguration = [WebMergedContextConfiguration@22aea804 testClass = BusinessUnitApiTest, locations = '{}', classes = '{class ags.goldenlionerp.GoldenLionErpApplication}', contextInitializerClasses = '[]', activeProfiles = '{}', propertySourceLocations = '{classpath:test.properties}', propertySourceProperties = '{org.springframework.boot.test.context.SpringBootTestContextBootstrapper=true}', contextCustomizers = set[org.springframework.boot.test.autoconfigure.properties.PropertyMappingContextCustomizer@0, org.springframework.boot.test.autoconfigure.web.servlet.WebDriverContextCustomizerFactory$Customizer@636d731e, [ImportsContextCustomizer@4f157508 key = [ags.goldenlionerp.apiTests.ApiTestBase$TestConfig]], org.springframework.boot.test.context.filter.ExcludeFilterContextCustomizer@6afa5291, org.springframework.boot.test.json.DuplicateJsonObjectContextCustomizerFactory$DuplicateJsonObjectContextCustomizer@20cebcb4, org.springframework.boot.test.mock.mockito.MockitoContextCustomizer@0, org.springframework.boot.test.web.client.TestRestTemplateContextCustomizer@49a32273], resourceBasePath = 'src/main/webapp', contextLoader = 'org.springframework.boot.test.context.SpringBootContextLoader', parent = [null]], attributes = map['org.springframework.test.context.web.ServletTestExecutionListener.activateListener' -> true, 'org.springframework.test.context.web.ServletTestExecutionListener.populatedRequestContextHolder' -> true, 'org.springframework.test.context.web.ServletTestExecutionListener.resetRequestContextHolder' -> true]]
2018-12-14 17:35:54.924  INFO 9212 --- [    Test worker] o.s.t.c.transaction.TransactionContext   : Began transaction (1) for test context [DefaultTestContext@143aa50a testClass = BusinessUnitApiTest, testInstance = ags.goldenlionerp.apiTests.setups.BusinessUnitApiTest@1814c822, testMethod = createTestWithPostWithoutRelatedBU@BusinessUnitApiTest, testException = [null], mergedContextConfiguration = [WebMergedContextConfiguration@22aea804 testClass = BusinessUnitApiTest, locations = '{}', classes = '{class ags.goldenlionerp.GoldenLionErpApplication}', contextInitializerClasses = '[]', activeProfiles = '{}', propertySourceLocations = '{classpath:test.properties}', propertySourceProperties = '{org.springframework.boot.test.context.SpringBootTestContextBootstrapper=true}', contextCustomizers = set[org.springframework.boot.test.autoconfigure.properties.PropertyMappingContextCustomizer@0, org.springframework.boot.test.autoconfigure.web.servlet.WebDriverContextCustomizerFactory$Customizer@636d731e, [ImportsContextCustomizer@4f157508 key = [ags.goldenlionerp.apiTests.ApiTestBase$TestConfig]], org.springframework.boot.test.context.filter.ExcludeFilterContextCustomizer@6afa5291, org.springframework.boot.test.json.DuplicateJsonObjectContextCustomizerFactory$DuplicateJsonObjectContextCustomizer@20cebcb4, org.springframework.boot.test.mock.mockito.MockitoContextCustomizer@0, org.springframework.boot.test.web.client.TestRestTemplateContextCustomizer@49a32273], resourceBasePath = 'src/main/webapp', contextLoader = 'org.springframework.boot.test.context.SpringBootContextLoader', parent = [null]], attributes = map['org.springframework.test.context.web.ServletTestExecutionListener.activateListener' -> true, 'org.springframework.test.context.web.ServletTestExecutionListener.populatedRequestContextHolder' -> true, 'org.springframework.test.context.web.ServletTestExecutionListener.resetRequestContextHolder' -> true]]; transaction manager [org.springframework.orm.jpa.JpaTransactionManager@76f112e2]; rollback [true]
2018-12-14 17:35:54.924  INFO 9212 --- [    Test worker] o.s.b.t.m.w.SpringBootMockServletContext : Initializing Spring FrameworkServlet ''
2018-12-14 17:35:54.924  INFO 9212 --- [    Test worker] o.s.t.web.servlet.TestDispatcherServlet  : FrameworkServlet '': initialization started
2018-12-14 17:35:54.940  INFO 9212 --- [    Test worker] o.s.t.web.servlet.TestDispatcherServlet  : FrameworkServlet '': initialization completed in 16 ms
Hibernate: select businessun0_.bnbuid as bnbuid1_10_0_, businessun0_.bncid as bncid2_10_0_, businessun0_.bndtin as bndtin3_10_0_, businessun0_.bntmin as bntmin4_10_0_, businessun0_.bnuid as bnuid5_10_0_, businessun0_.bndtlu as bndtlu6_10_0_, businessun0_.bntmlu as bntmlu7_10_0_, businessun0_.bnuidm as bnuidm8_10_0_, businessun0_.bnbuty as bnbuty9_10_0_, businessun0_.bncoid as bncoid10_10_0_, businessun0_.bndesb1 as bndesb11_10_0_, businessun0_.bnanum as bnanum12_10_0_, businessun0_.bnfmod as bnfmod13_10_0_, businessun0_.bnbuid1 as bnbuid14_10_0_, company1_.cncoid as cncoid1_9_1_, company1_.cncid as cncid2_9_1_, company1_.cndtin as cndtin3_9_1_, company1_.cntmin as cntmin4_9_1_, company1_.cnuid as cnuid5_9_1_, company1_.cndtlu as cndtlu6_9_1_, company1_.cntmlu as cntmlu7_9_1_, company1_.cnuidm as cnuidm8_9_1_, company1_.cnanum as cnanum9_9_1_, company1_.cncrcb as cncrcb10_9_1_, company1_.cncap as cncap11_9_1_, company1_.cncfy as cncfy12_9_1_, company1_.cncip as cncip13_9_1_, company1_.cncpp as cncpp14_9_1_, company1_.cncrp as cncrp15_9_1_, company1_.cndesb1 as cndesb16_9_1_, company1_.cnfdp as cnfdp17_9_1_, branchplan2_.bcbuid as bcbuid1_11_2_, branchplan2_.bccid as bccid2_11_2_, branchplan2_.bcdtin as bcdtin3_11_2_, branchplan2_.bctmin as bctmin4_11_2_, branchplan2_.bcuid as bcuid5_11_2_, branchplan2_.bcdtlu as bcdtlu6_11_2_, branchplan2_.bctmlu as bctmlu7_11_2_, branchplan2_.bcuidm as bcuidm8_11_2_, branchplan2_.bcanum as bcanum9_11_2_, branchplan2_.bcctm as bcctm10_11_2_, branchplan2_.bcitgl as bcitgl11_11_2_, branchplan2_.bcilc as bcilc12_11_2_, branchplan2_.bcxrt as bcxrt13_11_2_, branchplan2_.bcxrt2 as bcxrt14_11_2_, branchplan2_.bclctl as bclctl15_11_2_, branchplan2_.bcpucm as bcpucm16_11_2_, branchplan2_.bcsicm as bcsicm17_11_2_, branchplan2_.bcwctl as bcwctl18_11_2_ from t0021 businessun0_ inner join t0020 company1_ on businessun0_.bncoid=company1_.cncoid left outer join t0022 branchplan2_ on businessun0_.bnbuid=branchplan2_.bcbuid where businessun0_.bnbuid=?
Hibernate: select count(*) as col_0_0_ from t0021 businessun0_ where businessun0_.bnbuid=?
Hibernate: select businessun0_.bnbuid as bnbuid1_10_0_, businessun0_.bncid as bncid2_10_0_, businessun0_.bndtin as bndtin3_10_0_, businessun0_.bntmin as bntmin4_10_0_, businessun0_.bnuid as bnuid5_10_0_, businessun0_.bndtlu as bndtlu6_10_0_, businessun0_.bntmlu as bntmlu7_10_0_, businessun0_.bnuidm as bnuidm8_10_0_, businessun0_.bnbuty as bnbuty9_10_0_, businessun0_.bncoid as bncoid10_10_0_, businessun0_.bndesb1 as bndesb11_10_0_, businessun0_.bnanum as bnanum12_10_0_, businessun0_.bnfmod as bnfmod13_10_0_, businessun0_.bnbuid1 as bnbuid14_10_0_ from t0021 businessun0_ where businessun0_.bnbuid=?
Hibernate: insert into t0021 (bncid, bndtin, bntmin, bnuid, bndtlu, bntmlu, bnuidm, bnbuty, bncoid, bndesb1, bnanum, bnfmod, bnbuid1, bnbuid) values (?, ?, ?, ?, ?, ?, ?, ?, ?, ?, ?, ?, ?, ?)
Hibernate: select businessun0_.bnbuid as bnbuid1_10_0_, businessun0_.bncid as bncid2_10_0_, businessun0_.bndtin as bndtin3_10_0_, businessun0_.bntmin as bntmin4_10_0_, businessun0_.bnuid as bnuid5_10_0_, businessun0_.bndtlu as bndtlu6_10_0_, businessun0_.bntmlu as bntmlu7_10_0_, businessun0_.bnuidm as bnuidm8_10_0_, businessun0_.bnbuty as bnbuty9_10_0_, businessun0_.bncoid as bncoid10_10_0_, businessun0_.bndesb1 as bndesb11_10_0_, businessun0_.bnanum as bnanum12_10_0_, businessun0_.bnfmod as bnfmod13_10_0_, businessun0_.bnbuid1 as bnbuid14_10_0_, company1_.cncoid as cncoid1_9_1_, company1_.cncid as cncid2_9_1_, company1_.cndtin as cndtin3_9_1_, company1_.cntmin as cntmin4_9_1_, company1_.cnuid as cnuid5_9_1_, company1_.cndtlu as cndtlu6_9_1_, company1_.cntmlu as cntmlu7_9_1_, company1_.cnuidm as cnuidm8_9_1_, company1_.cnanum as cnanum9_9_1_, company1_.cncrcb as cncrcb10_9_1_, company1_.cncap as cncap11_9_1_, company1_.cncfy as cncfy12_9_1_, company1_.cncip as cncip13_9_1_, company1_.cncpp as cncpp14_9_1_, company1_.cncrp as cncrp15_9_1_, company1_.cndesb1 as cndesb16_9_1_, company1_.cnfdp as cnfdp17_9_1_, branchplan2_.bcbuid as bcbuid1_11_2_, branchplan2_.bccid as bccid2_11_2_, branchplan2_.bcdtin as bcdtin3_11_2_, branchplan2_.bctmin as bctmin4_11_2_, branchplan2_.bcuid as bcuid5_11_2_, branchplan2_.bcdtlu as bcdtlu6_11_2_, branchplan2_.bctmlu as bctmlu7_11_2_, branchplan2_.bcuidm as bcuidm8_11_2_, branchplan2_.bcanum as bcanum9_11_2_, branchplan2_.bcctm as bcctm10_11_2_, branchplan2_.bcitgl as bcitgl11_11_2_, branchplan2_.bcilc as bcilc12_11_2_, branchplan2_.bcxrt as bcxrt13_11_2_, branchplan2_.bcxrt2 as bcxrt14_11_2_, branchplan2_.bclctl as bclctl15_11_2_, branchplan2_.bcpucm as bcpucm16_11_2_, branchplan2_.bcsicm as bcsicm17_11_2_, branchplan2_.bcwctl as bcwctl18_11_2_ from t0021 businessun0_ inner join t0020 company1_ on businessun0_.bncoid=company1_.cncoid left outer join t0022 branchplan2_ on businessun0_.bnbuid=branchplan2_.bcbuid where businessun0_.bnbuid=?

MockHttpServletRequest:
      HTTP Method = GET
      Request URI = /api/businessUnits/125
       Parameters = {}
          Headers = {Accept=[application/json]}
             Body = <no character encoding set>
    Session Attrs = {org.springframework.security.web.csrf.HttpSessionCsrfTokenRepository.CSRF_TOKEN=org.springframework.security.web.csrf.DefaultCsrfToken@2641d12f, SPRING_SECURITY_CONTEXT=org.springframework.security.core.context.SecurityContextImpl@475fcd89: Authentication: org.springframework.security.authentication.UsernamePasswordAuthenticationToken@475fcd89: Principal: org.springframework.security.core.userdetails.User@f02988d6: Username: username; Password: [PROTECTED]; Enabled: true; AccountNonExpired: true; credentialsNonExpired: true; AccountNonLocked: true; Not granted any authorities; Credentials: [PROTECTED]; Authenticated: true; Details: null; Not granted any authorities}

Handler:
             Type = org.springframework.data.rest.webmvc.RepositoryEntityController
           Method = public org.springframework.http.ResponseEntity<org.springframework.hateoas.Resource<?>> org.springframework.data.rest.webmvc.RepositoryEntityController.getItemResource(org.springframework.data.rest.webmvc.RootResourceInformation,java.io.Serializable,org.springframework.data.rest.webmvc.PersistentEntityResourceAssembler,org.springframework.http.HttpHeaders) throws org.springframework.web.HttpRequestMethodNotSupportedException

Async:
    Async started = false
     Async result = null

Resolved Exception:
             Type = null

ModelAndView:
        View name = null
             View = null
            Model = null

FlashMap:
       Attributes = null

MockHttpServletResponse:
           Status = 200
    Error message = null
          Headers = {Content-Type=[application/json;charset=UTF-8], X-Content-Type-Options=[nosniff], X-XSS-Protection=[1; mode=block], Cache-Control=[no-cache, no-store, max-age=0, must-revalidate], Pragma=[no-cache], Expires=[0], X-Frame-Options=[DENY]}
     Content type = application/json;charset=UTF-8
             Body = {
  "inputUserId" : "username",
  "lastUpdateUserId" : "username",
  "computerId" : "username",
  "businessUnitId" : "125",
  "description" : "TESTTEST",
  "businessUnitType" : "BS",
  "idNumber" : "",
  "companyId" : "00000",
  "relatedBusinessUnitId" : "",
  "modelOrConsolidated" : "",
  "companyPreview" : {
    "companyId" : "00000",
    "description" : "AMTEK GROUP"
  },
  "lastUpdateDateTime" : "2018-12-14T17:35:54",
  "inputDateTime" : "2018-12-14T17:35:54",
  "relatedPreview" : null,
  "_links" : {
    "self" : {
      "href" : "http://localhost/api/businessUnits/125"
    },
    "businessUnit" : {
      "href" : "http://localhost/api/businessUnits/125"
    },
    "related" : {
      "href" : "http://localhost/api/businessUnits/125/related"
    },
    "itemBranchInfos" : {
      "href" : "http://localhost/api/businessUnits/125/itemBranchInfos"
    },
    "locations" : {
      "href" : "http://localhost/api/businessUnits/125/locations"
    },
    "company" : {
      "href" : "http://localhost/api/businessUnits/125/company"
    },
    "configuration" : {
      "href" : "http://localhost/api/businessUnits/125/configuration"
    }
  }
}
    Forwarded URL = null
   Redirected URL = null
          Cookies = []
2018-12-14 17:35:54.955  INFO 9212 --- [    Test worker] o.s.t.c.transaction.TransactionContext   : Rolled back transaction for test: [DefaultTestContext@143aa50a testClass = BusinessUnitApiTest, testInstance = ags.goldenlionerp.apiTests.setups.BusinessUnitApiTest@1814c822, testMethod = createTestWithPostWithoutRelatedBU@BusinessUnitApiTest, testException = [null], mergedContextConfiguration = [WebMergedContextConfiguration@22aea804 testClass = BusinessUnitApiTest, locations = '{}', classes = '{class ags.goldenlionerp.GoldenLionErpApplication}', contextInitializerClasses = '[]', activeProfiles = '{}', propertySourceLocations = '{classpath:test.properties}', propertySourceProperties = '{org.springframework.boot.test.context.SpringBootTestContextBootstrapper=true}', contextCustomizers = set[org.springframework.boot.test.autoconfigure.properties.PropertyMappingContextCustomizer@0, org.springframework.boot.test.autoconfigure.web.servlet.WebDriverContextCustomizerFactory$Customizer@636d731e, [ImportsContextCustomizer@4f157508 key = [ags.goldenlionerp.apiTests.ApiTestBase$TestConfig]], org.springframework.boot.test.context.filter.ExcludeFilterContextCustomizer@6afa5291, org.springframework.boot.test.json.DuplicateJsonObjectContextCustomizerFactory$DuplicateJsonObjectContextCustomizer@20cebcb4, org.springframework.boot.test.mock.mockito.MockitoContextCustomizer@0, org.springframework.boot.test.web.client.TestRestTemplateContextCustomizer@49a32273], resourceBasePath = 'src/main/webapp', contextLoader = 'org.springframework.boot.test.context.SpringBootContextLoader', parent = [null]], attributes = map['org.springframework.test.context.web.ServletTestExecutionListener.activateListener' -> true, 'org.springframework.test.context.web.ServletTestExecutionListener.populatedRequestContextHolder' -> true, 'org.springframework.test.context.web.ServletTestExecutionListener.resetRequestContextHolder' -> true]]
2018-12-14 17:35:54.955  INFO 9212 --- [    Test worker] o.s.t.c.transaction.TransactionContext   : Began transaction (1) for test context [DefaultTestContext@143aa50a testClass = BusinessUnitApiTest, testInstance = ags.goldenlionerp.apiTests.setups.BusinessUnitApiTest@25c4cf7a, testMethod = updateTestWithPut@ApiTestBase, testException = [null], mergedContextConfiguration = [WebMergedContextConfiguration@22aea804 testClass = BusinessUnitApiTest, locations = '{}', classes = '{class ags.goldenlionerp.GoldenLionErpApplication}', contextInitializerClasses = '[]', activeProfiles = '{}', propertySourceLocations = '{classpath:test.properties}', propertySourceProperties = '{org.springframework.boot.test.context.SpringBootTestContextBootstrapper=true}', contextCustomizers = set[org.springframework.boot.test.autoconfigure.properties.PropertyMappingContextCustomizer@0, org.springframework.boot.test.autoconfigure.web.servlet.WebDriverContextCustomizerFactory$Customizer@636d731e, [ImportsContextCustomizer@4f157508 key = [ags.goldenlionerp.apiTests.ApiTestBase$TestConfig]], org.springframework.boot.test.context.filter.ExcludeFilterContextCustomizer@6afa5291, org.springframework.boot.test.json.DuplicateJsonObjectContextCustomizerFactory$DuplicateJsonObjectContextCustomizer@20cebcb4, org.springframework.boot.test.mock.mockito.MockitoContextCustomizer@0, org.springframework.boot.test.web.client.TestRestTemplateContextCustomizer@49a32273], resourceBasePath = 'src/main/webapp', contextLoader = 'org.springframework.boot.test.context.SpringBootContextLoader', parent = [null]], attributes = map['org.springframework.test.context.web.ServletTestExecutionListener.activateListener' -> true, 'org.springframework.test.context.web.ServletTestExecutionListener.populatedRequestContextHolder' -> true, 'org.springframework.test.context.web.ServletTestExecutionListener.resetRequestContextHolder' -> true]]; transaction manager [org.springframework.orm.jpa.JpaTransactionManager@76f112e2]; rollback [true]
2018-12-14 17:35:54.955  INFO 9212 --- [    Test worker] o.s.b.t.m.w.SpringBootMockServletContext : Initializing Spring FrameworkServlet ''
2018-12-14 17:35:54.955  INFO 9212 --- [    Test worker] o.s.t.web.servlet.TestDispatcherServlet  : FrameworkServlet '': initialization started
2018-12-14 17:35:54.955  INFO 9212 --- [    Test worker] o.s.t.web.servlet.TestDispatcherServlet  : FrameworkServlet '': initialization completed in 0 ms
Hibernate: select businessun0_.bnbuid as bnbuid1_10_0_, businessun0_.bncid as bncid2_10_0_, businessun0_.bndtin as bndtin3_10_0_, businessun0_.bntmin as bntmin4_10_0_, businessun0_.bnuid as bnuid5_10_0_, businessun0_.bndtlu as bndtlu6_10_0_, businessun0_.bntmlu as bntmlu7_10_0_, businessun0_.bnuidm as bnuidm8_10_0_, businessun0_.bnbuty as bnbuty9_10_0_, businessun0_.bncoid as bncoid10_10_0_, businessun0_.bndesb1 as bndesb11_10_0_, businessun0_.bnanum as bnanum12_10_0_, businessun0_.bnfmod as bnfmod13_10_0_, businessun0_.bnbuid1 as bnbuid14_10_0_, company1_.cncoid as cncoid1_9_1_, company1_.cncid as cncid2_9_1_, company1_.cndtin as cndtin3_9_1_, company1_.cntmin as cntmin4_9_1_, company1_.cnuid as cnuid5_9_1_, company1_.cndtlu as cndtlu6_9_1_, company1_.cntmlu as cntmlu7_9_1_, company1_.cnuidm as cnuidm8_9_1_, company1_.cnanum as cnanum9_9_1_, company1_.cncrcb as cncrcb10_9_1_, company1_.cncap as cncap11_9_1_, company1_.cncfy as cncfy12_9_1_, company1_.cncip as cncip13_9_1_, company1_.cncpp as cncpp14_9_1_, company1_.cncrp as cncrp15_9_1_, company1_.cndesb1 as cndesb16_9_1_, company1_.cnfdp as cnfdp17_9_1_, branchplan2_.bcbuid as bcbuid1_11_2_, branchplan2_.bccid as bccid2_11_2_, branchplan2_.bcdtin as bcdtin3_11_2_, branchplan2_.bctmin as bctmin4_11_2_, branchplan2_.bcuid as bcuid5_11_2_, branchplan2_.bcdtlu as bcdtlu6_11_2_, branchplan2_.bctmlu as bctmlu7_11_2_, branchplan2_.bcuidm as bcuidm8_11_2_, branchplan2_.bcanum as bcanum9_11_2_, branchplan2_.bcctm as bcctm10_11_2_, branchplan2_.bcitgl as bcitgl11_11_2_, branchplan2_.bcilc as bcilc12_11_2_, branchplan2_.bcxrt as bcxrt13_11_2_, branchplan2_.bcxrt2 as bcxrt14_11_2_, branchplan2_.bclctl as bclctl15_11_2_, branchplan2_.bcpucm as bcpucm16_11_2_, branchplan2_.bcsicm as bcsicm17_11_2_, branchplan2_.bcwctl as bcwctl18_11_2_ from t0021 businessun0_ inner join t0020 company1_ on businessun0_.bncoid=company1_.cncoid left outer join t0022 branchplan2_ on businessun0_.bnbuid=branchplan2_.bcbuid where businessun0_.bnbuid=?
2018-12-14 17:35:54.955  INFO 9212 --- [    Test worker] o.s.t.c.transaction.TransactionContext   : Rolled back transaction for test: [DefaultTestContext@143aa50a testClass = BusinessUnitApiTest, testInstance = ags.goldenlionerp.apiTests.setups.BusinessUnitApiTest@25c4cf7a, testMethod = updateTestWithPut@ApiTestBase, testException = [null], mergedContextConfiguration = [WebMergedContextConfiguration@22aea804 testClass = BusinessUnitApiTest, locations = '{}', classes = '{class ags.goldenlionerp.GoldenLionErpApplication}', contextInitializerClasses = '[]', activeProfiles = '{}', propertySourceLocations = '{classpath:test.properties}', propertySourceProperties = '{org.springframework.boot.test.context.SpringBootTestContextBootstrapper=true}', contextCustomizers = set[org.springframework.boot.test.autoconfigure.properties.PropertyMappingContextCustomizer@0, org.springframework.boot.test.autoconfigure.web.servlet.WebDriverContextCustomizerFactory$Customizer@636d731e, [ImportsContextCustomizer@4f157508 key = [ags.goldenlionerp.apiTests.ApiTestBase$TestConfig]], org.springframework.boot.test.context.filter.ExcludeFilterContextCustomizer@6afa5291, org.springframework.boot.test.json.DuplicateJsonObjectContextCustomizerFactory$DuplicateJsonObjectContextCustomizer@20cebcb4, org.springframework.boot.test.mock.mockito.MockitoContextCustomizer@0, org.springframework.boot.test.web.client.TestRestTemplateContextCustomizer@49a32273], resourceBasePath = 'src/main/webapp', contextLoader = 'org.springframework.boot.test.context.SpringBootContextLoader', parent = [null]], attributes = map['org.springframework.test.context.web.ServletTestExecutionListener.activateListener' -> true, 'org.springframework.test.context.web.ServletTestExecutionListener.populatedRequestContextHolder' -> true, 'org.springframework.test.context.web.ServletTestExecutionListener.resetRequestContextHolder' -> true]]
2018-12-14 17:35:54.955  INFO 9212 --- [    Test worker] o.s.t.c.transaction.TransactionContext   : Began transaction (1) for test context [DefaultTestContext@143aa50a testClass = BusinessUnitApiTest, testInstance = ags.goldenlionerp.apiTests.setups.BusinessUnitApiTest@1c8df041, testMethod = getTestSingle@ApiTestBase, testException = [null], mergedContextConfiguration = [WebMergedContextConfiguration@22aea804 testClass = BusinessUnitApiTest, locations = '{}', classes = '{class ags.goldenlionerp.GoldenLionErpApplication}', contextInitializerClasses = '[]', activeProfiles = '{}', propertySourceLocations = '{classpath:test.properties}', propertySourceProperties = '{org.springframework.boot.test.context.SpringBootTestContextBootstrapper=true}', contextCustomizers = set[org.springframework.boot.test.autoconfigure.properties.PropertyMappingContextCustomizer@0, org.springframework.boot.test.autoconfigure.web.servlet.WebDriverContextCustomizerFactory$Customizer@636d731e, [ImportsContextCustomizer@4f157508 key = [ags.goldenlionerp.apiTests.ApiTestBase$TestConfig]], org.springframework.boot.test.context.filter.ExcludeFilterContextCustomizer@6afa5291, org.springframework.boot.test.json.DuplicateJsonObjectContextCustomizerFactory$DuplicateJsonObjectContextCustomizer@20cebcb4, org.springframework.boot.test.mock.mockito.MockitoContextCustomizer@0, org.springframework.boot.test.web.client.TestRestTemplateContextCustomizer@49a32273], resourceBasePath = 'src/main/webapp', contextLoader = 'org.springframework.boot.test.context.SpringBootContextLoader', parent = [null]], attributes = map['org.springframework.test.context.web.ServletTestExecutionListener.activateListener' -> true, 'org.springframework.test.context.web.ServletTestExecutionListener.populatedRequestContextHolder' -> true, 'org.springframework.test.context.web.ServletTestExecutionListener.resetRequestContextHolder' -> true]]; transaction manager [org.springframework.orm.jpa.JpaTransactionManager@76f112e2]; rollback [true]
2018-12-14 17:35:54.955  INFO 9212 --- [    Test worker] o.s.b.t.m.w.SpringBootMockServletContext : Initializing Spring FrameworkServlet ''
2018-12-14 17:35:54.955  INFO 9212 --- [    Test worker] o.s.t.web.servlet.TestDispatcherServlet  : FrameworkServlet '': initialization started
2018-12-14 17:35:54.971  INFO 9212 --- [    Test worker] o.s.t.web.servlet.TestDispatcherServlet  : FrameworkServlet '': initialization completed in 16 ms
Hibernate: select businessun0_.bnbuid as bnbuid1_10_0_, businessun0_.bncid as bncid2_10_0_, businessun0_.bndtin as bndtin3_10_0_, businessun0_.bntmin as bntmin4_10_0_, businessun0_.bnuid as bnuid5_10_0_, businessun0_.bndtlu as bndtlu6_10_0_, businessun0_.bntmlu as bntmlu7_10_0_, businessun0_.bnuidm as bnuidm8_10_0_, businessun0_.bnbuty as bnbuty9_10_0_, businessun0_.bncoid as bncoid10_10_0_, businessun0_.bndesb1 as bndesb11_10_0_, businessun0_.bnanum as bnanum12_10_0_, businessun0_.bnfmod as bnfmod13_10_0_, businessun0_.bnbuid1 as bnbuid14_10_0_, company1_.cncoid as cncoid1_9_1_, company1_.cncid as cncid2_9_1_, company1_.cndtin as cndtin3_9_1_, company1_.cntmin as cntmin4_9_1_, company1_.cnuid as cnuid5_9_1_, company1_.cndtlu as cndtlu6_9_1_, company1_.cntmlu as cntmlu7_9_1_, company1_.cnuidm as cnuidm8_9_1_, company1_.cnanum as cnanum9_9_1_, company1_.cncrcb as cncrcb10_9_1_, company1_.cncap as cncap11_9_1_, company1_.cncfy as cncfy12_9_1_, company1_.cncip as cncip13_9_1_, company1_.cncpp as cncpp14_9_1_, company1_.cncrp as cncrp15_9_1_, company1_.cndesb1 as cndesb16_9_1_, company1_.cnfdp as cnfdp17_9_1_, branchplan2_.bcbuid as bcbuid1_11_2_, branchplan2_.bccid as bccid2_11_2_, branchplan2_.bcdtin as bcdtin3_11_2_, branchplan2_.bctmin as bctmin4_11_2_, branchplan2_.bcuid as bcuid5_11_2_, branchplan2_.bcdtlu as bcdtlu6_11_2_, branchplan2_.bctmlu as bctmlu7_11_2_, branchplan2_.bcuidm as bcuidm8_11_2_, branchplan2_.bcanum as bcanum9_11_2_, branchplan2_.bcctm as bcctm10_11_2_, branchplan2_.bcitgl as bcitgl11_11_2_, branchplan2_.bcilc as bcilc12_11_2_, branchplan2_.bcxrt as bcxrt13_11_2_, branchplan2_.bcxrt2 as bcxrt14_11_2_, branchplan2_.bclctl as bclctl15_11_2_, branchplan2_.bcpucm as bcpucm16_11_2_, branchplan2_.bcsicm as bcsicm17_11_2_, branchplan2_.bcwctl as bcwctl18_11_2_ from t0021 businessun0_ inner join t0020 company1_ on businessun0_.bncoid=company1_.cncoid left outer join t0022 branchplan2_ on businessun0_.bnbuid=branchplan2_.bcbuid where businessun0_.bnbuid=?
2018-12-14 17:35:54.987  INFO 9212 --- [    Test worker] o.s.t.c.transaction.TransactionContext   : Rolled back transaction for test: [DefaultTestContext@143aa50a testClass = BusinessUnitApiTest, testInstance = ags.goldenlionerp.apiTests.setups.BusinessUnitApiTest@1c8df041, testMethod = getTestSingle@ApiTestBase, testException = [null], mergedContextConfiguration = [WebMergedContextConfiguration@22aea804 testClass = BusinessUnitApiTest, locations = '{}', classes = '{class ags.goldenlionerp.GoldenLionErpApplication}', contextInitializerClasses = '[]', activeProfiles = '{}', propertySourceLocations = '{classpath:test.properties}', propertySourceProperties = '{org.springframework.boot.test.context.SpringBootTestContextBootstrapper=true}', contextCustomizers = set[org.springframework.boot.test.autoconfigure.properties.PropertyMappingContextCustomizer@0, org.springframework.boot.test.autoconfigure.web.servlet.WebDriverContextCustomizerFactory$Customizer@636d731e, [ImportsContextCustomizer@4f157508 key = [ags.goldenlionerp.apiTests.ApiTestBase$TestConfig]], org.springframework.boot.test.context.filter.ExcludeFilterContextCustomizer@6afa5291, org.springframework.boot.test.json.DuplicateJsonObjectContextCustomizerFactory$DuplicateJsonObjectContextCustomizer@20cebcb4, org.springframework.boot.test.mock.mockito.MockitoContextCustomizer@0, org.springframework.boot.test.web.client.TestRestTemplateContextCustomizer@49a32273], resourceBasePath = 'src/main/webapp', contextLoader = 'org.springframework.boot.test.context.SpringBootContextLoader', parent = [null]], attributes = map['org.springframework.test.context.web.ServletTestExecutionListener.activateListener' -> true, 'org.springframework.test.context.web.ServletTestExecutionListener.populatedRequestContextHolder' -> true, 'org.springframework.test.context.web.ServletTestExecutionListener.resetRequestContextHolder' -> true]]
2018-12-14 17:35:54.987  INFO 9212 --- [    Test worker] o.s.t.c.transaction.TransactionContext   : Began transaction (1) for test context [DefaultTestContext@143aa50a testClass = BusinessUnitApiTest, testInstance = ags.goldenlionerp.apiTests.setups.BusinessUnitApiTest@62a1c144, testMethod = updateTestWithPatch@ApiTestBase, testException = [null], mergedContextConfiguration = [WebMergedContextConfiguration@22aea804 testClass = BusinessUnitApiTest, locations = '{}', classes = '{class ags.goldenlionerp.GoldenLionErpApplication}', contextInitializerClasses = '[]', activeProfiles = '{}', propertySourceLocations = '{classpath:test.properties}', propertySourceProperties = '{org.springframework.boot.test.context.SpringBootTestContextBootstrapper=true}', contextCustomizers = set[org.springframework.boot.test.autoconfigure.properties.PropertyMappingContextCustomizer@0, org.springframework.boot.test.autoconfigure.web.servlet.WebDriverContextCustomizerFactory$Customizer@636d731e, [ImportsContextCustomizer@4f157508 key = [ags.goldenlionerp.apiTests.ApiTestBase$TestConfig]], org.springframework.boot.test.context.filter.ExcludeFilterContextCustomizer@6afa5291, org.springframework.boot.test.json.DuplicateJsonObjectContextCustomizerFactory$DuplicateJsonObjectContextCustomizer@20cebcb4, org.springframework.boot.test.mock.mockito.MockitoContextCustomizer@0, org.springframework.boot.test.web.client.TestRestTemplateContextCustomizer@49a32273], resourceBasePath = 'src/main/webapp', contextLoader = 'org.springframework.boot.test.context.SpringBootContextLoader', parent = [null]], attributes = map['org.springframework.test.context.web.ServletTestExecutionListener.activateListener' -> true, 'org.springframework.test.context.web.ServletTestExecutionListener.populatedRequestContextHolder' -> true, 'org.springframework.test.context.web.ServletTestExecutionListener.resetRequestContextHolder' -> true]]; transaction manager [org.springframework.orm.jpa.JpaTransactionManager@76f112e2]; rollback [true]
2018-12-14 17:35:54.987  INFO 9212 --- [    Test worker] o.s.b.t.m.w.SpringBootMockServletContext : Initializing Spring FrameworkServlet ''
2018-12-14 17:35:54.987  INFO 9212 --- [    Test worker] o.s.t.web.servlet.TestDispatcherServlet  : FrameworkServlet '': initialization started
2018-12-14 17:35:54.987  INFO 9212 --- [    Test worker] o.s.t.web.servlet.TestDispatcherServlet  : FrameworkServlet '': initialization completed in 0 ms
Hibernate: select businessun0_.bnbuid as bnbuid1_10_0_, businessun0_.bncid as bncid2_10_0_, businessun0_.bndtin as bndtin3_10_0_, businessun0_.bntmin as bntmin4_10_0_, businessun0_.bnuid as bnuid5_10_0_, businessun0_.bndtlu as bndtlu6_10_0_, businessun0_.bntmlu as bntmlu7_10_0_, businessun0_.bnuidm as bnuidm8_10_0_, businessun0_.bnbuty as bnbuty9_10_0_, businessun0_.bncoid as bncoid10_10_0_, businessun0_.bndesb1 as bndesb11_10_0_, businessun0_.bnanum as bnanum12_10_0_, businessun0_.bnfmod as bnfmod13_10_0_, businessun0_.bnbuid1 as bnbuid14_10_0_, company1_.cncoid as cncoid1_9_1_, company1_.cncid as cncid2_9_1_, company1_.cndtin as cndtin3_9_1_, company1_.cntmin as cntmin4_9_1_, company1_.cnuid as cnuid5_9_1_, company1_.cndtlu as cndtlu6_9_1_, company1_.cntmlu as cntmlu7_9_1_, company1_.cnuidm as cnuidm8_9_1_, company1_.cnanum as cnanum9_9_1_, company1_.cncrcb as cncrcb10_9_1_, company1_.cncap as cncap11_9_1_, company1_.cncfy as cncfy12_9_1_, company1_.cncip as cncip13_9_1_, company1_.cncpp as cncpp14_9_1_, company1_.cncrp as cncrp15_9_1_, company1_.cndesb1 as cndesb16_9_1_, company1_.cnfdp as cnfdp17_9_1_, branchplan2_.bcbuid as bcbuid1_11_2_, branchplan2_.bccid as bccid2_11_2_, branchplan2_.bcdtin as bcdtin3_11_2_, branchplan2_.bctmin as bctmin4_11_2_, branchplan2_.bcuid as bcuid5_11_2_, branchplan2_.bcdtlu as bcdtlu6_11_2_, branchplan2_.bctmlu as bctmlu7_11_2_, branchplan2_.bcuidm as bcuidm8_11_2_, branchplan2_.bcanum as bcanum9_11_2_, branchplan2_.bcctm as bcctm10_11_2_, branchplan2_.bcitgl as bcitgl11_11_2_, branchplan2_.bcilc as bcilc12_11_2_, branchplan2_.bcxrt as bcxrt13_11_2_, branchplan2_.bcxrt2 as bcxrt14_11_2_, branchplan2_.bclctl as bclctl15_11_2_, branchplan2_.bcpucm as bcpucm16_11_2_, branchplan2_.bcsicm as bcsicm17_11_2_, branchplan2_.bcwctl as bcwctl18_11_2_ from t0021 businessun0_ inner join t0020 company1_ on businessun0_.bncoid=company1_.cncoid left outer join t0022 branchplan2_ on businessun0_.bnbuid=branchplan2_.bcbuid where businessun0_.bnbuid=?
Hibernate: update t0021 set bncid=?, bndtlu=?, bntmlu=?, bnuidm=?, bnbuty=?, bncoid=?, bndesb1=?, bnanum=?, bnfmod=?, bnbuid1=? where bnbuid=?
Hibernate: select businessun0_.bnbuid as bnbuid1_10_0_, businessun0_.bncid as bncid2_10_0_, businessun0_.bndtin as bndtin3_10_0_, businessun0_.bntmin as bntmin4_10_0_, businessun0_.bnuid as bnuid5_10_0_, businessun0_.bndtlu as bndtlu6_10_0_, businessun0_.bntmlu as bntmlu7_10_0_, businessun0_.bnuidm as bnuidm8_10_0_, businessun0_.bnbuty as bnbuty9_10_0_, businessun0_.bncoid as bncoid10_10_0_, businessun0_.bndesb1 as bndesb11_10_0_, businessun0_.bnanum as bnanum12_10_0_, businessun0_.bnfmod as bnfmod13_10_0_, businessun0_.bnbuid1 as bnbuid14_10_0_, company1_.cncoid as cncoid1_9_1_, company1_.cncid as cncid2_9_1_, company1_.cndtin as cndtin3_9_1_, company1_.cntmin as cntmin4_9_1_, company1_.cnuid as cnuid5_9_1_, company1_.cndtlu as cndtlu6_9_1_, company1_.cntmlu as cntmlu7_9_1_, company1_.cnuidm as cnuidm8_9_1_, company1_.cnanum as cnanum9_9_1_, company1_.cncrcb as cncrcb10_9_1_, company1_.cncap as cncap11_9_1_, company1_.cncfy as cncfy12_9_1_, company1_.cncip as cncip13_9_1_, company1_.cncpp as cncpp14_9_1_, company1_.cncrp as cncrp15_9_1_, company1_.cndesb1 as cndesb16_9_1_, company1_.cnfdp as cnfdp17_9_1_, branchplan2_.bcbuid as bcbuid1_11_2_, branchplan2_.bccid as bccid2_11_2_, branchplan2_.bcdtin as bcdtin3_11_2_, branchplan2_.bctmin as bctmin4_11_2_, branchplan2_.bcuid as bcuid5_11_2_, branchplan2_.bcdtlu as bcdtlu6_11_2_, branchplan2_.bctmlu as bctmlu7_11_2_, branchplan2_.bcuidm as bcuidm8_11_2_, branchplan2_.bcanum as bcanum9_11_2_, branchplan2_.bcctm as bcctm10_11_2_, branchplan2_.bcitgl as bcitgl11_11_2_, branchplan2_.bcilc as bcilc12_11_2_, branchplan2_.bcxrt as bcxrt13_11_2_, branchplan2_.bcxrt2 as bcxrt14_11_2_, branchplan2_.bclctl as bclctl15_11_2_, branchplan2_.bcpucm as bcpucm16_11_2_, branchplan2_.bcsicm as bcsicm17_11_2_, branchplan2_.bcwctl as bcwctl18_11_2_ from t0021 businessun0_ inner join t0020 company1_ on businessun0_.bncoid=company1_.cncoid left outer join t0022 branchplan2_ on businessun0_.bnbuid=branchplan2_.bcbuid where businessun0_.bnbuid=?
Hibernate: select businessun0_.bnbuid as bnbuid1_10_0_, businessun0_.bncid as bncid2_10_0_, businessun0_.bndtin as bndtin3_10_0_, businessun0_.bntmin as bntmin4_10_0_, businessun0_.bnuid as bnuid5_10_0_, businessun0_.bndtlu as bndtlu6_10_0_, businessun0_.bntmlu as bntmlu7_10_0_, businessun0_.bnuidm as bnuidm8_10_0_, businessun0_.bnbuty as bnbuty9_10_0_, businessun0_.bncoid as bncoid10_10_0_, businessun0_.bndesb1 as bndesb11_10_0_, businessun0_.bnanum as bnanum12_10_0_, businessun0_.bnfmod as bnfmod13_10_0_, businessun0_.bnbuid1 as bnbuid14_10_0_, company1_.cncoid as cncoid1_9_1_, company1_.cncid as cncid2_9_1_, company1_.cndtin as cndtin3_9_1_, company1_.cntmin as cntmin4_9_1_, company1_.cnuid as cnuid5_9_1_, company1_.cndtlu as cndtlu6_9_1_, company1_.cntmlu as cntmlu7_9_1_, company1_.cnuidm as cnuidm8_9_1_, company1_.cnanum as cnanum9_9_1_, company1_.cncrcb as cncrcb10_9_1_, company1_.cncap as cncap11_9_1_, company1_.cncfy as cncfy12_9_1_, company1_.cncip as cncip13_9_1_, company1_.cncpp as cncpp14_9_1_, company1_.cncrp as cncrp15_9_1_, company1_.cndesb1 as cndesb16_9_1_, company1_.cnfdp as cnfdp17_9_1_, branchplan2_.bcbuid as bcbuid1_11_2_, branchplan2_.bccid as bccid2_11_2_, branchplan2_.bcdtin as bcdtin3_11_2_, branchplan2_.bctmin as bctmin4_11_2_, branchplan2_.bcuid as bcuid5_11_2_, branchplan2_.bcdtlu as bcdtlu6_11_2_, branchplan2_.bctmlu as bctmlu7_11_2_, branchplan2_.bcuidm as bcuidm8_11_2_, branchplan2_.bcanum as bcanum9_11_2_, branchplan2_.bcctm as bcctm10_11_2_, branchplan2_.bcitgl as bcitgl11_11_2_, branchplan2_.bcilc as bcilc12_11_2_, branchplan2_.bcxrt as bcxrt13_11_2_, branchplan2_.bcxrt2 as bcxrt14_11_2_, branchplan2_.bclctl as bclctl15_11_2_, branchplan2_.bcpucm as bcpucm16_11_2_, branchplan2_.bcsicm as bcsicm17_11_2_, branchplan2_.bcwctl as bcwctl18_11_2_ from t0021 businessun0_ inner join t0020 company1_ on businessun0_.bncoid=company1_.cncoid left outer join t0022 branchplan2_ on businessun0_.bnbuid=branchplan2_.bcbuid where businessun0_.bnbuid=?
2018-12-14 17:35:55.051  INFO 9212 --- [    Test worker] o.s.t.c.transaction.TransactionContext   : Rolled back transaction for test: [DefaultTestContext@143aa50a testClass = BusinessUnitApiTest, testInstance = ags.goldenlionerp.apiTests.setups.BusinessUnitApiTest@62a1c144, testMethod = updateTestWithPatch@ApiTestBase, testException = [null], mergedContextConfiguration = [WebMergedContextConfiguration@22aea804 testClass = BusinessUnitApiTest, locations = '{}', classes = '{class ags.goldenlionerp.GoldenLionErpApplication}', contextInitializerClasses = '[]', activeProfiles = '{}', propertySourceLocations = '{classpath:test.properties}', propertySourceProperties = '{org.springframework.boot.test.context.SpringBootTestContextBootstrapper=true}', contextCustomizers = set[org.springframework.boot.test.autoconfigure.properties.PropertyMappingContextCustomizer@0, org.springframework.boot.test.autoconfigure.web.servlet.WebDriverContextCustomizerFactory$Customizer@636d731e, [ImportsContextCustomizer@4f157508 key = [ags.goldenlionerp.apiTests.ApiTestBase$TestConfig]], org.springframework.boot.test.context.filter.ExcludeFilterContextCustomizer@6afa5291, org.springframework.boot.test.json.DuplicateJsonObjectContextCustomizerFactory$DuplicateJsonObjectContextCustomizer@20cebcb4, org.springframework.boot.test.mock.mockito.MockitoContextCustomizer@0, org.springframework.boot.test.web.client.TestRestTemplateContextCustomizer@49a32273], resourceBasePath = 'src/main/webapp', contextLoader = 'org.springframework.boot.test.context.SpringBootContextLoader', parent = [null]], attributes = map['org.springframework.test.context.web.ServletTestExecutionListener.activateListener' -> true, 'org.springframework.test.context.web.ServletTestExecutionListener.populatedRequestContextHolder' -> true, 'org.springframework.test.context.web.ServletTestExecutionListener.resetRequestContextHolder' -> true]]
2018-12-14 17:35:55.053  INFO 9212 --- [    Test worker] o.s.t.c.transaction.TransactionContext   : Began transaction (1) for test context [DefaultTestContext@143aa50a testClass = BusinessUnitApiTest, testInstance = ags.goldenlionerp.apiTests.setups.BusinessUnitApiTest@45f39d65, testMethod = getTestCollection@ApiTestBase, testException = [null], mergedContextConfiguration = [WebMergedContextConfiguration@22aea804 testClass = BusinessUnitApiTest, locations = '{}', classes = '{class ags.goldenlionerp.GoldenLionErpApplication}', contextInitializerClasses = '[]', activeProfiles = '{}', propertySourceLocations = '{classpath:test.properties}', propertySourceProperties = '{org.springframework.boot.test.context.SpringBootTestContextBootstrapper=true}', contextCustomizers = set[org.springframework.boot.test.autoconfigure.properties.PropertyMappingContextCustomizer@0, org.springframework.boot.test.autoconfigure.web.servlet.WebDriverContextCustomizerFactory$Customizer@636d731e, [ImportsContextCustomizer@4f157508 key = [ags.goldenlionerp.apiTests.ApiTestBase$TestConfig]], org.springframework.boot.test.context.filter.ExcludeFilterContextCustomizer@6afa5291, org.springframework.boot.test.json.DuplicateJsonObjectContextCustomizerFactory$DuplicateJsonObjectContextCustomizer@20cebcb4, org.springframework.boot.test.mock.mockito.MockitoContextCustomizer@0, org.springframework.boot.test.web.client.TestRestTemplateContextCustomizer@49a32273], resourceBasePath = 'src/main/webapp', contextLoader = 'org.springframework.boot.test.context.SpringBootContextLoader', parent = [null]], attributes = map['org.springframework.test.context.web.ServletTestExecutionListener.activateListener' -> true, 'org.springframework.test.context.web.ServletTestExecutionListener.populatedRequestContextHolder' -> true, 'org.springframework.test.context.web.ServletTestExecutionListener.resetRequestContextHolder' -> true]]; transaction manager [org.springframework.orm.jpa.JpaTransactionManager@76f112e2]; rollback [true]
2018-12-14 17:35:55.053  INFO 9212 --- [    Test worker] o.s.b.t.m.w.SpringBootMockServletContext : Initializing Spring FrameworkServlet ''
2018-12-14 17:35:55.053  INFO 9212 --- [    Test worker] o.s.t.web.servlet.TestDispatcherServlet  : FrameworkServlet '': initialization started
2018-12-14 17:35:55.058  INFO 9212 --- [    Test worker] o.s.t.web.servlet.TestDispatcherServlet  : FrameworkServlet '': initialization completed in 5 ms
Hibernate: select TOP(?) businessun0_.bnbuid as bnbuid1_10_, businessun0_.bncid as bncid2_10_, businessun0_.bndtin as bndtin3_10_, businessun0_.bntmin as bntmin4_10_, businessun0_.bnuid as bnuid5_10_, businessun0_.bndtlu as bndtlu6_10_, businessun0_.bntmlu as bntmlu7_10_, businessun0_.bnuidm as bnuidm8_10_, businessun0_.bnbuty as bnbuty9_10_, businessun0_.bncoid as bncoid10_10_, businessun0_.bndesb1 as bndesb11_10_, businessun0_.bnanum as bnanum12_10_, businessun0_.bnfmod as bnfmod13_10_, businessun0_.bnbuid1 as bnbuid14_10_ from t0021 businessun0_
Hibernate: select company0_.cncoid as cncoid1_9_0_, company0_.cncid as cncid2_9_0_, company0_.cndtin as cndtin3_9_0_, company0_.cntmin as cntmin4_9_0_, company0_.cnuid as cnuid5_9_0_, company0_.cndtlu as cndtlu6_9_0_, company0_.cntmlu as cntmlu7_9_0_, company0_.cnuidm as cnuidm8_9_0_, company0_.cnanum as cnanum9_9_0_, company0_.cncrcb as cncrcb10_9_0_, company0_.cncap as cncap11_9_0_, company0_.cncfy as cncfy12_9_0_, company0_.cncip as cncip13_9_0_, company0_.cncpp as cncpp14_9_0_, company0_.cncrp as cncrp15_9_0_, company0_.cndesb1 as cndesb16_9_0_, company0_.cnfdp as cnfdp17_9_0_ from t0020 company0_ where company0_.cncoid=?
Hibernate: select branchplan0_.bcbuid as bcbuid1_11_0_, branchplan0_.bccid as bccid2_11_0_, branchplan0_.bcdtin as bcdtin3_11_0_, branchplan0_.bctmin as bctmin4_11_0_, branchplan0_.bcuid as bcuid5_11_0_, branchplan0_.bcdtlu as bcdtlu6_11_0_, branchplan0_.bctmlu as bctmlu7_11_0_, branchplan0_.bcuidm as bcuidm8_11_0_, branchplan0_.bcanum as bcanum9_11_0_, branchplan0_.bcctm as bcctm10_11_0_, branchplan0_.bcitgl as bcitgl11_11_0_, branchplan0_.bcilc as bcilc12_11_0_, branchplan0_.bcxrt as bcxrt13_11_0_, branchplan0_.bcxrt2 as bcxrt14_11_0_, branchplan0_.bclctl as bclctl15_11_0_, branchplan0_.bcpucm as bcpucm16_11_0_, branchplan0_.bcsicm as bcsicm17_11_0_, branchplan0_.bcwctl as bcwctl18_11_0_, businessun1_.bnbuid as bnbuid1_10_1_, businessun1_.bncid as bncid2_10_1_, businessun1_.bndtin as bndtin3_10_1_, businessun1_.bntmin as bntmin4_10_1_, businessun1_.bnuid as bnuid5_10_1_, businessun1_.bndtlu as bndtlu6_10_1_, businessun1_.bntmlu as bntmlu7_10_1_, businessun1_.bnuidm as bnuidm8_10_1_, businessun1_.bnbuty as bnbuty9_10_1_, businessun1_.bncoid as bncoid10_10_1_, businessun1_.bndesb1 as bndesb11_10_1_, businessun1_.bnanum as bnanum12_10_1_, businessun1_.bnfmod as bnfmod13_10_1_, businessun1_.bnbuid1 as bnbuid14_10_1_, company2_.cncoid as cncoid1_9_2_, company2_.cncid as cncid2_9_2_, company2_.cndtin as cndtin3_9_2_, company2_.cntmin as cntmin4_9_2_, company2_.cnuid as cnuid5_9_2_, company2_.cndtlu as cndtlu6_9_2_, company2_.cntmlu as cntmlu7_9_2_, company2_.cnuidm as cnuidm8_9_2_, company2_.cnanum as cnanum9_9_2_, company2_.cncrcb as cncrcb10_9_2_, company2_.cncap as cncap11_9_2_, company2_.cncfy as cncfy12_9_2_, company2_.cncip as cncip13_9_2_, company2_.cncpp as cncpp14_9_2_, company2_.cncrp as cncrp15_9_2_, company2_.cndesb1 as cndesb16_9_2_, company2_.cnfdp as cnfdp17_9_2_ from t0022 branchplan0_ inner join t0021 businessun1_ on branchplan0_.bcbuid=businessun1_.bnbuid inner join t0020 company2_ on businessun1_.bncoid=company2_.cncoid where branchplan0_.bcbuid=?
Hibernate: select branchplan0_.bcbuid as bcbuid1_11_0_, branchplan0_.bccid as bccid2_11_0_, branchplan0_.bcdtin as bcdtin3_11_0_, branchplan0_.bctmin as bctmin4_11_0_, branchplan0_.bcuid as bcuid5_11_0_, branchplan0_.bcdtlu as bcdtlu6_11_0_, branchplan0_.bctmlu as bctmlu7_11_0_, branchplan0_.bcuidm as bcuidm8_11_0_, branchplan0_.bcanum as bcanum9_11_0_, branchplan0_.bcctm as bcctm10_11_0_, branchplan0_.bcitgl as bcitgl11_11_0_, branchplan0_.bcilc as bcilc12_11_0_, branchplan0_.bcxrt as bcxrt13_11_0_, branchplan0_.bcxrt2 as bcxrt14_11_0_, branchplan0_.bclctl as bclctl15_11_0_, branchplan0_.bcpucm as bcpucm16_11_0_, branchplan0_.bcsicm as bcsicm17_11_0_, branchplan0_.bcwctl as bcwctl18_11_0_, businessun1_.bnbuid as bnbuid1_10_1_, businessun1_.bncid as bncid2_10_1_, businessun1_.bndtin as bndtin3_10_1_, businessun1_.bntmin as bntmin4_10_1_, businessun1_.bnuid as bnuid5_10_1_, businessun1_.bndtlu as bndtlu6_10_1_, businessun1_.bntmlu as bntmlu7_10_1_, businessun1_.bnuidm as bnuidm8_10_1_, businessun1_.bnbuty as bnbuty9_10_1_, businessun1_.bncoid as bncoid10_10_1_, businessun1_.bndesb1 as bndesb11_10_1_, businessun1_.bnanum as bnanum12_10_1_, businessun1_.bnfmod as bnfmod13_10_1_, businessun1_.bnbuid1 as bnbuid14_10_1_, company2_.cncoid as cncoid1_9_2_, company2_.cncid as cncid2_9_2_, company2_.cndtin as cndtin3_9_2_, company2_.cntmin as cntmin4_9_2_, company2_.cnuid as cnuid5_9_2_, company2_.cndtlu as cndtlu6_9_2_, company2_.cntmlu as cntmlu7_9_2_, company2_.cnuidm as cnuidm8_9_2_, company2_.cnanum as cnanum9_9_2_, company2_.cncrcb as cncrcb10_9_2_, company2_.cncap as cncap11_9_2_, company2_.cncfy as cncfy12_9_2_, company2_.cncip as cncip13_9_2_, company2_.cncpp as cncpp14_9_2_, company2_.cncrp as cncrp15_9_2_, company2_.cndesb1 as cndesb16_9_2_, company2_.cnfdp as cnfdp17_9_2_ from t0022 branchplan0_ inner join t0021 businessun1_ on branchplan0_.bcbuid=businessun1_.bnbuid inner join t0020 company2_ on businessun1_.bncoid=company2_.cncoid where branchplan0_.bcbuid=?
Hibernate: select branchplan0_.bcbuid as bcbuid1_11_0_, branchplan0_.bccid as bccid2_11_0_, branchplan0_.bcdtin as bcdtin3_11_0_, branchplan0_.bctmin as bctmin4_11_0_, branchplan0_.bcuid as bcuid5_11_0_, branchplan0_.bcdtlu as bcdtlu6_11_0_, branchplan0_.bctmlu as bctmlu7_11_0_, branchplan0_.bcuidm as bcuidm8_11_0_, branchplan0_.bcanum as bcanum9_11_0_, branchplan0_.bcctm as bcctm10_11_0_, branchplan0_.bcitgl as bcitgl11_11_0_, branchplan0_.bcilc as bcilc12_11_0_, branchplan0_.bcxrt as bcxrt13_11_0_, branchplan0_.bcxrt2 as bcxrt14_11_0_, branchplan0_.bclctl as bclctl15_11_0_, branchplan0_.bcpucm as bcpucm16_11_0_, branchplan0_.bcsicm as bcsicm17_11_0_, branchplan0_.bcwctl as bcwctl18_11_0_, businessun1_.bnbuid as bnbuid1_10_1_, businessun1_.bncid as bncid2_10_1_, businessun1_.bndtin as bndtin3_10_1_, businessun1_.bntmin as bntmin4_10_1_, businessun1_.bnuid as bnuid5_10_1_, businessun1_.bndtlu as bndtlu6_10_1_, businessun1_.bntmlu as bntmlu7_10_1_, businessun1_.bnuidm as bnuidm8_10_1_, businessun1_.bnbuty as bnbuty9_10_1_, businessun1_.bncoid as bncoid10_10_1_, businessun1_.bndesb1 as bndesb11_10_1_, businessun1_.bnanum as bnanum12_10_1_, businessun1_.bnfmod as bnfmod13_10_1_, businessun1_.bnbuid1 as bnbuid14_10_1_, company2_.cncoid as cncoid1_9_2_, company2_.cncid as cncid2_9_2_, company2_.cndtin as cndtin3_9_2_, company2_.cntmin as cntmin4_9_2_, company2_.cnuid as cnuid5_9_2_, company2_.cndtlu as cndtlu6_9_2_, company2_.cntmlu as cntmlu7_9_2_, company2_.cnuidm as cnuidm8_9_2_, company2_.cnanum as cnanum9_9_2_, company2_.cncrcb as cncrcb10_9_2_, company2_.cncap as cncap11_9_2_, company2_.cncfy as cncfy12_9_2_, company2_.cncip as cncip13_9_2_, company2_.cncpp as cncpp14_9_2_, company2_.cncrp as cncrp15_9_2_, company2_.cndesb1 as cndesb16_9_2_, company2_.cnfdp as cnfdp17_9_2_ from t0022 branchplan0_ inner join t0021 businessun1_ on branchplan0_.bcbuid=businessun1_.bnbuid inner join t0020 company2_ on businessun1_.bncoid=company2_.cncoid where branchplan0_.bcbuid=?
Hibernate: select company0_.cncoid as cncoid1_9_0_, company0_.cncid as cncid2_9_0_, company0_.cndtin as cndtin3_9_0_, company0_.cntmin as cntmin4_9_0_, company0_.cnuid as cnuid5_9_0_, company0_.cndtlu as cndtlu6_9_0_, company0_.cntmlu as cntmlu7_9_0_, company0_.cnuidm as cnuidm8_9_0_, company0_.cnanum as cnanum9_9_0_, company0_.cncrcb as cncrcb10_9_0_, company0_.cncap as cncap11_9_0_, company0_.cncfy as cncfy12_9_0_, company0_.cncip as cncip13_9_0_, company0_.cncpp as cncpp14_9_0_, company0_.cncrp as cncrp15_9_0_, company0_.cndesb1 as cndesb16_9_0_, company0_.cnfdp as cnfdp17_9_0_ from t0020 company0_ where company0_.cncoid=?
Hibernate: select branchplan0_.bcbuid as bcbuid1_11_0_, branchplan0_.bccid as bccid2_11_0_, branchplan0_.bcdtin as bcdtin3_11_0_, branchplan0_.bctmin as bctmin4_11_0_, branchplan0_.bcuid as bcuid5_11_0_, branchplan0_.bcdtlu as bcdtlu6_11_0_, branchplan0_.bctmlu as bctmlu7_11_0_, branchplan0_.bcuidm as bcuidm8_11_0_, branchplan0_.bcanum as bcanum9_11_0_, branchplan0_.bcctm as bcctm10_11_0_, branchplan0_.bcitgl as bcitgl11_11_0_, branchplan0_.bcilc as bcilc12_11_0_, branchplan0_.bcxrt as bcxrt13_11_0_, branchplan0_.bcxrt2 as bcxrt14_11_0_, branchplan0_.bclctl as bclctl15_11_0_, branchplan0_.bcpucm as bcpucm16_11_0_, branchplan0_.bcsicm as bcsicm17_11_0_, branchplan0_.bcwctl as bcwctl18_11_0_, businessun1_.bnbuid as bnbuid1_10_1_, businessun1_.bncid as bncid2_10_1_, businessun1_.bndtin as bndtin3_10_1_, businessun1_.bntmin as bntmin4_10_1_, businessun1_.bnuid as bnuid5_10_1_, businessun1_.bndtlu as bndtlu6_10_1_, businessun1_.bntmlu as bntmlu7_10_1_, businessun1_.bnuidm as bnuidm8_10_1_, businessun1_.bnbuty as bnbuty9_10_1_, businessun1_.bncoid as bncoid10_10_1_, businessun1_.bndesb1 as bndesb11_10_1_, businessun1_.bnanum as bnanum12_10_1_, businessun1_.bnfmod as bnfmod13_10_1_, businessun1_.bnbuid1 as bnbuid14_10_1_, company2_.cncoid as cncoid1_9_2_, company2_.cncid as cncid2_9_2_, company2_.cndtin as cndtin3_9_2_, company2_.cntmin as cntmin4_9_2_, company2_.cnuid as cnuid5_9_2_, company2_.cndtlu as cndtlu6_9_2_, company2_.cntmlu as cntmlu7_9_2_, company2_.cnuidm as cnuidm8_9_2_, company2_.cnanum as cnanum9_9_2_, company2_.cncrcb as cncrcb10_9_2_, company2_.cncap as cncap11_9_2_, company2_.cncfy as cncfy12_9_2_, company2_.cncip as cncip13_9_2_, company2_.cncpp as cncpp14_9_2_, company2_.cncrp as cncrp15_9_2_, company2_.cndesb1 as cndesb16_9_2_, company2_.cnfdp as cnfdp17_9_2_ from t0022 branchplan0_ inner join t0021 businessun1_ on branchplan0_.bcbuid=businessun1_.bnbuid inner join t0020 company2_ on businessun1_.bncoid=company2_.cncoid where branchplan0_.bcbuid=?
Hibernate: select company0_.cncoid as cncoid1_9_0_, company0_.cncid as cncid2_9_0_, company0_.cndtin as cndtin3_9_0_, company0_.cntmin as cntmin4_9_0_, company0_.cnuid as cnuid5_9_0_, company0_.cndtlu as cndtlu6_9_0_, company0_.cntmlu as cntmlu7_9_0_, company0_.cnuidm as cnuidm8_9_0_, company0_.cnanum as cnanum9_9_0_, company0_.cncrcb as cncrcb10_9_0_, company0_.cncap as cncap11_9_0_, company0_.cncfy as cncfy12_9_0_, company0_.cncip as cncip13_9_0_, company0_.cncpp as cncpp14_9_0_, company0_.cncrp as cncrp15_9_0_, company0_.cndesb1 as cndesb16_9_0_, company0_.cnfdp as cnfdp17_9_0_ from t0020 company0_ where company0_.cncoid=?
Hibernate: select branchplan0_.bcbuid as bcbuid1_11_0_, branchplan0_.bccid as bccid2_11_0_, branchplan0_.bcdtin as bcdtin3_11_0_, branchplan0_.bctmin as bctmin4_11_0_, branchplan0_.bcuid as bcuid5_11_0_, branchplan0_.bcdtlu as bcdtlu6_11_0_, branchplan0_.bctmlu as bctmlu7_11_0_, branchplan0_.bcuidm as bcuidm8_11_0_, branchplan0_.bcanum as bcanum9_11_0_, branchplan0_.bcctm as bcctm10_11_0_, branchplan0_.bcitgl as bcitgl11_11_0_, branchplan0_.bcilc as bcilc12_11_0_, branchplan0_.bcxrt as bcxrt13_11_0_, branchplan0_.bcxrt2 as bcxrt14_11_0_, branchplan0_.bclctl as bclctl15_11_0_, branchplan0_.bcpucm as bcpucm16_11_0_, branchplan0_.bcsicm as bcsicm17_11_0_, branchplan0_.bcwctl as bcwctl18_11_0_, businessun1_.bnbuid as bnbuid1_10_1_, businessun1_.bncid as bncid2_10_1_, businessun1_.bndtin as bndtin3_10_1_, businessun1_.bntmin as bntmin4_10_1_, businessun1_.bnuid as bnuid5_10_1_, businessun1_.bndtlu as bndtlu6_10_1_, businessun1_.bntmlu as bntmlu7_10_1_, businessun1_.bnuidm as bnuidm8_10_1_, businessun1_.bnbuty as bnbuty9_10_1_, businessun1_.bncoid as bncoid10_10_1_, businessun1_.bndesb1 as bndesb11_10_1_, businessun1_.bnanum as bnanum12_10_1_, businessun1_.bnfmod as bnfmod13_10_1_, businessun1_.bnbuid1 as bnbuid14_10_1_, company2_.cncoid as cncoid1_9_2_, company2_.cncid as cncid2_9_2_, company2_.cndtin as cndtin3_9_2_, company2_.cntmin as cntmin4_9_2_, company2_.cnuid as cnuid5_9_2_, company2_.cndtlu as cndtlu6_9_2_, company2_.cntmlu as cntmlu7_9_2_, company2_.cnuidm as cnuidm8_9_2_, company2_.cnanum as cnanum9_9_2_, company2_.cncrcb as cncrcb10_9_2_, company2_.cncap as cncap11_9_2_, company2_.cncfy as cncfy12_9_2_, company2_.cncip as cncip13_9_2_, company2_.cncpp as cncpp14_9_2_, company2_.cncrp as cncrp15_9_2_, company2_.cndesb1 as cndesb16_9_2_, company2_.cnfdp as cnfdp17_9_2_ from t0022 branchplan0_ inner join t0021 businessun1_ on branchplan0_.bcbuid=businessun1_.bnbuid inner join t0020 company2_ on businessun1_.bncoid=company2_.cncoid where branchplan0_.bcbuid=?
Hibernate: select branchplan0_.bcbuid as bcbuid1_11_0_, branchplan0_.bccid as bccid2_11_0_, branchplan0_.bcdtin as bcdtin3_11_0_, branchplan0_.bctmin as bctmin4_11_0_, branchplan0_.bcuid as bcuid5_11_0_, branchplan0_.bcdtlu as bcdtlu6_11_0_, branchplan0_.bctmlu as bctmlu7_11_0_, branchplan0_.bcuidm as bcuidm8_11_0_, branchplan0_.bcanum as bcanum9_11_0_, branchplan0_.bcctm as bcctm10_11_0_, branchplan0_.bcitgl as bcitgl11_11_0_, branchplan0_.bcilc as bcilc12_11_0_, branchplan0_.bcxrt as bcxrt13_11_0_, branchplan0_.bcxrt2 as bcxrt14_11_0_, branchplan0_.bclctl as bclctl15_11_0_, branchplan0_.bcpucm as bcpucm16_11_0_, branchplan0_.bcsicm as bcsicm17_11_0_, branchplan0_.bcwctl as bcwctl18_11_0_, businessun1_.bnbuid as bnbuid1_10_1_, businessun1_.bncid as bncid2_10_1_, businessun1_.bndtin as bndtin3_10_1_, businessun1_.bntmin as bntmin4_10_1_, businessun1_.bnuid as bnuid5_10_1_, businessun1_.bndtlu as bndtlu6_10_1_, businessun1_.bntmlu as bntmlu7_10_1_, businessun1_.bnuidm as bnuidm8_10_1_, businessun1_.bnbuty as bnbuty9_10_1_, businessun1_.bncoid as bncoid10_10_1_, businessun1_.bndesb1 as bndesb11_10_1_, businessun1_.bnanum as bnanum12_10_1_, businessun1_.bnfmod as bnfmod13_10_1_, businessun1_.bnbuid1 as bnbuid14_10_1_, company2_.cncoid as cncoid1_9_2_, company2_.cncid as cncid2_9_2_, company2_.cndtin as cndtin3_9_2_, company2_.cntmin as cntmin4_9_2_, company2_.cnuid as cnuid5_9_2_, company2_.cndtlu as cndtlu6_9_2_, company2_.cntmlu as cntmlu7_9_2_, company2_.cnuidm as cnuidm8_9_2_, company2_.cnanum as cnanum9_9_2_, company2_.cncrcb as cncrcb10_9_2_, company2_.cncap as cncap11_9_2_, company2_.cncfy as cncfy12_9_2_, company2_.cncip as cncip13_9_2_, company2_.cncpp as cncpp14_9_2_, company2_.cncrp as cncrp15_9_2_, company2_.cndesb1 as cndesb16_9_2_, company2_.cnfdp as cnfdp17_9_2_ from t0022 branchplan0_ inner join t0021 businessun1_ on branchplan0_.bcbuid=businessun1_.bnbuid inner join t0020 company2_ on businessun1_.bncoid=company2_.cncoid where branchplan0_.bcbuid=?

MockHttpServletRequest:
      HTTP Method = GET
      Request URI = /api/businessUnits/
       Parameters = {}
          Headers = {Accept=[application/json]}
             Body = <no character encoding set>
    Session Attrs = {org.springframework.security.web.csrf.HttpSessionCsrfTokenRepository.CSRF_TOKEN=org.springframework.security.web.csrf.DefaultCsrfToken@262467, SPRING_SECURITY_CONTEXT=org.springframework.security.core.context.SecurityContextImpl@475fcd89: Authentication: org.springframework.security.authentication.UsernamePasswordAuthenticationToken@475fcd89: Principal: org.springframework.security.core.userdetails.User@f02988d6: Username: username; Password: [PROTECTED]; Enabled: true; AccountNonExpired: true; credentialsNonExpired: true; AccountNonLocked: true; Not granted any authorities; Credentials: [PROTECTED]; Authenticated: true; Details: null; Not granted any authorities}

Handler:
             Type = org.springframework.data.rest.webmvc.RepositoryEntityController
           Method = public org.springframework.hateoas.Resources<?> org.springframework.data.rest.webmvc.RepositoryEntityController.getCollectionResource(org.springframework.data.rest.webmvc.RootResourceInformation,org.springframework.data.rest.webmvc.support.DefaultedPageable,org.springframework.data.domain.Sort,org.springframework.data.rest.webmvc.PersistentEntityResourceAssembler) throws org.springframework.data.rest.webmvc.ResourceNotFoundException,org.springframework.web.HttpRequestMethodNotSupportedException

Async:
    Async started = false
     Async result = null

Resolved Exception:
             Type = null

ModelAndView:
        View name = null
             View = null
            Model = null

FlashMap:
       Attributes = null

MockHttpServletResponse:
           Status = 200
    Error message = null
          Headers = {Content-Type=[application/json;charset=UTF-8], X-Content-Type-Options=[nosniff], X-XSS-Protection=[1; mode=block], Cache-Control=[no-cache, no-store, max-age=0, must-revalidate], Pragma=[no-cache], Expires=[0], X-Frame-Options=[DENY]}
     Content type = application/json;charset=UTF-8
             Body = {
  "_embedded" : {
    "businessUnits" : [ {
      "inputUserId" : "QSA",
      "lastUpdateUserId" : "QSA",
      "computerId" : "WIN7UL7P5",
      "businessUnitId" : "100",
      "description" : "AMTEK",
      "businessUnitType" : "BS",
      "idNumber" : "",
      "companyId" : "11000",
      "relatedBusinessUnitId" : "",
      "modelOrConsolidated" : "",
      "companyPreview" : {
        "companyId" : "11000",
        "description" : "AMTEK"
      },
      "lastUpdateDateTime" : "2017-10-23T19:15:11",
      "inputDateTime" : "2017-10-23T19:15:11",
      "relatedPreview" : null,
      "_links" : {
        "self" : {
          "href" : "http://localhost/api/businessUnits/100"
        },
        "businessUnit" : {
          "href" : "http://localhost/api/businessUnits/100"
        },
        "related" : {
          "href" : "http://localhost/api/businessUnits/100/related"
        },
        "itemBranchInfos" : {
          "href" : "http://localhost/api/businessUnits/100/itemBranchInfos"
        },
        "locations" : {
          "href" : "http://localhost/api/businessUnits/100/locations"
        },
        "company" : {
          "href" : "http://localhost/api/businessUnits/100/company"
        },
        "configuration" : {
          "href" : "http://localhost/api/businessUnits/100/configuration"
        }
      }
    }, {
      "inputUserId" : "QSA",
      "lastUpdateUserId" : "QSA",
      "computerId" : "WIN7UL7P5",
      "businessUnitId" : "110",
      "description" : "AMTEK SOKA",
      "businessUnitType" : "IS",
      "idNumber" : "",
      "companyId" : "11000",
      "relatedBusinessUnitId" : "",
      "modelOrConsolidated" : "",
      "companyPreview" : {
        "companyId" : "11000",
        "description" : "AMTEK"
      },
      "lastUpdateDateTime" : "2017-10-23T19:15:49",
      "inputDateTime" : "2017-10-23T19:15:49",
      "relatedPreview" : null,
      "_links" : {
        "self" : {
          "href" : "http://localhost/api/businessUnits/110"
        },
        "businessUnit" : {
          "href" : "http://localhost/api/businessUnits/110"
        },
        "related" : {
          "href" : "http://localhost/api/businessUnits/110/related"
        },
        "itemBranchInfos" : {
          "href" : "http://localhost/api/businessUnits/110/itemBranchInfos"
        },
        "locations" : {
          "href" : "http://localhost/api/businessUnits/110/locations"
        },
        "company" : {
          "href" : "http://localhost/api/businessUnits/110/company"
        },
        "configuration" : {
          "href" : "http://localhost/api/businessUnits/110/configuration"
        }
      }
    }, {
      "inputUserId" : "QSA",
      "lastUpdateUserId" : "QSA",
      "computerId" : "WIN7UL7P5",
      "businessUnitId" : "120",
      "description" : "AMTEK THR",
      "businessUnitType" : "IS",
      "idNumber" : "",
      "companyId" : "11000",
      "relatedBusinessUnitId" : "",
      "modelOrConsolidated" : "",
      "companyPreview" : {
        "companyId" : "11000",
        "description" : "AMTEK"
      },
      "lastUpdateDateTime" : "2017-10-23T19:16:00",
      "inputDateTime" : "2017-10-23T19:16:00",
      "relatedPreview" : null,
      "_links" : {
        "self" : {
          "href" : "http://localhost/api/businessUnits/120"
        },
        "businessUnit" : {
          "href" : "http://localhost/api/businessUnits/120"
        },
        "related" : {
          "href" : "http://localhost/api/businessUnits/120/related"
        },
        "itemBranchInfos" : {
          "href" : "http://localhost/api/businessUnits/120/itemBranchInfos"
        },
        "locations" : {
          "href" : "http://localhost/api/businessUnits/120/locations"
        },
        "company" : {
          "href" : "http://localhost/api/businessUnits/120/company"
        },
        "configuration" : {
          "href" : "http://localhost/api/businessUnits/120/configuration"
        }
      }
    }, {
      "inputUserId" : "QSA",
      "lastUpdateUserId" : "login not yet",
      "computerId" : "LAPTOP-FHFRCCL6",
      "businessUnitId" : "123",
      "description" : "TESSTBU",
      "businessUnitType" : "IS",
      "idNumber" : "0000",
      "companyId" : "00000",
      "relatedBusinessUnitId" : "123",
      "modelOrConsolidated" : "C",
      "companyPreview" : {
        "companyId" : "00000",
        "description" : "AMTEK GROUP"
      },
      "lastUpdateDateTime" : "2018-07-03T17:10:45",
      "inputDateTime" : "2018-06-25T09:55:40",
      "relatedPreview" : {
        "businessUnitId" : "123",
        "description" : "TESSTBU"
      },
      "_links" : {
        "self" : {
          "href" : "http://localhost/api/businessUnits/123"
        },
        "businessUnit" : {
          "href" : "http://localhost/api/businessUnits/123"
        },
        "related" : {
          "href" : "http://localhost/api/businessUnits/123/related"
        },
        "itemBranchInfos" : {
          "href" : "http://localhost/api/businessUnits/123/itemBranchInfos"
        },
        "locations" : {
          "href" : "http://localhost/api/businessUnits/123/locations"
        },
        "company" : {
          "href" : "http://localhost/api/businessUnits/123/company"
        },
        "configuration" : {
          "href" : "http://localhost/api/businessUnits/123/configuration"
        }
      }
    }, {
      "inputUserId" : "QSA",
      "lastUpdateUserId" : "QSA",
      "computerId" : "LAPTOP-FHFRCCL6",
      "businessUnitId" : "345",
      "description" : "tes2",
      "businessUnitType" : "",
      "idNumber" : "PT A",
      "companyId" : "12345",
      "relatedBusinessUnitId" : "",
      "modelOrConsolidated" : "",
      "companyPreview" : {
        "companyId" : "12345",
        "description" : "TEST"
      },
      "lastUpdateDateTime" : "2018-08-20T15:35:13",
      "inputDateTime" : "2018-08-20T15:35:13",
      "relatedPreview" : null,
      "_links" : {
        "self" : {
          "href" : "http://localhost/api/businessUnits/345"
        },
        "businessUnit" : {
          "href" : "http://localhost/api/businessUnits/345"
        },
        "related" : {
          "href" : "http://localhost/api/businessUnits/345/related"
        },
        "itemBranchInfos" : {
          "href" : "http://localhost/api/businessUnits/345/itemBranchInfos"
        },
        "locations" : {
          "href" : "http://localhost/api/businessUnits/345/locations"
        },
        "company" : {
          "href" : "http://localhost/api/businessUnits/345/company"
        },
        "configuration" : {
          "href" : "http://localhost/api/businessUnits/345/configuration"
        }
      }
    }, {
      "inputUserId" : "QSA",
      "lastUpdateUserId" : "QSA",
      "computerId" : "WIN7UL7P5",
      "businessUnitId" : "MDL",
      "description" : "Model Business Unit",
      "businessUnitType" : "",
      "idNumber" : "",
      "companyId" : "00000",
      "relatedBusinessUnitId" : "",
      "modelOrConsolidated" : "M",
      "companyPreview" : {
        "companyId" : "00000",
        "description" : "AMTEK GROUP"
      },
      "lastUpdateDateTime" : "2017-10-23T19:15:36",
      "inputDateTime" : "2017-10-23T19:15:36",
      "relatedPreview" : null,
      "_links" : {
        "self" : {
          "href" : "http://localhost/api/businessUnits/MDL"
        },
        "businessUnit" : {
          "href" : "http://localhost/api/businessUnits/MDL"
        },
        "related" : {
          "href" : "http://localhost/api/businessUnits/MDL/related"
        },
        "itemBranchInfos" : {
          "href" : "http://localhost/api/businessUnits/MDL/itemBranchInfos"
        },
        "locations" : {
          "href" : "http://localhost/api/businessUnits/MDL/locations"
        },
        "company" : {
          "href" : "http://localhost/api/businessUnits/MDL/company"
        },
        "configuration" : {
          "href" : "http://localhost/api/businessUnits/MDL/configuration"
        }
      }
    } ]
  },
  "_links" : {
    "self" : {
      "href" : "http://localhost/api/businessUnits{?page,size,sort}",
      "templated" : true
    },
    "profile" : {
      "href" : "http://localhost/api/profile/businessUnits"
    }
  },
  "page" : {
    "size" : 20,
    "totalElements" : 6,
    "totalPages" : 1,
    "number" : 0
  }
}
    Forwarded URL = null
   Redirected URL = null
          Cookies = []
2018-12-14 17:35:55.096  INFO 9212 --- [    Test worker] o.s.t.c.transaction.TransactionContext   : Rolled back transaction for test: [DefaultTestContext@143aa50a testClass = BusinessUnitApiTest, testInstance = ags.goldenlionerp.apiTests.setups.BusinessUnitApiTest@45f39d65, testMethod = getTestCollection@ApiTestBase, testException = [null], mergedContextConfiguration = [WebMergedContextConfiguration@22aea804 testClass = BusinessUnitApiTest, locations = '{}', classes = '{class ags.goldenlionerp.GoldenLionErpApplication}', contextInitializerClasses = '[]', activeProfiles = '{}', propertySourceLocations = '{classpath:test.properties}', propertySourceProperties = '{org.springframework.boot.test.context.SpringBootTestContextBootstrapper=true}', contextCustomizers = set[org.springframework.boot.test.autoconfigure.properties.PropertyMappingContextCustomizer@0, org.springframework.boot.test.autoconfigure.web.servlet.WebDriverContextCustomizerFactory$Customizer@636d731e, [ImportsContextCustomizer@4f157508 key = [ags.goldenlionerp.apiTests.ApiTestBase$TestConfig]], org.springframework.boot.test.context.filter.ExcludeFilterContextCustomizer@6afa5291, org.springframework.boot.test.json.DuplicateJsonObjectContextCustomizerFactory$DuplicateJsonObjectContextCustomizer@20cebcb4, org.springframework.boot.test.mock.mockito.MockitoContextCustomizer@0, org.springframework.boot.test.web.client.TestRestTemplateContextCustomizer@49a32273], resourceBasePath = 'src/main/webapp', contextLoader = 'org.springframework.boot.test.context.SpringBootContextLoader', parent = [null]], attributes = map['org.springframework.test.context.web.ServletTestExecutionListener.activateListener' -> true, 'org.springframework.test.context.web.ServletTestExecutionListener.populatedRequestContextHolder' -> true, 'org.springframework.test.context.web.ServletTestExecutionListener.resetRequestContextHolder' -> true]]
2018-12-14 17:35:55.096  INFO 9212 --- [    Test worker] o.s.t.c.transaction.TransactionContext   : Began transaction (1) for test context [DefaultTestContext@143aa50a testClass = BusinessUnitApiTest, testInstance = ags.goldenlionerp.apiTests.setups.BusinessUnitApiTest@6e1e455d, testMethod = createTestWithPut@ApiTestBase, testException = [null], mergedContextConfiguration = [WebMergedContextConfiguration@22aea804 testClass = BusinessUnitApiTest, locations = '{}', classes = '{class ags.goldenlionerp.GoldenLionErpApplication}', contextInitializerClasses = '[]', activeProfiles = '{}', propertySourceLocations = '{classpath:test.properties}', propertySourceProperties = '{org.springframework.boot.test.context.SpringBootTestContextBootstrapper=true}', contextCustomizers = set[org.springframework.boot.test.autoconfigure.properties.PropertyMappingContextCustomizer@0, org.springframework.boot.test.autoconfigure.web.servlet.WebDriverContextCustomizerFactory$Customizer@636d731e, [ImportsContextCustomizer@4f157508 key = [ags.goldenlionerp.apiTests.ApiTestBase$TestConfig]], org.springframework.boot.test.context.filter.ExcludeFilterContextCustomizer@6afa5291, org.springframework.boot.test.json.DuplicateJsonObjectContextCustomizerFactory$DuplicateJsonObjectContextCustomizer@20cebcb4, org.springframework.boot.test.mock.mockito.MockitoContextCustomizer@0, org.springframework.boot.test.web.client.TestRestTemplateContextCustomizer@49a32273], resourceBasePath = 'src/main/webapp', contextLoader = 'org.springframework.boot.test.context.SpringBootContextLoader', parent = [null]], attributes = map['org.springframework.test.context.web.ServletTestExecutionListener.activateListener' -> true, 'org.springframework.test.context.web.ServletTestExecutionListener.populatedRequestContextHolder' -> true, 'org.springframework.test.context.web.ServletTestExecutionListener.resetRequestContextHolder' -> true]]; transaction manager [org.springframework.orm.jpa.JpaTransactionManager@76f112e2]; rollback [true]
2018-12-14 17:35:55.096  INFO 9212 --- [    Test worker] o.s.b.t.m.w.SpringBootMockServletContext : Initializing Spring FrameworkServlet ''
2018-12-14 17:35:55.096  INFO 9212 --- [    Test worker] o.s.t.web.servlet.TestDispatcherServlet  : FrameworkServlet '': initialization started
2018-12-14 17:35:55.096  INFO 9212 --- [    Test worker] o.s.t.web.servlet.TestDispatcherServlet  : FrameworkServlet '': initialization completed in 0 ms
Hibernate: select businessun0_.bnbuid as bnbuid1_10_0_, businessun0_.bncid as bncid2_10_0_, businessun0_.bndtin as bndtin3_10_0_, businessun0_.bntmin as bntmin4_10_0_, businessun0_.bnuid as bnuid5_10_0_, businessun0_.bndtlu as bndtlu6_10_0_, businessun0_.bntmlu as bntmlu7_10_0_, businessun0_.bnuidm as bnuidm8_10_0_, businessun0_.bnbuty as bnbuty9_10_0_, businessun0_.bncoid as bncoid10_10_0_, businessun0_.bndesb1 as bndesb11_10_0_, businessun0_.bnanum as bnanum12_10_0_, businessun0_.bnfmod as bnfmod13_10_0_, businessun0_.bnbuid1 as bnbuid14_10_0_, company1_.cncoid as cncoid1_9_1_, company1_.cncid as cncid2_9_1_, company1_.cndtin as cndtin3_9_1_, company1_.cntmin as cntmin4_9_1_, company1_.cnuid as cnuid5_9_1_, company1_.cndtlu as cndtlu6_9_1_, company1_.cntmlu as cntmlu7_9_1_, company1_.cnuidm as cnuidm8_9_1_, company1_.cnanum as cnanum9_9_1_, company1_.cncrcb as cncrcb10_9_1_, company1_.cncap as cncap11_9_1_, company1_.cncfy as cncfy12_9_1_, company1_.cncip as cncip13_9_1_, company1_.cncpp as cncpp14_9_1_, company1_.cncrp as cncrp15_9_1_, company1_.cndesb1 as cndesb16_9_1_, company1_.cnfdp as cnfdp17_9_1_, branchplan2_.bcbuid as bcbuid1_11_2_, branchplan2_.bccid as bccid2_11_2_, branchplan2_.bcdtin as bcdtin3_11_2_, branchplan2_.bctmin as bctmin4_11_2_, branchplan2_.bcuid as bcuid5_11_2_, branchplan2_.bcdtlu as bcdtlu6_11_2_, branchplan2_.bctmlu as bctmlu7_11_2_, branchplan2_.bcuidm as bcuidm8_11_2_, branchplan2_.bcanum as bcanum9_11_2_, branchplan2_.bcctm as bcctm10_11_2_, branchplan2_.bcitgl as bcitgl11_11_2_, branchplan2_.bcilc as bcilc12_11_2_, branchplan2_.bcxrt as bcxrt13_11_2_, branchplan2_.bcxrt2 as bcxrt14_11_2_, branchplan2_.bclctl as bclctl15_11_2_, branchplan2_.bcpucm as bcpucm16_11_2_, branchplan2_.bcsicm as bcsicm17_11_2_, branchplan2_.bcwctl as bcwctl18_11_2_ from t0021 businessun0_ inner join t0020 company1_ on businessun0_.bncoid=company1_.cncoid left outer join t0022 branchplan2_ on businessun0_.bnbuid=branchplan2_.bcbuid where businessun0_.bnbuid=?
2018-12-14 17:35:55.111  INFO 9212 --- [    Test worker] o.s.t.c.transaction.TransactionContext   : Rolled back transaction for test: [DefaultTestContext@143aa50a testClass = BusinessUnitApiTest, testInstance = ags.goldenlionerp.apiTests.setups.BusinessUnitApiTest@6e1e455d, testMethod = createTestWithPut@ApiTestBase, testException = [null], mergedContextConfiguration = [WebMergedContextConfiguration@22aea804 testClass = BusinessUnitApiTest, locations = '{}', classes = '{class ags.goldenlionerp.GoldenLionErpApplication}', contextInitializerClasses = '[]', activeProfiles = '{}', propertySourceLocations = '{classpath:test.properties}', propertySourceProperties = '{org.springframework.boot.test.context.SpringBootTestContextBootstrapper=true}', contextCustomizers = set[org.springframework.boot.test.autoconfigure.properties.PropertyMappingContextCustomizer@0, org.springframework.boot.test.autoconfigure.web.servlet.WebDriverContextCustomizerFactory$Customizer@636d731e, [ImportsContextCustomizer@4f157508 key = [ags.goldenlionerp.apiTests.ApiTestBase$TestConfig]], org.springframework.boot.test.context.filter.ExcludeFilterContextCustomizer@6afa5291, org.springframework.boot.test.json.DuplicateJsonObjectContextCustomizerFactory$DuplicateJsonObjectContextCustomizer@20cebcb4, org.springframework.boot.test.mock.mockito.MockitoContextCustomizer@0, org.springframework.boot.test.web.client.TestRestTemplateContextCustomizer@49a32273], resourceBasePath = 'src/main/webapp', contextLoader = 'org.springframework.boot.test.context.SpringBootContextLoader', parent = [null]], attributes = map['org.springframework.test.context.web.ServletTestExecutionListener.activateListener' -> true, 'org.springframework.test.context.web.ServletTestExecutionListener.populatedRequestContextHolder' -> true, 'org.springframework.test.context.web.ServletTestExecutionListener.resetRequestContextHolder' -> true]]
2018-12-14 17:35:55.111  INFO 9212 --- [    Test worker] o.s.t.c.transaction.TransactionContext   : Began transaction (1) for test context [DefaultTestContext@143aa50a testClass = BusinessUnitApiTest, testInstance = ags.goldenlionerp.apiTests.setups.BusinessUnitApiTest@f1c1592, testMethod = deleteTest@ApiTestBase, testException = [null], mergedContextConfiguration = [WebMergedContextConfiguration@22aea804 testClass = BusinessUnitApiTest, locations = '{}', classes = '{class ags.goldenlionerp.GoldenLionErpApplication}', contextInitializerClasses = '[]', activeProfiles = '{}', propertySourceLocations = '{classpath:test.properties}', propertySourceProperties = '{org.springframework.boot.test.context.SpringBootTestContextBootstrapper=true}', contextCustomizers = set[org.springframework.boot.test.autoconfigure.properties.PropertyMappingContextCustomizer@0, org.springframework.boot.test.autoconfigure.web.servlet.WebDriverContextCustomizerFactory$Customizer@636d731e, [ImportsContextCustomizer@4f157508 key = [ags.goldenlionerp.apiTests.ApiTestBase$TestConfig]], org.springframework.boot.test.context.filter.ExcludeFilterContextCustomizer@6afa5291, org.springframework.boot.test.json.DuplicateJsonObjectContextCustomizerFactory$DuplicateJsonObjectContextCustomizer@20cebcb4, org.springframework.boot.test.mock.mockito.MockitoContextCustomizer@0, org.springframework.boot.test.web.client.TestRestTemplateContextCustomizer@49a32273], resourceBasePath = 'src/main/webapp', contextLoader = 'org.springframework.boot.test.context.SpringBootContextLoader', parent = [null]], attributes = map['org.springframework.test.context.web.ServletTestExecutionListener.activateListener' -> true, 'org.springframework.test.context.web.ServletTestExecutionListener.populatedRequestContextHolder' -> true, 'org.springframework.test.context.web.ServletTestExecutionListener.resetRequestContextHolder' -> true]]; transaction manager [org.springframework.orm.jpa.JpaTransactionManager@76f112e2]; rollback [true]
2018-12-14 17:35:55.111  INFO 9212 --- [    Test worker] o.s.b.t.m.w.SpringBootMockServletContext : Initializing Spring FrameworkServlet ''
2018-12-14 17:35:55.111  INFO 9212 --- [    Test worker] o.s.t.web.servlet.TestDispatcherServlet  : FrameworkServlet '': initialization started
2018-12-14 17:35:55.111  INFO 9212 --- [    Test worker] o.s.t.web.servlet.TestDispatcherServlet  : FrameworkServlet '': initialization completed in 0 ms
Hibernate: select businessun0_.bnbuid as bnbuid1_10_0_, businessun0_.bncid as bncid2_10_0_, businessun0_.bndtin as bndtin3_10_0_, businessun0_.bntmin as bntmin4_10_0_, businessun0_.bnuid as bnuid5_10_0_, businessun0_.bndtlu as bndtlu6_10_0_, businessun0_.bntmlu as bntmlu7_10_0_, businessun0_.bnuidm as bnuidm8_10_0_, businessun0_.bnbuty as bnbuty9_10_0_, businessun0_.bncoid as bncoid10_10_0_, businessun0_.bndesb1 as bndesb11_10_0_, businessun0_.bnanum as bnanum12_10_0_, businessun0_.bnfmod as bnfmod13_10_0_, businessun0_.bnbuid1 as bnbuid14_10_0_, company1_.cncoid as cncoid1_9_1_, company1_.cncid as cncid2_9_1_, company1_.cndtin as cndtin3_9_1_, company1_.cntmin as cntmin4_9_1_, company1_.cnuid as cnuid5_9_1_, company1_.cndtlu as cndtlu6_9_1_, company1_.cntmlu as cntmlu7_9_1_, company1_.cnuidm as cnuidm8_9_1_, company1_.cnanum as cnanum9_9_1_, company1_.cncrcb as cncrcb10_9_1_, company1_.cncap as cncap11_9_1_, company1_.cncfy as cncfy12_9_1_, company1_.cncip as cncip13_9_1_, company1_.cncpp as cncpp14_9_1_, company1_.cncrp as cncrp15_9_1_, company1_.cndesb1 as cndesb16_9_1_, company1_.cnfdp as cnfdp17_9_1_, branchplan2_.bcbuid as bcbuid1_11_2_, branchplan2_.bccid as bccid2_11_2_, branchplan2_.bcdtin as bcdtin3_11_2_, branchplan2_.bctmin as bctmin4_11_2_, branchplan2_.bcuid as bcuid5_11_2_, branchplan2_.bcdtlu as bcdtlu6_11_2_, branchplan2_.bctmlu as bctmlu7_11_2_, branchplan2_.bcuidm as bcuidm8_11_2_, branchplan2_.bcanum as bcanum9_11_2_, branchplan2_.bcctm as bcctm10_11_2_, branchplan2_.bcitgl as bcitgl11_11_2_, branchplan2_.bcilc as bcilc12_11_2_, branchplan2_.bcxrt as bcxrt13_11_2_, branchplan2_.bcxrt2 as bcxrt14_11_2_, branchplan2_.bclctl as bclctl15_11_2_, branchplan2_.bcpucm as bcpucm16_11_2_, branchplan2_.bcsicm as bcsicm17_11_2_, branchplan2_.bcwctl as bcwctl18_11_2_ from t0021 businessun0_ inner join t0020 company1_ on businessun0_.bncoid=company1_.cncoid left outer join t0022 branchplan2_ on businessun0_.bnbuid=branchplan2_.bcbuid where businessun0_.bnbuid=?
2018-12-14 17:35:55.127  INFO 9212 --- [    Test worker] o.s.t.c.transaction.TransactionContext   : Rolled back transaction for test: [DefaultTestContext@143aa50a testClass = BusinessUnitApiTest, testInstance = ags.goldenlionerp.apiTests.setups.BusinessUnitApiTest@f1c1592, testMethod = deleteTest@ApiTestBase, testException = [null], mergedContextConfiguration = [WebMergedContextConfiguration@22aea804 testClass = BusinessUnitApiTest, locations = '{}', classes = '{class ags.goldenlionerp.GoldenLionErpApplication}', contextInitializerClasses = '[]', activeProfiles = '{}', propertySourceLocations = '{classpath:test.properties}', propertySourceProperties = '{org.springframework.boot.test.context.SpringBootTestContextBootstrapper=true}', contextCustomizers = set[org.springframework.boot.test.autoconfigure.properties.PropertyMappingContextCustomizer@0, org.springframework.boot.test.autoconfigure.web.servlet.WebDriverContextCustomizerFactory$Customizer@636d731e, [ImportsContextCustomizer@4f157508 key = [ags.goldenlionerp.apiTests.ApiTestBase$TestConfig]], org.springframework.boot.test.context.filter.ExcludeFilterContextCustomizer@6afa5291, org.springframework.boot.test.json.DuplicateJsonObjectContextCustomizerFactory$DuplicateJsonObjectContextCustomizer@20cebcb4, org.springframework.boot.test.mock.mockito.MockitoContextCustomizer@0, org.springframework.boot.test.web.client.TestRestTemplateContextCustomizer@49a32273], resourceBasePath = 'src/main/webapp', contextLoader = 'org.springframework.boot.test.context.SpringBootContextLoader', parent = [null]], attributes = map['org.springframework.test.context.web.ServletTestExecutionListener.activateListener' -> true, 'org.springframework.test.context.web.ServletTestExecutionListener.populatedRequestContextHolder' -> true, 'org.springframework.test.context.web.ServletTestExecutionListener.resetRequestContextHolder' -> true]]
2018-12-14 17:35:55.127  INFO 9212 --- [    Test worker] o.s.t.c.transaction.TransactionContext   : Began transaction (1) for test context [DefaultTestContext@143aa50a testClass = BusinessUnitApiTest, testInstance = ags.goldenlionerp.apiTests.setups.BusinessUnitApiTest@3e394ee5, testMethod = createTestWithPost@ApiTestBase, testException = [null], mergedContextConfiguration = [WebMergedContextConfiguration@22aea804 testClass = BusinessUnitApiTest, locations = '{}', classes = '{class ags.goldenlionerp.GoldenLionErpApplication}', contextInitializerClasses = '[]', activeProfiles = '{}', propertySourceLocations = '{classpath:test.properties}', propertySourceProperties = '{org.springframework.boot.test.context.SpringBootTestContextBootstrapper=true}', contextCustomizers = set[org.springframework.boot.test.autoconfigure.properties.PropertyMappingContextCustomizer@0, org.springframework.boot.test.autoconfigure.web.servlet.WebDriverContextCustomizerFactory$Customizer@636d731e, [ImportsContextCustomizer@4f157508 key = [ags.goldenlionerp.apiTests.ApiTestBase$TestConfig]], org.springframework.boot.test.context.filter.ExcludeFilterContextCustomizer@6afa5291, org.springframework.boot.test.json.DuplicateJsonObjectContextCustomizerFactory$DuplicateJsonObjectContextCustomizer@20cebcb4, org.springframework.boot.test.mock.mockito.MockitoContextCustomizer@0, org.springframework.boot.test.web.client.TestRestTemplateContextCustomizer@49a32273], resourceBasePath = 'src/main/webapp', contextLoader = 'org.springframework.boot.test.context.SpringBootContextLoader', parent = [null]], attributes = map['org.springframework.test.context.web.ServletTestExecutionListener.activateListener' -> true, 'org.springframework.test.context.web.ServletTestExecutionListener.populatedRequestContextHolder' -> true, 'org.springframework.test.context.web.ServletTestExecutionListener.resetRequestContextHolder' -> true]]; transaction manager [org.springframework.orm.jpa.JpaTransactionManager@76f112e2]; rollback [true]
2018-12-14 17:35:55.127  INFO 9212 --- [    Test worker] o.s.b.t.m.w.SpringBootMockServletContext : Initializing Spring FrameworkServlet ''
2018-12-14 17:35:55.127  INFO 9212 --- [    Test worker] o.s.t.web.servlet.TestDispatcherServlet  : FrameworkServlet '': initialization started
2018-12-14 17:35:55.143  INFO 9212 --- [    Test worker] o.s.t.web.servlet.TestDispatcherServlet  : FrameworkServlet '': initialization completed in 16 ms
Hibernate: select businessun0_.bnbuid as bnbuid1_10_0_, businessun0_.bncid as bncid2_10_0_, businessun0_.bndtin as bndtin3_10_0_, businessun0_.bntmin as bntmin4_10_0_, businessun0_.bnuid as bnuid5_10_0_, businessun0_.bndtlu as bndtlu6_10_0_, businessun0_.bntmlu as bntmlu7_10_0_, businessun0_.bnuidm as bnuidm8_10_0_, businessun0_.bnbuty as bnbuty9_10_0_, businessun0_.bncoid as bncoid10_10_0_, businessun0_.bndesb1 as bndesb11_10_0_, businessun0_.bnanum as bnanum12_10_0_, businessun0_.bnfmod as bnfmod13_10_0_, businessun0_.bnbuid1 as bnbuid14_10_0_, company1_.cncoid as cncoid1_9_1_, company1_.cncid as cncid2_9_1_, company1_.cndtin as cndtin3_9_1_, company1_.cntmin as cntmin4_9_1_, company1_.cnuid as cnuid5_9_1_, company1_.cndtlu as cndtlu6_9_1_, company1_.cntmlu as cntmlu7_9_1_, company1_.cnuidm as cnuidm8_9_1_, company1_.cnanum as cnanum9_9_1_, company1_.cncrcb as cncrcb10_9_1_, company1_.cncap as cncap11_9_1_, company1_.cncfy as cncfy12_9_1_, company1_.cncip as cncip13_9_1_, company1_.cncpp as cncpp14_9_1_, company1_.cncrp as cncrp15_9_1_, company1_.cndesb1 as cndesb16_9_1_, company1_.cnfdp as cnfdp17_9_1_, branchplan2_.bcbuid as bcbuid1_11_2_, branchplan2_.bccid as bccid2_11_2_, branchplan2_.bcdtin as bcdtin3_11_2_, branchplan2_.bctmin as bctmin4_11_2_, branchplan2_.bcuid as bcuid5_11_2_, branchplan2_.bcdtlu as bcdtlu6_11_2_, branchplan2_.bctmlu as bctmlu7_11_2_, branchplan2_.bcuidm as bcuidm8_11_2_, branchplan2_.bcanum as bcanum9_11_2_, branchplan2_.bcctm as bcctm10_11_2_, branchplan2_.bcitgl as bcitgl11_11_2_, branchplan2_.bcilc as bcilc12_11_2_, branchplan2_.bcxrt as bcxrt13_11_2_, branchplan2_.bcxrt2 as bcxrt14_11_2_, branchplan2_.bclctl as bclctl15_11_2_, branchplan2_.bcpucm as bcpucm16_11_2_, branchplan2_.bcsicm as bcsicm17_11_2_, branchplan2_.bcwctl as bcwctl18_11_2_ from t0021 businessun0_ inner join t0020 company1_ on businessun0_.bncoid=company1_.cncoid left outer join t0022 branchplan2_ on businessun0_.bnbuid=branchplan2_.bcbuid where businessun0_.bnbuid=?
Hibernate: select count(*) as col_0_0_ from t0021 businessun0_ where businessun0_.bnbuid=?
Hibernate: select businessun0_.bnbuid as bnbuid1_10_0_, businessun0_.bncid as bncid2_10_0_, businessun0_.bndtin as bndtin3_10_0_, businessun0_.bntmin as bntmin4_10_0_, businessun0_.bnuid as bnuid5_10_0_, businessun0_.bndtlu as bndtlu6_10_0_, businessun0_.bntmlu as bntmlu7_10_0_, businessun0_.bnuidm as bnuidm8_10_0_, businessun0_.bnbuty as bnbuty9_10_0_, businessun0_.bncoid as bncoid10_10_0_, businessun0_.bndesb1 as bndesb11_10_0_, businessun0_.bnanum as bnanum12_10_0_, businessun0_.bnfmod as bnfmod13_10_0_, businessun0_.bnbuid1 as bnbuid14_10_0_ from t0021 businessun0_ where businessun0_.bnbuid=?
Hibernate: insert into t0021 (bncid, bndtin, bntmin, bnuid, bndtlu, bntmlu, bnuidm, bnbuty, bncoid, bndesb1, bnanum, bnfmod, bnbuid1, bnbuid) values (?, ?, ?, ?, ?, ?, ?, ?, ?, ?, ?, ?, ?, ?)
Hibernate: select businessun0_.bnbuid as bnbuid1_10_0_, businessun0_.bncid as bncid2_10_0_, businessun0_.bndtin as bndtin3_10_0_, businessun0_.bntmin as bntmin4_10_0_, businessun0_.bnuid as bnuid5_10_0_, businessun0_.bndtlu as bndtlu6_10_0_, businessun0_.bntmlu as bntmlu7_10_0_, businessun0_.bnuidm as bnuidm8_10_0_, businessun0_.bnbuty as bnbuty9_10_0_, businessun0_.bncoid as bncoid10_10_0_, businessun0_.bndesb1 as bndesb11_10_0_, businessun0_.bnanum as bnanum12_10_0_, businessun0_.bnfmod as bnfmod13_10_0_, businessun0_.bnbuid1 as bnbuid14_10_0_, company1_.cncoid as cncoid1_9_1_, company1_.cncid as cncid2_9_1_, company1_.cndtin as cndtin3_9_1_, company1_.cntmin as cntmin4_9_1_, company1_.cnuid as cnuid5_9_1_, company1_.cndtlu as cndtlu6_9_1_, company1_.cntmlu as cntmlu7_9_1_, company1_.cnuidm as cnuidm8_9_1_, company1_.cnanum as cnanum9_9_1_, company1_.cncrcb as cncrcb10_9_1_, company1_.cncap as cncap11_9_1_, company1_.cncfy as cncfy12_9_1_, company1_.cncip as cncip13_9_1_, company1_.cncpp as cncpp14_9_1_, company1_.cncrp as cncrp15_9_1_, company1_.cndesb1 as cndesb16_9_1_, company1_.cnfdp as cnfdp17_9_1_, branchplan2_.bcbuid as bcbuid1_11_2_, branchplan2_.bccid as bccid2_11_2_, branchplan2_.bcdtin as bcdtin3_11_2_, branchplan2_.bctmin as bctmin4_11_2_, branchplan2_.bcuid as bcuid5_11_2_, branchplan2_.bcdtlu as bcdtlu6_11_2_, branchplan2_.bctmlu as bctmlu7_11_2_, branchplan2_.bcuidm as bcuidm8_11_2_, branchplan2_.bcanum as bcanum9_11_2_, branchplan2_.bcctm as bcctm10_11_2_, branchplan2_.bcitgl as bcitgl11_11_2_, branchplan2_.bcilc as bcilc12_11_2_, branchplan2_.bcxrt as bcxrt13_11_2_, branchplan2_.bcxrt2 as bcxrt14_11_2_, branchplan2_.bclctl as bclctl15_11_2_, branchplan2_.bcpucm as bcpucm16_11_2_, branchplan2_.bcsicm as bcsicm17_11_2_, branchplan2_.bcwctl as bcwctl18_11_2_ from t0021 businessun0_ inner join t0020 company1_ on businessun0_.bncoid=company1_.cncoid left outer join t0022 branchplan2_ on businessun0_.bnbuid=branchplan2_.bcbuid where businessun0_.bnbuid=?
Hibernate: select businessun0_.bnbuid as bnbuid1_10_0_, businessun0_.bncid as bncid2_10_0_, businessun0_.bndtin as bndtin3_10_0_, businessun0_.bntmin as bntmin4_10_0_, businessun0_.bnuid as bnuid5_10_0_, businessun0_.bndtlu as bndtlu6_10_0_, businessun0_.bntmlu as bntmlu7_10_0_, businessun0_.bnuidm as bnuidm8_10_0_, businessun0_.bnbuty as bnbuty9_10_0_, businessun0_.bncoid as bncoid10_10_0_, businessun0_.bndesb1 as bndesb11_10_0_, businessun0_.bnanum as bnanum12_10_0_, businessun0_.bnfmod as bnfmod13_10_0_, businessun0_.bnbuid1 as bnbuid14_10_0_, company1_.cncoid as cncoid1_9_1_, company1_.cncid as cncid2_9_1_, company1_.cndtin as cndtin3_9_1_, company1_.cntmin as cntmin4_9_1_, company1_.cnuid as cnuid5_9_1_, company1_.cndtlu as cndtlu6_9_1_, company1_.cntmlu as cntmlu7_9_1_, company1_.cnuidm as cnuidm8_9_1_, company1_.cnanum as cnanum9_9_1_, company1_.cncrcb as cncrcb10_9_1_, company1_.cncap as cncap11_9_1_, company1_.cncfy as cncfy12_9_1_, company1_.cncip as cncip13_9_1_, company1_.cncpp as cncpp14_9_1_, company1_.cncrp as cncrp15_9_1_, company1_.cndesb1 as cndesb16_9_1_, company1_.cnfdp as cnfdp17_9_1_, branchplan2_.bcbuid as bcbuid1_11_2_, branchplan2_.bccid as bccid2_11_2_, branchplan2_.bcdtin as bcdtin3_11_2_, branchplan2_.bctmin as bctmin4_11_2_, branchplan2_.bcuid as bcuid5_11_2_, branchplan2_.bcdtlu as bcdtlu6_11_2_, branchplan2_.bctmlu as bctmlu7_11_2_, branchplan2_.bcuidm as bcuidm8_11_2_, branchplan2_.bcanum as bcanum9_11_2_, branchplan2_.bcctm as bcctm10_11_2_, branchplan2_.bcitgl as bcitgl11_11_2_, branchplan2_.bcilc as bcilc12_11_2_, branchplan2_.bcxrt as bcxrt13_11_2_, branchplan2_.bcxrt2 as bcxrt14_11_2_, branchplan2_.bclctl as bclctl15_11_2_, branchplan2_.bcpucm as bcpucm16_11_2_, branchplan2_.bcsicm as bcsicm17_11_2_, branchplan2_.bcwctl as bcwctl18_11_2_ from t0021 businessun0_ inner join t0020 company1_ on businessun0_.bncoid=company1_.cncoid left outer join t0022 branchplan2_ on businessun0_.bnbuid=branchplan2_.bcbuid where businessun0_.bnbuid=?

MockHttpServletRequest:
      HTTP Method = GET
      Request URI = /api/businessUnits/125
       Parameters = {}
          Headers = {Accept=[application/json]}
             Body = <no character encoding set>
    Session Attrs = {org.springframework.security.web.csrf.HttpSessionCsrfTokenRepository.CSRF_TOKEN=org.springframework.security.web.csrf.DefaultCsrfToken@19224313, SPRING_SECURITY_CONTEXT=org.springframework.security.core.context.SecurityContextImpl@475fcd89: Authentication: org.springframework.security.authentication.UsernamePasswordAuthenticationToken@475fcd89: Principal: org.springframework.security.core.userdetails.User@f02988d6: Username: username; Password: [PROTECTED]; Enabled: true; AccountNonExpired: true; credentialsNonExpired: true; AccountNonLocked: true; Not granted any authorities; Credentials: [PROTECTED]; Authenticated: true; Details: null; Not granted any authorities}

Handler:
             Type = org.springframework.data.rest.webmvc.RepositoryEntityController
           Method = public org.springframework.http.ResponseEntity<org.springframework.hateoas.Resource<?>> org.springframework.data.rest.webmvc.RepositoryEntityController.getItemResource(org.springframework.data.rest.webmvc.RootResourceInformation,java.io.Serializable,org.springframework.data.rest.webmvc.PersistentEntityResourceAssembler,org.springframework.http.HttpHeaders) throws org.springframework.web.HttpRequestMethodNotSupportedException

Async:
    Async started = false
     Async result = null

Resolved Exception:
             Type = null

ModelAndView:
        View name = null
             View = null
            Model = null

FlashMap:
       Attributes = null

MockHttpServletResponse:
           Status = 200
    Error message = null
          Headers = {Content-Type=[application/json;charset=UTF-8], X-Content-Type-Options=[nosniff], X-XSS-Protection=[1; mode=block], Cache-Control=[no-cache, no-store, max-age=0, must-revalidate], Pragma=[no-cache], Expires=[0], X-Frame-Options=[DENY]}
     Content type = application/json;charset=UTF-8
             Body = {
  "inputUserId" : "username",
  "lastUpdateUserId" : "username",
  "computerId" : "username",
  "businessUnitId" : "125",
  "description" : "TESTTEST",
  "businessUnitType" : "BS",
  "idNumber" : "",
  "companyId" : "00000",
  "relatedBusinessUnitId" : "110",
  "modelOrConsolidated" : "",
  "companyPreview" : {
    "companyId" : "00000",
    "description" : "AMTEK GROUP"
  },
  "lastUpdateDateTime" : "2018-12-14T17:35:55",
  "inputDateTime" : "2018-12-14T17:35:55",
  "relatedPreview" : {
    "businessUnitId" : "110",
    "description" : "AMTEK SOKA"
  },
  "_links" : {
    "self" : {
      "href" : "http://localhost/api/businessUnits/125"
    },
    "businessUnit" : {
      "href" : "http://localhost/api/businessUnits/125"
    },
    "related" : {
      "href" : "http://localhost/api/businessUnits/125/related"
    },
    "itemBranchInfos" : {
      "href" : "http://localhost/api/businessUnits/125/itemBranchInfos"
    },
    "locations" : {
      "href" : "http://localhost/api/businessUnits/125/locations"
    },
    "company" : {
      "href" : "http://localhost/api/businessUnits/125/company"
    },
    "configuration" : {
      "href" : "http://localhost/api/businessUnits/125/configuration"
    }
  }
}
    Forwarded URL = null
   Redirected URL = null
          Cookies = []
2018-12-14 17:35:55.158  INFO 9212 --- [    Test worker] o.s.t.c.transaction.TransactionContext   : Rolled back transaction for test: [DefaultTestContext@143aa50a testClass = BusinessUnitApiTest, testInstance = ags.goldenlionerp.apiTests.setups.BusinessUnitApiTest@3e394ee5, testMethod = createTestWithPost@ApiTestBase, testException = [null], mergedContextConfiguration = [WebMergedContextConfiguration@22aea804 testClass = BusinessUnitApiTest, locations = '{}', classes = '{class ags.goldenlionerp.GoldenLionErpApplication}', contextInitializerClasses = '[]', activeProfiles = '{}', propertySourceLocations = '{classpath:test.properties}', propertySourceProperties = '{org.springframework.boot.test.context.SpringBootTestContextBootstrapper=true}', contextCustomizers = set[org.springframework.boot.test.autoconfigure.properties.PropertyMappingContextCustomizer@0, org.springframework.boot.test.autoconfigure.web.servlet.WebDriverContextCustomizerFactory$Customizer@636d731e, [ImportsContextCustomizer@4f157508 key = [ags.goldenlionerp.apiTests.ApiTestBase$TestConfig]], org.springframework.boot.test.context.filter.ExcludeFilterContextCustomizer@6afa5291, org.springframework.boot.test.json.DuplicateJsonObjectContextCustomizerFactory$DuplicateJsonObjectContextCustomizer@20cebcb4, org.springframework.boot.test.mock.mockito.MockitoContextCustomizer@0, org.springframework.boot.test.web.client.TestRestTemplateContextCustomizer@49a32273], resourceBasePath = 'src/main/webapp', contextLoader = 'org.springframework.boot.test.context.SpringBootContextLoader', parent = [null]], attributes = map['org.springframework.test.context.web.ServletTestExecutionListener.activateListener' -> true, 'org.springframework.test.context.web.ServletTestExecutionListener.populatedRequestContextHolder' -> true, 'org.springframework.test.context.web.ServletTestExecutionListener.resetRequestContextHolder' -> true]]
]]></system-out>
  <system-err><![CDATA[]]></system-err>
</testsuite>
