<?xml version="1.0" encoding="UTF-8"?>
<testsuite name="ags.goldenlionerp.apiTests.setups.GeneralConstantApiTest" tests="7" skipped="0" failures="0" errors="0" timestamp="2018-12-14T10:35:57" hostname="LAPTOP-FHFRCCL6" time="0.249">
  <properties/>
  <testcase name="updateTestWithPut" classname="ags.goldenlionerp.apiTests.setups.GeneralConstantApiTest" time="0.014"/>
  <testcase name="createTestWithPut" classname="ags.goldenlionerp.apiTests.setups.GeneralConstantApiTest" time="0.017"/>
  <testcase name="deleteTest" classname="ags.goldenlionerp.apiTests.setups.GeneralConstantApiTest" time="0.062"/>
  <testcase name="createTestWithPost" classname="ags.goldenlionerp.apiTests.setups.GeneralConstantApiTest" time="0.01"/>
  <testcase name="getTestSingle" classname="ags.goldenlionerp.apiTests.setups.GeneralConstantApiTest" time="0.068"/>
  <testcase name="updateTestWithPatch" classname="ags.goldenlionerp.apiTests.setups.GeneralConstantApiTest" time="0.056"/>
  <testcase name="getTestCollection" classname="ags.goldenlionerp.apiTests.setups.GeneralConstantApiTest" time="0.017"/>
  <system-out><![CDATA[2018-12-14 17:35:57.810  INFO 9212 --- [    Test worker] .b.t.c.SpringBootTestContextBootstrapper : Neither @ContextConfiguration nor @ContextHierarchy found for test class [ags.goldenlionerp.apiTests.setups.GeneralConstantApiTest], using SpringBootContextLoader
2018-12-14 17:35:57.810  INFO 9212 --- [    Test worker] o.s.t.c.support.AbstractContextLoader    : Could not detect default resource locations for test class [ags.goldenlionerp.apiTests.setups.GeneralConstantApiTest]: no resource found for suffixes {-context.xml, Context.groovy}.
2018-12-14 17:35:57.810  INFO 9212 --- [    Test worker] t.c.s.AnnotationConfigContextLoaderUtils : Could not detect default configuration classes for test class [ags.goldenlionerp.apiTests.setups.GeneralConstantApiTest]: GeneralConstantApiTest does not declare any static, non-private, non-final, nested classes annotated with @Configuration.
2018-12-14 17:35:57.810  INFO 9212 --- [    Test worker] .b.t.c.SpringBootTestContextBootstrapper : Found @SpringBootConfiguration ags.goldenlionerp.GoldenLionErpApplication for test class ags.goldenlionerp.apiTests.setups.GeneralConstantApiTest
2018-12-14 17:35:57.810  INFO 9212 --- [    Test worker] .b.t.c.SpringBootTestContextBootstrapper : Loaded default TestExecutionListener class names from location [META-INF/spring.factories]: [org.springframework.security.test.context.support.WithSecurityContextTestExecutionListener, org.springframework.security.test.context.support.ReactorContextTestExecutionListener, org.springframework.boot.test.autoconfigure.restdocs.RestDocsTestExecutionListener, org.springframework.boot.test.autoconfigure.web.client.MockRestServiceServerResetTestExecutionListener, org.springframework.boot.test.autoconfigure.web.servlet.MockMvcPrintOnlyOnFailureTestExecutionListener, org.springframework.boot.test.autoconfigure.web.servlet.WebDriverTestExecutionListener, org.springframework.boot.test.mock.mockito.MockitoTestExecutionListener, org.springframework.boot.test.mock.mockito.ResetMocksTestExecutionListener, org.springframework.test.context.web.ServletTestExecutionListener, org.springframework.test.context.support.DirtiesContextBeforeModesTestExecutionListener, org.springframework.test.context.support.DependencyInjectionTestExecutionListener, org.springframework.test.context.support.DirtiesContextTestExecutionListener, org.springframework.test.context.transaction.TransactionalTestExecutionListener, org.springframework.test.context.jdbc.SqlScriptsTestExecutionListener]
2018-12-14 17:35:57.810  INFO 9212 --- [    Test worker] .b.t.c.SpringBootTestContextBootstrapper : Using TestExecutionListeners: [org.springframework.test.context.web.ServletTestExecutionListener@2753cdef, org.springframework.test.context.support.DirtiesContextBeforeModesTestExecutionListener@2183c80, org.springframework.boot.test.mock.mockito.MockitoTestExecutionListener@6d0b51bf, org.springframework.boot.test.autoconfigure.SpringBootDependencyInjectionTestExecutionListener@70a01463, org.springframework.test.context.support.DirtiesContextTestExecutionListener@49a5832d, org.springframework.test.context.transaction.TransactionalTestExecutionListener@a9a5aa5, org.springframework.test.context.jdbc.SqlScriptsTestExecutionListener@3dab74e0, org.springframework.security.test.context.support.WithSecurityContextTestExecutionListener@4d586c3a, org.springframework.security.test.context.support.ReactorContextTestExecutionListener@28013257, org.springframework.boot.test.autoconfigure.restdocs.RestDocsTestExecutionListener@70961a80, org.springframework.boot.test.autoconfigure.web.client.MockRestServiceServerResetTestExecutionListener@167c6c06, org.springframework.boot.test.autoconfigure.web.servlet.MockMvcPrintOnlyOnFailureTestExecutionListener@18cbfb4f, org.springframework.boot.test.autoconfigure.web.servlet.WebDriverTestExecutionListener@39f9e18b, org.springframework.boot.test.mock.mockito.ResetMocksTestExecutionListener@797bae2e]
2018-12-14 17:35:57.826  INFO 9212 --- [    Test worker] o.s.t.c.transaction.TransactionContext   : Began transaction (1) for test context [DefaultTestContext@2ead648 testClass = GeneralConstantApiTest, testInstance = ags.goldenlionerp.apiTests.setups.GeneralConstantApiTest@6a56d8da, testMethod = updateTestWithPut@GeneralConstantApiTest, testException = [null], mergedContextConfiguration = [WebMergedContextConfiguration@6e2fe790 testClass = GeneralConstantApiTest, locations = '{}', classes = '{class ags.goldenlionerp.GoldenLionErpApplication}', contextInitializerClasses = '[]', activeProfiles = '{}', propertySourceLocations = '{classpath:test.properties}', propertySourceProperties = '{org.springframework.boot.test.context.SpringBootTestContextBootstrapper=true}', contextCustomizers = set[org.springframework.boot.test.autoconfigure.properties.PropertyMappingContextCustomizer@0, org.springframework.boot.test.autoconfigure.web.servlet.WebDriverContextCustomizerFactory$Customizer@636d731e, [ImportsContextCustomizer@38b07f8e key = [ags.goldenlionerp.apiTests.ApiTestBase$TestConfig]], org.springframework.boot.test.context.filter.ExcludeFilterContextCustomizer@6afa5291, org.springframework.boot.test.json.DuplicateJsonObjectContextCustomizerFactory$DuplicateJsonObjectContextCustomizer@20cebcb4, org.springframework.boot.test.mock.mockito.MockitoContextCustomizer@0, org.springframework.boot.test.web.client.TestRestTemplateContextCustomizer@49a32273], resourceBasePath = 'src/main/webapp', contextLoader = 'org.springframework.boot.test.context.SpringBootContextLoader', parent = [null]], attributes = map['org.springframework.test.context.web.ServletTestExecutionListener.activateListener' -> true, 'org.springframework.test.context.web.ServletTestExecutionListener.populatedRequestContextHolder' -> true, 'org.springframework.test.context.web.ServletTestExecutionListener.resetRequestContextHolder' -> true]]; transaction manager [org.springframework.orm.jpa.JpaTransactionManager@76f112e2]; rollback [true]
2018-12-14 17:35:57.826  INFO 9212 --- [    Test worker] o.s.b.t.m.w.SpringBootMockServletContext : Initializing Spring FrameworkServlet ''
2018-12-14 17:35:57.826  INFO 9212 --- [    Test worker] o.s.t.web.servlet.TestDispatcherServlet  : FrameworkServlet '': initialization started
2018-12-14 17:35:57.826  INFO 9212 --- [    Test worker] o.s.t.web.servlet.TestDispatcherServlet  : FrameworkServlet '': initialization completed in 0 ms
2018-12-14 17:35:57.841  INFO 9212 --- [    Test worker] o.s.t.c.transaction.TransactionContext   : Rolled back transaction for test: [DefaultTestContext@2ead648 testClass = GeneralConstantApiTest, testInstance = ags.goldenlionerp.apiTests.setups.GeneralConstantApiTest@6a56d8da, testMethod = updateTestWithPut@GeneralConstantApiTest, testException = [null], mergedContextConfiguration = [WebMergedContextConfiguration@6e2fe790 testClass = GeneralConstantApiTest, locations = '{}', classes = '{class ags.goldenlionerp.GoldenLionErpApplication}', contextInitializerClasses = '[]', activeProfiles = '{}', propertySourceLocations = '{classpath:test.properties}', propertySourceProperties = '{org.springframework.boot.test.context.SpringBootTestContextBootstrapper=true}', contextCustomizers = set[org.springframework.boot.test.autoconfigure.properties.PropertyMappingContextCustomizer@0, org.springframework.boot.test.autoconfigure.web.servlet.WebDriverContextCustomizerFactory$Customizer@636d731e, [ImportsContextCustomizer@38b07f8e key = [ags.goldenlionerp.apiTests.ApiTestBase$TestConfig]], org.springframework.boot.test.context.filter.ExcludeFilterContextCustomizer@6afa5291, org.springframework.boot.test.json.DuplicateJsonObjectContextCustomizerFactory$DuplicateJsonObjectContextCustomizer@20cebcb4, org.springframework.boot.test.mock.mockito.MockitoContextCustomizer@0, org.springframework.boot.test.web.client.TestRestTemplateContextCustomizer@49a32273], resourceBasePath = 'src/main/webapp', contextLoader = 'org.springframework.boot.test.context.SpringBootContextLoader', parent = [null]], attributes = map['org.springframework.test.context.web.ServletTestExecutionListener.activateListener' -> true, 'org.springframework.test.context.web.ServletTestExecutionListener.populatedRequestContextHolder' -> true, 'org.springframework.test.context.web.ServletTestExecutionListener.resetRequestContextHolder' -> true]]
2018-12-14 17:35:57.841  INFO 9212 --- [    Test worker] o.s.t.c.transaction.TransactionContext   : Began transaction (1) for test context [DefaultTestContext@2ead648 testClass = GeneralConstantApiTest, testInstance = ags.goldenlionerp.apiTests.setups.GeneralConstantApiTest@30f02303, testMethod = createTestWithPut@GeneralConstantApiTest, testException = [null], mergedContextConfiguration = [WebMergedContextConfiguration@6e2fe790 testClass = GeneralConstantApiTest, locations = '{}', classes = '{class ags.goldenlionerp.GoldenLionErpApplication}', contextInitializerClasses = '[]', activeProfiles = '{}', propertySourceLocations = '{classpath:test.properties}', propertySourceProperties = '{org.springframework.boot.test.context.SpringBootTestContextBootstrapper=true}', contextCustomizers = set[org.springframework.boot.test.autoconfigure.properties.PropertyMappingContextCustomizer@0, org.springframework.boot.test.autoconfigure.web.servlet.WebDriverContextCustomizerFactory$Customizer@636d731e, [ImportsContextCustomizer@38b07f8e key = [ags.goldenlionerp.apiTests.ApiTestBase$TestConfig]], org.springframework.boot.test.context.filter.ExcludeFilterContextCustomizer@6afa5291, org.springframework.boot.test.json.DuplicateJsonObjectContextCustomizerFactory$DuplicateJsonObjectContextCustomizer@20cebcb4, org.springframework.boot.test.mock.mockito.MockitoContextCustomizer@0, org.springframework.boot.test.web.client.TestRestTemplateContextCustomizer@49a32273], resourceBasePath = 'src/main/webapp', contextLoader = 'org.springframework.boot.test.context.SpringBootContextLoader', parent = [null]], attributes = map['org.springframework.test.context.web.ServletTestExecutionListener.activateListener' -> true, 'org.springframework.test.context.web.ServletTestExecutionListener.populatedRequestContextHolder' -> true, 'org.springframework.test.context.web.ServletTestExecutionListener.resetRequestContextHolder' -> true]]; transaction manager [org.springframework.orm.jpa.JpaTransactionManager@76f112e2]; rollback [true]
2018-12-14 17:35:57.841  INFO 9212 --- [    Test worker] o.s.b.t.m.w.SpringBootMockServletContext : Initializing Spring FrameworkServlet ''
2018-12-14 17:35:57.841  INFO 9212 --- [    Test worker] o.s.t.web.servlet.TestDispatcherServlet  : FrameworkServlet '': initialization started
2018-12-14 17:35:57.841  INFO 9212 --- [    Test worker] o.s.t.web.servlet.TestDispatcherServlet  : FrameworkServlet '': initialization completed in 0 ms
2018-12-14 17:35:57.857  INFO 9212 --- [    Test worker] o.s.t.c.transaction.TransactionContext   : Rolled back transaction for test: [DefaultTestContext@2ead648 testClass = GeneralConstantApiTest, testInstance = ags.goldenlionerp.apiTests.setups.GeneralConstantApiTest@30f02303, testMethod = createTestWithPut@GeneralConstantApiTest, testException = [null], mergedContextConfiguration = [WebMergedContextConfiguration@6e2fe790 testClass = GeneralConstantApiTest, locations = '{}', classes = '{class ags.goldenlionerp.GoldenLionErpApplication}', contextInitializerClasses = '[]', activeProfiles = '{}', propertySourceLocations = '{classpath:test.properties}', propertySourceProperties = '{org.springframework.boot.test.context.SpringBootTestContextBootstrapper=true}', contextCustomizers = set[org.springframework.boot.test.autoconfigure.properties.PropertyMappingContextCustomizer@0, org.springframework.boot.test.autoconfigure.web.servlet.WebDriverContextCustomizerFactory$Customizer@636d731e, [ImportsContextCustomizer@38b07f8e key = [ags.goldenlionerp.apiTests.ApiTestBase$TestConfig]], org.springframework.boot.test.context.filter.ExcludeFilterContextCustomizer@6afa5291, org.springframework.boot.test.json.DuplicateJsonObjectContextCustomizerFactory$DuplicateJsonObjectContextCustomizer@20cebcb4, org.springframework.boot.test.mock.mockito.MockitoContextCustomizer@0, org.springframework.boot.test.web.client.TestRestTemplateContextCustomizer@49a32273], resourceBasePath = 'src/main/webapp', contextLoader = 'org.springframework.boot.test.context.SpringBootContextLoader', parent = [null]], attributes = map['org.springframework.test.context.web.ServletTestExecutionListener.activateListener' -> true, 'org.springframework.test.context.web.ServletTestExecutionListener.populatedRequestContextHolder' -> true, 'org.springframework.test.context.web.ServletTestExecutionListener.resetRequestContextHolder' -> true]]
2018-12-14 17:35:57.857  INFO 9212 --- [    Test worker] o.s.t.c.transaction.TransactionContext   : Began transaction (1) for test context [DefaultTestContext@2ead648 testClass = GeneralConstantApiTest, testInstance = ags.goldenlionerp.apiTests.setups.GeneralConstantApiTest@1a851655, testMethod = deleteTest@GeneralConstantApiTest, testException = [null], mergedContextConfiguration = [WebMergedContextConfiguration@6e2fe790 testClass = GeneralConstantApiTest, locations = '{}', classes = '{class ags.goldenlionerp.GoldenLionErpApplication}', contextInitializerClasses = '[]', activeProfiles = '{}', propertySourceLocations = '{classpath:test.properties}', propertySourceProperties = '{org.springframework.boot.test.context.SpringBootTestContextBootstrapper=true}', contextCustomizers = set[org.springframework.boot.test.autoconfigure.properties.PropertyMappingContextCustomizer@0, org.springframework.boot.test.autoconfigure.web.servlet.WebDriverContextCustomizerFactory$Customizer@636d731e, [ImportsContextCustomizer@38b07f8e key = [ags.goldenlionerp.apiTests.ApiTestBase$TestConfig]], org.springframework.boot.test.context.filter.ExcludeFilterContextCustomizer@6afa5291, org.springframework.boot.test.json.DuplicateJsonObjectContextCustomizerFactory$DuplicateJsonObjectContextCustomizer@20cebcb4, org.springframework.boot.test.mock.mockito.MockitoContextCustomizer@0, org.springframework.boot.test.web.client.TestRestTemplateContextCustomizer@49a32273], resourceBasePath = 'src/main/webapp', contextLoader = 'org.springframework.boot.test.context.SpringBootContextLoader', parent = [null]], attributes = map['org.springframework.test.context.web.ServletTestExecutionListener.activateListener' -> true, 'org.springframework.test.context.web.ServletTestExecutionListener.populatedRequestContextHolder' -> true, 'org.springframework.test.context.web.ServletTestExecutionListener.resetRequestContextHolder' -> true]]; transaction manager [org.springframework.orm.jpa.JpaTransactionManager@76f112e2]; rollback [true]
2018-12-14 17:35:57.857  INFO 9212 --- [    Test worker] o.s.b.t.m.w.SpringBootMockServletContext : Initializing Spring FrameworkServlet ''
2018-12-14 17:35:57.857  INFO 9212 --- [    Test worker] o.s.t.web.servlet.TestDispatcherServlet  : FrameworkServlet '': initialization started
2018-12-14 17:35:57.873  INFO 9212 --- [    Test worker] o.s.t.web.servlet.TestDispatcherServlet  : FrameworkServlet '': initialization completed in 16 ms
2018-12-14 17:35:57.919  INFO 9212 --- [    Test worker] o.s.t.c.transaction.TransactionContext   : Rolled back transaction for test: [DefaultTestContext@2ead648 testClass = GeneralConstantApiTest, testInstance = ags.goldenlionerp.apiTests.setups.GeneralConstantApiTest@1a851655, testMethod = deleteTest@GeneralConstantApiTest, testException = [null], mergedContextConfiguration = [WebMergedContextConfiguration@6e2fe790 testClass = GeneralConstantApiTest, locations = '{}', classes = '{class ags.goldenlionerp.GoldenLionErpApplication}', contextInitializerClasses = '[]', activeProfiles = '{}', propertySourceLocations = '{classpath:test.properties}', propertySourceProperties = '{org.springframework.boot.test.context.SpringBootTestContextBootstrapper=true}', contextCustomizers = set[org.springframework.boot.test.autoconfigure.properties.PropertyMappingContextCustomizer@0, org.springframework.boot.test.autoconfigure.web.servlet.WebDriverContextCustomizerFactory$Customizer@636d731e, [ImportsContextCustomizer@38b07f8e key = [ags.goldenlionerp.apiTests.ApiTestBase$TestConfig]], org.springframework.boot.test.context.filter.ExcludeFilterContextCustomizer@6afa5291, org.springframework.boot.test.json.DuplicateJsonObjectContextCustomizerFactory$DuplicateJsonObjectContextCustomizer@20cebcb4, org.springframework.boot.test.mock.mockito.MockitoContextCustomizer@0, org.springframework.boot.test.web.client.TestRestTemplateContextCustomizer@49a32273], resourceBasePath = 'src/main/webapp', contextLoader = 'org.springframework.boot.test.context.SpringBootContextLoader', parent = [null]], attributes = map['org.springframework.test.context.web.ServletTestExecutionListener.activateListener' -> true, 'org.springframework.test.context.web.ServletTestExecutionListener.populatedRequestContextHolder' -> true, 'org.springframework.test.context.web.ServletTestExecutionListener.resetRequestContextHolder' -> true]]
2018-12-14 17:35:57.919  INFO 9212 --- [    Test worker] o.s.t.c.transaction.TransactionContext   : Began transaction (1) for test context [DefaultTestContext@2ead648 testClass = GeneralConstantApiTest, testInstance = ags.goldenlionerp.apiTests.setups.GeneralConstantApiTest@225bdc8d, testMethod = createTestWithPost@GeneralConstantApiTest, testException = [null], mergedContextConfiguration = [WebMergedContextConfiguration@6e2fe790 testClass = GeneralConstantApiTest, locations = '{}', classes = '{class ags.goldenlionerp.GoldenLionErpApplication}', contextInitializerClasses = '[]', activeProfiles = '{}', propertySourceLocations = '{classpath:test.properties}', propertySourceProperties = '{org.springframework.boot.test.context.SpringBootTestContextBootstrapper=true}', contextCustomizers = set[org.springframework.boot.test.autoconfigure.properties.PropertyMappingContextCustomizer@0, org.springframework.boot.test.autoconfigure.web.servlet.WebDriverContextCustomizerFactory$Customizer@636d731e, [ImportsContextCustomizer@38b07f8e key = [ags.goldenlionerp.apiTests.ApiTestBase$TestConfig]], org.springframework.boot.test.context.filter.ExcludeFilterContextCustomizer@6afa5291, org.springframework.boot.test.json.DuplicateJsonObjectContextCustomizerFactory$DuplicateJsonObjectContextCustomizer@20cebcb4, org.springframework.boot.test.mock.mockito.MockitoContextCustomizer@0, org.springframework.boot.test.web.client.TestRestTemplateContextCustomizer@49a32273], resourceBasePath = 'src/main/webapp', contextLoader = 'org.springframework.boot.test.context.SpringBootContextLoader', parent = [null]], attributes = map['org.springframework.test.context.web.ServletTestExecutionListener.activateListener' -> true, 'org.springframework.test.context.web.ServletTestExecutionListener.populatedRequestContextHolder' -> true, 'org.springframework.test.context.web.ServletTestExecutionListener.resetRequestContextHolder' -> true]]; transaction manager [org.springframework.orm.jpa.JpaTransactionManager@76f112e2]; rollback [true]
2018-12-14 17:35:57.919  INFO 9212 --- [    Test worker] o.s.b.t.m.w.SpringBootMockServletContext : Initializing Spring FrameworkServlet ''
2018-12-14 17:35:57.919  INFO 9212 --- [    Test worker] o.s.t.web.servlet.TestDispatcherServlet  : FrameworkServlet '': initialization started
2018-12-14 17:35:57.919  INFO 9212 --- [    Test worker] o.s.t.web.servlet.TestDispatcherServlet  : FrameworkServlet '': initialization completed in 0 ms
2018-12-14 17:35:57.935  INFO 9212 --- [    Test worker] o.s.t.c.transaction.TransactionContext   : Rolled back transaction for test: [DefaultTestContext@2ead648 testClass = GeneralConstantApiTest, testInstance = ags.goldenlionerp.apiTests.setups.GeneralConstantApiTest@225bdc8d, testMethod = createTestWithPost@GeneralConstantApiTest, testException = [null], mergedContextConfiguration = [WebMergedContextConfiguration@6e2fe790 testClass = GeneralConstantApiTest, locations = '{}', classes = '{class ags.goldenlionerp.GoldenLionErpApplication}', contextInitializerClasses = '[]', activeProfiles = '{}', propertySourceLocations = '{classpath:test.properties}', propertySourceProperties = '{org.springframework.boot.test.context.SpringBootTestContextBootstrapper=true}', contextCustomizers = set[org.springframework.boot.test.autoconfigure.properties.PropertyMappingContextCustomizer@0, org.springframework.boot.test.autoconfigure.web.servlet.WebDriverContextCustomizerFactory$Customizer@636d731e, [ImportsContextCustomizer@38b07f8e key = [ags.goldenlionerp.apiTests.ApiTestBase$TestConfig]], org.springframework.boot.test.context.filter.ExcludeFilterContextCustomizer@6afa5291, org.springframework.boot.test.json.DuplicateJsonObjectContextCustomizerFactory$DuplicateJsonObjectContextCustomizer@20cebcb4, org.springframework.boot.test.mock.mockito.MockitoContextCustomizer@0, org.springframework.boot.test.web.client.TestRestTemplateContextCustomizer@49a32273], resourceBasePath = 'src/main/webapp', contextLoader = 'org.springframework.boot.test.context.SpringBootContextLoader', parent = [null]], attributes = map['org.springframework.test.context.web.ServletTestExecutionListener.activateListener' -> true, 'org.springframework.test.context.web.ServletTestExecutionListener.populatedRequestContextHolder' -> true, 'org.springframework.test.context.web.ServletTestExecutionListener.resetRequestContextHolder' -> true]]
2018-12-14 17:35:57.935  INFO 9212 --- [    Test worker] o.s.t.c.transaction.TransactionContext   : Began transaction (1) for test context [DefaultTestContext@2ead648 testClass = GeneralConstantApiTest, testInstance = ags.goldenlionerp.apiTests.setups.GeneralConstantApiTest@23903ff4, testMethod = getTestSingle@ApiTestBase, testException = [null], mergedContextConfiguration = [WebMergedContextConfiguration@6e2fe790 testClass = GeneralConstantApiTest, locations = '{}', classes = '{class ags.goldenlionerp.GoldenLionErpApplication}', contextInitializerClasses = '[]', activeProfiles = '{}', propertySourceLocations = '{classpath:test.properties}', propertySourceProperties = '{org.springframework.boot.test.context.SpringBootTestContextBootstrapper=true}', contextCustomizers = set[org.springframework.boot.test.autoconfigure.properties.PropertyMappingContextCustomizer@0, org.springframework.boot.test.autoconfigure.web.servlet.WebDriverContextCustomizerFactory$Customizer@636d731e, [ImportsContextCustomizer@38b07f8e key = [ags.goldenlionerp.apiTests.ApiTestBase$TestConfig]], org.springframework.boot.test.context.filter.ExcludeFilterContextCustomizer@6afa5291, org.springframework.boot.test.json.DuplicateJsonObjectContextCustomizerFactory$DuplicateJsonObjectContextCustomizer@20cebcb4, org.springframework.boot.test.mock.mockito.MockitoContextCustomizer@0, org.springframework.boot.test.web.client.TestRestTemplateContextCustomizer@49a32273], resourceBasePath = 'src/main/webapp', contextLoader = 'org.springframework.boot.test.context.SpringBootContextLoader', parent = [null]], attributes = map['org.springframework.test.context.web.ServletTestExecutionListener.activateListener' -> true, 'org.springframework.test.context.web.ServletTestExecutionListener.populatedRequestContextHolder' -> true, 'org.springframework.test.context.web.ServletTestExecutionListener.resetRequestContextHolder' -> true]]; transaction manager [org.springframework.orm.jpa.JpaTransactionManager@76f112e2]; rollback [true]
2018-12-14 17:35:57.935  INFO 9212 --- [    Test worker] o.s.b.t.m.w.SpringBootMockServletContext : Initializing Spring FrameworkServlet ''
2018-12-14 17:35:57.935  INFO 9212 --- [    Test worker] o.s.t.web.servlet.TestDispatcherServlet  : FrameworkServlet '': initialization started
2018-12-14 17:35:57.935  INFO 9212 --- [    Test worker] o.s.t.web.servlet.TestDispatcherServlet  : FrameworkServlet '': initialization completed in 0 ms
Hibernate: select generalcon0_.gcpc as gcpc1_2_0_, generalcon0_.gccid as gccid2_2_0_, generalcon0_.gcdtin as gcdtin3_2_0_, generalcon0_.gctmin as gctmin4_2_0_, generalcon0_.gcuid as gcuid5_2_0_, generalcon0_.gcdtlu as gcdtlu6_2_0_, generalcon0_.gctmlu as gctmlu7_2_0_, generalcon0_.gcuidm as gcuidm8_2_0_, generalcon0_.gcaodm as gcaodm9_2_0_, generalcon0_.gcbankid as gcbanki10_2_0_, generalcon0_.gcpcn03 as gcpcn11_2_0_, generalcon0_.gcpcn01 as gcpcn12_2_0_, generalcon0_.gcpcn05 as gcpcn13_2_0_, generalcon0_.gcpcn04 as gcpcn14_2_0_, generalcon0_.gcpcn02 as gcpcn15_2_0_, generalcon0_.gccoid as gccoid16_2_0_, generalcon0_.gcccm as gcccm17_2_0_, generalcon0_.gcpcn08 as gcpcn18_2_0_, generalcon0_.gcpcn06 as gcpcn19_2_0_, generalcon0_.gcpcn10 as gcpcn20_2_0_, generalcon0_.gcpcn09 as gcpcn21_2_0_, generalcon0_.gcpcn07 as gcpcn22_2_0_, generalcon0_.gcitap as gcitap23_2_0_, generalcon0_.gcitar as gcitar24_2_0_, generalcon0_.gcitcs as gcitcs25_2_0_, generalcon0_.gcitfa as gcitfa26_2_0_, generalcon0_.gcitgl as gcitgl27_2_0_, generalcon0_.gcitin as gcitin28_2_0_, generalcon0_.gcitmf as gcitmf29_2_0_, generalcon0_.gcithc as gcithc30_2_0_, generalcon0_.gcpucm as gcpucm31_2_0_, generalcon0_.gcsicm as gcsicm32_2_0_, generalcon0_.gctbcc as gctbcc33_2_0_, generalcon0_.gcurl as gcurl34_2_0_, generalcon0_.gcverid as gcverid35_2_0_ from t0010 generalcon0_ where generalcon0_.gcpc=?
2018-12-14 17:35:57.997  INFO 9212 --- [    Test worker] o.s.t.c.transaction.TransactionContext   : Rolled back transaction for test: [DefaultTestContext@2ead648 testClass = GeneralConstantApiTest, testInstance = ags.goldenlionerp.apiTests.setups.GeneralConstantApiTest@23903ff4, testMethod = getTestSingle@ApiTestBase, testException = [null], mergedContextConfiguration = [WebMergedContextConfiguration@6e2fe790 testClass = GeneralConstantApiTest, locations = '{}', classes = '{class ags.goldenlionerp.GoldenLionErpApplication}', contextInitializerClasses = '[]', activeProfiles = '{}', propertySourceLocations = '{classpath:test.properties}', propertySourceProperties = '{org.springframework.boot.test.context.SpringBootTestContextBootstrapper=true}', contextCustomizers = set[org.springframework.boot.test.autoconfigure.properties.PropertyMappingContextCustomizer@0, org.springframework.boot.test.autoconfigure.web.servlet.WebDriverContextCustomizerFactory$Customizer@636d731e, [ImportsContextCustomizer@38b07f8e key = [ags.goldenlionerp.apiTests.ApiTestBase$TestConfig]], org.springframework.boot.test.context.filter.ExcludeFilterContextCustomizer@6afa5291, org.springframework.boot.test.json.DuplicateJsonObjectContextCustomizerFactory$DuplicateJsonObjectContextCustomizer@20cebcb4, org.springframework.boot.test.mock.mockito.MockitoContextCustomizer@0, org.springframework.boot.test.web.client.TestRestTemplateContextCustomizer@49a32273], resourceBasePath = 'src/main/webapp', contextLoader = 'org.springframework.boot.test.context.SpringBootContextLoader', parent = [null]], attributes = map['org.springframework.test.context.web.ServletTestExecutionListener.activateListener' -> true, 'org.springframework.test.context.web.ServletTestExecutionListener.populatedRequestContextHolder' -> true, 'org.springframework.test.context.web.ServletTestExecutionListener.resetRequestContextHolder' -> true]]
2018-12-14 17:35:57.997  INFO 9212 --- [    Test worker] o.s.t.c.transaction.TransactionContext   : Began transaction (1) for test context [DefaultTestContext@2ead648 testClass = GeneralConstantApiTest, testInstance = ags.goldenlionerp.apiTests.setups.GeneralConstantApiTest@604cc5, testMethod = updateTestWithPatch@ApiTestBase, testException = [null], mergedContextConfiguration = [WebMergedContextConfiguration@6e2fe790 testClass = GeneralConstantApiTest, locations = '{}', classes = '{class ags.goldenlionerp.GoldenLionErpApplication}', contextInitializerClasses = '[]', activeProfiles = '{}', propertySourceLocations = '{classpath:test.properties}', propertySourceProperties = '{org.springframework.boot.test.context.SpringBootTestContextBootstrapper=true}', contextCustomizers = set[org.springframework.boot.test.autoconfigure.properties.PropertyMappingContextCustomizer@0, org.springframework.boot.test.autoconfigure.web.servlet.WebDriverContextCustomizerFactory$Customizer@636d731e, [ImportsContextCustomizer@38b07f8e key = [ags.goldenlionerp.apiTests.ApiTestBase$TestConfig]], org.springframework.boot.test.context.filter.ExcludeFilterContextCustomizer@6afa5291, org.springframework.boot.test.json.DuplicateJsonObjectContextCustomizerFactory$DuplicateJsonObjectContextCustomizer@20cebcb4, org.springframework.boot.test.mock.mockito.MockitoContextCustomizer@0, org.springframework.boot.test.web.client.TestRestTemplateContextCustomizer@49a32273], resourceBasePath = 'src/main/webapp', contextLoader = 'org.springframework.boot.test.context.SpringBootContextLoader', parent = [null]], attributes = map['org.springframework.test.context.web.ServletTestExecutionListener.activateListener' -> true, 'org.springframework.test.context.web.ServletTestExecutionListener.populatedRequestContextHolder' -> true, 'org.springframework.test.context.web.ServletTestExecutionListener.resetRequestContextHolder' -> true]]; transaction manager [org.springframework.orm.jpa.JpaTransactionManager@76f112e2]; rollback [true]
2018-12-14 17:35:57.997  INFO 9212 --- [    Test worker] o.s.b.t.m.w.SpringBootMockServletContext : Initializing Spring FrameworkServlet ''
2018-12-14 17:35:57.997  INFO 9212 --- [    Test worker] o.s.t.web.servlet.TestDispatcherServlet  : FrameworkServlet '': initialization started
2018-12-14 17:35:58.013  INFO 9212 --- [    Test worker] o.s.t.web.servlet.TestDispatcherServlet  : FrameworkServlet '': initialization completed in 16 ms
Hibernate: select generalcon0_.gcpc as gcpc1_2_0_, generalcon0_.gccid as gccid2_2_0_, generalcon0_.gcdtin as gcdtin3_2_0_, generalcon0_.gctmin as gctmin4_2_0_, generalcon0_.gcuid as gcuid5_2_0_, generalcon0_.gcdtlu as gcdtlu6_2_0_, generalcon0_.gctmlu as gctmlu7_2_0_, generalcon0_.gcuidm as gcuidm8_2_0_, generalcon0_.gcaodm as gcaodm9_2_0_, generalcon0_.gcbankid as gcbanki10_2_0_, generalcon0_.gcpcn03 as gcpcn11_2_0_, generalcon0_.gcpcn01 as gcpcn12_2_0_, generalcon0_.gcpcn05 as gcpcn13_2_0_, generalcon0_.gcpcn04 as gcpcn14_2_0_, generalcon0_.gcpcn02 as gcpcn15_2_0_, generalcon0_.gccoid as gccoid16_2_0_, generalcon0_.gcccm as gcccm17_2_0_, generalcon0_.gcpcn08 as gcpcn18_2_0_, generalcon0_.gcpcn06 as gcpcn19_2_0_, generalcon0_.gcpcn10 as gcpcn20_2_0_, generalcon0_.gcpcn09 as gcpcn21_2_0_, generalcon0_.gcpcn07 as gcpcn22_2_0_, generalcon0_.gcitap as gcitap23_2_0_, generalcon0_.gcitar as gcitar24_2_0_, generalcon0_.gcitcs as gcitcs25_2_0_, generalcon0_.gcitfa as gcitfa26_2_0_, generalcon0_.gcitgl as gcitgl27_2_0_, generalcon0_.gcitin as gcitin28_2_0_, generalcon0_.gcitmf as gcitmf29_2_0_, generalcon0_.gcithc as gcithc30_2_0_, generalcon0_.gcpucm as gcpucm31_2_0_, generalcon0_.gcsicm as gcsicm32_2_0_, generalcon0_.gctbcc as gctbcc33_2_0_, generalcon0_.gcurl as gcurl34_2_0_, generalcon0_.gcverid as gcverid35_2_0_ from t0010 generalcon0_ where generalcon0_.gcpc=?
Hibernate: update t0010 set gccid=?, gcdtlu=?, gctmlu=?, gcuidm=?, gcaodm=?, gcbankid=?, gcpcn03=?, gcpcn01=?, gcpcn05=?, gcpcn04=?, gcpcn02=?, gccoid=?, gcccm=?, gcpcn08=?, gcpcn06=?, gcpcn10=?, gcpcn09=?, gcpcn07=?, gcitap=?, gcitar=?, gcitcs=?, gcitfa=?, gcitgl=?, gcitin=?, gcitmf=?, gcithc=?, gcpucm=?, gcsicm=?, gctbcc=?, gcurl=?, gcverid=? where gcpc=?
Hibernate: select generalcon0_.gcpc as gcpc1_2_0_, generalcon0_.gccid as gccid2_2_0_, generalcon0_.gcdtin as gcdtin3_2_0_, generalcon0_.gctmin as gctmin4_2_0_, generalcon0_.gcuid as gcuid5_2_0_, generalcon0_.gcdtlu as gcdtlu6_2_0_, generalcon0_.gctmlu as gctmlu7_2_0_, generalcon0_.gcuidm as gcuidm8_2_0_, generalcon0_.gcaodm as gcaodm9_2_0_, generalcon0_.gcbankid as gcbanki10_2_0_, generalcon0_.gcpcn03 as gcpcn11_2_0_, generalcon0_.gcpcn01 as gcpcn12_2_0_, generalcon0_.gcpcn05 as gcpcn13_2_0_, generalcon0_.gcpcn04 as gcpcn14_2_0_, generalcon0_.gcpcn02 as gcpcn15_2_0_, generalcon0_.gccoid as gccoid16_2_0_, generalcon0_.gcccm as gcccm17_2_0_, generalcon0_.gcpcn08 as gcpcn18_2_0_, generalcon0_.gcpcn06 as gcpcn19_2_0_, generalcon0_.gcpcn10 as gcpcn20_2_0_, generalcon0_.gcpcn09 as gcpcn21_2_0_, generalcon0_.gcpcn07 as gcpcn22_2_0_, generalcon0_.gcitap as gcitap23_2_0_, generalcon0_.gcitar as gcitar24_2_0_, generalcon0_.gcitcs as gcitcs25_2_0_, generalcon0_.gcitfa as gcitfa26_2_0_, generalcon0_.gcitgl as gcitgl27_2_0_, generalcon0_.gcitin as gcitin28_2_0_, generalcon0_.gcitmf as gcitmf29_2_0_, generalcon0_.gcithc as gcithc30_2_0_, generalcon0_.gcpucm as gcpucm31_2_0_, generalcon0_.gcsicm as gcsicm32_2_0_, generalcon0_.gctbcc as gctbcc33_2_0_, generalcon0_.gcurl as gcurl34_2_0_, generalcon0_.gcverid as gcverid35_2_0_ from t0010 generalcon0_ where generalcon0_.gcpc=?
2018-12-14 17:35:58.061  INFO 9212 --- [    Test worker] o.s.t.c.transaction.TransactionContext   : Rolled back transaction for test: [DefaultTestContext@2ead648 testClass = GeneralConstantApiTest, testInstance = ags.goldenlionerp.apiTests.setups.GeneralConstantApiTest@604cc5, testMethod = updateTestWithPatch@ApiTestBase, testException = [null], mergedContextConfiguration = [WebMergedContextConfiguration@6e2fe790 testClass = GeneralConstantApiTest, locations = '{}', classes = '{class ags.goldenlionerp.GoldenLionErpApplication}', contextInitializerClasses = '[]', activeProfiles = '{}', propertySourceLocations = '{classpath:test.properties}', propertySourceProperties = '{org.springframework.boot.test.context.SpringBootTestContextBootstrapper=true}', contextCustomizers = set[org.springframework.boot.test.autoconfigure.properties.PropertyMappingContextCustomizer@0, org.springframework.boot.test.autoconfigure.web.servlet.WebDriverContextCustomizerFactory$Customizer@636d731e, [ImportsContextCustomizer@38b07f8e key = [ags.goldenlionerp.apiTests.ApiTestBase$TestConfig]], org.springframework.boot.test.context.filter.ExcludeFilterContextCustomizer@6afa5291, org.springframework.boot.test.json.DuplicateJsonObjectContextCustomizerFactory$DuplicateJsonObjectContextCustomizer@20cebcb4, org.springframework.boot.test.mock.mockito.MockitoContextCustomizer@0, org.springframework.boot.test.web.client.TestRestTemplateContextCustomizer@49a32273], resourceBasePath = 'src/main/webapp', contextLoader = 'org.springframework.boot.test.context.SpringBootContextLoader', parent = [null]], attributes = map['org.springframework.test.context.web.ServletTestExecutionListener.activateListener' -> true, 'org.springframework.test.context.web.ServletTestExecutionListener.populatedRequestContextHolder' -> true, 'org.springframework.test.context.web.ServletTestExecutionListener.resetRequestContextHolder' -> true]]
2018-12-14 17:35:58.062  INFO 9212 --- [    Test worker] o.s.t.c.transaction.TransactionContext   : Began transaction (1) for test context [DefaultTestContext@2ead648 testClass = GeneralConstantApiTest, testInstance = ags.goldenlionerp.apiTests.setups.GeneralConstantApiTest@475e811a, testMethod = getTestCollection@ApiTestBase, testException = [null], mergedContextConfiguration = [WebMergedContextConfiguration@6e2fe790 testClass = GeneralConstantApiTest, locations = '{}', classes = '{class ags.goldenlionerp.GoldenLionErpApplication}', contextInitializerClasses = '[]', activeProfiles = '{}', propertySourceLocations = '{classpath:test.properties}', propertySourceProperties = '{org.springframework.boot.test.context.SpringBootTestContextBootstrapper=true}', contextCustomizers = set[org.springframework.boot.test.autoconfigure.properties.PropertyMappingContextCustomizer@0, org.springframework.boot.test.autoconfigure.web.servlet.WebDriverContextCustomizerFactory$Customizer@636d731e, [ImportsContextCustomizer@38b07f8e key = [ags.goldenlionerp.apiTests.ApiTestBase$TestConfig]], org.springframework.boot.test.context.filter.ExcludeFilterContextCustomizer@6afa5291, org.springframework.boot.test.json.DuplicateJsonObjectContextCustomizerFactory$DuplicateJsonObjectContextCustomizer@20cebcb4, org.springframework.boot.test.mock.mockito.MockitoContextCustomizer@0, org.springframework.boot.test.web.client.TestRestTemplateContextCustomizer@49a32273], resourceBasePath = 'src/main/webapp', contextLoader = 'org.springframework.boot.test.context.SpringBootContextLoader', parent = [null]], attributes = map['org.springframework.test.context.web.ServletTestExecutionListener.activateListener' -> true, 'org.springframework.test.context.web.ServletTestExecutionListener.populatedRequestContextHolder' -> true, 'org.springframework.test.context.web.ServletTestExecutionListener.resetRequestContextHolder' -> true]]; transaction manager [org.springframework.orm.jpa.JpaTransactionManager@76f112e2]; rollback [true]
2018-12-14 17:35:58.063  INFO 9212 --- [    Test worker] o.s.b.t.m.w.SpringBootMockServletContext : Initializing Spring FrameworkServlet ''
2018-12-14 17:35:58.063  INFO 9212 --- [    Test worker] o.s.t.web.servlet.TestDispatcherServlet  : FrameworkServlet '': initialization started
2018-12-14 17:35:58.063  INFO 9212 --- [    Test worker] o.s.t.web.servlet.TestDispatcherServlet  : FrameworkServlet '': initialization completed in 0 ms
Hibernate: select generalcon0_.gcpc as gcpc1_2_0_, generalcon0_.gccid as gccid2_2_0_, generalcon0_.gcdtin as gcdtin3_2_0_, generalcon0_.gctmin as gctmin4_2_0_, generalcon0_.gcuid as gcuid5_2_0_, generalcon0_.gcdtlu as gcdtlu6_2_0_, generalcon0_.gctmlu as gctmlu7_2_0_, generalcon0_.gcuidm as gcuidm8_2_0_, generalcon0_.gcaodm as gcaodm9_2_0_, generalcon0_.gcbankid as gcbanki10_2_0_, generalcon0_.gcpcn03 as gcpcn11_2_0_, generalcon0_.gcpcn01 as gcpcn12_2_0_, generalcon0_.gcpcn05 as gcpcn13_2_0_, generalcon0_.gcpcn04 as gcpcn14_2_0_, generalcon0_.gcpcn02 as gcpcn15_2_0_, generalcon0_.gccoid as gccoid16_2_0_, generalcon0_.gcccm as gcccm17_2_0_, generalcon0_.gcpcn08 as gcpcn18_2_0_, generalcon0_.gcpcn06 as gcpcn19_2_0_, generalcon0_.gcpcn10 as gcpcn20_2_0_, generalcon0_.gcpcn09 as gcpcn21_2_0_, generalcon0_.gcpcn07 as gcpcn22_2_0_, generalcon0_.gcitap as gcitap23_2_0_, generalcon0_.gcitar as gcitar24_2_0_, generalcon0_.gcitcs as gcitcs25_2_0_, generalcon0_.gcitfa as gcitfa26_2_0_, generalcon0_.gcitgl as gcitgl27_2_0_, generalcon0_.gcitin as gcitin28_2_0_, generalcon0_.gcitmf as gcitmf29_2_0_, generalcon0_.gcithc as gcithc30_2_0_, generalcon0_.gcpucm as gcpucm31_2_0_, generalcon0_.gcsicm as gcsicm32_2_0_, generalcon0_.gctbcc as gctbcc33_2_0_, generalcon0_.gcurl as gcurl34_2_0_, generalcon0_.gcverid as gcverid35_2_0_ from t0010 generalcon0_ where generalcon0_.gcpc=?

MockHttpServletRequest:
      HTTP Method = GET
      Request URI = /api/generalConstant/
       Parameters = {}
          Headers = {Accept=[application/json]}
             Body = <no character encoding set>
    Session Attrs = {org.springframework.security.web.csrf.HttpSessionCsrfTokenRepository.CSRF_TOKEN=org.springframework.security.web.csrf.DefaultCsrfToken@4285c758, SPRING_SECURITY_CONTEXT=org.springframework.security.core.context.SecurityContextImpl@475fcd89: Authentication: org.springframework.security.authentication.UsernamePasswordAuthenticationToken@475fcd89: Principal: org.springframework.security.core.userdetails.User@f02988d6: Username: username; Password: [PROTECTED]; Enabled: true; AccountNonExpired: true; credentialsNonExpired: true; AccountNonLocked: true; Not granted any authorities; Credentials: [PROTECTED]; Authenticated: true; Details: null; Not granted any authorities}

Handler:
             Type = ags.goldenlionerp.application.setups.generalconstant.GeneralConstantController
           Method = public org.springframework.http.ResponseEntity<org.springframework.hateoas.Resource<?>> ags.goldenlionerp.application.setups.generalconstant.GeneralConstantController.get(org.springframework.data.rest.webmvc.PersistentEntityResourceAssembler)

Async:
    Async started = false
     Async result = null

Resolved Exception:
             Type = null

ModelAndView:
        View name = null
             View = null
            Model = null

FlashMap:
       Attributes = null

MockHttpServletResponse:
           Status = 200
    Error message = null
          Headers = {Content-Type=[application/json;charset=UTF-8], X-Content-Type-Options=[nosniff], X-XSS-Protection=[1; mode=block], Cache-Control=[no-cache, no-store, max-age=0, must-revalidate], Pragma=[no-cache], Expires=[0], X-Frame-Options=[DENY]}
     Content type = application/json;charset=UTF-8
             Body = {
  "inputUserId" : "",
  "lastUpdateUserId" : "QSA",
  "computerId" : "LAPTOP-FHFRCCL6",
  "code" : "00",
  "currencyConversionMethod" : "M",
  "ageOfDataMaster" : 2,
  "interfaceToGL" : true,
  "interfaceToAccountReceivable" : true,
  "interfaceToAccountPayable" : true,
  "interfaceToFixedAssets" : true,
  "interfaceToInventory" : true,
  "interfaceToManufacturer" : false,
  "interfaceToPayroll" : false,
  "interfaceToCS" : false,
  "purchaseCostMethod" : "02",
  "salesInventoryCostMethod" : "02",
  "timeBasedCostCalculation" : false,
  "companyId" : "",
  "bankCode" : "",
  "versionId" : "3.7.90",
  "url" : "",
  "baseCurrencyRoundings" : {
    "accountReceivables" : 1.00000,
    "internalReceivables" : 2.00000,
    "accountPayables" : 3.00000,
    "internalPayables" : 4.00000,
    "deposits" : 5.00000
  },
  "foreignCurrencyRoundings" : {
    "accountReceivables" : 6.00000,
    "internalReceivables" : 7.50000,
    "accountPayables" : 8.00000,
    "internalPayables" : 9.00000,
    "deposits" : 10.00000
  },
  "lastUpdateDateTime" : "2018-07-03T11:45:12",
  "inputDateTime" : null,
  "_links" : {
    "self" : {
      "href" : "http://localhost/api/generalConstant/00"
    },
    "generalConstant" : {
      "href" : "http://localhost/api/generalConstant/00"
    }
  }
}
    Forwarded URL = null
   Redirected URL = null
          Cookies = []
2018-12-14 17:35:58.079  INFO 9212 --- [    Test worker] o.s.t.c.transaction.TransactionContext   : Rolled back transaction for test: [DefaultTestContext@2ead648 testClass = GeneralConstantApiTest, testInstance = ags.goldenlionerp.apiTests.setups.GeneralConstantApiTest@475e811a, testMethod = getTestCollection@ApiTestBase, testException = [null], mergedContextConfiguration = [WebMergedContextConfiguration@6e2fe790 testClass = GeneralConstantApiTest, locations = '{}', classes = '{class ags.goldenlionerp.GoldenLionErpApplication}', contextInitializerClasses = '[]', activeProfiles = '{}', propertySourceLocations = '{classpath:test.properties}', propertySourceProperties = '{org.springframework.boot.test.context.SpringBootTestContextBootstrapper=true}', contextCustomizers = set[org.springframework.boot.test.autoconfigure.properties.PropertyMappingContextCustomizer@0, org.springframework.boot.test.autoconfigure.web.servlet.WebDriverContextCustomizerFactory$Customizer@636d731e, [ImportsContextCustomizer@38b07f8e key = [ags.goldenlionerp.apiTests.ApiTestBase$TestConfig]], org.springframework.boot.test.context.filter.ExcludeFilterContextCustomizer@6afa5291, org.springframework.boot.test.json.DuplicateJsonObjectContextCustomizerFactory$DuplicateJsonObjectContextCustomizer@20cebcb4, org.springframework.boot.test.mock.mockito.MockitoContextCustomizer@0, org.springframework.boot.test.web.client.TestRestTemplateContextCustomizer@49a32273], resourceBasePath = 'src/main/webapp', contextLoader = 'org.springframework.boot.test.context.SpringBootContextLoader', parent = [null]], attributes = map['org.springframework.test.context.web.ServletTestExecutionListener.activateListener' -> true, 'org.springframework.test.context.web.ServletTestExecutionListener.populatedRequestContextHolder' -> true, 'org.springframework.test.context.web.ServletTestExecutionListener.resetRequestContextHolder' -> true]]
]]></system-out>
  <system-err><![CDATA[]]></system-err>
</testsuite>
