<?xml version="1.0" encoding="UTF-8"?>
<testsuite name="ags.goldenlionerp.apiTests.addresses.ContactApiTest" tests="8" skipped="0" failures="0" errors="0" timestamp="2018-12-27T04:25:41" hostname="LAPTOP-FHFRCCL6" time="2.231">
  <properties/>
  <testcase name="updateTestWithPatch" classname="ags.goldenlionerp.apiTests.addresses.ContactApiTest" time="0.065"/>
  <testcase name="massUpdateTest" classname="ags.goldenlionerp.apiTests.addresses.ContactApiTest" time="0.061"/>
  <testcase name="updateTestWithPut" classname="ags.goldenlionerp.apiTests.addresses.ContactApiTest" time="0.033"/>
  <testcase name="getTestSingle" classname="ags.goldenlionerp.apiTests.addresses.ContactApiTest" time="0.029"/>
  <testcase name="getTestCollection" classname="ags.goldenlionerp.apiTests.addresses.ContactApiTest" time="1.891"/>
  <testcase name="createTestWithPut" classname="ags.goldenlionerp.apiTests.addresses.ContactApiTest" time="0.036"/>
  <testcase name="deleteTest" classname="ags.goldenlionerp.apiTests.addresses.ContactApiTest" time="0.047"/>
  <testcase name="createTestWithPost" classname="ags.goldenlionerp.apiTests.addresses.ContactApiTest" time="0.064"/>
  <system-out><![CDATA[2018-12-27 11:25:41.659  INFO 2120 --- [    Test worker] .b.t.c.SpringBootTestContextBootstrapper : Neither @ContextConfiguration nor @ContextHierarchy found for test class [ags.goldenlionerp.apiTests.addresses.ContactApiTest], using SpringBootContextLoader
2018-12-27 11:25:41.659  INFO 2120 --- [    Test worker] o.s.t.c.support.AbstractContextLoader    : Could not detect default resource locations for test class [ags.goldenlionerp.apiTests.addresses.ContactApiTest]: no resource found for suffixes {-context.xml, Context.groovy}.
2018-12-27 11:25:41.659  INFO 2120 --- [    Test worker] t.c.s.AnnotationConfigContextLoaderUtils : Could not detect default configuration classes for test class [ags.goldenlionerp.apiTests.addresses.ContactApiTest]: ContactApiTest does not declare any static, non-private, non-final, nested classes annotated with @Configuration.
2018-12-27 11:25:41.662  INFO 2120 --- [    Test worker] .b.t.c.SpringBootTestContextBootstrapper : Found @SpringBootConfiguration ags.goldenlionerp.GoldenLionErpApplication for test class ags.goldenlionerp.apiTests.addresses.ContactApiTest
2018-12-27 11:25:41.664  INFO 2120 --- [    Test worker] .b.t.c.SpringBootTestContextBootstrapper : Loaded default TestExecutionListener class names from location [META-INF/spring.factories]: [org.springframework.security.test.context.support.WithSecurityContextTestExecutionListener, org.springframework.security.test.context.support.ReactorContextTestExecutionListener, org.springframework.boot.test.autoconfigure.restdocs.RestDocsTestExecutionListener, org.springframework.boot.test.autoconfigure.web.client.MockRestServiceServerResetTestExecutionListener, org.springframework.boot.test.autoconfigure.web.servlet.MockMvcPrintOnlyOnFailureTestExecutionListener, org.springframework.boot.test.autoconfigure.web.servlet.WebDriverTestExecutionListener, org.springframework.boot.test.mock.mockito.MockitoTestExecutionListener, org.springframework.boot.test.mock.mockito.ResetMocksTestExecutionListener, org.springframework.test.context.web.ServletTestExecutionListener, org.springframework.test.context.support.DirtiesContextBeforeModesTestExecutionListener, org.springframework.test.context.support.DependencyInjectionTestExecutionListener, org.springframework.test.context.support.DirtiesContextTestExecutionListener, org.springframework.test.context.transaction.TransactionalTestExecutionListener, org.springframework.test.context.jdbc.SqlScriptsTestExecutionListener]
2018-12-27 11:25:41.665  INFO 2120 --- [    Test worker] .b.t.c.SpringBootTestContextBootstrapper : Using TestExecutionListeners: [org.springframework.test.context.web.ServletTestExecutionListener@366550df, org.springframework.test.context.support.DirtiesContextBeforeModesTestExecutionListener@6d7a8ffc, org.springframework.boot.test.mock.mockito.MockitoTestExecutionListener@6aaf63bb, org.springframework.boot.test.autoconfigure.SpringBootDependencyInjectionTestExecutionListener@79c6d9e8, org.springframework.test.context.support.DirtiesContextTestExecutionListener@65b99da7, org.springframework.test.context.transaction.TransactionalTestExecutionListener@5c05eb83, org.springframework.test.context.jdbc.SqlScriptsTestExecutionListener@4da6e903, org.springframework.security.test.context.support.WithSecurityContextTestExecutionListener@2e070c6, org.springframework.security.test.context.support.ReactorContextTestExecutionListener@2b9d8198, org.springframework.boot.test.autoconfigure.restdocs.RestDocsTestExecutionListener@58b72e9b, org.springframework.boot.test.autoconfigure.web.client.MockRestServiceServerResetTestExecutionListener@22233a7f, org.springframework.boot.test.autoconfigure.web.servlet.MockMvcPrintOnlyOnFailureTestExecutionListener@234418bd, org.springframework.boot.test.autoconfigure.web.servlet.WebDriverTestExecutionListener@6412cc0c, org.springframework.boot.test.mock.mockito.ResetMocksTestExecutionListener@530e5e3]
2018-12-27 11:25:41.684  INFO 2120 --- [    Test worker] o.s.t.c.transaction.TransactionContext   : Began transaction (1) for test context [DefaultTestContext@2d40d9c7 testClass = ContactApiTest, testInstance = ags.goldenlionerp.apiTests.addresses.ContactApiTest@5dc25ff4, testMethod = updateTestWithPatch@ContactApiTest, testException = [null], mergedContextConfiguration = [WebMergedContextConfiguration@59fcae79 testClass = ContactApiTest, locations = '{}', classes = '{class ags.goldenlionerp.GoldenLionErpApplication}', contextInitializerClasses = '[]', activeProfiles = '{}', propertySourceLocations = '{classpath:test.properties}', propertySourceProperties = '{org.springframework.boot.test.context.SpringBootTestContextBootstrapper=true}', contextCustomizers = set[org.springframework.boot.test.autoconfigure.properties.PropertyMappingContextCustomizer@0, org.springframework.boot.test.autoconfigure.web.servlet.WebDriverContextCustomizerFactory$Customizer@636d731e, [ImportsContextCustomizer@306deee1 key = [ags.goldenlionerp.apiTests.ApiTestBase$TestConfig]], org.springframework.boot.test.context.filter.ExcludeFilterContextCustomizer@6afa5291, org.springframework.boot.test.json.DuplicateJsonObjectContextCustomizerFactory$DuplicateJsonObjectContextCustomizer@20cebcb4, org.springframework.boot.test.mock.mockito.MockitoContextCustomizer@0, org.springframework.boot.test.web.client.TestRestTemplateContextCustomizer@49a32273], resourceBasePath = 'src/main/webapp', contextLoader = 'org.springframework.boot.test.context.SpringBootContextLoader', parent = [null]], attributes = map['org.springframework.test.context.web.ServletTestExecutionListener.activateListener' -> true, 'org.springframework.test.context.web.ServletTestExecutionListener.populatedRequestContextHolder' -> true, 'org.springframework.test.context.web.ServletTestExecutionListener.resetRequestContextHolder' -> true]]; transaction manager [org.springframework.orm.jpa.JpaTransactionManager@75de8c12]; rollback [true]
2018-12-27 11:25:41.685  INFO 2120 --- [    Test worker] o.s.b.t.m.w.SpringBootMockServletContext : Initializing Spring FrameworkServlet ''
2018-12-27 11:25:41.685  INFO 2120 --- [    Test worker] o.s.t.web.servlet.TestDispatcherServlet  : FrameworkServlet '': initialization started
2018-12-27 11:25:41.690  INFO 2120 --- [    Test worker] o.s.t.web.servlet.TestDispatcherServlet  : FrameworkServlet '': initialization completed in 5 ms
Hibernate: select addressboo0_.adanum as adanum1_16_0_, addressboo0_.adcid as adcid2_16_0_, addressboo0_.addtin as addtin3_16_0_, addressboo0_.adtmin as adtmin4_16_0_, addressboo0_.aduid as aduid5_16_0_, addressboo0_.addtlu as addtlu6_16_0_, addressboo0_.adtmlu as adtmlu7_16_0_, addressboo0_.aduidm as aduidm8_16_0_, addressboo0_.adap as adap9_16_0_, addressboo0_.adar as adar10_16_0_, addressboo0_.adbuid as adbuid11_16_0_, addressboo0_.adcc01 as adcc12_16_0_, addressboo0_.adcc02 as adcc13_16_0_, addressboo0_.adcc03 as adcc14_16_0_, addressboo0_.adcc04 as adcc15_16_0_, addressboo0_.adcc05 as adcc16_16_0_, addressboo0_.adcc06 as adcc17_16_0_, addressboo0_.adcc07 as adcc18_16_0_, addressboo0_.adcc08 as adcc19_16_0_, addressboo0_.adcc09 as adcc20_16_0_, addressboo0_.adcc10 as adcc21_16_0_, addressboo0_.adempl as adempl22_16_0_, addressboo0_.adtmlt as adtmlt23_16_0_, addressboo0_.adlan as adlan24_16_0_, addressboo0_.admlnm as admlnm25_16_0_, addressboo0_.adnm as adnm26_16_0_, addressboo0_.adpan as adpan27_16_0_, addressboo0_.adrecid as adrecid28_16_0_, addressboo0_.adrlid0 as adrlid29_16_0_, addressboo0_.adrlid2 as adrlid30_16_0_, addressboo0_.adrlid3 as adrlid31_16_0_, addressboo0_.adrlid4 as adrlid32_16_0_, addressboo0_.adrlid5 as adrlid33_16_0_, addressboo0_.adrlid6 as adrlid34_16_0_, addressboo0_.adrlid7 as adrlid35_16_0_, addressboo0_.adrlid8 as adrlid36_16_0_, addressboo0_.adrlid9 as adrlid37_16_0_, addressboo0_.adrlid1 as adrlid38_16_0_, addressboo0_.adst as adst39_16_0_, addressboo0_.adtaxid as adtaxid40_16_0_ from t0101 addressboo0_ where addressboo0_.adanum=?
Hibernate: select addresshis0_.eaanum as eaanum1_19_0_, addresshis0_.earecid as earecid2_19_0_, addresshis0_.eaanum as eaanum1_19_1_, addresshis0_.earecid as earecid2_19_1_, addresshis0_.eacid as eacid3_19_1_, addresshis0_.eadtin as eadtin4_19_1_, addresshis0_.eatmin as eatmin5_19_1_, addresshis0_.eauid as eauid6_19_1_, addresshis0_.eadtlu as eadtlu7_19_1_, addresshis0_.eatmlu as eatmlu8_19_1_, addresshis0_.eauidm as eauidm9_19_1_, addresshis0_.eadtls as eadtls10_19_1_, addresshis0_.eaaddr1 as eaaddr11_19_1_, addresshis0_.eaaddr2 as eaaddr12_19_1_, addresshis0_.eaaddr3 as eaaddr13_19_1_, addresshis0_.eaaddr4 as eaaddr14_19_1_, addresshis0_.eacity as eacity15_19_1_, addresshis0_.eacntry as eacntry16_19_1_, addresshis0_.eacnty as eacnty17_19_1_, addresshis0_.eaefdt as eaefdt18_19_1_, addresshis0_.eaemail as eaemail19_19_1_, addresshis0_.eanau as eanau20_19_1_, addresshis0_.eanou as eanou21_19_1_, addresshis0_.eapoldis as eapoldi22_19_1_, addresshis0_.eapscd as eapscd23_19_1_, addresshis0_.eastate as eastate24_19_1_, addresshis0_.easubdis as easubdi25_19_1_ from t0104 addresshis0_ where addresshis0_.eaanum=?
Hibernate: select contactper0_.cianum as cianum1_17_0_, contactper0_.ciseq1 as ciseq2_17_0_, contactper0_.cicid as cicid3_17_0_, contactper0_.cidtin as cidtin4_17_0_, contactper0_.citmin as citmin5_17_0_, contactper0_.ciuid as ciuid6_17_0_, contactper0_.cidtlu as cidtlu7_17_0_, contactper0_.citmlu as citmlu8_17_0_, contactper0_.ciuidm as ciuidm9_17_0_, contactper0_.cidtls as cidtls10_17_0_, contactper0_.cidob as cidob11_17_0_, contactper0_.cidesb1 as cidesb12_17_0_, contactper0_.cifsnm as cifsnm13_17_0_, contactper0_.cigdr as cigdr14_17_0_, contactper0_.cilsnm as cilsnm15_17_0_, contactper0_.cimlnm as cimlnm16_17_0_, contactper0_.cimoref as cimoref17_17_0_, contactper0_.cimdnm as cimdnm18_17_0_, contactper0_.cinm as cinm19_17_0_, contactper0_.cinknm as cinknm20_17_0_, contactper0_.cipob as cipob21_17_0_, contactper0_.cirlg as cirlg22_17_0_, contactper0_.cisltn as cisltn23_17_0_, contactper0_.cissdt as cissdt24_17_0_, contactper0_.cissn as cissn25_17_0_, contactper0_.citycd as citycd26_17_0_ from t0102 contactper0_ where contactper0_.cianum=? and contactper0_.ciseq1=?
Hibernate: update t0102 set cicid=?, cidtlu=?, citmlu=?, ciuidm=?, cidtls=?, cidob=?, cidesb1=?, cifsnm=?, cigdr=?, cilsnm=?, cimlnm=?, cimoref=?, cimdnm=?, cinm=?, cinknm=?, cipob=?, cirlg=?, cisltn=?, cissdt=?, cissn=?, citycd=? where cianum=? and ciseq1=?
Hibernate: select contactper0_.cianum as cianum1_17_0_, contactper0_.ciseq1 as ciseq2_17_0_, contactper0_.cicid as cicid3_17_0_, contactper0_.cidtin as cidtin4_17_0_, contactper0_.citmin as citmin5_17_0_, contactper0_.ciuid as ciuid6_17_0_, contactper0_.cidtlu as cidtlu7_17_0_, contactper0_.citmlu as citmlu8_17_0_, contactper0_.ciuidm as ciuidm9_17_0_, contactper0_.cidtls as cidtls10_17_0_, contactper0_.cidob as cidob11_17_0_, contactper0_.cidesb1 as cidesb12_17_0_, contactper0_.cifsnm as cifsnm13_17_0_, contactper0_.cigdr as cigdr14_17_0_, contactper0_.cilsnm as cilsnm15_17_0_, contactper0_.cimlnm as cimlnm16_17_0_, contactper0_.cimoref as cimoref17_17_0_, contactper0_.cimdnm as cimdnm18_17_0_, contactper0_.cinm as cinm19_17_0_, contactper0_.cinknm as cinknm20_17_0_, contactper0_.cipob as cipob21_17_0_, contactper0_.cirlg as cirlg22_17_0_, contactper0_.cisltn as cisltn23_17_0_, contactper0_.cissdt as cissdt24_17_0_, contactper0_.cissn as cissn25_17_0_, contactper0_.citycd as citycd26_17_0_ from t0102 contactper0_ where contactper0_.cianum=? and contactper0_.ciseq1=?
2018-12-27 11:25:41.748  INFO 2120 --- [    Test worker] o.s.t.c.transaction.TransactionContext   : Rolled back transaction for test: [DefaultTestContext@2d40d9c7 testClass = ContactApiTest, testInstance = ags.goldenlionerp.apiTests.addresses.ContactApiTest@5dc25ff4, testMethod = updateTestWithPatch@ContactApiTest, testException = [null], mergedContextConfiguration = [WebMergedContextConfiguration@59fcae79 testClass = ContactApiTest, locations = '{}', classes = '{class ags.goldenlionerp.GoldenLionErpApplication}', contextInitializerClasses = '[]', activeProfiles = '{}', propertySourceLocations = '{classpath:test.properties}', propertySourceProperties = '{org.springframework.boot.test.context.SpringBootTestContextBootstrapper=true}', contextCustomizers = set[org.springframework.boot.test.autoconfigure.properties.PropertyMappingContextCustomizer@0, org.springframework.boot.test.autoconfigure.web.servlet.WebDriverContextCustomizerFactory$Customizer@636d731e, [ImportsContextCustomizer@306deee1 key = [ags.goldenlionerp.apiTests.ApiTestBase$TestConfig]], org.springframework.boot.test.context.filter.ExcludeFilterContextCustomizer@6afa5291, org.springframework.boot.test.json.DuplicateJsonObjectContextCustomizerFactory$DuplicateJsonObjectContextCustomizer@20cebcb4, org.springframework.boot.test.mock.mockito.MockitoContextCustomizer@0, org.springframework.boot.test.web.client.TestRestTemplateContextCustomizer@49a32273], resourceBasePath = 'src/main/webapp', contextLoader = 'org.springframework.boot.test.context.SpringBootContextLoader', parent = [null]], attributes = map['org.springframework.test.context.web.ServletTestExecutionListener.activateListener' -> true, 'org.springframework.test.context.web.ServletTestExecutionListener.populatedRequestContextHolder' -> true, 'org.springframework.test.context.web.ServletTestExecutionListener.resetRequestContextHolder' -> true]]
2018-12-27 11:25:41.750  INFO 2120 --- [    Test worker] o.s.t.c.transaction.TransactionContext   : Began transaction (1) for test context [DefaultTestContext@2d40d9c7 testClass = ContactApiTest, testInstance = ags.goldenlionerp.apiTests.addresses.ContactApiTest@4d1da7b8, testMethod = massUpdateTest@ApiTestBaseMassUpdate, testException = [null], mergedContextConfiguration = [WebMergedContextConfiguration@59fcae79 testClass = ContactApiTest, locations = '{}', classes = '{class ags.goldenlionerp.GoldenLionErpApplication}', contextInitializerClasses = '[]', activeProfiles = '{}', propertySourceLocations = '{classpath:test.properties}', propertySourceProperties = '{org.springframework.boot.test.context.SpringBootTestContextBootstrapper=true}', contextCustomizers = set[org.springframework.boot.test.autoconfigure.properties.PropertyMappingContextCustomizer@0, org.springframework.boot.test.autoconfigure.web.servlet.WebDriverContextCustomizerFactory$Customizer@636d731e, [ImportsContextCustomizer@306deee1 key = [ags.goldenlionerp.apiTests.ApiTestBase$TestConfig]], org.springframework.boot.test.context.filter.ExcludeFilterContextCustomizer@6afa5291, org.springframework.boot.test.json.DuplicateJsonObjectContextCustomizerFactory$DuplicateJsonObjectContextCustomizer@20cebcb4, org.springframework.boot.test.mock.mockito.MockitoContextCustomizer@0, org.springframework.boot.test.web.client.TestRestTemplateContextCustomizer@49a32273], resourceBasePath = 'src/main/webapp', contextLoader = 'org.springframework.boot.test.context.SpringBootContextLoader', parent = [null]], attributes = map['org.springframework.test.context.web.ServletTestExecutionListener.activateListener' -> true, 'org.springframework.test.context.web.ServletTestExecutionListener.populatedRequestContextHolder' -> true, 'org.springframework.test.context.web.ServletTestExecutionListener.resetRequestContextHolder' -> true]]; transaction manager [org.springframework.orm.jpa.JpaTransactionManager@75de8c12]; rollback [true]
2018-12-27 11:25:41.751  INFO 2120 --- [    Test worker] o.s.b.t.m.w.SpringBootMockServletContext : Initializing Spring FrameworkServlet ''
2018-12-27 11:25:41.751  INFO 2120 --- [    Test worker] o.s.t.web.servlet.TestDispatcherServlet  : FrameworkServlet '': initialization started
2018-12-27 11:25:41.755  INFO 2120 --- [    Test worker] o.s.t.web.servlet.TestDispatcherServlet  : FrameworkServlet '': initialization completed in 4 ms
Hibernate: select addressboo0_.adanum as adanum1_16_0_, addressboo0_.adcid as adcid2_16_0_, addressboo0_.addtin as addtin3_16_0_, addressboo0_.adtmin as adtmin4_16_0_, addressboo0_.aduid as aduid5_16_0_, addressboo0_.addtlu as addtlu6_16_0_, addressboo0_.adtmlu as adtmlu7_16_0_, addressboo0_.aduidm as aduidm8_16_0_, addressboo0_.adap as adap9_16_0_, addressboo0_.adar as adar10_16_0_, addressboo0_.adbuid as adbuid11_16_0_, addressboo0_.adcc01 as adcc12_16_0_, addressboo0_.adcc02 as adcc13_16_0_, addressboo0_.adcc03 as adcc14_16_0_, addressboo0_.adcc04 as adcc15_16_0_, addressboo0_.adcc05 as adcc16_16_0_, addressboo0_.adcc06 as adcc17_16_0_, addressboo0_.adcc07 as adcc18_16_0_, addressboo0_.adcc08 as adcc19_16_0_, addressboo0_.adcc09 as adcc20_16_0_, addressboo0_.adcc10 as adcc21_16_0_, addressboo0_.adempl as adempl22_16_0_, addressboo0_.adtmlt as adtmlt23_16_0_, addressboo0_.adlan as adlan24_16_0_, addressboo0_.admlnm as admlnm25_16_0_, addressboo0_.adnm as adnm26_16_0_, addressboo0_.adpan as adpan27_16_0_, addressboo0_.adrecid as adrecid28_16_0_, addressboo0_.adrlid0 as adrlid29_16_0_, addressboo0_.adrlid2 as adrlid30_16_0_, addressboo0_.adrlid3 as adrlid31_16_0_, addressboo0_.adrlid4 as adrlid32_16_0_, addressboo0_.adrlid5 as adrlid33_16_0_, addressboo0_.adrlid6 as adrlid34_16_0_, addressboo0_.adrlid7 as adrlid35_16_0_, addressboo0_.adrlid8 as adrlid36_16_0_, addressboo0_.adrlid9 as adrlid37_16_0_, addressboo0_.adrlid1 as adrlid38_16_0_, addressboo0_.adst as adst39_16_0_, addressboo0_.adtaxid as adtaxid40_16_0_ from t0101 addressboo0_ where addressboo0_.adanum=?
Hibernate: select addresshis0_.eaanum as eaanum1_19_0_, addresshis0_.earecid as earecid2_19_0_, addresshis0_.eaanum as eaanum1_19_1_, addresshis0_.earecid as earecid2_19_1_, addresshis0_.eacid as eacid3_19_1_, addresshis0_.eadtin as eadtin4_19_1_, addresshis0_.eatmin as eatmin5_19_1_, addresshis0_.eauid as eauid6_19_1_, addresshis0_.eadtlu as eadtlu7_19_1_, addresshis0_.eatmlu as eatmlu8_19_1_, addresshis0_.eauidm as eauidm9_19_1_, addresshis0_.eadtls as eadtls10_19_1_, addresshis0_.eaaddr1 as eaaddr11_19_1_, addresshis0_.eaaddr2 as eaaddr12_19_1_, addresshis0_.eaaddr3 as eaaddr13_19_1_, addresshis0_.eaaddr4 as eaaddr14_19_1_, addresshis0_.eacity as eacity15_19_1_, addresshis0_.eacntry as eacntry16_19_1_, addresshis0_.eacnty as eacnty17_19_1_, addresshis0_.eaefdt as eaefdt18_19_1_, addresshis0_.eaemail as eaemail19_19_1_, addresshis0_.eanau as eanau20_19_1_, addresshis0_.eanou as eanou21_19_1_, addresshis0_.eapoldis as eapoldi22_19_1_, addresshis0_.eapscd as eapscd23_19_1_, addresshis0_.eastate as eastate24_19_1_, addresshis0_.easubdis as easubdi25_19_1_ from t0104 addresshis0_ where addresshis0_.eaanum=?
Hibernate: select contactper0_.cianum as cianum1_17_0_, contactper0_.ciseq1 as ciseq2_17_0_, contactper0_.cicid as cicid3_17_0_, contactper0_.cidtin as cidtin4_17_0_, contactper0_.citmin as citmin5_17_0_, contactper0_.ciuid as ciuid6_17_0_, contactper0_.cidtlu as cidtlu7_17_0_, contactper0_.citmlu as citmlu8_17_0_, contactper0_.ciuidm as ciuidm9_17_0_, contactper0_.cidtls as cidtls10_17_0_, contactper0_.cidob as cidob11_17_0_, contactper0_.cidesb1 as cidesb12_17_0_, contactper0_.cifsnm as cifsnm13_17_0_, contactper0_.cigdr as cigdr14_17_0_, contactper0_.cilsnm as cilsnm15_17_0_, contactper0_.cimlnm as cimlnm16_17_0_, contactper0_.cimoref as cimoref17_17_0_, contactper0_.cimdnm as cimdnm18_17_0_, contactper0_.cinm as cinm19_17_0_, contactper0_.cinknm as cinknm20_17_0_, contactper0_.cipob as cipob21_17_0_, contactper0_.cirlg as cirlg22_17_0_, contactper0_.cisltn as cisltn23_17_0_, contactper0_.cissdt as cissdt24_17_0_, contactper0_.cissn as cissn25_17_0_, contactper0_.citycd as citycd26_17_0_ from t0102 contactper0_ where contactper0_.cianum=? and contactper0_.ciseq1=?
Hibernate: select contactper0_.cianum as cianum1_17_, contactper0_.ciseq1 as ciseq2_17_, contactper0_.cicid as cicid3_17_, contactper0_.cidtin as cidtin4_17_, contactper0_.citmin as citmin5_17_, contactper0_.ciuid as ciuid6_17_, contactper0_.cidtlu as cidtlu7_17_, contactper0_.citmlu as citmlu8_17_, contactper0_.ciuidm as ciuidm9_17_, contactper0_.cidtls as cidtls10_17_, contactper0_.cidob as cidob11_17_, contactper0_.cidesb1 as cidesb12_17_, contactper0_.cifsnm as cifsnm13_17_, contactper0_.cigdr as cigdr14_17_, contactper0_.cilsnm as cilsnm15_17_, contactper0_.cimlnm as cimlnm16_17_, contactper0_.cimoref as cimoref17_17_, contactper0_.cimdnm as cimdnm18_17_, contactper0_.cinm as cinm19_17_, contactper0_.cinknm as cinknm20_17_, contactper0_.cipob as cipob21_17_, contactper0_.cirlg as cirlg22_17_, contactper0_.cisltn as cisltn23_17_, contactper0_.cissdt as cissdt24_17_, contactper0_.cissn as cissn25_17_, contactper0_.citycd as citycd26_17_ from t0102 contactper0_ where contactper0_.cianum=?
Hibernate: select contactper0_.cianum as cianum1_17_0_, contactper0_.ciseq1 as ciseq2_17_0_, contactper0_.cicid as cicid3_17_0_, contactper0_.cidtin as cidtin4_17_0_, contactper0_.citmin as citmin5_17_0_, contactper0_.ciuid as ciuid6_17_0_, contactper0_.cidtlu as cidtlu7_17_0_, contactper0_.citmlu as citmlu8_17_0_, contactper0_.ciuidm as ciuidm9_17_0_, contactper0_.cidtls as cidtls10_17_0_, contactper0_.cidob as cidob11_17_0_, contactper0_.cidesb1 as cidesb12_17_0_, contactper0_.cifsnm as cifsnm13_17_0_, contactper0_.cigdr as cigdr14_17_0_, contactper0_.cilsnm as cilsnm15_17_0_, contactper0_.cimlnm as cimlnm16_17_0_, contactper0_.cimoref as cimoref17_17_0_, contactper0_.cimdnm as cimdnm18_17_0_, contactper0_.cinm as cinm19_17_0_, contactper0_.cinknm as cinknm20_17_0_, contactper0_.cipob as cipob21_17_0_, contactper0_.cirlg as cirlg22_17_0_, contactper0_.cisltn as cisltn23_17_0_, contactper0_.cissdt as cissdt24_17_0_, contactper0_.cissn as cissn25_17_0_, contactper0_.citycd as citycd26_17_0_ from t0102 contactper0_ where contactper0_.cianum=? and contactper0_.ciseq1=?
Hibernate: insert into t0102 (cicid, cidtin, citmin, ciuid, cidtlu, citmlu, ciuidm, cidtls, cidob, cidesb1, cifsnm, cigdr, cilsnm, cimlnm, cimoref, cimdnm, cinm, cinknm, cipob, cirlg, cisltn, cissdt, cissn, citycd, cianum, ciseq1) values (?, ?, ?, ?, ?, ?, ?, ?, ?, ?, ?, ?, ?, ?, ?, ?, ?, ?, ?, ?, ?, ?, ?, ?, ?, ?)
Hibernate: select contactper0_.cianum as cianum1_17_, contactper0_.ciseq1 as ciseq2_17_, contactper0_.cicid as cicid3_17_, contactper0_.cidtin as cidtin4_17_, contactper0_.citmin as citmin5_17_, contactper0_.ciuid as ciuid6_17_, contactper0_.cidtlu as cidtlu7_17_, contactper0_.citmlu as citmlu8_17_, contactper0_.ciuidm as ciuidm9_17_, contactper0_.cidtls as cidtls10_17_, contactper0_.cidob as cidob11_17_, contactper0_.cidesb1 as cidesb12_17_, contactper0_.cifsnm as cifsnm13_17_, contactper0_.cigdr as cigdr14_17_, contactper0_.cilsnm as cilsnm15_17_, contactper0_.cimlnm as cimlnm16_17_, contactper0_.cimoref as cimoref17_17_, contactper0_.cimdnm as cimdnm18_17_, contactper0_.cinm as cinm19_17_, contactper0_.cinknm as cinknm20_17_, contactper0_.cipob as cipob21_17_, contactper0_.cirlg as cirlg22_17_, contactper0_.cisltn as cisltn23_17_, contactper0_.cissdt as cissdt24_17_, contactper0_.cissn as cissn25_17_, contactper0_.citycd as citycd26_17_ from t0102 contactper0_ where contactper0_.cianum=?
Hibernate: update t0102 set cicid=?, cidtlu=?, citmlu=?, ciuidm=?, cidtls=?, cidob=?, cidesb1=?, cifsnm=?, cigdr=?, cilsnm=?, cimlnm=?, cimoref=?, cimdnm=?, cinm=?, cinknm=?, cipob=?, cirlg=?, cisltn=?, cissdt=?, cissn=?, citycd=? where cianum=? and ciseq1=?
Hibernate: select contactper0_.cianum as cianum1_17_0_, contactper0_.ciseq1 as ciseq2_17_0_, contactper0_.cicid as cicid3_17_0_, contactper0_.cidtin as cidtin4_17_0_, contactper0_.citmin as citmin5_17_0_, contactper0_.ciuid as ciuid6_17_0_, contactper0_.cidtlu as cidtlu7_17_0_, contactper0_.citmlu as citmlu8_17_0_, contactper0_.ciuidm as ciuidm9_17_0_, contactper0_.cidtls as cidtls10_17_0_, contactper0_.cidob as cidob11_17_0_, contactper0_.cidesb1 as cidesb12_17_0_, contactper0_.cifsnm as cifsnm13_17_0_, contactper0_.cigdr as cigdr14_17_0_, contactper0_.cilsnm as cilsnm15_17_0_, contactper0_.cimlnm as cimlnm16_17_0_, contactper0_.cimoref as cimoref17_17_0_, contactper0_.cimdnm as cimdnm18_17_0_, contactper0_.cinm as cinm19_17_0_, contactper0_.cinknm as cinknm20_17_0_, contactper0_.cipob as cipob21_17_0_, contactper0_.cirlg as cirlg22_17_0_, contactper0_.cisltn as cisltn23_17_0_, contactper0_.cissdt as cissdt24_17_0_, contactper0_.cissn as cissn25_17_0_, contactper0_.citycd as citycd26_17_0_ from t0102 contactper0_ where contactper0_.cianum=? and contactper0_.ciseq1=?
Hibernate: select contactper0_.cianum as cianum1_17_0_, contactper0_.ciseq1 as ciseq2_17_0_, contactper0_.cicid as cicid3_17_0_, contactper0_.cidtin as cidtin4_17_0_, contactper0_.citmin as citmin5_17_0_, contactper0_.ciuid as ciuid6_17_0_, contactper0_.cidtlu as cidtlu7_17_0_, contactper0_.citmlu as citmlu8_17_0_, contactper0_.ciuidm as ciuidm9_17_0_, contactper0_.cidtls as cidtls10_17_0_, contactper0_.cidob as cidob11_17_0_, contactper0_.cidesb1 as cidesb12_17_0_, contactper0_.cifsnm as cifsnm13_17_0_, contactper0_.cigdr as cigdr14_17_0_, contactper0_.cilsnm as cilsnm15_17_0_, contactper0_.cimlnm as cimlnm16_17_0_, contactper0_.cimoref as cimoref17_17_0_, contactper0_.cimdnm as cimdnm18_17_0_, contactper0_.cinm as cinm19_17_0_, contactper0_.cinknm as cinknm20_17_0_, contactper0_.cipob as cipob21_17_0_, contactper0_.cirlg as cirlg22_17_0_, contactper0_.cisltn as cisltn23_17_0_, contactper0_.cissdt as cissdt24_17_0_, contactper0_.cissn as cissn25_17_0_, contactper0_.citycd as citycd26_17_0_ from t0102 contactper0_ where contactper0_.cianum=? and contactper0_.ciseq1=?
2018-12-27 11:25:41.809  INFO 2120 --- [    Test worker] o.s.t.c.transaction.TransactionContext   : Rolled back transaction for test: [DefaultTestContext@2d40d9c7 testClass = ContactApiTest, testInstance = ags.goldenlionerp.apiTests.addresses.ContactApiTest@4d1da7b8, testMethod = massUpdateTest@ApiTestBaseMassUpdate, testException = [null], mergedContextConfiguration = [WebMergedContextConfiguration@59fcae79 testClass = ContactApiTest, locations = '{}', classes = '{class ags.goldenlionerp.GoldenLionErpApplication}', contextInitializerClasses = '[]', activeProfiles = '{}', propertySourceLocations = '{classpath:test.properties}', propertySourceProperties = '{org.springframework.boot.test.context.SpringBootTestContextBootstrapper=true}', contextCustomizers = set[org.springframework.boot.test.autoconfigure.properties.PropertyMappingContextCustomizer@0, org.springframework.boot.test.autoconfigure.web.servlet.WebDriverContextCustomizerFactory$Customizer@636d731e, [ImportsContextCustomizer@306deee1 key = [ags.goldenlionerp.apiTests.ApiTestBase$TestConfig]], org.springframework.boot.test.context.filter.ExcludeFilterContextCustomizer@6afa5291, org.springframework.boot.test.json.DuplicateJsonObjectContextCustomizerFactory$DuplicateJsonObjectContextCustomizer@20cebcb4, org.springframework.boot.test.mock.mockito.MockitoContextCustomizer@0, org.springframework.boot.test.web.client.TestRestTemplateContextCustomizer@49a32273], resourceBasePath = 'src/main/webapp', contextLoader = 'org.springframework.boot.test.context.SpringBootContextLoader', parent = [null]], attributes = map['org.springframework.test.context.web.ServletTestExecutionListener.activateListener' -> true, 'org.springframework.test.context.web.ServletTestExecutionListener.populatedRequestContextHolder' -> true, 'org.springframework.test.context.web.ServletTestExecutionListener.resetRequestContextHolder' -> true]]
2018-12-27 11:25:41.811  INFO 2120 --- [    Test worker] o.s.t.c.transaction.TransactionContext   : Began transaction (1) for test context [DefaultTestContext@2d40d9c7 testClass = ContactApiTest, testInstance = ags.goldenlionerp.apiTests.addresses.ContactApiTest@537aff1e, testMethod = updateTestWithPut@ApiTestBase, testException = [null], mergedContextConfiguration = [WebMergedContextConfiguration@59fcae79 testClass = ContactApiTest, locations = '{}', classes = '{class ags.goldenlionerp.GoldenLionErpApplication}', contextInitializerClasses = '[]', activeProfiles = '{}', propertySourceLocations = '{classpath:test.properties}', propertySourceProperties = '{org.springframework.boot.test.context.SpringBootTestContextBootstrapper=true}', contextCustomizers = set[org.springframework.boot.test.autoconfigure.properties.PropertyMappingContextCustomizer@0, org.springframework.boot.test.autoconfigure.web.servlet.WebDriverContextCustomizerFactory$Customizer@636d731e, [ImportsContextCustomizer@306deee1 key = [ags.goldenlionerp.apiTests.ApiTestBase$TestConfig]], org.springframework.boot.test.context.filter.ExcludeFilterContextCustomizer@6afa5291, org.springframework.boot.test.json.DuplicateJsonObjectContextCustomizerFactory$DuplicateJsonObjectContextCustomizer@20cebcb4, org.springframework.boot.test.mock.mockito.MockitoContextCustomizer@0, org.springframework.boot.test.web.client.TestRestTemplateContextCustomizer@49a32273], resourceBasePath = 'src/main/webapp', contextLoader = 'org.springframework.boot.test.context.SpringBootContextLoader', parent = [null]], attributes = map['org.springframework.test.context.web.ServletTestExecutionListener.activateListener' -> true, 'org.springframework.test.context.web.ServletTestExecutionListener.populatedRequestContextHolder' -> true, 'org.springframework.test.context.web.ServletTestExecutionListener.resetRequestContextHolder' -> true]]; transaction manager [org.springframework.orm.jpa.JpaTransactionManager@75de8c12]; rollback [true]
2018-12-27 11:25:41.812  INFO 2120 --- [    Test worker] o.s.b.t.m.w.SpringBootMockServletContext : Initializing Spring FrameworkServlet ''
2018-12-27 11:25:41.812  INFO 2120 --- [    Test worker] o.s.t.web.servlet.TestDispatcherServlet  : FrameworkServlet '': initialization started
2018-12-27 11:25:41.817  INFO 2120 --- [    Test worker] o.s.t.web.servlet.TestDispatcherServlet  : FrameworkServlet '': initialization completed in 5 ms
Hibernate: select addressboo0_.adanum as adanum1_16_0_, addressboo0_.adcid as adcid2_16_0_, addressboo0_.addtin as addtin3_16_0_, addressboo0_.adtmin as adtmin4_16_0_, addressboo0_.aduid as aduid5_16_0_, addressboo0_.addtlu as addtlu6_16_0_, addressboo0_.adtmlu as adtmlu7_16_0_, addressboo0_.aduidm as aduidm8_16_0_, addressboo0_.adap as adap9_16_0_, addressboo0_.adar as adar10_16_0_, addressboo0_.adbuid as adbuid11_16_0_, addressboo0_.adcc01 as adcc12_16_0_, addressboo0_.adcc02 as adcc13_16_0_, addressboo0_.adcc03 as adcc14_16_0_, addressboo0_.adcc04 as adcc15_16_0_, addressboo0_.adcc05 as adcc16_16_0_, addressboo0_.adcc06 as adcc17_16_0_, addressboo0_.adcc07 as adcc18_16_0_, addressboo0_.adcc08 as adcc19_16_0_, addressboo0_.adcc09 as adcc20_16_0_, addressboo0_.adcc10 as adcc21_16_0_, addressboo0_.adempl as adempl22_16_0_, addressboo0_.adtmlt as adtmlt23_16_0_, addressboo0_.adlan as adlan24_16_0_, addressboo0_.admlnm as admlnm25_16_0_, addressboo0_.adnm as adnm26_16_0_, addressboo0_.adpan as adpan27_16_0_, addressboo0_.adrecid as adrecid28_16_0_, addressboo0_.adrlid0 as adrlid29_16_0_, addressboo0_.adrlid2 as adrlid30_16_0_, addressboo0_.adrlid3 as adrlid31_16_0_, addressboo0_.adrlid4 as adrlid32_16_0_, addressboo0_.adrlid5 as adrlid33_16_0_, addressboo0_.adrlid6 as adrlid34_16_0_, addressboo0_.adrlid7 as adrlid35_16_0_, addressboo0_.adrlid8 as adrlid36_16_0_, addressboo0_.adrlid9 as adrlid37_16_0_, addressboo0_.adrlid1 as adrlid38_16_0_, addressboo0_.adst as adst39_16_0_, addressboo0_.adtaxid as adtaxid40_16_0_ from t0101 addressboo0_ where addressboo0_.adanum=?
Hibernate: select addresshis0_.eaanum as eaanum1_19_0_, addresshis0_.earecid as earecid2_19_0_, addresshis0_.eaanum as eaanum1_19_1_, addresshis0_.earecid as earecid2_19_1_, addresshis0_.eacid as eacid3_19_1_, addresshis0_.eadtin as eadtin4_19_1_, addresshis0_.eatmin as eatmin5_19_1_, addresshis0_.eauid as eauid6_19_1_, addresshis0_.eadtlu as eadtlu7_19_1_, addresshis0_.eatmlu as eatmlu8_19_1_, addresshis0_.eauidm as eauidm9_19_1_, addresshis0_.eadtls as eadtls10_19_1_, addresshis0_.eaaddr1 as eaaddr11_19_1_, addresshis0_.eaaddr2 as eaaddr12_19_1_, addresshis0_.eaaddr3 as eaaddr13_19_1_, addresshis0_.eaaddr4 as eaaddr14_19_1_, addresshis0_.eacity as eacity15_19_1_, addresshis0_.eacntry as eacntry16_19_1_, addresshis0_.eacnty as eacnty17_19_1_, addresshis0_.eaefdt as eaefdt18_19_1_, addresshis0_.eaemail as eaemail19_19_1_, addresshis0_.eanau as eanau20_19_1_, addresshis0_.eanou as eanou21_19_1_, addresshis0_.eapoldis as eapoldi22_19_1_, addresshis0_.eapscd as eapscd23_19_1_, addresshis0_.eastate as eastate24_19_1_, addresshis0_.easubdis as easubdi25_19_1_ from t0104 addresshis0_ where addresshis0_.eaanum=?
Hibernate: select contactper0_.cianum as cianum1_17_0_, contactper0_.ciseq1 as ciseq2_17_0_, contactper0_.cicid as cicid3_17_0_, contactper0_.cidtin as cidtin4_17_0_, contactper0_.citmin as citmin5_17_0_, contactper0_.ciuid as ciuid6_17_0_, contactper0_.cidtlu as cidtlu7_17_0_, contactper0_.citmlu as citmlu8_17_0_, contactper0_.ciuidm as ciuidm9_17_0_, contactper0_.cidtls as cidtls10_17_0_, contactper0_.cidob as cidob11_17_0_, contactper0_.cidesb1 as cidesb12_17_0_, contactper0_.cifsnm as cifsnm13_17_0_, contactper0_.cigdr as cigdr14_17_0_, contactper0_.cilsnm as cilsnm15_17_0_, contactper0_.cimlnm as cimlnm16_17_0_, contactper0_.cimoref as cimoref17_17_0_, contactper0_.cimdnm as cimdnm18_17_0_, contactper0_.cinm as cinm19_17_0_, contactper0_.cinknm as cinknm20_17_0_, contactper0_.cipob as cipob21_17_0_, contactper0_.cirlg as cirlg22_17_0_, contactper0_.cisltn as cisltn23_17_0_, contactper0_.cissdt as cissdt24_17_0_, contactper0_.cissn as cissn25_17_0_, contactper0_.citycd as citycd26_17_0_ from t0102 contactper0_ where contactper0_.cianum=? and contactper0_.ciseq1=?
2018-12-27 11:25:41.843  INFO 2120 --- [    Test worker] o.s.t.c.transaction.TransactionContext   : Rolled back transaction for test: [DefaultTestContext@2d40d9c7 testClass = ContactApiTest, testInstance = ags.goldenlionerp.apiTests.addresses.ContactApiTest@537aff1e, testMethod = updateTestWithPut@ApiTestBase, testException = [null], mergedContextConfiguration = [WebMergedContextConfiguration@59fcae79 testClass = ContactApiTest, locations = '{}', classes = '{class ags.goldenlionerp.GoldenLionErpApplication}', contextInitializerClasses = '[]', activeProfiles = '{}', propertySourceLocations = '{classpath:test.properties}', propertySourceProperties = '{org.springframework.boot.test.context.SpringBootTestContextBootstrapper=true}', contextCustomizers = set[org.springframework.boot.test.autoconfigure.properties.PropertyMappingContextCustomizer@0, org.springframework.boot.test.autoconfigure.web.servlet.WebDriverContextCustomizerFactory$Customizer@636d731e, [ImportsContextCustomizer@306deee1 key = [ags.goldenlionerp.apiTests.ApiTestBase$TestConfig]], org.springframework.boot.test.context.filter.ExcludeFilterContextCustomizer@6afa5291, org.springframework.boot.test.json.DuplicateJsonObjectContextCustomizerFactory$DuplicateJsonObjectContextCustomizer@20cebcb4, org.springframework.boot.test.mock.mockito.MockitoContextCustomizer@0, org.springframework.boot.test.web.client.TestRestTemplateContextCustomizer@49a32273], resourceBasePath = 'src/main/webapp', contextLoader = 'org.springframework.boot.test.context.SpringBootContextLoader', parent = [null]], attributes = map['org.springframework.test.context.web.ServletTestExecutionListener.activateListener' -> true, 'org.springframework.test.context.web.ServletTestExecutionListener.populatedRequestContextHolder' -> true, 'org.springframework.test.context.web.ServletTestExecutionListener.resetRequestContextHolder' -> true]]
2018-12-27 11:25:41.845  INFO 2120 --- [    Test worker] o.s.t.c.transaction.TransactionContext   : Began transaction (1) for test context [DefaultTestContext@2d40d9c7 testClass = ContactApiTest, testInstance = ags.goldenlionerp.apiTests.addresses.ContactApiTest@552a4e3, testMethod = getTestSingle@ApiTestBase, testException = [null], mergedContextConfiguration = [WebMergedContextConfiguration@59fcae79 testClass = ContactApiTest, locations = '{}', classes = '{class ags.goldenlionerp.GoldenLionErpApplication}', contextInitializerClasses = '[]', activeProfiles = '{}', propertySourceLocations = '{classpath:test.properties}', propertySourceProperties = '{org.springframework.boot.test.context.SpringBootTestContextBootstrapper=true}', contextCustomizers = set[org.springframework.boot.test.autoconfigure.properties.PropertyMappingContextCustomizer@0, org.springframework.boot.test.autoconfigure.web.servlet.WebDriverContextCustomizerFactory$Customizer@636d731e, [ImportsContextCustomizer@306deee1 key = [ags.goldenlionerp.apiTests.ApiTestBase$TestConfig]], org.springframework.boot.test.context.filter.ExcludeFilterContextCustomizer@6afa5291, org.springframework.boot.test.json.DuplicateJsonObjectContextCustomizerFactory$DuplicateJsonObjectContextCustomizer@20cebcb4, org.springframework.boot.test.mock.mockito.MockitoContextCustomizer@0, org.springframework.boot.test.web.client.TestRestTemplateContextCustomizer@49a32273], resourceBasePath = 'src/main/webapp', contextLoader = 'org.springframework.boot.test.context.SpringBootContextLoader', parent = [null]], attributes = map['org.springframework.test.context.web.ServletTestExecutionListener.activateListener' -> true, 'org.springframework.test.context.web.ServletTestExecutionListener.populatedRequestContextHolder' -> true, 'org.springframework.test.context.web.ServletTestExecutionListener.resetRequestContextHolder' -> true]]; transaction manager [org.springframework.orm.jpa.JpaTransactionManager@75de8c12]; rollback [true]
2018-12-27 11:25:41.846  INFO 2120 --- [    Test worker] o.s.b.t.m.w.SpringBootMockServletContext : Initializing Spring FrameworkServlet ''
2018-12-27 11:25:41.846  INFO 2120 --- [    Test worker] o.s.t.web.servlet.TestDispatcherServlet  : FrameworkServlet '': initialization started
2018-12-27 11:25:41.850  INFO 2120 --- [    Test worker] o.s.t.web.servlet.TestDispatcherServlet  : FrameworkServlet '': initialization completed in 4 ms
Hibernate: select addressboo0_.adanum as adanum1_16_0_, addressboo0_.adcid as adcid2_16_0_, addressboo0_.addtin as addtin3_16_0_, addressboo0_.adtmin as adtmin4_16_0_, addressboo0_.aduid as aduid5_16_0_, addressboo0_.addtlu as addtlu6_16_0_, addressboo0_.adtmlu as adtmlu7_16_0_, addressboo0_.aduidm as aduidm8_16_0_, addressboo0_.adap as adap9_16_0_, addressboo0_.adar as adar10_16_0_, addressboo0_.adbuid as adbuid11_16_0_, addressboo0_.adcc01 as adcc12_16_0_, addressboo0_.adcc02 as adcc13_16_0_, addressboo0_.adcc03 as adcc14_16_0_, addressboo0_.adcc04 as adcc15_16_0_, addressboo0_.adcc05 as adcc16_16_0_, addressboo0_.adcc06 as adcc17_16_0_, addressboo0_.adcc07 as adcc18_16_0_, addressboo0_.adcc08 as adcc19_16_0_, addressboo0_.adcc09 as adcc20_16_0_, addressboo0_.adcc10 as adcc21_16_0_, addressboo0_.adempl as adempl22_16_0_, addressboo0_.adtmlt as adtmlt23_16_0_, addressboo0_.adlan as adlan24_16_0_, addressboo0_.admlnm as admlnm25_16_0_, addressboo0_.adnm as adnm26_16_0_, addressboo0_.adpan as adpan27_16_0_, addressboo0_.adrecid as adrecid28_16_0_, addressboo0_.adrlid0 as adrlid29_16_0_, addressboo0_.adrlid2 as adrlid30_16_0_, addressboo0_.adrlid3 as adrlid31_16_0_, addressboo0_.adrlid4 as adrlid32_16_0_, addressboo0_.adrlid5 as adrlid33_16_0_, addressboo0_.adrlid6 as adrlid34_16_0_, addressboo0_.adrlid7 as adrlid35_16_0_, addressboo0_.adrlid8 as adrlid36_16_0_, addressboo0_.adrlid9 as adrlid37_16_0_, addressboo0_.adrlid1 as adrlid38_16_0_, addressboo0_.adst as adst39_16_0_, addressboo0_.adtaxid as adtaxid40_16_0_ from t0101 addressboo0_ where addressboo0_.adanum=?
Hibernate: select addresshis0_.eaanum as eaanum1_19_0_, addresshis0_.earecid as earecid2_19_0_, addresshis0_.eaanum as eaanum1_19_1_, addresshis0_.earecid as earecid2_19_1_, addresshis0_.eacid as eacid3_19_1_, addresshis0_.eadtin as eadtin4_19_1_, addresshis0_.eatmin as eatmin5_19_1_, addresshis0_.eauid as eauid6_19_1_, addresshis0_.eadtlu as eadtlu7_19_1_, addresshis0_.eatmlu as eatmlu8_19_1_, addresshis0_.eauidm as eauidm9_19_1_, addresshis0_.eadtls as eadtls10_19_1_, addresshis0_.eaaddr1 as eaaddr11_19_1_, addresshis0_.eaaddr2 as eaaddr12_19_1_, addresshis0_.eaaddr3 as eaaddr13_19_1_, addresshis0_.eaaddr4 as eaaddr14_19_1_, addresshis0_.eacity as eacity15_19_1_, addresshis0_.eacntry as eacntry16_19_1_, addresshis0_.eacnty as eacnty17_19_1_, addresshis0_.eaefdt as eaefdt18_19_1_, addresshis0_.eaemail as eaemail19_19_1_, addresshis0_.eanau as eanau20_19_1_, addresshis0_.eanou as eanou21_19_1_, addresshis0_.eapoldis as eapoldi22_19_1_, addresshis0_.eapscd as eapscd23_19_1_, addresshis0_.eastate as eastate24_19_1_, addresshis0_.easubdis as easubdi25_19_1_ from t0104 addresshis0_ where addresshis0_.eaanum=?
Hibernate: select contactper0_.cianum as cianum1_17_0_, contactper0_.ciseq1 as ciseq2_17_0_, contactper0_.cicid as cicid3_17_0_, contactper0_.cidtin as cidtin4_17_0_, contactper0_.citmin as citmin5_17_0_, contactper0_.ciuid as ciuid6_17_0_, contactper0_.cidtlu as cidtlu7_17_0_, contactper0_.citmlu as citmlu8_17_0_, contactper0_.ciuidm as ciuidm9_17_0_, contactper0_.cidtls as cidtls10_17_0_, contactper0_.cidob as cidob11_17_0_, contactper0_.cidesb1 as cidesb12_17_0_, contactper0_.cifsnm as cifsnm13_17_0_, contactper0_.cigdr as cigdr14_17_0_, contactper0_.cilsnm as cilsnm15_17_0_, contactper0_.cimlnm as cimlnm16_17_0_, contactper0_.cimoref as cimoref17_17_0_, contactper0_.cimdnm as cimdnm18_17_0_, contactper0_.cinm as cinm19_17_0_, contactper0_.cinknm as cinknm20_17_0_, contactper0_.cipob as cipob21_17_0_, contactper0_.cirlg as cirlg22_17_0_, contactper0_.cisltn as cisltn23_17_0_, contactper0_.cissdt as cissdt24_17_0_, contactper0_.cissn as cissn25_17_0_, contactper0_.citycd as citycd26_17_0_ from t0102 contactper0_ where contactper0_.cianum=? and contactper0_.ciseq1=?
2018-12-27 11:25:41.872  INFO 2120 --- [    Test worker] o.s.t.c.transaction.TransactionContext   : Rolled back transaction for test: [DefaultTestContext@2d40d9c7 testClass = ContactApiTest, testInstance = ags.goldenlionerp.apiTests.addresses.ContactApiTest@552a4e3, testMethod = getTestSingle@ApiTestBase, testException = [null], mergedContextConfiguration = [WebMergedContextConfiguration@59fcae79 testClass = ContactApiTest, locations = '{}', classes = '{class ags.goldenlionerp.GoldenLionErpApplication}', contextInitializerClasses = '[]', activeProfiles = '{}', propertySourceLocations = '{classpath:test.properties}', propertySourceProperties = '{org.springframework.boot.test.context.SpringBootTestContextBootstrapper=true}', contextCustomizers = set[org.springframework.boot.test.autoconfigure.properties.PropertyMappingContextCustomizer@0, org.springframework.boot.test.autoconfigure.web.servlet.WebDriverContextCustomizerFactory$Customizer@636d731e, [ImportsContextCustomizer@306deee1 key = [ags.goldenlionerp.apiTests.ApiTestBase$TestConfig]], org.springframework.boot.test.context.filter.ExcludeFilterContextCustomizer@6afa5291, org.springframework.boot.test.json.DuplicateJsonObjectContextCustomizerFactory$DuplicateJsonObjectContextCustomizer@20cebcb4, org.springframework.boot.test.mock.mockito.MockitoContextCustomizer@0, org.springframework.boot.test.web.client.TestRestTemplateContextCustomizer@49a32273], resourceBasePath = 'src/main/webapp', contextLoader = 'org.springframework.boot.test.context.SpringBootContextLoader', parent = [null]], attributes = map['org.springframework.test.context.web.ServletTestExecutionListener.activateListener' -> true, 'org.springframework.test.context.web.ServletTestExecutionListener.populatedRequestContextHolder' -> true, 'org.springframework.test.context.web.ServletTestExecutionListener.resetRequestContextHolder' -> true]]
2018-12-27 11:25:41.874  INFO 2120 --- [    Test worker] o.s.t.c.transaction.TransactionContext   : Began transaction (1) for test context [DefaultTestContext@2d40d9c7 testClass = ContactApiTest, testInstance = ags.goldenlionerp.apiTests.addresses.ContactApiTest@6e18c87d, testMethod = getTestCollection@ApiTestBase, testException = [null], mergedContextConfiguration = [WebMergedContextConfiguration@59fcae79 testClass = ContactApiTest, locations = '{}', classes = '{class ags.goldenlionerp.GoldenLionErpApplication}', contextInitializerClasses = '[]', activeProfiles = '{}', propertySourceLocations = '{classpath:test.properties}', propertySourceProperties = '{org.springframework.boot.test.context.SpringBootTestContextBootstrapper=true}', contextCustomizers = set[org.springframework.boot.test.autoconfigure.properties.PropertyMappingContextCustomizer@0, org.springframework.boot.test.autoconfigure.web.servlet.WebDriverContextCustomizerFactory$Customizer@636d731e, [ImportsContextCustomizer@306deee1 key = [ags.goldenlionerp.apiTests.ApiTestBase$TestConfig]], org.springframework.boot.test.context.filter.ExcludeFilterContextCustomizer@6afa5291, org.springframework.boot.test.json.DuplicateJsonObjectContextCustomizerFactory$DuplicateJsonObjectContextCustomizer@20cebcb4, org.springframework.boot.test.mock.mockito.MockitoContextCustomizer@0, org.springframework.boot.test.web.client.TestRestTemplateContextCustomizer@49a32273], resourceBasePath = 'src/main/webapp', contextLoader = 'org.springframework.boot.test.context.SpringBootContextLoader', parent = [null]], attributes = map['org.springframework.test.context.web.ServletTestExecutionListener.activateListener' -> true, 'org.springframework.test.context.web.ServletTestExecutionListener.populatedRequestContextHolder' -> true, 'org.springframework.test.context.web.ServletTestExecutionListener.resetRequestContextHolder' -> true]]; transaction manager [org.springframework.orm.jpa.JpaTransactionManager@75de8c12]; rollback [true]
2018-12-27 11:25:41.875  INFO 2120 --- [    Test worker] o.s.b.t.m.w.SpringBootMockServletContext : Initializing Spring FrameworkServlet ''
2018-12-27 11:25:41.875  INFO 2120 --- [    Test worker] o.s.t.web.servlet.TestDispatcherServlet  : FrameworkServlet '': initialization started
2018-12-27 11:25:41.879  INFO 2120 --- [    Test worker] o.s.t.web.servlet.TestDispatcherServlet  : FrameworkServlet '': initialization completed in 4 ms
Hibernate: select addressboo0_.adanum as adanum1_16_0_, addressboo0_.adcid as adcid2_16_0_, addressboo0_.addtin as addtin3_16_0_, addressboo0_.adtmin as adtmin4_16_0_, addressboo0_.aduid as aduid5_16_0_, addressboo0_.addtlu as addtlu6_16_0_, addressboo0_.adtmlu as adtmlu7_16_0_, addressboo0_.aduidm as aduidm8_16_0_, addressboo0_.adap as adap9_16_0_, addressboo0_.adar as adar10_16_0_, addressboo0_.adbuid as adbuid11_16_0_, addressboo0_.adcc01 as adcc12_16_0_, addressboo0_.adcc02 as adcc13_16_0_, addressboo0_.adcc03 as adcc14_16_0_, addressboo0_.adcc04 as adcc15_16_0_, addressboo0_.adcc05 as adcc16_16_0_, addressboo0_.adcc06 as adcc17_16_0_, addressboo0_.adcc07 as adcc18_16_0_, addressboo0_.adcc08 as adcc19_16_0_, addressboo0_.adcc09 as adcc20_16_0_, addressboo0_.adcc10 as adcc21_16_0_, addressboo0_.adempl as adempl22_16_0_, addressboo0_.adtmlt as adtmlt23_16_0_, addressboo0_.adlan as adlan24_16_0_, addressboo0_.admlnm as admlnm25_16_0_, addressboo0_.adnm as adnm26_16_0_, addressboo0_.adpan as adpan27_16_0_, addressboo0_.adrecid as adrecid28_16_0_, addressboo0_.adrlid0 as adrlid29_16_0_, addressboo0_.adrlid2 as adrlid30_16_0_, addressboo0_.adrlid3 as adrlid31_16_0_, addressboo0_.adrlid4 as adrlid32_16_0_, addressboo0_.adrlid5 as adrlid33_16_0_, addressboo0_.adrlid6 as adrlid34_16_0_, addressboo0_.adrlid7 as adrlid35_16_0_, addressboo0_.adrlid8 as adrlid36_16_0_, addressboo0_.adrlid9 as adrlid37_16_0_, addressboo0_.adrlid1 as adrlid38_16_0_, addressboo0_.adst as adst39_16_0_, addressboo0_.adtaxid as adtaxid40_16_0_ from t0101 addressboo0_ where addressboo0_.adanum=?
Hibernate: select addresshis0_.eaanum as eaanum1_19_0_, addresshis0_.earecid as earecid2_19_0_, addresshis0_.eaanum as eaanum1_19_1_, addresshis0_.earecid as earecid2_19_1_, addresshis0_.eacid as eacid3_19_1_, addresshis0_.eadtin as eadtin4_19_1_, addresshis0_.eatmin as eatmin5_19_1_, addresshis0_.eauid as eauid6_19_1_, addresshis0_.eadtlu as eadtlu7_19_1_, addresshis0_.eatmlu as eatmlu8_19_1_, addresshis0_.eauidm as eauidm9_19_1_, addresshis0_.eadtls as eadtls10_19_1_, addresshis0_.eaaddr1 as eaaddr11_19_1_, addresshis0_.eaaddr2 as eaaddr12_19_1_, addresshis0_.eaaddr3 as eaaddr13_19_1_, addresshis0_.eaaddr4 as eaaddr14_19_1_, addresshis0_.eacity as eacity15_19_1_, addresshis0_.eacntry as eacntry16_19_1_, addresshis0_.eacnty as eacnty17_19_1_, addresshis0_.eaefdt as eaefdt18_19_1_, addresshis0_.eaemail as eaemail19_19_1_, addresshis0_.eanau as eanau20_19_1_, addresshis0_.eanou as eanou21_19_1_, addresshis0_.eapoldis as eapoldi22_19_1_, addresshis0_.eapscd as eapscd23_19_1_, addresshis0_.eastate as eastate24_19_1_, addresshis0_.easubdis as easubdi25_19_1_ from t0104 addresshis0_ where addresshis0_.eaanum=?
Hibernate: select contactper0_.cianum as cianum1_17_, contactper0_.ciseq1 as ciseq2_17_, contactper0_.cicid as cicid3_17_, contactper0_.cidtin as cidtin4_17_, contactper0_.citmin as citmin5_17_, contactper0_.ciuid as ciuid6_17_, contactper0_.cidtlu as cidtlu7_17_, contactper0_.citmlu as citmlu8_17_, contactper0_.ciuidm as ciuidm9_17_, contactper0_.cidtls as cidtls10_17_, contactper0_.cidob as cidob11_17_, contactper0_.cidesb1 as cidesb12_17_, contactper0_.cifsnm as cifsnm13_17_, contactper0_.cigdr as cigdr14_17_, contactper0_.cilsnm as cilsnm15_17_, contactper0_.cimlnm as cimlnm16_17_, contactper0_.cimoref as cimoref17_17_, contactper0_.cimdnm as cimdnm18_17_, contactper0_.cinm as cinm19_17_, contactper0_.cinknm as cinknm20_17_, contactper0_.cipob as cipob21_17_, contactper0_.cirlg as cirlg22_17_, contactper0_.cisltn as cisltn23_17_, contactper0_.cissdt as cissdt24_17_, contactper0_.cissn as cissn25_17_, contactper0_.citycd as citycd26_17_ from t0102 contactper0_

MockHttpServletRequest:
      HTTP Method = GET
      Request URI = /api/contacts/
       Parameters = {}
          Headers = {Accept=[application/json]}
             Body = <no character encoding set>
    Session Attrs = {org.springframework.security.web.csrf.HttpSessionCsrfTokenRepository.CSRF_TOKEN=org.springframework.security.web.csrf.DefaultCsrfToken@26a33bb6, SPRING_SECURITY_CONTEXT=org.springframework.security.core.context.SecurityContextImpl@475fcd89: Authentication: org.springframework.security.authentication.UsernamePasswordAuthenticationToken@475fcd89: Principal: org.springframework.security.core.userdetails.User@f02988d6: Username: username; Password: [PROTECTED]; Enabled: true; AccountNonExpired: true; credentialsNonExpired: true; AccountNonLocked: true; Not granted any authorities; Credentials: [PROTECTED]; Authenticated: true; Details: null; Not granted any authorities}

Handler:
             Type = org.springframework.data.rest.webmvc.RepositoryEntityController
           Method = public org.springframework.hateoas.Resources<?> org.springframework.data.rest.webmvc.RepositoryEntityController.getCollectionResource(org.springframework.data.rest.webmvc.RootResourceInformation,org.springframework.data.rest.webmvc.support.DefaultedPageable,org.springframework.data.domain.Sort,org.springframework.data.rest.webmvc.PersistentEntityResourceAssembler) throws org.springframework.data.rest.webmvc.ResourceNotFoundException,org.springframework.web.HttpRequestMethodNotSupportedException

Async:
    Async started = false
     Async result = null

Resolved Exception:
             Type = null

ModelAndView:
        View name = null
             View = null
            Model = null

FlashMap:
       Attributes = null

MockHttpServletResponse:
           Status = 200
    Error message = null
          Headers = {Content-Type=[application/json;charset=UTF-8], X-Content-Type-Options=[nosniff], X-XSS-Protection=[1; mode=block], Cache-Control=[no-cache, no-store, max-age=0, must-revalidate], Pragma=[no-cache], Expires=[0], X-Frame-Options=[DENY]}
     Content type = application/json;charset=UTF-8
             Body = {
  "_embedded" : {
    "contacts" : [ {
      "inputUserId" : "QSA",
      "lastUpdateUserId" : "QSA",
      "computerId" : "GLSVR171217",
      "lastSynchronizedDate" : null,
      "addressNumber" : "0000",
      "sequence" : 0,
      "name" : "AMTEK",
      "mailingName" : "AMTEK",
      "description" : "",
      "firstName" : "",
      "middleName" : "",
      "lastName" : "",
      "nickname" : "",
      "salutation" : "",
      "gender" : "",
      "type" : "C",
      "religion" : "",
      "dateOfBirth" : null,
      "placeOfBirth" : "",
      "socialSecurityNumber" : "",
      "socialSecurityDate" : null,
      "mediaObjectReference" : "",
      "lastUpdateDateTime" : "2017-12-17T00:00:00",
      "inputDateTime" : "2017-12-17T00:00:00",
      "_links" : {
        "self" : {
          "href" : "http://localhost/api/contacts/0000_0"
        },
        "contactPerson" : {
          "href" : "http://localhost/api/contacts/0000_0"
        },
        "master" : {
          "href" : "http://localhost/api/contacts/0000_0/master"
        }
      }
    }, {
      "inputUserId" : "QSA",
      "lastUpdateUserId" : "QSA",
      "computerId" : "",
      "lastSynchronizedDate" : null,
      "addressNumber" : "0100",
      "sequence" : 0,
      "name" : "PT. AIRMAS PERKASA",
      "mailingName" : "PT. AIRMAS PERKASA",
      "description" : "",
      "firstName" : "",
      "middleName" : "",
      "lastName" : "",
      "nickname" : "",
      "salutation" : "",
      "gender" : "",
      "type" : "",
      "religion" : "",
      "dateOfBirth" : null,
      "placeOfBirth" : "",
      "socialSecurityNumber" : "",
      "socialSecurityDate" : null,
      "mediaObjectReference" : "",
      "lastUpdateDateTime" : "2018-01-15T20:44:24",
      "inputDateTime" : "2018-01-15T20:44:24",
      "_links" : {
        "self" : {
          "href" : "http://localhost/api/contacts/0100_0"
        },
        "contactPerson" : {
          "href" : "http://localhost/api/contacts/0100_0"
        },
        "master" : {
          "href" : "http://localhost/api/contacts/0100_0/master"
        }
      }
    }, {
      "inputUserId" : "QSA",
      "lastUpdateUserId" : "QSA",
      "computerId" : "GLSVR171217",
      "lastSynchronizedDate" : null,
      "addressNumber" : "1000",
      "sequence" : 0,
      "name" : "1000",
      "mailingName" : "1000",
      "description" : "",
      "firstName" : "",
      "middleName" : "",
      "lastName" : "",
      "nickname" : "",
      "salutation" : "",
      "gender" : "",
      "type" : "C",
      "religion" : "",
      "dateOfBirth" : null,
      "placeOfBirth" : "",
      "socialSecurityNumber" : "",
      "socialSecurityDate" : null,
      "mediaObjectReference" : "",
      "lastUpdateDateTime" : "2017-12-17T00:00:00",
      "inputDateTime" : "2017-12-17T00:00:00",
      "_links" : {
        "self" : {
          "href" : "http://localhost/api/contacts/1000_0"
        },
        "contactPerson" : {
          "href" : "http://localhost/api/contacts/1000_0"
        },
        "master" : {
          "href" : "http://localhost/api/contacts/1000_0/master"
        }
      }
    }, {
      "inputUserId" : "QSA",
      "lastUpdateUserId" : "QSA",
      "computerId" : "GLSVR171217",
      "lastSynchronizedDate" : null,
      "addressNumber" : "1001",
      "sequence" : 0,
      "name" : "@ Mobile.com",
      "mailingName" : "@ Mobile.com",
      "description" : "",
      "firstName" : "",
      "middleName" : "",
      "lastName" : "",
      "nickname" : "",
      "salutation" : "",
      "gender" : "",
      "type" : "C",
      "religion" : "",
      "dateOfBirth" : null,
      "placeOfBirth" : "",
      "socialSecurityNumber" : "",
      "socialSecurityDate" : null,
      "mediaObjectReference" : "",
      "lastUpdateDateTime" : "2017-12-17T00:00:00",
      "inputDateTime" : "2017-12-17T00:00:00",
      "_links" : {
        "self" : {
          "href" : "http://localhost/api/contacts/1001_0"
        },
        "contactPerson" : {
          "href" : "http://localhost/api/contacts/1001_0"
        },
        "master" : {
          "href" : "http://localhost/api/contacts/1001_0/master"
        }
      }
    }, {
      "inputUserId" : "QSA",
      "lastUpdateUserId" : "QSA",
      "computerId" : "GLSVR171217",
      "lastSynchronizedDate" : null,
      "addressNumber" : "1002",
      "sequence" : 0,
      "name" : "4 Ever",
      "mailingName" : "4 Ever",
      "description" : "",
      "firstName" : "",
      "middleName" : "",
      "lastName" : "",
      "nickname" : "",
      "salutation" : "",
      "gender" : "",
      "type" : "C",
      "religion" : "",
      "dateOfBirth" : null,
      "placeOfBirth" : "",
      "socialSecurityNumber" : "",
      "socialSecurityDate" : null,
      "mediaObjectReference" : "",
      "lastUpdateDateTime" : "2017-12-17T00:00:00",
      "inputDateTime" : "2017-12-17T00:00:00",
      "_links" : {
        "self" : {
          "href" : "http://localhost/api/contacts/1002_0"
        },
        "contactPerson" : {
          "href" : "http://localhost/api/contacts/1002_0"
        },
        "master" : {
          "href" : "http://localhost/api/contacts/1002_0/master"
        }
      }
    }, {
      "inputUserId" : "QSA",
      "lastUpdateUserId" : "QSA",
      "computerId" : "GLSVR171217",
      "lastSynchronizedDate" : null,
      "addressNumber" : "1003",
      "sequence" : 0,
      "name" : "99 IT Store",
      "mailingName" : "99 IT Store",
      "description" : "",
      "firstName" : "",
      "middleName" : "",
      "lastName" : "",
      "nickname" : "",
      "salutation" : "",
      "gender" : "",
      "type" : "C",
      "religion" : "",
      "dateOfBirth" : null,
      "placeOfBirth" : "",
      "socialSecurityNumber" : "",
      "socialSecurityDate" : null,
      "mediaObjectReference" : "",
      "lastUpdateDateTime" : "2017-12-17T00:00:00",
      "inputDateTime" : "2017-12-17T00:00:00",
      "_links" : {
        "self" : {
          "href" : "http://localhost/api/contacts/1003_0"
        },
        "contactPerson" : {
          "href" : "http://localhost/api/contacts/1003_0"
        },
        "master" : {
          "href" : "http://localhost/api/contacts/1003_0/master"
        }
      }
    }, {
      "inputUserId" : "QSA",
      "lastUpdateUserId" : "QSA",
      "computerId" : "GLSVR171217",
      "lastSynchronizedDate" : null,
      "addressNumber" : "1004",
      "sequence" : 0,
      "name" : "A Plus",
      "mailingName" : "A Plus",
      "description" : "",
      "firstName" : "",
      "middleName" : "",
      "lastName" : "",
      "nickname" : "",
      "salutation" : "",
      "gender" : "",
      "type" : "C",
      "religion" : "",
      "dateOfBirth" : null,
      "placeOfBirth" : "",
      "socialSecurityNumber" : "",
      "socialSecurityDate" : null,
      "mediaObjectReference" : "",
      "lastUpdateDateTime" : "2017-12-17T00:00:00",
      "inputDateTime" : "2017-12-17T00:00:00",
      "_links" : {
        "self" : {
          "href" : "http://localhost/api/contacts/1004_0"
        },
        "contactPerson" : {
          "href" : "http://localhost/api/contacts/1004_0"
        },
        "master" : {
          "href" : "http://localhost/api/contacts/1004_0/master"
        }
      }
    }, {
      "inputUserId" : "QSA",
      "lastUpdateUserId" : "QSA",
      "computerId" : "GLSVR171217",
      "lastSynchronizedDate" : null,
      "addressNumber" : "1005",
      "sequence" : 0,
      "name" : "A.I.M",
      "mailingName" : "A.I.M",
      "description" : "",
      "firstName" : "",
      "middleName" : "",
      "lastName" : "",
      "nickname" : "",
      "salutation" : "",
      "gender" : "",
      "type" : "C",
      "religion" : "",
      "dateOfBirth" : null,
      "placeOfBirth" : "",
      "socialSecurityNumber" : "",
      "socialSecurityDate" : null,
      "mediaObjectReference" : "",
      "lastUpdateDateTime" : "2017-12-17T00:00:00",
      "inputDateTime" : "2017-12-17T00:00:00",
      "_links" : {
        "self" : {
          "href" : "http://localhost/api/contacts/1005_0"
        },
        "contactPerson" : {
          "href" : "http://localhost/api/contacts/1005_0"
        },
        "master" : {
          "href" : "http://localhost/api/contacts/1005_0/master"
        }
      }
    }, {
      "inputUserId" : "QSA",
      "lastUpdateUserId" : "QSA",
      "computerId" : "GLSVR171217",
      "lastSynchronizedDate" : null,
      "addressNumber" : "1006",
      "sequence" : 0,
      "name" : "Aan",
      "mailingName" : "Aan",
      "description" : "",
      "firstName" : "",
      "middleName" : "",
      "lastName" : "",
      "nickname" : "",
      "salutation" : "",
      "gender" : "",
      "type" : "C",
      "religion" : "",
      "dateOfBirth" : null,
      "placeOfBirth" : "",
      "socialSecurityNumber" : "",
      "socialSecurityDate" : null,
      "mediaObjectReference" : "",
      "lastUpdateDateTime" : "2017-12-17T00:00:00",
      "inputDateTime" : "2017-12-17T00:00:00",
      "_links" : {
        "self" : {
          "href" : "http://localhost/api/contacts/1006_0"
        },
        "contactPerson" : {
          "href" : "http://localhost/api/contacts/1006_0"
        },
        "master" : {
          "href" : "http://localhost/api/contacts/1006_0/master"
        }
      }
    }, {
      "inputUserId" : "QSA",
      "lastUpdateUserId" : "QSA",
      "computerId" : "GLSVR171217",
      "lastSynchronizedDate" : null,
      "addressNumber" : "1007",
      "sequence" : 0,
      "name" : "Abadi Cipta Komputer",
      "mailingName" : "Abadi Cipta Komputer",
      "description" : "",
      "firstName" : "",
      "middleName" : "",
      "lastName" : "",
      "nickname" : "",
      "salutation" : "",
      "gender" : "",
      "type" : "C",
      "religion" : "",
      "dateOfBirth" : null,
      "placeOfBirth" : "",
      "socialSecurityNumber" : "",
      "socialSecurityDate" : null,
      "mediaObjectReference" : "",
      "lastUpdateDateTime" : "2017-12-17T00:00:00",
      "inputDateTime" : "2017-12-17T00:00:00",
      "_links" : {
        "self" : {
          "href" : "http://localhost/api/contacts/1007_0"
        },
        "contactPerson" : {
          "href" : "http://localhost/api/contacts/1007_0"
        },
        "master" : {
          "href" : "http://localhost/api/contacts/1007_0/master"
        }
      }
    }, {
      "inputUserId" : "QSA",
      "lastUpdateUserId" : "QSA",
      "computerId" : "GLSVR171217",
      "lastSynchronizedDate" : null,
      "addressNumber" : "1008",
      "sequence" : 0,
      "name" : "Abastia",
      "mailingName" : "Abastia",
      "description" : "",
      "firstName" : "",
      "middleName" : "",
      "lastName" : "",
      "nickname" : "",
      "salutation" : "",
      "gender" : "",
      "type" : "C",
      "religion" : "",
      "dateOfBirth" : null,
      "placeOfBirth" : "",
      "socialSecurityNumber" : "",
      "socialSecurityDate" : null,
      "mediaObjectReference" : "",
      "lastUpdateDateTime" : "2017-12-17T00:00:00",
      "inputDateTime" : "2017-12-17T00:00:00",
      "_links" : {
        "self" : {
          "href" : "http://localhost/api/contacts/1008_0"
        },
        "contactPerson" : {
          "href" : "http://localhost/api/contacts/1008_0"
        },
        "master" : {
          "href" : "http://localhost/api/contacts/1008_0/master"
        }
      }
    }, {
      "inputUserId" : "QSA",
      "lastUpdateUserId" : "QSA",
      "computerId" : "GLSVR171217",
      "lastSynchronizedDate" : null,
      "addressNumber" : "1009",
      "sequence" : 0,
      "name" : "ABD",
      "mailingName" : "ABD",
      "description" : "",
      "firstName" : "",
      "middleName" : "",
      "lastName" : "",
      "nickname" : "",
      "salutation" : "",
      "gender" : "",
      "type" : "C",
      "religion" : "",
      "dateOfBirth" : null,
      "placeOfBirth" : "",
      "socialSecurityNumber" : "",
      "socialSecurityDate" : null,
      "mediaObjectReference" : "",
      "lastUpdateDateTime" : "2017-12-17T00:00:00",
      "inputDateTime" : "2017-12-17T00:00:00",
      "_links" : {
        "self" : {
          "href" : "http://localhost/api/contacts/1009_0"
        },
        "contactPerson" : {
          "href" : "http://localhost/api/contacts/1009_0"
        },
        "master" : {
          "href" : "http://localhost/api/contacts/1009_0/master"
        }
      }
    }, {
      "inputUserId" : "QSA",
      "lastUpdateUserId" : "QSA",
      "computerId" : "GLSVR171217",
      "lastSynchronizedDate" : null,
      "addressNumber" : "1010",
      "sequence" : 0,
      "name" : "Abdul",
      "mailingName" : "Abdul",
      "description" : "",
      "firstName" : "",
      "middleName" : "",
      "lastName" : "",
      "nickname" : "",
      "salutation" : "",
      "gender" : "",
      "type" : "C",
      "religion" : "",
      "dateOfBirth" : null,
      "placeOfBirth" : "",
      "socialSecurityNumber" : "",
      "socialSecurityDate" : null,
      "mediaObjectReference" : "",
      "lastUpdateDateTime" : "2017-12-17T00:00:00",
      "inputDateTime" : "2017-12-17T00:00:00",
      "_links" : {
        "self" : {
          "href" : "http://localhost/api/contacts/1010_0"
        },
        "contactPerson" : {
          "href" : "http://localhost/api/contacts/1010_0"
        },
        "master" : {
          "href" : "http://localhost/api/contacts/1010_0/master"
        }
      }
    }, {
      "inputUserId" : "QSA",
      "lastUpdateUserId" : "QSA",
      "computerId" : "GLSVR171217",
      "lastSynchronizedDate" : null,
      "addressNumber" : "1011",
      "sequence" : 0,
      "name" : "Abdul Bari",
      "mailingName" : "Abdul Bari",
      "description" : "",
      "firstName" : "",
      "middleName" : "",
      "lastName" : "",
      "nickname" : "",
      "salutation" : "",
      "gender" : "",
      "type" : "C",
      "religion" : "",
      "dateOfBirth" : null,
      "placeOfBirth" : "",
      "socialSecurityNumber" : "",
      "socialSecurityDate" : null,
      "mediaObjectReference" : "",
      "lastUpdateDateTime" : "2017-12-17T00:00:00",
      "inputDateTime" : "2017-12-17T00:00:00",
      "_links" : {
        "self" : {
          "href" : "http://localhost/api/contacts/1011_0"
        },
        "contactPerson" : {
          "href" : "http://localhost/api/contacts/1011_0"
        },
        "master" : {
          "href" : "http://localhost/api/contacts/1011_0/master"
        }
      }
    }, {
      "inputUserId" : "QSA",
      "lastUpdateUserId" : "QSA",
      "computerId" : "GLSVR171217",
      "lastSynchronizedDate" : null,
      "addressNumber" : "1012",
      "sequence" : 0,
      "name" : "Abdul Syukur",
      "mailingName" : "Abdul Syukur",
      "description" : "",
      "firstName" : "",
      "middleName" : "",
      "lastName" : "",
      "nickname" : "",
      "salutation" : "",
      "gender" : "",
      "type" : "C",
      "religion" : "",
      "dateOfBirth" : null,
      "placeOfBirth" : "",
      "socialSecurityNumber" : "",
      "socialSecurityDate" : null,
      "mediaObjectReference" : "",
      "lastUpdateDateTime" : "2017-12-17T00:00:00",
      "inputDateTime" : "2017-12-17T00:00:00",
      "_links" : {
        "self" : {
          "href" : "http://localhost/api/contacts/1012_0"
        },
        "contactPerson" : {
          "href" : "http://localhost/api/contacts/1012_0"
        },
        "master" : {
          "href" : "http://localhost/api/contacts/1012_0/master"
        }
      }
    }, {
      "inputUserId" : "QSA",
      "lastUpdateUserId" : "QSA",
      "computerId" : "GLSVR171217",
      "lastSynchronizedDate" : null,
      "addressNumber" : "1013",
      "sequence" : 0,
      "name" : "Abe",
      "mailingName" : "Abe",
      "description" : "",
      "firstName" : "",
      "middleName" : "",
      "lastName" : "",
      "nickname" : "",
      "salutation" : "",
      "gender" : "",
      "type" : "C",
      "religion" : "",
      "dateOfBirth" : null,
      "placeOfBirth" : "",
      "socialSecurityNumber" : "",
      "socialSecurityDate" : null,
      "mediaObjectReference" : "",
      "lastUpdateDateTime" : "2017-12-17T00:00:00",
      "inputDateTime" : "2017-12-17T00:00:00",
      "_links" : {
        "self" : {
          "href" : "http://localhost/api/contacts/1013_0"
        },
        "contactPerson" : {
          "href" : "http://localhost/api/contacts/1013_0"
        },
        "master" : {
          "href" : "http://localhost/api/contacts/1013_0/master"
        }
      }
    }, {
      "inputUserId" : "QSA",
      "lastUpdateUserId" : "QSA",
      "computerId" : "GLSVR171217",
      "lastSynchronizedDate" : null,
      "addressNumber" : "1014",
      "sequence" : 0,
      "name" : "Abi Comp",
      "mailingName" : "Abi Comp",
      "description" : "",
      "firstName" : "",
      "middleName" : "",
      "lastName" : "",
      "nickname" : "",
      "salutation" : "",
      "gender" : "",
      "type" : "C",
      "religion" : "",
      "dateOfBirth" : null,
      "placeOfBirth" : "",
      "socialSecurityNumber" : "",
      "socialSecurityDate" : null,
      "mediaObjectReference" : "",
      "lastUpdateDateTime" : "2017-12-17T00:00:00",
      "inputDateTime" : "2017-12-17T00:00:00",
      "_links" : {
        "self" : {
          "href" : "http://localhost/api/contacts/1014_0"
        },
        "contactPerson" : {
          "href" : "http://localhost/api/contacts/1014_0"
        },
        "master" : {
          "href" : "http://localhost/api/contacts/1014_0/master"
        }
      }
    }, {
      "inputUserId" : "QSA",
      "lastUpdateUserId" : "QSA",
      "computerId" : "GLSVR171217",
      "lastSynchronizedDate" : null,
      "addressNumber" : "1015",
      "sequence" : 0,
      "name" : "Absolute",
      "mailingName" : "Absolute",
      "description" : "",
      "firstName" : "",
      "middleName" : "",
      "lastName" : "",
      "nickname" : "",
      "salutation" : "",
      "gender" : "",
      "type" : "C",
      "religion" : "",
      "dateOfBirth" : null,
      "placeOfBirth" : "",
      "socialSecurityNumber" : "",
      "socialSecurityDate" : null,
      "mediaObjectReference" : "",
      "lastUpdateDateTime" : "2017-12-17T00:00:00",
      "inputDateTime" : "2017-12-17T00:00:00",
      "_links" : {
        "self" : {
          "href" : "http://localhost/api/contacts/1015_0"
        },
        "contactPerson" : {
          "href" : "http://localhost/api/contacts/1015_0"
        },
        "master" : {
          "href" : "http://localhost/api/contacts/1015_0/master"
        }
      }
    }, {
      "inputUserId" : "QSA",
      "lastUpdateUserId" : "QSA",
      "computerId" : "GLSVR171217",
      "lastSynchronizedDate" : null,
      "addressNumber" : "1016",
      "sequence" : 0,
      "name" : "Absolutely",
      "mailingName" : "Absolutely",
      "description" : "",
      "firstName" : "",
      "middleName" : "",
      "lastName" : "",
      "nickname" : "",
      "salutation" : "",
      "gender" : "",
      "type" : "C",
      "religion" : "",
      "dateOfBirth" : null,
      "placeOfBirth" : "",
      "socialSecurityNumber" : "",
      "socialSecurityDate" : null,
      "mediaObjectReference" : "",
      "lastUpdateDateTime" : "2017-12-17T00:00:00",
      "inputDateTime" : "2017-12-17T00:00:00",
      "_links" : {
        "self" : {
          "href" : "http://localhost/api/contacts/1016_0"
        },
        "contactPerson" : {
          "href" : "http://localhost/api/contacts/1016_0"
        },
        "master" : {
          "href" : "http://localhost/api/contacts/1016_0/master"
        }
      }
    }, {
      "inputUserId" : "QSA",
      "lastUpdateUserId" : "QSA",
      "computerId" : "GLSVR171217",
      "lastSynchronizedDate" : null,
      "addressNumber" : "1017",
      "sequence" : 0,
      "name" : "Abu Yasmin (Yasmin Komputer)",
      "mailingName" : "Abu Yasmin (Yasmin Komputer)",
      "description" : "",
      "firstName" : "",
      "middleName" : "",
      "lastName" : "",
      "nickname" : "",
      "salutation" : "",
      "gender" : "",
      "type" : "C",
      "religion" : "",
      "dateOfBirth" : null,
      "placeOfBirth" : "",
      "socialSecurityNumber" : "",
      "socialSecurityDate" : null,
      "mediaObjectReference" : "",
      "lastUpdateDateTime" : "2017-12-17T00:00:00",
      "inputDateTime" : "2017-12-17T00:00:00",
      "_links" : {
        "self" : {
          "href" : "http://localhost/api/contacts/1017_0"
        },
        "contactPerson" : {
          "href" : "http://localhost/api/contacts/1017_0"
        },
        "master" : {
          "href" : "http://localhost/api/contacts/1017_0/master"
        }
      }
    }, {
      "inputUserId" : "QSA",
      "lastUpdateUserId" : "QSA",
      "computerId" : "GLSVR171217",
      "lastSynchronizedDate" : null,
      "addressNumber" : "1018",
      "sequence" : 0,
      "name" : "AC Comp",
      "mailingName" : "AC Comp",
      "description" : "",
      "firstName" : "",
      "middleName" : "",
      "lastName" : "",
      "nickname" : "",
      "salutation" : "",
      "gender" : "",
      "type" : "C",
      "religion" : "",
      "dateOfBirth" : null,
      "placeOfBirth" : "",
      "socialSecurityNumber" : "",
      "socialSecurityDate" : null,
      "mediaObjectReference" : "",
      "lastUpdateDateTime" : "2017-12-17T00:00:00",
      "inputDateTime" : "2017-12-17T00:00:00",
      "_links" : {
        "self" : {
          "href" : "http://localhost/api/contacts/1018_0"
        },
        "contactPerson" : {
          "href" : "http://localhost/api/contacts/1018_0"
        },
        "master" : {
          "href" : "http://localhost/api/contacts/1018_0/master"
        }
      }
    }, {
      "inputUserId" : "QSA",
      "lastUpdateUserId" : "QSA",
      "computerId" : "GLSVR171217",
      "lastSynchronizedDate" : null,
      "addressNumber" : "1019",
      "sequence" : 0,
      "name" : "Ace Colours",
      "mailingName" : "Ace Colours",
      "description" : "",
      "firstName" : "",
      "middleName" : "",
      "lastName" : "",
      "nickname" : "",
      "salutation" : "",
      "gender" : "",
      "type" : "C",
      "religion" : "",
      "dateOfBirth" : null,
      "placeOfBirth" : "",
      "socialSecurityNumber" : "",
      "socialSecurityDate" : null,
      "mediaObjectReference" : "",
      "lastUpdateDateTime" : "2017-12-17T00:00:00",
      "inputDateTime" : "2017-12-17T00:00:00",
      "_links" : {
        "self" : {
          "href" : "http://localhost/api/contacts/1019_0"
        },
        "contactPerson" : {
          "href" : "http://localhost/api/contacts/1019_0"
        },
        "master" : {
          "href" : "http://localhost/api/contacts/1019_0/master"
        }
      }
    }, {
      "inputUserId" : "QSA",
      "lastUpdateUserId" : "QSA",
      "computerId" : "GLSVR171217",
      "lastSynchronizedDate" : null,
      "addressNumber" : "1020",
      "sequence" : 0,
      "name" : "Acer",
      "mailingName" : "Acer",
      "description" : "",
      "firstName" : "",
      "middleName" : "",
      "lastName" : "",
      "nickname" : "",
      "salutation" : "",
      "gender" : "",
      "type" : "C",
      "religion" : "",
      "dateOfBirth" : null,
      "placeOfBirth" : "",
      "socialSecurityNumber" : "",
      "socialSecurityDate" : null,
      "mediaObjectReference" : "",
      "lastUpdateDateTime" : "2017-12-17T00:00:00",
      "inputDateTime" : "2017-12-17T00:00:00",
      "_links" : {
        "self" : {
          "href" : "http://localhost/api/contacts/1020_0"
        },
        "contactPerson" : {
          "href" : "http://localhost/api/contacts/1020_0"
        },
        "master" : {
          "href" : "http://localhost/api/contacts/1020_0/master"
        }
      }
    }, {
      "inputUserId" : "QSA",
      "lastUpdateUserId" : "QSA",
      "computerId" : "GLSVR171217",
      "lastSynchronizedDate" : null,
      "addressNumber" : "1021",
      "sequence" : 0,
      "name" : "Acessories",
      "mailingName" : "Acessories",
      "description" : "",
      "firstName" : "",
      "middleName" : "",
      "lastName" : "",
      "nickname" : "",
      "salutation" : "",
      "gender" : "",
      "type" : "C",
      "religion" : "",
      "dateOfBirth" : null,
      "placeOfBirth" : "",
      "socialSecurityNumber" : "",
      "socialSecurityDate" : null,
      "mediaObjectReference" : "",
      "lastUpdateDateTime" : "2017-12-17T00:00:00",
      "inputDateTime" : "2017-12-17T00:00:00",
      "_links" : {
        "self" : {
          "href" : "http://localhost/api/contacts/1021_0"
        },
        "contactPerson" : {
          "href" : "http://localhost/api/contacts/1021_0"
        },
        "master" : {
          "href" : "http://localhost/api/contacts/1021_0/master"
        }
      }
    }, {
      "inputUserId" : "QSA",
      "lastUpdateUserId" : "QSA",
      "computerId" : "GLSVR171217",
      "lastSynchronizedDate" : null,
      "addressNumber" : "1022",
      "sequence" : 0,
      "name" : "Active Computer",
      "mailingName" : "Active Computer",
      "description" : "",
      "firstName" : "",
      "middleName" : "",
      "lastName" : "",
      "nickname" : "",
      "salutation" : "",
      "gender" : "",
      "type" : "C",
      "religion" : "",
      "dateOfBirth" : null,
      "placeOfBirth" : "",
      "socialSecurityNumber" : "",
      "socialSecurityDate" : null,
      "mediaObjectReference" : "",
      "lastUpdateDateTime" : "2017-12-17T00:00:00",
      "inputDateTime" : "2017-12-17T00:00:00",
      "_links" : {
        "self" : {
          "href" : "http://localhost/api/contacts/1022_0"
        },
        "contactPerson" : {
          "href" : "http://localhost/api/contacts/1022_0"
        },
        "master" : {
          "href" : "http://localhost/api/contacts/1022_0/master"
        }
      }
    }, {
      "inputUserId" : "QSA",
      "lastUpdateUserId" : "QSA",
      "computerId" : "GLSVR171217",
      "lastSynchronizedDate" : null,
      "addressNumber" : "1023",
      "sequence" : 0,
      "name" : "ActiveX",
      "mailingName" : "ActiveX",
      "description" : "",
      "firstName" : "",
      "middleName" : "",
      "lastName" : "",
      "nickname" : "",
      "salutation" : "",
      "gender" : "",
      "type" : "C",
      "religion" : "",
      "dateOfBirth" : null,
      "placeOfBirth" : "",
      "socialSecurityNumber" : "",
      "socialSecurityDate" : null,
      "mediaObjectReference" : "",
      "lastUpdateDateTime" : "2017-12-17T00:00:00",
      "inputDateTime" : "2017-12-17T00:00:00",
      "_links" : {
        "self" : {
          "href" : "http://localhost/api/contacts/1023_0"
        },
        "contactPerson" : {
          "href" : "http://localhost/api/contacts/1023_0"
        },
        "master" : {
          "href" : "http://localhost/api/contacts/1023_0/master"
        }
      }
    }, {
      "inputUserId" : "QSA",
      "lastUpdateUserId" : "QSA",
      "computerId" : "GLSVR171217",
      "lastSynchronizedDate" : null,
      "addressNumber" : "1024",
      "sequence" : 0,
      "name" : "ACUN",
      "mailingName" : "ACUN",
      "description" : "",
      "firstName" : "",
      "middleName" : "",
      "lastName" : "",
      "nickname" : "",
      "salutation" : "",
      "gender" : "",
      "type" : "C",
      "religion" : "",
      "dateOfBirth" : null,
      "placeOfBirth" : "",
      "socialSecurityNumber" : "",
      "socialSecurityDate" : null,
      "mediaObjectReference" : "",
      "lastUpdateDateTime" : "2017-12-17T00:00:00",
      "inputDateTime" : "2017-12-17T00:00:00",
      "_links" : {
        "self" : {
          "href" : "http://localhost/api/contacts/1024_0"
        },
        "contactPerson" : {
          "href" : "http://localhost/api/contacts/1024_0"
        },
        "master" : {
          "href" : "http://localhost/api/contacts/1024_0/master"
        }
      }
    }, {
      "inputUserId" : "QSA",
      "lastUpdateUserId" : "QSA",
      "computerId" : "GLSVR171217",
      "lastSynchronizedDate" : null,
      "addressNumber" : "1025",
      "sequence" : 0,
      "name" : "Adan",
      "mailingName" : "Adan",
      "description" : "",
      "firstName" : "",
      "middleName" : "",
      "lastName" : "",
      "nickname" : "",
      "salutation" : "",
      "gender" : "",
      "type" : "C",
      "religion" : "",
      "dateOfBirth" : null,
      "placeOfBirth" : "",
      "socialSecurityNumber" : "",
      "socialSecurityDate" : null,
      "mediaObjectReference" : "",
      "lastUpdateDateTime" : "2017-12-17T00:00:00",
      "inputDateTime" : "2017-12-17T00:00:00",
      "_links" : {
        "self" : {
          "href" : "http://localhost/api/contacts/1025_0"
        },
        "contactPerson" : {
          "href" : "http://localhost/api/contacts/1025_0"
        },
        "master" : {
          "href" : "http://localhost/api/contacts/1025_0/master"
        }
      }
    }, {
      "inputUserId" : "QSA",
      "lastUpdateUserId" : "QSA",
      "computerId" : "GLSVR171217",
      "lastSynchronizedDate" : null,
      "addressNumber" : "1026",
      "sequence" : 0,
      "name" : "Adi",
      "mailingName" : "Adi",
      "description" : "",
      "firstName" : "",
      "middleName" : "",
      "lastName" : "",
      "nickname" : "",
      "salutation" : "",
      "gender" : "",
      "type" : "C",
      "religion" : "",
      "dateOfBirth" : null,
      "placeOfBirth" : "",
      "socialSecurityNumber" : "",
      "socialSecurityDate" : null,
      "mediaObjectReference" : "",
      "lastUpdateDateTime" : "2017-12-17T00:00:00",
      "inputDateTime" : "2017-12-17T00:00:00",
      "_links" : {
        "self" : {
          "href" : "http://localhost/api/contacts/1026_0"
        },
        "contactPerson" : {
          "href" : "http://localhost/api/contacts/1026_0"
        },
        "master" : {
          "href" : "http://localhost/api/contacts/1026_0/master"
        }
      }
    }, {
      "inputUserId" : "QSA",
      "lastUpdateUserId" : "QSA",
      "computerId" : "GLSVR171217",
      "lastSynchronizedDate" : null,
      "addressNumber" : "1027",
      "sequence" : 0,
      "name" : "Adi Darmawan",
      "mailingName" : "Adi Darmawan",
      "description" : "",
      "firstName" : "",
      "middleName" : "",
      "lastName" : "",
      "nickname" : "",
      "salutation" : "",
      "gender" : "",
      "type" : "C",
      "religion" : "",
      "dateOfBirth" : null,
      "placeOfBirth" : "",
      "socialSecurityNumber" : "",
      "socialSecurityDate" : null,
      "mediaObjectReference" : "",
      "lastUpdateDateTime" : "2017-12-17T00:00:00",
      "inputDateTime" : "2017-12-17T00:00:00",
      "_links" : {
        "self" : {
          "href" : "http://localhost/api/contacts/1027_0"
        },
        "contactPerson" : {
          "href" : "http://localhost/api/contacts/1027_0"
        },
        "master" : {
          "href" : "http://localhost/api/contacts/1027_0/master"
        }
      }
    }, {
      "inputUserId" : "QSA",
      "lastUpdateUserId" : "QSA",
      "computerId" : "GLSVR171217",
      "lastSynchronizedDate" : null,
      "addressNumber" : "1028",
      "sequence" : 0,
      "name" : "Adi Jaya Computer",
      "mailingName" : "Adi Jaya Computer",
      "description" : "",
      "firstName" : "",
      "middleName" : "",
      "lastName" : "",
      "nickname" : "",
      "salutation" : "",
      "gender" : "",
      "type" : "C",
      "religion" : "",
      "dateOfBirth" : null,
      "placeOfBirth" : "",
      "socialSecurityNumber" : "",
      "socialSecurityDate" : null,
      "mediaObjectReference" : "",
      "lastUpdateDateTime" : "2017-12-17T00:00:00",
      "inputDateTime" : "2017-12-17T00:00:00",
      "_links" : {
        "self" : {
          "href" : "http://localhost/api/contacts/1028_0"
        },
        "contactPerson" : {
          "href" : "http://localhost/api/contacts/1028_0"
        },
        "master" : {
          "href" : "http://localhost/api/contacts/1028_0/master"
        }
      }
    }, {
      "inputUserId" : "QSA",
      "lastUpdateUserId" : "QSA",
      "computerId" : "GLSVR171217",
      "lastSynchronizedDate" : null,
      "addressNumber" : "1029",
      "sequence" : 0,
      "name" : "Adi Wahana (IT Store)",
      "mailingName" : "Adi Wahana (IT Store)",
      "description" : "",
      "firstName" : "",
      "middleName" : "",
      "lastName" : "",
      "nickname" : "",
      "salutation" : "",
      "gender" : "",
      "type" : "C",
      "religion" : "",
      "dateOfBirth" : null,
      "placeOfBirth" : "",
      "socialSecurityNumber" : "",
      "socialSecurityDate" : null,
      "mediaObjectReference" : "",
      "lastUpdateDateTime" : "2017-12-17T00:00:00",
      "inputDateTime" : "2017-12-17T00:00:00",
      "_links" : {
        "self" : {
          "href" : "http://localhost/api/contacts/1029_0"
        },
        "contactPerson" : {
          "href" : "http://localhost/api/contacts/1029_0"
        },
        "master" : {
          "href" : "http://localhost/api/contacts/1029_0/master"
        }
      }
    }, {
      "inputUserId" : "QSA",
      "lastUpdateUserId" : "QSA",
      "computerId" : "GLSVR171217",
      "lastSynchronizedDate" : null,
      "addressNumber" : "1030",
      "sequence" : 0,
      "name" : "Adi Wahana Komputer",
      "mailingName" : "Adi Wahana Komputer",
      "description" : "",
      "firstName" : "",
      "middleName" : "",
      "lastName" : "",
      "nickname" : "",
      "salutation" : "",
      "gender" : "",
      "type" : "C",
      "religion" : "",
      "dateOfBirth" : null,
      "placeOfBirth" : "",
      "socialSecurityNumber" : "",
      "socialSecurityDate" : null,
      "mediaObjectReference" : "",
      "lastUpdateDateTime" : "2017-12-17T00:00:00",
      "inputDateTime" : "2017-12-17T00:00:00",
      "_links" : {
        "self" : {
          "href" : "http://localhost/api/contacts/1030_0"
        },
        "contactPerson" : {
          "href" : "http://localhost/api/contacts/1030_0"
        },
        "master" : {
          "href" : "http://localhost/api/contacts/1030_0/master"
        }
      }
    }, {
      "inputUserId" : "QSA",
      "lastUpdateUserId" : "QSA",
      "computerId" : "GLSVR171217",
      "lastSynchronizedDate" : null,
      "addressNumber" : "1031",
      "sequence" : 0,
      "name" : "Adi Wahana Service",
      "mailingName" : "Adi Wahana Service",
      "description" : "",
      "firstName" : "",
      "middleName" : "",
      "lastName" : "",
      "nickname" : "",
      "salutation" : "",
      "gender" : "",
      "type" : "C",
      "religion" : "",
      "dateOfBirth" : null,
      "placeOfBirth" : "",
      "socialSecurityNumber" : "",
      "socialSecurityDate" : null,
      "mediaObjectReference" : "",
      "lastUpdateDateTime" : "2017-12-17T00:00:00",
      "inputDateTime" : "2017-12-17T00:00:00",
      "_links" : {
        "self" : {
          "href" : "http://localhost/api/contacts/1031_0"
        },
        "contactPerson" : {
          "href" : "http://localhost/api/contacts/1031_0"
        },
        "master" : {
          "href" : "http://localhost/api/contacts/1031_0/master"
        }
      }
    }, {
      "inputUserId" : "QSA",
      "lastUpdateUserId" : "QSA",
      "computerId" : "GLSVR171217",
      "lastSynchronizedDate" : null,
      "addressNumber" : "1032",
      "sequence" : 0,
      "name" : "Adianto",
      "mailingName" : "Adianto",
      "description" : "",
      "firstName" : "",
      "middleName" : "",
      "lastName" : "",
      "nickname" : "",
      "salutation" : "",
      "gender" : "",
      "type" : "C",
      "religion" : "",
      "dateOfBirth" : null,
      "placeOfBirth" : "",
      "socialSecurityNumber" : "",
      "socialSecurityDate" : null,
      "mediaObjectReference" : "",
      "lastUpdateDateTime" : "2017-12-17T00:00:00",
      "inputDateTime" : "2017-12-17T00:00:00",
      "_links" : {
        "self" : {
          "href" : "http://localhost/api/contacts/1032_0"
        },
        "contactPerson" : {
          "href" : "http://localhost/api/contacts/1032_0"
        },
        "master" : {
          "href" : "http://localhost/api/contacts/1032_0/master"
        }
      }
    }, {
      "inputUserId" : "QSA",
      "lastUpdateUserId" : "QSA",
      "computerId" : "GLSVR171217",
      "lastSynchronizedDate" : null,
      "addressNumber" : "1033",
      "sequence" : 0,
      "name" : "Adit",
      "mailingName" : "Adit",
      "description" : "",
      "firstName" : "",
      "middleName" : "",
      "lastName" : "",
      "nickname" : "",
      "salutation" : "",
      "gender" : "",
      "type" : "C",
      "religion" : "",
      "dateOfBirth" : null,
      "placeOfBirth" : "",
      "socialSecurityNumber" : "",
      "socialSecurityDate" : null,
      "mediaObjectReference" : "",
      "lastUpdateDateTime" : "2017-12-17T00:00:00",
      "inputDateTime" : "2017-12-17T00:00:00",
      "_links" : {
        "self" : {
          "href" : "http://localhost/api/contacts/1033_0"
        },
        "contactPerson" : {
          "href" : "http://localhost/api/contacts/1033_0"
        },
        "master" : {
          "href" : "http://localhost/api/contacts/1033_0/master"
        }
      }
    }, {
      "inputUserId" : "QSA",
      "lastUpdateUserId" : "QSA",
      "computerId" : "GLSVR171217",
      "lastSynchronizedDate" : null,
      "addressNumber" : "1034",
      "sequence" : 0,
      "name" : "Adrin",
      "mailingName" : "Adrin",
      "description" : "",
      "firstName" : "",
      "middleName" : "",
      "lastName" : "",
      "nickname" : "",
      "salutation" : "",
      "gender" : "",
      "type" : "C",
      "religion" : "",
      "dateOfBirth" : null,
      "placeOfBirth" : "",
      "socialSecurityNumber" : "",
      "socialSecurityDate" : null,
      "mediaObjectReference" : "",
      "lastUpdateDateTime" : "2017-12-17T00:00:00",
      "inputDateTime" : "2017-12-17T00:00:00",
      "_links" : {
        "self" : {
          "href" : "http://localhost/api/contacts/1034_0"
        },
        "contactPerson" : {
          "href" : "http://localhost/api/contacts/1034_0"
        },
        "master" : {
          "href" : "http://localhost/api/contacts/1034_0/master"
        }
      }
    }, {
      "inputUserId" : "QSA",
      "lastUpdateUserId" : "QSA",
      "computerId" : "GLSVR171217",
      "lastSynchronizedDate" : null,
      "addressNumber" : "1035",
      "sequence" : 0,
      "name" : "Afan",
      "mailingName" : "Afan",
      "description" : "",
      "firstName" : "",
      "middleName" : "",
      "lastName" : "",
      "nickname" : "",
      "salutation" : "",
      "gender" : "",
      "type" : "C",
      "religion" : "",
      "dateOfBirth" : null,
      "placeOfBirth" : "",
      "socialSecurityNumber" : "",
      "socialSecurityDate" : null,
      "mediaObjectReference" : "",
      "lastUpdateDateTime" : "2017-12-17T00:00:00",
      "inputDateTime" : "2017-12-17T00:00:00",
      "_links" : {
        "self" : {
          "href" : "http://localhost/api/contacts/1035_0"
        },
        "contactPerson" : {
          "href" : "http://localhost/api/contacts/1035_0"
        },
        "master" : {
          "href" : "http://localhost/api/contacts/1035_0/master"
        }
      }
    }, {
      "inputUserId" : "QSA",
      "lastUpdateUserId" : "QSA",
      "computerId" : "GLSVR171217",
      "lastSynchronizedDate" : null,
      "addressNumber" : "1036",
      "sequence" : 0,
      "name" : "Afid",
      "mailingName" : "Afid",
      "description" : "",
      "firstName" : "",
      "middleName" : "",
      "lastName" : "",
      "nickname" : "",
      "salutation" : "",
      "gender" : "",
      "type" : "C",
      "religion" : "",
      "dateOfBirth" : null,
      "placeOfBirth" : "",
      "socialSecurityNumber" : "",
      "socialSecurityDate" : null,
      "mediaObjectReference" : "",
      "lastUpdateDateTime" : "2017-12-17T00:00:00",
      "inputDateTime" : "2017-12-17T00:00:00",
      "_links" : {
        "self" : {
          "href" : "http://localhost/api/contacts/1036_0"
        },
        "contactPerson" : {
          "href" : "http://localhost/api/contacts/1036_0"
        },
        "master" : {
          "href" : "http://localhost/api/contacts/1036_0/master"
        }
      }
    }, {
      "inputUserId" : "QSA",
      "lastUpdateUserId" : "QSA",
      "computerId" : "GLSVR171217",
      "lastSynchronizedDate" : null,
      "addressNumber" : "1037",
      "sequence" : 0,
      "name" : "Afif Abda",
      "mailingName" : "Afif Abda",
      "description" : "",
      "firstName" : "",
      "middleName" : "",
      "lastName" : "",
      "nickname" : "",
      "salutation" : "",
      "gender" : "",
      "type" : "C",
      "religion" : "",
      "dateOfBirth" : null,
      "placeOfBirth" : "",
      "socialSecurityNumber" : "",
      "socialSecurityDate" : null,
      "mediaObjectReference" : "",
      "lastUpdateDateTime" : "2017-12-17T00:00:00",
      "inputDateTime" : "2017-12-17T00:00:00",
      "_links" : {
        "self" : {
          "href" : "http://localhost/api/contacts/1037_0"
        },
        "contactPerson" : {
          "href" : "http://localhost/api/contacts/1037_0"
        },
        "master" : {
          "href" : "http://localhost/api/contacts/1037_0/master"
        }
      }
    }, {
      "inputUserId" : "QSA",
      "lastUpdateUserId" : "QSA",
      "computerId" : "GLSVR171217",
      "lastSynchronizedDate" : null,
      "addressNumber" : "1038",
      "sequence" : 0,
      "name" : "AGP Computer",
      "mailingName" : "AGP Computer",
      "description" : "",
      "firstName" : "",
      "middleName" : "",
      "lastName" : "",
      "nickname" : "",
      "salutation" : "",
      "gender" : "",
      "type" : "C",
      "religion" : "",
      "dateOfBirth" : null,
      "placeOfBirth" : "",
      "socialSecurityNumber" : "",
      "socialSecurityDate" : null,
      "mediaObjectReference" : "",
      "lastUpdateDateTime" : "2017-12-17T00:00:00",
      "inputDateTime" : "2017-12-17T00:00:00",
      "_links" : {
        "self" : {
          "href" : "http://localhost/api/contacts/1038_0"
        },
        "contactPerson" : {
          "href" : "http://localhost/api/contacts/1038_0"
        },
        "master" : {
          "href" : "http://localhost/api/contacts/1038_0/master"
        }
      }
    }, {
      "inputUserId" : "QSA",
      "lastUpdateUserId" : "QSA",
      "computerId" : "GLSVR171217",
      "lastSynchronizedDate" : null,
      "addressNumber" : "1039",
      "sequence" : 0,
      "name" : "Agung",
      "mailingName" : "Agung",
      "description" : "",
      "firstName" : "",
      "middleName" : "",
      "lastName" : "",
      "nickname" : "",
      "salutation" : "",
      "gender" : "",
      "type" : "C",
      "religion" : "",
      "dateOfBirth" : null,
      "placeOfBirth" : "",
      "socialSecurityNumber" : "",
      "socialSecurityDate" : null,
      "mediaObjectReference" : "",
      "lastUpdateDateTime" : "2017-12-17T00:00:00",
      "inputDateTime" : "2017-12-17T00:00:00",
      "_links" : {
        "self" : {
          "href" : "http://localhost/api/contacts/1039_0"
        },
        "contactPerson" : {
          "href" : "http://localhost/api/contacts/1039_0"
        },
        "master" : {
          "href" : "http://localhost/api/contacts/1039_0/master"
        }
      }
    }, {
      "inputUserId" : "QSA",
      "lastUpdateUserId" : "QSA",
      "computerId" : "GLSVR171217",
      "lastSynchronizedDate" : null,
      "addressNumber" : "1040",
      "sequence" : 0,
      "name" : "Agung Computer",
      "mailingName" : "Agung Computer",
      "description" : "",
      "firstName" : "",
      "middleName" : "",
      "lastName" : "",
      "nickname" : "",
      "salutation" : "",
      "gender" : "",
      "type" : "C",
      "religion" : "",
      "dateOfBirth" : null,
      "placeOfBirth" : "",
      "socialSecurityNumber" : "",
      "socialSecurityDate" : null,
      "mediaObjectReference" : "",
      "lastUpdateDateTime" : "2017-12-17T00:00:00",
      "inputDateTime" : "2017-12-17T00:00:00",
      "_links" : {
        "self" : {
          "href" : "http://localhost/api/contacts/1040_0"
        },
        "contactPerson" : {
          "href" : "http://localhost/api/contacts/1040_0"
        },
        "master" : {
          "href" : "http://localhost/api/contacts/1040_0/master"
        }
      }
    }, {
      "inputUserId" : "QSA",
      "lastUpdateUserId" : "QSA",
      "computerId" : "GLSVR171217",
      "lastSynchronizedDate" : null,
      "addressNumber" : "1041",
      "sequence" : 0,
      "name" : "Agung Wibowo",
      "mailingName" : "Agung Wibowo",
      "description" : "",
      "firstName" : "",
      "middleName" : "",
      "lastName" : "",
      "nickname" : "",
      "salutation" : "",
      "gender" : "",
      "type" : "C",
      "religion" : "",
      "dateOfBirth" : null,
      "placeOfBirth" : "",
      "socialSecurityNumber" : "",
      "socialSecurityDate" : null,
      "mediaObjectReference" : "",
      "lastUpdateDateTime" : "2017-12-17T00:00:00",
      "inputDateTime" : "2017-12-17T00:00:00",
      "_links" : {
        "self" : {
          "href" : "http://localhost/api/contacts/1041_0"
        },
        "contactPerson" : {
          "href" : "http://localhost/api/contacts/1041_0"
        },
        "master" : {
          "href" : "http://localhost/api/contacts/1041_0/master"
        }
      }
    }, {
      "inputUserId" : "QSA",
      "lastUpdateUserId" : "QSA",
      "computerId" : "GLSVR171217",
      "lastSynchronizedDate" : null,
      "addressNumber" : "1042",
      "sequence" : 0,
      "name" : "Agus",
      "mailingName" : "Agus",
      "description" : "",
      "firstName" : "",
      "middleName" : "",
      "lastName" : "",
      "nickname" : "",
      "salutation" : "",
      "gender" : "",
      "type" : "C",
      "religion" : "",
      "dateOfBirth" : null,
      "placeOfBirth" : "",
      "socialSecurityNumber" : "",
      "socialSecurityDate" : null,
      "mediaObjectReference" : "",
      "lastUpdateDateTime" : "2017-12-17T00:00:00",
      "inputDateTime" : "2017-12-17T00:00:00",
      "_links" : {
        "self" : {
          "href" : "http://localhost/api/contacts/1042_0"
        },
        "contactPerson" : {
          "href" : "http://localhost/api/contacts/1042_0"
        },
        "master" : {
          "href" : "http://localhost/api/contacts/1042_0/master"
        }
      }
    }, {
      "inputUserId" : "QSA",
      "lastUpdateUserId" : "QSA",
      "computerId" : "GLSVR171217",
      "lastSynchronizedDate" : null,
      "addressNumber" : "1043",
      "sequence" : 0,
      "name" : "Agus ( Rizai Fotocopy )",
      "mailingName" : "Agus ( Rizai Fotocopy )",
      "description" : "",
      "firstName" : "",
      "middleName" : "",
      "lastName" : "",
      "nickname" : "",
      "salutation" : "",
      "gender" : "",
      "type" : "C",
      "religion" : "",
      "dateOfBirth" : null,
      "placeOfBirth" : "",
      "socialSecurityNumber" : "",
      "socialSecurityDate" : null,
      "mediaObjectReference" : "",
      "lastUpdateDateTime" : "2017-12-17T00:00:00",
      "inputDateTime" : "2017-12-17T00:00:00",
      "_links" : {
        "self" : {
          "href" : "http://localhost/api/contacts/1043_0"
        },
        "contactPerson" : {
          "href" : "http://localhost/api/contacts/1043_0"
        },
        "master" : {
          "href" : "http://localhost/api/contacts/1043_0/master"
        }
      }
    }, {
      "inputUserId" : "QSA",
      "lastUpdateUserId" : "QSA",
      "computerId" : "GLSVR171217",
      "lastSynchronizedDate" : null,
      "addressNumber" : "1044",
      "sequence" : 0,
      "name" : "Agus Rustian",
      "mailingName" : "Agus Rustian",
      "description" : "",
      "firstName" : "",
      "middleName" : "",
      "lastName" : "",
      "nickname" : "",
      "salutation" : "",
      "gender" : "",
      "type" : "C",
      "religion" : "",
      "dateOfBirth" : null,
      "placeOfBirth" : "",
      "socialSecurityNumber" : "",
      "socialSecurityDate" : null,
      "mediaObjectReference" : "",
      "lastUpdateDateTime" : "2017-12-17T00:00:00",
      "inputDateTime" : "2017-12-17T00:00:00",
      "_links" : {
        "self" : {
          "href" : "http://localhost/api/contacts/1044_0"
        },
        "contactPerson" : {
          "href" : "http://localhost/api/contacts/1044_0"
        },
        "master" : {
          "href" : "http://localhost/api/contacts/1044_0/master"
        }
      }
    }, {
      "inputUserId" : "QSA",
      "lastUpdateUserId" : "QSA",
      "computerId" : "GLSVR171217",
      "lastSynchronizedDate" : null,
      "addressNumber" : "1045",
      "sequence" : 0,
      "name" : "Agus Setiawan",
      "mailingName" : "Agus Setiawan",
      "description" : "",
      "firstName" : "",
      "middleName" : "",
      "lastName" : "",
      "nickname" : "",
      "salutation" : "",
      "gender" : "",
      "type" : "C",
      "religion" : "",
      "dateOfBirth" : null,
      "placeOfBirth" : "",
      "socialSecurityNumber" : "",
      "socialSecurityDate" : null,
      "mediaObjectReference" : "",
      "lastUpdateDateTime" : "2017-12-17T00:00:00",
      "inputDateTime" : "2017-12-17T00:00:00",
      "_links" : {
        "self" : {
          "href" : "http://localhost/api/contacts/1045_0"
        },
        "contactPerson" : {
          "href" : "http://localhost/api/contacts/1045_0"
        },
        "master" : {
          "href" : "http://localhost/api/contacts/1045_0/master"
        }
      }
    }, {
      "inputUserId" : "QSA",
      "lastUpdateUserId" : "QSA",
      "computerId" : "GLSVR171217",
      "lastSynchronizedDate" : null,
      "addressNumber" : "1046",
      "sequence" : 0,
      "name" : "Agus Wibowo",
      "mailingName" : "Agus Wibowo",
      "description" : "",
      "firstName" : "",
      "middleName" : "",
      "lastName" : "",
      "nickname" : "",
      "salutation" : "",
      "gender" : "",
      "type" : "C",
      "religion" : "",
      "dateOfBirth" : null,
      "placeOfBirth" : "",
      "socialSecurityNumber" : "",
      "socialSecurityDate" : null,
      "mediaObjectReference" : "",
      "lastUpdateDateTime" : "2017-12-17T00:00:00",
      "inputDateTime" : "2017-12-17T00:00:00",
      "_links" : {
        "self" : {
          "href" : "http://localhost/api/contacts/1046_0"
        },
        "contactPerson" : {
          "href" : "http://localhost/api/contacts/1046_0"
        },
        "master" : {
          "href" : "http://localhost/api/contacts/1046_0/master"
        }
      }
    }, {
      "inputUserId" : "QSA",
      "lastUpdateUserId" : "QSA",
      "computerId" : "GLSVR171217",
      "lastSynchronizedDate" : null,
      "addressNumber" : "1047",
      "sequence" : 0,
      "name" : "Agus Wibowo(Tokopedia)",
      "mailingName" : "Agus Wibowo(Tokopedia)",
      "description" : "",
      "firstName" : "",
      "middleName" : "",
      "lastName" : "",
      "nickname" : "",
      "salutation" : "",
      "gender" : "",
      "type" : "C",
      "religion" : "",
      "dateOfBirth" : null,
      "placeOfBirth" : "",
      "socialSecurityNumber" : "",
      "socialSecurityDate" : null,
      "mediaObjectReference" : "",
      "lastUpdateDateTime" : "2017-12-17T00:00:00",
      "inputDateTime" : "2017-12-17T00:00:00",
      "_links" : {
        "self" : {
          "href" : "http://localhost/api/contacts/1047_0"
        },
        "contactPerson" : {
          "href" : "http://localhost/api/contacts/1047_0"
        },
        "master" : {
          "href" : "http://localhost/api/contacts/1047_0/master"
        }
      }
    }, {
      "inputUserId" : "QSA",
      "lastUpdateUserId" : "QSA",
      "computerId" : "GLSVR171217",
      "lastSynchronizedDate" : null,
      "addressNumber" : "1048",
      "sequence" : 0,
      "name" : "Ahmad",
      "mailingName" : "Ahmad",
      "description" : "",
      "firstName" : "",
      "middleName" : "",
      "lastName" : "",
      "nickname" : "",
      "salutation" : "",
      "gender" : "",
      "type" : "C",
      "religion" : "",
      "dateOfBirth" : null,
      "placeOfBirth" : "",
      "socialSecurityNumber" : "",
      "socialSecurityDate" : null,
      "mediaObjectReference" : "",
      "lastUpdateDateTime" : "2017-12-17T00:00:00",
      "inputDateTime" : "2017-12-17T00:00:00",
      "_links" : {
        "self" : {
          "href" : "http://localhost/api/contacts/1048_0"
        },
        "contactPerson" : {
          "href" : "http://localhost/api/contacts/1048_0"
        },
        "master" : {
          "href" : "http://localhost/api/contacts/1048_0/master"
        }
      }
    }, {
      "inputUserId" : "QSA",
      "lastUpdateUserId" : "QSA",
      "computerId" : "GLSVR171217",
      "lastSynchronizedDate" : null,
      "addressNumber" : "1049",
      "sequence" : 0,
      "name" : "Ahmad Anwar",
      "mailingName" : "Ahmad Anwar",
      "description" : "",
      "firstName" : "",
      "middleName" : "",
      "lastName" : "",
      "nickname" : "",
      "salutation" : "",
      "gender" : "",
      "type" : "C",
      "religion" : "",
      "dateOfBirth" : null,
      "placeOfBirth" : "",
      "socialSecurityNumber" : "",
      "socialSecurityDate" : null,
      "mediaObjectReference" : "",
      "lastUpdateDateTime" : "2017-12-17T00:00:00",
      "inputDateTime" : "2017-12-17T00:00:00",
      "_links" : {
        "self" : {
          "href" : "http://localhost/api/contacts/1049_0"
        },
        "contactPerson" : {
          "href" : "http://localhost/api/contacts/1049_0"
        },
        "master" : {
          "href" : "http://localhost/api/contacts/1049_0/master"
        }
      }
    }, {
      "inputUserId" : "QSA",
      "lastUpdateUserId" : "QSA",
      "computerId" : "GLSVR171217",
      "lastSynchronizedDate" : null,
      "addressNumber" : "1050",
      "sequence" : 0,
      "name" : "Ahmad Farid",
      "mailingName" : "Ahmad Farid",
      "description" : "",
      "firstName" : "",
      "middleName" : "",
      "lastName" : "",
      "nickname" : "",
      "salutation" : "",
      "gender" : "",
      "type" : "C",
      "religion" : "",
      "dateOfBirth" : null,
      "placeOfBirth" : "",
      "socialSecurityNumber" : "",
      "socialSecurityDate" : null,
      "mediaObjectReference" : "",
      "lastUpdateDateTime" : "2017-12-17T00:00:00",
      "inputDateTime" : "2017-12-17T00:00:00",
      "_links" : {
        "self" : {
          "href" : "http://localhost/api/contacts/1050_0"
        },
        "contactPerson" : {
          "href" : "http://localhost/api/contacts/1050_0"
        },
        "master" : {
          "href" : "http://localhost/api/contacts/1050_0/master"
        }
      }
    }, {
      "inputUserId" : "QSA",
      "lastUpdateUserId" : "QSA",
      "computerId" : "GLSVR171217",
      "lastSynchronizedDate" : null,
      "addressNumber" : "1051",
      "sequence" : 0,
      "name" : "Ahmad Syaiful",
      "mailingName" : "Ahmad Syaiful",
      "description" : "",
      "firstName" : "",
      "middleName" : "",
      "lastName" : "",
      "nickname" : "",
      "salutation" : "",
      "gender" : "",
      "type" : "C",
      "religion" : "",
      "dateOfBirth" : null,
      "placeOfBirth" : "",
      "socialSecurityNumber" : "",
      "socialSecurityDate" : null,
      "mediaObjectReference" : "",
      "lastUpdateDateTime" : "2017-12-17T00:00:00",
      "inputDateTime" : "2017-12-17T00:00:00",
      "_links" : {
        "self" : {
          "href" : "http://localhost/api/contacts/1051_0"
        },
        "contactPerson" : {
          "href" : "http://localhost/api/contacts/1051_0"
        },
        "master" : {
          "href" : "http://localhost/api/contacts/1051_0/master"
        }
      }
    }, {
      "inputUserId" : "QSA",
      "lastUpdateUserId" : "QSA",
      "computerId" : "GLSVR171217",
      "lastSynchronizedDate" : null,
      "addressNumber" : "1052",
      "sequence" : 0,
      "name" : "AI.Comp",
      "mailingName" : "AI.Comp",
      "description" : "",
      "firstName" : "",
      "middleName" : "",
      "lastName" : "",
      "nickname" : "",
      "salutation" : "",
      "gender" : "",
      "type" : "C",
      "religion" : "",
      "dateOfBirth" : null,
      "placeOfBirth" : "",
      "socialSecurityNumber" : "",
      "socialSecurityDate" : null,
      "mediaObjectReference" : "",
      "lastUpdateDateTime" : "2017-12-17T00:00:00",
      "inputDateTime" : "2017-12-17T00:00:00",
      "_links" : {
        "self" : {
          "href" : "http://localhost/api/contacts/1052_0"
        },
        "contactPerson" : {
          "href" : "http://localhost/api/contacts/1052_0"
        },
        "master" : {
          "href" : "http://localhost/api/contacts/1052_0/master"
        }
      }
    }, {
      "inputUserId" : "QSA",
      "lastUpdateUserId" : "QSA",
      "computerId" : "GLSVR171217",
      "lastSynchronizedDate" : null,
      "addressNumber" : "1053",
      "sequence" : 0,
      "name" : "Ainul Yakin",
      "mailingName" : "Ainul Yakin",
      "description" : "",
      "firstName" : "",
      "middleName" : "",
      "lastName" : "",
      "nickname" : "",
      "salutation" : "",
      "gender" : "",
      "type" : "C",
      "religion" : "",
      "dateOfBirth" : null,
      "placeOfBirth" : "",
      "socialSecurityNumber" : "",
      "socialSecurityDate" : null,
      "mediaObjectReference" : "",
      "lastUpdateDateTime" : "2017-12-17T00:00:00",
      "inputDateTime" : "2017-12-17T00:00:00",
      "_links" : {
        "self" : {
          "href" : "http://localhost/api/contacts/1053_0"
        },
        "contactPerson" : {
          "href" : "http://localhost/api/contacts/1053_0"
        },
        "master" : {
          "href" : "http://localhost/api/contacts/1053_0/master"
        }
      }
    }, {
      "inputUserId" : "QSA",
      "lastUpdateUserId" : "QSA",
      "computerId" : "GLSVR171217",
      "lastSynchronizedDate" : null,
      "addressNumber" : "1054",
      "sequence" : 0,
      "name" : "Ainur",
      "mailingName" : "Ainur",
      "description" : "",
      "firstName" : "",
      "middleName" : "",
      "lastName" : "",
      "nickname" : "",
      "salutation" : "",
      "gender" : "",
      "type" : "C",
      "religion" : "",
      "dateOfBirth" : null,
      "placeOfBirth" : "",
      "socialSecurityNumber" : "",
      "socialSecurityDate" : null,
      "mediaObjectReference" : "",
      "lastUpdateDateTime" : "2017-12-17T00:00:00",
      "inputDateTime" : "2017-12-17T00:00:00",
      "_links" : {
        "self" : {
          "href" : "http://localhost/api/contacts/1054_0"
        },
        "contactPerson" : {
          "href" : "http://localhost/api/contacts/1054_0"
        },
        "master" : {
          "href" : "http://localhost/api/contacts/1054_0/master"
        }
      }
    }, {
      "inputUserId" : "QSA",
      "lastUpdateUserId" : "QSA",
      "computerId" : "GLSVR171217",
      "lastSynchronizedDate" : null,
      "addressNumber" : "1055",
      "sequence" : 0,
      "name" : "Aipel Comp",
      "mailingName" : "Aipel Comp",
      "description" : "",
      "firstName" : "",
      "middleName" : "",
      "lastName" : "",
      "nickname" : "",
      "salutation" : "",
      "gender" : "",
      "type" : "C",
      "religion" : "",
      "dateOfBirth" : null,
      "placeOfBirth" : "",
      "socialSecurityNumber" : "",
      "socialSecurityDate" : null,
      "mediaObjectReference" : "",
      "lastUpdateDateTime" : "2017-12-17T00:00:00",
      "inputDateTime" : "2017-12-17T00:00:00",
      "_links" : {
        "self" : {
          "href" : "http://localhost/api/contacts/1055_0"
        },
        "contactPerson" : {
          "href" : "http://localhost/api/contacts/1055_0"
        },
        "master" : {
          "href" : "http://localhost/api/contacts/1055_0/master"
        }
      }
    }, {
      "inputUserId" : "QSA",
      "lastUpdateUserId" : "QSA",
      "computerId" : "GLSVR171217",
      "lastSynchronizedDate" : null,
      "addressNumber" : "1056",
      "sequence" : 0,
      "name" : "Aisyah",
      "mailingName" : "Aisyah",
      "description" : "",
      "firstName" : "",
      "middleName" : "",
      "lastName" : "",
      "nickname" : "",
      "salutation" : "",
      "gender" : "",
      "type" : "C",
      "religion" : "",
      "dateOfBirth" : null,
      "placeOfBirth" : "",
      "socialSecurityNumber" : "",
      "socialSecurityDate" : null,
      "mediaObjectReference" : "",
      "lastUpdateDateTime" : "2017-12-17T00:00:00",
      "inputDateTime" : "2017-12-17T00:00:00",
      "_links" : {
        "self" : {
          "href" : "http://localhost/api/contacts/1056_0"
        },
        "contactPerson" : {
          "href" : "http://localhost/api/contacts/1056_0"
        },
        "master" : {
          "href" : "http://localhost/api/contacts/1056_0/master"
        }
      }
    }, {
      "inputUserId" : "QSA",
      "lastUpdateUserId" : "QSA",
      "computerId" : "GLSVR171217",
      "lastSynchronizedDate" : null,
      "addressNumber" : "1057",
      "sequence" : 0,
      "name" : "AJC (Abadi Jaya Computer)",
      "mailingName" : "AJC (Abadi Jaya Computer)",
      "description" : "",
      "firstName" : "",
      "middleName" : "",
      "lastName" : "",
      "nickname" : "",
      "salutation" : "",
      "gender" : "",
      "type" : "C",
      "religion" : "",
      "dateOfBirth" : null,
      "placeOfBirth" : "",
      "socialSecurityNumber" : "",
      "socialSecurityDate" : null,
      "mediaObjectReference" : "",
      "lastUpdateDateTime" : "2017-12-17T00:00:00",
      "inputDateTime" : "2017-12-17T00:00:00",
      "_links" : {
        "self" : {
          "href" : "http://localhost/api/contacts/1057_0"
        },
        "contactPerson" : {
          "href" : "http://localhost/api/contacts/1057_0"
        },
        "master" : {
          "href" : "http://localhost/api/contacts/1057_0/master"
        }
      }
    }, {
      "inputUserId" : "QSA",
      "lastUpdateUserId" : "QSA",
      "computerId" : "GLSVR171217",
      "lastSynchronizedDate" : null,
      "addressNumber" : "1058",
      "sequence" : 0,
      "name" : "Ajisaka Setiawan",
      "mailingName" : "Ajisaka Setiawan",
      "description" : "",
      "firstName" : "",
      "middleName" : "",
      "lastName" : "",
      "nickname" : "",
      "salutation" : "",
      "gender" : "",
      "type" : "C",
      "religion" : "",
      "dateOfBirth" : null,
      "placeOfBirth" : "",
      "socialSecurityNumber" : "",
      "socialSecurityDate" : null,
      "mediaObjectReference" : "",
      "lastUpdateDateTime" : "2017-12-17T00:00:00",
      "inputDateTime" : "2017-12-17T00:00:00",
      "_links" : {
        "self" : {
          "href" : "http://localhost/api/contacts/1058_0"
        },
        "contactPerson" : {
          "href" : "http://localhost/api/contacts/1058_0"
        },
        "master" : {
          "href" : "http://localhost/api/contacts/1058_0/master"
        }
      }
    }, {
      "inputUserId" : "QSA",
      "lastUpdateUserId" : "QSA",
      "computerId" : "GLSVR171217",
      "lastSynchronizedDate" : null,
      "addressNumber" : "1059",
      "sequence" : 0,
      "name" : "Akbarindo",
      "mailingName" : "Akbarindo",
      "description" : "",
      "firstName" : "",
      "middleName" : "",
      "lastName" : "",
      "nickname" : "",
      "salutation" : "",
      "gender" : "",
      "type" : "C",
      "religion" : "",
      "dateOfBirth" : null,
      "placeOfBirth" : "",
      "socialSecurityNumber" : "",
      "socialSecurityDate" : null,
      "mediaObjectReference" : "",
      "lastUpdateDateTime" : "2017-12-17T00:00:00",
      "inputDateTime" : "2017-12-17T00:00:00",
      "_links" : {
        "self" : {
          "href" : "http://localhost/api/contacts/1059_0"
        },
        "contactPerson" : {
          "href" : "http://localhost/api/contacts/1059_0"
        },
        "master" : {
          "href" : "http://localhost/api/contacts/1059_0/master"
        }
      }
    }, {
      "inputUserId" : "QSA",
      "lastUpdateUserId" : "QSA",
      "computerId" : "GLSVR171217",
      "lastSynchronizedDate" : null,
      "addressNumber" : "1060",
      "sequence" : 0,
      "name" : "Akhfi",
      "mailingName" : "Akhfi",
      "description" : "",
      "firstName" : "",
      "middleName" : "",
      "lastName" : "",
      "nickname" : "",
      "salutation" : "",
      "gender" : "",
      "type" : "C",
      "religion" : "",
      "dateOfBirth" : null,
      "placeOfBirth" : "",
      "socialSecurityNumber" : "",
      "socialSecurityDate" : null,
      "mediaObjectReference" : "",
      "lastUpdateDateTime" : "2017-12-17T00:00:00",
      "inputDateTime" : "2017-12-17T00:00:00",
      "_links" : {
        "self" : {
          "href" : "http://localhost/api/contacts/1060_0"
        },
        "contactPerson" : {
          "href" : "http://localhost/api/contacts/1060_0"
        },
        "master" : {
          "href" : "http://localhost/api/contacts/1060_0/master"
        }
      }
    }, {
      "inputUserId" : "QSA",
      "lastUpdateUserId" : "QSA",
      "computerId" : "GLSVR171217",
      "lastSynchronizedDate" : null,
      "addressNumber" : "1061",
      "sequence" : 0,
      "name" : "Alam Raya",
      "mailingName" : "Alam Raya",
      "description" : "",
      "firstName" : "",
      "middleName" : "",
      "lastName" : "",
      "nickname" : "",
      "salutation" : "",
      "gender" : "",
      "type" : "C",
      "religion" : "",
      "dateOfBirth" : null,
      "placeOfBirth" : "",
      "socialSecurityNumber" : "",
      "socialSecurityDate" : null,
      "mediaObjectReference" : "",
      "lastUpdateDateTime" : "2017-12-17T00:00:00",
      "inputDateTime" : "2017-12-17T00:00:00",
      "_links" : {
        "self" : {
          "href" : "http://localhost/api/contacts/1061_0"
        },
        "contactPerson" : {
          "href" : "http://localhost/api/contacts/1061_0"
        },
        "master" : {
          "href" : "http://localhost/api/contacts/1061_0/master"
        }
      }
    }, {
      "inputUserId" : "QSA",
      "lastUpdateUserId" : "QSA",
      "computerId" : "GLSVR171217",
      "lastSynchronizedDate" : null,
      "addressNumber" : "1062",
      "sequence" : 0,
      "name" : "Alan Tan",
      "mailingName" : "Alan Tan",
      "description" : "",
      "firstName" : "",
      "middleName" : "",
      "lastName" : "",
      "nickname" : "",
      "salutation" : "",
      "gender" : "",
      "type" : "C",
      "religion" : "",
      "dateOfBirth" : null,
      "placeOfBirth" : "",
      "socialSecurityNumber" : "",
      "socialSecurityDate" : null,
      "mediaObjectReference" : "",
      "lastUpdateDateTime" : "2017-12-17T00:00:00",
      "inputDateTime" : "2017-12-17T00:00:00",
      "_links" : {
        "self" : {
          "href" : "http://localhost/api/contacts/1062_0"
        },
        "contactPerson" : {
          "href" : "http://localhost/api/contacts/1062_0"
        },
        "master" : {
          "href" : "http://localhost/api/contacts/1062_0/master"
        }
      }
    }, {
      "inputUserId" : "QSA",
      "lastUpdateUserId" : "QSA",
      "computerId" : "GLSVR171217",
      "lastSynchronizedDate" : null,
      "addressNumber" : "1063",
      "sequence" : 0,
      "name" : "Albin",
      "mailingName" : "Albin",
      "description" : "",
      "firstName" : "",
      "middleName" : "",
      "lastName" : "",
      "nickname" : "",
      "salutation" : "",
      "gender" : "",
      "type" : "C",
      "religion" : "",
      "dateOfBirth" : null,
      "placeOfBirth" : "",
      "socialSecurityNumber" : "",
      "socialSecurityDate" : null,
      "mediaObjectReference" : "",
      "lastUpdateDateTime" : "2017-12-17T00:00:00",
      "inputDateTime" : "2017-12-17T00:00:00",
      "_links" : {
        "self" : {
          "href" : "http://localhost/api/contacts/1063_0"
        },
        "contactPerson" : {
          "href" : "http://localhost/api/contacts/1063_0"
        },
        "master" : {
          "href" : "http://localhost/api/contacts/1063_0/master"
        }
      }
    }, {
      "inputUserId" : "QSA",
      "lastUpdateUserId" : "QSA",
      "computerId" : "GLSVR171217",
      "lastSynchronizedDate" : null,
      "addressNumber" : "1064",
      "sequence" : 0,
      "name" : "Aldion",
      "mailingName" : "Aldion",
      "description" : "",
      "firstName" : "",
      "middleName" : "",
      "lastName" : "",
      "nickname" : "",
      "salutation" : "",
      "gender" : "",
      "type" : "C",
      "religion" : "",
      "dateOfBirth" : null,
      "placeOfBirth" : "",
      "socialSecurityNumber" : "",
      "socialSecurityDate" : null,
      "mediaObjectReference" : "",
      "lastUpdateDateTime" : "2017-12-17T00:00:00",
      "inputDateTime" : "2017-12-17T00:00:00",
      "_links" : {
        "self" : {
          "href" : "http://localhost/api/contacts/1064_0"
        },
        "contactPerson" : {
          "href" : "http://localhost/api/contacts/1064_0"
        },
        "master" : {
          "href" : "http://localhost/api/contacts/1064_0/master"
        }
      }
    }, {
      "inputUserId" : "QSA",
      "lastUpdateUserId" : "QSA",
      "computerId" : "GLSVR171217",
      "lastSynchronizedDate" : null,
      "addressNumber" : "1065",
      "sequence" : 0,
      "name" : "Alexz",
      "mailingName" : "Alexz",
      "description" : "",
      "firstName" : "",
      "middleName" : "",
      "lastName" : "",
      "nickname" : "",
      "salutation" : "",
      "gender" : "",
      "type" : "C",
      "religion" : "",
      "dateOfBirth" : null,
      "placeOfBirth" : "",
      "socialSecurityNumber" : "",
      "socialSecurityDate" : null,
      "mediaObjectReference" : "",
      "lastUpdateDateTime" : "2017-12-17T00:00:00",
      "inputDateTime" : "2017-12-17T00:00:00",
      "_links" : {
        "self" : {
          "href" : "http://localhost/api/contacts/1065_0"
        },
        "contactPerson" : {
          "href" : "http://localhost/api/contacts/1065_0"
        },
        "master" : {
          "href" : "http://localhost/api/contacts/1065_0/master"
        }
      }
    }, {
      "inputUserId" : "QSA",
      "lastUpdateUserId" : "QSA",
      "computerId" : "GLSVR171217",
      "lastSynchronizedDate" : null,
      "addressNumber" : "1066",
      "sequence" : 0,
      "name" : "Alfa Ink",
      "mailingName" : "Alfa Ink",
      "description" : "",
      "firstName" : "",
      "middleName" : "",
      "lastName" : "",
      "nickname" : "",
      "salutation" : "",
      "gender" : "",
      "type" : "C",
      "religion" : "",
      "dateOfBirth" : null,
      "placeOfBirth" : "",
      "socialSecurityNumber" : "",
      "socialSecurityDate" : null,
      "mediaObjectReference" : "",
      "lastUpdateDateTime" : "2017-12-17T00:00:00",
      "inputDateTime" : "2017-12-17T00:00:00",
      "_links" : {
        "self" : {
          "href" : "http://localhost/api/contacts/1066_0"
        },
        "contactPerson" : {
          "href" : "http://localhost/api/contacts/1066_0"
        },
        "master" : {
          "href" : "http://localhost/api/contacts/1066_0/master"
        }
      }
    }, {
      "inputUserId" : "QSA",
      "lastUpdateUserId" : "QSA",
      "computerId" : "GLSVR171217",
      "lastSynchronizedDate" : null,
      "addressNumber" : "1067",
      "sequence" : 0,
      "name" : "Alfa Omega",
      "mailingName" : "Alfa Omega",
      "description" : "",
      "firstName" : "",
      "middleName" : "",
      "lastName" : "",
      "nickname" : "",
      "salutation" : "",
      "gender" : "",
      "type" : "C",
      "religion" : "",
      "dateOfBirth" : null,
      "placeOfBirth" : "",
      "socialSecurityNumber" : "",
      "socialSecurityDate" : null,
      "mediaObjectReference" : "",
      "lastUpdateDateTime" : "2017-12-17T00:00:00",
      "inputDateTime" : "2017-12-17T00:00:00",
      "_links" : {
        "self" : {
          "href" : "http://localhost/api/contacts/1067_0"
        },
        "contactPerson" : {
          "href" : "http://localhost/api/contacts/1067_0"
        },
        "master" : {
          "href" : "http://localhost/api/contacts/1067_0/master"
        }
      }
    }, {
      "inputUserId" : "QSA",
      "lastUpdateUserId" : "QSA",
      "computerId" : "GLSVR171217",
      "lastSynchronizedDate" : null,
      "addressNumber" : "1068",
      "sequence" : 0,
      "name" : "Alfa Sparepart",
      "mailingName" : "Alfa Sparepart",
      "description" : "",
      "firstName" : "",
      "middleName" : "",
      "lastName" : "",
      "nickname" : "",
      "salutation" : "",
      "gender" : "",
      "type" : "C",
      "religion" : "",
      "dateOfBirth" : null,
      "placeOfBirth" : "",
      "socialSecurityNumber" : "",
      "socialSecurityDate" : null,
      "mediaObjectReference" : "",
      "lastUpdateDateTime" : "2017-12-17T00:00:00",
      "inputDateTime" : "2017-12-17T00:00:00",
      "_links" : {
        "self" : {
          "href" : "http://localhost/api/contacts/1068_0"
        },
        "contactPerson" : {
          "href" : "http://localhost/api/contacts/1068_0"
        },
        "master" : {
          "href" : "http://localhost/api/contacts/1068_0/master"
        }
      }
    }, {
      "inputUserId" : "QSA",
      "lastUpdateUserId" : "QSA",
      "computerId" : "GLSVR171217",
      "lastSynchronizedDate" : null,
      "addressNumber" : "1069",
      "sequence" : 0,
      "name" : "Alfapron",
      "mailingName" : "Alfapron",
      "description" : "",
      "firstName" : "",
      "middleName" : "",
      "lastName" : "",
      "nickname" : "",
      "salutation" : "",
      "gender" : "",
      "type" : "C",
      "religion" : "",
      "dateOfBirth" : null,
      "placeOfBirth" : "",
      "socialSecurityNumber" : "",
      "socialSecurityDate" : null,
      "mediaObjectReference" : "",
      "lastUpdateDateTime" : "2017-12-17T00:00:00",
      "inputDateTime" : "2017-12-17T00:00:00",
      "_links" : {
        "self" : {
          "href" : "http://localhost/api/contacts/1069_0"
        },
        "contactPerson" : {
          "href" : "http://localhost/api/contacts/1069_0"
        },
        "master" : {
          "href" : "http://localhost/api/contacts/1069_0/master"
        }
      }
    }, {
      "inputUserId" : "QSA",
      "lastUpdateUserId" : "QSA",
      "computerId" : "GLSVR171217",
      "lastSynchronizedDate" : null,
      "addressNumber" : "1070",
      "sequence" : 0,
      "name" : "Alfian",
      "mailingName" : "Alfian",
      "description" : "",
      "firstName" : "",
      "middleName" : "",
      "lastName" : "",
      "nickname" : "",
      "salutation" : "",
      "gender" : "",
      "type" : "C",
      "religion" : "",
      "dateOfBirth" : null,
      "placeOfBirth" : "",
      "socialSecurityNumber" : "",
      "socialSecurityDate" : null,
      "mediaObjectReference" : "",
      "lastUpdateDateTime" : "2017-12-17T00:00:00",
      "inputDateTime" : "2017-12-17T00:00:00",
      "_links" : {
        "self" : {
          "href" : "http://localhost/api/contacts/1070_0"
        },
        "contactPerson" : {
          "href" : "http://localhost/api/contacts/1070_0"
        },
        "master" : {
          "href" : "http://localhost/api/contacts/1070_0/master"
        }
      }
    }, {
      "inputUserId" : "QSA",
      "lastUpdateUserId" : "QSA",
      "computerId" : "GLSVR171217",
      "lastSynchronizedDate" : null,
      "addressNumber" : "1071",
      "sequence" : 0,
      "name" : "Ali",
      "mailingName" : "Ali",
      "description" : "",
      "firstName" : "",
      "middleName" : "",
      "lastName" : "",
      "nickname" : "",
      "salutation" : "",
      "gender" : "",
      "type" : "C",
      "religion" : "",
      "dateOfBirth" : null,
      "placeOfBirth" : "",
      "socialSecurityNumber" : "",
      "socialSecurityDate" : null,
      "mediaObjectReference" : "",
      "lastUpdateDateTime" : "2017-12-17T00:00:00",
      "inputDateTime" : "2017-12-17T00:00:00",
      "_links" : {
        "self" : {
          "href" : "http://localhost/api/contacts/1071_0"
        },
        "contactPerson" : {
          "href" : "http://localhost/api/contacts/1071_0"
        },
        "master" : {
          "href" : "http://localhost/api/contacts/1071_0/master"
        }
      }
    }, {
      "inputUserId" : "QSA",
      "lastUpdateUserId" : "QSA",
      "computerId" : "GLSVR171217",
      "lastSynchronizedDate" : null,
      "addressNumber" : "1072",
      "sequence" : 0,
      "name" : "Ali Mubarok(Risti Handayani) Tokopedia",
      "mailingName" : "Ali Mubarok(Risti Handayani) Tokopedia",
      "description" : "",
      "firstName" : "",
      "middleName" : "",
      "lastName" : "",
      "nickname" : "",
      "salutation" : "",
      "gender" : "",
      "type" : "C",
      "religion" : "",
      "dateOfBirth" : null,
      "placeOfBirth" : "",
      "socialSecurityNumber" : "",
      "socialSecurityDate" : null,
      "mediaObjectReference" : "",
      "lastUpdateDateTime" : "2017-12-17T00:00:00",
      "inputDateTime" : "2017-12-17T00:00:00",
      "_links" : {
        "self" : {
          "href" : "http://localhost/api/contacts/1072_0"
        },
        "contactPerson" : {
          "href" : "http://localhost/api/contacts/1072_0"
        },
        "master" : {
          "href" : "http://localhost/api/contacts/1072_0/master"
        }
      }
    }, {
      "inputUserId" : "QSA",
      "lastUpdateUserId" : "QSA",
      "computerId" : "GLSVR171217",
      "lastSynchronizedDate" : null,
      "addressNumber" : "1073",
      "sequence" : 0,
      "name" : "Al-Irsyad",
      "mailingName" : "Al-Irsyad",
      "description" : "",
      "firstName" : "",
      "middleName" : "",
      "lastName" : "",
      "nickname" : "",
      "salutation" : "",
      "gender" : "",
      "type" : "C",
      "religion" : "",
      "dateOfBirth" : null,
      "placeOfBirth" : "",
      "socialSecurityNumber" : "",
      "socialSecurityDate" : null,
      "mediaObjectReference" : "",
      "lastUpdateDateTime" : "2017-12-17T00:00:00",
      "inputDateTime" : "2017-12-17T00:00:00",
      "_links" : {
        "self" : {
          "href" : "http://localhost/api/contacts/1073_0"
        },
        "contactPerson" : {
          "href" : "http://localhost/api/contacts/1073_0"
        },
        "master" : {
          "href" : "http://localhost/api/contacts/1073_0/master"
        }
      }
    }, {
      "inputUserId" : "QSA",
      "lastUpdateUserId" : "QSA",
      "computerId" : "GLSVR171217",
      "lastSynchronizedDate" : null,
      "addressNumber" : "1074",
      "sequence" : 0,
      "name" : "Altara",
      "mailingName" : "Altara",
      "description" : "",
      "firstName" : "",
      "middleName" : "",
      "lastName" : "",
      "nickname" : "",
      "salutation" : "",
      "gender" : "",
      "type" : "C",
      "religion" : "",
      "dateOfBirth" : null,
      "placeOfBirth" : "",
      "socialSecurityNumber" : "",
      "socialSecurityDate" : null,
      "mediaObjectReference" : "",
      "lastUpdateDateTime" : "2017-12-17T00:00:00",
      "inputDateTime" : "2017-12-17T00:00:00",
      "_links" : {
        "self" : {
          "href" : "http://localhost/api/contacts/1074_0"
        },
        "contactPerson" : {
          "href" : "http://localhost/api/contacts/1074_0"
        },
        "master" : {
          "href" : "http://localhost/api/contacts/1074_0/master"
        }
      }
    }, {
      "inputUserId" : "QSA",
      "lastUpdateUserId" : "QSA",
      "computerId" : "GLSVR171217",
      "lastSynchronizedDate" : null,
      "addressNumber" : "1075",
      "sequence" : 0,
      "name" : "Altek",
      "mailingName" : "Altek",
      "description" : "",
      "firstName" : "",
      "middleName" : "",
      "lastName" : "",
      "nickname" : "",
      "salutation" : "",
      "gender" : "",
      "type" : "C",
      "religion" : "",
      "dateOfBirth" : null,
      "placeOfBirth" : "",
      "socialSecurityNumber" : "",
      "socialSecurityDate" : null,
      "mediaObjectReference" : "",
      "lastUpdateDateTime" : "2017-12-17T00:00:00",
      "inputDateTime" : "2017-12-17T00:00:00",
      "_links" : {
        "self" : {
          "href" : "http://localhost/api/contacts/1075_0"
        },
        "contactPerson" : {
          "href" : "http://localhost/api/contacts/1075_0"
        },
        "master" : {
          "href" : "http://localhost/api/contacts/1075_0/master"
        }
      }
    }, {
      "inputUserId" : "QSA",
      "lastUpdateUserId" : "QSA",
      "computerId" : "GLSVR171217",
      "lastSynchronizedDate" : null,
      "addressNumber" : "1076",
      "sequence" : 0,
      "name" : "Alvaruq",
      "mailingName" : "Alvaruq",
      "description" : "",
      "firstName" : "",
      "middleName" : "",
      "lastName" : "",
      "nickname" : "",
      "salutation" : "",
      "gender" : "",
      "type" : "C",
      "religion" : "",
      "dateOfBirth" : null,
      "placeOfBirth" : "",
      "socialSecurityNumber" : "",
      "socialSecurityDate" : null,
      "mediaObjectReference" : "",
      "lastUpdateDateTime" : "2017-12-17T00:00:00",
      "inputDateTime" : "2017-12-17T00:00:00",
      "_links" : {
        "self" : {
          "href" : "http://localhost/api/contacts/1076_0"
        },
        "contactPerson" : {
          "href" : "http://localhost/api/contacts/1076_0"
        },
        "master" : {
          "href" : "http://localhost/api/contacts/1076_0/master"
        }
      }
    }, {
      "inputUserId" : "QSA",
      "lastUpdateUserId" : "QSA",
      "computerId" : "GLSVR171217",
      "lastSynchronizedDate" : null,
      "addressNumber" : "1077",
      "sequence" : 0,
      "name" : "Alwi",
      "mailingName" : "Alwi",
      "description" : "",
      "firstName" : "",
      "middleName" : "",
      "lastName" : "",
      "nickname" : "",
      "salutation" : "",
      "gender" : "",
      "type" : "C",
      "religion" : "",
      "dateOfBirth" : null,
      "placeOfBirth" : "",
      "socialSecurityNumber" : "",
      "socialSecurityDate" : null,
      "mediaObjectReference" : "",
      "lastUpdateDateTime" : "2017-12-17T00:00:00",
      "inputDateTime" : "2017-12-17T00:00:00",
      "_links" : {
        "self" : {
          "href" : "http://localhost/api/contacts/1077_0"
        },
        "contactPerson" : {
          "href" : "http://localhost/api/contacts/1077_0"
        },
        "master" : {
          "href" : "http://localhost/api/contacts/1077_0/master"
        }
      }
    }, {
      "inputUserId" : "QSA",
      "lastUpdateUserId" : "QSA",
      "computerId" : "GLSVR171217",
      "lastSynchronizedDate" : null,
      "addressNumber" : "1078",
      "sequence" : 0,
      "name" : "Alwin",
      "mailingName" : "Alwin",
      "description" : "",
      "firstName" : "",
      "middleName" : "",
      "lastName" : "",
      "nickname" : "",
      "salutation" : "",
      "gender" : "",
      "type" : "C",
      "religion" : "",
      "dateOfBirth" : null,
      "placeOfBirth" : "",
      "socialSecurityNumber" : "",
      "socialSecurityDate" : null,
      "mediaObjectReference" : "",
      "lastUpdateDateTime" : "2017-12-17T00:00:00",
      "inputDateTime" : "2017-12-17T00:00:00",
      "_links" : {
        "self" : {
          "href" : "http://localhost/api/contacts/1078_0"
        },
        "contactPerson" : {
          "href" : "http://localhost/api/contacts/1078_0"
        },
        "master" : {
          "href" : "http://localhost/api/contacts/1078_0/master"
        }
      }
    }, {
      "inputUserId" : "QSA",
      "lastUpdateUserId" : "QSA",
      "computerId" : "GLSVR171217",
      "lastSynchronizedDate" : null,
      "addressNumber" : "1079",
      "sequence" : 0,
      "name" : "Amalia Hanny",
      "mailingName" : "Amalia Hanny",
      "description" : "",
      "firstName" : "",
      "middleName" : "",
      "lastName" : "",
      "nickname" : "",
      "salutation" : "",
      "gender" : "",
      "type" : "C",
      "religion" : "",
      "dateOfBirth" : null,
      "placeOfBirth" : "",
      "socialSecurityNumber" : "",
      "socialSecurityDate" : null,
      "mediaObjectReference" : "",
      "lastUpdateDateTime" : "2017-12-17T00:00:00",
      "inputDateTime" : "2017-12-17T00:00:00",
      "_links" : {
        "self" : {
          "href" : "http://localhost/api/contacts/1079_0"
        },
        "contactPerson" : {
          "href" : "http://localhost/api/contacts/1079_0"
        },
        "master" : {
          "href" : "http://localhost/api/contacts/1079_0/master"
        }
      }
    }, {
      "inputUserId" : "QSA",
      "lastUpdateUserId" : "QSA",
      "computerId" : "GLSVR171217",
      "lastSynchronizedDate" : null,
      "addressNumber" : "1080",
      "sequence" : 0,
      "name" : "Amar",
      "mailingName" : "Amar",
      "description" : "",
      "firstName" : "",
      "middleName" : "",
      "lastName" : "",
      "nickname" : "",
      "salutation" : "",
      "gender" : "",
      "type" : "C",
      "religion" : "",
      "dateOfBirth" : null,
      "placeOfBirth" : "",
      "socialSecurityNumber" : "",
      "socialSecurityDate" : null,
      "mediaObjectReference" : "",
      "lastUpdateDateTime" : "2017-12-17T00:00:00",
      "inputDateTime" : "2017-12-17T00:00:00",
      "_links" : {
        "self" : {
          "href" : "http://localhost/api/contacts/1080_0"
        },
        "contactPerson" : {
          "href" : "http://localhost/api/contacts/1080_0"
        },
        "master" : {
          "href" : "http://localhost/api/contacts/1080_0/master"
        }
      }
    }, {
      "inputUserId" : "QSA",
      "lastUpdateUserId" : "QSA",
      "computerId" : "GLSVR171217",
      "lastSynchronizedDate" : null,
      "addressNumber" : "1081",
      "sequence" : 0,
      "name" : "Ambassador",
      "mailingName" : "Ambassador",
      "description" : "",
      "firstName" : "",
      "middleName" : "",
      "lastName" : "",
      "nickname" : "",
      "salutation" : "",
      "gender" : "",
      "type" : "C",
      "religion" : "",
      "dateOfBirth" : null,
      "placeOfBirth" : "",
      "socialSecurityNumber" : "",
      "socialSecurityDate" : null,
      "mediaObjectReference" : "",
      "lastUpdateDateTime" : "2017-12-17T00:00:00",
      "inputDateTime" : "2017-12-17T00:00:00",
      "_links" : {
        "self" : {
          "href" : "http://localhost/api/contacts/1081_0"
        },
        "contactPerson" : {
          "href" : "http://localhost/api/contacts/1081_0"
        },
        "master" : {
          "href" : "http://localhost/api/contacts/1081_0/master"
        }
      }
    }, {
      "inputUserId" : "QSA",
      "lastUpdateUserId" : "QSA",
      "computerId" : "GLSVR171217",
      "lastSynchronizedDate" : null,
      "addressNumber" : "1082",
      "sequence" : 0,
      "name" : "Amir",
      "mailingName" : "Amir",
      "description" : "",
      "firstName" : "",
      "middleName" : "",
      "lastName" : "",
      "nickname" : "",
      "salutation" : "",
      "gender" : "",
      "type" : "C",
      "religion" : "",
      "dateOfBirth" : null,
      "placeOfBirth" : "",
      "socialSecurityNumber" : "",
      "socialSecurityDate" : null,
      "mediaObjectReference" : "",
      "lastUpdateDateTime" : "2017-12-17T00:00:00",
      "inputDateTime" : "2017-12-17T00:00:00",
      "_links" : {
        "self" : {
          "href" : "http://localhost/api/contacts/1082_0"
        },
        "contactPerson" : {
          "href" : "http://localhost/api/contacts/1082_0"
        },
        "master" : {
          "href" : "http://localhost/api/contacts/1082_0/master"
        }
      }
    }, {
      "inputUserId" : "QSA",
      "lastUpdateUserId" : "QSA",
      "computerId" : "GLSVR171217",
      "lastSynchronizedDate" : null,
      "addressNumber" : "1083",
      "sequence" : 0,
      "name" : "Amri",
      "mailingName" : "Amri",
      "description" : "",
      "firstName" : "",
      "middleName" : "",
      "lastName" : "",
      "nickname" : "",
      "salutation" : "",
      "gender" : "",
      "type" : "C",
      "religion" : "",
      "dateOfBirth" : null,
      "placeOfBirth" : "",
      "socialSecurityNumber" : "",
      "socialSecurityDate" : null,
      "mediaObjectReference" : "",
      "lastUpdateDateTime" : "2017-12-17T00:00:00",
      "inputDateTime" : "2017-12-17T00:00:00",
      "_links" : {
        "self" : {
          "href" : "http://localhost/api/contacts/1083_0"
        },
        "contactPerson" : {
          "href" : "http://localhost/api/contacts/1083_0"
        },
        "master" : {
          "href" : "http://localhost/api/contacts/1083_0/master"
        }
      }
    }, {
      "inputUserId" : "QSA",
      "lastUpdateUserId" : "QSA",
      "computerId" : "GLSVR171217",
      "lastSynchronizedDate" : null,
      "addressNumber" : "1084",
      "sequence" : 0,
      "name" : "Amshop SC",
      "mailingName" : "Amshop SC",
      "description" : "",
      "firstName" : "",
      "middleName" : "",
      "lastName" : "",
      "nickname" : "",
      "salutation" : "",
      "gender" : "",
      "type" : "C",
      "religion" : "",
      "dateOfBirth" : null,
      "placeOfBirth" : "",
      "socialSecurityNumber" : "",
      "socialSecurityDate" : null,
      "mediaObjectReference" : "",
      "lastUpdateDateTime" : "2017-12-17T00:00:00",
      "inputDateTime" : "2017-12-17T00:00:00",
      "_links" : {
        "self" : {
          "href" : "http://localhost/api/contacts/1084_0"
        },
        "contactPerson" : {
          "href" : "http://localhost/api/contacts/1084_0"
        },
        "master" : {
          "href" : "http://localhost/api/contacts/1084_0/master"
        }
      }
    }, {
      "inputUserId" : "QSA",
      "lastUpdateUserId" : "QSA",
      "computerId" : "GLSVR171217",
      "lastSynchronizedDate" : null,
      "addressNumber" : "1085",
      "sequence" : 0,
      "name" : "Ana",
      "mailingName" : "Ana",
      "description" : "",
      "firstName" : "",
      "middleName" : "",
      "lastName" : "",
      "nickname" : "",
      "salutation" : "",
      "gender" : "",
      "type" : "C",
      "religion" : "",
      "dateOfBirth" : null,
      "placeOfBirth" : "",
      "socialSecurityNumber" : "",
      "socialSecurityDate" : null,
      "mediaObjectReference" : "",
      "lastUpdateDateTime" : "2017-12-17T00:00:00",
      "inputDateTime" : "2017-12-17T00:00:00",
      "_links" : {
        "self" : {
          "href" : "http://localhost/api/contacts/1085_0"
        },
        "contactPerson" : {
          "href" : "http://localhost/api/contacts/1085_0"
        },
        "master" : {
          "href" : "http://localhost/api/contacts/1085_0/master"
        }
      }
    }, {
      "inputUserId" : "QSA",
      "lastUpdateUserId" : "QSA",
      "computerId" : "GLSVR171217",
      "lastSynchronizedDate" : null,
      "addressNumber" : "1086",
      "sequence" : 0,
      "name" : "Ana Febri",
      "mailingName" : "Ana Febri",
      "description" : "",
      "firstName" : "",
      "middleName" : "",
      "lastName" : "",
      "nickname" : "",
      "salutation" : "",
      "gender" : "",
      "type" : "C",
      "religion" : "",
      "dateOfBirth" : null,
      "placeOfBirth" : "",
      "socialSecurityNumber" : "",
      "socialSecurityDate" : null,
      "mediaObjectReference" : "",
      "lastUpdateDateTime" : "2017-12-17T00:00:00",
      "inputDateTime" : "2017-12-17T00:00:00",
      "_links" : {
        "self" : {
          "href" : "http://localhost/api/contacts/1086_0"
        },
        "contactPerson" : {
          "href" : "http://localhost/api/contacts/1086_0"
        },
        "master" : {
          "href" : "http://localhost/api/contacts/1086_0/master"
        }
      }
    }, {
      "inputUserId" : "QSA",
      "lastUpdateUserId" : "QSA",
      "computerId" : "GLSVR171217",
      "lastSynchronizedDate" : null,
      "addressNumber" : "1087",
      "sequence" : 0,
      "name" : "Anb Computer",
      "mailingName" : "Anb Computer",
      "description" : "",
      "firstName" : "",
      "middleName" : "",
      "lastName" : "",
      "nickname" : "",
      "salutation" : "",
      "gender" : "",
      "type" : "C",
      "religion" : "",
      "dateOfBirth" : null,
      "placeOfBirth" : "",
      "socialSecurityNumber" : "",
      "socialSecurityDate" : null,
      "mediaObjectReference" : "",
      "lastUpdateDateTime" : "2017-12-17T00:00:00",
      "inputDateTime" : "2017-12-17T00:00:00",
      "_links" : {
        "self" : {
          "href" : "http://localhost/api/contacts/1087_0"
        },
        "contactPerson" : {
          "href" : "http://localhost/api/contacts/1087_0"
        },
        "master" : {
          "href" : "http://localhost/api/contacts/1087_0/master"
        }
      }
    }, {
      "inputUserId" : "QSA",
      "lastUpdateUserId" : "QSA",
      "computerId" : "GLSVR171217",
      "lastSynchronizedDate" : null,
      "addressNumber" : "1088",
      "sequence" : 0,
      "name" : "Andayani",
      "mailingName" : "Andayani",
      "description" : "",
      "firstName" : "",
      "middleName" : "",
      "lastName" : "",
      "nickname" : "",
      "salutation" : "",
      "gender" : "",
      "type" : "C",
      "religion" : "",
      "dateOfBirth" : null,
      "placeOfBirth" : "",
      "socialSecurityNumber" : "",
      "socialSecurityDate" : null,
      "mediaObjectReference" : "",
      "lastUpdateDateTime" : "2017-12-17T00:00:00",
      "inputDateTime" : "2017-12-17T00:00:00",
      "_links" : {
        "self" : {
          "href" : "http://localhost/api/contacts/1088_0"
        },
        "contactPerson" : {
          "href" : "http://localhost/api/contacts/1088_0"
        },
        "master" : {
          "href" : "http://localhost/api/contacts/1088_0/master"
        }
      }
    }, {
      "inputUserId" : "QSA",
      "lastUpdateUserId" : "QSA",
      "computerId" : "GLSVR171217",
      "lastSynchronizedDate" : null,
      "addressNumber" : "1089",
      "sequence" : 0,
      "name" : "Andi",
      "mailingName" : "Andi",
      "description" : "",
      "firstName" : "",
      "middleName" : "",
      "lastName" : "",
      "nickname" : "",
      "salutation" : "",
      "gender" : "",
      "type" : "C",
      "religion" : "",
      "dateOfBirth" : null,
      "placeOfBirth" : "",
      "socialSecurityNumber" : "",
      "socialSecurityDate" : null,
      "mediaObjectReference" : "",
      "lastUpdateDateTime" : "2017-12-17T00:00:00",
      "inputDateTime" : "2017-12-17T00:00:00",
      "_links" : {
        "self" : {
          "href" : "http://localhost/api/contacts/1089_0"
        },
        "contactPerson" : {
          "href" : "http://localhost/api/contacts/1089_0"
        },
        "master" : {
          "href" : "http://localhost/api/contacts/1089_0/master"
        }
      }
    }, {
      "inputUserId" : "QSA",
      "lastUpdateUserId" : "QSA",
      "computerId" : "GLSVR171217",
      "lastSynchronizedDate" : null,
      "addressNumber" : "1090",
      "sequence" : 0,
      "name" : "Andi Heru Prasetyo",
      "mailingName" : "Andi Heru Prasetyo",
      "description" : "",
      "firstName" : "",
      "middleName" : "",
      "lastName" : "",
      "nickname" : "",
      "salutation" : "",
      "gender" : "",
      "type" : "C",
      "religion" : "",
      "dateOfBirth" : null,
      "placeOfBirth" : "",
      "socialSecurityNumber" : "",
      "socialSecurityDate" : null,
      "mediaObjectReference" : "",
      "lastUpdateDateTime" : "2017-12-17T00:00:00",
      "inputDateTime" : "2017-12-17T00:00:00",
      "_links" : {
        "self" : {
          "href" : "http://localhost/api/contacts/1090_0"
        },
        "contactPerson" : {
          "href" : "http://localhost/api/contacts/1090_0"
        },
        "master" : {
          "href" : "http://localhost/api/contacts/1090_0/master"
        }
      }
    }, {
      "inputUserId" : "QSA",
      "lastUpdateUserId" : "QSA",
      "computerId" : "GLSVR171217",
      "lastSynchronizedDate" : null,
      "addressNumber" : "1091",
      "sequence" : 0,
      "name" : "Andik",
      "mailingName" : "Andik",
      "description" : "",
      "firstName" : "",
      "middleName" : "",
      "lastName" : "",
      "nickname" : "",
      "salutation" : "",
      "gender" : "",
      "type" : "C",
      "religion" : "",
      "dateOfBirth" : null,
      "placeOfBirth" : "",
      "socialSecurityNumber" : "",
      "socialSecurityDate" : null,
      "mediaObjectReference" : "",
      "lastUpdateDateTime" : "2017-12-17T00:00:00",
      "inputDateTime" : "2017-12-17T00:00:00",
      "_links" : {
        "self" : {
          "href" : "http://localhost/api/contacts/1091_0"
        },
        "contactPerson" : {
          "href" : "http://localhost/api/contacts/1091_0"
        },
        "master" : {
          "href" : "http://localhost/api/contacts/1091_0/master"
        }
      }
    }, {
      "inputUserId" : "QSA",
      "lastUpdateUserId" : "QSA",
      "computerId" : "GLSVR171217",
      "lastSynchronizedDate" : null,
      "addressNumber" : "1092",
      "sequence" : 0,
      "name" : "Andik Sejahtera",
      "mailingName" : "Andik Sejahtera",
      "description" : "",
      "firstName" : "",
      "middleName" : "",
      "lastName" : "",
      "nickname" : "",
      "salutation" : "",
      "gender" : "",
      "type" : "C",
      "religion" : "",
      "dateOfBirth" : null,
      "placeOfBirth" : "",
      "socialSecurityNumber" : "",
      "socialSecurityDate" : null,
      "mediaObjectReference" : "",
      "lastUpdateDateTime" : "2017-12-17T00:00:00",
      "inputDateTime" : "2017-12-17T00:00:00",
      "_links" : {
        "self" : {
          "href" : "http://localhost/api/contacts/1092_0"
        },
        "contactPerson" : {
          "href" : "http://localhost/api/contacts/1092_0"
        },
        "master" : {
          "href" : "http://localhost/api/contacts/1092_0/master"
        }
      }
    }, {
      "inputUserId" : "QSA",
      "lastUpdateUserId" : "QSA",
      "computerId" : "GLSVR171217",
      "lastSynchronizedDate" : null,
      "addressNumber" : "1093",
      "sequence" : 0,
      "name" : "Andineru",
      "mailingName" : "Andineru",
      "description" : "",
      "firstName" : "",
      "middleName" : "",
      "lastName" : "",
      "nickname" : "",
      "salutation" : "",
      "gender" : "",
      "type" : "C",
      "religion" : "",
      "dateOfBirth" : null,
      "placeOfBirth" : "",
      "socialSecurityNumber" : "",
      "socialSecurityDate" : null,
      "mediaObjectReference" : "",
      "lastUpdateDateTime" : "2017-12-17T00:00:00",
      "inputDateTime" : "2017-12-17T00:00:00",
      "_links" : {
        "self" : {
          "href" : "http://localhost/api/contacts/1093_0"
        },
        "contactPerson" : {
          "href" : "http://localhost/api/contacts/1093_0"
        },
        "master" : {
          "href" : "http://localhost/api/contacts/1093_0/master"
        }
      }
    }, {
      "inputUserId" : "QSA",
      "lastUpdateUserId" : "QSA",
      "computerId" : "GLSVR171217",
      "lastSynchronizedDate" : null,
      "addressNumber" : "1094",
      "sequence" : 0,
      "name" : "Andre 1",
      "mailingName" : "Andre 1",
      "description" : "",
      "firstName" : "",
      "middleName" : "",
      "lastName" : "",
      "nickname" : "",
      "salutation" : "",
      "gender" : "",
      "type" : "C",
      "religion" : "",
      "dateOfBirth" : null,
      "placeOfBirth" : "",
      "socialSecurityNumber" : "",
      "socialSecurityDate" : null,
      "mediaObjectReference" : "",
      "lastUpdateDateTime" : "2017-12-17T00:00:00",
      "inputDateTime" : "2017-12-17T00:00:00",
      "_links" : {
        "self" : {
          "href" : "http://localhost/api/contacts/1094_0"
        },
        "contactPerson" : {
          "href" : "http://localhost/api/contacts/1094_0"
        },
        "master" : {
          "href" : "http://localhost/api/contacts/1094_0/master"
        }
      }
    }, {
      "inputUserId" : "QSA",
      "lastUpdateUserId" : "QSA",
      "computerId" : "GLSVR171217",
      "lastSynchronizedDate" : null,
      "addressNumber" : "1095",
      "sequence" : 0,
      "name" : "Andre 2",
      "mailingName" : "Andre 2",
      "description" : "",
      "firstName" : "",
      "middleName" : "",
      "lastName" : "",
      "nickname" : "",
      "salutation" : "",
      "gender" : "",
      "type" : "C",
      "religion" : "",
      "dateOfBirth" : null,
      "placeOfBirth" : "",
      "socialSecurityNumber" : "",
      "socialSecurityDate" : null,
      "mediaObjectReference" : "",
      "lastUpdateDateTime" : "2017-12-17T00:00:00",
      "inputDateTime" : "2017-12-17T00:00:00",
      "_links" : {
        "self" : {
          "href" : "http://localhost/api/contacts/1095_0"
        },
        "contactPerson" : {
          "href" : "http://localhost/api/contacts/1095_0"
        },
        "master" : {
          "href" : "http://localhost/api/contacts/1095_0/master"
        }
      }
    }, {
      "inputUserId" : "QSA",
      "lastUpdateUserId" : "QSA",
      "computerId" : "GLSVR171217",
      "lastSynchronizedDate" : null,
      "addressNumber" : "1096",
      "sequence" : 0,
      "name" : "Andre 3",
      "mailingName" : "Andre 3",
      "description" : "",
      "firstName" : "",
      "middleName" : "",
      "lastName" : "",
      "nickname" : "",
      "salutation" : "",
      "gender" : "",
      "type" : "C",
      "religion" : "",
      "dateOfBirth" : null,
      "placeOfBirth" : "",
      "socialSecurityNumber" : "",
      "socialSecurityDate" : null,
      "mediaObjectReference" : "",
      "lastUpdateDateTime" : "2017-12-17T00:00:00",
      "inputDateTime" : "2017-12-17T00:00:00",
      "_links" : {
        "self" : {
          "href" : "http://localhost/api/contacts/1096_0"
        },
        "contactPerson" : {
          "href" : "http://localhost/api/contacts/1096_0"
        },
        "master" : {
          "href" : "http://localhost/api/contacts/1096_0/master"
        }
      }
    }, {
      "inputUserId" : "QSA",
      "lastUpdateUserId" : "QSA",
      "computerId" : "GLSVR171217",
      "lastSynchronizedDate" : null,
      "addressNumber" : "1097",
      "sequence" : 0,
      "name" : "Andre (Venus Comp)",
      "mailingName" : "Andre (Venus Comp)",
      "description" : "",
      "firstName" : "",
      "middleName" : "",
      "lastName" : "",
      "nickname" : "",
      "salutation" : "",
      "gender" : "",
      "type" : "C",
      "religion" : "",
      "dateOfBirth" : null,
      "placeOfBirth" : "",
      "socialSecurityNumber" : "",
      "socialSecurityDate" : null,
      "mediaObjectReference" : "",
      "lastUpdateDateTime" : "2017-12-17T00:00:00",
      "inputDateTime" : "2017-12-17T00:00:00",
      "_links" : {
        "self" : {
          "href" : "http://localhost/api/contacts/1097_0"
        },
        "contactPerson" : {
          "href" : "http://localhost/api/contacts/1097_0"
        },
        "master" : {
          "href" : "http://localhost/api/contacts/1097_0/master"
        }
      }
    }, {
      "inputUserId" : "QSA",
      "lastUpdateUserId" : "QSA",
      "computerId" : "GLSVR171217",
      "lastSynchronizedDate" : null,
      "addressNumber" : "1098",
      "sequence" : 0,
      "name" : "Andreas",
      "mailingName" : "Andreas",
      "description" : "",
      "firstName" : "",
      "middleName" : "",
      "lastName" : "",
      "nickname" : "",
      "salutation" : "",
      "gender" : "",
      "type" : "C",
      "religion" : "",
      "dateOfBirth" : null,
      "placeOfBirth" : "",
      "socialSecurityNumber" : "",
      "socialSecurityDate" : null,
      "mediaObjectReference" : "",
      "lastUpdateDateTime" : "2017-12-17T00:00:00",
      "inputDateTime" : "2017-12-17T00:00:00",
      "_links" : {
        "self" : {
          "href" : "http://localhost/api/contacts/1098_0"
        },
        "contactPerson" : {
          "href" : "http://localhost/api/contacts/1098_0"
        },
        "master" : {
          "href" : "http://localhost/api/contacts/1098_0/master"
        }
      }
    }, {
      "inputUserId" : "QSA",
      "lastUpdateUserId" : "QSA",
      "computerId" : "GLSVR171217",
      "lastSynchronizedDate" : null,
      "addressNumber" : "1099",
      "sequence" : 0,
      "name" : "Andreas (Capri Comp)",
      "mailingName" : "Andreas (Capri Comp)",
      "description" : "",
      "firstName" : "",
      "middleName" : "",
      "lastName" : "",
      "nickname" : "",
      "salutation" : "",
      "gender" : "",
      "type" : "C",
      "religion" : "",
      "dateOfBirth" : null,
      "placeOfBirth" : "",
      "socialSecurityNumber" : "",
      "socialSecurityDate" : null,
      "mediaObjectReference" : "",
      "lastUpdateDateTime" : "2017-12-17T00:00:00",
      "inputDateTime" : "2017-12-17T00:00:00",
      "_links" : {
        "self" : {
          "href" : "http://localhost/api/contacts/1099_0"
        },
        "contactPerson" : {
          "href" : "http://localhost/api/contacts/1099_0"
        },
        "master" : {
          "href" : "http://localhost/api/contacts/1099_0/master"
        }
      }
    }, {
      "inputUserId" : "QSA",
      "lastUpdateUserId" : "QSA",
      "computerId" : "GLSVR171217",
      "lastSynchronizedDate" : null,
      "addressNumber" : "1100",
      "sequence" : 0,
      "name" : "Andri",
      "mailingName" : "Andri",
      "description" : "",
      "firstName" : "",
      "middleName" : "",
      "lastName" : "",
      "nickname" : "",
      "salutation" : "",
      "gender" : "",
      "type" : "C",
      "religion" : "",
      "dateOfBirth" : null,
      "placeOfBirth" : "",
      "socialSecurityNumber" : "",
      "socialSecurityDate" : null,
      "mediaObjectReference" : "",
      "lastUpdateDateTime" : "2017-12-17T00:00:00",
      "inputDateTime" : "2017-12-17T00:00:00",
      "_links" : {
        "self" : {
          "href" : "http://localhost/api/contacts/1100_0"
        },
        "contactPerson" : {
          "href" : "http://localhost/api/contacts/1100_0"
        },
        "master" : {
          "href" : "http://localhost/api/contacts/1100_0/master"
        }
      }
    }, {
      "inputUserId" : "QSA",
      "lastUpdateUserId" : "QSA",
      "computerId" : "GLSVR171217",
      "lastSynchronizedDate" : null,
      "addressNumber" : "1101",
      "sequence" : 0,
      "name" : "Andriono",
      "mailingName" : "Andriono",
      "description" : "",
      "firstName" : "",
      "middleName" : "",
      "lastName" : "",
      "nickname" : "",
      "salutation" : "",
      "gender" : "",
      "type" : "C",
      "religion" : "",
      "dateOfBirth" : null,
      "placeOfBirth" : "",
      "socialSecurityNumber" : "",
      "socialSecurityDate" : null,
      "mediaObjectReference" : "",
      "lastUpdateDateTime" : "2017-12-17T00:00:00",
      "inputDateTime" : "2017-12-17T00:00:00",
      "_links" : {
        "self" : {
          "href" : "http://localhost/api/contacts/1101_0"
        },
        "contactPerson" : {
          "href" : "http://localhost/api/contacts/1101_0"
        },
        "master" : {
          "href" : "http://localhost/api/contacts/1101_0/master"
        }
      }
    }, {
      "inputUserId" : "QSA",
      "lastUpdateUserId" : "QSA",
      "computerId" : "GLSVR171217",
      "lastSynchronizedDate" : null,
      "addressNumber" : "1102",
      "sequence" : 0,
      "name" : "Andriyan",
      "mailingName" : "Andriyan",
      "description" : "",
      "firstName" : "",
      "middleName" : "",
      "lastName" : "",
      "nickname" : "",
      "salutation" : "",
      "gender" : "",
      "type" : "C",
      "religion" : "",
      "dateOfBirth" : null,
      "placeOfBirth" : "",
      "socialSecurityNumber" : "",
      "socialSecurityDate" : null,
      "mediaObjectReference" : "",
      "lastUpdateDateTime" : "2017-12-17T00:00:00",
      "inputDateTime" : "2017-12-17T00:00:00",
      "_links" : {
        "self" : {
          "href" : "http://localhost/api/contacts/1102_0"
        },
        "contactPerson" : {
          "href" : "http://localhost/api/contacts/1102_0"
        },
        "master" : {
          "href" : "http://localhost/api/contacts/1102_0/master"
        }
      }
    }, {
      "inputUserId" : "QSA",
      "lastUpdateUserId" : "QSA",
      "computerId" : "GLSVR171217",
      "lastSynchronizedDate" : null,
      "addressNumber" : "1103",
      "sequence" : 0,
      "name" : "Andy",
      "mailingName" : "Andy",
      "description" : "",
      "firstName" : "",
      "middleName" : "",
      "lastName" : "",
      "nickname" : "",
      "salutation" : "",
      "gender" : "",
      "type" : "C",
      "religion" : "",
      "dateOfBirth" : null,
      "placeOfBirth" : "",
      "socialSecurityNumber" : "",
      "socialSecurityDate" : null,
      "mediaObjectReference" : "",
      "lastUpdateDateTime" : "2017-12-17T00:00:00",
      "inputDateTime" : "2017-12-17T00:00:00",
      "_links" : {
        "self" : {
          "href" : "http://localhost/api/contacts/1103_0"
        },
        "contactPerson" : {
          "href" : "http://localhost/api/contacts/1103_0"
        },
        "master" : {
          "href" : "http://localhost/api/contacts/1103_0/master"
        }
      }
    }, {
      "inputUserId" : "QSA",
      "lastUpdateUserId" : "QSA",
      "computerId" : "GLSVR171217",
      "lastSynchronizedDate" : null,
      "addressNumber" : "1104",
      "sequence" : 0,
      "name" : "Andy Computer",
      "mailingName" : "Andy Computer",
      "description" : "",
      "firstName" : "",
      "middleName" : "",
      "lastName" : "",
      "nickname" : "",
      "salutation" : "",
      "gender" : "",
      "type" : "C",
      "religion" : "",
      "dateOfBirth" : null,
      "placeOfBirth" : "",
      "socialSecurityNumber" : "",
      "socialSecurityDate" : null,
      "mediaObjectReference" : "",
      "lastUpdateDateTime" : "2017-12-17T00:00:00",
      "inputDateTime" : "2017-12-17T00:00:00",
      "_links" : {
        "self" : {
          "href" : "http://localhost/api/contacts/1104_0"
        },
        "contactPerson" : {
          "href" : "http://localhost/api/contacts/1104_0"
        },
        "master" : {
          "href" : "http://localhost/api/contacts/1104_0/master"
        }
      }
    }, {
      "inputUserId" : "QSA",
      "lastUpdateUserId" : "QSA",
      "computerId" : "GLSVR171217",
      "lastSynchronizedDate" : null,
      "addressNumber" : "1105",
      "sequence" : 0,
      "name" : "Andyra Saputra",
      "mailingName" : "Andyra Saputra",
      "description" : "",
      "firstName" : "",
      "middleName" : "",
      "lastName" : "",
      "nickname" : "",
      "salutation" : "",
      "gender" : "",
      "type" : "C",
      "religion" : "",
      "dateOfBirth" : null,
      "placeOfBirth" : "",
      "socialSecurityNumber" : "",
      "socialSecurityDate" : null,
      "mediaObjectReference" : "",
      "lastUpdateDateTime" : "2017-12-17T00:00:00",
      "inputDateTime" : "2017-12-17T00:00:00",
      "_links" : {
        "self" : {
          "href" : "http://localhost/api/contacts/1105_0"
        },
        "contactPerson" : {
          "href" : "http://localhost/api/contacts/1105_0"
        },
        "master" : {
          "href" : "http://localhost/api/contacts/1105_0/master"
        }
      }
    }, {
      "inputUserId" : "QSA",
      "lastUpdateUserId" : "QSA",
      "computerId" : "GLSVR171217",
      "lastSynchronizedDate" : null,
      "addressNumber" : "1106",
      "sequence" : 0,
      "name" : "Aneka Pena",
      "mailingName" : "Aneka Pena",
      "description" : "",
      "firstName" : "",
      "middleName" : "",
      "lastName" : "",
      "nickname" : "",
      "salutation" : "",
      "gender" : "",
      "type" : "C",
      "religion" : "",
      "dateOfBirth" : null,
      "placeOfBirth" : "",
      "socialSecurityNumber" : "",
      "socialSecurityDate" : null,
      "mediaObjectReference" : "",
      "lastUpdateDateTime" : "2017-12-17T00:00:00",
      "inputDateTime" : "2017-12-17T00:00:00",
      "_links" : {
        "self" : {
          "href" : "http://localhost/api/contacts/1106_0"
        },
        "contactPerson" : {
          "href" : "http://localhost/api/contacts/1106_0"
        },
        "master" : {
          "href" : "http://localhost/api/contacts/1106_0/master"
        }
      }
    }, {
      "inputUserId" : "QSA",
      "lastUpdateUserId" : "QSA",
      "computerId" : "GLSVR171217",
      "lastSynchronizedDate" : null,
      "addressNumber" : "1107",
      "sequence" : 0,
      "name" : "Aneka Tambang",
      "mailingName" : "Aneka Tambang",
      "description" : "",
      "firstName" : "",
      "middleName" : "",
      "lastName" : "",
      "nickname" : "",
      "salutation" : "",
      "gender" : "",
      "type" : "C",
      "religion" : "",
      "dateOfBirth" : null,
      "placeOfBirth" : "",
      "socialSecurityNumber" : "",
      "socialSecurityDate" : null,
      "mediaObjectReference" : "",
      "lastUpdateDateTime" : "2017-12-17T00:00:00",
      "inputDateTime" : "2017-12-17T00:00:00",
      "_links" : {
        "self" : {
          "href" : "http://localhost/api/contacts/1107_0"
        },
        "contactPerson" : {
          "href" : "http://localhost/api/contacts/1107_0"
        },
        "master" : {
          "href" : "http://localhost/api/contacts/1107_0/master"
        }
      }
    }, {
      "inputUserId" : "QSA",
      "lastUpdateUserId" : "QSA",
      "computerId" : "GLSVR171217",
      "lastSynchronizedDate" : null,
      "addressNumber" : "1108",
      "sequence" : 0,
      "name" : "Angga",
      "mailingName" : "Angga",
      "description" : "",
      "firstName" : "",
      "middleName" : "",
      "lastName" : "",
      "nickname" : "",
      "salutation" : "",
      "gender" : "",
      "type" : "C",
      "religion" : "",
      "dateOfBirth" : null,
      "placeOfBirth" : "",
      "socialSecurityNumber" : "",
      "socialSecurityDate" : null,
      "mediaObjectReference" : "",
      "lastUpdateDateTime" : "2017-12-17T00:00:00",
      "inputDateTime" : "2017-12-17T00:00:00",
      "_links" : {
        "self" : {
          "href" : "http://localhost/api/contacts/1108_0"
        },
        "contactPerson" : {
          "href" : "http://localhost/api/contacts/1108_0"
        },
        "master" : {
          "href" : "http://localhost/api/contacts/1108_0/master"
        }
      }
    }, {
      "inputUserId" : "QSA",
      "lastUpdateUserId" : "QSA",
      "computerId" : "GLSVR171217",
      "lastSynchronizedDate" : null,
      "addressNumber" : "1109",
      "sequence" : 0,
      "name" : "Anggi",
      "mailingName" : "Anggi",
      "description" : "",
      "firstName" : "",
      "middleName" : "",
      "lastName" : "",
      "nickname" : "",
      "salutation" : "",
      "gender" : "",
      "type" : "C",
      "religion" : "",
      "dateOfBirth" : null,
      "placeOfBirth" : "",
      "socialSecurityNumber" : "",
      "socialSecurityDate" : null,
      "mediaObjectReference" : "",
      "lastUpdateDateTime" : "2017-12-17T00:00:00",
      "inputDateTime" : "2017-12-17T00:00:00",
      "_links" : {
        "self" : {
          "href" : "http://localhost/api/contacts/1109_0"
        },
        "contactPerson" : {
          "href" : "http://localhost/api/contacts/1109_0"
        },
        "master" : {
          "href" : "http://localhost/api/contacts/1109_0/master"
        }
      }
    }, {
      "inputUserId" : "QSA",
      "lastUpdateUserId" : "QSA",
      "computerId" : "GLSVR171217",
      "lastSynchronizedDate" : null,
      "addressNumber" : "1110",
      "sequence" : 0,
      "name" : "Angkasa Cerah",
      "mailingName" : "Angkasa Cerah",
      "description" : "",
      "firstName" : "",
      "middleName" : "",
      "lastName" : "",
      "nickname" : "",
      "salutation" : "",
      "gender" : "",
      "type" : "C",
      "religion" : "",
      "dateOfBirth" : null,
      "placeOfBirth" : "",
      "socialSecurityNumber" : "",
      "socialSecurityDate" : null,
      "mediaObjectReference" : "",
      "lastUpdateDateTime" : "2017-12-17T00:00:00",
      "inputDateTime" : "2017-12-17T00:00:00",
      "_links" : {
        "self" : {
          "href" : "http://localhost/api/contacts/1110_0"
        },
        "contactPerson" : {
          "href" : "http://localhost/api/contacts/1110_0"
        },
        "master" : {
          "href" : "http://localhost/api/contacts/1110_0/master"
        }
      }
    }, {
      "inputUserId" : "QSA",
      "lastUpdateUserId" : "QSA",
      "computerId" : "GLSVR171217",
      "lastSynchronizedDate" : null,
      "addressNumber" : "1111",
      "sequence" : 0,
      "name" : "Angkasa Pura Support",
      "mailingName" : "Angkasa Pura Support",
      "description" : "",
      "firstName" : "",
      "middleName" : "",
      "lastName" : "",
      "nickname" : "",
      "salutation" : "",
      "gender" : "",
      "type" : "C",
      "religion" : "",
      "dateOfBirth" : null,
      "placeOfBirth" : "",
      "socialSecurityNumber" : "",
      "socialSecurityDate" : null,
      "mediaObjectReference" : "",
      "lastUpdateDateTime" : "2017-12-17T00:00:00",
      "inputDateTime" : "2017-12-17T00:00:00",
      "_links" : {
        "self" : {
          "href" : "http://localhost/api/contacts/1111_0"
        },
        "contactPerson" : {
          "href" : "http://localhost/api/contacts/1111_0"
        },
        "master" : {
          "href" : "http://localhost/api/contacts/1111_0/master"
        }
      }
    }, {
      "inputUserId" : "QSA",
      "lastUpdateUserId" : "QSA",
      "computerId" : "GLSVR171217",
      "lastSynchronizedDate" : null,
      "addressNumber" : "1112",
      "sequence" : 0,
      "name" : "Ani",
      "mailingName" : "Ani",
      "description" : "",
      "firstName" : "",
      "middleName" : "",
      "lastName" : "",
      "nickname" : "",
      "salutation" : "",
      "gender" : "",
      "type" : "C",
      "religion" : "",
      "dateOfBirth" : null,
      "placeOfBirth" : "",
      "socialSecurityNumber" : "",
      "socialSecurityDate" : null,
      "mediaObjectReference" : "",
      "lastUpdateDateTime" : "2017-12-17T00:00:00",
      "inputDateTime" : "2017-12-17T00:00:00",
      "_links" : {
        "self" : {
          "href" : "http://localhost/api/contacts/1112_0"
        },
        "contactPerson" : {
          "href" : "http://localhost/api/contacts/1112_0"
        },
        "master" : {
          "href" : "http://localhost/api/contacts/1112_0/master"
        }
      }
    }, {
      "inputUserId" : "QSA",
      "lastUpdateUserId" : "QSA",
      "computerId" : "GLSVR171217",
      "lastSynchronizedDate" : null,
      "addressNumber" : "1113",
      "sequence" : 0,
      "name" : "Ani Mushib ( Tokopedia )",
      "mailingName" : "Ani Mushib ( Tokopedia )",
      "description" : "",
      "firstName" : "",
      "middleName" : "",
      "lastName" : "",
      "nickname" : "",
      "salutation" : "",
      "gender" : "",
      "type" : "C",
      "religion" : "",
      "dateOfBirth" : null,
      "placeOfBirth" : "",
      "socialSecurityNumber" : "",
      "socialSecurityDate" : null,
      "mediaObjectReference" : "",
      "lastUpdateDateTime" : "2017-12-17T00:00:00",
      "inputDateTime" : "2017-12-17T00:00:00",
      "_links" : {
        "self" : {
          "href" : "http://localhost/api/contacts/1113_0"
        },
        "contactPerson" : {
          "href" : "http://localhost/api/contacts/1113_0"
        },
        "master" : {
          "href" : "http://localhost/api/contacts/1113_0/master"
        }
      }
    }, {
      "inputUserId" : "QSA",
      "lastUpdateUserId" : "QSA",
      "computerId" : "GLSVR171217",
      "lastSynchronizedDate" : null,
      "addressNumber" : "1114",
      "sequence" : 0,
      "name" : "Anoraga",
      "mailingName" : "Anoraga",
      "description" : "",
      "firstName" : "",
      "middleName" : "",
      "lastName" : "",
      "nickname" : "",
      "salutation" : "",
      "gender" : "",
      "type" : "C",
      "religion" : "",
      "dateOfBirth" : null,
      "placeOfBirth" : "",
      "socialSecurityNumber" : "",
      "socialSecurityDate" : null,
      "mediaObjectReference" : "",
      "lastUpdateDateTime" : "2017-12-17T00:00:00",
      "inputDateTime" : "2017-12-17T00:00:00",
      "_links" : {
        "self" : {
          "href" : "http://localhost/api/contacts/1114_0"
        },
        "contactPerson" : {
          "href" : "http://localhost/api/contacts/1114_0"
        },
        "master" : {
          "href" : "http://localhost/api/contacts/1114_0/master"
        }
      }
    }, {
      "inputUserId" : "QSA",
      "lastUpdateUserId" : "QSA",
      "computerId" : "GLSVR171217",
      "lastSynchronizedDate" : null,
      "addressNumber" : "1115",
      "sequence" : 0,
      "name" : "Anthoni",
      "mailingName" : "Anthoni",
      "description" : "",
      "firstName" : "",
      "middleName" : "",
      "lastName" : "",
      "nickname" : "",
      "salutation" : "",
      "gender" : "",
      "type" : "C",
      "religion" : "",
      "dateOfBirth" : null,
      "placeOfBirth" : "",
      "socialSecurityNumber" : "",
      "socialSecurityDate" : null,
      "mediaObjectReference" : "",
      "lastUpdateDateTime" : "2017-12-17T00:00:00",
      "inputDateTime" : "2017-12-17T00:00:00",
      "_links" : {
        "self" : {
          "href" : "http://localhost/api/contacts/1115_0"
        },
        "contactPerson" : {
          "href" : "http://localhost/api/contacts/1115_0"
        },
        "master" : {
          "href" : "http://localhost/api/contacts/1115_0/master"
        }
      }
    }, {
      "inputUserId" : "QSA",
      "lastUpdateUserId" : "QSA",
      "computerId" : "GLSVR171217",
      "lastSynchronizedDate" : null,
      "addressNumber" : "1116",
      "sequence" : 0,
      "name" : "Antok",
      "mailingName" : "Antok",
      "description" : "",
      "firstName" : "",
      "middleName" : "",
      "lastName" : "",
      "nickname" : "",
      "salutation" : "",
      "gender" : "",
      "type" : "C",
      "religion" : "",
      "dateOfBirth" : null,
      "placeOfBirth" : "",
      "socialSecurityNumber" : "",
      "socialSecurityDate" : null,
      "mediaObjectReference" : "",
      "lastUpdateDateTime" : "2017-12-17T00:00:00",
      "inputDateTime" : "2017-12-17T00:00:00",
      "_links" : {
        "self" : {
          "href" : "http://localhost/api/contacts/1116_0"
        },
        "contactPerson" : {
          "href" : "http://localhost/api/contacts/1116_0"
        },
        "master" : {
          "href" : "http://localhost/api/contacts/1116_0/master"
        }
      }
    }, {
      "inputUserId" : "QSA",
      "lastUpdateUserId" : "QSA",
      "computerId" : "GLSVR171217",
      "lastSynchronizedDate" : null,
      "addressNumber" : "1117",
      "sequence" : 0,
      "name" : "Anton",
      "mailingName" : "Anton",
      "description" : "",
      "firstName" : "",
      "middleName" : "",
      "lastName" : "",
      "nickname" : "",
      "salutation" : "",
      "gender" : "",
      "type" : "C",
      "religion" : "",
      "dateOfBirth" : null,
      "placeOfBirth" : "",
      "socialSecurityNumber" : "",
      "socialSecurityDate" : null,
      "mediaObjectReference" : "",
      "lastUpdateDateTime" : "2017-12-17T00:00:00",
      "inputDateTime" : "2017-12-17T00:00:00",
      "_links" : {
        "self" : {
          "href" : "http://localhost/api/contacts/1117_0"
        },
        "contactPerson" : {
          "href" : "http://localhost/api/contacts/1117_0"
        },
        "master" : {
          "href" : "http://localhost/api/contacts/1117_0/master"
        }
      }
    }, {
      "inputUserId" : "QSA",
      "lastUpdateUserId" : "QSA",
      "computerId" : "GLSVR171217",
      "lastSynchronizedDate" : null,
      "addressNumber" : "1118",
      "sequence" : 0,
      "name" : "Anugerah",
      "mailingName" : "Anugerah",
      "description" : "",
      "firstName" : "",
      "middleName" : "",
      "lastName" : "",
      "nickname" : "",
      "salutation" : "",
      "gender" : "",
      "type" : "C",
      "religion" : "",
      "dateOfBirth" : null,
      "placeOfBirth" : "",
      "socialSecurityNumber" : "",
      "socialSecurityDate" : null,
      "mediaObjectReference" : "",
      "lastUpdateDateTime" : "2017-12-17T00:00:00",
      "inputDateTime" : "2017-12-17T00:00:00",
      "_links" : {
        "self" : {
          "href" : "http://localhost/api/contacts/1118_0"
        },
        "contactPerson" : {
          "href" : "http://localhost/api/contacts/1118_0"
        },
        "master" : {
          "href" : "http://localhost/api/contacts/1118_0/master"
        }
      }
    }, {
      "inputUserId" : "QSA",
      "lastUpdateUserId" : "QSA",
      "computerId" : "GLSVR171217",
      "lastSynchronizedDate" : null,
      "addressNumber" : "1119",
      "sequence" : 0,
      "name" : "Anugrah",
      "mailingName" : "Anugrah",
      "description" : "",
      "firstName" : "",
      "middleName" : "",
      "lastName" : "",
      "nickname" : "",
      "salutation" : "",
      "gender" : "",
      "type" : "C",
      "religion" : "",
      "dateOfBirth" : null,
      "placeOfBirth" : "",
      "socialSecurityNumber" : "",
      "socialSecurityDate" : null,
      "mediaObjectReference" : "",
      "lastUpdateDateTime" : "2017-12-17T00:00:00",
      "inputDateTime" : "2017-12-17T00:00:00",
      "_links" : {
        "self" : {
          "href" : "http://localhost/api/contacts/1119_0"
        },
        "contactPerson" : {
          "href" : "http://localhost/api/contacts/1119_0"
        },
        "master" : {
          "href" : "http://localhost/api/contacts/1119_0/master"
        }
      }
    }, {
      "inputUserId" : "QSA",
      "lastUpdateUserId" : "QSA",
      "computerId" : "GLSVR171217",
      "lastSynchronizedDate" : null,
      "addressNumber" : "1120",
      "sequence" : 0,
      "name" : "Anwar (Mitra Utama)",
      "mailingName" : "Anwar (Mitra Utama)",
      "description" : "",
      "firstName" : "",
      "middleName" : "",
      "lastName" : "",
      "nickname" : "",
      "salutation" : "",
      "gender" : "",
      "type" : "C",
      "religion" : "",
      "dateOfBirth" : null,
      "placeOfBirth" : "",
      "socialSecurityNumber" : "",
      "socialSecurityDate" : null,
      "mediaObjectReference" : "",
      "lastUpdateDateTime" : "2017-12-17T00:00:00",
      "inputDateTime" : "2017-12-17T00:00:00",
      "_links" : {
        "self" : {
          "href" : "http://localhost/api/contacts/1120_0"
        },
        "contactPerson" : {
          "href" : "http://localhost/api/contacts/1120_0"
        },
        "master" : {
          "href" : "http://localhost/api/contacts/1120_0/master"
        }
      }
    }, {
      "inputUserId" : "QSA",
      "lastUpdateUserId" : "QSA",
      "computerId" : "GLSVR171217",
      "lastSynchronizedDate" : null,
      "addressNumber" : "1121",
      "sequence" : 0,
      "name" : "Anya",
      "mailingName" : "Anya",
      "description" : "",
      "firstName" : "",
      "middleName" : "",
      "lastName" : "",
      "nickname" : "",
      "salutation" : "",
      "gender" : "",
      "type" : "C",
      "religion" : "",
      "dateOfBirth" : null,
      "placeOfBirth" : "",
      "socialSecurityNumber" : "",
      "socialSecurityDate" : null,
      "mediaObjectReference" : "",
      "lastUpdateDateTime" : "2017-12-17T00:00:00",
      "inputDateTime" : "2017-12-17T00:00:00",
      "_links" : {
        "self" : {
          "href" : "http://localhost/api/contacts/1121_0"
        },
        "contactPerson" : {
          "href" : "http://localhost/api/contacts/1121_0"
        },
        "master" : {
          "href" : "http://localhost/api/contacts/1121_0/master"
        }
      }
    }, {
      "inputUserId" : "QSA",
      "lastUpdateUserId" : "QSA",
      "computerId" : "GLSVR171217",
      "lastSynchronizedDate" : null,
      "addressNumber" : "1122",
      "sequence" : 0,
      "name" : "Apis Andika (Tokopedia )",
      "mailingName" : "Apis Andika (Tokopedia )",
      "description" : "",
      "firstName" : "",
      "middleName" : "",
      "lastName" : "",
      "nickname" : "",
      "salutation" : "",
      "gender" : "",
      "type" : "C",
      "religion" : "",
      "dateOfBirth" : null,
      "placeOfBirth" : "",
      "socialSecurityNumber" : "",
      "socialSecurityDate" : null,
      "mediaObjectReference" : "",
      "lastUpdateDateTime" : "2017-12-17T00:00:00",
      "inputDateTime" : "2017-12-17T00:00:00",
      "_links" : {
        "self" : {
          "href" : "http://localhost/api/contacts/1122_0"
        },
        "contactPerson" : {
          "href" : "http://localhost/api/contacts/1122_0"
        },
        "master" : {
          "href" : "http://localhost/api/contacts/1122_0/master"
        }
      }
    }, {
      "inputUserId" : "QSA",
      "lastUpdateUserId" : "QSA",
      "computerId" : "GLSVR171217",
      "lastSynchronizedDate" : null,
      "addressNumber" : "1123",
      "sequence" : 0,
      "name" : "Apotik Protha",
      "mailingName" : "Apotik Protha",
      "description" : "",
      "firstName" : "",
      "middleName" : "",
      "lastName" : "",
      "nickname" : "",
      "salutation" : "",
      "gender" : "",
      "type" : "C",
      "religion" : "",
      "dateOfBirth" : null,
      "placeOfBirth" : "",
      "socialSecurityNumber" : "",
      "socialSecurityDate" : null,
      "mediaObjectReference" : "",
      "lastUpdateDateTime" : "2017-12-17T00:00:00",
      "inputDateTime" : "2017-12-17T00:00:00",
      "_links" : {
        "self" : {
          "href" : "http://localhost/api/contacts/1123_0"
        },
        "contactPerson" : {
          "href" : "http://localhost/api/contacts/1123_0"
        },
        "master" : {
          "href" : "http://localhost/api/contacts/1123_0/master"
        }
      }
    }, {
      "inputUserId" : "QSA",
      "lastUpdateUserId" : "QSA",
      "computerId" : "GLSVR171217",
      "lastSynchronizedDate" : null,
      "addressNumber" : "1124",
      "sequence" : 0,
      "name" : "Aprie",
      "mailingName" : "Aprie",
      "description" : "",
      "firstName" : "",
      "middleName" : "",
      "lastName" : "",
      "nickname" : "",
      "salutation" : "",
      "gender" : "",
      "type" : "C",
      "religion" : "",
      "dateOfBirth" : null,
      "placeOfBirth" : "",
      "socialSecurityNumber" : "",
      "socialSecurityDate" : null,
      "mediaObjectReference" : "",
      "lastUpdateDateTime" : "2017-12-17T00:00:00",
      "inputDateTime" : "2017-12-17T00:00:00",
      "_links" : {
        "self" : {
          "href" : "http://localhost/api/contacts/1124_0"
        },
        "contactPerson" : {
          "href" : "http://localhost/api/contacts/1124_0"
        },
        "master" : {
          "href" : "http://localhost/api/contacts/1124_0/master"
        }
      }
    }, {
      "inputUserId" : "QSA",
      "lastUpdateUserId" : "QSA",
      "computerId" : "GLSVR171217",
      "lastSynchronizedDate" : null,
      "addressNumber" : "1125",
      "sequence" : 0,
      "name" : "Arca Sofenir",
      "mailingName" : "Arca Sofenir",
      "description" : "",
      "firstName" : "",
      "middleName" : "",
      "lastName" : "",
      "nickname" : "",
      "salutation" : "",
      "gender" : "",
      "type" : "C",
      "religion" : "",
      "dateOfBirth" : null,
      "placeOfBirth" : "",
      "socialSecurityNumber" : "",
      "socialSecurityDate" : null,
      "mediaObjectReference" : "",
      "lastUpdateDateTime" : "2017-12-17T00:00:00",
      "inputDateTime" : "2017-12-17T00:00:00",
      "_links" : {
        "self" : {
          "href" : "http://localhost/api/contacts/1125_0"
        },
        "contactPerson" : {
          "href" : "http://localhost/api/contacts/1125_0"
        },
        "master" : {
          "href" : "http://localhost/api/contacts/1125_0/master"
        }
      }
    }, {
      "inputUserId" : "QSA",
      "lastUpdateUserId" : "QSA",
      "computerId" : "GLSVR171217",
      "lastSynchronizedDate" : null,
      "addressNumber" : "1126",
      "sequence" : 0,
      "name" : "Ardha",
      "mailingName" : "Ardha",
      "description" : "",
      "firstName" : "",
      "middleName" : "",
      "lastName" : "",
      "nickname" : "",
      "salutation" : "",
      "gender" : "",
      "type" : "C",
      "religion" : "",
      "dateOfBirth" : null,
      "placeOfBirth" : "",
      "socialSecurityNumber" : "",
      "socialSecurityDate" : null,
      "mediaObjectReference" : "",
      "lastUpdateDateTime" : "2017-12-17T00:00:00",
      "inputDateTime" : "2017-12-17T00:00:00",
      "_links" : {
        "self" : {
          "href" : "http://localhost/api/contacts/1126_0"
        },
        "contactPerson" : {
          "href" : "http://localhost/api/contacts/1126_0"
        },
        "master" : {
          "href" : "http://localhost/api/contacts/1126_0/master"
        }
      }
    }, {
      "inputUserId" : "QSA",
      "lastUpdateUserId" : "QSA",
      "computerId" : "GLSVR171217",
      "lastSynchronizedDate" : null,
      "addressNumber" : "1127",
      "sequence" : 0,
      "name" : "Ardiansyah",
      "mailingName" : "Ardiansyah",
      "description" : "",
      "firstName" : "",
      "middleName" : "",
      "lastName" : "",
      "nickname" : "",
      "salutation" : "",
      "gender" : "",
      "type" : "C",
      "religion" : "",
      "dateOfBirth" : null,
      "placeOfBirth" : "",
      "socialSecurityNumber" : "",
      "socialSecurityDate" : null,
      "mediaObjectReference" : "",
      "lastUpdateDateTime" : "2017-12-17T00:00:00",
      "inputDateTime" : "2017-12-17T00:00:00",
      "_links" : {
        "self" : {
          "href" : "http://localhost/api/contacts/1127_0"
        },
        "contactPerson" : {
          "href" : "http://localhost/api/contacts/1127_0"
        },
        "master" : {
          "href" : "http://localhost/api/contacts/1127_0/master"
        }
      }
    }, {
      "inputUserId" : "QSA",
      "lastUpdateUserId" : "QSA",
      "computerId" : "GLSVR171217",
      "lastSynchronizedDate" : null,
      "addressNumber" : "1128",
      "sequence" : 0,
      "name" : "Ardianto Comp (Bian Net )",
      "mailingName" : "Ardianto Comp (Bian Net )",
      "description" : "",
      "firstName" : "",
      "middleName" : "",
      "lastName" : "",
      "nickname" : "",
      "salutation" : "",
      "gender" : "",
      "type" : "C",
      "religion" : "",
      "dateOfBirth" : null,
      "placeOfBirth" : "",
      "socialSecurityNumber" : "",
      "socialSecurityDate" : null,
      "mediaObjectReference" : "",
      "lastUpdateDateTime" : "2017-12-17T00:00:00",
      "inputDateTime" : "2017-12-17T00:00:00",
      "_links" : {
        "self" : {
          "href" : "http://localhost/api/contacts/1128_0"
        },
        "contactPerson" : {
          "href" : "http://localhost/api/contacts/1128_0"
        },
        "master" : {
          "href" : "http://localhost/api/contacts/1128_0/master"
        }
      }
    }, {
      "inputUserId" : "QSA",
      "lastUpdateUserId" : "QSA",
      "computerId" : "GLSVR171217",
      "lastSynchronizedDate" : null,
      "addressNumber" : "1129",
      "sequence" : 0,
      "name" : "Ardianto Comp Biant not",
      "mailingName" : "Ardianto Comp Biant not",
      "description" : "",
      "firstName" : "",
      "middleName" : "",
      "lastName" : "",
      "nickname" : "",
      "salutation" : "",
      "gender" : "",
      "type" : "C",
      "religion" : "",
      "dateOfBirth" : null,
      "placeOfBirth" : "",
      "socialSecurityNumber" : "",
      "socialSecurityDate" : null,
      "mediaObjectReference" : "",
      "lastUpdateDateTime" : "2017-12-17T00:00:00",
      "inputDateTime" : "2017-12-17T00:00:00",
      "_links" : {
        "self" : {
          "href" : "http://localhost/api/contacts/1129_0"
        },
        "contactPerson" : {
          "href" : "http://localhost/api/contacts/1129_0"
        },
        "master" : {
          "href" : "http://localhost/api/contacts/1129_0/master"
        }
      }
    }, {
      "inputUserId" : "QSA",
      "lastUpdateUserId" : "QSA",
      "computerId" : "GLSVR171217",
      "lastSynchronizedDate" : null,
      "addressNumber" : "1130",
      "sequence" : 0,
      "name" : "Arga",
      "mailingName" : "Arga",
      "description" : "",
      "firstName" : "",
      "middleName" : "",
      "lastName" : "",
      "nickname" : "",
      "salutation" : "",
      "gender" : "",
      "type" : "C",
      "religion" : "",
      "dateOfBirth" : null,
      "placeOfBirth" : "",
      "socialSecurityNumber" : "",
      "socialSecurityDate" : null,
      "mediaObjectReference" : "",
      "lastUpdateDateTime" : "2017-12-17T00:00:00",
      "inputDateTime" : "2017-12-17T00:00:00",
      "_links" : {
        "self" : {
          "href" : "http://localhost/api/contacts/1130_0"
        },
        "contactPerson" : {
          "href" : "http://localhost/api/contacts/1130_0"
        },
        "master" : {
          "href" : "http://localhost/api/contacts/1130_0/master"
        }
      }
    }, {
      "inputUserId" : "QSA",
      "lastUpdateUserId" : "QSA",
      "computerId" : "GLSVR171217",
      "lastSynchronizedDate" : null,
      "addressNumber" : "1131",
      "sequence" : 0,
      "name" : "Ari",
      "mailingName" : "Ari",
      "description" : "",
      "firstName" : "",
      "middleName" : "",
      "lastName" : "",
      "nickname" : "",
      "salutation" : "",
      "gender" : "",
      "type" : "C",
      "religion" : "",
      "dateOfBirth" : null,
      "placeOfBirth" : "",
      "socialSecurityNumber" : "",
      "socialSecurityDate" : null,
      "mediaObjectReference" : "",
      "lastUpdateDateTime" : "2017-12-17T00:00:00",
      "inputDateTime" : "2017-12-17T00:00:00",
      "_links" : {
        "self" : {
          "href" : "http://localhost/api/contacts/1131_0"
        },
        "contactPerson" : {
          "href" : "http://localhost/api/contacts/1131_0"
        },
        "master" : {
          "href" : "http://localhost/api/contacts/1131_0/master"
        }
      }
    }, {
      "inputUserId" : "QSA",
      "lastUpdateUserId" : "QSA",
      "computerId" : "GLSVR171217",
      "lastSynchronizedDate" : null,
      "addressNumber" : "1132",
      "sequence" : 0,
      "name" : "Arif",
      "mailingName" : "Arif",
      "description" : "",
      "firstName" : "",
      "middleName" : "",
      "lastName" : "",
      "nickname" : "",
      "salutation" : "",
      "gender" : "",
      "type" : "C",
      "religion" : "",
      "dateOfBirth" : null,
      "placeOfBirth" : "",
      "socialSecurityNumber" : "",
      "socialSecurityDate" : null,
      "mediaObjectReference" : "",
      "lastUpdateDateTime" : "2017-12-17T00:00:00",
      "inputDateTime" : "2017-12-17T00:00:00",
      "_links" : {
        "self" : {
          "href" : "http://localhost/api/contacts/1132_0"
        },
        "contactPerson" : {
          "href" : "http://localhost/api/contacts/1132_0"
        },
        "master" : {
          "href" : "http://localhost/api/contacts/1132_0/master"
        }
      }
    }, {
      "inputUserId" : "QSA",
      "lastUpdateUserId" : "QSA",
      "computerId" : "GLSVR171217",
      "lastSynchronizedDate" : null,
      "addressNumber" : "1133",
      "sequence" : 0,
      "name" : "Arif Rachman",
      "mailingName" : "Arif Rachman",
      "description" : "",
      "firstName" : "",
      "middleName" : "",
      "lastName" : "",
      "nickname" : "",
      "salutation" : "",
      "gender" : "",
      "type" : "C",
      "religion" : "",
      "dateOfBirth" : null,
      "placeOfBirth" : "",
      "socialSecurityNumber" : "",
      "socialSecurityDate" : null,
      "mediaObjectReference" : "",
      "lastUpdateDateTime" : "2017-12-17T00:00:00",
      "inputDateTime" : "2017-12-17T00:00:00",
      "_links" : {
        "self" : {
          "href" : "http://localhost/api/contacts/1133_0"
        },
        "contactPerson" : {
          "href" : "http://localhost/api/contacts/1133_0"
        },
        "master" : {
          "href" : "http://localhost/api/contacts/1133_0/master"
        }
      }
    }, {
      "inputUserId" : "QSA",
      "lastUpdateUserId" : "QSA",
      "computerId" : "GLSVR171217",
      "lastSynchronizedDate" : null,
      "addressNumber" : "1134",
      "sequence" : 0,
      "name" : "Arifin",
      "mailingName" : "Arifin",
      "description" : "",
      "firstName" : "",
      "middleName" : "",
      "lastName" : "",
      "nickname" : "",
      "salutation" : "",
      "gender" : "",
      "type" : "C",
      "religion" : "",
      "dateOfBirth" : null,
      "placeOfBirth" : "",
      "socialSecurityNumber" : "",
      "socialSecurityDate" : null,
      "mediaObjectReference" : "",
      "lastUpdateDateTime" : "2017-12-17T00:00:00",
      "inputDateTime" : "2017-12-17T00:00:00",
      "_links" : {
        "self" : {
          "href" : "http://localhost/api/contacts/1134_0"
        },
        "contactPerson" : {
          "href" : "http://localhost/api/contacts/1134_0"
        },
        "master" : {
          "href" : "http://localhost/api/contacts/1134_0/master"
        }
      }
    }, {
      "inputUserId" : "QSA",
      "lastUpdateUserId" : "QSA",
      "computerId" : "GLSVR171217",
      "lastSynchronizedDate" : null,
      "addressNumber" : "1135",
      "sequence" : 0,
      "name" : "ArinGo Computer",
      "mailingName" : "ArinGo Computer",
      "description" : "",
      "firstName" : "",
      "middleName" : "",
      "lastName" : "",
      "nickname" : "",
      "salutation" : "",
      "gender" : "",
      "type" : "C",
      "religion" : "",
      "dateOfBirth" : null,
      "placeOfBirth" : "",
      "socialSecurityNumber" : "",
      "socialSecurityDate" : null,
      "mediaObjectReference" : "",
      "lastUpdateDateTime" : "2017-12-17T00:00:00",
      "inputDateTime" : "2017-12-17T00:00:00",
      "_links" : {
        "self" : {
          "href" : "http://localhost/api/contacts/1135_0"
        },
        "contactPerson" : {
          "href" : "http://localhost/api/contacts/1135_0"
        },
        "master" : {
          "href" : "http://localhost/api/contacts/1135_0/master"
        }
      }
    }, {
      "inputUserId" : "QSA",
      "lastUpdateUserId" : "QSA",
      "computerId" : "GLSVR171217",
      "lastSynchronizedDate" : null,
      "addressNumber" : "1136",
      "sequence" : 0,
      "name" : "Ariyanti Rahayu ( Tokopedia )",
      "mailingName" : "Ariyanti Rahayu ( Tokopedia )",
      "description" : "",
      "firstName" : "",
      "middleName" : "",
      "lastName" : "",
      "nickname" : "",
      "salutation" : "",
      "gender" : "",
      "type" : "C",
      "religion" : "",
      "dateOfBirth" : null,
      "placeOfBirth" : "",
      "socialSecurityNumber" : "",
      "socialSecurityDate" : null,
      "mediaObjectReference" : "",
      "lastUpdateDateTime" : "2017-12-17T00:00:00",
      "inputDateTime" : "2017-12-17T00:00:00",
      "_links" : {
        "self" : {
          "href" : "http://localhost/api/contacts/1136_0"
        },
        "contactPerson" : {
          "href" : "http://localhost/api/contacts/1136_0"
        },
        "master" : {
          "href" : "http://localhost/api/contacts/1136_0/master"
        }
      }
    }, {
      "inputUserId" : "QSA",
      "lastUpdateUserId" : "QSA",
      "computerId" : "GLSVR171217",
      "lastSynchronizedDate" : null,
      "addressNumber" : "1137",
      "sequence" : 0,
      "name" : "Armada Comp",
      "mailingName" : "Armada Comp",
      "description" : "",
      "firstName" : "",
      "middleName" : "",
      "lastName" : "",
      "nickname" : "",
      "salutation" : "",
      "gender" : "",
      "type" : "C",
      "religion" : "",
      "dateOfBirth" : null,
      "placeOfBirth" : "",
      "socialSecurityNumber" : "",
      "socialSecurityDate" : null,
      "mediaObjectReference" : "",
      "lastUpdateDateTime" : "2017-12-17T00:00:00",
      "inputDateTime" : "2017-12-17T00:00:00",
      "_links" : {
        "self" : {
          "href" : "http://localhost/api/contacts/1137_0"
        },
        "contactPerson" : {
          "href" : "http://localhost/api/contacts/1137_0"
        },
        "master" : {
          "href" : "http://localhost/api/contacts/1137_0/master"
        }
      }
    }, {
      "inputUserId" : "QSA",
      "lastUpdateUserId" : "QSA",
      "computerId" : "GLSVR171217",
      "lastSynchronizedDate" : null,
      "addressNumber" : "1138",
      "sequence" : 0,
      "name" : "Arnold Waskito",
      "mailingName" : "Arnold Waskito",
      "description" : "",
      "firstName" : "",
      "middleName" : "",
      "lastName" : "",
      "nickname" : "",
      "salutation" : "",
      "gender" : "",
      "type" : "C",
      "religion" : "",
      "dateOfBirth" : null,
      "placeOfBirth" : "",
      "socialSecurityNumber" : "",
      "socialSecurityDate" : null,
      "mediaObjectReference" : "",
      "lastUpdateDateTime" : "2017-12-17T00:00:00",
      "inputDateTime" : "2017-12-17T00:00:00",
      "_links" : {
        "self" : {
          "href" : "http://localhost/api/contacts/1138_0"
        },
        "contactPerson" : {
          "href" : "http://localhost/api/contacts/1138_0"
        },
        "master" : {
          "href" : "http://localhost/api/contacts/1138_0/master"
        }
      }
    }, {
      "inputUserId" : "QSA",
      "lastUpdateUserId" : "QSA",
      "computerId" : "GLSVR171217",
      "lastSynchronizedDate" : null,
      "addressNumber" : "1139",
      "sequence" : 0,
      "name" : "Arokah Bactiar",
      "mailingName" : "Arokah Bactiar",
      "description" : "",
      "firstName" : "",
      "middleName" : "",
      "lastName" : "",
      "nickname" : "",
      "salutation" : "",
      "gender" : "",
      "type" : "C",
      "religion" : "",
      "dateOfBirth" : null,
      "placeOfBirth" : "",
      "socialSecurityNumber" : "",
      "socialSecurityDate" : null,
      "mediaObjectReference" : "",
      "lastUpdateDateTime" : "2017-12-17T00:00:00",
      "inputDateTime" : "2017-12-17T00:00:00",
      "_links" : {
        "self" : {
          "href" : "http://localhost/api/contacts/1139_0"
        },
        "contactPerson" : {
          "href" : "http://localhost/api/contacts/1139_0"
        },
        "master" : {
          "href" : "http://localhost/api/contacts/1139_0/master"
        }
      }
    }, {
      "inputUserId" : "QSA",
      "lastUpdateUserId" : "QSA",
      "computerId" : "GLSVR171217",
      "lastSynchronizedDate" : null,
      "addressNumber" : "1140",
      "sequence" : 0,
      "name" : "Arrabon",
      "mailingName" : "Arrabon",
      "description" : "",
      "firstName" : "",
      "middleName" : "",
      "lastName" : "",
      "nickname" : "",
      "salutation" : "",
      "gender" : "",
      "type" : "C",
      "religion" : "",
      "dateOfBirth" : null,
      "placeOfBirth" : "",
      "socialSecurityNumber" : "",
      "socialSecurityDate" : null,
      "mediaObjectReference" : "",
      "lastUpdateDateTime" : "2017-12-17T00:00:00",
      "inputDateTime" : "2017-12-17T00:00:00",
      "_links" : {
        "self" : {
          "href" : "http://localhost/api/contacts/1140_0"
        },
        "contactPerson" : {
          "href" : "http://localhost/api/contacts/1140_0"
        },
        "master" : {
          "href" : "http://localhost/api/contacts/1140_0/master"
        }
      }
    }, {
      "inputUserId" : "QSA",
      "lastUpdateUserId" : "QSA",
      "computerId" : "GLSVR171217",
      "lastSynchronizedDate" : null,
      "addressNumber" : "1141",
      "sequence" : 0,
      "name" : "Art Print",
      "mailingName" : "Art Print",
      "description" : "",
      "firstName" : "",
      "middleName" : "",
      "lastName" : "",
      "nickname" : "",
      "salutation" : "",
      "gender" : "",
      "type" : "C",
      "religion" : "",
      "dateOfBirth" : null,
      "placeOfBirth" : "",
      "socialSecurityNumber" : "",
      "socialSecurityDate" : null,
      "mediaObjectReference" : "",
      "lastUpdateDateTime" : "2017-12-17T00:00:00",
      "inputDateTime" : "2017-12-17T00:00:00",
      "_links" : {
        "self" : {
          "href" : "http://localhost/api/contacts/1141_0"
        },
        "contactPerson" : {
          "href" : "http://localhost/api/contacts/1141_0"
        },
        "master" : {
          "href" : "http://localhost/api/contacts/1141_0/master"
        }
      }
    }, {
      "inputUserId" : "QSA",
      "lastUpdateUserId" : "QSA",
      "computerId" : "GLSVR171217",
      "lastSynchronizedDate" : null,
      "addressNumber" : "1142",
      "sequence" : 0,
      "name" : "Arteta",
      "mailingName" : "Arteta",
      "description" : "",
      "firstName" : "",
      "middleName" : "",
      "lastName" : "",
      "nickname" : "",
      "salutation" : "",
      "gender" : "",
      "type" : "C",
      "religion" : "",
      "dateOfBirth" : null,
      "placeOfBirth" : "",
      "socialSecurityNumber" : "",
      "socialSecurityDate" : null,
      "mediaObjectReference" : "",
      "lastUpdateDateTime" : "2017-12-17T00:00:00",
      "inputDateTime" : "2017-12-17T00:00:00",
      "_links" : {
        "self" : {
          "href" : "http://localhost/api/contacts/1142_0"
        },
        "contactPerson" : {
          "href" : "http://localhost/api/contacts/1142_0"
        },
        "master" : {
          "href" : "http://localhost/api/contacts/1142_0/master"
        }
      }
    }, {
      "inputUserId" : "QSA",
      "lastUpdateUserId" : "QSA",
      "computerId" : "GLSVR171217",
      "lastSynchronizedDate" : null,
      "addressNumber" : "1143",
      "sequence" : 0,
      "name" : "Arwin",
      "mailingName" : "Arwin",
      "description" : "",
      "firstName" : "",
      "middleName" : "",
      "lastName" : "",
      "nickname" : "",
      "salutation" : "",
      "gender" : "",
      "type" : "C",
      "religion" : "",
      "dateOfBirth" : null,
      "placeOfBirth" : "",
      "socialSecurityNumber" : "",
      "socialSecurityDate" : null,
      "mediaObjectReference" : "",
      "lastUpdateDateTime" : "2017-12-17T00:00:00",
      "inputDateTime" : "2017-12-17T00:00:00",
      "_links" : {
        "self" : {
          "href" : "http://localhost/api/contacts/1143_0"
        },
        "contactPerson" : {
          "href" : "http://localhost/api/contacts/1143_0"
        },
        "master" : {
          "href" : "http://localhost/api/contacts/1143_0/master"
        }
      }
    }, {
      "inputUserId" : "QSA",
      "lastUpdateUserId" : "QSA",
      "computerId" : "GLSVR171217",
      "lastSynchronizedDate" : null,
      "addressNumber" : "1144",
      "sequence" : 0,
      "name" : "Aryaloka",
      "mailingName" : "Aryaloka",
      "description" : "",
      "firstName" : "",
      "middleName" : "",
      "lastName" : "",
      "nickname" : "",
      "salutation" : "",
      "gender" : "",
      "type" : "C",
      "religion" : "",
      "dateOfBirth" : null,
      "placeOfBirth" : "",
      "socialSecurityNumber" : "",
      "socialSecurityDate" : null,
      "mediaObjectReference" : "",
      "lastUpdateDateTime" : "2017-12-17T00:00:00",
      "inputDateTime" : "2017-12-17T00:00:00",
      "_links" : {
        "self" : {
          "href" : "http://localhost/api/contacts/1144_0"
        },
        "contactPerson" : {
          "href" : "http://localhost/api/contacts/1144_0"
        },
        "master" : {
          "href" : "http://localhost/api/contacts/1144_0/master"
        }
      }
    }, {
      "inputUserId" : "QSA",
      "lastUpdateUserId" : "QSA",
      "computerId" : "GLSVR171217",
      "lastSynchronizedDate" : null,
      "addressNumber" : "1145",
      "sequence" : 0,
      "name" : "Ashadi",
      "mailingName" : "Ashadi",
      "description" : "",
      "firstName" : "",
      "middleName" : "",
      "lastName" : "",
      "nickname" : "",
      "salutation" : "",
      "gender" : "",
      "type" : "C",
      "religion" : "",
      "dateOfBirth" : null,
      "placeOfBirth" : "",
      "socialSecurityNumber" : "",
      "socialSecurityDate" : null,
      "mediaObjectReference" : "",
      "lastUpdateDateTime" : "2017-12-17T00:00:00",
      "inputDateTime" : "2017-12-17T00:00:00",
      "_links" : {
        "self" : {
          "href" : "http://localhost/api/contacts/1145_0"
        },
        "contactPerson" : {
          "href" : "http://localhost/api/contacts/1145_0"
        },
        "master" : {
          "href" : "http://localhost/api/contacts/1145_0/master"
        }
      }
    }, {
      "inputUserId" : "QSA",
      "lastUpdateUserId" : "QSA",
      "computerId" : "GLSVR171217",
      "lastSynchronizedDate" : null,
      "addressNumber" : "1146",
      "sequence" : 0,
      "name" : "Asia Komputer",
      "mailingName" : "Asia Komputer",
      "description" : "",
      "firstName" : "",
      "middleName" : "",
      "lastName" : "",
      "nickname" : "",
      "salutation" : "",
      "gender" : "",
      "type" : "C",
      "religion" : "",
      "dateOfBirth" : null,
      "placeOfBirth" : "",
      "socialSecurityNumber" : "",
      "socialSecurityDate" : null,
      "mediaObjectReference" : "",
      "lastUpdateDateTime" : "2017-12-17T00:00:00",
      "inputDateTime" : "2017-12-17T00:00:00",
      "_links" : {
        "self" : {
          "href" : "http://localhost/api/contacts/1146_0"
        },
        "contactPerson" : {
          "href" : "http://localhost/api/contacts/1146_0"
        },
        "master" : {
          "href" : "http://localhost/api/contacts/1146_0/master"
        }
      }
    }, {
      "inputUserId" : "QSA",
      "lastUpdateUserId" : "QSA",
      "computerId" : "GLSVR171217",
      "lastSynchronizedDate" : null,
      "addressNumber" : "1147",
      "sequence" : 0,
      "name" : "Asman",
      "mailingName" : "Asman",
      "description" : "",
      "firstName" : "",
      "middleName" : "",
      "lastName" : "",
      "nickname" : "",
      "salutation" : "",
      "gender" : "",
      "type" : "C",
      "religion" : "",
      "dateOfBirth" : null,
      "placeOfBirth" : "",
      "socialSecurityNumber" : "",
      "socialSecurityDate" : null,
      "mediaObjectReference" : "",
      "lastUpdateDateTime" : "2017-12-17T00:00:00",
      "inputDateTime" : "2017-12-17T00:00:00",
      "_links" : {
        "self" : {
          "href" : "http://localhost/api/contacts/1147_0"
        },
        "contactPerson" : {
          "href" : "http://localhost/api/contacts/1147_0"
        },
        "master" : {
          "href" : "http://localhost/api/contacts/1147_0/master"
        }
      }
    }, {
      "inputUserId" : "QSA",
      "lastUpdateUserId" : "QSA",
      "computerId" : "GLSVR171217",
      "lastSynchronizedDate" : null,
      "addressNumber" : "1148",
      "sequence" : 0,
      "name" : "Asterix Computer",
      "mailingName" : "Asterix Computer",
      "description" : "",
      "firstName" : "",
      "middleName" : "",
      "lastName" : "",
      "nickname" : "",
      "salutation" : "",
      "gender" : "",
      "type" : "C",
      "religion" : "",
      "dateOfBirth" : null,
      "placeOfBirth" : "",
      "socialSecurityNumber" : "",
      "socialSecurityDate" : null,
      "mediaObjectReference" : "",
      "lastUpdateDateTime" : "2017-12-17T00:00:00",
      "inputDateTime" : "2017-12-17T00:00:00",
      "_links" : {
        "self" : {
          "href" : "http://localhost/api/contacts/1148_0"
        },
        "contactPerson" : {
          "href" : "http://localhost/api/contacts/1148_0"
        },
        "master" : {
          "href" : "http://localhost/api/contacts/1148_0/master"
        }
      }
    }, {
      "inputUserId" : "QSA",
      "lastUpdateUserId" : "QSA",
      "computerId" : "GLSVR171217",
      "lastSynchronizedDate" : null,
      "addressNumber" : "1149",
      "sequence" : 0,
      "name" : "Aston Printer",
      "mailingName" : "Aston Printer",
      "description" : "",
      "firstName" : "",
      "middleName" : "",
      "lastName" : "",
      "nickname" : "",
      "salutation" : "",
      "gender" : "",
      "type" : "C",
      "religion" : "",
      "dateOfBirth" : null,
      "placeOfBirth" : "",
      "socialSecurityNumber" : "",
      "socialSecurityDate" : null,
      "mediaObjectReference" : "",
      "lastUpdateDateTime" : "2017-12-17T00:00:00",
      "inputDateTime" : "2017-12-17T00:00:00",
      "_links" : {
        "self" : {
          "href" : "http://localhost/api/contacts/1149_0"
        },
        "contactPerson" : {
          "href" : "http://localhost/api/contacts/1149_0"
        },
        "master" : {
          "href" : "http://localhost/api/contacts/1149_0/master"
        }
      }
    }, {
      "inputUserId" : "QSA",
      "lastUpdateUserId" : "QSA",
      "computerId" : "GLSVR171217",
      "lastSynchronizedDate" : null,
      "addressNumber" : "1150",
      "sequence" : 0,
      "name" : "Aston-Malang",
      "mailingName" : "Aston-Malang",
      "description" : "",
      "firstName" : "",
      "middleName" : "",
      "lastName" : "",
      "nickname" : "",
      "salutation" : "",
      "gender" : "",
      "type" : "C",
      "religion" : "",
      "dateOfBirth" : null,
      "placeOfBirth" : "",
      "socialSecurityNumber" : "",
      "socialSecurityDate" : null,
      "mediaObjectReference" : "",
      "lastUpdateDateTime" : "2017-12-17T00:00:00",
      "inputDateTime" : "2017-12-17T00:00:00",
      "_links" : {
        "self" : {
          "href" : "http://localhost/api/contacts/1150_0"
        },
        "contactPerson" : {
          "href" : "http://localhost/api/contacts/1150_0"
        },
        "master" : {
          "href" : "http://localhost/api/contacts/1150_0/master"
        }
      }
    }, {
      "inputUserId" : "QSA",
      "lastUpdateUserId" : "QSA",
      "computerId" : "GLSVR171217",
      "lastSynchronizedDate" : null,
      "addressNumber" : "1151",
      "sequence" : 0,
      "name" : "Astrai",
      "mailingName" : "Astrai",
      "description" : "",
      "firstName" : "",
      "middleName" : "",
      "lastName" : "",
      "nickname" : "",
      "salutation" : "",
      "gender" : "",
      "type" : "C",
      "religion" : "",
      "dateOfBirth" : null,
      "placeOfBirth" : "",
      "socialSecurityNumber" : "",
      "socialSecurityDate" : null,
      "mediaObjectReference" : "",
      "lastUpdateDateTime" : "2017-12-17T00:00:00",
      "inputDateTime" : "2017-12-17T00:00:00",
      "_links" : {
        "self" : {
          "href" : "http://localhost/api/contacts/1151_0"
        },
        "contactPerson" : {
          "href" : "http://localhost/api/contacts/1151_0"
        },
        "master" : {
          "href" : "http://localhost/api/contacts/1151_0/master"
        }
      }
    }, {
      "inputUserId" : "QSA",
      "lastUpdateUserId" : "QSA",
      "computerId" : "GLSVR171217",
      "lastSynchronizedDate" : null,
      "addressNumber" : "1152",
      "sequence" : 0,
      "name" : "Astri",
      "mailingName" : "Astri",
      "description" : "",
      "firstName" : "",
      "middleName" : "",
      "lastName" : "",
      "nickname" : "",
      "salutation" : "",
      "gender" : "",
      "type" : "C",
      "religion" : "",
      "dateOfBirth" : null,
      "placeOfBirth" : "",
      "socialSecurityNumber" : "",
      "socialSecurityDate" : null,
      "mediaObjectReference" : "",
      "lastUpdateDateTime" : "2017-12-17T00:00:00",
      "inputDateTime" : "2017-12-17T00:00:00",
      "_links" : {
        "self" : {
          "href" : "http://localhost/api/contacts/1152_0"
        },
        "contactPerson" : {
          "href" : "http://localhost/api/contacts/1152_0"
        },
        "master" : {
          "href" : "http://localhost/api/contacts/1152_0/master"
        }
      }
    }, {
      "inputUserId" : "QSA",
      "lastUpdateUserId" : "QSA",
      "computerId" : "GLSVR171217",
      "lastSynchronizedDate" : null,
      "addressNumber" : "1153",
      "sequence" : 0,
      "name" : "Astrindo",
      "mailingName" : "Astrindo",
      "description" : "",
      "firstName" : "",
      "middleName" : "",
      "lastName" : "",
      "nickname" : "",
      "salutation" : "",
      "gender" : "",
      "type" : "C",
      "religion" : "",
      "dateOfBirth" : null,
      "placeOfBirth" : "",
      "socialSecurityNumber" : "",
      "socialSecurityDate" : null,
      "mediaObjectReference" : "",
      "lastUpdateDateTime" : "2017-12-17T00:00:00",
      "inputDateTime" : "2017-12-17T00:00:00",
      "_links" : {
        "self" : {
          "href" : "http://localhost/api/contacts/1153_0"
        },
        "contactPerson" : {
          "href" : "http://localhost/api/contacts/1153_0"
        },
        "master" : {
          "href" : "http://localhost/api/contacts/1153_0/master"
        }
      }
    }, {
      "inputUserId" : "QSA",
      "lastUpdateUserId" : "QSA",
      "computerId" : "GLSVR171217",
      "lastSynchronizedDate" : null,
      "addressNumber" : "1154",
      "sequence" : 0,
      "name" : "Astro Tech",
      "mailingName" : "Astro Tech",
      "description" : "",
      "firstName" : "",
      "middleName" : "",
      "lastName" : "",
      "nickname" : "",
      "salutation" : "",
      "gender" : "",
      "type" : "C",
      "religion" : "",
      "dateOfBirth" : null,
      "placeOfBirth" : "",
      "socialSecurityNumber" : "",
      "socialSecurityDate" : null,
      "mediaObjectReference" : "",
      "lastUpdateDateTime" : "2017-12-17T00:00:00",
      "inputDateTime" : "2017-12-17T00:00:00",
      "_links" : {
        "self" : {
          "href" : "http://localhost/api/contacts/1154_0"
        },
        "contactPerson" : {
          "href" : "http://localhost/api/contacts/1154_0"
        },
        "master" : {
          "href" : "http://localhost/api/contacts/1154_0/master"
        }
      }
    }, {
      "inputUserId" : "QSA",
      "lastUpdateUserId" : "QSA",
      "computerId" : "GLSVR171217",
      "lastSynchronizedDate" : null,
      "addressNumber" : "1155",
      "sequence" : 0,
      "name" : "Astrocom",
      "mailingName" : "Astrocom",
      "description" : "",
      "firstName" : "",
      "middleName" : "",
      "lastName" : "",
      "nickname" : "",
      "salutation" : "",
      "gender" : "",
      "type" : "C",
      "religion" : "",
      "dateOfBirth" : null,
      "placeOfBirth" : "",
      "socialSecurityNumber" : "",
      "socialSecurityDate" : null,
      "mediaObjectReference" : "",
      "lastUpdateDateTime" : "2017-12-17T00:00:00",
      "inputDateTime" : "2017-12-17T00:00:00",
      "_links" : {
        "self" : {
          "href" : "http://localhost/api/contacts/1155_0"
        },
        "contactPerson" : {
          "href" : "http://localhost/api/contacts/1155_0"
        },
        "master" : {
          "href" : "http://localhost/api/contacts/1155_0/master"
        }
      }
    }, {
      "inputUserId" : "QSA",
      "lastUpdateUserId" : "QSA",
      "computerId" : "GLSVR171217",
      "lastSynchronizedDate" : null,
      "addressNumber" : "1156",
      "sequence" : 0,
      "name" : "Asuka",
      "mailingName" : "Asuka",
      "description" : "",
      "firstName" : "",
      "middleName" : "",
      "lastName" : "",
      "nickname" : "",
      "salutation" : "",
      "gender" : "",
      "type" : "C",
      "religion" : "",
      "dateOfBirth" : null,
      "placeOfBirth" : "",
      "socialSecurityNumber" : "",
      "socialSecurityDate" : null,
      "mediaObjectReference" : "",
      "lastUpdateDateTime" : "2017-12-17T00:00:00",
      "inputDateTime" : "2017-12-17T00:00:00",
      "_links" : {
        "self" : {
          "href" : "http://localhost/api/contacts/1156_0"
        },
        "contactPerson" : {
          "href" : "http://localhost/api/contacts/1156_0"
        },
        "master" : {
          "href" : "http://localhost/api/contacts/1156_0/master"
        }
      }
    }, {
      "inputUserId" : "QSA",
      "lastUpdateUserId" : "QSA",
      "computerId" : "GLSVR171217",
      "lastSynchronizedDate" : null,
      "addressNumber" : "1157",
      "sequence" : 0,
      "name" : "Asus",
      "mailingName" : "Asus",
      "description" : "",
      "firstName" : "",
      "middleName" : "",
      "lastName" : "",
      "nickname" : "",
      "salutation" : "",
      "gender" : "",
      "type" : "C",
      "religion" : "",
      "dateOfBirth" : null,
      "placeOfBirth" : "",
      "socialSecurityNumber" : "",
      "socialSecurityDate" : null,
      "mediaObjectReference" : "",
      "lastUpdateDateTime" : "2017-12-17T00:00:00",
      "inputDateTime" : "2017-12-17T00:00:00",
      "_links" : {
        "self" : {
          "href" : "http://localhost/api/contacts/1157_0"
        },
        "contactPerson" : {
          "href" : "http://localhost/api/contacts/1157_0"
        },
        "master" : {
          "href" : "http://localhost/api/contacts/1157_0/master"
        }
      }
    }, {
      "inputUserId" : "QSA",
      "lastUpdateUserId" : "QSA",
      "computerId" : "GLSVR171217",
      "lastSynchronizedDate" : null,
      "addressNumber" : "1158",
      "sequence" : 0,
      "name" : "Aswar",
      "mailingName" : "Aswar",
      "description" : "",
      "firstName" : "",
      "middleName" : "",
      "lastName" : "",
      "nickname" : "",
      "salutation" : "",
      "gender" : "",
      "type" : "C",
      "religion" : "",
      "dateOfBirth" : null,
      "placeOfBirth" : "",
      "socialSecurityNumber" : "",
      "socialSecurityDate" : null,
      "mediaObjectReference" : "",
      "lastUpdateDateTime" : "2017-12-17T00:00:00",
      "inputDateTime" : "2017-12-17T00:00:00",
      "_links" : {
        "self" : {
          "href" : "http://localhost/api/contacts/1158_0"
        },
        "contactPerson" : {
          "href" : "http://localhost/api/contacts/1158_0"
        },
        "master" : {
          "href" : "http://localhost/api/contacts/1158_0/master"
        }
      }
    }, {
      "inputUserId" : "QSA",
      "lastUpdateUserId" : "QSA",
      "computerId" : "GLSVR171217",
      "lastSynchronizedDate" : null,
      "addressNumber" : "1159",
      "sequence" : 0,
      "name" : "Atlantis",
      "mailingName" : "Atlantis",
      "description" : "",
      "firstName" : "",
      "middleName" : "",
      "lastName" : "",
      "nickname" : "",
      "salutation" : "",
      "gender" : "",
      "type" : "C",
      "religion" : "",
      "dateOfBirth" : null,
      "placeOfBirth" : "",
      "socialSecurityNumber" : "",
      "socialSecurityDate" : null,
      "mediaObjectReference" : "",
      "lastUpdateDateTime" : "2017-12-17T00:00:00",
      "inputDateTime" : "2017-12-17T00:00:00",
      "_links" : {
        "self" : {
          "href" : "http://localhost/api/contacts/1159_0"
        },
        "contactPerson" : {
          "href" : "http://localhost/api/contacts/1159_0"
        },
        "master" : {
          "href" : "http://localhost/api/contacts/1159_0/master"
        }
      }
    }, {
      "inputUserId" : "QSA",
      "lastUpdateUserId" : "QSA",
      "computerId" : "GLSVR171217",
      "lastSynchronizedDate" : null,
      "addressNumber" : "1160",
      "sequence" : 0,
      "name" : "Auliya",
      "mailingName" : "Auliya",
      "description" : "",
      "firstName" : "",
      "middleName" : "",
      "lastName" : "",
      "nickname" : "",
      "salutation" : "",
      "gender" : "",
      "type" : "C",
      "religion" : "",
      "dateOfBirth" : null,
      "placeOfBirth" : "",
      "socialSecurityNumber" : "",
      "socialSecurityDate" : null,
      "mediaObjectReference" : "",
      "lastUpdateDateTime" : "2017-12-17T00:00:00",
      "inputDateTime" : "2017-12-17T00:00:00",
      "_links" : {
        "self" : {
          "href" : "http://localhost/api/contacts/1160_0"
        },
        "contactPerson" : {
          "href" : "http://localhost/api/contacts/1160_0"
        },
        "master" : {
          "href" : "http://localhost/api/contacts/1160_0/master"
        }
      }
    }, {
      "inputUserId" : "QSA",
      "lastUpdateUserId" : "QSA",
      "computerId" : "GLSVR171217",
      "lastSynchronizedDate" : null,
      "addressNumber" : "1161",
      "sequence" : 0,
      "name" : "AW Computer",
      "mailingName" : "AW Computer",
      "description" : "",
      "firstName" : "",
      "middleName" : "",
      "lastName" : "",
      "nickname" : "",
      "salutation" : "",
      "gender" : "",
      "type" : "C",
      "religion" : "",
      "dateOfBirth" : null,
      "placeOfBirth" : "",
      "socialSecurityNumber" : "",
      "socialSecurityDate" : null,
      "mediaObjectReference" : "",
      "lastUpdateDateTime" : "2017-12-17T00:00:00",
      "inputDateTime" : "2017-12-17T00:00:00",
      "_links" : {
        "self" : {
          "href" : "http://localhost/api/contacts/1161_0"
        },
        "contactPerson" : {
          "href" : "http://localhost/api/contacts/1161_0"
        },
        "master" : {
          "href" : "http://localhost/api/contacts/1161_0/master"
        }
      }
    }, {
      "inputUserId" : "QSA",
      "lastUpdateUserId" : "QSA",
      "computerId" : "GLSVR171217",
      "lastSynchronizedDate" : null,
      "addressNumber" : "1162",
      "sequence" : 0,
      "name" : "Awaludin",
      "mailingName" : "Awaludin",
      "description" : "",
      "firstName" : "",
      "middleName" : "",
      "lastName" : "",
      "nickname" : "",
      "salutation" : "",
      "gender" : "",
      "type" : "C",
      "religion" : "",
      "dateOfBirth" : null,
      "placeOfBirth" : "",
      "socialSecurityNumber" : "",
      "socialSecurityDate" : null,
      "mediaObjectReference" : "",
      "lastUpdateDateTime" : "2017-12-17T00:00:00",
      "inputDateTime" : "2017-12-17T00:00:00",
      "_links" : {
        "self" : {
          "href" : "http://localhost/api/contacts/1162_0"
        },
        "contactPerson" : {
          "href" : "http://localhost/api/contacts/1162_0"
        },
        "master" : {
          "href" : "http://localhost/api/contacts/1162_0/master"
        }
      }
    }, {
      "inputUserId" : "QSA",
      "lastUpdateUserId" : "QSA",
      "computerId" : "GLSVR171217",
      "lastSynchronizedDate" : null,
      "addressNumber" : "1163",
      "sequence" : 0,
      "name" : "Ayu",
      "mailingName" : "Ayu",
      "description" : "",
      "firstName" : "",
      "middleName" : "",
      "lastName" : "",
      "nickname" : "",
      "salutation" : "",
      "gender" : "",
      "type" : "C",
      "religion" : "",
      "dateOfBirth" : null,
      "placeOfBirth" : "",
      "socialSecurityNumber" : "",
      "socialSecurityDate" : null,
      "mediaObjectReference" : "",
      "lastUpdateDateTime" : "2017-12-17T00:00:00",
      "inputDateTime" : "2017-12-17T00:00:00",
      "_links" : {
        "self" : {
          "href" : "http://localhost/api/contacts/1163_0"
        },
        "contactPerson" : {
          "href" : "http://localhost/api/contacts/1163_0"
        },
        "master" : {
          "href" : "http://localhost/api/contacts/1163_0/master"
        }
      }
    }, {
      "inputUserId" : "QSA",
      "lastUpdateUserId" : "QSA",
      "computerId" : "GLSVR171217",
      "lastSynchronizedDate" : null,
      "addressNumber" : "1164",
      "sequence" : 0,
      "name" : "Ayun",
      "mailingName" : "Ayun",
      "description" : "",
      "firstName" : "",
      "middleName" : "",
      "lastName" : "",
      "nickname" : "",
      "salutation" : "",
      "gender" : "",
      "type" : "C",
      "religion" : "",
      "dateOfBirth" : null,
      "placeOfBirth" : "",
      "socialSecurityNumber" : "",
      "socialSecurityDate" : null,
      "mediaObjectReference" : "",
      "lastUpdateDateTime" : "2017-12-17T00:00:00",
      "inputDateTime" : "2017-12-17T00:00:00",
      "_links" : {
        "self" : {
          "href" : "http://localhost/api/contacts/1164_0"
        },
        "contactPerson" : {
          "href" : "http://localhost/api/contacts/1164_0"
        },
        "master" : {
          "href" : "http://localhost/api/contacts/1164_0/master"
        }
      }
    }, {
      "inputUserId" : "QSA",
      "lastUpdateUserId" : "QSA",
      "computerId" : "GLSVR171217",
      "lastSynchronizedDate" : null,
      "addressNumber" : "1165",
      "sequence" : 0,
      "name" : "Azka Computer",
      "mailingName" : "Azka Computer",
      "description" : "",
      "firstName" : "",
      "middleName" : "",
      "lastName" : "",
      "nickname" : "",
      "salutation" : "",
      "gender" : "",
      "type" : "C",
      "religion" : "",
      "dateOfBirth" : null,
      "placeOfBirth" : "",
      "socialSecurityNumber" : "",
      "socialSecurityDate" : null,
      "mediaObjectReference" : "",
      "lastUpdateDateTime" : "2017-12-17T00:00:00",
      "inputDateTime" : "2017-12-17T00:00:00",
      "_links" : {
        "self" : {
          "href" : "http://localhost/api/contacts/1165_0"
        },
        "contactPerson" : {
          "href" : "http://localhost/api/contacts/1165_0"
        },
        "master" : {
          "href" : "http://localhost/api/contacts/1165_0/master"
        }
      }
    }, {
      "inputUserId" : "QSA",
      "lastUpdateUserId" : "QSA",
      "computerId" : "GLSVR171217",
      "lastSynchronizedDate" : null,
      "addressNumber" : "1166",
      "sequence" : 0,
      "name" : "Bagus",
      "mailingName" : "Bagus",
      "description" : "",
      "firstName" : "",
      "middleName" : "",
      "lastName" : "",
      "nickname" : "",
      "salutation" : "",
      "gender" : "",
      "type" : "C",
      "religion" : "",
      "dateOfBirth" : null,
      "placeOfBirth" : "",
      "socialSecurityNumber" : "",
      "socialSecurityDate" : null,
      "mediaObjectReference" : "",
      "lastUpdateDateTime" : "2017-12-17T00:00:00",
      "inputDateTime" : "2017-12-17T00:00:00",
      "_links" : {
        "self" : {
          "href" : "http://localhost/api/contacts/1166_0"
        },
        "contactPerson" : {
          "href" : "http://localhost/api/contacts/1166_0"
        },
        "master" : {
          "href" : "http://localhost/api/contacts/1166_0/master"
        }
      }
    }, {
      "inputUserId" : "QSA",
      "lastUpdateUserId" : "QSA",
      "computerId" : "GLSVR171217",
      "lastSynchronizedDate" : null,
      "addressNumber" : "1167",
      "sequence" : 0,
      "name" : "Bakul IT",
      "mailingName" : "Bakul IT",
      "description" : "",
      "firstName" : "",
      "middleName" : "",
      "lastName" : "",
      "nickname" : "",
      "salutation" : "",
      "gender" : "",
      "type" : "C",
      "religion" : "",
      "dateOfBirth" : null,
      "placeOfBirth" : "",
      "socialSecurityNumber" : "",
      "socialSecurityDate" : null,
      "mediaObjectReference" : "",
      "lastUpdateDateTime" : "2017-12-17T00:00:00",
      "inputDateTime" : "2017-12-17T00:00:00",
      "_links" : {
        "self" : {
          "href" : "http://localhost/api/contacts/1167_0"
        },
        "contactPerson" : {
          "href" : "http://localhost/api/contacts/1167_0"
        },
        "master" : {
          "href" : "http://localhost/api/contacts/1167_0/master"
        }
      }
    }, {
      "inputUserId" : "QSA",
      "lastUpdateUserId" : "QSA",
      "computerId" : "GLSVR171217",
      "lastSynchronizedDate" : null,
      "addressNumber" : "1168",
      "sequence" : 0,
      "name" : "Bali Computer",
      "mailingName" : "Bali Computer",
      "description" : "",
      "firstName" : "",
      "middleName" : "",
      "lastName" : "",
      "nickname" : "",
      "salutation" : "",
      "gender" : "",
      "type" : "C",
      "religion" : "",
      "dateOfBirth" : null,
      "placeOfBirth" : "",
      "socialSecurityNumber" : "",
      "socialSecurityDate" : null,
      "mediaObjectReference" : "",
      "lastUpdateDateTime" : "2017-12-17T00:00:00",
      "inputDateTime" : "2017-12-17T00:00:00",
      "_links" : {
        "self" : {
          "href" : "http://localhost/api/contacts/1168_0"
        },
        "contactPerson" : {
          "href" : "http://localhost/api/contacts/1168_0"
        },
        "master" : {
          "href" : "http://localhost/api/contacts/1168_0/master"
        }
      }
    }, {
      "inputUserId" : "QSA",
      "lastUpdateUserId" : "QSA",
      "computerId" : "GLSVR171217",
      "lastSynchronizedDate" : null,
      "addressNumber" : "1169",
      "sequence" : 0,
      "name" : "Bambang",
      "mailingName" : "Bambang",
      "description" : "",
      "firstName" : "",
      "middleName" : "",
      "lastName" : "",
      "nickname" : "",
      "salutation" : "",
      "gender" : "",
      "type" : "C",
      "religion" : "",
      "dateOfBirth" : null,
      "placeOfBirth" : "",
      "socialSecurityNumber" : "",
      "socialSecurityDate" : null,
      "mediaObjectReference" : "",
      "lastUpdateDateTime" : "2017-12-17T00:00:00",
      "inputDateTime" : "2017-12-17T00:00:00",
      "_links" : {
        "self" : {
          "href" : "http://localhost/api/contacts/1169_0"
        },
        "contactPerson" : {
          "href" : "http://localhost/api/contacts/1169_0"
        },
        "master" : {
          "href" : "http://localhost/api/contacts/1169_0/master"
        }
      }
    }, {
      "inputUserId" : "QSA",
      "lastUpdateUserId" : "QSA",
      "computerId" : "GLSVR171217",
      "lastSynchronizedDate" : null,
      "addressNumber" : "1170",
      "sequence" : 0,
      "name" : "Bambang Darmon",
      "mailingName" : "Bambang Darmon",
      "description" : "",
      "firstName" : "",
      "middleName" : "",
      "lastName" : "",
      "nickname" : "",
      "salutation" : "",
      "gender" : "",
      "type" : "C",
      "religion" : "",
      "dateOfBirth" : null,
      "placeOfBirth" : "",
      "socialSecurityNumber" : "",
      "socialSecurityDate" : null,
      "mediaObjectReference" : "",
      "lastUpdateDateTime" : "2017-12-17T00:00:00",
      "inputDateTime" : "2017-12-17T00:00:00",
      "_links" : {
        "self" : {
          "href" : "http://localhost/api/contacts/1170_0"
        },
        "contactPerson" : {
          "href" : "http://localhost/api/contacts/1170_0"
        },
        "master" : {
          "href" : "http://localhost/api/contacts/1170_0/master"
        }
      }
    }, {
      "inputUserId" : "QSA",
      "lastUpdateUserId" : "QSA",
      "computerId" : "GLSVR171217",
      "lastSynchronizedDate" : null,
      "addressNumber" : "1171",
      "sequence" : 0,
      "name" : "Bambang Darmono",
      "mailingName" : "Bambang Darmono",
      "description" : "",
      "firstName" : "",
      "middleName" : "",
      "lastName" : "",
      "nickname" : "",
      "salutation" : "",
      "gender" : "",
      "type" : "C",
      "religion" : "",
      "dateOfBirth" : null,
      "placeOfBirth" : "",
      "socialSecurityNumber" : "",
      "socialSecurityDate" : null,
      "mediaObjectReference" : "",
      "lastUpdateDateTime" : "2017-12-17T00:00:00",
      "inputDateTime" : "2017-12-17T00:00:00",
      "_links" : {
        "self" : {
          "href" : "http://localhost/api/contacts/1171_0"
        },
        "contactPerson" : {
          "href" : "http://localhost/api/contacts/1171_0"
        },
        "master" : {
          "href" : "http://localhost/api/contacts/1171_0/master"
        }
      }
    }, {
      "inputUserId" : "QSA",
      "lastUpdateUserId" : "QSA",
      "computerId" : "GLSVR171217",
      "lastSynchronizedDate" : null,
      "addressNumber" : "1172",
      "sequence" : 0,
      "name" : "Bambang Santuso",
      "mailingName" : "Bambang Santuso",
      "description" : "",
      "firstName" : "",
      "middleName" : "",
      "lastName" : "",
      "nickname" : "",
      "salutation" : "",
      "gender" : "",
      "type" : "C",
      "religion" : "",
      "dateOfBirth" : null,
      "placeOfBirth" : "",
      "socialSecurityNumber" : "",
      "socialSecurityDate" : null,
      "mediaObjectReference" : "",
      "lastUpdateDateTime" : "2017-12-17T00:00:00",
      "inputDateTime" : "2017-12-17T00:00:00",
      "_links" : {
        "self" : {
          "href" : "http://localhost/api/contacts/1172_0"
        },
        "contactPerson" : {
          "href" : "http://localhost/api/contacts/1172_0"
        },
        "master" : {
          "href" : "http://localhost/api/contacts/1172_0/master"
        }
      }
    }, {
      "inputUserId" : "QSA",
      "lastUpdateUserId" : "QSA",
      "computerId" : "GLSVR171217",
      "lastSynchronizedDate" : null,
      "addressNumber" : "1173",
      "sequence" : 0,
      "name" : "Bandung Computer",
      "mailingName" : "Bandung Computer",
      "description" : "",
      "firstName" : "",
      "middleName" : "",
      "lastName" : "",
      "nickname" : "",
      "salutation" : "",
      "gender" : "",
      "type" : "C",
      "religion" : "",
      "dateOfBirth" : null,
      "placeOfBirth" : "",
      "socialSecurityNumber" : "",
      "socialSecurityDate" : null,
      "mediaObjectReference" : "",
      "lastUpdateDateTime" : "2017-12-17T00:00:00",
      "inputDateTime" : "2017-12-17T00:00:00",
      "_links" : {
        "self" : {
          "href" : "http://localhost/api/contacts/1173_0"
        },
        "contactPerson" : {
          "href" : "http://localhost/api/contacts/1173_0"
        },
        "master" : {
          "href" : "http://localhost/api/contacts/1173_0/master"
        }
      }
    }, {
      "inputUserId" : "QSA",
      "lastUpdateUserId" : "QSA",
      "computerId" : "GLSVR171217",
      "lastSynchronizedDate" : null,
      "addressNumber" : "1174",
      "sequence" : 0,
      "name" : "Bank Artha Graha",
      "mailingName" : "Bank Artha Graha",
      "description" : "",
      "firstName" : "",
      "middleName" : "",
      "lastName" : "",
      "nickname" : "",
      "salutation" : "",
      "gender" : "",
      "type" : "C",
      "religion" : "",
      "dateOfBirth" : null,
      "placeOfBirth" : "",
      "socialSecurityNumber" : "",
      "socialSecurityDate" : null,
      "mediaObjectReference" : "",
      "lastUpdateDateTime" : "2017-12-17T00:00:00",
      "inputDateTime" : "2017-12-17T00:00:00",
      "_links" : {
        "self" : {
          "href" : "http://localhost/api/contacts/1174_0"
        },
        "contactPerson" : {
          "href" : "http://localhost/api/contacts/1174_0"
        },
        "master" : {
          "href" : "http://localhost/api/contacts/1174_0/master"
        }
      }
    }, {
      "inputUserId" : "QSA",
      "lastUpdateUserId" : "QSA",
      "computerId" : "GLSVR171217",
      "lastSynchronizedDate" : null,
      "addressNumber" : "1175",
      "sequence" : 0,
      "name" : "Bank Mayora",
      "mailingName" : "Bank Mayora",
      "description" : "",
      "firstName" : "",
      "middleName" : "",
      "lastName" : "",
      "nickname" : "",
      "salutation" : "",
      "gender" : "",
      "type" : "C",
      "religion" : "",
      "dateOfBirth" : null,
      "placeOfBirth" : "",
      "socialSecurityNumber" : "",
      "socialSecurityDate" : null,
      "mediaObjectReference" : "",
      "lastUpdateDateTime" : "2017-12-17T00:00:00",
      "inputDateTime" : "2017-12-17T00:00:00",
      "_links" : {
        "self" : {
          "href" : "http://localhost/api/contacts/1175_0"
        },
        "contactPerson" : {
          "href" : "http://localhost/api/contacts/1175_0"
        },
        "master" : {
          "href" : "http://localhost/api/contacts/1175_0/master"
        }
      }
    }, {
      "inputUserId" : "QSA",
      "lastUpdateUserId" : "QSA",
      "computerId" : "GLSVR171217",
      "lastSynchronizedDate" : null,
      "addressNumber" : "1176",
      "sequence" : 0,
      "name" : "Bapak Steffanus Iskandar",
      "mailingName" : "Bapak Steffanus Iskandar",
      "description" : "",
      "firstName" : "",
      "middleName" : "",
      "lastName" : "",
      "nickname" : "",
      "salutation" : "",
      "gender" : "",
      "type" : "C",
      "religion" : "",
      "dateOfBirth" : null,
      "placeOfBirth" : "",
      "socialSecurityNumber" : "",
      "socialSecurityDate" : null,
      "mediaObjectReference" : "",
      "lastUpdateDateTime" : "2017-12-17T00:00:00",
      "inputDateTime" : "2017-12-17T00:00:00",
      "_links" : {
        "self" : {
          "href" : "http://localhost/api/contacts/1176_0"
        },
        "contactPerson" : {
          "href" : "http://localhost/api/contacts/1176_0"
        },
        "master" : {
          "href" : "http://localhost/api/contacts/1176_0/master"
        }
      }
    }, {
      "inputUserId" : "QSA",
      "lastUpdateUserId" : "QSA",
      "computerId" : "GLSVR171217",
      "lastSynchronizedDate" : null,
      "addressNumber" : "1177",
      "sequence" : 0,
      "name" : "Bapeda",
      "mailingName" : "Bapeda",
      "description" : "",
      "firstName" : "",
      "middleName" : "",
      "lastName" : "",
      "nickname" : "",
      "salutation" : "",
      "gender" : "",
      "type" : "C",
      "religion" : "",
      "dateOfBirth" : null,
      "placeOfBirth" : "",
      "socialSecurityNumber" : "",
      "socialSecurityDate" : null,
      "mediaObjectReference" : "",
      "lastUpdateDateTime" : "2017-12-17T00:00:00",
      "inputDateTime" : "2017-12-17T00:00:00",
      "_links" : {
        "self" : {
          "href" : "http://localhost/api/contacts/1177_0"
        },
        "contactPerson" : {
          "href" : "http://localhost/api/contacts/1177_0"
        },
        "master" : {
          "href" : "http://localhost/api/contacts/1177_0/master"
        }
      }
    }, {
      "inputUserId" : "QSA",
      "lastUpdateUserId" : "QSA",
      "computerId" : "GLSVR171217",
      "lastSynchronizedDate" : null,
      "addressNumber" : "1178",
      "sequence" : 0,
      "name" : "Barata",
      "mailingName" : "Barata",
      "description" : "",
      "firstName" : "",
      "middleName" : "",
      "lastName" : "",
      "nickname" : "",
      "salutation" : "",
      "gender" : "",
      "type" : "C",
      "religion" : "",
      "dateOfBirth" : null,
      "placeOfBirth" : "",
      "socialSecurityNumber" : "",
      "socialSecurityDate" : null,
      "mediaObjectReference" : "",
      "lastUpdateDateTime" : "2017-12-17T00:00:00",
      "inputDateTime" : "2017-12-17T00:00:00",
      "_links" : {
        "self" : {
          "href" : "http://localhost/api/contacts/1178_0"
        },
        "contactPerson" : {
          "href" : "http://localhost/api/contacts/1178_0"
        },
        "master" : {
          "href" : "http://localhost/api/contacts/1178_0/master"
        }
      }
    }, {
      "inputUserId" : "QSA",
      "lastUpdateUserId" : "QSA",
      "computerId" : "GLSVR171217",
      "lastSynchronizedDate" : null,
      "addressNumber" : "1179",
      "sequence" : 0,
      "name" : "Barbara",
      "mailingName" : "Barbara",
      "description" : "",
      "firstName" : "",
      "middleName" : "",
      "lastName" : "",
      "nickname" : "",
      "salutation" : "",
      "gender" : "",
      "type" : "C",
      "religion" : "",
      "dateOfBirth" : null,
      "placeOfBirth" : "",
      "socialSecurityNumber" : "",
      "socialSecurityDate" : null,
      "mediaObjectReference" : "",
      "lastUpdateDateTime" : "2017-12-17T00:00:00",
      "inputDateTime" : "2017-12-17T00:00:00",
      "_links" : {
        "self" : {
          "href" : "http://localhost/api/contacts/1179_0"
        },
        "contactPerson" : {
          "href" : "http://localhost/api/contacts/1179_0"
        },
        "master" : {
          "href" : "http://localhost/api/contacts/1179_0/master"
        }
      }
    }, {
      "inputUserId" : "QSA",
      "lastUpdateUserId" : "QSA",
      "computerId" : "GLSVR171217",
      "lastSynchronizedDate" : null,
      "addressNumber" : "1180",
      "sequence" : 0,
      "name" : "Basit",
      "mailingName" : "Basit",
      "description" : "",
      "firstName" : "",
      "middleName" : "",
      "lastName" : "",
      "nickname" : "",
      "salutation" : "",
      "gender" : "",
      "type" : "C",
      "religion" : "",
      "dateOfBirth" : null,
      "placeOfBirth" : "",
      "socialSecurityNumber" : "",
      "socialSecurityDate" : null,
      "mediaObjectReference" : "",
      "lastUpdateDateTime" : "2017-12-17T00:00:00",
      "inputDateTime" : "2017-12-17T00:00:00",
      "_links" : {
        "self" : {
          "href" : "http://localhost/api/contacts/1180_0"
        },
        "contactPerson" : {
          "href" : "http://localhost/api/contacts/1180_0"
        },
        "master" : {
          "href" : "http://localhost/api/contacts/1180_0/master"
        }
      }
    }, {
      "inputUserId" : "QSA",
      "lastUpdateUserId" : "QSA",
      "computerId" : "GLSVR171217",
      "lastSynchronizedDate" : null,
      "addressNumber" : "1181",
      "sequence" : 0,
      "name" : "Basuki",
      "mailingName" : "Basuki",
      "description" : "",
      "firstName" : "",
      "middleName" : "",
      "lastName" : "",
      "nickname" : "",
      "salutation" : "",
      "gender" : "",
      "type" : "C",
      "religion" : "",
      "dateOfBirth" : null,
      "placeOfBirth" : "",
      "socialSecurityNumber" : "",
      "socialSecurityDate" : null,
      "mediaObjectReference" : "",
      "lastUpdateDateTime" : "2017-12-17T00:00:00",
      "inputDateTime" : "2017-12-17T00:00:00",
      "_links" : {
        "self" : {
          "href" : "http://localhost/api/contacts/1181_0"
        },
        "contactPerson" : {
          "href" : "http://localhost/api/contacts/1181_0"
        },
        "master" : {
          "href" : "http://localhost/api/contacts/1181_0/master"
        }
      }
    }, {
      "inputUserId" : "QSA",
      "lastUpdateUserId" : "QSA",
      "computerId" : "GLSVR171217",
      "lastSynchronizedDate" : null,
      "addressNumber" : "1182",
      "sequence" : 0,
      "name" : "Bayu",
      "mailingName" : "Bayu",
      "description" : "",
      "firstName" : "",
      "middleName" : "",
      "lastName" : "",
      "nickname" : "",
      "salutation" : "",
      "gender" : "",
      "type" : "C",
      "religion" : "",
      "dateOfBirth" : null,
      "placeOfBirth" : "",
      "socialSecurityNumber" : "",
      "socialSecurityDate" : null,
      "mediaObjectReference" : "",
      "lastUpdateDateTime" : "2017-12-17T00:00:00",
      "inputDateTime" : "2017-12-17T00:00:00",
      "_links" : {
        "self" : {
          "href" : "http://localhost/api/contacts/1182_0"
        },
        "contactPerson" : {
          "href" : "http://localhost/api/contacts/1182_0"
        },
        "master" : {
          "href" : "http://localhost/api/contacts/1182_0/master"
        }
      }
    }, {
      "inputUserId" : "QSA",
      "lastUpdateUserId" : "QSA",
      "computerId" : "GLSVR171217",
      "lastSynchronizedDate" : null,
      "addressNumber" : "1183",
      "sequence" : 0,
      "name" : "Bayu Diwantoro",
      "mailingName" : "Bayu Diwantoro",
      "description" : "",
      "firstName" : "",
      "middleName" : "",
      "lastName" : "",
      "nickname" : "",
      "salutation" : "",
      "gender" : "",
      "type" : "C",
      "religion" : "",
      "dateOfBirth" : null,
      "placeOfBirth" : "",
      "socialSecurityNumber" : "",
      "socialSecurityDate" : null,
      "mediaObjectReference" : "",
      "lastUpdateDateTime" : "2017-12-17T00:00:00",
      "inputDateTime" : "2017-12-17T00:00:00",
      "_links" : {
        "self" : {
          "href" : "http://localhost/api/contacts/1183_0"
        },
        "contactPerson" : {
          "href" : "http://localhost/api/contacts/1183_0"
        },
        "master" : {
          "href" : "http://localhost/api/contacts/1183_0/master"
        }
      }
    }, {
      "inputUserId" : "QSA",
      "lastUpdateUserId" : "QSA",
      "computerId" : "GLSVR171217",
      "lastSynchronizedDate" : null,
      "addressNumber" : "1184",
      "sequence" : 0,
      "name" : "Bayu Mandiri",
      "mailingName" : "Bayu Mandiri",
      "description" : "",
      "firstName" : "",
      "middleName" : "",
      "lastName" : "",
      "nickname" : "",
      "salutation" : "",
      "gender" : "",
      "type" : "C",
      "religion" : "",
      "dateOfBirth" : null,
      "placeOfBirth" : "",
      "socialSecurityNumber" : "",
      "socialSecurityDate" : null,
      "mediaObjectReference" : "",
      "lastUpdateDateTime" : "2017-12-17T00:00:00",
      "inputDateTime" : "2017-12-17T00:00:00",
      "_links" : {
        "self" : {
          "href" : "http://localhost/api/contacts/1184_0"
        },
        "contactPerson" : {
          "href" : "http://localhost/api/contacts/1184_0"
        },
        "master" : {
          "href" : "http://localhost/api/contacts/1184_0/master"
        }
      }
    }, {
      "inputUserId" : "QSA",
      "lastUpdateUserId" : "QSA",
      "computerId" : "GLSVR171217",
      "lastSynchronizedDate" : null,
      "addressNumber" : "1185",
      "sequence" : 0,
      "name" : "BB Comp",
      "mailingName" : "BB Comp",
      "description" : "",
      "firstName" : "",
      "middleName" : "",
      "lastName" : "",
      "nickname" : "",
      "salutation" : "",
      "gender" : "",
      "type" : "C",
      "religion" : "",
      "dateOfBirth" : null,
      "placeOfBirth" : "",
      "socialSecurityNumber" : "",
      "socialSecurityDate" : null,
      "mediaObjectReference" : "",
      "lastUpdateDateTime" : "2017-12-17T00:00:00",
      "inputDateTime" : "2017-12-17T00:00:00",
      "_links" : {
        "self" : {
          "href" : "http://localhost/api/contacts/1185_0"
        },
        "contactPerson" : {
          "href" : "http://localhost/api/contacts/1185_0"
        },
        "master" : {
          "href" : "http://localhost/api/contacts/1185_0/master"
        }
      }
    }, {
      "inputUserId" : "QSA",
      "lastUpdateUserId" : "QSA",
      "computerId" : "GLSVR171217",
      "lastSynchronizedDate" : null,
      "addressNumber" : "1186",
      "sequence" : 0,
      "name" : "BBC",
      "mailingName" : "BBC",
      "description" : "",
      "firstName" : "",
      "middleName" : "",
      "lastName" : "",
      "nickname" : "",
      "salutation" : "",
      "gender" : "",
      "type" : "C",
      "religion" : "",
      "dateOfBirth" : null,
      "placeOfBirth" : "",
      "socialSecurityNumber" : "",
      "socialSecurityDate" : null,
      "mediaObjectReference" : "",
      "lastUpdateDateTime" : "2017-12-17T00:00:00",
      "inputDateTime" : "2017-12-17T00:00:00",
      "_links" : {
        "self" : {
          "href" : "http://localhost/api/contacts/1186_0"
        },
        "contactPerson" : {
          "href" : "http://localhost/api/contacts/1186_0"
        },
        "master" : {
          "href" : "http://localhost/api/contacts/1186_0/master"
        }
      }
    }, {
      "inputUserId" : "QSA",
      "lastUpdateUserId" : "QSA",
      "computerId" : "GLSVR171217",
      "lastSynchronizedDate" : null,
      "addressNumber" : "1187",
      "sequence" : 0,
      "name" : "Bend.BOS SDN Lempuyangan I Yogyakarta",
      "mailingName" : "Bend.BOS SDN Lempuyangan I Yogyakarta",
      "description" : "",
      "firstName" : "",
      "middleName" : "",
      "lastName" : "",
      "nickname" : "",
      "salutation" : "",
      "gender" : "",
      "type" : "C",
      "religion" : "",
      "dateOfBirth" : null,
      "placeOfBirth" : "",
      "socialSecurityNumber" : "",
      "socialSecurityDate" : null,
      "mediaObjectReference" : "",
      "lastUpdateDateTime" : "2017-12-17T00:00:00",
      "inputDateTime" : "2017-12-17T00:00:00",
      "_links" : {
        "self" : {
          "href" : "http://localhost/api/contacts/1187_0"
        },
        "contactPerson" : {
          "href" : "http://localhost/api/contacts/1187_0"
        },
        "master" : {
          "href" : "http://localhost/api/contacts/1187_0/master"
        }
      }
    }, {
      "inputUserId" : "QSA",
      "lastUpdateUserId" : "QSA",
      "computerId" : "GLSVR171217",
      "lastSynchronizedDate" : null,
      "addressNumber" : "1188",
      "sequence" : 0,
      "name" : "Bend.Dana  Masyarakat Fak Ilmu Sosial dan Ilmu Politik UGM",
      "mailingName" : "Bend.Dana  Masyarakat Fak Ilmu Sosial dan Ilmu Politik UGM",
      "description" : "",
      "firstName" : "",
      "middleName" : "",
      "lastName" : "",
      "nickname" : "",
      "salutation" : "",
      "gender" : "",
      "type" : "C",
      "religion" : "",
      "dateOfBirth" : null,
      "placeOfBirth" : "",
      "socialSecurityNumber" : "",
      "socialSecurityDate" : null,
      "mediaObjectReference" : "",
      "lastUpdateDateTime" : "2017-12-17T00:00:00",
      "inputDateTime" : "2017-12-17T00:00:00",
      "_links" : {
        "self" : {
          "href" : "http://localhost/api/contacts/1188_0"
        },
        "contactPerson" : {
          "href" : "http://localhost/api/contacts/1188_0"
        },
        "master" : {
          "href" : "http://localhost/api/contacts/1188_0/master"
        }
      }
    }, {
      "inputUserId" : "QSA",
      "lastUpdateUserId" : "QSA",
      "computerId" : "GLSVR171217",
      "lastSynchronizedDate" : null,
      "addressNumber" : "1189",
      "sequence" : 0,
      "name" : "Bend.Dinas Pendapatan Dan Pengelolaan Keuangan Kota Surabaya",
      "mailingName" : "Bend.Dinas Pendapatan Dan Pengelolaan Keuangan Kota Surabaya",
      "description" : "",
      "firstName" : "",
      "middleName" : "",
      "lastName" : "",
      "nickname" : "",
      "salutation" : "",
      "gender" : "",
      "type" : "C",
      "religion" : "",
      "dateOfBirth" : null,
      "placeOfBirth" : "",
      "socialSecurityNumber" : "",
      "socialSecurityDate" : null,
      "mediaObjectReference" : "",
      "lastUpdateDateTime" : "2017-12-17T00:00:00",
      "inputDateTime" : "2017-12-17T00:00:00",
      "_links" : {
        "self" : {
          "href" : "http://localhost/api/contacts/1189_0"
        },
        "contactPerson" : {
          "href" : "http://localhost/api/contacts/1189_0"
        },
        "master" : {
          "href" : "http://localhost/api/contacts/1189_0/master"
        }
      }
    }, {
      "inputUserId" : "QSA",
      "lastUpdateUserId" : "QSA",
      "computerId" : "GLSVR171217",
      "lastSynchronizedDate" : null,
      "addressNumber" : "1190",
      "sequence" : 0,
      "name" : "Bend.Pengeluaran RSUD Bhakti Dharma Husada",
      "mailingName" : "Bend.Pengeluaran RSUD Bhakti Dharma Husada",
      "description" : "",
      "firstName" : "",
      "middleName" : "",
      "lastName" : "",
      "nickname" : "",
      "salutation" : "",
      "gender" : "",
      "type" : "C",
      "religion" : "",
      "dateOfBirth" : null,
      "placeOfBirth" : "",
      "socialSecurityNumber" : "",
      "socialSecurityDate" : null,
      "mediaObjectReference" : "",
      "lastUpdateDateTime" : "2017-12-17T00:00:00",
      "inputDateTime" : "2017-12-17T00:00:00",
      "_links" : {
        "self" : {
          "href" : "http://localhost/api/contacts/1190_0"
        },
        "contactPerson" : {
          "href" : "http://localhost/api/contacts/1190_0"
        },
        "master" : {
          "href" : "http://localhost/api/contacts/1190_0/master"
        }
      }
    }, {
      "inputUserId" : "QSA",
      "lastUpdateUserId" : "QSA",
      "computerId" : "GLSVR171217",
      "lastSynchronizedDate" : null,
      "addressNumber" : "1191",
      "sequence" : 0,
      "name" : "Bendahara Bagian Perekonomian Setda  Kab.Sumenep",
      "mailingName" : "Bendahara Bagian Perekonomian Setda  Kab.Sumenep",
      "description" : "",
      "firstName" : "",
      "middleName" : "",
      "lastName" : "",
      "nickname" : "",
      "salutation" : "",
      "gender" : "",
      "type" : "C",
      "religion" : "",
      "dateOfBirth" : null,
      "placeOfBirth" : "",
      "socialSecurityNumber" : "",
      "socialSecurityDate" : null,
      "mediaObjectReference" : "",
      "lastUpdateDateTime" : "2017-12-17T00:00:00",
      "inputDateTime" : "2017-12-17T00:00:00",
      "_links" : {
        "self" : {
          "href" : "http://localhost/api/contacts/1191_0"
        },
        "contactPerson" : {
          "href" : "http://localhost/api/contacts/1191_0"
        },
        "master" : {
          "href" : "http://localhost/api/contacts/1191_0/master"
        }
      }
    }, {
      "inputUserId" : "QSA",
      "lastUpdateUserId" : "QSA",
      "computerId" : "GLSVR171217",
      "lastSynchronizedDate" : null,
      "addressNumber" : "1192",
      "sequence" : 0,
      "name" : "Bendahara Pemerintah Desa Donoharjo",
      "mailingName" : "Bendahara Pemerintah Desa Donoharjo",
      "description" : "",
      "firstName" : "",
      "middleName" : "",
      "lastName" : "",
      "nickname" : "",
      "salutation" : "",
      "gender" : "",
      "type" : "C",
      "religion" : "",
      "dateOfBirth" : null,
      "placeOfBirth" : "",
      "socialSecurityNumber" : "",
      "socialSecurityDate" : null,
      "mediaObjectReference" : "",
      "lastUpdateDateTime" : "2017-12-17T00:00:00",
      "inputDateTime" : "2017-12-17T00:00:00",
      "_links" : {
        "self" : {
          "href" : "http://localhost/api/contacts/1192_0"
        },
        "contactPerson" : {
          "href" : "http://localhost/api/contacts/1192_0"
        },
        "master" : {
          "href" : "http://localhost/api/contacts/1192_0/master"
        }
      }
    }, {
      "inputUserId" : "QSA",
      "lastUpdateUserId" : "QSA",
      "computerId" : "GLSVR171217",
      "lastSynchronizedDate" : null,
      "addressNumber" : "1193",
      "sequence" : 0,
      "name" : "Bendahara Pengeluaran Kecamatan Wiyung",
      "mailingName" : "Bendahara Pengeluaran Kecamatan Wiyung",
      "description" : "",
      "firstName" : "",
      "middleName" : "",
      "lastName" : "",
      "nickname" : "",
      "salutation" : "",
      "gender" : "",
      "type" : "C",
      "religion" : "",
      "dateOfBirth" : null,
      "placeOfBirth" : "",
      "socialSecurityNumber" : "",
      "socialSecurityDate" : null,
      "mediaObjectReference" : "",
      "lastUpdateDateTime" : "2017-12-17T00:00:00",
      "inputDateTime" : "2017-12-17T00:00:00",
      "_links" : {
        "self" : {
          "href" : "http://localhost/api/contacts/1193_0"
        },
        "contactPerson" : {
          "href" : "http://localhost/api/contacts/1193_0"
        },
        "master" : {
          "href" : "http://localhost/api/contacts/1193_0/master"
        }
      }
    }, {
      "inputUserId" : "QSA",
      "lastUpdateUserId" : "QSA",
      "computerId" : "GLSVR171217",
      "lastSynchronizedDate" : null,
      "addressNumber" : "1194",
      "sequence" : 0,
      "name" : "Bendahara Pengeluaran KP2KP BUOL",
      "mailingName" : "Bendahara Pengeluaran KP2KP BUOL",
      "description" : "",
      "firstName" : "",
      "middleName" : "",
      "lastName" : "",
      "nickname" : "",
      "salutation" : "",
      "gender" : "",
      "type" : "C",
      "religion" : "",
      "dateOfBirth" : null,
      "placeOfBirth" : "",
      "socialSecurityNumber" : "",
      "socialSecurityDate" : null,
      "mediaObjectReference" : "",
      "lastUpdateDateTime" : "2017-12-17T00:00:00",
      "inputDateTime" : "2017-12-17T00:00:00",
      "_links" : {
        "self" : {
          "href" : "http://localhost/api/contacts/1194_0"
        },
        "contactPerson" : {
          "href" : "http://localhost/api/contacts/1194_0"
        },
        "master" : {
          "href" : "http://localhost/api/contacts/1194_0/master"
        }
      }
    }, {
      "inputUserId" : "QSA",
      "lastUpdateUserId" : "QSA",
      "computerId" : "GLSVR171217",
      "lastSynchronizedDate" : null,
      "addressNumber" : "1195",
      "sequence" : 0,
      "name" : "Bendahara SMK PGRI 4",
      "mailingName" : "Bendahara SMK PGRI 4",
      "description" : "",
      "firstName" : "",
      "middleName" : "",
      "lastName" : "",
      "nickname" : "",
      "salutation" : "",
      "gender" : "",
      "type" : "C",
      "religion" : "",
      "dateOfBirth" : null,
      "placeOfBirth" : "",
      "socialSecurityNumber" : "",
      "socialSecurityDate" : null,
      "mediaObjectReference" : "",
      "lastUpdateDateTime" : "2017-12-17T00:00:00",
      "inputDateTime" : "2017-12-17T00:00:00",
      "_links" : {
        "self" : {
          "href" : "http://localhost/api/contacts/1195_0"
        },
        "contactPerson" : {
          "href" : "http://localhost/api/contacts/1195_0"
        },
        "master" : {
          "href" : "http://localhost/api/contacts/1195_0/master"
        }
      }
    }, {
      "inputUserId" : "QSA",
      "lastUpdateUserId" : "QSA",
      "computerId" : "GLSVR171217",
      "lastSynchronizedDate" : null,
      "addressNumber" : "1196",
      "sequence" : 0,
      "name" : "Bendehara SMK Negeri 8 Surabaya",
      "mailingName" : "Bendehara SMK Negeri 8 Surabaya",
      "description" : "",
      "firstName" : "",
      "middleName" : "",
      "lastName" : "",
      "nickname" : "",
      "salutation" : "",
      "gender" : "",
      "type" : "C",
      "religion" : "",
      "dateOfBirth" : null,
      "placeOfBirth" : "",
      "socialSecurityNumber" : "",
      "socialSecurityDate" : null,
      "mediaObjectReference" : "",
      "lastUpdateDateTime" : "2017-12-17T00:00:00",
      "inputDateTime" : "2017-12-17T00:00:00",
      "_links" : {
        "self" : {
          "href" : "http://localhost/api/contacts/1196_0"
        },
        "contactPerson" : {
          "href" : "http://localhost/api/contacts/1196_0"
        },
        "master" : {
          "href" : "http://localhost/api/contacts/1196_0/master"
        }
      }
    }, {
      "inputUserId" : "QSA",
      "lastUpdateUserId" : "QSA",
      "computerId" : "GLSVR171217",
      "lastSynchronizedDate" : null,
      "addressNumber" : "1197",
      "sequence" : 0,
      "name" : "Beni",
      "mailingName" : "Beni",
      "description" : "",
      "firstName" : "",
      "middleName" : "",
      "lastName" : "",
      "nickname" : "",
      "salutation" : "",
      "gender" : "",
      "type" : "C",
      "religion" : "",
      "dateOfBirth" : null,
      "placeOfBirth" : "",
      "socialSecurityNumber" : "",
      "socialSecurityDate" : null,
      "mediaObjectReference" : "",
      "lastUpdateDateTime" : "2017-12-17T00:00:00",
      "inputDateTime" : "2017-12-17T00:00:00",
      "_links" : {
        "self" : {
          "href" : "http://localhost/api/contacts/1197_0"
        },
        "contactPerson" : {
          "href" : "http://localhost/api/contacts/1197_0"
        },
        "master" : {
          "href" : "http://localhost/api/contacts/1197_0/master"
        }
      }
    }, {
      "inputUserId" : "QSA",
      "lastUpdateUserId" : "QSA",
      "computerId" : "GLSVR171217",
      "lastSynchronizedDate" : null,
      "addressNumber" : "1198",
      "sequence" : 0,
      "name" : "Benny",
      "mailingName" : "Benny",
      "description" : "",
      "firstName" : "",
      "middleName" : "",
      "lastName" : "",
      "nickname" : "",
      "salutation" : "",
      "gender" : "",
      "type" : "C",
      "religion" : "",
      "dateOfBirth" : null,
      "placeOfBirth" : "",
      "socialSecurityNumber" : "",
      "socialSecurityDate" : null,
      "mediaObjectReference" : "",
      "lastUpdateDateTime" : "2017-12-17T00:00:00",
      "inputDateTime" : "2017-12-17T00:00:00",
      "_links" : {
        "self" : {
          "href" : "http://localhost/api/contacts/1198_0"
        },
        "contactPerson" : {
          "href" : "http://localhost/api/contacts/1198_0"
        },
        "master" : {
          "href" : "http://localhost/api/contacts/1198_0/master"
        }
      }
    }, {
      "inputUserId" : "QSA",
      "lastUpdateUserId" : "QSA",
      "computerId" : "GLSVR171217",
      "lastSynchronizedDate" : null,
      "addressNumber" : "1199",
      "sequence" : 0,
      "name" : "Ben-Q Zone",
      "mailingName" : "Ben-Q Zone",
      "description" : "",
      "firstName" : "",
      "middleName" : "",
      "lastName" : "",
      "nickname" : "",
      "salutation" : "",
      "gender" : "",
      "type" : "C",
      "religion" : "",
      "dateOfBirth" : null,
      "placeOfBirth" : "",
      "socialSecurityNumber" : "",
      "socialSecurityDate" : null,
      "mediaObjectReference" : "",
      "lastUpdateDateTime" : "2017-12-17T00:00:00",
      "inputDateTime" : "2017-12-17T00:00:00",
      "_links" : {
        "self" : {
          "href" : "http://localhost/api/contacts/1199_0"
        },
        "contactPerson" : {
          "href" : "http://localhost/api/contacts/1199_0"
        },
        "master" : {
          "href" : "http://localhost/api/contacts/1199_0/master"
        }
      }
    }, {
      "inputUserId" : "QSA",
      "lastUpdateUserId" : "QSA",
      "computerId" : "GLSVR171217",
      "lastSynchronizedDate" : null,
      "addressNumber" : "1200",
      "sequence" : 0,
      "name" : "Berkat Anugrah Motor",
      "mailingName" : "Berkat Anugrah Motor",
      "description" : "",
      "firstName" : "",
      "middleName" : "",
      "lastName" : "",
      "nickname" : "",
      "salutation" : "",
      "gender" : "",
      "type" : "C",
      "religion" : "",
      "dateOfBirth" : null,
      "placeOfBirth" : "",
      "socialSecurityNumber" : "",
      "socialSecurityDate" : null,
      "mediaObjectReference" : "",
      "lastUpdateDateTime" : "2017-12-17T00:00:00",
      "inputDateTime" : "2017-12-17T00:00:00",
      "_links" : {
        "self" : {
          "href" : "http://localhost/api/contacts/1200_0"
        },
        "contactPerson" : {
          "href" : "http://localhost/api/contacts/1200_0"
        },
        "master" : {
          "href" : "http://localhost/api/contacts/1200_0/master"
        }
      }
    }, {
      "inputUserId" : "QSA",
      "lastUpdateUserId" : "QSA",
      "computerId" : "GLSVR171217",
      "lastSynchronizedDate" : null,
      "addressNumber" : "1201",
      "sequence" : 0,
      "name" : "Berlian com",
      "mailingName" : "Berlian com",
      "description" : "",
      "firstName" : "",
      "middleName" : "",
      "lastName" : "",
      "nickname" : "",
      "salutation" : "",
      "gender" : "",
      "type" : "C",
      "religion" : "",
      "dateOfBirth" : null,
      "placeOfBirth" : "",
      "socialSecurityNumber" : "",
      "socialSecurityDate" : null,
      "mediaObjectReference" : "",
      "lastUpdateDateTime" : "2017-12-17T00:00:00",
      "inputDateTime" : "2017-12-17T00:00:00",
      "_links" : {
        "self" : {
          "href" : "http://localhost/api/contacts/1201_0"
        },
        "contactPerson" : {
          "href" : "http://localhost/api/contacts/1201_0"
        },
        "master" : {
          "href" : "http://localhost/api/contacts/1201_0/master"
        }
      }
    }, {
      "inputUserId" : "QSA",
      "lastUpdateUserId" : "QSA",
      "computerId" : "GLSVR171217",
      "lastSynchronizedDate" : null,
      "addressNumber" : "1202",
      "sequence" : 0,
      "name" : "Berrin",
      "mailingName" : "Berrin",
      "description" : "",
      "firstName" : "",
      "middleName" : "",
      "lastName" : "",
      "nickname" : "",
      "salutation" : "",
      "gender" : "",
      "type" : "C",
      "religion" : "",
      "dateOfBirth" : null,
      "placeOfBirth" : "",
      "socialSecurityNumber" : "",
      "socialSecurityDate" : null,
      "mediaObjectReference" : "",
      "lastUpdateDateTime" : "2017-12-17T00:00:00",
      "inputDateTime" : "2017-12-17T00:00:00",
      "_links" : {
        "self" : {
          "href" : "http://localhost/api/contacts/1202_0"
        },
        "contactPerson" : {
          "href" : "http://localhost/api/contacts/1202_0"
        },
        "master" : {
          "href" : "http://localhost/api/contacts/1202_0/master"
        }
      }
    }, {
      "inputUserId" : "QSA",
      "lastUpdateUserId" : "QSA",
      "computerId" : "GLSVR171217",
      "lastSynchronizedDate" : null,
      "addressNumber" : "1203",
      "sequence" : 0,
      "name" : "Bertrix",
      "mailingName" : "Bertrix",
      "description" : "",
      "firstName" : "",
      "middleName" : "",
      "lastName" : "",
      "nickname" : "",
      "salutation" : "",
      "gender" : "",
      "type" : "C",
      "religion" : "",
      "dateOfBirth" : null,
      "placeOfBirth" : "",
      "socialSecurityNumber" : "",
      "socialSecurityDate" : null,
      "mediaObjectReference" : "",
      "lastUpdateDateTime" : "2017-12-17T00:00:00",
      "inputDateTime" : "2017-12-17T00:00:00",
      "_links" : {
        "self" : {
          "href" : "http://localhost/api/contacts/1203_0"
        },
        "contactPerson" : {
          "href" : "http://localhost/api/contacts/1203_0"
        },
        "master" : {
          "href" : "http://localhost/api/contacts/1203_0/master"
        }
      }
    }, {
      "inputUserId" : "QSA",
      "lastUpdateUserId" : "QSA",
      "computerId" : "GLSVR171217",
      "lastSynchronizedDate" : null,
      "addressNumber" : "1204",
      "sequence" : 0,
      "name" : "Best Diskette Computer",
      "mailingName" : "Best Diskette Computer",
      "description" : "",
      "firstName" : "",
      "middleName" : "",
      "lastName" : "",
      "nickname" : "",
      "salutation" : "",
      "gender" : "",
      "type" : "C",
      "religion" : "",
      "dateOfBirth" : null,
      "placeOfBirth" : "",
      "socialSecurityNumber" : "",
      "socialSecurityDate" : null,
      "mediaObjectReference" : "",
      "lastUpdateDateTime" : "2017-12-17T00:00:00",
      "inputDateTime" : "2017-12-17T00:00:00",
      "_links" : {
        "self" : {
          "href" : "http://localhost/api/contacts/1204_0"
        },
        "contactPerson" : {
          "href" : "http://localhost/api/contacts/1204_0"
        },
        "master" : {
          "href" : "http://localhost/api/contacts/1204_0/master"
        }
      }
    }, {
      "inputUserId" : "QSA",
      "lastUpdateUserId" : "QSA",
      "computerId" : "GLSVR171217",
      "lastSynchronizedDate" : null,
      "addressNumber" : "1205",
      "sequence" : 0,
      "name" : "Best Print",
      "mailingName" : "Best Print",
      "description" : "",
      "firstName" : "",
      "middleName" : "",
      "lastName" : "",
      "nickname" : "",
      "salutation" : "",
      "gender" : "",
      "type" : "C",
      "religion" : "",
      "dateOfBirth" : null,
      "placeOfBirth" : "",
      "socialSecurityNumber" : "",
      "socialSecurityDate" : null,
      "mediaObjectReference" : "",
      "lastUpdateDateTime" : "2017-12-17T00:00:00",
      "inputDateTime" : "2017-12-17T00:00:00",
      "_links" : {
        "self" : {
          "href" : "http://localhost/api/contacts/1205_0"
        },
        "contactPerson" : {
          "href" : "http://localhost/api/contacts/1205_0"
        },
        "master" : {
          "href" : "http://localhost/api/contacts/1205_0/master"
        }
      }
    }, {
      "inputUserId" : "QSA",
      "lastUpdateUserId" : "QSA",
      "computerId" : "GLSVR171217",
      "lastSynchronizedDate" : null,
      "addressNumber" : "1206",
      "sequence" : 0,
      "name" : "Bethani Computer Center",
      "mailingName" : "Bethani Computer Center",
      "description" : "",
      "firstName" : "",
      "middleName" : "",
      "lastName" : "",
      "nickname" : "",
      "salutation" : "",
      "gender" : "",
      "type" : "C",
      "religion" : "",
      "dateOfBirth" : null,
      "placeOfBirth" : "",
      "socialSecurityNumber" : "",
      "socialSecurityDate" : null,
      "mediaObjectReference" : "",
      "lastUpdateDateTime" : "2017-12-17T00:00:00",
      "inputDateTime" : "2017-12-17T00:00:00",
      "_links" : {
        "self" : {
          "href" : "http://localhost/api/contacts/1206_0"
        },
        "contactPerson" : {
          "href" : "http://localhost/api/contacts/1206_0"
        },
        "master" : {
          "href" : "http://localhost/api/contacts/1206_0/master"
        }
      }
    }, {
      "inputUserId" : "QSA",
      "lastUpdateUserId" : "QSA",
      "computerId" : "GLSVR171217",
      "lastSynchronizedDate" : null,
      "addressNumber" : "1207",
      "sequence" : 0,
      "name" : "Big Dream",
      "mailingName" : "Big Dream",
      "description" : "",
      "firstName" : "",
      "middleName" : "",
      "lastName" : "",
      "nickname" : "",
      "salutation" : "",
      "gender" : "",
      "type" : "C",
      "religion" : "",
      "dateOfBirth" : null,
      "placeOfBirth" : "",
      "socialSecurityNumber" : "",
      "socialSecurityDate" : null,
      "mediaObjectReference" : "",
      "lastUpdateDateTime" : "2017-12-17T00:00:00",
      "inputDateTime" : "2017-12-17T00:00:00",
      "_links" : {
        "self" : {
          "href" : "http://localhost/api/contacts/1207_0"
        },
        "contactPerson" : {
          "href" : "http://localhost/api/contacts/1207_0"
        },
        "master" : {
          "href" : "http://localhost/api/contacts/1207_0/master"
        }
      }
    }, {
      "inputUserId" : "QSA",
      "lastUpdateUserId" : "QSA",
      "computerId" : "GLSVR171217",
      "lastSynchronizedDate" : null,
      "addressNumber" : "1208",
      "sequence" : 0,
      "name" : "Bima Sakti",
      "mailingName" : "Bima Sakti",
      "description" : "",
      "firstName" : "",
      "middleName" : "",
      "lastName" : "",
      "nickname" : "",
      "salutation" : "",
      "gender" : "",
      "type" : "C",
      "religion" : "",
      "dateOfBirth" : null,
      "placeOfBirth" : "",
      "socialSecurityNumber" : "",
      "socialSecurityDate" : null,
      "mediaObjectReference" : "",
      "lastUpdateDateTime" : "2017-12-17T00:00:00",
      "inputDateTime" : "2017-12-17T00:00:00",
      "_links" : {
        "self" : {
          "href" : "http://localhost/api/contacts/1208_0"
        },
        "contactPerson" : {
          "href" : "http://localhost/api/contacts/1208_0"
        },
        "master" : {
          "href" : "http://localhost/api/contacts/1208_0/master"
        }
      }
    }, {
      "inputUserId" : "QSA",
      "lastUpdateUserId" : "QSA",
      "computerId" : "GLSVR171217",
      "lastSynchronizedDate" : null,
      "addressNumber" : "1209",
      "sequence" : 0,
      "name" : "Bima Seno",
      "mailingName" : "Bima Seno",
      "description" : "",
      "firstName" : "",
      "middleName" : "",
      "lastName" : "",
      "nickname" : "",
      "salutation" : "",
      "gender" : "",
      "type" : "C",
      "religion" : "",
      "dateOfBirth" : null,
      "placeOfBirth" : "",
      "socialSecurityNumber" : "",
      "socialSecurityDate" : null,
      "mediaObjectReference" : "",
      "lastUpdateDateTime" : "2017-12-17T00:00:00",
      "inputDateTime" : "2017-12-17T00:00:00",
      "_links" : {
        "self" : {
          "href" : "http://localhost/api/contacts/1209_0"
        },
        "contactPerson" : {
          "href" : "http://localhost/api/contacts/1209_0"
        },
        "master" : {
          "href" : "http://localhost/api/contacts/1209_0/master"
        }
      }
    }, {
      "inputUserId" : "QSA",
      "lastUpdateUserId" : "QSA",
      "computerId" : "GLSVR171217",
      "lastSynchronizedDate" : null,
      "addressNumber" : "1210",
      "sequence" : 0,
      "name" : "Bintang Computer",
      "mailingName" : "Bintang Computer",
      "description" : "",
      "firstName" : "",
      "middleName" : "",
      "lastName" : "",
      "nickname" : "",
      "salutation" : "",
      "gender" : "",
      "type" : "C",
      "religion" : "",
      "dateOfBirth" : null,
      "placeOfBirth" : "",
      "socialSecurityNumber" : "",
      "socialSecurityDate" : null,
      "mediaObjectReference" : "",
      "lastUpdateDateTime" : "2017-12-17T00:00:00",
      "inputDateTime" : "2017-12-17T00:00:00",
      "_links" : {
        "self" : {
          "href" : "http://localhost/api/contacts/1210_0"
        },
        "contactPerson" : {
          "href" : "http://localhost/api/contacts/1210_0"
        },
        "master" : {
          "href" : "http://localhost/api/contacts/1210_0/master"
        }
      }
    }, {
      "inputUserId" : "QSA",
      "lastUpdateUserId" : "QSA",
      "computerId" : "GLSVR171217",
      "lastSynchronizedDate" : null,
      "addressNumber" : "1211",
      "sequence" : 0,
      "name" : "Bintang Jaya Computer",
      "mailingName" : "Bintang Jaya Computer",
      "description" : "",
      "firstName" : "",
      "middleName" : "",
      "lastName" : "",
      "nickname" : "",
      "salutation" : "",
      "gender" : "",
      "type" : "C",
      "religion" : "",
      "dateOfBirth" : null,
      "placeOfBirth" : "",
      "socialSecurityNumber" : "",
      "socialSecurityDate" : null,
      "mediaObjectReference" : "",
      "lastUpdateDateTime" : "2017-12-17T00:00:00",
      "inputDateTime" : "2017-12-17T00:00:00",
      "_links" : {
        "self" : {
          "href" : "http://localhost/api/contacts/1211_0"
        },
        "contactPerson" : {
          "href" : "http://localhost/api/contacts/1211_0"
        },
        "master" : {
          "href" : "http://localhost/api/contacts/1211_0/master"
        }
      }
    }, {
      "inputUserId" : "QSA",
      "lastUpdateUserId" : "QSA",
      "computerId" : "GLSVR171217",
      "lastSynchronizedDate" : null,
      "addressNumber" : "1212",
      "sequence" : 0,
      "name" : "Bintang Perdana",
      "mailingName" : "Bintang Perdana",
      "description" : "",
      "firstName" : "",
      "middleName" : "",
      "lastName" : "",
      "nickname" : "",
      "salutation" : "",
      "gender" : "",
      "type" : "C",
      "religion" : "",
      "dateOfBirth" : null,
      "placeOfBirth" : "",
      "socialSecurityNumber" : "",
      "socialSecurityDate" : null,
      "mediaObjectReference" : "",
      "lastUpdateDateTime" : "2017-12-17T00:00:00",
      "inputDateTime" : "2017-12-17T00:00:00",
      "_links" : {
        "self" : {
          "href" : "http://localhost/api/contacts/1212_0"
        },
        "contactPerson" : {
          "href" : "http://localhost/api/contacts/1212_0"
        },
        "master" : {
          "href" : "http://localhost/api/contacts/1212_0/master"
        }
      }
    }, {
      "inputUserId" : "QSA",
      "lastUpdateUserId" : "QSA",
      "computerId" : "GLSVR171217",
      "lastSynchronizedDate" : null,
      "addressNumber" : "1213",
      "sequence" : 0,
      "name" : "Bintang Perdana Prima 1",
      "mailingName" : "Bintang Perdana Prima 1",
      "description" : "",
      "firstName" : "",
      "middleName" : "",
      "lastName" : "",
      "nickname" : "",
      "salutation" : "",
      "gender" : "",
      "type" : "C",
      "religion" : "",
      "dateOfBirth" : null,
      "placeOfBirth" : "",
      "socialSecurityNumber" : "",
      "socialSecurityDate" : null,
      "mediaObjectReference" : "",
      "lastUpdateDateTime" : "2017-12-17T00:00:00",
      "inputDateTime" : "2017-12-17T00:00:00",
      "_links" : {
        "self" : {
          "href" : "http://localhost/api/contacts/1213_0"
        },
        "contactPerson" : {
          "href" : "http://localhost/api/contacts/1213_0"
        },
        "master" : {
          "href" : "http://localhost/api/contacts/1213_0/master"
        }
      }
    }, {
      "inputUserId" : "QSA",
      "lastUpdateUserId" : "QSA",
      "computerId" : "GLSVR171217",
      "lastSynchronizedDate" : null,
      "addressNumber" : "1214",
      "sequence" : 0,
      "name" : "Bintang Perdana Prima 2",
      "mailingName" : "Bintang Perdana Prima 2",
      "description" : "",
      "firstName" : "",
      "middleName" : "",
      "lastName" : "",
      "nickname" : "",
      "salutation" : "",
      "gender" : "",
      "type" : "C",
      "religion" : "",
      "dateOfBirth" : null,
      "placeOfBirth" : "",
      "socialSecurityNumber" : "",
      "socialSecurityDate" : null,
      "mediaObjectReference" : "",
      "lastUpdateDateTime" : "2017-12-17T00:00:00",
      "inputDateTime" : "2017-12-17T00:00:00",
      "_links" : {
        "self" : {
          "href" : "http://localhost/api/contacts/1214_0"
        },
        "contactPerson" : {
          "href" : "http://localhost/api/contacts/1214_0"
        },
        "master" : {
          "href" : "http://localhost/api/contacts/1214_0/master"
        }
      }
    }, {
      "inputUserId" : "QSA",
      "lastUpdateUserId" : "QSA",
      "computerId" : "GLSVR171217",
      "lastSynchronizedDate" : null,
      "addressNumber" : "1215",
      "sequence" : 0,
      "name" : "Biogate",
      "mailingName" : "Biogate",
      "description" : "",
      "firstName" : "",
      "middleName" : "",
      "lastName" : "",
      "nickname" : "",
      "salutation" : "",
      "gender" : "",
      "type" : "C",
      "religion" : "",
      "dateOfBirth" : null,
      "placeOfBirth" : "",
      "socialSecurityNumber" : "",
      "socialSecurityDate" : null,
      "mediaObjectReference" : "",
      "lastUpdateDateTime" : "2017-12-17T00:00:00",
      "inputDateTime" : "2017-12-17T00:00:00",
      "_links" : {
        "self" : {
          "href" : "http://localhost/api/contacts/1215_0"
        },
        "contactPerson" : {
          "href" : "http://localhost/api/contacts/1215_0"
        },
        "master" : {
          "href" : "http://localhost/api/contacts/1215_0/master"
        }
      }
    }, {
      "inputUserId" : "QSA",
      "lastUpdateUserId" : "QSA",
      "computerId" : "GLSVR171217",
      "lastSynchronizedDate" : null,
      "addressNumber" : "1216",
      "sequence" : 0,
      "name" : "Biro Pembangunan",
      "mailingName" : "Biro Pembangunan",
      "description" : "",
      "firstName" : "",
      "middleName" : "",
      "lastName" : "",
      "nickname" : "",
      "salutation" : "",
      "gender" : "",
      "type" : "C",
      "religion" : "",
      "dateOfBirth" : null,
      "placeOfBirth" : "",
      "socialSecurityNumber" : "",
      "socialSecurityDate" : null,
      "mediaObjectReference" : "",
      "lastUpdateDateTime" : "2017-12-17T00:00:00",
      "inputDateTime" : "2017-12-17T00:00:00",
      "_links" : {
        "self" : {
          "href" : "http://localhost/api/contacts/1216_0"
        },
        "contactPerson" : {
          "href" : "http://localhost/api/contacts/1216_0"
        },
        "master" : {
          "href" : "http://localhost/api/contacts/1216_0/master"
        }
      }
    }, {
      "inputUserId" : "QSA",
      "lastUpdateUserId" : "QSA",
      "computerId" : "GLSVR171217",
      "lastSynchronizedDate" : null,
      "addressNumber" : "1217",
      "sequence" : 0,
      "name" : "Bitcom",
      "mailingName" : "Bitcom",
      "description" : "",
      "firstName" : "",
      "middleName" : "",
      "lastName" : "",
      "nickname" : "",
      "salutation" : "",
      "gender" : "",
      "type" : "C",
      "religion" : "",
      "dateOfBirth" : null,
      "placeOfBirth" : "",
      "socialSecurityNumber" : "",
      "socialSecurityDate" : null,
      "mediaObjectReference" : "",
      "lastUpdateDateTime" : "2017-12-17T00:00:00",
      "inputDateTime" : "2017-12-17T00:00:00",
      "_links" : {
        "self" : {
          "href" : "http://localhost/api/contacts/1217_0"
        },
        "contactPerson" : {
          "href" : "http://localhost/api/contacts/1217_0"
        },
        "master" : {
          "href" : "http://localhost/api/contacts/1217_0/master"
        }
      }
    }, {
      "inputUserId" : "QSA",
      "lastUpdateUserId" : "QSA",
      "computerId" : "GLSVR171217",
      "lastSynchronizedDate" : null,
      "addressNumber" : "1218",
      "sequence" : 0,
      "name" : "Bitha Comp",
      "mailingName" : "Bitha Comp",
      "description" : "",
      "firstName" : "",
      "middleName" : "",
      "lastName" : "",
      "nickname" : "",
      "salutation" : "",
      "gender" : "",
      "type" : "C",
      "religion" : "",
      "dateOfBirth" : null,
      "placeOfBirth" : "",
      "socialSecurityNumber" : "",
      "socialSecurityDate" : null,
      "mediaObjectReference" : "",
      "lastUpdateDateTime" : "2017-12-17T00:00:00",
      "inputDateTime" : "2017-12-17T00:00:00",
      "_links" : {
        "self" : {
          "href" : "http://localhost/api/contacts/1218_0"
        },
        "contactPerson" : {
          "href" : "http://localhost/api/contacts/1218_0"
        },
        "master" : {
          "href" : "http://localhost/api/contacts/1218_0/master"
        }
      }
    }, {
      "inputUserId" : "QSA",
      "lastUpdateUserId" : "QSA",
      "computerId" : "GLSVR171217",
      "lastSynchronizedDate" : null,
      "addressNumber" : "1219",
      "sequence" : 0,
      "name" : "BMC",
      "mailingName" : "BMC",
      "description" : "",
      "firstName" : "",
      "middleName" : "",
      "lastName" : "",
      "nickname" : "",
      "salutation" : "",
      "gender" : "",
      "type" : "C",
      "religion" : "",
      "dateOfBirth" : null,
      "placeOfBirth" : "",
      "socialSecurityNumber" : "",
      "socialSecurityDate" : null,
      "mediaObjectReference" : "",
      "lastUpdateDateTime" : "2017-12-17T00:00:00",
      "inputDateTime" : "2017-12-17T00:00:00",
      "_links" : {
        "self" : {
          "href" : "http://localhost/api/contacts/1219_0"
        },
        "contactPerson" : {
          "href" : "http://localhost/api/contacts/1219_0"
        },
        "master" : {
          "href" : "http://localhost/api/contacts/1219_0/master"
        }
      }
    }, {
      "inputUserId" : "QSA",
      "lastUpdateUserId" : "QSA",
      "computerId" : "GLSVR171217",
      "lastSynchronizedDate" : null,
      "addressNumber" : "1220",
      "sequence" : 0,
      "name" : "BMT Pamekasan",
      "mailingName" : "BMT Pamekasan",
      "description" : "",
      "firstName" : "",
      "middleName" : "",
      "lastName" : "",
      "nickname" : "",
      "salutation" : "",
      "gender" : "",
      "type" : "C",
      "religion" : "",
      "dateOfBirth" : null,
      "placeOfBirth" : "",
      "socialSecurityNumber" : "",
      "socialSecurityDate" : null,
      "mediaObjectReference" : "",
      "lastUpdateDateTime" : "2017-12-17T00:00:00",
      "inputDateTime" : "2017-12-17T00:00:00",
      "_links" : {
        "self" : {
          "href" : "http://localhost/api/contacts/1220_0"
        },
        "contactPerson" : {
          "href" : "http://localhost/api/contacts/1220_0"
        },
        "master" : {
          "href" : "http://localhost/api/contacts/1220_0/master"
        }
      }
    }, {
      "inputUserId" : "QSA",
      "lastUpdateUserId" : "QSA",
      "computerId" : "GLSVR171217",
      "lastSynchronizedDate" : null,
      "addressNumber" : "1221",
      "sequence" : 0,
      "name" : "BND Desa Talok",
      "mailingName" : "BND Desa Talok",
      "description" : "",
      "firstName" : "",
      "middleName" : "",
      "lastName" : "",
      "nickname" : "",
      "salutation" : "",
      "gender" : "",
      "type" : "C",
      "religion" : "",
      "dateOfBirth" : null,
      "placeOfBirth" : "",
      "socialSecurityNumber" : "",
      "socialSecurityDate" : null,
      "mediaObjectReference" : "",
      "lastUpdateDateTime" : "2017-12-17T00:00:00",
      "inputDateTime" : "2017-12-17T00:00:00",
      "_links" : {
        "self" : {
          "href" : "http://localhost/api/contacts/1221_0"
        },
        "contactPerson" : {
          "href" : "http://localhost/api/contacts/1221_0"
        },
        "master" : {
          "href" : "http://localhost/api/contacts/1221_0/master"
        }
      }
    }, {
      "inputUserId" : "QSA",
      "lastUpdateUserId" : "QSA",
      "computerId" : "GLSVR171217",
      "lastSynchronizedDate" : null,
      "addressNumber" : "1222",
      "sequence" : 0,
      "name" : "BNI",
      "mailingName" : "BNI",
      "description" : "",
      "firstName" : "",
      "middleName" : "",
      "lastName" : "",
      "nickname" : "",
      "salutation" : "",
      "gender" : "",
      "type" : "C",
      "religion" : "",
      "dateOfBirth" : null,
      "placeOfBirth" : "",
      "socialSecurityNumber" : "",
      "socialSecurityDate" : null,
      "mediaObjectReference" : "",
      "lastUpdateDateTime" : "2017-12-17T00:00:00",
      "inputDateTime" : "2017-12-17T00:00:00",
      "_links" : {
        "self" : {
          "href" : "http://localhost/api/contacts/1222_0"
        },
        "contactPerson" : {
          "href" : "http://localhost/api/contacts/1222_0"
        },
        "master" : {
          "href" : "http://localhost/api/contacts/1222_0/master"
        }
      }
    }, {
      "inputUserId" : "QSA",
      "lastUpdateUserId" : "QSA",
      "computerId" : "GLSVR171217",
      "lastSynchronizedDate" : null,
      "addressNumber" : "1223",
      "sequence" : 0,
      "name" : "BNI Malang",
      "mailingName" : "BNI Malang",
      "description" : "",
      "firstName" : "",
      "middleName" : "",
      "lastName" : "",
      "nickname" : "",
      "salutation" : "",
      "gender" : "",
      "type" : "C",
      "religion" : "",
      "dateOfBirth" : null,
      "placeOfBirth" : "",
      "socialSecurityNumber" : "",
      "socialSecurityDate" : null,
      "mediaObjectReference" : "",
      "lastUpdateDateTime" : "2017-12-17T00:00:00",
      "inputDateTime" : "2017-12-17T00:00:00",
      "_links" : {
        "self" : {
          "href" : "http://localhost/api/contacts/1223_0"
        },
        "contactPerson" : {
          "href" : "http://localhost/api/contacts/1223_0"
        },
        "master" : {
          "href" : "http://localhost/api/contacts/1223_0/master"
        }
      }
    }, {
      "inputUserId" : "QSA",
      "lastUpdateUserId" : "QSA",
      "computerId" : "GLSVR171217",
      "lastSynchronizedDate" : null,
      "addressNumber" : "1224",
      "sequence" : 0,
      "name" : "Bobby",
      "mailingName" : "Bobby",
      "description" : "",
      "firstName" : "",
      "middleName" : "",
      "lastName" : "",
      "nickname" : "",
      "salutation" : "",
      "gender" : "",
      "type" : "C",
      "religion" : "",
      "dateOfBirth" : null,
      "placeOfBirth" : "",
      "socialSecurityNumber" : "",
      "socialSecurityDate" : null,
      "mediaObjectReference" : "",
      "lastUpdateDateTime" : "2017-12-17T00:00:00",
      "inputDateTime" : "2017-12-17T00:00:00",
      "_links" : {
        "self" : {
          "href" : "http://localhost/api/contacts/1224_0"
        },
        "contactPerson" : {
          "href" : "http://localhost/api/contacts/1224_0"
        },
        "master" : {
          "href" : "http://localhost/api/contacts/1224_0/master"
        }
      }
    }, {
      "inputUserId" : "QSA",
      "lastUpdateUserId" : "QSA",
      "computerId" : "GLSVR171217",
      "lastSynchronizedDate" : null,
      "addressNumber" : "1225",
      "sequence" : 0,
      "name" : "Bobby Setiyo Nugroho (Tokopedia)",
      "mailingName" : "Bobby Setiyo Nugroho (Tokopedia)",
      "description" : "",
      "firstName" : "",
      "middleName" : "",
      "lastName" : "",
      "nickname" : "",
      "salutation" : "",
      "gender" : "",
      "type" : "C",
      "religion" : "",
      "dateOfBirth" : null,
      "placeOfBirth" : "",
      "socialSecurityNumber" : "",
      "socialSecurityDate" : null,
      "mediaObjectReference" : "",
      "lastUpdateDateTime" : "2017-12-17T00:00:00",
      "inputDateTime" : "2017-12-17T00:00:00",
      "_links" : {
        "self" : {
          "href" : "http://localhost/api/contacts/1225_0"
        },
        "contactPerson" : {
          "href" : "http://localhost/api/contacts/1225_0"
        },
        "master" : {
          "href" : "http://localhost/api/contacts/1225_0/master"
        }
      }
    }, {
      "inputUserId" : "QSA",
      "lastUpdateUserId" : "QSA",
      "computerId" : "GLSVR171217",
      "lastSynchronizedDate" : null,
      "addressNumber" : "1226",
      "sequence" : 0,
      "name" : "Boga Jaya",
      "mailingName" : "Boga Jaya",
      "description" : "",
      "firstName" : "",
      "middleName" : "",
      "lastName" : "",
      "nickname" : "",
      "salutation" : "",
      "gender" : "",
      "type" : "C",
      "religion" : "",
      "dateOfBirth" : null,
      "placeOfBirth" : "",
      "socialSecurityNumber" : "",
      "socialSecurityDate" : null,
      "mediaObjectReference" : "",
      "lastUpdateDateTime" : "2017-12-17T00:00:00",
      "inputDateTime" : "2017-12-17T00:00:00",
      "_links" : {
        "self" : {
          "href" : "http://localhost/api/contacts/1226_0"
        },
        "contactPerson" : {
          "href" : "http://localhost/api/contacts/1226_0"
        },
        "master" : {
          "href" : "http://localhost/api/contacts/1226_0/master"
        }
      }
    }, {
      "inputUserId" : "QSA",
      "lastUpdateUserId" : "QSA",
      "computerId" : "GLSVR171217",
      "lastSynchronizedDate" : null,
      "addressNumber" : "1227",
      "sequence" : 0,
      "name" : "Bok.Ifan",
      "mailingName" : "Bok.Ifan",
      "description" : "",
      "firstName" : "",
      "middleName" : "",
      "lastName" : "",
      "nickname" : "",
      "salutation" : "",
      "gender" : "",
      "type" : "C",
      "religion" : "",
      "dateOfBirth" : null,
      "placeOfBirth" : "",
      "socialSecurityNumber" : "",
      "socialSecurityDate" : null,
      "mediaObjectReference" : "",
      "lastUpdateDateTime" : "2017-12-17T00:00:00",
      "inputDateTime" : "2017-12-17T00:00:00",
      "_links" : {
        "self" : {
          "href" : "http://localhost/api/contacts/1227_0"
        },
        "contactPerson" : {
          "href" : "http://localhost/api/contacts/1227_0"
        },
        "master" : {
          "href" : "http://localhost/api/contacts/1227_0/master"
        }
      }
    }, {
      "inputUserId" : "QSA",
      "lastUpdateUserId" : "QSA",
      "computerId" : "GLSVR171217",
      "lastSynchronizedDate" : null,
      "addressNumber" : "1228",
      "sequence" : 0,
      "name" : "Bonasib",
      "mailingName" : "Bonasib",
      "description" : "",
      "firstName" : "",
      "middleName" : "",
      "lastName" : "",
      "nickname" : "",
      "salutation" : "",
      "gender" : "",
      "type" : "C",
      "religion" : "",
      "dateOfBirth" : null,
      "placeOfBirth" : "",
      "socialSecurityNumber" : "",
      "socialSecurityDate" : null,
      "mediaObjectReference" : "",
      "lastUpdateDateTime" : "2017-12-17T00:00:00",
      "inputDateTime" : "2017-12-17T00:00:00",
      "_links" : {
        "self" : {
          "href" : "http://localhost/api/contacts/1228_0"
        },
        "contactPerson" : {
          "href" : "http://localhost/api/contacts/1228_0"
        },
        "master" : {
          "href" : "http://localhost/api/contacts/1228_0/master"
        }
      }
    }, {
      "inputUserId" : "QSA",
      "lastUpdateUserId" : "QSA",
      "computerId" : "GLSVR171217",
      "lastSynchronizedDate" : null,
      "addressNumber" : "1229",
      "sequence" : 0,
      "name" : "Borneo Computer",
      "mailingName" : "Borneo Computer",
      "description" : "",
      "firstName" : "",
      "middleName" : "",
      "lastName" : "",
      "nickname" : "",
      "salutation" : "",
      "gender" : "",
      "type" : "C",
      "religion" : "",
      "dateOfBirth" : null,
      "placeOfBirth" : "",
      "socialSecurityNumber" : "",
      "socialSecurityDate" : null,
      "mediaObjectReference" : "",
      "lastUpdateDateTime" : "2017-12-17T00:00:00",
      "inputDateTime" : "2017-12-17T00:00:00",
      "_links" : {
        "self" : {
          "href" : "http://localhost/api/contacts/1229_0"
        },
        "contactPerson" : {
          "href" : "http://localhost/api/contacts/1229_0"
        },
        "master" : {
          "href" : "http://localhost/api/contacts/1229_0/master"
        }
      }
    }, {
      "inputUserId" : "QSA",
      "lastUpdateUserId" : "QSA",
      "computerId" : "GLSVR171217",
      "lastSynchronizedDate" : null,
      "addressNumber" : "1230",
      "sequence" : 0,
      "name" : "BPJS Ketenagakerjaan Kacab Pasuruan",
      "mailingName" : "BPJS Ketenagakerjaan Kacab Pasuruan",
      "description" : "",
      "firstName" : "",
      "middleName" : "",
      "lastName" : "",
      "nickname" : "",
      "salutation" : "",
      "gender" : "",
      "type" : "C",
      "religion" : "",
      "dateOfBirth" : null,
      "placeOfBirth" : "",
      "socialSecurityNumber" : "",
      "socialSecurityDate" : null,
      "mediaObjectReference" : "",
      "lastUpdateDateTime" : "2017-12-17T00:00:00",
      "inputDateTime" : "2017-12-17T00:00:00",
      "_links" : {
        "self" : {
          "href" : "http://localhost/api/contacts/1230_0"
        },
        "contactPerson" : {
          "href" : "http://localhost/api/contacts/1230_0"
        },
        "master" : {
          "href" : "http://localhost/api/contacts/1230_0/master"
        }
      }
    }, {
      "inputUserId" : "QSA",
      "lastUpdateUserId" : "QSA",
      "computerId" : "GLSVR171217",
      "lastSynchronizedDate" : null,
      "addressNumber" : "1231",
      "sequence" : 0,
      "name" : "Bpk .Puji",
      "mailingName" : "Bpk .Puji",
      "description" : "",
      "firstName" : "",
      "middleName" : "",
      "lastName" : "",
      "nickname" : "",
      "salutation" : "",
      "gender" : "",
      "type" : "C",
      "religion" : "",
      "dateOfBirth" : null,
      "placeOfBirth" : "",
      "socialSecurityNumber" : "",
      "socialSecurityDate" : null,
      "mediaObjectReference" : "",
      "lastUpdateDateTime" : "2017-12-17T00:00:00",
      "inputDateTime" : "2017-12-17T00:00:00",
      "_links" : {
        "self" : {
          "href" : "http://localhost/api/contacts/1231_0"
        },
        "contactPerson" : {
          "href" : "http://localhost/api/contacts/1231_0"
        },
        "master" : {
          "href" : "http://localhost/api/contacts/1231_0/master"
        }
      }
    }, {
      "inputUserId" : "QSA",
      "lastUpdateUserId" : "QSA",
      "computerId" : "GLSVR171217",
      "lastSynchronizedDate" : null,
      "addressNumber" : "1232",
      "sequence" : 0,
      "name" : "Bpk Iwan (Fortuna Comp)",
      "mailingName" : "Bpk Iwan (Fortuna Comp)",
      "description" : "",
      "firstName" : "",
      "middleName" : "",
      "lastName" : "",
      "nickname" : "",
      "salutation" : "",
      "gender" : "",
      "type" : "C",
      "religion" : "",
      "dateOfBirth" : null,
      "placeOfBirth" : "",
      "socialSecurityNumber" : "",
      "socialSecurityDate" : null,
      "mediaObjectReference" : "",
      "lastUpdateDateTime" : "2017-12-17T00:00:00",
      "inputDateTime" : "2017-12-17T00:00:00",
      "_links" : {
        "self" : {
          "href" : "http://localhost/api/contacts/1232_0"
        },
        "contactPerson" : {
          "href" : "http://localhost/api/contacts/1232_0"
        },
        "master" : {
          "href" : "http://localhost/api/contacts/1232_0/master"
        }
      }
    }, {
      "inputUserId" : "QSA",
      "lastUpdateUserId" : "QSA",
      "computerId" : "GLSVR171217",
      "lastSynchronizedDate" : null,
      "addressNumber" : "1233",
      "sequence" : 0,
      "name" : "Bpk. Isnan",
      "mailingName" : "Bpk. Isnan",
      "description" : "",
      "firstName" : "",
      "middleName" : "",
      "lastName" : "",
      "nickname" : "",
      "salutation" : "",
      "gender" : "",
      "type" : "C",
      "religion" : "",
      "dateOfBirth" : null,
      "placeOfBirth" : "",
      "socialSecurityNumber" : "",
      "socialSecurityDate" : null,
      "mediaObjectReference" : "",
      "lastUpdateDateTime" : "2017-12-17T00:00:00",
      "inputDateTime" : "2017-12-17T00:00:00",
      "_links" : {
        "self" : {
          "href" : "http://localhost/api/contacts/1233_0"
        },
        "contactPerson" : {
          "href" : "http://localhost/api/contacts/1233_0"
        },
        "master" : {
          "href" : "http://localhost/api/contacts/1233_0/master"
        }
      }
    }, {
      "inputUserId" : "QSA",
      "lastUpdateUserId" : "QSA",
      "computerId" : "GLSVR171217",
      "lastSynchronizedDate" : null,
      "addressNumber" : "1234",
      "sequence" : 0,
      "name" : "Bpk.Abdullah Allamudi",
      "mailingName" : "Bpk.Abdullah Allamudi",
      "description" : "",
      "firstName" : "",
      "middleName" : "",
      "lastName" : "",
      "nickname" : "",
      "salutation" : "",
      "gender" : "",
      "type" : "C",
      "religion" : "",
      "dateOfBirth" : null,
      "placeOfBirth" : "",
      "socialSecurityNumber" : "",
      "socialSecurityDate" : null,
      "mediaObjectReference" : "",
      "lastUpdateDateTime" : "2017-12-17T00:00:00",
      "inputDateTime" : "2017-12-17T00:00:00",
      "_links" : {
        "self" : {
          "href" : "http://localhost/api/contacts/1234_0"
        },
        "contactPerson" : {
          "href" : "http://localhost/api/contacts/1234_0"
        },
        "master" : {
          "href" : "http://localhost/api/contacts/1234_0/master"
        }
      }
    }, {
      "inputUserId" : "QSA",
      "lastUpdateUserId" : "QSA",
      "computerId" : "",
      "lastSynchronizedDate" : null,
      "addressNumber" : "12345",
      "sequence" : 0,
      "name" : "12345",
      "mailingName" : "12345",
      "description" : "",
      "firstName" : "",
      "middleName" : "",
      "lastName" : "",
      "nickname" : "",
      "salutation" : "",
      "gender" : "",
      "type" : "",
      "religion" : "",
      "dateOfBirth" : null,
      "placeOfBirth" : "",
      "socialSecurityNumber" : "",
      "socialSecurityDate" : null,
      "mediaObjectReference" : "",
      "lastUpdateDateTime" : "2018-07-18T14:31:53",
      "inputDateTime" : "2018-07-18T14:31:53",
      "_links" : {
        "self" : {
          "href" : "http://localhost/api/contacts/12345_0"
        },
        "contactPerson" : {
          "href" : "http://localhost/api/contacts/12345_0"
        },
        "master" : {
          "href" : "http://localhost/api/contacts/12345_0/master"
        }
      }
    }, {
      "inputUserId" : "QSA",
      "lastUpdateUserId" : "QSA",
      "computerId" : "GLSVR171217",
      "lastSynchronizedDate" : null,
      "addressNumber" : "1235",
      "sequence" : 0,
      "name" : "Bpk.Agung",
      "mailingName" : "Bpk.Agung",
      "description" : "",
      "firstName" : "",
      "middleName" : "",
      "lastName" : "",
      "nickname" : "",
      "salutation" : "",
      "gender" : "",
      "type" : "C",
      "religion" : "",
      "dateOfBirth" : null,
      "placeOfBirth" : "",
      "socialSecurityNumber" : "",
      "socialSecurityDate" : null,
      "mediaObjectReference" : "",
      "lastUpdateDateTime" : "2017-12-17T00:00:00",
      "inputDateTime" : "2017-12-17T00:00:00",
      "_links" : {
        "self" : {
          "href" : "http://localhost/api/contacts/1235_0"
        },
        "contactPerson" : {
          "href" : "http://localhost/api/contacts/1235_0"
        },
        "master" : {
          "href" : "http://localhost/api/contacts/1235_0/master"
        }
      }
    }, {
      "inputUserId" : "QSA",
      "lastUpdateUserId" : "QSA",
      "computerId" : "GLSVR171217",
      "lastSynchronizedDate" : null,
      "addressNumber" : "1236",
      "sequence" : 0,
      "name" : "Bpk.Anam",
      "mailingName" : "Bpk.Anam",
      "description" : "",
      "firstName" : "",
      "middleName" : "",
      "lastName" : "",
      "nickname" : "",
      "salutation" : "",
      "gender" : "",
      "type" : "C",
      "religion" : "",
      "dateOfBirth" : null,
      "placeOfBirth" : "",
      "socialSecurityNumber" : "",
      "socialSecurityDate" : null,
      "mediaObjectReference" : "",
      "lastUpdateDateTime" : "2017-12-17T00:00:00",
      "inputDateTime" : "2017-12-17T00:00:00",
      "_links" : {
        "self" : {
          "href" : "http://localhost/api/contacts/1236_0"
        },
        "contactPerson" : {
          "href" : "http://localhost/api/contacts/1236_0"
        },
        "master" : {
          "href" : "http://localhost/api/contacts/1236_0/master"
        }
      }
    }, {
      "inputUserId" : "QSA",
      "lastUpdateUserId" : "QSA",
      "computerId" : "GLSVR171217",
      "lastSynchronizedDate" : null,
      "addressNumber" : "1237",
      "sequence" : 0,
      "name" : "Bpk.Baskari",
      "mailingName" : "Bpk.Baskari",
      "description" : "",
      "firstName" : "",
      "middleName" : "",
      "lastName" : "",
      "nickname" : "",
      "salutation" : "",
      "gender" : "",
      "type" : "C",
      "religion" : "",
      "dateOfBirth" : null,
      "placeOfBirth" : "",
      "socialSecurityNumber" : "",
      "socialSecurityDate" : null,
      "mediaObjectReference" : "",
      "lastUpdateDateTime" : "2017-12-17T00:00:00",
      "inputDateTime" : "2017-12-17T00:00:00",
      "_links" : {
        "self" : {
          "href" : "http://localhost/api/contacts/1237_0"
        },
        "contactPerson" : {
          "href" : "http://localhost/api/contacts/1237_0"
        },
        "master" : {
          "href" : "http://localhost/api/contacts/1237_0/master"
        }
      }
    }, {
      "inputUserId" : "QSA",
      "lastUpdateUserId" : "QSA",
      "computerId" : "GLSVR171217",
      "lastSynchronizedDate" : null,
      "addressNumber" : "1238",
      "sequence" : 0,
      "name" : "Bpk.Bayu",
      "mailingName" : "Bpk.Bayu",
      "description" : "",
      "firstName" : "",
      "middleName" : "",
      "lastName" : "",
      "nickname" : "",
      "salutation" : "",
      "gender" : "",
      "type" : "C",
      "religion" : "",
      "dateOfBirth" : null,
      "placeOfBirth" : "",
      "socialSecurityNumber" : "",
      "socialSecurityDate" : null,
      "mediaObjectReference" : "",
      "lastUpdateDateTime" : "2017-12-17T00:00:00",
      "inputDateTime" : "2017-12-17T00:00:00",
      "_links" : {
        "self" : {
          "href" : "http://localhost/api/contacts/1238_0"
        },
        "contactPerson" : {
          "href" : "http://localhost/api/contacts/1238_0"
        },
        "master" : {
          "href" : "http://localhost/api/contacts/1238_0/master"
        }
      }
    }, {
      "inputUserId" : "QSA",
      "lastUpdateUserId" : "QSA",
      "computerId" : "GLSVR171217",
      "lastSynchronizedDate" : null,
      "addressNumber" : "1239",
      "sequence" : 0,
      "name" : "Bpk.Budi Mulyowardono",
      "mailingName" : "Bpk.Budi Mulyowardono",
      "description" : "",
      "firstName" : "",
      "middleName" : "",
      "lastName" : "",
      "nickname" : "",
      "salutation" : "",
      "gender" : "",
      "type" : "C",
      "religion" : "",
      "dateOfBirth" : null,
      "placeOfBirth" : "",
      "socialSecurityNumber" : "",
      "socialSecurityDate" : null,
      "mediaObjectReference" : "",
      "lastUpdateDateTime" : "2017-12-17T00:00:00",
      "inputDateTime" : "2017-12-17T00:00:00",
      "_links" : {
        "self" : {
          "href" : "http://localhost/api/contacts/1239_0"
        },
        "contactPerson" : {
          "href" : "http://localhost/api/contacts/1239_0"
        },
        "master" : {
          "href" : "http://localhost/api/contacts/1239_0/master"
        }
      }
    }, {
      "inputUserId" : "QSA",
      "lastUpdateUserId" : "QSA",
      "computerId" : "GLSVR171217",
      "lastSynchronizedDate" : null,
      "addressNumber" : "1240",
      "sequence" : 0,
      "name" : "Bpk.Charlyto",
      "mailingName" : "Bpk.Charlyto",
      "description" : "",
      "firstName" : "",
      "middleName" : "",
      "lastName" : "",
      "nickname" : "",
      "salutation" : "",
      "gender" : "",
      "type" : "C",
      "religion" : "",
      "dateOfBirth" : null,
      "placeOfBirth" : "",
      "socialSecurityNumber" : "",
      "socialSecurityDate" : null,
      "mediaObjectReference" : "",
      "lastUpdateDateTime" : "2017-12-17T00:00:00",
      "inputDateTime" : "2017-12-17T00:00:00",
      "_links" : {
        "self" : {
          "href" : "http://localhost/api/contacts/1240_0"
        },
        "contactPerson" : {
          "href" : "http://localhost/api/contacts/1240_0"
        },
        "master" : {
          "href" : "http://localhost/api/contacts/1240_0/master"
        }
      }
    }, {
      "inputUserId" : "QSA",
      "lastUpdateUserId" : "QSA",
      "computerId" : "GLSVR171217",
      "lastSynchronizedDate" : null,
      "addressNumber" : "1241",
      "sequence" : 0,
      "name" : "Bpk.Deddy",
      "mailingName" : "Bpk.Deddy",
      "description" : "",
      "firstName" : "",
      "middleName" : "",
      "lastName" : "",
      "nickname" : "",
      "salutation" : "",
      "gender" : "",
      "type" : "C",
      "religion" : "",
      "dateOfBirth" : null,
      "placeOfBirth" : "",
      "socialSecurityNumber" : "",
      "socialSecurityDate" : null,
      "mediaObjectReference" : "",
      "lastUpdateDateTime" : "2017-12-17T00:00:00",
      "inputDateTime" : "2017-12-17T00:00:00",
      "_links" : {
        "self" : {
          "href" : "http://localhost/api/contacts/1241_0"
        },
        "contactPerson" : {
          "href" : "http://localhost/api/contacts/1241_0"
        },
        "master" : {
          "href" : "http://localhost/api/contacts/1241_0/master"
        }
      }
    }, {
      "inputUserId" : "QSA",
      "lastUpdateUserId" : "QSA",
      "computerId" : "GLSVR171217",
      "lastSynchronizedDate" : null,
      "addressNumber" : "1242",
      "sequence" : 0,
      "name" : "Bpk.Dedi",
      "mailingName" : "Bpk.Dedi",
      "description" : "",
      "firstName" : "",
      "middleName" : "",
      "lastName" : "",
      "nickname" : "",
      "salutation" : "",
      "gender" : "",
      "type" : "C",
      "religion" : "",
      "dateOfBirth" : null,
      "placeOfBirth" : "",
      "socialSecurityNumber" : "",
      "socialSecurityDate" : null,
      "mediaObjectReference" : "",
      "lastUpdateDateTime" : "2017-12-17T00:00:00",
      "inputDateTime" : "2017-12-17T00:00:00",
      "_links" : {
        "self" : {
          "href" : "http://localhost/api/contacts/1242_0"
        },
        "contactPerson" : {
          "href" : "http://localhost/api/contacts/1242_0"
        },
        "master" : {
          "href" : "http://localhost/api/contacts/1242_0/master"
        }
      }
    }, {
      "inputUserId" : "QSA",
      "lastUpdateUserId" : "QSA",
      "computerId" : "GLSVR171217",
      "lastSynchronizedDate" : null,
      "addressNumber" : "1243",
      "sequence" : 0,
      "name" : "Bpk.Dedy",
      "mailingName" : "Bpk.Dedy",
      "description" : "",
      "firstName" : "",
      "middleName" : "",
      "lastName" : "",
      "nickname" : "",
      "salutation" : "",
      "gender" : "",
      "type" : "C",
      "religion" : "",
      "dateOfBirth" : null,
      "placeOfBirth" : "",
      "socialSecurityNumber" : "",
      "socialSecurityDate" : null,
      "mediaObjectReference" : "",
      "lastUpdateDateTime" : "2017-12-17T00:00:00",
      "inputDateTime" : "2017-12-17T00:00:00",
      "_links" : {
        "self" : {
          "href" : "http://localhost/api/contacts/1243_0"
        },
        "contactPerson" : {
          "href" : "http://localhost/api/contacts/1243_0"
        },
        "master" : {
          "href" : "http://localhost/api/contacts/1243_0/master"
        }
      }
    }, {
      "inputUserId" : "QSA",
      "lastUpdateUserId" : "QSA",
      "computerId" : "GLSVR171217",
      "lastSynchronizedDate" : null,
      "addressNumber" : "1244",
      "sequence" : 0,
      "name" : "Bpk.Djoni",
      "mailingName" : "Bpk.Djoni",
      "description" : "",
      "firstName" : "",
      "middleName" : "",
      "lastName" : "",
      "nickname" : "",
      "salutation" : "",
      "gender" : "",
      "type" : "C",
      "religion" : "",
      "dateOfBirth" : null,
      "placeOfBirth" : "",
      "socialSecurityNumber" : "",
      "socialSecurityDate" : null,
      "mediaObjectReference" : "",
      "lastUpdateDateTime" : "2017-12-17T00:00:00",
      "inputDateTime" : "2017-12-17T00:00:00",
      "_links" : {
        "self" : {
          "href" : "http://localhost/api/contacts/1244_0"
        },
        "contactPerson" : {
          "href" : "http://localhost/api/contacts/1244_0"
        },
        "master" : {
          "href" : "http://localhost/api/contacts/1244_0/master"
        }
      }
    }, {
      "inputUserId" : "QSA",
      "lastUpdateUserId" : "QSA",
      "computerId" : "GLSVR171217",
      "lastSynchronizedDate" : null,
      "addressNumber" : "1245",
      "sequence" : 0,
      "name" : "Bpk.Eko",
      "mailingName" : "Bpk.Eko",
      "description" : "",
      "firstName" : "",
      "middleName" : "",
      "lastName" : "",
      "nickname" : "",
      "salutation" : "",
      "gender" : "",
      "type" : "C",
      "religion" : "",
      "dateOfBirth" : null,
      "placeOfBirth" : "",
      "socialSecurityNumber" : "",
      "socialSecurityDate" : null,
      "mediaObjectReference" : "",
      "lastUpdateDateTime" : "2017-12-17T00:00:00",
      "inputDateTime" : "2017-12-17T00:00:00",
      "_links" : {
        "self" : {
          "href" : "http://localhost/api/contacts/1245_0"
        },
        "contactPerson" : {
          "href" : "http://localhost/api/contacts/1245_0"
        },
        "master" : {
          "href" : "http://localhost/api/contacts/1245_0/master"
        }
      }
    }, {
      "inputUserId" : "QSA",
      "lastUpdateUserId" : "QSA",
      "computerId" : "GLSVR171217",
      "lastSynchronizedDate" : null,
      "addressNumber" : "1246",
      "sequence" : 0,
      "name" : "Bpk.Fendi",
      "mailingName" : "Bpk.Fendi",
      "description" : "",
      "firstName" : "",
      "middleName" : "",
      "lastName" : "",
      "nickname" : "",
      "salutation" : "",
      "gender" : "",
      "type" : "C",
      "religion" : "",
      "dateOfBirth" : null,
      "placeOfBirth" : "",
      "socialSecurityNumber" : "",
      "socialSecurityDate" : null,
      "mediaObjectReference" : "",
      "lastUpdateDateTime" : "2017-12-17T00:00:00",
      "inputDateTime" : "2017-12-17T00:00:00",
      "_links" : {
        "self" : {
          "href" : "http://localhost/api/contacts/1246_0"
        },
        "contactPerson" : {
          "href" : "http://localhost/api/contacts/1246_0"
        },
        "master" : {
          "href" : "http://localhost/api/contacts/1246_0/master"
        }
      }
    }, {
      "inputUserId" : "QSA",
      "lastUpdateUserId" : "QSA",
      "computerId" : "GLSVR171217",
      "lastSynchronizedDate" : null,
      "addressNumber" : "1247",
      "sequence" : 0,
      "name" : "Bpk.Gery",
      "mailingName" : "Bpk.Gery",
      "description" : "",
      "firstName" : "",
      "middleName" : "",
      "lastName" : "",
      "nickname" : "",
      "salutation" : "",
      "gender" : "",
      "type" : "C",
      "religion" : "",
      "dateOfBirth" : null,
      "placeOfBirth" : "",
      "socialSecurityNumber" : "",
      "socialSecurityDate" : null,
      "mediaObjectReference" : "",
      "lastUpdateDateTime" : "2017-12-17T00:00:00",
      "inputDateTime" : "2017-12-17T00:00:00",
      "_links" : {
        "self" : {
          "href" : "http://localhost/api/contacts/1247_0"
        },
        "contactPerson" : {
          "href" : "http://localhost/api/contacts/1247_0"
        },
        "master" : {
          "href" : "http://localhost/api/contacts/1247_0/master"
        }
      }
    }, {
      "inputUserId" : "QSA",
      "lastUpdateUserId" : "QSA",
      "computerId" : "GLSVR171217",
      "lastSynchronizedDate" : null,
      "addressNumber" : "1248",
      "sequence" : 0,
      "name" : "Bpk.Hari",
      "mailingName" : "Bpk.Hari",
      "description" : "",
      "firstName" : "",
      "middleName" : "",
      "lastName" : "",
      "nickname" : "",
      "salutation" : "",
      "gender" : "",
      "type" : "C",
      "religion" : "",
      "dateOfBirth" : null,
      "placeOfBirth" : "",
      "socialSecurityNumber" : "",
      "socialSecurityDate" : null,
      "mediaObjectReference" : "",
      "lastUpdateDateTime" : "2017-12-17T00:00:00",
      "inputDateTime" : "2017-12-17T00:00:00",
      "_links" : {
        "self" : {
          "href" : "http://localhost/api/contacts/1248_0"
        },
        "contactPerson" : {
          "href" : "http://localhost/api/contacts/1248_0"
        },
        "master" : {
          "href" : "http://localhost/api/contacts/1248_0/master"
        }
      }
    }, {
      "inputUserId" : "QSA",
      "lastUpdateUserId" : "QSA",
      "computerId" : "GLSVR171217",
      "lastSynchronizedDate" : null,
      "addressNumber" : "1249",
      "sequence" : 0,
      "name" : "Bpk.Heri",
      "mailingName" : "Bpk.Heri",
      "description" : "",
      "firstName" : "",
      "middleName" : "",
      "lastName" : "",
      "nickname" : "",
      "salutation" : "",
      "gender" : "",
      "type" : "C",
      "religion" : "",
      "dateOfBirth" : null,
      "placeOfBirth" : "",
      "socialSecurityNumber" : "",
      "socialSecurityDate" : null,
      "mediaObjectReference" : "",
      "lastUpdateDateTime" : "2017-12-17T00:00:00",
      "inputDateTime" : "2017-12-17T00:00:00",
      "_links" : {
        "self" : {
          "href" : "http://localhost/api/contacts/1249_0"
        },
        "contactPerson" : {
          "href" : "http://localhost/api/contacts/1249_0"
        },
        "master" : {
          "href" : "http://localhost/api/contacts/1249_0/master"
        }
      }
    }, {
      "inputUserId" : "QSA",
      "lastUpdateUserId" : "QSA",
      "computerId" : "GLSVR171217",
      "lastSynchronizedDate" : null,
      "addressNumber" : "1250",
      "sequence" : 0,
      "name" : "Bpk.Herlambang",
      "mailingName" : "Bpk.Herlambang",
      "description" : "",
      "firstName" : "",
      "middleName" : "",
      "lastName" : "",
      "nickname" : "",
      "salutation" : "",
      "gender" : "",
      "type" : "C",
      "religion" : "",
      "dateOfBirth" : null,
      "placeOfBirth" : "",
      "socialSecurityNumber" : "",
      "socialSecurityDate" : null,
      "mediaObjectReference" : "",
      "lastUpdateDateTime" : "2017-12-17T00:00:00",
      "inputDateTime" : "2017-12-17T00:00:00",
      "_links" : {
        "self" : {
          "href" : "http://localhost/api/contacts/1250_0"
        },
        "contactPerson" : {
          "href" : "http://localhost/api/contacts/1250_0"
        },
        "master" : {
          "href" : "http://localhost/api/contacts/1250_0/master"
        }
      }
    }, {
      "inputUserId" : "QSA",
      "lastUpdateUserId" : "QSA",
      "computerId" : "GLSVR171217",
      "lastSynchronizedDate" : null,
      "addressNumber" : "1251",
      "sequence" : 0,
      "name" : "Bpk.Huda",
      "mailingName" : "Bpk.Huda",
      "description" : "",
      "firstName" : "",
      "middleName" : "",
      "lastName" : "",
      "nickname" : "",
      "salutation" : "",
      "gender" : "",
      "type" : "C",
      "religion" : "",
      "dateOfBirth" : null,
      "placeOfBirth" : "",
      "socialSecurityNumber" : "",
      "socialSecurityDate" : null,
      "mediaObjectReference" : "",
      "lastUpdateDateTime" : "2017-12-17T00:00:00",
      "inputDateTime" : "2017-12-17T00:00:00",
      "_links" : {
        "self" : {
          "href" : "http://localhost/api/contacts/1251_0"
        },
        "contactPerson" : {
          "href" : "http://localhost/api/contacts/1251_0"
        },
        "master" : {
          "href" : "http://localhost/api/contacts/1251_0/master"
        }
      }
    }, {
      "inputUserId" : "QSA",
      "lastUpdateUserId" : "QSA",
      "computerId" : "GLSVR171217",
      "lastSynchronizedDate" : null,
      "addressNumber" : "1252",
      "sequence" : 0,
      "name" : "Bpk.I Hung",
      "mailingName" : "Bpk.I Hung",
      "description" : "",
      "firstName" : "",
      "middleName" : "",
      "lastName" : "",
      "nickname" : "",
      "salutation" : "",
      "gender" : "",
      "type" : "C",
      "religion" : "",
      "dateOfBirth" : null,
      "placeOfBirth" : "",
      "socialSecurityNumber" : "",
      "socialSecurityDate" : null,
      "mediaObjectReference" : "",
      "lastUpdateDateTime" : "2017-12-17T00:00:00",
      "inputDateTime" : "2017-12-17T00:00:00",
      "_links" : {
        "self" : {
          "href" : "http://localhost/api/contacts/1252_0"
        },
        "contactPerson" : {
          "href" : "http://localhost/api/contacts/1252_0"
        },
        "master" : {
          "href" : "http://localhost/api/contacts/1252_0/master"
        }
      }
    }, {
      "inputUserId" : "QSA",
      "lastUpdateUserId" : "QSA",
      "computerId" : "GLSVR171217",
      "lastSynchronizedDate" : null,
      "addressNumber" : "1253",
      "sequence" : 0,
      "name" : "Bpk.Ifan",
      "mailingName" : "Bpk.Ifan",
      "description" : "",
      "firstName" : "",
      "middleName" : "",
      "lastName" : "",
      "nickname" : "",
      "salutation" : "",
      "gender" : "",
      "type" : "C",
      "religion" : "",
      "dateOfBirth" : null,
      "placeOfBirth" : "",
      "socialSecurityNumber" : "",
      "socialSecurityDate" : null,
      "mediaObjectReference" : "",
      "lastUpdateDateTime" : "2017-12-17T00:00:00",
      "inputDateTime" : "2017-12-17T00:00:00",
      "_links" : {
        "self" : {
          "href" : "http://localhost/api/contacts/1253_0"
        },
        "contactPerson" : {
          "href" : "http://localhost/api/contacts/1253_0"
        },
        "master" : {
          "href" : "http://localhost/api/contacts/1253_0/master"
        }
      }
    }, {
      "inputUserId" : "QSA",
      "lastUpdateUserId" : "QSA",
      "computerId" : "GLSVR171217",
      "lastSynchronizedDate" : null,
      "addressNumber" : "1254",
      "sequence" : 0,
      "name" : "Bpk.Ismail",
      "mailingName" : "Bpk.Ismail",
      "description" : "",
      "firstName" : "",
      "middleName" : "",
      "lastName" : "",
      "nickname" : "",
      "salutation" : "",
      "gender" : "",
      "type" : "C",
      "religion" : "",
      "dateOfBirth" : null,
      "placeOfBirth" : "",
      "socialSecurityNumber" : "",
      "socialSecurityDate" : null,
      "mediaObjectReference" : "",
      "lastUpdateDateTime" : "2017-12-17T00:00:00",
      "inputDateTime" : "2017-12-17T00:00:00",
      "_links" : {
        "self" : {
          "href" : "http://localhost/api/contacts/1254_0"
        },
        "contactPerson" : {
          "href" : "http://localhost/api/contacts/1254_0"
        },
        "master" : {
          "href" : "http://localhost/api/contacts/1254_0/master"
        }
      }
    }, {
      "inputUserId" : "QSA",
      "lastUpdateUserId" : "QSA",
      "computerId" : "GLSVR171217",
      "lastSynchronizedDate" : null,
      "addressNumber" : "1255",
      "sequence" : 0,
      "name" : "Bpk.Jimmy",
      "mailingName" : "Bpk.Jimmy",
      "description" : "",
      "firstName" : "",
      "middleName" : "",
      "lastName" : "",
      "nickname" : "",
      "salutation" : "",
      "gender" : "",
      "type" : "C",
      "religion" : "",
      "dateOfBirth" : null,
      "placeOfBirth" : "",
      "socialSecurityNumber" : "",
      "socialSecurityDate" : null,
      "mediaObjectReference" : "",
      "lastUpdateDateTime" : "2017-12-17T00:00:00",
      "inputDateTime" : "2017-12-17T00:00:00",
      "_links" : {
        "self" : {
          "href" : "http://localhost/api/contacts/1255_0"
        },
        "contactPerson" : {
          "href" : "http://localhost/api/contacts/1255_0"
        },
        "master" : {
          "href" : "http://localhost/api/contacts/1255_0/master"
        }
      }
    }, {
      "inputUserId" : "QSA",
      "lastUpdateUserId" : "QSA",
      "computerId" : "GLSVR171217",
      "lastSynchronizedDate" : null,
      "addressNumber" : "1256",
      "sequence" : 0,
      "name" : "Bpk.Maksum",
      "mailingName" : "Bpk.Maksum",
      "description" : "",
      "firstName" : "",
      "middleName" : "",
      "lastName" : "",
      "nickname" : "",
      "salutation" : "",
      "gender" : "",
      "type" : "C",
      "religion" : "",
      "dateOfBirth" : null,
      "placeOfBirth" : "",
      "socialSecurityNumber" : "",
      "socialSecurityDate" : null,
      "mediaObjectReference" : "",
      "lastUpdateDateTime" : "2017-12-17T00:00:00",
      "inputDateTime" : "2017-12-17T00:00:00",
      "_links" : {
        "self" : {
          "href" : "http://localhost/api/contacts/1256_0"
        },
        "contactPerson" : {
          "href" : "http://localhost/api/contacts/1256_0"
        },
        "master" : {
          "href" : "http://localhost/api/contacts/1256_0/master"
        }
      }
    }, {
      "inputUserId" : "QSA",
      "lastUpdateUserId" : "QSA",
      "computerId" : "GLSVR171217",
      "lastSynchronizedDate" : null,
      "addressNumber" : "1257",
      "sequence" : 0,
      "name" : "Bpk.Mul",
      "mailingName" : "Bpk.Mul",
      "description" : "",
      "firstName" : "",
      "middleName" : "",
      "lastName" : "",
      "nickname" : "",
      "salutation" : "",
      "gender" : "",
      "type" : "C",
      "religion" : "",
      "dateOfBirth" : null,
      "placeOfBirth" : "",
      "socialSecurityNumber" : "",
      "socialSecurityDate" : null,
      "mediaObjectReference" : "",
      "lastUpdateDateTime" : "2017-12-17T00:00:00",
      "inputDateTime" : "2017-12-17T00:00:00",
      "_links" : {
        "self" : {
          "href" : "http://localhost/api/contacts/1257_0"
        },
        "contactPerson" : {
          "href" : "http://localhost/api/contacts/1257_0"
        },
        "master" : {
          "href" : "http://localhost/api/contacts/1257_0/master"
        }
      }
    }, {
      "inputUserId" : "QSA",
      "lastUpdateUserId" : "QSA",
      "computerId" : "GLSVR171217",
      "lastSynchronizedDate" : null,
      "addressNumber" : "1258",
      "sequence" : 0,
      "name" : "Bpk.Nardi",
      "mailingName" : "Bpk.Nardi",
      "description" : "",
      "firstName" : "",
      "middleName" : "",
      "lastName" : "",
      "nickname" : "",
      "salutation" : "",
      "gender" : "",
      "type" : "C",
      "religion" : "",
      "dateOfBirth" : null,
      "placeOfBirth" : "",
      "socialSecurityNumber" : "",
      "socialSecurityDate" : null,
      "mediaObjectReference" : "",
      "lastUpdateDateTime" : "2017-12-17T00:00:00",
      "inputDateTime" : "2017-12-17T00:00:00",
      "_links" : {
        "self" : {
          "href" : "http://localhost/api/contacts/1258_0"
        },
        "contactPerson" : {
          "href" : "http://localhost/api/contacts/1258_0"
        },
        "master" : {
          "href" : "http://localhost/api/contacts/1258_0/master"
        }
      }
    }, {
      "inputUserId" : "QSA",
      "lastUpdateUserId" : "QSA",
      "computerId" : "GLSVR171217",
      "lastSynchronizedDate" : null,
      "addressNumber" : "1259",
      "sequence" : 0,
      "name" : "Bpk.Ong Cien",
      "mailingName" : "Bpk.Ong Cien",
      "description" : "",
      "firstName" : "",
      "middleName" : "",
      "lastName" : "",
      "nickname" : "",
      "salutation" : "",
      "gender" : "",
      "type" : "C",
      "religion" : "",
      "dateOfBirth" : null,
      "placeOfBirth" : "",
      "socialSecurityNumber" : "",
      "socialSecurityDate" : null,
      "mediaObjectReference" : "",
      "lastUpdateDateTime" : "2017-12-17T00:00:00",
      "inputDateTime" : "2017-12-17T00:00:00",
      "_links" : {
        "self" : {
          "href" : "http://localhost/api/contacts/1259_0"
        },
        "contactPerson" : {
          "href" : "http://localhost/api/contacts/1259_0"
        },
        "master" : {
          "href" : "http://localhost/api/contacts/1259_0/master"
        }
      }
    }, {
      "inputUserId" : "QSA",
      "lastUpdateUserId" : "QSA",
      "computerId" : "GLSVR171217",
      "lastSynchronizedDate" : null,
      "addressNumber" : "1260",
      "sequence" : 0,
      "name" : "Bpk.Putra",
      "mailingName" : "Bpk.Putra",
      "description" : "",
      "firstName" : "",
      "middleName" : "",
      "lastName" : "",
      "nickname" : "",
      "salutation" : "",
      "gender" : "",
      "type" : "C",
      "religion" : "",
      "dateOfBirth" : null,
      "placeOfBirth" : "",
      "socialSecurityNumber" : "",
      "socialSecurityDate" : null,
      "mediaObjectReference" : "",
      "lastUpdateDateTime" : "2017-12-17T00:00:00",
      "inputDateTime" : "2017-12-17T00:00:00",
      "_links" : {
        "self" : {
          "href" : "http://localhost/api/contacts/1260_0"
        },
        "contactPerson" : {
          "href" : "http://localhost/api/contacts/1260_0"
        },
        "master" : {
          "href" : "http://localhost/api/contacts/1260_0/master"
        }
      }
    }, {
      "inputUserId" : "QSA",
      "lastUpdateUserId" : "QSA",
      "computerId" : "GLSVR171217",
      "lastSynchronizedDate" : null,
      "addressNumber" : "1261",
      "sequence" : 0,
      "name" : "Bpk.Rian",
      "mailingName" : "Bpk.Rian",
      "description" : "",
      "firstName" : "",
      "middleName" : "",
      "lastName" : "",
      "nickname" : "",
      "salutation" : "",
      "gender" : "",
      "type" : "C",
      "religion" : "",
      "dateOfBirth" : null,
      "placeOfBirth" : "",
      "socialSecurityNumber" : "",
      "socialSecurityDate" : null,
      "mediaObjectReference" : "",
      "lastUpdateDateTime" : "2017-12-17T00:00:00",
      "inputDateTime" : "2017-12-17T00:00:00",
      "_links" : {
        "self" : {
          "href" : "http://localhost/api/contacts/1261_0"
        },
        "contactPerson" : {
          "href" : "http://localhost/api/contacts/1261_0"
        },
        "master" : {
          "href" : "http://localhost/api/contacts/1261_0/master"
        }
      }
    }, {
      "inputUserId" : "QSA",
      "lastUpdateUserId" : "QSA",
      "computerId" : "GLSVR171217",
      "lastSynchronizedDate" : null,
      "addressNumber" : "1262",
      "sequence" : 0,
      "name" : "Bpk.Ricky",
      "mailingName" : "Bpk.Ricky",
      "description" : "",
      "firstName" : "",
      "middleName" : "",
      "lastName" : "",
      "nickname" : "",
      "salutation" : "",
      "gender" : "",
      "type" : "C",
      "religion" : "",
      "dateOfBirth" : null,
      "placeOfBirth" : "",
      "socialSecurityNumber" : "",
      "socialSecurityDate" : null,
      "mediaObjectReference" : "",
      "lastUpdateDateTime" : "2017-12-17T00:00:00",
      "inputDateTime" : "2017-12-17T00:00:00",
      "_links" : {
        "self" : {
          "href" : "http://localhost/api/contacts/1262_0"
        },
        "contactPerson" : {
          "href" : "http://localhost/api/contacts/1262_0"
        },
        "master" : {
          "href" : "http://localhost/api/contacts/1262_0/master"
        }
      }
    }, {
      "inputUserId" : "QSA",
      "lastUpdateUserId" : "QSA",
      "computerId" : "GLSVR171217",
      "lastSynchronizedDate" : null,
      "addressNumber" : "1263",
      "sequence" : 0,
      "name" : "Bpk.Sanjaya",
      "mailingName" : "Bpk.Sanjaya",
      "description" : "",
      "firstName" : "",
      "middleName" : "",
      "lastName" : "",
      "nickname" : "",
      "salutation" : "",
      "gender" : "",
      "type" : "C",
      "religion" : "",
      "dateOfBirth" : null,
      "placeOfBirth" : "",
      "socialSecurityNumber" : "",
      "socialSecurityDate" : null,
      "mediaObjectReference" : "",
      "lastUpdateDateTime" : "2017-12-17T00:00:00",
      "inputDateTime" : "2017-12-17T00:00:00",
      "_links" : {
        "self" : {
          "href" : "http://localhost/api/contacts/1263_0"
        },
        "contactPerson" : {
          "href" : "http://localhost/api/contacts/1263_0"
        },
        "master" : {
          "href" : "http://localhost/api/contacts/1263_0/master"
        }
      }
    }, {
      "inputUserId" : "QSA",
      "lastUpdateUserId" : "QSA",
      "computerId" : "GLSVR171217",
      "lastSynchronizedDate" : null,
      "addressNumber" : "1264",
      "sequence" : 0,
      "name" : "Bpk.Sony",
      "mailingName" : "Bpk.Sony",
      "description" : "",
      "firstName" : "",
      "middleName" : "",
      "lastName" : "",
      "nickname" : "",
      "salutation" : "",
      "gender" : "",
      "type" : "C",
      "religion" : "",
      "dateOfBirth" : null,
      "placeOfBirth" : "",
      "socialSecurityNumber" : "",
      "socialSecurityDate" : null,
      "mediaObjectReference" : "",
      "lastUpdateDateTime" : "2017-12-17T00:00:00",
      "inputDateTime" : "2017-12-17T00:00:00",
      "_links" : {
        "self" : {
          "href" : "http://localhost/api/contacts/1264_0"
        },
        "contactPerson" : {
          "href" : "http://localhost/api/contacts/1264_0"
        },
        "master" : {
          "href" : "http://localhost/api/contacts/1264_0/master"
        }
      }
    }, {
      "inputUserId" : "QSA",
      "lastUpdateUserId" : "QSA",
      "computerId" : "GLSVR171217",
      "lastSynchronizedDate" : null,
      "addressNumber" : "1265",
      "sequence" : 0,
      "name" : "Bpk.Suyitno",
      "mailingName" : "Bpk.Suyitno",
      "description" : "",
      "firstName" : "",
      "middleName" : "",
      "lastName" : "",
      "nickname" : "",
      "salutation" : "",
      "gender" : "",
      "type" : "C",
      "religion" : "",
      "dateOfBirth" : null,
      "placeOfBirth" : "",
      "socialSecurityNumber" : "",
      "socialSecurityDate" : null,
      "mediaObjectReference" : "",
      "lastUpdateDateTime" : "2017-12-17T00:00:00",
      "inputDateTime" : "2017-12-17T00:00:00",
      "_links" : {
        "self" : {
          "href" : "http://localhost/api/contacts/1265_0"
        },
        "contactPerson" : {
          "href" : "http://localhost/api/contacts/1265_0"
        },
        "master" : {
          "href" : "http://localhost/api/contacts/1265_0/master"
        }
      }
    }, {
      "inputUserId" : "QSA",
      "lastUpdateUserId" : "QSA",
      "computerId" : "GLSVR171217",
      "lastSynchronizedDate" : null,
      "addressNumber" : "1266",
      "sequence" : 0,
      "name" : "Bpk.Syafi",
      "mailingName" : "Bpk.Syafi",
      "description" : "",
      "firstName" : "",
      "middleName" : "",
      "lastName" : "",
      "nickname" : "",
      "salutation" : "",
      "gender" : "",
      "type" : "C",
      "religion" : "",
      "dateOfBirth" : null,
      "placeOfBirth" : "",
      "socialSecurityNumber" : "",
      "socialSecurityDate" : null,
      "mediaObjectReference" : "",
      "lastUpdateDateTime" : "2017-12-17T00:00:00",
      "inputDateTime" : "2017-12-17T00:00:00",
      "_links" : {
        "self" : {
          "href" : "http://localhost/api/contacts/1266_0"
        },
        "contactPerson" : {
          "href" : "http://localhost/api/contacts/1266_0"
        },
        "master" : {
          "href" : "http://localhost/api/contacts/1266_0/master"
        }
      }
    }, {
      "inputUserId" : "QSA",
      "lastUpdateUserId" : "QSA",
      "computerId" : "GLSVR171217",
      "lastSynchronizedDate" : null,
      "addressNumber" : "1267",
      "sequence" : 0,
      "name" : "Bpk.Syaiful",
      "mailingName" : "Bpk.Syaiful",
      "description" : "",
      "firstName" : "",
      "middleName" : "",
      "lastName" : "",
      "nickname" : "",
      "salutation" : "",
      "gender" : "",
      "type" : "C",
      "religion" : "",
      "dateOfBirth" : null,
      "placeOfBirth" : "",
      "socialSecurityNumber" : "",
      "socialSecurityDate" : null,
      "mediaObjectReference" : "",
      "lastUpdateDateTime" : "2017-12-17T00:00:00",
      "inputDateTime" : "2017-12-17T00:00:00",
      "_links" : {
        "self" : {
          "href" : "http://localhost/api/contacts/1267_0"
        },
        "contactPerson" : {
          "href" : "http://localhost/api/contacts/1267_0"
        },
        "master" : {
          "href" : "http://localhost/api/contacts/1267_0/master"
        }
      }
    }, {
      "inputUserId" : "QSA",
      "lastUpdateUserId" : "QSA",
      "computerId" : "GLSVR171217",
      "lastSynchronizedDate" : null,
      "addressNumber" : "1268",
      "sequence" : 0,
      "name" : "Bpk.Udin",
      "mailingName" : "Bpk.Udin",
      "description" : "",
      "firstName" : "",
      "middleName" : "",
      "lastName" : "",
      "nickname" : "",
      "salutation" : "",
      "gender" : "",
      "type" : "C",
      "religion" : "",
      "dateOfBirth" : null,
      "placeOfBirth" : "",
      "socialSecurityNumber" : "",
      "socialSecurityDate" : null,
      "mediaObjectReference" : "",
      "lastUpdateDateTime" : "2017-12-17T00:00:00",
      "inputDateTime" : "2017-12-17T00:00:00",
      "_links" : {
        "self" : {
          "href" : "http://localhost/api/contacts/1268_0"
        },
        "contactPerson" : {
          "href" : "http://localhost/api/contacts/1268_0"
        },
        "master" : {
          "href" : "http://localhost/api/contacts/1268_0/master"
        }
      }
    }, {
      "inputUserId" : "QSA",
      "lastUpdateUserId" : "QSA",
      "computerId" : "GLSVR171217",
      "lastSynchronizedDate" : null,
      "addressNumber" : "1269",
      "sequence" : 0,
      "name" : "Bpk.Wahyu",
      "mailingName" : "Bpk.Wahyu",
      "description" : "",
      "firstName" : "",
      "middleName" : "",
      "lastName" : "",
      "nickname" : "",
      "salutation" : "",
      "gender" : "",
      "type" : "C",
      "religion" : "",
      "dateOfBirth" : null,
      "placeOfBirth" : "",
      "socialSecurityNumber" : "",
      "socialSecurityDate" : null,
      "mediaObjectReference" : "",
      "lastUpdateDateTime" : "2017-12-17T00:00:00",
      "inputDateTime" : "2017-12-17T00:00:00",
      "_links" : {
        "self" : {
          "href" : "http://localhost/api/contacts/1269_0"
        },
        "contactPerson" : {
          "href" : "http://localhost/api/contacts/1269_0"
        },
        "master" : {
          "href" : "http://localhost/api/contacts/1269_0/master"
        }
      }
    }, {
      "inputUserId" : "QSA",
      "lastUpdateUserId" : "QSA",
      "computerId" : "GLSVR171217",
      "lastSynchronizedDate" : null,
      "addressNumber" : "1270",
      "sequence" : 0,
      "name" : "Bpk.Yoyok",
      "mailingName" : "Bpk.Yoyok",
      "description" : "",
      "firstName" : "",
      "middleName" : "",
      "lastName" : "",
      "nickname" : "",
      "salutation" : "",
      "gender" : "",
      "type" : "C",
      "religion" : "",
      "dateOfBirth" : null,
      "placeOfBirth" : "",
      "socialSecurityNumber" : "",
      "socialSecurityDate" : null,
      "mediaObjectReference" : "",
      "lastUpdateDateTime" : "2017-12-17T00:00:00",
      "inputDateTime" : "2017-12-17T00:00:00",
      "_links" : {
        "self" : {
          "href" : "http://localhost/api/contacts/1270_0"
        },
        "contactPerson" : {
          "href" : "http://localhost/api/contacts/1270_0"
        },
        "master" : {
          "href" : "http://localhost/api/contacts/1270_0/master"
        }
      }
    }, {
      "inputUserId" : "QSA",
      "lastUpdateUserId" : "QSA",
      "computerId" : "GLSVR171217",
      "lastSynchronizedDate" : null,
      "addressNumber" : "1271",
      "sequence" : 0,
      "name" : "Branded Store",
      "mailingName" : "Branded Store",
      "description" : "",
      "firstName" : "",
      "middleName" : "",
      "lastName" : "",
      "nickname" : "",
      "salutation" : "",
      "gender" : "",
      "type" : "C",
      "religion" : "",
      "dateOfBirth" : null,
      "placeOfBirth" : "",
      "socialSecurityNumber" : "",
      "socialSecurityDate" : null,
      "mediaObjectReference" : "",
      "lastUpdateDateTime" : "2017-12-17T00:00:00",
      "inputDateTime" : "2017-12-17T00:00:00",
      "_links" : {
        "self" : {
          "href" : "http://localhost/api/contacts/1271_0"
        },
        "contactPerson" : {
          "href" : "http://localhost/api/contacts/1271_0"
        },
        "master" : {
          "href" : "http://localhost/api/contacts/1271_0/master"
        }
      }
    }, {
      "inputUserId" : "QSA",
      "lastUpdateUserId" : "QSA",
      "computerId" : "GLSVR171217",
      "lastSynchronizedDate" : null,
      "addressNumber" : "1272",
      "sequence" : 0,
      "name" : "BRI",
      "mailingName" : "BRI",
      "description" : "",
      "firstName" : "",
      "middleName" : "",
      "lastName" : "",
      "nickname" : "",
      "salutation" : "",
      "gender" : "",
      "type" : "C",
      "religion" : "",
      "dateOfBirth" : null,
      "placeOfBirth" : "",
      "socialSecurityNumber" : "",
      "socialSecurityDate" : null,
      "mediaObjectReference" : "",
      "lastUpdateDateTime" : "2017-12-17T00:00:00",
      "inputDateTime" : "2017-12-17T00:00:00",
      "_links" : {
        "self" : {
          "href" : "http://localhost/api/contacts/1272_0"
        },
        "contactPerson" : {
          "href" : "http://localhost/api/contacts/1272_0"
        },
        "master" : {
          "href" : "http://localhost/api/contacts/1272_0/master"
        }
      }
    }, {
      "inputUserId" : "QSA",
      "lastUpdateUserId" : "QSA",
      "computerId" : "GLSVR171217",
      "lastSynchronizedDate" : null,
      "addressNumber" : "1273",
      "sequence" : 0,
      "name" : "Bryan Suwanto",
      "mailingName" : "Bryan Suwanto",
      "description" : "",
      "firstName" : "",
      "middleName" : "",
      "lastName" : "",
      "nickname" : "",
      "salutation" : "",
      "gender" : "",
      "type" : "C",
      "religion" : "",
      "dateOfBirth" : null,
      "placeOfBirth" : "",
      "socialSecurityNumber" : "",
      "socialSecurityDate" : null,
      "mediaObjectReference" : "",
      "lastUpdateDateTime" : "2017-12-17T00:00:00",
      "inputDateTime" : "2017-12-17T00:00:00",
      "_links" : {
        "self" : {
          "href" : "http://localhost/api/contacts/1273_0"
        },
        "contactPerson" : {
          "href" : "http://localhost/api/contacts/1273_0"
        },
        "master" : {
          "href" : "http://localhost/api/contacts/1273_0/master"
        }
      }
    }, {
      "inputUserId" : "QSA",
      "lastUpdateUserId" : "QSA",
      "computerId" : "GLSVR171217",
      "lastSynchronizedDate" : null,
      "addressNumber" : "1273",
      "sequence" : 1,
      "name" : "Yuni/Nia",
      "mailingName" : "Yuni/Nia",
      "description" : "",
      "firstName" : "",
      "middleName" : "",
      "lastName" : "",
      "nickname" : "",
      "salutation" : "",
      "gender" : "",
      "type" : "C",
      "religion" : "",
      "dateOfBirth" : null,
      "placeOfBirth" : "",
      "socialSecurityNumber" : "",
      "socialSecurityDate" : null,
      "mediaObjectReference" : "",
      "lastUpdateDateTime" : "2017-12-17T00:00:00",
      "inputDateTime" : "2017-12-17T00:00:00",
      "_links" : {
        "self" : {
          "href" : "http://localhost/api/contacts/1273_1"
        },
        "contactPerson" : {
          "href" : "http://localhost/api/contacts/1273_1"
        },
        "master" : {
          "href" : "http://localhost/api/contacts/1273_1/master"
        }
      }
    }, {
      "inputUserId" : "QSA",
      "lastUpdateUserId" : "QSA",
      "computerId" : "GLSVR171217",
      "lastSynchronizedDate" : null,
      "addressNumber" : "1274",
      "sequence" : 0,
      "name" : "B-Tech",
      "mailingName" : "B-Tech",
      "description" : "",
      "firstName" : "",
      "middleName" : "",
      "lastName" : "",
      "nickname" : "",
      "salutation" : "",
      "gender" : "",
      "type" : "C",
      "religion" : "",
      "dateOfBirth" : null,
      "placeOfBirth" : "",
      "socialSecurityNumber" : "",
      "socialSecurityDate" : null,
      "mediaObjectReference" : "",
      "lastUpdateDateTime" : "2017-12-17T00:00:00",
      "inputDateTime" : "2017-12-17T00:00:00",
      "_links" : {
        "self" : {
          "href" : "http://localhost/api/contacts/1274_0"
        },
        "contactPerson" : {
          "href" : "http://localhost/api/contacts/1274_0"
        },
        "master" : {
          "href" : "http://localhost/api/contacts/1274_0/master"
        }
      }
    }, {
      "inputUserId" : "QSA",
      "lastUpdateUserId" : "QSA",
      "computerId" : "GLSVR171217",
      "lastSynchronizedDate" : null,
      "addressNumber" : "1275",
      "sequence" : 0,
      "name" : "Bu Eni",
      "mailingName" : "Bu Eni",
      "description" : "",
      "firstName" : "",
      "middleName" : "",
      "lastName" : "",
      "nickname" : "",
      "salutation" : "",
      "gender" : "",
      "type" : "C",
      "religion" : "",
      "dateOfBirth" : null,
      "placeOfBirth" : "",
      "socialSecurityNumber" : "",
      "socialSecurityDate" : null,
      "mediaObjectReference" : "",
      "lastUpdateDateTime" : "2017-12-17T00:00:00",
      "inputDateTime" : "2017-12-17T00:00:00",
      "_links" : {
        "self" : {
          "href" : "http://localhost/api/contacts/1275_0"
        },
        "contactPerson" : {
          "href" : "http://localhost/api/contacts/1275_0"
        },
        "master" : {
          "href" : "http://localhost/api/contacts/1275_0/master"
        }
      }
    }, {
      "inputUserId" : "QSA",
      "lastUpdateUserId" : "QSA",
      "computerId" : "GLSVR171217",
      "lastSynchronizedDate" : null,
      "addressNumber" : "1276",
      "sequence" : 0,
      "name" : "Bu Grace",
      "mailingName" : "Bu Grace",
      "description" : "",
      "firstName" : "",
      "middleName" : "",
      "lastName" : "",
      "nickname" : "",
      "salutation" : "",
      "gender" : "",
      "type" : "C",
      "religion" : "",
      "dateOfBirth" : null,
      "placeOfBirth" : "",
      "socialSecurityNumber" : "",
      "socialSecurityDate" : null,
      "mediaObjectReference" : "",
      "lastUpdateDateTime" : "2017-12-17T00:00:00",
      "inputDateTime" : "2017-12-17T00:00:00",
      "_links" : {
        "self" : {
          "href" : "http://localhost/api/contacts/1276_0"
        },
        "contactPerson" : {
          "href" : "http://localhost/api/contacts/1276_0"
        },
        "master" : {
          "href" : "http://localhost/api/contacts/1276_0/master"
        }
      }
    }, {
      "inputUserId" : "QSA",
      "lastUpdateUserId" : "QSA",
      "computerId" : "GLSVR171217",
      "lastSynchronizedDate" : null,
      "addressNumber" : "1277",
      "sequence" : 0,
      "name" : "Bu Juliawati",
      "mailingName" : "Bu Juliawati",
      "description" : "",
      "firstName" : "",
      "middleName" : "",
      "lastName" : "",
      "nickname" : "",
      "salutation" : "",
      "gender" : "",
      "type" : "C",
      "religion" : "",
      "dateOfBirth" : null,
      "placeOfBirth" : "",
      "socialSecurityNumber" : "",
      "socialSecurityDate" : null,
      "mediaObjectReference" : "",
      "lastUpdateDateTime" : "2017-12-17T00:00:00",
      "inputDateTime" : "2017-12-17T00:00:00",
      "_links" : {
        "self" : {
          "href" : "http://localhost/api/contacts/1277_0"
        },
        "contactPerson" : {
          "href" : "http://localhost/api/contacts/1277_0"
        },
        "master" : {
          "href" : "http://localhost/api/contacts/1277_0/master"
        }
      }
    }, {
      "inputUserId" : "QSA",
      "lastUpdateUserId" : "QSA",
      "computerId" : "GLSVR171217",
      "lastSynchronizedDate" : null,
      "addressNumber" : "1278",
      "sequence" : 0,
      "name" : "Bu Nedri",
      "mailingName" : "Bu Nedri",
      "description" : "",
      "firstName" : "",
      "middleName" : "",
      "lastName" : "",
      "nickname" : "",
      "salutation" : "",
      "gender" : "",
      "type" : "C",
      "religion" : "",
      "dateOfBirth" : null,
      "placeOfBirth" : "",
      "socialSecurityNumber" : "",
      "socialSecurityDate" : null,
      "mediaObjectReference" : "",
      "lastUpdateDateTime" : "2017-12-17T00:00:00",
      "inputDateTime" : "2017-12-17T00:00:00",
      "_links" : {
        "self" : {
          "href" : "http://localhost/api/contacts/1278_0"
        },
        "contactPerson" : {
          "href" : "http://localhost/api/contacts/1278_0"
        },
        "master" : {
          "href" : "http://localhost/api/contacts/1278_0/master"
        }
      }
    }, {
      "inputUserId" : "QSA",
      "lastUpdateUserId" : "QSA",
      "computerId" : "GLSVR171217",
      "lastSynchronizedDate" : null,
      "addressNumber" : "1279",
      "sequence" : 0,
      "name" : "Bu Retno",
      "mailingName" : "Bu Retno",
      "description" : "",
      "firstName" : "",
      "middleName" : "",
      "lastName" : "",
      "nickname" : "",
      "salutation" : "",
      "gender" : "",
      "type" : "C",
      "religion" : "",
      "dateOfBirth" : null,
      "placeOfBirth" : "",
      "socialSecurityNumber" : "",
      "socialSecurityDate" : null,
      "mediaObjectReference" : "",
      "lastUpdateDateTime" : "2017-12-17T00:00:00",
      "inputDateTime" : "2017-12-17T00:00:00",
      "_links" : {
        "self" : {
          "href" : "http://localhost/api/contacts/1279_0"
        },
        "contactPerson" : {
          "href" : "http://localhost/api/contacts/1279_0"
        },
        "master" : {
          "href" : "http://localhost/api/contacts/1279_0/master"
        }
      }
    }, {
      "inputUserId" : "QSA",
      "lastUpdateUserId" : "QSA",
      "computerId" : "GLSVR171217",
      "lastSynchronizedDate" : null,
      "addressNumber" : "1280",
      "sequence" : 0,
      "name" : "Bu Riani",
      "mailingName" : "Bu Riani",
      "description" : "",
      "firstName" : "",
      "middleName" : "",
      "lastName" : "",
      "nickname" : "",
      "salutation" : "",
      "gender" : "",
      "type" : "C",
      "religion" : "",
      "dateOfBirth" : null,
      "placeOfBirth" : "",
      "socialSecurityNumber" : "",
      "socialSecurityDate" : null,
      "mediaObjectReference" : "",
      "lastUpdateDateTime" : "2017-12-17T00:00:00",
      "inputDateTime" : "2017-12-17T00:00:00",
      "_links" : {
        "self" : {
          "href" : "http://localhost/api/contacts/1280_0"
        },
        "contactPerson" : {
          "href" : "http://localhost/api/contacts/1280_0"
        },
        "master" : {
          "href" : "http://localhost/api/contacts/1280_0/master"
        }
      }
    }, {
      "inputUserId" : "QSA",
      "lastUpdateUserId" : "QSA",
      "computerId" : "GLSVR171217",
      "lastSynchronizedDate" : null,
      "addressNumber" : "1281",
      "sequence" : 0,
      "name" : "Bu Rum",
      "mailingName" : "Bu Rum",
      "description" : "",
      "firstName" : "",
      "middleName" : "",
      "lastName" : "",
      "nickname" : "",
      "salutation" : "",
      "gender" : "",
      "type" : "C",
      "religion" : "",
      "dateOfBirth" : null,
      "placeOfBirth" : "",
      "socialSecurityNumber" : "",
      "socialSecurityDate" : null,
      "mediaObjectReference" : "",
      "lastUpdateDateTime" : "2017-12-17T00:00:00",
      "inputDateTime" : "2017-12-17T00:00:00",
      "_links" : {
        "self" : {
          "href" : "http://localhost/api/contacts/1281_0"
        },
        "contactPerson" : {
          "href" : "http://localhost/api/contacts/1281_0"
        },
        "master" : {
          "href" : "http://localhost/api/contacts/1281_0/master"
        }
      }
    }, {
      "inputUserId" : "QSA",
      "lastUpdateUserId" : "QSA",
      "computerId" : "GLSVR171217",
      "lastSynchronizedDate" : null,
      "addressNumber" : "1282",
      "sequence" : 0,
      "name" : "Bu.Dian",
      "mailingName" : "Bu.Dian",
      "description" : "",
      "firstName" : "",
      "middleName" : "",
      "lastName" : "",
      "nickname" : "",
      "salutation" : "",
      "gender" : "",
      "type" : "C",
      "religion" : "",
      "dateOfBirth" : null,
      "placeOfBirth" : "",
      "socialSecurityNumber" : "",
      "socialSecurityDate" : null,
      "mediaObjectReference" : "",
      "lastUpdateDateTime" : "2017-12-17T00:00:00",
      "inputDateTime" : "2017-12-17T00:00:00",
      "_links" : {
        "self" : {
          "href" : "http://localhost/api/contacts/1282_0"
        },
        "contactPerson" : {
          "href" : "http://localhost/api/contacts/1282_0"
        },
        "master" : {
          "href" : "http://localhost/api/contacts/1282_0/master"
        }
      }
    }, {
      "inputUserId" : "QSA",
      "lastUpdateUserId" : "QSA",
      "computerId" : "GLSVR171217",
      "lastSynchronizedDate" : null,
      "addressNumber" : "1283",
      "sequence" : 0,
      "name" : "Bu.Dini",
      "mailingName" : "Bu.Dini",
      "description" : "",
      "firstName" : "",
      "middleName" : "",
      "lastName" : "",
      "nickname" : "",
      "salutation" : "",
      "gender" : "",
      "type" : "C",
      "religion" : "",
      "dateOfBirth" : null,
      "placeOfBirth" : "",
      "socialSecurityNumber" : "",
      "socialSecurityDate" : null,
      "mediaObjectReference" : "",
      "lastUpdateDateTime" : "2017-12-17T00:00:00",
      "inputDateTime" : "2017-12-17T00:00:00",
      "_links" : {
        "self" : {
          "href" : "http://localhost/api/contacts/1283_0"
        },
        "contactPerson" : {
          "href" : "http://localhost/api/contacts/1283_0"
        },
        "master" : {
          "href" : "http://localhost/api/contacts/1283_0/master"
        }
      }
    }, {
      "inputUserId" : "QSA",
      "lastUpdateUserId" : "QSA",
      "computerId" : "GLSVR171217",
      "lastSynchronizedDate" : null,
      "addressNumber" : "1284",
      "sequence" : 0,
      "name" : "Bu.Helem",
      "mailingName" : "Bu.Helem",
      "description" : "",
      "firstName" : "",
      "middleName" : "",
      "lastName" : "",
      "nickname" : "",
      "salutation" : "",
      "gender" : "",
      "type" : "C",
      "religion" : "",
      "dateOfBirth" : null,
      "placeOfBirth" : "",
      "socialSecurityNumber" : "",
      "socialSecurityDate" : null,
      "mediaObjectReference" : "",
      "lastUpdateDateTime" : "2017-12-17T00:00:00",
      "inputDateTime" : "2017-12-17T00:00:00",
      "_links" : {
        "self" : {
          "href" : "http://localhost/api/contacts/1284_0"
        },
        "contactPerson" : {
          "href" : "http://localhost/api/contacts/1284_0"
        },
        "master" : {
          "href" : "http://localhost/api/contacts/1284_0/master"
        }
      }
    }, {
      "inputUserId" : "QSA",
      "lastUpdateUserId" : "QSA",
      "computerId" : "GLSVR171217",
      "lastSynchronizedDate" : null,
      "addressNumber" : "1285",
      "sequence" : 0,
      "name" : "Bu.Ririn",
      "mailingName" : "Bu.Ririn",
      "description" : "",
      "firstName" : "",
      "middleName" : "",
      "lastName" : "",
      "nickname" : "",
      "salutation" : "",
      "gender" : "",
      "type" : "C",
      "religion" : "",
      "dateOfBirth" : null,
      "placeOfBirth" : "",
      "socialSecurityNumber" : "",
      "socialSecurityDate" : null,
      "mediaObjectReference" : "",
      "lastUpdateDateTime" : "2017-12-17T00:00:00",
      "inputDateTime" : "2017-12-17T00:00:00",
      "_links" : {
        "self" : {
          "href" : "http://localhost/api/contacts/1285_0"
        },
        "contactPerson" : {
          "href" : "http://localhost/api/contacts/1285_0"
        },
        "master" : {
          "href" : "http://localhost/api/contacts/1285_0/master"
        }
      }
    }, {
      "inputUserId" : "QSA",
      "lastUpdateUserId" : "QSA",
      "computerId" : "GLSVR171217",
      "lastSynchronizedDate" : null,
      "addressNumber" : "1286",
      "sequence" : 0,
      "name" : "Bu.Yati",
      "mailingName" : "Bu.Yati",
      "description" : "",
      "firstName" : "",
      "middleName" : "",
      "lastName" : "",
      "nickname" : "",
      "salutation" : "",
      "gender" : "",
      "type" : "C",
      "religion" : "",
      "dateOfBirth" : null,
      "placeOfBirth" : "",
      "socialSecurityNumber" : "",
      "socialSecurityDate" : null,
      "mediaObjectReference" : "",
      "lastUpdateDateTime" : "2017-12-17T00:00:00",
      "inputDateTime" : "2017-12-17T00:00:00",
      "_links" : {
        "self" : {
          "href" : "http://localhost/api/contacts/1286_0"
        },
        "contactPerson" : {
          "href" : "http://localhost/api/contacts/1286_0"
        },
        "master" : {
          "href" : "http://localhost/api/contacts/1286_0/master"
        }
      }
    }, {
      "inputUserId" : "QSA",
      "lastUpdateUserId" : "QSA",
      "computerId" : "GLSVR171217",
      "lastSynchronizedDate" : null,
      "addressNumber" : "1287",
      "sequence" : 0,
      "name" : "Budi",
      "mailingName" : "Budi",
      "description" : "",
      "firstName" : "",
      "middleName" : "",
      "lastName" : "",
      "nickname" : "",
      "salutation" : "",
      "gender" : "",
      "type" : "C",
      "religion" : "",
      "dateOfBirth" : null,
      "placeOfBirth" : "",
      "socialSecurityNumber" : "",
      "socialSecurityDate" : null,
      "mediaObjectReference" : "",
      "lastUpdateDateTime" : "2017-12-17T00:00:00",
      "inputDateTime" : "2017-12-17T00:00:00",
      "_links" : {
        "self" : {
          "href" : "http://localhost/api/contacts/1287_0"
        },
        "contactPerson" : {
          "href" : "http://localhost/api/contacts/1287_0"
        },
        "master" : {
          "href" : "http://localhost/api/contacts/1287_0/master"
        }
      }
    }, {
      "inputUserId" : "QSA",
      "lastUpdateUserId" : "QSA",
      "computerId" : "GLSVR171217",
      "lastSynchronizedDate" : null,
      "addressNumber" : "1288",
      "sequence" : 0,
      "name" : "Budiono",
      "mailingName" : "Budiono",
      "description" : "",
      "firstName" : "",
      "middleName" : "",
      "lastName" : "",
      "nickname" : "",
      "salutation" : "",
      "gender" : "",
      "type" : "C",
      "religion" : "",
      "dateOfBirth" : null,
      "placeOfBirth" : "",
      "socialSecurityNumber" : "",
      "socialSecurityDate" : null,
      "mediaObjectReference" : "",
      "lastUpdateDateTime" : "2017-12-17T00:00:00",
      "inputDateTime" : "2017-12-17T00:00:00",
      "_links" : {
        "self" : {
          "href" : "http://localhost/api/contacts/1288_0"
        },
        "contactPerson" : {
          "href" : "http://localhost/api/contacts/1288_0"
        },
        "master" : {
          "href" : "http://localhost/api/contacts/1288_0/master"
        }
      }
    }, {
      "inputUserId" : "QSA",
      "lastUpdateUserId" : "QSA",
      "computerId" : "GLSVR171217",
      "lastSynchronizedDate" : null,
      "addressNumber" : "1289",
      "sequence" : 0,
      "name" : "Bunga Surya Computer",
      "mailingName" : "Bunga Surya Computer",
      "description" : "",
      "firstName" : "",
      "middleName" : "",
      "lastName" : "",
      "nickname" : "",
      "salutation" : "",
      "gender" : "",
      "type" : "C",
      "religion" : "",
      "dateOfBirth" : null,
      "placeOfBirth" : "",
      "socialSecurityNumber" : "",
      "socialSecurityDate" : null,
      "mediaObjectReference" : "",
      "lastUpdateDateTime" : "2017-12-17T00:00:00",
      "inputDateTime" : "2017-12-17T00:00:00",
      "_links" : {
        "self" : {
          "href" : "http://localhost/api/contacts/1289_0"
        },
        "contactPerson" : {
          "href" : "http://localhost/api/contacts/1289_0"
        },
        "master" : {
          "href" : "http://localhost/api/contacts/1289_0/master"
        }
      }
    }, {
      "inputUserId" : "QSA",
      "lastUpdateUserId" : "QSA",
      "computerId" : "GLSVR171217",
      "lastSynchronizedDate" : null,
      "addressNumber" : "1290",
      "sequence" : 0,
      "name" : "Butik Notebook",
      "mailingName" : "Butik Notebook",
      "description" : "",
      "firstName" : "",
      "middleName" : "",
      "lastName" : "",
      "nickname" : "",
      "salutation" : "",
      "gender" : "",
      "type" : "C",
      "religion" : "",
      "dateOfBirth" : null,
      "placeOfBirth" : "",
      "socialSecurityNumber" : "",
      "socialSecurityDate" : null,
      "mediaObjectReference" : "",
      "lastUpdateDateTime" : "2017-12-17T00:00:00",
      "inputDateTime" : "2017-12-17T00:00:00",
      "_links" : {
        "self" : {
          "href" : "http://localhost/api/contacts/1290_0"
        },
        "contactPerson" : {
          "href" : "http://localhost/api/contacts/1290_0"
        },
        "master" : {
          "href" : "http://localhost/api/contacts/1290_0/master"
        }
      }
    }, {
      "inputUserId" : "QSA",
      "lastUpdateUserId" : "QSA",
      "computerId" : "GLSVR171217",
      "lastSynchronizedDate" : null,
      "addressNumber" : "1291",
      "sequence" : 0,
      "name" : "Cahaya Abadi Computer",
      "mailingName" : "Cahaya Abadi Computer",
      "description" : "",
      "firstName" : "",
      "middleName" : "",
      "lastName" : "",
      "nickname" : "",
      "salutation" : "",
      "gender" : "",
      "type" : "C",
      "religion" : "",
      "dateOfBirth" : null,
      "placeOfBirth" : "",
      "socialSecurityNumber" : "",
      "socialSecurityDate" : null,
      "mediaObjectReference" : "",
      "lastUpdateDateTime" : "2017-12-17T00:00:00",
      "inputDateTime" : "2017-12-17T00:00:00",
      "_links" : {
        "self" : {
          "href" : "http://localhost/api/contacts/1291_0"
        },
        "contactPerson" : {
          "href" : "http://localhost/api/contacts/1291_0"
        },
        "master" : {
          "href" : "http://localhost/api/contacts/1291_0/master"
        }
      }
    }, {
      "inputUserId" : "QSA",
      "lastUpdateUserId" : "QSA",
      "computerId" : "GLSVR171217",
      "lastSynchronizedDate" : null,
      "addressNumber" : "1292",
      "sequence" : 0,
      "name" : "Cahaya Abadi Komp",
      "mailingName" : "Cahaya Abadi Komp",
      "description" : "",
      "firstName" : "",
      "middleName" : "",
      "lastName" : "",
      "nickname" : "",
      "salutation" : "",
      "gender" : "",
      "type" : "C",
      "religion" : "",
      "dateOfBirth" : null,
      "placeOfBirth" : "",
      "socialSecurityNumber" : "",
      "socialSecurityDate" : null,
      "mediaObjectReference" : "",
      "lastUpdateDateTime" : "2017-12-17T00:00:00",
      "inputDateTime" : "2017-12-17T00:00:00",
      "_links" : {
        "self" : {
          "href" : "http://localhost/api/contacts/1292_0"
        },
        "contactPerson" : {
          "href" : "http://localhost/api/contacts/1292_0"
        },
        "master" : {
          "href" : "http://localhost/api/contacts/1292_0/master"
        }
      }
    }, {
      "inputUserId" : "QSA",
      "lastUpdateUserId" : "QSA",
      "computerId" : "GLSVR171217",
      "lastSynchronizedDate" : null,
      "addressNumber" : "1293",
      "sequence" : 0,
      "name" : "Cahaya Baru",
      "mailingName" : "Cahaya Baru",
      "description" : "",
      "firstName" : "",
      "middleName" : "",
      "lastName" : "",
      "nickname" : "",
      "salutation" : "",
      "gender" : "",
      "type" : "C",
      "religion" : "",
      "dateOfBirth" : null,
      "placeOfBirth" : "",
      "socialSecurityNumber" : "",
      "socialSecurityDate" : null,
      "mediaObjectReference" : "",
      "lastUpdateDateTime" : "2017-12-17T00:00:00",
      "inputDateTime" : "2017-12-17T00:00:00",
      "_links" : {
        "self" : {
          "href" : "http://localhost/api/contacts/1293_0"
        },
        "contactPerson" : {
          "href" : "http://localhost/api/contacts/1293_0"
        },
        "master" : {
          "href" : "http://localhost/api/contacts/1293_0/master"
        }
      }
    }, {
      "inputUserId" : "QSA",
      "lastUpdateUserId" : "QSA",
      "computerId" : "GLSVR171217",
      "lastSynchronizedDate" : null,
      "addressNumber" : "1294",
      "sequence" : 0,
      "name" : "Cahaya Galaxi",
      "mailingName" : "Cahaya Galaxi",
      "description" : "",
      "firstName" : "",
      "middleName" : "",
      "lastName" : "",
      "nickname" : "",
      "salutation" : "",
      "gender" : "",
      "type" : "C",
      "religion" : "",
      "dateOfBirth" : null,
      "placeOfBirth" : "",
      "socialSecurityNumber" : "",
      "socialSecurityDate" : null,
      "mediaObjectReference" : "",
      "lastUpdateDateTime" : "2017-12-17T00:00:00",
      "inputDateTime" : "2017-12-17T00:00:00",
      "_links" : {
        "self" : {
          "href" : "http://localhost/api/contacts/1294_0"
        },
        "contactPerson" : {
          "href" : "http://localhost/api/contacts/1294_0"
        },
        "master" : {
          "href" : "http://localhost/api/contacts/1294_0/master"
        }
      }
    }, {
      "inputUserId" : "QSA",
      "lastUpdateUserId" : "QSA",
      "computerId" : "GLSVR171217",
      "lastSynchronizedDate" : null,
      "addressNumber" : "1295",
      "sequence" : 0,
      "name" : "Cahaya Pratama Computer",
      "mailingName" : "Cahaya Pratama Computer",
      "description" : "",
      "firstName" : "",
      "middleName" : "",
      "lastName" : "",
      "nickname" : "",
      "salutation" : "",
      "gender" : "",
      "type" : "C",
      "religion" : "",
      "dateOfBirth" : null,
      "placeOfBirth" : "",
      "socialSecurityNumber" : "",
      "socialSecurityDate" : null,
      "mediaObjectReference" : "",
      "lastUpdateDateTime" : "2017-12-17T00:00:00",
      "inputDateTime" : "2017-12-17T00:00:00",
      "_links" : {
        "self" : {
          "href" : "http://localhost/api/contacts/1295_0"
        },
        "contactPerson" : {
          "href" : "http://localhost/api/contacts/1295_0"
        },
        "master" : {
          "href" : "http://localhost/api/contacts/1295_0/master"
        }
      }
    }, {
      "inputUserId" : "QSA",
      "lastUpdateUserId" : "QSA",
      "computerId" : "GLSVR171217",
      "lastSynchronizedDate" : null,
      "addressNumber" : "1296",
      "sequence" : 0,
      "name" : "Cahaya Semersta",
      "mailingName" : "Cahaya Semersta",
      "description" : "",
      "firstName" : "",
      "middleName" : "",
      "lastName" : "",
      "nickname" : "",
      "salutation" : "",
      "gender" : "",
      "type" : "C",
      "religion" : "",
      "dateOfBirth" : null,
      "placeOfBirth" : "",
      "socialSecurityNumber" : "",
      "socialSecurityDate" : null,
      "mediaObjectReference" : "",
      "lastUpdateDateTime" : "2017-12-17T00:00:00",
      "inputDateTime" : "2017-12-17T00:00:00",
      "_links" : {
        "self" : {
          "href" : "http://localhost/api/contacts/1296_0"
        },
        "contactPerson" : {
          "href" : "http://localhost/api/contacts/1296_0"
        },
        "master" : {
          "href" : "http://localhost/api/contacts/1296_0/master"
        }
      }
    }, {
      "inputUserId" : "QSA",
      "lastUpdateUserId" : "QSA",
      "computerId" : "GLSVR171217",
      "lastSynchronizedDate" : null,
      "addressNumber" : "1297",
      "sequence" : 0,
      "name" : "Cahaya Semesta Computindo",
      "mailingName" : "Cahaya Semesta Computindo",
      "description" : "",
      "firstName" : "",
      "middleName" : "",
      "lastName" : "",
      "nickname" : "",
      "salutation" : "",
      "gender" : "",
      "type" : "C",
      "religion" : "",
      "dateOfBirth" : null,
      "placeOfBirth" : "",
      "socialSecurityNumber" : "",
      "socialSecurityDate" : null,
      "mediaObjectReference" : "",
      "lastUpdateDateTime" : "2017-12-17T00:00:00",
      "inputDateTime" : "2017-12-17T00:00:00",
      "_links" : {
        "self" : {
          "href" : "http://localhost/api/contacts/1297_0"
        },
        "contactPerson" : {
          "href" : "http://localhost/api/contacts/1297_0"
        },
        "master" : {
          "href" : "http://localhost/api/contacts/1297_0/master"
        }
      }
    }, {
      "inputUserId" : "QSA",
      "lastUpdateUserId" : "QSA",
      "computerId" : "GLSVR171217",
      "lastSynchronizedDate" : null,
      "addressNumber" : "1298",
      "sequence" : 0,
      "name" : "Cahaya Surya Timur",
      "mailingName" : "Cahaya Surya Timur",
      "description" : "",
      "firstName" : "",
      "middleName" : "",
      "lastName" : "",
      "nickname" : "",
      "salutation" : "",
      "gender" : "",
      "type" : "C",
      "religion" : "",
      "dateOfBirth" : null,
      "placeOfBirth" : "",
      "socialSecurityNumber" : "",
      "socialSecurityDate" : null,
      "mediaObjectReference" : "",
      "lastUpdateDateTime" : "2017-12-17T00:00:00",
      "inputDateTime" : "2017-12-17T00:00:00",
      "_links" : {
        "self" : {
          "href" : "http://localhost/api/contacts/1298_0"
        },
        "contactPerson" : {
          "href" : "http://localhost/api/contacts/1298_0"
        },
        "master" : {
          "href" : "http://localhost/api/contacts/1298_0/master"
        }
      }
    }, {
      "inputUserId" : "QSA",
      "lastUpdateUserId" : "QSA",
      "computerId" : "GLSVR171217",
      "lastSynchronizedDate" : null,
      "addressNumber" : "1299",
      "sequence" : 0,
      "name" : "Cakraniaga Comp",
      "mailingName" : "Cakraniaga Comp",
      "description" : "",
      "firstName" : "",
      "middleName" : "",
      "lastName" : "",
      "nickname" : "",
      "salutation" : "",
      "gender" : "",
      "type" : "C",
      "religion" : "",
      "dateOfBirth" : null,
      "placeOfBirth" : "",
      "socialSecurityNumber" : "",
      "socialSecurityDate" : null,
      "mediaObjectReference" : "",
      "lastUpdateDateTime" : "2017-12-17T00:00:00",
      "inputDateTime" : "2017-12-17T00:00:00",
      "_links" : {
        "self" : {
          "href" : "http://localhost/api/contacts/1299_0"
        },
        "contactPerson" : {
          "href" : "http://localhost/api/contacts/1299_0"
        },
        "master" : {
          "href" : "http://localhost/api/contacts/1299_0/master"
        }
      }
    }, {
      "inputUserId" : "QSA",
      "lastUpdateUserId" : "QSA",
      "computerId" : "GLSVR171217",
      "lastSynchronizedDate" : null,
      "addressNumber" : "1300",
      "sequence" : 0,
      "name" : "Cakrawala",
      "mailingName" : "Cakrawala",
      "description" : "",
      "firstName" : "",
      "middleName" : "",
      "lastName" : "",
      "nickname" : "",
      "salutation" : "",
      "gender" : "",
      "type" : "C",
      "religion" : "",
      "dateOfBirth" : null,
      "placeOfBirth" : "",
      "socialSecurityNumber" : "",
      "socialSecurityDate" : null,
      "mediaObjectReference" : "",
      "lastUpdateDateTime" : "2017-12-17T00:00:00",
      "inputDateTime" : "2017-12-17T00:00:00",
      "_links" : {
        "self" : {
          "href" : "http://localhost/api/contacts/1300_0"
        },
        "contactPerson" : {
          "href" : "http://localhost/api/contacts/1300_0"
        },
        "master" : {
          "href" : "http://localhost/api/contacts/1300_0/master"
        }
      }
    }, {
      "inputUserId" : "QSA",
      "lastUpdateUserId" : "QSA",
      "computerId" : "GLSVR171217",
      "lastSynchronizedDate" : null,
      "addressNumber" : "1301",
      "sequence" : 0,
      "name" : "Candra",
      "mailingName" : "Candra",
      "description" : "",
      "firstName" : "",
      "middleName" : "",
      "lastName" : "",
      "nickname" : "",
      "salutation" : "",
      "gender" : "",
      "type" : "C",
      "religion" : "",
      "dateOfBirth" : null,
      "placeOfBirth" : "",
      "socialSecurityNumber" : "",
      "socialSecurityDate" : null,
      "mediaObjectReference" : "",
      "lastUpdateDateTime" : "2017-12-17T00:00:00",
      "inputDateTime" : "2017-12-17T00:00:00",
      "_links" : {
        "self" : {
          "href" : "http://localhost/api/contacts/1301_0"
        },
        "contactPerson" : {
          "href" : "http://localhost/api/contacts/1301_0"
        },
        "master" : {
          "href" : "http://localhost/api/contacts/1301_0/master"
        }
      }
    }, {
      "inputUserId" : "QSA",
      "lastUpdateUserId" : "QSA",
      "computerId" : "GLSVR171217",
      "lastSynchronizedDate" : null,
      "addressNumber" : "1302",
      "sequence" : 0,
      "name" : "Canhadi",
      "mailingName" : "Canhadi",
      "description" : "",
      "firstName" : "",
      "middleName" : "",
      "lastName" : "",
      "nickname" : "",
      "salutation" : "",
      "gender" : "",
      "type" : "C",
      "religion" : "",
      "dateOfBirth" : null,
      "placeOfBirth" : "",
      "socialSecurityNumber" : "",
      "socialSecurityDate" : null,
      "mediaObjectReference" : "",
      "lastUpdateDateTime" : "2017-12-17T00:00:00",
      "inputDateTime" : "2017-12-17T00:00:00",
      "_links" : {
        "self" : {
          "href" : "http://localhost/api/contacts/1302_0"
        },
        "contactPerson" : {
          "href" : "http://localhost/api/contacts/1302_0"
        },
        "master" : {
          "href" : "http://localhost/api/contacts/1302_0/master"
        }
      }
    }, {
      "inputUserId" : "QSA",
      "lastUpdateUserId" : "QSA",
      "computerId" : "GLSVR171217",
      "lastSynchronizedDate" : null,
      "addressNumber" : "1303",
      "sequence" : 0,
      "name" : "Capri Computer",
      "mailingName" : "Capri Computer",
      "description" : "",
      "firstName" : "",
      "middleName" : "",
      "lastName" : "",
      "nickname" : "",
      "salutation" : "",
      "gender" : "",
      "type" : "C",
      "religion" : "",
      "dateOfBirth" : null,
      "placeOfBirth" : "",
      "socialSecurityNumber" : "",
      "socialSecurityDate" : null,
      "mediaObjectReference" : "",
      "lastUpdateDateTime" : "2017-12-17T00:00:00",
      "inputDateTime" : "2017-12-17T00:00:00",
      "_links" : {
        "self" : {
          "href" : "http://localhost/api/contacts/1303_0"
        },
        "contactPerson" : {
          "href" : "http://localhost/api/contacts/1303_0"
        },
        "master" : {
          "href" : "http://localhost/api/contacts/1303_0/master"
        }
      }
    }, {
      "inputUserId" : "QSA",
      "lastUpdateUserId" : "QSA",
      "computerId" : "GLSVR171217",
      "lastSynchronizedDate" : null,
      "addressNumber" : "1304",
      "sequence" : 0,
      "name" : "Caroline",
      "mailingName" : "Caroline",
      "description" : "",
      "firstName" : "",
      "middleName" : "",
      "lastName" : "",
      "nickname" : "",
      "salutation" : "",
      "gender" : "",
      "type" : "C",
      "religion" : "",
      "dateOfBirth" : null,
      "placeOfBirth" : "",
      "socialSecurityNumber" : "",
      "socialSecurityDate" : null,
      "mediaObjectReference" : "",
      "lastUpdateDateTime" : "2017-12-17T00:00:00",
      "inputDateTime" : "2017-12-17T00:00:00",
      "_links" : {
        "self" : {
          "href" : "http://localhost/api/contacts/1304_0"
        },
        "contactPerson" : {
          "href" : "http://localhost/api/contacts/1304_0"
        },
        "master" : {
          "href" : "http://localhost/api/contacts/1304_0/master"
        }
      }
    }, {
      "inputUserId" : "QSA",
      "lastUpdateUserId" : "QSA",
      "computerId" : "GLSVR171217",
      "lastSynchronizedDate" : null,
      "addressNumber" : "1305",
      "sequence" : 0,
      "name" : "Cash",
      "mailingName" : "Cash",
      "description" : "",
      "firstName" : "",
      "middleName" : "",
      "lastName" : "",
      "nickname" : "",
      "salutation" : "",
      "gender" : "",
      "type" : "C",
      "religion" : "",
      "dateOfBirth" : null,
      "placeOfBirth" : "",
      "socialSecurityNumber" : "",
      "socialSecurityDate" : null,
      "mediaObjectReference" : "",
      "lastUpdateDateTime" : "2017-12-17T00:00:00",
      "inputDateTime" : "2017-12-17T00:00:00",
      "_links" : {
        "self" : {
          "href" : "http://localhost/api/contacts/1305_0"
        },
        "contactPerson" : {
          "href" : "http://localhost/api/contacts/1305_0"
        },
        "master" : {
          "href" : "http://localhost/api/contacts/1305_0/master"
        }
      }
    }, {
      "inputUserId" : "QSA",
      "lastUpdateUserId" : "QSA",
      "computerId" : "GLSVR171217",
      "lastSynchronizedDate" : null,
      "addressNumber" : "1306",
      "sequence" : 0,
      "name" : "Cash ABS",
      "mailingName" : "Cash ABS",
      "description" : "",
      "firstName" : "",
      "middleName" : "",
      "lastName" : "",
      "nickname" : "",
      "salutation" : "",
      "gender" : "",
      "type" : "C",
      "religion" : "",
      "dateOfBirth" : null,
      "placeOfBirth" : "",
      "socialSecurityNumber" : "",
      "socialSecurityDate" : null,
      "mediaObjectReference" : "",
      "lastUpdateDateTime" : "2017-12-17T00:00:00",
      "inputDateTime" : "2017-12-17T00:00:00",
      "_links" : {
        "self" : {
          "href" : "http://localhost/api/contacts/1306_0"
        },
        "contactPerson" : {
          "href" : "http://localhost/api/contacts/1306_0"
        },
        "master" : {
          "href" : "http://localhost/api/contacts/1306_0/master"
        }
      }
    }, {
      "inputUserId" : "QSA",
      "lastUpdateUserId" : "QSA",
      "computerId" : "GLSVR171217",
      "lastSynchronizedDate" : null,
      "addressNumber" : "1307",
      "sequence" : 0,
      "name" : "Cash Kasir",
      "mailingName" : "Cash Kasir",
      "description" : "",
      "firstName" : "",
      "middleName" : "",
      "lastName" : "",
      "nickname" : "",
      "salutation" : "",
      "gender" : "",
      "type" : "C",
      "religion" : "",
      "dateOfBirth" : null,
      "placeOfBirth" : "",
      "socialSecurityNumber" : "",
      "socialSecurityDate" : null,
      "mediaObjectReference" : "",
      "lastUpdateDateTime" : "2017-12-17T00:00:00",
      "inputDateTime" : "2017-12-17T00:00:00",
      "_links" : {
        "self" : {
          "href" : "http://localhost/api/contacts/1307_0"
        },
        "contactPerson" : {
          "href" : "http://localhost/api/contacts/1307_0"
        },
        "master" : {
          "href" : "http://localhost/api/contacts/1307_0/master"
        }
      }
    }, {
      "inputUserId" : "QSA",
      "lastUpdateUserId" : "QSA",
      "computerId" : "GLSVR171217",
      "lastSynchronizedDate" : null,
      "addressNumber" : "1308",
      "sequence" : 0,
      "name" : "Cash Service",
      "mailingName" : "Cash Service",
      "description" : "",
      "firstName" : "",
      "middleName" : "",
      "lastName" : "",
      "nickname" : "",
      "salutation" : "",
      "gender" : "",
      "type" : "C",
      "religion" : "",
      "dateOfBirth" : null,
      "placeOfBirth" : "",
      "socialSecurityNumber" : "",
      "socialSecurityDate" : null,
      "mediaObjectReference" : "",
      "lastUpdateDateTime" : "2017-12-17T00:00:00",
      "inputDateTime" : "2017-12-17T00:00:00",
      "_links" : {
        "self" : {
          "href" : "http://localhost/api/contacts/1308_0"
        },
        "contactPerson" : {
          "href" : "http://localhost/api/contacts/1308_0"
        },
        "master" : {
          "href" : "http://localhost/api/contacts/1308_0/master"
        }
      }
    }, {
      "inputUserId" : "QSA",
      "lastUpdateUserId" : "QSA",
      "computerId" : "GLSVR171217",
      "lastSynchronizedDate" : null,
      "addressNumber" : "1309",
      "sequence" : 0,
      "name" : "Catur",
      "mailingName" : "Catur",
      "description" : "",
      "firstName" : "",
      "middleName" : "",
      "lastName" : "",
      "nickname" : "",
      "salutation" : "",
      "gender" : "",
      "type" : "C",
      "religion" : "",
      "dateOfBirth" : null,
      "placeOfBirth" : "",
      "socialSecurityNumber" : "",
      "socialSecurityDate" : null,
      "mediaObjectReference" : "",
      "lastUpdateDateTime" : "2017-12-17T00:00:00",
      "inputDateTime" : "2017-12-17T00:00:00",
      "_links" : {
        "self" : {
          "href" : "http://localhost/api/contacts/1309_0"
        },
        "contactPerson" : {
          "href" : "http://localhost/api/contacts/1309_0"
        },
        "master" : {
          "href" : "http://localhost/api/contacts/1309_0/master"
        }
      }
    }, {
      "inputUserId" : "QSA",
      "lastUpdateUserId" : "QSA",
      "computerId" : "GLSVR171217",
      "lastSynchronizedDate" : null,
      "addressNumber" : "1310",
      "sequence" : 0,
      "name" : "Catur Prasetya",
      "mailingName" : "Catur Prasetya",
      "description" : "",
      "firstName" : "",
      "middleName" : "",
      "lastName" : "",
      "nickname" : "",
      "salutation" : "",
      "gender" : "",
      "type" : "C",
      "religion" : "",
      "dateOfBirth" : null,
      "placeOfBirth" : "",
      "socialSecurityNumber" : "",
      "socialSecurityDate" : null,
      "mediaObjectReference" : "",
      "lastUpdateDateTime" : "2017-12-17T00:00:00",
      "inputDateTime" : "2017-12-17T00:00:00",
      "_links" : {
        "self" : {
          "href" : "http://localhost/api/contacts/1310_0"
        },
        "contactPerson" : {
          "href" : "http://localhost/api/contacts/1310_0"
        },
        "master" : {
          "href" : "http://localhost/api/contacts/1310_0/master"
        }
      }
    }, {
      "inputUserId" : "QSA",
      "lastUpdateUserId" : "QSA",
      "computerId" : "GLSVR171217",
      "lastSynchronizedDate" : null,
      "addressNumber" : "1311",
      "sequence" : 0,
      "name" : "Cc Comp",
      "mailingName" : "Cc Comp",
      "description" : "",
      "firstName" : "",
      "middleName" : "",
      "lastName" : "",
      "nickname" : "",
      "salutation" : "",
      "gender" : "",
      "type" : "C",
      "religion" : "",
      "dateOfBirth" : null,
      "placeOfBirth" : "",
      "socialSecurityNumber" : "",
      "socialSecurityDate" : null,
      "mediaObjectReference" : "",
      "lastUpdateDateTime" : "2017-12-17T00:00:00",
      "inputDateTime" : "2017-12-17T00:00:00",
      "_links" : {
        "self" : {
          "href" : "http://localhost/api/contacts/1311_0"
        },
        "contactPerson" : {
          "href" : "http://localhost/api/contacts/1311_0"
        },
        "master" : {
          "href" : "http://localhost/api/contacts/1311_0/master"
        }
      }
    }, {
      "inputUserId" : "QSA",
      "lastUpdateUserId" : "QSA",
      "computerId" : "GLSVR171217",
      "lastSynchronizedDate" : null,
      "addressNumber" : "1312",
      "sequence" : 0,
      "name" : "Celine",
      "mailingName" : "Celine",
      "description" : "",
      "firstName" : "",
      "middleName" : "",
      "lastName" : "",
      "nickname" : "",
      "salutation" : "",
      "gender" : "",
      "type" : "C",
      "religion" : "",
      "dateOfBirth" : null,
      "placeOfBirth" : "",
      "socialSecurityNumber" : "",
      "socialSecurityDate" : null,
      "mediaObjectReference" : "",
      "lastUpdateDateTime" : "2017-12-17T00:00:00",
      "inputDateTime" : "2017-12-17T00:00:00",
      "_links" : {
        "self" : {
          "href" : "http://localhost/api/contacts/1312_0"
        },
        "contactPerson" : {
          "href" : "http://localhost/api/contacts/1312_0"
        },
        "master" : {
          "href" : "http://localhost/api/contacts/1312_0/master"
        }
      }
    }, {
      "inputUserId" : "QSA",
      "lastUpdateUserId" : "QSA",
      "computerId" : "GLSVR171217",
      "lastSynchronizedDate" : null,
      "addressNumber" : "1313",
      "sequence" : 0,
      "name" : "Cendana comp",
      "mailingName" : "Cendana comp",
      "description" : "",
      "firstName" : "",
      "middleName" : "",
      "lastName" : "",
      "nickname" : "",
      "salutation" : "",
      "gender" : "",
      "type" : "C",
      "religion" : "",
      "dateOfBirth" : null,
      "placeOfBirth" : "",
      "socialSecurityNumber" : "",
      "socialSecurityDate" : null,
      "mediaObjectReference" : "",
      "lastUpdateDateTime" : "2017-12-17T00:00:00",
      "inputDateTime" : "2017-12-17T00:00:00",
      "_links" : {
        "self" : {
          "href" : "http://localhost/api/contacts/1313_0"
        },
        "contactPerson" : {
          "href" : "http://localhost/api/contacts/1313_0"
        },
        "master" : {
          "href" : "http://localhost/api/contacts/1313_0/master"
        }
      }
    }, {
      "inputUserId" : "QSA",
      "lastUpdateUserId" : "QSA",
      "computerId" : "GLSVR171217",
      "lastSynchronizedDate" : null,
      "addressNumber" : "1314",
      "sequence" : 0,
      "name" : "Central Persada",
      "mailingName" : "Central Persada",
      "description" : "",
      "firstName" : "",
      "middleName" : "",
      "lastName" : "",
      "nickname" : "",
      "salutation" : "",
      "gender" : "",
      "type" : "C",
      "religion" : "",
      "dateOfBirth" : null,
      "placeOfBirth" : "",
      "socialSecurityNumber" : "",
      "socialSecurityDate" : null,
      "mediaObjectReference" : "",
      "lastUpdateDateTime" : "2017-12-17T00:00:00",
      "inputDateTime" : "2017-12-17T00:00:00",
      "_links" : {
        "self" : {
          "href" : "http://localhost/api/contacts/1314_0"
        },
        "contactPerson" : {
          "href" : "http://localhost/api/contacts/1314_0"
        },
        "master" : {
          "href" : "http://localhost/api/contacts/1314_0/master"
        }
      }
    }, {
      "inputUserId" : "QSA",
      "lastUpdateUserId" : "QSA",
      "computerId" : "GLSVR171217",
      "lastSynchronizedDate" : null,
      "addressNumber" : "1315",
      "sequence" : 0,
      "name" : "Century Computer",
      "mailingName" : "Century Computer",
      "description" : "",
      "firstName" : "",
      "middleName" : "",
      "lastName" : "",
      "nickname" : "",
      "salutation" : "",
      "gender" : "",
      "type" : "C",
      "religion" : "",
      "dateOfBirth" : null,
      "placeOfBirth" : "",
      "socialSecurityNumber" : "",
      "socialSecurityDate" : null,
      "mediaObjectReference" : "",
      "lastUpdateDateTime" : "2017-12-17T00:00:00",
      "inputDateTime" : "2017-12-17T00:00:00",
      "_links" : {
        "self" : {
          "href" : "http://localhost/api/contacts/1315_0"
        },
        "contactPerson" : {
          "href" : "http://localhost/api/contacts/1315_0"
        },
        "master" : {
          "href" : "http://localhost/api/contacts/1315_0/master"
        }
      }
    }, {
      "inputUserId" : "QSA",
      "lastUpdateUserId" : "QSA",
      "computerId" : "GLSVR171217",
      "lastSynchronizedDate" : null,
      "addressNumber" : "1316",
      "sequence" : 0,
      "name" : "Chandra Gupta",
      "mailingName" : "Chandra Gupta",
      "description" : "",
      "firstName" : "",
      "middleName" : "",
      "lastName" : "",
      "nickname" : "",
      "salutation" : "",
      "gender" : "",
      "type" : "C",
      "religion" : "",
      "dateOfBirth" : null,
      "placeOfBirth" : "",
      "socialSecurityNumber" : "",
      "socialSecurityDate" : null,
      "mediaObjectReference" : "",
      "lastUpdateDateTime" : "2017-12-17T00:00:00",
      "inputDateTime" : "2017-12-17T00:00:00",
      "_links" : {
        "self" : {
          "href" : "http://localhost/api/contacts/1316_0"
        },
        "contactPerson" : {
          "href" : "http://localhost/api/contacts/1316_0"
        },
        "master" : {
          "href" : "http://localhost/api/contacts/1316_0/master"
        }
      }
    }, {
      "inputUserId" : "QSA",
      "lastUpdateUserId" : "QSA",
      "computerId" : "GLSVR171217",
      "lastSynchronizedDate" : null,
      "addressNumber" : "1317",
      "sequence" : 0,
      "name" : "Chintya",
      "mailingName" : "Chintya",
      "description" : "",
      "firstName" : "",
      "middleName" : "",
      "lastName" : "",
      "nickname" : "",
      "salutation" : "",
      "gender" : "",
      "type" : "C",
      "religion" : "",
      "dateOfBirth" : null,
      "placeOfBirth" : "",
      "socialSecurityNumber" : "",
      "socialSecurityDate" : null,
      "mediaObjectReference" : "",
      "lastUpdateDateTime" : "2017-12-17T00:00:00",
      "inputDateTime" : "2017-12-17T00:00:00",
      "_links" : {
        "self" : {
          "href" : "http://localhost/api/contacts/1317_0"
        },
        "contactPerson" : {
          "href" : "http://localhost/api/contacts/1317_0"
        },
        "master" : {
          "href" : "http://localhost/api/contacts/1317_0/master"
        }
      }
    }, {
      "inputUserId" : "QSA",
      "lastUpdateUserId" : "QSA",
      "computerId" : "GLSVR171217",
      "lastSynchronizedDate" : null,
      "addressNumber" : "1318",
      "sequence" : 0,
      "name" : "Chip Computer",
      "mailingName" : "Chip Computer",
      "description" : "",
      "firstName" : "",
      "middleName" : "",
      "lastName" : "",
      "nickname" : "",
      "salutation" : "",
      "gender" : "",
      "type" : "C",
      "religion" : "",
      "dateOfBirth" : null,
      "placeOfBirth" : "",
      "socialSecurityNumber" : "",
      "socialSecurityDate" : null,
      "mediaObjectReference" : "",
      "lastUpdateDateTime" : "2017-12-17T00:00:00",
      "inputDateTime" : "2017-12-17T00:00:00",
      "_links" : {
        "self" : {
          "href" : "http://localhost/api/contacts/1318_0"
        },
        "contactPerson" : {
          "href" : "http://localhost/api/contacts/1318_0"
        },
        "master" : {
          "href" : "http://localhost/api/contacts/1318_0/master"
        }
      }
    }, {
      "inputUserId" : "QSA",
      "lastUpdateUserId" : "QSA",
      "computerId" : "GLSVR171217",
      "lastSynchronizedDate" : null,
      "addressNumber" : "1319",
      "sequence" : 0,
      "name" : "Christian Lee",
      "mailingName" : "Christian Lee",
      "description" : "",
      "firstName" : "",
      "middleName" : "",
      "lastName" : "",
      "nickname" : "",
      "salutation" : "",
      "gender" : "",
      "type" : "C",
      "religion" : "",
      "dateOfBirth" : null,
      "placeOfBirth" : "",
      "socialSecurityNumber" : "",
      "socialSecurityDate" : null,
      "mediaObjectReference" : "",
      "lastUpdateDateTime" : "2017-12-17T00:00:00",
      "inputDateTime" : "2017-12-17T00:00:00",
      "_links" : {
        "self" : {
          "href" : "http://localhost/api/contacts/1319_0"
        },
        "contactPerson" : {
          "href" : "http://localhost/api/contacts/1319_0"
        },
        "master" : {
          "href" : "http://localhost/api/contacts/1319_0/master"
        }
      }
    }, {
      "inputUserId" : "QSA",
      "lastUpdateUserId" : "QSA",
      "computerId" : "GLSVR171217",
      "lastSynchronizedDate" : null,
      "addressNumber" : "1320",
      "sequence" : 0,
      "name" : "Christine",
      "mailingName" : "Christine",
      "description" : "",
      "firstName" : "",
      "middleName" : "",
      "lastName" : "",
      "nickname" : "",
      "salutation" : "",
      "gender" : "",
      "type" : "C",
      "religion" : "",
      "dateOfBirth" : null,
      "placeOfBirth" : "",
      "socialSecurityNumber" : "",
      "socialSecurityDate" : null,
      "mediaObjectReference" : "",
      "lastUpdateDateTime" : "2017-12-17T00:00:00",
      "inputDateTime" : "2017-12-17T00:00:00",
      "_links" : {
        "self" : {
          "href" : "http://localhost/api/contacts/1320_0"
        },
        "contactPerson" : {
          "href" : "http://localhost/api/contacts/1320_0"
        },
        "master" : {
          "href" : "http://localhost/api/contacts/1320_0/master"
        }
      }
    }, {
      "inputUserId" : "QSA",
      "lastUpdateUserId" : "QSA",
      "computerId" : "GLSVR171217",
      "lastSynchronizedDate" : null,
      "addressNumber" : "1321",
      "sequence" : 0,
      "name" : "Christoper",
      "mailingName" : "Christoper",
      "description" : "",
      "firstName" : "",
      "middleName" : "",
      "lastName" : "",
      "nickname" : "",
      "salutation" : "",
      "gender" : "",
      "type" : "C",
      "religion" : "",
      "dateOfBirth" : null,
      "placeOfBirth" : "",
      "socialSecurityNumber" : "",
      "socialSecurityDate" : null,
      "mediaObjectReference" : "",
      "lastUpdateDateTime" : "2017-12-17T00:00:00",
      "inputDateTime" : "2017-12-17T00:00:00",
      "_links" : {
        "self" : {
          "href" : "http://localhost/api/contacts/1321_0"
        },
        "contactPerson" : {
          "href" : "http://localhost/api/contacts/1321_0"
        },
        "master" : {
          "href" : "http://localhost/api/contacts/1321_0/master"
        }
      }
    }, {
      "inputUserId" : "QSA",
      "lastUpdateUserId" : "QSA",
      "computerId" : "GLSVR171217",
      "lastSynchronizedDate" : null,
      "addressNumber" : "1322",
      "sequence" : 0,
      "name" : "Cilinaya Computer",
      "mailingName" : "Cilinaya Computer",
      "description" : "",
      "firstName" : "",
      "middleName" : "",
      "lastName" : "",
      "nickname" : "",
      "salutation" : "",
      "gender" : "",
      "type" : "C",
      "religion" : "",
      "dateOfBirth" : null,
      "placeOfBirth" : "",
      "socialSecurityNumber" : "",
      "socialSecurityDate" : null,
      "mediaObjectReference" : "",
      "lastUpdateDateTime" : "2017-12-17T00:00:00",
      "inputDateTime" : "2017-12-17T00:00:00",
      "_links" : {
        "self" : {
          "href" : "http://localhost/api/contacts/1322_0"
        },
        "contactPerson" : {
          "href" : "http://localhost/api/contacts/1322_0"
        },
        "master" : {
          "href" : "http://localhost/api/contacts/1322_0/master"
        }
      }
    }, {
      "inputUserId" : "QSA",
      "lastUpdateUserId" : "QSA",
      "computerId" : "GLSVR171217",
      "lastSynchronizedDate" : null,
      "addressNumber" : "1323",
      "sequence" : 0,
      "name" : "Cipta Langgeng Jaya",
      "mailingName" : "Cipta Langgeng Jaya",
      "description" : "",
      "firstName" : "",
      "middleName" : "",
      "lastName" : "",
      "nickname" : "",
      "salutation" : "",
      "gender" : "",
      "type" : "C",
      "religion" : "",
      "dateOfBirth" : null,
      "placeOfBirth" : "",
      "socialSecurityNumber" : "",
      "socialSecurityDate" : null,
      "mediaObjectReference" : "",
      "lastUpdateDateTime" : "2017-12-17T00:00:00",
      "inputDateTime" : "2017-12-17T00:00:00",
      "_links" : {
        "self" : {
          "href" : "http://localhost/api/contacts/1323_0"
        },
        "contactPerson" : {
          "href" : "http://localhost/api/contacts/1323_0"
        },
        "master" : {
          "href" : "http://localhost/api/contacts/1323_0/master"
        }
      }
    }, {
      "inputUserId" : "QSA",
      "lastUpdateUserId" : "QSA",
      "computerId" : "GLSVR171217",
      "lastSynchronizedDate" : null,
      "addressNumber" : "1324",
      "sequence" : 0,
      "name" : "Cipta Mandiri",
      "mailingName" : "Cipta Mandiri",
      "description" : "",
      "firstName" : "",
      "middleName" : "",
      "lastName" : "",
      "nickname" : "",
      "salutation" : "",
      "gender" : "",
      "type" : "C",
      "religion" : "",
      "dateOfBirth" : null,
      "placeOfBirth" : "",
      "socialSecurityNumber" : "",
      "socialSecurityDate" : null,
      "mediaObjectReference" : "",
      "lastUpdateDateTime" : "2017-12-17T00:00:00",
      "inputDateTime" : "2017-12-17T00:00:00",
      "_links" : {
        "self" : {
          "href" : "http://localhost/api/contacts/1324_0"
        },
        "contactPerson" : {
          "href" : "http://localhost/api/contacts/1324_0"
        },
        "master" : {
          "href" : "http://localhost/api/contacts/1324_0/master"
        }
      }
    }, {
      "inputUserId" : "QSA",
      "lastUpdateUserId" : "QSA",
      "computerId" : "GLSVR171217",
      "lastSynchronizedDate" : null,
      "addressNumber" : "1325",
      "sequence" : 0,
      "name" : "Cipta Miranti",
      "mailingName" : "Cipta Miranti",
      "description" : "",
      "firstName" : "",
      "middleName" : "",
      "lastName" : "",
      "nickname" : "",
      "salutation" : "",
      "gender" : "",
      "type" : "C",
      "religion" : "",
      "dateOfBirth" : null,
      "placeOfBirth" : "",
      "socialSecurityNumber" : "",
      "socialSecurityDate" : null,
      "mediaObjectReference" : "",
      "lastUpdateDateTime" : "2017-12-17T00:00:00",
      "inputDateTime" : "2017-12-17T00:00:00",
      "_links" : {
        "self" : {
          "href" : "http://localhost/api/contacts/1325_0"
        },
        "contactPerson" : {
          "href" : "http://localhost/api/contacts/1325_0"
        },
        "master" : {
          "href" : "http://localhost/api/contacts/1325_0/master"
        }
      }
    }, {
      "inputUserId" : "QSA",
      "lastUpdateUserId" : "QSA",
      "computerId" : "GLSVR171217",
      "lastSynchronizedDate" : null,
      "addressNumber" : "1326",
      "sequence" : 0,
      "name" : "Cipto",
      "mailingName" : "Cipto",
      "description" : "",
      "firstName" : "",
      "middleName" : "",
      "lastName" : "",
      "nickname" : "",
      "salutation" : "",
      "gender" : "",
      "type" : "C",
      "religion" : "",
      "dateOfBirth" : null,
      "placeOfBirth" : "",
      "socialSecurityNumber" : "",
      "socialSecurityDate" : null,
      "mediaObjectReference" : "",
      "lastUpdateDateTime" : "2017-12-17T00:00:00",
      "inputDateTime" : "2017-12-17T00:00:00",
      "_links" : {
        "self" : {
          "href" : "http://localhost/api/contacts/1326_0"
        },
        "contactPerson" : {
          "href" : "http://localhost/api/contacts/1326_0"
        },
        "master" : {
          "href" : "http://localhost/api/contacts/1326_0/master"
        }
      }
    }, {
      "inputUserId" : "QSA",
      "lastUpdateUserId" : "QSA",
      "computerId" : "GLSVR171217",
      "lastSynchronizedDate" : null,
      "addressNumber" : "1327",
      "sequence" : 0,
      "name" : "Citra Computer",
      "mailingName" : "Citra Computer",
      "description" : "",
      "firstName" : "",
      "middleName" : "",
      "lastName" : "",
      "nickname" : "",
      "salutation" : "",
      "gender" : "",
      "type" : "C",
      "religion" : "",
      "dateOfBirth" : null,
      "placeOfBirth" : "",
      "socialSecurityNumber" : "",
      "socialSecurityDate" : null,
      "mediaObjectReference" : "",
      "lastUpdateDateTime" : "2017-12-17T00:00:00",
      "inputDateTime" : "2017-12-17T00:00:00",
      "_links" : {
        "self" : {
          "href" : "http://localhost/api/contacts/1327_0"
        },
        "contactPerson" : {
          "href" : "http://localhost/api/contacts/1327_0"
        },
        "master" : {
          "href" : "http://localhost/api/contacts/1327_0/master"
        }
      }
    }, {
      "inputUserId" : "QSA",
      "lastUpdateUserId" : "QSA",
      "computerId" : "GLSVR171217",
      "lastSynchronizedDate" : null,
      "addressNumber" : "1328",
      "sequence" : 0,
      "name" : "Citra Lantas Solusindo",
      "mailingName" : "Citra Lantas Solusindo",
      "description" : "",
      "firstName" : "",
      "middleName" : "",
      "lastName" : "",
      "nickname" : "",
      "salutation" : "",
      "gender" : "",
      "type" : "C",
      "religion" : "",
      "dateOfBirth" : null,
      "placeOfBirth" : "",
      "socialSecurityNumber" : "",
      "socialSecurityDate" : null,
      "mediaObjectReference" : "",
      "lastUpdateDateTime" : "2017-12-17T00:00:00",
      "inputDateTime" : "2017-12-17T00:00:00",
      "_links" : {
        "self" : {
          "href" : "http://localhost/api/contacts/1328_0"
        },
        "contactPerson" : {
          "href" : "http://localhost/api/contacts/1328_0"
        },
        "master" : {
          "href" : "http://localhost/api/contacts/1328_0/master"
        }
      }
    }, {
      "inputUserId" : "QSA",
      "lastUpdateUserId" : "QSA",
      "computerId" : "GLSVR171217",
      "lastSynchronizedDate" : null,
      "addressNumber" : "1329",
      "sequence" : 0,
      "name" : "Citra Lintas",
      "mailingName" : "Citra Lintas",
      "description" : "",
      "firstName" : "",
      "middleName" : "",
      "lastName" : "",
      "nickname" : "",
      "salutation" : "",
      "gender" : "",
      "type" : "C",
      "religion" : "",
      "dateOfBirth" : null,
      "placeOfBirth" : "",
      "socialSecurityNumber" : "",
      "socialSecurityDate" : null,
      "mediaObjectReference" : "",
      "lastUpdateDateTime" : "2017-12-17T00:00:00",
      "inputDateTime" : "2017-12-17T00:00:00",
      "_links" : {
        "self" : {
          "href" : "http://localhost/api/contacts/1329_0"
        },
        "contactPerson" : {
          "href" : "http://localhost/api/contacts/1329_0"
        },
        "master" : {
          "href" : "http://localhost/api/contacts/1329_0/master"
        }
      }
    }, {
      "inputUserId" : "QSA",
      "lastUpdateUserId" : "QSA",
      "computerId" : "GLSVR171217",
      "lastSynchronizedDate" : null,
      "addressNumber" : "1330",
      "sequence" : 0,
      "name" : "Citrakom",
      "mailingName" : "Citrakom",
      "description" : "",
      "firstName" : "",
      "middleName" : "",
      "lastName" : "",
      "nickname" : "",
      "salutation" : "",
      "gender" : "",
      "type" : "C",
      "religion" : "",
      "dateOfBirth" : null,
      "placeOfBirth" : "",
      "socialSecurityNumber" : "",
      "socialSecurityDate" : null,
      "mediaObjectReference" : "",
      "lastUpdateDateTime" : "2017-12-17T00:00:00",
      "inputDateTime" : "2017-12-17T00:00:00",
      "_links" : {
        "self" : {
          "href" : "http://localhost/api/contacts/1330_0"
        },
        "contactPerson" : {
          "href" : "http://localhost/api/contacts/1330_0"
        },
        "master" : {
          "href" : "http://localhost/api/contacts/1330_0/master"
        }
      }
    }, {
      "inputUserId" : "QSA",
      "lastUpdateUserId" : "QSA",
      "computerId" : "GLSVR171217",
      "lastSynchronizedDate" : null,
      "addressNumber" : "1331",
      "sequence" : 0,
      "name" : "CKE Teknik",
      "mailingName" : "CKE Teknik",
      "description" : "",
      "firstName" : "",
      "middleName" : "",
      "lastName" : "",
      "nickname" : "",
      "salutation" : "",
      "gender" : "",
      "type" : "C",
      "religion" : "",
      "dateOfBirth" : null,
      "placeOfBirth" : "",
      "socialSecurityNumber" : "",
      "socialSecurityDate" : null,
      "mediaObjectReference" : "",
      "lastUpdateDateTime" : "2017-12-17T00:00:00",
      "inputDateTime" : "2017-12-17T00:00:00",
      "_links" : {
        "self" : {
          "href" : "http://localhost/api/contacts/1331_0"
        },
        "contactPerson" : {
          "href" : "http://localhost/api/contacts/1331_0"
        },
        "master" : {
          "href" : "http://localhost/api/contacts/1331_0/master"
        }
      }
    }, {
      "inputUserId" : "QSA",
      "lastUpdateUserId" : "QSA",
      "computerId" : "GLSVR171217",
      "lastSynchronizedDate" : null,
      "addressNumber" : "1332",
      "sequence" : 0,
      "name" : "Clevo",
      "mailingName" : "Clevo",
      "description" : "",
      "firstName" : "",
      "middleName" : "",
      "lastName" : "",
      "nickname" : "",
      "salutation" : "",
      "gender" : "",
      "type" : "C",
      "religion" : "",
      "dateOfBirth" : null,
      "placeOfBirth" : "",
      "socialSecurityNumber" : "",
      "socialSecurityDate" : null,
      "mediaObjectReference" : "",
      "lastUpdateDateTime" : "2017-12-17T00:00:00",
      "inputDateTime" : "2017-12-17T00:00:00",
      "_links" : {
        "self" : {
          "href" : "http://localhost/api/contacts/1332_0"
        },
        "contactPerson" : {
          "href" : "http://localhost/api/contacts/1332_0"
        },
        "master" : {
          "href" : "http://localhost/api/contacts/1332_0/master"
        }
      }
    }, {
      "inputUserId" : "QSA",
      "lastUpdateUserId" : "QSA",
      "computerId" : "GLSVR171217",
      "lastSynchronizedDate" : null,
      "addressNumber" : "1333",
      "sequence" : 0,
      "name" : "Clevo Computer",
      "mailingName" : "Clevo Computer",
      "description" : "",
      "firstName" : "",
      "middleName" : "",
      "lastName" : "",
      "nickname" : "",
      "salutation" : "",
      "gender" : "",
      "type" : "C",
      "religion" : "",
      "dateOfBirth" : null,
      "placeOfBirth" : "",
      "socialSecurityNumber" : "",
      "socialSecurityDate" : null,
      "mediaObjectReference" : "",
      "lastUpdateDateTime" : "2017-12-17T00:00:00",
      "inputDateTime" : "2017-12-17T00:00:00",
      "_links" : {
        "self" : {
          "href" : "http://localhost/api/contacts/1333_0"
        },
        "contactPerson" : {
          "href" : "http://localhost/api/contacts/1333_0"
        },
        "master" : {
          "href" : "http://localhost/api/contacts/1333_0/master"
        }
      }
    }, {
      "inputUserId" : "QSA",
      "lastUpdateUserId" : "QSA",
      "computerId" : "GLSVR171217",
      "lastSynchronizedDate" : null,
      "addressNumber" : "1334",
      "sequence" : 0,
      "name" : "CNC",
      "mailingName" : "CNC",
      "description" : "",
      "firstName" : "",
      "middleName" : "",
      "lastName" : "",
      "nickname" : "",
      "salutation" : "",
      "gender" : "",
      "type" : "C",
      "religion" : "",
      "dateOfBirth" : null,
      "placeOfBirth" : "",
      "socialSecurityNumber" : "",
      "socialSecurityDate" : null,
      "mediaObjectReference" : "",
      "lastUpdateDateTime" : "2017-12-17T00:00:00",
      "inputDateTime" : "2017-12-17T00:00:00",
      "_links" : {
        "self" : {
          "href" : "http://localhost/api/contacts/1334_0"
        },
        "contactPerson" : {
          "href" : "http://localhost/api/contacts/1334_0"
        },
        "master" : {
          "href" : "http://localhost/api/contacts/1334_0/master"
        }
      }
    }, {
      "inputUserId" : "QSA",
      "lastUpdateUserId" : "QSA",
      "computerId" : "GLSVR171217",
      "lastSynchronizedDate" : null,
      "addressNumber" : "1335",
      "sequence" : 0,
      "name" : "Color Ink",
      "mailingName" : "Color Ink",
      "description" : "",
      "firstName" : "",
      "middleName" : "",
      "lastName" : "",
      "nickname" : "",
      "salutation" : "",
      "gender" : "",
      "type" : "C",
      "religion" : "",
      "dateOfBirth" : null,
      "placeOfBirth" : "",
      "socialSecurityNumber" : "",
      "socialSecurityDate" : null,
      "mediaObjectReference" : "",
      "lastUpdateDateTime" : "2017-12-17T00:00:00",
      "inputDateTime" : "2017-12-17T00:00:00",
      "_links" : {
        "self" : {
          "href" : "http://localhost/api/contacts/1335_0"
        },
        "contactPerson" : {
          "href" : "http://localhost/api/contacts/1335_0"
        },
        "master" : {
          "href" : "http://localhost/api/contacts/1335_0/master"
        }
      }
    }, {
      "inputUserId" : "QSA",
      "lastUpdateUserId" : "QSA",
      "computerId" : "GLSVR171217",
      "lastSynchronizedDate" : null,
      "addressNumber" : "1336",
      "sequence" : 0,
      "name" : "Com Centre",
      "mailingName" : "Com Centre",
      "description" : "",
      "firstName" : "",
      "middleName" : "",
      "lastName" : "",
      "nickname" : "",
      "salutation" : "",
      "gender" : "",
      "type" : "C",
      "religion" : "",
      "dateOfBirth" : null,
      "placeOfBirth" : "",
      "socialSecurityNumber" : "",
      "socialSecurityDate" : null,
      "mediaObjectReference" : "",
      "lastUpdateDateTime" : "2017-12-17T00:00:00",
      "inputDateTime" : "2017-12-17T00:00:00",
      "_links" : {
        "self" : {
          "href" : "http://localhost/api/contacts/1336_0"
        },
        "contactPerson" : {
          "href" : "http://localhost/api/contacts/1336_0"
        },
        "master" : {
          "href" : "http://localhost/api/contacts/1336_0/master"
        }
      }
    }, {
      "inputUserId" : "QSA",
      "lastUpdateUserId" : "QSA",
      "computerId" : "GLSVR171217",
      "lastSynchronizedDate" : null,
      "addressNumber" : "1337",
      "sequence" : 0,
      "name" : "Comp Tech",
      "mailingName" : "Comp Tech",
      "description" : "",
      "firstName" : "",
      "middleName" : "",
      "lastName" : "",
      "nickname" : "",
      "salutation" : "",
      "gender" : "",
      "type" : "C",
      "religion" : "",
      "dateOfBirth" : null,
      "placeOfBirth" : "",
      "socialSecurityNumber" : "",
      "socialSecurityDate" : null,
      "mediaObjectReference" : "",
      "lastUpdateDateTime" : "2017-12-17T00:00:00",
      "inputDateTime" : "2017-12-17T00:00:00",
      "_links" : {
        "self" : {
          "href" : "http://localhost/api/contacts/1337_0"
        },
        "contactPerson" : {
          "href" : "http://localhost/api/contacts/1337_0"
        },
        "master" : {
          "href" : "http://localhost/api/contacts/1337_0/master"
        }
      }
    }, {
      "inputUserId" : "QSA",
      "lastUpdateUserId" : "QSA",
      "computerId" : "GLSVR171217",
      "lastSynchronizedDate" : null,
      "addressNumber" : "1338",
      "sequence" : 0,
      "name" : "Comtech Center",
      "mailingName" : "Comtech Center",
      "description" : "",
      "firstName" : "",
      "middleName" : "",
      "lastName" : "",
      "nickname" : "",
      "salutation" : "",
      "gender" : "",
      "type" : "C",
      "religion" : "",
      "dateOfBirth" : null,
      "placeOfBirth" : "",
      "socialSecurityNumber" : "",
      "socialSecurityDate" : null,
      "mediaObjectReference" : "",
      "lastUpdateDateTime" : "2017-12-17T00:00:00",
      "inputDateTime" : "2017-12-17T00:00:00",
      "_links" : {
        "self" : {
          "href" : "http://localhost/api/contacts/1338_0"
        },
        "contactPerson" : {
          "href" : "http://localhost/api/contacts/1338_0"
        },
        "master" : {
          "href" : "http://localhost/api/contacts/1338_0/master"
        }
      }
    }, {
      "inputUserId" : "QSA",
      "lastUpdateUserId" : "QSA",
      "computerId" : "GLSVR171217",
      "lastSynchronizedDate" : null,
      "addressNumber" : "1339",
      "sequence" : 0,
      "name" : "Concordia Blue Sky",
      "mailingName" : "Concordia Blue Sky",
      "description" : "",
      "firstName" : "",
      "middleName" : "",
      "lastName" : "",
      "nickname" : "",
      "salutation" : "",
      "gender" : "",
      "type" : "C",
      "religion" : "",
      "dateOfBirth" : null,
      "placeOfBirth" : "",
      "socialSecurityNumber" : "",
      "socialSecurityDate" : null,
      "mediaObjectReference" : "",
      "lastUpdateDateTime" : "2017-12-17T00:00:00",
      "inputDateTime" : "2017-12-17T00:00:00",
      "_links" : {
        "self" : {
          "href" : "http://localhost/api/contacts/1339_0"
        },
        "contactPerson" : {
          "href" : "http://localhost/api/contacts/1339_0"
        },
        "master" : {
          "href" : "http://localhost/api/contacts/1339_0/master"
        }
      }
    }, {
      "inputUserId" : "QSA",
      "lastUpdateUserId" : "QSA",
      "computerId" : "GLSVR171217",
      "lastSynchronizedDate" : null,
      "addressNumber" : "1340",
      "sequence" : 0,
      "name" : "Coumtel Maumere",
      "mailingName" : "Coumtel Maumere",
      "description" : "",
      "firstName" : "",
      "middleName" : "",
      "lastName" : "",
      "nickname" : "",
      "salutation" : "",
      "gender" : "",
      "type" : "C",
      "religion" : "",
      "dateOfBirth" : null,
      "placeOfBirth" : "",
      "socialSecurityNumber" : "",
      "socialSecurityDate" : null,
      "mediaObjectReference" : "",
      "lastUpdateDateTime" : "2017-12-17T00:00:00",
      "inputDateTime" : "2017-12-17T00:00:00",
      "_links" : {
        "self" : {
          "href" : "http://localhost/api/contacts/1340_0"
        },
        "contactPerson" : {
          "href" : "http://localhost/api/contacts/1340_0"
        },
        "master" : {
          "href" : "http://localhost/api/contacts/1340_0/master"
        }
      }
    }, {
      "inputUserId" : "QSA",
      "lastUpdateUserId" : "QSA",
      "computerId" : "GLSVR171217",
      "lastSynchronizedDate" : null,
      "addressNumber" : "1341",
      "sequence" : 0,
      "name" : "CPrint",
      "mailingName" : "CPrint",
      "description" : "",
      "firstName" : "",
      "middleName" : "",
      "lastName" : "",
      "nickname" : "",
      "salutation" : "",
      "gender" : "",
      "type" : "C",
      "religion" : "",
      "dateOfBirth" : null,
      "placeOfBirth" : "",
      "socialSecurityNumber" : "",
      "socialSecurityDate" : null,
      "mediaObjectReference" : "",
      "lastUpdateDateTime" : "2017-12-17T00:00:00",
      "inputDateTime" : "2017-12-17T00:00:00",
      "_links" : {
        "self" : {
          "href" : "http://localhost/api/contacts/1341_0"
        },
        "contactPerson" : {
          "href" : "http://localhost/api/contacts/1341_0"
        },
        "master" : {
          "href" : "http://localhost/api/contacts/1341_0/master"
        }
      }
    }, {
      "inputUserId" : "QSA",
      "lastUpdateUserId" : "QSA",
      "computerId" : "GLSVR171217",
      "lastSynchronizedDate" : null,
      "addressNumber" : "1342",
      "sequence" : 0,
      "name" : "Crown Tech",
      "mailingName" : "Crown Tech",
      "description" : "",
      "firstName" : "",
      "middleName" : "",
      "lastName" : "",
      "nickname" : "",
      "salutation" : "",
      "gender" : "",
      "type" : "C",
      "religion" : "",
      "dateOfBirth" : null,
      "placeOfBirth" : "",
      "socialSecurityNumber" : "",
      "socialSecurityDate" : null,
      "mediaObjectReference" : "",
      "lastUpdateDateTime" : "2017-12-17T00:00:00",
      "inputDateTime" : "2017-12-17T00:00:00",
      "_links" : {
        "self" : {
          "href" : "http://localhost/api/contacts/1342_0"
        },
        "contactPerson" : {
          "href" : "http://localhost/api/contacts/1342_0"
        },
        "master" : {
          "href" : "http://localhost/api/contacts/1342_0/master"
        }
      }
    }, {
      "inputUserId" : "QSA",
      "lastUpdateUserId" : "QSA",
      "computerId" : "GLSVR171217",
      "lastSynchronizedDate" : null,
      "addressNumber" : "1343",
      "sequence" : 0,
      "name" : "Cucut",
      "mailingName" : "Cucut",
      "description" : "",
      "firstName" : "",
      "middleName" : "",
      "lastName" : "",
      "nickname" : "",
      "salutation" : "",
      "gender" : "",
      "type" : "C",
      "religion" : "",
      "dateOfBirth" : null,
      "placeOfBirth" : "",
      "socialSecurityNumber" : "",
      "socialSecurityDate" : null,
      "mediaObjectReference" : "",
      "lastUpdateDateTime" : "2017-12-17T00:00:00",
      "inputDateTime" : "2017-12-17T00:00:00",
      "_links" : {
        "self" : {
          "href" : "http://localhost/api/contacts/1343_0"
        },
        "contactPerson" : {
          "href" : "http://localhost/api/contacts/1343_0"
        },
        "master" : {
          "href" : "http://localhost/api/contacts/1343_0/master"
        }
      }
    }, {
      "inputUserId" : "QSA",
      "lastUpdateUserId" : "QSA",
      "computerId" : "GLSVR171217",
      "lastSynchronizedDate" : null,
      "addressNumber" : "1344",
      "sequence" : 0,
      "name" : "CV Adi Wahana Computer",
      "mailingName" : "CV Adi Wahana Computer",
      "description" : "",
      "firstName" : "",
      "middleName" : "",
      "lastName" : "",
      "nickname" : "",
      "salutation" : "",
      "gender" : "",
      "type" : "C",
      "religion" : "",
      "dateOfBirth" : null,
      "placeOfBirth" : "",
      "socialSecurityNumber" : "",
      "socialSecurityDate" : null,
      "mediaObjectReference" : "",
      "lastUpdateDateTime" : "2017-12-17T00:00:00",
      "inputDateTime" : "2017-12-17T00:00:00",
      "_links" : {
        "self" : {
          "href" : "http://localhost/api/contacts/1344_0"
        },
        "contactPerson" : {
          "href" : "http://localhost/api/contacts/1344_0"
        },
        "master" : {
          "href" : "http://localhost/api/contacts/1344_0/master"
        }
      }
    }, {
      "inputUserId" : "QSA",
      "lastUpdateUserId" : "QSA",
      "computerId" : "GLSVR171217",
      "lastSynchronizedDate" : null,
      "addressNumber" : "1345",
      "sequence" : 0,
      "name" : "CV Tridaya Sakti",
      "mailingName" : "CV Tridaya Sakti",
      "description" : "",
      "firstName" : "",
      "middleName" : "",
      "lastName" : "",
      "nickname" : "",
      "salutation" : "",
      "gender" : "",
      "type" : "C",
      "religion" : "",
      "dateOfBirth" : null,
      "placeOfBirth" : "",
      "socialSecurityNumber" : "",
      "socialSecurityDate" : null,
      "mediaObjectReference" : "",
      "lastUpdateDateTime" : "2017-12-17T00:00:00",
      "inputDateTime" : "2017-12-17T00:00:00",
      "_links" : {
        "self" : {
          "href" : "http://localhost/api/contacts/1345_0"
        },
        "contactPerson" : {
          "href" : "http://localhost/api/contacts/1345_0"
        },
        "master" : {
          "href" : "http://localhost/api/contacts/1345_0/master"
        }
      }
    }, {
      "inputUserId" : "QSA",
      "lastUpdateUserId" : "QSA",
      "computerId" : "GLSVR171217",
      "lastSynchronizedDate" : null,
      "addressNumber" : "1346",
      "sequence" : 0,
      "name" : "CV Arta Lestari",
      "mailingName" : "CV Arta Lestari",
      "description" : "",
      "firstName" : "",
      "middleName" : "",
      "lastName" : "",
      "nickname" : "",
      "salutation" : "",
      "gender" : "",
      "type" : "C",
      "religion" : "",
      "dateOfBirth" : null,
      "placeOfBirth" : "",
      "socialSecurityNumber" : "",
      "socialSecurityDate" : null,
      "mediaObjectReference" : "",
      "lastUpdateDateTime" : "2017-12-17T00:00:00",
      "inputDateTime" : "2017-12-17T00:00:00",
      "_links" : {
        "self" : {
          "href" : "http://localhost/api/contacts/1346_0"
        },
        "contactPerson" : {
          "href" : "http://localhost/api/contacts/1346_0"
        },
        "master" : {
          "href" : "http://localhost/api/contacts/1346_0/master"
        }
      }
    }, {
      "inputUserId" : "QSA",
      "lastUpdateUserId" : "QSA",
      "computerId" : "GLSVR171217",
      "lastSynchronizedDate" : null,
      "addressNumber" : "1347",
      "sequence" : 0,
      "name" : "CV Gangsar Service",
      "mailingName" : "CV Gangsar Service",
      "description" : "",
      "firstName" : "",
      "middleName" : "",
      "lastName" : "",
      "nickname" : "",
      "salutation" : "",
      "gender" : "",
      "type" : "C",
      "religion" : "",
      "dateOfBirth" : null,
      "placeOfBirth" : "",
      "socialSecurityNumber" : "",
      "socialSecurityDate" : null,
      "mediaObjectReference" : "",
      "lastUpdateDateTime" : "2017-12-17T00:00:00",
      "inputDateTime" : "2017-12-17T00:00:00",
      "_links" : {
        "self" : {
          "href" : "http://localhost/api/contacts/1347_0"
        },
        "contactPerson" : {
          "href" : "http://localhost/api/contacts/1347_0"
        },
        "master" : {
          "href" : "http://localhost/api/contacts/1347_0/master"
        }
      }
    }, {
      "inputUserId" : "QSA",
      "lastUpdateUserId" : "QSA",
      "computerId" : "GLSVR171217",
      "lastSynchronizedDate" : null,
      "addressNumber" : "1348",
      "sequence" : 0,
      "name" : "CV Sanindo Jayatama",
      "mailingName" : "CV Sanindo Jayatama",
      "description" : "",
      "firstName" : "",
      "middleName" : "",
      "lastName" : "",
      "nickname" : "",
      "salutation" : "",
      "gender" : "",
      "type" : "C",
      "religion" : "",
      "dateOfBirth" : null,
      "placeOfBirth" : "",
      "socialSecurityNumber" : "",
      "socialSecurityDate" : null,
      "mediaObjectReference" : "",
      "lastUpdateDateTime" : "2017-12-17T00:00:00",
      "inputDateTime" : "2017-12-17T00:00:00",
      "_links" : {
        "self" : {
          "href" : "http://localhost/api/contacts/1348_0"
        },
        "contactPerson" : {
          "href" : "http://localhost/api/contacts/1348_0"
        },
        "master" : {
          "href" : "http://localhost/api/contacts/1348_0/master"
        }
      }
    }, {
      "inputUserId" : "QSA",
      "lastUpdateUserId" : "QSA",
      "computerId" : "GLSVR171217",
      "lastSynchronizedDate" : null,
      "addressNumber" : "1349",
      "sequence" : 0,
      "name" : "CV Satria Putra Jaya",
      "mailingName" : "CV Satria Putra Jaya",
      "description" : "",
      "firstName" : "",
      "middleName" : "",
      "lastName" : "",
      "nickname" : "",
      "salutation" : "",
      "gender" : "",
      "type" : "C",
      "religion" : "",
      "dateOfBirth" : null,
      "placeOfBirth" : "",
      "socialSecurityNumber" : "",
      "socialSecurityDate" : null,
      "mediaObjectReference" : "",
      "lastUpdateDateTime" : "2017-12-17T00:00:00",
      "inputDateTime" : "2017-12-17T00:00:00",
      "_links" : {
        "self" : {
          "href" : "http://localhost/api/contacts/1349_0"
        },
        "contactPerson" : {
          "href" : "http://localhost/api/contacts/1349_0"
        },
        "master" : {
          "href" : "http://localhost/api/contacts/1349_0/master"
        }
      }
    }, {
      "inputUserId" : "QSA",
      "lastUpdateUserId" : "QSA",
      "computerId" : "GLSVR171217",
      "lastSynchronizedDate" : null,
      "addressNumber" : "1350",
      "sequence" : 0,
      "name" : "CV Sekawan Mitra Solusi",
      "mailingName" : "CV Sekawan Mitra Solusi",
      "description" : "",
      "firstName" : "",
      "middleName" : "",
      "lastName" : "",
      "nickname" : "",
      "salutation" : "",
      "gender" : "",
      "type" : "C",
      "religion" : "",
      "dateOfBirth" : null,
      "placeOfBirth" : "",
      "socialSecurityNumber" : "",
      "socialSecurityDate" : null,
      "mediaObjectReference" : "",
      "lastUpdateDateTime" : "2017-12-17T00:00:00",
      "inputDateTime" : "2017-12-17T00:00:00",
      "_links" : {
        "self" : {
          "href" : "http://localhost/api/contacts/1350_0"
        },
        "contactPerson" : {
          "href" : "http://localhost/api/contacts/1350_0"
        },
        "master" : {
          "href" : "http://localhost/api/contacts/1350_0/master"
        }
      }
    }, {
      "inputUserId" : "QSA",
      "lastUpdateUserId" : "QSA",
      "computerId" : "GLSVR171217",
      "lastSynchronizedDate" : null,
      "addressNumber" : "1351",
      "sequence" : 0,
      "name" : "CV Ubik",
      "mailingName" : "CV Ubik",
      "description" : "",
      "firstName" : "",
      "middleName" : "",
      "lastName" : "",
      "nickname" : "",
      "salutation" : "",
      "gender" : "",
      "type" : "C",
      "religion" : "",
      "dateOfBirth" : null,
      "placeOfBirth" : "",
      "socialSecurityNumber" : "",
      "socialSecurityDate" : null,
      "mediaObjectReference" : "",
      "lastUpdateDateTime" : "2017-12-17T00:00:00",
      "inputDateTime" : "2017-12-17T00:00:00",
      "_links" : {
        "self" : {
          "href" : "http://localhost/api/contacts/1351_0"
        },
        "contactPerson" : {
          "href" : "http://localhost/api/contacts/1351_0"
        },
        "master" : {
          "href" : "http://localhost/api/contacts/1351_0/master"
        }
      }
    }, {
      "inputUserId" : "QSA",
      "lastUpdateUserId" : "QSA",
      "computerId" : "GLSVR171217",
      "lastSynchronizedDate" : null,
      "addressNumber" : "1352",
      "sequence" : 0,
      "name" : "CV Abadi Teknik Surabaya",
      "mailingName" : "CV Abadi Teknik Surabaya",
      "description" : "",
      "firstName" : "",
      "middleName" : "",
      "lastName" : "",
      "nickname" : "",
      "salutation" : "",
      "gender" : "",
      "type" : "C",
      "religion" : "",
      "dateOfBirth" : null,
      "placeOfBirth" : "",
      "socialSecurityNumber" : "",
      "socialSecurityDate" : null,
      "mediaObjectReference" : "",
      "lastUpdateDateTime" : "2017-12-17T00:00:00",
      "inputDateTime" : "2017-12-17T00:00:00",
      "_links" : {
        "self" : {
          "href" : "http://localhost/api/contacts/1352_0"
        },
        "contactPerson" : {
          "href" : "http://localhost/api/contacts/1352_0"
        },
        "master" : {
          "href" : "http://localhost/api/contacts/1352_0/master"
        }
      }
    }, {
      "inputUserId" : "QSA",
      "lastUpdateUserId" : "QSA",
      "computerId" : "GLSVR171217",
      "lastSynchronizedDate" : null,
      "addressNumber" : "1353",
      "sequence" : 0,
      "name" : "CV Aizza",
      "mailingName" : "CV Aizza",
      "description" : "",
      "firstName" : "",
      "middleName" : "",
      "lastName" : "",
      "nickname" : "",
      "salutation" : "",
      "gender" : "",
      "type" : "C",
      "religion" : "",
      "dateOfBirth" : null,
      "placeOfBirth" : "",
      "socialSecurityNumber" : "",
      "socialSecurityDate" : null,
      "mediaObjectReference" : "",
      "lastUpdateDateTime" : "2017-12-17T00:00:00",
      "inputDateTime" : "2017-12-17T00:00:00",
      "_links" : {
        "self" : {
          "href" : "http://localhost/api/contacts/1353_0"
        },
        "contactPerson" : {
          "href" : "http://localhost/api/contacts/1353_0"
        },
        "master" : {
          "href" : "http://localhost/api/contacts/1353_0/master"
        }
      }
    }, {
      "inputUserId" : "QSA",
      "lastUpdateUserId" : "QSA",
      "computerId" : "GLSVR171217",
      "lastSynchronizedDate" : null,
      "addressNumber" : "1354",
      "sequence" : 0,
      "name" : "CV Alpha Mandiri",
      "mailingName" : "CV Alpha Mandiri",
      "description" : "",
      "firstName" : "",
      "middleName" : "",
      "lastName" : "",
      "nickname" : "",
      "salutation" : "",
      "gender" : "",
      "type" : "C",
      "religion" : "",
      "dateOfBirth" : null,
      "placeOfBirth" : "",
      "socialSecurityNumber" : "",
      "socialSecurityDate" : null,
      "mediaObjectReference" : "",
      "lastUpdateDateTime" : "2017-12-17T00:00:00",
      "inputDateTime" : "2017-12-17T00:00:00",
      "_links" : {
        "self" : {
          "href" : "http://localhost/api/contacts/1354_0"
        },
        "contactPerson" : {
          "href" : "http://localhost/api/contacts/1354_0"
        },
        "master" : {
          "href" : "http://localhost/api/contacts/1354_0/master"
        }
      }
    }, {
      "inputUserId" : "QSA",
      "lastUpdateUserId" : "QSA",
      "computerId" : "GLSVR171217",
      "lastSynchronizedDate" : null,
      "addressNumber" : "1355",
      "sequence" : 0,
      "name" : "CV Amanah Guna Sejahtera",
      "mailingName" : "CV Amanah Guna Sejahtera",
      "description" : "",
      "firstName" : "",
      "middleName" : "",
      "lastName" : "",
      "nickname" : "",
      "salutation" : "",
      "gender" : "",
      "type" : "C",
      "religion" : "",
      "dateOfBirth" : null,
      "placeOfBirth" : "",
      "socialSecurityNumber" : "",
      "socialSecurityDate" : null,
      "mediaObjectReference" : "",
      "lastUpdateDateTime" : "2017-12-17T00:00:00",
      "inputDateTime" : "2017-12-17T00:00:00",
      "_links" : {
        "self" : {
          "href" : "http://localhost/api/contacts/1355_0"
        },
        "contactPerson" : {
          "href" : "http://localhost/api/contacts/1355_0"
        },
        "master" : {
          "href" : "http://localhost/api/contacts/1355_0/master"
        }
      }
    }, {
      "inputUserId" : "QSA",
      "lastUpdateUserId" : "QSA",
      "computerId" : "GLSVR171217",
      "lastSynchronizedDate" : null,
      "addressNumber" : "1356",
      "sequence" : 0,
      "name" : "CV Amcom",
      "mailingName" : "CV Amcom",
      "description" : "",
      "firstName" : "",
      "middleName" : "",
      "lastName" : "",
      "nickname" : "",
      "salutation" : "",
      "gender" : "",
      "type" : "C",
      "religion" : "",
      "dateOfBirth" : null,
      "placeOfBirth" : "",
      "socialSecurityNumber" : "",
      "socialSecurityDate" : null,
      "mediaObjectReference" : "",
      "lastUpdateDateTime" : "2017-12-17T00:00:00",
      "inputDateTime" : "2017-12-17T00:00:00",
      "_links" : {
        "self" : {
          "href" : "http://localhost/api/contacts/1356_0"
        },
        "contactPerson" : {
          "href" : "http://localhost/api/contacts/1356_0"
        },
        "master" : {
          "href" : "http://localhost/api/contacts/1356_0/master"
        }
      }
    }, {
      "inputUserId" : "QSA",
      "lastUpdateUserId" : "QSA",
      "computerId" : "GLSVR171217",
      "lastSynchronizedDate" : null,
      "addressNumber" : "1357",
      "sequence" : 0,
      "name" : "CV Anavisia",
      "mailingName" : "CV Anavisia",
      "description" : "",
      "firstName" : "",
      "middleName" : "",
      "lastName" : "",
      "nickname" : "",
      "salutation" : "",
      "gender" : "",
      "type" : "C",
      "religion" : "",
      "dateOfBirth" : null,
      "placeOfBirth" : "",
      "socialSecurityNumber" : "",
      "socialSecurityDate" : null,
      "mediaObjectReference" : "",
      "lastUpdateDateTime" : "2017-12-17T00:00:00",
      "inputDateTime" : "2017-12-17T00:00:00",
      "_links" : {
        "self" : {
          "href" : "http://localhost/api/contacts/1357_0"
        },
        "contactPerson" : {
          "href" : "http://localhost/api/contacts/1357_0"
        },
        "master" : {
          "href" : "http://localhost/api/contacts/1357_0/master"
        }
      }
    }, {
      "inputUserId" : "QSA",
      "lastUpdateUserId" : "QSA",
      "computerId" : "GLSVR171217",
      "lastSynchronizedDate" : null,
      "addressNumber" : "1358",
      "sequence" : 0,
      "name" : "CV Andhik Sejahtera",
      "mailingName" : "CV Andhik Sejahtera",
      "description" : "",
      "firstName" : "",
      "middleName" : "",
      "lastName" : "",
      "nickname" : "",
      "salutation" : "",
      "gender" : "",
      "type" : "C",
      "religion" : "",
      "dateOfBirth" : null,
      "placeOfBirth" : "",
      "socialSecurityNumber" : "",
      "socialSecurityDate" : null,
      "mediaObjectReference" : "",
      "lastUpdateDateTime" : "2017-12-17T00:00:00",
      "inputDateTime" : "2017-12-17T00:00:00",
      "_links" : {
        "self" : {
          "href" : "http://localhost/api/contacts/1358_0"
        },
        "contactPerson" : {
          "href" : "http://localhost/api/contacts/1358_0"
        },
        "master" : {
          "href" : "http://localhost/api/contacts/1358_0/master"
        }
      }
    }, {
      "inputUserId" : "QSA",
      "lastUpdateUserId" : "QSA",
      "computerId" : "GLSVR171217",
      "lastSynchronizedDate" : null,
      "addressNumber" : "1359",
      "sequence" : 0,
      "name" : "CV Aneka Cemerlang Komputer",
      "mailingName" : "CV Aneka Cemerlang Komputer",
      "description" : "",
      "firstName" : "",
      "middleName" : "",
      "lastName" : "",
      "nickname" : "",
      "salutation" : "",
      "gender" : "",
      "type" : "C",
      "religion" : "",
      "dateOfBirth" : null,
      "placeOfBirth" : "",
      "socialSecurityNumber" : "",
      "socialSecurityDate" : null,
      "mediaObjectReference" : "",
      "lastUpdateDateTime" : "2018-04-10T13:08:49",
      "inputDateTime" : "2017-12-17T00:00:00",
      "_links" : {
        "self" : {
          "href" : "http://localhost/api/contacts/1359_0"
        },
        "contactPerson" : {
          "href" : "http://localhost/api/contacts/1359_0"
        },
        "master" : {
          "href" : "http://localhost/api/contacts/1359_0/master"
        }
      }
    }, {
      "inputUserId" : "QSA",
      "lastUpdateUserId" : "QSA",
      "computerId" : "GLSVR171217",
      "lastSynchronizedDate" : null,
      "addressNumber" : "1360",
      "sequence" : 0,
      "name" : "CV Aneka Solusindo",
      "mailingName" : "CV Aneka Solusindo",
      "description" : "",
      "firstName" : "",
      "middleName" : "",
      "lastName" : "",
      "nickname" : "",
      "salutation" : "",
      "gender" : "",
      "type" : "C",
      "religion" : "",
      "dateOfBirth" : null,
      "placeOfBirth" : "",
      "socialSecurityNumber" : "",
      "socialSecurityDate" : null,
      "mediaObjectReference" : "",
      "lastUpdateDateTime" : "2017-12-17T00:00:00",
      "inputDateTime" : "2017-12-17T00:00:00",
      "_links" : {
        "self" : {
          "href" : "http://localhost/api/contacts/1360_0"
        },
        "contactPerson" : {
          "href" : "http://localhost/api/contacts/1360_0"
        },
        "master" : {
          "href" : "http://localhost/api/contacts/1360_0/master"
        }
      }
    }, {
      "inputUserId" : "QSA",
      "lastUpdateUserId" : "DEBBY",
      "computerId" : "GLSVR171217",
      "lastSynchronizedDate" : null,
      "addressNumber" : "1361",
      "sequence" : 0,
      "name" : "CV Annisa Computer",
      "mailingName" : "CV Annisa Computer",
      "description" : "",
      "firstName" : "",
      "middleName" : "",
      "lastName" : "",
      "nickname" : "",
      "salutation" : "",
      "gender" : "",
      "type" : "C",
      "religion" : "",
      "dateOfBirth" : null,
      "placeOfBirth" : "",
      "socialSecurityNumber" : "",
      "socialSecurityDate" : null,
      "mediaObjectReference" : "",
      "lastUpdateDateTime" : "2018-03-01T10:20:39",
      "inputDateTime" : "2017-12-17T00:00:00",
      "_links" : {
        "self" : {
          "href" : "http://localhost/api/contacts/1361_0"
        },
        "contactPerson" : {
          "href" : "http://localhost/api/contacts/1361_0"
        },
        "master" : {
          "href" : "http://localhost/api/contacts/1361_0/master"
        }
      }
    }, {
      "inputUserId" : "QSA",
      "lastUpdateUserId" : "QSA",
      "computerId" : "GLSVR171217",
      "lastSynchronizedDate" : null,
      "addressNumber" : "1362",
      "sequence" : 0,
      "name" : "CV Anugrah Pratama",
      "mailingName" : "CV Anugrah Pratama",
      "description" : "",
      "firstName" : "",
      "middleName" : "",
      "lastName" : "",
      "nickname" : "",
      "salutation" : "",
      "gender" : "",
      "type" : "C",
      "religion" : "",
      "dateOfBirth" : null,
      "placeOfBirth" : "",
      "socialSecurityNumber" : "",
      "socialSecurityDate" : null,
      "mediaObjectReference" : "",
      "lastUpdateDateTime" : "2017-12-17T00:00:00",
      "inputDateTime" : "2017-12-17T00:00:00",
      "_links" : {
        "self" : {
          "href" : "http://localhost/api/contacts/1362_0"
        },
        "contactPerson" : {
          "href" : "http://localhost/api/contacts/1362_0"
        },
        "master" : {
          "href" : "http://localhost/api/contacts/1362_0/master"
        }
      }
    }, {
      "inputUserId" : "QSA",
      "lastUpdateUserId" : "QSA",
      "computerId" : "GLSVR171217",
      "lastSynchronizedDate" : null,
      "addressNumber" : "1363",
      "sequence" : 0,
      "name" : "CV Arto Barokah",
      "mailingName" : "CV Arto Barokah",
      "description" : "",
      "firstName" : "",
      "middleName" : "",
      "lastName" : "",
      "nickname" : "",
      "salutation" : "",
      "gender" : "",
      "type" : "C",
      "religion" : "",
      "dateOfBirth" : null,
      "placeOfBirth" : "",
      "socialSecurityNumber" : "",
      "socialSecurityDate" : null,
      "mediaObjectReference" : "",
      "lastUpdateDateTime" : "2017-12-17T00:00:00",
      "inputDateTime" : "2017-12-17T00:00:00",
      "_links" : {
        "self" : {
          "href" : "http://localhost/api/contacts/1363_0"
        },
        "contactPerson" : {
          "href" : "http://localhost/api/contacts/1363_0"
        },
        "master" : {
          "href" : "http://localhost/api/contacts/1363_0/master"
        }
      }
    }, {
      "inputUserId" : "QSA",
      "lastUpdateUserId" : "QSA",
      "computerId" : "GLSVR171217",
      "lastSynchronizedDate" : null,
      "addressNumber" : "1364",
      "sequence" : 0,
      "name" : "CV Arya Makmur Sejahtera",
      "mailingName" : "CV Arya Makmur Sejahtera",
      "description" : "",
      "firstName" : "",
      "middleName" : "",
      "lastName" : "",
      "nickname" : "",
      "salutation" : "",
      "gender" : "",
      "type" : "C",
      "religion" : "",
      "dateOfBirth" : null,
      "placeOfBirth" : "",
      "socialSecurityNumber" : "",
      "socialSecurityDate" : null,
      "mediaObjectReference" : "",
      "lastUpdateDateTime" : "2017-12-17T00:00:00",
      "inputDateTime" : "2017-12-17T00:00:00",
      "_links" : {
        "self" : {
          "href" : "http://localhost/api/contacts/1364_0"
        },
        "contactPerson" : {
          "href" : "http://localhost/api/contacts/1364_0"
        },
        "master" : {
          "href" : "http://localhost/api/contacts/1364_0/master"
        }
      }
    }, {
      "inputUserId" : "QSA",
      "lastUpdateUserId" : "QSA",
      "computerId" : "GLSVR171217",
      "lastSynchronizedDate" : null,
      "addressNumber" : "1365",
      "sequence" : 0,
      "name" : "CV Bangkit Jaya",
      "mailingName" : "CV Bangkit Jaya",
      "description" : "",
      "firstName" : "",
      "middleName" : "",
      "lastName" : "",
      "nickname" : "",
      "salutation" : "",
      "gender" : "",
      "type" : "C",
      "religion" : "",
      "dateOfBirth" : null,
      "placeOfBirth" : "",
      "socialSecurityNumber" : "",
      "socialSecurityDate" : null,
      "mediaObjectReference" : "",
      "lastUpdateDateTime" : "2017-12-17T00:00:00",
      "inputDateTime" : "2017-12-17T00:00:00",
      "_links" : {
        "self" : {
          "href" : "http://localhost/api/contacts/1365_0"
        },
        "contactPerson" : {
          "href" : "http://localhost/api/contacts/1365_0"
        },
        "master" : {
          "href" : "http://localhost/api/contacts/1365_0/master"
        }
      }
    }, {
      "inputUserId" : "QSA",
      "lastUpdateUserId" : "QSA",
      "computerId" : "GLSVR171217",
      "lastSynchronizedDate" : null,
      "addressNumber" : "1366",
      "sequence" : 0,
      "name" : "CV Berkat Borita Jaya",
      "mailingName" : "CV Berkat Borita Jaya",
      "description" : "",
      "firstName" : "",
      "middleName" : "",
      "lastName" : "",
      "nickname" : "",
      "salutation" : "",
      "gender" : "",
      "type" : "C",
      "religion" : "",
      "dateOfBirth" : null,
      "placeOfBirth" : "",
      "socialSecurityNumber" : "",
      "socialSecurityDate" : null,
      "mediaObjectReference" : "",
      "lastUpdateDateTime" : "2017-12-17T00:00:00",
      "inputDateTime" : "2017-12-17T00:00:00",
      "_links" : {
        "self" : {
          "href" : "http://localhost/api/contacts/1366_0"
        },
        "contactPerson" : {
          "href" : "http://localhost/api/contacts/1366_0"
        },
        "master" : {
          "href" : "http://localhost/api/contacts/1366_0/master"
        }
      }
    }, {
      "inputUserId" : "QSA",
      "lastUpdateUserId" : "QSA",
      "computerId" : "GLSVR171217",
      "lastSynchronizedDate" : null,
      "addressNumber" : "1367",
      "sequence" : 0,
      "name" : "CV Bukit Mas",
      "mailingName" : "CV Bukit Mas",
      "description" : "",
      "firstName" : "",
      "middleName" : "",
      "lastName" : "",
      "nickname" : "",
      "salutation" : "",
      "gender" : "",
      "type" : "C",
      "religion" : "",
      "dateOfBirth" : null,
      "placeOfBirth" : "",
      "socialSecurityNumber" : "",
      "socialSecurityDate" : null,
      "mediaObjectReference" : "",
      "lastUpdateDateTime" : "2017-12-17T00:00:00",
      "inputDateTime" : "2017-12-17T00:00:00",
      "_links" : {
        "self" : {
          "href" : "http://localhost/api/contacts/1367_0"
        },
        "contactPerson" : {
          "href" : "http://localhost/api/contacts/1367_0"
        },
        "master" : {
          "href" : "http://localhost/api/contacts/1367_0/master"
        }
      }
    }, {
      "inputUserId" : "QSA",
      "lastUpdateUserId" : "QSA",
      "computerId" : "GLSVR171217",
      "lastSynchronizedDate" : null,
      "addressNumber" : "1368",
      "sequence" : 0,
      "name" : "CV Bumi Jasmin",
      "mailingName" : "CV Bumi Jasmin",
      "description" : "",
      "firstName" : "",
      "middleName" : "",
      "lastName" : "",
      "nickname" : "",
      "salutation" : "",
      "gender" : "",
      "type" : "C",
      "religion" : "",
      "dateOfBirth" : null,
      "placeOfBirth" : "",
      "socialSecurityNumber" : "",
      "socialSecurityDate" : null,
      "mediaObjectReference" : "",
      "lastUpdateDateTime" : "2017-12-17T00:00:00",
      "inputDateTime" : "2017-12-17T00:00:00",
      "_links" : {
        "self" : {
          "href" : "http://localhost/api/contacts/1368_0"
        },
        "contactPerson" : {
          "href" : "http://localhost/api/contacts/1368_0"
        },
        "master" : {
          "href" : "http://localhost/api/contacts/1368_0/master"
        }
      }
    }, {
      "inputUserId" : "QSA",
      "lastUpdateUserId" : "QSA",
      "computerId" : "GLSVR171217",
      "lastSynchronizedDate" : null,
      "addressNumber" : "1369",
      "sequence" : 0,
      "name" : "CV BUMI RAYA INDONESIA",
      "mailingName" : "CV BUMI RAYA INDONESIA",
      "description" : "",
      "firstName" : "",
      "middleName" : "",
      "lastName" : "",
      "nickname" : "",
      "salutation" : "",
      "gender" : "",
      "type" : "C",
      "religion" : "",
      "dateOfBirth" : null,
      "placeOfBirth" : "",
      "socialSecurityNumber" : "",
      "socialSecurityDate" : null,
      "mediaObjectReference" : "",
      "lastUpdateDateTime" : "2017-12-17T00:00:00",
      "inputDateTime" : "2017-12-17T00:00:00",
      "_links" : {
        "self" : {
          "href" : "http://localhost/api/contacts/1369_0"
        },
        "contactPerson" : {
          "href" : "http://localhost/api/contacts/1369_0"
        },
        "master" : {
          "href" : "http://localhost/api/contacts/1369_0/master"
        }
      }
    }, {
      "inputUserId" : "QSA",
      "lastUpdateUserId" : "QSA",
      "computerId" : "GLSVR171217",
      "lastSynchronizedDate" : null,
      "addressNumber" : "1370",
      "sequence" : 0,
      "name" : "CV Cahaya Surya Komputer",
      "mailingName" : "CV Cahaya Surya Komputer",
      "description" : "",
      "firstName" : "",
      "middleName" : "",
      "lastName" : "",
      "nickname" : "",
      "salutation" : "",
      "gender" : "",
      "type" : "C",
      "religion" : "",
      "dateOfBirth" : null,
      "placeOfBirth" : "",
      "socialSecurityNumber" : "",
      "socialSecurityDate" : null,
      "mediaObjectReference" : "",
      "lastUpdateDateTime" : "2017-12-17T00:00:00",
      "inputDateTime" : "2017-12-17T00:00:00",
      "_links" : {
        "self" : {
          "href" : "http://localhost/api/contacts/1370_0"
        },
        "contactPerson" : {
          "href" : "http://localhost/api/contacts/1370_0"
        },
        "master" : {
          "href" : "http://localhost/api/contacts/1370_0/master"
        }
      }
    }, {
      "inputUserId" : "QSA",
      "lastUpdateUserId" : "QSA",
      "computerId" : "GLSVR171217",
      "lastSynchronizedDate" : null,
      "addressNumber" : "1371",
      "sequence" : 0,
      "name" : "CV Cahaya Surya Timur",
      "mailingName" : "CV Cahaya Surya Timur",
      "description" : "",
      "firstName" : "",
      "middleName" : "",
      "lastName" : "",
      "nickname" : "",
      "salutation" : "",
      "gender" : "",
      "type" : "C",
      "religion" : "",
      "dateOfBirth" : null,
      "placeOfBirth" : "",
      "socialSecurityNumber" : "",
      "socialSecurityDate" : null,
      "mediaObjectReference" : "",
      "lastUpdateDateTime" : "2017-12-17T00:00:00",
      "inputDateTime" : "2017-12-17T00:00:00",
      "_links" : {
        "self" : {
          "href" : "http://localhost/api/contacts/1371_0"
        },
        "contactPerson" : {
          "href" : "http://localhost/api/contacts/1371_0"
        },
        "master" : {
          "href" : "http://localhost/api/contacts/1371_0/master"
        }
      }
    }, {
      "inputUserId" : "QSA",
      "lastUpdateUserId" : "QSA",
      "computerId" : "GLSVR171217",
      "lastSynchronizedDate" : null,
      "addressNumber" : "1372",
      "sequence" : 0,
      "name" : "CV Calosa Global Indonesia",
      "mailingName" : "CV Calosa Global Indonesia",
      "description" : "",
      "firstName" : "",
      "middleName" : "",
      "lastName" : "",
      "nickname" : "",
      "salutation" : "",
      "gender" : "",
      "type" : "C",
      "religion" : "",
      "dateOfBirth" : null,
      "placeOfBirth" : "",
      "socialSecurityNumber" : "",
      "socialSecurityDate" : null,
      "mediaObjectReference" : "",
      "lastUpdateDateTime" : "2017-12-17T00:00:00",
      "inputDateTime" : "2017-12-17T00:00:00",
      "_links" : {
        "self" : {
          "href" : "http://localhost/api/contacts/1372_0"
        },
        "contactPerson" : {
          "href" : "http://localhost/api/contacts/1372_0"
        },
        "master" : {
          "href" : "http://localhost/api/contacts/1372_0/master"
        }
      }
    }, {
      "inputUserId" : "QSA",
      "lastUpdateUserId" : "QSA",
      "computerId" : "GLSVR171217",
      "lastSynchronizedDate" : null,
      "addressNumber" : "1373",
      "sequence" : 0,
      "name" : "CV Catur Prasetya",
      "mailingName" : "CV Catur Prasetya",
      "description" : "",
      "firstName" : "",
      "middleName" : "",
      "lastName" : "",
      "nickname" : "",
      "salutation" : "",
      "gender" : "",
      "type" : "C",
      "religion" : "",
      "dateOfBirth" : null,
      "placeOfBirth" : "",
      "socialSecurityNumber" : "",
      "socialSecurityDate" : null,
      "mediaObjectReference" : "",
      "lastUpdateDateTime" : "2017-12-17T00:00:00",
      "inputDateTime" : "2017-12-17T00:00:00",
      "_links" : {
        "self" : {
          "href" : "http://localhost/api/contacts/1373_0"
        },
        "contactPerson" : {
          "href" : "http://localhost/api/contacts/1373_0"
        },
        "master" : {
          "href" : "http://localhost/api/contacts/1373_0/master"
        }
      }
    }, {
      "inputUserId" : "QSA",
      "lastUpdateUserId" : "ANTHONI",
      "computerId" : "GLSVR171217",
      "lastSynchronizedDate" : null,
      "addressNumber" : "1374",
      "sequence" : 0,
      "name" : "CV Cipta Abadi",
      "mailingName" : "CV Cipta Abadi",
      "description" : "",
      "firstName" : "",
      "middleName" : "",
      "lastName" : "",
      "nickname" : "",
      "salutation" : "",
      "gender" : "",
      "type" : "C",
      "religion" : "",
      "dateOfBirth" : null,
      "placeOfBirth" : "",
      "socialSecurityNumber" : "",
      "socialSecurityDate" : null,
      "mediaObjectReference" : "",
      "lastUpdateDateTime" : "2018-03-15T16:14:13",
      "inputDateTime" : "2017-12-17T00:00:00",
      "_links" : {
        "self" : {
          "href" : "http://localhost/api/contacts/1374_0"
        },
        "contactPerson" : {
          "href" : "http://localhost/api/contacts/1374_0"
        },
        "master" : {
          "href" : "http://localhost/api/contacts/1374_0/master"
        }
      }
    }, {
      "inputUserId" : "QSA",
      "lastUpdateUserId" : "QSA",
      "computerId" : "GLSVR171217",
      "lastSynchronizedDate" : null,
      "addressNumber" : "1375",
      "sequence" : 0,
      "name" : "CV Cipta Berkah Mandiri",
      "mailingName" : "CV Cipta Berkah Mandiri",
      "description" : "",
      "firstName" : "",
      "middleName" : "",
      "lastName" : "",
      "nickname" : "",
      "salutation" : "",
      "gender" : "",
      "type" : "C",
      "religion" : "",
      "dateOfBirth" : null,
      "placeOfBirth" : "",
      "socialSecurityNumber" : "",
      "socialSecurityDate" : null,
      "mediaObjectReference" : "",
      "lastUpdateDateTime" : "2017-12-17T00:00:00",
      "inputDateTime" : "2017-12-17T00:00:00",
      "_links" : {
        "self" : {
          "href" : "http://localhost/api/contacts/1375_0"
        },
        "contactPerson" : {
          "href" : "http://localhost/api/contacts/1375_0"
        },
        "master" : {
          "href" : "http://localhost/api/contacts/1375_0/master"
        }
      }
    }, {
      "inputUserId" : "QSA",
      "lastUpdateUserId" : "QSA",
      "computerId" : "GLSVR171217",
      "lastSynchronizedDate" : null,
      "addressNumber" : "1376",
      "sequence" : 0,
      "name" : "CV Cipta sarana sentosa",
      "mailingName" : "CV Cipta sarana sentosa",
      "description" : "",
      "firstName" : "",
      "middleName" : "",
      "lastName" : "",
      "nickname" : "",
      "salutation" : "",
      "gender" : "",
      "type" : "C",
      "religion" : "",
      "dateOfBirth" : null,
      "placeOfBirth" : "",
      "socialSecurityNumber" : "",
      "socialSecurityDate" : null,
      "mediaObjectReference" : "",
      "lastUpdateDateTime" : "2017-12-17T00:00:00",
      "inputDateTime" : "2017-12-17T00:00:00",
      "_links" : {
        "self" : {
          "href" : "http://localhost/api/contacts/1376_0"
        },
        "contactPerson" : {
          "href" : "http://localhost/api/contacts/1376_0"
        },
        "master" : {
          "href" : "http://localhost/api/contacts/1376_0/master"
        }
      }
    }, {
      "inputUserId" : "QSA",
      "lastUpdateUserId" : "QSA",
      "computerId" : "GLSVR171217",
      "lastSynchronizedDate" : null,
      "addressNumber" : "1377",
      "sequence" : 0,
      "name" : "CV Cipta Sarana Sentosa Surabaya",
      "mailingName" : "CV Cipta Sarana Sentosa Surabaya",
      "description" : "",
      "firstName" : "",
      "middleName" : "",
      "lastName" : "",
      "nickname" : "",
      "salutation" : "",
      "gender" : "",
      "type" : "C",
      "religion" : "",
      "dateOfBirth" : null,
      "placeOfBirth" : "",
      "socialSecurityNumber" : "",
      "socialSecurityDate" : null,
      "mediaObjectReference" : "",
      "lastUpdateDateTime" : "2017-12-17T00:00:00",
      "inputDateTime" : "2017-12-17T00:00:00",
      "_links" : {
        "self" : {
          "href" : "http://localhost/api/contacts/1377_0"
        },
        "contactPerson" : {
          "href" : "http://localhost/api/contacts/1377_0"
        },
        "master" : {
          "href" : "http://localhost/api/contacts/1377_0/master"
        }
      }
    }, {
      "inputUserId" : "QSA",
      "lastUpdateUserId" : "QSA",
      "computerId" : "GLSVR171217",
      "lastSynchronizedDate" : null,
      "addressNumber" : "1378",
      "sequence" : 0,
      "name" : "CV Citra Info Pratama",
      "mailingName" : "CV Citra Info Pratama",
      "description" : "",
      "firstName" : "",
      "middleName" : "",
      "lastName" : "",
      "nickname" : "",
      "salutation" : "",
      "gender" : "",
      "type" : "C",
      "religion" : "",
      "dateOfBirth" : null,
      "placeOfBirth" : "",
      "socialSecurityNumber" : "",
      "socialSecurityDate" : null,
      "mediaObjectReference" : "",
      "lastUpdateDateTime" : "2017-12-17T00:00:00",
      "inputDateTime" : "2017-12-17T00:00:00",
      "_links" : {
        "self" : {
          "href" : "http://localhost/api/contacts/1378_0"
        },
        "contactPerson" : {
          "href" : "http://localhost/api/contacts/1378_0"
        },
        "master" : {
          "href" : "http://localhost/api/contacts/1378_0/master"
        }
      }
    }, {
      "inputUserId" : "QSA",
      "lastUpdateUserId" : "QSA",
      "computerId" : "GLSVR171217",
      "lastSynchronizedDate" : null,
      "addressNumber" : "1379",
      "sequence" : 0,
      "name" : "CV Citra Jaya",
      "mailingName" : "CV Citra Jaya",
      "description" : "",
      "firstName" : "",
      "middleName" : "",
      "lastName" : "",
      "nickname" : "",
      "salutation" : "",
      "gender" : "",
      "type" : "C",
      "religion" : "",
      "dateOfBirth" : null,
      "placeOfBirth" : "",
      "socialSecurityNumber" : "",
      "socialSecurityDate" : null,
      "mediaObjectReference" : "",
      "lastUpdateDateTime" : "2017-12-17T00:00:00",
      "inputDateTime" : "2017-12-17T00:00:00",
      "_links" : {
        "self" : {
          "href" : "http://localhost/api/contacts/1379_0"
        },
        "contactPerson" : {
          "href" : "http://localhost/api/contacts/1379_0"
        },
        "master" : {
          "href" : "http://localhost/api/contacts/1379_0/master"
        }
      }
    }, {
      "inputUserId" : "QSA",
      "lastUpdateUserId" : "QSA",
      "computerId" : "GLSVR171217",
      "lastSynchronizedDate" : null,
      "addressNumber" : "1379",
      "sequence" : 1,
      "name" : "Bu Chandra",
      "mailingName" : "Bu Chandra",
      "description" : "",
      "firstName" : "",
      "middleName" : "",
      "lastName" : "",
      "nickname" : "",
      "salutation" : "",
      "gender" : "",
      "type" : "C",
      "religion" : "",
      "dateOfBirth" : null,
      "placeOfBirth" : "",
      "socialSecurityNumber" : "",
      "socialSecurityDate" : null,
      "mediaObjectReference" : "",
      "lastUpdateDateTime" : "2017-12-17T00:00:00",
      "inputDateTime" : "2017-12-17T00:00:00",
      "_links" : {
        "self" : {
          "href" : "http://localhost/api/contacts/1379_1"
        },
        "contactPerson" : {
          "href" : "http://localhost/api/contacts/1379_1"
        },
        "master" : {
          "href" : "http://localhost/api/contacts/1379_1/master"
        }
      }
    }, {
      "inputUserId" : "QSA",
      "lastUpdateUserId" : "QSA",
      "computerId" : "GLSVR171217",
      "lastSynchronizedDate" : null,
      "addressNumber" : "1380",
      "sequence" : 0,
      "name" : "CV Citra Niaga",
      "mailingName" : "CV Citra Niaga",
      "description" : "",
      "firstName" : "",
      "middleName" : "",
      "lastName" : "",
      "nickname" : "",
      "salutation" : "",
      "gender" : "",
      "type" : "C",
      "religion" : "",
      "dateOfBirth" : null,
      "placeOfBirth" : "",
      "socialSecurityNumber" : "",
      "socialSecurityDate" : null,
      "mediaObjectReference" : "",
      "lastUpdateDateTime" : "2017-12-17T00:00:00",
      "inputDateTime" : "2017-12-17T00:00:00",
      "_links" : {
        "self" : {
          "href" : "http://localhost/api/contacts/1380_0"
        },
        "contactPerson" : {
          "href" : "http://localhost/api/contacts/1380_0"
        },
        "master" : {
          "href" : "http://localhost/api/contacts/1380_0/master"
        }
      }
    }, {
      "inputUserId" : "QSA",
      "lastUpdateUserId" : "QSA",
      "computerId" : "GLSVR171217",
      "lastSynchronizedDate" : null,
      "addressNumber" : "1381",
      "sequence" : 0,
      "name" : "CV Citra Sarana Solusi",
      "mailingName" : "CV Citra Sarana Solusi",
      "description" : "",
      "firstName" : "",
      "middleName" : "",
      "lastName" : "",
      "nickname" : "",
      "salutation" : "",
      "gender" : "",
      "type" : "C",
      "religion" : "",
      "dateOfBirth" : null,
      "placeOfBirth" : "",
      "socialSecurityNumber" : "",
      "socialSecurityDate" : null,
      "mediaObjectReference" : "",
      "lastUpdateDateTime" : "2017-12-17T00:00:00",
      "inputDateTime" : "2017-12-17T00:00:00",
      "_links" : {
        "self" : {
          "href" : "http://localhost/api/contacts/1381_0"
        },
        "contactPerson" : {
          "href" : "http://localhost/api/contacts/1381_0"
        },
        "master" : {
          "href" : "http://localhost/api/contacts/1381_0/master"
        }
      }
    }, {
      "inputUserId" : "QSA",
      "lastUpdateUserId" : "QSA",
      "computerId" : "GLSVR171217",
      "lastSynchronizedDate" : null,
      "addressNumber" : "1382",
      "sequence" : 0,
      "name" : "CV ComCentre",
      "mailingName" : "CV ComCentre",
      "description" : "",
      "firstName" : "",
      "middleName" : "",
      "lastName" : "",
      "nickname" : "",
      "salutation" : "",
      "gender" : "",
      "type" : "C",
      "religion" : "",
      "dateOfBirth" : null,
      "placeOfBirth" : "",
      "socialSecurityNumber" : "",
      "socialSecurityDate" : null,
      "mediaObjectReference" : "",
      "lastUpdateDateTime" : "2017-12-17T00:00:00",
      "inputDateTime" : "2017-12-17T00:00:00",
      "_links" : {
        "self" : {
          "href" : "http://localhost/api/contacts/1382_0"
        },
        "contactPerson" : {
          "href" : "http://localhost/api/contacts/1382_0"
        },
        "master" : {
          "href" : "http://localhost/api/contacts/1382_0/master"
        }
      }
    }, {
      "inputUserId" : "QSA",
      "lastUpdateUserId" : "QSA",
      "computerId" : "GLSVR171217",
      "lastSynchronizedDate" : null,
      "addressNumber" : "1383",
      "sequence" : 0,
      "name" : "CV Damai Berjaya",
      "mailingName" : "CV Damai Berjaya",
      "description" : "",
      "firstName" : "",
      "middleName" : "",
      "lastName" : "",
      "nickname" : "",
      "salutation" : "",
      "gender" : "",
      "type" : "C",
      "religion" : "",
      "dateOfBirth" : null,
      "placeOfBirth" : "",
      "socialSecurityNumber" : "",
      "socialSecurityDate" : null,
      "mediaObjectReference" : "",
      "lastUpdateDateTime" : "2017-12-17T00:00:00",
      "inputDateTime" : "2017-12-17T00:00:00",
      "_links" : {
        "self" : {
          "href" : "http://localhost/api/contacts/1383_0"
        },
        "contactPerson" : {
          "href" : "http://localhost/api/contacts/1383_0"
        },
        "master" : {
          "href" : "http://localhost/api/contacts/1383_0/master"
        }
      }
    }, {
      "inputUserId" : "QSA",
      "lastUpdateUserId" : "QSA",
      "computerId" : "GLSVR171217",
      "lastSynchronizedDate" : null,
      "addressNumber" : "1384",
      "sequence" : 0,
      "name" : "CV Data Solusindo",
      "mailingName" : "CV Data Solusindo",
      "description" : "",
      "firstName" : "",
      "middleName" : "",
      "lastName" : "",
      "nickname" : "",
      "salutation" : "",
      "gender" : "",
      "type" : "C",
      "religion" : "",
      "dateOfBirth" : null,
      "placeOfBirth" : "",
      "socialSecurityNumber" : "",
      "socialSecurityDate" : null,
      "mediaObjectReference" : "",
      "lastUpdateDateTime" : "2017-12-17T00:00:00",
      "inputDateTime" : "2017-12-17T00:00:00",
      "_links" : {
        "self" : {
          "href" : "http://localhost/api/contacts/1384_0"
        },
        "contactPerson" : {
          "href" : "http://localhost/api/contacts/1384_0"
        },
        "master" : {
          "href" : "http://localhost/api/contacts/1384_0/master"
        }
      }
    }, {
      "inputUserId" : "QSA",
      "lastUpdateUserId" : "QSA",
      "computerId" : "GLSVR171217",
      "lastSynchronizedDate" : null,
      "addressNumber" : "1385",
      "sequence" : 0,
      "name" : "CV Delapan Bintang",
      "mailingName" : "CV Delapan Bintang",
      "description" : "",
      "firstName" : "",
      "middleName" : "",
      "lastName" : "",
      "nickname" : "",
      "salutation" : "",
      "gender" : "",
      "type" : "C",
      "religion" : "",
      "dateOfBirth" : null,
      "placeOfBirth" : "",
      "socialSecurityNumber" : "",
      "socialSecurityDate" : null,
      "mediaObjectReference" : "",
      "lastUpdateDateTime" : "2017-12-17T00:00:00",
      "inputDateTime" : "2017-12-17T00:00:00",
      "_links" : {
        "self" : {
          "href" : "http://localhost/api/contacts/1385_0"
        },
        "contactPerson" : {
          "href" : "http://localhost/api/contacts/1385_0"
        },
        "master" : {
          "href" : "http://localhost/api/contacts/1385_0/master"
        }
      }
    }, {
      "inputUserId" : "QSA",
      "lastUpdateUserId" : "QSA",
      "computerId" : "GLSVR171217",
      "lastSynchronizedDate" : null,
      "addressNumber" : "1386",
      "sequence" : 0,
      "name" : "CV Duma Data",
      "mailingName" : "CV Duma Data",
      "description" : "",
      "firstName" : "",
      "middleName" : "",
      "lastName" : "",
      "nickname" : "",
      "salutation" : "",
      "gender" : "",
      "type" : "C",
      "religion" : "",
      "dateOfBirth" : null,
      "placeOfBirth" : "",
      "socialSecurityNumber" : "",
      "socialSecurityDate" : null,
      "mediaObjectReference" : "",
      "lastUpdateDateTime" : "2017-12-17T00:00:00",
      "inputDateTime" : "2017-12-17T00:00:00",
      "_links" : {
        "self" : {
          "href" : "http://localhost/api/contacts/1386_0"
        },
        "contactPerson" : {
          "href" : "http://localhost/api/contacts/1386_0"
        },
        "master" : {
          "href" : "http://localhost/api/contacts/1386_0/master"
        }
      }
    }, {
      "inputUserId" : "QSA",
      "lastUpdateUserId" : "QSA",
      "computerId" : "GLSVR171217",
      "lastSynchronizedDate" : null,
      "addressNumber" : "1387",
      "sequence" : 0,
      "name" : "CV Elextra",
      "mailingName" : "CV Elextra",
      "description" : "",
      "firstName" : "",
      "middleName" : "",
      "lastName" : "",
      "nickname" : "",
      "salutation" : "",
      "gender" : "",
      "type" : "C",
      "religion" : "",
      "dateOfBirth" : null,
      "placeOfBirth" : "",
      "socialSecurityNumber" : "",
      "socialSecurityDate" : null,
      "mediaObjectReference" : "",
      "lastUpdateDateTime" : "2017-12-17T00:00:00",
      "inputDateTime" : "2017-12-17T00:00:00",
      "_links" : {
        "self" : {
          "href" : "http://localhost/api/contacts/1387_0"
        },
        "contactPerson" : {
          "href" : "http://localhost/api/contacts/1387_0"
        },
        "master" : {
          "href" : "http://localhost/api/contacts/1387_0/master"
        }
      }
    }, {
      "inputUserId" : "QSA",
      "lastUpdateUserId" : "QSA",
      "computerId" : "GLSVR171217",
      "lastSynchronizedDate" : null,
      "addressNumber" : "1388",
      "sequence" : 0,
      "name" : "CV Eon Systems Indonesia",
      "mailingName" : "CV Eon Systems Indonesia",
      "description" : "",
      "firstName" : "",
      "middleName" : "",
      "lastName" : "",
      "nickname" : "",
      "salutation" : "",
      "gender" : "",
      "type" : "C",
      "religion" : "",
      "dateOfBirth" : null,
      "placeOfBirth" : "",
      "socialSecurityNumber" : "",
      "socialSecurityDate" : null,
      "mediaObjectReference" : "",
      "lastUpdateDateTime" : "2017-12-17T00:00:00",
      "inputDateTime" : "2017-12-17T00:00:00",
      "_links" : {
        "self" : {
          "href" : "http://localhost/api/contacts/1388_0"
        },
        "contactPerson" : {
          "href" : "http://localhost/api/contacts/1388_0"
        },
        "master" : {
          "href" : "http://localhost/api/contacts/1388_0/master"
        }
      }
    }, {
      "inputUserId" : "QSA",
      "lastUpdateUserId" : "QSA",
      "computerId" : "GLSVR171217",
      "lastSynchronizedDate" : null,
      "addressNumber" : "1389",
      "sequence" : 0,
      "name" : "CV Ficom Abadi Sejahtera",
      "mailingName" : "CV Ficom Abadi Sejahtera",
      "description" : "",
      "firstName" : "",
      "middleName" : "",
      "lastName" : "",
      "nickname" : "",
      "salutation" : "",
      "gender" : "",
      "type" : "C",
      "religion" : "",
      "dateOfBirth" : null,
      "placeOfBirth" : "",
      "socialSecurityNumber" : "",
      "socialSecurityDate" : null,
      "mediaObjectReference" : "",
      "lastUpdateDateTime" : "2017-12-17T00:00:00",
      "inputDateTime" : "2017-12-17T00:00:00",
      "_links" : {
        "self" : {
          "href" : "http://localhost/api/contacts/1389_0"
        },
        "contactPerson" : {
          "href" : "http://localhost/api/contacts/1389_0"
        },
        "master" : {
          "href" : "http://localhost/api/contacts/1389_0/master"
        }
      }
    }, {
      "inputUserId" : "QSA",
      "lastUpdateUserId" : "QSA",
      "computerId" : "GLSVR171217",
      "lastSynchronizedDate" : null,
      "addressNumber" : "1390",
      "sequence" : 0,
      "name" : "CV Fira Jaya",
      "mailingName" : "CV Fira Jaya",
      "description" : "",
      "firstName" : "",
      "middleName" : "",
      "lastName" : "",
      "nickname" : "",
      "salutation" : "",
      "gender" : "",
      "type" : "C",
      "religion" : "",
      "dateOfBirth" : null,
      "placeOfBirth" : "",
      "socialSecurityNumber" : "",
      "socialSecurityDate" : null,
      "mediaObjectReference" : "",
      "lastUpdateDateTime" : "2017-12-17T00:00:00",
      "inputDateTime" : "2017-12-17T00:00:00",
      "_links" : {
        "self" : {
          "href" : "http://localhost/api/contacts/1390_0"
        },
        "contactPerson" : {
          "href" : "http://localhost/api/contacts/1390_0"
        },
        "master" : {
          "href" : "http://localhost/api/contacts/1390_0/master"
        }
      }
    }, {
      "inputUserId" : "QSA",
      "lastUpdateUserId" : "QSA",
      "computerId" : "GLSVR171217",
      "lastSynchronizedDate" : null,
      "addressNumber" : "1391",
      "sequence" : 0,
      "name" : "CV Galerindo Teknologi",
      "mailingName" : "CV Galerindo Teknologi",
      "description" : "",
      "firstName" : "",
      "middleName" : "",
      "lastName" : "",
      "nickname" : "",
      "salutation" : "",
      "gender" : "",
      "type" : "C",
      "religion" : "",
      "dateOfBirth" : null,
      "placeOfBirth" : "",
      "socialSecurityNumber" : "",
      "socialSecurityDate" : null,
      "mediaObjectReference" : "",
      "lastUpdateDateTime" : "2017-12-17T00:00:00",
      "inputDateTime" : "2017-12-17T00:00:00",
      "_links" : {
        "self" : {
          "href" : "http://localhost/api/contacts/1391_0"
        },
        "contactPerson" : {
          "href" : "http://localhost/api/contacts/1391_0"
        },
        "master" : {
          "href" : "http://localhost/api/contacts/1391_0/master"
        }
      }
    }, {
      "inputUserId" : "QSA",
      "lastUpdateUserId" : "QSA",
      "computerId" : "GLSVR171217",
      "lastSynchronizedDate" : null,
      "addressNumber" : "1392",
      "sequence" : 0,
      "name" : "CV Graha Solution Partner",
      "mailingName" : "CV Graha Solution Partner",
      "description" : "",
      "firstName" : "",
      "middleName" : "",
      "lastName" : "",
      "nickname" : "",
      "salutation" : "",
      "gender" : "",
      "type" : "C",
      "religion" : "",
      "dateOfBirth" : null,
      "placeOfBirth" : "",
      "socialSecurityNumber" : "",
      "socialSecurityDate" : null,
      "mediaObjectReference" : "",
      "lastUpdateDateTime" : "2017-12-17T00:00:00",
      "inputDateTime" : "2017-12-17T00:00:00",
      "_links" : {
        "self" : {
          "href" : "http://localhost/api/contacts/1392_0"
        },
        "contactPerson" : {
          "href" : "http://localhost/api/contacts/1392_0"
        },
        "master" : {
          "href" : "http://localhost/api/contacts/1392_0/master"
        }
      }
    }, {
      "inputUserId" : "QSA",
      "lastUpdateUserId" : "QSA",
      "computerId" : "GLSVR171217",
      "lastSynchronizedDate" : null,
      "addressNumber" : "1393",
      "sequence" : 0,
      "name" : "CV Harco Center Computer",
      "mailingName" : "CV Harco Center Computer",
      "description" : "",
      "firstName" : "",
      "middleName" : "",
      "lastName" : "",
      "nickname" : "",
      "salutation" : "",
      "gender" : "",
      "type" : "C",
      "religion" : "",
      "dateOfBirth" : null,
      "placeOfBirth" : "",
      "socialSecurityNumber" : "",
      "socialSecurityDate" : null,
      "mediaObjectReference" : "",
      "lastUpdateDateTime" : "2017-12-17T00:00:00",
      "inputDateTime" : "2017-12-17T00:00:00",
      "_links" : {
        "self" : {
          "href" : "http://localhost/api/contacts/1393_0"
        },
        "contactPerson" : {
          "href" : "http://localhost/api/contacts/1393_0"
        },
        "master" : {
          "href" : "http://localhost/api/contacts/1393_0/master"
        }
      }
    }, {
      "inputUserId" : "QSA",
      "lastUpdateUserId" : "QSA",
      "computerId" : "GLSVR171217",
      "lastSynchronizedDate" : null,
      "addressNumber" : "1394",
      "sequence" : 0,
      "name" : "CV Harmoni Sukses Mandiri",
      "mailingName" : "CV Harmoni Sukses Mandiri",
      "description" : "",
      "firstName" : "",
      "middleName" : "",
      "lastName" : "",
      "nickname" : "",
      "salutation" : "",
      "gender" : "",
      "type" : "C",
      "religion" : "",
      "dateOfBirth" : null,
      "placeOfBirth" : "",
      "socialSecurityNumber" : "",
      "socialSecurityDate" : null,
      "mediaObjectReference" : "",
      "lastUpdateDateTime" : "2017-12-17T00:00:00",
      "inputDateTime" : "2017-12-17T00:00:00",
      "_links" : {
        "self" : {
          "href" : "http://localhost/api/contacts/1394_0"
        },
        "contactPerson" : {
          "href" : "http://localhost/api/contacts/1394_0"
        },
        "master" : {
          "href" : "http://localhost/api/contacts/1394_0/master"
        }
      }
    }, {
      "inputUserId" : "QSA",
      "lastUpdateUserId" : "QSA",
      "computerId" : "GLSVR171217",
      "lastSynchronizedDate" : null,
      "addressNumber" : "1395",
      "sequence" : 0,
      "name" : "CV Harrisma Computer",
      "mailingName" : "CV Harrisma Computer",
      "description" : "",
      "firstName" : "",
      "middleName" : "",
      "lastName" : "",
      "nickname" : "",
      "salutation" : "",
      "gender" : "",
      "type" : "C",
      "religion" : "",
      "dateOfBirth" : null,
      "placeOfBirth" : "",
      "socialSecurityNumber" : "",
      "socialSecurityDate" : null,
      "mediaObjectReference" : "",
      "lastUpdateDateTime" : "2017-12-17T00:00:00",
      "inputDateTime" : "2017-12-17T00:00:00",
      "_links" : {
        "self" : {
          "href" : "http://localhost/api/contacts/1395_0"
        },
        "contactPerson" : {
          "href" : "http://localhost/api/contacts/1395_0"
        },
        "master" : {
          "href" : "http://localhost/api/contacts/1395_0/master"
        }
      }
    }, {
      "inputUserId" : "QSA",
      "lastUpdateUserId" : "QSA",
      "computerId" : "GLSVR171217",
      "lastSynchronizedDate" : null,
      "addressNumber" : "1396",
      "sequence" : 0,
      "name" : "CV Hetero Indo Utama",
      "mailingName" : "CV Hetero Indo Utama",
      "description" : "",
      "firstName" : "",
      "middleName" : "",
      "lastName" : "",
      "nickname" : "",
      "salutation" : "",
      "gender" : "",
      "type" : "C",
      "religion" : "",
      "dateOfBirth" : null,
      "placeOfBirth" : "",
      "socialSecurityNumber" : "",
      "socialSecurityDate" : null,
      "mediaObjectReference" : "",
      "lastUpdateDateTime" : "2017-12-17T00:00:00",
      "inputDateTime" : "2017-12-17T00:00:00",
      "_links" : {
        "self" : {
          "href" : "http://localhost/api/contacts/1396_0"
        },
        "contactPerson" : {
          "href" : "http://localhost/api/contacts/1396_0"
        },
        "master" : {
          "href" : "http://localhost/api/contacts/1396_0/master"
        }
      }
    }, {
      "inputUserId" : "QSA",
      "lastUpdateUserId" : "QSA",
      "computerId" : "GLSVR171217",
      "lastSynchronizedDate" : null,
      "addressNumber" : "1397",
      "sequence" : 0,
      "name" : "CV In Multimedia",
      "mailingName" : "CV In Multimedia",
      "description" : "",
      "firstName" : "",
      "middleName" : "",
      "lastName" : "",
      "nickname" : "",
      "salutation" : "",
      "gender" : "",
      "type" : "C",
      "religion" : "",
      "dateOfBirth" : null,
      "placeOfBirth" : "",
      "socialSecurityNumber" : "",
      "socialSecurityDate" : null,
      "mediaObjectReference" : "",
      "lastUpdateDateTime" : "2017-12-17T00:00:00",
      "inputDateTime" : "2017-12-17T00:00:00",
      "_links" : {
        "self" : {
          "href" : "http://localhost/api/contacts/1397_0"
        },
        "contactPerson" : {
          "href" : "http://localhost/api/contacts/1397_0"
        },
        "master" : {
          "href" : "http://localhost/api/contacts/1397_0/master"
        }
      }
    }, {
      "inputUserId" : "QSA",
      "lastUpdateUserId" : "QSA",
      "computerId" : "GLSVR171217",
      "lastSynchronizedDate" : null,
      "addressNumber" : "1398",
      "sequence" : 0,
      "name" : "CV Indo Jaya Mandiri",
      "mailingName" : "CV Indo Jaya Mandiri",
      "description" : "",
      "firstName" : "",
      "middleName" : "",
      "lastName" : "",
      "nickname" : "",
      "salutation" : "",
      "gender" : "",
      "type" : "C",
      "religion" : "",
      "dateOfBirth" : null,
      "placeOfBirth" : "",
      "socialSecurityNumber" : "",
      "socialSecurityDate" : null,
      "mediaObjectReference" : "",
      "lastUpdateDateTime" : "2017-12-17T00:00:00",
      "inputDateTime" : "2017-12-17T00:00:00",
      "_links" : {
        "self" : {
          "href" : "http://localhost/api/contacts/1398_0"
        },
        "contactPerson" : {
          "href" : "http://localhost/api/contacts/1398_0"
        },
        "master" : {
          "href" : "http://localhost/api/contacts/1398_0/master"
        }
      }
    }, {
      "inputUserId" : "QSA",
      "lastUpdateUserId" : "QSA",
      "computerId" : "GLSVR171217",
      "lastSynchronizedDate" : null,
      "addressNumber" : "1399",
      "sequence" : 0,
      "name" : "CV Indo Sukses Mandiri",
      "mailingName" : "CV Indo Sukses Mandiri",
      "description" : "",
      "firstName" : "",
      "middleName" : "",
      "lastName" : "",
      "nickname" : "",
      "salutation" : "",
      "gender" : "",
      "type" : "C",
      "religion" : "",
      "dateOfBirth" : null,
      "placeOfBirth" : "",
      "socialSecurityNumber" : "",
      "socialSecurityDate" : null,
      "mediaObjectReference" : "",
      "lastUpdateDateTime" : "2017-12-17T00:00:00",
      "inputDateTime" : "2017-12-17T00:00:00",
      "_links" : {
        "self" : {
          "href" : "http://localhost/api/contacts/1399_0"
        },
        "contactPerson" : {
          "href" : "http://localhost/api/contacts/1399_0"
        },
        "master" : {
          "href" : "http://localhost/api/contacts/1399_0/master"
        }
      }
    }, {
      "inputUserId" : "QSA",
      "lastUpdateUserId" : "QSA",
      "computerId" : "GLSVR171217",
      "lastSynchronizedDate" : null,
      "addressNumber" : "1400",
      "sequence" : 0,
      "name" : "CV Integral",
      "mailingName" : "CV Integral",
      "description" : "",
      "firstName" : "",
      "middleName" : "",
      "lastName" : "",
      "nickname" : "",
      "salutation" : "",
      "gender" : "",
      "type" : "C",
      "religion" : "",
      "dateOfBirth" : null,
      "placeOfBirth" : "",
      "socialSecurityNumber" : "",
      "socialSecurityDate" : null,
      "mediaObjectReference" : "",
      "lastUpdateDateTime" : "2018-07-11T15:08:17",
      "inputDateTime" : "2017-12-17T00:00:00",
      "_links" : {
        "self" : {
          "href" : "http://localhost/api/contacts/1400_0"
        },
        "contactPerson" : {
          "href" : "http://localhost/api/contacts/1400_0"
        },
        "master" : {
          "href" : "http://localhost/api/contacts/1400_0/master"
        }
      }
    }, {
      "inputUserId" : "QSA",
      "lastUpdateUserId" : "QSA",
      "computerId" : "GLSVR171217",
      "lastSynchronizedDate" : null,
      "addressNumber" : "1401",
      "sequence" : 0,
      "name" : "CV Intertech",
      "mailingName" : "CV Intertech",
      "description" : "",
      "firstName" : "",
      "middleName" : "",
      "lastName" : "",
      "nickname" : "",
      "salutation" : "",
      "gender" : "",
      "type" : "C",
      "religion" : "",
      "dateOfBirth" : null,
      "placeOfBirth" : "",
      "socialSecurityNumber" : "",
      "socialSecurityDate" : null,
      "mediaObjectReference" : "",
      "lastUpdateDateTime" : "2017-12-17T00:00:00",
      "inputDateTime" : "2017-12-17T00:00:00",
      "_links" : {
        "self" : {
          "href" : "http://localhost/api/contacts/1401_0"
        },
        "contactPerson" : {
          "href" : "http://localhost/api/contacts/1401_0"
        },
        "master" : {
          "href" : "http://localhost/api/contacts/1401_0/master"
        }
      }
    }, {
      "inputUserId" : "QSA",
      "lastUpdateUserId" : "QSA",
      "computerId" : "GLSVR171217",
      "lastSynchronizedDate" : null,
      "addressNumber" : "1402",
      "sequence" : 0,
      "name" : "CV Intisa General",
      "mailingName" : "CV Intisa General",
      "description" : "",
      "firstName" : "",
      "middleName" : "",
      "lastName" : "",
      "nickname" : "",
      "salutation" : "",
      "gender" : "",
      "type" : "C",
      "religion" : "",
      "dateOfBirth" : null,
      "placeOfBirth" : "",
      "socialSecurityNumber" : "",
      "socialSecurityDate" : null,
      "mediaObjectReference" : "",
      "lastUpdateDateTime" : "2017-12-17T00:00:00",
      "inputDateTime" : "2017-12-17T00:00:00",
      "_links" : {
        "self" : {
          "href" : "http://localhost/api/contacts/1402_0"
        },
        "contactPerson" : {
          "href" : "http://localhost/api/contacts/1402_0"
        },
        "master" : {
          "href" : "http://localhost/api/contacts/1402_0/master"
        }
      }
    }, {
      "inputUserId" : "QSA",
      "lastUpdateUserId" : "QSA",
      "computerId" : "GLSVR171217",
      "lastSynchronizedDate" : null,
      "addressNumber" : "1403",
      "sequence" : 0,
      "name" : "CV Invinity",
      "mailingName" : "CV Invinity",
      "description" : "",
      "firstName" : "",
      "middleName" : "",
      "lastName" : "",
      "nickname" : "",
      "salutation" : "",
      "gender" : "",
      "type" : "C",
      "religion" : "",
      "dateOfBirth" : null,
      "placeOfBirth" : "",
      "socialSecurityNumber" : "",
      "socialSecurityDate" : null,
      "mediaObjectReference" : "",
      "lastUpdateDateTime" : "2017-12-17T00:00:00",
      "inputDateTime" : "2017-12-17T00:00:00",
      "_links" : {
        "self" : {
          "href" : "http://localhost/api/contacts/1403_0"
        },
        "contactPerson" : {
          "href" : "http://localhost/api/contacts/1403_0"
        },
        "master" : {
          "href" : "http://localhost/api/contacts/1403_0/master"
        }
      }
    }, {
      "inputUserId" : "QSA",
      "lastUpdateUserId" : "QSA",
      "computerId" : "GLSVR171217",
      "lastSynchronizedDate" : null,
      "addressNumber" : "1404",
      "sequence" : 0,
      "name" : "CV Jaya Mitra Abadi",
      "mailingName" : "CV Jaya Mitra Abadi",
      "description" : "",
      "firstName" : "",
      "middleName" : "",
      "lastName" : "",
      "nickname" : "",
      "salutation" : "",
      "gender" : "",
      "type" : "C",
      "religion" : "",
      "dateOfBirth" : null,
      "placeOfBirth" : "",
      "socialSecurityNumber" : "",
      "socialSecurityDate" : null,
      "mediaObjectReference" : "",
      "lastUpdateDateTime" : "2017-12-17T00:00:00",
      "inputDateTime" : "2017-12-17T00:00:00",
      "_links" : {
        "self" : {
          "href" : "http://localhost/api/contacts/1404_0"
        },
        "contactPerson" : {
          "href" : "http://localhost/api/contacts/1404_0"
        },
        "master" : {
          "href" : "http://localhost/api/contacts/1404_0/master"
        }
      }
    }, {
      "inputUserId" : "QSA",
      "lastUpdateUserId" : "QSA",
      "computerId" : "GLSVR171217",
      "lastSynchronizedDate" : null,
      "addressNumber" : "1405",
      "sequence" : 0,
      "name" : "CV J-Bross",
      "mailingName" : "CV J-Bross",
      "description" : "",
      "firstName" : "",
      "middleName" : "",
      "lastName" : "",
      "nickname" : "",
      "salutation" : "",
      "gender" : "",
      "type" : "C",
      "religion" : "",
      "dateOfBirth" : null,
      "placeOfBirth" : "",
      "socialSecurityNumber" : "",
      "socialSecurityDate" : null,
      "mediaObjectReference" : "",
      "lastUpdateDateTime" : "2017-12-17T00:00:00",
      "inputDateTime" : "2017-12-17T00:00:00",
      "_links" : {
        "self" : {
          "href" : "http://localhost/api/contacts/1405_0"
        },
        "contactPerson" : {
          "href" : "http://localhost/api/contacts/1405_0"
        },
        "master" : {
          "href" : "http://localhost/api/contacts/1405_0/master"
        }
      }
    }, {
      "inputUserId" : "QSA",
      "lastUpdateUserId" : "QSA",
      "computerId" : "GLSVR171217",
      "lastSynchronizedDate" : null,
      "addressNumber" : "1406",
      "sequence" : 0,
      "name" : "CV Kartika Sari",
      "mailingName" : "CV Kartika Sari",
      "description" : "",
      "firstName" : "",
      "middleName" : "",
      "lastName" : "",
      "nickname" : "",
      "salutation" : "",
      "gender" : "",
      "type" : "C",
      "religion" : "",
      "dateOfBirth" : null,
      "placeOfBirth" : "",
      "socialSecurityNumber" : "",
      "socialSecurityDate" : null,
      "mediaObjectReference" : "",
      "lastUpdateDateTime" : "2017-12-17T00:00:00",
      "inputDateTime" : "2017-12-17T00:00:00",
      "_links" : {
        "self" : {
          "href" : "http://localhost/api/contacts/1406_0"
        },
        "contactPerson" : {
          "href" : "http://localhost/api/contacts/1406_0"
        },
        "master" : {
          "href" : "http://localhost/api/contacts/1406_0/master"
        }
      }
    }, {
      "inputUserId" : "QSA",
      "lastUpdateUserId" : "QSA",
      "computerId" : "GLSVR171217",
      "lastSynchronizedDate" : null,
      "addressNumber" : "1407",
      "sequence" : 0,
      "name" : "CV Karunia Manunggal Jaya",
      "mailingName" : "CV Karunia Manunggal Jaya",
      "description" : "",
      "firstName" : "",
      "middleName" : "",
      "lastName" : "",
      "nickname" : "",
      "salutation" : "",
      "gender" : "",
      "type" : "C",
      "religion" : "",
      "dateOfBirth" : null,
      "placeOfBirth" : "",
      "socialSecurityNumber" : "",
      "socialSecurityDate" : null,
      "mediaObjectReference" : "",
      "lastUpdateDateTime" : "2017-12-17T00:00:00",
      "inputDateTime" : "2017-12-17T00:00:00",
      "_links" : {
        "self" : {
          "href" : "http://localhost/api/contacts/1407_0"
        },
        "contactPerson" : {
          "href" : "http://localhost/api/contacts/1407_0"
        },
        "master" : {
          "href" : "http://localhost/api/contacts/1407_0/master"
        }
      }
    }, {
      "inputUserId" : "QSA",
      "lastUpdateUserId" : "QSA",
      "computerId" : "GLSVR171217",
      "lastSynchronizedDate" : null,
      "addressNumber" : "1408",
      "sequence" : 0,
      "name" : "CV Karya Mandiri Gemilang",
      "mailingName" : "CV Karya Mandiri Gemilang",
      "description" : "",
      "firstName" : "",
      "middleName" : "",
      "lastName" : "",
      "nickname" : "",
      "salutation" : "",
      "gender" : "",
      "type" : "C",
      "religion" : "",
      "dateOfBirth" : null,
      "placeOfBirth" : "",
      "socialSecurityNumber" : "",
      "socialSecurityDate" : null,
      "mediaObjectReference" : "",
      "lastUpdateDateTime" : "2017-12-17T00:00:00",
      "inputDateTime" : "2017-12-17T00:00:00",
      "_links" : {
        "self" : {
          "href" : "http://localhost/api/contacts/1408_0"
        },
        "contactPerson" : {
          "href" : "http://localhost/api/contacts/1408_0"
        },
        "master" : {
          "href" : "http://localhost/api/contacts/1408_0/master"
        }
      }
    }, {
      "inputUserId" : "QSA",
      "lastUpdateUserId" : "QSA",
      "computerId" : "GLSVR171217",
      "lastSynchronizedDate" : null,
      "addressNumber" : "1409",
      "sequence" : 0,
      "name" : "CV Kencana Surya",
      "mailingName" : "CV Kencana Surya",
      "description" : "",
      "firstName" : "",
      "middleName" : "",
      "lastName" : "",
      "nickname" : "",
      "salutation" : "",
      "gender" : "",
      "type" : "C",
      "religion" : "",
      "dateOfBirth" : null,
      "placeOfBirth" : "",
      "socialSecurityNumber" : "",
      "socialSecurityDate" : null,
      "mediaObjectReference" : "",
      "lastUpdateDateTime" : "2017-12-17T00:00:00",
      "inputDateTime" : "2017-12-17T00:00:00",
      "_links" : {
        "self" : {
          "href" : "http://localhost/api/contacts/1409_0"
        },
        "contactPerson" : {
          "href" : "http://localhost/api/contacts/1409_0"
        },
        "master" : {
          "href" : "http://localhost/api/contacts/1409_0/master"
        }
      }
    }, {
      "inputUserId" : "QSA",
      "lastUpdateUserId" : "QSA",
      "computerId" : "GLSVR171217",
      "lastSynchronizedDate" : null,
      "addressNumber" : "1410",
      "sequence" : 0,
      "name" : "CV Kharisma Komputer",
      "mailingName" : "CV Kharisma Komputer",
      "description" : "",
      "firstName" : "",
      "middleName" : "",
      "lastName" : "",
      "nickname" : "",
      "salutation" : "",
      "gender" : "",
      "type" : "C",
      "religion" : "",
      "dateOfBirth" : null,
      "placeOfBirth" : "",
      "socialSecurityNumber" : "",
      "socialSecurityDate" : null,
      "mediaObjectReference" : "",
      "lastUpdateDateTime" : "2017-12-17T00:00:00",
      "inputDateTime" : "2017-12-17T00:00:00",
      "_links" : {
        "self" : {
          "href" : "http://localhost/api/contacts/1410_0"
        },
        "contactPerson" : {
          "href" : "http://localhost/api/contacts/1410_0"
        },
        "master" : {
          "href" : "http://localhost/api/contacts/1410_0/master"
        }
      }
    }, {
      "inputUserId" : "QSA",
      "lastUpdateUserId" : "QSA",
      "computerId" : "GLSVR171217",
      "lastSynchronizedDate" : null,
      "addressNumber" : "1411",
      "sequence" : 0,
      "name" : "CV Mahakarya Sentosa",
      "mailingName" : "CV Mahakarya Sentosa",
      "description" : "",
      "firstName" : "",
      "middleName" : "",
      "lastName" : "",
      "nickname" : "",
      "salutation" : "",
      "gender" : "",
      "type" : "C",
      "religion" : "",
      "dateOfBirth" : null,
      "placeOfBirth" : "",
      "socialSecurityNumber" : "",
      "socialSecurityDate" : null,
      "mediaObjectReference" : "",
      "lastUpdateDateTime" : "2017-12-17T00:00:00",
      "inputDateTime" : "2017-12-17T00:00:00",
      "_links" : {
        "self" : {
          "href" : "http://localhost/api/contacts/1411_0"
        },
        "contactPerson" : {
          "href" : "http://localhost/api/contacts/1411_0"
        },
        "master" : {
          "href" : "http://localhost/api/contacts/1411_0/master"
        }
      }
    }, {
      "inputUserId" : "QSA",
      "lastUpdateUserId" : "QSA",
      "computerId" : "GLSVR171217",
      "lastSynchronizedDate" : null,
      "addressNumber" : "1412",
      "sequence" : 0,
      "name" : "CV Maju Bersama",
      "mailingName" : "CV Maju Bersama",
      "description" : "",
      "firstName" : "",
      "middleName" : "",
      "lastName" : "",
      "nickname" : "",
      "salutation" : "",
      "gender" : "",
      "type" : "C",
      "religion" : "",
      "dateOfBirth" : null,
      "placeOfBirth" : "",
      "socialSecurityNumber" : "",
      "socialSecurityDate" : null,
      "mediaObjectReference" : "",
      "lastUpdateDateTime" : "2017-12-17T00:00:00",
      "inputDateTime" : "2017-12-17T00:00:00",
      "_links" : {
        "self" : {
          "href" : "http://localhost/api/contacts/1412_0"
        },
        "contactPerson" : {
          "href" : "http://localhost/api/contacts/1412_0"
        },
        "master" : {
          "href" : "http://localhost/api/contacts/1412_0/master"
        }
      }
    }, {
      "inputUserId" : "QSA",
      "lastUpdateUserId" : "QSA",
      "computerId" : "GLSVR171217",
      "lastSynchronizedDate" : null,
      "addressNumber" : "1413",
      "sequence" : 0,
      "name" : "CV Maju Jaya Prima",
      "mailingName" : "CV Maju Jaya Prima",
      "description" : "",
      "firstName" : "",
      "middleName" : "",
      "lastName" : "",
      "nickname" : "",
      "salutation" : "",
      "gender" : "",
      "type" : "C",
      "religion" : "",
      "dateOfBirth" : null,
      "placeOfBirth" : "",
      "socialSecurityNumber" : "",
      "socialSecurityDate" : null,
      "mediaObjectReference" : "",
      "lastUpdateDateTime" : "2017-12-17T00:00:00",
      "inputDateTime" : "2017-12-17T00:00:00",
      "_links" : {
        "self" : {
          "href" : "http://localhost/api/contacts/1413_0"
        },
        "contactPerson" : {
          "href" : "http://localhost/api/contacts/1413_0"
        },
        "master" : {
          "href" : "http://localhost/api/contacts/1413_0/master"
        }
      }
    }, {
      "inputUserId" : "QSA",
      "lastUpdateUserId" : "QSA",
      "computerId" : "GLSVR171217",
      "lastSynchronizedDate" : null,
      "addressNumber" : "1414",
      "sequence" : 0,
      "name" : "CV Matahari Makmur",
      "mailingName" : "CV Matahari Makmur",
      "description" : "",
      "firstName" : "",
      "middleName" : "",
      "lastName" : "",
      "nickname" : "",
      "salutation" : "",
      "gender" : "",
      "type" : "C",
      "religion" : "",
      "dateOfBirth" : null,
      "placeOfBirth" : "",
      "socialSecurityNumber" : "",
      "socialSecurityDate" : null,
      "mediaObjectReference" : "",
      "lastUpdateDateTime" : "2017-12-17T00:00:00",
      "inputDateTime" : "2017-12-17T00:00:00",
      "_links" : {
        "self" : {
          "href" : "http://localhost/api/contacts/1414_0"
        },
        "contactPerson" : {
          "href" : "http://localhost/api/contacts/1414_0"
        },
        "master" : {
          "href" : "http://localhost/api/contacts/1414_0/master"
        }
      }
    }, {
      "inputUserId" : "QSA",
      "lastUpdateUserId" : "QSA",
      "computerId" : "GLSVR171217",
      "lastSynchronizedDate" : null,
      "addressNumber" : "1415",
      "sequence" : 0,
      "name" : "CV Matrik Pakarti",
      "mailingName" : "CV Matrik Pakarti",
      "description" : "",
      "firstName" : "",
      "middleName" : "",
      "lastName" : "",
      "nickname" : "",
      "salutation" : "",
      "gender" : "",
      "type" : "C",
      "religion" : "",
      "dateOfBirth" : null,
      "placeOfBirth" : "",
      "socialSecurityNumber" : "",
      "socialSecurityDate" : null,
      "mediaObjectReference" : "",
      "lastUpdateDateTime" : "2017-12-17T00:00:00",
      "inputDateTime" : "2017-12-17T00:00:00",
      "_links" : {
        "self" : {
          "href" : "http://localhost/api/contacts/1415_0"
        },
        "contactPerson" : {
          "href" : "http://localhost/api/contacts/1415_0"
        },
        "master" : {
          "href" : "http://localhost/api/contacts/1415_0/master"
        }
      }
    }, {
      "inputUserId" : "QSA",
      "lastUpdateUserId" : "QSA",
      "computerId" : "GLSVR171217",
      "lastSynchronizedDate" : null,
      "addressNumber" : "1416",
      "sequence" : 0,
      "name" : "CV Media Persada Computindo",
      "mailingName" : "CV Media Persada Computindo",
      "description" : "",
      "firstName" : "",
      "middleName" : "",
      "lastName" : "",
      "nickname" : "",
      "salutation" : "",
      "gender" : "",
      "type" : "C",
      "religion" : "",
      "dateOfBirth" : null,
      "placeOfBirth" : "",
      "socialSecurityNumber" : "",
      "socialSecurityDate" : null,
      "mediaObjectReference" : "",
      "lastUpdateDateTime" : "2017-12-17T00:00:00",
      "inputDateTime" : "2017-12-17T00:00:00",
      "_links" : {
        "self" : {
          "href" : "http://localhost/api/contacts/1416_0"
        },
        "contactPerson" : {
          "href" : "http://localhost/api/contacts/1416_0"
        },
        "master" : {
          "href" : "http://localhost/api/contacts/1416_0/master"
        }
      }
    }, {
      "inputUserId" : "QSA",
      "lastUpdateUserId" : "QSA",
      "computerId" : "GLSVR171217",
      "lastSynchronizedDate" : null,
      "addressNumber" : "1417",
      "sequence" : 0,
      "name" : "CV Media Teknik Computindo",
      "mailingName" : "CV Media Teknik Computindo",
      "description" : "",
      "firstName" : "",
      "middleName" : "",
      "lastName" : "",
      "nickname" : "",
      "salutation" : "",
      "gender" : "",
      "type" : "C",
      "religion" : "",
      "dateOfBirth" : null,
      "placeOfBirth" : "",
      "socialSecurityNumber" : "",
      "socialSecurityDate" : null,
      "mediaObjectReference" : "",
      "lastUpdateDateTime" : "2017-12-17T00:00:00",
      "inputDateTime" : "2017-12-17T00:00:00",
      "_links" : {
        "self" : {
          "href" : "http://localhost/api/contacts/1417_0"
        },
        "contactPerson" : {
          "href" : "http://localhost/api/contacts/1417_0"
        },
        "master" : {
          "href" : "http://localhost/api/contacts/1417_0/master"
        }
      }
    }, {
      "inputUserId" : "QSA",
      "lastUpdateUserId" : "QSA",
      "computerId" : "GLSVR171217",
      "lastSynchronizedDate" : null,
      "addressNumber" : "1418",
      "sequence" : 0,
      "name" : "CV Megah Raharja",
      "mailingName" : "CV Megah Raharja",
      "description" : "",
      "firstName" : "",
      "middleName" : "",
      "lastName" : "",
      "nickname" : "",
      "salutation" : "",
      "gender" : "",
      "type" : "C",
      "religion" : "",
      "dateOfBirth" : null,
      "placeOfBirth" : "",
      "socialSecurityNumber" : "",
      "socialSecurityDate" : null,
      "mediaObjectReference" : "",
      "lastUpdateDateTime" : "2017-12-17T00:00:00",
      "inputDateTime" : "2017-12-17T00:00:00",
      "_links" : {
        "self" : {
          "href" : "http://localhost/api/contacts/1418_0"
        },
        "contactPerson" : {
          "href" : "http://localhost/api/contacts/1418_0"
        },
        "master" : {
          "href" : "http://localhost/api/contacts/1418_0/master"
        }
      }
    }, {
      "inputUserId" : "QSA",
      "lastUpdateUserId" : "QSA",
      "computerId" : "GLSVR171217",
      "lastSynchronizedDate" : null,
      "addressNumber" : "1419",
      "sequence" : 0,
      "name" : "CV MGB Gresik",
      "mailingName" : "CV MGB Gresik",
      "description" : "",
      "firstName" : "",
      "middleName" : "",
      "lastName" : "",
      "nickname" : "",
      "salutation" : "",
      "gender" : "",
      "type" : "C",
      "religion" : "",
      "dateOfBirth" : null,
      "placeOfBirth" : "",
      "socialSecurityNumber" : "",
      "socialSecurityDate" : null,
      "mediaObjectReference" : "",
      "lastUpdateDateTime" : "2017-12-17T00:00:00",
      "inputDateTime" : "2017-12-17T00:00:00",
      "_links" : {
        "self" : {
          "href" : "http://localhost/api/contacts/1419_0"
        },
        "contactPerson" : {
          "href" : "http://localhost/api/contacts/1419_0"
        },
        "master" : {
          "href" : "http://localhost/api/contacts/1419_0/master"
        }
      }
    }, {
      "inputUserId" : "QSA",
      "lastUpdateUserId" : "QSA",
      "computerId" : "GLSVR171217",
      "lastSynchronizedDate" : null,
      "addressNumber" : "1420",
      "sequence" : 0,
      "name" : "CV Micro Computer",
      "mailingName" : "CV Micro Computer",
      "description" : "",
      "firstName" : "",
      "middleName" : "",
      "lastName" : "",
      "nickname" : "",
      "salutation" : "",
      "gender" : "",
      "type" : "C",
      "religion" : "",
      "dateOfBirth" : null,
      "placeOfBirth" : "",
      "socialSecurityNumber" : "",
      "socialSecurityDate" : null,
      "mediaObjectReference" : "",
      "lastUpdateDateTime" : "2017-12-17T00:00:00",
      "inputDateTime" : "2017-12-17T00:00:00",
      "_links" : {
        "self" : {
          "href" : "http://localhost/api/contacts/1420_0"
        },
        "contactPerson" : {
          "href" : "http://localhost/api/contacts/1420_0"
        },
        "master" : {
          "href" : "http://localhost/api/contacts/1420_0/master"
        }
      }
    }, {
      "inputUserId" : "QSA",
      "lastUpdateUserId" : "QSA",
      "computerId" : "GLSVR171217",
      "lastSynchronizedDate" : null,
      "addressNumber" : "1421",
      "sequence" : 0,
      "name" : "CV Mitra Arta Mandiri",
      "mailingName" : "CV Mitra Arta Mandiri",
      "description" : "",
      "firstName" : "",
      "middleName" : "",
      "lastName" : "",
      "nickname" : "",
      "salutation" : "",
      "gender" : "",
      "type" : "C",
      "religion" : "",
      "dateOfBirth" : null,
      "placeOfBirth" : "",
      "socialSecurityNumber" : "",
      "socialSecurityDate" : null,
      "mediaObjectReference" : "",
      "lastUpdateDateTime" : "2017-12-17T00:00:00",
      "inputDateTime" : "2017-12-17T00:00:00",
      "_links" : {
        "self" : {
          "href" : "http://localhost/api/contacts/1421_0"
        },
        "contactPerson" : {
          "href" : "http://localhost/api/contacts/1421_0"
        },
        "master" : {
          "href" : "http://localhost/api/contacts/1421_0/master"
        }
      }
    }, {
      "inputUserId" : "QSA",
      "lastUpdateUserId" : "QSA",
      "computerId" : "GLSVR171217",
      "lastSynchronizedDate" : null,
      "addressNumber" : "1422",
      "sequence" : 0,
      "name" : "CV Mitra Global Mulya",
      "mailingName" : "CV Mitra Global Mulya",
      "description" : "",
      "firstName" : "",
      "middleName" : "",
      "lastName" : "",
      "nickname" : "",
      "salutation" : "",
      "gender" : "",
      "type" : "C",
      "religion" : "",
      "dateOfBirth" : null,
      "placeOfBirth" : "",
      "socialSecurityNumber" : "",
      "socialSecurityDate" : null,
      "mediaObjectReference" : "",
      "lastUpdateDateTime" : "2017-12-17T00:00:00",
      "inputDateTime" : "2017-12-17T00:00:00",
      "_links" : {
        "self" : {
          "href" : "http://localhost/api/contacts/1422_0"
        },
        "contactPerson" : {
          "href" : "http://localhost/api/contacts/1422_0"
        },
        "master" : {
          "href" : "http://localhost/api/contacts/1422_0/master"
        }
      }
    }, {
      "inputUserId" : "QSA",
      "lastUpdateUserId" : "QSA",
      "computerId" : "GLSVR171217",
      "lastSynchronizedDate" : null,
      "addressNumber" : "1423",
      "sequence" : 0,
      "name" : "CV Mitra Utama Solusi",
      "mailingName" : "CV Mitra Utama Solusi",
      "description" : "",
      "firstName" : "",
      "middleName" : "",
      "lastName" : "",
      "nickname" : "",
      "salutation" : "",
      "gender" : "",
      "type" : "C",
      "religion" : "",
      "dateOfBirth" : null,
      "placeOfBirth" : "",
      "socialSecurityNumber" : "",
      "socialSecurityDate" : null,
      "mediaObjectReference" : "",
      "lastUpdateDateTime" : "2017-12-17T00:00:00",
      "inputDateTime" : "2017-12-17T00:00:00",
      "_links" : {
        "self" : {
          "href" : "http://localhost/api/contacts/1423_0"
        },
        "contactPerson" : {
          "href" : "http://localhost/api/contacts/1423_0"
        },
        "master" : {
          "href" : "http://localhost/api/contacts/1423_0/master"
        }
      }
    }, {
      "inputUserId" : "QSA",
      "lastUpdateUserId" : "QSA",
      "computerId" : "GLSVR171217",
      "lastSynchronizedDate" : null,
      "addressNumber" : "1424",
      "sequence" : 0,
      "name" : "CV Multindo Global Solution",
      "mailingName" : "CV Multindo Global Solution",
      "description" : "",
      "firstName" : "",
      "middleName" : "",
      "lastName" : "",
      "nickname" : "",
      "salutation" : "",
      "gender" : "",
      "type" : "C",
      "religion" : "",
      "dateOfBirth" : null,
      "placeOfBirth" : "",
      "socialSecurityNumber" : "",
      "socialSecurityDate" : null,
      "mediaObjectReference" : "",
      "lastUpdateDateTime" : "2017-12-17T00:00:00",
      "inputDateTime" : "2017-12-17T00:00:00",
      "_links" : {
        "self" : {
          "href" : "http://localhost/api/contacts/1424_0"
        },
        "contactPerson" : {
          "href" : "http://localhost/api/contacts/1424_0"
        },
        "master" : {
          "href" : "http://localhost/api/contacts/1424_0/master"
        }
      }
    }, {
      "inputUserId" : "QSA",
      "lastUpdateUserId" : "QSA",
      "computerId" : "GLSVR171217",
      "lastSynchronizedDate" : null,
      "addressNumber" : "1425",
      "sequence" : 0,
      "name" : "CV Mundung Daya Engineering",
      "mailingName" : "CV Mundung Daya Engineering",
      "description" : "",
      "firstName" : "",
      "middleName" : "",
      "lastName" : "",
      "nickname" : "",
      "salutation" : "",
      "gender" : "",
      "type" : "C",
      "religion" : "",
      "dateOfBirth" : null,
      "placeOfBirth" : "",
      "socialSecurityNumber" : "",
      "socialSecurityDate" : null,
      "mediaObjectReference" : "",
      "lastUpdateDateTime" : "2017-12-17T00:00:00",
      "inputDateTime" : "2017-12-17T00:00:00",
      "_links" : {
        "self" : {
          "href" : "http://localhost/api/contacts/1425_0"
        },
        "contactPerson" : {
          "href" : "http://localhost/api/contacts/1425_0"
        },
        "master" : {
          "href" : "http://localhost/api/contacts/1425_0/master"
        }
      }
    }, {
      "inputUserId" : "QSA",
      "lastUpdateUserId" : "QSA",
      "computerId" : "GLSVR171217",
      "lastSynchronizedDate" : null,
      "addressNumber" : "1426",
      "sequence" : 0,
      "name" : "CV Naga Putra",
      "mailingName" : "CV Naga Putra",
      "description" : "",
      "firstName" : "",
      "middleName" : "",
      "lastName" : "",
      "nickname" : "",
      "salutation" : "",
      "gender" : "",
      "type" : "C",
      "religion" : "",
      "dateOfBirth" : null,
      "placeOfBirth" : "",
      "socialSecurityNumber" : "",
      "socialSecurityDate" : null,
      "mediaObjectReference" : "",
      "lastUpdateDateTime" : "2017-12-17T00:00:00",
      "inputDateTime" : "2017-12-17T00:00:00",
      "_links" : {
        "self" : {
          "href" : "http://localhost/api/contacts/1426_0"
        },
        "contactPerson" : {
          "href" : "http://localhost/api/contacts/1426_0"
        },
        "master" : {
          "href" : "http://localhost/api/contacts/1426_0/master"
        }
      }
    }, {
      "inputUserId" : "QSA",
      "lastUpdateUserId" : "QSA",
      "computerId" : "GLSVR171217",
      "lastSynchronizedDate" : null,
      "addressNumber" : "1427",
      "sequence" : 0,
      "name" : "CV New Life Computer",
      "mailingName" : "CV New Life Computer",
      "description" : "",
      "firstName" : "",
      "middleName" : "",
      "lastName" : "",
      "nickname" : "",
      "salutation" : "",
      "gender" : "",
      "type" : "C",
      "religion" : "",
      "dateOfBirth" : null,
      "placeOfBirth" : "",
      "socialSecurityNumber" : "",
      "socialSecurityDate" : null,
      "mediaObjectReference" : "",
      "lastUpdateDateTime" : "2017-12-17T00:00:00",
      "inputDateTime" : "2017-12-17T00:00:00",
      "_links" : {
        "self" : {
          "href" : "http://localhost/api/contacts/1427_0"
        },
        "contactPerson" : {
          "href" : "http://localhost/api/contacts/1427_0"
        },
        "master" : {
          "href" : "http://localhost/api/contacts/1427_0/master"
        }
      }
    }, {
      "inputUserId" : "QSA",
      "lastUpdateUserId" : "QSA",
      "computerId" : "GLSVR171217",
      "lastSynchronizedDate" : null,
      "addressNumber" : "1428",
      "sequence" : 0,
      "name" : "CV Optima Union Sukses",
      "mailingName" : "CV Optima Union Sukses",
      "description" : "",
      "firstName" : "",
      "middleName" : "",
      "lastName" : "",
      "nickname" : "",
      "salutation" : "",
      "gender" : "",
      "type" : "C",
      "religion" : "",
      "dateOfBirth" : null,
      "placeOfBirth" : "",
      "socialSecurityNumber" : "",
      "socialSecurityDate" : null,
      "mediaObjectReference" : "",
      "lastUpdateDateTime" : "2017-12-17T00:00:00",
      "inputDateTime" : "2017-12-17T00:00:00",
      "_links" : {
        "self" : {
          "href" : "http://localhost/api/contacts/1428_0"
        },
        "contactPerson" : {
          "href" : "http://localhost/api/contacts/1428_0"
        },
        "master" : {
          "href" : "http://localhost/api/contacts/1428_0/master"
        }
      }
    }, {
      "inputUserId" : "QSA",
      "lastUpdateUserId" : "QSA",
      "computerId" : "GLSVR171217",
      "lastSynchronizedDate" : null,
      "addressNumber" : "1429",
      "sequence" : 0,
      "name" : "CV Pandu Putra",
      "mailingName" : "CV Pandu Putra",
      "description" : "",
      "firstName" : "",
      "middleName" : "",
      "lastName" : "",
      "nickname" : "",
      "salutation" : "",
      "gender" : "",
      "type" : "C",
      "religion" : "",
      "dateOfBirth" : null,
      "placeOfBirth" : "",
      "socialSecurityNumber" : "",
      "socialSecurityDate" : null,
      "mediaObjectReference" : "",
      "lastUpdateDateTime" : "2017-12-17T00:00:00",
      "inputDateTime" : "2017-12-17T00:00:00",
      "_links" : {
        "self" : {
          "href" : "http://localhost/api/contacts/1429_0"
        },
        "contactPerson" : {
          "href" : "http://localhost/api/contacts/1429_0"
        },
        "master" : {
          "href" : "http://localhost/api/contacts/1429_0/master"
        }
      }
    }, {
      "inputUserId" : "QSA",
      "lastUpdateUserId" : "QSA",
      "computerId" : "GLSVR171217",
      "lastSynchronizedDate" : null,
      "addressNumber" : "1430",
      "sequence" : 0,
      "name" : "CV Pasti Jaya",
      "mailingName" : "CV Pasti Jaya",
      "description" : "",
      "firstName" : "",
      "middleName" : "",
      "lastName" : "",
      "nickname" : "",
      "salutation" : "",
      "gender" : "",
      "type" : "C",
      "religion" : "",
      "dateOfBirth" : null,
      "placeOfBirth" : "",
      "socialSecurityNumber" : "",
      "socialSecurityDate" : null,
      "mediaObjectReference" : "",
      "lastUpdateDateTime" : "2017-12-17T00:00:00",
      "inputDateTime" : "2017-12-17T00:00:00",
      "_links" : {
        "self" : {
          "href" : "http://localhost/api/contacts/1430_0"
        },
        "contactPerson" : {
          "href" : "http://localhost/api/contacts/1430_0"
        },
        "master" : {
          "href" : "http://localhost/api/contacts/1430_0/master"
        }
      }
    }, {
      "inputUserId" : "QSA",
      "lastUpdateUserId" : "QSA",
      "computerId" : "GLSVR171217",
      "lastSynchronizedDate" : null,
      "addressNumber" : "1431",
      "sequence" : 0,
      "name" : "CV Perdana",
      "mailingName" : "CV Perdana",
      "description" : "",
      "firstName" : "",
      "middleName" : "",
      "lastName" : "",
      "nickname" : "",
      "salutation" : "",
      "gender" : "",
      "type" : "C",
      "religion" : "",
      "dateOfBirth" : null,
      "placeOfBirth" : "",
      "socialSecurityNumber" : "",
      "socialSecurityDate" : null,
      "mediaObjectReference" : "",
      "lastUpdateDateTime" : "2017-12-17T00:00:00",
      "inputDateTime" : "2017-12-17T00:00:00",
      "_links" : {
        "self" : {
          "href" : "http://localhost/api/contacts/1431_0"
        },
        "contactPerson" : {
          "href" : "http://localhost/api/contacts/1431_0"
        },
        "master" : {
          "href" : "http://localhost/api/contacts/1431_0/master"
        }
      }
    }, {
      "inputUserId" : "QSA",
      "lastUpdateUserId" : "QSA",
      "computerId" : "GLSVR171217",
      "lastSynchronizedDate" : null,
      "addressNumber" : "1432",
      "sequence" : 0,
      "name" : "CV Planet IT Center",
      "mailingName" : "CV Planet IT Center",
      "description" : "",
      "firstName" : "",
      "middleName" : "",
      "lastName" : "",
      "nickname" : "",
      "salutation" : "",
      "gender" : "",
      "type" : "C",
      "religion" : "",
      "dateOfBirth" : null,
      "placeOfBirth" : "",
      "socialSecurityNumber" : "",
      "socialSecurityDate" : null,
      "mediaObjectReference" : "",
      "lastUpdateDateTime" : "2017-12-17T00:00:00",
      "inputDateTime" : "2017-12-17T00:00:00",
      "_links" : {
        "self" : {
          "href" : "http://localhost/api/contacts/1432_0"
        },
        "contactPerson" : {
          "href" : "http://localhost/api/contacts/1432_0"
        },
        "master" : {
          "href" : "http://localhost/api/contacts/1432_0/master"
        }
      }
    }, {
      "inputUserId" : "QSA",
      "lastUpdateUserId" : "QSA",
      "computerId" : "GLSVR171217",
      "lastSynchronizedDate" : null,
      "addressNumber" : "1433",
      "sequence" : 0,
      "name" : "CV Prima Perkasa Engineering",
      "mailingName" : "CV Prima Perkasa Engineering",
      "description" : "",
      "firstName" : "",
      "middleName" : "",
      "lastName" : "",
      "nickname" : "",
      "salutation" : "",
      "gender" : "",
      "type" : "C",
      "religion" : "",
      "dateOfBirth" : null,
      "placeOfBirth" : "",
      "socialSecurityNumber" : "",
      "socialSecurityDate" : null,
      "mediaObjectReference" : "",
      "lastUpdateDateTime" : "2017-12-17T00:00:00",
      "inputDateTime" : "2017-12-17T00:00:00",
      "_links" : {
        "self" : {
          "href" : "http://localhost/api/contacts/1433_0"
        },
        "contactPerson" : {
          "href" : "http://localhost/api/contacts/1433_0"
        },
        "master" : {
          "href" : "http://localhost/api/contacts/1433_0/master"
        }
      }
    }, {
      "inputUserId" : "QSA",
      "lastUpdateUserId" : "QSA",
      "computerId" : "GLSVR171217",
      "lastSynchronizedDate" : null,
      "addressNumber" : "1434",
      "sequence" : 0,
      "name" : "CV Prima Technology",
      "mailingName" : "CV Prima Technology",
      "description" : "",
      "firstName" : "",
      "middleName" : "",
      "lastName" : "",
      "nickname" : "",
      "salutation" : "",
      "gender" : "",
      "type" : "C",
      "religion" : "",
      "dateOfBirth" : null,
      "placeOfBirth" : "",
      "socialSecurityNumber" : "",
      "socialSecurityDate" : null,
      "mediaObjectReference" : "",
      "lastUpdateDateTime" : "2017-12-17T00:00:00",
      "inputDateTime" : "2017-12-17T00:00:00",
      "_links" : {
        "self" : {
          "href" : "http://localhost/api/contacts/1434_0"
        },
        "contactPerson" : {
          "href" : "http://localhost/api/contacts/1434_0"
        },
        "master" : {
          "href" : "http://localhost/api/contacts/1434_0/master"
        }
      }
    }, {
      "inputUserId" : "QSA",
      "lastUpdateUserId" : "QSA",
      "computerId" : "GLSVR171217",
      "lastSynchronizedDate" : null,
      "addressNumber" : "1435",
      "sequence" : 0,
      "name" : "CV Primer Jaringan  Komputer",
      "mailingName" : "CV Primer Jaringan  Komputer",
      "description" : "",
      "firstName" : "",
      "middleName" : "",
      "lastName" : "",
      "nickname" : "",
      "salutation" : "",
      "gender" : "",
      "type" : "C",
      "religion" : "",
      "dateOfBirth" : null,
      "placeOfBirth" : "",
      "socialSecurityNumber" : "",
      "socialSecurityDate" : null,
      "mediaObjectReference" : "",
      "lastUpdateDateTime" : "2017-12-17T00:00:00",
      "inputDateTime" : "2017-12-17T00:00:00",
      "_links" : {
        "self" : {
          "href" : "http://localhost/api/contacts/1435_0"
        },
        "contactPerson" : {
          "href" : "http://localhost/api/contacts/1435_0"
        },
        "master" : {
          "href" : "http://localhost/api/contacts/1435_0/master"
        }
      }
    }, {
      "inputUserId" : "QSA",
      "lastUpdateUserId" : "QSA",
      "computerId" : "GLSVR171217",
      "lastSynchronizedDate" : null,
      "addressNumber" : "1436",
      "sequence" : 0,
      "name" : "CV Protech Solution",
      "mailingName" : "CV Protech Solution",
      "description" : "",
      "firstName" : "",
      "middleName" : "",
      "lastName" : "",
      "nickname" : "",
      "salutation" : "",
      "gender" : "",
      "type" : "C",
      "religion" : "",
      "dateOfBirth" : null,
      "placeOfBirth" : "",
      "socialSecurityNumber" : "",
      "socialSecurityDate" : null,
      "mediaObjectReference" : "",
      "lastUpdateDateTime" : "2017-12-17T00:00:00",
      "inputDateTime" : "2017-12-17T00:00:00",
      "_links" : {
        "self" : {
          "href" : "http://localhost/api/contacts/1436_0"
        },
        "contactPerson" : {
          "href" : "http://localhost/api/contacts/1436_0"
        },
        "master" : {
          "href" : "http://localhost/api/contacts/1436_0/master"
        }
      }
    }, {
      "inputUserId" : "QSA",
      "lastUpdateUserId" : "QSA",
      "computerId" : "GLSVR171217",
      "lastSynchronizedDate" : null,
      "addressNumber" : "1437",
      "sequence" : 0,
      "name" : "CV Putra Toba Abadi",
      "mailingName" : "CV Putra Toba Abadi",
      "description" : "",
      "firstName" : "",
      "middleName" : "",
      "lastName" : "",
      "nickname" : "",
      "salutation" : "",
      "gender" : "",
      "type" : "C",
      "religion" : "",
      "dateOfBirth" : null,
      "placeOfBirth" : "",
      "socialSecurityNumber" : "",
      "socialSecurityDate" : null,
      "mediaObjectReference" : "",
      "lastUpdateDateTime" : "2017-12-17T00:00:00",
      "inputDateTime" : "2017-12-17T00:00:00",
      "_links" : {
        "self" : {
          "href" : "http://localhost/api/contacts/1437_0"
        },
        "contactPerson" : {
          "href" : "http://localhost/api/contacts/1437_0"
        },
        "master" : {
          "href" : "http://localhost/api/contacts/1437_0/master"
        }
      }
    }, {
      "inputUserId" : "QSA",
      "lastUpdateUserId" : "QSA",
      "computerId" : "GLSVR171217",
      "lastSynchronizedDate" : null,
      "addressNumber" : "1438",
      "sequence" : 0,
      "name" : "CV Putra Visual",
      "mailingName" : "CV Putra Visual",
      "description" : "",
      "firstName" : "",
      "middleName" : "",
      "lastName" : "",
      "nickname" : "",
      "salutation" : "",
      "gender" : "",
      "type" : "C",
      "religion" : "",
      "dateOfBirth" : null,
      "placeOfBirth" : "",
      "socialSecurityNumber" : "",
      "socialSecurityDate" : null,
      "mediaObjectReference" : "",
      "lastUpdateDateTime" : "2017-12-17T00:00:00",
      "inputDateTime" : "2017-12-17T00:00:00",
      "_links" : {
        "self" : {
          "href" : "http://localhost/api/contacts/1438_0"
        },
        "contactPerson" : {
          "href" : "http://localhost/api/contacts/1438_0"
        },
        "master" : {
          "href" : "http://localhost/api/contacts/1438_0/master"
        }
      }
    }, {
      "inputUserId" : "QSA",
      "lastUpdateUserId" : "QSA",
      "computerId" : "GLSVR171217",
      "lastSynchronizedDate" : null,
      "addressNumber" : "1439",
      "sequence" : 0,
      "name" : "CV Putra WK Sejahtera",
      "mailingName" : "CV Putra WK Sejahtera",
      "description" : "",
      "firstName" : "",
      "middleName" : "",
      "lastName" : "",
      "nickname" : "",
      "salutation" : "",
      "gender" : "",
      "type" : "C",
      "religion" : "",
      "dateOfBirth" : null,
      "placeOfBirth" : "",
      "socialSecurityNumber" : "",
      "socialSecurityDate" : null,
      "mediaObjectReference" : "",
      "lastUpdateDateTime" : "2017-12-17T00:00:00",
      "inputDateTime" : "2017-12-17T00:00:00",
      "_links" : {
        "self" : {
          "href" : "http://localhost/api/contacts/1439_0"
        },
        "contactPerson" : {
          "href" : "http://localhost/api/contacts/1439_0"
        },
        "master" : {
          "href" : "http://localhost/api/contacts/1439_0/master"
        }
      }
    }, {
      "inputUserId" : "QSA",
      "lastUpdateUserId" : "QSA",
      "computerId" : "GLSVR171217",
      "lastSynchronizedDate" : null,
      "addressNumber" : "1440",
      "sequence" : 0,
      "name" : "CV Quantum Media Solusindo",
      "mailingName" : "CV Quantum Media Solusindo",
      "description" : "",
      "firstName" : "",
      "middleName" : "",
      "lastName" : "",
      "nickname" : "",
      "salutation" : "",
      "gender" : "",
      "type" : "C",
      "religion" : "",
      "dateOfBirth" : null,
      "placeOfBirth" : "",
      "socialSecurityNumber" : "",
      "socialSecurityDate" : null,
      "mediaObjectReference" : "",
      "lastUpdateDateTime" : "2017-12-17T00:00:00",
      "inputDateTime" : "2017-12-17T00:00:00",
      "_links" : {
        "self" : {
          "href" : "http://localhost/api/contacts/1440_0"
        },
        "contactPerson" : {
          "href" : "http://localhost/api/contacts/1440_0"
        },
        "master" : {
          "href" : "http://localhost/api/contacts/1440_0/master"
        }
      }
    }, {
      "inputUserId" : "QSA",
      "lastUpdateUserId" : "QSA",
      "computerId" : "GLSVR171217",
      "lastSynchronizedDate" : null,
      "addressNumber" : "1441",
      "sequence" : 0,
      "name" : "CV Rama Sakti",
      "mailingName" : "CV Rama Sakti",
      "description" : "",
      "firstName" : "",
      "middleName" : "",
      "lastName" : "",
      "nickname" : "",
      "salutation" : "",
      "gender" : "",
      "type" : "C",
      "religion" : "",
      "dateOfBirth" : null,
      "placeOfBirth" : "",
      "socialSecurityNumber" : "",
      "socialSecurityDate" : null,
      "mediaObjectReference" : "",
      "lastUpdateDateTime" : "2017-12-17T00:00:00",
      "inputDateTime" : "2017-12-17T00:00:00",
      "_links" : {
        "self" : {
          "href" : "http://localhost/api/contacts/1441_0"
        },
        "contactPerson" : {
          "href" : "http://localhost/api/contacts/1441_0"
        },
        "master" : {
          "href" : "http://localhost/api/contacts/1441_0/master"
        }
      }
    }, {
      "inputUserId" : "QSA",
      "lastUpdateUserId" : "QSA",
      "computerId" : "GLSVR171217",
      "lastSynchronizedDate" : null,
      "addressNumber" : "1442",
      "sequence" : 0,
      "name" : "CV Rinjaya Electrindo",
      "mailingName" : "CV Rinjaya Electrindo",
      "description" : "",
      "firstName" : "",
      "middleName" : "",
      "lastName" : "",
      "nickname" : "",
      "salutation" : "",
      "gender" : "",
      "type" : "C",
      "religion" : "",
      "dateOfBirth" : null,
      "placeOfBirth" : "",
      "socialSecurityNumber" : "",
      "socialSecurityDate" : null,
      "mediaObjectReference" : "",
      "lastUpdateDateTime" : "2017-12-17T00:00:00",
      "inputDateTime" : "2017-12-17T00:00:00",
      "_links" : {
        "self" : {
          "href" : "http://localhost/api/contacts/1442_0"
        },
        "contactPerson" : {
          "href" : "http://localhost/api/contacts/1442_0"
        },
        "master" : {
          "href" : "http://localhost/api/contacts/1442_0/master"
        }
      }
    }, {
      "inputUserId" : "QSA",
      "lastUpdateUserId" : "QSA",
      "computerId" : "GLSVR171217",
      "lastSynchronizedDate" : null,
      "addressNumber" : "1443",
      "sequence" : 0,
      "name" : "CV Sarana Bakti Utama",
      "mailingName" : "CV Sarana Bakti Utama",
      "description" : "",
      "firstName" : "",
      "middleName" : "",
      "lastName" : "",
      "nickname" : "",
      "salutation" : "",
      "gender" : "",
      "type" : "C",
      "religion" : "",
      "dateOfBirth" : null,
      "placeOfBirth" : "",
      "socialSecurityNumber" : "",
      "socialSecurityDate" : null,
      "mediaObjectReference" : "",
      "lastUpdateDateTime" : "2017-12-17T00:00:00",
      "inputDateTime" : "2017-12-17T00:00:00",
      "_links" : {
        "self" : {
          "href" : "http://localhost/api/contacts/1443_0"
        },
        "contactPerson" : {
          "href" : "http://localhost/api/contacts/1443_0"
        },
        "master" : {
          "href" : "http://localhost/api/contacts/1443_0/master"
        }
      }
    }, {
      "inputUserId" : "QSA",
      "lastUpdateUserId" : "QSA",
      "computerId" : "GLSVR171217",
      "lastSynchronizedDate" : null,
      "addressNumber" : "1444",
      "sequence" : 0,
      "name" : "CV Scomptec",
      "mailingName" : "CV Scomptec",
      "description" : "",
      "firstName" : "",
      "middleName" : "",
      "lastName" : "",
      "nickname" : "",
      "salutation" : "",
      "gender" : "",
      "type" : "C",
      "religion" : "",
      "dateOfBirth" : null,
      "placeOfBirth" : "",
      "socialSecurityNumber" : "",
      "socialSecurityDate" : null,
      "mediaObjectReference" : "",
      "lastUpdateDateTime" : "2017-12-17T00:00:00",
      "inputDateTime" : "2017-12-17T00:00:00",
      "_links" : {
        "self" : {
          "href" : "http://localhost/api/contacts/1444_0"
        },
        "contactPerson" : {
          "href" : "http://localhost/api/contacts/1444_0"
        },
        "master" : {
          "href" : "http://localhost/api/contacts/1444_0/master"
        }
      }
    }, {
      "inputUserId" : "QSA",
      "lastUpdateUserId" : "QSA",
      "computerId" : "GLSVR171217",
      "lastSynchronizedDate" : null,
      "addressNumber" : "1445",
      "sequence" : 0,
      "name" : "CV Sejahtera Gemilang",
      "mailingName" : "CV Sejahtera Gemilang",
      "description" : "",
      "firstName" : "",
      "middleName" : "",
      "lastName" : "",
      "nickname" : "",
      "salutation" : "",
      "gender" : "",
      "type" : "C",
      "religion" : "",
      "dateOfBirth" : null,
      "placeOfBirth" : "",
      "socialSecurityNumber" : "",
      "socialSecurityDate" : null,
      "mediaObjectReference" : "",
      "lastUpdateDateTime" : "2017-12-17T00:00:00",
      "inputDateTime" : "2017-12-17T00:00:00",
      "_links" : {
        "self" : {
          "href" : "http://localhost/api/contacts/1445_0"
        },
        "contactPerson" : {
          "href" : "http://localhost/api/contacts/1445_0"
        },
        "master" : {
          "href" : "http://localhost/api/contacts/1445_0/master"
        }
      }
    }, {
      "inputUserId" : "QSA",
      "lastUpdateUserId" : "QSA",
      "computerId" : "GLSVR171217",
      "lastSynchronizedDate" : null,
      "addressNumber" : "1446",
      "sequence" : 0,
      "name" : "CV Sentra Media",
      "mailingName" : "CV Sentra Media",
      "description" : "",
      "firstName" : "",
      "middleName" : "",
      "lastName" : "",
      "nickname" : "",
      "salutation" : "",
      "gender" : "",
      "type" : "C",
      "religion" : "",
      "dateOfBirth" : null,
      "placeOfBirth" : "",
      "socialSecurityNumber" : "",
      "socialSecurityDate" : null,
      "mediaObjectReference" : "",
      "lastUpdateDateTime" : "2017-12-17T00:00:00",
      "inputDateTime" : "2017-12-17T00:00:00",
      "_links" : {
        "self" : {
          "href" : "http://localhost/api/contacts/1446_0"
        },
        "contactPerson" : {
          "href" : "http://localhost/api/contacts/1446_0"
        },
        "master" : {
          "href" : "http://localhost/api/contacts/1446_0/master"
        }
      }
    }, {
      "inputUserId" : "QSA",
      "lastUpdateUserId" : "QSA",
      "computerId" : "GLSVR171217",
      "lastSynchronizedDate" : null,
      "addressNumber" : "1447",
      "sequence" : 0,
      "name" : "CV SIDA UTAMA",
      "mailingName" : "CV SIDA UTAMA",
      "description" : "",
      "firstName" : "",
      "middleName" : "",
      "lastName" : "",
      "nickname" : "",
      "salutation" : "",
      "gender" : "",
      "type" : "C",
      "religion" : "",
      "dateOfBirth" : null,
      "placeOfBirth" : "",
      "socialSecurityNumber" : "",
      "socialSecurityDate" : null,
      "mediaObjectReference" : "",
      "lastUpdateDateTime" : "2017-12-17T00:00:00",
      "inputDateTime" : "2017-12-17T00:00:00",
      "_links" : {
        "self" : {
          "href" : "http://localhost/api/contacts/1447_0"
        },
        "contactPerson" : {
          "href" : "http://localhost/api/contacts/1447_0"
        },
        "master" : {
          "href" : "http://localhost/api/contacts/1447_0/master"
        }
      }
    }, {
      "inputUserId" : "QSA",
      "lastUpdateUserId" : "QSA",
      "computerId" : "GLSVR171217",
      "lastSynchronizedDate" : null,
      "addressNumber" : "1448",
      "sequence" : 0,
      "name" : "CV Sinar Baja",
      "mailingName" : "CV Sinar Baja",
      "description" : "",
      "firstName" : "",
      "middleName" : "",
      "lastName" : "",
      "nickname" : "",
      "salutation" : "",
      "gender" : "",
      "type" : "C",
      "religion" : "",
      "dateOfBirth" : null,
      "placeOfBirth" : "",
      "socialSecurityNumber" : "",
      "socialSecurityDate" : null,
      "mediaObjectReference" : "",
      "lastUpdateDateTime" : "2017-12-17T00:00:00",
      "inputDateTime" : "2017-12-17T00:00:00",
      "_links" : {
        "self" : {
          "href" : "http://localhost/api/contacts/1448_0"
        },
        "contactPerson" : {
          "href" : "http://localhost/api/contacts/1448_0"
        },
        "master" : {
          "href" : "http://localhost/api/contacts/1448_0/master"
        }
      }
    }, {
      "inputUserId" : "QSA",
      "lastUpdateUserId" : "QSA",
      "computerId" : "GLSVR171217",
      "lastSynchronizedDate" : null,
      "addressNumber" : "1449",
      "sequence" : 0,
      "name" : "CV Sinar Mulia",
      "mailingName" : "CV Sinar Mulia",
      "description" : "",
      "firstName" : "",
      "middleName" : "",
      "lastName" : "",
      "nickname" : "",
      "salutation" : "",
      "gender" : "",
      "type" : "C",
      "religion" : "",
      "dateOfBirth" : null,
      "placeOfBirth" : "",
      "socialSecurityNumber" : "",
      "socialSecurityDate" : null,
      "mediaObjectReference" : "",
      "lastUpdateDateTime" : "2017-12-17T00:00:00",
      "inputDateTime" : "2017-12-17T00:00:00",
      "_links" : {
        "self" : {
          "href" : "http://localhost/api/contacts/1449_0"
        },
        "contactPerson" : {
          "href" : "http://localhost/api/contacts/1449_0"
        },
        "master" : {
          "href" : "http://localhost/api/contacts/1449_0/master"
        }
      }
    }, {
      "inputUserId" : "QSA",
      "lastUpdateUserId" : "QSA",
      "computerId" : "GLSVR171217",
      "lastSynchronizedDate" : null,
      "addressNumber" : "1450",
      "sequence" : 0,
      "name" : "CV Sinar Solusi Teknik",
      "mailingName" : "CV Sinar Solusi Teknik",
      "description" : "",
      "firstName" : "",
      "middleName" : "",
      "lastName" : "",
      "nickname" : "",
      "salutation" : "",
      "gender" : "",
      "type" : "C",
      "religion" : "",
      "dateOfBirth" : null,
      "placeOfBirth" : "",
      "socialSecurityNumber" : "",
      "socialSecurityDate" : null,
      "mediaObjectReference" : "",
      "lastUpdateDateTime" : "2017-12-17T00:00:00",
      "inputDateTime" : "2017-12-17T00:00:00",
      "_links" : {
        "self" : {
          "href" : "http://localhost/api/contacts/1450_0"
        },
        "contactPerson" : {
          "href" : "http://localhost/api/contacts/1450_0"
        },
        "master" : {
          "href" : "http://localhost/api/contacts/1450_0/master"
        }
      }
    }, {
      "inputUserId" : "QSA",
      "lastUpdateUserId" : "QSA",
      "computerId" : "GLSVR171217",
      "lastSynchronizedDate" : null,
      "addressNumber" : "1451",
      "sequence" : 0,
      "name" : "CV Suaka Bimantara",
      "mailingName" : "CV Suaka Bimantara",
      "description" : "",
      "firstName" : "",
      "middleName" : "",
      "lastName" : "",
      "nickname" : "",
      "salutation" : "",
      "gender" : "",
      "type" : "C",
      "religion" : "",
      "dateOfBirth" : null,
      "placeOfBirth" : "",
      "socialSecurityNumber" : "",
      "socialSecurityDate" : null,
      "mediaObjectReference" : "",
      "lastUpdateDateTime" : "2017-12-17T00:00:00",
      "inputDateTime" : "2017-12-17T00:00:00",
      "_links" : {
        "self" : {
          "href" : "http://localhost/api/contacts/1451_0"
        },
        "contactPerson" : {
          "href" : "http://localhost/api/contacts/1451_0"
        },
        "master" : {
          "href" : "http://localhost/api/contacts/1451_0/master"
        }
      }
    }, {
      "inputUserId" : "QSA",
      "lastUpdateUserId" : "QSA",
      "computerId" : "GLSVR171217",
      "lastSynchronizedDate" : null,
      "addressNumber" : "1452",
      "sequence" : 0,
      "name" : "CV Sukses Makmur Bersama",
      "mailingName" : "CV Sukses Makmur Bersama",
      "description" : "",
      "firstName" : "",
      "middleName" : "",
      "lastName" : "",
      "nickname" : "",
      "salutation" : "",
      "gender" : "",
      "type" : "C",
      "religion" : "",
      "dateOfBirth" : null,
      "placeOfBirth" : "",
      "socialSecurityNumber" : "",
      "socialSecurityDate" : null,
      "mediaObjectReference" : "",
      "lastUpdateDateTime" : "2017-12-17T00:00:00",
      "inputDateTime" : "2017-12-17T00:00:00",
      "_links" : {
        "self" : {
          "href" : "http://localhost/api/contacts/1452_0"
        },
        "contactPerson" : {
          "href" : "http://localhost/api/contacts/1452_0"
        },
        "master" : {
          "href" : "http://localhost/api/contacts/1452_0/master"
        }
      }
    }, {
      "inputUserId" : "QSA",
      "lastUpdateUserId" : "QSA",
      "computerId" : "GLSVR171217",
      "lastSynchronizedDate" : null,
      "addressNumber" : "1453",
      "sequence" : 0,
      "name" : "CV Sukses Sejati Computama",
      "mailingName" : "CV Sukses Sejati Computama",
      "description" : "",
      "firstName" : "",
      "middleName" : "",
      "lastName" : "",
      "nickname" : "",
      "salutation" : "",
      "gender" : "",
      "type" : "C",
      "religion" : "",
      "dateOfBirth" : null,
      "placeOfBirth" : "",
      "socialSecurityNumber" : "",
      "socialSecurityDate" : null,
      "mediaObjectReference" : "",
      "lastUpdateDateTime" : "2017-12-17T00:00:00",
      "inputDateTime" : "2017-12-17T00:00:00",
      "_links" : {
        "self" : {
          "href" : "http://localhost/api/contacts/1453_0"
        },
        "contactPerson" : {
          "href" : "http://localhost/api/contacts/1453_0"
        },
        "master" : {
          "href" : "http://localhost/api/contacts/1453_0/master"
        }
      }
    }, {
      "inputUserId" : "QSA",
      "lastUpdateUserId" : "QSA",
      "computerId" : "GLSVR171217",
      "lastSynchronizedDate" : null,
      "addressNumber" : "1454",
      "sequence" : 0,
      "name" : "CV Surya Globe",
      "mailingName" : "CV Surya Globe",
      "description" : "",
      "firstName" : "",
      "middleName" : "",
      "lastName" : "",
      "nickname" : "",
      "salutation" : "",
      "gender" : "",
      "type" : "C",
      "religion" : "",
      "dateOfBirth" : null,
      "placeOfBirth" : "",
      "socialSecurityNumber" : "",
      "socialSecurityDate" : null,
      "mediaObjectReference" : "",
      "lastUpdateDateTime" : "2017-12-17T00:00:00",
      "inputDateTime" : "2017-12-17T00:00:00",
      "_links" : {
        "self" : {
          "href" : "http://localhost/api/contacts/1454_0"
        },
        "contactPerson" : {
          "href" : "http://localhost/api/contacts/1454_0"
        },
        "master" : {
          "href" : "http://localhost/api/contacts/1454_0/master"
        }
      }
    }, {
      "inputUserId" : "QSA",
      "lastUpdateUserId" : "QSA",
      "computerId" : "GLSVR171217",
      "lastSynchronizedDate" : null,
      "addressNumber" : "1455",
      "sequence" : 0,
      "name" : "CV Surya Kawitan",
      "mailingName" : "CV Surya Kawitan",
      "description" : "",
      "firstName" : "",
      "middleName" : "",
      "lastName" : "",
      "nickname" : "",
      "salutation" : "",
      "gender" : "",
      "type" : "C",
      "religion" : "",
      "dateOfBirth" : null,
      "placeOfBirth" : "",
      "socialSecurityNumber" : "",
      "socialSecurityDate" : null,
      "mediaObjectReference" : "",
      "lastUpdateDateTime" : "2017-12-17T00:00:00",
      "inputDateTime" : "2017-12-17T00:00:00",
      "_links" : {
        "self" : {
          "href" : "http://localhost/api/contacts/1455_0"
        },
        "contactPerson" : {
          "href" : "http://localhost/api/contacts/1455_0"
        },
        "master" : {
          "href" : "http://localhost/api/contacts/1455_0/master"
        }
      }
    }, {
      "inputUserId" : "QSA",
      "lastUpdateUserId" : "QSA",
      "computerId" : "GLSVR171217",
      "lastSynchronizedDate" : null,
      "addressNumber" : "1456",
      "sequence" : 0,
      "name" : "CV Terang Jaya",
      "mailingName" : "CV Terang Jaya",
      "description" : "",
      "firstName" : "",
      "middleName" : "",
      "lastName" : "",
      "nickname" : "",
      "salutation" : "",
      "gender" : "",
      "type" : "C",
      "religion" : "",
      "dateOfBirth" : null,
      "placeOfBirth" : "",
      "socialSecurityNumber" : "",
      "socialSecurityDate" : null,
      "mediaObjectReference" : "",
      "lastUpdateDateTime" : "2017-12-17T00:00:00",
      "inputDateTime" : "2017-12-17T00:00:00",
      "_links" : {
        "self" : {
          "href" : "http://localhost/api/contacts/1456_0"
        },
        "contactPerson" : {
          "href" : "http://localhost/api/contacts/1456_0"
        },
        "master" : {
          "href" : "http://localhost/api/contacts/1456_0/master"
        }
      }
    }, {
      "inputUserId" : "QSA",
      "lastUpdateUserId" : "QSA",
      "computerId" : "GLSVR171217",
      "lastSynchronizedDate" : null,
      "addressNumber" : "1457",
      "sequence" : 0,
      "name" : "CV Tiara Anugrah",
      "mailingName" : "CV Tiara Anugrah",
      "description" : "",
      "firstName" : "",
      "middleName" : "",
      "lastName" : "",
      "nickname" : "",
      "salutation" : "",
      "gender" : "",
      "type" : "C",
      "religion" : "",
      "dateOfBirth" : null,
      "placeOfBirth" : "",
      "socialSecurityNumber" : "",
      "socialSecurityDate" : null,
      "mediaObjectReference" : "",
      "lastUpdateDateTime" : "2017-12-17T00:00:00",
      "inputDateTime" : "2017-12-17T00:00:00",
      "_links" : {
        "self" : {
          "href" : "http://localhost/api/contacts/1457_0"
        },
        "contactPerson" : {
          "href" : "http://localhost/api/contacts/1457_0"
        },
        "master" : {
          "href" : "http://localhost/api/contacts/1457_0/master"
        }
      }
    }, {
      "inputUserId" : "QSA",
      "lastUpdateUserId" : "QSA",
      "computerId" : "GLSVR171217",
      "lastSynchronizedDate" : null,
      "addressNumber" : "1458",
      "sequence" : 0,
      "name" : "CV Tiara Anugrah Solusindo Komputama",
      "mailingName" : "CV Tiara Anugrah Solusindo Komputama",
      "description" : "",
      "firstName" : "",
      "middleName" : "",
      "lastName" : "",
      "nickname" : "",
      "salutation" : "",
      "gender" : "",
      "type" : "C",
      "religion" : "",
      "dateOfBirth" : null,
      "placeOfBirth" : "",
      "socialSecurityNumber" : "",
      "socialSecurityDate" : null,
      "mediaObjectReference" : "",
      "lastUpdateDateTime" : "2017-12-17T00:00:00",
      "inputDateTime" : "2017-12-17T00:00:00",
      "_links" : {
        "self" : {
          "href" : "http://localhost/api/contacts/1458_0"
        },
        "contactPerson" : {
          "href" : "http://localhost/api/contacts/1458_0"
        },
        "master" : {
          "href" : "http://localhost/api/contacts/1458_0/master"
        }
      }
    }, {
      "inputUserId" : "QSA",
      "lastUpdateUserId" : "QSA",
      "computerId" : "GLSVR171217",
      "lastSynchronizedDate" : null,
      "addressNumber" : "1459",
      "sequence" : 0,
      "name" : "CV Tri Teknika",
      "mailingName" : "CV Tri Teknika",
      "description" : "",
      "firstName" : "",
      "middleName" : "",
      "lastName" : "",
      "nickname" : "",
      "salutation" : "",
      "gender" : "",
      "type" : "C",
      "religion" : "",
      "dateOfBirth" : null,
      "placeOfBirth" : "",
      "socialSecurityNumber" : "",
      "socialSecurityDate" : null,
      "mediaObjectReference" : "",
      "lastUpdateDateTime" : "2017-12-17T00:00:00",
      "inputDateTime" : "2017-12-17T00:00:00",
      "_links" : {
        "self" : {
          "href" : "http://localhost/api/contacts/1459_0"
        },
        "contactPerson" : {
          "href" : "http://localhost/api/contacts/1459_0"
        },
        "master" : {
          "href" : "http://localhost/api/contacts/1459_0/master"
        }
      }
    }, {
      "inputUserId" : "QSA",
      "lastUpdateUserId" : "QSA",
      "computerId" : "GLSVR171217",
      "lastSynchronizedDate" : null,
      "addressNumber" : "1460",
      "sequence" : 0,
      "name" : "CV Trijaya Teknik",
      "mailingName" : "CV Trijaya Teknik",
      "description" : "",
      "firstName" : "",
      "middleName" : "",
      "lastName" : "",
      "nickname" : "",
      "salutation" : "",
      "gender" : "",
      "type" : "C",
      "religion" : "",
      "dateOfBirth" : null,
      "placeOfBirth" : "",
      "socialSecurityNumber" : "",
      "socialSecurityDate" : null,
      "mediaObjectReference" : "",
      "lastUpdateDateTime" : "2017-12-17T00:00:00",
      "inputDateTime" : "2017-12-17T00:00:00",
      "_links" : {
        "self" : {
          "href" : "http://localhost/api/contacts/1460_0"
        },
        "contactPerson" : {
          "href" : "http://localhost/api/contacts/1460_0"
        },
        "master" : {
          "href" : "http://localhost/api/contacts/1460_0/master"
        }
      }
    }, {
      "inputUserId" : "QSA",
      "lastUpdateUserId" : "QSA",
      "computerId" : "GLSVR171217",
      "lastSynchronizedDate" : null,
      "addressNumber" : "1461",
      "sequence" : 0,
      "name" : "CV Tunggal Opti Persada",
      "mailingName" : "CV Tunggal Opti Persada",
      "description" : "",
      "firstName" : "",
      "middleName" : "",
      "lastName" : "",
      "nickname" : "",
      "salutation" : "",
      "gender" : "",
      "type" : "C",
      "religion" : "",
      "dateOfBirth" : null,
      "placeOfBirth" : "",
      "socialSecurityNumber" : "",
      "socialSecurityDate" : null,
      "mediaObjectReference" : "",
      "lastUpdateDateTime" : "2017-12-17T00:00:00",
      "inputDateTime" : "2017-12-17T00:00:00",
      "_links" : {
        "self" : {
          "href" : "http://localhost/api/contacts/1461_0"
        },
        "contactPerson" : {
          "href" : "http://localhost/api/contacts/1461_0"
        },
        "master" : {
          "href" : "http://localhost/api/contacts/1461_0/master"
        }
      }
    }, {
      "inputUserId" : "QSA",
      "lastUpdateUserId" : "QSA",
      "computerId" : "GLSVR171217",
      "lastSynchronizedDate" : null,
      "addressNumber" : "1461",
      "sequence" : 1,
      "name" : "Ibu Ani",
      "mailingName" : "Ibu Ani",
      "description" : "",
      "firstName" : "",
      "middleName" : "",
      "lastName" : "",
      "nickname" : "",
      "salutation" : "",
      "gender" : "",
      "type" : "C",
      "religion" : "",
      "dateOfBirth" : null,
      "placeOfBirth" : "",
      "socialSecurityNumber" : "",
      "socialSecurityDate" : null,
      "mediaObjectReference" : "",
      "lastUpdateDateTime" : "2017-12-17T00:00:00",
      "inputDateTime" : "2017-12-17T00:00:00",
      "_links" : {
        "self" : {
          "href" : "http://localhost/api/contacts/1461_1"
        },
        "contactPerson" : {
          "href" : "http://localhost/api/contacts/1461_1"
        },
        "master" : {
          "href" : "http://localhost/api/contacts/1461_1/master"
        }
      }
    }, {
      "inputUserId" : "QSA",
      "lastUpdateUserId" : "QSA",
      "computerId" : "GLSVR171217",
      "lastSynchronizedDate" : null,
      "addressNumber" : "1462",
      "sequence" : 0,
      "name" : "CV Vartek Indo Pratama",
      "mailingName" : "CV Vartek Indo Pratama",
      "description" : "",
      "firstName" : "",
      "middleName" : "",
      "lastName" : "",
      "nickname" : "",
      "salutation" : "",
      "gender" : "",
      "type" : "C",
      "religion" : "",
      "dateOfBirth" : null,
      "placeOfBirth" : "",
      "socialSecurityNumber" : "",
      "socialSecurityDate" : null,
      "mediaObjectReference" : "",
      "lastUpdateDateTime" : "2017-12-17T00:00:00",
      "inputDateTime" : "2017-12-17T00:00:00",
      "_links" : {
        "self" : {
          "href" : "http://localhost/api/contacts/1462_0"
        },
        "contactPerson" : {
          "href" : "http://localhost/api/contacts/1462_0"
        },
        "master" : {
          "href" : "http://localhost/api/contacts/1462_0/master"
        }
      }
    }, {
      "inputUserId" : "QSA",
      "lastUpdateUserId" : "QSA",
      "computerId" : "GLSVR171217",
      "lastSynchronizedDate" : null,
      "addressNumber" : "1463",
      "sequence" : 0,
      "name" : "CV VIP Technologies",
      "mailingName" : "CV VIP Technologies",
      "description" : "",
      "firstName" : "",
      "middleName" : "",
      "lastName" : "",
      "nickname" : "",
      "salutation" : "",
      "gender" : "",
      "type" : "C",
      "religion" : "",
      "dateOfBirth" : null,
      "placeOfBirth" : "",
      "socialSecurityNumber" : "",
      "socialSecurityDate" : null,
      "mediaObjectReference" : "",
      "lastUpdateDateTime" : "2017-12-17T00:00:00",
      "inputDateTime" : "2017-12-17T00:00:00",
      "_links" : {
        "self" : {
          "href" : "http://localhost/api/contacts/1463_0"
        },
        "contactPerson" : {
          "href" : "http://localhost/api/contacts/1463_0"
        },
        "master" : {
          "href" : "http://localhost/api/contacts/1463_0/master"
        }
      }
    }, {
      "inputUserId" : "QSA",
      "lastUpdateUserId" : "QSA",
      "computerId" : "GLSVR171217",
      "lastSynchronizedDate" : null,
      "addressNumber" : "1464",
      "sequence" : 0,
      "name" : "CV Wijayatama",
      "mailingName" : "CV Wijayatama",
      "description" : "",
      "firstName" : "",
      "middleName" : "",
      "lastName" : "",
      "nickname" : "",
      "salutation" : "",
      "gender" : "",
      "type" : "C",
      "religion" : "",
      "dateOfBirth" : null,
      "placeOfBirth" : "",
      "socialSecurityNumber" : "",
      "socialSecurityDate" : null,
      "mediaObjectReference" : "",
      "lastUpdateDateTime" : "2017-12-17T00:00:00",
      "inputDateTime" : "2017-12-17T00:00:00",
      "_links" : {
        "self" : {
          "href" : "http://localhost/api/contacts/1464_0"
        },
        "contactPerson" : {
          "href" : "http://localhost/api/contacts/1464_0"
        },
        "master" : {
          "href" : "http://localhost/api/contacts/1464_0/master"
        }
      }
    }, {
      "inputUserId" : "QSA",
      "lastUpdateUserId" : "QSA",
      "computerId" : "GLSVR171217",
      "lastSynchronizedDate" : null,
      "addressNumber" : "1465",
      "sequence" : 0,
      "name" : "CV Wira Buana",
      "mailingName" : "CV Wira Buana",
      "description" : "",
      "firstName" : "",
      "middleName" : "",
      "lastName" : "",
      "nickname" : "",
      "salutation" : "",
      "gender" : "",
      "type" : "C",
      "religion" : "",
      "dateOfBirth" : null,
      "placeOfBirth" : "",
      "socialSecurityNumber" : "",
      "socialSecurityDate" : null,
      "mediaObjectReference" : "",
      "lastUpdateDateTime" : "2017-12-17T00:00:00",
      "inputDateTime" : "2017-12-17T00:00:00",
      "_links" : {
        "self" : {
          "href" : "http://localhost/api/contacts/1465_0"
        },
        "contactPerson" : {
          "href" : "http://localhost/api/contacts/1465_0"
        },
        "master" : {
          "href" : "http://localhost/api/contacts/1465_0/master"
        }
      }
    }, {
      "inputUserId" : "QSA",
      "lastUpdateUserId" : "QSA",
      "computerId" : "GLSVR171217",
      "lastSynchronizedDate" : null,
      "addressNumber" : "1466",
      "sequence" : 0,
      "name" : "Cyber Tech",
      "mailingName" : "Cyber Tech",
      "description" : "",
      "firstName" : "",
      "middleName" : "",
      "lastName" : "",
      "nickname" : "",
      "salutation" : "",
      "gender" : "",
      "type" : "C",
      "religion" : "",
      "dateOfBirth" : null,
      "placeOfBirth" : "",
      "socialSecurityNumber" : "",
      "socialSecurityDate" : null,
      "mediaObjectReference" : "",
      "lastUpdateDateTime" : "2017-12-17T00:00:00",
      "inputDateTime" : "2017-12-17T00:00:00",
      "_links" : {
        "self" : {
          "href" : "http://localhost/api/contacts/1466_0"
        },
        "contactPerson" : {
          "href" : "http://localhost/api/contacts/1466_0"
        },
        "master" : {
          "href" : "http://localhost/api/contacts/1466_0/master"
        }
      }
    }, {
      "inputUserId" : "QSA",
      "lastUpdateUserId" : "QSA",
      "computerId" : "GLSVR171217",
      "lastSynchronizedDate" : null,
      "addressNumber" : "1467",
      "sequence" : 0,
      "name" : "D.Comp",
      "mailingName" : "D.Comp",
      "description" : "",
      "firstName" : "",
      "middleName" : "",
      "lastName" : "",
      "nickname" : "",
      "salutation" : "",
      "gender" : "",
      "type" : "C",
      "religion" : "",
      "dateOfBirth" : null,
      "placeOfBirth" : "",
      "socialSecurityNumber" : "",
      "socialSecurityDate" : null,
      "mediaObjectReference" : "",
      "lastUpdateDateTime" : "2017-12-17T00:00:00",
      "inputDateTime" : "2017-12-17T00:00:00",
      "_links" : {
        "self" : {
          "href" : "http://localhost/api/contacts/1467_0"
        },
        "contactPerson" : {
          "href" : "http://localhost/api/contacts/1467_0"
        },
        "master" : {
          "href" : "http://localhost/api/contacts/1467_0/master"
        }
      }
    }, {
      "inputUserId" : "QSA",
      "lastUpdateUserId" : "QSA",
      "computerId" : "GLSVR171217",
      "lastSynchronizedDate" : null,
      "addressNumber" : "1468",
      "sequence" : 0,
      "name" : "D2d Computer",
      "mailingName" : "D2d Computer",
      "description" : "",
      "firstName" : "",
      "middleName" : "",
      "lastName" : "",
      "nickname" : "",
      "salutation" : "",
      "gender" : "",
      "type" : "C",
      "religion" : "",
      "dateOfBirth" : null,
      "placeOfBirth" : "",
      "socialSecurityNumber" : "",
      "socialSecurityDate" : null,
      "mediaObjectReference" : "",
      "lastUpdateDateTime" : "2017-12-17T00:00:00",
      "inputDateTime" : "2017-12-17T00:00:00",
      "_links" : {
        "self" : {
          "href" : "http://localhost/api/contacts/1468_0"
        },
        "contactPerson" : {
          "href" : "http://localhost/api/contacts/1468_0"
        },
        "master" : {
          "href" : "http://localhost/api/contacts/1468_0/master"
        }
      }
    }, {
      "inputUserId" : "QSA",
      "lastUpdateUserId" : "QSA",
      "computerId" : "GLSVR171217",
      "lastSynchronizedDate" : null,
      "addressNumber" : "1469",
      "sequence" : 0,
      "name" : "Dadang Aji",
      "mailingName" : "Dadang Aji",
      "description" : "",
      "firstName" : "",
      "middleName" : "",
      "lastName" : "",
      "nickname" : "",
      "salutation" : "",
      "gender" : "",
      "type" : "C",
      "religion" : "",
      "dateOfBirth" : null,
      "placeOfBirth" : "",
      "socialSecurityNumber" : "",
      "socialSecurityDate" : null,
      "mediaObjectReference" : "",
      "lastUpdateDateTime" : "2017-12-17T00:00:00",
      "inputDateTime" : "2017-12-17T00:00:00",
      "_links" : {
        "self" : {
          "href" : "http://localhost/api/contacts/1469_0"
        },
        "contactPerson" : {
          "href" : "http://localhost/api/contacts/1469_0"
        },
        "master" : {
          "href" : "http://localhost/api/contacts/1469_0/master"
        }
      }
    }, {
      "inputUserId" : "QSA",
      "lastUpdateUserId" : "QSA",
      "computerId" : "GLSVR171217",
      "lastSynchronizedDate" : null,
      "addressNumber" : "1470",
      "sequence" : 0,
      "name" : "Dani",
      "mailingName" : "Dani",
      "description" : "",
      "firstName" : "",
      "middleName" : "",
      "lastName" : "",
      "nickname" : "",
      "salutation" : "",
      "gender" : "",
      "type" : "C",
      "religion" : "",
      "dateOfBirth" : null,
      "placeOfBirth" : "",
      "socialSecurityNumber" : "",
      "socialSecurityDate" : null,
      "mediaObjectReference" : "",
      "lastUpdateDateTime" : "2017-12-17T00:00:00",
      "inputDateTime" : "2017-12-17T00:00:00",
      "_links" : {
        "self" : {
          "href" : "http://localhost/api/contacts/1470_0"
        },
        "contactPerson" : {
          "href" : "http://localhost/api/contacts/1470_0"
        },
        "master" : {
          "href" : "http://localhost/api/contacts/1470_0/master"
        }
      }
    }, {
      "inputUserId" : "QSA",
      "lastUpdateUserId" : "QSA",
      "computerId" : "GLSVR171217",
      "lastSynchronizedDate" : null,
      "addressNumber" : "1471",
      "sequence" : 0,
      "name" : "Daniel",
      "mailingName" : "Daniel",
      "description" : "",
      "firstName" : "",
      "middleName" : "",
      "lastName" : "",
      "nickname" : "",
      "salutation" : "",
      "gender" : "",
      "type" : "C",
      "religion" : "",
      "dateOfBirth" : null,
      "placeOfBirth" : "",
      "socialSecurityNumber" : "",
      "socialSecurityDate" : null,
      "mediaObjectReference" : "",
      "lastUpdateDateTime" : "2017-12-17T00:00:00",
      "inputDateTime" : "2017-12-17T00:00:00",
      "_links" : {
        "self" : {
          "href" : "http://localhost/api/contacts/1471_0"
        },
        "contactPerson" : {
          "href" : "http://localhost/api/contacts/1471_0"
        },
        "master" : {
          "href" : "http://localhost/api/contacts/1471_0/master"
        }
      }
    }, {
      "inputUserId" : "QSA",
      "lastUpdateUserId" : "QSA",
      "computerId" : "GLSVR171217",
      "lastSynchronizedDate" : null,
      "addressNumber" : "1472",
      "sequence" : 0,
      "name" : "Daniel",
      "mailingName" : "Daniel",
      "description" : "",
      "firstName" : "",
      "middleName" : "",
      "lastName" : "",
      "nickname" : "",
      "salutation" : "",
      "gender" : "",
      "type" : "C",
      "religion" : "",
      "dateOfBirth" : null,
      "placeOfBirth" : "",
      "socialSecurityNumber" : "",
      "socialSecurityDate" : null,
      "mediaObjectReference" : "",
      "lastUpdateDateTime" : "2017-12-17T00:00:00",
      "inputDateTime" : "2017-12-17T00:00:00",
      "_links" : {
        "self" : {
          "href" : "http://localhost/api/contacts/1472_0"
        },
        "contactPerson" : {
          "href" : "http://localhost/api/contacts/1472_0"
        },
        "master" : {
          "href" : "http://localhost/api/contacts/1472_0/master"
        }
      }
    }, {
      "inputUserId" : "QSA",
      "lastUpdateUserId" : "QSA",
      "computerId" : "GLSVR171217",
      "lastSynchronizedDate" : null,
      "addressNumber" : "1473",
      "sequence" : 0,
      "name" : "Danu",
      "mailingName" : "Danu",
      "description" : "",
      "firstName" : "",
      "middleName" : "",
      "lastName" : "",
      "nickname" : "",
      "salutation" : "",
      "gender" : "",
      "type" : "C",
      "religion" : "",
      "dateOfBirth" : null,
      "placeOfBirth" : "",
      "socialSecurityNumber" : "",
      "socialSecurityDate" : null,
      "mediaObjectReference" : "",
      "lastUpdateDateTime" : "2017-12-17T00:00:00",
      "inputDateTime" : "2017-12-17T00:00:00",
      "_links" : {
        "self" : {
          "href" : "http://localhost/api/contacts/1473_0"
        },
        "contactPerson" : {
          "href" : "http://localhost/api/contacts/1473_0"
        },
        "master" : {
          "href" : "http://localhost/api/contacts/1473_0/master"
        }
      }
    }, {
      "inputUserId" : "QSA",
      "lastUpdateUserId" : "QSA",
      "computerId" : "GLSVR171217",
      "lastSynchronizedDate" : null,
      "addressNumber" : "1474",
      "sequence" : 0,
      "name" : "Dari",
      "mailingName" : "Dari",
      "description" : "",
      "firstName" : "",
      "middleName" : "",
      "lastName" : "",
      "nickname" : "",
      "salutation" : "",
      "gender" : "",
      "type" : "C",
      "religion" : "",
      "dateOfBirth" : null,
      "placeOfBirth" : "",
      "socialSecurityNumber" : "",
      "socialSecurityDate" : null,
      "mediaObjectReference" : "",
      "lastUpdateDateTime" : "2017-12-17T00:00:00",
      "inputDateTime" : "2017-12-17T00:00:00",
      "_links" : {
        "self" : {
          "href" : "http://localhost/api/contacts/1474_0"
        },
        "contactPerson" : {
          "href" : "http://localhost/api/contacts/1474_0"
        },
        "master" : {
          "href" : "http://localhost/api/contacts/1474_0/master"
        }
      }
    }, {
      "inputUserId" : "QSA",
      "lastUpdateUserId" : "QSA",
      "computerId" : "GLSVR171217",
      "lastSynchronizedDate" : null,
      "addressNumber" : "1475",
      "sequence" : 0,
      "name" : "Data Baru",
      "mailingName" : "Data Baru",
      "description" : "",
      "firstName" : "",
      "middleName" : "",
      "lastName" : "",
      "nickname" : "",
      "salutation" : "",
      "gender" : "",
      "type" : "C",
      "religion" : "",
      "dateOfBirth" : null,
      "placeOfBirth" : "",
      "socialSecurityNumber" : "",
      "socialSecurityDate" : null,
      "mediaObjectReference" : "",
      "lastUpdateDateTime" : "2017-12-17T00:00:00",
      "inputDateTime" : "2017-12-17T00:00:00",
      "_links" : {
        "self" : {
          "href" : "http://localhost/api/contacts/1475_0"
        },
        "contactPerson" : {
          "href" : "http://localhost/api/contacts/1475_0"
        },
        "master" : {
          "href" : "http://localhost/api/contacts/1475_0/master"
        }
      }
    }, {
      "inputUserId" : "QSA",
      "lastUpdateUserId" : "QSA",
      "computerId" : "GLSVR171217",
      "lastSynchronizedDate" : null,
      "addressNumber" : "1475",
      "sequence" : 1,
      "name" : "Indah",
      "mailingName" : "Indah",
      "description" : "",
      "firstName" : "",
      "middleName" : "",
      "lastName" : "",
      "nickname" : "",
      "salutation" : "",
      "gender" : "",
      "type" : "C",
      "religion" : "",
      "dateOfBirth" : null,
      "placeOfBirth" : "",
      "socialSecurityNumber" : "",
      "socialSecurityDate" : null,
      "mediaObjectReference" : "",
      "lastUpdateDateTime" : "2017-12-17T00:00:00",
      "inputDateTime" : "2017-12-17T00:00:00",
      "_links" : {
        "self" : {
          "href" : "http://localhost/api/contacts/1475_1"
        },
        "contactPerson" : {
          "href" : "http://localhost/api/contacts/1475_1"
        },
        "master" : {
          "href" : "http://localhost/api/contacts/1475_1/master"
        }
      }
    }, {
      "inputUserId" : "QSA",
      "lastUpdateUserId" : "QSA",
      "computerId" : "GLSVR171217",
      "lastSynchronizedDate" : null,
      "addressNumber" : "1476",
      "sequence" : 0,
      "name" : "Data Benua",
      "mailingName" : "Data Benua",
      "description" : "",
      "firstName" : "",
      "middleName" : "",
      "lastName" : "",
      "nickname" : "",
      "salutation" : "",
      "gender" : "",
      "type" : "C",
      "religion" : "",
      "dateOfBirth" : null,
      "placeOfBirth" : "",
      "socialSecurityNumber" : "",
      "socialSecurityDate" : null,
      "mediaObjectReference" : "",
      "lastUpdateDateTime" : "2017-12-17T00:00:00",
      "inputDateTime" : "2017-12-17T00:00:00",
      "_links" : {
        "self" : {
          "href" : "http://localhost/api/contacts/1476_0"
        },
        "contactPerson" : {
          "href" : "http://localhost/api/contacts/1476_0"
        },
        "master" : {
          "href" : "http://localhost/api/contacts/1476_0/master"
        }
      }
    }, {
      "inputUserId" : "QSA",
      "lastUpdateUserId" : "QSA",
      "computerId" : "GLSVR171217",
      "lastSynchronizedDate" : null,
      "addressNumber" : "1477",
      "sequence" : 0,
      "name" : "Data Com",
      "mailingName" : "Data Com",
      "description" : "",
      "firstName" : "",
      "middleName" : "",
      "lastName" : "",
      "nickname" : "",
      "salutation" : "",
      "gender" : "",
      "type" : "C",
      "religion" : "",
      "dateOfBirth" : null,
      "placeOfBirth" : "",
      "socialSecurityNumber" : "",
      "socialSecurityDate" : null,
      "mediaObjectReference" : "",
      "lastUpdateDateTime" : "2017-12-17T00:00:00",
      "inputDateTime" : "2017-12-17T00:00:00",
      "_links" : {
        "self" : {
          "href" : "http://localhost/api/contacts/1477_0"
        },
        "contactPerson" : {
          "href" : "http://localhost/api/contacts/1477_0"
        },
        "master" : {
          "href" : "http://localhost/api/contacts/1477_0/master"
        }
      }
    }, {
      "inputUserId" : "QSA",
      "lastUpdateUserId" : "QSA",
      "computerId" : "GLSVR171217",
      "lastSynchronizedDate" : null,
      "addressNumber" : "1478",
      "sequence" : 0,
      "name" : "Data Link",
      "mailingName" : "Data Link",
      "description" : "",
      "firstName" : "",
      "middleName" : "",
      "lastName" : "",
      "nickname" : "",
      "salutation" : "",
      "gender" : "",
      "type" : "C",
      "religion" : "",
      "dateOfBirth" : null,
      "placeOfBirth" : "",
      "socialSecurityNumber" : "",
      "socialSecurityDate" : null,
      "mediaObjectReference" : "",
      "lastUpdateDateTime" : "2017-12-17T00:00:00",
      "inputDateTime" : "2017-12-17T00:00:00",
      "_links" : {
        "self" : {
          "href" : "http://localhost/api/contacts/1478_0"
        },
        "contactPerson" : {
          "href" : "http://localhost/api/contacts/1478_0"
        },
        "master" : {
          "href" : "http://localhost/api/contacts/1478_0/master"
        }
      }
    }, {
      "inputUserId" : "QSA",
      "lastUpdateUserId" : "QSA",
      "computerId" : "GLSVR171217",
      "lastSynchronizedDate" : null,
      "addressNumber" : "1479",
      "sequence" : 0,
      "name" : "Data Tech Komputer",
      "mailingName" : "Data Tech Komputer",
      "description" : "",
      "firstName" : "",
      "middleName" : "",
      "lastName" : "",
      "nickname" : "",
      "salutation" : "",
      "gender" : "",
      "type" : "C",
      "religion" : "",
      "dateOfBirth" : null,
      "placeOfBirth" : "",
      "socialSecurityNumber" : "",
      "socialSecurityDate" : null,
      "mediaObjectReference" : "",
      "lastUpdateDateTime" : "2017-12-17T00:00:00",
      "inputDateTime" : "2017-12-17T00:00:00",
      "_links" : {
        "self" : {
          "href" : "http://localhost/api/contacts/1479_0"
        },
        "contactPerson" : {
          "href" : "http://localhost/api/contacts/1479_0"
        },
        "master" : {
          "href" : "http://localhost/api/contacts/1479_0/master"
        }
      }
    }, {
      "inputUserId" : "QSA",
      "lastUpdateUserId" : "QSA",
      "computerId" : "GLSVR171217",
      "lastSynchronizedDate" : null,
      "addressNumber" : "1480",
      "sequence" : 0,
      "name" : "Datakom Malang",
      "mailingName" : "Datakom Malang",
      "description" : "",
      "firstName" : "",
      "middleName" : "",
      "lastName" : "",
      "nickname" : "",
      "salutation" : "",
      "gender" : "",
      "type" : "C",
      "religion" : "",
      "dateOfBirth" : null,
      "placeOfBirth" : "",
      "socialSecurityNumber" : "",
      "socialSecurityDate" : null,
      "mediaObjectReference" : "",
      "lastUpdateDateTime" : "2017-12-17T00:00:00",
      "inputDateTime" : "2017-12-17T00:00:00",
      "_links" : {
        "self" : {
          "href" : "http://localhost/api/contacts/1480_0"
        },
        "contactPerson" : {
          "href" : "http://localhost/api/contacts/1480_0"
        },
        "master" : {
          "href" : "http://localhost/api/contacts/1480_0/master"
        }
      }
    }, {
      "inputUserId" : "QSA",
      "lastUpdateUserId" : "QSA",
      "computerId" : "GLSVR171217",
      "lastSynchronizedDate" : null,
      "addressNumber" : "1481",
      "sequence" : 0,
      "name" : "David",
      "mailingName" : "David",
      "description" : "",
      "firstName" : "",
      "middleName" : "",
      "lastName" : "",
      "nickname" : "",
      "salutation" : "",
      "gender" : "",
      "type" : "C",
      "religion" : "",
      "dateOfBirth" : null,
      "placeOfBirth" : "",
      "socialSecurityNumber" : "",
      "socialSecurityDate" : null,
      "mediaObjectReference" : "",
      "lastUpdateDateTime" : "2017-12-17T00:00:00",
      "inputDateTime" : "2017-12-17T00:00:00",
      "_links" : {
        "self" : {
          "href" : "http://localhost/api/contacts/1481_0"
        },
        "contactPerson" : {
          "href" : "http://localhost/api/contacts/1481_0"
        },
        "master" : {
          "href" : "http://localhost/api/contacts/1481_0/master"
        }
      }
    }, {
      "inputUserId" : "QSA",
      "lastUpdateUserId" : "QSA",
      "computerId" : "GLSVR171217",
      "lastSynchronizedDate" : null,
      "addressNumber" : "1482",
      "sequence" : 0,
      "name" : "DC Computer",
      "mailingName" : "DC Computer",
      "description" : "",
      "firstName" : "",
      "middleName" : "",
      "lastName" : "",
      "nickname" : "",
      "salutation" : "",
      "gender" : "",
      "type" : "C",
      "religion" : "",
      "dateOfBirth" : null,
      "placeOfBirth" : "",
      "socialSecurityNumber" : "",
      "socialSecurityDate" : null,
      "mediaObjectReference" : "",
      "lastUpdateDateTime" : "2017-12-17T00:00:00",
      "inputDateTime" : "2017-12-17T00:00:00",
      "_links" : {
        "self" : {
          "href" : "http://localhost/api/contacts/1482_0"
        },
        "contactPerson" : {
          "href" : "http://localhost/api/contacts/1482_0"
        },
        "master" : {
          "href" : "http://localhost/api/contacts/1482_0/master"
        }
      }
    }, {
      "inputUserId" : "QSA",
      "lastUpdateUserId" : "QSA",
      "computerId" : "GLSVR171217",
      "lastSynchronizedDate" : null,
      "addressNumber" : "1483",
      "sequence" : 0,
      "name" : "De - Com",
      "mailingName" : "De - Com",
      "description" : "",
      "firstName" : "",
      "middleName" : "",
      "lastName" : "",
      "nickname" : "",
      "salutation" : "",
      "gender" : "",
      "type" : "C",
      "religion" : "",
      "dateOfBirth" : null,
      "placeOfBirth" : "",
      "socialSecurityNumber" : "",
      "socialSecurityDate" : null,
      "mediaObjectReference" : "",
      "lastUpdateDateTime" : "2017-12-17T00:00:00",
      "inputDateTime" : "2017-12-17T00:00:00",
      "_links" : {
        "self" : {
          "href" : "http://localhost/api/contacts/1483_0"
        },
        "contactPerson" : {
          "href" : "http://localhost/api/contacts/1483_0"
        },
        "master" : {
          "href" : "http://localhost/api/contacts/1483_0/master"
        }
      }
    }, {
      "inputUserId" : "QSA",
      "lastUpdateUserId" : "QSA",
      "computerId" : "GLSVR171217",
      "lastSynchronizedDate" : null,
      "addressNumber" : "1484",
      "sequence" : 0,
      "name" : "Dealler Eka Prima Motor",
      "mailingName" : "Dealler Eka Prima Motor",
      "description" : "",
      "firstName" : "",
      "middleName" : "",
      "lastName" : "",
      "nickname" : "",
      "salutation" : "",
      "gender" : "",
      "type" : "C",
      "religion" : "",
      "dateOfBirth" : null,
      "placeOfBirth" : "",
      "socialSecurityNumber" : "",
      "socialSecurityDate" : null,
      "mediaObjectReference" : "",
      "lastUpdateDateTime" : "2017-12-17T00:00:00",
      "inputDateTime" : "2017-12-17T00:00:00",
      "_links" : {
        "self" : {
          "href" : "http://localhost/api/contacts/1484_0"
        },
        "contactPerson" : {
          "href" : "http://localhost/api/contacts/1484_0"
        },
        "master" : {
          "href" : "http://localhost/api/contacts/1484_0/master"
        }
      }
    }, {
      "inputUserId" : "QSA",
      "lastUpdateUserId" : "QSA",
      "computerId" : "GLSVR171217",
      "lastSynchronizedDate" : null,
      "addressNumber" : "1485",
      "sequence" : 0,
      "name" : "Dede",
      "mailingName" : "Dede",
      "description" : "",
      "firstName" : "",
      "middleName" : "",
      "lastName" : "",
      "nickname" : "",
      "salutation" : "",
      "gender" : "",
      "type" : "C",
      "religion" : "",
      "dateOfBirth" : null,
      "placeOfBirth" : "",
      "socialSecurityNumber" : "",
      "socialSecurityDate" : null,
      "mediaObjectReference" : "",
      "lastUpdateDateTime" : "2017-12-17T00:00:00",
      "inputDateTime" : "2017-12-17T00:00:00",
      "_links" : {
        "self" : {
          "href" : "http://localhost/api/contacts/1485_0"
        },
        "contactPerson" : {
          "href" : "http://localhost/api/contacts/1485_0"
        },
        "master" : {
          "href" : "http://localhost/api/contacts/1485_0/master"
        }
      }
    }, {
      "inputUserId" : "QSA",
      "lastUpdateUserId" : "QSA",
      "computerId" : "GLSVR171217",
      "lastSynchronizedDate" : null,
      "addressNumber" : "1486",
      "sequence" : 0,
      "name" : "Dedi Triyono(Tokopedia)",
      "mailingName" : "Dedi Triyono(Tokopedia)",
      "description" : "",
      "firstName" : "",
      "middleName" : "",
      "lastName" : "",
      "nickname" : "",
      "salutation" : "",
      "gender" : "",
      "type" : "C",
      "religion" : "",
      "dateOfBirth" : null,
      "placeOfBirth" : "",
      "socialSecurityNumber" : "",
      "socialSecurityDate" : null,
      "mediaObjectReference" : "",
      "lastUpdateDateTime" : "2017-12-17T00:00:00",
      "inputDateTime" : "2017-12-17T00:00:00",
      "_links" : {
        "self" : {
          "href" : "http://localhost/api/contacts/1486_0"
        },
        "contactPerson" : {
          "href" : "http://localhost/api/contacts/1486_0"
        },
        "master" : {
          "href" : "http://localhost/api/contacts/1486_0/master"
        }
      }
    }, {
      "inputUserId" : "QSA",
      "lastUpdateUserId" : "QSA",
      "computerId" : "GLSVR171217",
      "lastSynchronizedDate" : null,
      "addressNumber" : "1487",
      "sequence" : 0,
      "name" : "Dedy",
      "mailingName" : "Dedy",
      "description" : "",
      "firstName" : "",
      "middleName" : "",
      "lastName" : "",
      "nickname" : "",
      "salutation" : "",
      "gender" : "",
      "type" : "C",
      "religion" : "",
      "dateOfBirth" : null,
      "placeOfBirth" : "",
      "socialSecurityNumber" : "",
      "socialSecurityDate" : null,
      "mediaObjectReference" : "",
      "lastUpdateDateTime" : "2017-12-17T00:00:00",
      "inputDateTime" : "2017-12-17T00:00:00",
      "_links" : {
        "self" : {
          "href" : "http://localhost/api/contacts/1487_0"
        },
        "contactPerson" : {
          "href" : "http://localhost/api/contacts/1487_0"
        },
        "master" : {
          "href" : "http://localhost/api/contacts/1487_0/master"
        }
      }
    }, {
      "inputUserId" : "QSA",
      "lastUpdateUserId" : "QSA",
      "computerId" : "GLSVR171217",
      "lastSynchronizedDate" : null,
      "addressNumber" : "1488",
      "sequence" : 0,
      "name" : "Delta IT",
      "mailingName" : "Delta IT",
      "description" : "",
      "firstName" : "",
      "middleName" : "",
      "lastName" : "",
      "nickname" : "",
      "salutation" : "",
      "gender" : "",
      "type" : "C",
      "religion" : "",
      "dateOfBirth" : null,
      "placeOfBirth" : "",
      "socialSecurityNumber" : "",
      "socialSecurityDate" : null,
      "mediaObjectReference" : "",
      "lastUpdateDateTime" : "2017-12-17T00:00:00",
      "inputDateTime" : "2017-12-17T00:00:00",
      "_links" : {
        "self" : {
          "href" : "http://localhost/api/contacts/1488_0"
        },
        "contactPerson" : {
          "href" : "http://localhost/api/contacts/1488_0"
        },
        "master" : {
          "href" : "http://localhost/api/contacts/1488_0/master"
        }
      }
    }, {
      "inputUserId" : "QSA",
      "lastUpdateUserId" : "QSA",
      "computerId" : "GLSVR171217",
      "lastSynchronizedDate" : null,
      "addressNumber" : "1489",
      "sequence" : 0,
      "name" : "Dendy Yudistira",
      "mailingName" : "Dendy Yudistira",
      "description" : "",
      "firstName" : "",
      "middleName" : "",
      "lastName" : "",
      "nickname" : "",
      "salutation" : "",
      "gender" : "",
      "type" : "C",
      "religion" : "",
      "dateOfBirth" : null,
      "placeOfBirth" : "",
      "socialSecurityNumber" : "",
      "socialSecurityDate" : null,
      "mediaObjectReference" : "",
      "lastUpdateDateTime" : "2017-12-17T00:00:00",
      "inputDateTime" : "2017-12-17T00:00:00",
      "_links" : {
        "self" : {
          "href" : "http://localhost/api/contacts/1489_0"
        },
        "contactPerson" : {
          "href" : "http://localhost/api/contacts/1489_0"
        },
        "master" : {
          "href" : "http://localhost/api/contacts/1489_0/master"
        }
      }
    }, {
      "inputUserId" : "QSA",
      "lastUpdateUserId" : "QSA",
      "computerId" : "GLSVR171217",
      "lastSynchronizedDate" : null,
      "addressNumber" : "1490",
      "sequence" : 0,
      "name" : "Deny",
      "mailingName" : "Deny",
      "description" : "",
      "firstName" : "",
      "middleName" : "",
      "lastName" : "",
      "nickname" : "",
      "salutation" : "",
      "gender" : "",
      "type" : "C",
      "religion" : "",
      "dateOfBirth" : null,
      "placeOfBirth" : "",
      "socialSecurityNumber" : "",
      "socialSecurityDate" : null,
      "mediaObjectReference" : "",
      "lastUpdateDateTime" : "2017-12-17T00:00:00",
      "inputDateTime" : "2017-12-17T00:00:00",
      "_links" : {
        "self" : {
          "href" : "http://localhost/api/contacts/1490_0"
        },
        "contactPerson" : {
          "href" : "http://localhost/api/contacts/1490_0"
        },
        "master" : {
          "href" : "http://localhost/api/contacts/1490_0/master"
        }
      }
    }, {
      "inputUserId" : "QSA",
      "lastUpdateUserId" : "QSA",
      "computerId" : "GLSVR171217",
      "lastSynchronizedDate" : null,
      "addressNumber" : "1491",
      "sequence" : 0,
      "name" : "Deny",
      "mailingName" : "Deny",
      "description" : "",
      "firstName" : "",
      "middleName" : "",
      "lastName" : "",
      "nickname" : "",
      "salutation" : "",
      "gender" : "",
      "type" : "C",
      "religion" : "",
      "dateOfBirth" : null,
      "placeOfBirth" : "",
      "socialSecurityNumber" : "",
      "socialSecurityDate" : null,
      "mediaObjectReference" : "",
      "lastUpdateDateTime" : "2017-12-17T00:00:00",
      "inputDateTime" : "2017-12-17T00:00:00",
      "_links" : {
        "self" : {
          "href" : "http://localhost/api/contacts/1491_0"
        },
        "contactPerson" : {
          "href" : "http://localhost/api/contacts/1491_0"
        },
        "master" : {
          "href" : "http://localhost/api/contacts/1491_0/master"
        }
      }
    }, {
      "inputUserId" : "QSA",
      "lastUpdateUserId" : "QSA",
      "computerId" : "GLSVR171217",
      "lastSynchronizedDate" : null,
      "addressNumber" : "1492",
      "sequence" : 0,
      "name" : "Dewan",
      "mailingName" : "Dewan",
      "description" : "",
      "firstName" : "",
      "middleName" : "",
      "lastName" : "",
      "nickname" : "",
      "salutation" : "",
      "gender" : "",
      "type" : "C",
      "religion" : "",
      "dateOfBirth" : null,
      "placeOfBirth" : "",
      "socialSecurityNumber" : "",
      "socialSecurityDate" : null,
      "mediaObjectReference" : "",
      "lastUpdateDateTime" : "2017-12-17T00:00:00",
      "inputDateTime" : "2017-12-17T00:00:00",
      "_links" : {
        "self" : {
          "href" : "http://localhost/api/contacts/1492_0"
        },
        "contactPerson" : {
          "href" : "http://localhost/api/contacts/1492_0"
        },
        "master" : {
          "href" : "http://localhost/api/contacts/1492_0/master"
        }
      }
    }, {
      "inputUserId" : "QSA",
      "lastUpdateUserId" : "QSA",
      "computerId" : "GLSVR171217",
      "lastSynchronizedDate" : null,
      "addressNumber" : "1493",
      "sequence" : 0,
      "name" : "Dewata Komputer",
      "mailingName" : "Dewata Komputer",
      "description" : "",
      "firstName" : "",
      "middleName" : "",
      "lastName" : "",
      "nickname" : "",
      "salutation" : "",
      "gender" : "",
      "type" : "C",
      "religion" : "",
      "dateOfBirth" : null,
      "placeOfBirth" : "",
      "socialSecurityNumber" : "",
      "socialSecurityDate" : null,
      "mediaObjectReference" : "",
      "lastUpdateDateTime" : "2017-12-17T00:00:00",
      "inputDateTime" : "2017-12-17T00:00:00",
      "_links" : {
        "self" : {
          "href" : "http://localhost/api/contacts/1493_0"
        },
        "contactPerson" : {
          "href" : "http://localhost/api/contacts/1493_0"
        },
        "master" : {
          "href" : "http://localhost/api/contacts/1493_0/master"
        }
      }
    }, {
      "inputUserId" : "QSA",
      "lastUpdateUserId" : "QSA",
      "computerId" : "GLSVR171217",
      "lastSynchronizedDate" : null,
      "addressNumber" : "1494",
      "sequence" : 0,
      "name" : "Dewi",
      "mailingName" : "Dewi",
      "description" : "",
      "firstName" : "",
      "middleName" : "",
      "lastName" : "",
      "nickname" : "",
      "salutation" : "",
      "gender" : "",
      "type" : "C",
      "religion" : "",
      "dateOfBirth" : null,
      "placeOfBirth" : "",
      "socialSecurityNumber" : "",
      "socialSecurityDate" : null,
      "mediaObjectReference" : "",
      "lastUpdateDateTime" : "2017-12-17T00:00:00",
      "inputDateTime" : "2017-12-17T00:00:00",
      "_links" : {
        "self" : {
          "href" : "http://localhost/api/contacts/1494_0"
        },
        "contactPerson" : {
          "href" : "http://localhost/api/contacts/1494_0"
        },
        "master" : {
          "href" : "http://localhost/api/contacts/1494_0/master"
        }
      }
    }, {
      "inputUserId" : "QSA",
      "lastUpdateUserId" : "QSA",
      "computerId" : "GLSVR171217",
      "lastSynchronizedDate" : null,
      "addressNumber" : "1495",
      "sequence" : 0,
      "name" : "Dexacom",
      "mailingName" : "Dexacom",
      "description" : "",
      "firstName" : "",
      "middleName" : "",
      "lastName" : "",
      "nickname" : "",
      "salutation" : "",
      "gender" : "",
      "type" : "C",
      "religion" : "",
      "dateOfBirth" : null,
      "placeOfBirth" : "",
      "socialSecurityNumber" : "",
      "socialSecurityDate" : null,
      "mediaObjectReference" : "",
      "lastUpdateDateTime" : "2017-12-17T00:00:00",
      "inputDateTime" : "2017-12-17T00:00:00",
      "_links" : {
        "self" : {
          "href" : "http://localhost/api/contacts/1495_0"
        },
        "contactPerson" : {
          "href" : "http://localhost/api/contacts/1495_0"
        },
        "master" : {
          "href" : "http://localhost/api/contacts/1495_0/master"
        }
      }
    }, {
      "inputUserId" : "QSA",
      "lastUpdateUserId" : "QSA",
      "computerId" : "GLSVR171217",
      "lastSynchronizedDate" : null,
      "addressNumber" : "1496",
      "sequence" : 0,
      "name" : "Diah",
      "mailingName" : "Diah",
      "description" : "",
      "firstName" : "",
      "middleName" : "",
      "lastName" : "",
      "nickname" : "",
      "salutation" : "",
      "gender" : "",
      "type" : "C",
      "religion" : "",
      "dateOfBirth" : null,
      "placeOfBirth" : "",
      "socialSecurityNumber" : "",
      "socialSecurityDate" : null,
      "mediaObjectReference" : "",
      "lastUpdateDateTime" : "2017-12-17T00:00:00",
      "inputDateTime" : "2017-12-17T00:00:00",
      "_links" : {
        "self" : {
          "href" : "http://localhost/api/contacts/1496_0"
        },
        "contactPerson" : {
          "href" : "http://localhost/api/contacts/1496_0"
        },
        "master" : {
          "href" : "http://localhost/api/contacts/1496_0/master"
        }
      }
    }, {
      "inputUserId" : "QSA",
      "lastUpdateUserId" : "QSA",
      "computerId" : "GLSVR171217",
      "lastSynchronizedDate" : null,
      "addressNumber" : "1497",
      "sequence" : 0,
      "name" : "Diamond Computer",
      "mailingName" : "Diamond Computer",
      "description" : "",
      "firstName" : "",
      "middleName" : "",
      "lastName" : "",
      "nickname" : "",
      "salutation" : "",
      "gender" : "",
      "type" : "C",
      "religion" : "",
      "dateOfBirth" : null,
      "placeOfBirth" : "",
      "socialSecurityNumber" : "",
      "socialSecurityDate" : null,
      "mediaObjectReference" : "",
      "lastUpdateDateTime" : "2017-12-17T00:00:00",
      "inputDateTime" : "2017-12-17T00:00:00",
      "_links" : {
        "self" : {
          "href" : "http://localhost/api/contacts/1497_0"
        },
        "contactPerson" : {
          "href" : "http://localhost/api/contacts/1497_0"
        },
        "master" : {
          "href" : "http://localhost/api/contacts/1497_0/master"
        }
      }
    }, {
      "inputUserId" : "QSA",
      "lastUpdateUserId" : "QSA",
      "computerId" : "GLSVR171217",
      "lastSynchronizedDate" : null,
      "addressNumber" : "1498",
      "sequence" : 0,
      "name" : "Dian",
      "mailingName" : "Dian",
      "description" : "",
      "firstName" : "",
      "middleName" : "",
      "lastName" : "",
      "nickname" : "",
      "salutation" : "",
      "gender" : "",
      "type" : "C",
      "religion" : "",
      "dateOfBirth" : null,
      "placeOfBirth" : "",
      "socialSecurityNumber" : "",
      "socialSecurityDate" : null,
      "mediaObjectReference" : "",
      "lastUpdateDateTime" : "2017-12-17T00:00:00",
      "inputDateTime" : "2017-12-17T00:00:00",
      "_links" : {
        "self" : {
          "href" : "http://localhost/api/contacts/1498_0"
        },
        "contactPerson" : {
          "href" : "http://localhost/api/contacts/1498_0"
        },
        "master" : {
          "href" : "http://localhost/api/contacts/1498_0/master"
        }
      }
    }, {
      "inputUserId" : "QSA",
      "lastUpdateUserId" : "QSA",
      "computerId" : "GLSVR171217",
      "lastSynchronizedDate" : null,
      "addressNumber" : "1499",
      "sequence" : 0,
      "name" : "Dian Eka",
      "mailingName" : "Dian Eka",
      "description" : "",
      "firstName" : "",
      "middleName" : "",
      "lastName" : "",
      "nickname" : "",
      "salutation" : "",
      "gender" : "",
      "type" : "C",
      "religion" : "",
      "dateOfBirth" : null,
      "placeOfBirth" : "",
      "socialSecurityNumber" : "",
      "socialSecurityDate" : null,
      "mediaObjectReference" : "",
      "lastUpdateDateTime" : "2017-12-17T00:00:00",
      "inputDateTime" : "2017-12-17T00:00:00",
      "_links" : {
        "self" : {
          "href" : "http://localhost/api/contacts/1499_0"
        },
        "contactPerson" : {
          "href" : "http://localhost/api/contacts/1499_0"
        },
        "master" : {
          "href" : "http://localhost/api/contacts/1499_0/master"
        }
      }
    }, {
      "inputUserId" : "QSA",
      "lastUpdateUserId" : "QSA",
      "computerId" : "GLSVR171217",
      "lastSynchronizedDate" : null,
      "addressNumber" : "1500",
      "sequence" : 0,
      "name" : "Dian Print",
      "mailingName" : "Dian Print",
      "description" : "",
      "firstName" : "",
      "middleName" : "",
      "lastName" : "",
      "nickname" : "",
      "salutation" : "",
      "gender" : "",
      "type" : "C",
      "religion" : "",
      "dateOfBirth" : null,
      "placeOfBirth" : "",
      "socialSecurityNumber" : "",
      "socialSecurityDate" : null,
      "mediaObjectReference" : "",
      "lastUpdateDateTime" : "2017-12-17T00:00:00",
      "inputDateTime" : "2017-12-17T00:00:00",
      "_links" : {
        "self" : {
          "href" : "http://localhost/api/contacts/1500_0"
        },
        "contactPerson" : {
          "href" : "http://localhost/api/contacts/1500_0"
        },
        "master" : {
          "href" : "http://localhost/api/contacts/1500_0/master"
        }
      }
    }, {
      "inputUserId" : "QSA",
      "lastUpdateUserId" : "QSA",
      "computerId" : "GLSVR171217",
      "lastSynchronizedDate" : null,
      "addressNumber" : "1501",
      "sequence" : 0,
      "name" : "Dian Wahyu",
      "mailingName" : "Dian Wahyu",
      "description" : "",
      "firstName" : "",
      "middleName" : "",
      "lastName" : "",
      "nickname" : "",
      "salutation" : "",
      "gender" : "",
      "type" : "C",
      "religion" : "",
      "dateOfBirth" : null,
      "placeOfBirth" : "",
      "socialSecurityNumber" : "",
      "socialSecurityDate" : null,
      "mediaObjectReference" : "",
      "lastUpdateDateTime" : "2017-12-17T00:00:00",
      "inputDateTime" : "2017-12-17T00:00:00",
      "_links" : {
        "self" : {
          "href" : "http://localhost/api/contacts/1501_0"
        },
        "contactPerson" : {
          "href" : "http://localhost/api/contacts/1501_0"
        },
        "master" : {
          "href" : "http://localhost/api/contacts/1501_0/master"
        }
      }
    }, {
      "inputUserId" : "QSA",
      "lastUpdateUserId" : "QSA",
      "computerId" : "GLSVR171217",
      "lastSynchronizedDate" : null,
      "addressNumber" : "1502",
      "sequence" : 0,
      "name" : "Diana",
      "mailingName" : "Diana",
      "description" : "",
      "firstName" : "",
      "middleName" : "",
      "lastName" : "",
      "nickname" : "",
      "salutation" : "",
      "gender" : "",
      "type" : "C",
      "religion" : "",
      "dateOfBirth" : null,
      "placeOfBirth" : "",
      "socialSecurityNumber" : "",
      "socialSecurityDate" : null,
      "mediaObjectReference" : "",
      "lastUpdateDateTime" : "2017-12-17T00:00:00",
      "inputDateTime" : "2017-12-17T00:00:00",
      "_links" : {
        "self" : {
          "href" : "http://localhost/api/contacts/1502_0"
        },
        "contactPerson" : {
          "href" : "http://localhost/api/contacts/1502_0"
        },
        "master" : {
          "href" : "http://localhost/api/contacts/1502_0/master"
        }
      }
    }, {
      "inputUserId" : "QSA",
      "lastUpdateUserId" : "QSA",
      "computerId" : "GLSVR171217",
      "lastSynchronizedDate" : null,
      "addressNumber" : "1503",
      "sequence" : 0,
      "name" : "Dicky",
      "mailingName" : "Dicky",
      "description" : "",
      "firstName" : "",
      "middleName" : "",
      "lastName" : "",
      "nickname" : "",
      "salutation" : "",
      "gender" : "",
      "type" : "C",
      "religion" : "",
      "dateOfBirth" : null,
      "placeOfBirth" : "",
      "socialSecurityNumber" : "",
      "socialSecurityDate" : null,
      "mediaObjectReference" : "",
      "lastUpdateDateTime" : "2017-12-17T00:00:00",
      "inputDateTime" : "2017-12-17T00:00:00",
      "_links" : {
        "self" : {
          "href" : "http://localhost/api/contacts/1503_0"
        },
        "contactPerson" : {
          "href" : "http://localhost/api/contacts/1503_0"
        },
        "master" : {
          "href" : "http://localhost/api/contacts/1503_0/master"
        }
      }
    }, {
      "inputUserId" : "QSA",
      "lastUpdateUserId" : "QSA",
      "computerId" : "GLSVR171217",
      "lastSynchronizedDate" : null,
      "addressNumber" : "1504",
      "sequence" : 0,
      "name" : "Didik",
      "mailingName" : "Didik",
      "description" : "",
      "firstName" : "",
      "middleName" : "",
      "lastName" : "",
      "nickname" : "",
      "salutation" : "",
      "gender" : "",
      "type" : "C",
      "religion" : "",
      "dateOfBirth" : null,
      "placeOfBirth" : "",
      "socialSecurityNumber" : "",
      "socialSecurityDate" : null,
      "mediaObjectReference" : "",
      "lastUpdateDateTime" : "2017-12-17T00:00:00",
      "inputDateTime" : "2017-12-17T00:00:00",
      "_links" : {
        "self" : {
          "href" : "http://localhost/api/contacts/1504_0"
        },
        "contactPerson" : {
          "href" : "http://localhost/api/contacts/1504_0"
        },
        "master" : {
          "href" : "http://localhost/api/contacts/1504_0/master"
        }
      }
    }, {
      "inputUserId" : "QSA",
      "lastUpdateUserId" : "QSA",
      "computerId" : "GLSVR171217",
      "lastSynchronizedDate" : null,
      "addressNumber" : "1505",
      "sequence" : 0,
      "name" : "Didin",
      "mailingName" : "Didin",
      "description" : "",
      "firstName" : "",
      "middleName" : "",
      "lastName" : "",
      "nickname" : "",
      "salutation" : "",
      "gender" : "",
      "type" : "C",
      "religion" : "",
      "dateOfBirth" : null,
      "placeOfBirth" : "",
      "socialSecurityNumber" : "",
      "socialSecurityDate" : null,
      "mediaObjectReference" : "",
      "lastUpdateDateTime" : "2017-12-17T00:00:00",
      "inputDateTime" : "2017-12-17T00:00:00",
      "_links" : {
        "self" : {
          "href" : "http://localhost/api/contacts/1505_0"
        },
        "contactPerson" : {
          "href" : "http://localhost/api/contacts/1505_0"
        },
        "master" : {
          "href" : "http://localhost/api/contacts/1505_0/master"
        }
      }
    }, {
      "inputUserId" : "QSA",
      "lastUpdateUserId" : "QSA",
      "computerId" : "GLSVR171217",
      "lastSynchronizedDate" : null,
      "addressNumber" : "1506",
      "sequence" : 0,
      "name" : "Dido Permata(Tokopedia)",
      "mailingName" : "Dido Permata(Tokopedia)",
      "description" : "",
      "firstName" : "",
      "middleName" : "",
      "lastName" : "",
      "nickname" : "",
      "salutation" : "",
      "gender" : "",
      "type" : "C",
      "religion" : "",
      "dateOfBirth" : null,
      "placeOfBirth" : "",
      "socialSecurityNumber" : "",
      "socialSecurityDate" : null,
      "mediaObjectReference" : "",
      "lastUpdateDateTime" : "2017-12-17T00:00:00",
      "inputDateTime" : "2017-12-17T00:00:00",
      "_links" : {
        "self" : {
          "href" : "http://localhost/api/contacts/1506_0"
        },
        "contactPerson" : {
          "href" : "http://localhost/api/contacts/1506_0"
        },
        "master" : {
          "href" : "http://localhost/api/contacts/1506_0/master"
        }
      }
    }, {
      "inputUserId" : "QSA",
      "lastUpdateUserId" : "QSA",
      "computerId" : "GLSVR171217",
      "lastSynchronizedDate" : null,
      "addressNumber" : "1507",
      "sequence" : 0,
      "name" : "Diginov",
      "mailingName" : "Diginov",
      "description" : "",
      "firstName" : "",
      "middleName" : "",
      "lastName" : "",
      "nickname" : "",
      "salutation" : "",
      "gender" : "",
      "type" : "C",
      "religion" : "",
      "dateOfBirth" : null,
      "placeOfBirth" : "",
      "socialSecurityNumber" : "",
      "socialSecurityDate" : null,
      "mediaObjectReference" : "",
      "lastUpdateDateTime" : "2017-12-17T00:00:00",
      "inputDateTime" : "2017-12-17T00:00:00",
      "_links" : {
        "self" : {
          "href" : "http://localhost/api/contacts/1507_0"
        },
        "contactPerson" : {
          "href" : "http://localhost/api/contacts/1507_0"
        },
        "master" : {
          "href" : "http://localhost/api/contacts/1507_0/master"
        }
      }
    }, {
      "inputUserId" : "QSA",
      "lastUpdateUserId" : "QSA",
      "computerId" : "GLSVR171217",
      "lastSynchronizedDate" : null,
      "addressNumber" : "1508",
      "sequence" : 0,
      "name" : "Digital Solusindo",
      "mailingName" : "Digital Solusindo",
      "description" : "",
      "firstName" : "",
      "middleName" : "",
      "lastName" : "",
      "nickname" : "",
      "salutation" : "",
      "gender" : "",
      "type" : "C",
      "religion" : "",
      "dateOfBirth" : null,
      "placeOfBirth" : "",
      "socialSecurityNumber" : "",
      "socialSecurityDate" : null,
      "mediaObjectReference" : "",
      "lastUpdateDateTime" : "2017-12-17T00:00:00",
      "inputDateTime" : "2017-12-17T00:00:00",
      "_links" : {
        "self" : {
          "href" : "http://localhost/api/contacts/1508_0"
        },
        "contactPerson" : {
          "href" : "http://localhost/api/contacts/1508_0"
        },
        "master" : {
          "href" : "http://localhost/api/contacts/1508_0/master"
        }
      }
    }, {
      "inputUserId" : "QSA",
      "lastUpdateUserId" : "QSA",
      "computerId" : "GLSVR171217",
      "lastSynchronizedDate" : null,
      "addressNumber" : "1509",
      "sequence" : 0,
      "name" : "Dika",
      "mailingName" : "Dika",
      "description" : "",
      "firstName" : "",
      "middleName" : "",
      "lastName" : "",
      "nickname" : "",
      "salutation" : "",
      "gender" : "",
      "type" : "C",
      "religion" : "",
      "dateOfBirth" : null,
      "placeOfBirth" : "",
      "socialSecurityNumber" : "",
      "socialSecurityDate" : null,
      "mediaObjectReference" : "",
      "lastUpdateDateTime" : "2017-12-17T00:00:00",
      "inputDateTime" : "2017-12-17T00:00:00",
      "_links" : {
        "self" : {
          "href" : "http://localhost/api/contacts/1509_0"
        },
        "contactPerson" : {
          "href" : "http://localhost/api/contacts/1509_0"
        },
        "master" : {
          "href" : "http://localhost/api/contacts/1509_0/master"
        }
      }
    }, {
      "inputUserId" : "QSA",
      "lastUpdateUserId" : "QSA",
      "computerId" : "GLSVR171217",
      "lastSynchronizedDate" : null,
      "addressNumber" : "1510",
      "sequence" : 0,
      "name" : "Dimas",
      "mailingName" : "Dimas",
      "description" : "",
      "firstName" : "",
      "middleName" : "",
      "lastName" : "",
      "nickname" : "",
      "salutation" : "",
      "gender" : "",
      "type" : "C",
      "religion" : "",
      "dateOfBirth" : null,
      "placeOfBirth" : "",
      "socialSecurityNumber" : "",
      "socialSecurityDate" : null,
      "mediaObjectReference" : "",
      "lastUpdateDateTime" : "2017-12-17T00:00:00",
      "inputDateTime" : "2017-12-17T00:00:00",
      "_links" : {
        "self" : {
          "href" : "http://localhost/api/contacts/1510_0"
        },
        "contactPerson" : {
          "href" : "http://localhost/api/contacts/1510_0"
        },
        "master" : {
          "href" : "http://localhost/api/contacts/1510_0/master"
        }
      }
    }, {
      "inputUserId" : "QSA",
      "lastUpdateUserId" : "QSA",
      "computerId" : "GLSVR171217",
      "lastSynchronizedDate" : null,
      "addressNumber" : "1511",
      "sequence" : 0,
      "name" : "Dimas Komputer",
      "mailingName" : "Dimas Komputer",
      "description" : "",
      "firstName" : "",
      "middleName" : "",
      "lastName" : "",
      "nickname" : "",
      "salutation" : "",
      "gender" : "",
      "type" : "C",
      "religion" : "",
      "dateOfBirth" : null,
      "placeOfBirth" : "",
      "socialSecurityNumber" : "",
      "socialSecurityDate" : null,
      "mediaObjectReference" : "",
      "lastUpdateDateTime" : "2017-12-17T00:00:00",
      "inputDateTime" : "2017-12-17T00:00:00",
      "_links" : {
        "self" : {
          "href" : "http://localhost/api/contacts/1511_0"
        },
        "contactPerson" : {
          "href" : "http://localhost/api/contacts/1511_0"
        },
        "master" : {
          "href" : "http://localhost/api/contacts/1511_0/master"
        }
      }
    }, {
      "inputUserId" : "QSA",
      "lastUpdateUserId" : "QSA",
      "computerId" : "GLSVR171217",
      "lastSynchronizedDate" : null,
      "addressNumber" : "1512",
      "sequence" : 0,
      "name" : "Dinar Yudiarto(Tokopedia)",
      "mailingName" : "Dinar Yudiarto(Tokopedia)",
      "description" : "",
      "firstName" : "",
      "middleName" : "",
      "lastName" : "",
      "nickname" : "",
      "salutation" : "",
      "gender" : "",
      "type" : "C",
      "religion" : "",
      "dateOfBirth" : null,
      "placeOfBirth" : "",
      "socialSecurityNumber" : "",
      "socialSecurityDate" : null,
      "mediaObjectReference" : "",
      "lastUpdateDateTime" : "2017-12-17T00:00:00",
      "inputDateTime" : "2017-12-17T00:00:00",
      "_links" : {
        "self" : {
          "href" : "http://localhost/api/contacts/1512_0"
        },
        "contactPerson" : {
          "href" : "http://localhost/api/contacts/1512_0"
        },
        "master" : {
          "href" : "http://localhost/api/contacts/1512_0/master"
        }
      }
    }, {
      "inputUserId" : "QSA",
      "lastUpdateUserId" : "QSA",
      "computerId" : "GLSVR171217",
      "lastSynchronizedDate" : null,
      "addressNumber" : "1513",
      "sequence" : 0,
      "name" : "Dinas Pariwisata Gedung Siola Lt.2",
      "mailingName" : "Dinas Pariwisata Gedung Siola Lt.2",
      "description" : "",
      "firstName" : "",
      "middleName" : "",
      "lastName" : "",
      "nickname" : "",
      "salutation" : "",
      "gender" : "",
      "type" : "C",
      "religion" : "",
      "dateOfBirth" : null,
      "placeOfBirth" : "",
      "socialSecurityNumber" : "",
      "socialSecurityDate" : null,
      "mediaObjectReference" : "",
      "lastUpdateDateTime" : "2017-12-17T00:00:00",
      "inputDateTime" : "2017-12-17T00:00:00",
      "_links" : {
        "self" : {
          "href" : "http://localhost/api/contacts/1513_0"
        },
        "contactPerson" : {
          "href" : "http://localhost/api/contacts/1513_0"
        },
        "master" : {
          "href" : "http://localhost/api/contacts/1513_0/master"
        }
      }
    }, {
      "inputUserId" : "QSA",
      "lastUpdateUserId" : "QSA",
      "computerId" : "GLSVR171217",
      "lastSynchronizedDate" : null,
      "addressNumber" : "1514",
      "sequence" : 0,
      "name" : "Dinas Pariwisata Kebudayaan Surabaya",
      "mailingName" : "Dinas Pariwisata Kebudayaan Surabaya",
      "description" : "",
      "firstName" : "",
      "middleName" : "",
      "lastName" : "",
      "nickname" : "",
      "salutation" : "",
      "gender" : "",
      "type" : "C",
      "religion" : "",
      "dateOfBirth" : null,
      "placeOfBirth" : "",
      "socialSecurityNumber" : "",
      "socialSecurityDate" : null,
      "mediaObjectReference" : "",
      "lastUpdateDateTime" : "2017-12-17T00:00:00",
      "inputDateTime" : "2017-12-17T00:00:00",
      "_links" : {
        "self" : {
          "href" : "http://localhost/api/contacts/1514_0"
        },
        "contactPerson" : {
          "href" : "http://localhost/api/contacts/1514_0"
        },
        "master" : {
          "href" : "http://localhost/api/contacts/1514_0/master"
        }
      }
    }, {
      "inputUserId" : "QSA",
      "lastUpdateUserId" : "QSA",
      "computerId" : "GLSVR171217",
      "lastSynchronizedDate" : null,
      "addressNumber" : "1515",
      "sequence" : 0,
      "name" : "Dinas Pemberdayaan Perempuan Perlindungan Anak Dan KB",
      "mailingName" : "Dinas Pemberdayaan Perempuan Perlindungan Anak Dan KB",
      "description" : "",
      "firstName" : "",
      "middleName" : "",
      "lastName" : "",
      "nickname" : "",
      "salutation" : "",
      "gender" : "",
      "type" : "C",
      "religion" : "",
      "dateOfBirth" : null,
      "placeOfBirth" : "",
      "socialSecurityNumber" : "",
      "socialSecurityDate" : null,
      "mediaObjectReference" : "",
      "lastUpdateDateTime" : "2017-12-17T00:00:00",
      "inputDateTime" : "2017-12-17T00:00:00",
      "_links" : {
        "self" : {
          "href" : "http://localhost/api/contacts/1515_0"
        },
        "contactPerson" : {
          "href" : "http://localhost/api/contacts/1515_0"
        },
        "master" : {
          "href" : "http://localhost/api/contacts/1515_0/master"
        }
      }
    }, {
      "inputUserId" : "QSA",
      "lastUpdateUserId" : "QSA",
      "computerId" : "GLSVR171217",
      "lastSynchronizedDate" : null,
      "addressNumber" : "1516",
      "sequence" : 0,
      "name" : "Dinas Pertanian Gresik",
      "mailingName" : "Dinas Pertanian Gresik",
      "description" : "",
      "firstName" : "",
      "middleName" : "",
      "lastName" : "",
      "nickname" : "",
      "salutation" : "",
      "gender" : "",
      "type" : "C",
      "religion" : "",
      "dateOfBirth" : null,
      "placeOfBirth" : "",
      "socialSecurityNumber" : "",
      "socialSecurityDate" : null,
      "mediaObjectReference" : "",
      "lastUpdateDateTime" : "2017-12-17T00:00:00",
      "inputDateTime" : "2017-12-17T00:00:00",
      "_links" : {
        "self" : {
          "href" : "http://localhost/api/contacts/1516_0"
        },
        "contactPerson" : {
          "href" : "http://localhost/api/contacts/1516_0"
        },
        "master" : {
          "href" : "http://localhost/api/contacts/1516_0/master"
        }
      }
    }, {
      "inputUserId" : "QSA",
      "lastUpdateUserId" : "QSA",
      "computerId" : "GLSVR171217",
      "lastSynchronizedDate" : null,
      "addressNumber" : "1517",
      "sequence" : 0,
      "name" : "Dinda",
      "mailingName" : "Dinda",
      "description" : "",
      "firstName" : "",
      "middleName" : "",
      "lastName" : "",
      "nickname" : "",
      "salutation" : "",
      "gender" : "",
      "type" : "C",
      "religion" : "",
      "dateOfBirth" : null,
      "placeOfBirth" : "",
      "socialSecurityNumber" : "",
      "socialSecurityDate" : null,
      "mediaObjectReference" : "",
      "lastUpdateDateTime" : "2017-12-17T00:00:00",
      "inputDateTime" : "2017-12-17T00:00:00",
      "_links" : {
        "self" : {
          "href" : "http://localhost/api/contacts/1517_0"
        },
        "contactPerson" : {
          "href" : "http://localhost/api/contacts/1517_0"
        },
        "master" : {
          "href" : "http://localhost/api/contacts/1517_0/master"
        }
      }
    }, {
      "inputUserId" : "QSA",
      "lastUpdateUserId" : "QSA",
      "computerId" : "GLSVR171217",
      "lastSynchronizedDate" : null,
      "addressNumber" : "1518",
      "sequence" : 0,
      "name" : "Dinda Comp",
      "mailingName" : "Dinda Comp",
      "description" : "",
      "firstName" : "",
      "middleName" : "",
      "lastName" : "",
      "nickname" : "",
      "salutation" : "",
      "gender" : "",
      "type" : "C",
      "religion" : "",
      "dateOfBirth" : null,
      "placeOfBirth" : "",
      "socialSecurityNumber" : "",
      "socialSecurityDate" : null,
      "mediaObjectReference" : "",
      "lastUpdateDateTime" : "2017-12-17T00:00:00",
      "inputDateTime" : "2017-12-17T00:00:00",
      "_links" : {
        "self" : {
          "href" : "http://localhost/api/contacts/1518_0"
        },
        "contactPerson" : {
          "href" : "http://localhost/api/contacts/1518_0"
        },
        "master" : {
          "href" : "http://localhost/api/contacts/1518_0/master"
        }
      }
    }, {
      "inputUserId" : "QSA",
      "lastUpdateUserId" : "QSA",
      "computerId" : "GLSVR171217",
      "lastSynchronizedDate" : null,
      "addressNumber" : "1519",
      "sequence" : 0,
      "name" : "Dini Computer",
      "mailingName" : "Dini Computer",
      "description" : "",
      "firstName" : "",
      "middleName" : "",
      "lastName" : "",
      "nickname" : "",
      "salutation" : "",
      "gender" : "",
      "type" : "C",
      "religion" : "",
      "dateOfBirth" : null,
      "placeOfBirth" : "",
      "socialSecurityNumber" : "",
      "socialSecurityDate" : null,
      "mediaObjectReference" : "",
      "lastUpdateDateTime" : "2017-12-17T00:00:00",
      "inputDateTime" : "2017-12-17T00:00:00",
      "_links" : {
        "self" : {
          "href" : "http://localhost/api/contacts/1519_0"
        },
        "contactPerson" : {
          "href" : "http://localhost/api/contacts/1519_0"
        },
        "master" : {
          "href" : "http://localhost/api/contacts/1519_0/master"
        }
      }
    }, {
      "inputUserId" : "QSA",
      "lastUpdateUserId" : "QSA",
      "computerId" : "GLSVR171217",
      "lastSynchronizedDate" : null,
      "addressNumber" : "1520",
      "sequence" : 0,
      "name" : "Dink",
      "mailingName" : "Dink",
      "description" : "",
      "firstName" : "",
      "middleName" : "",
      "lastName" : "",
      "nickname" : "",
      "salutation" : "",
      "gender" : "",
      "type" : "C",
      "religion" : "",
      "dateOfBirth" : null,
      "placeOfBirth" : "",
      "socialSecurityNumber" : "",
      "socialSecurityDate" : null,
      "mediaObjectReference" : "",
      "lastUpdateDateTime" : "2017-12-17T00:00:00",
      "inputDateTime" : "2017-12-17T00:00:00",
      "_links" : {
        "self" : {
          "href" : "http://localhost/api/contacts/1520_0"
        },
        "contactPerson" : {
          "href" : "http://localhost/api/contacts/1520_0"
        },
        "master" : {
          "href" : "http://localhost/api/contacts/1520_0/master"
        }
      }
    }, {
      "inputUserId" : "QSA",
      "lastUpdateUserId" : "QSA",
      "computerId" : "GLSVR171217",
      "lastSynchronizedDate" : null,
      "addressNumber" : "1521",
      "sequence" : 0,
      "name" : "Dipta",
      "mailingName" : "Dipta",
      "description" : "",
      "firstName" : "",
      "middleName" : "",
      "lastName" : "",
      "nickname" : "",
      "salutation" : "",
      "gender" : "",
      "type" : "C",
      "religion" : "",
      "dateOfBirth" : null,
      "placeOfBirth" : "",
      "socialSecurityNumber" : "",
      "socialSecurityDate" : null,
      "mediaObjectReference" : "",
      "lastUpdateDateTime" : "2017-12-17T00:00:00",
      "inputDateTime" : "2017-12-17T00:00:00",
      "_links" : {
        "self" : {
          "href" : "http://localhost/api/contacts/1521_0"
        },
        "contactPerson" : {
          "href" : "http://localhost/api/contacts/1521_0"
        },
        "master" : {
          "href" : "http://localhost/api/contacts/1521_0/master"
        }
      }
    }, {
      "inputUserId" : "QSA",
      "lastUpdateUserId" : "QSA",
      "computerId" : "GLSVR171217",
      "lastSynchronizedDate" : null,
      "addressNumber" : "1522",
      "sequence" : 0,
      "name" : "Diska",
      "mailingName" : "Diska",
      "description" : "",
      "firstName" : "",
      "middleName" : "",
      "lastName" : "",
      "nickname" : "",
      "salutation" : "",
      "gender" : "",
      "type" : "C",
      "religion" : "",
      "dateOfBirth" : null,
      "placeOfBirth" : "",
      "socialSecurityNumber" : "",
      "socialSecurityDate" : null,
      "mediaObjectReference" : "",
      "lastUpdateDateTime" : "2017-12-17T00:00:00",
      "inputDateTime" : "2017-12-17T00:00:00",
      "_links" : {
        "self" : {
          "href" : "http://localhost/api/contacts/1522_0"
        },
        "contactPerson" : {
          "href" : "http://localhost/api/contacts/1522_0"
        },
        "master" : {
          "href" : "http://localhost/api/contacts/1522_0/master"
        }
      }
    }, {
      "inputUserId" : "QSA",
      "lastUpdateUserId" : "QSA",
      "computerId" : "GLSVR171217",
      "lastSynchronizedDate" : null,
      "addressNumber" : "1523",
      "sequence" : 0,
      "name" : "Dispora",
      "mailingName" : "Dispora",
      "description" : "",
      "firstName" : "",
      "middleName" : "",
      "lastName" : "",
      "nickname" : "",
      "salutation" : "",
      "gender" : "",
      "type" : "C",
      "religion" : "",
      "dateOfBirth" : null,
      "placeOfBirth" : "",
      "socialSecurityNumber" : "",
      "socialSecurityDate" : null,
      "mediaObjectReference" : "",
      "lastUpdateDateTime" : "2017-12-17T00:00:00",
      "inputDateTime" : "2017-12-17T00:00:00",
      "_links" : {
        "self" : {
          "href" : "http://localhost/api/contacts/1523_0"
        },
        "contactPerson" : {
          "href" : "http://localhost/api/contacts/1523_0"
        },
        "master" : {
          "href" : "http://localhost/api/contacts/1523_0/master"
        }
      }
    }, {
      "inputUserId" : "QSA",
      "lastUpdateUserId" : "QSA",
      "computerId" : "GLSVR171217",
      "lastSynchronizedDate" : null,
      "addressNumber" : "1524",
      "sequence" : 0,
      "name" : "DJ Comp",
      "mailingName" : "DJ Comp",
      "description" : "",
      "firstName" : "",
      "middleName" : "",
      "lastName" : "",
      "nickname" : "",
      "salutation" : "",
      "gender" : "",
      "type" : "C",
      "religion" : "",
      "dateOfBirth" : null,
      "placeOfBirth" : "",
      "socialSecurityNumber" : "",
      "socialSecurityDate" : null,
      "mediaObjectReference" : "",
      "lastUpdateDateTime" : "2017-12-17T00:00:00",
      "inputDateTime" : "2017-12-17T00:00:00",
      "_links" : {
        "self" : {
          "href" : "http://localhost/api/contacts/1524_0"
        },
        "contactPerson" : {
          "href" : "http://localhost/api/contacts/1524_0"
        },
        "master" : {
          "href" : "http://localhost/api/contacts/1524_0/master"
        }
      }
    }, {
      "inputUserId" : "QSA",
      "lastUpdateUserId" : "QSA",
      "computerId" : "GLSVR171217",
      "lastSynchronizedDate" : null,
      "addressNumber" : "1525",
      "sequence" : 0,
      "name" : "Djap Tjun Hiang",
      "mailingName" : "Djap Tjun Hiang",
      "description" : "",
      "firstName" : "",
      "middleName" : "",
      "lastName" : "",
      "nickname" : "",
      "salutation" : "",
      "gender" : "",
      "type" : "C",
      "religion" : "",
      "dateOfBirth" : null,
      "placeOfBirth" : "",
      "socialSecurityNumber" : "",
      "socialSecurityDate" : null,
      "mediaObjectReference" : "",
      "lastUpdateDateTime" : "2017-12-17T00:00:00",
      "inputDateTime" : "2017-12-17T00:00:00",
      "_links" : {
        "self" : {
          "href" : "http://localhost/api/contacts/1525_0"
        },
        "contactPerson" : {
          "href" : "http://localhost/api/contacts/1525_0"
        },
        "master" : {
          "href" : "http://localhost/api/contacts/1525_0/master"
        }
      }
    }, {
      "inputUserId" : "QSA",
      "lastUpdateUserId" : "QSA",
      "computerId" : "GLSVR171217",
      "lastSynchronizedDate" : null,
      "addressNumber" : "1526",
      "sequence" : 0,
      "name" : "DM Computer",
      "mailingName" : "DM Computer",
      "description" : "",
      "firstName" : "",
      "middleName" : "",
      "lastName" : "",
      "nickname" : "",
      "salutation" : "",
      "gender" : "",
      "type" : "C",
      "religion" : "",
      "dateOfBirth" : null,
      "placeOfBirth" : "",
      "socialSecurityNumber" : "",
      "socialSecurityDate" : null,
      "mediaObjectReference" : "",
      "lastUpdateDateTime" : "2017-12-17T00:00:00",
      "inputDateTime" : "2017-12-17T00:00:00",
      "_links" : {
        "self" : {
          "href" : "http://localhost/api/contacts/1526_0"
        },
        "contactPerson" : {
          "href" : "http://localhost/api/contacts/1526_0"
        },
        "master" : {
          "href" : "http://localhost/api/contacts/1526_0/master"
        }
      }
    }, {
      "inputUserId" : "QSA",
      "lastUpdateUserId" : "QSA",
      "computerId" : "GLSVR171217",
      "lastSynchronizedDate" : null,
      "addressNumber" : "1527",
      "sequence" : 0,
      "name" : "DMC Mojokerto",
      "mailingName" : "DMC Mojokerto",
      "description" : "",
      "firstName" : "",
      "middleName" : "",
      "lastName" : "",
      "nickname" : "",
      "salutation" : "",
      "gender" : "",
      "type" : "C",
      "religion" : "",
      "dateOfBirth" : null,
      "placeOfBirth" : "",
      "socialSecurityNumber" : "",
      "socialSecurityDate" : null,
      "mediaObjectReference" : "",
      "lastUpdateDateTime" : "2017-12-17T00:00:00",
      "inputDateTime" : "2017-12-17T00:00:00",
      "_links" : {
        "self" : {
          "href" : "http://localhost/api/contacts/1527_0"
        },
        "contactPerson" : {
          "href" : "http://localhost/api/contacts/1527_0"
        },
        "master" : {
          "href" : "http://localhost/api/contacts/1527_0/master"
        }
      }
    }, {
      "inputUserId" : "QSA",
      "lastUpdateUserId" : "QSA",
      "computerId" : "GLSVR171217",
      "lastSynchronizedDate" : null,
      "addressNumber" : "1528",
      "sequence" : 0,
      "name" : "Dodik",
      "mailingName" : "Dodik",
      "description" : "",
      "firstName" : "",
      "middleName" : "",
      "lastName" : "",
      "nickname" : "",
      "salutation" : "",
      "gender" : "",
      "type" : "C",
      "religion" : "",
      "dateOfBirth" : null,
      "placeOfBirth" : "",
      "socialSecurityNumber" : "",
      "socialSecurityDate" : null,
      "mediaObjectReference" : "",
      "lastUpdateDateTime" : "2017-12-17T00:00:00",
      "inputDateTime" : "2017-12-17T00:00:00",
      "_links" : {
        "self" : {
          "href" : "http://localhost/api/contacts/1528_0"
        },
        "contactPerson" : {
          "href" : "http://localhost/api/contacts/1528_0"
        },
        "master" : {
          "href" : "http://localhost/api/contacts/1528_0/master"
        }
      }
    }, {
      "inputUserId" : "QSA",
      "lastUpdateUserId" : "QSA",
      "computerId" : "GLSVR171217",
      "lastSynchronizedDate" : null,
      "addressNumber" : "1529",
      "sequence" : 0,
      "name" : "Dokter Print",
      "mailingName" : "Dokter Print",
      "description" : "",
      "firstName" : "",
      "middleName" : "",
      "lastName" : "",
      "nickname" : "",
      "salutation" : "",
      "gender" : "",
      "type" : "C",
      "religion" : "",
      "dateOfBirth" : null,
      "placeOfBirth" : "",
      "socialSecurityNumber" : "",
      "socialSecurityDate" : null,
      "mediaObjectReference" : "",
      "lastUpdateDateTime" : "2017-12-17T00:00:00",
      "inputDateTime" : "2017-12-17T00:00:00",
      "_links" : {
        "self" : {
          "href" : "http://localhost/api/contacts/1529_0"
        },
        "contactPerson" : {
          "href" : "http://localhost/api/contacts/1529_0"
        },
        "master" : {
          "href" : "http://localhost/api/contacts/1529_0/master"
        }
      }
    }, {
      "inputUserId" : "QSA",
      "lastUpdateUserId" : "QSA",
      "computerId" : "GLSVR171217",
      "lastSynchronizedDate" : null,
      "addressNumber" : "1530",
      "sequence" : 0,
      "name" : "Doni",
      "mailingName" : "Doni",
      "description" : "",
      "firstName" : "",
      "middleName" : "",
      "lastName" : "",
      "nickname" : "",
      "salutation" : "",
      "gender" : "",
      "type" : "C",
      "religion" : "",
      "dateOfBirth" : null,
      "placeOfBirth" : "",
      "socialSecurityNumber" : "",
      "socialSecurityDate" : null,
      "mediaObjectReference" : "",
      "lastUpdateDateTime" : "2017-12-17T00:00:00",
      "inputDateTime" : "2017-12-17T00:00:00",
      "_links" : {
        "self" : {
          "href" : "http://localhost/api/contacts/1530_0"
        },
        "contactPerson" : {
          "href" : "http://localhost/api/contacts/1530_0"
        },
        "master" : {
          "href" : "http://localhost/api/contacts/1530_0/master"
        }
      }
    }, {
      "inputUserId" : "QSA",
      "lastUpdateUserId" : "QSA",
      "computerId" : "GLSVR171217",
      "lastSynchronizedDate" : null,
      "addressNumber" : "1531",
      "sequence" : 0,
      "name" : "Dony Wicaksono",
      "mailingName" : "Dony Wicaksono",
      "description" : "",
      "firstName" : "",
      "middleName" : "",
      "lastName" : "",
      "nickname" : "",
      "salutation" : "",
      "gender" : "",
      "type" : "C",
      "religion" : "",
      "dateOfBirth" : null,
      "placeOfBirth" : "",
      "socialSecurityNumber" : "",
      "socialSecurityDate" : null,
      "mediaObjectReference" : "",
      "lastUpdateDateTime" : "2017-12-17T00:00:00",
      "inputDateTime" : "2017-12-17T00:00:00",
      "_links" : {
        "self" : {
          "href" : "http://localhost/api/contacts/1531_0"
        },
        "contactPerson" : {
          "href" : "http://localhost/api/contacts/1531_0"
        },
        "master" : {
          "href" : "http://localhost/api/contacts/1531_0/master"
        }
      }
    }, {
      "inputUserId" : "QSA",
      "lastUpdateUserId" : "QSA",
      "computerId" : "GLSVR171217",
      "lastSynchronizedDate" : null,
      "addressNumber" : "1532",
      "sequence" : 0,
      "name" : "Dot Com",
      "mailingName" : "Dot Com",
      "description" : "",
      "firstName" : "",
      "middleName" : "",
      "lastName" : "",
      "nickname" : "",
      "salutation" : "",
      "gender" : "",
      "type" : "C",
      "religion" : "",
      "dateOfBirth" : null,
      "placeOfBirth" : "",
      "socialSecurityNumber" : "",
      "socialSecurityDate" : null,
      "mediaObjectReference" : "",
      "lastUpdateDateTime" : "2017-12-17T00:00:00",
      "inputDateTime" : "2017-12-17T00:00:00",
      "_links" : {
        "self" : {
          "href" : "http://localhost/api/contacts/1532_0"
        },
        "contactPerson" : {
          "href" : "http://localhost/api/contacts/1532_0"
        },
        "master" : {
          "href" : "http://localhost/api/contacts/1532_0/master"
        }
      }
    }, {
      "inputUserId" : "QSA",
      "lastUpdateUserId" : "QSA",
      "computerId" : "GLSVR171217",
      "lastSynchronizedDate" : null,
      "addressNumber" : "1533",
      "sequence" : 0,
      "name" : "DT Paud",
      "mailingName" : "DT Paud",
      "description" : "",
      "firstName" : "",
      "middleName" : "",
      "lastName" : "",
      "nickname" : "",
      "salutation" : "",
      "gender" : "",
      "type" : "C",
      "religion" : "",
      "dateOfBirth" : null,
      "placeOfBirth" : "",
      "socialSecurityNumber" : "",
      "socialSecurityDate" : null,
      "mediaObjectReference" : "",
      "lastUpdateDateTime" : "2017-12-17T00:00:00",
      "inputDateTime" : "2017-12-17T00:00:00",
      "_links" : {
        "self" : {
          "href" : "http://localhost/api/contacts/1533_0"
        },
        "contactPerson" : {
          "href" : "http://localhost/api/contacts/1533_0"
        },
        "master" : {
          "href" : "http://localhost/api/contacts/1533_0/master"
        }
      }
    }, {
      "inputUserId" : "QSA",
      "lastUpdateUserId" : "QSA",
      "computerId" : "GLSVR171217",
      "lastSynchronizedDate" : null,
      "addressNumber" : "1534",
      "sequence" : 0,
      "name" : "Duma Data",
      "mailingName" : "Duma Data",
      "description" : "",
      "firstName" : "",
      "middleName" : "",
      "lastName" : "",
      "nickname" : "",
      "salutation" : "",
      "gender" : "",
      "type" : "C",
      "religion" : "",
      "dateOfBirth" : null,
      "placeOfBirth" : "",
      "socialSecurityNumber" : "",
      "socialSecurityDate" : null,
      "mediaObjectReference" : "",
      "lastUpdateDateTime" : "2017-12-17T00:00:00",
      "inputDateTime" : "2017-12-17T00:00:00",
      "_links" : {
        "self" : {
          "href" : "http://localhost/api/contacts/1534_0"
        },
        "contactPerson" : {
          "href" : "http://localhost/api/contacts/1534_0"
        },
        "master" : {
          "href" : "http://localhost/api/contacts/1534_0/master"
        }
      }
    }, {
      "inputUserId" : "QSA",
      "lastUpdateUserId" : "QSA",
      "computerId" : "GLSVR171217",
      "lastSynchronizedDate" : null,
      "addressNumber" : "1535",
      "sequence" : 0,
      "name" : "Dunia Print",
      "mailingName" : "Dunia Print",
      "description" : "",
      "firstName" : "",
      "middleName" : "",
      "lastName" : "",
      "nickname" : "",
      "salutation" : "",
      "gender" : "",
      "type" : "C",
      "religion" : "",
      "dateOfBirth" : null,
      "placeOfBirth" : "",
      "socialSecurityNumber" : "",
      "socialSecurityDate" : null,
      "mediaObjectReference" : "",
      "lastUpdateDateTime" : "2017-12-17T00:00:00",
      "inputDateTime" : "2017-12-17T00:00:00",
      "_links" : {
        "self" : {
          "href" : "http://localhost/api/contacts/1535_0"
        },
        "contactPerson" : {
          "href" : "http://localhost/api/contacts/1535_0"
        },
        "master" : {
          "href" : "http://localhost/api/contacts/1535_0/master"
        }
      }
    }, {
      "inputUserId" : "QSA",
      "lastUpdateUserId" : "QSA",
      "computerId" : "GLSVR171217",
      "lastSynchronizedDate" : null,
      "addressNumber" : "1536",
      "sequence" : 0,
      "name" : "Duta Multi Computer",
      "mailingName" : "Duta Multi Computer",
      "description" : "",
      "firstName" : "",
      "middleName" : "",
      "lastName" : "",
      "nickname" : "",
      "salutation" : "",
      "gender" : "",
      "type" : "C",
      "religion" : "",
      "dateOfBirth" : null,
      "placeOfBirth" : "",
      "socialSecurityNumber" : "",
      "socialSecurityDate" : null,
      "mediaObjectReference" : "",
      "lastUpdateDateTime" : "2017-12-17T00:00:00",
      "inputDateTime" : "2017-12-17T00:00:00",
      "_links" : {
        "self" : {
          "href" : "http://localhost/api/contacts/1536_0"
        },
        "contactPerson" : {
          "href" : "http://localhost/api/contacts/1536_0"
        },
        "master" : {
          "href" : "http://localhost/api/contacts/1536_0/master"
        }
      }
    }, {
      "inputUserId" : "QSA",
      "lastUpdateUserId" : "QSA",
      "computerId" : "GLSVR171217",
      "lastSynchronizedDate" : null,
      "addressNumber" : "1537",
      "sequence" : 0,
      "name" : "Dwi",
      "mailingName" : "Dwi",
      "description" : "",
      "firstName" : "",
      "middleName" : "",
      "lastName" : "",
      "nickname" : "",
      "salutation" : "",
      "gender" : "",
      "type" : "C",
      "religion" : "",
      "dateOfBirth" : null,
      "placeOfBirth" : "",
      "socialSecurityNumber" : "",
      "socialSecurityDate" : null,
      "mediaObjectReference" : "",
      "lastUpdateDateTime" : "2017-12-17T00:00:00",
      "inputDateTime" : "2017-12-17T00:00:00",
      "_links" : {
        "self" : {
          "href" : "http://localhost/api/contacts/1537_0"
        },
        "contactPerson" : {
          "href" : "http://localhost/api/contacts/1537_0"
        },
        "master" : {
          "href" : "http://localhost/api/contacts/1537_0/master"
        }
      }
    }, {
      "inputUserId" : "QSA",
      "lastUpdateUserId" : "QSA",
      "computerId" : "GLSVR171217",
      "lastSynchronizedDate" : null,
      "addressNumber" : "1538",
      "sequence" : 0,
      "name" : "Dwita",
      "mailingName" : "Dwita",
      "description" : "",
      "firstName" : "",
      "middleName" : "",
      "lastName" : "",
      "nickname" : "",
      "salutation" : "",
      "gender" : "",
      "type" : "C",
      "religion" : "",
      "dateOfBirth" : null,
      "placeOfBirth" : "",
      "socialSecurityNumber" : "",
      "socialSecurityDate" : null,
      "mediaObjectReference" : "",
      "lastUpdateDateTime" : "2017-12-17T00:00:00",
      "inputDateTime" : "2017-12-17T00:00:00",
      "_links" : {
        "self" : {
          "href" : "http://localhost/api/contacts/1538_0"
        },
        "contactPerson" : {
          "href" : "http://localhost/api/contacts/1538_0"
        },
        "master" : {
          "href" : "http://localhost/api/contacts/1538_0/master"
        }
      }
    }, {
      "inputUserId" : "QSA",
      "lastUpdateUserId" : "QSA",
      "computerId" : "GLSVR171217",
      "lastSynchronizedDate" : null,
      "addressNumber" : "1539",
      "sequence" : 0,
      "name" : "Dyna Comp",
      "mailingName" : "Dyna Comp",
      "description" : "",
      "firstName" : "",
      "middleName" : "",
      "lastName" : "",
      "nickname" : "",
      "salutation" : "",
      "gender" : "",
      "type" : "C",
      "religion" : "",
      "dateOfBirth" : null,
      "placeOfBirth" : "",
      "socialSecurityNumber" : "",
      "socialSecurityDate" : null,
      "mediaObjectReference" : "",
      "lastUpdateDateTime" : "2017-12-17T00:00:00",
      "inputDateTime" : "2017-12-17T00:00:00",
      "_links" : {
        "self" : {
          "href" : "http://localhost/api/contacts/1539_0"
        },
        "contactPerson" : {
          "href" : "http://localhost/api/contacts/1539_0"
        },
        "master" : {
          "href" : "http://localhost/api/contacts/1539_0/master"
        }
      }
    }, {
      "inputUserId" : "QSA",
      "lastUpdateUserId" : "QSA",
      "computerId" : "GLSVR171217",
      "lastSynchronizedDate" : null,
      "addressNumber" : "1540",
      "sequence" : 0,
      "name" : "Dynasty Computer",
      "mailingName" : "Dynasty Computer",
      "description" : "",
      "firstName" : "",
      "middleName" : "",
      "lastName" : "",
      "nickname" : "",
      "salutation" : "",
      "gender" : "",
      "type" : "C",
      "religion" : "",
      "dateOfBirth" : null,
      "placeOfBirth" : "",
      "socialSecurityNumber" : "",
      "socialSecurityDate" : null,
      "mediaObjectReference" : "",
      "lastUpdateDateTime" : "2017-12-17T00:00:00",
      "inputDateTime" : "2017-12-17T00:00:00",
      "_links" : {
        "self" : {
          "href" : "http://localhost/api/contacts/1540_0"
        },
        "contactPerson" : {
          "href" : "http://localhost/api/contacts/1540_0"
        },
        "master" : {
          "href" : "http://localhost/api/contacts/1540_0/master"
        }
      }
    }, {
      "inputUserId" : "QSA",
      "lastUpdateUserId" : "QSA",
      "computerId" : "GLSVR171217",
      "lastSynchronizedDate" : null,
      "addressNumber" : "1541",
      "sequence" : 0,
      "name" : "Dytech",
      "mailingName" : "Dytech",
      "description" : "",
      "firstName" : "",
      "middleName" : "",
      "lastName" : "",
      "nickname" : "",
      "salutation" : "",
      "gender" : "",
      "type" : "C",
      "religion" : "",
      "dateOfBirth" : null,
      "placeOfBirth" : "",
      "socialSecurityNumber" : "",
      "socialSecurityDate" : null,
      "mediaObjectReference" : "",
      "lastUpdateDateTime" : "2017-12-17T00:00:00",
      "inputDateTime" : "2017-12-17T00:00:00",
      "_links" : {
        "self" : {
          "href" : "http://localhost/api/contacts/1541_0"
        },
        "contactPerson" : {
          "href" : "http://localhost/api/contacts/1541_0"
        },
        "master" : {
          "href" : "http://localhost/api/contacts/1541_0/master"
        }
      }
    }, {
      "inputUserId" : "QSA",
      "lastUpdateUserId" : "QSA",
      "computerId" : "GLSVR171217",
      "lastSynchronizedDate" : null,
      "addressNumber" : "1542",
      "sequence" : 0,
      "name" : "East Online Shop (Jabar)",
      "mailingName" : "East Online Shop (Jabar)",
      "description" : "",
      "firstName" : "",
      "middleName" : "",
      "lastName" : "",
      "nickname" : "",
      "salutation" : "",
      "gender" : "",
      "type" : "C",
      "religion" : "",
      "dateOfBirth" : null,
      "placeOfBirth" : "",
      "socialSecurityNumber" : "",
      "socialSecurityDate" : null,
      "mediaObjectReference" : "",
      "lastUpdateDateTime" : "2017-12-17T00:00:00",
      "inputDateTime" : "2017-12-17T00:00:00",
      "_links" : {
        "self" : {
          "href" : "http://localhost/api/contacts/1542_0"
        },
        "contactPerson" : {
          "href" : "http://localhost/api/contacts/1542_0"
        },
        "master" : {
          "href" : "http://localhost/api/contacts/1542_0/master"
        }
      }
    }, {
      "inputUserId" : "QSA",
      "lastUpdateUserId" : "QSA",
      "computerId" : "GLSVR171217",
      "lastSynchronizedDate" : null,
      "addressNumber" : "1543",
      "sequence" : 0,
      "name" : "EBC",
      "mailingName" : "EBC",
      "description" : "",
      "firstName" : "",
      "middleName" : "",
      "lastName" : "",
      "nickname" : "",
      "salutation" : "",
      "gender" : "",
      "type" : "C",
      "religion" : "",
      "dateOfBirth" : null,
      "placeOfBirth" : "",
      "socialSecurityNumber" : "",
      "socialSecurityDate" : null,
      "mediaObjectReference" : "",
      "lastUpdateDateTime" : "2017-12-17T00:00:00",
      "inputDateTime" : "2017-12-17T00:00:00",
      "_links" : {
        "self" : {
          "href" : "http://localhost/api/contacts/1543_0"
        },
        "contactPerson" : {
          "href" : "http://localhost/api/contacts/1543_0"
        },
        "master" : {
          "href" : "http://localhost/api/contacts/1543_0/master"
        }
      }
    }, {
      "inputUserId" : "QSA",
      "lastUpdateUserId" : "QSA",
      "computerId" : "GLSVR171217",
      "lastSynchronizedDate" : null,
      "addressNumber" : "1544",
      "sequence" : 0,
      "name" : "Eclectik",
      "mailingName" : "Eclectik",
      "description" : "",
      "firstName" : "",
      "middleName" : "",
      "lastName" : "",
      "nickname" : "",
      "salutation" : "",
      "gender" : "",
      "type" : "C",
      "religion" : "",
      "dateOfBirth" : null,
      "placeOfBirth" : "",
      "socialSecurityNumber" : "",
      "socialSecurityDate" : null,
      "mediaObjectReference" : "",
      "lastUpdateDateTime" : "2017-12-17T00:00:00",
      "inputDateTime" : "2017-12-17T00:00:00",
      "_links" : {
        "self" : {
          "href" : "http://localhost/api/contacts/1544_0"
        },
        "contactPerson" : {
          "href" : "http://localhost/api/contacts/1544_0"
        },
        "master" : {
          "href" : "http://localhost/api/contacts/1544_0/master"
        }
      }
    }, {
      "inputUserId" : "QSA",
      "lastUpdateUserId" : "QSA",
      "computerId" : "GLSVR171217",
      "lastSynchronizedDate" : null,
      "addressNumber" : "1545",
      "sequence" : 0,
      "name" : "Edi",
      "mailingName" : "Edi",
      "description" : "",
      "firstName" : "",
      "middleName" : "",
      "lastName" : "",
      "nickname" : "",
      "salutation" : "",
      "gender" : "",
      "type" : "C",
      "religion" : "",
      "dateOfBirth" : null,
      "placeOfBirth" : "",
      "socialSecurityNumber" : "",
      "socialSecurityDate" : null,
      "mediaObjectReference" : "",
      "lastUpdateDateTime" : "2017-12-17T00:00:00",
      "inputDateTime" : "2017-12-17T00:00:00",
      "_links" : {
        "self" : {
          "href" : "http://localhost/api/contacts/1545_0"
        },
        "contactPerson" : {
          "href" : "http://localhost/api/contacts/1545_0"
        },
        "master" : {
          "href" : "http://localhost/api/contacts/1545_0/master"
        }
      }
    }, {
      "inputUserId" : "QSA",
      "lastUpdateUserId" : "QSA",
      "computerId" : "GLSVR171217",
      "lastSynchronizedDate" : null,
      "addressNumber" : "1546",
      "sequence" : 0,
      "name" : "Edi Purwanto(Gendhis Konveksi)",
      "mailingName" : "Edi Purwanto(Gendhis Konveksi)",
      "description" : "",
      "firstName" : "",
      "middleName" : "",
      "lastName" : "",
      "nickname" : "",
      "salutation" : "",
      "gender" : "",
      "type" : "C",
      "religion" : "",
      "dateOfBirth" : null,
      "placeOfBirth" : "",
      "socialSecurityNumber" : "",
      "socialSecurityDate" : null,
      "mediaObjectReference" : "",
      "lastUpdateDateTime" : "2017-12-17T00:00:00",
      "inputDateTime" : "2017-12-17T00:00:00",
      "_links" : {
        "self" : {
          "href" : "http://localhost/api/contacts/1546_0"
        },
        "contactPerson" : {
          "href" : "http://localhost/api/contacts/1546_0"
        },
        "master" : {
          "href" : "http://localhost/api/contacts/1546_0/master"
        }
      }
    }, {
      "inputUserId" : "QSA",
      "lastUpdateUserId" : "QSA",
      "computerId" : "GLSVR171217",
      "lastSynchronizedDate" : null,
      "addressNumber" : "1547",
      "sequence" : 0,
      "name" : "Edlin",
      "mailingName" : "Edlin",
      "description" : "",
      "firstName" : "",
      "middleName" : "",
      "lastName" : "",
      "nickname" : "",
      "salutation" : "",
      "gender" : "",
      "type" : "C",
      "religion" : "",
      "dateOfBirth" : null,
      "placeOfBirth" : "",
      "socialSecurityNumber" : "",
      "socialSecurityDate" : null,
      "mediaObjectReference" : "",
      "lastUpdateDateTime" : "2017-12-17T00:00:00",
      "inputDateTime" : "2017-12-17T00:00:00",
      "_links" : {
        "self" : {
          "href" : "http://localhost/api/contacts/1547_0"
        },
        "contactPerson" : {
          "href" : "http://localhost/api/contacts/1547_0"
        },
        "master" : {
          "href" : "http://localhost/api/contacts/1547_0/master"
        }
      }
    }, {
      "inputUserId" : "QSA",
      "lastUpdateUserId" : "QSA",
      "computerId" : "GLSVR171217",
      "lastSynchronizedDate" : null,
      "addressNumber" : "1548",
      "sequence" : 0,
      "name" : "Edy",
      "mailingName" : "Edy",
      "description" : "",
      "firstName" : "",
      "middleName" : "",
      "lastName" : "",
      "nickname" : "",
      "salutation" : "",
      "gender" : "",
      "type" : "C",
      "religion" : "",
      "dateOfBirth" : null,
      "placeOfBirth" : "",
      "socialSecurityNumber" : "",
      "socialSecurityDate" : null,
      "mediaObjectReference" : "",
      "lastUpdateDateTime" : "2017-12-17T00:00:00",
      "inputDateTime" : "2017-12-17T00:00:00",
      "_links" : {
        "self" : {
          "href" : "http://localhost/api/contacts/1548_0"
        },
        "contactPerson" : {
          "href" : "http://localhost/api/contacts/1548_0"
        },
        "master" : {
          "href" : "http://localhost/api/contacts/1548_0/master"
        }
      }
    }, {
      "inputUserId" : "QSA",
      "lastUpdateUserId" : "QSA",
      "computerId" : "GLSVR171217",
      "lastSynchronizedDate" : null,
      "addressNumber" : "1549",
      "sequence" : 0,
      "name" : "Edy Sutrisno",
      "mailingName" : "Edy Sutrisno",
      "description" : "",
      "firstName" : "",
      "middleName" : "",
      "lastName" : "",
      "nickname" : "",
      "salutation" : "",
      "gender" : "",
      "type" : "C",
      "religion" : "",
      "dateOfBirth" : null,
      "placeOfBirth" : "",
      "socialSecurityNumber" : "",
      "socialSecurityDate" : null,
      "mediaObjectReference" : "",
      "lastUpdateDateTime" : "2017-12-17T00:00:00",
      "inputDateTime" : "2017-12-17T00:00:00",
      "_links" : {
        "self" : {
          "href" : "http://localhost/api/contacts/1549_0"
        },
        "contactPerson" : {
          "href" : "http://localhost/api/contacts/1549_0"
        },
        "master" : {
          "href" : "http://localhost/api/contacts/1549_0/master"
        }
      }
    }, {
      "inputUserId" : "QSA",
      "lastUpdateUserId" : "QSA",
      "computerId" : "GLSVR171217",
      "lastSynchronizedDate" : null,
      "addressNumber" : "1550",
      "sequence" : 0,
      "name" : "EI.Comp",
      "mailingName" : "EI.Comp",
      "description" : "",
      "firstName" : "",
      "middleName" : "",
      "lastName" : "",
      "nickname" : "",
      "salutation" : "",
      "gender" : "",
      "type" : "C",
      "religion" : "",
      "dateOfBirth" : null,
      "placeOfBirth" : "",
      "socialSecurityNumber" : "",
      "socialSecurityDate" : null,
      "mediaObjectReference" : "",
      "lastUpdateDateTime" : "2017-12-17T00:00:00",
      "inputDateTime" : "2017-12-17T00:00:00",
      "_links" : {
        "self" : {
          "href" : "http://localhost/api/contacts/1550_0"
        },
        "contactPerson" : {
          "href" : "http://localhost/api/contacts/1550_0"
        },
        "master" : {
          "href" : "http://localhost/api/contacts/1550_0/master"
        }
      }
    }, {
      "inputUserId" : "QSA",
      "lastUpdateUserId" : "QSA",
      "computerId" : "GLSVR171217",
      "lastSynchronizedDate" : null,
      "addressNumber" : "1551",
      "sequence" : 0,
      "name" : "Eka",
      "mailingName" : "Eka",
      "description" : "",
      "firstName" : "",
      "middleName" : "",
      "lastName" : "",
      "nickname" : "",
      "salutation" : "",
      "gender" : "",
      "type" : "C",
      "religion" : "",
      "dateOfBirth" : null,
      "placeOfBirth" : "",
      "socialSecurityNumber" : "",
      "socialSecurityDate" : null,
      "mediaObjectReference" : "",
      "lastUpdateDateTime" : "2017-12-17T00:00:00",
      "inputDateTime" : "2017-12-17T00:00:00",
      "_links" : {
        "self" : {
          "href" : "http://localhost/api/contacts/1551_0"
        },
        "contactPerson" : {
          "href" : "http://localhost/api/contacts/1551_0"
        },
        "master" : {
          "href" : "http://localhost/api/contacts/1551_0/master"
        }
      }
    }, {
      "inputUserId" : "QSA",
      "lastUpdateUserId" : "QSA",
      "computerId" : "GLSVR171217",
      "lastSynchronizedDate" : null,
      "addressNumber" : "1552",
      "sequence" : 0,
      "name" : "Ekimdo Trisan",
      "mailingName" : "Ekimdo Trisan",
      "description" : "",
      "firstName" : "",
      "middleName" : "",
      "lastName" : "",
      "nickname" : "",
      "salutation" : "",
      "gender" : "",
      "type" : "C",
      "religion" : "",
      "dateOfBirth" : null,
      "placeOfBirth" : "",
      "socialSecurityNumber" : "",
      "socialSecurityDate" : null,
      "mediaObjectReference" : "",
      "lastUpdateDateTime" : "2017-12-17T00:00:00",
      "inputDateTime" : "2017-12-17T00:00:00",
      "_links" : {
        "self" : {
          "href" : "http://localhost/api/contacts/1552_0"
        },
        "contactPerson" : {
          "href" : "http://localhost/api/contacts/1552_0"
        },
        "master" : {
          "href" : "http://localhost/api/contacts/1552_0/master"
        }
      }
    }, {
      "inputUserId" : "QSA",
      "lastUpdateUserId" : "QSA",
      "computerId" : "GLSVR171217",
      "lastSynchronizedDate" : null,
      "addressNumber" : "1553",
      "sequence" : 0,
      "name" : "Eko",
      "mailingName" : "Eko",
      "description" : "",
      "firstName" : "",
      "middleName" : "",
      "lastName" : "",
      "nickname" : "",
      "salutation" : "",
      "gender" : "",
      "type" : "C",
      "religion" : "",
      "dateOfBirth" : null,
      "placeOfBirth" : "",
      "socialSecurityNumber" : "",
      "socialSecurityDate" : null,
      "mediaObjectReference" : "",
      "lastUpdateDateTime" : "2017-12-17T00:00:00",
      "inputDateTime" : "2017-12-17T00:00:00",
      "_links" : {
        "self" : {
          "href" : "http://localhost/api/contacts/1553_0"
        },
        "contactPerson" : {
          "href" : "http://localhost/api/contacts/1553_0"
        },
        "master" : {
          "href" : "http://localhost/api/contacts/1553_0/master"
        }
      }
    }, {
      "inputUserId" : "QSA",
      "lastUpdateUserId" : "QSA",
      "computerId" : "GLSVR171217",
      "lastSynchronizedDate" : null,
      "addressNumber" : "1554",
      "sequence" : 0,
      "name" : "Eli",
      "mailingName" : "Eli",
      "description" : "",
      "firstName" : "",
      "middleName" : "",
      "lastName" : "",
      "nickname" : "",
      "salutation" : "",
      "gender" : "",
      "type" : "C",
      "religion" : "",
      "dateOfBirth" : null,
      "placeOfBirth" : "",
      "socialSecurityNumber" : "",
      "socialSecurityDate" : null,
      "mediaObjectReference" : "",
      "lastUpdateDateTime" : "2017-12-17T00:00:00",
      "inputDateTime" : "2017-12-17T00:00:00",
      "_links" : {
        "self" : {
          "href" : "http://localhost/api/contacts/1554_0"
        },
        "contactPerson" : {
          "href" : "http://localhost/api/contacts/1554_0"
        },
        "master" : {
          "href" : "http://localhost/api/contacts/1554_0/master"
        }
      }
    }, {
      "inputUserId" : "QSA",
      "lastUpdateUserId" : "QSA",
      "computerId" : "GLSVR171217",
      "lastSynchronizedDate" : null,
      "addressNumber" : "1555",
      "sequence" : 0,
      "name" : "Eliana",
      "mailingName" : "Eliana",
      "description" : "",
      "firstName" : "",
      "middleName" : "",
      "lastName" : "",
      "nickname" : "",
      "salutation" : "",
      "gender" : "",
      "type" : "C",
      "religion" : "",
      "dateOfBirth" : null,
      "placeOfBirth" : "",
      "socialSecurityNumber" : "",
      "socialSecurityDate" : null,
      "mediaObjectReference" : "",
      "lastUpdateDateTime" : "2017-12-17T00:00:00",
      "inputDateTime" : "2017-12-17T00:00:00",
      "_links" : {
        "self" : {
          "href" : "http://localhost/api/contacts/1555_0"
        },
        "contactPerson" : {
          "href" : "http://localhost/api/contacts/1555_0"
        },
        "master" : {
          "href" : "http://localhost/api/contacts/1555_0/master"
        }
      }
    }, {
      "inputUserId" : "QSA",
      "lastUpdateUserId" : "QSA",
      "computerId" : "GLSVR171217",
      "lastSynchronizedDate" : null,
      "addressNumber" : "1556",
      "sequence" : 0,
      "name" : "Elizabeth",
      "mailingName" : "Elizabeth",
      "description" : "",
      "firstName" : "",
      "middleName" : "",
      "lastName" : "",
      "nickname" : "",
      "salutation" : "",
      "gender" : "",
      "type" : "C",
      "religion" : "",
      "dateOfBirth" : null,
      "placeOfBirth" : "",
      "socialSecurityNumber" : "",
      "socialSecurityDate" : null,
      "mediaObjectReference" : "",
      "lastUpdateDateTime" : "2017-12-17T00:00:00",
      "inputDateTime" : "2017-12-17T00:00:00",
      "_links" : {
        "self" : {
          "href" : "http://localhost/api/contacts/1556_0"
        },
        "contactPerson" : {
          "href" : "http://localhost/api/contacts/1556_0"
        },
        "master" : {
          "href" : "http://localhost/api/contacts/1556_0/master"
        }
      }
    }, {
      "inputUserId" : "QSA",
      "lastUpdateUserId" : "QSA",
      "computerId" : "GLSVR171217",
      "lastSynchronizedDate" : null,
      "addressNumber" : "1557",
      "sequence" : 0,
      "name" : "Elsa",
      "mailingName" : "Elsa",
      "description" : "",
      "firstName" : "",
      "middleName" : "",
      "lastName" : "",
      "nickname" : "",
      "salutation" : "",
      "gender" : "",
      "type" : "C",
      "religion" : "",
      "dateOfBirth" : null,
      "placeOfBirth" : "",
      "socialSecurityNumber" : "",
      "socialSecurityDate" : null,
      "mediaObjectReference" : "",
      "lastUpdateDateTime" : "2017-12-17T00:00:00",
      "inputDateTime" : "2017-12-17T00:00:00",
      "_links" : {
        "self" : {
          "href" : "http://localhost/api/contacts/1557_0"
        },
        "contactPerson" : {
          "href" : "http://localhost/api/contacts/1557_0"
        },
        "master" : {
          "href" : "http://localhost/api/contacts/1557_0/master"
        }
      }
    }, {
      "inputUserId" : "QSA",
      "lastUpdateUserId" : "QSA",
      "computerId" : "GLSVR171217",
      "lastSynchronizedDate" : null,
      "addressNumber" : "1558",
      "sequence" : 0,
      "name" : "Elvredo",
      "mailingName" : "Elvredo",
      "description" : "",
      "firstName" : "",
      "middleName" : "",
      "lastName" : "",
      "nickname" : "",
      "salutation" : "",
      "gender" : "",
      "type" : "C",
      "religion" : "",
      "dateOfBirth" : null,
      "placeOfBirth" : "",
      "socialSecurityNumber" : "",
      "socialSecurityDate" : null,
      "mediaObjectReference" : "",
      "lastUpdateDateTime" : "2017-12-17T00:00:00",
      "inputDateTime" : "2017-12-17T00:00:00",
      "_links" : {
        "self" : {
          "href" : "http://localhost/api/contacts/1558_0"
        },
        "contactPerson" : {
          "href" : "http://localhost/api/contacts/1558_0"
        },
        "master" : {
          "href" : "http://localhost/api/contacts/1558_0/master"
        }
      }
    }, {
      "inputUserId" : "QSA",
      "lastUpdateUserId" : "QSA",
      "computerId" : "GLSVR171217",
      "lastSynchronizedDate" : null,
      "addressNumber" : "1559",
      "sequence" : 0,
      "name" : "EMF Comp",
      "mailingName" : "EMF Comp",
      "description" : "",
      "firstName" : "",
      "middleName" : "",
      "lastName" : "",
      "nickname" : "",
      "salutation" : "",
      "gender" : "",
      "type" : "C",
      "religion" : "",
      "dateOfBirth" : null,
      "placeOfBirth" : "",
      "socialSecurityNumber" : "",
      "socialSecurityDate" : null,
      "mediaObjectReference" : "",
      "lastUpdateDateTime" : "2017-12-17T00:00:00",
      "inputDateTime" : "2017-12-17T00:00:00",
      "_links" : {
        "self" : {
          "href" : "http://localhost/api/contacts/1559_0"
        },
        "contactPerson" : {
          "href" : "http://localhost/api/contacts/1559_0"
        },
        "master" : {
          "href" : "http://localhost/api/contacts/1559_0/master"
        }
      }
    }, {
      "inputUserId" : "QSA",
      "lastUpdateUserId" : "QSA",
      "computerId" : "GLSVR171217",
      "lastSynchronizedDate" : null,
      "addressNumber" : "1560",
      "sequence" : 0,
      "name" : "Endik",
      "mailingName" : "Endik",
      "description" : "",
      "firstName" : "",
      "middleName" : "",
      "lastName" : "",
      "nickname" : "",
      "salutation" : "",
      "gender" : "",
      "type" : "C",
      "religion" : "",
      "dateOfBirth" : null,
      "placeOfBirth" : "",
      "socialSecurityNumber" : "",
      "socialSecurityDate" : null,
      "mediaObjectReference" : "",
      "lastUpdateDateTime" : "2017-12-17T00:00:00",
      "inputDateTime" : "2017-12-17T00:00:00",
      "_links" : {
        "self" : {
          "href" : "http://localhost/api/contacts/1560_0"
        },
        "contactPerson" : {
          "href" : "http://localhost/api/contacts/1560_0"
        },
        "master" : {
          "href" : "http://localhost/api/contacts/1560_0/master"
        }
      }
    }, {
      "inputUserId" : "QSA",
      "lastUpdateUserId" : "QSA",
      "computerId" : "GLSVR171217",
      "lastSynchronizedDate" : null,
      "addressNumber" : "1561",
      "sequence" : 0,
      "name" : "Enrico",
      "mailingName" : "Enrico",
      "description" : "",
      "firstName" : "",
      "middleName" : "",
      "lastName" : "",
      "nickname" : "",
      "salutation" : "",
      "gender" : "",
      "type" : "C",
      "religion" : "",
      "dateOfBirth" : null,
      "placeOfBirth" : "",
      "socialSecurityNumber" : "",
      "socialSecurityDate" : null,
      "mediaObjectReference" : "",
      "lastUpdateDateTime" : "2017-12-17T00:00:00",
      "inputDateTime" : "2017-12-17T00:00:00",
      "_links" : {
        "self" : {
          "href" : "http://localhost/api/contacts/1561_0"
        },
        "contactPerson" : {
          "href" : "http://localhost/api/contacts/1561_0"
        },
        "master" : {
          "href" : "http://localhost/api/contacts/1561_0/master"
        }
      }
    }, {
      "inputUserId" : "QSA",
      "lastUpdateUserId" : "QSA",
      "computerId" : "GLSVR171217",
      "lastSynchronizedDate" : null,
      "addressNumber" : "1562",
      "sequence" : 0,
      "name" : "Epsiha",
      "mailingName" : "Epsiha",
      "description" : "",
      "firstName" : "",
      "middleName" : "",
      "lastName" : "",
      "nickname" : "",
      "salutation" : "",
      "gender" : "",
      "type" : "C",
      "religion" : "",
      "dateOfBirth" : null,
      "placeOfBirth" : "",
      "socialSecurityNumber" : "",
      "socialSecurityDate" : null,
      "mediaObjectReference" : "",
      "lastUpdateDateTime" : "2017-12-17T00:00:00",
      "inputDateTime" : "2017-12-17T00:00:00",
      "_links" : {
        "self" : {
          "href" : "http://localhost/api/contacts/1562_0"
        },
        "contactPerson" : {
          "href" : "http://localhost/api/contacts/1562_0"
        },
        "master" : {
          "href" : "http://localhost/api/contacts/1562_0/master"
        }
      }
    }, {
      "inputUserId" : "QSA",
      "lastUpdateUserId" : "QSA",
      "computerId" : "GLSVR171217",
      "lastSynchronizedDate" : null,
      "addressNumber" : "1563",
      "sequence" : 0,
      "name" : "Era Com",
      "mailingName" : "Era Com",
      "description" : "",
      "firstName" : "",
      "middleName" : "",
      "lastName" : "",
      "nickname" : "",
      "salutation" : "",
      "gender" : "",
      "type" : "C",
      "religion" : "",
      "dateOfBirth" : null,
      "placeOfBirth" : "",
      "socialSecurityNumber" : "",
      "socialSecurityDate" : null,
      "mediaObjectReference" : "",
      "lastUpdateDateTime" : "2017-12-17T00:00:00",
      "inputDateTime" : "2017-12-17T00:00:00",
      "_links" : {
        "self" : {
          "href" : "http://localhost/api/contacts/1563_0"
        },
        "contactPerson" : {
          "href" : "http://localhost/api/contacts/1563_0"
        },
        "master" : {
          "href" : "http://localhost/api/contacts/1563_0/master"
        }
      }
    }, {
      "inputUserId" : "QSA",
      "lastUpdateUserId" : "QSA",
      "computerId" : "GLSVR171217",
      "lastSynchronizedDate" : null,
      "addressNumber" : "1564",
      "sequence" : 0,
      "name" : "Eradani",
      "mailingName" : "Eradani",
      "description" : "",
      "firstName" : "",
      "middleName" : "",
      "lastName" : "",
      "nickname" : "",
      "salutation" : "",
      "gender" : "",
      "type" : "C",
      "religion" : "",
      "dateOfBirth" : null,
      "placeOfBirth" : "",
      "socialSecurityNumber" : "",
      "socialSecurityDate" : null,
      "mediaObjectReference" : "",
      "lastUpdateDateTime" : "2017-12-17T00:00:00",
      "inputDateTime" : "2017-12-17T00:00:00",
      "_links" : {
        "self" : {
          "href" : "http://localhost/api/contacts/1564_0"
        },
        "contactPerson" : {
          "href" : "http://localhost/api/contacts/1564_0"
        },
        "master" : {
          "href" : "http://localhost/api/contacts/1564_0/master"
        }
      }
    }, {
      "inputUserId" : "QSA",
      "lastUpdateUserId" : "QSA",
      "computerId" : "GLSVR171217",
      "lastSynchronizedDate" : null,
      "addressNumber" : "1565",
      "sequence" : 0,
      "name" : "Erfandu",
      "mailingName" : "Erfandu",
      "description" : "",
      "firstName" : "",
      "middleName" : "",
      "lastName" : "",
      "nickname" : "",
      "salutation" : "",
      "gender" : "",
      "type" : "C",
      "religion" : "",
      "dateOfBirth" : null,
      "placeOfBirth" : "",
      "socialSecurityNumber" : "",
      "socialSecurityDate" : null,
      "mediaObjectReference" : "",
      "lastUpdateDateTime" : "2017-12-17T00:00:00",
      "inputDateTime" : "2017-12-17T00:00:00",
      "_links" : {
        "self" : {
          "href" : "http://localhost/api/contacts/1565_0"
        },
        "contactPerson" : {
          "href" : "http://localhost/api/contacts/1565_0"
        },
        "master" : {
          "href" : "http://localhost/api/contacts/1565_0/master"
        }
      }
    }, {
      "inputUserId" : "QSA",
      "lastUpdateUserId" : "QSA",
      "computerId" : "GLSVR171217",
      "lastSynchronizedDate" : null,
      "addressNumber" : "1566",
      "sequence" : 0,
      "name" : "Erick",
      "mailingName" : "Erick",
      "description" : "",
      "firstName" : "",
      "middleName" : "",
      "lastName" : "",
      "nickname" : "",
      "salutation" : "",
      "gender" : "",
      "type" : "C",
      "religion" : "",
      "dateOfBirth" : null,
      "placeOfBirth" : "",
      "socialSecurityNumber" : "",
      "socialSecurityDate" : null,
      "mediaObjectReference" : "",
      "lastUpdateDateTime" : "2017-12-17T00:00:00",
      "inputDateTime" : "2017-12-17T00:00:00",
      "_links" : {
        "self" : {
          "href" : "http://localhost/api/contacts/1566_0"
        },
        "contactPerson" : {
          "href" : "http://localhost/api/contacts/1566_0"
        },
        "master" : {
          "href" : "http://localhost/api/contacts/1566_0/master"
        }
      }
    }, {
      "inputUserId" : "QSA",
      "lastUpdateUserId" : "QSA",
      "computerId" : "GLSVR171217",
      "lastSynchronizedDate" : null,
      "addressNumber" : "1567",
      "sequence" : 0,
      "name" : "Erla",
      "mailingName" : "Erla",
      "description" : "",
      "firstName" : "",
      "middleName" : "",
      "lastName" : "",
      "nickname" : "",
      "salutation" : "",
      "gender" : "",
      "type" : "C",
      "religion" : "",
      "dateOfBirth" : null,
      "placeOfBirth" : "",
      "socialSecurityNumber" : "",
      "socialSecurityDate" : null,
      "mediaObjectReference" : "",
      "lastUpdateDateTime" : "2017-12-17T00:00:00",
      "inputDateTime" : "2017-12-17T00:00:00",
      "_links" : {
        "self" : {
          "href" : "http://localhost/api/contacts/1567_0"
        },
        "contactPerson" : {
          "href" : "http://localhost/api/contacts/1567_0"
        },
        "master" : {
          "href" : "http://localhost/api/contacts/1567_0/master"
        }
      }
    }, {
      "inputUserId" : "QSA",
      "lastUpdateUserId" : "QSA",
      "computerId" : "GLSVR171217",
      "lastSynchronizedDate" : null,
      "addressNumber" : "1568",
      "sequence" : 0,
      "name" : "Erlina",
      "mailingName" : "Erlina",
      "description" : "",
      "firstName" : "",
      "middleName" : "",
      "lastName" : "",
      "nickname" : "",
      "salutation" : "",
      "gender" : "",
      "type" : "C",
      "religion" : "",
      "dateOfBirth" : null,
      "placeOfBirth" : "",
      "socialSecurityNumber" : "",
      "socialSecurityDate" : null,
      "mediaObjectReference" : "",
      "lastUpdateDateTime" : "2017-12-17T00:00:00",
      "inputDateTime" : "2017-12-17T00:00:00",
      "_links" : {
        "self" : {
          "href" : "http://localhost/api/contacts/1568_0"
        },
        "contactPerson" : {
          "href" : "http://localhost/api/contacts/1568_0"
        },
        "master" : {
          "href" : "http://localhost/api/contacts/1568_0/master"
        }
      }
    }, {
      "inputUserId" : "QSA",
      "lastUpdateUserId" : "QSA",
      "computerId" : "GLSVR171217",
      "lastSynchronizedDate" : null,
      "addressNumber" : "1569",
      "sequence" : 0,
      "name" : "Erlina Computer",
      "mailingName" : "Erlina Computer",
      "description" : "",
      "firstName" : "",
      "middleName" : "",
      "lastName" : "",
      "nickname" : "",
      "salutation" : "",
      "gender" : "",
      "type" : "C",
      "religion" : "",
      "dateOfBirth" : null,
      "placeOfBirth" : "",
      "socialSecurityNumber" : "",
      "socialSecurityDate" : null,
      "mediaObjectReference" : "",
      "lastUpdateDateTime" : "2017-12-17T00:00:00",
      "inputDateTime" : "2017-12-17T00:00:00",
      "_links" : {
        "self" : {
          "href" : "http://localhost/api/contacts/1569_0"
        },
        "contactPerson" : {
          "href" : "http://localhost/api/contacts/1569_0"
        },
        "master" : {
          "href" : "http://localhost/api/contacts/1569_0/master"
        }
      }
    }, {
      "inputUserId" : "QSA",
      "lastUpdateUserId" : "QSA",
      "computerId" : "GLSVR171217",
      "lastSynchronizedDate" : null,
      "addressNumber" : "1570",
      "sequence" : 0,
      "name" : "Erni",
      "mailingName" : "Erni",
      "description" : "",
      "firstName" : "",
      "middleName" : "",
      "lastName" : "",
      "nickname" : "",
      "salutation" : "",
      "gender" : "",
      "type" : "C",
      "religion" : "",
      "dateOfBirth" : null,
      "placeOfBirth" : "",
      "socialSecurityNumber" : "",
      "socialSecurityDate" : null,
      "mediaObjectReference" : "",
      "lastUpdateDateTime" : "2017-12-17T00:00:00",
      "inputDateTime" : "2017-12-17T00:00:00",
      "_links" : {
        "self" : {
          "href" : "http://localhost/api/contacts/1570_0"
        },
        "contactPerson" : {
          "href" : "http://localhost/api/contacts/1570_0"
        },
        "master" : {
          "href" : "http://localhost/api/contacts/1570_0/master"
        }
      }
    }, {
      "inputUserId" : "QSA",
      "lastUpdateUserId" : "QSA",
      "computerId" : "GLSVR171217",
      "lastSynchronizedDate" : null,
      "addressNumber" : "1571",
      "sequence" : 0,
      "name" : "Ervan",
      "mailingName" : "Ervan",
      "description" : "",
      "firstName" : "",
      "middleName" : "",
      "lastName" : "",
      "nickname" : "",
      "salutation" : "",
      "gender" : "",
      "type" : "C",
      "religion" : "",
      "dateOfBirth" : null,
      "placeOfBirth" : "",
      "socialSecurityNumber" : "",
      "socialSecurityDate" : null,
      "mediaObjectReference" : "",
      "lastUpdateDateTime" : "2017-12-17T00:00:00",
      "inputDateTime" : "2017-12-17T00:00:00",
      "_links" : {
        "self" : {
          "href" : "http://localhost/api/contacts/1571_0"
        },
        "contactPerson" : {
          "href" : "http://localhost/api/contacts/1571_0"
        },
        "master" : {
          "href" : "http://localhost/api/contacts/1571_0/master"
        }
      }
    }, {
      "inputUserId" : "QSA",
      "lastUpdateUserId" : "QSA",
      "computerId" : "GLSVR171217",
      "lastSynchronizedDate" : null,
      "addressNumber" : "1572",
      "sequence" : 0,
      "name" : "Erwan",
      "mailingName" : "Erwan",
      "description" : "",
      "firstName" : "",
      "middleName" : "",
      "lastName" : "",
      "nickname" : "",
      "salutation" : "",
      "gender" : "",
      "type" : "C",
      "religion" : "",
      "dateOfBirth" : null,
      "placeOfBirth" : "",
      "socialSecurityNumber" : "",
      "socialSecurityDate" : null,
      "mediaObjectReference" : "",
      "lastUpdateDateTime" : "2017-12-17T00:00:00",
      "inputDateTime" : "2017-12-17T00:00:00",
      "_links" : {
        "self" : {
          "href" : "http://localhost/api/contacts/1572_0"
        },
        "contactPerson" : {
          "href" : "http://localhost/api/contacts/1572_0"
        },
        "master" : {
          "href" : "http://localhost/api/contacts/1572_0/master"
        }
      }
    }, {
      "inputUserId" : "QSA",
      "lastUpdateUserId" : "QSA",
      "computerId" : "GLSVR171217",
      "lastSynchronizedDate" : null,
      "addressNumber" : "1573",
      "sequence" : 0,
      "name" : "Erwin",
      "mailingName" : "Erwin",
      "description" : "",
      "firstName" : "",
      "middleName" : "",
      "lastName" : "",
      "nickname" : "",
      "salutation" : "",
      "gender" : "",
      "type" : "C",
      "religion" : "",
      "dateOfBirth" : null,
      "placeOfBirth" : "",
      "socialSecurityNumber" : "",
      "socialSecurityDate" : null,
      "mediaObjectReference" : "",
      "lastUpdateDateTime" : "2017-12-17T00:00:00",
      "inputDateTime" : "2017-12-17T00:00:00",
      "_links" : {
        "self" : {
          "href" : "http://localhost/api/contacts/1573_0"
        },
        "contactPerson" : {
          "href" : "http://localhost/api/contacts/1573_0"
        },
        "master" : {
          "href" : "http://localhost/api/contacts/1573_0/master"
        }
      }
    }, {
      "inputUserId" : "QSA",
      "lastUpdateUserId" : "QSA",
      "computerId" : "GLSVR171217",
      "lastSynchronizedDate" : null,
      "addressNumber" : "1574",
      "sequence" : 0,
      "name" : "Erwin Febrianto",
      "mailingName" : "Erwin Febrianto",
      "description" : "",
      "firstName" : "",
      "middleName" : "",
      "lastName" : "",
      "nickname" : "",
      "salutation" : "",
      "gender" : "",
      "type" : "C",
      "religion" : "",
      "dateOfBirth" : null,
      "placeOfBirth" : "",
      "socialSecurityNumber" : "",
      "socialSecurityDate" : null,
      "mediaObjectReference" : "",
      "lastUpdateDateTime" : "2017-12-17T00:00:00",
      "inputDateTime" : "2017-12-17T00:00:00",
      "_links" : {
        "self" : {
          "href" : "http://localhost/api/contacts/1574_0"
        },
        "contactPerson" : {
          "href" : "http://localhost/api/contacts/1574_0"
        },
        "master" : {
          "href" : "http://localhost/api/contacts/1574_0/master"
        }
      }
    }, {
      "inputUserId" : "QSA",
      "lastUpdateUserId" : "QSA",
      "computerId" : "GLSVR171217",
      "lastSynchronizedDate" : null,
      "addressNumber" : "1575",
      "sequence" : 0,
      "name" : "Esa Sanjaya",
      "mailingName" : "Esa Sanjaya",
      "description" : "",
      "firstName" : "",
      "middleName" : "",
      "lastName" : "",
      "nickname" : "",
      "salutation" : "",
      "gender" : "",
      "type" : "C",
      "religion" : "",
      "dateOfBirth" : null,
      "placeOfBirth" : "",
      "socialSecurityNumber" : "",
      "socialSecurityDate" : null,
      "mediaObjectReference" : "",
      "lastUpdateDateTime" : "2017-12-17T00:00:00",
      "inputDateTime" : "2017-12-17T00:00:00",
      "_links" : {
        "self" : {
          "href" : "http://localhost/api/contacts/1575_0"
        },
        "contactPerson" : {
          "href" : "http://localhost/api/contacts/1575_0"
        },
        "master" : {
          "href" : "http://localhost/api/contacts/1575_0/master"
        }
      }
    }, {
      "inputUserId" : "QSA",
      "lastUpdateUserId" : "QSA",
      "computerId" : "GLSVR171217",
      "lastSynchronizedDate" : null,
      "addressNumber" : "1576",
      "sequence" : 0,
      "name" : "E-Smile Computel",
      "mailingName" : "E-Smile Computel",
      "description" : "",
      "firstName" : "",
      "middleName" : "",
      "lastName" : "",
      "nickname" : "",
      "salutation" : "",
      "gender" : "",
      "type" : "C",
      "religion" : "",
      "dateOfBirth" : null,
      "placeOfBirth" : "",
      "socialSecurityNumber" : "",
      "socialSecurityDate" : null,
      "mediaObjectReference" : "",
      "lastUpdateDateTime" : "2017-12-17T00:00:00",
      "inputDateTime" : "2017-12-17T00:00:00",
      "_links" : {
        "self" : {
          "href" : "http://localhost/api/contacts/1576_0"
        },
        "contactPerson" : {
          "href" : "http://localhost/api/contacts/1576_0"
        },
        "master" : {
          "href" : "http://localhost/api/contacts/1576_0/master"
        }
      }
    }, {
      "inputUserId" : "QSA",
      "lastUpdateUserId" : "QSA",
      "computerId" : "GLSVR171217",
      "lastSynchronizedDate" : null,
      "addressNumber" : "1577",
      "sequence" : 0,
      "name" : "Eureeka",
      "mailingName" : "Eureeka",
      "description" : "",
      "firstName" : "",
      "middleName" : "",
      "lastName" : "",
      "nickname" : "",
      "salutation" : "",
      "gender" : "",
      "type" : "C",
      "religion" : "",
      "dateOfBirth" : null,
      "placeOfBirth" : "",
      "socialSecurityNumber" : "",
      "socialSecurityDate" : null,
      "mediaObjectReference" : "",
      "lastUpdateDateTime" : "2017-12-17T00:00:00",
      "inputDateTime" : "2017-12-17T00:00:00",
      "_links" : {
        "self" : {
          "href" : "http://localhost/api/contacts/1577_0"
        },
        "contactPerson" : {
          "href" : "http://localhost/api/contacts/1577_0"
        },
        "master" : {
          "href" : "http://localhost/api/contacts/1577_0/master"
        }
      }
    }, {
      "inputUserId" : "QSA",
      "lastUpdateUserId" : "QSA",
      "computerId" : "GLSVR171217",
      "lastSynchronizedDate" : null,
      "addressNumber" : "1578",
      "sequence" : 0,
      "name" : "Eva",
      "mailingName" : "Eva",
      "description" : "",
      "firstName" : "",
      "middleName" : "",
      "lastName" : "",
      "nickname" : "",
      "salutation" : "",
      "gender" : "",
      "type" : "C",
      "religion" : "",
      "dateOfBirth" : null,
      "placeOfBirth" : "",
      "socialSecurityNumber" : "",
      "socialSecurityDate" : null,
      "mediaObjectReference" : "",
      "lastUpdateDateTime" : "2017-12-17T00:00:00",
      "inputDateTime" : "2017-12-17T00:00:00",
      "_links" : {
        "self" : {
          "href" : "http://localhost/api/contacts/1578_0"
        },
        "contactPerson" : {
          "href" : "http://localhost/api/contacts/1578_0"
        },
        "master" : {
          "href" : "http://localhost/api/contacts/1578_0/master"
        }
      }
    }, {
      "inputUserId" : "QSA",
      "lastUpdateUserId" : "QSA",
      "computerId" : "GLSVR171217",
      "lastSynchronizedDate" : null,
      "addressNumber" : "1579",
      "sequence" : 0,
      "name" : "Evajelin",
      "mailingName" : "Evajelin",
      "description" : "",
      "firstName" : "",
      "middleName" : "",
      "lastName" : "",
      "nickname" : "",
      "salutation" : "",
      "gender" : "",
      "type" : "C",
      "religion" : "",
      "dateOfBirth" : null,
      "placeOfBirth" : "",
      "socialSecurityNumber" : "",
      "socialSecurityDate" : null,
      "mediaObjectReference" : "",
      "lastUpdateDateTime" : "2017-12-17T00:00:00",
      "inputDateTime" : "2017-12-17T00:00:00",
      "_links" : {
        "self" : {
          "href" : "http://localhost/api/contacts/1579_0"
        },
        "contactPerson" : {
          "href" : "http://localhost/api/contacts/1579_0"
        },
        "master" : {
          "href" : "http://localhost/api/contacts/1579_0/master"
        }
      }
    }, {
      "inputUserId" : "QSA",
      "lastUpdateUserId" : "QSA",
      "computerId" : "GLSVR171217",
      "lastSynchronizedDate" : null,
      "addressNumber" : "1580",
      "sequence" : 0,
      "name" : "Evi",
      "mailingName" : "Evi",
      "description" : "",
      "firstName" : "",
      "middleName" : "",
      "lastName" : "",
      "nickname" : "",
      "salutation" : "",
      "gender" : "",
      "type" : "C",
      "religion" : "",
      "dateOfBirth" : null,
      "placeOfBirth" : "",
      "socialSecurityNumber" : "",
      "socialSecurityDate" : null,
      "mediaObjectReference" : "",
      "lastUpdateDateTime" : "2017-12-17T00:00:00",
      "inputDateTime" : "2017-12-17T00:00:00",
      "_links" : {
        "self" : {
          "href" : "http://localhost/api/contacts/1580_0"
        },
        "contactPerson" : {
          "href" : "http://localhost/api/contacts/1580_0"
        },
        "master" : {
          "href" : "http://localhost/api/contacts/1580_0/master"
        }
      }
    }, {
      "inputUserId" : "QSA",
      "lastUpdateUserId" : "QSA",
      "computerId" : "GLSVR171217",
      "lastSynchronizedDate" : null,
      "addressNumber" : "1581",
      "sequence" : 0,
      "name" : "Excel Comp",
      "mailingName" : "Excel Comp",
      "description" : "",
      "firstName" : "",
      "middleName" : "",
      "lastName" : "",
      "nickname" : "",
      "salutation" : "",
      "gender" : "",
      "type" : "C",
      "religion" : "",
      "dateOfBirth" : null,
      "placeOfBirth" : "",
      "socialSecurityNumber" : "",
      "socialSecurityDate" : null,
      "mediaObjectReference" : "",
      "lastUpdateDateTime" : "2017-12-17T00:00:00",
      "inputDateTime" : "2017-12-17T00:00:00",
      "_links" : {
        "self" : {
          "href" : "http://localhost/api/contacts/1581_0"
        },
        "contactPerson" : {
          "href" : "http://localhost/api/contacts/1581_0"
        },
        "master" : {
          "href" : "http://localhost/api/contacts/1581_0/master"
        }
      }
    }, {
      "inputUserId" : "QSA",
      "lastUpdateUserId" : "QSA",
      "computerId" : "GLSVR171217",
      "lastSynchronizedDate" : null,
      "addressNumber" : "1582",
      "sequence" : 0,
      "name" : "Exel Comp",
      "mailingName" : "Exel Comp",
      "description" : "",
      "firstName" : "",
      "middleName" : "",
      "lastName" : "",
      "nickname" : "",
      "salutation" : "",
      "gender" : "",
      "type" : "C",
      "religion" : "",
      "dateOfBirth" : null,
      "placeOfBirth" : "",
      "socialSecurityNumber" : "",
      "socialSecurityDate" : null,
      "mediaObjectReference" : "",
      "lastUpdateDateTime" : "2017-12-17T00:00:00",
      "inputDateTime" : "2017-12-17T00:00:00",
      "_links" : {
        "self" : {
          "href" : "http://localhost/api/contacts/1582_0"
        },
        "contactPerson" : {
          "href" : "http://localhost/api/contacts/1582_0"
        },
        "master" : {
          "href" : "http://localhost/api/contacts/1582_0/master"
        }
      }
    }, {
      "inputUserId" : "QSA",
      "lastUpdateUserId" : "QSA",
      "computerId" : "GLSVR171217",
      "lastSynchronizedDate" : null,
      "addressNumber" : "1583",
      "sequence" : 0,
      "name" : "Eximdo Trisan Makmur",
      "mailingName" : "Eximdo Trisan Makmur",
      "description" : "",
      "firstName" : "",
      "middleName" : "",
      "lastName" : "",
      "nickname" : "",
      "salutation" : "",
      "gender" : "",
      "type" : "C",
      "religion" : "",
      "dateOfBirth" : null,
      "placeOfBirth" : "",
      "socialSecurityNumber" : "",
      "socialSecurityDate" : null,
      "mediaObjectReference" : "",
      "lastUpdateDateTime" : "2017-12-17T00:00:00",
      "inputDateTime" : "2017-12-17T00:00:00",
      "_links" : {
        "self" : {
          "href" : "http://localhost/api/contacts/1583_0"
        },
        "contactPerson" : {
          "href" : "http://localhost/api/contacts/1583_0"
        },
        "master" : {
          "href" : "http://localhost/api/contacts/1583_0/master"
        }
      }
    }, {
      "inputUserId" : "QSA",
      "lastUpdateUserId" : "QSA",
      "computerId" : "GLSVR171217",
      "lastSynchronizedDate" : null,
      "addressNumber" : "1584",
      "sequence" : 0,
      "name" : "Eyonk",
      "mailingName" : "Eyonk",
      "description" : "",
      "firstName" : "",
      "middleName" : "",
      "lastName" : "",
      "nickname" : "",
      "salutation" : "",
      "gender" : "",
      "type" : "C",
      "religion" : "",
      "dateOfBirth" : null,
      "placeOfBirth" : "",
      "socialSecurityNumber" : "",
      "socialSecurityDate" : null,
      "mediaObjectReference" : "",
      "lastUpdateDateTime" : "2017-12-17T00:00:00",
      "inputDateTime" : "2017-12-17T00:00:00",
      "_links" : {
        "self" : {
          "href" : "http://localhost/api/contacts/1584_0"
        },
        "contactPerson" : {
          "href" : "http://localhost/api/contacts/1584_0"
        },
        "master" : {
          "href" : "http://localhost/api/contacts/1584_0/master"
        }
      }
    }, {
      "inputUserId" : "QSA",
      "lastUpdateUserId" : "QSA",
      "computerId" : "GLSVR171217",
      "lastSynchronizedDate" : null,
      "addressNumber" : "1585",
      "sequence" : 0,
      "name" : "Fa ink so",
      "mailingName" : "Fa ink so",
      "description" : "",
      "firstName" : "",
      "middleName" : "",
      "lastName" : "",
      "nickname" : "",
      "salutation" : "",
      "gender" : "",
      "type" : "C",
      "religion" : "",
      "dateOfBirth" : null,
      "placeOfBirth" : "",
      "socialSecurityNumber" : "",
      "socialSecurityDate" : null,
      "mediaObjectReference" : "",
      "lastUpdateDateTime" : "2017-12-17T00:00:00",
      "inputDateTime" : "2017-12-17T00:00:00",
      "_links" : {
        "self" : {
          "href" : "http://localhost/api/contacts/1585_0"
        },
        "contactPerson" : {
          "href" : "http://localhost/api/contacts/1585_0"
        },
        "master" : {
          "href" : "http://localhost/api/contacts/1585_0/master"
        }
      }
    }, {
      "inputUserId" : "QSA",
      "lastUpdateUserId" : "QSA",
      "computerId" : "GLSVR171217",
      "lastSynchronizedDate" : null,
      "addressNumber" : "1586",
      "sequence" : 0,
      "name" : "Fadhil Comp",
      "mailingName" : "Fadhil Comp",
      "description" : "",
      "firstName" : "",
      "middleName" : "",
      "lastName" : "",
      "nickname" : "",
      "salutation" : "",
      "gender" : "",
      "type" : "C",
      "religion" : "",
      "dateOfBirth" : null,
      "placeOfBirth" : "",
      "socialSecurityNumber" : "",
      "socialSecurityDate" : null,
      "mediaObjectReference" : "",
      "lastUpdateDateTime" : "2017-12-17T00:00:00",
      "inputDateTime" : "2017-12-17T00:00:00",
      "_links" : {
        "self" : {
          "href" : "http://localhost/api/contacts/1586_0"
        },
        "contactPerson" : {
          "href" : "http://localhost/api/contacts/1586_0"
        },
        "master" : {
          "href" : "http://localhost/api/contacts/1586_0/master"
        }
      }
    }, {
      "inputUserId" : "QSA",
      "lastUpdateUserId" : "QSA",
      "computerId" : "GLSVR171217",
      "lastSynchronizedDate" : null,
      "addressNumber" : "1587",
      "sequence" : 0,
      "name" : "Fahmi",
      "mailingName" : "Fahmi",
      "description" : "",
      "firstName" : "",
      "middleName" : "",
      "lastName" : "",
      "nickname" : "",
      "salutation" : "",
      "gender" : "",
      "type" : "C",
      "religion" : "",
      "dateOfBirth" : null,
      "placeOfBirth" : "",
      "socialSecurityNumber" : "",
      "socialSecurityDate" : null,
      "mediaObjectReference" : "",
      "lastUpdateDateTime" : "2017-12-17T00:00:00",
      "inputDateTime" : "2017-12-17T00:00:00",
      "_links" : {
        "self" : {
          "href" : "http://localhost/api/contacts/1587_0"
        },
        "contactPerson" : {
          "href" : "http://localhost/api/contacts/1587_0"
        },
        "master" : {
          "href" : "http://localhost/api/contacts/1587_0/master"
        }
      }
    }, {
      "inputUserId" : "QSA",
      "lastUpdateUserId" : "QSA",
      "computerId" : "GLSVR171217",
      "lastSynchronizedDate" : null,
      "addressNumber" : "1588",
      "sequence" : 0,
      "name" : "Fahri",
      "mailingName" : "Fahri",
      "description" : "",
      "firstName" : "",
      "middleName" : "",
      "lastName" : "",
      "nickname" : "",
      "salutation" : "",
      "gender" : "",
      "type" : "C",
      "religion" : "",
      "dateOfBirth" : null,
      "placeOfBirth" : "",
      "socialSecurityNumber" : "",
      "socialSecurityDate" : null,
      "mediaObjectReference" : "",
      "lastUpdateDateTime" : "2017-12-17T00:00:00",
      "inputDateTime" : "2017-12-17T00:00:00",
      "_links" : {
        "self" : {
          "href" : "http://localhost/api/contacts/1588_0"
        },
        "contactPerson" : {
          "href" : "http://localhost/api/contacts/1588_0"
        },
        "master" : {
          "href" : "http://localhost/api/contacts/1588_0/master"
        }
      }
    }, {
      "inputUserId" : "QSA",
      "lastUpdateUserId" : "QSA",
      "computerId" : "GLSVR171217",
      "lastSynchronizedDate" : null,
      "addressNumber" : "1589",
      "sequence" : 0,
      "name" : "Fahrul",
      "mailingName" : "Fahrul",
      "description" : "",
      "firstName" : "",
      "middleName" : "",
      "lastName" : "",
      "nickname" : "",
      "salutation" : "",
      "gender" : "",
      "type" : "C",
      "religion" : "",
      "dateOfBirth" : null,
      "placeOfBirth" : "",
      "socialSecurityNumber" : "",
      "socialSecurityDate" : null,
      "mediaObjectReference" : "",
      "lastUpdateDateTime" : "2017-12-17T00:00:00",
      "inputDateTime" : "2017-12-17T00:00:00",
      "_links" : {
        "self" : {
          "href" : "http://localhost/api/contacts/1589_0"
        },
        "contactPerson" : {
          "href" : "http://localhost/api/contacts/1589_0"
        },
        "master" : {
          "href" : "http://localhost/api/contacts/1589_0/master"
        }
      }
    }, {
      "inputUserId" : "QSA",
      "lastUpdateUserId" : "QSA",
      "computerId" : "GLSVR171217",
      "lastSynchronizedDate" : null,
      "addressNumber" : "1590",
      "sequence" : 0,
      "name" : "Faizal",
      "mailingName" : "Faizal",
      "description" : "",
      "firstName" : "",
      "middleName" : "",
      "lastName" : "",
      "nickname" : "",
      "salutation" : "",
      "gender" : "",
      "type" : "C",
      "religion" : "",
      "dateOfBirth" : null,
      "placeOfBirth" : "",
      "socialSecurityNumber" : "",
      "socialSecurityDate" : null,
      "mediaObjectReference" : "",
      "lastUpdateDateTime" : "2017-12-17T00:00:00",
      "inputDateTime" : "2017-12-17T00:00:00",
      "_links" : {
        "self" : {
          "href" : "http://localhost/api/contacts/1590_0"
        },
        "contactPerson" : {
          "href" : "http://localhost/api/contacts/1590_0"
        },
        "master" : {
          "href" : "http://localhost/api/contacts/1590_0/master"
        }
      }
    }, {
      "inputUserId" : "QSA",
      "lastUpdateUserId" : "QSA",
      "computerId" : "GLSVR171217",
      "lastSynchronizedDate" : null,
      "addressNumber" : "1591",
      "sequence" : 0,
      "name" : "Fajar",
      "mailingName" : "Fajar",
      "description" : "",
      "firstName" : "",
      "middleName" : "",
      "lastName" : "",
      "nickname" : "",
      "salutation" : "",
      "gender" : "",
      "type" : "C",
      "religion" : "",
      "dateOfBirth" : null,
      "placeOfBirth" : "",
      "socialSecurityNumber" : "",
      "socialSecurityDate" : null,
      "mediaObjectReference" : "",
      "lastUpdateDateTime" : "2017-12-17T00:00:00",
      "inputDateTime" : "2017-12-17T00:00:00",
      "_links" : {
        "self" : {
          "href" : "http://localhost/api/contacts/1591_0"
        },
        "contactPerson" : {
          "href" : "http://localhost/api/contacts/1591_0"
        },
        "master" : {
          "href" : "http://localhost/api/contacts/1591_0/master"
        }
      }
    }, {
      "inputUserId" : "QSA",
      "lastUpdateUserId" : "QSA",
      "computerId" : "GLSVR171217",
      "lastSynchronizedDate" : null,
      "addressNumber" : "1592",
      "sequence" : 0,
      "name" : "Falde",
      "mailingName" : "Falde",
      "description" : "",
      "firstName" : "",
      "middleName" : "",
      "lastName" : "",
      "nickname" : "",
      "salutation" : "",
      "gender" : "",
      "type" : "C",
      "religion" : "",
      "dateOfBirth" : null,
      "placeOfBirth" : "",
      "socialSecurityNumber" : "",
      "socialSecurityDate" : null,
      "mediaObjectReference" : "",
      "lastUpdateDateTime" : "2017-12-17T00:00:00",
      "inputDateTime" : "2017-12-17T00:00:00",
      "_links" : {
        "self" : {
          "href" : "http://localhost/api/contacts/1592_0"
        },
        "contactPerson" : {
          "href" : "http://localhost/api/contacts/1592_0"
        },
        "master" : {
          "href" : "http://localhost/api/contacts/1592_0/master"
        }
      }
    }, {
      "inputUserId" : "QSA",
      "lastUpdateUserId" : "QSA",
      "computerId" : "GLSVR171217",
      "lastSynchronizedDate" : null,
      "addressNumber" : "1593",
      "sequence" : 0,
      "name" : "Fandi",
      "mailingName" : "Fandi",
      "description" : "",
      "firstName" : "",
      "middleName" : "",
      "lastName" : "",
      "nickname" : "",
      "salutation" : "",
      "gender" : "",
      "type" : "C",
      "religion" : "",
      "dateOfBirth" : null,
      "placeOfBirth" : "",
      "socialSecurityNumber" : "",
      "socialSecurityDate" : null,
      "mediaObjectReference" : "",
      "lastUpdateDateTime" : "2017-12-17T00:00:00",
      "inputDateTime" : "2017-12-17T00:00:00",
      "_links" : {
        "self" : {
          "href" : "http://localhost/api/contacts/1593_0"
        },
        "contactPerson" : {
          "href" : "http://localhost/api/contacts/1593_0"
        },
        "master" : {
          "href" : "http://localhost/api/contacts/1593_0/master"
        }
      }
    }, {
      "inputUserId" : "QSA",
      "lastUpdateUserId" : "QSA",
      "computerId" : "GLSVR171217",
      "lastSynchronizedDate" : null,
      "addressNumber" : "1594",
      "sequence" : 0,
      "name" : "Fanny",
      "mailingName" : "Fanny",
      "description" : "",
      "firstName" : "",
      "middleName" : "",
      "lastName" : "",
      "nickname" : "",
      "salutation" : "",
      "gender" : "",
      "type" : "C",
      "religion" : "",
      "dateOfBirth" : null,
      "placeOfBirth" : "",
      "socialSecurityNumber" : "",
      "socialSecurityDate" : null,
      "mediaObjectReference" : "",
      "lastUpdateDateTime" : "2017-12-17T00:00:00",
      "inputDateTime" : "2017-12-17T00:00:00",
      "_links" : {
        "self" : {
          "href" : "http://localhost/api/contacts/1594_0"
        },
        "contactPerson" : {
          "href" : "http://localhost/api/contacts/1594_0"
        },
        "master" : {
          "href" : "http://localhost/api/contacts/1594_0/master"
        }
      }
    }, {
      "inputUserId" : "QSA",
      "lastUpdateUserId" : "QSA",
      "computerId" : "GLSVR171217",
      "lastSynchronizedDate" : null,
      "addressNumber" : "1595",
      "sequence" : 0,
      "name" : "Fardana Berlian Papua",
      "mailingName" : "Fardana Berlian Papua",
      "description" : "",
      "firstName" : "",
      "middleName" : "",
      "lastName" : "",
      "nickname" : "",
      "salutation" : "",
      "gender" : "",
      "type" : "C",
      "religion" : "",
      "dateOfBirth" : null,
      "placeOfBirth" : "",
      "socialSecurityNumber" : "",
      "socialSecurityDate" : null,
      "mediaObjectReference" : "",
      "lastUpdateDateTime" : "2017-12-17T00:00:00",
      "inputDateTime" : "2017-12-17T00:00:00",
      "_links" : {
        "self" : {
          "href" : "http://localhost/api/contacts/1595_0"
        },
        "contactPerson" : {
          "href" : "http://localhost/api/contacts/1595_0"
        },
        "master" : {
          "href" : "http://localhost/api/contacts/1595_0/master"
        }
      }
    }, {
      "inputUserId" : "QSA",
      "lastUpdateUserId" : "QSA",
      "computerId" : "GLSVR171217",
      "lastSynchronizedDate" : null,
      "addressNumber" : "1596",
      "sequence" : 0,
      "name" : "Farid",
      "mailingName" : "Farid",
      "description" : "",
      "firstName" : "",
      "middleName" : "",
      "lastName" : "",
      "nickname" : "",
      "salutation" : "",
      "gender" : "",
      "type" : "C",
      "religion" : "",
      "dateOfBirth" : null,
      "placeOfBirth" : "",
      "socialSecurityNumber" : "",
      "socialSecurityDate" : null,
      "mediaObjectReference" : "",
      "lastUpdateDateTime" : "2017-12-17T00:00:00",
      "inputDateTime" : "2017-12-17T00:00:00",
      "_links" : {
        "self" : {
          "href" : "http://localhost/api/contacts/1596_0"
        },
        "contactPerson" : {
          "href" : "http://localhost/api/contacts/1596_0"
        },
        "master" : {
          "href" : "http://localhost/api/contacts/1596_0/master"
        }
      }
    }, {
      "inputUserId" : "QSA",
      "lastUpdateUserId" : "QSA",
      "computerId" : "GLSVR171217",
      "lastSynchronizedDate" : null,
      "addressNumber" : "1597",
      "sequence" : 0,
      "name" : "Fariz",
      "mailingName" : "Fariz",
      "description" : "",
      "firstName" : "",
      "middleName" : "",
      "lastName" : "",
      "nickname" : "",
      "salutation" : "",
      "gender" : "",
      "type" : "C",
      "religion" : "",
      "dateOfBirth" : null,
      "placeOfBirth" : "",
      "socialSecurityNumber" : "",
      "socialSecurityDate" : null,
      "mediaObjectReference" : "",
      "lastUpdateDateTime" : "2017-12-17T00:00:00",
      "inputDateTime" : "2017-12-17T00:00:00",
      "_links" : {
        "self" : {
          "href" : "http://localhost/api/contacts/1597_0"
        },
        "contactPerson" : {
          "href" : "http://localhost/api/contacts/1597_0"
        },
        "master" : {
          "href" : "http://localhost/api/contacts/1597_0/master"
        }
      }
    }, {
      "inputUserId" : "QSA",
      "lastUpdateUserId" : "QSA",
      "computerId" : "GLSVR171217",
      "lastSynchronizedDate" : null,
      "addressNumber" : "1598",
      "sequence" : 0,
      "name" : "Farmasi Unair",
      "mailingName" : "Farmasi Unair",
      "description" : "",
      "firstName" : "",
      "middleName" : "",
      "lastName" : "",
      "nickname" : "",
      "salutation" : "",
      "gender" : "",
      "type" : "C",
      "religion" : "",
      "dateOfBirth" : null,
      "placeOfBirth" : "",
      "socialSecurityNumber" : "",
      "socialSecurityDate" : null,
      "mediaObjectReference" : "",
      "lastUpdateDateTime" : "2017-12-17T00:00:00",
      "inputDateTime" : "2017-12-17T00:00:00",
      "_links" : {
        "self" : {
          "href" : "http://localhost/api/contacts/1598_0"
        },
        "contactPerson" : {
          "href" : "http://localhost/api/contacts/1598_0"
        },
        "master" : {
          "href" : "http://localhost/api/contacts/1598_0/master"
        }
      }
    }, {
      "inputUserId" : "QSA",
      "lastUpdateUserId" : "QSA",
      "computerId" : "GLSVR171217",
      "lastSynchronizedDate" : null,
      "addressNumber" : "1599",
      "sequence" : 0,
      "name" : "Fast Print",
      "mailingName" : "Fast Print",
      "description" : "",
      "firstName" : "",
      "middleName" : "",
      "lastName" : "",
      "nickname" : "",
      "salutation" : "",
      "gender" : "",
      "type" : "C",
      "religion" : "",
      "dateOfBirth" : null,
      "placeOfBirth" : "",
      "socialSecurityNumber" : "",
      "socialSecurityDate" : null,
      "mediaObjectReference" : "",
      "lastUpdateDateTime" : "2017-12-17T00:00:00",
      "inputDateTime" : "2017-12-17T00:00:00",
      "_links" : {
        "self" : {
          "href" : "http://localhost/api/contacts/1599_0"
        },
        "contactPerson" : {
          "href" : "http://localhost/api/contacts/1599_0"
        },
        "master" : {
          "href" : "http://localhost/api/contacts/1599_0/master"
        }
      }
    }, {
      "inputUserId" : "QSA",
      "lastUpdateUserId" : "QSA",
      "computerId" : "GLSVR171217",
      "lastSynchronizedDate" : null,
      "addressNumber" : "1600",
      "sequence" : 0,
      "name" : "Fasya",
      "mailingName" : "Fasya",
      "description" : "",
      "firstName" : "",
      "middleName" : "",
      "lastName" : "",
      "nickname" : "",
      "salutation" : "",
      "gender" : "",
      "type" : "C",
      "religion" : "",
      "dateOfBirth" : null,
      "placeOfBirth" : "",
      "socialSecurityNumber" : "",
      "socialSecurityDate" : null,
      "mediaObjectReference" : "",
      "lastUpdateDateTime" : "2017-12-17T00:00:00",
      "inputDateTime" : "2017-12-17T00:00:00",
      "_links" : {
        "self" : {
          "href" : "http://localhost/api/contacts/1600_0"
        },
        "contactPerson" : {
          "href" : "http://localhost/api/contacts/1600_0"
        },
        "master" : {
          "href" : "http://localhost/api/contacts/1600_0/master"
        }
      }
    }, {
      "inputUserId" : "QSA",
      "lastUpdateUserId" : "QSA",
      "computerId" : "GLSVR171217",
      "lastSynchronizedDate" : null,
      "addressNumber" : "1601",
      "sequence" : 0,
      "name" : "Fathur",
      "mailingName" : "Fathur",
      "description" : "",
      "firstName" : "",
      "middleName" : "",
      "lastName" : "",
      "nickname" : "",
      "salutation" : "",
      "gender" : "",
      "type" : "C",
      "religion" : "",
      "dateOfBirth" : null,
      "placeOfBirth" : "",
      "socialSecurityNumber" : "",
      "socialSecurityDate" : null,
      "mediaObjectReference" : "",
      "lastUpdateDateTime" : "2017-12-17T00:00:00",
      "inputDateTime" : "2017-12-17T00:00:00",
      "_links" : {
        "self" : {
          "href" : "http://localhost/api/contacts/1601_0"
        },
        "contactPerson" : {
          "href" : "http://localhost/api/contacts/1601_0"
        },
        "master" : {
          "href" : "http://localhost/api/contacts/1601_0/master"
        }
      }
    }, {
      "inputUserId" : "QSA",
      "lastUpdateUserId" : "QSA",
      "computerId" : "GLSVR171217",
      "lastSynchronizedDate" : null,
      "addressNumber" : "1602",
      "sequence" : 0,
      "name" : "Fauzan",
      "mailingName" : "Fauzan",
      "description" : "",
      "firstName" : "",
      "middleName" : "",
      "lastName" : "",
      "nickname" : "",
      "salutation" : "",
      "gender" : "",
      "type" : "C",
      "religion" : "",
      "dateOfBirth" : null,
      "placeOfBirth" : "",
      "socialSecurityNumber" : "",
      "socialSecurityDate" : null,
      "mediaObjectReference" : "",
      "lastUpdateDateTime" : "2017-12-17T00:00:00",
      "inputDateTime" : "2017-12-17T00:00:00",
      "_links" : {
        "self" : {
          "href" : "http://localhost/api/contacts/1602_0"
        },
        "contactPerson" : {
          "href" : "http://localhost/api/contacts/1602_0"
        },
        "master" : {
          "href" : "http://localhost/api/contacts/1602_0/master"
        }
      }
    }, {
      "inputUserId" : "QSA",
      "lastUpdateUserId" : "QSA",
      "computerId" : "GLSVR171217",
      "lastSynchronizedDate" : null,
      "addressNumber" : "1603",
      "sequence" : 0,
      "name" : "Febi",
      "mailingName" : "Febi",
      "description" : "",
      "firstName" : "",
      "middleName" : "",
      "lastName" : "",
      "nickname" : "",
      "salutation" : "",
      "gender" : "",
      "type" : "C",
      "religion" : "",
      "dateOfBirth" : null,
      "placeOfBirth" : "",
      "socialSecurityNumber" : "",
      "socialSecurityDate" : null,
      "mediaObjectReference" : "",
      "lastUpdateDateTime" : "2017-12-17T00:00:00",
      "inputDateTime" : "2017-12-17T00:00:00",
      "_links" : {
        "self" : {
          "href" : "http://localhost/api/contacts/1603_0"
        },
        "contactPerson" : {
          "href" : "http://localhost/api/contacts/1603_0"
        },
        "master" : {
          "href" : "http://localhost/api/contacts/1603_0/master"
        }
      }
    }, {
      "inputUserId" : "QSA",
      "lastUpdateUserId" : "QSA",
      "computerId" : "GLSVR171217",
      "lastSynchronizedDate" : null,
      "addressNumber" : "1604",
      "sequence" : 0,
      "name" : "Febri",
      "mailingName" : "Febri",
      "description" : "",
      "firstName" : "",
      "middleName" : "",
      "lastName" : "",
      "nickname" : "",
      "salutation" : "",
      "gender" : "",
      "type" : "C",
      "religion" : "",
      "dateOfBirth" : null,
      "placeOfBirth" : "",
      "socialSecurityNumber" : "",
      "socialSecurityDate" : null,
      "mediaObjectReference" : "",
      "lastUpdateDateTime" : "2017-12-17T00:00:00",
      "inputDateTime" : "2017-12-17T00:00:00",
      "_links" : {
        "self" : {
          "href" : "http://localhost/api/contacts/1604_0"
        },
        "contactPerson" : {
          "href" : "http://localhost/api/contacts/1604_0"
        },
        "master" : {
          "href" : "http://localhost/api/contacts/1604_0/master"
        }
      }
    }, {
      "inputUserId" : "QSA",
      "lastUpdateUserId" : "QSA",
      "computerId" : "GLSVR171217",
      "lastSynchronizedDate" : null,
      "addressNumber" : "1605",
      "sequence" : 0,
      "name" : "Febri Yusuf",
      "mailingName" : "Febri Yusuf",
      "description" : "",
      "firstName" : "",
      "middleName" : "",
      "lastName" : "",
      "nickname" : "",
      "salutation" : "",
      "gender" : "",
      "type" : "C",
      "religion" : "",
      "dateOfBirth" : null,
      "placeOfBirth" : "",
      "socialSecurityNumber" : "",
      "socialSecurityDate" : null,
      "mediaObjectReference" : "",
      "lastUpdateDateTime" : "2017-12-17T00:00:00",
      "inputDateTime" : "2017-12-17T00:00:00",
      "_links" : {
        "self" : {
          "href" : "http://localhost/api/contacts/1605_0"
        },
        "contactPerson" : {
          "href" : "http://localhost/api/contacts/1605_0"
        },
        "master" : {
          "href" : "http://localhost/api/contacts/1605_0/master"
        }
      }
    }, {
      "inputUserId" : "QSA",
      "lastUpdateUserId" : "QSA",
      "computerId" : "GLSVR171217",
      "lastSynchronizedDate" : null,
      "addressNumber" : "1606",
      "sequence" : 0,
      "name" : "Felish Comp",
      "mailingName" : "Felish Comp",
      "description" : "",
      "firstName" : "",
      "middleName" : "",
      "lastName" : "",
      "nickname" : "",
      "salutation" : "",
      "gender" : "",
      "type" : "C",
      "religion" : "",
      "dateOfBirth" : null,
      "placeOfBirth" : "",
      "socialSecurityNumber" : "",
      "socialSecurityDate" : null,
      "mediaObjectReference" : "",
      "lastUpdateDateTime" : "2017-12-17T00:00:00",
      "inputDateTime" : "2017-12-17T00:00:00",
      "_links" : {
        "self" : {
          "href" : "http://localhost/api/contacts/1606_0"
        },
        "contactPerson" : {
          "href" : "http://localhost/api/contacts/1606_0"
        },
        "master" : {
          "href" : "http://localhost/api/contacts/1606_0/master"
        }
      }
    }, {
      "inputUserId" : "QSA",
      "lastUpdateUserId" : "QSA",
      "computerId" : "GLSVR171217",
      "lastSynchronizedDate" : null,
      "addressNumber" : "1607",
      "sequence" : 0,
      "name" : "Fendy",
      "mailingName" : "Fendy",
      "description" : "",
      "firstName" : "",
      "middleName" : "",
      "lastName" : "",
      "nickname" : "",
      "salutation" : "",
      "gender" : "",
      "type" : "C",
      "religion" : "",
      "dateOfBirth" : null,
      "placeOfBirth" : "",
      "socialSecurityNumber" : "",
      "socialSecurityDate" : null,
      "mediaObjectReference" : "",
      "lastUpdateDateTime" : "2017-12-17T00:00:00",
      "inputDateTime" : "2017-12-17T00:00:00",
      "_links" : {
        "self" : {
          "href" : "http://localhost/api/contacts/1607_0"
        },
        "contactPerson" : {
          "href" : "http://localhost/api/contacts/1607_0"
        },
        "master" : {
          "href" : "http://localhost/api/contacts/1607_0/master"
        }
      }
    }, {
      "inputUserId" : "QSA",
      "lastUpdateUserId" : "QSA",
      "computerId" : "GLSVR171217",
      "lastSynchronizedDate" : null,
      "addressNumber" : "1608",
      "sequence" : 0,
      "name" : "Fenita",
      "mailingName" : "Fenita",
      "description" : "",
      "firstName" : "",
      "middleName" : "",
      "lastName" : "",
      "nickname" : "",
      "salutation" : "",
      "gender" : "",
      "type" : "C",
      "religion" : "",
      "dateOfBirth" : null,
      "placeOfBirth" : "",
      "socialSecurityNumber" : "",
      "socialSecurityDate" : null,
      "mediaObjectReference" : "",
      "lastUpdateDateTime" : "2017-12-17T00:00:00",
      "inputDateTime" : "2017-12-17T00:00:00",
      "_links" : {
        "self" : {
          "href" : "http://localhost/api/contacts/1608_0"
        },
        "contactPerson" : {
          "href" : "http://localhost/api/contacts/1608_0"
        },
        "master" : {
          "href" : "http://localhost/api/contacts/1608_0/master"
        }
      }
    }, {
      "inputUserId" : "QSA",
      "lastUpdateUserId" : "QSA",
      "computerId" : "GLSVR171217",
      "lastSynchronizedDate" : null,
      "addressNumber" : "1609",
      "sequence" : 0,
      "name" : "Ferik",
      "mailingName" : "Ferik",
      "description" : "",
      "firstName" : "",
      "middleName" : "",
      "lastName" : "",
      "nickname" : "",
      "salutation" : "",
      "gender" : "",
      "type" : "C",
      "religion" : "",
      "dateOfBirth" : null,
      "placeOfBirth" : "",
      "socialSecurityNumber" : "",
      "socialSecurityDate" : null,
      "mediaObjectReference" : "",
      "lastUpdateDateTime" : "2017-12-17T00:00:00",
      "inputDateTime" : "2017-12-17T00:00:00",
      "_links" : {
        "self" : {
          "href" : "http://localhost/api/contacts/1609_0"
        },
        "contactPerson" : {
          "href" : "http://localhost/api/contacts/1609_0"
        },
        "master" : {
          "href" : "http://localhost/api/contacts/1609_0/master"
        }
      }
    }, {
      "inputUserId" : "QSA",
      "lastUpdateUserId" : "QSA",
      "computerId" : "GLSVR171217",
      "lastSynchronizedDate" : null,
      "addressNumber" : "1610",
      "sequence" : 0,
      "name" : "Fery",
      "mailingName" : "Fery",
      "description" : "",
      "firstName" : "",
      "middleName" : "",
      "lastName" : "",
      "nickname" : "",
      "salutation" : "",
      "gender" : "",
      "type" : "C",
      "religion" : "",
      "dateOfBirth" : null,
      "placeOfBirth" : "",
      "socialSecurityNumber" : "",
      "socialSecurityDate" : null,
      "mediaObjectReference" : "",
      "lastUpdateDateTime" : "2017-12-17T00:00:00",
      "inputDateTime" : "2017-12-17T00:00:00",
      "_links" : {
        "self" : {
          "href" : "http://localhost/api/contacts/1610_0"
        },
        "contactPerson" : {
          "href" : "http://localhost/api/contacts/1610_0"
        },
        "master" : {
          "href" : "http://localhost/api/contacts/1610_0/master"
        }
      }
    }, {
      "inputUserId" : "QSA",
      "lastUpdateUserId" : "QSA",
      "computerId" : "GLSVR171217",
      "lastSynchronizedDate" : null,
      "addressNumber" : "1611",
      "sequence" : 0,
      "name" : "Fery Go To",
      "mailingName" : "Fery Go To",
      "description" : "",
      "firstName" : "",
      "middleName" : "",
      "lastName" : "",
      "nickname" : "",
      "salutation" : "",
      "gender" : "",
      "type" : "C",
      "religion" : "",
      "dateOfBirth" : null,
      "placeOfBirth" : "",
      "socialSecurityNumber" : "",
      "socialSecurityDate" : null,
      "mediaObjectReference" : "",
      "lastUpdateDateTime" : "2017-12-17T00:00:00",
      "inputDateTime" : "2017-12-17T00:00:00",
      "_links" : {
        "self" : {
          "href" : "http://localhost/api/contacts/1611_0"
        },
        "contactPerson" : {
          "href" : "http://localhost/api/contacts/1611_0"
        },
        "master" : {
          "href" : "http://localhost/api/contacts/1611_0/master"
        }
      }
    }, {
      "inputUserId" : "QSA",
      "lastUpdateUserId" : "QSA",
      "computerId" : "GLSVR171217",
      "lastSynchronizedDate" : null,
      "addressNumber" : "1612",
      "sequence" : 0,
      "name" : "Fiby",
      "mailingName" : "Fiby",
      "description" : "",
      "firstName" : "",
      "middleName" : "",
      "lastName" : "",
      "nickname" : "",
      "salutation" : "",
      "gender" : "",
      "type" : "C",
      "religion" : "",
      "dateOfBirth" : null,
      "placeOfBirth" : "",
      "socialSecurityNumber" : "",
      "socialSecurityDate" : null,
      "mediaObjectReference" : "",
      "lastUpdateDateTime" : "2017-12-17T00:00:00",
      "inputDateTime" : "2017-12-17T00:00:00",
      "_links" : {
        "self" : {
          "href" : "http://localhost/api/contacts/1612_0"
        },
        "contactPerson" : {
          "href" : "http://localhost/api/contacts/1612_0"
        },
        "master" : {
          "href" : "http://localhost/api/contacts/1612_0/master"
        }
      }
    }, {
      "inputUserId" : "QSA",
      "lastUpdateUserId" : "QSA",
      "computerId" : "GLSVR171217",
      "lastSynchronizedDate" : null,
      "addressNumber" : "1613",
      "sequence" : 0,
      "name" : "Ficom Abadi Sejahtera",
      "mailingName" : "Ficom Abadi Sejahtera",
      "description" : "",
      "firstName" : "",
      "middleName" : "",
      "lastName" : "",
      "nickname" : "",
      "salutation" : "",
      "gender" : "",
      "type" : "C",
      "religion" : "",
      "dateOfBirth" : null,
      "placeOfBirth" : "",
      "socialSecurityNumber" : "",
      "socialSecurityDate" : null,
      "mediaObjectReference" : "",
      "lastUpdateDateTime" : "2017-12-17T00:00:00",
      "inputDateTime" : "2017-12-17T00:00:00",
      "_links" : {
        "self" : {
          "href" : "http://localhost/api/contacts/1613_0"
        },
        "contactPerson" : {
          "href" : "http://localhost/api/contacts/1613_0"
        },
        "master" : {
          "href" : "http://localhost/api/contacts/1613_0/master"
        }
      }
    }, {
      "inputUserId" : "QSA",
      "lastUpdateUserId" : "QSA",
      "computerId" : "GLSVR171217",
      "lastSynchronizedDate" : null,
      "addressNumber" : "1614",
      "sequence" : 0,
      "name" : "Fictor",
      "mailingName" : "Fictor",
      "description" : "",
      "firstName" : "",
      "middleName" : "",
      "lastName" : "",
      "nickname" : "",
      "salutation" : "",
      "gender" : "",
      "type" : "C",
      "religion" : "",
      "dateOfBirth" : null,
      "placeOfBirth" : "",
      "socialSecurityNumber" : "",
      "socialSecurityDate" : null,
      "mediaObjectReference" : "",
      "lastUpdateDateTime" : "2017-12-17T00:00:00",
      "inputDateTime" : "2017-12-17T00:00:00",
      "_links" : {
        "self" : {
          "href" : "http://localhost/api/contacts/1614_0"
        },
        "contactPerson" : {
          "href" : "http://localhost/api/contacts/1614_0"
        },
        "master" : {
          "href" : "http://localhost/api/contacts/1614_0/master"
        }
      }
    }, {
      "inputUserId" : "QSA",
      "lastUpdateUserId" : "QSA",
      "computerId" : "GLSVR171217",
      "lastSynchronizedDate" : null,
      "addressNumber" : "1615",
      "sequence" : 0,
      "name" : "Fikri",
      "mailingName" : "Fikri",
      "description" : "",
      "firstName" : "",
      "middleName" : "",
      "lastName" : "",
      "nickname" : "",
      "salutation" : "",
      "gender" : "",
      "type" : "C",
      "religion" : "",
      "dateOfBirth" : null,
      "placeOfBirth" : "",
      "socialSecurityNumber" : "",
      "socialSecurityDate" : null,
      "mediaObjectReference" : "",
      "lastUpdateDateTime" : "2017-12-17T00:00:00",
      "inputDateTime" : "2017-12-17T00:00:00",
      "_links" : {
        "self" : {
          "href" : "http://localhost/api/contacts/1615_0"
        },
        "contactPerson" : {
          "href" : "http://localhost/api/contacts/1615_0"
        },
        "master" : {
          "href" : "http://localhost/api/contacts/1615_0/master"
        }
      }
    }, {
      "inputUserId" : "QSA",
      "lastUpdateUserId" : "QSA",
      "computerId" : "GLSVR171217",
      "lastSynchronizedDate" : null,
      "addressNumber" : "1616",
      "sequence" : 0,
      "name" : "Fillah",
      "mailingName" : "Fillah",
      "description" : "",
      "firstName" : "",
      "middleName" : "",
      "lastName" : "",
      "nickname" : "",
      "salutation" : "",
      "gender" : "",
      "type" : "C",
      "religion" : "",
      "dateOfBirth" : null,
      "placeOfBirth" : "",
      "socialSecurityNumber" : "",
      "socialSecurityDate" : null,
      "mediaObjectReference" : "",
      "lastUpdateDateTime" : "2017-12-17T00:00:00",
      "inputDateTime" : "2017-12-17T00:00:00",
      "_links" : {
        "self" : {
          "href" : "http://localhost/api/contacts/1616_0"
        },
        "contactPerson" : {
          "href" : "http://localhost/api/contacts/1616_0"
        },
        "master" : {
          "href" : "http://localhost/api/contacts/1616_0/master"
        }
      }
    }, {
      "inputUserId" : "QSA",
      "lastUpdateUserId" : "QSA",
      "computerId" : "GLSVR171217",
      "lastSynchronizedDate" : null,
      "addressNumber" : "1617",
      "sequence" : 0,
      "name" : "Firda",
      "mailingName" : "Firda",
      "description" : "",
      "firstName" : "",
      "middleName" : "",
      "lastName" : "",
      "nickname" : "",
      "salutation" : "",
      "gender" : "",
      "type" : "C",
      "religion" : "",
      "dateOfBirth" : null,
      "placeOfBirth" : "",
      "socialSecurityNumber" : "",
      "socialSecurityDate" : null,
      "mediaObjectReference" : "",
      "lastUpdateDateTime" : "2017-12-17T00:00:00",
      "inputDateTime" : "2017-12-17T00:00:00",
      "_links" : {
        "self" : {
          "href" : "http://localhost/api/contacts/1617_0"
        },
        "contactPerson" : {
          "href" : "http://localhost/api/contacts/1617_0"
        },
        "master" : {
          "href" : "http://localhost/api/contacts/1617_0/master"
        }
      }
    }, {
      "inputUserId" : "QSA",
      "lastUpdateUserId" : "QSA",
      "computerId" : "GLSVR171217",
      "lastSynchronizedDate" : null,
      "addressNumber" : "1618",
      "sequence" : 0,
      "name" : "Firdaus",
      "mailingName" : "Firdaus",
      "description" : "",
      "firstName" : "",
      "middleName" : "",
      "lastName" : "",
      "nickname" : "",
      "salutation" : "",
      "gender" : "",
      "type" : "C",
      "religion" : "",
      "dateOfBirth" : null,
      "placeOfBirth" : "",
      "socialSecurityNumber" : "",
      "socialSecurityDate" : null,
      "mediaObjectReference" : "",
      "lastUpdateDateTime" : "2017-12-17T00:00:00",
      "inputDateTime" : "2017-12-17T00:00:00",
      "_links" : {
        "self" : {
          "href" : "http://localhost/api/contacts/1618_0"
        },
        "contactPerson" : {
          "href" : "http://localhost/api/contacts/1618_0"
        },
        "master" : {
          "href" : "http://localhost/api/contacts/1618_0/master"
        }
      }
    }, {
      "inputUserId" : "QSA",
      "lastUpdateUserId" : "QSA",
      "computerId" : "GLSVR171217",
      "lastSynchronizedDate" : null,
      "addressNumber" : "1619",
      "sequence" : 0,
      "name" : "Firman",
      "mailingName" : "Firman",
      "description" : "",
      "firstName" : "",
      "middleName" : "",
      "lastName" : "",
      "nickname" : "",
      "salutation" : "",
      "gender" : "",
      "type" : "C",
      "religion" : "",
      "dateOfBirth" : null,
      "placeOfBirth" : "",
      "socialSecurityNumber" : "",
      "socialSecurityDate" : null,
      "mediaObjectReference" : "",
      "lastUpdateDateTime" : "2017-12-17T00:00:00",
      "inputDateTime" : "2017-12-17T00:00:00",
      "_links" : {
        "self" : {
          "href" : "http://localhost/api/contacts/1619_0"
        },
        "contactPerson" : {
          "href" : "http://localhost/api/contacts/1619_0"
        },
        "master" : {
          "href" : "http://localhost/api/contacts/1619_0/master"
        }
      }
    }, {
      "inputUserId" : "QSA",
      "lastUpdateUserId" : "QSA",
      "computerId" : "GLSVR171217",
      "lastSynchronizedDate" : null,
      "addressNumber" : "1620",
      "sequence" : 0,
      "name" : "Fix Print",
      "mailingName" : "Fix Print",
      "description" : "",
      "firstName" : "",
      "middleName" : "",
      "lastName" : "",
      "nickname" : "",
      "salutation" : "",
      "gender" : "",
      "type" : "C",
      "religion" : "",
      "dateOfBirth" : null,
      "placeOfBirth" : "",
      "socialSecurityNumber" : "",
      "socialSecurityDate" : null,
      "mediaObjectReference" : "",
      "lastUpdateDateTime" : "2017-12-17T00:00:00",
      "inputDateTime" : "2017-12-17T00:00:00",
      "_links" : {
        "self" : {
          "href" : "http://localhost/api/contacts/1620_0"
        },
        "contactPerson" : {
          "href" : "http://localhost/api/contacts/1620_0"
        },
        "master" : {
          "href" : "http://localhost/api/contacts/1620_0/master"
        }
      }
    }, {
      "inputUserId" : "QSA",
      "lastUpdateUserId" : "QSA",
      "computerId" : "GLSVR171217",
      "lastSynchronizedDate" : null,
      "addressNumber" : "1621",
      "sequence" : 0,
      "name" : "Fixprint",
      "mailingName" : "Fixprint",
      "description" : "",
      "firstName" : "",
      "middleName" : "",
      "lastName" : "",
      "nickname" : "",
      "salutation" : "",
      "gender" : "",
      "type" : "C",
      "religion" : "",
      "dateOfBirth" : null,
      "placeOfBirth" : "",
      "socialSecurityNumber" : "",
      "socialSecurityDate" : null,
      "mediaObjectReference" : "",
      "lastUpdateDateTime" : "2017-12-17T00:00:00",
      "inputDateTime" : "2017-12-17T00:00:00",
      "_links" : {
        "self" : {
          "href" : "http://localhost/api/contacts/1621_0"
        },
        "contactPerson" : {
          "href" : "http://localhost/api/contacts/1621_0"
        },
        "master" : {
          "href" : "http://localhost/api/contacts/1621_0/master"
        }
      }
    }, {
      "inputUserId" : "QSA",
      "lastUpdateUserId" : "QSA",
      "computerId" : "GLSVR171217",
      "lastSynchronizedDate" : null,
      "addressNumber" : "1622",
      "sequence" : 0,
      "name" : "Flash Comp",
      "mailingName" : "Flash Comp",
      "description" : "",
      "firstName" : "",
      "middleName" : "",
      "lastName" : "",
      "nickname" : "",
      "salutation" : "",
      "gender" : "",
      "type" : "C",
      "religion" : "",
      "dateOfBirth" : null,
      "placeOfBirth" : "",
      "socialSecurityNumber" : "",
      "socialSecurityDate" : null,
      "mediaObjectReference" : "",
      "lastUpdateDateTime" : "2017-12-17T00:00:00",
      "inputDateTime" : "2017-12-17T00:00:00",
      "_links" : {
        "self" : {
          "href" : "http://localhost/api/contacts/1622_0"
        },
        "contactPerson" : {
          "href" : "http://localhost/api/contacts/1622_0"
        },
        "master" : {
          "href" : "http://localhost/api/contacts/1622_0/master"
        }
      }
    }, {
      "inputUserId" : "QSA",
      "lastUpdateUserId" : "QSA",
      "computerId" : "GLSVR171217",
      "lastSynchronizedDate" : null,
      "addressNumber" : "1623",
      "sequence" : 0,
      "name" : "Fleksibel Packaging",
      "mailingName" : "Fleksibel Packaging",
      "description" : "",
      "firstName" : "",
      "middleName" : "",
      "lastName" : "",
      "nickname" : "",
      "salutation" : "",
      "gender" : "",
      "type" : "C",
      "religion" : "",
      "dateOfBirth" : null,
      "placeOfBirth" : "",
      "socialSecurityNumber" : "",
      "socialSecurityDate" : null,
      "mediaObjectReference" : "",
      "lastUpdateDateTime" : "2017-12-17T00:00:00",
      "inputDateTime" : "2017-12-17T00:00:00",
      "_links" : {
        "self" : {
          "href" : "http://localhost/api/contacts/1623_0"
        },
        "contactPerson" : {
          "href" : "http://localhost/api/contacts/1623_0"
        },
        "master" : {
          "href" : "http://localhost/api/contacts/1623_0/master"
        }
      }
    }, {
      "inputUserId" : "QSA",
      "lastUpdateUserId" : "QSA",
      "computerId" : "GLSVR171217",
      "lastSynchronizedDate" : null,
      "addressNumber" : "1624",
      "sequence" : 0,
      "name" : "Focus Comp",
      "mailingName" : "Focus Comp",
      "description" : "",
      "firstName" : "",
      "middleName" : "",
      "lastName" : "",
      "nickname" : "",
      "salutation" : "",
      "gender" : "",
      "type" : "C",
      "religion" : "",
      "dateOfBirth" : null,
      "placeOfBirth" : "",
      "socialSecurityNumber" : "",
      "socialSecurityDate" : null,
      "mediaObjectReference" : "",
      "lastUpdateDateTime" : "2017-12-17T00:00:00",
      "inputDateTime" : "2017-12-17T00:00:00",
      "_links" : {
        "self" : {
          "href" : "http://localhost/api/contacts/1624_0"
        },
        "contactPerson" : {
          "href" : "http://localhost/api/contacts/1624_0"
        },
        "master" : {
          "href" : "http://localhost/api/contacts/1624_0/master"
        }
      }
    }, {
      "inputUserId" : "QSA",
      "lastUpdateUserId" : "QSA",
      "computerId" : "GLSVR171217",
      "lastSynchronizedDate" : null,
      "addressNumber" : "1625",
      "sequence" : 0,
      "name" : "Fortuna Comp",
      "mailingName" : "Fortuna Comp",
      "description" : "",
      "firstName" : "",
      "middleName" : "",
      "lastName" : "",
      "nickname" : "",
      "salutation" : "",
      "gender" : "",
      "type" : "C",
      "religion" : "",
      "dateOfBirth" : null,
      "placeOfBirth" : "",
      "socialSecurityNumber" : "",
      "socialSecurityDate" : null,
      "mediaObjectReference" : "",
      "lastUpdateDateTime" : "2017-12-17T00:00:00",
      "inputDateTime" : "2017-12-17T00:00:00",
      "_links" : {
        "self" : {
          "href" : "http://localhost/api/contacts/1625_0"
        },
        "contactPerson" : {
          "href" : "http://localhost/api/contacts/1625_0"
        },
        "master" : {
          "href" : "http://localhost/api/contacts/1625_0/master"
        }
      }
    }, {
      "inputUserId" : "QSA",
      "lastUpdateUserId" : "QSA",
      "computerId" : "GLSVR171217",
      "lastSynchronizedDate" : null,
      "addressNumber" : "1626",
      "sequence" : 0,
      "name" : "Fotopro",
      "mailingName" : "Fotopro",
      "description" : "",
      "firstName" : "",
      "middleName" : "",
      "lastName" : "",
      "nickname" : "",
      "salutation" : "",
      "gender" : "",
      "type" : "C",
      "religion" : "",
      "dateOfBirth" : null,
      "placeOfBirth" : "",
      "socialSecurityNumber" : "",
      "socialSecurityDate" : null,
      "mediaObjectReference" : "",
      "lastUpdateDateTime" : "2017-12-17T00:00:00",
      "inputDateTime" : "2017-12-17T00:00:00",
      "_links" : {
        "self" : {
          "href" : "http://localhost/api/contacts/1626_0"
        },
        "contactPerson" : {
          "href" : "http://localhost/api/contacts/1626_0"
        },
        "master" : {
          "href" : "http://localhost/api/contacts/1626_0/master"
        }
      }
    }, {
      "inputUserId" : "QSA",
      "lastUpdateUserId" : "QSA",
      "computerId" : "GLSVR171217",
      "lastSynchronizedDate" : null,
      "addressNumber" : "1627",
      "sequence" : 0,
      "name" : "FPK Jatim",
      "mailingName" : "FPK Jatim",
      "description" : "",
      "firstName" : "",
      "middleName" : "",
      "lastName" : "",
      "nickname" : "",
      "salutation" : "",
      "gender" : "",
      "type" : "C",
      "religion" : "",
      "dateOfBirth" : null,
      "placeOfBirth" : "",
      "socialSecurityNumber" : "",
      "socialSecurityDate" : null,
      "mediaObjectReference" : "",
      "lastUpdateDateTime" : "2017-12-17T00:00:00",
      "inputDateTime" : "2017-12-17T00:00:00",
      "_links" : {
        "self" : {
          "href" : "http://localhost/api/contacts/1627_0"
        },
        "contactPerson" : {
          "href" : "http://localhost/api/contacts/1627_0"
        },
        "master" : {
          "href" : "http://localhost/api/contacts/1627_0/master"
        }
      }
    }, {
      "inputUserId" : "QSA",
      "lastUpdateUserId" : "QSA",
      "computerId" : "GLSVR171217",
      "lastSynchronizedDate" : null,
      "addressNumber" : "1628",
      "sequence" : 0,
      "name" : "Franky",
      "mailingName" : "Franky",
      "description" : "",
      "firstName" : "",
      "middleName" : "",
      "lastName" : "",
      "nickname" : "",
      "salutation" : "",
      "gender" : "",
      "type" : "C",
      "religion" : "",
      "dateOfBirth" : null,
      "placeOfBirth" : "",
      "socialSecurityNumber" : "",
      "socialSecurityDate" : null,
      "mediaObjectReference" : "",
      "lastUpdateDateTime" : "2017-12-17T00:00:00",
      "inputDateTime" : "2017-12-17T00:00:00",
      "_links" : {
        "self" : {
          "href" : "http://localhost/api/contacts/1628_0"
        },
        "contactPerson" : {
          "href" : "http://localhost/api/contacts/1628_0"
        },
        "master" : {
          "href" : "http://localhost/api/contacts/1628_0/master"
        }
      }
    }, {
      "inputUserId" : "QSA",
      "lastUpdateUserId" : "QSA",
      "computerId" : "GLSVR171217",
      "lastSynchronizedDate" : null,
      "addressNumber" : "1629",
      "sequence" : 0,
      "name" : "Freddy",
      "mailingName" : "Freddy",
      "description" : "",
      "firstName" : "",
      "middleName" : "",
      "lastName" : "",
      "nickname" : "",
      "salutation" : "",
      "gender" : "",
      "type" : "C",
      "religion" : "",
      "dateOfBirth" : null,
      "placeOfBirth" : "",
      "socialSecurityNumber" : "",
      "socialSecurityDate" : null,
      "mediaObjectReference" : "",
      "lastUpdateDateTime" : "2017-12-17T00:00:00",
      "inputDateTime" : "2017-12-17T00:00:00",
      "_links" : {
        "self" : {
          "href" : "http://localhost/api/contacts/1629_0"
        },
        "contactPerson" : {
          "href" : "http://localhost/api/contacts/1629_0"
        },
        "master" : {
          "href" : "http://localhost/api/contacts/1629_0/master"
        }
      }
    }, {
      "inputUserId" : "QSA",
      "lastUpdateUserId" : "QSA",
      "computerId" : "GLSVR171217",
      "lastSynchronizedDate" : null,
      "addressNumber" : "1630",
      "sequence" : 0,
      "name" : "Fresh Comp",
      "mailingName" : "Fresh Comp",
      "description" : "",
      "firstName" : "",
      "middleName" : "",
      "lastName" : "",
      "nickname" : "",
      "salutation" : "",
      "gender" : "",
      "type" : "C",
      "religion" : "",
      "dateOfBirth" : null,
      "placeOfBirth" : "",
      "socialSecurityNumber" : "",
      "socialSecurityDate" : null,
      "mediaObjectReference" : "",
      "lastUpdateDateTime" : "2017-12-17T00:00:00",
      "inputDateTime" : "2017-12-17T00:00:00",
      "_links" : {
        "self" : {
          "href" : "http://localhost/api/contacts/1630_0"
        },
        "contactPerson" : {
          "href" : "http://localhost/api/contacts/1630_0"
        },
        "master" : {
          "href" : "http://localhost/api/contacts/1630_0/master"
        }
      }
    }, {
      "inputUserId" : "QSA",
      "lastUpdateUserId" : "QSA",
      "computerId" : "GLSVR171217",
      "lastSynchronizedDate" : null,
      "addressNumber" : "1631",
      "sequence" : 0,
      "name" : "Fuad Hadi",
      "mailingName" : "Fuad Hadi",
      "description" : "",
      "firstName" : "",
      "middleName" : "",
      "lastName" : "",
      "nickname" : "",
      "salutation" : "",
      "gender" : "",
      "type" : "C",
      "religion" : "",
      "dateOfBirth" : null,
      "placeOfBirth" : "",
      "socialSecurityNumber" : "",
      "socialSecurityDate" : null,
      "mediaObjectReference" : "",
      "lastUpdateDateTime" : "2017-12-17T00:00:00",
      "inputDateTime" : "2017-12-17T00:00:00",
      "_links" : {
        "self" : {
          "href" : "http://localhost/api/contacts/1631_0"
        },
        "contactPerson" : {
          "href" : "http://localhost/api/contacts/1631_0"
        },
        "master" : {
          "href" : "http://localhost/api/contacts/1631_0/master"
        }
      }
    }, {
      "inputUserId" : "QSA",
      "lastUpdateUserId" : "QSA",
      "computerId" : "GLSVR171217",
      "lastSynchronizedDate" : null,
      "addressNumber" : "1632",
      "sequence" : 0,
      "name" : "FX Tech",
      "mailingName" : "FX Tech",
      "description" : "",
      "firstName" : "",
      "middleName" : "",
      "lastName" : "",
      "nickname" : "",
      "salutation" : "",
      "gender" : "",
      "type" : "C",
      "religion" : "",
      "dateOfBirth" : null,
      "placeOfBirth" : "",
      "socialSecurityNumber" : "",
      "socialSecurityDate" : null,
      "mediaObjectReference" : "",
      "lastUpdateDateTime" : "2017-12-17T00:00:00",
      "inputDateTime" : "2017-12-17T00:00:00",
      "_links" : {
        "self" : {
          "href" : "http://localhost/api/contacts/1632_0"
        },
        "contactPerson" : {
          "href" : "http://localhost/api/contacts/1632_0"
        },
        "master" : {
          "href" : "http://localhost/api/contacts/1632_0/master"
        }
      }
    }, {
      "inputUserId" : "QSA",
      "lastUpdateUserId" : "ANTHONI",
      "computerId" : "GLSVR171217",
      "lastSynchronizedDate" : null,
      "addressNumber" : "1633",
      "sequence" : 0,
      "name" : "Gading Murni",
      "mailingName" : "Gading Murni",
      "description" : "",
      "firstName" : "",
      "middleName" : "",
      "lastName" : "",
      "nickname" : "",
      "salutation" : "",
      "gender" : "",
      "type" : "C",
      "religion" : "",
      "dateOfBirth" : null,
      "placeOfBirth" : "",
      "socialSecurityNumber" : "",
      "socialSecurityDate" : null,
      "mediaObjectReference" : "",
      "lastUpdateDateTime" : "2018-02-12T09:57:49",
      "inputDateTime" : "2017-12-17T00:00:00",
      "_links" : {
        "self" : {
          "href" : "http://localhost/api/contacts/1633_0"
        },
        "contactPerson" : {
          "href" : "http://localhost/api/contacts/1633_0"
        },
        "master" : {
          "href" : "http://localhost/api/contacts/1633_0/master"
        }
      }
    }, {
      "inputUserId" : "QSA",
      "lastUpdateUserId" : "QSA",
      "computerId" : "GLSVR171217",
      "lastSynchronizedDate" : null,
      "addressNumber" : "1634",
      "sequence" : 0,
      "name" : "Gajah Mada Comp",
      "mailingName" : "Gajah Mada Comp",
      "description" : "",
      "firstName" : "",
      "middleName" : "",
      "lastName" : "",
      "nickname" : "",
      "salutation" : "",
      "gender" : "",
      "type" : "C",
      "religion" : "",
      "dateOfBirth" : null,
      "placeOfBirth" : "",
      "socialSecurityNumber" : "",
      "socialSecurityDate" : null,
      "mediaObjectReference" : "",
      "lastUpdateDateTime" : "2017-12-17T00:00:00",
      "inputDateTime" : "2017-12-17T00:00:00",
      "_links" : {
        "self" : {
          "href" : "http://localhost/api/contacts/1634_0"
        },
        "contactPerson" : {
          "href" : "http://localhost/api/contacts/1634_0"
        },
        "master" : {
          "href" : "http://localhost/api/contacts/1634_0/master"
        }
      }
    }, {
      "inputUserId" : "QSA",
      "lastUpdateUserId" : "QSA",
      "computerId" : "GLSVR171217",
      "lastSynchronizedDate" : null,
      "addressNumber" : "1635",
      "sequence" : 0,
      "name" : "Galasia",
      "mailingName" : "Galasia",
      "description" : "",
      "firstName" : "",
      "middleName" : "",
      "lastName" : "",
      "nickname" : "",
      "salutation" : "",
      "gender" : "",
      "type" : "C",
      "religion" : "",
      "dateOfBirth" : null,
      "placeOfBirth" : "",
      "socialSecurityNumber" : "",
      "socialSecurityDate" : null,
      "mediaObjectReference" : "",
      "lastUpdateDateTime" : "2017-12-17T00:00:00",
      "inputDateTime" : "2017-12-17T00:00:00",
      "_links" : {
        "self" : {
          "href" : "http://localhost/api/contacts/1635_0"
        },
        "contactPerson" : {
          "href" : "http://localhost/api/contacts/1635_0"
        },
        "master" : {
          "href" : "http://localhost/api/contacts/1635_0/master"
        }
      }
    }, {
      "inputUserId" : "QSA",
      "lastUpdateUserId" : "QSA",
      "computerId" : "GLSVR171217",
      "lastSynchronizedDate" : null,
      "addressNumber" : "1636",
      "sequence" : 0,
      "name" : "Galaxia Computer",
      "mailingName" : "Galaxia Computer",
      "description" : "",
      "firstName" : "",
      "middleName" : "",
      "lastName" : "",
      "nickname" : "",
      "salutation" : "",
      "gender" : "",
      "type" : "C",
      "religion" : "",
      "dateOfBirth" : null,
      "placeOfBirth" : "",
      "socialSecurityNumber" : "",
      "socialSecurityDate" : null,
      "mediaObjectReference" : "",
      "lastUpdateDateTime" : "2017-12-17T00:00:00",
      "inputDateTime" : "2017-12-17T00:00:00",
      "_links" : {
        "self" : {
          "href" : "http://localhost/api/contacts/1636_0"
        },
        "contactPerson" : {
          "href" : "http://localhost/api/contacts/1636_0"
        },
        "master" : {
          "href" : "http://localhost/api/contacts/1636_0/master"
        }
      }
    }, {
      "inputUserId" : "QSA",
      "lastUpdateUserId" : "QSA",
      "computerId" : "GLSVR171217",
      "lastSynchronizedDate" : null,
      "addressNumber" : "1637",
      "sequence" : 0,
      "name" : "Galaxy Comp",
      "mailingName" : "Galaxy Comp",
      "description" : "",
      "firstName" : "",
      "middleName" : "",
      "lastName" : "",
      "nickname" : "",
      "salutation" : "",
      "gender" : "",
      "type" : "C",
      "religion" : "",
      "dateOfBirth" : null,
      "placeOfBirth" : "",
      "socialSecurityNumber" : "",
      "socialSecurityDate" : null,
      "mediaObjectReference" : "",
      "lastUpdateDateTime" : "2017-12-17T00:00:00",
      "inputDateTime" : "2017-12-17T00:00:00",
      "_links" : {
        "self" : {
          "href" : "http://localhost/api/contacts/1637_0"
        },
        "contactPerson" : {
          "href" : "http://localhost/api/contacts/1637_0"
        },
        "master" : {
          "href" : "http://localhost/api/contacts/1637_0/master"
        }
      }
    }, {
      "inputUserId" : "QSA",
      "lastUpdateUserId" : "QSA",
      "computerId" : "GLSVR171217",
      "lastSynchronizedDate" : null,
      "addressNumber" : "1638",
      "sequence" : 0,
      "name" : "Galeon",
      "mailingName" : "Galeon",
      "description" : "",
      "firstName" : "",
      "middleName" : "",
      "lastName" : "",
      "nickname" : "",
      "salutation" : "",
      "gender" : "",
      "type" : "C",
      "religion" : "",
      "dateOfBirth" : null,
      "placeOfBirth" : "",
      "socialSecurityNumber" : "",
      "socialSecurityDate" : null,
      "mediaObjectReference" : "",
      "lastUpdateDateTime" : "2017-12-17T00:00:00",
      "inputDateTime" : "2017-12-17T00:00:00",
      "_links" : {
        "self" : {
          "href" : "http://localhost/api/contacts/1638_0"
        },
        "contactPerson" : {
          "href" : "http://localhost/api/contacts/1638_0"
        },
        "master" : {
          "href" : "http://localhost/api/contacts/1638_0/master"
        }
      }
    }, {
      "inputUserId" : "QSA",
      "lastUpdateUserId" : "QSA",
      "computerId" : "GLSVR171217",
      "lastSynchronizedDate" : null,
      "addressNumber" : "1639",
      "sequence" : 0,
      "name" : "Galeri",
      "mailingName" : "Galeri",
      "description" : "",
      "firstName" : "",
      "middleName" : "",
      "lastName" : "",
      "nickname" : "",
      "salutation" : "",
      "gender" : "",
      "type" : "C",
      "religion" : "",
      "dateOfBirth" : null,
      "placeOfBirth" : "",
      "socialSecurityNumber" : "",
      "socialSecurityDate" : null,
      "mediaObjectReference" : "",
      "lastUpdateDateTime" : "2017-12-17T00:00:00",
      "inputDateTime" : "2017-12-17T00:00:00",
      "_links" : {
        "self" : {
          "href" : "http://localhost/api/contacts/1639_0"
        },
        "contactPerson" : {
          "href" : "http://localhost/api/contacts/1639_0"
        },
        "master" : {
          "href" : "http://localhost/api/contacts/1639_0/master"
        }
      }
    }, {
      "inputUserId" : "QSA",
      "lastUpdateUserId" : "QSA",
      "computerId" : "GLSVR171217",
      "lastSynchronizedDate" : null,
      "addressNumber" : "1640",
      "sequence" : 0,
      "name" : "Galeri Media Computer",
      "mailingName" : "Galeri Media Computer",
      "description" : "",
      "firstName" : "",
      "middleName" : "",
      "lastName" : "",
      "nickname" : "",
      "salutation" : "",
      "gender" : "",
      "type" : "C",
      "religion" : "",
      "dateOfBirth" : null,
      "placeOfBirth" : "",
      "socialSecurityNumber" : "",
      "socialSecurityDate" : null,
      "mediaObjectReference" : "",
      "lastUpdateDateTime" : "2017-12-17T00:00:00",
      "inputDateTime" : "2017-12-17T00:00:00",
      "_links" : {
        "self" : {
          "href" : "http://localhost/api/contacts/1640_0"
        },
        "contactPerson" : {
          "href" : "http://localhost/api/contacts/1640_0"
        },
        "master" : {
          "href" : "http://localhost/api/contacts/1640_0/master"
        }
      }
    }, {
      "inputUserId" : "QSA",
      "lastUpdateUserId" : "QSA",
      "computerId" : "GLSVR171217",
      "lastSynchronizedDate" : null,
      "addressNumber" : "1640",
      "sequence" : 1,
      "name" : "Ce Aime",
      "mailingName" : "Ce Aime",
      "description" : "",
      "firstName" : "",
      "middleName" : "",
      "lastName" : "",
      "nickname" : "",
      "salutation" : "",
      "gender" : "",
      "type" : "C",
      "religion" : "",
      "dateOfBirth" : null,
      "placeOfBirth" : "",
      "socialSecurityNumber" : "",
      "socialSecurityDate" : null,
      "mediaObjectReference" : "",
      "lastUpdateDateTime" : "2017-12-17T00:00:00",
      "inputDateTime" : "2017-12-17T00:00:00",
      "_links" : {
        "self" : {
          "href" : "http://localhost/api/contacts/1640_1"
        },
        "contactPerson" : {
          "href" : "http://localhost/api/contacts/1640_1"
        },
        "master" : {
          "href" : "http://localhost/api/contacts/1640_1/master"
        }
      }
    }, {
      "inputUserId" : "QSA",
      "lastUpdateUserId" : "QSA",
      "computerId" : "GLSVR171217",
      "lastSynchronizedDate" : null,
      "addressNumber" : "1641",
      "sequence" : 0,
      "name" : "Galih",
      "mailingName" : "Galih",
      "description" : "",
      "firstName" : "",
      "middleName" : "",
      "lastName" : "",
      "nickname" : "",
      "salutation" : "",
      "gender" : "",
      "type" : "C",
      "religion" : "",
      "dateOfBirth" : null,
      "placeOfBirth" : "",
      "socialSecurityNumber" : "",
      "socialSecurityDate" : null,
      "mediaObjectReference" : "",
      "lastUpdateDateTime" : "2017-12-17T00:00:00",
      "inputDateTime" : "2017-12-17T00:00:00",
      "_links" : {
        "self" : {
          "href" : "http://localhost/api/contacts/1641_0"
        },
        "contactPerson" : {
          "href" : "http://localhost/api/contacts/1641_0"
        },
        "master" : {
          "href" : "http://localhost/api/contacts/1641_0/master"
        }
      }
    }, {
      "inputUserId" : "QSA",
      "lastUpdateUserId" : "QSA",
      "computerId" : "GLSVR171217",
      "lastSynchronizedDate" : null,
      "addressNumber" : "1642",
      "sequence" : 0,
      "name" : "Game Come",
      "mailingName" : "Game Come",
      "description" : "",
      "firstName" : "",
      "middleName" : "",
      "lastName" : "",
      "nickname" : "",
      "salutation" : "",
      "gender" : "",
      "type" : "C",
      "religion" : "",
      "dateOfBirth" : null,
      "placeOfBirth" : "",
      "socialSecurityNumber" : "",
      "socialSecurityDate" : null,
      "mediaObjectReference" : "",
      "lastUpdateDateTime" : "2017-12-17T00:00:00",
      "inputDateTime" : "2017-12-17T00:00:00",
      "_links" : {
        "self" : {
          "href" : "http://localhost/api/contacts/1642_0"
        },
        "contactPerson" : {
          "href" : "http://localhost/api/contacts/1642_0"
        },
        "master" : {
          "href" : "http://localhost/api/contacts/1642_0/master"
        }
      }
    }, {
      "inputUserId" : "QSA",
      "lastUpdateUserId" : "QSA",
      "computerId" : "GLSVR171217",
      "lastSynchronizedDate" : null,
      "addressNumber" : "1643",
      "sequence" : 0,
      "name" : "Gamma Com",
      "mailingName" : "Gamma Com",
      "description" : "",
      "firstName" : "",
      "middleName" : "",
      "lastName" : "",
      "nickname" : "",
      "salutation" : "",
      "gender" : "",
      "type" : "C",
      "religion" : "",
      "dateOfBirth" : null,
      "placeOfBirth" : "",
      "socialSecurityNumber" : "",
      "socialSecurityDate" : null,
      "mediaObjectReference" : "",
      "lastUpdateDateTime" : "2017-12-17T00:00:00",
      "inputDateTime" : "2017-12-17T00:00:00",
      "_links" : {
        "self" : {
          "href" : "http://localhost/api/contacts/1643_0"
        },
        "contactPerson" : {
          "href" : "http://localhost/api/contacts/1643_0"
        },
        "master" : {
          "href" : "http://localhost/api/contacts/1643_0/master"
        }
      }
    }, {
      "inputUserId" : "QSA",
      "lastUpdateUserId" : "QSA",
      "computerId" : "GLSVR171217",
      "lastSynchronizedDate" : null,
      "addressNumber" : "1644",
      "sequence" : 0,
      "name" : "Ganesa",
      "mailingName" : "Ganesa",
      "description" : "",
      "firstName" : "",
      "middleName" : "",
      "lastName" : "",
      "nickname" : "",
      "salutation" : "",
      "gender" : "",
      "type" : "C",
      "religion" : "",
      "dateOfBirth" : null,
      "placeOfBirth" : "",
      "socialSecurityNumber" : "",
      "socialSecurityDate" : null,
      "mediaObjectReference" : "",
      "lastUpdateDateTime" : "2017-12-17T00:00:00",
      "inputDateTime" : "2017-12-17T00:00:00",
      "_links" : {
        "self" : {
          "href" : "http://localhost/api/contacts/1644_0"
        },
        "contactPerson" : {
          "href" : "http://localhost/api/contacts/1644_0"
        },
        "master" : {
          "href" : "http://localhost/api/contacts/1644_0/master"
        }
      }
    }, {
      "inputUserId" : "QSA",
      "lastUpdateUserId" : "QSA",
      "computerId" : "GLSVR171217",
      "lastSynchronizedDate" : null,
      "addressNumber" : "1645",
      "sequence" : 0,
      "name" : "Gany",
      "mailingName" : "Gany",
      "description" : "",
      "firstName" : "",
      "middleName" : "",
      "lastName" : "",
      "nickname" : "",
      "salutation" : "",
      "gender" : "",
      "type" : "C",
      "religion" : "",
      "dateOfBirth" : null,
      "placeOfBirth" : "",
      "socialSecurityNumber" : "",
      "socialSecurityDate" : null,
      "mediaObjectReference" : "",
      "lastUpdateDateTime" : "2017-12-17T00:00:00",
      "inputDateTime" : "2017-12-17T00:00:00",
      "_links" : {
        "self" : {
          "href" : "http://localhost/api/contacts/1645_0"
        },
        "contactPerson" : {
          "href" : "http://localhost/api/contacts/1645_0"
        },
        "master" : {
          "href" : "http://localhost/api/contacts/1645_0/master"
        }
      }
    }, {
      "inputUserId" : "QSA",
      "lastUpdateUserId" : "QSA",
      "computerId" : "GLSVR171217",
      "lastSynchronizedDate" : null,
      "addressNumber" : "1646",
      "sequence" : 0,
      "name" : "Gatot",
      "mailingName" : "Gatot",
      "description" : "",
      "firstName" : "",
      "middleName" : "",
      "lastName" : "",
      "nickname" : "",
      "salutation" : "",
      "gender" : "",
      "type" : "C",
      "religion" : "",
      "dateOfBirth" : null,
      "placeOfBirth" : "",
      "socialSecurityNumber" : "",
      "socialSecurityDate" : null,
      "mediaObjectReference" : "",
      "lastUpdateDateTime" : "2017-12-17T00:00:00",
      "inputDateTime" : "2017-12-17T00:00:00",
      "_links" : {
        "self" : {
          "href" : "http://localhost/api/contacts/1646_0"
        },
        "contactPerson" : {
          "href" : "http://localhost/api/contacts/1646_0"
        },
        "master" : {
          "href" : "http://localhost/api/contacts/1646_0/master"
        }
      }
    }, {
      "inputUserId" : "QSA",
      "lastUpdateUserId" : "QSA",
      "computerId" : "GLSVR171217",
      "lastSynchronizedDate" : null,
      "addressNumber" : "1647",
      "sequence" : 0,
      "name" : "General IT",
      "mailingName" : "General IT",
      "description" : "",
      "firstName" : "",
      "middleName" : "",
      "lastName" : "",
      "nickname" : "",
      "salutation" : "",
      "gender" : "",
      "type" : "C",
      "religion" : "",
      "dateOfBirth" : null,
      "placeOfBirth" : "",
      "socialSecurityNumber" : "",
      "socialSecurityDate" : null,
      "mediaObjectReference" : "",
      "lastUpdateDateTime" : "2017-12-17T00:00:00",
      "inputDateTime" : "2017-12-17T00:00:00",
      "_links" : {
        "self" : {
          "href" : "http://localhost/api/contacts/1647_0"
        },
        "contactPerson" : {
          "href" : "http://localhost/api/contacts/1647_0"
        },
        "master" : {
          "href" : "http://localhost/api/contacts/1647_0/master"
        }
      }
    }, {
      "inputUserId" : "QSA",
      "lastUpdateUserId" : "QSA",
      "computerId" : "GLSVR171217",
      "lastSynchronizedDate" : null,
      "addressNumber" : "1648",
      "sequence" : 0,
      "name" : "Genesis",
      "mailingName" : "Genesis",
      "description" : "",
      "firstName" : "",
      "middleName" : "",
      "lastName" : "",
      "nickname" : "",
      "salutation" : "",
      "gender" : "",
      "type" : "C",
      "religion" : "",
      "dateOfBirth" : null,
      "placeOfBirth" : "",
      "socialSecurityNumber" : "",
      "socialSecurityDate" : null,
      "mediaObjectReference" : "",
      "lastUpdateDateTime" : "2017-12-17T00:00:00",
      "inputDateTime" : "2017-12-17T00:00:00",
      "_links" : {
        "self" : {
          "href" : "http://localhost/api/contacts/1648_0"
        },
        "contactPerson" : {
          "href" : "http://localhost/api/contacts/1648_0"
        },
        "master" : {
          "href" : "http://localhost/api/contacts/1648_0/master"
        }
      }
    }, {
      "inputUserId" : "QSA",
      "lastUpdateUserId" : "QSA",
      "computerId" : "GLSVR171217",
      "lastSynchronizedDate" : null,
      "addressNumber" : "1649",
      "sequence" : 0,
      "name" : "Gery",
      "mailingName" : "Gery",
      "description" : "",
      "firstName" : "",
      "middleName" : "",
      "lastName" : "",
      "nickname" : "",
      "salutation" : "",
      "gender" : "",
      "type" : "C",
      "religion" : "",
      "dateOfBirth" : null,
      "placeOfBirth" : "",
      "socialSecurityNumber" : "",
      "socialSecurityDate" : null,
      "mediaObjectReference" : "",
      "lastUpdateDateTime" : "2017-12-17T00:00:00",
      "inputDateTime" : "2017-12-17T00:00:00",
      "_links" : {
        "self" : {
          "href" : "http://localhost/api/contacts/1649_0"
        },
        "contactPerson" : {
          "href" : "http://localhost/api/contacts/1649_0"
        },
        "master" : {
          "href" : "http://localhost/api/contacts/1649_0/master"
        }
      }
    }, {
      "inputUserId" : "QSA",
      "lastUpdateUserId" : "QSA",
      "computerId" : "GLSVR171217",
      "lastSynchronizedDate" : null,
      "addressNumber" : "1650",
      "sequence" : 0,
      "name" : "Get Computer",
      "mailingName" : "Get Computer",
      "description" : "",
      "firstName" : "",
      "middleName" : "",
      "lastName" : "",
      "nickname" : "",
      "salutation" : "",
      "gender" : "",
      "type" : "C",
      "religion" : "",
      "dateOfBirth" : null,
      "placeOfBirth" : "",
      "socialSecurityNumber" : "",
      "socialSecurityDate" : null,
      "mediaObjectReference" : "",
      "lastUpdateDateTime" : "2017-12-17T00:00:00",
      "inputDateTime" : "2017-12-17T00:00:00",
      "_links" : {
        "self" : {
          "href" : "http://localhost/api/contacts/1650_0"
        },
        "contactPerson" : {
          "href" : "http://localhost/api/contacts/1650_0"
        },
        "master" : {
          "href" : "http://localhost/api/contacts/1650_0/master"
        }
      }
    }, {
      "inputUserId" : "QSA",
      "lastUpdateUserId" : "QSA",
      "computerId" : "GLSVR171217",
      "lastSynchronizedDate" : null,
      "addressNumber" : "1651",
      "sequence" : 0,
      "name" : "GG IT Store",
      "mailingName" : "GG IT Store",
      "description" : "",
      "firstName" : "",
      "middleName" : "",
      "lastName" : "",
      "nickname" : "",
      "salutation" : "",
      "gender" : "",
      "type" : "C",
      "religion" : "",
      "dateOfBirth" : null,
      "placeOfBirth" : "",
      "socialSecurityNumber" : "",
      "socialSecurityDate" : null,
      "mediaObjectReference" : "",
      "lastUpdateDateTime" : "2017-12-17T00:00:00",
      "inputDateTime" : "2017-12-17T00:00:00",
      "_links" : {
        "self" : {
          "href" : "http://localhost/api/contacts/1651_0"
        },
        "contactPerson" : {
          "href" : "http://localhost/api/contacts/1651_0"
        },
        "master" : {
          "href" : "http://localhost/api/contacts/1651_0/master"
        }
      }
    }, {
      "inputUserId" : "QSA",
      "lastUpdateUserId" : "QSA",
      "computerId" : "GLSVR171217",
      "lastSynchronizedDate" : null,
      "addressNumber" : "1652",
      "sequence" : 0,
      "name" : "Giacinta Celine ( Tokopedia )",
      "mailingName" : "Giacinta Celine ( Tokopedia )",
      "description" : "",
      "firstName" : "",
      "middleName" : "",
      "lastName" : "",
      "nickname" : "",
      "salutation" : "",
      "gender" : "",
      "type" : "C",
      "religion" : "",
      "dateOfBirth" : null,
      "placeOfBirth" : "",
      "socialSecurityNumber" : "",
      "socialSecurityDate" : null,
      "mediaObjectReference" : "",
      "lastUpdateDateTime" : "2017-12-17T00:00:00",
      "inputDateTime" : "2017-12-17T00:00:00",
      "_links" : {
        "self" : {
          "href" : "http://localhost/api/contacts/1652_0"
        },
        "contactPerson" : {
          "href" : "http://localhost/api/contacts/1652_0"
        },
        "master" : {
          "href" : "http://localhost/api/contacts/1652_0/master"
        }
      }
    }, {
      "inputUserId" : "QSA",
      "lastUpdateUserId" : "QSA",
      "computerId" : "GLSVR171217",
      "lastSynchronizedDate" : null,
      "addressNumber" : "1653",
      "sequence" : 0,
      "name" : "Giant",
      "mailingName" : "Giant",
      "description" : "",
      "firstName" : "",
      "middleName" : "",
      "lastName" : "",
      "nickname" : "",
      "salutation" : "",
      "gender" : "",
      "type" : "C",
      "religion" : "",
      "dateOfBirth" : null,
      "placeOfBirth" : "",
      "socialSecurityNumber" : "",
      "socialSecurityDate" : null,
      "mediaObjectReference" : "",
      "lastUpdateDateTime" : "2017-12-17T00:00:00",
      "inputDateTime" : "2017-12-17T00:00:00",
      "_links" : {
        "self" : {
          "href" : "http://localhost/api/contacts/1653_0"
        },
        "contactPerson" : {
          "href" : "http://localhost/api/contacts/1653_0"
        },
        "master" : {
          "href" : "http://localhost/api/contacts/1653_0/master"
        }
      }
    }, {
      "inputUserId" : "QSA",
      "lastUpdateUserId" : "QSA",
      "computerId" : "GLSVR171217",
      "lastSynchronizedDate" : null,
      "addressNumber" : "1654",
      "sequence" : 0,
      "name" : "Giga Comp",
      "mailingName" : "Giga Comp",
      "description" : "",
      "firstName" : "",
      "middleName" : "",
      "lastName" : "",
      "nickname" : "",
      "salutation" : "",
      "gender" : "",
      "type" : "C",
      "religion" : "",
      "dateOfBirth" : null,
      "placeOfBirth" : "",
      "socialSecurityNumber" : "",
      "socialSecurityDate" : null,
      "mediaObjectReference" : "",
      "lastUpdateDateTime" : "2017-12-17T00:00:00",
      "inputDateTime" : "2017-12-17T00:00:00",
      "_links" : {
        "self" : {
          "href" : "http://localhost/api/contacts/1654_0"
        },
        "contactPerson" : {
          "href" : "http://localhost/api/contacts/1654_0"
        },
        "master" : {
          "href" : "http://localhost/api/contacts/1654_0/master"
        }
      }
    }, {
      "inputUserId" : "QSA",
      "lastUpdateUserId" : "QSA",
      "computerId" : "GLSVR171217",
      "lastSynchronizedDate" : null,
      "addressNumber" : "1655",
      "sequence" : 0,
      "name" : "Giovani",
      "mailingName" : "Giovani",
      "description" : "",
      "firstName" : "",
      "middleName" : "",
      "lastName" : "",
      "nickname" : "",
      "salutation" : "",
      "gender" : "",
      "type" : "C",
      "religion" : "",
      "dateOfBirth" : null,
      "placeOfBirth" : "",
      "socialSecurityNumber" : "",
      "socialSecurityDate" : null,
      "mediaObjectReference" : "",
      "lastUpdateDateTime" : "2017-12-17T00:00:00",
      "inputDateTime" : "2017-12-17T00:00:00",
      "_links" : {
        "self" : {
          "href" : "http://localhost/api/contacts/1655_0"
        },
        "contactPerson" : {
          "href" : "http://localhost/api/contacts/1655_0"
        },
        "master" : {
          "href" : "http://localhost/api/contacts/1655_0/master"
        }
      }
    }, {
      "inputUserId" : "QSA",
      "lastUpdateUserId" : "QSA",
      "computerId" : "GLSVR171217",
      "lastSynchronizedDate" : null,
      "addressNumber" : "1656",
      "sequence" : 0,
      "name" : "Gita",
      "mailingName" : "Gita",
      "description" : "",
      "firstName" : "",
      "middleName" : "",
      "lastName" : "",
      "nickname" : "",
      "salutation" : "",
      "gender" : "",
      "type" : "C",
      "religion" : "",
      "dateOfBirth" : null,
      "placeOfBirth" : "",
      "socialSecurityNumber" : "",
      "socialSecurityDate" : null,
      "mediaObjectReference" : "",
      "lastUpdateDateTime" : "2017-12-17T00:00:00",
      "inputDateTime" : "2017-12-17T00:00:00",
      "_links" : {
        "self" : {
          "href" : "http://localhost/api/contacts/1656_0"
        },
        "contactPerson" : {
          "href" : "http://localhost/api/contacts/1656_0"
        },
        "master" : {
          "href" : "http://localhost/api/contacts/1656_0/master"
        }
      }
    }, {
      "inputUserId" : "QSA",
      "lastUpdateUserId" : "QSA",
      "computerId" : "GLSVR171217",
      "lastSynchronizedDate" : null,
      "addressNumber" : "1657",
      "sequence" : 0,
      "name" : "Global Print",
      "mailingName" : "Global Print",
      "description" : "",
      "firstName" : "",
      "middleName" : "",
      "lastName" : "",
      "nickname" : "",
      "salutation" : "",
      "gender" : "",
      "type" : "C",
      "religion" : "",
      "dateOfBirth" : null,
      "placeOfBirth" : "",
      "socialSecurityNumber" : "",
      "socialSecurityDate" : null,
      "mediaObjectReference" : "",
      "lastUpdateDateTime" : "2017-12-17T00:00:00",
      "inputDateTime" : "2017-12-17T00:00:00",
      "_links" : {
        "self" : {
          "href" : "http://localhost/api/contacts/1657_0"
        },
        "contactPerson" : {
          "href" : "http://localhost/api/contacts/1657_0"
        },
        "master" : {
          "href" : "http://localhost/api/contacts/1657_0/master"
        }
      }
    }, {
      "inputUserId" : "QSA",
      "lastUpdateUserId" : "QSA",
      "computerId" : "GLSVR171217",
      "lastSynchronizedDate" : null,
      "addressNumber" : "1658",
      "sequence" : 0,
      "name" : "Globalindo COM",
      "mailingName" : "Globalindo COM",
      "description" : "",
      "firstName" : "",
      "middleName" : "",
      "lastName" : "",
      "nickname" : "",
      "salutation" : "",
      "gender" : "",
      "type" : "C",
      "religion" : "",
      "dateOfBirth" : null,
      "placeOfBirth" : "",
      "socialSecurityNumber" : "",
      "socialSecurityDate" : null,
      "mediaObjectReference" : "",
      "lastUpdateDateTime" : "2017-12-17T00:00:00",
      "inputDateTime" : "2017-12-17T00:00:00",
      "_links" : {
        "self" : {
          "href" : "http://localhost/api/contacts/1658_0"
        },
        "contactPerson" : {
          "href" : "http://localhost/api/contacts/1658_0"
        },
        "master" : {
          "href" : "http://localhost/api/contacts/1658_0/master"
        }
      }
    }, {
      "inputUserId" : "QSA",
      "lastUpdateUserId" : "QSA",
      "computerId" : "GLSVR171217",
      "lastSynchronizedDate" : null,
      "addressNumber" : "1659",
      "sequence" : 0,
      "name" : "Globhaltechnology",
      "mailingName" : "Globhaltechnology",
      "description" : "",
      "firstName" : "",
      "middleName" : "",
      "lastName" : "",
      "nickname" : "",
      "salutation" : "",
      "gender" : "",
      "type" : "C",
      "religion" : "",
      "dateOfBirth" : null,
      "placeOfBirth" : "",
      "socialSecurityNumber" : "",
      "socialSecurityDate" : null,
      "mediaObjectReference" : "",
      "lastUpdateDateTime" : "2017-12-17T00:00:00",
      "inputDateTime" : "2017-12-17T00:00:00",
      "_links" : {
        "self" : {
          "href" : "http://localhost/api/contacts/1659_0"
        },
        "contactPerson" : {
          "href" : "http://localhost/api/contacts/1659_0"
        },
        "master" : {
          "href" : "http://localhost/api/contacts/1659_0/master"
        }
      }
    }, {
      "inputUserId" : "QSA",
      "lastUpdateUserId" : "QSA",
      "computerId" : "GLSVR171217",
      "lastSynchronizedDate" : null,
      "addressNumber" : "1660",
      "sequence" : 0,
      "name" : "Glodok Jaya Makmur",
      "mailingName" : "Glodok Jaya Makmur",
      "description" : "",
      "firstName" : "",
      "middleName" : "",
      "lastName" : "",
      "nickname" : "",
      "salutation" : "",
      "gender" : "",
      "type" : "C",
      "religion" : "",
      "dateOfBirth" : null,
      "placeOfBirth" : "",
      "socialSecurityNumber" : "",
      "socialSecurityDate" : null,
      "mediaObjectReference" : "",
      "lastUpdateDateTime" : "2017-12-17T00:00:00",
      "inputDateTime" : "2017-12-17T00:00:00",
      "_links" : {
        "self" : {
          "href" : "http://localhost/api/contacts/1660_0"
        },
        "contactPerson" : {
          "href" : "http://localhost/api/contacts/1660_0"
        },
        "master" : {
          "href" : "http://localhost/api/contacts/1660_0/master"
        }
      }
    }, {
      "inputUserId" : "QSA",
      "lastUpdateUserId" : "QSA",
      "computerId" : "GLSVR171217",
      "lastSynchronizedDate" : null,
      "addressNumber" : "1661",
      "sequence" : 0,
      "name" : "Gloria Computer",
      "mailingName" : "Gloria Computer",
      "description" : "",
      "firstName" : "",
      "middleName" : "",
      "lastName" : "",
      "nickname" : "",
      "salutation" : "",
      "gender" : "",
      "type" : "C",
      "religion" : "",
      "dateOfBirth" : null,
      "placeOfBirth" : "",
      "socialSecurityNumber" : "",
      "socialSecurityDate" : null,
      "mediaObjectReference" : "",
      "lastUpdateDateTime" : "2017-12-17T00:00:00",
      "inputDateTime" : "2017-12-17T00:00:00",
      "_links" : {
        "self" : {
          "href" : "http://localhost/api/contacts/1661_0"
        },
        "contactPerson" : {
          "href" : "http://localhost/api/contacts/1661_0"
        },
        "master" : {
          "href" : "http://localhost/api/contacts/1661_0/master"
        }
      }
    }, {
      "inputUserId" : "QSA",
      "lastUpdateUserId" : "QSA",
      "computerId" : "GLSVR171217",
      "lastSynchronizedDate" : null,
      "addressNumber" : "1662",
      "sequence" : 0,
      "name" : "Go Health Guys",
      "mailingName" : "Go Health Guys",
      "description" : "",
      "firstName" : "",
      "middleName" : "",
      "lastName" : "",
      "nickname" : "",
      "salutation" : "",
      "gender" : "",
      "type" : "C",
      "religion" : "",
      "dateOfBirth" : null,
      "placeOfBirth" : "",
      "socialSecurityNumber" : "",
      "socialSecurityDate" : null,
      "mediaObjectReference" : "",
      "lastUpdateDateTime" : "2017-12-17T00:00:00",
      "inputDateTime" : "2017-12-17T00:00:00",
      "_links" : {
        "self" : {
          "href" : "http://localhost/api/contacts/1662_0"
        },
        "contactPerson" : {
          "href" : "http://localhost/api/contacts/1662_0"
        },
        "master" : {
          "href" : "http://localhost/api/contacts/1662_0/master"
        }
      }
    }, {
      "inputUserId" : "QSA",
      "lastUpdateUserId" : "QSA",
      "computerId" : "GLSVR171217",
      "lastSynchronizedDate" : null,
      "addressNumber" : "1663",
      "sequence" : 0,
      "name" : "Gogona",
      "mailingName" : "Gogona",
      "description" : "",
      "firstName" : "",
      "middleName" : "",
      "lastName" : "",
      "nickname" : "",
      "salutation" : "",
      "gender" : "",
      "type" : "C",
      "religion" : "",
      "dateOfBirth" : null,
      "placeOfBirth" : "",
      "socialSecurityNumber" : "",
      "socialSecurityDate" : null,
      "mediaObjectReference" : "",
      "lastUpdateDateTime" : "2017-12-17T00:00:00",
      "inputDateTime" : "2017-12-17T00:00:00",
      "_links" : {
        "self" : {
          "href" : "http://localhost/api/contacts/1663_0"
        },
        "contactPerson" : {
          "href" : "http://localhost/api/contacts/1663_0"
        },
        "master" : {
          "href" : "http://localhost/api/contacts/1663_0/master"
        }
      }
    }, {
      "inputUserId" : "QSA",
      "lastUpdateUserId" : "QSA",
      "computerId" : "GLSVR171217",
      "lastSynchronizedDate" : null,
      "addressNumber" : "1664",
      "sequence" : 0,
      "name" : "Gold Ink",
      "mailingName" : "Gold Ink",
      "description" : "",
      "firstName" : "",
      "middleName" : "",
      "lastName" : "",
      "nickname" : "",
      "salutation" : "",
      "gender" : "",
      "type" : "C",
      "religion" : "",
      "dateOfBirth" : null,
      "placeOfBirth" : "",
      "socialSecurityNumber" : "",
      "socialSecurityDate" : null,
      "mediaObjectReference" : "",
      "lastUpdateDateTime" : "2017-12-17T00:00:00",
      "inputDateTime" : "2017-12-17T00:00:00",
      "_links" : {
        "self" : {
          "href" : "http://localhost/api/contacts/1664_0"
        },
        "contactPerson" : {
          "href" : "http://localhost/api/contacts/1664_0"
        },
        "master" : {
          "href" : "http://localhost/api/contacts/1664_0/master"
        }
      }
    }, {
      "inputUserId" : "QSA",
      "lastUpdateUserId" : "QSA",
      "computerId" : "GLSVR171217",
      "lastSynchronizedDate" : null,
      "addressNumber" : "1665",
      "sequence" : 0,
      "name" : "Golden Tech",
      "mailingName" : "Golden Tech",
      "description" : "",
      "firstName" : "",
      "middleName" : "",
      "lastName" : "",
      "nickname" : "",
      "salutation" : "",
      "gender" : "",
      "type" : "C",
      "religion" : "",
      "dateOfBirth" : null,
      "placeOfBirth" : "",
      "socialSecurityNumber" : "",
      "socialSecurityDate" : null,
      "mediaObjectReference" : "",
      "lastUpdateDateTime" : "2017-12-17T00:00:00",
      "inputDateTime" : "2017-12-17T00:00:00",
      "_links" : {
        "self" : {
          "href" : "http://localhost/api/contacts/1665_0"
        },
        "contactPerson" : {
          "href" : "http://localhost/api/contacts/1665_0"
        },
        "master" : {
          "href" : "http://localhost/api/contacts/1665_0/master"
        }
      }
    }, {
      "inputUserId" : "QSA",
      "lastUpdateUserId" : "QSA",
      "computerId" : "GLSVR171217",
      "lastSynchronizedDate" : null,
      "addressNumber" : "1666",
      "sequence" : 0,
      "name" : "GOo Health Guys",
      "mailingName" : "GOo Health Guys",
      "description" : "",
      "firstName" : "",
      "middleName" : "",
      "lastName" : "",
      "nickname" : "",
      "salutation" : "",
      "gender" : "",
      "type" : "C",
      "religion" : "",
      "dateOfBirth" : null,
      "placeOfBirth" : "",
      "socialSecurityNumber" : "",
      "socialSecurityDate" : null,
      "mediaObjectReference" : "",
      "lastUpdateDateTime" : "2017-12-17T00:00:00",
      "inputDateTime" : "2017-12-17T00:00:00",
      "_links" : {
        "self" : {
          "href" : "http://localhost/api/contacts/1666_0"
        },
        "contactPerson" : {
          "href" : "http://localhost/api/contacts/1666_0"
        },
        "master" : {
          "href" : "http://localhost/api/contacts/1666_0/master"
        }
      }
    }, {
      "inputUserId" : "QSA",
      "lastUpdateUserId" : "QSA",
      "computerId" : "GLSVR171217",
      "lastSynchronizedDate" : null,
      "addressNumber" : "1667",
      "sequence" : 0,
      "name" : "Gota Comp",
      "mailingName" : "Gota Comp",
      "description" : "",
      "firstName" : "",
      "middleName" : "",
      "lastName" : "",
      "nickname" : "",
      "salutation" : "",
      "gender" : "",
      "type" : "C",
      "religion" : "",
      "dateOfBirth" : null,
      "placeOfBirth" : "",
      "socialSecurityNumber" : "",
      "socialSecurityDate" : null,
      "mediaObjectReference" : "",
      "lastUpdateDateTime" : "2017-12-17T00:00:00",
      "inputDateTime" : "2017-12-17T00:00:00",
      "_links" : {
        "self" : {
          "href" : "http://localhost/api/contacts/1667_0"
        },
        "contactPerson" : {
          "href" : "http://localhost/api/contacts/1667_0"
        },
        "master" : {
          "href" : "http://localhost/api/contacts/1667_0/master"
        }
      }
    }, {
      "inputUserId" : "QSA",
      "lastUpdateUserId" : "QSA",
      "computerId" : "GLSVR171217",
      "lastSynchronizedDate" : null,
      "addressNumber" : "1668",
      "sequence" : 0,
      "name" : "Gracia Computer",
      "mailingName" : "Gracia Computer",
      "description" : "",
      "firstName" : "",
      "middleName" : "",
      "lastName" : "",
      "nickname" : "",
      "salutation" : "",
      "gender" : "",
      "type" : "C",
      "religion" : "",
      "dateOfBirth" : null,
      "placeOfBirth" : "",
      "socialSecurityNumber" : "",
      "socialSecurityDate" : null,
      "mediaObjectReference" : "",
      "lastUpdateDateTime" : "2017-12-17T00:00:00",
      "inputDateTime" : "2017-12-17T00:00:00",
      "_links" : {
        "self" : {
          "href" : "http://localhost/api/contacts/1668_0"
        },
        "contactPerson" : {
          "href" : "http://localhost/api/contacts/1668_0"
        },
        "master" : {
          "href" : "http://localhost/api/contacts/1668_0/master"
        }
      }
    }, {
      "inputUserId" : "QSA",
      "lastUpdateUserId" : "QSA",
      "computerId" : "GLSVR171217",
      "lastSynchronizedDate" : null,
      "addressNumber" : "1669",
      "sequence" : 0,
      "name" : "Gracia Komputer",
      "mailingName" : "Gracia Komputer",
      "description" : "",
      "firstName" : "",
      "middleName" : "",
      "lastName" : "",
      "nickname" : "",
      "salutation" : "",
      "gender" : "",
      "type" : "C",
      "religion" : "",
      "dateOfBirth" : null,
      "placeOfBirth" : "",
      "socialSecurityNumber" : "",
      "socialSecurityDate" : null,
      "mediaObjectReference" : "",
      "lastUpdateDateTime" : "2017-12-17T00:00:00",
      "inputDateTime" : "2017-12-17T00:00:00",
      "_links" : {
        "self" : {
          "href" : "http://localhost/api/contacts/1669_0"
        },
        "contactPerson" : {
          "href" : "http://localhost/api/contacts/1669_0"
        },
        "master" : {
          "href" : "http://localhost/api/contacts/1669_0/master"
        }
      }
    }, {
      "inputUserId" : "QSA",
      "lastUpdateUserId" : "QSA",
      "computerId" : "GLSVR171217",
      "lastSynchronizedDate" : null,
      "addressNumber" : "1670",
      "sequence" : 0,
      "name" : "Grawidya Komputer",
      "mailingName" : "Grawidya Komputer",
      "description" : "",
      "firstName" : "",
      "middleName" : "",
      "lastName" : "",
      "nickname" : "",
      "salutation" : "",
      "gender" : "",
      "type" : "C",
      "religion" : "",
      "dateOfBirth" : null,
      "placeOfBirth" : "",
      "socialSecurityNumber" : "",
      "socialSecurityDate" : null,
      "mediaObjectReference" : "",
      "lastUpdateDateTime" : "2017-12-17T00:00:00",
      "inputDateTime" : "2017-12-17T00:00:00",
      "_links" : {
        "self" : {
          "href" : "http://localhost/api/contacts/1670_0"
        },
        "contactPerson" : {
          "href" : "http://localhost/api/contacts/1670_0"
        },
        "master" : {
          "href" : "http://localhost/api/contacts/1670_0/master"
        }
      }
    }, {
      "inputUserId" : "QSA",
      "lastUpdateUserId" : "QSA",
      "computerId" : "GLSVR171217",
      "lastSynchronizedDate" : null,
      "addressNumber" : "1671",
      "sequence" : 0,
      "name" : "Great Imperial",
      "mailingName" : "Great Imperial",
      "description" : "",
      "firstName" : "",
      "middleName" : "",
      "lastName" : "",
      "nickname" : "",
      "salutation" : "",
      "gender" : "",
      "type" : "C",
      "religion" : "",
      "dateOfBirth" : null,
      "placeOfBirth" : "",
      "socialSecurityNumber" : "",
      "socialSecurityDate" : null,
      "mediaObjectReference" : "",
      "lastUpdateDateTime" : "2017-12-17T00:00:00",
      "inputDateTime" : "2017-12-17T00:00:00",
      "_links" : {
        "self" : {
          "href" : "http://localhost/api/contacts/1671_0"
        },
        "contactPerson" : {
          "href" : "http://localhost/api/contacts/1671_0"
        },
        "master" : {
          "href" : "http://localhost/api/contacts/1671_0/master"
        }
      }
    }, {
      "inputUserId" : "QSA",
      "lastUpdateUserId" : "QSA",
      "computerId" : "GLSVR171217",
      "lastSynchronizedDate" : null,
      "addressNumber" : "1672",
      "sequence" : 0,
      "name" : "Great Imperio",
      "mailingName" : "Great Imperio",
      "description" : "",
      "firstName" : "",
      "middleName" : "",
      "lastName" : "",
      "nickname" : "",
      "salutation" : "",
      "gender" : "",
      "type" : "C",
      "religion" : "",
      "dateOfBirth" : null,
      "placeOfBirth" : "",
      "socialSecurityNumber" : "",
      "socialSecurityDate" : null,
      "mediaObjectReference" : "",
      "lastUpdateDateTime" : "2017-12-17T00:00:00",
      "inputDateTime" : "2017-12-17T00:00:00",
      "_links" : {
        "self" : {
          "href" : "http://localhost/api/contacts/1672_0"
        },
        "contactPerson" : {
          "href" : "http://localhost/api/contacts/1672_0"
        },
        "master" : {
          "href" : "http://localhost/api/contacts/1672_0/master"
        }
      }
    }, {
      "inputUserId" : "QSA",
      "lastUpdateUserId" : "QSA",
      "computerId" : "GLSVR171217",
      "lastSynchronizedDate" : null,
      "addressNumber" : "1673",
      "sequence" : 0,
      "name" : "G-Solution",
      "mailingName" : "G-Solution",
      "description" : "",
      "firstName" : "",
      "middleName" : "",
      "lastName" : "",
      "nickname" : "",
      "salutation" : "",
      "gender" : "",
      "type" : "C",
      "religion" : "",
      "dateOfBirth" : null,
      "placeOfBirth" : "",
      "socialSecurityNumber" : "",
      "socialSecurityDate" : null,
      "mediaObjectReference" : "",
      "lastUpdateDateTime" : "2017-12-17T00:00:00",
      "inputDateTime" : "2017-12-17T00:00:00",
      "_links" : {
        "self" : {
          "href" : "http://localhost/api/contacts/1673_0"
        },
        "contactPerson" : {
          "href" : "http://localhost/api/contacts/1673_0"
        },
        "master" : {
          "href" : "http://localhost/api/contacts/1673_0/master"
        }
      }
    }, {
      "inputUserId" : "QSA",
      "lastUpdateUserId" : "QSA",
      "computerId" : "GLSVR171217",
      "lastSynchronizedDate" : null,
      "addressNumber" : "1674",
      "sequence" : 0,
      "name" : "GTV Comp",
      "mailingName" : "GTV Comp",
      "description" : "",
      "firstName" : "",
      "middleName" : "",
      "lastName" : "",
      "nickname" : "",
      "salutation" : "",
      "gender" : "",
      "type" : "C",
      "religion" : "",
      "dateOfBirth" : null,
      "placeOfBirth" : "",
      "socialSecurityNumber" : "",
      "socialSecurityDate" : null,
      "mediaObjectReference" : "",
      "lastUpdateDateTime" : "2017-12-17T00:00:00",
      "inputDateTime" : "2017-12-17T00:00:00",
      "_links" : {
        "self" : {
          "href" : "http://localhost/api/contacts/1674_0"
        },
        "contactPerson" : {
          "href" : "http://localhost/api/contacts/1674_0"
        },
        "master" : {
          "href" : "http://localhost/api/contacts/1674_0/master"
        }
      }
    }, {
      "inputUserId" : "QSA",
      "lastUpdateUserId" : "QSA",
      "computerId" : "GLSVR171217",
      "lastSynchronizedDate" : null,
      "addressNumber" : "1675",
      "sequence" : 0,
      "name" : "Gufron",
      "mailingName" : "Gufron",
      "description" : "",
      "firstName" : "",
      "middleName" : "",
      "lastName" : "",
      "nickname" : "",
      "salutation" : "",
      "gender" : "",
      "type" : "C",
      "religion" : "",
      "dateOfBirth" : null,
      "placeOfBirth" : "",
      "socialSecurityNumber" : "",
      "socialSecurityDate" : null,
      "mediaObjectReference" : "",
      "lastUpdateDateTime" : "2017-12-17T00:00:00",
      "inputDateTime" : "2017-12-17T00:00:00",
      "_links" : {
        "self" : {
          "href" : "http://localhost/api/contacts/1675_0"
        },
        "contactPerson" : {
          "href" : "http://localhost/api/contacts/1675_0"
        },
        "master" : {
          "href" : "http://localhost/api/contacts/1675_0/master"
        }
      }
    }, {
      "inputUserId" : "QSA",
      "lastUpdateUserId" : "QSA",
      "computerId" : "GLSVR171217",
      "lastSynchronizedDate" : null,
      "addressNumber" : "1676",
      "sequence" : 0,
      "name" : "Gunadi",
      "mailingName" : "Gunadi",
      "description" : "",
      "firstName" : "",
      "middleName" : "",
      "lastName" : "",
      "nickname" : "",
      "salutation" : "",
      "gender" : "",
      "type" : "C",
      "religion" : "",
      "dateOfBirth" : null,
      "placeOfBirth" : "",
      "socialSecurityNumber" : "",
      "socialSecurityDate" : null,
      "mediaObjectReference" : "",
      "lastUpdateDateTime" : "2017-12-17T00:00:00",
      "inputDateTime" : "2017-12-17T00:00:00",
      "_links" : {
        "self" : {
          "href" : "http://localhost/api/contacts/1676_0"
        },
        "contactPerson" : {
          "href" : "http://localhost/api/contacts/1676_0"
        },
        "master" : {
          "href" : "http://localhost/api/contacts/1676_0/master"
        }
      }
    }, {
      "inputUserId" : "QSA",
      "lastUpdateUserId" : "QSA",
      "computerId" : "GLSVR171217",
      "lastSynchronizedDate" : null,
      "addressNumber" : "1677",
      "sequence" : 0,
      "name" : "Gunawan",
      "mailingName" : "Gunawan",
      "description" : "",
      "firstName" : "",
      "middleName" : "",
      "lastName" : "",
      "nickname" : "",
      "salutation" : "",
      "gender" : "",
      "type" : "C",
      "religion" : "",
      "dateOfBirth" : null,
      "placeOfBirth" : "",
      "socialSecurityNumber" : "",
      "socialSecurityDate" : null,
      "mediaObjectReference" : "",
      "lastUpdateDateTime" : "2017-12-17T00:00:00",
      "inputDateTime" : "2017-12-17T00:00:00",
      "_links" : {
        "self" : {
          "href" : "http://localhost/api/contacts/1677_0"
        },
        "contactPerson" : {
          "href" : "http://localhost/api/contacts/1677_0"
        },
        "master" : {
          "href" : "http://localhost/api/contacts/1677_0/master"
        }
      }
    }, {
      "inputUserId" : "QSA",
      "lastUpdateUserId" : "QSA",
      "computerId" : "GLSVR171217",
      "lastSynchronizedDate" : null,
      "addressNumber" : "1678",
      "sequence" : 0,
      "name" : "H.Fathur Rozi",
      "mailingName" : "H.Fathur Rozi",
      "description" : "",
      "firstName" : "",
      "middleName" : "",
      "lastName" : "",
      "nickname" : "",
      "salutation" : "",
      "gender" : "",
      "type" : "C",
      "religion" : "",
      "dateOfBirth" : null,
      "placeOfBirth" : "",
      "socialSecurityNumber" : "",
      "socialSecurityDate" : null,
      "mediaObjectReference" : "",
      "lastUpdateDateTime" : "2017-12-17T00:00:00",
      "inputDateTime" : "2017-12-17T00:00:00",
      "_links" : {
        "self" : {
          "href" : "http://localhost/api/contacts/1678_0"
        },
        "contactPerson" : {
          "href" : "http://localhost/api/contacts/1678_0"
        },
        "master" : {
          "href" : "http://localhost/api/contacts/1678_0/master"
        }
      }
    }, {
      "inputUserId" : "QSA",
      "lastUpdateUserId" : "QSA",
      "computerId" : "GLSVR171217",
      "lastSynchronizedDate" : null,
      "addressNumber" : "1679",
      "sequence" : 0,
      "name" : "H3T Computer",
      "mailingName" : "H3T Computer",
      "description" : "",
      "firstName" : "",
      "middleName" : "",
      "lastName" : "",
      "nickname" : "",
      "salutation" : "",
      "gender" : "",
      "type" : "C",
      "religion" : "",
      "dateOfBirth" : null,
      "placeOfBirth" : "",
      "socialSecurityNumber" : "",
      "socialSecurityDate" : null,
      "mediaObjectReference" : "",
      "lastUpdateDateTime" : "2017-12-17T00:00:00",
      "inputDateTime" : "2017-12-17T00:00:00",
      "_links" : {
        "self" : {
          "href" : "http://localhost/api/contacts/1679_0"
        },
        "contactPerson" : {
          "href" : "http://localhost/api/contacts/1679_0"
        },
        "master" : {
          "href" : "http://localhost/api/contacts/1679_0/master"
        }
      }
    }, {
      "inputUserId" : "QSA",
      "lastUpdateUserId" : "QSA",
      "computerId" : "GLSVR171217",
      "lastSynchronizedDate" : null,
      "addressNumber" : "1680",
      "sequence" : 0,
      "name" : "Habibi",
      "mailingName" : "Habibi",
      "description" : "",
      "firstName" : "",
      "middleName" : "",
      "lastName" : "",
      "nickname" : "",
      "salutation" : "",
      "gender" : "",
      "type" : "C",
      "religion" : "",
      "dateOfBirth" : null,
      "placeOfBirth" : "",
      "socialSecurityNumber" : "",
      "socialSecurityDate" : null,
      "mediaObjectReference" : "",
      "lastUpdateDateTime" : "2017-12-17T00:00:00",
      "inputDateTime" : "2017-12-17T00:00:00",
      "_links" : {
        "self" : {
          "href" : "http://localhost/api/contacts/1680_0"
        },
        "contactPerson" : {
          "href" : "http://localhost/api/contacts/1680_0"
        },
        "master" : {
          "href" : "http://localhost/api/contacts/1680_0/master"
        }
      }
    }, {
      "inputUserId" : "QSA",
      "lastUpdateUserId" : "QSA",
      "computerId" : "GLSVR171217",
      "lastSynchronizedDate" : null,
      "addressNumber" : "1681",
      "sequence" : 0,
      "name" : "Hadi 1",
      "mailingName" : "Hadi 1",
      "description" : "",
      "firstName" : "",
      "middleName" : "",
      "lastName" : "",
      "nickname" : "",
      "salutation" : "",
      "gender" : "",
      "type" : "C",
      "religion" : "",
      "dateOfBirth" : null,
      "placeOfBirth" : "",
      "socialSecurityNumber" : "",
      "socialSecurityDate" : null,
      "mediaObjectReference" : "",
      "lastUpdateDateTime" : "2017-12-17T00:00:00",
      "inputDateTime" : "2017-12-17T00:00:00",
      "_links" : {
        "self" : {
          "href" : "http://localhost/api/contacts/1681_0"
        },
        "contactPerson" : {
          "href" : "http://localhost/api/contacts/1681_0"
        },
        "master" : {
          "href" : "http://localhost/api/contacts/1681_0/master"
        }
      }
    }, {
      "inputUserId" : "QSA",
      "lastUpdateUserId" : "QSA",
      "computerId" : "GLSVR171217",
      "lastSynchronizedDate" : null,
      "addressNumber" : "1682",
      "sequence" : 0,
      "name" : "Hadi 2",
      "mailingName" : "Hadi 2",
      "description" : "",
      "firstName" : "",
      "middleName" : "",
      "lastName" : "",
      "nickname" : "",
      "salutation" : "",
      "gender" : "",
      "type" : "C",
      "religion" : "",
      "dateOfBirth" : null,
      "placeOfBirth" : "",
      "socialSecurityNumber" : "",
      "socialSecurityDate" : null,
      "mediaObjectReference" : "",
      "lastUpdateDateTime" : "2017-12-17T00:00:00",
      "inputDateTime" : "2017-12-17T00:00:00",
      "_links" : {
        "self" : {
          "href" : "http://localhost/api/contacts/1682_0"
        },
        "contactPerson" : {
          "href" : "http://localhost/api/contacts/1682_0"
        },
        "master" : {
          "href" : "http://localhost/api/contacts/1682_0/master"
        }
      }
    }, {
      "inputUserId" : "QSA",
      "lastUpdateUserId" : "QSA",
      "computerId" : "GLSVR171217",
      "lastSynchronizedDate" : null,
      "addressNumber" : "1683",
      "sequence" : 0,
      "name" : "Hadi Soehalim",
      "mailingName" : "Hadi Soehalim",
      "description" : "",
      "firstName" : "",
      "middleName" : "",
      "lastName" : "",
      "nickname" : "",
      "salutation" : "",
      "gender" : "",
      "type" : "C",
      "religion" : "",
      "dateOfBirth" : null,
      "placeOfBirth" : "",
      "socialSecurityNumber" : "",
      "socialSecurityDate" : null,
      "mediaObjectReference" : "",
      "lastUpdateDateTime" : "2017-12-17T00:00:00",
      "inputDateTime" : "2017-12-17T00:00:00",
      "_links" : {
        "self" : {
          "href" : "http://localhost/api/contacts/1683_0"
        },
        "contactPerson" : {
          "href" : "http://localhost/api/contacts/1683_0"
        },
        "master" : {
          "href" : "http://localhost/api/contacts/1683_0/master"
        }
      }
    }, {
      "inputUserId" : "QSA",
      "lastUpdateUserId" : "QSA",
      "computerId" : "GLSVR171217",
      "lastSynchronizedDate" : null,
      "addressNumber" : "1684",
      "sequence" : 0,
      "name" : "Hadi Susanto",
      "mailingName" : "Hadi Susanto",
      "description" : "",
      "firstName" : "",
      "middleName" : "",
      "lastName" : "",
      "nickname" : "",
      "salutation" : "",
      "gender" : "",
      "type" : "C",
      "religion" : "",
      "dateOfBirth" : null,
      "placeOfBirth" : "",
      "socialSecurityNumber" : "",
      "socialSecurityDate" : null,
      "mediaObjectReference" : "",
      "lastUpdateDateTime" : "2017-12-17T00:00:00",
      "inputDateTime" : "2017-12-17T00:00:00",
      "_links" : {
        "self" : {
          "href" : "http://localhost/api/contacts/1684_0"
        },
        "contactPerson" : {
          "href" : "http://localhost/api/contacts/1684_0"
        },
        "master" : {
          "href" : "http://localhost/api/contacts/1684_0/master"
        }
      }
    }, {
      "inputUserId" : "QSA",
      "lastUpdateUserId" : "QSA",
      "computerId" : "GLSVR171217",
      "lastSynchronizedDate" : null,
      "addressNumber" : "1685",
      "sequence" : 0,
      "name" : "Haji Rahman",
      "mailingName" : "Haji Rahman",
      "description" : "",
      "firstName" : "",
      "middleName" : "",
      "lastName" : "",
      "nickname" : "",
      "salutation" : "",
      "gender" : "",
      "type" : "C",
      "religion" : "",
      "dateOfBirth" : null,
      "placeOfBirth" : "",
      "socialSecurityNumber" : "",
      "socialSecurityDate" : null,
      "mediaObjectReference" : "",
      "lastUpdateDateTime" : "2017-12-17T00:00:00",
      "inputDateTime" : "2017-12-17T00:00:00",
      "_links" : {
        "self" : {
          "href" : "http://localhost/api/contacts/1685_0"
        },
        "contactPerson" : {
          "href" : "http://localhost/api/contacts/1685_0"
        },
        "master" : {
          "href" : "http://localhost/api/contacts/1685_0/master"
        }
      }
    }, {
      "inputUserId" : "QSA",
      "lastUpdateUserId" : "QSA",
      "computerId" : "GLSVR171217",
      "lastSynchronizedDate" : null,
      "addressNumber" : "1686",
      "sequence" : 0,
      "name" : "Hakam",
      "mailingName" : "Hakam",
      "description" : "",
      "firstName" : "",
      "middleName" : "",
      "lastName" : "",
      "nickname" : "",
      "salutation" : "",
      "gender" : "",
      "type" : "C",
      "religion" : "",
      "dateOfBirth" : null,
      "placeOfBirth" : "",
      "socialSecurityNumber" : "",
      "socialSecurityDate" : null,
      "mediaObjectReference" : "",
      "lastUpdateDateTime" : "2017-12-17T00:00:00",
      "inputDateTime" : "2017-12-17T00:00:00",
      "_links" : {
        "self" : {
          "href" : "http://localhost/api/contacts/1686_0"
        },
        "contactPerson" : {
          "href" : "http://localhost/api/contacts/1686_0"
        },
        "master" : {
          "href" : "http://localhost/api/contacts/1686_0/master"
        }
      }
    }, {
      "inputUserId" : "QSA",
      "lastUpdateUserId" : "QSA",
      "computerId" : "GLSVR171217",
      "lastSynchronizedDate" : null,
      "addressNumber" : "1687",
      "sequence" : 0,
      "name" : "Haleyora Power",
      "mailingName" : "Haleyora Power",
      "description" : "",
      "firstName" : "",
      "middleName" : "",
      "lastName" : "",
      "nickname" : "",
      "salutation" : "",
      "gender" : "",
      "type" : "C",
      "religion" : "",
      "dateOfBirth" : null,
      "placeOfBirth" : "",
      "socialSecurityNumber" : "",
      "socialSecurityDate" : null,
      "mediaObjectReference" : "",
      "lastUpdateDateTime" : "2017-12-17T00:00:00",
      "inputDateTime" : "2017-12-17T00:00:00",
      "_links" : {
        "self" : {
          "href" : "http://localhost/api/contacts/1687_0"
        },
        "contactPerson" : {
          "href" : "http://localhost/api/contacts/1687_0"
        },
        "master" : {
          "href" : "http://localhost/api/contacts/1687_0/master"
        }
      }
    }, {
      "inputUserId" : "QSA",
      "lastUpdateUserId" : "QSA",
      "computerId" : "GLSVR171217",
      "lastSynchronizedDate" : null,
      "addressNumber" : "1688",
      "sequence" : 0,
      "name" : "Halim",
      "mailingName" : "Halim",
      "description" : "",
      "firstName" : "",
      "middleName" : "",
      "lastName" : "",
      "nickname" : "",
      "salutation" : "",
      "gender" : "",
      "type" : "C",
      "religion" : "",
      "dateOfBirth" : null,
      "placeOfBirth" : "",
      "socialSecurityNumber" : "",
      "socialSecurityDate" : null,
      "mediaObjectReference" : "",
      "lastUpdateDateTime" : "2017-12-17T00:00:00",
      "inputDateTime" : "2017-12-17T00:00:00",
      "_links" : {
        "self" : {
          "href" : "http://localhost/api/contacts/1688_0"
        },
        "contactPerson" : {
          "href" : "http://localhost/api/contacts/1688_0"
        },
        "master" : {
          "href" : "http://localhost/api/contacts/1688_0/master"
        }
      }
    }, {
      "inputUserId" : "QSA",
      "lastUpdateUserId" : "QSA",
      "computerId" : "GLSVR171217",
      "lastSynchronizedDate" : null,
      "addressNumber" : "1689",
      "sequence" : 0,
      "name" : "Halim Computer",
      "mailingName" : "Halim Computer",
      "description" : "",
      "firstName" : "",
      "middleName" : "",
      "lastName" : "",
      "nickname" : "",
      "salutation" : "",
      "gender" : "",
      "type" : "C",
      "religion" : "",
      "dateOfBirth" : null,
      "placeOfBirth" : "",
      "socialSecurityNumber" : "",
      "socialSecurityDate" : null,
      "mediaObjectReference" : "",
      "lastUpdateDateTime" : "2017-12-17T00:00:00",
      "inputDateTime" : "2017-12-17T00:00:00",
      "_links" : {
        "self" : {
          "href" : "http://localhost/api/contacts/1689_0"
        },
        "contactPerson" : {
          "href" : "http://localhost/api/contacts/1689_0"
        },
        "master" : {
          "href" : "http://localhost/api/contacts/1689_0/master"
        }
      }
    }, {
      "inputUserId" : "QSA",
      "lastUpdateUserId" : "QSA",
      "computerId" : "GLSVR171217",
      "lastSynchronizedDate" : null,
      "addressNumber" : "1690",
      "sequence" : 0,
      "name" : "Halimah",
      "mailingName" : "Halimah",
      "description" : "",
      "firstName" : "",
      "middleName" : "",
      "lastName" : "",
      "nickname" : "",
      "salutation" : "",
      "gender" : "",
      "type" : "C",
      "religion" : "",
      "dateOfBirth" : null,
      "placeOfBirth" : "",
      "socialSecurityNumber" : "",
      "socialSecurityDate" : null,
      "mediaObjectReference" : "",
      "lastUpdateDateTime" : "2017-12-17T00:00:00",
      "inputDateTime" : "2017-12-17T00:00:00",
      "_links" : {
        "self" : {
          "href" : "http://localhost/api/contacts/1690_0"
        },
        "contactPerson" : {
          "href" : "http://localhost/api/contacts/1690_0"
        },
        "master" : {
          "href" : "http://localhost/api/contacts/1690_0/master"
        }
      }
    }, {
      "inputUserId" : "QSA",
      "lastUpdateUserId" : "QSA",
      "computerId" : "GLSVR171217",
      "lastSynchronizedDate" : null,
      "addressNumber" : "1691",
      "sequence" : 0,
      "name" : "Hamba Elektronik",
      "mailingName" : "Hamba Elektronik",
      "description" : "",
      "firstName" : "",
      "middleName" : "",
      "lastName" : "",
      "nickname" : "",
      "salutation" : "",
      "gender" : "",
      "type" : "C",
      "religion" : "",
      "dateOfBirth" : null,
      "placeOfBirth" : "",
      "socialSecurityNumber" : "",
      "socialSecurityDate" : null,
      "mediaObjectReference" : "",
      "lastUpdateDateTime" : "2017-12-17T00:00:00",
      "inputDateTime" : "2017-12-17T00:00:00",
      "_links" : {
        "self" : {
          "href" : "http://localhost/api/contacts/1691_0"
        },
        "contactPerson" : {
          "href" : "http://localhost/api/contacts/1691_0"
        },
        "master" : {
          "href" : "http://localhost/api/contacts/1691_0/master"
        }
      }
    }, {
      "inputUserId" : "QSA",
      "lastUpdateUserId" : "QSA",
      "computerId" : "GLSVR171217",
      "lastSynchronizedDate" : null,
      "addressNumber" : "1692",
      "sequence" : 0,
      "name" : "Handoyo",
      "mailingName" : "Handoyo",
      "description" : "",
      "firstName" : "",
      "middleName" : "",
      "lastName" : "",
      "nickname" : "",
      "salutation" : "",
      "gender" : "",
      "type" : "C",
      "religion" : "",
      "dateOfBirth" : null,
      "placeOfBirth" : "",
      "socialSecurityNumber" : "",
      "socialSecurityDate" : null,
      "mediaObjectReference" : "",
      "lastUpdateDateTime" : "2017-12-17T00:00:00",
      "inputDateTime" : "2017-12-17T00:00:00",
      "_links" : {
        "self" : {
          "href" : "http://localhost/api/contacts/1692_0"
        },
        "contactPerson" : {
          "href" : "http://localhost/api/contacts/1692_0"
        },
        "master" : {
          "href" : "http://localhost/api/contacts/1692_0/master"
        }
      }
    }, {
      "inputUserId" : "QSA",
      "lastUpdateUserId" : "QSA",
      "computerId" : "GLSVR171217",
      "lastSynchronizedDate" : null,
      "addressNumber" : "1693",
      "sequence" : 0,
      "name" : "Handry",
      "mailingName" : "Handry",
      "description" : "",
      "firstName" : "",
      "middleName" : "",
      "lastName" : "",
      "nickname" : "",
      "salutation" : "",
      "gender" : "",
      "type" : "C",
      "religion" : "",
      "dateOfBirth" : null,
      "placeOfBirth" : "",
      "socialSecurityNumber" : "",
      "socialSecurityDate" : null,
      "mediaObjectReference" : "",
      "lastUpdateDateTime" : "2017-12-17T00:00:00",
      "inputDateTime" : "2017-12-17T00:00:00",
      "_links" : {
        "self" : {
          "href" : "http://localhost/api/contacts/1693_0"
        },
        "contactPerson" : {
          "href" : "http://localhost/api/contacts/1693_0"
        },
        "master" : {
          "href" : "http://localhost/api/contacts/1693_0/master"
        }
      }
    }, {
      "inputUserId" : "QSA",
      "lastUpdateUserId" : "QSA",
      "computerId" : "GLSVR171217",
      "lastSynchronizedDate" : null,
      "addressNumber" : "1694",
      "sequence" : 0,
      "name" : "Handy",
      "mailingName" : "Handy",
      "description" : "",
      "firstName" : "",
      "middleName" : "",
      "lastName" : "",
      "nickname" : "",
      "salutation" : "",
      "gender" : "",
      "type" : "C",
      "religion" : "",
      "dateOfBirth" : null,
      "placeOfBirth" : "",
      "socialSecurityNumber" : "",
      "socialSecurityDate" : null,
      "mediaObjectReference" : "",
      "lastUpdateDateTime" : "2017-12-17T00:00:00",
      "inputDateTime" : "2017-12-17T00:00:00",
      "_links" : {
        "self" : {
          "href" : "http://localhost/api/contacts/1694_0"
        },
        "contactPerson" : {
          "href" : "http://localhost/api/contacts/1694_0"
        },
        "master" : {
          "href" : "http://localhost/api/contacts/1694_0/master"
        }
      }
    }, {
      "inputUserId" : "QSA",
      "lastUpdateUserId" : "QSA",
      "computerId" : "GLSVR171217",
      "lastSynchronizedDate" : null,
      "addressNumber" : "1695",
      "sequence" : 0,
      "name" : "Hani",
      "mailingName" : "Hani",
      "description" : "",
      "firstName" : "",
      "middleName" : "",
      "lastName" : "",
      "nickname" : "",
      "salutation" : "",
      "gender" : "",
      "type" : "C",
      "religion" : "",
      "dateOfBirth" : null,
      "placeOfBirth" : "",
      "socialSecurityNumber" : "",
      "socialSecurityDate" : null,
      "mediaObjectReference" : "",
      "lastUpdateDateTime" : "2017-12-17T00:00:00",
      "inputDateTime" : "2017-12-17T00:00:00",
      "_links" : {
        "self" : {
          "href" : "http://localhost/api/contacts/1695_0"
        },
        "contactPerson" : {
          "href" : "http://localhost/api/contacts/1695_0"
        },
        "master" : {
          "href" : "http://localhost/api/contacts/1695_0/master"
        }
      }
    }, {
      "inputUserId" : "QSA",
      "lastUpdateUserId" : "QSA",
      "computerId" : "GLSVR171217",
      "lastSynchronizedDate" : null,
      "addressNumber" : "1696",
      "sequence" : 0,
      "name" : "Hansen",
      "mailingName" : "Hansen",
      "description" : "",
      "firstName" : "",
      "middleName" : "",
      "lastName" : "",
      "nickname" : "",
      "salutation" : "",
      "gender" : "",
      "type" : "C",
      "religion" : "",
      "dateOfBirth" : null,
      "placeOfBirth" : "",
      "socialSecurityNumber" : "",
      "socialSecurityDate" : null,
      "mediaObjectReference" : "",
      "lastUpdateDateTime" : "2017-12-17T00:00:00",
      "inputDateTime" : "2017-12-17T00:00:00",
      "_links" : {
        "self" : {
          "href" : "http://localhost/api/contacts/1696_0"
        },
        "contactPerson" : {
          "href" : "http://localhost/api/contacts/1696_0"
        },
        "master" : {
          "href" : "http://localhost/api/contacts/1696_0/master"
        }
      }
    }, {
      "inputUserId" : "QSA",
      "lastUpdateUserId" : "QSA",
      "computerId" : "GLSVR171217",
      "lastSynchronizedDate" : null,
      "addressNumber" : "1697",
      "sequence" : 0,
      "name" : "Hardiyanto",
      "mailingName" : "Hardiyanto",
      "description" : "",
      "firstName" : "",
      "middleName" : "",
      "lastName" : "",
      "nickname" : "",
      "salutation" : "",
      "gender" : "",
      "type" : "C",
      "religion" : "",
      "dateOfBirth" : null,
      "placeOfBirth" : "",
      "socialSecurityNumber" : "",
      "socialSecurityDate" : null,
      "mediaObjectReference" : "",
      "lastUpdateDateTime" : "2017-12-17T00:00:00",
      "inputDateTime" : "2017-12-17T00:00:00",
      "_links" : {
        "self" : {
          "href" : "http://localhost/api/contacts/1697_0"
        },
        "contactPerson" : {
          "href" : "http://localhost/api/contacts/1697_0"
        },
        "master" : {
          "href" : "http://localhost/api/contacts/1697_0/master"
        }
      }
    }, {
      "inputUserId" : "QSA",
      "lastUpdateUserId" : "QSA",
      "computerId" : "GLSVR171217",
      "lastSynchronizedDate" : null,
      "addressNumber" : "1698",
      "sequence" : 0,
      "name" : "Hari",
      "mailingName" : "Hari",
      "description" : "",
      "firstName" : "",
      "middleName" : "",
      "lastName" : "",
      "nickname" : "",
      "salutation" : "",
      "gender" : "",
      "type" : "C",
      "religion" : "",
      "dateOfBirth" : null,
      "placeOfBirth" : "",
      "socialSecurityNumber" : "",
      "socialSecurityDate" : null,
      "mediaObjectReference" : "",
      "lastUpdateDateTime" : "2017-12-17T00:00:00",
      "inputDateTime" : "2017-12-17T00:00:00",
      "_links" : {
        "self" : {
          "href" : "http://localhost/api/contacts/1698_0"
        },
        "contactPerson" : {
          "href" : "http://localhost/api/contacts/1698_0"
        },
        "master" : {
          "href" : "http://localhost/api/contacts/1698_0/master"
        }
      }
    }, {
      "inputUserId" : "QSA",
      "lastUpdateUserId" : "QSA",
      "computerId" : "GLSVR171217",
      "lastSynchronizedDate" : null,
      "addressNumber" : "1699",
      "sequence" : 0,
      "name" : "Harjo",
      "mailingName" : "Harjo",
      "description" : "",
      "firstName" : "",
      "middleName" : "",
      "lastName" : "",
      "nickname" : "",
      "salutation" : "",
      "gender" : "",
      "type" : "C",
      "religion" : "",
      "dateOfBirth" : null,
      "placeOfBirth" : "",
      "socialSecurityNumber" : "",
      "socialSecurityDate" : null,
      "mediaObjectReference" : "",
      "lastUpdateDateTime" : "2017-12-17T00:00:00",
      "inputDateTime" : "2017-12-17T00:00:00",
      "_links" : {
        "self" : {
          "href" : "http://localhost/api/contacts/1699_0"
        },
        "contactPerson" : {
          "href" : "http://localhost/api/contacts/1699_0"
        },
        "master" : {
          "href" : "http://localhost/api/contacts/1699_0/master"
        }
      }
    }, {
      "inputUserId" : "QSA",
      "lastUpdateUserId" : "QSA",
      "computerId" : "GLSVR171217",
      "lastSynchronizedDate" : null,
      "addressNumber" : "1700",
      "sequence" : 0,
      "name" : "Harmoni Computer",
      "mailingName" : "Harmoni Computer",
      "description" : "",
      "firstName" : "",
      "middleName" : "",
      "lastName" : "",
      "nickname" : "",
      "salutation" : "",
      "gender" : "",
      "type" : "C",
      "religion" : "",
      "dateOfBirth" : null,
      "placeOfBirth" : "",
      "socialSecurityNumber" : "",
      "socialSecurityDate" : null,
      "mediaObjectReference" : "",
      "lastUpdateDateTime" : "2017-12-17T00:00:00",
      "inputDateTime" : "2017-12-17T00:00:00",
      "_links" : {
        "self" : {
          "href" : "http://localhost/api/contacts/1700_0"
        },
        "contactPerson" : {
          "href" : "http://localhost/api/contacts/1700_0"
        },
        "master" : {
          "href" : "http://localhost/api/contacts/1700_0/master"
        }
      }
    }, {
      "inputUserId" : "QSA",
      "lastUpdateUserId" : "QSA",
      "computerId" : "GLSVR171217",
      "lastSynchronizedDate" : null,
      "addressNumber" : "1701",
      "sequence" : 0,
      "name" : "Harrisma Store",
      "mailingName" : "Harrisma Store",
      "description" : "",
      "firstName" : "",
      "middleName" : "",
      "lastName" : "",
      "nickname" : "",
      "salutation" : "",
      "gender" : "",
      "type" : "C",
      "religion" : "",
      "dateOfBirth" : null,
      "placeOfBirth" : "",
      "socialSecurityNumber" : "",
      "socialSecurityDate" : null,
      "mediaObjectReference" : "",
      "lastUpdateDateTime" : "2017-12-17T00:00:00",
      "inputDateTime" : "2017-12-17T00:00:00",
      "_links" : {
        "self" : {
          "href" : "http://localhost/api/contacts/1701_0"
        },
        "contactPerson" : {
          "href" : "http://localhost/api/contacts/1701_0"
        },
        "master" : {
          "href" : "http://localhost/api/contacts/1701_0/master"
        }
      }
    }, {
      "inputUserId" : "QSA",
      "lastUpdateUserId" : "QSA",
      "computerId" : "GLSVR171217",
      "lastSynchronizedDate" : null,
      "addressNumber" : "1702",
      "sequence" : 0,
      "name" : "Harrisma Wisesajaya",
      "mailingName" : "Harrisma Wisesajaya",
      "description" : "",
      "firstName" : "",
      "middleName" : "",
      "lastName" : "",
      "nickname" : "",
      "salutation" : "",
      "gender" : "",
      "type" : "C",
      "religion" : "",
      "dateOfBirth" : null,
      "placeOfBirth" : "",
      "socialSecurityNumber" : "",
      "socialSecurityDate" : null,
      "mediaObjectReference" : "",
      "lastUpdateDateTime" : "2017-12-17T00:00:00",
      "inputDateTime" : "2017-12-17T00:00:00",
      "_links" : {
        "self" : {
          "href" : "http://localhost/api/contacts/1702_0"
        },
        "contactPerson" : {
          "href" : "http://localhost/api/contacts/1702_0"
        },
        "master" : {
          "href" : "http://localhost/api/contacts/1702_0/master"
        }
      }
    }, {
      "inputUserId" : "QSA",
      "lastUpdateUserId" : "QSA",
      "computerId" : "GLSVR171217",
      "lastSynchronizedDate" : null,
      "addressNumber" : "1703",
      "sequence" : 0,
      "name" : "Harsono",
      "mailingName" : "Harsono",
      "description" : "",
      "firstName" : "",
      "middleName" : "",
      "lastName" : "",
      "nickname" : "",
      "salutation" : "",
      "gender" : "",
      "type" : "C",
      "religion" : "",
      "dateOfBirth" : null,
      "placeOfBirth" : "",
      "socialSecurityNumber" : "",
      "socialSecurityDate" : null,
      "mediaObjectReference" : "",
      "lastUpdateDateTime" : "2017-12-17T00:00:00",
      "inputDateTime" : "2017-12-17T00:00:00",
      "_links" : {
        "self" : {
          "href" : "http://localhost/api/contacts/1703_0"
        },
        "contactPerson" : {
          "href" : "http://localhost/api/contacts/1703_0"
        },
        "master" : {
          "href" : "http://localhost/api/contacts/1703_0/master"
        }
      }
    }, {
      "inputUserId" : "QSA",
      "lastUpdateUserId" : "QSA",
      "computerId" : "GLSVR171217",
      "lastSynchronizedDate" : null,
      "addressNumber" : "1704",
      "sequence" : 0,
      "name" : "Hartono",
      "mailingName" : "Hartono",
      "description" : "",
      "firstName" : "",
      "middleName" : "",
      "lastName" : "",
      "nickname" : "",
      "salutation" : "",
      "gender" : "",
      "type" : "C",
      "religion" : "",
      "dateOfBirth" : null,
      "placeOfBirth" : "",
      "socialSecurityNumber" : "",
      "socialSecurityDate" : null,
      "mediaObjectReference" : "",
      "lastUpdateDateTime" : "2017-12-17T00:00:00",
      "inputDateTime" : "2017-12-17T00:00:00",
      "_links" : {
        "self" : {
          "href" : "http://localhost/api/contacts/1704_0"
        },
        "contactPerson" : {
          "href" : "http://localhost/api/contacts/1704_0"
        },
        "master" : {
          "href" : "http://localhost/api/contacts/1704_0/master"
        }
      }
    }, {
      "inputUserId" : "QSA",
      "lastUpdateUserId" : "QSA",
      "computerId" : "GLSVR171217",
      "lastSynchronizedDate" : null,
      "addressNumber" : "1705",
      "sequence" : 0,
      "name" : "Haryudanta(Tokopedia)",
      "mailingName" : "Haryudanta(Tokopedia)",
      "description" : "",
      "firstName" : "",
      "middleName" : "",
      "lastName" : "",
      "nickname" : "",
      "salutation" : "",
      "gender" : "",
      "type" : "C",
      "religion" : "",
      "dateOfBirth" : null,
      "placeOfBirth" : "",
      "socialSecurityNumber" : "",
      "socialSecurityDate" : null,
      "mediaObjectReference" : "",
      "lastUpdateDateTime" : "2017-12-17T00:00:00",
      "inputDateTime" : "2017-12-17T00:00:00",
      "_links" : {
        "self" : {
          "href" : "http://localhost/api/contacts/1705_0"
        },
        "contactPerson" : {
          "href" : "http://localhost/api/contacts/1705_0"
        },
        "master" : {
          "href" : "http://localhost/api/contacts/1705_0/master"
        }
      }
    }, {
      "inputUserId" : "QSA",
      "lastUpdateUserId" : "QSA",
      "computerId" : "GLSVR171217",
      "lastSynchronizedDate" : null,
      "addressNumber" : "1706",
      "sequence" : 0,
      "name" : "Hasan",
      "mailingName" : "Hasan",
      "description" : "",
      "firstName" : "",
      "middleName" : "",
      "lastName" : "",
      "nickname" : "",
      "salutation" : "",
      "gender" : "",
      "type" : "C",
      "religion" : "",
      "dateOfBirth" : null,
      "placeOfBirth" : "",
      "socialSecurityNumber" : "",
      "socialSecurityDate" : null,
      "mediaObjectReference" : "",
      "lastUpdateDateTime" : "2017-12-17T00:00:00",
      "inputDateTime" : "2017-12-17T00:00:00",
      "_links" : {
        "self" : {
          "href" : "http://localhost/api/contacts/1706_0"
        },
        "contactPerson" : {
          "href" : "http://localhost/api/contacts/1706_0"
        },
        "master" : {
          "href" : "http://localhost/api/contacts/1706_0/master"
        }
      }
    }, {
      "inputUserId" : "QSA",
      "lastUpdateUserId" : "QSA",
      "computerId" : "GLSVR171217",
      "lastSynchronizedDate" : null,
      "addressNumber" : "1707",
      "sequence" : 0,
      "name" : "Hasol Computer",
      "mailingName" : "Hasol Computer",
      "description" : "",
      "firstName" : "",
      "middleName" : "",
      "lastName" : "",
      "nickname" : "",
      "salutation" : "",
      "gender" : "",
      "type" : "C",
      "religion" : "",
      "dateOfBirth" : null,
      "placeOfBirth" : "",
      "socialSecurityNumber" : "",
      "socialSecurityDate" : null,
      "mediaObjectReference" : "",
      "lastUpdateDateTime" : "2017-12-17T00:00:00",
      "inputDateTime" : "2017-12-17T00:00:00",
      "_links" : {
        "self" : {
          "href" : "http://localhost/api/contacts/1707_0"
        },
        "contactPerson" : {
          "href" : "http://localhost/api/contacts/1707_0"
        },
        "master" : {
          "href" : "http://localhost/api/contacts/1707_0/master"
        }
      }
    }, {
      "inputUserId" : "QSA",
      "lastUpdateUserId" : "QSA",
      "computerId" : "GLSVR171217",
      "lastSynchronizedDate" : null,
      "addressNumber" : "1708",
      "sequence" : 0,
      "name" : "Hawila Computer",
      "mailingName" : "Hawila Computer",
      "description" : "",
      "firstName" : "",
      "middleName" : "",
      "lastName" : "",
      "nickname" : "",
      "salutation" : "",
      "gender" : "",
      "type" : "C",
      "religion" : "",
      "dateOfBirth" : null,
      "placeOfBirth" : "",
      "socialSecurityNumber" : "",
      "socialSecurityDate" : null,
      "mediaObjectReference" : "",
      "lastUpdateDateTime" : "2017-12-17T00:00:00",
      "inputDateTime" : "2017-12-17T00:00:00",
      "_links" : {
        "self" : {
          "href" : "http://localhost/api/contacts/1708_0"
        },
        "contactPerson" : {
          "href" : "http://localhost/api/contacts/1708_0"
        },
        "master" : {
          "href" : "http://localhost/api/contacts/1708_0/master"
        }
      }
    }, {
      "inputUserId" : "QSA",
      "lastUpdateUserId" : "QSA",
      "computerId" : "GLSVR171217",
      "lastSynchronizedDate" : null,
      "addressNumber" : "1709",
      "sequence" : 0,
      "name" : "HB Comp",
      "mailingName" : "HB Comp",
      "description" : "",
      "firstName" : "",
      "middleName" : "",
      "lastName" : "",
      "nickname" : "",
      "salutation" : "",
      "gender" : "",
      "type" : "C",
      "religion" : "",
      "dateOfBirth" : null,
      "placeOfBirth" : "",
      "socialSecurityNumber" : "",
      "socialSecurityDate" : null,
      "mediaObjectReference" : "",
      "lastUpdateDateTime" : "2017-12-17T00:00:00",
      "inputDateTime" : "2017-12-17T00:00:00",
      "_links" : {
        "self" : {
          "href" : "http://localhost/api/contacts/1709_0"
        },
        "contactPerson" : {
          "href" : "http://localhost/api/contacts/1709_0"
        },
        "master" : {
          "href" : "http://localhost/api/contacts/1709_0/master"
        }
      }
    }, {
      "inputUserId" : "QSA",
      "lastUpdateUserId" : "QSA",
      "computerId" : "GLSVR171217",
      "lastSynchronizedDate" : null,
      "addressNumber" : "1710",
      "sequence" : 0,
      "name" : "HD Computer",
      "mailingName" : "HD Computer",
      "description" : "",
      "firstName" : "",
      "middleName" : "",
      "lastName" : "",
      "nickname" : "",
      "salutation" : "",
      "gender" : "",
      "type" : "C",
      "religion" : "",
      "dateOfBirth" : null,
      "placeOfBirth" : "",
      "socialSecurityNumber" : "",
      "socialSecurityDate" : null,
      "mediaObjectReference" : "",
      "lastUpdateDateTime" : "2017-12-17T00:00:00",
      "inputDateTime" : "2017-12-17T00:00:00",
      "_links" : {
        "self" : {
          "href" : "http://localhost/api/contacts/1710_0"
        },
        "contactPerson" : {
          "href" : "http://localhost/api/contacts/1710_0"
        },
        "master" : {
          "href" : "http://localhost/api/contacts/1710_0/master"
        }
      }
    }, {
      "inputUserId" : "QSA",
      "lastUpdateUserId" : "QSA",
      "computerId" : "GLSVR171217",
      "lastSynchronizedDate" : null,
      "addressNumber" : "1711",
      "sequence" : 0,
      "name" : "Hediyanti Astuti",
      "mailingName" : "Hediyanti Astuti",
      "description" : "",
      "firstName" : "",
      "middleName" : "",
      "lastName" : "",
      "nickname" : "",
      "salutation" : "",
      "gender" : "",
      "type" : "C",
      "religion" : "",
      "dateOfBirth" : null,
      "placeOfBirth" : "",
      "socialSecurityNumber" : "",
      "socialSecurityDate" : null,
      "mediaObjectReference" : "",
      "lastUpdateDateTime" : "2017-12-17T00:00:00",
      "inputDateTime" : "2017-12-17T00:00:00",
      "_links" : {
        "self" : {
          "href" : "http://localhost/api/contacts/1711_0"
        },
        "contactPerson" : {
          "href" : "http://localhost/api/contacts/1711_0"
        },
        "master" : {
          "href" : "http://localhost/api/contacts/1711_0/master"
        }
      }
    }, {
      "inputUserId" : "QSA",
      "lastUpdateUserId" : "QSA",
      "computerId" : "GLSVR171217",
      "lastSynchronizedDate" : null,
      "addressNumber" : "1712",
      "sequence" : 0,
      "name" : "Hendra",
      "mailingName" : "Hendra",
      "description" : "",
      "firstName" : "",
      "middleName" : "",
      "lastName" : "",
      "nickname" : "",
      "salutation" : "",
      "gender" : "",
      "type" : "C",
      "religion" : "",
      "dateOfBirth" : null,
      "placeOfBirth" : "",
      "socialSecurityNumber" : "",
      "socialSecurityDate" : null,
      "mediaObjectReference" : "",
      "lastUpdateDateTime" : "2017-12-17T00:00:00",
      "inputDateTime" : "2017-12-17T00:00:00",
      "_links" : {
        "self" : {
          "href" : "http://localhost/api/contacts/1712_0"
        },
        "contactPerson" : {
          "href" : "http://localhost/api/contacts/1712_0"
        },
        "master" : {
          "href" : "http://localhost/api/contacts/1712_0/master"
        }
      }
    }, {
      "inputUserId" : "QSA",
      "lastUpdateUserId" : "QSA",
      "computerId" : "GLSVR171217",
      "lastSynchronizedDate" : null,
      "addressNumber" : "1713",
      "sequence" : 0,
      "name" : "Hendra Kusuma Wijaya ( Tokopedia )",
      "mailingName" : "Hendra Kusuma Wijaya ( Tokopedia )",
      "description" : "",
      "firstName" : "",
      "middleName" : "",
      "lastName" : "",
      "nickname" : "",
      "salutation" : "",
      "gender" : "",
      "type" : "C",
      "religion" : "",
      "dateOfBirth" : null,
      "placeOfBirth" : "",
      "socialSecurityNumber" : "",
      "socialSecurityDate" : null,
      "mediaObjectReference" : "",
      "lastUpdateDateTime" : "2017-12-17T00:00:00",
      "inputDateTime" : "2017-12-17T00:00:00",
      "_links" : {
        "self" : {
          "href" : "http://localhost/api/contacts/1713_0"
        },
        "contactPerson" : {
          "href" : "http://localhost/api/contacts/1713_0"
        },
        "master" : {
          "href" : "http://localhost/api/contacts/1713_0/master"
        }
      }
    }, {
      "inputUserId" : "QSA",
      "lastUpdateUserId" : "QSA",
      "computerId" : "GLSVR171217",
      "lastSynchronizedDate" : null,
      "addressNumber" : "1714",
      "sequence" : 0,
      "name" : "Hendri",
      "mailingName" : "Hendri",
      "description" : "",
      "firstName" : "",
      "middleName" : "",
      "lastName" : "",
      "nickname" : "",
      "salutation" : "",
      "gender" : "",
      "type" : "C",
      "religion" : "",
      "dateOfBirth" : null,
      "placeOfBirth" : "",
      "socialSecurityNumber" : "",
      "socialSecurityDate" : null,
      "mediaObjectReference" : "",
      "lastUpdateDateTime" : "2017-12-17T00:00:00",
      "inputDateTime" : "2017-12-17T00:00:00",
      "_links" : {
        "self" : {
          "href" : "http://localhost/api/contacts/1714_0"
        },
        "contactPerson" : {
          "href" : "http://localhost/api/contacts/1714_0"
        },
        "master" : {
          "href" : "http://localhost/api/contacts/1714_0/master"
        }
      }
    }, {
      "inputUserId" : "QSA",
      "lastUpdateUserId" : "QSA",
      "computerId" : "GLSVR171217",
      "lastSynchronizedDate" : null,
      "addressNumber" : "1715",
      "sequence" : 0,
      "name" : "Hendrik Kusumo",
      "mailingName" : "Hendrik Kusumo",
      "description" : "",
      "firstName" : "",
      "middleName" : "",
      "lastName" : "",
      "nickname" : "",
      "salutation" : "",
      "gender" : "",
      "type" : "C",
      "religion" : "",
      "dateOfBirth" : null,
      "placeOfBirth" : "",
      "socialSecurityNumber" : "",
      "socialSecurityDate" : null,
      "mediaObjectReference" : "",
      "lastUpdateDateTime" : "2017-12-17T00:00:00",
      "inputDateTime" : "2017-12-17T00:00:00",
      "_links" : {
        "self" : {
          "href" : "http://localhost/api/contacts/1715_0"
        },
        "contactPerson" : {
          "href" : "http://localhost/api/contacts/1715_0"
        },
        "master" : {
          "href" : "http://localhost/api/contacts/1715_0/master"
        }
      }
    }, {
      "inputUserId" : "QSA",
      "lastUpdateUserId" : "QSA",
      "computerId" : "GLSVR171217",
      "lastSynchronizedDate" : null,
      "addressNumber" : "1716",
      "sequence" : 0,
      "name" : "Hengky",
      "mailingName" : "Hengky",
      "description" : "",
      "firstName" : "",
      "middleName" : "",
      "lastName" : "",
      "nickname" : "",
      "salutation" : "",
      "gender" : "",
      "type" : "C",
      "religion" : "",
      "dateOfBirth" : null,
      "placeOfBirth" : "",
      "socialSecurityNumber" : "",
      "socialSecurityDate" : null,
      "mediaObjectReference" : "",
      "lastUpdateDateTime" : "2017-12-17T00:00:00",
      "inputDateTime" : "2017-12-17T00:00:00",
      "_links" : {
        "self" : {
          "href" : "http://localhost/api/contacts/1716_0"
        },
        "contactPerson" : {
          "href" : "http://localhost/api/contacts/1716_0"
        },
        "master" : {
          "href" : "http://localhost/api/contacts/1716_0/master"
        }
      }
    }, {
      "inputUserId" : "QSA",
      "lastUpdateUserId" : "QSA",
      "computerId" : "GLSVR171217",
      "lastSynchronizedDate" : null,
      "addressNumber" : "1717",
      "sequence" : 0,
      "name" : "Henny",
      "mailingName" : "Henny",
      "description" : "",
      "firstName" : "",
      "middleName" : "",
      "lastName" : "",
      "nickname" : "",
      "salutation" : "",
      "gender" : "",
      "type" : "C",
      "religion" : "",
      "dateOfBirth" : null,
      "placeOfBirth" : "",
      "socialSecurityNumber" : "",
      "socialSecurityDate" : null,
      "mediaObjectReference" : "",
      "lastUpdateDateTime" : "2017-12-17T00:00:00",
      "inputDateTime" : "2017-12-17T00:00:00",
      "_links" : {
        "self" : {
          "href" : "http://localhost/api/contacts/1717_0"
        },
        "contactPerson" : {
          "href" : "http://localhost/api/contacts/1717_0"
        },
        "master" : {
          "href" : "http://localhost/api/contacts/1717_0/master"
        }
      }
    }, {
      "inputUserId" : "QSA",
      "lastUpdateUserId" : "QSA",
      "computerId" : "GLSVR171217",
      "lastSynchronizedDate" : null,
      "addressNumber" : "1718",
      "sequence" : 0,
      "name" : "Henry",
      "mailingName" : "Henry",
      "description" : "",
      "firstName" : "",
      "middleName" : "",
      "lastName" : "",
      "nickname" : "",
      "salutation" : "",
      "gender" : "",
      "type" : "C",
      "religion" : "",
      "dateOfBirth" : null,
      "placeOfBirth" : "",
      "socialSecurityNumber" : "",
      "socialSecurityDate" : null,
      "mediaObjectReference" : "",
      "lastUpdateDateTime" : "2017-12-17T00:00:00",
      "inputDateTime" : "2017-12-17T00:00:00",
      "_links" : {
        "self" : {
          "href" : "http://localhost/api/contacts/1718_0"
        },
        "contactPerson" : {
          "href" : "http://localhost/api/contacts/1718_0"
        },
        "master" : {
          "href" : "http://localhost/api/contacts/1718_0/master"
        }
      }
    }, {
      "inputUserId" : "QSA",
      "lastUpdateUserId" : "QSA",
      "computerId" : "GLSVR171217",
      "lastSynchronizedDate" : null,
      "addressNumber" : "1719",
      "sequence" : 0,
      "name" : "Heny",
      "mailingName" : "Heny",
      "description" : "",
      "firstName" : "",
      "middleName" : "",
      "lastName" : "",
      "nickname" : "",
      "salutation" : "",
      "gender" : "",
      "type" : "C",
      "religion" : "",
      "dateOfBirth" : null,
      "placeOfBirth" : "",
      "socialSecurityNumber" : "",
      "socialSecurityDate" : null,
      "mediaObjectReference" : "",
      "lastUpdateDateTime" : "2017-12-17T00:00:00",
      "inputDateTime" : "2017-12-17T00:00:00",
      "_links" : {
        "self" : {
          "href" : "http://localhost/api/contacts/1719_0"
        },
        "contactPerson" : {
          "href" : "http://localhost/api/contacts/1719_0"
        },
        "master" : {
          "href" : "http://localhost/api/contacts/1719_0/master"
        }
      }
    }, {
      "inputUserId" : "QSA",
      "lastUpdateUserId" : "QSA",
      "computerId" : "GLSVR171217",
      "lastSynchronizedDate" : null,
      "addressNumber" : "1720",
      "sequence" : 0,
      "name" : "Heri",
      "mailingName" : "Heri",
      "description" : "",
      "firstName" : "",
      "middleName" : "",
      "lastName" : "",
      "nickname" : "",
      "salutation" : "",
      "gender" : "",
      "type" : "C",
      "religion" : "",
      "dateOfBirth" : null,
      "placeOfBirth" : "",
      "socialSecurityNumber" : "",
      "socialSecurityDate" : null,
      "mediaObjectReference" : "",
      "lastUpdateDateTime" : "2017-12-17T00:00:00",
      "inputDateTime" : "2017-12-17T00:00:00",
      "_links" : {
        "self" : {
          "href" : "http://localhost/api/contacts/1720_0"
        },
        "contactPerson" : {
          "href" : "http://localhost/api/contacts/1720_0"
        },
        "master" : {
          "href" : "http://localhost/api/contacts/1720_0/master"
        }
      }
    }, {
      "inputUserId" : "QSA",
      "lastUpdateUserId" : "QSA",
      "computerId" : "GLSVR171217",
      "lastSynchronizedDate" : null,
      "addressNumber" : "1721",
      "sequence" : 0,
      "name" : "Heri (Toko Prima Tex)",
      "mailingName" : "Heri (Toko Prima Tex)",
      "description" : "",
      "firstName" : "",
      "middleName" : "",
      "lastName" : "",
      "nickname" : "",
      "salutation" : "",
      "gender" : "",
      "type" : "C",
      "religion" : "",
      "dateOfBirth" : null,
      "placeOfBirth" : "",
      "socialSecurityNumber" : "",
      "socialSecurityDate" : null,
      "mediaObjectReference" : "",
      "lastUpdateDateTime" : "2017-12-17T00:00:00",
      "inputDateTime" : "2017-12-17T00:00:00",
      "_links" : {
        "self" : {
          "href" : "http://localhost/api/contacts/1721_0"
        },
        "contactPerson" : {
          "href" : "http://localhost/api/contacts/1721_0"
        },
        "master" : {
          "href" : "http://localhost/api/contacts/1721_0/master"
        }
      }
    }, {
      "inputUserId" : "QSA",
      "lastUpdateUserId" : "QSA",
      "computerId" : "GLSVR171217",
      "lastSynchronizedDate" : null,
      "addressNumber" : "1722",
      "sequence" : 0,
      "name" : "Herman",
      "mailingName" : "Herman",
      "description" : "",
      "firstName" : "",
      "middleName" : "",
      "lastName" : "",
      "nickname" : "",
      "salutation" : "",
      "gender" : "",
      "type" : "C",
      "religion" : "",
      "dateOfBirth" : null,
      "placeOfBirth" : "",
      "socialSecurityNumber" : "",
      "socialSecurityDate" : null,
      "mediaObjectReference" : "",
      "lastUpdateDateTime" : "2017-12-17T00:00:00",
      "inputDateTime" : "2017-12-17T00:00:00",
      "_links" : {
        "self" : {
          "href" : "http://localhost/api/contacts/1722_0"
        },
        "contactPerson" : {
          "href" : "http://localhost/api/contacts/1722_0"
        },
        "master" : {
          "href" : "http://localhost/api/contacts/1722_0/master"
        }
      }
    }, {
      "inputUserId" : "QSA",
      "lastUpdateUserId" : "QSA",
      "computerId" : "GLSVR171217",
      "lastSynchronizedDate" : null,
      "addressNumber" : "1723",
      "sequence" : 0,
      "name" : "Hermawan",
      "mailingName" : "Hermawan",
      "description" : "",
      "firstName" : "",
      "middleName" : "",
      "lastName" : "",
      "nickname" : "",
      "salutation" : "",
      "gender" : "",
      "type" : "C",
      "religion" : "",
      "dateOfBirth" : null,
      "placeOfBirth" : "",
      "socialSecurityNumber" : "",
      "socialSecurityDate" : null,
      "mediaObjectReference" : "",
      "lastUpdateDateTime" : "2017-12-17T00:00:00",
      "inputDateTime" : "2017-12-17T00:00:00",
      "_links" : {
        "self" : {
          "href" : "http://localhost/api/contacts/1723_0"
        },
        "contactPerson" : {
          "href" : "http://localhost/api/contacts/1723_0"
        },
        "master" : {
          "href" : "http://localhost/api/contacts/1723_0/master"
        }
      }
    }, {
      "inputUserId" : "QSA",
      "lastUpdateUserId" : "QSA",
      "computerId" : "GLSVR171217",
      "lastSynchronizedDate" : null,
      "addressNumber" : "1724",
      "sequence" : 0,
      "name" : "Hermon",
      "mailingName" : "Hermon",
      "description" : "",
      "firstName" : "",
      "middleName" : "",
      "lastName" : "",
      "nickname" : "",
      "salutation" : "",
      "gender" : "",
      "type" : "C",
      "religion" : "",
      "dateOfBirth" : null,
      "placeOfBirth" : "",
      "socialSecurityNumber" : "",
      "socialSecurityDate" : null,
      "mediaObjectReference" : "",
      "lastUpdateDateTime" : "2017-12-17T00:00:00",
      "inputDateTime" : "2017-12-17T00:00:00",
      "_links" : {
        "self" : {
          "href" : "http://localhost/api/contacts/1724_0"
        },
        "contactPerson" : {
          "href" : "http://localhost/api/contacts/1724_0"
        },
        "master" : {
          "href" : "http://localhost/api/contacts/1724_0/master"
        }
      }
    }, {
      "inputUserId" : "QSA",
      "lastUpdateUserId" : "QSA",
      "computerId" : "GLSVR171217",
      "lastSynchronizedDate" : null,
      "addressNumber" : "1725",
      "sequence" : 0,
      "name" : "Hernando Liunarto",
      "mailingName" : "Hernando Liunarto",
      "description" : "",
      "firstName" : "",
      "middleName" : "",
      "lastName" : "",
      "nickname" : "",
      "salutation" : "",
      "gender" : "",
      "type" : "C",
      "religion" : "",
      "dateOfBirth" : null,
      "placeOfBirth" : "",
      "socialSecurityNumber" : "",
      "socialSecurityDate" : null,
      "mediaObjectReference" : "",
      "lastUpdateDateTime" : "2017-12-17T00:00:00",
      "inputDateTime" : "2017-12-17T00:00:00",
      "_links" : {
        "self" : {
          "href" : "http://localhost/api/contacts/1725_0"
        },
        "contactPerson" : {
          "href" : "http://localhost/api/contacts/1725_0"
        },
        "master" : {
          "href" : "http://localhost/api/contacts/1725_0/master"
        }
      }
    }, {
      "inputUserId" : "QSA",
      "lastUpdateUserId" : "QSA",
      "computerId" : "GLSVR171217",
      "lastSynchronizedDate" : null,
      "addressNumber" : "1726",
      "sequence" : 0,
      "name" : "Hernani",
      "mailingName" : "Hernani",
      "description" : "",
      "firstName" : "",
      "middleName" : "",
      "lastName" : "",
      "nickname" : "",
      "salutation" : "",
      "gender" : "",
      "type" : "C",
      "religion" : "",
      "dateOfBirth" : null,
      "placeOfBirth" : "",
      "socialSecurityNumber" : "",
      "socialSecurityDate" : null,
      "mediaObjectReference" : "",
      "lastUpdateDateTime" : "2017-12-17T00:00:00",
      "inputDateTime" : "2017-12-17T00:00:00",
      "_links" : {
        "self" : {
          "href" : "http://localhost/api/contacts/1726_0"
        },
        "contactPerson" : {
          "href" : "http://localhost/api/contacts/1726_0"
        },
        "master" : {
          "href" : "http://localhost/api/contacts/1726_0/master"
        }
      }
    }, {
      "inputUserId" : "QSA",
      "lastUpdateUserId" : "QSA",
      "computerId" : "GLSVR171217",
      "lastSynchronizedDate" : null,
      "addressNumber" : "1727",
      "sequence" : 0,
      "name" : "Heru",
      "mailingName" : "Heru",
      "description" : "",
      "firstName" : "",
      "middleName" : "",
      "lastName" : "",
      "nickname" : "",
      "salutation" : "",
      "gender" : "",
      "type" : "C",
      "religion" : "",
      "dateOfBirth" : null,
      "placeOfBirth" : "",
      "socialSecurityNumber" : "",
      "socialSecurityDate" : null,
      "mediaObjectReference" : "",
      "lastUpdateDateTime" : "2017-12-17T00:00:00",
      "inputDateTime" : "2017-12-17T00:00:00",
      "_links" : {
        "self" : {
          "href" : "http://localhost/api/contacts/1727_0"
        },
        "contactPerson" : {
          "href" : "http://localhost/api/contacts/1727_0"
        },
        "master" : {
          "href" : "http://localhost/api/contacts/1727_0/master"
        }
      }
    }, {
      "inputUserId" : "QSA",
      "lastUpdateUserId" : "QSA",
      "computerId" : "GLSVR171217",
      "lastSynchronizedDate" : null,
      "addressNumber" : "1728",
      "sequence" : 0,
      "name" : "Hetero Computer",
      "mailingName" : "Hetero Computer",
      "description" : "",
      "firstName" : "",
      "middleName" : "",
      "lastName" : "",
      "nickname" : "",
      "salutation" : "",
      "gender" : "",
      "type" : "C",
      "religion" : "",
      "dateOfBirth" : null,
      "placeOfBirth" : "",
      "socialSecurityNumber" : "",
      "socialSecurityDate" : null,
      "mediaObjectReference" : "",
      "lastUpdateDateTime" : "2017-12-17T00:00:00",
      "inputDateTime" : "2017-12-17T00:00:00",
      "_links" : {
        "self" : {
          "href" : "http://localhost/api/contacts/1728_0"
        },
        "contactPerson" : {
          "href" : "http://localhost/api/contacts/1728_0"
        },
        "master" : {
          "href" : "http://localhost/api/contacts/1728_0/master"
        }
      }
    }, {
      "inputUserId" : "QSA",
      "lastUpdateUserId" : "ANTHONI",
      "computerId" : "GLSVR171217",
      "lastSynchronizedDate" : null,
      "addressNumber" : "1729",
      "sequence" : 0,
      "name" : "PT Hewlett Packard  Indonesia",
      "mailingName" : "PT Hewlett Packard  Indonesia",
      "description" : "",
      "firstName" : "",
      "middleName" : "",
      "lastName" : "",
      "nickname" : "",
      "salutation" : "",
      "gender" : "",
      "type" : "C",
      "religion" : "",
      "dateOfBirth" : null,
      "placeOfBirth" : "",
      "socialSecurityNumber" : "",
      "socialSecurityDate" : null,
      "mediaObjectReference" : "",
      "lastUpdateDateTime" : "2018-04-16T13:22:09",
      "inputDateTime" : "2017-12-17T00:00:00",
      "_links" : {
        "self" : {
          "href" : "http://localhost/api/contacts/1729_0"
        },
        "contactPerson" : {
          "href" : "http://localhost/api/contacts/1729_0"
        },
        "master" : {
          "href" : "http://localhost/api/contacts/1729_0/master"
        }
      }
    }, {
      "inputUserId" : "QSA",
      "lastUpdateUserId" : "QSA",
      "computerId" : "GLSVR171217",
      "lastSynchronizedDate" : null,
      "addressNumber" : "1730",
      "sequence" : 0,
      "name" : "Hilda Carolina",
      "mailingName" : "Hilda Carolina",
      "description" : "",
      "firstName" : "",
      "middleName" : "",
      "lastName" : "",
      "nickname" : "",
      "salutation" : "",
      "gender" : "",
      "type" : "C",
      "religion" : "",
      "dateOfBirth" : null,
      "placeOfBirth" : "",
      "socialSecurityNumber" : "",
      "socialSecurityDate" : null,
      "mediaObjectReference" : "",
      "lastUpdateDateTime" : "2017-12-17T00:00:00",
      "inputDateTime" : "2017-12-17T00:00:00",
      "_links" : {
        "self" : {
          "href" : "http://localhost/api/contacts/1730_0"
        },
        "contactPerson" : {
          "href" : "http://localhost/api/contacts/1730_0"
        },
        "master" : {
          "href" : "http://localhost/api/contacts/1730_0/master"
        }
      }
    }, {
      "inputUserId" : "QSA",
      "lastUpdateUserId" : "QSA",
      "computerId" : "GLSVR171217",
      "lastSynchronizedDate" : null,
      "addressNumber" : "1731",
      "sequence" : 0,
      "name" : "Hilman",
      "mailingName" : "Hilman",
      "description" : "",
      "firstName" : "",
      "middleName" : "",
      "lastName" : "",
      "nickname" : "",
      "salutation" : "",
      "gender" : "",
      "type" : "C",
      "religion" : "",
      "dateOfBirth" : null,
      "placeOfBirth" : "",
      "socialSecurityNumber" : "",
      "socialSecurityDate" : null,
      "mediaObjectReference" : "",
      "lastUpdateDateTime" : "2017-12-17T00:00:00",
      "inputDateTime" : "2017-12-17T00:00:00",
      "_links" : {
        "self" : {
          "href" : "http://localhost/api/contacts/1731_0"
        },
        "contactPerson" : {
          "href" : "http://localhost/api/contacts/1731_0"
        },
        "master" : {
          "href" : "http://localhost/api/contacts/1731_0/master"
        }
      }
    }, {
      "inputUserId" : "QSA",
      "lastUpdateUserId" : "QSA",
      "computerId" : "GLSVR171217",
      "lastSynchronizedDate" : null,
      "addressNumber" : "1732",
      "sequence" : 0,
      "name" : "Hilmi Syarif (PT.PKT)",
      "mailingName" : "Hilmi Syarif (PT.PKT)",
      "description" : "",
      "firstName" : "",
      "middleName" : "",
      "lastName" : "",
      "nickname" : "",
      "salutation" : "",
      "gender" : "",
      "type" : "C",
      "religion" : "",
      "dateOfBirth" : null,
      "placeOfBirth" : "",
      "socialSecurityNumber" : "",
      "socialSecurityDate" : null,
      "mediaObjectReference" : "",
      "lastUpdateDateTime" : "2017-12-17T00:00:00",
      "inputDateTime" : "2017-12-17T00:00:00",
      "_links" : {
        "self" : {
          "href" : "http://localhost/api/contacts/1732_0"
        },
        "contactPerson" : {
          "href" : "http://localhost/api/contacts/1732_0"
        },
        "master" : {
          "href" : "http://localhost/api/contacts/1732_0/master"
        }
      }
    }, {
      "inputUserId" : "QSA",
      "lastUpdateUserId" : "QSA",
      "computerId" : "GLSVR171217",
      "lastSynchronizedDate" : null,
      "addressNumber" : "1733",
      "sequence" : 0,
      "name" : "Hitech Mall Store",
      "mailingName" : "Hitech Mall Store",
      "description" : "",
      "firstName" : "",
      "middleName" : "",
      "lastName" : "",
      "nickname" : "",
      "salutation" : "",
      "gender" : "",
      "type" : "C",
      "religion" : "",
      "dateOfBirth" : null,
      "placeOfBirth" : "",
      "socialSecurityNumber" : "",
      "socialSecurityDate" : null,
      "mediaObjectReference" : "",
      "lastUpdateDateTime" : "2017-12-17T00:00:00",
      "inputDateTime" : "2017-12-17T00:00:00",
      "_links" : {
        "self" : {
          "href" : "http://localhost/api/contacts/1733_0"
        },
        "contactPerson" : {
          "href" : "http://localhost/api/contacts/1733_0"
        },
        "master" : {
          "href" : "http://localhost/api/contacts/1733_0/master"
        }
      }
    }, {
      "inputUserId" : "QSA",
      "lastUpdateUserId" : "QSA",
      "computerId" : "GLSVR171217",
      "lastSynchronizedDate" : null,
      "addressNumber" : "1734",
      "sequence" : 0,
      "name" : "Hj.Abbas",
      "mailingName" : "Hj.Abbas",
      "description" : "",
      "firstName" : "",
      "middleName" : "",
      "lastName" : "",
      "nickname" : "",
      "salutation" : "",
      "gender" : "",
      "type" : "C",
      "religion" : "",
      "dateOfBirth" : null,
      "placeOfBirth" : "",
      "socialSecurityNumber" : "",
      "socialSecurityDate" : null,
      "mediaObjectReference" : "",
      "lastUpdateDateTime" : "2017-12-17T00:00:00",
      "inputDateTime" : "2017-12-17T00:00:00",
      "_links" : {
        "self" : {
          "href" : "http://localhost/api/contacts/1734_0"
        },
        "contactPerson" : {
          "href" : "http://localhost/api/contacts/1734_0"
        },
        "master" : {
          "href" : "http://localhost/api/contacts/1734_0/master"
        }
      }
    }, {
      "inputUserId" : "QSA",
      "lastUpdateUserId" : "QSA",
      "computerId" : "GLSVR171217",
      "lastSynchronizedDate" : null,
      "addressNumber" : "1735",
      "sequence" : 0,
      "name" : "Hk Comp",
      "mailingName" : "Hk Comp",
      "description" : "",
      "firstName" : "",
      "middleName" : "",
      "lastName" : "",
      "nickname" : "",
      "salutation" : "",
      "gender" : "",
      "type" : "C",
      "religion" : "",
      "dateOfBirth" : null,
      "placeOfBirth" : "",
      "socialSecurityNumber" : "",
      "socialSecurityDate" : null,
      "mediaObjectReference" : "",
      "lastUpdateDateTime" : "2017-12-17T00:00:00",
      "inputDateTime" : "2017-12-17T00:00:00",
      "_links" : {
        "self" : {
          "href" : "http://localhost/api/contacts/1735_0"
        },
        "contactPerson" : {
          "href" : "http://localhost/api/contacts/1735_0"
        },
        "master" : {
          "href" : "http://localhost/api/contacts/1735_0/master"
        }
      }
    }, {
      "inputUserId" : "QSA",
      "lastUpdateUserId" : "QSA",
      "computerId" : "GLSVR171217",
      "lastSynchronizedDate" : null,
      "addressNumber" : "1736",
      "sequence" : 0,
      "name" : "Hnd Computer",
      "mailingName" : "Hnd Computer",
      "description" : "",
      "firstName" : "",
      "middleName" : "",
      "lastName" : "",
      "nickname" : "",
      "salutation" : "",
      "gender" : "",
      "type" : "C",
      "religion" : "",
      "dateOfBirth" : null,
      "placeOfBirth" : "",
      "socialSecurityNumber" : "",
      "socialSecurityDate" : null,
      "mediaObjectReference" : "",
      "lastUpdateDateTime" : "2017-12-17T00:00:00",
      "inputDateTime" : "2017-12-17T00:00:00",
      "_links" : {
        "self" : {
          "href" : "http://localhost/api/contacts/1736_0"
        },
        "contactPerson" : {
          "href" : "http://localhost/api/contacts/1736_0"
        },
        "master" : {
          "href" : "http://localhost/api/contacts/1736_0/master"
        }
      }
    }, {
      "inputUserId" : "QSA",
      "lastUpdateUserId" : "QSA",
      "computerId" : "GLSVR171217",
      "lastSynchronizedDate" : null,
      "addressNumber" : "1737",
      "sequence" : 0,
      "name" : "Hokky Acessories",
      "mailingName" : "Hokky Acessories",
      "description" : "",
      "firstName" : "",
      "middleName" : "",
      "lastName" : "",
      "nickname" : "",
      "salutation" : "",
      "gender" : "",
      "type" : "C",
      "religion" : "",
      "dateOfBirth" : null,
      "placeOfBirth" : "",
      "socialSecurityNumber" : "",
      "socialSecurityDate" : null,
      "mediaObjectReference" : "",
      "lastUpdateDateTime" : "2017-12-17T00:00:00",
      "inputDateTime" : "2017-12-17T00:00:00",
      "_links" : {
        "self" : {
          "href" : "http://localhost/api/contacts/1737_0"
        },
        "contactPerson" : {
          "href" : "http://localhost/api/contacts/1737_0"
        },
        "master" : {
          "href" : "http://localhost/api/contacts/1737_0/master"
        }
      }
    }, {
      "inputUserId" : "QSA",
      "lastUpdateUserId" : "QSA",
      "computerId" : "GLSVR171217",
      "lastSynchronizedDate" : null,
      "addressNumber" : "1738",
      "sequence" : 0,
      "name" : "Holtic Tech",
      "mailingName" : "Holtic Tech",
      "description" : "",
      "firstName" : "",
      "middleName" : "",
      "lastName" : "",
      "nickname" : "",
      "salutation" : "",
      "gender" : "",
      "type" : "C",
      "religion" : "",
      "dateOfBirth" : null,
      "placeOfBirth" : "",
      "socialSecurityNumber" : "",
      "socialSecurityDate" : null,
      "mediaObjectReference" : "",
      "lastUpdateDateTime" : "2017-12-17T00:00:00",
      "inputDateTime" : "2017-12-17T00:00:00",
      "_links" : {
        "self" : {
          "href" : "http://localhost/api/contacts/1738_0"
        },
        "contactPerson" : {
          "href" : "http://localhost/api/contacts/1738_0"
        },
        "master" : {
          "href" : "http://localhost/api/contacts/1738_0/master"
        }
      }
    }, {
      "inputUserId" : "QSA",
      "lastUpdateUserId" : "QSA",
      "computerId" : "GLSVR171217",
      "lastSynchronizedDate" : null,
      "addressNumber" : "1739",
      "sequence" : 0,
      "name" : "Hosen",
      "mailingName" : "Hosen",
      "description" : "",
      "firstName" : "",
      "middleName" : "",
      "lastName" : "",
      "nickname" : "",
      "salutation" : "",
      "gender" : "",
      "type" : "C",
      "religion" : "",
      "dateOfBirth" : null,
      "placeOfBirth" : "",
      "socialSecurityNumber" : "",
      "socialSecurityDate" : null,
      "mediaObjectReference" : "",
      "lastUpdateDateTime" : "2017-12-17T00:00:00",
      "inputDateTime" : "2017-12-17T00:00:00",
      "_links" : {
        "self" : {
          "href" : "http://localhost/api/contacts/1739_0"
        },
        "contactPerson" : {
          "href" : "http://localhost/api/contacts/1739_0"
        },
        "master" : {
          "href" : "http://localhost/api/contacts/1739_0/master"
        }
      }
    }, {
      "inputUserId" : "QSA",
      "lastUpdateUserId" : "QSA",
      "computerId" : "GLSVR171217",
      "lastSynchronizedDate" : null,
      "addressNumber" : "1740",
      "sequence" : 0,
      "name" : "HP Store",
      "mailingName" : "HP Store",
      "description" : "",
      "firstName" : "",
      "middleName" : "",
      "lastName" : "",
      "nickname" : "",
      "salutation" : "",
      "gender" : "",
      "type" : "C",
      "religion" : "",
      "dateOfBirth" : null,
      "placeOfBirth" : "",
      "socialSecurityNumber" : "",
      "socialSecurityDate" : null,
      "mediaObjectReference" : "",
      "lastUpdateDateTime" : "2017-12-17T00:00:00",
      "inputDateTime" : "2017-12-17T00:00:00",
      "_links" : {
        "self" : {
          "href" : "http://localhost/api/contacts/1740_0"
        },
        "contactPerson" : {
          "href" : "http://localhost/api/contacts/1740_0"
        },
        "master" : {
          "href" : "http://localhost/api/contacts/1740_0/master"
        }
      }
    }, {
      "inputUserId" : "QSA",
      "lastUpdateUserId" : "QSA",
      "computerId" : "GLSVR171217",
      "lastSynchronizedDate" : null,
      "addressNumber" : "1741",
      "sequence" : 0,
      "name" : "HR Computer",
      "mailingName" : "HR Computer",
      "description" : "",
      "firstName" : "",
      "middleName" : "",
      "lastName" : "",
      "nickname" : "",
      "salutation" : "",
      "gender" : "",
      "type" : "C",
      "religion" : "",
      "dateOfBirth" : null,
      "placeOfBirth" : "",
      "socialSecurityNumber" : "",
      "socialSecurityDate" : null,
      "mediaObjectReference" : "",
      "lastUpdateDateTime" : "2017-12-17T00:00:00",
      "inputDateTime" : "2017-12-17T00:00:00",
      "_links" : {
        "self" : {
          "href" : "http://localhost/api/contacts/1741_0"
        },
        "contactPerson" : {
          "href" : "http://localhost/api/contacts/1741_0"
        },
        "master" : {
          "href" : "http://localhost/api/contacts/1741_0/master"
        }
      }
    }, {
      "inputUserId" : "QSA",
      "lastUpdateUserId" : "QSA",
      "computerId" : "GLSVR171217",
      "lastSynchronizedDate" : null,
      "addressNumber" : "1742",
      "sequence" : 0,
      "name" : "HR.Comp",
      "mailingName" : "HR.Comp",
      "description" : "",
      "firstName" : "",
      "middleName" : "",
      "lastName" : "",
      "nickname" : "",
      "salutation" : "",
      "gender" : "",
      "type" : "C",
      "religion" : "",
      "dateOfBirth" : null,
      "placeOfBirth" : "",
      "socialSecurityNumber" : "",
      "socialSecurityDate" : null,
      "mediaObjectReference" : "",
      "lastUpdateDateTime" : "2017-12-17T00:00:00",
      "inputDateTime" : "2017-12-17T00:00:00",
      "_links" : {
        "self" : {
          "href" : "http://localhost/api/contacts/1742_0"
        },
        "contactPerson" : {
          "href" : "http://localhost/api/contacts/1742_0"
        },
        "master" : {
          "href" : "http://localhost/api/contacts/1742_0/master"
        }
      }
    }, {
      "inputUserId" : "QSA",
      "lastUpdateUserId" : "QSA",
      "computerId" : "GLSVR171217",
      "lastSynchronizedDate" : null,
      "addressNumber" : "1743",
      "sequence" : 0,
      "name" : "Hubaidi",
      "mailingName" : "Hubaidi",
      "description" : "",
      "firstName" : "",
      "middleName" : "",
      "lastName" : "",
      "nickname" : "",
      "salutation" : "",
      "gender" : "",
      "type" : "C",
      "religion" : "",
      "dateOfBirth" : null,
      "placeOfBirth" : "",
      "socialSecurityNumber" : "",
      "socialSecurityDate" : null,
      "mediaObjectReference" : "",
      "lastUpdateDateTime" : "2017-12-17T00:00:00",
      "inputDateTime" : "2017-12-17T00:00:00",
      "_links" : {
        "self" : {
          "href" : "http://localhost/api/contacts/1743_0"
        },
        "contactPerson" : {
          "href" : "http://localhost/api/contacts/1743_0"
        },
        "master" : {
          "href" : "http://localhost/api/contacts/1743_0/master"
        }
      }
    }, {
      "inputUserId" : "QSA",
      "lastUpdateUserId" : "QSA",
      "computerId" : "GLSVR171217",
      "lastSynchronizedDate" : null,
      "addressNumber" : "1744",
      "sequence" : 0,
      "name" : "Hudi",
      "mailingName" : "Hudi",
      "description" : "",
      "firstName" : "",
      "middleName" : "",
      "lastName" : "",
      "nickname" : "",
      "salutation" : "",
      "gender" : "",
      "type" : "C",
      "religion" : "",
      "dateOfBirth" : null,
      "placeOfBirth" : "",
      "socialSecurityNumber" : "",
      "socialSecurityDate" : null,
      "mediaObjectReference" : "",
      "lastUpdateDateTime" : "2017-12-17T00:00:00",
      "inputDateTime" : "2017-12-17T00:00:00",
      "_links" : {
        "self" : {
          "href" : "http://localhost/api/contacts/1744_0"
        },
        "contactPerson" : {
          "href" : "http://localhost/api/contacts/1744_0"
        },
        "master" : {
          "href" : "http://localhost/api/contacts/1744_0/master"
        }
      }
    }, {
      "inputUserId" : "QSA",
      "lastUpdateUserId" : "QSA",
      "computerId" : "GLSVR171217",
      "lastSynchronizedDate" : null,
      "addressNumber" : "1745",
      "sequence" : 0,
      "name" : "Humairoh",
      "mailingName" : "Humairoh",
      "description" : "",
      "firstName" : "",
      "middleName" : "",
      "lastName" : "",
      "nickname" : "",
      "salutation" : "",
      "gender" : "",
      "type" : "C",
      "religion" : "",
      "dateOfBirth" : null,
      "placeOfBirth" : "",
      "socialSecurityNumber" : "",
      "socialSecurityDate" : null,
      "mediaObjectReference" : "",
      "lastUpdateDateTime" : "2017-12-17T00:00:00",
      "inputDateTime" : "2017-12-17T00:00:00",
      "_links" : {
        "self" : {
          "href" : "http://localhost/api/contacts/1745_0"
        },
        "contactPerson" : {
          "href" : "http://localhost/api/contacts/1745_0"
        },
        "master" : {
          "href" : "http://localhost/api/contacts/1745_0/master"
        }
      }
    }, {
      "inputUserId" : "QSA",
      "lastUpdateUserId" : "QSA",
      "computerId" : "GLSVR171217",
      "lastSynchronizedDate" : null,
      "addressNumber" : "1746",
      "sequence" : 0,
      "name" : "Ibnu",
      "mailingName" : "Ibnu",
      "description" : "",
      "firstName" : "",
      "middleName" : "",
      "lastName" : "",
      "nickname" : "",
      "salutation" : "",
      "gender" : "",
      "type" : "C",
      "religion" : "",
      "dateOfBirth" : null,
      "placeOfBirth" : "",
      "socialSecurityNumber" : "",
      "socialSecurityDate" : null,
      "mediaObjectReference" : "",
      "lastUpdateDateTime" : "2017-12-17T00:00:00",
      "inputDateTime" : "2017-12-17T00:00:00",
      "_links" : {
        "self" : {
          "href" : "http://localhost/api/contacts/1746_0"
        },
        "contactPerson" : {
          "href" : "http://localhost/api/contacts/1746_0"
        },
        "master" : {
          "href" : "http://localhost/api/contacts/1746_0/master"
        }
      }
    }, {
      "inputUserId" : "QSA",
      "lastUpdateUserId" : "QSA",
      "computerId" : "GLSVR171217",
      "lastSynchronizedDate" : null,
      "addressNumber" : "1747",
      "sequence" : 0,
      "name" : "Ibu Agustin",
      "mailingName" : "Ibu Agustin",
      "description" : "",
      "firstName" : "",
      "middleName" : "",
      "lastName" : "",
      "nickname" : "",
      "salutation" : "",
      "gender" : "",
      "type" : "C",
      "religion" : "",
      "dateOfBirth" : null,
      "placeOfBirth" : "",
      "socialSecurityNumber" : "",
      "socialSecurityDate" : null,
      "mediaObjectReference" : "",
      "lastUpdateDateTime" : "2017-12-17T00:00:00",
      "inputDateTime" : "2017-12-17T00:00:00",
      "_links" : {
        "self" : {
          "href" : "http://localhost/api/contacts/1747_0"
        },
        "contactPerson" : {
          "href" : "http://localhost/api/contacts/1747_0"
        },
        "master" : {
          "href" : "http://localhost/api/contacts/1747_0/master"
        }
      }
    }, {
      "inputUserId" : "QSA",
      "lastUpdateUserId" : "QSA",
      "computerId" : "GLSVR171217",
      "lastSynchronizedDate" : null,
      "addressNumber" : "1748",
      "sequence" : 0,
      "name" : "Ibu Aulia",
      "mailingName" : "Ibu Aulia",
      "description" : "",
      "firstName" : "",
      "middleName" : "",
      "lastName" : "",
      "nickname" : "",
      "salutation" : "",
      "gender" : "",
      "type" : "C",
      "religion" : "",
      "dateOfBirth" : null,
      "placeOfBirth" : "",
      "socialSecurityNumber" : "",
      "socialSecurityDate" : null,
      "mediaObjectReference" : "",
      "lastUpdateDateTime" : "2017-12-17T00:00:00",
      "inputDateTime" : "2017-12-17T00:00:00",
      "_links" : {
        "self" : {
          "href" : "http://localhost/api/contacts/1748_0"
        },
        "contactPerson" : {
          "href" : "http://localhost/api/contacts/1748_0"
        },
        "master" : {
          "href" : "http://localhost/api/contacts/1748_0/master"
        }
      }
    }, {
      "inputUserId" : "QSA",
      "lastUpdateUserId" : "QSA",
      "computerId" : "GLSVR171217",
      "lastSynchronizedDate" : null,
      "addressNumber" : "1749",
      "sequence" : 0,
      "name" : "Ibu Febby",
      "mailingName" : "Ibu Febby",
      "description" : "",
      "firstName" : "",
      "middleName" : "",
      "lastName" : "",
      "nickname" : "",
      "salutation" : "",
      "gender" : "",
      "type" : "C",
      "religion" : "",
      "dateOfBirth" : null,
      "placeOfBirth" : "",
      "socialSecurityNumber" : "",
      "socialSecurityDate" : null,
      "mediaObjectReference" : "",
      "lastUpdateDateTime" : "2017-12-17T00:00:00",
      "inputDateTime" : "2017-12-17T00:00:00",
      "_links" : {
        "self" : {
          "href" : "http://localhost/api/contacts/1749_0"
        },
        "contactPerson" : {
          "href" : "http://localhost/api/contacts/1749_0"
        },
        "master" : {
          "href" : "http://localhost/api/contacts/1749_0/master"
        }
      }
    }, {
      "inputUserId" : "QSA",
      "lastUpdateUserId" : "QSA",
      "computerId" : "GLSVR171217",
      "lastSynchronizedDate" : null,
      "addressNumber" : "1750",
      "sequence" : 0,
      "name" : "Ibu Ica",
      "mailingName" : "Ibu Ica",
      "description" : "",
      "firstName" : "",
      "middleName" : "",
      "lastName" : "",
      "nickname" : "",
      "salutation" : "",
      "gender" : "",
      "type" : "C",
      "religion" : "",
      "dateOfBirth" : null,
      "placeOfBirth" : "",
      "socialSecurityNumber" : "",
      "socialSecurityDate" : null,
      "mediaObjectReference" : "",
      "lastUpdateDateTime" : "2017-12-17T00:00:00",
      "inputDateTime" : "2017-12-17T00:00:00",
      "_links" : {
        "self" : {
          "href" : "http://localhost/api/contacts/1750_0"
        },
        "contactPerson" : {
          "href" : "http://localhost/api/contacts/1750_0"
        },
        "master" : {
          "href" : "http://localhost/api/contacts/1750_0/master"
        }
      }
    }, {
      "inputUserId" : "QSA",
      "lastUpdateUserId" : "QSA",
      "computerId" : "GLSVR171217",
      "lastSynchronizedDate" : null,
      "addressNumber" : "1751",
      "sequence" : 0,
      "name" : "Ibu Irna",
      "mailingName" : "Ibu Irna",
      "description" : "",
      "firstName" : "",
      "middleName" : "",
      "lastName" : "",
      "nickname" : "",
      "salutation" : "",
      "gender" : "",
      "type" : "C",
      "religion" : "",
      "dateOfBirth" : null,
      "placeOfBirth" : "",
      "socialSecurityNumber" : "",
      "socialSecurityDate" : null,
      "mediaObjectReference" : "",
      "lastUpdateDateTime" : "2017-12-17T00:00:00",
      "inputDateTime" : "2017-12-17T00:00:00",
      "_links" : {
        "self" : {
          "href" : "http://localhost/api/contacts/1751_0"
        },
        "contactPerson" : {
          "href" : "http://localhost/api/contacts/1751_0"
        },
        "master" : {
          "href" : "http://localhost/api/contacts/1751_0/master"
        }
      }
    }, {
      "inputUserId" : "QSA",
      "lastUpdateUserId" : "QSA",
      "computerId" : "GLSVR171217",
      "lastSynchronizedDate" : null,
      "addressNumber" : "1752",
      "sequence" : 0,
      "name" : "Ibu Lily",
      "mailingName" : "Ibu Lily",
      "description" : "",
      "firstName" : "",
      "middleName" : "",
      "lastName" : "",
      "nickname" : "",
      "salutation" : "",
      "gender" : "",
      "type" : "C",
      "religion" : "",
      "dateOfBirth" : null,
      "placeOfBirth" : "",
      "socialSecurityNumber" : "",
      "socialSecurityDate" : null,
      "mediaObjectReference" : "",
      "lastUpdateDateTime" : "2017-12-17T00:00:00",
      "inputDateTime" : "2017-12-17T00:00:00",
      "_links" : {
        "self" : {
          "href" : "http://localhost/api/contacts/1752_0"
        },
        "contactPerson" : {
          "href" : "http://localhost/api/contacts/1752_0"
        },
        "master" : {
          "href" : "http://localhost/api/contacts/1752_0/master"
        }
      }
    }, {
      "inputUserId" : "QSA",
      "lastUpdateUserId" : "QSA",
      "computerId" : "GLSVR171217",
      "lastSynchronizedDate" : null,
      "addressNumber" : "1753",
      "sequence" : 0,
      "name" : "Ibu Nurjanah",
      "mailingName" : "Ibu Nurjanah",
      "description" : "",
      "firstName" : "",
      "middleName" : "",
      "lastName" : "",
      "nickname" : "",
      "salutation" : "",
      "gender" : "",
      "type" : "C",
      "religion" : "",
      "dateOfBirth" : null,
      "placeOfBirth" : "",
      "socialSecurityNumber" : "",
      "socialSecurityDate" : null,
      "mediaObjectReference" : "",
      "lastUpdateDateTime" : "2017-12-17T00:00:00",
      "inputDateTime" : "2017-12-17T00:00:00",
      "_links" : {
        "self" : {
          "href" : "http://localhost/api/contacts/1753_0"
        },
        "contactPerson" : {
          "href" : "http://localhost/api/contacts/1753_0"
        },
        "master" : {
          "href" : "http://localhost/api/contacts/1753_0/master"
        }
      }
    }, {
      "inputUserId" : "QSA",
      "lastUpdateUserId" : "QSA",
      "computerId" : "GLSVR171217",
      "lastSynchronizedDate" : null,
      "addressNumber" : "1754",
      "sequence" : 0,
      "name" : "Ibu Titik",
      "mailingName" : "Ibu Titik",
      "description" : "",
      "firstName" : "",
      "middleName" : "",
      "lastName" : "",
      "nickname" : "",
      "salutation" : "",
      "gender" : "",
      "type" : "C",
      "religion" : "",
      "dateOfBirth" : null,
      "placeOfBirth" : "",
      "socialSecurityNumber" : "",
      "socialSecurityDate" : null,
      "mediaObjectReference" : "",
      "lastUpdateDateTime" : "2017-12-17T00:00:00",
      "inputDateTime" : "2017-12-17T00:00:00",
      "_links" : {
        "self" : {
          "href" : "http://localhost/api/contacts/1754_0"
        },
        "contactPerson" : {
          "href" : "http://localhost/api/contacts/1754_0"
        },
        "master" : {
          "href" : "http://localhost/api/contacts/1754_0/master"
        }
      }
    }, {
      "inputUserId" : "QSA",
      "lastUpdateUserId" : "QSA",
      "computerId" : "GLSVR171217",
      "lastSynchronizedDate" : null,
      "addressNumber" : "1755",
      "sequence" : 0,
      "name" : "Ibu Yuri",
      "mailingName" : "Ibu Yuri",
      "description" : "",
      "firstName" : "",
      "middleName" : "",
      "lastName" : "",
      "nickname" : "",
      "salutation" : "",
      "gender" : "",
      "type" : "C",
      "religion" : "",
      "dateOfBirth" : null,
      "placeOfBirth" : "",
      "socialSecurityNumber" : "",
      "socialSecurityDate" : null,
      "mediaObjectReference" : "",
      "lastUpdateDateTime" : "2017-12-17T00:00:00",
      "inputDateTime" : "2017-12-17T00:00:00",
      "_links" : {
        "self" : {
          "href" : "http://localhost/api/contacts/1755_0"
        },
        "contactPerson" : {
          "href" : "http://localhost/api/contacts/1755_0"
        },
        "master" : {
          "href" : "http://localhost/api/contacts/1755_0/master"
        }
      }
    }, {
      "inputUserId" : "QSA",
      "lastUpdateUserId" : "QSA",
      "computerId" : "GLSVR171217",
      "lastSynchronizedDate" : null,
      "addressNumber" : "1756",
      "sequence" : 0,
      "name" : "Ibu Zumaroh",
      "mailingName" : "Ibu Zumaroh",
      "description" : "",
      "firstName" : "",
      "middleName" : "",
      "lastName" : "",
      "nickname" : "",
      "salutation" : "",
      "gender" : "",
      "type" : "C",
      "religion" : "",
      "dateOfBirth" : null,
      "placeOfBirth" : "",
      "socialSecurityNumber" : "",
      "socialSecurityDate" : null,
      "mediaObjectReference" : "",
      "lastUpdateDateTime" : "2017-12-17T00:00:00",
      "inputDateTime" : "2017-12-17T00:00:00",
      "_links" : {
        "self" : {
          "href" : "http://localhost/api/contacts/1756_0"
        },
        "contactPerson" : {
          "href" : "http://localhost/api/contacts/1756_0"
        },
        "master" : {
          "href" : "http://localhost/api/contacts/1756_0/master"
        }
      }
    }, {
      "inputUserId" : "QSA",
      "lastUpdateUserId" : "QSA",
      "computerId" : "GLSVR171217",
      "lastSynchronizedDate" : null,
      "addressNumber" : "1757",
      "sequence" : 0,
      "name" : "Ibu.Citra",
      "mailingName" : "Ibu.Citra",
      "description" : "",
      "firstName" : "",
      "middleName" : "",
      "lastName" : "",
      "nickname" : "",
      "salutation" : "",
      "gender" : "",
      "type" : "C",
      "religion" : "",
      "dateOfBirth" : null,
      "placeOfBirth" : "",
      "socialSecurityNumber" : "",
      "socialSecurityDate" : null,
      "mediaObjectReference" : "",
      "lastUpdateDateTime" : "2017-12-17T00:00:00",
      "inputDateTime" : "2017-12-17T00:00:00",
      "_links" : {
        "self" : {
          "href" : "http://localhost/api/contacts/1757_0"
        },
        "contactPerson" : {
          "href" : "http://localhost/api/contacts/1757_0"
        },
        "master" : {
          "href" : "http://localhost/api/contacts/1757_0/master"
        }
      }
    }, {
      "inputUserId" : "QSA",
      "lastUpdateUserId" : "QSA",
      "computerId" : "GLSVR171217",
      "lastSynchronizedDate" : null,
      "addressNumber" : "1758",
      "sequence" : 0,
      "name" : "Ibu.Riani",
      "mailingName" : "Ibu.Riani",
      "description" : "",
      "firstName" : "",
      "middleName" : "",
      "lastName" : "",
      "nickname" : "",
      "salutation" : "",
      "gender" : "",
      "type" : "C",
      "religion" : "",
      "dateOfBirth" : null,
      "placeOfBirth" : "",
      "socialSecurityNumber" : "",
      "socialSecurityDate" : null,
      "mediaObjectReference" : "",
      "lastUpdateDateTime" : "2017-12-17T00:00:00",
      "inputDateTime" : "2017-12-17T00:00:00",
      "_links" : {
        "self" : {
          "href" : "http://localhost/api/contacts/1758_0"
        },
        "contactPerson" : {
          "href" : "http://localhost/api/contacts/1758_0"
        },
        "master" : {
          "href" : "http://localhost/api/contacts/1758_0/master"
        }
      }
    }, {
      "inputUserId" : "QSA",
      "lastUpdateUserId" : "QSA",
      "computerId" : "GLSVR171217",
      "lastSynchronizedDate" : null,
      "addressNumber" : "1759",
      "sequence" : 0,
      "name" : "Ibu.Siti",
      "mailingName" : "Ibu.Siti",
      "description" : "",
      "firstName" : "",
      "middleName" : "",
      "lastName" : "",
      "nickname" : "",
      "salutation" : "",
      "gender" : "",
      "type" : "C",
      "religion" : "",
      "dateOfBirth" : null,
      "placeOfBirth" : "",
      "socialSecurityNumber" : "",
      "socialSecurityDate" : null,
      "mediaObjectReference" : "",
      "lastUpdateDateTime" : "2017-12-17T00:00:00",
      "inputDateTime" : "2017-12-17T00:00:00",
      "_links" : {
        "self" : {
          "href" : "http://localhost/api/contacts/1759_0"
        },
        "contactPerson" : {
          "href" : "http://localhost/api/contacts/1759_0"
        },
        "master" : {
          "href" : "http://localhost/api/contacts/1759_0/master"
        }
      }
    }, {
      "inputUserId" : "QSA",
      "lastUpdateUserId" : "QSA",
      "computerId" : "GLSVR171217",
      "lastSynchronizedDate" : null,
      "addressNumber" : "1760",
      "sequence" : 0,
      "name" : "ICBC",
      "mailingName" : "ICBC",
      "description" : "",
      "firstName" : "",
      "middleName" : "",
      "lastName" : "",
      "nickname" : "",
      "salutation" : "",
      "gender" : "",
      "type" : "C",
      "religion" : "",
      "dateOfBirth" : null,
      "placeOfBirth" : "",
      "socialSecurityNumber" : "",
      "socialSecurityDate" : null,
      "mediaObjectReference" : "",
      "lastUpdateDateTime" : "2017-12-17T00:00:00",
      "inputDateTime" : "2017-12-17T00:00:00",
      "_links" : {
        "self" : {
          "href" : "http://localhost/api/contacts/1760_0"
        },
        "contactPerson" : {
          "href" : "http://localhost/api/contacts/1760_0"
        },
        "master" : {
          "href" : "http://localhost/api/contacts/1760_0/master"
        }
      }
    }, {
      "inputUserId" : "QSA",
      "lastUpdateUserId" : "QSA",
      "computerId" : "GLSVR171217",
      "lastSynchronizedDate" : null,
      "addressNumber" : "1761",
      "sequence" : 0,
      "name" : "Iden",
      "mailingName" : "Iden",
      "description" : "",
      "firstName" : "",
      "middleName" : "",
      "lastName" : "",
      "nickname" : "",
      "salutation" : "",
      "gender" : "",
      "type" : "C",
      "religion" : "",
      "dateOfBirth" : null,
      "placeOfBirth" : "",
      "socialSecurityNumber" : "",
      "socialSecurityDate" : null,
      "mediaObjectReference" : "",
      "lastUpdateDateTime" : "2017-12-17T00:00:00",
      "inputDateTime" : "2017-12-17T00:00:00",
      "_links" : {
        "self" : {
          "href" : "http://localhost/api/contacts/1761_0"
        },
        "contactPerson" : {
          "href" : "http://localhost/api/contacts/1761_0"
        },
        "master" : {
          "href" : "http://localhost/api/contacts/1761_0/master"
        }
      }
    }, {
      "inputUserId" : "QSA",
      "lastUpdateUserId" : "QSA",
      "computerId" : "GLSVR171217",
      "lastSynchronizedDate" : null,
      "addressNumber" : "1762",
      "sequence" : 0,
      "name" : "Idrus",
      "mailingName" : "Idrus",
      "description" : "",
      "firstName" : "",
      "middleName" : "",
      "lastName" : "",
      "nickname" : "",
      "salutation" : "",
      "gender" : "",
      "type" : "C",
      "religion" : "",
      "dateOfBirth" : null,
      "placeOfBirth" : "",
      "socialSecurityNumber" : "",
      "socialSecurityDate" : null,
      "mediaObjectReference" : "",
      "lastUpdateDateTime" : "2017-12-17T00:00:00",
      "inputDateTime" : "2017-12-17T00:00:00",
      "_links" : {
        "self" : {
          "href" : "http://localhost/api/contacts/1762_0"
        },
        "contactPerson" : {
          "href" : "http://localhost/api/contacts/1762_0"
        },
        "master" : {
          "href" : "http://localhost/api/contacts/1762_0/master"
        }
      }
    }, {
      "inputUserId" : "QSA",
      "lastUpdateUserId" : "QSA",
      "computerId" : "GLSVR171217",
      "lastSynchronizedDate" : null,
      "addressNumber" : "1763",
      "sequence" : 0,
      "name" : "Ifa",
      "mailingName" : "Ifa",
      "description" : "",
      "firstName" : "",
      "middleName" : "",
      "lastName" : "",
      "nickname" : "",
      "salutation" : "",
      "gender" : "",
      "type" : "C",
      "religion" : "",
      "dateOfBirth" : null,
      "placeOfBirth" : "",
      "socialSecurityNumber" : "",
      "socialSecurityDate" : null,
      "mediaObjectReference" : "",
      "lastUpdateDateTime" : "2017-12-17T00:00:00",
      "inputDateTime" : "2017-12-17T00:00:00",
      "_links" : {
        "self" : {
          "href" : "http://localhost/api/contacts/1763_0"
        },
        "contactPerson" : {
          "href" : "http://localhost/api/contacts/1763_0"
        },
        "master" : {
          "href" : "http://localhost/api/contacts/1763_0/master"
        }
      }
    }, {
      "inputUserId" : "QSA",
      "lastUpdateUserId" : "QSA",
      "computerId" : "GLSVR171217",
      "lastSynchronizedDate" : null,
      "addressNumber" : "1764",
      "sequence" : 0,
      "name" : "Ifa Farida",
      "mailingName" : "Ifa Farida",
      "description" : "",
      "firstName" : "",
      "middleName" : "",
      "lastName" : "",
      "nickname" : "",
      "salutation" : "",
      "gender" : "",
      "type" : "C",
      "religion" : "",
      "dateOfBirth" : null,
      "placeOfBirth" : "",
      "socialSecurityNumber" : "",
      "socialSecurityDate" : null,
      "mediaObjectReference" : "",
      "lastUpdateDateTime" : "2017-12-17T00:00:00",
      "inputDateTime" : "2017-12-17T00:00:00",
      "_links" : {
        "self" : {
          "href" : "http://localhost/api/contacts/1764_0"
        },
        "contactPerson" : {
          "href" : "http://localhost/api/contacts/1764_0"
        },
        "master" : {
          "href" : "http://localhost/api/contacts/1764_0/master"
        }
      }
    }, {
      "inputUserId" : "QSA",
      "lastUpdateUserId" : "QSA",
      "computerId" : "GLSVR171217",
      "lastSynchronizedDate" : null,
      "addressNumber" : "1765",
      "sequence" : 0,
      "name" : "Ifan",
      "mailingName" : "Ifan",
      "description" : "",
      "firstName" : "",
      "middleName" : "",
      "lastName" : "",
      "nickname" : "",
      "salutation" : "",
      "gender" : "",
      "type" : "C",
      "religion" : "",
      "dateOfBirth" : null,
      "placeOfBirth" : "",
      "socialSecurityNumber" : "",
      "socialSecurityDate" : null,
      "mediaObjectReference" : "",
      "lastUpdateDateTime" : "2017-12-17T00:00:00",
      "inputDateTime" : "2017-12-17T00:00:00",
      "_links" : {
        "self" : {
          "href" : "http://localhost/api/contacts/1765_0"
        },
        "contactPerson" : {
          "href" : "http://localhost/api/contacts/1765_0"
        },
        "master" : {
          "href" : "http://localhost/api/contacts/1765_0/master"
        }
      }
    }, {
      "inputUserId" : "QSA",
      "lastUpdateUserId" : "QSA",
      "computerId" : "GLSVR171217",
      "lastSynchronizedDate" : null,
      "addressNumber" : "1766",
      "sequence" : 0,
      "name" : "Ijen Computer",
      "mailingName" : "Ijen Computer",
      "description" : "",
      "firstName" : "",
      "middleName" : "",
      "lastName" : "",
      "nickname" : "",
      "salutation" : "",
      "gender" : "",
      "type" : "C",
      "religion" : "",
      "dateOfBirth" : null,
      "placeOfBirth" : "",
      "socialSecurityNumber" : "",
      "socialSecurityDate" : null,
      "mediaObjectReference" : "",
      "lastUpdateDateTime" : "2017-12-17T00:00:00",
      "inputDateTime" : "2017-12-17T00:00:00",
      "_links" : {
        "self" : {
          "href" : "http://localhost/api/contacts/1766_0"
        },
        "contactPerson" : {
          "href" : "http://localhost/api/contacts/1766_0"
        },
        "master" : {
          "href" : "http://localhost/api/contacts/1766_0/master"
        }
      }
    }, {
      "inputUserId" : "QSA",
      "lastUpdateUserId" : "QSA",
      "computerId" : "GLSVR171217",
      "lastSynchronizedDate" : null,
      "addressNumber" : "1767",
      "sequence" : 0,
      "name" : "Ika",
      "mailingName" : "Ika",
      "description" : "",
      "firstName" : "",
      "middleName" : "",
      "lastName" : "",
      "nickname" : "",
      "salutation" : "",
      "gender" : "",
      "type" : "C",
      "religion" : "",
      "dateOfBirth" : null,
      "placeOfBirth" : "",
      "socialSecurityNumber" : "",
      "socialSecurityDate" : null,
      "mediaObjectReference" : "",
      "lastUpdateDateTime" : "2017-12-17T00:00:00",
      "inputDateTime" : "2017-12-17T00:00:00",
      "_links" : {
        "self" : {
          "href" : "http://localhost/api/contacts/1767_0"
        },
        "contactPerson" : {
          "href" : "http://localhost/api/contacts/1767_0"
        },
        "master" : {
          "href" : "http://localhost/api/contacts/1767_0/master"
        }
      }
    }, {
      "inputUserId" : "QSA",
      "lastUpdateUserId" : "QSA",
      "computerId" : "GLSVR171217",
      "lastSynchronizedDate" : null,
      "addressNumber" : "1768",
      "sequence" : 0,
      "name" : "Ikana",
      "mailingName" : "Ikana",
      "description" : "",
      "firstName" : "",
      "middleName" : "",
      "lastName" : "",
      "nickname" : "",
      "salutation" : "",
      "gender" : "",
      "type" : "C",
      "religion" : "",
      "dateOfBirth" : null,
      "placeOfBirth" : "",
      "socialSecurityNumber" : "",
      "socialSecurityDate" : null,
      "mediaObjectReference" : "",
      "lastUpdateDateTime" : "2017-12-17T00:00:00",
      "inputDateTime" : "2017-12-17T00:00:00",
      "_links" : {
        "self" : {
          "href" : "http://localhost/api/contacts/1768_0"
        },
        "contactPerson" : {
          "href" : "http://localhost/api/contacts/1768_0"
        },
        "master" : {
          "href" : "http://localhost/api/contacts/1768_0/master"
        }
      }
    }, {
      "inputUserId" : "QSA",
      "lastUpdateUserId" : "QSA",
      "computerId" : "GLSVR171217",
      "lastSynchronizedDate" : null,
      "addressNumber" : "1769",
      "sequence" : 0,
      "name" : "Ikhsan",
      "mailingName" : "Ikhsan",
      "description" : "",
      "firstName" : "",
      "middleName" : "",
      "lastName" : "",
      "nickname" : "",
      "salutation" : "",
      "gender" : "",
      "type" : "C",
      "religion" : "",
      "dateOfBirth" : null,
      "placeOfBirth" : "",
      "socialSecurityNumber" : "",
      "socialSecurityDate" : null,
      "mediaObjectReference" : "",
      "lastUpdateDateTime" : "2017-12-17T00:00:00",
      "inputDateTime" : "2017-12-17T00:00:00",
      "_links" : {
        "self" : {
          "href" : "http://localhost/api/contacts/1769_0"
        },
        "contactPerson" : {
          "href" : "http://localhost/api/contacts/1769_0"
        },
        "master" : {
          "href" : "http://localhost/api/contacts/1769_0/master"
        }
      }
    }, {
      "inputUserId" : "QSA",
      "lastUpdateUserId" : "QSA",
      "computerId" : "GLSVR171217",
      "lastSynchronizedDate" : null,
      "addressNumber" : "1770",
      "sequence" : 0,
      "name" : "IKM",
      "mailingName" : "IKM",
      "description" : "",
      "firstName" : "",
      "middleName" : "",
      "lastName" : "",
      "nickname" : "",
      "salutation" : "",
      "gender" : "",
      "type" : "C",
      "religion" : "",
      "dateOfBirth" : null,
      "placeOfBirth" : "",
      "socialSecurityNumber" : "",
      "socialSecurityDate" : null,
      "mediaObjectReference" : "",
      "lastUpdateDateTime" : "2017-12-17T00:00:00",
      "inputDateTime" : "2017-12-17T00:00:00",
      "_links" : {
        "self" : {
          "href" : "http://localhost/api/contacts/1770_0"
        },
        "contactPerson" : {
          "href" : "http://localhost/api/contacts/1770_0"
        },
        "master" : {
          "href" : "http://localhost/api/contacts/1770_0/master"
        }
      }
    }, {
      "inputUserId" : "QSA",
      "lastUpdateUserId" : "QSA",
      "computerId" : "GLSVR171217",
      "lastSynchronizedDate" : null,
      "addressNumber" : "1771",
      "sequence" : 0,
      "name" : "Ilal",
      "mailingName" : "Ilal",
      "description" : "",
      "firstName" : "",
      "middleName" : "",
      "lastName" : "",
      "nickname" : "",
      "salutation" : "",
      "gender" : "",
      "type" : "C",
      "religion" : "",
      "dateOfBirth" : null,
      "placeOfBirth" : "",
      "socialSecurityNumber" : "",
      "socialSecurityDate" : null,
      "mediaObjectReference" : "",
      "lastUpdateDateTime" : "2017-12-17T00:00:00",
      "inputDateTime" : "2017-12-17T00:00:00",
      "_links" : {
        "self" : {
          "href" : "http://localhost/api/contacts/1771_0"
        },
        "contactPerson" : {
          "href" : "http://localhost/api/contacts/1771_0"
        },
        "master" : {
          "href" : "http://localhost/api/contacts/1771_0/master"
        }
      }
    }, {
      "inputUserId" : "QSA",
      "lastUpdateUserId" : "QSA",
      "computerId" : "GLSVR171217",
      "lastSynchronizedDate" : null,
      "addressNumber" : "1772",
      "sequence" : 0,
      "name" : "Ilham",
      "mailingName" : "Ilham",
      "description" : "",
      "firstName" : "",
      "middleName" : "",
      "lastName" : "",
      "nickname" : "",
      "salutation" : "",
      "gender" : "",
      "type" : "C",
      "religion" : "",
      "dateOfBirth" : null,
      "placeOfBirth" : "",
      "socialSecurityNumber" : "",
      "socialSecurityDate" : null,
      "mediaObjectReference" : "",
      "lastUpdateDateTime" : "2017-12-17T00:00:00",
      "inputDateTime" : "2017-12-17T00:00:00",
      "_links" : {
        "self" : {
          "href" : "http://localhost/api/contacts/1772_0"
        },
        "contactPerson" : {
          "href" : "http://localhost/api/contacts/1772_0"
        },
        "master" : {
          "href" : "http://localhost/api/contacts/1772_0/master"
        }
      }
    }, {
      "inputUserId" : "QSA",
      "lastUpdateUserId" : "QSA",
      "computerId" : "GLSVR171217",
      "lastSynchronizedDate" : null,
      "addressNumber" : "1773",
      "sequence" : 0,
      "name" : "Ima",
      "mailingName" : "Ima",
      "description" : "",
      "firstName" : "",
      "middleName" : "",
      "lastName" : "",
      "nickname" : "",
      "salutation" : "",
      "gender" : "",
      "type" : "C",
      "religion" : "",
      "dateOfBirth" : null,
      "placeOfBirth" : "",
      "socialSecurityNumber" : "",
      "socialSecurityDate" : null,
      "mediaObjectReference" : "",
      "lastUpdateDateTime" : "2017-12-17T00:00:00",
      "inputDateTime" : "2017-12-17T00:00:00",
      "_links" : {
        "self" : {
          "href" : "http://localhost/api/contacts/1773_0"
        },
        "contactPerson" : {
          "href" : "http://localhost/api/contacts/1773_0"
        },
        "master" : {
          "href" : "http://localhost/api/contacts/1773_0/master"
        }
      }
    }, {
      "inputUserId" : "QSA",
      "lastUpdateUserId" : "QSA",
      "computerId" : "GLSVR171217",
      "lastSynchronizedDate" : null,
      "addressNumber" : "1774",
      "sequence" : 0,
      "name" : "Imam",
      "mailingName" : "Imam",
      "description" : "",
      "firstName" : "",
      "middleName" : "",
      "lastName" : "",
      "nickname" : "",
      "salutation" : "",
      "gender" : "",
      "type" : "C",
      "religion" : "",
      "dateOfBirth" : null,
      "placeOfBirth" : "",
      "socialSecurityNumber" : "",
      "socialSecurityDate" : null,
      "mediaObjectReference" : "",
      "lastUpdateDateTime" : "2017-12-17T00:00:00",
      "inputDateTime" : "2017-12-17T00:00:00",
      "_links" : {
        "self" : {
          "href" : "http://localhost/api/contacts/1774_0"
        },
        "contactPerson" : {
          "href" : "http://localhost/api/contacts/1774_0"
        },
        "master" : {
          "href" : "http://localhost/api/contacts/1774_0/master"
        }
      }
    }, {
      "inputUserId" : "QSA",
      "lastUpdateUserId" : "QSA",
      "computerId" : "GLSVR171217",
      "lastSynchronizedDate" : null,
      "addressNumber" : "1775",
      "sequence" : 0,
      "name" : "Imam (Service center)",
      "mailingName" : "Imam (Service center)",
      "description" : "",
      "firstName" : "",
      "middleName" : "",
      "lastName" : "",
      "nickname" : "",
      "salutation" : "",
      "gender" : "",
      "type" : "C",
      "religion" : "",
      "dateOfBirth" : null,
      "placeOfBirth" : "",
      "socialSecurityNumber" : "",
      "socialSecurityDate" : null,
      "mediaObjectReference" : "",
      "lastUpdateDateTime" : "2017-12-17T00:00:00",
      "inputDateTime" : "2017-12-17T00:00:00",
      "_links" : {
        "self" : {
          "href" : "http://localhost/api/contacts/1775_0"
        },
        "contactPerson" : {
          "href" : "http://localhost/api/contacts/1775_0"
        },
        "master" : {
          "href" : "http://localhost/api/contacts/1775_0/master"
        }
      }
    }, {
      "inputUserId" : "QSA",
      "lastUpdateUserId" : "QSA",
      "computerId" : "GLSVR171217",
      "lastSynchronizedDate" : null,
      "addressNumber" : "1776",
      "sequence" : 0,
      "name" : "Imron",
      "mailingName" : "Imron",
      "description" : "",
      "firstName" : "",
      "middleName" : "",
      "lastName" : "",
      "nickname" : "",
      "salutation" : "",
      "gender" : "",
      "type" : "C",
      "religion" : "",
      "dateOfBirth" : null,
      "placeOfBirth" : "",
      "socialSecurityNumber" : "",
      "socialSecurityDate" : null,
      "mediaObjectReference" : "",
      "lastUpdateDateTime" : "2017-12-17T00:00:00",
      "inputDateTime" : "2017-12-17T00:00:00",
      "_links" : {
        "self" : {
          "href" : "http://localhost/api/contacts/1776_0"
        },
        "contactPerson" : {
          "href" : "http://localhost/api/contacts/1776_0"
        },
        "master" : {
          "href" : "http://localhost/api/contacts/1776_0/master"
        }
      }
    }, {
      "inputUserId" : "QSA",
      "lastUpdateUserId" : "QSA",
      "computerId" : "GLSVR171217",
      "lastSynchronizedDate" : null,
      "addressNumber" : "1777",
      "sequence" : 0,
      "name" : "Inc Clinic",
      "mailingName" : "Inc Clinic",
      "description" : "",
      "firstName" : "",
      "middleName" : "",
      "lastName" : "",
      "nickname" : "",
      "salutation" : "",
      "gender" : "",
      "type" : "C",
      "religion" : "",
      "dateOfBirth" : null,
      "placeOfBirth" : "",
      "socialSecurityNumber" : "",
      "socialSecurityDate" : null,
      "mediaObjectReference" : "",
      "lastUpdateDateTime" : "2017-12-17T00:00:00",
      "inputDateTime" : "2017-12-17T00:00:00",
      "_links" : {
        "self" : {
          "href" : "http://localhost/api/contacts/1777_0"
        },
        "contactPerson" : {
          "href" : "http://localhost/api/contacts/1777_0"
        },
        "master" : {
          "href" : "http://localhost/api/contacts/1777_0/master"
        }
      }
    }, {
      "inputUserId" : "QSA",
      "lastUpdateUserId" : "QSA",
      "computerId" : "GLSVR171217",
      "lastSynchronizedDate" : null,
      "addressNumber" : "1778",
      "sequence" : 0,
      "name" : "Indah Ayooklik",
      "mailingName" : "Indah Ayooklik",
      "description" : "",
      "firstName" : "",
      "middleName" : "",
      "lastName" : "",
      "nickname" : "",
      "salutation" : "",
      "gender" : "",
      "type" : "C",
      "religion" : "",
      "dateOfBirth" : null,
      "placeOfBirth" : "",
      "socialSecurityNumber" : "",
      "socialSecurityDate" : null,
      "mediaObjectReference" : "",
      "lastUpdateDateTime" : "2017-12-17T00:00:00",
      "inputDateTime" : "2017-12-17T00:00:00",
      "_links" : {
        "self" : {
          "href" : "http://localhost/api/contacts/1778_0"
        },
        "contactPerson" : {
          "href" : "http://localhost/api/contacts/1778_0"
        },
        "master" : {
          "href" : "http://localhost/api/contacts/1778_0/master"
        }
      }
    }, {
      "inputUserId" : "QSA",
      "lastUpdateUserId" : "QSA",
      "computerId" : "GLSVR171217",
      "lastSynchronizedDate" : null,
      "addressNumber" : "1779",
      "sequence" : 0,
      "name" : "Indah Photo",
      "mailingName" : "Indah Photo",
      "description" : "",
      "firstName" : "",
      "middleName" : "",
      "lastName" : "",
      "nickname" : "",
      "salutation" : "",
      "gender" : "",
      "type" : "C",
      "religion" : "",
      "dateOfBirth" : null,
      "placeOfBirth" : "",
      "socialSecurityNumber" : "",
      "socialSecurityDate" : null,
      "mediaObjectReference" : "",
      "lastUpdateDateTime" : "2017-12-17T00:00:00",
      "inputDateTime" : "2017-12-17T00:00:00",
      "_links" : {
        "self" : {
          "href" : "http://localhost/api/contacts/1779_0"
        },
        "contactPerson" : {
          "href" : "http://localhost/api/contacts/1779_0"
        },
        "master" : {
          "href" : "http://localhost/api/contacts/1779_0/master"
        }
      }
    }, {
      "inputUserId" : "QSA",
      "lastUpdateUserId" : "QSA",
      "computerId" : "GLSVR171217",
      "lastSynchronizedDate" : null,
      "addressNumber" : "1780",
      "sequence" : 0,
      "name" : "Indarto",
      "mailingName" : "Indarto",
      "description" : "",
      "firstName" : "",
      "middleName" : "",
      "lastName" : "",
      "nickname" : "",
      "salutation" : "",
      "gender" : "",
      "type" : "C",
      "religion" : "",
      "dateOfBirth" : null,
      "placeOfBirth" : "",
      "socialSecurityNumber" : "",
      "socialSecurityDate" : null,
      "mediaObjectReference" : "",
      "lastUpdateDateTime" : "2017-12-17T00:00:00",
      "inputDateTime" : "2017-12-17T00:00:00",
      "_links" : {
        "self" : {
          "href" : "http://localhost/api/contacts/1780_0"
        },
        "contactPerson" : {
          "href" : "http://localhost/api/contacts/1780_0"
        },
        "master" : {
          "href" : "http://localhost/api/contacts/1780_0/master"
        }
      }
    }, {
      "inputUserId" : "QSA",
      "lastUpdateUserId" : "QSA",
      "computerId" : "GLSVR171217",
      "lastSynchronizedDate" : null,
      "addressNumber" : "1781",
      "sequence" : 0,
      "name" : "Indicom",
      "mailingName" : "Indicom",
      "description" : "",
      "firstName" : "",
      "middleName" : "",
      "lastName" : "",
      "nickname" : "",
      "salutation" : "",
      "gender" : "",
      "type" : "C",
      "religion" : "",
      "dateOfBirth" : null,
      "placeOfBirth" : "",
      "socialSecurityNumber" : "",
      "socialSecurityDate" : null,
      "mediaObjectReference" : "",
      "lastUpdateDateTime" : "2017-12-17T00:00:00",
      "inputDateTime" : "2017-12-17T00:00:00",
      "_links" : {
        "self" : {
          "href" : "http://localhost/api/contacts/1781_0"
        },
        "contactPerson" : {
          "href" : "http://localhost/api/contacts/1781_0"
        },
        "master" : {
          "href" : "http://localhost/api/contacts/1781_0/master"
        }
      }
    }, {
      "inputUserId" : "QSA",
      "lastUpdateUserId" : "QSA",
      "computerId" : "GLSVR171217",
      "lastSynchronizedDate" : null,
      "addressNumber" : "1782",
      "sequence" : 0,
      "name" : "Indo Accesories",
      "mailingName" : "Indo Accesories",
      "description" : "",
      "firstName" : "",
      "middleName" : "",
      "lastName" : "",
      "nickname" : "",
      "salutation" : "",
      "gender" : "",
      "type" : "C",
      "religion" : "",
      "dateOfBirth" : null,
      "placeOfBirth" : "",
      "socialSecurityNumber" : "",
      "socialSecurityDate" : null,
      "mediaObjectReference" : "",
      "lastUpdateDateTime" : "2017-12-17T00:00:00",
      "inputDateTime" : "2017-12-17T00:00:00",
      "_links" : {
        "self" : {
          "href" : "http://localhost/api/contacts/1782_0"
        },
        "contactPerson" : {
          "href" : "http://localhost/api/contacts/1782_0"
        },
        "master" : {
          "href" : "http://localhost/api/contacts/1782_0/master"
        }
      }
    }, {
      "inputUserId" : "QSA",
      "lastUpdateUserId" : "QSA",
      "computerId" : "GLSVR171217",
      "lastSynchronizedDate" : null,
      "addressNumber" : "1783",
      "sequence" : 0,
      "name" : "Indosarana Computer",
      "mailingName" : "Indosarana Computer",
      "description" : "",
      "firstName" : "",
      "middleName" : "",
      "lastName" : "",
      "nickname" : "",
      "salutation" : "",
      "gender" : "",
      "type" : "C",
      "religion" : "",
      "dateOfBirth" : null,
      "placeOfBirth" : "",
      "socialSecurityNumber" : "",
      "socialSecurityDate" : null,
      "mediaObjectReference" : "",
      "lastUpdateDateTime" : "2017-12-17T00:00:00",
      "inputDateTime" : "2017-12-17T00:00:00",
      "_links" : {
        "self" : {
          "href" : "http://localhost/api/contacts/1783_0"
        },
        "contactPerson" : {
          "href" : "http://localhost/api/contacts/1783_0"
        },
        "master" : {
          "href" : "http://localhost/api/contacts/1783_0/master"
        }
      }
    }, {
      "inputUserId" : "QSA",
      "lastUpdateUserId" : "QSA",
      "computerId" : "GLSVR171217",
      "lastSynchronizedDate" : null,
      "addressNumber" : "1784",
      "sequence" : 0,
      "name" : "Indotemika",
      "mailingName" : "Indotemika",
      "description" : "",
      "firstName" : "",
      "middleName" : "",
      "lastName" : "",
      "nickname" : "",
      "salutation" : "",
      "gender" : "",
      "type" : "C",
      "religion" : "",
      "dateOfBirth" : null,
      "placeOfBirth" : "",
      "socialSecurityNumber" : "",
      "socialSecurityDate" : null,
      "mediaObjectReference" : "",
      "lastUpdateDateTime" : "2017-12-17T00:00:00",
      "inputDateTime" : "2017-12-17T00:00:00",
      "_links" : {
        "self" : {
          "href" : "http://localhost/api/contacts/1784_0"
        },
        "contactPerson" : {
          "href" : "http://localhost/api/contacts/1784_0"
        },
        "master" : {
          "href" : "http://localhost/api/contacts/1784_0/master"
        }
      }
    }, {
      "inputUserId" : "QSA",
      "lastUpdateUserId" : "QSA",
      "computerId" : "GLSVR171217",
      "lastSynchronizedDate" : null,
      "addressNumber" : "1785",
      "sequence" : 0,
      "name" : "Indra ( Jogya)",
      "mailingName" : "Indra ( Jogya)",
      "description" : "",
      "firstName" : "",
      "middleName" : "",
      "lastName" : "",
      "nickname" : "",
      "salutation" : "",
      "gender" : "",
      "type" : "C",
      "religion" : "",
      "dateOfBirth" : null,
      "placeOfBirth" : "",
      "socialSecurityNumber" : "",
      "socialSecurityDate" : null,
      "mediaObjectReference" : "",
      "lastUpdateDateTime" : "2017-12-17T00:00:00",
      "inputDateTime" : "2017-12-17T00:00:00",
      "_links" : {
        "self" : {
          "href" : "http://localhost/api/contacts/1785_0"
        },
        "contactPerson" : {
          "href" : "http://localhost/api/contacts/1785_0"
        },
        "master" : {
          "href" : "http://localhost/api/contacts/1785_0/master"
        }
      }
    }, {
      "inputUserId" : "QSA",
      "lastUpdateUserId" : "QSA",
      "computerId" : "GLSVR171217",
      "lastSynchronizedDate" : null,
      "addressNumber" : "1786",
      "sequence" : 0,
      "name" : "Indra Brother",
      "mailingName" : "Indra Brother",
      "description" : "",
      "firstName" : "",
      "middleName" : "",
      "lastName" : "",
      "nickname" : "",
      "salutation" : "",
      "gender" : "",
      "type" : "C",
      "religion" : "",
      "dateOfBirth" : null,
      "placeOfBirth" : "",
      "socialSecurityNumber" : "",
      "socialSecurityDate" : null,
      "mediaObjectReference" : "",
      "lastUpdateDateTime" : "2017-12-17T00:00:00",
      "inputDateTime" : "2017-12-17T00:00:00",
      "_links" : {
        "self" : {
          "href" : "http://localhost/api/contacts/1786_0"
        },
        "contactPerson" : {
          "href" : "http://localhost/api/contacts/1786_0"
        },
        "master" : {
          "href" : "http://localhost/api/contacts/1786_0/master"
        }
      }
    }, {
      "inputUserId" : "QSA",
      "lastUpdateUserId" : "QSA",
      "computerId" : "GLSVR171217",
      "lastSynchronizedDate" : null,
      "addressNumber" : "1787",
      "sequence" : 0,
      "name" : "Info Data",
      "mailingName" : "Info Data",
      "description" : "",
      "firstName" : "",
      "middleName" : "",
      "lastName" : "",
      "nickname" : "",
      "salutation" : "",
      "gender" : "",
      "type" : "C",
      "religion" : "",
      "dateOfBirth" : null,
      "placeOfBirth" : "",
      "socialSecurityNumber" : "",
      "socialSecurityDate" : null,
      "mediaObjectReference" : "",
      "lastUpdateDateTime" : "2017-12-17T00:00:00",
      "inputDateTime" : "2017-12-17T00:00:00",
      "_links" : {
        "self" : {
          "href" : "http://localhost/api/contacts/1787_0"
        },
        "contactPerson" : {
          "href" : "http://localhost/api/contacts/1787_0"
        },
        "master" : {
          "href" : "http://localhost/api/contacts/1787_0/master"
        }
      }
    }, {
      "inputUserId" : "QSA",
      "lastUpdateUserId" : "QSA",
      "computerId" : "GLSVR171217",
      "lastSynchronizedDate" : null,
      "addressNumber" : "1788",
      "sequence" : 0,
      "name" : "Ink Island Bali",
      "mailingName" : "Ink Island Bali",
      "description" : "",
      "firstName" : "",
      "middleName" : "",
      "lastName" : "",
      "nickname" : "",
      "salutation" : "",
      "gender" : "",
      "type" : "C",
      "religion" : "",
      "dateOfBirth" : null,
      "placeOfBirth" : "",
      "socialSecurityNumber" : "",
      "socialSecurityDate" : null,
      "mediaObjectReference" : "",
      "lastUpdateDateTime" : "2017-12-17T00:00:00",
      "inputDateTime" : "2017-12-17T00:00:00",
      "_links" : {
        "self" : {
          "href" : "http://localhost/api/contacts/1788_0"
        },
        "contactPerson" : {
          "href" : "http://localhost/api/contacts/1788_0"
        },
        "master" : {
          "href" : "http://localhost/api/contacts/1788_0/master"
        }
      }
    }, {
      "inputUserId" : "QSA",
      "lastUpdateUserId" : "QSA",
      "computerId" : "GLSVR171217",
      "lastSynchronizedDate" : null,
      "addressNumber" : "1789",
      "sequence" : 0,
      "name" : "Ink Island Bekasi",
      "mailingName" : "Ink Island Bekasi",
      "description" : "",
      "firstName" : "",
      "middleName" : "",
      "lastName" : "",
      "nickname" : "",
      "salutation" : "",
      "gender" : "",
      "type" : "C",
      "religion" : "",
      "dateOfBirth" : null,
      "placeOfBirth" : "",
      "socialSecurityNumber" : "",
      "socialSecurityDate" : null,
      "mediaObjectReference" : "",
      "lastUpdateDateTime" : "2017-12-17T00:00:00",
      "inputDateTime" : "2017-12-17T00:00:00",
      "_links" : {
        "self" : {
          "href" : "http://localhost/api/contacts/1789_0"
        },
        "contactPerson" : {
          "href" : "http://localhost/api/contacts/1789_0"
        },
        "master" : {
          "href" : "http://localhost/api/contacts/1789_0/master"
        }
      }
    }, {
      "inputUserId" : "QSA",
      "lastUpdateUserId" : "QSA",
      "computerId" : "GLSVR171217",
      "lastSynchronizedDate" : null,
      "addressNumber" : "1790",
      "sequence" : 0,
      "name" : "Inocom",
      "mailingName" : "Inocom",
      "description" : "",
      "firstName" : "",
      "middleName" : "",
      "lastName" : "",
      "nickname" : "",
      "salutation" : "",
      "gender" : "",
      "type" : "C",
      "religion" : "",
      "dateOfBirth" : null,
      "placeOfBirth" : "",
      "socialSecurityNumber" : "",
      "socialSecurityDate" : null,
      "mediaObjectReference" : "",
      "lastUpdateDateTime" : "2017-12-17T00:00:00",
      "inputDateTime" : "2017-12-17T00:00:00",
      "_links" : {
        "self" : {
          "href" : "http://localhost/api/contacts/1790_0"
        },
        "contactPerson" : {
          "href" : "http://localhost/api/contacts/1790_0"
        },
        "master" : {
          "href" : "http://localhost/api/contacts/1790_0/master"
        }
      }
    }, {
      "inputUserId" : "QSA",
      "lastUpdateUserId" : "QSA",
      "computerId" : "GLSVR171217",
      "lastSynchronizedDate" : null,
      "addressNumber" : "1791",
      "sequence" : 0,
      "name" : "Inora",
      "mailingName" : "Inora",
      "description" : "",
      "firstName" : "",
      "middleName" : "",
      "lastName" : "",
      "nickname" : "",
      "salutation" : "",
      "gender" : "",
      "type" : "C",
      "religion" : "",
      "dateOfBirth" : null,
      "placeOfBirth" : "",
      "socialSecurityNumber" : "",
      "socialSecurityDate" : null,
      "mediaObjectReference" : "",
      "lastUpdateDateTime" : "2017-12-17T00:00:00",
      "inputDateTime" : "2017-12-17T00:00:00",
      "_links" : {
        "self" : {
          "href" : "http://localhost/api/contacts/1791_0"
        },
        "contactPerson" : {
          "href" : "http://localhost/api/contacts/1791_0"
        },
        "master" : {
          "href" : "http://localhost/api/contacts/1791_0/master"
        }
      }
    }, {
      "inputUserId" : "QSA",
      "lastUpdateUserId" : "QSA",
      "computerId" : "GLSVR171217",
      "lastSynchronizedDate" : null,
      "addressNumber" : "1792",
      "sequence" : 0,
      "name" : "Intan Computer",
      "mailingName" : "Intan Computer",
      "description" : "",
      "firstName" : "",
      "middleName" : "",
      "lastName" : "",
      "nickname" : "",
      "salutation" : "",
      "gender" : "",
      "type" : "C",
      "religion" : "",
      "dateOfBirth" : null,
      "placeOfBirth" : "",
      "socialSecurityNumber" : "",
      "socialSecurityDate" : null,
      "mediaObjectReference" : "",
      "lastUpdateDateTime" : "2017-12-17T00:00:00",
      "inputDateTime" : "2017-12-17T00:00:00",
      "_links" : {
        "self" : {
          "href" : "http://localhost/api/contacts/1792_0"
        },
        "contactPerson" : {
          "href" : "http://localhost/api/contacts/1792_0"
        },
        "master" : {
          "href" : "http://localhost/api/contacts/1792_0/master"
        }
      }
    }, {
      "inputUserId" : "QSA",
      "lastUpdateUserId" : "QSA",
      "computerId" : "GLSVR171217",
      "lastSynchronizedDate" : null,
      "addressNumber" : "1793",
      "sequence" : 0,
      "name" : "Intermedia Computer",
      "mailingName" : "Intermedia Computer",
      "description" : "",
      "firstName" : "",
      "middleName" : "",
      "lastName" : "",
      "nickname" : "",
      "salutation" : "",
      "gender" : "",
      "type" : "C",
      "religion" : "",
      "dateOfBirth" : null,
      "placeOfBirth" : "",
      "socialSecurityNumber" : "",
      "socialSecurityDate" : null,
      "mediaObjectReference" : "",
      "lastUpdateDateTime" : "2017-12-17T00:00:00",
      "inputDateTime" : "2017-12-17T00:00:00",
      "_links" : {
        "self" : {
          "href" : "http://localhost/api/contacts/1793_0"
        },
        "contactPerson" : {
          "href" : "http://localhost/api/contacts/1793_0"
        },
        "master" : {
          "href" : "http://localhost/api/contacts/1793_0/master"
        }
      }
    }, {
      "inputUserId" : "QSA",
      "lastUpdateUserId" : "QSA",
      "computerId" : "GLSVR171217",
      "lastSynchronizedDate" : null,
      "addressNumber" : "1794",
      "sequence" : 0,
      "name" : "Inul",
      "mailingName" : "Inul",
      "description" : "",
      "firstName" : "",
      "middleName" : "",
      "lastName" : "",
      "nickname" : "",
      "salutation" : "",
      "gender" : "",
      "type" : "C",
      "religion" : "",
      "dateOfBirth" : null,
      "placeOfBirth" : "",
      "socialSecurityNumber" : "",
      "socialSecurityDate" : null,
      "mediaObjectReference" : "",
      "lastUpdateDateTime" : "2017-12-17T00:00:00",
      "inputDateTime" : "2017-12-17T00:00:00",
      "_links" : {
        "self" : {
          "href" : "http://localhost/api/contacts/1794_0"
        },
        "contactPerson" : {
          "href" : "http://localhost/api/contacts/1794_0"
        },
        "master" : {
          "href" : "http://localhost/api/contacts/1794_0/master"
        }
      }
    }, {
      "inputUserId" : "QSA",
      "lastUpdateUserId" : "QSA",
      "computerId" : "GLSVR171217",
      "lastSynchronizedDate" : null,
      "addressNumber" : "1795",
      "sequence" : 0,
      "name" : "Ipung",
      "mailingName" : "Ipung",
      "description" : "",
      "firstName" : "",
      "middleName" : "",
      "lastName" : "",
      "nickname" : "",
      "salutation" : "",
      "gender" : "",
      "type" : "C",
      "religion" : "",
      "dateOfBirth" : null,
      "placeOfBirth" : "",
      "socialSecurityNumber" : "",
      "socialSecurityDate" : null,
      "mediaObjectReference" : "",
      "lastUpdateDateTime" : "2017-12-17T00:00:00",
      "inputDateTime" : "2017-12-17T00:00:00",
      "_links" : {
        "self" : {
          "href" : "http://localhost/api/contacts/1795_0"
        },
        "contactPerson" : {
          "href" : "http://localhost/api/contacts/1795_0"
        },
        "master" : {
          "href" : "http://localhost/api/contacts/1795_0/master"
        }
      }
    }, {
      "inputUserId" : "QSA",
      "lastUpdateUserId" : "ANTHONI",
      "computerId" : "GLSVR171217",
      "lastSynchronizedDate" : null,
      "addressNumber" : "1796",
      "sequence" : 0,
      "name" : "IQ Tronic",
      "mailingName" : "IQ Tronic",
      "description" : "",
      "firstName" : "",
      "middleName" : "",
      "lastName" : "",
      "nickname" : "",
      "salutation" : "",
      "gender" : "",
      "type" : "C",
      "religion" : "",
      "dateOfBirth" : null,
      "placeOfBirth" : "",
      "socialSecurityNumber" : "",
      "socialSecurityDate" : null,
      "mediaObjectReference" : "",
      "lastUpdateDateTime" : "2018-02-12T10:35:57",
      "inputDateTime" : "2017-12-17T00:00:00",
      "_links" : {
        "self" : {
          "href" : "http://localhost/api/contacts/1796_0"
        },
        "contactPerson" : {
          "href" : "http://localhost/api/contacts/1796_0"
        },
        "master" : {
          "href" : "http://localhost/api/contacts/1796_0/master"
        }
      }
    }, {
      "inputUserId" : "QSA",
      "lastUpdateUserId" : "QSA",
      "computerId" : "GLSVR171217",
      "lastSynchronizedDate" : null,
      "addressNumber" : "1797",
      "sequence" : 0,
      "name" : "Iqbal Ronaldo",
      "mailingName" : "Iqbal Ronaldo",
      "description" : "",
      "firstName" : "",
      "middleName" : "",
      "lastName" : "",
      "nickname" : "",
      "salutation" : "",
      "gender" : "",
      "type" : "C",
      "religion" : "",
      "dateOfBirth" : null,
      "placeOfBirth" : "",
      "socialSecurityNumber" : "",
      "socialSecurityDate" : null,
      "mediaObjectReference" : "",
      "lastUpdateDateTime" : "2017-12-17T00:00:00",
      "inputDateTime" : "2017-12-17T00:00:00",
      "_links" : {
        "self" : {
          "href" : "http://localhost/api/contacts/1797_0"
        },
        "contactPerson" : {
          "href" : "http://localhost/api/contacts/1797_0"
        },
        "master" : {
          "href" : "http://localhost/api/contacts/1797_0/master"
        }
      }
    }, {
      "inputUserId" : "QSA",
      "lastUpdateUserId" : "QSA",
      "computerId" : "GLSVR171217",
      "lastSynchronizedDate" : null,
      "addressNumber" : "1798",
      "sequence" : 0,
      "name" : "Ira",
      "mailingName" : "Ira",
      "description" : "",
      "firstName" : "",
      "middleName" : "",
      "lastName" : "",
      "nickname" : "",
      "salutation" : "",
      "gender" : "",
      "type" : "C",
      "religion" : "",
      "dateOfBirth" : null,
      "placeOfBirth" : "",
      "socialSecurityNumber" : "",
      "socialSecurityDate" : null,
      "mediaObjectReference" : "",
      "lastUpdateDateTime" : "2017-12-17T00:00:00",
      "inputDateTime" : "2017-12-17T00:00:00",
      "_links" : {
        "self" : {
          "href" : "http://localhost/api/contacts/1798_0"
        },
        "contactPerson" : {
          "href" : "http://localhost/api/contacts/1798_0"
        },
        "master" : {
          "href" : "http://localhost/api/contacts/1798_0/master"
        }
      }
    }, {
      "inputUserId" : "QSA",
      "lastUpdateUserId" : "QSA",
      "computerId" : "GLSVR171217",
      "lastSynchronizedDate" : null,
      "addressNumber" : "1799",
      "sequence" : 0,
      "name" : "Irawan",
      "mailingName" : "Irawan",
      "description" : "",
      "firstName" : "",
      "middleName" : "",
      "lastName" : "",
      "nickname" : "",
      "salutation" : "",
      "gender" : "",
      "type" : "C",
      "religion" : "",
      "dateOfBirth" : null,
      "placeOfBirth" : "",
      "socialSecurityNumber" : "",
      "socialSecurityDate" : null,
      "mediaObjectReference" : "",
      "lastUpdateDateTime" : "2017-12-17T00:00:00",
      "inputDateTime" : "2017-12-17T00:00:00",
      "_links" : {
        "self" : {
          "href" : "http://localhost/api/contacts/1799_0"
        },
        "contactPerson" : {
          "href" : "http://localhost/api/contacts/1799_0"
        },
        "master" : {
          "href" : "http://localhost/api/contacts/1799_0/master"
        }
      }
    }, {
      "inputUserId" : "QSA",
      "lastUpdateUserId" : "QSA",
      "computerId" : "GLSVR171217",
      "lastSynchronizedDate" : null,
      "addressNumber" : "1800",
      "sequence" : 0,
      "name" : "Irfan",
      "mailingName" : "Irfan",
      "description" : "",
      "firstName" : "",
      "middleName" : "",
      "lastName" : "",
      "nickname" : "",
      "salutation" : "",
      "gender" : "",
      "type" : "C",
      "religion" : "",
      "dateOfBirth" : null,
      "placeOfBirth" : "",
      "socialSecurityNumber" : "",
      "socialSecurityDate" : null,
      "mediaObjectReference" : "",
      "lastUpdateDateTime" : "2017-12-17T00:00:00",
      "inputDateTime" : "2017-12-17T00:00:00",
      "_links" : {
        "self" : {
          "href" : "http://localhost/api/contacts/1800_0"
        },
        "contactPerson" : {
          "href" : "http://localhost/api/contacts/1800_0"
        },
        "master" : {
          "href" : "http://localhost/api/contacts/1800_0/master"
        }
      }
    }, {
      "inputUserId" : "QSA",
      "lastUpdateUserId" : "QSA",
      "computerId" : "GLSVR171217",
      "lastSynchronizedDate" : null,
      "addressNumber" : "1801",
      "sequence" : 0,
      "name" : "Irfan BMW",
      "mailingName" : "Irfan BMW",
      "description" : "",
      "firstName" : "",
      "middleName" : "",
      "lastName" : "",
      "nickname" : "",
      "salutation" : "",
      "gender" : "",
      "type" : "C",
      "religion" : "",
      "dateOfBirth" : null,
      "placeOfBirth" : "",
      "socialSecurityNumber" : "",
      "socialSecurityDate" : null,
      "mediaObjectReference" : "",
      "lastUpdateDateTime" : "2017-12-17T00:00:00",
      "inputDateTime" : "2017-12-17T00:00:00",
      "_links" : {
        "self" : {
          "href" : "http://localhost/api/contacts/1801_0"
        },
        "contactPerson" : {
          "href" : "http://localhost/api/contacts/1801_0"
        },
        "master" : {
          "href" : "http://localhost/api/contacts/1801_0/master"
        }
      }
    }, {
      "inputUserId" : "QSA",
      "lastUpdateUserId" : "QSA",
      "computerId" : "GLSVR171217",
      "lastSynchronizedDate" : null,
      "addressNumber" : "1802",
      "sequence" : 0,
      "name" : "Irham",
      "mailingName" : "Irham",
      "description" : "",
      "firstName" : "",
      "middleName" : "",
      "lastName" : "",
      "nickname" : "",
      "salutation" : "",
      "gender" : "",
      "type" : "C",
      "religion" : "",
      "dateOfBirth" : null,
      "placeOfBirth" : "",
      "socialSecurityNumber" : "",
      "socialSecurityDate" : null,
      "mediaObjectReference" : "",
      "lastUpdateDateTime" : "2017-12-17T00:00:00",
      "inputDateTime" : "2017-12-17T00:00:00",
      "_links" : {
        "self" : {
          "href" : "http://localhost/api/contacts/1802_0"
        },
        "contactPerson" : {
          "href" : "http://localhost/api/contacts/1802_0"
        },
        "master" : {
          "href" : "http://localhost/api/contacts/1802_0/master"
        }
      }
    }, {
      "inputUserId" : "QSA",
      "lastUpdateUserId" : "QSA",
      "computerId" : "GLSVR171217",
      "lastSynchronizedDate" : null,
      "addressNumber" : "1803",
      "sequence" : 0,
      "name" : "Irlambang",
      "mailingName" : "Irlambang",
      "description" : "",
      "firstName" : "",
      "middleName" : "",
      "lastName" : "",
      "nickname" : "",
      "salutation" : "",
      "gender" : "",
      "type" : "C",
      "religion" : "",
      "dateOfBirth" : null,
      "placeOfBirth" : "",
      "socialSecurityNumber" : "",
      "socialSecurityDate" : null,
      "mediaObjectReference" : "",
      "lastUpdateDateTime" : "2017-12-17T00:00:00",
      "inputDateTime" : "2017-12-17T00:00:00",
      "_links" : {
        "self" : {
          "href" : "http://localhost/api/contacts/1803_0"
        },
        "contactPerson" : {
          "href" : "http://localhost/api/contacts/1803_0"
        },
        "master" : {
          "href" : "http://localhost/api/contacts/1803_0/master"
        }
      }
    }, {
      "inputUserId" : "QSA",
      "lastUpdateUserId" : "QSA",
      "computerId" : "GLSVR171217",
      "lastSynchronizedDate" : null,
      "addressNumber" : "1804",
      "sequence" : 0,
      "name" : "Irpan",
      "mailingName" : "Irpan",
      "description" : "",
      "firstName" : "",
      "middleName" : "",
      "lastName" : "",
      "nickname" : "",
      "salutation" : "",
      "gender" : "",
      "type" : "C",
      "religion" : "",
      "dateOfBirth" : null,
      "placeOfBirth" : "",
      "socialSecurityNumber" : "",
      "socialSecurityDate" : null,
      "mediaObjectReference" : "",
      "lastUpdateDateTime" : "2017-12-17T00:00:00",
      "inputDateTime" : "2017-12-17T00:00:00",
      "_links" : {
        "self" : {
          "href" : "http://localhost/api/contacts/1804_0"
        },
        "contactPerson" : {
          "href" : "http://localhost/api/contacts/1804_0"
        },
        "master" : {
          "href" : "http://localhost/api/contacts/1804_0/master"
        }
      }
    }, {
      "inputUserId" : "QSA",
      "lastUpdateUserId" : "QSA",
      "computerId" : "GLSVR171217",
      "lastSynchronizedDate" : null,
      "addressNumber" : "1805",
      "sequence" : 0,
      "name" : "Irsan",
      "mailingName" : "Irsan",
      "description" : "",
      "firstName" : "",
      "middleName" : "",
      "lastName" : "",
      "nickname" : "",
      "salutation" : "",
      "gender" : "",
      "type" : "C",
      "religion" : "",
      "dateOfBirth" : null,
      "placeOfBirth" : "",
      "socialSecurityNumber" : "",
      "socialSecurityDate" : null,
      "mediaObjectReference" : "",
      "lastUpdateDateTime" : "2017-12-17T00:00:00",
      "inputDateTime" : "2017-12-17T00:00:00",
      "_links" : {
        "self" : {
          "href" : "http://localhost/api/contacts/1805_0"
        },
        "contactPerson" : {
          "href" : "http://localhost/api/contacts/1805_0"
        },
        "master" : {
          "href" : "http://localhost/api/contacts/1805_0/master"
        }
      }
    }, {
      "inputUserId" : "QSA",
      "lastUpdateUserId" : "QSA",
      "computerId" : "GLSVR171217",
      "lastSynchronizedDate" : null,
      "addressNumber" : "1806",
      "sequence" : 0,
      "name" : "Irul",
      "mailingName" : "Irul",
      "description" : "",
      "firstName" : "",
      "middleName" : "",
      "lastName" : "",
      "nickname" : "",
      "salutation" : "",
      "gender" : "",
      "type" : "C",
      "religion" : "",
      "dateOfBirth" : null,
      "placeOfBirth" : "",
      "socialSecurityNumber" : "",
      "socialSecurityDate" : null,
      "mediaObjectReference" : "",
      "lastUpdateDateTime" : "2017-12-17T00:00:00",
      "inputDateTime" : "2017-12-17T00:00:00",
      "_links" : {
        "self" : {
          "href" : "http://localhost/api/contacts/1806_0"
        },
        "contactPerson" : {
          "href" : "http://localhost/api/contacts/1806_0"
        },
        "master" : {
          "href" : "http://localhost/api/contacts/1806_0/master"
        }
      }
    }, {
      "inputUserId" : "QSA",
      "lastUpdateUserId" : "QSA",
      "computerId" : "GLSVR171217",
      "lastSynchronizedDate" : null,
      "addressNumber" : "1807",
      "sequence" : 0,
      "name" : "Irwan",
      "mailingName" : "Irwan",
      "description" : "",
      "firstName" : "",
      "middleName" : "",
      "lastName" : "",
      "nickname" : "",
      "salutation" : "",
      "gender" : "",
      "type" : "C",
      "religion" : "",
      "dateOfBirth" : null,
      "placeOfBirth" : "",
      "socialSecurityNumber" : "",
      "socialSecurityDate" : null,
      "mediaObjectReference" : "",
      "lastUpdateDateTime" : "2017-12-17T00:00:00",
      "inputDateTime" : "2017-12-17T00:00:00",
      "_links" : {
        "self" : {
          "href" : "http://localhost/api/contacts/1807_0"
        },
        "contactPerson" : {
          "href" : "http://localhost/api/contacts/1807_0"
        },
        "master" : {
          "href" : "http://localhost/api/contacts/1807_0/master"
        }
      }
    }, {
      "inputUserId" : "QSA",
      "lastUpdateUserId" : "QSA",
      "computerId" : "GLSVR171217",
      "lastSynchronizedDate" : null,
      "addressNumber" : "1808",
      "sequence" : 0,
      "name" : "ISC Computer",
      "mailingName" : "ISC Computer",
      "description" : "",
      "firstName" : "",
      "middleName" : "",
      "lastName" : "",
      "nickname" : "",
      "salutation" : "",
      "gender" : "",
      "type" : "C",
      "religion" : "",
      "dateOfBirth" : null,
      "placeOfBirth" : "",
      "socialSecurityNumber" : "",
      "socialSecurityDate" : null,
      "mediaObjectReference" : "",
      "lastUpdateDateTime" : "2017-12-17T00:00:00",
      "inputDateTime" : "2017-12-17T00:00:00",
      "_links" : {
        "self" : {
          "href" : "http://localhost/api/contacts/1808_0"
        },
        "contactPerson" : {
          "href" : "http://localhost/api/contacts/1808_0"
        },
        "master" : {
          "href" : "http://localhost/api/contacts/1808_0/master"
        }
      }
    }, {
      "inputUserId" : "QSA",
      "lastUpdateUserId" : "QSA",
      "computerId" : "GLSVR171217",
      "lastSynchronizedDate" : null,
      "addressNumber" : "1809",
      "sequence" : 0,
      "name" : "Iskandar",
      "mailingName" : "Iskandar",
      "description" : "",
      "firstName" : "",
      "middleName" : "",
      "lastName" : "",
      "nickname" : "",
      "salutation" : "",
      "gender" : "",
      "type" : "C",
      "religion" : "",
      "dateOfBirth" : null,
      "placeOfBirth" : "",
      "socialSecurityNumber" : "",
      "socialSecurityDate" : null,
      "mediaObjectReference" : "",
      "lastUpdateDateTime" : "2017-12-17T00:00:00",
      "inputDateTime" : "2017-12-17T00:00:00",
      "_links" : {
        "self" : {
          "href" : "http://localhost/api/contacts/1809_0"
        },
        "contactPerson" : {
          "href" : "http://localhost/api/contacts/1809_0"
        },
        "master" : {
          "href" : "http://localhost/api/contacts/1809_0/master"
        }
      }
    }, {
      "inputUserId" : "QSA",
      "lastUpdateUserId" : "QSA",
      "computerId" : "GLSVR171217",
      "lastSynchronizedDate" : null,
      "addressNumber" : "1810",
      "sequence" : 0,
      "name" : "Ismail",
      "mailingName" : "Ismail",
      "description" : "",
      "firstName" : "",
      "middleName" : "",
      "lastName" : "",
      "nickname" : "",
      "salutation" : "",
      "gender" : "",
      "type" : "C",
      "religion" : "",
      "dateOfBirth" : null,
      "placeOfBirth" : "",
      "socialSecurityNumber" : "",
      "socialSecurityDate" : null,
      "mediaObjectReference" : "",
      "lastUpdateDateTime" : "2017-12-17T00:00:00",
      "inputDateTime" : "2017-12-17T00:00:00",
      "_links" : {
        "self" : {
          "href" : "http://localhost/api/contacts/1810_0"
        },
        "contactPerson" : {
          "href" : "http://localhost/api/contacts/1810_0"
        },
        "master" : {
          "href" : "http://localhost/api/contacts/1810_0/master"
        }
      }
    }, {
      "inputUserId" : "QSA",
      "lastUpdateUserId" : "QSA",
      "computerId" : "GLSVR171217",
      "lastSynchronizedDate" : null,
      "addressNumber" : "1811",
      "sequence" : 0,
      "name" : "Istana Computer",
      "mailingName" : "Istana Computer",
      "description" : "",
      "firstName" : "",
      "middleName" : "",
      "lastName" : "",
      "nickname" : "",
      "salutation" : "",
      "gender" : "",
      "type" : "C",
      "religion" : "",
      "dateOfBirth" : null,
      "placeOfBirth" : "",
      "socialSecurityNumber" : "",
      "socialSecurityDate" : null,
      "mediaObjectReference" : "",
      "lastUpdateDateTime" : "2017-12-17T00:00:00",
      "inputDateTime" : "2017-12-17T00:00:00",
      "_links" : {
        "self" : {
          "href" : "http://localhost/api/contacts/1811_0"
        },
        "contactPerson" : {
          "href" : "http://localhost/api/contacts/1811_0"
        },
        "master" : {
          "href" : "http://localhost/api/contacts/1811_0/master"
        }
      }
    }, {
      "inputUserId" : "QSA",
      "lastUpdateUserId" : "QSA",
      "computerId" : "GLSVR171217",
      "lastSynchronizedDate" : null,
      "addressNumber" : "1812",
      "sequence" : 0,
      "name" : "IT Point",
      "mailingName" : "IT Point",
      "description" : "",
      "firstName" : "",
      "middleName" : "",
      "lastName" : "",
      "nickname" : "",
      "salutation" : "",
      "gender" : "",
      "type" : "C",
      "religion" : "",
      "dateOfBirth" : null,
      "placeOfBirth" : "",
      "socialSecurityNumber" : "",
      "socialSecurityDate" : null,
      "mediaObjectReference" : "",
      "lastUpdateDateTime" : "2017-12-17T00:00:00",
      "inputDateTime" : "2017-12-17T00:00:00",
      "_links" : {
        "self" : {
          "href" : "http://localhost/api/contacts/1812_0"
        },
        "contactPerson" : {
          "href" : "http://localhost/api/contacts/1812_0"
        },
        "master" : {
          "href" : "http://localhost/api/contacts/1812_0/master"
        }
      }
    }, {
      "inputUserId" : "QSA",
      "lastUpdateUserId" : "QSA",
      "computerId" : "GLSVR171217",
      "lastSynchronizedDate" : null,
      "addressNumber" : "1813",
      "sequence" : 0,
      "name" : "IT Smart",
      "mailingName" : "IT Smart",
      "description" : "",
      "firstName" : "",
      "middleName" : "",
      "lastName" : "",
      "nickname" : "",
      "salutation" : "",
      "gender" : "",
      "type" : "C",
      "religion" : "",
      "dateOfBirth" : null,
      "placeOfBirth" : "",
      "socialSecurityNumber" : "",
      "socialSecurityDate" : null,
      "mediaObjectReference" : "",
      "lastUpdateDateTime" : "2017-12-17T00:00:00",
      "inputDateTime" : "2017-12-17T00:00:00",
      "_links" : {
        "self" : {
          "href" : "http://localhost/api/contacts/1813_0"
        },
        "contactPerson" : {
          "href" : "http://localhost/api/contacts/1813_0"
        },
        "master" : {
          "href" : "http://localhost/api/contacts/1813_0/master"
        }
      }
    }, {
      "inputUserId" : "QSA",
      "lastUpdateUserId" : "QSA",
      "computerId" : "GLSVR171217",
      "lastSynchronizedDate" : null,
      "addressNumber" : "1814",
      "sequence" : 0,
      "name" : "IT Solution",
      "mailingName" : "IT Solution",
      "description" : "",
      "firstName" : "",
      "middleName" : "",
      "lastName" : "",
      "nickname" : "",
      "salutation" : "",
      "gender" : "",
      "type" : "C",
      "religion" : "",
      "dateOfBirth" : null,
      "placeOfBirth" : "",
      "socialSecurityNumber" : "",
      "socialSecurityDate" : null,
      "mediaObjectReference" : "",
      "lastUpdateDateTime" : "2017-12-17T00:00:00",
      "inputDateTime" : "2017-12-17T00:00:00",
      "_links" : {
        "self" : {
          "href" : "http://localhost/api/contacts/1814_0"
        },
        "contactPerson" : {
          "href" : "http://localhost/api/contacts/1814_0"
        },
        "master" : {
          "href" : "http://localhost/api/contacts/1814_0/master"
        }
      }
    }, {
      "inputUserId" : "QSA",
      "lastUpdateUserId" : "QSA",
      "computerId" : "GLSVR171217",
      "lastSynchronizedDate" : null,
      "addressNumber" : "1815",
      "sequence" : 0,
      "name" : "IT.Center",
      "mailingName" : "IT.Center",
      "description" : "",
      "firstName" : "",
      "middleName" : "",
      "lastName" : "",
      "nickname" : "",
      "salutation" : "",
      "gender" : "",
      "type" : "C",
      "religion" : "",
      "dateOfBirth" : null,
      "placeOfBirth" : "",
      "socialSecurityNumber" : "",
      "socialSecurityDate" : null,
      "mediaObjectReference" : "",
      "lastUpdateDateTime" : "2017-12-17T00:00:00",
      "inputDateTime" : "2017-12-17T00:00:00",
      "_links" : {
        "self" : {
          "href" : "http://localhost/api/contacts/1815_0"
        },
        "contactPerson" : {
          "href" : "http://localhost/api/contacts/1815_0"
        },
        "master" : {
          "href" : "http://localhost/api/contacts/1815_0/master"
        }
      }
    }, {
      "inputUserId" : "QSA",
      "lastUpdateUserId" : "QSA",
      "computerId" : "GLSVR171217",
      "lastSynchronizedDate" : null,
      "addressNumber" : "1816",
      "sequence" : 0,
      "name" : "ITJEL",
      "mailingName" : "ITJEL",
      "description" : "",
      "firstName" : "",
      "middleName" : "",
      "lastName" : "",
      "nickname" : "",
      "salutation" : "",
      "gender" : "",
      "type" : "C",
      "religion" : "",
      "dateOfBirth" : null,
      "placeOfBirth" : "",
      "socialSecurityNumber" : "",
      "socialSecurityDate" : null,
      "mediaObjectReference" : "",
      "lastUpdateDateTime" : "2017-12-17T00:00:00",
      "inputDateTime" : "2017-12-17T00:00:00",
      "_links" : {
        "self" : {
          "href" : "http://localhost/api/contacts/1816_0"
        },
        "contactPerson" : {
          "href" : "http://localhost/api/contacts/1816_0"
        },
        "master" : {
          "href" : "http://localhost/api/contacts/1816_0/master"
        }
      }
    }, {
      "inputUserId" : "QSA",
      "lastUpdateUserId" : "QSA",
      "computerId" : "GLSVR171217",
      "lastSynchronizedDate" : null,
      "addressNumber" : "1817",
      "sequence" : 0,
      "name" : "Iwan",
      "mailingName" : "Iwan",
      "description" : "",
      "firstName" : "",
      "middleName" : "",
      "lastName" : "",
      "nickname" : "",
      "salutation" : "",
      "gender" : "",
      "type" : "C",
      "religion" : "",
      "dateOfBirth" : null,
      "placeOfBirth" : "",
      "socialSecurityNumber" : "",
      "socialSecurityDate" : null,
      "mediaObjectReference" : "",
      "lastUpdateDateTime" : "2017-12-17T00:00:00",
      "inputDateTime" : "2017-12-17T00:00:00",
      "_links" : {
        "self" : {
          "href" : "http://localhost/api/contacts/1817_0"
        },
        "contactPerson" : {
          "href" : "http://localhost/api/contacts/1817_0"
        },
        "master" : {
          "href" : "http://localhost/api/contacts/1817_0/master"
        }
      }
    }, {
      "inputUserId" : "QSA",
      "lastUpdateUserId" : "QSA",
      "computerId" : "GLSVR171217",
      "lastSynchronizedDate" : null,
      "addressNumber" : "1818",
      "sequence" : 0,
      "name" : "Iwan",
      "mailingName" : "Iwan",
      "description" : "",
      "firstName" : "",
      "middleName" : "",
      "lastName" : "",
      "nickname" : "",
      "salutation" : "",
      "gender" : "",
      "type" : "C",
      "religion" : "",
      "dateOfBirth" : null,
      "placeOfBirth" : "",
      "socialSecurityNumber" : "",
      "socialSecurityDate" : null,
      "mediaObjectReference" : "",
      "lastUpdateDateTime" : "2017-12-17T00:00:00",
      "inputDateTime" : "2017-12-17T00:00:00",
      "_links" : {
        "self" : {
          "href" : "http://localhost/api/contacts/1818_0"
        },
        "contactPerson" : {
          "href" : "http://localhost/api/contacts/1818_0"
        },
        "master" : {
          "href" : "http://localhost/api/contacts/1818_0/master"
        }
      }
    }, {
      "inputUserId" : "QSA",
      "lastUpdateUserId" : "QSA",
      "computerId" : "GLSVR171217",
      "lastSynchronizedDate" : null,
      "addressNumber" : "1819",
      "sequence" : 0,
      "name" : "Iwan Setiawan",
      "mailingName" : "Iwan Setiawan",
      "description" : "",
      "firstName" : "",
      "middleName" : "",
      "lastName" : "",
      "nickname" : "",
      "salutation" : "",
      "gender" : "",
      "type" : "C",
      "religion" : "",
      "dateOfBirth" : null,
      "placeOfBirth" : "",
      "socialSecurityNumber" : "",
      "socialSecurityDate" : null,
      "mediaObjectReference" : "",
      "lastUpdateDateTime" : "2017-12-17T00:00:00",
      "inputDateTime" : "2017-12-17T00:00:00",
      "_links" : {
        "self" : {
          "href" : "http://localhost/api/contacts/1819_0"
        },
        "contactPerson" : {
          "href" : "http://localhost/api/contacts/1819_0"
        },
        "master" : {
          "href" : "http://localhost/api/contacts/1819_0/master"
        }
      }
    }, {
      "inputUserId" : "QSA",
      "lastUpdateUserId" : "QSA",
      "computerId" : "GLSVR171217",
      "lastSynchronizedDate" : null,
      "addressNumber" : "1820",
      "sequence" : 0,
      "name" : "Iyan",
      "mailingName" : "Iyan",
      "description" : "",
      "firstName" : "",
      "middleName" : "",
      "lastName" : "",
      "nickname" : "",
      "salutation" : "",
      "gender" : "",
      "type" : "C",
      "religion" : "",
      "dateOfBirth" : null,
      "placeOfBirth" : "",
      "socialSecurityNumber" : "",
      "socialSecurityDate" : null,
      "mediaObjectReference" : "",
      "lastUpdateDateTime" : "2017-12-17T00:00:00",
      "inputDateTime" : "2017-12-17T00:00:00",
      "_links" : {
        "self" : {
          "href" : "http://localhost/api/contacts/1820_0"
        },
        "contactPerson" : {
          "href" : "http://localhost/api/contacts/1820_0"
        },
        "master" : {
          "href" : "http://localhost/api/contacts/1820_0/master"
        }
      }
    }, {
      "inputUserId" : "QSA",
      "lastUpdateUserId" : "QSA",
      "computerId" : "GLSVR171217",
      "lastSynchronizedDate" : null,
      "addressNumber" : "1821",
      "sequence" : 0,
      "name" : "Izzi Computer",
      "mailingName" : "Izzi Computer",
      "description" : "",
      "firstName" : "",
      "middleName" : "",
      "lastName" : "",
      "nickname" : "",
      "salutation" : "",
      "gender" : "",
      "type" : "C",
      "religion" : "",
      "dateOfBirth" : null,
      "placeOfBirth" : "",
      "socialSecurityNumber" : "",
      "socialSecurityDate" : null,
      "mediaObjectReference" : "",
      "lastUpdateDateTime" : "2017-12-17T00:00:00",
      "inputDateTime" : "2017-12-17T00:00:00",
      "_links" : {
        "self" : {
          "href" : "http://localhost/api/contacts/1821_0"
        },
        "contactPerson" : {
          "href" : "http://localhost/api/contacts/1821_0"
        },
        "master" : {
          "href" : "http://localhost/api/contacts/1821_0/master"
        }
      }
    }, {
      "inputUserId" : "QSA",
      "lastUpdateUserId" : "QSA",
      "computerId" : "GLSVR171217",
      "lastSynchronizedDate" : null,
      "addressNumber" : "1822",
      "sequence" : 0,
      "name" : "Jacob",
      "mailingName" : "Jacob",
      "description" : "",
      "firstName" : "",
      "middleName" : "",
      "lastName" : "",
      "nickname" : "",
      "salutation" : "",
      "gender" : "",
      "type" : "C",
      "religion" : "",
      "dateOfBirth" : null,
      "placeOfBirth" : "",
      "socialSecurityNumber" : "",
      "socialSecurityDate" : null,
      "mediaObjectReference" : "",
      "lastUpdateDateTime" : "2017-12-17T00:00:00",
      "inputDateTime" : "2017-12-17T00:00:00",
      "_links" : {
        "self" : {
          "href" : "http://localhost/api/contacts/1822_0"
        },
        "contactPerson" : {
          "href" : "http://localhost/api/contacts/1822_0"
        },
        "master" : {
          "href" : "http://localhost/api/contacts/1822_0/master"
        }
      }
    }, {
      "inputUserId" : "QSA",
      "lastUpdateUserId" : "QSA",
      "computerId" : "GLSVR171217",
      "lastSynchronizedDate" : null,
      "addressNumber" : "1823",
      "sequence" : 0,
      "name" : "Jaka",
      "mailingName" : "Jaka",
      "description" : "",
      "firstName" : "",
      "middleName" : "",
      "lastName" : "",
      "nickname" : "",
      "salutation" : "",
      "gender" : "",
      "type" : "C",
      "religion" : "",
      "dateOfBirth" : null,
      "placeOfBirth" : "",
      "socialSecurityNumber" : "",
      "socialSecurityDate" : null,
      "mediaObjectReference" : "",
      "lastUpdateDateTime" : "2017-12-17T00:00:00",
      "inputDateTime" : "2017-12-17T00:00:00",
      "_links" : {
        "self" : {
          "href" : "http://localhost/api/contacts/1823_0"
        },
        "contactPerson" : {
          "href" : "http://localhost/api/contacts/1823_0"
        },
        "master" : {
          "href" : "http://localhost/api/contacts/1823_0/master"
        }
      }
    }, {
      "inputUserId" : "QSA",
      "lastUpdateUserId" : "QSA",
      "computerId" : "GLSVR171217",
      "lastSynchronizedDate" : null,
      "addressNumber" : "1824",
      "sequence" : 0,
      "name" : "Jamal",
      "mailingName" : "Jamal",
      "description" : "",
      "firstName" : "",
      "middleName" : "",
      "lastName" : "",
      "nickname" : "",
      "salutation" : "",
      "gender" : "",
      "type" : "C",
      "religion" : "",
      "dateOfBirth" : null,
      "placeOfBirth" : "",
      "socialSecurityNumber" : "",
      "socialSecurityDate" : null,
      "mediaObjectReference" : "",
      "lastUpdateDateTime" : "2017-12-17T00:00:00",
      "inputDateTime" : "2017-12-17T00:00:00",
      "_links" : {
        "self" : {
          "href" : "http://localhost/api/contacts/1824_0"
        },
        "contactPerson" : {
          "href" : "http://localhost/api/contacts/1824_0"
        },
        "master" : {
          "href" : "http://localhost/api/contacts/1824_0/master"
        }
      }
    }, {
      "inputUserId" : "QSA",
      "lastUpdateUserId" : "QSA",
      "computerId" : "GLSVR171217",
      "lastSynchronizedDate" : null,
      "addressNumber" : "1825",
      "sequence" : 0,
      "name" : "Jasmine",
      "mailingName" : "Jasmine",
      "description" : "",
      "firstName" : "",
      "middleName" : "",
      "lastName" : "",
      "nickname" : "",
      "salutation" : "",
      "gender" : "",
      "type" : "C",
      "religion" : "",
      "dateOfBirth" : null,
      "placeOfBirth" : "",
      "socialSecurityNumber" : "",
      "socialSecurityDate" : null,
      "mediaObjectReference" : "",
      "lastUpdateDateTime" : "2017-12-17T00:00:00",
      "inputDateTime" : "2017-12-17T00:00:00",
      "_links" : {
        "self" : {
          "href" : "http://localhost/api/contacts/1825_0"
        },
        "contactPerson" : {
          "href" : "http://localhost/api/contacts/1825_0"
        },
        "master" : {
          "href" : "http://localhost/api/contacts/1825_0/master"
        }
      }
    }, {
      "inputUserId" : "QSA",
      "lastUpdateUserId" : "QSA",
      "computerId" : "GLSVR171217",
      "lastSynchronizedDate" : null,
      "addressNumber" : "1826",
      "sequence" : 0,
      "name" : "Jaya Abadi",
      "mailingName" : "Jaya Abadi",
      "description" : "",
      "firstName" : "",
      "middleName" : "",
      "lastName" : "",
      "nickname" : "",
      "salutation" : "",
      "gender" : "",
      "type" : "C",
      "religion" : "",
      "dateOfBirth" : null,
      "placeOfBirth" : "",
      "socialSecurityNumber" : "",
      "socialSecurityDate" : null,
      "mediaObjectReference" : "",
      "lastUpdateDateTime" : "2017-12-17T00:00:00",
      "inputDateTime" : "2017-12-17T00:00:00",
      "_links" : {
        "self" : {
          "href" : "http://localhost/api/contacts/1826_0"
        },
        "contactPerson" : {
          "href" : "http://localhost/api/contacts/1826_0"
        },
        "master" : {
          "href" : "http://localhost/api/contacts/1826_0/master"
        }
      }
    }, {
      "inputUserId" : "QSA",
      "lastUpdateUserId" : "QSA",
      "computerId" : "GLSVR171217",
      "lastSynchronizedDate" : null,
      "addressNumber" : "1827",
      "sequence" : 0,
      "name" : "Jaya Comp",
      "mailingName" : "Jaya Comp",
      "description" : "",
      "firstName" : "",
      "middleName" : "",
      "lastName" : "",
      "nickname" : "",
      "salutation" : "",
      "gender" : "",
      "type" : "C",
      "religion" : "",
      "dateOfBirth" : null,
      "placeOfBirth" : "",
      "socialSecurityNumber" : "",
      "socialSecurityDate" : null,
      "mediaObjectReference" : "",
      "lastUpdateDateTime" : "2017-12-17T00:00:00",
      "inputDateTime" : "2017-12-17T00:00:00",
      "_links" : {
        "self" : {
          "href" : "http://localhost/api/contacts/1827_0"
        },
        "contactPerson" : {
          "href" : "http://localhost/api/contacts/1827_0"
        },
        "master" : {
          "href" : "http://localhost/api/contacts/1827_0/master"
        }
      }
    }, {
      "inputUserId" : "QSA",
      "lastUpdateUserId" : "QSA",
      "computerId" : "GLSVR171217",
      "lastSynchronizedDate" : null,
      "addressNumber" : "1828",
      "sequence" : 0,
      "name" : "Jaya Komputer",
      "mailingName" : "Jaya Komputer",
      "description" : "",
      "firstName" : "",
      "middleName" : "",
      "lastName" : "",
      "nickname" : "",
      "salutation" : "",
      "gender" : "",
      "type" : "C",
      "religion" : "",
      "dateOfBirth" : null,
      "placeOfBirth" : "",
      "socialSecurityNumber" : "",
      "socialSecurityDate" : null,
      "mediaObjectReference" : "",
      "lastUpdateDateTime" : "2017-12-17T00:00:00",
      "inputDateTime" : "2017-12-17T00:00:00",
      "_links" : {
        "self" : {
          "href" : "http://localhost/api/contacts/1828_0"
        },
        "contactPerson" : {
          "href" : "http://localhost/api/contacts/1828_0"
        },
        "master" : {
          "href" : "http://localhost/api/contacts/1828_0/master"
        }
      }
    }, {
      "inputUserId" : "QSA",
      "lastUpdateUserId" : "QSA",
      "computerId" : "GLSVR171217",
      "lastSynchronizedDate" : null,
      "addressNumber" : "1829",
      "sequence" : 0,
      "name" : "Jaya Lestarindo Computer",
      "mailingName" : "Jaya Lestarindo Computer",
      "description" : "",
      "firstName" : "",
      "middleName" : "",
      "lastName" : "",
      "nickname" : "",
      "salutation" : "",
      "gender" : "",
      "type" : "C",
      "religion" : "",
      "dateOfBirth" : null,
      "placeOfBirth" : "",
      "socialSecurityNumber" : "",
      "socialSecurityDate" : null,
      "mediaObjectReference" : "",
      "lastUpdateDateTime" : "2017-12-17T00:00:00",
      "inputDateTime" : "2017-12-17T00:00:00",
      "_links" : {
        "self" : {
          "href" : "http://localhost/api/contacts/1829_0"
        },
        "contactPerson" : {
          "href" : "http://localhost/api/contacts/1829_0"
        },
        "master" : {
          "href" : "http://localhost/api/contacts/1829_0/master"
        }
      }
    }, {
      "inputUserId" : "QSA",
      "lastUpdateUserId" : "QSA",
      "computerId" : "GLSVR171217",
      "lastSynchronizedDate" : null,
      "addressNumber" : "1830",
      "sequence" : 0,
      "name" : "Jaya Mandiri Komputer",
      "mailingName" : "Jaya Mandiri Komputer",
      "description" : "",
      "firstName" : "",
      "middleName" : "",
      "lastName" : "",
      "nickname" : "",
      "salutation" : "",
      "gender" : "",
      "type" : "C",
      "religion" : "",
      "dateOfBirth" : null,
      "placeOfBirth" : "",
      "socialSecurityNumber" : "",
      "socialSecurityDate" : null,
      "mediaObjectReference" : "",
      "lastUpdateDateTime" : "2017-12-17T00:00:00",
      "inputDateTime" : "2017-12-17T00:00:00",
      "_links" : {
        "self" : {
          "href" : "http://localhost/api/contacts/1830_0"
        },
        "contactPerson" : {
          "href" : "http://localhost/api/contacts/1830_0"
        },
        "master" : {
          "href" : "http://localhost/api/contacts/1830_0/master"
        }
      }
    }, {
      "inputUserId" : "QSA",
      "lastUpdateUserId" : "QSA",
      "computerId" : "GLSVR171217",
      "lastSynchronizedDate" : null,
      "addressNumber" : "1831",
      "sequence" : 0,
      "name" : "JCC",
      "mailingName" : "JCC",
      "description" : "",
      "firstName" : "",
      "middleName" : "",
      "lastName" : "",
      "nickname" : "",
      "salutation" : "",
      "gender" : "",
      "type" : "C",
      "religion" : "",
      "dateOfBirth" : null,
      "placeOfBirth" : "",
      "socialSecurityNumber" : "",
      "socialSecurityDate" : null,
      "mediaObjectReference" : "",
      "lastUpdateDateTime" : "2017-12-17T00:00:00",
      "inputDateTime" : "2017-12-17T00:00:00",
      "_links" : {
        "self" : {
          "href" : "http://localhost/api/contacts/1831_0"
        },
        "contactPerson" : {
          "href" : "http://localhost/api/contacts/1831_0"
        },
        "master" : {
          "href" : "http://localhost/api/contacts/1831_0/master"
        }
      }
    }, {
      "inputUserId" : "QSA",
      "lastUpdateUserId" : "QSA",
      "computerId" : "GLSVR171217",
      "lastSynchronizedDate" : null,
      "addressNumber" : "1832",
      "sequence" : 0,
      "name" : "Jeffry Sugiarto",
      "mailingName" : "Jeffry Sugiarto",
      "description" : "",
      "firstName" : "",
      "middleName" : "",
      "lastName" : "",
      "nickname" : "",
      "salutation" : "",
      "gender" : "",
      "type" : "C",
      "religion" : "",
      "dateOfBirth" : null,
      "placeOfBirth" : "",
      "socialSecurityNumber" : "",
      "socialSecurityDate" : null,
      "mediaObjectReference" : "",
      "lastUpdateDateTime" : "2017-12-17T00:00:00",
      "inputDateTime" : "2017-12-17T00:00:00",
      "_links" : {
        "self" : {
          "href" : "http://localhost/api/contacts/1832_0"
        },
        "contactPerson" : {
          "href" : "http://localhost/api/contacts/1832_0"
        },
        "master" : {
          "href" : "http://localhost/api/contacts/1832_0/master"
        }
      }
    }, {
      "inputUserId" : "QSA",
      "lastUpdateUserId" : "QSA",
      "computerId" : "GLSVR171217",
      "lastSynchronizedDate" : null,
      "addressNumber" : "1833",
      "sequence" : 0,
      "name" : "Jefri",
      "mailingName" : "Jefri",
      "description" : "",
      "firstName" : "",
      "middleName" : "",
      "lastName" : "",
      "nickname" : "",
      "salutation" : "",
      "gender" : "",
      "type" : "C",
      "religion" : "",
      "dateOfBirth" : null,
      "placeOfBirth" : "",
      "socialSecurityNumber" : "",
      "socialSecurityDate" : null,
      "mediaObjectReference" : "",
      "lastUpdateDateTime" : "2017-12-17T00:00:00",
      "inputDateTime" : "2017-12-17T00:00:00",
      "_links" : {
        "self" : {
          "href" : "http://localhost/api/contacts/1833_0"
        },
        "contactPerson" : {
          "href" : "http://localhost/api/contacts/1833_0"
        },
        "master" : {
          "href" : "http://localhost/api/contacts/1833_0/master"
        }
      }
    }, {
      "inputUserId" : "QSA",
      "lastUpdateUserId" : "QSA",
      "computerId" : "GLSVR171217",
      "lastSynchronizedDate" : null,
      "addressNumber" : "1834",
      "sequence" : 0,
      "name" : "Jessica",
      "mailingName" : "Jessica",
      "description" : "",
      "firstName" : "",
      "middleName" : "",
      "lastName" : "",
      "nickname" : "",
      "salutation" : "",
      "gender" : "",
      "type" : "C",
      "religion" : "",
      "dateOfBirth" : null,
      "placeOfBirth" : "",
      "socialSecurityNumber" : "",
      "socialSecurityDate" : null,
      "mediaObjectReference" : "",
      "lastUpdateDateTime" : "2017-12-17T00:00:00",
      "inputDateTime" : "2017-12-17T00:00:00",
      "_links" : {
        "self" : {
          "href" : "http://localhost/api/contacts/1834_0"
        },
        "contactPerson" : {
          "href" : "http://localhost/api/contacts/1834_0"
        },
        "master" : {
          "href" : "http://localhost/api/contacts/1834_0/master"
        }
      }
    }, {
      "inputUserId" : "QSA",
      "lastUpdateUserId" : "QSA",
      "computerId" : "GLSVR171217",
      "lastSynchronizedDate" : null,
      "addressNumber" : "1835",
      "sequence" : 0,
      "name" : "Jesslyn Computer",
      "mailingName" : "Jesslyn Computer",
      "description" : "",
      "firstName" : "",
      "middleName" : "",
      "lastName" : "",
      "nickname" : "",
      "salutation" : "",
      "gender" : "",
      "type" : "C",
      "religion" : "",
      "dateOfBirth" : null,
      "placeOfBirth" : "",
      "socialSecurityNumber" : "",
      "socialSecurityDate" : null,
      "mediaObjectReference" : "",
      "lastUpdateDateTime" : "2017-12-17T00:00:00",
      "inputDateTime" : "2017-12-17T00:00:00",
      "_links" : {
        "self" : {
          "href" : "http://localhost/api/contacts/1835_0"
        },
        "contactPerson" : {
          "href" : "http://localhost/api/contacts/1835_0"
        },
        "master" : {
          "href" : "http://localhost/api/contacts/1835_0/master"
        }
      }
    }, {
      "inputUserId" : "QSA",
      "lastUpdateUserId" : "QSA",
      "computerId" : "GLSVR171217",
      "lastSynchronizedDate" : null,
      "addressNumber" : "1836",
      "sequence" : 0,
      "name" : "Jeva Computer",
      "mailingName" : "Jeva Computer",
      "description" : "",
      "firstName" : "",
      "middleName" : "",
      "lastName" : "",
      "nickname" : "",
      "salutation" : "",
      "gender" : "",
      "type" : "C",
      "religion" : "",
      "dateOfBirth" : null,
      "placeOfBirth" : "",
      "socialSecurityNumber" : "",
      "socialSecurityDate" : null,
      "mediaObjectReference" : "",
      "lastUpdateDateTime" : "2017-12-17T00:00:00",
      "inputDateTime" : "2017-12-17T00:00:00",
      "_links" : {
        "self" : {
          "href" : "http://localhost/api/contacts/1836_0"
        },
        "contactPerson" : {
          "href" : "http://localhost/api/contacts/1836_0"
        },
        "master" : {
          "href" : "http://localhost/api/contacts/1836_0/master"
        }
      }
    }, {
      "inputUserId" : "QSA",
      "lastUpdateUserId" : "QSA",
      "computerId" : "GLSVR171217",
      "lastSynchronizedDate" : null,
      "addressNumber" : "1837",
      "sequence" : 0,
      "name" : "Jimmy",
      "mailingName" : "Jimmy",
      "description" : "",
      "firstName" : "",
      "middleName" : "",
      "lastName" : "",
      "nickname" : "",
      "salutation" : "",
      "gender" : "",
      "type" : "C",
      "religion" : "",
      "dateOfBirth" : null,
      "placeOfBirth" : "",
      "socialSecurityNumber" : "",
      "socialSecurityDate" : null,
      "mediaObjectReference" : "",
      "lastUpdateDateTime" : "2017-12-17T00:00:00",
      "inputDateTime" : "2017-12-17T00:00:00",
      "_links" : {
        "self" : {
          "href" : "http://localhost/api/contacts/1837_0"
        },
        "contactPerson" : {
          "href" : "http://localhost/api/contacts/1837_0"
        },
        "master" : {
          "href" : "http://localhost/api/contacts/1837_0/master"
        }
      }
    }, {
      "inputUserId" : "QSA",
      "lastUpdateUserId" : "QSA",
      "computerId" : "GLSVR171217",
      "lastSynchronizedDate" : null,
      "addressNumber" : "1838",
      "sequence" : 0,
      "name" : "Jing Jing",
      "mailingName" : "Jing Jing",
      "description" : "",
      "firstName" : "",
      "middleName" : "",
      "lastName" : "",
      "nickname" : "",
      "salutation" : "",
      "gender" : "",
      "type" : "C",
      "religion" : "",
      "dateOfBirth" : null,
      "placeOfBirth" : "",
      "socialSecurityNumber" : "",
      "socialSecurityDate" : null,
      "mediaObjectReference" : "",
      "lastUpdateDateTime" : "2017-12-17T00:00:00",
      "inputDateTime" : "2017-12-17T00:00:00",
      "_links" : {
        "self" : {
          "href" : "http://localhost/api/contacts/1838_0"
        },
        "contactPerson" : {
          "href" : "http://localhost/api/contacts/1838_0"
        },
        "master" : {
          "href" : "http://localhost/api/contacts/1838_0/master"
        }
      }
    }, {
      "inputUserId" : "QSA",
      "lastUpdateUserId" : "QSA",
      "computerId" : "GLSVR171217",
      "lastSynchronizedDate" : null,
      "addressNumber" : "1839",
      "sequence" : 0,
      "name" : "Jkt Computer",
      "mailingName" : "Jkt Computer",
      "description" : "",
      "firstName" : "",
      "middleName" : "",
      "lastName" : "",
      "nickname" : "",
      "salutation" : "",
      "gender" : "",
      "type" : "C",
      "religion" : "",
      "dateOfBirth" : null,
      "placeOfBirth" : "",
      "socialSecurityNumber" : "",
      "socialSecurityDate" : null,
      "mediaObjectReference" : "",
      "lastUpdateDateTime" : "2017-12-17T00:00:00",
      "inputDateTime" : "2017-12-17T00:00:00",
      "_links" : {
        "self" : {
          "href" : "http://localhost/api/contacts/1839_0"
        },
        "contactPerson" : {
          "href" : "http://localhost/api/contacts/1839_0"
        },
        "master" : {
          "href" : "http://localhost/api/contacts/1839_0/master"
        }
      }
    }, {
      "inputUserId" : "QSA",
      "lastUpdateUserId" : "QSA",
      "computerId" : "GLSVR171217",
      "lastSynchronizedDate" : null,
      "addressNumber" : "1840",
      "sequence" : 0,
      "name" : "Joe",
      "mailingName" : "Joe",
      "description" : "",
      "firstName" : "",
      "middleName" : "",
      "lastName" : "",
      "nickname" : "",
      "salutation" : "",
      "gender" : "",
      "type" : "C",
      "religion" : "",
      "dateOfBirth" : null,
      "placeOfBirth" : "",
      "socialSecurityNumber" : "",
      "socialSecurityDate" : null,
      "mediaObjectReference" : "",
      "lastUpdateDateTime" : "2017-12-17T00:00:00",
      "inputDateTime" : "2017-12-17T00:00:00",
      "_links" : {
        "self" : {
          "href" : "http://localhost/api/contacts/1840_0"
        },
        "contactPerson" : {
          "href" : "http://localhost/api/contacts/1840_0"
        },
        "master" : {
          "href" : "http://localhost/api/contacts/1840_0/master"
        }
      }
    }, {
      "inputUserId" : "QSA",
      "lastUpdateUserId" : "QSA",
      "computerId" : "GLSVR171217",
      "lastSynchronizedDate" : null,
      "addressNumber" : "1841",
      "sequence" : 0,
      "name" : "Johan",
      "mailingName" : "Johan",
      "description" : "",
      "firstName" : "",
      "middleName" : "",
      "lastName" : "",
      "nickname" : "",
      "salutation" : "",
      "gender" : "",
      "type" : "C",
      "religion" : "",
      "dateOfBirth" : null,
      "placeOfBirth" : "",
      "socialSecurityNumber" : "",
      "socialSecurityDate" : null,
      "mediaObjectReference" : "",
      "lastUpdateDateTime" : "2017-12-17T00:00:00",
      "inputDateTime" : "2017-12-17T00:00:00",
      "_links" : {
        "self" : {
          "href" : "http://localhost/api/contacts/1841_0"
        },
        "contactPerson" : {
          "href" : "http://localhost/api/contacts/1841_0"
        },
        "master" : {
          "href" : "http://localhost/api/contacts/1841_0/master"
        }
      }
    }, {
      "inputUserId" : "QSA",
      "lastUpdateUserId" : "QSA",
      "computerId" : "GLSVR171217",
      "lastSynchronizedDate" : null,
      "addressNumber" : "1842",
      "sequence" : 0,
      "name" : "Johan Computer",
      "mailingName" : "Johan Computer",
      "description" : "",
      "firstName" : "",
      "middleName" : "",
      "lastName" : "",
      "nickname" : "",
      "salutation" : "",
      "gender" : "",
      "type" : "C",
      "religion" : "",
      "dateOfBirth" : null,
      "placeOfBirth" : "",
      "socialSecurityNumber" : "",
      "socialSecurityDate" : null,
      "mediaObjectReference" : "",
      "lastUpdateDateTime" : "2017-12-17T00:00:00",
      "inputDateTime" : "2017-12-17T00:00:00",
      "_links" : {
        "self" : {
          "href" : "http://localhost/api/contacts/1842_0"
        },
        "contactPerson" : {
          "href" : "http://localhost/api/contacts/1842_0"
        },
        "master" : {
          "href" : "http://localhost/api/contacts/1842_0/master"
        }
      }
    }, {
      "inputUserId" : "QSA",
      "lastUpdateUserId" : "QSA",
      "computerId" : "GLSVR171217",
      "lastSynchronizedDate" : null,
      "addressNumber" : "1843",
      "sequence" : 0,
      "name" : "Joko",
      "mailingName" : "Joko",
      "description" : "",
      "firstName" : "",
      "middleName" : "",
      "lastName" : "",
      "nickname" : "",
      "salutation" : "",
      "gender" : "",
      "type" : "C",
      "religion" : "",
      "dateOfBirth" : null,
      "placeOfBirth" : "",
      "socialSecurityNumber" : "",
      "socialSecurityDate" : null,
      "mediaObjectReference" : "",
      "lastUpdateDateTime" : "2017-12-17T00:00:00",
      "inputDateTime" : "2017-12-17T00:00:00",
      "_links" : {
        "self" : {
          "href" : "http://localhost/api/contacts/1843_0"
        },
        "contactPerson" : {
          "href" : "http://localhost/api/contacts/1843_0"
        },
        "master" : {
          "href" : "http://localhost/api/contacts/1843_0/master"
        }
      }
    }, {
      "inputUserId" : "QSA",
      "lastUpdateUserId" : "QSA",
      "computerId" : "GLSVR171217",
      "lastSynchronizedDate" : null,
      "addressNumber" : "1844",
      "sequence" : 0,
      "name" : "Joko Suntoro",
      "mailingName" : "Joko Suntoro",
      "description" : "",
      "firstName" : "",
      "middleName" : "",
      "lastName" : "",
      "nickname" : "",
      "salutation" : "",
      "gender" : "",
      "type" : "C",
      "religion" : "",
      "dateOfBirth" : null,
      "placeOfBirth" : "",
      "socialSecurityNumber" : "",
      "socialSecurityDate" : null,
      "mediaObjectReference" : "",
      "lastUpdateDateTime" : "2017-12-17T00:00:00",
      "inputDateTime" : "2017-12-17T00:00:00",
      "_links" : {
        "self" : {
          "href" : "http://localhost/api/contacts/1844_0"
        },
        "contactPerson" : {
          "href" : "http://localhost/api/contacts/1844_0"
        },
        "master" : {
          "href" : "http://localhost/api/contacts/1844_0/master"
        }
      }
    }, {
      "inputUserId" : "QSA",
      "lastUpdateUserId" : "QSA",
      "computerId" : "GLSVR171217",
      "lastSynchronizedDate" : null,
      "addressNumber" : "1845",
      "sequence" : 0,
      "name" : "Joko Suwito",
      "mailingName" : "Joko Suwito",
      "description" : "",
      "firstName" : "",
      "middleName" : "",
      "lastName" : "",
      "nickname" : "",
      "salutation" : "",
      "gender" : "",
      "type" : "C",
      "religion" : "",
      "dateOfBirth" : null,
      "placeOfBirth" : "",
      "socialSecurityNumber" : "",
      "socialSecurityDate" : null,
      "mediaObjectReference" : "",
      "lastUpdateDateTime" : "2017-12-17T00:00:00",
      "inputDateTime" : "2017-12-17T00:00:00",
      "_links" : {
        "self" : {
          "href" : "http://localhost/api/contacts/1845_0"
        },
        "contactPerson" : {
          "href" : "http://localhost/api/contacts/1845_0"
        },
        "master" : {
          "href" : "http://localhost/api/contacts/1845_0/master"
        }
      }
    }, {
      "inputUserId" : "QSA",
      "lastUpdateUserId" : "QSA",
      "computerId" : "GLSVR171217",
      "lastSynchronizedDate" : null,
      "addressNumber" : "1846",
      "sequence" : 0,
      "name" : "Joly",
      "mailingName" : "Joly",
      "description" : "",
      "firstName" : "",
      "middleName" : "",
      "lastName" : "",
      "nickname" : "",
      "salutation" : "",
      "gender" : "",
      "type" : "C",
      "religion" : "",
      "dateOfBirth" : null,
      "placeOfBirth" : "",
      "socialSecurityNumber" : "",
      "socialSecurityDate" : null,
      "mediaObjectReference" : "",
      "lastUpdateDateTime" : "2017-12-17T00:00:00",
      "inputDateTime" : "2017-12-17T00:00:00",
      "_links" : {
        "self" : {
          "href" : "http://localhost/api/contacts/1846_0"
        },
        "contactPerson" : {
          "href" : "http://localhost/api/contacts/1846_0"
        },
        "master" : {
          "href" : "http://localhost/api/contacts/1846_0/master"
        }
      }
    }, {
      "inputUserId" : "QSA",
      "lastUpdateUserId" : "QSA",
      "computerId" : "GLSVR171217",
      "lastSynchronizedDate" : null,
      "addressNumber" : "1847",
      "sequence" : 0,
      "name" : "Jonathan",
      "mailingName" : "Jonathan",
      "description" : "",
      "firstName" : "",
      "middleName" : "",
      "lastName" : "",
      "nickname" : "",
      "salutation" : "",
      "gender" : "",
      "type" : "C",
      "religion" : "",
      "dateOfBirth" : null,
      "placeOfBirth" : "",
      "socialSecurityNumber" : "",
      "socialSecurityDate" : null,
      "mediaObjectReference" : "",
      "lastUpdateDateTime" : "2017-12-17T00:00:00",
      "inputDateTime" : "2017-12-17T00:00:00",
      "_links" : {
        "self" : {
          "href" : "http://localhost/api/contacts/1847_0"
        },
        "contactPerson" : {
          "href" : "http://localhost/api/contacts/1847_0"
        },
        "master" : {
          "href" : "http://localhost/api/contacts/1847_0/master"
        }
      }
    }, {
      "inputUserId" : "QSA",
      "lastUpdateUserId" : "QSA",
      "computerId" : "GLSVR171217",
      "lastSynchronizedDate" : null,
      "addressNumber" : "1848",
      "sequence" : 0,
      "name" : "Josep",
      "mailingName" : "Josep",
      "description" : "",
      "firstName" : "",
      "middleName" : "",
      "lastName" : "",
      "nickname" : "",
      "salutation" : "",
      "gender" : "",
      "type" : "C",
      "religion" : "",
      "dateOfBirth" : null,
      "placeOfBirth" : "",
      "socialSecurityNumber" : "",
      "socialSecurityDate" : null,
      "mediaObjectReference" : "",
      "lastUpdateDateTime" : "2017-12-17T00:00:00",
      "inputDateTime" : "2017-12-17T00:00:00",
      "_links" : {
        "self" : {
          "href" : "http://localhost/api/contacts/1848_0"
        },
        "contactPerson" : {
          "href" : "http://localhost/api/contacts/1848_0"
        },
        "master" : {
          "href" : "http://localhost/api/contacts/1848_0/master"
        }
      }
    }, {
      "inputUserId" : "QSA",
      "lastUpdateUserId" : "QSA",
      "computerId" : "GLSVR171217",
      "lastSynchronizedDate" : null,
      "addressNumber" : "1849",
      "sequence" : 0,
      "name" : "Joshua",
      "mailingName" : "Joshua",
      "description" : "",
      "firstName" : "",
      "middleName" : "",
      "lastName" : "",
      "nickname" : "",
      "salutation" : "",
      "gender" : "",
      "type" : "C",
      "religion" : "",
      "dateOfBirth" : null,
      "placeOfBirth" : "",
      "socialSecurityNumber" : "",
      "socialSecurityDate" : null,
      "mediaObjectReference" : "",
      "lastUpdateDateTime" : "2017-12-17T00:00:00",
      "inputDateTime" : "2017-12-17T00:00:00",
      "_links" : {
        "self" : {
          "href" : "http://localhost/api/contacts/1849_0"
        },
        "contactPerson" : {
          "href" : "http://localhost/api/contacts/1849_0"
        },
        "master" : {
          "href" : "http://localhost/api/contacts/1849_0/master"
        }
      }
    }, {
      "inputUserId" : "QSA",
      "lastUpdateUserId" : "QSA",
      "computerId" : "GLSVR171217",
      "lastSynchronizedDate" : null,
      "addressNumber" : "1850",
      "sequence" : 0,
      "name" : "Joy Print Solution",
      "mailingName" : "Joy Print Solution",
      "description" : "",
      "firstName" : "",
      "middleName" : "",
      "lastName" : "",
      "nickname" : "",
      "salutation" : "",
      "gender" : "",
      "type" : "C",
      "religion" : "",
      "dateOfBirth" : null,
      "placeOfBirth" : "",
      "socialSecurityNumber" : "",
      "socialSecurityDate" : null,
      "mediaObjectReference" : "",
      "lastUpdateDateTime" : "2017-12-17T00:00:00",
      "inputDateTime" : "2017-12-17T00:00:00",
      "_links" : {
        "self" : {
          "href" : "http://localhost/api/contacts/1850_0"
        },
        "contactPerson" : {
          "href" : "http://localhost/api/contacts/1850_0"
        },
        "master" : {
          "href" : "http://localhost/api/contacts/1850_0/master"
        }
      }
    }, {
      "inputUserId" : "QSA",
      "lastUpdateUserId" : "QSA",
      "computerId" : "GLSVR171217",
      "lastSynchronizedDate" : null,
      "addressNumber" : "1851",
      "sequence" : 0,
      "name" : "Joyce Katuari",
      "mailingName" : "Joyce Katuari",
      "description" : "",
      "firstName" : "",
      "middleName" : "",
      "lastName" : "",
      "nickname" : "",
      "salutation" : "",
      "gender" : "",
      "type" : "C",
      "religion" : "",
      "dateOfBirth" : null,
      "placeOfBirth" : "",
      "socialSecurityNumber" : "",
      "socialSecurityDate" : null,
      "mediaObjectReference" : "",
      "lastUpdateDateTime" : "2017-12-17T00:00:00",
      "inputDateTime" : "2017-12-17T00:00:00",
      "_links" : {
        "self" : {
          "href" : "http://localhost/api/contacts/1851_0"
        },
        "contactPerson" : {
          "href" : "http://localhost/api/contacts/1851_0"
        },
        "master" : {
          "href" : "http://localhost/api/contacts/1851_0/master"
        }
      }
    }, {
      "inputUserId" : "QSA",
      "lastUpdateUserId" : "QSA",
      "computerId" : "GLSVR171217",
      "lastSynchronizedDate" : null,
      "addressNumber" : "1852",
      "sequence" : 0,
      "name" : "JS Computer",
      "mailingName" : "JS Computer",
      "description" : "",
      "firstName" : "",
      "middleName" : "",
      "lastName" : "",
      "nickname" : "",
      "salutation" : "",
      "gender" : "",
      "type" : "C",
      "religion" : "",
      "dateOfBirth" : null,
      "placeOfBirth" : "",
      "socialSecurityNumber" : "",
      "socialSecurityDate" : null,
      "mediaObjectReference" : "",
      "lastUpdateDateTime" : "2017-12-17T00:00:00",
      "inputDateTime" : "2017-12-17T00:00:00",
      "_links" : {
        "self" : {
          "href" : "http://localhost/api/contacts/1852_0"
        },
        "contactPerson" : {
          "href" : "http://localhost/api/contacts/1852_0"
        },
        "master" : {
          "href" : "http://localhost/api/contacts/1852_0/master"
        }
      }
    }, {
      "inputUserId" : "QSA",
      "lastUpdateUserId" : "QSA",
      "computerId" : "GLSVR171217",
      "lastSynchronizedDate" : null,
      "addressNumber" : "1853",
      "sequence" : 0,
      "name" : "JTV",
      "mailingName" : "JTV",
      "description" : "",
      "firstName" : "",
      "middleName" : "",
      "lastName" : "",
      "nickname" : "",
      "salutation" : "",
      "gender" : "",
      "type" : "C",
      "religion" : "",
      "dateOfBirth" : null,
      "placeOfBirth" : "",
      "socialSecurityNumber" : "",
      "socialSecurityDate" : null,
      "mediaObjectReference" : "",
      "lastUpdateDateTime" : "2017-12-17T00:00:00",
      "inputDateTime" : "2017-12-17T00:00:00",
      "_links" : {
        "self" : {
          "href" : "http://localhost/api/contacts/1853_0"
        },
        "contactPerson" : {
          "href" : "http://localhost/api/contacts/1853_0"
        },
        "master" : {
          "href" : "http://localhost/api/contacts/1853_0/master"
        }
      }
    }, {
      "inputUserId" : "QSA",
      "lastUpdateUserId" : "QSA",
      "computerId" : "GLSVR171217",
      "lastSynchronizedDate" : null,
      "addressNumber" : "1854",
      "sequence" : 0,
      "name" : "Juan",
      "mailingName" : "Juan",
      "description" : "",
      "firstName" : "",
      "middleName" : "",
      "lastName" : "",
      "nickname" : "",
      "salutation" : "",
      "gender" : "",
      "type" : "C",
      "religion" : "",
      "dateOfBirth" : null,
      "placeOfBirth" : "",
      "socialSecurityNumber" : "",
      "socialSecurityDate" : null,
      "mediaObjectReference" : "",
      "lastUpdateDateTime" : "2017-12-17T00:00:00",
      "inputDateTime" : "2017-12-17T00:00:00",
      "_links" : {
        "self" : {
          "href" : "http://localhost/api/contacts/1854_0"
        },
        "contactPerson" : {
          "href" : "http://localhost/api/contacts/1854_0"
        },
        "master" : {
          "href" : "http://localhost/api/contacts/1854_0/master"
        }
      }
    }, {
      "inputUserId" : "QSA",
      "lastUpdateUserId" : "QSA",
      "computerId" : "GLSVR171217",
      "lastSynchronizedDate" : null,
      "addressNumber" : "1855",
      "sequence" : 0,
      "name" : "Juliono",
      "mailingName" : "Juliono",
      "description" : "",
      "firstName" : "",
      "middleName" : "",
      "lastName" : "",
      "nickname" : "",
      "salutation" : "",
      "gender" : "",
      "type" : "C",
      "religion" : "",
      "dateOfBirth" : null,
      "placeOfBirth" : "",
      "socialSecurityNumber" : "",
      "socialSecurityDate" : null,
      "mediaObjectReference" : "",
      "lastUpdateDateTime" : "2017-12-17T00:00:00",
      "inputDateTime" : "2017-12-17T00:00:00",
      "_links" : {
        "self" : {
          "href" : "http://localhost/api/contacts/1855_0"
        },
        "contactPerson" : {
          "href" : "http://localhost/api/contacts/1855_0"
        },
        "master" : {
          "href" : "http://localhost/api/contacts/1855_0/master"
        }
      }
    }, {
      "inputUserId" : "QSA",
      "lastUpdateUserId" : "QSA",
      "computerId" : "GLSVR171217",
      "lastSynchronizedDate" : null,
      "addressNumber" : "1856",
      "sequence" : 0,
      "name" : "Junaidi",
      "mailingName" : "Junaidi",
      "description" : "",
      "firstName" : "",
      "middleName" : "",
      "lastName" : "",
      "nickname" : "",
      "salutation" : "",
      "gender" : "",
      "type" : "C",
      "religion" : "",
      "dateOfBirth" : null,
      "placeOfBirth" : "",
      "socialSecurityNumber" : "",
      "socialSecurityDate" : null,
      "mediaObjectReference" : "",
      "lastUpdateDateTime" : "2017-12-17T00:00:00",
      "inputDateTime" : "2017-12-17T00:00:00",
      "_links" : {
        "self" : {
          "href" : "http://localhost/api/contacts/1856_0"
        },
        "contactPerson" : {
          "href" : "http://localhost/api/contacts/1856_0"
        },
        "master" : {
          "href" : "http://localhost/api/contacts/1856_0/master"
        }
      }
    }, {
      "inputUserId" : "QSA",
      "lastUpdateUserId" : "QSA",
      "computerId" : "GLSVR171217",
      "lastSynchronizedDate" : null,
      "addressNumber" : "1857",
      "sequence" : 0,
      "name" : "Junaidy",
      "mailingName" : "Junaidy",
      "description" : "",
      "firstName" : "",
      "middleName" : "",
      "lastName" : "",
      "nickname" : "",
      "salutation" : "",
      "gender" : "",
      "type" : "C",
      "religion" : "",
      "dateOfBirth" : null,
      "placeOfBirth" : "",
      "socialSecurityNumber" : "",
      "socialSecurityDate" : null,
      "mediaObjectReference" : "",
      "lastUpdateDateTime" : "2017-12-17T00:00:00",
      "inputDateTime" : "2017-12-17T00:00:00",
      "_links" : {
        "self" : {
          "href" : "http://localhost/api/contacts/1857_0"
        },
        "contactPerson" : {
          "href" : "http://localhost/api/contacts/1857_0"
        },
        "master" : {
          "href" : "http://localhost/api/contacts/1857_0/master"
        }
      }
    }, {
      "inputUserId" : "QSA",
      "lastUpdateUserId" : "QSA",
      "computerId" : "GLSVR171217",
      "lastSynchronizedDate" : null,
      "addressNumber" : "1858",
      "sequence" : 0,
      "name" : "Juniarto",
      "mailingName" : "Juniarto",
      "description" : "",
      "firstName" : "",
      "middleName" : "",
      "lastName" : "",
      "nickname" : "",
      "salutation" : "",
      "gender" : "",
      "type" : "C",
      "religion" : "",
      "dateOfBirth" : null,
      "placeOfBirth" : "",
      "socialSecurityNumber" : "",
      "socialSecurityDate" : null,
      "mediaObjectReference" : "",
      "lastUpdateDateTime" : "2017-12-17T00:00:00",
      "inputDateTime" : "2017-12-17T00:00:00",
      "_links" : {
        "self" : {
          "href" : "http://localhost/api/contacts/1858_0"
        },
        "contactPerson" : {
          "href" : "http://localhost/api/contacts/1858_0"
        },
        "master" : {
          "href" : "http://localhost/api/contacts/1858_0/master"
        }
      }
    }, {
      "inputUserId" : "QSA",
      "lastUpdateUserId" : "QSA",
      "computerId" : "GLSVR171217",
      "lastSynchronizedDate" : null,
      "addressNumber" : "1859",
      "sequence" : 0,
      "name" : "Juracom",
      "mailingName" : "Juracom",
      "description" : "",
      "firstName" : "",
      "middleName" : "",
      "lastName" : "",
      "nickname" : "",
      "salutation" : "",
      "gender" : "",
      "type" : "C",
      "religion" : "",
      "dateOfBirth" : null,
      "placeOfBirth" : "",
      "socialSecurityNumber" : "",
      "socialSecurityDate" : null,
      "mediaObjectReference" : "",
      "lastUpdateDateTime" : "2017-12-17T00:00:00",
      "inputDateTime" : "2017-12-17T00:00:00",
      "_links" : {
        "self" : {
          "href" : "http://localhost/api/contacts/1859_0"
        },
        "contactPerson" : {
          "href" : "http://localhost/api/contacts/1859_0"
        },
        "master" : {
          "href" : "http://localhost/api/contacts/1859_0/master"
        }
      }
    }, {
      "inputUserId" : "QSA",
      "lastUpdateUserId" : "QSA",
      "computerId" : "GLSVR171217",
      "lastSynchronizedDate" : null,
      "addressNumber" : "1860",
      "sequence" : 0,
      "name" : "K Smart Comp",
      "mailingName" : "K Smart Comp",
      "description" : "",
      "firstName" : "",
      "middleName" : "",
      "lastName" : "",
      "nickname" : "",
      "salutation" : "",
      "gender" : "",
      "type" : "C",
      "religion" : "",
      "dateOfBirth" : null,
      "placeOfBirth" : "",
      "socialSecurityNumber" : "",
      "socialSecurityDate" : null,
      "mediaObjectReference" : "",
      "lastUpdateDateTime" : "2017-12-17T00:00:00",
      "inputDateTime" : "2017-12-17T00:00:00",
      "_links" : {
        "self" : {
          "href" : "http://localhost/api/contacts/1860_0"
        },
        "contactPerson" : {
          "href" : "http://localhost/api/contacts/1860_0"
        },
        "master" : {
          "href" : "http://localhost/api/contacts/1860_0/master"
        }
      }
    }, {
      "inputUserId" : "QSA",
      "lastUpdateUserId" : "QSA",
      "computerId" : "GLSVR171217",
      "lastSynchronizedDate" : null,
      "addressNumber" : "1861",
      "sequence" : 0,
      "name" : "Kaleb Stenli ( Tokopedia )",
      "mailingName" : "Kaleb Stenli ( Tokopedia )",
      "description" : "",
      "firstName" : "",
      "middleName" : "",
      "lastName" : "",
      "nickname" : "",
      "salutation" : "",
      "gender" : "",
      "type" : "C",
      "religion" : "",
      "dateOfBirth" : null,
      "placeOfBirth" : "",
      "socialSecurityNumber" : "",
      "socialSecurityDate" : null,
      "mediaObjectReference" : "",
      "lastUpdateDateTime" : "2017-12-17T00:00:00",
      "inputDateTime" : "2017-12-17T00:00:00",
      "_links" : {
        "self" : {
          "href" : "http://localhost/api/contacts/1861_0"
        },
        "contactPerson" : {
          "href" : "http://localhost/api/contacts/1861_0"
        },
        "master" : {
          "href" : "http://localhost/api/contacts/1861_0/master"
        }
      }
    }, {
      "inputUserId" : "QSA",
      "lastUpdateUserId" : "QSA",
      "computerId" : "GLSVR171217",
      "lastSynchronizedDate" : null,
      "addressNumber" : "1862",
      "sequence" : 0,
      "name" : "Kantor Kelurahan Balas Klumprik",
      "mailingName" : "Kantor Kelurahan Balas Klumprik",
      "description" : "",
      "firstName" : "",
      "middleName" : "",
      "lastName" : "",
      "nickname" : "",
      "salutation" : "",
      "gender" : "",
      "type" : "C",
      "religion" : "",
      "dateOfBirth" : null,
      "placeOfBirth" : "",
      "socialSecurityNumber" : "",
      "socialSecurityDate" : null,
      "mediaObjectReference" : "",
      "lastUpdateDateTime" : "2017-12-17T00:00:00",
      "inputDateTime" : "2017-12-17T00:00:00",
      "_links" : {
        "self" : {
          "href" : "http://localhost/api/contacts/1862_0"
        },
        "contactPerson" : {
          "href" : "http://localhost/api/contacts/1862_0"
        },
        "master" : {
          "href" : "http://localhost/api/contacts/1862_0/master"
        }
      }
    }, {
      "inputUserId" : "QSA",
      "lastUpdateUserId" : "QSA",
      "computerId" : "GLSVR171217",
      "lastSynchronizedDate" : null,
      "addressNumber" : "1863",
      "sequence" : 0,
      "name" : "Karlin Komp",
      "mailingName" : "Karlin Komp",
      "description" : "",
      "firstName" : "",
      "middleName" : "",
      "lastName" : "",
      "nickname" : "",
      "salutation" : "",
      "gender" : "",
      "type" : "C",
      "religion" : "",
      "dateOfBirth" : null,
      "placeOfBirth" : "",
      "socialSecurityNumber" : "",
      "socialSecurityDate" : null,
      "mediaObjectReference" : "",
      "lastUpdateDateTime" : "2017-12-17T00:00:00",
      "inputDateTime" : "2017-12-17T00:00:00",
      "_links" : {
        "self" : {
          "href" : "http://localhost/api/contacts/1863_0"
        },
        "contactPerson" : {
          "href" : "http://localhost/api/contacts/1863_0"
        },
        "master" : {
          "href" : "http://localhost/api/contacts/1863_0/master"
        }
      }
    }, {
      "inputUserId" : "QSA",
      "lastUpdateUserId" : "QSA",
      "computerId" : "GLSVR171217",
      "lastSynchronizedDate" : null,
      "addressNumber" : "1864",
      "sequence" : 0,
      "name" : "Karunia Komputer",
      "mailingName" : "Karunia Komputer",
      "description" : "",
      "firstName" : "",
      "middleName" : "",
      "lastName" : "",
      "nickname" : "",
      "salutation" : "",
      "gender" : "",
      "type" : "C",
      "religion" : "",
      "dateOfBirth" : null,
      "placeOfBirth" : "",
      "socialSecurityNumber" : "",
      "socialSecurityDate" : null,
      "mediaObjectReference" : "",
      "lastUpdateDateTime" : "2017-12-17T00:00:00",
      "inputDateTime" : "2017-12-17T00:00:00",
      "_links" : {
        "self" : {
          "href" : "http://localhost/api/contacts/1864_0"
        },
        "contactPerson" : {
          "href" : "http://localhost/api/contacts/1864_0"
        },
        "master" : {
          "href" : "http://localhost/api/contacts/1864_0/master"
        }
      }
    }, {
      "inputUserId" : "QSA",
      "lastUpdateUserId" : "QSA",
      "computerId" : "GLSVR171217",
      "lastSynchronizedDate" : null,
      "addressNumber" : "1865",
      "sequence" : 0,
      "name" : "Karunia Multi Prima",
      "mailingName" : "Karunia Multi Prima",
      "description" : "",
      "firstName" : "",
      "middleName" : "",
      "lastName" : "",
      "nickname" : "",
      "salutation" : "",
      "gender" : "",
      "type" : "C",
      "religion" : "",
      "dateOfBirth" : null,
      "placeOfBirth" : "",
      "socialSecurityNumber" : "",
      "socialSecurityDate" : null,
      "mediaObjectReference" : "",
      "lastUpdateDateTime" : "2017-12-17T00:00:00",
      "inputDateTime" : "2017-12-17T00:00:00",
      "_links" : {
        "self" : {
          "href" : "http://localhost/api/contacts/1865_0"
        },
        "contactPerson" : {
          "href" : "http://localhost/api/contacts/1865_0"
        },
        "master" : {
          "href" : "http://localhost/api/contacts/1865_0/master"
        }
      }
    }, {
      "inputUserId" : "QSA",
      "lastUpdateUserId" : "QSA",
      "computerId" : "GLSVR171217",
      "lastSynchronizedDate" : null,
      "addressNumber" : "1866",
      "sequence" : 0,
      "name" : "Karya Kasih Putra",
      "mailingName" : "Karya Kasih Putra",
      "description" : "",
      "firstName" : "",
      "middleName" : "",
      "lastName" : "",
      "nickname" : "",
      "salutation" : "",
      "gender" : "",
      "type" : "C",
      "religion" : "",
      "dateOfBirth" : null,
      "placeOfBirth" : "",
      "socialSecurityNumber" : "",
      "socialSecurityDate" : null,
      "mediaObjectReference" : "",
      "lastUpdateDateTime" : "2017-12-17T00:00:00",
      "inputDateTime" : "2017-12-17T00:00:00",
      "_links" : {
        "self" : {
          "href" : "http://localhost/api/contacts/1866_0"
        },
        "contactPerson" : {
          "href" : "http://localhost/api/contacts/1866_0"
        },
        "master" : {
          "href" : "http://localhost/api/contacts/1866_0/master"
        }
      }
    }, {
      "inputUserId" : "QSA",
      "lastUpdateUserId" : "QSA",
      "computerId" : "GLSVR171217",
      "lastSynchronizedDate" : null,
      "addressNumber" : "1867",
      "sequence" : 0,
      "name" : "Kecamatan Mulyorejo",
      "mailingName" : "Kecamatan Mulyorejo",
      "description" : "",
      "firstName" : "",
      "middleName" : "",
      "lastName" : "",
      "nickname" : "",
      "salutation" : "",
      "gender" : "",
      "type" : "C",
      "religion" : "",
      "dateOfBirth" : null,
      "placeOfBirth" : "",
      "socialSecurityNumber" : "",
      "socialSecurityDate" : null,
      "mediaObjectReference" : "",
      "lastUpdateDateTime" : "2017-12-17T00:00:00",
      "inputDateTime" : "2017-12-17T00:00:00",
      "_links" : {
        "self" : {
          "href" : "http://localhost/api/contacts/1867_0"
        },
        "contactPerson" : {
          "href" : "http://localhost/api/contacts/1867_0"
        },
        "master" : {
          "href" : "http://localhost/api/contacts/1867_0/master"
        }
      }
    }, {
      "inputUserId" : "QSA",
      "lastUpdateUserId" : "QSA",
      "computerId" : "GLSVR171217",
      "lastSynchronizedDate" : null,
      "addressNumber" : "1868",
      "sequence" : 0,
      "name" : "Kecamatan Tambak Sari",
      "mailingName" : "Kecamatan Tambak Sari",
      "description" : "",
      "firstName" : "",
      "middleName" : "",
      "lastName" : "",
      "nickname" : "",
      "salutation" : "",
      "gender" : "",
      "type" : "C",
      "religion" : "",
      "dateOfBirth" : null,
      "placeOfBirth" : "",
      "socialSecurityNumber" : "",
      "socialSecurityDate" : null,
      "mediaObjectReference" : "",
      "lastUpdateDateTime" : "2017-12-17T00:00:00",
      "inputDateTime" : "2017-12-17T00:00:00",
      "_links" : {
        "self" : {
          "href" : "http://localhost/api/contacts/1868_0"
        },
        "contactPerson" : {
          "href" : "http://localhost/api/contacts/1868_0"
        },
        "master" : {
          "href" : "http://localhost/api/contacts/1868_0/master"
        }
      }
    }, {
      "inputUserId" : "QSA",
      "lastUpdateUserId" : "QSA",
      "computerId" : "GLSVR171217",
      "lastSynchronizedDate" : null,
      "addressNumber" : "1869",
      "sequence" : 0,
      "name" : "Kecamatan Wiyung ( Pemerintahan )",
      "mailingName" : "Kecamatan Wiyung ( Pemerintahan )",
      "description" : "",
      "firstName" : "",
      "middleName" : "",
      "lastName" : "",
      "nickname" : "",
      "salutation" : "",
      "gender" : "",
      "type" : "C",
      "religion" : "",
      "dateOfBirth" : null,
      "placeOfBirth" : "",
      "socialSecurityNumber" : "",
      "socialSecurityDate" : null,
      "mediaObjectReference" : "",
      "lastUpdateDateTime" : "2017-12-17T00:00:00",
      "inputDateTime" : "2017-12-17T00:00:00",
      "_links" : {
        "self" : {
          "href" : "http://localhost/api/contacts/1869_0"
        },
        "contactPerson" : {
          "href" : "http://localhost/api/contacts/1869_0"
        },
        "master" : {
          "href" : "http://localhost/api/contacts/1869_0/master"
        }
      }
    }, {
      "inputUserId" : "QSA",
      "lastUpdateUserId" : "QSA",
      "computerId" : "GLSVR171217",
      "lastSynchronizedDate" : null,
      "addressNumber" : "1870",
      "sequence" : 0,
      "name" : "Keewee Shop",
      "mailingName" : "Keewee Shop",
      "description" : "",
      "firstName" : "",
      "middleName" : "",
      "lastName" : "",
      "nickname" : "",
      "salutation" : "",
      "gender" : "",
      "type" : "C",
      "religion" : "",
      "dateOfBirth" : null,
      "placeOfBirth" : "",
      "socialSecurityNumber" : "",
      "socialSecurityDate" : null,
      "mediaObjectReference" : "",
      "lastUpdateDateTime" : "2017-12-17T00:00:00",
      "inputDateTime" : "2017-12-17T00:00:00",
      "_links" : {
        "self" : {
          "href" : "http://localhost/api/contacts/1870_0"
        },
        "contactPerson" : {
          "href" : "http://localhost/api/contacts/1870_0"
        },
        "master" : {
          "href" : "http://localhost/api/contacts/1870_0/master"
        }
      }
    }, {
      "inputUserId" : "QSA",
      "lastUpdateUserId" : "QSA",
      "computerId" : "GLSVR171217",
      "lastSynchronizedDate" : null,
      "addressNumber" : "1871",
      "sequence" : 0,
      "name" : "Kegiatan Peningkatan Pelayanan Publik dalam Bidang Kependudukan",
      "mailingName" : "Kegiatan Peningkatan Pelayanan Publik dalam Bidang Kependudukan",
      "description" : "",
      "firstName" : "",
      "middleName" : "",
      "lastName" : "",
      "nickname" : "",
      "salutation" : "",
      "gender" : "",
      "type" : "C",
      "religion" : "",
      "dateOfBirth" : null,
      "placeOfBirth" : "",
      "socialSecurityNumber" : "",
      "socialSecurityDate" : null,
      "mediaObjectReference" : "",
      "lastUpdateDateTime" : "2017-12-17T00:00:00",
      "inputDateTime" : "2017-12-17T00:00:00",
      "_links" : {
        "self" : {
          "href" : "http://localhost/api/contacts/1871_0"
        },
        "contactPerson" : {
          "href" : "http://localhost/api/contacts/1871_0"
        },
        "master" : {
          "href" : "http://localhost/api/contacts/1871_0/master"
        }
      }
    }, {
      "inputUserId" : "QSA",
      "lastUpdateUserId" : "QSA",
      "computerId" : "GLSVR171217",
      "lastSynchronizedDate" : null,
      "addressNumber" : "1872",
      "sequence" : 0,
      "name" : "Kegiatan Penyediaan Barang dan Jasa Perkantoran Perangkat Daerah",
      "mailingName" : "Kegiatan Penyediaan Barang dan Jasa Perkantoran Perangkat Daerah",
      "description" : "",
      "firstName" : "",
      "middleName" : "",
      "lastName" : "",
      "nickname" : "",
      "salutation" : "",
      "gender" : "",
      "type" : "C",
      "religion" : "",
      "dateOfBirth" : null,
      "placeOfBirth" : "",
      "socialSecurityNumber" : "",
      "socialSecurityDate" : null,
      "mediaObjectReference" : "",
      "lastUpdateDateTime" : "2017-12-17T00:00:00",
      "inputDateTime" : "2017-12-17T00:00:00",
      "_links" : {
        "self" : {
          "href" : "http://localhost/api/contacts/1872_0"
        },
        "contactPerson" : {
          "href" : "http://localhost/api/contacts/1872_0"
        },
        "master" : {
          "href" : "http://localhost/api/contacts/1872_0/master"
        }
      }
    }, {
      "inputUserId" : "QSA",
      "lastUpdateUserId" : "QSA",
      "computerId" : "GLSVR171217",
      "lastSynchronizedDate" : null,
      "addressNumber" : "1873",
      "sequence" : 0,
      "name" : "Penyediaan Barang dan Jasa Perkantoran Perangkat Daerah Wiyung",
      "mailingName" : "Penyediaan Barang dan Jasa Perkantoran Perangkat Daerah Wiyung",
      "description" : "",
      "firstName" : "",
      "middleName" : "",
      "lastName" : "",
      "nickname" : "",
      "salutation" : "",
      "gender" : "",
      "type" : "C",
      "religion" : "",
      "dateOfBirth" : null,
      "placeOfBirth" : "",
      "socialSecurityNumber" : "",
      "socialSecurityDate" : null,
      "mediaObjectReference" : "",
      "lastUpdateDateTime" : "2017-12-17T00:00:00",
      "inputDateTime" : "2017-12-17T00:00:00",
      "_links" : {
        "self" : {
          "href" : "http://localhost/api/contacts/1873_0"
        },
        "contactPerson" : {
          "href" : "http://localhost/api/contacts/1873_0"
        },
        "master" : {
          "href" : "http://localhost/api/contacts/1873_0/master"
        }
      }
    }, {
      "inputUserId" : "QSA",
      "lastUpdateUserId" : "QSA",
      "computerId" : "GLSVR171217",
      "lastSynchronizedDate" : null,
      "addressNumber" : "1874",
      "sequence" : 0,
      "name" : "Kelurahan Babatan",
      "mailingName" : "Kelurahan Babatan",
      "description" : "",
      "firstName" : "",
      "middleName" : "",
      "lastName" : "",
      "nickname" : "",
      "salutation" : "",
      "gender" : "",
      "type" : "C",
      "religion" : "",
      "dateOfBirth" : null,
      "placeOfBirth" : "",
      "socialSecurityNumber" : "",
      "socialSecurityDate" : null,
      "mediaObjectReference" : "",
      "lastUpdateDateTime" : "2017-12-17T00:00:00",
      "inputDateTime" : "2017-12-17T00:00:00",
      "_links" : {
        "self" : {
          "href" : "http://localhost/api/contacts/1874_0"
        },
        "contactPerson" : {
          "href" : "http://localhost/api/contacts/1874_0"
        },
        "master" : {
          "href" : "http://localhost/api/contacts/1874_0/master"
        }
      }
    }, {
      "inputUserId" : "QSA",
      "lastUpdateUserId" : "QSA",
      "computerId" : "GLSVR171217",
      "lastSynchronizedDate" : null,
      "addressNumber" : "1875",
      "sequence" : 0,
      "name" : "Kelurahan Balas Klumprik",
      "mailingName" : "Kelurahan Balas Klumprik",
      "description" : "",
      "firstName" : "",
      "middleName" : "",
      "lastName" : "",
      "nickname" : "",
      "salutation" : "",
      "gender" : "",
      "type" : "C",
      "religion" : "",
      "dateOfBirth" : null,
      "placeOfBirth" : "",
      "socialSecurityNumber" : "",
      "socialSecurityDate" : null,
      "mediaObjectReference" : "",
      "lastUpdateDateTime" : "2017-12-17T00:00:00",
      "inputDateTime" : "2017-12-17T00:00:00",
      "_links" : {
        "self" : {
          "href" : "http://localhost/api/contacts/1875_0"
        },
        "contactPerson" : {
          "href" : "http://localhost/api/contacts/1875_0"
        },
        "master" : {
          "href" : "http://localhost/api/contacts/1875_0/master"
        }
      }
    }, {
      "inputUserId" : "QSA",
      "lastUpdateUserId" : "QSA",
      "computerId" : "GLSVR171217",
      "lastSynchronizedDate" : null,
      "addressNumber" : "1876",
      "sequence" : 0,
      "name" : "Kelurahan Jajar Tunggal",
      "mailingName" : "Kelurahan Jajar Tunggal",
      "description" : "",
      "firstName" : "",
      "middleName" : "",
      "lastName" : "",
      "nickname" : "",
      "salutation" : "",
      "gender" : "",
      "type" : "C",
      "religion" : "",
      "dateOfBirth" : null,
      "placeOfBirth" : "",
      "socialSecurityNumber" : "",
      "socialSecurityDate" : null,
      "mediaObjectReference" : "",
      "lastUpdateDateTime" : "2017-12-17T00:00:00",
      "inputDateTime" : "2017-12-17T00:00:00",
      "_links" : {
        "self" : {
          "href" : "http://localhost/api/contacts/1876_0"
        },
        "contactPerson" : {
          "href" : "http://localhost/api/contacts/1876_0"
        },
        "master" : {
          "href" : "http://localhost/api/contacts/1876_0/master"
        }
      }
    }, {
      "inputUserId" : "QSA",
      "lastUpdateUserId" : "QSA",
      "computerId" : "GLSVR171217",
      "lastSynchronizedDate" : null,
      "addressNumber" : "1877",
      "sequence" : 0,
      "name" : "Kelurahan Ketabang",
      "mailingName" : "Kelurahan Ketabang",
      "description" : "",
      "firstName" : "",
      "middleName" : "",
      "lastName" : "",
      "nickname" : "",
      "salutation" : "",
      "gender" : "",
      "type" : "C",
      "religion" : "",
      "dateOfBirth" : null,
      "placeOfBirth" : "",
      "socialSecurityNumber" : "",
      "socialSecurityDate" : null,
      "mediaObjectReference" : "",
      "lastUpdateDateTime" : "2017-12-17T00:00:00",
      "inputDateTime" : "2017-12-17T00:00:00",
      "_links" : {
        "self" : {
          "href" : "http://localhost/api/contacts/1877_0"
        },
        "contactPerson" : {
          "href" : "http://localhost/api/contacts/1877_0"
        },
        "master" : {
          "href" : "http://localhost/api/contacts/1877_0/master"
        }
      }
    }, {
      "inputUserId" : "QSA",
      "lastUpdateUserId" : "QSA",
      "computerId" : "GLSVR171217",
      "lastSynchronizedDate" : null,
      "addressNumber" : "1878",
      "sequence" : 0,
      "name" : "Kelurahan Wiyung",
      "mailingName" : "Kelurahan Wiyung",
      "description" : "",
      "firstName" : "",
      "middleName" : "",
      "lastName" : "",
      "nickname" : "",
      "salutation" : "",
      "gender" : "",
      "type" : "C",
      "religion" : "",
      "dateOfBirth" : null,
      "placeOfBirth" : "",
      "socialSecurityNumber" : "",
      "socialSecurityDate" : null,
      "mediaObjectReference" : "",
      "lastUpdateDateTime" : "2017-12-17T00:00:00",
      "inputDateTime" : "2017-12-17T00:00:00",
      "_links" : {
        "self" : {
          "href" : "http://localhost/api/contacts/1878_0"
        },
        "contactPerson" : {
          "href" : "http://localhost/api/contacts/1878_0"
        },
        "master" : {
          "href" : "http://localhost/api/contacts/1878_0/master"
        }
      }
    }, {
      "inputUserId" : "QSA",
      "lastUpdateUserId" : "QSA",
      "computerId" : "GLSVR171217",
      "lastSynchronizedDate" : null,
      "addressNumber" : "1879",
      "sequence" : 0,
      "name" : "Kendra",
      "mailingName" : "Kendra",
      "description" : "",
      "firstName" : "",
      "middleName" : "",
      "lastName" : "",
      "nickname" : "",
      "salutation" : "",
      "gender" : "",
      "type" : "C",
      "religion" : "",
      "dateOfBirth" : null,
      "placeOfBirth" : "",
      "socialSecurityNumber" : "",
      "socialSecurityDate" : null,
      "mediaObjectReference" : "",
      "lastUpdateDateTime" : "2017-12-17T00:00:00",
      "inputDateTime" : "2017-12-17T00:00:00",
      "_links" : {
        "self" : {
          "href" : "http://localhost/api/contacts/1879_0"
        },
        "contactPerson" : {
          "href" : "http://localhost/api/contacts/1879_0"
        },
        "master" : {
          "href" : "http://localhost/api/contacts/1879_0/master"
        }
      }
    }, {
      "inputUserId" : "QSA",
      "lastUpdateUserId" : "QSA",
      "computerId" : "GLSVR171217",
      "lastSynchronizedDate" : null,
      "addressNumber" : "1880",
      "sequence" : 0,
      "name" : "Kevin",
      "mailingName" : "Kevin",
      "description" : "",
      "firstName" : "",
      "middleName" : "",
      "lastName" : "",
      "nickname" : "",
      "salutation" : "",
      "gender" : "",
      "type" : "C",
      "religion" : "",
      "dateOfBirth" : null,
      "placeOfBirth" : "",
      "socialSecurityNumber" : "",
      "socialSecurityDate" : null,
      "mediaObjectReference" : "",
      "lastUpdateDateTime" : "2017-12-17T00:00:00",
      "inputDateTime" : "2017-12-17T00:00:00",
      "_links" : {
        "self" : {
          "href" : "http://localhost/api/contacts/1880_0"
        },
        "contactPerson" : {
          "href" : "http://localhost/api/contacts/1880_0"
        },
        "master" : {
          "href" : "http://localhost/api/contacts/1880_0/master"
        }
      }
    }, {
      "inputUserId" : "QSA",
      "lastUpdateUserId" : "QSA",
      "computerId" : "GLSVR171217",
      "lastSynchronizedDate" : null,
      "addressNumber" : "1881",
      "sequence" : 0,
      "name" : "K-Galaxy",
      "mailingName" : "K-Galaxy",
      "description" : "",
      "firstName" : "",
      "middleName" : "",
      "lastName" : "",
      "nickname" : "",
      "salutation" : "",
      "gender" : "",
      "type" : "C",
      "religion" : "",
      "dateOfBirth" : null,
      "placeOfBirth" : "",
      "socialSecurityNumber" : "",
      "socialSecurityDate" : null,
      "mediaObjectReference" : "",
      "lastUpdateDateTime" : "2017-12-17T00:00:00",
      "inputDateTime" : "2017-12-17T00:00:00",
      "_links" : {
        "self" : {
          "href" : "http://localhost/api/contacts/1881_0"
        },
        "contactPerson" : {
          "href" : "http://localhost/api/contacts/1881_0"
        },
        "master" : {
          "href" : "http://localhost/api/contacts/1881_0/master"
        }
      }
    }, {
      "inputUserId" : "QSA",
      "lastUpdateUserId" : "QSA",
      "computerId" : "GLSVR171217",
      "lastSynchronizedDate" : null,
      "addressNumber" : "1882",
      "sequence" : 0,
      "name" : "KGR Notebook",
      "mailingName" : "KGR Notebook",
      "description" : "",
      "firstName" : "",
      "middleName" : "",
      "lastName" : "",
      "nickname" : "",
      "salutation" : "",
      "gender" : "",
      "type" : "C",
      "religion" : "",
      "dateOfBirth" : null,
      "placeOfBirth" : "",
      "socialSecurityNumber" : "",
      "socialSecurityDate" : null,
      "mediaObjectReference" : "",
      "lastUpdateDateTime" : "2017-12-17T00:00:00",
      "inputDateTime" : "2017-12-17T00:00:00",
      "_links" : {
        "self" : {
          "href" : "http://localhost/api/contacts/1882_0"
        },
        "contactPerson" : {
          "href" : "http://localhost/api/contacts/1882_0"
        },
        "master" : {
          "href" : "http://localhost/api/contacts/1882_0/master"
        }
      }
    }, {
      "inputUserId" : "QSA",
      "lastUpdateUserId" : "QSA",
      "computerId" : "GLSVR171217",
      "lastSynchronizedDate" : null,
      "addressNumber" : "1883",
      "sequence" : 0,
      "name" : "Khamirul",
      "mailingName" : "Khamirul",
      "description" : "",
      "firstName" : "",
      "middleName" : "",
      "lastName" : "",
      "nickname" : "",
      "salutation" : "",
      "gender" : "",
      "type" : "C",
      "religion" : "",
      "dateOfBirth" : null,
      "placeOfBirth" : "",
      "socialSecurityNumber" : "",
      "socialSecurityDate" : null,
      "mediaObjectReference" : "",
      "lastUpdateDateTime" : "2017-12-17T00:00:00",
      "inputDateTime" : "2017-12-17T00:00:00",
      "_links" : {
        "self" : {
          "href" : "http://localhost/api/contacts/1883_0"
        },
        "contactPerson" : {
          "href" : "http://localhost/api/contacts/1883_0"
        },
        "master" : {
          "href" : "http://localhost/api/contacts/1883_0/master"
        }
      }
    }, {
      "inputUserId" : "QSA",
      "lastUpdateUserId" : "QSA",
      "computerId" : "GLSVR171217",
      "lastSynchronizedDate" : null,
      "addressNumber" : "1884",
      "sequence" : 0,
      "name" : "Kharidzah",
      "mailingName" : "Kharidzah",
      "description" : "",
      "firstName" : "",
      "middleName" : "",
      "lastName" : "",
      "nickname" : "",
      "salutation" : "",
      "gender" : "",
      "type" : "C",
      "religion" : "",
      "dateOfBirth" : null,
      "placeOfBirth" : "",
      "socialSecurityNumber" : "",
      "socialSecurityDate" : null,
      "mediaObjectReference" : "",
      "lastUpdateDateTime" : "2017-12-17T00:00:00",
      "inputDateTime" : "2017-12-17T00:00:00",
      "_links" : {
        "self" : {
          "href" : "http://localhost/api/contacts/1884_0"
        },
        "contactPerson" : {
          "href" : "http://localhost/api/contacts/1884_0"
        },
        "master" : {
          "href" : "http://localhost/api/contacts/1884_0/master"
        }
      }
    }, {
      "inputUserId" : "QSA",
      "lastUpdateUserId" : "QSA",
      "computerId" : "GLSVR171217",
      "lastSynchronizedDate" : null,
      "addressNumber" : "1885",
      "sequence" : 0,
      "name" : "Kharisma",
      "mailingName" : "Kharisma",
      "description" : "",
      "firstName" : "",
      "middleName" : "",
      "lastName" : "",
      "nickname" : "",
      "salutation" : "",
      "gender" : "",
      "type" : "C",
      "religion" : "",
      "dateOfBirth" : null,
      "placeOfBirth" : "",
      "socialSecurityNumber" : "",
      "socialSecurityDate" : null,
      "mediaObjectReference" : "",
      "lastUpdateDateTime" : "2017-12-17T00:00:00",
      "inputDateTime" : "2017-12-17T00:00:00",
      "_links" : {
        "self" : {
          "href" : "http://localhost/api/contacts/1885_0"
        },
        "contactPerson" : {
          "href" : "http://localhost/api/contacts/1885_0"
        },
        "master" : {
          "href" : "http://localhost/api/contacts/1885_0/master"
        }
      }
    }, {
      "inputUserId" : "QSA",
      "lastUpdateUserId" : "QSA",
      "computerId" : "GLSVR171217",
      "lastSynchronizedDate" : null,
      "addressNumber" : "1886",
      "sequence" : 0,
      "name" : "Kharisma Com",
      "mailingName" : "Kharisma Com",
      "description" : "",
      "firstName" : "",
      "middleName" : "",
      "lastName" : "",
      "nickname" : "",
      "salutation" : "",
      "gender" : "",
      "type" : "C",
      "religion" : "",
      "dateOfBirth" : null,
      "placeOfBirth" : "",
      "socialSecurityNumber" : "",
      "socialSecurityDate" : null,
      "mediaObjectReference" : "",
      "lastUpdateDateTime" : "2017-12-17T00:00:00",
      "inputDateTime" : "2017-12-17T00:00:00",
      "_links" : {
        "self" : {
          "href" : "http://localhost/api/contacts/1886_0"
        },
        "contactPerson" : {
          "href" : "http://localhost/api/contacts/1886_0"
        },
        "master" : {
          "href" : "http://localhost/api/contacts/1886_0/master"
        }
      }
    }, {
      "inputUserId" : "QSA",
      "lastUpdateUserId" : "QSA",
      "computerId" : "GLSVR171217",
      "lastSynchronizedDate" : null,
      "addressNumber" : "1887",
      "sequence" : 0,
      "name" : "Kharisma Computer",
      "mailingName" : "Kharisma Computer",
      "description" : "",
      "firstName" : "",
      "middleName" : "",
      "lastName" : "",
      "nickname" : "",
      "salutation" : "",
      "gender" : "",
      "type" : "C",
      "religion" : "",
      "dateOfBirth" : null,
      "placeOfBirth" : "",
      "socialSecurityNumber" : "",
      "socialSecurityDate" : null,
      "mediaObjectReference" : "",
      "lastUpdateDateTime" : "2017-12-17T00:00:00",
      "inputDateTime" : "2017-12-17T00:00:00",
      "_links" : {
        "self" : {
          "href" : "http://localhost/api/contacts/1887_0"
        },
        "contactPerson" : {
          "href" : "http://localhost/api/contacts/1887_0"
        },
        "master" : {
          "href" : "http://localhost/api/contacts/1887_0/master"
        }
      }
    }, {
      "inputUserId" : "QSA",
      "lastUpdateUserId" : "QSA",
      "computerId" : "GLSVR171217",
      "lastSynchronizedDate" : null,
      "addressNumber" : "1888",
      "sequence" : 0,
      "name" : "Kharisma Jaya Laptop",
      "mailingName" : "Kharisma Jaya Laptop",
      "description" : "",
      "firstName" : "",
      "middleName" : "",
      "lastName" : "",
      "nickname" : "",
      "salutation" : "",
      "gender" : "",
      "type" : "C",
      "religion" : "",
      "dateOfBirth" : null,
      "placeOfBirth" : "",
      "socialSecurityNumber" : "",
      "socialSecurityDate" : null,
      "mediaObjectReference" : "",
      "lastUpdateDateTime" : "2017-12-17T00:00:00",
      "inputDateTime" : "2017-12-17T00:00:00",
      "_links" : {
        "self" : {
          "href" : "http://localhost/api/contacts/1888_0"
        },
        "contactPerson" : {
          "href" : "http://localhost/api/contacts/1888_0"
        },
        "master" : {
          "href" : "http://localhost/api/contacts/1888_0/master"
        }
      }
    }, {
      "inputUserId" : "QSA",
      "lastUpdateUserId" : "QSA",
      "computerId" : "GLSVR171217",
      "lastSynchronizedDate" : null,
      "addressNumber" : "1889",
      "sequence" : 0,
      "name" : "Khoiril Anwar",
      "mailingName" : "Khoiril Anwar",
      "description" : "",
      "firstName" : "",
      "middleName" : "",
      "lastName" : "",
      "nickname" : "",
      "salutation" : "",
      "gender" : "",
      "type" : "C",
      "religion" : "",
      "dateOfBirth" : null,
      "placeOfBirth" : "",
      "socialSecurityNumber" : "",
      "socialSecurityDate" : null,
      "mediaObjectReference" : "",
      "lastUpdateDateTime" : "2017-12-17T00:00:00",
      "inputDateTime" : "2017-12-17T00:00:00",
      "_links" : {
        "self" : {
          "href" : "http://localhost/api/contacts/1889_0"
        },
        "contactPerson" : {
          "href" : "http://localhost/api/contacts/1889_0"
        },
        "master" : {
          "href" : "http://localhost/api/contacts/1889_0/master"
        }
      }
    }, {
      "inputUserId" : "QSA",
      "lastUpdateUserId" : "QSA",
      "computerId" : "GLSVR171217",
      "lastSynchronizedDate" : null,
      "addressNumber" : "1890",
      "sequence" : 0,
      "name" : "Khoirul",
      "mailingName" : "Khoirul",
      "description" : "",
      "firstName" : "",
      "middleName" : "",
      "lastName" : "",
      "nickname" : "",
      "salutation" : "",
      "gender" : "",
      "type" : "C",
      "religion" : "",
      "dateOfBirth" : null,
      "placeOfBirth" : "",
      "socialSecurityNumber" : "",
      "socialSecurityDate" : null,
      "mediaObjectReference" : "",
      "lastUpdateDateTime" : "2017-12-17T00:00:00",
      "inputDateTime" : "2017-12-17T00:00:00",
      "_links" : {
        "self" : {
          "href" : "http://localhost/api/contacts/1890_0"
        },
        "contactPerson" : {
          "href" : "http://localhost/api/contacts/1890_0"
        },
        "master" : {
          "href" : "http://localhost/api/contacts/1890_0/master"
        }
      }
    }, {
      "inputUserId" : "QSA",
      "lastUpdateUserId" : "QSA",
      "computerId" : "GLSVR171217",
      "lastSynchronizedDate" : null,
      "addressNumber" : "1891",
      "sequence" : 0,
      "name" : "Kholiq",
      "mailingName" : "Kholiq",
      "description" : "",
      "firstName" : "",
      "middleName" : "",
      "lastName" : "",
      "nickname" : "",
      "salutation" : "",
      "gender" : "",
      "type" : "C",
      "religion" : "",
      "dateOfBirth" : null,
      "placeOfBirth" : "",
      "socialSecurityNumber" : "",
      "socialSecurityDate" : null,
      "mediaObjectReference" : "",
      "lastUpdateDateTime" : "2017-12-17T00:00:00",
      "inputDateTime" : "2017-12-17T00:00:00",
      "_links" : {
        "self" : {
          "href" : "http://localhost/api/contacts/1891_0"
        },
        "contactPerson" : {
          "href" : "http://localhost/api/contacts/1891_0"
        },
        "master" : {
          "href" : "http://localhost/api/contacts/1891_0/master"
        }
      }
    }, {
      "inputUserId" : "QSA",
      "lastUpdateUserId" : "QSA",
      "computerId" : "GLSVR171217",
      "lastSynchronizedDate" : null,
      "addressNumber" : "1892",
      "sequence" : 0,
      "name" : "khrisna",
      "mailingName" : "khrisna",
      "description" : "",
      "firstName" : "",
      "middleName" : "",
      "lastName" : "",
      "nickname" : "",
      "salutation" : "",
      "gender" : "",
      "type" : "C",
      "religion" : "",
      "dateOfBirth" : null,
      "placeOfBirth" : "",
      "socialSecurityNumber" : "",
      "socialSecurityDate" : null,
      "mediaObjectReference" : "",
      "lastUpdateDateTime" : "2017-12-17T00:00:00",
      "inputDateTime" : "2017-12-17T00:00:00",
      "_links" : {
        "self" : {
          "href" : "http://localhost/api/contacts/1892_0"
        },
        "contactPerson" : {
          "href" : "http://localhost/api/contacts/1892_0"
        },
        "master" : {
          "href" : "http://localhost/api/contacts/1892_0/master"
        }
      }
    }, {
      "inputUserId" : "QSA",
      "lastUpdateUserId" : "QSA",
      "computerId" : "GLSVR171217",
      "lastSynchronizedDate" : null,
      "addressNumber" : "1893",
      "sequence" : 0,
      "name" : "Kiki",
      "mailingName" : "Kiki",
      "description" : "",
      "firstName" : "",
      "middleName" : "",
      "lastName" : "",
      "nickname" : "",
      "salutation" : "",
      "gender" : "",
      "type" : "C",
      "religion" : "",
      "dateOfBirth" : null,
      "placeOfBirth" : "",
      "socialSecurityNumber" : "",
      "socialSecurityDate" : null,
      "mediaObjectReference" : "",
      "lastUpdateDateTime" : "2017-12-17T00:00:00",
      "inputDateTime" : "2017-12-17T00:00:00",
      "_links" : {
        "self" : {
          "href" : "http://localhost/api/contacts/1893_0"
        },
        "contactPerson" : {
          "href" : "http://localhost/api/contacts/1893_0"
        },
        "master" : {
          "href" : "http://localhost/api/contacts/1893_0/master"
        }
      }
    }, {
      "inputUserId" : "QSA",
      "lastUpdateUserId" : "QSA",
      "computerId" : "GLSVR171217",
      "lastSynchronizedDate" : null,
      "addressNumber" : "1894",
      "sequence" : 0,
      "name" : "Kim",
      "mailingName" : "Kim",
      "description" : "",
      "firstName" : "",
      "middleName" : "",
      "lastName" : "",
      "nickname" : "",
      "salutation" : "",
      "gender" : "",
      "type" : "C",
      "religion" : "",
      "dateOfBirth" : null,
      "placeOfBirth" : "",
      "socialSecurityNumber" : "",
      "socialSecurityDate" : null,
      "mediaObjectReference" : "",
      "lastUpdateDateTime" : "2017-12-17T00:00:00",
      "inputDateTime" : "2017-12-17T00:00:00",
      "_links" : {
        "self" : {
          "href" : "http://localhost/api/contacts/1894_0"
        },
        "contactPerson" : {
          "href" : "http://localhost/api/contacts/1894_0"
        },
        "master" : {
          "href" : "http://localhost/api/contacts/1894_0/master"
        }
      }
    }, {
      "inputUserId" : "QSA",
      "lastUpdateUserId" : "QSA",
      "computerId" : "GLSVR171217",
      "lastSynchronizedDate" : null,
      "addressNumber" : "1895",
      "sequence" : 0,
      "name" : "Kim Changwook",
      "mailingName" : "Kim Changwook",
      "description" : "",
      "firstName" : "",
      "middleName" : "",
      "lastName" : "",
      "nickname" : "",
      "salutation" : "",
      "gender" : "",
      "type" : "C",
      "religion" : "",
      "dateOfBirth" : null,
      "placeOfBirth" : "",
      "socialSecurityNumber" : "",
      "socialSecurityDate" : null,
      "mediaObjectReference" : "",
      "lastUpdateDateTime" : "2017-12-17T00:00:00",
      "inputDateTime" : "2017-12-17T00:00:00",
      "_links" : {
        "self" : {
          "href" : "http://localhost/api/contacts/1895_0"
        },
        "contactPerson" : {
          "href" : "http://localhost/api/contacts/1895_0"
        },
        "master" : {
          "href" : "http://localhost/api/contacts/1895_0/master"
        }
      }
    }, {
      "inputUserId" : "QSA",
      "lastUpdateUserId" : "QSA",
      "computerId" : "GLSVR171217",
      "lastSynchronizedDate" : null,
      "addressNumber" : "1896",
      "sequence" : 0,
      "name" : "Kiwi Computer",
      "mailingName" : "Kiwi Computer",
      "description" : "",
      "firstName" : "",
      "middleName" : "",
      "lastName" : "",
      "nickname" : "",
      "salutation" : "",
      "gender" : "",
      "type" : "C",
      "religion" : "",
      "dateOfBirth" : null,
      "placeOfBirth" : "",
      "socialSecurityNumber" : "",
      "socialSecurityDate" : null,
      "mediaObjectReference" : "",
      "lastUpdateDateTime" : "2017-12-17T00:00:00",
      "inputDateTime" : "2017-12-17T00:00:00",
      "_links" : {
        "self" : {
          "href" : "http://localhost/api/contacts/1896_0"
        },
        "contactPerson" : {
          "href" : "http://localhost/api/contacts/1896_0"
        },
        "master" : {
          "href" : "http://localhost/api/contacts/1896_0/master"
        }
      }
    }, {
      "inputUserId" : "QSA",
      "lastUpdateUserId" : "QSA",
      "computerId" : "GLSVR171217",
      "lastSynchronizedDate" : null,
      "addressNumber" : "1897",
      "sequence" : 0,
      "name" : "Kliks Store",
      "mailingName" : "Kliks Store",
      "description" : "",
      "firstName" : "",
      "middleName" : "",
      "lastName" : "",
      "nickname" : "",
      "salutation" : "",
      "gender" : "",
      "type" : "C",
      "religion" : "",
      "dateOfBirth" : null,
      "placeOfBirth" : "",
      "socialSecurityNumber" : "",
      "socialSecurityDate" : null,
      "mediaObjectReference" : "",
      "lastUpdateDateTime" : "2017-12-17T00:00:00",
      "inputDateTime" : "2017-12-17T00:00:00",
      "_links" : {
        "self" : {
          "href" : "http://localhost/api/contacts/1897_0"
        },
        "contactPerson" : {
          "href" : "http://localhost/api/contacts/1897_0"
        },
        "master" : {
          "href" : "http://localhost/api/contacts/1897_0/master"
        }
      }
    }, {
      "inputUserId" : "QSA",
      "lastUpdateUserId" : "QSA",
      "computerId" : "GLSVR171217",
      "lastSynchronizedDate" : null,
      "addressNumber" : "1898",
      "sequence" : 0,
      "name" : "Klinik Plus Ridho",
      "mailingName" : "Klinik Plus Ridho",
      "description" : "",
      "firstName" : "",
      "middleName" : "",
      "lastName" : "",
      "nickname" : "",
      "salutation" : "",
      "gender" : "",
      "type" : "C",
      "religion" : "",
      "dateOfBirth" : null,
      "placeOfBirth" : "",
      "socialSecurityNumber" : "",
      "socialSecurityDate" : null,
      "mediaObjectReference" : "",
      "lastUpdateDateTime" : "2017-12-17T00:00:00",
      "inputDateTime" : "2017-12-17T00:00:00",
      "_links" : {
        "self" : {
          "href" : "http://localhost/api/contacts/1898_0"
        },
        "contactPerson" : {
          "href" : "http://localhost/api/contacts/1898_0"
        },
        "master" : {
          "href" : "http://localhost/api/contacts/1898_0/master"
        }
      }
    }, {
      "inputUserId" : "QSA",
      "lastUpdateUserId" : "QSA",
      "computerId" : "GLSVR171217",
      "lastSynchronizedDate" : null,
      "addressNumber" : "1899",
      "sequence" : 0,
      "name" : "Ko Aming",
      "mailingName" : "Ko Aming",
      "description" : "",
      "firstName" : "",
      "middleName" : "",
      "lastName" : "",
      "nickname" : "",
      "salutation" : "",
      "gender" : "",
      "type" : "C",
      "religion" : "",
      "dateOfBirth" : null,
      "placeOfBirth" : "",
      "socialSecurityNumber" : "",
      "socialSecurityDate" : null,
      "mediaObjectReference" : "",
      "lastUpdateDateTime" : "2017-12-17T00:00:00",
      "inputDateTime" : "2017-12-17T00:00:00",
      "_links" : {
        "self" : {
          "href" : "http://localhost/api/contacts/1899_0"
        },
        "contactPerson" : {
          "href" : "http://localhost/api/contacts/1899_0"
        },
        "master" : {
          "href" : "http://localhost/api/contacts/1899_0/master"
        }
      }
    }, {
      "inputUserId" : "QSA",
      "lastUpdateUserId" : "QSA",
      "computerId" : "GLSVR171217",
      "lastSynchronizedDate" : null,
      "addressNumber" : "1900",
      "sequence" : 0,
      "name" : "Ko Widhi",
      "mailingName" : "Ko Widhi",
      "description" : "",
      "firstName" : "",
      "middleName" : "",
      "lastName" : "",
      "nickname" : "",
      "salutation" : "",
      "gender" : "",
      "type" : "C",
      "religion" : "",
      "dateOfBirth" : null,
      "placeOfBirth" : "",
      "socialSecurityNumber" : "",
      "socialSecurityDate" : null,
      "mediaObjectReference" : "",
      "lastUpdateDateTime" : "2017-12-17T00:00:00",
      "inputDateTime" : "2017-12-17T00:00:00",
      "_links" : {
        "self" : {
          "href" : "http://localhost/api/contacts/1900_0"
        },
        "contactPerson" : {
          "href" : "http://localhost/api/contacts/1900_0"
        },
        "master" : {
          "href" : "http://localhost/api/contacts/1900_0/master"
        }
      }
    }, {
      "inputUserId" : "QSA",
      "lastUpdateUserId" : "QSA",
      "computerId" : "GLSVR171217",
      "lastSynchronizedDate" : null,
      "addressNumber" : "1901",
      "sequence" : 0,
      "name" : "Koko Comp",
      "mailingName" : "Koko Comp",
      "description" : "",
      "firstName" : "",
      "middleName" : "",
      "lastName" : "",
      "nickname" : "",
      "salutation" : "",
      "gender" : "",
      "type" : "C",
      "religion" : "",
      "dateOfBirth" : null,
      "placeOfBirth" : "",
      "socialSecurityNumber" : "",
      "socialSecurityDate" : null,
      "mediaObjectReference" : "",
      "lastUpdateDateTime" : "2017-12-17T00:00:00",
      "inputDateTime" : "2017-12-17T00:00:00",
      "_links" : {
        "self" : {
          "href" : "http://localhost/api/contacts/1901_0"
        },
        "contactPerson" : {
          "href" : "http://localhost/api/contacts/1901_0"
        },
        "master" : {
          "href" : "http://localhost/api/contacts/1901_0/master"
        }
      }
    }, {
      "inputUserId" : "QSA",
      "lastUpdateUserId" : "QSA",
      "computerId" : "GLSVR171217",
      "lastSynchronizedDate" : null,
      "addressNumber" : "1902",
      "sequence" : 0,
      "name" : "Komputama",
      "mailingName" : "Komputama",
      "description" : "",
      "firstName" : "",
      "middleName" : "",
      "lastName" : "",
      "nickname" : "",
      "salutation" : "",
      "gender" : "",
      "type" : "C",
      "religion" : "",
      "dateOfBirth" : null,
      "placeOfBirth" : "",
      "socialSecurityNumber" : "",
      "socialSecurityDate" : null,
      "mediaObjectReference" : "",
      "lastUpdateDateTime" : "2017-12-17T00:00:00",
      "inputDateTime" : "2017-12-17T00:00:00",
      "_links" : {
        "self" : {
          "href" : "http://localhost/api/contacts/1902_0"
        },
        "contactPerson" : {
          "href" : "http://localhost/api/contacts/1902_0"
        },
        "master" : {
          "href" : "http://localhost/api/contacts/1902_0/master"
        }
      }
    }, {
      "inputUserId" : "QSA",
      "lastUpdateUserId" : "QSA",
      "computerId" : "GLSVR171217",
      "lastSynchronizedDate" : null,
      "addressNumber" : "1903",
      "sequence" : 0,
      "name" : "Konsulat Jendral Republik Indonesia Jeddah Arab Saudi",
      "mailingName" : "Konsulat Jendral Republik Indonesia Jeddah Arab Saudi",
      "description" : "",
      "firstName" : "",
      "middleName" : "",
      "lastName" : "",
      "nickname" : "",
      "salutation" : "",
      "gender" : "",
      "type" : "C",
      "religion" : "",
      "dateOfBirth" : null,
      "placeOfBirth" : "",
      "socialSecurityNumber" : "",
      "socialSecurityDate" : null,
      "mediaObjectReference" : "",
      "lastUpdateDateTime" : "2017-12-17T00:00:00",
      "inputDateTime" : "2017-12-17T00:00:00",
      "_links" : {
        "self" : {
          "href" : "http://localhost/api/contacts/1903_0"
        },
        "contactPerson" : {
          "href" : "http://localhost/api/contacts/1903_0"
        },
        "master" : {
          "href" : "http://localhost/api/contacts/1903_0/master"
        }
      }
    }, {
      "inputUserId" : "QSA",
      "lastUpdateUserId" : "QSA",
      "computerId" : "GLSVR171217",
      "lastSynchronizedDate" : null,
      "addressNumber" : "1904",
      "sequence" : 0,
      "name" : "Kop. Karyawan Pupuk Kaltim",
      "mailingName" : "Kop. Karyawan Pupuk Kaltim",
      "description" : "",
      "firstName" : "",
      "middleName" : "",
      "lastName" : "",
      "nickname" : "",
      "salutation" : "",
      "gender" : "",
      "type" : "C",
      "religion" : "",
      "dateOfBirth" : null,
      "placeOfBirth" : "",
      "socialSecurityNumber" : "",
      "socialSecurityDate" : null,
      "mediaObjectReference" : "",
      "lastUpdateDateTime" : "2017-12-17T00:00:00",
      "inputDateTime" : "2017-12-17T00:00:00",
      "_links" : {
        "self" : {
          "href" : "http://localhost/api/contacts/1904_0"
        },
        "contactPerson" : {
          "href" : "http://localhost/api/contacts/1904_0"
        },
        "master" : {
          "href" : "http://localhost/api/contacts/1904_0/master"
        }
      }
    }, {
      "inputUserId" : "QSA",
      "lastUpdateUserId" : "QSA",
      "computerId" : "GLSVR171217",
      "lastSynchronizedDate" : null,
      "addressNumber" : "1905",
      "sequence" : 0,
      "name" : "Kop.Mahasiswa UGM",
      "mailingName" : "Kop.Mahasiswa UGM",
      "description" : "",
      "firstName" : "",
      "middleName" : "",
      "lastName" : "",
      "nickname" : "",
      "salutation" : "",
      "gender" : "",
      "type" : "C",
      "religion" : "",
      "dateOfBirth" : null,
      "placeOfBirth" : "",
      "socialSecurityNumber" : "",
      "socialSecurityDate" : null,
      "mediaObjectReference" : "",
      "lastUpdateDateTime" : "2017-12-17T00:00:00",
      "inputDateTime" : "2017-12-17T00:00:00",
      "_links" : {
        "self" : {
          "href" : "http://localhost/api/contacts/1905_0"
        },
        "contactPerson" : {
          "href" : "http://localhost/api/contacts/1905_0"
        },
        "master" : {
          "href" : "http://localhost/api/contacts/1905_0/master"
        }
      }
    }, {
      "inputUserId" : "QSA",
      "lastUpdateUserId" : "QSA",
      "computerId" : "GLSVR171217",
      "lastSynchronizedDate" : null,
      "addressNumber" : "1906",
      "sequence" : 0,
      "name" : "Korvclanes",
      "mailingName" : "Korvclanes",
      "description" : "",
      "firstName" : "",
      "middleName" : "",
      "lastName" : "",
      "nickname" : "",
      "salutation" : "",
      "gender" : "",
      "type" : "C",
      "religion" : "",
      "dateOfBirth" : null,
      "placeOfBirth" : "",
      "socialSecurityNumber" : "",
      "socialSecurityDate" : null,
      "mediaObjectReference" : "",
      "lastUpdateDateTime" : "2017-12-17T00:00:00",
      "inputDateTime" : "2017-12-17T00:00:00",
      "_links" : {
        "self" : {
          "href" : "http://localhost/api/contacts/1906_0"
        },
        "contactPerson" : {
          "href" : "http://localhost/api/contacts/1906_0"
        },
        "master" : {
          "href" : "http://localhost/api/contacts/1906_0/master"
        }
      }
    }, {
      "inputUserId" : "QSA",
      "lastUpdateUserId" : "QSA",
      "computerId" : "GLSVR171217",
      "lastSynchronizedDate" : null,
      "addressNumber" : "1907",
      "sequence" : 0,
      "name" : "Krank",
      "mailingName" : "Krank",
      "description" : "",
      "firstName" : "",
      "middleName" : "",
      "lastName" : "",
      "nickname" : "",
      "salutation" : "",
      "gender" : "",
      "type" : "C",
      "religion" : "",
      "dateOfBirth" : null,
      "placeOfBirth" : "",
      "socialSecurityNumber" : "",
      "socialSecurityDate" : null,
      "mediaObjectReference" : "",
      "lastUpdateDateTime" : "2017-12-17T00:00:00",
      "inputDateTime" : "2017-12-17T00:00:00",
      "_links" : {
        "self" : {
          "href" : "http://localhost/api/contacts/1907_0"
        },
        "contactPerson" : {
          "href" : "http://localhost/api/contacts/1907_0"
        },
        "master" : {
          "href" : "http://localhost/api/contacts/1907_0/master"
        }
      }
    }, {
      "inputUserId" : "QSA",
      "lastUpdateUserId" : "QSA",
      "computerId" : "GLSVR171217",
      "lastSynchronizedDate" : null,
      "addressNumber" : "1908",
      "sequence" : 0,
      "name" : "Krank Store",
      "mailingName" : "Krank Store",
      "description" : "",
      "firstName" : "",
      "middleName" : "",
      "lastName" : "",
      "nickname" : "",
      "salutation" : "",
      "gender" : "",
      "type" : "C",
      "religion" : "",
      "dateOfBirth" : null,
      "placeOfBirth" : "",
      "socialSecurityNumber" : "",
      "socialSecurityDate" : null,
      "mediaObjectReference" : "",
      "lastUpdateDateTime" : "2017-12-17T00:00:00",
      "inputDateTime" : "2017-12-17T00:00:00",
      "_links" : {
        "self" : {
          "href" : "http://localhost/api/contacts/1908_0"
        },
        "contactPerson" : {
          "href" : "http://localhost/api/contacts/1908_0"
        },
        "master" : {
          "href" : "http://localhost/api/contacts/1908_0/master"
        }
      }
    }, {
      "inputUserId" : "QSA",
      "lastUpdateUserId" : "QSA",
      "computerId" : "GLSVR171217",
      "lastSynchronizedDate" : null,
      "addressNumber" : "1909",
      "sequence" : 0,
      "name" : "Krisna",
      "mailingName" : "Krisna",
      "description" : "",
      "firstName" : "",
      "middleName" : "",
      "lastName" : "",
      "nickname" : "",
      "salutation" : "",
      "gender" : "",
      "type" : "C",
      "religion" : "",
      "dateOfBirth" : null,
      "placeOfBirth" : "",
      "socialSecurityNumber" : "",
      "socialSecurityDate" : null,
      "mediaObjectReference" : "",
      "lastUpdateDateTime" : "2017-12-17T00:00:00",
      "inputDateTime" : "2017-12-17T00:00:00",
      "_links" : {
        "self" : {
          "href" : "http://localhost/api/contacts/1909_0"
        },
        "contactPerson" : {
          "href" : "http://localhost/api/contacts/1909_0"
        },
        "master" : {
          "href" : "http://localhost/api/contacts/1909_0/master"
        }
      }
    }, {
      "inputUserId" : "QSA",
      "lastUpdateUserId" : "QSA",
      "computerId" : "GLSVR171217",
      "lastSynchronizedDate" : null,
      "addressNumber" : "1910",
      "sequence" : 0,
      "name" : "Kristian",
      "mailingName" : "Kristian",
      "description" : "",
      "firstName" : "",
      "middleName" : "",
      "lastName" : "",
      "nickname" : "",
      "salutation" : "",
      "gender" : "",
      "type" : "C",
      "religion" : "",
      "dateOfBirth" : null,
      "placeOfBirth" : "",
      "socialSecurityNumber" : "",
      "socialSecurityDate" : null,
      "mediaObjectReference" : "",
      "lastUpdateDateTime" : "2017-12-17T00:00:00",
      "inputDateTime" : "2017-12-17T00:00:00",
      "_links" : {
        "self" : {
          "href" : "http://localhost/api/contacts/1910_0"
        },
        "contactPerson" : {
          "href" : "http://localhost/api/contacts/1910_0"
        },
        "master" : {
          "href" : "http://localhost/api/contacts/1910_0/master"
        }
      }
    }, {
      "inputUserId" : "QSA",
      "lastUpdateUserId" : "QSA",
      "computerId" : "GLSVR171217",
      "lastSynchronizedDate" : null,
      "addressNumber" : "1911",
      "sequence" : 0,
      "name" : "Kuncoro",
      "mailingName" : "Kuncoro",
      "description" : "",
      "firstName" : "",
      "middleName" : "",
      "lastName" : "",
      "nickname" : "",
      "salutation" : "",
      "gender" : "",
      "type" : "C",
      "religion" : "",
      "dateOfBirth" : null,
      "placeOfBirth" : "",
      "socialSecurityNumber" : "",
      "socialSecurityDate" : null,
      "mediaObjectReference" : "",
      "lastUpdateDateTime" : "2017-12-17T00:00:00",
      "inputDateTime" : "2017-12-17T00:00:00",
      "_links" : {
        "self" : {
          "href" : "http://localhost/api/contacts/1911_0"
        },
        "contactPerson" : {
          "href" : "http://localhost/api/contacts/1911_0"
        },
        "master" : {
          "href" : "http://localhost/api/contacts/1911_0/master"
        }
      }
    }, {
      "inputUserId" : "QSA",
      "lastUpdateUserId" : "QSA",
      "computerId" : "GLSVR171217",
      "lastSynchronizedDate" : null,
      "addressNumber" : "1912",
      "sequence" : 0,
      "name" : "Kunto / Satya ERP",
      "mailingName" : "Kunto / Satya ERP",
      "description" : "",
      "firstName" : "",
      "middleName" : "",
      "lastName" : "",
      "nickname" : "",
      "salutation" : "",
      "gender" : "",
      "type" : "C",
      "religion" : "",
      "dateOfBirth" : null,
      "placeOfBirth" : "",
      "socialSecurityNumber" : "",
      "socialSecurityDate" : null,
      "mediaObjectReference" : "",
      "lastUpdateDateTime" : "2017-12-17T00:00:00",
      "inputDateTime" : "2017-12-17T00:00:00",
      "_links" : {
        "self" : {
          "href" : "http://localhost/api/contacts/1912_0"
        },
        "contactPerson" : {
          "href" : "http://localhost/api/contacts/1912_0"
        },
        "master" : {
          "href" : "http://localhost/api/contacts/1912_0/master"
        }
      }
    }, {
      "inputUserId" : "QSA",
      "lastUpdateUserId" : "QSA",
      "computerId" : "GLSVR171217",
      "lastSynchronizedDate" : null,
      "addressNumber" : "1913",
      "sequence" : 0,
      "name" : "Lab Persada",
      "mailingName" : "Lab Persada",
      "description" : "",
      "firstName" : "",
      "middleName" : "",
      "lastName" : "",
      "nickname" : "",
      "salutation" : "",
      "gender" : "",
      "type" : "C",
      "religion" : "",
      "dateOfBirth" : null,
      "placeOfBirth" : "",
      "socialSecurityNumber" : "",
      "socialSecurityDate" : null,
      "mediaObjectReference" : "",
      "lastUpdateDateTime" : "2017-12-17T00:00:00",
      "inputDateTime" : "2017-12-17T00:00:00",
      "_links" : {
        "self" : {
          "href" : "http://localhost/api/contacts/1913_0"
        },
        "contactPerson" : {
          "href" : "http://localhost/api/contacts/1913_0"
        },
        "master" : {
          "href" : "http://localhost/api/contacts/1913_0/master"
        }
      }
    }, {
      "inputUserId" : "QSA",
      "lastUpdateUserId" : "QSA",
      "computerId" : "GLSVR171217",
      "lastSynchronizedDate" : null,
      "addressNumber" : "1914",
      "sequence" : 0,
      "name" : "Laser Computer",
      "mailingName" : "Laser Computer",
      "description" : "",
      "firstName" : "",
      "middleName" : "",
      "lastName" : "",
      "nickname" : "",
      "salutation" : "",
      "gender" : "",
      "type" : "C",
      "religion" : "",
      "dateOfBirth" : null,
      "placeOfBirth" : "",
      "socialSecurityNumber" : "",
      "socialSecurityDate" : null,
      "mediaObjectReference" : "",
      "lastUpdateDateTime" : "2017-12-17T00:00:00",
      "inputDateTime" : "2017-12-17T00:00:00",
      "_links" : {
        "self" : {
          "href" : "http://localhost/api/contacts/1914_0"
        },
        "contactPerson" : {
          "href" : "http://localhost/api/contacts/1914_0"
        },
        "master" : {
          "href" : "http://localhost/api/contacts/1914_0/master"
        }
      }
    }, {
      "inputUserId" : "QSA",
      "lastUpdateUserId" : "QSA",
      "computerId" : "GLSVR171217",
      "lastSynchronizedDate" : null,
      "addressNumber" : "1915",
      "sequence" : 0,
      "name" : "Lasercom",
      "mailingName" : "Lasercom",
      "description" : "",
      "firstName" : "",
      "middleName" : "",
      "lastName" : "",
      "nickname" : "",
      "salutation" : "",
      "gender" : "",
      "type" : "C",
      "religion" : "",
      "dateOfBirth" : null,
      "placeOfBirth" : "",
      "socialSecurityNumber" : "",
      "socialSecurityDate" : null,
      "mediaObjectReference" : "",
      "lastUpdateDateTime" : "2017-12-17T00:00:00",
      "inputDateTime" : "2017-12-17T00:00:00",
      "_links" : {
        "self" : {
          "href" : "http://localhost/api/contacts/1915_0"
        },
        "contactPerson" : {
          "href" : "http://localhost/api/contacts/1915_0"
        },
        "master" : {
          "href" : "http://localhost/api/contacts/1915_0/master"
        }
      }
    }, {
      "inputUserId" : "QSA",
      "lastUpdateUserId" : "QSA",
      "computerId" : "GLSVR171217",
      "lastSynchronizedDate" : null,
      "addressNumber" : "1916",
      "sequence" : 0,
      "name" : "Lawrence",
      "mailingName" : "Lawrence",
      "description" : "",
      "firstName" : "",
      "middleName" : "",
      "lastName" : "",
      "nickname" : "",
      "salutation" : "",
      "gender" : "",
      "type" : "C",
      "religion" : "",
      "dateOfBirth" : null,
      "placeOfBirth" : "",
      "socialSecurityNumber" : "",
      "socialSecurityDate" : null,
      "mediaObjectReference" : "",
      "lastUpdateDateTime" : "2017-12-17T00:00:00",
      "inputDateTime" : "2017-12-17T00:00:00",
      "_links" : {
        "self" : {
          "href" : "http://localhost/api/contacts/1916_0"
        },
        "contactPerson" : {
          "href" : "http://localhost/api/contacts/1916_0"
        },
        "master" : {
          "href" : "http://localhost/api/contacts/1916_0/master"
        }
      }
    }, {
      "inputUserId" : "QSA",
      "lastUpdateUserId" : "QSA",
      "computerId" : "GLSVR171217",
      "lastSynchronizedDate" : null,
      "addressNumber" : "1917",
      "sequence" : 0,
      "name" : "Lazada Surabaya",
      "mailingName" : "Lazada Surabaya",
      "description" : "",
      "firstName" : "",
      "middleName" : "",
      "lastName" : "",
      "nickname" : "",
      "salutation" : "",
      "gender" : "",
      "type" : "C",
      "religion" : "",
      "dateOfBirth" : null,
      "placeOfBirth" : "",
      "socialSecurityNumber" : "",
      "socialSecurityDate" : null,
      "mediaObjectReference" : "",
      "lastUpdateDateTime" : "2017-12-17T00:00:00",
      "inputDateTime" : "2017-12-17T00:00:00",
      "_links" : {
        "self" : {
          "href" : "http://localhost/api/contacts/1917_0"
        },
        "contactPerson" : {
          "href" : "http://localhost/api/contacts/1917_0"
        },
        "master" : {
          "href" : "http://localhost/api/contacts/1917_0/master"
        }
      }
    }, {
      "inputUserId" : "QSA",
      "lastUpdateUserId" : "QSA",
      "computerId" : "GLSVR171217",
      "lastSynchronizedDate" : null,
      "addressNumber" : "1918",
      "sequence" : 0,
      "name" : "Legato",
      "mailingName" : "Legato",
      "description" : "",
      "firstName" : "",
      "middleName" : "",
      "lastName" : "",
      "nickname" : "",
      "salutation" : "",
      "gender" : "",
      "type" : "C",
      "religion" : "",
      "dateOfBirth" : null,
      "placeOfBirth" : "",
      "socialSecurityNumber" : "",
      "socialSecurityDate" : null,
      "mediaObjectReference" : "",
      "lastUpdateDateTime" : "2017-12-17T00:00:00",
      "inputDateTime" : "2017-12-17T00:00:00",
      "_links" : {
        "self" : {
          "href" : "http://localhost/api/contacts/1918_0"
        },
        "contactPerson" : {
          "href" : "http://localhost/api/contacts/1918_0"
        },
        "master" : {
          "href" : "http://localhost/api/contacts/1918_0/master"
        }
      }
    }, {
      "inputUserId" : "QSA",
      "lastUpdateUserId" : "QSA",
      "computerId" : "GLSVR171217",
      "lastSynchronizedDate" : null,
      "addressNumber" : "1919",
      "sequence" : 0,
      "name" : "Legenda",
      "mailingName" : "Legenda",
      "description" : "",
      "firstName" : "",
      "middleName" : "",
      "lastName" : "",
      "nickname" : "",
      "salutation" : "",
      "gender" : "",
      "type" : "C",
      "religion" : "",
      "dateOfBirth" : null,
      "placeOfBirth" : "",
      "socialSecurityNumber" : "",
      "socialSecurityDate" : null,
      "mediaObjectReference" : "",
      "lastUpdateDateTime" : "2017-12-17T00:00:00",
      "inputDateTime" : "2017-12-17T00:00:00",
      "_links" : {
        "self" : {
          "href" : "http://localhost/api/contacts/1919_0"
        },
        "contactPerson" : {
          "href" : "http://localhost/api/contacts/1919_0"
        },
        "master" : {
          "href" : "http://localhost/api/contacts/1919_0/master"
        }
      }
    }, {
      "inputUserId" : "QSA",
      "lastUpdateUserId" : "QSA",
      "computerId" : "GLSVR171217",
      "lastSynchronizedDate" : null,
      "addressNumber" : "1920",
      "sequence" : 0,
      "name" : "Legiman",
      "mailingName" : "Legiman",
      "description" : "",
      "firstName" : "",
      "middleName" : "",
      "lastName" : "",
      "nickname" : "",
      "salutation" : "",
      "gender" : "",
      "type" : "C",
      "religion" : "",
      "dateOfBirth" : null,
      "placeOfBirth" : "",
      "socialSecurityNumber" : "",
      "socialSecurityDate" : null,
      "mediaObjectReference" : "",
      "lastUpdateDateTime" : "2017-12-17T00:00:00",
      "inputDateTime" : "2017-12-17T00:00:00",
      "_links" : {
        "self" : {
          "href" : "http://localhost/api/contacts/1920_0"
        },
        "contactPerson" : {
          "href" : "http://localhost/api/contacts/1920_0"
        },
        "master" : {
          "href" : "http://localhost/api/contacts/1920_0/master"
        }
      }
    }, {
      "inputUserId" : "QSA",
      "lastUpdateUserId" : "QSA",
      "computerId" : "GLSVR171217",
      "lastSynchronizedDate" : null,
      "addressNumber" : "1921",
      "sequence" : 0,
      "name" : "Lely",
      "mailingName" : "Lely",
      "description" : "",
      "firstName" : "",
      "middleName" : "",
      "lastName" : "",
      "nickname" : "",
      "salutation" : "",
      "gender" : "",
      "type" : "C",
      "religion" : "",
      "dateOfBirth" : null,
      "placeOfBirth" : "",
      "socialSecurityNumber" : "",
      "socialSecurityDate" : null,
      "mediaObjectReference" : "",
      "lastUpdateDateTime" : "2017-12-17T00:00:00",
      "inputDateTime" : "2017-12-17T00:00:00",
      "_links" : {
        "self" : {
          "href" : "http://localhost/api/contacts/1921_0"
        },
        "contactPerson" : {
          "href" : "http://localhost/api/contacts/1921_0"
        },
        "master" : {
          "href" : "http://localhost/api/contacts/1921_0/master"
        }
      }
    }, {
      "inputUserId" : "QSA",
      "lastUpdateUserId" : "QSA",
      "computerId" : "GLSVR171217",
      "lastSynchronizedDate" : null,
      "addressNumber" : "1922",
      "sequence" : 0,
      "name" : "Lenie",
      "mailingName" : "Lenie",
      "description" : "",
      "firstName" : "",
      "middleName" : "",
      "lastName" : "",
      "nickname" : "",
      "salutation" : "",
      "gender" : "",
      "type" : "C",
      "religion" : "",
      "dateOfBirth" : null,
      "placeOfBirth" : "",
      "socialSecurityNumber" : "",
      "socialSecurityDate" : null,
      "mediaObjectReference" : "",
      "lastUpdateDateTime" : "2017-12-17T00:00:00",
      "inputDateTime" : "2017-12-17T00:00:00",
      "_links" : {
        "self" : {
          "href" : "http://localhost/api/contacts/1922_0"
        },
        "contactPerson" : {
          "href" : "http://localhost/api/contacts/1922_0"
        },
        "master" : {
          "href" : "http://localhost/api/contacts/1922_0/master"
        }
      }
    }, {
      "inputUserId" : "QSA",
      "lastUpdateUserId" : "QSA",
      "computerId" : "GLSVR171217",
      "lastSynchronizedDate" : null,
      "addressNumber" : "1923",
      "sequence" : 0,
      "name" : "Leon",
      "mailingName" : "Leon",
      "description" : "",
      "firstName" : "",
      "middleName" : "",
      "lastName" : "",
      "nickname" : "",
      "salutation" : "",
      "gender" : "",
      "type" : "C",
      "religion" : "",
      "dateOfBirth" : null,
      "placeOfBirth" : "",
      "socialSecurityNumber" : "",
      "socialSecurityDate" : null,
      "mediaObjectReference" : "",
      "lastUpdateDateTime" : "2017-12-17T00:00:00",
      "inputDateTime" : "2017-12-17T00:00:00",
      "_links" : {
        "self" : {
          "href" : "http://localhost/api/contacts/1923_0"
        },
        "contactPerson" : {
          "href" : "http://localhost/api/contacts/1923_0"
        },
        "master" : {
          "href" : "http://localhost/api/contacts/1923_0/master"
        }
      }
    }, {
      "inputUserId" : "QSA",
      "lastUpdateUserId" : "QSA",
      "computerId" : "GLSVR171217",
      "lastSynchronizedDate" : null,
      "addressNumber" : "1924",
      "sequence" : 0,
      "name" : "Leonardo",
      "mailingName" : "Leonardo",
      "description" : "",
      "firstName" : "",
      "middleName" : "",
      "lastName" : "",
      "nickname" : "",
      "salutation" : "",
      "gender" : "",
      "type" : "C",
      "religion" : "",
      "dateOfBirth" : null,
      "placeOfBirth" : "",
      "socialSecurityNumber" : "",
      "socialSecurityDate" : null,
      "mediaObjectReference" : "",
      "lastUpdateDateTime" : "2017-12-17T00:00:00",
      "inputDateTime" : "2017-12-17T00:00:00",
      "_links" : {
        "self" : {
          "href" : "http://localhost/api/contacts/1924_0"
        },
        "contactPerson" : {
          "href" : "http://localhost/api/contacts/1924_0"
        },
        "master" : {
          "href" : "http://localhost/api/contacts/1924_0/master"
        }
      }
    }, {
      "inputUserId" : "QSA",
      "lastUpdateUserId" : "QSA",
      "computerId" : "GLSVR171217",
      "lastSynchronizedDate" : null,
      "addressNumber" : "1925",
      "sequence" : 0,
      "name" : "Levo Book",
      "mailingName" : "Levo Book",
      "description" : "",
      "firstName" : "",
      "middleName" : "",
      "lastName" : "",
      "nickname" : "",
      "salutation" : "",
      "gender" : "",
      "type" : "C",
      "religion" : "",
      "dateOfBirth" : null,
      "placeOfBirth" : "",
      "socialSecurityNumber" : "",
      "socialSecurityDate" : null,
      "mediaObjectReference" : "",
      "lastUpdateDateTime" : "2017-12-17T00:00:00",
      "inputDateTime" : "2017-12-17T00:00:00",
      "_links" : {
        "self" : {
          "href" : "http://localhost/api/contacts/1925_0"
        },
        "contactPerson" : {
          "href" : "http://localhost/api/contacts/1925_0"
        },
        "master" : {
          "href" : "http://localhost/api/contacts/1925_0/master"
        }
      }
    }, {
      "inputUserId" : "QSA",
      "lastUpdateUserId" : "QSA",
      "computerId" : "GLSVR171217",
      "lastSynchronizedDate" : null,
      "addressNumber" : "1926",
      "sequence" : 0,
      "name" : "Liana",
      "mailingName" : "Liana",
      "description" : "",
      "firstName" : "",
      "middleName" : "",
      "lastName" : "",
      "nickname" : "",
      "salutation" : "",
      "gender" : "",
      "type" : "C",
      "religion" : "",
      "dateOfBirth" : null,
      "placeOfBirth" : "",
      "socialSecurityNumber" : "",
      "socialSecurityDate" : null,
      "mediaObjectReference" : "",
      "lastUpdateDateTime" : "2017-12-17T00:00:00",
      "inputDateTime" : "2017-12-17T00:00:00",
      "_links" : {
        "self" : {
          "href" : "http://localhost/api/contacts/1926_0"
        },
        "contactPerson" : {
          "href" : "http://localhost/api/contacts/1926_0"
        },
        "master" : {
          "href" : "http://localhost/api/contacts/1926_0/master"
        }
      }
    }, {
      "inputUserId" : "QSA",
      "lastUpdateUserId" : "QSA",
      "computerId" : "GLSVR171217",
      "lastSynchronizedDate" : null,
      "addressNumber" : "1927",
      "sequence" : 0,
      "name" : "Lidya",
      "mailingName" : "Lidya",
      "description" : "",
      "firstName" : "",
      "middleName" : "",
      "lastName" : "",
      "nickname" : "",
      "salutation" : "",
      "gender" : "",
      "type" : "C",
      "religion" : "",
      "dateOfBirth" : null,
      "placeOfBirth" : "",
      "socialSecurityNumber" : "",
      "socialSecurityDate" : null,
      "mediaObjectReference" : "",
      "lastUpdateDateTime" : "2017-12-17T00:00:00",
      "inputDateTime" : "2017-12-17T00:00:00",
      "_links" : {
        "self" : {
          "href" : "http://localhost/api/contacts/1927_0"
        },
        "contactPerson" : {
          "href" : "http://localhost/api/contacts/1927_0"
        },
        "master" : {
          "href" : "http://localhost/api/contacts/1927_0/master"
        }
      }
    }, {
      "inputUserId" : "QSA",
      "lastUpdateUserId" : "QSA",
      "computerId" : "GLSVR171217",
      "lastSynchronizedDate" : null,
      "addressNumber" : "1928",
      "sequence" : 0,
      "name" : "Lily",
      "mailingName" : "Lily",
      "description" : "",
      "firstName" : "",
      "middleName" : "",
      "lastName" : "",
      "nickname" : "",
      "salutation" : "",
      "gender" : "",
      "type" : "C",
      "religion" : "",
      "dateOfBirth" : null,
      "placeOfBirth" : "",
      "socialSecurityNumber" : "",
      "socialSecurityDate" : null,
      "mediaObjectReference" : "",
      "lastUpdateDateTime" : "2017-12-17T00:00:00",
      "inputDateTime" : "2017-12-17T00:00:00",
      "_links" : {
        "self" : {
          "href" : "http://localhost/api/contacts/1928_0"
        },
        "contactPerson" : {
          "href" : "http://localhost/api/contacts/1928_0"
        },
        "master" : {
          "href" : "http://localhost/api/contacts/1928_0/master"
        }
      }
    }, {
      "inputUserId" : "QSA",
      "lastUpdateUserId" : "QSA",
      "computerId" : "GLSVR171217",
      "lastSynchronizedDate" : null,
      "addressNumber" : "1929",
      "sequence" : 0,
      "name" : "Lina",
      "mailingName" : "Lina",
      "description" : "",
      "firstName" : "",
      "middleName" : "",
      "lastName" : "",
      "nickname" : "",
      "salutation" : "",
      "gender" : "",
      "type" : "C",
      "religion" : "",
      "dateOfBirth" : null,
      "placeOfBirth" : "",
      "socialSecurityNumber" : "",
      "socialSecurityDate" : null,
      "mediaObjectReference" : "",
      "lastUpdateDateTime" : "2017-12-17T00:00:00",
      "inputDateTime" : "2017-12-17T00:00:00",
      "_links" : {
        "self" : {
          "href" : "http://localhost/api/contacts/1929_0"
        },
        "contactPerson" : {
          "href" : "http://localhost/api/contacts/1929_0"
        },
        "master" : {
          "href" : "http://localhost/api/contacts/1929_0/master"
        }
      }
    }, {
      "inputUserId" : "QSA",
      "lastUpdateUserId" : "QSA",
      "computerId" : "GLSVR171217",
      "lastSynchronizedDate" : null,
      "addressNumber" : "1930",
      "sequence" : 0,
      "name" : "Line Art",
      "mailingName" : "Line Art",
      "description" : "",
      "firstName" : "",
      "middleName" : "",
      "lastName" : "",
      "nickname" : "",
      "salutation" : "",
      "gender" : "",
      "type" : "C",
      "religion" : "",
      "dateOfBirth" : null,
      "placeOfBirth" : "",
      "socialSecurityNumber" : "",
      "socialSecurityDate" : null,
      "mediaObjectReference" : "",
      "lastUpdateDateTime" : "2017-12-17T00:00:00",
      "inputDateTime" : "2017-12-17T00:00:00",
      "_links" : {
        "self" : {
          "href" : "http://localhost/api/contacts/1930_0"
        },
        "contactPerson" : {
          "href" : "http://localhost/api/contacts/1930_0"
        },
        "master" : {
          "href" : "http://localhost/api/contacts/1930_0/master"
        }
      }
    }, {
      "inputUserId" : "QSA",
      "lastUpdateUserId" : "QSA",
      "computerId" : "GLSVR171217",
      "lastSynchronizedDate" : null,
      "addressNumber" : "1931",
      "sequence" : 0,
      "name" : "Link",
      "mailingName" : "Link",
      "description" : "",
      "firstName" : "",
      "middleName" : "",
      "lastName" : "",
      "nickname" : "",
      "salutation" : "",
      "gender" : "",
      "type" : "C",
      "religion" : "",
      "dateOfBirth" : null,
      "placeOfBirth" : "",
      "socialSecurityNumber" : "",
      "socialSecurityDate" : null,
      "mediaObjectReference" : "",
      "lastUpdateDateTime" : "2017-12-17T00:00:00",
      "inputDateTime" : "2017-12-17T00:00:00",
      "_links" : {
        "self" : {
          "href" : "http://localhost/api/contacts/1931_0"
        },
        "contactPerson" : {
          "href" : "http://localhost/api/contacts/1931_0"
        },
        "master" : {
          "href" : "http://localhost/api/contacts/1931_0/master"
        }
      }
    }, {
      "inputUserId" : "QSA",
      "lastUpdateUserId" : "QSA",
      "computerId" : "GLSVR171217",
      "lastSynchronizedDate" : null,
      "addressNumber" : "1932",
      "sequence" : 0,
      "name" : "Lintas Cahaya",
      "mailingName" : "Lintas Cahaya",
      "description" : "",
      "firstName" : "",
      "middleName" : "",
      "lastName" : "",
      "nickname" : "",
      "salutation" : "",
      "gender" : "",
      "type" : "C",
      "religion" : "",
      "dateOfBirth" : null,
      "placeOfBirth" : "",
      "socialSecurityNumber" : "",
      "socialSecurityDate" : null,
      "mediaObjectReference" : "",
      "lastUpdateDateTime" : "2017-12-17T00:00:00",
      "inputDateTime" : "2017-12-17T00:00:00",
      "_links" : {
        "self" : {
          "href" : "http://localhost/api/contacts/1932_0"
        },
        "contactPerson" : {
          "href" : "http://localhost/api/contacts/1932_0"
        },
        "master" : {
          "href" : "http://localhost/api/contacts/1932_0/master"
        }
      }
    }, {
      "inputUserId" : "QSA",
      "lastUpdateUserId" : "QSA",
      "computerId" : "GLSVR171217",
      "lastSynchronizedDate" : null,
      "addressNumber" : "1933",
      "sequence" : 0,
      "name" : "Lisa",
      "mailingName" : "Lisa",
      "description" : "",
      "firstName" : "",
      "middleName" : "",
      "lastName" : "",
      "nickname" : "",
      "salutation" : "",
      "gender" : "",
      "type" : "C",
      "religion" : "",
      "dateOfBirth" : null,
      "placeOfBirth" : "",
      "socialSecurityNumber" : "",
      "socialSecurityDate" : null,
      "mediaObjectReference" : "",
      "lastUpdateDateTime" : "2017-12-17T00:00:00",
      "inputDateTime" : "2017-12-17T00:00:00",
      "_links" : {
        "self" : {
          "href" : "http://localhost/api/contacts/1933_0"
        },
        "contactPerson" : {
          "href" : "http://localhost/api/contacts/1933_0"
        },
        "master" : {
          "href" : "http://localhost/api/contacts/1933_0/master"
        }
      }
    }, {
      "inputUserId" : "QSA",
      "lastUpdateUserId" : "QSA",
      "computerId" : "GLSVR171217",
      "lastSynchronizedDate" : null,
      "addressNumber" : "1934",
      "sequence" : 0,
      "name" : "LP4M Unair",
      "mailingName" : "LP4M Unair",
      "description" : "",
      "firstName" : "",
      "middleName" : "",
      "lastName" : "",
      "nickname" : "",
      "salutation" : "",
      "gender" : "",
      "type" : "C",
      "religion" : "",
      "dateOfBirth" : null,
      "placeOfBirth" : "",
      "socialSecurityNumber" : "",
      "socialSecurityDate" : null,
      "mediaObjectReference" : "",
      "lastUpdateDateTime" : "2017-12-17T00:00:00",
      "inputDateTime" : "2017-12-17T00:00:00",
      "_links" : {
        "self" : {
          "href" : "http://localhost/api/contacts/1934_0"
        },
        "contactPerson" : {
          "href" : "http://localhost/api/contacts/1934_0"
        },
        "master" : {
          "href" : "http://localhost/api/contacts/1934_0/master"
        }
      }
    }, {
      "inputUserId" : "QSA",
      "lastUpdateUserId" : "QSA",
      "computerId" : "GLSVR171217",
      "lastSynchronizedDate" : null,
      "addressNumber" : "1935",
      "sequence" : 0,
      "name" : "LSP K Nusantara ( Tokopedia )",
      "mailingName" : "LSP K Nusantara ( Tokopedia )",
      "description" : "",
      "firstName" : "",
      "middleName" : "",
      "lastName" : "",
      "nickname" : "",
      "salutation" : "",
      "gender" : "",
      "type" : "C",
      "religion" : "",
      "dateOfBirth" : null,
      "placeOfBirth" : "",
      "socialSecurityNumber" : "",
      "socialSecurityDate" : null,
      "mediaObjectReference" : "",
      "lastUpdateDateTime" : "2017-12-17T00:00:00",
      "inputDateTime" : "2017-12-17T00:00:00",
      "_links" : {
        "self" : {
          "href" : "http://localhost/api/contacts/1935_0"
        },
        "contactPerson" : {
          "href" : "http://localhost/api/contacts/1935_0"
        },
        "master" : {
          "href" : "http://localhost/api/contacts/1935_0/master"
        }
      }
    }, {
      "inputUserId" : "QSA",
      "lastUpdateUserId" : "QSA",
      "computerId" : "GLSVR171217",
      "lastSynchronizedDate" : null,
      "addressNumber" : "1936",
      "sequence" : 0,
      "name" : "Lukman",
      "mailingName" : "Lukman",
      "description" : "",
      "firstName" : "",
      "middleName" : "",
      "lastName" : "",
      "nickname" : "",
      "salutation" : "",
      "gender" : "",
      "type" : "C",
      "religion" : "",
      "dateOfBirth" : null,
      "placeOfBirth" : "",
      "socialSecurityNumber" : "",
      "socialSecurityDate" : null,
      "mediaObjectReference" : "",
      "lastUpdateDateTime" : "2017-12-17T00:00:00",
      "inputDateTime" : "2017-12-17T00:00:00",
      "_links" : {
        "self" : {
          "href" : "http://localhost/api/contacts/1936_0"
        },
        "contactPerson" : {
          "href" : "http://localhost/api/contacts/1936_0"
        },
        "master" : {
          "href" : "http://localhost/api/contacts/1936_0/master"
        }
      }
    }, {
      "inputUserId" : "QSA",
      "lastUpdateUserId" : "QSA",
      "computerId" : "GLSVR171217",
      "lastSynchronizedDate" : null,
      "addressNumber" : "1937",
      "sequence" : 0,
      "name" : "Luluk",
      "mailingName" : "Luluk",
      "description" : "",
      "firstName" : "",
      "middleName" : "",
      "lastName" : "",
      "nickname" : "",
      "salutation" : "",
      "gender" : "",
      "type" : "C",
      "religion" : "",
      "dateOfBirth" : null,
      "placeOfBirth" : "",
      "socialSecurityNumber" : "",
      "socialSecurityDate" : null,
      "mediaObjectReference" : "",
      "lastUpdateDateTime" : "2017-12-17T00:00:00",
      "inputDateTime" : "2017-12-17T00:00:00",
      "_links" : {
        "self" : {
          "href" : "http://localhost/api/contacts/1937_0"
        },
        "contactPerson" : {
          "href" : "http://localhost/api/contacts/1937_0"
        },
        "master" : {
          "href" : "http://localhost/api/contacts/1937_0/master"
        }
      }
    }, {
      "inputUserId" : "QSA",
      "lastUpdateUserId" : "QSA",
      "computerId" : "GLSVR171217",
      "lastSynchronizedDate" : null,
      "addressNumber" : "1938",
      "sequence" : 0,
      "name" : "Lusia",
      "mailingName" : "Lusia",
      "description" : "",
      "firstName" : "",
      "middleName" : "",
      "lastName" : "",
      "nickname" : "",
      "salutation" : "",
      "gender" : "",
      "type" : "C",
      "religion" : "",
      "dateOfBirth" : null,
      "placeOfBirth" : "",
      "socialSecurityNumber" : "",
      "socialSecurityDate" : null,
      "mediaObjectReference" : "",
      "lastUpdateDateTime" : "2017-12-17T00:00:00",
      "inputDateTime" : "2017-12-17T00:00:00",
      "_links" : {
        "self" : {
          "href" : "http://localhost/api/contacts/1938_0"
        },
        "contactPerson" : {
          "href" : "http://localhost/api/contacts/1938_0"
        },
        "master" : {
          "href" : "http://localhost/api/contacts/1938_0/master"
        }
      }
    }, {
      "inputUserId" : "QSA",
      "lastUpdateUserId" : "QSA",
      "computerId" : "GLSVR171217",
      "lastSynchronizedDate" : null,
      "addressNumber" : "1939",
      "sequence" : 0,
      "name" : "Lyana",
      "mailingName" : "Lyana",
      "description" : "",
      "firstName" : "",
      "middleName" : "",
      "lastName" : "",
      "nickname" : "",
      "salutation" : "",
      "gender" : "",
      "type" : "C",
      "religion" : "",
      "dateOfBirth" : null,
      "placeOfBirth" : "",
      "socialSecurityNumber" : "",
      "socialSecurityDate" : null,
      "mediaObjectReference" : "",
      "lastUpdateDateTime" : "2017-12-17T00:00:00",
      "inputDateTime" : "2017-12-17T00:00:00",
      "_links" : {
        "self" : {
          "href" : "http://localhost/api/contacts/1939_0"
        },
        "contactPerson" : {
          "href" : "http://localhost/api/contacts/1939_0"
        },
        "master" : {
          "href" : "http://localhost/api/contacts/1939_0/master"
        }
      }
    }, {
      "inputUserId" : "QSA",
      "lastUpdateUserId" : "QSA",
      "computerId" : "GLSVR171217",
      "lastSynchronizedDate" : null,
      "addressNumber" : "1940",
      "sequence" : 0,
      "name" : "Lyte Comp",
      "mailingName" : "Lyte Comp",
      "description" : "",
      "firstName" : "",
      "middleName" : "",
      "lastName" : "",
      "nickname" : "",
      "salutation" : "",
      "gender" : "",
      "type" : "C",
      "religion" : "",
      "dateOfBirth" : null,
      "placeOfBirth" : "",
      "socialSecurityNumber" : "",
      "socialSecurityDate" : null,
      "mediaObjectReference" : "",
      "lastUpdateDateTime" : "2017-12-17T00:00:00",
      "inputDateTime" : "2017-12-17T00:00:00",
      "_links" : {
        "self" : {
          "href" : "http://localhost/api/contacts/1940_0"
        },
        "contactPerson" : {
          "href" : "http://localhost/api/contacts/1940_0"
        },
        "master" : {
          "href" : "http://localhost/api/contacts/1940_0/master"
        }
      }
    }, {
      "inputUserId" : "QSA",
      "lastUpdateUserId" : "QSA",
      "computerId" : "GLSVR171217",
      "lastSynchronizedDate" : null,
      "addressNumber" : "1941",
      "sequence" : 0,
      "name" : "M.Faisol",
      "mailingName" : "M.Faisol",
      "description" : "",
      "firstName" : "",
      "middleName" : "",
      "lastName" : "",
      "nickname" : "",
      "salutation" : "",
      "gender" : "",
      "type" : "C",
      "religion" : "",
      "dateOfBirth" : null,
      "placeOfBirth" : "",
      "socialSecurityNumber" : "",
      "socialSecurityDate" : null,
      "mediaObjectReference" : "",
      "lastUpdateDateTime" : "2017-12-17T00:00:00",
      "inputDateTime" : "2017-12-17T00:00:00",
      "_links" : {
        "self" : {
          "href" : "http://localhost/api/contacts/1941_0"
        },
        "contactPerson" : {
          "href" : "http://localhost/api/contacts/1941_0"
        },
        "master" : {
          "href" : "http://localhost/api/contacts/1941_0/master"
        }
      }
    }, {
      "inputUserId" : "QSA",
      "lastUpdateUserId" : "QSA",
      "computerId" : "GLSVR171217",
      "lastSynchronizedDate" : null,
      "addressNumber" : "1942",
      "sequence" : 0,
      "name" : "M.Faizal",
      "mailingName" : "M.Faizal",
      "description" : "",
      "firstName" : "",
      "middleName" : "",
      "lastName" : "",
      "nickname" : "",
      "salutation" : "",
      "gender" : "",
      "type" : "C",
      "religion" : "",
      "dateOfBirth" : null,
      "placeOfBirth" : "",
      "socialSecurityNumber" : "",
      "socialSecurityDate" : null,
      "mediaObjectReference" : "",
      "lastUpdateDateTime" : "2017-12-17T00:00:00",
      "inputDateTime" : "2017-12-17T00:00:00",
      "_links" : {
        "self" : {
          "href" : "http://localhost/api/contacts/1942_0"
        },
        "contactPerson" : {
          "href" : "http://localhost/api/contacts/1942_0"
        },
        "master" : {
          "href" : "http://localhost/api/contacts/1942_0/master"
        }
      }
    }, {
      "inputUserId" : "QSA",
      "lastUpdateUserId" : "QSA",
      "computerId" : "GLSVR171217",
      "lastSynchronizedDate" : null,
      "addressNumber" : "1943",
      "sequence" : 0,
      "name" : "M.I.T",
      "mailingName" : "M.I.T",
      "description" : "",
      "firstName" : "",
      "middleName" : "",
      "lastName" : "",
      "nickname" : "",
      "salutation" : "",
      "gender" : "",
      "type" : "C",
      "religion" : "",
      "dateOfBirth" : null,
      "placeOfBirth" : "",
      "socialSecurityNumber" : "",
      "socialSecurityDate" : null,
      "mediaObjectReference" : "",
      "lastUpdateDateTime" : "2017-12-17T00:00:00",
      "inputDateTime" : "2017-12-17T00:00:00",
      "_links" : {
        "self" : {
          "href" : "http://localhost/api/contacts/1943_0"
        },
        "contactPerson" : {
          "href" : "http://localhost/api/contacts/1943_0"
        },
        "master" : {
          "href" : "http://localhost/api/contacts/1943_0/master"
        }
      }
    }, {
      "inputUserId" : "QSA",
      "lastUpdateUserId" : "QSA",
      "computerId" : "GLSVR171217",
      "lastSynchronizedDate" : null,
      "addressNumber" : "1944",
      "sequence" : 0,
      "name" : "M.Irvan",
      "mailingName" : "M.Irvan",
      "description" : "",
      "firstName" : "",
      "middleName" : "",
      "lastName" : "",
      "nickname" : "",
      "salutation" : "",
      "gender" : "",
      "type" : "C",
      "religion" : "",
      "dateOfBirth" : null,
      "placeOfBirth" : "",
      "socialSecurityNumber" : "",
      "socialSecurityDate" : null,
      "mediaObjectReference" : "",
      "lastUpdateDateTime" : "2017-12-17T00:00:00",
      "inputDateTime" : "2017-12-17T00:00:00",
      "_links" : {
        "self" : {
          "href" : "http://localhost/api/contacts/1944_0"
        },
        "contactPerson" : {
          "href" : "http://localhost/api/contacts/1944_0"
        },
        "master" : {
          "href" : "http://localhost/api/contacts/1944_0/master"
        }
      }
    }, {
      "inputUserId" : "QSA",
      "lastUpdateUserId" : "QSA",
      "computerId" : "GLSVR171217",
      "lastSynchronizedDate" : null,
      "addressNumber" : "1945",
      "sequence" : 0,
      "name" : "M.Kudrat,ST ( Tokopedia )",
      "mailingName" : "M.Kudrat,ST ( Tokopedia )",
      "description" : "",
      "firstName" : "",
      "middleName" : "",
      "lastName" : "",
      "nickname" : "",
      "salutation" : "",
      "gender" : "",
      "type" : "C",
      "religion" : "",
      "dateOfBirth" : null,
      "placeOfBirth" : "",
      "socialSecurityNumber" : "",
      "socialSecurityDate" : null,
      "mediaObjectReference" : "",
      "lastUpdateDateTime" : "2017-12-17T00:00:00",
      "inputDateTime" : "2017-12-17T00:00:00",
      "_links" : {
        "self" : {
          "href" : "http://localhost/api/contacts/1945_0"
        },
        "contactPerson" : {
          "href" : "http://localhost/api/contacts/1945_0"
        },
        "master" : {
          "href" : "http://localhost/api/contacts/1945_0/master"
        }
      }
    }, {
      "inputUserId" : "QSA",
      "lastUpdateUserId" : "QSA",
      "computerId" : "GLSVR171217",
      "lastSynchronizedDate" : null,
      "addressNumber" : "1946",
      "sequence" : 0,
      "name" : "M.Toner",
      "mailingName" : "M.Toner",
      "description" : "",
      "firstName" : "",
      "middleName" : "",
      "lastName" : "",
      "nickname" : "",
      "salutation" : "",
      "gender" : "",
      "type" : "C",
      "religion" : "",
      "dateOfBirth" : null,
      "placeOfBirth" : "",
      "socialSecurityNumber" : "",
      "socialSecurityDate" : null,
      "mediaObjectReference" : "",
      "lastUpdateDateTime" : "2017-12-17T00:00:00",
      "inputDateTime" : "2017-12-17T00:00:00",
      "_links" : {
        "self" : {
          "href" : "http://localhost/api/contacts/1946_0"
        },
        "contactPerson" : {
          "href" : "http://localhost/api/contacts/1946_0"
        },
        "master" : {
          "href" : "http://localhost/api/contacts/1946_0/master"
        }
      }
    }, {
      "inputUserId" : "QSA",
      "lastUpdateUserId" : "QSA",
      "computerId" : "GLSVR171217",
      "lastSynchronizedDate" : null,
      "addressNumber" : "1947",
      "sequence" : 0,
      "name" : "M.Ulin Najah (Tokopedia)",
      "mailingName" : "M.Ulin Najah (Tokopedia)",
      "description" : "",
      "firstName" : "",
      "middleName" : "",
      "lastName" : "",
      "nickname" : "",
      "salutation" : "",
      "gender" : "",
      "type" : "C",
      "religion" : "",
      "dateOfBirth" : null,
      "placeOfBirth" : "",
      "socialSecurityNumber" : "",
      "socialSecurityDate" : null,
      "mediaObjectReference" : "",
      "lastUpdateDateTime" : "2017-12-17T00:00:00",
      "inputDateTime" : "2017-12-17T00:00:00",
      "_links" : {
        "self" : {
          "href" : "http://localhost/api/contacts/1947_0"
        },
        "contactPerson" : {
          "href" : "http://localhost/api/contacts/1947_0"
        },
        "master" : {
          "href" : "http://localhost/api/contacts/1947_0/master"
        }
      }
    }, {
      "inputUserId" : "QSA",
      "lastUpdateUserId" : "QSA",
      "computerId" : "GLSVR171217",
      "lastSynchronizedDate" : null,
      "addressNumber" : "1948",
      "sequence" : 0,
      "name" : "Madani Computer",
      "mailingName" : "Madani Computer",
      "description" : "",
      "firstName" : "",
      "middleName" : "",
      "lastName" : "",
      "nickname" : "",
      "salutation" : "",
      "gender" : "",
      "type" : "C",
      "religion" : "",
      "dateOfBirth" : null,
      "placeOfBirth" : "",
      "socialSecurityNumber" : "",
      "socialSecurityDate" : null,
      "mediaObjectReference" : "",
      "lastUpdateDateTime" : "2017-12-17T00:00:00",
      "inputDateTime" : "2017-12-17T00:00:00",
      "_links" : {
        "self" : {
          "href" : "http://localhost/api/contacts/1948_0"
        },
        "contactPerson" : {
          "href" : "http://localhost/api/contacts/1948_0"
        },
        "master" : {
          "href" : "http://localhost/api/contacts/1948_0/master"
        }
      }
    }, {
      "inputUserId" : "QSA",
      "lastUpdateUserId" : "QSA",
      "computerId" : "GLSVR171217",
      "lastSynchronizedDate" : null,
      "addressNumber" : "1949",
      "sequence" : 0,
      "name" : "Magdalena",
      "mailingName" : "Magdalena",
      "description" : "",
      "firstName" : "",
      "middleName" : "",
      "lastName" : "",
      "nickname" : "",
      "salutation" : "",
      "gender" : "",
      "type" : "C",
      "religion" : "",
      "dateOfBirth" : null,
      "placeOfBirth" : "",
      "socialSecurityNumber" : "",
      "socialSecurityDate" : null,
      "mediaObjectReference" : "",
      "lastUpdateDateTime" : "2017-12-17T00:00:00",
      "inputDateTime" : "2017-12-17T00:00:00",
      "_links" : {
        "self" : {
          "href" : "http://localhost/api/contacts/1949_0"
        },
        "contactPerson" : {
          "href" : "http://localhost/api/contacts/1949_0"
        },
        "master" : {
          "href" : "http://localhost/api/contacts/1949_0/master"
        }
      }
    }, {
      "inputUserId" : "QSA",
      "lastUpdateUserId" : "QSA",
      "computerId" : "GLSVR171217",
      "lastSynchronizedDate" : null,
      "addressNumber" : "1950",
      "sequence" : 0,
      "name" : "Mahfud",
      "mailingName" : "Mahfud",
      "description" : "",
      "firstName" : "",
      "middleName" : "",
      "lastName" : "",
      "nickname" : "",
      "salutation" : "",
      "gender" : "",
      "type" : "C",
      "religion" : "",
      "dateOfBirth" : null,
      "placeOfBirth" : "",
      "socialSecurityNumber" : "",
      "socialSecurityDate" : null,
      "mediaObjectReference" : "",
      "lastUpdateDateTime" : "2017-12-17T00:00:00",
      "inputDateTime" : "2017-12-17T00:00:00",
      "_links" : {
        "self" : {
          "href" : "http://localhost/api/contacts/1950_0"
        },
        "contactPerson" : {
          "href" : "http://localhost/api/contacts/1950_0"
        },
        "master" : {
          "href" : "http://localhost/api/contacts/1950_0/master"
        }
      }
    }, {
      "inputUserId" : "QSA",
      "lastUpdateUserId" : "QSA",
      "computerId" : "GLSVR171217",
      "lastSynchronizedDate" : null,
      "addressNumber" : "1951",
      "sequence" : 0,
      "name" : "Maju Hardware",
      "mailingName" : "Maju Hardware",
      "description" : "",
      "firstName" : "",
      "middleName" : "",
      "lastName" : "",
      "nickname" : "",
      "salutation" : "",
      "gender" : "",
      "type" : "C",
      "religion" : "",
      "dateOfBirth" : null,
      "placeOfBirth" : "",
      "socialSecurityNumber" : "",
      "socialSecurityDate" : null,
      "mediaObjectReference" : "",
      "lastUpdateDateTime" : "2017-12-17T00:00:00",
      "inputDateTime" : "2017-12-17T00:00:00",
      "_links" : {
        "self" : {
          "href" : "http://localhost/api/contacts/1951_0"
        },
        "contactPerson" : {
          "href" : "http://localhost/api/contacts/1951_0"
        },
        "master" : {
          "href" : "http://localhost/api/contacts/1951_0/master"
        }
      }
    }, {
      "inputUserId" : "QSA",
      "lastUpdateUserId" : "QSA",
      "computerId" : "GLSVR171217",
      "lastSynchronizedDate" : null,
      "addressNumber" : "1952",
      "sequence" : 0,
      "name" : "Makmur Jaya Computer",
      "mailingName" : "Makmur Jaya Computer",
      "description" : "",
      "firstName" : "",
      "middleName" : "",
      "lastName" : "",
      "nickname" : "",
      "salutation" : "",
      "gender" : "",
      "type" : "C",
      "religion" : "",
      "dateOfBirth" : null,
      "placeOfBirth" : "",
      "socialSecurityNumber" : "",
      "socialSecurityDate" : null,
      "mediaObjectReference" : "",
      "lastUpdateDateTime" : "2017-12-17T00:00:00",
      "inputDateTime" : "2017-12-17T00:00:00",
      "_links" : {
        "self" : {
          "href" : "http://localhost/api/contacts/1952_0"
        },
        "contactPerson" : {
          "href" : "http://localhost/api/contacts/1952_0"
        },
        "master" : {
          "href" : "http://localhost/api/contacts/1952_0/master"
        }
      }
    }, {
      "inputUserId" : "QSA",
      "lastUpdateUserId" : "QSA",
      "computerId" : "GLSVR171217",
      "lastSynchronizedDate" : null,
      "addressNumber" : "1953",
      "sequence" : 0,
      "name" : "Maksum",
      "mailingName" : "Maksum",
      "description" : "",
      "firstName" : "",
      "middleName" : "",
      "lastName" : "",
      "nickname" : "",
      "salutation" : "",
      "gender" : "",
      "type" : "C",
      "religion" : "",
      "dateOfBirth" : null,
      "placeOfBirth" : "",
      "socialSecurityNumber" : "",
      "socialSecurityDate" : null,
      "mediaObjectReference" : "",
      "lastUpdateDateTime" : "2017-12-17T00:00:00",
      "inputDateTime" : "2017-12-17T00:00:00",
      "_links" : {
        "self" : {
          "href" : "http://localhost/api/contacts/1953_0"
        },
        "contactPerson" : {
          "href" : "http://localhost/api/contacts/1953_0"
        },
        "master" : {
          "href" : "http://localhost/api/contacts/1953_0/master"
        }
      }
    }, {
      "inputUserId" : "QSA",
      "lastUpdateUserId" : "QSA",
      "computerId" : "GLSVR171217",
      "lastSynchronizedDate" : null,
      "addressNumber" : "1954",
      "sequence" : 0,
      "name" : "Malvin",
      "mailingName" : "Malvin",
      "description" : "",
      "firstName" : "",
      "middleName" : "",
      "lastName" : "",
      "nickname" : "",
      "salutation" : "",
      "gender" : "",
      "type" : "C",
      "religion" : "",
      "dateOfBirth" : null,
      "placeOfBirth" : "",
      "socialSecurityNumber" : "",
      "socialSecurityDate" : null,
      "mediaObjectReference" : "",
      "lastUpdateDateTime" : "2017-12-17T00:00:00",
      "inputDateTime" : "2017-12-17T00:00:00",
      "_links" : {
        "self" : {
          "href" : "http://localhost/api/contacts/1954_0"
        },
        "contactPerson" : {
          "href" : "http://localhost/api/contacts/1954_0"
        },
        "master" : {
          "href" : "http://localhost/api/contacts/1954_0/master"
        }
      }
    }, {
      "inputUserId" : "QSA",
      "lastUpdateUserId" : "QSA",
      "computerId" : "GLSVR171217",
      "lastSynchronizedDate" : null,
      "addressNumber" : "1955",
      "sequence" : 0,
      "name" : "Mamoth Komputer",
      "mailingName" : "Mamoth Komputer",
      "description" : "",
      "firstName" : "",
      "middleName" : "",
      "lastName" : "",
      "nickname" : "",
      "salutation" : "",
      "gender" : "",
      "type" : "C",
      "religion" : "",
      "dateOfBirth" : null,
      "placeOfBirth" : "",
      "socialSecurityNumber" : "",
      "socialSecurityDate" : null,
      "mediaObjectReference" : "",
      "lastUpdateDateTime" : "2017-12-17T00:00:00",
      "inputDateTime" : "2017-12-17T00:00:00",
      "_links" : {
        "self" : {
          "href" : "http://localhost/api/contacts/1955_0"
        },
        "contactPerson" : {
          "href" : "http://localhost/api/contacts/1955_0"
        },
        "master" : {
          "href" : "http://localhost/api/contacts/1955_0/master"
        }
      }
    }, {
      "inputUserId" : "QSA",
      "lastUpdateUserId" : "QSA",
      "computerId" : "GLSVR171217",
      "lastSynchronizedDate" : null,
      "addressNumber" : "1956",
      "sequence" : 0,
      "name" : "Mansyur",
      "mailingName" : "Mansyur",
      "description" : "",
      "firstName" : "",
      "middleName" : "",
      "lastName" : "",
      "nickname" : "",
      "salutation" : "",
      "gender" : "",
      "type" : "C",
      "religion" : "",
      "dateOfBirth" : null,
      "placeOfBirth" : "",
      "socialSecurityNumber" : "",
      "socialSecurityDate" : null,
      "mediaObjectReference" : "",
      "lastUpdateDateTime" : "2017-12-17T00:00:00",
      "inputDateTime" : "2017-12-17T00:00:00",
      "_links" : {
        "self" : {
          "href" : "http://localhost/api/contacts/1956_0"
        },
        "contactPerson" : {
          "href" : "http://localhost/api/contacts/1956_0"
        },
        "master" : {
          "href" : "http://localhost/api/contacts/1956_0/master"
        }
      }
    }, {
      "inputUserId" : "QSA",
      "lastUpdateUserId" : "QSA",
      "computerId" : "GLSVR171217",
      "lastSynchronizedDate" : null,
      "addressNumber" : "1957",
      "sequence" : 0,
      "name" : "Mardi",
      "mailingName" : "Mardi",
      "description" : "",
      "firstName" : "",
      "middleName" : "",
      "lastName" : "",
      "nickname" : "",
      "salutation" : "",
      "gender" : "",
      "type" : "C",
      "religion" : "",
      "dateOfBirth" : null,
      "placeOfBirth" : "",
      "socialSecurityNumber" : "",
      "socialSecurityDate" : null,
      "mediaObjectReference" : "",
      "lastUpdateDateTime" : "2017-12-17T00:00:00",
      "inputDateTime" : "2017-12-17T00:00:00",
      "_links" : {
        "self" : {
          "href" : "http://localhost/api/contacts/1957_0"
        },
        "contactPerson" : {
          "href" : "http://localhost/api/contacts/1957_0"
        },
        "master" : {
          "href" : "http://localhost/api/contacts/1957_0/master"
        }
      }
    }, {
      "inputUserId" : "QSA",
      "lastUpdateUserId" : "QSA",
      "computerId" : "GLSVR171217",
      "lastSynchronizedDate" : null,
      "addressNumber" : "1958",
      "sequence" : 0,
      "name" : "Marga Computer",
      "mailingName" : "Marga Computer",
      "description" : "",
      "firstName" : "",
      "middleName" : "",
      "lastName" : "",
      "nickname" : "",
      "salutation" : "",
      "gender" : "",
      "type" : "C",
      "religion" : "",
      "dateOfBirth" : null,
      "placeOfBirth" : "",
      "socialSecurityNumber" : "",
      "socialSecurityDate" : null,
      "mediaObjectReference" : "",
      "lastUpdateDateTime" : "2017-12-17T00:00:00",
      "inputDateTime" : "2017-12-17T00:00:00",
      "_links" : {
        "self" : {
          "href" : "http://localhost/api/contacts/1958_0"
        },
        "contactPerson" : {
          "href" : "http://localhost/api/contacts/1958_0"
        },
        "master" : {
          "href" : "http://localhost/api/contacts/1958_0/master"
        }
      }
    }, {
      "inputUserId" : "QSA",
      "lastUpdateUserId" : "QSA",
      "computerId" : "GLSVR171217",
      "lastSynchronizedDate" : null,
      "addressNumber" : "1959",
      "sequence" : 0,
      "name" : "Marga Nusantara",
      "mailingName" : "Marga Nusantara",
      "description" : "",
      "firstName" : "",
      "middleName" : "",
      "lastName" : "",
      "nickname" : "",
      "salutation" : "",
      "gender" : "",
      "type" : "C",
      "religion" : "",
      "dateOfBirth" : null,
      "placeOfBirth" : "",
      "socialSecurityNumber" : "",
      "socialSecurityDate" : null,
      "mediaObjectReference" : "",
      "lastUpdateDateTime" : "2017-12-17T00:00:00",
      "inputDateTime" : "2017-12-17T00:00:00",
      "_links" : {
        "self" : {
          "href" : "http://localhost/api/contacts/1959_0"
        },
        "contactPerson" : {
          "href" : "http://localhost/api/contacts/1959_0"
        },
        "master" : {
          "href" : "http://localhost/api/contacts/1959_0/master"
        }
      }
    }, {
      "inputUserId" : "QSA",
      "lastUpdateUserId" : "QSA",
      "computerId" : "GLSVR171217",
      "lastSynchronizedDate" : null,
      "addressNumber" : "1960",
      "sequence" : 0,
      "name" : "Maria Comp",
      "mailingName" : "Maria Comp",
      "description" : "",
      "firstName" : "",
      "middleName" : "",
      "lastName" : "",
      "nickname" : "",
      "salutation" : "",
      "gender" : "",
      "type" : "C",
      "religion" : "",
      "dateOfBirth" : null,
      "placeOfBirth" : "",
      "socialSecurityNumber" : "",
      "socialSecurityDate" : null,
      "mediaObjectReference" : "",
      "lastUpdateDateTime" : "2017-12-17T00:00:00",
      "inputDateTime" : "2017-12-17T00:00:00",
      "_links" : {
        "self" : {
          "href" : "http://localhost/api/contacts/1960_0"
        },
        "contactPerson" : {
          "href" : "http://localhost/api/contacts/1960_0"
        },
        "master" : {
          "href" : "http://localhost/api/contacts/1960_0/master"
        }
      }
    }, {
      "inputUserId" : "QSA",
      "lastUpdateUserId" : "QSA",
      "computerId" : "GLSVR171217",
      "lastSynchronizedDate" : null,
      "addressNumber" : "1961",
      "sequence" : 0,
      "name" : "Maria Dini",
      "mailingName" : "Maria Dini",
      "description" : "",
      "firstName" : "",
      "middleName" : "",
      "lastName" : "",
      "nickname" : "",
      "salutation" : "",
      "gender" : "",
      "type" : "C",
      "religion" : "",
      "dateOfBirth" : null,
      "placeOfBirth" : "",
      "socialSecurityNumber" : "",
      "socialSecurityDate" : null,
      "mediaObjectReference" : "",
      "lastUpdateDateTime" : "2017-12-17T00:00:00",
      "inputDateTime" : "2017-12-17T00:00:00",
      "_links" : {
        "self" : {
          "href" : "http://localhost/api/contacts/1961_0"
        },
        "contactPerson" : {
          "href" : "http://localhost/api/contacts/1961_0"
        },
        "master" : {
          "href" : "http://localhost/api/contacts/1961_0/master"
        }
      }
    }, {
      "inputUserId" : "QSA",
      "lastUpdateUserId" : "QSA",
      "computerId" : "GLSVR171217",
      "lastSynchronizedDate" : null,
      "addressNumber" : "1962",
      "sequence" : 0,
      "name" : "Mariono",
      "mailingName" : "Mariono",
      "description" : "",
      "firstName" : "",
      "middleName" : "",
      "lastName" : "",
      "nickname" : "",
      "salutation" : "",
      "gender" : "",
      "type" : "C",
      "religion" : "",
      "dateOfBirth" : null,
      "placeOfBirth" : "",
      "socialSecurityNumber" : "",
      "socialSecurityDate" : null,
      "mediaObjectReference" : "",
      "lastUpdateDateTime" : "2017-12-17T00:00:00",
      "inputDateTime" : "2017-12-17T00:00:00",
      "_links" : {
        "self" : {
          "href" : "http://localhost/api/contacts/1962_0"
        },
        "contactPerson" : {
          "href" : "http://localhost/api/contacts/1962_0"
        },
        "master" : {
          "href" : "http://localhost/api/contacts/1962_0/master"
        }
      }
    }, {
      "inputUserId" : "QSA",
      "lastUpdateUserId" : "QSA",
      "computerId" : "GLSVR171217",
      "lastSynchronizedDate" : null,
      "addressNumber" : "1963",
      "sequence" : 0,
      "name" : "Markas Printer",
      "mailingName" : "Markas Printer",
      "description" : "",
      "firstName" : "",
      "middleName" : "",
      "lastName" : "",
      "nickname" : "",
      "salutation" : "",
      "gender" : "",
      "type" : "C",
      "religion" : "",
      "dateOfBirth" : null,
      "placeOfBirth" : "",
      "socialSecurityNumber" : "",
      "socialSecurityDate" : null,
      "mediaObjectReference" : "",
      "lastUpdateDateTime" : "2017-12-17T00:00:00",
      "inputDateTime" : "2017-12-17T00:00:00",
      "_links" : {
        "self" : {
          "href" : "http://localhost/api/contacts/1963_0"
        },
        "contactPerson" : {
          "href" : "http://localhost/api/contacts/1963_0"
        },
        "master" : {
          "href" : "http://localhost/api/contacts/1963_0/master"
        }
      }
    }, {
      "inputUserId" : "QSA",
      "lastUpdateUserId" : "QSA",
      "computerId" : "GLSVR171217",
      "lastSynchronizedDate" : null,
      "addressNumber" : "1964",
      "sequence" : 0,
      "name" : "Marsanto",
      "mailingName" : "Marsanto",
      "description" : "",
      "firstName" : "",
      "middleName" : "",
      "lastName" : "",
      "nickname" : "",
      "salutation" : "",
      "gender" : "",
      "type" : "C",
      "religion" : "",
      "dateOfBirth" : null,
      "placeOfBirth" : "",
      "socialSecurityNumber" : "",
      "socialSecurityDate" : null,
      "mediaObjectReference" : "",
      "lastUpdateDateTime" : "2017-12-17T00:00:00",
      "inputDateTime" : "2017-12-17T00:00:00",
      "_links" : {
        "self" : {
          "href" : "http://localhost/api/contacts/1964_0"
        },
        "contactPerson" : {
          "href" : "http://localhost/api/contacts/1964_0"
        },
        "master" : {
          "href" : "http://localhost/api/contacts/1964_0/master"
        }
      }
    }, {
      "inputUserId" : "QSA",
      "lastUpdateUserId" : "QSA",
      "computerId" : "GLSVR171217",
      "lastSynchronizedDate" : null,
      "addressNumber" : "1965",
      "sequence" : 0,
      "name" : "Marthin",
      "mailingName" : "Marthin",
      "description" : "",
      "firstName" : "",
      "middleName" : "",
      "lastName" : "",
      "nickname" : "",
      "salutation" : "",
      "gender" : "",
      "type" : "C",
      "religion" : "",
      "dateOfBirth" : null,
      "placeOfBirth" : "",
      "socialSecurityNumber" : "",
      "socialSecurityDate" : null,
      "mediaObjectReference" : "",
      "lastUpdateDateTime" : "2017-12-17T00:00:00",
      "inputDateTime" : "2017-12-17T00:00:00",
      "_links" : {
        "self" : {
          "href" : "http://localhost/api/contacts/1965_0"
        },
        "contactPerson" : {
          "href" : "http://localhost/api/contacts/1965_0"
        },
        "master" : {
          "href" : "http://localhost/api/contacts/1965_0/master"
        }
      }
    }, {
      "inputUserId" : "QSA",
      "lastUpdateUserId" : "QSA",
      "computerId" : "GLSVR171217",
      "lastSynchronizedDate" : null,
      "addressNumber" : "1966",
      "sequence" : 0,
      "name" : "Marthin Luthers",
      "mailingName" : "Marthin Luthers",
      "description" : "",
      "firstName" : "",
      "middleName" : "",
      "lastName" : "",
      "nickname" : "",
      "salutation" : "",
      "gender" : "",
      "type" : "C",
      "religion" : "",
      "dateOfBirth" : null,
      "placeOfBirth" : "",
      "socialSecurityNumber" : "",
      "socialSecurityDate" : null,
      "mediaObjectReference" : "",
      "lastUpdateDateTime" : "2017-12-17T00:00:00",
      "inputDateTime" : "2017-12-17T00:00:00",
      "_links" : {
        "self" : {
          "href" : "http://localhost/api/contacts/1966_0"
        },
        "contactPerson" : {
          "href" : "http://localhost/api/contacts/1966_0"
        },
        "master" : {
          "href" : "http://localhost/api/contacts/1966_0/master"
        }
      }
    }, {
      "inputUserId" : "QSA",
      "lastUpdateUserId" : "QSA",
      "computerId" : "GLSVR171217",
      "lastSynchronizedDate" : null,
      "addressNumber" : "1967",
      "sequence" : 0,
      "name" : "Marwa",
      "mailingName" : "Marwa",
      "description" : "",
      "firstName" : "",
      "middleName" : "",
      "lastName" : "",
      "nickname" : "",
      "salutation" : "",
      "gender" : "",
      "type" : "C",
      "religion" : "",
      "dateOfBirth" : null,
      "placeOfBirth" : "",
      "socialSecurityNumber" : "",
      "socialSecurityDate" : null,
      "mediaObjectReference" : "",
      "lastUpdateDateTime" : "2017-12-17T00:00:00",
      "inputDateTime" : "2017-12-17T00:00:00",
      "_links" : {
        "self" : {
          "href" : "http://localhost/api/contacts/1967_0"
        },
        "contactPerson" : {
          "href" : "http://localhost/api/contacts/1967_0"
        },
        "master" : {
          "href" : "http://localhost/api/contacts/1967_0/master"
        }
      }
    }, {
      "inputUserId" : "QSA",
      "lastUpdateUserId" : "QSA",
      "computerId" : "GLSVR171217",
      "lastSynchronizedDate" : null,
      "addressNumber" : "1968",
      "sequence" : 0,
      "name" : "Marzuki",
      "mailingName" : "Marzuki",
      "description" : "",
      "firstName" : "",
      "middleName" : "",
      "lastName" : "",
      "nickname" : "",
      "salutation" : "",
      "gender" : "",
      "type" : "C",
      "religion" : "",
      "dateOfBirth" : null,
      "placeOfBirth" : "",
      "socialSecurityNumber" : "",
      "socialSecurityDate" : null,
      "mediaObjectReference" : "",
      "lastUpdateDateTime" : "2017-12-17T00:00:00",
      "inputDateTime" : "2017-12-17T00:00:00",
      "_links" : {
        "self" : {
          "href" : "http://localhost/api/contacts/1968_0"
        },
        "contactPerson" : {
          "href" : "http://localhost/api/contacts/1968_0"
        },
        "master" : {
          "href" : "http://localhost/api/contacts/1968_0/master"
        }
      }
    }, {
      "inputUserId" : "QSA",
      "lastUpdateUserId" : "QSA",
      "computerId" : "GLSVR171217",
      "lastSynchronizedDate" : null,
      "addressNumber" : "1969",
      "sequence" : 0,
      "name" : "Master Computer",
      "mailingName" : "Master Computer",
      "description" : "",
      "firstName" : "",
      "middleName" : "",
      "lastName" : "",
      "nickname" : "",
      "salutation" : "",
      "gender" : "",
      "type" : "C",
      "religion" : "",
      "dateOfBirth" : null,
      "placeOfBirth" : "",
      "socialSecurityNumber" : "",
      "socialSecurityDate" : null,
      "mediaObjectReference" : "",
      "lastUpdateDateTime" : "2017-12-17T00:00:00",
      "inputDateTime" : "2017-12-17T00:00:00",
      "_links" : {
        "self" : {
          "href" : "http://localhost/api/contacts/1969_0"
        },
        "contactPerson" : {
          "href" : "http://localhost/api/contacts/1969_0"
        },
        "master" : {
          "href" : "http://localhost/api/contacts/1969_0/master"
        }
      }
    }, {
      "inputUserId" : "QSA",
      "lastUpdateUserId" : "QSA",
      "computerId" : "GLSVR171217",
      "lastSynchronizedDate" : null,
      "addressNumber" : "1970",
      "sequence" : 0,
      "name" : "Master Refile",
      "mailingName" : "Master Refile",
      "description" : "",
      "firstName" : "",
      "middleName" : "",
      "lastName" : "",
      "nickname" : "",
      "salutation" : "",
      "gender" : "",
      "type" : "C",
      "religion" : "",
      "dateOfBirth" : null,
      "placeOfBirth" : "",
      "socialSecurityNumber" : "",
      "socialSecurityDate" : null,
      "mediaObjectReference" : "",
      "lastUpdateDateTime" : "2017-12-17T00:00:00",
      "inputDateTime" : "2017-12-17T00:00:00",
      "_links" : {
        "self" : {
          "href" : "http://localhost/api/contacts/1970_0"
        },
        "contactPerson" : {
          "href" : "http://localhost/api/contacts/1970_0"
        },
        "master" : {
          "href" : "http://localhost/api/contacts/1970_0/master"
        }
      }
    }, {
      "inputUserId" : "QSA",
      "lastUpdateUserId" : "QSA",
      "computerId" : "GLSVR171217",
      "lastSynchronizedDate" : null,
      "addressNumber" : "1971",
      "sequence" : 0,
      "name" : "Matrik Prakarti",
      "mailingName" : "Matrik Prakarti",
      "description" : "",
      "firstName" : "",
      "middleName" : "",
      "lastName" : "",
      "nickname" : "",
      "salutation" : "",
      "gender" : "",
      "type" : "C",
      "religion" : "",
      "dateOfBirth" : null,
      "placeOfBirth" : "",
      "socialSecurityNumber" : "",
      "socialSecurityDate" : null,
      "mediaObjectReference" : "",
      "lastUpdateDateTime" : "2017-12-17T00:00:00",
      "inputDateTime" : "2017-12-17T00:00:00",
      "_links" : {
        "self" : {
          "href" : "http://localhost/api/contacts/1971_0"
        },
        "contactPerson" : {
          "href" : "http://localhost/api/contacts/1971_0"
        },
        "master" : {
          "href" : "http://localhost/api/contacts/1971_0/master"
        }
      }
    }, {
      "inputUserId" : "QSA",
      "lastUpdateUserId" : "QSA",
      "computerId" : "GLSVR171217",
      "lastSynchronizedDate" : null,
      "addressNumber" : "1972",
      "sequence" : 0,
      "name" : "Matsunami Computer",
      "mailingName" : "Matsunami Computer",
      "description" : "",
      "firstName" : "",
      "middleName" : "",
      "lastName" : "",
      "nickname" : "",
      "salutation" : "",
      "gender" : "",
      "type" : "C",
      "religion" : "",
      "dateOfBirth" : null,
      "placeOfBirth" : "",
      "socialSecurityNumber" : "",
      "socialSecurityDate" : null,
      "mediaObjectReference" : "",
      "lastUpdateDateTime" : "2017-12-17T00:00:00",
      "inputDateTime" : "2017-12-17T00:00:00",
      "_links" : {
        "self" : {
          "href" : "http://localhost/api/contacts/1972_0"
        },
        "contactPerson" : {
          "href" : "http://localhost/api/contacts/1972_0"
        },
        "master" : {
          "href" : "http://localhost/api/contacts/1972_0/master"
        }
      }
    }, {
      "inputUserId" : "QSA",
      "lastUpdateUserId" : "QSA",
      "computerId" : "GLSVR171217",
      "lastSynchronizedDate" : null,
      "addressNumber" : "1973",
      "sequence" : 0,
      "name" : "Maula",
      "mailingName" : "Maula",
      "description" : "",
      "firstName" : "",
      "middleName" : "",
      "lastName" : "",
      "nickname" : "",
      "salutation" : "",
      "gender" : "",
      "type" : "C",
      "religion" : "",
      "dateOfBirth" : null,
      "placeOfBirth" : "",
      "socialSecurityNumber" : "",
      "socialSecurityDate" : null,
      "mediaObjectReference" : "",
      "lastUpdateDateTime" : "2017-12-17T00:00:00",
      "inputDateTime" : "2017-12-17T00:00:00",
      "_links" : {
        "self" : {
          "href" : "http://localhost/api/contacts/1973_0"
        },
        "contactPerson" : {
          "href" : "http://localhost/api/contacts/1973_0"
        },
        "master" : {
          "href" : "http://localhost/api/contacts/1973_0/master"
        }
      }
    }, {
      "inputUserId" : "QSA",
      "lastUpdateUserId" : "QSA",
      "computerId" : "GLSVR171217",
      "lastSynchronizedDate" : null,
      "addressNumber" : "1974",
      "sequence" : 0,
      "name" : "Maxindo Computer",
      "mailingName" : "Maxindo Computer",
      "description" : "",
      "firstName" : "",
      "middleName" : "",
      "lastName" : "",
      "nickname" : "",
      "salutation" : "",
      "gender" : "",
      "type" : "C",
      "religion" : "",
      "dateOfBirth" : null,
      "placeOfBirth" : "",
      "socialSecurityNumber" : "",
      "socialSecurityDate" : null,
      "mediaObjectReference" : "",
      "lastUpdateDateTime" : "2017-12-17T00:00:00",
      "inputDateTime" : "2017-12-17T00:00:00",
      "_links" : {
        "self" : {
          "href" : "http://localhost/api/contacts/1974_0"
        },
        "contactPerson" : {
          "href" : "http://localhost/api/contacts/1974_0"
        },
        "master" : {
          "href" : "http://localhost/api/contacts/1974_0/master"
        }
      }
    }, {
      "inputUserId" : "QSA",
      "lastUpdateUserId" : "QSA",
      "computerId" : "GLSVR171217",
      "lastSynchronizedDate" : null,
      "addressNumber" : "1975",
      "sequence" : 0,
      "name" : "Maya",
      "mailingName" : "Maya",
      "description" : "",
      "firstName" : "",
      "middleName" : "",
      "lastName" : "",
      "nickname" : "",
      "salutation" : "",
      "gender" : "",
      "type" : "C",
      "religion" : "",
      "dateOfBirth" : null,
      "placeOfBirth" : "",
      "socialSecurityNumber" : "",
      "socialSecurityDate" : null,
      "mediaObjectReference" : "",
      "lastUpdateDateTime" : "2017-12-17T00:00:00",
      "inputDateTime" : "2017-12-17T00:00:00",
      "_links" : {
        "self" : {
          "href" : "http://localhost/api/contacts/1975_0"
        },
        "contactPerson" : {
          "href" : "http://localhost/api/contacts/1975_0"
        },
        "master" : {
          "href" : "http://localhost/api/contacts/1975_0/master"
        }
      }
    }, {
      "inputUserId" : "QSA",
      "lastUpdateUserId" : "QSA",
      "computerId" : "GLSVR171217",
      "lastSynchronizedDate" : null,
      "addressNumber" : "1976",
      "sequence" : 0,
      "name" : "MBA",
      "mailingName" : "MBA",
      "description" : "",
      "firstName" : "",
      "middleName" : "",
      "lastName" : "",
      "nickname" : "",
      "salutation" : "",
      "gender" : "",
      "type" : "C",
      "religion" : "",
      "dateOfBirth" : null,
      "placeOfBirth" : "",
      "socialSecurityNumber" : "",
      "socialSecurityDate" : null,
      "mediaObjectReference" : "",
      "lastUpdateDateTime" : "2017-12-17T00:00:00",
      "inputDateTime" : "2017-12-17T00:00:00",
      "_links" : {
        "self" : {
          "href" : "http://localhost/api/contacts/1976_0"
        },
        "contactPerson" : {
          "href" : "http://localhost/api/contacts/1976_0"
        },
        "master" : {
          "href" : "http://localhost/api/contacts/1976_0/master"
        }
      }
    }, {
      "inputUserId" : "QSA",
      "lastUpdateUserId" : "QSA",
      "computerId" : "GLSVR171217",
      "lastSynchronizedDate" : null,
      "addressNumber" : "1977",
      "sequence" : 0,
      "name" : "MBA Comp",
      "mailingName" : "MBA Comp",
      "description" : "",
      "firstName" : "",
      "middleName" : "",
      "lastName" : "",
      "nickname" : "",
      "salutation" : "",
      "gender" : "",
      "type" : "C",
      "religion" : "",
      "dateOfBirth" : null,
      "placeOfBirth" : "",
      "socialSecurityNumber" : "",
      "socialSecurityDate" : null,
      "mediaObjectReference" : "",
      "lastUpdateDateTime" : "2017-12-17T00:00:00",
      "inputDateTime" : "2017-12-17T00:00:00",
      "_links" : {
        "self" : {
          "href" : "http://localhost/api/contacts/1977_0"
        },
        "contactPerson" : {
          "href" : "http://localhost/api/contacts/1977_0"
        },
        "master" : {
          "href" : "http://localhost/api/contacts/1977_0/master"
        }
      }
    }, {
      "inputUserId" : "QSA",
      "lastUpdateUserId" : "QSA",
      "computerId" : "GLSVR171217",
      "lastSynchronizedDate" : null,
      "addressNumber" : "1978",
      "sequence" : 0,
      "name" : "MD.Nashatut Thulhab",
      "mailingName" : "MD.Nashatut Thulhab",
      "description" : "",
      "firstName" : "",
      "middleName" : "",
      "lastName" : "",
      "nickname" : "",
      "salutation" : "",
      "gender" : "",
      "type" : "C",
      "religion" : "",
      "dateOfBirth" : null,
      "placeOfBirth" : "",
      "socialSecurityNumber" : "",
      "socialSecurityDate" : null,
      "mediaObjectReference" : "",
      "lastUpdateDateTime" : "2017-12-17T00:00:00",
      "inputDateTime" : "2017-12-17T00:00:00",
      "_links" : {
        "self" : {
          "href" : "http://localhost/api/contacts/1978_0"
        },
        "contactPerson" : {
          "href" : "http://localhost/api/contacts/1978_0"
        },
        "master" : {
          "href" : "http://localhost/api/contacts/1978_0/master"
        }
      }
    }, {
      "inputUserId" : "QSA",
      "lastUpdateUserId" : "QSA",
      "computerId" : "GLSVR171217",
      "lastSynchronizedDate" : null,
      "addressNumber" : "1979",
      "sequence" : 0,
      "name" : "Media Cipta",
      "mailingName" : "Media Cipta",
      "description" : "",
      "firstName" : "",
      "middleName" : "",
      "lastName" : "",
      "nickname" : "",
      "salutation" : "",
      "gender" : "",
      "type" : "C",
      "religion" : "",
      "dateOfBirth" : null,
      "placeOfBirth" : "",
      "socialSecurityNumber" : "",
      "socialSecurityDate" : null,
      "mediaObjectReference" : "",
      "lastUpdateDateTime" : "2017-12-17T00:00:00",
      "inputDateTime" : "2017-12-17T00:00:00",
      "_links" : {
        "self" : {
          "href" : "http://localhost/api/contacts/1979_0"
        },
        "contactPerson" : {
          "href" : "http://localhost/api/contacts/1979_0"
        },
        "master" : {
          "href" : "http://localhost/api/contacts/1979_0/master"
        }
      }
    }, {
      "inputUserId" : "QSA",
      "lastUpdateUserId" : "QSA",
      "computerId" : "GLSVR171217",
      "lastSynchronizedDate" : null,
      "addressNumber" : "1980",
      "sequence" : 0,
      "name" : "Media Comp",
      "mailingName" : "Media Comp",
      "description" : "",
      "firstName" : "",
      "middleName" : "",
      "lastName" : "",
      "nickname" : "",
      "salutation" : "",
      "gender" : "",
      "type" : "C",
      "religion" : "",
      "dateOfBirth" : null,
      "placeOfBirth" : "",
      "socialSecurityNumber" : "",
      "socialSecurityDate" : null,
      "mediaObjectReference" : "",
      "lastUpdateDateTime" : "2017-12-17T00:00:00",
      "inputDateTime" : "2017-12-17T00:00:00",
      "_links" : {
        "self" : {
          "href" : "http://localhost/api/contacts/1980_0"
        },
        "contactPerson" : {
          "href" : "http://localhost/api/contacts/1980_0"
        },
        "master" : {
          "href" : "http://localhost/api/contacts/1980_0/master"
        }
      }
    }, {
      "inputUserId" : "QSA",
      "lastUpdateUserId" : "QSA",
      "computerId" : "GLSVR171217",
      "lastSynchronizedDate" : null,
      "addressNumber" : "1981",
      "sequence" : 0,
      "name" : "Media Computindo",
      "mailingName" : "Media Computindo",
      "description" : "",
      "firstName" : "",
      "middleName" : "",
      "lastName" : "",
      "nickname" : "",
      "salutation" : "",
      "gender" : "",
      "type" : "C",
      "religion" : "",
      "dateOfBirth" : null,
      "placeOfBirth" : "",
      "socialSecurityNumber" : "",
      "socialSecurityDate" : null,
      "mediaObjectReference" : "",
      "lastUpdateDateTime" : "2017-12-17T00:00:00",
      "inputDateTime" : "2017-12-17T00:00:00",
      "_links" : {
        "self" : {
          "href" : "http://localhost/api/contacts/1981_0"
        },
        "contactPerson" : {
          "href" : "http://localhost/api/contacts/1981_0"
        },
        "master" : {
          "href" : "http://localhost/api/contacts/1981_0/master"
        }
      }
    }, {
      "inputUserId" : "QSA",
      "lastUpdateUserId" : "QSA",
      "computerId" : "GLSVR171217",
      "lastSynchronizedDate" : null,
      "addressNumber" : "1982",
      "sequence" : 0,
      "name" : "Mega 1",
      "mailingName" : "Mega 1",
      "description" : "",
      "firstName" : "",
      "middleName" : "",
      "lastName" : "",
      "nickname" : "",
      "salutation" : "",
      "gender" : "",
      "type" : "C",
      "religion" : "",
      "dateOfBirth" : null,
      "placeOfBirth" : "",
      "socialSecurityNumber" : "",
      "socialSecurityDate" : null,
      "mediaObjectReference" : "",
      "lastUpdateDateTime" : "2017-12-17T00:00:00",
      "inputDateTime" : "2017-12-17T00:00:00",
      "_links" : {
        "self" : {
          "href" : "http://localhost/api/contacts/1982_0"
        },
        "contactPerson" : {
          "href" : "http://localhost/api/contacts/1982_0"
        },
        "master" : {
          "href" : "http://localhost/api/contacts/1982_0/master"
        }
      }
    }, {
      "inputUserId" : "QSA",
      "lastUpdateUserId" : "QSA",
      "computerId" : "GLSVR171217",
      "lastSynchronizedDate" : null,
      "addressNumber" : "1983",
      "sequence" : 0,
      "name" : "Mega 2",
      "mailingName" : "Mega 2",
      "description" : "",
      "firstName" : "",
      "middleName" : "",
      "lastName" : "",
      "nickname" : "",
      "salutation" : "",
      "gender" : "",
      "type" : "C",
      "religion" : "",
      "dateOfBirth" : null,
      "placeOfBirth" : "",
      "socialSecurityNumber" : "",
      "socialSecurityDate" : null,
      "mediaObjectReference" : "",
      "lastUpdateDateTime" : "2017-12-17T00:00:00",
      "inputDateTime" : "2017-12-17T00:00:00",
      "_links" : {
        "self" : {
          "href" : "http://localhost/api/contacts/1983_0"
        },
        "contactPerson" : {
          "href" : "http://localhost/api/contacts/1983_0"
        },
        "master" : {
          "href" : "http://localhost/api/contacts/1983_0/master"
        }
      }
    }, {
      "inputUserId" : "QSA",
      "lastUpdateUserId" : "QSA",
      "computerId" : "GLSVR171217",
      "lastSynchronizedDate" : null,
      "addressNumber" : "1984",
      "sequence" : 0,
      "name" : "Mega Surya Computer",
      "mailingName" : "Mega Surya Computer",
      "description" : "",
      "firstName" : "",
      "middleName" : "",
      "lastName" : "",
      "nickname" : "",
      "salutation" : "",
      "gender" : "",
      "type" : "C",
      "religion" : "",
      "dateOfBirth" : null,
      "placeOfBirth" : "",
      "socialSecurityNumber" : "",
      "socialSecurityDate" : null,
      "mediaObjectReference" : "",
      "lastUpdateDateTime" : "2017-12-17T00:00:00",
      "inputDateTime" : "2017-12-17T00:00:00",
      "_links" : {
        "self" : {
          "href" : "http://localhost/api/contacts/1984_0"
        },
        "contactPerson" : {
          "href" : "http://localhost/api/contacts/1984_0"
        },
        "master" : {
          "href" : "http://localhost/api/contacts/1984_0/master"
        }
      }
    }, {
      "inputUserId" : "QSA",
      "lastUpdateUserId" : "QSA",
      "computerId" : "GLSVR171217",
      "lastSynchronizedDate" : null,
      "addressNumber" : "1985",
      "sequence" : 0,
      "name" : "Melia Computer",
      "mailingName" : "Melia Computer",
      "description" : "",
      "firstName" : "",
      "middleName" : "",
      "lastName" : "",
      "nickname" : "",
      "salutation" : "",
      "gender" : "",
      "type" : "C",
      "religion" : "",
      "dateOfBirth" : null,
      "placeOfBirth" : "",
      "socialSecurityNumber" : "",
      "socialSecurityDate" : null,
      "mediaObjectReference" : "",
      "lastUpdateDateTime" : "2017-12-17T00:00:00",
      "inputDateTime" : "2017-12-17T00:00:00",
      "_links" : {
        "self" : {
          "href" : "http://localhost/api/contacts/1985_0"
        },
        "contactPerson" : {
          "href" : "http://localhost/api/contacts/1985_0"
        },
        "master" : {
          "href" : "http://localhost/api/contacts/1985_0/master"
        }
      }
    }, {
      "inputUserId" : "QSA",
      "lastUpdateUserId" : "QSA",
      "computerId" : "GLSVR171217",
      "lastSynchronizedDate" : null,
      "addressNumber" : "1986",
      "sequence" : 0,
      "name" : "Meme",
      "mailingName" : "Meme",
      "description" : "",
      "firstName" : "",
      "middleName" : "",
      "lastName" : "",
      "nickname" : "",
      "salutation" : "",
      "gender" : "",
      "type" : "C",
      "religion" : "",
      "dateOfBirth" : null,
      "placeOfBirth" : "",
      "socialSecurityNumber" : "",
      "socialSecurityDate" : null,
      "mediaObjectReference" : "",
      "lastUpdateDateTime" : "2017-12-17T00:00:00",
      "inputDateTime" : "2017-12-17T00:00:00",
      "_links" : {
        "self" : {
          "href" : "http://localhost/api/contacts/1986_0"
        },
        "contactPerson" : {
          "href" : "http://localhost/api/contacts/1986_0"
        },
        "master" : {
          "href" : "http://localhost/api/contacts/1986_0/master"
        }
      }
    }, {
      "inputUserId" : "QSA",
      "lastUpdateUserId" : "QSA",
      "computerId" : "GLSVR171217",
      "lastSynchronizedDate" : null,
      "addressNumber" : "1987",
      "sequence" : 0,
      "name" : "Menara Distribusi",
      "mailingName" : "Menara Distribusi",
      "description" : "",
      "firstName" : "",
      "middleName" : "",
      "lastName" : "",
      "nickname" : "",
      "salutation" : "",
      "gender" : "",
      "type" : "C",
      "religion" : "",
      "dateOfBirth" : null,
      "placeOfBirth" : "",
      "socialSecurityNumber" : "",
      "socialSecurityDate" : null,
      "mediaObjectReference" : "",
      "lastUpdateDateTime" : "2017-12-17T00:00:00",
      "inputDateTime" : "2017-12-17T00:00:00",
      "_links" : {
        "self" : {
          "href" : "http://localhost/api/contacts/1987_0"
        },
        "contactPerson" : {
          "href" : "http://localhost/api/contacts/1987_0"
        },
        "master" : {
          "href" : "http://localhost/api/contacts/1987_0/master"
        }
      }
    }, {
      "inputUserId" : "QSA",
      "lastUpdateUserId" : "QSA",
      "computerId" : "GLSVR171217",
      "lastSynchronizedDate" : null,
      "addressNumber" : "1988",
      "sequence" : 0,
      "name" : "Mercure Grand Mirama",
      "mailingName" : "Mercure Grand Mirama",
      "description" : "",
      "firstName" : "",
      "middleName" : "",
      "lastName" : "",
      "nickname" : "",
      "salutation" : "",
      "gender" : "",
      "type" : "C",
      "religion" : "",
      "dateOfBirth" : null,
      "placeOfBirth" : "",
      "socialSecurityNumber" : "",
      "socialSecurityDate" : null,
      "mediaObjectReference" : "",
      "lastUpdateDateTime" : "2017-12-17T00:00:00",
      "inputDateTime" : "2017-12-17T00:00:00",
      "_links" : {
        "self" : {
          "href" : "http://localhost/api/contacts/1988_0"
        },
        "contactPerson" : {
          "href" : "http://localhost/api/contacts/1988_0"
        },
        "master" : {
          "href" : "http://localhost/api/contacts/1988_0/master"
        }
      }
    }, {
      "inputUserId" : "QSA",
      "lastUpdateUserId" : "QSA",
      "computerId" : "GLSVR171217",
      "lastSynchronizedDate" : null,
      "addressNumber" : "1989",
      "sequence" : 0,
      "name" : "Mesakk",
      "mailingName" : "Mesakk",
      "description" : "",
      "firstName" : "",
      "middleName" : "",
      "lastName" : "",
      "nickname" : "",
      "salutation" : "",
      "gender" : "",
      "type" : "C",
      "religion" : "",
      "dateOfBirth" : null,
      "placeOfBirth" : "",
      "socialSecurityNumber" : "",
      "socialSecurityDate" : null,
      "mediaObjectReference" : "",
      "lastUpdateDateTime" : "2017-12-17T00:00:00",
      "inputDateTime" : "2017-12-17T00:00:00",
      "_links" : {
        "self" : {
          "href" : "http://localhost/api/contacts/1989_0"
        },
        "contactPerson" : {
          "href" : "http://localhost/api/contacts/1989_0"
        },
        "master" : {
          "href" : "http://localhost/api/contacts/1989_0/master"
        }
      }
    }, {
      "inputUserId" : "QSA",
      "lastUpdateUserId" : "QSA",
      "computerId" : "GLSVR171217",
      "lastSynchronizedDate" : null,
      "addressNumber" : "1990",
      "sequence" : 0,
      "name" : "Meta Printing",
      "mailingName" : "Meta Printing",
      "description" : "",
      "firstName" : "",
      "middleName" : "",
      "lastName" : "",
      "nickname" : "",
      "salutation" : "",
      "gender" : "",
      "type" : "C",
      "religion" : "",
      "dateOfBirth" : null,
      "placeOfBirth" : "",
      "socialSecurityNumber" : "",
      "socialSecurityDate" : null,
      "mediaObjectReference" : "",
      "lastUpdateDateTime" : "2017-12-17T00:00:00",
      "inputDateTime" : "2017-12-17T00:00:00",
      "_links" : {
        "self" : {
          "href" : "http://localhost/api/contacts/1990_0"
        },
        "contactPerson" : {
          "href" : "http://localhost/api/contacts/1990_0"
        },
        "master" : {
          "href" : "http://localhost/api/contacts/1990_0/master"
        }
      }
    }, {
      "inputUserId" : "QSA",
      "lastUpdateUserId" : "QSA",
      "computerId" : "GLSVR171217",
      "lastSynchronizedDate" : null,
      "addressNumber" : "1991",
      "sequence" : 0,
      "name" : "Metrodata Jakarta",
      "mailingName" : "Metrodata Jakarta",
      "description" : "",
      "firstName" : "",
      "middleName" : "",
      "lastName" : "",
      "nickname" : "",
      "salutation" : "",
      "gender" : "",
      "type" : "C",
      "religion" : "",
      "dateOfBirth" : null,
      "placeOfBirth" : "",
      "socialSecurityNumber" : "",
      "socialSecurityDate" : null,
      "mediaObjectReference" : "",
      "lastUpdateDateTime" : "2017-12-17T00:00:00",
      "inputDateTime" : "2017-12-17T00:00:00",
      "_links" : {
        "self" : {
          "href" : "http://localhost/api/contacts/1991_0"
        },
        "contactPerson" : {
          "href" : "http://localhost/api/contacts/1991_0"
        },
        "master" : {
          "href" : "http://localhost/api/contacts/1991_0/master"
        }
      }
    }, {
      "inputUserId" : "QSA",
      "lastUpdateUserId" : "QSA",
      "computerId" : "GLSVR171217",
      "lastSynchronizedDate" : null,
      "addressNumber" : "1992",
      "sequence" : 0,
      "name" : "Mia",
      "mailingName" : "Mia",
      "description" : "",
      "firstName" : "",
      "middleName" : "",
      "lastName" : "",
      "nickname" : "",
      "salutation" : "",
      "gender" : "",
      "type" : "C",
      "religion" : "",
      "dateOfBirth" : null,
      "placeOfBirth" : "",
      "socialSecurityNumber" : "",
      "socialSecurityDate" : null,
      "mediaObjectReference" : "",
      "lastUpdateDateTime" : "2017-12-17T00:00:00",
      "inputDateTime" : "2017-12-17T00:00:00",
      "_links" : {
        "self" : {
          "href" : "http://localhost/api/contacts/1992_0"
        },
        "contactPerson" : {
          "href" : "http://localhost/api/contacts/1992_0"
        },
        "master" : {
          "href" : "http://localhost/api/contacts/1992_0/master"
        }
      }
    }, {
      "inputUserId" : "QSA",
      "lastUpdateUserId" : "QSA",
      "computerId" : "GLSVR171217",
      "lastSynchronizedDate" : null,
      "addressNumber" : "1993",
      "sequence" : 0,
      "name" : "Michael",
      "mailingName" : "Michael",
      "description" : "",
      "firstName" : "",
      "middleName" : "",
      "lastName" : "",
      "nickname" : "",
      "salutation" : "",
      "gender" : "",
      "type" : "C",
      "religion" : "",
      "dateOfBirth" : null,
      "placeOfBirth" : "",
      "socialSecurityNumber" : "",
      "socialSecurityDate" : null,
      "mediaObjectReference" : "",
      "lastUpdateDateTime" : "2017-12-17T00:00:00",
      "inputDateTime" : "2017-12-17T00:00:00",
      "_links" : {
        "self" : {
          "href" : "http://localhost/api/contacts/1993_0"
        },
        "contactPerson" : {
          "href" : "http://localhost/api/contacts/1993_0"
        },
        "master" : {
          "href" : "http://localhost/api/contacts/1993_0/master"
        }
      }
    }, {
      "inputUserId" : "QSA",
      "lastUpdateUserId" : "QSA",
      "computerId" : "GLSVR171217",
      "lastSynchronizedDate" : null,
      "addressNumber" : "1994",
      "sequence" : 0,
      "name" : "Michele",
      "mailingName" : "Michele",
      "description" : "",
      "firstName" : "",
      "middleName" : "",
      "lastName" : "",
      "nickname" : "",
      "salutation" : "",
      "gender" : "",
      "type" : "C",
      "religion" : "",
      "dateOfBirth" : null,
      "placeOfBirth" : "",
      "socialSecurityNumber" : "",
      "socialSecurityDate" : null,
      "mediaObjectReference" : "",
      "lastUpdateDateTime" : "2017-12-17T00:00:00",
      "inputDateTime" : "2017-12-17T00:00:00",
      "_links" : {
        "self" : {
          "href" : "http://localhost/api/contacts/1994_0"
        },
        "contactPerson" : {
          "href" : "http://localhost/api/contacts/1994_0"
        },
        "master" : {
          "href" : "http://localhost/api/contacts/1994_0/master"
        }
      }
    }, {
      "inputUserId" : "QSA",
      "lastUpdateUserId" : "QSA",
      "computerId" : "GLSVR171217",
      "lastSynchronizedDate" : null,
      "addressNumber" : "1995",
      "sequence" : 0,
      "name" : "Micro Computer",
      "mailingName" : "Micro Computer",
      "description" : "",
      "firstName" : "",
      "middleName" : "",
      "lastName" : "",
      "nickname" : "",
      "salutation" : "",
      "gender" : "",
      "type" : "C",
      "religion" : "",
      "dateOfBirth" : null,
      "placeOfBirth" : "",
      "socialSecurityNumber" : "",
      "socialSecurityDate" : null,
      "mediaObjectReference" : "",
      "lastUpdateDateTime" : "2017-12-17T00:00:00",
      "inputDateTime" : "2017-12-17T00:00:00",
      "_links" : {
        "self" : {
          "href" : "http://localhost/api/contacts/1995_0"
        },
        "contactPerson" : {
          "href" : "http://localhost/api/contacts/1995_0"
        },
        "master" : {
          "href" : "http://localhost/api/contacts/1995_0/master"
        }
      }
    }, {
      "inputUserId" : "QSA",
      "lastUpdateUserId" : "QSA",
      "computerId" : "GLSVR171217",
      "lastSynchronizedDate" : null,
      "addressNumber" : "1996",
      "sequence" : 0,
      "name" : "Miftah",
      "mailingName" : "Miftah",
      "description" : "",
      "firstName" : "",
      "middleName" : "",
      "lastName" : "",
      "nickname" : "",
      "salutation" : "",
      "gender" : "",
      "type" : "C",
      "religion" : "",
      "dateOfBirth" : null,
      "placeOfBirth" : "",
      "socialSecurityNumber" : "",
      "socialSecurityDate" : null,
      "mediaObjectReference" : "",
      "lastUpdateDateTime" : "2017-12-17T00:00:00",
      "inputDateTime" : "2017-12-17T00:00:00",
      "_links" : {
        "self" : {
          "href" : "http://localhost/api/contacts/1996_0"
        },
        "contactPerson" : {
          "href" : "http://localhost/api/contacts/1996_0"
        },
        "master" : {
          "href" : "http://localhost/api/contacts/1996_0/master"
        }
      }
    }, {
      "inputUserId" : "QSA",
      "lastUpdateUserId" : "QSA",
      "computerId" : "GLSVR171217",
      "lastSynchronizedDate" : null,
      "addressNumber" : "1997",
      "sequence" : 0,
      "name" : "Mimo",
      "mailingName" : "Mimo",
      "description" : "",
      "firstName" : "",
      "middleName" : "",
      "lastName" : "",
      "nickname" : "",
      "salutation" : "",
      "gender" : "",
      "type" : "C",
      "religion" : "",
      "dateOfBirth" : null,
      "placeOfBirth" : "",
      "socialSecurityNumber" : "",
      "socialSecurityDate" : null,
      "mediaObjectReference" : "",
      "lastUpdateDateTime" : "2017-12-17T00:00:00",
      "inputDateTime" : "2017-12-17T00:00:00",
      "_links" : {
        "self" : {
          "href" : "http://localhost/api/contacts/1997_0"
        },
        "contactPerson" : {
          "href" : "http://localhost/api/contacts/1997_0"
        },
        "master" : {
          "href" : "http://localhost/api/contacts/1997_0/master"
        }
      }
    }, {
      "inputUserId" : "QSA",
      "lastUpdateUserId" : "QSA",
      "computerId" : "GLSVR171217",
      "lastSynchronizedDate" : null,
      "addressNumber" : "1998",
      "sequence" : 0,
      "name" : "MIP.Computer",
      "mailingName" : "MIP.Computer",
      "description" : "",
      "firstName" : "",
      "middleName" : "",
      "lastName" : "",
      "nickname" : "",
      "salutation" : "",
      "gender" : "",
      "type" : "C",
      "religion" : "",
      "dateOfBirth" : null,
      "placeOfBirth" : "",
      "socialSecurityNumber" : "",
      "socialSecurityDate" : null,
      "mediaObjectReference" : "",
      "lastUpdateDateTime" : "2017-12-17T00:00:00",
      "inputDateTime" : "2017-12-17T00:00:00",
      "_links" : {
        "self" : {
          "href" : "http://localhost/api/contacts/1998_0"
        },
        "contactPerson" : {
          "href" : "http://localhost/api/contacts/1998_0"
        },
        "master" : {
          "href" : "http://localhost/api/contacts/1998_0/master"
        }
      }
    }, {
      "inputUserId" : "QSA",
      "lastUpdateUserId" : "QSA",
      "computerId" : "GLSVR171217",
      "lastSynchronizedDate" : null,
      "addressNumber" : "1999",
      "sequence" : 0,
      "name" : "Miracle",
      "mailingName" : "Miracle",
      "description" : "",
      "firstName" : "",
      "middleName" : "",
      "lastName" : "",
      "nickname" : "",
      "salutation" : "",
      "gender" : "",
      "type" : "C",
      "religion" : "",
      "dateOfBirth" : null,
      "placeOfBirth" : "",
      "socialSecurityNumber" : "",
      "socialSecurityDate" : null,
      "mediaObjectReference" : "",
      "lastUpdateDateTime" : "2017-12-17T00:00:00",
      "inputDateTime" : "2017-12-17T00:00:00",
      "_links" : {
        "self" : {
          "href" : "http://localhost/api/contacts/1999_0"
        },
        "contactPerson" : {
          "href" : "http://localhost/api/contacts/1999_0"
        },
        "master" : {
          "href" : "http://localhost/api/contacts/1999_0/master"
        }
      }
    }, {
      "inputUserId" : "QSA",
      "lastUpdateUserId" : "QSA",
      "computerId" : "GLSVR171217",
      "lastSynchronizedDate" : null,
      "addressNumber" : "2000",
      "sequence" : 0,
      "name" : "Mirza",
      "mailingName" : "Mirza",
      "description" : "",
      "firstName" : "",
      "middleName" : "",
      "lastName" : "",
      "nickname" : "",
      "salutation" : "",
      "gender" : "",
      "type" : "C",
      "religion" : "",
      "dateOfBirth" : null,
      "placeOfBirth" : "",
      "socialSecurityNumber" : "",
      "socialSecurityDate" : null,
      "mediaObjectReference" : "",
      "lastUpdateDateTime" : "2017-12-17T00:00:00",
      "inputDateTime" : "2017-12-17T00:00:00",
      "_links" : {
        "self" : {
          "href" : "http://localhost/api/contacts/2000_0"
        },
        "contactPerson" : {
          "href" : "http://localhost/api/contacts/2000_0"
        },
        "master" : {
          "href" : "http://localhost/api/contacts/2000_0/master"
        }
      }
    }, {
      "inputUserId" : "QSA",
      "lastUpdateUserId" : "QSA",
      "computerId" : "GLSVR171217",
      "lastSynchronizedDate" : null,
      "addressNumber" : "2001",
      "sequence" : 0,
      "name" : "Misdi",
      "mailingName" : "Misdi",
      "description" : "",
      "firstName" : "",
      "middleName" : "",
      "lastName" : "",
      "nickname" : "",
      "salutation" : "",
      "gender" : "",
      "type" : "C",
      "religion" : "",
      "dateOfBirth" : null,
      "placeOfBirth" : "",
      "socialSecurityNumber" : "",
      "socialSecurityDate" : null,
      "mediaObjectReference" : "",
      "lastUpdateDateTime" : "2017-12-17T00:00:00",
      "inputDateTime" : "2017-12-17T00:00:00",
      "_links" : {
        "self" : {
          "href" : "http://localhost/api/contacts/2001_0"
        },
        "contactPerson" : {
          "href" : "http://localhost/api/contacts/2001_0"
        },
        "master" : {
          "href" : "http://localhost/api/contacts/2001_0/master"
        }
      }
    }, {
      "inputUserId" : "QSA",
      "lastUpdateUserId" : "QSA",
      "computerId" : "GLSVR171217",
      "lastSynchronizedDate" : null,
      "addressNumber" : "2002",
      "sequence" : 0,
      "name" : "Mita",
      "mailingName" : "Mita",
      "description" : "",
      "firstName" : "",
      "middleName" : "",
      "lastName" : "",
      "nickname" : "",
      "salutation" : "",
      "gender" : "",
      "type" : "C",
      "religion" : "",
      "dateOfBirth" : null,
      "placeOfBirth" : "",
      "socialSecurityNumber" : "",
      "socialSecurityDate" : null,
      "mediaObjectReference" : "",
      "lastUpdateDateTime" : "2017-12-17T00:00:00",
      "inputDateTime" : "2017-12-17T00:00:00",
      "_links" : {
        "self" : {
          "href" : "http://localhost/api/contacts/2002_0"
        },
        "contactPerson" : {
          "href" : "http://localhost/api/contacts/2002_0"
        },
        "master" : {
          "href" : "http://localhost/api/contacts/2002_0/master"
        }
      }
    }, {
      "inputUserId" : "QSA",
      "lastUpdateUserId" : "QSA",
      "computerId" : "GLSVR171217",
      "lastSynchronizedDate" : null,
      "addressNumber" : "2003",
      "sequence" : 0,
      "name" : "Mitra Abadi",
      "mailingName" : "Mitra Abadi",
      "description" : "",
      "firstName" : "",
      "middleName" : "",
      "lastName" : "",
      "nickname" : "",
      "salutation" : "",
      "gender" : "",
      "type" : "C",
      "religion" : "",
      "dateOfBirth" : null,
      "placeOfBirth" : "",
      "socialSecurityNumber" : "",
      "socialSecurityDate" : null,
      "mediaObjectReference" : "",
      "lastUpdateDateTime" : "2017-12-17T00:00:00",
      "inputDateTime" : "2017-12-17T00:00:00",
      "_links" : {
        "self" : {
          "href" : "http://localhost/api/contacts/2003_0"
        },
        "contactPerson" : {
          "href" : "http://localhost/api/contacts/2003_0"
        },
        "master" : {
          "href" : "http://localhost/api/contacts/2003_0/master"
        }
      }
    }, {
      "inputUserId" : "QSA",
      "lastUpdateUserId" : "QSA",
      "computerId" : "GLSVR171217",
      "lastSynchronizedDate" : null,
      "addressNumber" : "2004",
      "sequence" : 0,
      "name" : "Mitra Data (Akho)",
      "mailingName" : "Mitra Data (Akho)",
      "description" : "",
      "firstName" : "",
      "middleName" : "",
      "lastName" : "",
      "nickname" : "",
      "salutation" : "",
      "gender" : "",
      "type" : "C",
      "religion" : "",
      "dateOfBirth" : null,
      "placeOfBirth" : "",
      "socialSecurityNumber" : "",
      "socialSecurityDate" : null,
      "mediaObjectReference" : "",
      "lastUpdateDateTime" : "2017-12-17T00:00:00",
      "inputDateTime" : "2017-12-17T00:00:00",
      "_links" : {
        "self" : {
          "href" : "http://localhost/api/contacts/2004_0"
        },
        "contactPerson" : {
          "href" : "http://localhost/api/contacts/2004_0"
        },
        "master" : {
          "href" : "http://localhost/api/contacts/2004_0/master"
        }
      }
    }, {
      "inputUserId" : "QSA",
      "lastUpdateUserId" : "QSA",
      "computerId" : "GLSVR171217",
      "lastSynchronizedDate" : null,
      "addressNumber" : "2005",
      "sequence" : 0,
      "name" : "Mitra Mandiri Computer",
      "mailingName" : "Mitra Mandiri Computer",
      "description" : "",
      "firstName" : "",
      "middleName" : "",
      "lastName" : "",
      "nickname" : "",
      "salutation" : "",
      "gender" : "",
      "type" : "C",
      "religion" : "",
      "dateOfBirth" : null,
      "placeOfBirth" : "",
      "socialSecurityNumber" : "",
      "socialSecurityDate" : null,
      "mediaObjectReference" : "",
      "lastUpdateDateTime" : "2017-12-17T00:00:00",
      "inputDateTime" : "2017-12-17T00:00:00",
      "_links" : {
        "self" : {
          "href" : "http://localhost/api/contacts/2005_0"
        },
        "contactPerson" : {
          "href" : "http://localhost/api/contacts/2005_0"
        },
        "master" : {
          "href" : "http://localhost/api/contacts/2005_0/master"
        }
      }
    }, {
      "inputUserId" : "QSA",
      "lastUpdateUserId" : "QSA",
      "computerId" : "GLSVR171217",
      "lastSynchronizedDate" : null,
      "addressNumber" : "2006",
      "sequence" : 0,
      "name" : "Mitra Office",
      "mailingName" : "Mitra Office",
      "description" : "",
      "firstName" : "",
      "middleName" : "",
      "lastName" : "",
      "nickname" : "",
      "salutation" : "",
      "gender" : "",
      "type" : "C",
      "religion" : "",
      "dateOfBirth" : null,
      "placeOfBirth" : "",
      "socialSecurityNumber" : "",
      "socialSecurityDate" : null,
      "mediaObjectReference" : "",
      "lastUpdateDateTime" : "2017-12-17T00:00:00",
      "inputDateTime" : "2017-12-17T00:00:00",
      "_links" : {
        "self" : {
          "href" : "http://localhost/api/contacts/2006_0"
        },
        "contactPerson" : {
          "href" : "http://localhost/api/contacts/2006_0"
        },
        "master" : {
          "href" : "http://localhost/api/contacts/2006_0/master"
        }
      }
    }, {
      "inputUserId" : "QSA",
      "lastUpdateUserId" : "QSA",
      "computerId" : "GLSVR171217",
      "lastSynchronizedDate" : null,
      "addressNumber" : "2006",
      "sequence" : 1,
      "name" : "Ria",
      "mailingName" : "Ria",
      "description" : "",
      "firstName" : "",
      "middleName" : "",
      "lastName" : "",
      "nickname" : "",
      "salutation" : "",
      "gender" : "",
      "type" : "C",
      "religion" : "",
      "dateOfBirth" : null,
      "placeOfBirth" : "",
      "socialSecurityNumber" : "",
      "socialSecurityDate" : null,
      "mediaObjectReference" : "",
      "lastUpdateDateTime" : "2017-12-17T00:00:00",
      "inputDateTime" : "2017-12-17T00:00:00",
      "_links" : {
        "self" : {
          "href" : "http://localhost/api/contacts/2006_1"
        },
        "contactPerson" : {
          "href" : "http://localhost/api/contacts/2006_1"
        },
        "master" : {
          "href" : "http://localhost/api/contacts/2006_1/master"
        }
      }
    }, {
      "inputUserId" : "QSA",
      "lastUpdateUserId" : "QSA",
      "computerId" : "GLSVR171217",
      "lastSynchronizedDate" : null,
      "addressNumber" : "2007",
      "sequence" : 0,
      "name" : "Mitra Sejati Computer Tuban",
      "mailingName" : "Mitra Sejati Computer Tuban",
      "description" : "",
      "firstName" : "",
      "middleName" : "",
      "lastName" : "",
      "nickname" : "",
      "salutation" : "",
      "gender" : "",
      "type" : "C",
      "religion" : "",
      "dateOfBirth" : null,
      "placeOfBirth" : "",
      "socialSecurityNumber" : "",
      "socialSecurityDate" : null,
      "mediaObjectReference" : "",
      "lastUpdateDateTime" : "2017-12-17T00:00:00",
      "inputDateTime" : "2017-12-17T00:00:00",
      "_links" : {
        "self" : {
          "href" : "http://localhost/api/contacts/2007_0"
        },
        "contactPerson" : {
          "href" : "http://localhost/api/contacts/2007_0"
        },
        "master" : {
          "href" : "http://localhost/api/contacts/2007_0/master"
        }
      }
    }, {
      "inputUserId" : "QSA",
      "lastUpdateUserId" : "QSA",
      "computerId" : "GLSVR171217",
      "lastSynchronizedDate" : null,
      "addressNumber" : "2008",
      "sequence" : 0,
      "name" : "Mitra Sejati Komputer",
      "mailingName" : "Mitra Sejati Komputer",
      "description" : "",
      "firstName" : "",
      "middleName" : "",
      "lastName" : "",
      "nickname" : "",
      "salutation" : "",
      "gender" : "",
      "type" : "C",
      "religion" : "",
      "dateOfBirth" : null,
      "placeOfBirth" : "",
      "socialSecurityNumber" : "",
      "socialSecurityDate" : null,
      "mediaObjectReference" : "",
      "lastUpdateDateTime" : "2017-12-17T00:00:00",
      "inputDateTime" : "2017-12-17T00:00:00",
      "_links" : {
        "self" : {
          "href" : "http://localhost/api/contacts/2008_0"
        },
        "contactPerson" : {
          "href" : "http://localhost/api/contacts/2008_0"
        },
        "master" : {
          "href" : "http://localhost/api/contacts/2008_0/master"
        }
      }
    }, {
      "inputUserId" : "QSA",
      "lastUpdateUserId" : "QSA",
      "computerId" : "GLSVR171217",
      "lastSynchronizedDate" : null,
      "addressNumber" : "2009",
      "sequence" : 0,
      "name" : "Mitra Solution Logistic",
      "mailingName" : "Mitra Solution Logistic",
      "description" : "",
      "firstName" : "",
      "middleName" : "",
      "lastName" : "",
      "nickname" : "",
      "salutation" : "",
      "gender" : "",
      "type" : "C",
      "religion" : "",
      "dateOfBirth" : null,
      "placeOfBirth" : "",
      "socialSecurityNumber" : "",
      "socialSecurityDate" : null,
      "mediaObjectReference" : "",
      "lastUpdateDateTime" : "2017-12-17T00:00:00",
      "inputDateTime" : "2017-12-17T00:00:00",
      "_links" : {
        "self" : {
          "href" : "http://localhost/api/contacts/2009_0"
        },
        "contactPerson" : {
          "href" : "http://localhost/api/contacts/2009_0"
        },
        "master" : {
          "href" : "http://localhost/api/contacts/2009_0/master"
        }
      }
    }, {
      "inputUserId" : "QSA",
      "lastUpdateUserId" : "QSA",
      "computerId" : "GLSVR171217",
      "lastSynchronizedDate" : null,
      "addressNumber" : "2010",
      "sequence" : 0,
      "name" : "Mitra Utama Pasuruan",
      "mailingName" : "Mitra Utama Pasuruan",
      "description" : "",
      "firstName" : "",
      "middleName" : "",
      "lastName" : "",
      "nickname" : "",
      "salutation" : "",
      "gender" : "",
      "type" : "C",
      "religion" : "",
      "dateOfBirth" : null,
      "placeOfBirth" : "",
      "socialSecurityNumber" : "",
      "socialSecurityDate" : null,
      "mediaObjectReference" : "",
      "lastUpdateDateTime" : "2017-12-17T00:00:00",
      "inputDateTime" : "2017-12-17T00:00:00",
      "_links" : {
        "self" : {
          "href" : "http://localhost/api/contacts/2010_0"
        },
        "contactPerson" : {
          "href" : "http://localhost/api/contacts/2010_0"
        },
        "master" : {
          "href" : "http://localhost/api/contacts/2010_0/master"
        }
      }
    }, {
      "inputUserId" : "QSA",
      "lastUpdateUserId" : "QSA",
      "computerId" : "GLSVR171217",
      "lastSynchronizedDate" : null,
      "addressNumber" : "2011",
      "sequence" : 0,
      "name" : "Mitradata",
      "mailingName" : "Mitradata",
      "description" : "",
      "firstName" : "",
      "middleName" : "",
      "lastName" : "",
      "nickname" : "",
      "salutation" : "",
      "gender" : "",
      "type" : "C",
      "religion" : "",
      "dateOfBirth" : null,
      "placeOfBirth" : "",
      "socialSecurityNumber" : "",
      "socialSecurityDate" : null,
      "mediaObjectReference" : "",
      "lastUpdateDateTime" : "2017-12-17T00:00:00",
      "inputDateTime" : "2017-12-17T00:00:00",
      "_links" : {
        "self" : {
          "href" : "http://localhost/api/contacts/2011_0"
        },
        "contactPerson" : {
          "href" : "http://localhost/api/contacts/2011_0"
        },
        "master" : {
          "href" : "http://localhost/api/contacts/2011_0/master"
        }
      }
    }, {
      "inputUserId" : "QSA",
      "lastUpdateUserId" : "QSA",
      "computerId" : "GLSVR171217",
      "lastSynchronizedDate" : null,
      "addressNumber" : "2012",
      "sequence" : 0,
      "name" : "MMC",
      "mailingName" : "MMC",
      "description" : "",
      "firstName" : "",
      "middleName" : "",
      "lastName" : "",
      "nickname" : "",
      "salutation" : "",
      "gender" : "",
      "type" : "C",
      "religion" : "",
      "dateOfBirth" : null,
      "placeOfBirth" : "",
      "socialSecurityNumber" : "",
      "socialSecurityDate" : null,
      "mediaObjectReference" : "",
      "lastUpdateDateTime" : "2017-12-17T00:00:00",
      "inputDateTime" : "2017-12-17T00:00:00",
      "_links" : {
        "self" : {
          "href" : "http://localhost/api/contacts/2012_0"
        },
        "contactPerson" : {
          "href" : "http://localhost/api/contacts/2012_0"
        },
        "master" : {
          "href" : "http://localhost/api/contacts/2012_0/master"
        }
      }
    }, {
      "inputUserId" : "QSA",
      "lastUpdateUserId" : "QSA",
      "computerId" : "GLSVR171217",
      "lastSynchronizedDate" : null,
      "addressNumber" : "2013",
      "sequence" : 0,
      "name" : "Moh.Basuri",
      "mailingName" : "Moh.Basuri",
      "description" : "",
      "firstName" : "",
      "middleName" : "",
      "lastName" : "",
      "nickname" : "",
      "salutation" : "",
      "gender" : "",
      "type" : "C",
      "religion" : "",
      "dateOfBirth" : null,
      "placeOfBirth" : "",
      "socialSecurityNumber" : "",
      "socialSecurityDate" : null,
      "mediaObjectReference" : "",
      "lastUpdateDateTime" : "2017-12-17T00:00:00",
      "inputDateTime" : "2017-12-17T00:00:00",
      "_links" : {
        "self" : {
          "href" : "http://localhost/api/contacts/2013_0"
        },
        "contactPerson" : {
          "href" : "http://localhost/api/contacts/2013_0"
        },
        "master" : {
          "href" : "http://localhost/api/contacts/2013_0/master"
        }
      }
    }, {
      "inputUserId" : "QSA",
      "lastUpdateUserId" : "QSA",
      "computerId" : "GLSVR171217",
      "lastSynchronizedDate" : null,
      "addressNumber" : "2014",
      "sequence" : 0,
      "name" : "Mts .Nurul Khoir",
      "mailingName" : "Mts .Nurul Khoir",
      "description" : "",
      "firstName" : "",
      "middleName" : "",
      "lastName" : "",
      "nickname" : "",
      "salutation" : "",
      "gender" : "",
      "type" : "C",
      "religion" : "",
      "dateOfBirth" : null,
      "placeOfBirth" : "",
      "socialSecurityNumber" : "",
      "socialSecurityDate" : null,
      "mediaObjectReference" : "",
      "lastUpdateDateTime" : "2017-12-17T00:00:00",
      "inputDateTime" : "2017-12-17T00:00:00",
      "_links" : {
        "self" : {
          "href" : "http://localhost/api/contacts/2014_0"
        },
        "contactPerson" : {
          "href" : "http://localhost/api/contacts/2014_0"
        },
        "master" : {
          "href" : "http://localhost/api/contacts/2014_0/master"
        }
      }
    }, {
      "inputUserId" : "QSA",
      "lastUpdateUserId" : "QSA",
      "computerId" : "GLSVR171217",
      "lastSynchronizedDate" : null,
      "addressNumber" : "2015",
      "sequence" : 0,
      "name" : "Muh.Syukri",
      "mailingName" : "Muh.Syukri",
      "description" : "",
      "firstName" : "",
      "middleName" : "",
      "lastName" : "",
      "nickname" : "",
      "salutation" : "",
      "gender" : "",
      "type" : "C",
      "religion" : "",
      "dateOfBirth" : null,
      "placeOfBirth" : "",
      "socialSecurityNumber" : "",
      "socialSecurityDate" : null,
      "mediaObjectReference" : "",
      "lastUpdateDateTime" : "2017-12-17T00:00:00",
      "inputDateTime" : "2017-12-17T00:00:00",
      "_links" : {
        "self" : {
          "href" : "http://localhost/api/contacts/2015_0"
        },
        "contactPerson" : {
          "href" : "http://localhost/api/contacts/2015_0"
        },
        "master" : {
          "href" : "http://localhost/api/contacts/2015_0/master"
        }
      }
    }, {
      "inputUserId" : "QSA",
      "lastUpdateUserId" : "QSA",
      "computerId" : "GLSVR171217",
      "lastSynchronizedDate" : null,
      "addressNumber" : "2016",
      "sequence" : 0,
      "name" : "Muham",
      "mailingName" : "Muham",
      "description" : "",
      "firstName" : "",
      "middleName" : "",
      "lastName" : "",
      "nickname" : "",
      "salutation" : "",
      "gender" : "",
      "type" : "C",
      "religion" : "",
      "dateOfBirth" : null,
      "placeOfBirth" : "",
      "socialSecurityNumber" : "",
      "socialSecurityDate" : null,
      "mediaObjectReference" : "",
      "lastUpdateDateTime" : "2017-12-17T00:00:00",
      "inputDateTime" : "2017-12-17T00:00:00",
      "_links" : {
        "self" : {
          "href" : "http://localhost/api/contacts/2016_0"
        },
        "contactPerson" : {
          "href" : "http://localhost/api/contacts/2016_0"
        },
        "master" : {
          "href" : "http://localhost/api/contacts/2016_0/master"
        }
      }
    }, {
      "inputUserId" : "QSA",
      "lastUpdateUserId" : "QSA",
      "computerId" : "GLSVR171217",
      "lastSynchronizedDate" : null,
      "addressNumber" : "2017",
      "sequence" : 0,
      "name" : "Muhammad",
      "mailingName" : "Muhammad",
      "description" : "",
      "firstName" : "",
      "middleName" : "",
      "lastName" : "",
      "nickname" : "",
      "salutation" : "",
      "gender" : "",
      "type" : "C",
      "religion" : "",
      "dateOfBirth" : null,
      "placeOfBirth" : "",
      "socialSecurityNumber" : "",
      "socialSecurityDate" : null,
      "mediaObjectReference" : "",
      "lastUpdateDateTime" : "2017-12-17T00:00:00",
      "inputDateTime" : "2017-12-17T00:00:00",
      "_links" : {
        "self" : {
          "href" : "http://localhost/api/contacts/2017_0"
        },
        "contactPerson" : {
          "href" : "http://localhost/api/contacts/2017_0"
        },
        "master" : {
          "href" : "http://localhost/api/contacts/2017_0/master"
        }
      }
    }, {
      "inputUserId" : "QSA",
      "lastUpdateUserId" : "QSA",
      "computerId" : "GLSVR171217",
      "lastSynchronizedDate" : null,
      "addressNumber" : "2018",
      "sequence" : 0,
      "name" : "Muhammad Efendy",
      "mailingName" : "Muhammad Efendy",
      "description" : "",
      "firstName" : "",
      "middleName" : "",
      "lastName" : "",
      "nickname" : "",
      "salutation" : "",
      "gender" : "",
      "type" : "C",
      "religion" : "",
      "dateOfBirth" : null,
      "placeOfBirth" : "",
      "socialSecurityNumber" : "",
      "socialSecurityDate" : null,
      "mediaObjectReference" : "",
      "lastUpdateDateTime" : "2017-12-17T00:00:00",
      "inputDateTime" : "2017-12-17T00:00:00",
      "_links" : {
        "self" : {
          "href" : "http://localhost/api/contacts/2018_0"
        },
        "contactPerson" : {
          "href" : "http://localhost/api/contacts/2018_0"
        },
        "master" : {
          "href" : "http://localhost/api/contacts/2018_0/master"
        }
      }
    }, {
      "inputUserId" : "QSA",
      "lastUpdateUserId" : "QSA",
      "computerId" : "GLSVR171217",
      "lastSynchronizedDate" : null,
      "addressNumber" : "2019",
      "sequence" : 0,
      "name" : "Muhammad Fuji Cahyono",
      "mailingName" : "Muhammad Fuji Cahyono",
      "description" : "",
      "firstName" : "",
      "middleName" : "",
      "lastName" : "",
      "nickname" : "",
      "salutation" : "",
      "gender" : "",
      "type" : "C",
      "religion" : "",
      "dateOfBirth" : null,
      "placeOfBirth" : "",
      "socialSecurityNumber" : "",
      "socialSecurityDate" : null,
      "mediaObjectReference" : "",
      "lastUpdateDateTime" : "2017-12-17T00:00:00",
      "inputDateTime" : "2017-12-17T00:00:00",
      "_links" : {
        "self" : {
          "href" : "http://localhost/api/contacts/2019_0"
        },
        "contactPerson" : {
          "href" : "http://localhost/api/contacts/2019_0"
        },
        "master" : {
          "href" : "http://localhost/api/contacts/2019_0/master"
        }
      }
    }, {
      "inputUserId" : "QSA",
      "lastUpdateUserId" : "QSA",
      "computerId" : "GLSVR171217",
      "lastSynchronizedDate" : null,
      "addressNumber" : "2020",
      "sequence" : 0,
      "name" : "Muhammad Syaifudin",
      "mailingName" : "Muhammad Syaifudin",
      "description" : "",
      "firstName" : "",
      "middleName" : "",
      "lastName" : "",
      "nickname" : "",
      "salutation" : "",
      "gender" : "",
      "type" : "C",
      "religion" : "",
      "dateOfBirth" : null,
      "placeOfBirth" : "",
      "socialSecurityNumber" : "",
      "socialSecurityDate" : null,
      "mediaObjectReference" : "",
      "lastUpdateDateTime" : "2017-12-17T00:00:00",
      "inputDateTime" : "2017-12-17T00:00:00",
      "_links" : {
        "self" : {
          "href" : "http://localhost/api/contacts/2020_0"
        },
        "contactPerson" : {
          "href" : "http://localhost/api/contacts/2020_0"
        },
        "master" : {
          "href" : "http://localhost/api/contacts/2020_0/master"
        }
      }
    }, {
      "inputUserId" : "QSA",
      "lastUpdateUserId" : "QSA",
      "computerId" : "GLSVR171217",
      "lastSynchronizedDate" : null,
      "addressNumber" : "2021",
      "sequence" : 0,
      "name" : "Muhtar Kusumaatmaja",
      "mailingName" : "Muhtar Kusumaatmaja",
      "description" : "",
      "firstName" : "",
      "middleName" : "",
      "lastName" : "",
      "nickname" : "",
      "salutation" : "",
      "gender" : "",
      "type" : "C",
      "religion" : "",
      "dateOfBirth" : null,
      "placeOfBirth" : "",
      "socialSecurityNumber" : "",
      "socialSecurityDate" : null,
      "mediaObjectReference" : "",
      "lastUpdateDateTime" : "2017-12-17T00:00:00",
      "inputDateTime" : "2017-12-17T00:00:00",
      "_links" : {
        "self" : {
          "href" : "http://localhost/api/contacts/2021_0"
        },
        "contactPerson" : {
          "href" : "http://localhost/api/contacts/2021_0"
        },
        "master" : {
          "href" : "http://localhost/api/contacts/2021_0/master"
        }
      }
    }, {
      "inputUserId" : "QSA",
      "lastUpdateUserId" : "QSA",
      "computerId" : "GLSVR171217",
      "lastSynchronizedDate" : null,
      "addressNumber" : "2022",
      "sequence" : 0,
      "name" : "Mujiono",
      "mailingName" : "Mujiono",
      "description" : "",
      "firstName" : "",
      "middleName" : "",
      "lastName" : "",
      "nickname" : "",
      "salutation" : "",
      "gender" : "",
      "type" : "C",
      "religion" : "",
      "dateOfBirth" : null,
      "placeOfBirth" : "",
      "socialSecurityNumber" : "",
      "socialSecurityDate" : null,
      "mediaObjectReference" : "",
      "lastUpdateDateTime" : "2017-12-17T00:00:00",
      "inputDateTime" : "2017-12-17T00:00:00",
      "_links" : {
        "self" : {
          "href" : "http://localhost/api/contacts/2022_0"
        },
        "contactPerson" : {
          "href" : "http://localhost/api/contacts/2022_0"
        },
        "master" : {
          "href" : "http://localhost/api/contacts/2022_0/master"
        }
      }
    }, {
      "inputUserId" : "QSA",
      "lastUpdateUserId" : "QSA",
      "computerId" : "GLSVR171217",
      "lastSynchronizedDate" : null,
      "addressNumber" : "2023",
      "sequence" : 0,
      "name" : "Mukhsin",
      "mailingName" : "Mukhsin",
      "description" : "",
      "firstName" : "",
      "middleName" : "",
      "lastName" : "",
      "nickname" : "",
      "salutation" : "",
      "gender" : "",
      "type" : "C",
      "religion" : "",
      "dateOfBirth" : null,
      "placeOfBirth" : "",
      "socialSecurityNumber" : "",
      "socialSecurityDate" : null,
      "mediaObjectReference" : "",
      "lastUpdateDateTime" : "2017-12-17T00:00:00",
      "inputDateTime" : "2017-12-17T00:00:00",
      "_links" : {
        "self" : {
          "href" : "http://localhost/api/contacts/2023_0"
        },
        "contactPerson" : {
          "href" : "http://localhost/api/contacts/2023_0"
        },
        "master" : {
          "href" : "http://localhost/api/contacts/2023_0/master"
        }
      }
    }, {
      "inputUserId" : "QSA",
      "lastUpdateUserId" : "QSA",
      "computerId" : "GLSVR171217",
      "lastSynchronizedDate" : null,
      "addressNumber" : "2024",
      "sequence" : 0,
      "name" : "Muksinah",
      "mailingName" : "Muksinah",
      "description" : "",
      "firstName" : "",
      "middleName" : "",
      "lastName" : "",
      "nickname" : "",
      "salutation" : "",
      "gender" : "",
      "type" : "C",
      "religion" : "",
      "dateOfBirth" : null,
      "placeOfBirth" : "",
      "socialSecurityNumber" : "",
      "socialSecurityDate" : null,
      "mediaObjectReference" : "",
      "lastUpdateDateTime" : "2017-12-17T00:00:00",
      "inputDateTime" : "2017-12-17T00:00:00",
      "_links" : {
        "self" : {
          "href" : "http://localhost/api/contacts/2024_0"
        },
        "contactPerson" : {
          "href" : "http://localhost/api/contacts/2024_0"
        },
        "master" : {
          "href" : "http://localhost/api/contacts/2024_0/master"
        }
      }
    }, {
      "inputUserId" : "QSA",
      "lastUpdateUserId" : "QSA",
      "computerId" : "GLSVR171217",
      "lastSynchronizedDate" : null,
      "addressNumber" : "2025",
      "sequence" : 0,
      "name" : "Multi Core Strategi",
      "mailingName" : "Multi Core Strategi",
      "description" : "",
      "firstName" : "",
      "middleName" : "",
      "lastName" : "",
      "nickname" : "",
      "salutation" : "",
      "gender" : "",
      "type" : "C",
      "religion" : "",
      "dateOfBirth" : null,
      "placeOfBirth" : "",
      "socialSecurityNumber" : "",
      "socialSecurityDate" : null,
      "mediaObjectReference" : "",
      "lastUpdateDateTime" : "2017-12-17T00:00:00",
      "inputDateTime" : "2017-12-17T00:00:00",
      "_links" : {
        "self" : {
          "href" : "http://localhost/api/contacts/2025_0"
        },
        "contactPerson" : {
          "href" : "http://localhost/api/contacts/2025_0"
        },
        "master" : {
          "href" : "http://localhost/api/contacts/2025_0/master"
        }
      }
    }, {
      "inputUserId" : "QSA",
      "lastUpdateUserId" : "QSA",
      "computerId" : "GLSVR171217",
      "lastSynchronizedDate" : null,
      "addressNumber" : "2026",
      "sequence" : 0,
      "name" : "Multi Fungsi Computer",
      "mailingName" : "Multi Fungsi Computer",
      "description" : "",
      "firstName" : "",
      "middleName" : "",
      "lastName" : "",
      "nickname" : "",
      "salutation" : "",
      "gender" : "",
      "type" : "C",
      "religion" : "",
      "dateOfBirth" : null,
      "placeOfBirth" : "",
      "socialSecurityNumber" : "",
      "socialSecurityDate" : null,
      "mediaObjectReference" : "",
      "lastUpdateDateTime" : "2017-12-17T00:00:00",
      "inputDateTime" : "2017-12-17T00:00:00",
      "_links" : {
        "self" : {
          "href" : "http://localhost/api/contacts/2026_0"
        },
        "contactPerson" : {
          "href" : "http://localhost/api/contacts/2026_0"
        },
        "master" : {
          "href" : "http://localhost/api/contacts/2026_0/master"
        }
      }
    }, {
      "inputUserId" : "QSA",
      "lastUpdateUserId" : "QSA",
      "computerId" : "GLSVR171217",
      "lastSynchronizedDate" : null,
      "addressNumber" : "2027",
      "sequence" : 0,
      "name" : "Multi Jaya Komputer",
      "mailingName" : "Multi Jaya Komputer",
      "description" : "",
      "firstName" : "",
      "middleName" : "",
      "lastName" : "",
      "nickname" : "",
      "salutation" : "",
      "gender" : "",
      "type" : "C",
      "religion" : "",
      "dateOfBirth" : null,
      "placeOfBirth" : "",
      "socialSecurityNumber" : "",
      "socialSecurityDate" : null,
      "mediaObjectReference" : "",
      "lastUpdateDateTime" : "2017-12-17T00:00:00",
      "inputDateTime" : "2017-12-17T00:00:00",
      "_links" : {
        "self" : {
          "href" : "http://localhost/api/contacts/2027_0"
        },
        "contactPerson" : {
          "href" : "http://localhost/api/contacts/2027_0"
        },
        "master" : {
          "href" : "http://localhost/api/contacts/2027_0/master"
        }
      }
    }, {
      "inputUserId" : "QSA",
      "lastUpdateUserId" : "QSA",
      "computerId" : "GLSVR171217",
      "lastSynchronizedDate" : null,
      "addressNumber" : "2028",
      "sequence" : 0,
      "name" : "Multi Union Komputer",
      "mailingName" : "Multi Union Komputer",
      "description" : "",
      "firstName" : "",
      "middleName" : "",
      "lastName" : "",
      "nickname" : "",
      "salutation" : "",
      "gender" : "",
      "type" : "C",
      "religion" : "",
      "dateOfBirth" : null,
      "placeOfBirth" : "",
      "socialSecurityNumber" : "",
      "socialSecurityDate" : null,
      "mediaObjectReference" : "",
      "lastUpdateDateTime" : "2017-12-17T00:00:00",
      "inputDateTime" : "2017-12-17T00:00:00",
      "_links" : {
        "self" : {
          "href" : "http://localhost/api/contacts/2028_0"
        },
        "contactPerson" : {
          "href" : "http://localhost/api/contacts/2028_0"
        },
        "master" : {
          "href" : "http://localhost/api/contacts/2028_0/master"
        }
      }
    }, {
      "inputUserId" : "QSA",
      "lastUpdateUserId" : "QSA",
      "computerId" : "GLSVR171217",
      "lastSynchronizedDate" : null,
      "addressNumber" : "2029",
      "sequence" : 0,
      "name" : "Mulyalim",
      "mailingName" : "Mulyalim",
      "description" : "",
      "firstName" : "",
      "middleName" : "",
      "lastName" : "",
      "nickname" : "",
      "salutation" : "",
      "gender" : "",
      "type" : "C",
      "religion" : "",
      "dateOfBirth" : null,
      "placeOfBirth" : "",
      "socialSecurityNumber" : "",
      "socialSecurityDate" : null,
      "mediaObjectReference" : "",
      "lastUpdateDateTime" : "2017-12-17T00:00:00",
      "inputDateTime" : "2017-12-17T00:00:00",
      "_links" : {
        "self" : {
          "href" : "http://localhost/api/contacts/2029_0"
        },
        "contactPerson" : {
          "href" : "http://localhost/api/contacts/2029_0"
        },
        "master" : {
          "href" : "http://localhost/api/contacts/2029_0/master"
        }
      }
    }, {
      "inputUserId" : "QSA",
      "lastUpdateUserId" : "QSA",
      "computerId" : "GLSVR171217",
      "lastSynchronizedDate" : null,
      "addressNumber" : "2030",
      "sequence" : 0,
      "name" : "Mulyati",
      "mailingName" : "Mulyati",
      "description" : "",
      "firstName" : "",
      "middleName" : "",
      "lastName" : "",
      "nickname" : "",
      "salutation" : "",
      "gender" : "",
      "type" : "C",
      "religion" : "",
      "dateOfBirth" : null,
      "placeOfBirth" : "",
      "socialSecurityNumber" : "",
      "socialSecurityDate" : null,
      "mediaObjectReference" : "",
      "lastUpdateDateTime" : "2017-12-17T00:00:00",
      "inputDateTime" : "2017-12-17T00:00:00",
      "_links" : {
        "self" : {
          "href" : "http://localhost/api/contacts/2030_0"
        },
        "contactPerson" : {
          "href" : "http://localhost/api/contacts/2030_0"
        },
        "master" : {
          "href" : "http://localhost/api/contacts/2030_0/master"
        }
      }
    }, {
      "inputUserId" : "QSA",
      "lastUpdateUserId" : "QSA",
      "computerId" : "GLSVR171217",
      "lastSynchronizedDate" : null,
      "addressNumber" : "2031",
      "sequence" : 0,
      "name" : "Munasib",
      "mailingName" : "Munasib",
      "description" : "",
      "firstName" : "",
      "middleName" : "",
      "lastName" : "",
      "nickname" : "",
      "salutation" : "",
      "gender" : "",
      "type" : "C",
      "religion" : "",
      "dateOfBirth" : null,
      "placeOfBirth" : "",
      "socialSecurityNumber" : "",
      "socialSecurityDate" : null,
      "mediaObjectReference" : "",
      "lastUpdateDateTime" : "2017-12-17T00:00:00",
      "inputDateTime" : "2017-12-17T00:00:00",
      "_links" : {
        "self" : {
          "href" : "http://localhost/api/contacts/2031_0"
        },
        "contactPerson" : {
          "href" : "http://localhost/api/contacts/2031_0"
        },
        "master" : {
          "href" : "http://localhost/api/contacts/2031_0/master"
        }
      }
    }, {
      "inputUserId" : "QSA",
      "lastUpdateUserId" : "QSA",
      "computerId" : "GLSVR171217",
      "lastSynchronizedDate" : null,
      "addressNumber" : "2032",
      "sequence" : 0,
      "name" : "Mustain",
      "mailingName" : "Mustain",
      "description" : "",
      "firstName" : "",
      "middleName" : "",
      "lastName" : "",
      "nickname" : "",
      "salutation" : "",
      "gender" : "",
      "type" : "C",
      "religion" : "",
      "dateOfBirth" : null,
      "placeOfBirth" : "",
      "socialSecurityNumber" : "",
      "socialSecurityDate" : null,
      "mediaObjectReference" : "",
      "lastUpdateDateTime" : "2017-12-17T00:00:00",
      "inputDateTime" : "2017-12-17T00:00:00",
      "_links" : {
        "self" : {
          "href" : "http://localhost/api/contacts/2032_0"
        },
        "contactPerson" : {
          "href" : "http://localhost/api/contacts/2032_0"
        },
        "master" : {
          "href" : "http://localhost/api/contacts/2032_0/master"
        }
      }
    }, {
      "inputUserId" : "QSA",
      "lastUpdateUserId" : "QSA",
      "computerId" : "GLSVR171217",
      "lastSynchronizedDate" : null,
      "addressNumber" : "2033",
      "sequence" : 0,
      "name" : "Mustofa",
      "mailingName" : "Mustofa",
      "description" : "",
      "firstName" : "",
      "middleName" : "",
      "lastName" : "",
      "nickname" : "",
      "salutation" : "",
      "gender" : "",
      "type" : "C",
      "religion" : "",
      "dateOfBirth" : null,
      "placeOfBirth" : "",
      "socialSecurityNumber" : "",
      "socialSecurityDate" : null,
      "mediaObjectReference" : "",
      "lastUpdateDateTime" : "2017-12-17T00:00:00",
      "inputDateTime" : "2017-12-17T00:00:00",
      "_links" : {
        "self" : {
          "href" : "http://localhost/api/contacts/2033_0"
        },
        "contactPerson" : {
          "href" : "http://localhost/api/contacts/2033_0"
        },
        "master" : {
          "href" : "http://localhost/api/contacts/2033_0/master"
        }
      }
    }, {
      "inputUserId" : "QSA",
      "lastUpdateUserId" : "QSA",
      "computerId" : "GLSVR171217",
      "lastSynchronizedDate" : null,
      "addressNumber" : "2034",
      "sequence" : 0,
      "name" : "Musyafa",
      "mailingName" : "Musyafa",
      "description" : "",
      "firstName" : "",
      "middleName" : "",
      "lastName" : "",
      "nickname" : "",
      "salutation" : "",
      "gender" : "",
      "type" : "C",
      "religion" : "",
      "dateOfBirth" : null,
      "placeOfBirth" : "",
      "socialSecurityNumber" : "",
      "socialSecurityDate" : null,
      "mediaObjectReference" : "",
      "lastUpdateDateTime" : "2017-12-17T00:00:00",
      "inputDateTime" : "2017-12-17T00:00:00",
      "_links" : {
        "self" : {
          "href" : "http://localhost/api/contacts/2034_0"
        },
        "contactPerson" : {
          "href" : "http://localhost/api/contacts/2034_0"
        },
        "master" : {
          "href" : "http://localhost/api/contacts/2034_0/master"
        }
      }
    }, {
      "inputUserId" : "QSA",
      "lastUpdateUserId" : "QSA",
      "computerId" : "GLSVR171217",
      "lastSynchronizedDate" : null,
      "addressNumber" : "2035",
      "sequence" : 0,
      "name" : "Muzammil",
      "mailingName" : "Muzammil",
      "description" : "",
      "firstName" : "",
      "middleName" : "",
      "lastName" : "",
      "nickname" : "",
      "salutation" : "",
      "gender" : "",
      "type" : "C",
      "religion" : "",
      "dateOfBirth" : null,
      "placeOfBirth" : "",
      "socialSecurityNumber" : "",
      "socialSecurityDate" : null,
      "mediaObjectReference" : "",
      "lastUpdateDateTime" : "2017-12-17T00:00:00",
      "inputDateTime" : "2017-12-17T00:00:00",
      "_links" : {
        "self" : {
          "href" : "http://localhost/api/contacts/2035_0"
        },
        "contactPerson" : {
          "href" : "http://localhost/api/contacts/2035_0"
        },
        "master" : {
          "href" : "http://localhost/api/contacts/2035_0/master"
        }
      }
    }, {
      "inputUserId" : "QSA",
      "lastUpdateUserId" : "QSA",
      "computerId" : "GLSVR171217",
      "lastSynchronizedDate" : null,
      "addressNumber" : "2036",
      "sequence" : 0,
      "name" : "Nadia",
      "mailingName" : "Nadia",
      "description" : "",
      "firstName" : "",
      "middleName" : "",
      "lastName" : "",
      "nickname" : "",
      "salutation" : "",
      "gender" : "",
      "type" : "C",
      "religion" : "",
      "dateOfBirth" : null,
      "placeOfBirth" : "",
      "socialSecurityNumber" : "",
      "socialSecurityDate" : null,
      "mediaObjectReference" : "",
      "lastUpdateDateTime" : "2017-12-17T00:00:00",
      "inputDateTime" : "2017-12-17T00:00:00",
      "_links" : {
        "self" : {
          "href" : "http://localhost/api/contacts/2036_0"
        },
        "contactPerson" : {
          "href" : "http://localhost/api/contacts/2036_0"
        },
        "master" : {
          "href" : "http://localhost/api/contacts/2036_0/master"
        }
      }
    }, {
      "inputUserId" : "QSA",
      "lastUpdateUserId" : "QSA",
      "computerId" : "GLSVR171217",
      "lastSynchronizedDate" : null,
      "addressNumber" : "2037",
      "sequence" : 0,
      "name" : "Nadya Smart Computer",
      "mailingName" : "Nadya Smart Computer",
      "description" : "",
      "firstName" : "",
      "middleName" : "",
      "lastName" : "",
      "nickname" : "",
      "salutation" : "",
      "gender" : "",
      "type" : "C",
      "religion" : "",
      "dateOfBirth" : null,
      "placeOfBirth" : "",
      "socialSecurityNumber" : "",
      "socialSecurityDate" : null,
      "mediaObjectReference" : "",
      "lastUpdateDateTime" : "2017-12-17T00:00:00",
      "inputDateTime" : "2017-12-17T00:00:00",
      "_links" : {
        "self" : {
          "href" : "http://localhost/api/contacts/2037_0"
        },
        "contactPerson" : {
          "href" : "http://localhost/api/contacts/2037_0"
        },
        "master" : {
          "href" : "http://localhost/api/contacts/2037_0/master"
        }
      }
    }, {
      "inputUserId" : "QSA",
      "lastUpdateUserId" : "QSA",
      "computerId" : "GLSVR171217",
      "lastSynchronizedDate" : null,
      "addressNumber" : "2038",
      "sequence" : 0,
      "name" : "Nagoya",
      "mailingName" : "Nagoya",
      "description" : "",
      "firstName" : "",
      "middleName" : "",
      "lastName" : "",
      "nickname" : "",
      "salutation" : "",
      "gender" : "",
      "type" : "C",
      "religion" : "",
      "dateOfBirth" : null,
      "placeOfBirth" : "",
      "socialSecurityNumber" : "",
      "socialSecurityDate" : null,
      "mediaObjectReference" : "",
      "lastUpdateDateTime" : "2017-12-17T00:00:00",
      "inputDateTime" : "2017-12-17T00:00:00",
      "_links" : {
        "self" : {
          "href" : "http://localhost/api/contacts/2038_0"
        },
        "contactPerson" : {
          "href" : "http://localhost/api/contacts/2038_0"
        },
        "master" : {
          "href" : "http://localhost/api/contacts/2038_0/master"
        }
      }
    }, {
      "inputUserId" : "QSA",
      "lastUpdateUserId" : "QSA",
      "computerId" : "GLSVR171217",
      "lastSynchronizedDate" : null,
      "addressNumber" : "2039",
      "sequence" : 0,
      "name" : "Nahwawi",
      "mailingName" : "Nahwawi",
      "description" : "",
      "firstName" : "",
      "middleName" : "",
      "lastName" : "",
      "nickname" : "",
      "salutation" : "",
      "gender" : "",
      "type" : "C",
      "religion" : "",
      "dateOfBirth" : null,
      "placeOfBirth" : "",
      "socialSecurityNumber" : "",
      "socialSecurityDate" : null,
      "mediaObjectReference" : "",
      "lastUpdateDateTime" : "2017-12-17T00:00:00",
      "inputDateTime" : "2017-12-17T00:00:00",
      "_links" : {
        "self" : {
          "href" : "http://localhost/api/contacts/2039_0"
        },
        "contactPerson" : {
          "href" : "http://localhost/api/contacts/2039_0"
        },
        "master" : {
          "href" : "http://localhost/api/contacts/2039_0/master"
        }
      }
    }, {
      "inputUserId" : "QSA",
      "lastUpdateUserId" : "QSA",
      "computerId" : "GLSVR171217",
      "lastSynchronizedDate" : null,
      "addressNumber" : "2040",
      "sequence" : 0,
      "name" : "Nako",
      "mailingName" : "Nako",
      "description" : "",
      "firstName" : "",
      "middleName" : "",
      "lastName" : "",
      "nickname" : "",
      "salutation" : "",
      "gender" : "",
      "type" : "C",
      "religion" : "",
      "dateOfBirth" : null,
      "placeOfBirth" : "",
      "socialSecurityNumber" : "",
      "socialSecurityDate" : null,
      "mediaObjectReference" : "",
      "lastUpdateDateTime" : "2017-12-17T00:00:00",
      "inputDateTime" : "2017-12-17T00:00:00",
      "_links" : {
        "self" : {
          "href" : "http://localhost/api/contacts/2040_0"
        },
        "contactPerson" : {
          "href" : "http://localhost/api/contacts/2040_0"
        },
        "master" : {
          "href" : "http://localhost/api/contacts/2040_0/master"
        }
      }
    }, {
      "inputUserId" : "QSA",
      "lastUpdateUserId" : "QSA",
      "computerId" : "GLSVR171217",
      "lastSynchronizedDate" : null,
      "addressNumber" : "2041",
      "sequence" : 0,
      "name" : "Nalaris Suginingsih Susilo",
      "mailingName" : "Nalaris Suginingsih Susilo",
      "description" : "",
      "firstName" : "",
      "middleName" : "",
      "lastName" : "",
      "nickname" : "",
      "salutation" : "",
      "gender" : "",
      "type" : "C",
      "religion" : "",
      "dateOfBirth" : null,
      "placeOfBirth" : "",
      "socialSecurityNumber" : "",
      "socialSecurityDate" : null,
      "mediaObjectReference" : "",
      "lastUpdateDateTime" : "2017-12-17T00:00:00",
      "inputDateTime" : "2017-12-17T00:00:00",
      "_links" : {
        "self" : {
          "href" : "http://localhost/api/contacts/2041_0"
        },
        "contactPerson" : {
          "href" : "http://localhost/api/contacts/2041_0"
        },
        "master" : {
          "href" : "http://localhost/api/contacts/2041_0/master"
        }
      }
    }, {
      "inputUserId" : "QSA",
      "lastUpdateUserId" : "QSA",
      "computerId" : "GLSVR171217",
      "lastSynchronizedDate" : null,
      "addressNumber" : "2042",
      "sequence" : 0,
      "name" : "Namira Hotel",
      "mailingName" : "Namira Hotel",
      "description" : "",
      "firstName" : "",
      "middleName" : "",
      "lastName" : "",
      "nickname" : "",
      "salutation" : "",
      "gender" : "",
      "type" : "C",
      "religion" : "",
      "dateOfBirth" : null,
      "placeOfBirth" : "",
      "socialSecurityNumber" : "",
      "socialSecurityDate" : null,
      "mediaObjectReference" : "",
      "lastUpdateDateTime" : "2017-12-17T00:00:00",
      "inputDateTime" : "2017-12-17T00:00:00",
      "_links" : {
        "self" : {
          "href" : "http://localhost/api/contacts/2042_0"
        },
        "contactPerson" : {
          "href" : "http://localhost/api/contacts/2042_0"
        },
        "master" : {
          "href" : "http://localhost/api/contacts/2042_0/master"
        }
      }
    }, {
      "inputUserId" : "QSA",
      "lastUpdateUserId" : "QSA",
      "computerId" : "GLSVR171217",
      "lastSynchronizedDate" : null,
      "addressNumber" : "2043",
      "sequence" : 0,
      "name" : "Nanda",
      "mailingName" : "Nanda",
      "description" : "",
      "firstName" : "",
      "middleName" : "",
      "lastName" : "",
      "nickname" : "",
      "salutation" : "",
      "gender" : "",
      "type" : "C",
      "religion" : "",
      "dateOfBirth" : null,
      "placeOfBirth" : "",
      "socialSecurityNumber" : "",
      "socialSecurityDate" : null,
      "mediaObjectReference" : "",
      "lastUpdateDateTime" : "2017-12-17T00:00:00",
      "inputDateTime" : "2017-12-17T00:00:00",
      "_links" : {
        "self" : {
          "href" : "http://localhost/api/contacts/2043_0"
        },
        "contactPerson" : {
          "href" : "http://localhost/api/contacts/2043_0"
        },
        "master" : {
          "href" : "http://localhost/api/contacts/2043_0/master"
        }
      }
    }, {
      "inputUserId" : "QSA",
      "lastUpdateUserId" : "QSA",
      "computerId" : "GLSVR171217",
      "lastSynchronizedDate" : null,
      "addressNumber" : "2044",
      "sequence" : 0,
      "name" : "Nanda (Tokopedia)",
      "mailingName" : "Nanda (Tokopedia)",
      "description" : "",
      "firstName" : "",
      "middleName" : "",
      "lastName" : "",
      "nickname" : "",
      "salutation" : "",
      "gender" : "",
      "type" : "C",
      "religion" : "",
      "dateOfBirth" : null,
      "placeOfBirth" : "",
      "socialSecurityNumber" : "",
      "socialSecurityDate" : null,
      "mediaObjectReference" : "",
      "lastUpdateDateTime" : "2017-12-17T00:00:00",
      "inputDateTime" : "2017-12-17T00:00:00",
      "_links" : {
        "self" : {
          "href" : "http://localhost/api/contacts/2044_0"
        },
        "contactPerson" : {
          "href" : "http://localhost/api/contacts/2044_0"
        },
        "master" : {
          "href" : "http://localhost/api/contacts/2044_0/master"
        }
      }
    }, {
      "inputUserId" : "QSA",
      "lastUpdateUserId" : "QSA",
      "computerId" : "GLSVR171217",
      "lastSynchronizedDate" : null,
      "addressNumber" : "2045",
      "sequence" : 0,
      "name" : "Nanik Purwaningsih",
      "mailingName" : "Nanik Purwaningsih",
      "description" : "",
      "firstName" : "",
      "middleName" : "",
      "lastName" : "",
      "nickname" : "",
      "salutation" : "",
      "gender" : "",
      "type" : "C",
      "religion" : "",
      "dateOfBirth" : null,
      "placeOfBirth" : "",
      "socialSecurityNumber" : "",
      "socialSecurityDate" : null,
      "mediaObjectReference" : "",
      "lastUpdateDateTime" : "2017-12-17T00:00:00",
      "inputDateTime" : "2017-12-17T00:00:00",
      "_links" : {
        "self" : {
          "href" : "http://localhost/api/contacts/2045_0"
        },
        "contactPerson" : {
          "href" : "http://localhost/api/contacts/2045_0"
        },
        "master" : {
          "href" : "http://localhost/api/contacts/2045_0/master"
        }
      }
    }, {
      "inputUserId" : "QSA",
      "lastUpdateUserId" : "QSA",
      "computerId" : "GLSVR171217",
      "lastSynchronizedDate" : null,
      "addressNumber" : "2046",
      "sequence" : 0,
      "name" : "Nardi",
      "mailingName" : "Nardi",
      "description" : "",
      "firstName" : "",
      "middleName" : "",
      "lastName" : "",
      "nickname" : "",
      "salutation" : "",
      "gender" : "",
      "type" : "C",
      "religion" : "",
      "dateOfBirth" : null,
      "placeOfBirth" : "",
      "socialSecurityNumber" : "",
      "socialSecurityDate" : null,
      "mediaObjectReference" : "",
      "lastUpdateDateTime" : "2017-12-17T00:00:00",
      "inputDateTime" : "2017-12-17T00:00:00",
      "_links" : {
        "self" : {
          "href" : "http://localhost/api/contacts/2046_0"
        },
        "contactPerson" : {
          "href" : "http://localhost/api/contacts/2046_0"
        },
        "master" : {
          "href" : "http://localhost/api/contacts/2046_0/master"
        }
      }
    }, {
      "inputUserId" : "QSA",
      "lastUpdateUserId" : "QSA",
      "computerId" : "GLSVR171217",
      "lastSynchronizedDate" : null,
      "addressNumber" : "2047",
      "sequence" : 0,
      "name" : "Narto",
      "mailingName" : "Narto",
      "description" : "",
      "firstName" : "",
      "middleName" : "",
      "lastName" : "",
      "nickname" : "",
      "salutation" : "",
      "gender" : "",
      "type" : "C",
      "religion" : "",
      "dateOfBirth" : null,
      "placeOfBirth" : "",
      "socialSecurityNumber" : "",
      "socialSecurityDate" : null,
      "mediaObjectReference" : "",
      "lastUpdateDateTime" : "2017-12-17T00:00:00",
      "inputDateTime" : "2017-12-17T00:00:00",
      "_links" : {
        "self" : {
          "href" : "http://localhost/api/contacts/2047_0"
        },
        "contactPerson" : {
          "href" : "http://localhost/api/contacts/2047_0"
        },
        "master" : {
          "href" : "http://localhost/api/contacts/2047_0/master"
        }
      }
    }, {
      "inputUserId" : "QSA",
      "lastUpdateUserId" : "QSA",
      "computerId" : "GLSVR171217",
      "lastSynchronizedDate" : null,
      "addressNumber" : "2048",
      "sequence" : 0,
      "name" : "Nasir",
      "mailingName" : "Nasir",
      "description" : "",
      "firstName" : "",
      "middleName" : "",
      "lastName" : "",
      "nickname" : "",
      "salutation" : "",
      "gender" : "",
      "type" : "C",
      "religion" : "",
      "dateOfBirth" : null,
      "placeOfBirth" : "",
      "socialSecurityNumber" : "",
      "socialSecurityDate" : null,
      "mediaObjectReference" : "",
      "lastUpdateDateTime" : "2017-12-17T00:00:00",
      "inputDateTime" : "2017-12-17T00:00:00",
      "_links" : {
        "self" : {
          "href" : "http://localhost/api/contacts/2048_0"
        },
        "contactPerson" : {
          "href" : "http://localhost/api/contacts/2048_0"
        },
        "master" : {
          "href" : "http://localhost/api/contacts/2048_0/master"
        }
      }
    }, {
      "inputUserId" : "QSA",
      "lastUpdateUserId" : "QSA",
      "computerId" : "GLSVR171217",
      "lastSynchronizedDate" : null,
      "addressNumber" : "2049",
      "sequence" : 0,
      "name" : "Nata",
      "mailingName" : "Nata",
      "description" : "",
      "firstName" : "",
      "middleName" : "",
      "lastName" : "",
      "nickname" : "",
      "salutation" : "",
      "gender" : "",
      "type" : "C",
      "religion" : "",
      "dateOfBirth" : null,
      "placeOfBirth" : "",
      "socialSecurityNumber" : "",
      "socialSecurityDate" : null,
      "mediaObjectReference" : "",
      "lastUpdateDateTime" : "2017-12-17T00:00:00",
      "inputDateTime" : "2017-12-17T00:00:00",
      "_links" : {
        "self" : {
          "href" : "http://localhost/api/contacts/2049_0"
        },
        "contactPerson" : {
          "href" : "http://localhost/api/contacts/2049_0"
        },
        "master" : {
          "href" : "http://localhost/api/contacts/2049_0/master"
        }
      }
    }, {
      "inputUserId" : "QSA",
      "lastUpdateUserId" : "QSA",
      "computerId" : "GLSVR171217",
      "lastSynchronizedDate" : null,
      "addressNumber" : "2050",
      "sequence" : 0,
      "name" : "Neo Comp",
      "mailingName" : "Neo Comp",
      "description" : "",
      "firstName" : "",
      "middleName" : "",
      "lastName" : "",
      "nickname" : "",
      "salutation" : "",
      "gender" : "",
      "type" : "C",
      "religion" : "",
      "dateOfBirth" : null,
      "placeOfBirth" : "",
      "socialSecurityNumber" : "",
      "socialSecurityDate" : null,
      "mediaObjectReference" : "",
      "lastUpdateDateTime" : "2017-12-17T00:00:00",
      "inputDateTime" : "2017-12-17T00:00:00",
      "_links" : {
        "self" : {
          "href" : "http://localhost/api/contacts/2050_0"
        },
        "contactPerson" : {
          "href" : "http://localhost/api/contacts/2050_0"
        },
        "master" : {
          "href" : "http://localhost/api/contacts/2050_0/master"
        }
      }
    }, {
      "inputUserId" : "QSA",
      "lastUpdateUserId" : "QSA",
      "computerId" : "GLSVR171217",
      "lastSynchronizedDate" : null,
      "addressNumber" : "2051",
      "sequence" : 0,
      "name" : "New Absolute",
      "mailingName" : "New Absolute",
      "description" : "",
      "firstName" : "",
      "middleName" : "",
      "lastName" : "",
      "nickname" : "",
      "salutation" : "",
      "gender" : "",
      "type" : "C",
      "religion" : "",
      "dateOfBirth" : null,
      "placeOfBirth" : "",
      "socialSecurityNumber" : "",
      "socialSecurityDate" : null,
      "mediaObjectReference" : "",
      "lastUpdateDateTime" : "2017-12-17T00:00:00",
      "inputDateTime" : "2017-12-17T00:00:00",
      "_links" : {
        "self" : {
          "href" : "http://localhost/api/contacts/2051_0"
        },
        "contactPerson" : {
          "href" : "http://localhost/api/contacts/2051_0"
        },
        "master" : {
          "href" : "http://localhost/api/contacts/2051_0/master"
        }
      }
    }, {
      "inputUserId" : "QSA",
      "lastUpdateUserId" : "QSA",
      "computerId" : "GLSVR171217",
      "lastSynchronizedDate" : null,
      "addressNumber" : "2052",
      "sequence" : 0,
      "name" : "Next",
      "mailingName" : "Next",
      "description" : "",
      "firstName" : "",
      "middleName" : "",
      "lastName" : "",
      "nickname" : "",
      "salutation" : "",
      "gender" : "",
      "type" : "C",
      "religion" : "",
      "dateOfBirth" : null,
      "placeOfBirth" : "",
      "socialSecurityNumber" : "",
      "socialSecurityDate" : null,
      "mediaObjectReference" : "",
      "lastUpdateDateTime" : "2017-12-17T00:00:00",
      "inputDateTime" : "2017-12-17T00:00:00",
      "_links" : {
        "self" : {
          "href" : "http://localhost/api/contacts/2052_0"
        },
        "contactPerson" : {
          "href" : "http://localhost/api/contacts/2052_0"
        },
        "master" : {
          "href" : "http://localhost/api/contacts/2052_0/master"
        }
      }
    }, {
      "inputUserId" : "QSA",
      "lastUpdateUserId" : "QSA",
      "computerId" : "GLSVR171217",
      "lastSynchronizedDate" : null,
      "addressNumber" : "2053",
      "sequence" : 0,
      "name" : "NFC",
      "mailingName" : "NFC",
      "description" : "",
      "firstName" : "",
      "middleName" : "",
      "lastName" : "",
      "nickname" : "",
      "salutation" : "",
      "gender" : "",
      "type" : "C",
      "religion" : "",
      "dateOfBirth" : null,
      "placeOfBirth" : "",
      "socialSecurityNumber" : "",
      "socialSecurityDate" : null,
      "mediaObjectReference" : "",
      "lastUpdateDateTime" : "2017-12-17T00:00:00",
      "inputDateTime" : "2017-12-17T00:00:00",
      "_links" : {
        "self" : {
          "href" : "http://localhost/api/contacts/2053_0"
        },
        "contactPerson" : {
          "href" : "http://localhost/api/contacts/2053_0"
        },
        "master" : {
          "href" : "http://localhost/api/contacts/2053_0/master"
        }
      }
    }, {
      "inputUserId" : "QSA",
      "lastUpdateUserId" : "QSA",
      "computerId" : "GLSVR171217",
      "lastSynchronizedDate" : null,
      "addressNumber" : "2054",
      "sequence" : 0,
      "name" : "Ngalam Computer",
      "mailingName" : "Ngalam Computer",
      "description" : "",
      "firstName" : "",
      "middleName" : "",
      "lastName" : "",
      "nickname" : "",
      "salutation" : "",
      "gender" : "",
      "type" : "C",
      "religion" : "",
      "dateOfBirth" : null,
      "placeOfBirth" : "",
      "socialSecurityNumber" : "",
      "socialSecurityDate" : null,
      "mediaObjectReference" : "",
      "lastUpdateDateTime" : "2017-12-17T00:00:00",
      "inputDateTime" : "2017-12-17T00:00:00",
      "_links" : {
        "self" : {
          "href" : "http://localhost/api/contacts/2054_0"
        },
        "contactPerson" : {
          "href" : "http://localhost/api/contacts/2054_0"
        },
        "master" : {
          "href" : "http://localhost/api/contacts/2054_0/master"
        }
      }
    }, {
      "inputUserId" : "QSA",
      "lastUpdateUserId" : "QSA",
      "computerId" : "GLSVR171217",
      "lastSynchronizedDate" : null,
      "addressNumber" : "2055",
      "sequence" : 0,
      "name" : "Nia",
      "mailingName" : "Nia",
      "description" : "",
      "firstName" : "",
      "middleName" : "",
      "lastName" : "",
      "nickname" : "",
      "salutation" : "",
      "gender" : "",
      "type" : "C",
      "religion" : "",
      "dateOfBirth" : null,
      "placeOfBirth" : "",
      "socialSecurityNumber" : "",
      "socialSecurityDate" : null,
      "mediaObjectReference" : "",
      "lastUpdateDateTime" : "2017-12-17T00:00:00",
      "inputDateTime" : "2017-12-17T00:00:00",
      "_links" : {
        "self" : {
          "href" : "http://localhost/api/contacts/2055_0"
        },
        "contactPerson" : {
          "href" : "http://localhost/api/contacts/2055_0"
        },
        "master" : {
          "href" : "http://localhost/api/contacts/2055_0/master"
        }
      }
    }, {
      "inputUserId" : "QSA",
      "lastUpdateUserId" : "QSA",
      "computerId" : "GLSVR171217",
      "lastSynchronizedDate" : null,
      "addressNumber" : "2056",
      "sequence" : 0,
      "name" : "Nicky",
      "mailingName" : "Nicky",
      "description" : "",
      "firstName" : "",
      "middleName" : "",
      "lastName" : "",
      "nickname" : "",
      "salutation" : "",
      "gender" : "",
      "type" : "C",
      "religion" : "",
      "dateOfBirth" : null,
      "placeOfBirth" : "",
      "socialSecurityNumber" : "",
      "socialSecurityDate" : null,
      "mediaObjectReference" : "",
      "lastUpdateDateTime" : "2017-12-17T00:00:00",
      "inputDateTime" : "2017-12-17T00:00:00",
      "_links" : {
        "self" : {
          "href" : "http://localhost/api/contacts/2056_0"
        },
        "contactPerson" : {
          "href" : "http://localhost/api/contacts/2056_0"
        },
        "master" : {
          "href" : "http://localhost/api/contacts/2056_0/master"
        }
      }
    }, {
      "inputUserId" : "QSA",
      "lastUpdateUserId" : "QSA",
      "computerId" : "GLSVR171217",
      "lastSynchronizedDate" : null,
      "addressNumber" : "2057",
      "sequence" : 0,
      "name" : "Niko",
      "mailingName" : "Niko",
      "description" : "",
      "firstName" : "",
      "middleName" : "",
      "lastName" : "",
      "nickname" : "",
      "salutation" : "",
      "gender" : "",
      "type" : "C",
      "religion" : "",
      "dateOfBirth" : null,
      "placeOfBirth" : "",
      "socialSecurityNumber" : "",
      "socialSecurityDate" : null,
      "mediaObjectReference" : "",
      "lastUpdateDateTime" : "2017-12-17T00:00:00",
      "inputDateTime" : "2017-12-17T00:00:00",
      "_links" : {
        "self" : {
          "href" : "http://localhost/api/contacts/2057_0"
        },
        "contactPerson" : {
          "href" : "http://localhost/api/contacts/2057_0"
        },
        "master" : {
          "href" : "http://localhost/api/contacts/2057_0/master"
        }
      }
    }, {
      "inputUserId" : "QSA",
      "lastUpdateUserId" : "QSA",
      "computerId" : "GLSVR171217",
      "lastSynchronizedDate" : null,
      "addressNumber" : "2058",
      "sequence" : 0,
      "name" : "Nila",
      "mailingName" : "Nila",
      "description" : "",
      "firstName" : "",
      "middleName" : "",
      "lastName" : "",
      "nickname" : "",
      "salutation" : "",
      "gender" : "",
      "type" : "C",
      "religion" : "",
      "dateOfBirth" : null,
      "placeOfBirth" : "",
      "socialSecurityNumber" : "",
      "socialSecurityDate" : null,
      "mediaObjectReference" : "",
      "lastUpdateDateTime" : "2017-12-17T00:00:00",
      "inputDateTime" : "2017-12-17T00:00:00",
      "_links" : {
        "self" : {
          "href" : "http://localhost/api/contacts/2058_0"
        },
        "contactPerson" : {
          "href" : "http://localhost/api/contacts/2058_0"
        },
        "master" : {
          "href" : "http://localhost/api/contacts/2058_0/master"
        }
      }
    }, {
      "inputUserId" : "QSA",
      "lastUpdateUserId" : "QSA",
      "computerId" : "GLSVR171217",
      "lastSynchronizedDate" : null,
      "addressNumber" : "2059",
      "sequence" : 0,
      "name" : "Ninok",
      "mailingName" : "Ninok",
      "description" : "",
      "firstName" : "",
      "middleName" : "",
      "lastName" : "",
      "nickname" : "",
      "salutation" : "",
      "gender" : "",
      "type" : "C",
      "religion" : "",
      "dateOfBirth" : null,
      "placeOfBirth" : "",
      "socialSecurityNumber" : "",
      "socialSecurityDate" : null,
      "mediaObjectReference" : "",
      "lastUpdateDateTime" : "2017-12-17T00:00:00",
      "inputDateTime" : "2017-12-17T00:00:00",
      "_links" : {
        "self" : {
          "href" : "http://localhost/api/contacts/2059_0"
        },
        "contactPerson" : {
          "href" : "http://localhost/api/contacts/2059_0"
        },
        "master" : {
          "href" : "http://localhost/api/contacts/2059_0/master"
        }
      }
    }, {
      "inputUserId" : "QSA",
      "lastUpdateUserId" : "QSA",
      "computerId" : "GLSVR171217",
      "lastSynchronizedDate" : null,
      "addressNumber" : "2060",
      "sequence" : 0,
      "name" : "NND makasar",
      "mailingName" : "NND makasar",
      "description" : "",
      "firstName" : "",
      "middleName" : "",
      "lastName" : "",
      "nickname" : "",
      "salutation" : "",
      "gender" : "",
      "type" : "C",
      "religion" : "",
      "dateOfBirth" : null,
      "placeOfBirth" : "",
      "socialSecurityNumber" : "",
      "socialSecurityDate" : null,
      "mediaObjectReference" : "",
      "lastUpdateDateTime" : "2017-12-17T00:00:00",
      "inputDateTime" : "2017-12-17T00:00:00",
      "_links" : {
        "self" : {
          "href" : "http://localhost/api/contacts/2060_0"
        },
        "contactPerson" : {
          "href" : "http://localhost/api/contacts/2060_0"
        },
        "master" : {
          "href" : "http://localhost/api/contacts/2060_0/master"
        }
      }
    }, {
      "inputUserId" : "QSA",
      "lastUpdateUserId" : "QSA",
      "computerId" : "GLSVR171217",
      "lastSynchronizedDate" : null,
      "addressNumber" : "2061",
      "sequence" : 0,
      "name" : "No Name",
      "mailingName" : "No Name",
      "description" : "",
      "firstName" : "",
      "middleName" : "",
      "lastName" : "",
      "nickname" : "",
      "salutation" : "",
      "gender" : "",
      "type" : "C",
      "religion" : "",
      "dateOfBirth" : null,
      "placeOfBirth" : "",
      "socialSecurityNumber" : "",
      "socialSecurityDate" : null,
      "mediaObjectReference" : "",
      "lastUpdateDateTime" : "2017-12-17T00:00:00",
      "inputDateTime" : "2017-12-17T00:00:00",
      "_links" : {
        "self" : {
          "href" : "http://localhost/api/contacts/2061_0"
        },
        "contactPerson" : {
          "href" : "http://localhost/api/contacts/2061_0"
        },
        "master" : {
          "href" : "http://localhost/api/contacts/2061_0/master"
        }
      }
    }, {
      "inputUserId" : "QSA",
      "lastUpdateUserId" : "QSA",
      "computerId" : "GLSVR171217",
      "lastSynchronizedDate" : null,
      "addressNumber" : "2062",
      "sequence" : 0,
      "name" : "Noman Tresna",
      "mailingName" : "Noman Tresna",
      "description" : "",
      "firstName" : "",
      "middleName" : "",
      "lastName" : "",
      "nickname" : "",
      "salutation" : "",
      "gender" : "",
      "type" : "C",
      "religion" : "",
      "dateOfBirth" : null,
      "placeOfBirth" : "",
      "socialSecurityNumber" : "",
      "socialSecurityDate" : null,
      "mediaObjectReference" : "",
      "lastUpdateDateTime" : "2017-12-17T00:00:00",
      "inputDateTime" : "2017-12-17T00:00:00",
      "_links" : {
        "self" : {
          "href" : "http://localhost/api/contacts/2062_0"
        },
        "contactPerson" : {
          "href" : "http://localhost/api/contacts/2062_0"
        },
        "master" : {
          "href" : "http://localhost/api/contacts/2062_0/master"
        }
      }
    }, {
      "inputUserId" : "QSA",
      "lastUpdateUserId" : "QSA",
      "computerId" : "GLSVR171217",
      "lastSynchronizedDate" : null,
      "addressNumber" : "2063",
      "sequence" : 0,
      "name" : "Nora",
      "mailingName" : "Nora",
      "description" : "",
      "firstName" : "",
      "middleName" : "",
      "lastName" : "",
      "nickname" : "",
      "salutation" : "",
      "gender" : "",
      "type" : "C",
      "religion" : "",
      "dateOfBirth" : null,
      "placeOfBirth" : "",
      "socialSecurityNumber" : "",
      "socialSecurityDate" : null,
      "mediaObjectReference" : "",
      "lastUpdateDateTime" : "2017-12-17T00:00:00",
      "inputDateTime" : "2017-12-17T00:00:00",
      "_links" : {
        "self" : {
          "href" : "http://localhost/api/contacts/2063_0"
        },
        "contactPerson" : {
          "href" : "http://localhost/api/contacts/2063_0"
        },
        "master" : {
          "href" : "http://localhost/api/contacts/2063_0/master"
        }
      }
    }, {
      "inputUserId" : "QSA",
      "lastUpdateUserId" : "QSA",
      "computerId" : "GLSVR171217",
      "lastSynchronizedDate" : null,
      "addressNumber" : "2064",
      "sequence" : 0,
      "name" : "Novi",
      "mailingName" : "Novi",
      "description" : "",
      "firstName" : "",
      "middleName" : "",
      "lastName" : "",
      "nickname" : "",
      "salutation" : "",
      "gender" : "",
      "type" : "C",
      "religion" : "",
      "dateOfBirth" : null,
      "placeOfBirth" : "",
      "socialSecurityNumber" : "",
      "socialSecurityDate" : null,
      "mediaObjectReference" : "",
      "lastUpdateDateTime" : "2017-12-17T00:00:00",
      "inputDateTime" : "2017-12-17T00:00:00",
      "_links" : {
        "self" : {
          "href" : "http://localhost/api/contacts/2064_0"
        },
        "contactPerson" : {
          "href" : "http://localhost/api/contacts/2064_0"
        },
        "master" : {
          "href" : "http://localhost/api/contacts/2064_0/master"
        }
      }
    }, {
      "inputUserId" : "QSA",
      "lastUpdateUserId" : "QSA",
      "computerId" : "GLSVR171217",
      "lastSynchronizedDate" : null,
      "addressNumber" : "2065",
      "sequence" : 0,
      "name" : "Nuansa",
      "mailingName" : "Nuansa",
      "description" : "",
      "firstName" : "",
      "middleName" : "",
      "lastName" : "",
      "nickname" : "",
      "salutation" : "",
      "gender" : "",
      "type" : "C",
      "religion" : "",
      "dateOfBirth" : null,
      "placeOfBirth" : "",
      "socialSecurityNumber" : "",
      "socialSecurityDate" : null,
      "mediaObjectReference" : "",
      "lastUpdateDateTime" : "2017-12-17T00:00:00",
      "inputDateTime" : "2017-12-17T00:00:00",
      "_links" : {
        "self" : {
          "href" : "http://localhost/api/contacts/2065_0"
        },
        "contactPerson" : {
          "href" : "http://localhost/api/contacts/2065_0"
        },
        "master" : {
          "href" : "http://localhost/api/contacts/2065_0/master"
        }
      }
    }, {
      "inputUserId" : "QSA",
      "lastUpdateUserId" : "QSA",
      "computerId" : "GLSVR171217",
      "lastSynchronizedDate" : null,
      "addressNumber" : "2066",
      "sequence" : 0,
      "name" : "Nuansa Inti Comp",
      "mailingName" : "Nuansa Inti Comp",
      "description" : "",
      "firstName" : "",
      "middleName" : "",
      "lastName" : "",
      "nickname" : "",
      "salutation" : "",
      "gender" : "",
      "type" : "C",
      "religion" : "",
      "dateOfBirth" : null,
      "placeOfBirth" : "",
      "socialSecurityNumber" : "",
      "socialSecurityDate" : null,
      "mediaObjectReference" : "",
      "lastUpdateDateTime" : "2017-12-17T00:00:00",
      "inputDateTime" : "2017-12-17T00:00:00",
      "_links" : {
        "self" : {
          "href" : "http://localhost/api/contacts/2066_0"
        },
        "contactPerson" : {
          "href" : "http://localhost/api/contacts/2066_0"
        },
        "master" : {
          "href" : "http://localhost/api/contacts/2066_0/master"
        }
      }
    }, {
      "inputUserId" : "QSA",
      "lastUpdateUserId" : "QSA",
      "computerId" : "GLSVR171217",
      "lastSynchronizedDate" : null,
      "addressNumber" : "2067",
      "sequence" : 0,
      "name" : "Nugraha Jaya Abadi",
      "mailingName" : "Nugraha Jaya Abadi",
      "description" : "",
      "firstName" : "",
      "middleName" : "",
      "lastName" : "",
      "nickname" : "",
      "salutation" : "",
      "gender" : "",
      "type" : "C",
      "religion" : "",
      "dateOfBirth" : null,
      "placeOfBirth" : "",
      "socialSecurityNumber" : "",
      "socialSecurityDate" : null,
      "mediaObjectReference" : "",
      "lastUpdateDateTime" : "2017-12-17T00:00:00",
      "inputDateTime" : "2017-12-17T00:00:00",
      "_links" : {
        "self" : {
          "href" : "http://localhost/api/contacts/2067_0"
        },
        "contactPerson" : {
          "href" : "http://localhost/api/contacts/2067_0"
        },
        "master" : {
          "href" : "http://localhost/api/contacts/2067_0/master"
        }
      }
    }, {
      "inputUserId" : "QSA",
      "lastUpdateUserId" : "QSA",
      "computerId" : "GLSVR171217",
      "lastSynchronizedDate" : null,
      "addressNumber" : "2068",
      "sequence" : 0,
      "name" : "Nugroho",
      "mailingName" : "Nugroho",
      "description" : "",
      "firstName" : "",
      "middleName" : "",
      "lastName" : "",
      "nickname" : "",
      "salutation" : "",
      "gender" : "",
      "type" : "C",
      "religion" : "",
      "dateOfBirth" : null,
      "placeOfBirth" : "",
      "socialSecurityNumber" : "",
      "socialSecurityDate" : null,
      "mediaObjectReference" : "",
      "lastUpdateDateTime" : "2017-12-17T00:00:00",
      "inputDateTime" : "2017-12-17T00:00:00",
      "_links" : {
        "self" : {
          "href" : "http://localhost/api/contacts/2068_0"
        },
        "contactPerson" : {
          "href" : "http://localhost/api/contacts/2068_0"
        },
        "master" : {
          "href" : "http://localhost/api/contacts/2068_0/master"
        }
      }
    }, {
      "inputUserId" : "QSA",
      "lastUpdateUserId" : "QSA",
      "computerId" : "GLSVR171217",
      "lastSynchronizedDate" : null,
      "addressNumber" : "2069",
      "sequence" : 0,
      "name" : "Nunuk Safitri",
      "mailingName" : "Nunuk Safitri",
      "description" : "",
      "firstName" : "",
      "middleName" : "",
      "lastName" : "",
      "nickname" : "",
      "salutation" : "",
      "gender" : "",
      "type" : "C",
      "religion" : "",
      "dateOfBirth" : null,
      "placeOfBirth" : "",
      "socialSecurityNumber" : "",
      "socialSecurityDate" : null,
      "mediaObjectReference" : "",
      "lastUpdateDateTime" : "2017-12-17T00:00:00",
      "inputDateTime" : "2017-12-17T00:00:00",
      "_links" : {
        "self" : {
          "href" : "http://localhost/api/contacts/2069_0"
        },
        "contactPerson" : {
          "href" : "http://localhost/api/contacts/2069_0"
        },
        "master" : {
          "href" : "http://localhost/api/contacts/2069_0/master"
        }
      }
    }, {
      "inputUserId" : "QSA",
      "lastUpdateUserId" : "QSA",
      "computerId" : "GLSVR171217",
      "lastSynchronizedDate" : null,
      "addressNumber" : "2070",
      "sequence" : 0,
      "name" : "Nur",
      "mailingName" : "Nur",
      "description" : "",
      "firstName" : "",
      "middleName" : "",
      "lastName" : "",
      "nickname" : "",
      "salutation" : "",
      "gender" : "",
      "type" : "C",
      "religion" : "",
      "dateOfBirth" : null,
      "placeOfBirth" : "",
      "socialSecurityNumber" : "",
      "socialSecurityDate" : null,
      "mediaObjectReference" : "",
      "lastUpdateDateTime" : "2017-12-17T00:00:00",
      "inputDateTime" : "2017-12-17T00:00:00",
      "_links" : {
        "self" : {
          "href" : "http://localhost/api/contacts/2070_0"
        },
        "contactPerson" : {
          "href" : "http://localhost/api/contacts/2070_0"
        },
        "master" : {
          "href" : "http://localhost/api/contacts/2070_0/master"
        }
      }
    }, {
      "inputUserId" : "QSA",
      "lastUpdateUserId" : "QSA",
      "computerId" : "GLSVR171217",
      "lastSynchronizedDate" : null,
      "addressNumber" : "2071",
      "sequence" : 0,
      "name" : "Nur Cholis",
      "mailingName" : "Nur Cholis",
      "description" : "",
      "firstName" : "",
      "middleName" : "",
      "lastName" : "",
      "nickname" : "",
      "salutation" : "",
      "gender" : "",
      "type" : "C",
      "religion" : "",
      "dateOfBirth" : null,
      "placeOfBirth" : "",
      "socialSecurityNumber" : "",
      "socialSecurityDate" : null,
      "mediaObjectReference" : "",
      "lastUpdateDateTime" : "2017-12-17T00:00:00",
      "inputDateTime" : "2017-12-17T00:00:00",
      "_links" : {
        "self" : {
          "href" : "http://localhost/api/contacts/2071_0"
        },
        "contactPerson" : {
          "href" : "http://localhost/api/contacts/2071_0"
        },
        "master" : {
          "href" : "http://localhost/api/contacts/2071_0/master"
        }
      }
    }, {
      "inputUserId" : "QSA",
      "lastUpdateUserId" : "QSA",
      "computerId" : "GLSVR171217",
      "lastSynchronizedDate" : null,
      "addressNumber" : "2072",
      "sequence" : 0,
      "name" : "Nur Jannah",
      "mailingName" : "Nur Jannah",
      "description" : "",
      "firstName" : "",
      "middleName" : "",
      "lastName" : "",
      "nickname" : "",
      "salutation" : "",
      "gender" : "",
      "type" : "C",
      "religion" : "",
      "dateOfBirth" : null,
      "placeOfBirth" : "",
      "socialSecurityNumber" : "",
      "socialSecurityDate" : null,
      "mediaObjectReference" : "",
      "lastUpdateDateTime" : "2017-12-17T00:00:00",
      "inputDateTime" : "2017-12-17T00:00:00",
      "_links" : {
        "self" : {
          "href" : "http://localhost/api/contacts/2072_0"
        },
        "contactPerson" : {
          "href" : "http://localhost/api/contacts/2072_0"
        },
        "master" : {
          "href" : "http://localhost/api/contacts/2072_0/master"
        }
      }
    }, {
      "inputUserId" : "QSA",
      "lastUpdateUserId" : "QSA",
      "computerId" : "GLSVR171217",
      "lastSynchronizedDate" : null,
      "addressNumber" : "2073",
      "sequence" : 0,
      "name" : "Nurul",
      "mailingName" : "Nurul",
      "description" : "",
      "firstName" : "",
      "middleName" : "",
      "lastName" : "",
      "nickname" : "",
      "salutation" : "",
      "gender" : "",
      "type" : "C",
      "religion" : "",
      "dateOfBirth" : null,
      "placeOfBirth" : "",
      "socialSecurityNumber" : "",
      "socialSecurityDate" : null,
      "mediaObjectReference" : "",
      "lastUpdateDateTime" : "2017-12-17T00:00:00",
      "inputDateTime" : "2017-12-17T00:00:00",
      "_links" : {
        "self" : {
          "href" : "http://localhost/api/contacts/2073_0"
        },
        "contactPerson" : {
          "href" : "http://localhost/api/contacts/2073_0"
        },
        "master" : {
          "href" : "http://localhost/api/contacts/2073_0/master"
        }
      }
    }, {
      "inputUserId" : "QSA",
      "lastUpdateUserId" : "QSA",
      "computerId" : "GLSVR171217",
      "lastSynchronizedDate" : null,
      "addressNumber" : "2074",
      "sequence" : 0,
      "name" : "Nurul Aini",
      "mailingName" : "Nurul Aini",
      "description" : "",
      "firstName" : "",
      "middleName" : "",
      "lastName" : "",
      "nickname" : "",
      "salutation" : "",
      "gender" : "",
      "type" : "C",
      "religion" : "",
      "dateOfBirth" : null,
      "placeOfBirth" : "",
      "socialSecurityNumber" : "",
      "socialSecurityDate" : null,
      "mediaObjectReference" : "",
      "lastUpdateDateTime" : "2017-12-17T00:00:00",
      "inputDateTime" : "2017-12-17T00:00:00",
      "_links" : {
        "self" : {
          "href" : "http://localhost/api/contacts/2074_0"
        },
        "contactPerson" : {
          "href" : "http://localhost/api/contacts/2074_0"
        },
        "master" : {
          "href" : "http://localhost/api/contacts/2074_0/master"
        }
      }
    }, {
      "inputUserId" : "QSA",
      "lastUpdateUserId" : "QSA",
      "computerId" : "GLSVR171217",
      "lastSynchronizedDate" : null,
      "addressNumber" : "2075",
      "sequence" : 0,
      "name" : "Nusa Net",
      "mailingName" : "Nusa Net",
      "description" : "",
      "firstName" : "",
      "middleName" : "",
      "lastName" : "",
      "nickname" : "",
      "salutation" : "",
      "gender" : "",
      "type" : "C",
      "religion" : "",
      "dateOfBirth" : null,
      "placeOfBirth" : "",
      "socialSecurityNumber" : "",
      "socialSecurityDate" : null,
      "mediaObjectReference" : "",
      "lastUpdateDateTime" : "2017-12-17T00:00:00",
      "inputDateTime" : "2017-12-17T00:00:00",
      "_links" : {
        "self" : {
          "href" : "http://localhost/api/contacts/2075_0"
        },
        "contactPerson" : {
          "href" : "http://localhost/api/contacts/2075_0"
        },
        "master" : {
          "href" : "http://localhost/api/contacts/2075_0/master"
        }
      }
    }, {
      "inputUserId" : "QSA",
      "lastUpdateUserId" : "QSA",
      "computerId" : "GLSVR171217",
      "lastSynchronizedDate" : null,
      "addressNumber" : "2076",
      "sequence" : 0,
      "name" : "Nusantara Global",
      "mailingName" : "Nusantara Global",
      "description" : "",
      "firstName" : "",
      "middleName" : "",
      "lastName" : "",
      "nickname" : "",
      "salutation" : "",
      "gender" : "",
      "type" : "C",
      "religion" : "",
      "dateOfBirth" : null,
      "placeOfBirth" : "",
      "socialSecurityNumber" : "",
      "socialSecurityDate" : null,
      "mediaObjectReference" : "",
      "lastUpdateDateTime" : "2017-12-17T00:00:00",
      "inputDateTime" : "2017-12-17T00:00:00",
      "_links" : {
        "self" : {
          "href" : "http://localhost/api/contacts/2076_0"
        },
        "contactPerson" : {
          "href" : "http://localhost/api/contacts/2076_0"
        },
        "master" : {
          "href" : "http://localhost/api/contacts/2076_0/master"
        }
      }
    }, {
      "inputUserId" : "QSA",
      "lastUpdateUserId" : "QSA",
      "computerId" : "GLSVR171217",
      "lastSynchronizedDate" : null,
      "addressNumber" : "2077",
      "sequence" : 0,
      "name" : "Oky",
      "mailingName" : "Oky",
      "description" : "",
      "firstName" : "",
      "middleName" : "",
      "lastName" : "",
      "nickname" : "",
      "salutation" : "",
      "gender" : "",
      "type" : "C",
      "religion" : "",
      "dateOfBirth" : null,
      "placeOfBirth" : "",
      "socialSecurityNumber" : "",
      "socialSecurityDate" : null,
      "mediaObjectReference" : "",
      "lastUpdateDateTime" : "2017-12-17T00:00:00",
      "inputDateTime" : "2017-12-17T00:00:00",
      "_links" : {
        "self" : {
          "href" : "http://localhost/api/contacts/2077_0"
        },
        "contactPerson" : {
          "href" : "http://localhost/api/contacts/2077_0"
        },
        "master" : {
          "href" : "http://localhost/api/contacts/2077_0/master"
        }
      }
    }, {
      "inputUserId" : "QSA",
      "lastUpdateUserId" : "QSA",
      "computerId" : "GLSVR171217",
      "lastSynchronizedDate" : null,
      "addressNumber" : "2078",
      "sequence" : 0,
      "name" : "Olivia",
      "mailingName" : "Olivia",
      "description" : "",
      "firstName" : "",
      "middleName" : "",
      "lastName" : "",
      "nickname" : "",
      "salutation" : "",
      "gender" : "",
      "type" : "C",
      "religion" : "",
      "dateOfBirth" : null,
      "placeOfBirth" : "",
      "socialSecurityNumber" : "",
      "socialSecurityDate" : null,
      "mediaObjectReference" : "",
      "lastUpdateDateTime" : "2017-12-17T00:00:00",
      "inputDateTime" : "2017-12-17T00:00:00",
      "_links" : {
        "self" : {
          "href" : "http://localhost/api/contacts/2078_0"
        },
        "contactPerson" : {
          "href" : "http://localhost/api/contacts/2078_0"
        },
        "master" : {
          "href" : "http://localhost/api/contacts/2078_0/master"
        }
      }
    }, {
      "inputUserId" : "QSA",
      "lastUpdateUserId" : "QSA",
      "computerId" : "GLSVR171217",
      "lastSynchronizedDate" : null,
      "addressNumber" : "2079",
      "sequence" : 0,
      "name" : "Omar (Percetakan AL Akhairaat)",
      "mailingName" : "Omar (Percetakan AL Akhairaat)",
      "description" : "",
      "firstName" : "",
      "middleName" : "",
      "lastName" : "",
      "nickname" : "",
      "salutation" : "",
      "gender" : "",
      "type" : "C",
      "religion" : "",
      "dateOfBirth" : null,
      "placeOfBirth" : "",
      "socialSecurityNumber" : "",
      "socialSecurityDate" : null,
      "mediaObjectReference" : "",
      "lastUpdateDateTime" : "2017-12-17T00:00:00",
      "inputDateTime" : "2017-12-17T00:00:00",
      "_links" : {
        "self" : {
          "href" : "http://localhost/api/contacts/2079_0"
        },
        "contactPerson" : {
          "href" : "http://localhost/api/contacts/2079_0"
        },
        "master" : {
          "href" : "http://localhost/api/contacts/2079_0/master"
        }
      }
    }, {
      "inputUserId" : "QSA",
      "lastUpdateUserId" : "QSA",
      "computerId" : "GLSVR171217",
      "lastSynchronizedDate" : null,
      "addressNumber" : "2080",
      "sequence" : 0,
      "name" : "One Central Computer",
      "mailingName" : "One Central Computer",
      "description" : "",
      "firstName" : "",
      "middleName" : "",
      "lastName" : "",
      "nickname" : "",
      "salutation" : "",
      "gender" : "",
      "type" : "C",
      "religion" : "",
      "dateOfBirth" : null,
      "placeOfBirth" : "",
      "socialSecurityNumber" : "",
      "socialSecurityDate" : null,
      "mediaObjectReference" : "",
      "lastUpdateDateTime" : "2017-12-17T00:00:00",
      "inputDateTime" : "2017-12-17T00:00:00",
      "_links" : {
        "self" : {
          "href" : "http://localhost/api/contacts/2080_0"
        },
        "contactPerson" : {
          "href" : "http://localhost/api/contacts/2080_0"
        },
        "master" : {
          "href" : "http://localhost/api/contacts/2080_0/master"
        }
      }
    }, {
      "inputUserId" : "QSA",
      "lastUpdateUserId" : "QSA",
      "computerId" : "GLSVR171217",
      "lastSynchronizedDate" : null,
      "addressNumber" : "2081",
      "sequence" : 0,
      "name" : "Ony",
      "mailingName" : "Ony",
      "description" : "",
      "firstName" : "",
      "middleName" : "",
      "lastName" : "",
      "nickname" : "",
      "salutation" : "",
      "gender" : "",
      "type" : "C",
      "religion" : "",
      "dateOfBirth" : null,
      "placeOfBirth" : "",
      "socialSecurityNumber" : "",
      "socialSecurityDate" : null,
      "mediaObjectReference" : "",
      "lastUpdateDateTime" : "2017-12-17T00:00:00",
      "inputDateTime" : "2017-12-17T00:00:00",
      "_links" : {
        "self" : {
          "href" : "http://localhost/api/contacts/2081_0"
        },
        "contactPerson" : {
          "href" : "http://localhost/api/contacts/2081_0"
        },
        "master" : {
          "href" : "http://localhost/api/contacts/2081_0/master"
        }
      }
    }, {
      "inputUserId" : "QSA",
      "lastUpdateUserId" : "QSA",
      "computerId" : "GLSVR171217",
      "lastSynchronizedDate" : null,
      "addressNumber" : "2082",
      "sequence" : 0,
      "name" : "Oon",
      "mailingName" : "Oon",
      "description" : "",
      "firstName" : "",
      "middleName" : "",
      "lastName" : "",
      "nickname" : "",
      "salutation" : "",
      "gender" : "",
      "type" : "C",
      "religion" : "",
      "dateOfBirth" : null,
      "placeOfBirth" : "",
      "socialSecurityNumber" : "",
      "socialSecurityDate" : null,
      "mediaObjectReference" : "",
      "lastUpdateDateTime" : "2017-12-17T00:00:00",
      "inputDateTime" : "2017-12-17T00:00:00",
      "_links" : {
        "self" : {
          "href" : "http://localhost/api/contacts/2082_0"
        },
        "contactPerson" : {
          "href" : "http://localhost/api/contacts/2082_0"
        },
        "master" : {
          "href" : "http://localhost/api/contacts/2082_0/master"
        }
      }
    }, {
      "inputUserId" : "QSA",
      "lastUpdateUserId" : "QSA",
      "computerId" : "GLSVR171217",
      "lastSynchronizedDate" : null,
      "addressNumber" : "2083",
      "sequence" : 0,
      "name" : "Operasional Kelurahan Babatan",
      "mailingName" : "Operasional Kelurahan Babatan",
      "description" : "",
      "firstName" : "",
      "middleName" : "",
      "lastName" : "",
      "nickname" : "",
      "salutation" : "",
      "gender" : "",
      "type" : "C",
      "religion" : "",
      "dateOfBirth" : null,
      "placeOfBirth" : "",
      "socialSecurityNumber" : "",
      "socialSecurityDate" : null,
      "mediaObjectReference" : "",
      "lastUpdateDateTime" : "2017-12-17T00:00:00",
      "inputDateTime" : "2017-12-17T00:00:00",
      "_links" : {
        "self" : {
          "href" : "http://localhost/api/contacts/2083_0"
        },
        "contactPerson" : {
          "href" : "http://localhost/api/contacts/2083_0"
        },
        "master" : {
          "href" : "http://localhost/api/contacts/2083_0/master"
        }
      }
    }, {
      "inputUserId" : "QSA",
      "lastUpdateUserId" : "QSA",
      "computerId" : "GLSVR171217",
      "lastSynchronizedDate" : null,
      "addressNumber" : "2084",
      "sequence" : 0,
      "name" : "Operasional Kelurahan Jajar Tunggal",
      "mailingName" : "Operasional Kelurahan Jajar Tunggal",
      "description" : "",
      "firstName" : "",
      "middleName" : "",
      "lastName" : "",
      "nickname" : "",
      "salutation" : "",
      "gender" : "",
      "type" : "C",
      "religion" : "",
      "dateOfBirth" : null,
      "placeOfBirth" : "",
      "socialSecurityNumber" : "",
      "socialSecurityDate" : null,
      "mediaObjectReference" : "",
      "lastUpdateDateTime" : "2017-12-17T00:00:00",
      "inputDateTime" : "2017-12-17T00:00:00",
      "_links" : {
        "self" : {
          "href" : "http://localhost/api/contacts/2084_0"
        },
        "contactPerson" : {
          "href" : "http://localhost/api/contacts/2084_0"
        },
        "master" : {
          "href" : "http://localhost/api/contacts/2084_0/master"
        }
      }
    }, {
      "inputUserId" : "QSA",
      "lastUpdateUserId" : "QSA",
      "computerId" : "GLSVR171217",
      "lastSynchronizedDate" : null,
      "addressNumber" : "2085",
      "sequence" : 0,
      "name" : "Option Computer",
      "mailingName" : "Option Computer",
      "description" : "",
      "firstName" : "",
      "middleName" : "",
      "lastName" : "",
      "nickname" : "",
      "salutation" : "",
      "gender" : "",
      "type" : "C",
      "religion" : "",
      "dateOfBirth" : null,
      "placeOfBirth" : "",
      "socialSecurityNumber" : "",
      "socialSecurityDate" : null,
      "mediaObjectReference" : "",
      "lastUpdateDateTime" : "2017-12-17T00:00:00",
      "inputDateTime" : "2017-12-17T00:00:00",
      "_links" : {
        "self" : {
          "href" : "http://localhost/api/contacts/2085_0"
        },
        "contactPerson" : {
          "href" : "http://localhost/api/contacts/2085_0"
        },
        "master" : {
          "href" : "http://localhost/api/contacts/2085_0/master"
        }
      }
    }, {
      "inputUserId" : "QSA",
      "lastUpdateUserId" : "QSA",
      "computerId" : "GLSVR171217",
      "lastSynchronizedDate" : null,
      "addressNumber" : "2086",
      "sequence" : 0,
      "name" : "P. Ade",
      "mailingName" : "P. Ade",
      "description" : "",
      "firstName" : "",
      "middleName" : "",
      "lastName" : "",
      "nickname" : "",
      "salutation" : "",
      "gender" : "",
      "type" : "C",
      "religion" : "",
      "dateOfBirth" : null,
      "placeOfBirth" : "",
      "socialSecurityNumber" : "",
      "socialSecurityDate" : null,
      "mediaObjectReference" : "",
      "lastUpdateDateTime" : "2017-12-17T00:00:00",
      "inputDateTime" : "2017-12-17T00:00:00",
      "_links" : {
        "self" : {
          "href" : "http://localhost/api/contacts/2086_0"
        },
        "contactPerson" : {
          "href" : "http://localhost/api/contacts/2086_0"
        },
        "master" : {
          "href" : "http://localhost/api/contacts/2086_0/master"
        }
      }
    }, {
      "inputUserId" : "QSA",
      "lastUpdateUserId" : "QSA",
      "computerId" : "GLSVR171217",
      "lastSynchronizedDate" : null,
      "addressNumber" : "2087",
      "sequence" : 0,
      "name" : "P. Sukirman",
      "mailingName" : "P. Sukirman",
      "description" : "",
      "firstName" : "",
      "middleName" : "",
      "lastName" : "",
      "nickname" : "",
      "salutation" : "",
      "gender" : "",
      "type" : "C",
      "religion" : "",
      "dateOfBirth" : null,
      "placeOfBirth" : "",
      "socialSecurityNumber" : "",
      "socialSecurityDate" : null,
      "mediaObjectReference" : "",
      "lastUpdateDateTime" : "2017-12-17T00:00:00",
      "inputDateTime" : "2017-12-17T00:00:00",
      "_links" : {
        "self" : {
          "href" : "http://localhost/api/contacts/2087_0"
        },
        "contactPerson" : {
          "href" : "http://localhost/api/contacts/2087_0"
        },
        "master" : {
          "href" : "http://localhost/api/contacts/2087_0/master"
        }
      }
    }, {
      "inputUserId" : "QSA",
      "lastUpdateUserId" : "QSA",
      "computerId" : "GLSVR171217",
      "lastSynchronizedDate" : null,
      "addressNumber" : "2088",
      "sequence" : 0,
      "name" : "P.Asep",
      "mailingName" : "P.Asep",
      "description" : "",
      "firstName" : "",
      "middleName" : "",
      "lastName" : "",
      "nickname" : "",
      "salutation" : "",
      "gender" : "",
      "type" : "C",
      "religion" : "",
      "dateOfBirth" : null,
      "placeOfBirth" : "",
      "socialSecurityNumber" : "",
      "socialSecurityDate" : null,
      "mediaObjectReference" : "",
      "lastUpdateDateTime" : "2017-12-17T00:00:00",
      "inputDateTime" : "2017-12-17T00:00:00",
      "_links" : {
        "self" : {
          "href" : "http://localhost/api/contacts/2088_0"
        },
        "contactPerson" : {
          "href" : "http://localhost/api/contacts/2088_0"
        },
        "master" : {
          "href" : "http://localhost/api/contacts/2088_0/master"
        }
      }
    }, {
      "inputUserId" : "QSA",
      "lastUpdateUserId" : "QSA",
      "computerId" : "GLSVR171217",
      "lastSynchronizedDate" : null,
      "addressNumber" : "2089",
      "sequence" : 0,
      "name" : "P.Basori",
      "mailingName" : "P.Basori",
      "description" : "",
      "firstName" : "",
      "middleName" : "",
      "lastName" : "",
      "nickname" : "",
      "salutation" : "",
      "gender" : "",
      "type" : "C",
      "religion" : "",
      "dateOfBirth" : null,
      "placeOfBirth" : "",
      "socialSecurityNumber" : "",
      "socialSecurityDate" : null,
      "mediaObjectReference" : "",
      "lastUpdateDateTime" : "2017-12-17T00:00:00",
      "inputDateTime" : "2017-12-17T00:00:00",
      "_links" : {
        "self" : {
          "href" : "http://localhost/api/contacts/2089_0"
        },
        "contactPerson" : {
          "href" : "http://localhost/api/contacts/2089_0"
        },
        "master" : {
          "href" : "http://localhost/api/contacts/2089_0/master"
        }
      }
    }, {
      "inputUserId" : "QSA",
      "lastUpdateUserId" : "QSA",
      "computerId" : "GLSVR171217",
      "lastSynchronizedDate" : null,
      "addressNumber" : "2090",
      "sequence" : 0,
      "name" : "P.Diki",
      "mailingName" : "P.Diki",
      "description" : "",
      "firstName" : "",
      "middleName" : "",
      "lastName" : "",
      "nickname" : "",
      "salutation" : "",
      "gender" : "",
      "type" : "C",
      "religion" : "",
      "dateOfBirth" : null,
      "placeOfBirth" : "",
      "socialSecurityNumber" : "",
      "socialSecurityDate" : null,
      "mediaObjectReference" : "",
      "lastUpdateDateTime" : "2017-12-17T00:00:00",
      "inputDateTime" : "2017-12-17T00:00:00",
      "_links" : {
        "self" : {
          "href" : "http://localhost/api/contacts/2090_0"
        },
        "contactPerson" : {
          "href" : "http://localhost/api/contacts/2090_0"
        },
        "master" : {
          "href" : "http://localhost/api/contacts/2090_0/master"
        }
      }
    }, {
      "inputUserId" : "QSA",
      "lastUpdateUserId" : "QSA",
      "computerId" : "GLSVR171217",
      "lastSynchronizedDate" : null,
      "addressNumber" : "2091",
      "sequence" : 0,
      "name" : "P.Eko",
      "mailingName" : "P.Eko",
      "description" : "",
      "firstName" : "",
      "middleName" : "",
      "lastName" : "",
      "nickname" : "",
      "salutation" : "",
      "gender" : "",
      "type" : "C",
      "religion" : "",
      "dateOfBirth" : null,
      "placeOfBirth" : "",
      "socialSecurityNumber" : "",
      "socialSecurityDate" : null,
      "mediaObjectReference" : "",
      "lastUpdateDateTime" : "2017-12-17T00:00:00",
      "inputDateTime" : "2017-12-17T00:00:00",
      "_links" : {
        "self" : {
          "href" : "http://localhost/api/contacts/2091_0"
        },
        "contactPerson" : {
          "href" : "http://localhost/api/contacts/2091_0"
        },
        "master" : {
          "href" : "http://localhost/api/contacts/2091_0/master"
        }
      }
    }, {
      "inputUserId" : "QSA",
      "lastUpdateUserId" : "QSA",
      "computerId" : "GLSVR171217",
      "lastSynchronizedDate" : null,
      "addressNumber" : "2092",
      "sequence" : 0,
      "name" : "P.Hidayat",
      "mailingName" : "P.Hidayat",
      "description" : "",
      "firstName" : "",
      "middleName" : "",
      "lastName" : "",
      "nickname" : "",
      "salutation" : "",
      "gender" : "",
      "type" : "C",
      "religion" : "",
      "dateOfBirth" : null,
      "placeOfBirth" : "",
      "socialSecurityNumber" : "",
      "socialSecurityDate" : null,
      "mediaObjectReference" : "",
      "lastUpdateDateTime" : "2017-12-17T00:00:00",
      "inputDateTime" : "2017-12-17T00:00:00",
      "_links" : {
        "self" : {
          "href" : "http://localhost/api/contacts/2092_0"
        },
        "contactPerson" : {
          "href" : "http://localhost/api/contacts/2092_0"
        },
        "master" : {
          "href" : "http://localhost/api/contacts/2092_0/master"
        }
      }
    }, {
      "inputUserId" : "QSA",
      "lastUpdateUserId" : "QSA",
      "computerId" : "GLSVR171217",
      "lastSynchronizedDate" : null,
      "addressNumber" : "2093",
      "sequence" : 0,
      "name" : "P.Nandang",
      "mailingName" : "P.Nandang",
      "description" : "",
      "firstName" : "",
      "middleName" : "",
      "lastName" : "",
      "nickname" : "",
      "salutation" : "",
      "gender" : "",
      "type" : "C",
      "religion" : "",
      "dateOfBirth" : null,
      "placeOfBirth" : "",
      "socialSecurityNumber" : "",
      "socialSecurityDate" : null,
      "mediaObjectReference" : "",
      "lastUpdateDateTime" : "2017-12-17T00:00:00",
      "inputDateTime" : "2017-12-17T00:00:00",
      "_links" : {
        "self" : {
          "href" : "http://localhost/api/contacts/2093_0"
        },
        "contactPerson" : {
          "href" : "http://localhost/api/contacts/2093_0"
        },
        "master" : {
          "href" : "http://localhost/api/contacts/2093_0/master"
        }
      }
    }, {
      "inputUserId" : "QSA",
      "lastUpdateUserId" : "QSA",
      "computerId" : "GLSVR171217",
      "lastSynchronizedDate" : null,
      "addressNumber" : "2094",
      "sequence" : 0,
      "name" : "P.Noor",
      "mailingName" : "P.Noor",
      "description" : "",
      "firstName" : "",
      "middleName" : "",
      "lastName" : "",
      "nickname" : "",
      "salutation" : "",
      "gender" : "",
      "type" : "C",
      "religion" : "",
      "dateOfBirth" : null,
      "placeOfBirth" : "",
      "socialSecurityNumber" : "",
      "socialSecurityDate" : null,
      "mediaObjectReference" : "",
      "lastUpdateDateTime" : "2017-12-17T00:00:00",
      "inputDateTime" : "2017-12-17T00:00:00",
      "_links" : {
        "self" : {
          "href" : "http://localhost/api/contacts/2094_0"
        },
        "contactPerson" : {
          "href" : "http://localhost/api/contacts/2094_0"
        },
        "master" : {
          "href" : "http://localhost/api/contacts/2094_0/master"
        }
      }
    }, {
      "inputUserId" : "QSA",
      "lastUpdateUserId" : "QSA",
      "computerId" : "GLSVR171217",
      "lastSynchronizedDate" : null,
      "addressNumber" : "2095",
      "sequence" : 0,
      "name" : "P.Pitrus Sariyowan",
      "mailingName" : "P.Pitrus Sariyowan",
      "description" : "",
      "firstName" : "",
      "middleName" : "",
      "lastName" : "",
      "nickname" : "",
      "salutation" : "",
      "gender" : "",
      "type" : "C",
      "religion" : "",
      "dateOfBirth" : null,
      "placeOfBirth" : "",
      "socialSecurityNumber" : "",
      "socialSecurityDate" : null,
      "mediaObjectReference" : "",
      "lastUpdateDateTime" : "2017-12-17T00:00:00",
      "inputDateTime" : "2017-12-17T00:00:00",
      "_links" : {
        "self" : {
          "href" : "http://localhost/api/contacts/2095_0"
        },
        "contactPerson" : {
          "href" : "http://localhost/api/contacts/2095_0"
        },
        "master" : {
          "href" : "http://localhost/api/contacts/2095_0/master"
        }
      }
    }, {
      "inputUserId" : "QSA",
      "lastUpdateUserId" : "QSA",
      "computerId" : "GLSVR171217",
      "lastSynchronizedDate" : null,
      "addressNumber" : "2096",
      "sequence" : 0,
      "name" : "P.Roqim",
      "mailingName" : "P.Roqim",
      "description" : "",
      "firstName" : "",
      "middleName" : "",
      "lastName" : "",
      "nickname" : "",
      "salutation" : "",
      "gender" : "",
      "type" : "C",
      "religion" : "",
      "dateOfBirth" : null,
      "placeOfBirth" : "",
      "socialSecurityNumber" : "",
      "socialSecurityDate" : null,
      "mediaObjectReference" : "",
      "lastUpdateDateTime" : "2017-12-17T00:00:00",
      "inputDateTime" : "2017-12-17T00:00:00",
      "_links" : {
        "self" : {
          "href" : "http://localhost/api/contacts/2096_0"
        },
        "contactPerson" : {
          "href" : "http://localhost/api/contacts/2096_0"
        },
        "master" : {
          "href" : "http://localhost/api/contacts/2096_0/master"
        }
      }
    }, {
      "inputUserId" : "QSA",
      "lastUpdateUserId" : "QSA",
      "computerId" : "GLSVR171217",
      "lastSynchronizedDate" : null,
      "addressNumber" : "2097",
      "sequence" : 0,
      "name" : "P.Ruslan",
      "mailingName" : "P.Ruslan",
      "description" : "",
      "firstName" : "",
      "middleName" : "",
      "lastName" : "",
      "nickname" : "",
      "salutation" : "",
      "gender" : "",
      "type" : "C",
      "religion" : "",
      "dateOfBirth" : null,
      "placeOfBirth" : "",
      "socialSecurityNumber" : "",
      "socialSecurityDate" : null,
      "mediaObjectReference" : "",
      "lastUpdateDateTime" : "2017-12-17T00:00:00",
      "inputDateTime" : "2017-12-17T00:00:00",
      "_links" : {
        "self" : {
          "href" : "http://localhost/api/contacts/2097_0"
        },
        "contactPerson" : {
          "href" : "http://localhost/api/contacts/2097_0"
        },
        "master" : {
          "href" : "http://localhost/api/contacts/2097_0/master"
        }
      }
    }, {
      "inputUserId" : "QSA",
      "lastUpdateUserId" : "QSA",
      "computerId" : "GLSVR171217",
      "lastSynchronizedDate" : null,
      "addressNumber" : "2098",
      "sequence" : 0,
      "name" : "P.Sandy",
      "mailingName" : "P.Sandy",
      "description" : "",
      "firstName" : "",
      "middleName" : "",
      "lastName" : "",
      "nickname" : "",
      "salutation" : "",
      "gender" : "",
      "type" : "C",
      "religion" : "",
      "dateOfBirth" : null,
      "placeOfBirth" : "",
      "socialSecurityNumber" : "",
      "socialSecurityDate" : null,
      "mediaObjectReference" : "",
      "lastUpdateDateTime" : "2017-12-17T00:00:00",
      "inputDateTime" : "2017-12-17T00:00:00",
      "_links" : {
        "self" : {
          "href" : "http://localhost/api/contacts/2098_0"
        },
        "contactPerson" : {
          "href" : "http://localhost/api/contacts/2098_0"
        },
        "master" : {
          "href" : "http://localhost/api/contacts/2098_0/master"
        }
      }
    }, {
      "inputUserId" : "QSA",
      "lastUpdateUserId" : "QSA",
      "computerId" : "GLSVR171217",
      "lastSynchronizedDate" : null,
      "addressNumber" : "2099",
      "sequence" : 0,
      "name" : "P.Warsono",
      "mailingName" : "P.Warsono",
      "description" : "",
      "firstName" : "",
      "middleName" : "",
      "lastName" : "",
      "nickname" : "",
      "salutation" : "",
      "gender" : "",
      "type" : "C",
      "religion" : "",
      "dateOfBirth" : null,
      "placeOfBirth" : "",
      "socialSecurityNumber" : "",
      "socialSecurityDate" : null,
      "mediaObjectReference" : "",
      "lastUpdateDateTime" : "2017-12-17T00:00:00",
      "inputDateTime" : "2017-12-17T00:00:00",
      "_links" : {
        "self" : {
          "href" : "http://localhost/api/contacts/2099_0"
        },
        "contactPerson" : {
          "href" : "http://localhost/api/contacts/2099_0"
        },
        "master" : {
          "href" : "http://localhost/api/contacts/2099_0/master"
        }
      }
    }, {
      "inputUserId" : "QSA",
      "lastUpdateUserId" : "QSA",
      "computerId" : "GLSVR171217",
      "lastSynchronizedDate" : null,
      "addressNumber" : "2100",
      "sequence" : 0,
      "name" : "P.yono",
      "mailingName" : "P.yono",
      "description" : "",
      "firstName" : "",
      "middleName" : "",
      "lastName" : "",
      "nickname" : "",
      "salutation" : "",
      "gender" : "",
      "type" : "C",
      "religion" : "",
      "dateOfBirth" : null,
      "placeOfBirth" : "",
      "socialSecurityNumber" : "",
      "socialSecurityDate" : null,
      "mediaObjectReference" : "",
      "lastUpdateDateTime" : "2017-12-17T00:00:00",
      "inputDateTime" : "2017-12-17T00:00:00",
      "_links" : {
        "self" : {
          "href" : "http://localhost/api/contacts/2100_0"
        },
        "contactPerson" : {
          "href" : "http://localhost/api/contacts/2100_0"
        },
        "master" : {
          "href" : "http://localhost/api/contacts/2100_0/master"
        }
      }
    }, {
      "inputUserId" : "QSA",
      "lastUpdateUserId" : "QSA",
      "computerId" : "GLSVR171217",
      "lastSynchronizedDate" : null,
      "addressNumber" : "2101",
      "sequence" : 0,
      "name" : "Pak Agus Gantari",
      "mailingName" : "Pak Agus Gantari",
      "description" : "",
      "firstName" : "",
      "middleName" : "",
      "lastName" : "",
      "nickname" : "",
      "salutation" : "",
      "gender" : "",
      "type" : "C",
      "religion" : "",
      "dateOfBirth" : null,
      "placeOfBirth" : "",
      "socialSecurityNumber" : "",
      "socialSecurityDate" : null,
      "mediaObjectReference" : "",
      "lastUpdateDateTime" : "2017-12-17T00:00:00",
      "inputDateTime" : "2017-12-17T00:00:00",
      "_links" : {
        "self" : {
          "href" : "http://localhost/api/contacts/2101_0"
        },
        "contactPerson" : {
          "href" : "http://localhost/api/contacts/2101_0"
        },
        "master" : {
          "href" : "http://localhost/api/contacts/2101_0/master"
        }
      }
    }, {
      "inputUserId" : "QSA",
      "lastUpdateUserId" : "QSA",
      "computerId" : "GLSVR171217",
      "lastSynchronizedDate" : null,
      "addressNumber" : "2102",
      "sequence" : 0,
      "name" : "Pak Ambar",
      "mailingName" : "Pak Ambar",
      "description" : "",
      "firstName" : "",
      "middleName" : "",
      "lastName" : "",
      "nickname" : "",
      "salutation" : "",
      "gender" : "",
      "type" : "C",
      "religion" : "",
      "dateOfBirth" : null,
      "placeOfBirth" : "",
      "socialSecurityNumber" : "",
      "socialSecurityDate" : null,
      "mediaObjectReference" : "",
      "lastUpdateDateTime" : "2017-12-17T00:00:00",
      "inputDateTime" : "2017-12-17T00:00:00",
      "_links" : {
        "self" : {
          "href" : "http://localhost/api/contacts/2102_0"
        },
        "contactPerson" : {
          "href" : "http://localhost/api/contacts/2102_0"
        },
        "master" : {
          "href" : "http://localhost/api/contacts/2102_0/master"
        }
      }
    }, {
      "inputUserId" : "QSA",
      "lastUpdateUserId" : "QSA",
      "computerId" : "GLSVR171217",
      "lastSynchronizedDate" : null,
      "addressNumber" : "2103",
      "sequence" : 0,
      "name" : "Pak Amin",
      "mailingName" : "Pak Amin",
      "description" : "",
      "firstName" : "",
      "middleName" : "",
      "lastName" : "",
      "nickname" : "",
      "salutation" : "",
      "gender" : "",
      "type" : "C",
      "religion" : "",
      "dateOfBirth" : null,
      "placeOfBirth" : "",
      "socialSecurityNumber" : "",
      "socialSecurityDate" : null,
      "mediaObjectReference" : "",
      "lastUpdateDateTime" : "2017-12-17T00:00:00",
      "inputDateTime" : "2017-12-17T00:00:00",
      "_links" : {
        "self" : {
          "href" : "http://localhost/api/contacts/2103_0"
        },
        "contactPerson" : {
          "href" : "http://localhost/api/contacts/2103_0"
        },
        "master" : {
          "href" : "http://localhost/api/contacts/2103_0/master"
        }
      }
    }, {
      "inputUserId" : "QSA",
      "lastUpdateUserId" : "QSA",
      "computerId" : "GLSVR171217",
      "lastSynchronizedDate" : null,
      "addressNumber" : "2104",
      "sequence" : 0,
      "name" : "Pak Anang",
      "mailingName" : "Pak Anang",
      "description" : "",
      "firstName" : "",
      "middleName" : "",
      "lastName" : "",
      "nickname" : "",
      "salutation" : "",
      "gender" : "",
      "type" : "C",
      "religion" : "",
      "dateOfBirth" : null,
      "placeOfBirth" : "",
      "socialSecurityNumber" : "",
      "socialSecurityDate" : null,
      "mediaObjectReference" : "",
      "lastUpdateDateTime" : "2017-12-17T00:00:00",
      "inputDateTime" : "2017-12-17T00:00:00",
      "_links" : {
        "self" : {
          "href" : "http://localhost/api/contacts/2104_0"
        },
        "contactPerson" : {
          "href" : "http://localhost/api/contacts/2104_0"
        },
        "master" : {
          "href" : "http://localhost/api/contacts/2104_0/master"
        }
      }
    }, {
      "inputUserId" : "QSA",
      "lastUpdateUserId" : "QSA",
      "computerId" : "GLSVR171217",
      "lastSynchronizedDate" : null,
      "addressNumber" : "2105",
      "sequence" : 0,
      "name" : "Pak Andy",
      "mailingName" : "Pak Andy",
      "description" : "",
      "firstName" : "",
      "middleName" : "",
      "lastName" : "",
      "nickname" : "",
      "salutation" : "",
      "gender" : "",
      "type" : "C",
      "religion" : "",
      "dateOfBirth" : null,
      "placeOfBirth" : "",
      "socialSecurityNumber" : "",
      "socialSecurityDate" : null,
      "mediaObjectReference" : "",
      "lastUpdateDateTime" : "2017-12-17T00:00:00",
      "inputDateTime" : "2017-12-17T00:00:00",
      "_links" : {
        "self" : {
          "href" : "http://localhost/api/contacts/2105_0"
        },
        "contactPerson" : {
          "href" : "http://localhost/api/contacts/2105_0"
        },
        "master" : {
          "href" : "http://localhost/api/contacts/2105_0/master"
        }
      }
    }, {
      "inputUserId" : "QSA",
      "lastUpdateUserId" : "QSA",
      "computerId" : "GLSVR171217",
      "lastSynchronizedDate" : null,
      "addressNumber" : "2106",
      "sequence" : 0,
      "name" : "Pak Anwar (Mitra Utama)",
      "mailingName" : "Pak Anwar (Mitra Utama)",
      "description" : "",
      "firstName" : "",
      "middleName" : "",
      "lastName" : "",
      "nickname" : "",
      "salutation" : "",
      "gender" : "",
      "type" : "C",
      "religion" : "",
      "dateOfBirth" : null,
      "placeOfBirth" : "",
      "socialSecurityNumber" : "",
      "socialSecurityDate" : null,
      "mediaObjectReference" : "",
      "lastUpdateDateTime" : "2017-12-17T00:00:00",
      "inputDateTime" : "2017-12-17T00:00:00",
      "_links" : {
        "self" : {
          "href" : "http://localhost/api/contacts/2106_0"
        },
        "contactPerson" : {
          "href" : "http://localhost/api/contacts/2106_0"
        },
        "master" : {
          "href" : "http://localhost/api/contacts/2106_0/master"
        }
      }
    }, {
      "inputUserId" : "QSA",
      "lastUpdateUserId" : "QSA",
      "computerId" : "GLSVR171217",
      "lastSynchronizedDate" : null,
      "addressNumber" : "2107",
      "sequence" : 0,
      "name" : "Pak Bambang",
      "mailingName" : "Pak Bambang",
      "description" : "",
      "firstName" : "",
      "middleName" : "",
      "lastName" : "",
      "nickname" : "",
      "salutation" : "",
      "gender" : "",
      "type" : "C",
      "religion" : "",
      "dateOfBirth" : null,
      "placeOfBirth" : "",
      "socialSecurityNumber" : "",
      "socialSecurityDate" : null,
      "mediaObjectReference" : "",
      "lastUpdateDateTime" : "2017-12-17T00:00:00",
      "inputDateTime" : "2017-12-17T00:00:00",
      "_links" : {
        "self" : {
          "href" : "http://localhost/api/contacts/2107_0"
        },
        "contactPerson" : {
          "href" : "http://localhost/api/contacts/2107_0"
        },
        "master" : {
          "href" : "http://localhost/api/contacts/2107_0/master"
        }
      }
    }, {
      "inputUserId" : "QSA",
      "lastUpdateUserId" : "QSA",
      "computerId" : "GLSVR171217",
      "lastSynchronizedDate" : null,
      "addressNumber" : "2108",
      "sequence" : 0,
      "name" : "Pak Bayu",
      "mailingName" : "Pak Bayu",
      "description" : "",
      "firstName" : "",
      "middleName" : "",
      "lastName" : "",
      "nickname" : "",
      "salutation" : "",
      "gender" : "",
      "type" : "C",
      "religion" : "",
      "dateOfBirth" : null,
      "placeOfBirth" : "",
      "socialSecurityNumber" : "",
      "socialSecurityDate" : null,
      "mediaObjectReference" : "",
      "lastUpdateDateTime" : "2017-12-17T00:00:00",
      "inputDateTime" : "2017-12-17T00:00:00",
      "_links" : {
        "self" : {
          "href" : "http://localhost/api/contacts/2108_0"
        },
        "contactPerson" : {
          "href" : "http://localhost/api/contacts/2108_0"
        },
        "master" : {
          "href" : "http://localhost/api/contacts/2108_0/master"
        }
      }
    }, {
      "inputUserId" : "QSA",
      "lastUpdateUserId" : "QSA",
      "computerId" : "GLSVR171217",
      "lastSynchronizedDate" : null,
      "addressNumber" : "2109",
      "sequence" : 0,
      "name" : "Pak Budi",
      "mailingName" : "Pak Budi",
      "description" : "",
      "firstName" : "",
      "middleName" : "",
      "lastName" : "",
      "nickname" : "",
      "salutation" : "",
      "gender" : "",
      "type" : "C",
      "religion" : "",
      "dateOfBirth" : null,
      "placeOfBirth" : "",
      "socialSecurityNumber" : "",
      "socialSecurityDate" : null,
      "mediaObjectReference" : "",
      "lastUpdateDateTime" : "2017-12-17T00:00:00",
      "inputDateTime" : "2017-12-17T00:00:00",
      "_links" : {
        "self" : {
          "href" : "http://localhost/api/contacts/2109_0"
        },
        "contactPerson" : {
          "href" : "http://localhost/api/contacts/2109_0"
        },
        "master" : {
          "href" : "http://localhost/api/contacts/2109_0/master"
        }
      }
    }, {
      "inputUserId" : "QSA",
      "lastUpdateUserId" : "QSA",
      "computerId" : "GLSVR171217",
      "lastSynchronizedDate" : null,
      "addressNumber" : "2110",
      "sequence" : 0,
      "name" : "Pak Darmono",
      "mailingName" : "Pak Darmono",
      "description" : "",
      "firstName" : "",
      "middleName" : "",
      "lastName" : "",
      "nickname" : "",
      "salutation" : "",
      "gender" : "",
      "type" : "C",
      "religion" : "",
      "dateOfBirth" : null,
      "placeOfBirth" : "",
      "socialSecurityNumber" : "",
      "socialSecurityDate" : null,
      "mediaObjectReference" : "",
      "lastUpdateDateTime" : "2017-12-17T00:00:00",
      "inputDateTime" : "2017-12-17T00:00:00",
      "_links" : {
        "self" : {
          "href" : "http://localhost/api/contacts/2110_0"
        },
        "contactPerson" : {
          "href" : "http://localhost/api/contacts/2110_0"
        },
        "master" : {
          "href" : "http://localhost/api/contacts/2110_0/master"
        }
      }
    }, {
      "inputUserId" : "QSA",
      "lastUpdateUserId" : "QSA",
      "computerId" : "GLSVR171217",
      "lastSynchronizedDate" : null,
      "addressNumber" : "2111",
      "sequence" : 0,
      "name" : "Pak Didik",
      "mailingName" : "Pak Didik",
      "description" : "",
      "firstName" : "",
      "middleName" : "",
      "lastName" : "",
      "nickname" : "",
      "salutation" : "",
      "gender" : "",
      "type" : "C",
      "religion" : "",
      "dateOfBirth" : null,
      "placeOfBirth" : "",
      "socialSecurityNumber" : "",
      "socialSecurityDate" : null,
      "mediaObjectReference" : "",
      "lastUpdateDateTime" : "2017-12-17T00:00:00",
      "inputDateTime" : "2017-12-17T00:00:00",
      "_links" : {
        "self" : {
          "href" : "http://localhost/api/contacts/2111_0"
        },
        "contactPerson" : {
          "href" : "http://localhost/api/contacts/2111_0"
        },
        "master" : {
          "href" : "http://localhost/api/contacts/2111_0/master"
        }
      }
    }, {
      "inputUserId" : "QSA",
      "lastUpdateUserId" : "QSA",
      "computerId" : "GLSVR171217",
      "lastSynchronizedDate" : null,
      "addressNumber" : "2112",
      "sequence" : 0,
      "name" : "Pak Dodi",
      "mailingName" : "Pak Dodi",
      "description" : "",
      "firstName" : "",
      "middleName" : "",
      "lastName" : "",
      "nickname" : "",
      "salutation" : "",
      "gender" : "",
      "type" : "C",
      "religion" : "",
      "dateOfBirth" : null,
      "placeOfBirth" : "",
      "socialSecurityNumber" : "",
      "socialSecurityDate" : null,
      "mediaObjectReference" : "",
      "lastUpdateDateTime" : "2017-12-17T00:00:00",
      "inputDateTime" : "2017-12-17T00:00:00",
      "_links" : {
        "self" : {
          "href" : "http://localhost/api/contacts/2112_0"
        },
        "contactPerson" : {
          "href" : "http://localhost/api/contacts/2112_0"
        },
        "master" : {
          "href" : "http://localhost/api/contacts/2112_0/master"
        }
      }
    }, {
      "inputUserId" : "QSA",
      "lastUpdateUserId" : "QSA",
      "computerId" : "GLSVR171217",
      "lastSynchronizedDate" : null,
      "addressNumber" : "2113",
      "sequence" : 0,
      "name" : "Pak Dwi",
      "mailingName" : "Pak Dwi",
      "description" : "",
      "firstName" : "",
      "middleName" : "",
      "lastName" : "",
      "nickname" : "",
      "salutation" : "",
      "gender" : "",
      "type" : "C",
      "religion" : "",
      "dateOfBirth" : null,
      "placeOfBirth" : "",
      "socialSecurityNumber" : "",
      "socialSecurityDate" : null,
      "mediaObjectReference" : "",
      "lastUpdateDateTime" : "2017-12-17T00:00:00",
      "inputDateTime" : "2017-12-17T00:00:00",
      "_links" : {
        "self" : {
          "href" : "http://localhost/api/contacts/2113_0"
        },
        "contactPerson" : {
          "href" : "http://localhost/api/contacts/2113_0"
        },
        "master" : {
          "href" : "http://localhost/api/contacts/2113_0/master"
        }
      }
    }, {
      "inputUserId" : "QSA",
      "lastUpdateUserId" : "QSA",
      "computerId" : "GLSVR171217",
      "lastSynchronizedDate" : null,
      "addressNumber" : "2114",
      "sequence" : 0,
      "name" : "Pak Eko",
      "mailingName" : "Pak Eko",
      "description" : "",
      "firstName" : "",
      "middleName" : "",
      "lastName" : "",
      "nickname" : "",
      "salutation" : "",
      "gender" : "",
      "type" : "C",
      "religion" : "",
      "dateOfBirth" : null,
      "placeOfBirth" : "",
      "socialSecurityNumber" : "",
      "socialSecurityDate" : null,
      "mediaObjectReference" : "",
      "lastUpdateDateTime" : "2017-12-17T00:00:00",
      "inputDateTime" : "2017-12-17T00:00:00",
      "_links" : {
        "self" : {
          "href" : "http://localhost/api/contacts/2114_0"
        },
        "contactPerson" : {
          "href" : "http://localhost/api/contacts/2114_0"
        },
        "master" : {
          "href" : "http://localhost/api/contacts/2114_0/master"
        }
      }
    }, {
      "inputUserId" : "QSA",
      "lastUpdateUserId" : "QSA",
      "computerId" : "GLSVR171217",
      "lastSynchronizedDate" : null,
      "addressNumber" : "2115",
      "sequence" : 0,
      "name" : "Pak Frangky",
      "mailingName" : "Pak Frangky",
      "description" : "",
      "firstName" : "",
      "middleName" : "",
      "lastName" : "",
      "nickname" : "",
      "salutation" : "",
      "gender" : "",
      "type" : "C",
      "religion" : "",
      "dateOfBirth" : null,
      "placeOfBirth" : "",
      "socialSecurityNumber" : "",
      "socialSecurityDate" : null,
      "mediaObjectReference" : "",
      "lastUpdateDateTime" : "2017-12-17T00:00:00",
      "inputDateTime" : "2017-12-17T00:00:00",
      "_links" : {
        "self" : {
          "href" : "http://localhost/api/contacts/2115_0"
        },
        "contactPerson" : {
          "href" : "http://localhost/api/contacts/2115_0"
        },
        "master" : {
          "href" : "http://localhost/api/contacts/2115_0/master"
        }
      }
    }, {
      "inputUserId" : "QSA",
      "lastUpdateUserId" : "QSA",
      "computerId" : "GLSVR171217",
      "lastSynchronizedDate" : null,
      "addressNumber" : "2116",
      "sequence" : 0,
      "name" : "Pak Gogor",
      "mailingName" : "Pak Gogor",
      "description" : "",
      "firstName" : "",
      "middleName" : "",
      "lastName" : "",
      "nickname" : "",
      "salutation" : "",
      "gender" : "",
      "type" : "C",
      "religion" : "",
      "dateOfBirth" : null,
      "placeOfBirth" : "",
      "socialSecurityNumber" : "",
      "socialSecurityDate" : null,
      "mediaObjectReference" : "",
      "lastUpdateDateTime" : "2017-12-17T00:00:00",
      "inputDateTime" : "2017-12-17T00:00:00",
      "_links" : {
        "self" : {
          "href" : "http://localhost/api/contacts/2116_0"
        },
        "contactPerson" : {
          "href" : "http://localhost/api/contacts/2116_0"
        },
        "master" : {
          "href" : "http://localhost/api/contacts/2116_0/master"
        }
      }
    }, {
      "inputUserId" : "QSA",
      "lastUpdateUserId" : "QSA",
      "computerId" : "GLSVR171217",
      "lastSynchronizedDate" : null,
      "addressNumber" : "2117",
      "sequence" : 0,
      "name" : "Pak Herman",
      "mailingName" : "Pak Herman",
      "description" : "",
      "firstName" : "",
      "middleName" : "",
      "lastName" : "",
      "nickname" : "",
      "salutation" : "",
      "gender" : "",
      "type" : "C",
      "religion" : "",
      "dateOfBirth" : null,
      "placeOfBirth" : "",
      "socialSecurityNumber" : "",
      "socialSecurityDate" : null,
      "mediaObjectReference" : "",
      "lastUpdateDateTime" : "2017-12-17T00:00:00",
      "inputDateTime" : "2017-12-17T00:00:00",
      "_links" : {
        "self" : {
          "href" : "http://localhost/api/contacts/2117_0"
        },
        "contactPerson" : {
          "href" : "http://localhost/api/contacts/2117_0"
        },
        "master" : {
          "href" : "http://localhost/api/contacts/2117_0/master"
        }
      }
    }, {
      "inputUserId" : "QSA",
      "lastUpdateUserId" : "QSA",
      "computerId" : "GLSVR171217",
      "lastSynchronizedDate" : null,
      "addressNumber" : "2118",
      "sequence" : 0,
      "name" : "Pak Irwan",
      "mailingName" : "Pak Irwan",
      "description" : "",
      "firstName" : "",
      "middleName" : "",
      "lastName" : "",
      "nickname" : "",
      "salutation" : "",
      "gender" : "",
      "type" : "C",
      "religion" : "",
      "dateOfBirth" : null,
      "placeOfBirth" : "",
      "socialSecurityNumber" : "",
      "socialSecurityDate" : null,
      "mediaObjectReference" : "",
      "lastUpdateDateTime" : "2017-12-17T00:00:00",
      "inputDateTime" : "2017-12-17T00:00:00",
      "_links" : {
        "self" : {
          "href" : "http://localhost/api/contacts/2118_0"
        },
        "contactPerson" : {
          "href" : "http://localhost/api/contacts/2118_0"
        },
        "master" : {
          "href" : "http://localhost/api/contacts/2118_0/master"
        }
      }
    }, {
      "inputUserId" : "QSA",
      "lastUpdateUserId" : "QSA",
      "computerId" : "GLSVR171217",
      "lastSynchronizedDate" : null,
      "addressNumber" : "2119",
      "sequence" : 0,
      "name" : "Pak Iskandar",
      "mailingName" : "Pak Iskandar",
      "description" : "",
      "firstName" : "",
      "middleName" : "",
      "lastName" : "",
      "nickname" : "",
      "salutation" : "",
      "gender" : "",
      "type" : "C",
      "religion" : "",
      "dateOfBirth" : null,
      "placeOfBirth" : "",
      "socialSecurityNumber" : "",
      "socialSecurityDate" : null,
      "mediaObjectReference" : "",
      "lastUpdateDateTime" : "2017-12-17T00:00:00",
      "inputDateTime" : "2017-12-17T00:00:00",
      "_links" : {
        "self" : {
          "href" : "http://localhost/api/contacts/2119_0"
        },
        "contactPerson" : {
          "href" : "http://localhost/api/contacts/2119_0"
        },
        "master" : {
          "href" : "http://localhost/api/contacts/2119_0/master"
        }
      }
    }, {
      "inputUserId" : "QSA",
      "lastUpdateUserId" : "QSA",
      "computerId" : "GLSVR171217",
      "lastSynchronizedDate" : null,
      "addressNumber" : "2120",
      "sequence" : 0,
      "name" : "Pak Kholil",
      "mailingName" : "Pak Kholil",
      "description" : "",
      "firstName" : "",
      "middleName" : "",
      "lastName" : "",
      "nickname" : "",
      "salutation" : "",
      "gender" : "",
      "type" : "C",
      "religion" : "",
      "dateOfBirth" : null,
      "placeOfBirth" : "",
      "socialSecurityNumber" : "",
      "socialSecurityDate" : null,
      "mediaObjectReference" : "",
      "lastUpdateDateTime" : "2017-12-17T00:00:00",
      "inputDateTime" : "2017-12-17T00:00:00",
      "_links" : {
        "self" : {
          "href" : "http://localhost/api/contacts/2120_0"
        },
        "contactPerson" : {
          "href" : "http://localhost/api/contacts/2120_0"
        },
        "master" : {
          "href" : "http://localhost/api/contacts/2120_0/master"
        }
      }
    }, {
      "inputUserId" : "QSA",
      "lastUpdateUserId" : "QSA",
      "computerId" : "GLSVR171217",
      "lastSynchronizedDate" : null,
      "addressNumber" : "2121",
      "sequence" : 0,
      "name" : "Pak Kodri",
      "mailingName" : "Pak Kodri",
      "description" : "",
      "firstName" : "",
      "middleName" : "",
      "lastName" : "",
      "nickname" : "",
      "salutation" : "",
      "gender" : "",
      "type" : "C",
      "religion" : "",
      "dateOfBirth" : null,
      "placeOfBirth" : "",
      "socialSecurityNumber" : "",
      "socialSecurityDate" : null,
      "mediaObjectReference" : "",
      "lastUpdateDateTime" : "2017-12-17T00:00:00",
      "inputDateTime" : "2017-12-17T00:00:00",
      "_links" : {
        "self" : {
          "href" : "http://localhost/api/contacts/2121_0"
        },
        "contactPerson" : {
          "href" : "http://localhost/api/contacts/2121_0"
        },
        "master" : {
          "href" : "http://localhost/api/contacts/2121_0/master"
        }
      }
    }, {
      "inputUserId" : "QSA",
      "lastUpdateUserId" : "QSA",
      "computerId" : "GLSVR171217",
      "lastSynchronizedDate" : null,
      "addressNumber" : "2122",
      "sequence" : 0,
      "name" : "Pak Leo",
      "mailingName" : "Pak Leo",
      "description" : "",
      "firstName" : "",
      "middleName" : "",
      "lastName" : "",
      "nickname" : "",
      "salutation" : "",
      "gender" : "",
      "type" : "C",
      "religion" : "",
      "dateOfBirth" : null,
      "placeOfBirth" : "",
      "socialSecurityNumber" : "",
      "socialSecurityDate" : null,
      "mediaObjectReference" : "",
      "lastUpdateDateTime" : "2017-12-17T00:00:00",
      "inputDateTime" : "2017-12-17T00:00:00",
      "_links" : {
        "self" : {
          "href" : "http://localhost/api/contacts/2122_0"
        },
        "contactPerson" : {
          "href" : "http://localhost/api/contacts/2122_0"
        },
        "master" : {
          "href" : "http://localhost/api/contacts/2122_0/master"
        }
      }
    }, {
      "inputUserId" : "QSA",
      "lastUpdateUserId" : "QSA",
      "computerId" : "GLSVR171217",
      "lastSynchronizedDate" : null,
      "addressNumber" : "2123",
      "sequence" : 0,
      "name" : "Pak Mintoro",
      "mailingName" : "Pak Mintoro",
      "description" : "",
      "firstName" : "",
      "middleName" : "",
      "lastName" : "",
      "nickname" : "",
      "salutation" : "",
      "gender" : "",
      "type" : "C",
      "religion" : "",
      "dateOfBirth" : null,
      "placeOfBirth" : "",
      "socialSecurityNumber" : "",
      "socialSecurityDate" : null,
      "mediaObjectReference" : "",
      "lastUpdateDateTime" : "2017-12-17T00:00:00",
      "inputDateTime" : "2017-12-17T00:00:00",
      "_links" : {
        "self" : {
          "href" : "http://localhost/api/contacts/2123_0"
        },
        "contactPerson" : {
          "href" : "http://localhost/api/contacts/2123_0"
        },
        "master" : {
          "href" : "http://localhost/api/contacts/2123_0/master"
        }
      }
    }, {
      "inputUserId" : "QSA",
      "lastUpdateUserId" : "QSA",
      "computerId" : "GLSVR171217",
      "lastSynchronizedDate" : null,
      "addressNumber" : "2124",
      "sequence" : 0,
      "name" : "Pak Nandang",
      "mailingName" : "Pak Nandang",
      "description" : "",
      "firstName" : "",
      "middleName" : "",
      "lastName" : "",
      "nickname" : "",
      "salutation" : "",
      "gender" : "",
      "type" : "C",
      "religion" : "",
      "dateOfBirth" : null,
      "placeOfBirth" : "",
      "socialSecurityNumber" : "",
      "socialSecurityDate" : null,
      "mediaObjectReference" : "",
      "lastUpdateDateTime" : "2017-12-17T00:00:00",
      "inputDateTime" : "2017-12-17T00:00:00",
      "_links" : {
        "self" : {
          "href" : "http://localhost/api/contacts/2124_0"
        },
        "contactPerson" : {
          "href" : "http://localhost/api/contacts/2124_0"
        },
        "master" : {
          "href" : "http://localhost/api/contacts/2124_0/master"
        }
      }
    }, {
      "inputUserId" : "QSA",
      "lastUpdateUserId" : "QSA",
      "computerId" : "GLSVR171217",
      "lastSynchronizedDate" : null,
      "addressNumber" : "2125",
      "sequence" : 0,
      "name" : "Pak Oon",
      "mailingName" : "Pak Oon",
      "description" : "",
      "firstName" : "",
      "middleName" : "",
      "lastName" : "",
      "nickname" : "",
      "salutation" : "",
      "gender" : "",
      "type" : "C",
      "religion" : "",
      "dateOfBirth" : null,
      "placeOfBirth" : "",
      "socialSecurityNumber" : "",
      "socialSecurityDate" : null,
      "mediaObjectReference" : "",
      "lastUpdateDateTime" : "2017-12-17T00:00:00",
      "inputDateTime" : "2017-12-17T00:00:00",
      "_links" : {
        "self" : {
          "href" : "http://localhost/api/contacts/2125_0"
        },
        "contactPerson" : {
          "href" : "http://localhost/api/contacts/2125_0"
        },
        "master" : {
          "href" : "http://localhost/api/contacts/2125_0/master"
        }
      }
    }, {
      "inputUserId" : "QSA",
      "lastUpdateUserId" : "QSA",
      "computerId" : "GLSVR171217",
      "lastSynchronizedDate" : null,
      "addressNumber" : "2126",
      "sequence" : 0,
      "name" : "Pak Pitros",
      "mailingName" : "Pak Pitros",
      "description" : "",
      "firstName" : "",
      "middleName" : "",
      "lastName" : "",
      "nickname" : "",
      "salutation" : "",
      "gender" : "",
      "type" : "C",
      "religion" : "",
      "dateOfBirth" : null,
      "placeOfBirth" : "",
      "socialSecurityNumber" : "",
      "socialSecurityDate" : null,
      "mediaObjectReference" : "",
      "lastUpdateDateTime" : "2017-12-17T00:00:00",
      "inputDateTime" : "2017-12-17T00:00:00",
      "_links" : {
        "self" : {
          "href" : "http://localhost/api/contacts/2126_0"
        },
        "contactPerson" : {
          "href" : "http://localhost/api/contacts/2126_0"
        },
        "master" : {
          "href" : "http://localhost/api/contacts/2126_0/master"
        }
      }
    }, {
      "inputUserId" : "QSA",
      "lastUpdateUserId" : "QSA",
      "computerId" : "GLSVR171217",
      "lastSynchronizedDate" : null,
      "addressNumber" : "2127",
      "sequence" : 0,
      "name" : "Pak Purba",
      "mailingName" : "Pak Purba",
      "description" : "",
      "firstName" : "",
      "middleName" : "",
      "lastName" : "",
      "nickname" : "",
      "salutation" : "",
      "gender" : "",
      "type" : "C",
      "religion" : "",
      "dateOfBirth" : null,
      "placeOfBirth" : "",
      "socialSecurityNumber" : "",
      "socialSecurityDate" : null,
      "mediaObjectReference" : "",
      "lastUpdateDateTime" : "2017-12-17T00:00:00",
      "inputDateTime" : "2017-12-17T00:00:00",
      "_links" : {
        "self" : {
          "href" : "http://localhost/api/contacts/2127_0"
        },
        "contactPerson" : {
          "href" : "http://localhost/api/contacts/2127_0"
        },
        "master" : {
          "href" : "http://localhost/api/contacts/2127_0/master"
        }
      }
    }, {
      "inputUserId" : "QSA",
      "lastUpdateUserId" : "QSA",
      "computerId" : "GLSVR171217",
      "lastSynchronizedDate" : null,
      "addressNumber" : "2128",
      "sequence" : 0,
      "name" : "Pak Rendra",
      "mailingName" : "Pak Rendra",
      "description" : "",
      "firstName" : "",
      "middleName" : "",
      "lastName" : "",
      "nickname" : "",
      "salutation" : "",
      "gender" : "",
      "type" : "C",
      "religion" : "",
      "dateOfBirth" : null,
      "placeOfBirth" : "",
      "socialSecurityNumber" : "",
      "socialSecurityDate" : null,
      "mediaObjectReference" : "",
      "lastUpdateDateTime" : "2017-12-17T00:00:00",
      "inputDateTime" : "2017-12-17T00:00:00",
      "_links" : {
        "self" : {
          "href" : "http://localhost/api/contacts/2128_0"
        },
        "contactPerson" : {
          "href" : "http://localhost/api/contacts/2128_0"
        },
        "master" : {
          "href" : "http://localhost/api/contacts/2128_0/master"
        }
      }
    }, {
      "inputUserId" : "QSA",
      "lastUpdateUserId" : "QSA",
      "computerId" : "GLSVR171217",
      "lastSynchronizedDate" : null,
      "addressNumber" : "2129",
      "sequence" : 0,
      "name" : "Pak Rustam",
      "mailingName" : "Pak Rustam",
      "description" : "",
      "firstName" : "",
      "middleName" : "",
      "lastName" : "",
      "nickname" : "",
      "salutation" : "",
      "gender" : "",
      "type" : "C",
      "religion" : "",
      "dateOfBirth" : null,
      "placeOfBirth" : "",
      "socialSecurityNumber" : "",
      "socialSecurityDate" : null,
      "mediaObjectReference" : "",
      "lastUpdateDateTime" : "2017-12-17T00:00:00",
      "inputDateTime" : "2017-12-17T00:00:00",
      "_links" : {
        "self" : {
          "href" : "http://localhost/api/contacts/2129_0"
        },
        "contactPerson" : {
          "href" : "http://localhost/api/contacts/2129_0"
        },
        "master" : {
          "href" : "http://localhost/api/contacts/2129_0/master"
        }
      }
    }, {
      "inputUserId" : "QSA",
      "lastUpdateUserId" : "QSA",
      "computerId" : "GLSVR171217",
      "lastSynchronizedDate" : null,
      "addressNumber" : "2130",
      "sequence" : 0,
      "name" : "Pak Sugeng",
      "mailingName" : "Pak Sugeng",
      "description" : "",
      "firstName" : "",
      "middleName" : "",
      "lastName" : "",
      "nickname" : "",
      "salutation" : "",
      "gender" : "",
      "type" : "C",
      "religion" : "",
      "dateOfBirth" : null,
      "placeOfBirth" : "",
      "socialSecurityNumber" : "",
      "socialSecurityDate" : null,
      "mediaObjectReference" : "",
      "lastUpdateDateTime" : "2017-12-17T00:00:00",
      "inputDateTime" : "2017-12-17T00:00:00",
      "_links" : {
        "self" : {
          "href" : "http://localhost/api/contacts/2130_0"
        },
        "contactPerson" : {
          "href" : "http://localhost/api/contacts/2130_0"
        },
        "master" : {
          "href" : "http://localhost/api/contacts/2130_0/master"
        }
      }
    }, {
      "inputUserId" : "QSA",
      "lastUpdateUserId" : "QSA",
      "computerId" : "GLSVR171217",
      "lastSynchronizedDate" : null,
      "addressNumber" : "2131",
      "sequence" : 0,
      "name" : "Pak Suprapto",
      "mailingName" : "Pak Suprapto",
      "description" : "",
      "firstName" : "",
      "middleName" : "",
      "lastName" : "",
      "nickname" : "",
      "salutation" : "",
      "gender" : "",
      "type" : "C",
      "religion" : "",
      "dateOfBirth" : null,
      "placeOfBirth" : "",
      "socialSecurityNumber" : "",
      "socialSecurityDate" : null,
      "mediaObjectReference" : "",
      "lastUpdateDateTime" : "2017-12-17T00:00:00",
      "inputDateTime" : "2017-12-17T00:00:00",
      "_links" : {
        "self" : {
          "href" : "http://localhost/api/contacts/2131_0"
        },
        "contactPerson" : {
          "href" : "http://localhost/api/contacts/2131_0"
        },
        "master" : {
          "href" : "http://localhost/api/contacts/2131_0/master"
        }
      }
    }, {
      "inputUserId" : "QSA",
      "lastUpdateUserId" : "QSA",
      "computerId" : "GLSVR171217",
      "lastSynchronizedDate" : null,
      "addressNumber" : "2132",
      "sequence" : 0,
      "name" : "Pak Surya",
      "mailingName" : "Pak Surya",
      "description" : "",
      "firstName" : "",
      "middleName" : "",
      "lastName" : "",
      "nickname" : "",
      "salutation" : "",
      "gender" : "",
      "type" : "C",
      "religion" : "",
      "dateOfBirth" : null,
      "placeOfBirth" : "",
      "socialSecurityNumber" : "",
      "socialSecurityDate" : null,
      "mediaObjectReference" : "",
      "lastUpdateDateTime" : "2017-12-17T00:00:00",
      "inputDateTime" : "2017-12-17T00:00:00",
      "_links" : {
        "self" : {
          "href" : "http://localhost/api/contacts/2132_0"
        },
        "contactPerson" : {
          "href" : "http://localhost/api/contacts/2132_0"
        },
        "master" : {
          "href" : "http://localhost/api/contacts/2132_0/master"
        }
      }
    }, {
      "inputUserId" : "QSA",
      "lastUpdateUserId" : "QSA",
      "computerId" : "GLSVR171217",
      "lastSynchronizedDate" : null,
      "addressNumber" : "2133",
      "sequence" : 0,
      "name" : "Pak Toni",
      "mailingName" : "Pak Toni",
      "description" : "",
      "firstName" : "",
      "middleName" : "",
      "lastName" : "",
      "nickname" : "",
      "salutation" : "",
      "gender" : "",
      "type" : "C",
      "religion" : "",
      "dateOfBirth" : null,
      "placeOfBirth" : "",
      "socialSecurityNumber" : "",
      "socialSecurityDate" : null,
      "mediaObjectReference" : "",
      "lastUpdateDateTime" : "2017-12-17T00:00:00",
      "inputDateTime" : "2017-12-17T00:00:00",
      "_links" : {
        "self" : {
          "href" : "http://localhost/api/contacts/2133_0"
        },
        "contactPerson" : {
          "href" : "http://localhost/api/contacts/2133_0"
        },
        "master" : {
          "href" : "http://localhost/api/contacts/2133_0/master"
        }
      }
    }, {
      "inputUserId" : "QSA",
      "lastUpdateUserId" : "QSA",
      "computerId" : "GLSVR171217",
      "lastSynchronizedDate" : null,
      "addressNumber" : "2134",
      "sequence" : 0,
      "name" : "Pak Totok",
      "mailingName" : "Pak Totok",
      "description" : "",
      "firstName" : "",
      "middleName" : "",
      "lastName" : "",
      "nickname" : "",
      "salutation" : "",
      "gender" : "",
      "type" : "C",
      "religion" : "",
      "dateOfBirth" : null,
      "placeOfBirth" : "",
      "socialSecurityNumber" : "",
      "socialSecurityDate" : null,
      "mediaObjectReference" : "",
      "lastUpdateDateTime" : "2017-12-17T00:00:00",
      "inputDateTime" : "2017-12-17T00:00:00",
      "_links" : {
        "self" : {
          "href" : "http://localhost/api/contacts/2134_0"
        },
        "contactPerson" : {
          "href" : "http://localhost/api/contacts/2134_0"
        },
        "master" : {
          "href" : "http://localhost/api/contacts/2134_0/master"
        }
      }
    }, {
      "inputUserId" : "QSA",
      "lastUpdateUserId" : "QSA",
      "computerId" : "GLSVR171217",
      "lastSynchronizedDate" : null,
      "addressNumber" : "2135",
      "sequence" : 0,
      "name" : "Pak Udin",
      "mailingName" : "Pak Udin",
      "description" : "",
      "firstName" : "",
      "middleName" : "",
      "lastName" : "",
      "nickname" : "",
      "salutation" : "",
      "gender" : "",
      "type" : "C",
      "religion" : "",
      "dateOfBirth" : null,
      "placeOfBirth" : "",
      "socialSecurityNumber" : "",
      "socialSecurityDate" : null,
      "mediaObjectReference" : "",
      "lastUpdateDateTime" : "2017-12-17T00:00:00",
      "inputDateTime" : "2017-12-17T00:00:00",
      "_links" : {
        "self" : {
          "href" : "http://localhost/api/contacts/2135_0"
        },
        "contactPerson" : {
          "href" : "http://localhost/api/contacts/2135_0"
        },
        "master" : {
          "href" : "http://localhost/api/contacts/2135_0/master"
        }
      }
    }, {
      "inputUserId" : "QSA",
      "lastUpdateUserId" : "QSA",
      "computerId" : "GLSVR171217",
      "lastSynchronizedDate" : null,
      "addressNumber" : "2136",
      "sequence" : 0,
      "name" : "Pak Yohanes",
      "mailingName" : "Pak Yohanes",
      "description" : "",
      "firstName" : "",
      "middleName" : "",
      "lastName" : "",
      "nickname" : "",
      "salutation" : "",
      "gender" : "",
      "type" : "C",
      "religion" : "",
      "dateOfBirth" : null,
      "placeOfBirth" : "",
      "socialSecurityNumber" : "",
      "socialSecurityDate" : null,
      "mediaObjectReference" : "",
      "lastUpdateDateTime" : "2017-12-17T00:00:00",
      "inputDateTime" : "2017-12-17T00:00:00",
      "_links" : {
        "self" : {
          "href" : "http://localhost/api/contacts/2136_0"
        },
        "contactPerson" : {
          "href" : "http://localhost/api/contacts/2136_0"
        },
        "master" : {
          "href" : "http://localhost/api/contacts/2136_0/master"
        }
      }
    }, {
      "inputUserId" : "QSA",
      "lastUpdateUserId" : "QSA",
      "computerId" : "GLSVR171217",
      "lastSynchronizedDate" : null,
      "addressNumber" : "2137",
      "sequence" : 0,
      "name" : "Pak Yudi",
      "mailingName" : "Pak Yudi",
      "description" : "",
      "firstName" : "",
      "middleName" : "",
      "lastName" : "",
      "nickname" : "",
      "salutation" : "",
      "gender" : "",
      "type" : "C",
      "religion" : "",
      "dateOfBirth" : null,
      "placeOfBirth" : "",
      "socialSecurityNumber" : "",
      "socialSecurityDate" : null,
      "mediaObjectReference" : "",
      "lastUpdateDateTime" : "2017-12-17T00:00:00",
      "inputDateTime" : "2017-12-17T00:00:00",
      "_links" : {
        "self" : {
          "href" : "http://localhost/api/contacts/2137_0"
        },
        "contactPerson" : {
          "href" : "http://localhost/api/contacts/2137_0"
        },
        "master" : {
          "href" : "http://localhost/api/contacts/2137_0/master"
        }
      }
    }, {
      "inputUserId" : "QSA",
      "lastUpdateUserId" : "QSA",
      "computerId" : "GLSVR171217",
      "lastSynchronizedDate" : null,
      "addressNumber" : "2138",
      "sequence" : 0,
      "name" : "Pak.Ambar",
      "mailingName" : "Pak.Ambar",
      "description" : "",
      "firstName" : "",
      "middleName" : "",
      "lastName" : "",
      "nickname" : "",
      "salutation" : "",
      "gender" : "",
      "type" : "C",
      "religion" : "",
      "dateOfBirth" : null,
      "placeOfBirth" : "",
      "socialSecurityNumber" : "",
      "socialSecurityDate" : null,
      "mediaObjectReference" : "",
      "lastUpdateDateTime" : "2017-12-17T00:00:00",
      "inputDateTime" : "2017-12-17T00:00:00",
      "_links" : {
        "self" : {
          "href" : "http://localhost/api/contacts/2138_0"
        },
        "contactPerson" : {
          "href" : "http://localhost/api/contacts/2138_0"
        },
        "master" : {
          "href" : "http://localhost/api/contacts/2138_0/master"
        }
      }
    }, {
      "inputUserId" : "QSA",
      "lastUpdateUserId" : "QSA",
      "computerId" : "GLSVR171217",
      "lastSynchronizedDate" : null,
      "addressNumber" : "2140",
      "sequence" : 0,
      "name" : "Pak.Hari",
      "mailingName" : "Pak.Hari",
      "description" : "",
      "firstName" : "",
      "middleName" : "",
      "lastName" : "",
      "nickname" : "",
      "salutation" : "",
      "gender" : "",
      "type" : "C",
      "religion" : "",
      "dateOfBirth" : null,
      "placeOfBirth" : "",
      "socialSecurityNumber" : "",
      "socialSecurityDate" : null,
      "mediaObjectReference" : "",
      "lastUpdateDateTime" : "2017-12-17T00:00:00",
      "inputDateTime" : "2017-12-17T00:00:00",
      "_links" : {
        "self" : {
          "href" : "http://localhost/api/contacts/2140_0"
        },
        "contactPerson" : {
          "href" : "http://localhost/api/contacts/2140_0"
        },
        "master" : {
          "href" : "http://localhost/api/contacts/2140_0/master"
        }
      }
    }, {
      "inputUserId" : "QSA",
      "lastUpdateUserId" : "QSA",
      "computerId" : "GLSVR171217",
      "lastSynchronizedDate" : null,
      "addressNumber" : "2141",
      "sequence" : 0,
      "name" : "Pak.Hayat",
      "mailingName" : "Pak.Hayat",
      "description" : "",
      "firstName" : "",
      "middleName" : "",
      "lastName" : "",
      "nickname" : "",
      "salutation" : "",
      "gender" : "",
      "type" : "C",
      "religion" : "",
      "dateOfBirth" : null,
      "placeOfBirth" : "",
      "socialSecurityNumber" : "",
      "socialSecurityDate" : null,
      "mediaObjectReference" : "",
      "lastUpdateDateTime" : "2017-12-17T00:00:00",
      "inputDateTime" : "2017-12-17T00:00:00",
      "_links" : {
        "self" : {
          "href" : "http://localhost/api/contacts/2141_0"
        },
        "contactPerson" : {
          "href" : "http://localhost/api/contacts/2141_0"
        },
        "master" : {
          "href" : "http://localhost/api/contacts/2141_0/master"
        }
      }
    }, {
      "inputUserId" : "QSA",
      "lastUpdateUserId" : "QSA",
      "computerId" : "GLSVR171217",
      "lastSynchronizedDate" : null,
      "addressNumber" : "2142",
      "sequence" : 0,
      "name" : "Pak.Yuoro",
      "mailingName" : "Pak.Yuoro",
      "description" : "",
      "firstName" : "",
      "middleName" : "",
      "lastName" : "",
      "nickname" : "",
      "salutation" : "",
      "gender" : "",
      "type" : "C",
      "religion" : "",
      "dateOfBirth" : null,
      "placeOfBirth" : "",
      "socialSecurityNumber" : "",
      "socialSecurityDate" : null,
      "mediaObjectReference" : "",
      "lastUpdateDateTime" : "2017-12-17T00:00:00",
      "inputDateTime" : "2017-12-17T00:00:00",
      "_links" : {
        "self" : {
          "href" : "http://localhost/api/contacts/2142_0"
        },
        "contactPerson" : {
          "href" : "http://localhost/api/contacts/2142_0"
        },
        "master" : {
          "href" : "http://localhost/api/contacts/2142_0/master"
        }
      }
    }, {
      "inputUserId" : "QSA",
      "lastUpdateUserId" : "QSA",
      "computerId" : "GLSVR171217",
      "lastSynchronizedDate" : null,
      "addressNumber" : "2143",
      "sequence" : 0,
      "name" : "Palapa",
      "mailingName" : "Palapa",
      "description" : "",
      "firstName" : "",
      "middleName" : "",
      "lastName" : "",
      "nickname" : "",
      "salutation" : "",
      "gender" : "",
      "type" : "C",
      "religion" : "",
      "dateOfBirth" : null,
      "placeOfBirth" : "",
      "socialSecurityNumber" : "",
      "socialSecurityDate" : null,
      "mediaObjectReference" : "",
      "lastUpdateDateTime" : "2017-12-17T00:00:00",
      "inputDateTime" : "2017-12-17T00:00:00",
      "_links" : {
        "self" : {
          "href" : "http://localhost/api/contacts/2143_0"
        },
        "contactPerson" : {
          "href" : "http://localhost/api/contacts/2143_0"
        },
        "master" : {
          "href" : "http://localhost/api/contacts/2143_0/master"
        }
      }
    }, {
      "inputUserId" : "QSA",
      "lastUpdateUserId" : "QSA",
      "computerId" : "GLSVR171217",
      "lastSynchronizedDate" : null,
      "addressNumber" : "2144",
      "sequence" : 0,
      "name" : "Pameran",
      "mailingName" : "Pameran",
      "description" : "",
      "firstName" : "",
      "middleName" : "",
      "lastName" : "",
      "nickname" : "",
      "salutation" : "",
      "gender" : "",
      "type" : "C",
      "religion" : "",
      "dateOfBirth" : null,
      "placeOfBirth" : "",
      "socialSecurityNumber" : "",
      "socialSecurityDate" : null,
      "mediaObjectReference" : "",
      "lastUpdateDateTime" : "2017-12-17T00:00:00",
      "inputDateTime" : "2017-12-17T00:00:00",
      "_links" : {
        "self" : {
          "href" : "http://localhost/api/contacts/2144_0"
        },
        "contactPerson" : {
          "href" : "http://localhost/api/contacts/2144_0"
        },
        "master" : {
          "href" : "http://localhost/api/contacts/2144_0/master"
        }
      }
    }, {
      "inputUserId" : "QSA",
      "lastUpdateUserId" : "QSA",
      "computerId" : "GLSVR171217",
      "lastSynchronizedDate" : null,
      "addressNumber" : "2145",
      "sequence" : 0,
      "name" : "Panca",
      "mailingName" : "Panca",
      "description" : "",
      "firstName" : "",
      "middleName" : "",
      "lastName" : "",
      "nickname" : "",
      "salutation" : "",
      "gender" : "",
      "type" : "C",
      "religion" : "",
      "dateOfBirth" : null,
      "placeOfBirth" : "",
      "socialSecurityNumber" : "",
      "socialSecurityDate" : null,
      "mediaObjectReference" : "",
      "lastUpdateDateTime" : "2017-12-17T00:00:00",
      "inputDateTime" : "2017-12-17T00:00:00",
      "_links" : {
        "self" : {
          "href" : "http://localhost/api/contacts/2145_0"
        },
        "contactPerson" : {
          "href" : "http://localhost/api/contacts/2145_0"
        },
        "master" : {
          "href" : "http://localhost/api/contacts/2145_0/master"
        }
      }
    }, {
      "inputUserId" : "QSA",
      "lastUpdateUserId" : "QSA",
      "computerId" : "GLSVR171217",
      "lastSynchronizedDate" : null,
      "addressNumber" : "2146",
      "sequence" : 0,
      "name" : "Pandu Putra",
      "mailingName" : "Pandu Putra",
      "description" : "",
      "firstName" : "",
      "middleName" : "",
      "lastName" : "",
      "nickname" : "",
      "salutation" : "",
      "gender" : "",
      "type" : "C",
      "religion" : "",
      "dateOfBirth" : null,
      "placeOfBirth" : "",
      "socialSecurityNumber" : "",
      "socialSecurityDate" : null,
      "mediaObjectReference" : "",
      "lastUpdateDateTime" : "2017-12-17T00:00:00",
      "inputDateTime" : "2017-12-17T00:00:00",
      "_links" : {
        "self" : {
          "href" : "http://localhost/api/contacts/2146_0"
        },
        "contactPerson" : {
          "href" : "http://localhost/api/contacts/2146_0"
        },
        "master" : {
          "href" : "http://localhost/api/contacts/2146_0/master"
        }
      }
    }, {
      "inputUserId" : "QSA",
      "lastUpdateUserId" : "QSA",
      "computerId" : "GLSVR171217",
      "lastSynchronizedDate" : null,
      "addressNumber" : "2147",
      "sequence" : 0,
      "name" : "Panji",
      "mailingName" : "Panji",
      "description" : "",
      "firstName" : "",
      "middleName" : "",
      "lastName" : "",
      "nickname" : "",
      "salutation" : "",
      "gender" : "",
      "type" : "C",
      "religion" : "",
      "dateOfBirth" : null,
      "placeOfBirth" : "",
      "socialSecurityNumber" : "",
      "socialSecurityDate" : null,
      "mediaObjectReference" : "",
      "lastUpdateDateTime" : "2017-12-17T00:00:00",
      "inputDateTime" : "2017-12-17T00:00:00",
      "_links" : {
        "self" : {
          "href" : "http://localhost/api/contacts/2147_0"
        },
        "contactPerson" : {
          "href" : "http://localhost/api/contacts/2147_0"
        },
        "master" : {
          "href" : "http://localhost/api/contacts/2147_0/master"
        }
      }
    }, {
      "inputUserId" : "QSA",
      "lastUpdateUserId" : "QSA",
      "computerId" : "GLSVR171217",
      "lastSynchronizedDate" : null,
      "addressNumber" : "2148",
      "sequence" : 0,
      "name" : "Partono",
      "mailingName" : "Partono",
      "description" : "",
      "firstName" : "",
      "middleName" : "",
      "lastName" : "",
      "nickname" : "",
      "salutation" : "",
      "gender" : "",
      "type" : "C",
      "religion" : "",
      "dateOfBirth" : null,
      "placeOfBirth" : "",
      "socialSecurityNumber" : "",
      "socialSecurityDate" : null,
      "mediaObjectReference" : "",
      "lastUpdateDateTime" : "2017-12-17T00:00:00",
      "inputDateTime" : "2017-12-17T00:00:00",
      "_links" : {
        "self" : {
          "href" : "http://localhost/api/contacts/2148_0"
        },
        "contactPerson" : {
          "href" : "http://localhost/api/contacts/2148_0"
        },
        "master" : {
          "href" : "http://localhost/api/contacts/2148_0/master"
        }
      }
    }, {
      "inputUserId" : "QSA",
      "lastUpdateUserId" : "QSA",
      "computerId" : "GLSVR171217",
      "lastSynchronizedDate" : null,
      "addressNumber" : "2149",
      "sequence" : 0,
      "name" : "Pasific Computindo",
      "mailingName" : "Pasific Computindo",
      "description" : "",
      "firstName" : "",
      "middleName" : "",
      "lastName" : "",
      "nickname" : "",
      "salutation" : "",
      "gender" : "",
      "type" : "C",
      "religion" : "",
      "dateOfBirth" : null,
      "placeOfBirth" : "",
      "socialSecurityNumber" : "",
      "socialSecurityDate" : null,
      "mediaObjectReference" : "",
      "lastUpdateDateTime" : "2017-12-17T00:00:00",
      "inputDateTime" : "2017-12-17T00:00:00",
      "_links" : {
        "self" : {
          "href" : "http://localhost/api/contacts/2149_0"
        },
        "contactPerson" : {
          "href" : "http://localhost/api/contacts/2149_0"
        },
        "master" : {
          "href" : "http://localhost/api/contacts/2149_0/master"
        }
      }
    }, {
      "inputUserId" : "QSA",
      "lastUpdateUserId" : "QSA",
      "computerId" : "GLSVR171217",
      "lastSynchronizedDate" : null,
      "addressNumber" : "2150",
      "sequence" : 0,
      "name" : "Pasklis Bintang",
      "mailingName" : "Pasklis Bintang",
      "description" : "",
      "firstName" : "",
      "middleName" : "",
      "lastName" : "",
      "nickname" : "",
      "salutation" : "",
      "gender" : "",
      "type" : "C",
      "religion" : "",
      "dateOfBirth" : null,
      "placeOfBirth" : "",
      "socialSecurityNumber" : "",
      "socialSecurityDate" : null,
      "mediaObjectReference" : "",
      "lastUpdateDateTime" : "2017-12-17T00:00:00",
      "inputDateTime" : "2017-12-17T00:00:00",
      "_links" : {
        "self" : {
          "href" : "http://localhost/api/contacts/2150_0"
        },
        "contactPerson" : {
          "href" : "http://localhost/api/contacts/2150_0"
        },
        "master" : {
          "href" : "http://localhost/api/contacts/2150_0/master"
        }
      }
    }, {
      "inputUserId" : "QSA",
      "lastUpdateUserId" : "QSA",
      "computerId" : "GLSVR171217",
      "lastSynchronizedDate" : null,
      "addressNumber" : "2151",
      "sequence" : 0,
      "name" : "Patuan",
      "mailingName" : "Patuan",
      "description" : "",
      "firstName" : "",
      "middleName" : "",
      "lastName" : "",
      "nickname" : "",
      "salutation" : "",
      "gender" : "",
      "type" : "C",
      "religion" : "",
      "dateOfBirth" : null,
      "placeOfBirth" : "",
      "socialSecurityNumber" : "",
      "socialSecurityDate" : null,
      "mediaObjectReference" : "",
      "lastUpdateDateTime" : "2017-12-17T00:00:00",
      "inputDateTime" : "2017-12-17T00:00:00",
      "_links" : {
        "self" : {
          "href" : "http://localhost/api/contacts/2151_0"
        },
        "contactPerson" : {
          "href" : "http://localhost/api/contacts/2151_0"
        },
        "master" : {
          "href" : "http://localhost/api/contacts/2151_0/master"
        }
      }
    }, {
      "inputUserId" : "QSA",
      "lastUpdateUserId" : "QSA",
      "computerId" : "GLSVR171217",
      "lastSynchronizedDate" : null,
      "addressNumber" : "2152",
      "sequence" : 0,
      "name" : "Paula",
      "mailingName" : "Paula",
      "description" : "",
      "firstName" : "",
      "middleName" : "",
      "lastName" : "",
      "nickname" : "",
      "salutation" : "",
      "gender" : "",
      "type" : "C",
      "religion" : "",
      "dateOfBirth" : null,
      "placeOfBirth" : "",
      "socialSecurityNumber" : "",
      "socialSecurityDate" : null,
      "mediaObjectReference" : "",
      "lastUpdateDateTime" : "2017-12-17T00:00:00",
      "inputDateTime" : "2017-12-17T00:00:00",
      "_links" : {
        "self" : {
          "href" : "http://localhost/api/contacts/2152_0"
        },
        "contactPerson" : {
          "href" : "http://localhost/api/contacts/2152_0"
        },
        "master" : {
          "href" : "http://localhost/api/contacts/2152_0/master"
        }
      }
    }, {
      "inputUserId" : "QSA",
      "lastUpdateUserId" : "QSA",
      "computerId" : "GLSVR171217",
      "lastSynchronizedDate" : null,
      "addressNumber" : "2153",
      "sequence" : 0,
      "name" : "PC Centre",
      "mailingName" : "PC Centre",
      "description" : "",
      "firstName" : "",
      "middleName" : "",
      "lastName" : "",
      "nickname" : "",
      "salutation" : "",
      "gender" : "",
      "type" : "C",
      "religion" : "",
      "dateOfBirth" : null,
      "placeOfBirth" : "",
      "socialSecurityNumber" : "",
      "socialSecurityDate" : null,
      "mediaObjectReference" : "",
      "lastUpdateDateTime" : "2017-12-17T00:00:00",
      "inputDateTime" : "2017-12-17T00:00:00",
      "_links" : {
        "self" : {
          "href" : "http://localhost/api/contacts/2153_0"
        },
        "contactPerson" : {
          "href" : "http://localhost/api/contacts/2153_0"
        },
        "master" : {
          "href" : "http://localhost/api/contacts/2153_0/master"
        }
      }
    }, {
      "inputUserId" : "QSA",
      "lastUpdateUserId" : "QSA",
      "computerId" : "GLSVR171217",
      "lastSynchronizedDate" : null,
      "addressNumber" : "2154",
      "sequence" : 0,
      "name" : "Pc Master",
      "mailingName" : "Pc Master",
      "description" : "",
      "firstName" : "",
      "middleName" : "",
      "lastName" : "",
      "nickname" : "",
      "salutation" : "",
      "gender" : "",
      "type" : "C",
      "religion" : "",
      "dateOfBirth" : null,
      "placeOfBirth" : "",
      "socialSecurityNumber" : "",
      "socialSecurityDate" : null,
      "mediaObjectReference" : "",
      "lastUpdateDateTime" : "2017-12-17T00:00:00",
      "inputDateTime" : "2017-12-17T00:00:00",
      "_links" : {
        "self" : {
          "href" : "http://localhost/api/contacts/2154_0"
        },
        "contactPerson" : {
          "href" : "http://localhost/api/contacts/2154_0"
        },
        "master" : {
          "href" : "http://localhost/api/contacts/2154_0/master"
        }
      }
    }, {
      "inputUserId" : "QSA",
      "lastUpdateUserId" : "QSA",
      "computerId" : "GLSVR171217",
      "lastSynchronizedDate" : null,
      "addressNumber" : "2155",
      "sequence" : 0,
      "name" : "Pegastore",
      "mailingName" : "Pegastore",
      "description" : "",
      "firstName" : "",
      "middleName" : "",
      "lastName" : "",
      "nickname" : "",
      "salutation" : "",
      "gender" : "",
      "type" : "C",
      "religion" : "",
      "dateOfBirth" : null,
      "placeOfBirth" : "",
      "socialSecurityNumber" : "",
      "socialSecurityDate" : null,
      "mediaObjectReference" : "",
      "lastUpdateDateTime" : "2017-12-17T00:00:00",
      "inputDateTime" : "2017-12-17T00:00:00",
      "_links" : {
        "self" : {
          "href" : "http://localhost/api/contacts/2155_0"
        },
        "contactPerson" : {
          "href" : "http://localhost/api/contacts/2155_0"
        },
        "master" : {
          "href" : "http://localhost/api/contacts/2155_0/master"
        }
      }
    }, {
      "inputUserId" : "QSA",
      "lastUpdateUserId" : "QSA",
      "computerId" : "GLSVR171217",
      "lastSynchronizedDate" : null,
      "addressNumber" : "2156",
      "sequence" : 0,
      "name" : "Pegastore Dusit",
      "mailingName" : "Pegastore Dusit",
      "description" : "",
      "firstName" : "",
      "middleName" : "",
      "lastName" : "",
      "nickname" : "",
      "salutation" : "",
      "gender" : "",
      "type" : "C",
      "religion" : "",
      "dateOfBirth" : null,
      "placeOfBirth" : "",
      "socialSecurityNumber" : "",
      "socialSecurityDate" : null,
      "mediaObjectReference" : "",
      "lastUpdateDateTime" : "2017-12-17T00:00:00",
      "inputDateTime" : "2017-12-17T00:00:00",
      "_links" : {
        "self" : {
          "href" : "http://localhost/api/contacts/2156_0"
        },
        "contactPerson" : {
          "href" : "http://localhost/api/contacts/2156_0"
        },
        "master" : {
          "href" : "http://localhost/api/contacts/2156_0/master"
        }
      }
    }, {
      "inputUserId" : "QSA",
      "lastUpdateUserId" : "QSA",
      "computerId" : "GLSVR171217",
      "lastSynchronizedDate" : null,
      "addressNumber" : "2157",
      "sequence" : 0,
      "name" : "Pemdes Segoro Tambak",
      "mailingName" : "Pemdes Segoro Tambak",
      "description" : "",
      "firstName" : "",
      "middleName" : "",
      "lastName" : "",
      "nickname" : "",
      "salutation" : "",
      "gender" : "",
      "type" : "C",
      "religion" : "",
      "dateOfBirth" : null,
      "placeOfBirth" : "",
      "socialSecurityNumber" : "",
      "socialSecurityDate" : null,
      "mediaObjectReference" : "",
      "lastUpdateDateTime" : "2017-12-17T00:00:00",
      "inputDateTime" : "2017-12-17T00:00:00",
      "_links" : {
        "self" : {
          "href" : "http://localhost/api/contacts/2157_0"
        },
        "contactPerson" : {
          "href" : "http://localhost/api/contacts/2157_0"
        },
        "master" : {
          "href" : "http://localhost/api/contacts/2157_0/master"
        }
      }
    }, {
      "inputUserId" : "QSA",
      "lastUpdateUserId" : "QSA",
      "computerId" : "GLSVR171217",
      "lastSynchronizedDate" : null,
      "addressNumber" : "2158",
      "sequence" : 0,
      "name" : "Pendika",
      "mailingName" : "Pendika",
      "description" : "",
      "firstName" : "",
      "middleName" : "",
      "lastName" : "",
      "nickname" : "",
      "salutation" : "",
      "gender" : "",
      "type" : "C",
      "religion" : "",
      "dateOfBirth" : null,
      "placeOfBirth" : "",
      "socialSecurityNumber" : "",
      "socialSecurityDate" : null,
      "mediaObjectReference" : "",
      "lastUpdateDateTime" : "2017-12-17T00:00:00",
      "inputDateTime" : "2017-12-17T00:00:00",
      "_links" : {
        "self" : {
          "href" : "http://localhost/api/contacts/2158_0"
        },
        "contactPerson" : {
          "href" : "http://localhost/api/contacts/2158_0"
        },
        "master" : {
          "href" : "http://localhost/api/contacts/2158_0/master"
        }
      }
    }, {
      "inputUserId" : "QSA",
      "lastUpdateUserId" : "QSA",
      "computerId" : "GLSVR171217",
      "lastSynchronizedDate" : null,
      "addressNumber" : "2159",
      "sequence" : 0,
      "name" : "Pengadilan Agama Bangkalan",
      "mailingName" : "Pengadilan Agama Bangkalan",
      "description" : "",
      "firstName" : "",
      "middleName" : "",
      "lastName" : "",
      "nickname" : "",
      "salutation" : "",
      "gender" : "",
      "type" : "C",
      "religion" : "",
      "dateOfBirth" : null,
      "placeOfBirth" : "",
      "socialSecurityNumber" : "",
      "socialSecurityDate" : null,
      "mediaObjectReference" : "",
      "lastUpdateDateTime" : "2017-12-17T00:00:00",
      "inputDateTime" : "2017-12-17T00:00:00",
      "_links" : {
        "self" : {
          "href" : "http://localhost/api/contacts/2159_0"
        },
        "contactPerson" : {
          "href" : "http://localhost/api/contacts/2159_0"
        },
        "master" : {
          "href" : "http://localhost/api/contacts/2159_0/master"
        }
      }
    }, {
      "inputUserId" : "QSA",
      "lastUpdateUserId" : "QSA",
      "computerId" : "GLSVR171217",
      "lastSynchronizedDate" : null,
      "addressNumber" : "2160",
      "sequence" : 0,
      "name" : "Pengadilan Negeri Sumenep",
      "mailingName" : "Pengadilan Negeri Sumenep",
      "description" : "",
      "firstName" : "",
      "middleName" : "",
      "lastName" : "",
      "nickname" : "",
      "salutation" : "",
      "gender" : "",
      "type" : "C",
      "religion" : "",
      "dateOfBirth" : null,
      "placeOfBirth" : "",
      "socialSecurityNumber" : "",
      "socialSecurityDate" : null,
      "mediaObjectReference" : "",
      "lastUpdateDateTime" : "2017-12-17T00:00:00",
      "inputDateTime" : "2017-12-17T00:00:00",
      "_links" : {
        "self" : {
          "href" : "http://localhost/api/contacts/2160_0"
        },
        "contactPerson" : {
          "href" : "http://localhost/api/contacts/2160_0"
        },
        "master" : {
          "href" : "http://localhost/api/contacts/2160_0/master"
        }
      }
    }, {
      "inputUserId" : "QSA",
      "lastUpdateUserId" : "QSA",
      "computerId" : "GLSVR171217",
      "lastSynchronizedDate" : null,
      "addressNumber" : "2161",
      "sequence" : 0,
      "name" : "Pengeluaran Lingkungan Hidup Kota Surabaya",
      "mailingName" : "Pengeluaran Lingkungan Hidup Kota Surabaya",
      "description" : "",
      "firstName" : "",
      "middleName" : "",
      "lastName" : "",
      "nickname" : "",
      "salutation" : "",
      "gender" : "",
      "type" : "C",
      "religion" : "",
      "dateOfBirth" : null,
      "placeOfBirth" : "",
      "socialSecurityNumber" : "",
      "socialSecurityDate" : null,
      "mediaObjectReference" : "",
      "lastUpdateDateTime" : "2017-12-17T00:00:00",
      "inputDateTime" : "2017-12-17T00:00:00",
      "_links" : {
        "self" : {
          "href" : "http://localhost/api/contacts/2161_0"
        },
        "contactPerson" : {
          "href" : "http://localhost/api/contacts/2161_0"
        },
        "master" : {
          "href" : "http://localhost/api/contacts/2161_0/master"
        }
      }
    }, {
      "inputUserId" : "QSA",
      "lastUpdateUserId" : "QSA",
      "computerId" : "GLSVR171217",
      "lastSynchronizedDate" : null,
      "addressNumber" : "2162",
      "sequence" : 0,
      "name" : "Peningkatan Pelayan Publik Bidang Kependudukan",
      "mailingName" : "Peningkatan Pelayan Publik Bidang Kependudukan",
      "description" : "",
      "firstName" : "",
      "middleName" : "",
      "lastName" : "",
      "nickname" : "",
      "salutation" : "",
      "gender" : "",
      "type" : "C",
      "religion" : "",
      "dateOfBirth" : null,
      "placeOfBirth" : "",
      "socialSecurityNumber" : "",
      "socialSecurityDate" : null,
      "mediaObjectReference" : "",
      "lastUpdateDateTime" : "2017-12-17T00:00:00",
      "inputDateTime" : "2017-12-17T00:00:00",
      "_links" : {
        "self" : {
          "href" : "http://localhost/api/contacts/2162_0"
        },
        "contactPerson" : {
          "href" : "http://localhost/api/contacts/2162_0"
        },
        "master" : {
          "href" : "http://localhost/api/contacts/2162_0/master"
        }
      }
    }, {
      "inputUserId" : "QSA",
      "lastUpdateUserId" : "QSA",
      "computerId" : "GLSVR171217",
      "lastSynchronizedDate" : null,
      "addressNumber" : "2163",
      "sequence" : 0,
      "name" : "Penyediaan Barang dan Jasa",
      "mailingName" : "Penyediaan Barang dan Jasa",
      "description" : "",
      "firstName" : "",
      "middleName" : "",
      "lastName" : "",
      "nickname" : "",
      "salutation" : "",
      "gender" : "",
      "type" : "C",
      "religion" : "",
      "dateOfBirth" : null,
      "placeOfBirth" : "",
      "socialSecurityNumber" : "",
      "socialSecurityDate" : null,
      "mediaObjectReference" : "",
      "lastUpdateDateTime" : "2017-12-17T00:00:00",
      "inputDateTime" : "2017-12-17T00:00:00",
      "_links" : {
        "self" : {
          "href" : "http://localhost/api/contacts/2163_0"
        },
        "contactPerson" : {
          "href" : "http://localhost/api/contacts/2163_0"
        },
        "master" : {
          "href" : "http://localhost/api/contacts/2163_0/master"
        }
      }
    }, {
      "inputUserId" : "QSA",
      "lastUpdateUserId" : "QSA",
      "computerId" : "GLSVR171217",
      "lastSynchronizedDate" : null,
      "addressNumber" : "2164",
      "sequence" : 0,
      "name" : "Penyediaan Barang dan Jasa Perangkat Daerah",
      "mailingName" : "Penyediaan Barang dan Jasa Perangkat Daerah",
      "description" : "",
      "firstName" : "",
      "middleName" : "",
      "lastName" : "",
      "nickname" : "",
      "salutation" : "",
      "gender" : "",
      "type" : "C",
      "religion" : "",
      "dateOfBirth" : null,
      "placeOfBirth" : "",
      "socialSecurityNumber" : "",
      "socialSecurityDate" : null,
      "mediaObjectReference" : "",
      "lastUpdateDateTime" : "2017-12-17T00:00:00",
      "inputDateTime" : "2017-12-17T00:00:00",
      "_links" : {
        "self" : {
          "href" : "http://localhost/api/contacts/2164_0"
        },
        "contactPerson" : {
          "href" : "http://localhost/api/contacts/2164_0"
        },
        "master" : {
          "href" : "http://localhost/api/contacts/2164_0/master"
        }
      }
    }, {
      "inputUserId" : "QSA",
      "lastUpdateUserId" : "QSA",
      "computerId" : "GLSVR171217",
      "lastSynchronizedDate" : null,
      "addressNumber" : "2165",
      "sequence" : 0,
      "name" : "Perdana Berau",
      "mailingName" : "Perdana Berau",
      "description" : "",
      "firstName" : "",
      "middleName" : "",
      "lastName" : "",
      "nickname" : "",
      "salutation" : "",
      "gender" : "",
      "type" : "C",
      "religion" : "",
      "dateOfBirth" : null,
      "placeOfBirth" : "",
      "socialSecurityNumber" : "",
      "socialSecurityDate" : null,
      "mediaObjectReference" : "",
      "lastUpdateDateTime" : "2017-12-17T00:00:00",
      "inputDateTime" : "2017-12-17T00:00:00",
      "_links" : {
        "self" : {
          "href" : "http://localhost/api/contacts/2165_0"
        },
        "contactPerson" : {
          "href" : "http://localhost/api/contacts/2165_0"
        },
        "master" : {
          "href" : "http://localhost/api/contacts/2165_0/master"
        }
      }
    }, {
      "inputUserId" : "QSA",
      "lastUpdateUserId" : "QSA",
      "computerId" : "GLSVR171217",
      "lastSynchronizedDate" : null,
      "addressNumber" : "2166",
      "sequence" : 0,
      "name" : "Perdana Computer",
      "mailingName" : "Perdana Computer",
      "description" : "",
      "firstName" : "",
      "middleName" : "",
      "lastName" : "",
      "nickname" : "",
      "salutation" : "",
      "gender" : "",
      "type" : "C",
      "religion" : "",
      "dateOfBirth" : null,
      "placeOfBirth" : "",
      "socialSecurityNumber" : "",
      "socialSecurityDate" : null,
      "mediaObjectReference" : "",
      "lastUpdateDateTime" : "2017-12-17T00:00:00",
      "inputDateTime" : "2017-12-17T00:00:00",
      "_links" : {
        "self" : {
          "href" : "http://localhost/api/contacts/2166_0"
        },
        "contactPerson" : {
          "href" : "http://localhost/api/contacts/2166_0"
        },
        "master" : {
          "href" : "http://localhost/api/contacts/2166_0/master"
        }
      }
    }, {
      "inputUserId" : "QSA",
      "lastUpdateUserId" : "QSA",
      "computerId" : "GLSVR171217",
      "lastSynchronizedDate" : null,
      "addressNumber" : "2167",
      "sequence" : 0,
      "name" : "Perdana Elektronik",
      "mailingName" : "Perdana Elektronik",
      "description" : "",
      "firstName" : "",
      "middleName" : "",
      "lastName" : "",
      "nickname" : "",
      "salutation" : "",
      "gender" : "",
      "type" : "C",
      "religion" : "",
      "dateOfBirth" : null,
      "placeOfBirth" : "",
      "socialSecurityNumber" : "",
      "socialSecurityDate" : null,
      "mediaObjectReference" : "",
      "lastUpdateDateTime" : "2017-12-17T00:00:00",
      "inputDateTime" : "2017-12-17T00:00:00",
      "_links" : {
        "self" : {
          "href" : "http://localhost/api/contacts/2167_0"
        },
        "contactPerson" : {
          "href" : "http://localhost/api/contacts/2167_0"
        },
        "master" : {
          "href" : "http://localhost/api/contacts/2167_0/master"
        }
      }
    }, {
      "inputUserId" : "QSA",
      "lastUpdateUserId" : "QSA",
      "computerId" : "GLSVR171217",
      "lastSynchronizedDate" : null,
      "addressNumber" : "2168",
      "sequence" : 0,
      "name" : "Permata Comp",
      "mailingName" : "Permata Comp",
      "description" : "",
      "firstName" : "",
      "middleName" : "",
      "lastName" : "",
      "nickname" : "",
      "salutation" : "",
      "gender" : "",
      "type" : "C",
      "religion" : "",
      "dateOfBirth" : null,
      "placeOfBirth" : "",
      "socialSecurityNumber" : "",
      "socialSecurityDate" : null,
      "mediaObjectReference" : "",
      "lastUpdateDateTime" : "2017-12-17T00:00:00",
      "inputDateTime" : "2017-12-17T00:00:00",
      "_links" : {
        "self" : {
          "href" : "http://localhost/api/contacts/2168_0"
        },
        "contactPerson" : {
          "href" : "http://localhost/api/contacts/2168_0"
        },
        "master" : {
          "href" : "http://localhost/api/contacts/2168_0/master"
        }
      }
    }, {
      "inputUserId" : "QSA",
      "lastUpdateUserId" : "QSA",
      "computerId" : "GLSVR171217",
      "lastSynchronizedDate" : null,
      "addressNumber" : "2169",
      "sequence" : 0,
      "name" : "Perwira Elektrik",
      "mailingName" : "Perwira Elektrik",
      "description" : "",
      "firstName" : "",
      "middleName" : "",
      "lastName" : "",
      "nickname" : "",
      "salutation" : "",
      "gender" : "",
      "type" : "C",
      "religion" : "",
      "dateOfBirth" : null,
      "placeOfBirth" : "",
      "socialSecurityNumber" : "",
      "socialSecurityDate" : null,
      "mediaObjectReference" : "",
      "lastUpdateDateTime" : "2017-12-17T00:00:00",
      "inputDateTime" : "2017-12-17T00:00:00",
      "_links" : {
        "self" : {
          "href" : "http://localhost/api/contacts/2169_0"
        },
        "contactPerson" : {
          "href" : "http://localhost/api/contacts/2169_0"
        },
        "master" : {
          "href" : "http://localhost/api/contacts/2169_0/master"
        }
      }
    }, {
      "inputUserId" : "QSA",
      "lastUpdateUserId" : "QSA",
      "computerId" : "GLSVR171217",
      "lastSynchronizedDate" : null,
      "addressNumber" : "2170",
      "sequence" : 0,
      "name" : "PGI",
      "mailingName" : "PGI",
      "description" : "",
      "firstName" : "",
      "middleName" : "",
      "lastName" : "",
      "nickname" : "",
      "salutation" : "",
      "gender" : "",
      "type" : "C",
      "religion" : "",
      "dateOfBirth" : null,
      "placeOfBirth" : "",
      "socialSecurityNumber" : "",
      "socialSecurityDate" : null,
      "mediaObjectReference" : "",
      "lastUpdateDateTime" : "2017-12-17T00:00:00",
      "inputDateTime" : "2017-12-17T00:00:00",
      "_links" : {
        "self" : {
          "href" : "http://localhost/api/contacts/2170_0"
        },
        "contactPerson" : {
          "href" : "http://localhost/api/contacts/2170_0"
        },
        "master" : {
          "href" : "http://localhost/api/contacts/2170_0/master"
        }
      }
    }, {
      "inputUserId" : "QSA",
      "lastUpdateUserId" : "QSA",
      "computerId" : "GLSVR171217",
      "lastSynchronizedDate" : null,
      "addressNumber" : "2171",
      "sequence" : 0,
      "name" : "Philipus",
      "mailingName" : "Philipus",
      "description" : "",
      "firstName" : "",
      "middleName" : "",
      "lastName" : "",
      "nickname" : "",
      "salutation" : "",
      "gender" : "",
      "type" : "C",
      "religion" : "",
      "dateOfBirth" : null,
      "placeOfBirth" : "",
      "socialSecurityNumber" : "",
      "socialSecurityDate" : null,
      "mediaObjectReference" : "",
      "lastUpdateDateTime" : "2017-12-17T00:00:00",
      "inputDateTime" : "2017-12-17T00:00:00",
      "_links" : {
        "self" : {
          "href" : "http://localhost/api/contacts/2171_0"
        },
        "contactPerson" : {
          "href" : "http://localhost/api/contacts/2171_0"
        },
        "master" : {
          "href" : "http://localhost/api/contacts/2171_0/master"
        }
      }
    }, {
      "inputUserId" : "QSA",
      "lastUpdateUserId" : "QSA",
      "computerId" : "GLSVR171217",
      "lastSynchronizedDate" : null,
      "addressNumber" : "2172",
      "sequence" : 0,
      "name" : "Pink",
      "mailingName" : "Pink",
      "description" : "",
      "firstName" : "",
      "middleName" : "",
      "lastName" : "",
      "nickname" : "",
      "salutation" : "",
      "gender" : "",
      "type" : "C",
      "religion" : "",
      "dateOfBirth" : null,
      "placeOfBirth" : "",
      "socialSecurityNumber" : "",
      "socialSecurityDate" : null,
      "mediaObjectReference" : "",
      "lastUpdateDateTime" : "2017-12-17T00:00:00",
      "inputDateTime" : "2017-12-17T00:00:00",
      "_links" : {
        "self" : {
          "href" : "http://localhost/api/contacts/2172_0"
        },
        "contactPerson" : {
          "href" : "http://localhost/api/contacts/2172_0"
        },
        "master" : {
          "href" : "http://localhost/api/contacts/2172_0/master"
        }
      }
    }, {
      "inputUserId" : "QSA",
      "lastUpdateUserId" : "QSA",
      "computerId" : "GLSVR171217",
      "lastSynchronizedDate" : null,
      "addressNumber" : "2173",
      "sequence" : 0,
      "name" : "Pink Studio (Ryan)",
      "mailingName" : "Pink Studio (Ryan)",
      "description" : "",
      "firstName" : "",
      "middleName" : "",
      "lastName" : "",
      "nickname" : "",
      "salutation" : "",
      "gender" : "",
      "type" : "C",
      "religion" : "",
      "dateOfBirth" : null,
      "placeOfBirth" : "",
      "socialSecurityNumber" : "",
      "socialSecurityDate" : null,
      "mediaObjectReference" : "",
      "lastUpdateDateTime" : "2017-12-17T00:00:00",
      "inputDateTime" : "2017-12-17T00:00:00",
      "_links" : {
        "self" : {
          "href" : "http://localhost/api/contacts/2173_0"
        },
        "contactPerson" : {
          "href" : "http://localhost/api/contacts/2173_0"
        },
        "master" : {
          "href" : "http://localhost/api/contacts/2173_0/master"
        }
      }
    }, {
      "inputUserId" : "QSA",
      "lastUpdateUserId" : "QSA",
      "computerId" : "GLSVR171217",
      "lastSynchronizedDate" : null,
      "addressNumber" : "2174",
      "sequence" : 0,
      "name" : "Pioner",
      "mailingName" : "Pioner",
      "description" : "",
      "firstName" : "",
      "middleName" : "",
      "lastName" : "",
      "nickname" : "",
      "salutation" : "",
      "gender" : "",
      "type" : "C",
      "religion" : "",
      "dateOfBirth" : null,
      "placeOfBirth" : "",
      "socialSecurityNumber" : "",
      "socialSecurityDate" : null,
      "mediaObjectReference" : "",
      "lastUpdateDateTime" : "2017-12-17T00:00:00",
      "inputDateTime" : "2017-12-17T00:00:00",
      "_links" : {
        "self" : {
          "href" : "http://localhost/api/contacts/2174_0"
        },
        "contactPerson" : {
          "href" : "http://localhost/api/contacts/2174_0"
        },
        "master" : {
          "href" : "http://localhost/api/contacts/2174_0/master"
        }
      }
    }, {
      "inputUserId" : "QSA",
      "lastUpdateUserId" : "QSA",
      "computerId" : "GLSVR171217",
      "lastSynchronizedDate" : null,
      "addressNumber" : "2175",
      "sequence" : 0,
      "name" : "Pius Hotland",
      "mailingName" : "Pius Hotland",
      "description" : "",
      "firstName" : "",
      "middleName" : "",
      "lastName" : "",
      "nickname" : "",
      "salutation" : "",
      "gender" : "",
      "type" : "C",
      "religion" : "",
      "dateOfBirth" : null,
      "placeOfBirth" : "",
      "socialSecurityNumber" : "",
      "socialSecurityDate" : null,
      "mediaObjectReference" : "",
      "lastUpdateDateTime" : "2017-12-17T00:00:00",
      "inputDateTime" : "2017-12-17T00:00:00",
      "_links" : {
        "self" : {
          "href" : "http://localhost/api/contacts/2175_0"
        },
        "contactPerson" : {
          "href" : "http://localhost/api/contacts/2175_0"
        },
        "master" : {
          "href" : "http://localhost/api/contacts/2175_0/master"
        }
      }
    }, {
      "inputUserId" : "QSA",
      "lastUpdateUserId" : "QSA",
      "computerId" : "GLSVR171217",
      "lastSynchronizedDate" : null,
      "addressNumber" : "2176",
      "sequence" : 0,
      "name" : "Pixel Semarang",
      "mailingName" : "Pixel Semarang",
      "description" : "",
      "firstName" : "",
      "middleName" : "",
      "lastName" : "",
      "nickname" : "",
      "salutation" : "",
      "gender" : "",
      "type" : "C",
      "religion" : "",
      "dateOfBirth" : null,
      "placeOfBirth" : "",
      "socialSecurityNumber" : "",
      "socialSecurityDate" : null,
      "mediaObjectReference" : "",
      "lastUpdateDateTime" : "2017-12-17T00:00:00",
      "inputDateTime" : "2017-12-17T00:00:00",
      "_links" : {
        "self" : {
          "href" : "http://localhost/api/contacts/2176_0"
        },
        "contactPerson" : {
          "href" : "http://localhost/api/contacts/2176_0"
        },
        "master" : {
          "href" : "http://localhost/api/contacts/2176_0/master"
        }
      }
    }, {
      "inputUserId" : "QSA",
      "lastUpdateUserId" : "QSA",
      "computerId" : "GLSVR171217",
      "lastSynchronizedDate" : null,
      "addressNumber" : "2176",
      "sequence" : 1,
      "name" : "Yulia",
      "mailingName" : "Yulia",
      "description" : "",
      "firstName" : "",
      "middleName" : "",
      "lastName" : "",
      "nickname" : "",
      "salutation" : "",
      "gender" : "",
      "type" : "C",
      "religion" : "",
      "dateOfBirth" : null,
      "placeOfBirth" : "",
      "socialSecurityNumber" : "",
      "socialSecurityDate" : null,
      "mediaObjectReference" : "",
      "lastUpdateDateTime" : "2017-12-17T00:00:00",
      "inputDateTime" : "2017-12-17T00:00:00",
      "_links" : {
        "self" : {
          "href" : "http://localhost/api/contacts/2176_1"
        },
        "contactPerson" : {
          "href" : "http://localhost/api/contacts/2176_1"
        },
        "master" : {
          "href" : "http://localhost/api/contacts/2176_1/master"
        }
      }
    }, {
      "inputUserId" : "QSA",
      "lastUpdateUserId" : "QSA",
      "computerId" : "GLSVR171217",
      "lastSynchronizedDate" : null,
      "addressNumber" : "2177",
      "sequence" : 0,
      "name" : "Planet Comp",
      "mailingName" : "Planet Comp",
      "description" : "",
      "firstName" : "",
      "middleName" : "",
      "lastName" : "",
      "nickname" : "",
      "salutation" : "",
      "gender" : "",
      "type" : "C",
      "religion" : "",
      "dateOfBirth" : null,
      "placeOfBirth" : "",
      "socialSecurityNumber" : "",
      "socialSecurityDate" : null,
      "mediaObjectReference" : "",
      "lastUpdateDateTime" : "2017-12-17T00:00:00",
      "inputDateTime" : "2017-12-17T00:00:00",
      "_links" : {
        "self" : {
          "href" : "http://localhost/api/contacts/2177_0"
        },
        "contactPerson" : {
          "href" : "http://localhost/api/contacts/2177_0"
        },
        "master" : {
          "href" : "http://localhost/api/contacts/2177_0/master"
        }
      }
    }, {
      "inputUserId" : "QSA",
      "lastUpdateUserId" : "QSA",
      "computerId" : "GLSVR171217",
      "lastSynchronizedDate" : null,
      "addressNumber" : "2178",
      "sequence" : 0,
      "name" : "Planet IT",
      "mailingName" : "Planet IT",
      "description" : "",
      "firstName" : "",
      "middleName" : "",
      "lastName" : "",
      "nickname" : "",
      "salutation" : "",
      "gender" : "",
      "type" : "C",
      "religion" : "",
      "dateOfBirth" : null,
      "placeOfBirth" : "",
      "socialSecurityNumber" : "",
      "socialSecurityDate" : null,
      "mediaObjectReference" : "",
      "lastUpdateDateTime" : "2017-12-17T00:00:00",
      "inputDateTime" : "2017-12-17T00:00:00",
      "_links" : {
        "self" : {
          "href" : "http://localhost/api/contacts/2178_0"
        },
        "contactPerson" : {
          "href" : "http://localhost/api/contacts/2178_0"
        },
        "master" : {
          "href" : "http://localhost/api/contacts/2178_0/master"
        }
      }
    }, {
      "inputUserId" : "QSA",
      "lastUpdateUserId" : "QSA",
      "computerId" : "GLSVR171217",
      "lastSynchronizedDate" : null,
      "addressNumber" : "2179",
      "sequence" : 0,
      "name" : "Plasa Computer (Alfa Sparepart)",
      "mailingName" : "Plasa Computer (Alfa Sparepart)",
      "description" : "",
      "firstName" : "",
      "middleName" : "",
      "lastName" : "",
      "nickname" : "",
      "salutation" : "",
      "gender" : "",
      "type" : "C",
      "religion" : "",
      "dateOfBirth" : null,
      "placeOfBirth" : "",
      "socialSecurityNumber" : "",
      "socialSecurityDate" : null,
      "mediaObjectReference" : "",
      "lastUpdateDateTime" : "2017-12-17T00:00:00",
      "inputDateTime" : "2017-12-17T00:00:00",
      "_links" : {
        "self" : {
          "href" : "http://localhost/api/contacts/2179_0"
        },
        "contactPerson" : {
          "href" : "http://localhost/api/contacts/2179_0"
        },
        "master" : {
          "href" : "http://localhost/api/contacts/2179_0/master"
        }
      }
    }, {
      "inputUserId" : "QSA",
      "lastUpdateUserId" : "QSA",
      "computerId" : "GLSVR171217",
      "lastSynchronizedDate" : null,
      "addressNumber" : "2180",
      "sequence" : 0,
      "name" : "Platinum",
      "mailingName" : "Platinum",
      "description" : "",
      "firstName" : "",
      "middleName" : "",
      "lastName" : "",
      "nickname" : "",
      "salutation" : "",
      "gender" : "",
      "type" : "C",
      "religion" : "",
      "dateOfBirth" : null,
      "placeOfBirth" : "",
      "socialSecurityNumber" : "",
      "socialSecurityDate" : null,
      "mediaObjectReference" : "",
      "lastUpdateDateTime" : "2017-12-17T00:00:00",
      "inputDateTime" : "2017-12-17T00:00:00",
      "_links" : {
        "self" : {
          "href" : "http://localhost/api/contacts/2180_0"
        },
        "contactPerson" : {
          "href" : "http://localhost/api/contacts/2180_0"
        },
        "master" : {
          "href" : "http://localhost/api/contacts/2180_0/master"
        }
      }
    }, {
      "inputUserId" : "QSA",
      "lastUpdateUserId" : "QSA",
      "computerId" : "GLSVR171217",
      "lastSynchronizedDate" : null,
      "addressNumber" : "2181",
      "sequence" : 0,
      "name" : "PLN APP Malang",
      "mailingName" : "PLN APP Malang",
      "description" : "",
      "firstName" : "",
      "middleName" : "",
      "lastName" : "",
      "nickname" : "",
      "salutation" : "",
      "gender" : "",
      "type" : "C",
      "religion" : "",
      "dateOfBirth" : null,
      "placeOfBirth" : "",
      "socialSecurityNumber" : "",
      "socialSecurityDate" : null,
      "mediaObjectReference" : "",
      "lastUpdateDateTime" : "2017-12-17T00:00:00",
      "inputDateTime" : "2017-12-17T00:00:00",
      "_links" : {
        "self" : {
          "href" : "http://localhost/api/contacts/2181_0"
        },
        "contactPerson" : {
          "href" : "http://localhost/api/contacts/2181_0"
        },
        "master" : {
          "href" : "http://localhost/api/contacts/2181_0/master"
        }
      }
    }, {
      "inputUserId" : "QSA",
      "lastUpdateUserId" : "QSA",
      "computerId" : "GLSVR171217",
      "lastSynchronizedDate" : null,
      "addressNumber" : "2182",
      "sequence" : 0,
      "name" : "PLN Bojonegoro",
      "mailingName" : "PLN Bojonegoro",
      "description" : "",
      "firstName" : "",
      "middleName" : "",
      "lastName" : "",
      "nickname" : "",
      "salutation" : "",
      "gender" : "",
      "type" : "C",
      "religion" : "",
      "dateOfBirth" : null,
      "placeOfBirth" : "",
      "socialSecurityNumber" : "",
      "socialSecurityDate" : null,
      "mediaObjectReference" : "",
      "lastUpdateDateTime" : "2017-12-17T00:00:00",
      "inputDateTime" : "2017-12-17T00:00:00",
      "_links" : {
        "self" : {
          "href" : "http://localhost/api/contacts/2182_0"
        },
        "contactPerson" : {
          "href" : "http://localhost/api/contacts/2182_0"
        },
        "master" : {
          "href" : "http://localhost/api/contacts/2182_0/master"
        }
      }
    }, {
      "inputUserId" : "QSA",
      "lastUpdateUserId" : "QSA",
      "computerId" : "GLSVR171217",
      "lastSynchronizedDate" : null,
      "addressNumber" : "2183",
      "sequence" : 0,
      "name" : "PLN Embong Wungu",
      "mailingName" : "PLN Embong Wungu",
      "description" : "",
      "firstName" : "",
      "middleName" : "",
      "lastName" : "",
      "nickname" : "",
      "salutation" : "",
      "gender" : "",
      "type" : "C",
      "religion" : "",
      "dateOfBirth" : null,
      "placeOfBirth" : "",
      "socialSecurityNumber" : "",
      "socialSecurityDate" : null,
      "mediaObjectReference" : "",
      "lastUpdateDateTime" : "2017-12-17T00:00:00",
      "inputDateTime" : "2017-12-17T00:00:00",
      "_links" : {
        "self" : {
          "href" : "http://localhost/api/contacts/2183_0"
        },
        "contactPerson" : {
          "href" : "http://localhost/api/contacts/2183_0"
        },
        "master" : {
          "href" : "http://localhost/api/contacts/2183_0/master"
        }
      }
    }, {
      "inputUserId" : "QSA",
      "lastUpdateUserId" : "QSA",
      "computerId" : "GLSVR171217",
      "lastSynchronizedDate" : null,
      "addressNumber" : "2184",
      "sequence" : 0,
      "name" : "Plustech Komputer",
      "mailingName" : "Plustech Komputer",
      "description" : "",
      "firstName" : "",
      "middleName" : "",
      "lastName" : "",
      "nickname" : "",
      "salutation" : "",
      "gender" : "",
      "type" : "C",
      "religion" : "",
      "dateOfBirth" : null,
      "placeOfBirth" : "",
      "socialSecurityNumber" : "",
      "socialSecurityDate" : null,
      "mediaObjectReference" : "",
      "lastUpdateDateTime" : "2017-12-17T00:00:00",
      "inputDateTime" : "2017-12-17T00:00:00",
      "_links" : {
        "self" : {
          "href" : "http://localhost/api/contacts/2184_0"
        },
        "contactPerson" : {
          "href" : "http://localhost/api/contacts/2184_0"
        },
        "master" : {
          "href" : "http://localhost/api/contacts/2184_0/master"
        }
      }
    }, {
      "inputUserId" : "QSA",
      "lastUpdateUserId" : "QSA",
      "computerId" : "GLSVR171217",
      "lastSynchronizedDate" : null,
      "addressNumber" : "2185",
      "sequence" : 0,
      "name" : "PNM Bojonegoro",
      "mailingName" : "PNM Bojonegoro",
      "description" : "",
      "firstName" : "",
      "middleName" : "",
      "lastName" : "",
      "nickname" : "",
      "salutation" : "",
      "gender" : "",
      "type" : "C",
      "religion" : "",
      "dateOfBirth" : null,
      "placeOfBirth" : "",
      "socialSecurityNumber" : "",
      "socialSecurityDate" : null,
      "mediaObjectReference" : "",
      "lastUpdateDateTime" : "2017-12-17T00:00:00",
      "inputDateTime" : "2017-12-17T00:00:00",
      "_links" : {
        "self" : {
          "href" : "http://localhost/api/contacts/2185_0"
        },
        "contactPerson" : {
          "href" : "http://localhost/api/contacts/2185_0"
        },
        "master" : {
          "href" : "http://localhost/api/contacts/2185_0/master"
        }
      }
    }, {
      "inputUserId" : "QSA",
      "lastUpdateUserId" : "QSA",
      "computerId" : "GLSVR171217",
      "lastSynchronizedDate" : null,
      "addressNumber" : "2186",
      "sequence" : 0,
      "name" : "Pojok Hitech",
      "mailingName" : "Pojok Hitech",
      "description" : "",
      "firstName" : "",
      "middleName" : "",
      "lastName" : "",
      "nickname" : "",
      "salutation" : "",
      "gender" : "",
      "type" : "C",
      "religion" : "",
      "dateOfBirth" : null,
      "placeOfBirth" : "",
      "socialSecurityNumber" : "",
      "socialSecurityDate" : null,
      "mediaObjectReference" : "",
      "lastUpdateDateTime" : "2017-12-17T00:00:00",
      "inputDateTime" : "2017-12-17T00:00:00",
      "_links" : {
        "self" : {
          "href" : "http://localhost/api/contacts/2186_0"
        },
        "contactPerson" : {
          "href" : "http://localhost/api/contacts/2186_0"
        },
        "master" : {
          "href" : "http://localhost/api/contacts/2186_0/master"
        }
      }
    }, {
      "inputUserId" : "QSA",
      "lastUpdateUserId" : "QSA",
      "computerId" : "GLSVR171217",
      "lastSynchronizedDate" : null,
      "addressNumber" : "2187",
      "sequence" : 0,
      "name" : "Polsek Sukolilo",
      "mailingName" : "Polsek Sukolilo",
      "description" : "",
      "firstName" : "",
      "middleName" : "",
      "lastName" : "",
      "nickname" : "",
      "salutation" : "",
      "gender" : "",
      "type" : "C",
      "religion" : "",
      "dateOfBirth" : null,
      "placeOfBirth" : "",
      "socialSecurityNumber" : "",
      "socialSecurityDate" : null,
      "mediaObjectReference" : "",
      "lastUpdateDateTime" : "2017-12-17T00:00:00",
      "inputDateTime" : "2017-12-17T00:00:00",
      "_links" : {
        "self" : {
          "href" : "http://localhost/api/contacts/2187_0"
        },
        "contactPerson" : {
          "href" : "http://localhost/api/contacts/2187_0"
        },
        "master" : {
          "href" : "http://localhost/api/contacts/2187_0/master"
        }
      }
    }, {
      "inputUserId" : "QSA",
      "lastUpdateUserId" : "QSA",
      "computerId" : "GLSVR171217",
      "lastSynchronizedDate" : null,
      "addressNumber" : "2188",
      "sequence" : 0,
      "name" : "Poseidon",
      "mailingName" : "Poseidon",
      "description" : "",
      "firstName" : "",
      "middleName" : "",
      "lastName" : "",
      "nickname" : "",
      "salutation" : "",
      "gender" : "",
      "type" : "C",
      "religion" : "",
      "dateOfBirth" : null,
      "placeOfBirth" : "",
      "socialSecurityNumber" : "",
      "socialSecurityDate" : null,
      "mediaObjectReference" : "",
      "lastUpdateDateTime" : "2017-12-17T00:00:00",
      "inputDateTime" : "2017-12-17T00:00:00",
      "_links" : {
        "self" : {
          "href" : "http://localhost/api/contacts/2188_0"
        },
        "contactPerson" : {
          "href" : "http://localhost/api/contacts/2188_0"
        },
        "master" : {
          "href" : "http://localhost/api/contacts/2188_0/master"
        }
      }
    }, {
      "inputUserId" : "QSA",
      "lastUpdateUserId" : "QSA",
      "computerId" : "GLSVR171217",
      "lastSynchronizedDate" : null,
      "addressNumber" : "2189",
      "sequence" : 0,
      "name" : "Prambanan Metalindo",
      "mailingName" : "Prambanan Metalindo",
      "description" : "",
      "firstName" : "",
      "middleName" : "",
      "lastName" : "",
      "nickname" : "",
      "salutation" : "",
      "gender" : "",
      "type" : "C",
      "religion" : "",
      "dateOfBirth" : null,
      "placeOfBirth" : "",
      "socialSecurityNumber" : "",
      "socialSecurityDate" : null,
      "mediaObjectReference" : "",
      "lastUpdateDateTime" : "2017-12-17T00:00:00",
      "inputDateTime" : "2017-12-17T00:00:00",
      "_links" : {
        "self" : {
          "href" : "http://localhost/api/contacts/2189_0"
        },
        "contactPerson" : {
          "href" : "http://localhost/api/contacts/2189_0"
        },
        "master" : {
          "href" : "http://localhost/api/contacts/2189_0/master"
        }
      }
    }, {
      "inputUserId" : "QSA",
      "lastUpdateUserId" : "QSA",
      "computerId" : "GLSVR171217",
      "lastSynchronizedDate" : null,
      "addressNumber" : "2190",
      "sequence" : 0,
      "name" : "Pramita Lab",
      "mailingName" : "Pramita Lab",
      "description" : "",
      "firstName" : "",
      "middleName" : "",
      "lastName" : "",
      "nickname" : "",
      "salutation" : "",
      "gender" : "",
      "type" : "C",
      "religion" : "",
      "dateOfBirth" : null,
      "placeOfBirth" : "",
      "socialSecurityNumber" : "",
      "socialSecurityDate" : null,
      "mediaObjectReference" : "",
      "lastUpdateDateTime" : "2017-12-17T00:00:00",
      "inputDateTime" : "2017-12-17T00:00:00",
      "_links" : {
        "self" : {
          "href" : "http://localhost/api/contacts/2190_0"
        },
        "contactPerson" : {
          "href" : "http://localhost/api/contacts/2190_0"
        },
        "master" : {
          "href" : "http://localhost/api/contacts/2190_0/master"
        }
      }
    }, {
      "inputUserId" : "QSA",
      "lastUpdateUserId" : "QSA",
      "computerId" : "GLSVR171217",
      "lastSynchronizedDate" : null,
      "addressNumber" : "2191",
      "sequence" : 0,
      "name" : "Prasasti Computer",
      "mailingName" : "Prasasti Computer",
      "description" : "",
      "firstName" : "",
      "middleName" : "",
      "lastName" : "",
      "nickname" : "",
      "salutation" : "",
      "gender" : "",
      "type" : "C",
      "religion" : "",
      "dateOfBirth" : null,
      "placeOfBirth" : "",
      "socialSecurityNumber" : "",
      "socialSecurityDate" : null,
      "mediaObjectReference" : "",
      "lastUpdateDateTime" : "2017-12-17T00:00:00",
      "inputDateTime" : "2017-12-17T00:00:00",
      "_links" : {
        "self" : {
          "href" : "http://localhost/api/contacts/2191_0"
        },
        "contactPerson" : {
          "href" : "http://localhost/api/contacts/2191_0"
        },
        "master" : {
          "href" : "http://localhost/api/contacts/2191_0/master"
        }
      }
    }, {
      "inputUserId" : "QSA",
      "lastUpdateUserId" : "QSA",
      "computerId" : "GLSVR171217",
      "lastSynchronizedDate" : null,
      "addressNumber" : "2192",
      "sequence" : 0,
      "name" : "Prasetyo Widodo",
      "mailingName" : "Prasetyo Widodo",
      "description" : "",
      "firstName" : "",
      "middleName" : "",
      "lastName" : "",
      "nickname" : "",
      "salutation" : "",
      "gender" : "",
      "type" : "C",
      "religion" : "",
      "dateOfBirth" : null,
      "placeOfBirth" : "",
      "socialSecurityNumber" : "",
      "socialSecurityDate" : null,
      "mediaObjectReference" : "",
      "lastUpdateDateTime" : "2017-12-17T00:00:00",
      "inputDateTime" : "2017-12-17T00:00:00",
      "_links" : {
        "self" : {
          "href" : "http://localhost/api/contacts/2192_0"
        },
        "contactPerson" : {
          "href" : "http://localhost/api/contacts/2192_0"
        },
        "master" : {
          "href" : "http://localhost/api/contacts/2192_0/master"
        }
      }
    }, {
      "inputUserId" : "QSA",
      "lastUpdateUserId" : "QSA",
      "computerId" : "GLSVR171217",
      "lastSynchronizedDate" : null,
      "addressNumber" : "2193",
      "sequence" : 0,
      "name" : "Pratama",
      "mailingName" : "Pratama",
      "description" : "",
      "firstName" : "",
      "middleName" : "",
      "lastName" : "",
      "nickname" : "",
      "salutation" : "",
      "gender" : "",
      "type" : "C",
      "religion" : "",
      "dateOfBirth" : null,
      "placeOfBirth" : "",
      "socialSecurityNumber" : "",
      "socialSecurityDate" : null,
      "mediaObjectReference" : "",
      "lastUpdateDateTime" : "2017-12-17T00:00:00",
      "inputDateTime" : "2017-12-17T00:00:00",
      "_links" : {
        "self" : {
          "href" : "http://localhost/api/contacts/2193_0"
        },
        "contactPerson" : {
          "href" : "http://localhost/api/contacts/2193_0"
        },
        "master" : {
          "href" : "http://localhost/api/contacts/2193_0/master"
        }
      }
    }, {
      "inputUserId" : "QSA",
      "lastUpdateUserId" : "QSA",
      "computerId" : "GLSVR171217",
      "lastSynchronizedDate" : null,
      "addressNumber" : "2194",
      "sequence" : 0,
      "name" : "Pratanu",
      "mailingName" : "Pratanu",
      "description" : "",
      "firstName" : "",
      "middleName" : "",
      "lastName" : "",
      "nickname" : "",
      "salutation" : "",
      "gender" : "",
      "type" : "C",
      "religion" : "",
      "dateOfBirth" : null,
      "placeOfBirth" : "",
      "socialSecurityNumber" : "",
      "socialSecurityDate" : null,
      "mediaObjectReference" : "",
      "lastUpdateDateTime" : "2017-12-17T00:00:00",
      "inputDateTime" : "2017-12-17T00:00:00",
      "_links" : {
        "self" : {
          "href" : "http://localhost/api/contacts/2194_0"
        },
        "contactPerson" : {
          "href" : "http://localhost/api/contacts/2194_0"
        },
        "master" : {
          "href" : "http://localhost/api/contacts/2194_0/master"
        }
      }
    }, {
      "inputUserId" : "QSA",
      "lastUpdateUserId" : "QSA",
      "computerId" : "GLSVR171217",
      "lastSynchronizedDate" : null,
      "addressNumber" : "2195",
      "sequence" : 0,
      "name" : "Prijanto",
      "mailingName" : "Prijanto",
      "description" : "",
      "firstName" : "",
      "middleName" : "",
      "lastName" : "",
      "nickname" : "",
      "salutation" : "",
      "gender" : "",
      "type" : "C",
      "religion" : "",
      "dateOfBirth" : null,
      "placeOfBirth" : "",
      "socialSecurityNumber" : "",
      "socialSecurityDate" : null,
      "mediaObjectReference" : "",
      "lastUpdateDateTime" : "2017-12-17T00:00:00",
      "inputDateTime" : "2017-12-17T00:00:00",
      "_links" : {
        "self" : {
          "href" : "http://localhost/api/contacts/2195_0"
        },
        "contactPerson" : {
          "href" : "http://localhost/api/contacts/2195_0"
        },
        "master" : {
          "href" : "http://localhost/api/contacts/2195_0/master"
        }
      }
    }, {
      "inputUserId" : "QSA",
      "lastUpdateUserId" : "QSA",
      "computerId" : "GLSVR171217",
      "lastSynchronizedDate" : null,
      "addressNumber" : "2196",
      "sequence" : 0,
      "name" : "Print Computer",
      "mailingName" : "Print Computer",
      "description" : "",
      "firstName" : "",
      "middleName" : "",
      "lastName" : "",
      "nickname" : "",
      "salutation" : "",
      "gender" : "",
      "type" : "C",
      "religion" : "",
      "dateOfBirth" : null,
      "placeOfBirth" : "",
      "socialSecurityNumber" : "",
      "socialSecurityDate" : null,
      "mediaObjectReference" : "",
      "lastUpdateDateTime" : "2017-12-17T00:00:00",
      "inputDateTime" : "2017-12-17T00:00:00",
      "_links" : {
        "self" : {
          "href" : "http://localhost/api/contacts/2196_0"
        },
        "contactPerson" : {
          "href" : "http://localhost/api/contacts/2196_0"
        },
        "master" : {
          "href" : "http://localhost/api/contacts/2196_0/master"
        }
      }
    }, {
      "inputUserId" : "QSA",
      "lastUpdateUserId" : "QSA",
      "computerId" : "GLSVR171217",
      "lastSynchronizedDate" : null,
      "addressNumber" : "2197",
      "sequence" : 0,
      "name" : "Prisma Comp",
      "mailingName" : "Prisma Comp",
      "description" : "",
      "firstName" : "",
      "middleName" : "",
      "lastName" : "",
      "nickname" : "",
      "salutation" : "",
      "gender" : "",
      "type" : "C",
      "religion" : "",
      "dateOfBirth" : null,
      "placeOfBirth" : "",
      "socialSecurityNumber" : "",
      "socialSecurityDate" : null,
      "mediaObjectReference" : "",
      "lastUpdateDateTime" : "2017-12-17T00:00:00",
      "inputDateTime" : "2017-12-17T00:00:00",
      "_links" : {
        "self" : {
          "href" : "http://localhost/api/contacts/2197_0"
        },
        "contactPerson" : {
          "href" : "http://localhost/api/contacts/2197_0"
        },
        "master" : {
          "href" : "http://localhost/api/contacts/2197_0/master"
        }
      }
    }, {
      "inputUserId" : "QSA",
      "lastUpdateUserId" : "QSA",
      "computerId" : "GLSVR171217",
      "lastSynchronizedDate" : null,
      "addressNumber" : "2198",
      "sequence" : 0,
      "name" : "Prisma Computer",
      "mailingName" : "Prisma Computer",
      "description" : "",
      "firstName" : "",
      "middleName" : "",
      "lastName" : "",
      "nickname" : "",
      "salutation" : "",
      "gender" : "",
      "type" : "C",
      "religion" : "",
      "dateOfBirth" : null,
      "placeOfBirth" : "",
      "socialSecurityNumber" : "",
      "socialSecurityDate" : null,
      "mediaObjectReference" : "",
      "lastUpdateDateTime" : "2017-12-17T00:00:00",
      "inputDateTime" : "2017-12-17T00:00:00",
      "_links" : {
        "self" : {
          "href" : "http://localhost/api/contacts/2198_0"
        },
        "contactPerson" : {
          "href" : "http://localhost/api/contacts/2198_0"
        },
        "master" : {
          "href" : "http://localhost/api/contacts/2198_0/master"
        }
      }
    }, {
      "inputUserId" : "QSA",
      "lastUpdateUserId" : "QSA",
      "computerId" : "GLSVR171217",
      "lastSynchronizedDate" : null,
      "addressNumber" : "2199",
      "sequence" : 0,
      "name" : "Priyanto",
      "mailingName" : "Priyanto",
      "description" : "",
      "firstName" : "",
      "middleName" : "",
      "lastName" : "",
      "nickname" : "",
      "salutation" : "",
      "gender" : "",
      "type" : "C",
      "religion" : "",
      "dateOfBirth" : null,
      "placeOfBirth" : "",
      "socialSecurityNumber" : "",
      "socialSecurityDate" : null,
      "mediaObjectReference" : "",
      "lastUpdateDateTime" : "2017-12-17T00:00:00",
      "inputDateTime" : "2017-12-17T00:00:00",
      "_links" : {
        "self" : {
          "href" : "http://localhost/api/contacts/2199_0"
        },
        "contactPerson" : {
          "href" : "http://localhost/api/contacts/2199_0"
        },
        "master" : {
          "href" : "http://localhost/api/contacts/2199_0/master"
        }
      }
    }, {
      "inputUserId" : "QSA",
      "lastUpdateUserId" : "QSA",
      "computerId" : "GLSVR171217",
      "lastSynchronizedDate" : null,
      "addressNumber" : "2200",
      "sequence" : 0,
      "name" : "Prologic",
      "mailingName" : "Prologic",
      "description" : "",
      "firstName" : "",
      "middleName" : "",
      "lastName" : "",
      "nickname" : "",
      "salutation" : "",
      "gender" : "",
      "type" : "C",
      "religion" : "",
      "dateOfBirth" : null,
      "placeOfBirth" : "",
      "socialSecurityNumber" : "",
      "socialSecurityDate" : null,
      "mediaObjectReference" : "",
      "lastUpdateDateTime" : "2017-12-17T00:00:00",
      "inputDateTime" : "2017-12-17T00:00:00",
      "_links" : {
        "self" : {
          "href" : "http://localhost/api/contacts/2200_0"
        },
        "contactPerson" : {
          "href" : "http://localhost/api/contacts/2200_0"
        },
        "master" : {
          "href" : "http://localhost/api/contacts/2200_0/master"
        }
      }
    }, {
      "inputUserId" : "QSA",
      "lastUpdateUserId" : "QSA",
      "computerId" : "GLSVR171217",
      "lastSynchronizedDate" : null,
      "addressNumber" : "2201",
      "sequence" : 0,
      "name" : "Protech Solution",
      "mailingName" : "Protech Solution",
      "description" : "",
      "firstName" : "",
      "middleName" : "",
      "lastName" : "",
      "nickname" : "",
      "salutation" : "",
      "gender" : "",
      "type" : "C",
      "religion" : "",
      "dateOfBirth" : null,
      "placeOfBirth" : "",
      "socialSecurityNumber" : "",
      "socialSecurityDate" : null,
      "mediaObjectReference" : "",
      "lastUpdateDateTime" : "2017-12-17T00:00:00",
      "inputDateTime" : "2017-12-17T00:00:00",
      "_links" : {
        "self" : {
          "href" : "http://localhost/api/contacts/2201_0"
        },
        "contactPerson" : {
          "href" : "http://localhost/api/contacts/2201_0"
        },
        "master" : {
          "href" : "http://localhost/api/contacts/2201_0/master"
        }
      }
    }, {
      "inputUserId" : "QSA",
      "lastUpdateUserId" : "QSA",
      "computerId" : "GLSVR171217",
      "lastSynchronizedDate" : null,
      "addressNumber" : "2202",
      "sequence" : 0,
      "name" : "Proyek Semen Kupang",
      "mailingName" : "Proyek Semen Kupang",
      "description" : "",
      "firstName" : "",
      "middleName" : "",
      "lastName" : "",
      "nickname" : "",
      "salutation" : "",
      "gender" : "",
      "type" : "C",
      "religion" : "",
      "dateOfBirth" : null,
      "placeOfBirth" : "",
      "socialSecurityNumber" : "",
      "socialSecurityDate" : null,
      "mediaObjectReference" : "",
      "lastUpdateDateTime" : "2017-12-17T00:00:00",
      "inputDateTime" : "2017-12-17T00:00:00",
      "_links" : {
        "self" : {
          "href" : "http://localhost/api/contacts/2202_0"
        },
        "contactPerson" : {
          "href" : "http://localhost/api/contacts/2202_0"
        },
        "master" : {
          "href" : "http://localhost/api/contacts/2202_0/master"
        }
      }
    }, {
      "inputUserId" : "QSA",
      "lastUpdateUserId" : "QSA",
      "computerId" : "GLSVR171217",
      "lastSynchronizedDate" : null,
      "addressNumber" : "2203",
      "sequence" : 0,
      "name" : "PT Asuka Engineering",
      "mailingName" : "PT Asuka Engineering",
      "description" : "",
      "firstName" : "",
      "middleName" : "",
      "lastName" : "",
      "nickname" : "",
      "salutation" : "",
      "gender" : "",
      "type" : "C",
      "religion" : "",
      "dateOfBirth" : null,
      "placeOfBirth" : "",
      "socialSecurityNumber" : "",
      "socialSecurityDate" : null,
      "mediaObjectReference" : "",
      "lastUpdateDateTime" : "2017-12-17T00:00:00",
      "inputDateTime" : "2017-12-17T00:00:00",
      "_links" : {
        "self" : {
          "href" : "http://localhost/api/contacts/2203_0"
        },
        "contactPerson" : {
          "href" : "http://localhost/api/contacts/2203_0"
        },
        "master" : {
          "href" : "http://localhost/api/contacts/2203_0/master"
        }
      }
    }, {
      "inputUserId" : "QSA",
      "lastUpdateUserId" : "QSA",
      "computerId" : "GLSVR171217",
      "lastSynchronizedDate" : null,
      "addressNumber" : "2204",
      "sequence" : 0,
      "name" : "PT Borwita",
      "mailingName" : "PT Borwita",
      "description" : "",
      "firstName" : "",
      "middleName" : "",
      "lastName" : "",
      "nickname" : "",
      "salutation" : "",
      "gender" : "",
      "type" : "C",
      "religion" : "",
      "dateOfBirth" : null,
      "placeOfBirth" : "",
      "socialSecurityNumber" : "",
      "socialSecurityDate" : null,
      "mediaObjectReference" : "",
      "lastUpdateDateTime" : "2017-12-17T00:00:00",
      "inputDateTime" : "2017-12-17T00:00:00",
      "_links" : {
        "self" : {
          "href" : "http://localhost/api/contacts/2204_0"
        },
        "contactPerson" : {
          "href" : "http://localhost/api/contacts/2204_0"
        },
        "master" : {
          "href" : "http://localhost/api/contacts/2204_0/master"
        }
      }
    }, {
      "inputUserId" : "QSA",
      "lastUpdateUserId" : "QSA",
      "computerId" : "GLSVR171217",
      "lastSynchronizedDate" : null,
      "addressNumber" : "2205",
      "sequence" : 0,
      "name" : "PT Drillsys Indonesia",
      "mailingName" : "PT Drillsys Indonesia",
      "description" : "",
      "firstName" : "",
      "middleName" : "",
      "lastName" : "",
      "nickname" : "",
      "salutation" : "",
      "gender" : "",
      "type" : "C",
      "religion" : "",
      "dateOfBirth" : null,
      "placeOfBirth" : "",
      "socialSecurityNumber" : "",
      "socialSecurityDate" : null,
      "mediaObjectReference" : "",
      "lastUpdateDateTime" : "2017-12-17T00:00:00",
      "inputDateTime" : "2017-12-17T00:00:00",
      "_links" : {
        "self" : {
          "href" : "http://localhost/api/contacts/2205_0"
        },
        "contactPerson" : {
          "href" : "http://localhost/api/contacts/2205_0"
        },
        "master" : {
          "href" : "http://localhost/api/contacts/2205_0/master"
        }
      }
    }, {
      "inputUserId" : "QSA",
      "lastUpdateUserId" : "ANTHONI",
      "computerId" : "GLSVR171217",
      "lastSynchronizedDate" : null,
      "addressNumber" : "2206",
      "sequence" : 0,
      "name" : "PT Hewlett Packard Indonesia",
      "mailingName" : "PT Hewlett Packard Indonesia",
      "description" : "",
      "firstName" : "",
      "middleName" : "",
      "lastName" : "",
      "nickname" : "",
      "salutation" : "",
      "gender" : "",
      "type" : "C",
      "religion" : "",
      "dateOfBirth" : null,
      "placeOfBirth" : "",
      "socialSecurityNumber" : "",
      "socialSecurityDate" : null,
      "mediaObjectReference" : "",
      "lastUpdateDateTime" : "2018-04-16T13:23:01",
      "inputDateTime" : "2017-12-17T00:00:00",
      "_links" : {
        "self" : {
          "href" : "http://localhost/api/contacts/2206_0"
        },
        "contactPerson" : {
          "href" : "http://localhost/api/contacts/2206_0"
        },
        "master" : {
          "href" : "http://localhost/api/contacts/2206_0/master"
        }
      }
    }, {
      "inputUserId" : "QSA",
      "lastUpdateUserId" : "QSA",
      "computerId" : "GLSVR171217",
      "lastSynchronizedDate" : null,
      "addressNumber" : "2207",
      "sequence" : 0,
      "name" : "PT AGI",
      "mailingName" : "PT AGI",
      "description" : "",
      "firstName" : "",
      "middleName" : "",
      "lastName" : "",
      "nickname" : "",
      "salutation" : "",
      "gender" : "",
      "type" : "C",
      "religion" : "",
      "dateOfBirth" : null,
      "placeOfBirth" : "",
      "socialSecurityNumber" : "",
      "socialSecurityDate" : null,
      "mediaObjectReference" : "",
      "lastUpdateDateTime" : "2017-12-17T00:00:00",
      "inputDateTime" : "2017-12-17T00:00:00",
      "_links" : {
        "self" : {
          "href" : "http://localhost/api/contacts/2207_0"
        },
        "contactPerson" : {
          "href" : "http://localhost/api/contacts/2207_0"
        },
        "master" : {
          "href" : "http://localhost/api/contacts/2207_0/master"
        }
      }
    }, {
      "inputUserId" : "QSA",
      "lastUpdateUserId" : "QSA",
      "computerId" : "GLSVR171217",
      "lastSynchronizedDate" : null,
      "addressNumber" : "2208",
      "sequence" : 0,
      "name" : "PT ARTHA INFOTAMA",
      "mailingName" : "PT ARTHA INFOTAMA",
      "description" : "",
      "firstName" : "",
      "middleName" : "",
      "lastName" : "",
      "nickname" : "",
      "salutation" : "",
      "gender" : "",
      "type" : "C",
      "religion" : "",
      "dateOfBirth" : null,
      "placeOfBirth" : "",
      "socialSecurityNumber" : "",
      "socialSecurityDate" : null,
      "mediaObjectReference" : "",
      "lastUpdateDateTime" : "2017-12-17T00:00:00",
      "inputDateTime" : "2017-12-17T00:00:00",
      "_links" : {
        "self" : {
          "href" : "http://localhost/api/contacts/2208_0"
        },
        "contactPerson" : {
          "href" : "http://localhost/api/contacts/2208_0"
        },
        "master" : {
          "href" : "http://localhost/api/contacts/2208_0/master"
        }
      }
    }, {
      "inputUserId" : "QSA",
      "lastUpdateUserId" : "QSA",
      "computerId" : "GLSVR171217",
      "lastSynchronizedDate" : null,
      "addressNumber" : "2209",
      "sequence" : 0,
      "name" : "PT Fugui Flour & Grain Indonesia",
      "mailingName" : "PT Fugui Flour & Grain Indonesia",
      "description" : "",
      "firstName" : "",
      "middleName" : "",
      "lastName" : "",
      "nickname" : "",
      "salutation" : "",
      "gender" : "",
      "type" : "C",
      "religion" : "",
      "dateOfBirth" : null,
      "placeOfBirth" : "",
      "socialSecurityNumber" : "",
      "socialSecurityDate" : null,
      "mediaObjectReference" : "",
      "lastUpdateDateTime" : "2017-12-17T00:00:00",
      "inputDateTime" : "2017-12-17T00:00:00",
      "_links" : {
        "self" : {
          "href" : "http://localhost/api/contacts/2209_0"
        },
        "contactPerson" : {
          "href" : "http://localhost/api/contacts/2209_0"
        },
        "master" : {
          "href" : "http://localhost/api/contacts/2209_0/master"
        }
      }
    }, {
      "inputUserId" : "QSA",
      "lastUpdateUserId" : "QSA",
      "computerId" : "GLSVR171217",
      "lastSynchronizedDate" : null,
      "addressNumber" : "2210",
      "sequence" : 0,
      "name" : "PT Indo Mega Vision",
      "mailingName" : "PT Indo Mega Vision",
      "description" : "",
      "firstName" : "",
      "middleName" : "",
      "lastName" : "",
      "nickname" : "",
      "salutation" : "",
      "gender" : "",
      "type" : "C",
      "religion" : "",
      "dateOfBirth" : null,
      "placeOfBirth" : "",
      "socialSecurityNumber" : "",
      "socialSecurityDate" : null,
      "mediaObjectReference" : "",
      "lastUpdateDateTime" : "2017-12-17T00:00:00",
      "inputDateTime" : "2017-12-17T00:00:00",
      "_links" : {
        "self" : {
          "href" : "http://localhost/api/contacts/2210_0"
        },
        "contactPerson" : {
          "href" : "http://localhost/api/contacts/2210_0"
        },
        "master" : {
          "href" : "http://localhost/api/contacts/2210_0/master"
        }
      }
    }, {
      "inputUserId" : "QSA",
      "lastUpdateUserId" : "QSA",
      "computerId" : "GLSVR171217",
      "lastSynchronizedDate" : null,
      "addressNumber" : "2211",
      "sequence" : 0,
      "name" : "PT Keong Nusantara Abadi",
      "mailingName" : "PT Keong Nusantara Abadi",
      "description" : "",
      "firstName" : "",
      "middleName" : "",
      "lastName" : "",
      "nickname" : "",
      "salutation" : "",
      "gender" : "",
      "type" : "C",
      "religion" : "",
      "dateOfBirth" : null,
      "placeOfBirth" : "",
      "socialSecurityNumber" : "",
      "socialSecurityDate" : null,
      "mediaObjectReference" : "",
      "lastUpdateDateTime" : "2017-12-17T00:00:00",
      "inputDateTime" : "2017-12-17T00:00:00",
      "_links" : {
        "self" : {
          "href" : "http://localhost/api/contacts/2211_0"
        },
        "contactPerson" : {
          "href" : "http://localhost/api/contacts/2211_0"
        },
        "master" : {
          "href" : "http://localhost/api/contacts/2211_0/master"
        }
      }
    }, {
      "inputUserId" : "QSA",
      "lastUpdateUserId" : "QSA",
      "computerId" : "GLSVR171217",
      "lastSynchronizedDate" : null,
      "addressNumber" : "2212",
      "sequence" : 0,
      "name" : "PT MSS",
      "mailingName" : "PT MSS",
      "description" : "",
      "firstName" : "",
      "middleName" : "",
      "lastName" : "",
      "nickname" : "",
      "salutation" : "",
      "gender" : "",
      "type" : "C",
      "religion" : "",
      "dateOfBirth" : null,
      "placeOfBirth" : "",
      "socialSecurityNumber" : "",
      "socialSecurityDate" : null,
      "mediaObjectReference" : "",
      "lastUpdateDateTime" : "2017-12-17T00:00:00",
      "inputDateTime" : "2017-12-17T00:00:00",
      "_links" : {
        "self" : {
          "href" : "http://localhost/api/contacts/2212_0"
        },
        "contactPerson" : {
          "href" : "http://localhost/api/contacts/2212_0"
        },
        "master" : {
          "href" : "http://localhost/api/contacts/2212_0/master"
        }
      }
    }, {
      "inputUserId" : "QSA",
      "lastUpdateUserId" : "QSA",
      "computerId" : "GLSVR171217",
      "lastSynchronizedDate" : null,
      "addressNumber" : "2213",
      "sequence" : 0,
      "name" : "PT Pusaktama",
      "mailingName" : "PT Pusaktama",
      "description" : "",
      "firstName" : "",
      "middleName" : "",
      "lastName" : "",
      "nickname" : "",
      "salutation" : "",
      "gender" : "",
      "type" : "C",
      "religion" : "",
      "dateOfBirth" : null,
      "placeOfBirth" : "",
      "socialSecurityNumber" : "",
      "socialSecurityDate" : null,
      "mediaObjectReference" : "",
      "lastUpdateDateTime" : "2017-12-17T00:00:00",
      "inputDateTime" : "2017-12-17T00:00:00",
      "_links" : {
        "self" : {
          "href" : "http://localhost/api/contacts/2213_0"
        },
        "contactPerson" : {
          "href" : "http://localhost/api/contacts/2213_0"
        },
        "master" : {
          "href" : "http://localhost/api/contacts/2213_0/master"
        }
      }
    }, {
      "inputUserId" : "QSA",
      "lastUpdateUserId" : "QSA",
      "computerId" : "GLSVR171217",
      "lastSynchronizedDate" : null,
      "addressNumber" : "2214",
      "sequence" : 0,
      "name" : "PT SINAR PERMATA GLOBAL",
      "mailingName" : "PT SINAR PERMATA GLOBAL",
      "description" : "",
      "firstName" : "",
      "middleName" : "",
      "lastName" : "",
      "nickname" : "",
      "salutation" : "",
      "gender" : "",
      "type" : "C",
      "religion" : "",
      "dateOfBirth" : null,
      "placeOfBirth" : "",
      "socialSecurityNumber" : "",
      "socialSecurityDate" : null,
      "mediaObjectReference" : "",
      "lastUpdateDateTime" : "2017-12-17T00:00:00",
      "inputDateTime" : "2017-12-17T00:00:00",
      "_links" : {
        "self" : {
          "href" : "http://localhost/api/contacts/2214_0"
        },
        "contactPerson" : {
          "href" : "http://localhost/api/contacts/2214_0"
        },
        "master" : {
          "href" : "http://localhost/api/contacts/2214_0/master"
        }
      }
    }, {
      "inputUserId" : "QSA",
      "lastUpdateUserId" : "QSA",
      "computerId" : "GLSVR171217",
      "lastSynchronizedDate" : null,
      "addressNumber" : "2215",
      "sequence" : 0,
      "name" : "PT Welco",
      "mailingName" : "PT Welco",
      "description" : "",
      "firstName" : "",
      "middleName" : "",
      "lastName" : "",
      "nickname" : "",
      "salutation" : "",
      "gender" : "",
      "type" : "C",
      "religion" : "",
      "dateOfBirth" : null,
      "placeOfBirth" : "",
      "socialSecurityNumber" : "",
      "socialSecurityDate" : null,
      "mediaObjectReference" : "",
      "lastUpdateDateTime" : "2017-12-17T00:00:00",
      "inputDateTime" : "2017-12-17T00:00:00",
      "_links" : {
        "self" : {
          "href" : "http://localhost/api/contacts/2215_0"
        },
        "contactPerson" : {
          "href" : "http://localhost/api/contacts/2215_0"
        },
        "master" : {
          "href" : "http://localhost/api/contacts/2215_0/master"
        }
      }
    }, {
      "inputUserId" : "QSA",
      "lastUpdateUserId" : "QSA",
      "computerId" : "GLSVR171217",
      "lastSynchronizedDate" : null,
      "addressNumber" : "2216",
      "sequence" : 0,
      "name" : "PT Adhi Guna Integrasi",
      "mailingName" : "PT Adhi Guna Integrasi",
      "description" : "",
      "firstName" : "",
      "middleName" : "",
      "lastName" : "",
      "nickname" : "",
      "salutation" : "",
      "gender" : "",
      "type" : "C",
      "religion" : "",
      "dateOfBirth" : null,
      "placeOfBirth" : "",
      "socialSecurityNumber" : "",
      "socialSecurityDate" : null,
      "mediaObjectReference" : "",
      "lastUpdateDateTime" : "2017-12-17T00:00:00",
      "inputDateTime" : "2017-12-17T00:00:00",
      "_links" : {
        "self" : {
          "href" : "http://localhost/api/contacts/2216_0"
        },
        "contactPerson" : {
          "href" : "http://localhost/api/contacts/2216_0"
        },
        "master" : {
          "href" : "http://localhost/api/contacts/2216_0/master"
        }
      }
    }, {
      "inputUserId" : "QSA",
      "lastUpdateUserId" : "QSA",
      "computerId" : "GLSVR171217",
      "lastSynchronizedDate" : null,
      "addressNumber" : "2217",
      "sequence" : 0,
      "name" : "PT Adhi Persada",
      "mailingName" : "PT Adhi Persada",
      "description" : "",
      "firstName" : "",
      "middleName" : "",
      "lastName" : "",
      "nickname" : "",
      "salutation" : "",
      "gender" : "",
      "type" : "C",
      "religion" : "",
      "dateOfBirth" : null,
      "placeOfBirth" : "",
      "socialSecurityNumber" : "",
      "socialSecurityDate" : null,
      "mediaObjectReference" : "",
      "lastUpdateDateTime" : "2017-12-17T00:00:00",
      "inputDateTime" : "2017-12-17T00:00:00",
      "_links" : {
        "self" : {
          "href" : "http://localhost/api/contacts/2217_0"
        },
        "contactPerson" : {
          "href" : "http://localhost/api/contacts/2217_0"
        },
        "master" : {
          "href" : "http://localhost/api/contacts/2217_0/master"
        }
      }
    }, {
      "inputUserId" : "QSA",
      "lastUpdateUserId" : "QSA",
      "computerId" : "GLSVR171217",
      "lastSynchronizedDate" : null,
      "addressNumber" : "2218",
      "sequence" : 0,
      "name" : "PT Adil Juwita",
      "mailingName" : "PT Adil Juwita",
      "description" : "",
      "firstName" : "",
      "middleName" : "",
      "lastName" : "",
      "nickname" : "",
      "salutation" : "",
      "gender" : "",
      "type" : "C",
      "religion" : "",
      "dateOfBirth" : null,
      "placeOfBirth" : "",
      "socialSecurityNumber" : "",
      "socialSecurityDate" : null,
      "mediaObjectReference" : "",
      "lastUpdateDateTime" : "2017-12-17T00:00:00",
      "inputDateTime" : "2017-12-17T00:00:00",
      "_links" : {
        "self" : {
          "href" : "http://localhost/api/contacts/2218_0"
        },
        "contactPerson" : {
          "href" : "http://localhost/api/contacts/2218_0"
        },
        "master" : {
          "href" : "http://localhost/api/contacts/2218_0/master"
        }
      }
    }, {
      "inputUserId" : "QSA",
      "lastUpdateUserId" : "QSA",
      "computerId" : "GLSVR171217",
      "lastSynchronizedDate" : null,
      "addressNumber" : "2219",
      "sequence" : 0,
      "name" : "PT Air Mas Perkasa",
      "mailingName" : "PT Air Mas Perkasa",
      "description" : "",
      "firstName" : "",
      "middleName" : "",
      "lastName" : "",
      "nickname" : "",
      "salutation" : "",
      "gender" : "",
      "type" : "C",
      "religion" : "",
      "dateOfBirth" : null,
      "placeOfBirth" : "",
      "socialSecurityNumber" : "",
      "socialSecurityDate" : null,
      "mediaObjectReference" : "",
      "lastUpdateDateTime" : "2017-12-17T00:00:00",
      "inputDateTime" : "2017-12-17T00:00:00",
      "_links" : {
        "self" : {
          "href" : "http://localhost/api/contacts/2219_0"
        },
        "contactPerson" : {
          "href" : "http://localhost/api/contacts/2219_0"
        },
        "master" : {
          "href" : "http://localhost/api/contacts/2219_0/master"
        }
      }
    }, {
      "inputUserId" : "QSA",
      "lastUpdateUserId" : "QSA",
      "computerId" : "GLSVR171217",
      "lastSynchronizedDate" : null,
      "addressNumber" : "2220",
      "sequence" : 0,
      "name" : "PT Airmas Berkat Abadi",
      "mailingName" : "PT Airmas Berkat Abadi",
      "description" : "",
      "firstName" : "",
      "middleName" : "",
      "lastName" : "",
      "nickname" : "",
      "salutation" : "",
      "gender" : "",
      "type" : "C",
      "religion" : "",
      "dateOfBirth" : null,
      "placeOfBirth" : "",
      "socialSecurityNumber" : "",
      "socialSecurityDate" : null,
      "mediaObjectReference" : "",
      "lastUpdateDateTime" : "2017-12-17T00:00:00",
      "inputDateTime" : "2017-12-17T00:00:00",
      "_links" : {
        "self" : {
          "href" : "http://localhost/api/contacts/2220_0"
        },
        "contactPerson" : {
          "href" : "http://localhost/api/contacts/2220_0"
        },
        "master" : {
          "href" : "http://localhost/api/contacts/2220_0/master"
        }
      }
    }, {
      "inputUserId" : "QSA",
      "lastUpdateUserId" : "QSA",
      "computerId" : "GLSVR171217",
      "lastSynchronizedDate" : null,
      "addressNumber" : "2221",
      "sequence" : 0,
      "name" : "PT Airmas Jaya Mesin",
      "mailingName" : "PT Airmas Jaya Mesin",
      "description" : "",
      "firstName" : "",
      "middleName" : "",
      "lastName" : "",
      "nickname" : "",
      "salutation" : "",
      "gender" : "",
      "type" : "C",
      "religion" : "",
      "dateOfBirth" : null,
      "placeOfBirth" : "",
      "socialSecurityNumber" : "",
      "socialSecurityDate" : null,
      "mediaObjectReference" : "",
      "lastUpdateDateTime" : "2017-12-17T00:00:00",
      "inputDateTime" : "2017-12-17T00:00:00",
      "_links" : {
        "self" : {
          "href" : "http://localhost/api/contacts/2221_0"
        },
        "contactPerson" : {
          "href" : "http://localhost/api/contacts/2221_0"
        },
        "master" : {
          "href" : "http://localhost/api/contacts/2221_0/master"
        }
      }
    }, {
      "inputUserId" : "QSA",
      "lastUpdateUserId" : "QSA",
      "computerId" : "GLSVR171217",
      "lastSynchronizedDate" : null,
      "addressNumber" : "2221",
      "sequence" : 1,
      "name" : "Wili",
      "mailingName" : "Wili",
      "description" : "",
      "firstName" : "",
      "middleName" : "",
      "lastName" : "",
      "nickname" : "",
      "salutation" : "",
      "gender" : "",
      "type" : "C",
      "religion" : "",
      "dateOfBirth" : null,
      "placeOfBirth" : "",
      "socialSecurityNumber" : "",
      "socialSecurityDate" : null,
      "mediaObjectReference" : "",
      "lastUpdateDateTime" : "2017-12-17T00:00:00",
      "inputDateTime" : "2017-12-17T00:00:00",
      "_links" : {
        "self" : {
          "href" : "http://localhost/api/contacts/2221_1"
        },
        "contactPerson" : {
          "href" : "http://localhost/api/contacts/2221_1"
        },
        "master" : {
          "href" : "http://localhost/api/contacts/2221_1/master"
        }
      }
    }, {
      "inputUserId" : "QSA",
      "lastUpdateUserId" : "QSA",
      "computerId" : "GLSVR171217",
      "lastSynchronizedDate" : null,
      "addressNumber" : "2222",
      "sequence" : 0,
      "name" : "PT Airmas Musi Trinity",
      "mailingName" : "PT Airmas Musi Trinity",
      "description" : "",
      "firstName" : "",
      "middleName" : "",
      "lastName" : "",
      "nickname" : "",
      "salutation" : "",
      "gender" : "",
      "type" : "C",
      "religion" : "",
      "dateOfBirth" : null,
      "placeOfBirth" : "",
      "socialSecurityNumber" : "",
      "socialSecurityDate" : null,
      "mediaObjectReference" : "",
      "lastUpdateDateTime" : "2017-12-17T00:00:00",
      "inputDateTime" : "2017-12-17T00:00:00",
      "_links" : {
        "self" : {
          "href" : "http://localhost/api/contacts/2222_0"
        },
        "contactPerson" : {
          "href" : "http://localhost/api/contacts/2222_0"
        },
        "master" : {
          "href" : "http://localhost/api/contacts/2222_0/master"
        }
      }
    }, {
      "inputUserId" : "QSA",
      "lastUpdateUserId" : "QSA",
      "computerId" : "GLSVR171217",
      "lastSynchronizedDate" : null,
      "addressNumber" : "2223",
      "sequence" : 0,
      "name" : "PT Airmas Nusa Devata",
      "mailingName" : "PT Airmas Nusa Devata",
      "description" : "",
      "firstName" : "",
      "middleName" : "",
      "lastName" : "",
      "nickname" : "",
      "salutation" : "",
      "gender" : "",
      "type" : "C",
      "religion" : "",
      "dateOfBirth" : null,
      "placeOfBirth" : "",
      "socialSecurityNumber" : "",
      "socialSecurityDate" : null,
      "mediaObjectReference" : "",
      "lastUpdateDateTime" : "2017-12-17T00:00:00",
      "inputDateTime" : "2017-12-17T00:00:00",
      "_links" : {
        "self" : {
          "href" : "http://localhost/api/contacts/2223_0"
        },
        "contactPerson" : {
          "href" : "http://localhost/api/contacts/2223_0"
        },
        "master" : {
          "href" : "http://localhost/api/contacts/2223_0/master"
        }
      }
    }, {
      "inputUserId" : "QSA",
      "lastUpdateUserId" : "QSA",
      "computerId" : "GLSVR171217",
      "lastSynchronizedDate" : null,
      "addressNumber" : "2224",
      "sequence" : 0,
      "name" : "PT Airmas Pantero Sinergi",
      "mailingName" : "PT Airmas Pantero Sinergi",
      "description" : "",
      "firstName" : "",
      "middleName" : "",
      "lastName" : "",
      "nickname" : "",
      "salutation" : "",
      "gender" : "",
      "type" : "C",
      "religion" : "",
      "dateOfBirth" : null,
      "placeOfBirth" : "",
      "socialSecurityNumber" : "",
      "socialSecurityDate" : null,
      "mediaObjectReference" : "",
      "lastUpdateDateTime" : "2017-12-17T00:00:00",
      "inputDateTime" : "2017-12-17T00:00:00",
      "_links" : {
        "self" : {
          "href" : "http://localhost/api/contacts/2224_0"
        },
        "contactPerson" : {
          "href" : "http://localhost/api/contacts/2224_0"
        },
        "master" : {
          "href" : "http://localhost/api/contacts/2224_0/master"
        }
      }
    }, {
      "inputUserId" : "QSA",
      "lastUpdateUserId" : "QSA",
      "computerId" : "GLSVR171217",
      "lastSynchronizedDate" : null,
      "addressNumber" : "2225",
      "sequence" : 0,
      "name" : "PT Airmas Sinergi Informatika",
      "mailingName" : "PT Airmas Sinergi Informatika",
      "description" : "",
      "firstName" : "",
      "middleName" : "",
      "lastName" : "",
      "nickname" : "",
      "salutation" : "",
      "gender" : "",
      "type" : "C",
      "religion" : "",
      "dateOfBirth" : null,
      "placeOfBirth" : "",
      "socialSecurityNumber" : "",
      "socialSecurityDate" : null,
      "mediaObjectReference" : "",
      "lastUpdateDateTime" : "2017-12-17T00:00:00",
      "inputDateTime" : "2017-12-17T00:00:00",
      "_links" : {
        "self" : {
          "href" : "http://localhost/api/contacts/2225_0"
        },
        "contactPerson" : {
          "href" : "http://localhost/api/contacts/2225_0"
        },
        "master" : {
          "href" : "http://localhost/api/contacts/2225_0/master"
        }
      }
    }, {
      "inputUserId" : "QSA",
      "lastUpdateUserId" : "QSA",
      "computerId" : "GLSVR171217",
      "lastSynchronizedDate" : null,
      "addressNumber" : "2226",
      "sequence" : 0,
      "name" : "PT AJJN",
      "mailingName" : "PT AJJN",
      "description" : "",
      "firstName" : "",
      "middleName" : "",
      "lastName" : "",
      "nickname" : "",
      "salutation" : "",
      "gender" : "",
      "type" : "C",
      "religion" : "",
      "dateOfBirth" : null,
      "placeOfBirth" : "",
      "socialSecurityNumber" : "",
      "socialSecurityDate" : null,
      "mediaObjectReference" : "",
      "lastUpdateDateTime" : "2017-12-17T00:00:00",
      "inputDateTime" : "2017-12-17T00:00:00",
      "_links" : {
        "self" : {
          "href" : "http://localhost/api/contacts/2226_0"
        },
        "contactPerson" : {
          "href" : "http://localhost/api/contacts/2226_0"
        },
        "master" : {
          "href" : "http://localhost/api/contacts/2226_0/master"
        }
      }
    }, {
      "inputUserId" : "QSA",
      "lastUpdateUserId" : "QSA",
      "computerId" : "GLSVR171217",
      "lastSynchronizedDate" : null,
      "addressNumber" : "2227",
      "sequence" : 0,
      "name" : "PT Alif",
      "mailingName" : "PT Alif",
      "description" : "",
      "firstName" : "",
      "middleName" : "",
      "lastName" : "",
      "nickname" : "",
      "salutation" : "",
      "gender" : "",
      "type" : "C",
      "religion" : "",
      "dateOfBirth" : null,
      "placeOfBirth" : "",
      "socialSecurityNumber" : "",
      "socialSecurityDate" : null,
      "mediaObjectReference" : "",
      "lastUpdateDateTime" : "2017-12-17T00:00:00",
      "inputDateTime" : "2017-12-17T00:00:00",
      "_links" : {
        "self" : {
          "href" : "http://localhost/api/contacts/2227_0"
        },
        "contactPerson" : {
          "href" : "http://localhost/api/contacts/2227_0"
        },
        "master" : {
          "href" : "http://localhost/api/contacts/2227_0/master"
        }
      }
    }, {
      "inputUserId" : "QSA",
      "lastUpdateUserId" : "QSA",
      "computerId" : "GLSVR171217",
      "lastSynchronizedDate" : null,
      "addressNumber" : "2228",
      "sequence" : 0,
      "name" : "PT Altek Data Sistem",
      "mailingName" : "PT Altek Data Sistem",
      "description" : "",
      "firstName" : "",
      "middleName" : "",
      "lastName" : "",
      "nickname" : "",
      "salutation" : "",
      "gender" : "",
      "type" : "C",
      "religion" : "",
      "dateOfBirth" : null,
      "placeOfBirth" : "",
      "socialSecurityNumber" : "",
      "socialSecurityDate" : null,
      "mediaObjectReference" : "",
      "lastUpdateDateTime" : "2017-12-17T00:00:00",
      "inputDateTime" : "2017-12-17T00:00:00",
      "_links" : {
        "self" : {
          "href" : "http://localhost/api/contacts/2228_0"
        },
        "contactPerson" : {
          "href" : "http://localhost/api/contacts/2228_0"
        },
        "master" : {
          "href" : "http://localhost/api/contacts/2228_0/master"
        }
      }
    }, {
      "inputUserId" : "QSA",
      "lastUpdateUserId" : "ANTHONI",
      "computerId" : "GLSVR171217",
      "lastSynchronizedDate" : null,
      "addressNumber" : "2229",
      "sequence" : 0,
      "name" : "PT Ambassador Technology",
      "mailingName" : "PT Ambassador Technology",
      "description" : "",
      "firstName" : "",
      "middleName" : "",
      "lastName" : "",
      "nickname" : "",
      "salutation" : "",
      "gender" : "",
      "type" : "C",
      "religion" : "",
      "dateOfBirth" : null,
      "placeOfBirth" : "",
      "socialSecurityNumber" : "",
      "socialSecurityDate" : null,
      "mediaObjectReference" : "",
      "lastUpdateDateTime" : "2018-02-07T11:34:09",
      "inputDateTime" : "2017-12-17T00:00:00",
      "_links" : {
        "self" : {
          "href" : "http://localhost/api/contacts/2229_0"
        },
        "contactPerson" : {
          "href" : "http://localhost/api/contacts/2229_0"
        },
        "master" : {
          "href" : "http://localhost/api/contacts/2229_0/master"
        }
      }
    }, {
      "inputUserId" : "QSA",
      "lastUpdateUserId" : "ANTHONI",
      "computerId" : "GLSVR171217",
      "lastSynchronizedDate" : null,
      "addressNumber" : "2230",
      "sequence" : 0,
      "name" : "PT Amtek Perkasa Internasional",
      "mailingName" : "PT Amtek Perkasa Internasional",
      "description" : "",
      "firstName" : "",
      "middleName" : "",
      "lastName" : "",
      "nickname" : "",
      "salutation" : "",
      "gender" : "",
      "type" : "C",
      "religion" : "",
      "dateOfBirth" : null,
      "placeOfBirth" : "",
      "socialSecurityNumber" : "",
      "socialSecurityDate" : null,
      "mediaObjectReference" : "",
      "lastUpdateDateTime" : "2018-04-18T16:29:55",
      "inputDateTime" : "2017-12-17T00:00:00",
      "_links" : {
        "self" : {
          "href" : "http://localhost/api/contacts/2230_0"
        },
        "contactPerson" : {
          "href" : "http://localhost/api/contacts/2230_0"
        },
        "master" : {
          "href" : "http://localhost/api/contacts/2230_0/master"
        }
      }
    }, {
      "inputUserId" : "QSA",
      "lastUpdateUserId" : "QSA",
      "computerId" : "GLSVR171217",
      "lastSynchronizedDate" : null,
      "addressNumber" : "2231",
      "sequence" : 0,
      "name" : "PT Andhika Dian Utama",
      "mailingName" : "PT Andhika Dian Utama",
      "description" : "",
      "firstName" : "",
      "middleName" : "",
      "lastName" : "",
      "nickname" : "",
      "salutation" : "",
      "gender" : "",
      "type" : "C",
      "religion" : "",
      "dateOfBirth" : null,
      "placeOfBirth" : "",
      "socialSecurityNumber" : "",
      "socialSecurityDate" : null,
      "mediaObjectReference" : "",
      "lastUpdateDateTime" : "2017-12-17T00:00:00",
      "inputDateTime" : "2017-12-17T00:00:00",
      "_links" : {
        "self" : {
          "href" : "http://localhost/api/contacts/2231_0"
        },
        "contactPerson" : {
          "href" : "http://localhost/api/contacts/2231_0"
        },
        "master" : {
          "href" : "http://localhost/api/contacts/2231_0/master"
        }
      }
    }, {
      "inputUserId" : "QSA",
      "lastUpdateUserId" : "QSA",
      "computerId" : "GLSVR171217",
      "lastSynchronizedDate" : null,
      "addressNumber" : "2232",
      "sequence" : 0,
      "name" : "PT Anefor Indonesia",
      "mailingName" : "PT Anefor Indonesia",
      "description" : "",
      "firstName" : "",
      "middleName" : "",
      "lastName" : "",
      "nickname" : "",
      "salutation" : "",
      "gender" : "",
      "type" : "C",
      "religion" : "",
      "dateOfBirth" : null,
      "placeOfBirth" : "",
      "socialSecurityNumber" : "",
      "socialSecurityDate" : null,
      "mediaObjectReference" : "",
      "lastUpdateDateTime" : "2017-12-17T00:00:00",
      "inputDateTime" : "2017-12-17T00:00:00",
      "_links" : {
        "self" : {
          "href" : "http://localhost/api/contacts/2232_0"
        },
        "contactPerson" : {
          "href" : "http://localhost/api/contacts/2232_0"
        },
        "master" : {
          "href" : "http://localhost/api/contacts/2232_0/master"
        }
      }
    }, {
      "inputUserId" : "QSA",
      "lastUpdateUserId" : "QSA",
      "computerId" : "GLSVR171217",
      "lastSynchronizedDate" : null,
      "addressNumber" : "2233",
      "sequence" : 0,
      "name" : "PT Antam Mall Cito Sby",
      "mailingName" : "PT Antam Mall Cito Sby",
      "description" : "",
      "firstName" : "",
      "middleName" : "",
      "lastName" : "",
      "nickname" : "",
      "salutation" : "",
      "gender" : "",
      "type" : "C",
      "religion" : "",
      "dateOfBirth" : null,
      "placeOfBirth" : "",
      "socialSecurityNumber" : "",
      "socialSecurityDate" : null,
      "mediaObjectReference" : "",
      "lastUpdateDateTime" : "2017-12-17T00:00:00",
      "inputDateTime" : "2017-12-17T00:00:00",
      "_links" : {
        "self" : {
          "href" : "http://localhost/api/contacts/2233_0"
        },
        "contactPerson" : {
          "href" : "http://localhost/api/contacts/2233_0"
        },
        "master" : {
          "href" : "http://localhost/api/contacts/2233_0/master"
        }
      }
    }, {
      "inputUserId" : "QSA",
      "lastUpdateUserId" : "QSA",
      "computerId" : "GLSVR171217",
      "lastSynchronizedDate" : null,
      "addressNumber" : "2234",
      "sequence" : 0,
      "name" : "PT Anugerah Gaya Abadi",
      "mailingName" : "PT Anugerah Gaya Abadi",
      "description" : "",
      "firstName" : "",
      "middleName" : "",
      "lastName" : "",
      "nickname" : "",
      "salutation" : "",
      "gender" : "",
      "type" : "C",
      "religion" : "",
      "dateOfBirth" : null,
      "placeOfBirth" : "",
      "socialSecurityNumber" : "",
      "socialSecurityDate" : null,
      "mediaObjectReference" : "",
      "lastUpdateDateTime" : "2017-12-17T00:00:00",
      "inputDateTime" : "2017-12-17T00:00:00",
      "_links" : {
        "self" : {
          "href" : "http://localhost/api/contacts/2234_0"
        },
        "contactPerson" : {
          "href" : "http://localhost/api/contacts/2234_0"
        },
        "master" : {
          "href" : "http://localhost/api/contacts/2234_0/master"
        }
      }
    }, {
      "inputUserId" : "QSA",
      "lastUpdateUserId" : "QSA",
      "computerId" : "GLSVR171217",
      "lastSynchronizedDate" : null,
      "addressNumber" : "2235",
      "sequence" : 0,
      "name" : "PT Anugerah Nirwana Bersama",
      "mailingName" : "PT Anugerah Nirwana Bersama",
      "description" : "",
      "firstName" : "",
      "middleName" : "",
      "lastName" : "",
      "nickname" : "",
      "salutation" : "",
      "gender" : "",
      "type" : "C",
      "religion" : "",
      "dateOfBirth" : null,
      "placeOfBirth" : "",
      "socialSecurityNumber" : "",
      "socialSecurityDate" : null,
      "mediaObjectReference" : "",
      "lastUpdateDateTime" : "2017-12-17T00:00:00",
      "inputDateTime" : "2017-12-17T00:00:00",
      "_links" : {
        "self" : {
          "href" : "http://localhost/api/contacts/2235_0"
        },
        "contactPerson" : {
          "href" : "http://localhost/api/contacts/2235_0"
        },
        "master" : {
          "href" : "http://localhost/api/contacts/2235_0/master"
        }
      }
    }, {
      "inputUserId" : "QSA",
      "lastUpdateUserId" : "QSA",
      "computerId" : "GLSVR171217",
      "lastSynchronizedDate" : null,
      "addressNumber" : "2236",
      "sequence" : 0,
      "name" : "PT Anugerah Sistema Perkasa",
      "mailingName" : "PT Anugerah Sistema Perkasa",
      "description" : "",
      "firstName" : "",
      "middleName" : "",
      "lastName" : "",
      "nickname" : "",
      "salutation" : "",
      "gender" : "",
      "type" : "C",
      "religion" : "",
      "dateOfBirth" : null,
      "placeOfBirth" : "",
      "socialSecurityNumber" : "",
      "socialSecurityDate" : null,
      "mediaObjectReference" : "",
      "lastUpdateDateTime" : "2017-12-17T00:00:00",
      "inputDateTime" : "2017-12-17T00:00:00",
      "_links" : {
        "self" : {
          "href" : "http://localhost/api/contacts/2236_0"
        },
        "contactPerson" : {
          "href" : "http://localhost/api/contacts/2236_0"
        },
        "master" : {
          "href" : "http://localhost/api/contacts/2236_0/master"
        }
      }
    }, {
      "inputUserId" : "QSA",
      "lastUpdateUserId" : "QSA",
      "computerId" : "GLSVR171217",
      "lastSynchronizedDate" : null,
      "addressNumber" : "2237",
      "sequence" : 0,
      "name" : "PT Ariajasa",
      "mailingName" : "PT Ariajasa",
      "description" : "",
      "firstName" : "",
      "middleName" : "",
      "lastName" : "",
      "nickname" : "",
      "salutation" : "",
      "gender" : "",
      "type" : "C",
      "religion" : "",
      "dateOfBirth" : null,
      "placeOfBirth" : "",
      "socialSecurityNumber" : "",
      "socialSecurityDate" : null,
      "mediaObjectReference" : "",
      "lastUpdateDateTime" : "2017-12-17T00:00:00",
      "inputDateTime" : "2017-12-17T00:00:00",
      "_links" : {
        "self" : {
          "href" : "http://localhost/api/contacts/2237_0"
        },
        "contactPerson" : {
          "href" : "http://localhost/api/contacts/2237_0"
        },
        "master" : {
          "href" : "http://localhost/api/contacts/2237_0/master"
        }
      }
    }, {
      "inputUserId" : "QSA",
      "lastUpdateUserId" : "QSA",
      "computerId" : "GLSVR171217",
      "lastSynchronizedDate" : null,
      "addressNumber" : "2238",
      "sequence" : 0,
      "name" : "PT Artha Bali Computindo",
      "mailingName" : "PT Artha Bali Computindo",
      "description" : "",
      "firstName" : "",
      "middleName" : "",
      "lastName" : "",
      "nickname" : "",
      "salutation" : "",
      "gender" : "",
      "type" : "C",
      "religion" : "",
      "dateOfBirth" : null,
      "placeOfBirth" : "",
      "socialSecurityNumber" : "",
      "socialSecurityDate" : null,
      "mediaObjectReference" : "",
      "lastUpdateDateTime" : "2017-12-17T00:00:00",
      "inputDateTime" : "2017-12-17T00:00:00",
      "_links" : {
        "self" : {
          "href" : "http://localhost/api/contacts/2238_0"
        },
        "contactPerson" : {
          "href" : "http://localhost/api/contacts/2238_0"
        },
        "master" : {
          "href" : "http://localhost/api/contacts/2238_0/master"
        }
      }
    }, {
      "inputUserId" : "QSA",
      "lastUpdateUserId" : "QSA",
      "computerId" : "GLSVR171217",
      "lastSynchronizedDate" : null,
      "addressNumber" : "2239",
      "sequence" : 0,
      "name" : "PT Artha laut/Ruben",
      "mailingName" : "PT Artha laut/Ruben",
      "description" : "",
      "firstName" : "",
      "middleName" : "",
      "lastName" : "",
      "nickname" : "",
      "salutation" : "",
      "gender" : "",
      "type" : "C",
      "religion" : "",
      "dateOfBirth" : null,
      "placeOfBirth" : "",
      "socialSecurityNumber" : "",
      "socialSecurityDate" : null,
      "mediaObjectReference" : "",
      "lastUpdateDateTime" : "2017-12-17T00:00:00",
      "inputDateTime" : "2017-12-17T00:00:00",
      "_links" : {
        "self" : {
          "href" : "http://localhost/api/contacts/2239_0"
        },
        "contactPerson" : {
          "href" : "http://localhost/api/contacts/2239_0"
        },
        "master" : {
          "href" : "http://localhost/api/contacts/2239_0/master"
        }
      }
    }, {
      "inputUserId" : "QSA",
      "lastUpdateUserId" : "QSA",
      "computerId" : "GLSVR171217",
      "lastSynchronizedDate" : null,
      "addressNumber" : "2240",
      "sequence" : 0,
      "name" : "PT Asian",
      "mailingName" : "PT Asian",
      "description" : "",
      "firstName" : "",
      "middleName" : "",
      "lastName" : "",
      "nickname" : "",
      "salutation" : "",
      "gender" : "",
      "type" : "C",
      "religion" : "",
      "dateOfBirth" : null,
      "placeOfBirth" : "",
      "socialSecurityNumber" : "",
      "socialSecurityDate" : null,
      "mediaObjectReference" : "",
      "lastUpdateDateTime" : "2017-12-17T00:00:00",
      "inputDateTime" : "2017-12-17T00:00:00",
      "_links" : {
        "self" : {
          "href" : "http://localhost/api/contacts/2240_0"
        },
        "contactPerson" : {
          "href" : "http://localhost/api/contacts/2240_0"
        },
        "master" : {
          "href" : "http://localhost/api/contacts/2240_0/master"
        }
      }
    }, {
      "inputUserId" : "QSA",
      "lastUpdateUserId" : "QSA",
      "computerId" : "GLSVR171217",
      "lastSynchronizedDate" : null,
      "addressNumber" : "2241",
      "sequence" : 0,
      "name" : "PT Asterindo Plast",
      "mailingName" : "PT Asterindo Plast",
      "description" : "",
      "firstName" : "",
      "middleName" : "",
      "lastName" : "",
      "nickname" : "",
      "salutation" : "",
      "gender" : "",
      "type" : "C",
      "religion" : "",
      "dateOfBirth" : null,
      "placeOfBirth" : "",
      "socialSecurityNumber" : "",
      "socialSecurityDate" : null,
      "mediaObjectReference" : "",
      "lastUpdateDateTime" : "2017-12-17T00:00:00",
      "inputDateTime" : "2017-12-17T00:00:00",
      "_links" : {
        "self" : {
          "href" : "http://localhost/api/contacts/2241_0"
        },
        "contactPerson" : {
          "href" : "http://localhost/api/contacts/2241_0"
        },
        "master" : {
          "href" : "http://localhost/api/contacts/2241_0/master"
        }
      }
    }, {
      "inputUserId" : "QSA",
      "lastUpdateUserId" : "QSA",
      "computerId" : "GLSVR171217",
      "lastSynchronizedDate" : null,
      "addressNumber" : "2242",
      "sequence" : 0,
      "name" : "PT Bahana Jaya Transindo",
      "mailingName" : "PT Bahana Jaya Transindo",
      "description" : "",
      "firstName" : "",
      "middleName" : "",
      "lastName" : "",
      "nickname" : "",
      "salutation" : "",
      "gender" : "",
      "type" : "C",
      "religion" : "",
      "dateOfBirth" : null,
      "placeOfBirth" : "",
      "socialSecurityNumber" : "",
      "socialSecurityDate" : null,
      "mediaObjectReference" : "",
      "lastUpdateDateTime" : "2017-12-17T00:00:00",
      "inputDateTime" : "2017-12-17T00:00:00",
      "_links" : {
        "self" : {
          "href" : "http://localhost/api/contacts/2242_0"
        },
        "contactPerson" : {
          "href" : "http://localhost/api/contacts/2242_0"
        },
        "master" : {
          "href" : "http://localhost/api/contacts/2242_0/master"
        }
      }
    }, {
      "inputUserId" : "QSA",
      "lastUpdateUserId" : "QSA",
      "computerId" : "GLSVR171217",
      "lastSynchronizedDate" : null,
      "addressNumber" : "2243",
      "sequence" : 0,
      "name" : "PT Bahtera Global Solusi",
      "mailingName" : "PT Bahtera Global Solusi",
      "description" : "",
      "firstName" : "",
      "middleName" : "",
      "lastName" : "",
      "nickname" : "",
      "salutation" : "",
      "gender" : "",
      "type" : "C",
      "religion" : "",
      "dateOfBirth" : null,
      "placeOfBirth" : "",
      "socialSecurityNumber" : "",
      "socialSecurityDate" : null,
      "mediaObjectReference" : "",
      "lastUpdateDateTime" : "2017-12-17T00:00:00",
      "inputDateTime" : "2017-12-17T00:00:00",
      "_links" : {
        "self" : {
          "href" : "http://localhost/api/contacts/2243_0"
        },
        "contactPerson" : {
          "href" : "http://localhost/api/contacts/2243_0"
        },
        "master" : {
          "href" : "http://localhost/api/contacts/2243_0/master"
        }
      }
    }, {
      "inputUserId" : "QSA",
      "lastUpdateUserId" : "QSA",
      "computerId" : "GLSVR171217",
      "lastSynchronizedDate" : null,
      "addressNumber" : "2244",
      "sequence" : 0,
      "name" : "PT Bali Satu Computer",
      "mailingName" : "PT Bali Satu Computer",
      "description" : "",
      "firstName" : "",
      "middleName" : "",
      "lastName" : "",
      "nickname" : "",
      "salutation" : "",
      "gender" : "",
      "type" : "C",
      "religion" : "",
      "dateOfBirth" : null,
      "placeOfBirth" : "",
      "socialSecurityNumber" : "",
      "socialSecurityDate" : null,
      "mediaObjectReference" : "",
      "lastUpdateDateTime" : "2017-12-17T00:00:00",
      "inputDateTime" : "2017-12-17T00:00:00",
      "_links" : {
        "self" : {
          "href" : "http://localhost/api/contacts/2244_0"
        },
        "contactPerson" : {
          "href" : "http://localhost/api/contacts/2244_0"
        },
        "master" : {
          "href" : "http://localhost/api/contacts/2244_0/master"
        }
      }
    }, {
      "inputUserId" : "QSA",
      "lastUpdateUserId" : "QSA",
      "computerId" : "GLSVR171217",
      "lastSynchronizedDate" : null,
      "addressNumber" : "2245",
      "sequence" : 0,
      "name" : "PT Barata",
      "mailingName" : "PT Barata",
      "description" : "",
      "firstName" : "",
      "middleName" : "",
      "lastName" : "",
      "nickname" : "",
      "salutation" : "",
      "gender" : "",
      "type" : "C",
      "religion" : "",
      "dateOfBirth" : null,
      "placeOfBirth" : "",
      "socialSecurityNumber" : "",
      "socialSecurityDate" : null,
      "mediaObjectReference" : "",
      "lastUpdateDateTime" : "2017-12-17T00:00:00",
      "inputDateTime" : "2017-12-17T00:00:00",
      "_links" : {
        "self" : {
          "href" : "http://localhost/api/contacts/2245_0"
        },
        "contactPerson" : {
          "href" : "http://localhost/api/contacts/2245_0"
        },
        "master" : {
          "href" : "http://localhost/api/contacts/2245_0/master"
        }
      }
    }, {
      "inputUserId" : "QSA",
      "lastUpdateUserId" : "QSA",
      "computerId" : "GLSVR171217",
      "lastSynchronizedDate" : null,
      "addressNumber" : "2246",
      "sequence" : 0,
      "name" : "PT Barca Niaga Medika",
      "mailingName" : "PT Barca Niaga Medika",
      "description" : "",
      "firstName" : "",
      "middleName" : "",
      "lastName" : "",
      "nickname" : "",
      "salutation" : "",
      "gender" : "",
      "type" : "C",
      "religion" : "",
      "dateOfBirth" : null,
      "placeOfBirth" : "",
      "socialSecurityNumber" : "",
      "socialSecurityDate" : null,
      "mediaObjectReference" : "",
      "lastUpdateDateTime" : "2017-12-17T00:00:00",
      "inputDateTime" : "2017-12-17T00:00:00",
      "_links" : {
        "self" : {
          "href" : "http://localhost/api/contacts/2246_0"
        },
        "contactPerson" : {
          "href" : "http://localhost/api/contacts/2246_0"
        },
        "master" : {
          "href" : "http://localhost/api/contacts/2246_0/master"
        }
      }
    }, {
      "inputUserId" : "QSA",
      "lastUpdateUserId" : "QSA",
      "computerId" : "GLSVR171217",
      "lastSynchronizedDate" : null,
      "addressNumber" : "2247",
      "sequence" : 0,
      "name" : "PT Berdikari",
      "mailingName" : "PT Berdikari",
      "description" : "",
      "firstName" : "",
      "middleName" : "",
      "lastName" : "",
      "nickname" : "",
      "salutation" : "",
      "gender" : "",
      "type" : "C",
      "religion" : "",
      "dateOfBirth" : null,
      "placeOfBirth" : "",
      "socialSecurityNumber" : "",
      "socialSecurityDate" : null,
      "mediaObjectReference" : "",
      "lastUpdateDateTime" : "2017-12-17T00:00:00",
      "inputDateTime" : "2017-12-17T00:00:00",
      "_links" : {
        "self" : {
          "href" : "http://localhost/api/contacts/2247_0"
        },
        "contactPerson" : {
          "href" : "http://localhost/api/contacts/2247_0"
        },
        "master" : {
          "href" : "http://localhost/api/contacts/2247_0/master"
        }
      }
    }, {
      "inputUserId" : "QSA",
      "lastUpdateUserId" : "QSA",
      "computerId" : "GLSVR171217",
      "lastSynchronizedDate" : null,
      "addressNumber" : "2248",
      "sequence" : 0,
      "name" : "PT Berkat Anugerah Agung",
      "mailingName" : "PT Berkat Anugerah Agung",
      "description" : "",
      "firstName" : "",
      "middleName" : "",
      "lastName" : "",
      "nickname" : "",
      "salutation" : "",
      "gender" : "",
      "type" : "C",
      "religion" : "",
      "dateOfBirth" : null,
      "placeOfBirth" : "",
      "socialSecurityNumber" : "",
      "socialSecurityDate" : null,
      "mediaObjectReference" : "",
      "lastUpdateDateTime" : "2017-12-17T00:00:00",
      "inputDateTime" : "2017-12-17T00:00:00",
      "_links" : {
        "self" : {
          "href" : "http://localhost/api/contacts/2248_0"
        },
        "contactPerson" : {
          "href" : "http://localhost/api/contacts/2248_0"
        },
        "master" : {
          "href" : "http://localhost/api/contacts/2248_0/master"
        }
      }
    }, {
      "inputUserId" : "QSA",
      "lastUpdateUserId" : "QSA",
      "computerId" : "GLSVR171217",
      "lastSynchronizedDate" : null,
      "addressNumber" : "2249",
      "sequence" : 0,
      "name" : "PT Berlian Cahaya Teknologi",
      "mailingName" : "PT Berlian Cahaya Teknologi",
      "description" : "",
      "firstName" : "",
      "middleName" : "",
      "lastName" : "",
      "nickname" : "",
      "salutation" : "",
      "gender" : "",
      "type" : "C",
      "religion" : "",
      "dateOfBirth" : null,
      "placeOfBirth" : "",
      "socialSecurityNumber" : "",
      "socialSecurityDate" : null,
      "mediaObjectReference" : "",
      "lastUpdateDateTime" : "2017-12-17T00:00:00",
      "inputDateTime" : "2017-12-17T00:00:00",
      "_links" : {
        "self" : {
          "href" : "http://localhost/api/contacts/2249_0"
        },
        "contactPerson" : {
          "href" : "http://localhost/api/contacts/2249_0"
        },
        "master" : {
          "href" : "http://localhost/api/contacts/2249_0/master"
        }
      }
    }, {
      "inputUserId" : "QSA",
      "lastUpdateUserId" : "QSA",
      "computerId" : "GLSVR171217",
      "lastSynchronizedDate" : null,
      "addressNumber" : "2250",
      "sequence" : 0,
      "name" : "PT Berlian Manyar Sejahtera",
      "mailingName" : "PT Berlian Manyar Sejahtera",
      "description" : "",
      "firstName" : "",
      "middleName" : "",
      "lastName" : "",
      "nickname" : "",
      "salutation" : "",
      "gender" : "",
      "type" : "C",
      "religion" : "",
      "dateOfBirth" : null,
      "placeOfBirth" : "",
      "socialSecurityNumber" : "",
      "socialSecurityDate" : null,
      "mediaObjectReference" : "",
      "lastUpdateDateTime" : "2017-12-17T00:00:00",
      "inputDateTime" : "2017-12-17T00:00:00",
      "_links" : {
        "self" : {
          "href" : "http://localhost/api/contacts/2250_0"
        },
        "contactPerson" : {
          "href" : "http://localhost/api/contacts/2250_0"
        },
        "master" : {
          "href" : "http://localhost/api/contacts/2250_0/master"
        }
      }
    }, {
      "inputUserId" : "QSA",
      "lastUpdateUserId" : "QSA",
      "computerId" : "GLSVR171217",
      "lastSynchronizedDate" : null,
      "addressNumber" : "2251",
      "sequence" : 0,
      "name" : "PT Besa Sekar Guna",
      "mailingName" : "PT Besa Sekar Guna",
      "description" : "",
      "firstName" : "",
      "middleName" : "",
      "lastName" : "",
      "nickname" : "",
      "salutation" : "",
      "gender" : "",
      "type" : "C",
      "religion" : "",
      "dateOfBirth" : null,
      "placeOfBirth" : "",
      "socialSecurityNumber" : "",
      "socialSecurityDate" : null,
      "mediaObjectReference" : "",
      "lastUpdateDateTime" : "2017-12-17T00:00:00",
      "inputDateTime" : "2017-12-17T00:00:00",
      "_links" : {
        "self" : {
          "href" : "http://localhost/api/contacts/2251_0"
        },
        "contactPerson" : {
          "href" : "http://localhost/api/contacts/2251_0"
        },
        "master" : {
          "href" : "http://localhost/api/contacts/2251_0/master"
        }
      }
    }, {
      "inputUserId" : "QSA",
      "lastUpdateUserId" : "QSA",
      "computerId" : "GLSVR171217",
      "lastSynchronizedDate" : null,
      "addressNumber" : "2252",
      "sequence" : 0,
      "name" : "PT Beton Sarana Teknik",
      "mailingName" : "PT Beton Sarana Teknik",
      "description" : "",
      "firstName" : "",
      "middleName" : "",
      "lastName" : "",
      "nickname" : "",
      "salutation" : "",
      "gender" : "",
      "type" : "C",
      "religion" : "",
      "dateOfBirth" : null,
      "placeOfBirth" : "",
      "socialSecurityNumber" : "",
      "socialSecurityDate" : null,
      "mediaObjectReference" : "",
      "lastUpdateDateTime" : "2017-12-17T00:00:00",
      "inputDateTime" : "2017-12-17T00:00:00",
      "_links" : {
        "self" : {
          "href" : "http://localhost/api/contacts/2252_0"
        },
        "contactPerson" : {
          "href" : "http://localhost/api/contacts/2252_0"
        },
        "master" : {
          "href" : "http://localhost/api/contacts/2252_0/master"
        }
      }
    }, {
      "inputUserId" : "QSA",
      "lastUpdateUserId" : "QSA",
      "computerId" : "GLSVR171217",
      "lastSynchronizedDate" : null,
      "addressNumber" : "2253",
      "sequence" : 0,
      "name" : "PT BJTI",
      "mailingName" : "PT BJTI",
      "description" : "",
      "firstName" : "",
      "middleName" : "",
      "lastName" : "",
      "nickname" : "",
      "salutation" : "",
      "gender" : "",
      "type" : "C",
      "religion" : "",
      "dateOfBirth" : null,
      "placeOfBirth" : "",
      "socialSecurityNumber" : "",
      "socialSecurityDate" : null,
      "mediaObjectReference" : "",
      "lastUpdateDateTime" : "2017-12-17T00:00:00",
      "inputDateTime" : "2017-12-17T00:00:00",
      "_links" : {
        "self" : {
          "href" : "http://localhost/api/contacts/2253_0"
        },
        "contactPerson" : {
          "href" : "http://localhost/api/contacts/2253_0"
        },
        "master" : {
          "href" : "http://localhost/api/contacts/2253_0/master"
        }
      }
    }, {
      "inputUserId" : "QSA",
      "lastUpdateUserId" : "QSA",
      "computerId" : "GLSVR171217",
      "lastSynchronizedDate" : null,
      "addressNumber" : "2254",
      "sequence" : 0,
      "name" : "PT Borneo Prima Utama Jaya",
      "mailingName" : "PT Borneo Prima Utama Jaya",
      "description" : "",
      "firstName" : "",
      "middleName" : "",
      "lastName" : "",
      "nickname" : "",
      "salutation" : "",
      "gender" : "",
      "type" : "C",
      "religion" : "",
      "dateOfBirth" : null,
      "placeOfBirth" : "",
      "socialSecurityNumber" : "",
      "socialSecurityDate" : null,
      "mediaObjectReference" : "",
      "lastUpdateDateTime" : "2017-12-17T00:00:00",
      "inputDateTime" : "2017-12-17T00:00:00",
      "_links" : {
        "self" : {
          "href" : "http://localhost/api/contacts/2254_0"
        },
        "contactPerson" : {
          "href" : "http://localhost/api/contacts/2254_0"
        },
        "master" : {
          "href" : "http://localhost/api/contacts/2254_0/master"
        }
      }
    }, {
      "inputUserId" : "QSA",
      "lastUpdateUserId" : "QSA",
      "computerId" : "GLSVR171217",
      "lastSynchronizedDate" : null,
      "addressNumber" : "2255",
      "sequence" : 0,
      "name" : "PT BPRS UMMU - Bangil",
      "mailingName" : "PT BPRS UMMU - Bangil",
      "description" : "",
      "firstName" : "",
      "middleName" : "",
      "lastName" : "",
      "nickname" : "",
      "salutation" : "",
      "gender" : "",
      "type" : "C",
      "religion" : "",
      "dateOfBirth" : null,
      "placeOfBirth" : "",
      "socialSecurityNumber" : "",
      "socialSecurityDate" : null,
      "mediaObjectReference" : "",
      "lastUpdateDateTime" : "2017-12-17T00:00:00",
      "inputDateTime" : "2017-12-17T00:00:00",
      "_links" : {
        "self" : {
          "href" : "http://localhost/api/contacts/2255_0"
        },
        "contactPerson" : {
          "href" : "http://localhost/api/contacts/2255_0"
        },
        "master" : {
          "href" : "http://localhost/api/contacts/2255_0/master"
        }
      }
    }, {
      "inputUserId" : "QSA",
      "lastUpdateUserId" : "QSA",
      "computerId" : "GLSVR171217",
      "lastSynchronizedDate" : null,
      "addressNumber" : "2256",
      "sequence" : 0,
      "name" : "PT Brantas",
      "mailingName" : "PT Brantas",
      "description" : "",
      "firstName" : "",
      "middleName" : "",
      "lastName" : "",
      "nickname" : "",
      "salutation" : "",
      "gender" : "",
      "type" : "C",
      "religion" : "",
      "dateOfBirth" : null,
      "placeOfBirth" : "",
      "socialSecurityNumber" : "",
      "socialSecurityDate" : null,
      "mediaObjectReference" : "",
      "lastUpdateDateTime" : "2017-12-17T00:00:00",
      "inputDateTime" : "2017-12-17T00:00:00",
      "_links" : {
        "self" : {
          "href" : "http://localhost/api/contacts/2256_0"
        },
        "contactPerson" : {
          "href" : "http://localhost/api/contacts/2256_0"
        },
        "master" : {
          "href" : "http://localhost/api/contacts/2256_0/master"
        }
      }
    }, {
      "inputUserId" : "QSA",
      "lastUpdateUserId" : "QSA",
      "computerId" : "GLSVR171217",
      "lastSynchronizedDate" : null,
      "addressNumber" : "2257",
      "sequence" : 0,
      "name" : "PT Buana Mandiri Selaras",
      "mailingName" : "PT Buana Mandiri Selaras",
      "description" : "",
      "firstName" : "",
      "middleName" : "",
      "lastName" : "",
      "nickname" : "",
      "salutation" : "",
      "gender" : "",
      "type" : "C",
      "religion" : "",
      "dateOfBirth" : null,
      "placeOfBirth" : "",
      "socialSecurityNumber" : "",
      "socialSecurityDate" : null,
      "mediaObjectReference" : "",
      "lastUpdateDateTime" : "2017-12-17T00:00:00",
      "inputDateTime" : "2017-12-17T00:00:00",
      "_links" : {
        "self" : {
          "href" : "http://localhost/api/contacts/2257_0"
        },
        "contactPerson" : {
          "href" : "http://localhost/api/contacts/2257_0"
        },
        "master" : {
          "href" : "http://localhost/api/contacts/2257_0/master"
        }
      }
    }, {
      "inputUserId" : "QSA",
      "lastUpdateUserId" : "QSA",
      "computerId" : "GLSVR171217",
      "lastSynchronizedDate" : null,
      "addressNumber" : "2258",
      "sequence" : 0,
      "name" : "PT Budiono",
      "mailingName" : "PT Budiono",
      "description" : "",
      "firstName" : "",
      "middleName" : "",
      "lastName" : "",
      "nickname" : "",
      "salutation" : "",
      "gender" : "",
      "type" : "C",
      "religion" : "",
      "dateOfBirth" : null,
      "placeOfBirth" : "",
      "socialSecurityNumber" : "",
      "socialSecurityDate" : null,
      "mediaObjectReference" : "",
      "lastUpdateDateTime" : "2017-12-17T00:00:00",
      "inputDateTime" : "2017-12-17T00:00:00",
      "_links" : {
        "self" : {
          "href" : "http://localhost/api/contacts/2258_0"
        },
        "contactPerson" : {
          "href" : "http://localhost/api/contacts/2258_0"
        },
        "master" : {
          "href" : "http://localhost/api/contacts/2258_0/master"
        }
      }
    }, {
      "inputUserId" : "QSA",
      "lastUpdateUserId" : "QSA",
      "computerId" : "GLSVR171217",
      "lastSynchronizedDate" : null,
      "addressNumber" : "2259",
      "sequence" : 0,
      "name" : "PT Bumi Menara Internusa",
      "mailingName" : "PT Bumi Menara Internusa",
      "description" : "",
      "firstName" : "",
      "middleName" : "",
      "lastName" : "",
      "nickname" : "",
      "salutation" : "",
      "gender" : "",
      "type" : "C",
      "religion" : "",
      "dateOfBirth" : null,
      "placeOfBirth" : "",
      "socialSecurityNumber" : "",
      "socialSecurityDate" : null,
      "mediaObjectReference" : "",
      "lastUpdateDateTime" : "2017-12-17T00:00:00",
      "inputDateTime" : "2017-12-17T00:00:00",
      "_links" : {
        "self" : {
          "href" : "http://localhost/api/contacts/2259_0"
        },
        "contactPerson" : {
          "href" : "http://localhost/api/contacts/2259_0"
        },
        "master" : {
          "href" : "http://localhost/api/contacts/2259_0/master"
        }
      }
    }, {
      "inputUserId" : "QSA",
      "lastUpdateUserId" : "QSA",
      "computerId" : "GLSVR171217",
      "lastSynchronizedDate" : null,
      "addressNumber" : "2260",
      "sequence" : 0,
      "name" : "PT Bumi Satoria",
      "mailingName" : "PT Bumi Satoria",
      "description" : "",
      "firstName" : "",
      "middleName" : "",
      "lastName" : "",
      "nickname" : "",
      "salutation" : "",
      "gender" : "",
      "type" : "C",
      "religion" : "",
      "dateOfBirth" : null,
      "placeOfBirth" : "",
      "socialSecurityNumber" : "",
      "socialSecurityDate" : null,
      "mediaObjectReference" : "",
      "lastUpdateDateTime" : "2017-12-17T00:00:00",
      "inputDateTime" : "2017-12-17T00:00:00",
      "_links" : {
        "self" : {
          "href" : "http://localhost/api/contacts/2260_0"
        },
        "contactPerson" : {
          "href" : "http://localhost/api/contacts/2260_0"
        },
        "master" : {
          "href" : "http://localhost/api/contacts/2260_0/master"
        }
      }
    }, {
      "inputUserId" : "QSA",
      "lastUpdateUserId" : "QSA",
      "computerId" : "GLSVR171217",
      "lastSynchronizedDate" : null,
      "addressNumber" : "2261",
      "sequence" : 0,
      "name" : "PT BWI",
      "mailingName" : "PT BWI",
      "description" : "",
      "firstName" : "",
      "middleName" : "",
      "lastName" : "",
      "nickname" : "",
      "salutation" : "",
      "gender" : "",
      "type" : "C",
      "religion" : "",
      "dateOfBirth" : null,
      "placeOfBirth" : "",
      "socialSecurityNumber" : "",
      "socialSecurityDate" : null,
      "mediaObjectReference" : "",
      "lastUpdateDateTime" : "2017-12-17T00:00:00",
      "inputDateTime" : "2017-12-17T00:00:00",
      "_links" : {
        "self" : {
          "href" : "http://localhost/api/contacts/2261_0"
        },
        "contactPerson" : {
          "href" : "http://localhost/api/contacts/2261_0"
        },
        "master" : {
          "href" : "http://localhost/api/contacts/2261_0/master"
        }
      }
    }, {
      "inputUserId" : "QSA",
      "lastUpdateUserId" : "QSA",
      "computerId" : "GLSVR171217",
      "lastSynchronizedDate" : null,
      "addressNumber" : "2262",
      "sequence" : 0,
      "name" : "PT Cipta Langgeng Jaya",
      "mailingName" : "PT Cipta Langgeng Jaya",
      "description" : "",
      "firstName" : "",
      "middleName" : "",
      "lastName" : "",
      "nickname" : "",
      "salutation" : "",
      "gender" : "",
      "type" : "C",
      "religion" : "",
      "dateOfBirth" : null,
      "placeOfBirth" : "",
      "socialSecurityNumber" : "",
      "socialSecurityDate" : null,
      "mediaObjectReference" : "",
      "lastUpdateDateTime" : "2017-12-17T00:00:00",
      "inputDateTime" : "2017-12-17T00:00:00",
      "_links" : {
        "self" : {
          "href" : "http://localhost/api/contacts/2262_0"
        },
        "contactPerson" : {
          "href" : "http://localhost/api/contacts/2262_0"
        },
        "master" : {
          "href" : "http://localhost/api/contacts/2262_0/master"
        }
      }
    }, {
      "inputUserId" : "QSA",
      "lastUpdateUserId" : "QSA",
      "computerId" : "GLSVR171217",
      "lastSynchronizedDate" : null,
      "addressNumber" : "2263",
      "sequence" : 0,
      "name" : "PT Citra Mandiri Mitra Sejati",
      "mailingName" : "PT Citra Mandiri Mitra Sejati",
      "description" : "",
      "firstName" : "",
      "middleName" : "",
      "lastName" : "",
      "nickname" : "",
      "salutation" : "",
      "gender" : "",
      "type" : "C",
      "religion" : "",
      "dateOfBirth" : null,
      "placeOfBirth" : "",
      "socialSecurityNumber" : "",
      "socialSecurityDate" : null,
      "mediaObjectReference" : "",
      "lastUpdateDateTime" : "2017-12-17T00:00:00",
      "inputDateTime" : "2017-12-17T00:00:00",
      "_links" : {
        "self" : {
          "href" : "http://localhost/api/contacts/2263_0"
        },
        "contactPerson" : {
          "href" : "http://localhost/api/contacts/2263_0"
        },
        "master" : {
          "href" : "http://localhost/api/contacts/2263_0/master"
        }
      }
    }, {
      "inputUserId" : "QSA",
      "lastUpdateUserId" : "QSA",
      "computerId" : "GLSVR171217",
      "lastSynchronizedDate" : null,
      "addressNumber" : "2264",
      "sequence" : 0,
      "name" : "PT Damai Rejeki Makmur",
      "mailingName" : "PT Damai Rejeki Makmur",
      "description" : "",
      "firstName" : "",
      "middleName" : "",
      "lastName" : "",
      "nickname" : "",
      "salutation" : "",
      "gender" : "",
      "type" : "C",
      "religion" : "",
      "dateOfBirth" : null,
      "placeOfBirth" : "",
      "socialSecurityNumber" : "",
      "socialSecurityDate" : null,
      "mediaObjectReference" : "",
      "lastUpdateDateTime" : "2017-12-17T00:00:00",
      "inputDateTime" : "2017-12-17T00:00:00",
      "_links" : {
        "self" : {
          "href" : "http://localhost/api/contacts/2264_0"
        },
        "contactPerson" : {
          "href" : "http://localhost/api/contacts/2264_0"
        },
        "master" : {
          "href" : "http://localhost/api/contacts/2264_0/master"
        }
      }
    }, {
      "inputUserId" : "QSA",
      "lastUpdateUserId" : "QSA",
      "computerId" : "GLSVR171217",
      "lastSynchronizedDate" : null,
      "addressNumber" : "2265",
      "sequence" : 0,
      "name" : "PT DDS",
      "mailingName" : "PT DDS",
      "description" : "",
      "firstName" : "",
      "middleName" : "",
      "lastName" : "",
      "nickname" : "",
      "salutation" : "",
      "gender" : "",
      "type" : "C",
      "religion" : "",
      "dateOfBirth" : null,
      "placeOfBirth" : "",
      "socialSecurityNumber" : "",
      "socialSecurityDate" : null,
      "mediaObjectReference" : "",
      "lastUpdateDateTime" : "2017-12-17T00:00:00",
      "inputDateTime" : "2017-12-17T00:00:00",
      "_links" : {
        "self" : {
          "href" : "http://localhost/api/contacts/2265_0"
        },
        "contactPerson" : {
          "href" : "http://localhost/api/contacts/2265_0"
        },
        "master" : {
          "href" : "http://localhost/api/contacts/2265_0/master"
        }
      }
    }, {
      "inputUserId" : "QSA",
      "lastUpdateUserId" : "QSA",
      "computerId" : "GLSVR171217",
      "lastSynchronizedDate" : null,
      "addressNumber" : "2266",
      "sequence" : 0,
      "name" : "PT Dok",
      "mailingName" : "PT Dok",
      "description" : "",
      "firstName" : "",
      "middleName" : "",
      "lastName" : "",
      "nickname" : "",
      "salutation" : "",
      "gender" : "",
      "type" : "C",
      "religion" : "",
      "dateOfBirth" : null,
      "placeOfBirth" : "",
      "socialSecurityNumber" : "",
      "socialSecurityDate" : null,
      "mediaObjectReference" : "",
      "lastUpdateDateTime" : "2017-12-17T00:00:00",
      "inputDateTime" : "2017-12-17T00:00:00",
      "_links" : {
        "self" : {
          "href" : "http://localhost/api/contacts/2266_0"
        },
        "contactPerson" : {
          "href" : "http://localhost/api/contacts/2266_0"
        },
        "master" : {
          "href" : "http://localhost/api/contacts/2266_0/master"
        }
      }
    }, {
      "inputUserId" : "QSA",
      "lastUpdateUserId" : "QSA",
      "computerId" : "GLSVR171217",
      "lastSynchronizedDate" : null,
      "addressNumber" : "2267",
      "sequence" : 0,
      "name" : "PT Duta Tirta Mustika",
      "mailingName" : "PT Duta Tirta Mustika",
      "description" : "",
      "firstName" : "",
      "middleName" : "",
      "lastName" : "",
      "nickname" : "",
      "salutation" : "",
      "gender" : "",
      "type" : "C",
      "religion" : "",
      "dateOfBirth" : null,
      "placeOfBirth" : "",
      "socialSecurityNumber" : "",
      "socialSecurityDate" : null,
      "mediaObjectReference" : "",
      "lastUpdateDateTime" : "2017-12-17T00:00:00",
      "inputDateTime" : "2017-12-17T00:00:00",
      "_links" : {
        "self" : {
          "href" : "http://localhost/api/contacts/2267_0"
        },
        "contactPerson" : {
          "href" : "http://localhost/api/contacts/2267_0"
        },
        "master" : {
          "href" : "http://localhost/api/contacts/2267_0/master"
        }
      }
    }, {
      "inputUserId" : "QSA",
      "lastUpdateUserId" : "QSA",
      "computerId" : "GLSVR171217",
      "lastSynchronizedDate" : null,
      "addressNumber" : "2268",
      "sequence" : 0,
      "name" : "PT Duta Waru",
      "mailingName" : "PT Duta Waru",
      "description" : "",
      "firstName" : "",
      "middleName" : "",
      "lastName" : "",
      "nickname" : "",
      "salutation" : "",
      "gender" : "",
      "type" : "C",
      "religion" : "",
      "dateOfBirth" : null,
      "placeOfBirth" : "",
      "socialSecurityNumber" : "",
      "socialSecurityDate" : null,
      "mediaObjectReference" : "",
      "lastUpdateDateTime" : "2017-12-17T00:00:00",
      "inputDateTime" : "2017-12-17T00:00:00",
      "_links" : {
        "self" : {
          "href" : "http://localhost/api/contacts/2268_0"
        },
        "contactPerson" : {
          "href" : "http://localhost/api/contacts/2268_0"
        },
        "master" : {
          "href" : "http://localhost/api/contacts/2268_0/master"
        }
      }
    }, {
      "inputUserId" : "QSA",
      "lastUpdateUserId" : "QSA",
      "computerId" : "GLSVR171217",
      "lastSynchronizedDate" : null,
      "addressNumber" : "2269",
      "sequence" : 0,
      "name" : "PT Dwi Indah",
      "mailingName" : "PT Dwi Indah",
      "description" : "",
      "firstName" : "",
      "middleName" : "",
      "lastName" : "",
      "nickname" : "",
      "salutation" : "",
      "gender" : "",
      "type" : "C",
      "religion" : "",
      "dateOfBirth" : null,
      "placeOfBirth" : "",
      "socialSecurityNumber" : "",
      "socialSecurityDate" : null,
      "mediaObjectReference" : "",
      "lastUpdateDateTime" : "2017-12-17T00:00:00",
      "inputDateTime" : "2017-12-17T00:00:00",
      "_links" : {
        "self" : {
          "href" : "http://localhost/api/contacts/2269_0"
        },
        "contactPerson" : {
          "href" : "http://localhost/api/contacts/2269_0"
        },
        "master" : {
          "href" : "http://localhost/api/contacts/2269_0/master"
        }
      }
    }, {
      "inputUserId" : "QSA",
      "lastUpdateUserId" : "QSA",
      "computerId" : "GLSVR171217",
      "lastSynchronizedDate" : null,
      "addressNumber" : "2270",
      "sequence" : 0,
      "name" : "PT Dwidaya Sejahtera",
      "mailingName" : "PT Dwidaya Sejahtera",
      "description" : "",
      "firstName" : "",
      "middleName" : "",
      "lastName" : "",
      "nickname" : "",
      "salutation" : "",
      "gender" : "",
      "type" : "C",
      "religion" : "",
      "dateOfBirth" : null,
      "placeOfBirth" : "",
      "socialSecurityNumber" : "",
      "socialSecurityDate" : null,
      "mediaObjectReference" : "",
      "lastUpdateDateTime" : "2017-12-17T00:00:00",
      "inputDateTime" : "2017-12-17T00:00:00",
      "_links" : {
        "self" : {
          "href" : "http://localhost/api/contacts/2270_0"
        },
        "contactPerson" : {
          "href" : "http://localhost/api/contacts/2270_0"
        },
        "master" : {
          "href" : "http://localhost/api/contacts/2270_0/master"
        }
      }
    }, {
      "inputUserId" : "QSA",
      "lastUpdateUserId" : "QSA",
      "computerId" : "GLSVR171217",
      "lastSynchronizedDate" : null,
      "addressNumber" : "2271",
      "sequence" : 0,
      "name" : "PT Elba",
      "mailingName" : "PT Elba",
      "description" : "",
      "firstName" : "",
      "middleName" : "",
      "lastName" : "",
      "nickname" : "",
      "salutation" : "",
      "gender" : "",
      "type" : "C",
      "religion" : "",
      "dateOfBirth" : null,
      "placeOfBirth" : "",
      "socialSecurityNumber" : "",
      "socialSecurityDate" : null,
      "mediaObjectReference" : "",
      "lastUpdateDateTime" : "2017-12-17T00:00:00",
      "inputDateTime" : "2017-12-17T00:00:00",
      "_links" : {
        "self" : {
          "href" : "http://localhost/api/contacts/2271_0"
        },
        "contactPerson" : {
          "href" : "http://localhost/api/contacts/2271_0"
        },
        "master" : {
          "href" : "http://localhost/api/contacts/2271_0/master"
        }
      }
    }, {
      "inputUserId" : "QSA",
      "lastUpdateUserId" : "QSA",
      "computerId" : "GLSVR171217",
      "lastSynchronizedDate" : null,
      "addressNumber" : "2272",
      "sequence" : 0,
      "name" : "PT Eleco",
      "mailingName" : "PT Eleco",
      "description" : "",
      "firstName" : "",
      "middleName" : "",
      "lastName" : "",
      "nickname" : "",
      "salutation" : "",
      "gender" : "",
      "type" : "C",
      "religion" : "",
      "dateOfBirth" : null,
      "placeOfBirth" : "",
      "socialSecurityNumber" : "",
      "socialSecurityDate" : null,
      "mediaObjectReference" : "",
      "lastUpdateDateTime" : "2017-12-17T00:00:00",
      "inputDateTime" : "2017-12-17T00:00:00",
      "_links" : {
        "self" : {
          "href" : "http://localhost/api/contacts/2272_0"
        },
        "contactPerson" : {
          "href" : "http://localhost/api/contacts/2272_0"
        },
        "master" : {
          "href" : "http://localhost/api/contacts/2272_0/master"
        }
      }
    }, {
      "inputUserId" : "QSA",
      "lastUpdateUserId" : "QSA",
      "computerId" : "GLSVR171217",
      "lastSynchronizedDate" : null,
      "addressNumber" : "2273",
      "sequence" : 0,
      "name" : "PT Esterna",
      "mailingName" : "PT Esterna",
      "description" : "",
      "firstName" : "",
      "middleName" : "",
      "lastName" : "",
      "nickname" : "",
      "salutation" : "",
      "gender" : "",
      "type" : "C",
      "religion" : "",
      "dateOfBirth" : null,
      "placeOfBirth" : "",
      "socialSecurityNumber" : "",
      "socialSecurityDate" : null,
      "mediaObjectReference" : "",
      "lastUpdateDateTime" : "2017-12-17T00:00:00",
      "inputDateTime" : "2017-12-17T00:00:00",
      "_links" : {
        "self" : {
          "href" : "http://localhost/api/contacts/2273_0"
        },
        "contactPerson" : {
          "href" : "http://localhost/api/contacts/2273_0"
        },
        "master" : {
          "href" : "http://localhost/api/contacts/2273_0/master"
        }
      }
    }, {
      "inputUserId" : "QSA",
      "lastUpdateUserId" : "QSA",
      "computerId" : "GLSVR171217",
      "lastSynchronizedDate" : null,
      "addressNumber" : "2274",
      "sequence" : 0,
      "name" : "PT Fokus Solusi Indonesia",
      "mailingName" : "PT Fokus Solusi Indonesia",
      "description" : "",
      "firstName" : "",
      "middleName" : "",
      "lastName" : "",
      "nickname" : "",
      "salutation" : "",
      "gender" : "",
      "type" : "C",
      "religion" : "",
      "dateOfBirth" : null,
      "placeOfBirth" : "",
      "socialSecurityNumber" : "",
      "socialSecurityDate" : null,
      "mediaObjectReference" : "",
      "lastUpdateDateTime" : "2017-12-17T00:00:00",
      "inputDateTime" : "2017-12-17T00:00:00",
      "_links" : {
        "self" : {
          "href" : "http://localhost/api/contacts/2274_0"
        },
        "contactPerson" : {
          "href" : "http://localhost/api/contacts/2274_0"
        },
        "master" : {
          "href" : "http://localhost/api/contacts/2274_0/master"
        }
      }
    }, {
      "inputUserId" : "QSA",
      "lastUpdateUserId" : "QSA",
      "computerId" : "GLSVR171217",
      "lastSynchronizedDate" : null,
      "addressNumber" : "2275",
      "sequence" : 0,
      "name" : "PT Fuluso Kencana Internasional",
      "mailingName" : "PT Fuluso Kencana Internasional",
      "description" : "",
      "firstName" : "",
      "middleName" : "",
      "lastName" : "",
      "nickname" : "",
      "salutation" : "",
      "gender" : "",
      "type" : "C",
      "religion" : "",
      "dateOfBirth" : null,
      "placeOfBirth" : "",
      "socialSecurityNumber" : "",
      "socialSecurityDate" : null,
      "mediaObjectReference" : "",
      "lastUpdateDateTime" : "2017-12-17T00:00:00",
      "inputDateTime" : "2017-12-17T00:00:00",
      "_links" : {
        "self" : {
          "href" : "http://localhost/api/contacts/2275_0"
        },
        "contactPerson" : {
          "href" : "http://localhost/api/contacts/2275_0"
        },
        "master" : {
          "href" : "http://localhost/api/contacts/2275_0/master"
        }
      }
    }, {
      "inputUserId" : "QSA",
      "lastUpdateUserId" : "ANTHONI",
      "computerId" : "GLSVR171217",
      "lastSynchronizedDate" : null,
      "addressNumber" : "2276",
      "sequence" : 0,
      "name" : "PT Gading Murni",
      "mailingName" : "PT Gading Murni",
      "description" : "",
      "firstName" : "",
      "middleName" : "",
      "lastName" : "",
      "nickname" : "",
      "salutation" : "",
      "gender" : "",
      "type" : "C",
      "religion" : "",
      "dateOfBirth" : null,
      "placeOfBirth" : "",
      "socialSecurityNumber" : "",
      "socialSecurityDate" : null,
      "mediaObjectReference" : "",
      "lastUpdateDateTime" : "2018-02-12T09:57:56",
      "inputDateTime" : "2017-12-17T00:00:00",
      "_links" : {
        "self" : {
          "href" : "http://localhost/api/contacts/2276_0"
        },
        "contactPerson" : {
          "href" : "http://localhost/api/contacts/2276_0"
        },
        "master" : {
          "href" : "http://localhost/api/contacts/2276_0/master"
        }
      }
    }, {
      "inputUserId" : "QSA",
      "lastUpdateUserId" : "QSA",
      "computerId" : "GLSVR171217",
      "lastSynchronizedDate" : null,
      "addressNumber" : "2277",
      "sequence" : 0,
      "name" : "PT Gamma",
      "mailingName" : "PT Gamma",
      "description" : "",
      "firstName" : "",
      "middleName" : "",
      "lastName" : "",
      "nickname" : "",
      "salutation" : "",
      "gender" : "",
      "type" : "C",
      "religion" : "",
      "dateOfBirth" : null,
      "placeOfBirth" : "",
      "socialSecurityNumber" : "",
      "socialSecurityDate" : null,
      "mediaObjectReference" : "",
      "lastUpdateDateTime" : "2017-12-17T00:00:00",
      "inputDateTime" : "2017-12-17T00:00:00",
      "_links" : {
        "self" : {
          "href" : "http://localhost/api/contacts/2277_0"
        },
        "contactPerson" : {
          "href" : "http://localhost/api/contacts/2277_0"
        },
        "master" : {
          "href" : "http://localhost/api/contacts/2277_0/master"
        }
      }
    }, {
      "inputUserId" : "QSA",
      "lastUpdateUserId" : "QSA",
      "computerId" : "GLSVR171217",
      "lastSynchronizedDate" : null,
      "addressNumber" : "2278",
      "sequence" : 0,
      "name" : "PT Garda Nusantara",
      "mailingName" : "PT Garda Nusantara",
      "description" : "",
      "firstName" : "",
      "middleName" : "",
      "lastName" : "",
      "nickname" : "",
      "salutation" : "",
      "gender" : "",
      "type" : "C",
      "religion" : "",
      "dateOfBirth" : null,
      "placeOfBirth" : "",
      "socialSecurityNumber" : "",
      "socialSecurityDate" : null,
      "mediaObjectReference" : "",
      "lastUpdateDateTime" : "2017-12-17T00:00:00",
      "inputDateTime" : "2017-12-17T00:00:00",
      "_links" : {
        "self" : {
          "href" : "http://localhost/api/contacts/2278_0"
        },
        "contactPerson" : {
          "href" : "http://localhost/api/contacts/2278_0"
        },
        "master" : {
          "href" : "http://localhost/api/contacts/2278_0/master"
        }
      }
    }, {
      "inputUserId" : "QSA",
      "lastUpdateUserId" : "QSA",
      "computerId" : "GLSVR171217",
      "lastSynchronizedDate" : null,
      "addressNumber" : "2279",
      "sequence" : 0,
      "name" : "PT Global (Bpk.Edwin)",
      "mailingName" : "PT Global (Bpk.Edwin)",
      "description" : "",
      "firstName" : "",
      "middleName" : "",
      "lastName" : "",
      "nickname" : "",
      "salutation" : "",
      "gender" : "",
      "type" : "C",
      "religion" : "",
      "dateOfBirth" : null,
      "placeOfBirth" : "",
      "socialSecurityNumber" : "",
      "socialSecurityDate" : null,
      "mediaObjectReference" : "",
      "lastUpdateDateTime" : "2017-12-17T00:00:00",
      "inputDateTime" : "2017-12-17T00:00:00",
      "_links" : {
        "self" : {
          "href" : "http://localhost/api/contacts/2279_0"
        },
        "contactPerson" : {
          "href" : "http://localhost/api/contacts/2279_0"
        },
        "master" : {
          "href" : "http://localhost/api/contacts/2279_0/master"
        }
      }
    }, {
      "inputUserId" : "QSA",
      "lastUpdateUserId" : "QSA",
      "computerId" : "GLSVR171217",
      "lastSynchronizedDate" : null,
      "addressNumber" : "2280",
      "sequence" : 0,
      "name" : "PT Hakam Kaja Moelia",
      "mailingName" : "PT Hakam Kaja Moelia",
      "description" : "",
      "firstName" : "",
      "middleName" : "",
      "lastName" : "",
      "nickname" : "",
      "salutation" : "",
      "gender" : "",
      "type" : "C",
      "religion" : "",
      "dateOfBirth" : null,
      "placeOfBirth" : "",
      "socialSecurityNumber" : "",
      "socialSecurityDate" : null,
      "mediaObjectReference" : "",
      "lastUpdateDateTime" : "2017-12-17T00:00:00",
      "inputDateTime" : "2017-12-17T00:00:00",
      "_links" : {
        "self" : {
          "href" : "http://localhost/api/contacts/2280_0"
        },
        "contactPerson" : {
          "href" : "http://localhost/api/contacts/2280_0"
        },
        "master" : {
          "href" : "http://localhost/api/contacts/2280_0/master"
        }
      }
    }, {
      "inputUserId" : "QSA",
      "lastUpdateUserId" : "QSA",
      "computerId" : "GLSVR171217",
      "lastSynchronizedDate" : null,
      "addressNumber" : "2281",
      "sequence" : 0,
      "name" : "PT Haleyora Power",
      "mailingName" : "PT Haleyora Power",
      "description" : "",
      "firstName" : "",
      "middleName" : "",
      "lastName" : "",
      "nickname" : "",
      "salutation" : "",
      "gender" : "",
      "type" : "C",
      "religion" : "",
      "dateOfBirth" : null,
      "placeOfBirth" : "",
      "socialSecurityNumber" : "",
      "socialSecurityDate" : null,
      "mediaObjectReference" : "",
      "lastUpdateDateTime" : "2017-12-17T00:00:00",
      "inputDateTime" : "2017-12-17T00:00:00",
      "_links" : {
        "self" : {
          "href" : "http://localhost/api/contacts/2281_0"
        },
        "contactPerson" : {
          "href" : "http://localhost/api/contacts/2281_0"
        },
        "master" : {
          "href" : "http://localhost/api/contacts/2281_0/master"
        }
      }
    }, {
      "inputUserId" : "QSA",
      "lastUpdateUserId" : "QSA",
      "computerId" : "GLSVR171217",
      "lastSynchronizedDate" : null,
      "addressNumber" : "2282",
      "sequence" : 0,
      "name" : "PT Hanna Integrasi Solusi",
      "mailingName" : "PT Hanna Integrasi Solusi",
      "description" : "",
      "firstName" : "",
      "middleName" : "",
      "lastName" : "",
      "nickname" : "",
      "salutation" : "",
      "gender" : "",
      "type" : "C",
      "religion" : "",
      "dateOfBirth" : null,
      "placeOfBirth" : "",
      "socialSecurityNumber" : "",
      "socialSecurityDate" : null,
      "mediaObjectReference" : "",
      "lastUpdateDateTime" : "2017-12-17T00:00:00",
      "inputDateTime" : "2017-12-17T00:00:00",
      "_links" : {
        "self" : {
          "href" : "http://localhost/api/contacts/2282_0"
        },
        "contactPerson" : {
          "href" : "http://localhost/api/contacts/2282_0"
        },
        "master" : {
          "href" : "http://localhost/api/contacts/2282_0/master"
        }
      }
    }, {
      "inputUserId" : "QSA",
      "lastUpdateUserId" : "QSA",
      "computerId" : "GLSVR171217",
      "lastSynchronizedDate" : null,
      "addressNumber" : "2283",
      "sequence" : 0,
      "name" : "PT Harrisma Buwana Jaya",
      "mailingName" : "PT Harrisma Buwana Jaya",
      "description" : "",
      "firstName" : "",
      "middleName" : "",
      "lastName" : "",
      "nickname" : "",
      "salutation" : "",
      "gender" : "",
      "type" : "C",
      "religion" : "",
      "dateOfBirth" : null,
      "placeOfBirth" : "",
      "socialSecurityNumber" : "",
      "socialSecurityDate" : null,
      "mediaObjectReference" : "",
      "lastUpdateDateTime" : "2017-12-17T00:00:00",
      "inputDateTime" : "2017-12-17T00:00:00",
      "_links" : {
        "self" : {
          "href" : "http://localhost/api/contacts/2283_0"
        },
        "contactPerson" : {
          "href" : "http://localhost/api/contacts/2283_0"
        },
        "master" : {
          "href" : "http://localhost/api/contacts/2283_0/master"
        }
      }
    }, {
      "inputUserId" : "QSA",
      "lastUpdateUserId" : "QSA",
      "computerId" : "GLSVR171217",
      "lastSynchronizedDate" : null,
      "addressNumber" : "2284",
      "sequence" : 0,
      "name" : "PT Harrisma Dewata Jaya",
      "mailingName" : "PT Harrisma Dewata Jaya",
      "description" : "",
      "firstName" : "",
      "middleName" : "",
      "lastName" : "",
      "nickname" : "",
      "salutation" : "",
      "gender" : "",
      "type" : "C",
      "religion" : "",
      "dateOfBirth" : null,
      "placeOfBirth" : "",
      "socialSecurityNumber" : "",
      "socialSecurityDate" : null,
      "mediaObjectReference" : "",
      "lastUpdateDateTime" : "2017-12-17T00:00:00",
      "inputDateTime" : "2017-12-17T00:00:00",
      "_links" : {
        "self" : {
          "href" : "http://localhost/api/contacts/2284_0"
        },
        "contactPerson" : {
          "href" : "http://localhost/api/contacts/2284_0"
        },
        "master" : {
          "href" : "http://localhost/api/contacts/2284_0/master"
        }
      }
    }, {
      "inputUserId" : "QSA",
      "lastUpdateUserId" : "QSA",
      "computerId" : "GLSVR171217",
      "lastSynchronizedDate" : null,
      "addressNumber" : "2285",
      "sequence" : 0,
      "name" : "PT Harrisma Wisesajaya",
      "mailingName" : "PT Harrisma Wisesajaya",
      "description" : "",
      "firstName" : "",
      "middleName" : "",
      "lastName" : "",
      "nickname" : "",
      "salutation" : "",
      "gender" : "",
      "type" : "C",
      "religion" : "",
      "dateOfBirth" : null,
      "placeOfBirth" : "",
      "socialSecurityNumber" : "",
      "socialSecurityDate" : null,
      "mediaObjectReference" : "",
      "lastUpdateDateTime" : "2017-12-17T00:00:00",
      "inputDateTime" : "2017-12-17T00:00:00",
      "_links" : {
        "self" : {
          "href" : "http://localhost/api/contacts/2285_0"
        },
        "contactPerson" : {
          "href" : "http://localhost/api/contacts/2285_0"
        },
        "master" : {
          "href" : "http://localhost/api/contacts/2285_0/master"
        }
      }
    }, {
      "inputUserId" : "QSA",
      "lastUpdateUserId" : "QSA",
      "computerId" : "GLSVR171217",
      "lastSynchronizedDate" : null,
      "addressNumber" : "2285",
      "sequence" : 1,
      "name" : "Bu Ayu",
      "mailingName" : "Bu Ayu",
      "description" : "",
      "firstName" : "",
      "middleName" : "",
      "lastName" : "",
      "nickname" : "",
      "salutation" : "",
      "gender" : "",
      "type" : "C",
      "religion" : "",
      "dateOfBirth" : null,
      "placeOfBirth" : "",
      "socialSecurityNumber" : "",
      "socialSecurityDate" : null,
      "mediaObjectReference" : "",
      "lastUpdateDateTime" : "2017-12-17T00:00:00",
      "inputDateTime" : "2017-12-17T00:00:00",
      "_links" : {
        "self" : {
          "href" : "http://localhost/api/contacts/2285_1"
        },
        "contactPerson" : {
          "href" : "http://localhost/api/contacts/2285_1"
        },
        "master" : {
          "href" : "http://localhost/api/contacts/2285_1/master"
        }
      }
    }, {
      "inputUserId" : "QSA",
      "lastUpdateUserId" : "QSA",
      "computerId" : "GLSVR171217",
      "lastSynchronizedDate" : null,
      "addressNumber" : "2286",
      "sequence" : 0,
      "name" : "PT Harum Alam Segar",
      "mailingName" : "PT Harum Alam Segar",
      "description" : "",
      "firstName" : "",
      "middleName" : "",
      "lastName" : "",
      "nickname" : "",
      "salutation" : "",
      "gender" : "",
      "type" : "C",
      "religion" : "",
      "dateOfBirth" : null,
      "placeOfBirth" : "",
      "socialSecurityNumber" : "",
      "socialSecurityDate" : null,
      "mediaObjectReference" : "",
      "lastUpdateDateTime" : "2017-12-17T00:00:00",
      "inputDateTime" : "2017-12-17T00:00:00",
      "_links" : {
        "self" : {
          "href" : "http://localhost/api/contacts/2286_0"
        },
        "contactPerson" : {
          "href" : "http://localhost/api/contacts/2286_0"
        },
        "master" : {
          "href" : "http://localhost/api/contacts/2286_0/master"
        }
      }
    }, {
      "inputUserId" : "QSA",
      "lastUpdateUserId" : "QSA",
      "computerId" : "GLSVR171217",
      "lastSynchronizedDate" : null,
      "addressNumber" : "2287",
      "sequence" : 0,
      "name" : "PT Hasil",
      "mailingName" : "PT Hasil",
      "description" : "",
      "firstName" : "",
      "middleName" : "",
      "lastName" : "",
      "nickname" : "",
      "salutation" : "",
      "gender" : "",
      "type" : "C",
      "religion" : "",
      "dateOfBirth" : null,
      "placeOfBirth" : "",
      "socialSecurityNumber" : "",
      "socialSecurityDate" : null,
      "mediaObjectReference" : "",
      "lastUpdateDateTime" : "2017-12-17T00:00:00",
      "inputDateTime" : "2017-12-17T00:00:00",
      "_links" : {
        "self" : {
          "href" : "http://localhost/api/contacts/2287_0"
        },
        "contactPerson" : {
          "href" : "http://localhost/api/contacts/2287_0"
        },
        "master" : {
          "href" : "http://localhost/api/contacts/2287_0/master"
        }
      }
    }, {
      "inputUserId" : "QSA",
      "lastUpdateUserId" : "QSA",
      "computerId" : "GLSVR171217",
      "lastSynchronizedDate" : null,
      "addressNumber" : "2288",
      "sequence" : 0,
      "name" : "PT Hasil Fastindo",
      "mailingName" : "PT Hasil Fastindo",
      "description" : "",
      "firstName" : "",
      "middleName" : "",
      "lastName" : "",
      "nickname" : "",
      "salutation" : "",
      "gender" : "",
      "type" : "C",
      "religion" : "",
      "dateOfBirth" : null,
      "placeOfBirth" : "",
      "socialSecurityNumber" : "",
      "socialSecurityDate" : null,
      "mediaObjectReference" : "",
      "lastUpdateDateTime" : "2017-12-17T00:00:00",
      "inputDateTime" : "2017-12-17T00:00:00",
      "_links" : {
        "self" : {
          "href" : "http://localhost/api/contacts/2288_0"
        },
        "contactPerson" : {
          "href" : "http://localhost/api/contacts/2288_0"
        },
        "master" : {
          "href" : "http://localhost/api/contacts/2288_0/master"
        }
      }
    }, {
      "inputUserId" : "QSA",
      "lastUpdateUserId" : "QSA",
      "computerId" : "GLSVR171217",
      "lastSynchronizedDate" : null,
      "addressNumber" : "2289",
      "sequence" : 0,
      "name" : "PT Hatsonsurya Electric",
      "mailingName" : "PT Hatsonsurya Electric",
      "description" : "",
      "firstName" : "",
      "middleName" : "",
      "lastName" : "",
      "nickname" : "",
      "salutation" : "",
      "gender" : "",
      "type" : "C",
      "religion" : "",
      "dateOfBirth" : null,
      "placeOfBirth" : "",
      "socialSecurityNumber" : "",
      "socialSecurityDate" : null,
      "mediaObjectReference" : "",
      "lastUpdateDateTime" : "2017-12-17T00:00:00",
      "inputDateTime" : "2017-12-17T00:00:00",
      "_links" : {
        "self" : {
          "href" : "http://localhost/api/contacts/2289_0"
        },
        "contactPerson" : {
          "href" : "http://localhost/api/contacts/2289_0"
        },
        "master" : {
          "href" : "http://localhost/api/contacts/2289_0/master"
        }
      }
    }, {
      "inputUserId" : "QSA",
      "lastUpdateUserId" : "ANTHONI",
      "computerId" : "GLSVR171217",
      "lastSynchronizedDate" : null,
      "addressNumber" : "2290",
      "sequence" : 0,
      "name" : "PT HnD Gemilang Solusindo",
      "mailingName" : "PT HnD Gemilang Solusindo",
      "description" : "",
      "firstName" : "",
      "middleName" : "",
      "lastName" : "",
      "nickname" : "",
      "salutation" : "",
      "gender" : "",
      "type" : "C",
      "religion" : "",
      "dateOfBirth" : null,
      "placeOfBirth" : "",
      "socialSecurityNumber" : "",
      "socialSecurityDate" : null,
      "mediaObjectReference" : "",
      "lastUpdateDateTime" : "2018-03-21T16:38:08",
      "inputDateTime" : "2017-12-17T00:00:00",
      "_links" : {
        "self" : {
          "href" : "http://localhost/api/contacts/2290_0"
        },
        "contactPerson" : {
          "href" : "http://localhost/api/contacts/2290_0"
        },
        "master" : {
          "href" : "http://localhost/api/contacts/2290_0/master"
        }
      }
    }, {
      "inputUserId" : "QSA",
      "lastUpdateUserId" : "QSA",
      "computerId" : "GLSVR171217",
      "lastSynchronizedDate" : null,
      "addressNumber" : "2291",
      "sequence" : 0,
      "name" : "PT HND Komputama",
      "mailingName" : "PT HND Komputama",
      "description" : "",
      "firstName" : "",
      "middleName" : "",
      "lastName" : "",
      "nickname" : "",
      "salutation" : "",
      "gender" : "",
      "type" : "C",
      "religion" : "",
      "dateOfBirth" : null,
      "placeOfBirth" : "",
      "socialSecurityNumber" : "",
      "socialSecurityDate" : null,
      "mediaObjectReference" : "",
      "lastUpdateDateTime" : "2017-12-17T00:00:00",
      "inputDateTime" : "2017-12-17T00:00:00",
      "_links" : {
        "self" : {
          "href" : "http://localhost/api/contacts/2291_0"
        },
        "contactPerson" : {
          "href" : "http://localhost/api/contacts/2291_0"
        },
        "master" : {
          "href" : "http://localhost/api/contacts/2291_0/master"
        }
      }
    }, {
      "inputUserId" : "QSA",
      "lastUpdateUserId" : "QSA",
      "computerId" : "GLSVR171217",
      "lastSynchronizedDate" : null,
      "addressNumber" : "2292",
      "sequence" : 0,
      "name" : "PT Imperium Happy Puppy",
      "mailingName" : "PT Imperium Happy Puppy",
      "description" : "",
      "firstName" : "",
      "middleName" : "",
      "lastName" : "",
      "nickname" : "",
      "salutation" : "",
      "gender" : "",
      "type" : "C",
      "religion" : "",
      "dateOfBirth" : null,
      "placeOfBirth" : "",
      "socialSecurityNumber" : "",
      "socialSecurityDate" : null,
      "mediaObjectReference" : "",
      "lastUpdateDateTime" : "2017-12-17T00:00:00",
      "inputDateTime" : "2017-12-17T00:00:00",
      "_links" : {
        "self" : {
          "href" : "http://localhost/api/contacts/2292_0"
        },
        "contactPerson" : {
          "href" : "http://localhost/api/contacts/2292_0"
        },
        "master" : {
          "href" : "http://localhost/api/contacts/2292_0/master"
        }
      }
    }, {
      "inputUserId" : "QSA",
      "lastUpdateUserId" : "QSA",
      "computerId" : "GLSVR171217",
      "lastSynchronizedDate" : null,
      "addressNumber" : "2293",
      "sequence" : 0,
      "name" : "PT Indonusa Solutama",
      "mailingName" : "PT Indonusa Solutama",
      "description" : "",
      "firstName" : "",
      "middleName" : "",
      "lastName" : "",
      "nickname" : "",
      "salutation" : "",
      "gender" : "",
      "type" : "C",
      "religion" : "",
      "dateOfBirth" : null,
      "placeOfBirth" : "",
      "socialSecurityNumber" : "",
      "socialSecurityDate" : null,
      "mediaObjectReference" : "",
      "lastUpdateDateTime" : "2017-12-17T00:00:00",
      "inputDateTime" : "2017-12-17T00:00:00",
      "_links" : {
        "self" : {
          "href" : "http://localhost/api/contacts/2293_0"
        },
        "contactPerson" : {
          "href" : "http://localhost/api/contacts/2293_0"
        },
        "master" : {
          "href" : "http://localhost/api/contacts/2293_0/master"
        }
      }
    }, {
      "inputUserId" : "QSA",
      "lastUpdateUserId" : "QSA",
      "computerId" : "GLSVR171217",
      "lastSynchronizedDate" : null,
      "addressNumber" : "2294",
      "sequence" : 0,
      "name" : "PT Inflon",
      "mailingName" : "PT Inflon",
      "description" : "",
      "firstName" : "",
      "middleName" : "",
      "lastName" : "",
      "nickname" : "",
      "salutation" : "",
      "gender" : "",
      "type" : "C",
      "religion" : "",
      "dateOfBirth" : null,
      "placeOfBirth" : "",
      "socialSecurityNumber" : "",
      "socialSecurityDate" : null,
      "mediaObjectReference" : "",
      "lastUpdateDateTime" : "2017-12-17T00:00:00",
      "inputDateTime" : "2017-12-17T00:00:00",
      "_links" : {
        "self" : {
          "href" : "http://localhost/api/contacts/2294_0"
        },
        "contactPerson" : {
          "href" : "http://localhost/api/contacts/2294_0"
        },
        "master" : {
          "href" : "http://localhost/api/contacts/2294_0/master"
        }
      }
    }, {
      "inputUserId" : "QSA",
      "lastUpdateUserId" : "QSA",
      "computerId" : "GLSVR171217",
      "lastSynchronizedDate" : null,
      "addressNumber" : "2295",
      "sequence" : 0,
      "name" : "PT Insan",
      "mailingName" : "PT Insan",
      "description" : "",
      "firstName" : "",
      "middleName" : "",
      "lastName" : "",
      "nickname" : "",
      "salutation" : "",
      "gender" : "",
      "type" : "C",
      "religion" : "",
      "dateOfBirth" : null,
      "placeOfBirth" : "",
      "socialSecurityNumber" : "",
      "socialSecurityDate" : null,
      "mediaObjectReference" : "",
      "lastUpdateDateTime" : "2017-12-17T00:00:00",
      "inputDateTime" : "2017-12-17T00:00:00",
      "_links" : {
        "self" : {
          "href" : "http://localhost/api/contacts/2295_0"
        },
        "contactPerson" : {
          "href" : "http://localhost/api/contacts/2295_0"
        },
        "master" : {
          "href" : "http://localhost/api/contacts/2295_0/master"
        }
      }
    }, {
      "inputUserId" : "QSA",
      "lastUpdateUserId" : "QSA",
      "computerId" : "GLSVR171217",
      "lastSynchronizedDate" : null,
      "addressNumber" : "2296",
      "sequence" : 0,
      "name" : "PT Inti Global Network",
      "mailingName" : "PT Inti Global Network",
      "description" : "",
      "firstName" : "",
      "middleName" : "",
      "lastName" : "",
      "nickname" : "",
      "salutation" : "",
      "gender" : "",
      "type" : "C",
      "religion" : "",
      "dateOfBirth" : null,
      "placeOfBirth" : "",
      "socialSecurityNumber" : "",
      "socialSecurityDate" : null,
      "mediaObjectReference" : "",
      "lastUpdateDateTime" : "2017-12-17T00:00:00",
      "inputDateTime" : "2017-12-17T00:00:00",
      "_links" : {
        "self" : {
          "href" : "http://localhost/api/contacts/2296_0"
        },
        "contactPerson" : {
          "href" : "http://localhost/api/contacts/2296_0"
        },
        "master" : {
          "href" : "http://localhost/api/contacts/2296_0/master"
        }
      }
    }, {
      "inputUserId" : "QSA",
      "lastUpdateUserId" : "QSA",
      "computerId" : "GLSVR171217",
      "lastSynchronizedDate" : null,
      "addressNumber" : "2297",
      "sequence" : 0,
      "name" : "PT Inti Solusindo Abadi",
      "mailingName" : "PT Inti Solusindo Abadi",
      "description" : "",
      "firstName" : "",
      "middleName" : "",
      "lastName" : "",
      "nickname" : "",
      "salutation" : "",
      "gender" : "",
      "type" : "C",
      "religion" : "",
      "dateOfBirth" : null,
      "placeOfBirth" : "",
      "socialSecurityNumber" : "",
      "socialSecurityDate" : null,
      "mediaObjectReference" : "",
      "lastUpdateDateTime" : "2017-12-17T00:00:00",
      "inputDateTime" : "2017-12-17T00:00:00",
      "_links" : {
        "self" : {
          "href" : "http://localhost/api/contacts/2297_0"
        },
        "contactPerson" : {
          "href" : "http://localhost/api/contacts/2297_0"
        },
        "master" : {
          "href" : "http://localhost/api/contacts/2297_0/master"
        }
      }
    }, {
      "inputUserId" : "QSA",
      "lastUpdateUserId" : "QSA",
      "computerId" : "GLSVR171217",
      "lastSynchronizedDate" : null,
      "addressNumber" : "2298",
      "sequence" : 0,
      "name" : "PT Intikom Berlian Mustika",
      "mailingName" : "PT Intikom Berlian Mustika",
      "description" : "",
      "firstName" : "",
      "middleName" : "",
      "lastName" : "",
      "nickname" : "",
      "salutation" : "",
      "gender" : "",
      "type" : "C",
      "religion" : "",
      "dateOfBirth" : null,
      "placeOfBirth" : "",
      "socialSecurityNumber" : "",
      "socialSecurityDate" : null,
      "mediaObjectReference" : "",
      "lastUpdateDateTime" : "2017-12-17T00:00:00",
      "inputDateTime" : "2017-12-17T00:00:00",
      "_links" : {
        "self" : {
          "href" : "http://localhost/api/contacts/2298_0"
        },
        "contactPerson" : {
          "href" : "http://localhost/api/contacts/2298_0"
        },
        "master" : {
          "href" : "http://localhost/api/contacts/2298_0/master"
        }
      }
    }, {
      "inputUserId" : "QSA",
      "lastUpdateUserId" : "QSA",
      "computerId" : "GLSVR171217",
      "lastSynchronizedDate" : null,
      "addressNumber" : "2299",
      "sequence" : 0,
      "name" : "PT IVI",
      "mailingName" : "PT IVI",
      "description" : "",
      "firstName" : "",
      "middleName" : "",
      "lastName" : "",
      "nickname" : "",
      "salutation" : "",
      "gender" : "",
      "type" : "C",
      "religion" : "",
      "dateOfBirth" : null,
      "placeOfBirth" : "",
      "socialSecurityNumber" : "",
      "socialSecurityDate" : null,
      "mediaObjectReference" : "",
      "lastUpdateDateTime" : "2017-12-17T00:00:00",
      "inputDateTime" : "2017-12-17T00:00:00",
      "_links" : {
        "self" : {
          "href" : "http://localhost/api/contacts/2299_0"
        },
        "contactPerson" : {
          "href" : "http://localhost/api/contacts/2299_0"
        },
        "master" : {
          "href" : "http://localhost/api/contacts/2299_0/master"
        }
      }
    }, {
      "inputUserId" : "QSA",
      "lastUpdateUserId" : "QSA",
      "computerId" : "GLSVR171217",
      "lastSynchronizedDate" : null,
      "addressNumber" : "2300",
      "sequence" : 0,
      "name" : "PT Jala Lautan",
      "mailingName" : "PT Jala Lautan",
      "description" : "",
      "firstName" : "",
      "middleName" : "",
      "lastName" : "",
      "nickname" : "",
      "salutation" : "",
      "gender" : "",
      "type" : "C",
      "religion" : "",
      "dateOfBirth" : null,
      "placeOfBirth" : "",
      "socialSecurityNumber" : "",
      "socialSecurityDate" : null,
      "mediaObjectReference" : "",
      "lastUpdateDateTime" : "2017-12-17T00:00:00",
      "inputDateTime" : "2017-12-17T00:00:00",
      "_links" : {
        "self" : {
          "href" : "http://localhost/api/contacts/2300_0"
        },
        "contactPerson" : {
          "href" : "http://localhost/api/contacts/2300_0"
        },
        "master" : {
          "href" : "http://localhost/api/contacts/2300_0/master"
        }
      }
    }, {
      "inputUserId" : "QSA",
      "lastUpdateUserId" : "QSA",
      "computerId" : "GLSVR171217",
      "lastSynchronizedDate" : null,
      "addressNumber" : "2301",
      "sequence" : 0,
      "name" : "PT Javadwipa Duta Mandiri",
      "mailingName" : "PT Javadwipa Duta Mandiri",
      "description" : "",
      "firstName" : "",
      "middleName" : "",
      "lastName" : "",
      "nickname" : "",
      "salutation" : "",
      "gender" : "",
      "type" : "C",
      "religion" : "",
      "dateOfBirth" : null,
      "placeOfBirth" : "",
      "socialSecurityNumber" : "",
      "socialSecurityDate" : null,
      "mediaObjectReference" : "",
      "lastUpdateDateTime" : "2017-12-17T00:00:00",
      "inputDateTime" : "2017-12-17T00:00:00",
      "_links" : {
        "self" : {
          "href" : "http://localhost/api/contacts/2301_0"
        },
        "contactPerson" : {
          "href" : "http://localhost/api/contacts/2301_0"
        },
        "master" : {
          "href" : "http://localhost/api/contacts/2301_0/master"
        }
      }
    }, {
      "inputUserId" : "QSA",
      "lastUpdateUserId" : "QSA",
      "computerId" : "GLSVR171217",
      "lastSynchronizedDate" : null,
      "addressNumber" : "2302",
      "sequence" : 0,
      "name" : "PT Karunia Alam Segar",
      "mailingName" : "PT Karunia Alam Segar",
      "description" : "",
      "firstName" : "",
      "middleName" : "",
      "lastName" : "",
      "nickname" : "",
      "salutation" : "",
      "gender" : "",
      "type" : "C",
      "religion" : "",
      "dateOfBirth" : null,
      "placeOfBirth" : "",
      "socialSecurityNumber" : "",
      "socialSecurityDate" : null,
      "mediaObjectReference" : "",
      "lastUpdateDateTime" : "2017-12-17T00:00:00",
      "inputDateTime" : "2017-12-17T00:00:00",
      "_links" : {
        "self" : {
          "href" : "http://localhost/api/contacts/2302_0"
        },
        "contactPerson" : {
          "href" : "http://localhost/api/contacts/2302_0"
        },
        "master" : {
          "href" : "http://localhost/api/contacts/2302_0/master"
        }
      }
    }, {
      "inputUserId" : "QSA",
      "lastUpdateUserId" : "QSA",
      "computerId" : "GLSVR171217",
      "lastSynchronizedDate" : null,
      "addressNumber" : "2303",
      "sequence" : 0,
      "name" : "PT Karyaindah Alam Sejahtera",
      "mailingName" : "PT Karyaindah Alam Sejahtera",
      "description" : "",
      "firstName" : "",
      "middleName" : "",
      "lastName" : "",
      "nickname" : "",
      "salutation" : "",
      "gender" : "",
      "type" : "C",
      "religion" : "",
      "dateOfBirth" : null,
      "placeOfBirth" : "",
      "socialSecurityNumber" : "",
      "socialSecurityDate" : null,
      "mediaObjectReference" : "",
      "lastUpdateDateTime" : "2017-12-17T00:00:00",
      "inputDateTime" : "2017-12-17T00:00:00",
      "_links" : {
        "self" : {
          "href" : "http://localhost/api/contacts/2303_0"
        },
        "contactPerson" : {
          "href" : "http://localhost/api/contacts/2303_0"
        },
        "master" : {
          "href" : "http://localhost/api/contacts/2303_0/master"
        }
      }
    }, {
      "inputUserId" : "QSA",
      "lastUpdateUserId" : "QSA",
      "computerId" : "GLSVR171217",
      "lastSynchronizedDate" : null,
      "addressNumber" : "2304",
      "sequence" : 0,
      "name" : "PT Kemasindo Mitra Sejati 1",
      "mailingName" : "PT Kemasindo Mitra Sejati 1",
      "description" : "",
      "firstName" : "",
      "middleName" : "",
      "lastName" : "",
      "nickname" : "",
      "salutation" : "",
      "gender" : "",
      "type" : "C",
      "religion" : "",
      "dateOfBirth" : null,
      "placeOfBirth" : "",
      "socialSecurityNumber" : "",
      "socialSecurityDate" : null,
      "mediaObjectReference" : "",
      "lastUpdateDateTime" : "2017-12-17T00:00:00",
      "inputDateTime" : "2017-12-17T00:00:00",
      "_links" : {
        "self" : {
          "href" : "http://localhost/api/contacts/2304_0"
        },
        "contactPerson" : {
          "href" : "http://localhost/api/contacts/2304_0"
        },
        "master" : {
          "href" : "http://localhost/api/contacts/2304_0/master"
        }
      }
    }, {
      "inputUserId" : "QSA",
      "lastUpdateUserId" : "QSA",
      "computerId" : "GLSVR171217",
      "lastSynchronizedDate" : null,
      "addressNumber" : "2305",
      "sequence" : 0,
      "name" : "PT Kemasindo Mitra Sejati 2",
      "mailingName" : "PT Kemasindo Mitra Sejati 2",
      "description" : "",
      "firstName" : "",
      "middleName" : "",
      "lastName" : "",
      "nickname" : "",
      "salutation" : "",
      "gender" : "",
      "type" : "C",
      "religion" : "",
      "dateOfBirth" : null,
      "placeOfBirth" : "",
      "socialSecurityNumber" : "",
      "socialSecurityDate" : null,
      "mediaObjectReference" : "",
      "lastUpdateDateTime" : "2017-12-17T00:00:00",
      "inputDateTime" : "2017-12-17T00:00:00",
      "_links" : {
        "self" : {
          "href" : "http://localhost/api/contacts/2305_0"
        },
        "contactPerson" : {
          "href" : "http://localhost/api/contacts/2305_0"
        },
        "master" : {
          "href" : "http://localhost/api/contacts/2305_0/master"
        }
      }
    }, {
      "inputUserId" : "QSA",
      "lastUpdateUserId" : "QSA",
      "computerId" : "GLSVR171217",
      "lastSynchronizedDate" : null,
      "addressNumber" : "2306",
      "sequence" : 0,
      "name" : "PT Kharisma Network System",
      "mailingName" : "PT Kharisma Network System",
      "description" : "",
      "firstName" : "",
      "middleName" : "",
      "lastName" : "",
      "nickname" : "",
      "salutation" : "",
      "gender" : "",
      "type" : "C",
      "religion" : "",
      "dateOfBirth" : null,
      "placeOfBirth" : "",
      "socialSecurityNumber" : "",
      "socialSecurityDate" : null,
      "mediaObjectReference" : "",
      "lastUpdateDateTime" : "2017-12-17T00:00:00",
      "inputDateTime" : "2017-12-17T00:00:00",
      "_links" : {
        "self" : {
          "href" : "http://localhost/api/contacts/2306_0"
        },
        "contactPerson" : {
          "href" : "http://localhost/api/contacts/2306_0"
        },
        "master" : {
          "href" : "http://localhost/api/contacts/2306_0/master"
        }
      }
    }, {
      "inputUserId" : "QSA",
      "lastUpdateUserId" : "QSA",
      "computerId" : "GLSVR171217",
      "lastSynchronizedDate" : null,
      "addressNumber" : "2307",
      "sequence" : 0,
      "name" : "PT Lati Prayogi",
      "mailingName" : "PT Lati Prayogi",
      "description" : "",
      "firstName" : "",
      "middleName" : "",
      "lastName" : "",
      "nickname" : "",
      "salutation" : "",
      "gender" : "",
      "type" : "C",
      "religion" : "",
      "dateOfBirth" : null,
      "placeOfBirth" : "",
      "socialSecurityNumber" : "",
      "socialSecurityDate" : null,
      "mediaObjectReference" : "",
      "lastUpdateDateTime" : "2017-12-17T00:00:00",
      "inputDateTime" : "2017-12-17T00:00:00",
      "_links" : {
        "self" : {
          "href" : "http://localhost/api/contacts/2307_0"
        },
        "contactPerson" : {
          "href" : "http://localhost/api/contacts/2307_0"
        },
        "master" : {
          "href" : "http://localhost/api/contacts/2307_0/master"
        }
      }
    }, {
      "inputUserId" : "QSA",
      "lastUpdateUserId" : "QSA",
      "computerId" : "GLSVR171217",
      "lastSynchronizedDate" : null,
      "addressNumber" : "2308",
      "sequence" : 0,
      "name" : "PT Logikreasi Utama",
      "mailingName" : "PT Logikreasi Utama",
      "description" : "",
      "firstName" : "",
      "middleName" : "",
      "lastName" : "",
      "nickname" : "",
      "salutation" : "",
      "gender" : "",
      "type" : "C",
      "religion" : "",
      "dateOfBirth" : null,
      "placeOfBirth" : "",
      "socialSecurityNumber" : "",
      "socialSecurityDate" : null,
      "mediaObjectReference" : "",
      "lastUpdateDateTime" : "2017-12-17T00:00:00",
      "inputDateTime" : "2017-12-17T00:00:00",
      "_links" : {
        "self" : {
          "href" : "http://localhost/api/contacts/2308_0"
        },
        "contactPerson" : {
          "href" : "http://localhost/api/contacts/2308_0"
        },
        "master" : {
          "href" : "http://localhost/api/contacts/2308_0/master"
        }
      }
    }, {
      "inputUserId" : "QSA",
      "lastUpdateUserId" : "QSA",
      "computerId" : "GLSVR171217",
      "lastSynchronizedDate" : null,
      "addressNumber" : "2309",
      "sequence" : 0,
      "name" : "PT Lukindari Permata",
      "mailingName" : "PT Lukindari Permata",
      "description" : "",
      "firstName" : "",
      "middleName" : "",
      "lastName" : "",
      "nickname" : "",
      "salutation" : "",
      "gender" : "",
      "type" : "C",
      "religion" : "",
      "dateOfBirth" : null,
      "placeOfBirth" : "",
      "socialSecurityNumber" : "",
      "socialSecurityDate" : null,
      "mediaObjectReference" : "",
      "lastUpdateDateTime" : "2017-12-17T00:00:00",
      "inputDateTime" : "2017-12-17T00:00:00",
      "_links" : {
        "self" : {
          "href" : "http://localhost/api/contacts/2309_0"
        },
        "contactPerson" : {
          "href" : "http://localhost/api/contacts/2309_0"
        },
        "master" : {
          "href" : "http://localhost/api/contacts/2309_0/master"
        }
      }
    }, {
      "inputUserId" : "QSA",
      "lastUpdateUserId" : "QSA",
      "computerId" : "GLSVR171217",
      "lastSynchronizedDate" : null,
      "addressNumber" : "2310",
      "sequence" : 0,
      "name" : "PT Magna Karsa Mulya",
      "mailingName" : "PT Magna Karsa Mulya",
      "description" : "",
      "firstName" : "",
      "middleName" : "",
      "lastName" : "",
      "nickname" : "",
      "salutation" : "",
      "gender" : "",
      "type" : "C",
      "religion" : "",
      "dateOfBirth" : null,
      "placeOfBirth" : "",
      "socialSecurityNumber" : "",
      "socialSecurityDate" : null,
      "mediaObjectReference" : "",
      "lastUpdateDateTime" : "2017-12-17T00:00:00",
      "inputDateTime" : "2017-12-17T00:00:00",
      "_links" : {
        "self" : {
          "href" : "http://localhost/api/contacts/2310_0"
        },
        "contactPerson" : {
          "href" : "http://localhost/api/contacts/2310_0"
        },
        "master" : {
          "href" : "http://localhost/api/contacts/2310_0/master"
        }
      }
    }, {
      "inputUserId" : "QSA",
      "lastUpdateUserId" : "QSA",
      "computerId" : "GLSVR171217",
      "lastSynchronizedDate" : null,
      "addressNumber" : "2311",
      "sequence" : 0,
      "name" : "PT Masterdata Bali",
      "mailingName" : "PT Masterdata Bali",
      "description" : "",
      "firstName" : "",
      "middleName" : "",
      "lastName" : "",
      "nickname" : "",
      "salutation" : "",
      "gender" : "",
      "type" : "C",
      "religion" : "",
      "dateOfBirth" : null,
      "placeOfBirth" : "",
      "socialSecurityNumber" : "",
      "socialSecurityDate" : null,
      "mediaObjectReference" : "",
      "lastUpdateDateTime" : "2017-12-17T00:00:00",
      "inputDateTime" : "2017-12-17T00:00:00",
      "_links" : {
        "self" : {
          "href" : "http://localhost/api/contacts/2311_0"
        },
        "contactPerson" : {
          "href" : "http://localhost/api/contacts/2311_0"
        },
        "master" : {
          "href" : "http://localhost/api/contacts/2311_0/master"
        }
      }
    }, {
      "inputUserId" : "QSA",
      "lastUpdateUserId" : "QSA",
      "computerId" : "GLSVR171217",
      "lastSynchronizedDate" : null,
      "addressNumber" : "2312",
      "sequence" : 0,
      "name" : "PT Matahari Makmur",
      "mailingName" : "PT Matahari Makmur",
      "description" : "",
      "firstName" : "",
      "middleName" : "",
      "lastName" : "",
      "nickname" : "",
      "salutation" : "",
      "gender" : "",
      "type" : "C",
      "religion" : "",
      "dateOfBirth" : null,
      "placeOfBirth" : "",
      "socialSecurityNumber" : "",
      "socialSecurityDate" : null,
      "mediaObjectReference" : "",
      "lastUpdateDateTime" : "2017-12-17T00:00:00",
      "inputDateTime" : "2017-12-17T00:00:00",
      "_links" : {
        "self" : {
          "href" : "http://localhost/api/contacts/2312_0"
        },
        "contactPerson" : {
          "href" : "http://localhost/api/contacts/2312_0"
        },
        "master" : {
          "href" : "http://localhost/api/contacts/2312_0/master"
        }
      }
    }, {
      "inputUserId" : "QSA",
      "lastUpdateUserId" : "QSA",
      "computerId" : "GLSVR171217",
      "lastSynchronizedDate" : null,
      "addressNumber" : "2313",
      "sequence" : 0,
      "name" : "PT Mega Star Electronics",
      "mailingName" : "PT Mega Star Electronics",
      "description" : "",
      "firstName" : "",
      "middleName" : "",
      "lastName" : "",
      "nickname" : "",
      "salutation" : "",
      "gender" : "",
      "type" : "C",
      "religion" : "",
      "dateOfBirth" : null,
      "placeOfBirth" : "",
      "socialSecurityNumber" : "",
      "socialSecurityDate" : null,
      "mediaObjectReference" : "",
      "lastUpdateDateTime" : "2017-12-17T00:00:00",
      "inputDateTime" : "2017-12-17T00:00:00",
      "_links" : {
        "self" : {
          "href" : "http://localhost/api/contacts/2313_0"
        },
        "contactPerson" : {
          "href" : "http://localhost/api/contacts/2313_0"
        },
        "master" : {
          "href" : "http://localhost/api/contacts/2313_0/master"
        }
      }
    }, {
      "inputUserId" : "QSA",
      "lastUpdateUserId" : "QSA",
      "computerId" : "GLSVR171217",
      "lastSynchronizedDate" : null,
      "addressNumber" : "2314",
      "sequence" : 0,
      "name" : "PT Merdeka Indonesia",
      "mailingName" : "PT Merdeka Indonesia",
      "description" : "",
      "firstName" : "",
      "middleName" : "",
      "lastName" : "",
      "nickname" : "",
      "salutation" : "",
      "gender" : "",
      "type" : "C",
      "religion" : "",
      "dateOfBirth" : null,
      "placeOfBirth" : "",
      "socialSecurityNumber" : "",
      "socialSecurityDate" : null,
      "mediaObjectReference" : "",
      "lastUpdateDateTime" : "2017-12-17T00:00:00",
      "inputDateTime" : "2017-12-17T00:00:00",
      "_links" : {
        "self" : {
          "href" : "http://localhost/api/contacts/2314_0"
        },
        "contactPerson" : {
          "href" : "http://localhost/api/contacts/2314_0"
        },
        "master" : {
          "href" : "http://localhost/api/contacts/2314_0/master"
        }
      }
    }, {
      "inputUserId" : "QSA",
      "lastUpdateUserId" : "QSA",
      "computerId" : "GLSVR171217",
      "lastSynchronizedDate" : null,
      "addressNumber" : "2315",
      "sequence" : 0,
      "name" : "PT Metrokom Jaya",
      "mailingName" : "PT Metrokom Jaya",
      "description" : "",
      "firstName" : "",
      "middleName" : "",
      "lastName" : "",
      "nickname" : "",
      "salutation" : "",
      "gender" : "",
      "type" : "C",
      "religion" : "",
      "dateOfBirth" : null,
      "placeOfBirth" : "",
      "socialSecurityNumber" : "",
      "socialSecurityDate" : null,
      "mediaObjectReference" : "",
      "lastUpdateDateTime" : "2017-12-17T00:00:00",
      "inputDateTime" : "2017-12-17T00:00:00",
      "_links" : {
        "self" : {
          "href" : "http://localhost/api/contacts/2315_0"
        },
        "contactPerson" : {
          "href" : "http://localhost/api/contacts/2315_0"
        },
        "master" : {
          "href" : "http://localhost/api/contacts/2315_0/master"
        }
      }
    }, {
      "inputUserId" : "QSA",
      "lastUpdateUserId" : "QSA",
      "computerId" : "GLSVR171217",
      "lastSynchronizedDate" : null,
      "addressNumber" : "2316",
      "sequence" : 0,
      "name" : "PT Mida Mas Perkasa",
      "mailingName" : "PT Mida Mas Perkasa",
      "description" : "",
      "firstName" : "",
      "middleName" : "",
      "lastName" : "",
      "nickname" : "",
      "salutation" : "",
      "gender" : "",
      "type" : "C",
      "religion" : "",
      "dateOfBirth" : null,
      "placeOfBirth" : "",
      "socialSecurityNumber" : "",
      "socialSecurityDate" : null,
      "mediaObjectReference" : "",
      "lastUpdateDateTime" : "2017-12-17T00:00:00",
      "inputDateTime" : "2017-12-17T00:00:00",
      "_links" : {
        "self" : {
          "href" : "http://localhost/api/contacts/2316_0"
        },
        "contactPerson" : {
          "href" : "http://localhost/api/contacts/2316_0"
        },
        "master" : {
          "href" : "http://localhost/api/contacts/2316_0/master"
        }
      }
    }, {
      "inputUserId" : "QSA",
      "lastUpdateUserId" : "QSA",
      "computerId" : "GLSVR171217",
      "lastSynchronizedDate" : null,
      "addressNumber" : "2317",
      "sequence" : 0,
      "name" : "PT Mitra Adyaniaga",
      "mailingName" : "PT Mitra Adyaniaga",
      "description" : "",
      "firstName" : "",
      "middleName" : "",
      "lastName" : "",
      "nickname" : "",
      "salutation" : "",
      "gender" : "",
      "type" : "C",
      "religion" : "",
      "dateOfBirth" : null,
      "placeOfBirth" : "",
      "socialSecurityNumber" : "",
      "socialSecurityDate" : null,
      "mediaObjectReference" : "",
      "lastUpdateDateTime" : "2017-12-17T00:00:00",
      "inputDateTime" : "2017-12-17T00:00:00",
      "_links" : {
        "self" : {
          "href" : "http://localhost/api/contacts/2317_0"
        },
        "contactPerson" : {
          "href" : "http://localhost/api/contacts/2317_0"
        },
        "master" : {
          "href" : "http://localhost/api/contacts/2317_0/master"
        }
      }
    }, {
      "inputUserId" : "QSA",
      "lastUpdateUserId" : "QSA",
      "computerId" : "GLSVR171217",
      "lastSynchronizedDate" : null,
      "addressNumber" : "2318",
      "sequence" : 0,
      "name" : "PT Mitra Alam Segar",
      "mailingName" : "PT Mitra Alam Segar",
      "description" : "",
      "firstName" : "",
      "middleName" : "",
      "lastName" : "",
      "nickname" : "",
      "salutation" : "",
      "gender" : "",
      "type" : "C",
      "religion" : "",
      "dateOfBirth" : null,
      "placeOfBirth" : "",
      "socialSecurityNumber" : "",
      "socialSecurityDate" : null,
      "mediaObjectReference" : "",
      "lastUpdateDateTime" : "2017-12-17T00:00:00",
      "inputDateTime" : "2017-12-17T00:00:00",
      "_links" : {
        "self" : {
          "href" : "http://localhost/api/contacts/2318_0"
        },
        "contactPerson" : {
          "href" : "http://localhost/api/contacts/2318_0"
        },
        "master" : {
          "href" : "http://localhost/api/contacts/2318_0/master"
        }
      }
    }, {
      "inputUserId" : "QSA",
      "lastUpdateUserId" : "QSA",
      "computerId" : "GLSVR171217",
      "lastSynchronizedDate" : null,
      "addressNumber" : "2319",
      "sequence" : 0,
      "name" : "PT Mitra Indo Bhakti Utama",
      "mailingName" : "PT Mitra Indo Bhakti Utama",
      "description" : "",
      "firstName" : "",
      "middleName" : "",
      "lastName" : "",
      "nickname" : "",
      "salutation" : "",
      "gender" : "",
      "type" : "C",
      "religion" : "",
      "dateOfBirth" : null,
      "placeOfBirth" : "",
      "socialSecurityNumber" : "",
      "socialSecurityDate" : null,
      "mediaObjectReference" : "",
      "lastUpdateDateTime" : "2017-12-17T00:00:00",
      "inputDateTime" : "2017-12-17T00:00:00",
      "_links" : {
        "self" : {
          "href" : "http://localhost/api/contacts/2319_0"
        },
        "contactPerson" : {
          "href" : "http://localhost/api/contacts/2319_0"
        },
        "master" : {
          "href" : "http://localhost/api/contacts/2319_0/master"
        }
      }
    }, {
      "inputUserId" : "QSA",
      "lastUpdateUserId" : "QSA",
      "computerId" : "GLSVR171217",
      "lastSynchronizedDate" : null,
      "addressNumber" : "2320",
      "sequence" : 0,
      "name" : "PT Mitra Infosarana",
      "mailingName" : "PT Mitra Infosarana",
      "description" : "",
      "firstName" : "",
      "middleName" : "",
      "lastName" : "",
      "nickname" : "",
      "salutation" : "",
      "gender" : "",
      "type" : "C",
      "religion" : "",
      "dateOfBirth" : null,
      "placeOfBirth" : "",
      "socialSecurityNumber" : "",
      "socialSecurityDate" : null,
      "mediaObjectReference" : "",
      "lastUpdateDateTime" : "2017-12-17T00:00:00",
      "inputDateTime" : "2017-12-17T00:00:00",
      "_links" : {
        "self" : {
          "href" : "http://localhost/api/contacts/2320_0"
        },
        "contactPerson" : {
          "href" : "http://localhost/api/contacts/2320_0"
        },
        "master" : {
          "href" : "http://localhost/api/contacts/2320_0/master"
        }
      }
    }, {
      "inputUserId" : "QSA",
      "lastUpdateUserId" : "QSA",
      "computerId" : "GLSVR171217",
      "lastSynchronizedDate" : null,
      "addressNumber" : "2321",
      "sequence" : 0,
      "name" : "PT Mitra Maxima Profitamas",
      "mailingName" : "PT Mitra Maxima Profitamas",
      "description" : "",
      "firstName" : "",
      "middleName" : "",
      "lastName" : "",
      "nickname" : "",
      "salutation" : "",
      "gender" : "",
      "type" : "C",
      "religion" : "",
      "dateOfBirth" : null,
      "placeOfBirth" : "",
      "socialSecurityNumber" : "",
      "socialSecurityDate" : null,
      "mediaObjectReference" : "",
      "lastUpdateDateTime" : "2017-12-17T00:00:00",
      "inputDateTime" : "2017-12-17T00:00:00",
      "_links" : {
        "self" : {
          "href" : "http://localhost/api/contacts/2321_0"
        },
        "contactPerson" : {
          "href" : "http://localhost/api/contacts/2321_0"
        },
        "master" : {
          "href" : "http://localhost/api/contacts/2321_0/master"
        }
      }
    }, {
      "inputUserId" : "QSA",
      "lastUpdateUserId" : "QSA",
      "computerId" : "GLSVR171217",
      "lastSynchronizedDate" : null,
      "addressNumber" : "2322",
      "sequence" : 0,
      "name" : "PT Mugen Multi Distribusi",
      "mailingName" : "PT Mugen Multi Distribusi",
      "description" : "",
      "firstName" : "",
      "middleName" : "",
      "lastName" : "",
      "nickname" : "",
      "salutation" : "",
      "gender" : "",
      "type" : "C",
      "religion" : "",
      "dateOfBirth" : null,
      "placeOfBirth" : "",
      "socialSecurityNumber" : "",
      "socialSecurityDate" : null,
      "mediaObjectReference" : "",
      "lastUpdateDateTime" : "2017-12-17T00:00:00",
      "inputDateTime" : "2017-12-17T00:00:00",
      "_links" : {
        "self" : {
          "href" : "http://localhost/api/contacts/2322_0"
        },
        "contactPerson" : {
          "href" : "http://localhost/api/contacts/2322_0"
        },
        "master" : {
          "href" : "http://localhost/api/contacts/2322_0/master"
        }
      }
    }, {
      "inputUserId" : "QSA",
      "lastUpdateUserId" : "QSA",
      "computerId" : "GLSVR171217",
      "lastSynchronizedDate" : null,
      "addressNumber" : "2323",
      "sequence" : 0,
      "name" : "PT Multi Manao Indonesia",
      "mailingName" : "PT Multi Manao Indonesia",
      "description" : "",
      "firstName" : "",
      "middleName" : "",
      "lastName" : "",
      "nickname" : "",
      "salutation" : "",
      "gender" : "",
      "type" : "C",
      "religion" : "",
      "dateOfBirth" : null,
      "placeOfBirth" : "",
      "socialSecurityNumber" : "",
      "socialSecurityDate" : null,
      "mediaObjectReference" : "",
      "lastUpdateDateTime" : "2017-12-17T00:00:00",
      "inputDateTime" : "2017-12-17T00:00:00",
      "_links" : {
        "self" : {
          "href" : "http://localhost/api/contacts/2323_0"
        },
        "contactPerson" : {
          "href" : "http://localhost/api/contacts/2323_0"
        },
        "master" : {
          "href" : "http://localhost/api/contacts/2323_0/master"
        }
      }
    }, {
      "inputUserId" : "QSA",
      "lastUpdateUserId" : "QSA",
      "computerId" : "GLSVR171217",
      "lastSynchronizedDate" : null,
      "addressNumber" : "2324",
      "sequence" : 0,
      "name" : "PT Multi Media Cipta Mandiri Komunikasi",
      "mailingName" : "PT Multi Media Cipta Mandiri Komunikasi",
      "description" : "",
      "firstName" : "",
      "middleName" : "",
      "lastName" : "",
      "nickname" : "",
      "salutation" : "",
      "gender" : "",
      "type" : "C",
      "religion" : "",
      "dateOfBirth" : null,
      "placeOfBirth" : "",
      "socialSecurityNumber" : "",
      "socialSecurityDate" : null,
      "mediaObjectReference" : "",
      "lastUpdateDateTime" : "2017-12-17T00:00:00",
      "inputDateTime" : "2017-12-17T00:00:00",
      "_links" : {
        "self" : {
          "href" : "http://localhost/api/contacts/2324_0"
        },
        "contactPerson" : {
          "href" : "http://localhost/api/contacts/2324_0"
        },
        "master" : {
          "href" : "http://localhost/api/contacts/2324_0/master"
        }
      }
    }, {
      "inputUserId" : "QSA",
      "lastUpdateUserId" : "QSA",
      "computerId" : "GLSVR171217",
      "lastSynchronizedDate" : null,
      "addressNumber" : "2325",
      "sequence" : 0,
      "name" : "PT Multi Rona Anugerah",
      "mailingName" : "PT Multi Rona Anugerah",
      "description" : "",
      "firstName" : "",
      "middleName" : "",
      "lastName" : "",
      "nickname" : "",
      "salutation" : "",
      "gender" : "",
      "type" : "C",
      "religion" : "",
      "dateOfBirth" : null,
      "placeOfBirth" : "",
      "socialSecurityNumber" : "",
      "socialSecurityDate" : null,
      "mediaObjectReference" : "",
      "lastUpdateDateTime" : "2017-12-17T00:00:00",
      "inputDateTime" : "2017-12-17T00:00:00",
      "_links" : {
        "self" : {
          "href" : "http://localhost/api/contacts/2325_0"
        },
        "contactPerson" : {
          "href" : "http://localhost/api/contacts/2325_0"
        },
        "master" : {
          "href" : "http://localhost/api/contacts/2325_0/master"
        }
      }
    }, {
      "inputUserId" : "QSA",
      "lastUpdateUserId" : "QSA",
      "computerId" : "GLSVR171217",
      "lastSynchronizedDate" : null,
      "addressNumber" : "2326",
      "sequence" : 0,
      "name" : "PT Multi Rona Anugrah",
      "mailingName" : "PT Multi Rona Anugrah",
      "description" : "",
      "firstName" : "",
      "middleName" : "",
      "lastName" : "",
      "nickname" : "",
      "salutation" : "",
      "gender" : "",
      "type" : "C",
      "religion" : "",
      "dateOfBirth" : null,
      "placeOfBirth" : "",
      "socialSecurityNumber" : "",
      "socialSecurityDate" : null,
      "mediaObjectReference" : "",
      "lastUpdateDateTime" : "2017-12-17T00:00:00",
      "inputDateTime" : "2017-12-17T00:00:00",
      "_links" : {
        "self" : {
          "href" : "http://localhost/api/contacts/2326_0"
        },
        "contactPerson" : {
          "href" : "http://localhost/api/contacts/2326_0"
        },
        "master" : {
          "href" : "http://localhost/api/contacts/2326_0/master"
        }
      }
    }, {
      "inputUserId" : "QSA",
      "lastUpdateUserId" : "QSA",
      "computerId" : "GLSVR171217",
      "lastSynchronizedDate" : null,
      "addressNumber" : "2327",
      "sequence" : 0,
      "name" : "PT Multi Sarana Computer",
      "mailingName" : "PT Multi Sarana Computer",
      "description" : "",
      "firstName" : "",
      "middleName" : "",
      "lastName" : "",
      "nickname" : "",
      "salutation" : "",
      "gender" : "",
      "type" : "C",
      "religion" : "",
      "dateOfBirth" : null,
      "placeOfBirth" : "",
      "socialSecurityNumber" : "",
      "socialSecurityDate" : null,
      "mediaObjectReference" : "",
      "lastUpdateDateTime" : "2017-12-17T00:00:00",
      "inputDateTime" : "2017-12-17T00:00:00",
      "_links" : {
        "self" : {
          "href" : "http://localhost/api/contacts/2327_0"
        },
        "contactPerson" : {
          "href" : "http://localhost/api/contacts/2327_0"
        },
        "master" : {
          "href" : "http://localhost/api/contacts/2327_0/master"
        }
      }
    }, {
      "inputUserId" : "QSA",
      "lastUpdateUserId" : "QSA",
      "computerId" : "GLSVR171217",
      "lastSynchronizedDate" : null,
      "addressNumber" : "2328",
      "sequence" : 0,
      "name" : "PT Mundung Daya Elektrika",
      "mailingName" : "PT Mundung Daya Elektrika",
      "description" : "",
      "firstName" : "",
      "middleName" : "",
      "lastName" : "",
      "nickname" : "",
      "salutation" : "",
      "gender" : "",
      "type" : "C",
      "religion" : "",
      "dateOfBirth" : null,
      "placeOfBirth" : "",
      "socialSecurityNumber" : "",
      "socialSecurityDate" : null,
      "mediaObjectReference" : "",
      "lastUpdateDateTime" : "2017-12-17T00:00:00",
      "inputDateTime" : "2017-12-17T00:00:00",
      "_links" : {
        "self" : {
          "href" : "http://localhost/api/contacts/2328_0"
        },
        "contactPerson" : {
          "href" : "http://localhost/api/contacts/2328_0"
        },
        "master" : {
          "href" : "http://localhost/api/contacts/2328_0/master"
        }
      }
    }, {
      "inputUserId" : "QSA",
      "lastUpdateUserId" : "QSA",
      "computerId" : "GLSVR171217",
      "lastSynchronizedDate" : null,
      "addressNumber" : "2329",
      "sequence" : 0,
      "name" : "PT Natural Java Spice",
      "mailingName" : "PT Natural Java Spice",
      "description" : "",
      "firstName" : "",
      "middleName" : "",
      "lastName" : "",
      "nickname" : "",
      "salutation" : "",
      "gender" : "",
      "type" : "C",
      "religion" : "",
      "dateOfBirth" : null,
      "placeOfBirth" : "",
      "socialSecurityNumber" : "",
      "socialSecurityDate" : null,
      "mediaObjectReference" : "",
      "lastUpdateDateTime" : "2017-12-17T00:00:00",
      "inputDateTime" : "2017-12-17T00:00:00",
      "_links" : {
        "self" : {
          "href" : "http://localhost/api/contacts/2329_0"
        },
        "contactPerson" : {
          "href" : "http://localhost/api/contacts/2329_0"
        },
        "master" : {
          "href" : "http://localhost/api/contacts/2329_0/master"
        }
      }
    }, {
      "inputUserId" : "QSA",
      "lastUpdateUserId" : "QSA",
      "computerId" : "GLSVR171217",
      "lastSynchronizedDate" : null,
      "addressNumber" : "2330",
      "sequence" : 0,
      "name" : "PT Novamex Indonesia",
      "mailingName" : "PT Novamex Indonesia",
      "description" : "",
      "firstName" : "",
      "middleName" : "",
      "lastName" : "",
      "nickname" : "",
      "salutation" : "",
      "gender" : "",
      "type" : "C",
      "religion" : "",
      "dateOfBirth" : null,
      "placeOfBirth" : "",
      "socialSecurityNumber" : "",
      "socialSecurityDate" : null,
      "mediaObjectReference" : "",
      "lastUpdateDateTime" : "2017-12-17T00:00:00",
      "inputDateTime" : "2017-12-17T00:00:00",
      "_links" : {
        "self" : {
          "href" : "http://localhost/api/contacts/2330_0"
        },
        "contactPerson" : {
          "href" : "http://localhost/api/contacts/2330_0"
        },
        "master" : {
          "href" : "http://localhost/api/contacts/2330_0/master"
        }
      }
    }, {
      "inputUserId" : "QSA",
      "lastUpdateUserId" : "QSA",
      "computerId" : "GLSVR171217",
      "lastSynchronizedDate" : null,
      "addressNumber" : "2331",
      "sequence" : 0,
      "name" : "PT Nusa Unggul Sarana Adi Cipta",
      "mailingName" : "PT Nusa Unggul Sarana Adi Cipta",
      "description" : "",
      "firstName" : "",
      "middleName" : "",
      "lastName" : "",
      "nickname" : "",
      "salutation" : "",
      "gender" : "",
      "type" : "C",
      "religion" : "",
      "dateOfBirth" : null,
      "placeOfBirth" : "",
      "socialSecurityNumber" : "",
      "socialSecurityDate" : null,
      "mediaObjectReference" : "",
      "lastUpdateDateTime" : "2017-12-17T00:00:00",
      "inputDateTime" : "2017-12-17T00:00:00",
      "_links" : {
        "self" : {
          "href" : "http://localhost/api/contacts/2331_0"
        },
        "contactPerson" : {
          "href" : "http://localhost/api/contacts/2331_0"
        },
        "master" : {
          "href" : "http://localhost/api/contacts/2331_0/master"
        }
      }
    }, {
      "inputUserId" : "QSA",
      "lastUpdateUserId" : "QSA",
      "computerId" : "GLSVR171217",
      "lastSynchronizedDate" : null,
      "addressNumber" : "2332",
      "sequence" : 0,
      "name" : "PT Officepedia Solusi Indonesia",
      "mailingName" : "PT Officepedia Solusi Indonesia",
      "description" : "",
      "firstName" : "",
      "middleName" : "",
      "lastName" : "",
      "nickname" : "",
      "salutation" : "",
      "gender" : "",
      "type" : "C",
      "religion" : "",
      "dateOfBirth" : null,
      "placeOfBirth" : "",
      "socialSecurityNumber" : "",
      "socialSecurityDate" : null,
      "mediaObjectReference" : "",
      "lastUpdateDateTime" : "2017-12-17T00:00:00",
      "inputDateTime" : "2017-12-17T00:00:00",
      "_links" : {
        "self" : {
          "href" : "http://localhost/api/contacts/2332_0"
        },
        "contactPerson" : {
          "href" : "http://localhost/api/contacts/2332_0"
        },
        "master" : {
          "href" : "http://localhost/api/contacts/2332_0/master"
        }
      }
    }, {
      "inputUserId" : "QSA",
      "lastUpdateUserId" : "QSA",
      "computerId" : "GLSVR171217",
      "lastSynchronizedDate" : null,
      "addressNumber" : "2333",
      "sequence" : 0,
      "name" : "PT Ometraco Arya Samanta",
      "mailingName" : "PT Ometraco Arya Samanta",
      "description" : "",
      "firstName" : "",
      "middleName" : "",
      "lastName" : "",
      "nickname" : "",
      "salutation" : "",
      "gender" : "",
      "type" : "C",
      "religion" : "",
      "dateOfBirth" : null,
      "placeOfBirth" : "",
      "socialSecurityNumber" : "",
      "socialSecurityDate" : null,
      "mediaObjectReference" : "",
      "lastUpdateDateTime" : "2017-12-17T00:00:00",
      "inputDateTime" : "2017-12-17T00:00:00",
      "_links" : {
        "self" : {
          "href" : "http://localhost/api/contacts/2333_0"
        },
        "contactPerson" : {
          "href" : "http://localhost/api/contacts/2333_0"
        },
        "master" : {
          "href" : "http://localhost/api/contacts/2333_0/master"
        }
      }
    }, {
      "inputUserId" : "QSA",
      "lastUpdateUserId" : "QSA",
      "computerId" : "GLSVR171217",
      "lastSynchronizedDate" : null,
      "addressNumber" : "2333",
      "sequence" : 1,
      "name" : "Lily",
      "mailingName" : "Lily",
      "description" : "",
      "firstName" : "",
      "middleName" : "",
      "lastName" : "",
      "nickname" : "",
      "salutation" : "",
      "gender" : "",
      "type" : "C",
      "religion" : "",
      "dateOfBirth" : null,
      "placeOfBirth" : "",
      "socialSecurityNumber" : "",
      "socialSecurityDate" : null,
      "mediaObjectReference" : "",
      "lastUpdateDateTime" : "2017-12-17T00:00:00",
      "inputDateTime" : "2017-12-17T00:00:00",
      "_links" : {
        "self" : {
          "href" : "http://localhost/api/contacts/2333_1"
        },
        "contactPerson" : {
          "href" : "http://localhost/api/contacts/2333_1"
        },
        "master" : {
          "href" : "http://localhost/api/contacts/2333_1/master"
        }
      }
    }, {
      "inputUserId" : "QSA",
      "lastUpdateUserId" : "QSA",
      "computerId" : "GLSVR171217",
      "lastSynchronizedDate" : null,
      "addressNumber" : "2334",
      "sequence" : 0,
      "name" : "PT Otak Kanan",
      "mailingName" : "PT Otak Kanan",
      "description" : "",
      "firstName" : "",
      "middleName" : "",
      "lastName" : "",
      "nickname" : "",
      "salutation" : "",
      "gender" : "",
      "type" : "C",
      "religion" : "",
      "dateOfBirth" : null,
      "placeOfBirth" : "",
      "socialSecurityNumber" : "",
      "socialSecurityDate" : null,
      "mediaObjectReference" : "",
      "lastUpdateDateTime" : "2017-12-17T00:00:00",
      "inputDateTime" : "2017-12-17T00:00:00",
      "_links" : {
        "self" : {
          "href" : "http://localhost/api/contacts/2334_0"
        },
        "contactPerson" : {
          "href" : "http://localhost/api/contacts/2334_0"
        },
        "master" : {
          "href" : "http://localhost/api/contacts/2334_0/master"
        }
      }
    }, {
      "inputUserId" : "QSA",
      "lastUpdateUserId" : "QSA",
      "computerId" : "GLSVR171217",
      "lastSynchronizedDate" : null,
      "addressNumber" : "2335",
      "sequence" : 0,
      "name" : "PT Pabrik Cat Tunggal Djaja Indah",
      "mailingName" : "PT Pabrik Cat Tunggal Djaja Indah",
      "description" : "",
      "firstName" : "",
      "middleName" : "",
      "lastName" : "",
      "nickname" : "",
      "salutation" : "",
      "gender" : "",
      "type" : "C",
      "religion" : "",
      "dateOfBirth" : null,
      "placeOfBirth" : "",
      "socialSecurityNumber" : "",
      "socialSecurityDate" : null,
      "mediaObjectReference" : "",
      "lastUpdateDateTime" : "2017-12-17T00:00:00",
      "inputDateTime" : "2017-12-17T00:00:00",
      "_links" : {
        "self" : {
          "href" : "http://localhost/api/contacts/2335_0"
        },
        "contactPerson" : {
          "href" : "http://localhost/api/contacts/2335_0"
        },
        "master" : {
          "href" : "http://localhost/api/contacts/2335_0/master"
        }
      }
    }, {
      "inputUserId" : "QSA",
      "lastUpdateUserId" : "QSA",
      "computerId" : "GLSVR171217",
      "lastSynchronizedDate" : null,
      "addressNumber" : "2336",
      "sequence" : 0,
      "name" : "PT Panji Mas",
      "mailingName" : "PT Panji Mas",
      "description" : "",
      "firstName" : "",
      "middleName" : "",
      "lastName" : "",
      "nickname" : "",
      "salutation" : "",
      "gender" : "",
      "type" : "C",
      "religion" : "",
      "dateOfBirth" : null,
      "placeOfBirth" : "",
      "socialSecurityNumber" : "",
      "socialSecurityDate" : null,
      "mediaObjectReference" : "",
      "lastUpdateDateTime" : "2017-12-17T00:00:00",
      "inputDateTime" : "2017-12-17T00:00:00",
      "_links" : {
        "self" : {
          "href" : "http://localhost/api/contacts/2336_0"
        },
        "contactPerson" : {
          "href" : "http://localhost/api/contacts/2336_0"
        },
        "master" : {
          "href" : "http://localhost/api/contacts/2336_0/master"
        }
      }
    }, {
      "inputUserId" : "QSA",
      "lastUpdateUserId" : "QSA",
      "computerId" : "GLSVR171217",
      "lastSynchronizedDate" : null,
      "addressNumber" : "2337",
      "sequence" : 0,
      "name" : "PT Pembangkitan Jawa Bali",
      "mailingName" : "PT Pembangkitan Jawa Bali",
      "description" : "",
      "firstName" : "",
      "middleName" : "",
      "lastName" : "",
      "nickname" : "",
      "salutation" : "",
      "gender" : "",
      "type" : "C",
      "religion" : "",
      "dateOfBirth" : null,
      "placeOfBirth" : "",
      "socialSecurityNumber" : "",
      "socialSecurityDate" : null,
      "mediaObjectReference" : "",
      "lastUpdateDateTime" : "2017-12-17T00:00:00",
      "inputDateTime" : "2017-12-17T00:00:00",
      "_links" : {
        "self" : {
          "href" : "http://localhost/api/contacts/2337_0"
        },
        "contactPerson" : {
          "href" : "http://localhost/api/contacts/2337_0"
        },
        "master" : {
          "href" : "http://localhost/api/contacts/2337_0/master"
        }
      }
    }, {
      "inputUserId" : "QSA",
      "lastUpdateUserId" : "QSA",
      "computerId" : "GLSVR171217",
      "lastSynchronizedDate" : null,
      "addressNumber" : "2338",
      "sequence" : 0,
      "name" : "PT Perak Jaya Surabaya",
      "mailingName" : "PT Perak Jaya Surabaya",
      "description" : "",
      "firstName" : "",
      "middleName" : "",
      "lastName" : "",
      "nickname" : "",
      "salutation" : "",
      "gender" : "",
      "type" : "C",
      "religion" : "",
      "dateOfBirth" : null,
      "placeOfBirth" : "",
      "socialSecurityNumber" : "",
      "socialSecurityDate" : null,
      "mediaObjectReference" : "",
      "lastUpdateDateTime" : "2017-12-17T00:00:00",
      "inputDateTime" : "2017-12-17T00:00:00",
      "_links" : {
        "self" : {
          "href" : "http://localhost/api/contacts/2338_0"
        },
        "contactPerson" : {
          "href" : "http://localhost/api/contacts/2338_0"
        },
        "master" : {
          "href" : "http://localhost/api/contacts/2338_0/master"
        }
      }
    }, {
      "inputUserId" : "QSA",
      "lastUpdateUserId" : "QSA",
      "computerId" : "GLSVR171217",
      "lastSynchronizedDate" : null,
      "addressNumber" : "2339",
      "sequence" : 0,
      "name" : "PT Perwira",
      "mailingName" : "PT Perwira",
      "description" : "",
      "firstName" : "",
      "middleName" : "",
      "lastName" : "",
      "nickname" : "",
      "salutation" : "",
      "gender" : "",
      "type" : "C",
      "religion" : "",
      "dateOfBirth" : null,
      "placeOfBirth" : "",
      "socialSecurityNumber" : "",
      "socialSecurityDate" : null,
      "mediaObjectReference" : "",
      "lastUpdateDateTime" : "2017-12-17T00:00:00",
      "inputDateTime" : "2017-12-17T00:00:00",
      "_links" : {
        "self" : {
          "href" : "http://localhost/api/contacts/2339_0"
        },
        "contactPerson" : {
          "href" : "http://localhost/api/contacts/2339_0"
        },
        "master" : {
          "href" : "http://localhost/api/contacts/2339_0/master"
        }
      }
    }, {
      "inputUserId" : "QSA",
      "lastUpdateUserId" : "QSA",
      "computerId" : "GLSVR171217",
      "lastSynchronizedDate" : null,
      "addressNumber" : "2340",
      "sequence" : 0,
      "name" : "PT Perwira Logistics Indonesia",
      "mailingName" : "PT Perwira Logistics Indonesia",
      "description" : "",
      "firstName" : "",
      "middleName" : "",
      "lastName" : "",
      "nickname" : "",
      "salutation" : "",
      "gender" : "",
      "type" : "C",
      "religion" : "",
      "dateOfBirth" : null,
      "placeOfBirth" : "",
      "socialSecurityNumber" : "",
      "socialSecurityDate" : null,
      "mediaObjectReference" : "",
      "lastUpdateDateTime" : "2017-12-17T00:00:00",
      "inputDateTime" : "2017-12-17T00:00:00",
      "_links" : {
        "self" : {
          "href" : "http://localhost/api/contacts/2340_0"
        },
        "contactPerson" : {
          "href" : "http://localhost/api/contacts/2340_0"
        },
        "master" : {
          "href" : "http://localhost/api/contacts/2340_0/master"
        }
      }
    }, {
      "inputUserId" : "QSA",
      "lastUpdateUserId" : "QSA",
      "computerId" : "GLSVR171217",
      "lastSynchronizedDate" : null,
      "addressNumber" : "2341",
      "sequence" : 0,
      "name" : "PT Petro Karya Niaga",
      "mailingName" : "PT Petro Karya Niaga",
      "description" : "",
      "firstName" : "",
      "middleName" : "",
      "lastName" : "",
      "nickname" : "",
      "salutation" : "",
      "gender" : "",
      "type" : "C",
      "religion" : "",
      "dateOfBirth" : null,
      "placeOfBirth" : "",
      "socialSecurityNumber" : "",
      "socialSecurityDate" : null,
      "mediaObjectReference" : "",
      "lastUpdateDateTime" : "2017-12-17T00:00:00",
      "inputDateTime" : "2017-12-17T00:00:00",
      "_links" : {
        "self" : {
          "href" : "http://localhost/api/contacts/2341_0"
        },
        "contactPerson" : {
          "href" : "http://localhost/api/contacts/2341_0"
        },
        "master" : {
          "href" : "http://localhost/api/contacts/2341_0/master"
        }
      }
    }, {
      "inputUserId" : "QSA",
      "lastUpdateUserId" : "QSA",
      "computerId" : "GLSVR171217",
      "lastSynchronizedDate" : null,
      "addressNumber" : "2342",
      "sequence" : 0,
      "name" : "PT Petrogas Jatim Utama",
      "mailingName" : "PT Petrogas Jatim Utama",
      "description" : "",
      "firstName" : "",
      "middleName" : "",
      "lastName" : "",
      "nickname" : "",
      "salutation" : "",
      "gender" : "",
      "type" : "C",
      "religion" : "",
      "dateOfBirth" : null,
      "placeOfBirth" : "",
      "socialSecurityNumber" : "",
      "socialSecurityDate" : null,
      "mediaObjectReference" : "",
      "lastUpdateDateTime" : "2017-12-17T00:00:00",
      "inputDateTime" : "2017-12-17T00:00:00",
      "_links" : {
        "self" : {
          "href" : "http://localhost/api/contacts/2342_0"
        },
        "contactPerson" : {
          "href" : "http://localhost/api/contacts/2342_0"
        },
        "master" : {
          "href" : "http://localhost/api/contacts/2342_0/master"
        }
      }
    }, {
      "inputUserId" : "QSA",
      "lastUpdateUserId" : "QSA",
      "computerId" : "GLSVR171217",
      "lastSynchronizedDate" : null,
      "addressNumber" : "2343",
      "sequence" : 0,
      "name" : "PT PGI",
      "mailingName" : "PT PGI",
      "description" : "",
      "firstName" : "",
      "middleName" : "",
      "lastName" : "",
      "nickname" : "",
      "salutation" : "",
      "gender" : "",
      "type" : "C",
      "religion" : "",
      "dateOfBirth" : null,
      "placeOfBirth" : "",
      "socialSecurityNumber" : "",
      "socialSecurityDate" : null,
      "mediaObjectReference" : "",
      "lastUpdateDateTime" : "2017-12-17T00:00:00",
      "inputDateTime" : "2017-12-17T00:00:00",
      "_links" : {
        "self" : {
          "href" : "http://localhost/api/contacts/2343_0"
        },
        "contactPerson" : {
          "href" : "http://localhost/api/contacts/2343_0"
        },
        "master" : {
          "href" : "http://localhost/api/contacts/2343_0/master"
        }
      }
    }, {
      "inputUserId" : "QSA",
      "lastUpdateUserId" : "QSA",
      "computerId" : "GLSVR171217",
      "lastSynchronizedDate" : null,
      "addressNumber" : "2344",
      "sequence" : 0,
      "name" : "PT PJB Services",
      "mailingName" : "PT PJB Services",
      "description" : "",
      "firstName" : "",
      "middleName" : "",
      "lastName" : "",
      "nickname" : "",
      "salutation" : "",
      "gender" : "",
      "type" : "C",
      "religion" : "",
      "dateOfBirth" : null,
      "placeOfBirth" : "",
      "socialSecurityNumber" : "",
      "socialSecurityDate" : null,
      "mediaObjectReference" : "",
      "lastUpdateDateTime" : "2017-12-17T00:00:00",
      "inputDateTime" : "2017-12-17T00:00:00",
      "_links" : {
        "self" : {
          "href" : "http://localhost/api/contacts/2344_0"
        },
        "contactPerson" : {
          "href" : "http://localhost/api/contacts/2344_0"
        },
        "master" : {
          "href" : "http://localhost/api/contacts/2344_0/master"
        }
      }
    }, {
      "inputUserId" : "QSA",
      "lastUpdateUserId" : "QSA",
      "computerId" : "GLSVR171217",
      "lastSynchronizedDate" : null,
      "addressNumber" : "2345",
      "sequence" : 0,
      "name" : "PT Portex Indonesia",
      "mailingName" : "PT Portex Indonesia",
      "description" : "",
      "firstName" : "",
      "middleName" : "",
      "lastName" : "",
      "nickname" : "",
      "salutation" : "",
      "gender" : "",
      "type" : "C",
      "religion" : "",
      "dateOfBirth" : null,
      "placeOfBirth" : "",
      "socialSecurityNumber" : "",
      "socialSecurityDate" : null,
      "mediaObjectReference" : "",
      "lastUpdateDateTime" : "2017-12-17T00:00:00",
      "inputDateTime" : "2017-12-17T00:00:00",
      "_links" : {
        "self" : {
          "href" : "http://localhost/api/contacts/2345_0"
        },
        "contactPerson" : {
          "href" : "http://localhost/api/contacts/2345_0"
        },
        "master" : {
          "href" : "http://localhost/api/contacts/2345_0/master"
        }
      }
    }, {
      "inputUserId" : "QSA",
      "lastUpdateUserId" : "QSA",
      "computerId" : "GLSVR171217",
      "lastSynchronizedDate" : null,
      "addressNumber" : "2346",
      "sequence" : 0,
      "name" : "PT Puterako Inti Buana",
      "mailingName" : "PT Puterako Inti Buana",
      "description" : "",
      "firstName" : "",
      "middleName" : "",
      "lastName" : "",
      "nickname" : "",
      "salutation" : "",
      "gender" : "",
      "type" : "C",
      "religion" : "",
      "dateOfBirth" : null,
      "placeOfBirth" : "",
      "socialSecurityNumber" : "",
      "socialSecurityDate" : null,
      "mediaObjectReference" : "",
      "lastUpdateDateTime" : "2017-12-17T00:00:00",
      "inputDateTime" : "2017-12-17T00:00:00",
      "_links" : {
        "self" : {
          "href" : "http://localhost/api/contacts/2346_0"
        },
        "contactPerson" : {
          "href" : "http://localhost/api/contacts/2346_0"
        },
        "master" : {
          "href" : "http://localhost/api/contacts/2346_0/master"
        }
      }
    }, {
      "inputUserId" : "QSA",
      "lastUpdateUserId" : "QSA",
      "computerId" : "GLSVR171217",
      "lastSynchronizedDate" : null,
      "addressNumber" : "2347",
      "sequence" : 0,
      "name" : "PT Rekayassa Utama Indonesia",
      "mailingName" : "PT Rekayassa Utama Indonesia",
      "description" : "",
      "firstName" : "",
      "middleName" : "",
      "lastName" : "",
      "nickname" : "",
      "salutation" : "",
      "gender" : "",
      "type" : "C",
      "religion" : "",
      "dateOfBirth" : null,
      "placeOfBirth" : "",
      "socialSecurityNumber" : "",
      "socialSecurityDate" : null,
      "mediaObjectReference" : "",
      "lastUpdateDateTime" : "2017-12-17T00:00:00",
      "inputDateTime" : "2017-12-17T00:00:00",
      "_links" : {
        "self" : {
          "href" : "http://localhost/api/contacts/2347_0"
        },
        "contactPerson" : {
          "href" : "http://localhost/api/contacts/2347_0"
        },
        "master" : {
          "href" : "http://localhost/api/contacts/2347_0/master"
        }
      }
    }, {
      "inputUserId" : "QSA",
      "lastUpdateUserId" : "QSA",
      "computerId" : "GLSVR171217",
      "lastSynchronizedDate" : null,
      "addressNumber" : "2348",
      "sequence" : 0,
      "name" : "PT Risshikan",
      "mailingName" : "PT Risshikan",
      "description" : "",
      "firstName" : "",
      "middleName" : "",
      "lastName" : "",
      "nickname" : "",
      "salutation" : "",
      "gender" : "",
      "type" : "C",
      "religion" : "",
      "dateOfBirth" : null,
      "placeOfBirth" : "",
      "socialSecurityNumber" : "",
      "socialSecurityDate" : null,
      "mediaObjectReference" : "",
      "lastUpdateDateTime" : "2017-12-17T00:00:00",
      "inputDateTime" : "2017-12-17T00:00:00",
      "_links" : {
        "self" : {
          "href" : "http://localhost/api/contacts/2348_0"
        },
        "contactPerson" : {
          "href" : "http://localhost/api/contacts/2348_0"
        },
        "master" : {
          "href" : "http://localhost/api/contacts/2348_0/master"
        }
      }
    }, {
      "inputUserId" : "QSA",
      "lastUpdateUserId" : "QSA",
      "computerId" : "GLSVR171217",
      "lastSynchronizedDate" : null,
      "addressNumber" : "2349",
      "sequence" : 0,
      "name" : "PT Robicomp Komputindo Utama",
      "mailingName" : "PT Robicomp Komputindo Utama",
      "description" : "",
      "firstName" : "",
      "middleName" : "",
      "lastName" : "",
      "nickname" : "",
      "salutation" : "",
      "gender" : "",
      "type" : "C",
      "religion" : "",
      "dateOfBirth" : null,
      "placeOfBirth" : "",
      "socialSecurityNumber" : "",
      "socialSecurityDate" : null,
      "mediaObjectReference" : "",
      "lastUpdateDateTime" : "2017-12-17T00:00:00",
      "inputDateTime" : "2017-12-17T00:00:00",
      "_links" : {
        "self" : {
          "href" : "http://localhost/api/contacts/2349_0"
        },
        "contactPerson" : {
          "href" : "http://localhost/api/contacts/2349_0"
        },
        "master" : {
          "href" : "http://localhost/api/contacts/2349_0/master"
        }
      }
    }, {
      "inputUserId" : "QSA",
      "lastUpdateUserId" : "QSA",
      "computerId" : "GLSVR171217",
      "lastSynchronizedDate" : null,
      "addressNumber" : "2350",
      "sequence" : 0,
      "name" : "PT Rollindo Pratama",
      "mailingName" : "PT Rollindo Pratama",
      "description" : "",
      "firstName" : "",
      "middleName" : "",
      "lastName" : "",
      "nickname" : "",
      "salutation" : "",
      "gender" : "",
      "type" : "C",
      "religion" : "",
      "dateOfBirth" : null,
      "placeOfBirth" : "",
      "socialSecurityNumber" : "",
      "socialSecurityDate" : null,
      "mediaObjectReference" : "",
      "lastUpdateDateTime" : "2017-12-17T00:00:00",
      "inputDateTime" : "2017-12-17T00:00:00",
      "_links" : {
        "self" : {
          "href" : "http://localhost/api/contacts/2350_0"
        },
        "contactPerson" : {
          "href" : "http://localhost/api/contacts/2350_0"
        },
        "master" : {
          "href" : "http://localhost/api/contacts/2350_0/master"
        }
      }
    }, {
      "inputUserId" : "QSA",
      "lastUpdateUserId" : "QSA",
      "computerId" : "GLSVR171217",
      "lastSynchronizedDate" : null,
      "addressNumber" : "2351",
      "sequence" : 0,
      "name" : "PT Sakti Setia Santosa",
      "mailingName" : "PT Sakti Setia Santosa",
      "description" : "",
      "firstName" : "",
      "middleName" : "",
      "lastName" : "",
      "nickname" : "",
      "salutation" : "",
      "gender" : "",
      "type" : "C",
      "religion" : "",
      "dateOfBirth" : null,
      "placeOfBirth" : "",
      "socialSecurityNumber" : "",
      "socialSecurityDate" : null,
      "mediaObjectReference" : "",
      "lastUpdateDateTime" : "2017-12-17T00:00:00",
      "inputDateTime" : "2017-12-17T00:00:00",
      "_links" : {
        "self" : {
          "href" : "http://localhost/api/contacts/2351_0"
        },
        "contactPerson" : {
          "href" : "http://localhost/api/contacts/2351_0"
        },
        "master" : {
          "href" : "http://localhost/api/contacts/2351_0/master"
        }
      }
    }, {
      "inputUserId" : "QSA",
      "lastUpdateUserId" : "QSA",
      "computerId" : "GLSVR171217",
      "lastSynchronizedDate" : null,
      "addressNumber" : "2352",
      "sequence" : 0,
      "name" : "PT Sanindo",
      "mailingName" : "PT Sanindo",
      "description" : "",
      "firstName" : "",
      "middleName" : "",
      "lastName" : "",
      "nickname" : "",
      "salutation" : "",
      "gender" : "",
      "type" : "C",
      "religion" : "",
      "dateOfBirth" : null,
      "placeOfBirth" : "",
      "socialSecurityNumber" : "",
      "socialSecurityDate" : null,
      "mediaObjectReference" : "",
      "lastUpdateDateTime" : "2017-12-17T00:00:00",
      "inputDateTime" : "2017-12-17T00:00:00",
      "_links" : {
        "self" : {
          "href" : "http://localhost/api/contacts/2352_0"
        },
        "contactPerson" : {
          "href" : "http://localhost/api/contacts/2352_0"
        },
        "master" : {
          "href" : "http://localhost/api/contacts/2352_0/master"
        }
      }
    }, {
      "inputUserId" : "QSA",
      "lastUpdateUserId" : "QSA",
      "computerId" : "GLSVR171217",
      "lastSynchronizedDate" : null,
      "addressNumber" : "2353",
      "sequence" : 0,
      "name" : "PT Sari Laut Jaya Food Products",
      "mailingName" : "PT Sari Laut Jaya Food Products",
      "description" : "",
      "firstName" : "",
      "middleName" : "",
      "lastName" : "",
      "nickname" : "",
      "salutation" : "",
      "gender" : "",
      "type" : "C",
      "religion" : "",
      "dateOfBirth" : null,
      "placeOfBirth" : "",
      "socialSecurityNumber" : "",
      "socialSecurityDate" : null,
      "mediaObjectReference" : "",
      "lastUpdateDateTime" : "2017-12-17T00:00:00",
      "inputDateTime" : "2017-12-17T00:00:00",
      "_links" : {
        "self" : {
          "href" : "http://localhost/api/contacts/2353_0"
        },
        "contactPerson" : {
          "href" : "http://localhost/api/contacts/2353_0"
        },
        "master" : {
          "href" : "http://localhost/api/contacts/2353_0/master"
        }
      }
    }, {
      "inputUserId" : "QSA",
      "lastUpdateUserId" : "QSA",
      "computerId" : "GLSVR171217",
      "lastSynchronizedDate" : null,
      "addressNumber" : "2354",
      "sequence" : 0,
      "name" : "PT Sasmita Abadi Gloves",
      "mailingName" : "PT Sasmita Abadi Gloves",
      "description" : "",
      "firstName" : "",
      "middleName" : "",
      "lastName" : "",
      "nickname" : "",
      "salutation" : "",
      "gender" : "",
      "type" : "C",
      "religion" : "",
      "dateOfBirth" : null,
      "placeOfBirth" : "",
      "socialSecurityNumber" : "",
      "socialSecurityDate" : null,
      "mediaObjectReference" : "",
      "lastUpdateDateTime" : "2017-12-17T00:00:00",
      "inputDateTime" : "2017-12-17T00:00:00",
      "_links" : {
        "self" : {
          "href" : "http://localhost/api/contacts/2354_0"
        },
        "contactPerson" : {
          "href" : "http://localhost/api/contacts/2354_0"
        },
        "master" : {
          "href" : "http://localhost/api/contacts/2354_0/master"
        }
      }
    }, {
      "inputUserId" : "QSA",
      "lastUpdateUserId" : "QSA",
      "computerId" : "GLSVR171217",
      "lastSynchronizedDate" : null,
      "addressNumber" : "2355",
      "sequence" : 0,
      "name" : "PT Semen Kupang Indonesia",
      "mailingName" : "PT Semen Kupang Indonesia",
      "description" : "",
      "firstName" : "",
      "middleName" : "",
      "lastName" : "",
      "nickname" : "",
      "salutation" : "",
      "gender" : "",
      "type" : "C",
      "religion" : "",
      "dateOfBirth" : null,
      "placeOfBirth" : "",
      "socialSecurityNumber" : "",
      "socialSecurityDate" : null,
      "mediaObjectReference" : "",
      "lastUpdateDateTime" : "2017-12-17T00:00:00",
      "inputDateTime" : "2017-12-17T00:00:00",
      "_links" : {
        "self" : {
          "href" : "http://localhost/api/contacts/2355_0"
        },
        "contactPerson" : {
          "href" : "http://localhost/api/contacts/2355_0"
        },
        "master" : {
          "href" : "http://localhost/api/contacts/2355_0/master"
        }
      }
    }, {
      "inputUserId" : "QSA",
      "lastUpdateUserId" : "QSA",
      "computerId" : "GLSVR171217",
      "lastSynchronizedDate" : null,
      "addressNumber" : "2356",
      "sequence" : 0,
      "name" : "PT Setia Harapan Computer",
      "mailingName" : "PT Setia Harapan Computer",
      "description" : "",
      "firstName" : "",
      "middleName" : "",
      "lastName" : "",
      "nickname" : "",
      "salutation" : "",
      "gender" : "",
      "type" : "C",
      "religion" : "",
      "dateOfBirth" : null,
      "placeOfBirth" : "",
      "socialSecurityNumber" : "",
      "socialSecurityDate" : null,
      "mediaObjectReference" : "",
      "lastUpdateDateTime" : "2017-12-17T00:00:00",
      "inputDateTime" : "2017-12-17T00:00:00",
      "_links" : {
        "self" : {
          "href" : "http://localhost/api/contacts/2356_0"
        },
        "contactPerson" : {
          "href" : "http://localhost/api/contacts/2356_0"
        },
        "master" : {
          "href" : "http://localhost/api/contacts/2356_0/master"
        }
      }
    }, {
      "inputUserId" : "QSA",
      "lastUpdateUserId" : "QSA",
      "computerId" : "GLSVR171217",
      "lastSynchronizedDate" : null,
      "addressNumber" : "2357",
      "sequence" : 0,
      "name" : "PT Shasta Adhijaya",
      "mailingName" : "PT Shasta Adhijaya",
      "description" : "",
      "firstName" : "",
      "middleName" : "",
      "lastName" : "",
      "nickname" : "",
      "salutation" : "",
      "gender" : "",
      "type" : "C",
      "religion" : "",
      "dateOfBirth" : null,
      "placeOfBirth" : "",
      "socialSecurityNumber" : "",
      "socialSecurityDate" : null,
      "mediaObjectReference" : "",
      "lastUpdateDateTime" : "2017-12-17T00:00:00",
      "inputDateTime" : "2017-12-17T00:00:00",
      "_links" : {
        "self" : {
          "href" : "http://localhost/api/contacts/2357_0"
        },
        "contactPerson" : {
          "href" : "http://localhost/api/contacts/2357_0"
        },
        "master" : {
          "href" : "http://localhost/api/contacts/2357_0/master"
        }
      }
    }, {
      "inputUserId" : "QSA",
      "lastUpdateUserId" : "QSA",
      "computerId" : "GLSVR171217",
      "lastSynchronizedDate" : null,
      "addressNumber" : "2358",
      "sequence" : 0,
      "name" : "PT Sinan Benang Jahit",
      "mailingName" : "PT Sinan Benang Jahit",
      "description" : "",
      "firstName" : "",
      "middleName" : "",
      "lastName" : "",
      "nickname" : "",
      "salutation" : "",
      "gender" : "",
      "type" : "C",
      "religion" : "",
      "dateOfBirth" : null,
      "placeOfBirth" : "",
      "socialSecurityNumber" : "",
      "socialSecurityDate" : null,
      "mediaObjectReference" : "",
      "lastUpdateDateTime" : "2017-12-17T00:00:00",
      "inputDateTime" : "2017-12-17T00:00:00",
      "_links" : {
        "self" : {
          "href" : "http://localhost/api/contacts/2358_0"
        },
        "contactPerson" : {
          "href" : "http://localhost/api/contacts/2358_0"
        },
        "master" : {
          "href" : "http://localhost/api/contacts/2358_0/master"
        }
      }
    }, {
      "inputUserId" : "QSA",
      "lastUpdateUserId" : "QSA",
      "computerId" : "GLSVR171217",
      "lastSynchronizedDate" : null,
      "addressNumber" : "2359",
      "sequence" : 0,
      "name" : "PT Sinar Austral",
      "mailingName" : "PT Sinar Austral",
      "description" : "",
      "firstName" : "",
      "middleName" : "",
      "lastName" : "",
      "nickname" : "",
      "salutation" : "",
      "gender" : "",
      "type" : "C",
      "religion" : "",
      "dateOfBirth" : null,
      "placeOfBirth" : "",
      "socialSecurityNumber" : "",
      "socialSecurityDate" : null,
      "mediaObjectReference" : "",
      "lastUpdateDateTime" : "2017-12-17T00:00:00",
      "inputDateTime" : "2017-12-17T00:00:00",
      "_links" : {
        "self" : {
          "href" : "http://localhost/api/contacts/2359_0"
        },
        "contactPerson" : {
          "href" : "http://localhost/api/contacts/2359_0"
        },
        "master" : {
          "href" : "http://localhost/api/contacts/2359_0/master"
        }
      }
    }, {
      "inputUserId" : "QSA",
      "lastUpdateUserId" : "QSA",
      "computerId" : "GLSVR171217",
      "lastSynchronizedDate" : null,
      "addressNumber" : "2360",
      "sequence" : 0,
      "name" : "PT Sinar Era Box",
      "mailingName" : "PT Sinar Era Box",
      "description" : "",
      "firstName" : "",
      "middleName" : "",
      "lastName" : "",
      "nickname" : "",
      "salutation" : "",
      "gender" : "",
      "type" : "C",
      "religion" : "",
      "dateOfBirth" : null,
      "placeOfBirth" : "",
      "socialSecurityNumber" : "",
      "socialSecurityDate" : null,
      "mediaObjectReference" : "",
      "lastUpdateDateTime" : "2017-12-17T00:00:00",
      "inputDateTime" : "2017-12-17T00:00:00",
      "_links" : {
        "self" : {
          "href" : "http://localhost/api/contacts/2360_0"
        },
        "contactPerson" : {
          "href" : "http://localhost/api/contacts/2360_0"
        },
        "master" : {
          "href" : "http://localhost/api/contacts/2360_0/master"
        }
      }
    }, {
      "inputUserId" : "QSA",
      "lastUpdateUserId" : "QSA",
      "computerId" : "GLSVR171217",
      "lastSynchronizedDate" : null,
      "addressNumber" : "2361",
      "sequence" : 0,
      "name" : "PT SSAN",
      "mailingName" : "PT SSAN",
      "description" : "",
      "firstName" : "",
      "middleName" : "",
      "lastName" : "",
      "nickname" : "",
      "salutation" : "",
      "gender" : "",
      "type" : "C",
      "religion" : "",
      "dateOfBirth" : null,
      "placeOfBirth" : "",
      "socialSecurityNumber" : "",
      "socialSecurityDate" : null,
      "mediaObjectReference" : "",
      "lastUpdateDateTime" : "2017-12-17T00:00:00",
      "inputDateTime" : "2017-12-17T00:00:00",
      "_links" : {
        "self" : {
          "href" : "http://localhost/api/contacts/2361_0"
        },
        "contactPerson" : {
          "href" : "http://localhost/api/contacts/2361_0"
        },
        "master" : {
          "href" : "http://localhost/api/contacts/2361_0/master"
        }
      }
    }, {
      "inputUserId" : "QSA",
      "lastUpdateUserId" : "QSA",
      "computerId" : "GLSVR171217",
      "lastSynchronizedDate" : null,
      "addressNumber" : "2362",
      "sequence" : 0,
      "name" : "PT Sumber Makmur Surya Perkasa",
      "mailingName" : "PT Sumber Makmur Surya Perkasa",
      "description" : "",
      "firstName" : "",
      "middleName" : "",
      "lastName" : "",
      "nickname" : "",
      "salutation" : "",
      "gender" : "",
      "type" : "C",
      "religion" : "",
      "dateOfBirth" : null,
      "placeOfBirth" : "",
      "socialSecurityNumber" : "",
      "socialSecurityDate" : null,
      "mediaObjectReference" : "",
      "lastUpdateDateTime" : "2017-12-17T00:00:00",
      "inputDateTime" : "2017-12-17T00:00:00",
      "_links" : {
        "self" : {
          "href" : "http://localhost/api/contacts/2362_0"
        },
        "contactPerson" : {
          "href" : "http://localhost/api/contacts/2362_0"
        },
        "master" : {
          "href" : "http://localhost/api/contacts/2362_0/master"
        }
      }
    }, {
      "inputUserId" : "QSA",
      "lastUpdateUserId" : "QSA",
      "computerId" : "GLSVR171217",
      "lastSynchronizedDate" : null,
      "addressNumber" : "2363",
      "sequence" : 0,
      "name" : "PT Sumitra Artha Indonesia",
      "mailingName" : "PT Sumitra Artha Indonesia",
      "description" : "",
      "firstName" : "",
      "middleName" : "",
      "lastName" : "",
      "nickname" : "",
      "salutation" : "",
      "gender" : "",
      "type" : "C",
      "religion" : "",
      "dateOfBirth" : null,
      "placeOfBirth" : "",
      "socialSecurityNumber" : "",
      "socialSecurityDate" : null,
      "mediaObjectReference" : "",
      "lastUpdateDateTime" : "2017-12-17T00:00:00",
      "inputDateTime" : "2017-12-17T00:00:00",
      "_links" : {
        "self" : {
          "href" : "http://localhost/api/contacts/2363_0"
        },
        "contactPerson" : {
          "href" : "http://localhost/api/contacts/2363_0"
        },
        "master" : {
          "href" : "http://localhost/api/contacts/2363_0/master"
        }
      }
    }, {
      "inputUserId" : "QSA",
      "lastUpdateUserId" : "QSA",
      "computerId" : "GLSVR171217",
      "lastSynchronizedDate" : null,
      "addressNumber" : "2364",
      "sequence" : 0,
      "name" : "PT Surabaya Indah",
      "mailingName" : "PT Surabaya Indah",
      "description" : "",
      "firstName" : "",
      "middleName" : "",
      "lastName" : "",
      "nickname" : "",
      "salutation" : "",
      "gender" : "",
      "type" : "C",
      "religion" : "",
      "dateOfBirth" : null,
      "placeOfBirth" : "",
      "socialSecurityNumber" : "",
      "socialSecurityDate" : null,
      "mediaObjectReference" : "",
      "lastUpdateDateTime" : "2017-12-17T00:00:00",
      "inputDateTime" : "2017-12-17T00:00:00",
      "_links" : {
        "self" : {
          "href" : "http://localhost/api/contacts/2364_0"
        },
        "contactPerson" : {
          "href" : "http://localhost/api/contacts/2364_0"
        },
        "master" : {
          "href" : "http://localhost/api/contacts/2364_0/master"
        }
      }
    }, {
      "inputUserId" : "QSA",
      "lastUpdateUserId" : "QSA",
      "computerId" : "GLSVR171217",
      "lastSynchronizedDate" : null,
      "addressNumber" : "2365",
      "sequence" : 0,
      "name" : "PT Surya Dexacom",
      "mailingName" : "PT Surya Dexacom",
      "description" : "",
      "firstName" : "",
      "middleName" : "",
      "lastName" : "",
      "nickname" : "",
      "salutation" : "",
      "gender" : "",
      "type" : "C",
      "religion" : "",
      "dateOfBirth" : null,
      "placeOfBirth" : "",
      "socialSecurityNumber" : "",
      "socialSecurityDate" : null,
      "mediaObjectReference" : "",
      "lastUpdateDateTime" : "2017-12-17T00:00:00",
      "inputDateTime" : "2017-12-17T00:00:00",
      "_links" : {
        "self" : {
          "href" : "http://localhost/api/contacts/2365_0"
        },
        "contactPerson" : {
          "href" : "http://localhost/api/contacts/2365_0"
        },
        "master" : {
          "href" : "http://localhost/api/contacts/2365_0/master"
        }
      }
    }, {
      "inputUserId" : "QSA",
      "lastUpdateUserId" : "QSA",
      "computerId" : "GLSVR171217",
      "lastSynchronizedDate" : null,
      "addressNumber" : "2366",
      "sequence" : 0,
      "name" : "PT Surya Prima Sakti",
      "mailingName" : "PT Surya Prima Sakti",
      "description" : "",
      "firstName" : "",
      "middleName" : "",
      "lastName" : "",
      "nickname" : "",
      "salutation" : "",
      "gender" : "",
      "type" : "C",
      "religion" : "",
      "dateOfBirth" : null,
      "placeOfBirth" : "",
      "socialSecurityNumber" : "",
      "socialSecurityDate" : null,
      "mediaObjectReference" : "",
      "lastUpdateDateTime" : "2017-12-17T00:00:00",
      "inputDateTime" : "2017-12-17T00:00:00",
      "_links" : {
        "self" : {
          "href" : "http://localhost/api/contacts/2366_0"
        },
        "contactPerson" : {
          "href" : "http://localhost/api/contacts/2366_0"
        },
        "master" : {
          "href" : "http://localhost/api/contacts/2366_0/master"
        }
      }
    }, {
      "inputUserId" : "QSA",
      "lastUpdateUserId" : "QSA",
      "computerId" : "GLSVR171217",
      "lastSynchronizedDate" : null,
      "addressNumber" : "2367",
      "sequence" : 0,
      "name" : "PT Swanson Plastics Indonesia",
      "mailingName" : "PT Swanson Plastics Indonesia",
      "description" : "",
      "firstName" : "",
      "middleName" : "",
      "lastName" : "",
      "nickname" : "",
      "salutation" : "",
      "gender" : "",
      "type" : "C",
      "religion" : "",
      "dateOfBirth" : null,
      "placeOfBirth" : "",
      "socialSecurityNumber" : "",
      "socialSecurityDate" : null,
      "mediaObjectReference" : "",
      "lastUpdateDateTime" : "2017-12-17T00:00:00",
      "inputDateTime" : "2017-12-17T00:00:00",
      "_links" : {
        "self" : {
          "href" : "http://localhost/api/contacts/2367_0"
        },
        "contactPerson" : {
          "href" : "http://localhost/api/contacts/2367_0"
        },
        "master" : {
          "href" : "http://localhost/api/contacts/2367_0/master"
        }
      }
    }, {
      "inputUserId" : "QSA",
      "lastUpdateUserId" : "QSA",
      "computerId" : "GLSVR171217",
      "lastSynchronizedDate" : null,
      "addressNumber" : "2368",
      "sequence" : 0,
      "name" : "PT Synnex Metrodata Indonesia",
      "mailingName" : "PT Synnex Metrodata Indonesia",
      "description" : "",
      "firstName" : "",
      "middleName" : "",
      "lastName" : "",
      "nickname" : "",
      "salutation" : "",
      "gender" : "",
      "type" : "C",
      "religion" : "",
      "dateOfBirth" : null,
      "placeOfBirth" : "",
      "socialSecurityNumber" : "",
      "socialSecurityDate" : null,
      "mediaObjectReference" : "",
      "lastUpdateDateTime" : "2017-12-17T00:00:00",
      "inputDateTime" : "2017-12-17T00:00:00",
      "_links" : {
        "self" : {
          "href" : "http://localhost/api/contacts/2368_0"
        },
        "contactPerson" : {
          "href" : "http://localhost/api/contacts/2368_0"
        },
        "master" : {
          "href" : "http://localhost/api/contacts/2368_0/master"
        }
      }
    }, {
      "inputUserId" : "QSA",
      "lastUpdateUserId" : "QSA",
      "computerId" : "GLSVR171217",
      "lastSynchronizedDate" : null,
      "addressNumber" : "2369",
      "sequence" : 0,
      "name" : "PT Technica Asia Digital",
      "mailingName" : "PT Technica Asia Digital",
      "description" : "",
      "firstName" : "",
      "middleName" : "",
      "lastName" : "",
      "nickname" : "",
      "salutation" : "",
      "gender" : "",
      "type" : "C",
      "religion" : "",
      "dateOfBirth" : null,
      "placeOfBirth" : "",
      "socialSecurityNumber" : "",
      "socialSecurityDate" : null,
      "mediaObjectReference" : "",
      "lastUpdateDateTime" : "2017-12-17T00:00:00",
      "inputDateTime" : "2017-12-17T00:00:00",
      "_links" : {
        "self" : {
          "href" : "http://localhost/api/contacts/2369_0"
        },
        "contactPerson" : {
          "href" : "http://localhost/api/contacts/2369_0"
        },
        "master" : {
          "href" : "http://localhost/api/contacts/2369_0/master"
        }
      }
    }, {
      "inputUserId" : "QSA",
      "lastUpdateUserId" : "QSA",
      "computerId" : "GLSVR171217",
      "lastSynchronizedDate" : null,
      "addressNumber" : "2370",
      "sequence" : 0,
      "name" : "PT Telkom Akses",
      "mailingName" : "PT Telkom Akses",
      "description" : "",
      "firstName" : "",
      "middleName" : "",
      "lastName" : "",
      "nickname" : "",
      "salutation" : "",
      "gender" : "",
      "type" : "C",
      "religion" : "",
      "dateOfBirth" : null,
      "placeOfBirth" : "",
      "socialSecurityNumber" : "",
      "socialSecurityDate" : null,
      "mediaObjectReference" : "",
      "lastUpdateDateTime" : "2017-12-17T00:00:00",
      "inputDateTime" : "2017-12-17T00:00:00",
      "_links" : {
        "self" : {
          "href" : "http://localhost/api/contacts/2370_0"
        },
        "contactPerson" : {
          "href" : "http://localhost/api/contacts/2370_0"
        },
        "master" : {
          "href" : "http://localhost/api/contacts/2370_0/master"
        }
      }
    }, {
      "inputUserId" : "QSA",
      "lastUpdateUserId" : "QSA",
      "computerId" : "GLSVR171217",
      "lastSynchronizedDate" : null,
      "addressNumber" : "2371",
      "sequence" : 0,
      "name" : "PT Three Lines",
      "mailingName" : "PT Three Lines",
      "description" : "",
      "firstName" : "",
      "middleName" : "",
      "lastName" : "",
      "nickname" : "",
      "salutation" : "",
      "gender" : "",
      "type" : "C",
      "religion" : "",
      "dateOfBirth" : null,
      "placeOfBirth" : "",
      "socialSecurityNumber" : "",
      "socialSecurityDate" : null,
      "mediaObjectReference" : "",
      "lastUpdateDateTime" : "2017-12-17T00:00:00",
      "inputDateTime" : "2017-12-17T00:00:00",
      "_links" : {
        "self" : {
          "href" : "http://localhost/api/contacts/2371_0"
        },
        "contactPerson" : {
          "href" : "http://localhost/api/contacts/2371_0"
        },
        "master" : {
          "href" : "http://localhost/api/contacts/2371_0/master"
        }
      }
    }, {
      "inputUserId" : "QSA",
      "lastUpdateUserId" : "QSA",
      "computerId" : "GLSVR171217",
      "lastSynchronizedDate" : null,
      "addressNumber" : "2372",
      "sequence" : 0,
      "name" : "PT Timber Solution Indonesia",
      "mailingName" : "PT Timber Solution Indonesia",
      "description" : "",
      "firstName" : "",
      "middleName" : "",
      "lastName" : "",
      "nickname" : "",
      "salutation" : "",
      "gender" : "",
      "type" : "C",
      "religion" : "",
      "dateOfBirth" : null,
      "placeOfBirth" : "",
      "socialSecurityNumber" : "",
      "socialSecurityDate" : null,
      "mediaObjectReference" : "",
      "lastUpdateDateTime" : "2017-12-17T00:00:00",
      "inputDateTime" : "2017-12-17T00:00:00",
      "_links" : {
        "self" : {
          "href" : "http://localhost/api/contacts/2372_0"
        },
        "contactPerson" : {
          "href" : "http://localhost/api/contacts/2372_0"
        },
        "master" : {
          "href" : "http://localhost/api/contacts/2372_0/master"
        }
      }
    }, {
      "inputUserId" : "QSA",
      "lastUpdateUserId" : "QSA",
      "computerId" : "GLSVR171217",
      "lastSynchronizedDate" : null,
      "addressNumber" : "2373",
      "sequence" : 0,
      "name" : "PT Titan Bahureksa",
      "mailingName" : "PT Titan Bahureksa",
      "description" : "",
      "firstName" : "",
      "middleName" : "",
      "lastName" : "",
      "nickname" : "",
      "salutation" : "",
      "gender" : "",
      "type" : "C",
      "religion" : "",
      "dateOfBirth" : null,
      "placeOfBirth" : "",
      "socialSecurityNumber" : "",
      "socialSecurityDate" : null,
      "mediaObjectReference" : "",
      "lastUpdateDateTime" : "2017-12-17T00:00:00",
      "inputDateTime" : "2017-12-17T00:00:00",
      "_links" : {
        "self" : {
          "href" : "http://localhost/api/contacts/2373_0"
        },
        "contactPerson" : {
          "href" : "http://localhost/api/contacts/2373_0"
        },
        "master" : {
          "href" : "http://localhost/api/contacts/2373_0/master"
        }
      }
    }, {
      "inputUserId" : "QSA",
      "lastUpdateUserId" : "QSA",
      "computerId" : "GLSVR171217",
      "lastSynchronizedDate" : null,
      "addressNumber" : "2374",
      "sequence" : 0,
      "name" : "PT Tomatec",
      "mailingName" : "PT Tomatec",
      "description" : "",
      "firstName" : "",
      "middleName" : "",
      "lastName" : "",
      "nickname" : "",
      "salutation" : "",
      "gender" : "",
      "type" : "C",
      "religion" : "",
      "dateOfBirth" : null,
      "placeOfBirth" : "",
      "socialSecurityNumber" : "",
      "socialSecurityDate" : null,
      "mediaObjectReference" : "",
      "lastUpdateDateTime" : "2017-12-17T00:00:00",
      "inputDateTime" : "2017-12-17T00:00:00",
      "_links" : {
        "self" : {
          "href" : "http://localhost/api/contacts/2374_0"
        },
        "contactPerson" : {
          "href" : "http://localhost/api/contacts/2374_0"
        },
        "master" : {
          "href" : "http://localhost/api/contacts/2374_0/master"
        }
      }
    }, {
      "inputUserId" : "QSA",
      "lastUpdateUserId" : "QSA",
      "computerId" : "GLSVR171217",
      "lastSynchronizedDate" : null,
      "addressNumber" : "2375",
      "sequence" : 0,
      "name" : "PT Tri Mitra",
      "mailingName" : "PT Tri Mitra",
      "description" : "",
      "firstName" : "",
      "middleName" : "",
      "lastName" : "",
      "nickname" : "",
      "salutation" : "",
      "gender" : "",
      "type" : "C",
      "religion" : "",
      "dateOfBirth" : null,
      "placeOfBirth" : "",
      "socialSecurityNumber" : "",
      "socialSecurityDate" : null,
      "mediaObjectReference" : "",
      "lastUpdateDateTime" : "2017-12-17T00:00:00",
      "inputDateTime" : "2017-12-17T00:00:00",
      "_links" : {
        "self" : {
          "href" : "http://localhost/api/contacts/2375_0"
        },
        "contactPerson" : {
          "href" : "http://localhost/api/contacts/2375_0"
        },
        "master" : {
          "href" : "http://localhost/api/contacts/2375_0/master"
        }
      }
    }, {
      "inputUserId" : "QSA",
      "lastUpdateUserId" : "QSA",
      "computerId" : "GLSVR171217",
      "lastSynchronizedDate" : null,
      "addressNumber" : "2376",
      "sequence" : 0,
      "name" : "PT Tri Surya Abadi",
      "mailingName" : "PT Tri Surya Abadi",
      "description" : "",
      "firstName" : "",
      "middleName" : "",
      "lastName" : "",
      "nickname" : "",
      "salutation" : "",
      "gender" : "",
      "type" : "C",
      "religion" : "",
      "dateOfBirth" : null,
      "placeOfBirth" : "",
      "socialSecurityNumber" : "",
      "socialSecurityDate" : null,
      "mediaObjectReference" : "",
      "lastUpdateDateTime" : "2017-12-17T00:00:00",
      "inputDateTime" : "2017-12-17T00:00:00",
      "_links" : {
        "self" : {
          "href" : "http://localhost/api/contacts/2376_0"
        },
        "contactPerson" : {
          "href" : "http://localhost/api/contacts/2376_0"
        },
        "master" : {
          "href" : "http://localhost/api/contacts/2376_0/master"
        }
      }
    }, {
      "inputUserId" : "QSA",
      "lastUpdateUserId" : "QSA",
      "computerId" : "GLSVR171217",
      "lastSynchronizedDate" : null,
      "addressNumber" : "2376",
      "sequence" : 1,
      "name" : "Herawati",
      "mailingName" : "Herawati",
      "description" : "",
      "firstName" : "",
      "middleName" : "",
      "lastName" : "",
      "nickname" : "",
      "salutation" : "",
      "gender" : "",
      "type" : "C",
      "religion" : "",
      "dateOfBirth" : null,
      "placeOfBirth" : "",
      "socialSecurityNumber" : "",
      "socialSecurityDate" : null,
      "mediaObjectReference" : "",
      "lastUpdateDateTime" : "2017-12-17T00:00:00",
      "inputDateTime" : "2017-12-17T00:00:00",
      "_links" : {
        "self" : {
          "href" : "http://localhost/api/contacts/2376_1"
        },
        "contactPerson" : {
          "href" : "http://localhost/api/contacts/2376_1"
        },
        "master" : {
          "href" : "http://localhost/api/contacts/2376_1/master"
        }
      }
    }, {
      "inputUserId" : "QSA",
      "lastUpdateUserId" : "QSA",
      "computerId" : "GLSVR171217",
      "lastSynchronizedDate" : null,
      "addressNumber" : "2377",
      "sequence" : 0,
      "name" : "PT Triduta Solusindo Computama",
      "mailingName" : "PT Triduta Solusindo Computama",
      "description" : "",
      "firstName" : "",
      "middleName" : "",
      "lastName" : "",
      "nickname" : "",
      "salutation" : "",
      "gender" : "",
      "type" : "C",
      "religion" : "",
      "dateOfBirth" : null,
      "placeOfBirth" : "",
      "socialSecurityNumber" : "",
      "socialSecurityDate" : null,
      "mediaObjectReference" : "",
      "lastUpdateDateTime" : "2017-12-17T00:00:00",
      "inputDateTime" : "2017-12-17T00:00:00",
      "_links" : {
        "self" : {
          "href" : "http://localhost/api/contacts/2377_0"
        },
        "contactPerson" : {
          "href" : "http://localhost/api/contacts/2377_0"
        },
        "master" : {
          "href" : "http://localhost/api/contacts/2377_0/master"
        }
      }
    }, {
      "inputUserId" : "QSA",
      "lastUpdateUserId" : "QSA",
      "computerId" : "GLSVR171217",
      "lastSynchronizedDate" : null,
      "addressNumber" : "2378",
      "sequence" : 0,
      "name" : "PT Triperwira Multi Pamenang",
      "mailingName" : "PT Triperwira Multi Pamenang",
      "description" : "",
      "firstName" : "",
      "middleName" : "",
      "lastName" : "",
      "nickname" : "",
      "salutation" : "",
      "gender" : "",
      "type" : "C",
      "religion" : "",
      "dateOfBirth" : null,
      "placeOfBirth" : "",
      "socialSecurityNumber" : "",
      "socialSecurityDate" : null,
      "mediaObjectReference" : "",
      "lastUpdateDateTime" : "2017-12-17T00:00:00",
      "inputDateTime" : "2017-12-17T00:00:00",
      "_links" : {
        "self" : {
          "href" : "http://localhost/api/contacts/2378_0"
        },
        "contactPerson" : {
          "href" : "http://localhost/api/contacts/2378_0"
        },
        "master" : {
          "href" : "http://localhost/api/contacts/2378_0/master"
        }
      }
    }, {
      "inputUserId" : "QSA",
      "lastUpdateUserId" : "QSA",
      "computerId" : "GLSVR171217",
      "lastSynchronizedDate" : null,
      "addressNumber" : "2379",
      "sequence" : 0,
      "name" : "PT Veneta Indonesia Surabaya",
      "mailingName" : "PT Veneta Indonesia Surabaya",
      "description" : "",
      "firstName" : "",
      "middleName" : "",
      "lastName" : "",
      "nickname" : "",
      "salutation" : "",
      "gender" : "",
      "type" : "C",
      "religion" : "",
      "dateOfBirth" : null,
      "placeOfBirth" : "",
      "socialSecurityNumber" : "",
      "socialSecurityDate" : null,
      "mediaObjectReference" : "",
      "lastUpdateDateTime" : "2017-12-17T00:00:00",
      "inputDateTime" : "2017-12-17T00:00:00",
      "_links" : {
        "self" : {
          "href" : "http://localhost/api/contacts/2379_0"
        },
        "contactPerson" : {
          "href" : "http://localhost/api/contacts/2379_0"
        },
        "master" : {
          "href" : "http://localhost/api/contacts/2379_0/master"
        }
      }
    }, {
      "inputUserId" : "QSA",
      "lastUpdateUserId" : "QSA",
      "computerId" : "GLSVR171217",
      "lastSynchronizedDate" : null,
      "addressNumber" : "2380",
      "sequence" : 0,
      "name" : "PT Veneta Nusantara",
      "mailingName" : "PT Veneta Nusantara",
      "description" : "",
      "firstName" : "",
      "middleName" : "",
      "lastName" : "",
      "nickname" : "",
      "salutation" : "",
      "gender" : "",
      "type" : "C",
      "religion" : "",
      "dateOfBirth" : null,
      "placeOfBirth" : "",
      "socialSecurityNumber" : "",
      "socialSecurityDate" : null,
      "mediaObjectReference" : "",
      "lastUpdateDateTime" : "2017-12-17T00:00:00",
      "inputDateTime" : "2017-12-17T00:00:00",
      "_links" : {
        "self" : {
          "href" : "http://localhost/api/contacts/2380_0"
        },
        "contactPerson" : {
          "href" : "http://localhost/api/contacts/2380_0"
        },
        "master" : {
          "href" : "http://localhost/api/contacts/2380_0/master"
        }
      }
    }, {
      "inputUserId" : "QSA",
      "lastUpdateUserId" : "QSA",
      "computerId" : "GLSVR171217",
      "lastSynchronizedDate" : null,
      "addressNumber" : "2381",
      "sequence" : 0,
      "name" : "PT Visindo",
      "mailingName" : "PT Visindo",
      "description" : "",
      "firstName" : "",
      "middleName" : "",
      "lastName" : "",
      "nickname" : "",
      "salutation" : "",
      "gender" : "",
      "type" : "C",
      "religion" : "",
      "dateOfBirth" : null,
      "placeOfBirth" : "",
      "socialSecurityNumber" : "",
      "socialSecurityDate" : null,
      "mediaObjectReference" : "",
      "lastUpdateDateTime" : "2017-12-17T00:00:00",
      "inputDateTime" : "2017-12-17T00:00:00",
      "_links" : {
        "self" : {
          "href" : "http://localhost/api/contacts/2381_0"
        },
        "contactPerson" : {
          "href" : "http://localhost/api/contacts/2381_0"
        },
        "master" : {
          "href" : "http://localhost/api/contacts/2381_0/master"
        }
      }
    }, {
      "inputUserId" : "QSA",
      "lastUpdateUserId" : "QSA",
      "computerId" : "GLSVR171217",
      "lastSynchronizedDate" : null,
      "addressNumber" : "2382",
      "sequence" : 0,
      "name" : "PT Visiniaga Mitra Kreasindo",
      "mailingName" : "PT Visiniaga Mitra Kreasindo",
      "description" : "",
      "firstName" : "",
      "middleName" : "",
      "lastName" : "",
      "nickname" : "",
      "salutation" : "",
      "gender" : "",
      "type" : "C",
      "religion" : "",
      "dateOfBirth" : null,
      "placeOfBirth" : "",
      "socialSecurityNumber" : "",
      "socialSecurityDate" : null,
      "mediaObjectReference" : "",
      "lastUpdateDateTime" : "2017-12-17T00:00:00",
      "inputDateTime" : "2017-12-17T00:00:00",
      "_links" : {
        "self" : {
          "href" : "http://localhost/api/contacts/2382_0"
        },
        "contactPerson" : {
          "href" : "http://localhost/api/contacts/2382_0"
        },
        "master" : {
          "href" : "http://localhost/api/contacts/2382_0/master"
        }
      }
    }, {
      "inputUserId" : "QSA",
      "lastUpdateUserId" : "QSA",
      "computerId" : "GLSVR171217",
      "lastSynchronizedDate" : null,
      "addressNumber" : "2383",
      "sequence" : 0,
      "name" : "PT Widhi Satria Jaya Lines",
      "mailingName" : "PT Widhi Satria Jaya Lines",
      "description" : "",
      "firstName" : "",
      "middleName" : "",
      "lastName" : "",
      "nickname" : "",
      "salutation" : "",
      "gender" : "",
      "type" : "C",
      "religion" : "",
      "dateOfBirth" : null,
      "placeOfBirth" : "",
      "socialSecurityNumber" : "",
      "socialSecurityDate" : null,
      "mediaObjectReference" : "",
      "lastUpdateDateTime" : "2017-12-17T00:00:00",
      "inputDateTime" : "2017-12-17T00:00:00",
      "_links" : {
        "self" : {
          "href" : "http://localhost/api/contacts/2383_0"
        },
        "contactPerson" : {
          "href" : "http://localhost/api/contacts/2383_0"
        },
        "master" : {
          "href" : "http://localhost/api/contacts/2383_0/master"
        }
      }
    }, {
      "inputUserId" : "QSA",
      "lastUpdateUserId" : "QSA",
      "computerId" : "GLSVR171217",
      "lastSynchronizedDate" : null,
      "addressNumber" : "2384",
      "sequence" : 0,
      "name" : "PT Wings Surya",
      "mailingName" : "PT Wings Surya",
      "description" : "",
      "firstName" : "",
      "middleName" : "",
      "lastName" : "",
      "nickname" : "",
      "salutation" : "",
      "gender" : "",
      "type" : "C",
      "religion" : "",
      "dateOfBirth" : null,
      "placeOfBirth" : "",
      "socialSecurityNumber" : "",
      "socialSecurityDate" : null,
      "mediaObjectReference" : "",
      "lastUpdateDateTime" : "2017-12-17T00:00:00",
      "inputDateTime" : "2017-12-17T00:00:00",
      "_links" : {
        "self" : {
          "href" : "http://localhost/api/contacts/2384_0"
        },
        "contactPerson" : {
          "href" : "http://localhost/api/contacts/2384_0"
        },
        "master" : {
          "href" : "http://localhost/api/contacts/2384_0/master"
        }
      }
    }, {
      "inputUserId" : "QSA",
      "lastUpdateUserId" : "QSA",
      "computerId" : "GLSVR171217",
      "lastSynchronizedDate" : null,
      "addressNumber" : "2385",
      "sequence" : 0,
      "name" : "PT Wutama",
      "mailingName" : "PT Wutama",
      "description" : "",
      "firstName" : "",
      "middleName" : "",
      "lastName" : "",
      "nickname" : "",
      "salutation" : "",
      "gender" : "",
      "type" : "C",
      "religion" : "",
      "dateOfBirth" : null,
      "placeOfBirth" : "",
      "socialSecurityNumber" : "",
      "socialSecurityDate" : null,
      "mediaObjectReference" : "",
      "lastUpdateDateTime" : "2017-12-17T00:00:00",
      "inputDateTime" : "2017-12-17T00:00:00",
      "_links" : {
        "self" : {
          "href" : "http://localhost/api/contacts/2385_0"
        },
        "contactPerson" : {
          "href" : "http://localhost/api/contacts/2385_0"
        },
        "master" : {
          "href" : "http://localhost/api/contacts/2385_0/master"
        }
      }
    }, {
      "inputUserId" : "QSA",
      "lastUpdateUserId" : "QSA",
      "computerId" : "GLSVR171217",
      "lastSynchronizedDate" : null,
      "addressNumber" : "2386",
      "sequence" : 0,
      "name" : "Pujiono",
      "mailingName" : "Pujiono",
      "description" : "",
      "firstName" : "",
      "middleName" : "",
      "lastName" : "",
      "nickname" : "",
      "salutation" : "",
      "gender" : "",
      "type" : "C",
      "religion" : "",
      "dateOfBirth" : null,
      "placeOfBirth" : "",
      "socialSecurityNumber" : "",
      "socialSecurityDate" : null,
      "mediaObjectReference" : "",
      "lastUpdateDateTime" : "2017-12-17T00:00:00",
      "inputDateTime" : "2017-12-17T00:00:00",
      "_links" : {
        "self" : {
          "href" : "http://localhost/api/contacts/2386_0"
        },
        "contactPerson" : {
          "href" : "http://localhost/api/contacts/2386_0"
        },
        "master" : {
          "href" : "http://localhost/api/contacts/2386_0/master"
        }
      }
    }, {
      "inputUserId" : "QSA",
      "lastUpdateUserId" : "QSA",
      "computerId" : "GLSVR171217",
      "lastSynchronizedDate" : null,
      "addressNumber" : "2387",
      "sequence" : 0,
      "name" : "PUMC Kecamatan Genteng",
      "mailingName" : "PUMC Kecamatan Genteng",
      "description" : "",
      "firstName" : "",
      "middleName" : "",
      "lastName" : "",
      "nickname" : "",
      "salutation" : "",
      "gender" : "",
      "type" : "C",
      "religion" : "",
      "dateOfBirth" : null,
      "placeOfBirth" : "",
      "socialSecurityNumber" : "",
      "socialSecurityDate" : null,
      "mediaObjectReference" : "",
      "lastUpdateDateTime" : "2017-12-17T00:00:00",
      "inputDateTime" : "2017-12-17T00:00:00",
      "_links" : {
        "self" : {
          "href" : "http://localhost/api/contacts/2387_0"
        },
        "contactPerson" : {
          "href" : "http://localhost/api/contacts/2387_0"
        },
        "master" : {
          "href" : "http://localhost/api/contacts/2387_0/master"
        }
      }
    }, {
      "inputUserId" : "QSA",
      "lastUpdateUserId" : "QSA",
      "computerId" : "GLSVR171217",
      "lastSynchronizedDate" : null,
      "addressNumber" : "2388",
      "sequence" : 0,
      "name" : "PUMC Kecamatan Tambaksari",
      "mailingName" : "PUMC Kecamatan Tambaksari",
      "description" : "",
      "firstName" : "",
      "middleName" : "",
      "lastName" : "",
      "nickname" : "",
      "salutation" : "",
      "gender" : "",
      "type" : "C",
      "religion" : "",
      "dateOfBirth" : null,
      "placeOfBirth" : "",
      "socialSecurityNumber" : "",
      "socialSecurityDate" : null,
      "mediaObjectReference" : "",
      "lastUpdateDateTime" : "2017-12-17T00:00:00",
      "inputDateTime" : "2017-12-17T00:00:00",
      "_links" : {
        "self" : {
          "href" : "http://localhost/api/contacts/2388_0"
        },
        "contactPerson" : {
          "href" : "http://localhost/api/contacts/2388_0"
        },
        "master" : {
          "href" : "http://localhost/api/contacts/2388_0/master"
        }
      }
    }, {
      "inputUserId" : "QSA",
      "lastUpdateUserId" : "QSA",
      "computerId" : "GLSVR171217",
      "lastSynchronizedDate" : null,
      "addressNumber" : "2389",
      "sequence" : 0,
      "name" : "Puri",
      "mailingName" : "Puri",
      "description" : "",
      "firstName" : "",
      "middleName" : "",
      "lastName" : "",
      "nickname" : "",
      "salutation" : "",
      "gender" : "",
      "type" : "C",
      "religion" : "",
      "dateOfBirth" : null,
      "placeOfBirth" : "",
      "socialSecurityNumber" : "",
      "socialSecurityDate" : null,
      "mediaObjectReference" : "",
      "lastUpdateDateTime" : "2017-12-17T00:00:00",
      "inputDateTime" : "2017-12-17T00:00:00",
      "_links" : {
        "self" : {
          "href" : "http://localhost/api/contacts/2389_0"
        },
        "contactPerson" : {
          "href" : "http://localhost/api/contacts/2389_0"
        },
        "master" : {
          "href" : "http://localhost/api/contacts/2389_0/master"
        }
      }
    }, {
      "inputUserId" : "QSA",
      "lastUpdateUserId" : "QSA",
      "computerId" : "GLSVR171217",
      "lastSynchronizedDate" : null,
      "addressNumber" : "2390",
      "sequence" : 0,
      "name" : "Pusat Digital",
      "mailingName" : "Pusat Digital",
      "description" : "",
      "firstName" : "",
      "middleName" : "",
      "lastName" : "",
      "nickname" : "",
      "salutation" : "",
      "gender" : "",
      "type" : "C",
      "religion" : "",
      "dateOfBirth" : null,
      "placeOfBirth" : "",
      "socialSecurityNumber" : "",
      "socialSecurityDate" : null,
      "mediaObjectReference" : "",
      "lastUpdateDateTime" : "2017-12-17T00:00:00",
      "inputDateTime" : "2017-12-17T00:00:00",
      "_links" : {
        "self" : {
          "href" : "http://localhost/api/contacts/2390_0"
        },
        "contactPerson" : {
          "href" : "http://localhost/api/contacts/2390_0"
        },
        "master" : {
          "href" : "http://localhost/api/contacts/2390_0/master"
        }
      }
    }, {
      "inputUserId" : "QSA",
      "lastUpdateUserId" : "QSA",
      "computerId" : "GLSVR171217",
      "lastSynchronizedDate" : null,
      "addressNumber" : "2391",
      "sequence" : 0,
      "name" : "Puskesmas Batu Lenger",
      "mailingName" : "Puskesmas Batu Lenger",
      "description" : "",
      "firstName" : "",
      "middleName" : "",
      "lastName" : "",
      "nickname" : "",
      "salutation" : "",
      "gender" : "",
      "type" : "C",
      "religion" : "",
      "dateOfBirth" : null,
      "placeOfBirth" : "",
      "socialSecurityNumber" : "",
      "socialSecurityDate" : null,
      "mediaObjectReference" : "",
      "lastUpdateDateTime" : "2017-12-17T00:00:00",
      "inputDateTime" : "2017-12-17T00:00:00",
      "_links" : {
        "self" : {
          "href" : "http://localhost/api/contacts/2391_0"
        },
        "contactPerson" : {
          "href" : "http://localhost/api/contacts/2391_0"
        },
        "master" : {
          "href" : "http://localhost/api/contacts/2391_0/master"
        }
      }
    }, {
      "inputUserId" : "QSA",
      "lastUpdateUserId" : "QSA",
      "computerId" : "GLSVR171217",
      "lastSynchronizedDate" : null,
      "addressNumber" : "2392",
      "sequence" : 0,
      "name" : "Puskesmas Mbulu",
      "mailingName" : "Puskesmas Mbulu",
      "description" : "",
      "firstName" : "",
      "middleName" : "",
      "lastName" : "",
      "nickname" : "",
      "salutation" : "",
      "gender" : "",
      "type" : "C",
      "religion" : "",
      "dateOfBirth" : null,
      "placeOfBirth" : "",
      "socialSecurityNumber" : "",
      "socialSecurityDate" : null,
      "mediaObjectReference" : "",
      "lastUpdateDateTime" : "2017-12-17T00:00:00",
      "inputDateTime" : "2017-12-17T00:00:00",
      "_links" : {
        "self" : {
          "href" : "http://localhost/api/contacts/2392_0"
        },
        "contactPerson" : {
          "href" : "http://localhost/api/contacts/2392_0"
        },
        "master" : {
          "href" : "http://localhost/api/contacts/2392_0/master"
        }
      }
    }, {
      "inputUserId" : "QSA",
      "lastUpdateUserId" : "QSA",
      "computerId" : "GLSVR171217",
      "lastSynchronizedDate" : null,
      "addressNumber" : "2393",
      "sequence" : 0,
      "name" : "Puskesmas Sukodadi",
      "mailingName" : "Puskesmas Sukodadi",
      "description" : "",
      "firstName" : "",
      "middleName" : "",
      "lastName" : "",
      "nickname" : "",
      "salutation" : "",
      "gender" : "",
      "type" : "C",
      "religion" : "",
      "dateOfBirth" : null,
      "placeOfBirth" : "",
      "socialSecurityNumber" : "",
      "socialSecurityDate" : null,
      "mediaObjectReference" : "",
      "lastUpdateDateTime" : "2017-12-17T00:00:00",
      "inputDateTime" : "2017-12-17T00:00:00",
      "_links" : {
        "self" : {
          "href" : "http://localhost/api/contacts/2393_0"
        },
        "contactPerson" : {
          "href" : "http://localhost/api/contacts/2393_0"
        },
        "master" : {
          "href" : "http://localhost/api/contacts/2393_0/master"
        }
      }
    }, {
      "inputUserId" : "QSA",
      "lastUpdateUserId" : "QSA",
      "computerId" : "GLSVR171217",
      "lastSynchronizedDate" : null,
      "addressNumber" : "2394",
      "sequence" : 0,
      "name" : "Putra",
      "mailingName" : "Putra",
      "description" : "",
      "firstName" : "",
      "middleName" : "",
      "lastName" : "",
      "nickname" : "",
      "salutation" : "",
      "gender" : "",
      "type" : "C",
      "religion" : "",
      "dateOfBirth" : null,
      "placeOfBirth" : "",
      "socialSecurityNumber" : "",
      "socialSecurityDate" : null,
      "mediaObjectReference" : "",
      "lastUpdateDateTime" : "2017-12-17T00:00:00",
      "inputDateTime" : "2017-12-17T00:00:00",
      "_links" : {
        "self" : {
          "href" : "http://localhost/api/contacts/2394_0"
        },
        "contactPerson" : {
          "href" : "http://localhost/api/contacts/2394_0"
        },
        "master" : {
          "href" : "http://localhost/api/contacts/2394_0/master"
        }
      }
    }, {
      "inputUserId" : "QSA",
      "lastUpdateUserId" : "QSA",
      "computerId" : "GLSVR171217",
      "lastSynchronizedDate" : null,
      "addressNumber" : "2395",
      "sequence" : 0,
      "name" : "Putra Weka S",
      "mailingName" : "Putra Weka S",
      "description" : "",
      "firstName" : "",
      "middleName" : "",
      "lastName" : "",
      "nickname" : "",
      "salutation" : "",
      "gender" : "",
      "type" : "C",
      "religion" : "",
      "dateOfBirth" : null,
      "placeOfBirth" : "",
      "socialSecurityNumber" : "",
      "socialSecurityDate" : null,
      "mediaObjectReference" : "",
      "lastUpdateDateTime" : "2017-12-17T00:00:00",
      "inputDateTime" : "2017-12-17T00:00:00",
      "_links" : {
        "self" : {
          "href" : "http://localhost/api/contacts/2395_0"
        },
        "contactPerson" : {
          "href" : "http://localhost/api/contacts/2395_0"
        },
        "master" : {
          "href" : "http://localhost/api/contacts/2395_0/master"
        }
      }
    }, {
      "inputUserId" : "QSA",
      "lastUpdateUserId" : "QSA",
      "computerId" : "GLSVR171217",
      "lastSynchronizedDate" : null,
      "addressNumber" : "2396",
      "sequence" : 0,
      "name" : "Putrako",
      "mailingName" : "Putrako",
      "description" : "",
      "firstName" : "",
      "middleName" : "",
      "lastName" : "",
      "nickname" : "",
      "salutation" : "",
      "gender" : "",
      "type" : "C",
      "religion" : "",
      "dateOfBirth" : null,
      "placeOfBirth" : "",
      "socialSecurityNumber" : "",
      "socialSecurityDate" : null,
      "mediaObjectReference" : "",
      "lastUpdateDateTime" : "2017-12-17T00:00:00",
      "inputDateTime" : "2017-12-17T00:00:00",
      "_links" : {
        "self" : {
          "href" : "http://localhost/api/contacts/2396_0"
        },
        "contactPerson" : {
          "href" : "http://localhost/api/contacts/2396_0"
        },
        "master" : {
          "href" : "http://localhost/api/contacts/2396_0/master"
        }
      }
    }, {
      "inputUserId" : "QSA",
      "lastUpdateUserId" : "QSA",
      "computerId" : "GLSVR171217",
      "lastSynchronizedDate" : null,
      "addressNumber" : "2397",
      "sequence" : 0,
      "name" : "Q-Tech",
      "mailingName" : "Q-Tech",
      "description" : "",
      "firstName" : "",
      "middleName" : "",
      "lastName" : "",
      "nickname" : "",
      "salutation" : "",
      "gender" : "",
      "type" : "C",
      "religion" : "",
      "dateOfBirth" : null,
      "placeOfBirth" : "",
      "socialSecurityNumber" : "",
      "socialSecurityDate" : null,
      "mediaObjectReference" : "",
      "lastUpdateDateTime" : "2017-12-17T00:00:00",
      "inputDateTime" : "2017-12-17T00:00:00",
      "_links" : {
        "self" : {
          "href" : "http://localhost/api/contacts/2397_0"
        },
        "contactPerson" : {
          "href" : "http://localhost/api/contacts/2397_0"
        },
        "master" : {
          "href" : "http://localhost/api/contacts/2397_0/master"
        }
      }
    }, {
      "inputUserId" : "QSA",
      "lastUpdateUserId" : "QSA",
      "computerId" : "GLSVR171217",
      "lastSynchronizedDate" : null,
      "addressNumber" : "2398",
      "sequence" : 0,
      "name" : "Quatech",
      "mailingName" : "Quatech",
      "description" : "",
      "firstName" : "",
      "middleName" : "",
      "lastName" : "",
      "nickname" : "",
      "salutation" : "",
      "gender" : "",
      "type" : "C",
      "religion" : "",
      "dateOfBirth" : null,
      "placeOfBirth" : "",
      "socialSecurityNumber" : "",
      "socialSecurityDate" : null,
      "mediaObjectReference" : "",
      "lastUpdateDateTime" : "2017-12-17T00:00:00",
      "inputDateTime" : "2017-12-17T00:00:00",
      "_links" : {
        "self" : {
          "href" : "http://localhost/api/contacts/2398_0"
        },
        "contactPerson" : {
          "href" : "http://localhost/api/contacts/2398_0"
        },
        "master" : {
          "href" : "http://localhost/api/contacts/2398_0/master"
        }
      }
    }, {
      "inputUserId" : "QSA",
      "lastUpdateUserId" : "QSA",
      "computerId" : "GLSVR171217",
      "lastSynchronizedDate" : null,
      "addressNumber" : "2399",
      "sequence" : 0,
      "name" : "R.A Comp",
      "mailingName" : "R.A Comp",
      "description" : "",
      "firstName" : "",
      "middleName" : "",
      "lastName" : "",
      "nickname" : "",
      "salutation" : "",
      "gender" : "",
      "type" : "C",
      "religion" : "",
      "dateOfBirth" : null,
      "placeOfBirth" : "",
      "socialSecurityNumber" : "",
      "socialSecurityDate" : null,
      "mediaObjectReference" : "",
      "lastUpdateDateTime" : "2017-12-17T00:00:00",
      "inputDateTime" : "2017-12-17T00:00:00",
      "_links" : {
        "self" : {
          "href" : "http://localhost/api/contacts/2399_0"
        },
        "contactPerson" : {
          "href" : "http://localhost/api/contacts/2399_0"
        },
        "master" : {
          "href" : "http://localhost/api/contacts/2399_0/master"
        }
      }
    }, {
      "inputUserId" : "QSA",
      "lastUpdateUserId" : "QSA",
      "computerId" : "GLSVR171217",
      "lastSynchronizedDate" : null,
      "addressNumber" : "2400",
      "sequence" : 0,
      "name" : "Rabbit Computer",
      "mailingName" : "Rabbit Computer",
      "description" : "",
      "firstName" : "",
      "middleName" : "",
      "lastName" : "",
      "nickname" : "",
      "salutation" : "",
      "gender" : "",
      "type" : "C",
      "religion" : "",
      "dateOfBirth" : null,
      "placeOfBirth" : "",
      "socialSecurityNumber" : "",
      "socialSecurityDate" : null,
      "mediaObjectReference" : "",
      "lastUpdateDateTime" : "2017-12-17T00:00:00",
      "inputDateTime" : "2017-12-17T00:00:00",
      "_links" : {
        "self" : {
          "href" : "http://localhost/api/contacts/2400_0"
        },
        "contactPerson" : {
          "href" : "http://localhost/api/contacts/2400_0"
        },
        "master" : {
          "href" : "http://localhost/api/contacts/2400_0/master"
        }
      }
    }, {
      "inputUserId" : "QSA",
      "lastUpdateUserId" : "QSA",
      "computerId" : "GLSVR171217",
      "lastSynchronizedDate" : null,
      "addressNumber" : "2401",
      "sequence" : 0,
      "name" : "Rachman Abidin",
      "mailingName" : "Rachman Abidin",
      "description" : "",
      "firstName" : "",
      "middleName" : "",
      "lastName" : "",
      "nickname" : "",
      "salutation" : "",
      "gender" : "",
      "type" : "C",
      "religion" : "",
      "dateOfBirth" : null,
      "placeOfBirth" : "",
      "socialSecurityNumber" : "",
      "socialSecurityDate" : null,
      "mediaObjectReference" : "",
      "lastUpdateDateTime" : "2017-12-17T00:00:00",
      "inputDateTime" : "2017-12-17T00:00:00",
      "_links" : {
        "self" : {
          "href" : "http://localhost/api/contacts/2401_0"
        },
        "contactPerson" : {
          "href" : "http://localhost/api/contacts/2401_0"
        },
        "master" : {
          "href" : "http://localhost/api/contacts/2401_0/master"
        }
      }
    }, {
      "inputUserId" : "QSA",
      "lastUpdateUserId" : "QSA",
      "computerId" : "GLSVR171217",
      "lastSynchronizedDate" : null,
      "addressNumber" : "2402",
      "sequence" : 0,
      "name" : "Radit",
      "mailingName" : "Radit",
      "description" : "",
      "firstName" : "",
      "middleName" : "",
      "lastName" : "",
      "nickname" : "",
      "salutation" : "",
      "gender" : "",
      "type" : "C",
      "religion" : "",
      "dateOfBirth" : null,
      "placeOfBirth" : "",
      "socialSecurityNumber" : "",
      "socialSecurityDate" : null,
      "mediaObjectReference" : "",
      "lastUpdateDateTime" : "2017-12-17T00:00:00",
      "inputDateTime" : "2017-12-17T00:00:00",
      "_links" : {
        "self" : {
          "href" : "http://localhost/api/contacts/2402_0"
        },
        "contactPerson" : {
          "href" : "http://localhost/api/contacts/2402_0"
        },
        "master" : {
          "href" : "http://localhost/api/contacts/2402_0/master"
        }
      }
    }, {
      "inputUserId" : "QSA",
      "lastUpdateUserId" : "QSA",
      "computerId" : "GLSVR171217",
      "lastSynchronizedDate" : null,
      "addressNumber" : "2403",
      "sequence" : 0,
      "name" : "Radja Computer",
      "mailingName" : "Radja Computer",
      "description" : "",
      "firstName" : "",
      "middleName" : "",
      "lastName" : "",
      "nickname" : "",
      "salutation" : "",
      "gender" : "",
      "type" : "C",
      "religion" : "",
      "dateOfBirth" : null,
      "placeOfBirth" : "",
      "socialSecurityNumber" : "",
      "socialSecurityDate" : null,
      "mediaObjectReference" : "",
      "lastUpdateDateTime" : "2017-12-17T00:00:00",
      "inputDateTime" : "2017-12-17T00:00:00",
      "_links" : {
        "self" : {
          "href" : "http://localhost/api/contacts/2403_0"
        },
        "contactPerson" : {
          "href" : "http://localhost/api/contacts/2403_0"
        },
        "master" : {
          "href" : "http://localhost/api/contacts/2403_0/master"
        }
      }
    }, {
      "inputUserId" : "QSA",
      "lastUpdateUserId" : "QSA",
      "computerId" : "GLSVR171217",
      "lastSynchronizedDate" : null,
      "addressNumber" : "2404",
      "sequence" : 0,
      "name" : "Rafi",
      "mailingName" : "Rafi",
      "description" : "",
      "firstName" : "",
      "middleName" : "",
      "lastName" : "",
      "nickname" : "",
      "salutation" : "",
      "gender" : "",
      "type" : "C",
      "religion" : "",
      "dateOfBirth" : null,
      "placeOfBirth" : "",
      "socialSecurityNumber" : "",
      "socialSecurityDate" : null,
      "mediaObjectReference" : "",
      "lastUpdateDateTime" : "2017-12-17T00:00:00",
      "inputDateTime" : "2017-12-17T00:00:00",
      "_links" : {
        "self" : {
          "href" : "http://localhost/api/contacts/2404_0"
        },
        "contactPerson" : {
          "href" : "http://localhost/api/contacts/2404_0"
        },
        "master" : {
          "href" : "http://localhost/api/contacts/2404_0/master"
        }
      }
    }, {
      "inputUserId" : "QSA",
      "lastUpdateUserId" : "QSA",
      "computerId" : "GLSVR171217",
      "lastSynchronizedDate" : null,
      "addressNumber" : "2405",
      "sequence" : 0,
      "name" : "Raharja Computer (Yulius)",
      "mailingName" : "Raharja Computer (Yulius)",
      "description" : "",
      "firstName" : "",
      "middleName" : "",
      "lastName" : "",
      "nickname" : "",
      "salutation" : "",
      "gender" : "",
      "type" : "C",
      "religion" : "",
      "dateOfBirth" : null,
      "placeOfBirth" : "",
      "socialSecurityNumber" : "",
      "socialSecurityDate" : null,
      "mediaObjectReference" : "",
      "lastUpdateDateTime" : "2017-12-17T00:00:00",
      "inputDateTime" : "2017-12-17T00:00:00",
      "_links" : {
        "self" : {
          "href" : "http://localhost/api/contacts/2405_0"
        },
        "contactPerson" : {
          "href" : "http://localhost/api/contacts/2405_0"
        },
        "master" : {
          "href" : "http://localhost/api/contacts/2405_0/master"
        }
      }
    }, {
      "inputUserId" : "QSA",
      "lastUpdateUserId" : "QSA",
      "computerId" : "GLSVR171217",
      "lastSynchronizedDate" : null,
      "addressNumber" : "2406",
      "sequence" : 0,
      "name" : "Rahmah",
      "mailingName" : "Rahmah",
      "description" : "",
      "firstName" : "",
      "middleName" : "",
      "lastName" : "",
      "nickname" : "",
      "salutation" : "",
      "gender" : "",
      "type" : "C",
      "religion" : "",
      "dateOfBirth" : null,
      "placeOfBirth" : "",
      "socialSecurityNumber" : "",
      "socialSecurityDate" : null,
      "mediaObjectReference" : "",
      "lastUpdateDateTime" : "2017-12-17T00:00:00",
      "inputDateTime" : "2017-12-17T00:00:00",
      "_links" : {
        "self" : {
          "href" : "http://localhost/api/contacts/2406_0"
        },
        "contactPerson" : {
          "href" : "http://localhost/api/contacts/2406_0"
        },
        "master" : {
          "href" : "http://localhost/api/contacts/2406_0/master"
        }
      }
    }, {
      "inputUserId" : "QSA",
      "lastUpdateUserId" : "QSA",
      "computerId" : "GLSVR171217",
      "lastSynchronizedDate" : null,
      "addressNumber" : "2407",
      "sequence" : 0,
      "name" : "Rahmat",
      "mailingName" : "Rahmat",
      "description" : "",
      "firstName" : "",
      "middleName" : "",
      "lastName" : "",
      "nickname" : "",
      "salutation" : "",
      "gender" : "",
      "type" : "C",
      "religion" : "",
      "dateOfBirth" : null,
      "placeOfBirth" : "",
      "socialSecurityNumber" : "",
      "socialSecurityDate" : null,
      "mediaObjectReference" : "",
      "lastUpdateDateTime" : "2017-12-17T00:00:00",
      "inputDateTime" : "2017-12-17T00:00:00",
      "_links" : {
        "self" : {
          "href" : "http://localhost/api/contacts/2407_0"
        },
        "contactPerson" : {
          "href" : "http://localhost/api/contacts/2407_0"
        },
        "master" : {
          "href" : "http://localhost/api/contacts/2407_0/master"
        }
      }
    }, {
      "inputUserId" : "QSA",
      "lastUpdateUserId" : "QSA",
      "computerId" : "GLSVR171217",
      "lastSynchronizedDate" : null,
      "addressNumber" : "2408",
      "sequence" : 0,
      "name" : "Rahmat Amin",
      "mailingName" : "Rahmat Amin",
      "description" : "",
      "firstName" : "",
      "middleName" : "",
      "lastName" : "",
      "nickname" : "",
      "salutation" : "",
      "gender" : "",
      "type" : "C",
      "religion" : "",
      "dateOfBirth" : null,
      "placeOfBirth" : "",
      "socialSecurityNumber" : "",
      "socialSecurityDate" : null,
      "mediaObjectReference" : "",
      "lastUpdateDateTime" : "2017-12-17T00:00:00",
      "inputDateTime" : "2017-12-17T00:00:00",
      "_links" : {
        "self" : {
          "href" : "http://localhost/api/contacts/2408_0"
        },
        "contactPerson" : {
          "href" : "http://localhost/api/contacts/2408_0"
        },
        "master" : {
          "href" : "http://localhost/api/contacts/2408_0/master"
        }
      }
    }, {
      "inputUserId" : "QSA",
      "lastUpdateUserId" : "QSA",
      "computerId" : "GLSVR171217",
      "lastSynchronizedDate" : null,
      "addressNumber" : "2409",
      "sequence" : 0,
      "name" : "Rahmat Jaya Comp",
      "mailingName" : "Rahmat Jaya Comp",
      "description" : "",
      "firstName" : "",
      "middleName" : "",
      "lastName" : "",
      "nickname" : "",
      "salutation" : "",
      "gender" : "",
      "type" : "C",
      "religion" : "",
      "dateOfBirth" : null,
      "placeOfBirth" : "",
      "socialSecurityNumber" : "",
      "socialSecurityDate" : null,
      "mediaObjectReference" : "",
      "lastUpdateDateTime" : "2017-12-17T00:00:00",
      "inputDateTime" : "2017-12-17T00:00:00",
      "_links" : {
        "self" : {
          "href" : "http://localhost/api/contacts/2409_0"
        },
        "contactPerson" : {
          "href" : "http://localhost/api/contacts/2409_0"
        },
        "master" : {
          "href" : "http://localhost/api/contacts/2409_0/master"
        }
      }
    }, {
      "inputUserId" : "QSA",
      "lastUpdateUserId" : "QSA",
      "computerId" : "GLSVR171217",
      "lastSynchronizedDate" : null,
      "addressNumber" : "2410",
      "sequence" : 0,
      "name" : "Rainbow",
      "mailingName" : "Rainbow",
      "description" : "",
      "firstName" : "",
      "middleName" : "",
      "lastName" : "",
      "nickname" : "",
      "salutation" : "",
      "gender" : "",
      "type" : "C",
      "religion" : "",
      "dateOfBirth" : null,
      "placeOfBirth" : "",
      "socialSecurityNumber" : "",
      "socialSecurityDate" : null,
      "mediaObjectReference" : "",
      "lastUpdateDateTime" : "2017-12-17T00:00:00",
      "inputDateTime" : "2017-12-17T00:00:00",
      "_links" : {
        "self" : {
          "href" : "http://localhost/api/contacts/2410_0"
        },
        "contactPerson" : {
          "href" : "http://localhost/api/contacts/2410_0"
        },
        "master" : {
          "href" : "http://localhost/api/contacts/2410_0/master"
        }
      }
    }, {
      "inputUserId" : "QSA",
      "lastUpdateUserId" : "QSA",
      "computerId" : "GLSVR171217",
      "lastSynchronizedDate" : null,
      "addressNumber" : "2411",
      "sequence" : 0,
      "name" : "Raja",
      "mailingName" : "Raja",
      "description" : "",
      "firstName" : "",
      "middleName" : "",
      "lastName" : "",
      "nickname" : "",
      "salutation" : "",
      "gender" : "",
      "type" : "C",
      "religion" : "",
      "dateOfBirth" : null,
      "placeOfBirth" : "",
      "socialSecurityNumber" : "",
      "socialSecurityDate" : null,
      "mediaObjectReference" : "",
      "lastUpdateDateTime" : "2017-12-17T00:00:00",
      "inputDateTime" : "2017-12-17T00:00:00",
      "_links" : {
        "self" : {
          "href" : "http://localhost/api/contacts/2411_0"
        },
        "contactPerson" : {
          "href" : "http://localhost/api/contacts/2411_0"
        },
        "master" : {
          "href" : "http://localhost/api/contacts/2411_0/master"
        }
      }
    }, {
      "inputUserId" : "QSA",
      "lastUpdateUserId" : "QSA",
      "computerId" : "GLSVR171217",
      "lastSynchronizedDate" : null,
      "addressNumber" : "2412",
      "sequence" : 0,
      "name" : "Raja Comp",
      "mailingName" : "Raja Comp",
      "description" : "",
      "firstName" : "",
      "middleName" : "",
      "lastName" : "",
      "nickname" : "",
      "salutation" : "",
      "gender" : "",
      "type" : "C",
      "religion" : "",
      "dateOfBirth" : null,
      "placeOfBirth" : "",
      "socialSecurityNumber" : "",
      "socialSecurityDate" : null,
      "mediaObjectReference" : "",
      "lastUpdateDateTime" : "2017-12-17T00:00:00",
      "inputDateTime" : "2017-12-17T00:00:00",
      "_links" : {
        "self" : {
          "href" : "http://localhost/api/contacts/2412_0"
        },
        "contactPerson" : {
          "href" : "http://localhost/api/contacts/2412_0"
        },
        "master" : {
          "href" : "http://localhost/api/contacts/2412_0/master"
        }
      }
    }, {
      "inputUserId" : "QSA",
      "lastUpdateUserId" : "QSA",
      "computerId" : "GLSVR171217",
      "lastSynchronizedDate" : null,
      "addressNumber" : "2413",
      "sequence" : 0,
      "name" : "Rajawali Comp",
      "mailingName" : "Rajawali Comp",
      "description" : "",
      "firstName" : "",
      "middleName" : "",
      "lastName" : "",
      "nickname" : "",
      "salutation" : "",
      "gender" : "",
      "type" : "C",
      "religion" : "",
      "dateOfBirth" : null,
      "placeOfBirth" : "",
      "socialSecurityNumber" : "",
      "socialSecurityDate" : null,
      "mediaObjectReference" : "",
      "lastUpdateDateTime" : "2017-12-17T00:00:00",
      "inputDateTime" : "2017-12-17T00:00:00",
      "_links" : {
        "self" : {
          "href" : "http://localhost/api/contacts/2413_0"
        },
        "contactPerson" : {
          "href" : "http://localhost/api/contacts/2413_0"
        },
        "master" : {
          "href" : "http://localhost/api/contacts/2413_0/master"
        }
      }
    }, {
      "inputUserId" : "QSA",
      "lastUpdateUserId" : "QSA",
      "computerId" : "GLSVR171217",
      "lastSynchronizedDate" : null,
      "addressNumber" : "2414",
      "sequence" : 0,
      "name" : "Rajawali Komputer",
      "mailingName" : "Rajawali Komputer",
      "description" : "",
      "firstName" : "",
      "middleName" : "",
      "lastName" : "",
      "nickname" : "",
      "salutation" : "",
      "gender" : "",
      "type" : "C",
      "religion" : "",
      "dateOfBirth" : null,
      "placeOfBirth" : "",
      "socialSecurityNumber" : "",
      "socialSecurityDate" : null,
      "mediaObjectReference" : "",
      "lastUpdateDateTime" : "2017-12-17T00:00:00",
      "inputDateTime" : "2017-12-17T00:00:00",
      "_links" : {
        "self" : {
          "href" : "http://localhost/api/contacts/2414_0"
        },
        "contactPerson" : {
          "href" : "http://localhost/api/contacts/2414_0"
        },
        "master" : {
          "href" : "http://localhost/api/contacts/2414_0/master"
        }
      }
    }, {
      "inputUserId" : "QSA",
      "lastUpdateUserId" : "QSA",
      "computerId" : "GLSVR171217",
      "lastSynchronizedDate" : null,
      "addressNumber" : "2415",
      "sequence" : 0,
      "name" : "Rama Comp",
      "mailingName" : "Rama Comp",
      "description" : "",
      "firstName" : "",
      "middleName" : "",
      "lastName" : "",
      "nickname" : "",
      "salutation" : "",
      "gender" : "",
      "type" : "C",
      "religion" : "",
      "dateOfBirth" : null,
      "placeOfBirth" : "",
      "socialSecurityNumber" : "",
      "socialSecurityDate" : null,
      "mediaObjectReference" : "",
      "lastUpdateDateTime" : "2017-12-17T00:00:00",
      "inputDateTime" : "2017-12-17T00:00:00",
      "_links" : {
        "self" : {
          "href" : "http://localhost/api/contacts/2415_0"
        },
        "contactPerson" : {
          "href" : "http://localhost/api/contacts/2415_0"
        },
        "master" : {
          "href" : "http://localhost/api/contacts/2415_0/master"
        }
      }
    }, {
      "inputUserId" : "QSA",
      "lastUpdateUserId" : "QSA",
      "computerId" : "GLSVR171217",
      "lastSynchronizedDate" : null,
      "addressNumber" : "2416",
      "sequence" : 0,
      "name" : "Rama Komputer",
      "mailingName" : "Rama Komputer",
      "description" : "",
      "firstName" : "",
      "middleName" : "",
      "lastName" : "",
      "nickname" : "",
      "salutation" : "",
      "gender" : "",
      "type" : "C",
      "religion" : "",
      "dateOfBirth" : null,
      "placeOfBirth" : "",
      "socialSecurityNumber" : "",
      "socialSecurityDate" : null,
      "mediaObjectReference" : "",
      "lastUpdateDateTime" : "2017-12-17T00:00:00",
      "inputDateTime" : "2017-12-17T00:00:00",
      "_links" : {
        "self" : {
          "href" : "http://localhost/api/contacts/2416_0"
        },
        "contactPerson" : {
          "href" : "http://localhost/api/contacts/2416_0"
        },
        "master" : {
          "href" : "http://localhost/api/contacts/2416_0/master"
        }
      }
    }, {
      "inputUserId" : "QSA",
      "lastUpdateUserId" : "QSA",
      "computerId" : "GLSVR171217",
      "lastSynchronizedDate" : null,
      "addressNumber" : "2417",
      "sequence" : 0,
      "name" : "Ramdani",
      "mailingName" : "Ramdani",
      "description" : "",
      "firstName" : "",
      "middleName" : "",
      "lastName" : "",
      "nickname" : "",
      "salutation" : "",
      "gender" : "",
      "type" : "C",
      "religion" : "",
      "dateOfBirth" : null,
      "placeOfBirth" : "",
      "socialSecurityNumber" : "",
      "socialSecurityDate" : null,
      "mediaObjectReference" : "",
      "lastUpdateDateTime" : "2017-12-17T00:00:00",
      "inputDateTime" : "2017-12-17T00:00:00",
      "_links" : {
        "self" : {
          "href" : "http://localhost/api/contacts/2417_0"
        },
        "contactPerson" : {
          "href" : "http://localhost/api/contacts/2417_0"
        },
        "master" : {
          "href" : "http://localhost/api/contacts/2417_0/master"
        }
      }
    }, {
      "inputUserId" : "QSA",
      "lastUpdateUserId" : "QSA",
      "computerId" : "GLSVR171217",
      "lastSynchronizedDate" : null,
      "addressNumber" : "2418",
      "sequence" : 0,
      "name" : "Ramlan",
      "mailingName" : "Ramlan",
      "description" : "",
      "firstName" : "",
      "middleName" : "",
      "lastName" : "",
      "nickname" : "",
      "salutation" : "",
      "gender" : "",
      "type" : "C",
      "religion" : "",
      "dateOfBirth" : null,
      "placeOfBirth" : "",
      "socialSecurityNumber" : "",
      "socialSecurityDate" : null,
      "mediaObjectReference" : "",
      "lastUpdateDateTime" : "2017-12-17T00:00:00",
      "inputDateTime" : "2017-12-17T00:00:00",
      "_links" : {
        "self" : {
          "href" : "http://localhost/api/contacts/2418_0"
        },
        "contactPerson" : {
          "href" : "http://localhost/api/contacts/2418_0"
        },
        "master" : {
          "href" : "http://localhost/api/contacts/2418_0/master"
        }
      }
    }, {
      "inputUserId" : "QSA",
      "lastUpdateUserId" : "QSA",
      "computerId" : "GLSVR171217",
      "lastSynchronizedDate" : null,
      "addressNumber" : "2419",
      "sequence" : 0,
      "name" : "Ramuna",
      "mailingName" : "Ramuna",
      "description" : "",
      "firstName" : "",
      "middleName" : "",
      "lastName" : "",
      "nickname" : "",
      "salutation" : "",
      "gender" : "",
      "type" : "C",
      "religion" : "",
      "dateOfBirth" : null,
      "placeOfBirth" : "",
      "socialSecurityNumber" : "",
      "socialSecurityDate" : null,
      "mediaObjectReference" : "",
      "lastUpdateDateTime" : "2017-12-17T00:00:00",
      "inputDateTime" : "2017-12-17T00:00:00",
      "_links" : {
        "self" : {
          "href" : "http://localhost/api/contacts/2419_0"
        },
        "contactPerson" : {
          "href" : "http://localhost/api/contacts/2419_0"
        },
        "master" : {
          "href" : "http://localhost/api/contacts/2419_0/master"
        }
      }
    }, {
      "inputUserId" : "QSA",
      "lastUpdateUserId" : "QSA",
      "computerId" : "GLSVR171217",
      "lastSynchronizedDate" : null,
      "addressNumber" : "2420",
      "sequence" : 0,
      "name" : "Randi",
      "mailingName" : "Randi",
      "description" : "",
      "firstName" : "",
      "middleName" : "",
      "lastName" : "",
      "nickname" : "",
      "salutation" : "",
      "gender" : "",
      "type" : "C",
      "religion" : "",
      "dateOfBirth" : null,
      "placeOfBirth" : "",
      "socialSecurityNumber" : "",
      "socialSecurityDate" : null,
      "mediaObjectReference" : "",
      "lastUpdateDateTime" : "2017-12-17T00:00:00",
      "inputDateTime" : "2017-12-17T00:00:00",
      "_links" : {
        "self" : {
          "href" : "http://localhost/api/contacts/2420_0"
        },
        "contactPerson" : {
          "href" : "http://localhost/api/contacts/2420_0"
        },
        "master" : {
          "href" : "http://localhost/api/contacts/2420_0/master"
        }
      }
    }, {
      "inputUserId" : "QSA",
      "lastUpdateUserId" : "QSA",
      "computerId" : "GLSVR171217",
      "lastSynchronizedDate" : null,
      "addressNumber" : "2421",
      "sequence" : 0,
      "name" : "Rangga",
      "mailingName" : "Rangga",
      "description" : "",
      "firstName" : "",
      "middleName" : "",
      "lastName" : "",
      "nickname" : "",
      "salutation" : "",
      "gender" : "",
      "type" : "C",
      "religion" : "",
      "dateOfBirth" : null,
      "placeOfBirth" : "",
      "socialSecurityNumber" : "",
      "socialSecurityDate" : null,
      "mediaObjectReference" : "",
      "lastUpdateDateTime" : "2017-12-17T00:00:00",
      "inputDateTime" : "2017-12-17T00:00:00",
      "_links" : {
        "self" : {
          "href" : "http://localhost/api/contacts/2421_0"
        },
        "contactPerson" : {
          "href" : "http://localhost/api/contacts/2421_0"
        },
        "master" : {
          "href" : "http://localhost/api/contacts/2421_0/master"
        }
      }
    }, {
      "inputUserId" : "QSA",
      "lastUpdateUserId" : "QSA",
      "computerId" : "GLSVR171217",
      "lastSynchronizedDate" : null,
      "addressNumber" : "2422",
      "sequence" : 0,
      "name" : "Rapi Kom",
      "mailingName" : "Rapi Kom",
      "description" : "",
      "firstName" : "",
      "middleName" : "",
      "lastName" : "",
      "nickname" : "",
      "salutation" : "",
      "gender" : "",
      "type" : "C",
      "religion" : "",
      "dateOfBirth" : null,
      "placeOfBirth" : "",
      "socialSecurityNumber" : "",
      "socialSecurityDate" : null,
      "mediaObjectReference" : "",
      "lastUpdateDateTime" : "2017-12-17T00:00:00",
      "inputDateTime" : "2017-12-17T00:00:00",
      "_links" : {
        "self" : {
          "href" : "http://localhost/api/contacts/2422_0"
        },
        "contactPerson" : {
          "href" : "http://localhost/api/contacts/2422_0"
        },
        "master" : {
          "href" : "http://localhost/api/contacts/2422_0/master"
        }
      }
    }, {
      "inputUserId" : "QSA",
      "lastUpdateUserId" : "QSA",
      "computerId" : "GLSVR171217",
      "lastSynchronizedDate" : null,
      "addressNumber" : "2423",
      "sequence" : 0,
      "name" : "Rasyat",
      "mailingName" : "Rasyat",
      "description" : "",
      "firstName" : "",
      "middleName" : "",
      "lastName" : "",
      "nickname" : "",
      "salutation" : "",
      "gender" : "",
      "type" : "C",
      "religion" : "",
      "dateOfBirth" : null,
      "placeOfBirth" : "",
      "socialSecurityNumber" : "",
      "socialSecurityDate" : null,
      "mediaObjectReference" : "",
      "lastUpdateDateTime" : "2017-12-17T00:00:00",
      "inputDateTime" : "2017-12-17T00:00:00",
      "_links" : {
        "self" : {
          "href" : "http://localhost/api/contacts/2423_0"
        },
        "contactPerson" : {
          "href" : "http://localhost/api/contacts/2423_0"
        },
        "master" : {
          "href" : "http://localhost/api/contacts/2423_0/master"
        }
      }
    }, {
      "inputUserId" : "QSA",
      "lastUpdateUserId" : "QSA",
      "computerId" : "GLSVR171217",
      "lastSynchronizedDate" : null,
      "addressNumber" : "2424",
      "sequence" : 0,
      "name" : "Ratna",
      "mailingName" : "Ratna",
      "description" : "",
      "firstName" : "",
      "middleName" : "",
      "lastName" : "",
      "nickname" : "",
      "salutation" : "",
      "gender" : "",
      "type" : "C",
      "religion" : "",
      "dateOfBirth" : null,
      "placeOfBirth" : "",
      "socialSecurityNumber" : "",
      "socialSecurityDate" : null,
      "mediaObjectReference" : "",
      "lastUpdateDateTime" : "2017-12-17T00:00:00",
      "inputDateTime" : "2017-12-17T00:00:00",
      "_links" : {
        "self" : {
          "href" : "http://localhost/api/contacts/2424_0"
        },
        "contactPerson" : {
          "href" : "http://localhost/api/contacts/2424_0"
        },
        "master" : {
          "href" : "http://localhost/api/contacts/2424_0/master"
        }
      }
    }, {
      "inputUserId" : "QSA",
      "lastUpdateUserId" : "QSA",
      "computerId" : "GLSVR171217",
      "lastSynchronizedDate" : null,
      "addressNumber" : "2425",
      "sequence" : 0,
      "name" : "Raymond",
      "mailingName" : "Raymond",
      "description" : "",
      "firstName" : "",
      "middleName" : "",
      "lastName" : "",
      "nickname" : "",
      "salutation" : "",
      "gender" : "",
      "type" : "C",
      "religion" : "",
      "dateOfBirth" : null,
      "placeOfBirth" : "",
      "socialSecurityNumber" : "",
      "socialSecurityDate" : null,
      "mediaObjectReference" : "",
      "lastUpdateDateTime" : "2017-12-17T00:00:00",
      "inputDateTime" : "2017-12-17T00:00:00",
      "_links" : {
        "self" : {
          "href" : "http://localhost/api/contacts/2425_0"
        },
        "contactPerson" : {
          "href" : "http://localhost/api/contacts/2425_0"
        },
        "master" : {
          "href" : "http://localhost/api/contacts/2425_0/master"
        }
      }
    }, {
      "inputUserId" : "QSA",
      "lastUpdateUserId" : "QSA",
      "computerId" : "GLSVR171217",
      "lastSynchronizedDate" : null,
      "addressNumber" : "2426",
      "sequence" : 0,
      "name" : "Regi Shabara",
      "mailingName" : "Regi Shabara",
      "description" : "",
      "firstName" : "",
      "middleName" : "",
      "lastName" : "",
      "nickname" : "",
      "salutation" : "",
      "gender" : "",
      "type" : "C",
      "religion" : "",
      "dateOfBirth" : null,
      "placeOfBirth" : "",
      "socialSecurityNumber" : "",
      "socialSecurityDate" : null,
      "mediaObjectReference" : "",
      "lastUpdateDateTime" : "2017-12-17T00:00:00",
      "inputDateTime" : "2017-12-17T00:00:00",
      "_links" : {
        "self" : {
          "href" : "http://localhost/api/contacts/2426_0"
        },
        "contactPerson" : {
          "href" : "http://localhost/api/contacts/2426_0"
        },
        "master" : {
          "href" : "http://localhost/api/contacts/2426_0/master"
        }
      }
    }, {
      "inputUserId" : "QSA",
      "lastUpdateUserId" : "QSA",
      "computerId" : "GLSVR171217",
      "lastSynchronizedDate" : null,
      "addressNumber" : "2427",
      "sequence" : 0,
      "name" : "Rendy",
      "mailingName" : "Rendy",
      "description" : "",
      "firstName" : "",
      "middleName" : "",
      "lastName" : "",
      "nickname" : "",
      "salutation" : "",
      "gender" : "",
      "type" : "C",
      "religion" : "",
      "dateOfBirth" : null,
      "placeOfBirth" : "",
      "socialSecurityNumber" : "",
      "socialSecurityDate" : null,
      "mediaObjectReference" : "",
      "lastUpdateDateTime" : "2017-12-17T00:00:00",
      "inputDateTime" : "2017-12-17T00:00:00",
      "_links" : {
        "self" : {
          "href" : "http://localhost/api/contacts/2427_0"
        },
        "contactPerson" : {
          "href" : "http://localhost/api/contacts/2427_0"
        },
        "master" : {
          "href" : "http://localhost/api/contacts/2427_0/master"
        }
      }
    }, {
      "inputUserId" : "QSA",
      "lastUpdateUserId" : "QSA",
      "computerId" : "GLSVR171217",
      "lastSynchronizedDate" : null,
      "addressNumber" : "2428",
      "sequence" : 0,
      "name" : "Reny",
      "mailingName" : "Reny",
      "description" : "",
      "firstName" : "",
      "middleName" : "",
      "lastName" : "",
      "nickname" : "",
      "salutation" : "",
      "gender" : "",
      "type" : "C",
      "religion" : "",
      "dateOfBirth" : null,
      "placeOfBirth" : "",
      "socialSecurityNumber" : "",
      "socialSecurityDate" : null,
      "mediaObjectReference" : "",
      "lastUpdateDateTime" : "2017-12-17T00:00:00",
      "inputDateTime" : "2017-12-17T00:00:00",
      "_links" : {
        "self" : {
          "href" : "http://localhost/api/contacts/2428_0"
        },
        "contactPerson" : {
          "href" : "http://localhost/api/contacts/2428_0"
        },
        "master" : {
          "href" : "http://localhost/api/contacts/2428_0/master"
        }
      }
    }, {
      "inputUserId" : "QSA",
      "lastUpdateUserId" : "QSA",
      "computerId" : "GLSVR171217",
      "lastSynchronizedDate" : null,
      "addressNumber" : "2429",
      "sequence" : 0,
      "name" : "Resti Amalia",
      "mailingName" : "Resti Amalia",
      "description" : "",
      "firstName" : "",
      "middleName" : "",
      "lastName" : "",
      "nickname" : "",
      "salutation" : "",
      "gender" : "",
      "type" : "C",
      "religion" : "",
      "dateOfBirth" : null,
      "placeOfBirth" : "",
      "socialSecurityNumber" : "",
      "socialSecurityDate" : null,
      "mediaObjectReference" : "",
      "lastUpdateDateTime" : "2017-12-17T00:00:00",
      "inputDateTime" : "2017-12-17T00:00:00",
      "_links" : {
        "self" : {
          "href" : "http://localhost/api/contacts/2429_0"
        },
        "contactPerson" : {
          "href" : "http://localhost/api/contacts/2429_0"
        },
        "master" : {
          "href" : "http://localhost/api/contacts/2429_0/master"
        }
      }
    }, {
      "inputUserId" : "QSA",
      "lastUpdateUserId" : "QSA",
      "computerId" : "GLSVR171217",
      "lastSynchronizedDate" : null,
      "addressNumber" : "2430",
      "sequence" : 0,
      "name" : "Restu",
      "mailingName" : "Restu",
      "description" : "",
      "firstName" : "",
      "middleName" : "",
      "lastName" : "",
      "nickname" : "",
      "salutation" : "",
      "gender" : "",
      "type" : "C",
      "religion" : "",
      "dateOfBirth" : null,
      "placeOfBirth" : "",
      "socialSecurityNumber" : "",
      "socialSecurityDate" : null,
      "mediaObjectReference" : "",
      "lastUpdateDateTime" : "2017-12-17T00:00:00",
      "inputDateTime" : "2017-12-17T00:00:00",
      "_links" : {
        "self" : {
          "href" : "http://localhost/api/contacts/2430_0"
        },
        "contactPerson" : {
          "href" : "http://localhost/api/contacts/2430_0"
        },
        "master" : {
          "href" : "http://localhost/api/contacts/2430_0/master"
        }
      }
    }, {
      "inputUserId" : "QSA",
      "lastUpdateUserId" : "QSA",
      "computerId" : "GLSVR171217",
      "lastSynchronizedDate" : null,
      "addressNumber" : "2431",
      "sequence" : 0,
      "name" : "Resy",
      "mailingName" : "Resy",
      "description" : "",
      "firstName" : "",
      "middleName" : "",
      "lastName" : "",
      "nickname" : "",
      "salutation" : "",
      "gender" : "",
      "type" : "C",
      "religion" : "",
      "dateOfBirth" : null,
      "placeOfBirth" : "",
      "socialSecurityNumber" : "",
      "socialSecurityDate" : null,
      "mediaObjectReference" : "",
      "lastUpdateDateTime" : "2017-12-17T00:00:00",
      "inputDateTime" : "2017-12-17T00:00:00",
      "_links" : {
        "self" : {
          "href" : "http://localhost/api/contacts/2431_0"
        },
        "contactPerson" : {
          "href" : "http://localhost/api/contacts/2431_0"
        },
        "master" : {
          "href" : "http://localhost/api/contacts/2431_0/master"
        }
      }
    }, {
      "inputUserId" : "QSA",
      "lastUpdateUserId" : "QSA",
      "computerId" : "GLSVR171217",
      "lastSynchronizedDate" : null,
      "addressNumber" : "2432",
      "sequence" : 0,
      "name" : "Revolution Komputer",
      "mailingName" : "Revolution Komputer",
      "description" : "",
      "firstName" : "",
      "middleName" : "",
      "lastName" : "",
      "nickname" : "",
      "salutation" : "",
      "gender" : "",
      "type" : "C",
      "religion" : "",
      "dateOfBirth" : null,
      "placeOfBirth" : "",
      "socialSecurityNumber" : "",
      "socialSecurityDate" : null,
      "mediaObjectReference" : "",
      "lastUpdateDateTime" : "2017-12-17T00:00:00",
      "inputDateTime" : "2017-12-17T00:00:00",
      "_links" : {
        "self" : {
          "href" : "http://localhost/api/contacts/2432_0"
        },
        "contactPerson" : {
          "href" : "http://localhost/api/contacts/2432_0"
        },
        "master" : {
          "href" : "http://localhost/api/contacts/2432_0/master"
        }
      }
    }, {
      "inputUserId" : "QSA",
      "lastUpdateUserId" : "QSA",
      "computerId" : "GLSVR171217",
      "lastSynchronizedDate" : null,
      "addressNumber" : "2433",
      "sequence" : 0,
      "name" : "Reynaldo",
      "mailingName" : "Reynaldo",
      "description" : "",
      "firstName" : "",
      "middleName" : "",
      "lastName" : "",
      "nickname" : "",
      "salutation" : "",
      "gender" : "",
      "type" : "C",
      "religion" : "",
      "dateOfBirth" : null,
      "placeOfBirth" : "",
      "socialSecurityNumber" : "",
      "socialSecurityDate" : null,
      "mediaObjectReference" : "",
      "lastUpdateDateTime" : "2017-12-17T00:00:00",
      "inputDateTime" : "2017-12-17T00:00:00",
      "_links" : {
        "self" : {
          "href" : "http://localhost/api/contacts/2433_0"
        },
        "contactPerson" : {
          "href" : "http://localhost/api/contacts/2433_0"
        },
        "master" : {
          "href" : "http://localhost/api/contacts/2433_0/master"
        }
      }
    }, {
      "inputUserId" : "QSA",
      "lastUpdateUserId" : "QSA",
      "computerId" : "GLSVR171217",
      "lastSynchronizedDate" : null,
      "addressNumber" : "2434",
      "sequence" : 0,
      "name" : "Reza",
      "mailingName" : "Reza",
      "description" : "",
      "firstName" : "",
      "middleName" : "",
      "lastName" : "",
      "nickname" : "",
      "salutation" : "",
      "gender" : "",
      "type" : "C",
      "religion" : "",
      "dateOfBirth" : null,
      "placeOfBirth" : "",
      "socialSecurityNumber" : "",
      "socialSecurityDate" : null,
      "mediaObjectReference" : "",
      "lastUpdateDateTime" : "2017-12-17T00:00:00",
      "inputDateTime" : "2017-12-17T00:00:00",
      "_links" : {
        "self" : {
          "href" : "http://localhost/api/contacts/2434_0"
        },
        "contactPerson" : {
          "href" : "http://localhost/api/contacts/2434_0"
        },
        "master" : {
          "href" : "http://localhost/api/contacts/2434_0/master"
        }
      }
    }, {
      "inputUserId" : "QSA",
      "lastUpdateUserId" : "QSA",
      "computerId" : "GLSVR171217",
      "lastSynchronizedDate" : null,
      "addressNumber" : "2435",
      "sequence" : 0,
      "name" : "Rhetan",
      "mailingName" : "Rhetan",
      "description" : "",
      "firstName" : "",
      "middleName" : "",
      "lastName" : "",
      "nickname" : "",
      "salutation" : "",
      "gender" : "",
      "type" : "C",
      "religion" : "",
      "dateOfBirth" : null,
      "placeOfBirth" : "",
      "socialSecurityNumber" : "",
      "socialSecurityDate" : null,
      "mediaObjectReference" : "",
      "lastUpdateDateTime" : "2017-12-17T00:00:00",
      "inputDateTime" : "2017-12-17T00:00:00",
      "_links" : {
        "self" : {
          "href" : "http://localhost/api/contacts/2435_0"
        },
        "contactPerson" : {
          "href" : "http://localhost/api/contacts/2435_0"
        },
        "master" : {
          "href" : "http://localhost/api/contacts/2435_0/master"
        }
      }
    }, {
      "inputUserId" : "QSA",
      "lastUpdateUserId" : "QSA",
      "computerId" : "GLSVR171217",
      "lastSynchronizedDate" : null,
      "addressNumber" : "2436",
      "sequence" : 0,
      "name" : "Ria",
      "mailingName" : "Ria",
      "description" : "",
      "firstName" : "",
      "middleName" : "",
      "lastName" : "",
      "nickname" : "",
      "salutation" : "",
      "gender" : "",
      "type" : "C",
      "religion" : "",
      "dateOfBirth" : null,
      "placeOfBirth" : "",
      "socialSecurityNumber" : "",
      "socialSecurityDate" : null,
      "mediaObjectReference" : "",
      "lastUpdateDateTime" : "2017-12-17T00:00:00",
      "inputDateTime" : "2017-12-17T00:00:00",
      "_links" : {
        "self" : {
          "href" : "http://localhost/api/contacts/2436_0"
        },
        "contactPerson" : {
          "href" : "http://localhost/api/contacts/2436_0"
        },
        "master" : {
          "href" : "http://localhost/api/contacts/2436_0/master"
        }
      }
    }, {
      "inputUserId" : "QSA",
      "lastUpdateUserId" : "QSA",
      "computerId" : "GLSVR171217",
      "lastSynchronizedDate" : null,
      "addressNumber" : "2437",
      "sequence" : 0,
      "name" : "Rian",
      "mailingName" : "Rian",
      "description" : "",
      "firstName" : "",
      "middleName" : "",
      "lastName" : "",
      "nickname" : "",
      "salutation" : "",
      "gender" : "",
      "type" : "C",
      "religion" : "",
      "dateOfBirth" : null,
      "placeOfBirth" : "",
      "socialSecurityNumber" : "",
      "socialSecurityDate" : null,
      "mediaObjectReference" : "",
      "lastUpdateDateTime" : "2017-12-17T00:00:00",
      "inputDateTime" : "2017-12-17T00:00:00",
      "_links" : {
        "self" : {
          "href" : "http://localhost/api/contacts/2437_0"
        },
        "contactPerson" : {
          "href" : "http://localhost/api/contacts/2437_0"
        },
        "master" : {
          "href" : "http://localhost/api/contacts/2437_0/master"
        }
      }
    }, {
      "inputUserId" : "QSA",
      "lastUpdateUserId" : "QSA",
      "computerId" : "GLSVR171217",
      "lastSynchronizedDate" : null,
      "addressNumber" : "2438",
      "sequence" : 0,
      "name" : "Richard",
      "mailingName" : "Richard",
      "description" : "",
      "firstName" : "",
      "middleName" : "",
      "lastName" : "",
      "nickname" : "",
      "salutation" : "",
      "gender" : "",
      "type" : "C",
      "religion" : "",
      "dateOfBirth" : null,
      "placeOfBirth" : "",
      "socialSecurityNumber" : "",
      "socialSecurityDate" : null,
      "mediaObjectReference" : "",
      "lastUpdateDateTime" : "2017-12-17T00:00:00",
      "inputDateTime" : "2017-12-17T00:00:00",
      "_links" : {
        "self" : {
          "href" : "http://localhost/api/contacts/2438_0"
        },
        "contactPerson" : {
          "href" : "http://localhost/api/contacts/2438_0"
        },
        "master" : {
          "href" : "http://localhost/api/contacts/2438_0/master"
        }
      }
    }, {
      "inputUserId" : "QSA",
      "lastUpdateUserId" : "QSA",
      "computerId" : "GLSVR171217",
      "lastSynchronizedDate" : null,
      "addressNumber" : "2439",
      "sequence" : 0,
      "name" : "Richlink",
      "mailingName" : "Richlink",
      "description" : "",
      "firstName" : "",
      "middleName" : "",
      "lastName" : "",
      "nickname" : "",
      "salutation" : "",
      "gender" : "",
      "type" : "C",
      "religion" : "",
      "dateOfBirth" : null,
      "placeOfBirth" : "",
      "socialSecurityNumber" : "",
      "socialSecurityDate" : null,
      "mediaObjectReference" : "",
      "lastUpdateDateTime" : "2017-12-17T00:00:00",
      "inputDateTime" : "2017-12-17T00:00:00",
      "_links" : {
        "self" : {
          "href" : "http://localhost/api/contacts/2439_0"
        },
        "contactPerson" : {
          "href" : "http://localhost/api/contacts/2439_0"
        },
        "master" : {
          "href" : "http://localhost/api/contacts/2439_0/master"
        }
      }
    }, {
      "inputUserId" : "QSA",
      "lastUpdateUserId" : "QSA",
      "computerId" : "GLSVR171217",
      "lastSynchronizedDate" : null,
      "addressNumber" : "2440",
      "sequence" : 0,
      "name" : "Rici",
      "mailingName" : "Rici",
      "description" : "",
      "firstName" : "",
      "middleName" : "",
      "lastName" : "",
      "nickname" : "",
      "salutation" : "",
      "gender" : "",
      "type" : "C",
      "religion" : "",
      "dateOfBirth" : null,
      "placeOfBirth" : "",
      "socialSecurityNumber" : "",
      "socialSecurityDate" : null,
      "mediaObjectReference" : "",
      "lastUpdateDateTime" : "2017-12-17T00:00:00",
      "inputDateTime" : "2017-12-17T00:00:00",
      "_links" : {
        "self" : {
          "href" : "http://localhost/api/contacts/2440_0"
        },
        "contactPerson" : {
          "href" : "http://localhost/api/contacts/2440_0"
        },
        "master" : {
          "href" : "http://localhost/api/contacts/2440_0/master"
        }
      }
    }, {
      "inputUserId" : "QSA",
      "lastUpdateUserId" : "QSA",
      "computerId" : "GLSVR171217",
      "lastSynchronizedDate" : null,
      "addressNumber" : "2441",
      "sequence" : 0,
      "name" : "Ricky",
      "mailingName" : "Ricky",
      "description" : "",
      "firstName" : "",
      "middleName" : "",
      "lastName" : "",
      "nickname" : "",
      "salutation" : "",
      "gender" : "",
      "type" : "C",
      "religion" : "",
      "dateOfBirth" : null,
      "placeOfBirth" : "",
      "socialSecurityNumber" : "",
      "socialSecurityDate" : null,
      "mediaObjectReference" : "",
      "lastUpdateDateTime" : "2017-12-17T00:00:00",
      "inputDateTime" : "2017-12-17T00:00:00",
      "_links" : {
        "self" : {
          "href" : "http://localhost/api/contacts/2441_0"
        },
        "contactPerson" : {
          "href" : "http://localhost/api/contacts/2441_0"
        },
        "master" : {
          "href" : "http://localhost/api/contacts/2441_0/master"
        }
      }
    }, {
      "inputUserId" : "QSA",
      "lastUpdateUserId" : "QSA",
      "computerId" : "GLSVR171217",
      "lastSynchronizedDate" : null,
      "addressNumber" : "2442",
      "sequence" : 0,
      "name" : "Ridi Comp",
      "mailingName" : "Ridi Comp",
      "description" : "",
      "firstName" : "",
      "middleName" : "",
      "lastName" : "",
      "nickname" : "",
      "salutation" : "",
      "gender" : "",
      "type" : "C",
      "religion" : "",
      "dateOfBirth" : null,
      "placeOfBirth" : "",
      "socialSecurityNumber" : "",
      "socialSecurityDate" : null,
      "mediaObjectReference" : "",
      "lastUpdateDateTime" : "2017-12-17T00:00:00",
      "inputDateTime" : "2017-12-17T00:00:00",
      "_links" : {
        "self" : {
          "href" : "http://localhost/api/contacts/2442_0"
        },
        "contactPerson" : {
          "href" : "http://localhost/api/contacts/2442_0"
        },
        "master" : {
          "href" : "http://localhost/api/contacts/2442_0/master"
        }
      }
    }, {
      "inputUserId" : "QSA",
      "lastUpdateUserId" : "QSA",
      "computerId" : "GLSVR171217",
      "lastSynchronizedDate" : null,
      "addressNumber" : "2443",
      "sequence" : 0,
      "name" : "Ridianto Sudijono P",
      "mailingName" : "Ridianto Sudijono P",
      "description" : "",
      "firstName" : "",
      "middleName" : "",
      "lastName" : "",
      "nickname" : "",
      "salutation" : "",
      "gender" : "",
      "type" : "C",
      "religion" : "",
      "dateOfBirth" : null,
      "placeOfBirth" : "",
      "socialSecurityNumber" : "",
      "socialSecurityDate" : null,
      "mediaObjectReference" : "",
      "lastUpdateDateTime" : "2017-12-17T00:00:00",
      "inputDateTime" : "2017-12-17T00:00:00",
      "_links" : {
        "self" : {
          "href" : "http://localhost/api/contacts/2443_0"
        },
        "contactPerson" : {
          "href" : "http://localhost/api/contacts/2443_0"
        },
        "master" : {
          "href" : "http://localhost/api/contacts/2443_0/master"
        }
      }
    }, {
      "inputUserId" : "QSA",
      "lastUpdateUserId" : "QSA",
      "computerId" : "GLSVR171217",
      "lastSynchronizedDate" : null,
      "addressNumber" : "2444",
      "sequence" : 0,
      "name" : "Ridwan(Diamond Palu)",
      "mailingName" : "Ridwan(Diamond Palu)",
      "description" : "",
      "firstName" : "",
      "middleName" : "",
      "lastName" : "",
      "nickname" : "",
      "salutation" : "",
      "gender" : "",
      "type" : "C",
      "religion" : "",
      "dateOfBirth" : null,
      "placeOfBirth" : "",
      "socialSecurityNumber" : "",
      "socialSecurityDate" : null,
      "mediaObjectReference" : "",
      "lastUpdateDateTime" : "2017-12-17T00:00:00",
      "inputDateTime" : "2017-12-17T00:00:00",
      "_links" : {
        "self" : {
          "href" : "http://localhost/api/contacts/2444_0"
        },
        "contactPerson" : {
          "href" : "http://localhost/api/contacts/2444_0"
        },
        "master" : {
          "href" : "http://localhost/api/contacts/2444_0/master"
        }
      }
    }, {
      "inputUserId" : "QSA",
      "lastUpdateUserId" : "QSA",
      "computerId" : "GLSVR171217",
      "lastSynchronizedDate" : null,
      "addressNumber" : "2445",
      "sequence" : 0,
      "name" : "Rifai",
      "mailingName" : "Rifai",
      "description" : "",
      "firstName" : "",
      "middleName" : "",
      "lastName" : "",
      "nickname" : "",
      "salutation" : "",
      "gender" : "",
      "type" : "C",
      "religion" : "",
      "dateOfBirth" : null,
      "placeOfBirth" : "",
      "socialSecurityNumber" : "",
      "socialSecurityDate" : null,
      "mediaObjectReference" : "",
      "lastUpdateDateTime" : "2017-12-17T00:00:00",
      "inputDateTime" : "2017-12-17T00:00:00",
      "_links" : {
        "self" : {
          "href" : "http://localhost/api/contacts/2445_0"
        },
        "contactPerson" : {
          "href" : "http://localhost/api/contacts/2445_0"
        },
        "master" : {
          "href" : "http://localhost/api/contacts/2445_0/master"
        }
      }
    }, {
      "inputUserId" : "QSA",
      "lastUpdateUserId" : "QSA",
      "computerId" : "GLSVR171217",
      "lastSynchronizedDate" : null,
      "addressNumber" : "2446",
      "sequence" : 0,
      "name" : "Rifaq",
      "mailingName" : "Rifaq",
      "description" : "",
      "firstName" : "",
      "middleName" : "",
      "lastName" : "",
      "nickname" : "",
      "salutation" : "",
      "gender" : "",
      "type" : "C",
      "religion" : "",
      "dateOfBirth" : null,
      "placeOfBirth" : "",
      "socialSecurityNumber" : "",
      "socialSecurityDate" : null,
      "mediaObjectReference" : "",
      "lastUpdateDateTime" : "2017-12-17T00:00:00",
      "inputDateTime" : "2017-12-17T00:00:00",
      "_links" : {
        "self" : {
          "href" : "http://localhost/api/contacts/2446_0"
        },
        "contactPerson" : {
          "href" : "http://localhost/api/contacts/2446_0"
        },
        "master" : {
          "href" : "http://localhost/api/contacts/2446_0/master"
        }
      }
    }, {
      "inputUserId" : "QSA",
      "lastUpdateUserId" : "QSA",
      "computerId" : "GLSVR171217",
      "lastSynchronizedDate" : null,
      "addressNumber" : "2447",
      "sequence" : 0,
      "name" : "Rifky",
      "mailingName" : "Rifky",
      "description" : "",
      "firstName" : "",
      "middleName" : "",
      "lastName" : "",
      "nickname" : "",
      "salutation" : "",
      "gender" : "",
      "type" : "C",
      "religion" : "",
      "dateOfBirth" : null,
      "placeOfBirth" : "",
      "socialSecurityNumber" : "",
      "socialSecurityDate" : null,
      "mediaObjectReference" : "",
      "lastUpdateDateTime" : "2017-12-17T00:00:00",
      "inputDateTime" : "2017-12-17T00:00:00",
      "_links" : {
        "self" : {
          "href" : "http://localhost/api/contacts/2447_0"
        },
        "contactPerson" : {
          "href" : "http://localhost/api/contacts/2447_0"
        },
        "master" : {
          "href" : "http://localhost/api/contacts/2447_0/master"
        }
      }
    }, {
      "inputUserId" : "QSA",
      "lastUpdateUserId" : "QSA",
      "computerId" : "GLSVR171217",
      "lastSynchronizedDate" : null,
      "addressNumber" : "2448",
      "sequence" : 0,
      "name" : "Rina",
      "mailingName" : "Rina",
      "description" : "",
      "firstName" : "",
      "middleName" : "",
      "lastName" : "",
      "nickname" : "",
      "salutation" : "",
      "gender" : "",
      "type" : "C",
      "religion" : "",
      "dateOfBirth" : null,
      "placeOfBirth" : "",
      "socialSecurityNumber" : "",
      "socialSecurityDate" : null,
      "mediaObjectReference" : "",
      "lastUpdateDateTime" : "2017-12-17T00:00:00",
      "inputDateTime" : "2017-12-17T00:00:00",
      "_links" : {
        "self" : {
          "href" : "http://localhost/api/contacts/2448_0"
        },
        "contactPerson" : {
          "href" : "http://localhost/api/contacts/2448_0"
        },
        "master" : {
          "href" : "http://localhost/api/contacts/2448_0/master"
        }
      }
    }, {
      "inputUserId" : "QSA",
      "lastUpdateUserId" : "QSA",
      "computerId" : "GLSVR171217",
      "lastSynchronizedDate" : null,
      "addressNumber" : "2449",
      "sequence" : 0,
      "name" : "Rindu",
      "mailingName" : "Rindu",
      "description" : "",
      "firstName" : "",
      "middleName" : "",
      "lastName" : "",
      "nickname" : "",
      "salutation" : "",
      "gender" : "",
      "type" : "C",
      "religion" : "",
      "dateOfBirth" : null,
      "placeOfBirth" : "",
      "socialSecurityNumber" : "",
      "socialSecurityDate" : null,
      "mediaObjectReference" : "",
      "lastUpdateDateTime" : "2017-12-17T00:00:00",
      "inputDateTime" : "2017-12-17T00:00:00",
      "_links" : {
        "self" : {
          "href" : "http://localhost/api/contacts/2449_0"
        },
        "contactPerson" : {
          "href" : "http://localhost/api/contacts/2449_0"
        },
        "master" : {
          "href" : "http://localhost/api/contacts/2449_0/master"
        }
      }
    }, {
      "inputUserId" : "QSA",
      "lastUpdateUserId" : "QSA",
      "computerId" : "GLSVR171217",
      "lastSynchronizedDate" : null,
      "addressNumber" : "2450",
      "sequence" : 0,
      "name" : "Rini Computer",
      "mailingName" : "Rini Computer",
      "description" : "",
      "firstName" : "",
      "middleName" : "",
      "lastName" : "",
      "nickname" : "",
      "salutation" : "",
      "gender" : "",
      "type" : "C",
      "religion" : "",
      "dateOfBirth" : null,
      "placeOfBirth" : "",
      "socialSecurityNumber" : "",
      "socialSecurityDate" : null,
      "mediaObjectReference" : "",
      "lastUpdateDateTime" : "2017-12-17T00:00:00",
      "inputDateTime" : "2017-12-17T00:00:00",
      "_links" : {
        "self" : {
          "href" : "http://localhost/api/contacts/2450_0"
        },
        "contactPerson" : {
          "href" : "http://localhost/api/contacts/2450_0"
        },
        "master" : {
          "href" : "http://localhost/api/contacts/2450_0/master"
        }
      }
    }, {
      "inputUserId" : "QSA",
      "lastUpdateUserId" : "QSA",
      "computerId" : "GLSVR171217",
      "lastSynchronizedDate" : null,
      "addressNumber" : "2451",
      "sequence" : 0,
      "name" : "Rio",
      "mailingName" : "Rio",
      "description" : "",
      "firstName" : "",
      "middleName" : "",
      "lastName" : "",
      "nickname" : "",
      "salutation" : "",
      "gender" : "",
      "type" : "C",
      "religion" : "",
      "dateOfBirth" : null,
      "placeOfBirth" : "",
      "socialSecurityNumber" : "",
      "socialSecurityDate" : null,
      "mediaObjectReference" : "",
      "lastUpdateDateTime" : "2017-12-17T00:00:00",
      "inputDateTime" : "2017-12-17T00:00:00",
      "_links" : {
        "self" : {
          "href" : "http://localhost/api/contacts/2451_0"
        },
        "contactPerson" : {
          "href" : "http://localhost/api/contacts/2451_0"
        },
        "master" : {
          "href" : "http://localhost/api/contacts/2451_0/master"
        }
      }
    }, {
      "inputUserId" : "QSA",
      "lastUpdateUserId" : "QSA",
      "computerId" : "GLSVR171217",
      "lastSynchronizedDate" : null,
      "addressNumber" : "2452",
      "sequence" : 0,
      "name" : "Riska 1",
      "mailingName" : "Riska 1",
      "description" : "",
      "firstName" : "",
      "middleName" : "",
      "lastName" : "",
      "nickname" : "",
      "salutation" : "",
      "gender" : "",
      "type" : "C",
      "religion" : "",
      "dateOfBirth" : null,
      "placeOfBirth" : "",
      "socialSecurityNumber" : "",
      "socialSecurityDate" : null,
      "mediaObjectReference" : "",
      "lastUpdateDateTime" : "2017-12-17T00:00:00",
      "inputDateTime" : "2017-12-17T00:00:00",
      "_links" : {
        "self" : {
          "href" : "http://localhost/api/contacts/2452_0"
        },
        "contactPerson" : {
          "href" : "http://localhost/api/contacts/2452_0"
        },
        "master" : {
          "href" : "http://localhost/api/contacts/2452_0/master"
        }
      }
    }, {
      "inputUserId" : "QSA",
      "lastUpdateUserId" : "QSA",
      "computerId" : "GLSVR171217",
      "lastSynchronizedDate" : null,
      "addressNumber" : "2453",
      "sequence" : 0,
      "name" : "Riska 2",
      "mailingName" : "Riska 2",
      "description" : "",
      "firstName" : "",
      "middleName" : "",
      "lastName" : "",
      "nickname" : "",
      "salutation" : "",
      "gender" : "",
      "type" : "C",
      "religion" : "",
      "dateOfBirth" : null,
      "placeOfBirth" : "",
      "socialSecurityNumber" : "",
      "socialSecurityDate" : null,
      "mediaObjectReference" : "",
      "lastUpdateDateTime" : "2017-12-17T00:00:00",
      "inputDateTime" : "2017-12-17T00:00:00",
      "_links" : {
        "self" : {
          "href" : "http://localhost/api/contacts/2453_0"
        },
        "contactPerson" : {
          "href" : "http://localhost/api/contacts/2453_0"
        },
        "master" : {
          "href" : "http://localhost/api/contacts/2453_0/master"
        }
      }
    }, {
      "inputUserId" : "QSA",
      "lastUpdateUserId" : "QSA",
      "computerId" : "GLSVR171217",
      "lastSynchronizedDate" : null,
      "addressNumber" : "2454",
      "sequence" : 0,
      "name" : "Risshikan",
      "mailingName" : "Risshikan",
      "description" : "",
      "firstName" : "",
      "middleName" : "",
      "lastName" : "",
      "nickname" : "",
      "salutation" : "",
      "gender" : "",
      "type" : "C",
      "religion" : "",
      "dateOfBirth" : null,
      "placeOfBirth" : "",
      "socialSecurityNumber" : "",
      "socialSecurityDate" : null,
      "mediaObjectReference" : "",
      "lastUpdateDateTime" : "2017-12-17T00:00:00",
      "inputDateTime" : "2017-12-17T00:00:00",
      "_links" : {
        "self" : {
          "href" : "http://localhost/api/contacts/2454_0"
        },
        "contactPerson" : {
          "href" : "http://localhost/api/contacts/2454_0"
        },
        "master" : {
          "href" : "http://localhost/api/contacts/2454_0/master"
        }
      }
    }, {
      "inputUserId" : "QSA",
      "lastUpdateUserId" : "QSA",
      "computerId" : "GLSVR171217",
      "lastSynchronizedDate" : null,
      "addressNumber" : "2455",
      "sequence" : 0,
      "name" : "Rita",
      "mailingName" : "Rita",
      "description" : "",
      "firstName" : "",
      "middleName" : "",
      "lastName" : "",
      "nickname" : "",
      "salutation" : "",
      "gender" : "",
      "type" : "C",
      "religion" : "",
      "dateOfBirth" : null,
      "placeOfBirth" : "",
      "socialSecurityNumber" : "",
      "socialSecurityDate" : null,
      "mediaObjectReference" : "",
      "lastUpdateDateTime" : "2017-12-17T00:00:00",
      "inputDateTime" : "2017-12-17T00:00:00",
      "_links" : {
        "self" : {
          "href" : "http://localhost/api/contacts/2455_0"
        },
        "contactPerson" : {
          "href" : "http://localhost/api/contacts/2455_0"
        },
        "master" : {
          "href" : "http://localhost/api/contacts/2455_0/master"
        }
      }
    }, {
      "inputUserId" : "QSA",
      "lastUpdateUserId" : "QSA",
      "computerId" : "GLSVR171217",
      "lastSynchronizedDate" : null,
      "addressNumber" : "2456",
      "sequence" : 0,
      "name" : "Rivo",
      "mailingName" : "Rivo",
      "description" : "",
      "firstName" : "",
      "middleName" : "",
      "lastName" : "",
      "nickname" : "",
      "salutation" : "",
      "gender" : "",
      "type" : "C",
      "religion" : "",
      "dateOfBirth" : null,
      "placeOfBirth" : "",
      "socialSecurityNumber" : "",
      "socialSecurityDate" : null,
      "mediaObjectReference" : "",
      "lastUpdateDateTime" : "2017-12-17T00:00:00",
      "inputDateTime" : "2017-12-17T00:00:00",
      "_links" : {
        "self" : {
          "href" : "http://localhost/api/contacts/2456_0"
        },
        "contactPerson" : {
          "href" : "http://localhost/api/contacts/2456_0"
        },
        "master" : {
          "href" : "http://localhost/api/contacts/2456_0/master"
        }
      }
    }, {
      "inputUserId" : "QSA",
      "lastUpdateUserId" : "QSA",
      "computerId" : "GLSVR171217",
      "lastSynchronizedDate" : null,
      "addressNumber" : "2457",
      "sequence" : 0,
      "name" : "Riza",
      "mailingName" : "Riza",
      "description" : "",
      "firstName" : "",
      "middleName" : "",
      "lastName" : "",
      "nickname" : "",
      "salutation" : "",
      "gender" : "",
      "type" : "C",
      "religion" : "",
      "dateOfBirth" : null,
      "placeOfBirth" : "",
      "socialSecurityNumber" : "",
      "socialSecurityDate" : null,
      "mediaObjectReference" : "",
      "lastUpdateDateTime" : "2017-12-17T00:00:00",
      "inputDateTime" : "2017-12-17T00:00:00",
      "_links" : {
        "self" : {
          "href" : "http://localhost/api/contacts/2457_0"
        },
        "contactPerson" : {
          "href" : "http://localhost/api/contacts/2457_0"
        },
        "master" : {
          "href" : "http://localhost/api/contacts/2457_0/master"
        }
      }
    }, {
      "inputUserId" : "QSA",
      "lastUpdateUserId" : "QSA",
      "computerId" : "GLSVR171217",
      "lastSynchronizedDate" : null,
      "addressNumber" : "2458",
      "sequence" : 0,
      "name" : "Rizal",
      "mailingName" : "Rizal",
      "description" : "",
      "firstName" : "",
      "middleName" : "",
      "lastName" : "",
      "nickname" : "",
      "salutation" : "",
      "gender" : "",
      "type" : "C",
      "religion" : "",
      "dateOfBirth" : null,
      "placeOfBirth" : "",
      "socialSecurityNumber" : "",
      "socialSecurityDate" : null,
      "mediaObjectReference" : "",
      "lastUpdateDateTime" : "2017-12-17T00:00:00",
      "inputDateTime" : "2017-12-17T00:00:00",
      "_links" : {
        "self" : {
          "href" : "http://localhost/api/contacts/2458_0"
        },
        "contactPerson" : {
          "href" : "http://localhost/api/contacts/2458_0"
        },
        "master" : {
          "href" : "http://localhost/api/contacts/2458_0/master"
        }
      }
    }, {
      "inputUserId" : "QSA",
      "lastUpdateUserId" : "QSA",
      "computerId" : "GLSVR171217",
      "lastSynchronizedDate" : null,
      "addressNumber" : "2459",
      "sequence" : 0,
      "name" : "Rizal Setiawan",
      "mailingName" : "Rizal Setiawan",
      "description" : "",
      "firstName" : "",
      "middleName" : "",
      "lastName" : "",
      "nickname" : "",
      "salutation" : "",
      "gender" : "",
      "type" : "C",
      "religion" : "",
      "dateOfBirth" : null,
      "placeOfBirth" : "",
      "socialSecurityNumber" : "",
      "socialSecurityDate" : null,
      "mediaObjectReference" : "",
      "lastUpdateDateTime" : "2017-12-17T00:00:00",
      "inputDateTime" : "2017-12-17T00:00:00",
      "_links" : {
        "self" : {
          "href" : "http://localhost/api/contacts/2459_0"
        },
        "contactPerson" : {
          "href" : "http://localhost/api/contacts/2459_0"
        },
        "master" : {
          "href" : "http://localhost/api/contacts/2459_0/master"
        }
      }
    }, {
      "inputUserId" : "QSA",
      "lastUpdateUserId" : "QSA",
      "computerId" : "GLSVR171217",
      "lastSynchronizedDate" : null,
      "addressNumber" : "2460",
      "sequence" : 0,
      "name" : "Rizki",
      "mailingName" : "Rizki",
      "description" : "",
      "firstName" : "",
      "middleName" : "",
      "lastName" : "",
      "nickname" : "",
      "salutation" : "",
      "gender" : "",
      "type" : "C",
      "religion" : "",
      "dateOfBirth" : null,
      "placeOfBirth" : "",
      "socialSecurityNumber" : "",
      "socialSecurityDate" : null,
      "mediaObjectReference" : "",
      "lastUpdateDateTime" : "2017-12-17T00:00:00",
      "inputDateTime" : "2017-12-17T00:00:00",
      "_links" : {
        "self" : {
          "href" : "http://localhost/api/contacts/2460_0"
        },
        "contactPerson" : {
          "href" : "http://localhost/api/contacts/2460_0"
        },
        "master" : {
          "href" : "http://localhost/api/contacts/2460_0/master"
        }
      }
    }, {
      "inputUserId" : "QSA",
      "lastUpdateUserId" : "QSA",
      "computerId" : "GLSVR171217",
      "lastSynchronizedDate" : null,
      "addressNumber" : "2461",
      "sequence" : 0,
      "name" : "Rizki Computer",
      "mailingName" : "Rizki Computer",
      "description" : "",
      "firstName" : "",
      "middleName" : "",
      "lastName" : "",
      "nickname" : "",
      "salutation" : "",
      "gender" : "",
      "type" : "C",
      "religion" : "",
      "dateOfBirth" : null,
      "placeOfBirth" : "",
      "socialSecurityNumber" : "",
      "socialSecurityDate" : null,
      "mediaObjectReference" : "",
      "lastUpdateDateTime" : "2017-12-17T00:00:00",
      "inputDateTime" : "2017-12-17T00:00:00",
      "_links" : {
        "self" : {
          "href" : "http://localhost/api/contacts/2461_0"
        },
        "contactPerson" : {
          "href" : "http://localhost/api/contacts/2461_0"
        },
        "master" : {
          "href" : "http://localhost/api/contacts/2461_0/master"
        }
      }
    }, {
      "inputUserId" : "QSA",
      "lastUpdateUserId" : "QSA",
      "computerId" : "GLSVR171217",
      "lastSynchronizedDate" : null,
      "addressNumber" : "2462",
      "sequence" : 0,
      "name" : "RJ Comp",
      "mailingName" : "RJ Comp",
      "description" : "",
      "firstName" : "",
      "middleName" : "",
      "lastName" : "",
      "nickname" : "",
      "salutation" : "",
      "gender" : "",
      "type" : "C",
      "religion" : "",
      "dateOfBirth" : null,
      "placeOfBirth" : "",
      "socialSecurityNumber" : "",
      "socialSecurityDate" : null,
      "mediaObjectReference" : "",
      "lastUpdateDateTime" : "2017-12-17T00:00:00",
      "inputDateTime" : "2017-12-17T00:00:00",
      "_links" : {
        "self" : {
          "href" : "http://localhost/api/contacts/2462_0"
        },
        "contactPerson" : {
          "href" : "http://localhost/api/contacts/2462_0"
        },
        "master" : {
          "href" : "http://localhost/api/contacts/2462_0/master"
        }
      }
    }, {
      "inputUserId" : "QSA",
      "lastUpdateUserId" : "QSA",
      "computerId" : "GLSVR171217",
      "lastSynchronizedDate" : null,
      "addressNumber" : "2463",
      "sequence" : 0,
      "name" : "RNA Computer",
      "mailingName" : "RNA Computer",
      "description" : "",
      "firstName" : "",
      "middleName" : "",
      "lastName" : "",
      "nickname" : "",
      "salutation" : "",
      "gender" : "",
      "type" : "C",
      "religion" : "",
      "dateOfBirth" : null,
      "placeOfBirth" : "",
      "socialSecurityNumber" : "",
      "socialSecurityDate" : null,
      "mediaObjectReference" : "",
      "lastUpdateDateTime" : "2017-12-17T00:00:00",
      "inputDateTime" : "2017-12-17T00:00:00",
      "_links" : {
        "self" : {
          "href" : "http://localhost/api/contacts/2463_0"
        },
        "contactPerson" : {
          "href" : "http://localhost/api/contacts/2463_0"
        },
        "master" : {
          "href" : "http://localhost/api/contacts/2463_0/master"
        }
      }
    }, {
      "inputUserId" : "QSA",
      "lastUpdateUserId" : "QSA",
      "computerId" : "GLSVR171217",
      "lastSynchronizedDate" : null,
      "addressNumber" : "2464",
      "sequence" : 0,
      "name" : "Robby",
      "mailingName" : "Robby",
      "description" : "",
      "firstName" : "",
      "middleName" : "",
      "lastName" : "",
      "nickname" : "",
      "salutation" : "",
      "gender" : "",
      "type" : "C",
      "religion" : "",
      "dateOfBirth" : null,
      "placeOfBirth" : "",
      "socialSecurityNumber" : "",
      "socialSecurityDate" : null,
      "mediaObjectReference" : "",
      "lastUpdateDateTime" : "2017-12-17T00:00:00",
      "inputDateTime" : "2017-12-17T00:00:00",
      "_links" : {
        "self" : {
          "href" : "http://localhost/api/contacts/2464_0"
        },
        "contactPerson" : {
          "href" : "http://localhost/api/contacts/2464_0"
        },
        "master" : {
          "href" : "http://localhost/api/contacts/2464_0/master"
        }
      }
    }, {
      "inputUserId" : "QSA",
      "lastUpdateUserId" : "QSA",
      "computerId" : "GLSVR171217",
      "lastSynchronizedDate" : null,
      "addressNumber" : "2465",
      "sequence" : 0,
      "name" : "Robert",
      "mailingName" : "Robert",
      "description" : "",
      "firstName" : "",
      "middleName" : "",
      "lastName" : "",
      "nickname" : "",
      "salutation" : "",
      "gender" : "",
      "type" : "C",
      "religion" : "",
      "dateOfBirth" : null,
      "placeOfBirth" : "",
      "socialSecurityNumber" : "",
      "socialSecurityDate" : null,
      "mediaObjectReference" : "",
      "lastUpdateDateTime" : "2017-12-17T00:00:00",
      "inputDateTime" : "2017-12-17T00:00:00",
      "_links" : {
        "self" : {
          "href" : "http://localhost/api/contacts/2465_0"
        },
        "contactPerson" : {
          "href" : "http://localhost/api/contacts/2465_0"
        },
        "master" : {
          "href" : "http://localhost/api/contacts/2465_0/master"
        }
      }
    }, {
      "inputUserId" : "QSA",
      "lastUpdateUserId" : "QSA",
      "computerId" : "GLSVR171217",
      "lastSynchronizedDate" : null,
      "addressNumber" : "2466",
      "sequence" : 0,
      "name" : "Rohman",
      "mailingName" : "Rohman",
      "description" : "",
      "firstName" : "",
      "middleName" : "",
      "lastName" : "",
      "nickname" : "",
      "salutation" : "",
      "gender" : "",
      "type" : "C",
      "religion" : "",
      "dateOfBirth" : null,
      "placeOfBirth" : "",
      "socialSecurityNumber" : "",
      "socialSecurityDate" : null,
      "mediaObjectReference" : "",
      "lastUpdateDateTime" : "2017-12-17T00:00:00",
      "inputDateTime" : "2017-12-17T00:00:00",
      "_links" : {
        "self" : {
          "href" : "http://localhost/api/contacts/2466_0"
        },
        "contactPerson" : {
          "href" : "http://localhost/api/contacts/2466_0"
        },
        "master" : {
          "href" : "http://localhost/api/contacts/2466_0/master"
        }
      }
    }, {
      "inputUserId" : "QSA",
      "lastUpdateUserId" : "QSA",
      "computerId" : "GLSVR171217",
      "lastSynchronizedDate" : null,
      "addressNumber" : "2467",
      "sequence" : 0,
      "name" : "Romdhani Deky Nartantari ( Tokopedia )",
      "mailingName" : "Romdhani Deky Nartantari ( Tokopedia )",
      "description" : "",
      "firstName" : "",
      "middleName" : "",
      "lastName" : "",
      "nickname" : "",
      "salutation" : "",
      "gender" : "",
      "type" : "C",
      "religion" : "",
      "dateOfBirth" : null,
      "placeOfBirth" : "",
      "socialSecurityNumber" : "",
      "socialSecurityDate" : null,
      "mediaObjectReference" : "",
      "lastUpdateDateTime" : "2017-12-17T00:00:00",
      "inputDateTime" : "2017-12-17T00:00:00",
      "_links" : {
        "self" : {
          "href" : "http://localhost/api/contacts/2467_0"
        },
        "contactPerson" : {
          "href" : "http://localhost/api/contacts/2467_0"
        },
        "master" : {
          "href" : "http://localhost/api/contacts/2467_0/master"
        }
      }
    }, {
      "inputUserId" : "QSA",
      "lastUpdateUserId" : "QSA",
      "computerId" : "GLSVR171217",
      "lastSynchronizedDate" : null,
      "addressNumber" : "2468",
      "sequence" : 0,
      "name" : "Romi",
      "mailingName" : "Romi",
      "description" : "",
      "firstName" : "",
      "middleName" : "",
      "lastName" : "",
      "nickname" : "",
      "salutation" : "",
      "gender" : "",
      "type" : "C",
      "religion" : "",
      "dateOfBirth" : null,
      "placeOfBirth" : "",
      "socialSecurityNumber" : "",
      "socialSecurityDate" : null,
      "mediaObjectReference" : "",
      "lastUpdateDateTime" : "2017-12-17T00:00:00",
      "inputDateTime" : "2017-12-17T00:00:00",
      "_links" : {
        "self" : {
          "href" : "http://localhost/api/contacts/2468_0"
        },
        "contactPerson" : {
          "href" : "http://localhost/api/contacts/2468_0"
        },
        "master" : {
          "href" : "http://localhost/api/contacts/2468_0/master"
        }
      }
    }, {
      "inputUserId" : "QSA",
      "lastUpdateUserId" : "QSA",
      "computerId" : "GLSVR171217",
      "lastSynchronizedDate" : null,
      "addressNumber" : "2469",
      "sequence" : 0,
      "name" : "Romli",
      "mailingName" : "Romli",
      "description" : "",
      "firstName" : "",
      "middleName" : "",
      "lastName" : "",
      "nickname" : "",
      "salutation" : "",
      "gender" : "",
      "type" : "C",
      "religion" : "",
      "dateOfBirth" : null,
      "placeOfBirth" : "",
      "socialSecurityNumber" : "",
      "socialSecurityDate" : null,
      "mediaObjectReference" : "",
      "lastUpdateDateTime" : "2017-12-17T00:00:00",
      "inputDateTime" : "2017-12-17T00:00:00",
      "_links" : {
        "self" : {
          "href" : "http://localhost/api/contacts/2469_0"
        },
        "contactPerson" : {
          "href" : "http://localhost/api/contacts/2469_0"
        },
        "master" : {
          "href" : "http://localhost/api/contacts/2469_0/master"
        }
      }
    }, {
      "inputUserId" : "QSA",
      "lastUpdateUserId" : "QSA",
      "computerId" : "GLSVR171217",
      "lastSynchronizedDate" : null,
      "addressNumber" : "2470",
      "sequence" : 0,
      "name" : "Rommy Abdul",
      "mailingName" : "Rommy Abdul",
      "description" : "",
      "firstName" : "",
      "middleName" : "",
      "lastName" : "",
      "nickname" : "",
      "salutation" : "",
      "gender" : "",
      "type" : "C",
      "religion" : "",
      "dateOfBirth" : null,
      "placeOfBirth" : "",
      "socialSecurityNumber" : "",
      "socialSecurityDate" : null,
      "mediaObjectReference" : "",
      "lastUpdateDateTime" : "2017-12-17T00:00:00",
      "inputDateTime" : "2017-12-17T00:00:00",
      "_links" : {
        "self" : {
          "href" : "http://localhost/api/contacts/2470_0"
        },
        "contactPerson" : {
          "href" : "http://localhost/api/contacts/2470_0"
        },
        "master" : {
          "href" : "http://localhost/api/contacts/2470_0/master"
        }
      }
    }, {
      "inputUserId" : "QSA",
      "lastUpdateUserId" : "QSA",
      "computerId" : "GLSVR171217",
      "lastSynchronizedDate" : null,
      "addressNumber" : "2471",
      "sequence" : 0,
      "name" : "Ronggolawe IT Shop",
      "mailingName" : "Ronggolawe IT Shop",
      "description" : "",
      "firstName" : "",
      "middleName" : "",
      "lastName" : "",
      "nickname" : "",
      "salutation" : "",
      "gender" : "",
      "type" : "C",
      "religion" : "",
      "dateOfBirth" : null,
      "placeOfBirth" : "",
      "socialSecurityNumber" : "",
      "socialSecurityDate" : null,
      "mediaObjectReference" : "",
      "lastUpdateDateTime" : "2017-12-17T00:00:00",
      "inputDateTime" : "2017-12-17T00:00:00",
      "_links" : {
        "self" : {
          "href" : "http://localhost/api/contacts/2471_0"
        },
        "contactPerson" : {
          "href" : "http://localhost/api/contacts/2471_0"
        },
        "master" : {
          "href" : "http://localhost/api/contacts/2471_0/master"
        }
      }
    }, {
      "inputUserId" : "QSA",
      "lastUpdateUserId" : "QSA",
      "computerId" : "GLSVR171217",
      "lastSynchronizedDate" : null,
      "addressNumber" : "2472",
      "sequence" : 0,
      "name" : "Roni",
      "mailingName" : "Roni",
      "description" : "",
      "firstName" : "",
      "middleName" : "",
      "lastName" : "",
      "nickname" : "",
      "salutation" : "",
      "gender" : "",
      "type" : "C",
      "religion" : "",
      "dateOfBirth" : null,
      "placeOfBirth" : "",
      "socialSecurityNumber" : "",
      "socialSecurityDate" : null,
      "mediaObjectReference" : "",
      "lastUpdateDateTime" : "2017-12-17T00:00:00",
      "inputDateTime" : "2017-12-17T00:00:00",
      "_links" : {
        "self" : {
          "href" : "http://localhost/api/contacts/2472_0"
        },
        "contactPerson" : {
          "href" : "http://localhost/api/contacts/2472_0"
        },
        "master" : {
          "href" : "http://localhost/api/contacts/2472_0/master"
        }
      }
    }, {
      "inputUserId" : "QSA",
      "lastUpdateUserId" : "QSA",
      "computerId" : "GLSVR171217",
      "lastSynchronizedDate" : null,
      "addressNumber" : "2473",
      "sequence" : 0,
      "name" : "Rosana",
      "mailingName" : "Rosana",
      "description" : "",
      "firstName" : "",
      "middleName" : "",
      "lastName" : "",
      "nickname" : "",
      "salutation" : "",
      "gender" : "",
      "type" : "C",
      "religion" : "",
      "dateOfBirth" : null,
      "placeOfBirth" : "",
      "socialSecurityNumber" : "",
      "socialSecurityDate" : null,
      "mediaObjectReference" : "",
      "lastUpdateDateTime" : "2017-12-17T00:00:00",
      "inputDateTime" : "2017-12-17T00:00:00",
      "_links" : {
        "self" : {
          "href" : "http://localhost/api/contacts/2473_0"
        },
        "contactPerson" : {
          "href" : "http://localhost/api/contacts/2473_0"
        },
        "master" : {
          "href" : "http://localhost/api/contacts/2473_0/master"
        }
      }
    }, {
      "inputUserId" : "QSA",
      "lastUpdateUserId" : "QSA",
      "computerId" : "GLSVR171217",
      "lastSynchronizedDate" : null,
      "addressNumber" : "2474",
      "sequence" : 0,
      "name" : "Rosi",
      "mailingName" : "Rosi",
      "description" : "",
      "firstName" : "",
      "middleName" : "",
      "lastName" : "",
      "nickname" : "",
      "salutation" : "",
      "gender" : "",
      "type" : "C",
      "religion" : "",
      "dateOfBirth" : null,
      "placeOfBirth" : "",
      "socialSecurityNumber" : "",
      "socialSecurityDate" : null,
      "mediaObjectReference" : "",
      "lastUpdateDateTime" : "2017-12-17T00:00:00",
      "inputDateTime" : "2017-12-17T00:00:00",
      "_links" : {
        "self" : {
          "href" : "http://localhost/api/contacts/2474_0"
        },
        "contactPerson" : {
          "href" : "http://localhost/api/contacts/2474_0"
        },
        "master" : {
          "href" : "http://localhost/api/contacts/2474_0/master"
        }
      }
    }, {
      "inputUserId" : "QSA",
      "lastUpdateUserId" : "QSA",
      "computerId" : "GLSVR171217",
      "lastSynchronizedDate" : null,
      "addressNumber" : "2475",
      "sequence" : 0,
      "name" : "RS Onkologi",
      "mailingName" : "RS Onkologi",
      "description" : "",
      "firstName" : "",
      "middleName" : "",
      "lastName" : "",
      "nickname" : "",
      "salutation" : "",
      "gender" : "",
      "type" : "C",
      "religion" : "",
      "dateOfBirth" : null,
      "placeOfBirth" : "",
      "socialSecurityNumber" : "",
      "socialSecurityDate" : null,
      "mediaObjectReference" : "",
      "lastUpdateDateTime" : "2017-12-17T00:00:00",
      "inputDateTime" : "2017-12-17T00:00:00",
      "_links" : {
        "self" : {
          "href" : "http://localhost/api/contacts/2475_0"
        },
        "contactPerson" : {
          "href" : "http://localhost/api/contacts/2475_0"
        },
        "master" : {
          "href" : "http://localhost/api/contacts/2475_0/master"
        }
      }
    }, {
      "inputUserId" : "QSA",
      "lastUpdateUserId" : "QSA",
      "computerId" : "GLSVR171217",
      "lastSynchronizedDate" : null,
      "addressNumber" : "2476",
      "sequence" : 0,
      "name" : "RSI Masyithoh",
      "mailingName" : "RSI Masyithoh",
      "description" : "",
      "firstName" : "",
      "middleName" : "",
      "lastName" : "",
      "nickname" : "",
      "salutation" : "",
      "gender" : "",
      "type" : "C",
      "religion" : "",
      "dateOfBirth" : null,
      "placeOfBirth" : "",
      "socialSecurityNumber" : "",
      "socialSecurityDate" : null,
      "mediaObjectReference" : "",
      "lastUpdateDateTime" : "2017-12-17T00:00:00",
      "inputDateTime" : "2017-12-17T00:00:00",
      "_links" : {
        "self" : {
          "href" : "http://localhost/api/contacts/2476_0"
        },
        "contactPerson" : {
          "href" : "http://localhost/api/contacts/2476_0"
        },
        "master" : {
          "href" : "http://localhost/api/contacts/2476_0/master"
        }
      }
    }, {
      "inputUserId" : "QSA",
      "lastUpdateUserId" : "QSA",
      "computerId" : "GLSVR171217",
      "lastSynchronizedDate" : null,
      "addressNumber" : "2477",
      "sequence" : 0,
      "name" : "Rudi",
      "mailingName" : "Rudi",
      "description" : "",
      "firstName" : "",
      "middleName" : "",
      "lastName" : "",
      "nickname" : "",
      "salutation" : "",
      "gender" : "",
      "type" : "C",
      "religion" : "",
      "dateOfBirth" : null,
      "placeOfBirth" : "",
      "socialSecurityNumber" : "",
      "socialSecurityDate" : null,
      "mediaObjectReference" : "",
      "lastUpdateDateTime" : "2017-12-17T00:00:00",
      "inputDateTime" : "2017-12-17T00:00:00",
      "_links" : {
        "self" : {
          "href" : "http://localhost/api/contacts/2477_0"
        },
        "contactPerson" : {
          "href" : "http://localhost/api/contacts/2477_0"
        },
        "master" : {
          "href" : "http://localhost/api/contacts/2477_0/master"
        }
      }
    }, {
      "inputUserId" : "QSA",
      "lastUpdateUserId" : "QSA",
      "computerId" : "GLSVR171217",
      "lastSynchronizedDate" : null,
      "addressNumber" : "2478",
      "sequence" : 0,
      "name" : "Ruly",
      "mailingName" : "Ruly",
      "description" : "",
      "firstName" : "",
      "middleName" : "",
      "lastName" : "",
      "nickname" : "",
      "salutation" : "",
      "gender" : "",
      "type" : "C",
      "religion" : "",
      "dateOfBirth" : null,
      "placeOfBirth" : "",
      "socialSecurityNumber" : "",
      "socialSecurityDate" : null,
      "mediaObjectReference" : "",
      "lastUpdateDateTime" : "2017-12-17T00:00:00",
      "inputDateTime" : "2017-12-17T00:00:00",
      "_links" : {
        "self" : {
          "href" : "http://localhost/api/contacts/2478_0"
        },
        "contactPerson" : {
          "href" : "http://localhost/api/contacts/2478_0"
        },
        "master" : {
          "href" : "http://localhost/api/contacts/2478_0/master"
        }
      }
    }, {
      "inputUserId" : "QSA",
      "lastUpdateUserId" : "QSA",
      "computerId" : "GLSVR171217",
      "lastSynchronizedDate" : null,
      "addressNumber" : "2479",
      "sequence" : 0,
      "name" : "Rumah Printer",
      "mailingName" : "Rumah Printer",
      "description" : "",
      "firstName" : "",
      "middleName" : "",
      "lastName" : "",
      "nickname" : "",
      "salutation" : "",
      "gender" : "",
      "type" : "C",
      "religion" : "",
      "dateOfBirth" : null,
      "placeOfBirth" : "",
      "socialSecurityNumber" : "",
      "socialSecurityDate" : null,
      "mediaObjectReference" : "",
      "lastUpdateDateTime" : "2017-12-17T00:00:00",
      "inputDateTime" : "2017-12-17T00:00:00",
      "_links" : {
        "self" : {
          "href" : "http://localhost/api/contacts/2479_0"
        },
        "contactPerson" : {
          "href" : "http://localhost/api/contacts/2479_0"
        },
        "master" : {
          "href" : "http://localhost/api/contacts/2479_0/master"
        }
      }
    }, {
      "inputUserId" : "QSA",
      "lastUpdateUserId" : "QSA",
      "computerId" : "GLSVR171217",
      "lastSynchronizedDate" : null,
      "addressNumber" : "2480",
      "sequence" : 0,
      "name" : "Rusli",
      "mailingName" : "Rusli",
      "description" : "",
      "firstName" : "",
      "middleName" : "",
      "lastName" : "",
      "nickname" : "",
      "salutation" : "",
      "gender" : "",
      "type" : "C",
      "religion" : "",
      "dateOfBirth" : null,
      "placeOfBirth" : "",
      "socialSecurityNumber" : "",
      "socialSecurityDate" : null,
      "mediaObjectReference" : "",
      "lastUpdateDateTime" : "2017-12-17T00:00:00",
      "inputDateTime" : "2017-12-17T00:00:00",
      "_links" : {
        "self" : {
          "href" : "http://localhost/api/contacts/2480_0"
        },
        "contactPerson" : {
          "href" : "http://localhost/api/contacts/2480_0"
        },
        "master" : {
          "href" : "http://localhost/api/contacts/2480_0/master"
        }
      }
    }, {
      "inputUserId" : "QSA",
      "lastUpdateUserId" : "QSA",
      "computerId" : "GLSVR171217",
      "lastSynchronizedDate" : null,
      "addressNumber" : "2481",
      "sequence" : 0,
      "name" : "Rusmin Nuryadin",
      "mailingName" : "Rusmin Nuryadin",
      "description" : "",
      "firstName" : "",
      "middleName" : "",
      "lastName" : "",
      "nickname" : "",
      "salutation" : "",
      "gender" : "",
      "type" : "C",
      "religion" : "",
      "dateOfBirth" : null,
      "placeOfBirth" : "",
      "socialSecurityNumber" : "",
      "socialSecurityDate" : null,
      "mediaObjectReference" : "",
      "lastUpdateDateTime" : "2017-12-17T00:00:00",
      "inputDateTime" : "2017-12-17T00:00:00",
      "_links" : {
        "self" : {
          "href" : "http://localhost/api/contacts/2481_0"
        },
        "contactPerson" : {
          "href" : "http://localhost/api/contacts/2481_0"
        },
        "master" : {
          "href" : "http://localhost/api/contacts/2481_0/master"
        }
      }
    }, {
      "inputUserId" : "QSA",
      "lastUpdateUserId" : "QSA",
      "computerId" : "GLSVR171217",
      "lastSynchronizedDate" : null,
      "addressNumber" : "2482",
      "sequence" : 0,
      "name" : "S2 Comp",
      "mailingName" : "S2 Comp",
      "description" : "",
      "firstName" : "",
      "middleName" : "",
      "lastName" : "",
      "nickname" : "",
      "salutation" : "",
      "gender" : "",
      "type" : "C",
      "religion" : "",
      "dateOfBirth" : null,
      "placeOfBirth" : "",
      "socialSecurityNumber" : "",
      "socialSecurityDate" : null,
      "mediaObjectReference" : "",
      "lastUpdateDateTime" : "2017-12-17T00:00:00",
      "inputDateTime" : "2017-12-17T00:00:00",
      "_links" : {
        "self" : {
          "href" : "http://localhost/api/contacts/2482_0"
        },
        "contactPerson" : {
          "href" : "http://localhost/api/contacts/2482_0"
        },
        "master" : {
          "href" : "http://localhost/api/contacts/2482_0/master"
        }
      }
    }, {
      "inputUserId" : "QSA",
      "lastUpdateUserId" : "QSA",
      "computerId" : "GLSVR171217",
      "lastSynchronizedDate" : null,
      "addressNumber" : "2483",
      "sequence" : 0,
      "name" : "Safira",
      "mailingName" : "Safira",
      "description" : "",
      "firstName" : "",
      "middleName" : "",
      "lastName" : "",
      "nickname" : "",
      "salutation" : "",
      "gender" : "",
      "type" : "C",
      "religion" : "",
      "dateOfBirth" : null,
      "placeOfBirth" : "",
      "socialSecurityNumber" : "",
      "socialSecurityDate" : null,
      "mediaObjectReference" : "",
      "lastUpdateDateTime" : "2017-12-17T00:00:00",
      "inputDateTime" : "2017-12-17T00:00:00",
      "_links" : {
        "self" : {
          "href" : "http://localhost/api/contacts/2483_0"
        },
        "contactPerson" : {
          "href" : "http://localhost/api/contacts/2483_0"
        },
        "master" : {
          "href" : "http://localhost/api/contacts/2483_0/master"
        }
      }
    }, {
      "inputUserId" : "QSA",
      "lastUpdateUserId" : "QSA",
      "computerId" : "GLSVR171217",
      "lastSynchronizedDate" : null,
      "addressNumber" : "2484",
      "sequence" : 0,
      "name" : "Said",
      "mailingName" : "Said",
      "description" : "",
      "firstName" : "",
      "middleName" : "",
      "lastName" : "",
      "nickname" : "",
      "salutation" : "",
      "gender" : "",
      "type" : "C",
      "religion" : "",
      "dateOfBirth" : null,
      "placeOfBirth" : "",
      "socialSecurityNumber" : "",
      "socialSecurityDate" : null,
      "mediaObjectReference" : "",
      "lastUpdateDateTime" : "2017-12-17T00:00:00",
      "inputDateTime" : "2017-12-17T00:00:00",
      "_links" : {
        "self" : {
          "href" : "http://localhost/api/contacts/2484_0"
        },
        "contactPerson" : {
          "href" : "http://localhost/api/contacts/2484_0"
        },
        "master" : {
          "href" : "http://localhost/api/contacts/2484_0/master"
        }
      }
    }, {
      "inputUserId" : "QSA",
      "lastUpdateUserId" : "QSA",
      "computerId" : "GLSVR171217",
      "lastSynchronizedDate" : null,
      "addressNumber" : "2485",
      "sequence" : 0,
      "name" : "Saiful",
      "mailingName" : "Saiful",
      "description" : "",
      "firstName" : "",
      "middleName" : "",
      "lastName" : "",
      "nickname" : "",
      "salutation" : "",
      "gender" : "",
      "type" : "C",
      "religion" : "",
      "dateOfBirth" : null,
      "placeOfBirth" : "",
      "socialSecurityNumber" : "",
      "socialSecurityDate" : null,
      "mediaObjectReference" : "",
      "lastUpdateDateTime" : "2017-12-17T00:00:00",
      "inputDateTime" : "2017-12-17T00:00:00",
      "_links" : {
        "self" : {
          "href" : "http://localhost/api/contacts/2485_0"
        },
        "contactPerson" : {
          "href" : "http://localhost/api/contacts/2485_0"
        },
        "master" : {
          "href" : "http://localhost/api/contacts/2485_0/master"
        }
      }
    }, {
      "inputUserId" : "QSA",
      "lastUpdateUserId" : "QSA",
      "computerId" : "GLSVR171217",
      "lastSynchronizedDate" : null,
      "addressNumber" : "2486",
      "sequence" : 0,
      "name" : "Sakti",
      "mailingName" : "Sakti",
      "description" : "",
      "firstName" : "",
      "middleName" : "",
      "lastName" : "",
      "nickname" : "",
      "salutation" : "",
      "gender" : "",
      "type" : "C",
      "religion" : "",
      "dateOfBirth" : null,
      "placeOfBirth" : "",
      "socialSecurityNumber" : "",
      "socialSecurityDate" : null,
      "mediaObjectReference" : "",
      "lastUpdateDateTime" : "2017-12-17T00:00:00",
      "inputDateTime" : "2017-12-17T00:00:00",
      "_links" : {
        "self" : {
          "href" : "http://localhost/api/contacts/2486_0"
        },
        "contactPerson" : {
          "href" : "http://localhost/api/contacts/2486_0"
        },
        "master" : {
          "href" : "http://localhost/api/contacts/2486_0/master"
        }
      }
    }, {
      "inputUserId" : "QSA",
      "lastUpdateUserId" : "QSA",
      "computerId" : "GLSVR171217",
      "lastSynchronizedDate" : null,
      "addressNumber" : "2487",
      "sequence" : 0,
      "name" : "Sakti Computer",
      "mailingName" : "Sakti Computer",
      "description" : "",
      "firstName" : "",
      "middleName" : "",
      "lastName" : "",
      "nickname" : "",
      "salutation" : "",
      "gender" : "",
      "type" : "C",
      "religion" : "",
      "dateOfBirth" : null,
      "placeOfBirth" : "",
      "socialSecurityNumber" : "",
      "socialSecurityDate" : null,
      "mediaObjectReference" : "",
      "lastUpdateDateTime" : "2017-12-17T00:00:00",
      "inputDateTime" : "2017-12-17T00:00:00",
      "_links" : {
        "self" : {
          "href" : "http://localhost/api/contacts/2487_0"
        },
        "contactPerson" : {
          "href" : "http://localhost/api/contacts/2487_0"
        },
        "master" : {
          "href" : "http://localhost/api/contacts/2487_0/master"
        }
      }
    }, {
      "inputUserId" : "QSA",
      "lastUpdateUserId" : "QSA",
      "computerId" : "GLSVR171217",
      "lastSynchronizedDate" : null,
      "addressNumber" : "2488",
      "sequence" : 0,
      "name" : "Salis",
      "mailingName" : "Salis",
      "description" : "",
      "firstName" : "",
      "middleName" : "",
      "lastName" : "",
      "nickname" : "",
      "salutation" : "",
      "gender" : "",
      "type" : "C",
      "religion" : "",
      "dateOfBirth" : null,
      "placeOfBirth" : "",
      "socialSecurityNumber" : "",
      "socialSecurityDate" : null,
      "mediaObjectReference" : "",
      "lastUpdateDateTime" : "2017-12-17T00:00:00",
      "inputDateTime" : "2017-12-17T00:00:00",
      "_links" : {
        "self" : {
          "href" : "http://localhost/api/contacts/2488_0"
        },
        "contactPerson" : {
          "href" : "http://localhost/api/contacts/2488_0"
        },
        "master" : {
          "href" : "http://localhost/api/contacts/2488_0/master"
        }
      }
    }, {
      "inputUserId" : "QSA",
      "lastUpdateUserId" : "QSA",
      "computerId" : "GLSVR171217",
      "lastSynchronizedDate" : null,
      "addressNumber" : "2489",
      "sequence" : 0,
      "name" : "Salsa",
      "mailingName" : "Salsa",
      "description" : "",
      "firstName" : "",
      "middleName" : "",
      "lastName" : "",
      "nickname" : "",
      "salutation" : "",
      "gender" : "",
      "type" : "C",
      "religion" : "",
      "dateOfBirth" : null,
      "placeOfBirth" : "",
      "socialSecurityNumber" : "",
      "socialSecurityDate" : null,
      "mediaObjectReference" : "",
      "lastUpdateDateTime" : "2017-12-17T00:00:00",
      "inputDateTime" : "2017-12-17T00:00:00",
      "_links" : {
        "self" : {
          "href" : "http://localhost/api/contacts/2489_0"
        },
        "contactPerson" : {
          "href" : "http://localhost/api/contacts/2489_0"
        },
        "master" : {
          "href" : "http://localhost/api/contacts/2489_0/master"
        }
      }
    }, {
      "inputUserId" : "QSA",
      "lastUpdateUserId" : "QSA",
      "computerId" : "GLSVR171217",
      "lastSynchronizedDate" : null,
      "addressNumber" : "2490",
      "sequence" : 0,
      "name" : "Samodra",
      "mailingName" : "Samodra",
      "description" : "",
      "firstName" : "",
      "middleName" : "",
      "lastName" : "",
      "nickname" : "",
      "salutation" : "",
      "gender" : "",
      "type" : "C",
      "religion" : "",
      "dateOfBirth" : null,
      "placeOfBirth" : "",
      "socialSecurityNumber" : "",
      "socialSecurityDate" : null,
      "mediaObjectReference" : "",
      "lastUpdateDateTime" : "2017-12-17T00:00:00",
      "inputDateTime" : "2017-12-17T00:00:00",
      "_links" : {
        "self" : {
          "href" : "http://localhost/api/contacts/2490_0"
        },
        "contactPerson" : {
          "href" : "http://localhost/api/contacts/2490_0"
        },
        "master" : {
          "href" : "http://localhost/api/contacts/2490_0/master"
        }
      }
    }, {
      "inputUserId" : "QSA",
      "lastUpdateUserId" : "QSA",
      "computerId" : "GLSVR171217",
      "lastSynchronizedDate" : null,
      "addressNumber" : "2491",
      "sequence" : 0,
      "name" : "Sampurna Grahakom",
      "mailingName" : "Sampurna Grahakom",
      "description" : "",
      "firstName" : "",
      "middleName" : "",
      "lastName" : "",
      "nickname" : "",
      "salutation" : "",
      "gender" : "",
      "type" : "C",
      "religion" : "",
      "dateOfBirth" : null,
      "placeOfBirth" : "",
      "socialSecurityNumber" : "",
      "socialSecurityDate" : null,
      "mediaObjectReference" : "",
      "lastUpdateDateTime" : "2017-12-17T00:00:00",
      "inputDateTime" : "2017-12-17T00:00:00",
      "_links" : {
        "self" : {
          "href" : "http://localhost/api/contacts/2491_0"
        },
        "contactPerson" : {
          "href" : "http://localhost/api/contacts/2491_0"
        },
        "master" : {
          "href" : "http://localhost/api/contacts/2491_0/master"
        }
      }
    }, {
      "inputUserId" : "QSA",
      "lastUpdateUserId" : "QSA",
      "computerId" : "GLSVR171217",
      "lastSynchronizedDate" : null,
      "addressNumber" : "2492",
      "sequence" : 0,
      "name" : "Samuel",
      "mailingName" : "Samuel",
      "description" : "",
      "firstName" : "",
      "middleName" : "",
      "lastName" : "",
      "nickname" : "",
      "salutation" : "",
      "gender" : "",
      "type" : "C",
      "religion" : "",
      "dateOfBirth" : null,
      "placeOfBirth" : "",
      "socialSecurityNumber" : "",
      "socialSecurityDate" : null,
      "mediaObjectReference" : "",
      "lastUpdateDateTime" : "2017-12-17T00:00:00",
      "inputDateTime" : "2017-12-17T00:00:00",
      "_links" : {
        "self" : {
          "href" : "http://localhost/api/contacts/2492_0"
        },
        "contactPerson" : {
          "href" : "http://localhost/api/contacts/2492_0"
        },
        "master" : {
          "href" : "http://localhost/api/contacts/2492_0/master"
        }
      }
    }, {
      "inputUserId" : "QSA",
      "lastUpdateUserId" : "QSA",
      "computerId" : "GLSVR171217",
      "lastSynchronizedDate" : null,
      "addressNumber" : "2493",
      "sequence" : 0,
      "name" : "Samuel Kristanto",
      "mailingName" : "Samuel Kristanto",
      "description" : "",
      "firstName" : "",
      "middleName" : "",
      "lastName" : "",
      "nickname" : "",
      "salutation" : "",
      "gender" : "",
      "type" : "C",
      "religion" : "",
      "dateOfBirth" : null,
      "placeOfBirth" : "",
      "socialSecurityNumber" : "",
      "socialSecurityDate" : null,
      "mediaObjectReference" : "",
      "lastUpdateDateTime" : "2017-12-17T00:00:00",
      "inputDateTime" : "2017-12-17T00:00:00",
      "_links" : {
        "self" : {
          "href" : "http://localhost/api/contacts/2493_0"
        },
        "contactPerson" : {
          "href" : "http://localhost/api/contacts/2493_0"
        },
        "master" : {
          "href" : "http://localhost/api/contacts/2493_0/master"
        }
      }
    }, {
      "inputUserId" : "QSA",
      "lastUpdateUserId" : "QSA",
      "computerId" : "GLSVR171217",
      "lastSynchronizedDate" : null,
      "addressNumber" : "2494",
      "sequence" : 0,
      "name" : "Sanawidya",
      "mailingName" : "Sanawidya",
      "description" : "",
      "firstName" : "",
      "middleName" : "",
      "lastName" : "",
      "nickname" : "",
      "salutation" : "",
      "gender" : "",
      "type" : "C",
      "religion" : "",
      "dateOfBirth" : null,
      "placeOfBirth" : "",
      "socialSecurityNumber" : "",
      "socialSecurityDate" : null,
      "mediaObjectReference" : "",
      "lastUpdateDateTime" : "2017-12-17T00:00:00",
      "inputDateTime" : "2017-12-17T00:00:00",
      "_links" : {
        "self" : {
          "href" : "http://localhost/api/contacts/2494_0"
        },
        "contactPerson" : {
          "href" : "http://localhost/api/contacts/2494_0"
        },
        "master" : {
          "href" : "http://localhost/api/contacts/2494_0/master"
        }
      }
    }, {
      "inputUserId" : "QSA",
      "lastUpdateUserId" : "QSA",
      "computerId" : "GLSVR171217",
      "lastSynchronizedDate" : null,
      "addressNumber" : "2495",
      "sequence" : 0,
      "name" : "Sanca Wijaya",
      "mailingName" : "Sanca Wijaya",
      "description" : "",
      "firstName" : "",
      "middleName" : "",
      "lastName" : "",
      "nickname" : "",
      "salutation" : "",
      "gender" : "",
      "type" : "C",
      "religion" : "",
      "dateOfBirth" : null,
      "placeOfBirth" : "",
      "socialSecurityNumber" : "",
      "socialSecurityDate" : null,
      "mediaObjectReference" : "",
      "lastUpdateDateTime" : "2017-12-17T00:00:00",
      "inputDateTime" : "2017-12-17T00:00:00",
      "_links" : {
        "self" : {
          "href" : "http://localhost/api/contacts/2495_0"
        },
        "contactPerson" : {
          "href" : "http://localhost/api/contacts/2495_0"
        },
        "master" : {
          "href" : "http://localhost/api/contacts/2495_0/master"
        }
      }
    }, {
      "inputUserId" : "QSA",
      "lastUpdateUserId" : "QSA",
      "computerId" : "GLSVR171217",
      "lastSynchronizedDate" : null,
      "addressNumber" : "2496",
      "sequence" : 0,
      "name" : "Sandi",
      "mailingName" : "Sandi",
      "description" : "",
      "firstName" : "",
      "middleName" : "",
      "lastName" : "",
      "nickname" : "",
      "salutation" : "",
      "gender" : "",
      "type" : "C",
      "religion" : "",
      "dateOfBirth" : null,
      "placeOfBirth" : "",
      "socialSecurityNumber" : "",
      "socialSecurityDate" : null,
      "mediaObjectReference" : "",
      "lastUpdateDateTime" : "2017-12-17T00:00:00",
      "inputDateTime" : "2017-12-17T00:00:00",
      "_links" : {
        "self" : {
          "href" : "http://localhost/api/contacts/2496_0"
        },
        "contactPerson" : {
          "href" : "http://localhost/api/contacts/2496_0"
        },
        "master" : {
          "href" : "http://localhost/api/contacts/2496_0/master"
        }
      }
    }, {
      "inputUserId" : "QSA",
      "lastUpdateUserId" : "QSA",
      "computerId" : "GLSVR171217",
      "lastSynchronizedDate" : null,
      "addressNumber" : "2497",
      "sequence" : 0,
      "name" : "Sanly",
      "mailingName" : "Sanly",
      "description" : "",
      "firstName" : "",
      "middleName" : "",
      "lastName" : "",
      "nickname" : "",
      "salutation" : "",
      "gender" : "",
      "type" : "C",
      "religion" : "",
      "dateOfBirth" : null,
      "placeOfBirth" : "",
      "socialSecurityNumber" : "",
      "socialSecurityDate" : null,
      "mediaObjectReference" : "",
      "lastUpdateDateTime" : "2017-12-17T00:00:00",
      "inputDateTime" : "2017-12-17T00:00:00",
      "_links" : {
        "self" : {
          "href" : "http://localhost/api/contacts/2497_0"
        },
        "contactPerson" : {
          "href" : "http://localhost/api/contacts/2497_0"
        },
        "master" : {
          "href" : "http://localhost/api/contacts/2497_0/master"
        }
      }
    }, {
      "inputUserId" : "QSA",
      "lastUpdateUserId" : "QSA",
      "computerId" : "GLSVR171217",
      "lastSynchronizedDate" : null,
      "addressNumber" : "2498",
      "sequence" : 0,
      "name" : "Sapto",
      "mailingName" : "Sapto",
      "description" : "",
      "firstName" : "",
      "middleName" : "",
      "lastName" : "",
      "nickname" : "",
      "salutation" : "",
      "gender" : "",
      "type" : "C",
      "religion" : "",
      "dateOfBirth" : null,
      "placeOfBirth" : "",
      "socialSecurityNumber" : "",
      "socialSecurityDate" : null,
      "mediaObjectReference" : "",
      "lastUpdateDateTime" : "2017-12-17T00:00:00",
      "inputDateTime" : "2017-12-17T00:00:00",
      "_links" : {
        "self" : {
          "href" : "http://localhost/api/contacts/2498_0"
        },
        "contactPerson" : {
          "href" : "http://localhost/api/contacts/2498_0"
        },
        "master" : {
          "href" : "http://localhost/api/contacts/2498_0/master"
        }
      }
    }, {
      "inputUserId" : "QSA",
      "lastUpdateUserId" : "QSA",
      "computerId" : "GLSVR171217",
      "lastSynchronizedDate" : null,
      "addressNumber" : "2499",
      "sequence" : 0,
      "name" : "Sari",
      "mailingName" : "Sari",
      "description" : "",
      "firstName" : "",
      "middleName" : "",
      "lastName" : "",
      "nickname" : "",
      "salutation" : "",
      "gender" : "",
      "type" : "C",
      "religion" : "",
      "dateOfBirth" : null,
      "placeOfBirth" : "",
      "socialSecurityNumber" : "",
      "socialSecurityDate" : null,
      "mediaObjectReference" : "",
      "lastUpdateDateTime" : "2017-12-17T00:00:00",
      "inputDateTime" : "2017-12-17T00:00:00",
      "_links" : {
        "self" : {
          "href" : "http://localhost/api/contacts/2499_0"
        },
        "contactPerson" : {
          "href" : "http://localhost/api/contacts/2499_0"
        },
        "master" : {
          "href" : "http://localhost/api/contacts/2499_0/master"
        }
      }
    }, {
      "inputUserId" : "QSA",
      "lastUpdateUserId" : "QSA",
      "computerId" : "GLSVR171217",
      "lastSynchronizedDate" : null,
      "addressNumber" : "2500",
      "sequence" : 0,
      "name" : "Sariadi",
      "mailingName" : "Sariadi",
      "description" : "",
      "firstName" : "",
      "middleName" : "",
      "lastName" : "",
      "nickname" : "",
      "salutation" : "",
      "gender" : "",
      "type" : "C",
      "religion" : "",
      "dateOfBirth" : null,
      "placeOfBirth" : "",
      "socialSecurityNumber" : "",
      "socialSecurityDate" : null,
      "mediaObjectReference" : "",
      "lastUpdateDateTime" : "2017-12-17T00:00:00",
      "inputDateTime" : "2017-12-17T00:00:00",
      "_links" : {
        "self" : {
          "href" : "http://localhost/api/contacts/2500_0"
        },
        "contactPerson" : {
          "href" : "http://localhost/api/contacts/2500_0"
        },
        "master" : {
          "href" : "http://localhost/api/contacts/2500_0/master"
        }
      }
    }, {
      "inputUserId" : "QSA",
      "lastUpdateUserId" : "QSA",
      "computerId" : "GLSVR171217",
      "lastSynchronizedDate" : null,
      "addressNumber" : "2501",
      "sequence" : 0,
      "name" : "Sarpin",
      "mailingName" : "Sarpin",
      "description" : "",
      "firstName" : "",
      "middleName" : "",
      "lastName" : "",
      "nickname" : "",
      "salutation" : "",
      "gender" : "",
      "type" : "C",
      "religion" : "",
      "dateOfBirth" : null,
      "placeOfBirth" : "",
      "socialSecurityNumber" : "",
      "socialSecurityDate" : null,
      "mediaObjectReference" : "",
      "lastUpdateDateTime" : "2017-12-17T00:00:00",
      "inputDateTime" : "2017-12-17T00:00:00",
      "_links" : {
        "self" : {
          "href" : "http://localhost/api/contacts/2501_0"
        },
        "contactPerson" : {
          "href" : "http://localhost/api/contacts/2501_0"
        },
        "master" : {
          "href" : "http://localhost/api/contacts/2501_0/master"
        }
      }
    }, {
      "inputUserId" : "QSA",
      "lastUpdateUserId" : "QSA",
      "computerId" : "GLSVR171217",
      "lastSynchronizedDate" : null,
      "addressNumber" : "2502",
      "sequence" : 0,
      "name" : "Sasmita",
      "mailingName" : "Sasmita",
      "description" : "",
      "firstName" : "",
      "middleName" : "",
      "lastName" : "",
      "nickname" : "",
      "salutation" : "",
      "gender" : "",
      "type" : "C",
      "religion" : "",
      "dateOfBirth" : null,
      "placeOfBirth" : "",
      "socialSecurityNumber" : "",
      "socialSecurityDate" : null,
      "mediaObjectReference" : "",
      "lastUpdateDateTime" : "2017-12-17T00:00:00",
      "inputDateTime" : "2017-12-17T00:00:00",
      "_links" : {
        "self" : {
          "href" : "http://localhost/api/contacts/2502_0"
        },
        "contactPerson" : {
          "href" : "http://localhost/api/contacts/2502_0"
        },
        "master" : {
          "href" : "http://localhost/api/contacts/2502_0/master"
        }
      }
    }, {
      "inputUserId" : "QSA",
      "lastUpdateUserId" : "QSA",
      "computerId" : "GLSVR171217",
      "lastSynchronizedDate" : null,
      "addressNumber" : "2503",
      "sequence" : 0,
      "name" : "Sck",
      "mailingName" : "Sck",
      "description" : "",
      "firstName" : "",
      "middleName" : "",
      "lastName" : "",
      "nickname" : "",
      "salutation" : "",
      "gender" : "",
      "type" : "C",
      "religion" : "",
      "dateOfBirth" : null,
      "placeOfBirth" : "",
      "socialSecurityNumber" : "",
      "socialSecurityDate" : null,
      "mediaObjectReference" : "",
      "lastUpdateDateTime" : "2017-12-17T00:00:00",
      "inputDateTime" : "2017-12-17T00:00:00",
      "_links" : {
        "self" : {
          "href" : "http://localhost/api/contacts/2503_0"
        },
        "contactPerson" : {
          "href" : "http://localhost/api/contacts/2503_0"
        },
        "master" : {
          "href" : "http://localhost/api/contacts/2503_0/master"
        }
      }
    }, {
      "inputUserId" : "QSA",
      "lastUpdateUserId" : "QSA",
      "computerId" : "GLSVR171217",
      "lastSynchronizedDate" : null,
      "addressNumber" : "2504",
      "sequence" : 0,
      "name" : "Scomptech",
      "mailingName" : "Scomptech",
      "description" : "",
      "firstName" : "",
      "middleName" : "",
      "lastName" : "",
      "nickname" : "",
      "salutation" : "",
      "gender" : "",
      "type" : "C",
      "religion" : "",
      "dateOfBirth" : null,
      "placeOfBirth" : "",
      "socialSecurityNumber" : "",
      "socialSecurityDate" : null,
      "mediaObjectReference" : "",
      "lastUpdateDateTime" : "2017-12-17T00:00:00",
      "inputDateTime" : "2017-12-17T00:00:00",
      "_links" : {
        "self" : {
          "href" : "http://localhost/api/contacts/2504_0"
        },
        "contactPerson" : {
          "href" : "http://localhost/api/contacts/2504_0"
        },
        "master" : {
          "href" : "http://localhost/api/contacts/2504_0/master"
        }
      }
    }, {
      "inputUserId" : "QSA",
      "lastUpdateUserId" : "QSA",
      "computerId" : "GLSVR171217",
      "lastSynchronizedDate" : null,
      "addressNumber" : "2505",
      "sequence" : 0,
      "name" : "SD Muhammadiyah 2 Sidoarjo",
      "mailingName" : "SD Muhammadiyah 2 Sidoarjo",
      "description" : "",
      "firstName" : "",
      "middleName" : "",
      "lastName" : "",
      "nickname" : "",
      "salutation" : "",
      "gender" : "",
      "type" : "C",
      "religion" : "",
      "dateOfBirth" : null,
      "placeOfBirth" : "",
      "socialSecurityNumber" : "",
      "socialSecurityDate" : null,
      "mediaObjectReference" : "",
      "lastUpdateDateTime" : "2017-12-17T00:00:00",
      "inputDateTime" : "2017-12-17T00:00:00",
      "_links" : {
        "self" : {
          "href" : "http://localhost/api/contacts/2505_0"
        },
        "contactPerson" : {
          "href" : "http://localhost/api/contacts/2505_0"
        },
        "master" : {
          "href" : "http://localhost/api/contacts/2505_0/master"
        }
      }
    }, {
      "inputUserId" : "QSA",
      "lastUpdateUserId" : "QSA",
      "computerId" : "GLSVR171217",
      "lastSynchronizedDate" : null,
      "addressNumber" : "2506",
      "sequence" : 0,
      "name" : "SD Musra",
      "mailingName" : "SD Musra",
      "description" : "",
      "firstName" : "",
      "middleName" : "",
      "lastName" : "",
      "nickname" : "",
      "salutation" : "",
      "gender" : "",
      "type" : "C",
      "religion" : "",
      "dateOfBirth" : null,
      "placeOfBirth" : "",
      "socialSecurityNumber" : "",
      "socialSecurityDate" : null,
      "mediaObjectReference" : "",
      "lastUpdateDateTime" : "2017-12-17T00:00:00",
      "inputDateTime" : "2017-12-17T00:00:00",
      "_links" : {
        "self" : {
          "href" : "http://localhost/api/contacts/2506_0"
        },
        "contactPerson" : {
          "href" : "http://localhost/api/contacts/2506_0"
        },
        "master" : {
          "href" : "http://localhost/api/contacts/2506_0/master"
        }
      }
    }, {
      "inputUserId" : "QSA",
      "lastUpdateUserId" : "QSA",
      "computerId" : "GLSVR171217",
      "lastSynchronizedDate" : null,
      "addressNumber" : "2507",
      "sequence" : 0,
      "name" : "SDN Carat I",
      "mailingName" : "SDN Carat I",
      "description" : "",
      "firstName" : "",
      "middleName" : "",
      "lastName" : "",
      "nickname" : "",
      "salutation" : "",
      "gender" : "",
      "type" : "C",
      "religion" : "",
      "dateOfBirth" : null,
      "placeOfBirth" : "",
      "socialSecurityNumber" : "",
      "socialSecurityDate" : null,
      "mediaObjectReference" : "",
      "lastUpdateDateTime" : "2017-12-17T00:00:00",
      "inputDateTime" : "2017-12-17T00:00:00",
      "_links" : {
        "self" : {
          "href" : "http://localhost/api/contacts/2507_0"
        },
        "contactPerson" : {
          "href" : "http://localhost/api/contacts/2507_0"
        },
        "master" : {
          "href" : "http://localhost/api/contacts/2507_0/master"
        }
      }
    }, {
      "inputUserId" : "QSA",
      "lastUpdateUserId" : "QSA",
      "computerId" : "GLSVR171217",
      "lastSynchronizedDate" : null,
      "addressNumber" : "2508",
      "sequence" : 0,
      "name" : "SDN Jemundo II",
      "mailingName" : "SDN Jemundo II",
      "description" : "",
      "firstName" : "",
      "middleName" : "",
      "lastName" : "",
      "nickname" : "",
      "salutation" : "",
      "gender" : "",
      "type" : "C",
      "religion" : "",
      "dateOfBirth" : null,
      "placeOfBirth" : "",
      "socialSecurityNumber" : "",
      "socialSecurityDate" : null,
      "mediaObjectReference" : "",
      "lastUpdateDateTime" : "2017-12-17T00:00:00",
      "inputDateTime" : "2017-12-17T00:00:00",
      "_links" : {
        "self" : {
          "href" : "http://localhost/api/contacts/2508_0"
        },
        "contactPerson" : {
          "href" : "http://localhost/api/contacts/2508_0"
        },
        "master" : {
          "href" : "http://localhost/api/contacts/2508_0/master"
        }
      }
    }, {
      "inputUserId" : "QSA",
      "lastUpdateUserId" : "QSA",
      "computerId" : "GLSVR171217",
      "lastSynchronizedDate" : null,
      "addressNumber" : "2509",
      "sequence" : 0,
      "name" : "SDN Jeruk Legi 1",
      "mailingName" : "SDN Jeruk Legi 1",
      "description" : "",
      "firstName" : "",
      "middleName" : "",
      "lastName" : "",
      "nickname" : "",
      "salutation" : "",
      "gender" : "",
      "type" : "C",
      "religion" : "",
      "dateOfBirth" : null,
      "placeOfBirth" : "",
      "socialSecurityNumber" : "",
      "socialSecurityDate" : null,
      "mediaObjectReference" : "",
      "lastUpdateDateTime" : "2017-12-17T00:00:00",
      "inputDateTime" : "2017-12-17T00:00:00",
      "_links" : {
        "self" : {
          "href" : "http://localhost/api/contacts/2509_0"
        },
        "contactPerson" : {
          "href" : "http://localhost/api/contacts/2509_0"
        },
        "master" : {
          "href" : "http://localhost/api/contacts/2509_0/master"
        }
      }
    }, {
      "inputUserId" : "QSA",
      "lastUpdateUserId" : "QSA",
      "computerId" : "GLSVR171217",
      "lastSynchronizedDate" : null,
      "addressNumber" : "2510",
      "sequence" : 0,
      "name" : "SDN Kejagan",
      "mailingName" : "SDN Kejagan",
      "description" : "",
      "firstName" : "",
      "middleName" : "",
      "lastName" : "",
      "nickname" : "",
      "salutation" : "",
      "gender" : "",
      "type" : "C",
      "religion" : "",
      "dateOfBirth" : null,
      "placeOfBirth" : "",
      "socialSecurityNumber" : "",
      "socialSecurityDate" : null,
      "mediaObjectReference" : "",
      "lastUpdateDateTime" : "2017-12-17T00:00:00",
      "inputDateTime" : "2017-12-17T00:00:00",
      "_links" : {
        "self" : {
          "href" : "http://localhost/api/contacts/2510_0"
        },
        "contactPerson" : {
          "href" : "http://localhost/api/contacts/2510_0"
        },
        "master" : {
          "href" : "http://localhost/api/contacts/2510_0/master"
        }
      }
    }, {
      "inputUserId" : "QSA",
      "lastUpdateUserId" : "QSA",
      "computerId" : "GLSVR171217",
      "lastSynchronizedDate" : null,
      "addressNumber" : "2511",
      "sequence" : 0,
      "name" : "SDN Lidah Wetan 2",
      "mailingName" : "SDN Lidah Wetan 2",
      "description" : "",
      "firstName" : "",
      "middleName" : "",
      "lastName" : "",
      "nickname" : "",
      "salutation" : "",
      "gender" : "",
      "type" : "C",
      "religion" : "",
      "dateOfBirth" : null,
      "placeOfBirth" : "",
      "socialSecurityNumber" : "",
      "socialSecurityDate" : null,
      "mediaObjectReference" : "",
      "lastUpdateDateTime" : "2017-12-17T00:00:00",
      "inputDateTime" : "2017-12-17T00:00:00",
      "_links" : {
        "self" : {
          "href" : "http://localhost/api/contacts/2511_0"
        },
        "contactPerson" : {
          "href" : "http://localhost/api/contacts/2511_0"
        },
        "master" : {
          "href" : "http://localhost/api/contacts/2511_0/master"
        }
      }
    }, {
      "inputUserId" : "QSA",
      "lastUpdateUserId" : "QSA",
      "computerId" : "GLSVR171217",
      "lastSynchronizedDate" : null,
      "addressNumber" : "2512",
      "sequence" : 0,
      "name" : "SDN Pangeranan V",
      "mailingName" : "SDN Pangeranan V",
      "description" : "",
      "firstName" : "",
      "middleName" : "",
      "lastName" : "",
      "nickname" : "",
      "salutation" : "",
      "gender" : "",
      "type" : "C",
      "religion" : "",
      "dateOfBirth" : null,
      "placeOfBirth" : "",
      "socialSecurityNumber" : "",
      "socialSecurityDate" : null,
      "mediaObjectReference" : "",
      "lastUpdateDateTime" : "2017-12-17T00:00:00",
      "inputDateTime" : "2017-12-17T00:00:00",
      "_links" : {
        "self" : {
          "href" : "http://localhost/api/contacts/2512_0"
        },
        "contactPerson" : {
          "href" : "http://localhost/api/contacts/2512_0"
        },
        "master" : {
          "href" : "http://localhost/api/contacts/2512_0/master"
        }
      }
    }, {
      "inputUserId" : "QSA",
      "lastUpdateUserId" : "QSA",
      "computerId" : "GLSVR171217",
      "lastSynchronizedDate" : null,
      "addressNumber" : "2513",
      "sequence" : 0,
      "name" : "SDN Pulo Mandangin 7",
      "mailingName" : "SDN Pulo Mandangin 7",
      "description" : "",
      "firstName" : "",
      "middleName" : "",
      "lastName" : "",
      "nickname" : "",
      "salutation" : "",
      "gender" : "",
      "type" : "C",
      "religion" : "",
      "dateOfBirth" : null,
      "placeOfBirth" : "",
      "socialSecurityNumber" : "",
      "socialSecurityDate" : null,
      "mediaObjectReference" : "",
      "lastUpdateDateTime" : "2017-12-17T00:00:00",
      "inputDateTime" : "2017-12-17T00:00:00",
      "_links" : {
        "self" : {
          "href" : "http://localhost/api/contacts/2513_0"
        },
        "contactPerson" : {
          "href" : "http://localhost/api/contacts/2513_0"
        },
        "master" : {
          "href" : "http://localhost/api/contacts/2513_0/master"
        }
      }
    }, {
      "inputUserId" : "QSA",
      "lastUpdateUserId" : "QSA",
      "computerId" : "GLSVR171217",
      "lastSynchronizedDate" : null,
      "addressNumber" : "2514",
      "sequence" : 0,
      "name" : "Sebastian",
      "mailingName" : "Sebastian",
      "description" : "",
      "firstName" : "",
      "middleName" : "",
      "lastName" : "",
      "nickname" : "",
      "salutation" : "",
      "gender" : "",
      "type" : "C",
      "religion" : "",
      "dateOfBirth" : null,
      "placeOfBirth" : "",
      "socialSecurityNumber" : "",
      "socialSecurityDate" : null,
      "mediaObjectReference" : "",
      "lastUpdateDateTime" : "2017-12-17T00:00:00",
      "inputDateTime" : "2017-12-17T00:00:00",
      "_links" : {
        "self" : {
          "href" : "http://localhost/api/contacts/2514_0"
        },
        "contactPerson" : {
          "href" : "http://localhost/api/contacts/2514_0"
        },
        "master" : {
          "href" : "http://localhost/api/contacts/2514_0/master"
        }
      }
    }, {
      "inputUserId" : "QSA",
      "lastUpdateUserId" : "QSA",
      "computerId" : "GLSVR171217",
      "lastSynchronizedDate" : null,
      "addressNumber" : "2515",
      "sequence" : 0,
      "name" : "Seek & Get",
      "mailingName" : "Seek & Get",
      "description" : "",
      "firstName" : "",
      "middleName" : "",
      "lastName" : "",
      "nickname" : "",
      "salutation" : "",
      "gender" : "",
      "type" : "C",
      "religion" : "",
      "dateOfBirth" : null,
      "placeOfBirth" : "",
      "socialSecurityNumber" : "",
      "socialSecurityDate" : null,
      "mediaObjectReference" : "",
      "lastUpdateDateTime" : "2017-12-17T00:00:00",
      "inputDateTime" : "2017-12-17T00:00:00",
      "_links" : {
        "self" : {
          "href" : "http://localhost/api/contacts/2515_0"
        },
        "contactPerson" : {
          "href" : "http://localhost/api/contacts/2515_0"
        },
        "master" : {
          "href" : "http://localhost/api/contacts/2515_0/master"
        }
      }
    }, {
      "inputUserId" : "QSA",
      "lastUpdateUserId" : "QSA",
      "computerId" : "GLSVR171217",
      "lastSynchronizedDate" : null,
      "addressNumber" : "2516",
      "sequence" : 0,
      "name" : "Sega Computer Center",
      "mailingName" : "Sega Computer Center",
      "description" : "",
      "firstName" : "",
      "middleName" : "",
      "lastName" : "",
      "nickname" : "",
      "salutation" : "",
      "gender" : "",
      "type" : "C",
      "religion" : "",
      "dateOfBirth" : null,
      "placeOfBirth" : "",
      "socialSecurityNumber" : "",
      "socialSecurityDate" : null,
      "mediaObjectReference" : "",
      "lastUpdateDateTime" : "2017-12-17T00:00:00",
      "inputDateTime" : "2017-12-17T00:00:00",
      "_links" : {
        "self" : {
          "href" : "http://localhost/api/contacts/2516_0"
        },
        "contactPerson" : {
          "href" : "http://localhost/api/contacts/2516_0"
        },
        "master" : {
          "href" : "http://localhost/api/contacts/2516_0/master"
        }
      }
    }, {
      "inputUserId" : "QSA",
      "lastUpdateUserId" : "QSA",
      "computerId" : "GLSVR171217",
      "lastSynchronizedDate" : null,
      "addressNumber" : "2517",
      "sequence" : 0,
      "name" : "Selia",
      "mailingName" : "Selia",
      "description" : "",
      "firstName" : "",
      "middleName" : "",
      "lastName" : "",
      "nickname" : "",
      "salutation" : "",
      "gender" : "",
      "type" : "C",
      "religion" : "",
      "dateOfBirth" : null,
      "placeOfBirth" : "",
      "socialSecurityNumber" : "",
      "socialSecurityDate" : null,
      "mediaObjectReference" : "",
      "lastUpdateDateTime" : "2017-12-17T00:00:00",
      "inputDateTime" : "2017-12-17T00:00:00",
      "_links" : {
        "self" : {
          "href" : "http://localhost/api/contacts/2517_0"
        },
        "contactPerson" : {
          "href" : "http://localhost/api/contacts/2517_0"
        },
        "master" : {
          "href" : "http://localhost/api/contacts/2517_0/master"
        }
      }
    }, {
      "inputUserId" : "QSA",
      "lastUpdateUserId" : "QSA",
      "computerId" : "GLSVR171217",
      "lastSynchronizedDate" : null,
      "addressNumber" : "2518",
      "sequence" : 0,
      "name" : "Sellya",
      "mailingName" : "Sellya",
      "description" : "",
      "firstName" : "",
      "middleName" : "",
      "lastName" : "",
      "nickname" : "",
      "salutation" : "",
      "gender" : "",
      "type" : "C",
      "religion" : "",
      "dateOfBirth" : null,
      "placeOfBirth" : "",
      "socialSecurityNumber" : "",
      "socialSecurityDate" : null,
      "mediaObjectReference" : "",
      "lastUpdateDateTime" : "2017-12-17T00:00:00",
      "inputDateTime" : "2017-12-17T00:00:00",
      "_links" : {
        "self" : {
          "href" : "http://localhost/api/contacts/2518_0"
        },
        "contactPerson" : {
          "href" : "http://localhost/api/contacts/2518_0"
        },
        "master" : {
          "href" : "http://localhost/api/contacts/2518_0/master"
        }
      }
    }, {
      "inputUserId" : "QSA",
      "lastUpdateUserId" : "QSA",
      "computerId" : "GLSVR171217",
      "lastSynchronizedDate" : null,
      "addressNumber" : "2519",
      "sequence" : 0,
      "name" : "Semmy",
      "mailingName" : "Semmy",
      "description" : "",
      "firstName" : "",
      "middleName" : "",
      "lastName" : "",
      "nickname" : "",
      "salutation" : "",
      "gender" : "",
      "type" : "C",
      "religion" : "",
      "dateOfBirth" : null,
      "placeOfBirth" : "",
      "socialSecurityNumber" : "",
      "socialSecurityDate" : null,
      "mediaObjectReference" : "",
      "lastUpdateDateTime" : "2017-12-17T00:00:00",
      "inputDateTime" : "2017-12-17T00:00:00",
      "_links" : {
        "self" : {
          "href" : "http://localhost/api/contacts/2519_0"
        },
        "contactPerson" : {
          "href" : "http://localhost/api/contacts/2519_0"
        },
        "master" : {
          "href" : "http://localhost/api/contacts/2519_0/master"
        }
      }
    }, {
      "inputUserId" : "QSA",
      "lastUpdateUserId" : "QSA",
      "computerId" : "GLSVR171217",
      "lastSynchronizedDate" : null,
      "addressNumber" : "2520",
      "sequence" : 0,
      "name" : "Sentosa Jaya",
      "mailingName" : "Sentosa Jaya",
      "description" : "",
      "firstName" : "",
      "middleName" : "",
      "lastName" : "",
      "nickname" : "",
      "salutation" : "",
      "gender" : "",
      "type" : "C",
      "religion" : "",
      "dateOfBirth" : null,
      "placeOfBirth" : "",
      "socialSecurityNumber" : "",
      "socialSecurityDate" : null,
      "mediaObjectReference" : "",
      "lastUpdateDateTime" : "2017-12-17T00:00:00",
      "inputDateTime" : "2017-12-17T00:00:00",
      "_links" : {
        "self" : {
          "href" : "http://localhost/api/contacts/2520_0"
        },
        "contactPerson" : {
          "href" : "http://localhost/api/contacts/2520_0"
        },
        "master" : {
          "href" : "http://localhost/api/contacts/2520_0/master"
        }
      }
    }, {
      "inputUserId" : "QSA",
      "lastUpdateUserId" : "QSA",
      "computerId" : "GLSVR171217",
      "lastSynchronizedDate" : null,
      "addressNumber" : "2521",
      "sequence" : 0,
      "name" : "Sentra Komputer",
      "mailingName" : "Sentra Komputer",
      "description" : "",
      "firstName" : "",
      "middleName" : "",
      "lastName" : "",
      "nickname" : "",
      "salutation" : "",
      "gender" : "",
      "type" : "C",
      "religion" : "",
      "dateOfBirth" : null,
      "placeOfBirth" : "",
      "socialSecurityNumber" : "",
      "socialSecurityDate" : null,
      "mediaObjectReference" : "",
      "lastUpdateDateTime" : "2017-12-17T00:00:00",
      "inputDateTime" : "2017-12-17T00:00:00",
      "_links" : {
        "self" : {
          "href" : "http://localhost/api/contacts/2521_0"
        },
        "contactPerson" : {
          "href" : "http://localhost/api/contacts/2521_0"
        },
        "master" : {
          "href" : "http://localhost/api/contacts/2521_0/master"
        }
      }
    }, {
      "inputUserId" : "QSA",
      "lastUpdateUserId" : "QSA",
      "computerId" : "GLSVR171217",
      "lastSynchronizedDate" : null,
      "addressNumber" : "2522",
      "sequence" : 0,
      "name" : "Sentracom",
      "mailingName" : "Sentracom",
      "description" : "",
      "firstName" : "",
      "middleName" : "",
      "lastName" : "",
      "nickname" : "",
      "salutation" : "",
      "gender" : "",
      "type" : "C",
      "religion" : "",
      "dateOfBirth" : null,
      "placeOfBirth" : "",
      "socialSecurityNumber" : "",
      "socialSecurityDate" : null,
      "mediaObjectReference" : "",
      "lastUpdateDateTime" : "2017-12-17T00:00:00",
      "inputDateTime" : "2017-12-17T00:00:00",
      "_links" : {
        "self" : {
          "href" : "http://localhost/api/contacts/2522_0"
        },
        "contactPerson" : {
          "href" : "http://localhost/api/contacts/2522_0"
        },
        "master" : {
          "href" : "http://localhost/api/contacts/2522_0/master"
        }
      }
    }, {
      "inputUserId" : "QSA",
      "lastUpdateUserId" : "QSA",
      "computerId" : "GLSVR171217",
      "lastSynchronizedDate" : null,
      "addressNumber" : "2523",
      "sequence" : 0,
      "name" : "Septian",
      "mailingName" : "Septian",
      "description" : "",
      "firstName" : "",
      "middleName" : "",
      "lastName" : "",
      "nickname" : "",
      "salutation" : "",
      "gender" : "",
      "type" : "C",
      "religion" : "",
      "dateOfBirth" : null,
      "placeOfBirth" : "",
      "socialSecurityNumber" : "",
      "socialSecurityDate" : null,
      "mediaObjectReference" : "",
      "lastUpdateDateTime" : "2017-12-17T00:00:00",
      "inputDateTime" : "2017-12-17T00:00:00",
      "_links" : {
        "self" : {
          "href" : "http://localhost/api/contacts/2523_0"
        },
        "contactPerson" : {
          "href" : "http://localhost/api/contacts/2523_0"
        },
        "master" : {
          "href" : "http://localhost/api/contacts/2523_0/master"
        }
      }
    }, {
      "inputUserId" : "QSA",
      "lastUpdateUserId" : "QSA",
      "computerId" : "GLSVR171217",
      "lastSynchronizedDate" : null,
      "addressNumber" : "2524",
      "sequence" : 0,
      "name" : "Septika",
      "mailingName" : "Septika",
      "description" : "",
      "firstName" : "",
      "middleName" : "",
      "lastName" : "",
      "nickname" : "",
      "salutation" : "",
      "gender" : "",
      "type" : "C",
      "religion" : "",
      "dateOfBirth" : null,
      "placeOfBirth" : "",
      "socialSecurityNumber" : "",
      "socialSecurityDate" : null,
      "mediaObjectReference" : "",
      "lastUpdateDateTime" : "2017-12-17T00:00:00",
      "inputDateTime" : "2017-12-17T00:00:00",
      "_links" : {
        "self" : {
          "href" : "http://localhost/api/contacts/2524_0"
        },
        "contactPerson" : {
          "href" : "http://localhost/api/contacts/2524_0"
        },
        "master" : {
          "href" : "http://localhost/api/contacts/2524_0/master"
        }
      }
    }, {
      "inputUserId" : "QSA",
      "lastUpdateUserId" : "QSA",
      "computerId" : "GLSVR171217",
      "lastSynchronizedDate" : null,
      "addressNumber" : "2525",
      "sequence" : 0,
      "name" : "Service Center Brother",
      "mailingName" : "Service Center Brother",
      "description" : "",
      "firstName" : "",
      "middleName" : "",
      "lastName" : "",
      "nickname" : "",
      "salutation" : "",
      "gender" : "",
      "type" : "C",
      "religion" : "",
      "dateOfBirth" : null,
      "placeOfBirth" : "",
      "socialSecurityNumber" : "",
      "socialSecurityDate" : null,
      "mediaObjectReference" : "",
      "lastUpdateDateTime" : "2017-12-17T00:00:00",
      "inputDateTime" : "2017-12-17T00:00:00",
      "_links" : {
        "self" : {
          "href" : "http://localhost/api/contacts/2525_0"
        },
        "contactPerson" : {
          "href" : "http://localhost/api/contacts/2525_0"
        },
        "master" : {
          "href" : "http://localhost/api/contacts/2525_0/master"
        }
      }
    }, {
      "inputUserId" : "QSA",
      "lastUpdateUserId" : "QSA",
      "computerId" : "GLSVR171217",
      "lastSynchronizedDate" : null,
      "addressNumber" : "2526",
      "sequence" : 0,
      "name" : "Service Center Fuji Xerox",
      "mailingName" : "Service Center Fuji Xerox",
      "description" : "",
      "firstName" : "",
      "middleName" : "",
      "lastName" : "",
      "nickname" : "",
      "salutation" : "",
      "gender" : "",
      "type" : "C",
      "religion" : "",
      "dateOfBirth" : null,
      "placeOfBirth" : "",
      "socialSecurityNumber" : "",
      "socialSecurityDate" : null,
      "mediaObjectReference" : "",
      "lastUpdateDateTime" : "2017-12-17T00:00:00",
      "inputDateTime" : "2017-12-17T00:00:00",
      "_links" : {
        "self" : {
          "href" : "http://localhost/api/contacts/2526_0"
        },
        "contactPerson" : {
          "href" : "http://localhost/api/contacts/2526_0"
        },
        "master" : {
          "href" : "http://localhost/api/contacts/2526_0/master"
        }
      }
    }, {
      "inputUserId" : "QSA",
      "lastUpdateUserId" : "QSA",
      "computerId" : "GLSVR171217",
      "lastSynchronizedDate" : null,
      "addressNumber" : "2527",
      "sequence" : 0,
      "name" : "Setia Kawan",
      "mailingName" : "Setia Kawan",
      "description" : "",
      "firstName" : "",
      "middleName" : "",
      "lastName" : "",
      "nickname" : "",
      "salutation" : "",
      "gender" : "",
      "type" : "C",
      "religion" : "",
      "dateOfBirth" : null,
      "placeOfBirth" : "",
      "socialSecurityNumber" : "",
      "socialSecurityDate" : null,
      "mediaObjectReference" : "",
      "lastUpdateDateTime" : "2017-12-17T00:00:00",
      "inputDateTime" : "2017-12-17T00:00:00",
      "_links" : {
        "self" : {
          "href" : "http://localhost/api/contacts/2527_0"
        },
        "contactPerson" : {
          "href" : "http://localhost/api/contacts/2527_0"
        },
        "master" : {
          "href" : "http://localhost/api/contacts/2527_0/master"
        }
      }
    }, {
      "inputUserId" : "QSA",
      "lastUpdateUserId" : "QSA",
      "computerId" : "GLSVR171217",
      "lastSynchronizedDate" : null,
      "addressNumber" : "2528",
      "sequence" : 0,
      "name" : "Setwilda Kabupaten Daerah TK.II Gresik",
      "mailingName" : "Setwilda Kabupaten Daerah TK.II Gresik",
      "description" : "",
      "firstName" : "",
      "middleName" : "",
      "lastName" : "",
      "nickname" : "",
      "salutation" : "",
      "gender" : "",
      "type" : "C",
      "religion" : "",
      "dateOfBirth" : null,
      "placeOfBirth" : "",
      "socialSecurityNumber" : "",
      "socialSecurityDate" : null,
      "mediaObjectReference" : "",
      "lastUpdateDateTime" : "2017-12-17T00:00:00",
      "inputDateTime" : "2017-12-17T00:00:00",
      "_links" : {
        "self" : {
          "href" : "http://localhost/api/contacts/2528_0"
        },
        "contactPerson" : {
          "href" : "http://localhost/api/contacts/2528_0"
        },
        "master" : {
          "href" : "http://localhost/api/contacts/2528_0/master"
        }
      }
    }, {
      "inputUserId" : "QSA",
      "lastUpdateUserId" : "QSA",
      "computerId" : "GLSVR171217",
      "lastSynchronizedDate" : null,
      "addressNumber" : "2529",
      "sequence" : 0,
      "name" : "Seven Comp",
      "mailingName" : "Seven Comp",
      "description" : "",
      "firstName" : "",
      "middleName" : "",
      "lastName" : "",
      "nickname" : "",
      "salutation" : "",
      "gender" : "",
      "type" : "C",
      "religion" : "",
      "dateOfBirth" : null,
      "placeOfBirth" : "",
      "socialSecurityNumber" : "",
      "socialSecurityDate" : null,
      "mediaObjectReference" : "",
      "lastUpdateDateTime" : "2017-12-17T00:00:00",
      "inputDateTime" : "2017-12-17T00:00:00",
      "_links" : {
        "self" : {
          "href" : "http://localhost/api/contacts/2529_0"
        },
        "contactPerson" : {
          "href" : "http://localhost/api/contacts/2529_0"
        },
        "master" : {
          "href" : "http://localhost/api/contacts/2529_0/master"
        }
      }
    }, {
      "inputUserId" : "QSA",
      "lastUpdateUserId" : "QSA",
      "computerId" : "GLSVR171217",
      "lastSynchronizedDate" : null,
      "addressNumber" : "2530",
      "sequence" : 0,
      "name" : "Seven Ink Pratama",
      "mailingName" : "Seven Ink Pratama",
      "description" : "",
      "firstName" : "",
      "middleName" : "",
      "lastName" : "",
      "nickname" : "",
      "salutation" : "",
      "gender" : "",
      "type" : "C",
      "religion" : "",
      "dateOfBirth" : null,
      "placeOfBirth" : "",
      "socialSecurityNumber" : "",
      "socialSecurityDate" : null,
      "mediaObjectReference" : "",
      "lastUpdateDateTime" : "2017-12-17T00:00:00",
      "inputDateTime" : "2017-12-17T00:00:00",
      "_links" : {
        "self" : {
          "href" : "http://localhost/api/contacts/2530_0"
        },
        "contactPerson" : {
          "href" : "http://localhost/api/contacts/2530_0"
        },
        "master" : {
          "href" : "http://localhost/api/contacts/2530_0/master"
        }
      }
    }, {
      "inputUserId" : "QSA",
      "lastUpdateUserId" : "QSA",
      "computerId" : "GLSVR171217",
      "lastSynchronizedDate" : null,
      "addressNumber" : "2531",
      "sequence" : 0,
      "name" : "SHC (Sokarno Hatta Computer)",
      "mailingName" : "SHC (Sokarno Hatta Computer)",
      "description" : "",
      "firstName" : "",
      "middleName" : "",
      "lastName" : "",
      "nickname" : "",
      "salutation" : "",
      "gender" : "",
      "type" : "C",
      "religion" : "",
      "dateOfBirth" : null,
      "placeOfBirth" : "",
      "socialSecurityNumber" : "",
      "socialSecurityDate" : null,
      "mediaObjectReference" : "",
      "lastUpdateDateTime" : "2017-12-17T00:00:00",
      "inputDateTime" : "2017-12-17T00:00:00",
      "_links" : {
        "self" : {
          "href" : "http://localhost/api/contacts/2531_0"
        },
        "contactPerson" : {
          "href" : "http://localhost/api/contacts/2531_0"
        },
        "master" : {
          "href" : "http://localhost/api/contacts/2531_0/master"
        }
      }
    }, {
      "inputUserId" : "QSA",
      "lastUpdateUserId" : "QSA",
      "computerId" : "GLSVR171217",
      "lastSynchronizedDate" : null,
      "addressNumber" : "2532",
      "sequence" : 0,
      "name" : "Shely",
      "mailingName" : "Shely",
      "description" : "",
      "firstName" : "",
      "middleName" : "",
      "lastName" : "",
      "nickname" : "",
      "salutation" : "",
      "gender" : "",
      "type" : "C",
      "religion" : "",
      "dateOfBirth" : null,
      "placeOfBirth" : "",
      "socialSecurityNumber" : "",
      "socialSecurityDate" : null,
      "mediaObjectReference" : "",
      "lastUpdateDateTime" : "2017-12-17T00:00:00",
      "inputDateTime" : "2017-12-17T00:00:00",
      "_links" : {
        "self" : {
          "href" : "http://localhost/api/contacts/2532_0"
        },
        "contactPerson" : {
          "href" : "http://localhost/api/contacts/2532_0"
        },
        "master" : {
          "href" : "http://localhost/api/contacts/2532_0/master"
        }
      }
    }, {
      "inputUserId" : "QSA",
      "lastUpdateUserId" : "QSA",
      "computerId" : "GLSVR171217",
      "lastSynchronizedDate" : null,
      "addressNumber" : "2533",
      "sequence" : 0,
      "name" : "Shidiq",
      "mailingName" : "Shidiq",
      "description" : "",
      "firstName" : "",
      "middleName" : "",
      "lastName" : "",
      "nickname" : "",
      "salutation" : "",
      "gender" : "",
      "type" : "C",
      "religion" : "",
      "dateOfBirth" : null,
      "placeOfBirth" : "",
      "socialSecurityNumber" : "",
      "socialSecurityDate" : null,
      "mediaObjectReference" : "",
      "lastUpdateDateTime" : "2017-12-17T00:00:00",
      "inputDateTime" : "2017-12-17T00:00:00",
      "_links" : {
        "self" : {
          "href" : "http://localhost/api/contacts/2533_0"
        },
        "contactPerson" : {
          "href" : "http://localhost/api/contacts/2533_0"
        },
        "master" : {
          "href" : "http://localhost/api/contacts/2533_0/master"
        }
      }
    }, {
      "inputUserId" : "QSA",
      "lastUpdateUserId" : "QSA",
      "computerId" : "GLSVR171217",
      "lastSynchronizedDate" : null,
      "addressNumber" : "2534",
      "sequence" : 0,
      "name" : "Shodiq Nahar",
      "mailingName" : "Shodiq Nahar",
      "description" : "",
      "firstName" : "",
      "middleName" : "",
      "lastName" : "",
      "nickname" : "",
      "salutation" : "",
      "gender" : "",
      "type" : "C",
      "religion" : "",
      "dateOfBirth" : null,
      "placeOfBirth" : "",
      "socialSecurityNumber" : "",
      "socialSecurityDate" : null,
      "mediaObjectReference" : "",
      "lastUpdateDateTime" : "2017-12-17T00:00:00",
      "inputDateTime" : "2017-12-17T00:00:00",
      "_links" : {
        "self" : {
          "href" : "http://localhost/api/contacts/2534_0"
        },
        "contactPerson" : {
          "href" : "http://localhost/api/contacts/2534_0"
        },
        "master" : {
          "href" : "http://localhost/api/contacts/2534_0/master"
        }
      }
    }, {
      "inputUserId" : "QSA",
      "lastUpdateUserId" : "QSA",
      "computerId" : "GLSVR171217",
      "lastSynchronizedDate" : null,
      "addressNumber" : "2535",
      "sequence" : 0,
      "name" : "SIC",
      "mailingName" : "SIC",
      "description" : "",
      "firstName" : "",
      "middleName" : "",
      "lastName" : "",
      "nickname" : "",
      "salutation" : "",
      "gender" : "",
      "type" : "C",
      "religion" : "",
      "dateOfBirth" : null,
      "placeOfBirth" : "",
      "socialSecurityNumber" : "",
      "socialSecurityDate" : null,
      "mediaObjectReference" : "",
      "lastUpdateDateTime" : "2017-12-17T00:00:00",
      "inputDateTime" : "2017-12-17T00:00:00",
      "_links" : {
        "self" : {
          "href" : "http://localhost/api/contacts/2535_0"
        },
        "contactPerson" : {
          "href" : "http://localhost/api/contacts/2535_0"
        },
        "master" : {
          "href" : "http://localhost/api/contacts/2535_0/master"
        }
      }
    }, {
      "inputUserId" : "QSA",
      "lastUpdateUserId" : "QSA",
      "computerId" : "GLSVR171217",
      "lastSynchronizedDate" : null,
      "addressNumber" : "2536",
      "sequence" : 0,
      "name" : "Sigit",
      "mailingName" : "Sigit",
      "description" : "",
      "firstName" : "",
      "middleName" : "",
      "lastName" : "",
      "nickname" : "",
      "salutation" : "",
      "gender" : "",
      "type" : "C",
      "religion" : "",
      "dateOfBirth" : null,
      "placeOfBirth" : "",
      "socialSecurityNumber" : "",
      "socialSecurityDate" : null,
      "mediaObjectReference" : "",
      "lastUpdateDateTime" : "2017-12-17T00:00:00",
      "inputDateTime" : "2017-12-17T00:00:00",
      "_links" : {
        "self" : {
          "href" : "http://localhost/api/contacts/2536_0"
        },
        "contactPerson" : {
          "href" : "http://localhost/api/contacts/2536_0"
        },
        "master" : {
          "href" : "http://localhost/api/contacts/2536_0/master"
        }
      }
    }, {
      "inputUserId" : "QSA",
      "lastUpdateUserId" : "QSA",
      "computerId" : "GLSVR171217",
      "lastSynchronizedDate" : null,
      "addressNumber" : "2537",
      "sequence" : 0,
      "name" : "Sila(Apotik Sehat)",
      "mailingName" : "Sila(Apotik Sehat)",
      "description" : "",
      "firstName" : "",
      "middleName" : "",
      "lastName" : "",
      "nickname" : "",
      "salutation" : "",
      "gender" : "",
      "type" : "C",
      "religion" : "",
      "dateOfBirth" : null,
      "placeOfBirth" : "",
      "socialSecurityNumber" : "",
      "socialSecurityDate" : null,
      "mediaObjectReference" : "",
      "lastUpdateDateTime" : "2017-12-17T00:00:00",
      "inputDateTime" : "2017-12-17T00:00:00",
      "_links" : {
        "self" : {
          "href" : "http://localhost/api/contacts/2537_0"
        },
        "contactPerson" : {
          "href" : "http://localhost/api/contacts/2537_0"
        },
        "master" : {
          "href" : "http://localhost/api/contacts/2537_0/master"
        }
      }
    }, {
      "inputUserId" : "QSA",
      "lastUpdateUserId" : "QSA",
      "computerId" : "GLSVR171217",
      "lastSynchronizedDate" : null,
      "addressNumber" : "2538",
      "sequence" : 0,
      "name" : "Silan",
      "mailingName" : "Silan",
      "description" : "",
      "firstName" : "",
      "middleName" : "",
      "lastName" : "",
      "nickname" : "",
      "salutation" : "",
      "gender" : "",
      "type" : "C",
      "religion" : "",
      "dateOfBirth" : null,
      "placeOfBirth" : "",
      "socialSecurityNumber" : "",
      "socialSecurityDate" : null,
      "mediaObjectReference" : "",
      "lastUpdateDateTime" : "2017-12-17T00:00:00",
      "inputDateTime" : "2017-12-17T00:00:00",
      "_links" : {
        "self" : {
          "href" : "http://localhost/api/contacts/2538_0"
        },
        "contactPerson" : {
          "href" : "http://localhost/api/contacts/2538_0"
        },
        "master" : {
          "href" : "http://localhost/api/contacts/2538_0/master"
        }
      }
    }, {
      "inputUserId" : "QSA",
      "lastUpdateUserId" : "QSA",
      "computerId" : "GLSVR171217",
      "lastSynchronizedDate" : null,
      "addressNumber" : "2539",
      "sequence" : 0,
      "name" : "Sinar Agung",
      "mailingName" : "Sinar Agung",
      "description" : "",
      "firstName" : "",
      "middleName" : "",
      "lastName" : "",
      "nickname" : "",
      "salutation" : "",
      "gender" : "",
      "type" : "C",
      "religion" : "",
      "dateOfBirth" : null,
      "placeOfBirth" : "",
      "socialSecurityNumber" : "",
      "socialSecurityDate" : null,
      "mediaObjectReference" : "",
      "lastUpdateDateTime" : "2017-12-17T00:00:00",
      "inputDateTime" : "2017-12-17T00:00:00",
      "_links" : {
        "self" : {
          "href" : "http://localhost/api/contacts/2539_0"
        },
        "contactPerson" : {
          "href" : "http://localhost/api/contacts/2539_0"
        },
        "master" : {
          "href" : "http://localhost/api/contacts/2539_0/master"
        }
      }
    }, {
      "inputUserId" : "QSA",
      "lastUpdateUserId" : "QSA",
      "computerId" : "GLSVR171217",
      "lastSynchronizedDate" : null,
      "addressNumber" : "2540",
      "sequence" : 0,
      "name" : "Sinar Jaya",
      "mailingName" : "Sinar Jaya",
      "description" : "",
      "firstName" : "",
      "middleName" : "",
      "lastName" : "",
      "nickname" : "",
      "salutation" : "",
      "gender" : "",
      "type" : "C",
      "religion" : "",
      "dateOfBirth" : null,
      "placeOfBirth" : "",
      "socialSecurityNumber" : "",
      "socialSecurityDate" : null,
      "mediaObjectReference" : "",
      "lastUpdateDateTime" : "2017-12-17T00:00:00",
      "inputDateTime" : "2017-12-17T00:00:00",
      "_links" : {
        "self" : {
          "href" : "http://localhost/api/contacts/2540_0"
        },
        "contactPerson" : {
          "href" : "http://localhost/api/contacts/2540_0"
        },
        "master" : {
          "href" : "http://localhost/api/contacts/2540_0/master"
        }
      }
    }, {
      "inputUserId" : "QSA",
      "lastUpdateUserId" : "QSA",
      "computerId" : "GLSVR171217",
      "lastSynchronizedDate" : null,
      "addressNumber" : "2541",
      "sequence" : 0,
      "name" : "Sinar Kencana Komputer",
      "mailingName" : "Sinar Kencana Komputer",
      "description" : "",
      "firstName" : "",
      "middleName" : "",
      "lastName" : "",
      "nickname" : "",
      "salutation" : "",
      "gender" : "",
      "type" : "C",
      "religion" : "",
      "dateOfBirth" : null,
      "placeOfBirth" : "",
      "socialSecurityNumber" : "",
      "socialSecurityDate" : null,
      "mediaObjectReference" : "",
      "lastUpdateDateTime" : "2017-12-17T00:00:00",
      "inputDateTime" : "2017-12-17T00:00:00",
      "_links" : {
        "self" : {
          "href" : "http://localhost/api/contacts/2541_0"
        },
        "contactPerson" : {
          "href" : "http://localhost/api/contacts/2541_0"
        },
        "master" : {
          "href" : "http://localhost/api/contacts/2541_0/master"
        }
      }
    }, {
      "inputUserId" : "QSA",
      "lastUpdateUserId" : "QSA",
      "computerId" : "GLSVR171217",
      "lastSynchronizedDate" : null,
      "addressNumber" : "2542",
      "sequence" : 0,
      "name" : "Sinar Unigrain",
      "mailingName" : "Sinar Unigrain",
      "description" : "",
      "firstName" : "",
      "middleName" : "",
      "lastName" : "",
      "nickname" : "",
      "salutation" : "",
      "gender" : "",
      "type" : "C",
      "religion" : "",
      "dateOfBirth" : null,
      "placeOfBirth" : "",
      "socialSecurityNumber" : "",
      "socialSecurityDate" : null,
      "mediaObjectReference" : "",
      "lastUpdateDateTime" : "2017-12-17T00:00:00",
      "inputDateTime" : "2017-12-17T00:00:00",
      "_links" : {
        "self" : {
          "href" : "http://localhost/api/contacts/2542_0"
        },
        "contactPerson" : {
          "href" : "http://localhost/api/contacts/2542_0"
        },
        "master" : {
          "href" : "http://localhost/api/contacts/2542_0/master"
        }
      }
    }, {
      "inputUserId" : "QSA",
      "lastUpdateUserId" : "QSA",
      "computerId" : "GLSVR171217",
      "lastSynchronizedDate" : null,
      "addressNumber" : "2543",
      "sequence" : 0,
      "name" : "Sindu",
      "mailingName" : "Sindu",
      "description" : "",
      "firstName" : "",
      "middleName" : "",
      "lastName" : "",
      "nickname" : "",
      "salutation" : "",
      "gender" : "",
      "type" : "C",
      "religion" : "",
      "dateOfBirth" : null,
      "placeOfBirth" : "",
      "socialSecurityNumber" : "",
      "socialSecurityDate" : null,
      "mediaObjectReference" : "",
      "lastUpdateDateTime" : "2017-12-17T00:00:00",
      "inputDateTime" : "2017-12-17T00:00:00",
      "_links" : {
        "self" : {
          "href" : "http://localhost/api/contacts/2543_0"
        },
        "contactPerson" : {
          "href" : "http://localhost/api/contacts/2543_0"
        },
        "master" : {
          "href" : "http://localhost/api/contacts/2543_0/master"
        }
      }
    }, {
      "inputUserId" : "QSA",
      "lastUpdateUserId" : "QSA",
      "computerId" : "GLSVR171217",
      "lastSynchronizedDate" : null,
      "addressNumber" : "2544",
      "sequence" : 0,
      "name" : "Singapore National Academy",
      "mailingName" : "Singapore National Academy",
      "description" : "",
      "firstName" : "",
      "middleName" : "",
      "lastName" : "",
      "nickname" : "",
      "salutation" : "",
      "gender" : "",
      "type" : "C",
      "religion" : "",
      "dateOfBirth" : null,
      "placeOfBirth" : "",
      "socialSecurityNumber" : "",
      "socialSecurityDate" : null,
      "mediaObjectReference" : "",
      "lastUpdateDateTime" : "2017-12-17T00:00:00",
      "inputDateTime" : "2017-12-17T00:00:00",
      "_links" : {
        "self" : {
          "href" : "http://localhost/api/contacts/2544_0"
        },
        "contactPerson" : {
          "href" : "http://localhost/api/contacts/2544_0"
        },
        "master" : {
          "href" : "http://localhost/api/contacts/2544_0/master"
        }
      }
    }, {
      "inputUserId" : "QSA",
      "lastUpdateUserId" : "QSA",
      "computerId" : "GLSVR171217",
      "lastSynchronizedDate" : null,
      "addressNumber" : "2545",
      "sequence" : 0,
      "name" : "Singgih",
      "mailingName" : "Singgih",
      "description" : "",
      "firstName" : "",
      "middleName" : "",
      "lastName" : "",
      "nickname" : "",
      "salutation" : "",
      "gender" : "",
      "type" : "C",
      "religion" : "",
      "dateOfBirth" : null,
      "placeOfBirth" : "",
      "socialSecurityNumber" : "",
      "socialSecurityDate" : null,
      "mediaObjectReference" : "",
      "lastUpdateDateTime" : "2017-12-17T00:00:00",
      "inputDateTime" : "2017-12-17T00:00:00",
      "_links" : {
        "self" : {
          "href" : "http://localhost/api/contacts/2545_0"
        },
        "contactPerson" : {
          "href" : "http://localhost/api/contacts/2545_0"
        },
        "master" : {
          "href" : "http://localhost/api/contacts/2545_0/master"
        }
      }
    }, {
      "inputUserId" : "QSA",
      "lastUpdateUserId" : "QSA",
      "computerId" : "GLSVR171217",
      "lastSynchronizedDate" : null,
      "addressNumber" : "2546",
      "sequence" : 0,
      "name" : "Siskom Komputer",
      "mailingName" : "Siskom Komputer",
      "description" : "",
      "firstName" : "",
      "middleName" : "",
      "lastName" : "",
      "nickname" : "",
      "salutation" : "",
      "gender" : "",
      "type" : "C",
      "religion" : "",
      "dateOfBirth" : null,
      "placeOfBirth" : "",
      "socialSecurityNumber" : "",
      "socialSecurityDate" : null,
      "mediaObjectReference" : "",
      "lastUpdateDateTime" : "2017-12-17T00:00:00",
      "inputDateTime" : "2017-12-17T00:00:00",
      "_links" : {
        "self" : {
          "href" : "http://localhost/api/contacts/2546_0"
        },
        "contactPerson" : {
          "href" : "http://localhost/api/contacts/2546_0"
        },
        "master" : {
          "href" : "http://localhost/api/contacts/2546_0/master"
        }
      }
    }, {
      "inputUserId" : "QSA",
      "lastUpdateUserId" : "QSA",
      "computerId" : "GLSVR171217",
      "lastSynchronizedDate" : null,
      "addressNumber" : "2547",
      "sequence" : 0,
      "name" : "Siti Fatimah",
      "mailingName" : "Siti Fatimah",
      "description" : "",
      "firstName" : "",
      "middleName" : "",
      "lastName" : "",
      "nickname" : "",
      "salutation" : "",
      "gender" : "",
      "type" : "C",
      "religion" : "",
      "dateOfBirth" : null,
      "placeOfBirth" : "",
      "socialSecurityNumber" : "",
      "socialSecurityDate" : null,
      "mediaObjectReference" : "",
      "lastUpdateDateTime" : "2017-12-17T00:00:00",
      "inputDateTime" : "2017-12-17T00:00:00",
      "_links" : {
        "self" : {
          "href" : "http://localhost/api/contacts/2547_0"
        },
        "contactPerson" : {
          "href" : "http://localhost/api/contacts/2547_0"
        },
        "master" : {
          "href" : "http://localhost/api/contacts/2547_0/master"
        }
      }
    }, {
      "inputUserId" : "QSA",
      "lastUpdateUserId" : "QSA",
      "computerId" : "GLSVR171217",
      "lastSynchronizedDate" : null,
      "addressNumber" : "2548",
      "sequence" : 0,
      "name" : "Siti Rodiyah",
      "mailingName" : "Siti Rodiyah",
      "description" : "",
      "firstName" : "",
      "middleName" : "",
      "lastName" : "",
      "nickname" : "",
      "salutation" : "",
      "gender" : "",
      "type" : "C",
      "religion" : "",
      "dateOfBirth" : null,
      "placeOfBirth" : "",
      "socialSecurityNumber" : "",
      "socialSecurityDate" : null,
      "mediaObjectReference" : "",
      "lastUpdateDateTime" : "2017-12-17T00:00:00",
      "inputDateTime" : "2017-12-17T00:00:00",
      "_links" : {
        "self" : {
          "href" : "http://localhost/api/contacts/2548_0"
        },
        "contactPerson" : {
          "href" : "http://localhost/api/contacts/2548_0"
        },
        "master" : {
          "href" : "http://localhost/api/contacts/2548_0/master"
        }
      }
    }, {
      "inputUserId" : "QSA",
      "lastUpdateUserId" : "QSA",
      "computerId" : "GLSVR171217",
      "lastSynchronizedDate" : null,
      "addressNumber" : "2549",
      "sequence" : 0,
      "name" : "Skc Malang",
      "mailingName" : "Skc Malang",
      "description" : "",
      "firstName" : "",
      "middleName" : "",
      "lastName" : "",
      "nickname" : "",
      "salutation" : "",
      "gender" : "",
      "type" : "C",
      "religion" : "",
      "dateOfBirth" : null,
      "placeOfBirth" : "",
      "socialSecurityNumber" : "",
      "socialSecurityDate" : null,
      "mediaObjectReference" : "",
      "lastUpdateDateTime" : "2017-12-17T00:00:00",
      "inputDateTime" : "2017-12-17T00:00:00",
      "_links" : {
        "self" : {
          "href" : "http://localhost/api/contacts/2549_0"
        },
        "contactPerson" : {
          "href" : "http://localhost/api/contacts/2549_0"
        },
        "master" : {
          "href" : "http://localhost/api/contacts/2549_0/master"
        }
      }
    }, {
      "inputUserId" : "QSA",
      "lastUpdateUserId" : "QSA",
      "computerId" : "GLSVR171217",
      "lastSynchronizedDate" : null,
      "addressNumber" : "2550",
      "sequence" : 0,
      "name" : "Sky Printing",
      "mailingName" : "Sky Printing",
      "description" : "",
      "firstName" : "",
      "middleName" : "",
      "lastName" : "",
      "nickname" : "",
      "salutation" : "",
      "gender" : "",
      "type" : "C",
      "religion" : "",
      "dateOfBirth" : null,
      "placeOfBirth" : "",
      "socialSecurityNumber" : "",
      "socialSecurityDate" : null,
      "mediaObjectReference" : "",
      "lastUpdateDateTime" : "2017-12-17T00:00:00",
      "inputDateTime" : "2017-12-17T00:00:00",
      "_links" : {
        "self" : {
          "href" : "http://localhost/api/contacts/2550_0"
        },
        "contactPerson" : {
          "href" : "http://localhost/api/contacts/2550_0"
        },
        "master" : {
          "href" : "http://localhost/api/contacts/2550_0/master"
        }
      }
    }, {
      "inputUserId" : "QSA",
      "lastUpdateUserId" : "QSA",
      "computerId" : "GLSVR171217",
      "lastSynchronizedDate" : null,
      "addressNumber" : "2551",
      "sequence" : 0,
      "name" : "Sky Tech Printer Center (Maulida)",
      "mailingName" : "Sky Tech Printer Center (Maulida)",
      "description" : "",
      "firstName" : "",
      "middleName" : "",
      "lastName" : "",
      "nickname" : "",
      "salutation" : "",
      "gender" : "",
      "type" : "C",
      "religion" : "",
      "dateOfBirth" : null,
      "placeOfBirth" : "",
      "socialSecurityNumber" : "",
      "socialSecurityDate" : null,
      "mediaObjectReference" : "",
      "lastUpdateDateTime" : "2017-12-17T00:00:00",
      "inputDateTime" : "2017-12-17T00:00:00",
      "_links" : {
        "self" : {
          "href" : "http://localhost/api/contacts/2551_0"
        },
        "contactPerson" : {
          "href" : "http://localhost/api/contacts/2551_0"
        },
        "master" : {
          "href" : "http://localhost/api/contacts/2551_0/master"
        }
      }
    }, {
      "inputUserId" : "QSA",
      "lastUpdateUserId" : "QSA",
      "computerId" : "GLSVR171217",
      "lastSynchronizedDate" : null,
      "addressNumber" : "2552",
      "sequence" : 0,
      "name" : "Slamet Sugiarto ( Tokopedia )",
      "mailingName" : "Slamet Sugiarto ( Tokopedia )",
      "description" : "",
      "firstName" : "",
      "middleName" : "",
      "lastName" : "",
      "nickname" : "",
      "salutation" : "",
      "gender" : "",
      "type" : "C",
      "religion" : "",
      "dateOfBirth" : null,
      "placeOfBirth" : "",
      "socialSecurityNumber" : "",
      "socialSecurityDate" : null,
      "mediaObjectReference" : "",
      "lastUpdateDateTime" : "2017-12-17T00:00:00",
      "inputDateTime" : "2017-12-17T00:00:00",
      "_links" : {
        "self" : {
          "href" : "http://localhost/api/contacts/2552_0"
        },
        "contactPerson" : {
          "href" : "http://localhost/api/contacts/2552_0"
        },
        "master" : {
          "href" : "http://localhost/api/contacts/2552_0/master"
        }
      }
    }, {
      "inputUserId" : "QSA",
      "lastUpdateUserId" : "QSA",
      "computerId" : "GLSVR171217",
      "lastSynchronizedDate" : null,
      "addressNumber" : "2553",
      "sequence" : 0,
      "name" : "SLB Harmony",
      "mailingName" : "SLB Harmony",
      "description" : "",
      "firstName" : "",
      "middleName" : "",
      "lastName" : "",
      "nickname" : "",
      "salutation" : "",
      "gender" : "",
      "type" : "C",
      "religion" : "",
      "dateOfBirth" : null,
      "placeOfBirth" : "",
      "socialSecurityNumber" : "",
      "socialSecurityDate" : null,
      "mediaObjectReference" : "",
      "lastUpdateDateTime" : "2017-12-17T00:00:00",
      "inputDateTime" : "2017-12-17T00:00:00",
      "_links" : {
        "self" : {
          "href" : "http://localhost/api/contacts/2553_0"
        },
        "contactPerson" : {
          "href" : "http://localhost/api/contacts/2553_0"
        },
        "master" : {
          "href" : "http://localhost/api/contacts/2553_0/master"
        }
      }
    }, {
      "inputUserId" : "QSA",
      "lastUpdateUserId" : "QSA",
      "computerId" : "GLSVR171217",
      "lastSynchronizedDate" : null,
      "addressNumber" : "2554",
      "sequence" : 0,
      "name" : "SMA Negeri 1 Lamongan",
      "mailingName" : "SMA Negeri 1 Lamongan",
      "description" : "",
      "firstName" : "",
      "middleName" : "",
      "lastName" : "",
      "nickname" : "",
      "salutation" : "",
      "gender" : "",
      "type" : "C",
      "religion" : "",
      "dateOfBirth" : null,
      "placeOfBirth" : "",
      "socialSecurityNumber" : "",
      "socialSecurityDate" : null,
      "mediaObjectReference" : "",
      "lastUpdateDateTime" : "2017-12-17T00:00:00",
      "inputDateTime" : "2017-12-17T00:00:00",
      "_links" : {
        "self" : {
          "href" : "http://localhost/api/contacts/2554_0"
        },
        "contactPerson" : {
          "href" : "http://localhost/api/contacts/2554_0"
        },
        "master" : {
          "href" : "http://localhost/api/contacts/2554_0/master"
        }
      }
    }, {
      "inputUserId" : "QSA",
      "lastUpdateUserId" : "QSA",
      "computerId" : "GLSVR171217",
      "lastSynchronizedDate" : null,
      "addressNumber" : "2555",
      "sequence" : 0,
      "name" : "SMA Negeri 1 Waru",
      "mailingName" : "SMA Negeri 1 Waru",
      "description" : "",
      "firstName" : "",
      "middleName" : "",
      "lastName" : "",
      "nickname" : "",
      "salutation" : "",
      "gender" : "",
      "type" : "C",
      "religion" : "",
      "dateOfBirth" : null,
      "placeOfBirth" : "",
      "socialSecurityNumber" : "",
      "socialSecurityDate" : null,
      "mediaObjectReference" : "",
      "lastUpdateDateTime" : "2017-12-17T00:00:00",
      "inputDateTime" : "2017-12-17T00:00:00",
      "_links" : {
        "self" : {
          "href" : "http://localhost/api/contacts/2555_0"
        },
        "contactPerson" : {
          "href" : "http://localhost/api/contacts/2555_0"
        },
        "master" : {
          "href" : "http://localhost/api/contacts/2555_0/master"
        }
      }
    }, {
      "inputUserId" : "QSA",
      "lastUpdateUserId" : "QSA",
      "computerId" : "GLSVR171217",
      "lastSynchronizedDate" : null,
      "addressNumber" : "2556",
      "sequence" : 0,
      "name" : "Smart Media Komputer",
      "mailingName" : "Smart Media Komputer",
      "description" : "",
      "firstName" : "",
      "middleName" : "",
      "lastName" : "",
      "nickname" : "",
      "salutation" : "",
      "gender" : "",
      "type" : "C",
      "religion" : "",
      "dateOfBirth" : null,
      "placeOfBirth" : "",
      "socialSecurityNumber" : "",
      "socialSecurityDate" : null,
      "mediaObjectReference" : "",
      "lastUpdateDateTime" : "2017-12-17T00:00:00",
      "inputDateTime" : "2017-12-17T00:00:00",
      "_links" : {
        "self" : {
          "href" : "http://localhost/api/contacts/2556_0"
        },
        "contactPerson" : {
          "href" : "http://localhost/api/contacts/2556_0"
        },
        "master" : {
          "href" : "http://localhost/api/contacts/2556_0/master"
        }
      }
    }, {
      "inputUserId" : "QSA",
      "lastUpdateUserId" : "QSA",
      "computerId" : "GLSVR171217",
      "lastSynchronizedDate" : null,
      "addressNumber" : "2557",
      "sequence" : 0,
      "name" : "Smart Solusindo",
      "mailingName" : "Smart Solusindo",
      "description" : "",
      "firstName" : "",
      "middleName" : "",
      "lastName" : "",
      "nickname" : "",
      "salutation" : "",
      "gender" : "",
      "type" : "C",
      "religion" : "",
      "dateOfBirth" : null,
      "placeOfBirth" : "",
      "socialSecurityNumber" : "",
      "socialSecurityDate" : null,
      "mediaObjectReference" : "",
      "lastUpdateDateTime" : "2017-12-17T00:00:00",
      "inputDateTime" : "2017-12-17T00:00:00",
      "_links" : {
        "self" : {
          "href" : "http://localhost/api/contacts/2557_0"
        },
        "contactPerson" : {
          "href" : "http://localhost/api/contacts/2557_0"
        },
        "master" : {
          "href" : "http://localhost/api/contacts/2557_0/master"
        }
      }
    }, {
      "inputUserId" : "QSA",
      "lastUpdateUserId" : "QSA",
      "computerId" : "GLSVR171217",
      "lastSynchronizedDate" : null,
      "addressNumber" : "2558",
      "sequence" : 0,
      "name" : "Smart Solution",
      "mailingName" : "Smart Solution",
      "description" : "",
      "firstName" : "",
      "middleName" : "",
      "lastName" : "",
      "nickname" : "",
      "salutation" : "",
      "gender" : "",
      "type" : "C",
      "religion" : "",
      "dateOfBirth" : null,
      "placeOfBirth" : "",
      "socialSecurityNumber" : "",
      "socialSecurityDate" : null,
      "mediaObjectReference" : "",
      "lastUpdateDateTime" : "2017-12-17T00:00:00",
      "inputDateTime" : "2017-12-17T00:00:00",
      "_links" : {
        "self" : {
          "href" : "http://localhost/api/contacts/2558_0"
        },
        "contactPerson" : {
          "href" : "http://localhost/api/contacts/2558_0"
        },
        "master" : {
          "href" : "http://localhost/api/contacts/2558_0/master"
        }
      }
    }, {
      "inputUserId" : "QSA",
      "lastUpdateUserId" : "QSA",
      "computerId" : "GLSVR171217",
      "lastSynchronizedDate" : null,
      "addressNumber" : "2559",
      "sequence" : 0,
      "name" : "SMK   YPM IV",
      "mailingName" : "SMK   YPM IV",
      "description" : "",
      "firstName" : "",
      "middleName" : "",
      "lastName" : "",
      "nickname" : "",
      "salutation" : "",
      "gender" : "",
      "type" : "C",
      "religion" : "",
      "dateOfBirth" : null,
      "placeOfBirth" : "",
      "socialSecurityNumber" : "",
      "socialSecurityDate" : null,
      "mediaObjectReference" : "",
      "lastUpdateDateTime" : "2017-12-17T00:00:00",
      "inputDateTime" : "2017-12-17T00:00:00",
      "_links" : {
        "self" : {
          "href" : "http://localhost/api/contacts/2559_0"
        },
        "contactPerson" : {
          "href" : "http://localhost/api/contacts/2559_0"
        },
        "master" : {
          "href" : "http://localhost/api/contacts/2559_0/master"
        }
      }
    }, {
      "inputUserId" : "QSA",
      "lastUpdateUserId" : "QSA",
      "computerId" : "GLSVR171217",
      "lastSynchronizedDate" : null,
      "addressNumber" : "2560",
      "sequence" : 0,
      "name" : "SMK Barunawati",
      "mailingName" : "SMK Barunawati",
      "description" : "",
      "firstName" : "",
      "middleName" : "",
      "lastName" : "",
      "nickname" : "",
      "salutation" : "",
      "gender" : "",
      "type" : "C",
      "religion" : "",
      "dateOfBirth" : null,
      "placeOfBirth" : "",
      "socialSecurityNumber" : "",
      "socialSecurityDate" : null,
      "mediaObjectReference" : "",
      "lastUpdateDateTime" : "2017-12-17T00:00:00",
      "inputDateTime" : "2017-12-17T00:00:00",
      "_links" : {
        "self" : {
          "href" : "http://localhost/api/contacts/2560_0"
        },
        "contactPerson" : {
          "href" : "http://localhost/api/contacts/2560_0"
        },
        "master" : {
          "href" : "http://localhost/api/contacts/2560_0/master"
        }
      }
    }, {
      "inputUserId" : "QSA",
      "lastUpdateUserId" : "QSA",
      "computerId" : "GLSVR171217",
      "lastSynchronizedDate" : null,
      "addressNumber" : "2561",
      "sequence" : 0,
      "name" : "SMK I",
      "mailingName" : "SMK I",
      "description" : "",
      "firstName" : "",
      "middleName" : "",
      "lastName" : "",
      "nickname" : "",
      "salutation" : "",
      "gender" : "",
      "type" : "C",
      "religion" : "",
      "dateOfBirth" : null,
      "placeOfBirth" : "",
      "socialSecurityNumber" : "",
      "socialSecurityDate" : null,
      "mediaObjectReference" : "",
      "lastUpdateDateTime" : "2017-12-17T00:00:00",
      "inputDateTime" : "2017-12-17T00:00:00",
      "_links" : {
        "self" : {
          "href" : "http://localhost/api/contacts/2561_0"
        },
        "contactPerson" : {
          "href" : "http://localhost/api/contacts/2561_0"
        },
        "master" : {
          "href" : "http://localhost/api/contacts/2561_0/master"
        }
      }
    }, {
      "inputUserId" : "QSA",
      "lastUpdateUserId" : "QSA",
      "computerId" : "GLSVR171217",
      "lastSynchronizedDate" : null,
      "addressNumber" : "2562",
      "sequence" : 0,
      "name" : "SMK N 2 Surabaya",
      "mailingName" : "SMK N 2 Surabaya",
      "description" : "",
      "firstName" : "",
      "middleName" : "",
      "lastName" : "",
      "nickname" : "",
      "salutation" : "",
      "gender" : "",
      "type" : "C",
      "religion" : "",
      "dateOfBirth" : null,
      "placeOfBirth" : "",
      "socialSecurityNumber" : "",
      "socialSecurityDate" : null,
      "mediaObjectReference" : "",
      "lastUpdateDateTime" : "2017-12-17T00:00:00",
      "inputDateTime" : "2017-12-17T00:00:00",
      "_links" : {
        "self" : {
          "href" : "http://localhost/api/contacts/2562_0"
        },
        "contactPerson" : {
          "href" : "http://localhost/api/contacts/2562_0"
        },
        "master" : {
          "href" : "http://localhost/api/contacts/2562_0/master"
        }
      }
    }, {
      "inputUserId" : "QSA",
      "lastUpdateUserId" : "QSA",
      "computerId" : "GLSVR171217",
      "lastSynchronizedDate" : null,
      "addressNumber" : "2563",
      "sequence" : 0,
      "name" : "SMK Qomarul Hidayah 2",
      "mailingName" : "SMK Qomarul Hidayah 2",
      "description" : "",
      "firstName" : "",
      "middleName" : "",
      "lastName" : "",
      "nickname" : "",
      "salutation" : "",
      "gender" : "",
      "type" : "C",
      "religion" : "",
      "dateOfBirth" : null,
      "placeOfBirth" : "",
      "socialSecurityNumber" : "",
      "socialSecurityDate" : null,
      "mediaObjectReference" : "",
      "lastUpdateDateTime" : "2017-12-17T00:00:00",
      "inputDateTime" : "2017-12-17T00:00:00",
      "_links" : {
        "self" : {
          "href" : "http://localhost/api/contacts/2563_0"
        },
        "contactPerson" : {
          "href" : "http://localhost/api/contacts/2563_0"
        },
        "master" : {
          "href" : "http://localhost/api/contacts/2563_0/master"
        }
      }
    }, {
      "inputUserId" : "QSA",
      "lastUpdateUserId" : "QSA",
      "computerId" : "GLSVR171217",
      "lastSynchronizedDate" : null,
      "addressNumber" : "2564",
      "sequence" : 0,
      "name" : "SMK Sunan Giri",
      "mailingName" : "SMK Sunan Giri",
      "description" : "",
      "firstName" : "",
      "middleName" : "",
      "lastName" : "",
      "nickname" : "",
      "salutation" : "",
      "gender" : "",
      "type" : "C",
      "religion" : "",
      "dateOfBirth" : null,
      "placeOfBirth" : "",
      "socialSecurityNumber" : "",
      "socialSecurityDate" : null,
      "mediaObjectReference" : "",
      "lastUpdateDateTime" : "2017-12-17T00:00:00",
      "inputDateTime" : "2017-12-17T00:00:00",
      "_links" : {
        "self" : {
          "href" : "http://localhost/api/contacts/2564_0"
        },
        "contactPerson" : {
          "href" : "http://localhost/api/contacts/2564_0"
        },
        "master" : {
          "href" : "http://localhost/api/contacts/2564_0/master"
        }
      }
    }, {
      "inputUserId" : "QSA",
      "lastUpdateUserId" : "QSA",
      "computerId" : "GLSVR171217",
      "lastSynchronizedDate" : null,
      "addressNumber" : "2565",
      "sequence" : 0,
      "name" : "SMK Taman Siswa",
      "mailingName" : "SMK Taman Siswa",
      "description" : "",
      "firstName" : "",
      "middleName" : "",
      "lastName" : "",
      "nickname" : "",
      "salutation" : "",
      "gender" : "",
      "type" : "C",
      "religion" : "",
      "dateOfBirth" : null,
      "placeOfBirth" : "",
      "socialSecurityNumber" : "",
      "socialSecurityDate" : null,
      "mediaObjectReference" : "",
      "lastUpdateDateTime" : "2017-12-17T00:00:00",
      "inputDateTime" : "2017-12-17T00:00:00",
      "_links" : {
        "self" : {
          "href" : "http://localhost/api/contacts/2565_0"
        },
        "contactPerson" : {
          "href" : "http://localhost/api/contacts/2565_0"
        },
        "master" : {
          "href" : "http://localhost/api/contacts/2565_0/master"
        }
      }
    }, {
      "inputUserId" : "QSA",
      "lastUpdateUserId" : "QSA",
      "computerId" : "GLSVR171217",
      "lastSynchronizedDate" : null,
      "addressNumber" : "2566",
      "sequence" : 0,
      "name" : "SMK Telkom Darul Ulum",
      "mailingName" : "SMK Telkom Darul Ulum",
      "description" : "",
      "firstName" : "",
      "middleName" : "",
      "lastName" : "",
      "nickname" : "",
      "salutation" : "",
      "gender" : "",
      "type" : "C",
      "religion" : "",
      "dateOfBirth" : null,
      "placeOfBirth" : "",
      "socialSecurityNumber" : "",
      "socialSecurityDate" : null,
      "mediaObjectReference" : "",
      "lastUpdateDateTime" : "2017-12-17T00:00:00",
      "inputDateTime" : "2017-12-17T00:00:00",
      "_links" : {
        "self" : {
          "href" : "http://localhost/api/contacts/2566_0"
        },
        "contactPerson" : {
          "href" : "http://localhost/api/contacts/2566_0"
        },
        "master" : {
          "href" : "http://localhost/api/contacts/2566_0/master"
        }
      }
    }, {
      "inputUserId" : "QSA",
      "lastUpdateUserId" : "QSA",
      "computerId" : "GLSVR171217",
      "lastSynchronizedDate" : null,
      "addressNumber" : "2567",
      "sequence" : 0,
      "name" : "SMKN 1 Kraksan",
      "mailingName" : "SMKN 1 Kraksan",
      "description" : "",
      "firstName" : "",
      "middleName" : "",
      "lastName" : "",
      "nickname" : "",
      "salutation" : "",
      "gender" : "",
      "type" : "C",
      "religion" : "",
      "dateOfBirth" : null,
      "placeOfBirth" : "",
      "socialSecurityNumber" : "",
      "socialSecurityDate" : null,
      "mediaObjectReference" : "",
      "lastUpdateDateTime" : "2017-12-17T00:00:00",
      "inputDateTime" : "2017-12-17T00:00:00",
      "_links" : {
        "self" : {
          "href" : "http://localhost/api/contacts/2567_0"
        },
        "contactPerson" : {
          "href" : "http://localhost/api/contacts/2567_0"
        },
        "master" : {
          "href" : "http://localhost/api/contacts/2567_0/master"
        }
      }
    }, {
      "inputUserId" : "QSA",
      "lastUpdateUserId" : "QSA",
      "computerId" : "GLSVR171217",
      "lastSynchronizedDate" : null,
      "addressNumber" : "2568",
      "sequence" : 0,
      "name" : "SMKN 8 Surabaya",
      "mailingName" : "SMKN 8 Surabaya",
      "description" : "",
      "firstName" : "",
      "middleName" : "",
      "lastName" : "",
      "nickname" : "",
      "salutation" : "",
      "gender" : "",
      "type" : "C",
      "religion" : "",
      "dateOfBirth" : null,
      "placeOfBirth" : "",
      "socialSecurityNumber" : "",
      "socialSecurityDate" : null,
      "mediaObjectReference" : "",
      "lastUpdateDateTime" : "2017-12-17T00:00:00",
      "inputDateTime" : "2017-12-17T00:00:00",
      "_links" : {
        "self" : {
          "href" : "http://localhost/api/contacts/2568_0"
        },
        "contactPerson" : {
          "href" : "http://localhost/api/contacts/2568_0"
        },
        "master" : {
          "href" : "http://localhost/api/contacts/2568_0/master"
        }
      }
    }, {
      "inputUserId" : "QSA",
      "lastUpdateUserId" : "QSA",
      "computerId" : "GLSVR171217",
      "lastSynchronizedDate" : null,
      "addressNumber" : "2569",
      "sequence" : 0,
      "name" : "SMP 48",
      "mailingName" : "SMP 48",
      "description" : "",
      "firstName" : "",
      "middleName" : "",
      "lastName" : "",
      "nickname" : "",
      "salutation" : "",
      "gender" : "",
      "type" : "C",
      "religion" : "",
      "dateOfBirth" : null,
      "placeOfBirth" : "",
      "socialSecurityNumber" : "",
      "socialSecurityDate" : null,
      "mediaObjectReference" : "",
      "lastUpdateDateTime" : "2017-12-17T00:00:00",
      "inputDateTime" : "2017-12-17T00:00:00",
      "_links" : {
        "self" : {
          "href" : "http://localhost/api/contacts/2569_0"
        },
        "contactPerson" : {
          "href" : "http://localhost/api/contacts/2569_0"
        },
        "master" : {
          "href" : "http://localhost/api/contacts/2569_0/master"
        }
      }
    }, {
      "inputUserId" : "QSA",
      "lastUpdateUserId" : "QSA",
      "computerId" : "GLSVR171217",
      "lastSynchronizedDate" : null,
      "addressNumber" : "2570",
      "sequence" : 0,
      "name" : "SMP Nurul Hidayah",
      "mailingName" : "SMP Nurul Hidayah",
      "description" : "",
      "firstName" : "",
      "middleName" : "",
      "lastName" : "",
      "nickname" : "",
      "salutation" : "",
      "gender" : "",
      "type" : "C",
      "religion" : "",
      "dateOfBirth" : null,
      "placeOfBirth" : "",
      "socialSecurityNumber" : "",
      "socialSecurityDate" : null,
      "mediaObjectReference" : "",
      "lastUpdateDateTime" : "2017-12-17T00:00:00",
      "inputDateTime" : "2017-12-17T00:00:00",
      "_links" : {
        "self" : {
          "href" : "http://localhost/api/contacts/2570_0"
        },
        "contactPerson" : {
          "href" : "http://localhost/api/contacts/2570_0"
        },
        "master" : {
          "href" : "http://localhost/api/contacts/2570_0/master"
        }
      }
    }, {
      "inputUserId" : "QSA",
      "lastUpdateUserId" : "QSA",
      "computerId" : "GLSVR171217",
      "lastSynchronizedDate" : null,
      "addressNumber" : "2571",
      "sequence" : 0,
      "name" : "SMP Prajamukti",
      "mailingName" : "SMP Prajamukti",
      "description" : "",
      "firstName" : "",
      "middleName" : "",
      "lastName" : "",
      "nickname" : "",
      "salutation" : "",
      "gender" : "",
      "type" : "C",
      "religion" : "",
      "dateOfBirth" : null,
      "placeOfBirth" : "",
      "socialSecurityNumber" : "",
      "socialSecurityDate" : null,
      "mediaObjectReference" : "",
      "lastUpdateDateTime" : "2017-12-17T00:00:00",
      "inputDateTime" : "2017-12-17T00:00:00",
      "_links" : {
        "self" : {
          "href" : "http://localhost/api/contacts/2571_0"
        },
        "contactPerson" : {
          "href" : "http://localhost/api/contacts/2571_0"
        },
        "master" : {
          "href" : "http://localhost/api/contacts/2571_0/master"
        }
      }
    }, {
      "inputUserId" : "QSA",
      "lastUpdateUserId" : "QSA",
      "computerId" : "GLSVR171217",
      "lastSynchronizedDate" : null,
      "addressNumber" : "2572",
      "sequence" : 0,
      "name" : "SMPIT Darul Fikri",
      "mailingName" : "SMPIT Darul Fikri",
      "description" : "",
      "firstName" : "",
      "middleName" : "",
      "lastName" : "",
      "nickname" : "",
      "salutation" : "",
      "gender" : "",
      "type" : "C",
      "religion" : "",
      "dateOfBirth" : null,
      "placeOfBirth" : "",
      "socialSecurityNumber" : "",
      "socialSecurityDate" : null,
      "mediaObjectReference" : "",
      "lastUpdateDateTime" : "2017-12-17T00:00:00",
      "inputDateTime" : "2017-12-17T00:00:00",
      "_links" : {
        "self" : {
          "href" : "http://localhost/api/contacts/2572_0"
        },
        "contactPerson" : {
          "href" : "http://localhost/api/contacts/2572_0"
        },
        "master" : {
          "href" : "http://localhost/api/contacts/2572_0/master"
        }
      }
    }, {
      "inputUserId" : "QSA",
      "lastUpdateUserId" : "QSA",
      "computerId" : "GLSVR171217",
      "lastSynchronizedDate" : null,
      "addressNumber" : "2573",
      "sequence" : 0,
      "name" : "SMS Computer",
      "mailingName" : "SMS Computer",
      "description" : "",
      "firstName" : "",
      "middleName" : "",
      "lastName" : "",
      "nickname" : "",
      "salutation" : "",
      "gender" : "",
      "type" : "C",
      "religion" : "",
      "dateOfBirth" : null,
      "placeOfBirth" : "",
      "socialSecurityNumber" : "",
      "socialSecurityDate" : null,
      "mediaObjectReference" : "",
      "lastUpdateDateTime" : "2017-12-17T00:00:00",
      "inputDateTime" : "2017-12-17T00:00:00",
      "_links" : {
        "self" : {
          "href" : "http://localhost/api/contacts/2573_0"
        },
        "contactPerson" : {
          "href" : "http://localhost/api/contacts/2573_0"
        },
        "master" : {
          "href" : "http://localhost/api/contacts/2573_0/master"
        }
      }
    }, {
      "inputUserId" : "QSA",
      "lastUpdateUserId" : "QSA",
      "computerId" : "GLSVR171217",
      "lastSynchronizedDate" : null,
      "addressNumber" : "2574",
      "sequence" : 0,
      "name" : "SNVT PJPA Brantas",
      "mailingName" : "SNVT PJPA Brantas",
      "description" : "",
      "firstName" : "",
      "middleName" : "",
      "lastName" : "",
      "nickname" : "",
      "salutation" : "",
      "gender" : "",
      "type" : "C",
      "religion" : "",
      "dateOfBirth" : null,
      "placeOfBirth" : "",
      "socialSecurityNumber" : "",
      "socialSecurityDate" : null,
      "mediaObjectReference" : "",
      "lastUpdateDateTime" : "2017-12-17T00:00:00",
      "inputDateTime" : "2017-12-17T00:00:00",
      "_links" : {
        "self" : {
          "href" : "http://localhost/api/contacts/2574_0"
        },
        "contactPerson" : {
          "href" : "http://localhost/api/contacts/2574_0"
        },
        "master" : {
          "href" : "http://localhost/api/contacts/2574_0/master"
        }
      }
    }, {
      "inputUserId" : "QSA",
      "lastUpdateUserId" : "QSA",
      "computerId" : "GLSVR171217",
      "lastSynchronizedDate" : null,
      "addressNumber" : "2575",
      "sequence" : 0,
      "name" : "Sobat Indo",
      "mailingName" : "Sobat Indo",
      "description" : "",
      "firstName" : "",
      "middleName" : "",
      "lastName" : "",
      "nickname" : "",
      "salutation" : "",
      "gender" : "",
      "type" : "C",
      "religion" : "",
      "dateOfBirth" : null,
      "placeOfBirth" : "",
      "socialSecurityNumber" : "",
      "socialSecurityDate" : null,
      "mediaObjectReference" : "",
      "lastUpdateDateTime" : "2017-12-17T00:00:00",
      "inputDateTime" : "2017-12-17T00:00:00",
      "_links" : {
        "self" : {
          "href" : "http://localhost/api/contacts/2575_0"
        },
        "contactPerson" : {
          "href" : "http://localhost/api/contacts/2575_0"
        },
        "master" : {
          "href" : "http://localhost/api/contacts/2575_0/master"
        }
      }
    }, {
      "inputUserId" : "QSA",
      "lastUpdateUserId" : "QSA",
      "computerId" : "GLSVR171217",
      "lastSynchronizedDate" : null,
      "addressNumber" : "2576",
      "sequence" : 0,
      "name" : "Soedarsono",
      "mailingName" : "Soedarsono",
      "description" : "",
      "firstName" : "",
      "middleName" : "",
      "lastName" : "",
      "nickname" : "",
      "salutation" : "",
      "gender" : "",
      "type" : "C",
      "religion" : "",
      "dateOfBirth" : null,
      "placeOfBirth" : "",
      "socialSecurityNumber" : "",
      "socialSecurityDate" : null,
      "mediaObjectReference" : "",
      "lastUpdateDateTime" : "2017-12-17T00:00:00",
      "inputDateTime" : "2017-12-17T00:00:00",
      "_links" : {
        "self" : {
          "href" : "http://localhost/api/contacts/2576_0"
        },
        "contactPerson" : {
          "href" : "http://localhost/api/contacts/2576_0"
        },
        "master" : {
          "href" : "http://localhost/api/contacts/2576_0/master"
        }
      }
    }, {
      "inputUserId" : "QSA",
      "lastUpdateUserId" : "QSA",
      "computerId" : "GLSVR171217",
      "lastSynchronizedDate" : null,
      "addressNumber" : "2577",
      "sequence" : 0,
      "name" : "Sofyan",
      "mailingName" : "Sofyan",
      "description" : "",
      "firstName" : "",
      "middleName" : "",
      "lastName" : "",
      "nickname" : "",
      "salutation" : "",
      "gender" : "",
      "type" : "C",
      "religion" : "",
      "dateOfBirth" : null,
      "placeOfBirth" : "",
      "socialSecurityNumber" : "",
      "socialSecurityDate" : null,
      "mediaObjectReference" : "",
      "lastUpdateDateTime" : "2017-12-17T00:00:00",
      "inputDateTime" : "2017-12-17T00:00:00",
      "_links" : {
        "self" : {
          "href" : "http://localhost/api/contacts/2577_0"
        },
        "contactPerson" : {
          "href" : "http://localhost/api/contacts/2577_0"
        },
        "master" : {
          "href" : "http://localhost/api/contacts/2577_0/master"
        }
      }
    }, {
      "inputUserId" : "QSA",
      "lastUpdateUserId" : "QSA",
      "computerId" : "GLSVR171217",
      "lastSynchronizedDate" : null,
      "addressNumber" : "2578",
      "sequence" : 0,
      "name" : "Soir",
      "mailingName" : "Soir",
      "description" : "",
      "firstName" : "",
      "middleName" : "",
      "lastName" : "",
      "nickname" : "",
      "salutation" : "",
      "gender" : "",
      "type" : "C",
      "religion" : "",
      "dateOfBirth" : null,
      "placeOfBirth" : "",
      "socialSecurityNumber" : "",
      "socialSecurityDate" : null,
      "mediaObjectReference" : "",
      "lastUpdateDateTime" : "2017-12-17T00:00:00",
      "inputDateTime" : "2017-12-17T00:00:00",
      "_links" : {
        "self" : {
          "href" : "http://localhost/api/contacts/2578_0"
        },
        "contactPerson" : {
          "href" : "http://localhost/api/contacts/2578_0"
        },
        "master" : {
          "href" : "http://localhost/api/contacts/2578_0/master"
        }
      }
    }, {
      "inputUserId" : "QSA",
      "lastUpdateUserId" : "QSA",
      "computerId" : "GLSVR171217",
      "lastSynchronizedDate" : null,
      "addressNumber" : "2579",
      "sequence" : 0,
      "name" : "Solid Pait",
      "mailingName" : "Solid Pait",
      "description" : "",
      "firstName" : "",
      "middleName" : "",
      "lastName" : "",
      "nickname" : "",
      "salutation" : "",
      "gender" : "",
      "type" : "C",
      "religion" : "",
      "dateOfBirth" : null,
      "placeOfBirth" : "",
      "socialSecurityNumber" : "",
      "socialSecurityDate" : null,
      "mediaObjectReference" : "",
      "lastUpdateDateTime" : "2017-12-17T00:00:00",
      "inputDateTime" : "2017-12-17T00:00:00",
      "_links" : {
        "self" : {
          "href" : "http://localhost/api/contacts/2579_0"
        },
        "contactPerson" : {
          "href" : "http://localhost/api/contacts/2579_0"
        },
        "master" : {
          "href" : "http://localhost/api/contacts/2579_0/master"
        }
      }
    }, {
      "inputUserId" : "QSA",
      "lastUpdateUserId" : "QSA",
      "computerId" : "GLSVR171217",
      "lastSynchronizedDate" : null,
      "addressNumber" : "2580",
      "sequence" : 0,
      "name" : "Solikin",
      "mailingName" : "Solikin",
      "description" : "",
      "firstName" : "",
      "middleName" : "",
      "lastName" : "",
      "nickname" : "",
      "salutation" : "",
      "gender" : "",
      "type" : "C",
      "religion" : "",
      "dateOfBirth" : null,
      "placeOfBirth" : "",
      "socialSecurityNumber" : "",
      "socialSecurityDate" : null,
      "mediaObjectReference" : "",
      "lastUpdateDateTime" : "2017-12-17T00:00:00",
      "inputDateTime" : "2017-12-17T00:00:00",
      "_links" : {
        "self" : {
          "href" : "http://localhost/api/contacts/2580_0"
        },
        "contactPerson" : {
          "href" : "http://localhost/api/contacts/2580_0"
        },
        "master" : {
          "href" : "http://localhost/api/contacts/2580_0/master"
        }
      }
    }, {
      "inputUserId" : "QSA",
      "lastUpdateUserId" : "QSA",
      "computerId" : "GLSVR171217",
      "lastSynchronizedDate" : null,
      "addressNumber" : "2581",
      "sequence" : 0,
      "name" : "Sonny",
      "mailingName" : "Sonny",
      "description" : "",
      "firstName" : "",
      "middleName" : "",
      "lastName" : "",
      "nickname" : "",
      "salutation" : "",
      "gender" : "",
      "type" : "C",
      "religion" : "",
      "dateOfBirth" : null,
      "placeOfBirth" : "",
      "socialSecurityNumber" : "",
      "socialSecurityDate" : null,
      "mediaObjectReference" : "",
      "lastUpdateDateTime" : "2017-12-17T00:00:00",
      "inputDateTime" : "2017-12-17T00:00:00",
      "_links" : {
        "self" : {
          "href" : "http://localhost/api/contacts/2581_0"
        },
        "contactPerson" : {
          "href" : "http://localhost/api/contacts/2581_0"
        },
        "master" : {
          "href" : "http://localhost/api/contacts/2581_0/master"
        }
      }
    }, {
      "inputUserId" : "QSA",
      "lastUpdateUserId" : "QSA",
      "computerId" : "GLSVR171217",
      "lastSynchronizedDate" : null,
      "addressNumber" : "2582",
      "sequence" : 0,
      "name" : "Soraya",
      "mailingName" : "Soraya",
      "description" : "",
      "firstName" : "",
      "middleName" : "",
      "lastName" : "",
      "nickname" : "",
      "salutation" : "",
      "gender" : "",
      "type" : "C",
      "religion" : "",
      "dateOfBirth" : null,
      "placeOfBirth" : "",
      "socialSecurityNumber" : "",
      "socialSecurityDate" : null,
      "mediaObjectReference" : "",
      "lastUpdateDateTime" : "2017-12-17T00:00:00",
      "inputDateTime" : "2017-12-17T00:00:00",
      "_links" : {
        "self" : {
          "href" : "http://localhost/api/contacts/2582_0"
        },
        "contactPerson" : {
          "href" : "http://localhost/api/contacts/2582_0"
        },
        "master" : {
          "href" : "http://localhost/api/contacts/2582_0/master"
        }
      }
    }, {
      "inputUserId" : "QSA",
      "lastUpdateUserId" : "QSA",
      "computerId" : "GLSVR171217",
      "lastSynchronizedDate" : null,
      "addressNumber" : "2583",
      "sequence" : 0,
      "name" : "SP Computer",
      "mailingName" : "SP Computer",
      "description" : "",
      "firstName" : "",
      "middleName" : "",
      "lastName" : "",
      "nickname" : "",
      "salutation" : "",
      "gender" : "",
      "type" : "C",
      "religion" : "",
      "dateOfBirth" : null,
      "placeOfBirth" : "",
      "socialSecurityNumber" : "",
      "socialSecurityDate" : null,
      "mediaObjectReference" : "",
      "lastUpdateDateTime" : "2017-12-17T00:00:00",
      "inputDateTime" : "2017-12-17T00:00:00",
      "_links" : {
        "self" : {
          "href" : "http://localhost/api/contacts/2583_0"
        },
        "contactPerson" : {
          "href" : "http://localhost/api/contacts/2583_0"
        },
        "master" : {
          "href" : "http://localhost/api/contacts/2583_0/master"
        }
      }
    }, {
      "inputUserId" : "QSA",
      "lastUpdateUserId" : "QSA",
      "computerId" : "GLSVR171217",
      "lastSynchronizedDate" : null,
      "addressNumber" : "2584",
      "sequence" : 0,
      "name" : "Sparkling Computer",
      "mailingName" : "Sparkling Computer",
      "description" : "",
      "firstName" : "",
      "middleName" : "",
      "lastName" : "",
      "nickname" : "",
      "salutation" : "",
      "gender" : "",
      "type" : "C",
      "religion" : "",
      "dateOfBirth" : null,
      "placeOfBirth" : "",
      "socialSecurityNumber" : "",
      "socialSecurityDate" : null,
      "mediaObjectReference" : "",
      "lastUpdateDateTime" : "2017-12-17T00:00:00",
      "inputDateTime" : "2017-12-17T00:00:00",
      "_links" : {
        "self" : {
          "href" : "http://localhost/api/contacts/2584_0"
        },
        "contactPerson" : {
          "href" : "http://localhost/api/contacts/2584_0"
        },
        "master" : {
          "href" : "http://localhost/api/contacts/2584_0/master"
        }
      }
    }, {
      "inputUserId" : "QSA",
      "lastUpdateUserId" : "QSA",
      "computerId" : "GLSVR171217",
      "lastSynchronizedDate" : null,
      "addressNumber" : "2585",
      "sequence" : 0,
      "name" : "Speed Comp",
      "mailingName" : "Speed Comp",
      "description" : "",
      "firstName" : "",
      "middleName" : "",
      "lastName" : "",
      "nickname" : "",
      "salutation" : "",
      "gender" : "",
      "type" : "C",
      "religion" : "",
      "dateOfBirth" : null,
      "placeOfBirth" : "",
      "socialSecurityNumber" : "",
      "socialSecurityDate" : null,
      "mediaObjectReference" : "",
      "lastUpdateDateTime" : "2017-12-17T00:00:00",
      "inputDateTime" : "2017-12-17T00:00:00",
      "_links" : {
        "self" : {
          "href" : "http://localhost/api/contacts/2585_0"
        },
        "contactPerson" : {
          "href" : "http://localhost/api/contacts/2585_0"
        },
        "master" : {
          "href" : "http://localhost/api/contacts/2585_0/master"
        }
      }
    }, {
      "inputUserId" : "QSA",
      "lastUpdateUserId" : "QSA",
      "computerId" : "GLSVR171217",
      "lastSynchronizedDate" : null,
      "addressNumber" : "2586",
      "sequence" : 0,
      "name" : "SPJ Comp",
      "mailingName" : "SPJ Comp",
      "description" : "",
      "firstName" : "",
      "middleName" : "",
      "lastName" : "",
      "nickname" : "",
      "salutation" : "",
      "gender" : "",
      "type" : "C",
      "religion" : "",
      "dateOfBirth" : null,
      "placeOfBirth" : "",
      "socialSecurityNumber" : "",
      "socialSecurityDate" : null,
      "mediaObjectReference" : "",
      "lastUpdateDateTime" : "2017-12-17T00:00:00",
      "inputDateTime" : "2017-12-17T00:00:00",
      "_links" : {
        "self" : {
          "href" : "http://localhost/api/contacts/2586_0"
        },
        "contactPerson" : {
          "href" : "http://localhost/api/contacts/2586_0"
        },
        "master" : {
          "href" : "http://localhost/api/contacts/2586_0/master"
        }
      }
    }, {
      "inputUserId" : "QSA",
      "lastUpdateUserId" : "QSA",
      "computerId" : "GLSVR171217",
      "lastSynchronizedDate" : null,
      "addressNumber" : "2587",
      "sequence" : 0,
      "name" : "Sri Sundari",
      "mailingName" : "Sri Sundari",
      "description" : "",
      "firstName" : "",
      "middleName" : "",
      "lastName" : "",
      "nickname" : "",
      "salutation" : "",
      "gender" : "",
      "type" : "C",
      "religion" : "",
      "dateOfBirth" : null,
      "placeOfBirth" : "",
      "socialSecurityNumber" : "",
      "socialSecurityDate" : null,
      "mediaObjectReference" : "",
      "lastUpdateDateTime" : "2017-12-17T00:00:00",
      "inputDateTime" : "2017-12-17T00:00:00",
      "_links" : {
        "self" : {
          "href" : "http://localhost/api/contacts/2587_0"
        },
        "contactPerson" : {
          "href" : "http://localhost/api/contacts/2587_0"
        },
        "master" : {
          "href" : "http://localhost/api/contacts/2587_0/master"
        }
      }
    }, {
      "inputUserId" : "QSA",
      "lastUpdateUserId" : "QSA",
      "computerId" : "GLSVR171217",
      "lastSynchronizedDate" : null,
      "addressNumber" : "2588",
      "sequence" : 0,
      "name" : "Sri Wahyuningsih",
      "mailingName" : "Sri Wahyuningsih",
      "description" : "",
      "firstName" : "",
      "middleName" : "",
      "lastName" : "",
      "nickname" : "",
      "salutation" : "",
      "gender" : "",
      "type" : "C",
      "religion" : "",
      "dateOfBirth" : null,
      "placeOfBirth" : "",
      "socialSecurityNumber" : "",
      "socialSecurityDate" : null,
      "mediaObjectReference" : "",
      "lastUpdateDateTime" : "2017-12-17T00:00:00",
      "inputDateTime" : "2017-12-17T00:00:00",
      "_links" : {
        "self" : {
          "href" : "http://localhost/api/contacts/2588_0"
        },
        "contactPerson" : {
          "href" : "http://localhost/api/contacts/2588_0"
        },
        "master" : {
          "href" : "http://localhost/api/contacts/2588_0/master"
        }
      }
    }, {
      "inputUserId" : "QSA",
      "lastUpdateUserId" : "QSA",
      "computerId" : "GLSVR171217",
      "lastSynchronizedDate" : null,
      "addressNumber" : "2589",
      "sequence" : 0,
      "name" : "Ssp",
      "mailingName" : "Ssp",
      "description" : "",
      "firstName" : "",
      "middleName" : "",
      "lastName" : "",
      "nickname" : "",
      "salutation" : "",
      "gender" : "",
      "type" : "C",
      "religion" : "",
      "dateOfBirth" : null,
      "placeOfBirth" : "",
      "socialSecurityNumber" : "",
      "socialSecurityDate" : null,
      "mediaObjectReference" : "",
      "lastUpdateDateTime" : "2017-12-17T00:00:00",
      "inputDateTime" : "2017-12-17T00:00:00",
      "_links" : {
        "self" : {
          "href" : "http://localhost/api/contacts/2589_0"
        },
        "contactPerson" : {
          "href" : "http://localhost/api/contacts/2589_0"
        },
        "master" : {
          "href" : "http://localhost/api/contacts/2589_0/master"
        }
      }
    }, {
      "inputUserId" : "QSA",
      "lastUpdateUserId" : "QSA",
      "computerId" : "GLSVR171217",
      "lastSynchronizedDate" : null,
      "addressNumber" : "2590",
      "sequence" : 0,
      "name" : "Star Com",
      "mailingName" : "Star Com",
      "description" : "",
      "firstName" : "",
      "middleName" : "",
      "lastName" : "",
      "nickname" : "",
      "salutation" : "",
      "gender" : "",
      "type" : "C",
      "religion" : "",
      "dateOfBirth" : null,
      "placeOfBirth" : "",
      "socialSecurityNumber" : "",
      "socialSecurityDate" : null,
      "mediaObjectReference" : "",
      "lastUpdateDateTime" : "2017-12-17T00:00:00",
      "inputDateTime" : "2017-12-17T00:00:00",
      "_links" : {
        "self" : {
          "href" : "http://localhost/api/contacts/2590_0"
        },
        "contactPerson" : {
          "href" : "http://localhost/api/contacts/2590_0"
        },
        "master" : {
          "href" : "http://localhost/api/contacts/2590_0/master"
        }
      }
    }, {
      "inputUserId" : "QSA",
      "lastUpdateUserId" : "QSA",
      "computerId" : "GLSVR171217",
      "lastSynchronizedDate" : null,
      "addressNumber" : "2591",
      "sequence" : 0,
      "name" : "Station Komputer",
      "mailingName" : "Station Komputer",
      "description" : "",
      "firstName" : "",
      "middleName" : "",
      "lastName" : "",
      "nickname" : "",
      "salutation" : "",
      "gender" : "",
      "type" : "C",
      "religion" : "",
      "dateOfBirth" : null,
      "placeOfBirth" : "",
      "socialSecurityNumber" : "",
      "socialSecurityDate" : null,
      "mediaObjectReference" : "",
      "lastUpdateDateTime" : "2017-12-17T00:00:00",
      "inputDateTime" : "2017-12-17T00:00:00",
      "_links" : {
        "self" : {
          "href" : "http://localhost/api/contacts/2591_0"
        },
        "contactPerson" : {
          "href" : "http://localhost/api/contacts/2591_0"
        },
        "master" : {
          "href" : "http://localhost/api/contacts/2591_0/master"
        }
      }
    }, {
      "inputUserId" : "QSA",
      "lastUpdateUserId" : "QSA",
      "computerId" : "GLSVR171217",
      "lastSynchronizedDate" : null,
      "addressNumber" : "2592",
      "sequence" : 0,
      "name" : "Steffanus",
      "mailingName" : "Steffanus",
      "description" : "",
      "firstName" : "",
      "middleName" : "",
      "lastName" : "",
      "nickname" : "",
      "salutation" : "",
      "gender" : "",
      "type" : "C",
      "religion" : "",
      "dateOfBirth" : null,
      "placeOfBirth" : "",
      "socialSecurityNumber" : "",
      "socialSecurityDate" : null,
      "mediaObjectReference" : "",
      "lastUpdateDateTime" : "2017-12-17T00:00:00",
      "inputDateTime" : "2017-12-17T00:00:00",
      "_links" : {
        "self" : {
          "href" : "http://localhost/api/contacts/2592_0"
        },
        "contactPerson" : {
          "href" : "http://localhost/api/contacts/2592_0"
        },
        "master" : {
          "href" : "http://localhost/api/contacts/2592_0/master"
        }
      }
    }, {
      "inputUserId" : "QSA",
      "lastUpdateUserId" : "QSA",
      "computerId" : "GLSVR171217",
      "lastSynchronizedDate" : null,
      "addressNumber" : "2593",
      "sequence" : 0,
      "name" : "Stevany",
      "mailingName" : "Stevany",
      "description" : "",
      "firstName" : "",
      "middleName" : "",
      "lastName" : "",
      "nickname" : "",
      "salutation" : "",
      "gender" : "",
      "type" : "C",
      "religion" : "",
      "dateOfBirth" : null,
      "placeOfBirth" : "",
      "socialSecurityNumber" : "",
      "socialSecurityDate" : null,
      "mediaObjectReference" : "",
      "lastUpdateDateTime" : "2017-12-17T00:00:00",
      "inputDateTime" : "2017-12-17T00:00:00",
      "_links" : {
        "self" : {
          "href" : "http://localhost/api/contacts/2593_0"
        },
        "contactPerson" : {
          "href" : "http://localhost/api/contacts/2593_0"
        },
        "master" : {
          "href" : "http://localhost/api/contacts/2593_0/master"
        }
      }
    }, {
      "inputUserId" : "QSA",
      "lastUpdateUserId" : "QSA",
      "computerId" : "GLSVR171217",
      "lastSynchronizedDate" : null,
      "addressNumber" : "2594",
      "sequence" : 0,
      "name" : "Steve",
      "mailingName" : "Steve",
      "description" : "",
      "firstName" : "",
      "middleName" : "",
      "lastName" : "",
      "nickname" : "",
      "salutation" : "",
      "gender" : "",
      "type" : "C",
      "religion" : "",
      "dateOfBirth" : null,
      "placeOfBirth" : "",
      "socialSecurityNumber" : "",
      "socialSecurityDate" : null,
      "mediaObjectReference" : "",
      "lastUpdateDateTime" : "2017-12-17T00:00:00",
      "inputDateTime" : "2017-12-17T00:00:00",
      "_links" : {
        "self" : {
          "href" : "http://localhost/api/contacts/2594_0"
        },
        "contactPerson" : {
          "href" : "http://localhost/api/contacts/2594_0"
        },
        "master" : {
          "href" : "http://localhost/api/contacts/2594_0/master"
        }
      }
    }, {
      "inputUserId" : "QSA",
      "lastUpdateUserId" : "QSA",
      "computerId" : "GLSVR171217",
      "lastSynchronizedDate" : null,
      "addressNumber" : "2595",
      "sequence" : 0,
      "name" : "Steven",
      "mailingName" : "Steven",
      "description" : "",
      "firstName" : "",
      "middleName" : "",
      "lastName" : "",
      "nickname" : "",
      "salutation" : "",
      "gender" : "",
      "type" : "C",
      "religion" : "",
      "dateOfBirth" : null,
      "placeOfBirth" : "",
      "socialSecurityNumber" : "",
      "socialSecurityDate" : null,
      "mediaObjectReference" : "",
      "lastUpdateDateTime" : "2017-12-17T00:00:00",
      "inputDateTime" : "2017-12-17T00:00:00",
      "_links" : {
        "self" : {
          "href" : "http://localhost/api/contacts/2595_0"
        },
        "contactPerson" : {
          "href" : "http://localhost/api/contacts/2595_0"
        },
        "master" : {
          "href" : "http://localhost/api/contacts/2595_0/master"
        }
      }
    }, {
      "inputUserId" : "QSA",
      "lastUpdateUserId" : "QSA",
      "computerId" : "GLSVR171217",
      "lastSynchronizedDate" : null,
      "addressNumber" : "2596",
      "sequence" : 0,
      "name" : "Strato Com",
      "mailingName" : "Strato Com",
      "description" : "",
      "firstName" : "",
      "middleName" : "",
      "lastName" : "",
      "nickname" : "",
      "salutation" : "",
      "gender" : "",
      "type" : "C",
      "religion" : "",
      "dateOfBirth" : null,
      "placeOfBirth" : "",
      "socialSecurityNumber" : "",
      "socialSecurityDate" : null,
      "mediaObjectReference" : "",
      "lastUpdateDateTime" : "2017-12-17T00:00:00",
      "inputDateTime" : "2017-12-17T00:00:00",
      "_links" : {
        "self" : {
          "href" : "http://localhost/api/contacts/2596_0"
        },
        "contactPerson" : {
          "href" : "http://localhost/api/contacts/2596_0"
        },
        "master" : {
          "href" : "http://localhost/api/contacts/2596_0/master"
        }
      }
    }, {
      "inputUserId" : "QSA",
      "lastUpdateUserId" : "QSA",
      "computerId" : "GLSVR171217",
      "lastSynchronizedDate" : null,
      "addressNumber" : "2597",
      "sequence" : 0,
      "name" : "Sugeng",
      "mailingName" : "Sugeng",
      "description" : "",
      "firstName" : "",
      "middleName" : "",
      "lastName" : "",
      "nickname" : "",
      "salutation" : "",
      "gender" : "",
      "type" : "C",
      "religion" : "",
      "dateOfBirth" : null,
      "placeOfBirth" : "",
      "socialSecurityNumber" : "",
      "socialSecurityDate" : null,
      "mediaObjectReference" : "",
      "lastUpdateDateTime" : "2017-12-17T00:00:00",
      "inputDateTime" : "2017-12-17T00:00:00",
      "_links" : {
        "self" : {
          "href" : "http://localhost/api/contacts/2597_0"
        },
        "contactPerson" : {
          "href" : "http://localhost/api/contacts/2597_0"
        },
        "master" : {
          "href" : "http://localhost/api/contacts/2597_0/master"
        }
      }
    }, {
      "inputUserId" : "QSA",
      "lastUpdateUserId" : "QSA",
      "computerId" : "GLSVR171217",
      "lastSynchronizedDate" : null,
      "addressNumber" : "2598",
      "sequence" : 0,
      "name" : "Sugiarto",
      "mailingName" : "Sugiarto",
      "description" : "",
      "firstName" : "",
      "middleName" : "",
      "lastName" : "",
      "nickname" : "",
      "salutation" : "",
      "gender" : "",
      "type" : "C",
      "religion" : "",
      "dateOfBirth" : null,
      "placeOfBirth" : "",
      "socialSecurityNumber" : "",
      "socialSecurityDate" : null,
      "mediaObjectReference" : "",
      "lastUpdateDateTime" : "2017-12-17T00:00:00",
      "inputDateTime" : "2017-12-17T00:00:00",
      "_links" : {
        "self" : {
          "href" : "http://localhost/api/contacts/2598_0"
        },
        "contactPerson" : {
          "href" : "http://localhost/api/contacts/2598_0"
        },
        "master" : {
          "href" : "http://localhost/api/contacts/2598_0/master"
        }
      }
    }, {
      "inputUserId" : "QSA",
      "lastUpdateUserId" : "QSA",
      "computerId" : "GLSVR171217",
      "lastSynchronizedDate" : null,
      "addressNumber" : "2599",
      "sequence" : 0,
      "name" : "Sugiono",
      "mailingName" : "Sugiono",
      "description" : "",
      "firstName" : "",
      "middleName" : "",
      "lastName" : "",
      "nickname" : "",
      "salutation" : "",
      "gender" : "",
      "type" : "C",
      "religion" : "",
      "dateOfBirth" : null,
      "placeOfBirth" : "",
      "socialSecurityNumber" : "",
      "socialSecurityDate" : null,
      "mediaObjectReference" : "",
      "lastUpdateDateTime" : "2017-12-17T00:00:00",
      "inputDateTime" : "2017-12-17T00:00:00",
      "_links" : {
        "self" : {
          "href" : "http://localhost/api/contacts/2599_0"
        },
        "contactPerson" : {
          "href" : "http://localhost/api/contacts/2599_0"
        },
        "master" : {
          "href" : "http://localhost/api/contacts/2599_0/master"
        }
      }
    }, {
      "inputUserId" : "QSA",
      "lastUpdateUserId" : "QSA",
      "computerId" : "GLSVR171217",
      "lastSynchronizedDate" : null,
      "addressNumber" : "2600",
      "sequence" : 0,
      "name" : "Suhadi",
      "mailingName" : "Suhadi",
      "description" : "",
      "firstName" : "",
      "middleName" : "",
      "lastName" : "",
      "nickname" : "",
      "salutation" : "",
      "gender" : "",
      "type" : "C",
      "religion" : "",
      "dateOfBirth" : null,
      "placeOfBirth" : "",
      "socialSecurityNumber" : "",
      "socialSecurityDate" : null,
      "mediaObjectReference" : "",
      "lastUpdateDateTime" : "2017-12-17T00:00:00",
      "inputDateTime" : "2017-12-17T00:00:00",
      "_links" : {
        "self" : {
          "href" : "http://localhost/api/contacts/2600_0"
        },
        "contactPerson" : {
          "href" : "http://localhost/api/contacts/2600_0"
        },
        "master" : {
          "href" : "http://localhost/api/contacts/2600_0/master"
        }
      }
    }, {
      "inputUserId" : "QSA",
      "lastUpdateUserId" : "QSA",
      "computerId" : "GLSVR171217",
      "lastSynchronizedDate" : null,
      "addressNumber" : "2601",
      "sequence" : 0,
      "name" : "Suharto",
      "mailingName" : "Suharto",
      "description" : "",
      "firstName" : "",
      "middleName" : "",
      "lastName" : "",
      "nickname" : "",
      "salutation" : "",
      "gender" : "",
      "type" : "C",
      "religion" : "",
      "dateOfBirth" : null,
      "placeOfBirth" : "",
      "socialSecurityNumber" : "",
      "socialSecurityDate" : null,
      "mediaObjectReference" : "",
      "lastUpdateDateTime" : "2017-12-17T00:00:00",
      "inputDateTime" : "2017-12-17T00:00:00",
      "_links" : {
        "self" : {
          "href" : "http://localhost/api/contacts/2601_0"
        },
        "contactPerson" : {
          "href" : "http://localhost/api/contacts/2601_0"
        },
        "master" : {
          "href" : "http://localhost/api/contacts/2601_0/master"
        }
      }
    }, {
      "inputUserId" : "QSA",
      "lastUpdateUserId" : "QSA",
      "computerId" : "GLSVR171217",
      "lastSynchronizedDate" : null,
      "addressNumber" : "2602",
      "sequence" : 0,
      "name" : "Sukari",
      "mailingName" : "Sukari",
      "description" : "",
      "firstName" : "",
      "middleName" : "",
      "lastName" : "",
      "nickname" : "",
      "salutation" : "",
      "gender" : "",
      "type" : "C",
      "religion" : "",
      "dateOfBirth" : null,
      "placeOfBirth" : "",
      "socialSecurityNumber" : "",
      "socialSecurityDate" : null,
      "mediaObjectReference" : "",
      "lastUpdateDateTime" : "2017-12-17T00:00:00",
      "inputDateTime" : "2017-12-17T00:00:00",
      "_links" : {
        "self" : {
          "href" : "http://localhost/api/contacts/2602_0"
        },
        "contactPerson" : {
          "href" : "http://localhost/api/contacts/2602_0"
        },
        "master" : {
          "href" : "http://localhost/api/contacts/2602_0/master"
        }
      }
    }, {
      "inputUserId" : "QSA",
      "lastUpdateUserId" : "QSA",
      "computerId" : "GLSVR171217",
      "lastSynchronizedDate" : null,
      "addressNumber" : "2603",
      "sequence" : 0,
      "name" : "Suliha",
      "mailingName" : "Suliha",
      "description" : "",
      "firstName" : "",
      "middleName" : "",
      "lastName" : "",
      "nickname" : "",
      "salutation" : "",
      "gender" : "",
      "type" : "C",
      "religion" : "",
      "dateOfBirth" : null,
      "placeOfBirth" : "",
      "socialSecurityNumber" : "",
      "socialSecurityDate" : null,
      "mediaObjectReference" : "",
      "lastUpdateDateTime" : "2017-12-17T00:00:00",
      "inputDateTime" : "2017-12-17T00:00:00",
      "_links" : {
        "self" : {
          "href" : "http://localhost/api/contacts/2603_0"
        },
        "contactPerson" : {
          "href" : "http://localhost/api/contacts/2603_0"
        },
        "master" : {
          "href" : "http://localhost/api/contacts/2603_0/master"
        }
      }
    }, {
      "inputUserId" : "QSA",
      "lastUpdateUserId" : "QSA",
      "computerId" : "GLSVR171217",
      "lastSynchronizedDate" : null,
      "addressNumber" : "2604",
      "sequence" : 0,
      "name" : "Sumber Jaya",
      "mailingName" : "Sumber Jaya",
      "description" : "",
      "firstName" : "",
      "middleName" : "",
      "lastName" : "",
      "nickname" : "",
      "salutation" : "",
      "gender" : "",
      "type" : "C",
      "religion" : "",
      "dateOfBirth" : null,
      "placeOfBirth" : "",
      "socialSecurityNumber" : "",
      "socialSecurityDate" : null,
      "mediaObjectReference" : "",
      "lastUpdateDateTime" : "2017-12-17T00:00:00",
      "inputDateTime" : "2017-12-17T00:00:00",
      "_links" : {
        "self" : {
          "href" : "http://localhost/api/contacts/2604_0"
        },
        "contactPerson" : {
          "href" : "http://localhost/api/contacts/2604_0"
        },
        "master" : {
          "href" : "http://localhost/api/contacts/2604_0/master"
        }
      }
    }, {
      "inputUserId" : "QSA",
      "lastUpdateUserId" : "QSA",
      "computerId" : "GLSVR171217",
      "lastSynchronizedDate" : null,
      "addressNumber" : "2605",
      "sequence" : 0,
      "name" : "Sumber Jaya Pratama",
      "mailingName" : "Sumber Jaya Pratama",
      "description" : "",
      "firstName" : "",
      "middleName" : "",
      "lastName" : "",
      "nickname" : "",
      "salutation" : "",
      "gender" : "",
      "type" : "C",
      "religion" : "",
      "dateOfBirth" : null,
      "placeOfBirth" : "",
      "socialSecurityNumber" : "",
      "socialSecurityDate" : null,
      "mediaObjectReference" : "",
      "lastUpdateDateTime" : "2017-12-17T00:00:00",
      "inputDateTime" : "2017-12-17T00:00:00",
      "_links" : {
        "self" : {
          "href" : "http://localhost/api/contacts/2605_0"
        },
        "contactPerson" : {
          "href" : "http://localhost/api/contacts/2605_0"
        },
        "master" : {
          "href" : "http://localhost/api/contacts/2605_0/master"
        }
      }
    }, {
      "inputUserId" : "QSA",
      "lastUpdateUserId" : "QSA",
      "computerId" : "GLSVR171217",
      "lastSynchronizedDate" : null,
      "addressNumber" : "2606",
      "sequence" : 0,
      "name" : "Sumber Urip.Com",
      "mailingName" : "Sumber Urip.Com",
      "description" : "",
      "firstName" : "",
      "middleName" : "",
      "lastName" : "",
      "nickname" : "",
      "salutation" : "",
      "gender" : "",
      "type" : "C",
      "religion" : "",
      "dateOfBirth" : null,
      "placeOfBirth" : "",
      "socialSecurityNumber" : "",
      "socialSecurityDate" : null,
      "mediaObjectReference" : "",
      "lastUpdateDateTime" : "2017-12-17T00:00:00",
      "inputDateTime" : "2017-12-17T00:00:00",
      "_links" : {
        "self" : {
          "href" : "http://localhost/api/contacts/2606_0"
        },
        "contactPerson" : {
          "href" : "http://localhost/api/contacts/2606_0"
        },
        "master" : {
          "href" : "http://localhost/api/contacts/2606_0/master"
        }
      }
    }, {
      "inputUserId" : "QSA",
      "lastUpdateUserId" : "QSA",
      "computerId" : "GLSVR171217",
      "lastSynchronizedDate" : null,
      "addressNumber" : "2607",
      "sequence" : 0,
      "name" : "Sun Galeri",
      "mailingName" : "Sun Galeri",
      "description" : "",
      "firstName" : "",
      "middleName" : "",
      "lastName" : "",
      "nickname" : "",
      "salutation" : "",
      "gender" : "",
      "type" : "C",
      "religion" : "",
      "dateOfBirth" : null,
      "placeOfBirth" : "",
      "socialSecurityNumber" : "",
      "socialSecurityDate" : null,
      "mediaObjectReference" : "",
      "lastUpdateDateTime" : "2017-12-17T00:00:00",
      "inputDateTime" : "2017-12-17T00:00:00",
      "_links" : {
        "self" : {
          "href" : "http://localhost/api/contacts/2607_0"
        },
        "contactPerson" : {
          "href" : "http://localhost/api/contacts/2607_0"
        },
        "master" : {
          "href" : "http://localhost/api/contacts/2607_0/master"
        }
      }
    }, {
      "inputUserId" : "QSA",
      "lastUpdateUserId" : "QSA",
      "computerId" : "GLSVR171217",
      "lastSynchronizedDate" : null,
      "addressNumber" : "2608",
      "sequence" : 0,
      "name" : "Sunarmi",
      "mailingName" : "Sunarmi",
      "description" : "",
      "firstName" : "",
      "middleName" : "",
      "lastName" : "",
      "nickname" : "",
      "salutation" : "",
      "gender" : "",
      "type" : "C",
      "religion" : "",
      "dateOfBirth" : null,
      "placeOfBirth" : "",
      "socialSecurityNumber" : "",
      "socialSecurityDate" : null,
      "mediaObjectReference" : "",
      "lastUpdateDateTime" : "2017-12-17T00:00:00",
      "inputDateTime" : "2017-12-17T00:00:00",
      "_links" : {
        "self" : {
          "href" : "http://localhost/api/contacts/2608_0"
        },
        "contactPerson" : {
          "href" : "http://localhost/api/contacts/2608_0"
        },
        "master" : {
          "href" : "http://localhost/api/contacts/2608_0/master"
        }
      }
    }, {
      "inputUserId" : "QSA",
      "lastUpdateUserId" : "QSA",
      "computerId" : "GLSVR171217",
      "lastSynchronizedDate" : null,
      "addressNumber" : "2609",
      "sequence" : 0,
      "name" : "Sunaryo",
      "mailingName" : "Sunaryo",
      "description" : "",
      "firstName" : "",
      "middleName" : "",
      "lastName" : "",
      "nickname" : "",
      "salutation" : "",
      "gender" : "",
      "type" : "C",
      "religion" : "",
      "dateOfBirth" : null,
      "placeOfBirth" : "",
      "socialSecurityNumber" : "",
      "socialSecurityDate" : null,
      "mediaObjectReference" : "",
      "lastUpdateDateTime" : "2017-12-17T00:00:00",
      "inputDateTime" : "2017-12-17T00:00:00",
      "_links" : {
        "self" : {
          "href" : "http://localhost/api/contacts/2609_0"
        },
        "contactPerson" : {
          "href" : "http://localhost/api/contacts/2609_0"
        },
        "master" : {
          "href" : "http://localhost/api/contacts/2609_0/master"
        }
      }
    }, {
      "inputUserId" : "QSA",
      "lastUpdateUserId" : "QSA",
      "computerId" : "GLSVR171217",
      "lastSynchronizedDate" : null,
      "addressNumber" : "2610",
      "sequence" : 0,
      "name" : "Sunly",
      "mailingName" : "Sunly",
      "description" : "",
      "firstName" : "",
      "middleName" : "",
      "lastName" : "",
      "nickname" : "",
      "salutation" : "",
      "gender" : "",
      "type" : "C",
      "religion" : "",
      "dateOfBirth" : null,
      "placeOfBirth" : "",
      "socialSecurityNumber" : "",
      "socialSecurityDate" : null,
      "mediaObjectReference" : "",
      "lastUpdateDateTime" : "2017-12-17T00:00:00",
      "inputDateTime" : "2017-12-17T00:00:00",
      "_links" : {
        "self" : {
          "href" : "http://localhost/api/contacts/2610_0"
        },
        "contactPerson" : {
          "href" : "http://localhost/api/contacts/2610_0"
        },
        "master" : {
          "href" : "http://localhost/api/contacts/2610_0/master"
        }
      }
    }, {
      "inputUserId" : "QSA",
      "lastUpdateUserId" : "QSA",
      "computerId" : "GLSVR171217",
      "lastSynchronizedDate" : null,
      "addressNumber" : "2611",
      "sequence" : 0,
      "name" : "Sunly Comp",
      "mailingName" : "Sunly Comp",
      "description" : "",
      "firstName" : "",
      "middleName" : "",
      "lastName" : "",
      "nickname" : "",
      "salutation" : "",
      "gender" : "",
      "type" : "C",
      "religion" : "",
      "dateOfBirth" : null,
      "placeOfBirth" : "",
      "socialSecurityNumber" : "",
      "socialSecurityDate" : null,
      "mediaObjectReference" : "",
      "lastUpdateDateTime" : "2017-12-17T00:00:00",
      "inputDateTime" : "2017-12-17T00:00:00",
      "_links" : {
        "self" : {
          "href" : "http://localhost/api/contacts/2611_0"
        },
        "contactPerson" : {
          "href" : "http://localhost/api/contacts/2611_0"
        },
        "master" : {
          "href" : "http://localhost/api/contacts/2611_0/master"
        }
      }
    }, {
      "inputUserId" : "QSA",
      "lastUpdateUserId" : "QSA",
      "computerId" : "GLSVR171217",
      "lastSynchronizedDate" : null,
      "addressNumber" : "2612",
      "sequence" : 0,
      "name" : "Sunny",
      "mailingName" : "Sunny",
      "description" : "",
      "firstName" : "",
      "middleName" : "",
      "lastName" : "",
      "nickname" : "",
      "salutation" : "",
      "gender" : "",
      "type" : "C",
      "religion" : "",
      "dateOfBirth" : null,
      "placeOfBirth" : "",
      "socialSecurityNumber" : "",
      "socialSecurityDate" : null,
      "mediaObjectReference" : "",
      "lastUpdateDateTime" : "2017-12-17T00:00:00",
      "inputDateTime" : "2017-12-17T00:00:00",
      "_links" : {
        "self" : {
          "href" : "http://localhost/api/contacts/2612_0"
        },
        "contactPerson" : {
          "href" : "http://localhost/api/contacts/2612_0"
        },
        "master" : {
          "href" : "http://localhost/api/contacts/2612_0/master"
        }
      }
    }, {
      "inputUserId" : "QSA",
      "lastUpdateUserId" : "QSA",
      "computerId" : "GLSVR171217",
      "lastSynchronizedDate" : null,
      "addressNumber" : "2613",
      "sequence" : 0,
      "name" : "Sunta Motor",
      "mailingName" : "Sunta Motor",
      "description" : "",
      "firstName" : "",
      "middleName" : "",
      "lastName" : "",
      "nickname" : "",
      "salutation" : "",
      "gender" : "",
      "type" : "C",
      "religion" : "",
      "dateOfBirth" : null,
      "placeOfBirth" : "",
      "socialSecurityNumber" : "",
      "socialSecurityDate" : null,
      "mediaObjectReference" : "",
      "lastUpdateDateTime" : "2017-12-17T00:00:00",
      "inputDateTime" : "2017-12-17T00:00:00",
      "_links" : {
        "self" : {
          "href" : "http://localhost/api/contacts/2613_0"
        },
        "contactPerson" : {
          "href" : "http://localhost/api/contacts/2613_0"
        },
        "master" : {
          "href" : "http://localhost/api/contacts/2613_0/master"
        }
      }
    }, {
      "inputUserId" : "QSA",
      "lastUpdateUserId" : "QSA",
      "computerId" : "GLSVR171217",
      "lastSynchronizedDate" : null,
      "addressNumber" : "2614",
      "sequence" : 0,
      "name" : "Supardi",
      "mailingName" : "Supardi",
      "description" : "",
      "firstName" : "",
      "middleName" : "",
      "lastName" : "",
      "nickname" : "",
      "salutation" : "",
      "gender" : "",
      "type" : "C",
      "religion" : "",
      "dateOfBirth" : null,
      "placeOfBirth" : "",
      "socialSecurityNumber" : "",
      "socialSecurityDate" : null,
      "mediaObjectReference" : "",
      "lastUpdateDateTime" : "2017-12-17T00:00:00",
      "inputDateTime" : "2017-12-17T00:00:00",
      "_links" : {
        "self" : {
          "href" : "http://localhost/api/contacts/2614_0"
        },
        "contactPerson" : {
          "href" : "http://localhost/api/contacts/2614_0"
        },
        "master" : {
          "href" : "http://localhost/api/contacts/2614_0/master"
        }
      }
    }, {
      "inputUserId" : "QSA",
      "lastUpdateUserId" : "QSA",
      "computerId" : "GLSVR171217",
      "lastSynchronizedDate" : null,
      "addressNumber" : "2615",
      "sequence" : 0,
      "name" : "Supriadi",
      "mailingName" : "Supriadi",
      "description" : "",
      "firstName" : "",
      "middleName" : "",
      "lastName" : "",
      "nickname" : "",
      "salutation" : "",
      "gender" : "",
      "type" : "C",
      "religion" : "",
      "dateOfBirth" : null,
      "placeOfBirth" : "",
      "socialSecurityNumber" : "",
      "socialSecurityDate" : null,
      "mediaObjectReference" : "",
      "lastUpdateDateTime" : "2017-12-17T00:00:00",
      "inputDateTime" : "2017-12-17T00:00:00",
      "_links" : {
        "self" : {
          "href" : "http://localhost/api/contacts/2615_0"
        },
        "contactPerson" : {
          "href" : "http://localhost/api/contacts/2615_0"
        },
        "master" : {
          "href" : "http://localhost/api/contacts/2615_0/master"
        }
      }
    }, {
      "inputUserId" : "QSA",
      "lastUpdateUserId" : "QSA",
      "computerId" : "GLSVR171217",
      "lastSynchronizedDate" : null,
      "addressNumber" : "2616",
      "sequence" : 0,
      "name" : "Surabaya Com",
      "mailingName" : "Surabaya Com",
      "description" : "",
      "firstName" : "",
      "middleName" : "",
      "lastName" : "",
      "nickname" : "",
      "salutation" : "",
      "gender" : "",
      "type" : "C",
      "religion" : "",
      "dateOfBirth" : null,
      "placeOfBirth" : "",
      "socialSecurityNumber" : "",
      "socialSecurityDate" : null,
      "mediaObjectReference" : "",
      "lastUpdateDateTime" : "2017-12-17T00:00:00",
      "inputDateTime" : "2017-12-17T00:00:00",
      "_links" : {
        "self" : {
          "href" : "http://localhost/api/contacts/2616_0"
        },
        "contactPerson" : {
          "href" : "http://localhost/api/contacts/2616_0"
        },
        "master" : {
          "href" : "http://localhost/api/contacts/2616_0/master"
        }
      }
    }, {
      "inputUserId" : "QSA",
      "lastUpdateUserId" : "QSA",
      "computerId" : "GLSVR171217",
      "lastSynchronizedDate" : null,
      "addressNumber" : "2617",
      "sequence" : 0,
      "name" : "Surahman",
      "mailingName" : "Surahman",
      "description" : "",
      "firstName" : "",
      "middleName" : "",
      "lastName" : "",
      "nickname" : "",
      "salutation" : "",
      "gender" : "",
      "type" : "C",
      "religion" : "",
      "dateOfBirth" : null,
      "placeOfBirth" : "",
      "socialSecurityNumber" : "",
      "socialSecurityDate" : null,
      "mediaObjectReference" : "",
      "lastUpdateDateTime" : "2017-12-17T00:00:00",
      "inputDateTime" : "2017-12-17T00:00:00",
      "_links" : {
        "self" : {
          "href" : "http://localhost/api/contacts/2617_0"
        },
        "contactPerson" : {
          "href" : "http://localhost/api/contacts/2617_0"
        },
        "master" : {
          "href" : "http://localhost/api/contacts/2617_0/master"
        }
      }
    }, {
      "inputUserId" : "QSA",
      "lastUpdateUserId" : "QSA",
      "computerId" : "GLSVR171217",
      "lastSynchronizedDate" : null,
      "addressNumber" : "2618",
      "sequence" : 0,
      "name" : "Surya 1",
      "mailingName" : "Surya 1",
      "description" : "",
      "firstName" : "",
      "middleName" : "",
      "lastName" : "",
      "nickname" : "",
      "salutation" : "",
      "gender" : "",
      "type" : "C",
      "religion" : "",
      "dateOfBirth" : null,
      "placeOfBirth" : "",
      "socialSecurityNumber" : "",
      "socialSecurityDate" : null,
      "mediaObjectReference" : "",
      "lastUpdateDateTime" : "2017-12-17T00:00:00",
      "inputDateTime" : "2017-12-17T00:00:00",
      "_links" : {
        "self" : {
          "href" : "http://localhost/api/contacts/2618_0"
        },
        "contactPerson" : {
          "href" : "http://localhost/api/contacts/2618_0"
        },
        "master" : {
          "href" : "http://localhost/api/contacts/2618_0/master"
        }
      }
    }, {
      "inputUserId" : "QSA",
      "lastUpdateUserId" : "QSA",
      "computerId" : "GLSVR171217",
      "lastSynchronizedDate" : null,
      "addressNumber" : "2619",
      "sequence" : 0,
      "name" : "Surya 2",
      "mailingName" : "Surya 2",
      "description" : "",
      "firstName" : "",
      "middleName" : "",
      "lastName" : "",
      "nickname" : "",
      "salutation" : "",
      "gender" : "",
      "type" : "C",
      "religion" : "",
      "dateOfBirth" : null,
      "placeOfBirth" : "",
      "socialSecurityNumber" : "",
      "socialSecurityDate" : null,
      "mediaObjectReference" : "",
      "lastUpdateDateTime" : "2017-12-17T00:00:00",
      "inputDateTime" : "2017-12-17T00:00:00",
      "_links" : {
        "self" : {
          "href" : "http://localhost/api/contacts/2619_0"
        },
        "contactPerson" : {
          "href" : "http://localhost/api/contacts/2619_0"
        },
        "master" : {
          "href" : "http://localhost/api/contacts/2619_0/master"
        }
      }
    }, {
      "inputUserId" : "QSA",
      "lastUpdateUserId" : "QSA",
      "computerId" : "GLSVR171217",
      "lastSynchronizedDate" : null,
      "addressNumber" : "2620",
      "sequence" : 0,
      "name" : "Surya Baru Computer",
      "mailingName" : "Surya Baru Computer",
      "description" : "",
      "firstName" : "",
      "middleName" : "",
      "lastName" : "",
      "nickname" : "",
      "salutation" : "",
      "gender" : "",
      "type" : "C",
      "religion" : "",
      "dateOfBirth" : null,
      "placeOfBirth" : "",
      "socialSecurityNumber" : "",
      "socialSecurityDate" : null,
      "mediaObjectReference" : "",
      "lastUpdateDateTime" : "2017-12-17T00:00:00",
      "inputDateTime" : "2017-12-17T00:00:00",
      "_links" : {
        "self" : {
          "href" : "http://localhost/api/contacts/2620_0"
        },
        "contactPerson" : {
          "href" : "http://localhost/api/contacts/2620_0"
        },
        "master" : {
          "href" : "http://localhost/api/contacts/2620_0/master"
        }
      }
    }, {
      "inputUserId" : "QSA",
      "lastUpdateUserId" : "QSA",
      "computerId" : "GLSVR171217",
      "lastSynchronizedDate" : null,
      "addressNumber" : "2621",
      "sequence" : 0,
      "name" : "Surya Cakra",
      "mailingName" : "Surya Cakra",
      "description" : "",
      "firstName" : "",
      "middleName" : "",
      "lastName" : "",
      "nickname" : "",
      "salutation" : "",
      "gender" : "",
      "type" : "C",
      "religion" : "",
      "dateOfBirth" : null,
      "placeOfBirth" : "",
      "socialSecurityNumber" : "",
      "socialSecurityDate" : null,
      "mediaObjectReference" : "",
      "lastUpdateDateTime" : "2017-12-17T00:00:00",
      "inputDateTime" : "2017-12-17T00:00:00",
      "_links" : {
        "self" : {
          "href" : "http://localhost/api/contacts/2621_0"
        },
        "contactPerson" : {
          "href" : "http://localhost/api/contacts/2621_0"
        },
        "master" : {
          "href" : "http://localhost/api/contacts/2621_0/master"
        }
      }
    }, {
      "inputUserId" : "QSA",
      "lastUpdateUserId" : "QSA",
      "computerId" : "GLSVR171217",
      "lastSynchronizedDate" : null,
      "addressNumber" : "2622",
      "sequence" : 0,
      "name" : "Surya Citra Komputer",
      "mailingName" : "Surya Citra Komputer",
      "description" : "",
      "firstName" : "",
      "middleName" : "",
      "lastName" : "",
      "nickname" : "",
      "salutation" : "",
      "gender" : "",
      "type" : "C",
      "religion" : "",
      "dateOfBirth" : null,
      "placeOfBirth" : "",
      "socialSecurityNumber" : "",
      "socialSecurityDate" : null,
      "mediaObjectReference" : "",
      "lastUpdateDateTime" : "2017-12-17T00:00:00",
      "inputDateTime" : "2017-12-17T00:00:00",
      "_links" : {
        "self" : {
          "href" : "http://localhost/api/contacts/2622_0"
        },
        "contactPerson" : {
          "href" : "http://localhost/api/contacts/2622_0"
        },
        "master" : {
          "href" : "http://localhost/api/contacts/2622_0/master"
        }
      }
    }, {
      "inputUserId" : "QSA",
      "lastUpdateUserId" : "QSA",
      "computerId" : "GLSVR171217",
      "lastSynchronizedDate" : null,
      "addressNumber" : "2623",
      "sequence" : 0,
      "name" : "Surya Comp",
      "mailingName" : "Surya Comp",
      "description" : "",
      "firstName" : "",
      "middleName" : "",
      "lastName" : "",
      "nickname" : "",
      "salutation" : "",
      "gender" : "",
      "type" : "C",
      "religion" : "",
      "dateOfBirth" : null,
      "placeOfBirth" : "",
      "socialSecurityNumber" : "",
      "socialSecurityDate" : null,
      "mediaObjectReference" : "",
      "lastUpdateDateTime" : "2017-12-17T00:00:00",
      "inputDateTime" : "2017-12-17T00:00:00",
      "_links" : {
        "self" : {
          "href" : "http://localhost/api/contacts/2623_0"
        },
        "contactPerson" : {
          "href" : "http://localhost/api/contacts/2623_0"
        },
        "master" : {
          "href" : "http://localhost/api/contacts/2623_0/master"
        }
      }
    }, {
      "inputUserId" : "QSA",
      "lastUpdateUserId" : "QSA",
      "computerId" : "GLSVR171217",
      "lastSynchronizedDate" : null,
      "addressNumber" : "2624",
      "sequence" : 0,
      "name" : "Surya Computer",
      "mailingName" : "Surya Computer",
      "description" : "",
      "firstName" : "",
      "middleName" : "",
      "lastName" : "",
      "nickname" : "",
      "salutation" : "",
      "gender" : "",
      "type" : "C",
      "religion" : "",
      "dateOfBirth" : null,
      "placeOfBirth" : "",
      "socialSecurityNumber" : "",
      "socialSecurityDate" : null,
      "mediaObjectReference" : "",
      "lastUpdateDateTime" : "2017-12-17T00:00:00",
      "inputDateTime" : "2017-12-17T00:00:00",
      "_links" : {
        "self" : {
          "href" : "http://localhost/api/contacts/2624_0"
        },
        "contactPerson" : {
          "href" : "http://localhost/api/contacts/2624_0"
        },
        "master" : {
          "href" : "http://localhost/api/contacts/2624_0/master"
        }
      }
    }, {
      "inputUserId" : "QSA",
      "lastUpdateUserId" : "QSA",
      "computerId" : "GLSVR171217",
      "lastSynchronizedDate" : null,
      "addressNumber" : "2625",
      "sequence" : 0,
      "name" : "Surya Wincom",
      "mailingName" : "Surya Wincom",
      "description" : "",
      "firstName" : "",
      "middleName" : "",
      "lastName" : "",
      "nickname" : "",
      "salutation" : "",
      "gender" : "",
      "type" : "C",
      "religion" : "",
      "dateOfBirth" : null,
      "placeOfBirth" : "",
      "socialSecurityNumber" : "",
      "socialSecurityDate" : null,
      "mediaObjectReference" : "",
      "lastUpdateDateTime" : "2017-12-17T00:00:00",
      "inputDateTime" : "2017-12-17T00:00:00",
      "_links" : {
        "self" : {
          "href" : "http://localhost/api/contacts/2625_0"
        },
        "contactPerson" : {
          "href" : "http://localhost/api/contacts/2625_0"
        },
        "master" : {
          "href" : "http://localhost/api/contacts/2625_0/master"
        }
      }
    }, {
      "inputUserId" : "QSA",
      "lastUpdateUserId" : "QSA",
      "computerId" : "GLSVR171217",
      "lastSynchronizedDate" : null,
      "addressNumber" : "2626",
      "sequence" : 0,
      "name" : "Suryansyah",
      "mailingName" : "Suryansyah",
      "description" : "",
      "firstName" : "",
      "middleName" : "",
      "lastName" : "",
      "nickname" : "",
      "salutation" : "",
      "gender" : "",
      "type" : "C",
      "religion" : "",
      "dateOfBirth" : null,
      "placeOfBirth" : "",
      "socialSecurityNumber" : "",
      "socialSecurityDate" : null,
      "mediaObjectReference" : "",
      "lastUpdateDateTime" : "2017-12-17T00:00:00",
      "inputDateTime" : "2017-12-17T00:00:00",
      "_links" : {
        "self" : {
          "href" : "http://localhost/api/contacts/2626_0"
        },
        "contactPerson" : {
          "href" : "http://localhost/api/contacts/2626_0"
        },
        "master" : {
          "href" : "http://localhost/api/contacts/2626_0/master"
        }
      }
    }, {
      "inputUserId" : "QSA",
      "lastUpdateUserId" : "QSA",
      "computerId" : "GLSVR171217",
      "lastSynchronizedDate" : null,
      "addressNumber" : "2627",
      "sequence" : 0,
      "name" : "Suryanti",
      "mailingName" : "Suryanti",
      "description" : "",
      "firstName" : "",
      "middleName" : "",
      "lastName" : "",
      "nickname" : "",
      "salutation" : "",
      "gender" : "",
      "type" : "C",
      "religion" : "",
      "dateOfBirth" : null,
      "placeOfBirth" : "",
      "socialSecurityNumber" : "",
      "socialSecurityDate" : null,
      "mediaObjectReference" : "",
      "lastUpdateDateTime" : "2017-12-17T00:00:00",
      "inputDateTime" : "2017-12-17T00:00:00",
      "_links" : {
        "self" : {
          "href" : "http://localhost/api/contacts/2627_0"
        },
        "contactPerson" : {
          "href" : "http://localhost/api/contacts/2627_0"
        },
        "master" : {
          "href" : "http://localhost/api/contacts/2627_0/master"
        }
      }
    }, {
      "inputUserId" : "QSA",
      "lastUpdateUserId" : "QSA",
      "computerId" : "GLSVR171217",
      "lastSynchronizedDate" : null,
      "addressNumber" : "2628",
      "sequence" : 0,
      "name" : "Suryono",
      "mailingName" : "Suryono",
      "description" : "",
      "firstName" : "",
      "middleName" : "",
      "lastName" : "",
      "nickname" : "",
      "salutation" : "",
      "gender" : "",
      "type" : "C",
      "religion" : "",
      "dateOfBirth" : null,
      "placeOfBirth" : "",
      "socialSecurityNumber" : "",
      "socialSecurityDate" : null,
      "mediaObjectReference" : "",
      "lastUpdateDateTime" : "2017-12-17T00:00:00",
      "inputDateTime" : "2017-12-17T00:00:00",
      "_links" : {
        "self" : {
          "href" : "http://localhost/api/contacts/2628_0"
        },
        "contactPerson" : {
          "href" : "http://localhost/api/contacts/2628_0"
        },
        "master" : {
          "href" : "http://localhost/api/contacts/2628_0/master"
        }
      }
    }, {
      "inputUserId" : "QSA",
      "lastUpdateUserId" : "QSA",
      "computerId" : "GLSVR171217",
      "lastSynchronizedDate" : null,
      "addressNumber" : "2629",
      "sequence" : 0,
      "name" : "Susanto",
      "mailingName" : "Susanto",
      "description" : "",
      "firstName" : "",
      "middleName" : "",
      "lastName" : "",
      "nickname" : "",
      "salutation" : "",
      "gender" : "",
      "type" : "C",
      "religion" : "",
      "dateOfBirth" : null,
      "placeOfBirth" : "",
      "socialSecurityNumber" : "",
      "socialSecurityDate" : null,
      "mediaObjectReference" : "",
      "lastUpdateDateTime" : "2017-12-17T00:00:00",
      "inputDateTime" : "2017-12-17T00:00:00",
      "_links" : {
        "self" : {
          "href" : "http://localhost/api/contacts/2629_0"
        },
        "contactPerson" : {
          "href" : "http://localhost/api/contacts/2629_0"
        },
        "master" : {
          "href" : "http://localhost/api/contacts/2629_0/master"
        }
      }
    }, {
      "inputUserId" : "QSA",
      "lastUpdateUserId" : "QSA",
      "computerId" : "GLSVR171217",
      "lastSynchronizedDate" : null,
      "addressNumber" : "2630",
      "sequence" : 0,
      "name" : "Suswandi",
      "mailingName" : "Suswandi",
      "description" : "",
      "firstName" : "",
      "middleName" : "",
      "lastName" : "",
      "nickname" : "",
      "salutation" : "",
      "gender" : "",
      "type" : "C",
      "religion" : "",
      "dateOfBirth" : null,
      "placeOfBirth" : "",
      "socialSecurityNumber" : "",
      "socialSecurityDate" : null,
      "mediaObjectReference" : "",
      "lastUpdateDateTime" : "2017-12-17T00:00:00",
      "inputDateTime" : "2017-12-17T00:00:00",
      "_links" : {
        "self" : {
          "href" : "http://localhost/api/contacts/2630_0"
        },
        "contactPerson" : {
          "href" : "http://localhost/api/contacts/2630_0"
        },
        "master" : {
          "href" : "http://localhost/api/contacts/2630_0/master"
        }
      }
    }, {
      "inputUserId" : "QSA",
      "lastUpdateUserId" : "QSA",
      "computerId" : "GLSVR171217",
      "lastSynchronizedDate" : null,
      "addressNumber" : "2631",
      "sequence" : 0,
      "name" : "Sutarlan",
      "mailingName" : "Sutarlan",
      "description" : "",
      "firstName" : "",
      "middleName" : "",
      "lastName" : "",
      "nickname" : "",
      "salutation" : "",
      "gender" : "",
      "type" : "C",
      "religion" : "",
      "dateOfBirth" : null,
      "placeOfBirth" : "",
      "socialSecurityNumber" : "",
      "socialSecurityDate" : null,
      "mediaObjectReference" : "",
      "lastUpdateDateTime" : "2017-12-17T00:00:00",
      "inputDateTime" : "2017-12-17T00:00:00",
      "_links" : {
        "self" : {
          "href" : "http://localhost/api/contacts/2631_0"
        },
        "contactPerson" : {
          "href" : "http://localhost/api/contacts/2631_0"
        },
        "master" : {
          "href" : "http://localhost/api/contacts/2631_0/master"
        }
      }
    }, {
      "inputUserId" : "QSA",
      "lastUpdateUserId" : "QSA",
      "computerId" : "GLSVR171217",
      "lastSynchronizedDate" : null,
      "addressNumber" : "2632",
      "sequence" : 0,
      "name" : "Sutona",
      "mailingName" : "Sutona",
      "description" : "",
      "firstName" : "",
      "middleName" : "",
      "lastName" : "",
      "nickname" : "",
      "salutation" : "",
      "gender" : "",
      "type" : "C",
      "religion" : "",
      "dateOfBirth" : null,
      "placeOfBirth" : "",
      "socialSecurityNumber" : "",
      "socialSecurityDate" : null,
      "mediaObjectReference" : "",
      "lastUpdateDateTime" : "2017-12-17T00:00:00",
      "inputDateTime" : "2017-12-17T00:00:00",
      "_links" : {
        "self" : {
          "href" : "http://localhost/api/contacts/2632_0"
        },
        "contactPerson" : {
          "href" : "http://localhost/api/contacts/2632_0"
        },
        "master" : {
          "href" : "http://localhost/api/contacts/2632_0/master"
        }
      }
    }, {
      "inputUserId" : "QSA",
      "lastUpdateUserId" : "QSA",
      "computerId" : "GLSVR171217",
      "lastSynchronizedDate" : null,
      "addressNumber" : "2633",
      "sequence" : 0,
      "name" : "Sutrisno",
      "mailingName" : "Sutrisno",
      "description" : "",
      "firstName" : "",
      "middleName" : "",
      "lastName" : "",
      "nickname" : "",
      "salutation" : "",
      "gender" : "",
      "type" : "C",
      "religion" : "",
      "dateOfBirth" : null,
      "placeOfBirth" : "",
      "socialSecurityNumber" : "",
      "socialSecurityDate" : null,
      "mediaObjectReference" : "",
      "lastUpdateDateTime" : "2017-12-17T00:00:00",
      "inputDateTime" : "2017-12-17T00:00:00",
      "_links" : {
        "self" : {
          "href" : "http://localhost/api/contacts/2633_0"
        },
        "contactPerson" : {
          "href" : "http://localhost/api/contacts/2633_0"
        },
        "master" : {
          "href" : "http://localhost/api/contacts/2633_0/master"
        }
      }
    }, {
      "inputUserId" : "QSA",
      "lastUpdateUserId" : "QSA",
      "computerId" : "GLSVR171217",
      "lastSynchronizedDate" : null,
      "addressNumber" : "2634",
      "sequence" : 0,
      "name" : "Suyadi",
      "mailingName" : "Suyadi",
      "description" : "",
      "firstName" : "",
      "middleName" : "",
      "lastName" : "",
      "nickname" : "",
      "salutation" : "",
      "gender" : "",
      "type" : "C",
      "religion" : "",
      "dateOfBirth" : null,
      "placeOfBirth" : "",
      "socialSecurityNumber" : "",
      "socialSecurityDate" : null,
      "mediaObjectReference" : "",
      "lastUpdateDateTime" : "2017-12-17T00:00:00",
      "inputDateTime" : "2017-12-17T00:00:00",
      "_links" : {
        "self" : {
          "href" : "http://localhost/api/contacts/2634_0"
        },
        "contactPerson" : {
          "href" : "http://localhost/api/contacts/2634_0"
        },
        "master" : {
          "href" : "http://localhost/api/contacts/2634_0/master"
        }
      }
    }, {
      "inputUserId" : "QSA",
      "lastUpdateUserId" : "QSA",
      "computerId" : "GLSVR171217",
      "lastSynchronizedDate" : null,
      "addressNumber" : "2635",
      "sequence" : 0,
      "name" : "Suyatno",
      "mailingName" : "Suyatno",
      "description" : "",
      "firstName" : "",
      "middleName" : "",
      "lastName" : "",
      "nickname" : "",
      "salutation" : "",
      "gender" : "",
      "type" : "C",
      "religion" : "",
      "dateOfBirth" : null,
      "placeOfBirth" : "",
      "socialSecurityNumber" : "",
      "socialSecurityDate" : null,
      "mediaObjectReference" : "",
      "lastUpdateDateTime" : "2017-12-17T00:00:00",
      "inputDateTime" : "2017-12-17T00:00:00",
      "_links" : {
        "self" : {
          "href" : "http://localhost/api/contacts/2635_0"
        },
        "contactPerson" : {
          "href" : "http://localhost/api/contacts/2635_0"
        },
        "master" : {
          "href" : "http://localhost/api/contacts/2635_0/master"
        }
      }
    }, {
      "inputUserId" : "QSA",
      "lastUpdateUserId" : "QSA",
      "computerId" : "GLSVR171217",
      "lastSynchronizedDate" : null,
      "addressNumber" : "2636",
      "sequence" : 0,
      "name" : "Syafi",
      "mailingName" : "Syafi",
      "description" : "",
      "firstName" : "",
      "middleName" : "",
      "lastName" : "",
      "nickname" : "",
      "salutation" : "",
      "gender" : "",
      "type" : "C",
      "religion" : "",
      "dateOfBirth" : null,
      "placeOfBirth" : "",
      "socialSecurityNumber" : "",
      "socialSecurityDate" : null,
      "mediaObjectReference" : "",
      "lastUpdateDateTime" : "2017-12-17T00:00:00",
      "inputDateTime" : "2017-12-17T00:00:00",
      "_links" : {
        "self" : {
          "href" : "http://localhost/api/contacts/2636_0"
        },
        "contactPerson" : {
          "href" : "http://localhost/api/contacts/2636_0"
        },
        "master" : {
          "href" : "http://localhost/api/contacts/2636_0/master"
        }
      }
    }, {
      "inputUserId" : "QSA",
      "lastUpdateUserId" : "QSA",
      "computerId" : "GLSVR171217",
      "lastSynchronizedDate" : null,
      "addressNumber" : "2637",
      "sequence" : 0,
      "name" : "Syaiful",
      "mailingName" : "Syaiful",
      "description" : "",
      "firstName" : "",
      "middleName" : "",
      "lastName" : "",
      "nickname" : "",
      "salutation" : "",
      "gender" : "",
      "type" : "C",
      "religion" : "",
      "dateOfBirth" : null,
      "placeOfBirth" : "",
      "socialSecurityNumber" : "",
      "socialSecurityDate" : null,
      "mediaObjectReference" : "",
      "lastUpdateDateTime" : "2017-12-17T00:00:00",
      "inputDateTime" : "2017-12-17T00:00:00",
      "_links" : {
        "self" : {
          "href" : "http://localhost/api/contacts/2637_0"
        },
        "contactPerson" : {
          "href" : "http://localhost/api/contacts/2637_0"
        },
        "master" : {
          "href" : "http://localhost/api/contacts/2637_0/master"
        }
      }
    }, {
      "inputUserId" : "QSA",
      "lastUpdateUserId" : "QSA",
      "computerId" : "GLSVR171217",
      "lastSynchronizedDate" : null,
      "addressNumber" : "2638",
      "sequence" : 0,
      "name" : "Tabah Stationery",
      "mailingName" : "Tabah Stationery",
      "description" : "",
      "firstName" : "",
      "middleName" : "",
      "lastName" : "",
      "nickname" : "",
      "salutation" : "",
      "gender" : "",
      "type" : "C",
      "religion" : "",
      "dateOfBirth" : null,
      "placeOfBirth" : "",
      "socialSecurityNumber" : "",
      "socialSecurityDate" : null,
      "mediaObjectReference" : "",
      "lastUpdateDateTime" : "2017-12-17T00:00:00",
      "inputDateTime" : "2017-12-17T00:00:00",
      "_links" : {
        "self" : {
          "href" : "http://localhost/api/contacts/2638_0"
        },
        "contactPerson" : {
          "href" : "http://localhost/api/contacts/2638_0"
        },
        "master" : {
          "href" : "http://localhost/api/contacts/2638_0/master"
        }
      }
    }, {
      "inputUserId" : "QSA",
      "lastUpdateUserId" : "QSA",
      "computerId" : "GLSVR171217",
      "lastSynchronizedDate" : null,
      "addressNumber" : "2639",
      "sequence" : 0,
      "name" : "Tadeus",
      "mailingName" : "Tadeus",
      "description" : "",
      "firstName" : "",
      "middleName" : "",
      "lastName" : "",
      "nickname" : "",
      "salutation" : "",
      "gender" : "",
      "type" : "C",
      "religion" : "",
      "dateOfBirth" : null,
      "placeOfBirth" : "",
      "socialSecurityNumber" : "",
      "socialSecurityDate" : null,
      "mediaObjectReference" : "",
      "lastUpdateDateTime" : "2017-12-17T00:00:00",
      "inputDateTime" : "2017-12-17T00:00:00",
      "_links" : {
        "self" : {
          "href" : "http://localhost/api/contacts/2639_0"
        },
        "contactPerson" : {
          "href" : "http://localhost/api/contacts/2639_0"
        },
        "master" : {
          "href" : "http://localhost/api/contacts/2639_0/master"
        }
      }
    }, {
      "inputUserId" : "QSA",
      "lastUpdateUserId" : "QSA",
      "computerId" : "GLSVR171217",
      "lastSynchronizedDate" : null,
      "addressNumber" : "2640",
      "sequence" : 0,
      "name" : "Tara",
      "mailingName" : "Tara",
      "description" : "",
      "firstName" : "",
      "middleName" : "",
      "lastName" : "",
      "nickname" : "",
      "salutation" : "",
      "gender" : "",
      "type" : "C",
      "religion" : "",
      "dateOfBirth" : null,
      "placeOfBirth" : "",
      "socialSecurityNumber" : "",
      "socialSecurityDate" : null,
      "mediaObjectReference" : "",
      "lastUpdateDateTime" : "2017-12-17T00:00:00",
      "inputDateTime" : "2017-12-17T00:00:00",
      "_links" : {
        "self" : {
          "href" : "http://localhost/api/contacts/2640_0"
        },
        "contactPerson" : {
          "href" : "http://localhost/api/contacts/2640_0"
        },
        "master" : {
          "href" : "http://localhost/api/contacts/2640_0/master"
        }
      }
    }, {
      "inputUserId" : "QSA",
      "lastUpdateUserId" : "QSA",
      "computerId" : "GLSVR171217",
      "lastSynchronizedDate" : null,
      "addressNumber" : "2641",
      "sequence" : 0,
      "name" : "Taufiq",
      "mailingName" : "Taufiq",
      "description" : "",
      "firstName" : "",
      "middleName" : "",
      "lastName" : "",
      "nickname" : "",
      "salutation" : "",
      "gender" : "",
      "type" : "C",
      "religion" : "",
      "dateOfBirth" : null,
      "placeOfBirth" : "",
      "socialSecurityNumber" : "",
      "socialSecurityDate" : null,
      "mediaObjectReference" : "",
      "lastUpdateDateTime" : "2017-12-17T00:00:00",
      "inputDateTime" : "2017-12-17T00:00:00",
      "_links" : {
        "self" : {
          "href" : "http://localhost/api/contacts/2641_0"
        },
        "contactPerson" : {
          "href" : "http://localhost/api/contacts/2641_0"
        },
        "master" : {
          "href" : "http://localhost/api/contacts/2641_0/master"
        }
      }
    }, {
      "inputUserId" : "QSA",
      "lastUpdateUserId" : "QSA",
      "computerId" : "GLSVR171217",
      "lastSynchronizedDate" : null,
      "addressNumber" : "2642",
      "sequence" : 0,
      "name" : "Teddy",
      "mailingName" : "Teddy",
      "description" : "",
      "firstName" : "",
      "middleName" : "",
      "lastName" : "",
      "nickname" : "",
      "salutation" : "",
      "gender" : "",
      "type" : "C",
      "religion" : "",
      "dateOfBirth" : null,
      "placeOfBirth" : "",
      "socialSecurityNumber" : "",
      "socialSecurityDate" : null,
      "mediaObjectReference" : "",
      "lastUpdateDateTime" : "2017-12-17T00:00:00",
      "inputDateTime" : "2017-12-17T00:00:00",
      "_links" : {
        "self" : {
          "href" : "http://localhost/api/contacts/2642_0"
        },
        "contactPerson" : {
          "href" : "http://localhost/api/contacts/2642_0"
        },
        "master" : {
          "href" : "http://localhost/api/contacts/2642_0/master"
        }
      }
    }, {
      "inputUserId" : "QSA",
      "lastUpdateUserId" : "QSA",
      "computerId" : "GLSVR171217",
      "lastSynchronizedDate" : null,
      "addressNumber" : "2643",
      "sequence" : 0,
      "name" : "Teguh",
      "mailingName" : "Teguh",
      "description" : "",
      "firstName" : "",
      "middleName" : "",
      "lastName" : "",
      "nickname" : "",
      "salutation" : "",
      "gender" : "",
      "type" : "C",
      "religion" : "",
      "dateOfBirth" : null,
      "placeOfBirth" : "",
      "socialSecurityNumber" : "",
      "socialSecurityDate" : null,
      "mediaObjectReference" : "",
      "lastUpdateDateTime" : "2017-12-17T00:00:00",
      "inputDateTime" : "2017-12-17T00:00:00",
      "_links" : {
        "self" : {
          "href" : "http://localhost/api/contacts/2643_0"
        },
        "contactPerson" : {
          "href" : "http://localhost/api/contacts/2643_0"
        },
        "master" : {
          "href" : "http://localhost/api/contacts/2643_0/master"
        }
      }
    }, {
      "inputUserId" : "QSA",
      "lastUpdateUserId" : "QSA",
      "computerId" : "GLSVR171217",
      "lastSynchronizedDate" : null,
      "addressNumber" : "2644",
      "sequence" : 0,
      "name" : "Tekhnika Pc",
      "mailingName" : "Tekhnika Pc",
      "description" : "",
      "firstName" : "",
      "middleName" : "",
      "lastName" : "",
      "nickname" : "",
      "salutation" : "",
      "gender" : "",
      "type" : "C",
      "religion" : "",
      "dateOfBirth" : null,
      "placeOfBirth" : "",
      "socialSecurityNumber" : "",
      "socialSecurityDate" : null,
      "mediaObjectReference" : "",
      "lastUpdateDateTime" : "2017-12-17T00:00:00",
      "inputDateTime" : "2017-12-17T00:00:00",
      "_links" : {
        "self" : {
          "href" : "http://localhost/api/contacts/2644_0"
        },
        "contactPerson" : {
          "href" : "http://localhost/api/contacts/2644_0"
        },
        "master" : {
          "href" : "http://localhost/api/contacts/2644_0/master"
        }
      }
    }, {
      "inputUserId" : "QSA",
      "lastUpdateUserId" : "QSA",
      "computerId" : "GLSVR171217",
      "lastSynchronizedDate" : null,
      "addressNumber" : "2645",
      "sequence" : 0,
      "name" : "Tekla",
      "mailingName" : "Tekla",
      "description" : "",
      "firstName" : "",
      "middleName" : "",
      "lastName" : "",
      "nickname" : "",
      "salutation" : "",
      "gender" : "",
      "type" : "C",
      "religion" : "",
      "dateOfBirth" : null,
      "placeOfBirth" : "",
      "socialSecurityNumber" : "",
      "socialSecurityDate" : null,
      "mediaObjectReference" : "",
      "lastUpdateDateTime" : "2017-12-17T00:00:00",
      "inputDateTime" : "2017-12-17T00:00:00",
      "_links" : {
        "self" : {
          "href" : "http://localhost/api/contacts/2645_0"
        },
        "contactPerson" : {
          "href" : "http://localhost/api/contacts/2645_0"
        },
        "master" : {
          "href" : "http://localhost/api/contacts/2645_0/master"
        }
      }
    }, {
      "inputUserId" : "QSA",
      "lastUpdateUserId" : "QSA",
      "computerId" : "GLSVR171217",
      "lastSynchronizedDate" : null,
      "addressNumber" : "2646",
      "sequence" : 0,
      "name" : "Teknik Kelautan ITS",
      "mailingName" : "Teknik Kelautan ITS",
      "description" : "",
      "firstName" : "",
      "middleName" : "",
      "lastName" : "",
      "nickname" : "",
      "salutation" : "",
      "gender" : "",
      "type" : "C",
      "religion" : "",
      "dateOfBirth" : null,
      "placeOfBirth" : "",
      "socialSecurityNumber" : "",
      "socialSecurityDate" : null,
      "mediaObjectReference" : "",
      "lastUpdateDateTime" : "2017-12-17T00:00:00",
      "inputDateTime" : "2017-12-17T00:00:00",
      "_links" : {
        "self" : {
          "href" : "http://localhost/api/contacts/2646_0"
        },
        "contactPerson" : {
          "href" : "http://localhost/api/contacts/2646_0"
        },
        "master" : {
          "href" : "http://localhost/api/contacts/2646_0/master"
        }
      }
    }, {
      "inputUserId" : "QSA",
      "lastUpdateUserId" : "QSA",
      "computerId" : "GLSVR171217",
      "lastSynchronizedDate" : null,
      "addressNumber" : "2647",
      "sequence" : 0,
      "name" : "Telkom",
      "mailingName" : "Telkom",
      "description" : "",
      "firstName" : "",
      "middleName" : "",
      "lastName" : "",
      "nickname" : "",
      "salutation" : "",
      "gender" : "",
      "type" : "C",
      "religion" : "",
      "dateOfBirth" : null,
      "placeOfBirth" : "",
      "socialSecurityNumber" : "",
      "socialSecurityDate" : null,
      "mediaObjectReference" : "",
      "lastUpdateDateTime" : "2017-12-17T00:00:00",
      "inputDateTime" : "2017-12-17T00:00:00",
      "_links" : {
        "self" : {
          "href" : "http://localhost/api/contacts/2647_0"
        },
        "contactPerson" : {
          "href" : "http://localhost/api/contacts/2647_0"
        },
        "master" : {
          "href" : "http://localhost/api/contacts/2647_0/master"
        }
      }
    }, {
      "inputUserId" : "QSA",
      "lastUpdateUserId" : "QSA",
      "computerId" : "GLSVR171217",
      "lastSynchronizedDate" : null,
      "addressNumber" : "2648",
      "sequence" : 0,
      "name" : "Telkom Infra",
      "mailingName" : "Telkom Infra",
      "description" : "",
      "firstName" : "",
      "middleName" : "",
      "lastName" : "",
      "nickname" : "",
      "salutation" : "",
      "gender" : "",
      "type" : "C",
      "religion" : "",
      "dateOfBirth" : null,
      "placeOfBirth" : "",
      "socialSecurityNumber" : "",
      "socialSecurityDate" : null,
      "mediaObjectReference" : "",
      "lastUpdateDateTime" : "2017-12-17T00:00:00",
      "inputDateTime" : "2017-12-17T00:00:00",
      "_links" : {
        "self" : {
          "href" : "http://localhost/api/contacts/2648_0"
        },
        "contactPerson" : {
          "href" : "http://localhost/api/contacts/2648_0"
        },
        "master" : {
          "href" : "http://localhost/api/contacts/2648_0/master"
        }
      }
    }, {
      "inputUserId" : "QSA",
      "lastUpdateUserId" : "QSA",
      "computerId" : "GLSVR171217",
      "lastSynchronizedDate" : null,
      "addressNumber" : "2649",
      "sequence" : 0,
      "name" : "Teracom Computer",
      "mailingName" : "Teracom Computer",
      "description" : "",
      "firstName" : "",
      "middleName" : "",
      "lastName" : "",
      "nickname" : "",
      "salutation" : "",
      "gender" : "",
      "type" : "C",
      "religion" : "",
      "dateOfBirth" : null,
      "placeOfBirth" : "",
      "socialSecurityNumber" : "",
      "socialSecurityDate" : null,
      "mediaObjectReference" : "",
      "lastUpdateDateTime" : "2017-12-17T00:00:00",
      "inputDateTime" : "2017-12-17T00:00:00",
      "_links" : {
        "self" : {
          "href" : "http://localhost/api/contacts/2649_0"
        },
        "contactPerson" : {
          "href" : "http://localhost/api/contacts/2649_0"
        },
        "master" : {
          "href" : "http://localhost/api/contacts/2649_0/master"
        }
      }
    }, {
      "inputUserId" : "QSA",
      "lastUpdateUserId" : "VANNESA",
      "computerId" : "GLSVR171217",
      "lastSynchronizedDate" : null,
      "addressNumber" : "2650",
      "sequence" : 0,
      "name" : "Tetracom",
      "mailingName" : "Tetracom",
      "description" : "",
      "firstName" : "",
      "middleName" : "",
      "lastName" : "",
      "nickname" : "",
      "salutation" : "",
      "gender" : "",
      "type" : "C",
      "religion" : "",
      "dateOfBirth" : null,
      "placeOfBirth" : "",
      "socialSecurityNumber" : "",
      "socialSecurityDate" : null,
      "mediaObjectReference" : "",
      "lastUpdateDateTime" : "2018-04-26T13:13:15",
      "inputDateTime" : "2017-12-17T00:00:00",
      "_links" : {
        "self" : {
          "href" : "http://localhost/api/contacts/2650_0"
        },
        "contactPerson" : {
          "href" : "http://localhost/api/contacts/2650_0"
        },
        "master" : {
          "href" : "http://localhost/api/contacts/2650_0/master"
        }
      }
    }, {
      "inputUserId" : "QSA",
      "lastUpdateUserId" : "QSA",
      "computerId" : "GLSVR171217",
      "lastSynchronizedDate" : null,
      "addressNumber" : "2651",
      "sequence" : 0,
      "name" : "Theresia",
      "mailingName" : "Theresia",
      "description" : "",
      "firstName" : "",
      "middleName" : "",
      "lastName" : "",
      "nickname" : "",
      "salutation" : "",
      "gender" : "",
      "type" : "C",
      "religion" : "",
      "dateOfBirth" : null,
      "placeOfBirth" : "",
      "socialSecurityNumber" : "",
      "socialSecurityDate" : null,
      "mediaObjectReference" : "",
      "lastUpdateDateTime" : "2017-12-17T00:00:00",
      "inputDateTime" : "2017-12-17T00:00:00",
      "_links" : {
        "self" : {
          "href" : "http://localhost/api/contacts/2651_0"
        },
        "contactPerson" : {
          "href" : "http://localhost/api/contacts/2651_0"
        },
        "master" : {
          "href" : "http://localhost/api/contacts/2651_0/master"
        }
      }
    }, {
      "inputUserId" : "QSA",
      "lastUpdateUserId" : "QSA",
      "computerId" : "GLSVR171217",
      "lastSynchronizedDate" : null,
      "addressNumber" : "2652",
      "sequence" : 0,
      "name" : "Thomas",
      "mailingName" : "Thomas",
      "description" : "",
      "firstName" : "",
      "middleName" : "",
      "lastName" : "",
      "nickname" : "",
      "salutation" : "",
      "gender" : "",
      "type" : "C",
      "religion" : "",
      "dateOfBirth" : null,
      "placeOfBirth" : "",
      "socialSecurityNumber" : "",
      "socialSecurityDate" : null,
      "mediaObjectReference" : "",
      "lastUpdateDateTime" : "2017-12-17T00:00:00",
      "inputDateTime" : "2017-12-17T00:00:00",
      "_links" : {
        "self" : {
          "href" : "http://localhost/api/contacts/2652_0"
        },
        "contactPerson" : {
          "href" : "http://localhost/api/contacts/2652_0"
        },
        "master" : {
          "href" : "http://localhost/api/contacts/2652_0/master"
        }
      }
    }, {
      "inputUserId" : "QSA",
      "lastUpdateUserId" : "QSA",
      "computerId" : "GLSVR171217",
      "lastSynchronizedDate" : null,
      "addressNumber" : "2653",
      "sequence" : 0,
      "name" : "Thong",
      "mailingName" : "Thong",
      "description" : "",
      "firstName" : "",
      "middleName" : "",
      "lastName" : "",
      "nickname" : "",
      "salutation" : "",
      "gender" : "",
      "type" : "C",
      "religion" : "",
      "dateOfBirth" : null,
      "placeOfBirth" : "",
      "socialSecurityNumber" : "",
      "socialSecurityDate" : null,
      "mediaObjectReference" : "",
      "lastUpdateDateTime" : "2017-12-17T00:00:00",
      "inputDateTime" : "2017-12-17T00:00:00",
      "_links" : {
        "self" : {
          "href" : "http://localhost/api/contacts/2653_0"
        },
        "contactPerson" : {
          "href" : "http://localhost/api/contacts/2653_0"
        },
        "master" : {
          "href" : "http://localhost/api/contacts/2653_0/master"
        }
      }
    }, {
      "inputUserId" : "QSA",
      "lastUpdateUserId" : "QSA",
      "computerId" : "GLSVR171217",
      "lastSynchronizedDate" : null,
      "addressNumber" : "2654",
      "sequence" : 0,
      "name" : "Tiara Mas",
      "mailingName" : "Tiara Mas",
      "description" : "",
      "firstName" : "",
      "middleName" : "",
      "lastName" : "",
      "nickname" : "",
      "salutation" : "",
      "gender" : "",
      "type" : "C",
      "religion" : "",
      "dateOfBirth" : null,
      "placeOfBirth" : "",
      "socialSecurityNumber" : "",
      "socialSecurityDate" : null,
      "mediaObjectReference" : "",
      "lastUpdateDateTime" : "2017-12-17T00:00:00",
      "inputDateTime" : "2017-12-17T00:00:00",
      "_links" : {
        "self" : {
          "href" : "http://localhost/api/contacts/2654_0"
        },
        "contactPerson" : {
          "href" : "http://localhost/api/contacts/2654_0"
        },
        "master" : {
          "href" : "http://localhost/api/contacts/2654_0/master"
        }
      }
    }, {
      "inputUserId" : "QSA",
      "lastUpdateUserId" : "QSA",
      "computerId" : "GLSVR171217",
      "lastSynchronizedDate" : null,
      "addressNumber" : "2655",
      "sequence" : 0,
      "name" : "Tikers PPNL",
      "mailingName" : "Tikers PPNL",
      "description" : "",
      "firstName" : "",
      "middleName" : "",
      "lastName" : "",
      "nickname" : "",
      "salutation" : "",
      "gender" : "",
      "type" : "C",
      "religion" : "",
      "dateOfBirth" : null,
      "placeOfBirth" : "",
      "socialSecurityNumber" : "",
      "socialSecurityDate" : null,
      "mediaObjectReference" : "",
      "lastUpdateDateTime" : "2017-12-17T00:00:00",
      "inputDateTime" : "2017-12-17T00:00:00",
      "_links" : {
        "self" : {
          "href" : "http://localhost/api/contacts/2655_0"
        },
        "contactPerson" : {
          "href" : "http://localhost/api/contacts/2655_0"
        },
        "master" : {
          "href" : "http://localhost/api/contacts/2655_0/master"
        }
      }
    }, {
      "inputUserId" : "QSA",
      "lastUpdateUserId" : "QSA",
      "computerId" : "GLSVR171217",
      "lastSynchronizedDate" : null,
      "addressNumber" : "2656",
      "sequence" : 0,
      "name" : "Tino",
      "mailingName" : "Tino",
      "description" : "",
      "firstName" : "",
      "middleName" : "",
      "lastName" : "",
      "nickname" : "",
      "salutation" : "",
      "gender" : "",
      "type" : "C",
      "religion" : "",
      "dateOfBirth" : null,
      "placeOfBirth" : "",
      "socialSecurityNumber" : "",
      "socialSecurityDate" : null,
      "mediaObjectReference" : "",
      "lastUpdateDateTime" : "2017-12-17T00:00:00",
      "inputDateTime" : "2017-12-17T00:00:00",
      "_links" : {
        "self" : {
          "href" : "http://localhost/api/contacts/2656_0"
        },
        "contactPerson" : {
          "href" : "http://localhost/api/contacts/2656_0"
        },
        "master" : {
          "href" : "http://localhost/api/contacts/2656_0/master"
        }
      }
    }, {
      "inputUserId" : "QSA",
      "lastUpdateUserId" : "QSA",
      "computerId" : "GLSVR171217",
      "lastSynchronizedDate" : null,
      "addressNumber" : "2657",
      "sequence" : 0,
      "name" : "Tipsani",
      "mailingName" : "Tipsani",
      "description" : "",
      "firstName" : "",
      "middleName" : "",
      "lastName" : "",
      "nickname" : "",
      "salutation" : "",
      "gender" : "",
      "type" : "C",
      "religion" : "",
      "dateOfBirth" : null,
      "placeOfBirth" : "",
      "socialSecurityNumber" : "",
      "socialSecurityDate" : null,
      "mediaObjectReference" : "",
      "lastUpdateDateTime" : "2017-12-17T00:00:00",
      "inputDateTime" : "2017-12-17T00:00:00",
      "_links" : {
        "self" : {
          "href" : "http://localhost/api/contacts/2657_0"
        },
        "contactPerson" : {
          "href" : "http://localhost/api/contacts/2657_0"
        },
        "master" : {
          "href" : "http://localhost/api/contacts/2657_0/master"
        }
      }
    }, {
      "inputUserId" : "QSA",
      "lastUpdateUserId" : "QSA",
      "computerId" : "GLSVR171217",
      "lastSynchronizedDate" : null,
      "addressNumber" : "2658",
      "sequence" : 0,
      "name" : "Tiri Prabowo",
      "mailingName" : "Tiri Prabowo",
      "description" : "",
      "firstName" : "",
      "middleName" : "",
      "lastName" : "",
      "nickname" : "",
      "salutation" : "",
      "gender" : "",
      "type" : "C",
      "religion" : "",
      "dateOfBirth" : null,
      "placeOfBirth" : "",
      "socialSecurityNumber" : "",
      "socialSecurityDate" : null,
      "mediaObjectReference" : "",
      "lastUpdateDateTime" : "2017-12-17T00:00:00",
      "inputDateTime" : "2017-12-17T00:00:00",
      "_links" : {
        "self" : {
          "href" : "http://localhost/api/contacts/2658_0"
        },
        "contactPerson" : {
          "href" : "http://localhost/api/contacts/2658_0"
        },
        "master" : {
          "href" : "http://localhost/api/contacts/2658_0/master"
        }
      }
    }, {
      "inputUserId" : "QSA",
      "lastUpdateUserId" : "QSA",
      "computerId" : "GLSVR171217",
      "lastSynchronizedDate" : null,
      "addressNumber" : "2659",
      "sequence" : 0,
      "name" : "Tirta Computer",
      "mailingName" : "Tirta Computer",
      "description" : "",
      "firstName" : "",
      "middleName" : "",
      "lastName" : "",
      "nickname" : "",
      "salutation" : "",
      "gender" : "",
      "type" : "C",
      "religion" : "",
      "dateOfBirth" : null,
      "placeOfBirth" : "",
      "socialSecurityNumber" : "",
      "socialSecurityDate" : null,
      "mediaObjectReference" : "",
      "lastUpdateDateTime" : "2017-12-17T00:00:00",
      "inputDateTime" : "2017-12-17T00:00:00",
      "_links" : {
        "self" : {
          "href" : "http://localhost/api/contacts/2659_0"
        },
        "contactPerson" : {
          "href" : "http://localhost/api/contacts/2659_0"
        },
        "master" : {
          "href" : "http://localhost/api/contacts/2659_0/master"
        }
      }
    }, {
      "inputUserId" : "QSA",
      "lastUpdateUserId" : "QSA",
      "computerId" : "GLSVR171217",
      "lastSynchronizedDate" : null,
      "addressNumber" : "2660",
      "sequence" : 0,
      "name" : "Tirto",
      "mailingName" : "Tirto",
      "description" : "",
      "firstName" : "",
      "middleName" : "",
      "lastName" : "",
      "nickname" : "",
      "salutation" : "",
      "gender" : "",
      "type" : "C",
      "religion" : "",
      "dateOfBirth" : null,
      "placeOfBirth" : "",
      "socialSecurityNumber" : "",
      "socialSecurityDate" : null,
      "mediaObjectReference" : "",
      "lastUpdateDateTime" : "2017-12-17T00:00:00",
      "inputDateTime" : "2017-12-17T00:00:00",
      "_links" : {
        "self" : {
          "href" : "http://localhost/api/contacts/2660_0"
        },
        "contactPerson" : {
          "href" : "http://localhost/api/contacts/2660_0"
        },
        "master" : {
          "href" : "http://localhost/api/contacts/2660_0/master"
        }
      }
    }, {
      "inputUserId" : "QSA",
      "lastUpdateUserId" : "QSA",
      "computerId" : "GLSVR171217",
      "lastSynchronizedDate" : null,
      "addressNumber" : "2661",
      "sequence" : 0,
      "name" : "Tita",
      "mailingName" : "Tita",
      "description" : "",
      "firstName" : "",
      "middleName" : "",
      "lastName" : "",
      "nickname" : "",
      "salutation" : "",
      "gender" : "",
      "type" : "C",
      "religion" : "",
      "dateOfBirth" : null,
      "placeOfBirth" : "",
      "socialSecurityNumber" : "",
      "socialSecurityDate" : null,
      "mediaObjectReference" : "",
      "lastUpdateDateTime" : "2017-12-17T00:00:00",
      "inputDateTime" : "2017-12-17T00:00:00",
      "_links" : {
        "self" : {
          "href" : "http://localhost/api/contacts/2661_0"
        },
        "contactPerson" : {
          "href" : "http://localhost/api/contacts/2661_0"
        },
        "master" : {
          "href" : "http://localhost/api/contacts/2661_0/master"
        }
      }
    }, {
      "inputUserId" : "QSA",
      "lastUpdateUserId" : "QSA",
      "computerId" : "GLSVR171217",
      "lastSynchronizedDate" : null,
      "addressNumber" : "2662",
      "sequence" : 0,
      "name" : "Tixin Surya",
      "mailingName" : "Tixin Surya",
      "description" : "",
      "firstName" : "",
      "middleName" : "",
      "lastName" : "",
      "nickname" : "",
      "salutation" : "",
      "gender" : "",
      "type" : "C",
      "religion" : "",
      "dateOfBirth" : null,
      "placeOfBirth" : "",
      "socialSecurityNumber" : "",
      "socialSecurityDate" : null,
      "mediaObjectReference" : "",
      "lastUpdateDateTime" : "2017-12-17T00:00:00",
      "inputDateTime" : "2017-12-17T00:00:00",
      "_links" : {
        "self" : {
          "href" : "http://localhost/api/contacts/2662_0"
        },
        "contactPerson" : {
          "href" : "http://localhost/api/contacts/2662_0"
        },
        "master" : {
          "href" : "http://localhost/api/contacts/2662_0/master"
        }
      }
    }, {
      "inputUserId" : "QSA",
      "lastUpdateUserId" : "QSA",
      "computerId" : "GLSVR171217",
      "lastSynchronizedDate" : null,
      "addressNumber" : "2663",
      "sequence" : 0,
      "name" : "TJ Computer",
      "mailingName" : "TJ Computer",
      "description" : "",
      "firstName" : "",
      "middleName" : "",
      "lastName" : "",
      "nickname" : "",
      "salutation" : "",
      "gender" : "",
      "type" : "C",
      "religion" : "",
      "dateOfBirth" : null,
      "placeOfBirth" : "",
      "socialSecurityNumber" : "",
      "socialSecurityDate" : null,
      "mediaObjectReference" : "",
      "lastUpdateDateTime" : "2017-12-17T00:00:00",
      "inputDateTime" : "2017-12-17T00:00:00",
      "_links" : {
        "self" : {
          "href" : "http://localhost/api/contacts/2663_0"
        },
        "contactPerson" : {
          "href" : "http://localhost/api/contacts/2663_0"
        },
        "master" : {
          "href" : "http://localhost/api/contacts/2663_0/master"
        }
      }
    }, {
      "inputUserId" : "QSA",
      "lastUpdateUserId" : "QSA",
      "computerId" : "GLSVR171217",
      "lastSynchronizedDate" : null,
      "addressNumber" : "2663",
      "sequence" : 1,
      "name" : " Pak Toni",
      "mailingName" : " Pak Toni",
      "description" : "",
      "firstName" : "",
      "middleName" : "",
      "lastName" : "",
      "nickname" : "",
      "salutation" : "",
      "gender" : "",
      "type" : "C",
      "religion" : "",
      "dateOfBirth" : null,
      "placeOfBirth" : "",
      "socialSecurityNumber" : "",
      "socialSecurityDate" : null,
      "mediaObjectReference" : "",
      "lastUpdateDateTime" : "2017-12-17T00:00:00",
      "inputDateTime" : "2017-12-17T00:00:00",
      "_links" : {
        "self" : {
          "href" : "http://localhost/api/contacts/2663_1"
        },
        "contactPerson" : {
          "href" : "http://localhost/api/contacts/2663_1"
        },
        "master" : {
          "href" : "http://localhost/api/contacts/2663_1/master"
        }
      }
    }, {
      "inputUserId" : "QSA",
      "lastUpdateUserId" : "QSA",
      "computerId" : "GLSVR171217",
      "lastSynchronizedDate" : null,
      "addressNumber" : "2664",
      "sequence" : 0,
      "name" : "TK Al-Hikmah",
      "mailingName" : "TK Al-Hikmah",
      "description" : "",
      "firstName" : "",
      "middleName" : "",
      "lastName" : "",
      "nickname" : "",
      "salutation" : "",
      "gender" : "",
      "type" : "C",
      "religion" : "",
      "dateOfBirth" : null,
      "placeOfBirth" : "",
      "socialSecurityNumber" : "",
      "socialSecurityDate" : null,
      "mediaObjectReference" : "",
      "lastUpdateDateTime" : "2017-12-17T00:00:00",
      "inputDateTime" : "2017-12-17T00:00:00",
      "_links" : {
        "self" : {
          "href" : "http://localhost/api/contacts/2664_0"
        },
        "contactPerson" : {
          "href" : "http://localhost/api/contacts/2664_0"
        },
        "master" : {
          "href" : "http://localhost/api/contacts/2664_0/master"
        }
      }
    }, {
      "inputUserId" : "QSA",
      "lastUpdateUserId" : "QSA",
      "computerId" : "GLSVR171217",
      "lastSynchronizedDate" : null,
      "addressNumber" : "2665",
      "sequence" : 0,
      "name" : "TK Sendang Sari",
      "mailingName" : "TK Sendang Sari",
      "description" : "",
      "firstName" : "",
      "middleName" : "",
      "lastName" : "",
      "nickname" : "",
      "salutation" : "",
      "gender" : "",
      "type" : "C",
      "religion" : "",
      "dateOfBirth" : null,
      "placeOfBirth" : "",
      "socialSecurityNumber" : "",
      "socialSecurityDate" : null,
      "mediaObjectReference" : "",
      "lastUpdateDateTime" : "2017-12-17T00:00:00",
      "inputDateTime" : "2017-12-17T00:00:00",
      "_links" : {
        "self" : {
          "href" : "http://localhost/api/contacts/2665_0"
        },
        "contactPerson" : {
          "href" : "http://localhost/api/contacts/2665_0"
        },
        "master" : {
          "href" : "http://localhost/api/contacts/2665_0/master"
        }
      }
    }, {
      "inputUserId" : "QSA",
      "lastUpdateUserId" : "QSA",
      "computerId" : "GLSVR171217",
      "lastSynchronizedDate" : null,
      "addressNumber" : "2666",
      "sequence" : 0,
      "name" : "TMV Computer",
      "mailingName" : "TMV Computer",
      "description" : "",
      "firstName" : "",
      "middleName" : "",
      "lastName" : "",
      "nickname" : "",
      "salutation" : "",
      "gender" : "",
      "type" : "C",
      "religion" : "",
      "dateOfBirth" : null,
      "placeOfBirth" : "",
      "socialSecurityNumber" : "",
      "socialSecurityDate" : null,
      "mediaObjectReference" : "",
      "lastUpdateDateTime" : "2017-12-17T00:00:00",
      "inputDateTime" : "2017-12-17T00:00:00",
      "_links" : {
        "self" : {
          "href" : "http://localhost/api/contacts/2666_0"
        },
        "contactPerson" : {
          "href" : "http://localhost/api/contacts/2666_0"
        },
        "master" : {
          "href" : "http://localhost/api/contacts/2666_0/master"
        }
      }
    }, {
      "inputUserId" : "QSA",
      "lastUpdateUserId" : "QSA",
      "computerId" : "GLSVR171217",
      "lastSynchronizedDate" : null,
      "addressNumber" : "2667",
      "sequence" : 0,
      "name" : "Toba Computer",
      "mailingName" : "Toba Computer",
      "description" : "",
      "firstName" : "",
      "middleName" : "",
      "lastName" : "",
      "nickname" : "",
      "salutation" : "",
      "gender" : "",
      "type" : "C",
      "religion" : "",
      "dateOfBirth" : null,
      "placeOfBirth" : "",
      "socialSecurityNumber" : "",
      "socialSecurityDate" : null,
      "mediaObjectReference" : "",
      "lastUpdateDateTime" : "2017-12-17T00:00:00",
      "inputDateTime" : "2017-12-17T00:00:00",
      "_links" : {
        "self" : {
          "href" : "http://localhost/api/contacts/2667_0"
        },
        "contactPerson" : {
          "href" : "http://localhost/api/contacts/2667_0"
        },
        "master" : {
          "href" : "http://localhost/api/contacts/2667_0/master"
        }
      }
    }, {
      "inputUserId" : "QSA",
      "lastUpdateUserId" : "QSA",
      "computerId" : "GLSVR171217",
      "lastSynchronizedDate" : null,
      "addressNumber" : "2668",
      "sequence" : 0,
      "name" : "Toko Aiwa",
      "mailingName" : "Toko Aiwa",
      "description" : "",
      "firstName" : "",
      "middleName" : "",
      "lastName" : "",
      "nickname" : "",
      "salutation" : "",
      "gender" : "",
      "type" : "C",
      "religion" : "",
      "dateOfBirth" : null,
      "placeOfBirth" : "",
      "socialSecurityNumber" : "",
      "socialSecurityDate" : null,
      "mediaObjectReference" : "",
      "lastUpdateDateTime" : "2017-12-17T00:00:00",
      "inputDateTime" : "2017-12-17T00:00:00",
      "_links" : {
        "self" : {
          "href" : "http://localhost/api/contacts/2668_0"
        },
        "contactPerson" : {
          "href" : "http://localhost/api/contacts/2668_0"
        },
        "master" : {
          "href" : "http://localhost/api/contacts/2668_0/master"
        }
      }
    }, {
      "inputUserId" : "QSA",
      "lastUpdateUserId" : "QSA",
      "computerId" : "GLSVR171217",
      "lastSynchronizedDate" : null,
      "addressNumber" : "2669",
      "sequence" : 0,
      "name" : "Toko Anita",
      "mailingName" : "Toko Anita",
      "description" : "",
      "firstName" : "",
      "middleName" : "",
      "lastName" : "",
      "nickname" : "",
      "salutation" : "",
      "gender" : "",
      "type" : "C",
      "religion" : "",
      "dateOfBirth" : null,
      "placeOfBirth" : "",
      "socialSecurityNumber" : "",
      "socialSecurityDate" : null,
      "mediaObjectReference" : "",
      "lastUpdateDateTime" : "2017-12-17T00:00:00",
      "inputDateTime" : "2017-12-17T00:00:00",
      "_links" : {
        "self" : {
          "href" : "http://localhost/api/contacts/2669_0"
        },
        "contactPerson" : {
          "href" : "http://localhost/api/contacts/2669_0"
        },
        "master" : {
          "href" : "http://localhost/api/contacts/2669_0/master"
        }
      }
    }, {
      "inputUserId" : "QSA",
      "lastUpdateUserId" : "QSA",
      "computerId" : "GLSVR171217",
      "lastSynchronizedDate" : null,
      "addressNumber" : "2670",
      "sequence" : 0,
      "name" : "Toko Arkeat",
      "mailingName" : "Toko Arkeat",
      "description" : "",
      "firstName" : "",
      "middleName" : "",
      "lastName" : "",
      "nickname" : "",
      "salutation" : "",
      "gender" : "",
      "type" : "C",
      "religion" : "",
      "dateOfBirth" : null,
      "placeOfBirth" : "",
      "socialSecurityNumber" : "",
      "socialSecurityDate" : null,
      "mediaObjectReference" : "",
      "lastUpdateDateTime" : "2017-12-17T00:00:00",
      "inputDateTime" : "2017-12-17T00:00:00",
      "_links" : {
        "self" : {
          "href" : "http://localhost/api/contacts/2670_0"
        },
        "contactPerson" : {
          "href" : "http://localhost/api/contacts/2670_0"
        },
        "master" : {
          "href" : "http://localhost/api/contacts/2670_0/master"
        }
      }
    }, {
      "inputUserId" : "QSA",
      "lastUpdateUserId" : "QSA",
      "computerId" : "GLSVR171217",
      "lastSynchronizedDate" : null,
      "addressNumber" : "2671",
      "sequence" : 0,
      "name" : "Toko David",
      "mailingName" : "Toko David",
      "description" : "",
      "firstName" : "",
      "middleName" : "",
      "lastName" : "",
      "nickname" : "",
      "salutation" : "",
      "gender" : "",
      "type" : "C",
      "religion" : "",
      "dateOfBirth" : null,
      "placeOfBirth" : "",
      "socialSecurityNumber" : "",
      "socialSecurityDate" : null,
      "mediaObjectReference" : "",
      "lastUpdateDateTime" : "2017-12-17T00:00:00",
      "inputDateTime" : "2017-12-17T00:00:00",
      "_links" : {
        "self" : {
          "href" : "http://localhost/api/contacts/2671_0"
        },
        "contactPerson" : {
          "href" : "http://localhost/api/contacts/2671_0"
        },
        "master" : {
          "href" : "http://localhost/api/contacts/2671_0/master"
        }
      }
    }, {
      "inputUserId" : "QSA",
      "lastUpdateUserId" : "QSA",
      "computerId" : "GLSVR171217",
      "lastSynchronizedDate" : null,
      "addressNumber" : "2672",
      "sequence" : 0,
      "name" : "Toko Ipung",
      "mailingName" : "Toko Ipung",
      "description" : "",
      "firstName" : "",
      "middleName" : "",
      "lastName" : "",
      "nickname" : "",
      "salutation" : "",
      "gender" : "",
      "type" : "C",
      "religion" : "",
      "dateOfBirth" : null,
      "placeOfBirth" : "",
      "socialSecurityNumber" : "",
      "socialSecurityDate" : null,
      "mediaObjectReference" : "",
      "lastUpdateDateTime" : "2017-12-17T00:00:00",
      "inputDateTime" : "2017-12-17T00:00:00",
      "_links" : {
        "self" : {
          "href" : "http://localhost/api/contacts/2672_0"
        },
        "contactPerson" : {
          "href" : "http://localhost/api/contacts/2672_0"
        },
        "master" : {
          "href" : "http://localhost/api/contacts/2672_0/master"
        }
      }
    }, {
      "inputUserId" : "QSA",
      "lastUpdateUserId" : "QSA",
      "computerId" : "GLSVR171217",
      "lastSynchronizedDate" : null,
      "addressNumber" : "2673",
      "sequence" : 0,
      "name" : "Toko Komputer Prapatan",
      "mailingName" : "Toko Komputer Prapatan",
      "description" : "",
      "firstName" : "",
      "middleName" : "",
      "lastName" : "",
      "nickname" : "",
      "salutation" : "",
      "gender" : "",
      "type" : "C",
      "religion" : "",
      "dateOfBirth" : null,
      "placeOfBirth" : "",
      "socialSecurityNumber" : "",
      "socialSecurityDate" : null,
      "mediaObjectReference" : "",
      "lastUpdateDateTime" : "2017-12-17T00:00:00",
      "inputDateTime" : "2017-12-17T00:00:00",
      "_links" : {
        "self" : {
          "href" : "http://localhost/api/contacts/2673_0"
        },
        "contactPerson" : {
          "href" : "http://localhost/api/contacts/2673_0"
        },
        "master" : {
          "href" : "http://localhost/api/contacts/2673_0/master"
        }
      }
    }, {
      "inputUserId" : "QSA",
      "lastUpdateUserId" : "QSA",
      "computerId" : "GLSVR171217",
      "lastSynchronizedDate" : null,
      "addressNumber" : "2674",
      "sequence" : 0,
      "name" : "Toko Parabola Holy Store",
      "mailingName" : "Toko Parabola Holy Store",
      "description" : "",
      "firstName" : "",
      "middleName" : "",
      "lastName" : "",
      "nickname" : "",
      "salutation" : "",
      "gender" : "",
      "type" : "C",
      "religion" : "",
      "dateOfBirth" : null,
      "placeOfBirth" : "",
      "socialSecurityNumber" : "",
      "socialSecurityDate" : null,
      "mediaObjectReference" : "",
      "lastUpdateDateTime" : "2017-12-17T00:00:00",
      "inputDateTime" : "2017-12-17T00:00:00",
      "_links" : {
        "self" : {
          "href" : "http://localhost/api/contacts/2674_0"
        },
        "contactPerson" : {
          "href" : "http://localhost/api/contacts/2674_0"
        },
        "master" : {
          "href" : "http://localhost/api/contacts/2674_0/master"
        }
      }
    }, {
      "inputUserId" : "QSA",
      "lastUpdateUserId" : "QSA",
      "computerId" : "GLSVR171217",
      "lastSynchronizedDate" : null,
      "addressNumber" : "2675",
      "sequence" : 0,
      "name" : "Toko Samudra Leptop",
      "mailingName" : "Toko Samudra Leptop",
      "description" : "",
      "firstName" : "",
      "middleName" : "",
      "lastName" : "",
      "nickname" : "",
      "salutation" : "",
      "gender" : "",
      "type" : "C",
      "religion" : "",
      "dateOfBirth" : null,
      "placeOfBirth" : "",
      "socialSecurityNumber" : "",
      "socialSecurityDate" : null,
      "mediaObjectReference" : "",
      "lastUpdateDateTime" : "2017-12-17T00:00:00",
      "inputDateTime" : "2017-12-17T00:00:00",
      "_links" : {
        "self" : {
          "href" : "http://localhost/api/contacts/2675_0"
        },
        "contactPerson" : {
          "href" : "http://localhost/api/contacts/2675_0"
        },
        "master" : {
          "href" : "http://localhost/api/contacts/2675_0/master"
        }
      }
    }, {
      "inputUserId" : "QSA",
      "lastUpdateUserId" : "QSA",
      "computerId" : "GLSVR171217",
      "lastSynchronizedDate" : null,
      "addressNumber" : "2676",
      "sequence" : 0,
      "name" : "Toko Semesta Malang (Cyber Mall ex Dieng Malang)",
      "mailingName" : "Toko Semesta Malang (Cyber Mall ex Dieng Malang)",
      "description" : "",
      "firstName" : "",
      "middleName" : "",
      "lastName" : "",
      "nickname" : "",
      "salutation" : "",
      "gender" : "",
      "type" : "C",
      "religion" : "",
      "dateOfBirth" : null,
      "placeOfBirth" : "",
      "socialSecurityNumber" : "",
      "socialSecurityDate" : null,
      "mediaObjectReference" : "",
      "lastUpdateDateTime" : "2017-12-17T00:00:00",
      "inputDateTime" : "2017-12-17T00:00:00",
      "_links" : {
        "self" : {
          "href" : "http://localhost/api/contacts/2676_0"
        },
        "contactPerson" : {
          "href" : "http://localhost/api/contacts/2676_0"
        },
        "master" : {
          "href" : "http://localhost/api/contacts/2676_0/master"
        }
      }
    }, {
      "inputUserId" : "QSA",
      "lastUpdateUserId" : "QSA",
      "computerId" : "GLSVR171217",
      "lastSynchronizedDate" : null,
      "addressNumber" : "2677",
      "sequence" : 0,
      "name" : "Toko Victoria",
      "mailingName" : "Toko Victoria",
      "description" : "",
      "firstName" : "",
      "middleName" : "",
      "lastName" : "",
      "nickname" : "",
      "salutation" : "",
      "gender" : "",
      "type" : "C",
      "religion" : "",
      "dateOfBirth" : null,
      "placeOfBirth" : "",
      "socialSecurityNumber" : "",
      "socialSecurityDate" : null,
      "mediaObjectReference" : "",
      "lastUpdateDateTime" : "2017-12-17T00:00:00",
      "inputDateTime" : "2017-12-17T00:00:00",
      "_links" : {
        "self" : {
          "href" : "http://localhost/api/contacts/2677_0"
        },
        "contactPerson" : {
          "href" : "http://localhost/api/contacts/2677_0"
        },
        "master" : {
          "href" : "http://localhost/api/contacts/2677_0/master"
        }
      }
    }, {
      "inputUserId" : "QSA",
      "lastUpdateUserId" : "QSA",
      "computerId" : "GLSVR171217",
      "lastSynchronizedDate" : null,
      "addressNumber" : "2678",
      "sequence" : 0,
      "name" : "Toko Wang",
      "mailingName" : "Toko Wang",
      "description" : "",
      "firstName" : "",
      "middleName" : "",
      "lastName" : "",
      "nickname" : "",
      "salutation" : "",
      "gender" : "",
      "type" : "C",
      "religion" : "",
      "dateOfBirth" : null,
      "placeOfBirth" : "",
      "socialSecurityNumber" : "",
      "socialSecurityDate" : null,
      "mediaObjectReference" : "",
      "lastUpdateDateTime" : "2017-12-17T00:00:00",
      "inputDateTime" : "2017-12-17T00:00:00",
      "_links" : {
        "self" : {
          "href" : "http://localhost/api/contacts/2678_0"
        },
        "contactPerson" : {
          "href" : "http://localhost/api/contacts/2678_0"
        },
        "master" : {
          "href" : "http://localhost/api/contacts/2678_0/master"
        }
      }
    }, {
      "inputUserId" : "QSA",
      "lastUpdateUserId" : "QSA",
      "computerId" : "GLSVR171217",
      "lastSynchronizedDate" : null,
      "addressNumber" : "2679",
      "sequence" : 0,
      "name" : "Tokyo-Kyuei",
      "mailingName" : "Tokyo-Kyuei",
      "description" : "",
      "firstName" : "",
      "middleName" : "",
      "lastName" : "",
      "nickname" : "",
      "salutation" : "",
      "gender" : "",
      "type" : "C",
      "religion" : "",
      "dateOfBirth" : null,
      "placeOfBirth" : "",
      "socialSecurityNumber" : "",
      "socialSecurityDate" : null,
      "mediaObjectReference" : "",
      "lastUpdateDateTime" : "2017-12-17T00:00:00",
      "inputDateTime" : "2017-12-17T00:00:00",
      "_links" : {
        "self" : {
          "href" : "http://localhost/api/contacts/2679_0"
        },
        "contactPerson" : {
          "href" : "http://localhost/api/contacts/2679_0"
        },
        "master" : {
          "href" : "http://localhost/api/contacts/2679_0/master"
        }
      }
    }, {
      "inputUserId" : "QSA",
      "lastUpdateUserId" : "QSA",
      "computerId" : "GLSVR171217",
      "lastSynchronizedDate" : null,
      "addressNumber" : "2680",
      "sequence" : 0,
      "name" : "Tomatec",
      "mailingName" : "Tomatec",
      "description" : "",
      "firstName" : "",
      "middleName" : "",
      "lastName" : "",
      "nickname" : "",
      "salutation" : "",
      "gender" : "",
      "type" : "C",
      "religion" : "",
      "dateOfBirth" : null,
      "placeOfBirth" : "",
      "socialSecurityNumber" : "",
      "socialSecurityDate" : null,
      "mediaObjectReference" : "",
      "lastUpdateDateTime" : "2017-12-17T00:00:00",
      "inputDateTime" : "2017-12-17T00:00:00",
      "_links" : {
        "self" : {
          "href" : "http://localhost/api/contacts/2680_0"
        },
        "contactPerson" : {
          "href" : "http://localhost/api/contacts/2680_0"
        },
        "master" : {
          "href" : "http://localhost/api/contacts/2680_0/master"
        }
      }
    }, {
      "inputUserId" : "QSA",
      "lastUpdateUserId" : "QSA",
      "computerId" : "GLSVR171217",
      "lastSynchronizedDate" : null,
      "addressNumber" : "2681",
      "sequence" : 0,
      "name" : "Tommy",
      "mailingName" : "Tommy",
      "description" : "",
      "firstName" : "",
      "middleName" : "",
      "lastName" : "",
      "nickname" : "",
      "salutation" : "",
      "gender" : "",
      "type" : "C",
      "religion" : "",
      "dateOfBirth" : null,
      "placeOfBirth" : "",
      "socialSecurityNumber" : "",
      "socialSecurityDate" : null,
      "mediaObjectReference" : "",
      "lastUpdateDateTime" : "2017-12-17T00:00:00",
      "inputDateTime" : "2017-12-17T00:00:00",
      "_links" : {
        "self" : {
          "href" : "http://localhost/api/contacts/2681_0"
        },
        "contactPerson" : {
          "href" : "http://localhost/api/contacts/2681_0"
        },
        "master" : {
          "href" : "http://localhost/api/contacts/2681_0/master"
        }
      }
    }, {
      "inputUserId" : "QSA",
      "lastUpdateUserId" : "QSA",
      "computerId" : "GLSVR171217",
      "lastSynchronizedDate" : null,
      "addressNumber" : "2682",
      "sequence" : 0,
      "name" : "Tommy (Tokopedia)",
      "mailingName" : "Tommy (Tokopedia)",
      "description" : "",
      "firstName" : "",
      "middleName" : "",
      "lastName" : "",
      "nickname" : "",
      "salutation" : "",
      "gender" : "",
      "type" : "C",
      "religion" : "",
      "dateOfBirth" : null,
      "placeOfBirth" : "",
      "socialSecurityNumber" : "",
      "socialSecurityDate" : null,
      "mediaObjectReference" : "",
      "lastUpdateDateTime" : "2017-12-17T00:00:00",
      "inputDateTime" : "2017-12-17T00:00:00",
      "_links" : {
        "self" : {
          "href" : "http://localhost/api/contacts/2682_0"
        },
        "contactPerson" : {
          "href" : "http://localhost/api/contacts/2682_0"
        },
        "master" : {
          "href" : "http://localhost/api/contacts/2682_0/master"
        }
      }
    }, {
      "inputUserId" : "QSA",
      "lastUpdateUserId" : "QSA",
      "computerId" : "GLSVR171217",
      "lastSynchronizedDate" : null,
      "addressNumber" : "2683",
      "sequence" : 0,
      "name" : "Tomo",
      "mailingName" : "Tomo",
      "description" : "",
      "firstName" : "",
      "middleName" : "",
      "lastName" : "",
      "nickname" : "",
      "salutation" : "",
      "gender" : "",
      "type" : "C",
      "religion" : "",
      "dateOfBirth" : null,
      "placeOfBirth" : "",
      "socialSecurityNumber" : "",
      "socialSecurityDate" : null,
      "mediaObjectReference" : "",
      "lastUpdateDateTime" : "2017-12-17T00:00:00",
      "inputDateTime" : "2017-12-17T00:00:00",
      "_links" : {
        "self" : {
          "href" : "http://localhost/api/contacts/2683_0"
        },
        "contactPerson" : {
          "href" : "http://localhost/api/contacts/2683_0"
        },
        "master" : {
          "href" : "http://localhost/api/contacts/2683_0/master"
        }
      }
    }, {
      "inputUserId" : "QSA",
      "lastUpdateUserId" : "QSA",
      "computerId" : "GLSVR171217",
      "lastSynchronizedDate" : null,
      "addressNumber" : "2684",
      "sequence" : 0,
      "name" : "Toms",
      "mailingName" : "Toms",
      "description" : "",
      "firstName" : "",
      "middleName" : "",
      "lastName" : "",
      "nickname" : "",
      "salutation" : "",
      "gender" : "",
      "type" : "C",
      "religion" : "",
      "dateOfBirth" : null,
      "placeOfBirth" : "",
      "socialSecurityNumber" : "",
      "socialSecurityDate" : null,
      "mediaObjectReference" : "",
      "lastUpdateDateTime" : "2017-12-17T00:00:00",
      "inputDateTime" : "2017-12-17T00:00:00",
      "_links" : {
        "self" : {
          "href" : "http://localhost/api/contacts/2684_0"
        },
        "contactPerson" : {
          "href" : "http://localhost/api/contacts/2684_0"
        },
        "master" : {
          "href" : "http://localhost/api/contacts/2684_0/master"
        }
      }
    }, {
      "inputUserId" : "QSA",
      "lastUpdateUserId" : "QSA",
      "computerId" : "GLSVR171217",
      "lastSynchronizedDate" : null,
      "addressNumber" : "2685",
      "sequence" : 0,
      "name" : "Toni",
      "mailingName" : "Toni",
      "description" : "",
      "firstName" : "",
      "middleName" : "",
      "lastName" : "",
      "nickname" : "",
      "salutation" : "",
      "gender" : "",
      "type" : "C",
      "religion" : "",
      "dateOfBirth" : null,
      "placeOfBirth" : "",
      "socialSecurityNumber" : "",
      "socialSecurityDate" : null,
      "mediaObjectReference" : "",
      "lastUpdateDateTime" : "2017-12-17T00:00:00",
      "inputDateTime" : "2017-12-17T00:00:00",
      "_links" : {
        "self" : {
          "href" : "http://localhost/api/contacts/2685_0"
        },
        "contactPerson" : {
          "href" : "http://localhost/api/contacts/2685_0"
        },
        "master" : {
          "href" : "http://localhost/api/contacts/2685_0/master"
        }
      }
    }, {
      "inputUserId" : "QSA",
      "lastUpdateUserId" : "QSA",
      "computerId" : "GLSVR171217",
      "lastSynchronizedDate" : null,
      "addressNumber" : "2686",
      "sequence" : 0,
      "name" : "Tons Hardware",
      "mailingName" : "Tons Hardware",
      "description" : "",
      "firstName" : "",
      "middleName" : "",
      "lastName" : "",
      "nickname" : "",
      "salutation" : "",
      "gender" : "",
      "type" : "C",
      "religion" : "",
      "dateOfBirth" : null,
      "placeOfBirth" : "",
      "socialSecurityNumber" : "",
      "socialSecurityDate" : null,
      "mediaObjectReference" : "",
      "lastUpdateDateTime" : "2017-12-17T00:00:00",
      "inputDateTime" : "2017-12-17T00:00:00",
      "_links" : {
        "self" : {
          "href" : "http://localhost/api/contacts/2686_0"
        },
        "contactPerson" : {
          "href" : "http://localhost/api/contacts/2686_0"
        },
        "master" : {
          "href" : "http://localhost/api/contacts/2686_0/master"
        }
      }
    }, {
      "inputUserId" : "QSA",
      "lastUpdateUserId" : "QSA",
      "computerId" : "GLSVR171217",
      "lastSynchronizedDate" : null,
      "addressNumber" : "2687",
      "sequence" : 0,
      "name" : "Tori",
      "mailingName" : "Tori",
      "description" : "",
      "firstName" : "",
      "middleName" : "",
      "lastName" : "",
      "nickname" : "",
      "salutation" : "",
      "gender" : "",
      "type" : "C",
      "religion" : "",
      "dateOfBirth" : null,
      "placeOfBirth" : "",
      "socialSecurityNumber" : "",
      "socialSecurityDate" : null,
      "mediaObjectReference" : "",
      "lastUpdateDateTime" : "2017-12-17T00:00:00",
      "inputDateTime" : "2017-12-17T00:00:00",
      "_links" : {
        "self" : {
          "href" : "http://localhost/api/contacts/2687_0"
        },
        "contactPerson" : {
          "href" : "http://localhost/api/contacts/2687_0"
        },
        "master" : {
          "href" : "http://localhost/api/contacts/2687_0/master"
        }
      }
    }, {
      "inputUserId" : "QSA",
      "lastUpdateUserId" : "QSA",
      "computerId" : "GLSVR171217",
      "lastSynchronizedDate" : null,
      "addressNumber" : "2688",
      "sequence" : 0,
      "name" : "Toto Comp",
      "mailingName" : "Toto Comp",
      "description" : "",
      "firstName" : "",
      "middleName" : "",
      "lastName" : "",
      "nickname" : "",
      "salutation" : "",
      "gender" : "",
      "type" : "C",
      "religion" : "",
      "dateOfBirth" : null,
      "placeOfBirth" : "",
      "socialSecurityNumber" : "",
      "socialSecurityDate" : null,
      "mediaObjectReference" : "",
      "lastUpdateDateTime" : "2017-12-17T00:00:00",
      "inputDateTime" : "2017-12-17T00:00:00",
      "_links" : {
        "self" : {
          "href" : "http://localhost/api/contacts/2688_0"
        },
        "contactPerson" : {
          "href" : "http://localhost/api/contacts/2688_0"
        },
        "master" : {
          "href" : "http://localhost/api/contacts/2688_0/master"
        }
      }
    }, {
      "inputUserId" : "QSA",
      "lastUpdateUserId" : "QSA",
      "computerId" : "GLSVR171217",
      "lastSynchronizedDate" : null,
      "addressNumber" : "2689",
      "sequence" : 0,
      "name" : "Tri",
      "mailingName" : "Tri",
      "description" : "",
      "firstName" : "",
      "middleName" : "",
      "lastName" : "",
      "nickname" : "",
      "salutation" : "",
      "gender" : "",
      "type" : "C",
      "religion" : "",
      "dateOfBirth" : null,
      "placeOfBirth" : "",
      "socialSecurityNumber" : "",
      "socialSecurityDate" : null,
      "mediaObjectReference" : "",
      "lastUpdateDateTime" : "2017-12-17T00:00:00",
      "inputDateTime" : "2017-12-17T00:00:00",
      "_links" : {
        "self" : {
          "href" : "http://localhost/api/contacts/2689_0"
        },
        "contactPerson" : {
          "href" : "http://localhost/api/contacts/2689_0"
        },
        "master" : {
          "href" : "http://localhost/api/contacts/2689_0/master"
        }
      }
    }, {
      "inputUserId" : "QSA",
      "lastUpdateUserId" : "QSA",
      "computerId" : "GLSVR171217",
      "lastSynchronizedDate" : null,
      "addressNumber" : "2690",
      "sequence" : 0,
      "name" : "Tri Karya Media",
      "mailingName" : "Tri Karya Media",
      "description" : "",
      "firstName" : "",
      "middleName" : "",
      "lastName" : "",
      "nickname" : "",
      "salutation" : "",
      "gender" : "",
      "type" : "C",
      "religion" : "",
      "dateOfBirth" : null,
      "placeOfBirth" : "",
      "socialSecurityNumber" : "",
      "socialSecurityDate" : null,
      "mediaObjectReference" : "",
      "lastUpdateDateTime" : "2017-12-17T00:00:00",
      "inputDateTime" : "2017-12-17T00:00:00",
      "_links" : {
        "self" : {
          "href" : "http://localhost/api/contacts/2690_0"
        },
        "contactPerson" : {
          "href" : "http://localhost/api/contacts/2690_0"
        },
        "master" : {
          "href" : "http://localhost/api/contacts/2690_0/master"
        }
      }
    }, {
      "inputUserId" : "QSA",
      "lastUpdateUserId" : "QSA",
      "computerId" : "GLSVR171217",
      "lastSynchronizedDate" : null,
      "addressNumber" : "2691",
      "sequence" : 0,
      "name" : "Tri Sulis",
      "mailingName" : "Tri Sulis",
      "description" : "",
      "firstName" : "",
      "middleName" : "",
      "lastName" : "",
      "nickname" : "",
      "salutation" : "",
      "gender" : "",
      "type" : "C",
      "religion" : "",
      "dateOfBirth" : null,
      "placeOfBirth" : "",
      "socialSecurityNumber" : "",
      "socialSecurityDate" : null,
      "mediaObjectReference" : "",
      "lastUpdateDateTime" : "2017-12-17T00:00:00",
      "inputDateTime" : "2017-12-17T00:00:00",
      "_links" : {
        "self" : {
          "href" : "http://localhost/api/contacts/2691_0"
        },
        "contactPerson" : {
          "href" : "http://localhost/api/contacts/2691_0"
        },
        "master" : {
          "href" : "http://localhost/api/contacts/2691_0/master"
        }
      }
    }, {
      "inputUserId" : "QSA",
      "lastUpdateUserId" : "QSA",
      "computerId" : "GLSVR171217",
      "lastSynchronizedDate" : null,
      "addressNumber" : "2692",
      "sequence" : 0,
      "name" : "Tri Sulistyawati",
      "mailingName" : "Tri Sulistyawati",
      "description" : "",
      "firstName" : "",
      "middleName" : "",
      "lastName" : "",
      "nickname" : "",
      "salutation" : "",
      "gender" : "",
      "type" : "C",
      "religion" : "",
      "dateOfBirth" : null,
      "placeOfBirth" : "",
      "socialSecurityNumber" : "",
      "socialSecurityDate" : null,
      "mediaObjectReference" : "",
      "lastUpdateDateTime" : "2017-12-17T00:00:00",
      "inputDateTime" : "2017-12-17T00:00:00",
      "_links" : {
        "self" : {
          "href" : "http://localhost/api/contacts/2692_0"
        },
        "contactPerson" : {
          "href" : "http://localhost/api/contacts/2692_0"
        },
        "master" : {
          "href" : "http://localhost/api/contacts/2692_0/master"
        }
      }
    }, {
      "inputUserId" : "QSA",
      "lastUpdateUserId" : "QSA",
      "computerId" : "GLSVR171217",
      "lastSynchronizedDate" : null,
      "addressNumber" : "2693",
      "sequence" : 0,
      "name" : "Trianto",
      "mailingName" : "Trianto",
      "description" : "",
      "firstName" : "",
      "middleName" : "",
      "lastName" : "",
      "nickname" : "",
      "salutation" : "",
      "gender" : "",
      "type" : "C",
      "religion" : "",
      "dateOfBirth" : null,
      "placeOfBirth" : "",
      "socialSecurityNumber" : "",
      "socialSecurityDate" : null,
      "mediaObjectReference" : "",
      "lastUpdateDateTime" : "2017-12-17T00:00:00",
      "inputDateTime" : "2017-12-17T00:00:00",
      "_links" : {
        "self" : {
          "href" : "http://localhost/api/contacts/2693_0"
        },
        "contactPerson" : {
          "href" : "http://localhost/api/contacts/2693_0"
        },
        "master" : {
          "href" : "http://localhost/api/contacts/2693_0/master"
        }
      }
    }, {
      "inputUserId" : "QSA",
      "lastUpdateUserId" : "QSA",
      "computerId" : "GLSVR171217",
      "lastSynchronizedDate" : null,
      "addressNumber" : "2694",
      "sequence" : 0,
      "name" : "Trijaya",
      "mailingName" : "Trijaya",
      "description" : "",
      "firstName" : "",
      "middleName" : "",
      "lastName" : "",
      "nickname" : "",
      "salutation" : "",
      "gender" : "",
      "type" : "C",
      "religion" : "",
      "dateOfBirth" : null,
      "placeOfBirth" : "",
      "socialSecurityNumber" : "",
      "socialSecurityDate" : null,
      "mediaObjectReference" : "",
      "lastUpdateDateTime" : "2017-12-17T00:00:00",
      "inputDateTime" : "2017-12-17T00:00:00",
      "_links" : {
        "self" : {
          "href" : "http://localhost/api/contacts/2694_0"
        },
        "contactPerson" : {
          "href" : "http://localhost/api/contacts/2694_0"
        },
        "master" : {
          "href" : "http://localhost/api/contacts/2694_0/master"
        }
      }
    }, {
      "inputUserId" : "QSA",
      "lastUpdateUserId" : "QSA",
      "computerId" : "GLSVR171217",
      "lastSynchronizedDate" : null,
      "addressNumber" : "2695",
      "sequence" : 0,
      "name" : "Trimas",
      "mailingName" : "Trimas",
      "description" : "",
      "firstName" : "",
      "middleName" : "",
      "lastName" : "",
      "nickname" : "",
      "salutation" : "",
      "gender" : "",
      "type" : "C",
      "religion" : "",
      "dateOfBirth" : null,
      "placeOfBirth" : "",
      "socialSecurityNumber" : "",
      "socialSecurityDate" : null,
      "mediaObjectReference" : "",
      "lastUpdateDateTime" : "2017-12-17T00:00:00",
      "inputDateTime" : "2017-12-17T00:00:00",
      "_links" : {
        "self" : {
          "href" : "http://localhost/api/contacts/2695_0"
        },
        "contactPerson" : {
          "href" : "http://localhost/api/contacts/2695_0"
        },
        "master" : {
          "href" : "http://localhost/api/contacts/2695_0/master"
        }
      }
    }, {
      "inputUserId" : "QSA",
      "lastUpdateUserId" : "QSA",
      "computerId" : "GLSVR171217",
      "lastSynchronizedDate" : null,
      "addressNumber" : "2696",
      "sequence" : 0,
      "name" : "Triple 7",
      "mailingName" : "Triple 7",
      "description" : "",
      "firstName" : "",
      "middleName" : "",
      "lastName" : "",
      "nickname" : "",
      "salutation" : "",
      "gender" : "",
      "type" : "C",
      "religion" : "",
      "dateOfBirth" : null,
      "placeOfBirth" : "",
      "socialSecurityNumber" : "",
      "socialSecurityDate" : null,
      "mediaObjectReference" : "",
      "lastUpdateDateTime" : "2017-12-17T00:00:00",
      "inputDateTime" : "2017-12-17T00:00:00",
      "_links" : {
        "self" : {
          "href" : "http://localhost/api/contacts/2696_0"
        },
        "contactPerson" : {
          "href" : "http://localhost/api/contacts/2696_0"
        },
        "master" : {
          "href" : "http://localhost/api/contacts/2696_0/master"
        }
      }
    }, {
      "inputUserId" : "QSA",
      "lastUpdateUserId" : "DEBBY",
      "computerId" : "GLSVR171217",
      "lastSynchronizedDate" : null,
      "addressNumber" : "2697",
      "sequence" : 0,
      "name" : "Tunggal Indo Perkasa",
      "mailingName" : "Tunggal Indo Perkasa",
      "description" : "",
      "firstName" : "",
      "middleName" : "",
      "lastName" : "",
      "nickname" : "",
      "salutation" : "",
      "gender" : "",
      "type" : "C",
      "religion" : "",
      "dateOfBirth" : null,
      "placeOfBirth" : "",
      "socialSecurityNumber" : "",
      "socialSecurityDate" : null,
      "mediaObjectReference" : "",
      "lastUpdateDateTime" : "2018-03-07T13:10:28",
      "inputDateTime" : "2017-12-17T00:00:00",
      "_links" : {
        "self" : {
          "href" : "http://localhost/api/contacts/2697_0"
        },
        "contactPerson" : {
          "href" : "http://localhost/api/contacts/2697_0"
        },
        "master" : {
          "href" : "http://localhost/api/contacts/2697_0/master"
        }
      }
    }, {
      "inputUserId" : "QSA",
      "lastUpdateUserId" : "QSA",
      "computerId" : "GLSVR171217",
      "lastSynchronizedDate" : null,
      "addressNumber" : "2698",
      "sequence" : 0,
      "name" : "Tunggal Jaya",
      "mailingName" : "Tunggal Jaya",
      "description" : "",
      "firstName" : "",
      "middleName" : "",
      "lastName" : "",
      "nickname" : "",
      "salutation" : "",
      "gender" : "",
      "type" : "C",
      "religion" : "",
      "dateOfBirth" : null,
      "placeOfBirth" : "",
      "socialSecurityNumber" : "",
      "socialSecurityDate" : null,
      "mediaObjectReference" : "",
      "lastUpdateDateTime" : "2017-12-17T00:00:00",
      "inputDateTime" : "2017-12-17T00:00:00",
      "_links" : {
        "self" : {
          "href" : "http://localhost/api/contacts/2698_0"
        },
        "contactPerson" : {
          "href" : "http://localhost/api/contacts/2698_0"
        },
        "master" : {
          "href" : "http://localhost/api/contacts/2698_0/master"
        }
      }
    }, {
      "inputUserId" : "QSA",
      "lastUpdateUserId" : "QSA",
      "computerId" : "GLSVR171217",
      "lastSynchronizedDate" : null,
      "addressNumber" : "2699",
      "sequence" : 0,
      "name" : "Turbo Comp",
      "mailingName" : "Turbo Comp",
      "description" : "",
      "firstName" : "",
      "middleName" : "",
      "lastName" : "",
      "nickname" : "",
      "salutation" : "",
      "gender" : "",
      "type" : "C",
      "religion" : "",
      "dateOfBirth" : null,
      "placeOfBirth" : "",
      "socialSecurityNumber" : "",
      "socialSecurityDate" : null,
      "mediaObjectReference" : "",
      "lastUpdateDateTime" : "2017-12-17T00:00:00",
      "inputDateTime" : "2017-12-17T00:00:00",
      "_links" : {
        "self" : {
          "href" : "http://localhost/api/contacts/2699_0"
        },
        "contactPerson" : {
          "href" : "http://localhost/api/contacts/2699_0"
        },
        "master" : {
          "href" : "http://localhost/api/contacts/2699_0/master"
        }
      }
    }, {
      "inputUserId" : "QSA",
      "lastUpdateUserId" : "QSA",
      "computerId" : "GLSVR171217",
      "lastSynchronizedDate" : null,
      "addressNumber" : "2700",
      "sequence" : 0,
      "name" : "Tweety Netcomp",
      "mailingName" : "Tweety Netcomp",
      "description" : "",
      "firstName" : "",
      "middleName" : "",
      "lastName" : "",
      "nickname" : "",
      "salutation" : "",
      "gender" : "",
      "type" : "C",
      "religion" : "",
      "dateOfBirth" : null,
      "placeOfBirth" : "",
      "socialSecurityNumber" : "",
      "socialSecurityDate" : null,
      "mediaObjectReference" : "",
      "lastUpdateDateTime" : "2017-12-17T00:00:00",
      "inputDateTime" : "2017-12-17T00:00:00",
      "_links" : {
        "self" : {
          "href" : "http://localhost/api/contacts/2700_0"
        },
        "contactPerson" : {
          "href" : "http://localhost/api/contacts/2700_0"
        },
        "master" : {
          "href" : "http://localhost/api/contacts/2700_0/master"
        }
      }
    }, {
      "inputUserId" : "QSA",
      "lastUpdateUserId" : "QSA",
      "computerId" : "GLSVR171217",
      "lastSynchronizedDate" : null,
      "addressNumber" : "2701",
      "sequence" : 0,
      "name" : "Tya Shop (Nuril Futya)",
      "mailingName" : "Tya Shop (Nuril Futya)",
      "description" : "",
      "firstName" : "",
      "middleName" : "",
      "lastName" : "",
      "nickname" : "",
      "salutation" : "",
      "gender" : "",
      "type" : "C",
      "religion" : "",
      "dateOfBirth" : null,
      "placeOfBirth" : "",
      "socialSecurityNumber" : "",
      "socialSecurityDate" : null,
      "mediaObjectReference" : "",
      "lastUpdateDateTime" : "2017-12-17T00:00:00",
      "inputDateTime" : "2017-12-17T00:00:00",
      "_links" : {
        "self" : {
          "href" : "http://localhost/api/contacts/2701_0"
        },
        "contactPerson" : {
          "href" : "http://localhost/api/contacts/2701_0"
        },
        "master" : {
          "href" : "http://localhost/api/contacts/2701_0/master"
        }
      }
    }, {
      "inputUserId" : "QSA",
      "lastUpdateUserId" : "QSA",
      "computerId" : "GLSVR171217",
      "lastSynchronizedDate" : null,
      "addressNumber" : "2702",
      "sequence" : 0,
      "name" : "UD. Performa Optima Komputindo",
      "mailingName" : "UD. Performa Optima Komputindo",
      "description" : "",
      "firstName" : "",
      "middleName" : "",
      "lastName" : "",
      "nickname" : "",
      "salutation" : "",
      "gender" : "",
      "type" : "C",
      "religion" : "",
      "dateOfBirth" : null,
      "placeOfBirth" : "",
      "socialSecurityNumber" : "",
      "socialSecurityDate" : null,
      "mediaObjectReference" : "",
      "lastUpdateDateTime" : "2017-12-17T00:00:00",
      "inputDateTime" : "2017-12-17T00:00:00",
      "_links" : {
        "self" : {
          "href" : "http://localhost/api/contacts/2702_0"
        },
        "contactPerson" : {
          "href" : "http://localhost/api/contacts/2702_0"
        },
        "master" : {
          "href" : "http://localhost/api/contacts/2702_0/master"
        }
      }
    }, {
      "inputUserId" : "QSA",
      "lastUpdateUserId" : "QSA",
      "computerId" : "GLSVR171217",
      "lastSynchronizedDate" : null,
      "addressNumber" : "2703",
      "sequence" : 0,
      "name" : "UD.Aneka Listrik",
      "mailingName" : "UD.Aneka Listrik",
      "description" : "",
      "firstName" : "",
      "middleName" : "",
      "lastName" : "",
      "nickname" : "",
      "salutation" : "",
      "gender" : "",
      "type" : "C",
      "religion" : "",
      "dateOfBirth" : null,
      "placeOfBirth" : "",
      "socialSecurityNumber" : "",
      "socialSecurityDate" : null,
      "mediaObjectReference" : "",
      "lastUpdateDateTime" : "2017-12-17T00:00:00",
      "inputDateTime" : "2017-12-17T00:00:00",
      "_links" : {
        "self" : {
          "href" : "http://localhost/api/contacts/2703_0"
        },
        "contactPerson" : {
          "href" : "http://localhost/api/contacts/2703_0"
        },
        "master" : {
          "href" : "http://localhost/api/contacts/2703_0/master"
        }
      }
    }, {
      "inputUserId" : "QSA",
      "lastUpdateUserId" : "QSA",
      "computerId" : "GLSVR171217",
      "lastSynchronizedDate" : null,
      "addressNumber" : "2704",
      "sequence" : 0,
      "name" : "Udin",
      "mailingName" : "Udin",
      "description" : "",
      "firstName" : "",
      "middleName" : "",
      "lastName" : "",
      "nickname" : "",
      "salutation" : "",
      "gender" : "",
      "type" : "C",
      "religion" : "",
      "dateOfBirth" : null,
      "placeOfBirth" : "",
      "socialSecurityNumber" : "",
      "socialSecurityDate" : null,
      "mediaObjectReference" : "",
      "lastUpdateDateTime" : "2017-12-17T00:00:00",
      "inputDateTime" : "2017-12-17T00:00:00",
      "_links" : {
        "self" : {
          "href" : "http://localhost/api/contacts/2704_0"
        },
        "contactPerson" : {
          "href" : "http://localhost/api/contacts/2704_0"
        },
        "master" : {
          "href" : "http://localhost/api/contacts/2704_0/master"
        }
      }
    }, {
      "inputUserId" : "QSA",
      "lastUpdateUserId" : "QSA",
      "computerId" : "GLSVR171217",
      "lastSynchronizedDate" : null,
      "addressNumber" : "2705",
      "sequence" : 0,
      "name" : "Ujang",
      "mailingName" : "Ujang",
      "description" : "",
      "firstName" : "",
      "middleName" : "",
      "lastName" : "",
      "nickname" : "",
      "salutation" : "",
      "gender" : "",
      "type" : "C",
      "religion" : "",
      "dateOfBirth" : null,
      "placeOfBirth" : "",
      "socialSecurityNumber" : "",
      "socialSecurityDate" : null,
      "mediaObjectReference" : "",
      "lastUpdateDateTime" : "2017-12-17T00:00:00",
      "inputDateTime" : "2017-12-17T00:00:00",
      "_links" : {
        "self" : {
          "href" : "http://localhost/api/contacts/2705_0"
        },
        "contactPerson" : {
          "href" : "http://localhost/api/contacts/2705_0"
        },
        "master" : {
          "href" : "http://localhost/api/contacts/2705_0/master"
        }
      }
    }, {
      "inputUserId" : "QSA",
      "lastUpdateUserId" : "QSA",
      "computerId" : "GLSVR171217",
      "lastSynchronizedDate" : null,
      "addressNumber" : "2706",
      "sequence" : 0,
      "name" : "Uki",
      "mailingName" : "Uki",
      "description" : "",
      "firstName" : "",
      "middleName" : "",
      "lastName" : "",
      "nickname" : "",
      "salutation" : "",
      "gender" : "",
      "type" : "C",
      "religion" : "",
      "dateOfBirth" : null,
      "placeOfBirth" : "",
      "socialSecurityNumber" : "",
      "socialSecurityDate" : null,
      "mediaObjectReference" : "",
      "lastUpdateDateTime" : "2017-12-17T00:00:00",
      "inputDateTime" : "2017-12-17T00:00:00",
      "_links" : {
        "self" : {
          "href" : "http://localhost/api/contacts/2706_0"
        },
        "contactPerson" : {
          "href" : "http://localhost/api/contacts/2706_0"
        },
        "master" : {
          "href" : "http://localhost/api/contacts/2706_0/master"
        }
      }
    }, {
      "inputUserId" : "QSA",
      "lastUpdateUserId" : "QSA",
      "computerId" : "GLSVR171217",
      "lastSynchronizedDate" : null,
      "addressNumber" : "2707",
      "sequence" : 0,
      "name" : "Ulfa",
      "mailingName" : "Ulfa",
      "description" : "",
      "firstName" : "",
      "middleName" : "",
      "lastName" : "",
      "nickname" : "",
      "salutation" : "",
      "gender" : "",
      "type" : "C",
      "religion" : "",
      "dateOfBirth" : null,
      "placeOfBirth" : "",
      "socialSecurityNumber" : "",
      "socialSecurityDate" : null,
      "mediaObjectReference" : "",
      "lastUpdateDateTime" : "2017-12-17T00:00:00",
      "inputDateTime" : "2017-12-17T00:00:00",
      "_links" : {
        "self" : {
          "href" : "http://localhost/api/contacts/2707_0"
        },
        "contactPerson" : {
          "href" : "http://localhost/api/contacts/2707_0"
        },
        "master" : {
          "href" : "http://localhost/api/contacts/2707_0/master"
        }
      }
    }, {
      "inputUserId" : "QSA",
      "lastUpdateUserId" : "QSA",
      "computerId" : "GLSVR171217",
      "lastSynchronizedDate" : null,
      "addressNumber" : "2708",
      "sequence" : 0,
      "name" : "Umar",
      "mailingName" : "Umar",
      "description" : "",
      "firstName" : "",
      "middleName" : "",
      "lastName" : "",
      "nickname" : "",
      "salutation" : "",
      "gender" : "",
      "type" : "C",
      "religion" : "",
      "dateOfBirth" : null,
      "placeOfBirth" : "",
      "socialSecurityNumber" : "",
      "socialSecurityDate" : null,
      "mediaObjectReference" : "",
      "lastUpdateDateTime" : "2017-12-17T00:00:00",
      "inputDateTime" : "2017-12-17T00:00:00",
      "_links" : {
        "self" : {
          "href" : "http://localhost/api/contacts/2708_0"
        },
        "contactPerson" : {
          "href" : "http://localhost/api/contacts/2708_0"
        },
        "master" : {
          "href" : "http://localhost/api/contacts/2708_0/master"
        }
      }
    }, {
      "inputUserId" : "QSA",
      "lastUpdateUserId" : "QSA",
      "computerId" : "GLSVR171217",
      "lastSynchronizedDate" : null,
      "addressNumber" : "2709",
      "sequence" : 0,
      "name" : "Unitech",
      "mailingName" : "Unitech",
      "description" : "",
      "firstName" : "",
      "middleName" : "",
      "lastName" : "",
      "nickname" : "",
      "salutation" : "",
      "gender" : "",
      "type" : "C",
      "religion" : "",
      "dateOfBirth" : null,
      "placeOfBirth" : "",
      "socialSecurityNumber" : "",
      "socialSecurityDate" : null,
      "mediaObjectReference" : "",
      "lastUpdateDateTime" : "2017-12-17T00:00:00",
      "inputDateTime" : "2017-12-17T00:00:00",
      "_links" : {
        "self" : {
          "href" : "http://localhost/api/contacts/2709_0"
        },
        "contactPerson" : {
          "href" : "http://localhost/api/contacts/2709_0"
        },
        "master" : {
          "href" : "http://localhost/api/contacts/2709_0/master"
        }
      }
    }, {
      "inputUserId" : "QSA",
      "lastUpdateUserId" : "QSA",
      "computerId" : "GLSVR171217",
      "lastSynchronizedDate" : null,
      "addressNumber" : "2710",
      "sequence" : 0,
      "name" : "UPN",
      "mailingName" : "UPN",
      "description" : "",
      "firstName" : "",
      "middleName" : "",
      "lastName" : "",
      "nickname" : "",
      "salutation" : "",
      "gender" : "",
      "type" : "C",
      "religion" : "",
      "dateOfBirth" : null,
      "placeOfBirth" : "",
      "socialSecurityNumber" : "",
      "socialSecurityDate" : null,
      "mediaObjectReference" : "",
      "lastUpdateDateTime" : "2017-12-17T00:00:00",
      "inputDateTime" : "2017-12-17T00:00:00",
      "_links" : {
        "self" : {
          "href" : "http://localhost/api/contacts/2710_0"
        },
        "contactPerson" : {
          "href" : "http://localhost/api/contacts/2710_0"
        },
        "master" : {
          "href" : "http://localhost/api/contacts/2710_0/master"
        }
      }
    }, {
      "inputUserId" : "QSA",
      "lastUpdateUserId" : "QSA",
      "computerId" : "GLSVR171217",
      "lastSynchronizedDate" : null,
      "addressNumber" : "2711",
      "sequence" : 0,
      "name" : "UPT SDN Mliriprowo",
      "mailingName" : "UPT SDN Mliriprowo",
      "description" : "",
      "firstName" : "",
      "middleName" : "",
      "lastName" : "",
      "nickname" : "",
      "salutation" : "",
      "gender" : "",
      "type" : "C",
      "religion" : "",
      "dateOfBirth" : null,
      "placeOfBirth" : "",
      "socialSecurityNumber" : "",
      "socialSecurityDate" : null,
      "mediaObjectReference" : "",
      "lastUpdateDateTime" : "2017-12-17T00:00:00",
      "inputDateTime" : "2017-12-17T00:00:00",
      "_links" : {
        "self" : {
          "href" : "http://localhost/api/contacts/2711_0"
        },
        "contactPerson" : {
          "href" : "http://localhost/api/contacts/2711_0"
        },
        "master" : {
          "href" : "http://localhost/api/contacts/2711_0/master"
        }
      }
    }, {
      "inputUserId" : "QSA",
      "lastUpdateUserId" : "QSA",
      "computerId" : "GLSVR171217",
      "lastSynchronizedDate" : null,
      "addressNumber" : "2712",
      "sequence" : 0,
      "name" : "Usni",
      "mailingName" : "Usni",
      "description" : "",
      "firstName" : "",
      "middleName" : "",
      "lastName" : "",
      "nickname" : "",
      "salutation" : "",
      "gender" : "",
      "type" : "C",
      "religion" : "",
      "dateOfBirth" : null,
      "placeOfBirth" : "",
      "socialSecurityNumber" : "",
      "socialSecurityDate" : null,
      "mediaObjectReference" : "",
      "lastUpdateDateTime" : "2017-12-17T00:00:00",
      "inputDateTime" : "2017-12-17T00:00:00",
      "_links" : {
        "self" : {
          "href" : "http://localhost/api/contacts/2712_0"
        },
        "contactPerson" : {
          "href" : "http://localhost/api/contacts/2712_0"
        },
        "master" : {
          "href" : "http://localhost/api/contacts/2712_0/master"
        }
      }
    }, {
      "inputUserId" : "QSA",
      "lastUpdateUserId" : "QSA",
      "computerId" : "GLSVR171217",
      "lastSynchronizedDate" : null,
      "addressNumber" : "2713",
      "sequence" : 0,
      "name" : "Vaforit",
      "mailingName" : "Vaforit",
      "description" : "",
      "firstName" : "",
      "middleName" : "",
      "lastName" : "",
      "nickname" : "",
      "salutation" : "",
      "gender" : "",
      "type" : "C",
      "religion" : "",
      "dateOfBirth" : null,
      "placeOfBirth" : "",
      "socialSecurityNumber" : "",
      "socialSecurityDate" : null,
      "mediaObjectReference" : "",
      "lastUpdateDateTime" : "2017-12-17T00:00:00",
      "inputDateTime" : "2017-12-17T00:00:00",
      "_links" : {
        "self" : {
          "href" : "http://localhost/api/contacts/2713_0"
        },
        "contactPerson" : {
          "href" : "http://localhost/api/contacts/2713_0"
        },
        "master" : {
          "href" : "http://localhost/api/contacts/2713_0/master"
        }
      }
    }, {
      "inputUserId" : "QSA",
      "lastUpdateUserId" : "QSA",
      "computerId" : "GLSVR171217",
      "lastSynchronizedDate" : null,
      "addressNumber" : "2714",
      "sequence" : 0,
      "name" : "Valentine Computer",
      "mailingName" : "Valentine Computer",
      "description" : "",
      "firstName" : "",
      "middleName" : "",
      "lastName" : "",
      "nickname" : "",
      "salutation" : "",
      "gender" : "",
      "type" : "C",
      "religion" : "",
      "dateOfBirth" : null,
      "placeOfBirth" : "",
      "socialSecurityNumber" : "",
      "socialSecurityDate" : null,
      "mediaObjectReference" : "",
      "lastUpdateDateTime" : "2017-12-17T00:00:00",
      "inputDateTime" : "2017-12-17T00:00:00",
      "_links" : {
        "self" : {
          "href" : "http://localhost/api/contacts/2714_0"
        },
        "contactPerson" : {
          "href" : "http://localhost/api/contacts/2714_0"
        },
        "master" : {
          "href" : "http://localhost/api/contacts/2714_0/master"
        }
      }
    }, {
      "inputUserId" : "QSA",
      "lastUpdateUserId" : "QSA",
      "computerId" : "GLSVR171217",
      "lastSynchronizedDate" : null,
      "addressNumber" : "2715",
      "sequence" : 0,
      "name" : "Vania Lay ( Tokopedia )",
      "mailingName" : "Vania Lay ( Tokopedia )",
      "description" : "",
      "firstName" : "",
      "middleName" : "",
      "lastName" : "",
      "nickname" : "",
      "salutation" : "",
      "gender" : "",
      "type" : "C",
      "religion" : "",
      "dateOfBirth" : null,
      "placeOfBirth" : "",
      "socialSecurityNumber" : "",
      "socialSecurityDate" : null,
      "mediaObjectReference" : "",
      "lastUpdateDateTime" : "2017-12-17T00:00:00",
      "inputDateTime" : "2017-12-17T00:00:00",
      "_links" : {
        "self" : {
          "href" : "http://localhost/api/contacts/2715_0"
        },
        "contactPerson" : {
          "href" : "http://localhost/api/contacts/2715_0"
        },
        "master" : {
          "href" : "http://localhost/api/contacts/2715_0/master"
        }
      }
    }, {
      "inputUserId" : "QSA",
      "lastUpdateUserId" : "QSA",
      "computerId" : "GLSVR171217",
      "lastSynchronizedDate" : null,
      "addressNumber" : "2716",
      "sequence" : 0,
      "name" : "Very",
      "mailingName" : "Very",
      "description" : "",
      "firstName" : "",
      "middleName" : "",
      "lastName" : "",
      "nickname" : "",
      "salutation" : "",
      "gender" : "",
      "type" : "C",
      "religion" : "",
      "dateOfBirth" : null,
      "placeOfBirth" : "",
      "socialSecurityNumber" : "",
      "socialSecurityDate" : null,
      "mediaObjectReference" : "",
      "lastUpdateDateTime" : "2017-12-17T00:00:00",
      "inputDateTime" : "2017-12-17T00:00:00",
      "_links" : {
        "self" : {
          "href" : "http://localhost/api/contacts/2716_0"
        },
        "contactPerson" : {
          "href" : "http://localhost/api/contacts/2716_0"
        },
        "master" : {
          "href" : "http://localhost/api/contacts/2716_0/master"
        }
      }
    }, {
      "inputUserId" : "QSA",
      "lastUpdateUserId" : "QSA",
      "computerId" : "GLSVR171217",
      "lastSynchronizedDate" : null,
      "addressNumber" : "2717",
      "sequence" : 0,
      "name" : "Vian",
      "mailingName" : "Vian",
      "description" : "",
      "firstName" : "",
      "middleName" : "",
      "lastName" : "",
      "nickname" : "",
      "salutation" : "",
      "gender" : "",
      "type" : "C",
      "religion" : "",
      "dateOfBirth" : null,
      "placeOfBirth" : "",
      "socialSecurityNumber" : "",
      "socialSecurityDate" : null,
      "mediaObjectReference" : "",
      "lastUpdateDateTime" : "2017-12-17T00:00:00",
      "inputDateTime" : "2017-12-17T00:00:00",
      "_links" : {
        "self" : {
          "href" : "http://localhost/api/contacts/2717_0"
        },
        "contactPerson" : {
          "href" : "http://localhost/api/contacts/2717_0"
        },
        "master" : {
          "href" : "http://localhost/api/contacts/2717_0/master"
        }
      }
    }, {
      "inputUserId" : "QSA",
      "lastUpdateUserId" : "QSA",
      "computerId" : "GLSVR171217",
      "lastSynchronizedDate" : null,
      "addressNumber" : "2718",
      "sequence" : 0,
      "name" : "Vicky",
      "mailingName" : "Vicky",
      "description" : "",
      "firstName" : "",
      "middleName" : "",
      "lastName" : "",
      "nickname" : "",
      "salutation" : "",
      "gender" : "",
      "type" : "C",
      "religion" : "",
      "dateOfBirth" : null,
      "placeOfBirth" : "",
      "socialSecurityNumber" : "",
      "socialSecurityDate" : null,
      "mediaObjectReference" : "",
      "lastUpdateDateTime" : "2017-12-17T00:00:00",
      "inputDateTime" : "2017-12-17T00:00:00",
      "_links" : {
        "self" : {
          "href" : "http://localhost/api/contacts/2718_0"
        },
        "contactPerson" : {
          "href" : "http://localhost/api/contacts/2718_0"
        },
        "master" : {
          "href" : "http://localhost/api/contacts/2718_0/master"
        }
      }
    }, {
      "inputUserId" : "QSA",
      "lastUpdateUserId" : "QSA",
      "computerId" : "GLSVR171217",
      "lastSynchronizedDate" : null,
      "addressNumber" : "2719",
      "sequence" : 0,
      "name" : "Vicom",
      "mailingName" : "Vicom",
      "description" : "",
      "firstName" : "",
      "middleName" : "",
      "lastName" : "",
      "nickname" : "",
      "salutation" : "",
      "gender" : "",
      "type" : "C",
      "religion" : "",
      "dateOfBirth" : null,
      "placeOfBirth" : "",
      "socialSecurityNumber" : "",
      "socialSecurityDate" : null,
      "mediaObjectReference" : "",
      "lastUpdateDateTime" : "2017-12-17T00:00:00",
      "inputDateTime" : "2017-12-17T00:00:00",
      "_links" : {
        "self" : {
          "href" : "http://localhost/api/contacts/2719_0"
        },
        "contactPerson" : {
          "href" : "http://localhost/api/contacts/2719_0"
        },
        "master" : {
          "href" : "http://localhost/api/contacts/2719_0/master"
        }
      }
    }, {
      "inputUserId" : "QSA",
      "lastUpdateUserId" : "QSA",
      "computerId" : "GLSVR171217",
      "lastSynchronizedDate" : null,
      "addressNumber" : "2720",
      "sequence" : 0,
      "name" : "Victory Electronic",
      "mailingName" : "Victory Electronic",
      "description" : "",
      "firstName" : "",
      "middleName" : "",
      "lastName" : "",
      "nickname" : "",
      "salutation" : "",
      "gender" : "",
      "type" : "C",
      "religion" : "",
      "dateOfBirth" : null,
      "placeOfBirth" : "",
      "socialSecurityNumber" : "",
      "socialSecurityDate" : null,
      "mediaObjectReference" : "",
      "lastUpdateDateTime" : "2017-12-17T00:00:00",
      "inputDateTime" : "2017-12-17T00:00:00",
      "_links" : {
        "self" : {
          "href" : "http://localhost/api/contacts/2720_0"
        },
        "contactPerson" : {
          "href" : "http://localhost/api/contacts/2720_0"
        },
        "master" : {
          "href" : "http://localhost/api/contacts/2720_0/master"
        }
      }
    }, {
      "inputUserId" : "QSA",
      "lastUpdateUserId" : "QSA",
      "computerId" : "GLSVR171217",
      "lastSynchronizedDate" : null,
      "addressNumber" : "2721",
      "sequence" : 0,
      "name" : "Victory Komputer",
      "mailingName" : "Victory Komputer",
      "description" : "",
      "firstName" : "",
      "middleName" : "",
      "lastName" : "",
      "nickname" : "",
      "salutation" : "",
      "gender" : "",
      "type" : "C",
      "religion" : "",
      "dateOfBirth" : null,
      "placeOfBirth" : "",
      "socialSecurityNumber" : "",
      "socialSecurityDate" : null,
      "mediaObjectReference" : "",
      "lastUpdateDateTime" : "2017-12-17T00:00:00",
      "inputDateTime" : "2017-12-17T00:00:00",
      "_links" : {
        "self" : {
          "href" : "http://localhost/api/contacts/2721_0"
        },
        "contactPerson" : {
          "href" : "http://localhost/api/contacts/2721_0"
        },
        "master" : {
          "href" : "http://localhost/api/contacts/2721_0/master"
        }
      }
    }, {
      "inputUserId" : "QSA",
      "lastUpdateUserId" : "QSA",
      "computerId" : "GLSVR171217",
      "lastSynchronizedDate" : null,
      "addressNumber" : "2722",
      "sequence" : 0,
      "name" : "VIP Barcode Solution",
      "mailingName" : "VIP Barcode Solution",
      "description" : "",
      "firstName" : "",
      "middleName" : "",
      "lastName" : "",
      "nickname" : "",
      "salutation" : "",
      "gender" : "",
      "type" : "C",
      "religion" : "",
      "dateOfBirth" : null,
      "placeOfBirth" : "",
      "socialSecurityNumber" : "",
      "socialSecurityDate" : null,
      "mediaObjectReference" : "",
      "lastUpdateDateTime" : "2017-12-17T00:00:00",
      "inputDateTime" : "2017-12-17T00:00:00",
      "_links" : {
        "self" : {
          "href" : "http://localhost/api/contacts/2722_0"
        },
        "contactPerson" : {
          "href" : "http://localhost/api/contacts/2722_0"
        },
        "master" : {
          "href" : "http://localhost/api/contacts/2722_0/master"
        }
      }
    }, {
      "inputUserId" : "QSA",
      "lastUpdateUserId" : "QSA",
      "computerId" : "GLSVR171217",
      "lastSynchronizedDate" : null,
      "addressNumber" : "2723",
      "sequence" : 0,
      "name" : "Visiniaga",
      "mailingName" : "Visiniaga",
      "description" : "",
      "firstName" : "",
      "middleName" : "",
      "lastName" : "",
      "nickname" : "",
      "salutation" : "",
      "gender" : "",
      "type" : "C",
      "religion" : "",
      "dateOfBirth" : null,
      "placeOfBirth" : "",
      "socialSecurityNumber" : "",
      "socialSecurityDate" : null,
      "mediaObjectReference" : "",
      "lastUpdateDateTime" : "2017-12-17T00:00:00",
      "inputDateTime" : "2017-12-17T00:00:00",
      "_links" : {
        "self" : {
          "href" : "http://localhost/api/contacts/2723_0"
        },
        "contactPerson" : {
          "href" : "http://localhost/api/contacts/2723_0"
        },
        "master" : {
          "href" : "http://localhost/api/contacts/2723_0/master"
        }
      }
    }, {
      "inputUserId" : "QSA",
      "lastUpdateUserId" : "QSA",
      "computerId" : "GLSVR171217",
      "lastSynchronizedDate" : null,
      "addressNumber" : "2724",
      "sequence" : 0,
      "name" : "Vivi",
      "mailingName" : "Vivi",
      "description" : "",
      "firstName" : "",
      "middleName" : "",
      "lastName" : "",
      "nickname" : "",
      "salutation" : "",
      "gender" : "",
      "type" : "C",
      "religion" : "",
      "dateOfBirth" : null,
      "placeOfBirth" : "",
      "socialSecurityNumber" : "",
      "socialSecurityDate" : null,
      "mediaObjectReference" : "",
      "lastUpdateDateTime" : "2017-12-17T00:00:00",
      "inputDateTime" : "2017-12-17T00:00:00",
      "_links" : {
        "self" : {
          "href" : "http://localhost/api/contacts/2724_0"
        },
        "contactPerson" : {
          "href" : "http://localhost/api/contacts/2724_0"
        },
        "master" : {
          "href" : "http://localhost/api/contacts/2724_0/master"
        }
      }
    }, {
      "inputUserId" : "QSA",
      "lastUpdateUserId" : "QSA",
      "computerId" : "GLSVR171217",
      "lastSynchronizedDate" : null,
      "addressNumber" : "2725",
      "sequence" : 0,
      "name" : "Wahana Computer",
      "mailingName" : "Wahana Computer",
      "description" : "",
      "firstName" : "",
      "middleName" : "",
      "lastName" : "",
      "nickname" : "",
      "salutation" : "",
      "gender" : "",
      "type" : "C",
      "religion" : "",
      "dateOfBirth" : null,
      "placeOfBirth" : "",
      "socialSecurityNumber" : "",
      "socialSecurityDate" : null,
      "mediaObjectReference" : "",
      "lastUpdateDateTime" : "2017-12-17T00:00:00",
      "inputDateTime" : "2017-12-17T00:00:00",
      "_links" : {
        "self" : {
          "href" : "http://localhost/api/contacts/2725_0"
        },
        "contactPerson" : {
          "href" : "http://localhost/api/contacts/2725_0"
        },
        "master" : {
          "href" : "http://localhost/api/contacts/2725_0/master"
        }
      }
    }, {
      "inputUserId" : "QSA",
      "lastUpdateUserId" : "QSA",
      "computerId" : "GLSVR171217",
      "lastSynchronizedDate" : null,
      "addressNumber" : "2726",
      "sequence" : 0,
      "name" : "Wahana Teknology Computer",
      "mailingName" : "Wahana Teknology Computer",
      "description" : "",
      "firstName" : "",
      "middleName" : "",
      "lastName" : "",
      "nickname" : "",
      "salutation" : "",
      "gender" : "",
      "type" : "C",
      "religion" : "",
      "dateOfBirth" : null,
      "placeOfBirth" : "",
      "socialSecurityNumber" : "",
      "socialSecurityDate" : null,
      "mediaObjectReference" : "",
      "lastUpdateDateTime" : "2017-12-17T00:00:00",
      "inputDateTime" : "2017-12-17T00:00:00",
      "_links" : {
        "self" : {
          "href" : "http://localhost/api/contacts/2726_0"
        },
        "contactPerson" : {
          "href" : "http://localhost/api/contacts/2726_0"
        },
        "master" : {
          "href" : "http://localhost/api/contacts/2726_0/master"
        }
      }
    }, {
      "inputUserId" : "QSA",
      "lastUpdateUserId" : "QSA",
      "computerId" : "GLSVR171217",
      "lastSynchronizedDate" : null,
      "addressNumber" : "2727",
      "sequence" : 0,
      "name" : "Wahono",
      "mailingName" : "Wahono",
      "description" : "",
      "firstName" : "",
      "middleName" : "",
      "lastName" : "",
      "nickname" : "",
      "salutation" : "",
      "gender" : "",
      "type" : "C",
      "religion" : "",
      "dateOfBirth" : null,
      "placeOfBirth" : "",
      "socialSecurityNumber" : "",
      "socialSecurityDate" : null,
      "mediaObjectReference" : "",
      "lastUpdateDateTime" : "2017-12-17T00:00:00",
      "inputDateTime" : "2017-12-17T00:00:00",
      "_links" : {
        "self" : {
          "href" : "http://localhost/api/contacts/2727_0"
        },
        "contactPerson" : {
          "href" : "http://localhost/api/contacts/2727_0"
        },
        "master" : {
          "href" : "http://localhost/api/contacts/2727_0/master"
        }
      }
    }, {
      "inputUserId" : "QSA",
      "lastUpdateUserId" : "QSA",
      "computerId" : "GLSVR171217",
      "lastSynchronizedDate" : null,
      "addressNumber" : "2728",
      "sequence" : 0,
      "name" : "Wahyu",
      "mailingName" : "Wahyu",
      "description" : "",
      "firstName" : "",
      "middleName" : "",
      "lastName" : "",
      "nickname" : "",
      "salutation" : "",
      "gender" : "",
      "type" : "C",
      "religion" : "",
      "dateOfBirth" : null,
      "placeOfBirth" : "",
      "socialSecurityNumber" : "",
      "socialSecurityDate" : null,
      "mediaObjectReference" : "",
      "lastUpdateDateTime" : "2017-12-17T00:00:00",
      "inputDateTime" : "2017-12-17T00:00:00",
      "_links" : {
        "self" : {
          "href" : "http://localhost/api/contacts/2728_0"
        },
        "contactPerson" : {
          "href" : "http://localhost/api/contacts/2728_0"
        },
        "master" : {
          "href" : "http://localhost/api/contacts/2728_0/master"
        }
      }
    }, {
      "inputUserId" : "QSA",
      "lastUpdateUserId" : "QSA",
      "computerId" : "GLSVR171217",
      "lastSynchronizedDate" : null,
      "addressNumber" : "2729",
      "sequence" : 0,
      "name" : "Wahyu Ramadhan (Tokopedia)",
      "mailingName" : "Wahyu Ramadhan (Tokopedia)",
      "description" : "",
      "firstName" : "",
      "middleName" : "",
      "lastName" : "",
      "nickname" : "",
      "salutation" : "",
      "gender" : "",
      "type" : "C",
      "religion" : "",
      "dateOfBirth" : null,
      "placeOfBirth" : "",
      "socialSecurityNumber" : "",
      "socialSecurityDate" : null,
      "mediaObjectReference" : "",
      "lastUpdateDateTime" : "2017-12-17T00:00:00",
      "inputDateTime" : "2017-12-17T00:00:00",
      "_links" : {
        "self" : {
          "href" : "http://localhost/api/contacts/2729_0"
        },
        "contactPerson" : {
          "href" : "http://localhost/api/contacts/2729_0"
        },
        "master" : {
          "href" : "http://localhost/api/contacts/2729_0/master"
        }
      }
    }, {
      "inputUserId" : "QSA",
      "lastUpdateUserId" : "QSA",
      "computerId" : "GLSVR171217",
      "lastSynchronizedDate" : null,
      "addressNumber" : "2730",
      "sequence" : 0,
      "name" : "Wahyu Setyo N ( Tokopedia )",
      "mailingName" : "Wahyu Setyo N ( Tokopedia )",
      "description" : "",
      "firstName" : "",
      "middleName" : "",
      "lastName" : "",
      "nickname" : "",
      "salutation" : "",
      "gender" : "",
      "type" : "C",
      "religion" : "",
      "dateOfBirth" : null,
      "placeOfBirth" : "",
      "socialSecurityNumber" : "",
      "socialSecurityDate" : null,
      "mediaObjectReference" : "",
      "lastUpdateDateTime" : "2017-12-17T00:00:00",
      "inputDateTime" : "2017-12-17T00:00:00",
      "_links" : {
        "self" : {
          "href" : "http://localhost/api/contacts/2730_0"
        },
        "contactPerson" : {
          "href" : "http://localhost/api/contacts/2730_0"
        },
        "master" : {
          "href" : "http://localhost/api/contacts/2730_0/master"
        }
      }
    }, {
      "inputUserId" : "QSA",
      "lastUpdateUserId" : "QSA",
      "computerId" : "GLSVR171217",
      "lastSynchronizedDate" : null,
      "addressNumber" : "2731",
      "sequence" : 0,
      "name" : "Wahyudi",
      "mailingName" : "Wahyudi",
      "description" : "",
      "firstName" : "",
      "middleName" : "",
      "lastName" : "",
      "nickname" : "",
      "salutation" : "",
      "gender" : "",
      "type" : "C",
      "religion" : "",
      "dateOfBirth" : null,
      "placeOfBirth" : "",
      "socialSecurityNumber" : "",
      "socialSecurityDate" : null,
      "mediaObjectReference" : "",
      "lastUpdateDateTime" : "2017-12-17T00:00:00",
      "inputDateTime" : "2017-12-17T00:00:00",
      "_links" : {
        "self" : {
          "href" : "http://localhost/api/contacts/2731_0"
        },
        "contactPerson" : {
          "href" : "http://localhost/api/contacts/2731_0"
        },
        "master" : {
          "href" : "http://localhost/api/contacts/2731_0/master"
        }
      }
    }, {
      "inputUserId" : "QSA",
      "lastUpdateUserId" : "QSA",
      "computerId" : "GLSVR171217",
      "lastSynchronizedDate" : null,
      "addressNumber" : "2732",
      "sequence" : 0,
      "name" : "Wanda",
      "mailingName" : "Wanda",
      "description" : "",
      "firstName" : "",
      "middleName" : "",
      "lastName" : "",
      "nickname" : "",
      "salutation" : "",
      "gender" : "",
      "type" : "C",
      "religion" : "",
      "dateOfBirth" : null,
      "placeOfBirth" : "",
      "socialSecurityNumber" : "",
      "socialSecurityDate" : null,
      "mediaObjectReference" : "",
      "lastUpdateDateTime" : "2017-12-17T00:00:00",
      "inputDateTime" : "2017-12-17T00:00:00",
      "_links" : {
        "self" : {
          "href" : "http://localhost/api/contacts/2732_0"
        },
        "contactPerson" : {
          "href" : "http://localhost/api/contacts/2732_0"
        },
        "master" : {
          "href" : "http://localhost/api/contacts/2732_0/master"
        }
      }
    }, {
      "inputUserId" : "QSA",
      "lastUpdateUserId" : "QSA",
      "computerId" : "GLSVR171217",
      "lastSynchronizedDate" : null,
      "addressNumber" : "2733",
      "sequence" : 0,
      "name" : "Wanyen",
      "mailingName" : "Wanyen",
      "description" : "",
      "firstName" : "",
      "middleName" : "",
      "lastName" : "",
      "nickname" : "",
      "salutation" : "",
      "gender" : "",
      "type" : "C",
      "religion" : "",
      "dateOfBirth" : null,
      "placeOfBirth" : "",
      "socialSecurityNumber" : "",
      "socialSecurityDate" : null,
      "mediaObjectReference" : "",
      "lastUpdateDateTime" : "2017-12-17T00:00:00",
      "inputDateTime" : "2017-12-17T00:00:00",
      "_links" : {
        "self" : {
          "href" : "http://localhost/api/contacts/2733_0"
        },
        "contactPerson" : {
          "href" : "http://localhost/api/contacts/2733_0"
        },
        "master" : {
          "href" : "http://localhost/api/contacts/2733_0/master"
        }
      }
    }, {
      "inputUserId" : "QSA",
      "lastUpdateUserId" : "QSA",
      "computerId" : "GLSVR171217",
      "lastSynchronizedDate" : null,
      "addressNumber" : "2734",
      "sequence" : 0,
      "name" : "Warlah Biru",
      "mailingName" : "Warlah Biru",
      "description" : "",
      "firstName" : "",
      "middleName" : "",
      "lastName" : "",
      "nickname" : "",
      "salutation" : "",
      "gender" : "",
      "type" : "C",
      "religion" : "",
      "dateOfBirth" : null,
      "placeOfBirth" : "",
      "socialSecurityNumber" : "",
      "socialSecurityDate" : null,
      "mediaObjectReference" : "",
      "lastUpdateDateTime" : "2017-12-17T00:00:00",
      "inputDateTime" : "2017-12-17T00:00:00",
      "_links" : {
        "self" : {
          "href" : "http://localhost/api/contacts/2734_0"
        },
        "contactPerson" : {
          "href" : "http://localhost/api/contacts/2734_0"
        },
        "master" : {
          "href" : "http://localhost/api/contacts/2734_0/master"
        }
      }
    }, {
      "inputUserId" : "QSA",
      "lastUpdateUserId" : "QSA",
      "computerId" : "GLSVR171217",
      "lastSynchronizedDate" : null,
      "addressNumber" : "2735",
      "sequence" : 0,
      "name" : "Wasito Edi Prayitno",
      "mailingName" : "Wasito Edi Prayitno",
      "description" : "",
      "firstName" : "",
      "middleName" : "",
      "lastName" : "",
      "nickname" : "",
      "salutation" : "",
      "gender" : "",
      "type" : "C",
      "religion" : "",
      "dateOfBirth" : null,
      "placeOfBirth" : "",
      "socialSecurityNumber" : "",
      "socialSecurityDate" : null,
      "mediaObjectReference" : "",
      "lastUpdateDateTime" : "2017-12-17T00:00:00",
      "inputDateTime" : "2017-12-17T00:00:00",
      "_links" : {
        "self" : {
          "href" : "http://localhost/api/contacts/2735_0"
        },
        "contactPerson" : {
          "href" : "http://localhost/api/contacts/2735_0"
        },
        "master" : {
          "href" : "http://localhost/api/contacts/2735_0/master"
        }
      }
    }, {
      "inputUserId" : "QSA",
      "lastUpdateUserId" : "QSA",
      "computerId" : "GLSVR171217",
      "lastSynchronizedDate" : null,
      "addressNumber" : "2736",
      "sequence" : 0,
      "name" : "Waskita",
      "mailingName" : "Waskita",
      "description" : "",
      "firstName" : "",
      "middleName" : "",
      "lastName" : "",
      "nickname" : "",
      "salutation" : "",
      "gender" : "",
      "type" : "C",
      "religion" : "",
      "dateOfBirth" : null,
      "placeOfBirth" : "",
      "socialSecurityNumber" : "",
      "socialSecurityDate" : null,
      "mediaObjectReference" : "",
      "lastUpdateDateTime" : "2017-12-17T00:00:00",
      "inputDateTime" : "2017-12-17T00:00:00",
      "_links" : {
        "self" : {
          "href" : "http://localhost/api/contacts/2736_0"
        },
        "contactPerson" : {
          "href" : "http://localhost/api/contacts/2736_0"
        },
        "master" : {
          "href" : "http://localhost/api/contacts/2736_0/master"
        }
      }
    }, {
      "inputUserId" : "QSA",
      "lastUpdateUserId" : "QSA",
      "computerId" : "GLSVR171217",
      "lastSynchronizedDate" : null,
      "addressNumber" : "2737",
      "sequence" : 0,
      "name" : "Wawan",
      "mailingName" : "Wawan",
      "description" : "",
      "firstName" : "",
      "middleName" : "",
      "lastName" : "",
      "nickname" : "",
      "salutation" : "",
      "gender" : "",
      "type" : "C",
      "religion" : "",
      "dateOfBirth" : null,
      "placeOfBirth" : "",
      "socialSecurityNumber" : "",
      "socialSecurityDate" : null,
      "mediaObjectReference" : "",
      "lastUpdateDateTime" : "2017-12-17T00:00:00",
      "inputDateTime" : "2017-12-17T00:00:00",
      "_links" : {
        "self" : {
          "href" : "http://localhost/api/contacts/2737_0"
        },
        "contactPerson" : {
          "href" : "http://localhost/api/contacts/2737_0"
        },
        "master" : {
          "href" : "http://localhost/api/contacts/2737_0/master"
        }
      }
    }, {
      "inputUserId" : "QSA",
      "lastUpdateUserId" : "QSA",
      "computerId" : "GLSVR171217",
      "lastSynchronizedDate" : null,
      "addressNumber" : "2738",
      "sequence" : 0,
      "name" : "Wicd Comp",
      "mailingName" : "Wicd Comp",
      "description" : "",
      "firstName" : "",
      "middleName" : "",
      "lastName" : "",
      "nickname" : "",
      "salutation" : "",
      "gender" : "",
      "type" : "C",
      "religion" : "",
      "dateOfBirth" : null,
      "placeOfBirth" : "",
      "socialSecurityNumber" : "",
      "socialSecurityDate" : null,
      "mediaObjectReference" : "",
      "lastUpdateDateTime" : "2017-12-17T00:00:00",
      "inputDateTime" : "2017-12-17T00:00:00",
      "_links" : {
        "self" : {
          "href" : "http://localhost/api/contacts/2738_0"
        },
        "contactPerson" : {
          "href" : "http://localhost/api/contacts/2738_0"
        },
        "master" : {
          "href" : "http://localhost/api/contacts/2738_0/master"
        }
      }
    }, {
      "inputUserId" : "QSA",
      "lastUpdateUserId" : "QSA",
      "computerId" : "GLSVR171217",
      "lastSynchronizedDate" : null,
      "addressNumber" : "2739",
      "sequence" : 0,
      "name" : "Widana",
      "mailingName" : "Widana",
      "description" : "",
      "firstName" : "",
      "middleName" : "",
      "lastName" : "",
      "nickname" : "",
      "salutation" : "",
      "gender" : "",
      "type" : "C",
      "religion" : "",
      "dateOfBirth" : null,
      "placeOfBirth" : "",
      "socialSecurityNumber" : "",
      "socialSecurityDate" : null,
      "mediaObjectReference" : "",
      "lastUpdateDateTime" : "2017-12-17T00:00:00",
      "inputDateTime" : "2017-12-17T00:00:00",
      "_links" : {
        "self" : {
          "href" : "http://localhost/api/contacts/2739_0"
        },
        "contactPerson" : {
          "href" : "http://localhost/api/contacts/2739_0"
        },
        "master" : {
          "href" : "http://localhost/api/contacts/2739_0/master"
        }
      }
    }, {
      "inputUserId" : "QSA",
      "lastUpdateUserId" : "QSA",
      "computerId" : "GLSVR171217",
      "lastSynchronizedDate" : null,
      "addressNumber" : "2740",
      "sequence" : 0,
      "name" : "Widi",
      "mailingName" : "Widi",
      "description" : "",
      "firstName" : "",
      "middleName" : "",
      "lastName" : "",
      "nickname" : "",
      "salutation" : "",
      "gender" : "",
      "type" : "C",
      "religion" : "",
      "dateOfBirth" : null,
      "placeOfBirth" : "",
      "socialSecurityNumber" : "",
      "socialSecurityDate" : null,
      "mediaObjectReference" : "",
      "lastUpdateDateTime" : "2017-12-17T00:00:00",
      "inputDateTime" : "2017-12-17T00:00:00",
      "_links" : {
        "self" : {
          "href" : "http://localhost/api/contacts/2740_0"
        },
        "contactPerson" : {
          "href" : "http://localhost/api/contacts/2740_0"
        },
        "master" : {
          "href" : "http://localhost/api/contacts/2740_0/master"
        }
      }
    }, {
      "inputUserId" : "QSA",
      "lastUpdateUserId" : "QSA",
      "computerId" : "GLSVR171217",
      "lastSynchronizedDate" : null,
      "addressNumber" : "2741",
      "sequence" : 0,
      "name" : "Widjoyo",
      "mailingName" : "Widjoyo",
      "description" : "",
      "firstName" : "",
      "middleName" : "",
      "lastName" : "",
      "nickname" : "",
      "salutation" : "",
      "gender" : "",
      "type" : "C",
      "religion" : "",
      "dateOfBirth" : null,
      "placeOfBirth" : "",
      "socialSecurityNumber" : "",
      "socialSecurityDate" : null,
      "mediaObjectReference" : "",
      "lastUpdateDateTime" : "2017-12-17T00:00:00",
      "inputDateTime" : "2017-12-17T00:00:00",
      "_links" : {
        "self" : {
          "href" : "http://localhost/api/contacts/2741_0"
        },
        "contactPerson" : {
          "href" : "http://localhost/api/contacts/2741_0"
        },
        "master" : {
          "href" : "http://localhost/api/contacts/2741_0/master"
        }
      }
    }, {
      "inputUserId" : "QSA",
      "lastUpdateUserId" : "QSA",
      "computerId" : "GLSVR171217",
      "lastSynchronizedDate" : null,
      "addressNumber" : "2742",
      "sequence" : 0,
      "name" : "Wido",
      "mailingName" : "Wido",
      "description" : "",
      "firstName" : "",
      "middleName" : "",
      "lastName" : "",
      "nickname" : "",
      "salutation" : "",
      "gender" : "",
      "type" : "C",
      "religion" : "",
      "dateOfBirth" : null,
      "placeOfBirth" : "",
      "socialSecurityNumber" : "",
      "socialSecurityDate" : null,
      "mediaObjectReference" : "",
      "lastUpdateDateTime" : "2017-12-17T00:00:00",
      "inputDateTime" : "2017-12-17T00:00:00",
      "_links" : {
        "self" : {
          "href" : "http://localhost/api/contacts/2742_0"
        },
        "contactPerson" : {
          "href" : "http://localhost/api/contacts/2742_0"
        },
        "master" : {
          "href" : "http://localhost/api/contacts/2742_0/master"
        }
      }
    }, {
      "inputUserId" : "QSA",
      "lastUpdateUserId" : "QSA",
      "computerId" : "GLSVR171217",
      "lastSynchronizedDate" : null,
      "addressNumber" : "2743",
      "sequence" : 0,
      "name" : "Wijaya",
      "mailingName" : "Wijaya",
      "description" : "",
      "firstName" : "",
      "middleName" : "",
      "lastName" : "",
      "nickname" : "",
      "salutation" : "",
      "gender" : "",
      "type" : "C",
      "religion" : "",
      "dateOfBirth" : null,
      "placeOfBirth" : "",
      "socialSecurityNumber" : "",
      "socialSecurityDate" : null,
      "mediaObjectReference" : "",
      "lastUpdateDateTime" : "2017-12-17T00:00:00",
      "inputDateTime" : "2017-12-17T00:00:00",
      "_links" : {
        "self" : {
          "href" : "http://localhost/api/contacts/2743_0"
        },
        "contactPerson" : {
          "href" : "http://localhost/api/contacts/2743_0"
        },
        "master" : {
          "href" : "http://localhost/api/contacts/2743_0/master"
        }
      }
    }, {
      "inputUserId" : "QSA",
      "lastUpdateUserId" : "QSA",
      "computerId" : "GLSVR171217",
      "lastSynchronizedDate" : null,
      "addressNumber" : "2744",
      "sequence" : 0,
      "name" : "Wijaya Computama",
      "mailingName" : "Wijaya Computama",
      "description" : "",
      "firstName" : "",
      "middleName" : "",
      "lastName" : "",
      "nickname" : "",
      "salutation" : "",
      "gender" : "",
      "type" : "C",
      "religion" : "",
      "dateOfBirth" : null,
      "placeOfBirth" : "",
      "socialSecurityNumber" : "",
      "socialSecurityDate" : null,
      "mediaObjectReference" : "",
      "lastUpdateDateTime" : "2017-12-17T00:00:00",
      "inputDateTime" : "2017-12-17T00:00:00",
      "_links" : {
        "self" : {
          "href" : "http://localhost/api/contacts/2744_0"
        },
        "contactPerson" : {
          "href" : "http://localhost/api/contacts/2744_0"
        },
        "master" : {
          "href" : "http://localhost/api/contacts/2744_0/master"
        }
      }
    }, {
      "inputUserId" : "QSA",
      "lastUpdateUserId" : "QSA",
      "computerId" : "GLSVR171217",
      "lastSynchronizedDate" : null,
      "addressNumber" : "2745",
      "sequence" : 0,
      "name" : "Wijayanto",
      "mailingName" : "Wijayanto",
      "description" : "",
      "firstName" : "",
      "middleName" : "",
      "lastName" : "",
      "nickname" : "",
      "salutation" : "",
      "gender" : "",
      "type" : "C",
      "religion" : "",
      "dateOfBirth" : null,
      "placeOfBirth" : "",
      "socialSecurityNumber" : "",
      "socialSecurityDate" : null,
      "mediaObjectReference" : "",
      "lastUpdateDateTime" : "2017-12-17T00:00:00",
      "inputDateTime" : "2017-12-17T00:00:00",
      "_links" : {
        "self" : {
          "href" : "http://localhost/api/contacts/2745_0"
        },
        "contactPerson" : {
          "href" : "http://localhost/api/contacts/2745_0"
        },
        "master" : {
          "href" : "http://localhost/api/contacts/2745_0/master"
        }
      }
    }, {
      "inputUserId" : "QSA",
      "lastUpdateUserId" : "QSA",
      "computerId" : "GLSVR171217",
      "lastSynchronizedDate" : null,
      "addressNumber" : "2746",
      "sequence" : 0,
      "name" : "Willy",
      "mailingName" : "Willy",
      "description" : "",
      "firstName" : "",
      "middleName" : "",
      "lastName" : "",
      "nickname" : "",
      "salutation" : "",
      "gender" : "",
      "type" : "C",
      "religion" : "",
      "dateOfBirth" : null,
      "placeOfBirth" : "",
      "socialSecurityNumber" : "",
      "socialSecurityDate" : null,
      "mediaObjectReference" : "",
      "lastUpdateDateTime" : "2017-12-17T00:00:00",
      "inputDateTime" : "2017-12-17T00:00:00",
      "_links" : {
        "self" : {
          "href" : "http://localhost/api/contacts/2746_0"
        },
        "contactPerson" : {
          "href" : "http://localhost/api/contacts/2746_0"
        },
        "master" : {
          "href" : "http://localhost/api/contacts/2746_0/master"
        }
      }
    }, {
      "inputUserId" : "QSA",
      "lastUpdateUserId" : "QSA",
      "computerId" : "GLSVR171217",
      "lastSynchronizedDate" : null,
      "addressNumber" : "2747",
      "sequence" : 0,
      "name" : "Wina",
      "mailingName" : "Wina",
      "description" : "",
      "firstName" : "",
      "middleName" : "",
      "lastName" : "",
      "nickname" : "",
      "salutation" : "",
      "gender" : "",
      "type" : "C",
      "religion" : "",
      "dateOfBirth" : null,
      "placeOfBirth" : "",
      "socialSecurityNumber" : "",
      "socialSecurityDate" : null,
      "mediaObjectReference" : "",
      "lastUpdateDateTime" : "2017-12-17T00:00:00",
      "inputDateTime" : "2017-12-17T00:00:00",
      "_links" : {
        "self" : {
          "href" : "http://localhost/api/contacts/2747_0"
        },
        "contactPerson" : {
          "href" : "http://localhost/api/contacts/2747_0"
        },
        "master" : {
          "href" : "http://localhost/api/contacts/2747_0/master"
        }
      }
    }, {
      "inputUserId" : "QSA",
      "lastUpdateUserId" : "QSA",
      "computerId" : "GLSVR171217",
      "lastSynchronizedDate" : null,
      "addressNumber" : "2748",
      "sequence" : 0,
      "name" : "Winarna Sulistya",
      "mailingName" : "Winarna Sulistya",
      "description" : "",
      "firstName" : "",
      "middleName" : "",
      "lastName" : "",
      "nickname" : "",
      "salutation" : "",
      "gender" : "",
      "type" : "C",
      "religion" : "",
      "dateOfBirth" : null,
      "placeOfBirth" : "",
      "socialSecurityNumber" : "",
      "socialSecurityDate" : null,
      "mediaObjectReference" : "",
      "lastUpdateDateTime" : "2017-12-17T00:00:00",
      "inputDateTime" : "2017-12-17T00:00:00",
      "_links" : {
        "self" : {
          "href" : "http://localhost/api/contacts/2748_0"
        },
        "contactPerson" : {
          "href" : "http://localhost/api/contacts/2748_0"
        },
        "master" : {
          "href" : "http://localhost/api/contacts/2748_0/master"
        }
      }
    }, {
      "inputUserId" : "QSA",
      "lastUpdateUserId" : "QSA",
      "computerId" : "GLSVR171217",
      "lastSynchronizedDate" : null,
      "addressNumber" : "2749",
      "sequence" : 0,
      "name" : "Wiryanto",
      "mailingName" : "Wiryanto",
      "description" : "",
      "firstName" : "",
      "middleName" : "",
      "lastName" : "",
      "nickname" : "",
      "salutation" : "",
      "gender" : "",
      "type" : "C",
      "religion" : "",
      "dateOfBirth" : null,
      "placeOfBirth" : "",
      "socialSecurityNumber" : "",
      "socialSecurityDate" : null,
      "mediaObjectReference" : "",
      "lastUpdateDateTime" : "2017-12-17T00:00:00",
      "inputDateTime" : "2017-12-17T00:00:00",
      "_links" : {
        "self" : {
          "href" : "http://localhost/api/contacts/2749_0"
        },
        "contactPerson" : {
          "href" : "http://localhost/api/contacts/2749_0"
        },
        "master" : {
          "href" : "http://localhost/api/contacts/2749_0/master"
        }
      }
    }, {
      "inputUserId" : "QSA",
      "lastUpdateUserId" : "QSA",
      "computerId" : "GLSVR171217",
      "lastSynchronizedDate" : null,
      "addressNumber" : "2750",
      "sequence" : 0,
      "name" : "WK Comp",
      "mailingName" : "WK Comp",
      "description" : "",
      "firstName" : "",
      "middleName" : "",
      "lastName" : "",
      "nickname" : "",
      "salutation" : "",
      "gender" : "",
      "type" : "C",
      "religion" : "",
      "dateOfBirth" : null,
      "placeOfBirth" : "",
      "socialSecurityNumber" : "",
      "socialSecurityDate" : null,
      "mediaObjectReference" : "",
      "lastUpdateDateTime" : "2017-12-17T00:00:00",
      "inputDateTime" : "2017-12-17T00:00:00",
      "_links" : {
        "self" : {
          "href" : "http://localhost/api/contacts/2750_0"
        },
        "contactPerson" : {
          "href" : "http://localhost/api/contacts/2750_0"
        },
        "master" : {
          "href" : "http://localhost/api/contacts/2750_0/master"
        }
      }
    }, {
      "inputUserId" : "QSA",
      "lastUpdateUserId" : "QSA",
      "computerId" : "GLSVR171217",
      "lastSynchronizedDate" : null,
      "addressNumber" : "2751",
      "sequence" : 0,
      "name" : "WMC",
      "mailingName" : "WMC",
      "description" : "",
      "firstName" : "",
      "middleName" : "",
      "lastName" : "",
      "nickname" : "",
      "salutation" : "",
      "gender" : "",
      "type" : "C",
      "religion" : "",
      "dateOfBirth" : null,
      "placeOfBirth" : "",
      "socialSecurityNumber" : "",
      "socialSecurityDate" : null,
      "mediaObjectReference" : "",
      "lastUpdateDateTime" : "2017-12-17T00:00:00",
      "inputDateTime" : "2017-12-17T00:00:00",
      "_links" : {
        "self" : {
          "href" : "http://localhost/api/contacts/2751_0"
        },
        "contactPerson" : {
          "href" : "http://localhost/api/contacts/2751_0"
        },
        "master" : {
          "href" : "http://localhost/api/contacts/2751_0/master"
        }
      }
    }, {
      "inputUserId" : "QSA",
      "lastUpdateUserId" : "QSA",
      "computerId" : "GLSVR171217",
      "lastSynchronizedDate" : null,
      "addressNumber" : "2752",
      "sequence" : 0,
      "name" : "Wonder",
      "mailingName" : "Wonder",
      "description" : "",
      "firstName" : "",
      "middleName" : "",
      "lastName" : "",
      "nickname" : "",
      "salutation" : "",
      "gender" : "",
      "type" : "C",
      "religion" : "",
      "dateOfBirth" : null,
      "placeOfBirth" : "",
      "socialSecurityNumber" : "",
      "socialSecurityDate" : null,
      "mediaObjectReference" : "",
      "lastUpdateDateTime" : "2017-12-17T00:00:00",
      "inputDateTime" : "2017-12-17T00:00:00",
      "_links" : {
        "self" : {
          "href" : "http://localhost/api/contacts/2752_0"
        },
        "contactPerson" : {
          "href" : "http://localhost/api/contacts/2752_0"
        },
        "master" : {
          "href" : "http://localhost/api/contacts/2752_0/master"
        }
      }
    }, {
      "inputUserId" : "QSA",
      "lastUpdateUserId" : "QSA",
      "computerId" : "GLSVR171217",
      "lastSynchronizedDate" : null,
      "addressNumber" : "2753",
      "sequence" : 0,
      "name" : "Wood United PTE LTD",
      "mailingName" : "Wood United PTE LTD",
      "description" : "",
      "firstName" : "",
      "middleName" : "",
      "lastName" : "",
      "nickname" : "",
      "salutation" : "",
      "gender" : "",
      "type" : "C",
      "religion" : "",
      "dateOfBirth" : null,
      "placeOfBirth" : "",
      "socialSecurityNumber" : "",
      "socialSecurityDate" : null,
      "mediaObjectReference" : "",
      "lastUpdateDateTime" : "2017-12-17T00:00:00",
      "inputDateTime" : "2017-12-17T00:00:00",
      "_links" : {
        "self" : {
          "href" : "http://localhost/api/contacts/2753_0"
        },
        "contactPerson" : {
          "href" : "http://localhost/api/contacts/2753_0"
        },
        "master" : {
          "href" : "http://localhost/api/contacts/2753_0/master"
        }
      }
    }, {
      "inputUserId" : "QSA",
      "lastUpdateUserId" : "QSA",
      "computerId" : "GLSVR171217",
      "lastSynchronizedDate" : null,
      "addressNumber" : "2754",
      "sequence" : 0,
      "name" : "Wrx",
      "mailingName" : "Wrx",
      "description" : "",
      "firstName" : "",
      "middleName" : "",
      "lastName" : "",
      "nickname" : "",
      "salutation" : "",
      "gender" : "",
      "type" : "C",
      "religion" : "",
      "dateOfBirth" : null,
      "placeOfBirth" : "",
      "socialSecurityNumber" : "",
      "socialSecurityDate" : null,
      "mediaObjectReference" : "",
      "lastUpdateDateTime" : "2017-12-17T00:00:00",
      "inputDateTime" : "2017-12-17T00:00:00",
      "_links" : {
        "self" : {
          "href" : "http://localhost/api/contacts/2754_0"
        },
        "contactPerson" : {
          "href" : "http://localhost/api/contacts/2754_0"
        },
        "master" : {
          "href" : "http://localhost/api/contacts/2754_0/master"
        }
      }
    }, {
      "inputUserId" : "QSA",
      "lastUpdateUserId" : "QSA",
      "computerId" : "GLSVR171217",
      "lastSynchronizedDate" : null,
      "addressNumber" : "2755",
      "sequence" : 0,
      "name" : "Wula Puspasari",
      "mailingName" : "Wula Puspasari",
      "description" : "",
      "firstName" : "",
      "middleName" : "",
      "lastName" : "",
      "nickname" : "",
      "salutation" : "",
      "gender" : "",
      "type" : "C",
      "religion" : "",
      "dateOfBirth" : null,
      "placeOfBirth" : "",
      "socialSecurityNumber" : "",
      "socialSecurityDate" : null,
      "mediaObjectReference" : "",
      "lastUpdateDateTime" : "2017-12-17T00:00:00",
      "inputDateTime" : "2017-12-17T00:00:00",
      "_links" : {
        "self" : {
          "href" : "http://localhost/api/contacts/2755_0"
        },
        "contactPerson" : {
          "href" : "http://localhost/api/contacts/2755_0"
        },
        "master" : {
          "href" : "http://localhost/api/contacts/2755_0/master"
        }
      }
    }, {
      "inputUserId" : "QSA",
      "lastUpdateUserId" : "QSA",
      "computerId" : "GLSVR171217",
      "lastSynchronizedDate" : null,
      "addressNumber" : "2756",
      "sequence" : 0,
      "name" : "X Book",
      "mailingName" : "X Book",
      "description" : "",
      "firstName" : "",
      "middleName" : "",
      "lastName" : "",
      "nickname" : "",
      "salutation" : "",
      "gender" : "",
      "type" : "C",
      "religion" : "",
      "dateOfBirth" : null,
      "placeOfBirth" : "",
      "socialSecurityNumber" : "",
      "socialSecurityDate" : null,
      "mediaObjectReference" : "",
      "lastUpdateDateTime" : "2017-12-17T00:00:00",
      "inputDateTime" : "2017-12-17T00:00:00",
      "_links" : {
        "self" : {
          "href" : "http://localhost/api/contacts/2756_0"
        },
        "contactPerson" : {
          "href" : "http://localhost/api/contacts/2756_0"
        },
        "master" : {
          "href" : "http://localhost/api/contacts/2756_0/master"
        }
      }
    }, {
      "inputUserId" : "QSA",
      "lastUpdateUserId" : "QSA",
      "computerId" : "GLSVR171217",
      "lastSynchronizedDate" : null,
      "addressNumber" : "2757",
      "sequence" : 0,
      "name" : "X-Fill",
      "mailingName" : "X-Fill",
      "description" : "",
      "firstName" : "",
      "middleName" : "",
      "lastName" : "",
      "nickname" : "",
      "salutation" : "",
      "gender" : "",
      "type" : "C",
      "religion" : "",
      "dateOfBirth" : null,
      "placeOfBirth" : "",
      "socialSecurityNumber" : "",
      "socialSecurityDate" : null,
      "mediaObjectReference" : "",
      "lastUpdateDateTime" : "2017-12-17T00:00:00",
      "inputDateTime" : "2017-12-17T00:00:00",
      "_links" : {
        "self" : {
          "href" : "http://localhost/api/contacts/2757_0"
        },
        "contactPerson" : {
          "href" : "http://localhost/api/contacts/2757_0"
        },
        "master" : {
          "href" : "http://localhost/api/contacts/2757_0/master"
        }
      }
    }, {
      "inputUserId" : "QSA",
      "lastUpdateUserId" : "QSA",
      "computerId" : "GLSVR171217",
      "lastSynchronizedDate" : null,
      "addressNumber" : "2758",
      "sequence" : 0,
      "name" : "Yabes",
      "mailingName" : "Yabes",
      "description" : "",
      "firstName" : "",
      "middleName" : "",
      "lastName" : "",
      "nickname" : "",
      "salutation" : "",
      "gender" : "",
      "type" : "C",
      "religion" : "",
      "dateOfBirth" : null,
      "placeOfBirth" : "",
      "socialSecurityNumber" : "",
      "socialSecurityDate" : null,
      "mediaObjectReference" : "",
      "lastUpdateDateTime" : "2017-12-17T00:00:00",
      "inputDateTime" : "2017-12-17T00:00:00",
      "_links" : {
        "self" : {
          "href" : "http://localhost/api/contacts/2758_0"
        },
        "contactPerson" : {
          "href" : "http://localhost/api/contacts/2758_0"
        },
        "master" : {
          "href" : "http://localhost/api/contacts/2758_0/master"
        }
      }
    }, {
      "inputUserId" : "QSA",
      "lastUpdateUserId" : "QSA",
      "computerId" : "GLSVR171217",
      "lastSynchronizedDate" : null,
      "addressNumber" : "2759",
      "sequence" : 0,
      "name" : "Yan",
      "mailingName" : "Yan",
      "description" : "",
      "firstName" : "",
      "middleName" : "",
      "lastName" : "",
      "nickname" : "",
      "salutation" : "",
      "gender" : "",
      "type" : "C",
      "religion" : "",
      "dateOfBirth" : null,
      "placeOfBirth" : "",
      "socialSecurityNumber" : "",
      "socialSecurityDate" : null,
      "mediaObjectReference" : "",
      "lastUpdateDateTime" : "2017-12-17T00:00:00",
      "inputDateTime" : "2017-12-17T00:00:00",
      "_links" : {
        "self" : {
          "href" : "http://localhost/api/contacts/2759_0"
        },
        "contactPerson" : {
          "href" : "http://localhost/api/contacts/2759_0"
        },
        "master" : {
          "href" : "http://localhost/api/contacts/2759_0/master"
        }
      }
    }, {
      "inputUserId" : "QSA",
      "lastUpdateUserId" : "QSA",
      "computerId" : "GLSVR171217",
      "lastSynchronizedDate" : null,
      "addressNumber" : "2760",
      "sequence" : 0,
      "name" : "Yandita Computer",
      "mailingName" : "Yandita Computer",
      "description" : "",
      "firstName" : "",
      "middleName" : "",
      "lastName" : "",
      "nickname" : "",
      "salutation" : "",
      "gender" : "",
      "type" : "C",
      "religion" : "",
      "dateOfBirth" : null,
      "placeOfBirth" : "",
      "socialSecurityNumber" : "",
      "socialSecurityDate" : null,
      "mediaObjectReference" : "",
      "lastUpdateDateTime" : "2017-12-17T00:00:00",
      "inputDateTime" : "2017-12-17T00:00:00",
      "_links" : {
        "self" : {
          "href" : "http://localhost/api/contacts/2760_0"
        },
        "contactPerson" : {
          "href" : "http://localhost/api/contacts/2760_0"
        },
        "master" : {
          "href" : "http://localhost/api/contacts/2760_0/master"
        }
      }
    }, {
      "inputUserId" : "QSA",
      "lastUpdateUserId" : "QSA",
      "computerId" : "GLSVR171217",
      "lastSynchronizedDate" : null,
      "addressNumber" : "2761",
      "sequence" : 0,
      "name" : "Yanuar",
      "mailingName" : "Yanuar",
      "description" : "",
      "firstName" : "",
      "middleName" : "",
      "lastName" : "",
      "nickname" : "",
      "salutation" : "",
      "gender" : "",
      "type" : "C",
      "religion" : "",
      "dateOfBirth" : null,
      "placeOfBirth" : "",
      "socialSecurityNumber" : "",
      "socialSecurityDate" : null,
      "mediaObjectReference" : "",
      "lastUpdateDateTime" : "2017-12-17T00:00:00",
      "inputDateTime" : "2017-12-17T00:00:00",
      "_links" : {
        "self" : {
          "href" : "http://localhost/api/contacts/2761_0"
        },
        "contactPerson" : {
          "href" : "http://localhost/api/contacts/2761_0"
        },
        "master" : {
          "href" : "http://localhost/api/contacts/2761_0/master"
        }
      }
    }, {
      "inputUserId" : "QSA",
      "lastUpdateUserId" : "QSA",
      "computerId" : "GLSVR171217",
      "lastSynchronizedDate" : null,
      "addressNumber" : "2762",
      "sequence" : 0,
      "name" : "YAP Comp",
      "mailingName" : "YAP Comp",
      "description" : "",
      "firstName" : "",
      "middleName" : "",
      "lastName" : "",
      "nickname" : "",
      "salutation" : "",
      "gender" : "",
      "type" : "C",
      "religion" : "",
      "dateOfBirth" : null,
      "placeOfBirth" : "",
      "socialSecurityNumber" : "",
      "socialSecurityDate" : null,
      "mediaObjectReference" : "",
      "lastUpdateDateTime" : "2017-12-17T00:00:00",
      "inputDateTime" : "2017-12-17T00:00:00",
      "_links" : {
        "self" : {
          "href" : "http://localhost/api/contacts/2762_0"
        },
        "contactPerson" : {
          "href" : "http://localhost/api/contacts/2762_0"
        },
        "master" : {
          "href" : "http://localhost/api/contacts/2762_0/master"
        }
      }
    }, {
      "inputUserId" : "QSA",
      "lastUpdateUserId" : "QSA",
      "computerId" : "GLSVR171217",
      "lastSynchronizedDate" : null,
      "addressNumber" : "2763",
      "sequence" : 0,
      "name" : "YAY.Surabaya Internasional School",
      "mailingName" : "YAY.Surabaya Internasional School",
      "description" : "",
      "firstName" : "",
      "middleName" : "",
      "lastName" : "",
      "nickname" : "",
      "salutation" : "",
      "gender" : "",
      "type" : "C",
      "religion" : "",
      "dateOfBirth" : null,
      "placeOfBirth" : "",
      "socialSecurityNumber" : "",
      "socialSecurityDate" : null,
      "mediaObjectReference" : "",
      "lastUpdateDateTime" : "2017-12-17T00:00:00",
      "inputDateTime" : "2017-12-17T00:00:00",
      "_links" : {
        "self" : {
          "href" : "http://localhost/api/contacts/2763_0"
        },
        "contactPerson" : {
          "href" : "http://localhost/api/contacts/2763_0"
        },
        "master" : {
          "href" : "http://localhost/api/contacts/2763_0/master"
        }
      }
    }, {
      "inputUserId" : "QSA",
      "lastUpdateUserId" : "QSA",
      "computerId" : "GLSVR171217",
      "lastSynchronizedDate" : null,
      "addressNumber" : "2764",
      "sequence" : 0,
      "name" : "YAY.Tamirul Masjid Al Musthofa",
      "mailingName" : "YAY.Tamirul Masjid Al Musthofa",
      "description" : "",
      "firstName" : "",
      "middleName" : "",
      "lastName" : "",
      "nickname" : "",
      "salutation" : "",
      "gender" : "",
      "type" : "C",
      "religion" : "",
      "dateOfBirth" : null,
      "placeOfBirth" : "",
      "socialSecurityNumber" : "",
      "socialSecurityDate" : null,
      "mediaObjectReference" : "",
      "lastUpdateDateTime" : "2017-12-17T00:00:00",
      "inputDateTime" : "2017-12-17T00:00:00",
      "_links" : {
        "self" : {
          "href" : "http://localhost/api/contacts/2764_0"
        },
        "contactPerson" : {
          "href" : "http://localhost/api/contacts/2764_0"
        },
        "master" : {
          "href" : "http://localhost/api/contacts/2764_0/master"
        }
      }
    }, {
      "inputUserId" : "QSA",
      "lastUpdateUserId" : "QSA",
      "computerId" : "GLSVR171217",
      "lastSynchronizedDate" : null,
      "addressNumber" : "2765",
      "sequence" : 0,
      "name" : "Yayasan Gebuminang",
      "mailingName" : "Yayasan Gebuminang",
      "description" : "",
      "firstName" : "",
      "middleName" : "",
      "lastName" : "",
      "nickname" : "",
      "salutation" : "",
      "gender" : "",
      "type" : "C",
      "religion" : "",
      "dateOfBirth" : null,
      "placeOfBirth" : "",
      "socialSecurityNumber" : "",
      "socialSecurityDate" : null,
      "mediaObjectReference" : "",
      "lastUpdateDateTime" : "2017-12-17T00:00:00",
      "inputDateTime" : "2017-12-17T00:00:00",
      "_links" : {
        "self" : {
          "href" : "http://localhost/api/contacts/2765_0"
        },
        "contactPerson" : {
          "href" : "http://localhost/api/contacts/2765_0"
        },
        "master" : {
          "href" : "http://localhost/api/contacts/2765_0/master"
        }
      }
    }, {
      "inputUserId" : "QSA",
      "lastUpdateUserId" : "QSA",
      "computerId" : "GLSVR171217",
      "lastSynchronizedDate" : null,
      "addressNumber" : "2766",
      "sequence" : 0,
      "name" : "Yayasan Longivitology",
      "mailingName" : "Yayasan Longivitology",
      "description" : "",
      "firstName" : "",
      "middleName" : "",
      "lastName" : "",
      "nickname" : "",
      "salutation" : "",
      "gender" : "",
      "type" : "C",
      "religion" : "",
      "dateOfBirth" : null,
      "placeOfBirth" : "",
      "socialSecurityNumber" : "",
      "socialSecurityDate" : null,
      "mediaObjectReference" : "",
      "lastUpdateDateTime" : "2017-12-17T00:00:00",
      "inputDateTime" : "2017-12-17T00:00:00",
      "_links" : {
        "self" : {
          "href" : "http://localhost/api/contacts/2766_0"
        },
        "contactPerson" : {
          "href" : "http://localhost/api/contacts/2766_0"
        },
        "master" : {
          "href" : "http://localhost/api/contacts/2766_0/master"
        }
      }
    }, {
      "inputUserId" : "QSA",
      "lastUpdateUserId" : "QSA",
      "computerId" : "GLSVR171217",
      "lastSynchronizedDate" : null,
      "addressNumber" : "2767",
      "sequence" : 0,
      "name" : "Yayuk Iswati",
      "mailingName" : "Yayuk Iswati",
      "description" : "",
      "firstName" : "",
      "middleName" : "",
      "lastName" : "",
      "nickname" : "",
      "salutation" : "",
      "gender" : "",
      "type" : "C",
      "religion" : "",
      "dateOfBirth" : null,
      "placeOfBirth" : "",
      "socialSecurityNumber" : "",
      "socialSecurityDate" : null,
      "mediaObjectReference" : "",
      "lastUpdateDateTime" : "2017-12-17T00:00:00",
      "inputDateTime" : "2017-12-17T00:00:00",
      "_links" : {
        "self" : {
          "href" : "http://localhost/api/contacts/2767_0"
        },
        "contactPerson" : {
          "href" : "http://localhost/api/contacts/2767_0"
        },
        "master" : {
          "href" : "http://localhost/api/contacts/2767_0/master"
        }
      }
    }, {
      "inputUserId" : "QSA",
      "lastUpdateUserId" : "QSA",
      "computerId" : "GLSVR171217",
      "lastSynchronizedDate" : null,
      "addressNumber" : "2768",
      "sequence" : 0,
      "name" : "Yen Yen",
      "mailingName" : "Yen Yen",
      "description" : "",
      "firstName" : "",
      "middleName" : "",
      "lastName" : "",
      "nickname" : "",
      "salutation" : "",
      "gender" : "",
      "type" : "C",
      "religion" : "",
      "dateOfBirth" : null,
      "placeOfBirth" : "",
      "socialSecurityNumber" : "",
      "socialSecurityDate" : null,
      "mediaObjectReference" : "",
      "lastUpdateDateTime" : "2017-12-17T00:00:00",
      "inputDateTime" : "2017-12-17T00:00:00",
      "_links" : {
        "self" : {
          "href" : "http://localhost/api/contacts/2768_0"
        },
        "contactPerson" : {
          "href" : "http://localhost/api/contacts/2768_0"
        },
        "master" : {
          "href" : "http://localhost/api/contacts/2768_0/master"
        }
      }
    }, {
      "inputUserId" : "QSA",
      "lastUpdateUserId" : "QSA",
      "computerId" : "GLSVR171217",
      "lastSynchronizedDate" : null,
      "addressNumber" : "2769",
      "sequence" : 0,
      "name" : "Yeni",
      "mailingName" : "Yeni",
      "description" : "",
      "firstName" : "",
      "middleName" : "",
      "lastName" : "",
      "nickname" : "",
      "salutation" : "",
      "gender" : "",
      "type" : "C",
      "religion" : "",
      "dateOfBirth" : null,
      "placeOfBirth" : "",
      "socialSecurityNumber" : "",
      "socialSecurityDate" : null,
      "mediaObjectReference" : "",
      "lastUpdateDateTime" : "2017-12-17T00:00:00",
      "inputDateTime" : "2017-12-17T00:00:00",
      "_links" : {
        "self" : {
          "href" : "http://localhost/api/contacts/2769_0"
        },
        "contactPerson" : {
          "href" : "http://localhost/api/contacts/2769_0"
        },
        "master" : {
          "href" : "http://localhost/api/contacts/2769_0/master"
        }
      }
    }, {
      "inputUserId" : "QSA",
      "lastUpdateUserId" : "QSA",
      "computerId" : "GLSVR171217",
      "lastSynchronizedDate" : null,
      "addressNumber" : "2770",
      "sequence" : 0,
      "name" : "Yoga",
      "mailingName" : "Yoga",
      "description" : "",
      "firstName" : "",
      "middleName" : "",
      "lastName" : "",
      "nickname" : "",
      "salutation" : "",
      "gender" : "",
      "type" : "C",
      "religion" : "",
      "dateOfBirth" : null,
      "placeOfBirth" : "",
      "socialSecurityNumber" : "",
      "socialSecurityDate" : null,
      "mediaObjectReference" : "",
      "lastUpdateDateTime" : "2017-12-17T00:00:00",
      "inputDateTime" : "2017-12-17T00:00:00",
      "_links" : {
        "self" : {
          "href" : "http://localhost/api/contacts/2770_0"
        },
        "contactPerson" : {
          "href" : "http://localhost/api/contacts/2770_0"
        },
        "master" : {
          "href" : "http://localhost/api/contacts/2770_0/master"
        }
      }
    }, {
      "inputUserId" : "QSA",
      "lastUpdateUserId" : "QSA",
      "computerId" : "GLSVR171217",
      "lastSynchronizedDate" : null,
      "addressNumber" : "2771",
      "sequence" : 0,
      "name" : "Yoghi Martino Yulian ( Tokopedia )",
      "mailingName" : "Yoghi Martino Yulian ( Tokopedia )",
      "description" : "",
      "firstName" : "",
      "middleName" : "",
      "lastName" : "",
      "nickname" : "",
      "salutation" : "",
      "gender" : "",
      "type" : "C",
      "religion" : "",
      "dateOfBirth" : null,
      "placeOfBirth" : "",
      "socialSecurityNumber" : "",
      "socialSecurityDate" : null,
      "mediaObjectReference" : "",
      "lastUpdateDateTime" : "2017-12-17T00:00:00",
      "inputDateTime" : "2017-12-17T00:00:00",
      "_links" : {
        "self" : {
          "href" : "http://localhost/api/contacts/2771_0"
        },
        "contactPerson" : {
          "href" : "http://localhost/api/contacts/2771_0"
        },
        "master" : {
          "href" : "http://localhost/api/contacts/2771_0/master"
        }
      }
    }, {
      "inputUserId" : "QSA",
      "lastUpdateUserId" : "QSA",
      "computerId" : "GLSVR171217",
      "lastSynchronizedDate" : null,
      "addressNumber" : "2772",
      "sequence" : 0,
      "name" : "Yogi",
      "mailingName" : "Yogi",
      "description" : "",
      "firstName" : "",
      "middleName" : "",
      "lastName" : "",
      "nickname" : "",
      "salutation" : "",
      "gender" : "",
      "type" : "C",
      "religion" : "",
      "dateOfBirth" : null,
      "placeOfBirth" : "",
      "socialSecurityNumber" : "",
      "socialSecurityDate" : null,
      "mediaObjectReference" : "",
      "lastUpdateDateTime" : "2017-12-17T00:00:00",
      "inputDateTime" : "2017-12-17T00:00:00",
      "_links" : {
        "self" : {
          "href" : "http://localhost/api/contacts/2772_0"
        },
        "contactPerson" : {
          "href" : "http://localhost/api/contacts/2772_0"
        },
        "master" : {
          "href" : "http://localhost/api/contacts/2772_0/master"
        }
      }
    }, {
      "inputUserId" : "QSA",
      "lastUpdateUserId" : "QSA",
      "computerId" : "GLSVR171217",
      "lastSynchronizedDate" : null,
      "addressNumber" : "2773",
      "sequence" : 0,
      "name" : "Yohan",
      "mailingName" : "Yohan",
      "description" : "",
      "firstName" : "",
      "middleName" : "",
      "lastName" : "",
      "nickname" : "",
      "salutation" : "",
      "gender" : "",
      "type" : "C",
      "religion" : "",
      "dateOfBirth" : null,
      "placeOfBirth" : "",
      "socialSecurityNumber" : "",
      "socialSecurityDate" : null,
      "mediaObjectReference" : "",
      "lastUpdateDateTime" : "2017-12-17T00:00:00",
      "inputDateTime" : "2017-12-17T00:00:00",
      "_links" : {
        "self" : {
          "href" : "http://localhost/api/contacts/2773_0"
        },
        "contactPerson" : {
          "href" : "http://localhost/api/contacts/2773_0"
        },
        "master" : {
          "href" : "http://localhost/api/contacts/2773_0/master"
        }
      }
    }, {
      "inputUserId" : "QSA",
      "lastUpdateUserId" : "QSA",
      "computerId" : "GLSVR171217",
      "lastSynchronizedDate" : null,
      "addressNumber" : "2774",
      "sequence" : 0,
      "name" : "Yohanes",
      "mailingName" : "Yohanes",
      "description" : "",
      "firstName" : "",
      "middleName" : "",
      "lastName" : "",
      "nickname" : "",
      "salutation" : "",
      "gender" : "",
      "type" : "C",
      "religion" : "",
      "dateOfBirth" : null,
      "placeOfBirth" : "",
      "socialSecurityNumber" : "",
      "socialSecurityDate" : null,
      "mediaObjectReference" : "",
      "lastUpdateDateTime" : "2017-12-17T00:00:00",
      "inputDateTime" : "2017-12-17T00:00:00",
      "_links" : {
        "self" : {
          "href" : "http://localhost/api/contacts/2774_0"
        },
        "contactPerson" : {
          "href" : "http://localhost/api/contacts/2774_0"
        },
        "master" : {
          "href" : "http://localhost/api/contacts/2774_0/master"
        }
      }
    }, {
      "inputUserId" : "QSA",
      "lastUpdateUserId" : "QSA",
      "computerId" : "GLSVR171217",
      "lastSynchronizedDate" : null,
      "addressNumber" : "2775",
      "sequence" : 0,
      "name" : "Yolanda",
      "mailingName" : "Yolanda",
      "description" : "",
      "firstName" : "",
      "middleName" : "",
      "lastName" : "",
      "nickname" : "",
      "salutation" : "",
      "gender" : "",
      "type" : "C",
      "religion" : "",
      "dateOfBirth" : null,
      "placeOfBirth" : "",
      "socialSecurityNumber" : "",
      "socialSecurityDate" : null,
      "mediaObjectReference" : "",
      "lastUpdateDateTime" : "2017-12-17T00:00:00",
      "inputDateTime" : "2017-12-17T00:00:00",
      "_links" : {
        "self" : {
          "href" : "http://localhost/api/contacts/2775_0"
        },
        "contactPerson" : {
          "href" : "http://localhost/api/contacts/2775_0"
        },
        "master" : {
          "href" : "http://localhost/api/contacts/2775_0/master"
        }
      }
    }, {
      "inputUserId" : "QSA",
      "lastUpdateUserId" : "QSA",
      "computerId" : "GLSVR171217",
      "lastSynchronizedDate" : null,
      "addressNumber" : "2776",
      "sequence" : 0,
      "name" : "Yonas",
      "mailingName" : "Yonas",
      "description" : "",
      "firstName" : "",
      "middleName" : "",
      "lastName" : "",
      "nickname" : "",
      "salutation" : "",
      "gender" : "",
      "type" : "C",
      "religion" : "",
      "dateOfBirth" : null,
      "placeOfBirth" : "",
      "socialSecurityNumber" : "",
      "socialSecurityDate" : null,
      "mediaObjectReference" : "",
      "lastUpdateDateTime" : "2017-12-17T00:00:00",
      "inputDateTime" : "2017-12-17T00:00:00",
      "_links" : {
        "self" : {
          "href" : "http://localhost/api/contacts/2776_0"
        },
        "contactPerson" : {
          "href" : "http://localhost/api/contacts/2776_0"
        },
        "master" : {
          "href" : "http://localhost/api/contacts/2776_0/master"
        }
      }
    }, {
      "inputUserId" : "QSA",
      "lastUpdateUserId" : "QSA",
      "computerId" : "GLSVR171217",
      "lastSynchronizedDate" : null,
      "addressNumber" : "2777",
      "sequence" : 0,
      "name" : "Yong",
      "mailingName" : "Yong",
      "description" : "",
      "firstName" : "",
      "middleName" : "",
      "lastName" : "",
      "nickname" : "",
      "salutation" : "",
      "gender" : "",
      "type" : "C",
      "religion" : "",
      "dateOfBirth" : null,
      "placeOfBirth" : "",
      "socialSecurityNumber" : "",
      "socialSecurityDate" : null,
      "mediaObjectReference" : "",
      "lastUpdateDateTime" : "2017-12-17T00:00:00",
      "inputDateTime" : "2017-12-17T00:00:00",
      "_links" : {
        "self" : {
          "href" : "http://localhost/api/contacts/2777_0"
        },
        "contactPerson" : {
          "href" : "http://localhost/api/contacts/2777_0"
        },
        "master" : {
          "href" : "http://localhost/api/contacts/2777_0/master"
        }
      }
    }, {
      "inputUserId" : "QSA",
      "lastUpdateUserId" : "QSA",
      "computerId" : "GLSVR171217",
      "lastSynchronizedDate" : null,
      "addressNumber" : "2778",
      "sequence" : 0,
      "name" : "Yongki",
      "mailingName" : "Yongki",
      "description" : "",
      "firstName" : "",
      "middleName" : "",
      "lastName" : "",
      "nickname" : "",
      "salutation" : "",
      "gender" : "",
      "type" : "C",
      "religion" : "",
      "dateOfBirth" : null,
      "placeOfBirth" : "",
      "socialSecurityNumber" : "",
      "socialSecurityDate" : null,
      "mediaObjectReference" : "",
      "lastUpdateDateTime" : "2017-12-17T00:00:00",
      "inputDateTime" : "2017-12-17T00:00:00",
      "_links" : {
        "self" : {
          "href" : "http://localhost/api/contacts/2778_0"
        },
        "contactPerson" : {
          "href" : "http://localhost/api/contacts/2778_0"
        },
        "master" : {
          "href" : "http://localhost/api/contacts/2778_0/master"
        }
      }
    }, {
      "inputUserId" : "QSA",
      "lastUpdateUserId" : "QSA",
      "computerId" : "GLSVR171217",
      "lastSynchronizedDate" : null,
      "addressNumber" : "2779",
      "sequence" : 0,
      "name" : "Yoni",
      "mailingName" : "Yoni",
      "description" : "",
      "firstName" : "",
      "middleName" : "",
      "lastName" : "",
      "nickname" : "",
      "salutation" : "",
      "gender" : "",
      "type" : "C",
      "religion" : "",
      "dateOfBirth" : null,
      "placeOfBirth" : "",
      "socialSecurityNumber" : "",
      "socialSecurityDate" : null,
      "mediaObjectReference" : "",
      "lastUpdateDateTime" : "2017-12-17T00:00:00",
      "inputDateTime" : "2017-12-17T00:00:00",
      "_links" : {
        "self" : {
          "href" : "http://localhost/api/contacts/2779_0"
        },
        "contactPerson" : {
          "href" : "http://localhost/api/contacts/2779_0"
        },
        "master" : {
          "href" : "http://localhost/api/contacts/2779_0/master"
        }
      }
    }, {
      "inputUserId" : "QSA",
      "lastUpdateUserId" : "QSA",
      "computerId" : "GLSVR171217",
      "lastSynchronizedDate" : null,
      "addressNumber" : "2780",
      "sequence" : 0,
      "name" : "Yono",
      "mailingName" : "Yono",
      "description" : "",
      "firstName" : "",
      "middleName" : "",
      "lastName" : "",
      "nickname" : "",
      "salutation" : "",
      "gender" : "",
      "type" : "C",
      "religion" : "",
      "dateOfBirth" : null,
      "placeOfBirth" : "",
      "socialSecurityNumber" : "",
      "socialSecurityDate" : null,
      "mediaObjectReference" : "",
      "lastUpdateDateTime" : "2017-12-17T00:00:00",
      "inputDateTime" : "2017-12-17T00:00:00",
      "_links" : {
        "self" : {
          "href" : "http://localhost/api/contacts/2780_0"
        },
        "contactPerson" : {
          "href" : "http://localhost/api/contacts/2780_0"
        },
        "master" : {
          "href" : "http://localhost/api/contacts/2780_0/master"
        }
      }
    }, {
      "inputUserId" : "QSA",
      "lastUpdateUserId" : "QSA",
      "computerId" : "GLSVR171217",
      "lastSynchronizedDate" : null,
      "addressNumber" : "2781",
      "sequence" : 0,
      "name" : "Yono (Syn Print)",
      "mailingName" : "Yono (Syn Print)",
      "description" : "",
      "firstName" : "",
      "middleName" : "",
      "lastName" : "",
      "nickname" : "",
      "salutation" : "",
      "gender" : "",
      "type" : "C",
      "religion" : "",
      "dateOfBirth" : null,
      "placeOfBirth" : "",
      "socialSecurityNumber" : "",
      "socialSecurityDate" : null,
      "mediaObjectReference" : "",
      "lastUpdateDateTime" : "2017-12-17T00:00:00",
      "inputDateTime" : "2017-12-17T00:00:00",
      "_links" : {
        "self" : {
          "href" : "http://localhost/api/contacts/2781_0"
        },
        "contactPerson" : {
          "href" : "http://localhost/api/contacts/2781_0"
        },
        "master" : {
          "href" : "http://localhost/api/contacts/2781_0/master"
        }
      }
    }, {
      "inputUserId" : "QSA",
      "lastUpdateUserId" : "QSA",
      "computerId" : "GLSVR171217",
      "lastSynchronizedDate" : null,
      "addressNumber" : "2782",
      "sequence" : 0,
      "name" : "Yoseph",
      "mailingName" : "Yoseph",
      "description" : "",
      "firstName" : "",
      "middleName" : "",
      "lastName" : "",
      "nickname" : "",
      "salutation" : "",
      "gender" : "",
      "type" : "C",
      "religion" : "",
      "dateOfBirth" : null,
      "placeOfBirth" : "",
      "socialSecurityNumber" : "",
      "socialSecurityDate" : null,
      "mediaObjectReference" : "",
      "lastUpdateDateTime" : "2017-12-17T00:00:00",
      "inputDateTime" : "2017-12-17T00:00:00",
      "_links" : {
        "self" : {
          "href" : "http://localhost/api/contacts/2782_0"
        },
        "contactPerson" : {
          "href" : "http://localhost/api/contacts/2782_0"
        },
        "master" : {
          "href" : "http://localhost/api/contacts/2782_0/master"
        }
      }
    }, {
      "inputUserId" : "QSA",
      "lastUpdateUserId" : "QSA",
      "computerId" : "GLSVR171217",
      "lastSynchronizedDate" : null,
      "addressNumber" : "2783",
      "sequence" : 0,
      "name" : "Yoyok",
      "mailingName" : "Yoyok",
      "description" : "",
      "firstName" : "",
      "middleName" : "",
      "lastName" : "",
      "nickname" : "",
      "salutation" : "",
      "gender" : "",
      "type" : "C",
      "religion" : "",
      "dateOfBirth" : null,
      "placeOfBirth" : "",
      "socialSecurityNumber" : "",
      "socialSecurityDate" : null,
      "mediaObjectReference" : "",
      "lastUpdateDateTime" : "2017-12-17T00:00:00",
      "inputDateTime" : "2017-12-17T00:00:00",
      "_links" : {
        "self" : {
          "href" : "http://localhost/api/contacts/2783_0"
        },
        "contactPerson" : {
          "href" : "http://localhost/api/contacts/2783_0"
        },
        "master" : {
          "href" : "http://localhost/api/contacts/2783_0/master"
        }
      }
    }, {
      "inputUserId" : "QSA",
      "lastUpdateUserId" : "QSA",
      "computerId" : "GLSVR171217",
      "lastSynchronizedDate" : null,
      "addressNumber" : "2784",
      "sequence" : 0,
      "name" : "YS Comp",
      "mailingName" : "YS Comp",
      "description" : "",
      "firstName" : "",
      "middleName" : "",
      "lastName" : "",
      "nickname" : "",
      "salutation" : "",
      "gender" : "",
      "type" : "C",
      "religion" : "",
      "dateOfBirth" : null,
      "placeOfBirth" : "",
      "socialSecurityNumber" : "",
      "socialSecurityDate" : null,
      "mediaObjectReference" : "",
      "lastUpdateDateTime" : "2017-12-17T00:00:00",
      "inputDateTime" : "2017-12-17T00:00:00",
      "_links" : {
        "self" : {
          "href" : "http://localhost/api/contacts/2784_0"
        },
        "contactPerson" : {
          "href" : "http://localhost/api/contacts/2784_0"
        },
        "master" : {
          "href" : "http://localhost/api/contacts/2784_0/master"
        }
      }
    }, {
      "inputUserId" : "QSA",
      "lastUpdateUserId" : "QSA",
      "computerId" : "GLSVR171217",
      "lastSynchronizedDate" : null,
      "addressNumber" : "2785",
      "sequence" : 0,
      "name" : "Yuam",
      "mailingName" : "Yuam",
      "description" : "",
      "firstName" : "",
      "middleName" : "",
      "lastName" : "",
      "nickname" : "",
      "salutation" : "",
      "gender" : "",
      "type" : "C",
      "religion" : "",
      "dateOfBirth" : null,
      "placeOfBirth" : "",
      "socialSecurityNumber" : "",
      "socialSecurityDate" : null,
      "mediaObjectReference" : "",
      "lastUpdateDateTime" : "2017-12-17T00:00:00",
      "inputDateTime" : "2017-12-17T00:00:00",
      "_links" : {
        "self" : {
          "href" : "http://localhost/api/contacts/2785_0"
        },
        "contactPerson" : {
          "href" : "http://localhost/api/contacts/2785_0"
        },
        "master" : {
          "href" : "http://localhost/api/contacts/2785_0/master"
        }
      }
    }, {
      "inputUserId" : "QSA",
      "lastUpdateUserId" : "QSA",
      "computerId" : "GLSVR171217",
      "lastSynchronizedDate" : null,
      "addressNumber" : "2786",
      "sequence" : 0,
      "name" : "Yudha",
      "mailingName" : "Yudha",
      "description" : "",
      "firstName" : "",
      "middleName" : "",
      "lastName" : "",
      "nickname" : "",
      "salutation" : "",
      "gender" : "",
      "type" : "C",
      "religion" : "",
      "dateOfBirth" : null,
      "placeOfBirth" : "",
      "socialSecurityNumber" : "",
      "socialSecurityDate" : null,
      "mediaObjectReference" : "",
      "lastUpdateDateTime" : "2017-12-17T00:00:00",
      "inputDateTime" : "2017-12-17T00:00:00",
      "_links" : {
        "self" : {
          "href" : "http://localhost/api/contacts/2786_0"
        },
        "contactPerson" : {
          "href" : "http://localhost/api/contacts/2786_0"
        },
        "master" : {
          "href" : "http://localhost/api/contacts/2786_0/master"
        }
      }
    }, {
      "inputUserId" : "QSA",
      "lastUpdateUserId" : "QSA",
      "computerId" : "GLSVR171217",
      "lastSynchronizedDate" : null,
      "addressNumber" : "2787",
      "sequence" : 0,
      "name" : "Yudha Hartanto(Tokopedia)",
      "mailingName" : "Yudha Hartanto(Tokopedia)",
      "description" : "",
      "firstName" : "",
      "middleName" : "",
      "lastName" : "",
      "nickname" : "",
      "salutation" : "",
      "gender" : "",
      "type" : "C",
      "religion" : "",
      "dateOfBirth" : null,
      "placeOfBirth" : "",
      "socialSecurityNumber" : "",
      "socialSecurityDate" : null,
      "mediaObjectReference" : "",
      "lastUpdateDateTime" : "2017-12-17T00:00:00",
      "inputDateTime" : "2017-12-17T00:00:00",
      "_links" : {
        "self" : {
          "href" : "http://localhost/api/contacts/2787_0"
        },
        "contactPerson" : {
          "href" : "http://localhost/api/contacts/2787_0"
        },
        "master" : {
          "href" : "http://localhost/api/contacts/2787_0/master"
        }
      }
    }, {
      "inputUserId" : "QSA",
      "lastUpdateUserId" : "QSA",
      "computerId" : "GLSVR171217",
      "lastSynchronizedDate" : null,
      "addressNumber" : "2788",
      "sequence" : 0,
      "name" : "Yudhi",
      "mailingName" : "Yudhi",
      "description" : "",
      "firstName" : "",
      "middleName" : "",
      "lastName" : "",
      "nickname" : "",
      "salutation" : "",
      "gender" : "",
      "type" : "C",
      "religion" : "",
      "dateOfBirth" : null,
      "placeOfBirth" : "",
      "socialSecurityNumber" : "",
      "socialSecurityDate" : null,
      "mediaObjectReference" : "",
      "lastUpdateDateTime" : "2017-12-17T00:00:00",
      "inputDateTime" : "2017-12-17T00:00:00",
      "_links" : {
        "self" : {
          "href" : "http://localhost/api/contacts/2788_0"
        },
        "contactPerson" : {
          "href" : "http://localhost/api/contacts/2788_0"
        },
        "master" : {
          "href" : "http://localhost/api/contacts/2788_0/master"
        }
      }
    }, {
      "inputUserId" : "QSA",
      "lastUpdateUserId" : "QSA",
      "computerId" : "GLSVR171217",
      "lastSynchronizedDate" : null,
      "addressNumber" : "2789",
      "sequence" : 0,
      "name" : "Yuli",
      "mailingName" : "Yuli",
      "description" : "",
      "firstName" : "",
      "middleName" : "",
      "lastName" : "",
      "nickname" : "",
      "salutation" : "",
      "gender" : "",
      "type" : "C",
      "religion" : "",
      "dateOfBirth" : null,
      "placeOfBirth" : "",
      "socialSecurityNumber" : "",
      "socialSecurityDate" : null,
      "mediaObjectReference" : "",
      "lastUpdateDateTime" : "2017-12-17T00:00:00",
      "inputDateTime" : "2017-12-17T00:00:00",
      "_links" : {
        "self" : {
          "href" : "http://localhost/api/contacts/2789_0"
        },
        "contactPerson" : {
          "href" : "http://localhost/api/contacts/2789_0"
        },
        "master" : {
          "href" : "http://localhost/api/contacts/2789_0/master"
        }
      }
    }, {
      "inputUserId" : "QSA",
      "lastUpdateUserId" : "QSA",
      "computerId" : "GLSVR171217",
      "lastSynchronizedDate" : null,
      "addressNumber" : "2790",
      "sequence" : 0,
      "name" : "Yulia",
      "mailingName" : "Yulia",
      "description" : "",
      "firstName" : "",
      "middleName" : "",
      "lastName" : "",
      "nickname" : "",
      "salutation" : "",
      "gender" : "",
      "type" : "C",
      "religion" : "",
      "dateOfBirth" : null,
      "placeOfBirth" : "",
      "socialSecurityNumber" : "",
      "socialSecurityDate" : null,
      "mediaObjectReference" : "",
      "lastUpdateDateTime" : "2017-12-17T00:00:00",
      "inputDateTime" : "2017-12-17T00:00:00",
      "_links" : {
        "self" : {
          "href" : "http://localhost/api/contacts/2790_0"
        },
        "contactPerson" : {
          "href" : "http://localhost/api/contacts/2790_0"
        },
        "master" : {
          "href" : "http://localhost/api/contacts/2790_0/master"
        }
      }
    }, {
      "inputUserId" : "QSA",
      "lastUpdateUserId" : "QSA",
      "computerId" : "GLSVR171217",
      "lastSynchronizedDate" : null,
      "addressNumber" : "2791",
      "sequence" : 0,
      "name" : "Yulianto Puguh",
      "mailingName" : "Yulianto Puguh",
      "description" : "",
      "firstName" : "",
      "middleName" : "",
      "lastName" : "",
      "nickname" : "",
      "salutation" : "",
      "gender" : "",
      "type" : "C",
      "religion" : "",
      "dateOfBirth" : null,
      "placeOfBirth" : "",
      "socialSecurityNumber" : "",
      "socialSecurityDate" : null,
      "mediaObjectReference" : "",
      "lastUpdateDateTime" : "2017-12-17T00:00:00",
      "inputDateTime" : "2017-12-17T00:00:00",
      "_links" : {
        "self" : {
          "href" : "http://localhost/api/contacts/2791_0"
        },
        "contactPerson" : {
          "href" : "http://localhost/api/contacts/2791_0"
        },
        "master" : {
          "href" : "http://localhost/api/contacts/2791_0/master"
        }
      }
    }, {
      "inputUserId" : "QSA",
      "lastUpdateUserId" : "QSA",
      "computerId" : "GLSVR171217",
      "lastSynchronizedDate" : null,
      "addressNumber" : "2792",
      "sequence" : 0,
      "name" : "Yuni",
      "mailingName" : "Yuni",
      "description" : "",
      "firstName" : "",
      "middleName" : "",
      "lastName" : "",
      "nickname" : "",
      "salutation" : "",
      "gender" : "",
      "type" : "C",
      "religion" : "",
      "dateOfBirth" : null,
      "placeOfBirth" : "",
      "socialSecurityNumber" : "",
      "socialSecurityDate" : null,
      "mediaObjectReference" : "",
      "lastUpdateDateTime" : "2017-12-17T00:00:00",
      "inputDateTime" : "2017-12-17T00:00:00",
      "_links" : {
        "self" : {
          "href" : "http://localhost/api/contacts/2792_0"
        },
        "contactPerson" : {
          "href" : "http://localhost/api/contacts/2792_0"
        },
        "master" : {
          "href" : "http://localhost/api/contacts/2792_0/master"
        }
      }
    }, {
      "inputUserId" : "QSA",
      "lastUpdateUserId" : "QSA",
      "computerId" : "GLSVR171217",
      "lastSynchronizedDate" : null,
      "addressNumber" : "2793",
      "sequence" : 0,
      "name" : "Yunike",
      "mailingName" : "Yunike",
      "description" : "",
      "firstName" : "",
      "middleName" : "",
      "lastName" : "",
      "nickname" : "",
      "salutation" : "",
      "gender" : "",
      "type" : "C",
      "religion" : "",
      "dateOfBirth" : null,
      "placeOfBirth" : "",
      "socialSecurityNumber" : "",
      "socialSecurityDate" : null,
      "mediaObjectReference" : "",
      "lastUpdateDateTime" : "2017-12-17T00:00:00",
      "inputDateTime" : "2017-12-17T00:00:00",
      "_links" : {
        "self" : {
          "href" : "http://localhost/api/contacts/2793_0"
        },
        "contactPerson" : {
          "href" : "http://localhost/api/contacts/2793_0"
        },
        "master" : {
          "href" : "http://localhost/api/contacts/2793_0/master"
        }
      }
    }, {
      "inputUserId" : "QSA",
      "lastUpdateUserId" : "QSA",
      "computerId" : "GLSVR171217",
      "lastSynchronizedDate" : null,
      "addressNumber" : "2794",
      "sequence" : 0,
      "name" : "Yunita",
      "mailingName" : "Yunita",
      "description" : "",
      "firstName" : "",
      "middleName" : "",
      "lastName" : "",
      "nickname" : "",
      "salutation" : "",
      "gender" : "",
      "type" : "C",
      "religion" : "",
      "dateOfBirth" : null,
      "placeOfBirth" : "",
      "socialSecurityNumber" : "",
      "socialSecurityDate" : null,
      "mediaObjectReference" : "",
      "lastUpdateDateTime" : "2017-12-17T00:00:00",
      "inputDateTime" : "2017-12-17T00:00:00",
      "_links" : {
        "self" : {
          "href" : "http://localhost/api/contacts/2794_0"
        },
        "contactPerson" : {
          "href" : "http://localhost/api/contacts/2794_0"
        },
        "master" : {
          "href" : "http://localhost/api/contacts/2794_0/master"
        }
      }
    }, {
      "inputUserId" : "QSA",
      "lastUpdateUserId" : "QSA",
      "computerId" : "GLSVR171217",
      "lastSynchronizedDate" : null,
      "addressNumber" : "2795",
      "sequence" : 0,
      "name" : "Yuri",
      "mailingName" : "Yuri",
      "description" : "",
      "firstName" : "",
      "middleName" : "",
      "lastName" : "",
      "nickname" : "",
      "salutation" : "",
      "gender" : "",
      "type" : "C",
      "religion" : "",
      "dateOfBirth" : null,
      "placeOfBirth" : "",
      "socialSecurityNumber" : "",
      "socialSecurityDate" : null,
      "mediaObjectReference" : "",
      "lastUpdateDateTime" : "2017-12-17T00:00:00",
      "inputDateTime" : "2017-12-17T00:00:00",
      "_links" : {
        "self" : {
          "href" : "http://localhost/api/contacts/2795_0"
        },
        "contactPerson" : {
          "href" : "http://localhost/api/contacts/2795_0"
        },
        "master" : {
          "href" : "http://localhost/api/contacts/2795_0/master"
        }
      }
    }, {
      "inputUserId" : "QSA",
      "lastUpdateUserId" : "QSA",
      "computerId" : "GLSVR171217",
      "lastSynchronizedDate" : null,
      "addressNumber" : "2796",
      "sequence" : 0,
      "name" : "Yurike",
      "mailingName" : "Yurike",
      "description" : "",
      "firstName" : "",
      "middleName" : "",
      "lastName" : "",
      "nickname" : "",
      "salutation" : "",
      "gender" : "",
      "type" : "C",
      "religion" : "",
      "dateOfBirth" : null,
      "placeOfBirth" : "",
      "socialSecurityNumber" : "",
      "socialSecurityDate" : null,
      "mediaObjectReference" : "",
      "lastUpdateDateTime" : "2017-12-17T00:00:00",
      "inputDateTime" : "2017-12-17T00:00:00",
      "_links" : {
        "self" : {
          "href" : "http://localhost/api/contacts/2796_0"
        },
        "contactPerson" : {
          "href" : "http://localhost/api/contacts/2796_0"
        },
        "master" : {
          "href" : "http://localhost/api/contacts/2796_0/master"
        }
      }
    }, {
      "inputUserId" : "QSA",
      "lastUpdateUserId" : "QSA",
      "computerId" : "GLSVR171217",
      "lastSynchronizedDate" : null,
      "addressNumber" : "2797",
      "sequence" : 0,
      "name" : "Yusron",
      "mailingName" : "Yusron",
      "description" : "",
      "firstName" : "",
      "middleName" : "",
      "lastName" : "",
      "nickname" : "",
      "salutation" : "",
      "gender" : "",
      "type" : "C",
      "religion" : "",
      "dateOfBirth" : null,
      "placeOfBirth" : "",
      "socialSecurityNumber" : "",
      "socialSecurityDate" : null,
      "mediaObjectReference" : "",
      "lastUpdateDateTime" : "2017-12-17T00:00:00",
      "inputDateTime" : "2017-12-17T00:00:00",
      "_links" : {
        "self" : {
          "href" : "http://localhost/api/contacts/2797_0"
        },
        "contactPerson" : {
          "href" : "http://localhost/api/contacts/2797_0"
        },
        "master" : {
          "href" : "http://localhost/api/contacts/2797_0/master"
        }
      }
    }, {
      "inputUserId" : "QSA",
      "lastUpdateUserId" : "QSA",
      "computerId" : "GLSVR171217",
      "lastSynchronizedDate" : null,
      "addressNumber" : "2798",
      "sequence" : 0,
      "name" : "Yusuf",
      "mailingName" : "Yusuf",
      "description" : "",
      "firstName" : "",
      "middleName" : "",
      "lastName" : "",
      "nickname" : "",
      "salutation" : "",
      "gender" : "",
      "type" : "C",
      "religion" : "",
      "dateOfBirth" : null,
      "placeOfBirth" : "",
      "socialSecurityNumber" : "",
      "socialSecurityDate" : null,
      "mediaObjectReference" : "",
      "lastUpdateDateTime" : "2017-12-17T00:00:00",
      "inputDateTime" : "2017-12-17T00:00:00",
      "_links" : {
        "self" : {
          "href" : "http://localhost/api/contacts/2798_0"
        },
        "contactPerson" : {
          "href" : "http://localhost/api/contacts/2798_0"
        },
        "master" : {
          "href" : "http://localhost/api/contacts/2798_0/master"
        }
      }
    }, {
      "inputUserId" : "QSA",
      "lastUpdateUserId" : "QSA",
      "computerId" : "GLSVR171217",
      "lastSynchronizedDate" : null,
      "addressNumber" : "2799",
      "sequence" : 0,
      "name" : "Yusuf Abdulah Ghamry",
      "mailingName" : "Yusuf Abdulah Ghamry",
      "description" : "",
      "firstName" : "",
      "middleName" : "",
      "lastName" : "",
      "nickname" : "",
      "salutation" : "",
      "gender" : "",
      "type" : "C",
      "religion" : "",
      "dateOfBirth" : null,
      "placeOfBirth" : "",
      "socialSecurityNumber" : "",
      "socialSecurityDate" : null,
      "mediaObjectReference" : "",
      "lastUpdateDateTime" : "2017-12-17T00:00:00",
      "inputDateTime" : "2017-12-17T00:00:00",
      "_links" : {
        "self" : {
          "href" : "http://localhost/api/contacts/2799_0"
        },
        "contactPerson" : {
          "href" : "http://localhost/api/contacts/2799_0"
        },
        "master" : {
          "href" : "http://localhost/api/contacts/2799_0/master"
        }
      }
    }, {
      "inputUserId" : "QSA",
      "lastUpdateUserId" : "QSA",
      "computerId" : "GLSVR171217",
      "lastSynchronizedDate" : null,
      "addressNumber" : "2800",
      "sequence" : 0,
      "name" : "Yusuf Berkat (Tokopedia)",
      "mailingName" : "Yusuf Berkat (Tokopedia)",
      "description" : "",
      "firstName" : "",
      "middleName" : "",
      "lastName" : "",
      "nickname" : "",
      "salutation" : "",
      "gender" : "",
      "type" : "C",
      "religion" : "",
      "dateOfBirth" : null,
      "placeOfBirth" : "",
      "socialSecurityNumber" : "",
      "socialSecurityDate" : null,
      "mediaObjectReference" : "",
      "lastUpdateDateTime" : "2017-12-17T00:00:00",
      "inputDateTime" : "2017-12-17T00:00:00",
      "_links" : {
        "self" : {
          "href" : "http://localhost/api/contacts/2800_0"
        },
        "contactPerson" : {
          "href" : "http://localhost/api/contacts/2800_0"
        },
        "master" : {
          "href" : "http://localhost/api/contacts/2800_0/master"
        }
      }
    }, {
      "inputUserId" : "QSA",
      "lastUpdateUserId" : "QSA",
      "computerId" : "GLSVR171217",
      "lastSynchronizedDate" : null,
      "addressNumber" : "2801",
      "sequence" : 0,
      "name" : "Yutaka Komputer",
      "mailingName" : "Yutaka Komputer",
      "description" : "",
      "firstName" : "",
      "middleName" : "",
      "lastName" : "",
      "nickname" : "",
      "salutation" : "",
      "gender" : "",
      "type" : "C",
      "religion" : "",
      "dateOfBirth" : null,
      "placeOfBirth" : "",
      "socialSecurityNumber" : "",
      "socialSecurityDate" : null,
      "mediaObjectReference" : "",
      "lastUpdateDateTime" : "2017-12-17T00:00:00",
      "inputDateTime" : "2017-12-17T00:00:00",
      "_links" : {
        "self" : {
          "href" : "http://localhost/api/contacts/2801_0"
        },
        "contactPerson" : {
          "href" : "http://localhost/api/contacts/2801_0"
        },
        "master" : {
          "href" : "http://localhost/api/contacts/2801_0/master"
        }
      }
    }, {
      "inputUserId" : "QSA",
      "lastUpdateUserId" : "QSA",
      "computerId" : "GLSVR171217",
      "lastSynchronizedDate" : null,
      "addressNumber" : "2802",
      "sequence" : 0,
      "name" : "Yuyun",
      "mailingName" : "Yuyun",
      "description" : "",
      "firstName" : "",
      "middleName" : "",
      "lastName" : "",
      "nickname" : "",
      "salutation" : "",
      "gender" : "",
      "type" : "C",
      "religion" : "",
      "dateOfBirth" : null,
      "placeOfBirth" : "",
      "socialSecurityNumber" : "",
      "socialSecurityDate" : null,
      "mediaObjectReference" : "",
      "lastUpdateDateTime" : "2017-12-17T00:00:00",
      "inputDateTime" : "2017-12-17T00:00:00",
      "_links" : {
        "self" : {
          "href" : "http://localhost/api/contacts/2802_0"
        },
        "contactPerson" : {
          "href" : "http://localhost/api/contacts/2802_0"
        },
        "master" : {
          "href" : "http://localhost/api/contacts/2802_0/master"
        }
      }
    }, {
      "inputUserId" : "QSA",
      "lastUpdateUserId" : "QSA",
      "computerId" : "GLSVR171217",
      "lastSynchronizedDate" : null,
      "addressNumber" : "2803",
      "sequence" : 0,
      "name" : "Z - Comp",
      "mailingName" : "Z - Comp",
      "description" : "",
      "firstName" : "",
      "middleName" : "",
      "lastName" : "",
      "nickname" : "",
      "salutation" : "",
      "gender" : "",
      "type" : "C",
      "religion" : "",
      "dateOfBirth" : null,
      "placeOfBirth" : "",
      "socialSecurityNumber" : "",
      "socialSecurityDate" : null,
      "mediaObjectReference" : "",
      "lastUpdateDateTime" : "2017-12-17T00:00:00",
      "inputDateTime" : "2017-12-17T00:00:00",
      "_links" : {
        "self" : {
          "href" : "http://localhost/api/contacts/2803_0"
        },
        "contactPerson" : {
          "href" : "http://localhost/api/contacts/2803_0"
        },
        "master" : {
          "href" : "http://localhost/api/contacts/2803_0/master"
        }
      }
    }, {
      "inputUserId" : "QSA",
      "lastUpdateUserId" : "QSA",
      "computerId" : "GLSVR171217",
      "lastSynchronizedDate" : null,
      "addressNumber" : "2804",
      "sequence" : 0,
      "name" : "Zam- Zam",
      "mailingName" : "Zam- Zam",
      "description" : "",
      "firstName" : "",
      "middleName" : "",
      "lastName" : "",
      "nickname" : "",
      "salutation" : "",
      "gender" : "",
      "type" : "C",
      "religion" : "",
      "dateOfBirth" : null,
      "placeOfBirth" : "",
      "socialSecurityNumber" : "",
      "socialSecurityDate" : null,
      "mediaObjectReference" : "",
      "lastUpdateDateTime" : "2017-12-17T00:00:00",
      "inputDateTime" : "2017-12-17T00:00:00",
      "_links" : {
        "self" : {
          "href" : "http://localhost/api/contacts/2804_0"
        },
        "contactPerson" : {
          "href" : "http://localhost/api/contacts/2804_0"
        },
        "master" : {
          "href" : "http://localhost/api/contacts/2804_0/master"
        }
      }
    }, {
      "inputUserId" : "QSA",
      "lastUpdateUserId" : "QSA",
      "computerId" : "GLSVR171217",
      "lastSynchronizedDate" : null,
      "addressNumber" : "2805",
      "sequence" : 0,
      "name" : "Zenider",
      "mailingName" : "Zenider",
      "description" : "",
      "firstName" : "",
      "middleName" : "",
      "lastName" : "",
      "nickname" : "",
      "salutation" : "",
      "gender" : "",
      "type" : "C",
      "religion" : "",
      "dateOfBirth" : null,
      "placeOfBirth" : "",
      "socialSecurityNumber" : "",
      "socialSecurityDate" : null,
      "mediaObjectReference" : "",
      "lastUpdateDateTime" : "2017-12-17T00:00:00",
      "inputDateTime" : "2017-12-17T00:00:00",
      "_links" : {
        "self" : {
          "href" : "http://localhost/api/contacts/2805_0"
        },
        "contactPerson" : {
          "href" : "http://localhost/api/contacts/2805_0"
        },
        "master" : {
          "href" : "http://localhost/api/contacts/2805_0/master"
        }
      }
    }, {
      "inputUserId" : "QSA",
      "lastUpdateUserId" : "QSA",
      "computerId" : "GLSVR171217",
      "lastSynchronizedDate" : null,
      "addressNumber" : "2806",
      "sequence" : 0,
      "name" : "Zie",
      "mailingName" : "Zie",
      "description" : "",
      "firstName" : "",
      "middleName" : "",
      "lastName" : "",
      "nickname" : "",
      "salutation" : "",
      "gender" : "",
      "type" : "C",
      "religion" : "",
      "dateOfBirth" : null,
      "placeOfBirth" : "",
      "socialSecurityNumber" : "",
      "socialSecurityDate" : null,
      "mediaObjectReference" : "",
      "lastUpdateDateTime" : "2017-12-17T00:00:00",
      "inputDateTime" : "2017-12-17T00:00:00",
      "_links" : {
        "self" : {
          "href" : "http://localhost/api/contacts/2806_0"
        },
        "contactPerson" : {
          "href" : "http://localhost/api/contacts/2806_0"
        },
        "master" : {
          "href" : "http://localhost/api/contacts/2806_0/master"
        }
      }
    }, {
      "inputUserId" : "QSA",
      "lastUpdateUserId" : "QSA",
      "computerId" : "GLSVR171217",
      "lastSynchronizedDate" : null,
      "addressNumber" : "2807",
      "sequence" : 0,
      "name" : "Zitus Comp",
      "mailingName" : "Zitus Comp",
      "description" : "",
      "firstName" : "",
      "middleName" : "",
      "lastName" : "",
      "nickname" : "",
      "salutation" : "",
      "gender" : "",
      "type" : "C",
      "religion" : "",
      "dateOfBirth" : null,
      "placeOfBirth" : "",
      "socialSecurityNumber" : "",
      "socialSecurityDate" : null,
      "mediaObjectReference" : "",
      "lastUpdateDateTime" : "2017-12-17T00:00:00",
      "inputDateTime" : "2017-12-17T00:00:00",
      "_links" : {
        "self" : {
          "href" : "http://localhost/api/contacts/2807_0"
        },
        "contactPerson" : {
          "href" : "http://localhost/api/contacts/2807_0"
        },
        "master" : {
          "href" : "http://localhost/api/contacts/2807_0/master"
        }
      }
    }, {
      "inputUserId" : "QSA",
      "lastUpdateUserId" : "QSA",
      "computerId" : "GLSVR171217",
      "lastSynchronizedDate" : null,
      "addressNumber" : "2808",
      "sequence" : 0,
      "name" : "PT Airmas Teknologi",
      "mailingName" : "PT Airmas Teknologi",
      "description" : "",
      "firstName" : "",
      "middleName" : "",
      "lastName" : "",
      "nickname" : "",
      "salutation" : "",
      "gender" : "",
      "type" : "C",
      "religion" : "",
      "dateOfBirth" : null,
      "placeOfBirth" : "",
      "socialSecurityNumber" : "",
      "socialSecurityDate" : null,
      "mediaObjectReference" : "",
      "lastUpdateDateTime" : "2017-12-17T00:00:00",
      "inputDateTime" : "2017-12-17T00:00:00",
      "_links" : {
        "self" : {
          "href" : "http://localhost/api/contacts/2808_0"
        },
        "contactPerson" : {
          "href" : "http://localhost/api/contacts/2808_0"
        },
        "master" : {
          "href" : "http://localhost/api/contacts/2808_0/master"
        }
      }
    }, {
      "inputUserId" : "QSA",
      "lastUpdateUserId" : "QSA",
      "computerId" : "GLSVR171217",
      "lastSynchronizedDate" : null,
      "addressNumber" : "2809",
      "sequence" : 0,
      "name" : "PT Asaba",
      "mailingName" : "PT Asaba",
      "description" : "",
      "firstName" : "",
      "middleName" : "",
      "lastName" : "",
      "nickname" : "",
      "salutation" : "",
      "gender" : "",
      "type" : "C",
      "religion" : "",
      "dateOfBirth" : null,
      "placeOfBirth" : "",
      "socialSecurityNumber" : "",
      "socialSecurityDate" : null,
      "mediaObjectReference" : "",
      "lastUpdateDateTime" : "2017-12-17T00:00:00",
      "inputDateTime" : "2017-12-17T00:00:00",
      "_links" : {
        "self" : {
          "href" : "http://localhost/api/contacts/2809_0"
        },
        "contactPerson" : {
          "href" : "http://localhost/api/contacts/2809_0"
        },
        "master" : {
          "href" : "http://localhost/api/contacts/2809_0/master"
        }
      }
    }, {
      "inputUserId" : "QSA",
      "lastUpdateUserId" : "QSA",
      "computerId" : "GLSVR171217",
      "lastSynchronizedDate" : null,
      "addressNumber" : "2809",
      "sequence" : 1,
      "name" : "up.Bpk.Dody/Vita",
      "mailingName" : "up.Bpk.Dody/Vita",
      "description" : "",
      "firstName" : "",
      "middleName" : "",
      "lastName" : "",
      "nickname" : "",
      "salutation" : "",
      "gender" : "",
      "type" : "C",
      "religion" : "",
      "dateOfBirth" : null,
      "placeOfBirth" : "",
      "socialSecurityNumber" : "",
      "socialSecurityDate" : null,
      "mediaObjectReference" : "",
      "lastUpdateDateTime" : "2017-12-17T00:00:00",
      "inputDateTime" : "2017-12-17T00:00:00",
      "_links" : {
        "self" : {
          "href" : "http://localhost/api/contacts/2809_1"
        },
        "contactPerson" : {
          "href" : "http://localhost/api/contacts/2809_1"
        },
        "master" : {
          "href" : "http://localhost/api/contacts/2809_1/master"
        }
      }
    }, {
      "inputUserId" : "QSA",
      "lastUpdateUserId" : "QSA",
      "computerId" : "GLSVR171217",
      "lastSynchronizedDate" : null,
      "addressNumber" : "2810",
      "sequence" : 0,
      "name" : "PT ECS Indo Jaya",
      "mailingName" : "PT ECS Indo Jaya",
      "description" : "",
      "firstName" : "",
      "middleName" : "",
      "lastName" : "",
      "nickname" : "",
      "salutation" : "",
      "gender" : "",
      "type" : "C",
      "religion" : "",
      "dateOfBirth" : null,
      "placeOfBirth" : "",
      "socialSecurityNumber" : "",
      "socialSecurityDate" : null,
      "mediaObjectReference" : "",
      "lastUpdateDateTime" : "2017-12-17T00:00:00",
      "inputDateTime" : "2017-12-17T00:00:00",
      "_links" : {
        "self" : {
          "href" : "http://localhost/api/contacts/2810_0"
        },
        "contactPerson" : {
          "href" : "http://localhost/api/contacts/2810_0"
        },
        "master" : {
          "href" : "http://localhost/api/contacts/2810_0/master"
        }
      }
    }, {
      "inputUserId" : "QSA",
      "lastUpdateUserId" : "QSA",
      "computerId" : "GLSVR171217",
      "lastSynchronizedDate" : null,
      "addressNumber" : "2810",
      "sequence" : 1,
      "name" : "Danny",
      "mailingName" : "Danny",
      "description" : "",
      "firstName" : "",
      "middleName" : "",
      "lastName" : "",
      "nickname" : "",
      "salutation" : "",
      "gender" : "",
      "type" : "C",
      "religion" : "",
      "dateOfBirth" : null,
      "placeOfBirth" : "",
      "socialSecurityNumber" : "",
      "socialSecurityDate" : null,
      "mediaObjectReference" : "",
      "lastUpdateDateTime" : "2017-12-17T00:00:00",
      "inputDateTime" : "2017-12-17T00:00:00",
      "_links" : {
        "self" : {
          "href" : "http://localhost/api/contacts/2810_1"
        },
        "contactPerson" : {
          "href" : "http://localhost/api/contacts/2810_1"
        },
        "master" : {
          "href" : "http://localhost/api/contacts/2810_1/master"
        }
      }
    }, {
      "inputUserId" : "QSA",
      "lastUpdateUserId" : "QSA",
      "computerId" : "GLSVR171217",
      "lastSynchronizedDate" : null,
      "addressNumber" : "2811",
      "sequence" : 0,
      "name" : "PT Surya Satwika",
      "mailingName" : "PT Surya Satwika",
      "description" : "",
      "firstName" : "",
      "middleName" : "",
      "lastName" : "",
      "nickname" : "",
      "salutation" : "",
      "gender" : "",
      "type" : "C",
      "religion" : "",
      "dateOfBirth" : null,
      "placeOfBirth" : "",
      "socialSecurityNumber" : "",
      "socialSecurityDate" : null,
      "mediaObjectReference" : "",
      "lastUpdateDateTime" : "2017-12-17T00:00:00",
      "inputDateTime" : "2017-12-17T00:00:00",
      "_links" : {
        "self" : {
          "href" : "http://localhost/api/contacts/2811_0"
        },
        "contactPerson" : {
          "href" : "http://localhost/api/contacts/2811_0"
        },
        "master" : {
          "href" : "http://localhost/api/contacts/2811_0/master"
        }
      }
    }, {
      "inputUserId" : "QSA",
      "lastUpdateUserId" : "QSA",
      "computerId" : "GLSVR171217",
      "lastSynchronizedDate" : null,
      "addressNumber" : "2811",
      "sequence" : 1,
      "name" : "Wati",
      "mailingName" : "Wati",
      "description" : "",
      "firstName" : "",
      "middleName" : "",
      "lastName" : "",
      "nickname" : "",
      "salutation" : "",
      "gender" : "",
      "type" : "C",
      "religion" : "",
      "dateOfBirth" : null,
      "placeOfBirth" : "",
      "socialSecurityNumber" : "",
      "socialSecurityDate" : null,
      "mediaObjectReference" : "",
      "lastUpdateDateTime" : "2017-12-17T00:00:00",
      "inputDateTime" : "2017-12-17T00:00:00",
      "_links" : {
        "self" : {
          "href" : "http://localhost/api/contacts/2811_1"
        },
        "contactPerson" : {
          "href" : "http://localhost/api/contacts/2811_1"
        },
        "master" : {
          "href" : "http://localhost/api/contacts/2811_1/master"
        }
      }
    }, {
      "inputUserId" : "QSA",
      "lastUpdateUserId" : "QSA",
      "computerId" : "GLSVR171217",
      "lastSynchronizedDate" : null,
      "addressNumber" : "2812",
      "sequence" : 0,
      "name" : "PT Harrisma Agung Jaya",
      "mailingName" : "PT Harrisma Agung Jaya",
      "description" : "",
      "firstName" : "",
      "middleName" : "",
      "lastName" : "",
      "nickname" : "",
      "salutation" : "",
      "gender" : "",
      "type" : "C",
      "religion" : "",
      "dateOfBirth" : null,
      "placeOfBirth" : "",
      "socialSecurityNumber" : "",
      "socialSecurityDate" : null,
      "mediaObjectReference" : "",
      "lastUpdateDateTime" : "2017-12-17T00:00:00",
      "inputDateTime" : "2017-12-17T00:00:00",
      "_links" : {
        "self" : {
          "href" : "http://localhost/api/contacts/2812_0"
        },
        "contactPerson" : {
          "href" : "http://localhost/api/contacts/2812_0"
        },
        "master" : {
          "href" : "http://localhost/api/contacts/2812_0/master"
        }
      }
    }, {
      "inputUserId" : "QSA",
      "lastUpdateUserId" : "QSA",
      "computerId" : "GLSVR171217",
      "lastSynchronizedDate" : null,
      "addressNumber" : "2812",
      "sequence" : 1,
      "name" : "Irene/Mardi",
      "mailingName" : "Irene/Mardi",
      "description" : "",
      "firstName" : "",
      "middleName" : "",
      "lastName" : "",
      "nickname" : "",
      "salutation" : "",
      "gender" : "",
      "type" : "C",
      "religion" : "",
      "dateOfBirth" : null,
      "placeOfBirth" : "",
      "socialSecurityNumber" : "",
      "socialSecurityDate" : null,
      "mediaObjectReference" : "",
      "lastUpdateDateTime" : "2017-12-17T00:00:00",
      "inputDateTime" : "2017-12-17T00:00:00",
      "_links" : {
        "self" : {
          "href" : "http://localhost/api/contacts/2812_1"
        },
        "contactPerson" : {
          "href" : "http://localhost/api/contacts/2812_1"
        },
        "master" : {
          "href" : "http://localhost/api/contacts/2812_1/master"
        }
      }
    }, {
      "inputUserId" : "QSA",
      "lastUpdateUserId" : "QSA",
      "computerId" : "GLSVR171217",
      "lastSynchronizedDate" : null,
      "addressNumber" : "2813",
      "sequence" : 0,
      "name" : "Indocart",
      "mailingName" : "Indocart",
      "description" : "",
      "firstName" : "",
      "middleName" : "",
      "lastName" : "",
      "nickname" : "",
      "salutation" : "",
      "gender" : "",
      "type" : "C",
      "religion" : "",
      "dateOfBirth" : null,
      "placeOfBirth" : "",
      "socialSecurityNumber" : "",
      "socialSecurityDate" : null,
      "mediaObjectReference" : "",
      "lastUpdateDateTime" : "2017-12-17T00:00:00",
      "inputDateTime" : "2017-12-17T00:00:00",
      "_links" : {
        "self" : {
          "href" : "http://localhost/api/contacts/2813_0"
        },
        "contactPerson" : {
          "href" : "http://localhost/api/contacts/2813_0"
        },
        "master" : {
          "href" : "http://localhost/api/contacts/2813_0/master"
        }
      }
    }, {
      "inputUserId" : "QSA",
      "lastUpdateUserId" : "QSA",
      "computerId" : "GLSVR171217",
      "lastSynchronizedDate" : null,
      "addressNumber" : "2814",
      "sequence" : 0,
      "name" : "PT Metrodata",
      "mailingName" : "PT Metrodata",
      "description" : "",
      "firstName" : "",
      "middleName" : "",
      "lastName" : "",
      "nickname" : "",
      "salutation" : "",
      "gender" : "",
      "type" : "C",
      "religion" : "",
      "dateOfBirth" : null,
      "placeOfBirth" : "",
      "socialSecurityNumber" : "",
      "socialSecurityDate" : null,
      "mediaObjectReference" : "",
      "lastUpdateDateTime" : "2017-12-17T00:00:00",
      "inputDateTime" : "2017-12-17T00:00:00",
      "_links" : {
        "self" : {
          "href" : "http://localhost/api/contacts/2814_0"
        },
        "contactPerson" : {
          "href" : "http://localhost/api/contacts/2814_0"
        },
        "master" : {
          "href" : "http://localhost/api/contacts/2814_0/master"
        }
      }
    }, {
      "inputUserId" : "QSA",
      "lastUpdateUserId" : "QSA",
      "computerId" : "GLSVR171217",
      "lastSynchronizedDate" : null,
      "addressNumber" : "2815",
      "sequence" : 0,
      "name" : "PT Harrisma Informatika Jaya",
      "mailingName" : "PT Harrisma Informatika Jaya",
      "description" : "",
      "firstName" : "",
      "middleName" : "",
      "lastName" : "",
      "nickname" : "",
      "salutation" : "",
      "gender" : "",
      "type" : "C",
      "religion" : "",
      "dateOfBirth" : null,
      "placeOfBirth" : "",
      "socialSecurityNumber" : "",
      "socialSecurityDate" : null,
      "mediaObjectReference" : "",
      "lastUpdateDateTime" : "2017-12-17T00:00:00",
      "inputDateTime" : "2017-12-17T00:00:00",
      "_links" : {
        "self" : {
          "href" : "http://localhost/api/contacts/2815_0"
        },
        "contactPerson" : {
          "href" : "http://localhost/api/contacts/2815_0"
        },
        "master" : {
          "href" : "http://localhost/api/contacts/2815_0/master"
        }
      }
    }, {
      "inputUserId" : "QSA",
      "lastUpdateUserId" : "QSA",
      "computerId" : "GLSVR171217",
      "lastSynchronizedDate" : null,
      "addressNumber" : "2815",
      "sequence" : 1,
      "name" : "Irene/David/Teddy",
      "mailingName" : "Irene/David/Teddy",
      "description" : "",
      "firstName" : "",
      "middleName" : "",
      "lastName" : "",
      "nickname" : "",
      "salutation" : "",
      "gender" : "",
      "type" : "C",
      "religion" : "",
      "dateOfBirth" : null,
      "placeOfBirth" : "",
      "socialSecurityNumber" : "",
      "socialSecurityDate" : null,
      "mediaObjectReference" : "",
      "lastUpdateDateTime" : "2017-12-17T00:00:00",
      "inputDateTime" : "2017-12-17T00:00:00",
      "_links" : {
        "self" : {
          "href" : "http://localhost/api/contacts/2815_1"
        },
        "contactPerson" : {
          "href" : "http://localhost/api/contacts/2815_1"
        },
        "master" : {
          "href" : "http://localhost/api/contacts/2815_1/master"
        }
      }
    }, {
      "inputUserId" : "QSA",
      "lastUpdateUserId" : "QSA",
      "computerId" : "GLSVR171217",
      "lastSynchronizedDate" : null,
      "addressNumber" : "2816",
      "sequence" : 0,
      "name" : "Revolution Multimedia System",
      "mailingName" : "Revolution Multimedia System",
      "description" : "",
      "firstName" : "",
      "middleName" : "",
      "lastName" : "",
      "nickname" : "",
      "salutation" : "",
      "gender" : "",
      "type" : "C",
      "religion" : "",
      "dateOfBirth" : null,
      "placeOfBirth" : "",
      "socialSecurityNumber" : "",
      "socialSecurityDate" : null,
      "mediaObjectReference" : "",
      "lastUpdateDateTime" : "2017-12-17T00:00:00",
      "inputDateTime" : "2017-12-17T00:00:00",
      "_links" : {
        "self" : {
          "href" : "http://localhost/api/contacts/2816_0"
        },
        "contactPerson" : {
          "href" : "http://localhost/api/contacts/2816_0"
        },
        "master" : {
          "href" : "http://localhost/api/contacts/2816_0/master"
        }
      }
    }, {
      "inputUserId" : "QSA",
      "lastUpdateUserId" : "QSA",
      "computerId" : "GLSVR171217",
      "lastSynchronizedDate" : null,
      "addressNumber" : "2817",
      "sequence" : 0,
      "name" : "Surya Pacific",
      "mailingName" : "Surya Pacific",
      "description" : "",
      "firstName" : "",
      "middleName" : "",
      "lastName" : "",
      "nickname" : "",
      "salutation" : "",
      "gender" : "",
      "type" : "C",
      "religion" : "",
      "dateOfBirth" : null,
      "placeOfBirth" : "",
      "socialSecurityNumber" : "",
      "socialSecurityDate" : null,
      "mediaObjectReference" : "",
      "lastUpdateDateTime" : "2017-12-17T00:00:00",
      "inputDateTime" : "2017-12-17T00:00:00",
      "_links" : {
        "self" : {
          "href" : "http://localhost/api/contacts/2817_0"
        },
        "contactPerson" : {
          "href" : "http://localhost/api/contacts/2817_0"
        },
        "master" : {
          "href" : "http://localhost/api/contacts/2817_0/master"
        }
      }
    }, {
      "inputUserId" : "QSA",
      "lastUpdateUserId" : "QSA",
      "computerId" : "GLSVR171217",
      "lastSynchronizedDate" : null,
      "addressNumber" : "2818",
      "sequence" : 0,
      "name" : "Surya Artha Komputama (SAK)",
      "mailingName" : "Surya Artha Komputama (SAK)",
      "description" : "",
      "firstName" : "",
      "middleName" : "",
      "lastName" : "",
      "nickname" : "",
      "salutation" : "",
      "gender" : "",
      "type" : "C",
      "religion" : "",
      "dateOfBirth" : null,
      "placeOfBirth" : "",
      "socialSecurityNumber" : "",
      "socialSecurityDate" : null,
      "mediaObjectReference" : "",
      "lastUpdateDateTime" : "2017-12-17T00:00:00",
      "inputDateTime" : "2017-12-17T00:00:00",
      "_links" : {
        "self" : {
          "href" : "http://localhost/api/contacts/2818_0"
        },
        "contactPerson" : {
          "href" : "http://localhost/api/contacts/2818_0"
        },
        "master" : {
          "href" : "http://localhost/api/contacts/2818_0/master"
        }
      }
    }, {
      "inputUserId" : "QSA",
      "lastUpdateUserId" : "QSA",
      "computerId" : "GLSVR171217",
      "lastSynchronizedDate" : null,
      "addressNumber" : "2819",
      "sequence" : 0,
      "name" : "Seven Ink",
      "mailingName" : "Seven Ink",
      "description" : "",
      "firstName" : "",
      "middleName" : "",
      "lastName" : "",
      "nickname" : "",
      "salutation" : "",
      "gender" : "",
      "type" : "C",
      "religion" : "",
      "dateOfBirth" : null,
      "placeOfBirth" : "",
      "socialSecurityNumber" : "",
      "socialSecurityDate" : null,
      "mediaObjectReference" : "",
      "lastUpdateDateTime" : "2017-12-17T00:00:00",
      "inputDateTime" : "2017-12-17T00:00:00",
      "_links" : {
        "self" : {
          "href" : "http://localhost/api/contacts/2819_0"
        },
        "contactPerson" : {
          "href" : "http://localhost/api/contacts/2819_0"
        },
        "master" : {
          "href" : "http://localhost/api/contacts/2819_0/master"
        }
      }
    }, {
      "inputUserId" : "QSA",
      "lastUpdateUserId" : "QSA",
      "computerId" : "GLSVR171217",
      "lastSynchronizedDate" : null,
      "addressNumber" : "2820",
      "sequence" : 0,
      "name" : "PT Tixpro Informatika  Megah",
      "mailingName" : "PT Tixpro Informatika  Megah",
      "description" : "",
      "firstName" : "",
      "middleName" : "",
      "lastName" : "",
      "nickname" : "",
      "salutation" : "",
      "gender" : "",
      "type" : "C",
      "religion" : "",
      "dateOfBirth" : null,
      "placeOfBirth" : "",
      "socialSecurityNumber" : "",
      "socialSecurityDate" : null,
      "mediaObjectReference" : "",
      "lastUpdateDateTime" : "2017-12-17T00:00:00",
      "inputDateTime" : "2017-12-17T00:00:00",
      "_links" : {
        "self" : {
          "href" : "http://localhost/api/contacts/2820_0"
        },
        "contactPerson" : {
          "href" : "http://localhost/api/contacts/2820_0"
        },
        "master" : {
          "href" : "http://localhost/api/contacts/2820_0/master"
        }
      }
    }, {
      "inputUserId" : "QSA",
      "lastUpdateUserId" : "QSA",
      "computerId" : "GLSVR171217",
      "lastSynchronizedDate" : null,
      "addressNumber" : "2821",
      "sequence" : 0,
      "name" : "Sun Rise",
      "mailingName" : "Sun Rise",
      "description" : "",
      "firstName" : "",
      "middleName" : "",
      "lastName" : "",
      "nickname" : "",
      "salutation" : "",
      "gender" : "",
      "type" : "C",
      "religion" : "",
      "dateOfBirth" : null,
      "placeOfBirth" : "",
      "socialSecurityNumber" : "",
      "socialSecurityDate" : null,
      "mediaObjectReference" : "",
      "lastUpdateDateTime" : "2017-12-17T00:00:00",
      "inputDateTime" : "2017-12-17T00:00:00",
      "_links" : {
        "self" : {
          "href" : "http://localhost/api/contacts/2821_0"
        },
        "contactPerson" : {
          "href" : "http://localhost/api/contacts/2821_0"
        },
        "master" : {
          "href" : "http://localhost/api/contacts/2821_0/master"
        }
      }
    }, {
      "inputUserId" : "QSA",
      "lastUpdateUserId" : "QSA",
      "computerId" : "GLSVR171217",
      "lastSynchronizedDate" : null,
      "addressNumber" : "2822",
      "sequence" : 0,
      "name" : "OPC",
      "mailingName" : "OPC",
      "description" : "",
      "firstName" : "",
      "middleName" : "",
      "lastName" : "",
      "nickname" : "",
      "salutation" : "",
      "gender" : "",
      "type" : "C",
      "religion" : "",
      "dateOfBirth" : null,
      "placeOfBirth" : "",
      "socialSecurityNumber" : "",
      "socialSecurityDate" : null,
      "mediaObjectReference" : "",
      "lastUpdateDateTime" : "2017-12-17T00:00:00",
      "inputDateTime" : "2017-12-17T00:00:00",
      "_links" : {
        "self" : {
          "href" : "http://localhost/api/contacts/2822_0"
        },
        "contactPerson" : {
          "href" : "http://localhost/api/contacts/2822_0"
        },
        "master" : {
          "href" : "http://localhost/api/contacts/2822_0/master"
        }
      }
    }, {
      "inputUserId" : "QSA",
      "lastUpdateUserId" : "QSA",
      "computerId" : "GLSVR171217",
      "lastSynchronizedDate" : null,
      "addressNumber" : "2822",
      "sequence" : 1,
      "name" : "William",
      "mailingName" : "William",
      "description" : "",
      "firstName" : "",
      "middleName" : "",
      "lastName" : "",
      "nickname" : "",
      "salutation" : "",
      "gender" : "",
      "type" : "C",
      "religion" : "",
      "dateOfBirth" : null,
      "placeOfBirth" : "",
      "socialSecurityNumber" : "",
      "socialSecurityDate" : null,
      "mediaObjectReference" : "",
      "lastUpdateDateTime" : "2017-12-17T00:00:00",
      "inputDateTime" : "2017-12-17T00:00:00",
      "_links" : {
        "self" : {
          "href" : "http://localhost/api/contacts/2822_1"
        },
        "contactPerson" : {
          "href" : "http://localhost/api/contacts/2822_1"
        },
        "master" : {
          "href" : "http://localhost/api/contacts/2822_1/master"
        }
      }
    }, {
      "inputUserId" : "QSA",
      "lastUpdateUserId" : "QSA",
      "computerId" : "GLSVR171217",
      "lastSynchronizedDate" : null,
      "addressNumber" : "2823",
      "sequence" : 0,
      "name" : "Brother International Sales Indonesia",
      "mailingName" : "Brother International Sales Indonesia",
      "description" : "",
      "firstName" : "",
      "middleName" : "",
      "lastName" : "",
      "nickname" : "",
      "salutation" : "",
      "gender" : "",
      "type" : "C",
      "religion" : "",
      "dateOfBirth" : null,
      "placeOfBirth" : "",
      "socialSecurityNumber" : "",
      "socialSecurityDate" : null,
      "mediaObjectReference" : "",
      "lastUpdateDateTime" : "2017-12-17T00:00:00",
      "inputDateTime" : "2017-12-17T00:00:00",
      "_links" : {
        "self" : {
          "href" : "http://localhost/api/contacts/2823_0"
        },
        "contactPerson" : {
          "href" : "http://localhost/api/contacts/2823_0"
        },
        "master" : {
          "href" : "http://localhost/api/contacts/2823_0/master"
        }
      }
    }, {
      "inputUserId" : "QSA",
      "lastUpdateUserId" : "QSA",
      "computerId" : "GLSVR171217",
      "lastSynchronizedDate" : null,
      "addressNumber" : "2823",
      "sequence" : 1,
      "name" : "Mirza /Akhmad",
      "mailingName" : "Mirza /Akhmad",
      "description" : "",
      "firstName" : "",
      "middleName" : "",
      "lastName" : "",
      "nickname" : "",
      "salutation" : "",
      "gender" : "",
      "type" : "C",
      "religion" : "",
      "dateOfBirth" : null,
      "placeOfBirth" : "",
      "socialSecurityNumber" : "",
      "socialSecurityDate" : null,
      "mediaObjectReference" : "",
      "lastUpdateDateTime" : "2017-12-17T00:00:00",
      "inputDateTime" : "2017-12-17T00:00:00",
      "_links" : {
        "self" : {
          "href" : "http://localhost/api/contacts/2823_1"
        },
        "contactPerson" : {
          "href" : "http://localhost/api/contacts/2823_1"
        },
        "master" : {
          "href" : "http://localhost/api/contacts/2823_1/master"
        }
      }
    }, {
      "inputUserId" : "QSA",
      "lastUpdateUserId" : "QSA",
      "computerId" : "GLSVR171217",
      "lastSynchronizedDate" : null,
      "addressNumber" : "2824",
      "sequence" : 0,
      "name" : "Prima Cart",
      "mailingName" : "Prima Cart",
      "description" : "",
      "firstName" : "",
      "middleName" : "",
      "lastName" : "",
      "nickname" : "",
      "salutation" : "",
      "gender" : "",
      "type" : "C",
      "religion" : "",
      "dateOfBirth" : null,
      "placeOfBirth" : "",
      "socialSecurityNumber" : "",
      "socialSecurityDate" : null,
      "mediaObjectReference" : "",
      "lastUpdateDateTime" : "2017-12-17T00:00:00",
      "inputDateTime" : "2017-12-17T00:00:00",
      "_links" : {
        "self" : {
          "href" : "http://localhost/api/contacts/2824_0"
        },
        "contactPerson" : {
          "href" : "http://localhost/api/contacts/2824_0"
        },
        "master" : {
          "href" : "http://localhost/api/contacts/2824_0/master"
        }
      }
    }, {
      "inputUserId" : "QSA",
      "lastUpdateUserId" : "QSA",
      "computerId" : "GLSVR171217",
      "lastSynchronizedDate" : null,
      "addressNumber" : "2825",
      "sequence" : 0,
      "name" : "Ayooklik Yogya",
      "mailingName" : "Ayooklik Yogya",
      "description" : "",
      "firstName" : "",
      "middleName" : "",
      "lastName" : "",
      "nickname" : "",
      "salutation" : "",
      "gender" : "",
      "type" : "C",
      "religion" : "",
      "dateOfBirth" : null,
      "placeOfBirth" : "",
      "socialSecurityNumber" : "",
      "socialSecurityDate" : null,
      "mediaObjectReference" : "",
      "lastUpdateDateTime" : "2017-12-17T00:00:00",
      "inputDateTime" : "2017-12-17T00:00:00",
      "_links" : {
        "self" : {
          "href" : "http://localhost/api/contacts/2825_0"
        },
        "contactPerson" : {
          "href" : "http://localhost/api/contacts/2825_0"
        },
        "master" : {
          "href" : "http://localhost/api/contacts/2825_0/master"
        }
      }
    }, {
      "inputUserId" : "QSA",
      "lastUpdateUserId" : "QSA",
      "computerId" : "GLSVR171217",
      "lastSynchronizedDate" : null,
      "addressNumber" : "2826",
      "sequence" : 0,
      "name" : "Syafril",
      "mailingName" : "Syafril",
      "description" : "",
      "firstName" : "",
      "middleName" : "",
      "lastName" : "",
      "nickname" : "",
      "salutation" : "",
      "gender" : "",
      "type" : "C",
      "religion" : "",
      "dateOfBirth" : null,
      "placeOfBirth" : "",
      "socialSecurityNumber" : "",
      "socialSecurityDate" : null,
      "mediaObjectReference" : "",
      "lastUpdateDateTime" : "2017-12-17T00:00:00",
      "inputDateTime" : "2017-12-17T00:00:00",
      "_links" : {
        "self" : {
          "href" : "http://localhost/api/contacts/2826_0"
        },
        "contactPerson" : {
          "href" : "http://localhost/api/contacts/2826_0"
        },
        "master" : {
          "href" : "http://localhost/api/contacts/2826_0/master"
        }
      }
    }, {
      "inputUserId" : "QSA",
      "lastUpdateUserId" : "DEBBY",
      "computerId" : "GLSVR171217",
      "lastSynchronizedDate" : null,
      "addressNumber" : "2827",
      "sequence" : 0,
      "name" : "PT Tech Data Advanced Solution Indonesia",
      "mailingName" : "PT Tech Data Advanced Solution Indonesia",
      "description" : "",
      "firstName" : "",
      "middleName" : "",
      "lastName" : "",
      "nickname" : "",
      "salutation" : "",
      "gender" : "",
      "type" : "C",
      "religion" : "",
      "dateOfBirth" : null,
      "placeOfBirth" : "",
      "socialSecurityNumber" : "",
      "socialSecurityDate" : null,
      "mediaObjectReference" : "",
      "lastUpdateDateTime" : "2018-03-01T16:17:17",
      "inputDateTime" : "2017-12-17T00:00:00",
      "_links" : {
        "self" : {
          "href" : "http://localhost/api/contacts/2827_0"
        },
        "contactPerson" : {
          "href" : "http://localhost/api/contacts/2827_0"
        },
        "master" : {
          "href" : "http://localhost/api/contacts/2827_0/master"
        }
      }
    }, {
      "inputUserId" : "QSA",
      "lastUpdateUserId" : "QSA",
      "computerId" : "GLSVR171217",
      "lastSynchronizedDate" : null,
      "addressNumber" : "2827",
      "sequence" : 1,
      "name" : "Ari Susana",
      "mailingName" : "Ari Susana",
      "description" : "",
      "firstName" : "",
      "middleName" : "",
      "lastName" : "",
      "nickname" : "",
      "salutation" : "",
      "gender" : "",
      "type" : "C",
      "religion" : "",
      "dateOfBirth" : null,
      "placeOfBirth" : "",
      "socialSecurityNumber" : "",
      "socialSecurityDate" : null,
      "mediaObjectReference" : "",
      "lastUpdateDateTime" : "2017-12-17T00:00:00",
      "inputDateTime" : "2017-12-17T00:00:00",
      "_links" : {
        "self" : {
          "href" : "http://localhost/api/contacts/2827_1"
        },
        "contactPerson" : {
          "href" : "http://localhost/api/contacts/2827_1"
        },
        "master" : {
          "href" : "http://localhost/api/contacts/2827_1/master"
        }
      }
    }, {
      "inputUserId" : "QSA",
      "lastUpdateUserId" : "QSA",
      "computerId" : "GLSVR171217",
      "lastSynchronizedDate" : null,
      "addressNumber" : "2828",
      "sequence" : 0,
      "name" : "Samudra Jaya",
      "mailingName" : "Samudra Jaya",
      "description" : "",
      "firstName" : "",
      "middleName" : "",
      "lastName" : "",
      "nickname" : "",
      "salutation" : "",
      "gender" : "",
      "type" : "C",
      "religion" : "",
      "dateOfBirth" : null,
      "placeOfBirth" : "",
      "socialSecurityNumber" : "",
      "socialSecurityDate" : null,
      "mediaObjectReference" : "",
      "lastUpdateDateTime" : "2017-12-17T00:00:00",
      "inputDateTime" : "2017-12-17T00:00:00",
      "_links" : {
        "self" : {
          "href" : "http://localhost/api/contacts/2828_0"
        },
        "contactPerson" : {
          "href" : "http://localhost/api/contacts/2828_0"
        },
        "master" : {
          "href" : "http://localhost/api/contacts/2828_0/master"
        }
      }
    }, {
      "inputUserId" : "QSA",
      "lastUpdateUserId" : "QSA",
      "computerId" : "GLSVR171217",
      "lastSynchronizedDate" : null,
      "addressNumber" : "2828",
      "sequence" : 1,
      "name" : "Edward",
      "mailingName" : "Edward",
      "description" : "",
      "firstName" : "",
      "middleName" : "",
      "lastName" : "",
      "nickname" : "",
      "salutation" : "",
      "gender" : "",
      "type" : "C",
      "religion" : "",
      "dateOfBirth" : null,
      "placeOfBirth" : "",
      "socialSecurityNumber" : "",
      "socialSecurityDate" : null,
      "mediaObjectReference" : "",
      "lastUpdateDateTime" : "2017-12-17T00:00:00",
      "inputDateTime" : "2017-12-17T00:00:00",
      "_links" : {
        "self" : {
          "href" : "http://localhost/api/contacts/2828_1"
        },
        "contactPerson" : {
          "href" : "http://localhost/api/contacts/2828_1"
        },
        "master" : {
          "href" : "http://localhost/api/contacts/2828_1/master"
        }
      }
    }, {
      "inputUserId" : "QSA",
      "lastUpdateUserId" : "QSA",
      "computerId" : "GLSVR171217",
      "lastSynchronizedDate" : null,
      "addressNumber" : "2829",
      "sequence" : 0,
      "name" : "Gudang Cartridge",
      "mailingName" : "Gudang Cartridge",
      "description" : "",
      "firstName" : "",
      "middleName" : "",
      "lastName" : "",
      "nickname" : "",
      "salutation" : "",
      "gender" : "",
      "type" : "C",
      "religion" : "",
      "dateOfBirth" : null,
      "placeOfBirth" : "",
      "socialSecurityNumber" : "",
      "socialSecurityDate" : null,
      "mediaObjectReference" : "",
      "lastUpdateDateTime" : "2017-12-17T00:00:00",
      "inputDateTime" : "2017-12-17T00:00:00",
      "_links" : {
        "self" : {
          "href" : "http://localhost/api/contacts/2829_0"
        },
        "contactPerson" : {
          "href" : "http://localhost/api/contacts/2829_0"
        },
        "master" : {
          "href" : "http://localhost/api/contacts/2829_0/master"
        }
      }
    }, {
      "inputUserId" : "QSA",
      "lastUpdateUserId" : "QSA",
      "computerId" : "GLSVR171217",
      "lastSynchronizedDate" : null,
      "addressNumber" : "2830",
      "sequence" : 0,
      "name" : "Fuji Xerox (PT Multi Fortuna Gemilang)",
      "mailingName" : "Fuji Xerox (PT Multi Fortuna Gemilang)",
      "description" : "",
      "firstName" : "",
      "middleName" : "",
      "lastName" : "",
      "nickname" : "",
      "salutation" : "",
      "gender" : "",
      "type" : "C",
      "religion" : "",
      "dateOfBirth" : null,
      "placeOfBirth" : "",
      "socialSecurityNumber" : "",
      "socialSecurityDate" : null,
      "mediaObjectReference" : "",
      "lastUpdateDateTime" : "2017-12-17T00:00:00",
      "inputDateTime" : "2017-12-17T00:00:00",
      "_links" : {
        "self" : {
          "href" : "http://localhost/api/contacts/2830_0"
        },
        "contactPerson" : {
          "href" : "http://localhost/api/contacts/2830_0"
        },
        "master" : {
          "href" : "http://localhost/api/contacts/2830_0/master"
        }
      }
    }, {
      "inputUserId" : "QSA",
      "lastUpdateUserId" : "QSA",
      "computerId" : "GLSVR171217",
      "lastSynchronizedDate" : null,
      "addressNumber" : "2831",
      "sequence" : 0,
      "name" : "SAK (PT Surya Artha Komputama)",
      "mailingName" : "SAK (PT Surya Artha Komputama)",
      "description" : "",
      "firstName" : "",
      "middleName" : "",
      "lastName" : "",
      "nickname" : "",
      "salutation" : "",
      "gender" : "",
      "type" : "C",
      "religion" : "",
      "dateOfBirth" : null,
      "placeOfBirth" : "",
      "socialSecurityNumber" : "",
      "socialSecurityDate" : null,
      "mediaObjectReference" : "",
      "lastUpdateDateTime" : "2017-12-17T00:00:00",
      "inputDateTime" : "2017-12-17T00:00:00",
      "_links" : {
        "self" : {
          "href" : "http://localhost/api/contacts/2831_0"
        },
        "contactPerson" : {
          "href" : "http://localhost/api/contacts/2831_0"
        },
        "master" : {
          "href" : "http://localhost/api/contacts/2831_0/master"
        }
      }
    }, {
      "inputUserId" : "QSA",
      "lastUpdateUserId" : "QSA",
      "computerId" : "GLSVR171217",
      "lastSynchronizedDate" : null,
      "addressNumber" : "2831",
      "sequence" : 1,
      "name" : "Bpk Sony",
      "mailingName" : "Bpk Sony",
      "description" : "",
      "firstName" : "",
      "middleName" : "",
      "lastName" : "",
      "nickname" : "",
      "salutation" : "",
      "gender" : "",
      "type" : "C",
      "religion" : "",
      "dateOfBirth" : null,
      "placeOfBirth" : "",
      "socialSecurityNumber" : "",
      "socialSecurityDate" : null,
      "mediaObjectReference" : "",
      "lastUpdateDateTime" : "2017-12-17T00:00:00",
      "inputDateTime" : "2017-12-17T00:00:00",
      "_links" : {
        "self" : {
          "href" : "http://localhost/api/contacts/2831_1"
        },
        "contactPerson" : {
          "href" : "http://localhost/api/contacts/2831_1"
        },
        "master" : {
          "href" : "http://localhost/api/contacts/2831_1/master"
        }
      }
    }, {
      "inputUserId" : "QSA",
      "lastUpdateUserId" : "QSA",
      "computerId" : "GLSVR171217",
      "lastSynchronizedDate" : null,
      "addressNumber" : "2832",
      "sequence" : 0,
      "name" : "PT Pasifik Internusa",
      "mailingName" : "PT Pasifik Internusa",
      "description" : "",
      "firstName" : "",
      "middleName" : "",
      "lastName" : "",
      "nickname" : "",
      "salutation" : "",
      "gender" : "",
      "type" : "C",
      "religion" : "",
      "dateOfBirth" : null,
      "placeOfBirth" : "",
      "socialSecurityNumber" : "",
      "socialSecurityDate" : null,
      "mediaObjectReference" : "",
      "lastUpdateDateTime" : "2017-12-17T00:00:00",
      "inputDateTime" : "2017-12-17T00:00:00",
      "_links" : {
        "self" : {
          "href" : "http://localhost/api/contacts/2832_0"
        },
        "contactPerson" : {
          "href" : "http://localhost/api/contacts/2832_0"
        },
        "master" : {
          "href" : "http://localhost/api/contacts/2832_0/master"
        }
      }
    }, {
      "inputUserId" : "QSA",
      "lastUpdateUserId" : "QSA",
      "computerId" : "GLSVR171217",
      "lastSynchronizedDate" : null,
      "addressNumber" : "2832",
      "sequence" : 1,
      "name" : "Yurike",
      "mailingName" : "Yurike",
      "description" : "",
      "firstName" : "",
      "middleName" : "",
      "lastName" : "",
      "nickname" : "",
      "salutation" : "",
      "gender" : "",
      "type" : "C",
      "religion" : "",
      "dateOfBirth" : null,
      "placeOfBirth" : "",
      "socialSecurityNumber" : "",
      "socialSecurityDate" : null,
      "mediaObjectReference" : "",
      "lastUpdateDateTime" : "2017-12-17T00:00:00",
      "inputDateTime" : "2017-12-17T00:00:00",
      "_links" : {
        "self" : {
          "href" : "http://localhost/api/contacts/2832_1"
        },
        "contactPerson" : {
          "href" : "http://localhost/api/contacts/2832_1"
        },
        "master" : {
          "href" : "http://localhost/api/contacts/2832_1/master"
        }
      }
    }, {
      "inputUserId" : "QSA",
      "lastUpdateUserId" : "QSA",
      "computerId" : "GLSVR171217",
      "lastSynchronizedDate" : null,
      "addressNumber" : "2833",
      "sequence" : 0,
      "name" : "Galva",
      "mailingName" : "Galva",
      "description" : "",
      "firstName" : "",
      "middleName" : "",
      "lastName" : "",
      "nickname" : "",
      "salutation" : "",
      "gender" : "",
      "type" : "C",
      "religion" : "",
      "dateOfBirth" : null,
      "placeOfBirth" : "",
      "socialSecurityNumber" : "",
      "socialSecurityDate" : null,
      "mediaObjectReference" : "",
      "lastUpdateDateTime" : "2017-12-17T00:00:00",
      "inputDateTime" : "2017-12-17T00:00:00",
      "_links" : {
        "self" : {
          "href" : "http://localhost/api/contacts/2833_0"
        },
        "contactPerson" : {
          "href" : "http://localhost/api/contacts/2833_0"
        },
        "master" : {
          "href" : "http://localhost/api/contacts/2833_0/master"
        }
      }
    }, {
      "inputUserId" : "QSA",
      "lastUpdateUserId" : "QSA",
      "computerId" : "GLSVR171217",
      "lastSynchronizedDate" : null,
      "addressNumber" : "2834",
      "sequence" : 0,
      "name" : "PT Putriindah Informatika",
      "mailingName" : "PT Putriindah Informatika",
      "description" : "",
      "firstName" : "",
      "middleName" : "",
      "lastName" : "",
      "nickname" : "",
      "salutation" : "",
      "gender" : "",
      "type" : "C",
      "religion" : "",
      "dateOfBirth" : null,
      "placeOfBirth" : "",
      "socialSecurityNumber" : "",
      "socialSecurityDate" : null,
      "mediaObjectReference" : "",
      "lastUpdateDateTime" : "2017-12-17T00:00:00",
      "inputDateTime" : "2017-12-17T00:00:00",
      "_links" : {
        "self" : {
          "href" : "http://localhost/api/contacts/2834_0"
        },
        "contactPerson" : {
          "href" : "http://localhost/api/contacts/2834_0"
        },
        "master" : {
          "href" : "http://localhost/api/contacts/2834_0/master"
        }
      }
    }, {
      "inputUserId" : "QSA",
      "lastUpdateUserId" : "QSA",
      "computerId" : "GLSVR171217",
      "lastSynchronizedDate" : null,
      "addressNumber" : "2834",
      "sequence" : 1,
      "name" : "Lili Sumanti",
      "mailingName" : "Lili Sumanti",
      "description" : "",
      "firstName" : "",
      "middleName" : "",
      "lastName" : "",
      "nickname" : "",
      "salutation" : "",
      "gender" : "",
      "type" : "C",
      "religion" : "",
      "dateOfBirth" : null,
      "placeOfBirth" : "",
      "socialSecurityNumber" : "",
      "socialSecurityDate" : null,
      "mediaObjectReference" : "",
      "lastUpdateDateTime" : "2017-12-17T00:00:00",
      "inputDateTime" : "2017-12-17T00:00:00",
      "_links" : {
        "self" : {
          "href" : "http://localhost/api/contacts/2834_1"
        },
        "contactPerson" : {
          "href" : "http://localhost/api/contacts/2834_1"
        },
        "master" : {
          "href" : "http://localhost/api/contacts/2834_1/master"
        }
      }
    }, {
      "inputUserId" : "QSA",
      "lastUpdateUserId" : "QSA",
      "computerId" : "GLSVR171217",
      "lastSynchronizedDate" : null,
      "addressNumber" : "2835",
      "sequence" : 0,
      "name" : "CV ASA",
      "mailingName" : "CV ASA",
      "description" : "",
      "firstName" : "",
      "middleName" : "",
      "lastName" : "",
      "nickname" : "",
      "salutation" : "",
      "gender" : "",
      "type" : "C",
      "religion" : "",
      "dateOfBirth" : null,
      "placeOfBirth" : "",
      "socialSecurityNumber" : "",
      "socialSecurityDate" : null,
      "mediaObjectReference" : "",
      "lastUpdateDateTime" : "2017-12-17T00:00:00",
      "inputDateTime" : "2017-12-17T00:00:00",
      "_links" : {
        "self" : {
          "href" : "http://localhost/api/contacts/2835_0"
        },
        "contactPerson" : {
          "href" : "http://localhost/api/contacts/2835_0"
        },
        "master" : {
          "href" : "http://localhost/api/contacts/2835_0/master"
        }
      }
    }, {
      "inputUserId" : "QSA",
      "lastUpdateUserId" : "QSA",
      "computerId" : "GLSVR171217",
      "lastSynchronizedDate" : null,
      "addressNumber" : "2836",
      "sequence" : 0,
      "name" : "Tronic",
      "mailingName" : "Tronic",
      "description" : "",
      "firstName" : "",
      "middleName" : "",
      "lastName" : "",
      "nickname" : "",
      "salutation" : "",
      "gender" : "",
      "type" : "C",
      "religion" : "",
      "dateOfBirth" : null,
      "placeOfBirth" : "",
      "socialSecurityNumber" : "",
      "socialSecurityDate" : null,
      "mediaObjectReference" : "",
      "lastUpdateDateTime" : "2017-12-17T00:00:00",
      "inputDateTime" : "2017-12-17T00:00:00",
      "_links" : {
        "self" : {
          "href" : "http://localhost/api/contacts/2836_0"
        },
        "contactPerson" : {
          "href" : "http://localhost/api/contacts/2836_0"
        },
        "master" : {
          "href" : "http://localhost/api/contacts/2836_0/master"
        }
      }
    }, {
      "inputUserId" : "QSA",
      "lastUpdateUserId" : "QSA",
      "computerId" : "GLSVR171217",
      "lastSynchronizedDate" : null,
      "addressNumber" : "2837",
      "sequence" : 0,
      "name" : "Demak Jaya Com",
      "mailingName" : "Demak Jaya Com",
      "description" : "",
      "firstName" : "",
      "middleName" : "",
      "lastName" : "",
      "nickname" : "",
      "salutation" : "",
      "gender" : "",
      "type" : "C",
      "religion" : "",
      "dateOfBirth" : null,
      "placeOfBirth" : "",
      "socialSecurityNumber" : "",
      "socialSecurityDate" : null,
      "mediaObjectReference" : "",
      "lastUpdateDateTime" : "2017-12-17T00:00:00",
      "inputDateTime" : "2017-12-17T00:00:00",
      "_links" : {
        "self" : {
          "href" : "http://localhost/api/contacts/2837_0"
        },
        "contactPerson" : {
          "href" : "http://localhost/api/contacts/2837_0"
        },
        "master" : {
          "href" : "http://localhost/api/contacts/2837_0/master"
        }
      }
    }, {
      "inputUserId" : "QSA",
      "lastUpdateUserId" : "QSA",
      "computerId" : "GLSVR171217",
      "lastSynchronizedDate" : null,
      "addressNumber" : "2838",
      "sequence" : 0,
      "name" : "Service Centre",
      "mailingName" : "Service Centre",
      "description" : "",
      "firstName" : "",
      "middleName" : "",
      "lastName" : "",
      "nickname" : "",
      "salutation" : "",
      "gender" : "",
      "type" : "C",
      "religion" : "",
      "dateOfBirth" : null,
      "placeOfBirth" : "",
      "socialSecurityNumber" : "",
      "socialSecurityDate" : null,
      "mediaObjectReference" : "",
      "lastUpdateDateTime" : "2017-12-17T00:00:00",
      "inputDateTime" : "2017-12-17T00:00:00",
      "_links" : {
        "self" : {
          "href" : "http://localhost/api/contacts/2838_0"
        },
        "contactPerson" : {
          "href" : "http://localhost/api/contacts/2838_0"
        },
        "master" : {
          "href" : "http://localhost/api/contacts/2838_0/master"
        }
      }
    }, {
      "inputUserId" : "QSA",
      "lastUpdateUserId" : "QSA",
      "computerId" : "GLSVR171217",
      "lastSynchronizedDate" : null,
      "addressNumber" : "2839",
      "sequence" : 0,
      "name" : "Ayooklik Residen",
      "mailingName" : "Ayooklik Residen",
      "description" : "",
      "firstName" : "",
      "middleName" : "",
      "lastName" : "",
      "nickname" : "",
      "salutation" : "",
      "gender" : "",
      "type" : "C",
      "religion" : "",
      "dateOfBirth" : null,
      "placeOfBirth" : "",
      "socialSecurityNumber" : "",
      "socialSecurityDate" : null,
      "mediaObjectReference" : "",
      "lastUpdateDateTime" : "2017-12-17T00:00:00",
      "inputDateTime" : "2017-12-17T00:00:00",
      "_links" : {
        "self" : {
          "href" : "http://localhost/api/contacts/2839_0"
        },
        "contactPerson" : {
          "href" : "http://localhost/api/contacts/2839_0"
        },
        "master" : {
          "href" : "http://localhost/api/contacts/2839_0/master"
        }
      }
    }, {
      "inputUserId" : "QSA",
      "lastUpdateUserId" : "QSA",
      "computerId" : "GLSVR171217",
      "lastSynchronizedDate" : null,
      "addressNumber" : "2840",
      "sequence" : 0,
      "name" : "Bhinneka Mentaridimensi",
      "mailingName" : "Bhinneka Mentaridimensi",
      "description" : "",
      "firstName" : "",
      "middleName" : "",
      "lastName" : "",
      "nickname" : "",
      "salutation" : "",
      "gender" : "",
      "type" : "C",
      "religion" : "",
      "dateOfBirth" : null,
      "placeOfBirth" : "",
      "socialSecurityNumber" : "",
      "socialSecurityDate" : null,
      "mediaObjectReference" : "",
      "lastUpdateDateTime" : "2017-12-17T00:00:00",
      "inputDateTime" : "2017-12-17T00:00:00",
      "_links" : {
        "self" : {
          "href" : "http://localhost/api/contacts/2840_0"
        },
        "contactPerson" : {
          "href" : "http://localhost/api/contacts/2840_0"
        },
        "master" : {
          "href" : "http://localhost/api/contacts/2840_0/master"
        }
      }
    }, {
      "inputUserId" : "QSA",
      "lastUpdateUserId" : "QSA",
      "computerId" : "GLSVR171217",
      "lastSynchronizedDate" : null,
      "addressNumber" : "2841",
      "sequence" : 0,
      "name" : "PT Okindo Perdana",
      "mailingName" : "PT Okindo Perdana",
      "description" : "",
      "firstName" : "",
      "middleName" : "",
      "lastName" : "",
      "nickname" : "",
      "salutation" : "",
      "gender" : "",
      "type" : "C",
      "religion" : "",
      "dateOfBirth" : null,
      "placeOfBirth" : "",
      "socialSecurityNumber" : "",
      "socialSecurityDate" : null,
      "mediaObjectReference" : "",
      "lastUpdateDateTime" : "2017-12-17T00:00:00",
      "inputDateTime" : "2017-12-17T00:00:00",
      "_links" : {
        "self" : {
          "href" : "http://localhost/api/contacts/2841_0"
        },
        "contactPerson" : {
          "href" : "http://localhost/api/contacts/2841_0"
        },
        "master" : {
          "href" : "http://localhost/api/contacts/2841_0/master"
        }
      }
    }, {
      "inputUserId" : "QSA",
      "lastUpdateUserId" : "QSA",
      "computerId" : "GLSVR171217",
      "lastSynchronizedDate" : null,
      "addressNumber" : "2842",
      "sequence" : 0,
      "name" : "Duta Sarana Computer",
      "mailingName" : "Duta Sarana Computer",
      "description" : "",
      "firstName" : "",
      "middleName" : "",
      "lastName" : "",
      "nickname" : "",
      "salutation" : "",
      "gender" : "",
      "type" : "C",
      "religion" : "",
      "dateOfBirth" : null,
      "placeOfBirth" : "",
      "socialSecurityNumber" : "",
      "socialSecurityDate" : null,
      "mediaObjectReference" : "",
      "lastUpdateDateTime" : "2017-12-17T00:00:00",
      "inputDateTime" : "2017-12-17T00:00:00",
      "_links" : {
        "self" : {
          "href" : "http://localhost/api/contacts/2842_0"
        },
        "contactPerson" : {
          "href" : "http://localhost/api/contacts/2842_0"
        },
        "master" : {
          "href" : "http://localhost/api/contacts/2842_0/master"
        }
      }
    }, {
      "inputUserId" : "QSA",
      "lastUpdateUserId" : "QSA",
      "computerId" : "GLSVR171217",
      "lastSynchronizedDate" : null,
      "addressNumber" : "2842",
      "sequence" : 1,
      "name" : "Dewi",
      "mailingName" : "Dewi",
      "description" : "",
      "firstName" : "",
      "middleName" : "",
      "lastName" : "",
      "nickname" : "",
      "salutation" : "",
      "gender" : "",
      "type" : "C",
      "religion" : "",
      "dateOfBirth" : null,
      "placeOfBirth" : "",
      "socialSecurityNumber" : "",
      "socialSecurityDate" : null,
      "mediaObjectReference" : "",
      "lastUpdateDateTime" : "2017-12-17T00:00:00",
      "inputDateTime" : "2017-12-17T00:00:00",
      "_links" : {
        "self" : {
          "href" : "http://localhost/api/contacts/2842_1"
        },
        "contactPerson" : {
          "href" : "http://localhost/api/contacts/2842_1"
        },
        "master" : {
          "href" : "http://localhost/api/contacts/2842_1/master"
        }
      }
    }, {
      "inputUserId" : "QSA",
      "lastUpdateUserId" : "QSA",
      "computerId" : "GLSVR171217",
      "lastSynchronizedDate" : null,
      "addressNumber" : "2843",
      "sequence" : 0,
      "name" : "PT Aneka Infokom Tekindo",
      "mailingName" : "PT Aneka Infokom Tekindo",
      "description" : "",
      "firstName" : "",
      "middleName" : "",
      "lastName" : "",
      "nickname" : "",
      "salutation" : "",
      "gender" : "",
      "type" : "C",
      "religion" : "",
      "dateOfBirth" : null,
      "placeOfBirth" : "",
      "socialSecurityNumber" : "",
      "socialSecurityDate" : null,
      "mediaObjectReference" : "",
      "lastUpdateDateTime" : "2017-12-17T00:00:00",
      "inputDateTime" : "2017-12-17T00:00:00",
      "_links" : {
        "self" : {
          "href" : "http://localhost/api/contacts/2843_0"
        },
        "contactPerson" : {
          "href" : "http://localhost/api/contacts/2843_0"
        },
        "master" : {
          "href" : "http://localhost/api/contacts/2843_0/master"
        }
      }
    }, {
      "inputUserId" : "QSA",
      "lastUpdateUserId" : "QSA",
      "computerId" : "GLSVR171217",
      "lastSynchronizedDate" : null,
      "addressNumber" : "2843",
      "sequence" : 1,
      "name" : "Ardi",
      "mailingName" : "Ardi",
      "description" : "",
      "firstName" : "",
      "middleName" : "",
      "lastName" : "",
      "nickname" : "",
      "salutation" : "",
      "gender" : "",
      "type" : "C",
      "religion" : "",
      "dateOfBirth" : null,
      "placeOfBirth" : "",
      "socialSecurityNumber" : "",
      "socialSecurityDate" : null,
      "mediaObjectReference" : "",
      "lastUpdateDateTime" : "2017-12-17T00:00:00",
      "inputDateTime" : "2017-12-17T00:00:00",
      "_links" : {
        "self" : {
          "href" : "http://localhost/api/contacts/2843_1"
        },
        "contactPerson" : {
          "href" : "http://localhost/api/contacts/2843_1"
        },
        "master" : {
          "href" : "http://localhost/api/contacts/2843_1/master"
        }
      }
    }, {
      "inputUserId" : "QSA",
      "lastUpdateUserId" : "QSA",
      "computerId" : "GLSVR171217",
      "lastSynchronizedDate" : null,
      "addressNumber" : "2844",
      "sequence" : 0,
      "name" : "Samafitro",
      "mailingName" : "Samafitro",
      "description" : "",
      "firstName" : "",
      "middleName" : "",
      "lastName" : "",
      "nickname" : "",
      "salutation" : "",
      "gender" : "",
      "type" : "C",
      "religion" : "",
      "dateOfBirth" : null,
      "placeOfBirth" : "",
      "socialSecurityNumber" : "",
      "socialSecurityDate" : null,
      "mediaObjectReference" : "",
      "lastUpdateDateTime" : "2017-12-17T00:00:00",
      "inputDateTime" : "2017-12-17T00:00:00",
      "_links" : {
        "self" : {
          "href" : "http://localhost/api/contacts/2844_0"
        },
        "contactPerson" : {
          "href" : "http://localhost/api/contacts/2844_0"
        },
        "master" : {
          "href" : "http://localhost/api/contacts/2844_0/master"
        }
      }
    }, {
      "inputUserId" : "QSA",
      "lastUpdateUserId" : "QSA",
      "computerId" : "GLSVR171217",
      "lastSynchronizedDate" : null,
      "addressNumber" : "2844",
      "sequence" : 1,
      "name" : "Vera safitri",
      "mailingName" : "Vera safitri",
      "description" : "",
      "firstName" : "",
      "middleName" : "",
      "lastName" : "",
      "nickname" : "",
      "salutation" : "",
      "gender" : "",
      "type" : "C",
      "religion" : "",
      "dateOfBirth" : null,
      "placeOfBirth" : "",
      "socialSecurityNumber" : "",
      "socialSecurityDate" : null,
      "mediaObjectReference" : "",
      "lastUpdateDateTime" : "2017-12-17T00:00:00",
      "inputDateTime" : "2017-12-17T00:00:00",
      "_links" : {
        "self" : {
          "href" : "http://localhost/api/contacts/2844_1"
        },
        "contactPerson" : {
          "href" : "http://localhost/api/contacts/2844_1"
        },
        "master" : {
          "href" : "http://localhost/api/contacts/2844_1/master"
        }
      }
    }, {
      "inputUserId" : "QSA",
      "lastUpdateUserId" : "QSA",
      "computerId" : "GLSVR171217",
      "lastSynchronizedDate" : null,
      "addressNumber" : "2845",
      "sequence" : 0,
      "name" : "Toko Pedia",
      "mailingName" : "Toko Pedia",
      "description" : "",
      "firstName" : "",
      "middleName" : "",
      "lastName" : "",
      "nickname" : "",
      "salutation" : "",
      "gender" : "",
      "type" : "C",
      "religion" : "",
      "dateOfBirth" : null,
      "placeOfBirth" : "",
      "socialSecurityNumber" : "",
      "socialSecurityDate" : null,
      "mediaObjectReference" : "",
      "lastUpdateDateTime" : "2017-12-17T00:00:00",
      "inputDateTime" : "2017-12-17T00:00:00",
      "_links" : {
        "self" : {
          "href" : "http://localhost/api/contacts/2845_0"
        },
        "contactPerson" : {
          "href" : "http://localhost/api/contacts/2845_0"
        },
        "master" : {
          "href" : "http://localhost/api/contacts/2845_0/master"
        }
      }
    }, {
      "inputUserId" : "QSA",
      "lastUpdateUserId" : "QSA",
      "computerId" : "GLSVR171217",
      "lastSynchronizedDate" : null,
      "addressNumber" : "2846",
      "sequence" : 0,
      "name" : "Betakom",
      "mailingName" : "Betakom",
      "description" : "",
      "firstName" : "",
      "middleName" : "",
      "lastName" : "",
      "nickname" : "",
      "salutation" : "",
      "gender" : "",
      "type" : "C",
      "religion" : "",
      "dateOfBirth" : null,
      "placeOfBirth" : "",
      "socialSecurityNumber" : "",
      "socialSecurityDate" : null,
      "mediaObjectReference" : "",
      "lastUpdateDateTime" : "2017-12-17T00:00:00",
      "inputDateTime" : "2017-12-17T00:00:00",
      "_links" : {
        "self" : {
          "href" : "http://localhost/api/contacts/2846_0"
        },
        "contactPerson" : {
          "href" : "http://localhost/api/contacts/2846_0"
        },
        "master" : {
          "href" : "http://localhost/api/contacts/2846_0/master"
        }
      }
    }, {
      "inputUserId" : "QSA",
      "lastUpdateUserId" : "QSA",
      "computerId" : "GLSVR171217",
      "lastSynchronizedDate" : null,
      "addressNumber" : "2846",
      "sequence" : 1,
      "name" : "Rahma",
      "mailingName" : "Rahma",
      "description" : "",
      "firstName" : "",
      "middleName" : "",
      "lastName" : "",
      "nickname" : "",
      "salutation" : "",
      "gender" : "",
      "type" : "C",
      "religion" : "",
      "dateOfBirth" : null,
      "placeOfBirth" : "",
      "socialSecurityNumber" : "",
      "socialSecurityDate" : null,
      "mediaObjectReference" : "",
      "lastUpdateDateTime" : "2017-12-17T00:00:00",
      "inputDateTime" : "2017-12-17T00:00:00",
      "_links" : {
        "self" : {
          "href" : "http://localhost/api/contacts/2846_1"
        },
        "contactPerson" : {
          "href" : "http://localhost/api/contacts/2846_1"
        },
        "master" : {
          "href" : "http://localhost/api/contacts/2846_1/master"
        }
      }
    }, {
      "inputUserId" : "QSA",
      "lastUpdateUserId" : "QSA",
      "computerId" : "GLSVR171217",
      "lastSynchronizedDate" : null,
      "addressNumber" : "2847",
      "sequence" : 0,
      "name" : "PT Datascrip",
      "mailingName" : "PT Datascrip",
      "description" : "",
      "firstName" : "",
      "middleName" : "",
      "lastName" : "",
      "nickname" : "",
      "salutation" : "",
      "gender" : "",
      "type" : "C",
      "religion" : "",
      "dateOfBirth" : null,
      "placeOfBirth" : "",
      "socialSecurityNumber" : "",
      "socialSecurityDate" : null,
      "mediaObjectReference" : "",
      "lastUpdateDateTime" : "2017-12-17T00:00:00",
      "inputDateTime" : "2017-12-17T00:00:00",
      "_links" : {
        "self" : {
          "href" : "http://localhost/api/contacts/2847_0"
        },
        "contactPerson" : {
          "href" : "http://localhost/api/contacts/2847_0"
        },
        "master" : {
          "href" : "http://localhost/api/contacts/2847_0/master"
        }
      }
    }, {
      "inputUserId" : "QSA",
      "lastUpdateUserId" : "QSA",
      "computerId" : "GLSVR171217",
      "lastSynchronizedDate" : null,
      "addressNumber" : "2847",
      "sequence" : 1,
      "name" : "Ahmad Zaki",
      "mailingName" : "Ahmad Zaki",
      "description" : "",
      "firstName" : "",
      "middleName" : "",
      "lastName" : "",
      "nickname" : "",
      "salutation" : "",
      "gender" : "",
      "type" : "C",
      "religion" : "",
      "dateOfBirth" : null,
      "placeOfBirth" : "",
      "socialSecurityNumber" : "",
      "socialSecurityDate" : null,
      "mediaObjectReference" : "",
      "lastUpdateDateTime" : "2017-12-17T00:00:00",
      "inputDateTime" : "2017-12-17T00:00:00",
      "_links" : {
        "self" : {
          "href" : "http://localhost/api/contacts/2847_1"
        },
        "contactPerson" : {
          "href" : "http://localhost/api/contacts/2847_1"
        },
        "master" : {
          "href" : "http://localhost/api/contacts/2847_1/master"
        }
      }
    }, {
      "inputUserId" : "QSA",
      "lastUpdateUserId" : "QSA",
      "computerId" : "GLSVR171217",
      "lastSynchronizedDate" : null,
      "addressNumber" : "2848",
      "sequence" : 0,
      "name" : "PT Elmi Cahaya Cendikia",
      "mailingName" : "PT Elmi Cahaya Cendikia",
      "description" : "",
      "firstName" : "",
      "middleName" : "",
      "lastName" : "",
      "nickname" : "",
      "salutation" : "",
      "gender" : "",
      "type" : "C",
      "religion" : "",
      "dateOfBirth" : null,
      "placeOfBirth" : "",
      "socialSecurityNumber" : "",
      "socialSecurityDate" : null,
      "mediaObjectReference" : "",
      "lastUpdateDateTime" : "2017-12-17T00:00:00",
      "inputDateTime" : "2017-12-17T00:00:00",
      "_links" : {
        "self" : {
          "href" : "http://localhost/api/contacts/2848_0"
        },
        "contactPerson" : {
          "href" : "http://localhost/api/contacts/2848_0"
        },
        "master" : {
          "href" : "http://localhost/api/contacts/2848_0/master"
        }
      }
    }, {
      "inputUserId" : "QSA",
      "lastUpdateUserId" : "QSA",
      "computerId" : "GLSVR171217",
      "lastSynchronizedDate" : null,
      "addressNumber" : "2849",
      "sequence" : 0,
      "name" : "Elmi Computer",
      "mailingName" : "Elmi Computer",
      "description" : "",
      "firstName" : "",
      "middleName" : "",
      "lastName" : "",
      "nickname" : "",
      "salutation" : "",
      "gender" : "",
      "type" : "C",
      "religion" : "",
      "dateOfBirth" : null,
      "placeOfBirth" : "",
      "socialSecurityNumber" : "",
      "socialSecurityDate" : null,
      "mediaObjectReference" : "",
      "lastUpdateDateTime" : "2017-12-17T00:00:00",
      "inputDateTime" : "2017-12-17T00:00:00",
      "_links" : {
        "self" : {
          "href" : "http://localhost/api/contacts/2849_0"
        },
        "contactPerson" : {
          "href" : "http://localhost/api/contacts/2849_0"
        },
        "master" : {
          "href" : "http://localhost/api/contacts/2849_0/master"
        }
      }
    }, {
      "inputUserId" : "QSA",
      "lastUpdateUserId" : "QSA",
      "computerId" : "GLSVR171217",
      "lastSynchronizedDate" : null,
      "addressNumber" : "2850",
      "sequence" : 0,
      "name" : "PT Astra Graphia",
      "mailingName" : "PT Astra Graphia",
      "description" : "",
      "firstName" : "",
      "middleName" : "",
      "lastName" : "",
      "nickname" : "",
      "salutation" : "",
      "gender" : "",
      "type" : "C",
      "religion" : "",
      "dateOfBirth" : null,
      "placeOfBirth" : "",
      "socialSecurityNumber" : "",
      "socialSecurityDate" : null,
      "mediaObjectReference" : "",
      "lastUpdateDateTime" : "2017-12-17T00:00:00",
      "inputDateTime" : "2017-12-17T00:00:00",
      "_links" : {
        "self" : {
          "href" : "http://localhost/api/contacts/2850_0"
        },
        "contactPerson" : {
          "href" : "http://localhost/api/contacts/2850_0"
        },
        "master" : {
          "href" : "http://localhost/api/contacts/2850_0/master"
        }
      }
    }, {
      "inputUserId" : "QSA",
      "lastUpdateUserId" : "QSA",
      "computerId" : "GLSVR171217",
      "lastSynchronizedDate" : null,
      "addressNumber" : "2850",
      "sequence" : 1,
      "name" : "Nurcholis",
      "mailingName" : "Nurcholis",
      "description" : "",
      "firstName" : "",
      "middleName" : "",
      "lastName" : "",
      "nickname" : "",
      "salutation" : "",
      "gender" : "",
      "type" : "C",
      "religion" : "",
      "dateOfBirth" : null,
      "placeOfBirth" : "",
      "socialSecurityNumber" : "",
      "socialSecurityDate" : null,
      "mediaObjectReference" : "",
      "lastUpdateDateTime" : "2017-12-17T00:00:00",
      "inputDateTime" : "2017-12-17T00:00:00",
      "_links" : {
        "self" : {
          "href" : "http://localhost/api/contacts/2850_1"
        },
        "contactPerson" : {
          "href" : "http://localhost/api/contacts/2850_1"
        },
        "master" : {
          "href" : "http://localhost/api/contacts/2850_1/master"
        }
      }
    }, {
      "inputUserId" : "QSA",
      "lastUpdateUserId" : "QSA",
      "computerId" : "GLSVR171217",
      "lastSynchronizedDate" : null,
      "addressNumber" : "2851",
      "sequence" : 0,
      "name" : "PT Surya Cakra",
      "mailingName" : "PT Surya Cakra",
      "description" : "",
      "firstName" : "",
      "middleName" : "",
      "lastName" : "",
      "nickname" : "",
      "salutation" : "",
      "gender" : "",
      "type" : "C",
      "religion" : "",
      "dateOfBirth" : null,
      "placeOfBirth" : "",
      "socialSecurityNumber" : "",
      "socialSecurityDate" : null,
      "mediaObjectReference" : "",
      "lastUpdateDateTime" : "2017-12-17T00:00:00",
      "inputDateTime" : "2017-12-17T00:00:00",
      "_links" : {
        "self" : {
          "href" : "http://localhost/api/contacts/2851_0"
        },
        "contactPerson" : {
          "href" : "http://localhost/api/contacts/2851_0"
        },
        "master" : {
          "href" : "http://localhost/api/contacts/2851_0/master"
        }
      }
    }, {
      "inputUserId" : "QSA",
      "lastUpdateUserId" : "QSA",
      "computerId" : "GLSVR171217",
      "lastSynchronizedDate" : null,
      "addressNumber" : "2851",
      "sequence" : 1,
      "name" : "Feri",
      "mailingName" : "Feri",
      "description" : "",
      "firstName" : "",
      "middleName" : "",
      "lastName" : "",
      "nickname" : "",
      "salutation" : "",
      "gender" : "",
      "type" : "C",
      "religion" : "",
      "dateOfBirth" : null,
      "placeOfBirth" : "",
      "socialSecurityNumber" : "",
      "socialSecurityDate" : null,
      "mediaObjectReference" : "",
      "lastUpdateDateTime" : "2017-12-17T00:00:00",
      "inputDateTime" : "2017-12-17T00:00:00",
      "_links" : {
        "self" : {
          "href" : "http://localhost/api/contacts/2851_1"
        },
        "contactPerson" : {
          "href" : "http://localhost/api/contacts/2851_1"
        },
        "master" : {
          "href" : "http://localhost/api/contacts/2851_1/master"
        }
      }
    }, {
      "inputUserId" : "QSA",
      "lastUpdateUserId" : "QSA",
      "computerId" : "GLSVR171217",
      "lastSynchronizedDate" : null,
      "addressNumber" : "2852",
      "sequence" : 0,
      "name" : "PT Infokom Putra Kencana",
      "mailingName" : "PT Infokom Putra Kencana",
      "description" : "",
      "firstName" : "",
      "middleName" : "",
      "lastName" : "",
      "nickname" : "",
      "salutation" : "",
      "gender" : "",
      "type" : "C",
      "religion" : "",
      "dateOfBirth" : null,
      "placeOfBirth" : "",
      "socialSecurityNumber" : "",
      "socialSecurityDate" : null,
      "mediaObjectReference" : "",
      "lastUpdateDateTime" : "2017-12-17T00:00:00",
      "inputDateTime" : "2017-12-17T00:00:00",
      "_links" : {
        "self" : {
          "href" : "http://localhost/api/contacts/2852_0"
        },
        "contactPerson" : {
          "href" : "http://localhost/api/contacts/2852_0"
        },
        "master" : {
          "href" : "http://localhost/api/contacts/2852_0/master"
        }
      }
    }, {
      "inputUserId" : "QSA",
      "lastUpdateUserId" : "QSA",
      "computerId" : "GLSVR171217",
      "lastSynchronizedDate" : null,
      "addressNumber" : "2853",
      "sequence" : 0,
      "name" : "Ko Ken",
      "mailingName" : "Ko Ken",
      "description" : "",
      "firstName" : "",
      "middleName" : "",
      "lastName" : "",
      "nickname" : "",
      "salutation" : "",
      "gender" : "",
      "type" : "C",
      "religion" : "",
      "dateOfBirth" : null,
      "placeOfBirth" : "",
      "socialSecurityNumber" : "",
      "socialSecurityDate" : null,
      "mediaObjectReference" : "",
      "lastUpdateDateTime" : "2017-12-17T00:00:00",
      "inputDateTime" : "2017-12-17T00:00:00",
      "_links" : {
        "self" : {
          "href" : "http://localhost/api/contacts/2853_0"
        },
        "contactPerson" : {
          "href" : "http://localhost/api/contacts/2853_0"
        },
        "master" : {
          "href" : "http://localhost/api/contacts/2853_0/master"
        }
      }
    }, {
      "inputUserId" : "QSA",
      "lastUpdateUserId" : "QSA",
      "computerId" : "GLSVR171217",
      "lastSynchronizedDate" : null,
      "addressNumber" : "2854",
      "sequence" : 0,
      "name" : "Syn Print",
      "mailingName" : "Syn Print",
      "description" : "",
      "firstName" : "",
      "middleName" : "",
      "lastName" : "",
      "nickname" : "",
      "salutation" : "",
      "gender" : "",
      "type" : "C",
      "religion" : "",
      "dateOfBirth" : null,
      "placeOfBirth" : "",
      "socialSecurityNumber" : "",
      "socialSecurityDate" : null,
      "mediaObjectReference" : "",
      "lastUpdateDateTime" : "2017-12-17T00:00:00",
      "inputDateTime" : "2017-12-17T00:00:00",
      "_links" : {
        "self" : {
          "href" : "http://localhost/api/contacts/2854_0"
        },
        "contactPerson" : {
          "href" : "http://localhost/api/contacts/2854_0"
        },
        "master" : {
          "href" : "http://localhost/api/contacts/2854_0/master"
        }
      }
    }, {
      "inputUserId" : "QSA",
      "lastUpdateUserId" : "QSA",
      "computerId" : "GLSVR171217",
      "lastSynchronizedDate" : null,
      "addressNumber" : "2854",
      "sequence" : 1,
      "name" : "Yono",
      "mailingName" : "Yono",
      "description" : "",
      "firstName" : "",
      "middleName" : "",
      "lastName" : "",
      "nickname" : "",
      "salutation" : "",
      "gender" : "",
      "type" : "C",
      "religion" : "",
      "dateOfBirth" : null,
      "placeOfBirth" : "",
      "socialSecurityNumber" : "",
      "socialSecurityDate" : null,
      "mediaObjectReference" : "",
      "lastUpdateDateTime" : "2017-12-17T00:00:00",
      "inputDateTime" : "2017-12-17T00:00:00",
      "_links" : {
        "self" : {
          "href" : "http://localhost/api/contacts/2854_1"
        },
        "contactPerson" : {
          "href" : "http://localhost/api/contacts/2854_1"
        },
        "master" : {
          "href" : "http://localhost/api/contacts/2854_1/master"
        }
      }
    }, {
      "inputUserId" : "QSA",
      "lastUpdateUserId" : "QSA",
      "computerId" : "GLSVR171217",
      "lastSynchronizedDate" : null,
      "addressNumber" : "2855",
      "sequence" : 0,
      "name" : "Breathe (Tono)",
      "mailingName" : "Breathe (Tono)",
      "description" : "",
      "firstName" : "",
      "middleName" : "",
      "lastName" : "",
      "nickname" : "",
      "salutation" : "",
      "gender" : "",
      "type" : "C",
      "religion" : "",
      "dateOfBirth" : null,
      "placeOfBirth" : "",
      "socialSecurityNumber" : "",
      "socialSecurityDate" : null,
      "mediaObjectReference" : "",
      "lastUpdateDateTime" : "2017-12-17T00:00:00",
      "inputDateTime" : "2017-12-17T00:00:00",
      "_links" : {
        "self" : {
          "href" : "http://localhost/api/contacts/2855_0"
        },
        "contactPerson" : {
          "href" : "http://localhost/api/contacts/2855_0"
        },
        "master" : {
          "href" : "http://localhost/api/contacts/2855_0/master"
        }
      }
    }, {
      "inputUserId" : "QSA",
      "lastUpdateUserId" : "QSA",
      "computerId" : "GLSVR171217",
      "lastSynchronizedDate" : null,
      "addressNumber" : "2856",
      "sequence" : 0,
      "name" : "Harapan Jaya",
      "mailingName" : "Harapan Jaya",
      "description" : "",
      "firstName" : "",
      "middleName" : "",
      "lastName" : "",
      "nickname" : "",
      "salutation" : "",
      "gender" : "",
      "type" : "C",
      "religion" : "",
      "dateOfBirth" : null,
      "placeOfBirth" : "",
      "socialSecurityNumber" : "",
      "socialSecurityDate" : null,
      "mediaObjectReference" : "",
      "lastUpdateDateTime" : "2017-12-17T00:00:00",
      "inputDateTime" : "2017-12-17T00:00:00",
      "_links" : {
        "self" : {
          "href" : "http://localhost/api/contacts/2856_0"
        },
        "contactPerson" : {
          "href" : "http://localhost/api/contacts/2856_0"
        },
        "master" : {
          "href" : "http://localhost/api/contacts/2856_0/master"
        }
      }
    }, {
      "inputUserId" : "QSA",
      "lastUpdateUserId" : "DEBBY",
      "computerId" : "GLSVR171217",
      "lastSynchronizedDate" : null,
      "addressNumber" : "2857",
      "sequence" : 0,
      "name" : "PT Raya Persada Solusindo",
      "mailingName" : "PT Raya Persada Solusindo",
      "description" : "",
      "firstName" : "",
      "middleName" : "",
      "lastName" : "",
      "nickname" : "",
      "salutation" : "",
      "gender" : "",
      "type" : "C",
      "religion" : "",
      "dateOfBirth" : null,
      "placeOfBirth" : "",
      "socialSecurityNumber" : "",
      "socialSecurityDate" : null,
      "mediaObjectReference" : "",
      "lastUpdateDateTime" : "2018-03-05T15:00:14",
      "inputDateTime" : "2017-12-17T00:00:00",
      "_links" : {
        "self" : {
          "href" : "http://localhost/api/contacts/2857_0"
        },
        "contactPerson" : {
          "href" : "http://localhost/api/contacts/2857_0"
        },
        "master" : {
          "href" : "http://localhost/api/contacts/2857_0/master"
        }
      }
    }, {
      "inputUserId" : "QSA",
      "lastUpdateUserId" : "QSA",
      "computerId" : "GLSVR171217",
      "lastSynchronizedDate" : null,
      "addressNumber" : "2857",
      "sequence" : 1,
      "name" : "Ibu lilies",
      "mailingName" : "Ibu lilies",
      "description" : "",
      "firstName" : "",
      "middleName" : "",
      "lastName" : "",
      "nickname" : "",
      "salutation" : "",
      "gender" : "",
      "type" : "C",
      "religion" : "",
      "dateOfBirth" : null,
      "placeOfBirth" : "",
      "socialSecurityNumber" : "",
      "socialSecurityDate" : null,
      "mediaObjectReference" : "",
      "lastUpdateDateTime" : "2017-12-17T00:00:00",
      "inputDateTime" : "2017-12-17T00:00:00",
      "_links" : {
        "self" : {
          "href" : "http://localhost/api/contacts/2857_1"
        },
        "contactPerson" : {
          "href" : "http://localhost/api/contacts/2857_1"
        },
        "master" : {
          "href" : "http://localhost/api/contacts/2857_1/master"
        }
      }
    }, {
      "inputUserId" : "QSA",
      "lastUpdateUserId" : "QSA",
      "computerId" : "GLSVR171217",
      "lastSynchronizedDate" : null,
      "addressNumber" : "2858",
      "sequence" : 0,
      "name" : "Mitra Surya Computer",
      "mailingName" : "Mitra Surya Computer",
      "description" : "",
      "firstName" : "",
      "middleName" : "",
      "lastName" : "",
      "nickname" : "",
      "salutation" : "",
      "gender" : "",
      "type" : "C",
      "religion" : "",
      "dateOfBirth" : null,
      "placeOfBirth" : "",
      "socialSecurityNumber" : "",
      "socialSecurityDate" : null,
      "mediaObjectReference" : "",
      "lastUpdateDateTime" : "2017-12-17T00:00:00",
      "inputDateTime" : "2017-12-17T00:00:00",
      "_links" : {
        "self" : {
          "href" : "http://localhost/api/contacts/2858_0"
        },
        "contactPerson" : {
          "href" : "http://localhost/api/contacts/2858_0"
        },
        "master" : {
          "href" : "http://localhost/api/contacts/2858_0/master"
        }
      }
    }, {
      "inputUserId" : "QSA",
      "lastUpdateUserId" : "QSA",
      "computerId" : "GLSVR171217",
      "lastSynchronizedDate" : null,
      "addressNumber" : "2859",
      "sequence" : 0,
      "name" : "PT Kreasindo Cipta Nusantara",
      "mailingName" : "PT Kreasindo Cipta Nusantara",
      "description" : "",
      "firstName" : "",
      "middleName" : "",
      "lastName" : "",
      "nickname" : "",
      "salutation" : "",
      "gender" : "",
      "type" : "C",
      "religion" : "",
      "dateOfBirth" : null,
      "placeOfBirth" : "",
      "socialSecurityNumber" : "",
      "socialSecurityDate" : null,
      "mediaObjectReference" : "",
      "lastUpdateDateTime" : "2017-12-17T00:00:00",
      "inputDateTime" : "2017-12-17T00:00:00",
      "_links" : {
        "self" : {
          "href" : "http://localhost/api/contacts/2859_0"
        },
        "contactPerson" : {
          "href" : "http://localhost/api/contacts/2859_0"
        },
        "master" : {
          "href" : "http://localhost/api/contacts/2859_0/master"
        }
      }
    }, {
      "inputUserId" : "QSA",
      "lastUpdateUserId" : "QSA",
      "computerId" : "GLSVR171217",
      "lastSynchronizedDate" : null,
      "addressNumber" : "2860",
      "sequence" : 0,
      "name" : "Bangun Bersama Computindo (BBC)",
      "mailingName" : "Bangun Bersama Computindo (BBC)",
      "description" : "",
      "firstName" : "",
      "middleName" : "",
      "lastName" : "",
      "nickname" : "",
      "salutation" : "",
      "gender" : "",
      "type" : "C",
      "religion" : "",
      "dateOfBirth" : null,
      "placeOfBirth" : "",
      "socialSecurityNumber" : "",
      "socialSecurityDate" : null,
      "mediaObjectReference" : "",
      "lastUpdateDateTime" : "2017-12-17T00:00:00",
      "inputDateTime" : "2017-12-17T00:00:00",
      "_links" : {
        "self" : {
          "href" : "http://localhost/api/contacts/2860_0"
        },
        "contactPerson" : {
          "href" : "http://localhost/api/contacts/2860_0"
        },
        "master" : {
          "href" : "http://localhost/api/contacts/2860_0/master"
        }
      }
    }, {
      "inputUserId" : "QSA",
      "lastUpdateUserId" : "QSA",
      "computerId" : "GLSVR171217",
      "lastSynchronizedDate" : null,
      "addressNumber" : "2860",
      "sequence" : 1,
      "name" : "Bp Hendra",
      "mailingName" : "Bp Hendra",
      "description" : "",
      "firstName" : "",
      "middleName" : "",
      "lastName" : "",
      "nickname" : "",
      "salutation" : "",
      "gender" : "",
      "type" : "C",
      "religion" : "",
      "dateOfBirth" : null,
      "placeOfBirth" : "",
      "socialSecurityNumber" : "",
      "socialSecurityDate" : null,
      "mediaObjectReference" : "",
      "lastUpdateDateTime" : "2017-12-17T00:00:00",
      "inputDateTime" : "2017-12-17T00:00:00",
      "_links" : {
        "self" : {
          "href" : "http://localhost/api/contacts/2860_1"
        },
        "contactPerson" : {
          "href" : "http://localhost/api/contacts/2860_1"
        },
        "master" : {
          "href" : "http://localhost/api/contacts/2860_1/master"
        }
      }
    }, {
      "inputUserId" : "QSA",
      "lastUpdateUserId" : "QSA",
      "computerId" : "GLSVR171217",
      "lastSynchronizedDate" : null,
      "addressNumber" : "2861",
      "sequence" : 0,
      "name" : "CV Arotech Solutama",
      "mailingName" : "CV Arotech Solutama",
      "description" : "",
      "firstName" : "",
      "middleName" : "",
      "lastName" : "",
      "nickname" : "",
      "salutation" : "",
      "gender" : "",
      "type" : "C",
      "religion" : "",
      "dateOfBirth" : null,
      "placeOfBirth" : "",
      "socialSecurityNumber" : "",
      "socialSecurityDate" : null,
      "mediaObjectReference" : "",
      "lastUpdateDateTime" : "2017-12-17T00:00:00",
      "inputDateTime" : "2017-12-17T00:00:00",
      "_links" : {
        "self" : {
          "href" : "http://localhost/api/contacts/2861_0"
        },
        "contactPerson" : {
          "href" : "http://localhost/api/contacts/2861_0"
        },
        "master" : {
          "href" : "http://localhost/api/contacts/2861_0/master"
        }
      }
    }, {
      "inputUserId" : "QSA",
      "lastUpdateUserId" : "QSA",
      "computerId" : "GLSVR171217",
      "lastSynchronizedDate" : null,
      "addressNumber" : "2862",
      "sequence" : 0,
      "name" : "PT Galva Technovision",
      "mailingName" : "PT Galva Technovision",
      "description" : "",
      "firstName" : "",
      "middleName" : "",
      "lastName" : "",
      "nickname" : "",
      "salutation" : "",
      "gender" : "",
      "type" : "C",
      "religion" : "",
      "dateOfBirth" : null,
      "placeOfBirth" : "",
      "socialSecurityNumber" : "",
      "socialSecurityDate" : null,
      "mediaObjectReference" : "",
      "lastUpdateDateTime" : "2017-12-17T00:00:00",
      "inputDateTime" : "2017-12-17T00:00:00",
      "_links" : {
        "self" : {
          "href" : "http://localhost/api/contacts/2862_0"
        },
        "contactPerson" : {
          "href" : "http://localhost/api/contacts/2862_0"
        },
        "master" : {
          "href" : "http://localhost/api/contacts/2862_0/master"
        }
      }
    }, {
      "inputUserId" : "QSA",
      "lastUpdateUserId" : "QSA",
      "computerId" : "GLSVR171217",
      "lastSynchronizedDate" : null,
      "addressNumber" : "2863",
      "sequence" : 0,
      "name" : "PT Wisno Grahakom",
      "mailingName" : "PT Wisno Grahakom",
      "description" : "",
      "firstName" : "",
      "middleName" : "",
      "lastName" : "",
      "nickname" : "",
      "salutation" : "",
      "gender" : "",
      "type" : "C",
      "religion" : "",
      "dateOfBirth" : null,
      "placeOfBirth" : "",
      "socialSecurityNumber" : "",
      "socialSecurityDate" : null,
      "mediaObjectReference" : "",
      "lastUpdateDateTime" : "2017-12-17T00:00:00",
      "inputDateTime" : "2017-12-17T00:00:00",
      "_links" : {
        "self" : {
          "href" : "http://localhost/api/contacts/2863_0"
        },
        "contactPerson" : {
          "href" : "http://localhost/api/contacts/2863_0"
        },
        "master" : {
          "href" : "http://localhost/api/contacts/2863_0/master"
        }
      }
    }, {
      "inputUserId" : "QSA",
      "lastUpdateUserId" : "DEBBY",
      "computerId" : "GLSVR171217",
      "lastSynchronizedDate" : null,
      "addressNumber" : "2864",
      "sequence" : 0,
      "name" : "PT Primajaya Multi Technology",
      "mailingName" : "PT Primajaya Multi Technology",
      "description" : "",
      "firstName" : "",
      "middleName" : "",
      "lastName" : "",
      "nickname" : "",
      "salutation" : "",
      "gender" : "",
      "type" : "C",
      "religion" : "",
      "dateOfBirth" : null,
      "placeOfBirth" : "",
      "socialSecurityNumber" : "",
      "socialSecurityDate" : null,
      "mediaObjectReference" : "",
      "lastUpdateDateTime" : "2018-04-10T13:12:21",
      "inputDateTime" : "2017-12-17T00:00:00",
      "_links" : {
        "self" : {
          "href" : "http://localhost/api/contacts/2864_0"
        },
        "contactPerson" : {
          "href" : "http://localhost/api/contacts/2864_0"
        },
        "master" : {
          "href" : "http://localhost/api/contacts/2864_0/master"
        }
      }
    }, {
      "inputUserId" : "QSA",
      "lastUpdateUserId" : "QSA",
      "computerId" : "GLSVR171217",
      "lastSynchronizedDate" : null,
      "addressNumber" : "2865",
      "sequence" : 0,
      "name" : "Titan Computer",
      "mailingName" : "Titan Computer",
      "description" : "",
      "firstName" : "",
      "middleName" : "",
      "lastName" : "",
      "nickname" : "",
      "salutation" : "",
      "gender" : "",
      "type" : "C",
      "religion" : "",
      "dateOfBirth" : null,
      "placeOfBirth" : "",
      "socialSecurityNumber" : "",
      "socialSecurityDate" : null,
      "mediaObjectReference" : "",
      "lastUpdateDateTime" : "2017-12-17T00:00:00",
      "inputDateTime" : "2017-12-17T00:00:00",
      "_links" : {
        "self" : {
          "href" : "http://localhost/api/contacts/2865_0"
        },
        "contactPerson" : {
          "href" : "http://localhost/api/contacts/2865_0"
        },
        "master" : {
          "href" : "http://localhost/api/contacts/2865_0/master"
        }
      }
    }, {
      "inputUserId" : "QSA",
      "lastUpdateUserId" : "QSA",
      "computerId" : "GLSVR171217",
      "lastSynchronizedDate" : null,
      "addressNumber" : "2865",
      "sequence" : 1,
      "name" : "Dian",
      "mailingName" : "Dian",
      "description" : "",
      "firstName" : "",
      "middleName" : "",
      "lastName" : "",
      "nickname" : "",
      "salutation" : "",
      "gender" : "",
      "type" : "C",
      "religion" : "",
      "dateOfBirth" : null,
      "placeOfBirth" : "",
      "socialSecurityNumber" : "",
      "socialSecurityDate" : null,
      "mediaObjectReference" : "",
      "lastUpdateDateTime" : "2017-12-17T00:00:00",
      "inputDateTime" : "2017-12-17T00:00:00",
      "_links" : {
        "self" : {
          "href" : "http://localhost/api/contacts/2865_1"
        },
        "contactPerson" : {
          "href" : "http://localhost/api/contacts/2865_1"
        },
        "master" : {
          "href" : "http://localhost/api/contacts/2865_1/master"
        }
      }
    }, {
      "inputUserId" : "QSA",
      "lastUpdateUserId" : "QSA",
      "computerId" : "GLSVR171217",
      "lastSynchronizedDate" : null,
      "addressNumber" : "2866",
      "sequence" : 0,
      "name" : "PT Erakomp Infonusa",
      "mailingName" : "PT Erakomp Infonusa",
      "description" : "",
      "firstName" : "",
      "middleName" : "",
      "lastName" : "",
      "nickname" : "",
      "salutation" : "",
      "gender" : "",
      "type" : "C",
      "religion" : "",
      "dateOfBirth" : null,
      "placeOfBirth" : "",
      "socialSecurityNumber" : "",
      "socialSecurityDate" : null,
      "mediaObjectReference" : "",
      "lastUpdateDateTime" : "2017-12-17T00:00:00",
      "inputDateTime" : "2017-12-17T00:00:00",
      "_links" : {
        "self" : {
          "href" : "http://localhost/api/contacts/2866_0"
        },
        "contactPerson" : {
          "href" : "http://localhost/api/contacts/2866_0"
        },
        "master" : {
          "href" : "http://localhost/api/contacts/2866_0/master"
        }
      }
    }, {
      "inputUserId" : "QSA",
      "lastUpdateUserId" : "QSA",
      "computerId" : "GLSVR171217",
      "lastSynchronizedDate" : null,
      "addressNumber" : "2867",
      "sequence" : 0,
      "name" : "PT Bali Yoni Saguna",
      "mailingName" : "PT Bali Yoni Saguna",
      "description" : "",
      "firstName" : "",
      "middleName" : "",
      "lastName" : "",
      "nickname" : "",
      "salutation" : "",
      "gender" : "",
      "type" : "C",
      "religion" : "",
      "dateOfBirth" : null,
      "placeOfBirth" : "",
      "socialSecurityNumber" : "",
      "socialSecurityDate" : null,
      "mediaObjectReference" : "",
      "lastUpdateDateTime" : "2017-12-17T00:00:00",
      "inputDateTime" : "2017-12-17T00:00:00",
      "_links" : {
        "self" : {
          "href" : "http://localhost/api/contacts/2867_0"
        },
        "contactPerson" : {
          "href" : "http://localhost/api/contacts/2867_0"
        },
        "master" : {
          "href" : "http://localhost/api/contacts/2867_0/master"
        }
      }
    }, {
      "inputUserId" : "QSA",
      "lastUpdateUserId" : "QSA",
      "computerId" : "GLSVR171217",
      "lastSynchronizedDate" : null,
      "addressNumber" : "2868",
      "sequence" : 0,
      "name" : "PT Kirana Sakti Komputindo",
      "mailingName" : "PT Kirana Sakti Komputindo",
      "description" : "",
      "firstName" : "",
      "middleName" : "",
      "lastName" : "",
      "nickname" : "",
      "salutation" : "",
      "gender" : "",
      "type" : "C",
      "religion" : "",
      "dateOfBirth" : null,
      "placeOfBirth" : "",
      "socialSecurityNumber" : "",
      "socialSecurityDate" : null,
      "mediaObjectReference" : "",
      "lastUpdateDateTime" : "2017-12-17T00:00:00",
      "inputDateTime" : "2017-12-17T00:00:00",
      "_links" : {
        "self" : {
          "href" : "http://localhost/api/contacts/2868_0"
        },
        "contactPerson" : {
          "href" : "http://localhost/api/contacts/2868_0"
        },
        "master" : {
          "href" : "http://localhost/api/contacts/2868_0/master"
        }
      }
    }, {
      "inputUserId" : "QSA",
      "lastUpdateUserId" : "QSA",
      "computerId" : "GLSVR171217",
      "lastSynchronizedDate" : null,
      "addressNumber" : "2868",
      "sequence" : 1,
      "name" : "Budi Permana",
      "mailingName" : "Budi Permana",
      "description" : "",
      "firstName" : "",
      "middleName" : "",
      "lastName" : "",
      "nickname" : "",
      "salutation" : "",
      "gender" : "",
      "type" : "C",
      "religion" : "",
      "dateOfBirth" : null,
      "placeOfBirth" : "",
      "socialSecurityNumber" : "",
      "socialSecurityDate" : null,
      "mediaObjectReference" : "",
      "lastUpdateDateTime" : "2017-12-17T00:00:00",
      "inputDateTime" : "2017-12-17T00:00:00",
      "_links" : {
        "self" : {
          "href" : "http://localhost/api/contacts/2868_1"
        },
        "contactPerson" : {
          "href" : "http://localhost/api/contacts/2868_1"
        },
        "master" : {
          "href" : "http://localhost/api/contacts/2868_1/master"
        }
      }
    }, {
      "inputUserId" : "QSA",
      "lastUpdateUserId" : "QSA",
      "computerId" : "GLSVR171217",
      "lastSynchronizedDate" : null,
      "addressNumber" : "2869",
      "sequence" : 0,
      "name" : "CV Tunas Orchid Pratama",
      "mailingName" : "CV Tunas Orchid Pratama",
      "description" : "",
      "firstName" : "",
      "middleName" : "",
      "lastName" : "",
      "nickname" : "",
      "salutation" : "",
      "gender" : "",
      "type" : "C",
      "religion" : "",
      "dateOfBirth" : null,
      "placeOfBirth" : "",
      "socialSecurityNumber" : "",
      "socialSecurityDate" : null,
      "mediaObjectReference" : "",
      "lastUpdateDateTime" : "2017-12-17T00:00:00",
      "inputDateTime" : "2017-12-17T00:00:00",
      "_links" : {
        "self" : {
          "href" : "http://localhost/api/contacts/2869_0"
        },
        "contactPerson" : {
          "href" : "http://localhost/api/contacts/2869_0"
        },
        "master" : {
          "href" : "http://localhost/api/contacts/2869_0/master"
        }
      }
    }, {
      "inputUserId" : "QSA",
      "lastUpdateUserId" : "QSA",
      "computerId" : "GLSVR171217",
      "lastSynchronizedDate" : null,
      "addressNumber" : "2870",
      "sequence" : 0,
      "name" : "PT Indovisual Presentatama Surabaya",
      "mailingName" : "PT Indovisual Presentatama Surabaya",
      "description" : "",
      "firstName" : "",
      "middleName" : "",
      "lastName" : "",
      "nickname" : "",
      "salutation" : "",
      "gender" : "",
      "type" : "C",
      "religion" : "",
      "dateOfBirth" : null,
      "placeOfBirth" : "",
      "socialSecurityNumber" : "",
      "socialSecurityDate" : null,
      "mediaObjectReference" : "",
      "lastUpdateDateTime" : "2017-12-17T00:00:00",
      "inputDateTime" : "2017-12-17T00:00:00",
      "_links" : {
        "self" : {
          "href" : "http://localhost/api/contacts/2870_0"
        },
        "contactPerson" : {
          "href" : "http://localhost/api/contacts/2870_0"
        },
        "master" : {
          "href" : "http://localhost/api/contacts/2870_0/master"
        }
      }
    }, {
      "inputUserId" : "QSA",
      "lastUpdateUserId" : "QSA",
      "computerId" : "GLSVR171217",
      "lastSynchronizedDate" : null,
      "addressNumber" : "2870",
      "sequence" : 1,
      "name" : "Jonny",
      "mailingName" : "Jonny",
      "description" : "",
      "firstName" : "",
      "middleName" : "",
      "lastName" : "",
      "nickname" : "",
      "salutation" : "",
      "gender" : "",
      "type" : "C",
      "religion" : "",
      "dateOfBirth" : null,
      "placeOfBirth" : "",
      "socialSecurityNumber" : "",
      "socialSecurityDate" : null,
      "mediaObjectReference" : "",
      "lastUpdateDateTime" : "2017-12-17T00:00:00",
      "inputDateTime" : "2017-12-17T00:00:00",
      "_links" : {
        "self" : {
          "href" : "http://localhost/api/contacts/2870_1"
        },
        "contactPerson" : {
          "href" : "http://localhost/api/contacts/2870_1"
        },
        "master" : {
          "href" : "http://localhost/api/contacts/2870_1/master"
        }
      }
    }, {
      "inputUserId" : "QSA",
      "lastUpdateUserId" : "QSA",
      "computerId" : "GLSVR171217",
      "lastSynchronizedDate" : null,
      "addressNumber" : "2871",
      "sequence" : 0,
      "name" : "Prima",
      "mailingName" : "Prima",
      "description" : "",
      "firstName" : "",
      "middleName" : "",
      "lastName" : "",
      "nickname" : "",
      "salutation" : "",
      "gender" : "",
      "type" : "C",
      "religion" : "",
      "dateOfBirth" : null,
      "placeOfBirth" : "",
      "socialSecurityNumber" : "",
      "socialSecurityDate" : null,
      "mediaObjectReference" : "",
      "lastUpdateDateTime" : "2017-12-17T00:00:00",
      "inputDateTime" : "2017-12-17T00:00:00",
      "_links" : {
        "self" : {
          "href" : "http://localhost/api/contacts/2871_0"
        },
        "contactPerson" : {
          "href" : "http://localhost/api/contacts/2871_0"
        },
        "master" : {
          "href" : "http://localhost/api/contacts/2871_0/master"
        }
      }
    }, {
      "inputUserId" : "QSA",
      "lastUpdateUserId" : "QSA",
      "computerId" : "GLSVR171217",
      "lastSynchronizedDate" : null,
      "addressNumber" : "2872",
      "sequence" : 0,
      "name" : "Megastar Electronic",
      "mailingName" : "Megastar Electronic",
      "description" : "",
      "firstName" : "",
      "middleName" : "",
      "lastName" : "",
      "nickname" : "",
      "salutation" : "",
      "gender" : "",
      "type" : "C",
      "religion" : "",
      "dateOfBirth" : null,
      "placeOfBirth" : "",
      "socialSecurityNumber" : "",
      "socialSecurityDate" : null,
      "mediaObjectReference" : "",
      "lastUpdateDateTime" : "2017-12-17T00:00:00",
      "inputDateTime" : "2017-12-17T00:00:00",
      "_links" : {
        "self" : {
          "href" : "http://localhost/api/contacts/2872_0"
        },
        "contactPerson" : {
          "href" : "http://localhost/api/contacts/2872_0"
        },
        "master" : {
          "href" : "http://localhost/api/contacts/2872_0/master"
        }
      }
    }, {
      "inputUserId" : "QSA",
      "lastUpdateUserId" : "QSA",
      "computerId" : "GLSVR171217",
      "lastSynchronizedDate" : null,
      "addressNumber" : "2873",
      "sequence" : 0,
      "name" : "PT Global Mitra Teknologi",
      "mailingName" : "PT Global Mitra Teknologi",
      "description" : "",
      "firstName" : "",
      "middleName" : "",
      "lastName" : "",
      "nickname" : "",
      "salutation" : "",
      "gender" : "",
      "type" : "C",
      "religion" : "",
      "dateOfBirth" : null,
      "placeOfBirth" : "",
      "socialSecurityNumber" : "",
      "socialSecurityDate" : null,
      "mediaObjectReference" : "",
      "lastUpdateDateTime" : "2017-12-17T00:00:00",
      "inputDateTime" : "2017-12-17T00:00:00",
      "_links" : {
        "self" : {
          "href" : "http://localhost/api/contacts/2873_0"
        },
        "contactPerson" : {
          "href" : "http://localhost/api/contacts/2873_0"
        },
        "master" : {
          "href" : "http://localhost/api/contacts/2873_0/master"
        }
      }
    }, {
      "inputUserId" : "QSA",
      "lastUpdateUserId" : "QSA",
      "computerId" : "GLSVR171217",
      "lastSynchronizedDate" : null,
      "addressNumber" : "2873",
      "sequence" : 1,
      "name" : "Erna",
      "mailingName" : "Erna",
      "description" : "",
      "firstName" : "",
      "middleName" : "",
      "lastName" : "",
      "nickname" : "",
      "salutation" : "",
      "gender" : "",
      "type" : "C",
      "religion" : "",
      "dateOfBirth" : null,
      "placeOfBirth" : "",
      "socialSecurityNumber" : "",
      "socialSecurityDate" : null,
      "mediaObjectReference" : "",
      "lastUpdateDateTime" : "2017-12-17T00:00:00",
      "inputDateTime" : "2017-12-17T00:00:00",
      "_links" : {
        "self" : {
          "href" : "http://localhost/api/contacts/2873_1"
        },
        "contactPerson" : {
          "href" : "http://localhost/api/contacts/2873_1"
        },
        "master" : {
          "href" : "http://localhost/api/contacts/2873_1/master"
        }
      }
    }, {
      "inputUserId" : "QSA",
      "lastUpdateUserId" : "QSA",
      "computerId" : "GLSVR171217",
      "lastSynchronizedDate" : null,
      "addressNumber" : "2874",
      "sequence" : 0,
      "name" : "CV Sumber Bahagia",
      "mailingName" : "CV Sumber Bahagia",
      "description" : "",
      "firstName" : "",
      "middleName" : "",
      "lastName" : "",
      "nickname" : "",
      "salutation" : "",
      "gender" : "",
      "type" : "C",
      "religion" : "",
      "dateOfBirth" : null,
      "placeOfBirth" : "",
      "socialSecurityNumber" : "",
      "socialSecurityDate" : null,
      "mediaObjectReference" : "",
      "lastUpdateDateTime" : "2017-12-17T00:00:00",
      "inputDateTime" : "2017-12-17T00:00:00",
      "_links" : {
        "self" : {
          "href" : "http://localhost/api/contacts/2874_0"
        },
        "contactPerson" : {
          "href" : "http://localhost/api/contacts/2874_0"
        },
        "master" : {
          "href" : "http://localhost/api/contacts/2874_0/master"
        }
      }
    }, {
      "inputUserId" : "QSA",
      "lastUpdateUserId" : "QSA",
      "computerId" : "GLSVR171217",
      "lastSynchronizedDate" : null,
      "addressNumber" : "2874",
      "sequence" : 1,
      "name" : "David",
      "mailingName" : "David",
      "description" : "",
      "firstName" : "",
      "middleName" : "",
      "lastName" : "",
      "nickname" : "",
      "salutation" : "",
      "gender" : "",
      "type" : "C",
      "religion" : "",
      "dateOfBirth" : null,
      "placeOfBirth" : "",
      "socialSecurityNumber" : "",
      "socialSecurityDate" : null,
      "mediaObjectReference" : "",
      "lastUpdateDateTime" : "2017-12-17T00:00:00",
      "inputDateTime" : "2017-12-17T00:00:00",
      "_links" : {
        "self" : {
          "href" : "http://localhost/api/contacts/2874_1"
        },
        "contactPerson" : {
          "href" : "http://localhost/api/contacts/2874_1"
        },
        "master" : {
          "href" : "http://localhost/api/contacts/2874_1/master"
        }
      }
    }, {
      "inputUserId" : "QSA",
      "lastUpdateUserId" : "QSA",
      "computerId" : "GLSVR171217",
      "lastSynchronizedDate" : null,
      "addressNumber" : "2875",
      "sequence" : 0,
      "name" : "PT Eternal Asia Indonesia",
      "mailingName" : "PT Eternal Asia Indonesia",
      "description" : "",
      "firstName" : "",
      "middleName" : "",
      "lastName" : "",
      "nickname" : "",
      "salutation" : "",
      "gender" : "",
      "type" : "C",
      "religion" : "",
      "dateOfBirth" : null,
      "placeOfBirth" : "",
      "socialSecurityNumber" : "",
      "socialSecurityDate" : null,
      "mediaObjectReference" : "",
      "lastUpdateDateTime" : "2017-12-17T00:00:00",
      "inputDateTime" : "2017-12-17T00:00:00",
      "_links" : {
        "self" : {
          "href" : "http://localhost/api/contacts/2875_0"
        },
        "contactPerson" : {
          "href" : "http://localhost/api/contacts/2875_0"
        },
        "master" : {
          "href" : "http://localhost/api/contacts/2875_0/master"
        }
      }
    }, {
      "inputUserId" : "QSA",
      "lastUpdateUserId" : "QSA",
      "computerId" : "GLSVR171217",
      "lastSynchronizedDate" : null,
      "addressNumber" : "2875",
      "sequence" : 1,
      "name" : "Benny Sutanto",
      "mailingName" : "Benny Sutanto",
      "description" : "",
      "firstName" : "",
      "middleName" : "",
      "lastName" : "",
      "nickname" : "",
      "salutation" : "",
      "gender" : "",
      "type" : "C",
      "religion" : "",
      "dateOfBirth" : null,
      "placeOfBirth" : "",
      "socialSecurityNumber" : "",
      "socialSecurityDate" : null,
      "mediaObjectReference" : "",
      "lastUpdateDateTime" : "2017-12-17T00:00:00",
      "inputDateTime" : "2017-12-17T00:00:00",
      "_links" : {
        "self" : {
          "href" : "http://localhost/api/contacts/2875_1"
        },
        "contactPerson" : {
          "href" : "http://localhost/api/contacts/2875_1"
        },
        "master" : {
          "href" : "http://localhost/api/contacts/2875_1/master"
        }
      }
    }, {
      "inputUserId" : "QSA",
      "lastUpdateUserId" : "QSA",
      "computerId" : "GLSVR171217",
      "lastSynchronizedDate" : null,
      "addressNumber" : "2876",
      "sequence" : 0,
      "name" : "PT Sumbermulia Hasilguna",
      "mailingName" : "PT Sumbermulia Hasilguna",
      "description" : "",
      "firstName" : "",
      "middleName" : "",
      "lastName" : "",
      "nickname" : "",
      "salutation" : "",
      "gender" : "",
      "type" : "C",
      "religion" : "",
      "dateOfBirth" : null,
      "placeOfBirth" : "",
      "socialSecurityNumber" : "",
      "socialSecurityDate" : null,
      "mediaObjectReference" : "",
      "lastUpdateDateTime" : "2017-12-17T00:00:00",
      "inputDateTime" : "2017-12-17T00:00:00",
      "_links" : {
        "self" : {
          "href" : "http://localhost/api/contacts/2876_0"
        },
        "contactPerson" : {
          "href" : "http://localhost/api/contacts/2876_0"
        },
        "master" : {
          "href" : "http://localhost/api/contacts/2876_0/master"
        }
      }
    }, {
      "inputUserId" : "QSA",
      "lastUpdateUserId" : "VANNESA",
      "computerId" : "GLSVR171217",
      "lastSynchronizedDate" : null,
      "addressNumber" : "2877",
      "sequence" : 0,
      "name" : "PT ITPro Teknologi Nusantara",
      "mailingName" : "PT ITPro Teknologi Nusantara",
      "description" : "",
      "firstName" : "",
      "middleName" : "",
      "lastName" : "",
      "nickname" : "",
      "salutation" : "",
      "gender" : "",
      "type" : "C",
      "religion" : "",
      "dateOfBirth" : null,
      "placeOfBirth" : "",
      "socialSecurityNumber" : "",
      "socialSecurityDate" : null,
      "mediaObjectReference" : "",
      "lastUpdateDateTime" : "2018-04-26T09:38:11",
      "inputDateTime" : "2017-12-17T00:00:00",
      "_links" : {
        "self" : {
          "href" : "http://localhost/api/contacts/2877_0"
        },
        "contactPerson" : {
          "href" : "http://localhost/api/contacts/2877_0"
        },
        "master" : {
          "href" : "http://localhost/api/contacts/2877_0/master"
        }
      }
    }, {
      "inputUserId" : "QSA",
      "lastUpdateUserId" : "QSA",
      "computerId" : "GLSVR171217",
      "lastSynchronizedDate" : null,
      "addressNumber" : "2877",
      "sequence" : 1,
      "name" : "Johan",
      "mailingName" : "Johan",
      "description" : "",
      "firstName" : "",
      "middleName" : "",
      "lastName" : "",
      "nickname" : "",
      "salutation" : "",
      "gender" : "",
      "type" : "C",
      "religion" : "",
      "dateOfBirth" : null,
      "placeOfBirth" : "",
      "socialSecurityNumber" : "",
      "socialSecurityDate" : null,
      "mediaObjectReference" : "",
      "lastUpdateDateTime" : "2017-12-17T00:00:00",
      "inputDateTime" : "2017-12-17T00:00:00",
      "_links" : {
        "self" : {
          "href" : "http://localhost/api/contacts/2877_1"
        },
        "contactPerson" : {
          "href" : "http://localhost/api/contacts/2877_1"
        },
        "master" : {
          "href" : "http://localhost/api/contacts/2877_1/master"
        }
      }
    }, {
      "inputUserId" : "QSA",
      "lastUpdateUserId" : "QSA",
      "computerId" : "GLSVR171217",
      "lastSynchronizedDate" : null,
      "addressNumber" : "2878",
      "sequence" : 0,
      "name" : "Tixin Putra",
      "mailingName" : "Tixin Putra",
      "description" : "",
      "firstName" : "",
      "middleName" : "",
      "lastName" : "",
      "nickname" : "",
      "salutation" : "",
      "gender" : "",
      "type" : "C",
      "religion" : "",
      "dateOfBirth" : null,
      "placeOfBirth" : "",
      "socialSecurityNumber" : "",
      "socialSecurityDate" : null,
      "mediaObjectReference" : "",
      "lastUpdateDateTime" : "2017-12-17T00:00:00",
      "inputDateTime" : "2017-12-17T00:00:00",
      "_links" : {
        "self" : {
          "href" : "http://localhost/api/contacts/2878_0"
        },
        "contactPerson" : {
          "href" : "http://localhost/api/contacts/2878_0"
        },
        "master" : {
          "href" : "http://localhost/api/contacts/2878_0/master"
        }
      }
    }, {
      "inputUserId" : "QSA",
      "lastUpdateUserId" : "QSA",
      "computerId" : "GLSVR171217",
      "lastSynchronizedDate" : null,
      "addressNumber" : "2879",
      "sequence" : 0,
      "name" : "PT Utama System",
      "mailingName" : "PT Utama System",
      "description" : "",
      "firstName" : "",
      "middleName" : "",
      "lastName" : "",
      "nickname" : "",
      "salutation" : "",
      "gender" : "",
      "type" : "C",
      "religion" : "",
      "dateOfBirth" : null,
      "placeOfBirth" : "",
      "socialSecurityNumber" : "",
      "socialSecurityDate" : null,
      "mediaObjectReference" : "",
      "lastUpdateDateTime" : "2017-12-17T00:00:00",
      "inputDateTime" : "2017-12-17T00:00:00",
      "_links" : {
        "self" : {
          "href" : "http://localhost/api/contacts/2879_0"
        },
        "contactPerson" : {
          "href" : "http://localhost/api/contacts/2879_0"
        },
        "master" : {
          "href" : "http://localhost/api/contacts/2879_0/master"
        }
      }
    }, {
      "inputUserId" : "QSA",
      "lastUpdateUserId" : "QSA",
      "computerId" : "GLSVR171217",
      "lastSynchronizedDate" : null,
      "addressNumber" : "2879",
      "sequence" : 1,
      "name" : "Erna",
      "mailingName" : "Erna",
      "description" : "",
      "firstName" : "",
      "middleName" : "",
      "lastName" : "",
      "nickname" : "",
      "salutation" : "",
      "gender" : "",
      "type" : "C",
      "religion" : "",
      "dateOfBirth" : null,
      "placeOfBirth" : "",
      "socialSecurityNumber" : "",
      "socialSecurityDate" : null,
      "mediaObjectReference" : "",
      "lastUpdateDateTime" : "2017-12-17T00:00:00",
      "inputDateTime" : "2017-12-17T00:00:00",
      "_links" : {
        "self" : {
          "href" : "http://localhost/api/contacts/2879_1"
        },
        "contactPerson" : {
          "href" : "http://localhost/api/contacts/2879_1"
        },
        "master" : {
          "href" : "http://localhost/api/contacts/2879_1/master"
        }
      }
    }, {
      "inputUserId" : "ANTHONI",
      "lastUpdateUserId" : "ANTHONI",
      "computerId" : "",
      "lastSynchronizedDate" : null,
      "addressNumber" : "2925",
      "sequence" : 0,
      "name" : "PT PC One Technology",
      "mailingName" : "PT PC One Technology",
      "description" : "",
      "firstName" : "",
      "middleName" : "",
      "lastName" : "",
      "nickname" : "",
      "salutation" : "",
      "gender" : "",
      "type" : "",
      "religion" : "",
      "dateOfBirth" : null,
      "placeOfBirth" : "",
      "socialSecurityNumber" : "",
      "socialSecurityDate" : null,
      "mediaObjectReference" : "",
      "lastUpdateDateTime" : "2018-01-26T13:42:45",
      "inputDateTime" : "2018-01-26T13:37:59",
      "_links" : {
        "self" : {
          "href" : "http://localhost/api/contacts/2925_0"
        },
        "contactPerson" : {
          "href" : "http://localhost/api/contacts/2925_0"
        },
        "master" : {
          "href" : "http://localhost/api/contacts/2925_0/master"
        }
      }
    }, {
      "inputUserId" : "ANTHONI",
      "lastUpdateUserId" : "QSA",
      "computerId" : "",
      "lastSynchronizedDate" : null,
      "addressNumber" : "2926",
      "sequence" : 0,
      "name" : "CV Masscom",
      "mailingName" : "CV Masscom",
      "description" : "",
      "firstName" : "",
      "middleName" : "",
      "lastName" : "",
      "nickname" : "",
      "salutation" : "",
      "gender" : "",
      "type" : "",
      "religion" : "",
      "dateOfBirth" : null,
      "placeOfBirth" : "",
      "socialSecurityNumber" : "",
      "socialSecurityDate" : null,
      "mediaObjectReference" : "",
      "lastUpdateDateTime" : "2018-04-10T13:09:17",
      "inputDateTime" : "2018-02-02T14:06:44",
      "_links" : {
        "self" : {
          "href" : "http://localhost/api/contacts/2926_0"
        },
        "contactPerson" : {
          "href" : "http://localhost/api/contacts/2926_0"
        },
        "master" : {
          "href" : "http://localhost/api/contacts/2926_0/master"
        }
      }
    }, {
      "inputUserId" : "ANTHONI",
      "lastUpdateUserId" : "ANTHONI",
      "computerId" : "",
      "lastSynchronizedDate" : null,
      "addressNumber" : "2927",
      "sequence" : 0,
      "name" : "Avi Computer",
      "mailingName" : "Avi Computer",
      "description" : "",
      "firstName" : "",
      "middleName" : "",
      "lastName" : "",
      "nickname" : "",
      "salutation" : "",
      "gender" : "",
      "type" : "",
      "religion" : "",
      "dateOfBirth" : null,
      "placeOfBirth" : "",
      "socialSecurityNumber" : "",
      "socialSecurityDate" : null,
      "mediaObjectReference" : "",
      "lastUpdateDateTime" : "2018-02-19T09:23:43",
      "inputDateTime" : "2018-02-19T09:20:58",
      "_links" : {
        "self" : {
          "href" : "http://localhost/api/contacts/2927_0"
        },
        "contactPerson" : {
          "href" : "http://localhost/api/contacts/2927_0"
        },
        "master" : {
          "href" : "http://localhost/api/contacts/2927_0/master"
        }
      }
    }, {
      "inputUserId" : "ANTHONI",
      "lastUpdateUserId" : "ANTHONI",
      "computerId" : "",
      "lastSynchronizedDate" : null,
      "addressNumber" : "2928",
      "sequence" : 0,
      "name" : "Berjaya Technology",
      "mailingName" : "Berjaya Technology",
      "description" : "",
      "firstName" : "",
      "middleName" : "",
      "lastName" : "",
      "nickname" : "",
      "salutation" : "",
      "gender" : "",
      "type" : "",
      "religion" : "",
      "dateOfBirth" : null,
      "placeOfBirth" : "",
      "socialSecurityNumber" : "",
      "socialSecurityDate" : null,
      "mediaObjectReference" : "",
      "lastUpdateDateTime" : "2018-02-19T09:24:17",
      "inputDateTime" : "2018-02-19T09:19:22",
      "_links" : {
        "self" : {
          "href" : "http://localhost/api/contacts/2928_0"
        },
        "contactPerson" : {
          "href" : "http://localhost/api/contacts/2928_0"
        },
        "master" : {
          "href" : "http://localhost/api/contacts/2928_0/master"
        }
      }
    }, {
      "inputUserId" : "ANTHONI",
      "lastUpdateUserId" : "ANTHONI",
      "computerId" : "",
      "lastSynchronizedDate" : null,
      "addressNumber" : "2929",
      "sequence" : 0,
      "name" : "Elcom",
      "mailingName" : "Elcom",
      "description" : "",
      "firstName" : "",
      "middleName" : "",
      "lastName" : "",
      "nickname" : "",
      "salutation" : "",
      "gender" : "",
      "type" : "",
      "religion" : "",
      "dateOfBirth" : null,
      "placeOfBirth" : "",
      "socialSecurityNumber" : "",
      "socialSecurityDate" : null,
      "mediaObjectReference" : "",
      "lastUpdateDateTime" : "2018-02-19T09:17:37",
      "inputDateTime" : "2018-02-19T09:17:37",
      "_links" : {
        "self" : {
          "href" : "http://localhost/api/contacts/2929_0"
        },
        "contactPerson" : {
          "href" : "http://localhost/api/contacts/2929_0"
        },
        "master" : {
          "href" : "http://localhost/api/contacts/2929_0/master"
        }
      }
    }, {
      "inputUserId" : "ANTHONI",
      "lastUpdateUserId" : "ANTHONI",
      "computerId" : "",
      "lastSynchronizedDate" : null,
      "addressNumber" : "2930",
      "sequence" : 0,
      "name" : "CV Top Distribusi",
      "mailingName" : "CV Top Distribusi",
      "description" : "",
      "firstName" : "",
      "middleName" : "",
      "lastName" : "",
      "nickname" : "",
      "salutation" : "",
      "gender" : "",
      "type" : "",
      "religion" : "",
      "dateOfBirth" : null,
      "placeOfBirth" : "",
      "socialSecurityNumber" : "",
      "socialSecurityDate" : null,
      "mediaObjectReference" : "",
      "lastUpdateDateTime" : "2018-02-06T14:21:34",
      "inputDateTime" : "2018-02-06T14:21:34",
      "_links" : {
        "self" : {
          "href" : "http://localhost/api/contacts/2930_0"
        },
        "contactPerson" : {
          "href" : "http://localhost/api/contacts/2930_0"
        },
        "master" : {
          "href" : "http://localhost/api/contacts/2930_0/master"
        }
      }
    }, {
      "inputUserId" : "ANTHONI",
      "lastUpdateUserId" : "ANTHONI",
      "computerId" : "",
      "lastSynchronizedDate" : null,
      "addressNumber" : "2931",
      "sequence" : 0,
      "name" : "SURYA CIPTA KOMPUTER",
      "mailingName" : "SURYA CIPTA KOMPUTER",
      "description" : "",
      "firstName" : "",
      "middleName" : "",
      "lastName" : "",
      "nickname" : "",
      "salutation" : "",
      "gender" : "",
      "type" : "",
      "religion" : "",
      "dateOfBirth" : null,
      "placeOfBirth" : "",
      "socialSecurityNumber" : "",
      "socialSecurityDate" : null,
      "mediaObjectReference" : "",
      "lastUpdateDateTime" : "2018-02-06T15:51:33",
      "inputDateTime" : "2018-02-06T15:51:33",
      "_links" : {
        "self" : {
          "href" : "http://localhost/api/contacts/2931_0"
        },
        "contactPerson" : {
          "href" : "http://localhost/api/contacts/2931_0"
        },
        "master" : {
          "href" : "http://localhost/api/contacts/2931_0/master"
        }
      }
    }, {
      "inputUserId" : "ANTHONI",
      "lastUpdateUserId" : "ANTHONI",
      "computerId" : "",
      "lastSynchronizedDate" : null,
      "addressNumber" : "2932",
      "sequence" : 0,
      "name" : "PT.JESSILINDO PRATAMA",
      "mailingName" : "PT.JESSILINDO PRATAMA",
      "description" : "",
      "firstName" : "",
      "middleName" : "",
      "lastName" : "",
      "nickname" : "",
      "salutation" : "",
      "gender" : "",
      "type" : "",
      "religion" : "",
      "dateOfBirth" : null,
      "placeOfBirth" : "",
      "socialSecurityNumber" : "",
      "socialSecurityDate" : null,
      "mediaObjectReference" : "",
      "lastUpdateDateTime" : "2018-02-07T14:26:31",
      "inputDateTime" : "2018-02-07T14:26:31",
      "_links" : {
        "self" : {
          "href" : "http://localhost/api/contacts/2932_0"
        },
        "contactPerson" : {
          "href" : "http://localhost/api/contacts/2932_0"
        },
        "master" : {
          "href" : "http://localhost/api/contacts/2932_0/master"
        }
      }
    }, {
      "inputUserId" : "ANTHONI",
      "lastUpdateUserId" : "ANTHONI",
      "computerId" : "",
      "lastSynchronizedDate" : null,
      "addressNumber" : "2933",
      "sequence" : 0,
      "name" : "CV LANGIT NET",
      "mailingName" : "CV LANGIT NET",
      "description" : "",
      "firstName" : "",
      "middleName" : "",
      "lastName" : "",
      "nickname" : "",
      "salutation" : "",
      "gender" : "",
      "type" : "",
      "religion" : "",
      "dateOfBirth" : null,
      "placeOfBirth" : "",
      "socialSecurityNumber" : "",
      "socialSecurityDate" : null,
      "mediaObjectReference" : "",
      "lastUpdateDateTime" : "2018-02-09T10:30:26",
      "inputDateTime" : "2018-02-09T10:30:26",
      "_links" : {
        "self" : {
          "href" : "http://localhost/api/contacts/2933_0"
        },
        "contactPerson" : {
          "href" : "http://localhost/api/contacts/2933_0"
        },
        "master" : {
          "href" : "http://localhost/api/contacts/2933_0/master"
        }
      }
    }, {
      "inputUserId" : "ANTHONI",
      "lastUpdateUserId" : "ANTHONI",
      "computerId" : "",
      "lastSynchronizedDate" : null,
      "addressNumber" : "2934",
      "sequence" : 0,
      "name" : "S3 KOMPUTER",
      "mailingName" : "S3 KOMPUTER",
      "description" : "",
      "firstName" : "",
      "middleName" : "",
      "lastName" : "",
      "nickname" : "",
      "salutation" : "",
      "gender" : "",
      "type" : "",
      "religion" : "",
      "dateOfBirth" : null,
      "placeOfBirth" : "",
      "socialSecurityNumber" : "",
      "socialSecurityDate" : null,
      "mediaObjectReference" : "",
      "lastUpdateDateTime" : "2018-02-12T13:44:21",
      "inputDateTime" : "2018-02-12T13:44:21",
      "_links" : {
        "self" : {
          "href" : "http://localhost/api/contacts/2934_0"
        },
        "contactPerson" : {
          "href" : "http://localhost/api/contacts/2934_0"
        },
        "master" : {
          "href" : "http://localhost/api/contacts/2934_0/master"
        }
      }
    }, {
      "inputUserId" : "ANTHONI",
      "lastUpdateUserId" : "ANTHONI",
      "computerId" : "",
      "lastSynchronizedDate" : null,
      "addressNumber" : "2935",
      "sequence" : 0,
      "name" : "PT NUSANTARA ERA SOLUSINDO",
      "mailingName" : "PT NUSANTARA ERA SOLUSINDO",
      "description" : "",
      "firstName" : "",
      "middleName" : "",
      "lastName" : "",
      "nickname" : "",
      "salutation" : "",
      "gender" : "",
      "type" : "",
      "religion" : "",
      "dateOfBirth" : null,
      "placeOfBirth" : "",
      "socialSecurityNumber" : "",
      "socialSecurityDate" : null,
      "mediaObjectReference" : "",
      "lastUpdateDateTime" : "2018-02-12T13:46:15",
      "inputDateTime" : "2018-02-12T13:46:15",
      "_links" : {
        "self" : {
          "href" : "http://localhost/api/contacts/2935_0"
        },
        "contactPerson" : {
          "href" : "http://localhost/api/contacts/2935_0"
        },
        "master" : {
          "href" : "http://localhost/api/contacts/2935_0/master"
        }
      }
    }, {
      "inputUserId" : "ANTHONI",
      "lastUpdateUserId" : "ANTHONI",
      "computerId" : "",
      "lastSynchronizedDate" : null,
      "addressNumber" : "2936",
      "sequence" : 0,
      "name" : "Global Computer",
      "mailingName" : "Global Computer",
      "description" : "",
      "firstName" : "",
      "middleName" : "",
      "lastName" : "",
      "nickname" : "",
      "salutation" : "",
      "gender" : "",
      "type" : "",
      "religion" : "",
      "dateOfBirth" : null,
      "placeOfBirth" : "",
      "socialSecurityNumber" : "",
      "socialSecurityDate" : null,
      "mediaObjectReference" : "",
      "lastUpdateDateTime" : "2018-02-19T09:23:20",
      "inputDateTime" : "2018-02-19T09:23:20",
      "_links" : {
        "self" : {
          "href" : "http://localhost/api/contacts/2936_0"
        },
        "contactPerson" : {
          "href" : "http://localhost/api/contacts/2936_0"
        },
        "master" : {
          "href" : "http://localhost/api/contacts/2936_0/master"
        }
      }
    }, {
      "inputUserId" : "ANTHONI",
      "lastUpdateUserId" : "ANTHONI",
      "computerId" : "",
      "lastSynchronizedDate" : null,
      "addressNumber" : "2937",
      "sequence" : 0,
      "name" : "Hanny Mamahit",
      "mailingName" : "Hanny Mamahit",
      "description" : "",
      "firstName" : "",
      "middleName" : "",
      "lastName" : "",
      "nickname" : "",
      "salutation" : "",
      "gender" : "",
      "type" : "",
      "religion" : "",
      "dateOfBirth" : null,
      "placeOfBirth" : "",
      "socialSecurityNumber" : "",
      "socialSecurityDate" : null,
      "mediaObjectReference" : "",
      "lastUpdateDateTime" : "2018-02-19T09:30:34",
      "inputDateTime" : "2018-02-19T09:28:14",
      "_links" : {
        "self" : {
          "href" : "http://localhost/api/contacts/2937_0"
        },
        "contactPerson" : {
          "href" : "http://localhost/api/contacts/2937_0"
        },
        "master" : {
          "href" : "http://localhost/api/contacts/2937_0/master"
        }
      }
    }, {
      "inputUserId" : "ANTHONI",
      "lastUpdateUserId" : "ANTHONI",
      "computerId" : "",
      "lastSynchronizedDate" : null,
      "addressNumber" : "2938",
      "sequence" : 0,
      "name" : "SMK Kesehatan Bima Husada",
      "mailingName" : "SMK Kesehatan Bima Husada",
      "description" : "",
      "firstName" : "",
      "middleName" : "",
      "lastName" : "",
      "nickname" : "",
      "salutation" : "",
      "gender" : "",
      "type" : "",
      "religion" : "",
      "dateOfBirth" : null,
      "placeOfBirth" : "",
      "socialSecurityNumber" : "",
      "socialSecurityDate" : null,
      "mediaObjectReference" : "",
      "lastUpdateDateTime" : "2018-02-19T09:30:20",
      "inputDateTime" : "2018-02-19T09:30:20",
      "_links" : {
        "self" : {
          "href" : "http://localhost/api/contacts/2938_0"
        },
        "contactPerson" : {
          "href" : "http://localhost/api/contacts/2938_0"
        },
        "master" : {
          "href" : "http://localhost/api/contacts/2938_0/master"
        }
      }
    }, {
      "inputUserId" : "ANTHONI",
      "lastUpdateUserId" : "ANTHONI",
      "computerId" : "",
      "lastSynchronizedDate" : null,
      "addressNumber" : "2939",
      "sequence" : 0,
      "name" : "Andro IT ",
      "mailingName" : "Andro IT ",
      "description" : "",
      "firstName" : "",
      "middleName" : "",
      "lastName" : "",
      "nickname" : "",
      "salutation" : "",
      "gender" : "",
      "type" : "",
      "religion" : "",
      "dateOfBirth" : null,
      "placeOfBirth" : "",
      "socialSecurityNumber" : "",
      "socialSecurityDate" : null,
      "mediaObjectReference" : "",
      "lastUpdateDateTime" : "2018-02-22T15:29:51",
      "inputDateTime" : "2018-02-19T09:34:53",
      "_links" : {
        "self" : {
          "href" : "http://localhost/api/contacts/2939_0"
        },
        "contactPerson" : {
          "href" : "http://localhost/api/contacts/2939_0"
        },
        "master" : {
          "href" : "http://localhost/api/contacts/2939_0/master"
        }
      }
    }, {
      "inputUserId" : "ANTHONI",
      "lastUpdateUserId" : "ANTHONI",
      "computerId" : "",
      "lastSynchronizedDate" : null,
      "addressNumber" : "2940",
      "sequence" : 0,
      "name" : "CV Computa",
      "mailingName" : "CV Computa",
      "description" : "",
      "firstName" : "",
      "middleName" : "",
      "lastName" : "",
      "nickname" : "",
      "salutation" : "",
      "gender" : "",
      "type" : "",
      "religion" : "",
      "dateOfBirth" : null,
      "placeOfBirth" : "",
      "socialSecurityNumber" : "",
      "socialSecurityDate" : null,
      "mediaObjectReference" : "",
      "lastUpdateDateTime" : "2018-02-19T09:35:18",
      "inputDateTime" : "2018-02-19T09:33:42",
      "_links" : {
        "self" : {
          "href" : "http://localhost/api/contacts/2940_0"
        },
        "contactPerson" : {
          "href" : "http://localhost/api/contacts/2940_0"
        },
        "master" : {
          "href" : "http://localhost/api/contacts/2940_0/master"
        }
      }
    }, {
      "inputUserId" : "ANTHONI",
      "lastUpdateUserId" : "ANTHONI",
      "computerId" : "",
      "lastSynchronizedDate" : null,
      "addressNumber" : "2941",
      "sequence" : 0,
      "name" : "INK CLINIQUE",
      "mailingName" : "INK CLINIQUE",
      "description" : "",
      "firstName" : "",
      "middleName" : "",
      "lastName" : "",
      "nickname" : "",
      "salutation" : "",
      "gender" : "",
      "type" : "",
      "religion" : "",
      "dateOfBirth" : null,
      "placeOfBirth" : "",
      "socialSecurityNumber" : "",
      "socialSecurityDate" : null,
      "mediaObjectReference" : "",
      "lastUpdateDateTime" : "2018-02-19T09:36:07",
      "inputDateTime" : "2018-02-19T09:36:07",
      "_links" : {
        "self" : {
          "href" : "http://localhost/api/contacts/2941_0"
        },
        "contactPerson" : {
          "href" : "http://localhost/api/contacts/2941_0"
        },
        "master" : {
          "href" : "http://localhost/api/contacts/2941_0/master"
        }
      }
    }, {
      "inputUserId" : "ANTHONI",
      "lastUpdateUserId" : "ANTHONI",
      "computerId" : "",
      "lastSynchronizedDate" : null,
      "addressNumber" : "2942",
      "sequence" : 0,
      "name" : "PT Eka Cipto Prima Sentosa",
      "mailingName" : "PT Eka Cipto Prima Sentosa",
      "description" : "",
      "firstName" : "",
      "middleName" : "",
      "lastName" : "",
      "nickname" : "",
      "salutation" : "",
      "gender" : "",
      "type" : "",
      "religion" : "",
      "dateOfBirth" : null,
      "placeOfBirth" : "",
      "socialSecurityNumber" : "",
      "socialSecurityDate" : null,
      "mediaObjectReference" : "",
      "lastUpdateDateTime" : "2018-02-19T09:39:27",
      "inputDateTime" : "2018-02-19T09:39:27",
      "_links" : {
        "self" : {
          "href" : "http://localhost/api/contacts/2942_0"
        },
        "contactPerson" : {
          "href" : "http://localhost/api/contacts/2942_0"
        },
        "master" : {
          "href" : "http://localhost/api/contacts/2942_0/master"
        }
      }
    }, {
      "inputUserId" : "ANTHONI",
      "lastUpdateUserId" : "ANTHONI",
      "computerId" : "",
      "lastSynchronizedDate" : null,
      "addressNumber" : "2943",
      "sequence" : 0,
      "name" : "Pak Undik",
      "mailingName" : "Pak Undik",
      "description" : "",
      "firstName" : "",
      "middleName" : "",
      "lastName" : "",
      "nickname" : "",
      "salutation" : "",
      "gender" : "",
      "type" : "",
      "religion" : "",
      "dateOfBirth" : null,
      "placeOfBirth" : "",
      "socialSecurityNumber" : "",
      "socialSecurityDate" : null,
      "mediaObjectReference" : "",
      "lastUpdateDateTime" : "2018-02-19T10:18:46",
      "inputDateTime" : "2018-02-19T09:40:13",
      "_links" : {
        "self" : {
          "href" : "http://localhost/api/contacts/2943_0"
        },
        "contactPerson" : {
          "href" : "http://localhost/api/contacts/2943_0"
        },
        "master" : {
          "href" : "http://localhost/api/contacts/2943_0/master"
        }
      }
    }, {
      "inputUserId" : "ANTHONI",
      "lastUpdateUserId" : "ANTHONI",
      "computerId" : "",
      "lastSynchronizedDate" : null,
      "addressNumber" : "2944",
      "sequence" : 0,
      "name" : "Pak Otto",
      "mailingName" : "Pak Otto",
      "description" : "",
      "firstName" : "",
      "middleName" : "",
      "lastName" : "",
      "nickname" : "",
      "salutation" : "",
      "gender" : "",
      "type" : "",
      "religion" : "",
      "dateOfBirth" : null,
      "placeOfBirth" : "",
      "socialSecurityNumber" : "",
      "socialSecurityDate" : null,
      "mediaObjectReference" : "",
      "lastUpdateDateTime" : "2018-02-19T09:42:02",
      "inputDateTime" : "2018-02-19T09:42:02",
      "_links" : {
        "self" : {
          "href" : "http://localhost/api/contacts/2944_0"
        },
        "contactPerson" : {
          "href" : "http://localhost/api/contacts/2944_0"
        },
        "master" : {
          "href" : "http://localhost/api/contacts/2944_0/master"
        }
      }
    }, {
      "inputUserId" : "ANTHONI",
      "lastUpdateUserId" : "ANTHONI",
      "computerId" : "",
      "lastSynchronizedDate" : null,
      "addressNumber" : "2945",
      "sequence" : 0,
      "name" : "CV Inti Sentosa Solusindo",
      "mailingName" : "CV Inti Sentosa Solusindo",
      "description" : "",
      "firstName" : "",
      "middleName" : "",
      "lastName" : "",
      "nickname" : "",
      "salutation" : "",
      "gender" : "",
      "type" : "",
      "religion" : "",
      "dateOfBirth" : null,
      "placeOfBirth" : "",
      "socialSecurityNumber" : "",
      "socialSecurityDate" : null,
      "mediaObjectReference" : "",
      "lastUpdateDateTime" : "2018-02-19T09:45:10",
      "inputDateTime" : "2018-02-19T09:45:10",
      "_links" : {
        "self" : {
          "href" : "http://localhost/api/contacts/2945_0"
        },
        "contactPerson" : {
          "href" : "http://localhost/api/contacts/2945_0"
        },
        "master" : {
          "href" : "http://localhost/api/contacts/2945_0/master"
        }
      }
    }, {
      "inputUserId" : "ANTHONI",
      "lastUpdateUserId" : "ANTHONI",
      "computerId" : "",
      "lastSynchronizedDate" : null,
      "addressNumber" : "2946",
      "sequence" : 0,
      "name" : "Indra",
      "mailingName" : "Indra",
      "description" : "",
      "firstName" : "",
      "middleName" : "",
      "lastName" : "",
      "nickname" : "",
      "salutation" : "",
      "gender" : "",
      "type" : "",
      "religion" : "",
      "dateOfBirth" : null,
      "placeOfBirth" : "",
      "socialSecurityNumber" : "",
      "socialSecurityDate" : null,
      "mediaObjectReference" : "",
      "lastUpdateDateTime" : "2018-02-19T09:46:42",
      "inputDateTime" : "2018-02-19T09:46:42",
      "_links" : {
        "self" : {
          "href" : "http://localhost/api/contacts/2946_0"
        },
        "contactPerson" : {
          "href" : "http://localhost/api/contacts/2946_0"
        },
        "master" : {
          "href" : "http://localhost/api/contacts/2946_0/master"
        }
      }
    }, {
      "inputUserId" : "ANTHONI",
      "lastUpdateUserId" : "ANTHONI",
      "computerId" : "",
      "lastSynchronizedDate" : null,
      "addressNumber" : "2947",
      "sequence" : 0,
      "name" : "CV Mitra Data Berjaya",
      "mailingName" : "CV Mitra Data Berjaya",
      "description" : "",
      "firstName" : "",
      "middleName" : "",
      "lastName" : "",
      "nickname" : "",
      "salutation" : "",
      "gender" : "",
      "type" : "",
      "religion" : "",
      "dateOfBirth" : null,
      "placeOfBirth" : "",
      "socialSecurityNumber" : "",
      "socialSecurityDate" : null,
      "mediaObjectReference" : "",
      "lastUpdateDateTime" : "2018-02-19T09:49:32",
      "inputDateTime" : "2018-02-19T09:49:32",
      "_links" : {
        "self" : {
          "href" : "http://localhost/api/contacts/2947_0"
        },
        "contactPerson" : {
          "href" : "http://localhost/api/contacts/2947_0"
        },
        "master" : {
          "href" : "http://localhost/api/contacts/2947_0/master"
        }
      }
    }, {
      "inputUserId" : "ANTHONI",
      "lastUpdateUserId" : "ANTHONI",
      "computerId" : "",
      "lastSynchronizedDate" : null,
      "addressNumber" : "2948",
      "sequence" : 0,
      "name" : "CV Ksmart",
      "mailingName" : "CV Ksmart",
      "description" : "",
      "firstName" : "",
      "middleName" : "",
      "lastName" : "",
      "nickname" : "",
      "salutation" : "",
      "gender" : "",
      "type" : "",
      "religion" : "",
      "dateOfBirth" : null,
      "placeOfBirth" : "",
      "socialSecurityNumber" : "",
      "socialSecurityDate" : null,
      "mediaObjectReference" : "",
      "lastUpdateDateTime" : "2018-02-19T10:18:26",
      "inputDateTime" : "2018-02-19T09:50:56",
      "_links" : {
        "self" : {
          "href" : "http://localhost/api/contacts/2948_0"
        },
        "contactPerson" : {
          "href" : "http://localhost/api/contacts/2948_0"
        },
        "master" : {
          "href" : "http://localhost/api/contacts/2948_0/master"
        }
      }
    }, {
      "inputUserId" : "ANTHONI",
      "lastUpdateUserId" : "ANTHONI",
      "computerId" : "",
      "lastSynchronizedDate" : null,
      "addressNumber" : "2949",
      "sequence" : 0,
      "name" : "Linda",
      "mailingName" : "Linda",
      "description" : "",
      "firstName" : "",
      "middleName" : "",
      "lastName" : "",
      "nickname" : "",
      "salutation" : "",
      "gender" : "",
      "type" : "",
      "religion" : "",
      "dateOfBirth" : null,
      "placeOfBirth" : "",
      "socialSecurityNumber" : "",
      "socialSecurityDate" : null,
      "mediaObjectReference" : "",
      "lastUpdateDateTime" : "2018-02-19T09:51:51",
      "inputDateTime" : "2018-02-19T09:51:51",
      "_links" : {
        "self" : {
          "href" : "http://localhost/api/contacts/2949_0"
        },
        "contactPerson" : {
          "href" : "http://localhost/api/contacts/2949_0"
        },
        "master" : {
          "href" : "http://localhost/api/contacts/2949_0/master"
        }
      }
    }, {
      "inputUserId" : "ANTHONI",
      "lastUpdateUserId" : "ANTHONI",
      "computerId" : "",
      "lastSynchronizedDate" : null,
      "addressNumber" : "2950",
      "sequence" : 0,
      "name" : "KSmart Comp",
      "mailingName" : "KSmart Comp",
      "description" : "",
      "firstName" : "",
      "middleName" : "",
      "lastName" : "",
      "nickname" : "",
      "salutation" : "",
      "gender" : "",
      "type" : "",
      "religion" : "",
      "dateOfBirth" : null,
      "placeOfBirth" : "",
      "socialSecurityNumber" : "",
      "socialSecurityDate" : null,
      "mediaObjectReference" : "",
      "lastUpdateDateTime" : "2018-02-19T09:53:14",
      "inputDateTime" : "2018-02-19T09:53:14",
      "_links" : {
        "self" : {
          "href" : "http://localhost/api/contacts/2950_0"
        },
        "contactPerson" : {
          "href" : "http://localhost/api/contacts/2950_0"
        },
        "master" : {
          "href" : "http://localhost/api/contacts/2950_0/master"
        }
      }
    }, {
      "inputUserId" : "ANTHONI",
      "lastUpdateUserId" : "ANTHONI",
      "computerId" : "",
      "lastSynchronizedDate" : null,
      "addressNumber" : "2951",
      "sequence" : 0,
      "name" : "Pelindo Energi Logistik",
      "mailingName" : "Pelindo Energi Logistik",
      "description" : "",
      "firstName" : "",
      "middleName" : "",
      "lastName" : "",
      "nickname" : "",
      "salutation" : "",
      "gender" : "",
      "type" : "",
      "religion" : "",
      "dateOfBirth" : null,
      "placeOfBirth" : "",
      "socialSecurityNumber" : "",
      "socialSecurityDate" : null,
      "mediaObjectReference" : "",
      "lastUpdateDateTime" : "2018-02-19T09:54:40",
      "inputDateTime" : "2018-02-19T09:54:33",
      "_links" : {
        "self" : {
          "href" : "http://localhost/api/contacts/2951_0"
        },
        "contactPerson" : {
          "href" : "http://localhost/api/contacts/2951_0"
        },
        "master" : {
          "href" : "http://localhost/api/contacts/2951_0/master"
        }
      }
    }, {
      "inputUserId" : "ANTHONI",
      "lastUpdateUserId" : "ANTHONI",
      "computerId" : "",
      "lastSynchronizedDate" : null,
      "addressNumber" : "2952",
      "sequence" : 0,
      "name" : "Exprint",
      "mailingName" : "Exprint",
      "description" : "",
      "firstName" : "",
      "middleName" : "",
      "lastName" : "",
      "nickname" : "",
      "salutation" : "",
      "gender" : "",
      "type" : "",
      "religion" : "",
      "dateOfBirth" : null,
      "placeOfBirth" : "",
      "socialSecurityNumber" : "",
      "socialSecurityDate" : null,
      "mediaObjectReference" : "",
      "lastUpdateDateTime" : "2018-02-19T09:55:25",
      "inputDateTime" : "2018-02-19T09:55:25",
      "_links" : {
        "self" : {
          "href" : "http://localhost/api/contacts/2952_0"
        },
        "contactPerson" : {
          "href" : "http://localhost/api/contacts/2952_0"
        },
        "master" : {
          "href" : "http://localhost/api/contacts/2952_0/master"
        }
      }
    }, {
      "inputUserId" : "ANTHONI",
      "lastUpdateUserId" : "ANTHONI",
      "computerId" : "",
      "lastSynchronizedDate" : null,
      "addressNumber" : "2953",
      "sequence" : 0,
      "name" : "Evan",
      "mailingName" : "Evan",
      "description" : "",
      "firstName" : "",
      "middleName" : "",
      "lastName" : "",
      "nickname" : "",
      "salutation" : "",
      "gender" : "",
      "type" : "",
      "religion" : "",
      "dateOfBirth" : null,
      "placeOfBirth" : "",
      "socialSecurityNumber" : "",
      "socialSecurityDate" : null,
      "mediaObjectReference" : "",
      "lastUpdateDateTime" : "2018-02-19T10:25:37",
      "inputDateTime" : "2018-02-19T10:25:37",
      "_links" : {
        "self" : {
          "href" : "http://localhost/api/contacts/2953_0"
        },
        "contactPerson" : {
          "href" : "http://localhost/api/contacts/2953_0"
        },
        "master" : {
          "href" : "http://localhost/api/contacts/2953_0/master"
        }
      }
    }, {
      "inputUserId" : "ANTHONI",
      "lastUpdateUserId" : "ANTHONI",
      "computerId" : "",
      "lastSynchronizedDate" : null,
      "addressNumber" : "2954",
      "sequence" : 0,
      "name" : "Aliya Computer",
      "mailingName" : "Aliya Computer",
      "description" : "",
      "firstName" : "",
      "middleName" : "",
      "lastName" : "",
      "nickname" : "",
      "salutation" : "",
      "gender" : "",
      "type" : "",
      "religion" : "",
      "dateOfBirth" : null,
      "placeOfBirth" : "",
      "socialSecurityNumber" : "",
      "socialSecurityDate" : null,
      "mediaObjectReference" : "",
      "lastUpdateDateTime" : "2018-02-19T10:28:52",
      "inputDateTime" : "2018-02-19T10:28:52",
      "_links" : {
        "self" : {
          "href" : "http://localhost/api/contacts/2954_0"
        },
        "contactPerson" : {
          "href" : "http://localhost/api/contacts/2954_0"
        },
        "master" : {
          "href" : "http://localhost/api/contacts/2954_0/master"
        }
      }
    }, {
      "inputUserId" : "ANTHONI",
      "lastUpdateUserId" : "ANTHONI",
      "computerId" : "",
      "lastSynchronizedDate" : null,
      "addressNumber" : "2955",
      "sequence" : 0,
      "name" : "PT.Eka Prima Mandiri Sentosa",
      "mailingName" : "PT.Eka Prima Mandiri Sentosa",
      "description" : "",
      "firstName" : "",
      "middleName" : "",
      "lastName" : "",
      "nickname" : "",
      "salutation" : "",
      "gender" : "",
      "type" : "",
      "religion" : "",
      "dateOfBirth" : null,
      "placeOfBirth" : "",
      "socialSecurityNumber" : "",
      "socialSecurityDate" : null,
      "mediaObjectReference" : "",
      "lastUpdateDateTime" : "2018-02-19T10:33:31",
      "inputDateTime" : "2018-02-19T10:33:31",
      "_links" : {
        "self" : {
          "href" : "http://localhost/api/contacts/2955_0"
        },
        "contactPerson" : {
          "href" : "http://localhost/api/contacts/2955_0"
        },
        "master" : {
          "href" : "http://localhost/api/contacts/2955_0/master"
        }
      }
    }, {
      "inputUserId" : "ANTHONI",
      "lastUpdateUserId" : "ANTHONI",
      "computerId" : "",
      "lastSynchronizedDate" : null,
      "addressNumber" : "2956",
      "sequence" : 0,
      "name" : "Media Komputer",
      "mailingName" : "Media Komputer",
      "description" : "",
      "firstName" : "",
      "middleName" : "",
      "lastName" : "",
      "nickname" : "",
      "salutation" : "",
      "gender" : "",
      "type" : "",
      "religion" : "",
      "dateOfBirth" : null,
      "placeOfBirth" : "",
      "socialSecurityNumber" : "",
      "socialSecurityDate" : null,
      "mediaObjectReference" : "",
      "lastUpdateDateTime" : "2018-02-19T10:36:22",
      "inputDateTime" : "2018-02-19T10:36:22",
      "_links" : {
        "self" : {
          "href" : "http://localhost/api/contacts/2956_0"
        },
        "contactPerson" : {
          "href" : "http://localhost/api/contacts/2956_0"
        },
        "master" : {
          "href" : "http://localhost/api/contacts/2956_0/master"
        }
      }
    }, {
      "inputUserId" : "ANTHONI",
      "lastUpdateUserId" : "ANTHONI",
      "computerId" : "",
      "lastSynchronizedDate" : null,
      "addressNumber" : "2957",
      "sequence" : 0,
      "name" : "CV.Zinik",
      "mailingName" : "CV.Zinik",
      "description" : "",
      "firstName" : "",
      "middleName" : "",
      "lastName" : "",
      "nickname" : "",
      "salutation" : "",
      "gender" : "",
      "type" : "",
      "religion" : "",
      "dateOfBirth" : null,
      "placeOfBirth" : "",
      "socialSecurityNumber" : "",
      "socialSecurityDate" : null,
      "mediaObjectReference" : "",
      "lastUpdateDateTime" : "2018-02-19T10:37:45",
      "inputDateTime" : "2018-02-19T10:37:45",
      "_links" : {
        "self" : {
          "href" : "http://localhost/api/contacts/2957_0"
        },
        "contactPerson" : {
          "href" : "http://localhost/api/contacts/2957_0"
        },
        "master" : {
          "href" : "http://localhost/api/contacts/2957_0/master"
        }
      }
    }, {
      "inputUserId" : "ANTHONI",
      "lastUpdateUserId" : "ANTHONI",
      "computerId" : "",
      "lastSynchronizedDate" : null,
      "addressNumber" : "2958",
      "sequence" : 0,
      "name" : "ICC",
      "mailingName" : "ICC",
      "description" : "",
      "firstName" : "",
      "middleName" : "",
      "lastName" : "",
      "nickname" : "",
      "salutation" : "",
      "gender" : "",
      "type" : "",
      "religion" : "",
      "dateOfBirth" : null,
      "placeOfBirth" : "",
      "socialSecurityNumber" : "",
      "socialSecurityDate" : null,
      "mediaObjectReference" : "",
      "lastUpdateDateTime" : "2018-02-19T10:38:46",
      "inputDateTime" : "2018-02-19T10:38:46",
      "_links" : {
        "self" : {
          "href" : "http://localhost/api/contacts/2958_0"
        },
        "contactPerson" : {
          "href" : "http://localhost/api/contacts/2958_0"
        },
        "master" : {
          "href" : "http://localhost/api/contacts/2958_0/master"
        }
      }
    }, {
      "inputUserId" : "ANTHONI",
      "lastUpdateUserId" : "ANTHONI",
      "computerId" : "",
      "lastSynchronizedDate" : null,
      "addressNumber" : "2959",
      "sequence" : 0,
      "name" : "PT.Multi Duta Utari",
      "mailingName" : "PT.Multi Duta Utari",
      "description" : "",
      "firstName" : "",
      "middleName" : "",
      "lastName" : "",
      "nickname" : "",
      "salutation" : "",
      "gender" : "",
      "type" : "",
      "religion" : "",
      "dateOfBirth" : null,
      "placeOfBirth" : "",
      "socialSecurityNumber" : "",
      "socialSecurityDate" : null,
      "mediaObjectReference" : "",
      "lastUpdateDateTime" : "2018-02-19T10:40:45",
      "inputDateTime" : "2018-02-19T10:40:45",
      "_links" : {
        "self" : {
          "href" : "http://localhost/api/contacts/2959_0"
        },
        "contactPerson" : {
          "href" : "http://localhost/api/contacts/2959_0"
        },
        "master" : {
          "href" : "http://localhost/api/contacts/2959_0/master"
        }
      }
    }, {
      "inputUserId" : "ANTHONI",
      "lastUpdateUserId" : "ANTHONI",
      "computerId" : "",
      "lastSynchronizedDate" : null,
      "addressNumber" : "2960",
      "sequence" : 0,
      "name" : "PT Sinar Wijaya Plywood Industries",
      "mailingName" : "PT Sinar Wijaya Plywood Industries",
      "description" : "",
      "firstName" : "",
      "middleName" : "",
      "lastName" : "",
      "nickname" : "",
      "salutation" : "",
      "gender" : "",
      "type" : "",
      "religion" : "",
      "dateOfBirth" : null,
      "placeOfBirth" : "",
      "socialSecurityNumber" : "",
      "socialSecurityDate" : null,
      "mediaObjectReference" : "",
      "lastUpdateDateTime" : "2018-03-14T13:57:46",
      "inputDateTime" : "2018-02-19T10:43:28",
      "_links" : {
        "self" : {
          "href" : "http://localhost/api/contacts/2960_0"
        },
        "contactPerson" : {
          "href" : "http://localhost/api/contacts/2960_0"
        },
        "master" : {
          "href" : "http://localhost/api/contacts/2960_0/master"
        }
      }
    }, {
      "inputUserId" : "ANTHONI",
      "lastUpdateUserId" : "ANTHONI",
      "computerId" : "",
      "lastSynchronizedDate" : null,
      "addressNumber" : "2961",
      "sequence" : 0,
      "name" : "PT.Sigma Selaras Komputindo",
      "mailingName" : "PT.Sigma Selaras Komputindo",
      "description" : "",
      "firstName" : "",
      "middleName" : "",
      "lastName" : "",
      "nickname" : "",
      "salutation" : "",
      "gender" : "",
      "type" : "",
      "religion" : "",
      "dateOfBirth" : null,
      "placeOfBirth" : "",
      "socialSecurityNumber" : "",
      "socialSecurityDate" : null,
      "mediaObjectReference" : "",
      "lastUpdateDateTime" : "2018-02-19T10:46:07",
      "inputDateTime" : "2018-02-19T10:46:07",
      "_links" : {
        "self" : {
          "href" : "http://localhost/api/contacts/2961_0"
        },
        "contactPerson" : {
          "href" : "http://localhost/api/contacts/2961_0"
        },
        "master" : {
          "href" : "http://localhost/api/contacts/2961_0/master"
        }
      }
    }, {
      "inputUserId" : "ANTHONI",
      "lastUpdateUserId" : "ANTHONI",
      "computerId" : "",
      "lastSynchronizedDate" : null,
      "addressNumber" : "2962",
      "sequence" : 0,
      "name" : "Lis Dewi",
      "mailingName" : "Lis Dewi",
      "description" : "",
      "firstName" : "",
      "middleName" : "",
      "lastName" : "",
      "nickname" : "",
      "salutation" : "",
      "gender" : "",
      "type" : "",
      "religion" : "",
      "dateOfBirth" : null,
      "placeOfBirth" : "",
      "socialSecurityNumber" : "",
      "socialSecurityDate" : null,
      "mediaObjectReference" : "",
      "lastUpdateDateTime" : "2018-02-19T10:56:47",
      "inputDateTime" : "2018-02-19T10:56:39",
      "_links" : {
        "self" : {
          "href" : "http://localhost/api/contacts/2962_0"
        },
        "contactPerson" : {
          "href" : "http://localhost/api/contacts/2962_0"
        },
        "master" : {
          "href" : "http://localhost/api/contacts/2962_0/master"
        }
      }
    }, {
      "inputUserId" : "ANTHONI",
      "lastUpdateUserId" : "ANTHONI",
      "computerId" : "",
      "lastSynchronizedDate" : null,
      "addressNumber" : "2963",
      "sequence" : 0,
      "name" : "CV.Merdeka",
      "mailingName" : "CV.Merdeka",
      "description" : "",
      "firstName" : "",
      "middleName" : "",
      "lastName" : "",
      "nickname" : "",
      "salutation" : "",
      "gender" : "",
      "type" : "",
      "religion" : "",
      "dateOfBirth" : null,
      "placeOfBirth" : "",
      "socialSecurityNumber" : "",
      "socialSecurityDate" : null,
      "mediaObjectReference" : "",
      "lastUpdateDateTime" : "2018-02-19T10:56:54",
      "inputDateTime" : "2018-02-19T10:55:37",
      "_links" : {
        "self" : {
          "href" : "http://localhost/api/contacts/2963_0"
        },
        "contactPerson" : {
          "href" : "http://localhost/api/contacts/2963_0"
        },
        "master" : {
          "href" : "http://localhost/api/contacts/2963_0/master"
        }
      }
    }, {
      "inputUserId" : "ANTHONI",
      "lastUpdateUserId" : "ANTHONI",
      "computerId" : "",
      "lastSynchronizedDate" : null,
      "addressNumber" : "2964",
      "sequence" : 0,
      "name" : "Tjang Ruky Wirawan",
      "mailingName" : "Tjang Ruky Wirawan",
      "description" : "",
      "firstName" : "",
      "middleName" : "",
      "lastName" : "",
      "nickname" : "",
      "salutation" : "",
      "gender" : "",
      "type" : "",
      "religion" : "",
      "dateOfBirth" : null,
      "placeOfBirth" : "",
      "socialSecurityNumber" : "",
      "socialSecurityDate" : null,
      "mediaObjectReference" : "",
      "lastUpdateDateTime" : "2018-02-19T11:00:04",
      "inputDateTime" : "2018-02-19T11:00:04",
      "_links" : {
        "self" : {
          "href" : "http://localhost/api/contacts/2964_0"
        },
        "contactPerson" : {
          "href" : "http://localhost/api/contacts/2964_0"
        },
        "master" : {
          "href" : "http://localhost/api/contacts/2964_0/master"
        }
      }
    }, {
      "inputUserId" : "ANTHONI",
      "lastUpdateUserId" : "ANTHONI",
      "computerId" : "",
      "lastSynchronizedDate" : null,
      "addressNumber" : "2965",
      "sequence" : 0,
      "name" : "Ir.Didiek Agus Harijanto",
      "mailingName" : "Ir.Didiek Agus Harijanto",
      "description" : "",
      "firstName" : "",
      "middleName" : "",
      "lastName" : "",
      "nickname" : "",
      "salutation" : "",
      "gender" : "",
      "type" : "",
      "religion" : "",
      "dateOfBirth" : null,
      "placeOfBirth" : "",
      "socialSecurityNumber" : "",
      "socialSecurityDate" : null,
      "mediaObjectReference" : "",
      "lastUpdateDateTime" : "2018-02-19T11:02:15",
      "inputDateTime" : "2018-02-19T11:02:15",
      "_links" : {
        "self" : {
          "href" : "http://localhost/api/contacts/2965_0"
        },
        "contactPerson" : {
          "href" : "http://localhost/api/contacts/2965_0"
        },
        "master" : {
          "href" : "http://localhost/api/contacts/2965_0/master"
        }
      }
    }, {
      "inputUserId" : "ANTHONI",
      "lastUpdateUserId" : "ANTHONI",
      "computerId" : "",
      "lastSynchronizedDate" : null,
      "addressNumber" : "2966",
      "sequence" : 0,
      "name" : "TK Nurul Jannah Terpadu",
      "mailingName" : "TK Nurul Jannah Terpadu",
      "description" : "",
      "firstName" : "",
      "middleName" : "",
      "lastName" : "",
      "nickname" : "",
      "salutation" : "",
      "gender" : "",
      "type" : "",
      "religion" : "",
      "dateOfBirth" : null,
      "placeOfBirth" : "",
      "socialSecurityNumber" : "",
      "socialSecurityDate" : null,
      "mediaObjectReference" : "",
      "lastUpdateDateTime" : "2018-02-19T11:04:04",
      "inputDateTime" : "2018-02-19T11:04:04",
      "_links" : {
        "self" : {
          "href" : "http://localhost/api/contacts/2966_0"
        },
        "contactPerson" : {
          "href" : "http://localhost/api/contacts/2966_0"
        },
        "master" : {
          "href" : "http://localhost/api/contacts/2966_0/master"
        }
      }
    }, {
      "inputUserId" : "ANTHONI",
      "lastUpdateUserId" : "DEBBY",
      "computerId" : "",
      "lastSynchronizedDate" : null,
      "addressNumber" : "2967",
      "sequence" : 0,
      "name" : "CV Surya Gemilang",
      "mailingName" : "CV Surya Gemilang",
      "description" : "",
      "firstName" : "",
      "middleName" : "",
      "lastName" : "",
      "nickname" : "",
      "salutation" : "",
      "gender" : "",
      "type" : "",
      "religion" : "",
      "dateOfBirth" : null,
      "placeOfBirth" : "",
      "socialSecurityNumber" : "",
      "socialSecurityDate" : null,
      "mediaObjectReference" : "",
      "lastUpdateDateTime" : "2018-03-08T13:10:41",
      "inputDateTime" : "2018-02-19T11:05:30",
      "_links" : {
        "self" : {
          "href" : "http://localhost/api/contacts/2967_0"
        },
        "contactPerson" : {
          "href" : "http://localhost/api/contacts/2967_0"
        },
        "master" : {
          "href" : "http://localhost/api/contacts/2967_0/master"
        }
      }
    }, {
      "inputUserId" : "ANTHONI",
      "lastUpdateUserId" : "ANTHONI",
      "computerId" : "",
      "lastSynchronizedDate" : null,
      "addressNumber" : "2968",
      "sequence" : 0,
      "name" : "Wempy Yulianto",
      "mailingName" : "Wempy Yulianto",
      "description" : "",
      "firstName" : "",
      "middleName" : "",
      "lastName" : "",
      "nickname" : "",
      "salutation" : "",
      "gender" : "",
      "type" : "",
      "religion" : "",
      "dateOfBirth" : null,
      "placeOfBirth" : "",
      "socialSecurityNumber" : "",
      "socialSecurityDate" : null,
      "mediaObjectReference" : "",
      "lastUpdateDateTime" : "2018-02-19T11:09:34",
      "inputDateTime" : "2018-02-19T11:09:34",
      "_links" : {
        "self" : {
          "href" : "http://localhost/api/contacts/2968_0"
        },
        "contactPerson" : {
          "href" : "http://localhost/api/contacts/2968_0"
        },
        "master" : {
          "href" : "http://localhost/api/contacts/2968_0/master"
        }
      }
    }, {
      "inputUserId" : "ANTHONI",
      "lastUpdateUserId" : "ANTHONI",
      "computerId" : "",
      "lastSynchronizedDate" : null,
      "addressNumber" : "2969",
      "sequence" : 0,
      "name" : "CV.Nurani",
      "mailingName" : "CV.Nurani",
      "description" : "",
      "firstName" : "",
      "middleName" : "",
      "lastName" : "",
      "nickname" : "",
      "salutation" : "",
      "gender" : "",
      "type" : "",
      "religion" : "",
      "dateOfBirth" : null,
      "placeOfBirth" : "",
      "socialSecurityNumber" : "",
      "socialSecurityDate" : null,
      "mediaObjectReference" : "",
      "lastUpdateDateTime" : "2018-02-19T10:23:49",
      "inputDateTime" : "2018-02-19T10:23:40",
      "_links" : {
        "self" : {
          "href" : "http://localhost/api/contacts/2969_0"
        },
        "contactPerson" : {
          "href" : "http://localhost/api/contacts/2969_0"
        },
        "master" : {
          "href" : "http://localhost/api/contacts/2969_0/master"
        }
      }
    }, {
      "inputUserId" : "ANTHONI",
      "lastUpdateUserId" : "ANTHONI",
      "computerId" : "",
      "lastSynchronizedDate" : null,
      "addressNumber" : "2970",
      "sequence" : 0,
      "name" : "CV Tripio Computer",
      "mailingName" : "CV Tripio Computer",
      "description" : "",
      "firstName" : "",
      "middleName" : "",
      "lastName" : "",
      "nickname" : "",
      "salutation" : "",
      "gender" : "",
      "type" : "",
      "religion" : "",
      "dateOfBirth" : null,
      "placeOfBirth" : "",
      "socialSecurityNumber" : "",
      "socialSecurityDate" : null,
      "mediaObjectReference" : "",
      "lastUpdateDateTime" : "2018-03-14T14:55:52",
      "inputDateTime" : "2018-02-19T11:11:44",
      "_links" : {
        "self" : {
          "href" : "http://localhost/api/contacts/2970_0"
        },
        "contactPerson" : {
          "href" : "http://localhost/api/contacts/2970_0"
        },
        "master" : {
          "href" : "http://localhost/api/contacts/2970_0/master"
        }
      }
    }, {
      "inputUserId" : "ANTHONI",
      "lastUpdateUserId" : "ANTHONI",
      "computerId" : "",
      "lastSynchronizedDate" : null,
      "addressNumber" : "2971",
      "sequence" : 0,
      "name" : "PT.Surya Prima Ceria Sejahtera",
      "mailingName" : "PT.Surya Prima Ceria Sejahtera",
      "description" : "",
      "firstName" : "",
      "middleName" : "",
      "lastName" : "",
      "nickname" : "",
      "salutation" : "",
      "gender" : "",
      "type" : "",
      "religion" : "",
      "dateOfBirth" : null,
      "placeOfBirth" : "",
      "socialSecurityNumber" : "",
      "socialSecurityDate" : null,
      "mediaObjectReference" : "",
      "lastUpdateDateTime" : "2018-02-19T11:13:18",
      "inputDateTime" : "2018-02-19T11:13:18",
      "_links" : {
        "self" : {
          "href" : "http://localhost/api/contacts/2971_0"
        },
        "contactPerson" : {
          "href" : "http://localhost/api/contacts/2971_0"
        },
        "master" : {
          "href" : "http://localhost/api/contacts/2971_0/master"
        }
      }
    }, {
      "inputUserId" : "ANTHONI",
      "lastUpdateUserId" : "ANTHONI",
      "computerId" : "",
      "lastSynchronizedDate" : null,
      "addressNumber" : "2972",
      "sequence" : 0,
      "name" : "Multitech",
      "mailingName" : "Multitech",
      "description" : "",
      "firstName" : "",
      "middleName" : "",
      "lastName" : "",
      "nickname" : "",
      "salutation" : "",
      "gender" : "",
      "type" : "",
      "religion" : "",
      "dateOfBirth" : null,
      "placeOfBirth" : "",
      "socialSecurityNumber" : "",
      "socialSecurityDate" : null,
      "mediaObjectReference" : "",
      "lastUpdateDateTime" : "2018-02-19T11:14:09",
      "inputDateTime" : "2018-02-19T11:14:09",
      "_links" : {
        "self" : {
          "href" : "http://localhost/api/contacts/2972_0"
        },
        "contactPerson" : {
          "href" : "http://localhost/api/contacts/2972_0"
        },
        "master" : {
          "href" : "http://localhost/api/contacts/2972_0/master"
        }
      }
    }, {
      "inputUserId" : "ANTHONI",
      "lastUpdateUserId" : "DEBBY",
      "computerId" : "",
      "lastSynchronizedDate" : null,
      "addressNumber" : "2973",
      "sequence" : 0,
      "name" : "CV Kana",
      "mailingName" : "CV Kana",
      "description" : "",
      "firstName" : "",
      "middleName" : "",
      "lastName" : "",
      "nickname" : "",
      "salutation" : "",
      "gender" : "",
      "type" : "",
      "religion" : "",
      "dateOfBirth" : null,
      "placeOfBirth" : "",
      "socialSecurityNumber" : "",
      "socialSecurityDate" : null,
      "mediaObjectReference" : "",
      "lastUpdateDateTime" : "2018-03-07T16:28:56",
      "inputDateTime" : "2018-02-19T11:15:43",
      "_links" : {
        "self" : {
          "href" : "http://localhost/api/contacts/2973_0"
        },
        "contactPerson" : {
          "href" : "http://localhost/api/contacts/2973_0"
        },
        "master" : {
          "href" : "http://localhost/api/contacts/2973_0/master"
        }
      }
    }, {
      "inputUserId" : "ANTHONI",
      "lastUpdateUserId" : "ANTHONI",
      "computerId" : "",
      "lastSynchronizedDate" : null,
      "addressNumber" : "2974",
      "sequence" : 0,
      "name" : "Nimas Cik Naning",
      "mailingName" : "Nimas Cik Naning",
      "description" : "",
      "firstName" : "",
      "middleName" : "",
      "lastName" : "",
      "nickname" : "",
      "salutation" : "",
      "gender" : "",
      "type" : "",
      "religion" : "",
      "dateOfBirth" : null,
      "placeOfBirth" : "",
      "socialSecurityNumber" : "",
      "socialSecurityDate" : null,
      "mediaObjectReference" : "",
      "lastUpdateDateTime" : "2018-02-19T11:16:49",
      "inputDateTime" : "2018-02-19T11:16:32",
      "_links" : {
        "self" : {
          "href" : "http://localhost/api/contacts/2974_0"
        },
        "contactPerson" : {
          "href" : "http://localhost/api/contacts/2974_0"
        },
        "master" : {
          "href" : "http://localhost/api/contacts/2974_0/master"
        }
      }
    }, {
      "inputUserId" : "ANTHONI",
      "lastUpdateUserId" : "ANTHONI",
      "computerId" : "",
      "lastSynchronizedDate" : null,
      "addressNumber" : "2975",
      "sequence" : 0,
      "name" : "PT.Brother International Sales Indonesia",
      "mailingName" : "PT.Brother International Sales Indonesia",
      "description" : "",
      "firstName" : "",
      "middleName" : "",
      "lastName" : "",
      "nickname" : "",
      "salutation" : "",
      "gender" : "",
      "type" : "",
      "religion" : "",
      "dateOfBirth" : null,
      "placeOfBirth" : "",
      "socialSecurityNumber" : "",
      "socialSecurityDate" : null,
      "mediaObjectReference" : "",
      "lastUpdateDateTime" : "2018-02-19T11:18:51",
      "inputDateTime" : "2018-02-19T11:18:51",
      "_links" : {
        "self" : {
          "href" : "http://localhost/api/contacts/2975_0"
        },
        "contactPerson" : {
          "href" : "http://localhost/api/contacts/2975_0"
        },
        "master" : {
          "href" : "http://localhost/api/contacts/2975_0/master"
        }
      }
    }, {
      "inputUserId" : "ANTHONI",
      "lastUpdateUserId" : "DEBBY",
      "computerId" : "",
      "lastSynchronizedDate" : null,
      "addressNumber" : "2976",
      "sequence" : 0,
      "name" : "CV Tunggal Indo perkasa",
      "mailingName" : "CV Tunggal Indo perkasa",
      "description" : "",
      "firstName" : "",
      "middleName" : "",
      "lastName" : "",
      "nickname" : "",
      "salutation" : "",
      "gender" : "",
      "type" : "",
      "religion" : "",
      "dateOfBirth" : null,
      "placeOfBirth" : "",
      "socialSecurityNumber" : "",
      "socialSecurityDate" : null,
      "mediaObjectReference" : "",
      "lastUpdateDateTime" : "2018-03-07T13:14:53",
      "inputDateTime" : "2018-02-19T11:20:45",
      "_links" : {
        "self" : {
          "href" : "http://localhost/api/contacts/2976_0"
        },
        "contactPerson" : {
          "href" : "http://localhost/api/contacts/2976_0"
        },
        "master" : {
          "href" : "http://localhost/api/contacts/2976_0/master"
        }
      }
    }, {
      "inputUserId" : "ANTHONI",
      "lastUpdateUserId" : "ANTHONI",
      "computerId" : "",
      "lastSynchronizedDate" : null,
      "addressNumber" : "2977",
      "sequence" : 0,
      "name" : "Global Komunika Komputer",
      "mailingName" : "Global Komunika Komputer",
      "description" : "",
      "firstName" : "",
      "middleName" : "",
      "lastName" : "",
      "nickname" : "",
      "salutation" : "",
      "gender" : "",
      "type" : "",
      "religion" : "",
      "dateOfBirth" : null,
      "placeOfBirth" : "",
      "socialSecurityNumber" : "",
      "socialSecurityDate" : null,
      "mediaObjectReference" : "",
      "lastUpdateDateTime" : "2018-02-19T11:21:53",
      "inputDateTime" : "2018-02-19T11:21:53",
      "_links" : {
        "self" : {
          "href" : "http://localhost/api/contacts/2977_0"
        },
        "contactPerson" : {
          "href" : "http://localhost/api/contacts/2977_0"
        },
        "master" : {
          "href" : "http://localhost/api/contacts/2977_0/master"
        }
      }
    }, {
      "inputUserId" : "ANTHONI",
      "lastUpdateUserId" : "ANTHONI",
      "computerId" : "",
      "lastSynchronizedDate" : null,
      "addressNumber" : "2978",
      "sequence" : 0,
      "name" : "CV.Asia Jaya",
      "mailingName" : "CV.Asia Jaya",
      "description" : "",
      "firstName" : "",
      "middleName" : "",
      "lastName" : "",
      "nickname" : "",
      "salutation" : "",
      "gender" : "",
      "type" : "",
      "religion" : "",
      "dateOfBirth" : null,
      "placeOfBirth" : "",
      "socialSecurityNumber" : "",
      "socialSecurityDate" : null,
      "mediaObjectReference" : "",
      "lastUpdateDateTime" : "2018-02-19T11:22:49",
      "inputDateTime" : "2018-02-19T11:22:49",
      "_links" : {
        "self" : {
          "href" : "http://localhost/api/contacts/2978_0"
        },
        "contactPerson" : {
          "href" : "http://localhost/api/contacts/2978_0"
        },
        "master" : {
          "href" : "http://localhost/api/contacts/2978_0/master"
        }
      }
    }, {
      "inputUserId" : "ANTHONI",
      "lastUpdateUserId" : "ANTHONI",
      "computerId" : "",
      "lastSynchronizedDate" : null,
      "addressNumber" : "2979",
      "sequence" : 0,
      "name" : "Icon Computer",
      "mailingName" : "Icon Computer",
      "description" : "",
      "firstName" : "",
      "middleName" : "",
      "lastName" : "",
      "nickname" : "",
      "salutation" : "",
      "gender" : "",
      "type" : "",
      "religion" : "",
      "dateOfBirth" : null,
      "placeOfBirth" : "",
      "socialSecurityNumber" : "",
      "socialSecurityDate" : null,
      "mediaObjectReference" : "",
      "lastUpdateDateTime" : "2018-02-19T11:34:53",
      "inputDateTime" : "2018-02-19T11:34:53",
      "_links" : {
        "self" : {
          "href" : "http://localhost/api/contacts/2979_0"
        },
        "contactPerson" : {
          "href" : "http://localhost/api/contacts/2979_0"
        },
        "master" : {
          "href" : "http://localhost/api/contacts/2979_0/master"
        }
      }
    }, {
      "inputUserId" : "ANTHONI",
      "lastUpdateUserId" : "ANTHONI",
      "computerId" : "",
      "lastSynchronizedDate" : null,
      "addressNumber" : "2980",
      "sequence" : 0,
      "name" : "CV.Ahimsa Solusindo",
      "mailingName" : "CV.Ahimsa Solusindo",
      "description" : "",
      "firstName" : "",
      "middleName" : "",
      "lastName" : "",
      "nickname" : "",
      "salutation" : "",
      "gender" : "",
      "type" : "",
      "religion" : "",
      "dateOfBirth" : null,
      "placeOfBirth" : "",
      "socialSecurityNumber" : "",
      "socialSecurityDate" : null,
      "mediaObjectReference" : "",
      "lastUpdateDateTime" : "2018-02-20T08:55:28",
      "inputDateTime" : "2018-02-20T08:55:28",
      "_links" : {
        "self" : {
          "href" : "http://localhost/api/contacts/2980_0"
        },
        "contactPerson" : {
          "href" : "http://localhost/api/contacts/2980_0"
        },
        "master" : {
          "href" : "http://localhost/api/contacts/2980_0/master"
        }
      }
    }, {
      "inputUserId" : "ANTHONI",
      "lastUpdateUserId" : "ANTHONI",
      "computerId" : "",
      "lastSynchronizedDate" : null,
      "addressNumber" : "2981",
      "sequence" : 0,
      "name" : "Kartika",
      "mailingName" : "Kartika",
      "description" : "",
      "firstName" : "",
      "middleName" : "",
      "lastName" : "",
      "nickname" : "",
      "salutation" : "",
      "gender" : "",
      "type" : "",
      "religion" : "",
      "dateOfBirth" : null,
      "placeOfBirth" : "",
      "socialSecurityNumber" : "",
      "socialSecurityDate" : null,
      "mediaObjectReference" : "",
      "lastUpdateDateTime" : "2018-02-19T11:33:41",
      "inputDateTime" : "2018-02-19T11:33:41",
      "_links" : {
        "self" : {
          "href" : "http://localhost/api/contacts/2981_0"
        },
        "contactPerson" : {
          "href" : "http://localhost/api/contacts/2981_0"
        },
        "master" : {
          "href" : "http://localhost/api/contacts/2981_0/master"
        }
      }
    }, {
      "inputUserId" : "ANTHONI",
      "lastUpdateUserId" : "ANTHONI",
      "computerId" : "",
      "lastSynchronizedDate" : null,
      "addressNumber" : "2982",
      "sequence" : 0,
      "name" : "Prototin",
      "mailingName" : "Prototin",
      "description" : "",
      "firstName" : "",
      "middleName" : "",
      "lastName" : "",
      "nickname" : "",
      "salutation" : "",
      "gender" : "",
      "type" : "",
      "religion" : "",
      "dateOfBirth" : null,
      "placeOfBirth" : "",
      "socialSecurityNumber" : "",
      "socialSecurityDate" : null,
      "mediaObjectReference" : "",
      "lastUpdateDateTime" : "2018-02-19T12:00:58",
      "inputDateTime" : "2018-02-19T12:00:58",
      "_links" : {
        "self" : {
          "href" : "http://localhost/api/contacts/2982_0"
        },
        "contactPerson" : {
          "href" : "http://localhost/api/contacts/2982_0"
        },
        "master" : {
          "href" : "http://localhost/api/contacts/2982_0/master"
        }
      }
    }, {
      "inputUserId" : "ANTHONI",
      "lastUpdateUserId" : "ANTHONI",
      "computerId" : "",
      "lastSynchronizedDate" : null,
      "addressNumber" : "2984",
      "sequence" : 0,
      "name" : "PT.Semesta Jaya Computindo",
      "mailingName" : "PT.Semesta Jaya Computindo",
      "description" : "",
      "firstName" : "",
      "middleName" : "",
      "lastName" : "",
      "nickname" : "",
      "salutation" : "",
      "gender" : "",
      "type" : "",
      "religion" : "",
      "dateOfBirth" : null,
      "placeOfBirth" : "",
      "socialSecurityNumber" : "",
      "socialSecurityDate" : null,
      "mediaObjectReference" : "",
      "lastUpdateDateTime" : "2018-02-20T08:50:49",
      "inputDateTime" : "2018-02-20T08:50:49",
      "_links" : {
        "self" : {
          "href" : "http://localhost/api/contacts/2984_0"
        },
        "contactPerson" : {
          "href" : "http://localhost/api/contacts/2984_0"
        },
        "master" : {
          "href" : "http://localhost/api/contacts/2984_0/master"
        }
      }
    }, {
      "inputUserId" : "ANTHONI",
      "lastUpdateUserId" : "DEBBY",
      "computerId" : "",
      "lastSynchronizedDate" : null,
      "addressNumber" : "2985",
      "sequence" : 0,
      "name" : "JOJO",
      "mailingName" : "JOJO",
      "description" : "",
      "firstName" : "",
      "middleName" : "",
      "lastName" : "",
      "nickname" : "",
      "salutation" : "",
      "gender" : "",
      "type" : "",
      "religion" : "",
      "dateOfBirth" : null,
      "placeOfBirth" : "",
      "socialSecurityNumber" : "",
      "socialSecurityDate" : null,
      "mediaObjectReference" : "",
      "lastUpdateDateTime" : "2018-02-27T10:04:31",
      "inputDateTime" : "2018-02-20T08:51:56",
      "_links" : {
        "self" : {
          "href" : "http://localhost/api/contacts/2985_0"
        },
        "contactPerson" : {
          "href" : "http://localhost/api/contacts/2985_0"
        },
        "master" : {
          "href" : "http://localhost/api/contacts/2985_0/master"
        }
      }
    }, {
      "inputUserId" : "ANTHONI",
      "lastUpdateUserId" : "ANTHONI",
      "computerId" : "",
      "lastSynchronizedDate" : null,
      "addressNumber" : "2986",
      "sequence" : 0,
      "name" : "Silvi",
      "mailingName" : "Silvi",
      "description" : "",
      "firstName" : "",
      "middleName" : "",
      "lastName" : "",
      "nickname" : "",
      "salutation" : "",
      "gender" : "",
      "type" : "",
      "religion" : "",
      "dateOfBirth" : null,
      "placeOfBirth" : "",
      "socialSecurityNumber" : "",
      "socialSecurityDate" : null,
      "mediaObjectReference" : "",
      "lastUpdateDateTime" : "2018-02-20T08:56:59",
      "inputDateTime" : "2018-02-20T08:56:59",
      "_links" : {
        "self" : {
          "href" : "http://localhost/api/contacts/2986_0"
        },
        "contactPerson" : {
          "href" : "http://localhost/api/contacts/2986_0"
        },
        "master" : {
          "href" : "http://localhost/api/contacts/2986_0/master"
        }
      }
    }, {
      "inputUserId" : "ANTHONI",
      "lastUpdateUserId" : "ANTHONI",
      "computerId" : "",
      "lastSynchronizedDate" : null,
      "addressNumber" : "2987",
      "sequence" : 0,
      "name" : "Bapak Teguh Suprayitna (Dinas pekerjaan umum dan penataan ruang)",
      "mailingName" : "Bapak Teguh Suprayitna (Dinas pekerjaan umum dan penataan ruang)",
      "description" : "",
      "firstName" : "",
      "middleName" : "",
      "lastName" : "",
      "nickname" : "",
      "salutation" : "",
      "gender" : "",
      "type" : "",
      "religion" : "",
      "dateOfBirth" : null,
      "placeOfBirth" : "",
      "socialSecurityNumber" : "",
      "socialSecurityDate" : null,
      "mediaObjectReference" : "",
      "lastUpdateDateTime" : "2018-02-19T11:41:45",
      "inputDateTime" : "2018-02-19T11:41:45",
      "_links" : {
        "self" : {
          "href" : "http://localhost/api/contacts/2987_0"
        },
        "contactPerson" : {
          "href" : "http://localhost/api/contacts/2987_0"
        },
        "master" : {
          "href" : "http://localhost/api/contacts/2987_0/master"
        }
      }
    }, {
      "inputUserId" : "ANTHONI",
      "lastUpdateUserId" : "ANTHONI",
      "computerId" : "",
      "lastSynchronizedDate" : null,
      "addressNumber" : "2988",
      "sequence" : 0,
      "name" : "Line Store Hitechmall",
      "mailingName" : "Line Store Hitechmall",
      "description" : "",
      "firstName" : "",
      "middleName" : "",
      "lastName" : "",
      "nickname" : "",
      "salutation" : "",
      "gender" : "",
      "type" : "",
      "religion" : "",
      "dateOfBirth" : null,
      "placeOfBirth" : "",
      "socialSecurityNumber" : "",
      "socialSecurityDate" : null,
      "mediaObjectReference" : "",
      "lastUpdateDateTime" : "2018-02-20T08:58:53",
      "inputDateTime" : "2018-02-20T08:58:53",
      "_links" : {
        "self" : {
          "href" : "http://localhost/api/contacts/2988_0"
        },
        "contactPerson" : {
          "href" : "http://localhost/api/contacts/2988_0"
        },
        "master" : {
          "href" : "http://localhost/api/contacts/2988_0/master"
        }
      }
    }, {
      "inputUserId" : "ANTHONI",
      "lastUpdateUserId" : "ANTHONI",
      "computerId" : "",
      "lastSynchronizedDate" : null,
      "addressNumber" : "2989",
      "sequence" : 0,
      "name" : "Endang Ayu Ningsih",
      "mailingName" : "Endang Ayu Ningsih",
      "description" : "",
      "firstName" : "",
      "middleName" : "",
      "lastName" : "",
      "nickname" : "",
      "salutation" : "",
      "gender" : "",
      "type" : "",
      "religion" : "",
      "dateOfBirth" : null,
      "placeOfBirth" : "",
      "socialSecurityNumber" : "",
      "socialSecurityDate" : null,
      "mediaObjectReference" : "",
      "lastUpdateDateTime" : "2018-02-19T11:30:46",
      "inputDateTime" : "2018-02-19T11:30:46",
      "_links" : {
        "self" : {
          "href" : "http://localhost/api/contacts/2989_0"
        },
        "contactPerson" : {
          "href" : "http://localhost/api/contacts/2989_0"
        },
        "master" : {
          "href" : "http://localhost/api/contacts/2989_0/master"
        }
      }
    }, {
      "inputUserId" : "ANTHONI",
      "lastUpdateUserId" : "ANTHONI",
      "computerId" : "",
      "lastSynchronizedDate" : null,
      "addressNumber" : "2990",
      "sequence" : 0,
      "name" : "PT Sekar Laut Tbk",
      "mailingName" : "PT Sekar Laut Tbk",
      "description" : "",
      "firstName" : "",
      "middleName" : "",
      "lastName" : "",
      "nickname" : "",
      "salutation" : "",
      "gender" : "",
      "type" : "",
      "religion" : "",
      "dateOfBirth" : null,
      "placeOfBirth" : "",
      "socialSecurityNumber" : "",
      "socialSecurityDate" : null,
      "mediaObjectReference" : "",
      "lastUpdateDateTime" : "2018-03-21T10:15:24",
      "inputDateTime" : "2018-02-19T11:32:54",
      "_links" : {
        "self" : {
          "href" : "http://localhost/api/contacts/2990_0"
        },
        "contactPerson" : {
          "href" : "http://localhost/api/contacts/2990_0"
        },
        "master" : {
          "href" : "http://localhost/api/contacts/2990_0/master"
        }
      }
    }, {
      "inputUserId" : "ANTHONI",
      "lastUpdateUserId" : "ANTHONI",
      "computerId" : "",
      "lastSynchronizedDate" : null,
      "addressNumber" : "2991",
      "sequence" : 0,
      "name" : "JT Comp",
      "mailingName" : "JT Comp",
      "description" : "",
      "firstName" : "",
      "middleName" : "",
      "lastName" : "",
      "nickname" : "",
      "salutation" : "",
      "gender" : "",
      "type" : "",
      "religion" : "",
      "dateOfBirth" : null,
      "placeOfBirth" : "",
      "socialSecurityNumber" : "",
      "socialSecurityDate" : null,
      "mediaObjectReference" : "",
      "lastUpdateDateTime" : "2018-02-20T09:00:49",
      "inputDateTime" : "2018-02-20T09:00:49",
      "_links" : {
        "self" : {
          "href" : "http://localhost/api/contacts/2991_0"
        },
        "contactPerson" : {
          "href" : "http://localhost/api/contacts/2991_0"
        },
        "master" : {
          "href" : "http://localhost/api/contacts/2991_0/master"
        }
      }
    }, {
      "inputUserId" : "ANTHONI",
      "lastUpdateUserId" : "ANTHONI",
      "computerId" : "",
      "lastSynchronizedDate" : null,
      "addressNumber" : "2992",
      "sequence" : 0,
      "name" : "Citraraya International Village Lakarsantri",
      "mailingName" : "Citraraya International Village Lakarsantri",
      "description" : "",
      "firstName" : "",
      "middleName" : "",
      "lastName" : "",
      "nickname" : "",
      "salutation" : "",
      "gender" : "",
      "type" : "",
      "religion" : "",
      "dateOfBirth" : null,
      "placeOfBirth" : "",
      "socialSecurityNumber" : "",
      "socialSecurityDate" : null,
      "mediaObjectReference" : "",
      "lastUpdateDateTime" : "2018-02-19T11:38:18",
      "inputDateTime" : "2018-02-19T11:38:18",
      "_links" : {
        "self" : {
          "href" : "http://localhost/api/contacts/2992_0"
        },
        "contactPerson" : {
          "href" : "http://localhost/api/contacts/2992_0"
        },
        "master" : {
          "href" : "http://localhost/api/contacts/2992_0/master"
        }
      }
    }, {
      "inputUserId" : "ANTHONI",
      "lastUpdateUserId" : "ANTHONI",
      "computerId" : "",
      "lastSynchronizedDate" : null,
      "addressNumber" : "2993",
      "sequence" : 0,
      "name" : "Anik",
      "mailingName" : "Anik",
      "description" : "",
      "firstName" : "",
      "middleName" : "",
      "lastName" : "",
      "nickname" : "",
      "salutation" : "",
      "gender" : "",
      "type" : "",
      "religion" : "",
      "dateOfBirth" : null,
      "placeOfBirth" : "",
      "socialSecurityNumber" : "",
      "socialSecurityDate" : null,
      "mediaObjectReference" : "",
      "lastUpdateDateTime" : "2018-02-19T11:42:09",
      "inputDateTime" : "2018-02-19T11:42:09",
      "_links" : {
        "self" : {
          "href" : "http://localhost/api/contacts/2993_0"
        },
        "contactPerson" : {
          "href" : "http://localhost/api/contacts/2993_0"
        },
        "master" : {
          "href" : "http://localhost/api/contacts/2993_0/master"
        }
      }
    }, {
      "inputUserId" : "ANTHONI",
      "lastUpdateUserId" : "ANTHONI",
      "computerId" : "",
      "lastSynchronizedDate" : null,
      "addressNumber" : "2994",
      "sequence" : 0,
      "name" : "Ambassador School",
      "mailingName" : "Ambassador School",
      "description" : "",
      "firstName" : "",
      "middleName" : "",
      "lastName" : "",
      "nickname" : "",
      "salutation" : "",
      "gender" : "",
      "type" : "",
      "religion" : "",
      "dateOfBirth" : null,
      "placeOfBirth" : "",
      "socialSecurityNumber" : "",
      "socialSecurityDate" : null,
      "mediaObjectReference" : "",
      "lastUpdateDateTime" : "2018-02-19T11:48:46",
      "inputDateTime" : "2018-02-19T11:48:46",
      "_links" : {
        "self" : {
          "href" : "http://localhost/api/contacts/2994_0"
        },
        "contactPerson" : {
          "href" : "http://localhost/api/contacts/2994_0"
        },
        "master" : {
          "href" : "http://localhost/api/contacts/2994_0/master"
        }
      }
    }, {
      "inputUserId" : "ANTHONI",
      "lastUpdateUserId" : "DEBBY",
      "computerId" : "",
      "lastSynchronizedDate" : null,
      "addressNumber" : "2995",
      "sequence" : 0,
      "name" : "CV ALKS",
      "mailingName" : "CV ALKS",
      "description" : "",
      "firstName" : "",
      "middleName" : "",
      "lastName" : "",
      "nickname" : "",
      "salutation" : "",
      "gender" : "",
      "type" : "",
      "religion" : "",
      "dateOfBirth" : null,
      "placeOfBirth" : "",
      "socialSecurityNumber" : "",
      "socialSecurityDate" : null,
      "mediaObjectReference" : "",
      "lastUpdateDateTime" : "2018-03-08T10:04:54",
      "inputDateTime" : "2018-02-19T11:50:36",
      "_links" : {
        "self" : {
          "href" : "http://localhost/api/contacts/2995_0"
        },
        "contactPerson" : {
          "href" : "http://localhost/api/contacts/2995_0"
        },
        "master" : {
          "href" : "http://localhost/api/contacts/2995_0/master"
        }
      }
    }, {
      "inputUserId" : "ANTHONI",
      "lastUpdateUserId" : "ANTHONI",
      "computerId" : "",
      "lastSynchronizedDate" : null,
      "addressNumber" : "2996",
      "sequence" : 0,
      "name" : "Link Computer",
      "mailingName" : "Link Computer",
      "description" : "",
      "firstName" : "",
      "middleName" : "",
      "lastName" : "",
      "nickname" : "",
      "salutation" : "",
      "gender" : "",
      "type" : "",
      "religion" : "",
      "dateOfBirth" : null,
      "placeOfBirth" : "",
      "socialSecurityNumber" : "",
      "socialSecurityDate" : null,
      "mediaObjectReference" : "",
      "lastUpdateDateTime" : "2018-02-20T09:02:45",
      "inputDateTime" : "2018-02-20T09:02:45",
      "_links" : {
        "self" : {
          "href" : "http://localhost/api/contacts/2996_0"
        },
        "contactPerson" : {
          "href" : "http://localhost/api/contacts/2996_0"
        },
        "master" : {
          "href" : "http://localhost/api/contacts/2996_0/master"
        }
      }
    }, {
      "inputUserId" : "ANTHONI",
      "lastUpdateUserId" : "ANTHONI",
      "computerId" : "",
      "lastSynchronizedDate" : null,
      "addressNumber" : "2997",
      "sequence" : 0,
      "name" : "CV.Elang Indonesia",
      "mailingName" : "CV.Elang Indonesia",
      "description" : "",
      "firstName" : "",
      "middleName" : "",
      "lastName" : "",
      "nickname" : "",
      "salutation" : "",
      "gender" : "",
      "type" : "",
      "religion" : "",
      "dateOfBirth" : null,
      "placeOfBirth" : "",
      "socialSecurityNumber" : "",
      "socialSecurityDate" : null,
      "mediaObjectReference" : "",
      "lastUpdateDateTime" : "2018-02-20T09:04:58",
      "inputDateTime" : "2018-02-20T09:04:58",
      "_links" : {
        "self" : {
          "href" : "http://localhost/api/contacts/2997_0"
        },
        "contactPerson" : {
          "href" : "http://localhost/api/contacts/2997_0"
        },
        "master" : {
          "href" : "http://localhost/api/contacts/2997_0/master"
        }
      }
    }, {
      "inputUserId" : "ANTHONI",
      "lastUpdateUserId" : "ANTHONI",
      "computerId" : "",
      "lastSynchronizedDate" : null,
      "addressNumber" : "2998",
      "sequence" : 0,
      "name" : "PT Sumber Nusantara Aditya Pratama",
      "mailingName" : "PT Sumber Nusantara Aditya Pratama",
      "description" : "",
      "firstName" : "",
      "middleName" : "",
      "lastName" : "",
      "nickname" : "",
      "salutation" : "",
      "gender" : "",
      "type" : "",
      "religion" : "",
      "dateOfBirth" : null,
      "placeOfBirth" : "",
      "socialSecurityNumber" : "",
      "socialSecurityDate" : null,
      "mediaObjectReference" : "",
      "lastUpdateDateTime" : "2018-02-20T11:40:25",
      "inputDateTime" : "2018-02-20T11:40:25",
      "_links" : {
        "self" : {
          "href" : "http://localhost/api/contacts/2998_0"
        },
        "contactPerson" : {
          "href" : "http://localhost/api/contacts/2998_0"
        },
        "master" : {
          "href" : "http://localhost/api/contacts/2998_0/master"
        }
      }
    }, {
      "inputUserId" : "ANTHONI",
      "lastUpdateUserId" : "ANTHONI",
      "computerId" : "",
      "lastSynchronizedDate" : null,
      "addressNumber" : "2999",
      "sequence" : 0,
      "name" : "Mikrovision",
      "mailingName" : "Mikrovision",
      "description" : "",
      "firstName" : "",
      "middleName" : "",
      "lastName" : "",
      "nickname" : "",
      "salutation" : "",
      "gender" : "",
      "type" : "",
      "religion" : "",
      "dateOfBirth" : null,
      "placeOfBirth" : "",
      "socialSecurityNumber" : "",
      "socialSecurityDate" : null,
      "mediaObjectReference" : "",
      "lastUpdateDateTime" : "2018-02-20T11:41:17",
      "inputDateTime" : "2018-02-20T11:41:17",
      "_links" : {
        "self" : {
          "href" : "http://localhost/api/contacts/2999_0"
        },
        "contactPerson" : {
          "href" : "http://localhost/api/contacts/2999_0"
        },
        "master" : {
          "href" : "http://localhost/api/contacts/2999_0/master"
        }
      }
    }, {
      "inputUserId" : "ANTHONI",
      "lastUpdateUserId" : "ANTHONI",
      "computerId" : "",
      "lastSynchronizedDate" : null,
      "addressNumber" : "3000",
      "sequence" : 0,
      "name" : "UPS",
      "mailingName" : "UPS",
      "description" : "",
      "firstName" : "",
      "middleName" : "",
      "lastName" : "",
      "nickname" : "",
      "salutation" : "",
      "gender" : "",
      "type" : "",
      "religion" : "",
      "dateOfBirth" : null,
      "placeOfBirth" : "",
      "socialSecurityNumber" : "",
      "socialSecurityDate" : null,
      "mediaObjectReference" : "",
      "lastUpdateDateTime" : "2018-02-20T11:42:29",
      "inputDateTime" : "2018-02-20T11:42:29",
      "_links" : {
        "self" : {
          "href" : "http://localhost/api/contacts/3000_0"
        },
        "contactPerson" : {
          "href" : "http://localhost/api/contacts/3000_0"
        },
        "master" : {
          "href" : "http://localhost/api/contacts/3000_0/master"
        }
      }
    }, {
      "inputUserId" : "ANTHONI",
      "lastUpdateUserId" : "ANTHONI",
      "computerId" : "",
      "lastSynchronizedDate" : null,
      "addressNumber" : "3001",
      "sequence" : 0,
      "name" : "CV.Raharja Sejahtera",
      "mailingName" : "CV.Raharja Sejahtera",
      "description" : "",
      "firstName" : "",
      "middleName" : "",
      "lastName" : "",
      "nickname" : "",
      "salutation" : "",
      "gender" : "",
      "type" : "",
      "religion" : "",
      "dateOfBirth" : null,
      "placeOfBirth" : "",
      "socialSecurityNumber" : "",
      "socialSecurityDate" : null,
      "mediaObjectReference" : "",
      "lastUpdateDateTime" : "2018-02-19T11:07:57",
      "inputDateTime" : "2018-02-19T11:07:57",
      "_links" : {
        "self" : {
          "href" : "http://localhost/api/contacts/3001_0"
        },
        "contactPerson" : {
          "href" : "http://localhost/api/contacts/3001_0"
        },
        "master" : {
          "href" : "http://localhost/api/contacts/3001_0/master"
        }
      }
    }, {
      "inputUserId" : "DEBBY",
      "lastUpdateUserId" : "DEBBY",
      "computerId" : "",
      "lastSynchronizedDate" : null,
      "addressNumber" : "3002",
      "sequence" : 0,
      "name" : "CV Royal Jaya",
      "mailingName" : "CV Royal Jaya",
      "description" : "",
      "firstName" : "",
      "middleName" : "",
      "lastName" : "",
      "nickname" : "",
      "salutation" : "",
      "gender" : "",
      "type" : "",
      "religion" : "",
      "dateOfBirth" : null,
      "placeOfBirth" : "",
      "socialSecurityNumber" : "",
      "socialSecurityDate" : null,
      "mediaObjectReference" : "",
      "lastUpdateDateTime" : "2018-02-20T17:35:15",
      "inputDateTime" : "2018-02-20T17:35:15",
      "_links" : {
        "self" : {
          "href" : "http://localhost/api/contacts/3002_0"
        },
        "contactPerson" : {
          "href" : "http://localhost/api/contacts/3002_0"
        },
        "master" : {
          "href" : "http://localhost/api/contacts/3002_0/master"
        }
      }
    }, {
      "inputUserId" : "DEBBY",
      "lastUpdateUserId" : "DEBBY",
      "computerId" : "",
      "lastSynchronizedDate" : null,
      "addressNumber" : "3003",
      "sequence" : 0,
      "name" : "MA AL Mahrusiyah",
      "mailingName" : "MA AL Mahrusiyah",
      "description" : "",
      "firstName" : "",
      "middleName" : "",
      "lastName" : "",
      "nickname" : "",
      "salutation" : "",
      "gender" : "",
      "type" : "",
      "religion" : "",
      "dateOfBirth" : null,
      "placeOfBirth" : "",
      "socialSecurityNumber" : "",
      "socialSecurityDate" : null,
      "mediaObjectReference" : "",
      "lastUpdateDateTime" : "2018-03-02T13:38:37",
      "inputDateTime" : "2018-03-02T13:38:37",
      "_links" : {
        "self" : {
          "href" : "http://localhost/api/contacts/3003_0"
        },
        "contactPerson" : {
          "href" : "http://localhost/api/contacts/3003_0"
        },
        "master" : {
          "href" : "http://localhost/api/contacts/3003_0/master"
        }
      }
    }, {
      "inputUserId" : "DEBBY",
      "lastUpdateUserId" : "DEBBY",
      "computerId" : "",
      "lastSynchronizedDate" : null,
      "addressNumber" : "3004",
      "sequence" : 0,
      "name" : "CV All Solutions",
      "mailingName" : "CV All Solutions",
      "description" : "",
      "firstName" : "",
      "middleName" : "",
      "lastName" : "",
      "nickname" : "",
      "salutation" : "",
      "gender" : "",
      "type" : "",
      "religion" : "",
      "dateOfBirth" : null,
      "placeOfBirth" : "",
      "socialSecurityNumber" : "",
      "socialSecurityDate" : null,
      "mediaObjectReference" : "",
      "lastUpdateDateTime" : "2018-03-02T13:40:54",
      "inputDateTime" : "2018-03-02T13:40:54",
      "_links" : {
        "self" : {
          "href" : "http://localhost/api/contacts/3004_0"
        },
        "contactPerson" : {
          "href" : "http://localhost/api/contacts/3004_0"
        },
        "master" : {
          "href" : "http://localhost/api/contacts/3004_0/master"
        }
      }
    }, {
      "inputUserId" : "DEBBY",
      "lastUpdateUserId" : "DEBBY",
      "computerId" : "",
      "lastSynchronizedDate" : null,
      "addressNumber" : "3005",
      "sequence" : 0,
      "name" : "PT JASUINDO TIGA PERKASA Tbk.",
      "mailingName" : "PT JASUINDO TIGA PERKASA Tbk.",
      "description" : "",
      "firstName" : "",
      "middleName" : "",
      "lastName" : "",
      "nickname" : "",
      "salutation" : "",
      "gender" : "",
      "type" : "",
      "religion" : "",
      "dateOfBirth" : null,
      "placeOfBirth" : "",
      "socialSecurityNumber" : "",
      "socialSecurityDate" : null,
      "mediaObjectReference" : "",
      "lastUpdateDateTime" : "2018-03-02T13:42:22",
      "inputDateTime" : "2018-03-02T13:42:22",
      "_links" : {
        "self" : {
          "href" : "http://localhost/api/contacts/3005_0"
        },
        "contactPerson" : {
          "href" : "http://localhost/api/contacts/3005_0"
        },
        "master" : {
          "href" : "http://localhost/api/contacts/3005_0/master"
        }
      }
    }, {
      "inputUserId" : "DEBBY",
      "lastUpdateUserId" : "DEBBY",
      "computerId" : "",
      "lastSynchronizedDate" : null,
      "addressNumber" : "3006",
      "sequence" : 0,
      "name" : "PT Astrindo Senayasa",
      "mailingName" : "PT Astrindo Senayasa",
      "description" : "",
      "firstName" : "",
      "middleName" : "",
      "lastName" : "",
      "nickname" : "",
      "salutation" : "",
      "gender" : "",
      "type" : "",
      "religion" : "",
      "dateOfBirth" : null,
      "placeOfBirth" : "",
      "socialSecurityNumber" : "",
      "socialSecurityDate" : null,
      "mediaObjectReference" : "",
      "lastUpdateDateTime" : "2018-03-01T10:41:36",
      "inputDateTime" : "2018-03-01T10:41:36",
      "_links" : {
        "self" : {
          "href" : "http://localhost/api/contacts/3006_0"
        },
        "contactPerson" : {
          "href" : "http://localhost/api/contacts/3006_0"
        },
        "master" : {
          "href" : "http://localhost/api/contacts/3006_0/master"
        }
      }
    }, {
      "inputUserId" : "DEBBY",
      "lastUpdateUserId" : "DEBBY",
      "computerId" : "",
      "lastSynchronizedDate" : null,
      "addressNumber" : "3007",
      "sequence" : 0,
      "name" : "Citra Abadi Computama",
      "mailingName" : "Citra Abadi Computama",
      "description" : "",
      "firstName" : "",
      "middleName" : "",
      "lastName" : "",
      "nickname" : "",
      "salutation" : "",
      "gender" : "",
      "type" : "",
      "religion" : "",
      "dateOfBirth" : null,
      "placeOfBirth" : "",
      "socialSecurityNumber" : "",
      "socialSecurityDate" : null,
      "mediaObjectReference" : "",
      "lastUpdateDateTime" : "2018-03-02T13:47:12",
      "inputDateTime" : "2018-03-02T13:47:12",
      "_links" : {
        "self" : {
          "href" : "http://localhost/api/contacts/3007_0"
        },
        "contactPerson" : {
          "href" : "http://localhost/api/contacts/3007_0"
        },
        "master" : {
          "href" : "http://localhost/api/contacts/3007_0/master"
        }
      }
    }, {
      "inputUserId" : "DEBBY",
      "lastUpdateUserId" : "DEBBY",
      "computerId" : "",
      "lastSynchronizedDate" : null,
      "addressNumber" : "3008",
      "sequence" : 0,
      "name" : "Lailatul Fitria",
      "mailingName" : "Lailatul Fitria",
      "description" : "",
      "firstName" : "",
      "middleName" : "",
      "lastName" : "",
      "nickname" : "",
      "salutation" : "",
      "gender" : "",
      "type" : "",
      "religion" : "",
      "dateOfBirth" : null,
      "placeOfBirth" : "",
      "socialSecurityNumber" : "",
      "socialSecurityDate" : null,
      "mediaObjectReference" : "",
      "lastUpdateDateTime" : "2018-03-02T13:49:23",
      "inputDateTime" : "2018-03-02T13:49:23",
      "_links" : {
        "self" : {
          "href" : "http://localhost/api/contacts/3008_0"
        },
        "contactPerson" : {
          "href" : "http://localhost/api/contacts/3008_0"
        },
        "master" : {
          "href" : "http://localhost/api/contacts/3008_0/master"
        }
      }
    }, {
      "inputUserId" : "DEBBY",
      "lastUpdateUserId" : "DEBBY",
      "computerId" : "",
      "lastSynchronizedDate" : null,
      "addressNumber" : "3009",
      "sequence" : 0,
      "name" : "Surya Inti Arta",
      "mailingName" : "Surya Inti Arta",
      "description" : "",
      "firstName" : "",
      "middleName" : "",
      "lastName" : "",
      "nickname" : "",
      "salutation" : "",
      "gender" : "",
      "type" : "",
      "religion" : "",
      "dateOfBirth" : null,
      "placeOfBirth" : "",
      "socialSecurityNumber" : "",
      "socialSecurityDate" : null,
      "mediaObjectReference" : "",
      "lastUpdateDateTime" : "2018-03-02T14:01:10",
      "inputDateTime" : "2018-03-02T14:01:10",
      "_links" : {
        "self" : {
          "href" : "http://localhost/api/contacts/3009_0"
        },
        "contactPerson" : {
          "href" : "http://localhost/api/contacts/3009_0"
        },
        "master" : {
          "href" : "http://localhost/api/contacts/3009_0/master"
        }
      }
    }, {
      "inputUserId" : "DEBBY",
      "lastUpdateUserId" : "DEBBY",
      "computerId" : "",
      "lastSynchronizedDate" : null,
      "addressNumber" : "3010",
      "sequence" : 0,
      "name" : "Bluediamond",
      "mailingName" : "Bluediamond",
      "description" : "",
      "firstName" : "",
      "middleName" : "",
      "lastName" : "",
      "nickname" : "",
      "salutation" : "",
      "gender" : "",
      "type" : "",
      "religion" : "",
      "dateOfBirth" : null,
      "placeOfBirth" : "",
      "socialSecurityNumber" : "",
      "socialSecurityDate" : null,
      "mediaObjectReference" : "",
      "lastUpdateDateTime" : "2018-03-06T13:43:38",
      "inputDateTime" : "2018-03-06T13:43:38",
      "_links" : {
        "self" : {
          "href" : "http://localhost/api/contacts/3010_0"
        },
        "contactPerson" : {
          "href" : "http://localhost/api/contacts/3010_0"
        },
        "master" : {
          "href" : "http://localhost/api/contacts/3010_0/master"
        }
      }
    }, {
      "inputUserId" : "DEBBY",
      "lastUpdateUserId" : "DEBBY",
      "computerId" : "",
      "lastSynchronizedDate" : null,
      "addressNumber" : "3011",
      "sequence" : 0,
      "name" : "CV Terabita Internusa",
      "mailingName" : "CV Terabita Internusa",
      "description" : "",
      "firstName" : "",
      "middleName" : "",
      "lastName" : "",
      "nickname" : "",
      "salutation" : "",
      "gender" : "",
      "type" : "",
      "religion" : "",
      "dateOfBirth" : null,
      "placeOfBirth" : "",
      "socialSecurityNumber" : "",
      "socialSecurityDate" : null,
      "mediaObjectReference" : "",
      "lastUpdateDateTime" : "2018-03-05T16:15:11",
      "inputDateTime" : "2018-03-05T16:15:11",
      "_links" : {
        "self" : {
          "href" : "http://localhost/api/contacts/3011_0"
        },
        "contactPerson" : {
          "href" : "http://localhost/api/contacts/3011_0"
        },
        "master" : {
          "href" : "http://localhost/api/contacts/3011_0/master"
        }
      }
    }, {
      "inputUserId" : "DEBBY",
      "lastUpdateUserId" : "DEBBY",
      "computerId" : "",
      "lastSynchronizedDate" : null,
      "addressNumber" : "3013",
      "sequence" : 0,
      "name" : "PT Mega Marine Pride",
      "mailingName" : "PT Mega Marine Pride",
      "description" : "",
      "firstName" : "",
      "middleName" : "",
      "lastName" : "",
      "nickname" : "",
      "salutation" : "",
      "gender" : "",
      "type" : "",
      "religion" : "",
      "dateOfBirth" : null,
      "placeOfBirth" : "",
      "socialSecurityNumber" : "",
      "socialSecurityDate" : null,
      "mediaObjectReference" : "",
      "lastUpdateDateTime" : "2018-03-06T11:42:05",
      "inputDateTime" : "2018-03-05T16:12:18",
      "_links" : {
        "self" : {
          "href" : "http://localhost/api/contacts/3013_0"
        },
        "contactPerson" : {
          "href" : "http://localhost/api/contacts/3013_0"
        },
        "master" : {
          "href" : "http://localhost/api/contacts/3013_0/master"
        }
      }
    }, {
      "inputUserId" : "DEBBY",
      "lastUpdateUserId" : "DEBBY",
      "computerId" : "",
      "lastSynchronizedDate" : null,
      "addressNumber" : "3015",
      "sequence" : 0,
      "name" : "LCC",
      "mailingName" : "LCC",
      "description" : "",
      "firstName" : "",
      "middleName" : "",
      "lastName" : "",
      "nickname" : "",
      "salutation" : "",
      "gender" : "",
      "type" : "",
      "religion" : "",
      "dateOfBirth" : null,
      "placeOfBirth" : "",
      "socialSecurityNumber" : "",
      "socialSecurityDate" : null,
      "mediaObjectReference" : "",
      "lastUpdateDateTime" : "2018-03-05T16:28:03",
      "inputDateTime" : "2018-03-05T16:28:03",
      "_links" : {
        "self" : {
          "href" : "http://localhost/api/contacts/3015_0"
        },
        "contactPerson" : {
          "href" : "http://localhost/api/contacts/3015_0"
        },
        "master" : {
          "href" : "http://localhost/api/contacts/3015_0/master"
        }
      }
    }, {
      "inputUserId" : "DEBBY",
      "lastUpdateUserId" : "DEBBY",
      "computerId" : "",
      "lastSynchronizedDate" : null,
      "addressNumber" : "3016",
      "sequence" : 0,
      "name" : "RC Comp",
      "mailingName" : "RC Comp",
      "description" : "",
      "firstName" : "",
      "middleName" : "",
      "lastName" : "",
      "nickname" : "",
      "salutation" : "",
      "gender" : "",
      "type" : "",
      "religion" : "",
      "dateOfBirth" : null,
      "placeOfBirth" : "",
      "socialSecurityNumber" : "",
      "socialSecurityDate" : null,
      "mediaObjectReference" : "",
      "lastUpdateDateTime" : "2018-03-06T11:32:20",
      "inputDateTime" : "2018-03-06T11:31:53",
      "_links" : {
        "self" : {
          "href" : "http://localhost/api/contacts/3016_0"
        },
        "contactPerson" : {
          "href" : "http://localhost/api/contacts/3016_0"
        },
        "master" : {
          "href" : "http://localhost/api/contacts/3016_0/master"
        }
      }
    }, {
      "inputUserId" : "DEBBY",
      "lastUpdateUserId" : "DEBBY",
      "computerId" : "",
      "lastSynchronizedDate" : null,
      "addressNumber" : "3017",
      "sequence" : 0,
      "name" : "PT Baramuda Bahari",
      "mailingName" : "PT Baramuda Bahari",
      "description" : "",
      "firstName" : "",
      "middleName" : "",
      "lastName" : "",
      "nickname" : "",
      "salutation" : "",
      "gender" : "",
      "type" : "",
      "religion" : "",
      "dateOfBirth" : null,
      "placeOfBirth" : "",
      "socialSecurityNumber" : "",
      "socialSecurityDate" : null,
      "mediaObjectReference" : "",
      "lastUpdateDateTime" : "2018-03-06T11:39:26",
      "inputDateTime" : "2018-03-06T11:38:43",
      "_links" : {
        "self" : {
          "href" : "http://localhost/api/contacts/3017_0"
        },
        "contactPerson" : {
          "href" : "http://localhost/api/contacts/3017_0"
        },
        "master" : {
          "href" : "http://localhost/api/contacts/3017_0/master"
        }
      }
    }, {
      "inputUserId" : "DEBBY",
      "lastUpdateUserId" : "DEBBY",
      "computerId" : "",
      "lastSynchronizedDate" : null,
      "addressNumber" : "3018",
      "sequence" : 0,
      "name" : "PT Berca Hardayaperkasa",
      "mailingName" : "PT Berca Hardayaperkasa",
      "description" : "",
      "firstName" : "",
      "middleName" : "",
      "lastName" : "",
      "nickname" : "",
      "salutation" : "",
      "gender" : "",
      "type" : "",
      "religion" : "",
      "dateOfBirth" : null,
      "placeOfBirth" : "",
      "socialSecurityNumber" : "",
      "socialSecurityDate" : null,
      "mediaObjectReference" : "",
      "lastUpdateDateTime" : "2018-03-06T13:17:37",
      "inputDateTime" : "2018-03-06T13:16:20",
      "_links" : {
        "self" : {
          "href" : "http://localhost/api/contacts/3018_0"
        },
        "contactPerson" : {
          "href" : "http://localhost/api/contacts/3018_0"
        },
        "master" : {
          "href" : "http://localhost/api/contacts/3018_0/master"
        }
      }
    }, {
      "inputUserId" : "DEBBY",
      "lastUpdateUserId" : "DEBBY",
      "computerId" : "",
      "lastSynchronizedDate" : null,
      "addressNumber" : "3019",
      "sequence" : 0,
      "name" : "Arief Hermawan",
      "mailingName" : "Arief Hermawan",
      "description" : "",
      "firstName" : "",
      "middleName" : "",
      "lastName" : "",
      "nickname" : "",
      "salutation" : "",
      "gender" : "",
      "type" : "",
      "religion" : "",
      "dateOfBirth" : null,
      "placeOfBirth" : "",
      "socialSecurityNumber" : "",
      "socialSecurityDate" : null,
      "mediaObjectReference" : "",
      "lastUpdateDateTime" : "2018-03-06T13:44:06",
      "inputDateTime" : "2018-03-06T13:42:11",
      "_links" : {
        "self" : {
          "href" : "http://localhost/api/contacts/3019_0"
        },
        "contactPerson" : {
          "href" : "http://localhost/api/contacts/3019_0"
        },
        "master" : {
          "href" : "http://localhost/api/contacts/3019_0/master"
        }
      }
    }, {
      "inputUserId" : "DEBBY",
      "lastUpdateUserId" : "DEBBY",
      "computerId" : "",
      "lastSynchronizedDate" : null,
      "addressNumber" : "3020",
      "sequence" : 0,
      "name" : "Chinta Comp",
      "mailingName" : "Chinta Comp",
      "description" : "",
      "firstName" : "",
      "middleName" : "",
      "lastName" : "",
      "nickname" : "",
      "salutation" : "",
      "gender" : "",
      "type" : "",
      "religion" : "",
      "dateOfBirth" : null,
      "placeOfBirth" : "",
      "socialSecurityNumber" : "",
      "socialSecurityDate" : null,
      "mediaObjectReference" : "",
      "lastUpdateDateTime" : "2018-03-06T13:51:40",
      "inputDateTime" : "2018-03-06T13:51:40",
      "_links" : {
        "self" : {
          "href" : "http://localhost/api/contacts/3020_0"
        },
        "contactPerson" : {
          "href" : "http://localhost/api/contacts/3020_0"
        },
        "master" : {
          "href" : "http://localhost/api/contacts/3020_0/master"
        }
      }
    }, {
      "inputUserId" : "DEBBY",
      "lastUpdateUserId" : "DEBBY",
      "computerId" : "",
      "lastSynchronizedDate" : null,
      "addressNumber" : "3021",
      "sequence" : 0,
      "name" : "Anugerah Computer",
      "mailingName" : "Anugerah Computer",
      "description" : "",
      "firstName" : "",
      "middleName" : "",
      "lastName" : "",
      "nickname" : "",
      "salutation" : "",
      "gender" : "",
      "type" : "",
      "religion" : "",
      "dateOfBirth" : null,
      "placeOfBirth" : "",
      "socialSecurityNumber" : "",
      "socialSecurityDate" : null,
      "mediaObjectReference" : "",
      "lastUpdateDateTime" : "2018-03-07T09:16:31",
      "inputDateTime" : "2018-03-07T09:15:54",
      "_links" : {
        "self" : {
          "href" : "http://localhost/api/contacts/3021_0"
        },
        "contactPerson" : {
          "href" : "http://localhost/api/contacts/3021_0"
        },
        "master" : {
          "href" : "http://localhost/api/contacts/3021_0/master"
        }
      }
    }, {
      "inputUserId" : "DEBBY",
      "lastUpdateUserId" : "DEBBY",
      "computerId" : "",
      "lastSynchronizedDate" : null,
      "addressNumber" : "3022",
      "sequence" : 0,
      "name" : "Thelapak.com",
      "mailingName" : "Thelapak.com",
      "description" : "",
      "firstName" : "",
      "middleName" : "",
      "lastName" : "",
      "nickname" : "",
      "salutation" : "",
      "gender" : "",
      "type" : "",
      "religion" : "",
      "dateOfBirth" : null,
      "placeOfBirth" : "",
      "socialSecurityNumber" : "",
      "socialSecurityDate" : null,
      "mediaObjectReference" : "",
      "lastUpdateDateTime" : "2018-03-07T10:02:38",
      "inputDateTime" : "2018-03-07T10:02:13",
      "_links" : {
        "self" : {
          "href" : "http://localhost/api/contacts/3022_0"
        },
        "contactPerson" : {
          "href" : "http://localhost/api/contacts/3022_0"
        },
        "master" : {
          "href" : "http://localhost/api/contacts/3022_0/master"
        }
      }
    }, {
      "inputUserId" : "DEBBY",
      "lastUpdateUserId" : "DEBBY",
      "computerId" : "",
      "lastSynchronizedDate" : null,
      "addressNumber" : "3023",
      "sequence" : 0,
      "name" : "PT Sadhana Arifnusa",
      "mailingName" : "PT Sadhana Arifnusa",
      "description" : "",
      "firstName" : "",
      "middleName" : "",
      "lastName" : "",
      "nickname" : "",
      "salutation" : "",
      "gender" : "",
      "type" : "",
      "religion" : "",
      "dateOfBirth" : null,
      "placeOfBirth" : "",
      "socialSecurityNumber" : "",
      "socialSecurityDate" : null,
      "mediaObjectReference" : "",
      "lastUpdateDateTime" : "2018-03-07T10:30:31",
      "inputDateTime" : "2018-03-07T10:30:31",
      "_links" : {
        "self" : {
          "href" : "http://localhost/api/contacts/3023_0"
        },
        "contactPerson" : {
          "href" : "http://localhost/api/contacts/3023_0"
        },
        "master" : {
          "href" : "http://localhost/api/contacts/3023_0/master"
        }
      }
    }, {
      "inputUserId" : "DEBBY",
      "lastUpdateUserId" : "DEBBY",
      "computerId" : "",
      "lastSynchronizedDate" : null,
      "addressNumber" : "3024",
      "sequence" : 0,
      "name" : "PT Tirtakencana Tatawarna",
      "mailingName" : "PT Tirtakencana Tatawarna",
      "description" : "",
      "firstName" : "",
      "middleName" : "",
      "lastName" : "",
      "nickname" : "",
      "salutation" : "",
      "gender" : "",
      "type" : "",
      "religion" : "",
      "dateOfBirth" : null,
      "placeOfBirth" : "",
      "socialSecurityNumber" : "",
      "socialSecurityDate" : null,
      "mediaObjectReference" : "",
      "lastUpdateDateTime" : "2018-03-07T10:36:17",
      "inputDateTime" : "2018-03-07T10:36:17",
      "_links" : {
        "self" : {
          "href" : "http://localhost/api/contacts/3024_0"
        },
        "contactPerson" : {
          "href" : "http://localhost/api/contacts/3024_0"
        },
        "master" : {
          "href" : "http://localhost/api/contacts/3024_0/master"
        }
      }
    }, {
      "inputUserId" : "DEBBY",
      "lastUpdateUserId" : "DEBBY",
      "computerId" : "",
      "lastSynchronizedDate" : null,
      "addressNumber" : "3025",
      "sequence" : 0,
      "name" : "Ahmad Riza Fauzi",
      "mailingName" : "Ahmad Riza Fauzi",
      "description" : "",
      "firstName" : "",
      "middleName" : "",
      "lastName" : "",
      "nickname" : "",
      "salutation" : "",
      "gender" : "",
      "type" : "",
      "religion" : "",
      "dateOfBirth" : null,
      "placeOfBirth" : "",
      "socialSecurityNumber" : "",
      "socialSecurityDate" : null,
      "mediaObjectReference" : "",
      "lastUpdateDateTime" : "2018-03-07T10:46:19",
      "inputDateTime" : "2018-03-07T10:46:19",
      "_links" : {
        "self" : {
          "href" : "http://localhost/api/contacts/3025_0"
        },
        "contactPerson" : {
          "href" : "http://localhost/api/contacts/3025_0"
        },
        "master" : {
          "href" : "http://localhost/api/contacts/3025_0/master"
        }
      }
    }, {
      "inputUserId" : "DEBBY",
      "lastUpdateUserId" : "DEBBY",
      "computerId" : "",
      "lastSynchronizedDate" : null,
      "addressNumber" : "3026",
      "sequence" : 0,
      "name" : "PT Bank Negara Indonesia (Persero)",
      "mailingName" : "PT Bank Negara Indonesia (Persero)",
      "description" : "",
      "firstName" : "",
      "middleName" : "",
      "lastName" : "",
      "nickname" : "",
      "salutation" : "",
      "gender" : "",
      "type" : "",
      "religion" : "",
      "dateOfBirth" : null,
      "placeOfBirth" : "",
      "socialSecurityNumber" : "",
      "socialSecurityDate" : null,
      "mediaObjectReference" : "",
      "lastUpdateDateTime" : "2018-03-08T15:24:51",
      "inputDateTime" : "2018-03-08T15:24:51",
      "_links" : {
        "self" : {
          "href" : "http://localhost/api/contacts/3026_0"
        },
        "contactPerson" : {
          "href" : "http://localhost/api/contacts/3026_0"
        },
        "master" : {
          "href" : "http://localhost/api/contacts/3026_0/master"
        }
      }
    }, {
      "inputUserId" : "DEBBY",
      "lastUpdateUserId" : "DEBBY",
      "computerId" : "",
      "lastSynchronizedDate" : null,
      "addressNumber" : "3027",
      "sequence" : 0,
      "name" : "PT Prestasi Ide Jaya ",
      "mailingName" : "PT Prestasi Ide Jaya ",
      "description" : "",
      "firstName" : "",
      "middleName" : "",
      "lastName" : "",
      "nickname" : "",
      "salutation" : "",
      "gender" : "",
      "type" : "",
      "religion" : "",
      "dateOfBirth" : null,
      "placeOfBirth" : "",
      "socialSecurityNumber" : "",
      "socialSecurityDate" : null,
      "mediaObjectReference" : "",
      "lastUpdateDateTime" : "2018-03-07T17:15:01",
      "inputDateTime" : "2018-03-07T17:15:01",
      "_links" : {
        "self" : {
          "href" : "http://localhost/api/contacts/3027_0"
        },
        "contactPerson" : {
          "href" : "http://localhost/api/contacts/3027_0"
        },
        "master" : {
          "href" : "http://localhost/api/contacts/3027_0/master"
        }
      }
    }, {
      "inputUserId" : "DEBBY",
      "lastUpdateUserId" : "DEBBY",
      "computerId" : "",
      "lastSynchronizedDate" : null,
      "addressNumber" : "3028",
      "sequence" : 0,
      "name" : "Pangestu Hadi",
      "mailingName" : "Pangestu Hadi",
      "description" : "",
      "firstName" : "",
      "middleName" : "",
      "lastName" : "",
      "nickname" : "",
      "salutation" : "",
      "gender" : "",
      "type" : "",
      "religion" : "",
      "dateOfBirth" : null,
      "placeOfBirth" : "",
      "socialSecurityNumber" : "",
      "socialSecurityDate" : null,
      "mediaObjectReference" : "",
      "lastUpdateDateTime" : "2018-03-07T17:15:49",
      "inputDateTime" : "2018-03-07T17:15:49",
      "_links" : {
        "self" : {
          "href" : "http://localhost/api/contacts/3028_0"
        },
        "contactPerson" : {
          "href" : "http://localhost/api/contacts/3028_0"
        },
        "master" : {
          "href" : "http://localhost/api/contacts/3028_0/master"
        }
      }
    }, {
      "inputUserId" : "DEBBY",
      "lastUpdateUserId" : "DEBBY",
      "computerId" : "",
      "lastSynchronizedDate" : null,
      "addressNumber" : "3029",
      "sequence" : 0,
      "name" : "Sih Rahayu",
      "mailingName" : "Sih Rahayu",
      "description" : "",
      "firstName" : "",
      "middleName" : "",
      "lastName" : "",
      "nickname" : "",
      "salutation" : "",
      "gender" : "",
      "type" : "",
      "religion" : "",
      "dateOfBirth" : null,
      "placeOfBirth" : "",
      "socialSecurityNumber" : "",
      "socialSecurityDate" : null,
      "mediaObjectReference" : "",
      "lastUpdateDateTime" : "2018-03-07T17:16:51",
      "inputDateTime" : "2018-03-07T17:16:31",
      "_links" : {
        "self" : {
          "href" : "http://localhost/api/contacts/3029_0"
        },
        "contactPerson" : {
          "href" : "http://localhost/api/contacts/3029_0"
        },
        "master" : {
          "href" : "http://localhost/api/contacts/3029_0/master"
        }
      }
    }, {
      "inputUserId" : "DEBBY",
      "lastUpdateUserId" : "DEBBY",
      "computerId" : "",
      "lastSynchronizedDate" : null,
      "addressNumber" : "3030",
      "sequence" : 0,
      "name" : "Dewani IT shop",
      "mailingName" : "Dewani IT shop",
      "description" : "",
      "firstName" : "",
      "middleName" : "",
      "lastName" : "",
      "nickname" : "",
      "salutation" : "",
      "gender" : "",
      "type" : "",
      "religion" : "",
      "dateOfBirth" : null,
      "placeOfBirth" : "",
      "socialSecurityNumber" : "",
      "socialSecurityDate" : null,
      "mediaObjectReference" : "",
      "lastUpdateDateTime" : "2018-03-08T09:23:45",
      "inputDateTime" : "2018-03-08T09:23:45",
      "_links" : {
        "self" : {
          "href" : "http://localhost/api/contacts/3030_0"
        },
        "contactPerson" : {
          "href" : "http://localhost/api/contacts/3030_0"
        },
        "master" : {
          "href" : "http://localhost/api/contacts/3030_0/master"
        }
      }
    }, {
      "inputUserId" : "DEBBY",
      "lastUpdateUserId" : "DEBBY",
      "computerId" : "",
      "lastSynchronizedDate" : null,
      "addressNumber" : "3031",
      "sequence" : 0,
      "name" : "JB Barcode",
      "mailingName" : "JB Barcode",
      "description" : "",
      "firstName" : "",
      "middleName" : "",
      "lastName" : "",
      "nickname" : "",
      "salutation" : "",
      "gender" : "",
      "type" : "",
      "religion" : "",
      "dateOfBirth" : null,
      "placeOfBirth" : "",
      "socialSecurityNumber" : "",
      "socialSecurityDate" : null,
      "mediaObjectReference" : "",
      "lastUpdateDateTime" : "2018-03-08T10:33:27",
      "inputDateTime" : "2018-03-08T10:33:10",
      "_links" : {
        "self" : {
          "href" : "http://localhost/api/contacts/3031_0"
        },
        "contactPerson" : {
          "href" : "http://localhost/api/contacts/3031_0"
        },
        "master" : {
          "href" : "http://localhost/api/contacts/3031_0/master"
        }
      }
    }, {
      "inputUserId" : "DEBBY",
      "lastUpdateUserId" : "DEBBY",
      "computerId" : "",
      "lastSynchronizedDate" : null,
      "addressNumber" : "3032",
      "sequence" : 0,
      "name" : "Bapak Andik",
      "mailingName" : "Bapak Andik",
      "description" : "",
      "firstName" : "",
      "middleName" : "",
      "lastName" : "",
      "nickname" : "",
      "salutation" : "",
      "gender" : "",
      "type" : "",
      "religion" : "",
      "dateOfBirth" : null,
      "placeOfBirth" : "",
      "socialSecurityNumber" : "",
      "socialSecurityDate" : null,
      "mediaObjectReference" : "",
      "lastUpdateDateTime" : "2018-03-08T11:14:44",
      "inputDateTime" : "2018-03-08T11:14:44",
      "_links" : {
        "self" : {
          "href" : "http://localhost/api/contacts/3032_0"
        },
        "contactPerson" : {
          "href" : "http://localhost/api/contacts/3032_0"
        },
        "master" : {
          "href" : "http://localhost/api/contacts/3032_0/master"
        }
      }
    }, {
      "inputUserId" : "DEBBY",
      "lastUpdateUserId" : "DEBBY",
      "computerId" : "",
      "lastSynchronizedDate" : null,
      "addressNumber" : "3033",
      "sequence" : 0,
      "name" : "CV Tanjung Harapan Pratama",
      "mailingName" : "CV Tanjung Harapan Pratama",
      "description" : "",
      "firstName" : "",
      "middleName" : "",
      "lastName" : "",
      "nickname" : "",
      "salutation" : "",
      "gender" : "",
      "type" : "",
      "religion" : "",
      "dateOfBirth" : null,
      "placeOfBirth" : "",
      "socialSecurityNumber" : "",
      "socialSecurityDate" : null,
      "mediaObjectReference" : "",
      "lastUpdateDateTime" : "2018-03-08T13:22:23",
      "inputDateTime" : "2018-03-08T13:22:23",
      "_links" : {
        "self" : {
          "href" : "http://localhost/api/contacts/3033_0"
        },
        "contactPerson" : {
          "href" : "http://localhost/api/contacts/3033_0"
        },
        "master" : {
          "href" : "http://localhost/api/contacts/3033_0/master"
        }
      }
    }, {
      "inputUserId" : "DEBBY",
      "lastUpdateUserId" : "DEBBY",
      "computerId" : "",
      "lastSynchronizedDate" : null,
      "addressNumber" : "3034",
      "sequence" : 0,
      "name" : "CV Wincom Jaya Sentosa",
      "mailingName" : "CV Wincom Jaya Sentosa",
      "description" : "",
      "firstName" : "",
      "middleName" : "",
      "lastName" : "",
      "nickname" : "",
      "salutation" : "",
      "gender" : "",
      "type" : "",
      "religion" : "",
      "dateOfBirth" : null,
      "placeOfBirth" : "",
      "socialSecurityNumber" : "",
      "socialSecurityDate" : null,
      "mediaObjectReference" : "",
      "lastUpdateDateTime" : "2018-03-08T13:23:41",
      "inputDateTime" : "2018-03-08T13:23:41",
      "_links" : {
        "self" : {
          "href" : "http://localhost/api/contacts/3034_0"
        },
        "contactPerson" : {
          "href" : "http://localhost/api/contacts/3034_0"
        },
        "master" : {
          "href" : "http://localhost/api/contacts/3034_0/master"
        }
      }
    }, {
      "inputUserId" : "DEBBY",
      "lastUpdateUserId" : "DEBBY",
      "computerId" : "",
      "lastSynchronizedDate" : null,
      "addressNumber" : "3035",
      "sequence" : 0,
      "name" : "CV Sentra Dinamika ",
      "mailingName" : "CV Sentra Dinamika ",
      "description" : "",
      "firstName" : "",
      "middleName" : "",
      "lastName" : "",
      "nickname" : "",
      "salutation" : "",
      "gender" : "",
      "type" : "",
      "religion" : "",
      "dateOfBirth" : null,
      "placeOfBirth" : "",
      "socialSecurityNumber" : "",
      "socialSecurityDate" : null,
      "mediaObjectReference" : "",
      "lastUpdateDateTime" : "2018-03-08T09:37:26",
      "inputDateTime" : "2018-03-08T09:37:26",
      "_links" : {
        "self" : {
          "href" : "http://localhost/api/contacts/3035_0"
        },
        "contactPerson" : {
          "href" : "http://localhost/api/contacts/3035_0"
        },
        "master" : {
          "href" : "http://localhost/api/contacts/3035_0/master"
        }
      }
    }, {
      "inputUserId" : "DEBBY",
      "lastUpdateUserId" : "DEBBY",
      "computerId" : "",
      "lastSynchronizedDate" : null,
      "addressNumber" : "3036",
      "sequence" : 0,
      "name" : "CV Agee Fitama",
      "mailingName" : "CV Agee Fitama",
      "description" : "",
      "firstName" : "",
      "middleName" : "",
      "lastName" : "",
      "nickname" : "",
      "salutation" : "",
      "gender" : "",
      "type" : "",
      "religion" : "",
      "dateOfBirth" : null,
      "placeOfBirth" : "",
      "socialSecurityNumber" : "",
      "socialSecurityDate" : null,
      "mediaObjectReference" : "",
      "lastUpdateDateTime" : "2018-03-08T17:14:05",
      "inputDateTime" : "2018-03-08T17:14:05",
      "_links" : {
        "self" : {
          "href" : "http://localhost/api/contacts/3036_0"
        },
        "contactPerson" : {
          "href" : "http://localhost/api/contacts/3036_0"
        },
        "master" : {
          "href" : "http://localhost/api/contacts/3036_0/master"
        }
      }
    }, {
      "inputUserId" : "DEBBY",
      "lastUpdateUserId" : "DEBBY",
      "computerId" : "",
      "lastSynchronizedDate" : null,
      "addressNumber" : "3037",
      "sequence" : 0,
      "name" : "CIC",
      "mailingName" : "CIC",
      "description" : "",
      "firstName" : "",
      "middleName" : "",
      "lastName" : "",
      "nickname" : "",
      "salutation" : "",
      "gender" : "",
      "type" : "",
      "religion" : "",
      "dateOfBirth" : null,
      "placeOfBirth" : "",
      "socialSecurityNumber" : "",
      "socialSecurityDate" : null,
      "mediaObjectReference" : "",
      "lastUpdateDateTime" : "2018-03-09T09:48:33",
      "inputDateTime" : "2018-03-09T09:48:33",
      "_links" : {
        "self" : {
          "href" : "http://localhost/api/contacts/3037_0"
        },
        "contactPerson" : {
          "href" : "http://localhost/api/contacts/3037_0"
        },
        "master" : {
          "href" : "http://localhost/api/contacts/3037_0/master"
        }
      }
    }, {
      "inputUserId" : "DEBBY",
      "lastUpdateUserId" : "DEBBY",
      "computerId" : "",
      "lastSynchronizedDate" : null,
      "addressNumber" : "3038",
      "sequence" : 0,
      "name" : "CV Hamba Putra ",
      "mailingName" : "CV Hamba Putra ",
      "description" : "",
      "firstName" : "",
      "middleName" : "",
      "lastName" : "",
      "nickname" : "",
      "salutation" : "",
      "gender" : "",
      "type" : "",
      "religion" : "",
      "dateOfBirth" : null,
      "placeOfBirth" : "",
      "socialSecurityNumber" : "",
      "socialSecurityDate" : null,
      "mediaObjectReference" : "",
      "lastUpdateDateTime" : "2018-03-09T09:55:56",
      "inputDateTime" : "2018-03-09T09:55:56",
      "_links" : {
        "self" : {
          "href" : "http://localhost/api/contacts/3038_0"
        },
        "contactPerson" : {
          "href" : "http://localhost/api/contacts/3038_0"
        },
        "master" : {
          "href" : "http://localhost/api/contacts/3038_0/master"
        }
      }
    }, {
      "inputUserId" : "DEBBY",
      "lastUpdateUserId" : "DEBBY",
      "computerId" : "",
      "lastSynchronizedDate" : null,
      "addressNumber" : "3039",
      "sequence" : 0,
      "name" : "Jaya Baru Comp",
      "mailingName" : "Jaya Baru Comp",
      "description" : "",
      "firstName" : "",
      "middleName" : "",
      "lastName" : "",
      "nickname" : "",
      "salutation" : "",
      "gender" : "",
      "type" : "",
      "religion" : "",
      "dateOfBirth" : null,
      "placeOfBirth" : "",
      "socialSecurityNumber" : "",
      "socialSecurityDate" : null,
      "mediaObjectReference" : "",
      "lastUpdateDateTime" : "2018-03-09T10:17:12",
      "inputDateTime" : "2018-03-09T10:17:12",
      "_links" : {
        "self" : {
          "href" : "http://localhost/api/contacts/3039_0"
        },
        "contactPerson" : {
          "href" : "http://localhost/api/contacts/3039_0"
        },
        "master" : {
          "href" : "http://localhost/api/contacts/3039_0/master"
        }
      }
    }, {
      "inputUserId" : "DEBBY",
      "lastUpdateUserId" : "DEBBY",
      "computerId" : "",
      "lastSynchronizedDate" : null,
      "addressNumber" : "3040",
      "sequence" : 0,
      "name" : "Kelurahan Bongkaran",
      "mailingName" : "Kelurahan Bongkaran",
      "description" : "",
      "firstName" : "",
      "middleName" : "",
      "lastName" : "",
      "nickname" : "",
      "salutation" : "",
      "gender" : "",
      "type" : "",
      "religion" : "",
      "dateOfBirth" : null,
      "placeOfBirth" : "",
      "socialSecurityNumber" : "",
      "socialSecurityDate" : null,
      "mediaObjectReference" : "",
      "lastUpdateDateTime" : "2018-03-09T11:03:05",
      "inputDateTime" : "2018-03-09T11:03:05",
      "_links" : {
        "self" : {
          "href" : "http://localhost/api/contacts/3040_0"
        },
        "contactPerson" : {
          "href" : "http://localhost/api/contacts/3040_0"
        },
        "master" : {
          "href" : "http://localhost/api/contacts/3040_0/master"
        }
      }
    }, {
      "inputUserId" : "DEBBY",
      "lastUpdateUserId" : "DEBBY",
      "computerId" : "",
      "lastSynchronizedDate" : null,
      "addressNumber" : "3041",
      "sequence" : 0,
      "name" : "Kelurahan Krembangan Utara",
      "mailingName" : "Kelurahan Krembangan Utara",
      "description" : "",
      "firstName" : "",
      "middleName" : "",
      "lastName" : "",
      "nickname" : "",
      "salutation" : "",
      "gender" : "",
      "type" : "",
      "religion" : "",
      "dateOfBirth" : null,
      "placeOfBirth" : "",
      "socialSecurityNumber" : "",
      "socialSecurityDate" : null,
      "mediaObjectReference" : "",
      "lastUpdateDateTime" : "2018-03-09T11:04:07",
      "inputDateTime" : "2018-03-09T11:04:07",
      "_links" : {
        "self" : {
          "href" : "http://localhost/api/contacts/3041_0"
        },
        "contactPerson" : {
          "href" : "http://localhost/api/contacts/3041_0"
        },
        "master" : {
          "href" : "http://localhost/api/contacts/3041_0/master"
        }
      }
    }, {
      "inputUserId" : "DEBBY",
      "lastUpdateUserId" : "DEBBY",
      "computerId" : "",
      "lastSynchronizedDate" : null,
      "addressNumber" : "3042",
      "sequence" : 0,
      "name" : "Kelurahan Perak Utara",
      "mailingName" : "Kelurahan Perak Utara",
      "description" : "",
      "firstName" : "",
      "middleName" : "",
      "lastName" : "",
      "nickname" : "",
      "salutation" : "",
      "gender" : "",
      "type" : "",
      "religion" : "",
      "dateOfBirth" : null,
      "placeOfBirth" : "",
      "socialSecurityNumber" : "",
      "socialSecurityDate" : null,
      "mediaObjectReference" : "",
      "lastUpdateDateTime" : "2018-03-09T11:04:46",
      "inputDateTime" : "2018-03-09T11:04:46",
      "_links" : {
        "self" : {
          "href" : "http://localhost/api/contacts/3042_0"
        },
        "contactPerson" : {
          "href" : "http://localhost/api/contacts/3042_0"
        },
        "master" : {
          "href" : "http://localhost/api/contacts/3042_0/master"
        }
      }
    }, {
      "inputUserId" : "DEBBY",
      "lastUpdateUserId" : "DEBBY",
      "computerId" : "",
      "lastSynchronizedDate" : null,
      "addressNumber" : "3043",
      "sequence" : 0,
      "name" : "Kecamatan Pabean Cantian",
      "mailingName" : "Kecamatan Pabean Cantian",
      "description" : "",
      "firstName" : "",
      "middleName" : "",
      "lastName" : "",
      "nickname" : "",
      "salutation" : "",
      "gender" : "",
      "type" : "",
      "religion" : "",
      "dateOfBirth" : null,
      "placeOfBirth" : "",
      "socialSecurityNumber" : "",
      "socialSecurityDate" : null,
      "mediaObjectReference" : "",
      "lastUpdateDateTime" : "2018-03-09T11:05:51",
      "inputDateTime" : "2018-03-09T11:05:51",
      "_links" : {
        "self" : {
          "href" : "http://localhost/api/contacts/3043_0"
        },
        "contactPerson" : {
          "href" : "http://localhost/api/contacts/3043_0"
        },
        "master" : {
          "href" : "http://localhost/api/contacts/3043_0/master"
        }
      }
    }, {
      "inputUserId" : "DEBBY",
      "lastUpdateUserId" : "DEBBY",
      "computerId" : "",
      "lastSynchronizedDate" : null,
      "addressNumber" : "3044",
      "sequence" : 0,
      "name" : "Club Computer",
      "mailingName" : "Club Computer",
      "description" : "",
      "firstName" : "",
      "middleName" : "",
      "lastName" : "",
      "nickname" : "",
      "salutation" : "",
      "gender" : "",
      "type" : "",
      "religion" : "",
      "dateOfBirth" : null,
      "placeOfBirth" : "",
      "socialSecurityNumber" : "",
      "socialSecurityDate" : null,
      "mediaObjectReference" : "",
      "lastUpdateDateTime" : "2018-03-09T15:41:53",
      "inputDateTime" : "2018-03-09T15:41:53",
      "_links" : {
        "self" : {
          "href" : "http://localhost/api/contacts/3044_0"
        },
        "contactPerson" : {
          "href" : "http://localhost/api/contacts/3044_0"
        },
        "master" : {
          "href" : "http://localhost/api/contacts/3044_0/master"
        }
      }
    }, {
      "inputUserId" : "DEBBY",
      "lastUpdateUserId" : "DEBBY",
      "computerId" : "",
      "lastSynchronizedDate" : null,
      "addressNumber" : "3045",
      "sequence" : 0,
      "name" : "Goes Machsun",
      "mailingName" : "Goes Machsun",
      "description" : "",
      "firstName" : "",
      "middleName" : "",
      "lastName" : "",
      "nickname" : "",
      "salutation" : "",
      "gender" : "",
      "type" : "",
      "religion" : "",
      "dateOfBirth" : null,
      "placeOfBirth" : "",
      "socialSecurityNumber" : "",
      "socialSecurityDate" : null,
      "mediaObjectReference" : "",
      "lastUpdateDateTime" : "2018-03-09T16:02:55",
      "inputDateTime" : "2018-03-09T16:02:55",
      "_links" : {
        "self" : {
          "href" : "http://localhost/api/contacts/3045_0"
        },
        "contactPerson" : {
          "href" : "http://localhost/api/contacts/3045_0"
        },
        "master" : {
          "href" : "http://localhost/api/contacts/3045_0/master"
        }
      }
    }, {
      "inputUserId" : "ANTHONI",
      "lastUpdateUserId" : "ANTHONI",
      "computerId" : "",
      "lastSynchronizedDate" : null,
      "addressNumber" : "3046",
      "sequence" : 0,
      "name" : "CV Matsunami",
      "mailingName" : "CV Matsunami",
      "description" : "",
      "firstName" : "",
      "middleName" : "",
      "lastName" : "",
      "nickname" : "",
      "salutation" : "",
      "gender" : "",
      "type" : "",
      "religion" : "",
      "dateOfBirth" : null,
      "placeOfBirth" : "",
      "socialSecurityNumber" : "",
      "socialSecurityDate" : null,
      "mediaObjectReference" : "",
      "lastUpdateDateTime" : "2018-03-12T13:30:35",
      "inputDateTime" : "2018-03-12T13:30:35",
      "_links" : {
        "self" : {
          "href" : "http://localhost/api/contacts/3046_0"
        },
        "contactPerson" : {
          "href" : "http://localhost/api/contacts/3046_0"
        },
        "master" : {
          "href" : "http://localhost/api/contacts/3046_0/master"
        }
      }
    }, {
      "inputUserId" : "ANTHONI",
      "lastUpdateUserId" : "ANTHONI",
      "computerId" : "",
      "lastSynchronizedDate" : null,
      "addressNumber" : "3047",
      "sequence" : 0,
      "name" : "Legenda Komputer",
      "mailingName" : "Legenda Komputer",
      "description" : "",
      "firstName" : "",
      "middleName" : "",
      "lastName" : "",
      "nickname" : "",
      "salutation" : "",
      "gender" : "",
      "type" : "",
      "religion" : "",
      "dateOfBirth" : null,
      "placeOfBirth" : "",
      "socialSecurityNumber" : "",
      "socialSecurityDate" : null,
      "mediaObjectReference" : "",
      "lastUpdateDateTime" : "2018-03-12T13:57:37",
      "inputDateTime" : "2018-03-12T13:57:37",
      "_links" : {
        "self" : {
          "href" : "http://localhost/api/contacts/3047_0"
        },
        "contactPerson" : {
          "href" : "http://localhost/api/contacts/3047_0"
        },
        "master" : {
          "href" : "http://localhost/api/contacts/3047_0/master"
        }
      }
    }, {
      "inputUserId" : "ANTHONI",
      "lastUpdateUserId" : "ANTHONI",
      "computerId" : "",
      "lastSynchronizedDate" : null,
      "addressNumber" : "3048",
      "sequence" : 0,
      "name" : "CV Mandiri Jaya",
      "mailingName" : "CV Mandiri Jaya",
      "description" : "",
      "firstName" : "",
      "middleName" : "",
      "lastName" : "",
      "nickname" : "",
      "salutation" : "",
      "gender" : "",
      "type" : "",
      "religion" : "",
      "dateOfBirth" : null,
      "placeOfBirth" : "",
      "socialSecurityNumber" : "",
      "socialSecurityDate" : null,
      "mediaObjectReference" : "",
      "lastUpdateDateTime" : "2018-03-14T10:27:20",
      "inputDateTime" : "2018-03-14T10:27:20",
      "_links" : {
        "self" : {
          "href" : "http://localhost/api/contacts/3048_0"
        },
        "contactPerson" : {
          "href" : "http://localhost/api/contacts/3048_0"
        },
        "master" : {
          "href" : "http://localhost/api/contacts/3048_0/master"
        }
      }
    }, {
      "inputUserId" : "ANTHONI",
      "lastUpdateUserId" : "ANTHONI",
      "computerId" : "",
      "lastSynchronizedDate" : null,
      "addressNumber" : "3049",
      "sequence" : 0,
      "name" : "PUMC Kecamatan Tandes",
      "mailingName" : "PUMC Kecamatan Tandes",
      "description" : "",
      "firstName" : "",
      "middleName" : "",
      "lastName" : "",
      "nickname" : "",
      "salutation" : "",
      "gender" : "",
      "type" : "",
      "religion" : "",
      "dateOfBirth" : null,
      "placeOfBirth" : "",
      "socialSecurityNumber" : "",
      "socialSecurityDate" : null,
      "mediaObjectReference" : "",
      "lastUpdateDateTime" : "2018-03-14T11:21:21",
      "inputDateTime" : "2018-03-14T11:21:21",
      "_links" : {
        "self" : {
          "href" : "http://localhost/api/contacts/3049_0"
        },
        "contactPerson" : {
          "href" : "http://localhost/api/contacts/3049_0"
        },
        "master" : {
          "href" : "http://localhost/api/contacts/3049_0/master"
        }
      }
    }, {
      "inputUserId" : "DEBBY",
      "lastUpdateUserId" : "DEBBY",
      "computerId" : "",
      "lastSynchronizedDate" : null,
      "addressNumber" : "3050",
      "sequence" : 0,
      "name" : "PT TROEM",
      "mailingName" : "PT TROEM",
      "description" : "",
      "firstName" : "",
      "middleName" : "",
      "lastName" : "",
      "nickname" : "",
      "salutation" : "",
      "gender" : "",
      "type" : "",
      "religion" : "",
      "dateOfBirth" : null,
      "placeOfBirth" : "",
      "socialSecurityNumber" : "",
      "socialSecurityDate" : null,
      "mediaObjectReference" : "",
      "lastUpdateDateTime" : "2018-03-08T17:47:16",
      "inputDateTime" : "2018-03-08T17:47:16",
      "_links" : {
        "self" : {
          "href" : "http://localhost/api/contacts/3050_0"
        },
        "contactPerson" : {
          "href" : "http://localhost/api/contacts/3050_0"
        },
        "master" : {
          "href" : "http://localhost/api/contacts/3050_0/master"
        }
      }
    }, {
      "inputUserId" : "ANTHONI",
      "lastUpdateUserId" : "ANTHONI",
      "computerId" : "",
      "lastSynchronizedDate" : null,
      "addressNumber" : "3051",
      "sequence" : 0,
      "name" : "Agung Mulia",
      "mailingName" : "Agung Mulia",
      "description" : "",
      "firstName" : "",
      "middleName" : "",
      "lastName" : "",
      "nickname" : "",
      "salutation" : "",
      "gender" : "",
      "type" : "",
      "religion" : "",
      "dateOfBirth" : null,
      "placeOfBirth" : "",
      "socialSecurityNumber" : "",
      "socialSecurityDate" : null,
      "mediaObjectReference" : "",
      "lastUpdateDateTime" : "2018-03-14T11:27:35",
      "inputDateTime" : "2018-03-14T11:27:35",
      "_links" : {
        "self" : {
          "href" : "http://localhost/api/contacts/3051_0"
        },
        "contactPerson" : {
          "href" : "http://localhost/api/contacts/3051_0"
        },
        "master" : {
          "href" : "http://localhost/api/contacts/3051_0/master"
        }
      }
    }, {
      "inputUserId" : "ANTHONI",
      "lastUpdateUserId" : "ANTHONI",
      "computerId" : "",
      "lastSynchronizedDate" : null,
      "addressNumber" : "3052",
      "sequence" : 0,
      "name" : "Aries Jonathan",
      "mailingName" : "Aries Jonathan",
      "description" : "",
      "firstName" : "",
      "middleName" : "",
      "lastName" : "",
      "nickname" : "",
      "salutation" : "",
      "gender" : "",
      "type" : "",
      "religion" : "",
      "dateOfBirth" : null,
      "placeOfBirth" : "",
      "socialSecurityNumber" : "",
      "socialSecurityDate" : null,
      "mediaObjectReference" : "",
      "lastUpdateDateTime" : "2018-03-14T11:54:41",
      "inputDateTime" : "2018-03-14T11:54:41",
      "_links" : {
        "self" : {
          "href" : "http://localhost/api/contacts/3052_0"
        },
        "contactPerson" : {
          "href" : "http://localhost/api/contacts/3052_0"
        },
        "master" : {
          "href" : "http://localhost/api/contacts/3052_0/master"
        }
      }
    }, {
      "inputUserId" : "ANTHONI",
      "lastUpdateUserId" : "ANTHONI",
      "computerId" : "",
      "lastSynchronizedDate" : null,
      "addressNumber" : "3053",
      "sequence" : 0,
      "name" : "Kelurahan Babatan Kecamtan Wiyung Kota Surabaya",
      "mailingName" : "Kelurahan Babatan Kecamtan Wiyung Kota Surabaya",
      "description" : "",
      "firstName" : "",
      "middleName" : "",
      "lastName" : "",
      "nickname" : "",
      "salutation" : "",
      "gender" : "",
      "type" : "",
      "religion" : "",
      "dateOfBirth" : null,
      "placeOfBirth" : "",
      "socialSecurityNumber" : "",
      "socialSecurityDate" : null,
      "mediaObjectReference" : "",
      "lastUpdateDateTime" : "2018-03-14T15:46:41",
      "inputDateTime" : "2018-03-14T15:46:41",
      "_links" : {
        "self" : {
          "href" : "http://localhost/api/contacts/3053_0"
        },
        "contactPerson" : {
          "href" : "http://localhost/api/contacts/3053_0"
        },
        "master" : {
          "href" : "http://localhost/api/contacts/3053_0/master"
        }
      }
    }, {
      "inputUserId" : "ANTHONI",
      "lastUpdateUserId" : "ANTHONI",
      "computerId" : "",
      "lastSynchronizedDate" : null,
      "addressNumber" : "3054",
      "sequence" : 0,
      "name" : "Suharno",
      "mailingName" : "Suharno",
      "description" : "",
      "firstName" : "",
      "middleName" : "",
      "lastName" : "",
      "nickname" : "",
      "salutation" : "",
      "gender" : "",
      "type" : "",
      "religion" : "",
      "dateOfBirth" : null,
      "placeOfBirth" : "",
      "socialSecurityNumber" : "",
      "socialSecurityDate" : null,
      "mediaObjectReference" : "",
      "lastUpdateDateTime" : "2018-03-15T09:31:57",
      "inputDateTime" : "2018-03-15T09:31:57",
      "_links" : {
        "self" : {
          "href" : "http://localhost/api/contacts/3054_0"
        },
        "contactPerson" : {
          "href" : "http://localhost/api/contacts/3054_0"
        },
        "master" : {
          "href" : "http://localhost/api/contacts/3054_0/master"
        }
      }
    }, {
      "inputUserId" : "ANTHONI",
      "lastUpdateUserId" : "ANTHONI",
      "computerId" : "",
      "lastSynchronizedDate" : null,
      "addressNumber" : "3055",
      "sequence" : 0,
      "name" : "Cyberspot",
      "mailingName" : "Cyberspot",
      "description" : "",
      "firstName" : "",
      "middleName" : "",
      "lastName" : "",
      "nickname" : "",
      "salutation" : "",
      "gender" : "",
      "type" : "",
      "religion" : "",
      "dateOfBirth" : null,
      "placeOfBirth" : "",
      "socialSecurityNumber" : "",
      "socialSecurityDate" : null,
      "mediaObjectReference" : "",
      "lastUpdateDateTime" : "2018-03-15T13:53:17",
      "inputDateTime" : "2018-03-15T13:53:17",
      "_links" : {
        "self" : {
          "href" : "http://localhost/api/contacts/3055_0"
        },
        "contactPerson" : {
          "href" : "http://localhost/api/contacts/3055_0"
        },
        "master" : {
          "href" : "http://localhost/api/contacts/3055_0/master"
        }
      }
    }, {
      "inputUserId" : "ANTHONI",
      "lastUpdateUserId" : "ANTHONI",
      "computerId" : "",
      "lastSynchronizedDate" : null,
      "addressNumber" : "3056",
      "sequence" : 0,
      "name" : "Toko Vistacom",
      "mailingName" : "Toko Vistacom",
      "description" : "",
      "firstName" : "",
      "middleName" : "",
      "lastName" : "",
      "nickname" : "",
      "salutation" : "",
      "gender" : "",
      "type" : "",
      "religion" : "",
      "dateOfBirth" : null,
      "placeOfBirth" : "",
      "socialSecurityNumber" : "",
      "socialSecurityDate" : null,
      "mediaObjectReference" : "",
      "lastUpdateDateTime" : "2018-03-15T13:55:15",
      "inputDateTime" : "2018-03-15T13:55:15",
      "_links" : {
        "self" : {
          "href" : "http://localhost/api/contacts/3056_0"
        },
        "contactPerson" : {
          "href" : "http://localhost/api/contacts/3056_0"
        },
        "master" : {
          "href" : "http://localhost/api/contacts/3056_0/master"
        }
      }
    }, {
      "inputUserId" : "ANTHONI",
      "lastUpdateUserId" : "ANTHONI",
      "computerId" : "",
      "lastSynchronizedDate" : null,
      "addressNumber" : "3057",
      "sequence" : 0,
      "name" : "NBC Media",
      "mailingName" : "NBC Media",
      "description" : "",
      "firstName" : "",
      "middleName" : "",
      "lastName" : "",
      "nickname" : "",
      "salutation" : "",
      "gender" : "",
      "type" : "",
      "religion" : "",
      "dateOfBirth" : null,
      "placeOfBirth" : "",
      "socialSecurityNumber" : "",
      "socialSecurityDate" : null,
      "mediaObjectReference" : "",
      "lastUpdateDateTime" : "2018-03-15T11:41:04",
      "inputDateTime" : "2018-03-15T11:41:04",
      "_links" : {
        "self" : {
          "href" : "http://localhost/api/contacts/3057_0"
        },
        "contactPerson" : {
          "href" : "http://localhost/api/contacts/3057_0"
        },
        "master" : {
          "href" : "http://localhost/api/contacts/3057_0/master"
        }
      }
    }, {
      "inputUserId" : "ANTHONI",
      "lastUpdateUserId" : "ANTHONI",
      "computerId" : "",
      "lastSynchronizedDate" : null,
      "addressNumber" : "3058",
      "sequence" : 0,
      "name" : "Koperasi Pegawai Unair ",
      "mailingName" : "Koperasi Pegawai Unair ",
      "description" : "",
      "firstName" : "",
      "middleName" : "",
      "lastName" : "",
      "nickname" : "",
      "salutation" : "",
      "gender" : "",
      "type" : "",
      "religion" : "",
      "dateOfBirth" : null,
      "placeOfBirth" : "",
      "socialSecurityNumber" : "",
      "socialSecurityDate" : null,
      "mediaObjectReference" : "",
      "lastUpdateDateTime" : "2018-03-15T14:05:21",
      "inputDateTime" : "2018-03-15T14:05:21",
      "_links" : {
        "self" : {
          "href" : "http://localhost/api/contacts/3058_0"
        },
        "contactPerson" : {
          "href" : "http://localhost/api/contacts/3058_0"
        },
        "master" : {
          "href" : "http://localhost/api/contacts/3058_0/master"
        }
      }
    }, {
      "inputUserId" : "ANTHONI",
      "lastUpdateUserId" : "ANTHONI",
      "computerId" : "",
      "lastSynchronizedDate" : null,
      "addressNumber" : "3059",
      "sequence" : 0,
      "name" : "CV Sinar Kencana ",
      "mailingName" : "CV Sinar Kencana ",
      "description" : "",
      "firstName" : "",
      "middleName" : "",
      "lastName" : "",
      "nickname" : "",
      "salutation" : "",
      "gender" : "",
      "type" : "",
      "religion" : "",
      "dateOfBirth" : null,
      "placeOfBirth" : "",
      "socialSecurityNumber" : "",
      "socialSecurityDate" : null,
      "mediaObjectReference" : "",
      "lastUpdateDateTime" : "2018-03-14T16:37:22",
      "inputDateTime" : "2018-03-14T16:36:37",
      "_links" : {
        "self" : {
          "href" : "http://localhost/api/contacts/3059_0"
        },
        "contactPerson" : {
          "href" : "http://localhost/api/contacts/3059_0"
        },
        "master" : {
          "href" : "http://localhost/api/contacts/3059_0/master"
        }
      }
    }, {
      "inputUserId" : "ANTHONI",
      "lastUpdateUserId" : "ANTHONI",
      "computerId" : "",
      "lastSynchronizedDate" : null,
      "addressNumber" : "3060",
      "sequence" : 0,
      "name" : "Devis Computer",
      "mailingName" : "Devis Computer",
      "description" : "",
      "firstName" : "",
      "middleName" : "",
      "lastName" : "",
      "nickname" : "",
      "salutation" : "",
      "gender" : "",
      "type" : "",
      "religion" : "",
      "dateOfBirth" : null,
      "placeOfBirth" : "",
      "socialSecurityNumber" : "",
      "socialSecurityDate" : null,
      "mediaObjectReference" : "",
      "lastUpdateDateTime" : "2018-03-15T14:22:56",
      "inputDateTime" : "2018-03-15T14:22:19",
      "_links" : {
        "self" : {
          "href" : "http://localhost/api/contacts/3060_0"
        },
        "contactPerson" : {
          "href" : "http://localhost/api/contacts/3060_0"
        },
        "master" : {
          "href" : "http://localhost/api/contacts/3060_0/master"
        }
      }
    }, {
      "inputUserId" : "ANTHONI",
      "lastUpdateUserId" : "ANTHONI",
      "computerId" : "",
      "lastSynchronizedDate" : null,
      "addressNumber" : "3061",
      "sequence" : 0,
      "name" : "Galaxy Computer",
      "mailingName" : "Galaxy Computer",
      "description" : "",
      "firstName" : "",
      "middleName" : "",
      "lastName" : "",
      "nickname" : "",
      "salutation" : "",
      "gender" : "",
      "type" : "",
      "religion" : "",
      "dateOfBirth" : null,
      "placeOfBirth" : "",
      "socialSecurityNumber" : "",
      "socialSecurityDate" : null,
      "mediaObjectReference" : "",
      "lastUpdateDateTime" : "2018-03-15T14:30:06",
      "inputDateTime" : "2018-03-15T14:30:06",
      "_links" : {
        "self" : {
          "href" : "http://localhost/api/contacts/3061_0"
        },
        "contactPerson" : {
          "href" : "http://localhost/api/contacts/3061_0"
        },
        "master" : {
          "href" : "http://localhost/api/contacts/3061_0/master"
        }
      }
    }, {
      "inputUserId" : "ANTHONI",
      "lastUpdateUserId" : "ANTHONI",
      "computerId" : "",
      "lastSynchronizedDate" : null,
      "addressNumber" : "3062",
      "sequence" : 0,
      "name" : "Benny (HP)",
      "mailingName" : "Benny (HP)",
      "description" : "",
      "firstName" : "",
      "middleName" : "",
      "lastName" : "",
      "nickname" : "",
      "salutation" : "",
      "gender" : "",
      "type" : "",
      "religion" : "",
      "dateOfBirth" : null,
      "placeOfBirth" : "",
      "socialSecurityNumber" : "",
      "socialSecurityDate" : null,
      "mediaObjectReference" : "",
      "lastUpdateDateTime" : "2018-03-15T14:23:31",
      "inputDateTime" : "2018-03-15T14:23:31",
      "_links" : {
        "self" : {
          "href" : "http://localhost/api/contacts/3062_0"
        },
        "contactPerson" : {
          "href" : "http://localhost/api/contacts/3062_0"
        },
        "master" : {
          "href" : "http://localhost/api/contacts/3062_0/master"
        }
      }
    }, {
      "inputUserId" : "ANTHONI",
      "lastUpdateUserId" : "ANTHONI",
      "computerId" : "",
      "lastSynchronizedDate" : null,
      "addressNumber" : "3063",
      "sequence" : 0,
      "name" : "Davin Rahardjo",
      "mailingName" : "Davin Rahardjo",
      "description" : "",
      "firstName" : "",
      "middleName" : "",
      "lastName" : "",
      "nickname" : "",
      "salutation" : "",
      "gender" : "",
      "type" : "",
      "religion" : "",
      "dateOfBirth" : null,
      "placeOfBirth" : "",
      "socialSecurityNumber" : "",
      "socialSecurityDate" : null,
      "mediaObjectReference" : "",
      "lastUpdateDateTime" : "2018-03-15T14:25:35",
      "inputDateTime" : "2018-03-15T14:25:35",
      "_links" : {
        "self" : {
          "href" : "http://localhost/api/contacts/3063_0"
        },
        "contactPerson" : {
          "href" : "http://localhost/api/contacts/3063_0"
        },
        "master" : {
          "href" : "http://localhost/api/contacts/3063_0/master"
        }
      }
    }, {
      "inputUserId" : "ANTHONI",
      "lastUpdateUserId" : "ANTHONI",
      "computerId" : "",
      "lastSynchronizedDate" : null,
      "addressNumber" : "3064",
      "sequence" : 0,
      "name" : "Tony Anwari",
      "mailingName" : "Tony Anwari",
      "description" : "",
      "firstName" : "",
      "middleName" : "",
      "lastName" : "",
      "nickname" : "",
      "salutation" : "",
      "gender" : "",
      "type" : "",
      "religion" : "",
      "dateOfBirth" : null,
      "placeOfBirth" : "",
      "socialSecurityNumber" : "",
      "socialSecurityDate" : null,
      "mediaObjectReference" : "",
      "lastUpdateDateTime" : "2018-03-15T14:02:57",
      "inputDateTime" : "2018-03-15T14:02:57",
      "_links" : {
        "self" : {
          "href" : "http://localhost/api/contacts/3064_0"
        },
        "contactPerson" : {
          "href" : "http://localhost/api/contacts/3064_0"
        },
        "master" : {
          "href" : "http://localhost/api/contacts/3064_0/master"
        }
      }
    }, {
      "inputUserId" : "ANTHONI",
      "lastUpdateUserId" : "ANTHONI",
      "computerId" : "",
      "lastSynchronizedDate" : null,
      "addressNumber" : "3065",
      "sequence" : 0,
      "name" : "Mobitek",
      "mailingName" : "Mobitek",
      "description" : "",
      "firstName" : "",
      "middleName" : "",
      "lastName" : "",
      "nickname" : "",
      "salutation" : "",
      "gender" : "",
      "type" : "",
      "religion" : "",
      "dateOfBirth" : null,
      "placeOfBirth" : "",
      "socialSecurityNumber" : "",
      "socialSecurityDate" : null,
      "mediaObjectReference" : "",
      "lastUpdateDateTime" : "2018-03-15T14:03:45",
      "inputDateTime" : "2018-03-15T14:03:45",
      "_links" : {
        "self" : {
          "href" : "http://localhost/api/contacts/3065_0"
        },
        "contactPerson" : {
          "href" : "http://localhost/api/contacts/3065_0"
        },
        "master" : {
          "href" : "http://localhost/api/contacts/3065_0/master"
        }
      }
    }, {
      "inputUserId" : "ANTHONI",
      "lastUpdateUserId" : "ANTHONI",
      "computerId" : "",
      "lastSynchronizedDate" : null,
      "addressNumber" : "3066",
      "sequence" : 0,
      "name" : "K-Galaxi",
      "mailingName" : "K-Galaxi",
      "description" : "",
      "firstName" : "",
      "middleName" : "",
      "lastName" : "",
      "nickname" : "",
      "salutation" : "",
      "gender" : "",
      "type" : "",
      "religion" : "",
      "dateOfBirth" : null,
      "placeOfBirth" : "",
      "socialSecurityNumber" : "",
      "socialSecurityDate" : null,
      "mediaObjectReference" : "",
      "lastUpdateDateTime" : "2018-03-15T17:26:25",
      "inputDateTime" : "2018-03-15T17:26:25",
      "_links" : {
        "self" : {
          "href" : "http://localhost/api/contacts/3066_0"
        },
        "contactPerson" : {
          "href" : "http://localhost/api/contacts/3066_0"
        },
        "master" : {
          "href" : "http://localhost/api/contacts/3066_0/master"
        }
      }
    }, {
      "inputUserId" : "ANTHONI",
      "lastUpdateUserId" : "ANTHONI",
      "computerId" : "",
      "lastSynchronizedDate" : null,
      "addressNumber" : "3067",
      "sequence" : 0,
      "name" : "CV Hatrity",
      "mailingName" : "CV Hatrity",
      "description" : "",
      "firstName" : "",
      "middleName" : "",
      "lastName" : "",
      "nickname" : "",
      "salutation" : "",
      "gender" : "",
      "type" : "",
      "religion" : "",
      "dateOfBirth" : null,
      "placeOfBirth" : "",
      "socialSecurityNumber" : "",
      "socialSecurityDate" : null,
      "mediaObjectReference" : "",
      "lastUpdateDateTime" : "2018-03-20T08:50:00",
      "inputDateTime" : "2018-03-20T08:50:00",
      "_links" : {
        "self" : {
          "href" : "http://localhost/api/contacts/3067_0"
        },
        "contactPerson" : {
          "href" : "http://localhost/api/contacts/3067_0"
        },
        "master" : {
          "href" : "http://localhost/api/contacts/3067_0/master"
        }
      }
    }, {
      "inputUserId" : "ANTHONI",
      "lastUpdateUserId" : "ANTHONI",
      "computerId" : "",
      "lastSynchronizedDate" : null,
      "addressNumber" : "3068",
      "sequence" : 0,
      "name" : "PT Adakom International Technology",
      "mailingName" : "PT Adakom International Technology",
      "description" : "",
      "firstName" : "",
      "middleName" : "",
      "lastName" : "",
      "nickname" : "",
      "salutation" : "",
      "gender" : "",
      "type" : "",
      "religion" : "",
      "dateOfBirth" : null,
      "placeOfBirth" : "",
      "socialSecurityNumber" : "",
      "socialSecurityDate" : null,
      "mediaObjectReference" : "",
      "lastUpdateDateTime" : "2018-03-15T15:47:19",
      "inputDateTime" : "2018-03-15T15:47:19",
      "_links" : {
        "self" : {
          "href" : "http://localhost/api/contacts/3068_0"
        },
        "contactPerson" : {
          "href" : "http://localhost/api/contacts/3068_0"
        },
        "master" : {
          "href" : "http://localhost/api/contacts/3068_0/master"
        }
      }
    }, {
      "inputUserId" : "ANTHONI",
      "lastUpdateUserId" : "ANTHONI",
      "computerId" : "",
      "lastSynchronizedDate" : null,
      "addressNumber" : "3069",
      "sequence" : 0,
      "name" : "Bahrudin",
      "mailingName" : "Bahrudin",
      "description" : "",
      "firstName" : "",
      "middleName" : "",
      "lastName" : "",
      "nickname" : "",
      "salutation" : "",
      "gender" : "",
      "type" : "",
      "religion" : "",
      "dateOfBirth" : null,
      "placeOfBirth" : "",
      "socialSecurityNumber" : "",
      "socialSecurityDate" : null,
      "mediaObjectReference" : "",
      "lastUpdateDateTime" : "2018-03-19T16:57:02",
      "inputDateTime" : "2018-03-19T16:57:02",
      "_links" : {
        "self" : {
          "href" : "http://localhost/api/contacts/3069_0"
        },
        "contactPerson" : {
          "href" : "http://localhost/api/contacts/3069_0"
        },
        "master" : {
          "href" : "http://localhost/api/contacts/3069_0/master"
        }
      }
    }, {
      "inputUserId" : "ANTHONI",
      "lastUpdateUserId" : "ANTHONI",
      "computerId" : "",
      "lastSynchronizedDate" : null,
      "addressNumber" : "3070",
      "sequence" : 0,
      "name" : "PT Intermedia Computer",
      "mailingName" : "PT Intermedia Computer",
      "description" : "",
      "firstName" : "",
      "middleName" : "",
      "lastName" : "",
      "nickname" : "",
      "salutation" : "",
      "gender" : "",
      "type" : "",
      "religion" : "",
      "dateOfBirth" : null,
      "placeOfBirth" : "",
      "socialSecurityNumber" : "",
      "socialSecurityDate" : null,
      "mediaObjectReference" : "",
      "lastUpdateDateTime" : "2018-03-19T12:36:55",
      "inputDateTime" : "2018-03-19T12:36:55",
      "_links" : {
        "self" : {
          "href" : "http://localhost/api/contacts/3070_0"
        },
        "contactPerson" : {
          "href" : "http://localhost/api/contacts/3070_0"
        },
        "master" : {
          "href" : "http://localhost/api/contacts/3070_0/master"
        }
      }
    }, {
      "inputUserId" : "ANTHONI",
      "lastUpdateUserId" : "ANTHONI",
      "computerId" : "",
      "lastSynchronizedDate" : null,
      "addressNumber" : "3071",
      "sequence" : 0,
      "name" : "Cipta Piranti Utama",
      "mailingName" : "Cipta Piranti Utama",
      "description" : "",
      "firstName" : "",
      "middleName" : "",
      "lastName" : "",
      "nickname" : "",
      "salutation" : "",
      "gender" : "",
      "type" : "",
      "religion" : "",
      "dateOfBirth" : null,
      "placeOfBirth" : "",
      "socialSecurityNumber" : "",
      "socialSecurityDate" : null,
      "mediaObjectReference" : "",
      "lastUpdateDateTime" : "2018-03-19T10:22:39",
      "inputDateTime" : "2018-03-19T10:22:39",
      "_links" : {
        "self" : {
          "href" : "http://localhost/api/contacts/3071_0"
        },
        "contactPerson" : {
          "href" : "http://localhost/api/contacts/3071_0"
        },
        "master" : {
          "href" : "http://localhost/api/contacts/3071_0/master"
        }
      }
    }, {
      "inputUserId" : "ANTHONI",
      "lastUpdateUserId" : "ANTHONI",
      "computerId" : "",
      "lastSynchronizedDate" : null,
      "addressNumber" : "3072",
      "sequence" : 0,
      "name" : "Kukuh",
      "mailingName" : "Kukuh",
      "description" : "",
      "firstName" : "",
      "middleName" : "",
      "lastName" : "",
      "nickname" : "",
      "salutation" : "",
      "gender" : "",
      "type" : "",
      "religion" : "",
      "dateOfBirth" : null,
      "placeOfBirth" : "",
      "socialSecurityNumber" : "",
      "socialSecurityDate" : null,
      "mediaObjectReference" : "",
      "lastUpdateDateTime" : "2018-03-19T11:21:25",
      "inputDateTime" : "2018-03-19T11:21:25",
      "_links" : {
        "self" : {
          "href" : "http://localhost/api/contacts/3072_0"
        },
        "contactPerson" : {
          "href" : "http://localhost/api/contacts/3072_0"
        },
        "master" : {
          "href" : "http://localhost/api/contacts/3072_0/master"
        }
      }
    }, {
      "inputUserId" : "ANTHONI",
      "lastUpdateUserId" : "ANTHONI",
      "computerId" : "",
      "lastSynchronizedDate" : null,
      "addressNumber" : "3073",
      "sequence" : 0,
      "name" : "Sarana Jaya Comp",
      "mailingName" : "Sarana Jaya Comp",
      "description" : "",
      "firstName" : "",
      "middleName" : "",
      "lastName" : "",
      "nickname" : "",
      "salutation" : "",
      "gender" : "",
      "type" : "",
      "religion" : "",
      "dateOfBirth" : null,
      "placeOfBirth" : "",
      "socialSecurityNumber" : "",
      "socialSecurityDate" : null,
      "mediaObjectReference" : "",
      "lastUpdateDateTime" : "2018-03-19T11:22:08",
      "inputDateTime" : "2018-03-19T11:22:08",
      "_links" : {
        "self" : {
          "href" : "http://localhost/api/contacts/3073_0"
        },
        "contactPerson" : {
          "href" : "http://localhost/api/contacts/3073_0"
        },
        "master" : {
          "href" : "http://localhost/api/contacts/3073_0/master"
        }
      }
    }, {
      "inputUserId" : "ANTHONI",
      "lastUpdateUserId" : "ANTHONI",
      "computerId" : "",
      "lastSynchronizedDate" : null,
      "addressNumber" : "3074",
      "sequence" : 0,
      "name" : "KA Logistik",
      "mailingName" : "KA Logistik",
      "description" : "",
      "firstName" : "",
      "middleName" : "",
      "lastName" : "",
      "nickname" : "",
      "salutation" : "",
      "gender" : "",
      "type" : "",
      "religion" : "",
      "dateOfBirth" : null,
      "placeOfBirth" : "",
      "socialSecurityNumber" : "",
      "socialSecurityDate" : null,
      "mediaObjectReference" : "",
      "lastUpdateDateTime" : "2018-03-19T12:33:41",
      "inputDateTime" : "2018-03-19T12:33:41",
      "_links" : {
        "self" : {
          "href" : "http://localhost/api/contacts/3074_0"
        },
        "contactPerson" : {
          "href" : "http://localhost/api/contacts/3074_0"
        },
        "master" : {
          "href" : "http://localhost/api/contacts/3074_0/master"
        }
      }
    }, {
      "inputUserId" : "ANTHONI",
      "lastUpdateUserId" : "ANTHONI",
      "computerId" : "",
      "lastSynchronizedDate" : null,
      "addressNumber" : "3075",
      "sequence" : 0,
      "name" : "Murah Komp",
      "mailingName" : "Murah Komp",
      "description" : "",
      "firstName" : "",
      "middleName" : "",
      "lastName" : "",
      "nickname" : "",
      "salutation" : "",
      "gender" : "",
      "type" : "",
      "religion" : "",
      "dateOfBirth" : null,
      "placeOfBirth" : "",
      "socialSecurityNumber" : "",
      "socialSecurityDate" : null,
      "mediaObjectReference" : "",
      "lastUpdateDateTime" : "2018-03-19T14:22:02",
      "inputDateTime" : "2018-03-19T14:22:02",
      "_links" : {
        "self" : {
          "href" : "http://localhost/api/contacts/3075_0"
        },
        "contactPerson" : {
          "href" : "http://localhost/api/contacts/3075_0"
        },
        "master" : {
          "href" : "http://localhost/api/contacts/3075_0/master"
        }
      }
    }, {
      "inputUserId" : "ANTHONI",
      "lastUpdateUserId" : "ANTHONI",
      "computerId" : "",
      "lastSynchronizedDate" : null,
      "addressNumber" : "3076",
      "sequence" : 0,
      "name" : "Samuel Shem Wijaya",
      "mailingName" : "Samuel Shem Wijaya",
      "description" : "",
      "firstName" : "",
      "middleName" : "",
      "lastName" : "",
      "nickname" : "",
      "salutation" : "",
      "gender" : "",
      "type" : "",
      "religion" : "",
      "dateOfBirth" : null,
      "placeOfBirth" : "",
      "socialSecurityNumber" : "",
      "socialSecurityDate" : null,
      "mediaObjectReference" : "",
      "lastUpdateDateTime" : "2018-03-19T14:23:31",
      "inputDateTime" : "2018-03-19T14:23:31",
      "_links" : {
        "self" : {
          "href" : "http://localhost/api/contacts/3076_0"
        },
        "contactPerson" : {
          "href" : "http://localhost/api/contacts/3076_0"
        },
        "master" : {
          "href" : "http://localhost/api/contacts/3076_0/master"
        }
      }
    }, {
      "inputUserId" : "ANTHONI",
      "lastUpdateUserId" : "ANTHONI",
      "computerId" : "",
      "lastSynchronizedDate" : null,
      "addressNumber" : "3077",
      "sequence" : 0,
      "name" : "Ibu Reni (Toko Cartridge)",
      "mailingName" : "Ibu Reni (Toko Cartridge)",
      "description" : "",
      "firstName" : "",
      "middleName" : "",
      "lastName" : "",
      "nickname" : "",
      "salutation" : "",
      "gender" : "",
      "type" : "",
      "religion" : "",
      "dateOfBirth" : null,
      "placeOfBirth" : "",
      "socialSecurityNumber" : "",
      "socialSecurityDate" : null,
      "mediaObjectReference" : "",
      "lastUpdateDateTime" : "2018-03-19T14:24:55",
      "inputDateTime" : "2018-03-19T14:24:55",
      "_links" : {
        "self" : {
          "href" : "http://localhost/api/contacts/3077_0"
        },
        "contactPerson" : {
          "href" : "http://localhost/api/contacts/3077_0"
        },
        "master" : {
          "href" : "http://localhost/api/contacts/3077_0/master"
        }
      }
    }, {
      "inputUserId" : "ANTHONI",
      "lastUpdateUserId" : "ANTHONI",
      "computerId" : "",
      "lastSynchronizedDate" : null,
      "addressNumber" : "3078",
      "sequence" : 0,
      "name" : "CV Cahaya Gemilang Indonesia",
      "mailingName" : "CV Cahaya Gemilang",
      "description" : "",
      "firstName" : "",
      "middleName" : "",
      "lastName" : "",
      "nickname" : "",
      "salutation" : "",
      "gender" : "",
      "type" : "",
      "religion" : "",
      "dateOfBirth" : null,
      "placeOfBirth" : "",
      "socialSecurityNumber" : "",
      "socialSecurityDate" : null,
      "mediaObjectReference" : "",
      "lastUpdateDateTime" : "2018-03-21T14:58:22",
      "inputDateTime" : "2018-03-19T14:20:49",
      "_links" : {
        "self" : {
          "href" : "http://localhost/api/contacts/3078_0"
        },
        "contactPerson" : {
          "href" : "http://localhost/api/contacts/3078_0"
        },
        "master" : {
          "href" : "http://localhost/api/contacts/3078_0/master"
        }
      }
    }, {
      "inputUserId" : "ANTHONI",
      "lastUpdateUserId" : "ANTHONI",
      "computerId" : "",
      "lastSynchronizedDate" : null,
      "addressNumber" : "3079",
      "sequence" : 0,
      "name" : "CV Micronet Jaya ",
      "mailingName" : "CV Micronet Jaya ",
      "description" : "",
      "firstName" : "",
      "middleName" : "",
      "lastName" : "",
      "nickname" : "",
      "salutation" : "",
      "gender" : "",
      "type" : "",
      "religion" : "",
      "dateOfBirth" : null,
      "placeOfBirth" : "",
      "socialSecurityNumber" : "",
      "socialSecurityDate" : null,
      "mediaObjectReference" : "",
      "lastUpdateDateTime" : "2018-03-19T16:30:43",
      "inputDateTime" : "2018-03-19T16:30:43",
      "_links" : {
        "self" : {
          "href" : "http://localhost/api/contacts/3079_0"
        },
        "contactPerson" : {
          "href" : "http://localhost/api/contacts/3079_0"
        },
        "master" : {
          "href" : "http://localhost/api/contacts/3079_0/master"
        }
      }
    }, {
      "inputUserId" : "ANTHONI",
      "lastUpdateUserId" : "ANTHONI",
      "computerId" : "",
      "lastSynchronizedDate" : null,
      "addressNumber" : "3080",
      "sequence" : 0,
      "name" : "Link Microsystem",
      "mailingName" : "Link Microsystem",
      "description" : "",
      "firstName" : "",
      "middleName" : "",
      "lastName" : "",
      "nickname" : "",
      "salutation" : "",
      "gender" : "",
      "type" : "",
      "religion" : "",
      "dateOfBirth" : null,
      "placeOfBirth" : "",
      "socialSecurityNumber" : "",
      "socialSecurityDate" : null,
      "mediaObjectReference" : "",
      "lastUpdateDateTime" : "2018-03-19T16:41:33",
      "inputDateTime" : "2018-03-19T16:41:33",
      "_links" : {
        "self" : {
          "href" : "http://localhost/api/contacts/3080_0"
        },
        "contactPerson" : {
          "href" : "http://localhost/api/contacts/3080_0"
        },
        "master" : {
          "href" : "http://localhost/api/contacts/3080_0/master"
        }
      }
    }, {
      "inputUserId" : "ANTHONI",
      "lastUpdateUserId" : "ANTHONI",
      "computerId" : "",
      "lastSynchronizedDate" : null,
      "addressNumber" : "3081",
      "sequence" : 0,
      "name" : "Esmile Comp",
      "mailingName" : "Esmile Comp",
      "description" : "",
      "firstName" : "",
      "middleName" : "",
      "lastName" : "",
      "nickname" : "",
      "salutation" : "",
      "gender" : "",
      "type" : "",
      "religion" : "",
      "dateOfBirth" : null,
      "placeOfBirth" : "",
      "socialSecurityNumber" : "",
      "socialSecurityDate" : null,
      "mediaObjectReference" : "",
      "lastUpdateDateTime" : "2018-03-19T15:42:30",
      "inputDateTime" : "2018-03-19T15:42:30",
      "_links" : {
        "self" : {
          "href" : "http://localhost/api/contacts/3081_0"
        },
        "contactPerson" : {
          "href" : "http://localhost/api/contacts/3081_0"
        },
        "master" : {
          "href" : "http://localhost/api/contacts/3081_0/master"
        }
      }
    }, {
      "inputUserId" : "ANTHONI",
      "lastUpdateUserId" : "ANTHONI",
      "computerId" : "",
      "lastSynchronizedDate" : null,
      "addressNumber" : "3082",
      "sequence" : 0,
      "name" : "Multi Fungsi",
      "mailingName" : "Multi Fungsi",
      "description" : "",
      "firstName" : "",
      "middleName" : "",
      "lastName" : "",
      "nickname" : "",
      "salutation" : "",
      "gender" : "",
      "type" : "",
      "religion" : "",
      "dateOfBirth" : null,
      "placeOfBirth" : "",
      "socialSecurityNumber" : "",
      "socialSecurityDate" : null,
      "mediaObjectReference" : "",
      "lastUpdateDateTime" : "2018-03-19T16:29:30",
      "inputDateTime" : "2018-03-19T16:29:30",
      "_links" : {
        "self" : {
          "href" : "http://localhost/api/contacts/3082_0"
        },
        "contactPerson" : {
          "href" : "http://localhost/api/contacts/3082_0"
        },
        "master" : {
          "href" : "http://localhost/api/contacts/3082_0/master"
        }
      }
    }, {
      "inputUserId" : "ANTHONI",
      "lastUpdateUserId" : "ANTHONI",
      "computerId" : "",
      "lastSynchronizedDate" : null,
      "addressNumber" : "3083",
      "sequence" : 0,
      "name" : "MMC Komputer",
      "mailingName" : "MMC Komputer",
      "description" : "",
      "firstName" : "",
      "middleName" : "",
      "lastName" : "",
      "nickname" : "",
      "salutation" : "",
      "gender" : "",
      "type" : "",
      "religion" : "",
      "dateOfBirth" : null,
      "placeOfBirth" : "",
      "socialSecurityNumber" : "",
      "socialSecurityDate" : null,
      "mediaObjectReference" : "",
      "lastUpdateDateTime" : "2018-03-19T16:55:07",
      "inputDateTime" : "2018-03-19T16:54:25",
      "_links" : {
        "self" : {
          "href" : "http://localhost/api/contacts/3083_0"
        },
        "contactPerson" : {
          "href" : "http://localhost/api/contacts/3083_0"
        },
        "master" : {
          "href" : "http://localhost/api/contacts/3083_0/master"
        }
      }
    }, {
      "inputUserId" : "ANTHONI",
      "lastUpdateUserId" : "ANTHONI",
      "computerId" : "",
      "lastSynchronizedDate" : null,
      "addressNumber" : "3084",
      "sequence" : 0,
      "name" : "CV Sidodadi Komputer",
      "mailingName" : "CV Sidodadi Komputer",
      "description" : "",
      "firstName" : "",
      "middleName" : "",
      "lastName" : "",
      "nickname" : "",
      "salutation" : "",
      "gender" : "",
      "type" : "",
      "religion" : "",
      "dateOfBirth" : null,
      "placeOfBirth" : "",
      "socialSecurityNumber" : "",
      "socialSecurityDate" : null,
      "mediaObjectReference" : "",
      "lastUpdateDateTime" : "2018-03-19T16:56:38",
      "inputDateTime" : "2018-03-19T16:56:38",
      "_links" : {
        "self" : {
          "href" : "http://localhost/api/contacts/3084_0"
        },
        "contactPerson" : {
          "href" : "http://localhost/api/contacts/3084_0"
        },
        "master" : {
          "href" : "http://localhost/api/contacts/3084_0/master"
        }
      }
    }, {
      "inputUserId" : "ANTHONI",
      "lastUpdateUserId" : "ANTHONI",
      "computerId" : "",
      "lastSynchronizedDate" : null,
      "addressNumber" : "3085",
      "sequence" : 0,
      "name" : "Joni",
      "mailingName" : "Joni",
      "description" : "",
      "firstName" : "",
      "middleName" : "",
      "lastName" : "",
      "nickname" : "",
      "salutation" : "",
      "gender" : "",
      "type" : "",
      "religion" : "",
      "dateOfBirth" : null,
      "placeOfBirth" : "",
      "socialSecurityNumber" : "",
      "socialSecurityDate" : null,
      "mediaObjectReference" : "",
      "lastUpdateDateTime" : "2018-03-20T08:50:52",
      "inputDateTime" : "2018-03-20T08:50:52",
      "_links" : {
        "self" : {
          "href" : "http://localhost/api/contacts/3085_0"
        },
        "contactPerson" : {
          "href" : "http://localhost/api/contacts/3085_0"
        },
        "master" : {
          "href" : "http://localhost/api/contacts/3085_0/master"
        }
      }
    }, {
      "inputUserId" : "ANTHONI",
      "lastUpdateUserId" : "ANTHONI",
      "computerId" : "",
      "lastSynchronizedDate" : null,
      "addressNumber" : "3086",
      "sequence" : 0,
      "name" : "EBC Com",
      "mailingName" : "EBC Com",
      "description" : "",
      "firstName" : "",
      "middleName" : "",
      "lastName" : "",
      "nickname" : "",
      "salutation" : "",
      "gender" : "",
      "type" : "",
      "religion" : "",
      "dateOfBirth" : null,
      "placeOfBirth" : "",
      "socialSecurityNumber" : "",
      "socialSecurityDate" : null,
      "mediaObjectReference" : "",
      "lastUpdateDateTime" : "2018-03-20T08:52:02",
      "inputDateTime" : "2018-03-20T08:52:02",
      "_links" : {
        "self" : {
          "href" : "http://localhost/api/contacts/3086_0"
        },
        "contactPerson" : {
          "href" : "http://localhost/api/contacts/3086_0"
        },
        "master" : {
          "href" : "http://localhost/api/contacts/3086_0/master"
        }
      }
    }, {
      "inputUserId" : "ANTHONI",
      "lastUpdateUserId" : "ANTHONI",
      "computerId" : "",
      "lastSynchronizedDate" : null,
      "addressNumber" : "3087",
      "sequence" : 0,
      "name" : "Y&C",
      "mailingName" : "Y&C",
      "description" : "",
      "firstName" : "",
      "middleName" : "",
      "lastName" : "",
      "nickname" : "",
      "salutation" : "",
      "gender" : "",
      "type" : "",
      "religion" : "",
      "dateOfBirth" : null,
      "placeOfBirth" : "",
      "socialSecurityNumber" : "",
      "socialSecurityDate" : null,
      "mediaObjectReference" : "",
      "lastUpdateDateTime" : "2018-03-20T08:53:56",
      "inputDateTime" : "2018-03-20T08:53:56",
      "_links" : {
        "self" : {
          "href" : "http://localhost/api/contacts/3087_0"
        },
        "contactPerson" : {
          "href" : "http://localhost/api/contacts/3087_0"
        },
        "master" : {
          "href" : "http://localhost/api/contacts/3087_0/master"
        }
      }
    }, {
      "inputUserId" : "ANTHONI",
      "lastUpdateUserId" : "ANTHONI",
      "computerId" : "",
      "lastSynchronizedDate" : null,
      "addressNumber" : "3088",
      "sequence" : 0,
      "name" : "Kelurahan Pacar Kembang",
      "mailingName" : "Kelurahan Pacar Kembang",
      "description" : "",
      "firstName" : "",
      "middleName" : "",
      "lastName" : "",
      "nickname" : "",
      "salutation" : "",
      "gender" : "",
      "type" : "",
      "religion" : "",
      "dateOfBirth" : null,
      "placeOfBirth" : "",
      "socialSecurityNumber" : "",
      "socialSecurityDate" : null,
      "mediaObjectReference" : "",
      "lastUpdateDateTime" : "2018-03-20T08:55:02",
      "inputDateTime" : "2018-03-20T08:55:02",
      "_links" : {
        "self" : {
          "href" : "http://localhost/api/contacts/3088_0"
        },
        "contactPerson" : {
          "href" : "http://localhost/api/contacts/3088_0"
        },
        "master" : {
          "href" : "http://localhost/api/contacts/3088_0/master"
        }
      }
    }, {
      "inputUserId" : "ANTHONI",
      "lastUpdateUserId" : "ANTHONI",
      "computerId" : "",
      "lastSynchronizedDate" : null,
      "addressNumber" : "3089",
      "sequence" : 0,
      "name" : "PT Airmas Pantero Teknologi",
      "mailingName" : "PT Airmas Pantero Teknologi",
      "description" : "",
      "firstName" : "",
      "middleName" : "",
      "lastName" : "",
      "nickname" : "",
      "salutation" : "",
      "gender" : "",
      "type" : "",
      "religion" : "",
      "dateOfBirth" : null,
      "placeOfBirth" : "",
      "socialSecurityNumber" : "",
      "socialSecurityDate" : null,
      "mediaObjectReference" : "",
      "lastUpdateDateTime" : "2018-03-20T08:56:30",
      "inputDateTime" : "2018-03-20T08:56:30",
      "_links" : {
        "self" : {
          "href" : "http://localhost/api/contacts/3089_0"
        },
        "contactPerson" : {
          "href" : "http://localhost/api/contacts/3089_0"
        },
        "master" : {
          "href" : "http://localhost/api/contacts/3089_0/master"
        }
      }
    }, {
      "inputUserId" : "ANTHONI",
      "lastUpdateUserId" : "ANTHONI",
      "computerId" : "",
      "lastSynchronizedDate" : null,
      "addressNumber" : "3090",
      "sequence" : 0,
      "name" : "Hendi Setiaji",
      "mailingName" : "Hendi Setiaji",
      "description" : "",
      "firstName" : "",
      "middleName" : "",
      "lastName" : "",
      "nickname" : "",
      "salutation" : "",
      "gender" : "",
      "type" : "",
      "religion" : "",
      "dateOfBirth" : null,
      "placeOfBirth" : "",
      "socialSecurityNumber" : "",
      "socialSecurityDate" : null,
      "mediaObjectReference" : "",
      "lastUpdateDateTime" : "2018-03-20T11:10:07",
      "inputDateTime" : "2018-03-20T11:10:07",
      "_links" : {
        "self" : {
          "href" : "http://localhost/api/contacts/3090_0"
        },
        "contactPerson" : {
          "href" : "http://localhost/api/contacts/3090_0"
        },
        "master" : {
          "href" : "http://localhost/api/contacts/3090_0/master"
        }
      }
    }, {
      "inputUserId" : "ANTHONI",
      "lastUpdateUserId" : "ANTHONI",
      "computerId" : "",
      "lastSynchronizedDate" : null,
      "addressNumber" : "3091",
      "sequence" : 0,
      "name" : "Ronizar Abdilah",
      "mailingName" : "Ronizar Abdilah",
      "description" : "",
      "firstName" : "",
      "middleName" : "",
      "lastName" : "",
      "nickname" : "",
      "salutation" : "",
      "gender" : "",
      "type" : "",
      "religion" : "",
      "dateOfBirth" : null,
      "placeOfBirth" : "",
      "socialSecurityNumber" : "",
      "socialSecurityDate" : null,
      "mediaObjectReference" : "",
      "lastUpdateDateTime" : "2018-03-20T11:26:52",
      "inputDateTime" : "2018-03-20T11:26:52",
      "_links" : {
        "self" : {
          "href" : "http://localhost/api/contacts/3091_0"
        },
        "contactPerson" : {
          "href" : "http://localhost/api/contacts/3091_0"
        },
        "master" : {
          "href" : "http://localhost/api/contacts/3091_0/master"
        }
      }
    }, {
      "inputUserId" : "ANTHONI",
      "lastUpdateUserId" : "ANTHONI",
      "computerId" : "",
      "lastSynchronizedDate" : null,
      "addressNumber" : "3092",
      "sequence" : 0,
      "name" : "Bambang Widwijanto",
      "mailingName" : "Bambang Widwijanto",
      "description" : "",
      "firstName" : "",
      "middleName" : "",
      "lastName" : "",
      "nickname" : "",
      "salutation" : "",
      "gender" : "",
      "type" : "",
      "religion" : "",
      "dateOfBirth" : null,
      "placeOfBirth" : "",
      "socialSecurityNumber" : "",
      "socialSecurityDate" : null,
      "mediaObjectReference" : "",
      "lastUpdateDateTime" : "2018-03-20T11:27:52",
      "inputDateTime" : "2018-03-20T11:27:52",
      "_links" : {
        "self" : {
          "href" : "http://localhost/api/contacts/3092_0"
        },
        "contactPerson" : {
          "href" : "http://localhost/api/contacts/3092_0"
        },
        "master" : {
          "href" : "http://localhost/api/contacts/3092_0/master"
        }
      }
    }, {
      "inputUserId" : "ANTHONI",
      "lastUpdateUserId" : "ANTHONI",
      "computerId" : "",
      "lastSynchronizedDate" : null,
      "addressNumber" : "3093",
      "sequence" : 0,
      "name" : "Pak Anto (Karunia Toner)",
      "mailingName" : "Pak Anto (Karunia Toner)",
      "description" : "",
      "firstName" : "",
      "middleName" : "",
      "lastName" : "",
      "nickname" : "",
      "salutation" : "",
      "gender" : "",
      "type" : "",
      "religion" : "",
      "dateOfBirth" : null,
      "placeOfBirth" : "",
      "socialSecurityNumber" : "",
      "socialSecurityDate" : null,
      "mediaObjectReference" : "",
      "lastUpdateDateTime" : "2018-03-20T11:25:40",
      "inputDateTime" : "2018-03-20T11:25:40",
      "_links" : {
        "self" : {
          "href" : "http://localhost/api/contacts/3093_0"
        },
        "contactPerson" : {
          "href" : "http://localhost/api/contacts/3093_0"
        },
        "master" : {
          "href" : "http://localhost/api/contacts/3093_0/master"
        }
      }
    }, {
      "inputUserId" : "ANTHONI",
      "lastUpdateUserId" : "ANTHONI",
      "computerId" : "",
      "lastSynchronizedDate" : null,
      "addressNumber" : "3094",
      "sequence" : 0,
      "name" : "PT Jasuindo Informatika Pratama",
      "mailingName" : "PT Jasuindo Informatika Pratama",
      "description" : "",
      "firstName" : "",
      "middleName" : "",
      "lastName" : "",
      "nickname" : "",
      "salutation" : "",
      "gender" : "",
      "type" : "",
      "religion" : "",
      "dateOfBirth" : null,
      "placeOfBirth" : "",
      "socialSecurityNumber" : "",
      "socialSecurityDate" : null,
      "mediaObjectReference" : "",
      "lastUpdateDateTime" : "2018-03-21T10:22:13",
      "inputDateTime" : "2018-03-21T10:22:13",
      "_links" : {
        "self" : {
          "href" : "http://localhost/api/contacts/3094_0"
        },
        "contactPerson" : {
          "href" : "http://localhost/api/contacts/3094_0"
        },
        "master" : {
          "href" : "http://localhost/api/contacts/3094_0/master"
        }
      }
    }, {
      "inputUserId" : "ANTHONI",
      "lastUpdateUserId" : "ANTHONI",
      "computerId" : "",
      "lastSynchronizedDate" : null,
      "addressNumber" : "3095",
      "sequence" : 0,
      "name" : "Green Computer",
      "mailingName" : "Green Computer",
      "description" : "",
      "firstName" : "",
      "middleName" : "",
      "lastName" : "",
      "nickname" : "",
      "salutation" : "",
      "gender" : "",
      "type" : "",
      "religion" : "",
      "dateOfBirth" : null,
      "placeOfBirth" : "",
      "socialSecurityNumber" : "",
      "socialSecurityDate" : null,
      "mediaObjectReference" : "",
      "lastUpdateDateTime" : "2018-03-20T11:49:52",
      "inputDateTime" : "2018-03-20T11:49:52",
      "_links" : {
        "self" : {
          "href" : "http://localhost/api/contacts/3095_0"
        },
        "contactPerson" : {
          "href" : "http://localhost/api/contacts/3095_0"
        },
        "master" : {
          "href" : "http://localhost/api/contacts/3095_0/master"
        }
      }
    }, {
      "inputUserId" : "ANTHONI",
      "lastUpdateUserId" : "ANTHONI",
      "computerId" : "",
      "lastSynchronizedDate" : null,
      "addressNumber" : "3096",
      "sequence" : 0,
      "name" : "PT AIRMAS MATARAM INTERNUSA",
      "mailingName" : "PT AIRMAS MATARAM INTERNUSA",
      "description" : "",
      "firstName" : "",
      "middleName" : "",
      "lastName" : "",
      "nickname" : "",
      "salutation" : "",
      "gender" : "",
      "type" : "",
      "religion" : "",
      "dateOfBirth" : null,
      "placeOfBirth" : "",
      "socialSecurityNumber" : "",
      "socialSecurityDate" : null,
      "mediaObjectReference" : "",
      "lastUpdateDateTime" : "2018-03-21T10:19:22",
      "inputDateTime" : "2018-03-21T10:19:22",
      "_links" : {
        "self" : {
          "href" : "http://localhost/api/contacts/3096_0"
        },
        "contactPerson" : {
          "href" : "http://localhost/api/contacts/3096_0"
        },
        "master" : {
          "href" : "http://localhost/api/contacts/3096_0/master"
        }
      }
    }, {
      "inputUserId" : "ANTHONI",
      "lastUpdateUserId" : "ANTHONI",
      "computerId" : "",
      "lastSynchronizedDate" : null,
      "addressNumber" : "3097",
      "sequence" : 0,
      "name" : "PT SAMUDRA TRASINDO",
      "mailingName" : "PT SAMUDRA TRASINDO",
      "description" : "",
      "firstName" : "",
      "middleName" : "",
      "lastName" : "",
      "nickname" : "",
      "salutation" : "",
      "gender" : "",
      "type" : "",
      "religion" : "",
      "dateOfBirth" : null,
      "placeOfBirth" : "",
      "socialSecurityNumber" : "",
      "socialSecurityDate" : null,
      "mediaObjectReference" : "",
      "lastUpdateDateTime" : "2018-03-21T10:13:42",
      "inputDateTime" : "2018-03-21T10:13:42",
      "_links" : {
        "self" : {
          "href" : "http://localhost/api/contacts/3097_0"
        },
        "contactPerson" : {
          "href" : "http://localhost/api/contacts/3097_0"
        },
        "master" : {
          "href" : "http://localhost/api/contacts/3097_0/master"
        }
      }
    }, {
      "inputUserId" : "ANTHONI",
      "lastUpdateUserId" : "ANTHONI",
      "computerId" : "",
      "lastSynchronizedDate" : null,
      "addressNumber" : "3098",
      "sequence" : 0,
      "name" : "Jaya Computer",
      "mailingName" : "Jaya Computer",
      "description" : "",
      "firstName" : "",
      "middleName" : "",
      "lastName" : "",
      "nickname" : "",
      "salutation" : "",
      "gender" : "",
      "type" : "",
      "religion" : "",
      "dateOfBirth" : null,
      "placeOfBirth" : "",
      "socialSecurityNumber" : "",
      "socialSecurityDate" : null,
      "mediaObjectReference" : "",
      "lastUpdateDateTime" : "2018-03-22T10:42:14",
      "inputDateTime" : "2018-03-22T10:42:14",
      "_links" : {
        "self" : {
          "href" : "http://localhost/api/contacts/3098_0"
        },
        "contactPerson" : {
          "href" : "http://localhost/api/contacts/3098_0"
        },
        "master" : {
          "href" : "http://localhost/api/contacts/3098_0/master"
        }
      }
    }, {
      "inputUserId" : "ANTHONI",
      "lastUpdateUserId" : "ANTHONI",
      "computerId" : "",
      "lastSynchronizedDate" : null,
      "addressNumber" : "3099",
      "sequence" : 0,
      "name" : "CV Profesca Putra Mandiri",
      "mailingName" : "CV Profesca Putra Mandiri",
      "description" : "",
      "firstName" : "",
      "middleName" : "",
      "lastName" : "",
      "nickname" : "",
      "salutation" : "",
      "gender" : "",
      "type" : "",
      "religion" : "",
      "dateOfBirth" : null,
      "placeOfBirth" : "",
      "socialSecurityNumber" : "",
      "socialSecurityDate" : null,
      "mediaObjectReference" : "",
      "lastUpdateDateTime" : "2018-03-22T10:44:08",
      "inputDateTime" : "2018-03-22T10:44:08",
      "_links" : {
        "self" : {
          "href" : "http://localhost/api/contacts/3099_0"
        },
        "contactPerson" : {
          "href" : "http://localhost/api/contacts/3099_0"
        },
        "master" : {
          "href" : "http://localhost/api/contacts/3099_0/master"
        }
      }
    }, {
      "inputUserId" : "ANTHONI",
      "lastUpdateUserId" : "ANTHONI",
      "computerId" : "",
      "lastSynchronizedDate" : null,
      "addressNumber" : "3100",
      "sequence" : 0,
      "name" : "PT AIRMAS PANTERO INTEGRASI",
      "mailingName" : "PT AIRMAS PANTERO INTEGRASI",
      "description" : "",
      "firstName" : "",
      "middleName" : "",
      "lastName" : "",
      "nickname" : "",
      "salutation" : "",
      "gender" : "",
      "type" : "",
      "religion" : "",
      "dateOfBirth" : null,
      "placeOfBirth" : "",
      "socialSecurityNumber" : "",
      "socialSecurityDate" : null,
      "mediaObjectReference" : "",
      "lastUpdateDateTime" : "2018-03-28T16:15:01",
      "inputDateTime" : "2018-03-22T18:10:51",
      "_links" : {
        "self" : {
          "href" : "http://localhost/api/contacts/3100_0"
        },
        "contactPerson" : {
          "href" : "http://localhost/api/contacts/3100_0"
        },
        "master" : {
          "href" : "http://localhost/api/contacts/3100_0/master"
        }
      }
    }, {
      "inputUserId" : "ANTHONI",
      "lastUpdateUserId" : "ANTHONI",
      "computerId" : "",
      "lastSynchronizedDate" : null,
      "addressNumber" : "3101",
      "sequence" : 0,
      "name" : "CV SOLUSI ARYA PRIMA",
      "mailingName" : "CV SOLUSI ARYA PRIMA",
      "description" : "",
      "firstName" : "",
      "middleName" : "",
      "lastName" : "",
      "nickname" : "",
      "salutation" : "",
      "gender" : "",
      "type" : "",
      "religion" : "",
      "dateOfBirth" : null,
      "placeOfBirth" : "",
      "socialSecurityNumber" : "",
      "socialSecurityDate" : null,
      "mediaObjectReference" : "",
      "lastUpdateDateTime" : "2018-03-22T18:26:34",
      "inputDateTime" : "2018-03-22T18:26:34",
      "_links" : {
        "self" : {
          "href" : "http://localhost/api/contacts/3101_0"
        },
        "contactPerson" : {
          "href" : "http://localhost/api/contacts/3101_0"
        },
        "master" : {
          "href" : "http://localhost/api/contacts/3101_0/master"
        }
      }
    }, {
      "inputUserId" : "ANTHONI",
      "lastUpdateUserId" : "ANTHONI",
      "computerId" : "",
      "lastSynchronizedDate" : null,
      "addressNumber" : "3102",
      "sequence" : 0,
      "name" : "Rizki Maulana",
      "mailingName" : "Rizki Maulana",
      "description" : "",
      "firstName" : "",
      "middleName" : "",
      "lastName" : "",
      "nickname" : "",
      "salutation" : "",
      "gender" : "",
      "type" : "",
      "religion" : "",
      "dateOfBirth" : null,
      "placeOfBirth" : "",
      "socialSecurityNumber" : "",
      "socialSecurityDate" : null,
      "mediaObjectReference" : "",
      "lastUpdateDateTime" : "2018-03-22T18:27:26",
      "inputDateTime" : "2018-03-22T18:27:26",
      "_links" : {
        "self" : {
          "href" : "http://localhost/api/contacts/3102_0"
        },
        "contactPerson" : {
          "href" : "http://localhost/api/contacts/3102_0"
        },
        "master" : {
          "href" : "http://localhost/api/contacts/3102_0/master"
        }
      }
    }, {
      "inputUserId" : "ANTHONI",
      "lastUpdateUserId" : "ANTHONI",
      "computerId" : "",
      "lastSynchronizedDate" : null,
      "addressNumber" : "3103",
      "sequence" : 0,
      "name" : "Ultima Computer",
      "mailingName" : "Ultima Computer",
      "description" : "",
      "firstName" : "",
      "middleName" : "",
      "lastName" : "",
      "nickname" : "",
      "salutation" : "",
      "gender" : "",
      "type" : "",
      "religion" : "",
      "dateOfBirth" : null,
      "placeOfBirth" : "",
      "socialSecurityNumber" : "",
      "socialSecurityDate" : null,
      "mediaObjectReference" : "",
      "lastUpdateDateTime" : "2018-03-22T18:28:42",
      "inputDateTime" : "2018-03-22T18:28:12",
      "_links" : {
        "self" : {
          "href" : "http://localhost/api/contacts/3103_0"
        },
        "contactPerson" : {
          "href" : "http://localhost/api/contacts/3103_0"
        },
        "master" : {
          "href" : "http://localhost/api/contacts/3103_0/master"
        }
      }
    }, {
      "inputUserId" : "ANTHONI",
      "lastUpdateUserId" : "ANTHONI",
      "computerId" : "",
      "lastSynchronizedDate" : null,
      "addressNumber" : "3104",
      "sequence" : 0,
      "name" : "CV Multi Sarana",
      "mailingName" : "CV Multi Sarana",
      "description" : "",
      "firstName" : "",
      "middleName" : "",
      "lastName" : "",
      "nickname" : "",
      "salutation" : "",
      "gender" : "",
      "type" : "",
      "religion" : "",
      "dateOfBirth" : null,
      "placeOfBirth" : "",
      "socialSecurityNumber" : "",
      "socialSecurityDate" : null,
      "mediaObjectReference" : "",
      "lastUpdateDateTime" : "2018-03-23T12:36:44",
      "inputDateTime" : "2018-03-23T12:36:44",
      "_links" : {
        "self" : {
          "href" : "http://localhost/api/contacts/3104_0"
        },
        "contactPerson" : {
          "href" : "http://localhost/api/contacts/3104_0"
        },
        "master" : {
          "href" : "http://localhost/api/contacts/3104_0/master"
        }
      }
    }, {
      "inputUserId" : "DEBBY",
      "lastUpdateUserId" : "DEBBY",
      "computerId" : "",
      "lastSynchronizedDate" : null,
      "addressNumber" : "3105",
      "sequence" : 0,
      "name" : "Seven Universal",
      "mailingName" : "Seven Universal",
      "description" : "",
      "firstName" : "",
      "middleName" : "",
      "lastName" : "",
      "nickname" : "",
      "salutation" : "",
      "gender" : "",
      "type" : "",
      "religion" : "",
      "dateOfBirth" : null,
      "placeOfBirth" : "",
      "socialSecurityNumber" : "",
      "socialSecurityDate" : null,
      "mediaObjectReference" : "",
      "lastUpdateDateTime" : "2018-03-23T17:07:03",
      "inputDateTime" : "2018-03-23T17:07:03",
      "_links" : {
        "self" : {
          "href" : "http://localhost/api/contacts/3105_0"
        },
        "contactPerson" : {
          "href" : "http://localhost/api/contacts/3105_0"
        },
        "master" : {
          "href" : "http://localhost/api/contacts/3105_0/master"
        }
      }
    }, {
      "inputUserId" : "ANTHONI",
      "lastUpdateUserId" : "ANTHONI",
      "computerId" : "",
      "lastSynchronizedDate" : null,
      "addressNumber" : "3106",
      "sequence" : 0,
      "name" : "PT Macro Trend Technology",
      "mailingName" : "PT Macro Trend Technology",
      "description" : "",
      "firstName" : "",
      "middleName" : "",
      "lastName" : "",
      "nickname" : "",
      "salutation" : "",
      "gender" : "",
      "type" : "",
      "religion" : "",
      "dateOfBirth" : null,
      "placeOfBirth" : "",
      "socialSecurityNumber" : "",
      "socialSecurityDate" : null,
      "mediaObjectReference" : "",
      "lastUpdateDateTime" : "2018-03-26T09:27:34",
      "inputDateTime" : "2018-03-26T09:27:34",
      "_links" : {
        "self" : {
          "href" : "http://localhost/api/contacts/3106_0"
        },
        "contactPerson" : {
          "href" : "http://localhost/api/contacts/3106_0"
        },
        "master" : {
          "href" : "http://localhost/api/contacts/3106_0/master"
        }
      }
    }, {
      "inputUserId" : "ANTHONI",
      "lastUpdateUserId" : "ANTHONI",
      "computerId" : "",
      "lastSynchronizedDate" : null,
      "addressNumber" : "3107",
      "sequence" : 0,
      "name" : "PT Jati Dharma Indah Plywood Industries",
      "mailingName" : "PT Jati Dharma Indah Plywood Industries",
      "description" : "",
      "firstName" : "",
      "middleName" : "",
      "lastName" : "",
      "nickname" : "",
      "salutation" : "",
      "gender" : "",
      "type" : "",
      "religion" : "",
      "dateOfBirth" : null,
      "placeOfBirth" : "",
      "socialSecurityNumber" : "",
      "socialSecurityDate" : null,
      "mediaObjectReference" : "",
      "lastUpdateDateTime" : "2018-03-26T10:21:44",
      "inputDateTime" : "2018-03-26T10:21:44",
      "_links" : {
        "self" : {
          "href" : "http://localhost/api/contacts/3107_0"
        },
        "contactPerson" : {
          "href" : "http://localhost/api/contacts/3107_0"
        },
        "master" : {
          "href" : "http://localhost/api/contacts/3107_0/master"
        }
      }
    }, {
      "inputUserId" : "ANTHONI",
      "lastUpdateUserId" : "ANTHONI",
      "computerId" : "",
      "lastSynchronizedDate" : null,
      "addressNumber" : "3108",
      "sequence" : 0,
      "name" : "AH Comm",
      "mailingName" : "AH Comm",
      "description" : "",
      "firstName" : "",
      "middleName" : "",
      "lastName" : "",
      "nickname" : "",
      "salutation" : "",
      "gender" : "",
      "type" : "",
      "religion" : "",
      "dateOfBirth" : null,
      "placeOfBirth" : "",
      "socialSecurityNumber" : "",
      "socialSecurityDate" : null,
      "mediaObjectReference" : "",
      "lastUpdateDateTime" : "2018-03-27T09:58:57",
      "inputDateTime" : "2018-03-27T09:58:32",
      "_links" : {
        "self" : {
          "href" : "http://localhost/api/contacts/3108_0"
        },
        "contactPerson" : {
          "href" : "http://localhost/api/contacts/3108_0"
        },
        "master" : {
          "href" : "http://localhost/api/contacts/3108_0/master"
        }
      }
    }, {
      "inputUserId" : "ANTHONI",
      "lastUpdateUserId" : "ANTHONI",
      "computerId" : "",
      "lastSynchronizedDate" : null,
      "addressNumber" : "3109",
      "sequence" : 0,
      "name" : "K9 Computer",
      "mailingName" : "K9 Computer",
      "description" : "",
      "firstName" : "",
      "middleName" : "",
      "lastName" : "",
      "nickname" : "",
      "salutation" : "",
      "gender" : "",
      "type" : "",
      "religion" : "",
      "dateOfBirth" : null,
      "placeOfBirth" : "",
      "socialSecurityNumber" : "",
      "socialSecurityDate" : null,
      "mediaObjectReference" : "",
      "lastUpdateDateTime" : "2018-03-27T11:05:54",
      "inputDateTime" : "2018-03-27T11:04:57",
      "_links" : {
        "self" : {
          "href" : "http://localhost/api/contacts/3109_0"
        },
        "contactPerson" : {
          "href" : "http://localhost/api/contacts/3109_0"
        },
        "master" : {
          "href" : "http://localhost/api/contacts/3109_0/master"
        }
      }
    }, {
      "inputUserId" : "ANTHONI",
      "lastUpdateUserId" : "ANTHONI",
      "computerId" : "",
      "lastSynchronizedDate" : null,
      "addressNumber" : "3110",
      "sequence" : 0,
      "name" : "Operasional Kelurahan Balaskrumpik",
      "mailingName" : "Operasional Kelurahan Balaskrumpik",
      "description" : "",
      "firstName" : "",
      "middleName" : "",
      "lastName" : "",
      "nickname" : "",
      "salutation" : "",
      "gender" : "",
      "type" : "",
      "religion" : "",
      "dateOfBirth" : null,
      "placeOfBirth" : "",
      "socialSecurityNumber" : "",
      "socialSecurityDate" : null,
      "mediaObjectReference" : "",
      "lastUpdateDateTime" : "2018-03-27T16:30:03",
      "inputDateTime" : "2018-03-27T16:30:03",
      "_links" : {
        "self" : {
          "href" : "http://localhost/api/contacts/3110_0"
        },
        "contactPerson" : {
          "href" : "http://localhost/api/contacts/3110_0"
        },
        "master" : {
          "href" : "http://localhost/api/contacts/3110_0/master"
        }
      }
    }, {
      "inputUserId" : "ANTHONI",
      "lastUpdateUserId" : "ANTHONI",
      "computerId" : "",
      "lastSynchronizedDate" : null,
      "addressNumber" : "3111",
      "sequence" : 0,
      "name" : "Operasional Kelurahan Wiyung",
      "mailingName" : "Operasional Kelurahan Wiyung",
      "description" : "",
      "firstName" : "",
      "middleName" : "",
      "lastName" : "",
      "nickname" : "",
      "salutation" : "",
      "gender" : "",
      "type" : "",
      "religion" : "",
      "dateOfBirth" : null,
      "placeOfBirth" : "",
      "socialSecurityNumber" : "",
      "socialSecurityDate" : null,
      "mediaObjectReference" : "",
      "lastUpdateDateTime" : "2018-03-27T16:30:49",
      "inputDateTime" : "2018-03-27T16:30:49",
      "_links" : {
        "self" : {
          "href" : "http://localhost/api/contacts/3111_0"
        },
        "contactPerson" : {
          "href" : "http://localhost/api/contacts/3111_0"
        },
        "master" : {
          "href" : "http://localhost/api/contacts/3111_0/master"
        }
      }
    }, {
      "inputUserId" : "ANTHONI",
      "lastUpdateUserId" : "ANTHONI",
      "computerId" : "",
      "lastSynchronizedDate" : null,
      "addressNumber" : "3112",
      "sequence" : 0,
      "name" : "PT SBC Berkah Bersama",
      "mailingName" : "PT SBC Berkah Bersama",
      "description" : "",
      "firstName" : "",
      "middleName" : "",
      "lastName" : "",
      "nickname" : "",
      "salutation" : "",
      "gender" : "",
      "type" : "",
      "religion" : "",
      "dateOfBirth" : null,
      "placeOfBirth" : "",
      "socialSecurityNumber" : "",
      "socialSecurityDate" : null,
      "mediaObjectReference" : "",
      "lastUpdateDateTime" : "2018-03-27T16:33:27",
      "inputDateTime" : "2018-03-27T16:33:27",
      "_links" : {
        "self" : {
          "href" : "http://localhost/api/contacts/3112_0"
        },
        "contactPerson" : {
          "href" : "http://localhost/api/contacts/3112_0"
        },
        "master" : {
          "href" : "http://localhost/api/contacts/3112_0/master"
        }
      }
    }, {
      "inputUserId" : "ANTHONI",
      "lastUpdateUserId" : "ANTHONI",
      "computerId" : "",
      "lastSynchronizedDate" : null,
      "addressNumber" : "3113",
      "sequence" : 0,
      "name" : "Mulia Printer Jombang",
      "mailingName" : "Mulia Printer Jombang",
      "description" : "",
      "firstName" : "",
      "middleName" : "",
      "lastName" : "",
      "nickname" : "",
      "salutation" : "",
      "gender" : "",
      "type" : "",
      "religion" : "",
      "dateOfBirth" : null,
      "placeOfBirth" : "",
      "socialSecurityNumber" : "",
      "socialSecurityDate" : null,
      "mediaObjectReference" : "",
      "lastUpdateDateTime" : "2018-03-28T15:15:15",
      "inputDateTime" : "2018-03-28T15:15:15",
      "_links" : {
        "self" : {
          "href" : "http://localhost/api/contacts/3113_0"
        },
        "contactPerson" : {
          "href" : "http://localhost/api/contacts/3113_0"
        },
        "master" : {
          "href" : "http://localhost/api/contacts/3113_0/master"
        }
      }
    }, {
      "inputUserId" : "ANTHONI",
      "lastUpdateUserId" : "ANTHONI",
      "computerId" : "",
      "lastSynchronizedDate" : null,
      "addressNumber" : "3114",
      "sequence" : 0,
      "name" : "Prolink Shop (PROSHOP)",
      "mailingName" : "Prolink Shop (PROSHOP)",
      "description" : "",
      "firstName" : "",
      "middleName" : "",
      "lastName" : "",
      "nickname" : "",
      "salutation" : "",
      "gender" : "",
      "type" : "",
      "religion" : "",
      "dateOfBirth" : null,
      "placeOfBirth" : "",
      "socialSecurityNumber" : "",
      "socialSecurityDate" : null,
      "mediaObjectReference" : "",
      "lastUpdateDateTime" : "2018-03-28T16:59:28",
      "inputDateTime" : "2018-03-28T16:58:41",
      "_links" : {
        "self" : {
          "href" : "http://localhost/api/contacts/3114_0"
        },
        "contactPerson" : {
          "href" : "http://localhost/api/contacts/3114_0"
        },
        "master" : {
          "href" : "http://localhost/api/contacts/3114_0/master"
        }
      }
    }, {
      "inputUserId" : "ANTHONI",
      "lastUpdateUserId" : "ANTHONI",
      "computerId" : "",
      "lastSynchronizedDate" : null,
      "addressNumber" : "3115",
      "sequence" : 0,
      "name" : "PT SURYA MAKMUR KREASINDO (Harapan Jaya)",
      "mailingName" : "PT SURYA MAKMUR KREASINDO (Harapan Jaya)",
      "description" : "",
      "firstName" : "",
      "middleName" : "",
      "lastName" : "",
      "nickname" : "",
      "salutation" : "",
      "gender" : "",
      "type" : "",
      "religion" : "",
      "dateOfBirth" : null,
      "placeOfBirth" : "",
      "socialSecurityNumber" : "",
      "socialSecurityDate" : null,
      "mediaObjectReference" : "",
      "lastUpdateDateTime" : "2018-03-28T14:33:14",
      "inputDateTime" : "2018-03-28T14:33:14",
      "_links" : {
        "self" : {
          "href" : "http://localhost/api/contacts/3115_0"
        },
        "contactPerson" : {
          "href" : "http://localhost/api/contacts/3115_0"
        },
        "master" : {
          "href" : "http://localhost/api/contacts/3115_0/master"
        }
      }
    }, {
      "inputUserId" : "ANTHONI",
      "lastUpdateUserId" : "ANTHONI",
      "computerId" : "",
      "lastSynchronizedDate" : null,
      "addressNumber" : "3116",
      "sequence" : 0,
      "name" : "IGN Mahendra",
      "mailingName" : "IGN Mahendra",
      "description" : "",
      "firstName" : "",
      "middleName" : "",
      "lastName" : "",
      "nickname" : "",
      "salutation" : "",
      "gender" : "",
      "type" : "",
      "religion" : "",
      "dateOfBirth" : null,
      "placeOfBirth" : "",
      "socialSecurityNumber" : "",
      "socialSecurityDate" : null,
      "mediaObjectReference" : "",
      "lastUpdateDateTime" : "2018-03-29T10:14:49",
      "inputDateTime" : "2018-03-29T10:14:49",
      "_links" : {
        "self" : {
          "href" : "http://localhost/api/contacts/3116_0"
        },
        "contactPerson" : {
          "href" : "http://localhost/api/contacts/3116_0"
        },
        "master" : {
          "href" : "http://localhost/api/contacts/3116_0/master"
        }
      }
    }, {
      "inputUserId" : "ANTHONI",
      "lastUpdateUserId" : "ANTHONI",
      "computerId" : "",
      "lastSynchronizedDate" : null,
      "addressNumber" : "3117",
      "sequence" : 0,
      "name" : "Surya Abadi Computer",
      "mailingName" : "Surya Abadi Computer",
      "description" : "",
      "firstName" : "",
      "middleName" : "",
      "lastName" : "",
      "nickname" : "",
      "salutation" : "",
      "gender" : "",
      "type" : "",
      "religion" : "",
      "dateOfBirth" : null,
      "placeOfBirth" : "",
      "socialSecurityNumber" : "",
      "socialSecurityDate" : null,
      "mediaObjectReference" : "",
      "lastUpdateDateTime" : "2018-04-02T10:20:52",
      "inputDateTime" : "2018-04-02T10:20:52",
      "_links" : {
        "self" : {
          "href" : "http://localhost/api/contacts/3117_0"
        },
        "contactPerson" : {
          "href" : "http://localhost/api/contacts/3117_0"
        },
        "master" : {
          "href" : "http://localhost/api/contacts/3117_0/master"
        }
      }
    }, {
      "inputUserId" : "ANTHONI",
      "lastUpdateUserId" : "ANTHONI",
      "computerId" : "",
      "lastSynchronizedDate" : null,
      "addressNumber" : "3118",
      "sequence" : 0,
      "name" : "PT Biometrik Citra Solusi",
      "mailingName" : "PT Biometrik Citra Solusi",
      "description" : "",
      "firstName" : "",
      "middleName" : "",
      "lastName" : "",
      "nickname" : "",
      "salutation" : "",
      "gender" : "",
      "type" : "",
      "religion" : "",
      "dateOfBirth" : null,
      "placeOfBirth" : "",
      "socialSecurityNumber" : "",
      "socialSecurityDate" : null,
      "mediaObjectReference" : "",
      "lastUpdateDateTime" : "2018-04-02T10:49:22",
      "inputDateTime" : "2018-04-02T10:49:22",
      "_links" : {
        "self" : {
          "href" : "http://localhost/api/contacts/3118_0"
        },
        "contactPerson" : {
          "href" : "http://localhost/api/contacts/3118_0"
        },
        "master" : {
          "href" : "http://localhost/api/contacts/3118_0/master"
        }
      }
    }, {
      "inputUserId" : "ANTHONI",
      "lastUpdateUserId" : "ANTHONI",
      "computerId" : "",
      "lastSynchronizedDate" : null,
      "addressNumber" : "3119",
      "sequence" : 0,
      "name" : "PT Ingram Micro Indonesia",
      "mailingName" : "PT Ingram Micro Indonesia",
      "description" : "",
      "firstName" : "",
      "middleName" : "",
      "lastName" : "",
      "nickname" : "",
      "salutation" : "",
      "gender" : "",
      "type" : "",
      "religion" : "",
      "dateOfBirth" : null,
      "placeOfBirth" : "",
      "socialSecurityNumber" : "",
      "socialSecurityDate" : null,
      "mediaObjectReference" : "",
      "lastUpdateDateTime" : "2018-04-05T10:43:58",
      "inputDateTime" : "2018-04-05T10:43:58",
      "_links" : {
        "self" : {
          "href" : "http://localhost/api/contacts/3119_0"
        },
        "contactPerson" : {
          "href" : "http://localhost/api/contacts/3119_0"
        },
        "master" : {
          "href" : "http://localhost/api/contacts/3119_0/master"
        }
      }
    }, {
      "inputUserId" : "ANTHONI",
      "lastUpdateUserId" : "ANTHONI",
      "computerId" : "",
      "lastSynchronizedDate" : null,
      "addressNumber" : "3120",
      "sequence" : 0,
      "name" : "TOKOKASIR.COM",
      "mailingName" : "TOKOKASIR.COM",
      "description" : "",
      "firstName" : "",
      "middleName" : "",
      "lastName" : "",
      "nickname" : "",
      "salutation" : "",
      "gender" : "",
      "type" : "",
      "religion" : "",
      "dateOfBirth" : null,
      "placeOfBirth" : "",
      "socialSecurityNumber" : "",
      "socialSecurityDate" : null,
      "mediaObjectReference" : "",
      "lastUpdateDateTime" : "2018-04-09T14:41:24",
      "inputDateTime" : "2018-04-09T14:41:24",
      "_links" : {
        "self" : {
          "href" : "http://localhost/api/contacts/3120_0"
        },
        "contactPerson" : {
          "href" : "http://localhost/api/contacts/3120_0"
        },
        "master" : {
          "href" : "http://localhost/api/contacts/3120_0/master"
        }
      }
    }, {
      "inputUserId" : "ANTHONI",
      "lastUpdateUserId" : "ANTHONI",
      "computerId" : "",
      "lastSynchronizedDate" : null,
      "addressNumber" : "3121",
      "sequence" : 0,
      "name" : "Siti Nur Lailiyah",
      "mailingName" : "Siti Nur Lailiyah",
      "description" : "",
      "firstName" : "",
      "middleName" : "",
      "lastName" : "",
      "nickname" : "",
      "salutation" : "",
      "gender" : "",
      "type" : "",
      "religion" : "",
      "dateOfBirth" : null,
      "placeOfBirth" : "",
      "socialSecurityNumber" : "",
      "socialSecurityDate" : null,
      "mediaObjectReference" : "",
      "lastUpdateDateTime" : "2018-04-10T12:26:26",
      "inputDateTime" : "2018-04-10T12:26:26",
      "_links" : {
        "self" : {
          "href" : "http://localhost/api/contacts/3121_0"
        },
        "contactPerson" : {
          "href" : "http://localhost/api/contacts/3121_0"
        },
        "master" : {
          "href" : "http://localhost/api/contacts/3121_0/master"
        }
      }
    }, {
      "inputUserId" : "ANTHONI",
      "lastUpdateUserId" : "ANTHONI",
      "computerId" : "",
      "lastSynchronizedDate" : null,
      "addressNumber" : "3122",
      "sequence" : 0,
      "name" : "PT Indowire Prima Industrindo",
      "mailingName" : "PT Indowire Prima Industrindo",
      "description" : "",
      "firstName" : "",
      "middleName" : "",
      "lastName" : "",
      "nickname" : "",
      "salutation" : "",
      "gender" : "",
      "type" : "",
      "religion" : "",
      "dateOfBirth" : null,
      "placeOfBirth" : "",
      "socialSecurityNumber" : "",
      "socialSecurityDate" : null,
      "mediaObjectReference" : "",
      "lastUpdateDateTime" : "2018-04-10T12:28:32",
      "inputDateTime" : "2018-04-10T12:28:32",
      "_links" : {
        "self" : {
          "href" : "http://localhost/api/contacts/3122_0"
        },
        "contactPerson" : {
          "href" : "http://localhost/api/contacts/3122_0"
        },
        "master" : {
          "href" : "http://localhost/api/contacts/3122_0/master"
        }
      }
    }, {
      "inputUserId" : "ANTHONI",
      "lastUpdateUserId" : "ANTHONI",
      "computerId" : "",
      "lastSynchronizedDate" : null,
      "addressNumber" : "3123",
      "sequence" : 0,
      "name" : "CV Putra Pasundan",
      "mailingName" : "CV Putra Pasundan",
      "description" : "",
      "firstName" : "",
      "middleName" : "",
      "lastName" : "",
      "nickname" : "",
      "salutation" : "",
      "gender" : "",
      "type" : "",
      "religion" : "",
      "dateOfBirth" : null,
      "placeOfBirth" : "",
      "socialSecurityNumber" : "",
      "socialSecurityDate" : null,
      "mediaObjectReference" : "",
      "lastUpdateDateTime" : "2018-04-10T12:29:47",
      "inputDateTime" : "2018-04-10T12:29:47",
      "_links" : {
        "self" : {
          "href" : "http://localhost/api/contacts/3123_0"
        },
        "contactPerson" : {
          "href" : "http://localhost/api/contacts/3123_0"
        },
        "master" : {
          "href" : "http://localhost/api/contacts/3123_0/master"
        }
      }
    }, {
      "inputUserId" : "ANTHONI",
      "lastUpdateUserId" : "ANTHONI",
      "computerId" : "",
      "lastSynchronizedDate" : null,
      "addressNumber" : "3124",
      "sequence" : 0,
      "name" : "Solusi Komunikasi Cendekia",
      "mailingName" : "Solusi Komunikasi Cendekia",
      "description" : "",
      "firstName" : "",
      "middleName" : "",
      "lastName" : "",
      "nickname" : "",
      "salutation" : "",
      "gender" : "",
      "type" : "",
      "religion" : "",
      "dateOfBirth" : null,
      "placeOfBirth" : "",
      "socialSecurityNumber" : "",
      "socialSecurityDate" : null,
      "mediaObjectReference" : "",
      "lastUpdateDateTime" : "2018-04-10T12:36:31",
      "inputDateTime" : "2018-04-10T12:36:31",
      "_links" : {
        "self" : {
          "href" : "http://localhost/api/contacts/3124_0"
        },
        "contactPerson" : {
          "href" : "http://localhost/api/contacts/3124_0"
        },
        "master" : {
          "href" : "http://localhost/api/contacts/3124_0/master"
        }
      }
    }, {
      "inputUserId" : "ANTHONI",
      "lastUpdateUserId" : "ANTHONI",
      "computerId" : "",
      "lastSynchronizedDate" : null,
      "addressNumber" : "3125",
      "sequence" : 0,
      "name" : "PT Panasonic Gobel Indonesia",
      "mailingName" : "PT Panasonic Gobel Indonesia",
      "description" : "",
      "firstName" : "",
      "middleName" : "",
      "lastName" : "",
      "nickname" : "",
      "salutation" : "",
      "gender" : "",
      "type" : "",
      "religion" : "",
      "dateOfBirth" : null,
      "placeOfBirth" : "",
      "socialSecurityNumber" : "",
      "socialSecurityDate" : null,
      "mediaObjectReference" : "",
      "lastUpdateDateTime" : "2018-04-10T12:40:30",
      "inputDateTime" : "2018-04-10T12:40:30",
      "_links" : {
        "self" : {
          "href" : "http://localhost/api/contacts/3125_0"
        },
        "contactPerson" : {
          "href" : "http://localhost/api/contacts/3125_0"
        },
        "master" : {
          "href" : "http://localhost/api/contacts/3125_0/master"
        }
      }
    }, {
      "inputUserId" : "ANTHONI",
      "lastUpdateUserId" : "ANTHONI",
      "computerId" : "",
      "lastSynchronizedDate" : null,
      "addressNumber" : "3126",
      "sequence" : 0,
      "name" : "PT Skill Indotimur Agung",
      "mailingName" : "PT Skill Indotimur Agung",
      "description" : "",
      "firstName" : "",
      "middleName" : "",
      "lastName" : "",
      "nickname" : "",
      "salutation" : "",
      "gender" : "",
      "type" : "",
      "religion" : "",
      "dateOfBirth" : null,
      "placeOfBirth" : "",
      "socialSecurityNumber" : "",
      "socialSecurityDate" : null,
      "mediaObjectReference" : "",
      "lastUpdateDateTime" : "2018-04-10T12:42:13",
      "inputDateTime" : "2018-04-10T12:42:13",
      "_links" : {
        "self" : {
          "href" : "http://localhost/api/contacts/3126_0"
        },
        "contactPerson" : {
          "href" : "http://localhost/api/contacts/3126_0"
        },
        "master" : {
          "href" : "http://localhost/api/contacts/3126_0/master"
        }
      }
    }, {
      "inputUserId" : "ANTHONI",
      "lastUpdateUserId" : "ANTHONI",
      "computerId" : "",
      "lastSynchronizedDate" : null,
      "addressNumber" : "3127",
      "sequence" : 0,
      "name" : "Kelurahan Nyamplungan",
      "mailingName" : "Kelurahan Nyamplungan",
      "description" : "",
      "firstName" : "",
      "middleName" : "",
      "lastName" : "",
      "nickname" : "",
      "salutation" : "",
      "gender" : "",
      "type" : "",
      "religion" : "",
      "dateOfBirth" : null,
      "placeOfBirth" : "",
      "socialSecurityNumber" : "",
      "socialSecurityDate" : null,
      "mediaObjectReference" : "",
      "lastUpdateDateTime" : "2018-04-10T12:44:30",
      "inputDateTime" : "2018-04-10T12:44:30",
      "_links" : {
        "self" : {
          "href" : "http://localhost/api/contacts/3127_0"
        },
        "contactPerson" : {
          "href" : "http://localhost/api/contacts/3127_0"
        },
        "master" : {
          "href" : "http://localhost/api/contacts/3127_0/master"
        }
      }
    }, {
      "inputUserId" : "ANTHONI",
      "lastUpdateUserId" : "ANTHONI",
      "computerId" : "",
      "lastSynchronizedDate" : null,
      "addressNumber" : "3128",
      "sequence" : 0,
      "name" : "Kelurahan Perak Timur",
      "mailingName" : "Kelurahan Perak Timur",
      "description" : "",
      "firstName" : "",
      "middleName" : "",
      "lastName" : "",
      "nickname" : "",
      "salutation" : "",
      "gender" : "",
      "type" : "",
      "religion" : "",
      "dateOfBirth" : null,
      "placeOfBirth" : "",
      "socialSecurityNumber" : "",
      "socialSecurityDate" : null,
      "mediaObjectReference" : "",
      "lastUpdateDateTime" : "2018-04-10T12:47:29",
      "inputDateTime" : "2018-04-10T12:47:29",
      "_links" : {
        "self" : {
          "href" : "http://localhost/api/contacts/3128_0"
        },
        "contactPerson" : {
          "href" : "http://localhost/api/contacts/3128_0"
        },
        "master" : {
          "href" : "http://localhost/api/contacts/3128_0/master"
        }
      }
    }, {
      "inputUserId" : "ANTHONI",
      "lastUpdateUserId" : "ANTHONI",
      "computerId" : "",
      "lastSynchronizedDate" : null,
      "addressNumber" : "3129",
      "sequence" : 0,
      "name" : "Oke Com",
      "mailingName" : "Oke Com",
      "description" : "",
      "firstName" : "",
      "middleName" : "",
      "lastName" : "",
      "nickname" : "",
      "salutation" : "",
      "gender" : "",
      "type" : "",
      "religion" : "",
      "dateOfBirth" : null,
      "placeOfBirth" : "",
      "socialSecurityNumber" : "",
      "socialSecurityDate" : null,
      "mediaObjectReference" : "",
      "lastUpdateDateTime" : "2018-04-10T12:51:28",
      "inputDateTime" : "2018-04-10T12:51:28",
      "_links" : {
        "self" : {
          "href" : "http://localhost/api/contacts/3129_0"
        },
        "contactPerson" : {
          "href" : "http://localhost/api/contacts/3129_0"
        },
        "master" : {
          "href" : "http://localhost/api/contacts/3129_0/master"
        }
      }
    }, {
      "inputUserId" : "ANTHONI",
      "lastUpdateUserId" : "ANTHONI",
      "computerId" : "",
      "lastSynchronizedDate" : null,
      "addressNumber" : "3130",
      "sequence" : 0,
      "name" : "PT Esa Sarwaguna Adinata",
      "mailingName" : "PT Esa Sarwaguna Adinata",
      "description" : "",
      "firstName" : "",
      "middleName" : "",
      "lastName" : "",
      "nickname" : "",
      "salutation" : "",
      "gender" : "",
      "type" : "",
      "religion" : "",
      "dateOfBirth" : null,
      "placeOfBirth" : "",
      "socialSecurityNumber" : "",
      "socialSecurityDate" : null,
      "mediaObjectReference" : "",
      "lastUpdateDateTime" : "2018-04-12T13:43:21",
      "inputDateTime" : "2018-04-12T13:43:21",
      "_links" : {
        "self" : {
          "href" : "http://localhost/api/contacts/3130_0"
        },
        "contactPerson" : {
          "href" : "http://localhost/api/contacts/3130_0"
        },
        "master" : {
          "href" : "http://localhost/api/contacts/3130_0/master"
        }
      }
    }, {
      "inputUserId" : "ANTHONI",
      "lastUpdateUserId" : "ANTHONI",
      "computerId" : "",
      "lastSynchronizedDate" : null,
      "addressNumber" : "3131",
      "sequence" : 0,
      "name" : "INFOKOM",
      "mailingName" : "INFOKOM",
      "description" : "",
      "firstName" : "",
      "middleName" : "",
      "lastName" : "",
      "nickname" : "",
      "salutation" : "",
      "gender" : "",
      "type" : "",
      "religion" : "",
      "dateOfBirth" : null,
      "placeOfBirth" : "",
      "socialSecurityNumber" : "",
      "socialSecurityDate" : null,
      "mediaObjectReference" : "",
      "lastUpdateDateTime" : "2018-04-13T15:47:11",
      "inputDateTime" : "2018-04-13T15:47:11",
      "_links" : {
        "self" : {
          "href" : "http://localhost/api/contacts/3131_0"
        },
        "contactPerson" : {
          "href" : "http://localhost/api/contacts/3131_0"
        },
        "master" : {
          "href" : "http://localhost/api/contacts/3131_0/master"
        }
      }
    }, {
      "inputUserId" : "ANTHONI",
      "lastUpdateUserId" : "ANTHONI",
      "computerId" : "",
      "lastSynchronizedDate" : null,
      "addressNumber" : "3132",
      "sequence" : 0,
      "name" : "CV Matrix Computer",
      "mailingName" : "CV Matrix Computer",
      "description" : "",
      "firstName" : "",
      "middleName" : "",
      "lastName" : "",
      "nickname" : "",
      "salutation" : "",
      "gender" : "",
      "type" : "",
      "religion" : "",
      "dateOfBirth" : null,
      "placeOfBirth" : "",
      "socialSecurityNumber" : "",
      "socialSecurityDate" : null,
      "mediaObjectReference" : "",
      "lastUpdateDateTime" : "2018-04-14T10:52:18",
      "inputDateTime" : "2018-04-14T10:52:18",
      "_links" : {
        "self" : {
          "href" : "http://localhost/api/contacts/3132_0"
        },
        "contactPerson" : {
          "href" : "http://localhost/api/contacts/3132_0"
        },
        "master" : {
          "href" : "http://localhost/api/contacts/3132_0/master"
        }
      }
    }, {
      "inputUserId" : "ANTHONI",
      "lastUpdateUserId" : "ANTHONI",
      "computerId" : "",
      "lastSynchronizedDate" : null,
      "addressNumber" : "3133",
      "sequence" : 0,
      "name" : "CV Cahaya Abadi Persada",
      "mailingName" : "CV Cahaya Abadi Persada",
      "description" : "",
      "firstName" : "",
      "middleName" : "",
      "lastName" : "",
      "nickname" : "",
      "salutation" : "",
      "gender" : "",
      "type" : "",
      "religion" : "",
      "dateOfBirth" : null,
      "placeOfBirth" : "",
      "socialSecurityNumber" : "",
      "socialSecurityDate" : null,
      "mediaObjectReference" : "",
      "lastUpdateDateTime" : "2018-04-14T12:33:48",
      "inputDateTime" : "2018-04-14T12:33:48",
      "_links" : {
        "self" : {
          "href" : "http://localhost/api/contacts/3133_0"
        },
        "contactPerson" : {
          "href" : "http://localhost/api/contacts/3133_0"
        },
        "master" : {
          "href" : "http://localhost/api/contacts/3133_0/master"
        }
      }
    }, {
      "inputUserId" : "ANTHONI",
      "lastUpdateUserId" : "ANTHONI",
      "computerId" : "",
      "lastSynchronizedDate" : null,
      "addressNumber" : "3134",
      "sequence" : 0,
      "name" : "CV Metro Star Computer",
      "mailingName" : "CV Metro Star Computer",
      "description" : "",
      "firstName" : "",
      "middleName" : "",
      "lastName" : "",
      "nickname" : "",
      "salutation" : "",
      "gender" : "",
      "type" : "",
      "religion" : "",
      "dateOfBirth" : null,
      "placeOfBirth" : "",
      "socialSecurityNumber" : "",
      "socialSecurityDate" : null,
      "mediaObjectReference" : "",
      "lastUpdateDateTime" : "2018-04-16T11:07:34",
      "inputDateTime" : "2018-04-16T11:07:34",
      "_links" : {
        "self" : {
          "href" : "http://localhost/api/contacts/3134_0"
        },
        "contactPerson" : {
          "href" : "http://localhost/api/contacts/3134_0"
        },
        "master" : {
          "href" : "http://localhost/api/contacts/3134_0/master"
        }
      }
    }, {
      "inputUserId" : "ANTHONI",
      "lastUpdateUserId" : "ANTHONI",
      "computerId" : "",
      "lastSynchronizedDate" : null,
      "addressNumber" : "3135",
      "sequence" : 0,
      "name" : "ANDRE",
      "mailingName" : "ANDRE",
      "description" : "",
      "firstName" : "",
      "middleName" : "",
      "lastName" : "",
      "nickname" : "",
      "salutation" : "",
      "gender" : "",
      "type" : "",
      "religion" : "",
      "dateOfBirth" : null,
      "placeOfBirth" : "",
      "socialSecurityNumber" : "",
      "socialSecurityDate" : null,
      "mediaObjectReference" : "",
      "lastUpdateDateTime" : "2018-04-16T14:22:16",
      "inputDateTime" : "2018-04-16T12:35:20",
      "_links" : {
        "self" : {
          "href" : "http://localhost/api/contacts/3135_0"
        },
        "contactPerson" : {
          "href" : "http://localhost/api/contacts/3135_0"
        },
        "master" : {
          "href" : "http://localhost/api/contacts/3135_0/master"
        }
      }
    }, {
      "inputUserId" : "ANTHONI",
      "lastUpdateUserId" : "ANTHONI",
      "computerId" : "",
      "lastSynchronizedDate" : null,
      "addressNumber" : "3136",
      "sequence" : 0,
      "name" : "CV Mitra Solution",
      "mailingName" : "Cv Mitra Solution",
      "description" : "",
      "firstName" : "",
      "middleName" : "",
      "lastName" : "",
      "nickname" : "",
      "salutation" : "",
      "gender" : "",
      "type" : "",
      "religion" : "",
      "dateOfBirth" : null,
      "placeOfBirth" : "",
      "socialSecurityNumber" : "",
      "socialSecurityDate" : null,
      "mediaObjectReference" : "",
      "lastUpdateDateTime" : "2018-04-16T14:22:02",
      "inputDateTime" : "2018-04-16T14:22:02",
      "_links" : {
        "self" : {
          "href" : "http://localhost/api/contacts/3136_0"
        },
        "contactPerson" : {
          "href" : "http://localhost/api/contacts/3136_0"
        },
        "master" : {
          "href" : "http://localhost/api/contacts/3136_0/master"
        }
      }
    }, {
      "inputUserId" : "ANTHONI",
      "lastUpdateUserId" : "ANTHONI",
      "computerId" : "",
      "lastSynchronizedDate" : null,
      "addressNumber" : "3137",
      "sequence" : 0,
      "name" : "CV Mitra Citra Gemilang",
      "mailingName" : "CV Mitra Citra Gemilang",
      "description" : "",
      "firstName" : "",
      "middleName" : "",
      "lastName" : "",
      "nickname" : "",
      "salutation" : "",
      "gender" : "",
      "type" : "",
      "religion" : "",
      "dateOfBirth" : null,
      "placeOfBirth" : "",
      "socialSecurityNumber" : "",
      "socialSecurityDate" : null,
      "mediaObjectReference" : "",
      "lastUpdateDateTime" : "2018-04-16T15:03:58",
      "inputDateTime" : "2018-04-16T15:03:58",
      "_links" : {
        "self" : {
          "href" : "http://localhost/api/contacts/3137_0"
        },
        "contactPerson" : {
          "href" : "http://localhost/api/contacts/3137_0"
        },
        "master" : {
          "href" : "http://localhost/api/contacts/3137_0/master"
        }
      }
    }, {
      "inputUserId" : "ANTHONI",
      "lastUpdateUserId" : "ANTHONI",
      "computerId" : "",
      "lastSynchronizedDate" : null,
      "addressNumber" : "3138",
      "sequence" : 0,
      "name" : "PT. Indonesian Marine",
      "mailingName" : "PT. Indonesia Marine",
      "description" : "",
      "firstName" : "",
      "middleName" : "",
      "lastName" : "",
      "nickname" : "",
      "salutation" : "",
      "gender" : "",
      "type" : "",
      "religion" : "",
      "dateOfBirth" : null,
      "placeOfBirth" : "",
      "socialSecurityNumber" : "",
      "socialSecurityDate" : null,
      "mediaObjectReference" : "",
      "lastUpdateDateTime" : "2018-04-16T17:25:51",
      "inputDateTime" : "2018-04-16T17:25:51",
      "_links" : {
        "self" : {
          "href" : "http://localhost/api/contacts/3138_0"
        },
        "contactPerson" : {
          "href" : "http://localhost/api/contacts/3138_0"
        },
        "master" : {
          "href" : "http://localhost/api/contacts/3138_0/master"
        }
      }
    }, {
      "inputUserId" : "ANTHONI",
      "lastUpdateUserId" : "ANTHONI",
      "computerId" : "",
      "lastSynchronizedDate" : null,
      "addressNumber" : "3139",
      "sequence" : 0,
      "name" : "PT. Semangat Berkat Jaya",
      "mailingName" : "PT. Semangat Berkat Jaya",
      "description" : "",
      "firstName" : "",
      "middleName" : "",
      "lastName" : "",
      "nickname" : "",
      "salutation" : "",
      "gender" : "",
      "type" : "",
      "religion" : "",
      "dateOfBirth" : null,
      "placeOfBirth" : "",
      "socialSecurityNumber" : "",
      "socialSecurityDate" : null,
      "mediaObjectReference" : "",
      "lastUpdateDateTime" : "2018-04-16T17:46:20",
      "inputDateTime" : "2018-04-16T17:46:20",
      "_links" : {
        "self" : {
          "href" : "http://localhost/api/contacts/3139_0"
        },
        "contactPerson" : {
          "href" : "http://localhost/api/contacts/3139_0"
        },
        "master" : {
          "href" : "http://localhost/api/contacts/3139_0/master"
        }
      }
    }, {
      "inputUserId" : "ANTHONI",
      "lastUpdateUserId" : "ANTHONI",
      "computerId" : "",
      "lastSynchronizedDate" : null,
      "addressNumber" : "3140",
      "sequence" : 0,
      "name" : "Mr. Yakup",
      "mailingName" : "Mr. Yakup",
      "description" : "",
      "firstName" : "",
      "middleName" : "",
      "lastName" : "",
      "nickname" : "",
      "salutation" : "",
      "gender" : "",
      "type" : "",
      "religion" : "",
      "dateOfBirth" : null,
      "placeOfBirth" : "",
      "socialSecurityNumber" : "",
      "socialSecurityDate" : null,
      "mediaObjectReference" : "",
      "lastUpdateDateTime" : "2018-04-17T13:34:31",
      "inputDateTime" : "2018-04-17T13:34:31",
      "_links" : {
        "self" : {
          "href" : "http://localhost/api/contacts/3140_0"
        },
        "contactPerson" : {
          "href" : "http://localhost/api/contacts/3140_0"
        },
        "master" : {
          "href" : "http://localhost/api/contacts/3140_0/master"
        }
      }
    }, {
      "inputUserId" : "ANTHONI",
      "lastUpdateUserId" : "ANTHONI",
      "computerId" : "",
      "lastSynchronizedDate" : null,
      "addressNumber" : "3141",
      "sequence" : 0,
      "name" : "Handoyo Kristanto Grandivo",
      "mailingName" : "Handoyo Kristanto Grandivo",
      "description" : "",
      "firstName" : "",
      "middleName" : "",
      "lastName" : "",
      "nickname" : "",
      "salutation" : "",
      "gender" : "",
      "type" : "",
      "religion" : "",
      "dateOfBirth" : null,
      "placeOfBirth" : "",
      "socialSecurityNumber" : "",
      "socialSecurityDate" : null,
      "mediaObjectReference" : "",
      "lastUpdateDateTime" : "2018-04-17T14:07:20",
      "inputDateTime" : "2018-04-17T14:07:20",
      "_links" : {
        "self" : {
          "href" : "http://localhost/api/contacts/3141_0"
        },
        "contactPerson" : {
          "href" : "http://localhost/api/contacts/3141_0"
        },
        "master" : {
          "href" : "http://localhost/api/contacts/3141_0/master"
        }
      }
    }, {
      "inputUserId" : "ANTHONI",
      "lastUpdateUserId" : "ANTHONI",
      "computerId" : "",
      "lastSynchronizedDate" : null,
      "addressNumber" : "3142",
      "sequence" : 0,
      "name" : "CV. Dharma Inti Nusa",
      "mailingName" : "CV. Dharma Inti Nusa",
      "description" : "",
      "firstName" : "",
      "middleName" : "",
      "lastName" : "",
      "nickname" : "",
      "salutation" : "",
      "gender" : "",
      "type" : "",
      "religion" : "",
      "dateOfBirth" : null,
      "placeOfBirth" : "",
      "socialSecurityNumber" : "",
      "socialSecurityDate" : null,
      "mediaObjectReference" : "",
      "lastUpdateDateTime" : "2018-04-17T14:13:52",
      "inputDateTime" : "2018-04-17T14:13:52",
      "_links" : {
        "self" : {
          "href" : "http://localhost/api/contacts/3142_0"
        },
        "contactPerson" : {
          "href" : "http://localhost/api/contacts/3142_0"
        },
        "master" : {
          "href" : "http://localhost/api/contacts/3142_0/master"
        }
      }
    }, {
      "inputUserId" : "ANTHONI",
      "lastUpdateUserId" : "ANTHONI",
      "computerId" : "",
      "lastSynchronizedDate" : null,
      "addressNumber" : "3143",
      "sequence" : 0,
      "name" : "CV Jaya Artha Prima",
      "mailingName" : "CV Jaya Artha Prima",
      "description" : "",
      "firstName" : "",
      "middleName" : "",
      "lastName" : "",
      "nickname" : "",
      "salutation" : "",
      "gender" : "",
      "type" : "",
      "religion" : "",
      "dateOfBirth" : null,
      "placeOfBirth" : "",
      "socialSecurityNumber" : "",
      "socialSecurityDate" : null,
      "mediaObjectReference" : "",
      "lastUpdateDateTime" : "2018-04-18T11:16:30",
      "inputDateTime" : "2018-04-18T11:16:30",
      "_links" : {
        "self" : {
          "href" : "http://localhost/api/contacts/3143_0"
        },
        "contactPerson" : {
          "href" : "http://localhost/api/contacts/3143_0"
        },
        "master" : {
          "href" : "http://localhost/api/contacts/3143_0/master"
        }
      }
    }, {
      "inputUserId" : "VANNESA",
      "lastUpdateUserId" : "VANNESA",
      "computerId" : "",
      "lastSynchronizedDate" : null,
      "addressNumber" : "3144",
      "sequence" : 0,
      "name" : "PT Deprintz Sukses Sejahtera",
      "mailingName" : "PT Deprintz Sukses Sejahtera",
      "description" : "",
      "firstName" : "",
      "middleName" : "",
      "lastName" : "",
      "nickname" : "",
      "salutation" : "",
      "gender" : "",
      "type" : "",
      "religion" : "",
      "dateOfBirth" : null,
      "placeOfBirth" : "",
      "socialSecurityNumber" : "",
      "socialSecurityDate" : null,
      "mediaObjectReference" : "",
      "lastUpdateDateTime" : "2018-04-18T18:08:46",
      "inputDateTime" : "2018-04-18T18:08:46",
      "_links" : {
        "self" : {
          "href" : "http://localhost/api/contacts/3144_0"
        },
        "contactPerson" : {
          "href" : "http://localhost/api/contacts/3144_0"
        },
        "master" : {
          "href" : "http://localhost/api/contacts/3144_0/master"
        }
      }
    }, {
      "inputUserId" : "VANNESA",
      "lastUpdateUserId" : "VANNESA",
      "computerId" : "",
      "lastSynchronizedDate" : null,
      "addressNumber" : "3145",
      "sequence" : 0,
      "name" : "Dallas Computer - Blitar",
      "mailingName" : "Dallas Computer - Blitar",
      "description" : "",
      "firstName" : "",
      "middleName" : "",
      "lastName" : "",
      "nickname" : "",
      "salutation" : "",
      "gender" : "",
      "type" : "",
      "religion" : "",
      "dateOfBirth" : null,
      "placeOfBirth" : "",
      "socialSecurityNumber" : "",
      "socialSecurityDate" : null,
      "mediaObjectReference" : "",
      "lastUpdateDateTime" : "2018-04-18T18:26:32",
      "inputDateTime" : "2018-04-18T18:26:32",
      "_links" : {
        "self" : {
          "href" : "http://localhost/api/contacts/3145_0"
        },
        "contactPerson" : {
          "href" : "http://localhost/api/contacts/3145_0"
        },
        "master" : {
          "href" : "http://localhost/api/contacts/3145_0/master"
        }
      }
    }, {
      "inputUserId" : "VANNESA",
      "lastUpdateUserId" : "VANNESA",
      "computerId" : "",
      "lastSynchronizedDate" : null,
      "addressNumber" : "3146",
      "sequence" : 0,
      "name" : "PT Pantero Selaras Agung ",
      "mailingName" : "PT Pantero Selaras Agung ",
      "description" : "",
      "firstName" : "",
      "middleName" : "",
      "lastName" : "",
      "nickname" : "",
      "salutation" : "",
      "gender" : "",
      "type" : "",
      "religion" : "",
      "dateOfBirth" : null,
      "placeOfBirth" : "",
      "socialSecurityNumber" : "",
      "socialSecurityDate" : null,
      "mediaObjectReference" : "",
      "lastUpdateDateTime" : "2018-04-18T18:31:32",
      "inputDateTime" : "2018-04-18T18:31:32",
      "_links" : {
        "self" : {
          "href" : "http://localhost/api/contacts/3146_0"
        },
        "contactPerson" : {
          "href" : "http://localhost/api/contacts/3146_0"
        },
        "master" : {
          "href" : "http://localhost/api/contacts/3146_0/master"
        }
      }
    }, {
      "inputUserId" : "VANNESA",
      "lastUpdateUserId" : "VANNESA",
      "computerId" : "",
      "lastSynchronizedDate" : null,
      "addressNumber" : "3147",
      "sequence" : 0,
      "name" : "Pak Toeng",
      "mailingName" : "Pak Toeng",
      "description" : "",
      "firstName" : "",
      "middleName" : "",
      "lastName" : "",
      "nickname" : "",
      "salutation" : "",
      "gender" : "",
      "type" : "",
      "religion" : "",
      "dateOfBirth" : null,
      "placeOfBirth" : "",
      "socialSecurityNumber" : "",
      "socialSecurityDate" : null,
      "mediaObjectReference" : "",
      "lastUpdateDateTime" : "2018-04-19T10:34:09",
      "inputDateTime" : "2018-04-19T10:34:09",
      "_links" : {
        "self" : {
          "href" : "http://localhost/api/contacts/3147_0"
        },
        "contactPerson" : {
          "href" : "http://localhost/api/contacts/3147_0"
        },
        "master" : {
          "href" : "http://localhost/api/contacts/3147_0/master"
        }
      }
    }, {
      "inputUserId" : "VANNESA",
      "lastUpdateUserId" : "VANNESA",
      "computerId" : "",
      "lastSynchronizedDate" : null,
      "addressNumber" : "3148",
      "sequence" : 0,
      "name" : "Kodim 0831",
      "mailingName" : "Kodim 0831",
      "description" : "",
      "firstName" : "",
      "middleName" : "",
      "lastName" : "",
      "nickname" : "",
      "salutation" : "",
      "gender" : "",
      "type" : "",
      "religion" : "",
      "dateOfBirth" : null,
      "placeOfBirth" : "",
      "socialSecurityNumber" : "",
      "socialSecurityDate" : null,
      "mediaObjectReference" : "",
      "lastUpdateDateTime" : "2018-04-19T13:39:02",
      "inputDateTime" : "2018-04-19T13:39:02",
      "_links" : {
        "self" : {
          "href" : "http://localhost/api/contacts/3148_0"
        },
        "contactPerson" : {
          "href" : "http://localhost/api/contacts/3148_0"
        },
        "master" : {
          "href" : "http://localhost/api/contacts/3148_0/master"
        }
      }
    }, {
      "inputUserId" : "VANNESA",
      "lastUpdateUserId" : "VANNESA",
      "computerId" : "",
      "lastSynchronizedDate" : null,
      "addressNumber" : "3149",
      "sequence" : 0,
      "name" : "Surabaya Komputer",
      "mailingName" : "Surabaya Komputer",
      "description" : "",
      "firstName" : "",
      "middleName" : "",
      "lastName" : "",
      "nickname" : "",
      "salutation" : "",
      "gender" : "",
      "type" : "",
      "religion" : "",
      "dateOfBirth" : null,
      "placeOfBirth" : "",
      "socialSecurityNumber" : "",
      "socialSecurityDate" : null,
      "mediaObjectReference" : "",
      "lastUpdateDateTime" : "2018-04-19T14:03:38",
      "inputDateTime" : "2018-04-19T14:03:38",
      "_links" : {
        "self" : {
          "href" : "http://localhost/api/contacts/3149_0"
        },
        "contactPerson" : {
          "href" : "http://localhost/api/contacts/3149_0"
        },
        "master" : {
          "href" : "http://localhost/api/contacts/3149_0/master"
        }
      }
    }, {
      "inputUserId" : "VANNESA",
      "lastUpdateUserId" : "VANNESA",
      "computerId" : "",
      "lastSynchronizedDate" : null,
      "addressNumber" : "3150",
      "sequence" : 0,
      "name" : "Aming Chandra",
      "mailingName" : "Aming Chandra",
      "description" : "",
      "firstName" : "",
      "middleName" : "",
      "lastName" : "",
      "nickname" : "",
      "salutation" : "",
      "gender" : "",
      "type" : "",
      "religion" : "",
      "dateOfBirth" : null,
      "placeOfBirth" : "",
      "socialSecurityNumber" : "",
      "socialSecurityDate" : null,
      "mediaObjectReference" : "",
      "lastUpdateDateTime" : "2018-04-19T15:00:14",
      "inputDateTime" : "2018-04-19T15:00:14",
      "_links" : {
        "self" : {
          "href" : "http://localhost/api/contacts/3150_0"
        },
        "contactPerson" : {
          "href" : "http://localhost/api/contacts/3150_0"
        },
        "master" : {
          "href" : "http://localhost/api/contacts/3150_0/master"
        }
      }
    }, {
      "inputUserId" : "ANTHONI",
      "lastUpdateUserId" : "ANTHONI",
      "computerId" : "",
      "lastSynchronizedDate" : null,
      "addressNumber" : "3151",
      "sequence" : 0,
      "name" : "PT Airmas Borneo Jaya",
      "mailingName" : "PT Airmas Borneo Jaya",
      "description" : "",
      "firstName" : "",
      "middleName" : "",
      "lastName" : "",
      "nickname" : "",
      "salutation" : "",
      "gender" : "",
      "type" : "",
      "religion" : "",
      "dateOfBirth" : null,
      "placeOfBirth" : "",
      "socialSecurityNumber" : "",
      "socialSecurityDate" : null,
      "mediaObjectReference" : "",
      "lastUpdateDateTime" : "2018-04-20T10:15:26",
      "inputDateTime" : "2018-04-20T10:15:26",
      "_links" : {
        "self" : {
          "href" : "http://localhost/api/contacts/3151_0"
        },
        "contactPerson" : {
          "href" : "http://localhost/api/contacts/3151_0"
        },
        "master" : {
          "href" : "http://localhost/api/contacts/3151_0/master"
        }
      }
    }, {
      "inputUserId" : "VANNESA",
      "lastUpdateUserId" : "VANNESA",
      "computerId" : "",
      "lastSynchronizedDate" : null,
      "addressNumber" : "3152",
      "sequence" : 0,
      "name" : "CV Profesional Computer",
      "mailingName" : "CV Profesional Computer",
      "description" : "",
      "firstName" : "",
      "middleName" : "",
      "lastName" : "",
      "nickname" : "",
      "salutation" : "",
      "gender" : "",
      "type" : "",
      "religion" : "",
      "dateOfBirth" : null,
      "placeOfBirth" : "",
      "socialSecurityNumber" : "",
      "socialSecurityDate" : null,
      "mediaObjectReference" : "",
      "lastUpdateDateTime" : "2018-04-20T13:45:23",
      "inputDateTime" : "2018-04-20T13:45:23",
      "_links" : {
        "self" : {
          "href" : "http://localhost/api/contacts/3152_0"
        },
        "contactPerson" : {
          "href" : "http://localhost/api/contacts/3152_0"
        },
        "master" : {
          "href" : "http://localhost/api/contacts/3152_0/master"
        }
      }
    }, {
      "inputUserId" : "VANNESA",
      "lastUpdateUserId" : "VANNESA",
      "computerId" : "",
      "lastSynchronizedDate" : null,
      "addressNumber" : "3153",
      "sequence" : 0,
      "name" : "CV Catur Warga Computer",
      "mailingName" : "CV Catur Warga Computer",
      "description" : "",
      "firstName" : "",
      "middleName" : "",
      "lastName" : "",
      "nickname" : "",
      "salutation" : "",
      "gender" : "",
      "type" : "",
      "religion" : "",
      "dateOfBirth" : null,
      "placeOfBirth" : "",
      "socialSecurityNumber" : "",
      "socialSecurityDate" : null,
      "mediaObjectReference" : "",
      "lastUpdateDateTime" : "2018-04-23T10:01:02",
      "inputDateTime" : "2018-04-23T10:01:02",
      "_links" : {
        "self" : {
          "href" : "http://localhost/api/contacts/3153_0"
        },
        "contactPerson" : {
          "href" : "http://localhost/api/contacts/3153_0"
        },
        "master" : {
          "href" : "http://localhost/api/contacts/3153_0/master"
        }
      }
    }, {
      "inputUserId" : "VANNESA",
      "lastUpdateUserId" : "VANNESA",
      "computerId" : "",
      "lastSynchronizedDate" : null,
      "addressNumber" : "3154",
      "sequence" : 0,
      "name" : "CV Happy Computer",
      "mailingName" : "CV Happy Computer",
      "description" : "",
      "firstName" : "",
      "middleName" : "",
      "lastName" : "",
      "nickname" : "",
      "salutation" : "",
      "gender" : "",
      "type" : "",
      "religion" : "",
      "dateOfBirth" : null,
      "placeOfBirth" : "",
      "socialSecurityNumber" : "",
      "socialSecurityDate" : null,
      "mediaObjectReference" : "",
      "lastUpdateDateTime" : "2018-04-23T10:02:54",
      "inputDateTime" : "2018-04-23T10:02:54",
      "_links" : {
        "self" : {
          "href" : "http://localhost/api/contacts/3154_0"
        },
        "contactPerson" : {
          "href" : "http://localhost/api/contacts/3154_0"
        },
        "master" : {
          "href" : "http://localhost/api/contacts/3154_0/master"
        }
      }
    }, {
      "inputUserId" : "VANNESA",
      "lastUpdateUserId" : "VANNESA",
      "computerId" : "",
      "lastSynchronizedDate" : null,
      "addressNumber" : "3155",
      "sequence" : 0,
      "name" : "Yuda",
      "mailingName" : "Yuda",
      "description" : "",
      "firstName" : "",
      "middleName" : "",
      "lastName" : "",
      "nickname" : "",
      "salutation" : "",
      "gender" : "",
      "type" : "",
      "religion" : "",
      "dateOfBirth" : null,
      "placeOfBirth" : "",
      "socialSecurityNumber" : "",
      "socialSecurityDate" : null,
      "mediaObjectReference" : "",
      "lastUpdateDateTime" : "2018-04-23T11:57:02",
      "inputDateTime" : "2018-04-23T11:57:02",
      "_links" : {
        "self" : {
          "href" : "http://localhost/api/contacts/3155_0"
        },
        "contactPerson" : {
          "href" : "http://localhost/api/contacts/3155_0"
        },
        "master" : {
          "href" : "http://localhost/api/contacts/3155_0/master"
        }
      }
    }, {
      "inputUserId" : "VANNESA",
      "lastUpdateUserId" : "VANNESA",
      "computerId" : "",
      "lastSynchronizedDate" : null,
      "addressNumber" : "3156",
      "sequence" : 0,
      "name" : "PT Ekta Pangan Indonesia",
      "mailingName" : "PT Ekta Pangan Indonesia",
      "description" : "",
      "firstName" : "",
      "middleName" : "",
      "lastName" : "",
      "nickname" : "",
      "salutation" : "",
      "gender" : "",
      "type" : "",
      "religion" : "",
      "dateOfBirth" : null,
      "placeOfBirth" : "",
      "socialSecurityNumber" : "",
      "socialSecurityDate" : null,
      "mediaObjectReference" : "",
      "lastUpdateDateTime" : "2018-04-23T16:43:04",
      "inputDateTime" : "2018-04-23T16:43:04",
      "_links" : {
        "self" : {
          "href" : "http://localhost/api/contacts/3156_0"
        },
        "contactPerson" : {
          "href" : "http://localhost/api/contacts/3156_0"
        },
        "master" : {
          "href" : "http://localhost/api/contacts/3156_0/master"
        }
      }
    }, {
      "inputUserId" : "PUPUT",
      "lastUpdateUserId" : "PUPUT",
      "computerId" : "",
      "lastSynchronizedDate" : null,
      "addressNumber" : "3157",
      "sequence" : 0,
      "name" : "PT Widjoyo Mitra Abadi",
      "mailingName" : "PT Widjoyo Mitra Abadi",
      "description" : "",
      "firstName" : "",
      "middleName" : "",
      "lastName" : "",
      "nickname" : "",
      "salutation" : "",
      "gender" : "",
      "type" : "",
      "religion" : "",
      "dateOfBirth" : null,
      "placeOfBirth" : "",
      "socialSecurityNumber" : "",
      "socialSecurityDate" : null,
      "mediaObjectReference" : "",
      "lastUpdateDateTime" : "2018-04-24T14:18:21",
      "inputDateTime" : "2018-04-24T14:18:21",
      "_links" : {
        "self" : {
          "href" : "http://localhost/api/contacts/3157_0"
        },
        "contactPerson" : {
          "href" : "http://localhost/api/contacts/3157_0"
        },
        "master" : {
          "href" : "http://localhost/api/contacts/3157_0/master"
        }
      }
    }, {
      "inputUserId" : "VANNESA",
      "lastUpdateUserId" : "VANNESA",
      "computerId" : "",
      "lastSynchronizedDate" : null,
      "addressNumber" : "3158",
      "sequence" : 0,
      "name" : "Basudi",
      "mailingName" : "Basudi",
      "description" : "",
      "firstName" : "",
      "middleName" : "",
      "lastName" : "",
      "nickname" : "",
      "salutation" : "",
      "gender" : "",
      "type" : "",
      "religion" : "",
      "dateOfBirth" : null,
      "placeOfBirth" : "",
      "socialSecurityNumber" : "",
      "socialSecurityDate" : null,
      "mediaObjectReference" : "",
      "lastUpdateDateTime" : "2018-04-24T14:46:44",
      "inputDateTime" : "2018-04-24T14:46:44",
      "_links" : {
        "self" : {
          "href" : "http://localhost/api/contacts/3158_0"
        },
        "contactPerson" : {
          "href" : "http://localhost/api/contacts/3158_0"
        },
        "master" : {
          "href" : "http://localhost/api/contacts/3158_0/master"
        }
      }
    }, {
      "inputUserId" : "VANNESA",
      "lastUpdateUserId" : "VANNESA",
      "computerId" : "",
      "lastSynchronizedDate" : null,
      "addressNumber" : "3159",
      "sequence" : 0,
      "name" : "CV Cahaya Hidup Sejahtera",
      "mailingName" : "CV Cahaya Hidup Sejahtera",
      "description" : "",
      "firstName" : "",
      "middleName" : "",
      "lastName" : "",
      "nickname" : "",
      "salutation" : "",
      "gender" : "",
      "type" : "",
      "religion" : "",
      "dateOfBirth" : null,
      "placeOfBirth" : "",
      "socialSecurityNumber" : "",
      "socialSecurityDate" : null,
      "mediaObjectReference" : "",
      "lastUpdateDateTime" : "2018-04-25T09:41:50",
      "inputDateTime" : "2018-04-25T09:41:50",
      "_links" : {
        "self" : {
          "href" : "http://localhost/api/contacts/3159_0"
        },
        "contactPerson" : {
          "href" : "http://localhost/api/contacts/3159_0"
        },
        "master" : {
          "href" : "http://localhost/api/contacts/3159_0/master"
        }
      }
    }, {
      "inputUserId" : "VANNESA",
      "lastUpdateUserId" : "VANNESA",
      "computerId" : "",
      "lastSynchronizedDate" : null,
      "addressNumber" : "3160",
      "sequence" : 0,
      "name" : "Media Computer Jombang",
      "mailingName" : "Media Computer Jombang",
      "description" : "",
      "firstName" : "",
      "middleName" : "",
      "lastName" : "",
      "nickname" : "",
      "salutation" : "",
      "gender" : "",
      "type" : "",
      "religion" : "",
      "dateOfBirth" : null,
      "placeOfBirth" : "",
      "socialSecurityNumber" : "",
      "socialSecurityDate" : null,
      "mediaObjectReference" : "",
      "lastUpdateDateTime" : "2018-04-25T14:00:38",
      "inputDateTime" : "2018-04-25T14:00:38",
      "_links" : {
        "self" : {
          "href" : "http://localhost/api/contacts/3160_0"
        },
        "contactPerson" : {
          "href" : "http://localhost/api/contacts/3160_0"
        },
        "master" : {
          "href" : "http://localhost/api/contacts/3160_0/master"
        }
      }
    }, {
      "inputUserId" : "VANNESA",
      "lastUpdateUserId" : "VANNESA",
      "computerId" : "",
      "lastSynchronizedDate" : null,
      "addressNumber" : "3161",
      "sequence" : 0,
      "name" : "Alexindo Enterprise",
      "mailingName" : "Alexindo Enterprise",
      "description" : "",
      "firstName" : "",
      "middleName" : "",
      "lastName" : "",
      "nickname" : "",
      "salutation" : "",
      "gender" : "",
      "type" : "",
      "religion" : "",
      "dateOfBirth" : null,
      "placeOfBirth" : "",
      "socialSecurityNumber" : "",
      "socialSecurityDate" : null,
      "mediaObjectReference" : "",
      "lastUpdateDateTime" : "2018-04-25T14:42:33",
      "inputDateTime" : "2018-04-25T14:42:33",
      "_links" : {
        "self" : {
          "href" : "http://localhost/api/contacts/3161_0"
        },
        "contactPerson" : {
          "href" : "http://localhost/api/contacts/3161_0"
        },
        "master" : {
          "href" : "http://localhost/api/contacts/3161_0/master"
        }
      }
    }, {
      "inputUserId" : "VANNESA",
      "lastUpdateUserId" : "VANNESA",
      "computerId" : "",
      "lastSynchronizedDate" : null,
      "addressNumber" : "3162",
      "sequence" : 0,
      "name" : "CV Duta Multi Computer",
      "mailingName" : "CV Duta Multi Computer",
      "description" : "",
      "firstName" : "",
      "middleName" : "",
      "lastName" : "",
      "nickname" : "",
      "salutation" : "",
      "gender" : "",
      "type" : "",
      "religion" : "",
      "dateOfBirth" : null,
      "placeOfBirth" : "",
      "socialSecurityNumber" : "",
      "socialSecurityDate" : null,
      "mediaObjectReference" : "",
      "lastUpdateDateTime" : "2018-04-25T17:07:39",
      "inputDateTime" : "2018-04-25T17:07:39",
      "_links" : {
        "self" : {
          "href" : "http://localhost/api/contacts/3162_0"
        },
        "contactPerson" : {
          "href" : "http://localhost/api/contacts/3162_0"
        },
        "master" : {
          "href" : "http://localhost/api/contacts/3162_0/master"
        }
      }
    }, {
      "inputUserId" : "VANNESA",
      "lastUpdateUserId" : "VANNESA",
      "computerId" : "",
      "lastSynchronizedDate" : null,
      "addressNumber" : "3163",
      "sequence" : 0,
      "name" : "Nita",
      "mailingName" : "Nita",
      "description" : "",
      "firstName" : "",
      "middleName" : "",
      "lastName" : "",
      "nickname" : "",
      "salutation" : "",
      "gender" : "",
      "type" : "",
      "religion" : "",
      "dateOfBirth" : null,
      "placeOfBirth" : "",
      "socialSecurityNumber" : "",
      "socialSecurityDate" : null,
      "mediaObjectReference" : "",
      "lastUpdateDateTime" : "2018-04-26T16:11:26",
      "inputDateTime" : "2018-04-26T16:11:26",
      "_links" : {
        "self" : {
          "href" : "http://localhost/api/contacts/3163_0"
        },
        "contactPerson" : {
          "href" : "http://localhost/api/contacts/3163_0"
        },
        "master" : {
          "href" : "http://localhost/api/contacts/3163_0/master"
        }
      }
    }, {
      "inputUserId" : "VANNESA",
      "lastUpdateUserId" : "VANNESA",
      "computerId" : "",
      "lastSynchronizedDate" : null,
      "addressNumber" : "3164",
      "sequence" : 0,
      "name" : "Top Laptop",
      "mailingName" : "Top Laptop",
      "description" : "",
      "firstName" : "",
      "middleName" : "",
      "lastName" : "",
      "nickname" : "",
      "salutation" : "",
      "gender" : "",
      "type" : "",
      "religion" : "",
      "dateOfBirth" : null,
      "placeOfBirth" : "",
      "socialSecurityNumber" : "",
      "socialSecurityDate" : null,
      "mediaObjectReference" : "",
      "lastUpdateDateTime" : "2018-04-26T17:42:22",
      "inputDateTime" : "2018-04-26T17:42:22",
      "_links" : {
        "self" : {
          "href" : "http://localhost/api/contacts/3164_0"
        },
        "contactPerson" : {
          "href" : "http://localhost/api/contacts/3164_0"
        },
        "master" : {
          "href" : "http://localhost/api/contacts/3164_0/master"
        }
      }
    }, {
      "inputUserId" : "QSA",
      "lastUpdateUserId" : "QSA",
      "computerId" : "",
      "lastSynchronizedDate" : null,
      "addressNumber" : "9000",
      "sequence" : 0,
      "name" : "Suryono Ken",
      "mailingName" : "Suryono Ken",
      "description" : "",
      "firstName" : "",
      "middleName" : "",
      "lastName" : "",
      "nickname" : "",
      "salutation" : "",
      "gender" : "",
      "type" : "",
      "religion" : "",
      "dateOfBirth" : null,
      "placeOfBirth" : "",
      "socialSecurityNumber" : "",
      "socialSecurityDate" : null,
      "mediaObjectReference" : "",
      "lastUpdateDateTime" : "2018-01-15T20:49:40",
      "inputDateTime" : "2018-01-09T06:53:48",
      "_links" : {
        "self" : {
          "href" : "http://localhost/api/contacts/9000_0"
        },
        "contactPerson" : {
          "href" : "http://localhost/api/contacts/9000_0"
        },
        "master" : {
          "href" : "http://localhost/api/contacts/9000_0/master"
        }
      }
    }, {
      "inputUserId" : "QSA",
      "lastUpdateUserId" : "QSA",
      "computerId" : "",
      "lastSynchronizedDate" : null,
      "addressNumber" : "9001",
      "sequence" : 0,
      "name" : "INDRAWATI",
      "mailingName" : "Indrawati",
      "description" : "",
      "firstName" : "",
      "middleName" : "",
      "lastName" : "",
      "nickname" : "",
      "salutation" : "",
      "gender" : "",
      "type" : "",
      "religion" : "",
      "dateOfBirth" : null,
      "placeOfBirth" : "",
      "socialSecurityNumber" : "",
      "socialSecurityDate" : null,
      "mediaObjectReference" : "",
      "lastUpdateDateTime" : "2018-01-15T20:49:46",
      "inputDateTime" : "2018-01-09T06:54:12",
      "_links" : {
        "self" : {
          "href" : "http://localhost/api/contacts/9001_0"
        },
        "contactPerson" : {
          "href" : "http://localhost/api/contacts/9001_0"
        },
        "master" : {
          "href" : "http://localhost/api/contacts/9001_0/master"
        }
      }
    }, {
      "inputUserId" : "QSA",
      "lastUpdateUserId" : "QSA",
      "computerId" : "",
      "lastSynchronizedDate" : null,
      "addressNumber" : "9002",
      "sequence" : 0,
      "name" : "Hardiyanto Wiyardi",
      "mailingName" : "Hardiyanto Wiyardi",
      "description" : "",
      "firstName" : "",
      "middleName" : "",
      "lastName" : "",
      "nickname" : "",
      "salutation" : "",
      "gender" : "",
      "type" : "",
      "religion" : "",
      "dateOfBirth" : null,
      "placeOfBirth" : "",
      "socialSecurityNumber" : "",
      "socialSecurityDate" : null,
      "mediaObjectReference" : "",
      "lastUpdateDateTime" : "2018-01-09T06:59:58",
      "inputDateTime" : "2018-01-09T06:54:36",
      "_links" : {
        "self" : {
          "href" : "http://localhost/api/contacts/9002_0"
        },
        "contactPerson" : {
          "href" : "http://localhost/api/contacts/9002_0"
        },
        "master" : {
          "href" : "http://localhost/api/contacts/9002_0/master"
        }
      }
    }, {
      "inputUserId" : "QSA",
      "lastUpdateUserId" : "QSA",
      "computerId" : "",
      "lastSynchronizedDate" : null,
      "addressNumber" : "9003",
      "sequence" : 0,
      "name" : "Lenie Budiono",
      "mailingName" : "Lenie Budiono",
      "description" : "",
      "firstName" : "",
      "middleName" : "",
      "lastName" : "",
      "nickname" : "",
      "salutation" : "",
      "gender" : "",
      "type" : "",
      "religion" : "",
      "dateOfBirth" : null,
      "placeOfBirth" : "",
      "socialSecurityNumber" : "",
      "socialSecurityDate" : null,
      "mediaObjectReference" : "",
      "lastUpdateDateTime" : "2018-01-09T07:00:17",
      "inputDateTime" : "2018-01-09T06:55:04",
      "_links" : {
        "self" : {
          "href" : "http://localhost/api/contacts/9003_0"
        },
        "contactPerson" : {
          "href" : "http://localhost/api/contacts/9003_0"
        },
        "master" : {
          "href" : "http://localhost/api/contacts/9003_0/master"
        }
      }
    }, {
      "inputUserId" : "QSA",
      "lastUpdateUserId" : "QSA",
      "computerId" : "",
      "lastSynchronizedDate" : null,
      "addressNumber" : "9004",
      "sequence" : 0,
      "name" : "Indra Yogya",
      "mailingName" : "Indra Yogya",
      "description" : "",
      "firstName" : "",
      "middleName" : "",
      "lastName" : "",
      "nickname" : "",
      "salutation" : "",
      "gender" : "",
      "type" : "",
      "religion" : "",
      "dateOfBirth" : null,
      "placeOfBirth" : "",
      "socialSecurityNumber" : "",
      "socialSecurityDate" : null,
      "mediaObjectReference" : "",
      "lastUpdateDateTime" : "2018-01-09T07:00:36",
      "inputDateTime" : "2018-01-09T06:55:29",
      "_links" : {
        "self" : {
          "href" : "http://localhost/api/contacts/9004_0"
        },
        "contactPerson" : {
          "href" : "http://localhost/api/contacts/9004_0"
        },
        "master" : {
          "href" : "http://localhost/api/contacts/9004_0/master"
        }
      }
    }, {
      "inputUserId" : "QSA",
      "lastUpdateUserId" : "QSA",
      "computerId" : "",
      "lastSynchronizedDate" : null,
      "addressNumber" : "9005",
      "sequence" : 0,
      "name" : "Yunus (Global M)",
      "mailingName" : "Yunus (Global M)",
      "description" : "",
      "firstName" : "",
      "middleName" : "",
      "lastName" : "",
      "nickname" : "",
      "salutation" : "",
      "gender" : "",
      "type" : "",
      "religion" : "",
      "dateOfBirth" : null,
      "placeOfBirth" : "",
      "socialSecurityNumber" : "",
      "socialSecurityDate" : null,
      "mediaObjectReference" : "",
      "lastUpdateDateTime" : "2018-01-09T07:00:53",
      "inputDateTime" : "2018-01-09T06:56:49",
      "_links" : {
        "self" : {
          "href" : "http://localhost/api/contacts/9005_0"
        },
        "contactPerson" : {
          "href" : "http://localhost/api/contacts/9005_0"
        },
        "master" : {
          "href" : "http://localhost/api/contacts/9005_0/master"
        }
      }
    }, {
      "inputUserId" : "QSA",
      "lastUpdateUserId" : "QSA",
      "computerId" : "",
      "lastSynchronizedDate" : null,
      "addressNumber" : "9006",
      "sequence" : 0,
      "name" : "David (Asia k)",
      "mailingName" : "David (Asia k)",
      "description" : "",
      "firstName" : "",
      "middleName" : "",
      "lastName" : "",
      "nickname" : "",
      "salutation" : "",
      "gender" : "",
      "type" : "",
      "religion" : "",
      "dateOfBirth" : null,
      "placeOfBirth" : "",
      "socialSecurityNumber" : "",
      "socialSecurityDate" : null,
      "mediaObjectReference" : "",
      "lastUpdateDateTime" : "2018-01-09T07:01:16",
      "inputDateTime" : "2018-01-09T06:57:38",
      "_links" : {
        "self" : {
          "href" : "http://localhost/api/contacts/9006_0"
        },
        "contactPerson" : {
          "href" : "http://localhost/api/contacts/9006_0"
        },
        "master" : {
          "href" : "http://localhost/api/contacts/9006_0/master"
        }
      }
    }, {
      "inputUserId" : "DEBBY",
      "lastUpdateUserId" : "DEBBY",
      "computerId" : "",
      "lastSynchronizedDate" : null,
      "addressNumber" : "9007",
      "sequence" : 0,
      "name" : "ADMIN",
      "mailingName" : "ADMIN",
      "description" : "",
      "firstName" : "",
      "middleName" : "",
      "lastName" : "",
      "nickname" : "",
      "salutation" : "",
      "gender" : "",
      "type" : "",
      "religion" : "",
      "dateOfBirth" : null,
      "placeOfBirth" : "",
      "socialSecurityNumber" : "",
      "socialSecurityDate" : null,
      "mediaObjectReference" : "",
      "lastUpdateDateTime" : "2018-03-23T15:43:58",
      "inputDateTime" : "2018-03-23T15:42:11",
      "_links" : {
        "self" : {
          "href" : "http://localhost/api/contacts/9007_0"
        },
        "contactPerson" : {
          "href" : "http://localhost/api/contacts/9007_0"
        },
        "master" : {
          "href" : "http://localhost/api/contacts/9007_0/master"
        }
      }
    }, {
      "inputUserId" : "DEBBY",
      "lastUpdateUserId" : "DEBBY",
      "computerId" : "",
      "lastSynchronizedDate" : null,
      "addressNumber" : "9008",
      "sequence" : 0,
      "name" : "Hitech Mall",
      "mailingName" : "Hitech Mall",
      "description" : "",
      "firstName" : "",
      "middleName" : "",
      "lastName" : "",
      "nickname" : "",
      "salutation" : "",
      "gender" : "",
      "type" : "",
      "religion" : "",
      "dateOfBirth" : null,
      "placeOfBirth" : "",
      "socialSecurityNumber" : "",
      "socialSecurityDate" : null,
      "mediaObjectReference" : "",
      "lastUpdateDateTime" : "2018-03-23T15:45:23",
      "inputDateTime" : "2018-03-23T15:45:23",
      "_links" : {
        "self" : {
          "href" : "http://localhost/api/contacts/9008_0"
        },
        "contactPerson" : {
          "href" : "http://localhost/api/contacts/9008_0"
        },
        "master" : {
          "href" : "http://localhost/api/contacts/9008_0/master"
        }
      }
    }, {
      "inputUserId" : "DEBBY",
      "lastUpdateUserId" : "DEBBY",
      "computerId" : "",
      "lastSynchronizedDate" : null,
      "addressNumber" : "9009",
      "sequence" : 0,
      "name" : "Hitech Mall Online",
      "mailingName" : "Hitech Mall Online",
      "description" : "",
      "firstName" : "",
      "middleName" : "",
      "lastName" : "",
      "nickname" : "",
      "salutation" : "",
      "gender" : "",
      "type" : "",
      "religion" : "",
      "dateOfBirth" : null,
      "placeOfBirth" : "",
      "socialSecurityNumber" : "",
      "socialSecurityDate" : null,
      "mediaObjectReference" : "",
      "lastUpdateDateTime" : "2018-03-23T15:46:29",
      "inputDateTime" : "2018-03-23T15:46:29",
      "_links" : {
        "self" : {
          "href" : "http://localhost/api/contacts/9009_0"
        },
        "contactPerson" : {
          "href" : "http://localhost/api/contacts/9009_0"
        },
        "master" : {
          "href" : "http://localhost/api/contacts/9009_0/master"
        }
      }
    }, {
      "inputUserId" : "DEBBY",
      "lastUpdateUserId" : "DEBBY",
      "computerId" : "",
      "lastSynchronizedDate" : null,
      "addressNumber" : "9010",
      "sequence" : 0,
      "name" : "Anthony",
      "mailingName" : "Anthony",
      "description" : "",
      "firstName" : "",
      "middleName" : "",
      "lastName" : "",
      "nickname" : "",
      "salutation" : "",
      "gender" : "",
      "type" : "",
      "religion" : "",
      "dateOfBirth" : null,
      "placeOfBirth" : "",
      "socialSecurityNumber" : "",
      "socialSecurityDate" : null,
      "mediaObjectReference" : "",
      "lastUpdateDateTime" : "2018-03-23T15:47:13",
      "inputDateTime" : "2018-03-23T15:47:13",
      "_links" : {
        "self" : {
          "href" : "http://localhost/api/contacts/9010_0"
        },
        "contactPerson" : {
          "href" : "http://localhost/api/contacts/9010_0"
        },
        "master" : {
          "href" : "http://localhost/api/contacts/9010_0/master"
        }
      }
    }, {
      "inputUserId" : "DEBBY",
      "lastUpdateUserId" : "DEBBY",
      "computerId" : "",
      "lastSynchronizedDate" : null,
      "addressNumber" : "9011",
      "sequence" : 0,
      "name" : "Arie",
      "mailingName" : "Arie",
      "description" : "",
      "firstName" : "",
      "middleName" : "",
      "lastName" : "",
      "nickname" : "",
      "salutation" : "",
      "gender" : "",
      "type" : "",
      "religion" : "",
      "dateOfBirth" : null,
      "placeOfBirth" : "",
      "socialSecurityNumber" : "",
      "socialSecurityDate" : null,
      "mediaObjectReference" : "",
      "lastUpdateDateTime" : "2018-03-23T15:47:49",
      "inputDateTime" : "2018-03-23T15:47:49",
      "_links" : {
        "self" : {
          "href" : "http://localhost/api/contacts/9011_0"
        },
        "contactPerson" : {
          "href" : "http://localhost/api/contacts/9011_0"
        },
        "master" : {
          "href" : "http://localhost/api/contacts/9011_0/master"
        }
      }
    }, {
      "inputUserId" : "DEBBY",
      "lastUpdateUserId" : "DEBBY",
      "computerId" : "",
      "lastSynchronizedDate" : null,
      "addressNumber" : "9012",
      "sequence" : 0,
      "name" : "David",
      "mailingName" : "David",
      "description" : "",
      "firstName" : "",
      "middleName" : "",
      "lastName" : "",
      "nickname" : "",
      "salutation" : "",
      "gender" : "",
      "type" : "",
      "religion" : "",
      "dateOfBirth" : null,
      "placeOfBirth" : "",
      "socialSecurityNumber" : "",
      "socialSecurityDate" : null,
      "mediaObjectReference" : "",
      "lastUpdateDateTime" : "2018-03-23T15:48:15",
      "inputDateTime" : "2018-03-23T15:48:15",
      "_links" : {
        "self" : {
          "href" : "http://localhost/api/contacts/9012_0"
        },
        "contactPerson" : {
          "href" : "http://localhost/api/contacts/9012_0"
        },
        "master" : {
          "href" : "http://localhost/api/contacts/9012_0/master"
        }
      }
    }, {
      "inputUserId" : "DEBBY",
      "lastUpdateUserId" : "DEBBY",
      "computerId" : "",
      "lastSynchronizedDate" : null,
      "addressNumber" : "9013",
      "sequence" : 0,
      "name" : "Doni",
      "mailingName" : "Doni",
      "description" : "",
      "firstName" : "",
      "middleName" : "",
      "lastName" : "",
      "nickname" : "",
      "salutation" : "",
      "gender" : "",
      "type" : "",
      "religion" : "",
      "dateOfBirth" : null,
      "placeOfBirth" : "",
      "socialSecurityNumber" : "",
      "socialSecurityDate" : null,
      "mediaObjectReference" : "",
      "lastUpdateDateTime" : "2018-03-23T15:49:01",
      "inputDateTime" : "2018-03-23T15:49:01",
      "_links" : {
        "self" : {
          "href" : "http://localhost/api/contacts/9013_0"
        },
        "contactPerson" : {
          "href" : "http://localhost/api/contacts/9013_0"
        },
        "master" : {
          "href" : "http://localhost/api/contacts/9013_0/master"
        }
      }
    }, {
      "inputUserId" : "DEBBY",
      "lastUpdateUserId" : "DEBBY",
      "computerId" : "",
      "lastSynchronizedDate" : null,
      "addressNumber" : "9014",
      "sequence" : 0,
      "name" : "Indah",
      "mailingName" : "Indah",
      "description" : "",
      "firstName" : "",
      "middleName" : "",
      "lastName" : "",
      "nickname" : "",
      "salutation" : "",
      "gender" : "",
      "type" : "",
      "religion" : "",
      "dateOfBirth" : null,
      "placeOfBirth" : "",
      "socialSecurityNumber" : "",
      "socialSecurityDate" : null,
      "mediaObjectReference" : "",
      "lastUpdateDateTime" : "2018-03-23T15:49:24",
      "inputDateTime" : "2018-03-23T15:49:24",
      "_links" : {
        "self" : {
          "href" : "http://localhost/api/contacts/9014_0"
        },
        "contactPerson" : {
          "href" : "http://localhost/api/contacts/9014_0"
        },
        "master" : {
          "href" : "http://localhost/api/contacts/9014_0/master"
        }
      }
    }, {
      "inputUserId" : "DEBBY",
      "lastUpdateUserId" : "DEBBY",
      "computerId" : "",
      "lastSynchronizedDate" : null,
      "addressNumber" : "9015",
      "sequence" : 0,
      "name" : "July",
      "mailingName" : "July",
      "description" : "",
      "firstName" : "",
      "middleName" : "",
      "lastName" : "",
      "nickname" : "",
      "salutation" : "",
      "gender" : "",
      "type" : "",
      "religion" : "",
      "dateOfBirth" : null,
      "placeOfBirth" : "",
      "socialSecurityNumber" : "",
      "socialSecurityDate" : null,
      "mediaObjectReference" : "",
      "lastUpdateDateTime" : "2018-03-23T15:49:46",
      "inputDateTime" : "2018-03-23T15:49:46",
      "_links" : {
        "self" : {
          "href" : "http://localhost/api/contacts/9015_0"
        },
        "contactPerson" : {
          "href" : "http://localhost/api/contacts/9015_0"
        },
        "master" : {
          "href" : "http://localhost/api/contacts/9015_0/master"
        }
      }
    }, {
      "inputUserId" : "DEBBY",
      "lastUpdateUserId" : "DEBBY",
      "computerId" : "",
      "lastSynchronizedDate" : null,
      "addressNumber" : "9016",
      "sequence" : 0,
      "name" : "Mario",
      "mailingName" : "Mario",
      "description" : "",
      "firstName" : "",
      "middleName" : "",
      "lastName" : "",
      "nickname" : "",
      "salutation" : "",
      "gender" : "",
      "type" : "",
      "religion" : "",
      "dateOfBirth" : null,
      "placeOfBirth" : "",
      "socialSecurityNumber" : "",
      "socialSecurityDate" : null,
      "mediaObjectReference" : "",
      "lastUpdateDateTime" : "2018-03-23T15:50:22",
      "inputDateTime" : "2018-03-23T15:50:22",
      "_links" : {
        "self" : {
          "href" : "http://localhost/api/contacts/9016_0"
        },
        "contactPerson" : {
          "href" : "http://localhost/api/contacts/9016_0"
        },
        "master" : {
          "href" : "http://localhost/api/contacts/9016_0/master"
        }
      }
    }, {
      "inputUserId" : "DEBBY",
      "lastUpdateUserId" : "DEBBY",
      "computerId" : "",
      "lastSynchronizedDate" : null,
      "addressNumber" : "9017",
      "sequence" : 0,
      "name" : "Ninin",
      "mailingName" : "Ninin",
      "description" : "",
      "firstName" : "",
      "middleName" : "",
      "lastName" : "",
      "nickname" : "",
      "salutation" : "",
      "gender" : "",
      "type" : "",
      "religion" : "",
      "dateOfBirth" : null,
      "placeOfBirth" : "",
      "socialSecurityNumber" : "",
      "socialSecurityDate" : null,
      "mediaObjectReference" : "",
      "lastUpdateDateTime" : "2018-03-23T15:50:45",
      "inputDateTime" : "2018-03-23T15:50:45",
      "_links" : {
        "self" : {
          "href" : "http://localhost/api/contacts/9017_0"
        },
        "contactPerson" : {
          "href" : "http://localhost/api/contacts/9017_0"
        },
        "master" : {
          "href" : "http://localhost/api/contacts/9017_0/master"
        }
      }
    }, {
      "inputUserId" : "DEBBY",
      "lastUpdateUserId" : "DEBBY",
      "computerId" : "",
      "lastSynchronizedDate" : null,
      "addressNumber" : "9018",
      "sequence" : 0,
      "name" : "Rizki",
      "mailingName" : "Rizki",
      "description" : "",
      "firstName" : "",
      "middleName" : "",
      "lastName" : "",
      "nickname" : "",
      "salutation" : "",
      "gender" : "",
      "type" : "",
      "religion" : "",
      "dateOfBirth" : null,
      "placeOfBirth" : "",
      "socialSecurityNumber" : "",
      "socialSecurityDate" : null,
      "mediaObjectReference" : "",
      "lastUpdateDateTime" : "2018-03-23T15:51:13",
      "inputDateTime" : "2018-03-23T15:51:13",
      "_links" : {
        "self" : {
          "href" : "http://localhost/api/contacts/9018_0"
        },
        "contactPerson" : {
          "href" : "http://localhost/api/contacts/9018_0"
        },
        "master" : {
          "href" : "http://localhost/api/contacts/9018_0/master"
        }
      }
    }, {
      "inputUserId" : "DEBBY",
      "lastUpdateUserId" : "DEBBY",
      "computerId" : "",
      "lastSynchronizedDate" : null,
      "addressNumber" : "9019",
      "sequence" : 0,
      "name" : "Service",
      "mailingName" : "Service",
      "description" : "",
      "firstName" : "",
      "middleName" : "",
      "lastName" : "",
      "nickname" : "",
      "salutation" : "",
      "gender" : "",
      "type" : "",
      "religion" : "",
      "dateOfBirth" : null,
      "placeOfBirth" : "",
      "socialSecurityNumber" : "",
      "socialSecurityDate" : null,
      "mediaObjectReference" : "",
      "lastUpdateDateTime" : "2018-03-23T15:51:43",
      "inputDateTime" : "2018-03-23T15:51:43",
      "_links" : {
        "self" : {
          "href" : "http://localhost/api/contacts/9019_0"
        },
        "contactPerson" : {
          "href" : "http://localhost/api/contacts/9019_0"
        },
        "master" : {
          "href" : "http://localhost/api/contacts/9019_0/master"
        }
      }
    }, {
      "inputUserId" : "DEBBY",
      "lastUpdateUserId" : "DEBBY",
      "computerId" : "",
      "lastSynchronizedDate" : null,
      "addressNumber" : "9020",
      "sequence" : 0,
      "name" : "Vicky",
      "mailingName" : "Vicky",
      "description" : "",
      "firstName" : "",
      "middleName" : "",
      "lastName" : "",
      "nickname" : "",
      "salutation" : "",
      "gender" : "",
      "type" : "",
      "religion" : "",
      "dateOfBirth" : null,
      "placeOfBirth" : "",
      "socialSecurityNumber" : "",
      "socialSecurityDate" : null,
      "mediaObjectReference" : "",
      "lastUpdateDateTime" : "2018-03-23T15:52:11",
      "inputDateTime" : "2018-03-23T15:52:11",
      "_links" : {
        "self" : {
          "href" : "http://localhost/api/contacts/9020_0"
        },
        "contactPerson" : {
          "href" : "http://localhost/api/contacts/9020_0"
        },
        "master" : {
          "href" : "http://localhost/api/contacts/9020_0/master"
        }
      }
    }, {
      "inputUserId" : "QSA",
      "lastUpdateUserId" : "QSA",
      "computerId" : "",
      "lastSynchronizedDate" : null,
      "addressNumber" : "9500",
      "sequence" : 0,
      "name" : "INK ISLAND BALI",
      "mailingName" : "INK ISLAND BALI",
      "description" : "",
      "firstName" : "",
      "middleName" : "",
      "lastName" : "",
      "nickname" : "",
      "salutation" : "",
      "gender" : "",
      "type" : "",
      "religion" : "",
      "dateOfBirth" : null,
      "placeOfBirth" : "",
      "socialSecurityNumber" : "",
      "socialSecurityDate" : null,
      "mediaObjectReference" : "",
      "lastUpdateDateTime" : "2018-01-09T06:59:37",
      "inputDateTime" : "2018-01-09T06:59:37",
      "_links" : {
        "self" : {
          "href" : "http://localhost/api/contacts/9500_0"
        },
        "contactPerson" : {
          "href" : "http://localhost/api/contacts/9500_0"
        },
        "master" : {
          "href" : "http://localhost/api/contacts/9500_0/master"
        }
      }
    }, {
      "inputUserId" : "QSA",
      "lastUpdateUserId" : "QSA",
      "computerId" : "",
      "lastSynchronizedDate" : null,
      "addressNumber" : "9501",
      "sequence" : 0,
      "name" : "Purchase Approver",
      "mailingName" : "Purchase Approver",
      "description" : "",
      "firstName" : "",
      "middleName" : "",
      "lastName" : "",
      "nickname" : "",
      "salutation" : "",
      "gender" : "",
      "type" : "",
      "religion" : "",
      "dateOfBirth" : null,
      "placeOfBirth" : "",
      "socialSecurityNumber" : "",
      "socialSecurityDate" : null,
      "mediaObjectReference" : "",
      "lastUpdateDateTime" : "2018-03-09T17:26:27",
      "inputDateTime" : "2018-03-09T17:26:27",
      "_links" : {
        "self" : {
          "href" : "http://localhost/api/contacts/9501_0"
        },
        "contactPerson" : {
          "href" : "http://localhost/api/contacts/9501_0"
        },
        "master" : {
          "href" : "http://localhost/api/contacts/9501_0/master"
        }
      }
    }, {
      "inputUserId" : "ANTHONI",
      "lastUpdateUserId" : "DEBBY",
      "computerId" : "",
      "lastSynchronizedDate" : null,
      "addressNumber" : "PT A",
      "sequence" : 0,
      "name" : "PT A",
      "mailingName" : "PT A",
      "description" : "",
      "firstName" : "",
      "middleName" : "",
      "lastName" : "",
      "nickname" : "",
      "salutation" : "",
      "gender" : "",
      "type" : "",
      "religion" : "",
      "dateOfBirth" : null,
      "placeOfBirth" : "",
      "socialSecurityNumber" : "",
      "socialSecurityDate" : null,
      "mediaObjectReference" : "",
      "lastUpdateDateTime" : "2018-02-20T15:31:37",
      "inputDateTime" : "2018-02-14T14:11:28",
      "_links" : {
        "self" : {
          "href" : "http://localhost/api/contacts/PT%20A_0"
        },
        "contactPerson" : {
          "href" : "http://localhost/api/contacts/PT%20A_0"
        },
        "master" : {
          "href" : "http://localhost/api/contacts/PT%20A_0/master"
        }
      }
    }, {
      "inputUserId" : "ANTHONI",
      "lastUpdateUserId" : "ANTHONI",
      "computerId" : "",
      "lastSynchronizedDate" : null,
      "addressNumber" : "PT B",
      "sequence" : 0,
      "name" : "PT B",
      "mailingName" : "PT B",
      "description" : "",
      "firstName" : "",
      "middleName" : "",
      "lastName" : "",
      "nickname" : "",
      "salutation" : "",
      "gender" : "",
      "type" : "",
      "religion" : "",
      "dateOfBirth" : null,
      "placeOfBirth" : "",
      "socialSecurityNumber" : "",
      "socialSecurityDate" : null,
      "mediaObjectReference" : "",
      "lastUpdateDateTime" : "2018-02-14T14:12:34",
      "inputDateTime" : "2018-02-14T14:12:07",
      "_links" : {
        "self" : {
          "href" : "http://localhost/api/contacts/PT%20B_0"
        },
        "contactPerson" : {
          "href" : "http://localhost/api/contacts/PT%20B_0"
        },
        "master" : {
          "href" : "http://localhost/api/contacts/PT%20B_0/master"
        }
      }
    } ]
  },
  "_links" : {
    "self" : {
      "href" : "http://localhost/api/contacts/"
    },
    "profile" : {
      "href" : "http://localhost/api/profile/contacts"
    },
    "search" : {
      "href" : "http://localhost/api/contacts/search"
    }
  }
}
    Forwarded URL = null
   Redirected URL = null
          Cookies = []
2018-12-27 11:25:43.764  INFO 2120 --- [    Test worker] o.s.t.c.transaction.TransactionContext   : Rolled back transaction for test: [DefaultTestContext@2d40d9c7 testClass = ContactApiTest, testInstance = ags.goldenlionerp.apiTests.addresses.ContactApiTest@6e18c87d, testMethod = getTestCollection@ApiTestBase, testException = [null], mergedContextConfiguration = [WebMergedContextConfiguration@59fcae79 testClass = ContactApiTest, locations = '{}', classes = '{class ags.goldenlionerp.GoldenLionErpApplication}', contextInitializerClasses = '[]', activeProfiles = '{}', propertySourceLocations = '{classpath:test.properties}', propertySourceProperties = '{org.springframework.boot.test.context.SpringBootTestContextBootstrapper=true}', contextCustomizers = set[org.springframework.boot.test.autoconfigure.properties.PropertyMappingContextCustomizer@0, org.springframework.boot.test.autoconfigure.web.servlet.WebDriverContextCustomizerFactory$Customizer@636d731e, [ImportsContextCustomizer@306deee1 key = [ags.goldenlionerp.apiTests.ApiTestBase$TestConfig]], org.springframework.boot.test.context.filter.ExcludeFilterContextCustomizer@6afa5291, org.springframework.boot.test.json.DuplicateJsonObjectContextCustomizerFactory$DuplicateJsonObjectContextCustomizer@20cebcb4, org.springframework.boot.test.mock.mockito.MockitoContextCustomizer@0, org.springframework.boot.test.web.client.TestRestTemplateContextCustomizer@49a32273], resourceBasePath = 'src/main/webapp', contextLoader = 'org.springframework.boot.test.context.SpringBootContextLoader', parent = [null]], attributes = map['org.springframework.test.context.web.ServletTestExecutionListener.activateListener' -> true, 'org.springframework.test.context.web.ServletTestExecutionListener.populatedRequestContextHolder' -> true, 'org.springframework.test.context.web.ServletTestExecutionListener.resetRequestContextHolder' -> true]]
2018-12-27 11:25:43.766  INFO 2120 --- [    Test worker] o.s.t.c.transaction.TransactionContext   : Began transaction (1) for test context [DefaultTestContext@2d40d9c7 testClass = ContactApiTest, testInstance = ags.goldenlionerp.apiTests.addresses.ContactApiTest@6aa1f0dd, testMethod = createTestWithPut@ApiTestBase, testException = [null], mergedContextConfiguration = [WebMergedContextConfiguration@59fcae79 testClass = ContactApiTest, locations = '{}', classes = '{class ags.goldenlionerp.GoldenLionErpApplication}', contextInitializerClasses = '[]', activeProfiles = '{}', propertySourceLocations = '{classpath:test.properties}', propertySourceProperties = '{org.springframework.boot.test.context.SpringBootTestContextBootstrapper=true}', contextCustomizers = set[org.springframework.boot.test.autoconfigure.properties.PropertyMappingContextCustomizer@0, org.springframework.boot.test.autoconfigure.web.servlet.WebDriverContextCustomizerFactory$Customizer@636d731e, [ImportsContextCustomizer@306deee1 key = [ags.goldenlionerp.apiTests.ApiTestBase$TestConfig]], org.springframework.boot.test.context.filter.ExcludeFilterContextCustomizer@6afa5291, org.springframework.boot.test.json.DuplicateJsonObjectContextCustomizerFactory$DuplicateJsonObjectContextCustomizer@20cebcb4, org.springframework.boot.test.mock.mockito.MockitoContextCustomizer@0, org.springframework.boot.test.web.client.TestRestTemplateContextCustomizer@49a32273], resourceBasePath = 'src/main/webapp', contextLoader = 'org.springframework.boot.test.context.SpringBootContextLoader', parent = [null]], attributes = map['org.springframework.test.context.web.ServletTestExecutionListener.activateListener' -> true, 'org.springframework.test.context.web.ServletTestExecutionListener.populatedRequestContextHolder' -> true, 'org.springframework.test.context.web.ServletTestExecutionListener.resetRequestContextHolder' -> true]]; transaction manager [org.springframework.orm.jpa.JpaTransactionManager@75de8c12]; rollback [true]
2018-12-27 11:25:43.767  INFO 2120 --- [    Test worker] o.s.b.t.m.w.SpringBootMockServletContext : Initializing Spring FrameworkServlet ''
2018-12-27 11:25:43.767  INFO 2120 --- [    Test worker] o.s.t.web.servlet.TestDispatcherServlet  : FrameworkServlet '': initialization started
2018-12-27 11:25:43.773  INFO 2120 --- [    Test worker] o.s.t.web.servlet.TestDispatcherServlet  : FrameworkServlet '': initialization completed in 6 ms
Hibernate: select addressboo0_.adanum as adanum1_16_0_, addressboo0_.adcid as adcid2_16_0_, addressboo0_.addtin as addtin3_16_0_, addressboo0_.adtmin as adtmin4_16_0_, addressboo0_.aduid as aduid5_16_0_, addressboo0_.addtlu as addtlu6_16_0_, addressboo0_.adtmlu as adtmlu7_16_0_, addressboo0_.aduidm as aduidm8_16_0_, addressboo0_.adap as adap9_16_0_, addressboo0_.adar as adar10_16_0_, addressboo0_.adbuid as adbuid11_16_0_, addressboo0_.adcc01 as adcc12_16_0_, addressboo0_.adcc02 as adcc13_16_0_, addressboo0_.adcc03 as adcc14_16_0_, addressboo0_.adcc04 as adcc15_16_0_, addressboo0_.adcc05 as adcc16_16_0_, addressboo0_.adcc06 as adcc17_16_0_, addressboo0_.adcc07 as adcc18_16_0_, addressboo0_.adcc08 as adcc19_16_0_, addressboo0_.adcc09 as adcc20_16_0_, addressboo0_.adcc10 as adcc21_16_0_, addressboo0_.adempl as adempl22_16_0_, addressboo0_.adtmlt as adtmlt23_16_0_, addressboo0_.adlan as adlan24_16_0_, addressboo0_.admlnm as admlnm25_16_0_, addressboo0_.adnm as adnm26_16_0_, addressboo0_.adpan as adpan27_16_0_, addressboo0_.adrecid as adrecid28_16_0_, addressboo0_.adrlid0 as adrlid29_16_0_, addressboo0_.adrlid2 as adrlid30_16_0_, addressboo0_.adrlid3 as adrlid31_16_0_, addressboo0_.adrlid4 as adrlid32_16_0_, addressboo0_.adrlid5 as adrlid33_16_0_, addressboo0_.adrlid6 as adrlid34_16_0_, addressboo0_.adrlid7 as adrlid35_16_0_, addressboo0_.adrlid8 as adrlid36_16_0_, addressboo0_.adrlid9 as adrlid37_16_0_, addressboo0_.adrlid1 as adrlid38_16_0_, addressboo0_.adst as adst39_16_0_, addressboo0_.adtaxid as adtaxid40_16_0_ from t0101 addressboo0_ where addressboo0_.adanum=?
Hibernate: select addresshis0_.eaanum as eaanum1_19_0_, addresshis0_.earecid as earecid2_19_0_, addresshis0_.eaanum as eaanum1_19_1_, addresshis0_.earecid as earecid2_19_1_, addresshis0_.eacid as eacid3_19_1_, addresshis0_.eadtin as eadtin4_19_1_, addresshis0_.eatmin as eatmin5_19_1_, addresshis0_.eauid as eauid6_19_1_, addresshis0_.eadtlu as eadtlu7_19_1_, addresshis0_.eatmlu as eatmlu8_19_1_, addresshis0_.eauidm as eauidm9_19_1_, addresshis0_.eadtls as eadtls10_19_1_, addresshis0_.eaaddr1 as eaaddr11_19_1_, addresshis0_.eaaddr2 as eaaddr12_19_1_, addresshis0_.eaaddr3 as eaaddr13_19_1_, addresshis0_.eaaddr4 as eaaddr14_19_1_, addresshis0_.eacity as eacity15_19_1_, addresshis0_.eacntry as eacntry16_19_1_, addresshis0_.eacnty as eacnty17_19_1_, addresshis0_.eaefdt as eaefdt18_19_1_, addresshis0_.eaemail as eaemail19_19_1_, addresshis0_.eanau as eanau20_19_1_, addresshis0_.eanou as eanou21_19_1_, addresshis0_.eapoldis as eapoldi22_19_1_, addresshis0_.eapscd as eapscd23_19_1_, addresshis0_.eastate as eastate24_19_1_, addresshis0_.easubdis as easubdi25_19_1_ from t0104 addresshis0_ where addresshis0_.eaanum=?
Hibernate: select contactper0_.cianum as cianum1_17_0_, contactper0_.ciseq1 as ciseq2_17_0_, contactper0_.cicid as cicid3_17_0_, contactper0_.cidtin as cidtin4_17_0_, contactper0_.citmin as citmin5_17_0_, contactper0_.ciuid as ciuid6_17_0_, contactper0_.cidtlu as cidtlu7_17_0_, contactper0_.citmlu as citmlu8_17_0_, contactper0_.ciuidm as ciuidm9_17_0_, contactper0_.cidtls as cidtls10_17_0_, contactper0_.cidob as cidob11_17_0_, contactper0_.cidesb1 as cidesb12_17_0_, contactper0_.cifsnm as cifsnm13_17_0_, contactper0_.cigdr as cigdr14_17_0_, contactper0_.cilsnm as cilsnm15_17_0_, contactper0_.cimlnm as cimlnm16_17_0_, contactper0_.cimoref as cimoref17_17_0_, contactper0_.cimdnm as cimdnm18_17_0_, contactper0_.cinm as cinm19_17_0_, contactper0_.cinknm as cinknm20_17_0_, contactper0_.cipob as cipob21_17_0_, contactper0_.cirlg as cirlg22_17_0_, contactper0_.cisltn as cisltn23_17_0_, contactper0_.cissdt as cissdt24_17_0_, contactper0_.cissn as cissn25_17_0_, contactper0_.citycd as citycd26_17_0_ from t0102 contactper0_ where contactper0_.cianum=? and contactper0_.ciseq1=?
2018-12-27 11:25:43.801  INFO 2120 --- [    Test worker] o.s.t.c.transaction.TransactionContext   : Rolled back transaction for test: [DefaultTestContext@2d40d9c7 testClass = ContactApiTest, testInstance = ags.goldenlionerp.apiTests.addresses.ContactApiTest@6aa1f0dd, testMethod = createTestWithPut@ApiTestBase, testException = [null], mergedContextConfiguration = [WebMergedContextConfiguration@59fcae79 testClass = ContactApiTest, locations = '{}', classes = '{class ags.goldenlionerp.GoldenLionErpApplication}', contextInitializerClasses = '[]', activeProfiles = '{}', propertySourceLocations = '{classpath:test.properties}', propertySourceProperties = '{org.springframework.boot.test.context.SpringBootTestContextBootstrapper=true}', contextCustomizers = set[org.springframework.boot.test.autoconfigure.properties.PropertyMappingContextCustomizer@0, org.springframework.boot.test.autoconfigure.web.servlet.WebDriverContextCustomizerFactory$Customizer@636d731e, [ImportsContextCustomizer@306deee1 key = [ags.goldenlionerp.apiTests.ApiTestBase$TestConfig]], org.springframework.boot.test.context.filter.ExcludeFilterContextCustomizer@6afa5291, org.springframework.boot.test.json.DuplicateJsonObjectContextCustomizerFactory$DuplicateJsonObjectContextCustomizer@20cebcb4, org.springframework.boot.test.mock.mockito.MockitoContextCustomizer@0, org.springframework.boot.test.web.client.TestRestTemplateContextCustomizer@49a32273], resourceBasePath = 'src/main/webapp', contextLoader = 'org.springframework.boot.test.context.SpringBootContextLoader', parent = [null]], attributes = map['org.springframework.test.context.web.ServletTestExecutionListener.activateListener' -> true, 'org.springframework.test.context.web.ServletTestExecutionListener.populatedRequestContextHolder' -> true, 'org.springframework.test.context.web.ServletTestExecutionListener.resetRequestContextHolder' -> true]]
2018-12-27 11:25:43.804  INFO 2120 --- [    Test worker] o.s.t.c.transaction.TransactionContext   : Began transaction (1) for test context [DefaultTestContext@2d40d9c7 testClass = ContactApiTest, testInstance = ags.goldenlionerp.apiTests.addresses.ContactApiTest@10db2ca8, testMethod = deleteTest@ApiTestBase, testException = [null], mergedContextConfiguration = [WebMergedContextConfiguration@59fcae79 testClass = ContactApiTest, locations = '{}', classes = '{class ags.goldenlionerp.GoldenLionErpApplication}', contextInitializerClasses = '[]', activeProfiles = '{}', propertySourceLocations = '{classpath:test.properties}', propertySourceProperties = '{org.springframework.boot.test.context.SpringBootTestContextBootstrapper=true}', contextCustomizers = set[org.springframework.boot.test.autoconfigure.properties.PropertyMappingContextCustomizer@0, org.springframework.boot.test.autoconfigure.web.servlet.WebDriverContextCustomizerFactory$Customizer@636d731e, [ImportsContextCustomizer@306deee1 key = [ags.goldenlionerp.apiTests.ApiTestBase$TestConfig]], org.springframework.boot.test.context.filter.ExcludeFilterContextCustomizer@6afa5291, org.springframework.boot.test.json.DuplicateJsonObjectContextCustomizerFactory$DuplicateJsonObjectContextCustomizer@20cebcb4, org.springframework.boot.test.mock.mockito.MockitoContextCustomizer@0, org.springframework.boot.test.web.client.TestRestTemplateContextCustomizer@49a32273], resourceBasePath = 'src/main/webapp', contextLoader = 'org.springframework.boot.test.context.SpringBootContextLoader', parent = [null]], attributes = map['org.springframework.test.context.web.ServletTestExecutionListener.activateListener' -> true, 'org.springframework.test.context.web.ServletTestExecutionListener.populatedRequestContextHolder' -> true, 'org.springframework.test.context.web.ServletTestExecutionListener.resetRequestContextHolder' -> true]]; transaction manager [org.springframework.orm.jpa.JpaTransactionManager@75de8c12]; rollback [true]
2018-12-27 11:25:43.804  INFO 2120 --- [    Test worker] o.s.b.t.m.w.SpringBootMockServletContext : Initializing Spring FrameworkServlet ''
2018-12-27 11:25:43.804  INFO 2120 --- [    Test worker] o.s.t.web.servlet.TestDispatcherServlet  : FrameworkServlet '': initialization started
2018-12-27 11:25:43.813  INFO 2120 --- [    Test worker] o.s.t.web.servlet.TestDispatcherServlet  : FrameworkServlet '': initialization completed in 9 ms
Hibernate: select addressboo0_.adanum as adanum1_16_0_, addressboo0_.adcid as adcid2_16_0_, addressboo0_.addtin as addtin3_16_0_, addressboo0_.adtmin as adtmin4_16_0_, addressboo0_.aduid as aduid5_16_0_, addressboo0_.addtlu as addtlu6_16_0_, addressboo0_.adtmlu as adtmlu7_16_0_, addressboo0_.aduidm as aduidm8_16_0_, addressboo0_.adap as adap9_16_0_, addressboo0_.adar as adar10_16_0_, addressboo0_.adbuid as adbuid11_16_0_, addressboo0_.adcc01 as adcc12_16_0_, addressboo0_.adcc02 as adcc13_16_0_, addressboo0_.adcc03 as adcc14_16_0_, addressboo0_.adcc04 as adcc15_16_0_, addressboo0_.adcc05 as adcc16_16_0_, addressboo0_.adcc06 as adcc17_16_0_, addressboo0_.adcc07 as adcc18_16_0_, addressboo0_.adcc08 as adcc19_16_0_, addressboo0_.adcc09 as adcc20_16_0_, addressboo0_.adcc10 as adcc21_16_0_, addressboo0_.adempl as adempl22_16_0_, addressboo0_.adtmlt as adtmlt23_16_0_, addressboo0_.adlan as adlan24_16_0_, addressboo0_.admlnm as admlnm25_16_0_, addressboo0_.adnm as adnm26_16_0_, addressboo0_.adpan as adpan27_16_0_, addressboo0_.adrecid as adrecid28_16_0_, addressboo0_.adrlid0 as adrlid29_16_0_, addressboo0_.adrlid2 as adrlid30_16_0_, addressboo0_.adrlid3 as adrlid31_16_0_, addressboo0_.adrlid4 as adrlid32_16_0_, addressboo0_.adrlid5 as adrlid33_16_0_, addressboo0_.adrlid6 as adrlid34_16_0_, addressboo0_.adrlid7 as adrlid35_16_0_, addressboo0_.adrlid8 as adrlid36_16_0_, addressboo0_.adrlid9 as adrlid37_16_0_, addressboo0_.adrlid1 as adrlid38_16_0_, addressboo0_.adst as adst39_16_0_, addressboo0_.adtaxid as adtaxid40_16_0_ from t0101 addressboo0_ where addressboo0_.adanum=?
Hibernate: select addresshis0_.eaanum as eaanum1_19_0_, addresshis0_.earecid as earecid2_19_0_, addresshis0_.eaanum as eaanum1_19_1_, addresshis0_.earecid as earecid2_19_1_, addresshis0_.eacid as eacid3_19_1_, addresshis0_.eadtin as eadtin4_19_1_, addresshis0_.eatmin as eatmin5_19_1_, addresshis0_.eauid as eauid6_19_1_, addresshis0_.eadtlu as eadtlu7_19_1_, addresshis0_.eatmlu as eatmlu8_19_1_, addresshis0_.eauidm as eauidm9_19_1_, addresshis0_.eadtls as eadtls10_19_1_, addresshis0_.eaaddr1 as eaaddr11_19_1_, addresshis0_.eaaddr2 as eaaddr12_19_1_, addresshis0_.eaaddr3 as eaaddr13_19_1_, addresshis0_.eaaddr4 as eaaddr14_19_1_, addresshis0_.eacity as eacity15_19_1_, addresshis0_.eacntry as eacntry16_19_1_, addresshis0_.eacnty as eacnty17_19_1_, addresshis0_.eaefdt as eaefdt18_19_1_, addresshis0_.eaemail as eaemail19_19_1_, addresshis0_.eanau as eanau20_19_1_, addresshis0_.eanou as eanou21_19_1_, addresshis0_.eapoldis as eapoldi22_19_1_, addresshis0_.eapscd as eapscd23_19_1_, addresshis0_.eastate as eastate24_19_1_, addresshis0_.easubdis as easubdi25_19_1_ from t0104 addresshis0_ where addresshis0_.eaanum=?
Hibernate: select contactper0_.cianum as cianum1_17_0_, contactper0_.ciseq1 as ciseq2_17_0_, contactper0_.cicid as cicid3_17_0_, contactper0_.cidtin as cidtin4_17_0_, contactper0_.citmin as citmin5_17_0_, contactper0_.ciuid as ciuid6_17_0_, contactper0_.cidtlu as cidtlu7_17_0_, contactper0_.citmlu as citmlu8_17_0_, contactper0_.ciuidm as ciuidm9_17_0_, contactper0_.cidtls as cidtls10_17_0_, contactper0_.cidob as cidob11_17_0_, contactper0_.cidesb1 as cidesb12_17_0_, contactper0_.cifsnm as cifsnm13_17_0_, contactper0_.cigdr as cigdr14_17_0_, contactper0_.cilsnm as cilsnm15_17_0_, contactper0_.cimlnm as cimlnm16_17_0_, contactper0_.cimoref as cimoref17_17_0_, contactper0_.cimdnm as cimdnm18_17_0_, contactper0_.cinm as cinm19_17_0_, contactper0_.cinknm as cinknm20_17_0_, contactper0_.cipob as cipob21_17_0_, contactper0_.cirlg as cirlg22_17_0_, contactper0_.cisltn as cisltn23_17_0_, contactper0_.cissdt as cissdt24_17_0_, contactper0_.cissn as cissn25_17_0_, contactper0_.citycd as citycd26_17_0_ from t0102 contactper0_ where contactper0_.cianum=? and contactper0_.ciseq1=?
2018-12-27 11:25:43.849  INFO 2120 --- [    Test worker] o.s.t.c.transaction.TransactionContext   : Rolled back transaction for test: [DefaultTestContext@2d40d9c7 testClass = ContactApiTest, testInstance = ags.goldenlionerp.apiTests.addresses.ContactApiTest@10db2ca8, testMethod = deleteTest@ApiTestBase, testException = [null], mergedContextConfiguration = [WebMergedContextConfiguration@59fcae79 testClass = ContactApiTest, locations = '{}', classes = '{class ags.goldenlionerp.GoldenLionErpApplication}', contextInitializerClasses = '[]', activeProfiles = '{}', propertySourceLocations = '{classpath:test.properties}', propertySourceProperties = '{org.springframework.boot.test.context.SpringBootTestContextBootstrapper=true}', contextCustomizers = set[org.springframework.boot.test.autoconfigure.properties.PropertyMappingContextCustomizer@0, org.springframework.boot.test.autoconfigure.web.servlet.WebDriverContextCustomizerFactory$Customizer@636d731e, [ImportsContextCustomizer@306deee1 key = [ags.goldenlionerp.apiTests.ApiTestBase$TestConfig]], org.springframework.boot.test.context.filter.ExcludeFilterContextCustomizer@6afa5291, org.springframework.boot.test.json.DuplicateJsonObjectContextCustomizerFactory$DuplicateJsonObjectContextCustomizer@20cebcb4, org.springframework.boot.test.mock.mockito.MockitoContextCustomizer@0, org.springframework.boot.test.web.client.TestRestTemplateContextCustomizer@49a32273], resourceBasePath = 'src/main/webapp', contextLoader = 'org.springframework.boot.test.context.SpringBootContextLoader', parent = [null]], attributes = map['org.springframework.test.context.web.ServletTestExecutionListener.activateListener' -> true, 'org.springframework.test.context.web.ServletTestExecutionListener.populatedRequestContextHolder' -> true, 'org.springframework.test.context.web.ServletTestExecutionListener.resetRequestContextHolder' -> true]]
2018-12-27 11:25:43.852  INFO 2120 --- [    Test worker] o.s.t.c.transaction.TransactionContext   : Began transaction (1) for test context [DefaultTestContext@2d40d9c7 testClass = ContactApiTest, testInstance = ags.goldenlionerp.apiTests.addresses.ContactApiTest@34f92ed6, testMethod = createTestWithPost@ApiTestBase, testException = [null], mergedContextConfiguration = [WebMergedContextConfiguration@59fcae79 testClass = ContactApiTest, locations = '{}', classes = '{class ags.goldenlionerp.GoldenLionErpApplication}', contextInitializerClasses = '[]', activeProfiles = '{}', propertySourceLocations = '{classpath:test.properties}', propertySourceProperties = '{org.springframework.boot.test.context.SpringBootTestContextBootstrapper=true}', contextCustomizers = set[org.springframework.boot.test.autoconfigure.properties.PropertyMappingContextCustomizer@0, org.springframework.boot.test.autoconfigure.web.servlet.WebDriverContextCustomizerFactory$Customizer@636d731e, [ImportsContextCustomizer@306deee1 key = [ags.goldenlionerp.apiTests.ApiTestBase$TestConfig]], org.springframework.boot.test.context.filter.ExcludeFilterContextCustomizer@6afa5291, org.springframework.boot.test.json.DuplicateJsonObjectContextCustomizerFactory$DuplicateJsonObjectContextCustomizer@20cebcb4, org.springframework.boot.test.mock.mockito.MockitoContextCustomizer@0, org.springframework.boot.test.web.client.TestRestTemplateContextCustomizer@49a32273], resourceBasePath = 'src/main/webapp', contextLoader = 'org.springframework.boot.test.context.SpringBootContextLoader', parent = [null]], attributes = map['org.springframework.test.context.web.ServletTestExecutionListener.activateListener' -> true, 'org.springframework.test.context.web.ServletTestExecutionListener.populatedRequestContextHolder' -> true, 'org.springframework.test.context.web.ServletTestExecutionListener.resetRequestContextHolder' -> true]]; transaction manager [org.springframework.orm.jpa.JpaTransactionManager@75de8c12]; rollback [true]
2018-12-27 11:25:43.853  INFO 2120 --- [    Test worker] o.s.b.t.m.w.SpringBootMockServletContext : Initializing Spring FrameworkServlet ''
2018-12-27 11:25:43.853  INFO 2120 --- [    Test worker] o.s.t.web.servlet.TestDispatcherServlet  : FrameworkServlet '': initialization started
2018-12-27 11:25:43.859  INFO 2120 --- [    Test worker] o.s.t.web.servlet.TestDispatcherServlet  : FrameworkServlet '': initialization completed in 6 ms
Hibernate: select addressboo0_.adanum as adanum1_16_0_, addressboo0_.adcid as adcid2_16_0_, addressboo0_.addtin as addtin3_16_0_, addressboo0_.adtmin as adtmin4_16_0_, addressboo0_.aduid as aduid5_16_0_, addressboo0_.addtlu as addtlu6_16_0_, addressboo0_.adtmlu as adtmlu7_16_0_, addressboo0_.aduidm as aduidm8_16_0_, addressboo0_.adap as adap9_16_0_, addressboo0_.adar as adar10_16_0_, addressboo0_.adbuid as adbuid11_16_0_, addressboo0_.adcc01 as adcc12_16_0_, addressboo0_.adcc02 as adcc13_16_0_, addressboo0_.adcc03 as adcc14_16_0_, addressboo0_.adcc04 as adcc15_16_0_, addressboo0_.adcc05 as adcc16_16_0_, addressboo0_.adcc06 as adcc17_16_0_, addressboo0_.adcc07 as adcc18_16_0_, addressboo0_.adcc08 as adcc19_16_0_, addressboo0_.adcc09 as adcc20_16_0_, addressboo0_.adcc10 as adcc21_16_0_, addressboo0_.adempl as adempl22_16_0_, addressboo0_.adtmlt as adtmlt23_16_0_, addressboo0_.adlan as adlan24_16_0_, addressboo0_.admlnm as admlnm25_16_0_, addressboo0_.adnm as adnm26_16_0_, addressboo0_.adpan as adpan27_16_0_, addressboo0_.adrecid as adrecid28_16_0_, addressboo0_.adrlid0 as adrlid29_16_0_, addressboo0_.adrlid2 as adrlid30_16_0_, addressboo0_.adrlid3 as adrlid31_16_0_, addressboo0_.adrlid4 as adrlid32_16_0_, addressboo0_.adrlid5 as adrlid33_16_0_, addressboo0_.adrlid6 as adrlid34_16_0_, addressboo0_.adrlid7 as adrlid35_16_0_, addressboo0_.adrlid8 as adrlid36_16_0_, addressboo0_.adrlid9 as adrlid37_16_0_, addressboo0_.adrlid1 as adrlid38_16_0_, addressboo0_.adst as adst39_16_0_, addressboo0_.adtaxid as adtaxid40_16_0_ from t0101 addressboo0_ where addressboo0_.adanum=?
Hibernate: select addresshis0_.eaanum as eaanum1_19_0_, addresshis0_.earecid as earecid2_19_0_, addresshis0_.eaanum as eaanum1_19_1_, addresshis0_.earecid as earecid2_19_1_, addresshis0_.eacid as eacid3_19_1_, addresshis0_.eadtin as eadtin4_19_1_, addresshis0_.eatmin as eatmin5_19_1_, addresshis0_.eauid as eauid6_19_1_, addresshis0_.eadtlu as eadtlu7_19_1_, addresshis0_.eatmlu as eatmlu8_19_1_, addresshis0_.eauidm as eauidm9_19_1_, addresshis0_.eadtls as eadtls10_19_1_, addresshis0_.eaaddr1 as eaaddr11_19_1_, addresshis0_.eaaddr2 as eaaddr12_19_1_, addresshis0_.eaaddr3 as eaaddr13_19_1_, addresshis0_.eaaddr4 as eaaddr14_19_1_, addresshis0_.eacity as eacity15_19_1_, addresshis0_.eacntry as eacntry16_19_1_, addresshis0_.eacnty as eacnty17_19_1_, addresshis0_.eaefdt as eaefdt18_19_1_, addresshis0_.eaemail as eaemail19_19_1_, addresshis0_.eanau as eanau20_19_1_, addresshis0_.eanou as eanou21_19_1_, addresshis0_.eapoldis as eapoldi22_19_1_, addresshis0_.eapscd as eapscd23_19_1_, addresshis0_.eastate as eastate24_19_1_, addresshis0_.easubdis as easubdi25_19_1_ from t0104 addresshis0_ where addresshis0_.eaanum=?
Hibernate: select contactper0_.cianum as cianum1_17_0_, contactper0_.ciseq1 as ciseq2_17_0_, contactper0_.cicid as cicid3_17_0_, contactper0_.cidtin as cidtin4_17_0_, contactper0_.citmin as citmin5_17_0_, contactper0_.ciuid as ciuid6_17_0_, contactper0_.cidtlu as cidtlu7_17_0_, contactper0_.citmlu as citmlu8_17_0_, contactper0_.ciuidm as ciuidm9_17_0_, contactper0_.cidtls as cidtls10_17_0_, contactper0_.cidob as cidob11_17_0_, contactper0_.cidesb1 as cidesb12_17_0_, contactper0_.cifsnm as cifsnm13_17_0_, contactper0_.cigdr as cigdr14_17_0_, contactper0_.cilsnm as cilsnm15_17_0_, contactper0_.cimlnm as cimlnm16_17_0_, contactper0_.cimoref as cimoref17_17_0_, contactper0_.cimdnm as cimdnm18_17_0_, contactper0_.cinm as cinm19_17_0_, contactper0_.cinknm as cinknm20_17_0_, contactper0_.cipob as cipob21_17_0_, contactper0_.cirlg as cirlg22_17_0_, contactper0_.cisltn as cisltn23_17_0_, contactper0_.cissdt as cissdt24_17_0_, contactper0_.cissn as cissn25_17_0_, contactper0_.citycd as citycd26_17_0_ from t0102 contactper0_ where contactper0_.cianum=? and contactper0_.ciseq1=?
Hibernate: select contactper0_.cianum as cianum1_17_0_, contactper0_.ciseq1 as ciseq2_17_0_, contactper0_.cicid as cicid3_17_0_, contactper0_.cidtin as cidtin4_17_0_, contactper0_.citmin as citmin5_17_0_, contactper0_.ciuid as ciuid6_17_0_, contactper0_.cidtlu as cidtlu7_17_0_, contactper0_.citmlu as citmlu8_17_0_, contactper0_.ciuidm as ciuidm9_17_0_, contactper0_.cidtls as cidtls10_17_0_, contactper0_.cidob as cidob11_17_0_, contactper0_.cidesb1 as cidesb12_17_0_, contactper0_.cifsnm as cifsnm13_17_0_, contactper0_.cigdr as cigdr14_17_0_, contactper0_.cilsnm as cilsnm15_17_0_, contactper0_.cimlnm as cimlnm16_17_0_, contactper0_.cimoref as cimoref17_17_0_, contactper0_.cimdnm as cimdnm18_17_0_, contactper0_.cinm as cinm19_17_0_, contactper0_.cinknm as cinknm20_17_0_, contactper0_.cipob as cipob21_17_0_, contactper0_.cirlg as cirlg22_17_0_, contactper0_.cisltn as cisltn23_17_0_, contactper0_.cissdt as cissdt24_17_0_, contactper0_.cissn as cissn25_17_0_, contactper0_.citycd as citycd26_17_0_ from t0102 contactper0_ where contactper0_.cianum=? and contactper0_.ciseq1=?
Hibernate: insert into t0102 (cicid, cidtin, citmin, ciuid, cidtlu, citmlu, ciuidm, cidtls, cidob, cidesb1, cifsnm, cigdr, cilsnm, cimlnm, cimoref, cimdnm, cinm, cinknm, cipob, cirlg, cisltn, cissdt, cissn, citycd, cianum, ciseq1) values (?, ?, ?, ?, ?, ?, ?, ?, ?, ?, ?, ?, ?, ?, ?, ?, ?, ?, ?, ?, ?, ?, ?, ?, ?, ?)
Hibernate: select contactper0_.cianum as cianum1_17_0_, contactper0_.ciseq1 as ciseq2_17_0_, contactper0_.cicid as cicid3_17_0_, contactper0_.cidtin as cidtin4_17_0_, contactper0_.citmin as citmin5_17_0_, contactper0_.ciuid as ciuid6_17_0_, contactper0_.cidtlu as cidtlu7_17_0_, contactper0_.citmlu as citmlu8_17_0_, contactper0_.ciuidm as ciuidm9_17_0_, contactper0_.cidtls as cidtls10_17_0_, contactper0_.cidob as cidob11_17_0_, contactper0_.cidesb1 as cidesb12_17_0_, contactper0_.cifsnm as cifsnm13_17_0_, contactper0_.cigdr as cigdr14_17_0_, contactper0_.cilsnm as cilsnm15_17_0_, contactper0_.cimlnm as cimlnm16_17_0_, contactper0_.cimoref as cimoref17_17_0_, contactper0_.cimdnm as cimdnm18_17_0_, contactper0_.cinm as cinm19_17_0_, contactper0_.cinknm as cinknm20_17_0_, contactper0_.cipob as cipob21_17_0_, contactper0_.cirlg as cirlg22_17_0_, contactper0_.cisltn as cisltn23_17_0_, contactper0_.cissdt as cissdt24_17_0_, contactper0_.cissn as cissn25_17_0_, contactper0_.citycd as citycd26_17_0_ from t0102 contactper0_ where contactper0_.cianum=? and contactper0_.ciseq1=?

MockHttpServletRequest:
      HTTP Method = GET
      Request URI = /api/contacts/1015_1
       Parameters = {}
          Headers = {Accept=[application/json]}
             Body = <no character encoding set>
    Session Attrs = {org.springframework.security.web.csrf.HttpSessionCsrfTokenRepository.CSRF_TOKEN=org.springframework.security.web.csrf.DefaultCsrfToken@38912037, SPRING_SECURITY_CONTEXT=org.springframework.security.core.context.SecurityContextImpl@475fcd89: Authentication: org.springframework.security.authentication.UsernamePasswordAuthenticationToken@475fcd89: Principal: org.springframework.security.core.userdetails.User@f02988d6: Username: username; Password: [PROTECTED]; Enabled: true; AccountNonExpired: true; credentialsNonExpired: true; AccountNonLocked: true; Not granted any authorities; Credentials: [PROTECTED]; Authenticated: true; Details: null; Not granted any authorities}

Handler:
             Type = org.springframework.data.rest.webmvc.RepositoryEntityController
           Method = public org.springframework.http.ResponseEntity<org.springframework.hateoas.Resource<?>> org.springframework.data.rest.webmvc.RepositoryEntityController.getItemResource(org.springframework.data.rest.webmvc.RootResourceInformation,java.io.Serializable,org.springframework.data.rest.webmvc.PersistentEntityResourceAssembler,org.springframework.http.HttpHeaders) throws org.springframework.web.HttpRequestMethodNotSupportedException

Async:
    Async started = false
     Async result = null

Resolved Exception:
             Type = null

ModelAndView:
        View name = null
             View = null
            Model = null

FlashMap:
       Attributes = null

MockHttpServletResponse:
           Status = 200
    Error message = null
          Headers = {Content-Type=[application/json;charset=UTF-8], X-Content-Type-Options=[nosniff], X-XSS-Protection=[1; mode=block], Cache-Control=[no-cache, no-store, max-age=0, must-revalidate], Pragma=[no-cache], Expires=[0], X-Frame-Options=[DENY]}
     Content type = application/json;charset=UTF-8
             Body = {
  "inputUserId" : "username",
  "lastUpdateUserId" : "username",
  "computerId" : "username",
  "lastSynchronizedDate" : null,
  "addressNumber" : "1015",
  "sequence" : 1,
  "name" : "",
  "mailingName" : "Meong super imut",
  "description" : "a bwelly kyutie kitti",
  "firstName" : "Meong",
  "middleName" : "Kucing",
  "lastName" : "Imut",
  "nickname" : "",
  "salutation" : "Nona",
  "gender" : "P",
  "type" : "C",
  "religion" : "05",
  "dateOfBirth" : "1994-01-26",
  "placeOfBirth" : "Cutietown",
  "socialSecurityNumber" : "",
  "socialSecurityDate" : null,
  "mediaObjectReference" : "",
  "lastUpdateDateTime" : "2018-12-27T11:25:43",
  "inputDateTime" : "2018-12-27T11:25:43",
  "_links" : {
    "self" : {
      "href" : "http://localhost/api/contacts/1015_1"
    },
    "contactPerson" : {
      "href" : "http://localhost/api/contacts/1015_1"
    },
    "master" : {
      "href" : "http://localhost/api/contacts/1015_1/master"
    }
  }
}
    Forwarded URL = null
   Redirected URL = null
          Cookies = []
2018-12-27 11:25:43.914  INFO 2120 --- [    Test worker] o.s.t.c.transaction.TransactionContext   : Rolled back transaction for test: [DefaultTestContext@2d40d9c7 testClass = ContactApiTest, testInstance = ags.goldenlionerp.apiTests.addresses.ContactApiTest@34f92ed6, testMethod = createTestWithPost@ApiTestBase, testException = [null], mergedContextConfiguration = [WebMergedContextConfiguration@59fcae79 testClass = ContactApiTest, locations = '{}', classes = '{class ags.goldenlionerp.GoldenLionErpApplication}', contextInitializerClasses = '[]', activeProfiles = '{}', propertySourceLocations = '{classpath:test.properties}', propertySourceProperties = '{org.springframework.boot.test.context.SpringBootTestContextBootstrapper=true}', contextCustomizers = set[org.springframework.boot.test.autoconfigure.properties.PropertyMappingContextCustomizer@0, org.springframework.boot.test.autoconfigure.web.servlet.WebDriverContextCustomizerFactory$Customizer@636d731e, [ImportsContextCustomizer@306deee1 key = [ags.goldenlionerp.apiTests.ApiTestBase$TestConfig]], org.springframework.boot.test.context.filter.ExcludeFilterContextCustomizer@6afa5291, org.springframework.boot.test.json.DuplicateJsonObjectContextCustomizerFactory$DuplicateJsonObjectContextCustomizer@20cebcb4, org.springframework.boot.test.mock.mockito.MockitoContextCustomizer@0, org.springframework.boot.test.web.client.TestRestTemplateContextCustomizer@49a32273], resourceBasePath = 'src/main/webapp', contextLoader = 'org.springframework.boot.test.context.SpringBootContextLoader', parent = [null]], attributes = map['org.springframework.test.context.web.ServletTestExecutionListener.activateListener' -> true, 'org.springframework.test.context.web.ServletTestExecutionListener.populatedRequestContextHolder' -> true, 'org.springframework.test.context.web.ServletTestExecutionListener.resetRequestContextHolder' -> true]]
]]></system-out>
  <system-err><![CDATA[]]></system-err>
</testsuite>
