<?xml version="1.0" encoding="UTF-8"?>
<testsuite name="ags.goldenlionerp.apiTests.item.StandardUomConversionApiTest" tests="8" skipped="0" failures="0" errors="0" timestamp="2018-12-14T10:35:29" hostname="LAPTOP-FHFRCCL6" time="0.275">
  <properties/>
  <testcase name="createTestWithPost_ExistingConversion" classname="ags.goldenlionerp.apiTests.item.StandardUomConversionApiTest" time="0.056"/>
  <testcase name="updateTestWithPut" classname="ags.goldenlionerp.apiTests.item.StandardUomConversionApiTest" time="0.026"/>
  <testcase name="getTestSingle" classname="ags.goldenlionerp.apiTests.item.StandardUomConversionApiTest" time="0.023"/>
  <testcase name="updateTestWithPatch" classname="ags.goldenlionerp.apiTests.item.StandardUomConversionApiTest" time="0.043"/>
  <testcase name="getTestCollection" classname="ags.goldenlionerp.apiTests.item.StandardUomConversionApiTest" time="0.035"/>
  <testcase name="createTestWithPut" classname="ags.goldenlionerp.apiTests.item.StandardUomConversionApiTest" time="0.019"/>
  <testcase name="deleteTest" classname="ags.goldenlionerp.apiTests.item.StandardUomConversionApiTest" time="0.025"/>
  <testcase name="createTestWithPost" classname="ags.goldenlionerp.apiTests.item.StandardUomConversionApiTest" time="0.044"/>
  <system-out><![CDATA[2018-12-14 17:35:29.878  INFO 9212 --- [    Test worker] .b.t.c.SpringBootTestContextBootstrapper : Neither @ContextConfiguration nor @ContextHierarchy found for test class [ags.goldenlionerp.apiTests.item.StandardUomConversionApiTest], using SpringBootContextLoader
2018-12-14 17:35:29.878  INFO 9212 --- [    Test worker] o.s.t.c.support.AbstractContextLoader    : Could not detect default resource locations for test class [ags.goldenlionerp.apiTests.item.StandardUomConversionApiTest]: no resource found for suffixes {-context.xml, Context.groovy}.
2018-12-14 17:35:29.878  INFO 9212 --- [    Test worker] t.c.s.AnnotationConfigContextLoaderUtils : Could not detect default configuration classes for test class [ags.goldenlionerp.apiTests.item.StandardUomConversionApiTest]: StandardUomConversionApiTest does not declare any static, non-private, non-final, nested classes annotated with @Configuration.
2018-12-14 17:35:29.878  INFO 9212 --- [    Test worker] .b.t.c.SpringBootTestContextBootstrapper : Found @SpringBootConfiguration ags.goldenlionerp.GoldenLionErpApplication for test class ags.goldenlionerp.apiTests.item.StandardUomConversionApiTest
2018-12-14 17:35:29.878  INFO 9212 --- [    Test worker] .b.t.c.SpringBootTestContextBootstrapper : Loaded default TestExecutionListener class names from location [META-INF/spring.factories]: [org.springframework.security.test.context.support.WithSecurityContextTestExecutionListener, org.springframework.security.test.context.support.ReactorContextTestExecutionListener, org.springframework.boot.test.autoconfigure.restdocs.RestDocsTestExecutionListener, org.springframework.boot.test.autoconfigure.web.client.MockRestServiceServerResetTestExecutionListener, org.springframework.boot.test.autoconfigure.web.servlet.MockMvcPrintOnlyOnFailureTestExecutionListener, org.springframework.boot.test.autoconfigure.web.servlet.WebDriverTestExecutionListener, org.springframework.boot.test.mock.mockito.MockitoTestExecutionListener, org.springframework.boot.test.mock.mockito.ResetMocksTestExecutionListener, org.springframework.test.context.web.ServletTestExecutionListener, org.springframework.test.context.support.DirtiesContextBeforeModesTestExecutionListener, org.springframework.test.context.support.DependencyInjectionTestExecutionListener, org.springframework.test.context.support.DirtiesContextTestExecutionListener, org.springframework.test.context.transaction.TransactionalTestExecutionListener, org.springframework.test.context.jdbc.SqlScriptsTestExecutionListener]
2018-12-14 17:35:29.878  INFO 9212 --- [    Test worker] .b.t.c.SpringBootTestContextBootstrapper : Using TestExecutionListeners: [org.springframework.test.context.web.ServletTestExecutionListener@7b8b26cc, org.springframework.test.context.support.DirtiesContextBeforeModesTestExecutionListener@160bea00, org.springframework.boot.test.mock.mockito.MockitoTestExecutionListener@5b4d545e, org.springframework.boot.test.autoconfigure.SpringBootDependencyInjectionTestExecutionListener@53b64d54, org.springframework.test.context.support.DirtiesContextTestExecutionListener@7129bca8, org.springframework.test.context.transaction.TransactionalTestExecutionListener@383b0367, org.springframework.test.context.jdbc.SqlScriptsTestExecutionListener@9654f9a, org.springframework.security.test.context.support.WithSecurityContextTestExecutionListener@68586f0f, org.springframework.security.test.context.support.ReactorContextTestExecutionListener@54a85250, org.springframework.boot.test.autoconfigure.restdocs.RestDocsTestExecutionListener@34684399, org.springframework.boot.test.autoconfigure.web.client.MockRestServiceServerResetTestExecutionListener@17d2d311, org.springframework.boot.test.autoconfigure.web.servlet.MockMvcPrintOnlyOnFailureTestExecutionListener@3c59e6f3, org.springframework.boot.test.autoconfigure.web.servlet.WebDriverTestExecutionListener@2a7519fa, org.springframework.boot.test.mock.mockito.ResetMocksTestExecutionListener@5cf7f3a6]
2018-12-14 17:35:29.910  INFO 9212 --- [    Test worker] o.s.t.c.transaction.TransactionContext   : Began transaction (1) for test context [DefaultTestContext@755d3fb0 testClass = StandardUomConversionApiTest, testInstance = ags.goldenlionerp.apiTests.item.StandardUomConversionApiTest@54cf2061, testMethod = createTestWithPost_ExistingConversion@StandardUomConversionApiTest, testException = [null], mergedContextConfiguration = [WebMergedContextConfiguration@34137aab testClass = StandardUomConversionApiTest, locations = '{}', classes = '{class ags.goldenlionerp.GoldenLionErpApplication}', contextInitializerClasses = '[]', activeProfiles = '{}', propertySourceLocations = '{classpath:test.properties}', propertySourceProperties = '{org.springframework.boot.test.context.SpringBootTestContextBootstrapper=true}', contextCustomizers = set[org.springframework.boot.test.autoconfigure.properties.PropertyMappingContextCustomizer@0, org.springframework.boot.test.autoconfigure.web.servlet.WebDriverContextCustomizerFactory$Customizer@636d731e, [ImportsContextCustomizer@7a0f4e80 key = [ags.goldenlionerp.apiTests.ApiTestBase$TestConfig]], org.springframework.boot.test.context.filter.ExcludeFilterContextCustomizer@6afa5291, org.springframework.boot.test.json.DuplicateJsonObjectContextCustomizerFactory$DuplicateJsonObjectContextCustomizer@20cebcb4, org.springframework.boot.test.mock.mockito.MockitoContextCustomizer@0, org.springframework.boot.test.web.client.TestRestTemplateContextCustomizer@49a32273], resourceBasePath = 'src/main/webapp', contextLoader = 'org.springframework.boot.test.context.SpringBootContextLoader', parent = [null]], attributes = map['org.springframework.test.context.web.ServletTestExecutionListener.activateListener' -> true, 'org.springframework.test.context.web.ServletTestExecutionListener.populatedRequestContextHolder' -> true, 'org.springframework.test.context.web.ServletTestExecutionListener.resetRequestContextHolder' -> true]]; transaction manager [org.springframework.orm.jpa.JpaTransactionManager@76f112e2]; rollback [true]
2018-12-14 17:35:29.910  INFO 9212 --- [    Test worker] o.s.b.t.m.w.SpringBootMockServletContext : Initializing Spring FrameworkServlet ''
2018-12-14 17:35:29.910  INFO 9212 --- [    Test worker] o.s.t.web.servlet.TestDispatcherServlet  : FrameworkServlet '': initialization started
2018-12-14 17:35:29.910  INFO 9212 --- [    Test worker] o.s.t.web.servlet.TestDispatcherServlet  : FrameworkServlet '': initialization completed in 0 ms
Hibernate: select standarduo0_.ucuom as ucuom1_30_0_, standarduo0_.ucuomr as ucuomr2_30_0_, standarduo0_.uccid as uccid3_30_0_, standarduo0_.ucdtin as ucdtin4_30_0_, standarduo0_.uctmin as uctmin5_30_0_, standarduo0_.ucuid as ucuid6_30_0_, standarduo0_.ucdtlu as ucdtlu7_30_0_, standarduo0_.uctmlu as uctmlu8_30_0_, standarduo0_.ucuidm as ucuidm9_30_0_, standarduo0_.ucdtls as ucdtls10_30_0_, standarduo0_.uccnv as uccnv11_30_0_ from t41003 standarduo0_ where standarduo0_.ucuom=? and standarduo0_.ucuomr=?
Hibernate: select standarduo0_.ucuom as ucuom1_30_0_, standarduo0_.ucuomr as ucuomr2_30_0_, standarduo0_.uccid as uccid3_30_0_, standarduo0_.ucdtin as ucdtin4_30_0_, standarduo0_.uctmin as uctmin5_30_0_, standarduo0_.ucuid as ucuid6_30_0_, standarduo0_.ucdtlu as ucdtlu7_30_0_, standarduo0_.uctmlu as uctmlu8_30_0_, standarduo0_.ucuidm as ucuidm9_30_0_, standarduo0_.ucdtls as ucdtls10_30_0_, standarduo0_.uccnv as uccnv11_30_0_ from t41003 standarduo0_ where standarduo0_.ucuom=? and standarduo0_.ucuomr=?
2018-12-14 17:35:29.956  INFO 9212 --- [    Test worker] o.s.t.c.transaction.TransactionContext   : Rolled back transaction for test: [DefaultTestContext@755d3fb0 testClass = StandardUomConversionApiTest, testInstance = ags.goldenlionerp.apiTests.item.StandardUomConversionApiTest@54cf2061, testMethod = createTestWithPost_ExistingConversion@StandardUomConversionApiTest, testException = [null], mergedContextConfiguration = [WebMergedContextConfiguration@34137aab testClass = StandardUomConversionApiTest, locations = '{}', classes = '{class ags.goldenlionerp.GoldenLionErpApplication}', contextInitializerClasses = '[]', activeProfiles = '{}', propertySourceLocations = '{classpath:test.properties}', propertySourceProperties = '{org.springframework.boot.test.context.SpringBootTestContextBootstrapper=true}', contextCustomizers = set[org.springframework.boot.test.autoconfigure.properties.PropertyMappingContextCustomizer@0, org.springframework.boot.test.autoconfigure.web.servlet.WebDriverContextCustomizerFactory$Customizer@636d731e, [ImportsContextCustomizer@7a0f4e80 key = [ags.goldenlionerp.apiTests.ApiTestBase$TestConfig]], org.springframework.boot.test.context.filter.ExcludeFilterContextCustomizer@6afa5291, org.springframework.boot.test.json.DuplicateJsonObjectContextCustomizerFactory$DuplicateJsonObjectContextCustomizer@20cebcb4, org.springframework.boot.test.mock.mockito.MockitoContextCustomizer@0, org.springframework.boot.test.web.client.TestRestTemplateContextCustomizer@49a32273], resourceBasePath = 'src/main/webapp', contextLoader = 'org.springframework.boot.test.context.SpringBootContextLoader', parent = [null]], attributes = map['org.springframework.test.context.web.ServletTestExecutionListener.activateListener' -> true, 'org.springframework.test.context.web.ServletTestExecutionListener.populatedRequestContextHolder' -> true, 'org.springframework.test.context.web.ServletTestExecutionListener.resetRequestContextHolder' -> true]]
2018-12-14 17:35:29.956  INFO 9212 --- [    Test worker] o.s.t.c.transaction.TransactionContext   : Began transaction (1) for test context [DefaultTestContext@755d3fb0 testClass = StandardUomConversionApiTest, testInstance = ags.goldenlionerp.apiTests.item.StandardUomConversionApiTest@6938b17e, testMethod = updateTestWithPut@ApiTestBase, testException = [null], mergedContextConfiguration = [WebMergedContextConfiguration@34137aab testClass = StandardUomConversionApiTest, locations = '{}', classes = '{class ags.goldenlionerp.GoldenLionErpApplication}', contextInitializerClasses = '[]', activeProfiles = '{}', propertySourceLocations = '{classpath:test.properties}', propertySourceProperties = '{org.springframework.boot.test.context.SpringBootTestContextBootstrapper=true}', contextCustomizers = set[org.springframework.boot.test.autoconfigure.properties.PropertyMappingContextCustomizer@0, org.springframework.boot.test.autoconfigure.web.servlet.WebDriverContextCustomizerFactory$Customizer@636d731e, [ImportsContextCustomizer@7a0f4e80 key = [ags.goldenlionerp.apiTests.ApiTestBase$TestConfig]], org.springframework.boot.test.context.filter.ExcludeFilterContextCustomizer@6afa5291, org.springframework.boot.test.json.DuplicateJsonObjectContextCustomizerFactory$DuplicateJsonObjectContextCustomizer@20cebcb4, org.springframework.boot.test.mock.mockito.MockitoContextCustomizer@0, org.springframework.boot.test.web.client.TestRestTemplateContextCustomizer@49a32273], resourceBasePath = 'src/main/webapp', contextLoader = 'org.springframework.boot.test.context.SpringBootContextLoader', parent = [null]], attributes = map['org.springframework.test.context.web.ServletTestExecutionListener.activateListener' -> true, 'org.springframework.test.context.web.ServletTestExecutionListener.populatedRequestContextHolder' -> true, 'org.springframework.test.context.web.ServletTestExecutionListener.resetRequestContextHolder' -> true]]; transaction manager [org.springframework.orm.jpa.JpaTransactionManager@76f112e2]; rollback [true]
2018-12-14 17:35:29.956  INFO 9212 --- [    Test worker] o.s.b.t.m.w.SpringBootMockServletContext : Initializing Spring FrameworkServlet ''
2018-12-14 17:35:29.956  INFO 9212 --- [    Test worker] o.s.t.web.servlet.TestDispatcherServlet  : FrameworkServlet '': initialization started
2018-12-14 17:35:29.972  INFO 9212 --- [    Test worker] o.s.t.web.servlet.TestDispatcherServlet  : FrameworkServlet '': initialization completed in 16 ms
Hibernate: select standarduo0_.ucuom as ucuom1_30_0_, standarduo0_.ucuomr as ucuomr2_30_0_, standarduo0_.uccid as uccid3_30_0_, standarduo0_.ucdtin as ucdtin4_30_0_, standarduo0_.uctmin as uctmin5_30_0_, standarduo0_.ucuid as ucuid6_30_0_, standarduo0_.ucdtlu as ucdtlu7_30_0_, standarduo0_.uctmlu as uctmlu8_30_0_, standarduo0_.ucuidm as ucuidm9_30_0_, standarduo0_.ucdtls as ucdtls10_30_0_, standarduo0_.uccnv as uccnv11_30_0_ from t41003 standarduo0_ where standarduo0_.ucuom=? and standarduo0_.ucuomr=?
2018-12-14 17:35:29.988  INFO 9212 --- [    Test worker] o.s.t.c.transaction.TransactionContext   : Rolled back transaction for test: [DefaultTestContext@755d3fb0 testClass = StandardUomConversionApiTest, testInstance = ags.goldenlionerp.apiTests.item.StandardUomConversionApiTest@6938b17e, testMethod = updateTestWithPut@ApiTestBase, testException = [null], mergedContextConfiguration = [WebMergedContextConfiguration@34137aab testClass = StandardUomConversionApiTest, locations = '{}', classes = '{class ags.goldenlionerp.GoldenLionErpApplication}', contextInitializerClasses = '[]', activeProfiles = '{}', propertySourceLocations = '{classpath:test.properties}', propertySourceProperties = '{org.springframework.boot.test.context.SpringBootTestContextBootstrapper=true}', contextCustomizers = set[org.springframework.boot.test.autoconfigure.properties.PropertyMappingContextCustomizer@0, org.springframework.boot.test.autoconfigure.web.servlet.WebDriverContextCustomizerFactory$Customizer@636d731e, [ImportsContextCustomizer@7a0f4e80 key = [ags.goldenlionerp.apiTests.ApiTestBase$TestConfig]], org.springframework.boot.test.context.filter.ExcludeFilterContextCustomizer@6afa5291, org.springframework.boot.test.json.DuplicateJsonObjectContextCustomizerFactory$DuplicateJsonObjectContextCustomizer@20cebcb4, org.springframework.boot.test.mock.mockito.MockitoContextCustomizer@0, org.springframework.boot.test.web.client.TestRestTemplateContextCustomizer@49a32273], resourceBasePath = 'src/main/webapp', contextLoader = 'org.springframework.boot.test.context.SpringBootContextLoader', parent = [null]], attributes = map['org.springframework.test.context.web.ServletTestExecutionListener.activateListener' -> true, 'org.springframework.test.context.web.ServletTestExecutionListener.populatedRequestContextHolder' -> true, 'org.springframework.test.context.web.ServletTestExecutionListener.resetRequestContextHolder' -> true]]
2018-12-14 17:35:29.988  INFO 9212 --- [    Test worker] o.s.t.c.transaction.TransactionContext   : Began transaction (1) for test context [DefaultTestContext@755d3fb0 testClass = StandardUomConversionApiTest, testInstance = ags.goldenlionerp.apiTests.item.StandardUomConversionApiTest@695ec029, testMethod = getTestSingle@ApiTestBase, testException = [null], mergedContextConfiguration = [WebMergedContextConfiguration@34137aab testClass = StandardUomConversionApiTest, locations = '{}', classes = '{class ags.goldenlionerp.GoldenLionErpApplication}', contextInitializerClasses = '[]', activeProfiles = '{}', propertySourceLocations = '{classpath:test.properties}', propertySourceProperties = '{org.springframework.boot.test.context.SpringBootTestContextBootstrapper=true}', contextCustomizers = set[org.springframework.boot.test.autoconfigure.properties.PropertyMappingContextCustomizer@0, org.springframework.boot.test.autoconfigure.web.servlet.WebDriverContextCustomizerFactory$Customizer@636d731e, [ImportsContextCustomizer@7a0f4e80 key = [ags.goldenlionerp.apiTests.ApiTestBase$TestConfig]], org.springframework.boot.test.context.filter.ExcludeFilterContextCustomizer@6afa5291, org.springframework.boot.test.json.DuplicateJsonObjectContextCustomizerFactory$DuplicateJsonObjectContextCustomizer@20cebcb4, org.springframework.boot.test.mock.mockito.MockitoContextCustomizer@0, org.springframework.boot.test.web.client.TestRestTemplateContextCustomizer@49a32273], resourceBasePath = 'src/main/webapp', contextLoader = 'org.springframework.boot.test.context.SpringBootContextLoader', parent = [null]], attributes = map['org.springframework.test.context.web.ServletTestExecutionListener.activateListener' -> true, 'org.springframework.test.context.web.ServletTestExecutionListener.populatedRequestContextHolder' -> true, 'org.springframework.test.context.web.ServletTestExecutionListener.resetRequestContextHolder' -> true]]; transaction manager [org.springframework.orm.jpa.JpaTransactionManager@76f112e2]; rollback [true]
2018-12-14 17:35:29.988  INFO 9212 --- [    Test worker] o.s.b.t.m.w.SpringBootMockServletContext : Initializing Spring FrameworkServlet ''
2018-12-14 17:35:29.988  INFO 9212 --- [    Test worker] o.s.t.web.servlet.TestDispatcherServlet  : FrameworkServlet '': initialization started
2018-12-14 17:35:29.988  INFO 9212 --- [    Test worker] o.s.t.web.servlet.TestDispatcherServlet  : FrameworkServlet '': initialization completed in 0 ms
Hibernate: select standarduo0_.ucuom as ucuom1_30_0_, standarduo0_.ucuomr as ucuomr2_30_0_, standarduo0_.uccid as uccid3_30_0_, standarduo0_.ucdtin as ucdtin4_30_0_, standarduo0_.uctmin as uctmin5_30_0_, standarduo0_.ucuid as ucuid6_30_0_, standarduo0_.ucdtlu as ucdtlu7_30_0_, standarduo0_.uctmlu as uctmlu8_30_0_, standarduo0_.ucuidm as ucuidm9_30_0_, standarduo0_.ucdtls as ucdtls10_30_0_, standarduo0_.uccnv as uccnv11_30_0_ from t41003 standarduo0_ where standarduo0_.ucuom=? and standarduo0_.ucuomr=?
2018-12-14 17:35:30.003  INFO 9212 --- [    Test worker] o.s.t.c.transaction.TransactionContext   : Rolled back transaction for test: [DefaultTestContext@755d3fb0 testClass = StandardUomConversionApiTest, testInstance = ags.goldenlionerp.apiTests.item.StandardUomConversionApiTest@695ec029, testMethod = getTestSingle@ApiTestBase, testException = [null], mergedContextConfiguration = [WebMergedContextConfiguration@34137aab testClass = StandardUomConversionApiTest, locations = '{}', classes = '{class ags.goldenlionerp.GoldenLionErpApplication}', contextInitializerClasses = '[]', activeProfiles = '{}', propertySourceLocations = '{classpath:test.properties}', propertySourceProperties = '{org.springframework.boot.test.context.SpringBootTestContextBootstrapper=true}', contextCustomizers = set[org.springframework.boot.test.autoconfigure.properties.PropertyMappingContextCustomizer@0, org.springframework.boot.test.autoconfigure.web.servlet.WebDriverContextCustomizerFactory$Customizer@636d731e, [ImportsContextCustomizer@7a0f4e80 key = [ags.goldenlionerp.apiTests.ApiTestBase$TestConfig]], org.springframework.boot.test.context.filter.ExcludeFilterContextCustomizer@6afa5291, org.springframework.boot.test.json.DuplicateJsonObjectContextCustomizerFactory$DuplicateJsonObjectContextCustomizer@20cebcb4, org.springframework.boot.test.mock.mockito.MockitoContextCustomizer@0, org.springframework.boot.test.web.client.TestRestTemplateContextCustomizer@49a32273], resourceBasePath = 'src/main/webapp', contextLoader = 'org.springframework.boot.test.context.SpringBootContextLoader', parent = [null]], attributes = map['org.springframework.test.context.web.ServletTestExecutionListener.activateListener' -> true, 'org.springframework.test.context.web.ServletTestExecutionListener.populatedRequestContextHolder' -> true, 'org.springframework.test.context.web.ServletTestExecutionListener.resetRequestContextHolder' -> true]]
2018-12-14 17:35:30.003  INFO 9212 --- [    Test worker] o.s.t.c.transaction.TransactionContext   : Began transaction (1) for test context [DefaultTestContext@755d3fb0 testClass = StandardUomConversionApiTest, testInstance = ags.goldenlionerp.apiTests.item.StandardUomConversionApiTest@7734c7c5, testMethod = updateTestWithPatch@ApiTestBase, testException = [null], mergedContextConfiguration = [WebMergedContextConfiguration@34137aab testClass = StandardUomConversionApiTest, locations = '{}', classes = '{class ags.goldenlionerp.GoldenLionErpApplication}', contextInitializerClasses = '[]', activeProfiles = '{}', propertySourceLocations = '{classpath:test.properties}', propertySourceProperties = '{org.springframework.boot.test.context.SpringBootTestContextBootstrapper=true}', contextCustomizers = set[org.springframework.boot.test.autoconfigure.properties.PropertyMappingContextCustomizer@0, org.springframework.boot.test.autoconfigure.web.servlet.WebDriverContextCustomizerFactory$Customizer@636d731e, [ImportsContextCustomizer@7a0f4e80 key = [ags.goldenlionerp.apiTests.ApiTestBase$TestConfig]], org.springframework.boot.test.context.filter.ExcludeFilterContextCustomizer@6afa5291, org.springframework.boot.test.json.DuplicateJsonObjectContextCustomizerFactory$DuplicateJsonObjectContextCustomizer@20cebcb4, org.springframework.boot.test.mock.mockito.MockitoContextCustomizer@0, org.springframework.boot.test.web.client.TestRestTemplateContextCustomizer@49a32273], resourceBasePath = 'src/main/webapp', contextLoader = 'org.springframework.boot.test.context.SpringBootContextLoader', parent = [null]], attributes = map['org.springframework.test.context.web.ServletTestExecutionListener.activateListener' -> true, 'org.springframework.test.context.web.ServletTestExecutionListener.populatedRequestContextHolder' -> true, 'org.springframework.test.context.web.ServletTestExecutionListener.resetRequestContextHolder' -> true]]; transaction manager [org.springframework.orm.jpa.JpaTransactionManager@76f112e2]; rollback [true]
2018-12-14 17:35:30.003  INFO 9212 --- [    Test worker] o.s.b.t.m.w.SpringBootMockServletContext : Initializing Spring FrameworkServlet ''
2018-12-14 17:35:30.003  INFO 9212 --- [    Test worker] o.s.t.web.servlet.TestDispatcherServlet  : FrameworkServlet '': initialization started
2018-12-14 17:35:30.019  INFO 9212 --- [    Test worker] o.s.t.web.servlet.TestDispatcherServlet  : FrameworkServlet '': initialization completed in 16 ms
Hibernate: select standarduo0_.ucuom as ucuom1_30_0_, standarduo0_.ucuomr as ucuomr2_30_0_, standarduo0_.uccid as uccid3_30_0_, standarduo0_.ucdtin as ucdtin4_30_0_, standarduo0_.uctmin as uctmin5_30_0_, standarduo0_.ucuid as ucuid6_30_0_, standarduo0_.ucdtlu as ucdtlu7_30_0_, standarduo0_.uctmlu as uctmlu8_30_0_, standarduo0_.ucuidm as ucuidm9_30_0_, standarduo0_.ucdtls as ucdtls10_30_0_, standarduo0_.uccnv as uccnv11_30_0_ from t41003 standarduo0_ where standarduo0_.ucuom=? and standarduo0_.ucuomr=?
Hibernate: update t41003 set uccid=?, ucdtlu=?, uctmlu=?, ucuidm=?, ucdtls=?, uccnv=? where ucuom=? and ucuomr=?
Hibernate: select standarduo0_.ucuom as ucuom1_30_0_, standarduo0_.ucuomr as ucuomr2_30_0_, standarduo0_.uccid as uccid3_30_0_, standarduo0_.ucdtin as ucdtin4_30_0_, standarduo0_.uctmin as uctmin5_30_0_, standarduo0_.ucuid as ucuid6_30_0_, standarduo0_.ucdtlu as ucdtlu7_30_0_, standarduo0_.uctmlu as uctmlu8_30_0_, standarduo0_.ucuidm as ucuidm9_30_0_, standarduo0_.ucdtls as ucdtls10_30_0_, standarduo0_.uccnv as uccnv11_30_0_ from t41003 standarduo0_ where standarduo0_.ucuom=? and standarduo0_.ucuomr=?
2018-12-14 17:35:30.050  INFO 9212 --- [    Test worker] o.s.t.c.transaction.TransactionContext   : Rolled back transaction for test: [DefaultTestContext@755d3fb0 testClass = StandardUomConversionApiTest, testInstance = ags.goldenlionerp.apiTests.item.StandardUomConversionApiTest@7734c7c5, testMethod = updateTestWithPatch@ApiTestBase, testException = [null], mergedContextConfiguration = [WebMergedContextConfiguration@34137aab testClass = StandardUomConversionApiTest, locations = '{}', classes = '{class ags.goldenlionerp.GoldenLionErpApplication}', contextInitializerClasses = '[]', activeProfiles = '{}', propertySourceLocations = '{classpath:test.properties}', propertySourceProperties = '{org.springframework.boot.test.context.SpringBootTestContextBootstrapper=true}', contextCustomizers = set[org.springframework.boot.test.autoconfigure.properties.PropertyMappingContextCustomizer@0, org.springframework.boot.test.autoconfigure.web.servlet.WebDriverContextCustomizerFactory$Customizer@636d731e, [ImportsContextCustomizer@7a0f4e80 key = [ags.goldenlionerp.apiTests.ApiTestBase$TestConfig]], org.springframework.boot.test.context.filter.ExcludeFilterContextCustomizer@6afa5291, org.springframework.boot.test.json.DuplicateJsonObjectContextCustomizerFactory$DuplicateJsonObjectContextCustomizer@20cebcb4, org.springframework.boot.test.mock.mockito.MockitoContextCustomizer@0, org.springframework.boot.test.web.client.TestRestTemplateContextCustomizer@49a32273], resourceBasePath = 'src/main/webapp', contextLoader = 'org.springframework.boot.test.context.SpringBootContextLoader', parent = [null]], attributes = map['org.springframework.test.context.web.ServletTestExecutionListener.activateListener' -> true, 'org.springframework.test.context.web.ServletTestExecutionListener.populatedRequestContextHolder' -> true, 'org.springframework.test.context.web.ServletTestExecutionListener.resetRequestContextHolder' -> true]]
2018-12-14 17:35:30.050  INFO 9212 --- [    Test worker] o.s.t.c.transaction.TransactionContext   : Began transaction (1) for test context [DefaultTestContext@755d3fb0 testClass = StandardUomConversionApiTest, testInstance = ags.goldenlionerp.apiTests.item.StandardUomConversionApiTest@1340f3ab, testMethod = getTestCollection@ApiTestBase, testException = [null], mergedContextConfiguration = [WebMergedContextConfiguration@34137aab testClass = StandardUomConversionApiTest, locations = '{}', classes = '{class ags.goldenlionerp.GoldenLionErpApplication}', contextInitializerClasses = '[]', activeProfiles = '{}', propertySourceLocations = '{classpath:test.properties}', propertySourceProperties = '{org.springframework.boot.test.context.SpringBootTestContextBootstrapper=true}', contextCustomizers = set[org.springframework.boot.test.autoconfigure.properties.PropertyMappingContextCustomizer@0, org.springframework.boot.test.autoconfigure.web.servlet.WebDriverContextCustomizerFactory$Customizer@636d731e, [ImportsContextCustomizer@7a0f4e80 key = [ags.goldenlionerp.apiTests.ApiTestBase$TestConfig]], org.springframework.boot.test.context.filter.ExcludeFilterContextCustomizer@6afa5291, org.springframework.boot.test.json.DuplicateJsonObjectContextCustomizerFactory$DuplicateJsonObjectContextCustomizer@20cebcb4, org.springframework.boot.test.mock.mockito.MockitoContextCustomizer@0, org.springframework.boot.test.web.client.TestRestTemplateContextCustomizer@49a32273], resourceBasePath = 'src/main/webapp', contextLoader = 'org.springframework.boot.test.context.SpringBootContextLoader', parent = [null]], attributes = map['org.springframework.test.context.web.ServletTestExecutionListener.activateListener' -> true, 'org.springframework.test.context.web.ServletTestExecutionListener.populatedRequestContextHolder' -> true, 'org.springframework.test.context.web.ServletTestExecutionListener.resetRequestContextHolder' -> true]]; transaction manager [org.springframework.orm.jpa.JpaTransactionManager@76f112e2]; rollback [true]
2018-12-14 17:35:30.050  INFO 9212 --- [    Test worker] o.s.b.t.m.w.SpringBootMockServletContext : Initializing Spring FrameworkServlet ''
2018-12-14 17:35:30.050  INFO 9212 --- [    Test worker] o.s.t.web.servlet.TestDispatcherServlet  : FrameworkServlet '': initialization started
2018-12-14 17:35:30.066  INFO 9212 --- [    Test worker] o.s.t.web.servlet.TestDispatcherServlet  : FrameworkServlet '': initialization completed in 16 ms
Hibernate: select TOP(?) standarduo0_.ucuom as ucuom1_30_, standarduo0_.ucuomr as ucuomr2_30_, standarduo0_.uccid as uccid3_30_, standarduo0_.ucdtin as ucdtin4_30_, standarduo0_.uctmin as uctmin5_30_, standarduo0_.ucuid as ucuid6_30_, standarduo0_.ucdtlu as ucdtlu7_30_, standarduo0_.uctmlu as uctmlu8_30_, standarduo0_.ucuidm as ucuidm9_30_, standarduo0_.ucdtls as ucdtls10_30_, standarduo0_.uccnv as uccnv11_30_ from t41003 standarduo0_
Hibernate: select count(standarduo0_.ucuom) as col_0_0_ from t41003 standarduo0_

MockHttpServletRequest:
      HTTP Method = GET
      Request URI = /api/stduomconvs/
       Parameters = {}
          Headers = {Accept=[application/json]}
             Body = <no character encoding set>
    Session Attrs = {org.springframework.security.web.csrf.HttpSessionCsrfTokenRepository.CSRF_TOKEN=org.springframework.security.web.csrf.DefaultCsrfToken@1ebd92cc, SPRING_SECURITY_CONTEXT=org.springframework.security.core.context.SecurityContextImpl@475fcd89: Authentication: org.springframework.security.authentication.UsernamePasswordAuthenticationToken@475fcd89: Principal: org.springframework.security.core.userdetails.User@f02988d6: Username: username; Password: [PROTECTED]; Enabled: true; AccountNonExpired: true; credentialsNonExpired: true; AccountNonLocked: true; Not granted any authorities; Credentials: [PROTECTED]; Authenticated: true; Details: null; Not granted any authorities}

Handler:
             Type = org.springframework.data.rest.webmvc.RepositoryEntityController
           Method = public org.springframework.hateoas.Resources<?> org.springframework.data.rest.webmvc.RepositoryEntityController.getCollectionResource(org.springframework.data.rest.webmvc.RootResourceInformation,org.springframework.data.rest.webmvc.support.DefaultedPageable,org.springframework.data.domain.Sort,org.springframework.data.rest.webmvc.PersistentEntityResourceAssembler) throws org.springframework.data.rest.webmvc.ResourceNotFoundException,org.springframework.web.HttpRequestMethodNotSupportedException

Async:
    Async started = false
     Async result = null

Resolved Exception:
             Type = null

ModelAndView:
        View name = null
             View = null
            Model = null

FlashMap:
       Attributes = null

MockHttpServletResponse:
           Status = 200
    Error message = null
          Headers = {Content-Type=[application/json;charset=UTF-8], X-Content-Type-Options=[nosniff], X-XSS-Protection=[1; mode=block], Cache-Control=[no-cache, no-store, max-age=0, must-revalidate], Pragma=[no-cache], Expires=[0], X-Frame-Options=[DENY]}
     Content type = application/json;charset=UTF-8
             Body = {
  "_embedded" : {
    "standardUomConversions" : [ {
      "uomFrom" : "CL",
      "uomTo" : "ML",
      "conversionValue" : 10.000000000,
      "inputUserId" : "QSA",
      "lastUpdateUserId" : "QSA",
      "computerId" : "WIN7UL7P5",
      "lastSynchronizedDate" : null,
      "lastUpdateDateTime" : "2013-12-02T16:43:45",
      "inputDateTime" : "2013-12-02T16:43:45",
      "_links" : {
        "self" : {
          "href" : "http://localhost/api/stduomconvs/CL_ML"
        },
        "standardUomConversion" : {
          "href" : "http://localhost/api/stduomconvs/CL_ML"
        }
      }
    }, {
      "uomFrom" : "CM",
      "uomTo" : "MM",
      "conversionValue" : 10.000000000,
      "inputUserId" : "",
      "lastUpdateUserId" : "QSA",
      "computerId" : "WIN7UL7P5",
      "lastSynchronizedDate" : null,
      "lastUpdateDateTime" : "2013-12-02T16:31:56",
      "inputDateTime" : null,
      "_links" : {
        "self" : {
          "href" : "http://localhost/api/stduomconvs/CM_MM"
        },
        "standardUomConversion" : {
          "href" : "http://localhost/api/stduomconvs/CM_MM"
        }
      }
    }, {
      "uomFrom" : "CW",
      "uomTo" : "LB",
      "conversionValue" : 100.000000000,
      "inputUserId" : "",
      "lastUpdateUserId" : "",
      "computerId" : "",
      "lastSynchronizedDate" : null,
      "lastUpdateDateTime" : null,
      "inputDateTime" : null,
      "_links" : {
        "self" : {
          "href" : "http://localhost/api/stduomconvs/CW_LB"
        },
        "standardUomConversion" : {
          "href" : "http://localhost/api/stduomconvs/CW_LB"
        }
      }
    }, {
      "uomFrom" : "DC",
      "uomTo" : "IN",
      "conversionValue" : 3.937000000,
      "inputUserId" : "",
      "lastUpdateUserId" : "",
      "computerId" : "",
      "lastSynchronizedDate" : null,
      "lastUpdateDateTime" : null,
      "inputDateTime" : null,
      "_links" : {
        "self" : {
          "href" : "http://localhost/api/stduomconvs/DC_IN"
        },
        "standardUomConversion" : {
          "href" : "http://localhost/api/stduomconvs/DC_IN"
        }
      }
    }, {
      "uomFrom" : "DD",
      "uomTo" : "HH",
      "conversionValue" : 8.000000000,
      "inputUserId" : "QSA",
      "lastUpdateUserId" : "QSA",
      "computerId" : "WIN7UL7P5",
      "lastSynchronizedDate" : null,
      "lastUpdateDateTime" : "2013-11-21T10:52:17",
      "inputDateTime" : "2013-11-21T10:52:17",
      "_links" : {
        "self" : {
          "href" : "http://localhost/api/stduomconvs/DD_HH"
        },
        "standardUomConversion" : {
          "href" : "http://localhost/api/stduomconvs/DD_HH"
        }
      }
    }, {
      "uomFrom" : "DL",
      "uomTo" : "CL",
      "conversionValue" : 10.000000000,
      "inputUserId" : "",
      "lastUpdateUserId" : "",
      "computerId" : "",
      "lastSynchronizedDate" : null,
      "lastUpdateDateTime" : null,
      "inputDateTime" : null,
      "_links" : {
        "self" : {
          "href" : "http://localhost/api/stduomconvs/DL_CL"
        },
        "standardUomConversion" : {
          "href" : "http://localhost/api/stduomconvs/DL_CL"
        }
      }
    }, {
      "uomFrom" : "DZ",
      "uomTo" : "EA",
      "conversionValue" : 12.000000000,
      "inputUserId" : "",
      "lastUpdateUserId" : "",
      "computerId" : "",
      "lastSynchronizedDate" : null,
      "lastUpdateDateTime" : null,
      "inputDateTime" : null,
      "_links" : {
        "self" : {
          "href" : "http://localhost/api/stduomconvs/DZ_EA"
        },
        "standardUomConversion" : {
          "href" : "http://localhost/api/stduomconvs/DZ_EA"
        }
      }
    }, {
      "uomFrom" : "FC",
      "uomTo" : "CI",
      "conversionValue" : 1728.000000000,
      "inputUserId" : "",
      "lastUpdateUserId" : "",
      "computerId" : "",
      "lastSynchronizedDate" : null,
      "lastUpdateDateTime" : null,
      "inputDateTime" : null,
      "_links" : {
        "self" : {
          "href" : "http://localhost/api/stduomconvs/FC_CI"
        },
        "standardUomConversion" : {
          "href" : "http://localhost/api/stduomconvs/FC_CI"
        }
      }
    }, {
      "uomFrom" : "FC",
      "uomTo" : "LT",
      "conversionValue" : 28.330000000,
      "inputUserId" : "",
      "lastUpdateUserId" : "",
      "computerId" : "",
      "lastSynchronizedDate" : null,
      "lastUpdateDateTime" : null,
      "inputDateTime" : null,
      "_links" : {
        "self" : {
          "href" : "http://localhost/api/stduomconvs/FC_LT"
        },
        "standardUomConversion" : {
          "href" : "http://localhost/api/stduomconvs/FC_LT"
        }
      }
    }, {
      "uomFrom" : "FT",
      "uomTo" : "DC",
      "conversionValue" : 3.048000000,
      "inputUserId" : "",
      "lastUpdateUserId" : "",
      "computerId" : "",
      "lastSynchronizedDate" : null,
      "lastUpdateDateTime" : null,
      "inputDateTime" : null,
      "_links" : {
        "self" : {
          "href" : "http://localhost/api/stduomconvs/FT_DC"
        },
        "standardUomConversion" : {
          "href" : "http://localhost/api/stduomconvs/FT_DC"
        }
      }
    }, {
      "uomFrom" : "FT",
      "uomTo" : "IN",
      "conversionValue" : 12.000000000,
      "inputUserId" : "",
      "lastUpdateUserId" : "",
      "computerId" : "",
      "lastSynchronizedDate" : null,
      "lastUpdateDateTime" : null,
      "inputDateTime" : null,
      "_links" : {
        "self" : {
          "href" : "http://localhost/api/stduomconvs/FT_IN"
        },
        "standardUomConversion" : {
          "href" : "http://localhost/api/stduomconvs/FT_IN"
        }
      }
    }, {
      "uomFrom" : "GA",
      "uomTo" : "LT",
      "conversionValue" : 3.785300000,
      "inputUserId" : "",
      "lastUpdateUserId" : "",
      "computerId" : "",
      "lastSynchronizedDate" : null,
      "lastUpdateDateTime" : null,
      "inputDateTime" : null,
      "_links" : {
        "self" : {
          "href" : "http://localhost/api/stduomconvs/GA_LT"
        },
        "standardUomConversion" : {
          "href" : "http://localhost/api/stduomconvs/GA_LT"
        }
      }
    }, {
      "uomFrom" : "GA",
      "uomTo" : "PT",
      "conversionValue" : 8.000000000,
      "inputUserId" : "",
      "lastUpdateUserId" : "",
      "computerId" : "",
      "lastSynchronizedDate" : null,
      "lastUpdateDateTime" : null,
      "inputDateTime" : null,
      "_links" : {
        "self" : {
          "href" : "http://localhost/api/stduomconvs/GA_PT"
        },
        "standardUomConversion" : {
          "href" : "http://localhost/api/stduomconvs/GA_PT"
        }
      }
    }, {
      "uomFrom" : "GA",
      "uomTo" : "QT",
      "conversionValue" : 4.000000000,
      "inputUserId" : "",
      "lastUpdateUserId" : "",
      "computerId" : "",
      "lastSynchronizedDate" : null,
      "lastUpdateDateTime" : null,
      "inputDateTime" : null,
      "_links" : {
        "self" : {
          "href" : "http://localhost/api/stduomconvs/GA_QT"
        },
        "standardUomConversion" : {
          "href" : "http://localhost/api/stduomconvs/GA_QT"
        }
      }
    }, {
      "uomFrom" : "GM",
      "uomTo" : "MG",
      "conversionValue" : 1000.000000000,
      "inputUserId" : "",
      "lastUpdateUserId" : "",
      "computerId" : "",
      "lastSynchronizedDate" : null,
      "lastUpdateDateTime" : null,
      "inputDateTime" : null,
      "_links" : {
        "self" : {
          "href" : "http://localhost/api/stduomconvs/GM_MG"
        },
        "standardUomConversion" : {
          "href" : "http://localhost/api/stduomconvs/GM_MG"
        }
      }
    }, {
      "uomFrom" : "GP",
      "uomTo" : "GA",
      "conversionValue" : 1.000000000,
      "inputUserId" : "",
      "lastUpdateUserId" : "",
      "computerId" : "",
      "lastSynchronizedDate" : null,
      "lastUpdateDateTime" : null,
      "inputDateTime" : null,
      "_links" : {
        "self" : {
          "href" : "http://localhost/api/stduomconvs/GP_GA"
        },
        "standardUomConversion" : {
          "href" : "http://localhost/api/stduomconvs/GP_GA"
        }
      }
    }, {
      "uomFrom" : "GR",
      "uomTo" : "DZ",
      "conversionValue" : 12.000000000,
      "inputUserId" : "",
      "lastUpdateUserId" : "",
      "computerId" : "",
      "lastSynchronizedDate" : null,
      "lastUpdateDateTime" : null,
      "inputDateTime" : null,
      "_links" : {
        "self" : {
          "href" : "http://localhost/api/stduomconvs/GR_DZ"
        },
        "standardUomConversion" : {
          "href" : "http://localhost/api/stduomconvs/GR_DZ"
        }
      }
    }, {
      "uomFrom" : "HH",
      "uomTo" : "NN",
      "conversionValue" : 60.000000000,
      "inputUserId" : "QSA",
      "lastUpdateUserId" : "QSA",
      "computerId" : "WIN7UL7P5",
      "lastSynchronizedDate" : null,
      "lastUpdateDateTime" : "2013-11-21T10:51:49",
      "inputDateTime" : "2013-11-21T10:51:49",
      "_links" : {
        "self" : {
          "href" : "http://localhost/api/stduomconvs/HH_NN"
        },
        "standardUomConversion" : {
          "href" : "http://localhost/api/stduomconvs/HH_NN"
        }
      }
    }, {
      "uomFrom" : "HL",
      "uomTo" : "LT",
      "conversionValue" : 100.000000000,
      "inputUserId" : "",
      "lastUpdateUserId" : "",
      "computerId" : "",
      "lastSynchronizedDate" : null,
      "lastUpdateDateTime" : null,
      "inputDateTime" : null,
      "_links" : {
        "self" : {
          "href" : "http://localhost/api/stduomconvs/HL_LT"
        },
        "standardUomConversion" : {
          "href" : "http://localhost/api/stduomconvs/HL_LT"
        }
      }
    }, {
      "uomFrom" : "IN",
      "uomTo" : "CM",
      "conversionValue" : 2.540000000,
      "inputUserId" : "",
      "lastUpdateUserId" : "",
      "computerId" : "",
      "lastSynchronizedDate" : null,
      "lastUpdateDateTime" : null,
      "inputDateTime" : null,
      "_links" : {
        "self" : {
          "href" : "http://localhost/api/stduomconvs/IN_CM"
        },
        "standardUomConversion" : {
          "href" : "http://localhost/api/stduomconvs/IN_CM"
        }
      }
    } ]
  },
  "_links" : {
    "first" : {
      "href" : "http://localhost/api/stduomconvs?page=0&size=20"
    },
    "self" : {
      "href" : "http://localhost/api/stduomconvs{?page,size,sort}",
      "templated" : true
    },
    "next" : {
      "href" : "http://localhost/api/stduomconvs?page=1&size=20"
    },
    "last" : {
      "href" : "http://localhost/api/stduomconvs?page=2&size=20"
    },
    "profile" : {
      "href" : "http://localhost/api/profile/stduomconvs"
    },
    "search" : {
      "href" : "http://localhost/api/stduomconvs/search"
    }
  },
  "page" : {
    "size" : 20,
    "totalElements" : 55,
    "totalPages" : 3,
    "number" : 0
  }
}
    Forwarded URL = null
   Redirected URL = null
          Cookies = []
2018-12-14 17:35:30.081  INFO 9212 --- [    Test worker] o.s.t.c.transaction.TransactionContext   : Rolled back transaction for test: [DefaultTestContext@755d3fb0 testClass = StandardUomConversionApiTest, testInstance = ags.goldenlionerp.apiTests.item.StandardUomConversionApiTest@1340f3ab, testMethod = getTestCollection@ApiTestBase, testException = [null], mergedContextConfiguration = [WebMergedContextConfiguration@34137aab testClass = StandardUomConversionApiTest, locations = '{}', classes = '{class ags.goldenlionerp.GoldenLionErpApplication}', contextInitializerClasses = '[]', activeProfiles = '{}', propertySourceLocations = '{classpath:test.properties}', propertySourceProperties = '{org.springframework.boot.test.context.SpringBootTestContextBootstrapper=true}', contextCustomizers = set[org.springframework.boot.test.autoconfigure.properties.PropertyMappingContextCustomizer@0, org.springframework.boot.test.autoconfigure.web.servlet.WebDriverContextCustomizerFactory$Customizer@636d731e, [ImportsContextCustomizer@7a0f4e80 key = [ags.goldenlionerp.apiTests.ApiTestBase$TestConfig]], org.springframework.boot.test.context.filter.ExcludeFilterContextCustomizer@6afa5291, org.springframework.boot.test.json.DuplicateJsonObjectContextCustomizerFactory$DuplicateJsonObjectContextCustomizer@20cebcb4, org.springframework.boot.test.mock.mockito.MockitoContextCustomizer@0, org.springframework.boot.test.web.client.TestRestTemplateContextCustomizer@49a32273], resourceBasePath = 'src/main/webapp', contextLoader = 'org.springframework.boot.test.context.SpringBootContextLoader', parent = [null]], attributes = map['org.springframework.test.context.web.ServletTestExecutionListener.activateListener' -> true, 'org.springframework.test.context.web.ServletTestExecutionListener.populatedRequestContextHolder' -> true, 'org.springframework.test.context.web.ServletTestExecutionListener.resetRequestContextHolder' -> true]]
2018-12-14 17:35:30.097  INFO 9212 --- [    Test worker] o.s.t.c.transaction.TransactionContext   : Began transaction (1) for test context [DefaultTestContext@755d3fb0 testClass = StandardUomConversionApiTest, testInstance = ags.goldenlionerp.apiTests.item.StandardUomConversionApiTest@5ea8c92c, testMethod = createTestWithPut@ApiTestBase, testException = [null], mergedContextConfiguration = [WebMergedContextConfiguration@34137aab testClass = StandardUomConversionApiTest, locations = '{}', classes = '{class ags.goldenlionerp.GoldenLionErpApplication}', contextInitializerClasses = '[]', activeProfiles = '{}', propertySourceLocations = '{classpath:test.properties}', propertySourceProperties = '{org.springframework.boot.test.context.SpringBootTestContextBootstrapper=true}', contextCustomizers = set[org.springframework.boot.test.autoconfigure.properties.PropertyMappingContextCustomizer@0, org.springframework.boot.test.autoconfigure.web.servlet.WebDriverContextCustomizerFactory$Customizer@636d731e, [ImportsContextCustomizer@7a0f4e80 key = [ags.goldenlionerp.apiTests.ApiTestBase$TestConfig]], org.springframework.boot.test.context.filter.ExcludeFilterContextCustomizer@6afa5291, org.springframework.boot.test.json.DuplicateJsonObjectContextCustomizerFactory$DuplicateJsonObjectContextCustomizer@20cebcb4, org.springframework.boot.test.mock.mockito.MockitoContextCustomizer@0, org.springframework.boot.test.web.client.TestRestTemplateContextCustomizer@49a32273], resourceBasePath = 'src/main/webapp', contextLoader = 'org.springframework.boot.test.context.SpringBootContextLoader', parent = [null]], attributes = map['org.springframework.test.context.web.ServletTestExecutionListener.activateListener' -> true, 'org.springframework.test.context.web.ServletTestExecutionListener.populatedRequestContextHolder' -> true, 'org.springframework.test.context.web.ServletTestExecutionListener.resetRequestContextHolder' -> true]]; transaction manager [org.springframework.orm.jpa.JpaTransactionManager@76f112e2]; rollback [true]
2018-12-14 17:35:30.097  INFO 9212 --- [    Test worker] o.s.b.t.m.w.SpringBootMockServletContext : Initializing Spring FrameworkServlet ''
2018-12-14 17:35:30.097  INFO 9212 --- [    Test worker] o.s.t.web.servlet.TestDispatcherServlet  : FrameworkServlet '': initialization started
2018-12-14 17:35:30.097  INFO 9212 --- [    Test worker] o.s.t.web.servlet.TestDispatcherServlet  : FrameworkServlet '': initialization completed in 0 ms
Hibernate: select standarduo0_.ucuom as ucuom1_30_0_, standarduo0_.ucuomr as ucuomr2_30_0_, standarduo0_.uccid as uccid3_30_0_, standarduo0_.ucdtin as ucdtin4_30_0_, standarduo0_.uctmin as uctmin5_30_0_, standarduo0_.ucuid as ucuid6_30_0_, standarduo0_.ucdtlu as ucdtlu7_30_0_, standarduo0_.uctmlu as uctmlu8_30_0_, standarduo0_.ucuidm as ucuidm9_30_0_, standarduo0_.ucdtls as ucdtls10_30_0_, standarduo0_.uccnv as uccnv11_30_0_ from t41003 standarduo0_ where standarduo0_.ucuom=? and standarduo0_.ucuomr=?
2018-12-14 17:35:30.113  INFO 9212 --- [    Test worker] o.s.t.c.transaction.TransactionContext   : Rolled back transaction for test: [DefaultTestContext@755d3fb0 testClass = StandardUomConversionApiTest, testInstance = ags.goldenlionerp.apiTests.item.StandardUomConversionApiTest@5ea8c92c, testMethod = createTestWithPut@ApiTestBase, testException = [null], mergedContextConfiguration = [WebMergedContextConfiguration@34137aab testClass = StandardUomConversionApiTest, locations = '{}', classes = '{class ags.goldenlionerp.GoldenLionErpApplication}', contextInitializerClasses = '[]', activeProfiles = '{}', propertySourceLocations = '{classpath:test.properties}', propertySourceProperties = '{org.springframework.boot.test.context.SpringBootTestContextBootstrapper=true}', contextCustomizers = set[org.springframework.boot.test.autoconfigure.properties.PropertyMappingContextCustomizer@0, org.springframework.boot.test.autoconfigure.web.servlet.WebDriverContextCustomizerFactory$Customizer@636d731e, [ImportsContextCustomizer@7a0f4e80 key = [ags.goldenlionerp.apiTests.ApiTestBase$TestConfig]], org.springframework.boot.test.context.filter.ExcludeFilterContextCustomizer@6afa5291, org.springframework.boot.test.json.DuplicateJsonObjectContextCustomizerFactory$DuplicateJsonObjectContextCustomizer@20cebcb4, org.springframework.boot.test.mock.mockito.MockitoContextCustomizer@0, org.springframework.boot.test.web.client.TestRestTemplateContextCustomizer@49a32273], resourceBasePath = 'src/main/webapp', contextLoader = 'org.springframework.boot.test.context.SpringBootContextLoader', parent = [null]], attributes = map['org.springframework.test.context.web.ServletTestExecutionListener.activateListener' -> true, 'org.springframework.test.context.web.ServletTestExecutionListener.populatedRequestContextHolder' -> true, 'org.springframework.test.context.web.ServletTestExecutionListener.resetRequestContextHolder' -> true]]
2018-12-14 17:35:30.113  INFO 9212 --- [    Test worker] o.s.t.c.transaction.TransactionContext   : Began transaction (1) for test context [DefaultTestContext@755d3fb0 testClass = StandardUomConversionApiTest, testInstance = ags.goldenlionerp.apiTests.item.StandardUomConversionApiTest@4e5bf2c0, testMethod = deleteTest@ApiTestBase, testException = [null], mergedContextConfiguration = [WebMergedContextConfiguration@34137aab testClass = StandardUomConversionApiTest, locations = '{}', classes = '{class ags.goldenlionerp.GoldenLionErpApplication}', contextInitializerClasses = '[]', activeProfiles = '{}', propertySourceLocations = '{classpath:test.properties}', propertySourceProperties = '{org.springframework.boot.test.context.SpringBootTestContextBootstrapper=true}', contextCustomizers = set[org.springframework.boot.test.autoconfigure.properties.PropertyMappingContextCustomizer@0, org.springframework.boot.test.autoconfigure.web.servlet.WebDriverContextCustomizerFactory$Customizer@636d731e, [ImportsContextCustomizer@7a0f4e80 key = [ags.goldenlionerp.apiTests.ApiTestBase$TestConfig]], org.springframework.boot.test.context.filter.ExcludeFilterContextCustomizer@6afa5291, org.springframework.boot.test.json.DuplicateJsonObjectContextCustomizerFactory$DuplicateJsonObjectContextCustomizer@20cebcb4, org.springframework.boot.test.mock.mockito.MockitoContextCustomizer@0, org.springframework.boot.test.web.client.TestRestTemplateContextCustomizer@49a32273], resourceBasePath = 'src/main/webapp', contextLoader = 'org.springframework.boot.test.context.SpringBootContextLoader', parent = [null]], attributes = map['org.springframework.test.context.web.ServletTestExecutionListener.activateListener' -> true, 'org.springframework.test.context.web.ServletTestExecutionListener.populatedRequestContextHolder' -> true, 'org.springframework.test.context.web.ServletTestExecutionListener.resetRequestContextHolder' -> true]]; transaction manager [org.springframework.orm.jpa.JpaTransactionManager@76f112e2]; rollback [true]
2018-12-14 17:35:30.113  INFO 9212 --- [    Test worker] o.s.b.t.m.w.SpringBootMockServletContext : Initializing Spring FrameworkServlet ''
2018-12-14 17:35:30.113  INFO 9212 --- [    Test worker] o.s.t.web.servlet.TestDispatcherServlet  : FrameworkServlet '': initialization started
2018-12-14 17:35:30.113  INFO 9212 --- [    Test worker] o.s.t.web.servlet.TestDispatcherServlet  : FrameworkServlet '': initialization completed in 0 ms
Hibernate: select standarduo0_.ucuom as ucuom1_30_0_, standarduo0_.ucuomr as ucuomr2_30_0_, standarduo0_.uccid as uccid3_30_0_, standarduo0_.ucdtin as ucdtin4_30_0_, standarduo0_.uctmin as uctmin5_30_0_, standarduo0_.ucuid as ucuid6_30_0_, standarduo0_.ucdtlu as ucdtlu7_30_0_, standarduo0_.uctmlu as uctmlu8_30_0_, standarduo0_.ucuidm as ucuidm9_30_0_, standarduo0_.ucdtls as ucdtls10_30_0_, standarduo0_.uccnv as uccnv11_30_0_ from t41003 standarduo0_ where standarduo0_.ucuom=? and standarduo0_.ucuomr=?
2018-12-14 17:35:30.128  INFO 9212 --- [    Test worker] o.s.t.c.transaction.TransactionContext   : Rolled back transaction for test: [DefaultTestContext@755d3fb0 testClass = StandardUomConversionApiTest, testInstance = ags.goldenlionerp.apiTests.item.StandardUomConversionApiTest@4e5bf2c0, testMethod = deleteTest@ApiTestBase, testException = [null], mergedContextConfiguration = [WebMergedContextConfiguration@34137aab testClass = StandardUomConversionApiTest, locations = '{}', classes = '{class ags.goldenlionerp.GoldenLionErpApplication}', contextInitializerClasses = '[]', activeProfiles = '{}', propertySourceLocations = '{classpath:test.properties}', propertySourceProperties = '{org.springframework.boot.test.context.SpringBootTestContextBootstrapper=true}', contextCustomizers = set[org.springframework.boot.test.autoconfigure.properties.PropertyMappingContextCustomizer@0, org.springframework.boot.test.autoconfigure.web.servlet.WebDriverContextCustomizerFactory$Customizer@636d731e, [ImportsContextCustomizer@7a0f4e80 key = [ags.goldenlionerp.apiTests.ApiTestBase$TestConfig]], org.springframework.boot.test.context.filter.ExcludeFilterContextCustomizer@6afa5291, org.springframework.boot.test.json.DuplicateJsonObjectContextCustomizerFactory$DuplicateJsonObjectContextCustomizer@20cebcb4, org.springframework.boot.test.mock.mockito.MockitoContextCustomizer@0, org.springframework.boot.test.web.client.TestRestTemplateContextCustomizer@49a32273], resourceBasePath = 'src/main/webapp', contextLoader = 'org.springframework.boot.test.context.SpringBootContextLoader', parent = [null]], attributes = map['org.springframework.test.context.web.ServletTestExecutionListener.activateListener' -> true, 'org.springframework.test.context.web.ServletTestExecutionListener.populatedRequestContextHolder' -> true, 'org.springframework.test.context.web.ServletTestExecutionListener.resetRequestContextHolder' -> true]]
2018-12-14 17:35:30.128  INFO 9212 --- [    Test worker] o.s.t.c.transaction.TransactionContext   : Began transaction (1) for test context [DefaultTestContext@755d3fb0 testClass = StandardUomConversionApiTest, testInstance = ags.goldenlionerp.apiTests.item.StandardUomConversionApiTest@297b07df, testMethod = createTestWithPost@ApiTestBase, testException = [null], mergedContextConfiguration = [WebMergedContextConfiguration@34137aab testClass = StandardUomConversionApiTest, locations = '{}', classes = '{class ags.goldenlionerp.GoldenLionErpApplication}', contextInitializerClasses = '[]', activeProfiles = '{}', propertySourceLocations = '{classpath:test.properties}', propertySourceProperties = '{org.springframework.boot.test.context.SpringBootTestContextBootstrapper=true}', contextCustomizers = set[org.springframework.boot.test.autoconfigure.properties.PropertyMappingContextCustomizer@0, org.springframework.boot.test.autoconfigure.web.servlet.WebDriverContextCustomizerFactory$Customizer@636d731e, [ImportsContextCustomizer@7a0f4e80 key = [ags.goldenlionerp.apiTests.ApiTestBase$TestConfig]], org.springframework.boot.test.context.filter.ExcludeFilterContextCustomizer@6afa5291, org.springframework.boot.test.json.DuplicateJsonObjectContextCustomizerFactory$DuplicateJsonObjectContextCustomizer@20cebcb4, org.springframework.boot.test.mock.mockito.MockitoContextCustomizer@0, org.springframework.boot.test.web.client.TestRestTemplateContextCustomizer@49a32273], resourceBasePath = 'src/main/webapp', contextLoader = 'org.springframework.boot.test.context.SpringBootContextLoader', parent = [null]], attributes = map['org.springframework.test.context.web.ServletTestExecutionListener.activateListener' -> true, 'org.springframework.test.context.web.ServletTestExecutionListener.populatedRequestContextHolder' -> true, 'org.springframework.test.context.web.ServletTestExecutionListener.resetRequestContextHolder' -> true]]; transaction manager [org.springframework.orm.jpa.JpaTransactionManager@76f112e2]; rollback [true]
2018-12-14 17:35:30.128  INFO 9212 --- [    Test worker] o.s.b.t.m.w.SpringBootMockServletContext : Initializing Spring FrameworkServlet ''
2018-12-14 17:35:30.128  INFO 9212 --- [    Test worker] o.s.t.web.servlet.TestDispatcherServlet  : FrameworkServlet '': initialization started
2018-12-14 17:35:30.144  INFO 9212 --- [    Test worker] o.s.t.web.servlet.TestDispatcherServlet  : FrameworkServlet '': initialization completed in 16 ms
Hibernate: select standarduo0_.ucuom as ucuom1_30_0_, standarduo0_.ucuomr as ucuomr2_30_0_, standarduo0_.uccid as uccid3_30_0_, standarduo0_.ucdtin as ucdtin4_30_0_, standarduo0_.uctmin as uctmin5_30_0_, standarduo0_.ucuid as ucuid6_30_0_, standarduo0_.ucdtlu as ucdtlu7_30_0_, standarduo0_.uctmlu as uctmlu8_30_0_, standarduo0_.ucuidm as ucuidm9_30_0_, standarduo0_.ucdtls as ucdtls10_30_0_, standarduo0_.uccnv as uccnv11_30_0_ from t41003 standarduo0_ where standarduo0_.ucuom=? and standarduo0_.ucuomr=?
Hibernate: select standarduo0_.ucuom as ucuom1_30_0_, standarduo0_.ucuomr as ucuomr2_30_0_, standarduo0_.uccid as uccid3_30_0_, standarduo0_.ucdtin as ucdtin4_30_0_, standarduo0_.uctmin as uctmin5_30_0_, standarduo0_.ucuid as ucuid6_30_0_, standarduo0_.ucdtlu as ucdtlu7_30_0_, standarduo0_.uctmlu as uctmlu8_30_0_, standarduo0_.ucuidm as ucuidm9_30_0_, standarduo0_.ucdtls as ucdtls10_30_0_, standarduo0_.uccnv as uccnv11_30_0_ from t41003 standarduo0_ where standarduo0_.ucuom=? and standarduo0_.ucuomr=?
Hibernate: insert into t41003 (uccid, ucdtin, uctmin, ucuid, ucdtlu, uctmlu, ucuidm, ucdtls, uccnv, ucuom, ucuomr) values (?, ?, ?, ?, ?, ?, ?, ?, ?, ?, ?)
Hibernate: select standarduo0_.ucuom as ucuom1_30_0_, standarduo0_.ucuomr as ucuomr2_30_0_, standarduo0_.uccid as uccid3_30_0_, standarduo0_.ucdtin as ucdtin4_30_0_, standarduo0_.uctmin as uctmin5_30_0_, standarduo0_.ucuid as ucuid6_30_0_, standarduo0_.ucdtlu as ucdtlu7_30_0_, standarduo0_.uctmlu as uctmlu8_30_0_, standarduo0_.ucuidm as ucuidm9_30_0_, standarduo0_.ucdtls as ucdtls10_30_0_, standarduo0_.uccnv as uccnv11_30_0_ from t41003 standarduo0_ where standarduo0_.ucuom=? and standarduo0_.ucuomr=?

MockHttpServletRequest:
      HTTP Method = GET
      Request URI = /api/stduomconvs/CM_KG
       Parameters = {}
          Headers = {Accept=[application/json]}
             Body = <no character encoding set>
    Session Attrs = {org.springframework.security.web.csrf.HttpSessionCsrfTokenRepository.CSRF_TOKEN=org.springframework.security.web.csrf.DefaultCsrfToken@7413b48e, SPRING_SECURITY_CONTEXT=org.springframework.security.core.context.SecurityContextImpl@475fcd89: Authentication: org.springframework.security.authentication.UsernamePasswordAuthenticationToken@475fcd89: Principal: org.springframework.security.core.userdetails.User@f02988d6: Username: username; Password: [PROTECTED]; Enabled: true; AccountNonExpired: true; credentialsNonExpired: true; AccountNonLocked: true; Not granted any authorities; Credentials: [PROTECTED]; Authenticated: true; Details: null; Not granted any authorities}

Handler:
             Type = org.springframework.data.rest.webmvc.RepositoryEntityController
           Method = public org.springframework.http.ResponseEntity<org.springframework.hateoas.Resource<?>> org.springframework.data.rest.webmvc.RepositoryEntityController.getItemResource(org.springframework.data.rest.webmvc.RootResourceInformation,java.io.Serializable,org.springframework.data.rest.webmvc.PersistentEntityResourceAssembler,org.springframework.http.HttpHeaders) throws org.springframework.web.HttpRequestMethodNotSupportedException

Async:
    Async started = false
     Async result = null

Resolved Exception:
             Type = null

ModelAndView:
        View name = null
             View = null
            Model = null

FlashMap:
       Attributes = null

MockHttpServletResponse:
           Status = 200
    Error message = null
          Headers = {Content-Type=[application/json;charset=UTF-8], X-Content-Type-Options=[nosniff], X-XSS-Protection=[1; mode=block], Cache-Control=[no-cache, no-store, max-age=0, must-revalidate], Pragma=[no-cache], Expires=[0], X-Frame-Options=[DENY]}
     Content type = application/json;charset=UTF-8
             Body = {
  "uomFrom" : "CM",
  "uomTo" : "KG",
  "conversionValue" : 1234.567800000,
  "inputUserId" : "username",
  "lastUpdateUserId" : "username",
  "computerId" : "username",
  "lastSynchronizedDate" : null,
  "lastUpdateDateTime" : "2018-12-14T17:35:30",
  "inputDateTime" : "2018-12-14T17:35:30",
  "_links" : {
    "self" : {
      "href" : "http://localhost/api/stduomconvs/CM_KG"
    },
    "standardUomConversion" : {
      "href" : "http://localhost/api/stduomconvs/CM_KG"
    }
  }
}
    Forwarded URL = null
   Redirected URL = null
          Cookies = []
2018-12-14 17:35:30.175  INFO 9212 --- [    Test worker] o.s.t.c.transaction.TransactionContext   : Rolled back transaction for test: [DefaultTestContext@755d3fb0 testClass = StandardUomConversionApiTest, testInstance = ags.goldenlionerp.apiTests.item.StandardUomConversionApiTest@297b07df, testMethod = createTestWithPost@ApiTestBase, testException = [null], mergedContextConfiguration = [WebMergedContextConfiguration@34137aab testClass = StandardUomConversionApiTest, locations = '{}', classes = '{class ags.goldenlionerp.GoldenLionErpApplication}', contextInitializerClasses = '[]', activeProfiles = '{}', propertySourceLocations = '{classpath:test.properties}', propertySourceProperties = '{org.springframework.boot.test.context.SpringBootTestContextBootstrapper=true}', contextCustomizers = set[org.springframework.boot.test.autoconfigure.properties.PropertyMappingContextCustomizer@0, org.springframework.boot.test.autoconfigure.web.servlet.WebDriverContextCustomizerFactory$Customizer@636d731e, [ImportsContextCustomizer@7a0f4e80 key = [ags.goldenlionerp.apiTests.ApiTestBase$TestConfig]], org.springframework.boot.test.context.filter.ExcludeFilterContextCustomizer@6afa5291, org.springframework.boot.test.json.DuplicateJsonObjectContextCustomizerFactory$DuplicateJsonObjectContextCustomizer@20cebcb4, org.springframework.boot.test.mock.mockito.MockitoContextCustomizer@0, org.springframework.boot.test.web.client.TestRestTemplateContextCustomizer@49a32273], resourceBasePath = 'src/main/webapp', contextLoader = 'org.springframework.boot.test.context.SpringBootContextLoader', parent = [null]], attributes = map['org.springframework.test.context.web.ServletTestExecutionListener.activateListener' -> true, 'org.springframework.test.context.web.ServletTestExecutionListener.populatedRequestContextHolder' -> true, 'org.springframework.test.context.web.ServletTestExecutionListener.resetRequestContextHolder' -> true]]
]]></system-out>
  <system-err><![CDATA[]]></system-err>
</testsuite>
