<?xml version="1.0" encoding="UTF-8"?>
<testsuite name="ags.goldenlionerp.apiTests.accounting.ChartOfAccountApiTest" tests="7" skipped="0" failures="0" errors="0" timestamp="2018-12-14T10:35:14" hostname="LAPTOP-FHFRCCL6" time="0.453">
  <properties/>
  <testcase name="updateTestWithPatch" classname="ags.goldenlionerp.apiTests.accounting.ChartOfAccountApiTest" time="0.179"/>
  <testcase name="updateTestWithPut" classname="ags.goldenlionerp.apiTests.accounting.ChartOfAccountApiTest" time="0.032"/>
  <testcase name="getTestSingle" classname="ags.goldenlionerp.apiTests.accounting.ChartOfAccountApiTest" time="0.026"/>
  <testcase name="getTestCollection" classname="ags.goldenlionerp.apiTests.accounting.ChartOfAccountApiTest" time="0.073"/>
  <testcase name="createTestWithPut" classname="ags.goldenlionerp.apiTests.accounting.ChartOfAccountApiTest" time="0.043"/>
  <testcase name="deleteTest" classname="ags.goldenlionerp.apiTests.accounting.ChartOfAccountApiTest" time="0.036"/>
  <testcase name="createTestWithPost" classname="ags.goldenlionerp.apiTests.accounting.ChartOfAccountApiTest" time="0.058"/>
  <system-out><![CDATA[2018-12-14 17:35:14.496  INFO 9212 --- [    Test worker] .b.t.c.SpringBootTestContextBootstrapper : Neither @ContextConfiguration nor @ContextHierarchy found for test class [ags.goldenlionerp.apiTests.accounting.ChartOfAccountApiTest], using SpringBootContextLoader
2018-12-14 17:35:14.511  INFO 9212 --- [    Test worker] o.s.t.c.support.AbstractContextLoader    : Could not detect default resource locations for test class [ags.goldenlionerp.apiTests.accounting.ChartOfAccountApiTest]: no resource found for suffixes {-context.xml, Context.groovy}.
2018-12-14 17:35:14.511  INFO 9212 --- [    Test worker] t.c.s.AnnotationConfigContextLoaderUtils : Could not detect default configuration classes for test class [ags.goldenlionerp.apiTests.accounting.ChartOfAccountApiTest]: ChartOfAccountApiTest does not declare any static, non-private, non-final, nested classes annotated with @Configuration.
2018-12-14 17:35:14.511  INFO 9212 --- [    Test worker] .b.t.c.SpringBootTestContextBootstrapper : Found @SpringBootConfiguration ags.goldenlionerp.GoldenLionErpApplication for test class ags.goldenlionerp.apiTests.accounting.ChartOfAccountApiTest
2018-12-14 17:35:14.511  INFO 9212 --- [    Test worker] .b.t.c.SpringBootTestContextBootstrapper : Loaded default TestExecutionListener class names from location [META-INF/spring.factories]: [org.springframework.security.test.context.support.WithSecurityContextTestExecutionListener, org.springframework.security.test.context.support.ReactorContextTestExecutionListener, org.springframework.boot.test.autoconfigure.restdocs.RestDocsTestExecutionListener, org.springframework.boot.test.autoconfigure.web.client.MockRestServiceServerResetTestExecutionListener, org.springframework.boot.test.autoconfigure.web.servlet.MockMvcPrintOnlyOnFailureTestExecutionListener, org.springframework.boot.test.autoconfigure.web.servlet.WebDriverTestExecutionListener, org.springframework.boot.test.mock.mockito.MockitoTestExecutionListener, org.springframework.boot.test.mock.mockito.ResetMocksTestExecutionListener, org.springframework.test.context.web.ServletTestExecutionListener, org.springframework.test.context.support.DirtiesContextBeforeModesTestExecutionListener, org.springframework.test.context.support.DependencyInjectionTestExecutionListener, org.springframework.test.context.support.DirtiesContextTestExecutionListener, org.springframework.test.context.transaction.TransactionalTestExecutionListener, org.springframework.test.context.jdbc.SqlScriptsTestExecutionListener]
2018-12-14 17:35:14.511  INFO 9212 --- [    Test worker] .b.t.c.SpringBootTestContextBootstrapper : Using TestExecutionListeners: [org.springframework.test.context.web.ServletTestExecutionListener@e81cd0c, org.springframework.test.context.support.DirtiesContextBeforeModesTestExecutionListener@30160ffb, org.springframework.boot.test.mock.mockito.MockitoTestExecutionListener@6e757bb2, org.springframework.boot.test.autoconfigure.SpringBootDependencyInjectionTestExecutionListener@222a5b34, org.springframework.test.context.support.DirtiesContextTestExecutionListener@22431bd0, org.springframework.test.context.transaction.TransactionalTestExecutionListener@222ab1b4, org.springframework.test.context.jdbc.SqlScriptsTestExecutionListener@67c7e6a8, org.springframework.security.test.context.support.WithSecurityContextTestExecutionListener@1744f29f, org.springframework.security.test.context.support.ReactorContextTestExecutionListener@2d63e63c, org.springframework.boot.test.autoconfigure.restdocs.RestDocsTestExecutionListener@5a335535, org.springframework.boot.test.autoconfigure.web.client.MockRestServiceServerResetTestExecutionListener@2191a7d, org.springframework.boot.test.autoconfigure.web.servlet.MockMvcPrintOnlyOnFailureTestExecutionListener@3279c0ab, org.springframework.boot.test.autoconfigure.web.servlet.WebDriverTestExecutionListener@1982de, org.springframework.boot.test.mock.mockito.ResetMocksTestExecutionListener@40c3f515]
2018-12-14 17:35:14.527  INFO 9212 --- [    Test worker] o.s.t.c.transaction.TransactionContext   : Began transaction (1) for test context [DefaultTestContext@714fc464 testClass = ChartOfAccountApiTest, testInstance = ags.goldenlionerp.apiTests.accounting.ChartOfAccountApiTest@1e64e6dc, testMethod = updateTestWithPatch@ChartOfAccountApiTest, testException = [null], mergedContextConfiguration = [WebMergedContextConfiguration@26c0c226 testClass = ChartOfAccountApiTest, locations = '{}', classes = '{class ags.goldenlionerp.GoldenLionErpApplication}', contextInitializerClasses = '[]', activeProfiles = '{}', propertySourceLocations = '{classpath:test.properties}', propertySourceProperties = '{org.springframework.boot.test.context.SpringBootTestContextBootstrapper=true}', contextCustomizers = set[org.springframework.boot.test.autoconfigure.properties.PropertyMappingContextCustomizer@0, org.springframework.boot.test.autoconfigure.web.servlet.WebDriverContextCustomizerFactory$Customizer@636d731e, [ImportsContextCustomizer@60262c21 key = [ags.goldenlionerp.apiTests.ApiTestBase$TestConfig]], org.springframework.boot.test.context.filter.ExcludeFilterContextCustomizer@6afa5291, org.springframework.boot.test.json.DuplicateJsonObjectContextCustomizerFactory$DuplicateJsonObjectContextCustomizer@20cebcb4, org.springframework.boot.test.mock.mockito.MockitoContextCustomizer@0, org.springframework.boot.test.web.client.TestRestTemplateContextCustomizer@49a32273], resourceBasePath = 'src/main/webapp', contextLoader = 'org.springframework.boot.test.context.SpringBootContextLoader', parent = [null]], attributes = map['org.springframework.test.context.web.ServletTestExecutionListener.activateListener' -> true, 'org.springframework.test.context.web.ServletTestExecutionListener.populatedRequestContextHolder' -> true, 'org.springframework.test.context.web.ServletTestExecutionListener.resetRequestContextHolder' -> true]]; transaction manager [org.springframework.orm.jpa.JpaTransactionManager@76f112e2]; rollback [true]
2018-12-14 17:35:14.527  INFO 9212 --- [    Test worker] o.s.b.t.m.w.SpringBootMockServletContext : Initializing Spring FrameworkServlet ''
2018-12-14 17:35:14.527  INFO 9212 --- [    Test worker] o.s.t.web.servlet.TestDispatcherServlet  : FrameworkServlet '': initialization started
2018-12-14 17:35:14.543  INFO 9212 --- [    Test worker] o.s.t.web.servlet.TestDispatcherServlet  : FrameworkServlet '': initialization completed in 16 ms
Hibernate: select chartofacc0_.oaobj as oaobj1_25_0_, chartofacc0_.oacid as oacid2_25_0_, chartofacc0_.oadtin as oadtin3_25_0_, chartofacc0_.oatmin as oatmin4_25_0_, chartofacc0_.oauid as oauid5_25_0_, chartofacc0_.oadtlu as oadtlu6_25_0_, chartofacc0_.oatmlu as oatmlu7_25_0_, chartofacc0_.oauidm as oauidm8_25_0_, chartofacc0_.oablc as oablc9_25_0_, chartofacc0_.oacoid as oacoid10_25_0_, chartofacc0_.oadesb1 as oadesb11_25_0_, chartofacc0_.oadesc1 as oadesc12_25_0_, chartofacc0_.oalod as oalod13_25_0_, chartofacc0_.oapec as oapec14_25_0_ from t0900 chartofacc0_ where chartofacc0_.oaobj=?
Hibernate: select company0_.cncoid as cncoid1_9_0_, company0_.cncid as cncid2_9_0_, company0_.cndtin as cndtin3_9_0_, company0_.cntmin as cntmin4_9_0_, company0_.cnuid as cnuid5_9_0_, company0_.cndtlu as cndtlu6_9_0_, company0_.cntmlu as cntmlu7_9_0_, company0_.cnuidm as cnuidm8_9_0_, company0_.cnanum as cnanum9_9_0_, company0_.cncrcb as cncrcb10_9_0_, company0_.cncap as cncap11_9_0_, company0_.cncfy as cncfy12_9_0_, company0_.cncip as cncip13_9_0_, company0_.cncpp as cncpp14_9_0_, company0_.cncrp as cncrp15_9_0_, company0_.cndesb1 as cndesb16_9_0_, company0_.cnfdp as cnfdp17_9_0_ from t0020 company0_ where company0_.cncoid=?
Hibernate: update t0900 set oacid=?, oadtlu=?, oatmlu=?, oauidm=?, oablc=?, oacoid=?, oadesb1=?, oadesc1=?, oalod=?, oapec=? where oaobj=?
Hibernate: select chartofacc0_.oaobj as oaobj1_25_0_, chartofacc0_.oacid as oacid2_25_0_, chartofacc0_.oadtin as oadtin3_25_0_, chartofacc0_.oatmin as oatmin4_25_0_, chartofacc0_.oauid as oauid5_25_0_, chartofacc0_.oadtlu as oadtlu6_25_0_, chartofacc0_.oatmlu as oatmlu7_25_0_, chartofacc0_.oauidm as oauidm8_25_0_, chartofacc0_.oablc as oablc9_25_0_, chartofacc0_.oacoid as oacoid10_25_0_, chartofacc0_.oadesb1 as oadesb11_25_0_, chartofacc0_.oadesc1 as oadesc12_25_0_, chartofacc0_.oalod as oalod13_25_0_, chartofacc0_.oapec as oapec14_25_0_ from t0900 chartofacc0_ where chartofacc0_.oaobj=?
Hibernate: select company0_.cncoid as cncoid1_9_0_, company0_.cncid as cncid2_9_0_, company0_.cndtin as cndtin3_9_0_, company0_.cntmin as cntmin4_9_0_, company0_.cnuid as cnuid5_9_0_, company0_.cndtlu as cndtlu6_9_0_, company0_.cntmlu as cntmlu7_9_0_, company0_.cnuidm as cnuidm8_9_0_, company0_.cnanum as cnanum9_9_0_, company0_.cncrcb as cncrcb10_9_0_, company0_.cncap as cncap11_9_0_, company0_.cncfy as cncfy12_9_0_, company0_.cncip as cncip13_9_0_, company0_.cncpp as cncpp14_9_0_, company0_.cncrp as cncrp15_9_0_, company0_.cndesb1 as cndesb16_9_0_, company0_.cnfdp as cnfdp17_9_0_ from t0020 company0_ where company0_.cncoid=?
2018-12-14 17:35:14.715  INFO 9212 --- [    Test worker] o.s.t.c.transaction.TransactionContext   : Rolled back transaction for test: [DefaultTestContext@714fc464 testClass = ChartOfAccountApiTest, testInstance = ags.goldenlionerp.apiTests.accounting.ChartOfAccountApiTest@1e64e6dc, testMethod = updateTestWithPatch@ChartOfAccountApiTest, testException = [null], mergedContextConfiguration = [WebMergedContextConfiguration@26c0c226 testClass = ChartOfAccountApiTest, locations = '{}', classes = '{class ags.goldenlionerp.GoldenLionErpApplication}', contextInitializerClasses = '[]', activeProfiles = '{}', propertySourceLocations = '{classpath:test.properties}', propertySourceProperties = '{org.springframework.boot.test.context.SpringBootTestContextBootstrapper=true}', contextCustomizers = set[org.springframework.boot.test.autoconfigure.properties.PropertyMappingContextCustomizer@0, org.springframework.boot.test.autoconfigure.web.servlet.WebDriverContextCustomizerFactory$Customizer@636d731e, [ImportsContextCustomizer@60262c21 key = [ags.goldenlionerp.apiTests.ApiTestBase$TestConfig]], org.springframework.boot.test.context.filter.ExcludeFilterContextCustomizer@6afa5291, org.springframework.boot.test.json.DuplicateJsonObjectContextCustomizerFactory$DuplicateJsonObjectContextCustomizer@20cebcb4, org.springframework.boot.test.mock.mockito.MockitoContextCustomizer@0, org.springframework.boot.test.web.client.TestRestTemplateContextCustomizer@49a32273], resourceBasePath = 'src/main/webapp', contextLoader = 'org.springframework.boot.test.context.SpringBootContextLoader', parent = [null]], attributes = map['org.springframework.test.context.web.ServletTestExecutionListener.activateListener' -> true, 'org.springframework.test.context.web.ServletTestExecutionListener.populatedRequestContextHolder' -> true, 'org.springframework.test.context.web.ServletTestExecutionListener.resetRequestContextHolder' -> true]]
2018-12-14 17:35:14.715  INFO 9212 --- [    Test worker] o.s.t.c.transaction.TransactionContext   : Began transaction (1) for test context [DefaultTestContext@714fc464 testClass = ChartOfAccountApiTest, testInstance = ags.goldenlionerp.apiTests.accounting.ChartOfAccountApiTest@6b3e50a1, testMethod = updateTestWithPut@ApiTestBase, testException = [null], mergedContextConfiguration = [WebMergedContextConfiguration@26c0c226 testClass = ChartOfAccountApiTest, locations = '{}', classes = '{class ags.goldenlionerp.GoldenLionErpApplication}', contextInitializerClasses = '[]', activeProfiles = '{}', propertySourceLocations = '{classpath:test.properties}', propertySourceProperties = '{org.springframework.boot.test.context.SpringBootTestContextBootstrapper=true}', contextCustomizers = set[org.springframework.boot.test.autoconfigure.properties.PropertyMappingContextCustomizer@0, org.springframework.boot.test.autoconfigure.web.servlet.WebDriverContextCustomizerFactory$Customizer@636d731e, [ImportsContextCustomizer@60262c21 key = [ags.goldenlionerp.apiTests.ApiTestBase$TestConfig]], org.springframework.boot.test.context.filter.ExcludeFilterContextCustomizer@6afa5291, org.springframework.boot.test.json.DuplicateJsonObjectContextCustomizerFactory$DuplicateJsonObjectContextCustomizer@20cebcb4, org.springframework.boot.test.mock.mockito.MockitoContextCustomizer@0, org.springframework.boot.test.web.client.TestRestTemplateContextCustomizer@49a32273], resourceBasePath = 'src/main/webapp', contextLoader = 'org.springframework.boot.test.context.SpringBootContextLoader', parent = [null]], attributes = map['org.springframework.test.context.web.ServletTestExecutionListener.activateListener' -> true, 'org.springframework.test.context.web.ServletTestExecutionListener.populatedRequestContextHolder' -> true, 'org.springframework.test.context.web.ServletTestExecutionListener.resetRequestContextHolder' -> true]]; transaction manager [org.springframework.orm.jpa.JpaTransactionManager@76f112e2]; rollback [true]
2018-12-14 17:35:14.715  INFO 9212 --- [    Test worker] o.s.b.t.m.w.SpringBootMockServletContext : Initializing Spring FrameworkServlet ''
2018-12-14 17:35:14.715  INFO 9212 --- [    Test worker] o.s.t.web.servlet.TestDispatcherServlet  : FrameworkServlet '': initialization started
2018-12-14 17:35:14.715  INFO 9212 --- [    Test worker] o.s.t.web.servlet.TestDispatcherServlet  : FrameworkServlet '': initialization completed in 0 ms
Hibernate: select chartofacc0_.oaobj as oaobj1_25_0_, chartofacc0_.oacid as oacid2_25_0_, chartofacc0_.oadtin as oadtin3_25_0_, chartofacc0_.oatmin as oatmin4_25_0_, chartofacc0_.oauid as oauid5_25_0_, chartofacc0_.oadtlu as oadtlu6_25_0_, chartofacc0_.oatmlu as oatmlu7_25_0_, chartofacc0_.oauidm as oauidm8_25_0_, chartofacc0_.oablc as oablc9_25_0_, chartofacc0_.oacoid as oacoid10_25_0_, chartofacc0_.oadesb1 as oadesb11_25_0_, chartofacc0_.oadesc1 as oadesc12_25_0_, chartofacc0_.oalod as oalod13_25_0_, chartofacc0_.oapec as oapec14_25_0_ from t0900 chartofacc0_ where chartofacc0_.oaobj=?
Hibernate: select company0_.cncoid as cncoid1_9_0_, company0_.cncid as cncid2_9_0_, company0_.cndtin as cndtin3_9_0_, company0_.cntmin as cntmin4_9_0_, company0_.cnuid as cnuid5_9_0_, company0_.cndtlu as cndtlu6_9_0_, company0_.cntmlu as cntmlu7_9_0_, company0_.cnuidm as cnuidm8_9_0_, company0_.cnanum as cnanum9_9_0_, company0_.cncrcb as cncrcb10_9_0_, company0_.cncap as cncap11_9_0_, company0_.cncfy as cncfy12_9_0_, company0_.cncip as cncip13_9_0_, company0_.cncpp as cncpp14_9_0_, company0_.cncrp as cncrp15_9_0_, company0_.cndesb1 as cndesb16_9_0_, company0_.cnfdp as cnfdp17_9_0_ from t0020 company0_ where company0_.cncoid=?
2018-12-14 17:35:14.746  INFO 9212 --- [    Test worker] o.s.t.c.transaction.TransactionContext   : Rolled back transaction for test: [DefaultTestContext@714fc464 testClass = ChartOfAccountApiTest, testInstance = ags.goldenlionerp.apiTests.accounting.ChartOfAccountApiTest@6b3e50a1, testMethod = updateTestWithPut@ApiTestBase, testException = [null], mergedContextConfiguration = [WebMergedContextConfiguration@26c0c226 testClass = ChartOfAccountApiTest, locations = '{}', classes = '{class ags.goldenlionerp.GoldenLionErpApplication}', contextInitializerClasses = '[]', activeProfiles = '{}', propertySourceLocations = '{classpath:test.properties}', propertySourceProperties = '{org.springframework.boot.test.context.SpringBootTestContextBootstrapper=true}', contextCustomizers = set[org.springframework.boot.test.autoconfigure.properties.PropertyMappingContextCustomizer@0, org.springframework.boot.test.autoconfigure.web.servlet.WebDriverContextCustomizerFactory$Customizer@636d731e, [ImportsContextCustomizer@60262c21 key = [ags.goldenlionerp.apiTests.ApiTestBase$TestConfig]], org.springframework.boot.test.context.filter.ExcludeFilterContextCustomizer@6afa5291, org.springframework.boot.test.json.DuplicateJsonObjectContextCustomizerFactory$DuplicateJsonObjectContextCustomizer@20cebcb4, org.springframework.boot.test.mock.mockito.MockitoContextCustomizer@0, org.springframework.boot.test.web.client.TestRestTemplateContextCustomizer@49a32273], resourceBasePath = 'src/main/webapp', contextLoader = 'org.springframework.boot.test.context.SpringBootContextLoader', parent = [null]], attributes = map['org.springframework.test.context.web.ServletTestExecutionListener.activateListener' -> true, 'org.springframework.test.context.web.ServletTestExecutionListener.populatedRequestContextHolder' -> true, 'org.springframework.test.context.web.ServletTestExecutionListener.resetRequestContextHolder' -> true]]
2018-12-14 17:35:14.746  INFO 9212 --- [    Test worker] o.s.t.c.transaction.TransactionContext   : Began transaction (1) for test context [DefaultTestContext@714fc464 testClass = ChartOfAccountApiTest, testInstance = ags.goldenlionerp.apiTests.accounting.ChartOfAccountApiTest@7b3c88f7, testMethod = getTestSingle@ApiTestBase, testException = [null], mergedContextConfiguration = [WebMergedContextConfiguration@26c0c226 testClass = ChartOfAccountApiTest, locations = '{}', classes = '{class ags.goldenlionerp.GoldenLionErpApplication}', contextInitializerClasses = '[]', activeProfiles = '{}', propertySourceLocations = '{classpath:test.properties}', propertySourceProperties = '{org.springframework.boot.test.context.SpringBootTestContextBootstrapper=true}', contextCustomizers = set[org.springframework.boot.test.autoconfigure.properties.PropertyMappingContextCustomizer@0, org.springframework.boot.test.autoconfigure.web.servlet.WebDriverContextCustomizerFactory$Customizer@636d731e, [ImportsContextCustomizer@60262c21 key = [ags.goldenlionerp.apiTests.ApiTestBase$TestConfig]], org.springframework.boot.test.context.filter.ExcludeFilterContextCustomizer@6afa5291, org.springframework.boot.test.json.DuplicateJsonObjectContextCustomizerFactory$DuplicateJsonObjectContextCustomizer@20cebcb4, org.springframework.boot.test.mock.mockito.MockitoContextCustomizer@0, org.springframework.boot.test.web.client.TestRestTemplateContextCustomizer@49a32273], resourceBasePath = 'src/main/webapp', contextLoader = 'org.springframework.boot.test.context.SpringBootContextLoader', parent = [null]], attributes = map['org.springframework.test.context.web.ServletTestExecutionListener.activateListener' -> true, 'org.springframework.test.context.web.ServletTestExecutionListener.populatedRequestContextHolder' -> true, 'org.springframework.test.context.web.ServletTestExecutionListener.resetRequestContextHolder' -> true]]; transaction manager [org.springframework.orm.jpa.JpaTransactionManager@76f112e2]; rollback [true]
2018-12-14 17:35:14.746  INFO 9212 --- [    Test worker] o.s.b.t.m.w.SpringBootMockServletContext : Initializing Spring FrameworkServlet ''
2018-12-14 17:35:14.746  INFO 9212 --- [    Test worker] o.s.t.web.servlet.TestDispatcherServlet  : FrameworkServlet '': initialization started
2018-12-14 17:35:14.746  INFO 9212 --- [    Test worker] o.s.t.web.servlet.TestDispatcherServlet  : FrameworkServlet '': initialization completed in 0 ms
Hibernate: select chartofacc0_.oaobj as oaobj1_25_0_, chartofacc0_.oacid as oacid2_25_0_, chartofacc0_.oadtin as oadtin3_25_0_, chartofacc0_.oatmin as oatmin4_25_0_, chartofacc0_.oauid as oauid5_25_0_, chartofacc0_.oadtlu as oadtlu6_25_0_, chartofacc0_.oatmlu as oatmlu7_25_0_, chartofacc0_.oauidm as oauidm8_25_0_, chartofacc0_.oablc as oablc9_25_0_, chartofacc0_.oacoid as oacoid10_25_0_, chartofacc0_.oadesb1 as oadesb11_25_0_, chartofacc0_.oadesc1 as oadesc12_25_0_, chartofacc0_.oalod as oalod13_25_0_, chartofacc0_.oapec as oapec14_25_0_ from t0900 chartofacc0_ where chartofacc0_.oaobj=?
Hibernate: select company0_.cncoid as cncoid1_9_0_, company0_.cncid as cncid2_9_0_, company0_.cndtin as cndtin3_9_0_, company0_.cntmin as cntmin4_9_0_, company0_.cnuid as cnuid5_9_0_, company0_.cndtlu as cndtlu6_9_0_, company0_.cntmlu as cntmlu7_9_0_, company0_.cnuidm as cnuidm8_9_0_, company0_.cnanum as cnanum9_9_0_, company0_.cncrcb as cncrcb10_9_0_, company0_.cncap as cncap11_9_0_, company0_.cncfy as cncfy12_9_0_, company0_.cncip as cncip13_9_0_, company0_.cncpp as cncpp14_9_0_, company0_.cncrp as cncrp15_9_0_, company0_.cndesb1 as cndesb16_9_0_, company0_.cnfdp as cnfdp17_9_0_ from t0020 company0_ where company0_.cncoid=?
2018-12-14 17:35:14.761  INFO 9212 --- [    Test worker] o.s.t.c.transaction.TransactionContext   : Rolled back transaction for test: [DefaultTestContext@714fc464 testClass = ChartOfAccountApiTest, testInstance = ags.goldenlionerp.apiTests.accounting.ChartOfAccountApiTest@7b3c88f7, testMethod = getTestSingle@ApiTestBase, testException = [null], mergedContextConfiguration = [WebMergedContextConfiguration@26c0c226 testClass = ChartOfAccountApiTest, locations = '{}', classes = '{class ags.goldenlionerp.GoldenLionErpApplication}', contextInitializerClasses = '[]', activeProfiles = '{}', propertySourceLocations = '{classpath:test.properties}', propertySourceProperties = '{org.springframework.boot.test.context.SpringBootTestContextBootstrapper=true}', contextCustomizers = set[org.springframework.boot.test.autoconfigure.properties.PropertyMappingContextCustomizer@0, org.springframework.boot.test.autoconfigure.web.servlet.WebDriverContextCustomizerFactory$Customizer@636d731e, [ImportsContextCustomizer@60262c21 key = [ags.goldenlionerp.apiTests.ApiTestBase$TestConfig]], org.springframework.boot.test.context.filter.ExcludeFilterContextCustomizer@6afa5291, org.springframework.boot.test.json.DuplicateJsonObjectContextCustomizerFactory$DuplicateJsonObjectContextCustomizer@20cebcb4, org.springframework.boot.test.mock.mockito.MockitoContextCustomizer@0, org.springframework.boot.test.web.client.TestRestTemplateContextCustomizer@49a32273], resourceBasePath = 'src/main/webapp', contextLoader = 'org.springframework.boot.test.context.SpringBootContextLoader', parent = [null]], attributes = map['org.springframework.test.context.web.ServletTestExecutionListener.activateListener' -> true, 'org.springframework.test.context.web.ServletTestExecutionListener.populatedRequestContextHolder' -> true, 'org.springframework.test.context.web.ServletTestExecutionListener.resetRequestContextHolder' -> true]]
2018-12-14 17:35:14.777  INFO 9212 --- [    Test worker] o.s.t.c.transaction.TransactionContext   : Began transaction (1) for test context [DefaultTestContext@714fc464 testClass = ChartOfAccountApiTest, testInstance = ags.goldenlionerp.apiTests.accounting.ChartOfAccountApiTest@7ac2eeef, testMethod = getTestCollection@ApiTestBase, testException = [null], mergedContextConfiguration = [WebMergedContextConfiguration@26c0c226 testClass = ChartOfAccountApiTest, locations = '{}', classes = '{class ags.goldenlionerp.GoldenLionErpApplication}', contextInitializerClasses = '[]', activeProfiles = '{}', propertySourceLocations = '{classpath:test.properties}', propertySourceProperties = '{org.springframework.boot.test.context.SpringBootTestContextBootstrapper=true}', contextCustomizers = set[org.springframework.boot.test.autoconfigure.properties.PropertyMappingContextCustomizer@0, org.springframework.boot.test.autoconfigure.web.servlet.WebDriverContextCustomizerFactory$Customizer@636d731e, [ImportsContextCustomizer@60262c21 key = [ags.goldenlionerp.apiTests.ApiTestBase$TestConfig]], org.springframework.boot.test.context.filter.ExcludeFilterContextCustomizer@6afa5291, org.springframework.boot.test.json.DuplicateJsonObjectContextCustomizerFactory$DuplicateJsonObjectContextCustomizer@20cebcb4, org.springframework.boot.test.mock.mockito.MockitoContextCustomizer@0, org.springframework.boot.test.web.client.TestRestTemplateContextCustomizer@49a32273], resourceBasePath = 'src/main/webapp', contextLoader = 'org.springframework.boot.test.context.SpringBootContextLoader', parent = [null]], attributes = map['org.springframework.test.context.web.ServletTestExecutionListener.activateListener' -> true, 'org.springframework.test.context.web.ServletTestExecutionListener.populatedRequestContextHolder' -> true, 'org.springframework.test.context.web.ServletTestExecutionListener.resetRequestContextHolder' -> true]]; transaction manager [org.springframework.orm.jpa.JpaTransactionManager@76f112e2]; rollback [true]
2018-12-14 17:35:14.777  INFO 9212 --- [    Test worker] o.s.b.t.m.w.SpringBootMockServletContext : Initializing Spring FrameworkServlet ''
2018-12-14 17:35:14.777  INFO 9212 --- [    Test worker] o.s.t.web.servlet.TestDispatcherServlet  : FrameworkServlet '': initialization started
2018-12-14 17:35:14.777  INFO 9212 --- [    Test worker] o.s.t.web.servlet.TestDispatcherServlet  : FrameworkServlet '': initialization completed in 0 ms
Hibernate: select TOP(?) chartofacc0_.oaobj as oaobj1_25_, chartofacc0_.oacid as oacid2_25_, chartofacc0_.oadtin as oadtin3_25_, chartofacc0_.oatmin as oatmin4_25_, chartofacc0_.oauid as oauid5_25_, chartofacc0_.oadtlu as oadtlu6_25_, chartofacc0_.oatmlu as oatmlu7_25_, chartofacc0_.oauidm as oauidm8_25_, chartofacc0_.oablc as oablc9_25_, chartofacc0_.oacoid as oacoid10_25_, chartofacc0_.oadesb1 as oadesb11_25_, chartofacc0_.oadesc1 as oadesc12_25_, chartofacc0_.oalod as oalod13_25_, chartofacc0_.oapec as oapec14_25_ from t0900 chartofacc0_
Hibernate: select company0_.cncoid as cncoid1_9_0_, company0_.cncid as cncid2_9_0_, company0_.cndtin as cndtin3_9_0_, company0_.cntmin as cntmin4_9_0_, company0_.cnuid as cnuid5_9_0_, company0_.cndtlu as cndtlu6_9_0_, company0_.cntmlu as cntmlu7_9_0_, company0_.cnuidm as cnuidm8_9_0_, company0_.cnanum as cnanum9_9_0_, company0_.cncrcb as cncrcb10_9_0_, company0_.cncap as cncap11_9_0_, company0_.cncfy as cncfy12_9_0_, company0_.cncip as cncip13_9_0_, company0_.cncpp as cncpp14_9_0_, company0_.cncrp as cncrp15_9_0_, company0_.cndesb1 as cndesb16_9_0_, company0_.cnfdp as cnfdp17_9_0_ from t0020 company0_ where company0_.cncoid=?
Hibernate: select count(chartofacc0_.oaobj) as col_0_0_ from t0900 chartofacc0_

MockHttpServletRequest:
      HTTP Method = GET
      Request URI = /api/chartOfAccounts/
       Parameters = {}
          Headers = {Accept=[application/json]}
             Body = <no character encoding set>
    Session Attrs = {org.springframework.security.web.csrf.HttpSessionCsrfTokenRepository.CSRF_TOKEN=org.springframework.security.web.csrf.DefaultCsrfToken@703b108f, SPRING_SECURITY_CONTEXT=org.springframework.security.core.context.SecurityContextImpl@475fcd89: Authentication: org.springframework.security.authentication.UsernamePasswordAuthenticationToken@475fcd89: Principal: org.springframework.security.core.userdetails.User@f02988d6: Username: username; Password: [PROTECTED]; Enabled: true; AccountNonExpired: true; credentialsNonExpired: true; AccountNonLocked: true; Not granted any authorities; Credentials: [PROTECTED]; Authenticated: true; Details: null; Not granted any authorities}

Handler:
             Type = org.springframework.data.rest.webmvc.RepositoryEntityController
           Method = public org.springframework.hateoas.Resources<?> org.springframework.data.rest.webmvc.RepositoryEntityController.getCollectionResource(org.springframework.data.rest.webmvc.RootResourceInformation,org.springframework.data.rest.webmvc.support.DefaultedPageable,org.springframework.data.domain.Sort,org.springframework.data.rest.webmvc.PersistentEntityResourceAssembler) throws org.springframework.data.rest.webmvc.ResourceNotFoundException,org.springframework.web.HttpRequestMethodNotSupportedException

Async:
    Async started = false
     Async result = null

Resolved Exception:
             Type = null

ModelAndView:
        View name = null
             View = null
            Model = null

FlashMap:
       Attributes = null

MockHttpServletResponse:
           Status = 200
    Error message = null
          Headers = {Content-Type=[application/json;charset=UTF-8], X-Content-Type-Options=[nosniff], X-XSS-Protection=[1; mode=block], Cache-Control=[no-cache, no-store, max-age=0, must-revalidate], Pragma=[no-cache], Expires=[0], X-Frame-Options=[DENY]}
     Content type = application/json;charset=UTF-8
             Body = {
  "_embedded" : {
    "chartOfAccounts" : [ {
      "inputUserId" : "QSA",
      "lastUpdateUserId" : "QSA",
      "computerId" : "GLSVR171217",
      "objectAccountCode" : "100000",
      "companyId" : "00000",
      "description" : "AKTIVA",
      "descriptionLong" : "",
      "levelOfDetail" : 3,
      "postingEditCode" : false,
      "balanceType" : "D",
      "lastUpdateDateTime" : "2017-12-17T00:00:00",
      "inputDateTime" : "2017-12-17T00:00:00",
      "_links" : {
        "self" : {
          "href" : "http://localhost/api/chartOfAccounts/100000"
        },
        "chartOfAccount" : {
          "href" : "http://localhost/api/chartOfAccounts/100000"
        },
        "company" : {
          "href" : "http://localhost/api/chartOfAccounts/100000/company"
        }
      }
    }, {
      "inputUserId" : "QSA",
      "lastUpdateUserId" : "QSA",
      "computerId" : "GLSVR171217",
      "objectAccountCode" : "110000",
      "companyId" : "00000",
      "description" : "Aktiva Lancar",
      "descriptionLong" : "",
      "levelOfDetail" : 4,
      "postingEditCode" : false,
      "balanceType" : "D",
      "lastUpdateDateTime" : "2017-12-17T00:00:00",
      "inputDateTime" : "2017-12-17T00:00:00",
      "_links" : {
        "self" : {
          "href" : "http://localhost/api/chartOfAccounts/110000"
        },
        "chartOfAccount" : {
          "href" : "http://localhost/api/chartOfAccounts/110000"
        },
        "company" : {
          "href" : "http://localhost/api/chartOfAccounts/110000/company"
        }
      }
    }, {
      "inputUserId" : "QSA",
      "lastUpdateUserId" : "QSA",
      "computerId" : "GLSVR171217",
      "objectAccountCode" : "111000",
      "companyId" : "00000",
      "description" : "Kas & Bank",
      "descriptionLong" : "",
      "levelOfDetail" : 5,
      "postingEditCode" : false,
      "balanceType" : "D",
      "lastUpdateDateTime" : "2017-12-17T00:00:00",
      "inputDateTime" : "2017-12-17T00:00:00",
      "_links" : {
        "self" : {
          "href" : "http://localhost/api/chartOfAccounts/111000"
        },
        "chartOfAccount" : {
          "href" : "http://localhost/api/chartOfAccounts/111000"
        },
        "company" : {
          "href" : "http://localhost/api/chartOfAccounts/111000/company"
        }
      }
    }, {
      "inputUserId" : "QSA",
      "lastUpdateUserId" : "QSA",
      "computerId" : "GLSVR171217",
      "objectAccountCode" : "111100",
      "companyId" : "00000",
      "description" : "Kas IDR",
      "descriptionLong" : "",
      "levelOfDetail" : 6,
      "postingEditCode" : false,
      "balanceType" : "D",
      "lastUpdateDateTime" : "2017-12-17T00:00:00",
      "inputDateTime" : "2017-12-17T00:00:00",
      "_links" : {
        "self" : {
          "href" : "http://localhost/api/chartOfAccounts/111100"
        },
        "chartOfAccount" : {
          "href" : "http://localhost/api/chartOfAccounts/111100"
        },
        "company" : {
          "href" : "http://localhost/api/chartOfAccounts/111100/company"
        }
      }
    }, {
      "inputUserId" : "QSA",
      "lastUpdateUserId" : "QSA",
      "computerId" : "GLSVR171217",
      "objectAccountCode" : "111110",
      "companyId" : "00000",
      "description" : "Kas Penjualan",
      "descriptionLong" : "",
      "levelOfDetail" : 7,
      "postingEditCode" : true,
      "balanceType" : "D",
      "lastUpdateDateTime" : "2017-12-17T00:00:00",
      "inputDateTime" : "2017-12-17T00:00:00",
      "_links" : {
        "self" : {
          "href" : "http://localhost/api/chartOfAccounts/111110"
        },
        "chartOfAccount" : {
          "href" : "http://localhost/api/chartOfAccounts/111110"
        },
        "company" : {
          "href" : "http://localhost/api/chartOfAccounts/111110/company"
        }
      }
    }, {
      "inputUserId" : "QSA",
      "lastUpdateUserId" : "QSA",
      "computerId" : "GLSVR171217",
      "objectAccountCode" : "111120",
      "companyId" : "00000",
      "description" : "Kas Kecil",
      "descriptionLong" : "",
      "levelOfDetail" : 7,
      "postingEditCode" : true,
      "balanceType" : "D",
      "lastUpdateDateTime" : "2017-12-17T00:00:00",
      "inputDateTime" : "2017-12-17T00:00:00",
      "_links" : {
        "self" : {
          "href" : "http://localhost/api/chartOfAccounts/111120"
        },
        "chartOfAccount" : {
          "href" : "http://localhost/api/chartOfAccounts/111120"
        },
        "company" : {
          "href" : "http://localhost/api/chartOfAccounts/111120/company"
        }
      }
    }, {
      "inputUserId" : "QSA",
      "lastUpdateUserId" : "QSA",
      "computerId" : "LAPTOP-FHFRCCL6",
      "objectAccountCode" : "111200",
      "companyId" : "00000",
      "description" : "tes",
      "descriptionLong" : "",
      "levelOfDetail" : 6,
      "postingEditCode" : true,
      "balanceType" : "",
      "lastUpdateDateTime" : "2018-08-20T15:45:02",
      "inputDateTime" : "2017-12-17T00:00:00",
      "_links" : {
        "self" : {
          "href" : "http://localhost/api/chartOfAccounts/111200"
        },
        "chartOfAccount" : {
          "href" : "http://localhost/api/chartOfAccounts/111200"
        },
        "company" : {
          "href" : "http://localhost/api/chartOfAccounts/111200/company"
        }
      }
    }, {
      "inputUserId" : "QSA",
      "lastUpdateUserId" : "QSA",
      "computerId" : "GLSVR171217",
      "objectAccountCode" : "111210",
      "companyId" : "00000",
      "description" : "Kas  USD",
      "descriptionLong" : "",
      "levelOfDetail" : 7,
      "postingEditCode" : true,
      "balanceType" : "D",
      "lastUpdateDateTime" : "2017-12-17T00:00:00",
      "inputDateTime" : "2017-12-17T00:00:00",
      "_links" : {
        "self" : {
          "href" : "http://localhost/api/chartOfAccounts/111210"
        },
        "chartOfAccount" : {
          "href" : "http://localhost/api/chartOfAccounts/111210"
        },
        "company" : {
          "href" : "http://localhost/api/chartOfAccounts/111210/company"
        }
      }
    }, {
      "inputUserId" : "QSA",
      "lastUpdateUserId" : "QSA",
      "computerId" : "GLSVR171217",
      "objectAccountCode" : "111300",
      "companyId" : "00000",
      "description" : "Bank IDR",
      "descriptionLong" : "",
      "levelOfDetail" : 6,
      "postingEditCode" : false,
      "balanceType" : "D",
      "lastUpdateDateTime" : "2017-12-17T00:00:00",
      "inputDateTime" : "2017-12-17T00:00:00",
      "_links" : {
        "self" : {
          "href" : "http://localhost/api/chartOfAccounts/111300"
        },
        "chartOfAccount" : {
          "href" : "http://localhost/api/chartOfAccounts/111300"
        },
        "company" : {
          "href" : "http://localhost/api/chartOfAccounts/111300/company"
        }
      }
    }, {
      "inputUserId" : "QSA",
      "lastUpdateUserId" : "QSA",
      "computerId" : "GLSVR171217",
      "objectAccountCode" : "111310",
      "companyId" : "00000",
      "description" : "BCA ",
      "descriptionLong" : "",
      "levelOfDetail" : 7,
      "postingEditCode" : false,
      "balanceType" : "D",
      "lastUpdateDateTime" : "2017-12-17T00:00:00",
      "inputDateTime" : "2017-12-17T00:00:00",
      "_links" : {
        "self" : {
          "href" : "http://localhost/api/chartOfAccounts/111310"
        },
        "chartOfAccount" : {
          "href" : "http://localhost/api/chartOfAccounts/111310"
        },
        "company" : {
          "href" : "http://localhost/api/chartOfAccounts/111310/company"
        }
      }
    }, {
      "inputUserId" : "QSA",
      "lastUpdateUserId" : "ANTHONI",
      "computerId" : "ANTHONY",
      "objectAccountCode" : "111311",
      "companyId" : "00000",
      "description" : "BCA Suryono",
      "descriptionLong" : "",
      "levelOfDetail" : 8,
      "postingEditCode" : true,
      "balanceType" : "",
      "lastUpdateDateTime" : "2018-02-01T10:54:24",
      "inputDateTime" : "2017-12-17T00:00:00",
      "_links" : {
        "self" : {
          "href" : "http://localhost/api/chartOfAccounts/111311"
        },
        "chartOfAccount" : {
          "href" : "http://localhost/api/chartOfAccounts/111311"
        },
        "company" : {
          "href" : "http://localhost/api/chartOfAccounts/111311/company"
        }
      }
    }, {
      "inputUserId" : "QSA",
      "lastUpdateUserId" : "ANTHONI",
      "computerId" : "ANTHONY",
      "objectAccountCode" : "111312",
      "companyId" : "00000",
      "description" : "BCA PT. Airmas Teknologi Grosiria",
      "descriptionLong" : "",
      "levelOfDetail" : 8,
      "postingEditCode" : true,
      "balanceType" : "",
      "lastUpdateDateTime" : "2018-02-01T10:54:44",
      "inputDateTime" : "2017-12-17T00:00:00",
      "_links" : {
        "self" : {
          "href" : "http://localhost/api/chartOfAccounts/111312"
        },
        "chartOfAccount" : {
          "href" : "http://localhost/api/chartOfAccounts/111312"
        },
        "company" : {
          "href" : "http://localhost/api/chartOfAccounts/111312/company"
        }
      }
    }, {
      "inputUserId" : "QSA",
      "lastUpdateUserId" : "QSA",
      "computerId" : "GLSVR171217",
      "objectAccountCode" : "111320",
      "companyId" : "00000",
      "description" : "OCBC",
      "descriptionLong" : "",
      "levelOfDetail" : 7,
      "postingEditCode" : false,
      "balanceType" : "D",
      "lastUpdateDateTime" : "2017-12-17T00:00:00",
      "inputDateTime" : "2017-12-17T00:00:00",
      "_links" : {
        "self" : {
          "href" : "http://localhost/api/chartOfAccounts/111320"
        },
        "chartOfAccount" : {
          "href" : "http://localhost/api/chartOfAccounts/111320"
        },
        "company" : {
          "href" : "http://localhost/api/chartOfAccounts/111320/company"
        }
      }
    }, {
      "inputUserId" : "QSA",
      "lastUpdateUserId" : "QSA",
      "computerId" : "GLSVR171217",
      "objectAccountCode" : "111321",
      "companyId" : "00000",
      "description" : "OCBC xxxxxxxxxx",
      "descriptionLong" : "",
      "levelOfDetail" : 8,
      "postingEditCode" : true,
      "balanceType" : "D",
      "lastUpdateDateTime" : "2017-12-17T00:00:00",
      "inputDateTime" : "2017-12-17T00:00:00",
      "_links" : {
        "self" : {
          "href" : "http://localhost/api/chartOfAccounts/111321"
        },
        "chartOfAccount" : {
          "href" : "http://localhost/api/chartOfAccounts/111321"
        },
        "company" : {
          "href" : "http://localhost/api/chartOfAccounts/111321/company"
        }
      }
    }, {
      "inputUserId" : "QSA",
      "lastUpdateUserId" : "QSA",
      "computerId" : "GLSVR171217",
      "objectAccountCode" : "111330",
      "companyId" : "00000",
      "description" : "Niaga",
      "descriptionLong" : "",
      "levelOfDetail" : 7,
      "postingEditCode" : false,
      "balanceType" : "D",
      "lastUpdateDateTime" : "2017-12-17T00:00:00",
      "inputDateTime" : "2017-12-17T00:00:00",
      "_links" : {
        "self" : {
          "href" : "http://localhost/api/chartOfAccounts/111330"
        },
        "chartOfAccount" : {
          "href" : "http://localhost/api/chartOfAccounts/111330"
        },
        "company" : {
          "href" : "http://localhost/api/chartOfAccounts/111330/company"
        }
      }
    }, {
      "inputUserId" : "QSA",
      "lastUpdateUserId" : "QSA",
      "computerId" : "GLSVR171217",
      "objectAccountCode" : "111331",
      "companyId" : "00000",
      "description" : "Niaga xxxxxxxxx",
      "descriptionLong" : "",
      "levelOfDetail" : 8,
      "postingEditCode" : true,
      "balanceType" : "D",
      "lastUpdateDateTime" : "2017-12-17T00:00:00",
      "inputDateTime" : "2017-12-17T00:00:00",
      "_links" : {
        "self" : {
          "href" : "http://localhost/api/chartOfAccounts/111331"
        },
        "chartOfAccount" : {
          "href" : "http://localhost/api/chartOfAccounts/111331"
        },
        "company" : {
          "href" : "http://localhost/api/chartOfAccounts/111331/company"
        }
      }
    }, {
      "inputUserId" : "QSA",
      "lastUpdateUserId" : "QSA",
      "computerId" : "GLSVR171217",
      "objectAccountCode" : "111400",
      "companyId" : "00000",
      "description" : "Bank USD",
      "descriptionLong" : "",
      "levelOfDetail" : 6,
      "postingEditCode" : false,
      "balanceType" : "D",
      "lastUpdateDateTime" : "2017-12-17T00:00:00",
      "inputDateTime" : "2017-12-17T00:00:00",
      "_links" : {
        "self" : {
          "href" : "http://localhost/api/chartOfAccounts/111400"
        },
        "chartOfAccount" : {
          "href" : "http://localhost/api/chartOfAccounts/111400"
        },
        "company" : {
          "href" : "http://localhost/api/chartOfAccounts/111400/company"
        }
      }
    }, {
      "inputUserId" : "QSA",
      "lastUpdateUserId" : "QSA",
      "computerId" : "GLSVR171217",
      "objectAccountCode" : "111410",
      "companyId" : "00000",
      "description" : "Mandiri",
      "descriptionLong" : "",
      "levelOfDetail" : 7,
      "postingEditCode" : false,
      "balanceType" : "D",
      "lastUpdateDateTime" : "2017-12-17T00:00:00",
      "inputDateTime" : "2017-12-17T00:00:00",
      "_links" : {
        "self" : {
          "href" : "http://localhost/api/chartOfAccounts/111410"
        },
        "chartOfAccount" : {
          "href" : "http://localhost/api/chartOfAccounts/111410"
        },
        "company" : {
          "href" : "http://localhost/api/chartOfAccounts/111410/company"
        }
      }
    }, {
      "inputUserId" : "QSA",
      "lastUpdateUserId" : "QSA",
      "computerId" : "GLSVR171217",
      "objectAccountCode" : "111411",
      "companyId" : "00000",
      "description" : "Mandiri xxxxxxxxx",
      "descriptionLong" : "",
      "levelOfDetail" : 8,
      "postingEditCode" : true,
      "balanceType" : "D",
      "lastUpdateDateTime" : "2017-12-17T00:00:00",
      "inputDateTime" : "2017-12-17T00:00:00",
      "_links" : {
        "self" : {
          "href" : "http://localhost/api/chartOfAccounts/111411"
        },
        "chartOfAccount" : {
          "href" : "http://localhost/api/chartOfAccounts/111411"
        },
        "company" : {
          "href" : "http://localhost/api/chartOfAccounts/111411/company"
        }
      }
    }, {
      "inputUserId" : "QSA",
      "lastUpdateUserId" : "QSA",
      "computerId" : "GLSVR171217",
      "objectAccountCode" : "111420",
      "companyId" : "00000",
      "description" : "Niaga",
      "descriptionLong" : "",
      "levelOfDetail" : 7,
      "postingEditCode" : false,
      "balanceType" : "D",
      "lastUpdateDateTime" : "2017-12-17T00:00:00",
      "inputDateTime" : "2017-12-17T00:00:00",
      "_links" : {
        "self" : {
          "href" : "http://localhost/api/chartOfAccounts/111420"
        },
        "chartOfAccount" : {
          "href" : "http://localhost/api/chartOfAccounts/111420"
        },
        "company" : {
          "href" : "http://localhost/api/chartOfAccounts/111420/company"
        }
      }
    } ]
  },
  "_links" : {
    "first" : {
      "href" : "http://localhost/api/chartOfAccounts?page=0&size=20"
    },
    "self" : {
      "href" : "http://localhost/api/chartOfAccounts{?page,size,sort}",
      "templated" : true
    },
    "next" : {
      "href" : "http://localhost/api/chartOfAccounts?page=1&size=20"
    },
    "last" : {
      "href" : "http://localhost/api/chartOfAccounts?page=9&size=20"
    },
    "profile" : {
      "href" : "http://localhost/api/profile/chartOfAccounts"
    }
  },
  "page" : {
    "size" : 20,
    "totalElements" : 199,
    "totalPages" : 10,
    "number" : 0
  }
}
    Forwarded URL = null
   Redirected URL = null
          Cookies = []
2018-12-14 17:35:14.840  INFO 9212 --- [    Test worker] o.s.t.c.transaction.TransactionContext   : Rolled back transaction for test: [DefaultTestContext@714fc464 testClass = ChartOfAccountApiTest, testInstance = ags.goldenlionerp.apiTests.accounting.ChartOfAccountApiTest@7ac2eeef, testMethod = getTestCollection@ApiTestBase, testException = [null], mergedContextConfiguration = [WebMergedContextConfiguration@26c0c226 testClass = ChartOfAccountApiTest, locations = '{}', classes = '{class ags.goldenlionerp.GoldenLionErpApplication}', contextInitializerClasses = '[]', activeProfiles = '{}', propertySourceLocations = '{classpath:test.properties}', propertySourceProperties = '{org.springframework.boot.test.context.SpringBootTestContextBootstrapper=true}', contextCustomizers = set[org.springframework.boot.test.autoconfigure.properties.PropertyMappingContextCustomizer@0, org.springframework.boot.test.autoconfigure.web.servlet.WebDriverContextCustomizerFactory$Customizer@636d731e, [ImportsContextCustomizer@60262c21 key = [ags.goldenlionerp.apiTests.ApiTestBase$TestConfig]], org.springframework.boot.test.context.filter.ExcludeFilterContextCustomizer@6afa5291, org.springframework.boot.test.json.DuplicateJsonObjectContextCustomizerFactory$DuplicateJsonObjectContextCustomizer@20cebcb4, org.springframework.boot.test.mock.mockito.MockitoContextCustomizer@0, org.springframework.boot.test.web.client.TestRestTemplateContextCustomizer@49a32273], resourceBasePath = 'src/main/webapp', contextLoader = 'org.springframework.boot.test.context.SpringBootContextLoader', parent = [null]], attributes = map['org.springframework.test.context.web.ServletTestExecutionListener.activateListener' -> true, 'org.springframework.test.context.web.ServletTestExecutionListener.populatedRequestContextHolder' -> true, 'org.springframework.test.context.web.ServletTestExecutionListener.resetRequestContextHolder' -> true]]
2018-12-14 17:35:14.840  INFO 9212 --- [    Test worker] o.s.t.c.transaction.TransactionContext   : Began transaction (1) for test context [DefaultTestContext@714fc464 testClass = ChartOfAccountApiTest, testInstance = ags.goldenlionerp.apiTests.accounting.ChartOfAccountApiTest@39d08b70, testMethod = createTestWithPut@ApiTestBase, testException = [null], mergedContextConfiguration = [WebMergedContextConfiguration@26c0c226 testClass = ChartOfAccountApiTest, locations = '{}', classes = '{class ags.goldenlionerp.GoldenLionErpApplication}', contextInitializerClasses = '[]', activeProfiles = '{}', propertySourceLocations = '{classpath:test.properties}', propertySourceProperties = '{org.springframework.boot.test.context.SpringBootTestContextBootstrapper=true}', contextCustomizers = set[org.springframework.boot.test.autoconfigure.properties.PropertyMappingContextCustomizer@0, org.springframework.boot.test.autoconfigure.web.servlet.WebDriverContextCustomizerFactory$Customizer@636d731e, [ImportsContextCustomizer@60262c21 key = [ags.goldenlionerp.apiTests.ApiTestBase$TestConfig]], org.springframework.boot.test.context.filter.ExcludeFilterContextCustomizer@6afa5291, org.springframework.boot.test.json.DuplicateJsonObjectContextCustomizerFactory$DuplicateJsonObjectContextCustomizer@20cebcb4, org.springframework.boot.test.mock.mockito.MockitoContextCustomizer@0, org.springframework.boot.test.web.client.TestRestTemplateContextCustomizer@49a32273], resourceBasePath = 'src/main/webapp', contextLoader = 'org.springframework.boot.test.context.SpringBootContextLoader', parent = [null]], attributes = map['org.springframework.test.context.web.ServletTestExecutionListener.activateListener' -> true, 'org.springframework.test.context.web.ServletTestExecutionListener.populatedRequestContextHolder' -> true, 'org.springframework.test.context.web.ServletTestExecutionListener.resetRequestContextHolder' -> true]]; transaction manager [org.springframework.orm.jpa.JpaTransactionManager@76f112e2]; rollback [true]
2018-12-14 17:35:14.855  INFO 9212 --- [    Test worker] o.s.b.t.m.w.SpringBootMockServletContext : Initializing Spring FrameworkServlet ''
2018-12-14 17:35:14.855  INFO 9212 --- [    Test worker] o.s.t.web.servlet.TestDispatcherServlet  : FrameworkServlet '': initialization started
2018-12-14 17:35:14.855  INFO 9212 --- [    Test worker] o.s.t.web.servlet.TestDispatcherServlet  : FrameworkServlet '': initialization completed in 0 ms
Hibernate: select chartofacc0_.oaobj as oaobj1_25_0_, chartofacc0_.oacid as oacid2_25_0_, chartofacc0_.oadtin as oadtin3_25_0_, chartofacc0_.oatmin as oatmin4_25_0_, chartofacc0_.oauid as oauid5_25_0_, chartofacc0_.oadtlu as oadtlu6_25_0_, chartofacc0_.oatmlu as oatmlu7_25_0_, chartofacc0_.oauidm as oauidm8_25_0_, chartofacc0_.oablc as oablc9_25_0_, chartofacc0_.oacoid as oacoid10_25_0_, chartofacc0_.oadesb1 as oadesb11_25_0_, chartofacc0_.oadesc1 as oadesc12_25_0_, chartofacc0_.oalod as oalod13_25_0_, chartofacc0_.oapec as oapec14_25_0_ from t0900 chartofacc0_ where chartofacc0_.oaobj=?
2018-12-14 17:35:14.886  INFO 9212 --- [    Test worker] o.s.t.c.transaction.TransactionContext   : Rolled back transaction for test: [DefaultTestContext@714fc464 testClass = ChartOfAccountApiTest, testInstance = ags.goldenlionerp.apiTests.accounting.ChartOfAccountApiTest@39d08b70, testMethod = createTestWithPut@ApiTestBase, testException = [null], mergedContextConfiguration = [WebMergedContextConfiguration@26c0c226 testClass = ChartOfAccountApiTest, locations = '{}', classes = '{class ags.goldenlionerp.GoldenLionErpApplication}', contextInitializerClasses = '[]', activeProfiles = '{}', propertySourceLocations = '{classpath:test.properties}', propertySourceProperties = '{org.springframework.boot.test.context.SpringBootTestContextBootstrapper=true}', contextCustomizers = set[org.springframework.boot.test.autoconfigure.properties.PropertyMappingContextCustomizer@0, org.springframework.boot.test.autoconfigure.web.servlet.WebDriverContextCustomizerFactory$Customizer@636d731e, [ImportsContextCustomizer@60262c21 key = [ags.goldenlionerp.apiTests.ApiTestBase$TestConfig]], org.springframework.boot.test.context.filter.ExcludeFilterContextCustomizer@6afa5291, org.springframework.boot.test.json.DuplicateJsonObjectContextCustomizerFactory$DuplicateJsonObjectContextCustomizer@20cebcb4, org.springframework.boot.test.mock.mockito.MockitoContextCustomizer@0, org.springframework.boot.test.web.client.TestRestTemplateContextCustomizer@49a32273], resourceBasePath = 'src/main/webapp', contextLoader = 'org.springframework.boot.test.context.SpringBootContextLoader', parent = [null]], attributes = map['org.springframework.test.context.web.ServletTestExecutionListener.activateListener' -> true, 'org.springframework.test.context.web.ServletTestExecutionListener.populatedRequestContextHolder' -> true, 'org.springframework.test.context.web.ServletTestExecutionListener.resetRequestContextHolder' -> true]]
2018-12-14 17:35:14.886  INFO 9212 --- [    Test worker] o.s.t.c.transaction.TransactionContext   : Began transaction (1) for test context [DefaultTestContext@714fc464 testClass = ChartOfAccountApiTest, testInstance = ags.goldenlionerp.apiTests.accounting.ChartOfAccountApiTest@701f957a, testMethod = deleteTest@ApiTestBase, testException = [null], mergedContextConfiguration = [WebMergedContextConfiguration@26c0c226 testClass = ChartOfAccountApiTest, locations = '{}', classes = '{class ags.goldenlionerp.GoldenLionErpApplication}', contextInitializerClasses = '[]', activeProfiles = '{}', propertySourceLocations = '{classpath:test.properties}', propertySourceProperties = '{org.springframework.boot.test.context.SpringBootTestContextBootstrapper=true}', contextCustomizers = set[org.springframework.boot.test.autoconfigure.properties.PropertyMappingContextCustomizer@0, org.springframework.boot.test.autoconfigure.web.servlet.WebDriverContextCustomizerFactory$Customizer@636d731e, [ImportsContextCustomizer@60262c21 key = [ags.goldenlionerp.apiTests.ApiTestBase$TestConfig]], org.springframework.boot.test.context.filter.ExcludeFilterContextCustomizer@6afa5291, org.springframework.boot.test.json.DuplicateJsonObjectContextCustomizerFactory$DuplicateJsonObjectContextCustomizer@20cebcb4, org.springframework.boot.test.mock.mockito.MockitoContextCustomizer@0, org.springframework.boot.test.web.client.TestRestTemplateContextCustomizer@49a32273], resourceBasePath = 'src/main/webapp', contextLoader = 'org.springframework.boot.test.context.SpringBootContextLoader', parent = [null]], attributes = map['org.springframework.test.context.web.ServletTestExecutionListener.activateListener' -> true, 'org.springframework.test.context.web.ServletTestExecutionListener.populatedRequestContextHolder' -> true, 'org.springframework.test.context.web.ServletTestExecutionListener.resetRequestContextHolder' -> true]]; transaction manager [org.springframework.orm.jpa.JpaTransactionManager@76f112e2]; rollback [true]
2018-12-14 17:35:14.886  INFO 9212 --- [    Test worker] o.s.b.t.m.w.SpringBootMockServletContext : Initializing Spring FrameworkServlet ''
2018-12-14 17:35:14.886  INFO 9212 --- [    Test worker] o.s.t.web.servlet.TestDispatcherServlet  : FrameworkServlet '': initialization started
2018-12-14 17:35:14.902  INFO 9212 --- [    Test worker] o.s.t.web.servlet.TestDispatcherServlet  : FrameworkServlet '': initialization completed in 16 ms
Hibernate: select chartofacc0_.oaobj as oaobj1_25_0_, chartofacc0_.oacid as oacid2_25_0_, chartofacc0_.oadtin as oadtin3_25_0_, chartofacc0_.oatmin as oatmin4_25_0_, chartofacc0_.oauid as oauid5_25_0_, chartofacc0_.oadtlu as oadtlu6_25_0_, chartofacc0_.oatmlu as oatmlu7_25_0_, chartofacc0_.oauidm as oauidm8_25_0_, chartofacc0_.oablc as oablc9_25_0_, chartofacc0_.oacoid as oacoid10_25_0_, chartofacc0_.oadesb1 as oadesb11_25_0_, chartofacc0_.oadesc1 as oadesc12_25_0_, chartofacc0_.oalod as oalod13_25_0_, chartofacc0_.oapec as oapec14_25_0_ from t0900 chartofacc0_ where chartofacc0_.oaobj=?
Hibernate: select company0_.cncoid as cncoid1_9_0_, company0_.cncid as cncid2_9_0_, company0_.cndtin as cndtin3_9_0_, company0_.cntmin as cntmin4_9_0_, company0_.cnuid as cnuid5_9_0_, company0_.cndtlu as cndtlu6_9_0_, company0_.cntmlu as cntmlu7_9_0_, company0_.cnuidm as cnuidm8_9_0_, company0_.cnanum as cnanum9_9_0_, company0_.cncrcb as cncrcb10_9_0_, company0_.cncap as cncap11_9_0_, company0_.cncfy as cncfy12_9_0_, company0_.cncip as cncip13_9_0_, company0_.cncpp as cncpp14_9_0_, company0_.cncrp as cncrp15_9_0_, company0_.cndesb1 as cndesb16_9_0_, company0_.cnfdp as cnfdp17_9_0_ from t0020 company0_ where company0_.cncoid=?
2018-12-14 17:35:14.918  INFO 9212 --- [    Test worker] o.s.t.c.transaction.TransactionContext   : Rolled back transaction for test: [DefaultTestContext@714fc464 testClass = ChartOfAccountApiTest, testInstance = ags.goldenlionerp.apiTests.accounting.ChartOfAccountApiTest@701f957a, testMethod = deleteTest@ApiTestBase, testException = [null], mergedContextConfiguration = [WebMergedContextConfiguration@26c0c226 testClass = ChartOfAccountApiTest, locations = '{}', classes = '{class ags.goldenlionerp.GoldenLionErpApplication}', contextInitializerClasses = '[]', activeProfiles = '{}', propertySourceLocations = '{classpath:test.properties}', propertySourceProperties = '{org.springframework.boot.test.context.SpringBootTestContextBootstrapper=true}', contextCustomizers = set[org.springframework.boot.test.autoconfigure.properties.PropertyMappingContextCustomizer@0, org.springframework.boot.test.autoconfigure.web.servlet.WebDriverContextCustomizerFactory$Customizer@636d731e, [ImportsContextCustomizer@60262c21 key = [ags.goldenlionerp.apiTests.ApiTestBase$TestConfig]], org.springframework.boot.test.context.filter.ExcludeFilterContextCustomizer@6afa5291, org.springframework.boot.test.json.DuplicateJsonObjectContextCustomizerFactory$DuplicateJsonObjectContextCustomizer@20cebcb4, org.springframework.boot.test.mock.mockito.MockitoContextCustomizer@0, org.springframework.boot.test.web.client.TestRestTemplateContextCustomizer@49a32273], resourceBasePath = 'src/main/webapp', contextLoader = 'org.springframework.boot.test.context.SpringBootContextLoader', parent = [null]], attributes = map['org.springframework.test.context.web.ServletTestExecutionListener.activateListener' -> true, 'org.springframework.test.context.web.ServletTestExecutionListener.populatedRequestContextHolder' -> true, 'org.springframework.test.context.web.ServletTestExecutionListener.resetRequestContextHolder' -> true]]
2018-12-14 17:35:14.933  INFO 9212 --- [    Test worker] o.s.t.c.transaction.TransactionContext   : Began transaction (1) for test context [DefaultTestContext@714fc464 testClass = ChartOfAccountApiTest, testInstance = ags.goldenlionerp.apiTests.accounting.ChartOfAccountApiTest@16b8839, testMethod = createTestWithPost@ApiTestBase, testException = [null], mergedContextConfiguration = [WebMergedContextConfiguration@26c0c226 testClass = ChartOfAccountApiTest, locations = '{}', classes = '{class ags.goldenlionerp.GoldenLionErpApplication}', contextInitializerClasses = '[]', activeProfiles = '{}', propertySourceLocations = '{classpath:test.properties}', propertySourceProperties = '{org.springframework.boot.test.context.SpringBootTestContextBootstrapper=true}', contextCustomizers = set[org.springframework.boot.test.autoconfigure.properties.PropertyMappingContextCustomizer@0, org.springframework.boot.test.autoconfigure.web.servlet.WebDriverContextCustomizerFactory$Customizer@636d731e, [ImportsContextCustomizer@60262c21 key = [ags.goldenlionerp.apiTests.ApiTestBase$TestConfig]], org.springframework.boot.test.context.filter.ExcludeFilterContextCustomizer@6afa5291, org.springframework.boot.test.json.DuplicateJsonObjectContextCustomizerFactory$DuplicateJsonObjectContextCustomizer@20cebcb4, org.springframework.boot.test.mock.mockito.MockitoContextCustomizer@0, org.springframework.boot.test.web.client.TestRestTemplateContextCustomizer@49a32273], resourceBasePath = 'src/main/webapp', contextLoader = 'org.springframework.boot.test.context.SpringBootContextLoader', parent = [null]], attributes = map['org.springframework.test.context.web.ServletTestExecutionListener.activateListener' -> true, 'org.springframework.test.context.web.ServletTestExecutionListener.populatedRequestContextHolder' -> true, 'org.springframework.test.context.web.ServletTestExecutionListener.resetRequestContextHolder' -> true]]; transaction manager [org.springframework.orm.jpa.JpaTransactionManager@76f112e2]; rollback [true]
2018-12-14 17:35:14.933  INFO 9212 --- [    Test worker] o.s.b.t.m.w.SpringBootMockServletContext : Initializing Spring FrameworkServlet ''
2018-12-14 17:35:14.933  INFO 9212 --- [    Test worker] o.s.t.web.servlet.TestDispatcherServlet  : FrameworkServlet '': initialization started
2018-12-14 17:35:14.933  INFO 9212 --- [    Test worker] o.s.t.web.servlet.TestDispatcherServlet  : FrameworkServlet '': initialization completed in 0 ms
Hibernate: select chartofacc0_.oaobj as oaobj1_25_0_, chartofacc0_.oacid as oacid2_25_0_, chartofacc0_.oadtin as oadtin3_25_0_, chartofacc0_.oatmin as oatmin4_25_0_, chartofacc0_.oauid as oauid5_25_0_, chartofacc0_.oadtlu as oadtlu6_25_0_, chartofacc0_.oatmlu as oatmlu7_25_0_, chartofacc0_.oauidm as oauidm8_25_0_, chartofacc0_.oablc as oablc9_25_0_, chartofacc0_.oacoid as oacoid10_25_0_, chartofacc0_.oadesb1 as oadesb11_25_0_, chartofacc0_.oadesc1 as oadesc12_25_0_, chartofacc0_.oalod as oalod13_25_0_, chartofacc0_.oapec as oapec14_25_0_ from t0900 chartofacc0_ where chartofacc0_.oaobj=?
Hibernate: select chartofacc0_.oaobj as oaobj1_25_0_, chartofacc0_.oacid as oacid2_25_0_, chartofacc0_.oadtin as oadtin3_25_0_, chartofacc0_.oatmin as oatmin4_25_0_, chartofacc0_.oauid as oauid5_25_0_, chartofacc0_.oadtlu as oadtlu6_25_0_, chartofacc0_.oatmlu as oatmlu7_25_0_, chartofacc0_.oauidm as oauidm8_25_0_, chartofacc0_.oablc as oablc9_25_0_, chartofacc0_.oacoid as oacoid10_25_0_, chartofacc0_.oadesb1 as oadesb11_25_0_, chartofacc0_.oadesc1 as oadesc12_25_0_, chartofacc0_.oalod as oalod13_25_0_, chartofacc0_.oapec as oapec14_25_0_ from t0900 chartofacc0_ where chartofacc0_.oaobj=?
Hibernate: insert into t0900 (oacid, oadtin, oatmin, oauid, oadtlu, oatmlu, oauidm, oablc, oacoid, oadesb1, oadesc1, oalod, oapec, oaobj) values (?, ?, ?, ?, ?, ?, ?, ?, ?, ?, ?, ?, ?, ?)
Hibernate: select chartofacc0_.oaobj as oaobj1_25_0_, chartofacc0_.oacid as oacid2_25_0_, chartofacc0_.oadtin as oadtin3_25_0_, chartofacc0_.oatmin as oatmin4_25_0_, chartofacc0_.oauid as oauid5_25_0_, chartofacc0_.oadtlu as oadtlu6_25_0_, chartofacc0_.oatmlu as oatmlu7_25_0_, chartofacc0_.oauidm as oauidm8_25_0_, chartofacc0_.oablc as oablc9_25_0_, chartofacc0_.oacoid as oacoid10_25_0_, chartofacc0_.oadesb1 as oadesb11_25_0_, chartofacc0_.oadesc1 as oadesc12_25_0_, chartofacc0_.oalod as oalod13_25_0_, chartofacc0_.oapec as oapec14_25_0_ from t0900 chartofacc0_ where chartofacc0_.oaobj=?
Hibernate: select company0_.cncoid as cncoid1_9_0_, company0_.cncid as cncid2_9_0_, company0_.cndtin as cndtin3_9_0_, company0_.cntmin as cntmin4_9_0_, company0_.cnuid as cnuid5_9_0_, company0_.cndtlu as cndtlu6_9_0_, company0_.cntmlu as cntmlu7_9_0_, company0_.cnuidm as cnuidm8_9_0_, company0_.cnanum as cnanum9_9_0_, company0_.cncrcb as cncrcb10_9_0_, company0_.cncap as cncap11_9_0_, company0_.cncfy as cncfy12_9_0_, company0_.cncip as cncip13_9_0_, company0_.cncpp as cncpp14_9_0_, company0_.cncrp as cncrp15_9_0_, company0_.cndesb1 as cndesb16_9_0_, company0_.cnfdp as cnfdp17_9_0_ from t0020 company0_ where company0_.cncoid=?

MockHttpServletRequest:
      HTTP Method = GET
      Request URI = /api/chartOfAccounts/123456
       Parameters = {}
          Headers = {Accept=[application/json]}
             Body = <no character encoding set>
    Session Attrs = {org.springframework.security.web.csrf.HttpSessionCsrfTokenRepository.CSRF_TOKEN=org.springframework.security.web.csrf.DefaultCsrfToken@294d7eca, SPRING_SECURITY_CONTEXT=org.springframework.security.core.context.SecurityContextImpl@475fcd89: Authentication: org.springframework.security.authentication.UsernamePasswordAuthenticationToken@475fcd89: Principal: org.springframework.security.core.userdetails.User@f02988d6: Username: username; Password: [PROTECTED]; Enabled: true; AccountNonExpired: true; credentialsNonExpired: true; AccountNonLocked: true; Not granted any authorities; Credentials: [PROTECTED]; Authenticated: true; Details: null; Not granted any authorities}

Handler:
             Type = org.springframework.data.rest.webmvc.RepositoryEntityController
           Method = public org.springframework.http.ResponseEntity<org.springframework.hateoas.Resource<?>> org.springframework.data.rest.webmvc.RepositoryEntityController.getItemResource(org.springframework.data.rest.webmvc.RootResourceInformation,java.io.Serializable,org.springframework.data.rest.webmvc.PersistentEntityResourceAssembler,org.springframework.http.HttpHeaders) throws org.springframework.web.HttpRequestMethodNotSupportedException

Async:
    Async started = false
     Async result = null

Resolved Exception:
             Type = null

ModelAndView:
        View name = null
             View = null
            Model = null

FlashMap:
       Attributes = null

MockHttpServletResponse:
           Status = 200
    Error message = null
          Headers = {Content-Type=[application/json;charset=UTF-8], X-Content-Type-Options=[nosniff], X-XSS-Protection=[1; mode=block], Cache-Control=[no-cache, no-store, max-age=0, must-revalidate], Pragma=[no-cache], Expires=[0], X-Frame-Options=[DENY]}
     Content type = application/json;charset=UTF-8
             Body = {
  "inputUserId" : "username",
  "lastUpdateUserId" : "username",
  "computerId" : "username",
  "objectAccountCode" : "123456",
  "companyId" : "00000",
  "description" : "Test",
  "descriptionLong" : "Teeeeesssttt",
  "levelOfDetail" : 5,
  "postingEditCode" : true,
  "balanceType" : "",
  "lastUpdateDateTime" : "2018-12-14T17:35:14",
  "inputDateTime" : "2018-12-14T17:35:14",
  "_links" : {
    "self" : {
      "href" : "http://localhost/api/chartOfAccounts/123456"
    },
    "chartOfAccount" : {
      "href" : "http://localhost/api/chartOfAccounts/123456"
    },
    "company" : {
      "href" : "http://localhost/api/chartOfAccounts/123456/company"
    }
  }
}
    Forwarded URL = null
   Redirected URL = null
          Cookies = []
2018-12-14 17:35:14.980  INFO 9212 --- [    Test worker] o.s.t.c.transaction.TransactionContext   : Rolled back transaction for test: [DefaultTestContext@714fc464 testClass = ChartOfAccountApiTest, testInstance = ags.goldenlionerp.apiTests.accounting.ChartOfAccountApiTest@16b8839, testMethod = createTestWithPost@ApiTestBase, testException = [null], mergedContextConfiguration = [WebMergedContextConfiguration@26c0c226 testClass = ChartOfAccountApiTest, locations = '{}', classes = '{class ags.goldenlionerp.GoldenLionErpApplication}', contextInitializerClasses = '[]', activeProfiles = '{}', propertySourceLocations = '{classpath:test.properties}', propertySourceProperties = '{org.springframework.boot.test.context.SpringBootTestContextBootstrapper=true}', contextCustomizers = set[org.springframework.boot.test.autoconfigure.properties.PropertyMappingContextCustomizer@0, org.springframework.boot.test.autoconfigure.web.servlet.WebDriverContextCustomizerFactory$Customizer@636d731e, [ImportsContextCustomizer@60262c21 key = [ags.goldenlionerp.apiTests.ApiTestBase$TestConfig]], org.springframework.boot.test.context.filter.ExcludeFilterContextCustomizer@6afa5291, org.springframework.boot.test.json.DuplicateJsonObjectContextCustomizerFactory$DuplicateJsonObjectContextCustomizer@20cebcb4, org.springframework.boot.test.mock.mockito.MockitoContextCustomizer@0, org.springframework.boot.test.web.client.TestRestTemplateContextCustomizer@49a32273], resourceBasePath = 'src/main/webapp', contextLoader = 'org.springframework.boot.test.context.SpringBootContextLoader', parent = [null]], attributes = map['org.springframework.test.context.web.ServletTestExecutionListener.activateListener' -> true, 'org.springframework.test.context.web.ServletTestExecutionListener.populatedRequestContextHolder' -> true, 'org.springframework.test.context.web.ServletTestExecutionListener.resetRequestContextHolder' -> true]]
]]></system-out>
  <system-err><![CDATA[]]></system-err>
</testsuite>
