<?xml version="1.0" encoding="UTF-8"?>
<testsuite name="ags.goldenlionerp.apiTests.setups.TaxRuleApiTest" tests="7" skipped="0" failures="0" errors="0" timestamp="2018-12-14T10:35:59" hostname="LAPTOP-FHFRCCL6" time="0.515">
  <properties/>
  <testcase name="updateTestWithPut" classname="ags.goldenlionerp.apiTests.setups.TaxRuleApiTest" time="0.346"/>
  <testcase name="getTestSingle" classname="ags.goldenlionerp.apiTests.setups.TaxRuleApiTest" time="0.019"/>
  <testcase name="updateTestWithPatch" classname="ags.goldenlionerp.apiTests.setups.TaxRuleApiTest" time="0.05"/>
  <testcase name="getTestCollection" classname="ags.goldenlionerp.apiTests.setups.TaxRuleApiTest" time="0.02"/>
  <testcase name="createTestWithPut" classname="ags.goldenlionerp.apiTests.setups.TaxRuleApiTest" time="0.016"/>
  <testcase name="deleteTest" classname="ags.goldenlionerp.apiTests.setups.TaxRuleApiTest" time="0.025"/>
  <testcase name="createTestWithPost" classname="ags.goldenlionerp.apiTests.setups.TaxRuleApiTest" time="0.037"/>
  <system-out><![CDATA[2018-12-14 17:35:59.174  INFO 9212 --- [    Test worker] .b.t.c.SpringBootTestContextBootstrapper : Neither @ContextConfiguration nor @ContextHierarchy found for test class [ags.goldenlionerp.apiTests.setups.TaxRuleApiTest], using SpringBootContextLoader
2018-12-14 17:35:59.174  INFO 9212 --- [    Test worker] o.s.t.c.support.AbstractContextLoader    : Could not detect default resource locations for test class [ags.goldenlionerp.apiTests.setups.TaxRuleApiTest]: no resource found for suffixes {-context.xml, Context.groovy}.
2018-12-14 17:35:59.174  INFO 9212 --- [    Test worker] t.c.s.AnnotationConfigContextLoaderUtils : Could not detect default configuration classes for test class [ags.goldenlionerp.apiTests.setups.TaxRuleApiTest]: TaxRuleApiTest does not declare any static, non-private, non-final, nested classes annotated with @Configuration.
2018-12-14 17:35:59.174  INFO 9212 --- [    Test worker] .b.t.c.SpringBootTestContextBootstrapper : Found @SpringBootConfiguration ags.goldenlionerp.GoldenLionErpApplication for test class ags.goldenlionerp.apiTests.setups.TaxRuleApiTest
2018-12-14 17:35:59.174  INFO 9212 --- [    Test worker] .b.t.c.SpringBootTestContextBootstrapper : Loaded default TestExecutionListener class names from location [META-INF/spring.factories]: [org.springframework.security.test.context.support.WithSecurityContextTestExecutionListener, org.springframework.security.test.context.support.ReactorContextTestExecutionListener, org.springframework.boot.test.autoconfigure.restdocs.RestDocsTestExecutionListener, org.springframework.boot.test.autoconfigure.web.client.MockRestServiceServerResetTestExecutionListener, org.springframework.boot.test.autoconfigure.web.servlet.MockMvcPrintOnlyOnFailureTestExecutionListener, org.springframework.boot.test.autoconfigure.web.servlet.WebDriverTestExecutionListener, org.springframework.boot.test.mock.mockito.MockitoTestExecutionListener, org.springframework.boot.test.mock.mockito.ResetMocksTestExecutionListener, org.springframework.test.context.web.ServletTestExecutionListener, org.springframework.test.context.support.DirtiesContextBeforeModesTestExecutionListener, org.springframework.test.context.support.DependencyInjectionTestExecutionListener, org.springframework.test.context.support.DirtiesContextTestExecutionListener, org.springframework.test.context.transaction.TransactionalTestExecutionListener, org.springframework.test.context.jdbc.SqlScriptsTestExecutionListener]
2018-12-14 17:35:59.174  INFO 9212 --- [    Test worker] .b.t.c.SpringBootTestContextBootstrapper : Using TestExecutionListeners: [org.springframework.test.context.web.ServletTestExecutionListener@2f8d9633, org.springframework.test.context.support.DirtiesContextBeforeModesTestExecutionListener@32411d7a, org.springframework.boot.test.mock.mockito.MockitoTestExecutionListener@562f074d, org.springframework.boot.test.autoconfigure.SpringBootDependencyInjectionTestExecutionListener@246055e7, org.springframework.test.context.support.DirtiesContextTestExecutionListener@679f6356, org.springframework.test.context.transaction.TransactionalTestExecutionListener@5d8f1812, org.springframework.test.context.jdbc.SqlScriptsTestExecutionListener@73346981, org.springframework.security.test.context.support.WithSecurityContextTestExecutionListener@55ddd56d, org.springframework.security.test.context.support.ReactorContextTestExecutionListener@49449953, org.springframework.boot.test.autoconfigure.restdocs.RestDocsTestExecutionListener@6c2e47e1, org.springframework.boot.test.autoconfigure.web.client.MockRestServiceServerResetTestExecutionListener@3c064384, org.springframework.boot.test.autoconfigure.web.servlet.MockMvcPrintOnlyOnFailureTestExecutionListener@74b9fd4, org.springframework.boot.test.autoconfigure.web.servlet.WebDriverTestExecutionListener@6a28006f, org.springframework.boot.test.mock.mockito.ResetMocksTestExecutionListener@74a75384]
2018-12-14 17:35:59.174  INFO 9212 --- [    Test worker] o.s.t.c.transaction.TransactionContext   : Began transaction (1) for test context [DefaultTestContext@26debf34 testClass = TaxRuleApiTest, testInstance = ags.goldenlionerp.apiTests.setups.TaxRuleApiTest@6a451dd4, testMethod = updateTestWithPut@ApiTestBase, testException = [null], mergedContextConfiguration = [WebMergedContextConfiguration@6c6293c testClass = TaxRuleApiTest, locations = '{}', classes = '{class ags.goldenlionerp.GoldenLionErpApplication}', contextInitializerClasses = '[]', activeProfiles = '{}', propertySourceLocations = '{classpath:test.properties}', propertySourceProperties = '{org.springframework.boot.test.context.SpringBootTestContextBootstrapper=true}', contextCustomizers = set[org.springframework.boot.test.autoconfigure.properties.PropertyMappingContextCustomizer@0, org.springframework.boot.test.autoconfigure.web.servlet.WebDriverContextCustomizerFactory$Customizer@636d731e, [ImportsContextCustomizer@e189061 key = [ags.goldenlionerp.apiTests.ApiTestBase$TestConfig]], org.springframework.boot.test.context.filter.ExcludeFilterContextCustomizer@6afa5291, org.springframework.boot.test.json.DuplicateJsonObjectContextCustomizerFactory$DuplicateJsonObjectContextCustomizer@20cebcb4, org.springframework.boot.test.mock.mockito.MockitoContextCustomizer@0, org.springframework.boot.test.web.client.TestRestTemplateContextCustomizer@49a32273], resourceBasePath = 'src/main/webapp', contextLoader = 'org.springframework.boot.test.context.SpringBootContextLoader', parent = [null]], attributes = map['org.springframework.test.context.web.ServletTestExecutionListener.activateListener' -> true, 'org.springframework.test.context.web.ServletTestExecutionListener.populatedRequestContextHolder' -> true, 'org.springframework.test.context.web.ServletTestExecutionListener.resetRequestContextHolder' -> true]]; transaction manager [org.springframework.orm.jpa.JpaTransactionManager@76f112e2]; rollback [true]
2018-12-14 17:35:59.174  INFO 9212 --- [    Test worker] o.s.b.t.m.w.SpringBootMockServletContext : Initializing Spring FrameworkServlet ''
2018-12-14 17:35:59.174  INFO 9212 --- [    Test worker] o.s.t.web.servlet.TestDispatcherServlet  : FrameworkServlet '': initialization started
2018-12-14 17:35:59.189  INFO 9212 --- [    Test worker] o.s.t.web.servlet.TestDispatcherServlet  : FrameworkServlet '': initialization completed in 15 ms
Hibernate: select taxrule0_.tsefdt as tsefdt1_12_0_, taxrule0_.tstaxcd as tstaxcd2_12_0_, taxrule0_.tscid as tscid3_12_0_, taxrule0_.tsdtin as tsdtin4_12_0_, taxrule0_.tstmin as tstmin5_12_0_, taxrule0_.tsuid as tsuid6_12_0_, taxrule0_.tsdtlu as tsdtlu7_12_0_, taxrule0_.tstmlu as tstmlu8_12_0_, taxrule0_.tsuidm as tsuidm9_12_0_, taxrule0_.tsdesb1 as tsdesb10_12_0_, taxrule0_.tsdocty as tsdocty11_12_0_, taxrule0_.tsexpdt as tsexpdt12_12_0_, taxrule0_.tstaxal as tstaxal13_12_0_, taxrule0_.tstaxau1 as tstaxau14_12_0_, taxrule0_.tstaxau2 as tstaxau15_12_0_, taxrule0_.tstaxau3 as tstaxau16_12_0_, taxrule0_.tstaxau4 as tstaxau17_12_0_, taxrule0_.tstaxau5 as tstaxau18_12_0_, taxrule0_.tstaxcl1 as tstaxcl19_12_0_, taxrule0_.tstaxcl2 as tstaxcl20_12_0_, taxrule0_.tstaxcl3 as tstaxcl21_12_0_, taxrule0_.tstaxcl4 as tstaxcl22_12_0_, taxrule0_.tstaxcl5 as tstaxcl23_12_0_, taxrule0_.tspcn01 as tspcn24_12_0_, taxrule0_.tspcn02 as tspcn25_12_0_, taxrule0_.tspcn03 as tspcn26_12_0_, taxrule0_.tspcn04 as tspcn27_12_0_, taxrule0_.tspcn05 as tspcn28_12_0_ from t0025 taxrule0_ where taxrule0_.tsefdt=? and taxrule0_.tstaxcd=?
2018-12-14 17:35:59.533  INFO 9212 --- [    Test worker] o.s.t.c.transaction.TransactionContext   : Rolled back transaction for test: [DefaultTestContext@26debf34 testClass = TaxRuleApiTest, testInstance = ags.goldenlionerp.apiTests.setups.TaxRuleApiTest@6a451dd4, testMethod = updateTestWithPut@ApiTestBase, testException = [null], mergedContextConfiguration = [WebMergedContextConfiguration@6c6293c testClass = TaxRuleApiTest, locations = '{}', classes = '{class ags.goldenlionerp.GoldenLionErpApplication}', contextInitializerClasses = '[]', activeProfiles = '{}', propertySourceLocations = '{classpath:test.properties}', propertySourceProperties = '{org.springframework.boot.test.context.SpringBootTestContextBootstrapper=true}', contextCustomizers = set[org.springframework.boot.test.autoconfigure.properties.PropertyMappingContextCustomizer@0, org.springframework.boot.test.autoconfigure.web.servlet.WebDriverContextCustomizerFactory$Customizer@636d731e, [ImportsContextCustomizer@e189061 key = [ags.goldenlionerp.apiTests.ApiTestBase$TestConfig]], org.springframework.boot.test.context.filter.ExcludeFilterContextCustomizer@6afa5291, org.springframework.boot.test.json.DuplicateJsonObjectContextCustomizerFactory$DuplicateJsonObjectContextCustomizer@20cebcb4, org.springframework.boot.test.mock.mockito.MockitoContextCustomizer@0, org.springframework.boot.test.web.client.TestRestTemplateContextCustomizer@49a32273], resourceBasePath = 'src/main/webapp', contextLoader = 'org.springframework.boot.test.context.SpringBootContextLoader', parent = [null]], attributes = map['org.springframework.test.context.web.ServletTestExecutionListener.activateListener' -> true, 'org.springframework.test.context.web.ServletTestExecutionListener.populatedRequestContextHolder' -> true, 'org.springframework.test.context.web.ServletTestExecutionListener.resetRequestContextHolder' -> true]]
2018-12-14 17:35:59.533  INFO 9212 --- [    Test worker] o.s.t.c.transaction.TransactionContext   : Began transaction (1) for test context [DefaultTestContext@26debf34 testClass = TaxRuleApiTest, testInstance = ags.goldenlionerp.apiTests.setups.TaxRuleApiTest@2f915129, testMethod = getTestSingle@ApiTestBase, testException = [null], mergedContextConfiguration = [WebMergedContextConfiguration@6c6293c testClass = TaxRuleApiTest, locations = '{}', classes = '{class ags.goldenlionerp.GoldenLionErpApplication}', contextInitializerClasses = '[]', activeProfiles = '{}', propertySourceLocations = '{classpath:test.properties}', propertySourceProperties = '{org.springframework.boot.test.context.SpringBootTestContextBootstrapper=true}', contextCustomizers = set[org.springframework.boot.test.autoconfigure.properties.PropertyMappingContextCustomizer@0, org.springframework.boot.test.autoconfigure.web.servlet.WebDriverContextCustomizerFactory$Customizer@636d731e, [ImportsContextCustomizer@e189061 key = [ags.goldenlionerp.apiTests.ApiTestBase$TestConfig]], org.springframework.boot.test.context.filter.ExcludeFilterContextCustomizer@6afa5291, org.springframework.boot.test.json.DuplicateJsonObjectContextCustomizerFactory$DuplicateJsonObjectContextCustomizer@20cebcb4, org.springframework.boot.test.mock.mockito.MockitoContextCustomizer@0, org.springframework.boot.test.web.client.TestRestTemplateContextCustomizer@49a32273], resourceBasePath = 'src/main/webapp', contextLoader = 'org.springframework.boot.test.context.SpringBootContextLoader', parent = [null]], attributes = map['org.springframework.test.context.web.ServletTestExecutionListener.activateListener' -> true, 'org.springframework.test.context.web.ServletTestExecutionListener.populatedRequestContextHolder' -> true, 'org.springframework.test.context.web.ServletTestExecutionListener.resetRequestContextHolder' -> true]]; transaction manager [org.springframework.orm.jpa.JpaTransactionManager@76f112e2]; rollback [true]
2018-12-14 17:35:59.533  INFO 9212 --- [    Test worker] o.s.b.t.m.w.SpringBootMockServletContext : Initializing Spring FrameworkServlet ''
2018-12-14 17:35:59.533  INFO 9212 --- [    Test worker] o.s.t.web.servlet.TestDispatcherServlet  : FrameworkServlet '': initialization started
2018-12-14 17:35:59.533  INFO 9212 --- [    Test worker] o.s.t.web.servlet.TestDispatcherServlet  : FrameworkServlet '': initialization completed in 0 ms
Hibernate: select taxrule0_.tsefdt as tsefdt1_12_0_, taxrule0_.tstaxcd as tstaxcd2_12_0_, taxrule0_.tscid as tscid3_12_0_, taxrule0_.tsdtin as tsdtin4_12_0_, taxrule0_.tstmin as tstmin5_12_0_, taxrule0_.tsuid as tsuid6_12_0_, taxrule0_.tsdtlu as tsdtlu7_12_0_, taxrule0_.tstmlu as tstmlu8_12_0_, taxrule0_.tsuidm as tsuidm9_12_0_, taxrule0_.tsdesb1 as tsdesb10_12_0_, taxrule0_.tsdocty as tsdocty11_12_0_, taxrule0_.tsexpdt as tsexpdt12_12_0_, taxrule0_.tstaxal as tstaxal13_12_0_, taxrule0_.tstaxau1 as tstaxau14_12_0_, taxrule0_.tstaxau2 as tstaxau15_12_0_, taxrule0_.tstaxau3 as tstaxau16_12_0_, taxrule0_.tstaxau4 as tstaxau17_12_0_, taxrule0_.tstaxau5 as tstaxau18_12_0_, taxrule0_.tstaxcl1 as tstaxcl19_12_0_, taxrule0_.tstaxcl2 as tstaxcl20_12_0_, taxrule0_.tstaxcl3 as tstaxcl21_12_0_, taxrule0_.tstaxcl4 as tstaxcl22_12_0_, taxrule0_.tstaxcl5 as tstaxcl23_12_0_, taxrule0_.tspcn01 as tspcn24_12_0_, taxrule0_.tspcn02 as tspcn25_12_0_, taxrule0_.tspcn03 as tspcn26_12_0_, taxrule0_.tspcn04 as tspcn27_12_0_, taxrule0_.tspcn05 as tspcn28_12_0_ from t0025 taxrule0_ where taxrule0_.tsefdt=? and taxrule0_.tstaxcd=?
2018-12-14 17:35:59.549  INFO 9212 --- [    Test worker] o.s.t.c.transaction.TransactionContext   : Rolled back transaction for test: [DefaultTestContext@26debf34 testClass = TaxRuleApiTest, testInstance = ags.goldenlionerp.apiTests.setups.TaxRuleApiTest@2f915129, testMethod = getTestSingle@ApiTestBase, testException = [null], mergedContextConfiguration = [WebMergedContextConfiguration@6c6293c testClass = TaxRuleApiTest, locations = '{}', classes = '{class ags.goldenlionerp.GoldenLionErpApplication}', contextInitializerClasses = '[]', activeProfiles = '{}', propertySourceLocations = '{classpath:test.properties}', propertySourceProperties = '{org.springframework.boot.test.context.SpringBootTestContextBootstrapper=true}', contextCustomizers = set[org.springframework.boot.test.autoconfigure.properties.PropertyMappingContextCustomizer@0, org.springframework.boot.test.autoconfigure.web.servlet.WebDriverContextCustomizerFactory$Customizer@636d731e, [ImportsContextCustomizer@e189061 key = [ags.goldenlionerp.apiTests.ApiTestBase$TestConfig]], org.springframework.boot.test.context.filter.ExcludeFilterContextCustomizer@6afa5291, org.springframework.boot.test.json.DuplicateJsonObjectContextCustomizerFactory$DuplicateJsonObjectContextCustomizer@20cebcb4, org.springframework.boot.test.mock.mockito.MockitoContextCustomizer@0, org.springframework.boot.test.web.client.TestRestTemplateContextCustomizer@49a32273], resourceBasePath = 'src/main/webapp', contextLoader = 'org.springframework.boot.test.context.SpringBootContextLoader', parent = [null]], attributes = map['org.springframework.test.context.web.ServletTestExecutionListener.activateListener' -> true, 'org.springframework.test.context.web.ServletTestExecutionListener.populatedRequestContextHolder' -> true, 'org.springframework.test.context.web.ServletTestExecutionListener.resetRequestContextHolder' -> true]]
2018-12-14 17:35:59.549  INFO 9212 --- [    Test worker] o.s.t.c.transaction.TransactionContext   : Began transaction (1) for test context [DefaultTestContext@26debf34 testClass = TaxRuleApiTest, testInstance = ags.goldenlionerp.apiTests.setups.TaxRuleApiTest@162211a9, testMethod = updateTestWithPatch@ApiTestBase, testException = [null], mergedContextConfiguration = [WebMergedContextConfiguration@6c6293c testClass = TaxRuleApiTest, locations = '{}', classes = '{class ags.goldenlionerp.GoldenLionErpApplication}', contextInitializerClasses = '[]', activeProfiles = '{}', propertySourceLocations = '{classpath:test.properties}', propertySourceProperties = '{org.springframework.boot.test.context.SpringBootTestContextBootstrapper=true}', contextCustomizers = set[org.springframework.boot.test.autoconfigure.properties.PropertyMappingContextCustomizer@0, org.springframework.boot.test.autoconfigure.web.servlet.WebDriverContextCustomizerFactory$Customizer@636d731e, [ImportsContextCustomizer@e189061 key = [ags.goldenlionerp.apiTests.ApiTestBase$TestConfig]], org.springframework.boot.test.context.filter.ExcludeFilterContextCustomizer@6afa5291, org.springframework.boot.test.json.DuplicateJsonObjectContextCustomizerFactory$DuplicateJsonObjectContextCustomizer@20cebcb4, org.springframework.boot.test.mock.mockito.MockitoContextCustomizer@0, org.springframework.boot.test.web.client.TestRestTemplateContextCustomizer@49a32273], resourceBasePath = 'src/main/webapp', contextLoader = 'org.springframework.boot.test.context.SpringBootContextLoader', parent = [null]], attributes = map['org.springframework.test.context.web.ServletTestExecutionListener.activateListener' -> true, 'org.springframework.test.context.web.ServletTestExecutionListener.populatedRequestContextHolder' -> true, 'org.springframework.test.context.web.ServletTestExecutionListener.resetRequestContextHolder' -> true]]; transaction manager [org.springframework.orm.jpa.JpaTransactionManager@76f112e2]; rollback [true]
2018-12-14 17:35:59.549  INFO 9212 --- [    Test worker] o.s.b.t.m.w.SpringBootMockServletContext : Initializing Spring FrameworkServlet ''
2018-12-14 17:35:59.549  INFO 9212 --- [    Test worker] o.s.t.web.servlet.TestDispatcherServlet  : FrameworkServlet '': initialization started
2018-12-14 17:35:59.549  INFO 9212 --- [    Test worker] o.s.t.web.servlet.TestDispatcherServlet  : FrameworkServlet '': initialization completed in 0 ms
Hibernate: select taxrule0_.tsefdt as tsefdt1_12_0_, taxrule0_.tstaxcd as tstaxcd2_12_0_, taxrule0_.tscid as tscid3_12_0_, taxrule0_.tsdtin as tsdtin4_12_0_, taxrule0_.tstmin as tstmin5_12_0_, taxrule0_.tsuid as tsuid6_12_0_, taxrule0_.tsdtlu as tsdtlu7_12_0_, taxrule0_.tstmlu as tstmlu8_12_0_, taxrule0_.tsuidm as tsuidm9_12_0_, taxrule0_.tsdesb1 as tsdesb10_12_0_, taxrule0_.tsdocty as tsdocty11_12_0_, taxrule0_.tsexpdt as tsexpdt12_12_0_, taxrule0_.tstaxal as tstaxal13_12_0_, taxrule0_.tstaxau1 as tstaxau14_12_0_, taxrule0_.tstaxau2 as tstaxau15_12_0_, taxrule0_.tstaxau3 as tstaxau16_12_0_, taxrule0_.tstaxau4 as tstaxau17_12_0_, taxrule0_.tstaxau5 as tstaxau18_12_0_, taxrule0_.tstaxcl1 as tstaxcl19_12_0_, taxrule0_.tstaxcl2 as tstaxcl20_12_0_, taxrule0_.tstaxcl3 as tstaxcl21_12_0_, taxrule0_.tstaxcl4 as tstaxcl22_12_0_, taxrule0_.tstaxcl5 as tstaxcl23_12_0_, taxrule0_.tspcn01 as tspcn24_12_0_, taxrule0_.tspcn02 as tspcn25_12_0_, taxrule0_.tspcn03 as tspcn26_12_0_, taxrule0_.tspcn04 as tspcn27_12_0_, taxrule0_.tspcn05 as tspcn28_12_0_ from t0025 taxrule0_ where taxrule0_.tsefdt=? and taxrule0_.tstaxcd=?
Hibernate: update t0025 set tscid=?, tsdtlu=?, tstmlu=?, tsuidm=?, tsdesb1=?, tsdocty=?, tsexpdt=?, tstaxal=?, tstaxau1=?, tstaxau2=?, tstaxau3=?, tstaxau4=?, tstaxau5=?, tstaxcl1=?, tstaxcl2=?, tstaxcl3=?, tstaxcl4=?, tstaxcl5=?, tspcn01=?, tspcn02=?, tspcn03=?, tspcn04=?, tspcn05=? where tsefdt=? and tstaxcd=?
Hibernate: select taxrule0_.tsefdt as tsefdt1_12_0_, taxrule0_.tstaxcd as tstaxcd2_12_0_, taxrule0_.tscid as tscid3_12_0_, taxrule0_.tsdtin as tsdtin4_12_0_, taxrule0_.tstmin as tstmin5_12_0_, taxrule0_.tsuid as tsuid6_12_0_, taxrule0_.tsdtlu as tsdtlu7_12_0_, taxrule0_.tstmlu as tstmlu8_12_0_, taxrule0_.tsuidm as tsuidm9_12_0_, taxrule0_.tsdesb1 as tsdesb10_12_0_, taxrule0_.tsdocty as tsdocty11_12_0_, taxrule0_.tsexpdt as tsexpdt12_12_0_, taxrule0_.tstaxal as tstaxal13_12_0_, taxrule0_.tstaxau1 as tstaxau14_12_0_, taxrule0_.tstaxau2 as tstaxau15_12_0_, taxrule0_.tstaxau3 as tstaxau16_12_0_, taxrule0_.tstaxau4 as tstaxau17_12_0_, taxrule0_.tstaxau5 as tstaxau18_12_0_, taxrule0_.tstaxcl1 as tstaxcl19_12_0_, taxrule0_.tstaxcl2 as tstaxcl20_12_0_, taxrule0_.tstaxcl3 as tstaxcl21_12_0_, taxrule0_.tstaxcl4 as tstaxcl22_12_0_, taxrule0_.tstaxcl5 as tstaxcl23_12_0_, taxrule0_.tspcn01 as tspcn24_12_0_, taxrule0_.tspcn02 as tspcn25_12_0_, taxrule0_.tspcn03 as tspcn26_12_0_, taxrule0_.tspcn04 as tspcn27_12_0_, taxrule0_.tspcn05 as tspcn28_12_0_ from t0025 taxrule0_ where taxrule0_.tsefdt=? and taxrule0_.tstaxcd=?
2018-12-14 17:35:59.596  INFO 9212 --- [    Test worker] o.s.t.c.transaction.TransactionContext   : Rolled back transaction for test: [DefaultTestContext@26debf34 testClass = TaxRuleApiTest, testInstance = ags.goldenlionerp.apiTests.setups.TaxRuleApiTest@162211a9, testMethod = updateTestWithPatch@ApiTestBase, testException = [null], mergedContextConfiguration = [WebMergedContextConfiguration@6c6293c testClass = TaxRuleApiTest, locations = '{}', classes = '{class ags.goldenlionerp.GoldenLionErpApplication}', contextInitializerClasses = '[]', activeProfiles = '{}', propertySourceLocations = '{classpath:test.properties}', propertySourceProperties = '{org.springframework.boot.test.context.SpringBootTestContextBootstrapper=true}', contextCustomizers = set[org.springframework.boot.test.autoconfigure.properties.PropertyMappingContextCustomizer@0, org.springframework.boot.test.autoconfigure.web.servlet.WebDriverContextCustomizerFactory$Customizer@636d731e, [ImportsContextCustomizer@e189061 key = [ags.goldenlionerp.apiTests.ApiTestBase$TestConfig]], org.springframework.boot.test.context.filter.ExcludeFilterContextCustomizer@6afa5291, org.springframework.boot.test.json.DuplicateJsonObjectContextCustomizerFactory$DuplicateJsonObjectContextCustomizer@20cebcb4, org.springframework.boot.test.mock.mockito.MockitoContextCustomizer@0, org.springframework.boot.test.web.client.TestRestTemplateContextCustomizer@49a32273], resourceBasePath = 'src/main/webapp', contextLoader = 'org.springframework.boot.test.context.SpringBootContextLoader', parent = [null]], attributes = map['org.springframework.test.context.web.ServletTestExecutionListener.activateListener' -> true, 'org.springframework.test.context.web.ServletTestExecutionListener.populatedRequestContextHolder' -> true, 'org.springframework.test.context.web.ServletTestExecutionListener.resetRequestContextHolder' -> true]]
2018-12-14 17:35:59.596  INFO 9212 --- [    Test worker] o.s.t.c.transaction.TransactionContext   : Began transaction (1) for test context [DefaultTestContext@26debf34 testClass = TaxRuleApiTest, testInstance = ags.goldenlionerp.apiTests.setups.TaxRuleApiTest@5973ee96, testMethod = getTestCollection@ApiTestBase, testException = [null], mergedContextConfiguration = [WebMergedContextConfiguration@6c6293c testClass = TaxRuleApiTest, locations = '{}', classes = '{class ags.goldenlionerp.GoldenLionErpApplication}', contextInitializerClasses = '[]', activeProfiles = '{}', propertySourceLocations = '{classpath:test.properties}', propertySourceProperties = '{org.springframework.boot.test.context.SpringBootTestContextBootstrapper=true}', contextCustomizers = set[org.springframework.boot.test.autoconfigure.properties.PropertyMappingContextCustomizer@0, org.springframework.boot.test.autoconfigure.web.servlet.WebDriverContextCustomizerFactory$Customizer@636d731e, [ImportsContextCustomizer@e189061 key = [ags.goldenlionerp.apiTests.ApiTestBase$TestConfig]], org.springframework.boot.test.context.filter.ExcludeFilterContextCustomizer@6afa5291, org.springframework.boot.test.json.DuplicateJsonObjectContextCustomizerFactory$DuplicateJsonObjectContextCustomizer@20cebcb4, org.springframework.boot.test.mock.mockito.MockitoContextCustomizer@0, org.springframework.boot.test.web.client.TestRestTemplateContextCustomizer@49a32273], resourceBasePath = 'src/main/webapp', contextLoader = 'org.springframework.boot.test.context.SpringBootContextLoader', parent = [null]], attributes = map['org.springframework.test.context.web.ServletTestExecutionListener.activateListener' -> true, 'org.springframework.test.context.web.ServletTestExecutionListener.populatedRequestContextHolder' -> true, 'org.springframework.test.context.web.ServletTestExecutionListener.resetRequestContextHolder' -> true]]; transaction manager [org.springframework.orm.jpa.JpaTransactionManager@76f112e2]; rollback [true]
2018-12-14 17:35:59.596  INFO 9212 --- [    Test worker] o.s.b.t.m.w.SpringBootMockServletContext : Initializing Spring FrameworkServlet ''
2018-12-14 17:35:59.596  INFO 9212 --- [    Test worker] o.s.t.web.servlet.TestDispatcherServlet  : FrameworkServlet '': initialization started
2018-12-14 17:35:59.596  INFO 9212 --- [    Test worker] o.s.t.web.servlet.TestDispatcherServlet  : FrameworkServlet '': initialization completed in 0 ms
Hibernate: select taxrule0_.tsefdt as tsefdt1_12_, taxrule0_.tstaxcd as tstaxcd2_12_, taxrule0_.tscid as tscid3_12_, taxrule0_.tsdtin as tsdtin4_12_, taxrule0_.tstmin as tstmin5_12_, taxrule0_.tsuid as tsuid6_12_, taxrule0_.tsdtlu as tsdtlu7_12_, taxrule0_.tstmlu as tstmlu8_12_, taxrule0_.tsuidm as tsuidm9_12_, taxrule0_.tsdesb1 as tsdesb10_12_, taxrule0_.tsdocty as tsdocty11_12_, taxrule0_.tsexpdt as tsexpdt12_12_, taxrule0_.tstaxal as tstaxal13_12_, taxrule0_.tstaxau1 as tstaxau14_12_, taxrule0_.tstaxau2 as tstaxau15_12_, taxrule0_.tstaxau3 as tstaxau16_12_, taxrule0_.tstaxau4 as tstaxau17_12_, taxrule0_.tstaxau5 as tstaxau18_12_, taxrule0_.tstaxcl1 as tstaxcl19_12_, taxrule0_.tstaxcl2 as tstaxcl20_12_, taxrule0_.tstaxcl3 as tstaxcl21_12_, taxrule0_.tstaxcl4 as tstaxcl22_12_, taxrule0_.tstaxcl5 as tstaxcl23_12_, taxrule0_.tspcn01 as tspcn24_12_, taxrule0_.tspcn02 as tspcn25_12_, taxrule0_.tspcn03 as tspcn26_12_, taxrule0_.tspcn04 as tspcn27_12_, taxrule0_.tspcn05 as tspcn28_12_ from t0025 taxrule0_

MockHttpServletRequest:
      HTTP Method = GET
      Request URI = /api/taxRules/
       Parameters = {}
          Headers = {Accept=[application/json]}
             Body = <no character encoding set>
    Session Attrs = {org.springframework.security.web.csrf.HttpSessionCsrfTokenRepository.CSRF_TOKEN=org.springframework.security.web.csrf.DefaultCsrfToken@78cf45cc, SPRING_SECURITY_CONTEXT=org.springframework.security.core.context.SecurityContextImpl@475fcd89: Authentication: org.springframework.security.authentication.UsernamePasswordAuthenticationToken@475fcd89: Principal: org.springframework.security.core.userdetails.User@f02988d6: Username: username; Password: [PROTECTED]; Enabled: true; AccountNonExpired: true; credentialsNonExpired: true; AccountNonLocked: true; Not granted any authorities; Credentials: [PROTECTED]; Authenticated: true; Details: null; Not granted any authorities}

Handler:
             Type = org.springframework.data.rest.webmvc.RepositoryEntityController
           Method = public org.springframework.hateoas.Resources<?> org.springframework.data.rest.webmvc.RepositoryEntityController.getCollectionResource(org.springframework.data.rest.webmvc.RootResourceInformation,org.springframework.data.rest.webmvc.support.DefaultedPageable,org.springframework.data.domain.Sort,org.springframework.data.rest.webmvc.PersistentEntityResourceAssembler) throws org.springframework.data.rest.webmvc.ResourceNotFoundException,org.springframework.web.HttpRequestMethodNotSupportedException

Async:
    Async started = false
     Async result = null

Resolved Exception:
             Type = null

ModelAndView:
        View name = null
             View = null
            Model = null

FlashMap:
       Attributes = null

MockHttpServletResponse:
           Status = 200
    Error message = null
          Headers = {Content-Type=[application/json;charset=UTF-8], X-Content-Type-Options=[nosniff], X-XSS-Protection=[1; mode=block], Cache-Control=[no-cache, no-store, max-age=0, must-revalidate], Pragma=[no-cache], Expires=[0], X-Frame-Options=[DENY]}
     Content type = application/json;charset=UTF-8
             Body = {
  "_embedded" : {
    "taxRules" : [ {
      "inputUserId" : "",
      "lastUpdateUserId" : "",
      "computerId" : "",
      "taxCode" : "INCL",
      "effectiveDate" : "2009-01-01",
      "expiredDate" : "2025-04-01",
      "description" : "Harga Include PPn",
      "taxAuthority1" : "",
      "taxClass1" : "",
      "taxPercentage1" : 10.00000,
      "taxAuthority2" : "",
      "taxClass2" : "",
      "taxPercentage2" : 0.00000,
      "taxAuthority3" : "",
      "taxClass3" : "",
      "taxPercentage3" : 0.00000,
      "taxAuthority4" : "",
      "taxClass4" : "",
      "taxPercentage4" : 0.00000,
      "taxAuthority5" : "",
      "taxClass5" : "",
      "taxPercentage5" : 0.00000,
      "taxAllowance" : true,
      "documentType" : "",
      "active" : true,
      "lastUpdateDateTime" : null,
      "inputDateTime" : null,
      "_links" : {
        "self" : {
          "href" : "http://localhost/api/taxRules/INCL_20090101"
        },
        "taxRule" : {
          "href" : "http://localhost/api/taxRules/INCL_20090101"
        }
      }
    }, {
      "inputUserId" : "",
      "lastUpdateUserId" : "",
      "computerId" : "",
      "taxCode" : "NOTAX",
      "effectiveDate" : "2009-01-01",
      "expiredDate" : "2025-01-01",
      "description" : "Tanpa Pajak",
      "taxAuthority1" : "",
      "taxClass1" : "",
      "taxPercentage1" : 0.00000,
      "taxAuthority2" : "",
      "taxClass2" : "",
      "taxPercentage2" : 0.00000,
      "taxAuthority3" : "",
      "taxClass3" : "",
      "taxPercentage3" : 0.00000,
      "taxAuthority4" : "",
      "taxClass4" : "",
      "taxPercentage4" : 0.00000,
      "taxAuthority5" : "",
      "taxClass5" : "",
      "taxPercentage5" : 0.00000,
      "taxAllowance" : false,
      "documentType" : "",
      "active" : true,
      "lastUpdateDateTime" : null,
      "inputDateTime" : null,
      "_links" : {
        "self" : {
          "href" : "http://localhost/api/taxRules/NOTAX_20090101"
        },
        "taxRule" : {
          "href" : "http://localhost/api/taxRules/NOTAX_20090101"
        }
      }
    } ]
  },
  "_links" : {
    "self" : {
      "href" : "http://localhost/api/taxRules/"
    },
    "profile" : {
      "href" : "http://localhost/api/profile/taxRules"
    },
    "search" : {
      "href" : "http://localhost/api/taxRules/search"
    }
  }
}
    Forwarded URL = null
   Redirected URL = null
          Cookies = []
2018-12-14 17:35:59.611  INFO 9212 --- [    Test worker] o.s.t.c.transaction.TransactionContext   : Rolled back transaction for test: [DefaultTestContext@26debf34 testClass = TaxRuleApiTest, testInstance = ags.goldenlionerp.apiTests.setups.TaxRuleApiTest@5973ee96, testMethod = getTestCollection@ApiTestBase, testException = [null], mergedContextConfiguration = [WebMergedContextConfiguration@6c6293c testClass = TaxRuleApiTest, locations = '{}', classes = '{class ags.goldenlionerp.GoldenLionErpApplication}', contextInitializerClasses = '[]', activeProfiles = '{}', propertySourceLocations = '{classpath:test.properties}', propertySourceProperties = '{org.springframework.boot.test.context.SpringBootTestContextBootstrapper=true}', contextCustomizers = set[org.springframework.boot.test.autoconfigure.properties.PropertyMappingContextCustomizer@0, org.springframework.boot.test.autoconfigure.web.servlet.WebDriverContextCustomizerFactory$Customizer@636d731e, [ImportsContextCustomizer@e189061 key = [ags.goldenlionerp.apiTests.ApiTestBase$TestConfig]], org.springframework.boot.test.context.filter.ExcludeFilterContextCustomizer@6afa5291, org.springframework.boot.test.json.DuplicateJsonObjectContextCustomizerFactory$DuplicateJsonObjectContextCustomizer@20cebcb4, org.springframework.boot.test.mock.mockito.MockitoContextCustomizer@0, org.springframework.boot.test.web.client.TestRestTemplateContextCustomizer@49a32273], resourceBasePath = 'src/main/webapp', contextLoader = 'org.springframework.boot.test.context.SpringBootContextLoader', parent = [null]], attributes = map['org.springframework.test.context.web.ServletTestExecutionListener.activateListener' -> true, 'org.springframework.test.context.web.ServletTestExecutionListener.populatedRequestContextHolder' -> true, 'org.springframework.test.context.web.ServletTestExecutionListener.resetRequestContextHolder' -> true]]
2018-12-14 17:35:59.611  INFO 9212 --- [    Test worker] o.s.t.c.transaction.TransactionContext   : Began transaction (1) for test context [DefaultTestContext@26debf34 testClass = TaxRuleApiTest, testInstance = ags.goldenlionerp.apiTests.setups.TaxRuleApiTest@70dfc412, testMethod = createTestWithPut@ApiTestBase, testException = [null], mergedContextConfiguration = [WebMergedContextConfiguration@6c6293c testClass = TaxRuleApiTest, locations = '{}', classes = '{class ags.goldenlionerp.GoldenLionErpApplication}', contextInitializerClasses = '[]', activeProfiles = '{}', propertySourceLocations = '{classpath:test.properties}', propertySourceProperties = '{org.springframework.boot.test.context.SpringBootTestContextBootstrapper=true}', contextCustomizers = set[org.springframework.boot.test.autoconfigure.properties.PropertyMappingContextCustomizer@0, org.springframework.boot.test.autoconfigure.web.servlet.WebDriverContextCustomizerFactory$Customizer@636d731e, [ImportsContextCustomizer@e189061 key = [ags.goldenlionerp.apiTests.ApiTestBase$TestConfig]], org.springframework.boot.test.context.filter.ExcludeFilterContextCustomizer@6afa5291, org.springframework.boot.test.json.DuplicateJsonObjectContextCustomizerFactory$DuplicateJsonObjectContextCustomizer@20cebcb4, org.springframework.boot.test.mock.mockito.MockitoContextCustomizer@0, org.springframework.boot.test.web.client.TestRestTemplateContextCustomizer@49a32273], resourceBasePath = 'src/main/webapp', contextLoader = 'org.springframework.boot.test.context.SpringBootContextLoader', parent = [null]], attributes = map['org.springframework.test.context.web.ServletTestExecutionListener.activateListener' -> true, 'org.springframework.test.context.web.ServletTestExecutionListener.populatedRequestContextHolder' -> true, 'org.springframework.test.context.web.ServletTestExecutionListener.resetRequestContextHolder' -> true]]; transaction manager [org.springframework.orm.jpa.JpaTransactionManager@76f112e2]; rollback [true]
2018-12-14 17:35:59.611  INFO 9212 --- [    Test worker] o.s.b.t.m.w.SpringBootMockServletContext : Initializing Spring FrameworkServlet ''
2018-12-14 17:35:59.611  INFO 9212 --- [    Test worker] o.s.t.web.servlet.TestDispatcherServlet  : FrameworkServlet '': initialization started
2018-12-14 17:35:59.627  INFO 9212 --- [    Test worker] o.s.t.web.servlet.TestDispatcherServlet  : FrameworkServlet '': initialization completed in 16 ms
Hibernate: select taxrule0_.tsefdt as tsefdt1_12_0_, taxrule0_.tstaxcd as tstaxcd2_12_0_, taxrule0_.tscid as tscid3_12_0_, taxrule0_.tsdtin as tsdtin4_12_0_, taxrule0_.tstmin as tstmin5_12_0_, taxrule0_.tsuid as tsuid6_12_0_, taxrule0_.tsdtlu as tsdtlu7_12_0_, taxrule0_.tstmlu as tstmlu8_12_0_, taxrule0_.tsuidm as tsuidm9_12_0_, taxrule0_.tsdesb1 as tsdesb10_12_0_, taxrule0_.tsdocty as tsdocty11_12_0_, taxrule0_.tsexpdt as tsexpdt12_12_0_, taxrule0_.tstaxal as tstaxal13_12_0_, taxrule0_.tstaxau1 as tstaxau14_12_0_, taxrule0_.tstaxau2 as tstaxau15_12_0_, taxrule0_.tstaxau3 as tstaxau16_12_0_, taxrule0_.tstaxau4 as tstaxau17_12_0_, taxrule0_.tstaxau5 as tstaxau18_12_0_, taxrule0_.tstaxcl1 as tstaxcl19_12_0_, taxrule0_.tstaxcl2 as tstaxcl20_12_0_, taxrule0_.tstaxcl3 as tstaxcl21_12_0_, taxrule0_.tstaxcl4 as tstaxcl22_12_0_, taxrule0_.tstaxcl5 as tstaxcl23_12_0_, taxrule0_.tspcn01 as tspcn24_12_0_, taxrule0_.tspcn02 as tspcn25_12_0_, taxrule0_.tspcn03 as tspcn26_12_0_, taxrule0_.tspcn04 as tspcn27_12_0_, taxrule0_.tspcn05 as tspcn28_12_0_ from t0025 taxrule0_ where taxrule0_.tsefdt=? and taxrule0_.tstaxcd=?
2018-12-14 17:35:59.627  INFO 9212 --- [    Test worker] o.s.t.c.transaction.TransactionContext   : Rolled back transaction for test: [DefaultTestContext@26debf34 testClass = TaxRuleApiTest, testInstance = ags.goldenlionerp.apiTests.setups.TaxRuleApiTest@70dfc412, testMethod = createTestWithPut@ApiTestBase, testException = [null], mergedContextConfiguration = [WebMergedContextConfiguration@6c6293c testClass = TaxRuleApiTest, locations = '{}', classes = '{class ags.goldenlionerp.GoldenLionErpApplication}', contextInitializerClasses = '[]', activeProfiles = '{}', propertySourceLocations = '{classpath:test.properties}', propertySourceProperties = '{org.springframework.boot.test.context.SpringBootTestContextBootstrapper=true}', contextCustomizers = set[org.springframework.boot.test.autoconfigure.properties.PropertyMappingContextCustomizer@0, org.springframework.boot.test.autoconfigure.web.servlet.WebDriverContextCustomizerFactory$Customizer@636d731e, [ImportsContextCustomizer@e189061 key = [ags.goldenlionerp.apiTests.ApiTestBase$TestConfig]], org.springframework.boot.test.context.filter.ExcludeFilterContextCustomizer@6afa5291, org.springframework.boot.test.json.DuplicateJsonObjectContextCustomizerFactory$DuplicateJsonObjectContextCustomizer@20cebcb4, org.springframework.boot.test.mock.mockito.MockitoContextCustomizer@0, org.springframework.boot.test.web.client.TestRestTemplateContextCustomizer@49a32273], resourceBasePath = 'src/main/webapp', contextLoader = 'org.springframework.boot.test.context.SpringBootContextLoader', parent = [null]], attributes = map['org.springframework.test.context.web.ServletTestExecutionListener.activateListener' -> true, 'org.springframework.test.context.web.ServletTestExecutionListener.populatedRequestContextHolder' -> true, 'org.springframework.test.context.web.ServletTestExecutionListener.resetRequestContextHolder' -> true]]
2018-12-14 17:35:59.627  INFO 9212 --- [    Test worker] o.s.t.c.transaction.TransactionContext   : Began transaction (1) for test context [DefaultTestContext@26debf34 testClass = TaxRuleApiTest, testInstance = ags.goldenlionerp.apiTests.setups.TaxRuleApiTest@4114b901, testMethod = deleteTest@ApiTestBase, testException = [null], mergedContextConfiguration = [WebMergedContextConfiguration@6c6293c testClass = TaxRuleApiTest, locations = '{}', classes = '{class ags.goldenlionerp.GoldenLionErpApplication}', contextInitializerClasses = '[]', activeProfiles = '{}', propertySourceLocations = '{classpath:test.properties}', propertySourceProperties = '{org.springframework.boot.test.context.SpringBootTestContextBootstrapper=true}', contextCustomizers = set[org.springframework.boot.test.autoconfigure.properties.PropertyMappingContextCustomizer@0, org.springframework.boot.test.autoconfigure.web.servlet.WebDriverContextCustomizerFactory$Customizer@636d731e, [ImportsContextCustomizer@e189061 key = [ags.goldenlionerp.apiTests.ApiTestBase$TestConfig]], org.springframework.boot.test.context.filter.ExcludeFilterContextCustomizer@6afa5291, org.springframework.boot.test.json.DuplicateJsonObjectContextCustomizerFactory$DuplicateJsonObjectContextCustomizer@20cebcb4, org.springframework.boot.test.mock.mockito.MockitoContextCustomizer@0, org.springframework.boot.test.web.client.TestRestTemplateContextCustomizer@49a32273], resourceBasePath = 'src/main/webapp', contextLoader = 'org.springframework.boot.test.context.SpringBootContextLoader', parent = [null]], attributes = map['org.springframework.test.context.web.ServletTestExecutionListener.activateListener' -> true, 'org.springframework.test.context.web.ServletTestExecutionListener.populatedRequestContextHolder' -> true, 'org.springframework.test.context.web.ServletTestExecutionListener.resetRequestContextHolder' -> true]]; transaction manager [org.springframework.orm.jpa.JpaTransactionManager@76f112e2]; rollback [true]
2018-12-14 17:35:59.643  INFO 9212 --- [    Test worker] o.s.b.t.m.w.SpringBootMockServletContext : Initializing Spring FrameworkServlet ''
2018-12-14 17:35:59.643  INFO 9212 --- [    Test worker] o.s.t.web.servlet.TestDispatcherServlet  : FrameworkServlet '': initialization started
2018-12-14 17:35:59.643  INFO 9212 --- [    Test worker] o.s.t.web.servlet.TestDispatcherServlet  : FrameworkServlet '': initialization completed in 0 ms
Hibernate: select taxrule0_.tsefdt as tsefdt1_12_0_, taxrule0_.tstaxcd as tstaxcd2_12_0_, taxrule0_.tscid as tscid3_12_0_, taxrule0_.tsdtin as tsdtin4_12_0_, taxrule0_.tstmin as tstmin5_12_0_, taxrule0_.tsuid as tsuid6_12_0_, taxrule0_.tsdtlu as tsdtlu7_12_0_, taxrule0_.tstmlu as tstmlu8_12_0_, taxrule0_.tsuidm as tsuidm9_12_0_, taxrule0_.tsdesb1 as tsdesb10_12_0_, taxrule0_.tsdocty as tsdocty11_12_0_, taxrule0_.tsexpdt as tsexpdt12_12_0_, taxrule0_.tstaxal as tstaxal13_12_0_, taxrule0_.tstaxau1 as tstaxau14_12_0_, taxrule0_.tstaxau2 as tstaxau15_12_0_, taxrule0_.tstaxau3 as tstaxau16_12_0_, taxrule0_.tstaxau4 as tstaxau17_12_0_, taxrule0_.tstaxau5 as tstaxau18_12_0_, taxrule0_.tstaxcl1 as tstaxcl19_12_0_, taxrule0_.tstaxcl2 as tstaxcl20_12_0_, taxrule0_.tstaxcl3 as tstaxcl21_12_0_, taxrule0_.tstaxcl4 as tstaxcl22_12_0_, taxrule0_.tstaxcl5 as tstaxcl23_12_0_, taxrule0_.tspcn01 as tspcn24_12_0_, taxrule0_.tspcn02 as tspcn25_12_0_, taxrule0_.tspcn03 as tspcn26_12_0_, taxrule0_.tspcn04 as tspcn27_12_0_, taxrule0_.tspcn05 as tspcn28_12_0_ from t0025 taxrule0_ where taxrule0_.tsefdt=? and taxrule0_.tstaxcd=?
2018-12-14 17:35:59.658  INFO 9212 --- [    Test worker] o.s.t.c.transaction.TransactionContext   : Rolled back transaction for test: [DefaultTestContext@26debf34 testClass = TaxRuleApiTest, testInstance = ags.goldenlionerp.apiTests.setups.TaxRuleApiTest@4114b901, testMethod = deleteTest@ApiTestBase, testException = [null], mergedContextConfiguration = [WebMergedContextConfiguration@6c6293c testClass = TaxRuleApiTest, locations = '{}', classes = '{class ags.goldenlionerp.GoldenLionErpApplication}', contextInitializerClasses = '[]', activeProfiles = '{}', propertySourceLocations = '{classpath:test.properties}', propertySourceProperties = '{org.springframework.boot.test.context.SpringBootTestContextBootstrapper=true}', contextCustomizers = set[org.springframework.boot.test.autoconfigure.properties.PropertyMappingContextCustomizer@0, org.springframework.boot.test.autoconfigure.web.servlet.WebDriverContextCustomizerFactory$Customizer@636d731e, [ImportsContextCustomizer@e189061 key = [ags.goldenlionerp.apiTests.ApiTestBase$TestConfig]], org.springframework.boot.test.context.filter.ExcludeFilterContextCustomizer@6afa5291, org.springframework.boot.test.json.DuplicateJsonObjectContextCustomizerFactory$DuplicateJsonObjectContextCustomizer@20cebcb4, org.springframework.boot.test.mock.mockito.MockitoContextCustomizer@0, org.springframework.boot.test.web.client.TestRestTemplateContextCustomizer@49a32273], resourceBasePath = 'src/main/webapp', contextLoader = 'org.springframework.boot.test.context.SpringBootContextLoader', parent = [null]], attributes = map['org.springframework.test.context.web.ServletTestExecutionListener.activateListener' -> true, 'org.springframework.test.context.web.ServletTestExecutionListener.populatedRequestContextHolder' -> true, 'org.springframework.test.context.web.ServletTestExecutionListener.resetRequestContextHolder' -> true]]
2018-12-14 17:35:59.658  INFO 9212 --- [    Test worker] o.s.t.c.transaction.TransactionContext   : Began transaction (1) for test context [DefaultTestContext@26debf34 testClass = TaxRuleApiTest, testInstance = ags.goldenlionerp.apiTests.setups.TaxRuleApiTest@45acdde4, testMethod = createTestWithPost@ApiTestBase, testException = [null], mergedContextConfiguration = [WebMergedContextConfiguration@6c6293c testClass = TaxRuleApiTest, locations = '{}', classes = '{class ags.goldenlionerp.GoldenLionErpApplication}', contextInitializerClasses = '[]', activeProfiles = '{}', propertySourceLocations = '{classpath:test.properties}', propertySourceProperties = '{org.springframework.boot.test.context.SpringBootTestContextBootstrapper=true}', contextCustomizers = set[org.springframework.boot.test.autoconfigure.properties.PropertyMappingContextCustomizer@0, org.springframework.boot.test.autoconfigure.web.servlet.WebDriverContextCustomizerFactory$Customizer@636d731e, [ImportsContextCustomizer@e189061 key = [ags.goldenlionerp.apiTests.ApiTestBase$TestConfig]], org.springframework.boot.test.context.filter.ExcludeFilterContextCustomizer@6afa5291, org.springframework.boot.test.json.DuplicateJsonObjectContextCustomizerFactory$DuplicateJsonObjectContextCustomizer@20cebcb4, org.springframework.boot.test.mock.mockito.MockitoContextCustomizer@0, org.springframework.boot.test.web.client.TestRestTemplateContextCustomizer@49a32273], resourceBasePath = 'src/main/webapp', contextLoader = 'org.springframework.boot.test.context.SpringBootContextLoader', parent = [null]], attributes = map['org.springframework.test.context.web.ServletTestExecutionListener.activateListener' -> true, 'org.springframework.test.context.web.ServletTestExecutionListener.populatedRequestContextHolder' -> true, 'org.springframework.test.context.web.ServletTestExecutionListener.resetRequestContextHolder' -> true]]; transaction manager [org.springframework.orm.jpa.JpaTransactionManager@76f112e2]; rollback [true]
2018-12-14 17:35:59.658  INFO 9212 --- [    Test worker] o.s.b.t.m.w.SpringBootMockServletContext : Initializing Spring FrameworkServlet ''
2018-12-14 17:35:59.658  INFO 9212 --- [    Test worker] o.s.t.web.servlet.TestDispatcherServlet  : FrameworkServlet '': initialization started
2018-12-14 17:35:59.658  INFO 9212 --- [    Test worker] o.s.t.web.servlet.TestDispatcherServlet  : FrameworkServlet '': initialization completed in 0 ms
Hibernate: select taxrule0_.tsefdt as tsefdt1_12_0_, taxrule0_.tstaxcd as tstaxcd2_12_0_, taxrule0_.tscid as tscid3_12_0_, taxrule0_.tsdtin as tsdtin4_12_0_, taxrule0_.tstmin as tstmin5_12_0_, taxrule0_.tsuid as tsuid6_12_0_, taxrule0_.tsdtlu as tsdtlu7_12_0_, taxrule0_.tstmlu as tstmlu8_12_0_, taxrule0_.tsuidm as tsuidm9_12_0_, taxrule0_.tsdesb1 as tsdesb10_12_0_, taxrule0_.tsdocty as tsdocty11_12_0_, taxrule0_.tsexpdt as tsexpdt12_12_0_, taxrule0_.tstaxal as tstaxal13_12_0_, taxrule0_.tstaxau1 as tstaxau14_12_0_, taxrule0_.tstaxau2 as tstaxau15_12_0_, taxrule0_.tstaxau3 as tstaxau16_12_0_, taxrule0_.tstaxau4 as tstaxau17_12_0_, taxrule0_.tstaxau5 as tstaxau18_12_0_, taxrule0_.tstaxcl1 as tstaxcl19_12_0_, taxrule0_.tstaxcl2 as tstaxcl20_12_0_, taxrule0_.tstaxcl3 as tstaxcl21_12_0_, taxrule0_.tstaxcl4 as tstaxcl22_12_0_, taxrule0_.tstaxcl5 as tstaxcl23_12_0_, taxrule0_.tspcn01 as tspcn24_12_0_, taxrule0_.tspcn02 as tspcn25_12_0_, taxrule0_.tspcn03 as tspcn26_12_0_, taxrule0_.tspcn04 as tspcn27_12_0_, taxrule0_.tspcn05 as tspcn28_12_0_ from t0025 taxrule0_ where taxrule0_.tsefdt=? and taxrule0_.tstaxcd=?
Hibernate: select taxrule0_.tsefdt as tsefdt1_12_0_, taxrule0_.tstaxcd as tstaxcd2_12_0_, taxrule0_.tscid as tscid3_12_0_, taxrule0_.tsdtin as tsdtin4_12_0_, taxrule0_.tstmin as tstmin5_12_0_, taxrule0_.tsuid as tsuid6_12_0_, taxrule0_.tsdtlu as tsdtlu7_12_0_, taxrule0_.tstmlu as tstmlu8_12_0_, taxrule0_.tsuidm as tsuidm9_12_0_, taxrule0_.tsdesb1 as tsdesb10_12_0_, taxrule0_.tsdocty as tsdocty11_12_0_, taxrule0_.tsexpdt as tsexpdt12_12_0_, taxrule0_.tstaxal as tstaxal13_12_0_, taxrule0_.tstaxau1 as tstaxau14_12_0_, taxrule0_.tstaxau2 as tstaxau15_12_0_, taxrule0_.tstaxau3 as tstaxau16_12_0_, taxrule0_.tstaxau4 as tstaxau17_12_0_, taxrule0_.tstaxau5 as tstaxau18_12_0_, taxrule0_.tstaxcl1 as tstaxcl19_12_0_, taxrule0_.tstaxcl2 as tstaxcl20_12_0_, taxrule0_.tstaxcl3 as tstaxcl21_12_0_, taxrule0_.tstaxcl4 as tstaxcl22_12_0_, taxrule0_.tstaxcl5 as tstaxcl23_12_0_, taxrule0_.tspcn01 as tspcn24_12_0_, taxrule0_.tspcn02 as tspcn25_12_0_, taxrule0_.tspcn03 as tspcn26_12_0_, taxrule0_.tspcn04 as tspcn27_12_0_, taxrule0_.tspcn05 as tspcn28_12_0_ from t0025 taxrule0_ where taxrule0_.tsefdt=? and taxrule0_.tstaxcd=?
Hibernate: insert into t0025 (tscid, tsdtin, tstmin, tsuid, tsdtlu, tstmlu, tsuidm, tsdesb1, tsdocty, tsexpdt, tstaxal, tstaxau1, tstaxau2, tstaxau3, tstaxau4, tstaxau5, tstaxcl1, tstaxcl2, tstaxcl3, tstaxcl4, tstaxcl5, tspcn01, tspcn02, tspcn03, tspcn04, tspcn05, tsefdt, tstaxcd) values (?, ?, ?, ?, ?, ?, ?, ?, ?, ?, ?, ?, ?, ?, ?, ?, ?, ?, ?, ?, ?, ?, ?, ?, ?, ?, ?, ?)
Hibernate: select taxrule0_.tsefdt as tsefdt1_12_0_, taxrule0_.tstaxcd as tstaxcd2_12_0_, taxrule0_.tscid as tscid3_12_0_, taxrule0_.tsdtin as tsdtin4_12_0_, taxrule0_.tstmin as tstmin5_12_0_, taxrule0_.tsuid as tsuid6_12_0_, taxrule0_.tsdtlu as tsdtlu7_12_0_, taxrule0_.tstmlu as tstmlu8_12_0_, taxrule0_.tsuidm as tsuidm9_12_0_, taxrule0_.tsdesb1 as tsdesb10_12_0_, taxrule0_.tsdocty as tsdocty11_12_0_, taxrule0_.tsexpdt as tsexpdt12_12_0_, taxrule0_.tstaxal as tstaxal13_12_0_, taxrule0_.tstaxau1 as tstaxau14_12_0_, taxrule0_.tstaxau2 as tstaxau15_12_0_, taxrule0_.tstaxau3 as tstaxau16_12_0_, taxrule0_.tstaxau4 as tstaxau17_12_0_, taxrule0_.tstaxau5 as tstaxau18_12_0_, taxrule0_.tstaxcl1 as tstaxcl19_12_0_, taxrule0_.tstaxcl2 as tstaxcl20_12_0_, taxrule0_.tstaxcl3 as tstaxcl21_12_0_, taxrule0_.tstaxcl4 as tstaxcl22_12_0_, taxrule0_.tstaxcl5 as tstaxcl23_12_0_, taxrule0_.tspcn01 as tspcn24_12_0_, taxrule0_.tspcn02 as tspcn25_12_0_, taxrule0_.tspcn03 as tspcn26_12_0_, taxrule0_.tspcn04 as tspcn27_12_0_, taxrule0_.tspcn05 as tspcn28_12_0_ from t0025 taxrule0_ where taxrule0_.tsefdt=? and taxrule0_.tstaxcd=?

MockHttpServletRequest:
      HTTP Method = GET
      Request URI = /api/taxRules/NOTAX_20180730
       Parameters = {}
          Headers = {Accept=[application/json]}
             Body = <no character encoding set>
    Session Attrs = {org.springframework.security.web.csrf.HttpSessionCsrfTokenRepository.CSRF_TOKEN=org.springframework.security.web.csrf.DefaultCsrfToken@546ff677, SPRING_SECURITY_CONTEXT=org.springframework.security.core.context.SecurityContextImpl@475fcd89: Authentication: org.springframework.security.authentication.UsernamePasswordAuthenticationToken@475fcd89: Principal: org.springframework.security.core.userdetails.User@f02988d6: Username: username; Password: [PROTECTED]; Enabled: true; AccountNonExpired: true; credentialsNonExpired: true; AccountNonLocked: true; Not granted any authorities; Credentials: [PROTECTED]; Authenticated: true; Details: null; Not granted any authorities}

Handler:
             Type = ags.goldenlionerp.application.setups.taxcode.TaxRuleController
           Method = public org.springframework.hateoas.Resource<?> ags.goldenlionerp.application.setups.taxcode.TaxRuleController.getActiveRule(java.lang.String,org.springframework.data.rest.webmvc.PersistentEntityResourceAssembler)

Async:
    Async started = false
     Async result = null

Resolved Exception:
             Type = null

ModelAndView:
        View name = null
             View = null
            Model = null

FlashMap:
       Attributes = null

MockHttpServletResponse:
           Status = 200
    Error message = null
          Headers = {Content-Type=[application/json;charset=UTF-8], X-Content-Type-Options=[nosniff], X-XSS-Protection=[1; mode=block], Cache-Control=[no-cache, no-store, max-age=0, must-revalidate], Pragma=[no-cache], Expires=[0], X-Frame-Options=[DENY]}
     Content type = application/json;charset=UTF-8
             Body = {
  "inputUserId" : "username",
  "lastUpdateUserId" : "username",
  "computerId" : "username",
  "taxCode" : "NOTAX",
  "effectiveDate" : "2018-07-30",
  "expiredDate" : "2025-05-16",
  "description" : "Test Tax",
  "taxAuthority1" : "",
  "taxClass1" : "MBR",
  "taxPercentage1" : 20.25000,
  "taxAuthority2" : "",
  "taxClass2" : "INFG",
  "taxPercentage2" : 12.33000,
  "taxAuthority3" : "",
  "taxClass3" : "",
  "taxPercentage3" : 0.00000,
  "taxAuthority4" : "",
  "taxClass4" : "",
  "taxPercentage4" : 0.00000,
  "taxAuthority5" : "",
  "taxClass5" : "",
  "taxPercentage5" : 0.00000,
  "taxAllowance" : false,
  "documentType" : "",
  "active" : true,
  "lastUpdateDateTime" : "2018-12-14T17:35:59",
  "inputDateTime" : "2018-12-14T17:35:59",
  "_links" : {
    "self" : {
      "href" : "http://localhost/api/taxRules/NOTAX_20180730"
    },
    "taxRule" : {
      "href" : "http://localhost/api/taxRules/NOTAX_20180730"
    }
  }
}
    Forwarded URL = null
   Redirected URL = null
          Cookies = []
2018-12-14 17:35:59.689  INFO 9212 --- [    Test worker] o.s.t.c.transaction.TransactionContext   : Rolled back transaction for test: [DefaultTestContext@26debf34 testClass = TaxRuleApiTest, testInstance = ags.goldenlionerp.apiTests.setups.TaxRuleApiTest@45acdde4, testMethod = createTestWithPost@ApiTestBase, testException = [null], mergedContextConfiguration = [WebMergedContextConfiguration@6c6293c testClass = TaxRuleApiTest, locations = '{}', classes = '{class ags.goldenlionerp.GoldenLionErpApplication}', contextInitializerClasses = '[]', activeProfiles = '{}', propertySourceLocations = '{classpath:test.properties}', propertySourceProperties = '{org.springframework.boot.test.context.SpringBootTestContextBootstrapper=true}', contextCustomizers = set[org.springframework.boot.test.autoconfigure.properties.PropertyMappingContextCustomizer@0, org.springframework.boot.test.autoconfigure.web.servlet.WebDriverContextCustomizerFactory$Customizer@636d731e, [ImportsContextCustomizer@e189061 key = [ags.goldenlionerp.apiTests.ApiTestBase$TestConfig]], org.springframework.boot.test.context.filter.ExcludeFilterContextCustomizer@6afa5291, org.springframework.boot.test.json.DuplicateJsonObjectContextCustomizerFactory$DuplicateJsonObjectContextCustomizer@20cebcb4, org.springframework.boot.test.mock.mockito.MockitoContextCustomizer@0, org.springframework.boot.test.web.client.TestRestTemplateContextCustomizer@49a32273], resourceBasePath = 'src/main/webapp', contextLoader = 'org.springframework.boot.test.context.SpringBootContextLoader', parent = [null]], attributes = map['org.springframework.test.context.web.ServletTestExecutionListener.activateListener' -> true, 'org.springframework.test.context.web.ServletTestExecutionListener.populatedRequestContextHolder' -> true, 'org.springframework.test.context.web.ServletTestExecutionListener.resetRequestContextHolder' -> true]]
]]></system-out>
  <system-err><![CDATA[]]></system-err>
</testsuite>
