<?xml version="1.0" encoding="UTF-8"?>
<testsuite name="ags.goldenlionerp.apiTests.accountReceivable.ReceivableInvoiceApiTest" tests="11" skipped="0" failures="0" errors="0" timestamp="2018-12-27T04:25:38" hostname="LAPTOP-FHFRCCL6" time="0.835">
  <properties/>
  <testcase name="getVoidedCollection" classname="ags.goldenlionerp.apiTests.accountReceivable.ReceivableInvoiceApiTest" time="0.296"/>
  <testcase name="updateTestWithPost" classname="ags.goldenlionerp.apiTests.accountReceivable.ReceivableInvoiceApiTest" time="0.039"/>
  <testcase name="createTestNoInvoiceNumber" classname="ags.goldenlionerp.apiTests.accountReceivable.ReceivableInvoiceApiTest" time="0.089"/>
  <testcase name="getVoidedSingle" classname="ags.goldenlionerp.apiTests.accountReceivable.ReceivableInvoiceApiTest" time="0.026"/>
  <testcase name="updateTestWithPatch" classname="ags.goldenlionerp.apiTests.accountReceivable.ReceivableInvoiceApiTest" time="0.022"/>
  <testcase name="deleteTest" classname="ags.goldenlionerp.apiTests.accountReceivable.ReceivableInvoiceApiTest" time="0.051"/>
  <testcase name="updateTestWithPut" classname="ags.goldenlionerp.apiTests.accountReceivable.ReceivableInvoiceApiTest" time="0.026"/>
  <testcase name="getTestSingle" classname="ags.goldenlionerp.apiTests.accountReceivable.ReceivableInvoiceApiTest" time="0.028"/>
  <testcase name="getTestCollection" classname="ags.goldenlionerp.apiTests.accountReceivable.ReceivableInvoiceApiTest" time="0.137"/>
  <testcase name="createTestWithPut" classname="ags.goldenlionerp.apiTests.accountReceivable.ReceivableInvoiceApiTest" time="0.025"/>
  <testcase name="createTestWithPost" classname="ags.goldenlionerp.apiTests.accountReceivable.ReceivableInvoiceApiTest" time="0.087"/>
  <system-out><![CDATA[2018-12-27 11:25:38.720  INFO 2120 --- [    Test worker] .b.t.c.SpringBootTestContextBootstrapper : Neither @ContextConfiguration nor @ContextHierarchy found for test class [ags.goldenlionerp.apiTests.accountReceivable.ReceivableInvoiceApiTest], using SpringBootContextLoader
2018-12-27 11:25:38.722  INFO 2120 --- [    Test worker] o.s.t.c.support.AbstractContextLoader    : Could not detect default resource locations for test class [ags.goldenlionerp.apiTests.accountReceivable.ReceivableInvoiceApiTest]: no resource found for suffixes {-context.xml, Context.groovy}.
2018-12-27 11:25:38.722  INFO 2120 --- [    Test worker] t.c.s.AnnotationConfigContextLoaderUtils : Could not detect default configuration classes for test class [ags.goldenlionerp.apiTests.accountReceivable.ReceivableInvoiceApiTest]: ReceivableInvoiceApiTest does not declare any static, non-private, non-final, nested classes annotated with @Configuration.
2018-12-27 11:25:38.741  INFO 2120 --- [    Test worker] .b.t.c.SpringBootTestContextBootstrapper : Found @SpringBootConfiguration ags.goldenlionerp.GoldenLionErpApplication for test class ags.goldenlionerp.apiTests.accountReceivable.ReceivableInvoiceApiTest
2018-12-27 11:25:38.743  INFO 2120 --- [    Test worker] .b.t.c.SpringBootTestContextBootstrapper : Loaded default TestExecutionListener class names from location [META-INF/spring.factories]: [org.springframework.security.test.context.support.WithSecurityContextTestExecutionListener, org.springframework.security.test.context.support.ReactorContextTestExecutionListener, org.springframework.boot.test.autoconfigure.restdocs.RestDocsTestExecutionListener, org.springframework.boot.test.autoconfigure.web.client.MockRestServiceServerResetTestExecutionListener, org.springframework.boot.test.autoconfigure.web.servlet.MockMvcPrintOnlyOnFailureTestExecutionListener, org.springframework.boot.test.autoconfigure.web.servlet.WebDriverTestExecutionListener, org.springframework.boot.test.mock.mockito.MockitoTestExecutionListener, org.springframework.boot.test.mock.mockito.ResetMocksTestExecutionListener, org.springframework.test.context.web.ServletTestExecutionListener, org.springframework.test.context.support.DirtiesContextBeforeModesTestExecutionListener, org.springframework.test.context.support.DependencyInjectionTestExecutionListener, org.springframework.test.context.support.DirtiesContextTestExecutionListener, org.springframework.test.context.transaction.TransactionalTestExecutionListener, org.springframework.test.context.jdbc.SqlScriptsTestExecutionListener]
2018-12-27 11:25:38.745  INFO 2120 --- [    Test worker] .b.t.c.SpringBootTestContextBootstrapper : Using TestExecutionListeners: [org.springframework.test.context.web.ServletTestExecutionListener@39d6367c, org.springframework.test.context.support.DirtiesContextBeforeModesTestExecutionListener@744855aa, org.springframework.boot.test.mock.mockito.MockitoTestExecutionListener@603be330, org.springframework.boot.test.autoconfigure.SpringBootDependencyInjectionTestExecutionListener@14b19086, org.springframework.test.context.support.DirtiesContextTestExecutionListener@1c5c31ba, org.springframework.test.context.transaction.TransactionalTestExecutionListener@2a0fd29e, org.springframework.test.context.jdbc.SqlScriptsTestExecutionListener@1512868c, org.springframework.security.test.context.support.WithSecurityContextTestExecutionListener@d3f0108, org.springframework.security.test.context.support.ReactorContextTestExecutionListener@701320f4, org.springframework.boot.test.autoconfigure.restdocs.RestDocsTestExecutionListener@245c974a, org.springframework.boot.test.autoconfigure.web.client.MockRestServiceServerResetTestExecutionListener@257b43ab, org.springframework.boot.test.autoconfigure.web.servlet.MockMvcPrintOnlyOnFailureTestExecutionListener@5039214d, org.springframework.boot.test.autoconfigure.web.servlet.WebDriverTestExecutionListener@39c4af3e, org.springframework.boot.test.mock.mockito.ResetMocksTestExecutionListener@7962898b]
2018-12-27 11:25:38.772  INFO 2120 --- [    Test worker] o.s.t.c.transaction.TransactionContext   : Began transaction (1) for test context [DefaultTestContext@2a6f8192 testClass = ReceivableInvoiceApiTest, testInstance = ags.goldenlionerp.apiTests.accountReceivable.ReceivableInvoiceApiTest@24b1b698, testMethod = getVoidedCollection@ReceivableInvoiceApiTest, testException = [null], mergedContextConfiguration = [WebMergedContextConfiguration@3b7cd410 testClass = ReceivableInvoiceApiTest, locations = '{}', classes = '{class ags.goldenlionerp.GoldenLionErpApplication}', contextInitializerClasses = '[]', activeProfiles = '{}', propertySourceLocations = '{classpath:test.properties}', propertySourceProperties = '{org.springframework.boot.test.context.SpringBootTestContextBootstrapper=true}', contextCustomizers = set[org.springframework.boot.test.autoconfigure.properties.PropertyMappingContextCustomizer@0, org.springframework.boot.test.autoconfigure.web.servlet.WebDriverContextCustomizerFactory$Customizer@636d731e, [ImportsContextCustomizer@4f45b10 key = [ags.goldenlionerp.apiTests.ApiTestBase$TestConfig]], org.springframework.boot.test.context.filter.ExcludeFilterContextCustomizer@6afa5291, org.springframework.boot.test.json.DuplicateJsonObjectContextCustomizerFactory$DuplicateJsonObjectContextCustomizer@20cebcb4, org.springframework.boot.test.mock.mockito.MockitoContextCustomizer@0, org.springframework.boot.test.web.client.TestRestTemplateContextCustomizer@49a32273], resourceBasePath = 'src/main/webapp', contextLoader = 'org.springframework.boot.test.context.SpringBootContextLoader', parent = [null]], attributes = map['org.springframework.test.context.web.ServletTestExecutionListener.activateListener' -> true, 'org.springframework.test.context.web.ServletTestExecutionListener.populatedRequestContextHolder' -> true, 'org.springframework.test.context.web.ServletTestExecutionListener.resetRequestContextHolder' -> true]]; transaction manager [org.springframework.orm.jpa.JpaTransactionManager@75de8c12]; rollback [true]
2018-12-27 11:25:38.773  INFO 2120 --- [    Test worker] o.s.b.t.m.w.SpringBootMockServletContext : Initializing Spring FrameworkServlet ''
2018-12-27 11:25:38.773  INFO 2120 --- [    Test worker] o.s.t.web.servlet.TestDispatcherServlet  : FrameworkServlet '': initialization started
2018-12-27 11:25:38.779  INFO 2120 --- [    Test worker] o.s.t.web.servlet.TestDispatcherServlet  : FrameworkServlet '': initialization completed in 6 ms
Hibernate: select TOP(?) receivable0_.ricoid as ricoid1_22_, receivable0_.ridocino as ridocino2_22_, receivable0_.ridocisq as ridocisq3_22_, receivable0_.ridocity as ridocity4_22_, receivable0_.ricid as ricid5_22_, receivable0_.ridtin as ridtin6_22_, receivable0_.ritmin as ritmin7_22_, receivable0_.riuid as riuid8_22_, receivable0_.ridtlu as ridtlu9_22_, receivable0_.ritmlu as ritmlu10_22_, receivable0_.riuidm as riuidm11_22_, receivable0_.ridesb1 as ridesb12_22_, receivable0_.riacid as riacid13_22_, receivable0_.ricrcb as ricrcb14_22_, receivable0_.ritaxab as ritaxab15_22_, receivable0_.riicu as riicu16_22_, receivable0_.riicut as riicut17_22_, receivable0_.ribuid as ribuid18_22_, receivable0_.ricldt as ricldt19_22_, receivable0_.ricsid as ricsid20_22_, receivable0_.ridesb2 as ridesb21_22_, receivable0_.riadsca as riadsca22_22_, receivable0_.riadsct as riadsct23_22_, receivable0_.ridcdt as ridcdt24_22_, receivable0_.ridocono as ridocon25_22_, receivable0_.ridocosq as ridocos26_22_, receivable0_.ridocoty as ridocot27_22_, receivable0_.ridsc as ridsc28_22_, receivable0_.ridvs as ridvs29_22_, receivable0_.ridoft as ridoft30_22_, receivable0_.ridudt as ridudt31_22_, receivable0_.riexcrt as riexcrt32_22_, receivable0_.riftb as riftb33_22_, receivable0_.rifda as rifda34_22_, receivable0_.rifdt as rifdt35_22_, receivable0_.rifea as rifea36_22_, receivable0_.rifta as rifta37_22_, receivable0_.riglcls as riglcls38_22_, receivable0_.rigldt as rigldt39_22_, receivable0_.ridocidt as ridocid40_22_, receivable0_.riims as riims41_22_, receivable0_.riamnt as riamnt42_22_, receivable0_.riobj as riobj43_22_, receivable0_.riobid as riobid44_22_, receivable0_.riaop as riaop45_22_, receivable0_.riordocno as riordoc46_22_, receivable0_.riordocsq as riordoc47_22_, receivable0_.riordocty as riordoc48_22_, receivable0_.ripyid as ripyid49_22_, receivable0_.riptc as riptc50_22_, receivable0_.rislid as rislid51_22_, receivable0_.risubl as risubl52_22_, receivable0_.risublt as risublt53_22_, receivable0_.risub as risub54_22_, receivable0_.ritaxal as ritaxal55_22_, receivable0_.ritaxcd as ritaxcd56_22_, receivable0_.ritaxidt as ritaxid57_22_, receivable0_.ritaxino as ritaxin58_22_, receivable0_.ritaxrt as ritaxrt59_22_, receivable0_.ritaxam as ritaxam60_22_, receivable0_.ricrct as ricrct61_22_, receivable0_.riinvdt as riinvdt62_22_, receivable0_.riinvno as riinvno63_22_ from t0311 receivable0_ where receivable0_.ridvs=''
Hibernate: select count(receivable0_.ricoid) as col_0_0_ from t0311 receivable0_ where receivable0_.ridvs=''

MockHttpServletRequest:
      HTTP Method = GET
      Request URI = /api/invoices/
       Parameters = {}
          Headers = {Accept=[application/json]}
             Body = <no character encoding set>
    Session Attrs = {org.springframework.security.web.csrf.HttpSessionCsrfTokenRepository.CSRF_TOKEN=org.springframework.security.web.csrf.DefaultCsrfToken@2ecc8523, SPRING_SECURITY_CONTEXT=org.springframework.security.core.context.SecurityContextImpl@475fcd89: Authentication: org.springframework.security.authentication.UsernamePasswordAuthenticationToken@475fcd89: Principal: org.springframework.security.core.userdetails.User@f02988d6: Username: username; Password: [PROTECTED]; Enabled: true; AccountNonExpired: true; credentialsNonExpired: true; AccountNonLocked: true; Not granted any authorities; Credentials: [PROTECTED]; Authenticated: true; Details: null; Not granted any authorities}

Handler:
             Type = ags.goldenlionerp.application.ar.invoice.ReceivableInvoiceController
           Method = public org.springframework.hateoas.Resources<?> ags.goldenlionerp.application.ar.invoice.ReceivableInvoiceController.getCollection(boolean,org.springframework.data.rest.webmvc.support.DefaultedPageable,org.springframework.data.domain.Sort,org.springframework.data.rest.webmvc.PersistentEntityResourceAssembler)

Async:
    Async started = false
     Async result = null

Resolved Exception:
             Type = null

ModelAndView:
        View name = null
             View = null
            Model = null

FlashMap:
       Attributes = null

MockHttpServletResponse:
           Status = 200
    Error message = null
          Headers = {Content-Type=[application/json;charset=UTF-8], X-Content-Type-Options=[nosniff], X-XSS-Protection=[1; mode=block], Cache-Control=[no-cache, no-store, max-age=0, must-revalidate], Pragma=[no-cache], Expires=[0], X-Frame-Options=[DENY]}
     Content type = application/json;charset=UTF-8
             Body = {
  "_embedded" : {
    "invoices" : [ {
      "inputUserId" : "QSA",
      "lastUpdateUserId" : "QSA",
      "computerId" : "LAPTOP-FHFRCCL6",
      "companyId" : "11000",
      "invoiceNumber" : 1234567,
      "invoiceType" : "RI",
      "invoiceSequence" : 10,
      "invoiceDate" : "2018-08-08",
      "invoiceMatchStatus" : "",
      "batchNumber" : 202,
      "batchType" : "R",
      "glDate" : "2018-08-08",
      "customerId" : "1007",
      "payerId" : "1007",
      "salesmanId" : "",
      "dueDate" : "2018-09-07",
      "discountDueDate" : "2018-08-08",
      "closedDate" : null,
      "netAmount" : 1000.00000,
      "openAmount" : 1000.00000,
      "discountAmountAvailable" : 0.00000,
      "discountAmountTaken" : 0.00000,
      "baseTaxableAmount" : 990.00000,
      "taxableAmount" : 10.00000,
      "foreignExtendedAmount" : 0.00000,
      "foreignDiscountAmountAvailable" : 0.00000,
      "foreignDiscountAmountTaken" : 0.00000,
      "foreignBaseTaxableAmount" : 0.00000,
      "foreignTaxableAmount" : 0.00000,
      "baseCurrency" : "IDR",
      "transactionCurrency" : "IDR",
      "exchangeRate" : 1.000000000,
      "taxCode" : "",
      "taxRate" : 0E-15,
      "taxAllowance" : "",
      "taxInvoiceNumber" : "",
      "taxInvoiceDate" : null,
      "vendorInvoiceNumber" : "",
      "vendorInvoiceDate" : null,
      "domesticOrForeignTransaction" : "D",
      "documentStatusCode" : "A",
      "paymentTermCode" : "N30",
      "documentOrderNumber" : 0,
      "documentOrderType" : "",
      "documentOrderSequence" : 0,
      "originalDocumentNumber" : 0,
      "originalDocumentType" : "",
      "originalDocumentSequence" : 0,
      "documentVoidStatus" : "",
      "voided" : false,
      "glClass" : "",
      "accountId" : "100.112100",
      "businessUnitId" : "110",
      "objectAccountCode" : "112100",
      "subsidiaryCode" : "",
      "subledger" : "",
      "subledgerType" : "",
      "accountDescription" : "--- Piutang Usaha ---",
      "description" : "Abadi Cipta Komputer~test",
      "objectId" : "F0311",
      "lastUpdateDateTime" : "2018-08-08T17:40:44",
      "inputDateTime" : "2018-08-08T17:40:44",
      "_links" : {
        "self" : {
          "href" : "http://localhost/api/invoices/11000_1234567_RI_10"
        },
        "receivableInvoice" : {
          "href" : "http://localhost/api/invoices/11000_1234567_RI_10"
        }
      }
    }, {
      "inputUserId" : "PUTRI",
      "lastUpdateUserId" : "PUTRI",
      "computerId" : "DESKTOP-09OGK1M",
      "companyId" : "11000",
      "invoiceNumber" : 180100002,
      "invoiceType" : "RI",
      "invoiceSequence" : 10,
      "invoiceDate" : "2018-04-08",
      "invoiceMatchStatus" : "",
      "batchNumber" : 2,
      "batchType" : "R",
      "glDate" : "2018-04-08",
      "customerId" : "2867",
      "payerId" : "2867",
      "salesmanId" : "",
      "dueDate" : "2018-02-11",
      "discountDueDate" : "2018-04-08",
      "closedDate" : null,
      "netAmount" : 196450000.00000,
      "openAmount" : 196450000.00000,
      "discountAmountAvailable" : 0.00000,
      "discountAmountTaken" : 0.00000,
      "baseTaxableAmount" : 196450000.00000,
      "taxableAmount" : 19645000.00000,
      "foreignExtendedAmount" : 0.00000,
      "foreignDiscountAmountAvailable" : 0.00000,
      "foreignDiscountAmountTaken" : 0.00000,
      "foreignBaseTaxableAmount" : 0.00000,
      "foreignTaxableAmount" : 0.00000,
      "baseCurrency" : "IDR",
      "transactionCurrency" : "IDR",
      "exchangeRate" : 1.000000000,
      "taxCode" : "",
      "taxRate" : 0E-15,
      "taxAllowance" : "",
      "taxInvoiceNumber" : "",
      "taxInvoiceDate" : null,
      "vendorInvoiceNumber" : "INV/ATG/I/2018/2501",
      "vendorInvoiceDate" : "2018-01-12",
      "domesticOrForeignTransaction" : "D",
      "documentStatusCode" : "A",
      "paymentTermCode" : "N30",
      "documentOrderNumber" : 0,
      "documentOrderType" : "",
      "documentOrderSequence" : 0,
      "originalDocumentNumber" : 0,
      "originalDocumentType" : "",
      "originalDocumentSequence" : 0,
      "documentVoidStatus" : "",
      "voided" : false,
      "glClass" : "",
      "accountId" : "100.112100",
      "businessUnitId" : "110",
      "objectAccountCode" : "112100",
      "subsidiaryCode" : "",
      "subledger" : "",
      "subledgerType" : "",
      "accountDescription" : "Piutang Usaha - IDR",
      "description" : "Saldo Awal Piutang PT Bali Yoni Saguna",
      "objectId" : "F0311",
      "lastUpdateDateTime" : "2018-04-10T16:09:15",
      "inputDateTime" : "2018-04-10T16:09:15",
      "_links" : {
        "self" : {
          "href" : "http://localhost/api/invoices/11000_180100002_RI_10"
        },
        "receivableInvoice" : {
          "href" : "http://localhost/api/invoices/11000_180100002_RI_10"
        }
      }
    }, {
      "inputUserId" : "QSA",
      "lastUpdateUserId" : "SRI",
      "computerId" : "USER-PC",
      "companyId" : "11000",
      "invoiceNumber" : 180390001,
      "invoiceType" : "RI",
      "invoiceSequence" : 10,
      "invoiceDate" : "2018-04-08",
      "invoiceMatchStatus" : "",
      "batchNumber" : 1,
      "batchType" : "R",
      "glDate" : "2018-04-08",
      "customerId" : "1015",
      "payerId" : "1015",
      "salesmanId" : "",
      "dueDate" : "2018-03-26",
      "discountDueDate" : null,
      "closedDate" : "2018-04-10",
      "netAmount" : 490000.00000,
      "openAmount" : 0.00000,
      "discountAmountAvailable" : 0.00000,
      "discountAmountTaken" : 0.00000,
      "baseTaxableAmount" : 445454.54545,
      "taxableAmount" : 44545.45455,
      "foreignExtendedAmount" : 0.00000,
      "foreignDiscountAmountAvailable" : 0.00000,
      "foreignDiscountAmountTaken" : 0.00000,
      "foreignBaseTaxableAmount" : 0.00000,
      "foreignTaxableAmount" : 0.00000,
      "baseCurrency" : "IDR",
      "transactionCurrency" : "IDR",
      "exchangeRate" : 1.000000000,
      "taxCode" : "",
      "taxRate" : 0E-15,
      "taxAllowance" : "",
      "taxInvoiceNumber" : "",
      "taxInvoiceDate" : null,
      "vendorInvoiceNumber" : "INV/ATG/III/2018/4044",
      "vendorInvoiceDate" : "2018-03-12",
      "domesticOrForeignTransaction" : "D",
      "documentStatusCode" : "A",
      "paymentTermCode" : "N30",
      "documentOrderNumber" : 0,
      "documentOrderType" : "",
      "documentOrderSequence" : 0,
      "originalDocumentNumber" : 0,
      "originalDocumentType" : "",
      "originalDocumentSequence" : 0,
      "documentVoidStatus" : "",
      "voided" : false,
      "glClass" : "",
      "accountId" : "100.112100",
      "businessUnitId" : "110",
      "objectAccountCode" : "112100",
      "subsidiaryCode" : "",
      "subledger" : "",
      "subledgerType" : "",
      "accountDescription" : "Piutang Usaha - IDR",
      "description" : "Saldo Awal Piutang Absolute",
      "objectId" : "F0314",
      "lastUpdateDateTime" : "2018-04-13T10:17:39",
      "inputDateTime" : "2018-04-10T00:00:00",
      "_links" : {
        "self" : {
          "href" : "http://localhost/api/invoices/11000_180390001_RI_10"
        },
        "receivableInvoice" : {
          "href" : "http://localhost/api/invoices/11000_180390001_RI_10"
        }
      }
    }, {
      "inputUserId" : "QSA",
      "lastUpdateUserId" : "SRI",
      "computerId" : "USER-PC",
      "companyId" : "11000",
      "invoiceNumber" : 180390002,
      "invoiceType" : "RI",
      "invoiceSequence" : 10,
      "invoiceDate" : "2018-04-08",
      "invoiceMatchStatus" : "",
      "batchNumber" : 1,
      "batchType" : "R",
      "glDate" : "2018-04-08",
      "customerId" : "1015",
      "payerId" : "1015",
      "salesmanId" : "",
      "dueDate" : "2018-03-29",
      "discountDueDate" : null,
      "closedDate" : "2018-04-10",
      "netAmount" : 2781000.00000,
      "openAmount" : 0.00000,
      "discountAmountAvailable" : 0.00000,
      "discountAmountTaken" : 0.00000,
      "baseTaxableAmount" : 2528181.81818,
      "taxableAmount" : 252818.18182,
      "foreignExtendedAmount" : 0.00000,
      "foreignDiscountAmountAvailable" : 0.00000,
      "foreignDiscountAmountTaken" : 0.00000,
      "foreignBaseTaxableAmount" : 0.00000,
      "foreignTaxableAmount" : 0.00000,
      "baseCurrency" : "IDR",
      "transactionCurrency" : "IDR",
      "exchangeRate" : 1.000000000,
      "taxCode" : "",
      "taxRate" : 0E-15,
      "taxAllowance" : "",
      "taxInvoiceNumber" : "",
      "taxInvoiceDate" : null,
      "vendorInvoiceNumber" : "INV/ATG/III/2018/4201",
      "vendorInvoiceDate" : "2018-03-15",
      "domesticOrForeignTransaction" : "D",
      "documentStatusCode" : "A",
      "paymentTermCode" : "N30",
      "documentOrderNumber" : 0,
      "documentOrderType" : "",
      "documentOrderSequence" : 0,
      "originalDocumentNumber" : 0,
      "originalDocumentType" : "",
      "originalDocumentSequence" : 0,
      "documentVoidStatus" : "",
      "voided" : false,
      "glClass" : "",
      "accountId" : "100.112100",
      "businessUnitId" : "110",
      "objectAccountCode" : "112100",
      "subsidiaryCode" : "",
      "subledger" : "",
      "subledgerType" : "",
      "accountDescription" : "Piutang Usaha - IDR",
      "description" : "Saldo Awal Piutang Absolute",
      "objectId" : "F0314",
      "lastUpdateDateTime" : "2018-04-13T10:17:39",
      "inputDateTime" : "2018-04-10T00:00:00",
      "_links" : {
        "self" : {
          "href" : "http://localhost/api/invoices/11000_180390002_RI_10"
        },
        "receivableInvoice" : {
          "href" : "http://localhost/api/invoices/11000_180390002_RI_10"
        }
      }
    }, {
      "inputUserId" : "QSA",
      "lastUpdateUserId" : "SRI",
      "computerId" : "USER-PC",
      "companyId" : "11000",
      "invoiceNumber" : 180390003,
      "invoiceType" : "RI",
      "invoiceSequence" : 10,
      "invoiceDate" : "2018-04-08",
      "invoiceMatchStatus" : "",
      "batchNumber" : 1,
      "batchType" : "R",
      "glDate" : "2018-04-08",
      "customerId" : "1015",
      "payerId" : "1015",
      "salesmanId" : "",
      "dueDate" : "2018-04-04",
      "discountDueDate" : null,
      "closedDate" : "2018-04-11",
      "netAmount" : 1909000.00000,
      "openAmount" : 0.00000,
      "discountAmountAvailable" : 0.00000,
      "discountAmountTaken" : 0.00000,
      "baseTaxableAmount" : 1735454.54545,
      "taxableAmount" : 173545.45455,
      "foreignExtendedAmount" : 0.00000,
      "foreignDiscountAmountAvailable" : 0.00000,
      "foreignDiscountAmountTaken" : 0.00000,
      "foreignBaseTaxableAmount" : 0.00000,
      "foreignTaxableAmount" : 0.00000,
      "baseCurrency" : "IDR",
      "transactionCurrency" : "IDR",
      "exchangeRate" : 1.000000000,
      "taxCode" : "",
      "taxRate" : 0E-15,
      "taxAllowance" : "",
      "taxInvoiceNumber" : "",
      "taxInvoiceDate" : null,
      "vendorInvoiceNumber" : "INV/ATG/III/2018/4335",
      "vendorInvoiceDate" : "2018-03-21",
      "domesticOrForeignTransaction" : "D",
      "documentStatusCode" : "A",
      "paymentTermCode" : "N30",
      "documentOrderNumber" : 0,
      "documentOrderType" : "",
      "documentOrderSequence" : 0,
      "originalDocumentNumber" : 0,
      "originalDocumentType" : "",
      "originalDocumentSequence" : 0,
      "documentVoidStatus" : "",
      "voided" : false,
      "glClass" : "",
      "accountId" : "100.112100",
      "businessUnitId" : "110",
      "objectAccountCode" : "112100",
      "subsidiaryCode" : "",
      "subledger" : "",
      "subledgerType" : "",
      "accountDescription" : "Piutang Usaha - IDR",
      "description" : "Saldo Awal Piutang Absolute",
      "objectId" : "F0314",
      "lastUpdateDateTime" : "2018-04-20T16:24:37",
      "inputDateTime" : "2018-04-10T00:00:00",
      "_links" : {
        "self" : {
          "href" : "http://localhost/api/invoices/11000_180390003_RI_10"
        },
        "receivableInvoice" : {
          "href" : "http://localhost/api/invoices/11000_180390003_RI_10"
        }
      }
    }, {
      "inputUserId" : "QSA",
      "lastUpdateUserId" : "QSA",
      "computerId" : "GLSVR171217",
      "companyId" : "11000",
      "invoiceNumber" : 180390004,
      "invoiceType" : "RI",
      "invoiceSequence" : 10,
      "invoiceDate" : "2018-04-08",
      "invoiceMatchStatus" : "",
      "batchNumber" : 1,
      "batchType" : "R",
      "glDate" : "2018-04-08",
      "customerId" : "1015",
      "payerId" : "1015",
      "salesmanId" : "",
      "dueDate" : "2018-04-16",
      "discountDueDate" : null,
      "closedDate" : null,
      "netAmount" : 645000.00000,
      "openAmount" : 645000.00000,
      "discountAmountAvailable" : 0.00000,
      "discountAmountTaken" : 0.00000,
      "baseTaxableAmount" : 586363.63636,
      "taxableAmount" : 58636.36364,
      "foreignExtendedAmount" : 0.00000,
      "foreignDiscountAmountAvailable" : 0.00000,
      "foreignDiscountAmountTaken" : 0.00000,
      "foreignBaseTaxableAmount" : 0.00000,
      "foreignTaxableAmount" : 0.00000,
      "baseCurrency" : "IDR",
      "transactionCurrency" : "IDR",
      "exchangeRate" : 1.000000000,
      "taxCode" : "",
      "taxRate" : 0E-15,
      "taxAllowance" : "",
      "taxInvoiceNumber" : "",
      "taxInvoiceDate" : null,
      "vendorInvoiceNumber" : "INV/ATG/IV/2018/4695",
      "vendorInvoiceDate" : "2018-04-02",
      "domesticOrForeignTransaction" : "D",
      "documentStatusCode" : "A",
      "paymentTermCode" : "N30",
      "documentOrderNumber" : 0,
      "documentOrderType" : "",
      "documentOrderSequence" : 0,
      "originalDocumentNumber" : 0,
      "originalDocumentType" : "",
      "originalDocumentSequence" : 0,
      "documentVoidStatus" : "",
      "voided" : false,
      "glClass" : "",
      "accountId" : "100.112100",
      "businessUnitId" : "110",
      "objectAccountCode" : "112100",
      "subsidiaryCode" : "",
      "subledger" : "",
      "subledgerType" : "",
      "accountDescription" : "Piutang Usaha - IDR",
      "description" : "Saldo Awal Piutang Absolute",
      "objectId" : "",
      "lastUpdateDateTime" : "2018-04-10T00:00:00",
      "inputDateTime" : "2018-04-10T00:00:00",
      "_links" : {
        "self" : {
          "href" : "http://localhost/api/invoices/11000_180390004_RI_10"
        },
        "receivableInvoice" : {
          "href" : "http://localhost/api/invoices/11000_180390004_RI_10"
        }
      }
    }, {
      "inputUserId" : "QSA",
      "lastUpdateUserId" : "QSA",
      "computerId" : "GLSVR171217",
      "companyId" : "11000",
      "invoiceNumber" : 180390005,
      "invoiceType" : "RI",
      "invoiceSequence" : 10,
      "invoiceDate" : "2018-04-08",
      "invoiceMatchStatus" : "",
      "batchNumber" : 1,
      "batchType" : "R",
      "glDate" : "2018-04-08",
      "customerId" : "1015",
      "payerId" : "1015",
      "salesmanId" : "",
      "dueDate" : "2018-04-19",
      "discountDueDate" : null,
      "closedDate" : null,
      "netAmount" : 16275750.00000,
      "openAmount" : 16275750.00000,
      "discountAmountAvailable" : 0.00000,
      "discountAmountTaken" : 0.00000,
      "baseTaxableAmount" : 14796136.36364,
      "taxableAmount" : 1479613.63636,
      "foreignExtendedAmount" : 0.00000,
      "foreignDiscountAmountAvailable" : 0.00000,
      "foreignDiscountAmountTaken" : 0.00000,
      "foreignBaseTaxableAmount" : 0.00000,
      "foreignTaxableAmount" : 0.00000,
      "baseCurrency" : "IDR",
      "transactionCurrency" : "IDR",
      "exchangeRate" : 1.000000000,
      "taxCode" : "",
      "taxRate" : 0E-15,
      "taxAllowance" : "",
      "taxInvoiceNumber" : "",
      "taxInvoiceDate" : null,
      "vendorInvoiceNumber" : "INV/ATG/IV/2018/4846",
      "vendorInvoiceDate" : "2018-04-05",
      "domesticOrForeignTransaction" : "D",
      "documentStatusCode" : "A",
      "paymentTermCode" : "N30",
      "documentOrderNumber" : 0,
      "documentOrderType" : "",
      "documentOrderSequence" : 0,
      "originalDocumentNumber" : 0,
      "originalDocumentType" : "",
      "originalDocumentSequence" : 0,
      "documentVoidStatus" : "",
      "voided" : false,
      "glClass" : "",
      "accountId" : "100.112100",
      "businessUnitId" : "110",
      "objectAccountCode" : "112100",
      "subsidiaryCode" : "",
      "subledger" : "",
      "subledgerType" : "",
      "accountDescription" : "Piutang Usaha - IDR",
      "description" : "Saldo Awal Piutang Absolute",
      "objectId" : "",
      "lastUpdateDateTime" : "2018-04-10T00:00:00",
      "inputDateTime" : "2018-04-10T00:00:00",
      "_links" : {
        "self" : {
          "href" : "http://localhost/api/invoices/11000_180390005_RI_10"
        },
        "receivableInvoice" : {
          "href" : "http://localhost/api/invoices/11000_180390005_RI_10"
        }
      }
    }, {
      "inputUserId" : "QSA",
      "lastUpdateUserId" : "SRI",
      "computerId" : "USER-PC",
      "companyId" : "11000",
      "invoiceNumber" : 180390006,
      "invoiceType" : "RI",
      "invoiceSequence" : 10,
      "invoiceDate" : "2018-04-08",
      "invoiceMatchStatus" : "",
      "batchNumber" : 1,
      "batchType" : "R",
      "glDate" : "2018-04-08",
      "customerId" : "1016",
      "payerId" : "1016",
      "salesmanId" : "",
      "dueDate" : "2018-03-28",
      "discountDueDate" : null,
      "closedDate" : "2018-04-10",
      "netAmount" : 4635000.00000,
      "openAmount" : 0.00000,
      "discountAmountAvailable" : 0.00000,
      "discountAmountTaken" : 0.00000,
      "baseTaxableAmount" : 4213636.36364,
      "taxableAmount" : 421363.63636,
      "foreignExtendedAmount" : 0.00000,
      "foreignDiscountAmountAvailable" : 0.00000,
      "foreignDiscountAmountTaken" : 0.00000,
      "foreignBaseTaxableAmount" : 0.00000,
      "foreignTaxableAmount" : 0.00000,
      "baseCurrency" : "IDR",
      "transactionCurrency" : "IDR",
      "exchangeRate" : 1.000000000,
      "taxCode" : "",
      "taxRate" : 0E-15,
      "taxAllowance" : "",
      "taxInvoiceNumber" : "",
      "taxInvoiceDate" : null,
      "vendorInvoiceNumber" : "INV/ATG/III/2018/4131",
      "vendorInvoiceDate" : "2018-03-14",
      "domesticOrForeignTransaction" : "D",
      "documentStatusCode" : "A",
      "paymentTermCode" : "N30",
      "documentOrderNumber" : 0,
      "documentOrderType" : "",
      "documentOrderSequence" : 0,
      "originalDocumentNumber" : 0,
      "originalDocumentType" : "",
      "originalDocumentSequence" : 0,
      "documentVoidStatus" : "",
      "voided" : false,
      "glClass" : "",
      "accountId" : "100.112100",
      "businessUnitId" : "110",
      "objectAccountCode" : "112100",
      "subsidiaryCode" : "",
      "subledger" : "",
      "subledgerType" : "",
      "accountDescription" : "Piutang Usaha - IDR",
      "description" : "Saldo Awal Piutang Absolutely",
      "objectId" : "F0314",
      "lastUpdateDateTime" : "2018-04-13T10:19:50",
      "inputDateTime" : "2018-04-10T00:00:00",
      "_links" : {
        "self" : {
          "href" : "http://localhost/api/invoices/11000_180390006_RI_10"
        },
        "receivableInvoice" : {
          "href" : "http://localhost/api/invoices/11000_180390006_RI_10"
        }
      }
    }, {
      "inputUserId" : "QSA",
      "lastUpdateUserId" : "QSA",
      "computerId" : "GLSVR171217",
      "companyId" : "11000",
      "invoiceNumber" : 180390007,
      "invoiceType" : "RI",
      "invoiceSequence" : 10,
      "invoiceDate" : "2018-04-08",
      "invoiceMatchStatus" : "",
      "batchNumber" : 1,
      "batchType" : "R",
      "glDate" : "2018-04-08",
      "customerId" : "1016",
      "payerId" : "1016",
      "salesmanId" : "",
      "dueDate" : "2018-04-04",
      "discountDueDate" : null,
      "closedDate" : null,
      "netAmount" : 920000.00000,
      "openAmount" : 920000.00000,
      "discountAmountAvailable" : 0.00000,
      "discountAmountTaken" : 0.00000,
      "baseTaxableAmount" : 836363.63636,
      "taxableAmount" : 83636.36364,
      "foreignExtendedAmount" : 0.00000,
      "foreignDiscountAmountAvailable" : 0.00000,
      "foreignDiscountAmountTaken" : 0.00000,
      "foreignBaseTaxableAmount" : 0.00000,
      "foreignTaxableAmount" : 0.00000,
      "baseCurrency" : "IDR",
      "transactionCurrency" : "IDR",
      "exchangeRate" : 1.000000000,
      "taxCode" : "",
      "taxRate" : 0E-15,
      "taxAllowance" : "",
      "taxInvoiceNumber" : "",
      "taxInvoiceDate" : null,
      "vendorInvoiceNumber" : "INV/ATG/III/2018/4321",
      "vendorInvoiceDate" : "2018-03-21",
      "domesticOrForeignTransaction" : "D",
      "documentStatusCode" : "A",
      "paymentTermCode" : "N30",
      "documentOrderNumber" : 0,
      "documentOrderType" : "",
      "documentOrderSequence" : 0,
      "originalDocumentNumber" : 0,
      "originalDocumentType" : "",
      "originalDocumentSequence" : 0,
      "documentVoidStatus" : "",
      "voided" : false,
      "glClass" : "",
      "accountId" : "100.112100",
      "businessUnitId" : "110",
      "objectAccountCode" : "112100",
      "subsidiaryCode" : "",
      "subledger" : "",
      "subledgerType" : "",
      "accountDescription" : "Piutang Usaha - IDR",
      "description" : "Saldo Awal Piutang Absolutely",
      "objectId" : "",
      "lastUpdateDateTime" : "2018-04-10T00:00:00",
      "inputDateTime" : "2018-04-10T00:00:00",
      "_links" : {
        "self" : {
          "href" : "http://localhost/api/invoices/11000_180390007_RI_10"
        },
        "receivableInvoice" : {
          "href" : "http://localhost/api/invoices/11000_180390007_RI_10"
        }
      }
    }, {
      "inputUserId" : "QSA",
      "lastUpdateUserId" : "ASIH",
      "computerId" : "A179",
      "companyId" : "11000",
      "invoiceNumber" : 180390008,
      "invoiceType" : "RI",
      "invoiceSequence" : 10,
      "invoiceDate" : "2018-04-08",
      "invoiceMatchStatus" : "",
      "batchNumber" : 1,
      "batchType" : "R",
      "glDate" : "2018-04-08",
      "customerId" : "1016",
      "payerId" : "1016",
      "salesmanId" : "",
      "dueDate" : "2018-04-11",
      "discountDueDate" : null,
      "closedDate" : "2018-04-17",
      "netAmount" : 3524000.00000,
      "openAmount" : 0.00000,
      "discountAmountAvailable" : 0.00000,
      "discountAmountTaken" : 0.00000,
      "baseTaxableAmount" : 3203636.36364,
      "taxableAmount" : 320363.63636,
      "foreignExtendedAmount" : 0.00000,
      "foreignDiscountAmountAvailable" : 0.00000,
      "foreignDiscountAmountTaken" : 0.00000,
      "foreignBaseTaxableAmount" : 0.00000,
      "foreignTaxableAmount" : 0.00000,
      "baseCurrency" : "IDR",
      "transactionCurrency" : "IDR",
      "exchangeRate" : 1.000000000,
      "taxCode" : "",
      "taxRate" : 0E-15,
      "taxAllowance" : "",
      "taxInvoiceNumber" : "",
      "taxInvoiceDate" : null,
      "vendorInvoiceNumber" : "INV/ATG/III/2018/4576.",
      "vendorInvoiceDate" : "2018-03-28",
      "domesticOrForeignTransaction" : "D",
      "documentStatusCode" : "A",
      "paymentTermCode" : "N30",
      "documentOrderNumber" : 0,
      "documentOrderType" : "",
      "documentOrderSequence" : 0,
      "originalDocumentNumber" : 0,
      "originalDocumentType" : "",
      "originalDocumentSequence" : 0,
      "documentVoidStatus" : "",
      "voided" : false,
      "glClass" : "",
      "accountId" : "100.112100",
      "businessUnitId" : "110",
      "objectAccountCode" : "112100",
      "subsidiaryCode" : "",
      "subledger" : "",
      "subledgerType" : "",
      "accountDescription" : "Piutang Usaha - IDR",
      "description" : "Saldo Awal Piutang Absolutely",
      "objectId" : "F0314",
      "lastUpdateDateTime" : "2018-04-19T10:03:10",
      "inputDateTime" : "2018-04-10T00:00:00",
      "_links" : {
        "self" : {
          "href" : "http://localhost/api/invoices/11000_180390008_RI_10"
        },
        "receivableInvoice" : {
          "href" : "http://localhost/api/invoices/11000_180390008_RI_10"
        }
      }
    }, {
      "inputUserId" : "QSA",
      "lastUpdateUserId" : "SRI",
      "computerId" : "USER-PC",
      "companyId" : "11000",
      "invoiceNumber" : 180390009,
      "invoiceType" : "RI",
      "invoiceSequence" : 10,
      "invoiceDate" : "2018-04-08",
      "invoiceMatchStatus" : "",
      "batchNumber" : 1,
      "batchType" : "R",
      "glDate" : "2018-04-08",
      "customerId" : "1021",
      "payerId" : "1021",
      "salesmanId" : "",
      "dueDate" : "2018-04-04",
      "discountDueDate" : null,
      "closedDate" : "2018-04-12",
      "netAmount" : 297000.00000,
      "openAmount" : 0.00000,
      "discountAmountAvailable" : 0.00000,
      "discountAmountTaken" : 0.00000,
      "baseTaxableAmount" : 270000.00000,
      "taxableAmount" : 27000.00000,
      "foreignExtendedAmount" : 0.00000,
      "foreignDiscountAmountAvailable" : 0.00000,
      "foreignDiscountAmountTaken" : 0.00000,
      "foreignBaseTaxableAmount" : 0.00000,
      "foreignTaxableAmount" : 0.00000,
      "baseCurrency" : "IDR",
      "transactionCurrency" : "IDR",
      "exchangeRate" : 1.000000000,
      "taxCode" : "",
      "taxRate" : 0E-15,
      "taxAllowance" : "",
      "taxInvoiceNumber" : "",
      "taxInvoiceDate" : null,
      "vendorInvoiceNumber" : "INV/ATG/III/2018/4578",
      "vendorInvoiceDate" : "2018-03-28",
      "domesticOrForeignTransaction" : "D",
      "documentStatusCode" : "A",
      "paymentTermCode" : "N30",
      "documentOrderNumber" : 0,
      "documentOrderType" : "",
      "documentOrderSequence" : 0,
      "originalDocumentNumber" : 0,
      "originalDocumentType" : "",
      "originalDocumentSequence" : 0,
      "documentVoidStatus" : "",
      "voided" : false,
      "glClass" : "",
      "accountId" : "100.112100",
      "businessUnitId" : "110",
      "objectAccountCode" : "112100",
      "subsidiaryCode" : "",
      "subledger" : "",
      "subledgerType" : "",
      "accountDescription" : "Piutang Usaha - IDR",
      "description" : "Saldo Awal Piutang Acessories",
      "objectId" : "F0314",
      "lastUpdateDateTime" : "2018-04-19T15:38:01",
      "inputDateTime" : "2018-04-10T00:00:00",
      "_links" : {
        "self" : {
          "href" : "http://localhost/api/invoices/11000_180390009_RI_10"
        },
        "receivableInvoice" : {
          "href" : "http://localhost/api/invoices/11000_180390009_RI_10"
        }
      }
    }, {
      "inputUserId" : "QSA",
      "lastUpdateUserId" : "QSA",
      "computerId" : "GLSVR171217",
      "companyId" : "11000",
      "invoiceNumber" : 180390010,
      "invoiceType" : "RI",
      "invoiceSequence" : 10,
      "invoiceDate" : "2018-04-08",
      "invoiceMatchStatus" : "",
      "batchNumber" : 1,
      "batchType" : "R",
      "glDate" : "2018-04-08",
      "customerId" : "1021",
      "payerId" : "1021",
      "salesmanId" : "",
      "dueDate" : "2018-04-16",
      "discountDueDate" : null,
      "closedDate" : null,
      "netAmount" : 2650000.00000,
      "openAmount" : 2650000.00000,
      "discountAmountAvailable" : 0.00000,
      "discountAmountTaken" : 0.00000,
      "baseTaxableAmount" : 2409090.90909,
      "taxableAmount" : 240909.09091,
      "foreignExtendedAmount" : 0.00000,
      "foreignDiscountAmountAvailable" : 0.00000,
      "foreignDiscountAmountTaken" : 0.00000,
      "foreignBaseTaxableAmount" : 0.00000,
      "foreignTaxableAmount" : 0.00000,
      "baseCurrency" : "IDR",
      "transactionCurrency" : "IDR",
      "exchangeRate" : 1.000000000,
      "taxCode" : "",
      "taxRate" : 0E-15,
      "taxAllowance" : "",
      "taxInvoiceNumber" : "",
      "taxInvoiceDate" : null,
      "vendorInvoiceNumber" : "INV/ATG/IV/2018/4667",
      "vendorInvoiceDate" : "2018-04-02",
      "domesticOrForeignTransaction" : "D",
      "documentStatusCode" : "A",
      "paymentTermCode" : "N30",
      "documentOrderNumber" : 0,
      "documentOrderType" : "",
      "documentOrderSequence" : 0,
      "originalDocumentNumber" : 0,
      "originalDocumentType" : "",
      "originalDocumentSequence" : 0,
      "documentVoidStatus" : "",
      "voided" : false,
      "glClass" : "",
      "accountId" : "100.112100",
      "businessUnitId" : "110",
      "objectAccountCode" : "112100",
      "subsidiaryCode" : "",
      "subledger" : "",
      "subledgerType" : "",
      "accountDescription" : "Piutang Usaha - IDR",
      "description" : "Saldo Awal Piutang Acessories",
      "objectId" : "",
      "lastUpdateDateTime" : "2018-04-10T00:00:00",
      "inputDateTime" : "2018-04-10T00:00:00",
      "_links" : {
        "self" : {
          "href" : "http://localhost/api/invoices/11000_180390010_RI_10"
        },
        "receivableInvoice" : {
          "href" : "http://localhost/api/invoices/11000_180390010_RI_10"
        }
      }
    }, {
      "inputUserId" : "QSA",
      "lastUpdateUserId" : "QSA",
      "computerId" : "GLSVR171217",
      "companyId" : "11000",
      "invoiceNumber" : 180390011,
      "invoiceType" : "RI",
      "invoiceSequence" : 10,
      "invoiceDate" : "2018-04-08",
      "invoiceMatchStatus" : "",
      "batchNumber" : 1,
      "batchType" : "R",
      "glDate" : "2018-04-08",
      "customerId" : "1021",
      "payerId" : "1021",
      "salesmanId" : "",
      "dueDate" : "2018-04-18",
      "discountDueDate" : null,
      "closedDate" : null,
      "netAmount" : 5700000.00000,
      "openAmount" : 5700000.00000,
      "discountAmountAvailable" : 0.00000,
      "discountAmountTaken" : 0.00000,
      "baseTaxableAmount" : 5181818.18182,
      "taxableAmount" : 518181.81818,
      "foreignExtendedAmount" : 0.00000,
      "foreignDiscountAmountAvailable" : 0.00000,
      "foreignDiscountAmountTaken" : 0.00000,
      "foreignBaseTaxableAmount" : 0.00000,
      "foreignTaxableAmount" : 0.00000,
      "baseCurrency" : "IDR",
      "transactionCurrency" : "IDR",
      "exchangeRate" : 1.000000000,
      "taxCode" : "",
      "taxRate" : 0E-15,
      "taxAllowance" : "",
      "taxInvoiceNumber" : "",
      "taxInvoiceDate" : null,
      "vendorInvoiceNumber" : "INV/ATG/IV/2018/4761",
      "vendorInvoiceDate" : "2018-04-04",
      "domesticOrForeignTransaction" : "D",
      "documentStatusCode" : "A",
      "paymentTermCode" : "N30",
      "documentOrderNumber" : 0,
      "documentOrderType" : "",
      "documentOrderSequence" : 0,
      "originalDocumentNumber" : 0,
      "originalDocumentType" : "",
      "originalDocumentSequence" : 0,
      "documentVoidStatus" : "",
      "voided" : false,
      "glClass" : "",
      "accountId" : "100.112100",
      "businessUnitId" : "110",
      "objectAccountCode" : "112100",
      "subsidiaryCode" : "",
      "subledger" : "",
      "subledgerType" : "",
      "accountDescription" : "Piutang Usaha - IDR",
      "description" : "Saldo Awal Piutang Acessories",
      "objectId" : "",
      "lastUpdateDateTime" : "2018-04-10T00:00:00",
      "inputDateTime" : "2018-04-10T00:00:00",
      "_links" : {
        "self" : {
          "href" : "http://localhost/api/invoices/11000_180390011_RI_10"
        },
        "receivableInvoice" : {
          "href" : "http://localhost/api/invoices/11000_180390011_RI_10"
        }
      }
    }, {
      "inputUserId" : "QSA",
      "lastUpdateUserId" : "ASIH",
      "computerId" : "A179",
      "companyId" : "11000",
      "invoiceNumber" : 180390012,
      "invoiceType" : "RI",
      "invoiceSequence" : 10,
      "invoiceDate" : "2018-04-08",
      "invoiceMatchStatus" : "",
      "batchNumber" : 1,
      "batchType" : "R",
      "glDate" : "2018-04-08",
      "customerId" : "1038",
      "payerId" : "1038",
      "salesmanId" : "",
      "dueDate" : "2018-04-12",
      "discountDueDate" : null,
      "closedDate" : "2018-04-16",
      "netAmount" : 20175002.00000,
      "openAmount" : 0.00000,
      "discountAmountAvailable" : 0.00000,
      "discountAmountTaken" : 0.00000,
      "baseTaxableAmount" : 18340910.90909,
      "taxableAmount" : 1834091.09091,
      "foreignExtendedAmount" : 0.00000,
      "foreignDiscountAmountAvailable" : 0.00000,
      "foreignDiscountAmountTaken" : 0.00000,
      "foreignBaseTaxableAmount" : 0.00000,
      "foreignTaxableAmount" : 0.00000,
      "baseCurrency" : "IDR",
      "transactionCurrency" : "IDR",
      "exchangeRate" : 1.000000000,
      "taxCode" : "",
      "taxRate" : 0E-15,
      "taxAllowance" : "",
      "taxInvoiceNumber" : "",
      "taxInvoiceDate" : null,
      "vendorInvoiceNumber" : "INV/ATG/III/2018/4618",
      "vendorInvoiceDate" : "2018-03-29",
      "domesticOrForeignTransaction" : "D",
      "documentStatusCode" : "A",
      "paymentTermCode" : "N30",
      "documentOrderNumber" : 0,
      "documentOrderType" : "",
      "documentOrderSequence" : 0,
      "originalDocumentNumber" : 0,
      "originalDocumentType" : "",
      "originalDocumentSequence" : 0,
      "documentVoidStatus" : "",
      "voided" : false,
      "glClass" : "",
      "accountId" : "100.112100",
      "businessUnitId" : "110",
      "objectAccountCode" : "112100",
      "subsidiaryCode" : "",
      "subledger" : "",
      "subledgerType" : "",
      "accountDescription" : "Piutang Usaha - IDR",
      "description" : "Saldo Awal Piutang AGP Computer",
      "objectId" : "F0314",
      "lastUpdateDateTime" : "2018-04-18T15:31:34",
      "inputDateTime" : "2018-04-10T00:00:00",
      "_links" : {
        "self" : {
          "href" : "http://localhost/api/invoices/11000_180390012_RI_10"
        },
        "receivableInvoice" : {
          "href" : "http://localhost/api/invoices/11000_180390012_RI_10"
        }
      }
    }, {
      "inputUserId" : "QSA",
      "lastUpdateUserId" : "ASIH",
      "computerId" : "A179",
      "companyId" : "11000",
      "invoiceNumber" : 180390013,
      "invoiceType" : "RI",
      "invoiceSequence" : 10,
      "invoiceDate" : "2018-04-08",
      "invoiceMatchStatus" : "",
      "batchNumber" : 1,
      "batchType" : "R",
      "glDate" : "2018-04-08",
      "customerId" : "1038",
      "payerId" : "1038",
      "salesmanId" : "",
      "dueDate" : "2018-04-19",
      "discountDueDate" : null,
      "closedDate" : "2018-04-20",
      "netAmount" : 6450004.00000,
      "openAmount" : 0.00000,
      "discountAmountAvailable" : 0.00000,
      "discountAmountTaken" : 0.00000,
      "baseTaxableAmount" : 5863640.00000,
      "taxableAmount" : 586364.00000,
      "foreignExtendedAmount" : 0.00000,
      "foreignDiscountAmountAvailable" : 0.00000,
      "foreignDiscountAmountTaken" : 0.00000,
      "foreignBaseTaxableAmount" : 0.00000,
      "foreignTaxableAmount" : 0.00000,
      "baseCurrency" : "IDR",
      "transactionCurrency" : "IDR",
      "exchangeRate" : 1.000000000,
      "taxCode" : "",
      "taxRate" : 0E-15,
      "taxAllowance" : "",
      "taxInvoiceNumber" : "",
      "taxInvoiceDate" : null,
      "vendorInvoiceNumber" : "INV/ATG/IV/2018/4818",
      "vendorInvoiceDate" : "2018-04-05",
      "domesticOrForeignTransaction" : "D",
      "documentStatusCode" : "A",
      "paymentTermCode" : "N30",
      "documentOrderNumber" : 0,
      "documentOrderType" : "",
      "documentOrderSequence" : 0,
      "originalDocumentNumber" : 0,
      "originalDocumentType" : "",
      "originalDocumentSequence" : 0,
      "documentVoidStatus" : "",
      "voided" : false,
      "glClass" : "",
      "accountId" : "100.112100",
      "businessUnitId" : "110",
      "objectAccountCode" : "112100",
      "subsidiaryCode" : "",
      "subledger" : "",
      "subledgerType" : "",
      "accountDescription" : "Piutang Usaha - IDR",
      "description" : "Saldo Awal Piutang AGP Computer",
      "objectId" : "F0314",
      "lastUpdateDateTime" : "2018-04-23T13:18:22",
      "inputDateTime" : "2018-04-10T00:00:00",
      "_links" : {
        "self" : {
          "href" : "http://localhost/api/invoices/11000_180390013_RI_10"
        },
        "receivableInvoice" : {
          "href" : "http://localhost/api/invoices/11000_180390013_RI_10"
        }
      }
    }, {
      "inputUserId" : "QSA",
      "lastUpdateUserId" : "SRI",
      "computerId" : "USER-PC",
      "companyId" : "11000",
      "invoiceNumber" : 180390014,
      "invoiceType" : "RI",
      "invoiceSequence" : 10,
      "invoiceDate" : "2018-04-08",
      "invoiceMatchStatus" : "",
      "batchNumber" : 1,
      "batchType" : "R",
      "glDate" : "2018-04-08",
      "customerId" : "1042",
      "payerId" : "1042",
      "salesmanId" : "",
      "dueDate" : "2018-04-06",
      "discountDueDate" : null,
      "closedDate" : "2018-04-09",
      "netAmount" : 5850002.00000,
      "openAmount" : 0.00000,
      "discountAmountAvailable" : 0.00000,
      "discountAmountTaken" : 0.00000,
      "baseTaxableAmount" : 5318183.63636,
      "taxableAmount" : 531818.36364,
      "foreignExtendedAmount" : 0.00000,
      "foreignDiscountAmountAvailable" : 0.00000,
      "foreignDiscountAmountTaken" : 0.00000,
      "foreignBaseTaxableAmount" : 0.00000,
      "foreignTaxableAmount" : 0.00000,
      "baseCurrency" : "IDR",
      "transactionCurrency" : "IDR",
      "exchangeRate" : 1.000000000,
      "taxCode" : "",
      "taxRate" : 0E-15,
      "taxAllowance" : "",
      "taxInvoiceNumber" : "",
      "taxInvoiceDate" : null,
      "vendorInvoiceNumber" : "INV/ATG/III/2018/4412",
      "vendorInvoiceDate" : "2018-03-23",
      "domesticOrForeignTransaction" : "D",
      "documentStatusCode" : "A",
      "paymentTermCode" : "N30",
      "documentOrderNumber" : 0,
      "documentOrderType" : "",
      "documentOrderSequence" : 0,
      "originalDocumentNumber" : 0,
      "originalDocumentType" : "",
      "originalDocumentSequence" : 0,
      "documentVoidStatus" : "",
      "voided" : false,
      "glClass" : "",
      "accountId" : "100.112100",
      "businessUnitId" : "110",
      "objectAccountCode" : "112100",
      "subsidiaryCode" : "",
      "subledger" : "",
      "subledgerType" : "",
      "accountDescription" : "Piutang Usaha - IDR",
      "description" : "Saldo Awal Piutang Agus",
      "objectId" : "F0314",
      "lastUpdateDateTime" : "2018-04-20T11:16:36",
      "inputDateTime" : "2018-04-10T00:00:00",
      "_links" : {
        "self" : {
          "href" : "http://localhost/api/invoices/11000_180390014_RI_10"
        },
        "receivableInvoice" : {
          "href" : "http://localhost/api/invoices/11000_180390014_RI_10"
        }
      }
    }, {
      "inputUserId" : "QSA",
      "lastUpdateUserId" : "SRI",
      "computerId" : "USER-PC",
      "companyId" : "11000",
      "invoiceNumber" : 180390015,
      "invoiceType" : "RI",
      "invoiceSequence" : 10,
      "invoiceDate" : "2018-04-08",
      "invoiceMatchStatus" : "",
      "batchNumber" : 1,
      "batchType" : "R",
      "glDate" : "2018-04-08",
      "customerId" : "1042",
      "payerId" : "1042",
      "salesmanId" : "",
      "dueDate" : "2018-04-11",
      "discountDueDate" : null,
      "closedDate" : "2018-04-12",
      "netAmount" : 5250000.00000,
      "openAmount" : 0.00000,
      "discountAmountAvailable" : 0.00000,
      "discountAmountTaken" : 0.00000,
      "baseTaxableAmount" : 4772727.27273,
      "taxableAmount" : 477272.72727,
      "foreignExtendedAmount" : 0.00000,
      "foreignDiscountAmountAvailable" : 0.00000,
      "foreignDiscountAmountTaken" : 0.00000,
      "foreignBaseTaxableAmount" : 0.00000,
      "foreignTaxableAmount" : 0.00000,
      "baseCurrency" : "IDR",
      "transactionCurrency" : "IDR",
      "exchangeRate" : 1.000000000,
      "taxCode" : "",
      "taxRate" : 0E-15,
      "taxAllowance" : "",
      "taxInvoiceNumber" : "",
      "taxInvoiceDate" : null,
      "vendorInvoiceNumber" : "INV/ATG/III/2018/4509",
      "vendorInvoiceDate" : "2018-03-28",
      "domesticOrForeignTransaction" : "D",
      "documentStatusCode" : "A",
      "paymentTermCode" : "N30",
      "documentOrderNumber" : 0,
      "documentOrderType" : "",
      "documentOrderSequence" : 0,
      "originalDocumentNumber" : 0,
      "originalDocumentType" : "",
      "originalDocumentSequence" : 0,
      "documentVoidStatus" : "",
      "voided" : false,
      "glClass" : "",
      "accountId" : "100.112100",
      "businessUnitId" : "110",
      "objectAccountCode" : "112100",
      "subsidiaryCode" : "",
      "subledger" : "",
      "subledgerType" : "",
      "accountDescription" : "Piutang Usaha - IDR",
      "description" : "Saldo Awal Piutang Agus",
      "objectId" : "F0314",
      "lastUpdateDateTime" : "2018-04-19T15:57:24",
      "inputDateTime" : "2018-04-10T00:00:00",
      "_links" : {
        "self" : {
          "href" : "http://localhost/api/invoices/11000_180390015_RI_10"
        },
        "receivableInvoice" : {
          "href" : "http://localhost/api/invoices/11000_180390015_RI_10"
        }
      }
    }, {
      "inputUserId" : "QSA",
      "lastUpdateUserId" : "ASIH",
      "computerId" : "A179",
      "companyId" : "11000",
      "invoiceNumber" : 180390016,
      "invoiceType" : "RI",
      "invoiceSequence" : 10,
      "invoiceDate" : "2018-04-08",
      "invoiceMatchStatus" : "",
      "batchNumber" : 1,
      "batchType" : "R",
      "glDate" : "2018-04-08",
      "customerId" : "1042",
      "payerId" : "1042",
      "salesmanId" : "",
      "dueDate" : "2018-04-11",
      "discountDueDate" : null,
      "closedDate" : "2018-04-17",
      "netAmount" : 1320000.00000,
      "openAmount" : 0.00000,
      "discountAmountAvailable" : 0.00000,
      "discountAmountTaken" : 0.00000,
      "baseTaxableAmount" : 1200000.00000,
      "taxableAmount" : 120000.00000,
      "foreignExtendedAmount" : 0.00000,
      "foreignDiscountAmountAvailable" : 0.00000,
      "foreignDiscountAmountTaken" : 0.00000,
      "foreignBaseTaxableAmount" : 0.00000,
      "foreignTaxableAmount" : 0.00000,
      "baseCurrency" : "IDR",
      "transactionCurrency" : "IDR",
      "exchangeRate" : 1.000000000,
      "taxCode" : "",
      "taxRate" : 0E-15,
      "taxAllowance" : "",
      "taxInvoiceNumber" : "",
      "taxInvoiceDate" : null,
      "vendorInvoiceNumber" : "INV/ATG/III/2018/4536",
      "vendorInvoiceDate" : "2018-03-28",
      "domesticOrForeignTransaction" : "D",
      "documentStatusCode" : "A",
      "paymentTermCode" : "N30",
      "documentOrderNumber" : 0,
      "documentOrderType" : "",
      "documentOrderSequence" : 0,
      "originalDocumentNumber" : 0,
      "originalDocumentType" : "",
      "originalDocumentSequence" : 0,
      "documentVoidStatus" : "",
      "voided" : false,
      "glClass" : "",
      "accountId" : "100.112100",
      "businessUnitId" : "110",
      "objectAccountCode" : "112100",
      "subsidiaryCode" : "",
      "subledger" : "",
      "subledgerType" : "",
      "accountDescription" : "Piutang Usaha - IDR",
      "description" : "Saldo Awal Piutang Agus",
      "objectId" : "F0314",
      "lastUpdateDateTime" : "2018-04-19T10:37:17",
      "inputDateTime" : "2018-04-10T00:00:00",
      "_links" : {
        "self" : {
          "href" : "http://localhost/api/invoices/11000_180390016_RI_10"
        },
        "receivableInvoice" : {
          "href" : "http://localhost/api/invoices/11000_180390016_RI_10"
        }
      }
    }, {
      "inputUserId" : "QSA",
      "lastUpdateUserId" : "SRI",
      "computerId" : "USER-PC",
      "companyId" : "11000",
      "invoiceNumber" : 180390017,
      "invoiceType" : "RI",
      "invoiceSequence" : 10,
      "invoiceDate" : "2018-04-08",
      "invoiceMatchStatus" : "",
      "batchNumber" : 1,
      "batchType" : "R",
      "glDate" : "2018-04-08",
      "customerId" : "1042",
      "payerId" : "1042",
      "salesmanId" : "",
      "dueDate" : "2018-04-11",
      "discountDueDate" : null,
      "closedDate" : "2018-04-12",
      "netAmount" : 556000.00000,
      "openAmount" : 0.00000,
      "discountAmountAvailable" : 0.00000,
      "discountAmountTaken" : 0.00000,
      "baseTaxableAmount" : 505454.54545,
      "taxableAmount" : 50545.45455,
      "foreignExtendedAmount" : 0.00000,
      "foreignDiscountAmountAvailable" : 0.00000,
      "foreignDiscountAmountTaken" : 0.00000,
      "foreignBaseTaxableAmount" : 0.00000,
      "foreignTaxableAmount" : 0.00000,
      "baseCurrency" : "IDR",
      "transactionCurrency" : "IDR",
      "exchangeRate" : 1.000000000,
      "taxCode" : "",
      "taxRate" : 0E-15,
      "taxAllowance" : "",
      "taxInvoiceNumber" : "",
      "taxInvoiceDate" : null,
      "vendorInvoiceNumber" : "INV/ATG/III/2018/4545",
      "vendorInvoiceDate" : "2018-03-28",
      "domesticOrForeignTransaction" : "D",
      "documentStatusCode" : "A",
      "paymentTermCode" : "N30",
      "documentOrderNumber" : 0,
      "documentOrderType" : "",
      "documentOrderSequence" : 0,
      "originalDocumentNumber" : 0,
      "originalDocumentType" : "",
      "originalDocumentSequence" : 0,
      "documentVoidStatus" : "",
      "voided" : false,
      "glClass" : "",
      "accountId" : "100.112100",
      "businessUnitId" : "110",
      "objectAccountCode" : "112100",
      "subsidiaryCode" : "",
      "subledger" : "",
      "subledgerType" : "",
      "accountDescription" : "Piutang Usaha - IDR",
      "description" : "Saldo Awal Piutang Agus",
      "objectId" : "F0314",
      "lastUpdateDateTime" : "2018-04-19T15:57:24",
      "inputDateTime" : "2018-04-10T00:00:00",
      "_links" : {
        "self" : {
          "href" : "http://localhost/api/invoices/11000_180390017_RI_10"
        },
        "receivableInvoice" : {
          "href" : "http://localhost/api/invoices/11000_180390017_RI_10"
        }
      }
    }, {
      "inputUserId" : "QSA",
      "lastUpdateUserId" : "SRI",
      "computerId" : "USER-PC",
      "companyId" : "11000",
      "invoiceNumber" : 180390018,
      "invoiceType" : "RI",
      "invoiceSequence" : 10,
      "invoiceDate" : "2018-04-08",
      "invoiceMatchStatus" : "",
      "batchNumber" : 1,
      "batchType" : "R",
      "glDate" : "2018-04-08",
      "customerId" : "1042",
      "payerId" : "1042",
      "salesmanId" : "",
      "dueDate" : "2018-04-11",
      "discountDueDate" : null,
      "closedDate" : "2018-04-12",
      "netAmount" : 189002.00000,
      "openAmount" : 0.00000,
      "discountAmountAvailable" : 0.00000,
      "discountAmountTaken" : 0.00000,
      "baseTaxableAmount" : 171820.00000,
      "taxableAmount" : 17182.00000,
      "foreignExtendedAmount" : 0.00000,
      "foreignDiscountAmountAvailable" : 0.00000,
      "foreignDiscountAmountTaken" : 0.00000,
      "foreignBaseTaxableAmount" : 0.00000,
      "foreignTaxableAmount" : 0.00000,
      "baseCurrency" : "IDR",
      "transactionCurrency" : "IDR",
      "exchangeRate" : 1.000000000,
      "taxCode" : "",
      "taxRate" : 0E-15,
      "taxAllowance" : "",
      "taxInvoiceNumber" : "",
      "taxInvoiceDate" : null,
      "vendorInvoiceNumber" : "INV/ATG/III/2018/4577.",
      "vendorInvoiceDate" : "2018-03-28",
      "domesticOrForeignTransaction" : "D",
      "documentStatusCode" : "A",
      "paymentTermCode" : "N30",
      "documentOrderNumber" : 0,
      "documentOrderType" : "",
      "documentOrderSequence" : 0,
      "originalDocumentNumber" : 0,
      "originalDocumentType" : "",
      "originalDocumentSequence" : 0,
      "documentVoidStatus" : "",
      "voided" : false,
      "glClass" : "",
      "accountId" : "100.112100",
      "businessUnitId" : "110",
      "objectAccountCode" : "112100",
      "subsidiaryCode" : "",
      "subledger" : "",
      "subledgerType" : "",
      "accountDescription" : "Piutang Usaha - IDR",
      "description" : "Saldo Awal Piutang Agus",
      "objectId" : "F0314",
      "lastUpdateDateTime" : "2018-04-19T15:57:24",
      "inputDateTime" : "2018-04-10T00:00:00",
      "_links" : {
        "self" : {
          "href" : "http://localhost/api/invoices/11000_180390018_RI_10"
        },
        "receivableInvoice" : {
          "href" : "http://localhost/api/invoices/11000_180390018_RI_10"
        }
      }
    } ]
  },
  "_links" : {
    "first" : {
      "href" : "http://localhost/api/invoices/?page=0&size=20"
    },
    "self" : {
      "href" : "http://localhost/api/invoices/?page=0&size=20"
    },
    "next" : {
      "href" : "http://localhost/api/invoices/?page=1&size=20"
    },
    "last" : {
      "href" : "http://localhost/api/invoices/?page=72&size=20"
    }
  },
  "page" : {
    "size" : 20,
    "totalElements" : 1443,
    "totalPages" : 73,
    "number" : 0
  }
}
    Forwarded URL = null
   Redirected URL = null
          Cookies = []
Hibernate: select TOP(?) receivable0_.ricoid as ricoid1_22_, receivable0_.ridocino as ridocino2_22_, receivable0_.ridocisq as ridocisq3_22_, receivable0_.ridocity as ridocity4_22_, receivable0_.ricid as ricid5_22_, receivable0_.ridtin as ridtin6_22_, receivable0_.ritmin as ritmin7_22_, receivable0_.riuid as riuid8_22_, receivable0_.ridtlu as ridtlu9_22_, receivable0_.ritmlu as ritmlu10_22_, receivable0_.riuidm as riuidm11_22_, receivable0_.ridesb1 as ridesb12_22_, receivable0_.riacid as riacid13_22_, receivable0_.ricrcb as ricrcb14_22_, receivable0_.ritaxab as ritaxab15_22_, receivable0_.riicu as riicu16_22_, receivable0_.riicut as riicut17_22_, receivable0_.ribuid as ribuid18_22_, receivable0_.ricldt as ricldt19_22_, receivable0_.ricsid as ricsid20_22_, receivable0_.ridesb2 as ridesb21_22_, receivable0_.riadsca as riadsca22_22_, receivable0_.riadsct as riadsct23_22_, receivable0_.ridcdt as ridcdt24_22_, receivable0_.ridocono as ridocon25_22_, receivable0_.ridocosq as ridocos26_22_, receivable0_.ridocoty as ridocot27_22_, receivable0_.ridsc as ridsc28_22_, receivable0_.ridvs as ridvs29_22_, receivable0_.ridoft as ridoft30_22_, receivable0_.ridudt as ridudt31_22_, receivable0_.riexcrt as riexcrt32_22_, receivable0_.riftb as riftb33_22_, receivable0_.rifda as rifda34_22_, receivable0_.rifdt as rifdt35_22_, receivable0_.rifea as rifea36_22_, receivable0_.rifta as rifta37_22_, receivable0_.riglcls as riglcls38_22_, receivable0_.rigldt as rigldt39_22_, receivable0_.ridocidt as ridocid40_22_, receivable0_.riims as riims41_22_, receivable0_.riamnt as riamnt42_22_, receivable0_.riobj as riobj43_22_, receivable0_.riobid as riobid44_22_, receivable0_.riaop as riaop45_22_, receivable0_.riordocno as riordoc46_22_, receivable0_.riordocsq as riordoc47_22_, receivable0_.riordocty as riordoc48_22_, receivable0_.ripyid as ripyid49_22_, receivable0_.riptc as riptc50_22_, receivable0_.rislid as rislid51_22_, receivable0_.risubl as risubl52_22_, receivable0_.risublt as risublt53_22_, receivable0_.risub as risub54_22_, receivable0_.ritaxal as ritaxal55_22_, receivable0_.ritaxcd as ritaxcd56_22_, receivable0_.ritaxidt as ritaxid57_22_, receivable0_.ritaxino as ritaxin58_22_, receivable0_.ritaxrt as ritaxrt59_22_, receivable0_.ritaxam as ritaxam60_22_, receivable0_.ricrct as ricrct61_22_, receivable0_.riinvdt as riinvdt62_22_, receivable0_.riinvno as riinvno63_22_ from t0311 receivable0_
Hibernate: select count(receivable0_.ricoid) as col_0_0_ from t0311 receivable0_
2018-12-27 11:25:39.067  INFO 2120 --- [    Test worker] o.s.t.c.transaction.TransactionContext   : Rolled back transaction for test: [DefaultTestContext@2a6f8192 testClass = ReceivableInvoiceApiTest, testInstance = ags.goldenlionerp.apiTests.accountReceivable.ReceivableInvoiceApiTest@24b1b698, testMethod = getVoidedCollection@ReceivableInvoiceApiTest, testException = [null], mergedContextConfiguration = [WebMergedContextConfiguration@3b7cd410 testClass = ReceivableInvoiceApiTest, locations = '{}', classes = '{class ags.goldenlionerp.GoldenLionErpApplication}', contextInitializerClasses = '[]', activeProfiles = '{}', propertySourceLocations = '{classpath:test.properties}', propertySourceProperties = '{org.springframework.boot.test.context.SpringBootTestContextBootstrapper=true}', contextCustomizers = set[org.springframework.boot.test.autoconfigure.properties.PropertyMappingContextCustomizer@0, org.springframework.boot.test.autoconfigure.web.servlet.WebDriverContextCustomizerFactory$Customizer@636d731e, [ImportsContextCustomizer@4f45b10 key = [ags.goldenlionerp.apiTests.ApiTestBase$TestConfig]], org.springframework.boot.test.context.filter.ExcludeFilterContextCustomizer@6afa5291, org.springframework.boot.test.json.DuplicateJsonObjectContextCustomizerFactory$DuplicateJsonObjectContextCustomizer@20cebcb4, org.springframework.boot.test.mock.mockito.MockitoContextCustomizer@0, org.springframework.boot.test.web.client.TestRestTemplateContextCustomizer@49a32273], resourceBasePath = 'src/main/webapp', contextLoader = 'org.springframework.boot.test.context.SpringBootContextLoader', parent = [null]], attributes = map['org.springframework.test.context.web.ServletTestExecutionListener.activateListener' -> true, 'org.springframework.test.context.web.ServletTestExecutionListener.populatedRequestContextHolder' -> true, 'org.springframework.test.context.web.ServletTestExecutionListener.resetRequestContextHolder' -> true]]
2018-12-27 11:25:39.069  INFO 2120 --- [    Test worker] o.s.t.c.transaction.TransactionContext   : Began transaction (1) for test context [DefaultTestContext@2a6f8192 testClass = ReceivableInvoiceApiTest, testInstance = ags.goldenlionerp.apiTests.accountReceivable.ReceivableInvoiceApiTest@56d70f76, testMethod = updateTestWithPost@ReceivableInvoiceApiTest, testException = [null], mergedContextConfiguration = [WebMergedContextConfiguration@3b7cd410 testClass = ReceivableInvoiceApiTest, locations = '{}', classes = '{class ags.goldenlionerp.GoldenLionErpApplication}', contextInitializerClasses = '[]', activeProfiles = '{}', propertySourceLocations = '{classpath:test.properties}', propertySourceProperties = '{org.springframework.boot.test.context.SpringBootTestContextBootstrapper=true}', contextCustomizers = set[org.springframework.boot.test.autoconfigure.properties.PropertyMappingContextCustomizer@0, org.springframework.boot.test.autoconfigure.web.servlet.WebDriverContextCustomizerFactory$Customizer@636d731e, [ImportsContextCustomizer@4f45b10 key = [ags.goldenlionerp.apiTests.ApiTestBase$TestConfig]], org.springframework.boot.test.context.filter.ExcludeFilterContextCustomizer@6afa5291, org.springframework.boot.test.json.DuplicateJsonObjectContextCustomizerFactory$DuplicateJsonObjectContextCustomizer@20cebcb4, org.springframework.boot.test.mock.mockito.MockitoContextCustomizer@0, org.springframework.boot.test.web.client.TestRestTemplateContextCustomizer@49a32273], resourceBasePath = 'src/main/webapp', contextLoader = 'org.springframework.boot.test.context.SpringBootContextLoader', parent = [null]], attributes = map['org.springframework.test.context.web.ServletTestExecutionListener.activateListener' -> true, 'org.springframework.test.context.web.ServletTestExecutionListener.populatedRequestContextHolder' -> true, 'org.springframework.test.context.web.ServletTestExecutionListener.resetRequestContextHolder' -> true]]; transaction manager [org.springframework.orm.jpa.JpaTransactionManager@75de8c12]; rollback [true]
2018-12-27 11:25:39.070  INFO 2120 --- [    Test worker] o.s.b.t.m.w.SpringBootMockServletContext : Initializing Spring FrameworkServlet ''
2018-12-27 11:25:39.070  INFO 2120 --- [    Test worker] o.s.t.web.servlet.TestDispatcherServlet  : FrameworkServlet '': initialization started
2018-12-27 11:25:39.076  INFO 2120 --- [    Test worker] o.s.t.web.servlet.TestDispatcherServlet  : FrameworkServlet '': initialization completed in 6 ms
Hibernate: select receivable0_.ricoid as ricoid1_22_, receivable0_.ridocino as ridocino2_22_, receivable0_.ridocisq as ridocisq3_22_, receivable0_.ridocity as ridocity4_22_, receivable0_.ricid as ricid5_22_, receivable0_.ridtin as ridtin6_22_, receivable0_.ritmin as ritmin7_22_, receivable0_.riuid as riuid8_22_, receivable0_.ridtlu as ridtlu9_22_, receivable0_.ritmlu as ritmlu10_22_, receivable0_.riuidm as riuidm11_22_, receivable0_.ridesb1 as ridesb12_22_, receivable0_.riacid as riacid13_22_, receivable0_.ricrcb as ricrcb14_22_, receivable0_.ritaxab as ritaxab15_22_, receivable0_.riicu as riicu16_22_, receivable0_.riicut as riicut17_22_, receivable0_.ribuid as ribuid18_22_, receivable0_.ricldt as ricldt19_22_, receivable0_.ricsid as ricsid20_22_, receivable0_.ridesb2 as ridesb21_22_, receivable0_.riadsca as riadsca22_22_, receivable0_.riadsct as riadsct23_22_, receivable0_.ridcdt as ridcdt24_22_, receivable0_.ridocono as ridocon25_22_, receivable0_.ridocosq as ridocos26_22_, receivable0_.ridocoty as ridocot27_22_, receivable0_.ridsc as ridsc28_22_, receivable0_.ridvs as ridvs29_22_, receivable0_.ridoft as ridoft30_22_, receivable0_.ridudt as ridudt31_22_, receivable0_.riexcrt as riexcrt32_22_, receivable0_.riftb as riftb33_22_, receivable0_.rifda as rifda34_22_, receivable0_.rifdt as rifdt35_22_, receivable0_.rifea as rifea36_22_, receivable0_.rifta as rifta37_22_, receivable0_.riglcls as riglcls38_22_, receivable0_.rigldt as rigldt39_22_, receivable0_.ridocidt as ridocid40_22_, receivable0_.riims as riims41_22_, receivable0_.riamnt as riamnt42_22_, receivable0_.riobj as riobj43_22_, receivable0_.riobid as riobid44_22_, receivable0_.riaop as riaop45_22_, receivable0_.riordocno as riordoc46_22_, receivable0_.riordocsq as riordoc47_22_, receivable0_.riordocty as riordoc48_22_, receivable0_.ripyid as ripyid49_22_, receivable0_.riptc as riptc50_22_, receivable0_.rislid as rislid51_22_, receivable0_.risubl as risubl52_22_, receivable0_.risublt as risublt53_22_, receivable0_.risub as risub54_22_, receivable0_.ritaxal as ritaxal55_22_, receivable0_.ritaxcd as ritaxcd56_22_, receivable0_.ritaxidt as ritaxid57_22_, receivable0_.ritaxino as ritaxin58_22_, receivable0_.ritaxrt as ritaxrt59_22_, receivable0_.ritaxam as ritaxam60_22_, receivable0_.ricrct as ricrct61_22_, receivable0_.riinvdt as riinvdt62_22_, receivable0_.riinvno as riinvno63_22_ from t0311 receivable0_ where receivable0_.ridvs='' and receivable0_.ricoid=? and receivable0_.ridocino=? and receivable0_.ridocisq=? and receivable0_.ridocity=?
Hibernate: select receivable0_.ricoid as ricoid1_22_, receivable0_.ridocino as ridocino2_22_, receivable0_.ridocisq as ridocisq3_22_, receivable0_.ridocity as ridocity4_22_, receivable0_.ricid as ricid5_22_, receivable0_.ridtin as ridtin6_22_, receivable0_.ritmin as ritmin7_22_, receivable0_.riuid as riuid8_22_, receivable0_.ridtlu as ridtlu9_22_, receivable0_.ritmlu as ritmlu10_22_, receivable0_.riuidm as riuidm11_22_, receivable0_.ridesb1 as ridesb12_22_, receivable0_.riacid as riacid13_22_, receivable0_.ricrcb as ricrcb14_22_, receivable0_.ritaxab as ritaxab15_22_, receivable0_.riicu as riicu16_22_, receivable0_.riicut as riicut17_22_, receivable0_.ribuid as ribuid18_22_, receivable0_.ricldt as ricldt19_22_, receivable0_.ricsid as ricsid20_22_, receivable0_.ridesb2 as ridesb21_22_, receivable0_.riadsca as riadsca22_22_, receivable0_.riadsct as riadsct23_22_, receivable0_.ridcdt as ridcdt24_22_, receivable0_.ridocono as ridocon25_22_, receivable0_.ridocosq as ridocos26_22_, receivable0_.ridocoty as ridocot27_22_, receivable0_.ridsc as ridsc28_22_, receivable0_.ridvs as ridvs29_22_, receivable0_.ridoft as ridoft30_22_, receivable0_.ridudt as ridudt31_22_, receivable0_.riexcrt as riexcrt32_22_, receivable0_.riftb as riftb33_22_, receivable0_.rifda as rifda34_22_, receivable0_.rifdt as rifdt35_22_, receivable0_.rifea as rifea36_22_, receivable0_.rifta as rifta37_22_, receivable0_.riglcls as riglcls38_22_, receivable0_.rigldt as rigldt39_22_, receivable0_.ridocidt as ridocid40_22_, receivable0_.riims as riims41_22_, receivable0_.riamnt as riamnt42_22_, receivable0_.riobj as riobj43_22_, receivable0_.riobid as riobid44_22_, receivable0_.riaop as riaop45_22_, receivable0_.riordocno as riordoc46_22_, receivable0_.riordocsq as riordoc47_22_, receivable0_.riordocty as riordoc48_22_, receivable0_.ripyid as ripyid49_22_, receivable0_.riptc as riptc50_22_, receivable0_.rislid as rislid51_22_, receivable0_.risubl as risubl52_22_, receivable0_.risublt as risublt53_22_, receivable0_.risub as risub54_22_, receivable0_.ritaxal as ritaxal55_22_, receivable0_.ritaxcd as ritaxcd56_22_, receivable0_.ritaxidt as ritaxid57_22_, receivable0_.ritaxino as ritaxin58_22_, receivable0_.ritaxrt as ritaxrt59_22_, receivable0_.ritaxam as ritaxam60_22_, receivable0_.ricrct as ricrct61_22_, receivable0_.riinvdt as riinvdt62_22_, receivable0_.riinvno as riinvno63_22_ from t0311 receivable0_ where receivable0_.ridvs='' and receivable0_.ricoid=? and receivable0_.ridocino=? and receivable0_.ridocisq=? and receivable0_.ridocity=?
2018-12-27 11:25:39.107  INFO 2120 --- [    Test worker] o.s.t.c.transaction.TransactionContext   : Rolled back transaction for test: [DefaultTestContext@2a6f8192 testClass = ReceivableInvoiceApiTest, testInstance = ags.goldenlionerp.apiTests.accountReceivable.ReceivableInvoiceApiTest@56d70f76, testMethod = updateTestWithPost@ReceivableInvoiceApiTest, testException = [null], mergedContextConfiguration = [WebMergedContextConfiguration@3b7cd410 testClass = ReceivableInvoiceApiTest, locations = '{}', classes = '{class ags.goldenlionerp.GoldenLionErpApplication}', contextInitializerClasses = '[]', activeProfiles = '{}', propertySourceLocations = '{classpath:test.properties}', propertySourceProperties = '{org.springframework.boot.test.context.SpringBootTestContextBootstrapper=true}', contextCustomizers = set[org.springframework.boot.test.autoconfigure.properties.PropertyMappingContextCustomizer@0, org.springframework.boot.test.autoconfigure.web.servlet.WebDriverContextCustomizerFactory$Customizer@636d731e, [ImportsContextCustomizer@4f45b10 key = [ags.goldenlionerp.apiTests.ApiTestBase$TestConfig]], org.springframework.boot.test.context.filter.ExcludeFilterContextCustomizer@6afa5291, org.springframework.boot.test.json.DuplicateJsonObjectContextCustomizerFactory$DuplicateJsonObjectContextCustomizer@20cebcb4, org.springframework.boot.test.mock.mockito.MockitoContextCustomizer@0, org.springframework.boot.test.web.client.TestRestTemplateContextCustomizer@49a32273], resourceBasePath = 'src/main/webapp', contextLoader = 'org.springframework.boot.test.context.SpringBootContextLoader', parent = [null]], attributes = map['org.springframework.test.context.web.ServletTestExecutionListener.activateListener' -> true, 'org.springframework.test.context.web.ServletTestExecutionListener.populatedRequestContextHolder' -> true, 'org.springframework.test.context.web.ServletTestExecutionListener.resetRequestContextHolder' -> true]]
2018-12-27 11:25:39.110  INFO 2120 --- [    Test worker] o.s.t.c.transaction.TransactionContext   : Began transaction (1) for test context [DefaultTestContext@2a6f8192 testClass = ReceivableInvoiceApiTest, testInstance = ags.goldenlionerp.apiTests.accountReceivable.ReceivableInvoiceApiTest@34156ddc, testMethod = createTestNoInvoiceNumber@ReceivableInvoiceApiTest, testException = [null], mergedContextConfiguration = [WebMergedContextConfiguration@3b7cd410 testClass = ReceivableInvoiceApiTest, locations = '{}', classes = '{class ags.goldenlionerp.GoldenLionErpApplication}', contextInitializerClasses = '[]', activeProfiles = '{}', propertySourceLocations = '{classpath:test.properties}', propertySourceProperties = '{org.springframework.boot.test.context.SpringBootTestContextBootstrapper=true}', contextCustomizers = set[org.springframework.boot.test.autoconfigure.properties.PropertyMappingContextCustomizer@0, org.springframework.boot.test.autoconfigure.web.servlet.WebDriverContextCustomizerFactory$Customizer@636d731e, [ImportsContextCustomizer@4f45b10 key = [ags.goldenlionerp.apiTests.ApiTestBase$TestConfig]], org.springframework.boot.test.context.filter.ExcludeFilterContextCustomizer@6afa5291, org.springframework.boot.test.json.DuplicateJsonObjectContextCustomizerFactory$DuplicateJsonObjectContextCustomizer@20cebcb4, org.springframework.boot.test.mock.mockito.MockitoContextCustomizer@0, org.springframework.boot.test.web.client.TestRestTemplateContextCustomizer@49a32273], resourceBasePath = 'src/main/webapp', contextLoader = 'org.springframework.boot.test.context.SpringBootContextLoader', parent = [null]], attributes = map['org.springframework.test.context.web.ServletTestExecutionListener.activateListener' -> true, 'org.springframework.test.context.web.ServletTestExecutionListener.populatedRequestContextHolder' -> true, 'org.springframework.test.context.web.ServletTestExecutionListener.resetRequestContextHolder' -> true]]; transaction manager [org.springframework.orm.jpa.JpaTransactionManager@75de8c12]; rollback [true]
2018-12-27 11:25:39.111  INFO 2120 --- [    Test worker] o.s.b.t.m.w.SpringBootMockServletContext : Initializing Spring FrameworkServlet ''
2018-12-27 11:25:39.111  INFO 2120 --- [    Test worker] o.s.t.web.servlet.TestDispatcherServlet  : FrameworkServlet '': initialization started
2018-12-27 11:25:39.116  INFO 2120 --- [    Test worker] o.s.t.web.servlet.TestDispatcherServlet  : FrameworkServlet '': initialization completed in 5 ms
Hibernate: select nextnumber0_.ncdocty as ncdocty1_3_0_, nextnumber0_.nccid as nccid2_3_0_, nextnumber0_.ncdtin as ncdtin3_3_0_, nextnumber0_.nctmin as nctmin4_3_0_, nextnumber0_.ncuid as ncuid5_3_0_, nextnumber0_.ncdtlu as ncdtlu6_3_0_, nextnumber0_.nctmlu as nctmlu7_3_0_, nextnumber0_.ncuidm as ncuidm8_3_0_, nextnumber0_.ncinmo as ncinmo9_3_0_, nextnumber0_.ncinyr as ncinyr10_3_0_, nextnumber0_.ncrsmt as ncrsmt11_3_0_, nextnumber0_.ncrsat as ncrsat12_3_0_ from t0010n nextnumber0_ where nextnumber0_.ncdocty=?
Hibernate: select nextnumber0_.nncoid as nncoid1_0_0_, nextnumber0_.nndocbty as nndocbty2_0_0_, nextnumber0_.nnmo as nnmo3_0_0_, nextnumber0_.nnyr as nnyr4_0_0_, nextnumber0_.nncid as nncid5_0_0_, nextnumber0_.nndtin as nndtin6_0_0_, nextnumber0_.nntmin as nntmin7_0_0_, nextnumber0_.nnuid as nnuid8_0_0_, nextnumber0_.nndtlu as nndtlu9_0_0_, nextnumber0_.nntmlu as nntmlu10_0_0_, nextnumber0_.nnuidm as nnuidm11_0_0_, nextnumber0_.nnseq as nnseq12_0_0_ from t0002 nextnumber0_ where nextnumber0_.nncoid=? and nextnumber0_.nndocbty=? and nextnumber0_.nnmo=? and nextnumber0_.nnyr=?
Hibernate: select nextnumber0_.nncoid as nncoid1_0_0_, nextnumber0_.nndocbty as nndocbty2_0_0_, nextnumber0_.nnmo as nnmo3_0_0_, nextnumber0_.nnyr as nnyr4_0_0_, nextnumber0_.nncid as nncid5_0_0_, nextnumber0_.nndtin as nndtin6_0_0_, nextnumber0_.nntmin as nntmin7_0_0_, nextnumber0_.nnuid as nnuid8_0_0_, nextnumber0_.nndtlu as nndtlu9_0_0_, nextnumber0_.nntmlu as nntmlu10_0_0_, nextnumber0_.nnuidm as nnuidm11_0_0_, nextnumber0_.nnseq as nnseq12_0_0_ from t0002 nextnumber0_ where nextnumber0_.nncoid=? and nextnumber0_.nndocbty=? and nextnumber0_.nnmo=? and nextnumber0_.nnyr=?
Hibernate: select receivable0_.ricoid as ricoid1_22_, receivable0_.ridocino as ridocino2_22_, receivable0_.ridocisq as ridocisq3_22_, receivable0_.ridocity as ridocity4_22_, receivable0_.ricid as ricid5_22_, receivable0_.ridtin as ridtin6_22_, receivable0_.ritmin as ritmin7_22_, receivable0_.riuid as riuid8_22_, receivable0_.ridtlu as ridtlu9_22_, receivable0_.ritmlu as ritmlu10_22_, receivable0_.riuidm as riuidm11_22_, receivable0_.ridesb1 as ridesb12_22_, receivable0_.riacid as riacid13_22_, receivable0_.ricrcb as ricrcb14_22_, receivable0_.ritaxab as ritaxab15_22_, receivable0_.riicu as riicu16_22_, receivable0_.riicut as riicut17_22_, receivable0_.ribuid as ribuid18_22_, receivable0_.ricldt as ricldt19_22_, receivable0_.ricsid as ricsid20_22_, receivable0_.ridesb2 as ridesb21_22_, receivable0_.riadsca as riadsca22_22_, receivable0_.riadsct as riadsct23_22_, receivable0_.ridcdt as ridcdt24_22_, receivable0_.ridocono as ridocon25_22_, receivable0_.ridocosq as ridocos26_22_, receivable0_.ridocoty as ridocot27_22_, receivable0_.ridsc as ridsc28_22_, receivable0_.ridvs as ridvs29_22_, receivable0_.ridoft as ridoft30_22_, receivable0_.ridudt as ridudt31_22_, receivable0_.riexcrt as riexcrt32_22_, receivable0_.riftb as riftb33_22_, receivable0_.rifda as rifda34_22_, receivable0_.rifdt as rifdt35_22_, receivable0_.rifea as rifea36_22_, receivable0_.rifta as rifta37_22_, receivable0_.riglcls as riglcls38_22_, receivable0_.rigldt as rigldt39_22_, receivable0_.ridocidt as ridocid40_22_, receivable0_.riims as riims41_22_, receivable0_.riamnt as riamnt42_22_, receivable0_.riobj as riobj43_22_, receivable0_.riobid as riobid44_22_, receivable0_.riaop as riaop45_22_, receivable0_.riordocno as riordoc46_22_, receivable0_.riordocsq as riordoc47_22_, receivable0_.riordocty as riordoc48_22_, receivable0_.ripyid as ripyid49_22_, receivable0_.riptc as riptc50_22_, receivable0_.rislid as rislid51_22_, receivable0_.risubl as risubl52_22_, receivable0_.risublt as risublt53_22_, receivable0_.risub as risub54_22_, receivable0_.ritaxal as ritaxal55_22_, receivable0_.ritaxcd as ritaxcd56_22_, receivable0_.ritaxidt as ritaxid57_22_, receivable0_.ritaxino as ritaxin58_22_, receivable0_.ritaxrt as ritaxrt59_22_, receivable0_.ritaxam as ritaxam60_22_, receivable0_.ricrct as ricrct61_22_, receivable0_.riinvdt as riinvdt62_22_, receivable0_.riinvno as riinvno63_22_ from t0311 receivable0_ where receivable0_.ridvs='' and receivable0_.ricoid=? and receivable0_.ridocino=? and receivable0_.ridocisq=? and receivable0_.ridocity=?
Hibernate: select nextnumber0_.nncoid as nncoid1_0_0_, nextnumber0_.nndocbty as nndocbty2_0_0_, nextnumber0_.nnmo as nnmo3_0_0_, nextnumber0_.nnyr as nnyr4_0_0_, nextnumber0_.nncid as nncid5_0_0_, nextnumber0_.nndtin as nndtin6_0_0_, nextnumber0_.nntmin as nntmin7_0_0_, nextnumber0_.nnuid as nnuid8_0_0_, nextnumber0_.nndtlu as nndtlu9_0_0_, nextnumber0_.nntmlu as nntmlu10_0_0_, nextnumber0_.nnuidm as nnuidm11_0_0_, nextnumber0_.nnseq as nnseq12_0_0_ from t0002 nextnumber0_ where nextnumber0_.nncoid=? and nextnumber0_.nndocbty=? and nextnumber0_.nnmo=? and nextnumber0_.nnyr=?
Hibernate: select nextnumber0_.nncoid as nncoid1_0_0_, nextnumber0_.nndocbty as nndocbty2_0_0_, nextnumber0_.nnmo as nnmo3_0_0_, nextnumber0_.nnyr as nnyr4_0_0_, nextnumber0_.nncid as nncid5_0_0_, nextnumber0_.nndtin as nndtin6_0_0_, nextnumber0_.nntmin as nntmin7_0_0_, nextnumber0_.nnuid as nnuid8_0_0_, nextnumber0_.nndtlu as nndtlu9_0_0_, nextnumber0_.nntmlu as nntmlu10_0_0_, nextnumber0_.nnuidm as nnuidm11_0_0_, nextnumber0_.nnseq as nnseq12_0_0_ from t0002 nextnumber0_ where nextnumber0_.nncoid=? and nextnumber0_.nndocbty=? and nextnumber0_.nnmo=? and nextnumber0_.nnyr=?
Hibernate: select nextnumber0_.nncoid as nncoid1_0_0_, nextnumber0_.nndocbty as nndocbty2_0_0_, nextnumber0_.nnmo as nnmo3_0_0_, nextnumber0_.nnyr as nnyr4_0_0_, nextnumber0_.nncid as nncid5_0_0_, nextnumber0_.nndtin as nndtin6_0_0_, nextnumber0_.nntmin as nntmin7_0_0_, nextnumber0_.nnuid as nnuid8_0_0_, nextnumber0_.nndtlu as nndtlu9_0_0_, nextnumber0_.nntmlu as nntmlu10_0_0_, nextnumber0_.nnuidm as nnuidm11_0_0_, nextnumber0_.nnseq as nnseq12_0_0_ from t0002 nextnumber0_ where nextnumber0_.nncoid=? and nextnumber0_.nndocbty=? and nextnumber0_.nnmo=? and nextnumber0_.nnyr=?
Hibernate: select receivable0_.ricoid as ricoid1_22_, receivable0_.ridocino as ridocino2_22_, receivable0_.ridocisq as ridocisq3_22_, receivable0_.ridocity as ridocity4_22_, receivable0_.ricid as ricid5_22_, receivable0_.ridtin as ridtin6_22_, receivable0_.ritmin as ritmin7_22_, receivable0_.riuid as riuid8_22_, receivable0_.ridtlu as ridtlu9_22_, receivable0_.ritmlu as ritmlu10_22_, receivable0_.riuidm as riuidm11_22_, receivable0_.ridesb1 as ridesb12_22_, receivable0_.riacid as riacid13_22_, receivable0_.ricrcb as ricrcb14_22_, receivable0_.ritaxab as ritaxab15_22_, receivable0_.riicu as riicu16_22_, receivable0_.riicut as riicut17_22_, receivable0_.ribuid as ribuid18_22_, receivable0_.ricldt as ricldt19_22_, receivable0_.ricsid as ricsid20_22_, receivable0_.ridesb2 as ridesb21_22_, receivable0_.riadsca as riadsca22_22_, receivable0_.riadsct as riadsct23_22_, receivable0_.ridcdt as ridcdt24_22_, receivable0_.ridocono as ridocon25_22_, receivable0_.ridocosq as ridocos26_22_, receivable0_.ridocoty as ridocot27_22_, receivable0_.ridsc as ridsc28_22_, receivable0_.ridvs as ridvs29_22_, receivable0_.ridoft as ridoft30_22_, receivable0_.ridudt as ridudt31_22_, receivable0_.riexcrt as riexcrt32_22_, receivable0_.riftb as riftb33_22_, receivable0_.rifda as rifda34_22_, receivable0_.rifdt as rifdt35_22_, receivable0_.rifea as rifea36_22_, receivable0_.rifta as rifta37_22_, receivable0_.riglcls as riglcls38_22_, receivable0_.rigldt as rigldt39_22_, receivable0_.ridocidt as ridocid40_22_, receivable0_.riims as riims41_22_, receivable0_.riamnt as riamnt42_22_, receivable0_.riobj as riobj43_22_, receivable0_.riobid as riobid44_22_, receivable0_.riaop as riaop45_22_, receivable0_.riordocno as riordoc46_22_, receivable0_.riordocsq as riordoc47_22_, receivable0_.riordocty as riordoc48_22_, receivable0_.ripyid as ripyid49_22_, receivable0_.riptc as riptc50_22_, receivable0_.rislid as rislid51_22_, receivable0_.risubl as risubl52_22_, receivable0_.risublt as risublt53_22_, receivable0_.risub as risub54_22_, receivable0_.ritaxal as ritaxal55_22_, receivable0_.ritaxcd as ritaxcd56_22_, receivable0_.ritaxidt as ritaxid57_22_, receivable0_.ritaxino as ritaxin58_22_, receivable0_.ritaxrt as ritaxrt59_22_, receivable0_.ritaxam as ritaxam60_22_, receivable0_.ricrct as ricrct61_22_, receivable0_.riinvdt as riinvdt62_22_, receivable0_.riinvno as riinvno63_22_ from t0311 receivable0_ where receivable0_.ricoid=? and receivable0_.ridocino=?
Hibernate: select paymentter0_.pyptc as pyptc1_4_0_, paymentter0_.pycid as pycid2_4_0_, paymentter0_.pydtin as pydtin3_4_0_, paymentter0_.pytmin as pytmin4_4_0_, paymentter0_.pyuid as pyuid5_4_0_, paymentter0_.pydtlu as pydtlu6_4_0_, paymentter0_.pytmlu as pytmlu7_4_0_, paymentter0_.pyuidm as pyuidm8_4_0_, paymentter0_.pydtpa as pydtpa9_4_0_, paymentter0_.pydesa1 as pydesa10_4_0_, paymentter0_.pydcdy as pydcdy11_4_0_, paymentter0_.pydcrt as pydcrt12_4_0_, paymentter0_.pydudy as pydudy13_4_0_, paymentter0_.pydumo as pydumo14_4_0_, paymentter0_.pyeir as pyeir15_4_0_, paymentter0_.pyitap as pyitap16_4_0_, paymentter0_.pyitar as pyitar17_4_0_, paymentter0_.pyndtp as pyndtp18_4_0_, paymentter0_.pynosp as pynosp19_4_0_, paymentter0_.pyobid as pyobid20_4_0_ from t0014 paymentter0_ where paymentter0_.pyptc=?
Hibernate: select automatica0_.aiaaid as aiaaid1_5_, automatica0_.aiseq as aiseq2_5_, automatica0_.aicid as aicid3_5_, automatica0_.aidtin as aidtin4_5_, automatica0_.aitmin as aitmin5_5_, automatica0_.aiuid as aiuid6_5_, automatica0_.aidtlu as aidtlu7_5_, automatica0_.aitmlu as aitmlu8_5_, automatica0_.aiuidm as aiuidm9_5_, automatica0_.aiobj as aiobj17_5_, automatica0_.aibuid as aibuid10_5_, automatica0_.aicoid as aicoid11_5_, automatica0_.aisub as aisub18_5_, automatica0_.aidesb1 as aidesb12_5_, automatica0_.aidesb2 as aidesb13_5_, automatica0_.aidesb3 as aidesb14_5_, automatica0_.aidesb4 as aidesb15_5_, automatica0_.aidesb5 as aidesb16_5_ from t0015 automatica0_ where automatica0_.aiaaid=? and automatica0_.aicoid=?
Hibernate: select chartofacc0_.oaobj as oaobj1_25_0_, chartofacc0_.oacid as oacid2_25_0_, chartofacc0_.oadtin as oadtin3_25_0_, chartofacc0_.oatmin as oatmin4_25_0_, chartofacc0_.oauid as oauid5_25_0_, chartofacc0_.oadtlu as oadtlu6_25_0_, chartofacc0_.oatmlu as oatmlu7_25_0_, chartofacc0_.oauidm as oauidm8_25_0_, chartofacc0_.oablc as oablc9_25_0_, chartofacc0_.oacoid as oacoid10_25_0_, chartofacc0_.oadesb1 as oadesb11_25_0_, chartofacc0_.oadesc1 as oadesc12_25_0_, chartofacc0_.oalod as oalod13_25_0_, chartofacc0_.oapec as oapec14_25_0_ from t0900 chartofacc0_ where chartofacc0_.oaobj=?
Hibernate: select company0_.cncoid as cncoid1_9_0_, company0_.cncid as cncid2_9_0_, company0_.cndtin as cndtin3_9_0_, company0_.cntmin as cntmin4_9_0_, company0_.cnuid as cnuid5_9_0_, company0_.cndtlu as cndtlu6_9_0_, company0_.cntmlu as cntmlu7_9_0_, company0_.cnuidm as cnuidm8_9_0_, company0_.cnanum as cnanum9_9_0_, company0_.cncrcb as cncrcb10_9_0_, company0_.cncap as cncap11_9_0_, company0_.cncfy as cncfy12_9_0_, company0_.cncip as cncip13_9_0_, company0_.cncpp as cncpp14_9_0_, company0_.cncrp as cncrp15_9_0_, company0_.cndesb1 as cndesb16_9_0_, company0_.cnfdp as cnfdp17_9_0_ from t0020 company0_ where company0_.cncoid=?
Hibernate: select accountmas0_.ambuid as ambuid1_26_0_, accountmas0_.amcoid as amcoid2_26_0_, accountmas0_.amobj as amobj3_26_0_, accountmas0_.amsub as amsub4_26_0_, accountmas0_.amcid as amcid5_26_0_, accountmas0_.amdtin as amdtin6_26_0_, accountmas0_.amtmin as amtmin7_26_0_, accountmas0_.amuid as amuid8_26_0_, accountmas0_.amdtlu as amdtlu9_26_0_, accountmas0_.amtmlu as amtmlu10_26_0_, accountmas0_.amuidm as amuidm11_26_0_, accountmas0_.amdtlt as amdtlt12_26_0_, accountmas0_.amacid as amacid13_26_0_, accountmas0_.amblc as amblc14_26_0_, accountmas0_.ambpc as ambpc15_26_0_, accountmas0_.amglc01 as amglc16_26_0_, accountmas0_.amglc02 as amglc17_26_0_, accountmas0_.amglc03 as amglc18_26_0_, accountmas0_.amglc04 as amglc19_26_0_, accountmas0_.amglc05 as amglc20_26_0_, accountmas0_.amcrct as amcrct21_26_0_, accountmas0_.amdesb1 as amdesb22_26_0_, accountmas0_.amtmlt as amtmlt23_26_0_, accountmas0_.amlod as amlod24_26_0_, accountmas0_.ammac as ammac25_26_0_, accountmas0_.amoan as amoan26_26_0_, accountmas0_.ampec as ampec27_26_0_ from t0901 accountmas0_ where accountmas0_.ambuid=? and accountmas0_.amcoid=? and accountmas0_.amobj=? and accountmas0_.amsub=?
Hibernate: select nextnumber0_.ncdocty as ncdocty1_3_0_, nextnumber0_.nccid as nccid2_3_0_, nextnumber0_.ncdtin as ncdtin3_3_0_, nextnumber0_.nctmin as nctmin4_3_0_, nextnumber0_.ncuid as ncuid5_3_0_, nextnumber0_.ncdtlu as ncdtlu6_3_0_, nextnumber0_.nctmlu as nctmlu7_3_0_, nextnumber0_.ncuidm as ncuidm8_3_0_, nextnumber0_.ncinmo as ncinmo9_3_0_, nextnumber0_.ncinyr as ncinyr10_3_0_, nextnumber0_.ncrsmt as ncrsmt11_3_0_, nextnumber0_.ncrsat as ncrsat12_3_0_ from t0010n nextnumber0_ where nextnumber0_.ncdocty=?
Hibernate: select nextnumber0_.nncoid as nncoid1_0_0_, nextnumber0_.nndocbty as nndocbty2_0_0_, nextnumber0_.nnmo as nnmo3_0_0_, nextnumber0_.nnyr as nnyr4_0_0_, nextnumber0_.nncid as nncid5_0_0_, nextnumber0_.nndtin as nndtin6_0_0_, nextnumber0_.nntmin as nntmin7_0_0_, nextnumber0_.nnuid as nnuid8_0_0_, nextnumber0_.nndtlu as nndtlu9_0_0_, nextnumber0_.nntmlu as nntmlu10_0_0_, nextnumber0_.nnuidm as nnuidm11_0_0_, nextnumber0_.nnseq as nnseq12_0_0_ from t0002 nextnumber0_ where nextnumber0_.nncoid=? and nextnumber0_.nndocbty=? and nextnumber0_.nnmo=? and nextnumber0_.nnyr=?
Hibernate: select nextnumber0_.nncoid as nncoid1_0_0_, nextnumber0_.nndocbty as nndocbty2_0_0_, nextnumber0_.nnmo as nnmo3_0_0_, nextnumber0_.nnyr as nnyr4_0_0_, nextnumber0_.nncid as nncid5_0_0_, nextnumber0_.nndtin as nndtin6_0_0_, nextnumber0_.nntmin as nntmin7_0_0_, nextnumber0_.nnuid as nnuid8_0_0_, nextnumber0_.nndtlu as nndtlu9_0_0_, nextnumber0_.nntmlu as nntmlu10_0_0_, nextnumber0_.nnuidm as nnuidm11_0_0_, nextnumber0_.nnseq as nnseq12_0_0_ from t0002 nextnumber0_ where nextnumber0_.nncoid=? and nextnumber0_.nndocbty=? and nextnumber0_.nnmo=? and nextnumber0_.nnyr=?
Hibernate: select company0_.cncoid as cncoid1_9_0_, company0_.cncid as cncid2_9_0_, company0_.cndtin as cndtin3_9_0_, company0_.cntmin as cntmin4_9_0_, company0_.cnuid as cnuid5_9_0_, company0_.cndtlu as cndtlu6_9_0_, company0_.cntmlu as cntmlu7_9_0_, company0_.cnuidm as cnuidm8_9_0_, company0_.cnanum as cnanum9_9_0_, company0_.cncrcb as cncrcb10_9_0_, company0_.cncap as cncap11_9_0_, company0_.cncfy as cncfy12_9_0_, company0_.cncip as cncip13_9_0_, company0_.cncpp as cncpp14_9_0_, company0_.cncrp as cncrp15_9_0_, company0_.cndesb1 as cndesb16_9_0_, company0_.cnfdp as cnfdp17_9_0_ from t0020 company0_ where company0_.cncoid=?
Hibernate: select addressboo0_.adanum as adanum1_16_0_, addressboo0_.adcid as adcid2_16_0_, addressboo0_.addtin as addtin3_16_0_, addressboo0_.adtmin as adtmin4_16_0_, addressboo0_.aduid as aduid5_16_0_, addressboo0_.addtlu as addtlu6_16_0_, addressboo0_.adtmlu as adtmlu7_16_0_, addressboo0_.aduidm as aduidm8_16_0_, addressboo0_.adap as adap9_16_0_, addressboo0_.adar as adar10_16_0_, addressboo0_.adbuid as adbuid11_16_0_, addressboo0_.adcc01 as adcc12_16_0_, addressboo0_.adcc02 as adcc13_16_0_, addressboo0_.adcc03 as adcc14_16_0_, addressboo0_.adcc04 as adcc15_16_0_, addressboo0_.adcc05 as adcc16_16_0_, addressboo0_.adcc06 as adcc17_16_0_, addressboo0_.adcc07 as adcc18_16_0_, addressboo0_.adcc08 as adcc19_16_0_, addressboo0_.adcc09 as adcc20_16_0_, addressboo0_.adcc10 as adcc21_16_0_, addressboo0_.adempl as adempl22_16_0_, addressboo0_.adtmlt as adtmlt23_16_0_, addressboo0_.adlan as adlan24_16_0_, addressboo0_.admlnm as admlnm25_16_0_, addressboo0_.adnm as adnm26_16_0_, addressboo0_.adpan as adpan27_16_0_, addressboo0_.adrecid as adrecid28_16_0_, addressboo0_.adrlid0 as adrlid29_16_0_, addressboo0_.adrlid2 as adrlid30_16_0_, addressboo0_.adrlid3 as adrlid31_16_0_, addressboo0_.adrlid4 as adrlid32_16_0_, addressboo0_.adrlid5 as adrlid33_16_0_, addressboo0_.adrlid6 as adrlid34_16_0_, addressboo0_.adrlid7 as adrlid35_16_0_, addressboo0_.adrlid8 as adrlid36_16_0_, addressboo0_.adrlid9 as adrlid37_16_0_, addressboo0_.adrlid1 as adrlid38_16_0_, addressboo0_.adst as adst39_16_0_, addressboo0_.adtaxid as adtaxid40_16_0_ from t0101 addressboo0_ where addressboo0_.adanum=?
Hibernate: select receivable0_.ricoid as ricoid1_22_0_, receivable0_.ridocino as ridocino2_22_0_, receivable0_.ridocisq as ridocisq3_22_0_, receivable0_.ridocity as ridocity4_22_0_, receivable0_.ricid as ricid5_22_0_, receivable0_.ridtin as ridtin6_22_0_, receivable0_.ritmin as ritmin7_22_0_, receivable0_.riuid as riuid8_22_0_, receivable0_.ridtlu as ridtlu9_22_0_, receivable0_.ritmlu as ritmlu10_22_0_, receivable0_.riuidm as riuidm11_22_0_, receivable0_.ridesb1 as ridesb12_22_0_, receivable0_.riacid as riacid13_22_0_, receivable0_.ricrcb as ricrcb14_22_0_, receivable0_.ritaxab as ritaxab15_22_0_, receivable0_.riicu as riicu16_22_0_, receivable0_.riicut as riicut17_22_0_, receivable0_.ribuid as ribuid18_22_0_, receivable0_.ricldt as ricldt19_22_0_, receivable0_.ricsid as ricsid20_22_0_, receivable0_.ridesb2 as ridesb21_22_0_, receivable0_.riadsca as riadsca22_22_0_, receivable0_.riadsct as riadsct23_22_0_, receivable0_.ridcdt as ridcdt24_22_0_, receivable0_.ridocono as ridocon25_22_0_, receivable0_.ridocosq as ridocos26_22_0_, receivable0_.ridocoty as ridocot27_22_0_, receivable0_.ridsc as ridsc28_22_0_, receivable0_.ridvs as ridvs29_22_0_, receivable0_.ridoft as ridoft30_22_0_, receivable0_.ridudt as ridudt31_22_0_, receivable0_.riexcrt as riexcrt32_22_0_, receivable0_.riftb as riftb33_22_0_, receivable0_.rifda as rifda34_22_0_, receivable0_.rifdt as rifdt35_22_0_, receivable0_.rifea as rifea36_22_0_, receivable0_.rifta as rifta37_22_0_, receivable0_.riglcls as riglcls38_22_0_, receivable0_.rigldt as rigldt39_22_0_, receivable0_.ridocidt as ridocid40_22_0_, receivable0_.riims as riims41_22_0_, receivable0_.riamnt as riamnt42_22_0_, receivable0_.riobj as riobj43_22_0_, receivable0_.riobid as riobid44_22_0_, receivable0_.riaop as riaop45_22_0_, receivable0_.riordocno as riordoc46_22_0_, receivable0_.riordocsq as riordoc47_22_0_, receivable0_.riordocty as riordoc48_22_0_, receivable0_.ripyid as ripyid49_22_0_, receivable0_.riptc as riptc50_22_0_, receivable0_.rislid as rislid51_22_0_, receivable0_.risubl as risubl52_22_0_, receivable0_.risublt as risublt53_22_0_, receivable0_.risub as risub54_22_0_, receivable0_.ritaxal as ritaxal55_22_0_, receivable0_.ritaxcd as ritaxcd56_22_0_, receivable0_.ritaxidt as ritaxid57_22_0_, receivable0_.ritaxino as ritaxin58_22_0_, receivable0_.ritaxrt as ritaxrt59_22_0_, receivable0_.ritaxam as ritaxam60_22_0_, receivable0_.ricrct as ricrct61_22_0_, receivable0_.riinvdt as riinvdt62_22_0_, receivable0_.riinvno as riinvno63_22_0_ from t0311 receivable0_ where receivable0_.ricoid=? and receivable0_.ridocino=? and receivable0_.ridocisq=? and receivable0_.ridocity=?
Hibernate: insert into t0002 (nncid, nndtin, nntmin, nnuid, nndtlu, nntmlu, nnuidm, nnseq, nncoid, nndocbty, nnmo, nnyr) values (?, ?, ?, ?, ?, ?, ?, ?, ?, ?, ?, ?)
Hibernate: insert into t0311 (ricid, ridtin, ritmin, riuid, ridtlu, ritmlu, riuidm, ridesb1, riacid, ricrcb, ritaxab, riicu, riicut, ribuid, ricldt, ricsid, ridesb2, riadsca, riadsct, ridcdt, ridocono, ridocosq, ridocoty, ridsc, ridvs, ridoft, ridudt, riexcrt, riftb, rifda, rifdt, rifea, rifta, riglcls, rigldt, ridocidt, riims, riamnt, riobj, riobid, riaop, riordocno, riordocsq, riordocty, ripyid, riptc, rislid, risubl, risublt, risub, ritaxal, ritaxcd, ritaxidt, ritaxino, ritaxrt, ritaxam, ricrct, riinvdt, riinvno, ricoid, ridocino, ridocisq, ridocity) values (?, ?, ?, ?, ?, ?, ?, ?, ?, ?, ?, ?, ?, ?, ?, ?, ?, ?, ?, ?, ?, ?, ?, ?, ?, ?, ?, ?, ?, ?, ?, ?, ?, ?, ?, ?, ?, ?, ?, ?, ?, ?, ?, ?, ?, ?, ?, ?, ?, ?, ?, ?, ?, ?, ?, ?, ?, ?, ?, ?, ?, ?, ?)
Hibernate: update t0002 set nncid=?, nndtlu=?, nntmlu=?, nnuidm=?, nnseq=? where nncoid=? and nndocbty=? and nnmo=? and nnyr=?
Hibernate: select receivable0_.ricoid as ricoid1_22_, receivable0_.ridocino as ridocino2_22_, receivable0_.ridocisq as ridocisq3_22_, receivable0_.ridocity as ridocity4_22_, receivable0_.ricid as ricid5_22_, receivable0_.ridtin as ridtin6_22_, receivable0_.ritmin as ritmin7_22_, receivable0_.riuid as riuid8_22_, receivable0_.ridtlu as ridtlu9_22_, receivable0_.ritmlu as ritmlu10_22_, receivable0_.riuidm as riuidm11_22_, receivable0_.ridesb1 as ridesb12_22_, receivable0_.riacid as riacid13_22_, receivable0_.ricrcb as ricrcb14_22_, receivable0_.ritaxab as ritaxab15_22_, receivable0_.riicu as riicu16_22_, receivable0_.riicut as riicut17_22_, receivable0_.ribuid as ribuid18_22_, receivable0_.ricldt as ricldt19_22_, receivable0_.ricsid as ricsid20_22_, receivable0_.ridesb2 as ridesb21_22_, receivable0_.riadsca as riadsca22_22_, receivable0_.riadsct as riadsct23_22_, receivable0_.ridcdt as ridcdt24_22_, receivable0_.ridocono as ridocon25_22_, receivable0_.ridocosq as ridocos26_22_, receivable0_.ridocoty as ridocot27_22_, receivable0_.ridsc as ridsc28_22_, receivable0_.ridvs as ridvs29_22_, receivable0_.ridoft as ridoft30_22_, receivable0_.ridudt as ridudt31_22_, receivable0_.riexcrt as riexcrt32_22_, receivable0_.riftb as riftb33_22_, receivable0_.rifda as rifda34_22_, receivable0_.rifdt as rifdt35_22_, receivable0_.rifea as rifea36_22_, receivable0_.rifta as rifta37_22_, receivable0_.riglcls as riglcls38_22_, receivable0_.rigldt as rigldt39_22_, receivable0_.ridocidt as ridocid40_22_, receivable0_.riims as riims41_22_, receivable0_.riamnt as riamnt42_22_, receivable0_.riobj as riobj43_22_, receivable0_.riobid as riobid44_22_, receivable0_.riaop as riaop45_22_, receivable0_.riordocno as riordoc46_22_, receivable0_.riordocsq as riordoc47_22_, receivable0_.riordocty as riordoc48_22_, receivable0_.ripyid as ripyid49_22_, receivable0_.riptc as riptc50_22_, receivable0_.rislid as rislid51_22_, receivable0_.risubl as risubl52_22_, receivable0_.risublt as risublt53_22_, receivable0_.risub as risub54_22_, receivable0_.ritaxal as ritaxal55_22_, receivable0_.ritaxcd as ritaxcd56_22_, receivable0_.ritaxidt as ritaxid57_22_, receivable0_.ritaxino as ritaxin58_22_, receivable0_.ritaxrt as ritaxrt59_22_, receivable0_.ritaxam as ritaxam60_22_, receivable0_.ricrct as ricrct61_22_, receivable0_.riinvdt as riinvdt62_22_, receivable0_.riinvno as riinvno63_22_ from t0311 receivable0_ where receivable0_.ridvs='' and receivable0_.ricoid=? and receivable0_.ridocino=? and receivable0_.ridocisq=? and receivable0_.ridocity=?
2018-12-27 11:25:39.197  INFO 2120 --- [    Test worker] o.s.t.c.transaction.TransactionContext   : Rolled back transaction for test: [DefaultTestContext@2a6f8192 testClass = ReceivableInvoiceApiTest, testInstance = ags.goldenlionerp.apiTests.accountReceivable.ReceivableInvoiceApiTest@34156ddc, testMethod = createTestNoInvoiceNumber@ReceivableInvoiceApiTest, testException = [null], mergedContextConfiguration = [WebMergedContextConfiguration@3b7cd410 testClass = ReceivableInvoiceApiTest, locations = '{}', classes = '{class ags.goldenlionerp.GoldenLionErpApplication}', contextInitializerClasses = '[]', activeProfiles = '{}', propertySourceLocations = '{classpath:test.properties}', propertySourceProperties = '{org.springframework.boot.test.context.SpringBootTestContextBootstrapper=true}', contextCustomizers = set[org.springframework.boot.test.autoconfigure.properties.PropertyMappingContextCustomizer@0, org.springframework.boot.test.autoconfigure.web.servlet.WebDriverContextCustomizerFactory$Customizer@636d731e, [ImportsContextCustomizer@4f45b10 key = [ags.goldenlionerp.apiTests.ApiTestBase$TestConfig]], org.springframework.boot.test.context.filter.ExcludeFilterContextCustomizer@6afa5291, org.springframework.boot.test.json.DuplicateJsonObjectContextCustomizerFactory$DuplicateJsonObjectContextCustomizer@20cebcb4, org.springframework.boot.test.mock.mockito.MockitoContextCustomizer@0, org.springframework.boot.test.web.client.TestRestTemplateContextCustomizer@49a32273], resourceBasePath = 'src/main/webapp', contextLoader = 'org.springframework.boot.test.context.SpringBootContextLoader', parent = [null]], attributes = map['org.springframework.test.context.web.ServletTestExecutionListener.activateListener' -> true, 'org.springframework.test.context.web.ServletTestExecutionListener.populatedRequestContextHolder' -> true, 'org.springframework.test.context.web.ServletTestExecutionListener.resetRequestContextHolder' -> true]]
2018-12-27 11:25:39.199  INFO 2120 --- [    Test worker] o.s.t.c.transaction.TransactionContext   : Began transaction (1) for test context [DefaultTestContext@2a6f8192 testClass = ReceivableInvoiceApiTest, testInstance = ags.goldenlionerp.apiTests.accountReceivable.ReceivableInvoiceApiTest@6cfb68e1, testMethod = getVoidedSingle@ReceivableInvoiceApiTest, testException = [null], mergedContextConfiguration = [WebMergedContextConfiguration@3b7cd410 testClass = ReceivableInvoiceApiTest, locations = '{}', classes = '{class ags.goldenlionerp.GoldenLionErpApplication}', contextInitializerClasses = '[]', activeProfiles = '{}', propertySourceLocations = '{classpath:test.properties}', propertySourceProperties = '{org.springframework.boot.test.context.SpringBootTestContextBootstrapper=true}', contextCustomizers = set[org.springframework.boot.test.autoconfigure.properties.PropertyMappingContextCustomizer@0, org.springframework.boot.test.autoconfigure.web.servlet.WebDriverContextCustomizerFactory$Customizer@636d731e, [ImportsContextCustomizer@4f45b10 key = [ags.goldenlionerp.apiTests.ApiTestBase$TestConfig]], org.springframework.boot.test.context.filter.ExcludeFilterContextCustomizer@6afa5291, org.springframework.boot.test.json.DuplicateJsonObjectContextCustomizerFactory$DuplicateJsonObjectContextCustomizer@20cebcb4, org.springframework.boot.test.mock.mockito.MockitoContextCustomizer@0, org.springframework.boot.test.web.client.TestRestTemplateContextCustomizer@49a32273], resourceBasePath = 'src/main/webapp', contextLoader = 'org.springframework.boot.test.context.SpringBootContextLoader', parent = [null]], attributes = map['org.springframework.test.context.web.ServletTestExecutionListener.activateListener' -> true, 'org.springframework.test.context.web.ServletTestExecutionListener.populatedRequestContextHolder' -> true, 'org.springframework.test.context.web.ServletTestExecutionListener.resetRequestContextHolder' -> true]]; transaction manager [org.springframework.orm.jpa.JpaTransactionManager@75de8c12]; rollback [true]
2018-12-27 11:25:39.200  INFO 2120 --- [    Test worker] o.s.b.t.m.w.SpringBootMockServletContext : Initializing Spring FrameworkServlet ''
2018-12-27 11:25:39.200  INFO 2120 --- [    Test worker] o.s.t.web.servlet.TestDispatcherServlet  : FrameworkServlet '': initialization started
2018-12-27 11:25:39.204  INFO 2120 --- [    Test worker] o.s.t.web.servlet.TestDispatcherServlet  : FrameworkServlet '': initialization completed in 4 ms
Hibernate: select receivable0_.ricoid as ricoid1_22_, receivable0_.ridocino as ridocino2_22_, receivable0_.ridocisq as ridocisq3_22_, receivable0_.ridocity as ridocity4_22_, receivable0_.ricid as ricid5_22_, receivable0_.ridtin as ridtin6_22_, receivable0_.ritmin as ritmin7_22_, receivable0_.riuid as riuid8_22_, receivable0_.ridtlu as ridtlu9_22_, receivable0_.ritmlu as ritmlu10_22_, receivable0_.riuidm as riuidm11_22_, receivable0_.ridesb1 as ridesb12_22_, receivable0_.riacid as riacid13_22_, receivable0_.ricrcb as ricrcb14_22_, receivable0_.ritaxab as ritaxab15_22_, receivable0_.riicu as riicu16_22_, receivable0_.riicut as riicut17_22_, receivable0_.ribuid as ribuid18_22_, receivable0_.ricldt as ricldt19_22_, receivable0_.ricsid as ricsid20_22_, receivable0_.ridesb2 as ridesb21_22_, receivable0_.riadsca as riadsca22_22_, receivable0_.riadsct as riadsct23_22_, receivable0_.ridcdt as ridcdt24_22_, receivable0_.ridocono as ridocon25_22_, receivable0_.ridocosq as ridocos26_22_, receivable0_.ridocoty as ridocot27_22_, receivable0_.ridsc as ridsc28_22_, receivable0_.ridvs as ridvs29_22_, receivable0_.ridoft as ridoft30_22_, receivable0_.ridudt as ridudt31_22_, receivable0_.riexcrt as riexcrt32_22_, receivable0_.riftb as riftb33_22_, receivable0_.rifda as rifda34_22_, receivable0_.rifdt as rifdt35_22_, receivable0_.rifea as rifea36_22_, receivable0_.rifta as rifta37_22_, receivable0_.riglcls as riglcls38_22_, receivable0_.rigldt as rigldt39_22_, receivable0_.ridocidt as ridocid40_22_, receivable0_.riims as riims41_22_, receivable0_.riamnt as riamnt42_22_, receivable0_.riobj as riobj43_22_, receivable0_.riobid as riobid44_22_, receivable0_.riaop as riaop45_22_, receivable0_.riordocno as riordoc46_22_, receivable0_.riordocsq as riordoc47_22_, receivable0_.riordocty as riordoc48_22_, receivable0_.ripyid as ripyid49_22_, receivable0_.riptc as riptc50_22_, receivable0_.rislid as rislid51_22_, receivable0_.risubl as risubl52_22_, receivable0_.risublt as risublt53_22_, receivable0_.risub as risub54_22_, receivable0_.ritaxal as ritaxal55_22_, receivable0_.ritaxcd as ritaxcd56_22_, receivable0_.ritaxidt as ritaxid57_22_, receivable0_.ritaxino as ritaxin58_22_, receivable0_.ritaxrt as ritaxrt59_22_, receivable0_.ritaxam as ritaxam60_22_, receivable0_.ricrct as ricrct61_22_, receivable0_.riinvdt as riinvdt62_22_, receivable0_.riinvno as riinvno63_22_ from t0311 receivable0_ where receivable0_.ridvs='' and receivable0_.ricoid=? and receivable0_.ridocino=? and receivable0_.ridocisq=? and receivable0_.ridocity=?
Hibernate: select receivable0_.ricoid as ricoid1_22_, receivable0_.ridocino as ridocino2_22_, receivable0_.ridocisq as ridocisq3_22_, receivable0_.ridocity as ridocity4_22_, receivable0_.ricid as ricid5_22_, receivable0_.ridtin as ridtin6_22_, receivable0_.ritmin as ritmin7_22_, receivable0_.riuid as riuid8_22_, receivable0_.ridtlu as ridtlu9_22_, receivable0_.ritmlu as ritmlu10_22_, receivable0_.riuidm as riuidm11_22_, receivable0_.ridesb1 as ridesb12_22_, receivable0_.riacid as riacid13_22_, receivable0_.ricrcb as ricrcb14_22_, receivable0_.ritaxab as ritaxab15_22_, receivable0_.riicu as riicu16_22_, receivable0_.riicut as riicut17_22_, receivable0_.ribuid as ribuid18_22_, receivable0_.ricldt as ricldt19_22_, receivable0_.ricsid as ricsid20_22_, receivable0_.ridesb2 as ridesb21_22_, receivable0_.riadsca as riadsca22_22_, receivable0_.riadsct as riadsct23_22_, receivable0_.ridcdt as ridcdt24_22_, receivable0_.ridocono as ridocon25_22_, receivable0_.ridocosq as ridocos26_22_, receivable0_.ridocoty as ridocot27_22_, receivable0_.ridsc as ridsc28_22_, receivable0_.ridvs as ridvs29_22_, receivable0_.ridoft as ridoft30_22_, receivable0_.ridudt as ridudt31_22_, receivable0_.riexcrt as riexcrt32_22_, receivable0_.riftb as riftb33_22_, receivable0_.rifda as rifda34_22_, receivable0_.rifdt as rifdt35_22_, receivable0_.rifea as rifea36_22_, receivable0_.rifta as rifta37_22_, receivable0_.riglcls as riglcls38_22_, receivable0_.rigldt as rigldt39_22_, receivable0_.ridocidt as ridocid40_22_, receivable0_.riims as riims41_22_, receivable0_.riamnt as riamnt42_22_, receivable0_.riobj as riobj43_22_, receivable0_.riobid as riobid44_22_, receivable0_.riaop as riaop45_22_, receivable0_.riordocno as riordoc46_22_, receivable0_.riordocsq as riordoc47_22_, receivable0_.riordocty as riordoc48_22_, receivable0_.ripyid as ripyid49_22_, receivable0_.riptc as riptc50_22_, receivable0_.rislid as rislid51_22_, receivable0_.risubl as risubl52_22_, receivable0_.risublt as risublt53_22_, receivable0_.risub as risub54_22_, receivable0_.ritaxal as ritaxal55_22_, receivable0_.ritaxcd as ritaxcd56_22_, receivable0_.ritaxidt as ritaxid57_22_, receivable0_.ritaxino as ritaxin58_22_, receivable0_.ritaxrt as ritaxrt59_22_, receivable0_.ritaxam as ritaxam60_22_, receivable0_.ricrct as ricrct61_22_, receivable0_.riinvdt as riinvdt62_22_, receivable0_.riinvno as riinvno63_22_ from t0311 receivable0_ where receivable0_.ricoid=? and receivable0_.ridocino=? and receivable0_.ridocisq=? and receivable0_.ridocity=?
2018-12-27 11:25:39.223  INFO 2120 --- [    Test worker] o.s.t.c.transaction.TransactionContext   : Rolled back transaction for test: [DefaultTestContext@2a6f8192 testClass = ReceivableInvoiceApiTest, testInstance = ags.goldenlionerp.apiTests.accountReceivable.ReceivableInvoiceApiTest@6cfb68e1, testMethod = getVoidedSingle@ReceivableInvoiceApiTest, testException = [null], mergedContextConfiguration = [WebMergedContextConfiguration@3b7cd410 testClass = ReceivableInvoiceApiTest, locations = '{}', classes = '{class ags.goldenlionerp.GoldenLionErpApplication}', contextInitializerClasses = '[]', activeProfiles = '{}', propertySourceLocations = '{classpath:test.properties}', propertySourceProperties = '{org.springframework.boot.test.context.SpringBootTestContextBootstrapper=true}', contextCustomizers = set[org.springframework.boot.test.autoconfigure.properties.PropertyMappingContextCustomizer@0, org.springframework.boot.test.autoconfigure.web.servlet.WebDriverContextCustomizerFactory$Customizer@636d731e, [ImportsContextCustomizer@4f45b10 key = [ags.goldenlionerp.apiTests.ApiTestBase$TestConfig]], org.springframework.boot.test.context.filter.ExcludeFilterContextCustomizer@6afa5291, org.springframework.boot.test.json.DuplicateJsonObjectContextCustomizerFactory$DuplicateJsonObjectContextCustomizer@20cebcb4, org.springframework.boot.test.mock.mockito.MockitoContextCustomizer@0, org.springframework.boot.test.web.client.TestRestTemplateContextCustomizer@49a32273], resourceBasePath = 'src/main/webapp', contextLoader = 'org.springframework.boot.test.context.SpringBootContextLoader', parent = [null]], attributes = map['org.springframework.test.context.web.ServletTestExecutionListener.activateListener' -> true, 'org.springframework.test.context.web.ServletTestExecutionListener.populatedRequestContextHolder' -> true, 'org.springframework.test.context.web.ServletTestExecutionListener.resetRequestContextHolder' -> true]]
2018-12-27 11:25:39.226  INFO 2120 --- [    Test worker] o.s.t.c.transaction.TransactionContext   : Began transaction (1) for test context [DefaultTestContext@2a6f8192 testClass = ReceivableInvoiceApiTest, testInstance = ags.goldenlionerp.apiTests.accountReceivable.ReceivableInvoiceApiTest@65e8fc48, testMethod = updateTestWithPatch@ReceivableInvoiceApiTest, testException = [null], mergedContextConfiguration = [WebMergedContextConfiguration@3b7cd410 testClass = ReceivableInvoiceApiTest, locations = '{}', classes = '{class ags.goldenlionerp.GoldenLionErpApplication}', contextInitializerClasses = '[]', activeProfiles = '{}', propertySourceLocations = '{classpath:test.properties}', propertySourceProperties = '{org.springframework.boot.test.context.SpringBootTestContextBootstrapper=true}', contextCustomizers = set[org.springframework.boot.test.autoconfigure.properties.PropertyMappingContextCustomizer@0, org.springframework.boot.test.autoconfigure.web.servlet.WebDriverContextCustomizerFactory$Customizer@636d731e, [ImportsContextCustomizer@4f45b10 key = [ags.goldenlionerp.apiTests.ApiTestBase$TestConfig]], org.springframework.boot.test.context.filter.ExcludeFilterContextCustomizer@6afa5291, org.springframework.boot.test.json.DuplicateJsonObjectContextCustomizerFactory$DuplicateJsonObjectContextCustomizer@20cebcb4, org.springframework.boot.test.mock.mockito.MockitoContextCustomizer@0, org.springframework.boot.test.web.client.TestRestTemplateContextCustomizer@49a32273], resourceBasePath = 'src/main/webapp', contextLoader = 'org.springframework.boot.test.context.SpringBootContextLoader', parent = [null]], attributes = map['org.springframework.test.context.web.ServletTestExecutionListener.activateListener' -> true, 'org.springframework.test.context.web.ServletTestExecutionListener.populatedRequestContextHolder' -> true, 'org.springframework.test.context.web.ServletTestExecutionListener.resetRequestContextHolder' -> true]]; transaction manager [org.springframework.orm.jpa.JpaTransactionManager@75de8c12]; rollback [true]
2018-12-27 11:25:39.226  INFO 2120 --- [    Test worker] o.s.b.t.m.w.SpringBootMockServletContext : Initializing Spring FrameworkServlet ''
2018-12-27 11:25:39.226  INFO 2120 --- [    Test worker] o.s.t.web.servlet.TestDispatcherServlet  : FrameworkServlet '': initialization started
2018-12-27 11:25:39.231  INFO 2120 --- [    Test worker] o.s.t.web.servlet.TestDispatcherServlet  : FrameworkServlet '': initialization completed in 5 ms
Hibernate: select receivable0_.ricoid as ricoid1_22_, receivable0_.ridocino as ridocino2_22_, receivable0_.ridocisq as ridocisq3_22_, receivable0_.ridocity as ridocity4_22_, receivable0_.ricid as ricid5_22_, receivable0_.ridtin as ridtin6_22_, receivable0_.ritmin as ritmin7_22_, receivable0_.riuid as riuid8_22_, receivable0_.ridtlu as ridtlu9_22_, receivable0_.ritmlu as ritmlu10_22_, receivable0_.riuidm as riuidm11_22_, receivable0_.ridesb1 as ridesb12_22_, receivable0_.riacid as riacid13_22_, receivable0_.ricrcb as ricrcb14_22_, receivable0_.ritaxab as ritaxab15_22_, receivable0_.riicu as riicu16_22_, receivable0_.riicut as riicut17_22_, receivable0_.ribuid as ribuid18_22_, receivable0_.ricldt as ricldt19_22_, receivable0_.ricsid as ricsid20_22_, receivable0_.ridesb2 as ridesb21_22_, receivable0_.riadsca as riadsca22_22_, receivable0_.riadsct as riadsct23_22_, receivable0_.ridcdt as ridcdt24_22_, receivable0_.ridocono as ridocon25_22_, receivable0_.ridocosq as ridocos26_22_, receivable0_.ridocoty as ridocot27_22_, receivable0_.ridsc as ridsc28_22_, receivable0_.ridvs as ridvs29_22_, receivable0_.ridoft as ridoft30_22_, receivable0_.ridudt as ridudt31_22_, receivable0_.riexcrt as riexcrt32_22_, receivable0_.riftb as riftb33_22_, receivable0_.rifda as rifda34_22_, receivable0_.rifdt as rifdt35_22_, receivable0_.rifea as rifea36_22_, receivable0_.rifta as rifta37_22_, receivable0_.riglcls as riglcls38_22_, receivable0_.rigldt as rigldt39_22_, receivable0_.ridocidt as ridocid40_22_, receivable0_.riims as riims41_22_, receivable0_.riamnt as riamnt42_22_, receivable0_.riobj as riobj43_22_, receivable0_.riobid as riobid44_22_, receivable0_.riaop as riaop45_22_, receivable0_.riordocno as riordoc46_22_, receivable0_.riordocsq as riordoc47_22_, receivable0_.riordocty as riordoc48_22_, receivable0_.ripyid as ripyid49_22_, receivable0_.riptc as riptc50_22_, receivable0_.rislid as rislid51_22_, receivable0_.risubl as risubl52_22_, receivable0_.risublt as risublt53_22_, receivable0_.risub as risub54_22_, receivable0_.ritaxal as ritaxal55_22_, receivable0_.ritaxcd as ritaxcd56_22_, receivable0_.ritaxidt as ritaxid57_22_, receivable0_.ritaxino as ritaxin58_22_, receivable0_.ritaxrt as ritaxrt59_22_, receivable0_.ritaxam as ritaxam60_22_, receivable0_.ricrct as ricrct61_22_, receivable0_.riinvdt as riinvdt62_22_, receivable0_.riinvno as riinvno63_22_ from t0311 receivable0_ where receivable0_.ridvs='' and receivable0_.ricoid=? and receivable0_.ridocino=? and receivable0_.ridocisq=? and receivable0_.ridocity=?
2018-12-27 11:25:39.246  INFO 2120 --- [    Test worker] o.s.t.c.transaction.TransactionContext   : Rolled back transaction for test: [DefaultTestContext@2a6f8192 testClass = ReceivableInvoiceApiTest, testInstance = ags.goldenlionerp.apiTests.accountReceivable.ReceivableInvoiceApiTest@65e8fc48, testMethod = updateTestWithPatch@ReceivableInvoiceApiTest, testException = [null], mergedContextConfiguration = [WebMergedContextConfiguration@3b7cd410 testClass = ReceivableInvoiceApiTest, locations = '{}', classes = '{class ags.goldenlionerp.GoldenLionErpApplication}', contextInitializerClasses = '[]', activeProfiles = '{}', propertySourceLocations = '{classpath:test.properties}', propertySourceProperties = '{org.springframework.boot.test.context.SpringBootTestContextBootstrapper=true}', contextCustomizers = set[org.springframework.boot.test.autoconfigure.properties.PropertyMappingContextCustomizer@0, org.springframework.boot.test.autoconfigure.web.servlet.WebDriverContextCustomizerFactory$Customizer@636d731e, [ImportsContextCustomizer@4f45b10 key = [ags.goldenlionerp.apiTests.ApiTestBase$TestConfig]], org.springframework.boot.test.context.filter.ExcludeFilterContextCustomizer@6afa5291, org.springframework.boot.test.json.DuplicateJsonObjectContextCustomizerFactory$DuplicateJsonObjectContextCustomizer@20cebcb4, org.springframework.boot.test.mock.mockito.MockitoContextCustomizer@0, org.springframework.boot.test.web.client.TestRestTemplateContextCustomizer@49a32273], resourceBasePath = 'src/main/webapp', contextLoader = 'org.springframework.boot.test.context.SpringBootContextLoader', parent = [null]], attributes = map['org.springframework.test.context.web.ServletTestExecutionListener.activateListener' -> true, 'org.springframework.test.context.web.ServletTestExecutionListener.populatedRequestContextHolder' -> true, 'org.springframework.test.context.web.ServletTestExecutionListener.resetRequestContextHolder' -> true]]
2018-12-27 11:25:39.248  INFO 2120 --- [    Test worker] o.s.t.c.transaction.TransactionContext   : Began transaction (1) for test context [DefaultTestContext@2a6f8192 testClass = ReceivableInvoiceApiTest, testInstance = ags.goldenlionerp.apiTests.accountReceivable.ReceivableInvoiceApiTest@1e6bafd1, testMethod = deleteTest@ReceivableInvoiceApiTest, testException = [null], mergedContextConfiguration = [WebMergedContextConfiguration@3b7cd410 testClass = ReceivableInvoiceApiTest, locations = '{}', classes = '{class ags.goldenlionerp.GoldenLionErpApplication}', contextInitializerClasses = '[]', activeProfiles = '{}', propertySourceLocations = '{classpath:test.properties}', propertySourceProperties = '{org.springframework.boot.test.context.SpringBootTestContextBootstrapper=true}', contextCustomizers = set[org.springframework.boot.test.autoconfigure.properties.PropertyMappingContextCustomizer@0, org.springframework.boot.test.autoconfigure.web.servlet.WebDriverContextCustomizerFactory$Customizer@636d731e, [ImportsContextCustomizer@4f45b10 key = [ags.goldenlionerp.apiTests.ApiTestBase$TestConfig]], org.springframework.boot.test.context.filter.ExcludeFilterContextCustomizer@6afa5291, org.springframework.boot.test.json.DuplicateJsonObjectContextCustomizerFactory$DuplicateJsonObjectContextCustomizer@20cebcb4, org.springframework.boot.test.mock.mockito.MockitoContextCustomizer@0, org.springframework.boot.test.web.client.TestRestTemplateContextCustomizer@49a32273], resourceBasePath = 'src/main/webapp', contextLoader = 'org.springframework.boot.test.context.SpringBootContextLoader', parent = [null]], attributes = map['org.springframework.test.context.web.ServletTestExecutionListener.activateListener' -> true, 'org.springframework.test.context.web.ServletTestExecutionListener.populatedRequestContextHolder' -> true, 'org.springframework.test.context.web.ServletTestExecutionListener.resetRequestContextHolder' -> true]]; transaction manager [org.springframework.orm.jpa.JpaTransactionManager@75de8c12]; rollback [true]
2018-12-27 11:25:39.248  INFO 2120 --- [    Test worker] o.s.b.t.m.w.SpringBootMockServletContext : Initializing Spring FrameworkServlet ''
2018-12-27 11:25:39.248  INFO 2120 --- [    Test worker] o.s.t.web.servlet.TestDispatcherServlet  : FrameworkServlet '': initialization started
2018-12-27 11:25:39.253  INFO 2120 --- [    Test worker] o.s.t.web.servlet.TestDispatcherServlet  : FrameworkServlet '': initialization completed in 5 ms
Hibernate: select receivable0_.ricoid as ricoid1_22_, receivable0_.ridocino as ridocino2_22_, receivable0_.ridocisq as ridocisq3_22_, receivable0_.ridocity as ridocity4_22_, receivable0_.ricid as ricid5_22_, receivable0_.ridtin as ridtin6_22_, receivable0_.ritmin as ritmin7_22_, receivable0_.riuid as riuid8_22_, receivable0_.ridtlu as ridtlu9_22_, receivable0_.ritmlu as ritmlu10_22_, receivable0_.riuidm as riuidm11_22_, receivable0_.ridesb1 as ridesb12_22_, receivable0_.riacid as riacid13_22_, receivable0_.ricrcb as ricrcb14_22_, receivable0_.ritaxab as ritaxab15_22_, receivable0_.riicu as riicu16_22_, receivable0_.riicut as riicut17_22_, receivable0_.ribuid as ribuid18_22_, receivable0_.ricldt as ricldt19_22_, receivable0_.ricsid as ricsid20_22_, receivable0_.ridesb2 as ridesb21_22_, receivable0_.riadsca as riadsca22_22_, receivable0_.riadsct as riadsct23_22_, receivable0_.ridcdt as ridcdt24_22_, receivable0_.ridocono as ridocon25_22_, receivable0_.ridocosq as ridocos26_22_, receivable0_.ridocoty as ridocot27_22_, receivable0_.ridsc as ridsc28_22_, receivable0_.ridvs as ridvs29_22_, receivable0_.ridoft as ridoft30_22_, receivable0_.ridudt as ridudt31_22_, receivable0_.riexcrt as riexcrt32_22_, receivable0_.riftb as riftb33_22_, receivable0_.rifda as rifda34_22_, receivable0_.rifdt as rifdt35_22_, receivable0_.rifea as rifea36_22_, receivable0_.rifta as rifta37_22_, receivable0_.riglcls as riglcls38_22_, receivable0_.rigldt as rigldt39_22_, receivable0_.ridocidt as ridocid40_22_, receivable0_.riims as riims41_22_, receivable0_.riamnt as riamnt42_22_, receivable0_.riobj as riobj43_22_, receivable0_.riobid as riobid44_22_, receivable0_.riaop as riaop45_22_, receivable0_.riordocno as riordoc46_22_, receivable0_.riordocsq as riordoc47_22_, receivable0_.riordocty as riordoc48_22_, receivable0_.ripyid as ripyid49_22_, receivable0_.riptc as riptc50_22_, receivable0_.rislid as rislid51_22_, receivable0_.risubl as risubl52_22_, receivable0_.risublt as risublt53_22_, receivable0_.risub as risub54_22_, receivable0_.ritaxal as ritaxal55_22_, receivable0_.ritaxcd as ritaxcd56_22_, receivable0_.ritaxidt as ritaxid57_22_, receivable0_.ritaxino as ritaxin58_22_, receivable0_.ritaxrt as ritaxrt59_22_, receivable0_.ritaxam as ritaxam60_22_, receivable0_.ricrct as ricrct61_22_, receivable0_.riinvdt as riinvdt62_22_, receivable0_.riinvno as riinvno63_22_ from t0311 receivable0_ where receivable0_.ridvs='' and receivable0_.ricoid=? and receivable0_.ridocino=? and receivable0_.ridocisq=? and receivable0_.ridocity=?
Hibernate: select receivable0_.ricoid as ricoid1_22_, receivable0_.ridocino as ridocino2_22_, receivable0_.ridocisq as ridocisq3_22_, receivable0_.ridocity as ridocity4_22_, receivable0_.ricid as ricid5_22_, receivable0_.ridtin as ridtin6_22_, receivable0_.ritmin as ritmin7_22_, receivable0_.riuid as riuid8_22_, receivable0_.ridtlu as ridtlu9_22_, receivable0_.ritmlu as ritmlu10_22_, receivable0_.riuidm as riuidm11_22_, receivable0_.ridesb1 as ridesb12_22_, receivable0_.riacid as riacid13_22_, receivable0_.ricrcb as ricrcb14_22_, receivable0_.ritaxab as ritaxab15_22_, receivable0_.riicu as riicu16_22_, receivable0_.riicut as riicut17_22_, receivable0_.ribuid as ribuid18_22_, receivable0_.ricldt as ricldt19_22_, receivable0_.ricsid as ricsid20_22_, receivable0_.ridesb2 as ridesb21_22_, receivable0_.riadsca as riadsca22_22_, receivable0_.riadsct as riadsct23_22_, receivable0_.ridcdt as ridcdt24_22_, receivable0_.ridocono as ridocon25_22_, receivable0_.ridocosq as ridocos26_22_, receivable0_.ridocoty as ridocot27_22_, receivable0_.ridsc as ridsc28_22_, receivable0_.ridvs as ridvs29_22_, receivable0_.ridoft as ridoft30_22_, receivable0_.ridudt as ridudt31_22_, receivable0_.riexcrt as riexcrt32_22_, receivable0_.riftb as riftb33_22_, receivable0_.rifda as rifda34_22_, receivable0_.rifdt as rifdt35_22_, receivable0_.rifea as rifea36_22_, receivable0_.rifta as rifta37_22_, receivable0_.riglcls as riglcls38_22_, receivable0_.rigldt as rigldt39_22_, receivable0_.ridocidt as ridocid40_22_, receivable0_.riims as riims41_22_, receivable0_.riamnt as riamnt42_22_, receivable0_.riobj as riobj43_22_, receivable0_.riobid as riobid44_22_, receivable0_.riaop as riaop45_22_, receivable0_.riordocno as riordoc46_22_, receivable0_.riordocsq as riordoc47_22_, receivable0_.riordocty as riordoc48_22_, receivable0_.ripyid as ripyid49_22_, receivable0_.riptc as riptc50_22_, receivable0_.rislid as rislid51_22_, receivable0_.risubl as risubl52_22_, receivable0_.risublt as risublt53_22_, receivable0_.risub as risub54_22_, receivable0_.ritaxal as ritaxal55_22_, receivable0_.ritaxcd as ritaxcd56_22_, receivable0_.ritaxidt as ritaxid57_22_, receivable0_.ritaxino as ritaxin58_22_, receivable0_.ritaxrt as ritaxrt59_22_, receivable0_.ritaxam as ritaxam60_22_, receivable0_.ricrct as ricrct61_22_, receivable0_.riinvdt as riinvdt62_22_, receivable0_.riinvno as riinvno63_22_ from t0311 receivable0_ where receivable0_.ricoid=? and receivable0_.ridocino=? and receivable0_.ridocisq=? and receivable0_.ridocity=?
Hibernate: update t0311 set ricid=?, ridtlu=?, ritmlu=?, riuidm=?, ridesb1=?, riacid=?, ricrcb=?, ritaxab=?, riicu=?, riicut=?, ribuid=?, ricldt=?, ricsid=?, ridesb2=?, riadsca=?, riadsct=?, ridcdt=?, ridocono=?, ridocosq=?, ridocoty=?, ridsc=?, ridvs=?, ridoft=?, ridudt=?, riexcrt=?, riftb=?, rifda=?, rifdt=?, rifea=?, rifta=?, riglcls=?, rigldt=?, ridocidt=?, riims=?, riamnt=?, riobj=?, riobid=?, riaop=?, riordocno=?, riordocsq=?, riordocty=?, ripyid=?, riptc=?, rislid=?, risubl=?, risublt=?, risub=?, ritaxal=?, ritaxcd=?, ritaxidt=?, ritaxino=?, ritaxrt=?, ritaxam=?, ricrct=?, riinvdt=?, riinvno=? where ricoid=? and ridocino=? and ridocisq=? and ridocity=?
Hibernate: select receivable0_.ricoid as ricoid1_22_, receivable0_.ridocino as ridocino2_22_, receivable0_.ridocisq as ridocisq3_22_, receivable0_.ridocity as ridocity4_22_, receivable0_.ricid as ricid5_22_, receivable0_.ridtin as ridtin6_22_, receivable0_.ritmin as ritmin7_22_, receivable0_.riuid as riuid8_22_, receivable0_.ridtlu as ridtlu9_22_, receivable0_.ritmlu as ritmlu10_22_, receivable0_.riuidm as riuidm11_22_, receivable0_.ridesb1 as ridesb12_22_, receivable0_.riacid as riacid13_22_, receivable0_.ricrcb as ricrcb14_22_, receivable0_.ritaxab as ritaxab15_22_, receivable0_.riicu as riicu16_22_, receivable0_.riicut as riicut17_22_, receivable0_.ribuid as ribuid18_22_, receivable0_.ricldt as ricldt19_22_, receivable0_.ricsid as ricsid20_22_, receivable0_.ridesb2 as ridesb21_22_, receivable0_.riadsca as riadsca22_22_, receivable0_.riadsct as riadsct23_22_, receivable0_.ridcdt as ridcdt24_22_, receivable0_.ridocono as ridocon25_22_, receivable0_.ridocosq as ridocos26_22_, receivable0_.ridocoty as ridocot27_22_, receivable0_.ridsc as ridsc28_22_, receivable0_.ridvs as ridvs29_22_, receivable0_.ridoft as ridoft30_22_, receivable0_.ridudt as ridudt31_22_, receivable0_.riexcrt as riexcrt32_22_, receivable0_.riftb as riftb33_22_, receivable0_.rifda as rifda34_22_, receivable0_.rifdt as rifdt35_22_, receivable0_.rifea as rifea36_22_, receivable0_.rifta as rifta37_22_, receivable0_.riglcls as riglcls38_22_, receivable0_.rigldt as rigldt39_22_, receivable0_.ridocidt as ridocid40_22_, receivable0_.riims as riims41_22_, receivable0_.riamnt as riamnt42_22_, receivable0_.riobj as riobj43_22_, receivable0_.riobid as riobid44_22_, receivable0_.riaop as riaop45_22_, receivable0_.riordocno as riordoc46_22_, receivable0_.riordocsq as riordoc47_22_, receivable0_.riordocty as riordoc48_22_, receivable0_.ripyid as ripyid49_22_, receivable0_.riptc as riptc50_22_, receivable0_.rislid as rislid51_22_, receivable0_.risubl as risubl52_22_, receivable0_.risublt as risublt53_22_, receivable0_.risub as risub54_22_, receivable0_.ritaxal as ritaxal55_22_, receivable0_.ritaxcd as ritaxcd56_22_, receivable0_.ritaxidt as ritaxid57_22_, receivable0_.ritaxino as ritaxin58_22_, receivable0_.ritaxrt as ritaxrt59_22_, receivable0_.ritaxam as ritaxam60_22_, receivable0_.ricrct as ricrct61_22_, receivable0_.riinvdt as riinvdt62_22_, receivable0_.riinvno as riinvno63_22_ from t0311 receivable0_ where receivable0_.ridvs='' and receivable0_.ricoid=? and receivable0_.ridocino=? and receivable0_.ridocisq=? and receivable0_.ridocity=?
Hibernate: select receivable0_.ricoid as ricoid1_22_, receivable0_.ridocino as ridocino2_22_, receivable0_.ridocisq as ridocisq3_22_, receivable0_.ridocity as ridocity4_22_, receivable0_.ricid as ricid5_22_, receivable0_.ridtin as ridtin6_22_, receivable0_.ritmin as ritmin7_22_, receivable0_.riuid as riuid8_22_, receivable0_.ridtlu as ridtlu9_22_, receivable0_.ritmlu as ritmlu10_22_, receivable0_.riuidm as riuidm11_22_, receivable0_.ridesb1 as ridesb12_22_, receivable0_.riacid as riacid13_22_, receivable0_.ricrcb as ricrcb14_22_, receivable0_.ritaxab as ritaxab15_22_, receivable0_.riicu as riicu16_22_, receivable0_.riicut as riicut17_22_, receivable0_.ribuid as ribuid18_22_, receivable0_.ricldt as ricldt19_22_, receivable0_.ricsid as ricsid20_22_, receivable0_.ridesb2 as ridesb21_22_, receivable0_.riadsca as riadsca22_22_, receivable0_.riadsct as riadsct23_22_, receivable0_.ridcdt as ridcdt24_22_, receivable0_.ridocono as ridocon25_22_, receivable0_.ridocosq as ridocos26_22_, receivable0_.ridocoty as ridocot27_22_, receivable0_.ridsc as ridsc28_22_, receivable0_.ridvs as ridvs29_22_, receivable0_.ridoft as ridoft30_22_, receivable0_.ridudt as ridudt31_22_, receivable0_.riexcrt as riexcrt32_22_, receivable0_.riftb as riftb33_22_, receivable0_.rifda as rifda34_22_, receivable0_.rifdt as rifdt35_22_, receivable0_.rifea as rifea36_22_, receivable0_.rifta as rifta37_22_, receivable0_.riglcls as riglcls38_22_, receivable0_.rigldt as rigldt39_22_, receivable0_.ridocidt as ridocid40_22_, receivable0_.riims as riims41_22_, receivable0_.riamnt as riamnt42_22_, receivable0_.riobj as riobj43_22_, receivable0_.riobid as riobid44_22_, receivable0_.riaop as riaop45_22_, receivable0_.riordocno as riordoc46_22_, receivable0_.riordocsq as riordoc47_22_, receivable0_.riordocty as riordoc48_22_, receivable0_.ripyid as ripyid49_22_, receivable0_.riptc as riptc50_22_, receivable0_.rislid as rislid51_22_, receivable0_.risubl as risubl52_22_, receivable0_.risublt as risublt53_22_, receivable0_.risub as risub54_22_, receivable0_.ritaxal as ritaxal55_22_, receivable0_.ritaxcd as ritaxcd56_22_, receivable0_.ritaxidt as ritaxid57_22_, receivable0_.ritaxino as ritaxin58_22_, receivable0_.ritaxrt as ritaxrt59_22_, receivable0_.ritaxam as ritaxam60_22_, receivable0_.ricrct as ricrct61_22_, receivable0_.riinvdt as riinvdt62_22_, receivable0_.riinvno as riinvno63_22_ from t0311 receivable0_ where receivable0_.ricoid=? and receivable0_.ridocino=? and receivable0_.ridocisq=? and receivable0_.ridocity=?
2018-12-27 11:25:39.298  INFO 2120 --- [    Test worker] o.s.t.c.transaction.TransactionContext   : Rolled back transaction for test: [DefaultTestContext@2a6f8192 testClass = ReceivableInvoiceApiTest, testInstance = ags.goldenlionerp.apiTests.accountReceivable.ReceivableInvoiceApiTest@1e6bafd1, testMethod = deleteTest@ReceivableInvoiceApiTest, testException = [null], mergedContextConfiguration = [WebMergedContextConfiguration@3b7cd410 testClass = ReceivableInvoiceApiTest, locations = '{}', classes = '{class ags.goldenlionerp.GoldenLionErpApplication}', contextInitializerClasses = '[]', activeProfiles = '{}', propertySourceLocations = '{classpath:test.properties}', propertySourceProperties = '{org.springframework.boot.test.context.SpringBootTestContextBootstrapper=true}', contextCustomizers = set[org.springframework.boot.test.autoconfigure.properties.PropertyMappingContextCustomizer@0, org.springframework.boot.test.autoconfigure.web.servlet.WebDriverContextCustomizerFactory$Customizer@636d731e, [ImportsContextCustomizer@4f45b10 key = [ags.goldenlionerp.apiTests.ApiTestBase$TestConfig]], org.springframework.boot.test.context.filter.ExcludeFilterContextCustomizer@6afa5291, org.springframework.boot.test.json.DuplicateJsonObjectContextCustomizerFactory$DuplicateJsonObjectContextCustomizer@20cebcb4, org.springframework.boot.test.mock.mockito.MockitoContextCustomizer@0, org.springframework.boot.test.web.client.TestRestTemplateContextCustomizer@49a32273], resourceBasePath = 'src/main/webapp', contextLoader = 'org.springframework.boot.test.context.SpringBootContextLoader', parent = [null]], attributes = map['org.springframework.test.context.web.ServletTestExecutionListener.activateListener' -> true, 'org.springframework.test.context.web.ServletTestExecutionListener.populatedRequestContextHolder' -> true, 'org.springframework.test.context.web.ServletTestExecutionListener.resetRequestContextHolder' -> true]]
2018-12-27 11:25:39.301  INFO 2120 --- [    Test worker] o.s.t.c.transaction.TransactionContext   : Began transaction (1) for test context [DefaultTestContext@2a6f8192 testClass = ReceivableInvoiceApiTest, testInstance = ags.goldenlionerp.apiTests.accountReceivable.ReceivableInvoiceApiTest@89ac41c, testMethod = updateTestWithPut@ApiTestBase, testException = [null], mergedContextConfiguration = [WebMergedContextConfiguration@3b7cd410 testClass = ReceivableInvoiceApiTest, locations = '{}', classes = '{class ags.goldenlionerp.GoldenLionErpApplication}', contextInitializerClasses = '[]', activeProfiles = '{}', propertySourceLocations = '{classpath:test.properties}', propertySourceProperties = '{org.springframework.boot.test.context.SpringBootTestContextBootstrapper=true}', contextCustomizers = set[org.springframework.boot.test.autoconfigure.properties.PropertyMappingContextCustomizer@0, org.springframework.boot.test.autoconfigure.web.servlet.WebDriverContextCustomizerFactory$Customizer@636d731e, [ImportsContextCustomizer@4f45b10 key = [ags.goldenlionerp.apiTests.ApiTestBase$TestConfig]], org.springframework.boot.test.context.filter.ExcludeFilterContextCustomizer@6afa5291, org.springframework.boot.test.json.DuplicateJsonObjectContextCustomizerFactory$DuplicateJsonObjectContextCustomizer@20cebcb4, org.springframework.boot.test.mock.mockito.MockitoContextCustomizer@0, org.springframework.boot.test.web.client.TestRestTemplateContextCustomizer@49a32273], resourceBasePath = 'src/main/webapp', contextLoader = 'org.springframework.boot.test.context.SpringBootContextLoader', parent = [null]], attributes = map['org.springframework.test.context.web.ServletTestExecutionListener.activateListener' -> true, 'org.springframework.test.context.web.ServletTestExecutionListener.populatedRequestContextHolder' -> true, 'org.springframework.test.context.web.ServletTestExecutionListener.resetRequestContextHolder' -> true]]; transaction manager [org.springframework.orm.jpa.JpaTransactionManager@75de8c12]; rollback [true]
2018-12-27 11:25:39.301  INFO 2120 --- [    Test worker] o.s.b.t.m.w.SpringBootMockServletContext : Initializing Spring FrameworkServlet ''
2018-12-27 11:25:39.301  INFO 2120 --- [    Test worker] o.s.t.web.servlet.TestDispatcherServlet  : FrameworkServlet '': initialization started
2018-12-27 11:25:39.308  INFO 2120 --- [    Test worker] o.s.t.web.servlet.TestDispatcherServlet  : FrameworkServlet '': initialization completed in 7 ms
Hibernate: select receivable0_.ricoid as ricoid1_22_, receivable0_.ridocino as ridocino2_22_, receivable0_.ridocisq as ridocisq3_22_, receivable0_.ridocity as ridocity4_22_, receivable0_.ricid as ricid5_22_, receivable0_.ridtin as ridtin6_22_, receivable0_.ritmin as ritmin7_22_, receivable0_.riuid as riuid8_22_, receivable0_.ridtlu as ridtlu9_22_, receivable0_.ritmlu as ritmlu10_22_, receivable0_.riuidm as riuidm11_22_, receivable0_.ridesb1 as ridesb12_22_, receivable0_.riacid as riacid13_22_, receivable0_.ricrcb as ricrcb14_22_, receivable0_.ritaxab as ritaxab15_22_, receivable0_.riicu as riicu16_22_, receivable0_.riicut as riicut17_22_, receivable0_.ribuid as ribuid18_22_, receivable0_.ricldt as ricldt19_22_, receivable0_.ricsid as ricsid20_22_, receivable0_.ridesb2 as ridesb21_22_, receivable0_.riadsca as riadsca22_22_, receivable0_.riadsct as riadsct23_22_, receivable0_.ridcdt as ridcdt24_22_, receivable0_.ridocono as ridocon25_22_, receivable0_.ridocosq as ridocos26_22_, receivable0_.ridocoty as ridocot27_22_, receivable0_.ridsc as ridsc28_22_, receivable0_.ridvs as ridvs29_22_, receivable0_.ridoft as ridoft30_22_, receivable0_.ridudt as ridudt31_22_, receivable0_.riexcrt as riexcrt32_22_, receivable0_.riftb as riftb33_22_, receivable0_.rifda as rifda34_22_, receivable0_.rifdt as rifdt35_22_, receivable0_.rifea as rifea36_22_, receivable0_.rifta as rifta37_22_, receivable0_.riglcls as riglcls38_22_, receivable0_.rigldt as rigldt39_22_, receivable0_.ridocidt as ridocid40_22_, receivable0_.riims as riims41_22_, receivable0_.riamnt as riamnt42_22_, receivable0_.riobj as riobj43_22_, receivable0_.riobid as riobid44_22_, receivable0_.riaop as riaop45_22_, receivable0_.riordocno as riordoc46_22_, receivable0_.riordocsq as riordoc47_22_, receivable0_.riordocty as riordoc48_22_, receivable0_.ripyid as ripyid49_22_, receivable0_.riptc as riptc50_22_, receivable0_.rislid as rislid51_22_, receivable0_.risubl as risubl52_22_, receivable0_.risublt as risublt53_22_, receivable0_.risub as risub54_22_, receivable0_.ritaxal as ritaxal55_22_, receivable0_.ritaxcd as ritaxcd56_22_, receivable0_.ritaxidt as ritaxid57_22_, receivable0_.ritaxino as ritaxin58_22_, receivable0_.ritaxrt as ritaxrt59_22_, receivable0_.ritaxam as ritaxam60_22_, receivable0_.ricrct as ricrct61_22_, receivable0_.riinvdt as riinvdt62_22_, receivable0_.riinvno as riinvno63_22_ from t0311 receivable0_ where receivable0_.ridvs='' and receivable0_.ricoid=? and receivable0_.ridocino=? and receivable0_.ridocisq=? and receivable0_.ridocity=?
2018-12-27 11:25:39.324  INFO 2120 --- [    Test worker] o.s.t.c.transaction.TransactionContext   : Rolled back transaction for test: [DefaultTestContext@2a6f8192 testClass = ReceivableInvoiceApiTest, testInstance = ags.goldenlionerp.apiTests.accountReceivable.ReceivableInvoiceApiTest@89ac41c, testMethod = updateTestWithPut@ApiTestBase, testException = [null], mergedContextConfiguration = [WebMergedContextConfiguration@3b7cd410 testClass = ReceivableInvoiceApiTest, locations = '{}', classes = '{class ags.goldenlionerp.GoldenLionErpApplication}', contextInitializerClasses = '[]', activeProfiles = '{}', propertySourceLocations = '{classpath:test.properties}', propertySourceProperties = '{org.springframework.boot.test.context.SpringBootTestContextBootstrapper=true}', contextCustomizers = set[org.springframework.boot.test.autoconfigure.properties.PropertyMappingContextCustomizer@0, org.springframework.boot.test.autoconfigure.web.servlet.WebDriverContextCustomizerFactory$Customizer@636d731e, [ImportsContextCustomizer@4f45b10 key = [ags.goldenlionerp.apiTests.ApiTestBase$TestConfig]], org.springframework.boot.test.context.filter.ExcludeFilterContextCustomizer@6afa5291, org.springframework.boot.test.json.DuplicateJsonObjectContextCustomizerFactory$DuplicateJsonObjectContextCustomizer@20cebcb4, org.springframework.boot.test.mock.mockito.MockitoContextCustomizer@0, org.springframework.boot.test.web.client.TestRestTemplateContextCustomizer@49a32273], resourceBasePath = 'src/main/webapp', contextLoader = 'org.springframework.boot.test.context.SpringBootContextLoader', parent = [null]], attributes = map['org.springframework.test.context.web.ServletTestExecutionListener.activateListener' -> true, 'org.springframework.test.context.web.ServletTestExecutionListener.populatedRequestContextHolder' -> true, 'org.springframework.test.context.web.ServletTestExecutionListener.resetRequestContextHolder' -> true]]
2018-12-27 11:25:39.327  INFO 2120 --- [    Test worker] o.s.t.c.transaction.TransactionContext   : Began transaction (1) for test context [DefaultTestContext@2a6f8192 testClass = ReceivableInvoiceApiTest, testInstance = ags.goldenlionerp.apiTests.accountReceivable.ReceivableInvoiceApiTest@ebeb158, testMethod = getTestSingle@ApiTestBase, testException = [null], mergedContextConfiguration = [WebMergedContextConfiguration@3b7cd410 testClass = ReceivableInvoiceApiTest, locations = '{}', classes = '{class ags.goldenlionerp.GoldenLionErpApplication}', contextInitializerClasses = '[]', activeProfiles = '{}', propertySourceLocations = '{classpath:test.properties}', propertySourceProperties = '{org.springframework.boot.test.context.SpringBootTestContextBootstrapper=true}', contextCustomizers = set[org.springframework.boot.test.autoconfigure.properties.PropertyMappingContextCustomizer@0, org.springframework.boot.test.autoconfigure.web.servlet.WebDriverContextCustomizerFactory$Customizer@636d731e, [ImportsContextCustomizer@4f45b10 key = [ags.goldenlionerp.apiTests.ApiTestBase$TestConfig]], org.springframework.boot.test.context.filter.ExcludeFilterContextCustomizer@6afa5291, org.springframework.boot.test.json.DuplicateJsonObjectContextCustomizerFactory$DuplicateJsonObjectContextCustomizer@20cebcb4, org.springframework.boot.test.mock.mockito.MockitoContextCustomizer@0, org.springframework.boot.test.web.client.TestRestTemplateContextCustomizer@49a32273], resourceBasePath = 'src/main/webapp', contextLoader = 'org.springframework.boot.test.context.SpringBootContextLoader', parent = [null]], attributes = map['org.springframework.test.context.web.ServletTestExecutionListener.activateListener' -> true, 'org.springframework.test.context.web.ServletTestExecutionListener.populatedRequestContextHolder' -> true, 'org.springframework.test.context.web.ServletTestExecutionListener.resetRequestContextHolder' -> true]]; transaction manager [org.springframework.orm.jpa.JpaTransactionManager@75de8c12]; rollback [true]
2018-12-27 11:25:39.327  INFO 2120 --- [    Test worker] o.s.b.t.m.w.SpringBootMockServletContext : Initializing Spring FrameworkServlet ''
2018-12-27 11:25:39.327  INFO 2120 --- [    Test worker] o.s.t.web.servlet.TestDispatcherServlet  : FrameworkServlet '': initialization started
2018-12-27 11:25:39.333  INFO 2120 --- [    Test worker] o.s.t.web.servlet.TestDispatcherServlet  : FrameworkServlet '': initialization completed in 6 ms
Hibernate: select receivable0_.ricoid as ricoid1_22_, receivable0_.ridocino as ridocino2_22_, receivable0_.ridocisq as ridocisq3_22_, receivable0_.ridocity as ridocity4_22_, receivable0_.ricid as ricid5_22_, receivable0_.ridtin as ridtin6_22_, receivable0_.ritmin as ritmin7_22_, receivable0_.riuid as riuid8_22_, receivable0_.ridtlu as ridtlu9_22_, receivable0_.ritmlu as ritmlu10_22_, receivable0_.riuidm as riuidm11_22_, receivable0_.ridesb1 as ridesb12_22_, receivable0_.riacid as riacid13_22_, receivable0_.ricrcb as ricrcb14_22_, receivable0_.ritaxab as ritaxab15_22_, receivable0_.riicu as riicu16_22_, receivable0_.riicut as riicut17_22_, receivable0_.ribuid as ribuid18_22_, receivable0_.ricldt as ricldt19_22_, receivable0_.ricsid as ricsid20_22_, receivable0_.ridesb2 as ridesb21_22_, receivable0_.riadsca as riadsca22_22_, receivable0_.riadsct as riadsct23_22_, receivable0_.ridcdt as ridcdt24_22_, receivable0_.ridocono as ridocon25_22_, receivable0_.ridocosq as ridocos26_22_, receivable0_.ridocoty as ridocot27_22_, receivable0_.ridsc as ridsc28_22_, receivable0_.ridvs as ridvs29_22_, receivable0_.ridoft as ridoft30_22_, receivable0_.ridudt as ridudt31_22_, receivable0_.riexcrt as riexcrt32_22_, receivable0_.riftb as riftb33_22_, receivable0_.rifda as rifda34_22_, receivable0_.rifdt as rifdt35_22_, receivable0_.rifea as rifea36_22_, receivable0_.rifta as rifta37_22_, receivable0_.riglcls as riglcls38_22_, receivable0_.rigldt as rigldt39_22_, receivable0_.ridocidt as ridocid40_22_, receivable0_.riims as riims41_22_, receivable0_.riamnt as riamnt42_22_, receivable0_.riobj as riobj43_22_, receivable0_.riobid as riobid44_22_, receivable0_.riaop as riaop45_22_, receivable0_.riordocno as riordoc46_22_, receivable0_.riordocsq as riordoc47_22_, receivable0_.riordocty as riordoc48_22_, receivable0_.ripyid as ripyid49_22_, receivable0_.riptc as riptc50_22_, receivable0_.rislid as rislid51_22_, receivable0_.risubl as risubl52_22_, receivable0_.risublt as risublt53_22_, receivable0_.risub as risub54_22_, receivable0_.ritaxal as ritaxal55_22_, receivable0_.ritaxcd as ritaxcd56_22_, receivable0_.ritaxidt as ritaxid57_22_, receivable0_.ritaxino as ritaxin58_22_, receivable0_.ritaxrt as ritaxrt59_22_, receivable0_.ritaxam as ritaxam60_22_, receivable0_.ricrct as ricrct61_22_, receivable0_.riinvdt as riinvdt62_22_, receivable0_.riinvno as riinvno63_22_ from t0311 receivable0_ where receivable0_.ridvs='' and receivable0_.ricoid=? and receivable0_.ridocino=? and receivable0_.ridocisq=? and receivable0_.ridocity=?
Hibernate: select receivable0_.ricoid as ricoid1_22_, receivable0_.ridocino as ridocino2_22_, receivable0_.ridocisq as ridocisq3_22_, receivable0_.ridocity as ridocity4_22_, receivable0_.ricid as ricid5_22_, receivable0_.ridtin as ridtin6_22_, receivable0_.ritmin as ritmin7_22_, receivable0_.riuid as riuid8_22_, receivable0_.ridtlu as ridtlu9_22_, receivable0_.ritmlu as ritmlu10_22_, receivable0_.riuidm as riuidm11_22_, receivable0_.ridesb1 as ridesb12_22_, receivable0_.riacid as riacid13_22_, receivable0_.ricrcb as ricrcb14_22_, receivable0_.ritaxab as ritaxab15_22_, receivable0_.riicu as riicu16_22_, receivable0_.riicut as riicut17_22_, receivable0_.ribuid as ribuid18_22_, receivable0_.ricldt as ricldt19_22_, receivable0_.ricsid as ricsid20_22_, receivable0_.ridesb2 as ridesb21_22_, receivable0_.riadsca as riadsca22_22_, receivable0_.riadsct as riadsct23_22_, receivable0_.ridcdt as ridcdt24_22_, receivable0_.ridocono as ridocon25_22_, receivable0_.ridocosq as ridocos26_22_, receivable0_.ridocoty as ridocot27_22_, receivable0_.ridsc as ridsc28_22_, receivable0_.ridvs as ridvs29_22_, receivable0_.ridoft as ridoft30_22_, receivable0_.ridudt as ridudt31_22_, receivable0_.riexcrt as riexcrt32_22_, receivable0_.riftb as riftb33_22_, receivable0_.rifda as rifda34_22_, receivable0_.rifdt as rifdt35_22_, receivable0_.rifea as rifea36_22_, receivable0_.rifta as rifta37_22_, receivable0_.riglcls as riglcls38_22_, receivable0_.rigldt as rigldt39_22_, receivable0_.ridocidt as ridocid40_22_, receivable0_.riims as riims41_22_, receivable0_.riamnt as riamnt42_22_, receivable0_.riobj as riobj43_22_, receivable0_.riobid as riobid44_22_, receivable0_.riaop as riaop45_22_, receivable0_.riordocno as riordoc46_22_, receivable0_.riordocsq as riordoc47_22_, receivable0_.riordocty as riordoc48_22_, receivable0_.ripyid as ripyid49_22_, receivable0_.riptc as riptc50_22_, receivable0_.rislid as rislid51_22_, receivable0_.risubl as risubl52_22_, receivable0_.risublt as risublt53_22_, receivable0_.risub as risub54_22_, receivable0_.ritaxal as ritaxal55_22_, receivable0_.ritaxcd as ritaxcd56_22_, receivable0_.ritaxidt as ritaxid57_22_, receivable0_.ritaxino as ritaxin58_22_, receivable0_.ritaxrt as ritaxrt59_22_, receivable0_.ritaxam as ritaxam60_22_, receivable0_.ricrct as ricrct61_22_, receivable0_.riinvdt as riinvdt62_22_, receivable0_.riinvno as riinvno63_22_ from t0311 receivable0_ where receivable0_.ridvs='' and receivable0_.ricoid=? and receivable0_.ridocino=? and receivable0_.ridocisq=? and receivable0_.ridocity=?
2018-12-27 11:25:39.354  INFO 2120 --- [    Test worker] o.s.t.c.transaction.TransactionContext   : Rolled back transaction for test: [DefaultTestContext@2a6f8192 testClass = ReceivableInvoiceApiTest, testInstance = ags.goldenlionerp.apiTests.accountReceivable.ReceivableInvoiceApiTest@ebeb158, testMethod = getTestSingle@ApiTestBase, testException = [null], mergedContextConfiguration = [WebMergedContextConfiguration@3b7cd410 testClass = ReceivableInvoiceApiTest, locations = '{}', classes = '{class ags.goldenlionerp.GoldenLionErpApplication}', contextInitializerClasses = '[]', activeProfiles = '{}', propertySourceLocations = '{classpath:test.properties}', propertySourceProperties = '{org.springframework.boot.test.context.SpringBootTestContextBootstrapper=true}', contextCustomizers = set[org.springframework.boot.test.autoconfigure.properties.PropertyMappingContextCustomizer@0, org.springframework.boot.test.autoconfigure.web.servlet.WebDriverContextCustomizerFactory$Customizer@636d731e, [ImportsContextCustomizer@4f45b10 key = [ags.goldenlionerp.apiTests.ApiTestBase$TestConfig]], org.springframework.boot.test.context.filter.ExcludeFilterContextCustomizer@6afa5291, org.springframework.boot.test.json.DuplicateJsonObjectContextCustomizerFactory$DuplicateJsonObjectContextCustomizer@20cebcb4, org.springframework.boot.test.mock.mockito.MockitoContextCustomizer@0, org.springframework.boot.test.web.client.TestRestTemplateContextCustomizer@49a32273], resourceBasePath = 'src/main/webapp', contextLoader = 'org.springframework.boot.test.context.SpringBootContextLoader', parent = [null]], attributes = map['org.springframework.test.context.web.ServletTestExecutionListener.activateListener' -> true, 'org.springframework.test.context.web.ServletTestExecutionListener.populatedRequestContextHolder' -> true, 'org.springframework.test.context.web.ServletTestExecutionListener.resetRequestContextHolder' -> true]]
2018-12-27 11:25:39.381  INFO 2120 --- [    Test worker] o.s.t.c.transaction.TransactionContext   : Began transaction (1) for test context [DefaultTestContext@2a6f8192 testClass = ReceivableInvoiceApiTest, testInstance = ags.goldenlionerp.apiTests.accountReceivable.ReceivableInvoiceApiTest@c4ea10f, testMethod = getTestCollection@ApiTestBase, testException = [null], mergedContextConfiguration = [WebMergedContextConfiguration@3b7cd410 testClass = ReceivableInvoiceApiTest, locations = '{}', classes = '{class ags.goldenlionerp.GoldenLionErpApplication}', contextInitializerClasses = '[]', activeProfiles = '{}', propertySourceLocations = '{classpath:test.properties}', propertySourceProperties = '{org.springframework.boot.test.context.SpringBootTestContextBootstrapper=true}', contextCustomizers = set[org.springframework.boot.test.autoconfigure.properties.PropertyMappingContextCustomizer@0, org.springframework.boot.test.autoconfigure.web.servlet.WebDriverContextCustomizerFactory$Customizer@636d731e, [ImportsContextCustomizer@4f45b10 key = [ags.goldenlionerp.apiTests.ApiTestBase$TestConfig]], org.springframework.boot.test.context.filter.ExcludeFilterContextCustomizer@6afa5291, org.springframework.boot.test.json.DuplicateJsonObjectContextCustomizerFactory$DuplicateJsonObjectContextCustomizer@20cebcb4, org.springframework.boot.test.mock.mockito.MockitoContextCustomizer@0, org.springframework.boot.test.web.client.TestRestTemplateContextCustomizer@49a32273], resourceBasePath = 'src/main/webapp', contextLoader = 'org.springframework.boot.test.context.SpringBootContextLoader', parent = [null]], attributes = map['org.springframework.test.context.web.ServletTestExecutionListener.activateListener' -> true, 'org.springframework.test.context.web.ServletTestExecutionListener.populatedRequestContextHolder' -> true, 'org.springframework.test.context.web.ServletTestExecutionListener.resetRequestContextHolder' -> true]]; transaction manager [org.springframework.orm.jpa.JpaTransactionManager@75de8c12]; rollback [true]
2018-12-27 11:25:39.384  INFO 2120 --- [    Test worker] o.s.b.t.m.w.SpringBootMockServletContext : Initializing Spring FrameworkServlet ''
2018-12-27 11:25:39.384  INFO 2120 --- [    Test worker] o.s.t.web.servlet.TestDispatcherServlet  : FrameworkServlet '': initialization started
2018-12-27 11:25:39.393  INFO 2120 --- [    Test worker] o.s.t.web.servlet.TestDispatcherServlet  : FrameworkServlet '': initialization completed in 9 ms
Hibernate: select TOP(?) receivable0_.ricoid as ricoid1_22_, receivable0_.ridocino as ridocino2_22_, receivable0_.ridocisq as ridocisq3_22_, receivable0_.ridocity as ridocity4_22_, receivable0_.ricid as ricid5_22_, receivable0_.ridtin as ridtin6_22_, receivable0_.ritmin as ritmin7_22_, receivable0_.riuid as riuid8_22_, receivable0_.ridtlu as ridtlu9_22_, receivable0_.ritmlu as ritmlu10_22_, receivable0_.riuidm as riuidm11_22_, receivable0_.ridesb1 as ridesb12_22_, receivable0_.riacid as riacid13_22_, receivable0_.ricrcb as ricrcb14_22_, receivable0_.ritaxab as ritaxab15_22_, receivable0_.riicu as riicu16_22_, receivable0_.riicut as riicut17_22_, receivable0_.ribuid as ribuid18_22_, receivable0_.ricldt as ricldt19_22_, receivable0_.ricsid as ricsid20_22_, receivable0_.ridesb2 as ridesb21_22_, receivable0_.riadsca as riadsca22_22_, receivable0_.riadsct as riadsct23_22_, receivable0_.ridcdt as ridcdt24_22_, receivable0_.ridocono as ridocon25_22_, receivable0_.ridocosq as ridocos26_22_, receivable0_.ridocoty as ridocot27_22_, receivable0_.ridsc as ridsc28_22_, receivable0_.ridvs as ridvs29_22_, receivable0_.ridoft as ridoft30_22_, receivable0_.ridudt as ridudt31_22_, receivable0_.riexcrt as riexcrt32_22_, receivable0_.riftb as riftb33_22_, receivable0_.rifda as rifda34_22_, receivable0_.rifdt as rifdt35_22_, receivable0_.rifea as rifea36_22_, receivable0_.rifta as rifta37_22_, receivable0_.riglcls as riglcls38_22_, receivable0_.rigldt as rigldt39_22_, receivable0_.ridocidt as ridocid40_22_, receivable0_.riims as riims41_22_, receivable0_.riamnt as riamnt42_22_, receivable0_.riobj as riobj43_22_, receivable0_.riobid as riobid44_22_, receivable0_.riaop as riaop45_22_, receivable0_.riordocno as riordoc46_22_, receivable0_.riordocsq as riordoc47_22_, receivable0_.riordocty as riordoc48_22_, receivable0_.ripyid as ripyid49_22_, receivable0_.riptc as riptc50_22_, receivable0_.rislid as rislid51_22_, receivable0_.risubl as risubl52_22_, receivable0_.risublt as risublt53_22_, receivable0_.risub as risub54_22_, receivable0_.ritaxal as ritaxal55_22_, receivable0_.ritaxcd as ritaxcd56_22_, receivable0_.ritaxidt as ritaxid57_22_, receivable0_.ritaxino as ritaxin58_22_, receivable0_.ritaxrt as ritaxrt59_22_, receivable0_.ritaxam as ritaxam60_22_, receivable0_.ricrct as ricrct61_22_, receivable0_.riinvdt as riinvdt62_22_, receivable0_.riinvno as riinvno63_22_ from t0311 receivable0_ where receivable0_.ridvs=''
Hibernate: select count(receivable0_.ricoid) as col_0_0_ from t0311 receivable0_ where receivable0_.ridvs=''

MockHttpServletRequest:
      HTTP Method = GET
      Request URI = /api/invoices/
       Parameters = {}
          Headers = {Accept=[application/json]}
             Body = <no character encoding set>
    Session Attrs = {org.springframework.security.web.csrf.HttpSessionCsrfTokenRepository.CSRF_TOKEN=org.springframework.security.web.csrf.DefaultCsrfToken@57953e45, SPRING_SECURITY_CONTEXT=org.springframework.security.core.context.SecurityContextImpl@475fcd89: Authentication: org.springframework.security.authentication.UsernamePasswordAuthenticationToken@475fcd89: Principal: org.springframework.security.core.userdetails.User@f02988d6: Username: username; Password: [PROTECTED]; Enabled: true; AccountNonExpired: true; credentialsNonExpired: true; AccountNonLocked: true; Not granted any authorities; Credentials: [PROTECTED]; Authenticated: true; Details: null; Not granted any authorities}

Handler:
             Type = ags.goldenlionerp.application.ar.invoice.ReceivableInvoiceController
           Method = public org.springframework.hateoas.Resources<?> ags.goldenlionerp.application.ar.invoice.ReceivableInvoiceController.getCollection(boolean,org.springframework.data.rest.webmvc.support.DefaultedPageable,org.springframework.data.domain.Sort,org.springframework.data.rest.webmvc.PersistentEntityResourceAssembler)

Async:
    Async started = false
     Async result = null

Resolved Exception:
             Type = null

ModelAndView:
        View name = null
             View = null
            Model = null

FlashMap:
       Attributes = null

MockHttpServletResponse:
           Status = 200
    Error message = null
          Headers = {Content-Type=[application/json;charset=UTF-8], X-Content-Type-Options=[nosniff], X-XSS-Protection=[1; mode=block], Cache-Control=[no-cache, no-store, max-age=0, must-revalidate], Pragma=[no-cache], Expires=[0], X-Frame-Options=[DENY]}
     Content type = application/json;charset=UTF-8
             Body = {
  "_embedded" : {
    "invoices" : [ {
      "inputUserId" : "QSA",
      "lastUpdateUserId" : "QSA",
      "computerId" : "LAPTOP-FHFRCCL6",
      "companyId" : "11000",
      "invoiceNumber" : 1234567,
      "invoiceType" : "RI",
      "invoiceSequence" : 10,
      "invoiceDate" : "2018-08-08",
      "invoiceMatchStatus" : "",
      "batchNumber" : 202,
      "batchType" : "R",
      "glDate" : "2018-08-08",
      "customerId" : "1007",
      "payerId" : "1007",
      "salesmanId" : "",
      "dueDate" : "2018-09-07",
      "discountDueDate" : "2018-08-08",
      "closedDate" : null,
      "netAmount" : 1000.00000,
      "openAmount" : 1000.00000,
      "discountAmountAvailable" : 0.00000,
      "discountAmountTaken" : 0.00000,
      "baseTaxableAmount" : 990.00000,
      "taxableAmount" : 10.00000,
      "foreignExtendedAmount" : 0.00000,
      "foreignDiscountAmountAvailable" : 0.00000,
      "foreignDiscountAmountTaken" : 0.00000,
      "foreignBaseTaxableAmount" : 0.00000,
      "foreignTaxableAmount" : 0.00000,
      "baseCurrency" : "IDR",
      "transactionCurrency" : "IDR",
      "exchangeRate" : 1.000000000,
      "taxCode" : "",
      "taxRate" : 0E-15,
      "taxAllowance" : "",
      "taxInvoiceNumber" : "",
      "taxInvoiceDate" : null,
      "vendorInvoiceNumber" : "",
      "vendorInvoiceDate" : null,
      "domesticOrForeignTransaction" : "D",
      "documentStatusCode" : "A",
      "paymentTermCode" : "N30",
      "documentOrderNumber" : 0,
      "documentOrderType" : "",
      "documentOrderSequence" : 0,
      "originalDocumentNumber" : 0,
      "originalDocumentType" : "",
      "originalDocumentSequence" : 0,
      "documentVoidStatus" : "",
      "voided" : false,
      "glClass" : "",
      "accountId" : "100.112100",
      "businessUnitId" : "110",
      "objectAccountCode" : "112100",
      "subsidiaryCode" : "",
      "subledger" : "",
      "subledgerType" : "",
      "accountDescription" : "--- Piutang Usaha ---",
      "description" : "Abadi Cipta Komputer~test",
      "objectId" : "F0311",
      "lastUpdateDateTime" : "2018-08-08T17:40:44",
      "inputDateTime" : "2018-08-08T17:40:44",
      "_links" : {
        "self" : {
          "href" : "http://localhost/api/invoices/11000_1234567_RI_10"
        },
        "receivableInvoice" : {
          "href" : "http://localhost/api/invoices/11000_1234567_RI_10"
        }
      }
    }, {
      "inputUserId" : "PUTRI",
      "lastUpdateUserId" : "PUTRI",
      "computerId" : "DESKTOP-09OGK1M",
      "companyId" : "11000",
      "invoiceNumber" : 180100002,
      "invoiceType" : "RI",
      "invoiceSequence" : 10,
      "invoiceDate" : "2018-04-08",
      "invoiceMatchStatus" : "",
      "batchNumber" : 2,
      "batchType" : "R",
      "glDate" : "2018-04-08",
      "customerId" : "2867",
      "payerId" : "2867",
      "salesmanId" : "",
      "dueDate" : "2018-02-11",
      "discountDueDate" : "2018-04-08",
      "closedDate" : null,
      "netAmount" : 196450000.00000,
      "openAmount" : 196450000.00000,
      "discountAmountAvailable" : 0.00000,
      "discountAmountTaken" : 0.00000,
      "baseTaxableAmount" : 196450000.00000,
      "taxableAmount" : 19645000.00000,
      "foreignExtendedAmount" : 0.00000,
      "foreignDiscountAmountAvailable" : 0.00000,
      "foreignDiscountAmountTaken" : 0.00000,
      "foreignBaseTaxableAmount" : 0.00000,
      "foreignTaxableAmount" : 0.00000,
      "baseCurrency" : "IDR",
      "transactionCurrency" : "IDR",
      "exchangeRate" : 1.000000000,
      "taxCode" : "",
      "taxRate" : 0E-15,
      "taxAllowance" : "",
      "taxInvoiceNumber" : "",
      "taxInvoiceDate" : null,
      "vendorInvoiceNumber" : "INV/ATG/I/2018/2501",
      "vendorInvoiceDate" : "2018-01-12",
      "domesticOrForeignTransaction" : "D",
      "documentStatusCode" : "A",
      "paymentTermCode" : "N30",
      "documentOrderNumber" : 0,
      "documentOrderType" : "",
      "documentOrderSequence" : 0,
      "originalDocumentNumber" : 0,
      "originalDocumentType" : "",
      "originalDocumentSequence" : 0,
      "documentVoidStatus" : "",
      "voided" : false,
      "glClass" : "",
      "accountId" : "100.112100",
      "businessUnitId" : "110",
      "objectAccountCode" : "112100",
      "subsidiaryCode" : "",
      "subledger" : "",
      "subledgerType" : "",
      "accountDescription" : "Piutang Usaha - IDR",
      "description" : "Saldo Awal Piutang PT Bali Yoni Saguna",
      "objectId" : "F0311",
      "lastUpdateDateTime" : "2018-04-10T16:09:15",
      "inputDateTime" : "2018-04-10T16:09:15",
      "_links" : {
        "self" : {
          "href" : "http://localhost/api/invoices/11000_180100002_RI_10"
        },
        "receivableInvoice" : {
          "href" : "http://localhost/api/invoices/11000_180100002_RI_10"
        }
      }
    }, {
      "inputUserId" : "QSA",
      "lastUpdateUserId" : "SRI",
      "computerId" : "USER-PC",
      "companyId" : "11000",
      "invoiceNumber" : 180390001,
      "invoiceType" : "RI",
      "invoiceSequence" : 10,
      "invoiceDate" : "2018-04-08",
      "invoiceMatchStatus" : "",
      "batchNumber" : 1,
      "batchType" : "R",
      "glDate" : "2018-04-08",
      "customerId" : "1015",
      "payerId" : "1015",
      "salesmanId" : "",
      "dueDate" : "2018-03-26",
      "discountDueDate" : null,
      "closedDate" : "2018-04-10",
      "netAmount" : 490000.00000,
      "openAmount" : 0.00000,
      "discountAmountAvailable" : 0.00000,
      "discountAmountTaken" : 0.00000,
      "baseTaxableAmount" : 445454.54545,
      "taxableAmount" : 44545.45455,
      "foreignExtendedAmount" : 0.00000,
      "foreignDiscountAmountAvailable" : 0.00000,
      "foreignDiscountAmountTaken" : 0.00000,
      "foreignBaseTaxableAmount" : 0.00000,
      "foreignTaxableAmount" : 0.00000,
      "baseCurrency" : "IDR",
      "transactionCurrency" : "IDR",
      "exchangeRate" : 1.000000000,
      "taxCode" : "",
      "taxRate" : 0E-15,
      "taxAllowance" : "",
      "taxInvoiceNumber" : "",
      "taxInvoiceDate" : null,
      "vendorInvoiceNumber" : "INV/ATG/III/2018/4044",
      "vendorInvoiceDate" : "2018-03-12",
      "domesticOrForeignTransaction" : "D",
      "documentStatusCode" : "A",
      "paymentTermCode" : "N30",
      "documentOrderNumber" : 0,
      "documentOrderType" : "",
      "documentOrderSequence" : 0,
      "originalDocumentNumber" : 0,
      "originalDocumentType" : "",
      "originalDocumentSequence" : 0,
      "documentVoidStatus" : "",
      "voided" : false,
      "glClass" : "",
      "accountId" : "100.112100",
      "businessUnitId" : "110",
      "objectAccountCode" : "112100",
      "subsidiaryCode" : "",
      "subledger" : "",
      "subledgerType" : "",
      "accountDescription" : "Piutang Usaha - IDR",
      "description" : "Saldo Awal Piutang Absolute",
      "objectId" : "F0314",
      "lastUpdateDateTime" : "2018-04-13T10:17:39",
      "inputDateTime" : "2018-04-10T00:00:00",
      "_links" : {
        "self" : {
          "href" : "http://localhost/api/invoices/11000_180390001_RI_10"
        },
        "receivableInvoice" : {
          "href" : "http://localhost/api/invoices/11000_180390001_RI_10"
        }
      }
    }, {
      "inputUserId" : "QSA",
      "lastUpdateUserId" : "SRI",
      "computerId" : "USER-PC",
      "companyId" : "11000",
      "invoiceNumber" : 180390002,
      "invoiceType" : "RI",
      "invoiceSequence" : 10,
      "invoiceDate" : "2018-04-08",
      "invoiceMatchStatus" : "",
      "batchNumber" : 1,
      "batchType" : "R",
      "glDate" : "2018-04-08",
      "customerId" : "1015",
      "payerId" : "1015",
      "salesmanId" : "",
      "dueDate" : "2018-03-29",
      "discountDueDate" : null,
      "closedDate" : "2018-04-10",
      "netAmount" : 2781000.00000,
      "openAmount" : 0.00000,
      "discountAmountAvailable" : 0.00000,
      "discountAmountTaken" : 0.00000,
      "baseTaxableAmount" : 2528181.81818,
      "taxableAmount" : 252818.18182,
      "foreignExtendedAmount" : 0.00000,
      "foreignDiscountAmountAvailable" : 0.00000,
      "foreignDiscountAmountTaken" : 0.00000,
      "foreignBaseTaxableAmount" : 0.00000,
      "foreignTaxableAmount" : 0.00000,
      "baseCurrency" : "IDR",
      "transactionCurrency" : "IDR",
      "exchangeRate" : 1.000000000,
      "taxCode" : "",
      "taxRate" : 0E-15,
      "taxAllowance" : "",
      "taxInvoiceNumber" : "",
      "taxInvoiceDate" : null,
      "vendorInvoiceNumber" : "INV/ATG/III/2018/4201",
      "vendorInvoiceDate" : "2018-03-15",
      "domesticOrForeignTransaction" : "D",
      "documentStatusCode" : "A",
      "paymentTermCode" : "N30",
      "documentOrderNumber" : 0,
      "documentOrderType" : "",
      "documentOrderSequence" : 0,
      "originalDocumentNumber" : 0,
      "originalDocumentType" : "",
      "originalDocumentSequence" : 0,
      "documentVoidStatus" : "",
      "voided" : false,
      "glClass" : "",
      "accountId" : "100.112100",
      "businessUnitId" : "110",
      "objectAccountCode" : "112100",
      "subsidiaryCode" : "",
      "subledger" : "",
      "subledgerType" : "",
      "accountDescription" : "Piutang Usaha - IDR",
      "description" : "Saldo Awal Piutang Absolute",
      "objectId" : "F0314",
      "lastUpdateDateTime" : "2018-04-13T10:17:39",
      "inputDateTime" : "2018-04-10T00:00:00",
      "_links" : {
        "self" : {
          "href" : "http://localhost/api/invoices/11000_180390002_RI_10"
        },
        "receivableInvoice" : {
          "href" : "http://localhost/api/invoices/11000_180390002_RI_10"
        }
      }
    }, {
      "inputUserId" : "QSA",
      "lastUpdateUserId" : "SRI",
      "computerId" : "USER-PC",
      "companyId" : "11000",
      "invoiceNumber" : 180390003,
      "invoiceType" : "RI",
      "invoiceSequence" : 10,
      "invoiceDate" : "2018-04-08",
      "invoiceMatchStatus" : "",
      "batchNumber" : 1,
      "batchType" : "R",
      "glDate" : "2018-04-08",
      "customerId" : "1015",
      "payerId" : "1015",
      "salesmanId" : "",
      "dueDate" : "2018-04-04",
      "discountDueDate" : null,
      "closedDate" : "2018-04-11",
      "netAmount" : 1909000.00000,
      "openAmount" : 0.00000,
      "discountAmountAvailable" : 0.00000,
      "discountAmountTaken" : 0.00000,
      "baseTaxableAmount" : 1735454.54545,
      "taxableAmount" : 173545.45455,
      "foreignExtendedAmount" : 0.00000,
      "foreignDiscountAmountAvailable" : 0.00000,
      "foreignDiscountAmountTaken" : 0.00000,
      "foreignBaseTaxableAmount" : 0.00000,
      "foreignTaxableAmount" : 0.00000,
      "baseCurrency" : "IDR",
      "transactionCurrency" : "IDR",
      "exchangeRate" : 1.000000000,
      "taxCode" : "",
      "taxRate" : 0E-15,
      "taxAllowance" : "",
      "taxInvoiceNumber" : "",
      "taxInvoiceDate" : null,
      "vendorInvoiceNumber" : "INV/ATG/III/2018/4335",
      "vendorInvoiceDate" : "2018-03-21",
      "domesticOrForeignTransaction" : "D",
      "documentStatusCode" : "A",
      "paymentTermCode" : "N30",
      "documentOrderNumber" : 0,
      "documentOrderType" : "",
      "documentOrderSequence" : 0,
      "originalDocumentNumber" : 0,
      "originalDocumentType" : "",
      "originalDocumentSequence" : 0,
      "documentVoidStatus" : "",
      "voided" : false,
      "glClass" : "",
      "accountId" : "100.112100",
      "businessUnitId" : "110",
      "objectAccountCode" : "112100",
      "subsidiaryCode" : "",
      "subledger" : "",
      "subledgerType" : "",
      "accountDescription" : "Piutang Usaha - IDR",
      "description" : "Saldo Awal Piutang Absolute",
      "objectId" : "F0314",
      "lastUpdateDateTime" : "2018-04-20T16:24:37",
      "inputDateTime" : "2018-04-10T00:00:00",
      "_links" : {
        "self" : {
          "href" : "http://localhost/api/invoices/11000_180390003_RI_10"
        },
        "receivableInvoice" : {
          "href" : "http://localhost/api/invoices/11000_180390003_RI_10"
        }
      }
    }, {
      "inputUserId" : "QSA",
      "lastUpdateUserId" : "QSA",
      "computerId" : "GLSVR171217",
      "companyId" : "11000",
      "invoiceNumber" : 180390004,
      "invoiceType" : "RI",
      "invoiceSequence" : 10,
      "invoiceDate" : "2018-04-08",
      "invoiceMatchStatus" : "",
      "batchNumber" : 1,
      "batchType" : "R",
      "glDate" : "2018-04-08",
      "customerId" : "1015",
      "payerId" : "1015",
      "salesmanId" : "",
      "dueDate" : "2018-04-16",
      "discountDueDate" : null,
      "closedDate" : null,
      "netAmount" : 645000.00000,
      "openAmount" : 645000.00000,
      "discountAmountAvailable" : 0.00000,
      "discountAmountTaken" : 0.00000,
      "baseTaxableAmount" : 586363.63636,
      "taxableAmount" : 58636.36364,
      "foreignExtendedAmount" : 0.00000,
      "foreignDiscountAmountAvailable" : 0.00000,
      "foreignDiscountAmountTaken" : 0.00000,
      "foreignBaseTaxableAmount" : 0.00000,
      "foreignTaxableAmount" : 0.00000,
      "baseCurrency" : "IDR",
      "transactionCurrency" : "IDR",
      "exchangeRate" : 1.000000000,
      "taxCode" : "",
      "taxRate" : 0E-15,
      "taxAllowance" : "",
      "taxInvoiceNumber" : "",
      "taxInvoiceDate" : null,
      "vendorInvoiceNumber" : "INV/ATG/IV/2018/4695",
      "vendorInvoiceDate" : "2018-04-02",
      "domesticOrForeignTransaction" : "D",
      "documentStatusCode" : "A",
      "paymentTermCode" : "N30",
      "documentOrderNumber" : 0,
      "documentOrderType" : "",
      "documentOrderSequence" : 0,
      "originalDocumentNumber" : 0,
      "originalDocumentType" : "",
      "originalDocumentSequence" : 0,
      "documentVoidStatus" : "",
      "voided" : false,
      "glClass" : "",
      "accountId" : "100.112100",
      "businessUnitId" : "110",
      "objectAccountCode" : "112100",
      "subsidiaryCode" : "",
      "subledger" : "",
      "subledgerType" : "",
      "accountDescription" : "Piutang Usaha - IDR",
      "description" : "Saldo Awal Piutang Absolute",
      "objectId" : "",
      "lastUpdateDateTime" : "2018-04-10T00:00:00",
      "inputDateTime" : "2018-04-10T00:00:00",
      "_links" : {
        "self" : {
          "href" : "http://localhost/api/invoices/11000_180390004_RI_10"
        },
        "receivableInvoice" : {
          "href" : "http://localhost/api/invoices/11000_180390004_RI_10"
        }
      }
    }, {
      "inputUserId" : "QSA",
      "lastUpdateUserId" : "QSA",
      "computerId" : "GLSVR171217",
      "companyId" : "11000",
      "invoiceNumber" : 180390005,
      "invoiceType" : "RI",
      "invoiceSequence" : 10,
      "invoiceDate" : "2018-04-08",
      "invoiceMatchStatus" : "",
      "batchNumber" : 1,
      "batchType" : "R",
      "glDate" : "2018-04-08",
      "customerId" : "1015",
      "payerId" : "1015",
      "salesmanId" : "",
      "dueDate" : "2018-04-19",
      "discountDueDate" : null,
      "closedDate" : null,
      "netAmount" : 16275750.00000,
      "openAmount" : 16275750.00000,
      "discountAmountAvailable" : 0.00000,
      "discountAmountTaken" : 0.00000,
      "baseTaxableAmount" : 14796136.36364,
      "taxableAmount" : 1479613.63636,
      "foreignExtendedAmount" : 0.00000,
      "foreignDiscountAmountAvailable" : 0.00000,
      "foreignDiscountAmountTaken" : 0.00000,
      "foreignBaseTaxableAmount" : 0.00000,
      "foreignTaxableAmount" : 0.00000,
      "baseCurrency" : "IDR",
      "transactionCurrency" : "IDR",
      "exchangeRate" : 1.000000000,
      "taxCode" : "",
      "taxRate" : 0E-15,
      "taxAllowance" : "",
      "taxInvoiceNumber" : "",
      "taxInvoiceDate" : null,
      "vendorInvoiceNumber" : "INV/ATG/IV/2018/4846",
      "vendorInvoiceDate" : "2018-04-05",
      "domesticOrForeignTransaction" : "D",
      "documentStatusCode" : "A",
      "paymentTermCode" : "N30",
      "documentOrderNumber" : 0,
      "documentOrderType" : "",
      "documentOrderSequence" : 0,
      "originalDocumentNumber" : 0,
      "originalDocumentType" : "",
      "originalDocumentSequence" : 0,
      "documentVoidStatus" : "",
      "voided" : false,
      "glClass" : "",
      "accountId" : "100.112100",
      "businessUnitId" : "110",
      "objectAccountCode" : "112100",
      "subsidiaryCode" : "",
      "subledger" : "",
      "subledgerType" : "",
      "accountDescription" : "Piutang Usaha - IDR",
      "description" : "Saldo Awal Piutang Absolute",
      "objectId" : "",
      "lastUpdateDateTime" : "2018-04-10T00:00:00",
      "inputDateTime" : "2018-04-10T00:00:00",
      "_links" : {
        "self" : {
          "href" : "http://localhost/api/invoices/11000_180390005_RI_10"
        },
        "receivableInvoice" : {
          "href" : "http://localhost/api/invoices/11000_180390005_RI_10"
        }
      }
    }, {
      "inputUserId" : "QSA",
      "lastUpdateUserId" : "SRI",
      "computerId" : "USER-PC",
      "companyId" : "11000",
      "invoiceNumber" : 180390006,
      "invoiceType" : "RI",
      "invoiceSequence" : 10,
      "invoiceDate" : "2018-04-08",
      "invoiceMatchStatus" : "",
      "batchNumber" : 1,
      "batchType" : "R",
      "glDate" : "2018-04-08",
      "customerId" : "1016",
      "payerId" : "1016",
      "salesmanId" : "",
      "dueDate" : "2018-03-28",
      "discountDueDate" : null,
      "closedDate" : "2018-04-10",
      "netAmount" : 4635000.00000,
      "openAmount" : 0.00000,
      "discountAmountAvailable" : 0.00000,
      "discountAmountTaken" : 0.00000,
      "baseTaxableAmount" : 4213636.36364,
      "taxableAmount" : 421363.63636,
      "foreignExtendedAmount" : 0.00000,
      "foreignDiscountAmountAvailable" : 0.00000,
      "foreignDiscountAmountTaken" : 0.00000,
      "foreignBaseTaxableAmount" : 0.00000,
      "foreignTaxableAmount" : 0.00000,
      "baseCurrency" : "IDR",
      "transactionCurrency" : "IDR",
      "exchangeRate" : 1.000000000,
      "taxCode" : "",
      "taxRate" : 0E-15,
      "taxAllowance" : "",
      "taxInvoiceNumber" : "",
      "taxInvoiceDate" : null,
      "vendorInvoiceNumber" : "INV/ATG/III/2018/4131",
      "vendorInvoiceDate" : "2018-03-14",
      "domesticOrForeignTransaction" : "D",
      "documentStatusCode" : "A",
      "paymentTermCode" : "N30",
      "documentOrderNumber" : 0,
      "documentOrderType" : "",
      "documentOrderSequence" : 0,
      "originalDocumentNumber" : 0,
      "originalDocumentType" : "",
      "originalDocumentSequence" : 0,
      "documentVoidStatus" : "",
      "voided" : false,
      "glClass" : "",
      "accountId" : "100.112100",
      "businessUnitId" : "110",
      "objectAccountCode" : "112100",
      "subsidiaryCode" : "",
      "subledger" : "",
      "subledgerType" : "",
      "accountDescription" : "Piutang Usaha - IDR",
      "description" : "Saldo Awal Piutang Absolutely",
      "objectId" : "F0314",
      "lastUpdateDateTime" : "2018-04-13T10:19:50",
      "inputDateTime" : "2018-04-10T00:00:00",
      "_links" : {
        "self" : {
          "href" : "http://localhost/api/invoices/11000_180390006_RI_10"
        },
        "receivableInvoice" : {
          "href" : "http://localhost/api/invoices/11000_180390006_RI_10"
        }
      }
    }, {
      "inputUserId" : "QSA",
      "lastUpdateUserId" : "QSA",
      "computerId" : "GLSVR171217",
      "companyId" : "11000",
      "invoiceNumber" : 180390007,
      "invoiceType" : "RI",
      "invoiceSequence" : 10,
      "invoiceDate" : "2018-04-08",
      "invoiceMatchStatus" : "",
      "batchNumber" : 1,
      "batchType" : "R",
      "glDate" : "2018-04-08",
      "customerId" : "1016",
      "payerId" : "1016",
      "salesmanId" : "",
      "dueDate" : "2018-04-04",
      "discountDueDate" : null,
      "closedDate" : null,
      "netAmount" : 920000.00000,
      "openAmount" : 920000.00000,
      "discountAmountAvailable" : 0.00000,
      "discountAmountTaken" : 0.00000,
      "baseTaxableAmount" : 836363.63636,
      "taxableAmount" : 83636.36364,
      "foreignExtendedAmount" : 0.00000,
      "foreignDiscountAmountAvailable" : 0.00000,
      "foreignDiscountAmountTaken" : 0.00000,
      "foreignBaseTaxableAmount" : 0.00000,
      "foreignTaxableAmount" : 0.00000,
      "baseCurrency" : "IDR",
      "transactionCurrency" : "IDR",
      "exchangeRate" : 1.000000000,
      "taxCode" : "",
      "taxRate" : 0E-15,
      "taxAllowance" : "",
      "taxInvoiceNumber" : "",
      "taxInvoiceDate" : null,
      "vendorInvoiceNumber" : "INV/ATG/III/2018/4321",
      "vendorInvoiceDate" : "2018-03-21",
      "domesticOrForeignTransaction" : "D",
      "documentStatusCode" : "A",
      "paymentTermCode" : "N30",
      "documentOrderNumber" : 0,
      "documentOrderType" : "",
      "documentOrderSequence" : 0,
      "originalDocumentNumber" : 0,
      "originalDocumentType" : "",
      "originalDocumentSequence" : 0,
      "documentVoidStatus" : "",
      "voided" : false,
      "glClass" : "",
      "accountId" : "100.112100",
      "businessUnitId" : "110",
      "objectAccountCode" : "112100",
      "subsidiaryCode" : "",
      "subledger" : "",
      "subledgerType" : "",
      "accountDescription" : "Piutang Usaha - IDR",
      "description" : "Saldo Awal Piutang Absolutely",
      "objectId" : "",
      "lastUpdateDateTime" : "2018-04-10T00:00:00",
      "inputDateTime" : "2018-04-10T00:00:00",
      "_links" : {
        "self" : {
          "href" : "http://localhost/api/invoices/11000_180390007_RI_10"
        },
        "receivableInvoice" : {
          "href" : "http://localhost/api/invoices/11000_180390007_RI_10"
        }
      }
    }, {
      "inputUserId" : "QSA",
      "lastUpdateUserId" : "ASIH",
      "computerId" : "A179",
      "companyId" : "11000",
      "invoiceNumber" : 180390008,
      "invoiceType" : "RI",
      "invoiceSequence" : 10,
      "invoiceDate" : "2018-04-08",
      "invoiceMatchStatus" : "",
      "batchNumber" : 1,
      "batchType" : "R",
      "glDate" : "2018-04-08",
      "customerId" : "1016",
      "payerId" : "1016",
      "salesmanId" : "",
      "dueDate" : "2018-04-11",
      "discountDueDate" : null,
      "closedDate" : "2018-04-17",
      "netAmount" : 3524000.00000,
      "openAmount" : 0.00000,
      "discountAmountAvailable" : 0.00000,
      "discountAmountTaken" : 0.00000,
      "baseTaxableAmount" : 3203636.36364,
      "taxableAmount" : 320363.63636,
      "foreignExtendedAmount" : 0.00000,
      "foreignDiscountAmountAvailable" : 0.00000,
      "foreignDiscountAmountTaken" : 0.00000,
      "foreignBaseTaxableAmount" : 0.00000,
      "foreignTaxableAmount" : 0.00000,
      "baseCurrency" : "IDR",
      "transactionCurrency" : "IDR",
      "exchangeRate" : 1.000000000,
      "taxCode" : "",
      "taxRate" : 0E-15,
      "taxAllowance" : "",
      "taxInvoiceNumber" : "",
      "taxInvoiceDate" : null,
      "vendorInvoiceNumber" : "INV/ATG/III/2018/4576.",
      "vendorInvoiceDate" : "2018-03-28",
      "domesticOrForeignTransaction" : "D",
      "documentStatusCode" : "A",
      "paymentTermCode" : "N30",
      "documentOrderNumber" : 0,
      "documentOrderType" : "",
      "documentOrderSequence" : 0,
      "originalDocumentNumber" : 0,
      "originalDocumentType" : "",
      "originalDocumentSequence" : 0,
      "documentVoidStatus" : "",
      "voided" : false,
      "glClass" : "",
      "accountId" : "100.112100",
      "businessUnitId" : "110",
      "objectAccountCode" : "112100",
      "subsidiaryCode" : "",
      "subledger" : "",
      "subledgerType" : "",
      "accountDescription" : "Piutang Usaha - IDR",
      "description" : "Saldo Awal Piutang Absolutely",
      "objectId" : "F0314",
      "lastUpdateDateTime" : "2018-04-19T10:03:10",
      "inputDateTime" : "2018-04-10T00:00:00",
      "_links" : {
        "self" : {
          "href" : "http://localhost/api/invoices/11000_180390008_RI_10"
        },
        "receivableInvoice" : {
          "href" : "http://localhost/api/invoices/11000_180390008_RI_10"
        }
      }
    }, {
      "inputUserId" : "QSA",
      "lastUpdateUserId" : "SRI",
      "computerId" : "USER-PC",
      "companyId" : "11000",
      "invoiceNumber" : 180390009,
      "invoiceType" : "RI",
      "invoiceSequence" : 10,
      "invoiceDate" : "2018-04-08",
      "invoiceMatchStatus" : "",
      "batchNumber" : 1,
      "batchType" : "R",
      "glDate" : "2018-04-08",
      "customerId" : "1021",
      "payerId" : "1021",
      "salesmanId" : "",
      "dueDate" : "2018-04-04",
      "discountDueDate" : null,
      "closedDate" : "2018-04-12",
      "netAmount" : 297000.00000,
      "openAmount" : 0.00000,
      "discountAmountAvailable" : 0.00000,
      "discountAmountTaken" : 0.00000,
      "baseTaxableAmount" : 270000.00000,
      "taxableAmount" : 27000.00000,
      "foreignExtendedAmount" : 0.00000,
      "foreignDiscountAmountAvailable" : 0.00000,
      "foreignDiscountAmountTaken" : 0.00000,
      "foreignBaseTaxableAmount" : 0.00000,
      "foreignTaxableAmount" : 0.00000,
      "baseCurrency" : "IDR",
      "transactionCurrency" : "IDR",
      "exchangeRate" : 1.000000000,
      "taxCode" : "",
      "taxRate" : 0E-15,
      "taxAllowance" : "",
      "taxInvoiceNumber" : "",
      "taxInvoiceDate" : null,
      "vendorInvoiceNumber" : "INV/ATG/III/2018/4578",
      "vendorInvoiceDate" : "2018-03-28",
      "domesticOrForeignTransaction" : "D",
      "documentStatusCode" : "A",
      "paymentTermCode" : "N30",
      "documentOrderNumber" : 0,
      "documentOrderType" : "",
      "documentOrderSequence" : 0,
      "originalDocumentNumber" : 0,
      "originalDocumentType" : "",
      "originalDocumentSequence" : 0,
      "documentVoidStatus" : "",
      "voided" : false,
      "glClass" : "",
      "accountId" : "100.112100",
      "businessUnitId" : "110",
      "objectAccountCode" : "112100",
      "subsidiaryCode" : "",
      "subledger" : "",
      "subledgerType" : "",
      "accountDescription" : "Piutang Usaha - IDR",
      "description" : "Saldo Awal Piutang Acessories",
      "objectId" : "F0314",
      "lastUpdateDateTime" : "2018-04-19T15:38:01",
      "inputDateTime" : "2018-04-10T00:00:00",
      "_links" : {
        "self" : {
          "href" : "http://localhost/api/invoices/11000_180390009_RI_10"
        },
        "receivableInvoice" : {
          "href" : "http://localhost/api/invoices/11000_180390009_RI_10"
        }
      }
    }, {
      "inputUserId" : "QSA",
      "lastUpdateUserId" : "QSA",
      "computerId" : "GLSVR171217",
      "companyId" : "11000",
      "invoiceNumber" : 180390010,
      "invoiceType" : "RI",
      "invoiceSequence" : 10,
      "invoiceDate" : "2018-04-08",
      "invoiceMatchStatus" : "",
      "batchNumber" : 1,
      "batchType" : "R",
      "glDate" : "2018-04-08",
      "customerId" : "1021",
      "payerId" : "1021",
      "salesmanId" : "",
      "dueDate" : "2018-04-16",
      "discountDueDate" : null,
      "closedDate" : null,
      "netAmount" : 2650000.00000,
      "openAmount" : 2650000.00000,
      "discountAmountAvailable" : 0.00000,
      "discountAmountTaken" : 0.00000,
      "baseTaxableAmount" : 2409090.90909,
      "taxableAmount" : 240909.09091,
      "foreignExtendedAmount" : 0.00000,
      "foreignDiscountAmountAvailable" : 0.00000,
      "foreignDiscountAmountTaken" : 0.00000,
      "foreignBaseTaxableAmount" : 0.00000,
      "foreignTaxableAmount" : 0.00000,
      "baseCurrency" : "IDR",
      "transactionCurrency" : "IDR",
      "exchangeRate" : 1.000000000,
      "taxCode" : "",
      "taxRate" : 0E-15,
      "taxAllowance" : "",
      "taxInvoiceNumber" : "",
      "taxInvoiceDate" : null,
      "vendorInvoiceNumber" : "INV/ATG/IV/2018/4667",
      "vendorInvoiceDate" : "2018-04-02",
      "domesticOrForeignTransaction" : "D",
      "documentStatusCode" : "A",
      "paymentTermCode" : "N30",
      "documentOrderNumber" : 0,
      "documentOrderType" : "",
      "documentOrderSequence" : 0,
      "originalDocumentNumber" : 0,
      "originalDocumentType" : "",
      "originalDocumentSequence" : 0,
      "documentVoidStatus" : "",
      "voided" : false,
      "glClass" : "",
      "accountId" : "100.112100",
      "businessUnitId" : "110",
      "objectAccountCode" : "112100",
      "subsidiaryCode" : "",
      "subledger" : "",
      "subledgerType" : "",
      "accountDescription" : "Piutang Usaha - IDR",
      "description" : "Saldo Awal Piutang Acessories",
      "objectId" : "",
      "lastUpdateDateTime" : "2018-04-10T00:00:00",
      "inputDateTime" : "2018-04-10T00:00:00",
      "_links" : {
        "self" : {
          "href" : "http://localhost/api/invoices/11000_180390010_RI_10"
        },
        "receivableInvoice" : {
          "href" : "http://localhost/api/invoices/11000_180390010_RI_10"
        }
      }
    }, {
      "inputUserId" : "QSA",
      "lastUpdateUserId" : "QSA",
      "computerId" : "GLSVR171217",
      "companyId" : "11000",
      "invoiceNumber" : 180390011,
      "invoiceType" : "RI",
      "invoiceSequence" : 10,
      "invoiceDate" : "2018-04-08",
      "invoiceMatchStatus" : "",
      "batchNumber" : 1,
      "batchType" : "R",
      "glDate" : "2018-04-08",
      "customerId" : "1021",
      "payerId" : "1021",
      "salesmanId" : "",
      "dueDate" : "2018-04-18",
      "discountDueDate" : null,
      "closedDate" : null,
      "netAmount" : 5700000.00000,
      "openAmount" : 5700000.00000,
      "discountAmountAvailable" : 0.00000,
      "discountAmountTaken" : 0.00000,
      "baseTaxableAmount" : 5181818.18182,
      "taxableAmount" : 518181.81818,
      "foreignExtendedAmount" : 0.00000,
      "foreignDiscountAmountAvailable" : 0.00000,
      "foreignDiscountAmountTaken" : 0.00000,
      "foreignBaseTaxableAmount" : 0.00000,
      "foreignTaxableAmount" : 0.00000,
      "baseCurrency" : "IDR",
      "transactionCurrency" : "IDR",
      "exchangeRate" : 1.000000000,
      "taxCode" : "",
      "taxRate" : 0E-15,
      "taxAllowance" : "",
      "taxInvoiceNumber" : "",
      "taxInvoiceDate" : null,
      "vendorInvoiceNumber" : "INV/ATG/IV/2018/4761",
      "vendorInvoiceDate" : "2018-04-04",
      "domesticOrForeignTransaction" : "D",
      "documentStatusCode" : "A",
      "paymentTermCode" : "N30",
      "documentOrderNumber" : 0,
      "documentOrderType" : "",
      "documentOrderSequence" : 0,
      "originalDocumentNumber" : 0,
      "originalDocumentType" : "",
      "originalDocumentSequence" : 0,
      "documentVoidStatus" : "",
      "voided" : false,
      "glClass" : "",
      "accountId" : "100.112100",
      "businessUnitId" : "110",
      "objectAccountCode" : "112100",
      "subsidiaryCode" : "",
      "subledger" : "",
      "subledgerType" : "",
      "accountDescription" : "Piutang Usaha - IDR",
      "description" : "Saldo Awal Piutang Acessories",
      "objectId" : "",
      "lastUpdateDateTime" : "2018-04-10T00:00:00",
      "inputDateTime" : "2018-04-10T00:00:00",
      "_links" : {
        "self" : {
          "href" : "http://localhost/api/invoices/11000_180390011_RI_10"
        },
        "receivableInvoice" : {
          "href" : "http://localhost/api/invoices/11000_180390011_RI_10"
        }
      }
    }, {
      "inputUserId" : "QSA",
      "lastUpdateUserId" : "ASIH",
      "computerId" : "A179",
      "companyId" : "11000",
      "invoiceNumber" : 180390012,
      "invoiceType" : "RI",
      "invoiceSequence" : 10,
      "invoiceDate" : "2018-04-08",
      "invoiceMatchStatus" : "",
      "batchNumber" : 1,
      "batchType" : "R",
      "glDate" : "2018-04-08",
      "customerId" : "1038",
      "payerId" : "1038",
      "salesmanId" : "",
      "dueDate" : "2018-04-12",
      "discountDueDate" : null,
      "closedDate" : "2018-04-16",
      "netAmount" : 20175002.00000,
      "openAmount" : 0.00000,
      "discountAmountAvailable" : 0.00000,
      "discountAmountTaken" : 0.00000,
      "baseTaxableAmount" : 18340910.90909,
      "taxableAmount" : 1834091.09091,
      "foreignExtendedAmount" : 0.00000,
      "foreignDiscountAmountAvailable" : 0.00000,
      "foreignDiscountAmountTaken" : 0.00000,
      "foreignBaseTaxableAmount" : 0.00000,
      "foreignTaxableAmount" : 0.00000,
      "baseCurrency" : "IDR",
      "transactionCurrency" : "IDR",
      "exchangeRate" : 1.000000000,
      "taxCode" : "",
      "taxRate" : 0E-15,
      "taxAllowance" : "",
      "taxInvoiceNumber" : "",
      "taxInvoiceDate" : null,
      "vendorInvoiceNumber" : "INV/ATG/III/2018/4618",
      "vendorInvoiceDate" : "2018-03-29",
      "domesticOrForeignTransaction" : "D",
      "documentStatusCode" : "A",
      "paymentTermCode" : "N30",
      "documentOrderNumber" : 0,
      "documentOrderType" : "",
      "documentOrderSequence" : 0,
      "originalDocumentNumber" : 0,
      "originalDocumentType" : "",
      "originalDocumentSequence" : 0,
      "documentVoidStatus" : "",
      "voided" : false,
      "glClass" : "",
      "accountId" : "100.112100",
      "businessUnitId" : "110",
      "objectAccountCode" : "112100",
      "subsidiaryCode" : "",
      "subledger" : "",
      "subledgerType" : "",
      "accountDescription" : "Piutang Usaha - IDR",
      "description" : "Saldo Awal Piutang AGP Computer",
      "objectId" : "F0314",
      "lastUpdateDateTime" : "2018-04-18T15:31:34",
      "inputDateTime" : "2018-04-10T00:00:00",
      "_links" : {
        "self" : {
          "href" : "http://localhost/api/invoices/11000_180390012_RI_10"
        },
        "receivableInvoice" : {
          "href" : "http://localhost/api/invoices/11000_180390012_RI_10"
        }
      }
    }, {
      "inputUserId" : "QSA",
      "lastUpdateUserId" : "ASIH",
      "computerId" : "A179",
      "companyId" : "11000",
      "invoiceNumber" : 180390013,
      "invoiceType" : "RI",
      "invoiceSequence" : 10,
      "invoiceDate" : "2018-04-08",
      "invoiceMatchStatus" : "",
      "batchNumber" : 1,
      "batchType" : "R",
      "glDate" : "2018-04-08",
      "customerId" : "1038",
      "payerId" : "1038",
      "salesmanId" : "",
      "dueDate" : "2018-04-19",
      "discountDueDate" : null,
      "closedDate" : "2018-04-20",
      "netAmount" : 6450004.00000,
      "openAmount" : 0.00000,
      "discountAmountAvailable" : 0.00000,
      "discountAmountTaken" : 0.00000,
      "baseTaxableAmount" : 5863640.00000,
      "taxableAmount" : 586364.00000,
      "foreignExtendedAmount" : 0.00000,
      "foreignDiscountAmountAvailable" : 0.00000,
      "foreignDiscountAmountTaken" : 0.00000,
      "foreignBaseTaxableAmount" : 0.00000,
      "foreignTaxableAmount" : 0.00000,
      "baseCurrency" : "IDR",
      "transactionCurrency" : "IDR",
      "exchangeRate" : 1.000000000,
      "taxCode" : "",
      "taxRate" : 0E-15,
      "taxAllowance" : "",
      "taxInvoiceNumber" : "",
      "taxInvoiceDate" : null,
      "vendorInvoiceNumber" : "INV/ATG/IV/2018/4818",
      "vendorInvoiceDate" : "2018-04-05",
      "domesticOrForeignTransaction" : "D",
      "documentStatusCode" : "A",
      "paymentTermCode" : "N30",
      "documentOrderNumber" : 0,
      "documentOrderType" : "",
      "documentOrderSequence" : 0,
      "originalDocumentNumber" : 0,
      "originalDocumentType" : "",
      "originalDocumentSequence" : 0,
      "documentVoidStatus" : "",
      "voided" : false,
      "glClass" : "",
      "accountId" : "100.112100",
      "businessUnitId" : "110",
      "objectAccountCode" : "112100",
      "subsidiaryCode" : "",
      "subledger" : "",
      "subledgerType" : "",
      "accountDescription" : "Piutang Usaha - IDR",
      "description" : "Saldo Awal Piutang AGP Computer",
      "objectId" : "F0314",
      "lastUpdateDateTime" : "2018-04-23T13:18:22",
      "inputDateTime" : "2018-04-10T00:00:00",
      "_links" : {
        "self" : {
          "href" : "http://localhost/api/invoices/11000_180390013_RI_10"
        },
        "receivableInvoice" : {
          "href" : "http://localhost/api/invoices/11000_180390013_RI_10"
        }
      }
    }, {
      "inputUserId" : "QSA",
      "lastUpdateUserId" : "SRI",
      "computerId" : "USER-PC",
      "companyId" : "11000",
      "invoiceNumber" : 180390014,
      "invoiceType" : "RI",
      "invoiceSequence" : 10,
      "invoiceDate" : "2018-04-08",
      "invoiceMatchStatus" : "",
      "batchNumber" : 1,
      "batchType" : "R",
      "glDate" : "2018-04-08",
      "customerId" : "1042",
      "payerId" : "1042",
      "salesmanId" : "",
      "dueDate" : "2018-04-06",
      "discountDueDate" : null,
      "closedDate" : "2018-04-09",
      "netAmount" : 5850002.00000,
      "openAmount" : 0.00000,
      "discountAmountAvailable" : 0.00000,
      "discountAmountTaken" : 0.00000,
      "baseTaxableAmount" : 5318183.63636,
      "taxableAmount" : 531818.36364,
      "foreignExtendedAmount" : 0.00000,
      "foreignDiscountAmountAvailable" : 0.00000,
      "foreignDiscountAmountTaken" : 0.00000,
      "foreignBaseTaxableAmount" : 0.00000,
      "foreignTaxableAmount" : 0.00000,
      "baseCurrency" : "IDR",
      "transactionCurrency" : "IDR",
      "exchangeRate" : 1.000000000,
      "taxCode" : "",
      "taxRate" : 0E-15,
      "taxAllowance" : "",
      "taxInvoiceNumber" : "",
      "taxInvoiceDate" : null,
      "vendorInvoiceNumber" : "INV/ATG/III/2018/4412",
      "vendorInvoiceDate" : "2018-03-23",
      "domesticOrForeignTransaction" : "D",
      "documentStatusCode" : "A",
      "paymentTermCode" : "N30",
      "documentOrderNumber" : 0,
      "documentOrderType" : "",
      "documentOrderSequence" : 0,
      "originalDocumentNumber" : 0,
      "originalDocumentType" : "",
      "originalDocumentSequence" : 0,
      "documentVoidStatus" : "",
      "voided" : false,
      "glClass" : "",
      "accountId" : "100.112100",
      "businessUnitId" : "110",
      "objectAccountCode" : "112100",
      "subsidiaryCode" : "",
      "subledger" : "",
      "subledgerType" : "",
      "accountDescription" : "Piutang Usaha - IDR",
      "description" : "Saldo Awal Piutang Agus",
      "objectId" : "F0314",
      "lastUpdateDateTime" : "2018-04-20T11:16:36",
      "inputDateTime" : "2018-04-10T00:00:00",
      "_links" : {
        "self" : {
          "href" : "http://localhost/api/invoices/11000_180390014_RI_10"
        },
        "receivableInvoice" : {
          "href" : "http://localhost/api/invoices/11000_180390014_RI_10"
        }
      }
    }, {
      "inputUserId" : "QSA",
      "lastUpdateUserId" : "SRI",
      "computerId" : "USER-PC",
      "companyId" : "11000",
      "invoiceNumber" : 180390015,
      "invoiceType" : "RI",
      "invoiceSequence" : 10,
      "invoiceDate" : "2018-04-08",
      "invoiceMatchStatus" : "",
      "batchNumber" : 1,
      "batchType" : "R",
      "glDate" : "2018-04-08",
      "customerId" : "1042",
      "payerId" : "1042",
      "salesmanId" : "",
      "dueDate" : "2018-04-11",
      "discountDueDate" : null,
      "closedDate" : "2018-04-12",
      "netAmount" : 5250000.00000,
      "openAmount" : 0.00000,
      "discountAmountAvailable" : 0.00000,
      "discountAmountTaken" : 0.00000,
      "baseTaxableAmount" : 4772727.27273,
      "taxableAmount" : 477272.72727,
      "foreignExtendedAmount" : 0.00000,
      "foreignDiscountAmountAvailable" : 0.00000,
      "foreignDiscountAmountTaken" : 0.00000,
      "foreignBaseTaxableAmount" : 0.00000,
      "foreignTaxableAmount" : 0.00000,
      "baseCurrency" : "IDR",
      "transactionCurrency" : "IDR",
      "exchangeRate" : 1.000000000,
      "taxCode" : "",
      "taxRate" : 0E-15,
      "taxAllowance" : "",
      "taxInvoiceNumber" : "",
      "taxInvoiceDate" : null,
      "vendorInvoiceNumber" : "INV/ATG/III/2018/4509",
      "vendorInvoiceDate" : "2018-03-28",
      "domesticOrForeignTransaction" : "D",
      "documentStatusCode" : "A",
      "paymentTermCode" : "N30",
      "documentOrderNumber" : 0,
      "documentOrderType" : "",
      "documentOrderSequence" : 0,
      "originalDocumentNumber" : 0,
      "originalDocumentType" : "",
      "originalDocumentSequence" : 0,
      "documentVoidStatus" : "",
      "voided" : false,
      "glClass" : "",
      "accountId" : "100.112100",
      "businessUnitId" : "110",
      "objectAccountCode" : "112100",
      "subsidiaryCode" : "",
      "subledger" : "",
      "subledgerType" : "",
      "accountDescription" : "Piutang Usaha - IDR",
      "description" : "Saldo Awal Piutang Agus",
      "objectId" : "F0314",
      "lastUpdateDateTime" : "2018-04-19T15:57:24",
      "inputDateTime" : "2018-04-10T00:00:00",
      "_links" : {
        "self" : {
          "href" : "http://localhost/api/invoices/11000_180390015_RI_10"
        },
        "receivableInvoice" : {
          "href" : "http://localhost/api/invoices/11000_180390015_RI_10"
        }
      }
    }, {
      "inputUserId" : "QSA",
      "lastUpdateUserId" : "ASIH",
      "computerId" : "A179",
      "companyId" : "11000",
      "invoiceNumber" : 180390016,
      "invoiceType" : "RI",
      "invoiceSequence" : 10,
      "invoiceDate" : "2018-04-08",
      "invoiceMatchStatus" : "",
      "batchNumber" : 1,
      "batchType" : "R",
      "glDate" : "2018-04-08",
      "customerId" : "1042",
      "payerId" : "1042",
      "salesmanId" : "",
      "dueDate" : "2018-04-11",
      "discountDueDate" : null,
      "closedDate" : "2018-04-17",
      "netAmount" : 1320000.00000,
      "openAmount" : 0.00000,
      "discountAmountAvailable" : 0.00000,
      "discountAmountTaken" : 0.00000,
      "baseTaxableAmount" : 1200000.00000,
      "taxableAmount" : 120000.00000,
      "foreignExtendedAmount" : 0.00000,
      "foreignDiscountAmountAvailable" : 0.00000,
      "foreignDiscountAmountTaken" : 0.00000,
      "foreignBaseTaxableAmount" : 0.00000,
      "foreignTaxableAmount" : 0.00000,
      "baseCurrency" : "IDR",
      "transactionCurrency" : "IDR",
      "exchangeRate" : 1.000000000,
      "taxCode" : "",
      "taxRate" : 0E-15,
      "taxAllowance" : "",
      "taxInvoiceNumber" : "",
      "taxInvoiceDate" : null,
      "vendorInvoiceNumber" : "INV/ATG/III/2018/4536",
      "vendorInvoiceDate" : "2018-03-28",
      "domesticOrForeignTransaction" : "D",
      "documentStatusCode" : "A",
      "paymentTermCode" : "N30",
      "documentOrderNumber" : 0,
      "documentOrderType" : "",
      "documentOrderSequence" : 0,
      "originalDocumentNumber" : 0,
      "originalDocumentType" : "",
      "originalDocumentSequence" : 0,
      "documentVoidStatus" : "",
      "voided" : false,
      "glClass" : "",
      "accountId" : "100.112100",
      "businessUnitId" : "110",
      "objectAccountCode" : "112100",
      "subsidiaryCode" : "",
      "subledger" : "",
      "subledgerType" : "",
      "accountDescription" : "Piutang Usaha - IDR",
      "description" : "Saldo Awal Piutang Agus",
      "objectId" : "F0314",
      "lastUpdateDateTime" : "2018-04-19T10:37:17",
      "inputDateTime" : "2018-04-10T00:00:00",
      "_links" : {
        "self" : {
          "href" : "http://localhost/api/invoices/11000_180390016_RI_10"
        },
        "receivableInvoice" : {
          "href" : "http://localhost/api/invoices/11000_180390016_RI_10"
        }
      }
    }, {
      "inputUserId" : "QSA",
      "lastUpdateUserId" : "SRI",
      "computerId" : "USER-PC",
      "companyId" : "11000",
      "invoiceNumber" : 180390017,
      "invoiceType" : "RI",
      "invoiceSequence" : 10,
      "invoiceDate" : "2018-04-08",
      "invoiceMatchStatus" : "",
      "batchNumber" : 1,
      "batchType" : "R",
      "glDate" : "2018-04-08",
      "customerId" : "1042",
      "payerId" : "1042",
      "salesmanId" : "",
      "dueDate" : "2018-04-11",
      "discountDueDate" : null,
      "closedDate" : "2018-04-12",
      "netAmount" : 556000.00000,
      "openAmount" : 0.00000,
      "discountAmountAvailable" : 0.00000,
      "discountAmountTaken" : 0.00000,
      "baseTaxableAmount" : 505454.54545,
      "taxableAmount" : 50545.45455,
      "foreignExtendedAmount" : 0.00000,
      "foreignDiscountAmountAvailable" : 0.00000,
      "foreignDiscountAmountTaken" : 0.00000,
      "foreignBaseTaxableAmount" : 0.00000,
      "foreignTaxableAmount" : 0.00000,
      "baseCurrency" : "IDR",
      "transactionCurrency" : "IDR",
      "exchangeRate" : 1.000000000,
      "taxCode" : "",
      "taxRate" : 0E-15,
      "taxAllowance" : "",
      "taxInvoiceNumber" : "",
      "taxInvoiceDate" : null,
      "vendorInvoiceNumber" : "INV/ATG/III/2018/4545",
      "vendorInvoiceDate" : "2018-03-28",
      "domesticOrForeignTransaction" : "D",
      "documentStatusCode" : "A",
      "paymentTermCode" : "N30",
      "documentOrderNumber" : 0,
      "documentOrderType" : "",
      "documentOrderSequence" : 0,
      "originalDocumentNumber" : 0,
      "originalDocumentType" : "",
      "originalDocumentSequence" : 0,
      "documentVoidStatus" : "",
      "voided" : false,
      "glClass" : "",
      "accountId" : "100.112100",
      "businessUnitId" : "110",
      "objectAccountCode" : "112100",
      "subsidiaryCode" : "",
      "subledger" : "",
      "subledgerType" : "",
      "accountDescription" : "Piutang Usaha - IDR",
      "description" : "Saldo Awal Piutang Agus",
      "objectId" : "F0314",
      "lastUpdateDateTime" : "2018-04-19T15:57:24",
      "inputDateTime" : "2018-04-10T00:00:00",
      "_links" : {
        "self" : {
          "href" : "http://localhost/api/invoices/11000_180390017_RI_10"
        },
        "receivableInvoice" : {
          "href" : "http://localhost/api/invoices/11000_180390017_RI_10"
        }
      }
    }, {
      "inputUserId" : "QSA",
      "lastUpdateUserId" : "SRI",
      "computerId" : "USER-PC",
      "companyId" : "11000",
      "invoiceNumber" : 180390018,
      "invoiceType" : "RI",
      "invoiceSequence" : 10,
      "invoiceDate" : "2018-04-08",
      "invoiceMatchStatus" : "",
      "batchNumber" : 1,
      "batchType" : "R",
      "glDate" : "2018-04-08",
      "customerId" : "1042",
      "payerId" : "1042",
      "salesmanId" : "",
      "dueDate" : "2018-04-11",
      "discountDueDate" : null,
      "closedDate" : "2018-04-12",
      "netAmount" : 189002.00000,
      "openAmount" : 0.00000,
      "discountAmountAvailable" : 0.00000,
      "discountAmountTaken" : 0.00000,
      "baseTaxableAmount" : 171820.00000,
      "taxableAmount" : 17182.00000,
      "foreignExtendedAmount" : 0.00000,
      "foreignDiscountAmountAvailable" : 0.00000,
      "foreignDiscountAmountTaken" : 0.00000,
      "foreignBaseTaxableAmount" : 0.00000,
      "foreignTaxableAmount" : 0.00000,
      "baseCurrency" : "IDR",
      "transactionCurrency" : "IDR",
      "exchangeRate" : 1.000000000,
      "taxCode" : "",
      "taxRate" : 0E-15,
      "taxAllowance" : "",
      "taxInvoiceNumber" : "",
      "taxInvoiceDate" : null,
      "vendorInvoiceNumber" : "INV/ATG/III/2018/4577.",
      "vendorInvoiceDate" : "2018-03-28",
      "domesticOrForeignTransaction" : "D",
      "documentStatusCode" : "A",
      "paymentTermCode" : "N30",
      "documentOrderNumber" : 0,
      "documentOrderType" : "",
      "documentOrderSequence" : 0,
      "originalDocumentNumber" : 0,
      "originalDocumentType" : "",
      "originalDocumentSequence" : 0,
      "documentVoidStatus" : "",
      "voided" : false,
      "glClass" : "",
      "accountId" : "100.112100",
      "businessUnitId" : "110",
      "objectAccountCode" : "112100",
      "subsidiaryCode" : "",
      "subledger" : "",
      "subledgerType" : "",
      "accountDescription" : "Piutang Usaha - IDR",
      "description" : "Saldo Awal Piutang Agus",
      "objectId" : "F0314",
      "lastUpdateDateTime" : "2018-04-19T15:57:24",
      "inputDateTime" : "2018-04-10T00:00:00",
      "_links" : {
        "self" : {
          "href" : "http://localhost/api/invoices/11000_180390018_RI_10"
        },
        "receivableInvoice" : {
          "href" : "http://localhost/api/invoices/11000_180390018_RI_10"
        }
      }
    } ]
  },
  "_links" : {
    "first" : {
      "href" : "http://localhost/api/invoices/?page=0&size=20"
    },
    "self" : {
      "href" : "http://localhost/api/invoices/?page=0&size=20"
    },
    "next" : {
      "href" : "http://localhost/api/invoices/?page=1&size=20"
    },
    "last" : {
      "href" : "http://localhost/api/invoices/?page=72&size=20"
    }
  },
  "page" : {
    "size" : 20,
    "totalElements" : 1443,
    "totalPages" : 73,
    "number" : 0
  }
}
    Forwarded URL = null
   Redirected URL = null
          Cookies = []
2018-12-27 11:25:39.492  INFO 2120 --- [    Test worker] o.s.t.c.transaction.TransactionContext   : Rolled back transaction for test: [DefaultTestContext@2a6f8192 testClass = ReceivableInvoiceApiTest, testInstance = ags.goldenlionerp.apiTests.accountReceivable.ReceivableInvoiceApiTest@c4ea10f, testMethod = getTestCollection@ApiTestBase, testException = [null], mergedContextConfiguration = [WebMergedContextConfiguration@3b7cd410 testClass = ReceivableInvoiceApiTest, locations = '{}', classes = '{class ags.goldenlionerp.GoldenLionErpApplication}', contextInitializerClasses = '[]', activeProfiles = '{}', propertySourceLocations = '{classpath:test.properties}', propertySourceProperties = '{org.springframework.boot.test.context.SpringBootTestContextBootstrapper=true}', contextCustomizers = set[org.springframework.boot.test.autoconfigure.properties.PropertyMappingContextCustomizer@0, org.springframework.boot.test.autoconfigure.web.servlet.WebDriverContextCustomizerFactory$Customizer@636d731e, [ImportsContextCustomizer@4f45b10 key = [ags.goldenlionerp.apiTests.ApiTestBase$TestConfig]], org.springframework.boot.test.context.filter.ExcludeFilterContextCustomizer@6afa5291, org.springframework.boot.test.json.DuplicateJsonObjectContextCustomizerFactory$DuplicateJsonObjectContextCustomizer@20cebcb4, org.springframework.boot.test.mock.mockito.MockitoContextCustomizer@0, org.springframework.boot.test.web.client.TestRestTemplateContextCustomizer@49a32273], resourceBasePath = 'src/main/webapp', contextLoader = 'org.springframework.boot.test.context.SpringBootContextLoader', parent = [null]], attributes = map['org.springframework.test.context.web.ServletTestExecutionListener.activateListener' -> true, 'org.springframework.test.context.web.ServletTestExecutionListener.populatedRequestContextHolder' -> true, 'org.springframework.test.context.web.ServletTestExecutionListener.resetRequestContextHolder' -> true]]
2018-12-27 11:25:39.494  INFO 2120 --- [    Test worker] o.s.t.c.transaction.TransactionContext   : Began transaction (1) for test context [DefaultTestContext@2a6f8192 testClass = ReceivableInvoiceApiTest, testInstance = ags.goldenlionerp.apiTests.accountReceivable.ReceivableInvoiceApiTest@2c917662, testMethod = createTestWithPut@ApiTestBase, testException = [null], mergedContextConfiguration = [WebMergedContextConfiguration@3b7cd410 testClass = ReceivableInvoiceApiTest, locations = '{}', classes = '{class ags.goldenlionerp.GoldenLionErpApplication}', contextInitializerClasses = '[]', activeProfiles = '{}', propertySourceLocations = '{classpath:test.properties}', propertySourceProperties = '{org.springframework.boot.test.context.SpringBootTestContextBootstrapper=true}', contextCustomizers = set[org.springframework.boot.test.autoconfigure.properties.PropertyMappingContextCustomizer@0, org.springframework.boot.test.autoconfigure.web.servlet.WebDriverContextCustomizerFactory$Customizer@636d731e, [ImportsContextCustomizer@4f45b10 key = [ags.goldenlionerp.apiTests.ApiTestBase$TestConfig]], org.springframework.boot.test.context.filter.ExcludeFilterContextCustomizer@6afa5291, org.springframework.boot.test.json.DuplicateJsonObjectContextCustomizerFactory$DuplicateJsonObjectContextCustomizer@20cebcb4, org.springframework.boot.test.mock.mockito.MockitoContextCustomizer@0, org.springframework.boot.test.web.client.TestRestTemplateContextCustomizer@49a32273], resourceBasePath = 'src/main/webapp', contextLoader = 'org.springframework.boot.test.context.SpringBootContextLoader', parent = [null]], attributes = map['org.springframework.test.context.web.ServletTestExecutionListener.activateListener' -> true, 'org.springframework.test.context.web.ServletTestExecutionListener.populatedRequestContextHolder' -> true, 'org.springframework.test.context.web.ServletTestExecutionListener.resetRequestContextHolder' -> true]]; transaction manager [org.springframework.orm.jpa.JpaTransactionManager@75de8c12]; rollback [true]
2018-12-27 11:25:39.495  INFO 2120 --- [    Test worker] o.s.b.t.m.w.SpringBootMockServletContext : Initializing Spring FrameworkServlet ''
2018-12-27 11:25:39.495  INFO 2120 --- [    Test worker] o.s.t.web.servlet.TestDispatcherServlet  : FrameworkServlet '': initialization started
2018-12-27 11:25:39.502  INFO 2120 --- [    Test worker] o.s.t.web.servlet.TestDispatcherServlet  : FrameworkServlet '': initialization completed in 7 ms
Hibernate: select receivable0_.ricoid as ricoid1_22_, receivable0_.ridocino as ridocino2_22_, receivable0_.ridocisq as ridocisq3_22_, receivable0_.ridocity as ridocity4_22_, receivable0_.ricid as ricid5_22_, receivable0_.ridtin as ridtin6_22_, receivable0_.ritmin as ritmin7_22_, receivable0_.riuid as riuid8_22_, receivable0_.ridtlu as ridtlu9_22_, receivable0_.ritmlu as ritmlu10_22_, receivable0_.riuidm as riuidm11_22_, receivable0_.ridesb1 as ridesb12_22_, receivable0_.riacid as riacid13_22_, receivable0_.ricrcb as ricrcb14_22_, receivable0_.ritaxab as ritaxab15_22_, receivable0_.riicu as riicu16_22_, receivable0_.riicut as riicut17_22_, receivable0_.ribuid as ribuid18_22_, receivable0_.ricldt as ricldt19_22_, receivable0_.ricsid as ricsid20_22_, receivable0_.ridesb2 as ridesb21_22_, receivable0_.riadsca as riadsca22_22_, receivable0_.riadsct as riadsct23_22_, receivable0_.ridcdt as ridcdt24_22_, receivable0_.ridocono as ridocon25_22_, receivable0_.ridocosq as ridocos26_22_, receivable0_.ridocoty as ridocot27_22_, receivable0_.ridsc as ridsc28_22_, receivable0_.ridvs as ridvs29_22_, receivable0_.ridoft as ridoft30_22_, receivable0_.ridudt as ridudt31_22_, receivable0_.riexcrt as riexcrt32_22_, receivable0_.riftb as riftb33_22_, receivable0_.rifda as rifda34_22_, receivable0_.rifdt as rifdt35_22_, receivable0_.rifea as rifea36_22_, receivable0_.rifta as rifta37_22_, receivable0_.riglcls as riglcls38_22_, receivable0_.rigldt as rigldt39_22_, receivable0_.ridocidt as ridocid40_22_, receivable0_.riims as riims41_22_, receivable0_.riamnt as riamnt42_22_, receivable0_.riobj as riobj43_22_, receivable0_.riobid as riobid44_22_, receivable0_.riaop as riaop45_22_, receivable0_.riordocno as riordoc46_22_, receivable0_.riordocsq as riordoc47_22_, receivable0_.riordocty as riordoc48_22_, receivable0_.ripyid as ripyid49_22_, receivable0_.riptc as riptc50_22_, receivable0_.rislid as rislid51_22_, receivable0_.risubl as risubl52_22_, receivable0_.risublt as risublt53_22_, receivable0_.risub as risub54_22_, receivable0_.ritaxal as ritaxal55_22_, receivable0_.ritaxcd as ritaxcd56_22_, receivable0_.ritaxidt as ritaxid57_22_, receivable0_.ritaxino as ritaxin58_22_, receivable0_.ritaxrt as ritaxrt59_22_, receivable0_.ritaxam as ritaxam60_22_, receivable0_.ricrct as ricrct61_22_, receivable0_.riinvdt as riinvdt62_22_, receivable0_.riinvno as riinvno63_22_ from t0311 receivable0_ where receivable0_.ridvs='' and receivable0_.ricoid=? and receivable0_.ridocino=? and receivable0_.ridocisq=? and receivable0_.ridocity=?
2018-12-27 11:25:39.518  INFO 2120 --- [    Test worker] o.s.t.c.transaction.TransactionContext   : Rolled back transaction for test: [DefaultTestContext@2a6f8192 testClass = ReceivableInvoiceApiTest, testInstance = ags.goldenlionerp.apiTests.accountReceivable.ReceivableInvoiceApiTest@2c917662, testMethod = createTestWithPut@ApiTestBase, testException = [null], mergedContextConfiguration = [WebMergedContextConfiguration@3b7cd410 testClass = ReceivableInvoiceApiTest, locations = '{}', classes = '{class ags.goldenlionerp.GoldenLionErpApplication}', contextInitializerClasses = '[]', activeProfiles = '{}', propertySourceLocations = '{classpath:test.properties}', propertySourceProperties = '{org.springframework.boot.test.context.SpringBootTestContextBootstrapper=true}', contextCustomizers = set[org.springframework.boot.test.autoconfigure.properties.PropertyMappingContextCustomizer@0, org.springframework.boot.test.autoconfigure.web.servlet.WebDriverContextCustomizerFactory$Customizer@636d731e, [ImportsContextCustomizer@4f45b10 key = [ags.goldenlionerp.apiTests.ApiTestBase$TestConfig]], org.springframework.boot.test.context.filter.ExcludeFilterContextCustomizer@6afa5291, org.springframework.boot.test.json.DuplicateJsonObjectContextCustomizerFactory$DuplicateJsonObjectContextCustomizer@20cebcb4, org.springframework.boot.test.mock.mockito.MockitoContextCustomizer@0, org.springframework.boot.test.web.client.TestRestTemplateContextCustomizer@49a32273], resourceBasePath = 'src/main/webapp', contextLoader = 'org.springframework.boot.test.context.SpringBootContextLoader', parent = [null]], attributes = map['org.springframework.test.context.web.ServletTestExecutionListener.activateListener' -> true, 'org.springframework.test.context.web.ServletTestExecutionListener.populatedRequestContextHolder' -> true, 'org.springframework.test.context.web.ServletTestExecutionListener.resetRequestContextHolder' -> true]]
2018-12-27 11:25:39.520  INFO 2120 --- [    Test worker] o.s.t.c.transaction.TransactionContext   : Began transaction (1) for test context [DefaultTestContext@2a6f8192 testClass = ReceivableInvoiceApiTest, testInstance = ags.goldenlionerp.apiTests.accountReceivable.ReceivableInvoiceApiTest@1ec496e1, testMethod = createTestWithPost@ApiTestBase, testException = [null], mergedContextConfiguration = [WebMergedContextConfiguration@3b7cd410 testClass = ReceivableInvoiceApiTest, locations = '{}', classes = '{class ags.goldenlionerp.GoldenLionErpApplication}', contextInitializerClasses = '[]', activeProfiles = '{}', propertySourceLocations = '{classpath:test.properties}', propertySourceProperties = '{org.springframework.boot.test.context.SpringBootTestContextBootstrapper=true}', contextCustomizers = set[org.springframework.boot.test.autoconfigure.properties.PropertyMappingContextCustomizer@0, org.springframework.boot.test.autoconfigure.web.servlet.WebDriverContextCustomizerFactory$Customizer@636d731e, [ImportsContextCustomizer@4f45b10 key = [ags.goldenlionerp.apiTests.ApiTestBase$TestConfig]], org.springframework.boot.test.context.filter.ExcludeFilterContextCustomizer@6afa5291, org.springframework.boot.test.json.DuplicateJsonObjectContextCustomizerFactory$DuplicateJsonObjectContextCustomizer@20cebcb4, org.springframework.boot.test.mock.mockito.MockitoContextCustomizer@0, org.springframework.boot.test.web.client.TestRestTemplateContextCustomizer@49a32273], resourceBasePath = 'src/main/webapp', contextLoader = 'org.springframework.boot.test.context.SpringBootContextLoader', parent = [null]], attributes = map['org.springframework.test.context.web.ServletTestExecutionListener.activateListener' -> true, 'org.springframework.test.context.web.ServletTestExecutionListener.populatedRequestContextHolder' -> true, 'org.springframework.test.context.web.ServletTestExecutionListener.resetRequestContextHolder' -> true]]; transaction manager [org.springframework.orm.jpa.JpaTransactionManager@75de8c12]; rollback [true]
2018-12-27 11:25:39.521  INFO 2120 --- [    Test worker] o.s.b.t.m.w.SpringBootMockServletContext : Initializing Spring FrameworkServlet ''
2018-12-27 11:25:39.521  INFO 2120 --- [    Test worker] o.s.t.web.servlet.TestDispatcherServlet  : FrameworkServlet '': initialization started
2018-12-27 11:25:39.527  INFO 2120 --- [    Test worker] o.s.t.web.servlet.TestDispatcherServlet  : FrameworkServlet '': initialization completed in 6 ms
Hibernate: select receivable0_.ricoid as ricoid1_22_, receivable0_.ridocino as ridocino2_22_, receivable0_.ridocisq as ridocisq3_22_, receivable0_.ridocity as ridocity4_22_, receivable0_.ricid as ricid5_22_, receivable0_.ridtin as ridtin6_22_, receivable0_.ritmin as ritmin7_22_, receivable0_.riuid as riuid8_22_, receivable0_.ridtlu as ridtlu9_22_, receivable0_.ritmlu as ritmlu10_22_, receivable0_.riuidm as riuidm11_22_, receivable0_.ridesb1 as ridesb12_22_, receivable0_.riacid as riacid13_22_, receivable0_.ricrcb as ricrcb14_22_, receivable0_.ritaxab as ritaxab15_22_, receivable0_.riicu as riicu16_22_, receivable0_.riicut as riicut17_22_, receivable0_.ribuid as ribuid18_22_, receivable0_.ricldt as ricldt19_22_, receivable0_.ricsid as ricsid20_22_, receivable0_.ridesb2 as ridesb21_22_, receivable0_.riadsca as riadsca22_22_, receivable0_.riadsct as riadsct23_22_, receivable0_.ridcdt as ridcdt24_22_, receivable0_.ridocono as ridocon25_22_, receivable0_.ridocosq as ridocos26_22_, receivable0_.ridocoty as ridocot27_22_, receivable0_.ridsc as ridsc28_22_, receivable0_.ridvs as ridvs29_22_, receivable0_.ridoft as ridoft30_22_, receivable0_.ridudt as ridudt31_22_, receivable0_.riexcrt as riexcrt32_22_, receivable0_.riftb as riftb33_22_, receivable0_.rifda as rifda34_22_, receivable0_.rifdt as rifdt35_22_, receivable0_.rifea as rifea36_22_, receivable0_.rifta as rifta37_22_, receivable0_.riglcls as riglcls38_22_, receivable0_.rigldt as rigldt39_22_, receivable0_.ridocidt as ridocid40_22_, receivable0_.riims as riims41_22_, receivable0_.riamnt as riamnt42_22_, receivable0_.riobj as riobj43_22_, receivable0_.riobid as riobid44_22_, receivable0_.riaop as riaop45_22_, receivable0_.riordocno as riordoc46_22_, receivable0_.riordocsq as riordoc47_22_, receivable0_.riordocty as riordoc48_22_, receivable0_.ripyid as ripyid49_22_, receivable0_.riptc as riptc50_22_, receivable0_.rislid as rislid51_22_, receivable0_.risubl as risubl52_22_, receivable0_.risublt as risublt53_22_, receivable0_.risub as risub54_22_, receivable0_.ritaxal as ritaxal55_22_, receivable0_.ritaxcd as ritaxcd56_22_, receivable0_.ritaxidt as ritaxid57_22_, receivable0_.ritaxino as ritaxin58_22_, receivable0_.ritaxrt as ritaxrt59_22_, receivable0_.ritaxam as ritaxam60_22_, receivable0_.ricrct as ricrct61_22_, receivable0_.riinvdt as riinvdt62_22_, receivable0_.riinvno as riinvno63_22_ from t0311 receivable0_ where receivable0_.ridvs='' and receivable0_.ricoid=? and receivable0_.ridocino=? and receivable0_.ridocisq=? and receivable0_.ridocity=?
Hibernate: select receivable0_.ricoid as ricoid1_22_, receivable0_.ridocino as ridocino2_22_, receivable0_.ridocisq as ridocisq3_22_, receivable0_.ridocity as ridocity4_22_, receivable0_.ricid as ricid5_22_, receivable0_.ridtin as ridtin6_22_, receivable0_.ritmin as ritmin7_22_, receivable0_.riuid as riuid8_22_, receivable0_.ridtlu as ridtlu9_22_, receivable0_.ritmlu as ritmlu10_22_, receivable0_.riuidm as riuidm11_22_, receivable0_.ridesb1 as ridesb12_22_, receivable0_.riacid as riacid13_22_, receivable0_.ricrcb as ricrcb14_22_, receivable0_.ritaxab as ritaxab15_22_, receivable0_.riicu as riicu16_22_, receivable0_.riicut as riicut17_22_, receivable0_.ribuid as ribuid18_22_, receivable0_.ricldt as ricldt19_22_, receivable0_.ricsid as ricsid20_22_, receivable0_.ridesb2 as ridesb21_22_, receivable0_.riadsca as riadsca22_22_, receivable0_.riadsct as riadsct23_22_, receivable0_.ridcdt as ridcdt24_22_, receivable0_.ridocono as ridocon25_22_, receivable0_.ridocosq as ridocos26_22_, receivable0_.ridocoty as ridocot27_22_, receivable0_.ridsc as ridsc28_22_, receivable0_.ridvs as ridvs29_22_, receivable0_.ridoft as ridoft30_22_, receivable0_.ridudt as ridudt31_22_, receivable0_.riexcrt as riexcrt32_22_, receivable0_.riftb as riftb33_22_, receivable0_.rifda as rifda34_22_, receivable0_.rifdt as rifdt35_22_, receivable0_.rifea as rifea36_22_, receivable0_.rifta as rifta37_22_, receivable0_.riglcls as riglcls38_22_, receivable0_.rigldt as rigldt39_22_, receivable0_.ridocidt as ridocid40_22_, receivable0_.riims as riims41_22_, receivable0_.riamnt as riamnt42_22_, receivable0_.riobj as riobj43_22_, receivable0_.riobid as riobid44_22_, receivable0_.riaop as riaop45_22_, receivable0_.riordocno as riordoc46_22_, receivable0_.riordocsq as riordoc47_22_, receivable0_.riordocty as riordoc48_22_, receivable0_.ripyid as ripyid49_22_, receivable0_.riptc as riptc50_22_, receivable0_.rislid as rislid51_22_, receivable0_.risubl as risubl52_22_, receivable0_.risublt as risublt53_22_, receivable0_.risub as risub54_22_, receivable0_.ritaxal as ritaxal55_22_, receivable0_.ritaxcd as ritaxcd56_22_, receivable0_.ritaxidt as ritaxid57_22_, receivable0_.ritaxino as ritaxin58_22_, receivable0_.ritaxrt as ritaxrt59_22_, receivable0_.ritaxam as ritaxam60_22_, receivable0_.ricrct as ricrct61_22_, receivable0_.riinvdt as riinvdt62_22_, receivable0_.riinvno as riinvno63_22_ from t0311 receivable0_ where receivable0_.ridvs='' and receivable0_.ricoid=? and receivable0_.ridocino=? and receivable0_.ridocisq=? and receivable0_.ridocity=?
Hibernate: select receivable0_.ricoid as ricoid1_22_, receivable0_.ridocino as ridocino2_22_, receivable0_.ridocisq as ridocisq3_22_, receivable0_.ridocity as ridocity4_22_, receivable0_.ricid as ricid5_22_, receivable0_.ridtin as ridtin6_22_, receivable0_.ritmin as ritmin7_22_, receivable0_.riuid as riuid8_22_, receivable0_.ridtlu as ridtlu9_22_, receivable0_.ritmlu as ritmlu10_22_, receivable0_.riuidm as riuidm11_22_, receivable0_.ridesb1 as ridesb12_22_, receivable0_.riacid as riacid13_22_, receivable0_.ricrcb as ricrcb14_22_, receivable0_.ritaxab as ritaxab15_22_, receivable0_.riicu as riicu16_22_, receivable0_.riicut as riicut17_22_, receivable0_.ribuid as ribuid18_22_, receivable0_.ricldt as ricldt19_22_, receivable0_.ricsid as ricsid20_22_, receivable0_.ridesb2 as ridesb21_22_, receivable0_.riadsca as riadsca22_22_, receivable0_.riadsct as riadsct23_22_, receivable0_.ridcdt as ridcdt24_22_, receivable0_.ridocono as ridocon25_22_, receivable0_.ridocosq as ridocos26_22_, receivable0_.ridocoty as ridocot27_22_, receivable0_.ridsc as ridsc28_22_, receivable0_.ridvs as ridvs29_22_, receivable0_.ridoft as ridoft30_22_, receivable0_.ridudt as ridudt31_22_, receivable0_.riexcrt as riexcrt32_22_, receivable0_.riftb as riftb33_22_, receivable0_.rifda as rifda34_22_, receivable0_.rifdt as rifdt35_22_, receivable0_.rifea as rifea36_22_, receivable0_.rifta as rifta37_22_, receivable0_.riglcls as riglcls38_22_, receivable0_.rigldt as rigldt39_22_, receivable0_.ridocidt as ridocid40_22_, receivable0_.riims as riims41_22_, receivable0_.riamnt as riamnt42_22_, receivable0_.riobj as riobj43_22_, receivable0_.riobid as riobid44_22_, receivable0_.riaop as riaop45_22_, receivable0_.riordocno as riordoc46_22_, receivable0_.riordocsq as riordoc47_22_, receivable0_.riordocty as riordoc48_22_, receivable0_.ripyid as ripyid49_22_, receivable0_.riptc as riptc50_22_, receivable0_.rislid as rislid51_22_, receivable0_.risubl as risubl52_22_, receivable0_.risublt as risublt53_22_, receivable0_.risub as risub54_22_, receivable0_.ritaxal as ritaxal55_22_, receivable0_.ritaxcd as ritaxcd56_22_, receivable0_.ritaxidt as ritaxid57_22_, receivable0_.ritaxino as ritaxin58_22_, receivable0_.ritaxrt as ritaxrt59_22_, receivable0_.ritaxam as ritaxam60_22_, receivable0_.ricrct as ricrct61_22_, receivable0_.riinvdt as riinvdt62_22_, receivable0_.riinvno as riinvno63_22_ from t0311 receivable0_ where receivable0_.ricoid=? and receivable0_.ridocino=?
Hibernate: select paymentter0_.pyptc as pyptc1_4_0_, paymentter0_.pycid as pycid2_4_0_, paymentter0_.pydtin as pydtin3_4_0_, paymentter0_.pytmin as pytmin4_4_0_, paymentter0_.pyuid as pyuid5_4_0_, paymentter0_.pydtlu as pydtlu6_4_0_, paymentter0_.pytmlu as pytmlu7_4_0_, paymentter0_.pyuidm as pyuidm8_4_0_, paymentter0_.pydtpa as pydtpa9_4_0_, paymentter0_.pydesa1 as pydesa10_4_0_, paymentter0_.pydcdy as pydcdy11_4_0_, paymentter0_.pydcrt as pydcrt12_4_0_, paymentter0_.pydudy as pydudy13_4_0_, paymentter0_.pydumo as pydumo14_4_0_, paymentter0_.pyeir as pyeir15_4_0_, paymentter0_.pyitap as pyitap16_4_0_, paymentter0_.pyitar as pyitar17_4_0_, paymentter0_.pyndtp as pyndtp18_4_0_, paymentter0_.pynosp as pynosp19_4_0_, paymentter0_.pyobid as pyobid20_4_0_ from t0014 paymentter0_ where paymentter0_.pyptc=?
Hibernate: select automatica0_.aiaaid as aiaaid1_5_, automatica0_.aiseq as aiseq2_5_, automatica0_.aicid as aicid3_5_, automatica0_.aidtin as aidtin4_5_, automatica0_.aitmin as aitmin5_5_, automatica0_.aiuid as aiuid6_5_, automatica0_.aidtlu as aidtlu7_5_, automatica0_.aitmlu as aitmlu8_5_, automatica0_.aiuidm as aiuidm9_5_, automatica0_.aiobj as aiobj17_5_, automatica0_.aibuid as aibuid10_5_, automatica0_.aicoid as aicoid11_5_, automatica0_.aisub as aisub18_5_, automatica0_.aidesb1 as aidesb12_5_, automatica0_.aidesb2 as aidesb13_5_, automatica0_.aidesb3 as aidesb14_5_, automatica0_.aidesb4 as aidesb15_5_, automatica0_.aidesb5 as aidesb16_5_ from t0015 automatica0_ where automatica0_.aiaaid=? and automatica0_.aicoid=?
Hibernate: select chartofacc0_.oaobj as oaobj1_25_0_, chartofacc0_.oacid as oacid2_25_0_, chartofacc0_.oadtin as oadtin3_25_0_, chartofacc0_.oatmin as oatmin4_25_0_, chartofacc0_.oauid as oauid5_25_0_, chartofacc0_.oadtlu as oadtlu6_25_0_, chartofacc0_.oatmlu as oatmlu7_25_0_, chartofacc0_.oauidm as oauidm8_25_0_, chartofacc0_.oablc as oablc9_25_0_, chartofacc0_.oacoid as oacoid10_25_0_, chartofacc0_.oadesb1 as oadesb11_25_0_, chartofacc0_.oadesc1 as oadesc12_25_0_, chartofacc0_.oalod as oalod13_25_0_, chartofacc0_.oapec as oapec14_25_0_ from t0900 chartofacc0_ where chartofacc0_.oaobj=?
Hibernate: select company0_.cncoid as cncoid1_9_0_, company0_.cncid as cncid2_9_0_, company0_.cndtin as cndtin3_9_0_, company0_.cntmin as cntmin4_9_0_, company0_.cnuid as cnuid5_9_0_, company0_.cndtlu as cndtlu6_9_0_, company0_.cntmlu as cntmlu7_9_0_, company0_.cnuidm as cnuidm8_9_0_, company0_.cnanum as cnanum9_9_0_, company0_.cncrcb as cncrcb10_9_0_, company0_.cncap as cncap11_9_0_, company0_.cncfy as cncfy12_9_0_, company0_.cncip as cncip13_9_0_, company0_.cncpp as cncpp14_9_0_, company0_.cncrp as cncrp15_9_0_, company0_.cndesb1 as cndesb16_9_0_, company0_.cnfdp as cnfdp17_9_0_ from t0020 company0_ where company0_.cncoid=?
Hibernate: select accountmas0_.ambuid as ambuid1_26_0_, accountmas0_.amcoid as amcoid2_26_0_, accountmas0_.amobj as amobj3_26_0_, accountmas0_.amsub as amsub4_26_0_, accountmas0_.amcid as amcid5_26_0_, accountmas0_.amdtin as amdtin6_26_0_, accountmas0_.amtmin as amtmin7_26_0_, accountmas0_.amuid as amuid8_26_0_, accountmas0_.amdtlu as amdtlu9_26_0_, accountmas0_.amtmlu as amtmlu10_26_0_, accountmas0_.amuidm as amuidm11_26_0_, accountmas0_.amdtlt as amdtlt12_26_0_, accountmas0_.amacid as amacid13_26_0_, accountmas0_.amblc as amblc14_26_0_, accountmas0_.ambpc as ambpc15_26_0_, accountmas0_.amglc01 as amglc16_26_0_, accountmas0_.amglc02 as amglc17_26_0_, accountmas0_.amglc03 as amglc18_26_0_, accountmas0_.amglc04 as amglc19_26_0_, accountmas0_.amglc05 as amglc20_26_0_, accountmas0_.amcrct as amcrct21_26_0_, accountmas0_.amdesb1 as amdesb22_26_0_, accountmas0_.amtmlt as amtmlt23_26_0_, accountmas0_.amlod as amlod24_26_0_, accountmas0_.ammac as ammac25_26_0_, accountmas0_.amoan as amoan26_26_0_, accountmas0_.ampec as ampec27_26_0_ from t0901 accountmas0_ where accountmas0_.ambuid=? and accountmas0_.amcoid=? and accountmas0_.amobj=? and accountmas0_.amsub=?
Hibernate: select nextnumber0_.ncdocty as ncdocty1_3_0_, nextnumber0_.nccid as nccid2_3_0_, nextnumber0_.ncdtin as ncdtin3_3_0_, nextnumber0_.nctmin as nctmin4_3_0_, nextnumber0_.ncuid as ncuid5_3_0_, nextnumber0_.ncdtlu as ncdtlu6_3_0_, nextnumber0_.nctmlu as nctmlu7_3_0_, nextnumber0_.ncuidm as ncuidm8_3_0_, nextnumber0_.ncinmo as ncinmo9_3_0_, nextnumber0_.ncinyr as ncinyr10_3_0_, nextnumber0_.ncrsmt as ncrsmt11_3_0_, nextnumber0_.ncrsat as ncrsat12_3_0_ from t0010n nextnumber0_ where nextnumber0_.ncdocty=?
Hibernate: select nextnumber0_.nncoid as nncoid1_0_0_, nextnumber0_.nndocbty as nndocbty2_0_0_, nextnumber0_.nnmo as nnmo3_0_0_, nextnumber0_.nnyr as nnyr4_0_0_, nextnumber0_.nncid as nncid5_0_0_, nextnumber0_.nndtin as nndtin6_0_0_, nextnumber0_.nntmin as nntmin7_0_0_, nextnumber0_.nnuid as nnuid8_0_0_, nextnumber0_.nndtlu as nndtlu9_0_0_, nextnumber0_.nntmlu as nntmlu10_0_0_, nextnumber0_.nnuidm as nnuidm11_0_0_, nextnumber0_.nnseq as nnseq12_0_0_ from t0002 nextnumber0_ where nextnumber0_.nncoid=? and nextnumber0_.nndocbty=? and nextnumber0_.nnmo=? and nextnumber0_.nnyr=?
Hibernate: select nextnumber0_.nncoid as nncoid1_0_0_, nextnumber0_.nndocbty as nndocbty2_0_0_, nextnumber0_.nnmo as nnmo3_0_0_, nextnumber0_.nnyr as nnyr4_0_0_, nextnumber0_.nncid as nncid5_0_0_, nextnumber0_.nndtin as nndtin6_0_0_, nextnumber0_.nntmin as nntmin7_0_0_, nextnumber0_.nnuid as nnuid8_0_0_, nextnumber0_.nndtlu as nndtlu9_0_0_, nextnumber0_.nntmlu as nntmlu10_0_0_, nextnumber0_.nnuidm as nnuidm11_0_0_, nextnumber0_.nnseq as nnseq12_0_0_ from t0002 nextnumber0_ where nextnumber0_.nncoid=? and nextnumber0_.nndocbty=? and nextnumber0_.nnmo=? and nextnumber0_.nnyr=?
Hibernate: select company0_.cncoid as cncoid1_9_0_, company0_.cncid as cncid2_9_0_, company0_.cndtin as cndtin3_9_0_, company0_.cntmin as cntmin4_9_0_, company0_.cnuid as cnuid5_9_0_, company0_.cndtlu as cndtlu6_9_0_, company0_.cntmlu as cntmlu7_9_0_, company0_.cnuidm as cnuidm8_9_0_, company0_.cnanum as cnanum9_9_0_, company0_.cncrcb as cncrcb10_9_0_, company0_.cncap as cncap11_9_0_, company0_.cncfy as cncfy12_9_0_, company0_.cncip as cncip13_9_0_, company0_.cncpp as cncpp14_9_0_, company0_.cncrp as cncrp15_9_0_, company0_.cndesb1 as cndesb16_9_0_, company0_.cnfdp as cnfdp17_9_0_ from t0020 company0_ where company0_.cncoid=?
Hibernate: select addressboo0_.adanum as adanum1_16_0_, addressboo0_.adcid as adcid2_16_0_, addressboo0_.addtin as addtin3_16_0_, addressboo0_.adtmin as adtmin4_16_0_, addressboo0_.aduid as aduid5_16_0_, addressboo0_.addtlu as addtlu6_16_0_, addressboo0_.adtmlu as adtmlu7_16_0_, addressboo0_.aduidm as aduidm8_16_0_, addressboo0_.adap as adap9_16_0_, addressboo0_.adar as adar10_16_0_, addressboo0_.adbuid as adbuid11_16_0_, addressboo0_.adcc01 as adcc12_16_0_, addressboo0_.adcc02 as adcc13_16_0_, addressboo0_.adcc03 as adcc14_16_0_, addressboo0_.adcc04 as adcc15_16_0_, addressboo0_.adcc05 as adcc16_16_0_, addressboo0_.adcc06 as adcc17_16_0_, addressboo0_.adcc07 as adcc18_16_0_, addressboo0_.adcc08 as adcc19_16_0_, addressboo0_.adcc09 as adcc20_16_0_, addressboo0_.adcc10 as adcc21_16_0_, addressboo0_.adempl as adempl22_16_0_, addressboo0_.adtmlt as adtmlt23_16_0_, addressboo0_.adlan as adlan24_16_0_, addressboo0_.admlnm as admlnm25_16_0_, addressboo0_.adnm as adnm26_16_0_, addressboo0_.adpan as adpan27_16_0_, addressboo0_.adrecid as adrecid28_16_0_, addressboo0_.adrlid0 as adrlid29_16_0_, addressboo0_.adrlid2 as adrlid30_16_0_, addressboo0_.adrlid3 as adrlid31_16_0_, addressboo0_.adrlid4 as adrlid32_16_0_, addressboo0_.adrlid5 as adrlid33_16_0_, addressboo0_.adrlid6 as adrlid34_16_0_, addressboo0_.adrlid7 as adrlid35_16_0_, addressboo0_.adrlid8 as adrlid36_16_0_, addressboo0_.adrlid9 as adrlid37_16_0_, addressboo0_.adrlid1 as adrlid38_16_0_, addressboo0_.adst as adst39_16_0_, addressboo0_.adtaxid as adtaxid40_16_0_ from t0101 addressboo0_ where addressboo0_.adanum=?
Hibernate: select receivable0_.ricoid as ricoid1_22_0_, receivable0_.ridocino as ridocino2_22_0_, receivable0_.ridocisq as ridocisq3_22_0_, receivable0_.ridocity as ridocity4_22_0_, receivable0_.ricid as ricid5_22_0_, receivable0_.ridtin as ridtin6_22_0_, receivable0_.ritmin as ritmin7_22_0_, receivable0_.riuid as riuid8_22_0_, receivable0_.ridtlu as ridtlu9_22_0_, receivable0_.ritmlu as ritmlu10_22_0_, receivable0_.riuidm as riuidm11_22_0_, receivable0_.ridesb1 as ridesb12_22_0_, receivable0_.riacid as riacid13_22_0_, receivable0_.ricrcb as ricrcb14_22_0_, receivable0_.ritaxab as ritaxab15_22_0_, receivable0_.riicu as riicu16_22_0_, receivable0_.riicut as riicut17_22_0_, receivable0_.ribuid as ribuid18_22_0_, receivable0_.ricldt as ricldt19_22_0_, receivable0_.ricsid as ricsid20_22_0_, receivable0_.ridesb2 as ridesb21_22_0_, receivable0_.riadsca as riadsca22_22_0_, receivable0_.riadsct as riadsct23_22_0_, receivable0_.ridcdt as ridcdt24_22_0_, receivable0_.ridocono as ridocon25_22_0_, receivable0_.ridocosq as ridocos26_22_0_, receivable0_.ridocoty as ridocot27_22_0_, receivable0_.ridsc as ridsc28_22_0_, receivable0_.ridvs as ridvs29_22_0_, receivable0_.ridoft as ridoft30_22_0_, receivable0_.ridudt as ridudt31_22_0_, receivable0_.riexcrt as riexcrt32_22_0_, receivable0_.riftb as riftb33_22_0_, receivable0_.rifda as rifda34_22_0_, receivable0_.rifdt as rifdt35_22_0_, receivable0_.rifea as rifea36_22_0_, receivable0_.rifta as rifta37_22_0_, receivable0_.riglcls as riglcls38_22_0_, receivable0_.rigldt as rigldt39_22_0_, receivable0_.ridocidt as ridocid40_22_0_, receivable0_.riims as riims41_22_0_, receivable0_.riamnt as riamnt42_22_0_, receivable0_.riobj as riobj43_22_0_, receivable0_.riobid as riobid44_22_0_, receivable0_.riaop as riaop45_22_0_, receivable0_.riordocno as riordoc46_22_0_, receivable0_.riordocsq as riordoc47_22_0_, receivable0_.riordocty as riordoc48_22_0_, receivable0_.ripyid as ripyid49_22_0_, receivable0_.riptc as riptc50_22_0_, receivable0_.rislid as rislid51_22_0_, receivable0_.risubl as risubl52_22_0_, receivable0_.risublt as risublt53_22_0_, receivable0_.risub as risub54_22_0_, receivable0_.ritaxal as ritaxal55_22_0_, receivable0_.ritaxcd as ritaxcd56_22_0_, receivable0_.ritaxidt as ritaxid57_22_0_, receivable0_.ritaxino as ritaxin58_22_0_, receivable0_.ritaxrt as ritaxrt59_22_0_, receivable0_.ritaxam as ritaxam60_22_0_, receivable0_.ricrct as ricrct61_22_0_, receivable0_.riinvdt as riinvdt62_22_0_, receivable0_.riinvno as riinvno63_22_0_ from t0311 receivable0_ where receivable0_.ricoid=? and receivable0_.ridocino=? and receivable0_.ridocisq=? and receivable0_.ridocity=?
Hibernate: insert into t0311 (ricid, ridtin, ritmin, riuid, ridtlu, ritmlu, riuidm, ridesb1, riacid, ricrcb, ritaxab, riicu, riicut, ribuid, ricldt, ricsid, ridesb2, riadsca, riadsct, ridcdt, ridocono, ridocosq, ridocoty, ridsc, ridvs, ridoft, ridudt, riexcrt, riftb, rifda, rifdt, rifea, rifta, riglcls, rigldt, ridocidt, riims, riamnt, riobj, riobid, riaop, riordocno, riordocsq, riordocty, ripyid, riptc, rislid, risubl, risublt, risub, ritaxal, ritaxcd, ritaxidt, ritaxino, ritaxrt, ritaxam, ricrct, riinvdt, riinvno, ricoid, ridocino, ridocisq, ridocity) values (?, ?, ?, ?, ?, ?, ?, ?, ?, ?, ?, ?, ?, ?, ?, ?, ?, ?, ?, ?, ?, ?, ?, ?, ?, ?, ?, ?, ?, ?, ?, ?, ?, ?, ?, ?, ?, ?, ?, ?, ?, ?, ?, ?, ?, ?, ?, ?, ?, ?, ?, ?, ?, ?, ?, ?, ?, ?, ?, ?, ?, ?, ?)
Hibernate: update t0002 set nncid=?, nndtlu=?, nntmlu=?, nnuidm=?, nnseq=? where nncoid=? and nndocbty=? and nnmo=? and nnyr=?
Hibernate: select receivable0_.ricoid as ricoid1_22_, receivable0_.ridocino as ridocino2_22_, receivable0_.ridocisq as ridocisq3_22_, receivable0_.ridocity as ridocity4_22_, receivable0_.ricid as ricid5_22_, receivable0_.ridtin as ridtin6_22_, receivable0_.ritmin as ritmin7_22_, receivable0_.riuid as riuid8_22_, receivable0_.ridtlu as ridtlu9_22_, receivable0_.ritmlu as ritmlu10_22_, receivable0_.riuidm as riuidm11_22_, receivable0_.ridesb1 as ridesb12_22_, receivable0_.riacid as riacid13_22_, receivable0_.ricrcb as ricrcb14_22_, receivable0_.ritaxab as ritaxab15_22_, receivable0_.riicu as riicu16_22_, receivable0_.riicut as riicut17_22_, receivable0_.ribuid as ribuid18_22_, receivable0_.ricldt as ricldt19_22_, receivable0_.ricsid as ricsid20_22_, receivable0_.ridesb2 as ridesb21_22_, receivable0_.riadsca as riadsca22_22_, receivable0_.riadsct as riadsct23_22_, receivable0_.ridcdt as ridcdt24_22_, receivable0_.ridocono as ridocon25_22_, receivable0_.ridocosq as ridocos26_22_, receivable0_.ridocoty as ridocot27_22_, receivable0_.ridsc as ridsc28_22_, receivable0_.ridvs as ridvs29_22_, receivable0_.ridoft as ridoft30_22_, receivable0_.ridudt as ridudt31_22_, receivable0_.riexcrt as riexcrt32_22_, receivable0_.riftb as riftb33_22_, receivable0_.rifda as rifda34_22_, receivable0_.rifdt as rifdt35_22_, receivable0_.rifea as rifea36_22_, receivable0_.rifta as rifta37_22_, receivable0_.riglcls as riglcls38_22_, receivable0_.rigldt as rigldt39_22_, receivable0_.ridocidt as ridocid40_22_, receivable0_.riims as riims41_22_, receivable0_.riamnt as riamnt42_22_, receivable0_.riobj as riobj43_22_, receivable0_.riobid as riobid44_22_, receivable0_.riaop as riaop45_22_, receivable0_.riordocno as riordoc46_22_, receivable0_.riordocsq as riordoc47_22_, receivable0_.riordocty as riordoc48_22_, receivable0_.ripyid as ripyid49_22_, receivable0_.riptc as riptc50_22_, receivable0_.rislid as rislid51_22_, receivable0_.risubl as risubl52_22_, receivable0_.risublt as risublt53_22_, receivable0_.risub as risub54_22_, receivable0_.ritaxal as ritaxal55_22_, receivable0_.ritaxcd as ritaxcd56_22_, receivable0_.ritaxidt as ritaxid57_22_, receivable0_.ritaxino as ritaxin58_22_, receivable0_.ritaxrt as ritaxrt59_22_, receivable0_.ritaxam as ritaxam60_22_, receivable0_.ricrct as ricrct61_22_, receivable0_.riinvdt as riinvdt62_22_, receivable0_.riinvno as riinvno63_22_ from t0311 receivable0_ where receivable0_.ridvs='' and receivable0_.ricoid=? and receivable0_.ridocino=? and receivable0_.ridocisq=? and receivable0_.ridocity=?

MockHttpServletRequest:
      HTTP Method = GET
      Request URI = /api/invoices/11000_123456789_RI_10
       Parameters = {}
          Headers = {Accept=[application/json]}
             Body = <no character encoding set>
    Session Attrs = {org.springframework.security.web.csrf.HttpSessionCsrfTokenRepository.CSRF_TOKEN=org.springframework.security.web.csrf.DefaultCsrfToken@74e2585d, SPRING_SECURITY_CONTEXT=org.springframework.security.core.context.SecurityContextImpl@475fcd89: Authentication: org.springframework.security.authentication.UsernamePasswordAuthenticationToken@475fcd89: Principal: org.springframework.security.core.userdetails.User@f02988d6: Username: username; Password: [PROTECTED]; Enabled: true; AccountNonExpired: true; credentialsNonExpired: true; AccountNonLocked: true; Not granted any authorities; Credentials: [PROTECTED]; Authenticated: true; Details: null; Not granted any authorities}

Handler:
             Type = ags.goldenlionerp.application.ar.invoice.ReceivableInvoiceController
           Method = public org.springframework.hateoas.Resource<?> ags.goldenlionerp.application.ar.invoice.ReceivableInvoiceController.getSingle(java.lang.String,boolean,org.springframework.data.rest.webmvc.PersistentEntityResourceAssembler)

Async:
    Async started = false
     Async result = null

Resolved Exception:
             Type = null

ModelAndView:
        View name = null
             View = null
            Model = null

FlashMap:
       Attributes = null

MockHttpServletResponse:
           Status = 200
    Error message = null
          Headers = {Content-Type=[application/json;charset=UTF-8], X-Content-Type-Options=[nosniff], X-XSS-Protection=[1; mode=block], Cache-Control=[no-cache, no-store, max-age=0, must-revalidate], Pragma=[no-cache], Expires=[0], X-Frame-Options=[DENY]}
     Content type = application/json;charset=UTF-8
             Body = {
  "inputUserId" : "username",
  "lastUpdateUserId" : "username",
  "computerId" : "username",
  "companyId" : "11000",
  "invoiceNumber" : 123456789,
  "invoiceType" : "RI",
  "invoiceSequence" : 10,
  "invoiceDate" : "2019-01-01",
  "invoiceMatchStatus" : "",
  "batchNumber" : 219,
  "batchType" : "R",
  "glDate" : "2019-01-01",
  "customerId" : "1015",
  "payerId" : "1016",
  "salesmanId" : "",
  "dueDate" : "2019-01-31",
  "discountDueDate" : "2019-01-11",
  "closedDate" : null,
  "netAmount" : 2000.00000,
  "openAmount" : 2000.00000,
  "discountAmountAvailable" : 40.00000,
  "discountAmountTaken" : 0.00000,
  "baseTaxableAmount" : 1980.00000,
  "taxableAmount" : 20.00000,
  "foreignExtendedAmount" : 0.00000,
  "foreignDiscountAmountAvailable" : 0.00000,
  "foreignDiscountAmountTaken" : 0.00000,
  "foreignBaseTaxableAmount" : 0.00000,
  "foreignTaxableAmount" : 0.00000,
  "baseCurrency" : "IDR",
  "transactionCurrency" : "USD",
  "exchangeRate" : 1.000000000,
  "taxCode" : "",
  "taxRate" : 0E-15,
  "taxAllowance" : "",
  "taxInvoiceNumber" : "",
  "taxInvoiceDate" : null,
  "vendorInvoiceNumber" : "",
  "vendorInvoiceDate" : null,
  "domesticOrForeignTransaction" : "F",
  "documentStatusCode" : "A",
  "paymentTermCode" : "D02",
  "documentOrderNumber" : 0,
  "documentOrderType" : "",
  "documentOrderSequence" : 0,
  "originalDocumentNumber" : 0,
  "originalDocumentType" : "",
  "originalDocumentSequence" : 0,
  "documentVoidStatus" : "",
  "voided" : false,
  "glClass" : "",
  "accountId" : "100.112100",
  "businessUnitId" : "110",
  "objectAccountCode" : "112100",
  "subsidiaryCode" : "",
  "subledger" : "",
  "subledgerType" : "",
  "accountDescription" : "--- Piutang Usaha --- ",
  "description" : "Absolute~APITEST",
  "objectId" : "",
  "lastUpdateDateTime" : "2018-12-27T11:25:39",
  "inputDateTime" : "2018-12-27T11:25:39",
  "_links" : {
    "self" : {
      "href" : "http://localhost/api/invoices/11000_123456789_RI_10"
    },
    "receivableInvoice" : {
      "href" : "http://localhost/api/invoices/11000_123456789_RI_10"
    }
  }
}
    Forwarded URL = null
   Redirected URL = null
          Cookies = []
Hibernate: select nextnumber0_.ncdocty as ncdocty1_3_0_, nextnumber0_.nccid as nccid2_3_0_, nextnumber0_.ncdtin as ncdtin3_3_0_, nextnumber0_.nctmin as nctmin4_3_0_, nextnumber0_.ncuid as ncuid5_3_0_, nextnumber0_.ncdtlu as ncdtlu6_3_0_, nextnumber0_.nctmlu as nctmlu7_3_0_, nextnumber0_.ncuidm as ncuidm8_3_0_, nextnumber0_.ncinmo as ncinmo9_3_0_, nextnumber0_.ncinyr as ncinyr10_3_0_, nextnumber0_.ncrsmt as ncrsmt11_3_0_, nextnumber0_.ncrsat as ncrsat12_3_0_ from t0010n nextnumber0_ where nextnumber0_.ncdocty=?
Hibernate: select nextnumber0_.nncoid as nncoid1_0_0_, nextnumber0_.nndocbty as nndocbty2_0_0_, nextnumber0_.nnmo as nnmo3_0_0_, nextnumber0_.nnyr as nnyr4_0_0_, nextnumber0_.nncid as nncid5_0_0_, nextnumber0_.nndtin as nndtin6_0_0_, nextnumber0_.nntmin as nntmin7_0_0_, nextnumber0_.nnuid as nnuid8_0_0_, nextnumber0_.nndtlu as nndtlu9_0_0_, nextnumber0_.nntmlu as nntmlu10_0_0_, nextnumber0_.nnuidm as nnuidm11_0_0_, nextnumber0_.nnseq as nnseq12_0_0_ from t0002 nextnumber0_ where nextnumber0_.nncoid=? and nextnumber0_.nndocbty=? and nextnumber0_.nnmo=? and nextnumber0_.nnyr=?
Hibernate: select nextnumber0_.nncoid as nncoid1_0_0_, nextnumber0_.nndocbty as nndocbty2_0_0_, nextnumber0_.nnmo as nnmo3_0_0_, nextnumber0_.nnyr as nnyr4_0_0_, nextnumber0_.nncid as nncid5_0_0_, nextnumber0_.nndtin as nndtin6_0_0_, nextnumber0_.nntmin as nntmin7_0_0_, nextnumber0_.nnuid as nnuid8_0_0_, nextnumber0_.nndtlu as nndtlu9_0_0_, nextnumber0_.nntmlu as nntmlu10_0_0_, nextnumber0_.nnuidm as nnuidm11_0_0_, nextnumber0_.nnseq as nnseq12_0_0_ from t0002 nextnumber0_ where nextnumber0_.nncoid=? and nextnumber0_.nndocbty=? and nextnumber0_.nnmo=? and nextnumber0_.nnyr=?
Hibernate: select company0_.cncoid as cncoid1_9_0_, company0_.cncid as cncid2_9_0_, company0_.cndtin as cndtin3_9_0_, company0_.cntmin as cntmin4_9_0_, company0_.cnuid as cnuid5_9_0_, company0_.cndtlu as cndtlu6_9_0_, company0_.cntmlu as cntmlu7_9_0_, company0_.cnuidm as cnuidm8_9_0_, company0_.cnanum as cnanum9_9_0_, company0_.cncrcb as cncrcb10_9_0_, company0_.cncap as cncap11_9_0_, company0_.cncfy as cncfy12_9_0_, company0_.cncip as cncip13_9_0_, company0_.cncpp as cncpp14_9_0_, company0_.cncrp as cncrp15_9_0_, company0_.cndesb1 as cndesb16_9_0_, company0_.cnfdp as cnfdp17_9_0_ from t0020 company0_ where company0_.cncoid=?
Hibernate: select paymentter0_.pyptc as pyptc1_4_0_, paymentter0_.pycid as pycid2_4_0_, paymentter0_.pydtin as pydtin3_4_0_, paymentter0_.pytmin as pytmin4_4_0_, paymentter0_.pyuid as pyuid5_4_0_, paymentter0_.pydtlu as pydtlu6_4_0_, paymentter0_.pytmlu as pytmlu7_4_0_, paymentter0_.pyuidm as pyuidm8_4_0_, paymentter0_.pydtpa as pydtpa9_4_0_, paymentter0_.pydesa1 as pydesa10_4_0_, paymentter0_.pydcdy as pydcdy11_4_0_, paymentter0_.pydcrt as pydcrt12_4_0_, paymentter0_.pydudy as pydudy13_4_0_, paymentter0_.pydumo as pydumo14_4_0_, paymentter0_.pyeir as pyeir15_4_0_, paymentter0_.pyitap as pyitap16_4_0_, paymentter0_.pyitar as pyitar17_4_0_, paymentter0_.pyndtp as pyndtp18_4_0_, paymentter0_.pynosp as pynosp19_4_0_, paymentter0_.pyobid as pyobid20_4_0_ from t0014 paymentter0_ where paymentter0_.pyptc=?
Hibernate: select addressboo0_.adanum as adanum1_16_0_, addressboo0_.adcid as adcid2_16_0_, addressboo0_.addtin as addtin3_16_0_, addressboo0_.adtmin as adtmin4_16_0_, addressboo0_.aduid as aduid5_16_0_, addressboo0_.addtlu as addtlu6_16_0_, addressboo0_.adtmlu as adtmlu7_16_0_, addressboo0_.aduidm as aduidm8_16_0_, addressboo0_.adap as adap9_16_0_, addressboo0_.adar as adar10_16_0_, addressboo0_.adbuid as adbuid11_16_0_, addressboo0_.adcc01 as adcc12_16_0_, addressboo0_.adcc02 as adcc13_16_0_, addressboo0_.adcc03 as adcc14_16_0_, addressboo0_.adcc04 as adcc15_16_0_, addressboo0_.adcc05 as adcc16_16_0_, addressboo0_.adcc06 as adcc17_16_0_, addressboo0_.adcc07 as adcc18_16_0_, addressboo0_.adcc08 as adcc19_16_0_, addressboo0_.adcc09 as adcc20_16_0_, addressboo0_.adcc10 as adcc21_16_0_, addressboo0_.adempl as adempl22_16_0_, addressboo0_.adtmlt as adtmlt23_16_0_, addressboo0_.adlan as adlan24_16_0_, addressboo0_.admlnm as admlnm25_16_0_, addressboo0_.adnm as adnm26_16_0_, addressboo0_.adpan as adpan27_16_0_, addressboo0_.adrecid as adrecid28_16_0_, addressboo0_.adrlid0 as adrlid29_16_0_, addressboo0_.adrlid2 as adrlid30_16_0_, addressboo0_.adrlid3 as adrlid31_16_0_, addressboo0_.adrlid4 as adrlid32_16_0_, addressboo0_.adrlid5 as adrlid33_16_0_, addressboo0_.adrlid6 as adrlid34_16_0_, addressboo0_.adrlid7 as adrlid35_16_0_, addressboo0_.adrlid8 as adrlid36_16_0_, addressboo0_.adrlid9 as adrlid37_16_0_, addressboo0_.adrlid1 as adrlid38_16_0_, addressboo0_.adst as adst39_16_0_, addressboo0_.adtaxid as adtaxid40_16_0_ from t0101 addressboo0_ where addressboo0_.adanum=?
Hibernate: select receivable0_.ricoid as ricoid1_22_, receivable0_.ridocino as ridocino2_22_, receivable0_.ridocisq as ridocisq3_22_, receivable0_.ridocity as ridocity4_22_, receivable0_.ricid as ricid5_22_, receivable0_.ridtin as ridtin6_22_, receivable0_.ritmin as ritmin7_22_, receivable0_.riuid as riuid8_22_, receivable0_.ridtlu as ridtlu9_22_, receivable0_.ritmlu as ritmlu10_22_, receivable0_.riuidm as riuidm11_22_, receivable0_.ridesb1 as ridesb12_22_, receivable0_.riacid as riacid13_22_, receivable0_.ricrcb as ricrcb14_22_, receivable0_.ritaxab as ritaxab15_22_, receivable0_.riicu as riicu16_22_, receivable0_.riicut as riicut17_22_, receivable0_.ribuid as ribuid18_22_, receivable0_.ricldt as ricldt19_22_, receivable0_.ricsid as ricsid20_22_, receivable0_.ridesb2 as ridesb21_22_, receivable0_.riadsca as riadsca22_22_, receivable0_.riadsct as riadsct23_22_, receivable0_.ridcdt as ridcdt24_22_, receivable0_.ridocono as ridocon25_22_, receivable0_.ridocosq as ridocos26_22_, receivable0_.ridocoty as ridocot27_22_, receivable0_.ridsc as ridsc28_22_, receivable0_.ridvs as ridvs29_22_, receivable0_.ridoft as ridoft30_22_, receivable0_.ridudt as ridudt31_22_, receivable0_.riexcrt as riexcrt32_22_, receivable0_.riftb as riftb33_22_, receivable0_.rifda as rifda34_22_, receivable0_.rifdt as rifdt35_22_, receivable0_.rifea as rifea36_22_, receivable0_.rifta as rifta37_22_, receivable0_.riglcls as riglcls38_22_, receivable0_.rigldt as rigldt39_22_, receivable0_.ridocidt as ridocid40_22_, receivable0_.riims as riims41_22_, receivable0_.riamnt as riamnt42_22_, receivable0_.riobj as riobj43_22_, receivable0_.riobid as riobid44_22_, receivable0_.riaop as riaop45_22_, receivable0_.riordocno as riordoc46_22_, receivable0_.riordocsq as riordoc47_22_, receivable0_.riordocty as riordoc48_22_, receivable0_.ripyid as ripyid49_22_, receivable0_.riptc as riptc50_22_, receivable0_.rislid as rislid51_22_, receivable0_.risubl as risubl52_22_, receivable0_.risublt as risublt53_22_, receivable0_.risub as risub54_22_, receivable0_.ritaxal as ritaxal55_22_, receivable0_.ritaxcd as ritaxcd56_22_, receivable0_.ritaxidt as ritaxid57_22_, receivable0_.ritaxino as ritaxin58_22_, receivable0_.ritaxrt as ritaxrt59_22_, receivable0_.ritaxam as ritaxam60_22_, receivable0_.ricrct as ricrct61_22_, receivable0_.riinvdt as riinvdt62_22_, receivable0_.riinvno as riinvno63_22_ from t0311 receivable0_ where receivable0_.ridvs='' and receivable0_.ricoid=? and receivable0_.ridocino=? and receivable0_.ridocisq=? and receivable0_.ridocity=?
2018-12-27 11:25:39.605  INFO 2120 --- [    Test worker] o.s.t.c.transaction.TransactionContext   : Rolled back transaction for test: [DefaultTestContext@2a6f8192 testClass = ReceivableInvoiceApiTest, testInstance = ags.goldenlionerp.apiTests.accountReceivable.ReceivableInvoiceApiTest@1ec496e1, testMethod = createTestWithPost@ApiTestBase, testException = [null], mergedContextConfiguration = [WebMergedContextConfiguration@3b7cd410 testClass = ReceivableInvoiceApiTest, locations = '{}', classes = '{class ags.goldenlionerp.GoldenLionErpApplication}', contextInitializerClasses = '[]', activeProfiles = '{}', propertySourceLocations = '{classpath:test.properties}', propertySourceProperties = '{org.springframework.boot.test.context.SpringBootTestContextBootstrapper=true}', contextCustomizers = set[org.springframework.boot.test.autoconfigure.properties.PropertyMappingContextCustomizer@0, org.springframework.boot.test.autoconfigure.web.servlet.WebDriverContextCustomizerFactory$Customizer@636d731e, [ImportsContextCustomizer@4f45b10 key = [ags.goldenlionerp.apiTests.ApiTestBase$TestConfig]], org.springframework.boot.test.context.filter.ExcludeFilterContextCustomizer@6afa5291, org.springframework.boot.test.json.DuplicateJsonObjectContextCustomizerFactory$DuplicateJsonObjectContextCustomizer@20cebcb4, org.springframework.boot.test.mock.mockito.MockitoContextCustomizer@0, org.springframework.boot.test.web.client.TestRestTemplateContextCustomizer@49a32273], resourceBasePath = 'src/main/webapp', contextLoader = 'org.springframework.boot.test.context.SpringBootContextLoader', parent = [null]], attributes = map['org.springframework.test.context.web.ServletTestExecutionListener.activateListener' -> true, 'org.springframework.test.context.web.ServletTestExecutionListener.populatedRequestContextHolder' -> true, 'org.springframework.test.context.web.ServletTestExecutionListener.resetRequestContextHolder' -> true]]
]]></system-out>
  <system-err><![CDATA[]]></system-err>
</testsuite>
