<?xml version="1.0" encoding="UTF-8"?>
<testsuite name="ags.goldenlionerp.apiTests.item.ItemUomConversionApiTest" tests="8" skipped="0" failures="0" errors="0" timestamp="2018-12-14T10:35:28" hostname="LAPTOP-FHFRCCL6" time="0.36">
  <properties/>
  <testcase name="createPostTest_NoConversionToPrimary" classname="ags.goldenlionerp.apiTests.item.ItemUomConversionApiTest" time="0.064"/>
  <testcase name="updateTestWithPut" classname="ags.goldenlionerp.apiTests.item.ItemUomConversionApiTest" time="0.045"/>
  <testcase name="getTestSingle" classname="ags.goldenlionerp.apiTests.item.ItemUomConversionApiTest" time="0.021"/>
  <testcase name="updateTestWithPatch" classname="ags.goldenlionerp.apiTests.item.ItemUomConversionApiTest" time="0.082"/>
  <testcase name="getTestCollection" classname="ags.goldenlionerp.apiTests.item.ItemUomConversionApiTest" time="0.026"/>
  <testcase name="createTestWithPut" classname="ags.goldenlionerp.apiTests.item.ItemUomConversionApiTest" time="0.024"/>
  <testcase name="deleteTest" classname="ags.goldenlionerp.apiTests.item.ItemUomConversionApiTest" time="0.027"/>
  <testcase name="createTestWithPost" classname="ags.goldenlionerp.apiTests.item.ItemUomConversionApiTest" time="0.066"/>
  <system-out><![CDATA[2018-12-14 17:35:28.829  INFO 9212 --- [    Test worker] .b.t.c.SpringBootTestContextBootstrapper : Neither @ContextConfiguration nor @ContextHierarchy found for test class [ags.goldenlionerp.apiTests.item.ItemUomConversionApiTest], using SpringBootContextLoader
2018-12-14 17:35:28.829  INFO 9212 --- [    Test worker] o.s.t.c.support.AbstractContextLoader    : Could not detect default resource locations for test class [ags.goldenlionerp.apiTests.item.ItemUomConversionApiTest]: no resource found for suffixes {-context.xml, Context.groovy}.
2018-12-14 17:35:28.829  INFO 9212 --- [    Test worker] t.c.s.AnnotationConfigContextLoaderUtils : Could not detect default configuration classes for test class [ags.goldenlionerp.apiTests.item.ItemUomConversionApiTest]: ItemUomConversionApiTest does not declare any static, non-private, non-final, nested classes annotated with @Configuration.
2018-12-14 17:35:28.829  INFO 9212 --- [    Test worker] .b.t.c.SpringBootTestContextBootstrapper : Found @SpringBootConfiguration ags.goldenlionerp.GoldenLionErpApplication for test class ags.goldenlionerp.apiTests.item.ItemUomConversionApiTest
2018-12-14 17:35:28.829  INFO 9212 --- [    Test worker] .b.t.c.SpringBootTestContextBootstrapper : Loaded default TestExecutionListener class names from location [META-INF/spring.factories]: [org.springframework.security.test.context.support.WithSecurityContextTestExecutionListener, org.springframework.security.test.context.support.ReactorContextTestExecutionListener, org.springframework.boot.test.autoconfigure.restdocs.RestDocsTestExecutionListener, org.springframework.boot.test.autoconfigure.web.client.MockRestServiceServerResetTestExecutionListener, org.springframework.boot.test.autoconfigure.web.servlet.MockMvcPrintOnlyOnFailureTestExecutionListener, org.springframework.boot.test.autoconfigure.web.servlet.WebDriverTestExecutionListener, org.springframework.boot.test.mock.mockito.MockitoTestExecutionListener, org.springframework.boot.test.mock.mockito.ResetMocksTestExecutionListener, org.springframework.test.context.web.ServletTestExecutionListener, org.springframework.test.context.support.DirtiesContextBeforeModesTestExecutionListener, org.springframework.test.context.support.DependencyInjectionTestExecutionListener, org.springframework.test.context.support.DirtiesContextTestExecutionListener, org.springframework.test.context.transaction.TransactionalTestExecutionListener, org.springframework.test.context.jdbc.SqlScriptsTestExecutionListener]
2018-12-14 17:35:28.845  INFO 9212 --- [    Test worker] .b.t.c.SpringBootTestContextBootstrapper : Using TestExecutionListeners: [org.springframework.test.context.web.ServletTestExecutionListener@651445c0, org.springframework.test.context.support.DirtiesContextBeforeModesTestExecutionListener@3bb4f496, org.springframework.boot.test.mock.mockito.MockitoTestExecutionListener@9744d3f, org.springframework.boot.test.autoconfigure.SpringBootDependencyInjectionTestExecutionListener@2098fef8, org.springframework.test.context.support.DirtiesContextTestExecutionListener@6765956e, org.springframework.test.context.transaction.TransactionalTestExecutionListener@7b69cd50, org.springframework.test.context.jdbc.SqlScriptsTestExecutionListener@50df6ab7, org.springframework.security.test.context.support.WithSecurityContextTestExecutionListener@37d7216a, org.springframework.security.test.context.support.ReactorContextTestExecutionListener@7c521c1b, org.springframework.boot.test.autoconfigure.restdocs.RestDocsTestExecutionListener@49644d8c, org.springframework.boot.test.autoconfigure.web.client.MockRestServiceServerResetTestExecutionListener@62c50cc5, org.springframework.boot.test.autoconfigure.web.servlet.MockMvcPrintOnlyOnFailureTestExecutionListener@6c17bd86, org.springframework.boot.test.autoconfigure.web.servlet.WebDriverTestExecutionListener@c9d6db, org.springframework.boot.test.mock.mockito.ResetMocksTestExecutionListener@6b2ae363]
2018-12-14 17:35:28.861  INFO 9212 --- [    Test worker] o.s.t.c.transaction.TransactionContext   : Began transaction (1) for test context [DefaultTestContext@38e3f4a3 testClass = ItemUomConversionApiTest, testInstance = ags.goldenlionerp.apiTests.item.ItemUomConversionApiTest@ec7f50, testMethod = createPostTest_NoConversionToPrimary@ItemUomConversionApiTest, testException = [null], mergedContextConfiguration = [WebMergedContextConfiguration@7d690345 testClass = ItemUomConversionApiTest, locations = '{}', classes = '{class ags.goldenlionerp.GoldenLionErpApplication}', contextInitializerClasses = '[]', activeProfiles = '{}', propertySourceLocations = '{classpath:test.properties}', propertySourceProperties = '{org.springframework.boot.test.context.SpringBootTestContextBootstrapper=true}', contextCustomizers = set[org.springframework.boot.test.autoconfigure.properties.PropertyMappingContextCustomizer@0, org.springframework.boot.test.autoconfigure.web.servlet.WebDriverContextCustomizerFactory$Customizer@636d731e, [ImportsContextCustomizer@52d952e6 key = [ags.goldenlionerp.apiTests.ApiTestBase$TestConfig]], org.springframework.boot.test.context.filter.ExcludeFilterContextCustomizer@6afa5291, org.springframework.boot.test.json.DuplicateJsonObjectContextCustomizerFactory$DuplicateJsonObjectContextCustomizer@20cebcb4, org.springframework.boot.test.mock.mockito.MockitoContextCustomizer@0, org.springframework.boot.test.web.client.TestRestTemplateContextCustomizer@49a32273], resourceBasePath = 'src/main/webapp', contextLoader = 'org.springframework.boot.test.context.SpringBootContextLoader', parent = [null]], attributes = map['org.springframework.test.context.web.ServletTestExecutionListener.activateListener' -> true, 'org.springframework.test.context.web.ServletTestExecutionListener.populatedRequestContextHolder' -> true, 'org.springframework.test.context.web.ServletTestExecutionListener.resetRequestContextHolder' -> true]]; transaction manager [org.springframework.orm.jpa.JpaTransactionManager@76f112e2]; rollback [true]
2018-12-14 17:35:28.861  INFO 9212 --- [    Test worker] o.s.b.t.m.w.SpringBootMockServletContext : Initializing Spring FrameworkServlet ''
2018-12-14 17:35:28.861  INFO 9212 --- [    Test worker] o.s.t.web.servlet.TestDispatcherServlet  : FrameworkServlet '': initialization started
2018-12-14 17:35:28.861  INFO 9212 --- [    Test worker] o.s.t.web.servlet.TestDispatcherServlet  : FrameworkServlet '': initialization completed in 0 ms
Hibernate: select itemmaster0_.iminum as iminum1_31_0_, itemmaster0_.imcid as imcid2_31_0_, itemmaster0_.imdtin as imdtin3_31_0_, itemmaster0_.imtmin as imtmin4_31_0_, itemmaster0_.imuid as imuid5_31_0_, itemmaster0_.imdtlu as imdtlu6_31_0_, itemmaster0_.imtmlu as imtmlu7_31_0_, itemmaster0_.imuidm as imuidm8_31_0_, itemmaster0_.iminumb as iminumb9_31_0_, itemmaster0_.imctm as imctm10_31_0_, itemmaster0_.imitc02 as imitc11_31_0_, itemmaster0_.imitc01 as imitc12_31_0_, itemmaster0_.imitc10 as imitc13_31_0_, itemmaster0_.imitc04 as imitc14_31_0_, itemmaster0_.imitc06 as imitc15_31_0_, itemmaster0_.imitc07 as imitc16_31_0_, itemmaster0_.imitc08 as imitc17_31_0_, itemmaster0_.imitc09 as imitc18_31_0_, itemmaster0_.imitc05 as imitc19_31_0_, itemmaster0_.imslrc0 as imslrc20_31_0_, itemmaster0_.imslrc1 as imslrc21_31_0_, itemmaster0_.imslrc2 as imslrc22_31_0_, itemmaster0_.imslrc3 as imslrc23_31_0_, itemmaster0_.imslrc4 as imslrc24_31_0_, itemmaster0_.imslrc5 as imslrc25_31_0_, itemmaster0_.imslrc6 as imslrc26_31_0_, itemmaster0_.imslrc7 as imslrc27_31_0_, itemmaster0_.imslrc8 as imslrc28_31_0_, itemmaster0_.imslrc9 as imslrc29_31_0_, itemmaster0_.imitc03 as imitc30_31_0_, itemmaster0_.imdesb1 as imdesb31_31_0_, itemmaster0_.imdesd1 as imdesd32_31_0_, itemmaster0_.imglcls as imglcls33_31_0_, itemmaster0_.imicl as imicl34_31_0_, itemmaster0_.imilc as imilc35_31_0_, itemmaster0_.iminums as iminums36_31_0_, itemmaster0_.imipg as imipg37_31_0_, itemmaster0_.imlsc as imlsc38_31_0_, itemmaster0_.imdaqc as imdaqc39_31_0_, itemmaster0_.imgscrt as imgscrt40_31_0_, itemmaster0_.imsiops as imsiops41_31_0_, itemmaster0_.imbpid as imbpid42_31_0_, itemmaster0_.imcsid as imcsid43_31_0_, itemmaster0_.imudf as imudf44_31_0_, itemmaster0_.impmmf as impmmf45_31_0_, itemmaster0_.imrbii as imrbii46_31_0_, itemmaster0_.imrbim as imrbim47_31_0_, itemmaster0_.imrbis as imrbis48_31_0_, itemmaster0_.imvnid as imvnid49_31_0_, itemmaster0_.imtaxpc as imtaxpc50_31_0_, itemmaster0_.imtaxsc as imtaxsc51_31_0_, itemmaster0_.iminump as iminump52_31_0_, itemmaster0_.implg as implg53_31_0_, itemmaster0_.imppl as imppl54_31_0_, itemmaster0_.imspl as imspl55_31_0_, itemmaster0_.imsnr as imsnr56_31_0_, itemmaster0_.imskty as imskty57_31_0_, itemmaster0_.imlnty as imlnty58_31_0_, itemmaster0_.imuom9 as imuom59_31_0_, itemmaster0_.imdppo as imdppo60_31_0_, itemmaster0_.imdlum as imdlum61_31_0_, itemmaster0_.imdlump as imdlump62_31_0_, itemmaster0_.imdlumt as imdlumt63_31_0_, itemmaster0_.imuom5 as imuom64_31_0_, itemmaster0_.imuom1 as imuom65_31_0_, itemmaster0_.imuom8 as imuom66_31_0_, itemmaster0_.imuom3 as imuom67_31_0_, itemmaster0_.imuom4 as imuom68_31_0_, itemmaster0_.imuom2 as imuom69_31_0_, itemmaster0_.imuom6 as imuom70_31_0_, itemmaster0_.imuoms as imuoms71_31_0_, itemmaster0_.imuomt as imuomt72_31_0_, itemmaster0_.imuomv as imuomv73_31_0_, itemmaster0_.imwcf as imwcf74_31_0_, itemmaster0_.imuomw as imuomw75_31_0_, itemmaster0_.imvict as imvict76_31_0_ from t4101 itemmaster0_ where itemmaster0_.iminum=?
2018-12-14 17:35:28.923  INFO 9212 --- [    Test worker] o.s.t.c.transaction.TransactionContext   : Rolled back transaction for test: [DefaultTestContext@38e3f4a3 testClass = ItemUomConversionApiTest, testInstance = ags.goldenlionerp.apiTests.item.ItemUomConversionApiTest@ec7f50, testMethod = createPostTest_NoConversionToPrimary@ItemUomConversionApiTest, testException = [null], mergedContextConfiguration = [WebMergedContextConfiguration@7d690345 testClass = ItemUomConversionApiTest, locations = '{}', classes = '{class ags.goldenlionerp.GoldenLionErpApplication}', contextInitializerClasses = '[]', activeProfiles = '{}', propertySourceLocations = '{classpath:test.properties}', propertySourceProperties = '{org.springframework.boot.test.context.SpringBootTestContextBootstrapper=true}', contextCustomizers = set[org.springframework.boot.test.autoconfigure.properties.PropertyMappingContextCustomizer@0, org.springframework.boot.test.autoconfigure.web.servlet.WebDriverContextCustomizerFactory$Customizer@636d731e, [ImportsContextCustomizer@52d952e6 key = [ags.goldenlionerp.apiTests.ApiTestBase$TestConfig]], org.springframework.boot.test.context.filter.ExcludeFilterContextCustomizer@6afa5291, org.springframework.boot.test.json.DuplicateJsonObjectContextCustomizerFactory$DuplicateJsonObjectContextCustomizer@20cebcb4, org.springframework.boot.test.mock.mockito.MockitoContextCustomizer@0, org.springframework.boot.test.web.client.TestRestTemplateContextCustomizer@49a32273], resourceBasePath = 'src/main/webapp', contextLoader = 'org.springframework.boot.test.context.SpringBootContextLoader', parent = [null]], attributes = map['org.springframework.test.context.web.ServletTestExecutionListener.activateListener' -> true, 'org.springframework.test.context.web.ServletTestExecutionListener.populatedRequestContextHolder' -> true, 'org.springframework.test.context.web.ServletTestExecutionListener.resetRequestContextHolder' -> true]]
2018-12-14 17:35:28.923  INFO 9212 --- [    Test worker] o.s.t.c.transaction.TransactionContext   : Began transaction (1) for test context [DefaultTestContext@38e3f4a3 testClass = ItemUomConversionApiTest, testInstance = ags.goldenlionerp.apiTests.item.ItemUomConversionApiTest@42fe67ce, testMethod = updateTestWithPut@ApiTestBase, testException = [null], mergedContextConfiguration = [WebMergedContextConfiguration@7d690345 testClass = ItemUomConversionApiTest, locations = '{}', classes = '{class ags.goldenlionerp.GoldenLionErpApplication}', contextInitializerClasses = '[]', activeProfiles = '{}', propertySourceLocations = '{classpath:test.properties}', propertySourceProperties = '{org.springframework.boot.test.context.SpringBootTestContextBootstrapper=true}', contextCustomizers = set[org.springframework.boot.test.autoconfigure.properties.PropertyMappingContextCustomizer@0, org.springframework.boot.test.autoconfigure.web.servlet.WebDriverContextCustomizerFactory$Customizer@636d731e, [ImportsContextCustomizer@52d952e6 key = [ags.goldenlionerp.apiTests.ApiTestBase$TestConfig]], org.springframework.boot.test.context.filter.ExcludeFilterContextCustomizer@6afa5291, org.springframework.boot.test.json.DuplicateJsonObjectContextCustomizerFactory$DuplicateJsonObjectContextCustomizer@20cebcb4, org.springframework.boot.test.mock.mockito.MockitoContextCustomizer@0, org.springframework.boot.test.web.client.TestRestTemplateContextCustomizer@49a32273], resourceBasePath = 'src/main/webapp', contextLoader = 'org.springframework.boot.test.context.SpringBootContextLoader', parent = [null]], attributes = map['org.springframework.test.context.web.ServletTestExecutionListener.activateListener' -> true, 'org.springframework.test.context.web.ServletTestExecutionListener.populatedRequestContextHolder' -> true, 'org.springframework.test.context.web.ServletTestExecutionListener.resetRequestContextHolder' -> true]]; transaction manager [org.springframework.orm.jpa.JpaTransactionManager@76f112e2]; rollback [true]
2018-12-14 17:35:28.923  INFO 9212 --- [    Test worker] o.s.b.t.m.w.SpringBootMockServletContext : Initializing Spring FrameworkServlet ''
2018-12-14 17:35:28.923  INFO 9212 --- [    Test worker] o.s.t.web.servlet.TestDispatcherServlet  : FrameworkServlet '': initialization started
2018-12-14 17:35:28.923  INFO 9212 --- [    Test worker] o.s.t.web.servlet.TestDispatcherServlet  : FrameworkServlet '': initialization completed in 0 ms
Hibernate: select itemuomcon0_.uminum as uminum1_29_0_, itemuomcon0_.umuom as umuom2_29_0_, itemuomcon0_.umuomr as umuomr3_29_0_, itemuomcon0_.umcid as umcid4_29_0_, itemuomcon0_.umdtin as umdtin5_29_0_, itemuomcon0_.umtmin as umtmin6_29_0_, itemuomcon0_.umuid as umuid7_29_0_, itemuomcon0_.umdtlu as umdtlu8_29_0_, itemuomcon0_.umtmlu as umtmlu9_29_0_, itemuomcon0_.umuidm as umuidm10_29_0_, itemuomcon0_.umdtls as umdtls11_29_0_, itemuomcon0_.umcnv as umcnv12_29_0_, itemuomcon0_.umcnv1 as umcnv13_29_0_, itemuomcon0_.umuomst as umuomst14_29_0_ from t41002 itemuomcon0_ where itemuomcon0_.uminum=? and itemuomcon0_.umuom=? and itemuomcon0_.umuomr=?
2018-12-14 17:35:28.970  INFO 9212 --- [    Test worker] o.s.t.c.transaction.TransactionContext   : Rolled back transaction for test: [DefaultTestContext@38e3f4a3 testClass = ItemUomConversionApiTest, testInstance = ags.goldenlionerp.apiTests.item.ItemUomConversionApiTest@42fe67ce, testMethod = updateTestWithPut@ApiTestBase, testException = [null], mergedContextConfiguration = [WebMergedContextConfiguration@7d690345 testClass = ItemUomConversionApiTest, locations = '{}', classes = '{class ags.goldenlionerp.GoldenLionErpApplication}', contextInitializerClasses = '[]', activeProfiles = '{}', propertySourceLocations = '{classpath:test.properties}', propertySourceProperties = '{org.springframework.boot.test.context.SpringBootTestContextBootstrapper=true}', contextCustomizers = set[org.springframework.boot.test.autoconfigure.properties.PropertyMappingContextCustomizer@0, org.springframework.boot.test.autoconfigure.web.servlet.WebDriverContextCustomizerFactory$Customizer@636d731e, [ImportsContextCustomizer@52d952e6 key = [ags.goldenlionerp.apiTests.ApiTestBase$TestConfig]], org.springframework.boot.test.context.filter.ExcludeFilterContextCustomizer@6afa5291, org.springframework.boot.test.json.DuplicateJsonObjectContextCustomizerFactory$DuplicateJsonObjectContextCustomizer@20cebcb4, org.springframework.boot.test.mock.mockito.MockitoContextCustomizer@0, org.springframework.boot.test.web.client.TestRestTemplateContextCustomizer@49a32273], resourceBasePath = 'src/main/webapp', contextLoader = 'org.springframework.boot.test.context.SpringBootContextLoader', parent = [null]], attributes = map['org.springframework.test.context.web.ServletTestExecutionListener.activateListener' -> true, 'org.springframework.test.context.web.ServletTestExecutionListener.populatedRequestContextHolder' -> true, 'org.springframework.test.context.web.ServletTestExecutionListener.resetRequestContextHolder' -> true]]
2018-12-14 17:35:28.970  INFO 9212 --- [    Test worker] o.s.t.c.transaction.TransactionContext   : Began transaction (1) for test context [DefaultTestContext@38e3f4a3 testClass = ItemUomConversionApiTest, testInstance = ags.goldenlionerp.apiTests.item.ItemUomConversionApiTest@76356df0, testMethod = getTestSingle@ApiTestBase, testException = [null], mergedContextConfiguration = [WebMergedContextConfiguration@7d690345 testClass = ItemUomConversionApiTest, locations = '{}', classes = '{class ags.goldenlionerp.GoldenLionErpApplication}', contextInitializerClasses = '[]', activeProfiles = '{}', propertySourceLocations = '{classpath:test.properties}', propertySourceProperties = '{org.springframework.boot.test.context.SpringBootTestContextBootstrapper=true}', contextCustomizers = set[org.springframework.boot.test.autoconfigure.properties.PropertyMappingContextCustomizer@0, org.springframework.boot.test.autoconfigure.web.servlet.WebDriverContextCustomizerFactory$Customizer@636d731e, [ImportsContextCustomizer@52d952e6 key = [ags.goldenlionerp.apiTests.ApiTestBase$TestConfig]], org.springframework.boot.test.context.filter.ExcludeFilterContextCustomizer@6afa5291, org.springframework.boot.test.json.DuplicateJsonObjectContextCustomizerFactory$DuplicateJsonObjectContextCustomizer@20cebcb4, org.springframework.boot.test.mock.mockito.MockitoContextCustomizer@0, org.springframework.boot.test.web.client.TestRestTemplateContextCustomizer@49a32273], resourceBasePath = 'src/main/webapp', contextLoader = 'org.springframework.boot.test.context.SpringBootContextLoader', parent = [null]], attributes = map['org.springframework.test.context.web.ServletTestExecutionListener.activateListener' -> true, 'org.springframework.test.context.web.ServletTestExecutionListener.populatedRequestContextHolder' -> true, 'org.springframework.test.context.web.ServletTestExecutionListener.resetRequestContextHolder' -> true]]; transaction manager [org.springframework.orm.jpa.JpaTransactionManager@76f112e2]; rollback [true]
2018-12-14 17:35:28.970  INFO 9212 --- [    Test worker] o.s.b.t.m.w.SpringBootMockServletContext : Initializing Spring FrameworkServlet ''
2018-12-14 17:35:28.970  INFO 9212 --- [    Test worker] o.s.t.web.servlet.TestDispatcherServlet  : FrameworkServlet '': initialization started
2018-12-14 17:35:28.970  INFO 9212 --- [    Test worker] o.s.t.web.servlet.TestDispatcherServlet  : FrameworkServlet '': initialization completed in 0 ms
Hibernate: select itemuomcon0_.uminum as uminum1_29_0_, itemuomcon0_.umuom as umuom2_29_0_, itemuomcon0_.umuomr as umuomr3_29_0_, itemuomcon0_.umcid as umcid4_29_0_, itemuomcon0_.umdtin as umdtin5_29_0_, itemuomcon0_.umtmin as umtmin6_29_0_, itemuomcon0_.umuid as umuid7_29_0_, itemuomcon0_.umdtlu as umdtlu8_29_0_, itemuomcon0_.umtmlu as umtmlu9_29_0_, itemuomcon0_.umuidm as umuidm10_29_0_, itemuomcon0_.umdtls as umdtls11_29_0_, itemuomcon0_.umcnv as umcnv12_29_0_, itemuomcon0_.umcnv1 as umcnv13_29_0_, itemuomcon0_.umuomst as umuomst14_29_0_ from t41002 itemuomcon0_ where itemuomcon0_.uminum=? and itemuomcon0_.umuom=? and itemuomcon0_.umuomr=?
2018-12-14 17:35:28.986  INFO 9212 --- [    Test worker] o.s.t.c.transaction.TransactionContext   : Rolled back transaction for test: [DefaultTestContext@38e3f4a3 testClass = ItemUomConversionApiTest, testInstance = ags.goldenlionerp.apiTests.item.ItemUomConversionApiTest@76356df0, testMethod = getTestSingle@ApiTestBase, testException = [null], mergedContextConfiguration = [WebMergedContextConfiguration@7d690345 testClass = ItemUomConversionApiTest, locations = '{}', classes = '{class ags.goldenlionerp.GoldenLionErpApplication}', contextInitializerClasses = '[]', activeProfiles = '{}', propertySourceLocations = '{classpath:test.properties}', propertySourceProperties = '{org.springframework.boot.test.context.SpringBootTestContextBootstrapper=true}', contextCustomizers = set[org.springframework.boot.test.autoconfigure.properties.PropertyMappingContextCustomizer@0, org.springframework.boot.test.autoconfigure.web.servlet.WebDriverContextCustomizerFactory$Customizer@636d731e, [ImportsContextCustomizer@52d952e6 key = [ags.goldenlionerp.apiTests.ApiTestBase$TestConfig]], org.springframework.boot.test.context.filter.ExcludeFilterContextCustomizer@6afa5291, org.springframework.boot.test.json.DuplicateJsonObjectContextCustomizerFactory$DuplicateJsonObjectContextCustomizer@20cebcb4, org.springframework.boot.test.mock.mockito.MockitoContextCustomizer@0, org.springframework.boot.test.web.client.TestRestTemplateContextCustomizer@49a32273], resourceBasePath = 'src/main/webapp', contextLoader = 'org.springframework.boot.test.context.SpringBootContextLoader', parent = [null]], attributes = map['org.springframework.test.context.web.ServletTestExecutionListener.activateListener' -> true, 'org.springframework.test.context.web.ServletTestExecutionListener.populatedRequestContextHolder' -> true, 'org.springframework.test.context.web.ServletTestExecutionListener.resetRequestContextHolder' -> true]]
2018-12-14 17:35:28.986  INFO 9212 --- [    Test worker] o.s.t.c.transaction.TransactionContext   : Began transaction (1) for test context [DefaultTestContext@38e3f4a3 testClass = ItemUomConversionApiTest, testInstance = ags.goldenlionerp.apiTests.item.ItemUomConversionApiTest@471d1d7b, testMethod = updateTestWithPatch@ApiTestBase, testException = [null], mergedContextConfiguration = [WebMergedContextConfiguration@7d690345 testClass = ItemUomConversionApiTest, locations = '{}', classes = '{class ags.goldenlionerp.GoldenLionErpApplication}', contextInitializerClasses = '[]', activeProfiles = '{}', propertySourceLocations = '{classpath:test.properties}', propertySourceProperties = '{org.springframework.boot.test.context.SpringBootTestContextBootstrapper=true}', contextCustomizers = set[org.springframework.boot.test.autoconfigure.properties.PropertyMappingContextCustomizer@0, org.springframework.boot.test.autoconfigure.web.servlet.WebDriverContextCustomizerFactory$Customizer@636d731e, [ImportsContextCustomizer@52d952e6 key = [ags.goldenlionerp.apiTests.ApiTestBase$TestConfig]], org.springframework.boot.test.context.filter.ExcludeFilterContextCustomizer@6afa5291, org.springframework.boot.test.json.DuplicateJsonObjectContextCustomizerFactory$DuplicateJsonObjectContextCustomizer@20cebcb4, org.springframework.boot.test.mock.mockito.MockitoContextCustomizer@0, org.springframework.boot.test.web.client.TestRestTemplateContextCustomizer@49a32273], resourceBasePath = 'src/main/webapp', contextLoader = 'org.springframework.boot.test.context.SpringBootContextLoader', parent = [null]], attributes = map['org.springframework.test.context.web.ServletTestExecutionListener.activateListener' -> true, 'org.springframework.test.context.web.ServletTestExecutionListener.populatedRequestContextHolder' -> true, 'org.springframework.test.context.web.ServletTestExecutionListener.resetRequestContextHolder' -> true]]; transaction manager [org.springframework.orm.jpa.JpaTransactionManager@76f112e2]; rollback [true]
2018-12-14 17:35:28.986  INFO 9212 --- [    Test worker] o.s.b.t.m.w.SpringBootMockServletContext : Initializing Spring FrameworkServlet ''
2018-12-14 17:35:28.986  INFO 9212 --- [    Test worker] o.s.t.web.servlet.TestDispatcherServlet  : FrameworkServlet '': initialization started
2018-12-14 17:35:29.001  INFO 9212 --- [    Test worker] o.s.t.web.servlet.TestDispatcherServlet  : FrameworkServlet '': initialization completed in 15 ms
Hibernate: select itemuomcon0_.uminum as uminum1_29_0_, itemuomcon0_.umuom as umuom2_29_0_, itemuomcon0_.umuomr as umuomr3_29_0_, itemuomcon0_.umcid as umcid4_29_0_, itemuomcon0_.umdtin as umdtin5_29_0_, itemuomcon0_.umtmin as umtmin6_29_0_, itemuomcon0_.umuid as umuid7_29_0_, itemuomcon0_.umdtlu as umdtlu8_29_0_, itemuomcon0_.umtmlu as umtmlu9_29_0_, itemuomcon0_.umuidm as umuidm10_29_0_, itemuomcon0_.umdtls as umdtls11_29_0_, itemuomcon0_.umcnv as umcnv12_29_0_, itemuomcon0_.umcnv1 as umcnv13_29_0_, itemuomcon0_.umuomst as umuomst14_29_0_ from t41002 itemuomcon0_ where itemuomcon0_.uminum=? and itemuomcon0_.umuom=? and itemuomcon0_.umuomr=?
Hibernate: select itemmaster0_.iminum as iminum1_31_0_, itemmaster0_.imcid as imcid2_31_0_, itemmaster0_.imdtin as imdtin3_31_0_, itemmaster0_.imtmin as imtmin4_31_0_, itemmaster0_.imuid as imuid5_31_0_, itemmaster0_.imdtlu as imdtlu6_31_0_, itemmaster0_.imtmlu as imtmlu7_31_0_, itemmaster0_.imuidm as imuidm8_31_0_, itemmaster0_.iminumb as iminumb9_31_0_, itemmaster0_.imctm as imctm10_31_0_, itemmaster0_.imitc02 as imitc11_31_0_, itemmaster0_.imitc01 as imitc12_31_0_, itemmaster0_.imitc10 as imitc13_31_0_, itemmaster0_.imitc04 as imitc14_31_0_, itemmaster0_.imitc06 as imitc15_31_0_, itemmaster0_.imitc07 as imitc16_31_0_, itemmaster0_.imitc08 as imitc17_31_0_, itemmaster0_.imitc09 as imitc18_31_0_, itemmaster0_.imitc05 as imitc19_31_0_, itemmaster0_.imslrc0 as imslrc20_31_0_, itemmaster0_.imslrc1 as imslrc21_31_0_, itemmaster0_.imslrc2 as imslrc22_31_0_, itemmaster0_.imslrc3 as imslrc23_31_0_, itemmaster0_.imslrc4 as imslrc24_31_0_, itemmaster0_.imslrc5 as imslrc25_31_0_, itemmaster0_.imslrc6 as imslrc26_31_0_, itemmaster0_.imslrc7 as imslrc27_31_0_, itemmaster0_.imslrc8 as imslrc28_31_0_, itemmaster0_.imslrc9 as imslrc29_31_0_, itemmaster0_.imitc03 as imitc30_31_0_, itemmaster0_.imdesb1 as imdesb31_31_0_, itemmaster0_.imdesd1 as imdesd32_31_0_, itemmaster0_.imglcls as imglcls33_31_0_, itemmaster0_.imicl as imicl34_31_0_, itemmaster0_.imilc as imilc35_31_0_, itemmaster0_.iminums as iminums36_31_0_, itemmaster0_.imipg as imipg37_31_0_, itemmaster0_.imlsc as imlsc38_31_0_, itemmaster0_.imdaqc as imdaqc39_31_0_, itemmaster0_.imgscrt as imgscrt40_31_0_, itemmaster0_.imsiops as imsiops41_31_0_, itemmaster0_.imbpid as imbpid42_31_0_, itemmaster0_.imcsid as imcsid43_31_0_, itemmaster0_.imudf as imudf44_31_0_, itemmaster0_.impmmf as impmmf45_31_0_, itemmaster0_.imrbii as imrbii46_31_0_, itemmaster0_.imrbim as imrbim47_31_0_, itemmaster0_.imrbis as imrbis48_31_0_, itemmaster0_.imvnid as imvnid49_31_0_, itemmaster0_.imtaxpc as imtaxpc50_31_0_, itemmaster0_.imtaxsc as imtaxsc51_31_0_, itemmaster0_.iminump as iminump52_31_0_, itemmaster0_.implg as implg53_31_0_, itemmaster0_.imppl as imppl54_31_0_, itemmaster0_.imspl as imspl55_31_0_, itemmaster0_.imsnr as imsnr56_31_0_, itemmaster0_.imskty as imskty57_31_0_, itemmaster0_.imlnty as imlnty58_31_0_, itemmaster0_.imuom9 as imuom59_31_0_, itemmaster0_.imdppo as imdppo60_31_0_, itemmaster0_.imdlum as imdlum61_31_0_, itemmaster0_.imdlump as imdlump62_31_0_, itemmaster0_.imdlumt as imdlumt63_31_0_, itemmaster0_.imuom5 as imuom64_31_0_, itemmaster0_.imuom1 as imuom65_31_0_, itemmaster0_.imuom8 as imuom66_31_0_, itemmaster0_.imuom3 as imuom67_31_0_, itemmaster0_.imuom4 as imuom68_31_0_, itemmaster0_.imuom2 as imuom69_31_0_, itemmaster0_.imuom6 as imuom70_31_0_, itemmaster0_.imuoms as imuoms71_31_0_, itemmaster0_.imuomt as imuomt72_31_0_, itemmaster0_.imuomv as imuomv73_31_0_, itemmaster0_.imwcf as imwcf74_31_0_, itemmaster0_.imuomw as imuomw75_31_0_, itemmaster0_.imvict as imvict76_31_0_ from t4101 itemmaster0_ where itemmaster0_.iminum=?
Hibernate: update t41002 set umcid=?, umdtlu=?, umtmlu=?, umuidm=?, umdtls=?, umcnv=?, umcnv1=?, umuomst=? where uminum=? and umuom=? and umuomr=?
Hibernate: select itemuomcon0_.uminum as uminum1_29_0_, itemuomcon0_.umuom as umuom2_29_0_, itemuomcon0_.umuomr as umuomr3_29_0_, itemuomcon0_.umcid as umcid4_29_0_, itemuomcon0_.umdtin as umdtin5_29_0_, itemuomcon0_.umtmin as umtmin6_29_0_, itemuomcon0_.umuid as umuid7_29_0_, itemuomcon0_.umdtlu as umdtlu8_29_0_, itemuomcon0_.umtmlu as umtmlu9_29_0_, itemuomcon0_.umuidm as umuidm10_29_0_, itemuomcon0_.umdtls as umdtls11_29_0_, itemuomcon0_.umcnv as umcnv12_29_0_, itemuomcon0_.umcnv1 as umcnv13_29_0_, itemuomcon0_.umuomst as umuomst14_29_0_ from t41002 itemuomcon0_ where itemuomcon0_.uminum=? and itemuomcon0_.umuom=? and itemuomcon0_.umuomr=?
2018-12-14 17:35:29.064  INFO 9212 --- [    Test worker] o.s.t.c.transaction.TransactionContext   : Rolled back transaction for test: [DefaultTestContext@38e3f4a3 testClass = ItemUomConversionApiTest, testInstance = ags.goldenlionerp.apiTests.item.ItemUomConversionApiTest@471d1d7b, testMethod = updateTestWithPatch@ApiTestBase, testException = [null], mergedContextConfiguration = [WebMergedContextConfiguration@7d690345 testClass = ItemUomConversionApiTest, locations = '{}', classes = '{class ags.goldenlionerp.GoldenLionErpApplication}', contextInitializerClasses = '[]', activeProfiles = '{}', propertySourceLocations = '{classpath:test.properties}', propertySourceProperties = '{org.springframework.boot.test.context.SpringBootTestContextBootstrapper=true}', contextCustomizers = set[org.springframework.boot.test.autoconfigure.properties.PropertyMappingContextCustomizer@0, org.springframework.boot.test.autoconfigure.web.servlet.WebDriverContextCustomizerFactory$Customizer@636d731e, [ImportsContextCustomizer@52d952e6 key = [ags.goldenlionerp.apiTests.ApiTestBase$TestConfig]], org.springframework.boot.test.context.filter.ExcludeFilterContextCustomizer@6afa5291, org.springframework.boot.test.json.DuplicateJsonObjectContextCustomizerFactory$DuplicateJsonObjectContextCustomizer@20cebcb4, org.springframework.boot.test.mock.mockito.MockitoContextCustomizer@0, org.springframework.boot.test.web.client.TestRestTemplateContextCustomizer@49a32273], resourceBasePath = 'src/main/webapp', contextLoader = 'org.springframework.boot.test.context.SpringBootContextLoader', parent = [null]], attributes = map['org.springframework.test.context.web.ServletTestExecutionListener.activateListener' -> true, 'org.springframework.test.context.web.ServletTestExecutionListener.populatedRequestContextHolder' -> true, 'org.springframework.test.context.web.ServletTestExecutionListener.resetRequestContextHolder' -> true]]
2018-12-14 17:35:29.079  INFO 9212 --- [    Test worker] o.s.t.c.transaction.TransactionContext   : Began transaction (1) for test context [DefaultTestContext@38e3f4a3 testClass = ItemUomConversionApiTest, testInstance = ags.goldenlionerp.apiTests.item.ItemUomConversionApiTest@68ab24fb, testMethod = getTestCollection@ApiTestBase, testException = [null], mergedContextConfiguration = [WebMergedContextConfiguration@7d690345 testClass = ItemUomConversionApiTest, locations = '{}', classes = '{class ags.goldenlionerp.GoldenLionErpApplication}', contextInitializerClasses = '[]', activeProfiles = '{}', propertySourceLocations = '{classpath:test.properties}', propertySourceProperties = '{org.springframework.boot.test.context.SpringBootTestContextBootstrapper=true}', contextCustomizers = set[org.springframework.boot.test.autoconfigure.properties.PropertyMappingContextCustomizer@0, org.springframework.boot.test.autoconfigure.web.servlet.WebDriverContextCustomizerFactory$Customizer@636d731e, [ImportsContextCustomizer@52d952e6 key = [ags.goldenlionerp.apiTests.ApiTestBase$TestConfig]], org.springframework.boot.test.context.filter.ExcludeFilterContextCustomizer@6afa5291, org.springframework.boot.test.json.DuplicateJsonObjectContextCustomizerFactory$DuplicateJsonObjectContextCustomizer@20cebcb4, org.springframework.boot.test.mock.mockito.MockitoContextCustomizer@0, org.springframework.boot.test.web.client.TestRestTemplateContextCustomizer@49a32273], resourceBasePath = 'src/main/webapp', contextLoader = 'org.springframework.boot.test.context.SpringBootContextLoader', parent = [null]], attributes = map['org.springframework.test.context.web.ServletTestExecutionListener.activateListener' -> true, 'org.springframework.test.context.web.ServletTestExecutionListener.populatedRequestContextHolder' -> true, 'org.springframework.test.context.web.ServletTestExecutionListener.resetRequestContextHolder' -> true]]; transaction manager [org.springframework.orm.jpa.JpaTransactionManager@76f112e2]; rollback [true]
2018-12-14 17:35:29.079  INFO 9212 --- [    Test worker] o.s.b.t.m.w.SpringBootMockServletContext : Initializing Spring FrameworkServlet ''
2018-12-14 17:35:29.079  INFO 9212 --- [    Test worker] o.s.t.web.servlet.TestDispatcherServlet  : FrameworkServlet '': initialization started
2018-12-14 17:35:29.079  INFO 9212 --- [    Test worker] o.s.t.web.servlet.TestDispatcherServlet  : FrameworkServlet '': initialization completed in 0 ms
Hibernate: select itemuomcon0_.uminum as uminum1_29_, itemuomcon0_.umuom as umuom2_29_, itemuomcon0_.umuomr as umuomr3_29_, itemuomcon0_.umcid as umcid4_29_, itemuomcon0_.umdtin as umdtin5_29_, itemuomcon0_.umtmin as umtmin6_29_, itemuomcon0_.umuid as umuid7_29_, itemuomcon0_.umdtlu as umdtlu8_29_, itemuomcon0_.umtmlu as umtmlu9_29_, itemuomcon0_.umuidm as umuidm10_29_, itemuomcon0_.umdtls as umdtls11_29_, itemuomcon0_.umcnv as umcnv12_29_, itemuomcon0_.umcnv1 as umcnv13_29_, itemuomcon0_.umuomst as umuomst14_29_ from t41002 itemuomcon0_

MockHttpServletRequest:
      HTTP Method = GET
      Request URI = /api/itemuomconvs/
       Parameters = {}
          Headers = {Accept=[application/json]}
             Body = <no character encoding set>
    Session Attrs = {org.springframework.security.web.csrf.HttpSessionCsrfTokenRepository.CSRF_TOKEN=org.springframework.security.web.csrf.DefaultCsrfToken@62b12656, SPRING_SECURITY_CONTEXT=org.springframework.security.core.context.SecurityContextImpl@475fcd89: Authentication: org.springframework.security.authentication.UsernamePasswordAuthenticationToken@475fcd89: Principal: org.springframework.security.core.userdetails.User@f02988d6: Username: username; Password: [PROTECTED]; Enabled: true; AccountNonExpired: true; credentialsNonExpired: true; AccountNonLocked: true; Not granted any authorities; Credentials: [PROTECTED]; Authenticated: true; Details: null; Not granted any authorities}

Handler:
             Type = org.springframework.data.rest.webmvc.RepositoryEntityController
           Method = public org.springframework.hateoas.Resources<?> org.springframework.data.rest.webmvc.RepositoryEntityController.getCollectionResource(org.springframework.data.rest.webmvc.RootResourceInformation,org.springframework.data.rest.webmvc.support.DefaultedPageable,org.springframework.data.domain.Sort,org.springframework.data.rest.webmvc.PersistentEntityResourceAssembler) throws org.springframework.data.rest.webmvc.ResourceNotFoundException,org.springframework.web.HttpRequestMethodNotSupportedException

Async:
    Async started = false
     Async result = null

Resolved Exception:
             Type = null

ModelAndView:
        View name = null
             View = null
            Model = null

FlashMap:
       Attributes = null

MockHttpServletResponse:
           Status = 200
    Error message = null
          Headers = {Content-Type=[application/json;charset=UTF-8], X-Content-Type-Options=[nosniff], X-XSS-Protection=[1; mode=block], Cache-Control=[no-cache, no-store, max-age=0, must-revalidate], Pragma=[no-cache], Expires=[0], X-Frame-Options=[DENY]}
     Content type = application/json;charset=UTF-8
             Body = {
  "_embedded" : {
    "itemUomConversions" : [ {
      "itemCode" : "TEST2",
      "uomFrom" : "FT",
      "uomTo" : "CM",
      "conversionValue" : 50.000000000,
      "uomStructure" : "",
      "inputUserId" : "QSA",
      "lastUpdateUserId" : "QSA",
      "computerId" : "LAPTOP-FHFRCCL6",
      "lastSynchronizedDate" : null,
      "conversionValueToPrimary" : 1.000000000,
      "lastUpdateDateTime" : "2018-10-17T12:07:55",
      "inputDateTime" : "2018-10-17T12:07:55",
      "_links" : {
        "self" : {
          "href" : "http://localhost/api/itemuomconvs/TEST2_FT_CM"
        },
        "itemUomConversion" : {
          "href" : "http://localhost/api/itemuomconvs/TEST2_FT_CM"
        }
      }
    } ]
  },
  "_links" : {
    "self" : {
      "href" : "http://localhost/api/itemuomconvs/"
    },
    "profile" : {
      "href" : "http://localhost/api/profile/itemuomconvs"
    },
    "search" : {
      "href" : "http://localhost/api/itemuomconvs/search"
    }
  }
}
    Forwarded URL = null
   Redirected URL = null
          Cookies = []
2018-12-14 17:35:29.095  INFO 9212 --- [    Test worker] o.s.t.c.transaction.TransactionContext   : Rolled back transaction for test: [DefaultTestContext@38e3f4a3 testClass = ItemUomConversionApiTest, testInstance = ags.goldenlionerp.apiTests.item.ItemUomConversionApiTest@68ab24fb, testMethod = getTestCollection@ApiTestBase, testException = [null], mergedContextConfiguration = [WebMergedContextConfiguration@7d690345 testClass = ItemUomConversionApiTest, locations = '{}', classes = '{class ags.goldenlionerp.GoldenLionErpApplication}', contextInitializerClasses = '[]', activeProfiles = '{}', propertySourceLocations = '{classpath:test.properties}', propertySourceProperties = '{org.springframework.boot.test.context.SpringBootTestContextBootstrapper=true}', contextCustomizers = set[org.springframework.boot.test.autoconfigure.properties.PropertyMappingContextCustomizer@0, org.springframework.boot.test.autoconfigure.web.servlet.WebDriverContextCustomizerFactory$Customizer@636d731e, [ImportsContextCustomizer@52d952e6 key = [ags.goldenlionerp.apiTests.ApiTestBase$TestConfig]], org.springframework.boot.test.context.filter.ExcludeFilterContextCustomizer@6afa5291, org.springframework.boot.test.json.DuplicateJsonObjectContextCustomizerFactory$DuplicateJsonObjectContextCustomizer@20cebcb4, org.springframework.boot.test.mock.mockito.MockitoContextCustomizer@0, org.springframework.boot.test.web.client.TestRestTemplateContextCustomizer@49a32273], resourceBasePath = 'src/main/webapp', contextLoader = 'org.springframework.boot.test.context.SpringBootContextLoader', parent = [null]], attributes = map['org.springframework.test.context.web.ServletTestExecutionListener.activateListener' -> true, 'org.springframework.test.context.web.ServletTestExecutionListener.populatedRequestContextHolder' -> true, 'org.springframework.test.context.web.ServletTestExecutionListener.resetRequestContextHolder' -> true]]
2018-12-14 17:35:29.095  INFO 9212 --- [    Test worker] o.s.t.c.transaction.TransactionContext   : Began transaction (1) for test context [DefaultTestContext@38e3f4a3 testClass = ItemUomConversionApiTest, testInstance = ags.goldenlionerp.apiTests.item.ItemUomConversionApiTest@77abc390, testMethod = createTestWithPut@ApiTestBase, testException = [null], mergedContextConfiguration = [WebMergedContextConfiguration@7d690345 testClass = ItemUomConversionApiTest, locations = '{}', classes = '{class ags.goldenlionerp.GoldenLionErpApplication}', contextInitializerClasses = '[]', activeProfiles = '{}', propertySourceLocations = '{classpath:test.properties}', propertySourceProperties = '{org.springframework.boot.test.context.SpringBootTestContextBootstrapper=true}', contextCustomizers = set[org.springframework.boot.test.autoconfigure.properties.PropertyMappingContextCustomizer@0, org.springframework.boot.test.autoconfigure.web.servlet.WebDriverContextCustomizerFactory$Customizer@636d731e, [ImportsContextCustomizer@52d952e6 key = [ags.goldenlionerp.apiTests.ApiTestBase$TestConfig]], org.springframework.boot.test.context.filter.ExcludeFilterContextCustomizer@6afa5291, org.springframework.boot.test.json.DuplicateJsonObjectContextCustomizerFactory$DuplicateJsonObjectContextCustomizer@20cebcb4, org.springframework.boot.test.mock.mockito.MockitoContextCustomizer@0, org.springframework.boot.test.web.client.TestRestTemplateContextCustomizer@49a32273], resourceBasePath = 'src/main/webapp', contextLoader = 'org.springframework.boot.test.context.SpringBootContextLoader', parent = [null]], attributes = map['org.springframework.test.context.web.ServletTestExecutionListener.activateListener' -> true, 'org.springframework.test.context.web.ServletTestExecutionListener.populatedRequestContextHolder' -> true, 'org.springframework.test.context.web.ServletTestExecutionListener.resetRequestContextHolder' -> true]]; transaction manager [org.springframework.orm.jpa.JpaTransactionManager@76f112e2]; rollback [true]
2018-12-14 17:35:29.095  INFO 9212 --- [    Test worker] o.s.b.t.m.w.SpringBootMockServletContext : Initializing Spring FrameworkServlet ''
2018-12-14 17:35:29.095  INFO 9212 --- [    Test worker] o.s.t.web.servlet.TestDispatcherServlet  : FrameworkServlet '': initialization started
2018-12-14 17:35:29.111  INFO 9212 --- [    Test worker] o.s.t.web.servlet.TestDispatcherServlet  : FrameworkServlet '': initialization completed in 16 ms
Hibernate: select itemuomcon0_.uminum as uminum1_29_0_, itemuomcon0_.umuom as umuom2_29_0_, itemuomcon0_.umuomr as umuomr3_29_0_, itemuomcon0_.umcid as umcid4_29_0_, itemuomcon0_.umdtin as umdtin5_29_0_, itemuomcon0_.umtmin as umtmin6_29_0_, itemuomcon0_.umuid as umuid7_29_0_, itemuomcon0_.umdtlu as umdtlu8_29_0_, itemuomcon0_.umtmlu as umtmlu9_29_0_, itemuomcon0_.umuidm as umuidm10_29_0_, itemuomcon0_.umdtls as umdtls11_29_0_, itemuomcon0_.umcnv as umcnv12_29_0_, itemuomcon0_.umcnv1 as umcnv13_29_0_, itemuomcon0_.umuomst as umuomst14_29_0_ from t41002 itemuomcon0_ where itemuomcon0_.uminum=? and itemuomcon0_.umuom=? and itemuomcon0_.umuomr=?
2018-12-14 17:35:29.126  INFO 9212 --- [    Test worker] o.s.t.c.transaction.TransactionContext   : Rolled back transaction for test: [DefaultTestContext@38e3f4a3 testClass = ItemUomConversionApiTest, testInstance = ags.goldenlionerp.apiTests.item.ItemUomConversionApiTest@77abc390, testMethod = createTestWithPut@ApiTestBase, testException = [null], mergedContextConfiguration = [WebMergedContextConfiguration@7d690345 testClass = ItemUomConversionApiTest, locations = '{}', classes = '{class ags.goldenlionerp.GoldenLionErpApplication}', contextInitializerClasses = '[]', activeProfiles = '{}', propertySourceLocations = '{classpath:test.properties}', propertySourceProperties = '{org.springframework.boot.test.context.SpringBootTestContextBootstrapper=true}', contextCustomizers = set[org.springframework.boot.test.autoconfigure.properties.PropertyMappingContextCustomizer@0, org.springframework.boot.test.autoconfigure.web.servlet.WebDriverContextCustomizerFactory$Customizer@636d731e, [ImportsContextCustomizer@52d952e6 key = [ags.goldenlionerp.apiTests.ApiTestBase$TestConfig]], org.springframework.boot.test.context.filter.ExcludeFilterContextCustomizer@6afa5291, org.springframework.boot.test.json.DuplicateJsonObjectContextCustomizerFactory$DuplicateJsonObjectContextCustomizer@20cebcb4, org.springframework.boot.test.mock.mockito.MockitoContextCustomizer@0, org.springframework.boot.test.web.client.TestRestTemplateContextCustomizer@49a32273], resourceBasePath = 'src/main/webapp', contextLoader = 'org.springframework.boot.test.context.SpringBootContextLoader', parent = [null]], attributes = map['org.springframework.test.context.web.ServletTestExecutionListener.activateListener' -> true, 'org.springframework.test.context.web.ServletTestExecutionListener.populatedRequestContextHolder' -> true, 'org.springframework.test.context.web.ServletTestExecutionListener.resetRequestContextHolder' -> true]]
2018-12-14 17:35:29.126  INFO 9212 --- [    Test worker] o.s.t.c.transaction.TransactionContext   : Began transaction (1) for test context [DefaultTestContext@38e3f4a3 testClass = ItemUomConversionApiTest, testInstance = ags.goldenlionerp.apiTests.item.ItemUomConversionApiTest@3cd08575, testMethod = deleteTest@ApiTestBase, testException = [null], mergedContextConfiguration = [WebMergedContextConfiguration@7d690345 testClass = ItemUomConversionApiTest, locations = '{}', classes = '{class ags.goldenlionerp.GoldenLionErpApplication}', contextInitializerClasses = '[]', activeProfiles = '{}', propertySourceLocations = '{classpath:test.properties}', propertySourceProperties = '{org.springframework.boot.test.context.SpringBootTestContextBootstrapper=true}', contextCustomizers = set[org.springframework.boot.test.autoconfigure.properties.PropertyMappingContextCustomizer@0, org.springframework.boot.test.autoconfigure.web.servlet.WebDriverContextCustomizerFactory$Customizer@636d731e, [ImportsContextCustomizer@52d952e6 key = [ags.goldenlionerp.apiTests.ApiTestBase$TestConfig]], org.springframework.boot.test.context.filter.ExcludeFilterContextCustomizer@6afa5291, org.springframework.boot.test.json.DuplicateJsonObjectContextCustomizerFactory$DuplicateJsonObjectContextCustomizer@20cebcb4, org.springframework.boot.test.mock.mockito.MockitoContextCustomizer@0, org.springframework.boot.test.web.client.TestRestTemplateContextCustomizer@49a32273], resourceBasePath = 'src/main/webapp', contextLoader = 'org.springframework.boot.test.context.SpringBootContextLoader', parent = [null]], attributes = map['org.springframework.test.context.web.ServletTestExecutionListener.activateListener' -> true, 'org.springframework.test.context.web.ServletTestExecutionListener.populatedRequestContextHolder' -> true, 'org.springframework.test.context.web.ServletTestExecutionListener.resetRequestContextHolder' -> true]]; transaction manager [org.springframework.orm.jpa.JpaTransactionManager@76f112e2]; rollback [true]
2018-12-14 17:35:29.126  INFO 9212 --- [    Test worker] o.s.b.t.m.w.SpringBootMockServletContext : Initializing Spring FrameworkServlet ''
2018-12-14 17:35:29.126  INFO 9212 --- [    Test worker] o.s.t.web.servlet.TestDispatcherServlet  : FrameworkServlet '': initialization started
2018-12-14 17:35:29.126  INFO 9212 --- [    Test worker] o.s.t.web.servlet.TestDispatcherServlet  : FrameworkServlet '': initialization completed in 0 ms
Hibernate: select itemuomcon0_.uminum as uminum1_29_0_, itemuomcon0_.umuom as umuom2_29_0_, itemuomcon0_.umuomr as umuomr3_29_0_, itemuomcon0_.umcid as umcid4_29_0_, itemuomcon0_.umdtin as umdtin5_29_0_, itemuomcon0_.umtmin as umtmin6_29_0_, itemuomcon0_.umuid as umuid7_29_0_, itemuomcon0_.umdtlu as umdtlu8_29_0_, itemuomcon0_.umtmlu as umtmlu9_29_0_, itemuomcon0_.umuidm as umuidm10_29_0_, itemuomcon0_.umdtls as umdtls11_29_0_, itemuomcon0_.umcnv as umcnv12_29_0_, itemuomcon0_.umcnv1 as umcnv13_29_0_, itemuomcon0_.umuomst as umuomst14_29_0_ from t41002 itemuomcon0_ where itemuomcon0_.uminum=? and itemuomcon0_.umuom=? and itemuomcon0_.umuomr=?
2018-12-14 17:35:29.142  INFO 9212 --- [    Test worker] o.s.t.c.transaction.TransactionContext   : Rolled back transaction for test: [DefaultTestContext@38e3f4a3 testClass = ItemUomConversionApiTest, testInstance = ags.goldenlionerp.apiTests.item.ItemUomConversionApiTest@3cd08575, testMethod = deleteTest@ApiTestBase, testException = [null], mergedContextConfiguration = [WebMergedContextConfiguration@7d690345 testClass = ItemUomConversionApiTest, locations = '{}', classes = '{class ags.goldenlionerp.GoldenLionErpApplication}', contextInitializerClasses = '[]', activeProfiles = '{}', propertySourceLocations = '{classpath:test.properties}', propertySourceProperties = '{org.springframework.boot.test.context.SpringBootTestContextBootstrapper=true}', contextCustomizers = set[org.springframework.boot.test.autoconfigure.properties.PropertyMappingContextCustomizer@0, org.springframework.boot.test.autoconfigure.web.servlet.WebDriverContextCustomizerFactory$Customizer@636d731e, [ImportsContextCustomizer@52d952e6 key = [ags.goldenlionerp.apiTests.ApiTestBase$TestConfig]], org.springframework.boot.test.context.filter.ExcludeFilterContextCustomizer@6afa5291, org.springframework.boot.test.json.DuplicateJsonObjectContextCustomizerFactory$DuplicateJsonObjectContextCustomizer@20cebcb4, org.springframework.boot.test.mock.mockito.MockitoContextCustomizer@0, org.springframework.boot.test.web.client.TestRestTemplateContextCustomizer@49a32273], resourceBasePath = 'src/main/webapp', contextLoader = 'org.springframework.boot.test.context.SpringBootContextLoader', parent = [null]], attributes = map['org.springframework.test.context.web.ServletTestExecutionListener.activateListener' -> true, 'org.springframework.test.context.web.ServletTestExecutionListener.populatedRequestContextHolder' -> true, 'org.springframework.test.context.web.ServletTestExecutionListener.resetRequestContextHolder' -> true]]
2018-12-14 17:35:29.157  INFO 9212 --- [    Test worker] o.s.t.c.transaction.TransactionContext   : Began transaction (1) for test context [DefaultTestContext@38e3f4a3 testClass = ItemUomConversionApiTest, testInstance = ags.goldenlionerp.apiTests.item.ItemUomConversionApiTest@1f12c4cb, testMethod = createTestWithPost@ApiTestBase, testException = [null], mergedContextConfiguration = [WebMergedContextConfiguration@7d690345 testClass = ItemUomConversionApiTest, locations = '{}', classes = '{class ags.goldenlionerp.GoldenLionErpApplication}', contextInitializerClasses = '[]', activeProfiles = '{}', propertySourceLocations = '{classpath:test.properties}', propertySourceProperties = '{org.springframework.boot.test.context.SpringBootTestContextBootstrapper=true}', contextCustomizers = set[org.springframework.boot.test.autoconfigure.properties.PropertyMappingContextCustomizer@0, org.springframework.boot.test.autoconfigure.web.servlet.WebDriverContextCustomizerFactory$Customizer@636d731e, [ImportsContextCustomizer@52d952e6 key = [ags.goldenlionerp.apiTests.ApiTestBase$TestConfig]], org.springframework.boot.test.context.filter.ExcludeFilterContextCustomizer@6afa5291, org.springframework.boot.test.json.DuplicateJsonObjectContextCustomizerFactory$DuplicateJsonObjectContextCustomizer@20cebcb4, org.springframework.boot.test.mock.mockito.MockitoContextCustomizer@0, org.springframework.boot.test.web.client.TestRestTemplateContextCustomizer@49a32273], resourceBasePath = 'src/main/webapp', contextLoader = 'org.springframework.boot.test.context.SpringBootContextLoader', parent = [null]], attributes = map['org.springframework.test.context.web.ServletTestExecutionListener.activateListener' -> true, 'org.springframework.test.context.web.ServletTestExecutionListener.populatedRequestContextHolder' -> true, 'org.springframework.test.context.web.ServletTestExecutionListener.resetRequestContextHolder' -> true]]; transaction manager [org.springframework.orm.jpa.JpaTransactionManager@76f112e2]; rollback [true]
2018-12-14 17:35:29.157  INFO 9212 --- [    Test worker] o.s.b.t.m.w.SpringBootMockServletContext : Initializing Spring FrameworkServlet ''
2018-12-14 17:35:29.157  INFO 9212 --- [    Test worker] o.s.t.web.servlet.TestDispatcherServlet  : FrameworkServlet '': initialization started
2018-12-14 17:35:29.157  INFO 9212 --- [    Test worker] o.s.t.web.servlet.TestDispatcherServlet  : FrameworkServlet '': initialization completed in 0 ms
Hibernate: select itemuomcon0_.uminum as uminum1_29_0_, itemuomcon0_.umuom as umuom2_29_0_, itemuomcon0_.umuomr as umuomr3_29_0_, itemuomcon0_.umcid as umcid4_29_0_, itemuomcon0_.umdtin as umdtin5_29_0_, itemuomcon0_.umtmin as umtmin6_29_0_, itemuomcon0_.umuid as umuid7_29_0_, itemuomcon0_.umdtlu as umdtlu8_29_0_, itemuomcon0_.umtmlu as umtmlu9_29_0_, itemuomcon0_.umuidm as umuidm10_29_0_, itemuomcon0_.umdtls as umdtls11_29_0_, itemuomcon0_.umcnv as umcnv12_29_0_, itemuomcon0_.umcnv1 as umcnv13_29_0_, itemuomcon0_.umuomst as umuomst14_29_0_ from t41002 itemuomcon0_ where itemuomcon0_.uminum=? and itemuomcon0_.umuom=? and itemuomcon0_.umuomr=?
Hibernate: select itemmaster0_.iminum as iminum1_31_0_, itemmaster0_.imcid as imcid2_31_0_, itemmaster0_.imdtin as imdtin3_31_0_, itemmaster0_.imtmin as imtmin4_31_0_, itemmaster0_.imuid as imuid5_31_0_, itemmaster0_.imdtlu as imdtlu6_31_0_, itemmaster0_.imtmlu as imtmlu7_31_0_, itemmaster0_.imuidm as imuidm8_31_0_, itemmaster0_.iminumb as iminumb9_31_0_, itemmaster0_.imctm as imctm10_31_0_, itemmaster0_.imitc02 as imitc11_31_0_, itemmaster0_.imitc01 as imitc12_31_0_, itemmaster0_.imitc10 as imitc13_31_0_, itemmaster0_.imitc04 as imitc14_31_0_, itemmaster0_.imitc06 as imitc15_31_0_, itemmaster0_.imitc07 as imitc16_31_0_, itemmaster0_.imitc08 as imitc17_31_0_, itemmaster0_.imitc09 as imitc18_31_0_, itemmaster0_.imitc05 as imitc19_31_0_, itemmaster0_.imslrc0 as imslrc20_31_0_, itemmaster0_.imslrc1 as imslrc21_31_0_, itemmaster0_.imslrc2 as imslrc22_31_0_, itemmaster0_.imslrc3 as imslrc23_31_0_, itemmaster0_.imslrc4 as imslrc24_31_0_, itemmaster0_.imslrc5 as imslrc25_31_0_, itemmaster0_.imslrc6 as imslrc26_31_0_, itemmaster0_.imslrc7 as imslrc27_31_0_, itemmaster0_.imslrc8 as imslrc28_31_0_, itemmaster0_.imslrc9 as imslrc29_31_0_, itemmaster0_.imitc03 as imitc30_31_0_, itemmaster0_.imdesb1 as imdesb31_31_0_, itemmaster0_.imdesd1 as imdesd32_31_0_, itemmaster0_.imglcls as imglcls33_31_0_, itemmaster0_.imicl as imicl34_31_0_, itemmaster0_.imilc as imilc35_31_0_, itemmaster0_.iminums as iminums36_31_0_, itemmaster0_.imipg as imipg37_31_0_, itemmaster0_.imlsc as imlsc38_31_0_, itemmaster0_.imdaqc as imdaqc39_31_0_, itemmaster0_.imgscrt as imgscrt40_31_0_, itemmaster0_.imsiops as imsiops41_31_0_, itemmaster0_.imbpid as imbpid42_31_0_, itemmaster0_.imcsid as imcsid43_31_0_, itemmaster0_.imudf as imudf44_31_0_, itemmaster0_.impmmf as impmmf45_31_0_, itemmaster0_.imrbii as imrbii46_31_0_, itemmaster0_.imrbim as imrbim47_31_0_, itemmaster0_.imrbis as imrbis48_31_0_, itemmaster0_.imvnid as imvnid49_31_0_, itemmaster0_.imtaxpc as imtaxpc50_31_0_, itemmaster0_.imtaxsc as imtaxsc51_31_0_, itemmaster0_.iminump as iminump52_31_0_, itemmaster0_.implg as implg53_31_0_, itemmaster0_.imppl as imppl54_31_0_, itemmaster0_.imspl as imspl55_31_0_, itemmaster0_.imsnr as imsnr56_31_0_, itemmaster0_.imskty as imskty57_31_0_, itemmaster0_.imlnty as imlnty58_31_0_, itemmaster0_.imuom9 as imuom59_31_0_, itemmaster0_.imdppo as imdppo60_31_0_, itemmaster0_.imdlum as imdlum61_31_0_, itemmaster0_.imdlump as imdlump62_31_0_, itemmaster0_.imdlumt as imdlumt63_31_0_, itemmaster0_.imuom5 as imuom64_31_0_, itemmaster0_.imuom1 as imuom65_31_0_, itemmaster0_.imuom8 as imuom66_31_0_, itemmaster0_.imuom3 as imuom67_31_0_, itemmaster0_.imuom4 as imuom68_31_0_, itemmaster0_.imuom2 as imuom69_31_0_, itemmaster0_.imuom6 as imuom70_31_0_, itemmaster0_.imuoms as imuoms71_31_0_, itemmaster0_.imuomt as imuomt72_31_0_, itemmaster0_.imuomv as imuomv73_31_0_, itemmaster0_.imwcf as imwcf74_31_0_, itemmaster0_.imuomw as imuomw75_31_0_, itemmaster0_.imvict as imvict76_31_0_ from t4101 itemmaster0_ where itemmaster0_.iminum=?
Hibernate: select itemuomcon0_.uminum as uminum1_29_0_, itemuomcon0_.umuom as umuom2_29_0_, itemuomcon0_.umuomr as umuomr3_29_0_, itemuomcon0_.umcid as umcid4_29_0_, itemuomcon0_.umdtin as umdtin5_29_0_, itemuomcon0_.umtmin as umtmin6_29_0_, itemuomcon0_.umuid as umuid7_29_0_, itemuomcon0_.umdtlu as umdtlu8_29_0_, itemuomcon0_.umtmlu as umtmlu9_29_0_, itemuomcon0_.umuidm as umuidm10_29_0_, itemuomcon0_.umdtls as umdtls11_29_0_, itemuomcon0_.umcnv as umcnv12_29_0_, itemuomcon0_.umcnv1 as umcnv13_29_0_, itemuomcon0_.umuomst as umuomst14_29_0_ from t41002 itemuomcon0_ where itemuomcon0_.uminum=? and itemuomcon0_.umuom=? and itemuomcon0_.umuomr=?
Hibernate: insert into t41002 (umcid, umdtin, umtmin, umuid, umdtlu, umtmlu, umuidm, umdtls, umcnv, umcnv1, umuomst, uminum, umuom, umuomr) values (?, ?, ?, ?, ?, ?, ?, ?, ?, ?, ?, ?, ?, ?)
Hibernate: select itemuomcon0_.uminum as uminum1_29_0_, itemuomcon0_.umuom as umuom2_29_0_, itemuomcon0_.umuomr as umuomr3_29_0_, itemuomcon0_.umcid as umcid4_29_0_, itemuomcon0_.umdtin as umdtin5_29_0_, itemuomcon0_.umtmin as umtmin6_29_0_, itemuomcon0_.umuid as umuid7_29_0_, itemuomcon0_.umdtlu as umdtlu8_29_0_, itemuomcon0_.umtmlu as umtmlu9_29_0_, itemuomcon0_.umuidm as umuidm10_29_0_, itemuomcon0_.umdtls as umdtls11_29_0_, itemuomcon0_.umcnv as umcnv12_29_0_, itemuomcon0_.umcnv1 as umcnv13_29_0_, itemuomcon0_.umuomst as umuomst14_29_0_ from t41002 itemuomcon0_ where itemuomcon0_.uminum=? and itemuomcon0_.umuom=? and itemuomcon0_.umuomr=?

MockHttpServletRequest:
      HTTP Method = GET
      Request URI = /api/itemuomconvs/ACC.BROTHER-TT4000_BL_UNT
       Parameters = {}
          Headers = {Accept=[application/json]}
             Body = <no character encoding set>
    Session Attrs = {org.springframework.security.web.csrf.HttpSessionCsrfTokenRepository.CSRF_TOKEN=org.springframework.security.web.csrf.DefaultCsrfToken@361352c5, SPRING_SECURITY_CONTEXT=org.springframework.security.core.context.SecurityContextImpl@475fcd89: Authentication: org.springframework.security.authentication.UsernamePasswordAuthenticationToken@475fcd89: Principal: org.springframework.security.core.userdetails.User@f02988d6: Username: username; Password: [PROTECTED]; Enabled: true; AccountNonExpired: true; credentialsNonExpired: true; AccountNonLocked: true; Not granted any authorities; Credentials: [PROTECTED]; Authenticated: true; Details: null; Not granted any authorities}

Handler:
             Type = org.springframework.data.rest.webmvc.RepositoryEntityController
           Method = public org.springframework.http.ResponseEntity<org.springframework.hateoas.Resource<?>> org.springframework.data.rest.webmvc.RepositoryEntityController.getItemResource(org.springframework.data.rest.webmvc.RootResourceInformation,java.io.Serializable,org.springframework.data.rest.webmvc.PersistentEntityResourceAssembler,org.springframework.http.HttpHeaders) throws org.springframework.web.HttpRequestMethodNotSupportedException

Async:
    Async started = false
     Async result = null

Resolved Exception:
             Type = null

ModelAndView:
        View name = null
             View = null
            Model = null

FlashMap:
       Attributes = null

MockHttpServletResponse:
           Status = 200
    Error message = null
          Headers = {Content-Disposition=[inline;filename=f.txt], Content-Type=[application/json;charset=UTF-8], X-Content-Type-Options=[nosniff], X-XSS-Protection=[1; mode=block], Cache-Control=[no-cache, no-store, max-age=0, must-revalidate], Pragma=[no-cache], Expires=[0], X-Frame-Options=[DENY]}
     Content type = application/json;charset=UTF-8
             Body = {
  "itemCode" : "ACC.BROTHER-TT4000",
  "uomFrom" : "BL",
  "uomTo" : "UNT",
  "conversionValue" : 500.000000000,
  "uomStructure" : "2",
  "inputUserId" : "username",
  "lastUpdateUserId" : "username",
  "computerId" : "username",
  "lastSynchronizedDate" : null,
  "conversionValueToPrimary" : 500.000000000,
  "lastUpdateDateTime" : "2018-12-14T17:35:29",
  "inputDateTime" : "2018-12-14T17:35:29",
  "_links" : {
    "self" : {
      "href" : "http://localhost/api/itemuomconvs/ACC.BROTHER-TT4000_BL_UNT"
    },
    "itemUomConversion" : {
      "href" : "http://localhost/api/itemuomconvs/ACC.BROTHER-TT4000_BL_UNT"
    }
  }
}
    Forwarded URL = null
   Redirected URL = null
          Cookies = []
2018-12-14 17:35:29.220  INFO 9212 --- [    Test worker] o.s.t.c.transaction.TransactionContext   : Rolled back transaction for test: [DefaultTestContext@38e3f4a3 testClass = ItemUomConversionApiTest, testInstance = ags.goldenlionerp.apiTests.item.ItemUomConversionApiTest@1f12c4cb, testMethod = createTestWithPost@ApiTestBase, testException = [null], mergedContextConfiguration = [WebMergedContextConfiguration@7d690345 testClass = ItemUomConversionApiTest, locations = '{}', classes = '{class ags.goldenlionerp.GoldenLionErpApplication}', contextInitializerClasses = '[]', activeProfiles = '{}', propertySourceLocations = '{classpath:test.properties}', propertySourceProperties = '{org.springframework.boot.test.context.SpringBootTestContextBootstrapper=true}', contextCustomizers = set[org.springframework.boot.test.autoconfigure.properties.PropertyMappingContextCustomizer@0, org.springframework.boot.test.autoconfigure.web.servlet.WebDriverContextCustomizerFactory$Customizer@636d731e, [ImportsContextCustomizer@52d952e6 key = [ags.goldenlionerp.apiTests.ApiTestBase$TestConfig]], org.springframework.boot.test.context.filter.ExcludeFilterContextCustomizer@6afa5291, org.springframework.boot.test.json.DuplicateJsonObjectContextCustomizerFactory$DuplicateJsonObjectContextCustomizer@20cebcb4, org.springframework.boot.test.mock.mockito.MockitoContextCustomizer@0, org.springframework.boot.test.web.client.TestRestTemplateContextCustomizer@49a32273], resourceBasePath = 'src/main/webapp', contextLoader = 'org.springframework.boot.test.context.SpringBootContextLoader', parent = [null]], attributes = map['org.springframework.test.context.web.ServletTestExecutionListener.activateListener' -> true, 'org.springframework.test.context.web.ServletTestExecutionListener.populatedRequestContextHolder' -> true, 'org.springframework.test.context.web.ServletTestExecutionListener.resetRequestContextHolder' -> true]]
]]></system-out>
  <system-err><![CDATA[]]></system-err>
</testsuite>
