<?xml version="1.0" encoding="UTF-8"?>
<testsuite name="ags.goldenlionerp.apiTests.item.LocationApiTest" tests="8" skipped="0" failures="0" errors="0" timestamp="2018-12-27T04:25:47" hostname="LAPTOP-FHFRCCL6" time="0.487">
  <properties/>
  <testcase name="updatePutCollectionOnAssociation" classname="ags.goldenlionerp.apiTests.item.LocationApiTest" time="0.152"/>
  <testcase name="updateTestWithPut" classname="ags.goldenlionerp.apiTests.item.LocationApiTest" time="0.04"/>
  <testcase name="getTestSingle" classname="ags.goldenlionerp.apiTests.item.LocationApiTest" time="0.03"/>
  <testcase name="updateTestWithPatch" classname="ags.goldenlionerp.apiTests.item.LocationApiTest" time="0.081"/>
  <testcase name="getTestCollection" classname="ags.goldenlionerp.apiTests.item.LocationApiTest" time="0.035"/>
  <testcase name="createTestWithPut" classname="ags.goldenlionerp.apiTests.item.LocationApiTest" time="0.032"/>
  <testcase name="deleteTest" classname="ags.goldenlionerp.apiTests.item.LocationApiTest" time="0.046"/>
  <testcase name="createTestWithPost" classname="ags.goldenlionerp.apiTests.item.LocationApiTest" time="0.063"/>
  <system-out><![CDATA[2018-12-27 11:25:47.561  INFO 2120 --- [    Test worker] .b.t.c.SpringBootTestContextBootstrapper : Neither @ContextConfiguration nor @ContextHierarchy found for test class [ags.goldenlionerp.apiTests.item.LocationApiTest], using SpringBootContextLoader
2018-12-27 11:25:47.563  INFO 2120 --- [    Test worker] o.s.t.c.support.AbstractContextLoader    : Could not detect default resource locations for test class [ags.goldenlionerp.apiTests.item.LocationApiTest]: no resource found for suffixes {-context.xml, Context.groovy}.
2018-12-27 11:25:47.563  INFO 2120 --- [    Test worker] t.c.s.AnnotationConfigContextLoaderUtils : Could not detect default configuration classes for test class [ags.goldenlionerp.apiTests.item.LocationApiTest]: LocationApiTest does not declare any static, non-private, non-final, nested classes annotated with @Configuration.
2018-12-27 11:25:47.569  INFO 2120 --- [    Test worker] .b.t.c.SpringBootTestContextBootstrapper : Found @SpringBootConfiguration ags.goldenlionerp.GoldenLionErpApplication for test class ags.goldenlionerp.apiTests.item.LocationApiTest
2018-12-27 11:25:47.572  INFO 2120 --- [    Test worker] .b.t.c.SpringBootTestContextBootstrapper : Loaded default TestExecutionListener class names from location [META-INF/spring.factories]: [org.springframework.security.test.context.support.WithSecurityContextTestExecutionListener, org.springframework.security.test.context.support.ReactorContextTestExecutionListener, org.springframework.boot.test.autoconfigure.restdocs.RestDocsTestExecutionListener, org.springframework.boot.test.autoconfigure.web.client.MockRestServiceServerResetTestExecutionListener, org.springframework.boot.test.autoconfigure.web.servlet.MockMvcPrintOnlyOnFailureTestExecutionListener, org.springframework.boot.test.autoconfigure.web.servlet.WebDriverTestExecutionListener, org.springframework.boot.test.mock.mockito.MockitoTestExecutionListener, org.springframework.boot.test.mock.mockito.ResetMocksTestExecutionListener, org.springframework.test.context.web.ServletTestExecutionListener, org.springframework.test.context.support.DirtiesContextBeforeModesTestExecutionListener, org.springframework.test.context.support.DependencyInjectionTestExecutionListener, org.springframework.test.context.support.DirtiesContextTestExecutionListener, org.springframework.test.context.transaction.TransactionalTestExecutionListener, org.springframework.test.context.jdbc.SqlScriptsTestExecutionListener]
2018-12-27 11:25:47.578  INFO 2120 --- [    Test worker] .b.t.c.SpringBootTestContextBootstrapper : Using TestExecutionListeners: [org.springframework.test.context.web.ServletTestExecutionListener@1373cd02, org.springframework.test.context.support.DirtiesContextBeforeModesTestExecutionListener@559ac339, org.springframework.boot.test.mock.mockito.MockitoTestExecutionListener@591e682c, org.springframework.boot.test.autoconfigure.SpringBootDependencyInjectionTestExecutionListener@3e703355, org.springframework.test.context.support.DirtiesContextTestExecutionListener@3366f244, org.springframework.test.context.transaction.TransactionalTestExecutionListener@30667c1a, org.springframework.test.context.jdbc.SqlScriptsTestExecutionListener@1a933d32, org.springframework.security.test.context.support.WithSecurityContextTestExecutionListener@25c64fae, org.springframework.security.test.context.support.ReactorContextTestExecutionListener@21367d80, org.springframework.boot.test.autoconfigure.restdocs.RestDocsTestExecutionListener@22334310, org.springframework.boot.test.autoconfigure.web.client.MockRestServiceServerResetTestExecutionListener@21ca90c9, org.springframework.boot.test.autoconfigure.web.servlet.MockMvcPrintOnlyOnFailureTestExecutionListener@36e60061, org.springframework.boot.test.autoconfigure.web.servlet.WebDriverTestExecutionListener@242ea140, org.springframework.boot.test.mock.mockito.ResetMocksTestExecutionListener@1cbd4d16]
2018-12-27 11:25:47.609  INFO 2120 --- [    Test worker] o.s.t.c.transaction.TransactionContext   : Began transaction (1) for test context [DefaultTestContext@51c9cdff testClass = LocationApiTest, testInstance = ags.goldenlionerp.apiTests.item.LocationApiTest@7ae6c180, testMethod = updatePutCollectionOnAssociation@LocationApiTest, testException = [null], mergedContextConfiguration = [WebMergedContextConfiguration@3e7ce544 testClass = LocationApiTest, locations = '{}', classes = '{class ags.goldenlionerp.GoldenLionErpApplication}', contextInitializerClasses = '[]', activeProfiles = '{}', propertySourceLocations = '{classpath:test.properties}', propertySourceProperties = '{org.springframework.boot.test.context.SpringBootTestContextBootstrapper=true}', contextCustomizers = set[org.springframework.boot.test.autoconfigure.properties.PropertyMappingContextCustomizer@0, org.springframework.boot.test.autoconfigure.web.servlet.WebDriverContextCustomizerFactory$Customizer@636d731e, [ImportsContextCustomizer@4dd0ab3c key = [ags.goldenlionerp.apiTests.ApiTestBase$TestConfig]], org.springframework.boot.test.context.filter.ExcludeFilterContextCustomizer@6afa5291, org.springframework.boot.test.json.DuplicateJsonObjectContextCustomizerFactory$DuplicateJsonObjectContextCustomizer@20cebcb4, org.springframework.boot.test.mock.mockito.MockitoContextCustomizer@0, org.springframework.boot.test.web.client.TestRestTemplateContextCustomizer@49a32273], resourceBasePath = 'src/main/webapp', contextLoader = 'org.springframework.boot.test.context.SpringBootContextLoader', parent = [null]], attributes = map['org.springframework.test.context.web.ServletTestExecutionListener.activateListener' -> true, 'org.springframework.test.context.web.ServletTestExecutionListener.populatedRequestContextHolder' -> true, 'org.springframework.test.context.web.ServletTestExecutionListener.resetRequestContextHolder' -> true]]; transaction manager [org.springframework.orm.jpa.JpaTransactionManager@75de8c12]; rollback [true]
2018-12-27 11:25:47.610  INFO 2120 --- [    Test worker] o.s.b.t.m.w.SpringBootMockServletContext : Initializing Spring FrameworkServlet ''
2018-12-27 11:25:47.611  INFO 2120 --- [    Test worker] o.s.t.web.servlet.TestDispatcherServlet  : FrameworkServlet '': initialization started
2018-12-27 11:25:47.620  INFO 2120 --- [    Test worker] o.s.t.web.servlet.TestDispatcherServlet  : FrameworkServlet '': initialization completed in 9 ms
Hibernate: select locationma0_.lmbuid as lmbuid1_28_0_, locationma0_.lmlocid as lmlocid2_28_0_, locationma0_.lmcid as lmcid3_28_0_, locationma0_.lmdtin as lmdtin4_28_0_, locationma0_.lmtmin as lmtmin5_28_0_, locationma0_.lmuid as lmuid6_28_0_, locationma0_.lmdtlu as lmdtlu7_28_0_, locationma0_.lmtmlu as lmtmlu8_28_0_, locationma0_.lmuidm as lmuidm9_28_0_, locationma0_.lmdtls as lmdtls10_28_0_, locationma0_.lmaisle as lmaisle11_28_0_, locationma0_.lmcol as lmcol12_28_0_, locationma0_.lmdesa1 as lmdesa13_28_0_, locationma0_.lmrow as lmrow14_28_0_, locationma0_.lmwhc as lmwhc15_28_0_ from t4100 locationma0_ where locationma0_.lmbuid=? and locationma0_.lmlocid=?
Hibernate: select locationma0_.lmbuid as lmbuid1_28_, locationma0_.lmlocid as lmlocid2_28_, locationma0_.lmcid as lmcid3_28_, locationma0_.lmdtin as lmdtin4_28_, locationma0_.lmtmin as lmtmin5_28_, locationma0_.lmuid as lmuid6_28_, locationma0_.lmdtlu as lmdtlu7_28_, locationma0_.lmtmlu as lmtmlu8_28_, locationma0_.lmuidm as lmuidm9_28_, locationma0_.lmdtls as lmdtls10_28_, locationma0_.lmaisle as lmaisle11_28_, locationma0_.lmcol as lmcol12_28_, locationma0_.lmdesa1 as lmdesa13_28_, locationma0_.lmrow as lmrow14_28_, locationma0_.lmwhc as lmwhc15_28_ from t4100 locationma0_ where locationma0_.lmbuid=?
Hibernate: insert into t4100 (lmcid, lmdtin, lmtmin, lmuid, lmdtlu, lmtmlu, lmuidm, lmdtls, lmaisle, lmcol, lmdesa1, lmrow, lmwhc, lmbuid, lmlocid) values (?, ?, ?, ?, ?, ?, ?, ?, ?, ?, ?, ?, ?, ?, ?)
Hibernate: insert into t4100 (lmcid, lmdtin, lmtmin, lmuid, lmdtlu, lmtmlu, lmuidm, lmdtls, lmaisle, lmcol, lmdesa1, lmrow, lmwhc, lmbuid, lmlocid) values (?, ?, ?, ?, ?, ?, ?, ?, ?, ?, ?, ?, ?, ?, ?)
Hibernate: update t4100 set lmcid=?, lmdtlu=?, lmtmlu=?, lmuidm=?, lmdtls=?, lmdesa1=? where lmbuid=? and lmlocid=?
Hibernate: select locationma0_.lmbuid as lmbuid1_28_, locationma0_.lmlocid as lmlocid2_28_, locationma0_.lmcid as lmcid3_28_, locationma0_.lmdtin as lmdtin4_28_, locationma0_.lmtmin as lmtmin5_28_, locationma0_.lmuid as lmuid6_28_, locationma0_.lmdtlu as lmdtlu7_28_, locationma0_.lmtmlu as lmtmlu8_28_, locationma0_.lmuidm as lmuidm9_28_, locationma0_.lmdtls as lmdtls10_28_, locationma0_.lmaisle as lmaisle11_28_, locationma0_.lmcol as lmcol12_28_, locationma0_.lmdesa1 as lmdesa13_28_, locationma0_.lmrow as lmrow14_28_, locationma0_.lmwhc as lmwhc15_28_ from t4100 locationma0_ where locationma0_.lmbuid=?
Hibernate: select businessun0_.bnbuid as bnbuid1_10_0_, businessun0_.bncid as bncid2_10_0_, businessun0_.bndtin as bndtin3_10_0_, businessun0_.bntmin as bntmin4_10_0_, businessun0_.bnuid as bnuid5_10_0_, businessun0_.bndtlu as bndtlu6_10_0_, businessun0_.bntmlu as bntmlu7_10_0_, businessun0_.bnuidm as bnuidm8_10_0_, businessun0_.bnbuty as bnbuty9_10_0_, businessun0_.bncoid as bncoid10_10_0_, businessun0_.bndesb1 as bndesb11_10_0_, businessun0_.bnanum as bnanum12_10_0_, businessun0_.bnfmod as bnfmod13_10_0_, businessun0_.bnbuid1 as bnbuid14_10_0_, company1_.cncoid as cncoid1_9_1_, company1_.cncid as cncid2_9_1_, company1_.cndtin as cndtin3_9_1_, company1_.cntmin as cntmin4_9_1_, company1_.cnuid as cnuid5_9_1_, company1_.cndtlu as cndtlu6_9_1_, company1_.cntmlu as cntmlu7_9_1_, company1_.cnuidm as cnuidm8_9_1_, company1_.cnanum as cnanum9_9_1_, company1_.cncrcb as cncrcb10_9_1_, company1_.cncap as cncap11_9_1_, company1_.cncfy as cncfy12_9_1_, company1_.cncip as cncip13_9_1_, company1_.cncpp as cncpp14_9_1_, company1_.cncrp as cncrp15_9_1_, company1_.cndesb1 as cndesb16_9_1_, company1_.cnfdp as cnfdp17_9_1_, branchplan2_.bcbuid as bcbuid1_11_2_, branchplan2_.bccid as bccid2_11_2_, branchplan2_.bcdtin as bcdtin3_11_2_, branchplan2_.bctmin as bctmin4_11_2_, branchplan2_.bcuid as bcuid5_11_2_, branchplan2_.bcdtlu as bcdtlu6_11_2_, branchplan2_.bctmlu as bctmlu7_11_2_, branchplan2_.bcuidm as bcuidm8_11_2_, branchplan2_.bcanum as bcanum9_11_2_, branchplan2_.bcctm as bcctm10_11_2_, branchplan2_.bcitgl as bcitgl11_11_2_, branchplan2_.bcilc as bcilc12_11_2_, branchplan2_.bcxrt as bcxrt13_11_2_, branchplan2_.bcxrt2 as bcxrt14_11_2_, branchplan2_.bclctl as bclctl15_11_2_, branchplan2_.bcpucm as bcpucm16_11_2_, branchplan2_.bcsicm as bcsicm17_11_2_, branchplan2_.bcwctl as bcwctl18_11_2_ from t0021 businessun0_ inner join t0020 company1_ on businessun0_.bncoid=company1_.cncoid left outer join t0022 branchplan2_ on businessun0_.bnbuid=branchplan2_.bcbuid where businessun0_.bnbuid=?
Hibernate: select locations0_.lmbuid as lmbuid1_28_0_, locations0_.lmlocid as lmlocid2_28_0_, locations0_.lmbuid as lmbuid1_28_1_, locations0_.lmlocid as lmlocid2_28_1_, locations0_.lmcid as lmcid3_28_1_, locations0_.lmdtin as lmdtin4_28_1_, locations0_.lmtmin as lmtmin5_28_1_, locations0_.lmuid as lmuid6_28_1_, locations0_.lmdtlu as lmdtlu7_28_1_, locations0_.lmtmlu as lmtmlu8_28_1_, locations0_.lmuidm as lmuidm9_28_1_, locations0_.lmdtls as lmdtls10_28_1_, locations0_.lmaisle as lmaisle11_28_1_, locations0_.lmcol as lmcol12_28_1_, locations0_.lmdesa1 as lmdesa13_28_1_, locations0_.lmrow as lmrow14_28_1_, locations0_.lmwhc as lmwhc15_28_1_ from t4100 locations0_ where locations0_.lmbuid=?
2018-12-27 11:25:47.760  INFO 2120 --- [    Test worker] o.s.t.c.transaction.TransactionContext   : Rolled back transaction for test: [DefaultTestContext@51c9cdff testClass = LocationApiTest, testInstance = ags.goldenlionerp.apiTests.item.LocationApiTest@7ae6c180, testMethod = updatePutCollectionOnAssociation@LocationApiTest, testException = [null], mergedContextConfiguration = [WebMergedContextConfiguration@3e7ce544 testClass = LocationApiTest, locations = '{}', classes = '{class ags.goldenlionerp.GoldenLionErpApplication}', contextInitializerClasses = '[]', activeProfiles = '{}', propertySourceLocations = '{classpath:test.properties}', propertySourceProperties = '{org.springframework.boot.test.context.SpringBootTestContextBootstrapper=true}', contextCustomizers = set[org.springframework.boot.test.autoconfigure.properties.PropertyMappingContextCustomizer@0, org.springframework.boot.test.autoconfigure.web.servlet.WebDriverContextCustomizerFactory$Customizer@636d731e, [ImportsContextCustomizer@4dd0ab3c key = [ags.goldenlionerp.apiTests.ApiTestBase$TestConfig]], org.springframework.boot.test.context.filter.ExcludeFilterContextCustomizer@6afa5291, org.springframework.boot.test.json.DuplicateJsonObjectContextCustomizerFactory$DuplicateJsonObjectContextCustomizer@20cebcb4, org.springframework.boot.test.mock.mockito.MockitoContextCustomizer@0, org.springframework.boot.test.web.client.TestRestTemplateContextCustomizer@49a32273], resourceBasePath = 'src/main/webapp', contextLoader = 'org.springframework.boot.test.context.SpringBootContextLoader', parent = [null]], attributes = map['org.springframework.test.context.web.ServletTestExecutionListener.activateListener' -> true, 'org.springframework.test.context.web.ServletTestExecutionListener.populatedRequestContextHolder' -> true, 'org.springframework.test.context.web.ServletTestExecutionListener.resetRequestContextHolder' -> true]]
2018-12-27 11:25:47.767  INFO 2120 --- [    Test worker] o.s.t.c.transaction.TransactionContext   : Began transaction (1) for test context [DefaultTestContext@51c9cdff testClass = LocationApiTest, testInstance = ags.goldenlionerp.apiTests.item.LocationApiTest@49b7b62d, testMethod = updateTestWithPut@ApiTestBase, testException = [null], mergedContextConfiguration = [WebMergedContextConfiguration@3e7ce544 testClass = LocationApiTest, locations = '{}', classes = '{class ags.goldenlionerp.GoldenLionErpApplication}', contextInitializerClasses = '[]', activeProfiles = '{}', propertySourceLocations = '{classpath:test.properties}', propertySourceProperties = '{org.springframework.boot.test.context.SpringBootTestContextBootstrapper=true}', contextCustomizers = set[org.springframework.boot.test.autoconfigure.properties.PropertyMappingContextCustomizer@0, org.springframework.boot.test.autoconfigure.web.servlet.WebDriverContextCustomizerFactory$Customizer@636d731e, [ImportsContextCustomizer@4dd0ab3c key = [ags.goldenlionerp.apiTests.ApiTestBase$TestConfig]], org.springframework.boot.test.context.filter.ExcludeFilterContextCustomizer@6afa5291, org.springframework.boot.test.json.DuplicateJsonObjectContextCustomizerFactory$DuplicateJsonObjectContextCustomizer@20cebcb4, org.springframework.boot.test.mock.mockito.MockitoContextCustomizer@0, org.springframework.boot.test.web.client.TestRestTemplateContextCustomizer@49a32273], resourceBasePath = 'src/main/webapp', contextLoader = 'org.springframework.boot.test.context.SpringBootContextLoader', parent = [null]], attributes = map['org.springframework.test.context.web.ServletTestExecutionListener.activateListener' -> true, 'org.springframework.test.context.web.ServletTestExecutionListener.populatedRequestContextHolder' -> true, 'org.springframework.test.context.web.ServletTestExecutionListener.resetRequestContextHolder' -> true]]; transaction manager [org.springframework.orm.jpa.JpaTransactionManager@75de8c12]; rollback [true]
2018-12-27 11:25:47.768  INFO 2120 --- [    Test worker] o.s.b.t.m.w.SpringBootMockServletContext : Initializing Spring FrameworkServlet ''
2018-12-27 11:25:47.768  INFO 2120 --- [    Test worker] o.s.t.web.servlet.TestDispatcherServlet  : FrameworkServlet '': initialization started
2018-12-27 11:25:47.777  INFO 2120 --- [    Test worker] o.s.t.web.servlet.TestDispatcherServlet  : FrameworkServlet '': initialization completed in 9 ms
Hibernate: select locationma0_.lmbuid as lmbuid1_28_0_, locationma0_.lmlocid as lmlocid2_28_0_, locationma0_.lmcid as lmcid3_28_0_, locationma0_.lmdtin as lmdtin4_28_0_, locationma0_.lmtmin as lmtmin5_28_0_, locationma0_.lmuid as lmuid6_28_0_, locationma0_.lmdtlu as lmdtlu7_28_0_, locationma0_.lmtmlu as lmtmlu8_28_0_, locationma0_.lmuidm as lmuidm9_28_0_, locationma0_.lmdtls as lmdtls10_28_0_, locationma0_.lmaisle as lmaisle11_28_0_, locationma0_.lmcol as lmcol12_28_0_, locationma0_.lmdesa1 as lmdesa13_28_0_, locationma0_.lmrow as lmrow14_28_0_, locationma0_.lmwhc as lmwhc15_28_0_ from t4100 locationma0_ where locationma0_.lmbuid=? and locationma0_.lmlocid=?
2018-12-27 11:25:47.799  INFO 2120 --- [    Test worker] o.s.t.c.transaction.TransactionContext   : Rolled back transaction for test: [DefaultTestContext@51c9cdff testClass = LocationApiTest, testInstance = ags.goldenlionerp.apiTests.item.LocationApiTest@49b7b62d, testMethod = updateTestWithPut@ApiTestBase, testException = [null], mergedContextConfiguration = [WebMergedContextConfiguration@3e7ce544 testClass = LocationApiTest, locations = '{}', classes = '{class ags.goldenlionerp.GoldenLionErpApplication}', contextInitializerClasses = '[]', activeProfiles = '{}', propertySourceLocations = '{classpath:test.properties}', propertySourceProperties = '{org.springframework.boot.test.context.SpringBootTestContextBootstrapper=true}', contextCustomizers = set[org.springframework.boot.test.autoconfigure.properties.PropertyMappingContextCustomizer@0, org.springframework.boot.test.autoconfigure.web.servlet.WebDriverContextCustomizerFactory$Customizer@636d731e, [ImportsContextCustomizer@4dd0ab3c key = [ags.goldenlionerp.apiTests.ApiTestBase$TestConfig]], org.springframework.boot.test.context.filter.ExcludeFilterContextCustomizer@6afa5291, org.springframework.boot.test.json.DuplicateJsonObjectContextCustomizerFactory$DuplicateJsonObjectContextCustomizer@20cebcb4, org.springframework.boot.test.mock.mockito.MockitoContextCustomizer@0, org.springframework.boot.test.web.client.TestRestTemplateContextCustomizer@49a32273], resourceBasePath = 'src/main/webapp', contextLoader = 'org.springframework.boot.test.context.SpringBootContextLoader', parent = [null]], attributes = map['org.springframework.test.context.web.ServletTestExecutionListener.activateListener' -> true, 'org.springframework.test.context.web.ServletTestExecutionListener.populatedRequestContextHolder' -> true, 'org.springframework.test.context.web.ServletTestExecutionListener.resetRequestContextHolder' -> true]]
2018-12-27 11:25:47.802  INFO 2120 --- [    Test worker] o.s.t.c.transaction.TransactionContext   : Began transaction (1) for test context [DefaultTestContext@51c9cdff testClass = LocationApiTest, testInstance = ags.goldenlionerp.apiTests.item.LocationApiTest@679c5832, testMethod = getTestSingle@ApiTestBase, testException = [null], mergedContextConfiguration = [WebMergedContextConfiguration@3e7ce544 testClass = LocationApiTest, locations = '{}', classes = '{class ags.goldenlionerp.GoldenLionErpApplication}', contextInitializerClasses = '[]', activeProfiles = '{}', propertySourceLocations = '{classpath:test.properties}', propertySourceProperties = '{org.springframework.boot.test.context.SpringBootTestContextBootstrapper=true}', contextCustomizers = set[org.springframework.boot.test.autoconfigure.properties.PropertyMappingContextCustomizer@0, org.springframework.boot.test.autoconfigure.web.servlet.WebDriverContextCustomizerFactory$Customizer@636d731e, [ImportsContextCustomizer@4dd0ab3c key = [ags.goldenlionerp.apiTests.ApiTestBase$TestConfig]], org.springframework.boot.test.context.filter.ExcludeFilterContextCustomizer@6afa5291, org.springframework.boot.test.json.DuplicateJsonObjectContextCustomizerFactory$DuplicateJsonObjectContextCustomizer@20cebcb4, org.springframework.boot.test.mock.mockito.MockitoContextCustomizer@0, org.springframework.boot.test.web.client.TestRestTemplateContextCustomizer@49a32273], resourceBasePath = 'src/main/webapp', contextLoader = 'org.springframework.boot.test.context.SpringBootContextLoader', parent = [null]], attributes = map['org.springframework.test.context.web.ServletTestExecutionListener.activateListener' -> true, 'org.springframework.test.context.web.ServletTestExecutionListener.populatedRequestContextHolder' -> true, 'org.springframework.test.context.web.ServletTestExecutionListener.resetRequestContextHolder' -> true]]; transaction manager [org.springframework.orm.jpa.JpaTransactionManager@75de8c12]; rollback [true]
2018-12-27 11:25:47.804  INFO 2120 --- [    Test worker] o.s.b.t.m.w.SpringBootMockServletContext : Initializing Spring FrameworkServlet ''
2018-12-27 11:25:47.804  INFO 2120 --- [    Test worker] o.s.t.web.servlet.TestDispatcherServlet  : FrameworkServlet '': initialization started
2018-12-27 11:25:47.813  INFO 2120 --- [    Test worker] o.s.t.web.servlet.TestDispatcherServlet  : FrameworkServlet '': initialization completed in 9 ms
Hibernate: select locationma0_.lmbuid as lmbuid1_28_0_, locationma0_.lmlocid as lmlocid2_28_0_, locationma0_.lmcid as lmcid3_28_0_, locationma0_.lmdtin as lmdtin4_28_0_, locationma0_.lmtmin as lmtmin5_28_0_, locationma0_.lmuid as lmuid6_28_0_, locationma0_.lmdtlu as lmdtlu7_28_0_, locationma0_.lmtmlu as lmtmlu8_28_0_, locationma0_.lmuidm as lmuidm9_28_0_, locationma0_.lmdtls as lmdtls10_28_0_, locationma0_.lmaisle as lmaisle11_28_0_, locationma0_.lmcol as lmcol12_28_0_, locationma0_.lmdesa1 as lmdesa13_28_0_, locationma0_.lmrow as lmrow14_28_0_, locationma0_.lmwhc as lmwhc15_28_0_ from t4100 locationma0_ where locationma0_.lmbuid=? and locationma0_.lmlocid=?
2018-12-27 11:25:47.832  INFO 2120 --- [    Test worker] o.s.t.c.transaction.TransactionContext   : Rolled back transaction for test: [DefaultTestContext@51c9cdff testClass = LocationApiTest, testInstance = ags.goldenlionerp.apiTests.item.LocationApiTest@679c5832, testMethod = getTestSingle@ApiTestBase, testException = [null], mergedContextConfiguration = [WebMergedContextConfiguration@3e7ce544 testClass = LocationApiTest, locations = '{}', classes = '{class ags.goldenlionerp.GoldenLionErpApplication}', contextInitializerClasses = '[]', activeProfiles = '{}', propertySourceLocations = '{classpath:test.properties}', propertySourceProperties = '{org.springframework.boot.test.context.SpringBootTestContextBootstrapper=true}', contextCustomizers = set[org.springframework.boot.test.autoconfigure.properties.PropertyMappingContextCustomizer@0, org.springframework.boot.test.autoconfigure.web.servlet.WebDriverContextCustomizerFactory$Customizer@636d731e, [ImportsContextCustomizer@4dd0ab3c key = [ags.goldenlionerp.apiTests.ApiTestBase$TestConfig]], org.springframework.boot.test.context.filter.ExcludeFilterContextCustomizer@6afa5291, org.springframework.boot.test.json.DuplicateJsonObjectContextCustomizerFactory$DuplicateJsonObjectContextCustomizer@20cebcb4, org.springframework.boot.test.mock.mockito.MockitoContextCustomizer@0, org.springframework.boot.test.web.client.TestRestTemplateContextCustomizer@49a32273], resourceBasePath = 'src/main/webapp', contextLoader = 'org.springframework.boot.test.context.SpringBootContextLoader', parent = [null]], attributes = map['org.springframework.test.context.web.ServletTestExecutionListener.activateListener' -> true, 'org.springframework.test.context.web.ServletTestExecutionListener.populatedRequestContextHolder' -> true, 'org.springframework.test.context.web.ServletTestExecutionListener.resetRequestContextHolder' -> true]]
2018-12-27 11:25:47.836  INFO 2120 --- [    Test worker] o.s.t.c.transaction.TransactionContext   : Began transaction (1) for test context [DefaultTestContext@51c9cdff testClass = LocationApiTest, testInstance = ags.goldenlionerp.apiTests.item.LocationApiTest@ee328a7, testMethod = updateTestWithPatch@ApiTestBase, testException = [null], mergedContextConfiguration = [WebMergedContextConfiguration@3e7ce544 testClass = LocationApiTest, locations = '{}', classes = '{class ags.goldenlionerp.GoldenLionErpApplication}', contextInitializerClasses = '[]', activeProfiles = '{}', propertySourceLocations = '{classpath:test.properties}', propertySourceProperties = '{org.springframework.boot.test.context.SpringBootTestContextBootstrapper=true}', contextCustomizers = set[org.springframework.boot.test.autoconfigure.properties.PropertyMappingContextCustomizer@0, org.springframework.boot.test.autoconfigure.web.servlet.WebDriverContextCustomizerFactory$Customizer@636d731e, [ImportsContextCustomizer@4dd0ab3c key = [ags.goldenlionerp.apiTests.ApiTestBase$TestConfig]], org.springframework.boot.test.context.filter.ExcludeFilterContextCustomizer@6afa5291, org.springframework.boot.test.json.DuplicateJsonObjectContextCustomizerFactory$DuplicateJsonObjectContextCustomizer@20cebcb4, org.springframework.boot.test.mock.mockito.MockitoContextCustomizer@0, org.springframework.boot.test.web.client.TestRestTemplateContextCustomizer@49a32273], resourceBasePath = 'src/main/webapp', contextLoader = 'org.springframework.boot.test.context.SpringBootContextLoader', parent = [null]], attributes = map['org.springframework.test.context.web.ServletTestExecutionListener.activateListener' -> true, 'org.springframework.test.context.web.ServletTestExecutionListener.populatedRequestContextHolder' -> true, 'org.springframework.test.context.web.ServletTestExecutionListener.resetRequestContextHolder' -> true]]; transaction manager [org.springframework.orm.jpa.JpaTransactionManager@75de8c12]; rollback [true]
2018-12-27 11:25:47.837  INFO 2120 --- [    Test worker] o.s.b.t.m.w.SpringBootMockServletContext : Initializing Spring FrameworkServlet ''
2018-12-27 11:25:47.837  INFO 2120 --- [    Test worker] o.s.t.web.servlet.TestDispatcherServlet  : FrameworkServlet '': initialization started
2018-12-27 11:25:47.848  INFO 2120 --- [    Test worker] o.s.t.web.servlet.TestDispatcherServlet  : FrameworkServlet '': initialization completed in 11 ms
Hibernate: select locationma0_.lmbuid as lmbuid1_28_0_, locationma0_.lmlocid as lmlocid2_28_0_, locationma0_.lmcid as lmcid3_28_0_, locationma0_.lmdtin as lmdtin4_28_0_, locationma0_.lmtmin as lmtmin5_28_0_, locationma0_.lmuid as lmuid6_28_0_, locationma0_.lmdtlu as lmdtlu7_28_0_, locationma0_.lmtmlu as lmtmlu8_28_0_, locationma0_.lmuidm as lmuidm9_28_0_, locationma0_.lmdtls as lmdtls10_28_0_, locationma0_.lmaisle as lmaisle11_28_0_, locationma0_.lmcol as lmcol12_28_0_, locationma0_.lmdesa1 as lmdesa13_28_0_, locationma0_.lmrow as lmrow14_28_0_, locationma0_.lmwhc as lmwhc15_28_0_ from t4100 locationma0_ where locationma0_.lmbuid=? and locationma0_.lmlocid=?
Hibernate: update t4100 set lmcid=?, lmdtlu=?, lmtmlu=?, lmuidm=?, lmdtls=?, lmdesa1=? where lmbuid=? and lmlocid=?
Hibernate: select locationma0_.lmbuid as lmbuid1_28_0_, locationma0_.lmlocid as lmlocid2_28_0_, locationma0_.lmcid as lmcid3_28_0_, locationma0_.lmdtin as lmdtin4_28_0_, locationma0_.lmtmin as lmtmin5_28_0_, locationma0_.lmuid as lmuid6_28_0_, locationma0_.lmdtlu as lmdtlu7_28_0_, locationma0_.lmtmlu as lmtmlu8_28_0_, locationma0_.lmuidm as lmuidm9_28_0_, locationma0_.lmdtls as lmdtls10_28_0_, locationma0_.lmaisle as lmaisle11_28_0_, locationma0_.lmcol as lmcol12_28_0_, locationma0_.lmdesa1 as lmdesa13_28_0_, locationma0_.lmrow as lmrow14_28_0_, locationma0_.lmwhc as lmwhc15_28_0_ from t4100 locationma0_ where locationma0_.lmbuid=? and locationma0_.lmlocid=?
2018-12-27 11:25:47.914  INFO 2120 --- [    Test worker] o.s.t.c.transaction.TransactionContext   : Rolled back transaction for test: [DefaultTestContext@51c9cdff testClass = LocationApiTest, testInstance = ags.goldenlionerp.apiTests.item.LocationApiTest@ee328a7, testMethod = updateTestWithPatch@ApiTestBase, testException = [null], mergedContextConfiguration = [WebMergedContextConfiguration@3e7ce544 testClass = LocationApiTest, locations = '{}', classes = '{class ags.goldenlionerp.GoldenLionErpApplication}', contextInitializerClasses = '[]', activeProfiles = '{}', propertySourceLocations = '{classpath:test.properties}', propertySourceProperties = '{org.springframework.boot.test.context.SpringBootTestContextBootstrapper=true}', contextCustomizers = set[org.springframework.boot.test.autoconfigure.properties.PropertyMappingContextCustomizer@0, org.springframework.boot.test.autoconfigure.web.servlet.WebDriverContextCustomizerFactory$Customizer@636d731e, [ImportsContextCustomizer@4dd0ab3c key = [ags.goldenlionerp.apiTests.ApiTestBase$TestConfig]], org.springframework.boot.test.context.filter.ExcludeFilterContextCustomizer@6afa5291, org.springframework.boot.test.json.DuplicateJsonObjectContextCustomizerFactory$DuplicateJsonObjectContextCustomizer@20cebcb4, org.springframework.boot.test.mock.mockito.MockitoContextCustomizer@0, org.springframework.boot.test.web.client.TestRestTemplateContextCustomizer@49a32273], resourceBasePath = 'src/main/webapp', contextLoader = 'org.springframework.boot.test.context.SpringBootContextLoader', parent = [null]], attributes = map['org.springframework.test.context.web.ServletTestExecutionListener.activateListener' -> true, 'org.springframework.test.context.web.ServletTestExecutionListener.populatedRequestContextHolder' -> true, 'org.springframework.test.context.web.ServletTestExecutionListener.resetRequestContextHolder' -> true]]
2018-12-27 11:25:47.917  INFO 2120 --- [    Test worker] o.s.t.c.transaction.TransactionContext   : Began transaction (1) for test context [DefaultTestContext@51c9cdff testClass = LocationApiTest, testInstance = ags.goldenlionerp.apiTests.item.LocationApiTest@45312bc2, testMethod = getTestCollection@ApiTestBase, testException = [null], mergedContextConfiguration = [WebMergedContextConfiguration@3e7ce544 testClass = LocationApiTest, locations = '{}', classes = '{class ags.goldenlionerp.GoldenLionErpApplication}', contextInitializerClasses = '[]', activeProfiles = '{}', propertySourceLocations = '{classpath:test.properties}', propertySourceProperties = '{org.springframework.boot.test.context.SpringBootTestContextBootstrapper=true}', contextCustomizers = set[org.springframework.boot.test.autoconfigure.properties.PropertyMappingContextCustomizer@0, org.springframework.boot.test.autoconfigure.web.servlet.WebDriverContextCustomizerFactory$Customizer@636d731e, [ImportsContextCustomizer@4dd0ab3c key = [ags.goldenlionerp.apiTests.ApiTestBase$TestConfig]], org.springframework.boot.test.context.filter.ExcludeFilterContextCustomizer@6afa5291, org.springframework.boot.test.json.DuplicateJsonObjectContextCustomizerFactory$DuplicateJsonObjectContextCustomizer@20cebcb4, org.springframework.boot.test.mock.mockito.MockitoContextCustomizer@0, org.springframework.boot.test.web.client.TestRestTemplateContextCustomizer@49a32273], resourceBasePath = 'src/main/webapp', contextLoader = 'org.springframework.boot.test.context.SpringBootContextLoader', parent = [null]], attributes = map['org.springframework.test.context.web.ServletTestExecutionListener.activateListener' -> true, 'org.springframework.test.context.web.ServletTestExecutionListener.populatedRequestContextHolder' -> true, 'org.springframework.test.context.web.ServletTestExecutionListener.resetRequestContextHolder' -> true]]; transaction manager [org.springframework.orm.jpa.JpaTransactionManager@75de8c12]; rollback [true]
2018-12-27 11:25:47.918  INFO 2120 --- [    Test worker] o.s.b.t.m.w.SpringBootMockServletContext : Initializing Spring FrameworkServlet ''
2018-12-27 11:25:47.919  INFO 2120 --- [    Test worker] o.s.t.web.servlet.TestDispatcherServlet  : FrameworkServlet '': initialization started
2018-12-27 11:25:47.928  INFO 2120 --- [    Test worker] o.s.t.web.servlet.TestDispatcherServlet  : FrameworkServlet '': initialization completed in 9 ms
Hibernate: select locationma0_.lmbuid as lmbuid1_28_, locationma0_.lmlocid as lmlocid2_28_, locationma0_.lmcid as lmcid3_28_, locationma0_.lmdtin as lmdtin4_28_, locationma0_.lmtmin as lmtmin5_28_, locationma0_.lmuid as lmuid6_28_, locationma0_.lmdtlu as lmdtlu7_28_, locationma0_.lmtmlu as lmtmlu8_28_, locationma0_.lmuidm as lmuidm9_28_, locationma0_.lmdtls as lmdtls10_28_, locationma0_.lmaisle as lmaisle11_28_, locationma0_.lmcol as lmcol12_28_, locationma0_.lmdesa1 as lmdesa13_28_, locationma0_.lmrow as lmrow14_28_, locationma0_.lmwhc as lmwhc15_28_ from t4100 locationma0_

MockHttpServletRequest:
      HTTP Method = GET
      Request URI = /api/locations/
       Parameters = {}
          Headers = {Accept=[application/json]}
             Body = <no character encoding set>
    Session Attrs = {org.springframework.security.web.csrf.HttpSessionCsrfTokenRepository.CSRF_TOKEN=org.springframework.security.web.csrf.DefaultCsrfToken@280c81d3, SPRING_SECURITY_CONTEXT=org.springframework.security.core.context.SecurityContextImpl@475fcd89: Authentication: org.springframework.security.authentication.UsernamePasswordAuthenticationToken@475fcd89: Principal: org.springframework.security.core.userdetails.User@f02988d6: Username: username; Password: [PROTECTED]; Enabled: true; AccountNonExpired: true; credentialsNonExpired: true; AccountNonLocked: true; Not granted any authorities; Credentials: [PROTECTED]; Authenticated: true; Details: null; Not granted any authorities}

Handler:
             Type = org.springframework.data.rest.webmvc.RepositoryEntityController
           Method = public org.springframework.hateoas.Resources<?> org.springframework.data.rest.webmvc.RepositoryEntityController.getCollectionResource(org.springframework.data.rest.webmvc.RootResourceInformation,org.springframework.data.rest.webmvc.support.DefaultedPageable,org.springframework.data.domain.Sort,org.springframework.data.rest.webmvc.PersistentEntityResourceAssembler) throws org.springframework.data.rest.webmvc.ResourceNotFoundException,org.springframework.web.HttpRequestMethodNotSupportedException

Async:
    Async started = false
     Async result = null

Resolved Exception:
             Type = null

ModelAndView:
        View name = null
             View = null
            Model = null

FlashMap:
       Attributes = null

MockHttpServletResponse:
           Status = 200
    Error message = null
          Headers = {Content-Type=[application/json;charset=UTF-8], X-Content-Type-Options=[nosniff], X-XSS-Protection=[1; mode=block], Cache-Control=[no-cache, no-store, max-age=0, must-revalidate], Pragma=[no-cache], Expires=[0], X-Frame-Options=[DENY]}
     Content type = application/json;charset=UTF-8
             Body = {
  "_embedded" : {
    "locations" : [ {
      "inputUserId" : "QSA",
      "lastUpdateUserId" : "QSA",
      "computerId" : "LAPTOP-FHFRCCL6",
      "lastSynchronizedDate" : null,
      "pk" : {
        "businessUnitId" : "110",
        "locationId" : "ABC.1.2.3"
      },
      "warehouseCode" : "ABC",
      "aisle" : "1",
      "row" : "2",
      "column" : "3",
      "description" : "TEST",
      "businessUnitId" : "110",
      "locationId" : "ABC.1.2.3",
      "lastUpdateDateTime" : "2018-06-25T10:06:07",
      "inputDateTime" : "2018-06-25T10:06:07",
      "_links" : {
        "self" : {
          "href" : "http://localhost/api/locations/110_ABC.1.2.3"
        },
        "locationMaster" : {
          "href" : "http://localhost/api/locations/110_ABC.1.2.3"
        },
        "businessUnit" : {
          "href" : "http://localhost/api/locations/110_ABC.1.2.3/businessUnit"
        }
      }
    }, {
      "inputUserId" : "LUDY",
      "lastUpdateUserId" : "LUDY",
      "computerId" : "LUDY-LAPPIE",
      "lastSynchronizedDate" : null,
      "pk" : {
        "businessUnitId" : "110",
        "locationId" : "GDU"
      },
      "warehouseCode" : "GDU",
      "aisle" : "",
      "row" : "",
      "column" : "",
      "description" : "Gudang Utama SOKA",
      "businessUnitId" : "110",
      "locationId" : "GDU",
      "lastUpdateDateTime" : "2017-11-29T17:19:21",
      "inputDateTime" : "2017-11-29T17:19:14",
      "_links" : {
        "self" : {
          "href" : "http://localhost/api/locations/110_GDU"
        },
        "locationMaster" : {
          "href" : "http://localhost/api/locations/110_GDU"
        },
        "businessUnit" : {
          "href" : "http://localhost/api/locations/110_GDU/businessUnit"
        }
      }
    }, {
      "inputUserId" : "LUDY",
      "lastUpdateUserId" : "LUDY",
      "computerId" : "LUDY-LAPPIE",
      "lastSynchronizedDate" : null,
      "pk" : {
        "businessUnitId" : "120",
        "locationId" : "GDT"
      },
      "warehouseCode" : "GDT",
      "aisle" : "",
      "row" : "",
      "column" : "",
      "description" : "Gudang THR",
      "businessUnitId" : "120",
      "locationId" : "GDT",
      "lastUpdateDateTime" : "2017-11-29T12:13:29",
      "inputDateTime" : "2017-11-29T12:13:29",
      "_links" : {
        "self" : {
          "href" : "http://localhost/api/locations/120_GDT"
        },
        "locationMaster" : {
          "href" : "http://localhost/api/locations/120_GDT"
        },
        "businessUnit" : {
          "href" : "http://localhost/api/locations/120_GDT/businessUnit"
        }
      }
    }, {
      "inputUserId" : "QSA",
      "lastUpdateUserId" : "QSA",
      "computerId" : "LAPTOP-FHFRCCL6",
      "lastSynchronizedDate" : null,
      "pk" : {
        "businessUnitId" : "123",
        "locationId" : "ABC.1.2.3"
      },
      "warehouseCode" : "ABC",
      "aisle" : "1",
      "row" : "2",
      "column" : "3",
      "description" : "Test",
      "businessUnitId" : "123",
      "locationId" : "ABC.1.2.3",
      "lastUpdateDateTime" : "2018-06-26T16:44:00",
      "inputDateTime" : "2018-06-26T16:44:00",
      "_links" : {
        "self" : {
          "href" : "http://localhost/api/locations/123_ABC.1.2.3"
        },
        "locationMaster" : {
          "href" : "http://localhost/api/locations/123_ABC.1.2.3"
        },
        "businessUnit" : {
          "href" : "http://localhost/api/locations/123_ABC.1.2.3/businessUnit"
        }
      }
    } ]
  },
  "_links" : {
    "self" : {
      "href" : "http://localhost/api/locations/"
    },
    "profile" : {
      "href" : "http://localhost/api/profile/locations"
    },
    "search" : {
      "href" : "http://localhost/api/locations/search"
    }
  }
}
    Forwarded URL = null
   Redirected URL = null
          Cookies = []
2018-12-27 11:25:47.950  INFO 2120 --- [    Test worker] o.s.t.c.transaction.TransactionContext   : Rolled back transaction for test: [DefaultTestContext@51c9cdff testClass = LocationApiTest, testInstance = ags.goldenlionerp.apiTests.item.LocationApiTest@45312bc2, testMethod = getTestCollection@ApiTestBase, testException = [null], mergedContextConfiguration = [WebMergedContextConfiguration@3e7ce544 testClass = LocationApiTest, locations = '{}', classes = '{class ags.goldenlionerp.GoldenLionErpApplication}', contextInitializerClasses = '[]', activeProfiles = '{}', propertySourceLocations = '{classpath:test.properties}', propertySourceProperties = '{org.springframework.boot.test.context.SpringBootTestContextBootstrapper=true}', contextCustomizers = set[org.springframework.boot.test.autoconfigure.properties.PropertyMappingContextCustomizer@0, org.springframework.boot.test.autoconfigure.web.servlet.WebDriverContextCustomizerFactory$Customizer@636d731e, [ImportsContextCustomizer@4dd0ab3c key = [ags.goldenlionerp.apiTests.ApiTestBase$TestConfig]], org.springframework.boot.test.context.filter.ExcludeFilterContextCustomizer@6afa5291, org.springframework.boot.test.json.DuplicateJsonObjectContextCustomizerFactory$DuplicateJsonObjectContextCustomizer@20cebcb4, org.springframework.boot.test.mock.mockito.MockitoContextCustomizer@0, org.springframework.boot.test.web.client.TestRestTemplateContextCustomizer@49a32273], resourceBasePath = 'src/main/webapp', contextLoader = 'org.springframework.boot.test.context.SpringBootContextLoader', parent = [null]], attributes = map['org.springframework.test.context.web.ServletTestExecutionListener.activateListener' -> true, 'org.springframework.test.context.web.ServletTestExecutionListener.populatedRequestContextHolder' -> true, 'org.springframework.test.context.web.ServletTestExecutionListener.resetRequestContextHolder' -> true]]
2018-12-27 11:25:47.953  INFO 2120 --- [    Test worker] o.s.t.c.transaction.TransactionContext   : Began transaction (1) for test context [DefaultTestContext@51c9cdff testClass = LocationApiTest, testInstance = ags.goldenlionerp.apiTests.item.LocationApiTest@42a9f42b, testMethod = createTestWithPut@ApiTestBase, testException = [null], mergedContextConfiguration = [WebMergedContextConfiguration@3e7ce544 testClass = LocationApiTest, locations = '{}', classes = '{class ags.goldenlionerp.GoldenLionErpApplication}', contextInitializerClasses = '[]', activeProfiles = '{}', propertySourceLocations = '{classpath:test.properties}', propertySourceProperties = '{org.springframework.boot.test.context.SpringBootTestContextBootstrapper=true}', contextCustomizers = set[org.springframework.boot.test.autoconfigure.properties.PropertyMappingContextCustomizer@0, org.springframework.boot.test.autoconfigure.web.servlet.WebDriverContextCustomizerFactory$Customizer@636d731e, [ImportsContextCustomizer@4dd0ab3c key = [ags.goldenlionerp.apiTests.ApiTestBase$TestConfig]], org.springframework.boot.test.context.filter.ExcludeFilterContextCustomizer@6afa5291, org.springframework.boot.test.json.DuplicateJsonObjectContextCustomizerFactory$DuplicateJsonObjectContextCustomizer@20cebcb4, org.springframework.boot.test.mock.mockito.MockitoContextCustomizer@0, org.springframework.boot.test.web.client.TestRestTemplateContextCustomizer@49a32273], resourceBasePath = 'src/main/webapp', contextLoader = 'org.springframework.boot.test.context.SpringBootContextLoader', parent = [null]], attributes = map['org.springframework.test.context.web.ServletTestExecutionListener.activateListener' -> true, 'org.springframework.test.context.web.ServletTestExecutionListener.populatedRequestContextHolder' -> true, 'org.springframework.test.context.web.ServletTestExecutionListener.resetRequestContextHolder' -> true]]; transaction manager [org.springframework.orm.jpa.JpaTransactionManager@75de8c12]; rollback [true]
2018-12-27 11:25:47.954  INFO 2120 --- [    Test worker] o.s.b.t.m.w.SpringBootMockServletContext : Initializing Spring FrameworkServlet ''
2018-12-27 11:25:47.954  INFO 2120 --- [    Test worker] o.s.t.web.servlet.TestDispatcherServlet  : FrameworkServlet '': initialization started
2018-12-27 11:25:47.964  INFO 2120 --- [    Test worker] o.s.t.web.servlet.TestDispatcherServlet  : FrameworkServlet '': initialization completed in 10 ms
Hibernate: select locationma0_.lmbuid as lmbuid1_28_0_, locationma0_.lmlocid as lmlocid2_28_0_, locationma0_.lmcid as lmcid3_28_0_, locationma0_.lmdtin as lmdtin4_28_0_, locationma0_.lmtmin as lmtmin5_28_0_, locationma0_.lmuid as lmuid6_28_0_, locationma0_.lmdtlu as lmdtlu7_28_0_, locationma0_.lmtmlu as lmtmlu8_28_0_, locationma0_.lmuidm as lmuidm9_28_0_, locationma0_.lmdtls as lmdtls10_28_0_, locationma0_.lmaisle as lmaisle11_28_0_, locationma0_.lmcol as lmcol12_28_0_, locationma0_.lmdesa1 as lmdesa13_28_0_, locationma0_.lmrow as lmrow14_28_0_, locationma0_.lmwhc as lmwhc15_28_0_ from t4100 locationma0_ where locationma0_.lmbuid=? and locationma0_.lmlocid=?
2018-12-27 11:25:47.984  INFO 2120 --- [    Test worker] o.s.t.c.transaction.TransactionContext   : Rolled back transaction for test: [DefaultTestContext@51c9cdff testClass = LocationApiTest, testInstance = ags.goldenlionerp.apiTests.item.LocationApiTest@42a9f42b, testMethod = createTestWithPut@ApiTestBase, testException = [null], mergedContextConfiguration = [WebMergedContextConfiguration@3e7ce544 testClass = LocationApiTest, locations = '{}', classes = '{class ags.goldenlionerp.GoldenLionErpApplication}', contextInitializerClasses = '[]', activeProfiles = '{}', propertySourceLocations = '{classpath:test.properties}', propertySourceProperties = '{org.springframework.boot.test.context.SpringBootTestContextBootstrapper=true}', contextCustomizers = set[org.springframework.boot.test.autoconfigure.properties.PropertyMappingContextCustomizer@0, org.springframework.boot.test.autoconfigure.web.servlet.WebDriverContextCustomizerFactory$Customizer@636d731e, [ImportsContextCustomizer@4dd0ab3c key = [ags.goldenlionerp.apiTests.ApiTestBase$TestConfig]], org.springframework.boot.test.context.filter.ExcludeFilterContextCustomizer@6afa5291, org.springframework.boot.test.json.DuplicateJsonObjectContextCustomizerFactory$DuplicateJsonObjectContextCustomizer@20cebcb4, org.springframework.boot.test.mock.mockito.MockitoContextCustomizer@0, org.springframework.boot.test.web.client.TestRestTemplateContextCustomizer@49a32273], resourceBasePath = 'src/main/webapp', contextLoader = 'org.springframework.boot.test.context.SpringBootContextLoader', parent = [null]], attributes = map['org.springframework.test.context.web.ServletTestExecutionListener.activateListener' -> true, 'org.springframework.test.context.web.ServletTestExecutionListener.populatedRequestContextHolder' -> true, 'org.springframework.test.context.web.ServletTestExecutionListener.resetRequestContextHolder' -> true]]
2018-12-27 11:25:47.986  INFO 2120 --- [    Test worker] o.s.t.c.transaction.TransactionContext   : Began transaction (1) for test context [DefaultTestContext@51c9cdff testClass = LocationApiTest, testInstance = ags.goldenlionerp.apiTests.item.LocationApiTest@f7330e7, testMethod = deleteTest@ApiTestBase, testException = [null], mergedContextConfiguration = [WebMergedContextConfiguration@3e7ce544 testClass = LocationApiTest, locations = '{}', classes = '{class ags.goldenlionerp.GoldenLionErpApplication}', contextInitializerClasses = '[]', activeProfiles = '{}', propertySourceLocations = '{classpath:test.properties}', propertySourceProperties = '{org.springframework.boot.test.context.SpringBootTestContextBootstrapper=true}', contextCustomizers = set[org.springframework.boot.test.autoconfigure.properties.PropertyMappingContextCustomizer@0, org.springframework.boot.test.autoconfigure.web.servlet.WebDriverContextCustomizerFactory$Customizer@636d731e, [ImportsContextCustomizer@4dd0ab3c key = [ags.goldenlionerp.apiTests.ApiTestBase$TestConfig]], org.springframework.boot.test.context.filter.ExcludeFilterContextCustomizer@6afa5291, org.springframework.boot.test.json.DuplicateJsonObjectContextCustomizerFactory$DuplicateJsonObjectContextCustomizer@20cebcb4, org.springframework.boot.test.mock.mockito.MockitoContextCustomizer@0, org.springframework.boot.test.web.client.TestRestTemplateContextCustomizer@49a32273], resourceBasePath = 'src/main/webapp', contextLoader = 'org.springframework.boot.test.context.SpringBootContextLoader', parent = [null]], attributes = map['org.springframework.test.context.web.ServletTestExecutionListener.activateListener' -> true, 'org.springframework.test.context.web.ServletTestExecutionListener.populatedRequestContextHolder' -> true, 'org.springframework.test.context.web.ServletTestExecutionListener.resetRequestContextHolder' -> true]]; transaction manager [org.springframework.orm.jpa.JpaTransactionManager@75de8c12]; rollback [true]
2018-12-27 11:25:47.987  INFO 2120 --- [    Test worker] o.s.b.t.m.w.SpringBootMockServletContext : Initializing Spring FrameworkServlet ''
2018-12-27 11:25:47.988  INFO 2120 --- [    Test worker] o.s.t.web.servlet.TestDispatcherServlet  : FrameworkServlet '': initialization started
2018-12-27 11:25:47.997  INFO 2120 --- [    Test worker] o.s.t.web.servlet.TestDispatcherServlet  : FrameworkServlet '': initialization completed in 9 ms
Hibernate: select locationma0_.lmbuid as lmbuid1_28_0_, locationma0_.lmlocid as lmlocid2_28_0_, locationma0_.lmcid as lmcid3_28_0_, locationma0_.lmdtin as lmdtin4_28_0_, locationma0_.lmtmin as lmtmin5_28_0_, locationma0_.lmuid as lmuid6_28_0_, locationma0_.lmdtlu as lmdtlu7_28_0_, locationma0_.lmtmlu as lmtmlu8_28_0_, locationma0_.lmuidm as lmuidm9_28_0_, locationma0_.lmdtls as lmdtls10_28_0_, locationma0_.lmaisle as lmaisle11_28_0_, locationma0_.lmcol as lmcol12_28_0_, locationma0_.lmdesa1 as lmdesa13_28_0_, locationma0_.lmrow as lmrow14_28_0_, locationma0_.lmwhc as lmwhc15_28_0_ from t4100 locationma0_ where locationma0_.lmbuid=? and locationma0_.lmlocid=?
2018-12-27 11:25:48.031  INFO 2120 --- [    Test worker] o.s.t.c.transaction.TransactionContext   : Rolled back transaction for test: [DefaultTestContext@51c9cdff testClass = LocationApiTest, testInstance = ags.goldenlionerp.apiTests.item.LocationApiTest@f7330e7, testMethod = deleteTest@ApiTestBase, testException = [null], mergedContextConfiguration = [WebMergedContextConfiguration@3e7ce544 testClass = LocationApiTest, locations = '{}', classes = '{class ags.goldenlionerp.GoldenLionErpApplication}', contextInitializerClasses = '[]', activeProfiles = '{}', propertySourceLocations = '{classpath:test.properties}', propertySourceProperties = '{org.springframework.boot.test.context.SpringBootTestContextBootstrapper=true}', contextCustomizers = set[org.springframework.boot.test.autoconfigure.properties.PropertyMappingContextCustomizer@0, org.springframework.boot.test.autoconfigure.web.servlet.WebDriverContextCustomizerFactory$Customizer@636d731e, [ImportsContextCustomizer@4dd0ab3c key = [ags.goldenlionerp.apiTests.ApiTestBase$TestConfig]], org.springframework.boot.test.context.filter.ExcludeFilterContextCustomizer@6afa5291, org.springframework.boot.test.json.DuplicateJsonObjectContextCustomizerFactory$DuplicateJsonObjectContextCustomizer@20cebcb4, org.springframework.boot.test.mock.mockito.MockitoContextCustomizer@0, org.springframework.boot.test.web.client.TestRestTemplateContextCustomizer@49a32273], resourceBasePath = 'src/main/webapp', contextLoader = 'org.springframework.boot.test.context.SpringBootContextLoader', parent = [null]], attributes = map['org.springframework.test.context.web.ServletTestExecutionListener.activateListener' -> true, 'org.springframework.test.context.web.ServletTestExecutionListener.populatedRequestContextHolder' -> true, 'org.springframework.test.context.web.ServletTestExecutionListener.resetRequestContextHolder' -> true]]
2018-12-27 11:25:48.034  INFO 2120 --- [    Test worker] o.s.t.c.transaction.TransactionContext   : Began transaction (1) for test context [DefaultTestContext@51c9cdff testClass = LocationApiTest, testInstance = ags.goldenlionerp.apiTests.item.LocationApiTest@7e5d7ec7, testMethod = createTestWithPost@ApiTestBase, testException = [null], mergedContextConfiguration = [WebMergedContextConfiguration@3e7ce544 testClass = LocationApiTest, locations = '{}', classes = '{class ags.goldenlionerp.GoldenLionErpApplication}', contextInitializerClasses = '[]', activeProfiles = '{}', propertySourceLocations = '{classpath:test.properties}', propertySourceProperties = '{org.springframework.boot.test.context.SpringBootTestContextBootstrapper=true}', contextCustomizers = set[org.springframework.boot.test.autoconfigure.properties.PropertyMappingContextCustomizer@0, org.springframework.boot.test.autoconfigure.web.servlet.WebDriverContextCustomizerFactory$Customizer@636d731e, [ImportsContextCustomizer@4dd0ab3c key = [ags.goldenlionerp.apiTests.ApiTestBase$TestConfig]], org.springframework.boot.test.context.filter.ExcludeFilterContextCustomizer@6afa5291, org.springframework.boot.test.json.DuplicateJsonObjectContextCustomizerFactory$DuplicateJsonObjectContextCustomizer@20cebcb4, org.springframework.boot.test.mock.mockito.MockitoContextCustomizer@0, org.springframework.boot.test.web.client.TestRestTemplateContextCustomizer@49a32273], resourceBasePath = 'src/main/webapp', contextLoader = 'org.springframework.boot.test.context.SpringBootContextLoader', parent = [null]], attributes = map['org.springframework.test.context.web.ServletTestExecutionListener.activateListener' -> true, 'org.springframework.test.context.web.ServletTestExecutionListener.populatedRequestContextHolder' -> true, 'org.springframework.test.context.web.ServletTestExecutionListener.resetRequestContextHolder' -> true]]; transaction manager [org.springframework.orm.jpa.JpaTransactionManager@75de8c12]; rollback [true]
2018-12-27 11:25:48.035  INFO 2120 --- [    Test worker] o.s.b.t.m.w.SpringBootMockServletContext : Initializing Spring FrameworkServlet ''
2018-12-27 11:25:48.035  INFO 2120 --- [    Test worker] o.s.t.web.servlet.TestDispatcherServlet  : FrameworkServlet '': initialization started
2018-12-27 11:25:48.044  INFO 2120 --- [    Test worker] o.s.t.web.servlet.TestDispatcherServlet  : FrameworkServlet '': initialization completed in 9 ms
Hibernate: select locationma0_.lmbuid as lmbuid1_28_0_, locationma0_.lmlocid as lmlocid2_28_0_, locationma0_.lmcid as lmcid3_28_0_, locationma0_.lmdtin as lmdtin4_28_0_, locationma0_.lmtmin as lmtmin5_28_0_, locationma0_.lmuid as lmuid6_28_0_, locationma0_.lmdtlu as lmdtlu7_28_0_, locationma0_.lmtmlu as lmtmlu8_28_0_, locationma0_.lmuidm as lmuidm9_28_0_, locationma0_.lmdtls as lmdtls10_28_0_, locationma0_.lmaisle as lmaisle11_28_0_, locationma0_.lmcol as lmcol12_28_0_, locationma0_.lmdesa1 as lmdesa13_28_0_, locationma0_.lmrow as lmrow14_28_0_, locationma0_.lmwhc as lmwhc15_28_0_ from t4100 locationma0_ where locationma0_.lmbuid=? and locationma0_.lmlocid=?
Hibernate: insert into t4100 (lmcid, lmdtin, lmtmin, lmuid, lmdtlu, lmtmlu, lmuidm, lmdtls, lmaisle, lmcol, lmdesa1, lmrow, lmwhc, lmbuid, lmlocid) values (?, ?, ?, ?, ?, ?, ?, ?, ?, ?, ?, ?, ?, ?, ?)
Hibernate: select locationma0_.lmbuid as lmbuid1_28_0_, locationma0_.lmlocid as lmlocid2_28_0_, locationma0_.lmcid as lmcid3_28_0_, locationma0_.lmdtin as lmdtin4_28_0_, locationma0_.lmtmin as lmtmin5_28_0_, locationma0_.lmuid as lmuid6_28_0_, locationma0_.lmdtlu as lmdtlu7_28_0_, locationma0_.lmtmlu as lmtmlu8_28_0_, locationma0_.lmuidm as lmuidm9_28_0_, locationma0_.lmdtls as lmdtls10_28_0_, locationma0_.lmaisle as lmaisle11_28_0_, locationma0_.lmcol as lmcol12_28_0_, locationma0_.lmdesa1 as lmdesa13_28_0_, locationma0_.lmrow as lmrow14_28_0_, locationma0_.lmwhc as lmwhc15_28_0_ from t4100 locationma0_ where locationma0_.lmbuid=? and locationma0_.lmlocid=?

MockHttpServletRequest:
      HTTP Method = GET
      Request URI = /api/locations/110_XYZ.9.31
       Parameters = {}
          Headers = {Accept=[application/json]}
             Body = <no character encoding set>
    Session Attrs = {org.springframework.security.web.csrf.HttpSessionCsrfTokenRepository.CSRF_TOKEN=org.springframework.security.web.csrf.DefaultCsrfToken@79e1b23e, SPRING_SECURITY_CONTEXT=org.springframework.security.core.context.SecurityContextImpl@475fcd89: Authentication: org.springframework.security.authentication.UsernamePasswordAuthenticationToken@475fcd89: Principal: org.springframework.security.core.userdetails.User@f02988d6: Username: username; Password: [PROTECTED]; Enabled: true; AccountNonExpired: true; credentialsNonExpired: true; AccountNonLocked: true; Not granted any authorities; Credentials: [PROTECTED]; Authenticated: true; Details: null; Not granted any authorities}

Handler:
             Type = org.springframework.data.rest.webmvc.RepositoryEntityController
           Method = public org.springframework.http.ResponseEntity<org.springframework.hateoas.Resource<?>> org.springframework.data.rest.webmvc.RepositoryEntityController.getItemResource(org.springframework.data.rest.webmvc.RootResourceInformation,java.io.Serializable,org.springframework.data.rest.webmvc.PersistentEntityResourceAssembler,org.springframework.http.HttpHeaders) throws org.springframework.web.HttpRequestMethodNotSupportedException

Async:
    Async started = false
     Async result = null

Resolved Exception:
             Type = null

ModelAndView:
        View name = null
             View = null
            Model = null

FlashMap:
       Attributes = null

MockHttpServletResponse:
           Status = 200
    Error message = null
          Headers = {Content-Disposition=[inline;filename=f.txt], Content-Type=[application/json;charset=UTF-8], X-Content-Type-Options=[nosniff], X-XSS-Protection=[1; mode=block], Cache-Control=[no-cache, no-store, max-age=0, must-revalidate], Pragma=[no-cache], Expires=[0], X-Frame-Options=[DENY]}
     Content type = application/json;charset=UTF-8
             Body = {
  "inputUserId" : "username",
  "lastUpdateUserId" : "username",
  "computerId" : "username",
  "lastSynchronizedDate" : null,
  "pk" : {
    "businessUnitId" : "110",
    "locationId" : "XYZ.9.31"
  },
  "warehouseCode" : "XYZ",
  "aisle" : "9",
  "row" : "3",
  "column" : "1",
  "description" : "Test Location",
  "businessUnitId" : "110",
  "locationId" : "XYZ.9.31",
  "lastUpdateDateTime" : "2018-12-27T11:25:48",
  "inputDateTime" : "2018-12-27T11:25:48",
  "_links" : {
    "self" : {
      "href" : "http://localhost/api/locations/110_XYZ.9.31"
    },
    "locationMaster" : {
      "href" : "http://localhost/api/locations/110_XYZ.9.31"
    },
    "businessUnit" : {
      "href" : "http://localhost/api/locations/110_XYZ.9.31/businessUnit"
    }
  }
}
    Forwarded URL = null
   Redirected URL = null
          Cookies = []
2018-12-27 11:25:48.094  INFO 2120 --- [    Test worker] o.s.t.c.transaction.TransactionContext   : Rolled back transaction for test: [DefaultTestContext@51c9cdff testClass = LocationApiTest, testInstance = ags.goldenlionerp.apiTests.item.LocationApiTest@7e5d7ec7, testMethod = createTestWithPost@ApiTestBase, testException = [null], mergedContextConfiguration = [WebMergedContextConfiguration@3e7ce544 testClass = LocationApiTest, locations = '{}', classes = '{class ags.goldenlionerp.GoldenLionErpApplication}', contextInitializerClasses = '[]', activeProfiles = '{}', propertySourceLocations = '{classpath:test.properties}', propertySourceProperties = '{org.springframework.boot.test.context.SpringBootTestContextBootstrapper=true}', contextCustomizers = set[org.springframework.boot.test.autoconfigure.properties.PropertyMappingContextCustomizer@0, org.springframework.boot.test.autoconfigure.web.servlet.WebDriverContextCustomizerFactory$Customizer@636d731e, [ImportsContextCustomizer@4dd0ab3c key = [ags.goldenlionerp.apiTests.ApiTestBase$TestConfig]], org.springframework.boot.test.context.filter.ExcludeFilterContextCustomizer@6afa5291, org.springframework.boot.test.json.DuplicateJsonObjectContextCustomizerFactory$DuplicateJsonObjectContextCustomizer@20cebcb4, org.springframework.boot.test.mock.mockito.MockitoContextCustomizer@0, org.springframework.boot.test.web.client.TestRestTemplateContextCustomizer@49a32273], resourceBasePath = 'src/main/webapp', contextLoader = 'org.springframework.boot.test.context.SpringBootContextLoader', parent = [null]], attributes = map['org.springframework.test.context.web.ServletTestExecutionListener.activateListener' -> true, 'org.springframework.test.context.web.ServletTestExecutionListener.populatedRequestContextHolder' -> true, 'org.springframework.test.context.web.ServletTestExecutionListener.resetRequestContextHolder' -> true]]
]]></system-out>
  <system-err><![CDATA[]]></system-err>
</testsuite>
