<?xml version="1.0" encoding="UTF-8"?>
<testsuite name="ags.goldenlionerp.apiTests.system.UserGroupApiTest" tests="7" skipped="0" failures="0" errors="0" timestamp="2018-12-14T10:36:00" hostname="LAPTOP-FHFRCCL6" time="0.173">
  <properties/>
  <testcase name="updateTestWithPut" classname="ags.goldenlionerp.apiTests.system.UserGroupApiTest" time="0.013"/>
  <testcase name="getTestSingle" classname="ags.goldenlionerp.apiTests.system.UserGroupApiTest" time="0.011"/>
  <testcase name="updateTestWithPatch" classname="ags.goldenlionerp.apiTests.system.UserGroupApiTest" time="0.05"/>
  <testcase name="getTestCollection" classname="ags.goldenlionerp.apiTests.system.UserGroupApiTest" time="0.016"/>
  <testcase name="createTestWithPut" classname="ags.goldenlionerp.apiTests.system.UserGroupApiTest" time="0.017"/>
  <testcase name="deleteTest" classname="ags.goldenlionerp.apiTests.system.UserGroupApiTest" time="0.026"/>
  <testcase name="createTestWithPost" classname="ags.goldenlionerp.apiTests.system.UserGroupApiTest" time="0.039"/>
  <system-out><![CDATA[2018-12-14 17:36:00.376  INFO 9212 --- [    Test worker] .b.t.c.SpringBootTestContextBootstrapper : Neither @ContextConfiguration nor @ContextHierarchy found for test class [ags.goldenlionerp.apiTests.system.UserGroupApiTest], using SpringBootContextLoader
2018-12-14 17:36:00.376  INFO 9212 --- [    Test worker] o.s.t.c.support.AbstractContextLoader    : Could not detect default resource locations for test class [ags.goldenlionerp.apiTests.system.UserGroupApiTest]: no resource found for suffixes {-context.xml, Context.groovy}.
2018-12-14 17:36:00.376  INFO 9212 --- [    Test worker] t.c.s.AnnotationConfigContextLoaderUtils : Could not detect default configuration classes for test class [ags.goldenlionerp.apiTests.system.UserGroupApiTest]: UserGroupApiTest does not declare any static, non-private, non-final, nested classes annotated with @Configuration.
2018-12-14 17:36:00.376  INFO 9212 --- [    Test worker] .b.t.c.SpringBootTestContextBootstrapper : Found @SpringBootConfiguration ags.goldenlionerp.GoldenLionErpApplication for test class ags.goldenlionerp.apiTests.system.UserGroupApiTest
2018-12-14 17:36:00.376  INFO 9212 --- [    Test worker] .b.t.c.SpringBootTestContextBootstrapper : Loaded default TestExecutionListener class names from location [META-INF/spring.factories]: [org.springframework.security.test.context.support.WithSecurityContextTestExecutionListener, org.springframework.security.test.context.support.ReactorContextTestExecutionListener, org.springframework.boot.test.autoconfigure.restdocs.RestDocsTestExecutionListener, org.springframework.boot.test.autoconfigure.web.client.MockRestServiceServerResetTestExecutionListener, org.springframework.boot.test.autoconfigure.web.servlet.MockMvcPrintOnlyOnFailureTestExecutionListener, org.springframework.boot.test.autoconfigure.web.servlet.WebDriverTestExecutionListener, org.springframework.boot.test.mock.mockito.MockitoTestExecutionListener, org.springframework.boot.test.mock.mockito.ResetMocksTestExecutionListener, org.springframework.test.context.web.ServletTestExecutionListener, org.springframework.test.context.support.DirtiesContextBeforeModesTestExecutionListener, org.springframework.test.context.support.DependencyInjectionTestExecutionListener, org.springframework.test.context.support.DirtiesContextTestExecutionListener, org.springframework.test.context.transaction.TransactionalTestExecutionListener, org.springframework.test.context.jdbc.SqlScriptsTestExecutionListener]
2018-12-14 17:36:00.376  INFO 9212 --- [    Test worker] .b.t.c.SpringBootTestContextBootstrapper : Using TestExecutionListeners: [org.springframework.test.context.web.ServletTestExecutionListener@5a781070, org.springframework.test.context.support.DirtiesContextBeforeModesTestExecutionListener@66586066, org.springframework.boot.test.mock.mockito.MockitoTestExecutionListener@b951d6b, org.springframework.boot.test.autoconfigure.SpringBootDependencyInjectionTestExecutionListener@4c8fa462, org.springframework.test.context.support.DirtiesContextTestExecutionListener@56eed613, org.springframework.test.context.transaction.TransactionalTestExecutionListener@7310d7f8, org.springframework.test.context.jdbc.SqlScriptsTestExecutionListener@504df2b4, org.springframework.security.test.context.support.WithSecurityContextTestExecutionListener@6150f06b, org.springframework.security.test.context.support.ReactorContextTestExecutionListener@412eec1c, org.springframework.boot.test.autoconfigure.restdocs.RestDocsTestExecutionListener@34f45cd6, org.springframework.boot.test.autoconfigure.web.client.MockRestServiceServerResetTestExecutionListener@b93d0ae, org.springframework.boot.test.autoconfigure.web.servlet.MockMvcPrintOnlyOnFailureTestExecutionListener@6da6ba1f, org.springframework.boot.test.autoconfigure.web.servlet.WebDriverTestExecutionListener@5bdef5bb, org.springframework.boot.test.mock.mockito.ResetMocksTestExecutionListener@4d5a00fa]
2018-12-14 17:36:00.391  INFO 9212 --- [    Test worker] o.s.t.c.transaction.TransactionContext   : Began transaction (1) for test context [DefaultTestContext@24de341b testClass = UserGroupApiTest, testInstance = ags.goldenlionerp.apiTests.system.UserGroupApiTest@18958f41, testMethod = updateTestWithPut@ApiTestBase, testException = [null], mergedContextConfiguration = [WebMergedContextConfiguration@72231684 testClass = UserGroupApiTest, locations = '{}', classes = '{class ags.goldenlionerp.GoldenLionErpApplication}', contextInitializerClasses = '[]', activeProfiles = '{}', propertySourceLocations = '{classpath:test.properties}', propertySourceProperties = '{org.springframework.boot.test.context.SpringBootTestContextBootstrapper=true}', contextCustomizers = set[org.springframework.boot.test.autoconfigure.properties.PropertyMappingContextCustomizer@0, org.springframework.boot.test.autoconfigure.web.servlet.WebDriverContextCustomizerFactory$Customizer@636d731e, [ImportsContextCustomizer@189f7d8 key = [ags.goldenlionerp.apiTests.ApiTestBase$TestConfig]], org.springframework.boot.test.context.filter.ExcludeFilterContextCustomizer@6afa5291, org.springframework.boot.test.json.DuplicateJsonObjectContextCustomizerFactory$DuplicateJsonObjectContextCustomizer@20cebcb4, org.springframework.boot.test.mock.mockito.MockitoContextCustomizer@0, org.springframework.boot.test.web.client.TestRestTemplateContextCustomizer@49a32273], resourceBasePath = 'src/main/webapp', contextLoader = 'org.springframework.boot.test.context.SpringBootContextLoader', parent = [null]], attributes = map['org.springframework.test.context.web.ServletTestExecutionListener.activateListener' -> true, 'org.springframework.test.context.web.ServletTestExecutionListener.populatedRequestContextHolder' -> true, 'org.springframework.test.context.web.ServletTestExecutionListener.resetRequestContextHolder' -> true]]; transaction manager [org.springframework.orm.jpa.JpaTransactionManager@76f112e2]; rollback [true]
2018-12-14 17:36:00.391  INFO 9212 --- [    Test worker] o.s.b.t.m.w.SpringBootMockServletContext : Initializing Spring FrameworkServlet ''
2018-12-14 17:36:00.391  INFO 9212 --- [    Test worker] o.s.t.web.servlet.TestDispatcherServlet  : FrameworkServlet '': initialization started
2018-12-14 17:36:00.391  INFO 9212 --- [    Test worker] o.s.t.web.servlet.TestDispatcherServlet  : FrameworkServlet '': initialization completed in 0 ms
Hibernate: select usergroup0_.scusi as scusi2_42_0_, usergroup0_.sccid as sccid3_42_0_, usergroup0_.scdtin as scdtin4_42_0_, usergroup0_.sctmin as sctmin5_42_0_, usergroup0_.scuid as scuid6_42_0_, usergroup0_.scdtlu as scdtlu7_42_0_, usergroup0_.sctmlu as sctmlu8_42_0_, usergroup0_.scuidm as scuidm9_42_0_, usergroup0_.scanum as scanum10_42_0_, usergroup0_.scaprcd as scaprcd11_42_0_, usergroup0_.scbuid as scbuid12_42_0_, usergroup0_.scmtoe as scmtoe13_42_0_, usergroup0_.scmtoe2 as scmtoe14_42_0_, usergroup0_.scmtoe1 as scmtoe15_42_0_, usergroup0_.sctagid as sctagid16_42_0_, usergroup0_.scusc as scusc17_42_0_, usergroup0_.scusg as scusg18_42_0_, usergroup0_.scusl as scusl19_42_0_, usergroup0_.scust as scust1_42_0_ from t9801 usergroup0_ where usergroup0_.scusi=? and usergroup0_.scust='G'
2018-12-14 17:36:00.391  INFO 9212 --- [    Test worker] o.s.t.c.transaction.TransactionContext   : Rolled back transaction for test: [DefaultTestContext@24de341b testClass = UserGroupApiTest, testInstance = ags.goldenlionerp.apiTests.system.UserGroupApiTest@18958f41, testMethod = updateTestWithPut@ApiTestBase, testException = [null], mergedContextConfiguration = [WebMergedContextConfiguration@72231684 testClass = UserGroupApiTest, locations = '{}', classes = '{class ags.goldenlionerp.GoldenLionErpApplication}', contextInitializerClasses = '[]', activeProfiles = '{}', propertySourceLocations = '{classpath:test.properties}', propertySourceProperties = '{org.springframework.boot.test.context.SpringBootTestContextBootstrapper=true}', contextCustomizers = set[org.springframework.boot.test.autoconfigure.properties.PropertyMappingContextCustomizer@0, org.springframework.boot.test.autoconfigure.web.servlet.WebDriverContextCustomizerFactory$Customizer@636d731e, [ImportsContextCustomizer@189f7d8 key = [ags.goldenlionerp.apiTests.ApiTestBase$TestConfig]], org.springframework.boot.test.context.filter.ExcludeFilterContextCustomizer@6afa5291, org.springframework.boot.test.json.DuplicateJsonObjectContextCustomizerFactory$DuplicateJsonObjectContextCustomizer@20cebcb4, org.springframework.boot.test.mock.mockito.MockitoContextCustomizer@0, org.springframework.boot.test.web.client.TestRestTemplateContextCustomizer@49a32273], resourceBasePath = 'src/main/webapp', contextLoader = 'org.springframework.boot.test.context.SpringBootContextLoader', parent = [null]], attributes = map['org.springframework.test.context.web.ServletTestExecutionListener.activateListener' -> true, 'org.springframework.test.context.web.ServletTestExecutionListener.populatedRequestContextHolder' -> true, 'org.springframework.test.context.web.ServletTestExecutionListener.resetRequestContextHolder' -> true]]
2018-12-14 17:36:00.407  INFO 9212 --- [    Test worker] o.s.t.c.transaction.TransactionContext   : Began transaction (1) for test context [DefaultTestContext@24de341b testClass = UserGroupApiTest, testInstance = ags.goldenlionerp.apiTests.system.UserGroupApiTest@2b5b0887, testMethod = getTestSingle@ApiTestBase, testException = [null], mergedContextConfiguration = [WebMergedContextConfiguration@72231684 testClass = UserGroupApiTest, locations = '{}', classes = '{class ags.goldenlionerp.GoldenLionErpApplication}', contextInitializerClasses = '[]', activeProfiles = '{}', propertySourceLocations = '{classpath:test.properties}', propertySourceProperties = '{org.springframework.boot.test.context.SpringBootTestContextBootstrapper=true}', contextCustomizers = set[org.springframework.boot.test.autoconfigure.properties.PropertyMappingContextCustomizer@0, org.springframework.boot.test.autoconfigure.web.servlet.WebDriverContextCustomizerFactory$Customizer@636d731e, [ImportsContextCustomizer@189f7d8 key = [ags.goldenlionerp.apiTests.ApiTestBase$TestConfig]], org.springframework.boot.test.context.filter.ExcludeFilterContextCustomizer@6afa5291, org.springframework.boot.test.json.DuplicateJsonObjectContextCustomizerFactory$DuplicateJsonObjectContextCustomizer@20cebcb4, org.springframework.boot.test.mock.mockito.MockitoContextCustomizer@0, org.springframework.boot.test.web.client.TestRestTemplateContextCustomizer@49a32273], resourceBasePath = 'src/main/webapp', contextLoader = 'org.springframework.boot.test.context.SpringBootContextLoader', parent = [null]], attributes = map['org.springframework.test.context.web.ServletTestExecutionListener.activateListener' -> true, 'org.springframework.test.context.web.ServletTestExecutionListener.populatedRequestContextHolder' -> true, 'org.springframework.test.context.web.ServletTestExecutionListener.resetRequestContextHolder' -> true]]; transaction manager [org.springframework.orm.jpa.JpaTransactionManager@76f112e2]; rollback [true]
2018-12-14 17:36:00.407  INFO 9212 --- [    Test worker] o.s.b.t.m.w.SpringBootMockServletContext : Initializing Spring FrameworkServlet ''
2018-12-14 17:36:00.407  INFO 9212 --- [    Test worker] o.s.t.web.servlet.TestDispatcherServlet  : FrameworkServlet '': initialization started
2018-12-14 17:36:00.407  INFO 9212 --- [    Test worker] o.s.t.web.servlet.TestDispatcherServlet  : FrameworkServlet '': initialization completed in 0 ms
Hibernate: select usergroup0_.scusi as scusi2_42_0_, usergroup0_.sccid as sccid3_42_0_, usergroup0_.scdtin as scdtin4_42_0_, usergroup0_.sctmin as sctmin5_42_0_, usergroup0_.scuid as scuid6_42_0_, usergroup0_.scdtlu as scdtlu7_42_0_, usergroup0_.sctmlu as sctmlu8_42_0_, usergroup0_.scuidm as scuidm9_42_0_, usergroup0_.scanum as scanum10_42_0_, usergroup0_.scaprcd as scaprcd11_42_0_, usergroup0_.scbuid as scbuid12_42_0_, usergroup0_.scmtoe as scmtoe13_42_0_, usergroup0_.scmtoe2 as scmtoe14_42_0_, usergroup0_.scmtoe1 as scmtoe15_42_0_, usergroup0_.sctagid as sctagid16_42_0_, usergroup0_.scusc as scusc17_42_0_, usergroup0_.scusg as scusg18_42_0_, usergroup0_.scusl as scusl19_42_0_, usergroup0_.scust as scust1_42_0_ from t9801 usergroup0_ where usergroup0_.scusi=? and usergroup0_.scust='G'
2018-12-14 17:36:00.407  INFO 9212 --- [    Test worker] o.s.t.c.transaction.TransactionContext   : Rolled back transaction for test: [DefaultTestContext@24de341b testClass = UserGroupApiTest, testInstance = ags.goldenlionerp.apiTests.system.UserGroupApiTest@2b5b0887, testMethod = getTestSingle@ApiTestBase, testException = [null], mergedContextConfiguration = [WebMergedContextConfiguration@72231684 testClass = UserGroupApiTest, locations = '{}', classes = '{class ags.goldenlionerp.GoldenLionErpApplication}', contextInitializerClasses = '[]', activeProfiles = '{}', propertySourceLocations = '{classpath:test.properties}', propertySourceProperties = '{org.springframework.boot.test.context.SpringBootTestContextBootstrapper=true}', contextCustomizers = set[org.springframework.boot.test.autoconfigure.properties.PropertyMappingContextCustomizer@0, org.springframework.boot.test.autoconfigure.web.servlet.WebDriverContextCustomizerFactory$Customizer@636d731e, [ImportsContextCustomizer@189f7d8 key = [ags.goldenlionerp.apiTests.ApiTestBase$TestConfig]], org.springframework.boot.test.context.filter.ExcludeFilterContextCustomizer@6afa5291, org.springframework.boot.test.json.DuplicateJsonObjectContextCustomizerFactory$DuplicateJsonObjectContextCustomizer@20cebcb4, org.springframework.boot.test.mock.mockito.MockitoContextCustomizer@0, org.springframework.boot.test.web.client.TestRestTemplateContextCustomizer@49a32273], resourceBasePath = 'src/main/webapp', contextLoader = 'org.springframework.boot.test.context.SpringBootContextLoader', parent = [null]], attributes = map['org.springframework.test.context.web.ServletTestExecutionListener.activateListener' -> true, 'org.springframework.test.context.web.ServletTestExecutionListener.populatedRequestContextHolder' -> true, 'org.springframework.test.context.web.ServletTestExecutionListener.resetRequestContextHolder' -> true]]
2018-12-14 17:36:00.407  INFO 9212 --- [    Test worker] o.s.t.c.transaction.TransactionContext   : Began transaction (1) for test context [DefaultTestContext@24de341b testClass = UserGroupApiTest, testInstance = ags.goldenlionerp.apiTests.system.UserGroupApiTest@676cdccc, testMethod = updateTestWithPatch@ApiTestBase, testException = [null], mergedContextConfiguration = [WebMergedContextConfiguration@72231684 testClass = UserGroupApiTest, locations = '{}', classes = '{class ags.goldenlionerp.GoldenLionErpApplication}', contextInitializerClasses = '[]', activeProfiles = '{}', propertySourceLocations = '{classpath:test.properties}', propertySourceProperties = '{org.springframework.boot.test.context.SpringBootTestContextBootstrapper=true}', contextCustomizers = set[org.springframework.boot.test.autoconfigure.properties.PropertyMappingContextCustomizer@0, org.springframework.boot.test.autoconfigure.web.servlet.WebDriverContextCustomizerFactory$Customizer@636d731e, [ImportsContextCustomizer@189f7d8 key = [ags.goldenlionerp.apiTests.ApiTestBase$TestConfig]], org.springframework.boot.test.context.filter.ExcludeFilterContextCustomizer@6afa5291, org.springframework.boot.test.json.DuplicateJsonObjectContextCustomizerFactory$DuplicateJsonObjectContextCustomizer@20cebcb4, org.springframework.boot.test.mock.mockito.MockitoContextCustomizer@0, org.springframework.boot.test.web.client.TestRestTemplateContextCustomizer@49a32273], resourceBasePath = 'src/main/webapp', contextLoader = 'org.springframework.boot.test.context.SpringBootContextLoader', parent = [null]], attributes = map['org.springframework.test.context.web.ServletTestExecutionListener.activateListener' -> true, 'org.springframework.test.context.web.ServletTestExecutionListener.populatedRequestContextHolder' -> true, 'org.springframework.test.context.web.ServletTestExecutionListener.resetRequestContextHolder' -> true]]; transaction manager [org.springframework.orm.jpa.JpaTransactionManager@76f112e2]; rollback [true]
2018-12-14 17:36:00.407  INFO 9212 --- [    Test worker] o.s.b.t.m.w.SpringBootMockServletContext : Initializing Spring FrameworkServlet ''
2018-12-14 17:36:00.407  INFO 9212 --- [    Test worker] o.s.t.web.servlet.TestDispatcherServlet  : FrameworkServlet '': initialization started
2018-12-14 17:36:00.422  INFO 9212 --- [    Test worker] o.s.t.web.servlet.TestDispatcherServlet  : FrameworkServlet '': initialization completed in 15 ms
Hibernate: select usergroup0_.scusi as scusi2_42_0_, usergroup0_.sccid as sccid3_42_0_, usergroup0_.scdtin as scdtin4_42_0_, usergroup0_.sctmin as sctmin5_42_0_, usergroup0_.scuid as scuid6_42_0_, usergroup0_.scdtlu as scdtlu7_42_0_, usergroup0_.sctmlu as sctmlu8_42_0_, usergroup0_.scuidm as scuidm9_42_0_, usergroup0_.scanum as scanum10_42_0_, usergroup0_.scaprcd as scaprcd11_42_0_, usergroup0_.scbuid as scbuid12_42_0_, usergroup0_.scmtoe as scmtoe13_42_0_, usergroup0_.scmtoe2 as scmtoe14_42_0_, usergroup0_.scmtoe1 as scmtoe15_42_0_, usergroup0_.sctagid as sctagid16_42_0_, usergroup0_.scusc as scusc17_42_0_, usergroup0_.scusg as scusg18_42_0_, usergroup0_.scusl as scusl19_42_0_, usergroup0_.scust as scust1_42_0_ from t9801 usergroup0_ where usergroup0_.scusi=? and usergroup0_.scust='G'
Hibernate: update t9801 set sccid=?, scdtlu=?, sctmlu=?, scuidm=?, scanum=?, scaprcd=?, scbuid=?, scmtoe=?, scmtoe2=?, scmtoe1=?, sctagid=?, scusc=?, scusg=?, scusl=? where scusi=?
Hibernate: select usergroup0_.scusi as scusi2_42_0_, usergroup0_.sccid as sccid3_42_0_, usergroup0_.scdtin as scdtin4_42_0_, usergroup0_.sctmin as sctmin5_42_0_, usergroup0_.scuid as scuid6_42_0_, usergroup0_.scdtlu as scdtlu7_42_0_, usergroup0_.sctmlu as sctmlu8_42_0_, usergroup0_.scuidm as scuidm9_42_0_, usergroup0_.scanum as scanum10_42_0_, usergroup0_.scaprcd as scaprcd11_42_0_, usergroup0_.scbuid as scbuid12_42_0_, usergroup0_.scmtoe as scmtoe13_42_0_, usergroup0_.scmtoe2 as scmtoe14_42_0_, usergroup0_.scmtoe1 as scmtoe15_42_0_, usergroup0_.sctagid as sctagid16_42_0_, usergroup0_.scusc as scusc17_42_0_, usergroup0_.scusg as scusg18_42_0_, usergroup0_.scusl as scusl19_42_0_, usergroup0_.scust as scust1_42_0_ from t9801 usergroup0_ where usergroup0_.scusi=? and usergroup0_.scust='G'
2018-12-14 17:36:00.454  INFO 9212 --- [    Test worker] o.s.t.c.transaction.TransactionContext   : Rolled back transaction for test: [DefaultTestContext@24de341b testClass = UserGroupApiTest, testInstance = ags.goldenlionerp.apiTests.system.UserGroupApiTest@676cdccc, testMethod = updateTestWithPatch@ApiTestBase, testException = [null], mergedContextConfiguration = [WebMergedContextConfiguration@72231684 testClass = UserGroupApiTest, locations = '{}', classes = '{class ags.goldenlionerp.GoldenLionErpApplication}', contextInitializerClasses = '[]', activeProfiles = '{}', propertySourceLocations = '{classpath:test.properties}', propertySourceProperties = '{org.springframework.boot.test.context.SpringBootTestContextBootstrapper=true}', contextCustomizers = set[org.springframework.boot.test.autoconfigure.properties.PropertyMappingContextCustomizer@0, org.springframework.boot.test.autoconfigure.web.servlet.WebDriverContextCustomizerFactory$Customizer@636d731e, [ImportsContextCustomizer@189f7d8 key = [ags.goldenlionerp.apiTests.ApiTestBase$TestConfig]], org.springframework.boot.test.context.filter.ExcludeFilterContextCustomizer@6afa5291, org.springframework.boot.test.json.DuplicateJsonObjectContextCustomizerFactory$DuplicateJsonObjectContextCustomizer@20cebcb4, org.springframework.boot.test.mock.mockito.MockitoContextCustomizer@0, org.springframework.boot.test.web.client.TestRestTemplateContextCustomizer@49a32273], resourceBasePath = 'src/main/webapp', contextLoader = 'org.springframework.boot.test.context.SpringBootContextLoader', parent = [null]], attributes = map['org.springframework.test.context.web.ServletTestExecutionListener.activateListener' -> true, 'org.springframework.test.context.web.ServletTestExecutionListener.populatedRequestContextHolder' -> true, 'org.springframework.test.context.web.ServletTestExecutionListener.resetRequestContextHolder' -> true]]
2018-12-14 17:36:00.454  INFO 9212 --- [    Test worker] o.s.t.c.transaction.TransactionContext   : Began transaction (1) for test context [DefaultTestContext@24de341b testClass = UserGroupApiTest, testInstance = ags.goldenlionerp.apiTests.system.UserGroupApiTest@48b7f420, testMethod = getTestCollection@ApiTestBase, testException = [null], mergedContextConfiguration = [WebMergedContextConfiguration@72231684 testClass = UserGroupApiTest, locations = '{}', classes = '{class ags.goldenlionerp.GoldenLionErpApplication}', contextInitializerClasses = '[]', activeProfiles = '{}', propertySourceLocations = '{classpath:test.properties}', propertySourceProperties = '{org.springframework.boot.test.context.SpringBootTestContextBootstrapper=true}', contextCustomizers = set[org.springframework.boot.test.autoconfigure.properties.PropertyMappingContextCustomizer@0, org.springframework.boot.test.autoconfigure.web.servlet.WebDriverContextCustomizerFactory$Customizer@636d731e, [ImportsContextCustomizer@189f7d8 key = [ags.goldenlionerp.apiTests.ApiTestBase$TestConfig]], org.springframework.boot.test.context.filter.ExcludeFilterContextCustomizer@6afa5291, org.springframework.boot.test.json.DuplicateJsonObjectContextCustomizerFactory$DuplicateJsonObjectContextCustomizer@20cebcb4, org.springframework.boot.test.mock.mockito.MockitoContextCustomizer@0, org.springframework.boot.test.web.client.TestRestTemplateContextCustomizer@49a32273], resourceBasePath = 'src/main/webapp', contextLoader = 'org.springframework.boot.test.context.SpringBootContextLoader', parent = [null]], attributes = map['org.springframework.test.context.web.ServletTestExecutionListener.activateListener' -> true, 'org.springframework.test.context.web.ServletTestExecutionListener.populatedRequestContextHolder' -> true, 'org.springframework.test.context.web.ServletTestExecutionListener.resetRequestContextHolder' -> true]]; transaction manager [org.springframework.orm.jpa.JpaTransactionManager@76f112e2]; rollback [true]
2018-12-14 17:36:00.469  INFO 9212 --- [    Test worker] o.s.b.t.m.w.SpringBootMockServletContext : Initializing Spring FrameworkServlet ''
2018-12-14 17:36:00.469  INFO 9212 --- [    Test worker] o.s.t.web.servlet.TestDispatcherServlet  : FrameworkServlet '': initialization started
2018-12-14 17:36:00.469  INFO 9212 --- [    Test worker] o.s.t.web.servlet.TestDispatcherServlet  : FrameworkServlet '': initialization completed in 0 ms
Hibernate: select TOP(?) usergroup0_.scusi as scusi2_42_, usergroup0_.sccid as sccid3_42_, usergroup0_.scdtin as scdtin4_42_, usergroup0_.sctmin as sctmin5_42_, usergroup0_.scuid as scuid6_42_, usergroup0_.scdtlu as scdtlu7_42_, usergroup0_.sctmlu as sctmlu8_42_, usergroup0_.scuidm as scuidm9_42_, usergroup0_.scanum as scanum10_42_, usergroup0_.scaprcd as scaprcd11_42_, usergroup0_.scbuid as scbuid12_42_, usergroup0_.scmtoe as scmtoe13_42_, usergroup0_.scmtoe2 as scmtoe14_42_, usergroup0_.scmtoe1 as scmtoe15_42_, usergroup0_.sctagid as sctagid16_42_, usergroup0_.scusc as scusc17_42_, usergroup0_.scusg as scusg18_42_, usergroup0_.scusl as scusl19_42_, usergroup0_.scust as scust1_42_ from t9801 usergroup0_ where usergroup0_.scust='G'

MockHttpServletRequest:
      HTTP Method = GET
      Request URI = /api/userGroups/
       Parameters = {}
          Headers = {Accept=[application/json]}
             Body = <no character encoding set>
    Session Attrs = {org.springframework.security.web.csrf.HttpSessionCsrfTokenRepository.CSRF_TOKEN=org.springframework.security.web.csrf.DefaultCsrfToken@7a1d3be9, SPRING_SECURITY_CONTEXT=org.springframework.security.core.context.SecurityContextImpl@475fcd89: Authentication: org.springframework.security.authentication.UsernamePasswordAuthenticationToken@475fcd89: Principal: org.springframework.security.core.userdetails.User@f02988d6: Username: username; Password: [PROTECTED]; Enabled: true; AccountNonExpired: true; credentialsNonExpired: true; AccountNonLocked: true; Not granted any authorities; Credentials: [PROTECTED]; Authenticated: true; Details: null; Not granted any authorities}

Handler:
             Type = org.springframework.data.rest.webmvc.RepositoryEntityController
           Method = public org.springframework.hateoas.Resources<?> org.springframework.data.rest.webmvc.RepositoryEntityController.getCollectionResource(org.springframework.data.rest.webmvc.RootResourceInformation,org.springframework.data.rest.webmvc.support.DefaultedPageable,org.springframework.data.domain.Sort,org.springframework.data.rest.webmvc.PersistentEntityResourceAssembler) throws org.springframework.data.rest.webmvc.ResourceNotFoundException,org.springframework.web.HttpRequestMethodNotSupportedException

Async:
    Async started = false
     Async result = null

Resolved Exception:
             Type = null

ModelAndView:
        View name = null
             View = null
            Model = null

FlashMap:
       Attributes = null

MockHttpServletResponse:
           Status = 200
    Error message = null
          Headers = {Content-Type=[application/json;charset=UTF-8], X-Content-Type-Options=[nosniff], X-XSS-Protection=[1; mode=block], Cache-Control=[no-cache, no-store, max-age=0, must-revalidate], Pragma=[no-cache], Expires=[0], X-Frame-Options=[DENY]}
     Content type = application/json;charset=UTF-8
             Body = {
  "_embedded" : {
    "userGroups" : [ {
      "inputUserId" : "",
      "lastUpdateUserId" : "",
      "computerId" : "",
      "userSecurityId" : "ADM ACCOUNTING",
      "userSecurityLevel" : 7,
      "userSecurityGroupId" : "",
      "userSecurityType" : "G",
      "addressNumber" : "",
      "menuToExecuteBOS" : "MH00",
      "menuToExecutePOS" : "",
      "menuToExecuteHOS" : "",
      "tagId" : "",
      "approvalRouteCode" : "",
      "businessUnitId" : "110",
      "lastUpdateDateTime" : null,
      "inputDateTime" : null,
      "_links" : {
        "self" : {
          "href" : "http://localhost/api/userGroups/ADM_ACCOUNTING"
        },
        "userGroup" : {
          "href" : "http://localhost/api/userGroups/ADM_ACCOUNTING"
        },
        "password" : {
          "href" : "http://localhost/api/userGroups/ADM_ACCOUNTING/password"
        }
      }
    }, {
      "inputUserId" : "",
      "lastUpdateUserId" : "",
      "computerId" : "",
      "userSecurityId" : "ADM AR",
      "userSecurityLevel" : 4,
      "userSecurityGroupId" : "",
      "userSecurityType" : "G",
      "addressNumber" : "",
      "menuToExecuteBOS" : "MH00",
      "menuToExecutePOS" : "",
      "menuToExecuteHOS" : "",
      "tagId" : "",
      "approvalRouteCode" : "",
      "businessUnitId" : "110",
      "lastUpdateDateTime" : null,
      "inputDateTime" : null,
      "_links" : {
        "self" : {
          "href" : "http://localhost/api/userGroups/ADM_AR"
        },
        "userGroup" : {
          "href" : "http://localhost/api/userGroups/ADM_AR"
        },
        "password" : {
          "href" : "http://localhost/api/userGroups/ADM_AR/password"
        }
      }
    }, {
      "inputUserId" : "",
      "lastUpdateUserId" : "",
      "computerId" : "",
      "userSecurityId" : "ADMIN GUDANG",
      "userSecurityLevel" : 4,
      "userSecurityGroupId" : "",
      "userSecurityType" : "G",
      "addressNumber" : "",
      "menuToExecuteBOS" : "MH00",
      "menuToExecutePOS" : "",
      "menuToExecuteHOS" : "",
      "tagId" : "",
      "approvalRouteCode" : "",
      "businessUnitId" : "110",
      "lastUpdateDateTime" : null,
      "inputDateTime" : null,
      "_links" : {
        "self" : {
          "href" : "http://localhost/api/userGroups/ADMIN_GUDANG"
        },
        "userGroup" : {
          "href" : "http://localhost/api/userGroups/ADMIN_GUDANG"
        },
        "password" : {
          "href" : "http://localhost/api/userGroups/ADMIN_GUDANG/password"
        }
      }
    }, {
      "inputUserId" : "",
      "lastUpdateUserId" : "",
      "computerId" : "",
      "userSecurityId" : "ADMIN PENJUALAN",
      "userSecurityLevel" : 4,
      "userSecurityGroupId" : "",
      "userSecurityType" : "G",
      "addressNumber" : "",
      "menuToExecuteBOS" : "MH00",
      "menuToExecutePOS" : "",
      "menuToExecuteHOS" : "",
      "tagId" : "",
      "approvalRouteCode" : "",
      "businessUnitId" : "110",
      "lastUpdateDateTime" : null,
      "inputDateTime" : null,
      "_links" : {
        "self" : {
          "href" : "http://localhost/api/userGroups/ADMIN_PENJUALAN"
        },
        "userGroup" : {
          "href" : "http://localhost/api/userGroups/ADMIN_PENJUALAN"
        },
        "password" : {
          "href" : "http://localhost/api/userGroups/ADMIN_PENJUALAN/password"
        }
      }
    }, {
      "inputUserId" : "",
      "lastUpdateUserId" : "",
      "computerId" : "",
      "userSecurityId" : "PEMBELIAN",
      "userSecurityLevel" : 7,
      "userSecurityGroupId" : "",
      "userSecurityType" : "G",
      "addressNumber" : "",
      "menuToExecuteBOS" : "MH00",
      "menuToExecutePOS" : "",
      "menuToExecuteHOS" : "",
      "tagId" : "",
      "approvalRouteCode" : "",
      "businessUnitId" : "110",
      "lastUpdateDateTime" : null,
      "inputDateTime" : null,
      "_links" : {
        "self" : {
          "href" : "http://localhost/api/userGroups/PEMBELIAN"
        },
        "userGroup" : {
          "href" : "http://localhost/api/userGroups/PEMBELIAN"
        },
        "password" : {
          "href" : "http://localhost/api/userGroups/PEMBELIAN/password"
        }
      }
    }, {
      "inputUserId" : "",
      "lastUpdateUserId" : "",
      "computerId" : "",
      "userSecurityId" : "TESGRUP",
      "userSecurityLevel" : 5,
      "userSecurityGroupId" : "",
      "userSecurityType" : "G",
      "addressNumber" : "0100",
      "menuToExecuteBOS" : "MENU00",
      "menuToExecutePOS" : "MH00",
      "menuToExecuteHOS" : "MT03",
      "tagId" : "123654",
      "approvalRouteCode" : "APR_PO",
      "businessUnitId" : "100",
      "lastUpdateDateTime" : null,
      "inputDateTime" : null,
      "_links" : {
        "self" : {
          "href" : "http://localhost/api/userGroups/TESGRUP"
        },
        "userGroup" : {
          "href" : "http://localhost/api/userGroups/TESGRUP"
        },
        "password" : {
          "href" : "http://localhost/api/userGroups/TESGRUP/password"
        }
      }
    } ]
  },
  "_links" : {
    "self" : {
      "href" : "http://localhost/api/userGroups{?page,size,sort}",
      "templated" : true
    },
    "profile" : {
      "href" : "http://localhost/api/profile/userGroups"
    }
  },
  "page" : {
    "size" : 20,
    "totalElements" : 6,
    "totalPages" : 1,
    "number" : 0
  }
}
    Forwarded URL = null
   Redirected URL = null
          Cookies = []
2018-12-14 17:36:00.469  INFO 9212 --- [    Test worker] o.s.t.c.transaction.TransactionContext   : Rolled back transaction for test: [DefaultTestContext@24de341b testClass = UserGroupApiTest, testInstance = ags.goldenlionerp.apiTests.system.UserGroupApiTest@48b7f420, testMethod = getTestCollection@ApiTestBase, testException = [null], mergedContextConfiguration = [WebMergedContextConfiguration@72231684 testClass = UserGroupApiTest, locations = '{}', classes = '{class ags.goldenlionerp.GoldenLionErpApplication}', contextInitializerClasses = '[]', activeProfiles = '{}', propertySourceLocations = '{classpath:test.properties}', propertySourceProperties = '{org.springframework.boot.test.context.SpringBootTestContextBootstrapper=true}', contextCustomizers = set[org.springframework.boot.test.autoconfigure.properties.PropertyMappingContextCustomizer@0, org.springframework.boot.test.autoconfigure.web.servlet.WebDriverContextCustomizerFactory$Customizer@636d731e, [ImportsContextCustomizer@189f7d8 key = [ags.goldenlionerp.apiTests.ApiTestBase$TestConfig]], org.springframework.boot.test.context.filter.ExcludeFilterContextCustomizer@6afa5291, org.springframework.boot.test.json.DuplicateJsonObjectContextCustomizerFactory$DuplicateJsonObjectContextCustomizer@20cebcb4, org.springframework.boot.test.mock.mockito.MockitoContextCustomizer@0, org.springframework.boot.test.web.client.TestRestTemplateContextCustomizer@49a32273], resourceBasePath = 'src/main/webapp', contextLoader = 'org.springframework.boot.test.context.SpringBootContextLoader', parent = [null]], attributes = map['org.springframework.test.context.web.ServletTestExecutionListener.activateListener' -> true, 'org.springframework.test.context.web.ServletTestExecutionListener.populatedRequestContextHolder' -> true, 'org.springframework.test.context.web.ServletTestExecutionListener.resetRequestContextHolder' -> true]]
2018-12-14 17:36:00.469  INFO 9212 --- [    Test worker] o.s.t.c.transaction.TransactionContext   : Began transaction (1) for test context [DefaultTestContext@24de341b testClass = UserGroupApiTest, testInstance = ags.goldenlionerp.apiTests.system.UserGroupApiTest@1839eeca, testMethod = createTestWithPut@ApiTestBase, testException = [null], mergedContextConfiguration = [WebMergedContextConfiguration@72231684 testClass = UserGroupApiTest, locations = '{}', classes = '{class ags.goldenlionerp.GoldenLionErpApplication}', contextInitializerClasses = '[]', activeProfiles = '{}', propertySourceLocations = '{classpath:test.properties}', propertySourceProperties = '{org.springframework.boot.test.context.SpringBootTestContextBootstrapper=true}', contextCustomizers = set[org.springframework.boot.test.autoconfigure.properties.PropertyMappingContextCustomizer@0, org.springframework.boot.test.autoconfigure.web.servlet.WebDriverContextCustomizerFactory$Customizer@636d731e, [ImportsContextCustomizer@189f7d8 key = [ags.goldenlionerp.apiTests.ApiTestBase$TestConfig]], org.springframework.boot.test.context.filter.ExcludeFilterContextCustomizer@6afa5291, org.springframework.boot.test.json.DuplicateJsonObjectContextCustomizerFactory$DuplicateJsonObjectContextCustomizer@20cebcb4, org.springframework.boot.test.mock.mockito.MockitoContextCustomizer@0, org.springframework.boot.test.web.client.TestRestTemplateContextCustomizer@49a32273], resourceBasePath = 'src/main/webapp', contextLoader = 'org.springframework.boot.test.context.SpringBootContextLoader', parent = [null]], attributes = map['org.springframework.test.context.web.ServletTestExecutionListener.activateListener' -> true, 'org.springframework.test.context.web.ServletTestExecutionListener.populatedRequestContextHolder' -> true, 'org.springframework.test.context.web.ServletTestExecutionListener.resetRequestContextHolder' -> true]]; transaction manager [org.springframework.orm.jpa.JpaTransactionManager@76f112e2]; rollback [true]
2018-12-14 17:36:00.485  INFO 9212 --- [    Test worker] o.s.b.t.m.w.SpringBootMockServletContext : Initializing Spring FrameworkServlet ''
2018-12-14 17:36:00.485  INFO 9212 --- [    Test worker] o.s.t.web.servlet.TestDispatcherServlet  : FrameworkServlet '': initialization started
2018-12-14 17:36:00.485  INFO 9212 --- [    Test worker] o.s.t.web.servlet.TestDispatcherServlet  : FrameworkServlet '': initialization completed in 0 ms
Hibernate: select usergroup0_.scusi as scusi2_42_0_, usergroup0_.sccid as sccid3_42_0_, usergroup0_.scdtin as scdtin4_42_0_, usergroup0_.sctmin as sctmin5_42_0_, usergroup0_.scuid as scuid6_42_0_, usergroup0_.scdtlu as scdtlu7_42_0_, usergroup0_.sctmlu as sctmlu8_42_0_, usergroup0_.scuidm as scuidm9_42_0_, usergroup0_.scanum as scanum10_42_0_, usergroup0_.scaprcd as scaprcd11_42_0_, usergroup0_.scbuid as scbuid12_42_0_, usergroup0_.scmtoe as scmtoe13_42_0_, usergroup0_.scmtoe2 as scmtoe14_42_0_, usergroup0_.scmtoe1 as scmtoe15_42_0_, usergroup0_.sctagid as sctagid16_42_0_, usergroup0_.scusc as scusc17_42_0_, usergroup0_.scusg as scusg18_42_0_, usergroup0_.scusl as scusl19_42_0_, usergroup0_.scust as scust1_42_0_ from t9801 usergroup0_ where usergroup0_.scusi=? and usergroup0_.scust='G'
2018-12-14 17:36:00.501  INFO 9212 --- [    Test worker] o.s.t.c.transaction.TransactionContext   : Rolled back transaction for test: [DefaultTestContext@24de341b testClass = UserGroupApiTest, testInstance = ags.goldenlionerp.apiTests.system.UserGroupApiTest@1839eeca, testMethod = createTestWithPut@ApiTestBase, testException = [null], mergedContextConfiguration = [WebMergedContextConfiguration@72231684 testClass = UserGroupApiTest, locations = '{}', classes = '{class ags.goldenlionerp.GoldenLionErpApplication}', contextInitializerClasses = '[]', activeProfiles = '{}', propertySourceLocations = '{classpath:test.properties}', propertySourceProperties = '{org.springframework.boot.test.context.SpringBootTestContextBootstrapper=true}', contextCustomizers = set[org.springframework.boot.test.autoconfigure.properties.PropertyMappingContextCustomizer@0, org.springframework.boot.test.autoconfigure.web.servlet.WebDriverContextCustomizerFactory$Customizer@636d731e, [ImportsContextCustomizer@189f7d8 key = [ags.goldenlionerp.apiTests.ApiTestBase$TestConfig]], org.springframework.boot.test.context.filter.ExcludeFilterContextCustomizer@6afa5291, org.springframework.boot.test.json.DuplicateJsonObjectContextCustomizerFactory$DuplicateJsonObjectContextCustomizer@20cebcb4, org.springframework.boot.test.mock.mockito.MockitoContextCustomizer@0, org.springframework.boot.test.web.client.TestRestTemplateContextCustomizer@49a32273], resourceBasePath = 'src/main/webapp', contextLoader = 'org.springframework.boot.test.context.SpringBootContextLoader', parent = [null]], attributes = map['org.springframework.test.context.web.ServletTestExecutionListener.activateListener' -> true, 'org.springframework.test.context.web.ServletTestExecutionListener.populatedRequestContextHolder' -> true, 'org.springframework.test.context.web.ServletTestExecutionListener.resetRequestContextHolder' -> true]]
2018-12-14 17:36:00.501  INFO 9212 --- [    Test worker] o.s.t.c.transaction.TransactionContext   : Began transaction (1) for test context [DefaultTestContext@24de341b testClass = UserGroupApiTest, testInstance = ags.goldenlionerp.apiTests.system.UserGroupApiTest@10124fac, testMethod = deleteTest@ApiTestBase, testException = [null], mergedContextConfiguration = [WebMergedContextConfiguration@72231684 testClass = UserGroupApiTest, locations = '{}', classes = '{class ags.goldenlionerp.GoldenLionErpApplication}', contextInitializerClasses = '[]', activeProfiles = '{}', propertySourceLocations = '{classpath:test.properties}', propertySourceProperties = '{org.springframework.boot.test.context.SpringBootTestContextBootstrapper=true}', contextCustomizers = set[org.springframework.boot.test.autoconfigure.properties.PropertyMappingContextCustomizer@0, org.springframework.boot.test.autoconfigure.web.servlet.WebDriverContextCustomizerFactory$Customizer@636d731e, [ImportsContextCustomizer@189f7d8 key = [ags.goldenlionerp.apiTests.ApiTestBase$TestConfig]], org.springframework.boot.test.context.filter.ExcludeFilterContextCustomizer@6afa5291, org.springframework.boot.test.json.DuplicateJsonObjectContextCustomizerFactory$DuplicateJsonObjectContextCustomizer@20cebcb4, org.springframework.boot.test.mock.mockito.MockitoContextCustomizer@0, org.springframework.boot.test.web.client.TestRestTemplateContextCustomizer@49a32273], resourceBasePath = 'src/main/webapp', contextLoader = 'org.springframework.boot.test.context.SpringBootContextLoader', parent = [null]], attributes = map['org.springframework.test.context.web.ServletTestExecutionListener.activateListener' -> true, 'org.springframework.test.context.web.ServletTestExecutionListener.populatedRequestContextHolder' -> true, 'org.springframework.test.context.web.ServletTestExecutionListener.resetRequestContextHolder' -> true]]; transaction manager [org.springframework.orm.jpa.JpaTransactionManager@76f112e2]; rollback [true]
2018-12-14 17:36:00.501  INFO 9212 --- [    Test worker] o.s.b.t.m.w.SpringBootMockServletContext : Initializing Spring FrameworkServlet ''
2018-12-14 17:36:00.501  INFO 9212 --- [    Test worker] o.s.t.web.servlet.TestDispatcherServlet  : FrameworkServlet '': initialization started
2018-12-14 17:36:00.501  INFO 9212 --- [    Test worker] o.s.t.web.servlet.TestDispatcherServlet  : FrameworkServlet '': initialization completed in 0 ms
Hibernate: select usergroup0_.scusi as scusi2_42_0_, usergroup0_.sccid as sccid3_42_0_, usergroup0_.scdtin as scdtin4_42_0_, usergroup0_.sctmin as sctmin5_42_0_, usergroup0_.scuid as scuid6_42_0_, usergroup0_.scdtlu as scdtlu7_42_0_, usergroup0_.sctmlu as sctmlu8_42_0_, usergroup0_.scuidm as scuidm9_42_0_, usergroup0_.scanum as scanum10_42_0_, usergroup0_.scaprcd as scaprcd11_42_0_, usergroup0_.scbuid as scbuid12_42_0_, usergroup0_.scmtoe as scmtoe13_42_0_, usergroup0_.scmtoe2 as scmtoe14_42_0_, usergroup0_.scmtoe1 as scmtoe15_42_0_, usergroup0_.sctagid as sctagid16_42_0_, usergroup0_.scusc as scusc17_42_0_, usergroup0_.scusg as scusg18_42_0_, usergroup0_.scusl as scusl19_42_0_, usergroup0_.scust as scust1_42_0_ from t9801 usergroup0_ where usergroup0_.scusi=? and usergroup0_.scust='G'
2018-12-14 17:36:00.516  INFO 9212 --- [    Test worker] o.s.t.c.transaction.TransactionContext   : Rolled back transaction for test: [DefaultTestContext@24de341b testClass = UserGroupApiTest, testInstance = ags.goldenlionerp.apiTests.system.UserGroupApiTest@10124fac, testMethod = deleteTest@ApiTestBase, testException = [null], mergedContextConfiguration = [WebMergedContextConfiguration@72231684 testClass = UserGroupApiTest, locations = '{}', classes = '{class ags.goldenlionerp.GoldenLionErpApplication}', contextInitializerClasses = '[]', activeProfiles = '{}', propertySourceLocations = '{classpath:test.properties}', propertySourceProperties = '{org.springframework.boot.test.context.SpringBootTestContextBootstrapper=true}', contextCustomizers = set[org.springframework.boot.test.autoconfigure.properties.PropertyMappingContextCustomizer@0, org.springframework.boot.test.autoconfigure.web.servlet.WebDriverContextCustomizerFactory$Customizer@636d731e, [ImportsContextCustomizer@189f7d8 key = [ags.goldenlionerp.apiTests.ApiTestBase$TestConfig]], org.springframework.boot.test.context.filter.ExcludeFilterContextCustomizer@6afa5291, org.springframework.boot.test.json.DuplicateJsonObjectContextCustomizerFactory$DuplicateJsonObjectContextCustomizer@20cebcb4, org.springframework.boot.test.mock.mockito.MockitoContextCustomizer@0, org.springframework.boot.test.web.client.TestRestTemplateContextCustomizer@49a32273], resourceBasePath = 'src/main/webapp', contextLoader = 'org.springframework.boot.test.context.SpringBootContextLoader', parent = [null]], attributes = map['org.springframework.test.context.web.ServletTestExecutionListener.activateListener' -> true, 'org.springframework.test.context.web.ServletTestExecutionListener.populatedRequestContextHolder' -> true, 'org.springframework.test.context.web.ServletTestExecutionListener.resetRequestContextHolder' -> true]]
2018-12-14 17:36:00.516  INFO 9212 --- [    Test worker] o.s.t.c.transaction.TransactionContext   : Began transaction (1) for test context [DefaultTestContext@24de341b testClass = UserGroupApiTest, testInstance = ags.goldenlionerp.apiTests.system.UserGroupApiTest@498bdc8, testMethod = createTestWithPost@ApiTestBase, testException = [null], mergedContextConfiguration = [WebMergedContextConfiguration@72231684 testClass = UserGroupApiTest, locations = '{}', classes = '{class ags.goldenlionerp.GoldenLionErpApplication}', contextInitializerClasses = '[]', activeProfiles = '{}', propertySourceLocations = '{classpath:test.properties}', propertySourceProperties = '{org.springframework.boot.test.context.SpringBootTestContextBootstrapper=true}', contextCustomizers = set[org.springframework.boot.test.autoconfigure.properties.PropertyMappingContextCustomizer@0, org.springframework.boot.test.autoconfigure.web.servlet.WebDriverContextCustomizerFactory$Customizer@636d731e, [ImportsContextCustomizer@189f7d8 key = [ags.goldenlionerp.apiTests.ApiTestBase$TestConfig]], org.springframework.boot.test.context.filter.ExcludeFilterContextCustomizer@6afa5291, org.springframework.boot.test.json.DuplicateJsonObjectContextCustomizerFactory$DuplicateJsonObjectContextCustomizer@20cebcb4, org.springframework.boot.test.mock.mockito.MockitoContextCustomizer@0, org.springframework.boot.test.web.client.TestRestTemplateContextCustomizer@49a32273], resourceBasePath = 'src/main/webapp', contextLoader = 'org.springframework.boot.test.context.SpringBootContextLoader', parent = [null]], attributes = map['org.springframework.test.context.web.ServletTestExecutionListener.activateListener' -> true, 'org.springframework.test.context.web.ServletTestExecutionListener.populatedRequestContextHolder' -> true, 'org.springframework.test.context.web.ServletTestExecutionListener.resetRequestContextHolder' -> true]]; transaction manager [org.springframework.orm.jpa.JpaTransactionManager@76f112e2]; rollback [true]
2018-12-14 17:36:00.516  INFO 9212 --- [    Test worker] o.s.b.t.m.w.SpringBootMockServletContext : Initializing Spring FrameworkServlet ''
2018-12-14 17:36:00.516  INFO 9212 --- [    Test worker] o.s.t.web.servlet.TestDispatcherServlet  : FrameworkServlet '': initialization started
2018-12-14 17:36:00.532  INFO 9212 --- [    Test worker] o.s.t.web.servlet.TestDispatcherServlet  : FrameworkServlet '': initialization completed in 16 ms
Hibernate: select usergroup0_.scusi as scusi2_42_0_, usergroup0_.sccid as sccid3_42_0_, usergroup0_.scdtin as scdtin4_42_0_, usergroup0_.sctmin as sctmin5_42_0_, usergroup0_.scuid as scuid6_42_0_, usergroup0_.scdtlu as scdtlu7_42_0_, usergroup0_.sctmlu as sctmlu8_42_0_, usergroup0_.scuidm as scuidm9_42_0_, usergroup0_.scanum as scanum10_42_0_, usergroup0_.scaprcd as scaprcd11_42_0_, usergroup0_.scbuid as scbuid12_42_0_, usergroup0_.scmtoe as scmtoe13_42_0_, usergroup0_.scmtoe2 as scmtoe14_42_0_, usergroup0_.scmtoe1 as scmtoe15_42_0_, usergroup0_.sctagid as sctagid16_42_0_, usergroup0_.scusc as scusc17_42_0_, usergroup0_.scusg as scusg18_42_0_, usergroup0_.scusl as scusl19_42_0_, usergroup0_.scust as scust1_42_0_ from t9801 usergroup0_ where usergroup0_.scusi=? and usergroup0_.scust='G'
Hibernate: select count(*) as col_0_0_ from t9801 usergroup0_ where usergroup0_.scust='G' and usergroup0_.scusi=?
Hibernate: select usergroup0_.scusi as scusi2_42_0_, usergroup0_.sccid as sccid3_42_0_, usergroup0_.scdtin as scdtin4_42_0_, usergroup0_.sctmin as sctmin5_42_0_, usergroup0_.scuid as scuid6_42_0_, usergroup0_.scdtlu as scdtlu7_42_0_, usergroup0_.sctmlu as sctmlu8_42_0_, usergroup0_.scuidm as scuidm9_42_0_, usergroup0_.scanum as scanum10_42_0_, usergroup0_.scaprcd as scaprcd11_42_0_, usergroup0_.scbuid as scbuid12_42_0_, usergroup0_.scmtoe as scmtoe13_42_0_, usergroup0_.scmtoe2 as scmtoe14_42_0_, usergroup0_.scmtoe1 as scmtoe15_42_0_, usergroup0_.sctagid as sctagid16_42_0_, usergroup0_.scusc as scusc17_42_0_, usergroup0_.scusg as scusg18_42_0_, usergroup0_.scusl as scusl19_42_0_, usergroup0_.scust as scust1_42_0_ from t9801 usergroup0_ where usergroup0_.scusi=? and usergroup0_.scust='G'
Hibernate: insert into t9801 (sccid, scdtin, sctmin, scuid, scdtlu, sctmlu, scuidm, scanum, scaprcd, scbuid, scmtoe, scmtoe2, scmtoe1, sctagid, scusc, scusg, scusl, scust, scusi) values (?, ?, ?, ?, ?, ?, ?, ?, ?, ?, ?, ?, ?, ?, ?, ?, ?, 'G', ?)
Hibernate: select usergroup0_.scusi as scusi2_42_0_, usergroup0_.sccid as sccid3_42_0_, usergroup0_.scdtin as scdtin4_42_0_, usergroup0_.sctmin as sctmin5_42_0_, usergroup0_.scuid as scuid6_42_0_, usergroup0_.scdtlu as scdtlu7_42_0_, usergroup0_.sctmlu as sctmlu8_42_0_, usergroup0_.scuidm as scuidm9_42_0_, usergroup0_.scanum as scanum10_42_0_, usergroup0_.scaprcd as scaprcd11_42_0_, usergroup0_.scbuid as scbuid12_42_0_, usergroup0_.scmtoe as scmtoe13_42_0_, usergroup0_.scmtoe2 as scmtoe14_42_0_, usergroup0_.scmtoe1 as scmtoe15_42_0_, usergroup0_.sctagid as sctagid16_42_0_, usergroup0_.scusc as scusc17_42_0_, usergroup0_.scusg as scusg18_42_0_, usergroup0_.scusl as scusl19_42_0_, usergroup0_.scust as scust1_42_0_ from t9801 usergroup0_ where usergroup0_.scusi=? and usergroup0_.scust='G'

MockHttpServletRequest:
      HTTP Method = GET
      Request URI = /api/userGroups/SALMONGROUP
       Parameters = {}
          Headers = {Accept=[application/json]}
             Body = <no character encoding set>
    Session Attrs = {org.springframework.security.web.csrf.HttpSessionCsrfTokenRepository.CSRF_TOKEN=org.springframework.security.web.csrf.DefaultCsrfToken@326ed43a, SPRING_SECURITY_CONTEXT=org.springframework.security.core.context.SecurityContextImpl@475fcd89: Authentication: org.springframework.security.authentication.UsernamePasswordAuthenticationToken@475fcd89: Principal: org.springframework.security.core.userdetails.User@f02988d6: Username: username; Password: [PROTECTED]; Enabled: true; AccountNonExpired: true; credentialsNonExpired: true; AccountNonLocked: true; Not granted any authorities; Credentials: [PROTECTED]; Authenticated: true; Details: null; Not granted any authorities}

Handler:
             Type = org.springframework.data.rest.webmvc.RepositoryEntityController
           Method = public org.springframework.http.ResponseEntity<org.springframework.hateoas.Resource<?>> org.springframework.data.rest.webmvc.RepositoryEntityController.getItemResource(org.springframework.data.rest.webmvc.RootResourceInformation,java.io.Serializable,org.springframework.data.rest.webmvc.PersistentEntityResourceAssembler,org.springframework.http.HttpHeaders) throws org.springframework.web.HttpRequestMethodNotSupportedException

Async:
    Async started = false
     Async result = null

Resolved Exception:
             Type = null

ModelAndView:
        View name = null
             View = null
            Model = null

FlashMap:
       Attributes = null

MockHttpServletResponse:
           Status = 200
    Error message = null
          Headers = {Content-Type=[application/json;charset=UTF-8], X-Content-Type-Options=[nosniff], X-XSS-Protection=[1; mode=block], Cache-Control=[no-cache, no-store, max-age=0, must-revalidate], Pragma=[no-cache], Expires=[0], X-Frame-Options=[DENY]}
     Content type = application/json;charset=UTF-8
             Body = {
  "inputUserId" : "username",
  "lastUpdateUserId" : "username",
  "computerId" : "username",
  "userSecurityId" : "SALMONGROUP",
  "userSecurityLevel" : 5,
  "userSecurityGroupId" : "",
  "userSecurityType" : "G",
  "addressNumber" : "",
  "menuToExecuteBOS" : "MH10",
  "menuToExecutePOS" : "",
  "menuToExecuteHOS" : "",
  "tagId" : "",
  "approvalRouteCode" : "",
  "businessUnitId" : "110",
  "lastUpdateDateTime" : "2018-12-14T17:36:00",
  "inputDateTime" : "2018-12-14T17:36:00",
  "_links" : {
    "self" : {
      "href" : "http://localhost/api/userGroups/SALMONGROUP"
    },
    "userGroup" : {
      "href" : "http://localhost/api/userGroups/SALMONGROUP"
    },
    "password" : {
      "href" : "http://localhost/api/userGroups/SALMONGROUP/password"
    }
  }
}
    Forwarded URL = null
   Redirected URL = null
          Cookies = []
2018-12-14 17:36:00.563  INFO 9212 --- [    Test worker] o.s.t.c.transaction.TransactionContext   : Rolled back transaction for test: [DefaultTestContext@24de341b testClass = UserGroupApiTest, testInstance = ags.goldenlionerp.apiTests.system.UserGroupApiTest@498bdc8, testMethod = createTestWithPost@ApiTestBase, testException = [null], mergedContextConfiguration = [WebMergedContextConfiguration@72231684 testClass = UserGroupApiTest, locations = '{}', classes = '{class ags.goldenlionerp.GoldenLionErpApplication}', contextInitializerClasses = '[]', activeProfiles = '{}', propertySourceLocations = '{classpath:test.properties}', propertySourceProperties = '{org.springframework.boot.test.context.SpringBootTestContextBootstrapper=true}', contextCustomizers = set[org.springframework.boot.test.autoconfigure.properties.PropertyMappingContextCustomizer@0, org.springframework.boot.test.autoconfigure.web.servlet.WebDriverContextCustomizerFactory$Customizer@636d731e, [ImportsContextCustomizer@189f7d8 key = [ags.goldenlionerp.apiTests.ApiTestBase$TestConfig]], org.springframework.boot.test.context.filter.ExcludeFilterContextCustomizer@6afa5291, org.springframework.boot.test.json.DuplicateJsonObjectContextCustomizerFactory$DuplicateJsonObjectContextCustomizer@20cebcb4, org.springframework.boot.test.mock.mockito.MockitoContextCustomizer@0, org.springframework.boot.test.web.client.TestRestTemplateContextCustomizer@49a32273], resourceBasePath = 'src/main/webapp', contextLoader = 'org.springframework.boot.test.context.SpringBootContextLoader', parent = [null]], attributes = map['org.springframework.test.context.web.ServletTestExecutionListener.activateListener' -> true, 'org.springframework.test.context.web.ServletTestExecutionListener.populatedRequestContextHolder' -> true, 'org.springframework.test.context.web.ServletTestExecutionListener.resetRequestContextHolder' -> true]]
]]></system-out>
  <system-err><![CDATA[]]></system-err>
</testsuite>
