<?xml version="1.0" encoding="UTF-8"?>
<testsuite name="ags.goldenlionerp.apiTests.setups.CompanyApiTest" tests="7" skipped="2" failures="0" errors="0" timestamp="2018-12-27T04:25:57" hostname="LAPTOP-FHFRCCL6" time="0.318">
  <properties/>
  <testcase name="getTestSingle" classname="ags.goldenlionerp.apiTests.setups.CompanyApiTest" time="0.032"/>
  <testcase name="getTestCollection" classname="ags.goldenlionerp.apiTests.setups.CompanyApiTest" time="0.042"/>
  <testcase name="updateTestWithPut" classname="ags.goldenlionerp.apiTests.setups.CompanyApiTest" time="0.032"/>
  <testcase name="updateTestWithPatch" classname="ags.goldenlionerp.apiTests.setups.CompanyApiTest" time="0.091"/>
  <testcase name="createTestWithPut" classname="ags.goldenlionerp.apiTests.setups.CompanyApiTest" time="0.033">
    <skipped/>
  </testcase>
  <testcase name="deleteTest" classname="ags.goldenlionerp.apiTests.setups.CompanyApiTest" time="0.055"/>
  <testcase name="createTestWithPost" classname="ags.goldenlionerp.apiTests.setups.CompanyApiTest" time="0.027">
    <skipped/>
  </testcase>
  <system-out><![CDATA[2018-12-27 11:25:57.048  INFO 2120 --- [    Test worker] .b.t.c.SpringBootTestContextBootstrapper : Neither @ContextConfiguration nor @ContextHierarchy found for test class [ags.goldenlionerp.apiTests.setups.CompanyApiTest], using SpringBootContextLoader
2018-12-27 11:25:57.049  INFO 2120 --- [    Test worker] o.s.t.c.support.AbstractContextLoader    : Could not detect default resource locations for test class [ags.goldenlionerp.apiTests.setups.CompanyApiTest]: no resource found for suffixes {-context.xml, Context.groovy}.
2018-12-27 11:25:57.049  INFO 2120 --- [    Test worker] t.c.s.AnnotationConfigContextLoaderUtils : Could not detect default configuration classes for test class [ags.goldenlionerp.apiTests.setups.CompanyApiTest]: CompanyApiTest does not declare any static, non-private, non-final, nested classes annotated with @Configuration.
2018-12-27 11:25:57.054  INFO 2120 --- [    Test worker] .b.t.c.SpringBootTestContextBootstrapper : Found @SpringBootConfiguration ags.goldenlionerp.GoldenLionErpApplication for test class ags.goldenlionerp.apiTests.setups.CompanyApiTest
2018-12-27 11:25:57.057  INFO 2120 --- [    Test worker] .b.t.c.SpringBootTestContextBootstrapper : Loaded default TestExecutionListener class names from location [META-INF/spring.factories]: [org.springframework.security.test.context.support.WithSecurityContextTestExecutionListener, org.springframework.security.test.context.support.ReactorContextTestExecutionListener, org.springframework.boot.test.autoconfigure.restdocs.RestDocsTestExecutionListener, org.springframework.boot.test.autoconfigure.web.client.MockRestServiceServerResetTestExecutionListener, org.springframework.boot.test.autoconfigure.web.servlet.MockMvcPrintOnlyOnFailureTestExecutionListener, org.springframework.boot.test.autoconfigure.web.servlet.WebDriverTestExecutionListener, org.springframework.boot.test.mock.mockito.MockitoTestExecutionListener, org.springframework.boot.test.mock.mockito.ResetMocksTestExecutionListener, org.springframework.test.context.web.ServletTestExecutionListener, org.springframework.test.context.support.DirtiesContextBeforeModesTestExecutionListener, org.springframework.test.context.support.DependencyInjectionTestExecutionListener, org.springframework.test.context.support.DirtiesContextTestExecutionListener, org.springframework.test.context.transaction.TransactionalTestExecutionListener, org.springframework.test.context.jdbc.SqlScriptsTestExecutionListener]
2018-12-27 11:25:57.059  INFO 2120 --- [    Test worker] .b.t.c.SpringBootTestContextBootstrapper : Using TestExecutionListeners: [org.springframework.test.context.web.ServletTestExecutionListener@6be07f93, org.springframework.test.context.support.DirtiesContextBeforeModesTestExecutionListener@5d3bea29, org.springframework.boot.test.mock.mockito.MockitoTestExecutionListener@30859100, org.springframework.boot.test.autoconfigure.SpringBootDependencyInjectionTestExecutionListener@37fd76ac, org.springframework.test.context.support.DirtiesContextTestExecutionListener@5f899b27, org.springframework.test.context.transaction.TransactionalTestExecutionListener@5de1485d, org.springframework.test.context.jdbc.SqlScriptsTestExecutionListener@4170cf70, org.springframework.security.test.context.support.WithSecurityContextTestExecutionListener@1d6499e4, org.springframework.security.test.context.support.ReactorContextTestExecutionListener@ea769cc, org.springframework.boot.test.autoconfigure.restdocs.RestDocsTestExecutionListener@59d37be5, org.springframework.boot.test.autoconfigure.web.client.MockRestServiceServerResetTestExecutionListener@1e1f34e0, org.springframework.boot.test.autoconfigure.web.servlet.MockMvcPrintOnlyOnFailureTestExecutionListener@278d357e, org.springframework.boot.test.autoconfigure.web.servlet.WebDriverTestExecutionListener@12d1c14a, org.springframework.boot.test.mock.mockito.ResetMocksTestExecutionListener@501f9ca6]
2018-12-27 11:25:57.089  INFO 2120 --- [    Test worker] o.s.t.c.transaction.TransactionContext   : Began transaction (1) for test context [DefaultTestContext@7e9df8af testClass = CompanyApiTest, testInstance = ags.goldenlionerp.apiTests.setups.CompanyApiTest@40724921, testMethod = getTestSingle@CompanyApiTest, testException = [null], mergedContextConfiguration = [WebMergedContextConfiguration@58532239 testClass = CompanyApiTest, locations = '{}', classes = '{class ags.goldenlionerp.GoldenLionErpApplication}', contextInitializerClasses = '[]', activeProfiles = '{}', propertySourceLocations = '{classpath:test.properties}', propertySourceProperties = '{org.springframework.boot.test.context.SpringBootTestContextBootstrapper=true}', contextCustomizers = set[org.springframework.boot.test.autoconfigure.properties.PropertyMappingContextCustomizer@0, org.springframework.boot.test.autoconfigure.web.servlet.WebDriverContextCustomizerFactory$Customizer@636d731e, [ImportsContextCustomizer@5e6fabf0 key = [ags.goldenlionerp.apiTests.ApiTestBase$TestConfig]], org.springframework.boot.test.context.filter.ExcludeFilterContextCustomizer@6afa5291, org.springframework.boot.test.json.DuplicateJsonObjectContextCustomizerFactory$DuplicateJsonObjectContextCustomizer@20cebcb4, org.springframework.boot.test.mock.mockito.MockitoContextCustomizer@0, org.springframework.boot.test.web.client.TestRestTemplateContextCustomizer@49a32273], resourceBasePath = 'src/main/webapp', contextLoader = 'org.springframework.boot.test.context.SpringBootContextLoader', parent = [null]], attributes = map['org.springframework.test.context.web.ServletTestExecutionListener.activateListener' -> true, 'org.springframework.test.context.web.ServletTestExecutionListener.populatedRequestContextHolder' -> true, 'org.springframework.test.context.web.ServletTestExecutionListener.resetRequestContextHolder' -> true]]; transaction manager [org.springframework.orm.jpa.JpaTransactionManager@75de8c12]; rollback [true]
2018-12-27 11:25:57.090  INFO 2120 --- [    Test worker] o.s.b.t.m.w.SpringBootMockServletContext : Initializing Spring FrameworkServlet ''
2018-12-27 11:25:57.090  INFO 2120 --- [    Test worker] o.s.t.web.servlet.TestDispatcherServlet  : FrameworkServlet '': initialization started
2018-12-27 11:25:57.100  INFO 2120 --- [    Test worker] o.s.t.web.servlet.TestDispatcherServlet  : FrameworkServlet '': initialization completed in 10 ms
Hibernate: select company0_.cncoid as cncoid1_9_0_, company0_.cncid as cncid2_9_0_, company0_.cndtin as cndtin3_9_0_, company0_.cntmin as cntmin4_9_0_, company0_.cnuid as cnuid5_9_0_, company0_.cndtlu as cndtlu6_9_0_, company0_.cntmlu as cntmlu7_9_0_, company0_.cnuidm as cnuidm8_9_0_, company0_.cnanum as cnanum9_9_0_, company0_.cncrcb as cncrcb10_9_0_, company0_.cncap as cncap11_9_0_, company0_.cncfy as cncfy12_9_0_, company0_.cncip as cncip13_9_0_, company0_.cncpp as cncpp14_9_0_, company0_.cncrp as cncrp15_9_0_, company0_.cndesb1 as cndesb16_9_0_, company0_.cnfdp as cnfdp17_9_0_ from t0020 company0_ where company0_.cncoid=?
2018-12-27 11:25:57.119  INFO 2120 --- [    Test worker] o.s.t.c.transaction.TransactionContext   : Rolled back transaction for test: [DefaultTestContext@7e9df8af testClass = CompanyApiTest, testInstance = ags.goldenlionerp.apiTests.setups.CompanyApiTest@40724921, testMethod = getTestSingle@CompanyApiTest, testException = [null], mergedContextConfiguration = [WebMergedContextConfiguration@58532239 testClass = CompanyApiTest, locations = '{}', classes = '{class ags.goldenlionerp.GoldenLionErpApplication}', contextInitializerClasses = '[]', activeProfiles = '{}', propertySourceLocations = '{classpath:test.properties}', propertySourceProperties = '{org.springframework.boot.test.context.SpringBootTestContextBootstrapper=true}', contextCustomizers = set[org.springframework.boot.test.autoconfigure.properties.PropertyMappingContextCustomizer@0, org.springframework.boot.test.autoconfigure.web.servlet.WebDriverContextCustomizerFactory$Customizer@636d731e, [ImportsContextCustomizer@5e6fabf0 key = [ags.goldenlionerp.apiTests.ApiTestBase$TestConfig]], org.springframework.boot.test.context.filter.ExcludeFilterContextCustomizer@6afa5291, org.springframework.boot.test.json.DuplicateJsonObjectContextCustomizerFactory$DuplicateJsonObjectContextCustomizer@20cebcb4, org.springframework.boot.test.mock.mockito.MockitoContextCustomizer@0, org.springframework.boot.test.web.client.TestRestTemplateContextCustomizer@49a32273], resourceBasePath = 'src/main/webapp', contextLoader = 'org.springframework.boot.test.context.SpringBootContextLoader', parent = [null]], attributes = map['org.springframework.test.context.web.ServletTestExecutionListener.activateListener' -> true, 'org.springframework.test.context.web.ServletTestExecutionListener.populatedRequestContextHolder' -> true, 'org.springframework.test.context.web.ServletTestExecutionListener.resetRequestContextHolder' -> true]]
2018-12-27 11:25:57.121  INFO 2120 --- [    Test worker] o.s.t.c.transaction.TransactionContext   : Began transaction (1) for test context [DefaultTestContext@7e9df8af testClass = CompanyApiTest, testInstance = ags.goldenlionerp.apiTests.setups.CompanyApiTest@6633097a, testMethod = getTestCollection@CompanyApiTest, testException = [null], mergedContextConfiguration = [WebMergedContextConfiguration@58532239 testClass = CompanyApiTest, locations = '{}', classes = '{class ags.goldenlionerp.GoldenLionErpApplication}', contextInitializerClasses = '[]', activeProfiles = '{}', propertySourceLocations = '{classpath:test.properties}', propertySourceProperties = '{org.springframework.boot.test.context.SpringBootTestContextBootstrapper=true}', contextCustomizers = set[org.springframework.boot.test.autoconfigure.properties.PropertyMappingContextCustomizer@0, org.springframework.boot.test.autoconfigure.web.servlet.WebDriverContextCustomizerFactory$Customizer@636d731e, [ImportsContextCustomizer@5e6fabf0 key = [ags.goldenlionerp.apiTests.ApiTestBase$TestConfig]], org.springframework.boot.test.context.filter.ExcludeFilterContextCustomizer@6afa5291, org.springframework.boot.test.json.DuplicateJsonObjectContextCustomizerFactory$DuplicateJsonObjectContextCustomizer@20cebcb4, org.springframework.boot.test.mock.mockito.MockitoContextCustomizer@0, org.springframework.boot.test.web.client.TestRestTemplateContextCustomizer@49a32273], resourceBasePath = 'src/main/webapp', contextLoader = 'org.springframework.boot.test.context.SpringBootContextLoader', parent = [null]], attributes = map['org.springframework.test.context.web.ServletTestExecutionListener.activateListener' -> true, 'org.springframework.test.context.web.ServletTestExecutionListener.populatedRequestContextHolder' -> true, 'org.springframework.test.context.web.ServletTestExecutionListener.resetRequestContextHolder' -> true]]; transaction manager [org.springframework.orm.jpa.JpaTransactionManager@75de8c12]; rollback [true]
2018-12-27 11:25:57.122  INFO 2120 --- [    Test worker] o.s.b.t.m.w.SpringBootMockServletContext : Initializing Spring FrameworkServlet ''
2018-12-27 11:25:57.122  INFO 2120 --- [    Test worker] o.s.t.web.servlet.TestDispatcherServlet  : FrameworkServlet '': initialization started
2018-12-27 11:25:57.132  INFO 2120 --- [    Test worker] o.s.t.web.servlet.TestDispatcherServlet  : FrameworkServlet '': initialization completed in 10 ms
Hibernate: select company0_.cncoid as cncoid1_9_, company0_.cncid as cncid2_9_, company0_.cndtin as cndtin3_9_, company0_.cntmin as cntmin4_9_, company0_.cnuid as cnuid5_9_, company0_.cndtlu as cndtlu6_9_, company0_.cntmlu as cntmlu7_9_, company0_.cnuidm as cnuidm8_9_, company0_.cnanum as cnanum9_9_, company0_.cncrcb as cncrcb10_9_, company0_.cncap as cncap11_9_, company0_.cncfy as cncfy12_9_, company0_.cncip as cncip13_9_, company0_.cncpp as cncpp14_9_, company0_.cncrp as cncrp15_9_, company0_.cndesb1 as cndesb16_9_, company0_.cnfdp as cnfdp17_9_ from t0020 company0_
2018-12-27 11:25:57.162  INFO 2120 --- [    Test worker] o.s.t.c.transaction.TransactionContext   : Rolled back transaction for test: [DefaultTestContext@7e9df8af testClass = CompanyApiTest, testInstance = ags.goldenlionerp.apiTests.setups.CompanyApiTest@6633097a, testMethod = getTestCollection@CompanyApiTest, testException = [null], mergedContextConfiguration = [WebMergedContextConfiguration@58532239 testClass = CompanyApiTest, locations = '{}', classes = '{class ags.goldenlionerp.GoldenLionErpApplication}', contextInitializerClasses = '[]', activeProfiles = '{}', propertySourceLocations = '{classpath:test.properties}', propertySourceProperties = '{org.springframework.boot.test.context.SpringBootTestContextBootstrapper=true}', contextCustomizers = set[org.springframework.boot.test.autoconfigure.properties.PropertyMappingContextCustomizer@0, org.springframework.boot.test.autoconfigure.web.servlet.WebDriverContextCustomizerFactory$Customizer@636d731e, [ImportsContextCustomizer@5e6fabf0 key = [ags.goldenlionerp.apiTests.ApiTestBase$TestConfig]], org.springframework.boot.test.context.filter.ExcludeFilterContextCustomizer@6afa5291, org.springframework.boot.test.json.DuplicateJsonObjectContextCustomizerFactory$DuplicateJsonObjectContextCustomizer@20cebcb4, org.springframework.boot.test.mock.mockito.MockitoContextCustomizer@0, org.springframework.boot.test.web.client.TestRestTemplateContextCustomizer@49a32273], resourceBasePath = 'src/main/webapp', contextLoader = 'org.springframework.boot.test.context.SpringBootContextLoader', parent = [null]], attributes = map['org.springframework.test.context.web.ServletTestExecutionListener.activateListener' -> true, 'org.springframework.test.context.web.ServletTestExecutionListener.populatedRequestContextHolder' -> true, 'org.springframework.test.context.web.ServletTestExecutionListener.resetRequestContextHolder' -> true]]
2018-12-27 11:25:57.165  INFO 2120 --- [    Test worker] o.s.t.c.transaction.TransactionContext   : Began transaction (1) for test context [DefaultTestContext@7e9df8af testClass = CompanyApiTest, testInstance = ags.goldenlionerp.apiTests.setups.CompanyApiTest@691755e1, testMethod = updateTestWithPut@ApiTestBase, testException = [null], mergedContextConfiguration = [WebMergedContextConfiguration@58532239 testClass = CompanyApiTest, locations = '{}', classes = '{class ags.goldenlionerp.GoldenLionErpApplication}', contextInitializerClasses = '[]', activeProfiles = '{}', propertySourceLocations = '{classpath:test.properties}', propertySourceProperties = '{org.springframework.boot.test.context.SpringBootTestContextBootstrapper=true}', contextCustomizers = set[org.springframework.boot.test.autoconfigure.properties.PropertyMappingContextCustomizer@0, org.springframework.boot.test.autoconfigure.web.servlet.WebDriverContextCustomizerFactory$Customizer@636d731e, [ImportsContextCustomizer@5e6fabf0 key = [ags.goldenlionerp.apiTests.ApiTestBase$TestConfig]], org.springframework.boot.test.context.filter.ExcludeFilterContextCustomizer@6afa5291, org.springframework.boot.test.json.DuplicateJsonObjectContextCustomizerFactory$DuplicateJsonObjectContextCustomizer@20cebcb4, org.springframework.boot.test.mock.mockito.MockitoContextCustomizer@0, org.springframework.boot.test.web.client.TestRestTemplateContextCustomizer@49a32273], resourceBasePath = 'src/main/webapp', contextLoader = 'org.springframework.boot.test.context.SpringBootContextLoader', parent = [null]], attributes = map['org.springframework.test.context.web.ServletTestExecutionListener.activateListener' -> true, 'org.springframework.test.context.web.ServletTestExecutionListener.populatedRequestContextHolder' -> true, 'org.springframework.test.context.web.ServletTestExecutionListener.resetRequestContextHolder' -> true]]; transaction manager [org.springframework.orm.jpa.JpaTransactionManager@75de8c12]; rollback [true]
2018-12-27 11:25:57.166  INFO 2120 --- [    Test worker] o.s.b.t.m.w.SpringBootMockServletContext : Initializing Spring FrameworkServlet ''
2018-12-27 11:25:57.166  INFO 2120 --- [    Test worker] o.s.t.web.servlet.TestDispatcherServlet  : FrameworkServlet '': initialization started
2018-12-27 11:25:57.174  INFO 2120 --- [    Test worker] o.s.t.web.servlet.TestDispatcherServlet  : FrameworkServlet '': initialization completed in 8 ms
Hibernate: select company0_.cncoid as cncoid1_9_0_, company0_.cncid as cncid2_9_0_, company0_.cndtin as cndtin3_9_0_, company0_.cntmin as cntmin4_9_0_, company0_.cnuid as cnuid5_9_0_, company0_.cndtlu as cndtlu6_9_0_, company0_.cntmlu as cntmlu7_9_0_, company0_.cnuidm as cnuidm8_9_0_, company0_.cnanum as cnanum9_9_0_, company0_.cncrcb as cncrcb10_9_0_, company0_.cncap as cncap11_9_0_, company0_.cncfy as cncfy12_9_0_, company0_.cncip as cncip13_9_0_, company0_.cncpp as cncpp14_9_0_, company0_.cncrp as cncrp15_9_0_, company0_.cndesb1 as cndesb16_9_0_, company0_.cnfdp as cnfdp17_9_0_ from t0020 company0_ where company0_.cncoid=?
2018-12-27 11:25:57.195  INFO 2120 --- [    Test worker] o.s.t.c.transaction.TransactionContext   : Rolled back transaction for test: [DefaultTestContext@7e9df8af testClass = CompanyApiTest, testInstance = ags.goldenlionerp.apiTests.setups.CompanyApiTest@691755e1, testMethod = updateTestWithPut@ApiTestBase, testException = [null], mergedContextConfiguration = [WebMergedContextConfiguration@58532239 testClass = CompanyApiTest, locations = '{}', classes = '{class ags.goldenlionerp.GoldenLionErpApplication}', contextInitializerClasses = '[]', activeProfiles = '{}', propertySourceLocations = '{classpath:test.properties}', propertySourceProperties = '{org.springframework.boot.test.context.SpringBootTestContextBootstrapper=true}', contextCustomizers = set[org.springframework.boot.test.autoconfigure.properties.PropertyMappingContextCustomizer@0, org.springframework.boot.test.autoconfigure.web.servlet.WebDriverContextCustomizerFactory$Customizer@636d731e, [ImportsContextCustomizer@5e6fabf0 key = [ags.goldenlionerp.apiTests.ApiTestBase$TestConfig]], org.springframework.boot.test.context.filter.ExcludeFilterContextCustomizer@6afa5291, org.springframework.boot.test.json.DuplicateJsonObjectContextCustomizerFactory$DuplicateJsonObjectContextCustomizer@20cebcb4, org.springframework.boot.test.mock.mockito.MockitoContextCustomizer@0, org.springframework.boot.test.web.client.TestRestTemplateContextCustomizer@49a32273], resourceBasePath = 'src/main/webapp', contextLoader = 'org.springframework.boot.test.context.SpringBootContextLoader', parent = [null]], attributes = map['org.springframework.test.context.web.ServletTestExecutionListener.activateListener' -> true, 'org.springframework.test.context.web.ServletTestExecutionListener.populatedRequestContextHolder' -> true, 'org.springframework.test.context.web.ServletTestExecutionListener.resetRequestContextHolder' -> true]]
2018-12-27 11:25:57.198  INFO 2120 --- [    Test worker] o.s.t.c.transaction.TransactionContext   : Began transaction (1) for test context [DefaultTestContext@7e9df8af testClass = CompanyApiTest, testInstance = ags.goldenlionerp.apiTests.setups.CompanyApiTest@2ace15af, testMethod = updateTestWithPatch@ApiTestBase, testException = [null], mergedContextConfiguration = [WebMergedContextConfiguration@58532239 testClass = CompanyApiTest, locations = '{}', classes = '{class ags.goldenlionerp.GoldenLionErpApplication}', contextInitializerClasses = '[]', activeProfiles = '{}', propertySourceLocations = '{classpath:test.properties}', propertySourceProperties = '{org.springframework.boot.test.context.SpringBootTestContextBootstrapper=true}', contextCustomizers = set[org.springframework.boot.test.autoconfigure.properties.PropertyMappingContextCustomizer@0, org.springframework.boot.test.autoconfigure.web.servlet.WebDriverContextCustomizerFactory$Customizer@636d731e, [ImportsContextCustomizer@5e6fabf0 key = [ags.goldenlionerp.apiTests.ApiTestBase$TestConfig]], org.springframework.boot.test.context.filter.ExcludeFilterContextCustomizer@6afa5291, org.springframework.boot.test.json.DuplicateJsonObjectContextCustomizerFactory$DuplicateJsonObjectContextCustomizer@20cebcb4, org.springframework.boot.test.mock.mockito.MockitoContextCustomizer@0, org.springframework.boot.test.web.client.TestRestTemplateContextCustomizer@49a32273], resourceBasePath = 'src/main/webapp', contextLoader = 'org.springframework.boot.test.context.SpringBootContextLoader', parent = [null]], attributes = map['org.springframework.test.context.web.ServletTestExecutionListener.activateListener' -> true, 'org.springframework.test.context.web.ServletTestExecutionListener.populatedRequestContextHolder' -> true, 'org.springframework.test.context.web.ServletTestExecutionListener.resetRequestContextHolder' -> true]]; transaction manager [org.springframework.orm.jpa.JpaTransactionManager@75de8c12]; rollback [true]
2018-12-27 11:25:57.199  INFO 2120 --- [    Test worker] o.s.b.t.m.w.SpringBootMockServletContext : Initializing Spring FrameworkServlet ''
2018-12-27 11:25:57.199  INFO 2120 --- [    Test worker] o.s.t.web.servlet.TestDispatcherServlet  : FrameworkServlet '': initialization started
2018-12-27 11:25:57.208  INFO 2120 --- [    Test worker] o.s.t.web.servlet.TestDispatcherServlet  : FrameworkServlet '': initialization completed in 9 ms
Hibernate: select company0_.cncoid as cncoid1_9_0_, company0_.cncid as cncid2_9_0_, company0_.cndtin as cndtin3_9_0_, company0_.cntmin as cntmin4_9_0_, company0_.cnuid as cnuid5_9_0_, company0_.cndtlu as cndtlu6_9_0_, company0_.cntmlu as cntmlu7_9_0_, company0_.cnuidm as cnuidm8_9_0_, company0_.cnanum as cnanum9_9_0_, company0_.cncrcb as cncrcb10_9_0_, company0_.cncap as cncap11_9_0_, company0_.cncfy as cncfy12_9_0_, company0_.cncip as cncip13_9_0_, company0_.cncpp as cncpp14_9_0_, company0_.cncrp as cncrp15_9_0_, company0_.cndesb1 as cndesb16_9_0_, company0_.cnfdp as cnfdp17_9_0_ from t0020 company0_ where company0_.cncoid=?
Hibernate: update t0020 set cncid=?, cndtlu=?, cntmlu=?, cnuidm=?, cnanum=?, cncrcb=?, cncap=?, cncfy=?, cncip=?, cncpp=?, cncrp=?, cndesb1=?, cnfdp=? where cncoid=?
Hibernate: select company0_.cncoid as cncoid1_9_0_, company0_.cncid as cncid2_9_0_, company0_.cndtin as cndtin3_9_0_, company0_.cntmin as cntmin4_9_0_, company0_.cnuid as cnuid5_9_0_, company0_.cndtlu as cndtlu6_9_0_, company0_.cntmlu as cntmlu7_9_0_, company0_.cnuidm as cnuidm8_9_0_, company0_.cnanum as cnanum9_9_0_, company0_.cncrcb as cncrcb10_9_0_, company0_.cncap as cncap11_9_0_, company0_.cncfy as cncfy12_9_0_, company0_.cncip as cncip13_9_0_, company0_.cncpp as cncpp14_9_0_, company0_.cncrp as cncrp15_9_0_, company0_.cndesb1 as cndesb16_9_0_, company0_.cnfdp as cnfdp17_9_0_ from t0020 company0_ where company0_.cncoid=?
2018-12-27 11:25:57.288  INFO 2120 --- [    Test worker] o.s.t.c.transaction.TransactionContext   : Rolled back transaction for test: [DefaultTestContext@7e9df8af testClass = CompanyApiTest, testInstance = ags.goldenlionerp.apiTests.setups.CompanyApiTest@2ace15af, testMethod = updateTestWithPatch@ApiTestBase, testException = [null], mergedContextConfiguration = [WebMergedContextConfiguration@58532239 testClass = CompanyApiTest, locations = '{}', classes = '{class ags.goldenlionerp.GoldenLionErpApplication}', contextInitializerClasses = '[]', activeProfiles = '{}', propertySourceLocations = '{classpath:test.properties}', propertySourceProperties = '{org.springframework.boot.test.context.SpringBootTestContextBootstrapper=true}', contextCustomizers = set[org.springframework.boot.test.autoconfigure.properties.PropertyMappingContextCustomizer@0, org.springframework.boot.test.autoconfigure.web.servlet.WebDriverContextCustomizerFactory$Customizer@636d731e, [ImportsContextCustomizer@5e6fabf0 key = [ags.goldenlionerp.apiTests.ApiTestBase$TestConfig]], org.springframework.boot.test.context.filter.ExcludeFilterContextCustomizer@6afa5291, org.springframework.boot.test.json.DuplicateJsonObjectContextCustomizerFactory$DuplicateJsonObjectContextCustomizer@20cebcb4, org.springframework.boot.test.mock.mockito.MockitoContextCustomizer@0, org.springframework.boot.test.web.client.TestRestTemplateContextCustomizer@49a32273], resourceBasePath = 'src/main/webapp', contextLoader = 'org.springframework.boot.test.context.SpringBootContextLoader', parent = [null]], attributes = map['org.springframework.test.context.web.ServletTestExecutionListener.activateListener' -> true, 'org.springframework.test.context.web.ServletTestExecutionListener.populatedRequestContextHolder' -> true, 'org.springframework.test.context.web.ServletTestExecutionListener.resetRequestContextHolder' -> true]]
2018-12-27 11:25:57.291  INFO 2120 --- [    Test worker] o.s.t.c.transaction.TransactionContext   : Began transaction (1) for test context [DefaultTestContext@7e9df8af testClass = CompanyApiTest, testInstance = ags.goldenlionerp.apiTests.setups.CompanyApiTest@4d6c6680, testMethod = createTestWithPut@ApiTestBase, testException = [null], mergedContextConfiguration = [WebMergedContextConfiguration@58532239 testClass = CompanyApiTest, locations = '{}', classes = '{class ags.goldenlionerp.GoldenLionErpApplication}', contextInitializerClasses = '[]', activeProfiles = '{}', propertySourceLocations = '{classpath:test.properties}', propertySourceProperties = '{org.springframework.boot.test.context.SpringBootTestContextBootstrapper=true}', contextCustomizers = set[org.springframework.boot.test.autoconfigure.properties.PropertyMappingContextCustomizer@0, org.springframework.boot.test.autoconfigure.web.servlet.WebDriverContextCustomizerFactory$Customizer@636d731e, [ImportsContextCustomizer@5e6fabf0 key = [ags.goldenlionerp.apiTests.ApiTestBase$TestConfig]], org.springframework.boot.test.context.filter.ExcludeFilterContextCustomizer@6afa5291, org.springframework.boot.test.json.DuplicateJsonObjectContextCustomizerFactory$DuplicateJsonObjectContextCustomizer@20cebcb4, org.springframework.boot.test.mock.mockito.MockitoContextCustomizer@0, org.springframework.boot.test.web.client.TestRestTemplateContextCustomizer@49a32273], resourceBasePath = 'src/main/webapp', contextLoader = 'org.springframework.boot.test.context.SpringBootContextLoader', parent = [null]], attributes = map['org.springframework.test.context.web.ServletTestExecutionListener.activateListener' -> true, 'org.springframework.test.context.web.ServletTestExecutionListener.populatedRequestContextHolder' -> true, 'org.springframework.test.context.web.ServletTestExecutionListener.resetRequestContextHolder' -> true]]; transaction manager [org.springframework.orm.jpa.JpaTransactionManager@75de8c12]; rollback [true]
2018-12-27 11:25:57.291  INFO 2120 --- [    Test worker] o.s.b.t.m.w.SpringBootMockServletContext : Initializing Spring FrameworkServlet ''
2018-12-27 11:25:57.291  INFO 2120 --- [    Test worker] o.s.t.web.servlet.TestDispatcherServlet  : FrameworkServlet '': initialization started
2018-12-27 11:25:57.300  INFO 2120 --- [    Test worker] o.s.t.web.servlet.TestDispatcherServlet  : FrameworkServlet '': initialization completed in 9 ms
Hibernate: select company0_.cncoid as cncoid1_9_0_, company0_.cncid as cncid2_9_0_, company0_.cndtin as cndtin3_9_0_, company0_.cntmin as cntmin4_9_0_, company0_.cnuid as cnuid5_9_0_, company0_.cndtlu as cndtlu6_9_0_, company0_.cntmlu as cntmlu7_9_0_, company0_.cnuidm as cnuidm8_9_0_, company0_.cnanum as cnanum9_9_0_, company0_.cncrcb as cncrcb10_9_0_, company0_.cncap as cncap11_9_0_, company0_.cncfy as cncfy12_9_0_, company0_.cncip as cncip13_9_0_, company0_.cncpp as cncpp14_9_0_, company0_.cncrp as cncrp15_9_0_, company0_.cndesb1 as cndesb16_9_0_, company0_.cnfdp as cnfdp17_9_0_ from t0020 company0_ where company0_.cncoid=?
2018-12-27 11:25:57.319  INFO 2120 --- [    Test worker] o.s.t.c.transaction.TransactionContext   : Rolled back transaction for test: [DefaultTestContext@7e9df8af testClass = CompanyApiTest, testInstance = ags.goldenlionerp.apiTests.setups.CompanyApiTest@4d6c6680, testMethod = createTestWithPut@ApiTestBase, testException = org.junit.AssumptionViolatedException: Status is 200, mergedContextConfiguration = [WebMergedContextConfiguration@58532239 testClass = CompanyApiTest, locations = '{}', classes = '{class ags.goldenlionerp.GoldenLionErpApplication}', contextInitializerClasses = '[]', activeProfiles = '{}', propertySourceLocations = '{classpath:test.properties}', propertySourceProperties = '{org.springframework.boot.test.context.SpringBootTestContextBootstrapper=true}', contextCustomizers = set[org.springframework.boot.test.autoconfigure.properties.PropertyMappingContextCustomizer@0, org.springframework.boot.test.autoconfigure.web.servlet.WebDriverContextCustomizerFactory$Customizer@636d731e, [ImportsContextCustomizer@5e6fabf0 key = [ags.goldenlionerp.apiTests.ApiTestBase$TestConfig]], org.springframework.boot.test.context.filter.ExcludeFilterContextCustomizer@6afa5291, org.springframework.boot.test.json.DuplicateJsonObjectContextCustomizerFactory$DuplicateJsonObjectContextCustomizer@20cebcb4, org.springframework.boot.test.mock.mockito.MockitoContextCustomizer@0, org.springframework.boot.test.web.client.TestRestTemplateContextCustomizer@49a32273], resourceBasePath = 'src/main/webapp', contextLoader = 'org.springframework.boot.test.context.SpringBootContextLoader', parent = [null]], attributes = map['org.springframework.test.context.web.ServletTestExecutionListener.activateListener' -> true, 'org.springframework.test.context.web.ServletTestExecutionListener.populatedRequestContextHolder' -> true, 'org.springframework.test.context.web.ServletTestExecutionListener.resetRequestContextHolder' -> true]]
2018-12-27 11:25:57.325  INFO 2120 --- [    Test worker] o.s.t.c.transaction.TransactionContext   : Began transaction (1) for test context [DefaultTestContext@7e9df8af testClass = CompanyApiTest, testInstance = ags.goldenlionerp.apiTests.setups.CompanyApiTest@39c41aac, testMethod = deleteTest@ApiTestBase, testException = [null], mergedContextConfiguration = [WebMergedContextConfiguration@58532239 testClass = CompanyApiTest, locations = '{}', classes = '{class ags.goldenlionerp.GoldenLionErpApplication}', contextInitializerClasses = '[]', activeProfiles = '{}', propertySourceLocations = '{classpath:test.properties}', propertySourceProperties = '{org.springframework.boot.test.context.SpringBootTestContextBootstrapper=true}', contextCustomizers = set[org.springframework.boot.test.autoconfigure.properties.PropertyMappingContextCustomizer@0, org.springframework.boot.test.autoconfigure.web.servlet.WebDriverContextCustomizerFactory$Customizer@636d731e, [ImportsContextCustomizer@5e6fabf0 key = [ags.goldenlionerp.apiTests.ApiTestBase$TestConfig]], org.springframework.boot.test.context.filter.ExcludeFilterContextCustomizer@6afa5291, org.springframework.boot.test.json.DuplicateJsonObjectContextCustomizerFactory$DuplicateJsonObjectContextCustomizer@20cebcb4, org.springframework.boot.test.mock.mockito.MockitoContextCustomizer@0, org.springframework.boot.test.web.client.TestRestTemplateContextCustomizer@49a32273], resourceBasePath = 'src/main/webapp', contextLoader = 'org.springframework.boot.test.context.SpringBootContextLoader', parent = [null]], attributes = map['org.springframework.test.context.web.ServletTestExecutionListener.activateListener' -> true, 'org.springframework.test.context.web.ServletTestExecutionListener.populatedRequestContextHolder' -> true, 'org.springframework.test.context.web.ServletTestExecutionListener.resetRequestContextHolder' -> true]]; transaction manager [org.springframework.orm.jpa.JpaTransactionManager@75de8c12]; rollback [true]
2018-12-27 11:25:57.329  INFO 2120 --- [    Test worker] o.s.b.t.m.w.SpringBootMockServletContext : Initializing Spring FrameworkServlet ''
2018-12-27 11:25:57.329  INFO 2120 --- [    Test worker] o.s.t.web.servlet.TestDispatcherServlet  : FrameworkServlet '': initialization started
2018-12-27 11:25:57.335  INFO 2120 --- [    Test worker] o.s.t.web.servlet.TestDispatcherServlet  : FrameworkServlet '': initialization completed in 6 ms
Hibernate: select company0_.cncoid as cncoid1_9_0_, company0_.cncid as cncid2_9_0_, company0_.cndtin as cndtin3_9_0_, company0_.cntmin as cntmin4_9_0_, company0_.cnuid as cnuid5_9_0_, company0_.cndtlu as cndtlu6_9_0_, company0_.cntmlu as cntmlu7_9_0_, company0_.cnuidm as cnuidm8_9_0_, company0_.cnanum as cnanum9_9_0_, company0_.cncrcb as cncrcb10_9_0_, company0_.cncap as cncap11_9_0_, company0_.cncfy as cncfy12_9_0_, company0_.cncip as cncip13_9_0_, company0_.cncpp as cncpp14_9_0_, company0_.cncrp as cncrp15_9_0_, company0_.cndesb1 as cndesb16_9_0_, company0_.cnfdp as cnfdp17_9_0_ from t0020 company0_ where company0_.cncoid=?
2018-12-27 11:25:57.376  INFO 2120 --- [    Test worker] o.s.t.c.transaction.TransactionContext   : Rolled back transaction for test: [DefaultTestContext@7e9df8af testClass = CompanyApiTest, testInstance = ags.goldenlionerp.apiTests.setups.CompanyApiTest@39c41aac, testMethod = deleteTest@ApiTestBase, testException = [null], mergedContextConfiguration = [WebMergedContextConfiguration@58532239 testClass = CompanyApiTest, locations = '{}', classes = '{class ags.goldenlionerp.GoldenLionErpApplication}', contextInitializerClasses = '[]', activeProfiles = '{}', propertySourceLocations = '{classpath:test.properties}', propertySourceProperties = '{org.springframework.boot.test.context.SpringBootTestContextBootstrapper=true}', contextCustomizers = set[org.springframework.boot.test.autoconfigure.properties.PropertyMappingContextCustomizer@0, org.springframework.boot.test.autoconfigure.web.servlet.WebDriverContextCustomizerFactory$Customizer@636d731e, [ImportsContextCustomizer@5e6fabf0 key = [ags.goldenlionerp.apiTests.ApiTestBase$TestConfig]], org.springframework.boot.test.context.filter.ExcludeFilterContextCustomizer@6afa5291, org.springframework.boot.test.json.DuplicateJsonObjectContextCustomizerFactory$DuplicateJsonObjectContextCustomizer@20cebcb4, org.springframework.boot.test.mock.mockito.MockitoContextCustomizer@0, org.springframework.boot.test.web.client.TestRestTemplateContextCustomizer@49a32273], resourceBasePath = 'src/main/webapp', contextLoader = 'org.springframework.boot.test.context.SpringBootContextLoader', parent = [null]], attributes = map['org.springframework.test.context.web.ServletTestExecutionListener.activateListener' -> true, 'org.springframework.test.context.web.ServletTestExecutionListener.populatedRequestContextHolder' -> true, 'org.springframework.test.context.web.ServletTestExecutionListener.resetRequestContextHolder' -> true]]
2018-12-27 11:25:57.380  INFO 2120 --- [    Test worker] o.s.t.c.transaction.TransactionContext   : Began transaction (1) for test context [DefaultTestContext@7e9df8af testClass = CompanyApiTest, testInstance = ags.goldenlionerp.apiTests.setups.CompanyApiTest@51e69b99, testMethod = createTestWithPost@ApiTestBase, testException = [null], mergedContextConfiguration = [WebMergedContextConfiguration@58532239 testClass = CompanyApiTest, locations = '{}', classes = '{class ags.goldenlionerp.GoldenLionErpApplication}', contextInitializerClasses = '[]', activeProfiles = '{}', propertySourceLocations = '{classpath:test.properties}', propertySourceProperties = '{org.springframework.boot.test.context.SpringBootTestContextBootstrapper=true}', contextCustomizers = set[org.springframework.boot.test.autoconfigure.properties.PropertyMappingContextCustomizer@0, org.springframework.boot.test.autoconfigure.web.servlet.WebDriverContextCustomizerFactory$Customizer@636d731e, [ImportsContextCustomizer@5e6fabf0 key = [ags.goldenlionerp.apiTests.ApiTestBase$TestConfig]], org.springframework.boot.test.context.filter.ExcludeFilterContextCustomizer@6afa5291, org.springframework.boot.test.json.DuplicateJsonObjectContextCustomizerFactory$DuplicateJsonObjectContextCustomizer@20cebcb4, org.springframework.boot.test.mock.mockito.MockitoContextCustomizer@0, org.springframework.boot.test.web.client.TestRestTemplateContextCustomizer@49a32273], resourceBasePath = 'src/main/webapp', contextLoader = 'org.springframework.boot.test.context.SpringBootContextLoader', parent = [null]], attributes = map['org.springframework.test.context.web.ServletTestExecutionListener.activateListener' -> true, 'org.springframework.test.context.web.ServletTestExecutionListener.populatedRequestContextHolder' -> true, 'org.springframework.test.context.web.ServletTestExecutionListener.resetRequestContextHolder' -> true]]; transaction manager [org.springframework.orm.jpa.JpaTransactionManager@75de8c12]; rollback [true]
2018-12-27 11:25:57.381  INFO 2120 --- [    Test worker] o.s.b.t.m.w.SpringBootMockServletContext : Initializing Spring FrameworkServlet ''
2018-12-27 11:25:57.381  INFO 2120 --- [    Test worker] o.s.t.web.servlet.TestDispatcherServlet  : FrameworkServlet '': initialization started
2018-12-27 11:25:57.390  INFO 2120 --- [    Test worker] o.s.t.web.servlet.TestDispatcherServlet  : FrameworkServlet '': initialization completed in 9 ms
Hibernate: select company0_.cncoid as cncoid1_9_0_, company0_.cncid as cncid2_9_0_, company0_.cndtin as cndtin3_9_0_, company0_.cntmin as cntmin4_9_0_, company0_.cnuid as cnuid5_9_0_, company0_.cndtlu as cndtlu6_9_0_, company0_.cntmlu as cntmlu7_9_0_, company0_.cnuidm as cnuidm8_9_0_, company0_.cnanum as cnanum9_9_0_, company0_.cncrcb as cncrcb10_9_0_, company0_.cncap as cncap11_9_0_, company0_.cncfy as cncfy12_9_0_, company0_.cncip as cncip13_9_0_, company0_.cncpp as cncpp14_9_0_, company0_.cncrp as cncrp15_9_0_, company0_.cndesb1 as cndesb16_9_0_, company0_.cnfdp as cnfdp17_9_0_ from t0020 company0_ where company0_.cncoid=?
2018-12-27 11:25:57.404  INFO 2120 --- [    Test worker] o.s.t.c.transaction.TransactionContext   : Rolled back transaction for test: [DefaultTestContext@7e9df8af testClass = CompanyApiTest, testInstance = ags.goldenlionerp.apiTests.setups.CompanyApiTest@51e69b99, testMethod = createTestWithPost@ApiTestBase, testException = org.junit.AssumptionViolatedException: Status is 200, mergedContextConfiguration = [WebMergedContextConfiguration@58532239 testClass = CompanyApiTest, locations = '{}', classes = '{class ags.goldenlionerp.GoldenLionErpApplication}', contextInitializerClasses = '[]', activeProfiles = '{}', propertySourceLocations = '{classpath:test.properties}', propertySourceProperties = '{org.springframework.boot.test.context.SpringBootTestContextBootstrapper=true}', contextCustomizers = set[org.springframework.boot.test.autoconfigure.properties.PropertyMappingContextCustomizer@0, org.springframework.boot.test.autoconfigure.web.servlet.WebDriverContextCustomizerFactory$Customizer@636d731e, [ImportsContextCustomizer@5e6fabf0 key = [ags.goldenlionerp.apiTests.ApiTestBase$TestConfig]], org.springframework.boot.test.context.filter.ExcludeFilterContextCustomizer@6afa5291, org.springframework.boot.test.json.DuplicateJsonObjectContextCustomizerFactory$DuplicateJsonObjectContextCustomizer@20cebcb4, org.springframework.boot.test.mock.mockito.MockitoContextCustomizer@0, org.springframework.boot.test.web.client.TestRestTemplateContextCustomizer@49a32273], resourceBasePath = 'src/main/webapp', contextLoader = 'org.springframework.boot.test.context.SpringBootContextLoader', parent = [null]], attributes = map['org.springframework.test.context.web.ServletTestExecutionListener.activateListener' -> true, 'org.springframework.test.context.web.ServletTestExecutionListener.populatedRequestContextHolder' -> true, 'org.springframework.test.context.web.ServletTestExecutionListener.resetRequestContextHolder' -> true]]
]]></system-out>
  <system-err><![CDATA[]]></system-err>
</testsuite>
