<?xml version="1.0" encoding="UTF-8"?>
<testsuite name="ags.goldenlionerp.apiTests.setups.BranchPlantConstantApiTest" tests="9" skipped="0" failures="0" errors="0" timestamp="2018-12-27T04:25:56" hostname="LAPTOP-FHFRCCL6" time="0.478">
  <properties/>
  <testcase name="createTestWithPutOnAssociation" classname="ags.goldenlionerp.apiTests.setups.BranchPlantConstantApiTest" time="0.09"/>
  <testcase name="updateTestWithPut" classname="ags.goldenlionerp.apiTests.setups.BranchPlantConstantApiTest" time="0.067"/>
  <testcase name="testBaseAndAssociationUrlSameResult" classname="ags.goldenlionerp.apiTests.setups.BranchPlantConstantApiTest" time="0.047"/>
  <testcase name="updateTestWithPatch" classname="ags.goldenlionerp.apiTests.setups.BranchPlantConstantApiTest" time="0.067"/>
  <testcase name="getTestCollection" classname="ags.goldenlionerp.apiTests.setups.BranchPlantConstantApiTest" time="0.022"/>
  <testcase name="createTestWithPut" classname="ags.goldenlionerp.apiTests.setups.BranchPlantConstantApiTest" time="0.051"/>
  <testcase name="getTestSingle" classname="ags.goldenlionerp.apiTests.setups.BranchPlantConstantApiTest" time="0.03"/>
  <testcase name="deleteTest" classname="ags.goldenlionerp.apiTests.setups.BranchPlantConstantApiTest" time="0.037"/>
  <testcase name="createTestWithPost" classname="ags.goldenlionerp.apiTests.setups.BranchPlantConstantApiTest" time="0.059"/>
  <system-out><![CDATA[2018-12-27 11:25:56.014  INFO 2120 --- [    Test worker] .b.t.c.SpringBootTestContextBootstrapper : Neither @ContextConfiguration nor @ContextHierarchy found for test class [ags.goldenlionerp.apiTests.setups.BranchPlantConstantApiTest], using SpringBootContextLoader
2018-12-27 11:25:56.016  INFO 2120 --- [    Test worker] o.s.t.c.support.AbstractContextLoader    : Could not detect default resource locations for test class [ags.goldenlionerp.apiTests.setups.BranchPlantConstantApiTest]: no resource found for suffixes {-context.xml, Context.groovy}.
2018-12-27 11:25:56.016  INFO 2120 --- [    Test worker] t.c.s.AnnotationConfigContextLoaderUtils : Could not detect default configuration classes for test class [ags.goldenlionerp.apiTests.setups.BranchPlantConstantApiTest]: BranchPlantConstantApiTest does not declare any static, non-private, non-final, nested classes annotated with @Configuration.
2018-12-27 11:25:56.020  INFO 2120 --- [    Test worker] .b.t.c.SpringBootTestContextBootstrapper : Found @SpringBootConfiguration ags.goldenlionerp.GoldenLionErpApplication for test class ags.goldenlionerp.apiTests.setups.BranchPlantConstantApiTest
2018-12-27 11:25:56.022  INFO 2120 --- [    Test worker] .b.t.c.SpringBootTestContextBootstrapper : Loaded default TestExecutionListener class names from location [META-INF/spring.factories]: [org.springframework.security.test.context.support.WithSecurityContextTestExecutionListener, org.springframework.security.test.context.support.ReactorContextTestExecutionListener, org.springframework.boot.test.autoconfigure.restdocs.RestDocsTestExecutionListener, org.springframework.boot.test.autoconfigure.web.client.MockRestServiceServerResetTestExecutionListener, org.springframework.boot.test.autoconfigure.web.servlet.MockMvcPrintOnlyOnFailureTestExecutionListener, org.springframework.boot.test.autoconfigure.web.servlet.WebDriverTestExecutionListener, org.springframework.boot.test.mock.mockito.MockitoTestExecutionListener, org.springframework.boot.test.mock.mockito.ResetMocksTestExecutionListener, org.springframework.test.context.web.ServletTestExecutionListener, org.springframework.test.context.support.DirtiesContextBeforeModesTestExecutionListener, org.springframework.test.context.support.DependencyInjectionTestExecutionListener, org.springframework.test.context.support.DirtiesContextTestExecutionListener, org.springframework.test.context.transaction.TransactionalTestExecutionListener, org.springframework.test.context.jdbc.SqlScriptsTestExecutionListener]
2018-12-27 11:25:56.023  INFO 2120 --- [    Test worker] .b.t.c.SpringBootTestContextBootstrapper : Using TestExecutionListeners: [org.springframework.test.context.web.ServletTestExecutionListener@16ff4735, org.springframework.test.context.support.DirtiesContextBeforeModesTestExecutionListener@1e4e105e, org.springframework.boot.test.mock.mockito.MockitoTestExecutionListener@3fdd31b0, org.springframework.boot.test.autoconfigure.SpringBootDependencyInjectionTestExecutionListener@55775a98, org.springframework.test.context.support.DirtiesContextTestExecutionListener@395d69ec, org.springframework.test.context.transaction.TransactionalTestExecutionListener@577f4279, org.springframework.test.context.jdbc.SqlScriptsTestExecutionListener@179b997, org.springframework.security.test.context.support.WithSecurityContextTestExecutionListener@6eb590ba, org.springframework.security.test.context.support.ReactorContextTestExecutionListener@3c759689, org.springframework.boot.test.autoconfigure.restdocs.RestDocsTestExecutionListener@113477f4, org.springframework.boot.test.autoconfigure.web.client.MockRestServiceServerResetTestExecutionListener@5dcdc144, org.springframework.boot.test.autoconfigure.web.servlet.MockMvcPrintOnlyOnFailureTestExecutionListener@1fbfba07, org.springframework.boot.test.autoconfigure.web.servlet.WebDriverTestExecutionListener@feea6a7, org.springframework.boot.test.mock.mockito.ResetMocksTestExecutionListener@3dd7eb79]
2018-12-27 11:25:56.048  INFO 2120 --- [    Test worker] o.s.t.c.transaction.TransactionContext   : Began transaction (1) for test context [DefaultTestContext@4e14b0c testClass = BranchPlantConstantApiTest, testInstance = ags.goldenlionerp.apiTests.setups.BranchPlantConstantApiTest@19e3daa9, testMethod = createTestWithPutOnAssociation@BranchPlantConstantApiTest, testException = [null], mergedContextConfiguration = [WebMergedContextConfiguration@74f58438 testClass = BranchPlantConstantApiTest, locations = '{}', classes = '{class ags.goldenlionerp.GoldenLionErpApplication}', contextInitializerClasses = '[]', activeProfiles = '{}', propertySourceLocations = '{classpath:test.properties}', propertySourceProperties = '{org.springframework.boot.test.context.SpringBootTestContextBootstrapper=true}', contextCustomizers = set[org.springframework.boot.test.autoconfigure.properties.PropertyMappingContextCustomizer@0, org.springframework.boot.test.autoconfigure.web.servlet.WebDriverContextCustomizerFactory$Customizer@636d731e, [ImportsContextCustomizer@6e764075 key = [ags.goldenlionerp.apiTests.ApiTestBase$TestConfig]], org.springframework.boot.test.context.filter.ExcludeFilterContextCustomizer@6afa5291, org.springframework.boot.test.json.DuplicateJsonObjectContextCustomizerFactory$DuplicateJsonObjectContextCustomizer@20cebcb4, org.springframework.boot.test.mock.mockito.MockitoContextCustomizer@0, org.springframework.boot.test.web.client.TestRestTemplateContextCustomizer@49a32273], resourceBasePath = 'src/main/webapp', contextLoader = 'org.springframework.boot.test.context.SpringBootContextLoader', parent = [null]], attributes = map['org.springframework.test.context.web.ServletTestExecutionListener.activateListener' -> true, 'org.springframework.test.context.web.ServletTestExecutionListener.populatedRequestContextHolder' -> true, 'org.springframework.test.context.web.ServletTestExecutionListener.resetRequestContextHolder' -> true]]; transaction manager [org.springframework.orm.jpa.JpaTransactionManager@75de8c12]; rollback [true]
2018-12-27 11:25:56.049  INFO 2120 --- [    Test worker] o.s.b.t.m.w.SpringBootMockServletContext : Initializing Spring FrameworkServlet ''
2018-12-27 11:25:56.049  INFO 2120 --- [    Test worker] o.s.t.web.servlet.TestDispatcherServlet  : FrameworkServlet '': initialization started
2018-12-27 11:25:56.057  INFO 2120 --- [    Test worker] o.s.t.web.servlet.TestDispatcherServlet  : FrameworkServlet '': initialization completed in 8 ms
Hibernate: select businessun0_.bnbuid as bnbuid1_10_0_, businessun0_.bncid as bncid2_10_0_, businessun0_.bndtin as bndtin3_10_0_, businessun0_.bntmin as bntmin4_10_0_, businessun0_.bnuid as bnuid5_10_0_, businessun0_.bndtlu as bndtlu6_10_0_, businessun0_.bntmlu as bntmlu7_10_0_, businessun0_.bnuidm as bnuidm8_10_0_, businessun0_.bnbuty as bnbuty9_10_0_, businessun0_.bncoid as bncoid10_10_0_, businessun0_.bndesb1 as bndesb11_10_0_, businessun0_.bnanum as bnanum12_10_0_, businessun0_.bnfmod as bnfmod13_10_0_, businessun0_.bnbuid1 as bnbuid14_10_0_, company1_.cncoid as cncoid1_9_1_, company1_.cncid as cncid2_9_1_, company1_.cndtin as cndtin3_9_1_, company1_.cntmin as cntmin4_9_1_, company1_.cnuid as cnuid5_9_1_, company1_.cndtlu as cndtlu6_9_1_, company1_.cntmlu as cntmlu7_9_1_, company1_.cnuidm as cnuidm8_9_1_, company1_.cnanum as cnanum9_9_1_, company1_.cncrcb as cncrcb10_9_1_, company1_.cncap as cncap11_9_1_, company1_.cncfy as cncfy12_9_1_, company1_.cncip as cncip13_9_1_, company1_.cncpp as cncpp14_9_1_, company1_.cncrp as cncrp15_9_1_, company1_.cndesb1 as cndesb16_9_1_, company1_.cnfdp as cnfdp17_9_1_, branchplan2_.bcbuid as bcbuid1_11_2_, branchplan2_.bccid as bccid2_11_2_, branchplan2_.bcdtin as bcdtin3_11_2_, branchplan2_.bctmin as bctmin4_11_2_, branchplan2_.bcuid as bcuid5_11_2_, branchplan2_.bcdtlu as bcdtlu6_11_2_, branchplan2_.bctmlu as bctmlu7_11_2_, branchplan2_.bcuidm as bcuidm8_11_2_, branchplan2_.bcanum as bcanum9_11_2_, branchplan2_.bcctm as bcctm10_11_2_, branchplan2_.bcitgl as bcitgl11_11_2_, branchplan2_.bcilc as bcilc12_11_2_, branchplan2_.bcxrt as bcxrt13_11_2_, branchplan2_.bcxrt2 as bcxrt14_11_2_, branchplan2_.bclctl as bclctl15_11_2_, branchplan2_.bcpucm as bcpucm16_11_2_, branchplan2_.bcsicm as bcsicm17_11_2_, branchplan2_.bcwctl as bcwctl18_11_2_ from t0021 businessun0_ inner join t0020 company1_ on businessun0_.bncoid=company1_.cncoid left outer join t0022 branchplan2_ on businessun0_.bnbuid=branchplan2_.bcbuid where businessun0_.bnbuid=?
Hibernate: select businessun0_.bnbuid as bnbuid1_10_0_, businessun0_.bncid as bncid2_10_0_, businessun0_.bndtin as bndtin3_10_0_, businessun0_.bntmin as bntmin4_10_0_, businessun0_.bnuid as bnuid5_10_0_, businessun0_.bndtlu as bndtlu6_10_0_, businessun0_.bntmlu as bntmlu7_10_0_, businessun0_.bnuidm as bnuidm8_10_0_, businessun0_.bnbuty as bnbuty9_10_0_, businessun0_.bncoid as bncoid10_10_0_, businessun0_.bndesb1 as bndesb11_10_0_, businessun0_.bnanum as bnanum12_10_0_, businessun0_.bnfmod as bnfmod13_10_0_, businessun0_.bnbuid1 as bnbuid14_10_0_, company1_.cncoid as cncoid1_9_1_, company1_.cncid as cncid2_9_1_, company1_.cndtin as cndtin3_9_1_, company1_.cntmin as cntmin4_9_1_, company1_.cnuid as cnuid5_9_1_, company1_.cndtlu as cndtlu6_9_1_, company1_.cntmlu as cntmlu7_9_1_, company1_.cnuidm as cnuidm8_9_1_, company1_.cnanum as cnanum9_9_1_, company1_.cncrcb as cncrcb10_9_1_, company1_.cncap as cncap11_9_1_, company1_.cncfy as cncfy12_9_1_, company1_.cncip as cncip13_9_1_, company1_.cncpp as cncpp14_9_1_, company1_.cncrp as cncrp15_9_1_, company1_.cndesb1 as cndesb16_9_1_, company1_.cnfdp as cnfdp17_9_1_, branchplan2_.bcbuid as bcbuid1_11_2_, branchplan2_.bccid as bccid2_11_2_, branchplan2_.bcdtin as bcdtin3_11_2_, branchplan2_.bctmin as bctmin4_11_2_, branchplan2_.bcuid as bcuid5_11_2_, branchplan2_.bcdtlu as bcdtlu6_11_2_, branchplan2_.bctmlu as bctmlu7_11_2_, branchplan2_.bcuidm as bcuidm8_11_2_, branchplan2_.bcanum as bcanum9_11_2_, branchplan2_.bcctm as bcctm10_11_2_, branchplan2_.bcitgl as bcitgl11_11_2_, branchplan2_.bcilc as bcilc12_11_2_, branchplan2_.bcxrt as bcxrt13_11_2_, branchplan2_.bcxrt2 as bcxrt14_11_2_, branchplan2_.bclctl as bclctl15_11_2_, branchplan2_.bcpucm as bcpucm16_11_2_, branchplan2_.bcsicm as bcsicm17_11_2_, branchplan2_.bcwctl as bcwctl18_11_2_ from t0021 businessun0_ inner join t0020 company1_ on businessun0_.bncoid=company1_.cncoid left outer join t0022 branchplan2_ on businessun0_.bnbuid=branchplan2_.bcbuid where businessun0_.bnbuid=?
Hibernate: select count(*) as col_0_0_ from t0022 branchplan0_ where branchplan0_.bcbuid=?
Hibernate: select branchplan0_.bcbuid as bcbuid1_11_0_, branchplan0_.bccid as bccid2_11_0_, branchplan0_.bcdtin as bcdtin3_11_0_, branchplan0_.bctmin as bctmin4_11_0_, branchplan0_.bcuid as bcuid5_11_0_, branchplan0_.bcdtlu as bcdtlu6_11_0_, branchplan0_.bctmlu as bctmlu7_11_0_, branchplan0_.bcuidm as bcuidm8_11_0_, branchplan0_.bcanum as bcanum9_11_0_, branchplan0_.bcctm as bcctm10_11_0_, branchplan0_.bcitgl as bcitgl11_11_0_, branchplan0_.bcilc as bcilc12_11_0_, branchplan0_.bcxrt as bcxrt13_11_0_, branchplan0_.bcxrt2 as bcxrt14_11_0_, branchplan0_.bclctl as bclctl15_11_0_, branchplan0_.bcpucm as bcpucm16_11_0_, branchplan0_.bcsicm as bcsicm17_11_0_, branchplan0_.bcwctl as bcwctl18_11_0_ from t0022 branchplan0_ where branchplan0_.bcbuid=?
Hibernate: insert into t0022 (bccid, bcdtin, bctmin, bcuid, bcdtlu, bctmlu, bcuidm, bcanum, bcctm, bcitgl, bcilc, bcxrt, bcxrt2, bclctl, bcpucm, bcsicm, bcwctl, bcbuid) values (?, ?, ?, ?, ?, ?, ?, ?, ?, ?, ?, ?, ?, ?, ?, ?, ?, ?)
Hibernate: update t0021 set bncid=?, bndtlu=?, bntmlu=?, bnuidm=?, bnbuty=?, bncoid=?, bndesb1=?, bnanum=?, bnfmod=?, bnbuid1=? where bnbuid=?
Hibernate: update t0021 set bncid=?, bndtlu=?, bntmlu=?, bnuidm=?, bnbuty=?, bncoid=?, bndesb1=?, bnanum=?, bnfmod=?, bnbuid1=? where bnbuid=?
Hibernate: select businessun0_.bnbuid as bnbuid1_10_0_, businessun0_.bncid as bncid2_10_0_, businessun0_.bndtin as bndtin3_10_0_, businessun0_.bntmin as bntmin4_10_0_, businessun0_.bnuid as bnuid5_10_0_, businessun0_.bndtlu as bndtlu6_10_0_, businessun0_.bntmlu as bntmlu7_10_0_, businessun0_.bnuidm as bnuidm8_10_0_, businessun0_.bnbuty as bnbuty9_10_0_, businessun0_.bncoid as bncoid10_10_0_, businessun0_.bndesb1 as bndesb11_10_0_, businessun0_.bnanum as bnanum12_10_0_, businessun0_.bnfmod as bnfmod13_10_0_, businessun0_.bnbuid1 as bnbuid14_10_0_, company1_.cncoid as cncoid1_9_1_, company1_.cncid as cncid2_9_1_, company1_.cndtin as cndtin3_9_1_, company1_.cntmin as cntmin4_9_1_, company1_.cnuid as cnuid5_9_1_, company1_.cndtlu as cndtlu6_9_1_, company1_.cntmlu as cntmlu7_9_1_, company1_.cnuidm as cnuidm8_9_1_, company1_.cnanum as cnanum9_9_1_, company1_.cncrcb as cncrcb10_9_1_, company1_.cncap as cncap11_9_1_, company1_.cncfy as cncfy12_9_1_, company1_.cncip as cncip13_9_1_, company1_.cncpp as cncpp14_9_1_, company1_.cncrp as cncrp15_9_1_, company1_.cndesb1 as cndesb16_9_1_, company1_.cnfdp as cnfdp17_9_1_, branchplan2_.bcbuid as bcbuid1_11_2_, branchplan2_.bccid as bccid2_11_2_, branchplan2_.bcdtin as bcdtin3_11_2_, branchplan2_.bctmin as bctmin4_11_2_, branchplan2_.bcuid as bcuid5_11_2_, branchplan2_.bcdtlu as bcdtlu6_11_2_, branchplan2_.bctmlu as bctmlu7_11_2_, branchplan2_.bcuidm as bcuidm8_11_2_, branchplan2_.bcanum as bcanum9_11_2_, branchplan2_.bcctm as bcctm10_11_2_, branchplan2_.bcitgl as bcitgl11_11_2_, branchplan2_.bcilc as bcilc12_11_2_, branchplan2_.bcxrt as bcxrt13_11_2_, branchplan2_.bcxrt2 as bcxrt14_11_2_, branchplan2_.bclctl as bclctl15_11_2_, branchplan2_.bcpucm as bcpucm16_11_2_, branchplan2_.bcsicm as bcsicm17_11_2_, branchplan2_.bcwctl as bcwctl18_11_2_ from t0021 businessun0_ inner join t0020 company1_ on businessun0_.bncoid=company1_.cncoid left outer join t0022 branchplan2_ on businessun0_.bnbuid=branchplan2_.bcbuid where businessun0_.bnbuid=?
2018-12-27 11:25:56.136  INFO 2120 --- [    Test worker] o.s.t.c.transaction.TransactionContext   : Rolled back transaction for test: [DefaultTestContext@4e14b0c testClass = BranchPlantConstantApiTest, testInstance = ags.goldenlionerp.apiTests.setups.BranchPlantConstantApiTest@19e3daa9, testMethod = createTestWithPutOnAssociation@BranchPlantConstantApiTest, testException = [null], mergedContextConfiguration = [WebMergedContextConfiguration@74f58438 testClass = BranchPlantConstantApiTest, locations = '{}', classes = '{class ags.goldenlionerp.GoldenLionErpApplication}', contextInitializerClasses = '[]', activeProfiles = '{}', propertySourceLocations = '{classpath:test.properties}', propertySourceProperties = '{org.springframework.boot.test.context.SpringBootTestContextBootstrapper=true}', contextCustomizers = set[org.springframework.boot.test.autoconfigure.properties.PropertyMappingContextCustomizer@0, org.springframework.boot.test.autoconfigure.web.servlet.WebDriverContextCustomizerFactory$Customizer@636d731e, [ImportsContextCustomizer@6e764075 key = [ags.goldenlionerp.apiTests.ApiTestBase$TestConfig]], org.springframework.boot.test.context.filter.ExcludeFilterContextCustomizer@6afa5291, org.springframework.boot.test.json.DuplicateJsonObjectContextCustomizerFactory$DuplicateJsonObjectContextCustomizer@20cebcb4, org.springframework.boot.test.mock.mockito.MockitoContextCustomizer@0, org.springframework.boot.test.web.client.TestRestTemplateContextCustomizer@49a32273], resourceBasePath = 'src/main/webapp', contextLoader = 'org.springframework.boot.test.context.SpringBootContextLoader', parent = [null]], attributes = map['org.springframework.test.context.web.ServletTestExecutionListener.activateListener' -> true, 'org.springframework.test.context.web.ServletTestExecutionListener.populatedRequestContextHolder' -> true, 'org.springframework.test.context.web.ServletTestExecutionListener.resetRequestContextHolder' -> true]]
2018-12-27 11:25:56.138  INFO 2120 --- [    Test worker] o.s.t.c.transaction.TransactionContext   : Began transaction (1) for test context [DefaultTestContext@4e14b0c testClass = BranchPlantConstantApiTest, testInstance = ags.goldenlionerp.apiTests.setups.BranchPlantConstantApiTest@4e31f87, testMethod = updateTestWithPut@BranchPlantConstantApiTest, testException = [null], mergedContextConfiguration = [WebMergedContextConfiguration@74f58438 testClass = BranchPlantConstantApiTest, locations = '{}', classes = '{class ags.goldenlionerp.GoldenLionErpApplication}', contextInitializerClasses = '[]', activeProfiles = '{}', propertySourceLocations = '{classpath:test.properties}', propertySourceProperties = '{org.springframework.boot.test.context.SpringBootTestContextBootstrapper=true}', contextCustomizers = set[org.springframework.boot.test.autoconfigure.properties.PropertyMappingContextCustomizer@0, org.springframework.boot.test.autoconfigure.web.servlet.WebDriverContextCustomizerFactory$Customizer@636d731e, [ImportsContextCustomizer@6e764075 key = [ags.goldenlionerp.apiTests.ApiTestBase$TestConfig]], org.springframework.boot.test.context.filter.ExcludeFilterContextCustomizer@6afa5291, org.springframework.boot.test.json.DuplicateJsonObjectContextCustomizerFactory$DuplicateJsonObjectContextCustomizer@20cebcb4, org.springframework.boot.test.mock.mockito.MockitoContextCustomizer@0, org.springframework.boot.test.web.client.TestRestTemplateContextCustomizer@49a32273], resourceBasePath = 'src/main/webapp', contextLoader = 'org.springframework.boot.test.context.SpringBootContextLoader', parent = [null]], attributes = map['org.springframework.test.context.web.ServletTestExecutionListener.activateListener' -> true, 'org.springframework.test.context.web.ServletTestExecutionListener.populatedRequestContextHolder' -> true, 'org.springframework.test.context.web.ServletTestExecutionListener.resetRequestContextHolder' -> true]]; transaction manager [org.springframework.orm.jpa.JpaTransactionManager@75de8c12]; rollback [true]
2018-12-27 11:25:56.139  INFO 2120 --- [    Test worker] o.s.b.t.m.w.SpringBootMockServletContext : Initializing Spring FrameworkServlet ''
2018-12-27 11:25:56.139  INFO 2120 --- [    Test worker] o.s.t.web.servlet.TestDispatcherServlet  : FrameworkServlet '': initialization started
2018-12-27 11:25:56.147  INFO 2120 --- [    Test worker] o.s.t.web.servlet.TestDispatcherServlet  : FrameworkServlet '': initialization completed in 8 ms
Hibernate: select businessun0_.bnbuid as bnbuid1_10_0_, businessun0_.bncid as bncid2_10_0_, businessun0_.bndtin as bndtin3_10_0_, businessun0_.bntmin as bntmin4_10_0_, businessun0_.bnuid as bnuid5_10_0_, businessun0_.bndtlu as bndtlu6_10_0_, businessun0_.bntmlu as bntmlu7_10_0_, businessun0_.bnuidm as bnuidm8_10_0_, businessun0_.bnbuty as bnbuty9_10_0_, businessun0_.bncoid as bncoid10_10_0_, businessun0_.bndesb1 as bndesb11_10_0_, businessun0_.bnanum as bnanum12_10_0_, businessun0_.bnfmod as bnfmod13_10_0_, businessun0_.bnbuid1 as bnbuid14_10_0_, company1_.cncoid as cncoid1_9_1_, company1_.cncid as cncid2_9_1_, company1_.cndtin as cndtin3_9_1_, company1_.cntmin as cntmin4_9_1_, company1_.cnuid as cnuid5_9_1_, company1_.cndtlu as cndtlu6_9_1_, company1_.cntmlu as cntmlu7_9_1_, company1_.cnuidm as cnuidm8_9_1_, company1_.cnanum as cnanum9_9_1_, company1_.cncrcb as cncrcb10_9_1_, company1_.cncap as cncap11_9_1_, company1_.cncfy as cncfy12_9_1_, company1_.cncip as cncip13_9_1_, company1_.cncpp as cncpp14_9_1_, company1_.cncrp as cncrp15_9_1_, company1_.cndesb1 as cndesb16_9_1_, company1_.cnfdp as cnfdp17_9_1_, branchplan2_.bcbuid as bcbuid1_11_2_, branchplan2_.bccid as bccid2_11_2_, branchplan2_.bcdtin as bcdtin3_11_2_, branchplan2_.bctmin as bctmin4_11_2_, branchplan2_.bcuid as bcuid5_11_2_, branchplan2_.bcdtlu as bcdtlu6_11_2_, branchplan2_.bctmlu as bctmlu7_11_2_, branchplan2_.bcuidm as bcuidm8_11_2_, branchplan2_.bcanum as bcanum9_11_2_, branchplan2_.bcctm as bcctm10_11_2_, branchplan2_.bcitgl as bcitgl11_11_2_, branchplan2_.bcilc as bcilc12_11_2_, branchplan2_.bcxrt as bcxrt13_11_2_, branchplan2_.bcxrt2 as bcxrt14_11_2_, branchplan2_.bclctl as bclctl15_11_2_, branchplan2_.bcpucm as bcpucm16_11_2_, branchplan2_.bcsicm as bcsicm17_11_2_, branchplan2_.bcwctl as bcwctl18_11_2_ from t0021 businessun0_ inner join t0020 company1_ on businessun0_.bncoid=company1_.cncoid left outer join t0022 branchplan2_ on businessun0_.bnbuid=branchplan2_.bcbuid where businessun0_.bnbuid=?
Hibernate: update t0021 set bncid=?, bndtlu=?, bntmlu=?, bnuidm=?, bnbuty=?, bncoid=?, bndesb1=?, bnanum=?, bnfmod=?, bnbuid1=? where bnbuid=?
Hibernate: update t0022 set bccid=?, bcdtlu=?, bctmlu=?, bcuidm=?, bcanum=?, bcctm=?, bcitgl=?, bcilc=?, bcxrt=?, bcxrt2=?, bclctl=?, bcpucm=?, bcsicm=?, bcwctl=? where bcbuid=?
Hibernate: select branchplan0_.bcbuid as bcbuid1_11_0_, branchplan0_.bccid as bccid2_11_0_, branchplan0_.bcdtin as bcdtin3_11_0_, branchplan0_.bctmin as bctmin4_11_0_, branchplan0_.bcuid as bcuid5_11_0_, branchplan0_.bcdtlu as bcdtlu6_11_0_, branchplan0_.bctmlu as bctmlu7_11_0_, branchplan0_.bcuidm as bcuidm8_11_0_, branchplan0_.bcanum as bcanum9_11_0_, branchplan0_.bcctm as bcctm10_11_0_, branchplan0_.bcitgl as bcitgl11_11_0_, branchplan0_.bcilc as bcilc12_11_0_, branchplan0_.bcxrt as bcxrt13_11_0_, branchplan0_.bcxrt2 as bcxrt14_11_0_, branchplan0_.bclctl as bclctl15_11_0_, branchplan0_.bcpucm as bcpucm16_11_0_, branchplan0_.bcsicm as bcsicm17_11_0_, branchplan0_.bcwctl as bcwctl18_11_0_, businessun1_.bnbuid as bnbuid1_10_1_, businessun1_.bncid as bncid2_10_1_, businessun1_.bndtin as bndtin3_10_1_, businessun1_.bntmin as bntmin4_10_1_, businessun1_.bnuid as bnuid5_10_1_, businessun1_.bndtlu as bndtlu6_10_1_, businessun1_.bntmlu as bntmlu7_10_1_, businessun1_.bnuidm as bnuidm8_10_1_, businessun1_.bnbuty as bnbuty9_10_1_, businessun1_.bncoid as bncoid10_10_1_, businessun1_.bndesb1 as bndesb11_10_1_, businessun1_.bnanum as bnanum12_10_1_, businessun1_.bnfmod as bnfmod13_10_1_, businessun1_.bnbuid1 as bnbuid14_10_1_, company2_.cncoid as cncoid1_9_2_, company2_.cncid as cncid2_9_2_, company2_.cndtin as cndtin3_9_2_, company2_.cntmin as cntmin4_9_2_, company2_.cnuid as cnuid5_9_2_, company2_.cndtlu as cndtlu6_9_2_, company2_.cntmlu as cntmlu7_9_2_, company2_.cnuidm as cnuidm8_9_2_, company2_.cnanum as cnanum9_9_2_, company2_.cncrcb as cncrcb10_9_2_, company2_.cncap as cncap11_9_2_, company2_.cncfy as cncfy12_9_2_, company2_.cncip as cncip13_9_2_, company2_.cncpp as cncpp14_9_2_, company2_.cncrp as cncrp15_9_2_, company2_.cndesb1 as cndesb16_9_2_, company2_.cnfdp as cnfdp17_9_2_ from t0022 branchplan0_ inner join t0021 businessun1_ on branchplan0_.bcbuid=businessun1_.bnbuid inner join t0020 company2_ on businessun1_.bncoid=company2_.cncoid where branchplan0_.bcbuid=?
2018-12-27 11:25:56.204  INFO 2120 --- [    Test worker] o.s.t.c.transaction.TransactionContext   : Rolled back transaction for test: [DefaultTestContext@4e14b0c testClass = BranchPlantConstantApiTest, testInstance = ags.goldenlionerp.apiTests.setups.BranchPlantConstantApiTest@4e31f87, testMethod = updateTestWithPut@BranchPlantConstantApiTest, testException = [null], mergedContextConfiguration = [WebMergedContextConfiguration@74f58438 testClass = BranchPlantConstantApiTest, locations = '{}', classes = '{class ags.goldenlionerp.GoldenLionErpApplication}', contextInitializerClasses = '[]', activeProfiles = '{}', propertySourceLocations = '{classpath:test.properties}', propertySourceProperties = '{org.springframework.boot.test.context.SpringBootTestContextBootstrapper=true}', contextCustomizers = set[org.springframework.boot.test.autoconfigure.properties.PropertyMappingContextCustomizer@0, org.springframework.boot.test.autoconfigure.web.servlet.WebDriverContextCustomizerFactory$Customizer@636d731e, [ImportsContextCustomizer@6e764075 key = [ags.goldenlionerp.apiTests.ApiTestBase$TestConfig]], org.springframework.boot.test.context.filter.ExcludeFilterContextCustomizer@6afa5291, org.springframework.boot.test.json.DuplicateJsonObjectContextCustomizerFactory$DuplicateJsonObjectContextCustomizer@20cebcb4, org.springframework.boot.test.mock.mockito.MockitoContextCustomizer@0, org.springframework.boot.test.web.client.TestRestTemplateContextCustomizer@49a32273], resourceBasePath = 'src/main/webapp', contextLoader = 'org.springframework.boot.test.context.SpringBootContextLoader', parent = [null]], attributes = map['org.springframework.test.context.web.ServletTestExecutionListener.activateListener' -> true, 'org.springframework.test.context.web.ServletTestExecutionListener.populatedRequestContextHolder' -> true, 'org.springframework.test.context.web.ServletTestExecutionListener.resetRequestContextHolder' -> true]]
2018-12-27 11:25:56.206  INFO 2120 --- [    Test worker] o.s.t.c.transaction.TransactionContext   : Began transaction (1) for test context [DefaultTestContext@4e14b0c testClass = BranchPlantConstantApiTest, testInstance = ags.goldenlionerp.apiTests.setups.BranchPlantConstantApiTest@6cc5282d, testMethod = testBaseAndAssociationUrlSameResult@BranchPlantConstantApiTest, testException = [null], mergedContextConfiguration = [WebMergedContextConfiguration@74f58438 testClass = BranchPlantConstantApiTest, locations = '{}', classes = '{class ags.goldenlionerp.GoldenLionErpApplication}', contextInitializerClasses = '[]', activeProfiles = '{}', propertySourceLocations = '{classpath:test.properties}', propertySourceProperties = '{org.springframework.boot.test.context.SpringBootTestContextBootstrapper=true}', contextCustomizers = set[org.springframework.boot.test.autoconfigure.properties.PropertyMappingContextCustomizer@0, org.springframework.boot.test.autoconfigure.web.servlet.WebDriverContextCustomizerFactory$Customizer@636d731e, [ImportsContextCustomizer@6e764075 key = [ags.goldenlionerp.apiTests.ApiTestBase$TestConfig]], org.springframework.boot.test.context.filter.ExcludeFilterContextCustomizer@6afa5291, org.springframework.boot.test.json.DuplicateJsonObjectContextCustomizerFactory$DuplicateJsonObjectContextCustomizer@20cebcb4, org.springframework.boot.test.mock.mockito.MockitoContextCustomizer@0, org.springframework.boot.test.web.client.TestRestTemplateContextCustomizer@49a32273], resourceBasePath = 'src/main/webapp', contextLoader = 'org.springframework.boot.test.context.SpringBootContextLoader', parent = [null]], attributes = map['org.springframework.test.context.web.ServletTestExecutionListener.activateListener' -> true, 'org.springframework.test.context.web.ServletTestExecutionListener.populatedRequestContextHolder' -> true, 'org.springframework.test.context.web.ServletTestExecutionListener.resetRequestContextHolder' -> true]]; transaction manager [org.springframework.orm.jpa.JpaTransactionManager@75de8c12]; rollback [true]
2018-12-27 11:25:56.208  INFO 2120 --- [    Test worker] o.s.b.t.m.w.SpringBootMockServletContext : Initializing Spring FrameworkServlet ''
2018-12-27 11:25:56.208  INFO 2120 --- [    Test worker] o.s.t.web.servlet.TestDispatcherServlet  : FrameworkServlet '': initialization started
2018-12-27 11:25:56.214  INFO 2120 --- [    Test worker] o.s.t.web.servlet.TestDispatcherServlet  : FrameworkServlet '': initialization completed in 6 ms
Hibernate: select businessun0_.bnbuid as bnbuid1_10_0_, businessun0_.bncid as bncid2_10_0_, businessun0_.bndtin as bndtin3_10_0_, businessun0_.bntmin as bntmin4_10_0_, businessun0_.bnuid as bnuid5_10_0_, businessun0_.bndtlu as bndtlu6_10_0_, businessun0_.bntmlu as bntmlu7_10_0_, businessun0_.bnuidm as bnuidm8_10_0_, businessun0_.bnbuty as bnbuty9_10_0_, businessun0_.bncoid as bncoid10_10_0_, businessun0_.bndesb1 as bndesb11_10_0_, businessun0_.bnanum as bnanum12_10_0_, businessun0_.bnfmod as bnfmod13_10_0_, businessun0_.bnbuid1 as bnbuid14_10_0_, company1_.cncoid as cncoid1_9_1_, company1_.cncid as cncid2_9_1_, company1_.cndtin as cndtin3_9_1_, company1_.cntmin as cntmin4_9_1_, company1_.cnuid as cnuid5_9_1_, company1_.cndtlu as cndtlu6_9_1_, company1_.cntmlu as cntmlu7_9_1_, company1_.cnuidm as cnuidm8_9_1_, company1_.cnanum as cnanum9_9_1_, company1_.cncrcb as cncrcb10_9_1_, company1_.cncap as cncap11_9_1_, company1_.cncfy as cncfy12_9_1_, company1_.cncip as cncip13_9_1_, company1_.cncpp as cncpp14_9_1_, company1_.cncrp as cncrp15_9_1_, company1_.cndesb1 as cndesb16_9_1_, company1_.cnfdp as cnfdp17_9_1_, branchplan2_.bcbuid as bcbuid1_11_2_, branchplan2_.bccid as bccid2_11_2_, branchplan2_.bcdtin as bcdtin3_11_2_, branchplan2_.bctmin as bctmin4_11_2_, branchplan2_.bcuid as bcuid5_11_2_, branchplan2_.bcdtlu as bcdtlu6_11_2_, branchplan2_.bctmlu as bctmlu7_11_2_, branchplan2_.bcuidm as bcuidm8_11_2_, branchplan2_.bcanum as bcanum9_11_2_, branchplan2_.bcctm as bcctm10_11_2_, branchplan2_.bcitgl as bcitgl11_11_2_, branchplan2_.bcilc as bcilc12_11_2_, branchplan2_.bcxrt as bcxrt13_11_2_, branchplan2_.bcxrt2 as bcxrt14_11_2_, branchplan2_.bclctl as bclctl15_11_2_, branchplan2_.bcpucm as bcpucm16_11_2_, branchplan2_.bcsicm as bcsicm17_11_2_, branchplan2_.bcwctl as bcwctl18_11_2_ from t0021 businessun0_ inner join t0020 company1_ on businessun0_.bncoid=company1_.cncoid left outer join t0022 branchplan2_ on businessun0_.bnbuid=branchplan2_.bcbuid where businessun0_.bnbuid=?
2018-12-27 11:25:56.252  INFO 2120 --- [    Test worker] o.s.t.c.transaction.TransactionContext   : Rolled back transaction for test: [DefaultTestContext@4e14b0c testClass = BranchPlantConstantApiTest, testInstance = ags.goldenlionerp.apiTests.setups.BranchPlantConstantApiTest@6cc5282d, testMethod = testBaseAndAssociationUrlSameResult@BranchPlantConstantApiTest, testException = [null], mergedContextConfiguration = [WebMergedContextConfiguration@74f58438 testClass = BranchPlantConstantApiTest, locations = '{}', classes = '{class ags.goldenlionerp.GoldenLionErpApplication}', contextInitializerClasses = '[]', activeProfiles = '{}', propertySourceLocations = '{classpath:test.properties}', propertySourceProperties = '{org.springframework.boot.test.context.SpringBootTestContextBootstrapper=true}', contextCustomizers = set[org.springframework.boot.test.autoconfigure.properties.PropertyMappingContextCustomizer@0, org.springframework.boot.test.autoconfigure.web.servlet.WebDriverContextCustomizerFactory$Customizer@636d731e, [ImportsContextCustomizer@6e764075 key = [ags.goldenlionerp.apiTests.ApiTestBase$TestConfig]], org.springframework.boot.test.context.filter.ExcludeFilterContextCustomizer@6afa5291, org.springframework.boot.test.json.DuplicateJsonObjectContextCustomizerFactory$DuplicateJsonObjectContextCustomizer@20cebcb4, org.springframework.boot.test.mock.mockito.MockitoContextCustomizer@0, org.springframework.boot.test.web.client.TestRestTemplateContextCustomizer@49a32273], resourceBasePath = 'src/main/webapp', contextLoader = 'org.springframework.boot.test.context.SpringBootContextLoader', parent = [null]], attributes = map['org.springframework.test.context.web.ServletTestExecutionListener.activateListener' -> true, 'org.springframework.test.context.web.ServletTestExecutionListener.populatedRequestContextHolder' -> true, 'org.springframework.test.context.web.ServletTestExecutionListener.resetRequestContextHolder' -> true]]
2018-12-27 11:25:56.254  INFO 2120 --- [    Test worker] o.s.t.c.transaction.TransactionContext   : Began transaction (1) for test context [DefaultTestContext@4e14b0c testClass = BranchPlantConstantApiTest, testInstance = ags.goldenlionerp.apiTests.setups.BranchPlantConstantApiTest@77bd9645, testMethod = updateTestWithPatch@BranchPlantConstantApiTest, testException = [null], mergedContextConfiguration = [WebMergedContextConfiguration@74f58438 testClass = BranchPlantConstantApiTest, locations = '{}', classes = '{class ags.goldenlionerp.GoldenLionErpApplication}', contextInitializerClasses = '[]', activeProfiles = '{}', propertySourceLocations = '{classpath:test.properties}', propertySourceProperties = '{org.springframework.boot.test.context.SpringBootTestContextBootstrapper=true}', contextCustomizers = set[org.springframework.boot.test.autoconfigure.properties.PropertyMappingContextCustomizer@0, org.springframework.boot.test.autoconfigure.web.servlet.WebDriverContextCustomizerFactory$Customizer@636d731e, [ImportsContextCustomizer@6e764075 key = [ags.goldenlionerp.apiTests.ApiTestBase$TestConfig]], org.springframework.boot.test.context.filter.ExcludeFilterContextCustomizer@6afa5291, org.springframework.boot.test.json.DuplicateJsonObjectContextCustomizerFactory$DuplicateJsonObjectContextCustomizer@20cebcb4, org.springframework.boot.test.mock.mockito.MockitoContextCustomizer@0, org.springframework.boot.test.web.client.TestRestTemplateContextCustomizer@49a32273], resourceBasePath = 'src/main/webapp', contextLoader = 'org.springframework.boot.test.context.SpringBootContextLoader', parent = [null]], attributes = map['org.springframework.test.context.web.ServletTestExecutionListener.activateListener' -> true, 'org.springframework.test.context.web.ServletTestExecutionListener.populatedRequestContextHolder' -> true, 'org.springframework.test.context.web.ServletTestExecutionListener.resetRequestContextHolder' -> true]]; transaction manager [org.springframework.orm.jpa.JpaTransactionManager@75de8c12]; rollback [true]
2018-12-27 11:25:56.255  INFO 2120 --- [    Test worker] o.s.b.t.m.w.SpringBootMockServletContext : Initializing Spring FrameworkServlet ''
2018-12-27 11:25:56.255  INFO 2120 --- [    Test worker] o.s.t.web.servlet.TestDispatcherServlet  : FrameworkServlet '': initialization started
2018-12-27 11:25:56.264  INFO 2120 --- [    Test worker] o.s.t.web.servlet.TestDispatcherServlet  : FrameworkServlet '': initialization completed in 9 ms
Hibernate: select businessun0_.bnbuid as bnbuid1_10_0_, businessun0_.bncid as bncid2_10_0_, businessun0_.bndtin as bndtin3_10_0_, businessun0_.bntmin as bntmin4_10_0_, businessun0_.bnuid as bnuid5_10_0_, businessun0_.bndtlu as bndtlu6_10_0_, businessun0_.bntmlu as bntmlu7_10_0_, businessun0_.bnuidm as bnuidm8_10_0_, businessun0_.bnbuty as bnbuty9_10_0_, businessun0_.bncoid as bncoid10_10_0_, businessun0_.bndesb1 as bndesb11_10_0_, businessun0_.bnanum as bnanum12_10_0_, businessun0_.bnfmod as bnfmod13_10_0_, businessun0_.bnbuid1 as bnbuid14_10_0_, company1_.cncoid as cncoid1_9_1_, company1_.cncid as cncid2_9_1_, company1_.cndtin as cndtin3_9_1_, company1_.cntmin as cntmin4_9_1_, company1_.cnuid as cnuid5_9_1_, company1_.cndtlu as cndtlu6_9_1_, company1_.cntmlu as cntmlu7_9_1_, company1_.cnuidm as cnuidm8_9_1_, company1_.cnanum as cnanum9_9_1_, company1_.cncrcb as cncrcb10_9_1_, company1_.cncap as cncap11_9_1_, company1_.cncfy as cncfy12_9_1_, company1_.cncip as cncip13_9_1_, company1_.cncpp as cncpp14_9_1_, company1_.cncrp as cncrp15_9_1_, company1_.cndesb1 as cndesb16_9_1_, company1_.cnfdp as cnfdp17_9_1_, branchplan2_.bcbuid as bcbuid1_11_2_, branchplan2_.bccid as bccid2_11_2_, branchplan2_.bcdtin as bcdtin3_11_2_, branchplan2_.bctmin as bctmin4_11_2_, branchplan2_.bcuid as bcuid5_11_2_, branchplan2_.bcdtlu as bcdtlu6_11_2_, branchplan2_.bctmlu as bctmlu7_11_2_, branchplan2_.bcuidm as bcuidm8_11_2_, branchplan2_.bcanum as bcanum9_11_2_, branchplan2_.bcctm as bcctm10_11_2_, branchplan2_.bcitgl as bcitgl11_11_2_, branchplan2_.bcilc as bcilc12_11_2_, branchplan2_.bcxrt as bcxrt13_11_2_, branchplan2_.bcxrt2 as bcxrt14_11_2_, branchplan2_.bclctl as bclctl15_11_2_, branchplan2_.bcpucm as bcpucm16_11_2_, branchplan2_.bcsicm as bcsicm17_11_2_, branchplan2_.bcwctl as bcwctl18_11_2_ from t0021 businessun0_ inner join t0020 company1_ on businessun0_.bncoid=company1_.cncoid left outer join t0022 branchplan2_ on businessun0_.bnbuid=branchplan2_.bcbuid where businessun0_.bnbuid=?
Hibernate: update t0021 set bncid=?, bndtlu=?, bntmlu=?, bnuidm=?, bnbuty=?, bncoid=?, bndesb1=?, bnanum=?, bnfmod=?, bnbuid1=? where bnbuid=?
Hibernate: update t0022 set bccid=?, bcdtlu=?, bctmlu=?, bcuidm=?, bcanum=?, bcctm=?, bcitgl=?, bcilc=?, bcxrt=?, bcxrt2=?, bclctl=?, bcpucm=?, bcsicm=?, bcwctl=? where bcbuid=?
Hibernate: select branchplan0_.bcbuid as bcbuid1_11_0_, branchplan0_.bccid as bccid2_11_0_, branchplan0_.bcdtin as bcdtin3_11_0_, branchplan0_.bctmin as bctmin4_11_0_, branchplan0_.bcuid as bcuid5_11_0_, branchplan0_.bcdtlu as bcdtlu6_11_0_, branchplan0_.bctmlu as bctmlu7_11_0_, branchplan0_.bcuidm as bcuidm8_11_0_, branchplan0_.bcanum as bcanum9_11_0_, branchplan0_.bcctm as bcctm10_11_0_, branchplan0_.bcitgl as bcitgl11_11_0_, branchplan0_.bcilc as bcilc12_11_0_, branchplan0_.bcxrt as bcxrt13_11_0_, branchplan0_.bcxrt2 as bcxrt14_11_0_, branchplan0_.bclctl as bclctl15_11_0_, branchplan0_.bcpucm as bcpucm16_11_0_, branchplan0_.bcsicm as bcsicm17_11_0_, branchplan0_.bcwctl as bcwctl18_11_0_, businessun1_.bnbuid as bnbuid1_10_1_, businessun1_.bncid as bncid2_10_1_, businessun1_.bndtin as bndtin3_10_1_, businessun1_.bntmin as bntmin4_10_1_, businessun1_.bnuid as bnuid5_10_1_, businessun1_.bndtlu as bndtlu6_10_1_, businessun1_.bntmlu as bntmlu7_10_1_, businessun1_.bnuidm as bnuidm8_10_1_, businessun1_.bnbuty as bnbuty9_10_1_, businessun1_.bncoid as bncoid10_10_1_, businessun1_.bndesb1 as bndesb11_10_1_, businessun1_.bnanum as bnanum12_10_1_, businessun1_.bnfmod as bnfmod13_10_1_, businessun1_.bnbuid1 as bnbuid14_10_1_, company2_.cncoid as cncoid1_9_2_, company2_.cncid as cncid2_9_2_, company2_.cndtin as cndtin3_9_2_, company2_.cntmin as cntmin4_9_2_, company2_.cnuid as cnuid5_9_2_, company2_.cndtlu as cndtlu6_9_2_, company2_.cntmlu as cntmlu7_9_2_, company2_.cnuidm as cnuidm8_9_2_, company2_.cnanum as cnanum9_9_2_, company2_.cncrcb as cncrcb10_9_2_, company2_.cncap as cncap11_9_2_, company2_.cncfy as cncfy12_9_2_, company2_.cncip as cncip13_9_2_, company2_.cncpp as cncpp14_9_2_, company2_.cncrp as cncrp15_9_2_, company2_.cndesb1 as cndesb16_9_2_, company2_.cnfdp as cnfdp17_9_2_ from t0022 branchplan0_ inner join t0021 businessun1_ on branchplan0_.bcbuid=businessun1_.bnbuid inner join t0020 company2_ on businessun1_.bncoid=company2_.cncoid where branchplan0_.bcbuid=?
2018-12-27 11:25:56.320  INFO 2120 --- [    Test worker] o.s.t.c.transaction.TransactionContext   : Rolled back transaction for test: [DefaultTestContext@4e14b0c testClass = BranchPlantConstantApiTest, testInstance = ags.goldenlionerp.apiTests.setups.BranchPlantConstantApiTest@77bd9645, testMethod = updateTestWithPatch@BranchPlantConstantApiTest, testException = [null], mergedContextConfiguration = [WebMergedContextConfiguration@74f58438 testClass = BranchPlantConstantApiTest, locations = '{}', classes = '{class ags.goldenlionerp.GoldenLionErpApplication}', contextInitializerClasses = '[]', activeProfiles = '{}', propertySourceLocations = '{classpath:test.properties}', propertySourceProperties = '{org.springframework.boot.test.context.SpringBootTestContextBootstrapper=true}', contextCustomizers = set[org.springframework.boot.test.autoconfigure.properties.PropertyMappingContextCustomizer@0, org.springframework.boot.test.autoconfigure.web.servlet.WebDriverContextCustomizerFactory$Customizer@636d731e, [ImportsContextCustomizer@6e764075 key = [ags.goldenlionerp.apiTests.ApiTestBase$TestConfig]], org.springframework.boot.test.context.filter.ExcludeFilterContextCustomizer@6afa5291, org.springframework.boot.test.json.DuplicateJsonObjectContextCustomizerFactory$DuplicateJsonObjectContextCustomizer@20cebcb4, org.springframework.boot.test.mock.mockito.MockitoContextCustomizer@0, org.springframework.boot.test.web.client.TestRestTemplateContextCustomizer@49a32273], resourceBasePath = 'src/main/webapp', contextLoader = 'org.springframework.boot.test.context.SpringBootContextLoader', parent = [null]], attributes = map['org.springframework.test.context.web.ServletTestExecutionListener.activateListener' -> true, 'org.springframework.test.context.web.ServletTestExecutionListener.populatedRequestContextHolder' -> true, 'org.springframework.test.context.web.ServletTestExecutionListener.resetRequestContextHolder' -> true]]
2018-12-27 11:25:56.322  INFO 2120 --- [    Test worker] o.s.t.c.transaction.TransactionContext   : Began transaction (1) for test context [DefaultTestContext@4e14b0c testClass = BranchPlantConstantApiTest, testInstance = ags.goldenlionerp.apiTests.setups.BranchPlantConstantApiTest@488c2a7f, testMethod = getTestCollection@BranchPlantConstantApiTest, testException = [null], mergedContextConfiguration = [WebMergedContextConfiguration@74f58438 testClass = BranchPlantConstantApiTest, locations = '{}', classes = '{class ags.goldenlionerp.GoldenLionErpApplication}', contextInitializerClasses = '[]', activeProfiles = '{}', propertySourceLocations = '{classpath:test.properties}', propertySourceProperties = '{org.springframework.boot.test.context.SpringBootTestContextBootstrapper=true}', contextCustomizers = set[org.springframework.boot.test.autoconfigure.properties.PropertyMappingContextCustomizer@0, org.springframework.boot.test.autoconfigure.web.servlet.WebDriverContextCustomizerFactory$Customizer@636d731e, [ImportsContextCustomizer@6e764075 key = [ags.goldenlionerp.apiTests.ApiTestBase$TestConfig]], org.springframework.boot.test.context.filter.ExcludeFilterContextCustomizer@6afa5291, org.springframework.boot.test.json.DuplicateJsonObjectContextCustomizerFactory$DuplicateJsonObjectContextCustomizer@20cebcb4, org.springframework.boot.test.mock.mockito.MockitoContextCustomizer@0, org.springframework.boot.test.web.client.TestRestTemplateContextCustomizer@49a32273], resourceBasePath = 'src/main/webapp', contextLoader = 'org.springframework.boot.test.context.SpringBootContextLoader', parent = [null]], attributes = map['org.springframework.test.context.web.ServletTestExecutionListener.activateListener' -> true, 'org.springframework.test.context.web.ServletTestExecutionListener.populatedRequestContextHolder' -> true, 'org.springframework.test.context.web.ServletTestExecutionListener.resetRequestContextHolder' -> true]]; transaction manager [org.springframework.orm.jpa.JpaTransactionManager@75de8c12]; rollback [true]
2018-12-27 11:25:56.323  INFO 2120 --- [    Test worker] o.s.b.t.m.w.SpringBootMockServletContext : Initializing Spring FrameworkServlet ''
2018-12-27 11:25:56.323  INFO 2120 --- [    Test worker] o.s.t.web.servlet.TestDispatcherServlet  : FrameworkServlet '': initialization started
2018-12-27 11:25:56.331  INFO 2120 --- [    Test worker] o.s.t.web.servlet.TestDispatcherServlet  : FrameworkServlet '': initialization completed in 8 ms
Hibernate: select businessun0_.bnbuid as bnbuid1_10_0_, businessun0_.bncid as bncid2_10_0_, businessun0_.bndtin as bndtin3_10_0_, businessun0_.bntmin as bntmin4_10_0_, businessun0_.bnuid as bnuid5_10_0_, businessun0_.bndtlu as bndtlu6_10_0_, businessun0_.bntmlu as bntmlu7_10_0_, businessun0_.bnuidm as bnuidm8_10_0_, businessun0_.bnbuty as bnbuty9_10_0_, businessun0_.bncoid as bncoid10_10_0_, businessun0_.bndesb1 as bndesb11_10_0_, businessun0_.bnanum as bnanum12_10_0_, businessun0_.bnfmod as bnfmod13_10_0_, businessun0_.bnbuid1 as bnbuid14_10_0_, company1_.cncoid as cncoid1_9_1_, company1_.cncid as cncid2_9_1_, company1_.cndtin as cndtin3_9_1_, company1_.cntmin as cntmin4_9_1_, company1_.cnuid as cnuid5_9_1_, company1_.cndtlu as cndtlu6_9_1_, company1_.cntmlu as cntmlu7_9_1_, company1_.cnuidm as cnuidm8_9_1_, company1_.cnanum as cnanum9_9_1_, company1_.cncrcb as cncrcb10_9_1_, company1_.cncap as cncap11_9_1_, company1_.cncfy as cncfy12_9_1_, company1_.cncip as cncip13_9_1_, company1_.cncpp as cncpp14_9_1_, company1_.cncrp as cncrp15_9_1_, company1_.cndesb1 as cndesb16_9_1_, company1_.cnfdp as cnfdp17_9_1_, branchplan2_.bcbuid as bcbuid1_11_2_, branchplan2_.bccid as bccid2_11_2_, branchplan2_.bcdtin as bcdtin3_11_2_, branchplan2_.bctmin as bctmin4_11_2_, branchplan2_.bcuid as bcuid5_11_2_, branchplan2_.bcdtlu as bcdtlu6_11_2_, branchplan2_.bctmlu as bctmlu7_11_2_, branchplan2_.bcuidm as bcuidm8_11_2_, branchplan2_.bcanum as bcanum9_11_2_, branchplan2_.bcctm as bcctm10_11_2_, branchplan2_.bcitgl as bcitgl11_11_2_, branchplan2_.bcilc as bcilc12_11_2_, branchplan2_.bcxrt as bcxrt13_11_2_, branchplan2_.bcxrt2 as bcxrt14_11_2_, branchplan2_.bclctl as bclctl15_11_2_, branchplan2_.bcpucm as bcpucm16_11_2_, branchplan2_.bcsicm as bcsicm17_11_2_, branchplan2_.bcwctl as bcwctl18_11_2_ from t0021 businessun0_ inner join t0020 company1_ on businessun0_.bncoid=company1_.cncoid left outer join t0022 branchplan2_ on businessun0_.bnbuid=branchplan2_.bcbuid where businessun0_.bnbuid=?
2018-12-27 11:25:56.343  INFO 2120 --- [    Test worker] o.s.t.c.transaction.TransactionContext   : Rolled back transaction for test: [DefaultTestContext@4e14b0c testClass = BranchPlantConstantApiTest, testInstance = ags.goldenlionerp.apiTests.setups.BranchPlantConstantApiTest@488c2a7f, testMethod = getTestCollection@BranchPlantConstantApiTest, testException = [null], mergedContextConfiguration = [WebMergedContextConfiguration@74f58438 testClass = BranchPlantConstantApiTest, locations = '{}', classes = '{class ags.goldenlionerp.GoldenLionErpApplication}', contextInitializerClasses = '[]', activeProfiles = '{}', propertySourceLocations = '{classpath:test.properties}', propertySourceProperties = '{org.springframework.boot.test.context.SpringBootTestContextBootstrapper=true}', contextCustomizers = set[org.springframework.boot.test.autoconfigure.properties.PropertyMappingContextCustomizer@0, org.springframework.boot.test.autoconfigure.web.servlet.WebDriverContextCustomizerFactory$Customizer@636d731e, [ImportsContextCustomizer@6e764075 key = [ags.goldenlionerp.apiTests.ApiTestBase$TestConfig]], org.springframework.boot.test.context.filter.ExcludeFilterContextCustomizer@6afa5291, org.springframework.boot.test.json.DuplicateJsonObjectContextCustomizerFactory$DuplicateJsonObjectContextCustomizer@20cebcb4, org.springframework.boot.test.mock.mockito.MockitoContextCustomizer@0, org.springframework.boot.test.web.client.TestRestTemplateContextCustomizer@49a32273], resourceBasePath = 'src/main/webapp', contextLoader = 'org.springframework.boot.test.context.SpringBootContextLoader', parent = [null]], attributes = map['org.springframework.test.context.web.ServletTestExecutionListener.activateListener' -> true, 'org.springframework.test.context.web.ServletTestExecutionListener.populatedRequestContextHolder' -> true, 'org.springframework.test.context.web.ServletTestExecutionListener.resetRequestContextHolder' -> true]]
2018-12-27 11:25:56.345  INFO 2120 --- [    Test worker] o.s.t.c.transaction.TransactionContext   : Began transaction (1) for test context [DefaultTestContext@4e14b0c testClass = BranchPlantConstantApiTest, testInstance = ags.goldenlionerp.apiTests.setups.BranchPlantConstantApiTest@17296143, testMethod = createTestWithPut@BranchPlantConstantApiTest, testException = [null], mergedContextConfiguration = [WebMergedContextConfiguration@74f58438 testClass = BranchPlantConstantApiTest, locations = '{}', classes = '{class ags.goldenlionerp.GoldenLionErpApplication}', contextInitializerClasses = '[]', activeProfiles = '{}', propertySourceLocations = '{classpath:test.properties}', propertySourceProperties = '{org.springframework.boot.test.context.SpringBootTestContextBootstrapper=true}', contextCustomizers = set[org.springframework.boot.test.autoconfigure.properties.PropertyMappingContextCustomizer@0, org.springframework.boot.test.autoconfigure.web.servlet.WebDriverContextCustomizerFactory$Customizer@636d731e, [ImportsContextCustomizer@6e764075 key = [ags.goldenlionerp.apiTests.ApiTestBase$TestConfig]], org.springframework.boot.test.context.filter.ExcludeFilterContextCustomizer@6afa5291, org.springframework.boot.test.json.DuplicateJsonObjectContextCustomizerFactory$DuplicateJsonObjectContextCustomizer@20cebcb4, org.springframework.boot.test.mock.mockito.MockitoContextCustomizer@0, org.springframework.boot.test.web.client.TestRestTemplateContextCustomizer@49a32273], resourceBasePath = 'src/main/webapp', contextLoader = 'org.springframework.boot.test.context.SpringBootContextLoader', parent = [null]], attributes = map['org.springframework.test.context.web.ServletTestExecutionListener.activateListener' -> true, 'org.springframework.test.context.web.ServletTestExecutionListener.populatedRequestContextHolder' -> true, 'org.springframework.test.context.web.ServletTestExecutionListener.resetRequestContextHolder' -> true]]; transaction manager [org.springframework.orm.jpa.JpaTransactionManager@75de8c12]; rollback [true]
2018-12-27 11:25:56.347  INFO 2120 --- [    Test worker] o.s.b.t.m.w.SpringBootMockServletContext : Initializing Spring FrameworkServlet ''
2018-12-27 11:25:56.347  INFO 2120 --- [    Test worker] o.s.t.web.servlet.TestDispatcherServlet  : FrameworkServlet '': initialization started
2018-12-27 11:25:56.354  INFO 2120 --- [    Test worker] o.s.t.web.servlet.TestDispatcherServlet  : FrameworkServlet '': initialization completed in 7 ms
Hibernate: select businessun0_.bnbuid as bnbuid1_10_0_, businessun0_.bncid as bncid2_10_0_, businessun0_.bndtin as bndtin3_10_0_, businessun0_.bntmin as bntmin4_10_0_, businessun0_.bnuid as bnuid5_10_0_, businessun0_.bndtlu as bndtlu6_10_0_, businessun0_.bntmlu as bntmlu7_10_0_, businessun0_.bnuidm as bnuidm8_10_0_, businessun0_.bnbuty as bnbuty9_10_0_, businessun0_.bncoid as bncoid10_10_0_, businessun0_.bndesb1 as bndesb11_10_0_, businessun0_.bnanum as bnanum12_10_0_, businessun0_.bnfmod as bnfmod13_10_0_, businessun0_.bnbuid1 as bnbuid14_10_0_, company1_.cncoid as cncoid1_9_1_, company1_.cncid as cncid2_9_1_, company1_.cndtin as cndtin3_9_1_, company1_.cntmin as cntmin4_9_1_, company1_.cnuid as cnuid5_9_1_, company1_.cndtlu as cndtlu6_9_1_, company1_.cntmlu as cntmlu7_9_1_, company1_.cnuidm as cnuidm8_9_1_, company1_.cnanum as cnanum9_9_1_, company1_.cncrcb as cncrcb10_9_1_, company1_.cncap as cncap11_9_1_, company1_.cncfy as cncfy12_9_1_, company1_.cncip as cncip13_9_1_, company1_.cncpp as cncpp14_9_1_, company1_.cncrp as cncrp15_9_1_, company1_.cndesb1 as cndesb16_9_1_, company1_.cnfdp as cnfdp17_9_1_, branchplan2_.bcbuid as bcbuid1_11_2_, branchplan2_.bccid as bccid2_11_2_, branchplan2_.bcdtin as bcdtin3_11_2_, branchplan2_.bctmin as bctmin4_11_2_, branchplan2_.bcuid as bcuid5_11_2_, branchplan2_.bcdtlu as bcdtlu6_11_2_, branchplan2_.bctmlu as bctmlu7_11_2_, branchplan2_.bcuidm as bcuidm8_11_2_, branchplan2_.bcanum as bcanum9_11_2_, branchplan2_.bcctm as bcctm10_11_2_, branchplan2_.bcitgl as bcitgl11_11_2_, branchplan2_.bcilc as bcilc12_11_2_, branchplan2_.bcxrt as bcxrt13_11_2_, branchplan2_.bcxrt2 as bcxrt14_11_2_, branchplan2_.bclctl as bclctl15_11_2_, branchplan2_.bcpucm as bcpucm16_11_2_, branchplan2_.bcsicm as bcsicm17_11_2_, branchplan2_.bcwctl as bcwctl18_11_2_ from t0021 businessun0_ inner join t0020 company1_ on businessun0_.bncoid=company1_.cncoid left outer join t0022 branchplan2_ on businessun0_.bnbuid=branchplan2_.bcbuid where businessun0_.bnbuid=?
Hibernate: select branchplan0_.bcbuid as bcbuid1_11_0_, branchplan0_.bccid as bccid2_11_0_, branchplan0_.bcdtin as bcdtin3_11_0_, branchplan0_.bctmin as bctmin4_11_0_, branchplan0_.bcuid as bcuid5_11_0_, branchplan0_.bcdtlu as bcdtlu6_11_0_, branchplan0_.bctmlu as bctmlu7_11_0_, branchplan0_.bcuidm as bcuidm8_11_0_, branchplan0_.bcanum as bcanum9_11_0_, branchplan0_.bcctm as bcctm10_11_0_, branchplan0_.bcitgl as bcitgl11_11_0_, branchplan0_.bcilc as bcilc12_11_0_, branchplan0_.bcxrt as bcxrt13_11_0_, branchplan0_.bcxrt2 as bcxrt14_11_0_, branchplan0_.bclctl as bclctl15_11_0_, branchplan0_.bcpucm as bcpucm16_11_0_, branchplan0_.bcsicm as bcsicm17_11_0_, branchplan0_.bcwctl as bcwctl18_11_0_, businessun1_.bnbuid as bnbuid1_10_1_, businessun1_.bncid as bncid2_10_1_, businessun1_.bndtin as bndtin3_10_1_, businessun1_.bntmin as bntmin4_10_1_, businessun1_.bnuid as bnuid5_10_1_, businessun1_.bndtlu as bndtlu6_10_1_, businessun1_.bntmlu as bntmlu7_10_1_, businessun1_.bnuidm as bnuidm8_10_1_, businessun1_.bnbuty as bnbuty9_10_1_, businessun1_.bncoid as bncoid10_10_1_, businessun1_.bndesb1 as bndesb11_10_1_, businessun1_.bnanum as bnanum12_10_1_, businessun1_.bnfmod as bnfmod13_10_1_, businessun1_.bnbuid1 as bnbuid14_10_1_, company2_.cncoid as cncoid1_9_2_, company2_.cncid as cncid2_9_2_, company2_.cndtin as cndtin3_9_2_, company2_.cntmin as cntmin4_9_2_, company2_.cnuid as cnuid5_9_2_, company2_.cndtlu as cndtlu6_9_2_, company2_.cntmlu as cntmlu7_9_2_, company2_.cnuidm as cnuidm8_9_2_, company2_.cnanum as cnanum9_9_2_, company2_.cncrcb as cncrcb10_9_2_, company2_.cncap as cncap11_9_2_, company2_.cncfy as cncfy12_9_2_, company2_.cncip as cncip13_9_2_, company2_.cncpp as cncpp14_9_2_, company2_.cncrp as cncrp15_9_2_, company2_.cndesb1 as cndesb16_9_2_, company2_.cnfdp as cnfdp17_9_2_ from t0022 branchplan0_ inner join t0021 businessun1_ on branchplan0_.bcbuid=businessun1_.bnbuid inner join t0020 company2_ on businessun1_.bncoid=company2_.cncoid where branchplan0_.bcbuid=?
Hibernate: select branchplan0_.bcbuid as bcbuid1_11_0_, branchplan0_.bccid as bccid2_11_0_, branchplan0_.bcdtin as bcdtin3_11_0_, branchplan0_.bctmin as bctmin4_11_0_, branchplan0_.bcuid as bcuid5_11_0_, branchplan0_.bcdtlu as bcdtlu6_11_0_, branchplan0_.bctmlu as bctmlu7_11_0_, branchplan0_.bcuidm as bcuidm8_11_0_, branchplan0_.bcanum as bcanum9_11_0_, branchplan0_.bcctm as bcctm10_11_0_, branchplan0_.bcitgl as bcitgl11_11_0_, branchplan0_.bcilc as bcilc12_11_0_, branchplan0_.bcxrt as bcxrt13_11_0_, branchplan0_.bcxrt2 as bcxrt14_11_0_, branchplan0_.bclctl as bclctl15_11_0_, branchplan0_.bcpucm as bcpucm16_11_0_, branchplan0_.bcsicm as bcsicm17_11_0_, branchplan0_.bcwctl as bcwctl18_11_0_, businessun1_.bnbuid as bnbuid1_10_1_, businessun1_.bncid as bncid2_10_1_, businessun1_.bndtin as bndtin3_10_1_, businessun1_.bntmin as bntmin4_10_1_, businessun1_.bnuid as bnuid5_10_1_, businessun1_.bndtlu as bndtlu6_10_1_, businessun1_.bntmlu as bntmlu7_10_1_, businessun1_.bnuidm as bnuidm8_10_1_, businessun1_.bnbuty as bnbuty9_10_1_, businessun1_.bncoid as bncoid10_10_1_, businessun1_.bndesb1 as bndesb11_10_1_, businessun1_.bnanum as bnanum12_10_1_, businessun1_.bnfmod as bnfmod13_10_1_, businessun1_.bnbuid1 as bnbuid14_10_1_, company2_.cncoid as cncoid1_9_2_, company2_.cncid as cncid2_9_2_, company2_.cndtin as cndtin3_9_2_, company2_.cntmin as cntmin4_9_2_, company2_.cnuid as cnuid5_9_2_, company2_.cndtlu as cndtlu6_9_2_, company2_.cntmlu as cntmlu7_9_2_, company2_.cnuidm as cnuidm8_9_2_, company2_.cnanum as cnanum9_9_2_, company2_.cncrcb as cncrcb10_9_2_, company2_.cncap as cncap11_9_2_, company2_.cncfy as cncfy12_9_2_, company2_.cncip as cncip13_9_2_, company2_.cncpp as cncpp14_9_2_, company2_.cncrp as cncrp15_9_2_, company2_.cndesb1 as cndesb16_9_2_, company2_.cnfdp as cnfdp17_9_2_ from t0022 branchplan0_ inner join t0021 businessun1_ on branchplan0_.bcbuid=businessun1_.bnbuid inner join t0020 company2_ on businessun1_.bncoid=company2_.cncoid where branchplan0_.bcbuid=?
Hibernate: select branchplan0_.bcbuid as bcbuid1_11_0_, branchplan0_.bccid as bccid2_11_0_, branchplan0_.bcdtin as bcdtin3_11_0_, branchplan0_.bctmin as bctmin4_11_0_, branchplan0_.bcuid as bcuid5_11_0_, branchplan0_.bcdtlu as bcdtlu6_11_0_, branchplan0_.bctmlu as bctmlu7_11_0_, branchplan0_.bcuidm as bcuidm8_11_0_, branchplan0_.bcanum as bcanum9_11_0_, branchplan0_.bcctm as bcctm10_11_0_, branchplan0_.bcitgl as bcitgl11_11_0_, branchplan0_.bcilc as bcilc12_11_0_, branchplan0_.bcxrt as bcxrt13_11_0_, branchplan0_.bcxrt2 as bcxrt14_11_0_, branchplan0_.bclctl as bclctl15_11_0_, branchplan0_.bcpucm as bcpucm16_11_0_, branchplan0_.bcsicm as bcsicm17_11_0_, branchplan0_.bcwctl as bcwctl18_11_0_ from t0022 branchplan0_ where branchplan0_.bcbuid=?
Hibernate: insert into t0022 (bccid, bcdtin, bctmin, bcuid, bcdtlu, bctmlu, bcuidm, bcanum, bcctm, bcitgl, bcilc, bcxrt, bcxrt2, bclctl, bcpucm, bcsicm, bcwctl, bcbuid) values (?, ?, ?, ?, ?, ?, ?, ?, ?, ?, ?, ?, ?, ?, ?, ?, ?, ?)
Hibernate: update t0021 set bncid=?, bndtlu=?, bntmlu=?, bnuidm=?, bnbuty=?, bncoid=?, bndesb1=?, bnanum=?, bnfmod=?, bnbuid1=? where bnbuid=?
Hibernate: select branchplan0_.bcbuid as bcbuid1_11_0_, branchplan0_.bccid as bccid2_11_0_, branchplan0_.bcdtin as bcdtin3_11_0_, branchplan0_.bctmin as bctmin4_11_0_, branchplan0_.bcuid as bcuid5_11_0_, branchplan0_.bcdtlu as bcdtlu6_11_0_, branchplan0_.bctmlu as bctmlu7_11_0_, branchplan0_.bcuidm as bcuidm8_11_0_, branchplan0_.bcanum as bcanum9_11_0_, branchplan0_.bcctm as bcctm10_11_0_, branchplan0_.bcitgl as bcitgl11_11_0_, branchplan0_.bcilc as bcilc12_11_0_, branchplan0_.bcxrt as bcxrt13_11_0_, branchplan0_.bcxrt2 as bcxrt14_11_0_, branchplan0_.bclctl as bclctl15_11_0_, branchplan0_.bcpucm as bcpucm16_11_0_, branchplan0_.bcsicm as bcsicm17_11_0_, branchplan0_.bcwctl as bcwctl18_11_0_, businessun1_.bnbuid as bnbuid1_10_1_, businessun1_.bncid as bncid2_10_1_, businessun1_.bndtin as bndtin3_10_1_, businessun1_.bntmin as bntmin4_10_1_, businessun1_.bnuid as bnuid5_10_1_, businessun1_.bndtlu as bndtlu6_10_1_, businessun1_.bntmlu as bntmlu7_10_1_, businessun1_.bnuidm as bnuidm8_10_1_, businessun1_.bnbuty as bnbuty9_10_1_, businessun1_.bncoid as bncoid10_10_1_, businessun1_.bndesb1 as bndesb11_10_1_, businessun1_.bnanum as bnanum12_10_1_, businessun1_.bnfmod as bnfmod13_10_1_, businessun1_.bnbuid1 as bnbuid14_10_1_, company2_.cncoid as cncoid1_9_2_, company2_.cncid as cncid2_9_2_, company2_.cndtin as cndtin3_9_2_, company2_.cntmin as cntmin4_9_2_, company2_.cnuid as cnuid5_9_2_, company2_.cndtlu as cndtlu6_9_2_, company2_.cntmlu as cntmlu7_9_2_, company2_.cnuidm as cnuidm8_9_2_, company2_.cnanum as cnanum9_9_2_, company2_.cncrcb as cncrcb10_9_2_, company2_.cncap as cncap11_9_2_, company2_.cncfy as cncfy12_9_2_, company2_.cncip as cncip13_9_2_, company2_.cncpp as cncpp14_9_2_, company2_.cncrp as cncrp15_9_2_, company2_.cndesb1 as cndesb16_9_2_, company2_.cnfdp as cnfdp17_9_2_ from t0022 branchplan0_ inner join t0021 businessun1_ on branchplan0_.bcbuid=businessun1_.bnbuid inner join t0020 company2_ on businessun1_.bncoid=company2_.cncoid where branchplan0_.bcbuid=?
2018-12-27 11:25:56.395  INFO 2120 --- [    Test worker] o.s.t.c.transaction.TransactionContext   : Rolled back transaction for test: [DefaultTestContext@4e14b0c testClass = BranchPlantConstantApiTest, testInstance = ags.goldenlionerp.apiTests.setups.BranchPlantConstantApiTest@17296143, testMethod = createTestWithPut@BranchPlantConstantApiTest, testException = [null], mergedContextConfiguration = [WebMergedContextConfiguration@74f58438 testClass = BranchPlantConstantApiTest, locations = '{}', classes = '{class ags.goldenlionerp.GoldenLionErpApplication}', contextInitializerClasses = '[]', activeProfiles = '{}', propertySourceLocations = '{classpath:test.properties}', propertySourceProperties = '{org.springframework.boot.test.context.SpringBootTestContextBootstrapper=true}', contextCustomizers = set[org.springframework.boot.test.autoconfigure.properties.PropertyMappingContextCustomizer@0, org.springframework.boot.test.autoconfigure.web.servlet.WebDriverContextCustomizerFactory$Customizer@636d731e, [ImportsContextCustomizer@6e764075 key = [ags.goldenlionerp.apiTests.ApiTestBase$TestConfig]], org.springframework.boot.test.context.filter.ExcludeFilterContextCustomizer@6afa5291, org.springframework.boot.test.json.DuplicateJsonObjectContextCustomizerFactory$DuplicateJsonObjectContextCustomizer@20cebcb4, org.springframework.boot.test.mock.mockito.MockitoContextCustomizer@0, org.springframework.boot.test.web.client.TestRestTemplateContextCustomizer@49a32273], resourceBasePath = 'src/main/webapp', contextLoader = 'org.springframework.boot.test.context.SpringBootContextLoader', parent = [null]], attributes = map['org.springframework.test.context.web.ServletTestExecutionListener.activateListener' -> true, 'org.springframework.test.context.web.ServletTestExecutionListener.populatedRequestContextHolder' -> true, 'org.springframework.test.context.web.ServletTestExecutionListener.resetRequestContextHolder' -> true]]
2018-12-27 11:25:56.398  INFO 2120 --- [    Test worker] o.s.t.c.transaction.TransactionContext   : Began transaction (1) for test context [DefaultTestContext@4e14b0c testClass = BranchPlantConstantApiTest, testInstance = ags.goldenlionerp.apiTests.setups.BranchPlantConstantApiTest@252605de, testMethod = getTestSingle@ApiTestBase, testException = [null], mergedContextConfiguration = [WebMergedContextConfiguration@74f58438 testClass = BranchPlantConstantApiTest, locations = '{}', classes = '{class ags.goldenlionerp.GoldenLionErpApplication}', contextInitializerClasses = '[]', activeProfiles = '{}', propertySourceLocations = '{classpath:test.properties}', propertySourceProperties = '{org.springframework.boot.test.context.SpringBootTestContextBootstrapper=true}', contextCustomizers = set[org.springframework.boot.test.autoconfigure.properties.PropertyMappingContextCustomizer@0, org.springframework.boot.test.autoconfigure.web.servlet.WebDriverContextCustomizerFactory$Customizer@636d731e, [ImportsContextCustomizer@6e764075 key = [ags.goldenlionerp.apiTests.ApiTestBase$TestConfig]], org.springframework.boot.test.context.filter.ExcludeFilterContextCustomizer@6afa5291, org.springframework.boot.test.json.DuplicateJsonObjectContextCustomizerFactory$DuplicateJsonObjectContextCustomizer@20cebcb4, org.springframework.boot.test.mock.mockito.MockitoContextCustomizer@0, org.springframework.boot.test.web.client.TestRestTemplateContextCustomizer@49a32273], resourceBasePath = 'src/main/webapp', contextLoader = 'org.springframework.boot.test.context.SpringBootContextLoader', parent = [null]], attributes = map['org.springframework.test.context.web.ServletTestExecutionListener.activateListener' -> true, 'org.springframework.test.context.web.ServletTestExecutionListener.populatedRequestContextHolder' -> true, 'org.springframework.test.context.web.ServletTestExecutionListener.resetRequestContextHolder' -> true]]; transaction manager [org.springframework.orm.jpa.JpaTransactionManager@75de8c12]; rollback [true]
2018-12-27 11:25:56.399  INFO 2120 --- [    Test worker] o.s.b.t.m.w.SpringBootMockServletContext : Initializing Spring FrameworkServlet ''
2018-12-27 11:25:56.399  INFO 2120 --- [    Test worker] o.s.t.web.servlet.TestDispatcherServlet  : FrameworkServlet '': initialization started
2018-12-27 11:25:56.407  INFO 2120 --- [    Test worker] o.s.t.web.servlet.TestDispatcherServlet  : FrameworkServlet '': initialization completed in 8 ms
Hibernate: select businessun0_.bnbuid as bnbuid1_10_0_, businessun0_.bncid as bncid2_10_0_, businessun0_.bndtin as bndtin3_10_0_, businessun0_.bntmin as bntmin4_10_0_, businessun0_.bnuid as bnuid5_10_0_, businessun0_.bndtlu as bndtlu6_10_0_, businessun0_.bntmlu as bntmlu7_10_0_, businessun0_.bnuidm as bnuidm8_10_0_, businessun0_.bnbuty as bnbuty9_10_0_, businessun0_.bncoid as bncoid10_10_0_, businessun0_.bndesb1 as bndesb11_10_0_, businessun0_.bnanum as bnanum12_10_0_, businessun0_.bnfmod as bnfmod13_10_0_, businessun0_.bnbuid1 as bnbuid14_10_0_, company1_.cncoid as cncoid1_9_1_, company1_.cncid as cncid2_9_1_, company1_.cndtin as cndtin3_9_1_, company1_.cntmin as cntmin4_9_1_, company1_.cnuid as cnuid5_9_1_, company1_.cndtlu as cndtlu6_9_1_, company1_.cntmlu as cntmlu7_9_1_, company1_.cnuidm as cnuidm8_9_1_, company1_.cnanum as cnanum9_9_1_, company1_.cncrcb as cncrcb10_9_1_, company1_.cncap as cncap11_9_1_, company1_.cncfy as cncfy12_9_1_, company1_.cncip as cncip13_9_1_, company1_.cncpp as cncpp14_9_1_, company1_.cncrp as cncrp15_9_1_, company1_.cndesb1 as cndesb16_9_1_, company1_.cnfdp as cnfdp17_9_1_, branchplan2_.bcbuid as bcbuid1_11_2_, branchplan2_.bccid as bccid2_11_2_, branchplan2_.bcdtin as bcdtin3_11_2_, branchplan2_.bctmin as bctmin4_11_2_, branchplan2_.bcuid as bcuid5_11_2_, branchplan2_.bcdtlu as bcdtlu6_11_2_, branchplan2_.bctmlu as bctmlu7_11_2_, branchplan2_.bcuidm as bcuidm8_11_2_, branchplan2_.bcanum as bcanum9_11_2_, branchplan2_.bcctm as bcctm10_11_2_, branchplan2_.bcitgl as bcitgl11_11_2_, branchplan2_.bcilc as bcilc12_11_2_, branchplan2_.bcxrt as bcxrt13_11_2_, branchplan2_.bcxrt2 as bcxrt14_11_2_, branchplan2_.bclctl as bclctl15_11_2_, branchplan2_.bcpucm as bcpucm16_11_2_, branchplan2_.bcsicm as bcsicm17_11_2_, branchplan2_.bcwctl as bcwctl18_11_2_ from t0021 businessun0_ inner join t0020 company1_ on businessun0_.bncoid=company1_.cncoid left outer join t0022 branchplan2_ on businessun0_.bnbuid=branchplan2_.bcbuid where businessun0_.bnbuid=?
2018-12-27 11:25:56.425  INFO 2120 --- [    Test worker] o.s.t.c.transaction.TransactionContext   : Rolled back transaction for test: [DefaultTestContext@4e14b0c testClass = BranchPlantConstantApiTest, testInstance = ags.goldenlionerp.apiTests.setups.BranchPlantConstantApiTest@252605de, testMethod = getTestSingle@ApiTestBase, testException = [null], mergedContextConfiguration = [WebMergedContextConfiguration@74f58438 testClass = BranchPlantConstantApiTest, locations = '{}', classes = '{class ags.goldenlionerp.GoldenLionErpApplication}', contextInitializerClasses = '[]', activeProfiles = '{}', propertySourceLocations = '{classpath:test.properties}', propertySourceProperties = '{org.springframework.boot.test.context.SpringBootTestContextBootstrapper=true}', contextCustomizers = set[org.springframework.boot.test.autoconfigure.properties.PropertyMappingContextCustomizer@0, org.springframework.boot.test.autoconfigure.web.servlet.WebDriverContextCustomizerFactory$Customizer@636d731e, [ImportsContextCustomizer@6e764075 key = [ags.goldenlionerp.apiTests.ApiTestBase$TestConfig]], org.springframework.boot.test.context.filter.ExcludeFilterContextCustomizer@6afa5291, org.springframework.boot.test.json.DuplicateJsonObjectContextCustomizerFactory$DuplicateJsonObjectContextCustomizer@20cebcb4, org.springframework.boot.test.mock.mockito.MockitoContextCustomizer@0, org.springframework.boot.test.web.client.TestRestTemplateContextCustomizer@49a32273], resourceBasePath = 'src/main/webapp', contextLoader = 'org.springframework.boot.test.context.SpringBootContextLoader', parent = [null]], attributes = map['org.springframework.test.context.web.ServletTestExecutionListener.activateListener' -> true, 'org.springframework.test.context.web.ServletTestExecutionListener.populatedRequestContextHolder' -> true, 'org.springframework.test.context.web.ServletTestExecutionListener.resetRequestContextHolder' -> true]]
2018-12-27 11:25:56.428  INFO 2120 --- [    Test worker] o.s.t.c.transaction.TransactionContext   : Began transaction (1) for test context [DefaultTestContext@4e14b0c testClass = BranchPlantConstantApiTest, testInstance = ags.goldenlionerp.apiTests.setups.BranchPlantConstantApiTest@6db66a40, testMethod = deleteTest@ApiTestBase, testException = [null], mergedContextConfiguration = [WebMergedContextConfiguration@74f58438 testClass = BranchPlantConstantApiTest, locations = '{}', classes = '{class ags.goldenlionerp.GoldenLionErpApplication}', contextInitializerClasses = '[]', activeProfiles = '{}', propertySourceLocations = '{classpath:test.properties}', propertySourceProperties = '{org.springframework.boot.test.context.SpringBootTestContextBootstrapper=true}', contextCustomizers = set[org.springframework.boot.test.autoconfigure.properties.PropertyMappingContextCustomizer@0, org.springframework.boot.test.autoconfigure.web.servlet.WebDriverContextCustomizerFactory$Customizer@636d731e, [ImportsContextCustomizer@6e764075 key = [ags.goldenlionerp.apiTests.ApiTestBase$TestConfig]], org.springframework.boot.test.context.filter.ExcludeFilterContextCustomizer@6afa5291, org.springframework.boot.test.json.DuplicateJsonObjectContextCustomizerFactory$DuplicateJsonObjectContextCustomizer@20cebcb4, org.springframework.boot.test.mock.mockito.MockitoContextCustomizer@0, org.springframework.boot.test.web.client.TestRestTemplateContextCustomizer@49a32273], resourceBasePath = 'src/main/webapp', contextLoader = 'org.springframework.boot.test.context.SpringBootContextLoader', parent = [null]], attributes = map['org.springframework.test.context.web.ServletTestExecutionListener.activateListener' -> true, 'org.springframework.test.context.web.ServletTestExecutionListener.populatedRequestContextHolder' -> true, 'org.springframework.test.context.web.ServletTestExecutionListener.resetRequestContextHolder' -> true]]; transaction manager [org.springframework.orm.jpa.JpaTransactionManager@75de8c12]; rollback [true]
2018-12-27 11:25:56.429  INFO 2120 --- [    Test worker] o.s.b.t.m.w.SpringBootMockServletContext : Initializing Spring FrameworkServlet ''
2018-12-27 11:25:56.429  INFO 2120 --- [    Test worker] o.s.t.web.servlet.TestDispatcherServlet  : FrameworkServlet '': initialization started
2018-12-27 11:25:56.439  INFO 2120 --- [    Test worker] o.s.t.web.servlet.TestDispatcherServlet  : FrameworkServlet '': initialization completed in 10 ms
Hibernate: select businessun0_.bnbuid as bnbuid1_10_0_, businessun0_.bncid as bncid2_10_0_, businessun0_.bndtin as bndtin3_10_0_, businessun0_.bntmin as bntmin4_10_0_, businessun0_.bnuid as bnuid5_10_0_, businessun0_.bndtlu as bndtlu6_10_0_, businessun0_.bntmlu as bntmlu7_10_0_, businessun0_.bnuidm as bnuidm8_10_0_, businessun0_.bnbuty as bnbuty9_10_0_, businessun0_.bncoid as bncoid10_10_0_, businessun0_.bndesb1 as bndesb11_10_0_, businessun0_.bnanum as bnanum12_10_0_, businessun0_.bnfmod as bnfmod13_10_0_, businessun0_.bnbuid1 as bnbuid14_10_0_, company1_.cncoid as cncoid1_9_1_, company1_.cncid as cncid2_9_1_, company1_.cndtin as cndtin3_9_1_, company1_.cntmin as cntmin4_9_1_, company1_.cnuid as cnuid5_9_1_, company1_.cndtlu as cndtlu6_9_1_, company1_.cntmlu as cntmlu7_9_1_, company1_.cnuidm as cnuidm8_9_1_, company1_.cnanum as cnanum9_9_1_, company1_.cncrcb as cncrcb10_9_1_, company1_.cncap as cncap11_9_1_, company1_.cncfy as cncfy12_9_1_, company1_.cncip as cncip13_9_1_, company1_.cncpp as cncpp14_9_1_, company1_.cncrp as cncrp15_9_1_, company1_.cndesb1 as cndesb16_9_1_, company1_.cnfdp as cnfdp17_9_1_, branchplan2_.bcbuid as bcbuid1_11_2_, branchplan2_.bccid as bccid2_11_2_, branchplan2_.bcdtin as bcdtin3_11_2_, branchplan2_.bctmin as bctmin4_11_2_, branchplan2_.bcuid as bcuid5_11_2_, branchplan2_.bcdtlu as bcdtlu6_11_2_, branchplan2_.bctmlu as bctmlu7_11_2_, branchplan2_.bcuidm as bcuidm8_11_2_, branchplan2_.bcanum as bcanum9_11_2_, branchplan2_.bcctm as bcctm10_11_2_, branchplan2_.bcitgl as bcitgl11_11_2_, branchplan2_.bcilc as bcilc12_11_2_, branchplan2_.bcxrt as bcxrt13_11_2_, branchplan2_.bcxrt2 as bcxrt14_11_2_, branchplan2_.bclctl as bclctl15_11_2_, branchplan2_.bcpucm as bcpucm16_11_2_, branchplan2_.bcsicm as bcsicm17_11_2_, branchplan2_.bcwctl as bcwctl18_11_2_ from t0021 businessun0_ inner join t0020 company1_ on businessun0_.bncoid=company1_.cncoid left outer join t0022 branchplan2_ on businessun0_.bnbuid=branchplan2_.bcbuid where businessun0_.bnbuid=?
2018-12-27 11:25:56.463  INFO 2120 --- [    Test worker] o.s.t.c.transaction.TransactionContext   : Rolled back transaction for test: [DefaultTestContext@4e14b0c testClass = BranchPlantConstantApiTest, testInstance = ags.goldenlionerp.apiTests.setups.BranchPlantConstantApiTest@6db66a40, testMethod = deleteTest@ApiTestBase, testException = [null], mergedContextConfiguration = [WebMergedContextConfiguration@74f58438 testClass = BranchPlantConstantApiTest, locations = '{}', classes = '{class ags.goldenlionerp.GoldenLionErpApplication}', contextInitializerClasses = '[]', activeProfiles = '{}', propertySourceLocations = '{classpath:test.properties}', propertySourceProperties = '{org.springframework.boot.test.context.SpringBootTestContextBootstrapper=true}', contextCustomizers = set[org.springframework.boot.test.autoconfigure.properties.PropertyMappingContextCustomizer@0, org.springframework.boot.test.autoconfigure.web.servlet.WebDriverContextCustomizerFactory$Customizer@636d731e, [ImportsContextCustomizer@6e764075 key = [ags.goldenlionerp.apiTests.ApiTestBase$TestConfig]], org.springframework.boot.test.context.filter.ExcludeFilterContextCustomizer@6afa5291, org.springframework.boot.test.json.DuplicateJsonObjectContextCustomizerFactory$DuplicateJsonObjectContextCustomizer@20cebcb4, org.springframework.boot.test.mock.mockito.MockitoContextCustomizer@0, org.springframework.boot.test.web.client.TestRestTemplateContextCustomizer@49a32273], resourceBasePath = 'src/main/webapp', contextLoader = 'org.springframework.boot.test.context.SpringBootContextLoader', parent = [null]], attributes = map['org.springframework.test.context.web.ServletTestExecutionListener.activateListener' -> true, 'org.springframework.test.context.web.ServletTestExecutionListener.populatedRequestContextHolder' -> true, 'org.springframework.test.context.web.ServletTestExecutionListener.resetRequestContextHolder' -> true]]
2018-12-27 11:25:56.466  INFO 2120 --- [    Test worker] o.s.t.c.transaction.TransactionContext   : Began transaction (1) for test context [DefaultTestContext@4e14b0c testClass = BranchPlantConstantApiTest, testInstance = ags.goldenlionerp.apiTests.setups.BranchPlantConstantApiTest@735e8638, testMethod = createTestWithPost@ApiTestBase, testException = [null], mergedContextConfiguration = [WebMergedContextConfiguration@74f58438 testClass = BranchPlantConstantApiTest, locations = '{}', classes = '{class ags.goldenlionerp.GoldenLionErpApplication}', contextInitializerClasses = '[]', activeProfiles = '{}', propertySourceLocations = '{classpath:test.properties}', propertySourceProperties = '{org.springframework.boot.test.context.SpringBootTestContextBootstrapper=true}', contextCustomizers = set[org.springframework.boot.test.autoconfigure.properties.PropertyMappingContextCustomizer@0, org.springframework.boot.test.autoconfigure.web.servlet.WebDriverContextCustomizerFactory$Customizer@636d731e, [ImportsContextCustomizer@6e764075 key = [ags.goldenlionerp.apiTests.ApiTestBase$TestConfig]], org.springframework.boot.test.context.filter.ExcludeFilterContextCustomizer@6afa5291, org.springframework.boot.test.json.DuplicateJsonObjectContextCustomizerFactory$DuplicateJsonObjectContextCustomizer@20cebcb4, org.springframework.boot.test.mock.mockito.MockitoContextCustomizer@0, org.springframework.boot.test.web.client.TestRestTemplateContextCustomizer@49a32273], resourceBasePath = 'src/main/webapp', contextLoader = 'org.springframework.boot.test.context.SpringBootContextLoader', parent = [null]], attributes = map['org.springframework.test.context.web.ServletTestExecutionListener.activateListener' -> true, 'org.springframework.test.context.web.ServletTestExecutionListener.populatedRequestContextHolder' -> true, 'org.springframework.test.context.web.ServletTestExecutionListener.resetRequestContextHolder' -> true]]; transaction manager [org.springframework.orm.jpa.JpaTransactionManager@75de8c12]; rollback [true]
2018-12-27 11:25:56.467  INFO 2120 --- [    Test worker] o.s.b.t.m.w.SpringBootMockServletContext : Initializing Spring FrameworkServlet ''
2018-12-27 11:25:56.467  INFO 2120 --- [    Test worker] o.s.t.web.servlet.TestDispatcherServlet  : FrameworkServlet '': initialization started
2018-12-27 11:25:56.475  INFO 2120 --- [    Test worker] o.s.t.web.servlet.TestDispatcherServlet  : FrameworkServlet '': initialization completed in 8 ms
Hibernate: select businessun0_.bnbuid as bnbuid1_10_0_, businessun0_.bncid as bncid2_10_0_, businessun0_.bndtin as bndtin3_10_0_, businessun0_.bntmin as bntmin4_10_0_, businessun0_.bnuid as bnuid5_10_0_, businessun0_.bndtlu as bndtlu6_10_0_, businessun0_.bntmlu as bntmlu7_10_0_, businessun0_.bnuidm as bnuidm8_10_0_, businessun0_.bnbuty as bnbuty9_10_0_, businessun0_.bncoid as bncoid10_10_0_, businessun0_.bndesb1 as bndesb11_10_0_, businessun0_.bnanum as bnanum12_10_0_, businessun0_.bnfmod as bnfmod13_10_0_, businessun0_.bnbuid1 as bnbuid14_10_0_, company1_.cncoid as cncoid1_9_1_, company1_.cncid as cncid2_9_1_, company1_.cndtin as cndtin3_9_1_, company1_.cntmin as cntmin4_9_1_, company1_.cnuid as cnuid5_9_1_, company1_.cndtlu as cndtlu6_9_1_, company1_.cntmlu as cntmlu7_9_1_, company1_.cnuidm as cnuidm8_9_1_, company1_.cnanum as cnanum9_9_1_, company1_.cncrcb as cncrcb10_9_1_, company1_.cncap as cncap11_9_1_, company1_.cncfy as cncfy12_9_1_, company1_.cncip as cncip13_9_1_, company1_.cncpp as cncpp14_9_1_, company1_.cncrp as cncrp15_9_1_, company1_.cndesb1 as cndesb16_9_1_, company1_.cnfdp as cnfdp17_9_1_, branchplan2_.bcbuid as bcbuid1_11_2_, branchplan2_.bccid as bccid2_11_2_, branchplan2_.bcdtin as bcdtin3_11_2_, branchplan2_.bctmin as bctmin4_11_2_, branchplan2_.bcuid as bcuid5_11_2_, branchplan2_.bcdtlu as bcdtlu6_11_2_, branchplan2_.bctmlu as bctmlu7_11_2_, branchplan2_.bcuidm as bcuidm8_11_2_, branchplan2_.bcanum as bcanum9_11_2_, branchplan2_.bcctm as bcctm10_11_2_, branchplan2_.bcitgl as bcitgl11_11_2_, branchplan2_.bcilc as bcilc12_11_2_, branchplan2_.bcxrt as bcxrt13_11_2_, branchplan2_.bcxrt2 as bcxrt14_11_2_, branchplan2_.bclctl as bclctl15_11_2_, branchplan2_.bcpucm as bcpucm16_11_2_, branchplan2_.bcsicm as bcsicm17_11_2_, branchplan2_.bcwctl as bcwctl18_11_2_ from t0021 businessun0_ inner join t0020 company1_ on businessun0_.bncoid=company1_.cncoid left outer join t0022 branchplan2_ on businessun0_.bnbuid=branchplan2_.bcbuid where businessun0_.bnbuid=?
Hibernate: select branchplan0_.bcbuid as bcbuid1_11_0_, branchplan0_.bccid as bccid2_11_0_, branchplan0_.bcdtin as bcdtin3_11_0_, branchplan0_.bctmin as bctmin4_11_0_, branchplan0_.bcuid as bcuid5_11_0_, branchplan0_.bcdtlu as bcdtlu6_11_0_, branchplan0_.bctmlu as bctmlu7_11_0_, branchplan0_.bcuidm as bcuidm8_11_0_, branchplan0_.bcanum as bcanum9_11_0_, branchplan0_.bcctm as bcctm10_11_0_, branchplan0_.bcitgl as bcitgl11_11_0_, branchplan0_.bcilc as bcilc12_11_0_, branchplan0_.bcxrt as bcxrt13_11_0_, branchplan0_.bcxrt2 as bcxrt14_11_0_, branchplan0_.bclctl as bclctl15_11_0_, branchplan0_.bcpucm as bcpucm16_11_0_, branchplan0_.bcsicm as bcsicm17_11_0_, branchplan0_.bcwctl as bcwctl18_11_0_, businessun1_.bnbuid as bnbuid1_10_1_, businessun1_.bncid as bncid2_10_1_, businessun1_.bndtin as bndtin3_10_1_, businessun1_.bntmin as bntmin4_10_1_, businessun1_.bnuid as bnuid5_10_1_, businessun1_.bndtlu as bndtlu6_10_1_, businessun1_.bntmlu as bntmlu7_10_1_, businessun1_.bnuidm as bnuidm8_10_1_, businessun1_.bnbuty as bnbuty9_10_1_, businessun1_.bncoid as bncoid10_10_1_, businessun1_.bndesb1 as bndesb11_10_1_, businessun1_.bnanum as bnanum12_10_1_, businessun1_.bnfmod as bnfmod13_10_1_, businessun1_.bnbuid1 as bnbuid14_10_1_, company2_.cncoid as cncoid1_9_2_, company2_.cncid as cncid2_9_2_, company2_.cndtin as cndtin3_9_2_, company2_.cntmin as cntmin4_9_2_, company2_.cnuid as cnuid5_9_2_, company2_.cndtlu as cndtlu6_9_2_, company2_.cntmlu as cntmlu7_9_2_, company2_.cnuidm as cnuidm8_9_2_, company2_.cnanum as cnanum9_9_2_, company2_.cncrcb as cncrcb10_9_2_, company2_.cncap as cncap11_9_2_, company2_.cncfy as cncfy12_9_2_, company2_.cncip as cncip13_9_2_, company2_.cncpp as cncpp14_9_2_, company2_.cncrp as cncrp15_9_2_, company2_.cndesb1 as cndesb16_9_2_, company2_.cnfdp as cnfdp17_9_2_ from t0022 branchplan0_ inner join t0021 businessun1_ on branchplan0_.bcbuid=businessun1_.bnbuid inner join t0020 company2_ on businessun1_.bncoid=company2_.cncoid where branchplan0_.bcbuid=?
Hibernate: select branchplan0_.bcbuid as bcbuid1_11_0_, branchplan0_.bccid as bccid2_11_0_, branchplan0_.bcdtin as bcdtin3_11_0_, branchplan0_.bctmin as bctmin4_11_0_, branchplan0_.bcuid as bcuid5_11_0_, branchplan0_.bcdtlu as bcdtlu6_11_0_, branchplan0_.bctmlu as bctmlu7_11_0_, branchplan0_.bcuidm as bcuidm8_11_0_, branchplan0_.bcanum as bcanum9_11_0_, branchplan0_.bcctm as bcctm10_11_0_, branchplan0_.bcitgl as bcitgl11_11_0_, branchplan0_.bcilc as bcilc12_11_0_, branchplan0_.bcxrt as bcxrt13_11_0_, branchplan0_.bcxrt2 as bcxrt14_11_0_, branchplan0_.bclctl as bclctl15_11_0_, branchplan0_.bcpucm as bcpucm16_11_0_, branchplan0_.bcsicm as bcsicm17_11_0_, branchplan0_.bcwctl as bcwctl18_11_0_ from t0022 branchplan0_ where branchplan0_.bcbuid=?
Hibernate: insert into t0022 (bccid, bcdtin, bctmin, bcuid, bcdtlu, bctmlu, bcuidm, bcanum, bcctm, bcitgl, bcilc, bcxrt, bcxrt2, bclctl, bcpucm, bcsicm, bcwctl, bcbuid) values (?, ?, ?, ?, ?, ?, ?, ?, ?, ?, ?, ?, ?, ?, ?, ?, ?, ?)
Hibernate: update t0021 set bncid=?, bndtlu=?, bntmlu=?, bnuidm=?, bnbuty=?, bncoid=?, bndesb1=?, bnanum=?, bnfmod=?, bnbuid1=? where bnbuid=?
Hibernate: select branchplan0_.bcbuid as bcbuid1_11_0_, branchplan0_.bccid as bccid2_11_0_, branchplan0_.bcdtin as bcdtin3_11_0_, branchplan0_.bctmin as bctmin4_11_0_, branchplan0_.bcuid as bcuid5_11_0_, branchplan0_.bcdtlu as bcdtlu6_11_0_, branchplan0_.bctmlu as bctmlu7_11_0_, branchplan0_.bcuidm as bcuidm8_11_0_, branchplan0_.bcanum as bcanum9_11_0_, branchplan0_.bcctm as bcctm10_11_0_, branchplan0_.bcitgl as bcitgl11_11_0_, branchplan0_.bcilc as bcilc12_11_0_, branchplan0_.bcxrt as bcxrt13_11_0_, branchplan0_.bcxrt2 as bcxrt14_11_0_, branchplan0_.bclctl as bclctl15_11_0_, branchplan0_.bcpucm as bcpucm16_11_0_, branchplan0_.bcsicm as bcsicm17_11_0_, branchplan0_.bcwctl as bcwctl18_11_0_, businessun1_.bnbuid as bnbuid1_10_1_, businessun1_.bncid as bncid2_10_1_, businessun1_.bndtin as bndtin3_10_1_, businessun1_.bntmin as bntmin4_10_1_, businessun1_.bnuid as bnuid5_10_1_, businessun1_.bndtlu as bndtlu6_10_1_, businessun1_.bntmlu as bntmlu7_10_1_, businessun1_.bnuidm as bnuidm8_10_1_, businessun1_.bnbuty as bnbuty9_10_1_, businessun1_.bncoid as bncoid10_10_1_, businessun1_.bndesb1 as bndesb11_10_1_, businessun1_.bnanum as bnanum12_10_1_, businessun1_.bnfmod as bnfmod13_10_1_, businessun1_.bnbuid1 as bnbuid14_10_1_, company2_.cncoid as cncoid1_9_2_, company2_.cncid as cncid2_9_2_, company2_.cndtin as cndtin3_9_2_, company2_.cntmin as cntmin4_9_2_, company2_.cnuid as cnuid5_9_2_, company2_.cndtlu as cndtlu6_9_2_, company2_.cntmlu as cntmlu7_9_2_, company2_.cnuidm as cnuidm8_9_2_, company2_.cnanum as cnanum9_9_2_, company2_.cncrcb as cncrcb10_9_2_, company2_.cncap as cncap11_9_2_, company2_.cncfy as cncfy12_9_2_, company2_.cncip as cncip13_9_2_, company2_.cncpp as cncpp14_9_2_, company2_.cncrp as cncrp15_9_2_, company2_.cndesb1 as cndesb16_9_2_, company2_.cnfdp as cnfdp17_9_2_ from t0022 branchplan0_ inner join t0021 businessun1_ on branchplan0_.bcbuid=businessun1_.bnbuid inner join t0020 company2_ on businessun1_.bncoid=company2_.cncoid where branchplan0_.bcbuid=?

MockHttpServletRequest:
      HTTP Method = GET
      Request URI = /api/branchPlantConstants/100
       Parameters = {}
          Headers = {Accept=[application/json]}
             Body = <no character encoding set>
    Session Attrs = {org.springframework.security.web.csrf.HttpSessionCsrfTokenRepository.CSRF_TOKEN=org.springframework.security.web.csrf.DefaultCsrfToken@6e215835, SPRING_SECURITY_CONTEXT=org.springframework.security.core.context.SecurityContextImpl@475fcd89: Authentication: org.springframework.security.authentication.UsernamePasswordAuthenticationToken@475fcd89: Principal: org.springframework.security.core.userdetails.User@f02988d6: Username: username; Password: [PROTECTED]; Enabled: true; AccountNonExpired: true; credentialsNonExpired: true; AccountNonLocked: true; Not granted any authorities; Credentials: [PROTECTED]; Authenticated: true; Details: null; Not granted any authorities}

Handler:
             Type = org.springframework.data.rest.webmvc.RepositoryEntityController
           Method = public org.springframework.http.ResponseEntity<org.springframework.hateoas.Resource<?>> org.springframework.data.rest.webmvc.RepositoryEntityController.getItemResource(org.springframework.data.rest.webmvc.RootResourceInformation,java.io.Serializable,org.springframework.data.rest.webmvc.PersistentEntityResourceAssembler,org.springframework.http.HttpHeaders) throws org.springframework.web.HttpRequestMethodNotSupportedException

Async:
    Async started = false
     Async result = null

Resolved Exception:
             Type = null

ModelAndView:
        View name = null
             View = null
            Model = null

FlashMap:
       Attributes = null

MockHttpServletResponse:
           Status = 200
    Error message = null
          Headers = {Content-Type=[application/json;charset=UTF-8], X-Content-Type-Options=[nosniff], X-XSS-Protection=[1; mode=block], Cache-Control=[no-cache, no-store, max-age=0, must-revalidate], Pragma=[no-cache], Expires=[0], X-Frame-Options=[DENY]}
     Content type = application/json;charset=UTF-8
             Body = {
  "inputUserId" : "username",
  "lastUpdateUserId" : "username",
  "computerId" : "username",
  "branchCode" : "100",
  "branchAddressCode" : "",
  "purchaseCostMethod" : "02",
  "salesInventoryCostMethod" : "01",
  "interfaceToGL" : false,
  "commitmentMethod" : "",
  "inventoryLotCreation" : true,
  "locationControl" : true,
  "warehouseControl" : false,
  "itemCrossReferenceType" : "",
  "itemCrossReferenceType2" : "",
  "lastUpdateDateTime" : "2018-12-27T11:25:56",
  "inputDateTime" : "2018-12-27T11:25:56",
  "_links" : {
    "self" : {
      "href" : "http://localhost/api/branchPlantConstants/100"
    },
    "branchPlantConstant" : {
      "href" : "http://localhost/api/branchPlantConstants/100"
    },
    "branch" : {
      "href" : "http://localhost/api/branchPlantConstants/100/branch"
    }
  }
}
    Forwarded URL = null
   Redirected URL = null
          Cookies = []
2018-12-27 11:25:56.524  INFO 2120 --- [    Test worker] o.s.t.c.transaction.TransactionContext   : Rolled back transaction for test: [DefaultTestContext@4e14b0c testClass = BranchPlantConstantApiTest, testInstance = ags.goldenlionerp.apiTests.setups.BranchPlantConstantApiTest@735e8638, testMethod = createTestWithPost@ApiTestBase, testException = [null], mergedContextConfiguration = [WebMergedContextConfiguration@74f58438 testClass = BranchPlantConstantApiTest, locations = '{}', classes = '{class ags.goldenlionerp.GoldenLionErpApplication}', contextInitializerClasses = '[]', activeProfiles = '{}', propertySourceLocations = '{classpath:test.properties}', propertySourceProperties = '{org.springframework.boot.test.context.SpringBootTestContextBootstrapper=true}', contextCustomizers = set[org.springframework.boot.test.autoconfigure.properties.PropertyMappingContextCustomizer@0, org.springframework.boot.test.autoconfigure.web.servlet.WebDriverContextCustomizerFactory$Customizer@636d731e, [ImportsContextCustomizer@6e764075 key = [ags.goldenlionerp.apiTests.ApiTestBase$TestConfig]], org.springframework.boot.test.context.filter.ExcludeFilterContextCustomizer@6afa5291, org.springframework.boot.test.json.DuplicateJsonObjectContextCustomizerFactory$DuplicateJsonObjectContextCustomizer@20cebcb4, org.springframework.boot.test.mock.mockito.MockitoContextCustomizer@0, org.springframework.boot.test.web.client.TestRestTemplateContextCustomizer@49a32273], resourceBasePath = 'src/main/webapp', contextLoader = 'org.springframework.boot.test.context.SpringBootContextLoader', parent = [null]], attributes = map['org.springframework.test.context.web.ServletTestExecutionListener.activateListener' -> true, 'org.springframework.test.context.web.ServletTestExecutionListener.populatedRequestContextHolder' -> true, 'org.springframework.test.context.web.ServletTestExecutionListener.resetRequestContextHolder' -> true]]
]]></system-out>
  <system-err><![CDATA[]]></system-err>
</testsuite>
