<?xml version="1.0" encoding="UTF-8"?>
<testsuite name="ags.goldenlionerp.apiTests.addresses.AccountPayableSettingApiTest" tests="7" skipped="0" failures="0" errors="0" timestamp="2018-12-14T10:35:19" hostname="LAPTOP-FHFRCCL6" time="0.445">
  <properties/>
  <testcase name="updateTestWithPut" classname="ags.goldenlionerp.apiTests.addresses.AccountPayableSettingApiTest" time="0.159"/>
  <testcase name="updateTestWithPatch" classname="ags.goldenlionerp.apiTests.addresses.AccountPayableSettingApiTest" time="0.098"/>
  <testcase name="getTestCollection" classname="ags.goldenlionerp.apiTests.addresses.AccountPayableSettingApiTest" time="0.025"/>
  <testcase name="createTestWithPut" classname="ags.goldenlionerp.apiTests.addresses.AccountPayableSettingApiTest" time="0.071"/>
  <testcase name="deleteTest" classname="ags.goldenlionerp.apiTests.addresses.AccountPayableSettingApiTest" time="0.03"/>
  <testcase name="createTestWithPost" classname="ags.goldenlionerp.apiTests.addresses.AccountPayableSettingApiTest" time="0.026"/>
  <testcase name="getTestSingle" classname="ags.goldenlionerp.apiTests.addresses.AccountPayableSettingApiTest" time="0.031"/>
  <system-out><![CDATA[2018-12-14 17:35:19.118  INFO 9212 --- [    Test worker] .b.t.c.SpringBootTestContextBootstrapper : Neither @ContextConfiguration nor @ContextHierarchy found for test class [ags.goldenlionerp.apiTests.addresses.AccountPayableSettingApiTest], using SpringBootContextLoader
2018-12-14 17:35:19.118  INFO 9212 --- [    Test worker] o.s.t.c.support.AbstractContextLoader    : Could not detect default resource locations for test class [ags.goldenlionerp.apiTests.addresses.AccountPayableSettingApiTest]: no resource found for suffixes {-context.xml, Context.groovy}.
2018-12-14 17:35:19.119  INFO 9212 --- [    Test worker] t.c.s.AnnotationConfigContextLoaderUtils : Could not detect default configuration classes for test class [ags.goldenlionerp.apiTests.addresses.AccountPayableSettingApiTest]: AccountPayableSettingApiTest does not declare any static, non-private, non-final, nested classes annotated with @Configuration.
2018-12-14 17:35:19.137  INFO 9212 --- [    Test worker] .b.t.c.SpringBootTestContextBootstrapper : Found @SpringBootConfiguration ags.goldenlionerp.GoldenLionErpApplication for test class ags.goldenlionerp.apiTests.addresses.AccountPayableSettingApiTest
2018-12-14 17:35:19.141  INFO 9212 --- [    Test worker] .b.t.c.SpringBootTestContextBootstrapper : Loaded default TestExecutionListener class names from location [META-INF/spring.factories]: [org.springframework.security.test.context.support.WithSecurityContextTestExecutionListener, org.springframework.security.test.context.support.ReactorContextTestExecutionListener, org.springframework.boot.test.autoconfigure.restdocs.RestDocsTestExecutionListener, org.springframework.boot.test.autoconfigure.web.client.MockRestServiceServerResetTestExecutionListener, org.springframework.boot.test.autoconfigure.web.servlet.MockMvcPrintOnlyOnFailureTestExecutionListener, org.springframework.boot.test.autoconfigure.web.servlet.WebDriverTestExecutionListener, org.springframework.boot.test.mock.mockito.MockitoTestExecutionListener, org.springframework.boot.test.mock.mockito.ResetMocksTestExecutionListener, org.springframework.test.context.web.ServletTestExecutionListener, org.springframework.test.context.support.DirtiesContextBeforeModesTestExecutionListener, org.springframework.test.context.support.DependencyInjectionTestExecutionListener, org.springframework.test.context.support.DirtiesContextTestExecutionListener, org.springframework.test.context.transaction.TransactionalTestExecutionListener, org.springframework.test.context.jdbc.SqlScriptsTestExecutionListener]
2018-12-14 17:35:19.142  INFO 9212 --- [    Test worker] .b.t.c.SpringBootTestContextBootstrapper : Using TestExecutionListeners: [org.springframework.test.context.web.ServletTestExecutionListener@4f3642b, org.springframework.test.context.support.DirtiesContextBeforeModesTestExecutionListener@607ffbdc, org.springframework.boot.test.mock.mockito.MockitoTestExecutionListener@170701b7, org.springframework.boot.test.autoconfigure.SpringBootDependencyInjectionTestExecutionListener@77cacec5, org.springframework.test.context.support.DirtiesContextTestExecutionListener@68873e2b, org.springframework.test.context.transaction.TransactionalTestExecutionListener@77b989fc, org.springframework.test.context.jdbc.SqlScriptsTestExecutionListener@581c2405, org.springframework.security.test.context.support.WithSecurityContextTestExecutionListener@79017525, org.springframework.security.test.context.support.ReactorContextTestExecutionListener@28267a48, org.springframework.boot.test.autoconfigure.restdocs.RestDocsTestExecutionListener@13ebf0d9, org.springframework.boot.test.autoconfigure.web.client.MockRestServiceServerResetTestExecutionListener@2a6ed2ad, org.springframework.boot.test.autoconfigure.web.servlet.MockMvcPrintOnlyOnFailureTestExecutionListener@58342298, org.springframework.boot.test.autoconfigure.web.servlet.WebDriverTestExecutionListener@435bf7ec, org.springframework.boot.test.mock.mockito.ResetMocksTestExecutionListener@ffaaa66]
2018-12-14 17:35:19.168  INFO 9212 --- [    Test worker] o.s.t.c.transaction.TransactionContext   : Began transaction (1) for test context [DefaultTestContext@503a7f02 testClass = AccountPayableSettingApiTest, testInstance = ags.goldenlionerp.apiTests.addresses.AccountPayableSettingApiTest@5ba1bf40, testMethod = updateTestWithPut@AccountPayableSettingApiTest, testException = [null], mergedContextConfiguration = [WebMergedContextConfiguration@f2c99f4 testClass = AccountPayableSettingApiTest, locations = '{}', classes = '{class ags.goldenlionerp.GoldenLionErpApplication}', contextInitializerClasses = '[]', activeProfiles = '{}', propertySourceLocations = '{classpath:test.properties}', propertySourceProperties = '{org.springframework.boot.test.context.SpringBootTestContextBootstrapper=true}', contextCustomizers = set[org.springframework.boot.test.autoconfigure.properties.PropertyMappingContextCustomizer@0, org.springframework.boot.test.autoconfigure.web.servlet.WebDriverContextCustomizerFactory$Customizer@636d731e, [ImportsContextCustomizer@1838524f key = [ags.goldenlionerp.apiTests.ApiTestBase$TestConfig]], org.springframework.boot.test.context.filter.ExcludeFilterContextCustomizer@6afa5291, org.springframework.boot.test.json.DuplicateJsonObjectContextCustomizerFactory$DuplicateJsonObjectContextCustomizer@20cebcb4, org.springframework.boot.test.mock.mockito.MockitoContextCustomizer@0, org.springframework.boot.test.web.client.TestRestTemplateContextCustomizer@49a32273], resourceBasePath = 'src/main/webapp', contextLoader = 'org.springframework.boot.test.context.SpringBootContextLoader', parent = [null]], attributes = map['org.springframework.test.context.web.ServletTestExecutionListener.activateListener' -> true, 'org.springframework.test.context.web.ServletTestExecutionListener.populatedRequestContextHolder' -> true, 'org.springframework.test.context.web.ServletTestExecutionListener.resetRequestContextHolder' -> true]]; transaction manager [org.springframework.orm.jpa.JpaTransactionManager@76f112e2]; rollback [true]
2018-12-14 17:35:19.169  INFO 9212 --- [    Test worker] o.s.b.t.m.w.SpringBootMockServletContext : Initializing Spring FrameworkServlet ''
2018-12-14 17:35:19.169  INFO 9212 --- [    Test worker] o.s.t.web.servlet.TestDispatcherServlet  : FrameworkServlet '': initialization started
2018-12-14 17:35:19.176  INFO 9212 --- [    Test worker] o.s.t.web.servlet.TestDispatcherServlet  : FrameworkServlet '': initialization completed in 7 ms
Hibernate: select accountpay0_.pmanum as pmanum1_23_0_, accountpay0_.pmcid as pmcid2_23_0_, accountpay0_.pmdtin as pmdtin3_23_0_, accountpay0_.pmtmin as pmtmin4_23_0_, accountpay0_.pmuid as pmuid5_23_0_, accountpay0_.pmdtlu as pmdtlu6_23_0_, accountpay0_.pmtmlu as pmtmlu7_23_0_, accountpay0_.pmuidm as pmuidm8_23_0_, accountpay0_.pmdtls as pmdtls9_23_0_, accountpay0_.pmapcls as pmapcls10_23_0_, accountpay0_.pmcrm as pmcrm11_23_0_, accountpay0_.pmcrct as pmcrct12_23_0_, accountpay0_.pmitc05 as pmitc13_23_0_, accountpay0_.pminsp as pminsp14_23_0_, accountpay0_.pmptc as pmptc15_23_0_, accountpay0_.pmspg as pmspg16_23_0_, accountpay0_.pmtaxau as pmtaxau17_23_0_, accountpay0_.pmtaxcd as pmtaxcd18_23_0_, accountpay0_.pmtaxid as pmtaxid19_23_0_ from t0401 accountpay0_ where accountpay0_.pmanum=?
Hibernate: update t0401 set pmcid=?, pmdtlu=?, pmtmlu=?, pmuidm=?, pmdtls=?, pmapcls=?, pmcrm=?, pmcrct=?, pmitc05=?, pminsp=?, pmptc=?, pmspg=?, pmtaxau=?, pmtaxcd=?, pmtaxid=? where pmanum=?
Hibernate: select accountpay0_.pmanum as pmanum1_23_0_, accountpay0_.pmcid as pmcid2_23_0_, accountpay0_.pmdtin as pmdtin3_23_0_, accountpay0_.pmtmin as pmtmin4_23_0_, accountpay0_.pmuid as pmuid5_23_0_, accountpay0_.pmdtlu as pmdtlu6_23_0_, accountpay0_.pmtmlu as pmtmlu7_23_0_, accountpay0_.pmuidm as pmuidm8_23_0_, accountpay0_.pmdtls as pmdtls9_23_0_, accountpay0_.pmapcls as pmapcls10_23_0_, accountpay0_.pmcrm as pmcrm11_23_0_, accountpay0_.pmcrct as pmcrct12_23_0_, accountpay0_.pmitc05 as pmitc13_23_0_, accountpay0_.pminsp as pminsp14_23_0_, accountpay0_.pmptc as pmptc15_23_0_, accountpay0_.pmspg as pmspg16_23_0_, accountpay0_.pmtaxau as pmtaxau17_23_0_, accountpay0_.pmtaxcd as pmtaxcd18_23_0_, accountpay0_.pmtaxid as pmtaxid19_23_0_ from t0401 accountpay0_ where accountpay0_.pmanum=?
2018-12-14 17:35:19.324  INFO 9212 --- [    Test worker] o.s.t.c.transaction.TransactionContext   : Rolled back transaction for test: [DefaultTestContext@503a7f02 testClass = AccountPayableSettingApiTest, testInstance = ags.goldenlionerp.apiTests.addresses.AccountPayableSettingApiTest@5ba1bf40, testMethod = updateTestWithPut@AccountPayableSettingApiTest, testException = [null], mergedContextConfiguration = [WebMergedContextConfiguration@f2c99f4 testClass = AccountPayableSettingApiTest, locations = '{}', classes = '{class ags.goldenlionerp.GoldenLionErpApplication}', contextInitializerClasses = '[]', activeProfiles = '{}', propertySourceLocations = '{classpath:test.properties}', propertySourceProperties = '{org.springframework.boot.test.context.SpringBootTestContextBootstrapper=true}', contextCustomizers = set[org.springframework.boot.test.autoconfigure.properties.PropertyMappingContextCustomizer@0, org.springframework.boot.test.autoconfigure.web.servlet.WebDriverContextCustomizerFactory$Customizer@636d731e, [ImportsContextCustomizer@1838524f key = [ags.goldenlionerp.apiTests.ApiTestBase$TestConfig]], org.springframework.boot.test.context.filter.ExcludeFilterContextCustomizer@6afa5291, org.springframework.boot.test.json.DuplicateJsonObjectContextCustomizerFactory$DuplicateJsonObjectContextCustomizer@20cebcb4, org.springframework.boot.test.mock.mockito.MockitoContextCustomizer@0, org.springframework.boot.test.web.client.TestRestTemplateContextCustomizer@49a32273], resourceBasePath = 'src/main/webapp', contextLoader = 'org.springframework.boot.test.context.SpringBootContextLoader', parent = [null]], attributes = map['org.springframework.test.context.web.ServletTestExecutionListener.activateListener' -> true, 'org.springframework.test.context.web.ServletTestExecutionListener.populatedRequestContextHolder' -> true, 'org.springframework.test.context.web.ServletTestExecutionListener.resetRequestContextHolder' -> true]]
2018-12-14 17:35:19.327  INFO 9212 --- [    Test worker] o.s.t.c.transaction.TransactionContext   : Began transaction (1) for test context [DefaultTestContext@503a7f02 testClass = AccountPayableSettingApiTest, testInstance = ags.goldenlionerp.apiTests.addresses.AccountPayableSettingApiTest@4f0bd405, testMethod = updateTestWithPatch@AccountPayableSettingApiTest, testException = [null], mergedContextConfiguration = [WebMergedContextConfiguration@f2c99f4 testClass = AccountPayableSettingApiTest, locations = '{}', classes = '{class ags.goldenlionerp.GoldenLionErpApplication}', contextInitializerClasses = '[]', activeProfiles = '{}', propertySourceLocations = '{classpath:test.properties}', propertySourceProperties = '{org.springframework.boot.test.context.SpringBootTestContextBootstrapper=true}', contextCustomizers = set[org.springframework.boot.test.autoconfigure.properties.PropertyMappingContextCustomizer@0, org.springframework.boot.test.autoconfigure.web.servlet.WebDriverContextCustomizerFactory$Customizer@636d731e, [ImportsContextCustomizer@1838524f key = [ags.goldenlionerp.apiTests.ApiTestBase$TestConfig]], org.springframework.boot.test.context.filter.ExcludeFilterContextCustomizer@6afa5291, org.springframework.boot.test.json.DuplicateJsonObjectContextCustomizerFactory$DuplicateJsonObjectContextCustomizer@20cebcb4, org.springframework.boot.test.mock.mockito.MockitoContextCustomizer@0, org.springframework.boot.test.web.client.TestRestTemplateContextCustomizer@49a32273], resourceBasePath = 'src/main/webapp', contextLoader = 'org.springframework.boot.test.context.SpringBootContextLoader', parent = [null]], attributes = map['org.springframework.test.context.web.ServletTestExecutionListener.activateListener' -> true, 'org.springframework.test.context.web.ServletTestExecutionListener.populatedRequestContextHolder' -> true, 'org.springframework.test.context.web.ServletTestExecutionListener.resetRequestContextHolder' -> true]]; transaction manager [org.springframework.orm.jpa.JpaTransactionManager@76f112e2]; rollback [true]
2018-12-14 17:35:19.328  INFO 9212 --- [    Test worker] o.s.b.t.m.w.SpringBootMockServletContext : Initializing Spring FrameworkServlet ''
2018-12-14 17:35:19.328  INFO 9212 --- [    Test worker] o.s.t.web.servlet.TestDispatcherServlet  : FrameworkServlet '': initialization started
2018-12-14 17:35:19.334  INFO 9212 --- [    Test worker] o.s.t.web.servlet.TestDispatcherServlet  : FrameworkServlet '': initialization completed in 6 ms
Hibernate: select accountpay0_.pmanum as pmanum1_23_0_, accountpay0_.pmcid as pmcid2_23_0_, accountpay0_.pmdtin as pmdtin3_23_0_, accountpay0_.pmtmin as pmtmin4_23_0_, accountpay0_.pmuid as pmuid5_23_0_, accountpay0_.pmdtlu as pmdtlu6_23_0_, accountpay0_.pmtmlu as pmtmlu7_23_0_, accountpay0_.pmuidm as pmuidm8_23_0_, accountpay0_.pmdtls as pmdtls9_23_0_, accountpay0_.pmapcls as pmapcls10_23_0_, accountpay0_.pmcrm as pmcrm11_23_0_, accountpay0_.pmcrct as pmcrct12_23_0_, accountpay0_.pmitc05 as pmitc13_23_0_, accountpay0_.pminsp as pminsp14_23_0_, accountpay0_.pmptc as pmptc15_23_0_, accountpay0_.pmspg as pmspg16_23_0_, accountpay0_.pmtaxau as pmtaxau17_23_0_, accountpay0_.pmtaxcd as pmtaxcd18_23_0_, accountpay0_.pmtaxid as pmtaxid19_23_0_ from t0401 accountpay0_ where accountpay0_.pmanum=?
Hibernate: update t0401 set pmcid=?, pmdtlu=?, pmtmlu=?, pmuidm=?, pmdtls=?, pmapcls=?, pmcrm=?, pmcrct=?, pmitc05=?, pminsp=?, pmptc=?, pmspg=?, pmtaxau=?, pmtaxcd=?, pmtaxid=? where pmanum=?
Hibernate: select accountpay0_.pmanum as pmanum1_23_0_, accountpay0_.pmcid as pmcid2_23_0_, accountpay0_.pmdtin as pmdtin3_23_0_, accountpay0_.pmtmin as pmtmin4_23_0_, accountpay0_.pmuid as pmuid5_23_0_, accountpay0_.pmdtlu as pmdtlu6_23_0_, accountpay0_.pmtmlu as pmtmlu7_23_0_, accountpay0_.pmuidm as pmuidm8_23_0_, accountpay0_.pmdtls as pmdtls9_23_0_, accountpay0_.pmapcls as pmapcls10_23_0_, accountpay0_.pmcrm as pmcrm11_23_0_, accountpay0_.pmcrct as pmcrct12_23_0_, accountpay0_.pmitc05 as pmitc13_23_0_, accountpay0_.pminsp as pminsp14_23_0_, accountpay0_.pmptc as pmptc15_23_0_, accountpay0_.pmspg as pmspg16_23_0_, accountpay0_.pmtaxau as pmtaxau17_23_0_, accountpay0_.pmtaxcd as pmtaxcd18_23_0_, accountpay0_.pmtaxid as pmtaxid19_23_0_ from t0401 accountpay0_ where accountpay0_.pmanum=?
2018-12-14 17:35:19.423  INFO 9212 --- [    Test worker] o.s.t.c.transaction.TransactionContext   : Rolled back transaction for test: [DefaultTestContext@503a7f02 testClass = AccountPayableSettingApiTest, testInstance = ags.goldenlionerp.apiTests.addresses.AccountPayableSettingApiTest@4f0bd405, testMethod = updateTestWithPatch@AccountPayableSettingApiTest, testException = [null], mergedContextConfiguration = [WebMergedContextConfiguration@f2c99f4 testClass = AccountPayableSettingApiTest, locations = '{}', classes = '{class ags.goldenlionerp.GoldenLionErpApplication}', contextInitializerClasses = '[]', activeProfiles = '{}', propertySourceLocations = '{classpath:test.properties}', propertySourceProperties = '{org.springframework.boot.test.context.SpringBootTestContextBootstrapper=true}', contextCustomizers = set[org.springframework.boot.test.autoconfigure.properties.PropertyMappingContextCustomizer@0, org.springframework.boot.test.autoconfigure.web.servlet.WebDriverContextCustomizerFactory$Customizer@636d731e, [ImportsContextCustomizer@1838524f key = [ags.goldenlionerp.apiTests.ApiTestBase$TestConfig]], org.springframework.boot.test.context.filter.ExcludeFilterContextCustomizer@6afa5291, org.springframework.boot.test.json.DuplicateJsonObjectContextCustomizerFactory$DuplicateJsonObjectContextCustomizer@20cebcb4, org.springframework.boot.test.mock.mockito.MockitoContextCustomizer@0, org.springframework.boot.test.web.client.TestRestTemplateContextCustomizer@49a32273], resourceBasePath = 'src/main/webapp', contextLoader = 'org.springframework.boot.test.context.SpringBootContextLoader', parent = [null]], attributes = map['org.springframework.test.context.web.ServletTestExecutionListener.activateListener' -> true, 'org.springframework.test.context.web.ServletTestExecutionListener.populatedRequestContextHolder' -> true, 'org.springframework.test.context.web.ServletTestExecutionListener.resetRequestContextHolder' -> true]]
2018-12-14 17:35:19.426  INFO 9212 --- [    Test worker] o.s.t.c.transaction.TransactionContext   : Began transaction (1) for test context [DefaultTestContext@503a7f02 testClass = AccountPayableSettingApiTest, testInstance = ags.goldenlionerp.apiTests.addresses.AccountPayableSettingApiTest@ff92dd5, testMethod = getTestCollection@AccountPayableSettingApiTest, testException = [null], mergedContextConfiguration = [WebMergedContextConfiguration@f2c99f4 testClass = AccountPayableSettingApiTest, locations = '{}', classes = '{class ags.goldenlionerp.GoldenLionErpApplication}', contextInitializerClasses = '[]', activeProfiles = '{}', propertySourceLocations = '{classpath:test.properties}', propertySourceProperties = '{org.springframework.boot.test.context.SpringBootTestContextBootstrapper=true}', contextCustomizers = set[org.springframework.boot.test.autoconfigure.properties.PropertyMappingContextCustomizer@0, org.springframework.boot.test.autoconfigure.web.servlet.WebDriverContextCustomizerFactory$Customizer@636d731e, [ImportsContextCustomizer@1838524f key = [ags.goldenlionerp.apiTests.ApiTestBase$TestConfig]], org.springframework.boot.test.context.filter.ExcludeFilterContextCustomizer@6afa5291, org.springframework.boot.test.json.DuplicateJsonObjectContextCustomizerFactory$DuplicateJsonObjectContextCustomizer@20cebcb4, org.springframework.boot.test.mock.mockito.MockitoContextCustomizer@0, org.springframework.boot.test.web.client.TestRestTemplateContextCustomizer@49a32273], resourceBasePath = 'src/main/webapp', contextLoader = 'org.springframework.boot.test.context.SpringBootContextLoader', parent = [null]], attributes = map['org.springframework.test.context.web.ServletTestExecutionListener.activateListener' -> true, 'org.springframework.test.context.web.ServletTestExecutionListener.populatedRequestContextHolder' -> true, 'org.springframework.test.context.web.ServletTestExecutionListener.resetRequestContextHolder' -> true]]; transaction manager [org.springframework.orm.jpa.JpaTransactionManager@76f112e2]; rollback [true]
2018-12-14 17:35:19.427  INFO 9212 --- [    Test worker] o.s.b.t.m.w.SpringBootMockServletContext : Initializing Spring FrameworkServlet ''
2018-12-14 17:35:19.428  INFO 9212 --- [    Test worker] o.s.t.web.servlet.TestDispatcherServlet  : FrameworkServlet '': initialization started
2018-12-14 17:35:19.434  INFO 9212 --- [    Test worker] o.s.t.web.servlet.TestDispatcherServlet  : FrameworkServlet '': initialization completed in 6 ms
2018-12-14 17:35:19.450  INFO 9212 --- [    Test worker] o.s.t.c.transaction.TransactionContext   : Rolled back transaction for test: [DefaultTestContext@503a7f02 testClass = AccountPayableSettingApiTest, testInstance = ags.goldenlionerp.apiTests.addresses.AccountPayableSettingApiTest@ff92dd5, testMethod = getTestCollection@AccountPayableSettingApiTest, testException = [null], mergedContextConfiguration = [WebMergedContextConfiguration@f2c99f4 testClass = AccountPayableSettingApiTest, locations = '{}', classes = '{class ags.goldenlionerp.GoldenLionErpApplication}', contextInitializerClasses = '[]', activeProfiles = '{}', propertySourceLocations = '{classpath:test.properties}', propertySourceProperties = '{org.springframework.boot.test.context.SpringBootTestContextBootstrapper=true}', contextCustomizers = set[org.springframework.boot.test.autoconfigure.properties.PropertyMappingContextCustomizer@0, org.springframework.boot.test.autoconfigure.web.servlet.WebDriverContextCustomizerFactory$Customizer@636d731e, [ImportsContextCustomizer@1838524f key = [ags.goldenlionerp.apiTests.ApiTestBase$TestConfig]], org.springframework.boot.test.context.filter.ExcludeFilterContextCustomizer@6afa5291, org.springframework.boot.test.json.DuplicateJsonObjectContextCustomizerFactory$DuplicateJsonObjectContextCustomizer@20cebcb4, org.springframework.boot.test.mock.mockito.MockitoContextCustomizer@0, org.springframework.boot.test.web.client.TestRestTemplateContextCustomizer@49a32273], resourceBasePath = 'src/main/webapp', contextLoader = 'org.springframework.boot.test.context.SpringBootContextLoader', parent = [null]], attributes = map['org.springframework.test.context.web.ServletTestExecutionListener.activateListener' -> true, 'org.springframework.test.context.web.ServletTestExecutionListener.populatedRequestContextHolder' -> true, 'org.springframework.test.context.web.ServletTestExecutionListener.resetRequestContextHolder' -> true]]
2018-12-14 17:35:19.453  INFO 9212 --- [    Test worker] o.s.t.c.transaction.TransactionContext   : Began transaction (1) for test context [DefaultTestContext@503a7f02 testClass = AccountPayableSettingApiTest, testInstance = ags.goldenlionerp.apiTests.addresses.AccountPayableSettingApiTest@19aa8079, testMethod = createTestWithPut@AccountPayableSettingApiTest, testException = [null], mergedContextConfiguration = [WebMergedContextConfiguration@f2c99f4 testClass = AccountPayableSettingApiTest, locations = '{}', classes = '{class ags.goldenlionerp.GoldenLionErpApplication}', contextInitializerClasses = '[]', activeProfiles = '{}', propertySourceLocations = '{classpath:test.properties}', propertySourceProperties = '{org.springframework.boot.test.context.SpringBootTestContextBootstrapper=true}', contextCustomizers = set[org.springframework.boot.test.autoconfigure.properties.PropertyMappingContextCustomizer@0, org.springframework.boot.test.autoconfigure.web.servlet.WebDriverContextCustomizerFactory$Customizer@636d731e, [ImportsContextCustomizer@1838524f key = [ags.goldenlionerp.apiTests.ApiTestBase$TestConfig]], org.springframework.boot.test.context.filter.ExcludeFilterContextCustomizer@6afa5291, org.springframework.boot.test.json.DuplicateJsonObjectContextCustomizerFactory$DuplicateJsonObjectContextCustomizer@20cebcb4, org.springframework.boot.test.mock.mockito.MockitoContextCustomizer@0, org.springframework.boot.test.web.client.TestRestTemplateContextCustomizer@49a32273], resourceBasePath = 'src/main/webapp', contextLoader = 'org.springframework.boot.test.context.SpringBootContextLoader', parent = [null]], attributes = map['org.springframework.test.context.web.ServletTestExecutionListener.activateListener' -> true, 'org.springframework.test.context.web.ServletTestExecutionListener.populatedRequestContextHolder' -> true, 'org.springframework.test.context.web.ServletTestExecutionListener.resetRequestContextHolder' -> true]]; transaction manager [org.springframework.orm.jpa.JpaTransactionManager@76f112e2]; rollback [true]
2018-12-14 17:35:19.453  INFO 9212 --- [    Test worker] o.s.b.t.m.w.SpringBootMockServletContext : Initializing Spring FrameworkServlet ''
2018-12-14 17:35:19.454  INFO 9212 --- [    Test worker] o.s.t.web.servlet.TestDispatcherServlet  : FrameworkServlet '': initialization started
2018-12-14 17:35:19.460  INFO 9212 --- [    Test worker] o.s.t.web.servlet.TestDispatcherServlet  : FrameworkServlet '': initialization completed in 6 ms
Hibernate: select accountpay0_.pmanum as pmanum1_23_0_, accountpay0_.pmcid as pmcid2_23_0_, accountpay0_.pmdtin as pmdtin3_23_0_, accountpay0_.pmtmin as pmtmin4_23_0_, accountpay0_.pmuid as pmuid5_23_0_, accountpay0_.pmdtlu as pmdtlu6_23_0_, accountpay0_.pmtmlu as pmtmlu7_23_0_, accountpay0_.pmuidm as pmuidm8_23_0_, accountpay0_.pmdtls as pmdtls9_23_0_, accountpay0_.pmapcls as pmapcls10_23_0_, accountpay0_.pmcrm as pmcrm11_23_0_, accountpay0_.pmcrct as pmcrct12_23_0_, accountpay0_.pmitc05 as pmitc13_23_0_, accountpay0_.pminsp as pminsp14_23_0_, accountpay0_.pmptc as pmptc15_23_0_, accountpay0_.pmspg as pmspg16_23_0_, accountpay0_.pmtaxau as pmtaxau17_23_0_, accountpay0_.pmtaxcd as pmtaxcd18_23_0_, accountpay0_.pmtaxid as pmtaxid19_23_0_ from t0401 accountpay0_ where accountpay0_.pmanum=?
Hibernate: select accountpay0_.pmanum as pmanum1_23_0_, accountpay0_.pmcid as pmcid2_23_0_, accountpay0_.pmdtin as pmdtin3_23_0_, accountpay0_.pmtmin as pmtmin4_23_0_, accountpay0_.pmuid as pmuid5_23_0_, accountpay0_.pmdtlu as pmdtlu6_23_0_, accountpay0_.pmtmlu as pmtmlu7_23_0_, accountpay0_.pmuidm as pmuidm8_23_0_, accountpay0_.pmdtls as pmdtls9_23_0_, accountpay0_.pmapcls as pmapcls10_23_0_, accountpay0_.pmcrm as pmcrm11_23_0_, accountpay0_.pmcrct as pmcrct12_23_0_, accountpay0_.pmitc05 as pmitc13_23_0_, accountpay0_.pminsp as pminsp14_23_0_, accountpay0_.pmptc as pmptc15_23_0_, accountpay0_.pmspg as pmspg16_23_0_, accountpay0_.pmtaxau as pmtaxau17_23_0_, accountpay0_.pmtaxcd as pmtaxcd18_23_0_, accountpay0_.pmtaxid as pmtaxid19_23_0_ from t0401 accountpay0_ where accountpay0_.pmanum=?
Hibernate: select accountpay0_.pmanum as pmanum1_23_0_, accountpay0_.pmcid as pmcid2_23_0_, accountpay0_.pmdtin as pmdtin3_23_0_, accountpay0_.pmtmin as pmtmin4_23_0_, accountpay0_.pmuid as pmuid5_23_0_, accountpay0_.pmdtlu as pmdtlu6_23_0_, accountpay0_.pmtmlu as pmtmlu7_23_0_, accountpay0_.pmuidm as pmuidm8_23_0_, accountpay0_.pmdtls as pmdtls9_23_0_, accountpay0_.pmapcls as pmapcls10_23_0_, accountpay0_.pmcrm as pmcrm11_23_0_, accountpay0_.pmcrct as pmcrct12_23_0_, accountpay0_.pmitc05 as pmitc13_23_0_, accountpay0_.pminsp as pminsp14_23_0_, accountpay0_.pmptc as pmptc15_23_0_, accountpay0_.pmspg as pmspg16_23_0_, accountpay0_.pmtaxau as pmtaxau17_23_0_, accountpay0_.pmtaxcd as pmtaxcd18_23_0_, accountpay0_.pmtaxid as pmtaxid19_23_0_ from t0401 accountpay0_ where accountpay0_.pmanum=?
Hibernate: insert into t0401 (pmcid, pmdtin, pmtmin, pmuid, pmdtlu, pmtmlu, pmuidm, pmdtls, pmapcls, pmcrm, pmcrct, pmitc05, pminsp, pmptc, pmspg, pmtaxau, pmtaxcd, pmtaxid, pmanum) values (?, ?, ?, ?, ?, ?, ?, ?, ?, ?, ?, ?, ?, ?, ?, ?, ?, ?, ?)
Hibernate: select accountpay0_.pmanum as pmanum1_23_0_, accountpay0_.pmcid as pmcid2_23_0_, accountpay0_.pmdtin as pmdtin3_23_0_, accountpay0_.pmtmin as pmtmin4_23_0_, accountpay0_.pmuid as pmuid5_23_0_, accountpay0_.pmdtlu as pmdtlu6_23_0_, accountpay0_.pmtmlu as pmtmlu7_23_0_, accountpay0_.pmuidm as pmuidm8_23_0_, accountpay0_.pmdtls as pmdtls9_23_0_, accountpay0_.pmapcls as pmapcls10_23_0_, accountpay0_.pmcrm as pmcrm11_23_0_, accountpay0_.pmcrct as pmcrct12_23_0_, accountpay0_.pmitc05 as pmitc13_23_0_, accountpay0_.pminsp as pminsp14_23_0_, accountpay0_.pmptc as pmptc15_23_0_, accountpay0_.pmspg as pmspg16_23_0_, accountpay0_.pmtaxau as pmtaxau17_23_0_, accountpay0_.pmtaxcd as pmtaxcd18_23_0_, accountpay0_.pmtaxid as pmtaxid19_23_0_ from t0401 accountpay0_ where accountpay0_.pmanum=?
2018-12-14 17:35:19.521  INFO 9212 --- [    Test worker] o.s.t.c.transaction.TransactionContext   : Rolled back transaction for test: [DefaultTestContext@503a7f02 testClass = AccountPayableSettingApiTest, testInstance = ags.goldenlionerp.apiTests.addresses.AccountPayableSettingApiTest@19aa8079, testMethod = createTestWithPut@AccountPayableSettingApiTest, testException = [null], mergedContextConfiguration = [WebMergedContextConfiguration@f2c99f4 testClass = AccountPayableSettingApiTest, locations = '{}', classes = '{class ags.goldenlionerp.GoldenLionErpApplication}', contextInitializerClasses = '[]', activeProfiles = '{}', propertySourceLocations = '{classpath:test.properties}', propertySourceProperties = '{org.springframework.boot.test.context.SpringBootTestContextBootstrapper=true}', contextCustomizers = set[org.springframework.boot.test.autoconfigure.properties.PropertyMappingContextCustomizer@0, org.springframework.boot.test.autoconfigure.web.servlet.WebDriverContextCustomizerFactory$Customizer@636d731e, [ImportsContextCustomizer@1838524f key = [ags.goldenlionerp.apiTests.ApiTestBase$TestConfig]], org.springframework.boot.test.context.filter.ExcludeFilterContextCustomizer@6afa5291, org.springframework.boot.test.json.DuplicateJsonObjectContextCustomizerFactory$DuplicateJsonObjectContextCustomizer@20cebcb4, org.springframework.boot.test.mock.mockito.MockitoContextCustomizer@0, org.springframework.boot.test.web.client.TestRestTemplateContextCustomizer@49a32273], resourceBasePath = 'src/main/webapp', contextLoader = 'org.springframework.boot.test.context.SpringBootContextLoader', parent = [null]], attributes = map['org.springframework.test.context.web.ServletTestExecutionListener.activateListener' -> true, 'org.springframework.test.context.web.ServletTestExecutionListener.populatedRequestContextHolder' -> true, 'org.springframework.test.context.web.ServletTestExecutionListener.resetRequestContextHolder' -> true]]
2018-12-14 17:35:19.524  INFO 9212 --- [    Test worker] o.s.t.c.transaction.TransactionContext   : Began transaction (1) for test context [DefaultTestContext@503a7f02 testClass = AccountPayableSettingApiTest, testInstance = ags.goldenlionerp.apiTests.addresses.AccountPayableSettingApiTest@3c02f72, testMethod = deleteTest@AccountPayableSettingApiTest, testException = [null], mergedContextConfiguration = [WebMergedContextConfiguration@f2c99f4 testClass = AccountPayableSettingApiTest, locations = '{}', classes = '{class ags.goldenlionerp.GoldenLionErpApplication}', contextInitializerClasses = '[]', activeProfiles = '{}', propertySourceLocations = '{classpath:test.properties}', propertySourceProperties = '{org.springframework.boot.test.context.SpringBootTestContextBootstrapper=true}', contextCustomizers = set[org.springframework.boot.test.autoconfigure.properties.PropertyMappingContextCustomizer@0, org.springframework.boot.test.autoconfigure.web.servlet.WebDriverContextCustomizerFactory$Customizer@636d731e, [ImportsContextCustomizer@1838524f key = [ags.goldenlionerp.apiTests.ApiTestBase$TestConfig]], org.springframework.boot.test.context.filter.ExcludeFilterContextCustomizer@6afa5291, org.springframework.boot.test.json.DuplicateJsonObjectContextCustomizerFactory$DuplicateJsonObjectContextCustomizer@20cebcb4, org.springframework.boot.test.mock.mockito.MockitoContextCustomizer@0, org.springframework.boot.test.web.client.TestRestTemplateContextCustomizer@49a32273], resourceBasePath = 'src/main/webapp', contextLoader = 'org.springframework.boot.test.context.SpringBootContextLoader', parent = [null]], attributes = map['org.springframework.test.context.web.ServletTestExecutionListener.activateListener' -> true, 'org.springframework.test.context.web.ServletTestExecutionListener.populatedRequestContextHolder' -> true, 'org.springframework.test.context.web.ServletTestExecutionListener.resetRequestContextHolder' -> true]]; transaction manager [org.springframework.orm.jpa.JpaTransactionManager@76f112e2]; rollback [true]
2018-12-14 17:35:19.525  INFO 9212 --- [    Test worker] o.s.b.t.m.w.SpringBootMockServletContext : Initializing Spring FrameworkServlet ''
2018-12-14 17:35:19.525  INFO 9212 --- [    Test worker] o.s.t.web.servlet.TestDispatcherServlet  : FrameworkServlet '': initialization started
2018-12-14 17:35:19.533  INFO 9212 --- [    Test worker] o.s.t.web.servlet.TestDispatcherServlet  : FrameworkServlet '': initialization completed in 8 ms
Hibernate: select accountpay0_.pmanum as pmanum1_23_0_, accountpay0_.pmcid as pmcid2_23_0_, accountpay0_.pmdtin as pmdtin3_23_0_, accountpay0_.pmtmin as pmtmin4_23_0_, accountpay0_.pmuid as pmuid5_23_0_, accountpay0_.pmdtlu as pmdtlu6_23_0_, accountpay0_.pmtmlu as pmtmlu7_23_0_, accountpay0_.pmuidm as pmuidm8_23_0_, accountpay0_.pmdtls as pmdtls9_23_0_, accountpay0_.pmapcls as pmapcls10_23_0_, accountpay0_.pmcrm as pmcrm11_23_0_, accountpay0_.pmcrct as pmcrct12_23_0_, accountpay0_.pmitc05 as pmitc13_23_0_, accountpay0_.pminsp as pminsp14_23_0_, accountpay0_.pmptc as pmptc15_23_0_, accountpay0_.pmspg as pmspg16_23_0_, accountpay0_.pmtaxau as pmtaxau17_23_0_, accountpay0_.pmtaxcd as pmtaxcd18_23_0_, accountpay0_.pmtaxid as pmtaxid19_23_0_ from t0401 accountpay0_ where accountpay0_.pmanum=?
2018-12-14 17:35:19.552  INFO 9212 --- [    Test worker] o.s.t.c.transaction.TransactionContext   : Rolled back transaction for test: [DefaultTestContext@503a7f02 testClass = AccountPayableSettingApiTest, testInstance = ags.goldenlionerp.apiTests.addresses.AccountPayableSettingApiTest@3c02f72, testMethod = deleteTest@AccountPayableSettingApiTest, testException = [null], mergedContextConfiguration = [WebMergedContextConfiguration@f2c99f4 testClass = AccountPayableSettingApiTest, locations = '{}', classes = '{class ags.goldenlionerp.GoldenLionErpApplication}', contextInitializerClasses = '[]', activeProfiles = '{}', propertySourceLocations = '{classpath:test.properties}', propertySourceProperties = '{org.springframework.boot.test.context.SpringBootTestContextBootstrapper=true}', contextCustomizers = set[org.springframework.boot.test.autoconfigure.properties.PropertyMappingContextCustomizer@0, org.springframework.boot.test.autoconfigure.web.servlet.WebDriverContextCustomizerFactory$Customizer@636d731e, [ImportsContextCustomizer@1838524f key = [ags.goldenlionerp.apiTests.ApiTestBase$TestConfig]], org.springframework.boot.test.context.filter.ExcludeFilterContextCustomizer@6afa5291, org.springframework.boot.test.json.DuplicateJsonObjectContextCustomizerFactory$DuplicateJsonObjectContextCustomizer@20cebcb4, org.springframework.boot.test.mock.mockito.MockitoContextCustomizer@0, org.springframework.boot.test.web.client.TestRestTemplateContextCustomizer@49a32273], resourceBasePath = 'src/main/webapp', contextLoader = 'org.springframework.boot.test.context.SpringBootContextLoader', parent = [null]], attributes = map['org.springframework.test.context.web.ServletTestExecutionListener.activateListener' -> true, 'org.springframework.test.context.web.ServletTestExecutionListener.populatedRequestContextHolder' -> true, 'org.springframework.test.context.web.ServletTestExecutionListener.resetRequestContextHolder' -> true]]
2018-12-14 17:35:19.554  INFO 9212 --- [    Test worker] o.s.t.c.transaction.TransactionContext   : Began transaction (1) for test context [DefaultTestContext@503a7f02 testClass = AccountPayableSettingApiTest, testInstance = ags.goldenlionerp.apiTests.addresses.AccountPayableSettingApiTest@7893c969, testMethod = createTestWithPost@AccountPayableSettingApiTest, testException = [null], mergedContextConfiguration = [WebMergedContextConfiguration@f2c99f4 testClass = AccountPayableSettingApiTest, locations = '{}', classes = '{class ags.goldenlionerp.GoldenLionErpApplication}', contextInitializerClasses = '[]', activeProfiles = '{}', propertySourceLocations = '{classpath:test.properties}', propertySourceProperties = '{org.springframework.boot.test.context.SpringBootTestContextBootstrapper=true}', contextCustomizers = set[org.springframework.boot.test.autoconfigure.properties.PropertyMappingContextCustomizer@0, org.springframework.boot.test.autoconfigure.web.servlet.WebDriverContextCustomizerFactory$Customizer@636d731e, [ImportsContextCustomizer@1838524f key = [ags.goldenlionerp.apiTests.ApiTestBase$TestConfig]], org.springframework.boot.test.context.filter.ExcludeFilterContextCustomizer@6afa5291, org.springframework.boot.test.json.DuplicateJsonObjectContextCustomizerFactory$DuplicateJsonObjectContextCustomizer@20cebcb4, org.springframework.boot.test.mock.mockito.MockitoContextCustomizer@0, org.springframework.boot.test.web.client.TestRestTemplateContextCustomizer@49a32273], resourceBasePath = 'src/main/webapp', contextLoader = 'org.springframework.boot.test.context.SpringBootContextLoader', parent = [null]], attributes = map['org.springframework.test.context.web.ServletTestExecutionListener.activateListener' -> true, 'org.springframework.test.context.web.ServletTestExecutionListener.populatedRequestContextHolder' -> true, 'org.springframework.test.context.web.ServletTestExecutionListener.resetRequestContextHolder' -> true]]; transaction manager [org.springframework.orm.jpa.JpaTransactionManager@76f112e2]; rollback [true]
2018-12-14 17:35:19.556  INFO 9212 --- [    Test worker] o.s.b.t.m.w.SpringBootMockServletContext : Initializing Spring FrameworkServlet ''
2018-12-14 17:35:19.556  INFO 9212 --- [    Test worker] o.s.t.web.servlet.TestDispatcherServlet  : FrameworkServlet '': initialization started
2018-12-14 17:35:19.562  INFO 9212 --- [    Test worker] o.s.t.web.servlet.TestDispatcherServlet  : FrameworkServlet '': initialization completed in 6 ms
Hibernate: select accountpay0_.pmanum as pmanum1_23_0_, accountpay0_.pmcid as pmcid2_23_0_, accountpay0_.pmdtin as pmdtin3_23_0_, accountpay0_.pmtmin as pmtmin4_23_0_, accountpay0_.pmuid as pmuid5_23_0_, accountpay0_.pmdtlu as pmdtlu6_23_0_, accountpay0_.pmtmlu as pmtmlu7_23_0_, accountpay0_.pmuidm as pmuidm8_23_0_, accountpay0_.pmdtls as pmdtls9_23_0_, accountpay0_.pmapcls as pmapcls10_23_0_, accountpay0_.pmcrm as pmcrm11_23_0_, accountpay0_.pmcrct as pmcrct12_23_0_, accountpay0_.pmitc05 as pmitc13_23_0_, accountpay0_.pminsp as pminsp14_23_0_, accountpay0_.pmptc as pmptc15_23_0_, accountpay0_.pmspg as pmspg16_23_0_, accountpay0_.pmtaxau as pmtaxau17_23_0_, accountpay0_.pmtaxcd as pmtaxcd18_23_0_, accountpay0_.pmtaxid as pmtaxid19_23_0_ from t0401 accountpay0_ where accountpay0_.pmanum=?
2018-12-14 17:35:19.579  INFO 9212 --- [    Test worker] o.s.t.c.transaction.TransactionContext   : Rolled back transaction for test: [DefaultTestContext@503a7f02 testClass = AccountPayableSettingApiTest, testInstance = ags.goldenlionerp.apiTests.addresses.AccountPayableSettingApiTest@7893c969, testMethod = createTestWithPost@AccountPayableSettingApiTest, testException = [null], mergedContextConfiguration = [WebMergedContextConfiguration@f2c99f4 testClass = AccountPayableSettingApiTest, locations = '{}', classes = '{class ags.goldenlionerp.GoldenLionErpApplication}', contextInitializerClasses = '[]', activeProfiles = '{}', propertySourceLocations = '{classpath:test.properties}', propertySourceProperties = '{org.springframework.boot.test.context.SpringBootTestContextBootstrapper=true}', contextCustomizers = set[org.springframework.boot.test.autoconfigure.properties.PropertyMappingContextCustomizer@0, org.springframework.boot.test.autoconfigure.web.servlet.WebDriverContextCustomizerFactory$Customizer@636d731e, [ImportsContextCustomizer@1838524f key = [ags.goldenlionerp.apiTests.ApiTestBase$TestConfig]], org.springframework.boot.test.context.filter.ExcludeFilterContextCustomizer@6afa5291, org.springframework.boot.test.json.DuplicateJsonObjectContextCustomizerFactory$DuplicateJsonObjectContextCustomizer@20cebcb4, org.springframework.boot.test.mock.mockito.MockitoContextCustomizer@0, org.springframework.boot.test.web.client.TestRestTemplateContextCustomizer@49a32273], resourceBasePath = 'src/main/webapp', contextLoader = 'org.springframework.boot.test.context.SpringBootContextLoader', parent = [null]], attributes = map['org.springframework.test.context.web.ServletTestExecutionListener.activateListener' -> true, 'org.springframework.test.context.web.ServletTestExecutionListener.populatedRequestContextHolder' -> true, 'org.springframework.test.context.web.ServletTestExecutionListener.resetRequestContextHolder' -> true]]
2018-12-14 17:35:19.581  INFO 9212 --- [    Test worker] o.s.t.c.transaction.TransactionContext   : Began transaction (1) for test context [DefaultTestContext@503a7f02 testClass = AccountPayableSettingApiTest, testInstance = ags.goldenlionerp.apiTests.addresses.AccountPayableSettingApiTest@7865e9b1, testMethod = getTestSingle@ApiTestBase, testException = [null], mergedContextConfiguration = [WebMergedContextConfiguration@f2c99f4 testClass = AccountPayableSettingApiTest, locations = '{}', classes = '{class ags.goldenlionerp.GoldenLionErpApplication}', contextInitializerClasses = '[]', activeProfiles = '{}', propertySourceLocations = '{classpath:test.properties}', propertySourceProperties = '{org.springframework.boot.test.context.SpringBootTestContextBootstrapper=true}', contextCustomizers = set[org.springframework.boot.test.autoconfigure.properties.PropertyMappingContextCustomizer@0, org.springframework.boot.test.autoconfigure.web.servlet.WebDriverContextCustomizerFactory$Customizer@636d731e, [ImportsContextCustomizer@1838524f key = [ags.goldenlionerp.apiTests.ApiTestBase$TestConfig]], org.springframework.boot.test.context.filter.ExcludeFilterContextCustomizer@6afa5291, org.springframework.boot.test.json.DuplicateJsonObjectContextCustomizerFactory$DuplicateJsonObjectContextCustomizer@20cebcb4, org.springframework.boot.test.mock.mockito.MockitoContextCustomizer@0, org.springframework.boot.test.web.client.TestRestTemplateContextCustomizer@49a32273], resourceBasePath = 'src/main/webapp', contextLoader = 'org.springframework.boot.test.context.SpringBootContextLoader', parent = [null]], attributes = map['org.springframework.test.context.web.ServletTestExecutionListener.activateListener' -> true, 'org.springframework.test.context.web.ServletTestExecutionListener.populatedRequestContextHolder' -> true, 'org.springframework.test.context.web.ServletTestExecutionListener.resetRequestContextHolder' -> true]]; transaction manager [org.springframework.orm.jpa.JpaTransactionManager@76f112e2]; rollback [true]
2018-12-14 17:35:19.582  INFO 9212 --- [    Test worker] o.s.b.t.m.w.SpringBootMockServletContext : Initializing Spring FrameworkServlet ''
2018-12-14 17:35:19.582  INFO 9212 --- [    Test worker] o.s.t.web.servlet.TestDispatcherServlet  : FrameworkServlet '': initialization started
2018-12-14 17:35:19.588  INFO 9212 --- [    Test worker] o.s.t.web.servlet.TestDispatcherServlet  : FrameworkServlet '': initialization completed in 6 ms
Hibernate: select accountpay0_.pmanum as pmanum1_23_0_, accountpay0_.pmcid as pmcid2_23_0_, accountpay0_.pmdtin as pmdtin3_23_0_, accountpay0_.pmtmin as pmtmin4_23_0_, accountpay0_.pmuid as pmuid5_23_0_, accountpay0_.pmdtlu as pmdtlu6_23_0_, accountpay0_.pmtmlu as pmtmlu7_23_0_, accountpay0_.pmuidm as pmuidm8_23_0_, accountpay0_.pmdtls as pmdtls9_23_0_, accountpay0_.pmapcls as pmapcls10_23_0_, accountpay0_.pmcrm as pmcrm11_23_0_, accountpay0_.pmcrct as pmcrct12_23_0_, accountpay0_.pmitc05 as pmitc13_23_0_, accountpay0_.pminsp as pminsp14_23_0_, accountpay0_.pmptc as pmptc15_23_0_, accountpay0_.pmspg as pmspg16_23_0_, accountpay0_.pmtaxau as pmtaxau17_23_0_, accountpay0_.pmtaxcd as pmtaxcd18_23_0_, accountpay0_.pmtaxid as pmtaxid19_23_0_ from t0401 accountpay0_ where accountpay0_.pmanum=?
2018-12-14 17:35:19.611  INFO 9212 --- [    Test worker] o.s.t.c.transaction.TransactionContext   : Rolled back transaction for test: [DefaultTestContext@503a7f02 testClass = AccountPayableSettingApiTest, testInstance = ags.goldenlionerp.apiTests.addresses.AccountPayableSettingApiTest@7865e9b1, testMethod = getTestSingle@ApiTestBase, testException = [null], mergedContextConfiguration = [WebMergedContextConfiguration@f2c99f4 testClass = AccountPayableSettingApiTest, locations = '{}', classes = '{class ags.goldenlionerp.GoldenLionErpApplication}', contextInitializerClasses = '[]', activeProfiles = '{}', propertySourceLocations = '{classpath:test.properties}', propertySourceProperties = '{org.springframework.boot.test.context.SpringBootTestContextBootstrapper=true}', contextCustomizers = set[org.springframework.boot.test.autoconfigure.properties.PropertyMappingContextCustomizer@0, org.springframework.boot.test.autoconfigure.web.servlet.WebDriverContextCustomizerFactory$Customizer@636d731e, [ImportsContextCustomizer@1838524f key = [ags.goldenlionerp.apiTests.ApiTestBase$TestConfig]], org.springframework.boot.test.context.filter.ExcludeFilterContextCustomizer@6afa5291, org.springframework.boot.test.json.DuplicateJsonObjectContextCustomizerFactory$DuplicateJsonObjectContextCustomizer@20cebcb4, org.springframework.boot.test.mock.mockito.MockitoContextCustomizer@0, org.springframework.boot.test.web.client.TestRestTemplateContextCustomizer@49a32273], resourceBasePath = 'src/main/webapp', contextLoader = 'org.springframework.boot.test.context.SpringBootContextLoader', parent = [null]], attributes = map['org.springframework.test.context.web.ServletTestExecutionListener.activateListener' -> true, 'org.springframework.test.context.web.ServletTestExecutionListener.populatedRequestContextHolder' -> true, 'org.springframework.test.context.web.ServletTestExecutionListener.resetRequestContextHolder' -> true]]
]]></system-out>
  <system-err><![CDATA[]]></system-err>
</testsuite>
