<?xml version="1.0" encoding="UTF-8"?>
<testsuite name="ags.goldenlionerp.apiTests.setups.CurrencyConversionApiTest" tests="7" skipped="0" failures="0" errors="0" timestamp="2018-12-27T04:25:57" hostname="LAPTOP-FHFRCCL6" time="0.276">
  <properties/>
  <testcase name="updateTestWithPut" classname="ags.goldenlionerp.apiTests.setups.CurrencyConversionApiTest" time="0.04"/>
  <testcase name="getTestSingle" classname="ags.goldenlionerp.apiTests.setups.CurrencyConversionApiTest" time="0.029"/>
  <testcase name="updateTestWithPatch" classname="ags.goldenlionerp.apiTests.setups.CurrencyConversionApiTest" time="0.067"/>
  <testcase name="getTestCollection" classname="ags.goldenlionerp.apiTests.setups.CurrencyConversionApiTest" time="0.027"/>
  <testcase name="createTestWithPut" classname="ags.goldenlionerp.apiTests.setups.CurrencyConversionApiTest" time="0.021"/>
  <testcase name="deleteTest" classname="ags.goldenlionerp.apiTests.setups.CurrencyConversionApiTest" time="0.033"/>
  <testcase name="createTestWithPost" classname="ags.goldenlionerp.apiTests.setups.CurrencyConversionApiTest" time="0.053"/>
  <system-out><![CDATA[2018-12-27 11:25:57.408  INFO 2120 --- [    Test worker] .b.t.c.SpringBootTestContextBootstrapper : Neither @ContextConfiguration nor @ContextHierarchy found for test class [ags.goldenlionerp.apiTests.setups.CurrencyConversionApiTest], using SpringBootContextLoader
2018-12-27 11:25:57.409  INFO 2120 --- [    Test worker] o.s.t.c.support.AbstractContextLoader    : Could not detect default resource locations for test class [ags.goldenlionerp.apiTests.setups.CurrencyConversionApiTest]: no resource found for suffixes {-context.xml, Context.groovy}.
2018-12-27 11:25:57.409  INFO 2120 --- [    Test worker] t.c.s.AnnotationConfigContextLoaderUtils : Could not detect default configuration classes for test class [ags.goldenlionerp.apiTests.setups.CurrencyConversionApiTest]: CurrencyConversionApiTest does not declare any static, non-private, non-final, nested classes annotated with @Configuration.
2018-12-27 11:25:57.412  INFO 2120 --- [    Test worker] .b.t.c.SpringBootTestContextBootstrapper : Found @SpringBootConfiguration ags.goldenlionerp.GoldenLionErpApplication for test class ags.goldenlionerp.apiTests.setups.CurrencyConversionApiTest
2018-12-27 11:25:57.415  INFO 2120 --- [    Test worker] .b.t.c.SpringBootTestContextBootstrapper : Loaded default TestExecutionListener class names from location [META-INF/spring.factories]: [org.springframework.security.test.context.support.WithSecurityContextTestExecutionListener, org.springframework.security.test.context.support.ReactorContextTestExecutionListener, org.springframework.boot.test.autoconfigure.restdocs.RestDocsTestExecutionListener, org.springframework.boot.test.autoconfigure.web.client.MockRestServiceServerResetTestExecutionListener, org.springframework.boot.test.autoconfigure.web.servlet.MockMvcPrintOnlyOnFailureTestExecutionListener, org.springframework.boot.test.autoconfigure.web.servlet.WebDriverTestExecutionListener, org.springframework.boot.test.mock.mockito.MockitoTestExecutionListener, org.springframework.boot.test.mock.mockito.ResetMocksTestExecutionListener, org.springframework.test.context.web.ServletTestExecutionListener, org.springframework.test.context.support.DirtiesContextBeforeModesTestExecutionListener, org.springframework.test.context.support.DependencyInjectionTestExecutionListener, org.springframework.test.context.support.DirtiesContextTestExecutionListener, org.springframework.test.context.transaction.TransactionalTestExecutionListener, org.springframework.test.context.jdbc.SqlScriptsTestExecutionListener]
2018-12-27 11:25:57.416  INFO 2120 --- [    Test worker] .b.t.c.SpringBootTestContextBootstrapper : Using TestExecutionListeners: [org.springframework.test.context.web.ServletTestExecutionListener@56d75f99, org.springframework.test.context.support.DirtiesContextBeforeModesTestExecutionListener@43a4522f, org.springframework.boot.test.mock.mockito.MockitoTestExecutionListener@48393055, org.springframework.boot.test.autoconfigure.SpringBootDependencyInjectionTestExecutionListener@2b47dbb1, org.springframework.test.context.support.DirtiesContextTestExecutionListener@470072d7, org.springframework.test.context.transaction.TransactionalTestExecutionListener@26d47532, org.springframework.test.context.jdbc.SqlScriptsTestExecutionListener@276e5225, org.springframework.security.test.context.support.WithSecurityContextTestExecutionListener@32619f2a, org.springframework.security.test.context.support.ReactorContextTestExecutionListener@7633d57b, org.springframework.boot.test.autoconfigure.restdocs.RestDocsTestExecutionListener@73cb436a, org.springframework.boot.test.autoconfigure.web.client.MockRestServiceServerResetTestExecutionListener@2661d84c, org.springframework.boot.test.autoconfigure.web.servlet.MockMvcPrintOnlyOnFailureTestExecutionListener@18479b65, org.springframework.boot.test.autoconfigure.web.servlet.WebDriverTestExecutionListener@70370d1b, org.springframework.boot.test.mock.mockito.ResetMocksTestExecutionListener@594ed064]
2018-12-27 11:25:57.439  INFO 2120 --- [    Test worker] o.s.t.c.transaction.TransactionContext   : Began transaction (1) for test context [DefaultTestContext@19f79acf testClass = CurrencyConversionApiTest, testInstance = ags.goldenlionerp.apiTests.setups.CurrencyConversionApiTest@69774e59, testMethod = updateTestWithPut@ApiTestBase, testException = [null], mergedContextConfiguration = [WebMergedContextConfiguration@3cba32f1 testClass = CurrencyConversionApiTest, locations = '{}', classes = '{class ags.goldenlionerp.GoldenLionErpApplication}', contextInitializerClasses = '[]', activeProfiles = '{}', propertySourceLocations = '{classpath:test.properties}', propertySourceProperties = '{org.springframework.boot.test.context.SpringBootTestContextBootstrapper=true}', contextCustomizers = set[org.springframework.boot.test.autoconfigure.properties.PropertyMappingContextCustomizer@0, org.springframework.boot.test.autoconfigure.web.servlet.WebDriverContextCustomizerFactory$Customizer@636d731e, [ImportsContextCustomizer@3ef4d38f key = [ags.goldenlionerp.apiTests.ApiTestBase$TestConfig]], org.springframework.boot.test.context.filter.ExcludeFilterContextCustomizer@6afa5291, org.springframework.boot.test.json.DuplicateJsonObjectContextCustomizerFactory$DuplicateJsonObjectContextCustomizer@20cebcb4, org.springframework.boot.test.mock.mockito.MockitoContextCustomizer@0, org.springframework.boot.test.web.client.TestRestTemplateContextCustomizer@49a32273], resourceBasePath = 'src/main/webapp', contextLoader = 'org.springframework.boot.test.context.SpringBootContextLoader', parent = [null]], attributes = map['org.springframework.test.context.web.ServletTestExecutionListener.activateListener' -> true, 'org.springframework.test.context.web.ServletTestExecutionListener.populatedRequestContextHolder' -> true, 'org.springframework.test.context.web.ServletTestExecutionListener.resetRequestContextHolder' -> true]]; transaction manager [org.springframework.orm.jpa.JpaTransactionManager@75de8c12]; rollback [true]
2018-12-27 11:25:57.440  INFO 2120 --- [    Test worker] o.s.b.t.m.w.SpringBootMockServletContext : Initializing Spring FrameworkServlet ''
2018-12-27 11:25:57.441  INFO 2120 --- [    Test worker] o.s.t.web.servlet.TestDispatcherServlet  : FrameworkServlet '': initialization started
2018-12-27 11:25:57.449  INFO 2120 --- [    Test worker] o.s.t.web.servlet.TestDispatcherServlet  : FrameworkServlet '': initialization completed in 8 ms
Hibernate: select currencyco0_.vcefdt as vcefdt1_14_0_, currencyco0_.vcfrcur as vcfrcur2_14_0_, currencyco0_.vctocur as vctocur3_14_0_, currencyco0_.vccid as vccid4_14_0_, currencyco0_.vcdtin as vcdtin5_14_0_, currencyco0_.vctmin as vctmin6_14_0_, currencyco0_.vcuid as vcuid7_14_0_, currencyco0_.vcdtlu as vcdtlu8_14_0_, currencyco0_.vctmlu as vctmlu9_14_0_, currencyco0_.vcuidm as vcuidm10_14_0_, currencyco0_.vccndt as vccndt11_14_0_, currencyco0_.vcdesb1 as vcdesb12_14_0_, currencyco0_.vcdfac as vcdfac13_14_0_, currencyco0_.vcmfac as vcmfac14_14_0_ from t0030 currencyco0_ where currencyco0_.vcefdt=? and currencyco0_.vcfrcur=? and currencyco0_.vctocur=?
2018-12-27 11:25:57.477  INFO 2120 --- [    Test worker] o.s.t.c.transaction.TransactionContext   : Rolled back transaction for test: [DefaultTestContext@19f79acf testClass = CurrencyConversionApiTest, testInstance = ags.goldenlionerp.apiTests.setups.CurrencyConversionApiTest@69774e59, testMethod = updateTestWithPut@ApiTestBase, testException = [null], mergedContextConfiguration = [WebMergedContextConfiguration@3cba32f1 testClass = CurrencyConversionApiTest, locations = '{}', classes = '{class ags.goldenlionerp.GoldenLionErpApplication}', contextInitializerClasses = '[]', activeProfiles = '{}', propertySourceLocations = '{classpath:test.properties}', propertySourceProperties = '{org.springframework.boot.test.context.SpringBootTestContextBootstrapper=true}', contextCustomizers = set[org.springframework.boot.test.autoconfigure.properties.PropertyMappingContextCustomizer@0, org.springframework.boot.test.autoconfigure.web.servlet.WebDriverContextCustomizerFactory$Customizer@636d731e, [ImportsContextCustomizer@3ef4d38f key = [ags.goldenlionerp.apiTests.ApiTestBase$TestConfig]], org.springframework.boot.test.context.filter.ExcludeFilterContextCustomizer@6afa5291, org.springframework.boot.test.json.DuplicateJsonObjectContextCustomizerFactory$DuplicateJsonObjectContextCustomizer@20cebcb4, org.springframework.boot.test.mock.mockito.MockitoContextCustomizer@0, org.springframework.boot.test.web.client.TestRestTemplateContextCustomizer@49a32273], resourceBasePath = 'src/main/webapp', contextLoader = 'org.springframework.boot.test.context.SpringBootContextLoader', parent = [null]], attributes = map['org.springframework.test.context.web.ServletTestExecutionListener.activateListener' -> true, 'org.springframework.test.context.web.ServletTestExecutionListener.populatedRequestContextHolder' -> true, 'org.springframework.test.context.web.ServletTestExecutionListener.resetRequestContextHolder' -> true]]
2018-12-27 11:25:57.480  INFO 2120 --- [    Test worker] o.s.t.c.transaction.TransactionContext   : Began transaction (1) for test context [DefaultTestContext@19f79acf testClass = CurrencyConversionApiTest, testInstance = ags.goldenlionerp.apiTests.setups.CurrencyConversionApiTest@510ac531, testMethod = getTestSingle@ApiTestBase, testException = [null], mergedContextConfiguration = [WebMergedContextConfiguration@3cba32f1 testClass = CurrencyConversionApiTest, locations = '{}', classes = '{class ags.goldenlionerp.GoldenLionErpApplication}', contextInitializerClasses = '[]', activeProfiles = '{}', propertySourceLocations = '{classpath:test.properties}', propertySourceProperties = '{org.springframework.boot.test.context.SpringBootTestContextBootstrapper=true}', contextCustomizers = set[org.springframework.boot.test.autoconfigure.properties.PropertyMappingContextCustomizer@0, org.springframework.boot.test.autoconfigure.web.servlet.WebDriverContextCustomizerFactory$Customizer@636d731e, [ImportsContextCustomizer@3ef4d38f key = [ags.goldenlionerp.apiTests.ApiTestBase$TestConfig]], org.springframework.boot.test.context.filter.ExcludeFilterContextCustomizer@6afa5291, org.springframework.boot.test.json.DuplicateJsonObjectContextCustomizerFactory$DuplicateJsonObjectContextCustomizer@20cebcb4, org.springframework.boot.test.mock.mockito.MockitoContextCustomizer@0, org.springframework.boot.test.web.client.TestRestTemplateContextCustomizer@49a32273], resourceBasePath = 'src/main/webapp', contextLoader = 'org.springframework.boot.test.context.SpringBootContextLoader', parent = [null]], attributes = map['org.springframework.test.context.web.ServletTestExecutionListener.activateListener' -> true, 'org.springframework.test.context.web.ServletTestExecutionListener.populatedRequestContextHolder' -> true, 'org.springframework.test.context.web.ServletTestExecutionListener.resetRequestContextHolder' -> true]]; transaction manager [org.springframework.orm.jpa.JpaTransactionManager@75de8c12]; rollback [true]
2018-12-27 11:25:57.481  INFO 2120 --- [    Test worker] o.s.b.t.m.w.SpringBootMockServletContext : Initializing Spring FrameworkServlet ''
2018-12-27 11:25:57.481  INFO 2120 --- [    Test worker] o.s.t.web.servlet.TestDispatcherServlet  : FrameworkServlet '': initialization started
2018-12-27 11:25:57.490  INFO 2120 --- [    Test worker] o.s.t.web.servlet.TestDispatcherServlet  : FrameworkServlet '': initialization completed in 9 ms
Hibernate: select currencyco0_.vcefdt as vcefdt1_14_0_, currencyco0_.vcfrcur as vcfrcur2_14_0_, currencyco0_.vctocur as vctocur3_14_0_, currencyco0_.vccid as vccid4_14_0_, currencyco0_.vcdtin as vcdtin5_14_0_, currencyco0_.vctmin as vctmin6_14_0_, currencyco0_.vcuid as vcuid7_14_0_, currencyco0_.vcdtlu as vcdtlu8_14_0_, currencyco0_.vctmlu as vctmlu9_14_0_, currencyco0_.vcuidm as vcuidm10_14_0_, currencyco0_.vccndt as vccndt11_14_0_, currencyco0_.vcdesb1 as vcdesb12_14_0_, currencyco0_.vcdfac as vcdfac13_14_0_, currencyco0_.vcmfac as vcmfac14_14_0_ from t0030 currencyco0_ where currencyco0_.vcefdt=? and currencyco0_.vcfrcur=? and currencyco0_.vctocur=?
2018-12-27 11:25:57.508  INFO 2120 --- [    Test worker] o.s.t.c.transaction.TransactionContext   : Rolled back transaction for test: [DefaultTestContext@19f79acf testClass = CurrencyConversionApiTest, testInstance = ags.goldenlionerp.apiTests.setups.CurrencyConversionApiTest@510ac531, testMethod = getTestSingle@ApiTestBase, testException = [null], mergedContextConfiguration = [WebMergedContextConfiguration@3cba32f1 testClass = CurrencyConversionApiTest, locations = '{}', classes = '{class ags.goldenlionerp.GoldenLionErpApplication}', contextInitializerClasses = '[]', activeProfiles = '{}', propertySourceLocations = '{classpath:test.properties}', propertySourceProperties = '{org.springframework.boot.test.context.SpringBootTestContextBootstrapper=true}', contextCustomizers = set[org.springframework.boot.test.autoconfigure.properties.PropertyMappingContextCustomizer@0, org.springframework.boot.test.autoconfigure.web.servlet.WebDriverContextCustomizerFactory$Customizer@636d731e, [ImportsContextCustomizer@3ef4d38f key = [ags.goldenlionerp.apiTests.ApiTestBase$TestConfig]], org.springframework.boot.test.context.filter.ExcludeFilterContextCustomizer@6afa5291, org.springframework.boot.test.json.DuplicateJsonObjectContextCustomizerFactory$DuplicateJsonObjectContextCustomizer@20cebcb4, org.springframework.boot.test.mock.mockito.MockitoContextCustomizer@0, org.springframework.boot.test.web.client.TestRestTemplateContextCustomizer@49a32273], resourceBasePath = 'src/main/webapp', contextLoader = 'org.springframework.boot.test.context.SpringBootContextLoader', parent = [null]], attributes = map['org.springframework.test.context.web.ServletTestExecutionListener.activateListener' -> true, 'org.springframework.test.context.web.ServletTestExecutionListener.populatedRequestContextHolder' -> true, 'org.springframework.test.context.web.ServletTestExecutionListener.resetRequestContextHolder' -> true]]
2018-12-27 11:25:57.510  INFO 2120 --- [    Test worker] o.s.t.c.transaction.TransactionContext   : Began transaction (1) for test context [DefaultTestContext@19f79acf testClass = CurrencyConversionApiTest, testInstance = ags.goldenlionerp.apiTests.setups.CurrencyConversionApiTest@43112146, testMethod = updateTestWithPatch@ApiTestBase, testException = [null], mergedContextConfiguration = [WebMergedContextConfiguration@3cba32f1 testClass = CurrencyConversionApiTest, locations = '{}', classes = '{class ags.goldenlionerp.GoldenLionErpApplication}', contextInitializerClasses = '[]', activeProfiles = '{}', propertySourceLocations = '{classpath:test.properties}', propertySourceProperties = '{org.springframework.boot.test.context.SpringBootTestContextBootstrapper=true}', contextCustomizers = set[org.springframework.boot.test.autoconfigure.properties.PropertyMappingContextCustomizer@0, org.springframework.boot.test.autoconfigure.web.servlet.WebDriverContextCustomizerFactory$Customizer@636d731e, [ImportsContextCustomizer@3ef4d38f key = [ags.goldenlionerp.apiTests.ApiTestBase$TestConfig]], org.springframework.boot.test.context.filter.ExcludeFilterContextCustomizer@6afa5291, org.springframework.boot.test.json.DuplicateJsonObjectContextCustomizerFactory$DuplicateJsonObjectContextCustomizer@20cebcb4, org.springframework.boot.test.mock.mockito.MockitoContextCustomizer@0, org.springframework.boot.test.web.client.TestRestTemplateContextCustomizer@49a32273], resourceBasePath = 'src/main/webapp', contextLoader = 'org.springframework.boot.test.context.SpringBootContextLoader', parent = [null]], attributes = map['org.springframework.test.context.web.ServletTestExecutionListener.activateListener' -> true, 'org.springframework.test.context.web.ServletTestExecutionListener.populatedRequestContextHolder' -> true, 'org.springframework.test.context.web.ServletTestExecutionListener.resetRequestContextHolder' -> true]]; transaction manager [org.springframework.orm.jpa.JpaTransactionManager@75de8c12]; rollback [true]
2018-12-27 11:25:57.511  INFO 2120 --- [    Test worker] o.s.b.t.m.w.SpringBootMockServletContext : Initializing Spring FrameworkServlet ''
2018-12-27 11:25:57.511  INFO 2120 --- [    Test worker] o.s.t.web.servlet.TestDispatcherServlet  : FrameworkServlet '': initialization started
2018-12-27 11:25:57.519  INFO 2120 --- [    Test worker] o.s.t.web.servlet.TestDispatcherServlet  : FrameworkServlet '': initialization completed in 8 ms
Hibernate: select currencyco0_.vcefdt as vcefdt1_14_0_, currencyco0_.vcfrcur as vcfrcur2_14_0_, currencyco0_.vctocur as vctocur3_14_0_, currencyco0_.vccid as vccid4_14_0_, currencyco0_.vcdtin as vcdtin5_14_0_, currencyco0_.vctmin as vctmin6_14_0_, currencyco0_.vcuid as vcuid7_14_0_, currencyco0_.vcdtlu as vcdtlu8_14_0_, currencyco0_.vctmlu as vctmlu9_14_0_, currencyco0_.vcuidm as vcuidm10_14_0_, currencyco0_.vccndt as vccndt11_14_0_, currencyco0_.vcdesb1 as vcdesb12_14_0_, currencyco0_.vcdfac as vcdfac13_14_0_, currencyco0_.vcmfac as vcmfac14_14_0_ from t0030 currencyco0_ where currencyco0_.vcefdt=? and currencyco0_.vcfrcur=? and currencyco0_.vctocur=?
Hibernate: update t0030 set vccid=?, vcdtlu=?, vctmlu=?, vcuidm=?, vccndt=?, vcdesb1=?, vcdfac=?, vcmfac=? where vcefdt=? and vcfrcur=? and vctocur=?
Hibernate: select currencyco0_.vcefdt as vcefdt1_14_0_, currencyco0_.vcfrcur as vcfrcur2_14_0_, currencyco0_.vctocur as vctocur3_14_0_, currencyco0_.vccid as vccid4_14_0_, currencyco0_.vcdtin as vcdtin5_14_0_, currencyco0_.vctmin as vctmin6_14_0_, currencyco0_.vcuid as vcuid7_14_0_, currencyco0_.vcdtlu as vcdtlu8_14_0_, currencyco0_.vctmlu as vctmlu9_14_0_, currencyco0_.vcuidm as vcuidm10_14_0_, currencyco0_.vccndt as vccndt11_14_0_, currencyco0_.vcdesb1 as vcdesb12_14_0_, currencyco0_.vcdfac as vcdfac13_14_0_, currencyco0_.vcmfac as vcmfac14_14_0_ from t0030 currencyco0_ where currencyco0_.vcefdt=? and currencyco0_.vcfrcur=? and currencyco0_.vctocur=?
2018-12-27 11:25:57.576  INFO 2120 --- [    Test worker] o.s.t.c.transaction.TransactionContext   : Rolled back transaction for test: [DefaultTestContext@19f79acf testClass = CurrencyConversionApiTest, testInstance = ags.goldenlionerp.apiTests.setups.CurrencyConversionApiTest@43112146, testMethod = updateTestWithPatch@ApiTestBase, testException = [null], mergedContextConfiguration = [WebMergedContextConfiguration@3cba32f1 testClass = CurrencyConversionApiTest, locations = '{}', classes = '{class ags.goldenlionerp.GoldenLionErpApplication}', contextInitializerClasses = '[]', activeProfiles = '{}', propertySourceLocations = '{classpath:test.properties}', propertySourceProperties = '{org.springframework.boot.test.context.SpringBootTestContextBootstrapper=true}', contextCustomizers = set[org.springframework.boot.test.autoconfigure.properties.PropertyMappingContextCustomizer@0, org.springframework.boot.test.autoconfigure.web.servlet.WebDriverContextCustomizerFactory$Customizer@636d731e, [ImportsContextCustomizer@3ef4d38f key = [ags.goldenlionerp.apiTests.ApiTestBase$TestConfig]], org.springframework.boot.test.context.filter.ExcludeFilterContextCustomizer@6afa5291, org.springframework.boot.test.json.DuplicateJsonObjectContextCustomizerFactory$DuplicateJsonObjectContextCustomizer@20cebcb4, org.springframework.boot.test.mock.mockito.MockitoContextCustomizer@0, org.springframework.boot.test.web.client.TestRestTemplateContextCustomizer@49a32273], resourceBasePath = 'src/main/webapp', contextLoader = 'org.springframework.boot.test.context.SpringBootContextLoader', parent = [null]], attributes = map['org.springframework.test.context.web.ServletTestExecutionListener.activateListener' -> true, 'org.springframework.test.context.web.ServletTestExecutionListener.populatedRequestContextHolder' -> true, 'org.springframework.test.context.web.ServletTestExecutionListener.resetRequestContextHolder' -> true]]
2018-12-27 11:25:57.579  INFO 2120 --- [    Test worker] o.s.t.c.transaction.TransactionContext   : Began transaction (1) for test context [DefaultTestContext@19f79acf testClass = CurrencyConversionApiTest, testInstance = ags.goldenlionerp.apiTests.setups.CurrencyConversionApiTest@7f85708c, testMethod = getTestCollection@ApiTestBase, testException = [null], mergedContextConfiguration = [WebMergedContextConfiguration@3cba32f1 testClass = CurrencyConversionApiTest, locations = '{}', classes = '{class ags.goldenlionerp.GoldenLionErpApplication}', contextInitializerClasses = '[]', activeProfiles = '{}', propertySourceLocations = '{classpath:test.properties}', propertySourceProperties = '{org.springframework.boot.test.context.SpringBootTestContextBootstrapper=true}', contextCustomizers = set[org.springframework.boot.test.autoconfigure.properties.PropertyMappingContextCustomizer@0, org.springframework.boot.test.autoconfigure.web.servlet.WebDriverContextCustomizerFactory$Customizer@636d731e, [ImportsContextCustomizer@3ef4d38f key = [ags.goldenlionerp.apiTests.ApiTestBase$TestConfig]], org.springframework.boot.test.context.filter.ExcludeFilterContextCustomizer@6afa5291, org.springframework.boot.test.json.DuplicateJsonObjectContextCustomizerFactory$DuplicateJsonObjectContextCustomizer@20cebcb4, org.springframework.boot.test.mock.mockito.MockitoContextCustomizer@0, org.springframework.boot.test.web.client.TestRestTemplateContextCustomizer@49a32273], resourceBasePath = 'src/main/webapp', contextLoader = 'org.springframework.boot.test.context.SpringBootContextLoader', parent = [null]], attributes = map['org.springframework.test.context.web.ServletTestExecutionListener.activateListener' -> true, 'org.springframework.test.context.web.ServletTestExecutionListener.populatedRequestContextHolder' -> true, 'org.springframework.test.context.web.ServletTestExecutionListener.resetRequestContextHolder' -> true]]; transaction manager [org.springframework.orm.jpa.JpaTransactionManager@75de8c12]; rollback [true]
2018-12-27 11:25:57.580  INFO 2120 --- [    Test worker] o.s.b.t.m.w.SpringBootMockServletContext : Initializing Spring FrameworkServlet ''
2018-12-27 11:25:57.580  INFO 2120 --- [    Test worker] o.s.t.web.servlet.TestDispatcherServlet  : FrameworkServlet '': initialization started
2018-12-27 11:25:57.588  INFO 2120 --- [    Test worker] o.s.t.web.servlet.TestDispatcherServlet  : FrameworkServlet '': initialization completed in 8 ms
Hibernate: select currencyco0_.vcefdt as vcefdt1_14_, currencyco0_.vcfrcur as vcfrcur2_14_, currencyco0_.vctocur as vctocur3_14_, currencyco0_.vccid as vccid4_14_, currencyco0_.vcdtin as vcdtin5_14_, currencyco0_.vctmin as vctmin6_14_, currencyco0_.vcuid as vcuid7_14_, currencyco0_.vcdtlu as vcdtlu8_14_, currencyco0_.vctmlu as vctmlu9_14_, currencyco0_.vcuidm as vcuidm10_14_, currencyco0_.vccndt as vccndt11_14_, currencyco0_.vcdesb1 as vcdesb12_14_, currencyco0_.vcdfac as vcdfac13_14_, currencyco0_.vcmfac as vcmfac14_14_ from t0030 currencyco0_

MockHttpServletRequest:
      HTTP Method = GET
      Request URI = /api/currencyConversions/
       Parameters = {}
          Headers = {Accept=[application/json]}
             Body = <no character encoding set>
    Session Attrs = {org.springframework.security.web.csrf.HttpSessionCsrfTokenRepository.CSRF_TOKEN=org.springframework.security.web.csrf.DefaultCsrfToken@20044ed9, SPRING_SECURITY_CONTEXT=org.springframework.security.core.context.SecurityContextImpl@475fcd89: Authentication: org.springframework.security.authentication.UsernamePasswordAuthenticationToken@475fcd89: Principal: org.springframework.security.core.userdetails.User@f02988d6: Username: username; Password: [PROTECTED]; Enabled: true; AccountNonExpired: true; credentialsNonExpired: true; AccountNonLocked: true; Not granted any authorities; Credentials: [PROTECTED]; Authenticated: true; Details: null; Not granted any authorities}

Handler:
             Type = org.springframework.data.rest.webmvc.RepositoryEntityController
           Method = public org.springframework.hateoas.Resources<?> org.springframework.data.rest.webmvc.RepositoryEntityController.getCollectionResource(org.springframework.data.rest.webmvc.RootResourceInformation,org.springframework.data.rest.webmvc.support.DefaultedPageable,org.springframework.data.domain.Sort,org.springframework.data.rest.webmvc.PersistentEntityResourceAssembler) throws org.springframework.data.rest.webmvc.ResourceNotFoundException,org.springframework.web.HttpRequestMethodNotSupportedException

Async:
    Async started = false
     Async result = null

Resolved Exception:
             Type = null

ModelAndView:
        View name = null
             View = null
            Model = null

FlashMap:
       Attributes = null

MockHttpServletResponse:
           Status = 200
    Error message = null
          Headers = {Content-Type=[application/json;charset=UTF-8], X-Content-Type-Options=[nosniff], X-XSS-Protection=[1; mode=block], Cache-Control=[no-cache, no-store, max-age=0, must-revalidate], Pragma=[no-cache], Expires=[0], X-Frame-Options=[DENY]}
     Content type = application/json;charset=UTF-8
             Body = {
  "_embedded" : {
    "currencyConversions" : [ {
      "inputUserId" : "QSA",
      "lastUpdateUserId" : "QSA",
      "computerId" : "LAPTOP-FHFRCCL6",
      "effectiveDate" : "2018-07-31",
      "fromCurrency" : "IDR",
      "toCurrency" : "SGD",
      "multiplyFactor" : 1.000000000,
      "divisionFactor" : 10000.000000000,
      "description" : "Rupiah to SGD",
      "conditionDate" : null,
      "lastUpdateDateTime" : "2018-07-11T10:08:34",
      "inputDateTime" : "2018-07-11T09:57:20",
      "_links" : {
        "self" : {
          "href" : "http://localhost/api/currencyConversions/20180731_IDR_SGD"
        },
        "currencyConversion" : {
          "href" : "http://localhost/api/currencyConversions/20180731_IDR_SGD"
        }
      }
    }, {
      "inputUserId" : "QSA",
      "lastUpdateUserId" : "QSA",
      "computerId" : "LAPTOP-FHFRCCL6",
      "effectiveDate" : "2018-07-31",
      "fromCurrency" : "SGD",
      "toCurrency" : "IDR",
      "multiplyFactor" : 10000.000000000,
      "divisionFactor" : 1.000000000,
      "description" : "SGD to Rupiah",
      "conditionDate" : null,
      "lastUpdateDateTime" : "2018-07-11T10:08:39",
      "inputDateTime" : "2018-07-11T09:58:28",
      "_links" : {
        "self" : {
          "href" : "http://localhost/api/currencyConversions/20180731_SGD_IDR"
        },
        "currencyConversion" : {
          "href" : "http://localhost/api/currencyConversions/20180731_SGD_IDR"
        }
      }
    } ]
  },
  "_links" : {
    "self" : {
      "href" : "http://localhost/api/currencyConversions/"
    },
    "profile" : {
      "href" : "http://localhost/api/profile/currencyConversions"
    }
  }
}
    Forwarded URL = null
   Redirected URL = null
          Cookies = []
2018-12-27 11:25:57.604  INFO 2120 --- [    Test worker] o.s.t.c.transaction.TransactionContext   : Rolled back transaction for test: [DefaultTestContext@19f79acf testClass = CurrencyConversionApiTest, testInstance = ags.goldenlionerp.apiTests.setups.CurrencyConversionApiTest@7f85708c, testMethod = getTestCollection@ApiTestBase, testException = [null], mergedContextConfiguration = [WebMergedContextConfiguration@3cba32f1 testClass = CurrencyConversionApiTest, locations = '{}', classes = '{class ags.goldenlionerp.GoldenLionErpApplication}', contextInitializerClasses = '[]', activeProfiles = '{}', propertySourceLocations = '{classpath:test.properties}', propertySourceProperties = '{org.springframework.boot.test.context.SpringBootTestContextBootstrapper=true}', contextCustomizers = set[org.springframework.boot.test.autoconfigure.properties.PropertyMappingContextCustomizer@0, org.springframework.boot.test.autoconfigure.web.servlet.WebDriverContextCustomizerFactory$Customizer@636d731e, [ImportsContextCustomizer@3ef4d38f key = [ags.goldenlionerp.apiTests.ApiTestBase$TestConfig]], org.springframework.boot.test.context.filter.ExcludeFilterContextCustomizer@6afa5291, org.springframework.boot.test.json.DuplicateJsonObjectContextCustomizerFactory$DuplicateJsonObjectContextCustomizer@20cebcb4, org.springframework.boot.test.mock.mockito.MockitoContextCustomizer@0, org.springframework.boot.test.web.client.TestRestTemplateContextCustomizer@49a32273], resourceBasePath = 'src/main/webapp', contextLoader = 'org.springframework.boot.test.context.SpringBootContextLoader', parent = [null]], attributes = map['org.springframework.test.context.web.ServletTestExecutionListener.activateListener' -> true, 'org.springframework.test.context.web.ServletTestExecutionListener.populatedRequestContextHolder' -> true, 'org.springframework.test.context.web.ServletTestExecutionListener.resetRequestContextHolder' -> true]]
2018-12-27 11:25:57.606  INFO 2120 --- [    Test worker] o.s.t.c.transaction.TransactionContext   : Began transaction (1) for test context [DefaultTestContext@19f79acf testClass = CurrencyConversionApiTest, testInstance = ags.goldenlionerp.apiTests.setups.CurrencyConversionApiTest@7201156, testMethod = createTestWithPut@ApiTestBase, testException = [null], mergedContextConfiguration = [WebMergedContextConfiguration@3cba32f1 testClass = CurrencyConversionApiTest, locations = '{}', classes = '{class ags.goldenlionerp.GoldenLionErpApplication}', contextInitializerClasses = '[]', activeProfiles = '{}', propertySourceLocations = '{classpath:test.properties}', propertySourceProperties = '{org.springframework.boot.test.context.SpringBootTestContextBootstrapper=true}', contextCustomizers = set[org.springframework.boot.test.autoconfigure.properties.PropertyMappingContextCustomizer@0, org.springframework.boot.test.autoconfigure.web.servlet.WebDriverContextCustomizerFactory$Customizer@636d731e, [ImportsContextCustomizer@3ef4d38f key = [ags.goldenlionerp.apiTests.ApiTestBase$TestConfig]], org.springframework.boot.test.context.filter.ExcludeFilterContextCustomizer@6afa5291, org.springframework.boot.test.json.DuplicateJsonObjectContextCustomizerFactory$DuplicateJsonObjectContextCustomizer@20cebcb4, org.springframework.boot.test.mock.mockito.MockitoContextCustomizer@0, org.springframework.boot.test.web.client.TestRestTemplateContextCustomizer@49a32273], resourceBasePath = 'src/main/webapp', contextLoader = 'org.springframework.boot.test.context.SpringBootContextLoader', parent = [null]], attributes = map['org.springframework.test.context.web.ServletTestExecutionListener.activateListener' -> true, 'org.springframework.test.context.web.ServletTestExecutionListener.populatedRequestContextHolder' -> true, 'org.springframework.test.context.web.ServletTestExecutionListener.resetRequestContextHolder' -> true]]; transaction manager [org.springframework.orm.jpa.JpaTransactionManager@75de8c12]; rollback [true]
2018-12-27 11:25:57.607  INFO 2120 --- [    Test worker] o.s.b.t.m.w.SpringBootMockServletContext : Initializing Spring FrameworkServlet ''
2018-12-27 11:25:57.607  INFO 2120 --- [    Test worker] o.s.t.web.servlet.TestDispatcherServlet  : FrameworkServlet '': initialization started
2018-12-27 11:25:57.613  INFO 2120 --- [    Test worker] o.s.t.web.servlet.TestDispatcherServlet  : FrameworkServlet '': initialization completed in 6 ms
Hibernate: select currencyco0_.vcefdt as vcefdt1_14_0_, currencyco0_.vcfrcur as vcfrcur2_14_0_, currencyco0_.vctocur as vctocur3_14_0_, currencyco0_.vccid as vccid4_14_0_, currencyco0_.vcdtin as vcdtin5_14_0_, currencyco0_.vctmin as vctmin6_14_0_, currencyco0_.vcuid as vcuid7_14_0_, currencyco0_.vcdtlu as vcdtlu8_14_0_, currencyco0_.vctmlu as vctmlu9_14_0_, currencyco0_.vcuidm as vcuidm10_14_0_, currencyco0_.vccndt as vccndt11_14_0_, currencyco0_.vcdesb1 as vcdesb12_14_0_, currencyco0_.vcdfac as vcdfac13_14_0_, currencyco0_.vcmfac as vcmfac14_14_0_ from t0030 currencyco0_ where currencyco0_.vcefdt=? and currencyco0_.vcfrcur=? and currencyco0_.vctocur=?
2018-12-27 11:25:57.626  INFO 2120 --- [    Test worker] o.s.t.c.transaction.TransactionContext   : Rolled back transaction for test: [DefaultTestContext@19f79acf testClass = CurrencyConversionApiTest, testInstance = ags.goldenlionerp.apiTests.setups.CurrencyConversionApiTest@7201156, testMethod = createTestWithPut@ApiTestBase, testException = [null], mergedContextConfiguration = [WebMergedContextConfiguration@3cba32f1 testClass = CurrencyConversionApiTest, locations = '{}', classes = '{class ags.goldenlionerp.GoldenLionErpApplication}', contextInitializerClasses = '[]', activeProfiles = '{}', propertySourceLocations = '{classpath:test.properties}', propertySourceProperties = '{org.springframework.boot.test.context.SpringBootTestContextBootstrapper=true}', contextCustomizers = set[org.springframework.boot.test.autoconfigure.properties.PropertyMappingContextCustomizer@0, org.springframework.boot.test.autoconfigure.web.servlet.WebDriverContextCustomizerFactory$Customizer@636d731e, [ImportsContextCustomizer@3ef4d38f key = [ags.goldenlionerp.apiTests.ApiTestBase$TestConfig]], org.springframework.boot.test.context.filter.ExcludeFilterContextCustomizer@6afa5291, org.springframework.boot.test.json.DuplicateJsonObjectContextCustomizerFactory$DuplicateJsonObjectContextCustomizer@20cebcb4, org.springframework.boot.test.mock.mockito.MockitoContextCustomizer@0, org.springframework.boot.test.web.client.TestRestTemplateContextCustomizer@49a32273], resourceBasePath = 'src/main/webapp', contextLoader = 'org.springframework.boot.test.context.SpringBootContextLoader', parent = [null]], attributes = map['org.springframework.test.context.web.ServletTestExecutionListener.activateListener' -> true, 'org.springframework.test.context.web.ServletTestExecutionListener.populatedRequestContextHolder' -> true, 'org.springframework.test.context.web.ServletTestExecutionListener.resetRequestContextHolder' -> true]]
2018-12-27 11:25:57.629  INFO 2120 --- [    Test worker] o.s.t.c.transaction.TransactionContext   : Began transaction (1) for test context [DefaultTestContext@19f79acf testClass = CurrencyConversionApiTest, testInstance = ags.goldenlionerp.apiTests.setups.CurrencyConversionApiTest@ad27b5f, testMethod = deleteTest@ApiTestBase, testException = [null], mergedContextConfiguration = [WebMergedContextConfiguration@3cba32f1 testClass = CurrencyConversionApiTest, locations = '{}', classes = '{class ags.goldenlionerp.GoldenLionErpApplication}', contextInitializerClasses = '[]', activeProfiles = '{}', propertySourceLocations = '{classpath:test.properties}', propertySourceProperties = '{org.springframework.boot.test.context.SpringBootTestContextBootstrapper=true}', contextCustomizers = set[org.springframework.boot.test.autoconfigure.properties.PropertyMappingContextCustomizer@0, org.springframework.boot.test.autoconfigure.web.servlet.WebDriverContextCustomizerFactory$Customizer@636d731e, [ImportsContextCustomizer@3ef4d38f key = [ags.goldenlionerp.apiTests.ApiTestBase$TestConfig]], org.springframework.boot.test.context.filter.ExcludeFilterContextCustomizer@6afa5291, org.springframework.boot.test.json.DuplicateJsonObjectContextCustomizerFactory$DuplicateJsonObjectContextCustomizer@20cebcb4, org.springframework.boot.test.mock.mockito.MockitoContextCustomizer@0, org.springframework.boot.test.web.client.TestRestTemplateContextCustomizer@49a32273], resourceBasePath = 'src/main/webapp', contextLoader = 'org.springframework.boot.test.context.SpringBootContextLoader', parent = [null]], attributes = map['org.springframework.test.context.web.ServletTestExecutionListener.activateListener' -> true, 'org.springframework.test.context.web.ServletTestExecutionListener.populatedRequestContextHolder' -> true, 'org.springframework.test.context.web.ServletTestExecutionListener.resetRequestContextHolder' -> true]]; transaction manager [org.springframework.orm.jpa.JpaTransactionManager@75de8c12]; rollback [true]
2018-12-27 11:25:57.630  INFO 2120 --- [    Test worker] o.s.b.t.m.w.SpringBootMockServletContext : Initializing Spring FrameworkServlet ''
2018-12-27 11:25:57.630  INFO 2120 --- [    Test worker] o.s.t.web.servlet.TestDispatcherServlet  : FrameworkServlet '': initialization started
2018-12-27 11:25:57.640  INFO 2120 --- [    Test worker] o.s.t.web.servlet.TestDispatcherServlet  : FrameworkServlet '': initialization completed in 10 ms
Hibernate: select currencyco0_.vcefdt as vcefdt1_14_0_, currencyco0_.vcfrcur as vcfrcur2_14_0_, currencyco0_.vctocur as vctocur3_14_0_, currencyco0_.vccid as vccid4_14_0_, currencyco0_.vcdtin as vcdtin5_14_0_, currencyco0_.vctmin as vctmin6_14_0_, currencyco0_.vcuid as vcuid7_14_0_, currencyco0_.vcdtlu as vcdtlu8_14_0_, currencyco0_.vctmlu as vctmlu9_14_0_, currencyco0_.vcuidm as vcuidm10_14_0_, currencyco0_.vccndt as vccndt11_14_0_, currencyco0_.vcdesb1 as vcdesb12_14_0_, currencyco0_.vcdfac as vcdfac13_14_0_, currencyco0_.vcmfac as vcmfac14_14_0_ from t0030 currencyco0_ where currencyco0_.vcefdt=? and currencyco0_.vcfrcur=? and currencyco0_.vctocur=?
2018-12-27 11:25:57.660  INFO 2120 --- [    Test worker] o.s.t.c.transaction.TransactionContext   : Rolled back transaction for test: [DefaultTestContext@19f79acf testClass = CurrencyConversionApiTest, testInstance = ags.goldenlionerp.apiTests.setups.CurrencyConversionApiTest@ad27b5f, testMethod = deleteTest@ApiTestBase, testException = [null], mergedContextConfiguration = [WebMergedContextConfiguration@3cba32f1 testClass = CurrencyConversionApiTest, locations = '{}', classes = '{class ags.goldenlionerp.GoldenLionErpApplication}', contextInitializerClasses = '[]', activeProfiles = '{}', propertySourceLocations = '{classpath:test.properties}', propertySourceProperties = '{org.springframework.boot.test.context.SpringBootTestContextBootstrapper=true}', contextCustomizers = set[org.springframework.boot.test.autoconfigure.properties.PropertyMappingContextCustomizer@0, org.springframework.boot.test.autoconfigure.web.servlet.WebDriverContextCustomizerFactory$Customizer@636d731e, [ImportsContextCustomizer@3ef4d38f key = [ags.goldenlionerp.apiTests.ApiTestBase$TestConfig]], org.springframework.boot.test.context.filter.ExcludeFilterContextCustomizer@6afa5291, org.springframework.boot.test.json.DuplicateJsonObjectContextCustomizerFactory$DuplicateJsonObjectContextCustomizer@20cebcb4, org.springframework.boot.test.mock.mockito.MockitoContextCustomizer@0, org.springframework.boot.test.web.client.TestRestTemplateContextCustomizer@49a32273], resourceBasePath = 'src/main/webapp', contextLoader = 'org.springframework.boot.test.context.SpringBootContextLoader', parent = [null]], attributes = map['org.springframework.test.context.web.ServletTestExecutionListener.activateListener' -> true, 'org.springframework.test.context.web.ServletTestExecutionListener.populatedRequestContextHolder' -> true, 'org.springframework.test.context.web.ServletTestExecutionListener.resetRequestContextHolder' -> true]]
2018-12-27 11:25:57.662  INFO 2120 --- [    Test worker] o.s.t.c.transaction.TransactionContext   : Began transaction (1) for test context [DefaultTestContext@19f79acf testClass = CurrencyConversionApiTest, testInstance = ags.goldenlionerp.apiTests.setups.CurrencyConversionApiTest@370a163d, testMethod = createTestWithPost@ApiTestBase, testException = [null], mergedContextConfiguration = [WebMergedContextConfiguration@3cba32f1 testClass = CurrencyConversionApiTest, locations = '{}', classes = '{class ags.goldenlionerp.GoldenLionErpApplication}', contextInitializerClasses = '[]', activeProfiles = '{}', propertySourceLocations = '{classpath:test.properties}', propertySourceProperties = '{org.springframework.boot.test.context.SpringBootTestContextBootstrapper=true}', contextCustomizers = set[org.springframework.boot.test.autoconfigure.properties.PropertyMappingContextCustomizer@0, org.springframework.boot.test.autoconfigure.web.servlet.WebDriverContextCustomizerFactory$Customizer@636d731e, [ImportsContextCustomizer@3ef4d38f key = [ags.goldenlionerp.apiTests.ApiTestBase$TestConfig]], org.springframework.boot.test.context.filter.ExcludeFilterContextCustomizer@6afa5291, org.springframework.boot.test.json.DuplicateJsonObjectContextCustomizerFactory$DuplicateJsonObjectContextCustomizer@20cebcb4, org.springframework.boot.test.mock.mockito.MockitoContextCustomizer@0, org.springframework.boot.test.web.client.TestRestTemplateContextCustomizer@49a32273], resourceBasePath = 'src/main/webapp', contextLoader = 'org.springframework.boot.test.context.SpringBootContextLoader', parent = [null]], attributes = map['org.springframework.test.context.web.ServletTestExecutionListener.activateListener' -> true, 'org.springframework.test.context.web.ServletTestExecutionListener.populatedRequestContextHolder' -> true, 'org.springframework.test.context.web.ServletTestExecutionListener.resetRequestContextHolder' -> true]]; transaction manager [org.springframework.orm.jpa.JpaTransactionManager@75de8c12]; rollback [true]
2018-12-27 11:25:57.663  INFO 2120 --- [    Test worker] o.s.b.t.m.w.SpringBootMockServletContext : Initializing Spring FrameworkServlet ''
2018-12-27 11:25:57.663  INFO 2120 --- [    Test worker] o.s.t.web.servlet.TestDispatcherServlet  : FrameworkServlet '': initialization started
2018-12-27 11:25:57.673  INFO 2120 --- [    Test worker] o.s.t.web.servlet.TestDispatcherServlet  : FrameworkServlet '': initialization completed in 9 ms
Hibernate: select currencyco0_.vcefdt as vcefdt1_14_0_, currencyco0_.vcfrcur as vcfrcur2_14_0_, currencyco0_.vctocur as vctocur3_14_0_, currencyco0_.vccid as vccid4_14_0_, currencyco0_.vcdtin as vcdtin5_14_0_, currencyco0_.vctmin as vctmin6_14_0_, currencyco0_.vcuid as vcuid7_14_0_, currencyco0_.vcdtlu as vcdtlu8_14_0_, currencyco0_.vctmlu as vctmlu9_14_0_, currencyco0_.vcuidm as vcuidm10_14_0_, currencyco0_.vccndt as vccndt11_14_0_, currencyco0_.vcdesb1 as vcdesb12_14_0_, currencyco0_.vcdfac as vcdfac13_14_0_, currencyco0_.vcmfac as vcmfac14_14_0_ from t0030 currencyco0_ where currencyco0_.vcefdt=? and currencyco0_.vcfrcur=? and currencyco0_.vctocur=?
Hibernate: select currencyco0_.vcefdt as vcefdt1_14_0_, currencyco0_.vcfrcur as vcfrcur2_14_0_, currencyco0_.vctocur as vctocur3_14_0_, currencyco0_.vccid as vccid4_14_0_, currencyco0_.vcdtin as vcdtin5_14_0_, currencyco0_.vctmin as vctmin6_14_0_, currencyco0_.vcuid as vcuid7_14_0_, currencyco0_.vcdtlu as vcdtlu8_14_0_, currencyco0_.vctmlu as vctmlu9_14_0_, currencyco0_.vcuidm as vcuidm10_14_0_, currencyco0_.vccndt as vccndt11_14_0_, currencyco0_.vcdesb1 as vcdesb12_14_0_, currencyco0_.vcdfac as vcdfac13_14_0_, currencyco0_.vcmfac as vcmfac14_14_0_ from t0030 currencyco0_ where currencyco0_.vcefdt=? and currencyco0_.vcfrcur=? and currencyco0_.vctocur=?
Hibernate: insert into t0030 (vccid, vcdtin, vctmin, vcuid, vcdtlu, vctmlu, vcuidm, vccndt, vcdesb1, vcdfac, vcmfac, vcefdt, vcfrcur, vctocur) values (?, ?, ?, ?, ?, ?, ?, ?, ?, ?, ?, ?, ?, ?)
Hibernate: select currencyco0_.vcefdt as vcefdt1_14_0_, currencyco0_.vcfrcur as vcfrcur2_14_0_, currencyco0_.vctocur as vctocur3_14_0_, currencyco0_.vccid as vccid4_14_0_, currencyco0_.vcdtin as vcdtin5_14_0_, currencyco0_.vctmin as vctmin6_14_0_, currencyco0_.vcuid as vcuid7_14_0_, currencyco0_.vcdtlu as vcdtlu8_14_0_, currencyco0_.vctmlu as vctmlu9_14_0_, currencyco0_.vcuidm as vcuidm10_14_0_, currencyco0_.vccndt as vccndt11_14_0_, currencyco0_.vcdesb1 as vcdesb12_14_0_, currencyco0_.vcdfac as vcdfac13_14_0_, currencyco0_.vcmfac as vcmfac14_14_0_ from t0030 currencyco0_ where currencyco0_.vcefdt=? and currencyco0_.vcfrcur=? and currencyco0_.vctocur=?

MockHttpServletRequest:
      HTTP Method = GET
      Request URI = /api/currencyConversions/20180731_USD_CNY
       Parameters = {}
          Headers = {Accept=[application/json]}
             Body = <no character encoding set>
    Session Attrs = {org.springframework.security.web.csrf.HttpSessionCsrfTokenRepository.CSRF_TOKEN=org.springframework.security.web.csrf.DefaultCsrfToken@5183fd10, SPRING_SECURITY_CONTEXT=org.springframework.security.core.context.SecurityContextImpl@475fcd89: Authentication: org.springframework.security.authentication.UsernamePasswordAuthenticationToken@475fcd89: Principal: org.springframework.security.core.userdetails.User@f02988d6: Username: username; Password: [PROTECTED]; Enabled: true; AccountNonExpired: true; credentialsNonExpired: true; AccountNonLocked: true; Not granted any authorities; Credentials: [PROTECTED]; Authenticated: true; Details: null; Not granted any authorities}

Handler:
             Type = org.springframework.data.rest.webmvc.RepositoryEntityController
           Method = public org.springframework.http.ResponseEntity<org.springframework.hateoas.Resource<?>> org.springframework.data.rest.webmvc.RepositoryEntityController.getItemResource(org.springframework.data.rest.webmvc.RootResourceInformation,java.io.Serializable,org.springframework.data.rest.webmvc.PersistentEntityResourceAssembler,org.springframework.http.HttpHeaders) throws org.springframework.web.HttpRequestMethodNotSupportedException

Async:
    Async started = false
     Async result = null

Resolved Exception:
             Type = null

ModelAndView:
        View name = null
             View = null
            Model = null

FlashMap:
       Attributes = null

MockHttpServletResponse:
           Status = 200
    Error message = null
          Headers = {Content-Type=[application/json;charset=UTF-8], X-Content-Type-Options=[nosniff], X-XSS-Protection=[1; mode=block], Cache-Control=[no-cache, no-store, max-age=0, must-revalidate], Pragma=[no-cache], Expires=[0], X-Frame-Options=[DENY]}
     Content type = application/json;charset=UTF-8
             Body = {
  "inputUserId" : "username",
  "lastUpdateUserId" : "username",
  "computerId" : "username",
  "effectiveDate" : "2018-07-31",
  "fromCurrency" : "USD",
  "toCurrency" : "CNY",
  "multiplyFactor" : 12.123000000,
  "divisionFactor" : 32.321000000,
  "description" : "",
  "conditionDate" : null,
  "lastUpdateDateTime" : "2018-12-27T11:25:57",
  "inputDateTime" : "2018-12-27T11:25:57",
  "_links" : {
    "self" : {
      "href" : "http://localhost/api/currencyConversions/20180731_USD_CNY"
    },
    "currencyConversion" : {
      "href" : "http://localhost/api/currencyConversions/20180731_USD_CNY"
    }
  }
}
    Forwarded URL = null
   Redirected URL = null
          Cookies = []
2018-12-27 11:25:57.713  INFO 2120 --- [    Test worker] o.s.t.c.transaction.TransactionContext   : Rolled back transaction for test: [DefaultTestContext@19f79acf testClass = CurrencyConversionApiTest, testInstance = ags.goldenlionerp.apiTests.setups.CurrencyConversionApiTest@370a163d, testMethod = createTestWithPost@ApiTestBase, testException = [null], mergedContextConfiguration = [WebMergedContextConfiguration@3cba32f1 testClass = CurrencyConversionApiTest, locations = '{}', classes = '{class ags.goldenlionerp.GoldenLionErpApplication}', contextInitializerClasses = '[]', activeProfiles = '{}', propertySourceLocations = '{classpath:test.properties}', propertySourceProperties = '{org.springframework.boot.test.context.SpringBootTestContextBootstrapper=true}', contextCustomizers = set[org.springframework.boot.test.autoconfigure.properties.PropertyMappingContextCustomizer@0, org.springframework.boot.test.autoconfigure.web.servlet.WebDriverContextCustomizerFactory$Customizer@636d731e, [ImportsContextCustomizer@3ef4d38f key = [ags.goldenlionerp.apiTests.ApiTestBase$TestConfig]], org.springframework.boot.test.context.filter.ExcludeFilterContextCustomizer@6afa5291, org.springframework.boot.test.json.DuplicateJsonObjectContextCustomizerFactory$DuplicateJsonObjectContextCustomizer@20cebcb4, org.springframework.boot.test.mock.mockito.MockitoContextCustomizer@0, org.springframework.boot.test.web.client.TestRestTemplateContextCustomizer@49a32273], resourceBasePath = 'src/main/webapp', contextLoader = 'org.springframework.boot.test.context.SpringBootContextLoader', parent = [null]], attributes = map['org.springframework.test.context.web.ServletTestExecutionListener.activateListener' -> true, 'org.springframework.test.context.web.ServletTestExecutionListener.populatedRequestContextHolder' -> true, 'org.springframework.test.context.web.ServletTestExecutionListener.resetRequestContextHolder' -> true]]
]]></system-out>
  <system-err><![CDATA[]]></system-err>
</testsuite>
