<?xml version="1.0" encoding="UTF-8"?>
<testsuite name="ags.goldenlionerp.apiTests.system.UserGroupApiTest" tests="7" skipped="0" failures="0" errors="0" timestamp="2018-12-27T04:26:02" hostname="LAPTOP-FHFRCCL6" time="0.323">
  <properties/>
  <testcase name="updateTestWithPut" classname="ags.goldenlionerp.apiTests.system.UserGroupApiTest" time="0.031"/>
  <testcase name="getTestSingle" classname="ags.goldenlionerp.apiTests.system.UserGroupApiTest" time="0.033"/>
  <testcase name="updateTestWithPatch" classname="ags.goldenlionerp.apiTests.system.UserGroupApiTest" time="0.083"/>
  <testcase name="getTestCollection" classname="ags.goldenlionerp.apiTests.system.UserGroupApiTest" time="0.04"/>
  <testcase name="createTestWithPut" classname="ags.goldenlionerp.apiTests.system.UserGroupApiTest" time="0.029"/>
  <testcase name="deleteTest" classname="ags.goldenlionerp.apiTests.system.UserGroupApiTest" time="0.04"/>
  <testcase name="createTestWithPost" classname="ags.goldenlionerp.apiTests.system.UserGroupApiTest" time="0.061"/>
  <system-out><![CDATA[2018-12-27 11:26:02.216  INFO 2120 --- [    Test worker] .b.t.c.SpringBootTestContextBootstrapper : Neither @ContextConfiguration nor @ContextHierarchy found for test class [ags.goldenlionerp.apiTests.system.UserGroupApiTest], using SpringBootContextLoader
2018-12-27 11:26:02.217  INFO 2120 --- [    Test worker] o.s.t.c.support.AbstractContextLoader    : Could not detect default resource locations for test class [ags.goldenlionerp.apiTests.system.UserGroupApiTest]: no resource found for suffixes {-context.xml, Context.groovy}.
2018-12-27 11:26:02.217  INFO 2120 --- [    Test worker] t.c.s.AnnotationConfigContextLoaderUtils : Could not detect default configuration classes for test class [ags.goldenlionerp.apiTests.system.UserGroupApiTest]: UserGroupApiTest does not declare any static, non-private, non-final, nested classes annotated with @Configuration.
2018-12-27 11:26:02.221  INFO 2120 --- [    Test worker] .b.t.c.SpringBootTestContextBootstrapper : Found @SpringBootConfiguration ags.goldenlionerp.GoldenLionErpApplication for test class ags.goldenlionerp.apiTests.system.UserGroupApiTest
2018-12-27 11:26:02.223  INFO 2120 --- [    Test worker] .b.t.c.SpringBootTestContextBootstrapper : Loaded default TestExecutionListener class names from location [META-INF/spring.factories]: [org.springframework.security.test.context.support.WithSecurityContextTestExecutionListener, org.springframework.security.test.context.support.ReactorContextTestExecutionListener, org.springframework.boot.test.autoconfigure.restdocs.RestDocsTestExecutionListener, org.springframework.boot.test.autoconfigure.web.client.MockRestServiceServerResetTestExecutionListener, org.springframework.boot.test.autoconfigure.web.servlet.MockMvcPrintOnlyOnFailureTestExecutionListener, org.springframework.boot.test.autoconfigure.web.servlet.WebDriverTestExecutionListener, org.springframework.boot.test.mock.mockito.MockitoTestExecutionListener, org.springframework.boot.test.mock.mockito.ResetMocksTestExecutionListener, org.springframework.test.context.web.ServletTestExecutionListener, org.springframework.test.context.support.DirtiesContextBeforeModesTestExecutionListener, org.springframework.test.context.support.DependencyInjectionTestExecutionListener, org.springframework.test.context.support.DirtiesContextTestExecutionListener, org.springframework.test.context.transaction.TransactionalTestExecutionListener, org.springframework.test.context.jdbc.SqlScriptsTestExecutionListener]
2018-12-27 11:26:02.225  INFO 2120 --- [    Test worker] .b.t.c.SpringBootTestContextBootstrapper : Using TestExecutionListeners: [org.springframework.test.context.web.ServletTestExecutionListener@778009, org.springframework.test.context.support.DirtiesContextBeforeModesTestExecutionListener@2ca8ce91, org.springframework.boot.test.mock.mockito.MockitoTestExecutionListener@31e8462e, org.springframework.boot.test.autoconfigure.SpringBootDependencyInjectionTestExecutionListener@24de341b, org.springframework.test.context.support.DirtiesContextTestExecutionListener@18958f41, org.springframework.test.context.transaction.TransactionalTestExecutionListener@72231684, org.springframework.test.context.jdbc.SqlScriptsTestExecutionListener@189f7d8, org.springframework.security.test.context.support.WithSecurityContextTestExecutionListener@5422651e, org.springframework.security.test.context.support.ReactorContextTestExecutionListener@6079175c, org.springframework.boot.test.autoconfigure.restdocs.RestDocsTestExecutionListener@a84bae1, org.springframework.boot.test.autoconfigure.web.client.MockRestServiceServerResetTestExecutionListener@44fdbb5e, org.springframework.boot.test.autoconfigure.web.servlet.MockMvcPrintOnlyOnFailureTestExecutionListener@3302c4a, org.springframework.boot.test.autoconfigure.web.servlet.WebDriverTestExecutionListener@2b5b0887, org.springframework.boot.test.mock.mockito.ResetMocksTestExecutionListener@427ecbf]
2018-12-27 11:26:02.256  INFO 2120 --- [    Test worker] o.s.t.c.transaction.TransactionContext   : Began transaction (1) for test context [DefaultTestContext@62588ff testClass = UserGroupApiTest, testInstance = ags.goldenlionerp.apiTests.system.UserGroupApiTest@64636f45, testMethod = updateTestWithPut@ApiTestBase, testException = [null], mergedContextConfiguration = [WebMergedContextConfiguration@1489c085 testClass = UserGroupApiTest, locations = '{}', classes = '{class ags.goldenlionerp.GoldenLionErpApplication}', contextInitializerClasses = '[]', activeProfiles = '{}', propertySourceLocations = '{classpath:test.properties}', propertySourceProperties = '{org.springframework.boot.test.context.SpringBootTestContextBootstrapper=true}', contextCustomizers = set[org.springframework.boot.test.autoconfigure.properties.PropertyMappingContextCustomizer@0, org.springframework.boot.test.autoconfigure.web.servlet.WebDriverContextCustomizerFactory$Customizer@636d731e, [ImportsContextCustomizer@1502f464 key = [ags.goldenlionerp.apiTests.ApiTestBase$TestConfig]], org.springframework.boot.test.context.filter.ExcludeFilterContextCustomizer@6afa5291, org.springframework.boot.test.json.DuplicateJsonObjectContextCustomizerFactory$DuplicateJsonObjectContextCustomizer@20cebcb4, org.springframework.boot.test.mock.mockito.MockitoContextCustomizer@0, org.springframework.boot.test.web.client.TestRestTemplateContextCustomizer@49a32273], resourceBasePath = 'src/main/webapp', contextLoader = 'org.springframework.boot.test.context.SpringBootContextLoader', parent = [null]], attributes = map['org.springframework.test.context.web.ServletTestExecutionListener.activateListener' -> true, 'org.springframework.test.context.web.ServletTestExecutionListener.populatedRequestContextHolder' -> true, 'org.springframework.test.context.web.ServletTestExecutionListener.resetRequestContextHolder' -> true]]; transaction manager [org.springframework.orm.jpa.JpaTransactionManager@75de8c12]; rollback [true]
2018-12-27 11:26:02.257  INFO 2120 --- [    Test worker] o.s.b.t.m.w.SpringBootMockServletContext : Initializing Spring FrameworkServlet ''
2018-12-27 11:26:02.257  INFO 2120 --- [    Test worker] o.s.t.web.servlet.TestDispatcherServlet  : FrameworkServlet '': initialization started
2018-12-27 11:26:02.268  INFO 2120 --- [    Test worker] o.s.t.web.servlet.TestDispatcherServlet  : FrameworkServlet '': initialization completed in 11 ms
Hibernate: select usergroup0_.scusi as scusi2_42_0_, usergroup0_.sccid as sccid3_42_0_, usergroup0_.scdtin as scdtin4_42_0_, usergroup0_.sctmin as sctmin5_42_0_, usergroup0_.scuid as scuid6_42_0_, usergroup0_.scdtlu as scdtlu7_42_0_, usergroup0_.sctmlu as sctmlu8_42_0_, usergroup0_.scuidm as scuidm9_42_0_, usergroup0_.scanum as scanum10_42_0_, usergroup0_.scaprcd as scaprcd11_42_0_, usergroup0_.scbuid as scbuid12_42_0_, usergroup0_.scmtoe as scmtoe13_42_0_, usergroup0_.scmtoe2 as scmtoe14_42_0_, usergroup0_.scmtoe1 as scmtoe15_42_0_, usergroup0_.sctagid as sctagid16_42_0_, usergroup0_.scusc as scusc17_42_0_, usergroup0_.scusg as scusg18_42_0_, usergroup0_.scusl as scusl19_42_0_, usergroup0_.scust as scust1_42_0_ from t9801 usergroup0_ where usergroup0_.scusi=? and usergroup0_.scust='G'
2018-12-27 11:26:02.286  INFO 2120 --- [    Test worker] o.s.t.c.transaction.TransactionContext   : Rolled back transaction for test: [DefaultTestContext@62588ff testClass = UserGroupApiTest, testInstance = ags.goldenlionerp.apiTests.system.UserGroupApiTest@64636f45, testMethod = updateTestWithPut@ApiTestBase, testException = [null], mergedContextConfiguration = [WebMergedContextConfiguration@1489c085 testClass = UserGroupApiTest, locations = '{}', classes = '{class ags.goldenlionerp.GoldenLionErpApplication}', contextInitializerClasses = '[]', activeProfiles = '{}', propertySourceLocations = '{classpath:test.properties}', propertySourceProperties = '{org.springframework.boot.test.context.SpringBootTestContextBootstrapper=true}', contextCustomizers = set[org.springframework.boot.test.autoconfigure.properties.PropertyMappingContextCustomizer@0, org.springframework.boot.test.autoconfigure.web.servlet.WebDriverContextCustomizerFactory$Customizer@636d731e, [ImportsContextCustomizer@1502f464 key = [ags.goldenlionerp.apiTests.ApiTestBase$TestConfig]], org.springframework.boot.test.context.filter.ExcludeFilterContextCustomizer@6afa5291, org.springframework.boot.test.json.DuplicateJsonObjectContextCustomizerFactory$DuplicateJsonObjectContextCustomizer@20cebcb4, org.springframework.boot.test.mock.mockito.MockitoContextCustomizer@0, org.springframework.boot.test.web.client.TestRestTemplateContextCustomizer@49a32273], resourceBasePath = 'src/main/webapp', contextLoader = 'org.springframework.boot.test.context.SpringBootContextLoader', parent = [null]], attributes = map['org.springframework.test.context.web.ServletTestExecutionListener.activateListener' -> true, 'org.springframework.test.context.web.ServletTestExecutionListener.populatedRequestContextHolder' -> true, 'org.springframework.test.context.web.ServletTestExecutionListener.resetRequestContextHolder' -> true]]
2018-12-27 11:26:02.288  INFO 2120 --- [    Test worker] o.s.t.c.transaction.TransactionContext   : Began transaction (1) for test context [DefaultTestContext@62588ff testClass = UserGroupApiTest, testInstance = ags.goldenlionerp.apiTests.system.UserGroupApiTest@553c935d, testMethod = getTestSingle@ApiTestBase, testException = [null], mergedContextConfiguration = [WebMergedContextConfiguration@1489c085 testClass = UserGroupApiTest, locations = '{}', classes = '{class ags.goldenlionerp.GoldenLionErpApplication}', contextInitializerClasses = '[]', activeProfiles = '{}', propertySourceLocations = '{classpath:test.properties}', propertySourceProperties = '{org.springframework.boot.test.context.SpringBootTestContextBootstrapper=true}', contextCustomizers = set[org.springframework.boot.test.autoconfigure.properties.PropertyMappingContextCustomizer@0, org.springframework.boot.test.autoconfigure.web.servlet.WebDriverContextCustomizerFactory$Customizer@636d731e, [ImportsContextCustomizer@1502f464 key = [ags.goldenlionerp.apiTests.ApiTestBase$TestConfig]], org.springframework.boot.test.context.filter.ExcludeFilterContextCustomizer@6afa5291, org.springframework.boot.test.json.DuplicateJsonObjectContextCustomizerFactory$DuplicateJsonObjectContextCustomizer@20cebcb4, org.springframework.boot.test.mock.mockito.MockitoContextCustomizer@0, org.springframework.boot.test.web.client.TestRestTemplateContextCustomizer@49a32273], resourceBasePath = 'src/main/webapp', contextLoader = 'org.springframework.boot.test.context.SpringBootContextLoader', parent = [null]], attributes = map['org.springframework.test.context.web.ServletTestExecutionListener.activateListener' -> true, 'org.springframework.test.context.web.ServletTestExecutionListener.populatedRequestContextHolder' -> true, 'org.springframework.test.context.web.ServletTestExecutionListener.resetRequestContextHolder' -> true]]; transaction manager [org.springframework.orm.jpa.JpaTransactionManager@75de8c12]; rollback [true]
2018-12-27 11:26:02.289  INFO 2120 --- [    Test worker] o.s.b.t.m.w.SpringBootMockServletContext : Initializing Spring FrameworkServlet ''
2018-12-27 11:26:02.289  INFO 2120 --- [    Test worker] o.s.t.web.servlet.TestDispatcherServlet  : FrameworkServlet '': initialization started
2018-12-27 11:26:02.298  INFO 2120 --- [    Test worker] o.s.t.web.servlet.TestDispatcherServlet  : FrameworkServlet '': initialization completed in 9 ms
Hibernate: select usergroup0_.scusi as scusi2_42_0_, usergroup0_.sccid as sccid3_42_0_, usergroup0_.scdtin as scdtin4_42_0_, usergroup0_.sctmin as sctmin5_42_0_, usergroup0_.scuid as scuid6_42_0_, usergroup0_.scdtlu as scdtlu7_42_0_, usergroup0_.sctmlu as sctmlu8_42_0_, usergroup0_.scuidm as scuidm9_42_0_, usergroup0_.scanum as scanum10_42_0_, usergroup0_.scaprcd as scaprcd11_42_0_, usergroup0_.scbuid as scbuid12_42_0_, usergroup0_.scmtoe as scmtoe13_42_0_, usergroup0_.scmtoe2 as scmtoe14_42_0_, usergroup0_.scmtoe1 as scmtoe15_42_0_, usergroup0_.sctagid as sctagid16_42_0_, usergroup0_.scusc as scusc17_42_0_, usergroup0_.scusg as scusg18_42_0_, usergroup0_.scusl as scusl19_42_0_, usergroup0_.scust as scust1_42_0_ from t9801 usergroup0_ where usergroup0_.scusi=? and usergroup0_.scust='G'
2018-12-27 11:26:02.319  INFO 2120 --- [    Test worker] o.s.t.c.transaction.TransactionContext   : Rolled back transaction for test: [DefaultTestContext@62588ff testClass = UserGroupApiTest, testInstance = ags.goldenlionerp.apiTests.system.UserGroupApiTest@553c935d, testMethod = getTestSingle@ApiTestBase, testException = [null], mergedContextConfiguration = [WebMergedContextConfiguration@1489c085 testClass = UserGroupApiTest, locations = '{}', classes = '{class ags.goldenlionerp.GoldenLionErpApplication}', contextInitializerClasses = '[]', activeProfiles = '{}', propertySourceLocations = '{classpath:test.properties}', propertySourceProperties = '{org.springframework.boot.test.context.SpringBootTestContextBootstrapper=true}', contextCustomizers = set[org.springframework.boot.test.autoconfigure.properties.PropertyMappingContextCustomizer@0, org.springframework.boot.test.autoconfigure.web.servlet.WebDriverContextCustomizerFactory$Customizer@636d731e, [ImportsContextCustomizer@1502f464 key = [ags.goldenlionerp.apiTests.ApiTestBase$TestConfig]], org.springframework.boot.test.context.filter.ExcludeFilterContextCustomizer@6afa5291, org.springframework.boot.test.json.DuplicateJsonObjectContextCustomizerFactory$DuplicateJsonObjectContextCustomizer@20cebcb4, org.springframework.boot.test.mock.mockito.MockitoContextCustomizer@0, org.springframework.boot.test.web.client.TestRestTemplateContextCustomizer@49a32273], resourceBasePath = 'src/main/webapp', contextLoader = 'org.springframework.boot.test.context.SpringBootContextLoader', parent = [null]], attributes = map['org.springframework.test.context.web.ServletTestExecutionListener.activateListener' -> true, 'org.springframework.test.context.web.ServletTestExecutionListener.populatedRequestContextHolder' -> true, 'org.springframework.test.context.web.ServletTestExecutionListener.resetRequestContextHolder' -> true]]
2018-12-27 11:26:02.323  INFO 2120 --- [    Test worker] o.s.t.c.transaction.TransactionContext   : Began transaction (1) for test context [DefaultTestContext@62588ff testClass = UserGroupApiTest, testInstance = ags.goldenlionerp.apiTests.system.UserGroupApiTest@70597c9d, testMethod = updateTestWithPatch@ApiTestBase, testException = [null], mergedContextConfiguration = [WebMergedContextConfiguration@1489c085 testClass = UserGroupApiTest, locations = '{}', classes = '{class ags.goldenlionerp.GoldenLionErpApplication}', contextInitializerClasses = '[]', activeProfiles = '{}', propertySourceLocations = '{classpath:test.properties}', propertySourceProperties = '{org.springframework.boot.test.context.SpringBootTestContextBootstrapper=true}', contextCustomizers = set[org.springframework.boot.test.autoconfigure.properties.PropertyMappingContextCustomizer@0, org.springframework.boot.test.autoconfigure.web.servlet.WebDriverContextCustomizerFactory$Customizer@636d731e, [ImportsContextCustomizer@1502f464 key = [ags.goldenlionerp.apiTests.ApiTestBase$TestConfig]], org.springframework.boot.test.context.filter.ExcludeFilterContextCustomizer@6afa5291, org.springframework.boot.test.json.DuplicateJsonObjectContextCustomizerFactory$DuplicateJsonObjectContextCustomizer@20cebcb4, org.springframework.boot.test.mock.mockito.MockitoContextCustomizer@0, org.springframework.boot.test.web.client.TestRestTemplateContextCustomizer@49a32273], resourceBasePath = 'src/main/webapp', contextLoader = 'org.springframework.boot.test.context.SpringBootContextLoader', parent = [null]], attributes = map['org.springframework.test.context.web.ServletTestExecutionListener.activateListener' -> true, 'org.springframework.test.context.web.ServletTestExecutionListener.populatedRequestContextHolder' -> true, 'org.springframework.test.context.web.ServletTestExecutionListener.resetRequestContextHolder' -> true]]; transaction manager [org.springframework.orm.jpa.JpaTransactionManager@75de8c12]; rollback [true]
2018-12-27 11:26:02.323  INFO 2120 --- [    Test worker] o.s.b.t.m.w.SpringBootMockServletContext : Initializing Spring FrameworkServlet ''
2018-12-27 11:26:02.323  INFO 2120 --- [    Test worker] o.s.t.web.servlet.TestDispatcherServlet  : FrameworkServlet '': initialization started
2018-12-27 11:26:02.334  INFO 2120 --- [    Test worker] o.s.t.web.servlet.TestDispatcherServlet  : FrameworkServlet '': initialization completed in 11 ms
Hibernate: select usergroup0_.scusi as scusi2_42_0_, usergroup0_.sccid as sccid3_42_0_, usergroup0_.scdtin as scdtin4_42_0_, usergroup0_.sctmin as sctmin5_42_0_, usergroup0_.scuid as scuid6_42_0_, usergroup0_.scdtlu as scdtlu7_42_0_, usergroup0_.sctmlu as sctmlu8_42_0_, usergroup0_.scuidm as scuidm9_42_0_, usergroup0_.scanum as scanum10_42_0_, usergroup0_.scaprcd as scaprcd11_42_0_, usergroup0_.scbuid as scbuid12_42_0_, usergroup0_.scmtoe as scmtoe13_42_0_, usergroup0_.scmtoe2 as scmtoe14_42_0_, usergroup0_.scmtoe1 as scmtoe15_42_0_, usergroup0_.sctagid as sctagid16_42_0_, usergroup0_.scusc as scusc17_42_0_, usergroup0_.scusg as scusg18_42_0_, usergroup0_.scusl as scusl19_42_0_, usergroup0_.scust as scust1_42_0_ from t9801 usergroup0_ where usergroup0_.scusi=? and usergroup0_.scust='G'
Hibernate: update t9801 set sccid=?, scdtlu=?, sctmlu=?, scuidm=?, scanum=?, scaprcd=?, scbuid=?, scmtoe=?, scmtoe2=?, scmtoe1=?, sctagid=?, scusc=?, scusg=?, scusl=? where scusi=?
Hibernate: select usergroup0_.scusi as scusi2_42_0_, usergroup0_.sccid as sccid3_42_0_, usergroup0_.scdtin as scdtin4_42_0_, usergroup0_.sctmin as sctmin5_42_0_, usergroup0_.scuid as scuid6_42_0_, usergroup0_.scdtlu as scdtlu7_42_0_, usergroup0_.sctmlu as sctmlu8_42_0_, usergroup0_.scuidm as scuidm9_42_0_, usergroup0_.scanum as scanum10_42_0_, usergroup0_.scaprcd as scaprcd11_42_0_, usergroup0_.scbuid as scbuid12_42_0_, usergroup0_.scmtoe as scmtoe13_42_0_, usergroup0_.scmtoe2 as scmtoe14_42_0_, usergroup0_.scmtoe1 as scmtoe15_42_0_, usergroup0_.sctagid as sctagid16_42_0_, usergroup0_.scusc as scusc17_42_0_, usergroup0_.scusg as scusg18_42_0_, usergroup0_.scusl as scusl19_42_0_, usergroup0_.scust as scust1_42_0_ from t9801 usergroup0_ where usergroup0_.scusi=? and usergroup0_.scust='G'
2018-12-27 11:26:02.404  INFO 2120 --- [    Test worker] o.s.t.c.transaction.TransactionContext   : Rolled back transaction for test: [DefaultTestContext@62588ff testClass = UserGroupApiTest, testInstance = ags.goldenlionerp.apiTests.system.UserGroupApiTest@70597c9d, testMethod = updateTestWithPatch@ApiTestBase, testException = [null], mergedContextConfiguration = [WebMergedContextConfiguration@1489c085 testClass = UserGroupApiTest, locations = '{}', classes = '{class ags.goldenlionerp.GoldenLionErpApplication}', contextInitializerClasses = '[]', activeProfiles = '{}', propertySourceLocations = '{classpath:test.properties}', propertySourceProperties = '{org.springframework.boot.test.context.SpringBootTestContextBootstrapper=true}', contextCustomizers = set[org.springframework.boot.test.autoconfigure.properties.PropertyMappingContextCustomizer@0, org.springframework.boot.test.autoconfigure.web.servlet.WebDriverContextCustomizerFactory$Customizer@636d731e, [ImportsContextCustomizer@1502f464 key = [ags.goldenlionerp.apiTests.ApiTestBase$TestConfig]], org.springframework.boot.test.context.filter.ExcludeFilterContextCustomizer@6afa5291, org.springframework.boot.test.json.DuplicateJsonObjectContextCustomizerFactory$DuplicateJsonObjectContextCustomizer@20cebcb4, org.springframework.boot.test.mock.mockito.MockitoContextCustomizer@0, org.springframework.boot.test.web.client.TestRestTemplateContextCustomizer@49a32273], resourceBasePath = 'src/main/webapp', contextLoader = 'org.springframework.boot.test.context.SpringBootContextLoader', parent = [null]], attributes = map['org.springframework.test.context.web.ServletTestExecutionListener.activateListener' -> true, 'org.springframework.test.context.web.ServletTestExecutionListener.populatedRequestContextHolder' -> true, 'org.springframework.test.context.web.ServletTestExecutionListener.resetRequestContextHolder' -> true]]
2018-12-27 11:26:02.407  INFO 2120 --- [    Test worker] o.s.t.c.transaction.TransactionContext   : Began transaction (1) for test context [DefaultTestContext@62588ff testClass = UserGroupApiTest, testInstance = ags.goldenlionerp.apiTests.system.UserGroupApiTest@388118f1, testMethod = getTestCollection@ApiTestBase, testException = [null], mergedContextConfiguration = [WebMergedContextConfiguration@1489c085 testClass = UserGroupApiTest, locations = '{}', classes = '{class ags.goldenlionerp.GoldenLionErpApplication}', contextInitializerClasses = '[]', activeProfiles = '{}', propertySourceLocations = '{classpath:test.properties}', propertySourceProperties = '{org.springframework.boot.test.context.SpringBootTestContextBootstrapper=true}', contextCustomizers = set[org.springframework.boot.test.autoconfigure.properties.PropertyMappingContextCustomizer@0, org.springframework.boot.test.autoconfigure.web.servlet.WebDriverContextCustomizerFactory$Customizer@636d731e, [ImportsContextCustomizer@1502f464 key = [ags.goldenlionerp.apiTests.ApiTestBase$TestConfig]], org.springframework.boot.test.context.filter.ExcludeFilterContextCustomizer@6afa5291, org.springframework.boot.test.json.DuplicateJsonObjectContextCustomizerFactory$DuplicateJsonObjectContextCustomizer@20cebcb4, org.springframework.boot.test.mock.mockito.MockitoContextCustomizer@0, org.springframework.boot.test.web.client.TestRestTemplateContextCustomizer@49a32273], resourceBasePath = 'src/main/webapp', contextLoader = 'org.springframework.boot.test.context.SpringBootContextLoader', parent = [null]], attributes = map['org.springframework.test.context.web.ServletTestExecutionListener.activateListener' -> true, 'org.springframework.test.context.web.ServletTestExecutionListener.populatedRequestContextHolder' -> true, 'org.springframework.test.context.web.ServletTestExecutionListener.resetRequestContextHolder' -> true]]; transaction manager [org.springframework.orm.jpa.JpaTransactionManager@75de8c12]; rollback [true]
2018-12-27 11:26:02.408  INFO 2120 --- [    Test worker] o.s.b.t.m.w.SpringBootMockServletContext : Initializing Spring FrameworkServlet ''
2018-12-27 11:26:02.408  INFO 2120 --- [    Test worker] o.s.t.web.servlet.TestDispatcherServlet  : FrameworkServlet '': initialization started
2018-12-27 11:26:02.417  INFO 2120 --- [    Test worker] o.s.t.web.servlet.TestDispatcherServlet  : FrameworkServlet '': initialization completed in 8 ms
Hibernate: select TOP(?) usergroup0_.scusi as scusi2_42_, usergroup0_.sccid as sccid3_42_, usergroup0_.scdtin as scdtin4_42_, usergroup0_.sctmin as sctmin5_42_, usergroup0_.scuid as scuid6_42_, usergroup0_.scdtlu as scdtlu7_42_, usergroup0_.sctmlu as sctmlu8_42_, usergroup0_.scuidm as scuidm9_42_, usergroup0_.scanum as scanum10_42_, usergroup0_.scaprcd as scaprcd11_42_, usergroup0_.scbuid as scbuid12_42_, usergroup0_.scmtoe as scmtoe13_42_, usergroup0_.scmtoe2 as scmtoe14_42_, usergroup0_.scmtoe1 as scmtoe15_42_, usergroup0_.sctagid as sctagid16_42_, usergroup0_.scusc as scusc17_42_, usergroup0_.scusg as scusg18_42_, usergroup0_.scusl as scusl19_42_, usergroup0_.scust as scust1_42_ from t9801 usergroup0_ where usergroup0_.scust='G'

MockHttpServletRequest:
      HTTP Method = GET
      Request URI = /api/userGroups/
       Parameters = {}
          Headers = {Accept=[application/json]}
             Body = <no character encoding set>
    Session Attrs = {org.springframework.security.web.csrf.HttpSessionCsrfTokenRepository.CSRF_TOKEN=org.springframework.security.web.csrf.DefaultCsrfToken@498bdc8, SPRING_SECURITY_CONTEXT=org.springframework.security.core.context.SecurityContextImpl@475fcd89: Authentication: org.springframework.security.authentication.UsernamePasswordAuthenticationToken@475fcd89: Principal: org.springframework.security.core.userdetails.User@f02988d6: Username: username; Password: [PROTECTED]; Enabled: true; AccountNonExpired: true; credentialsNonExpired: true; AccountNonLocked: true; Not granted any authorities; Credentials: [PROTECTED]; Authenticated: true; Details: null; Not granted any authorities}

Handler:
             Type = org.springframework.data.rest.webmvc.RepositoryEntityController
           Method = public org.springframework.hateoas.Resources<?> org.springframework.data.rest.webmvc.RepositoryEntityController.getCollectionResource(org.springframework.data.rest.webmvc.RootResourceInformation,org.springframework.data.rest.webmvc.support.DefaultedPageable,org.springframework.data.domain.Sort,org.springframework.data.rest.webmvc.PersistentEntityResourceAssembler) throws org.springframework.data.rest.webmvc.ResourceNotFoundException,org.springframework.web.HttpRequestMethodNotSupportedException

Async:
    Async started = false
     Async result = null

Resolved Exception:
             Type = null

ModelAndView:
        View name = null
             View = null
            Model = null

FlashMap:
       Attributes = null

MockHttpServletResponse:
           Status = 200
    Error message = null
          Headers = {Content-Type=[application/json;charset=UTF-8], X-Content-Type-Options=[nosniff], X-XSS-Protection=[1; mode=block], Cache-Control=[no-cache, no-store, max-age=0, must-revalidate], Pragma=[no-cache], Expires=[0], X-Frame-Options=[DENY]}
     Content type = application/json;charset=UTF-8
             Body = {
  "_embedded" : {
    "userGroups" : [ {
      "inputUserId" : "",
      "lastUpdateUserId" : "",
      "computerId" : "",
      "userSecurityId" : "ADM ACCOUNTING",
      "userSecurityLevel" : 7,
      "userSecurityGroupId" : "",
      "userSecurityType" : "G",
      "addressNumber" : "",
      "menuToExecuteBOS" : "MH00",
      "menuToExecutePOS" : "",
      "menuToExecuteHOS" : "",
      "tagId" : "",
      "approvalRouteCode" : "",
      "businessUnitId" : "110",
      "lastUpdateDateTime" : null,
      "inputDateTime" : null,
      "_links" : {
        "self" : {
          "href" : "http://localhost/api/userGroups/ADM_ACCOUNTING"
        },
        "userGroup" : {
          "href" : "http://localhost/api/userGroups/ADM_ACCOUNTING"
        },
        "password" : {
          "href" : "http://localhost/api/userGroups/ADM_ACCOUNTING/password"
        }
      }
    }, {
      "inputUserId" : "",
      "lastUpdateUserId" : "",
      "computerId" : "",
      "userSecurityId" : "ADM AR",
      "userSecurityLevel" : 4,
      "userSecurityGroupId" : "",
      "userSecurityType" : "G",
      "addressNumber" : "",
      "menuToExecuteBOS" : "MH00",
      "menuToExecutePOS" : "",
      "menuToExecuteHOS" : "",
      "tagId" : "",
      "approvalRouteCode" : "",
      "businessUnitId" : "110",
      "lastUpdateDateTime" : null,
      "inputDateTime" : null,
      "_links" : {
        "self" : {
          "href" : "http://localhost/api/userGroups/ADM_AR"
        },
        "userGroup" : {
          "href" : "http://localhost/api/userGroups/ADM_AR"
        },
        "password" : {
          "href" : "http://localhost/api/userGroups/ADM_AR/password"
        }
      }
    }, {
      "inputUserId" : "",
      "lastUpdateUserId" : "",
      "computerId" : "",
      "userSecurityId" : "ADMIN GUDANG",
      "userSecurityLevel" : 4,
      "userSecurityGroupId" : "",
      "userSecurityType" : "G",
      "addressNumber" : "",
      "menuToExecuteBOS" : "MH00",
      "menuToExecutePOS" : "",
      "menuToExecuteHOS" : "",
      "tagId" : "",
      "approvalRouteCode" : "",
      "businessUnitId" : "110",
      "lastUpdateDateTime" : null,
      "inputDateTime" : null,
      "_links" : {
        "self" : {
          "href" : "http://localhost/api/userGroups/ADMIN_GUDANG"
        },
        "userGroup" : {
          "href" : "http://localhost/api/userGroups/ADMIN_GUDANG"
        },
        "password" : {
          "href" : "http://localhost/api/userGroups/ADMIN_GUDANG/password"
        }
      }
    }, {
      "inputUserId" : "",
      "lastUpdateUserId" : "",
      "computerId" : "",
      "userSecurityId" : "ADMIN PENJUALAN",
      "userSecurityLevel" : 4,
      "userSecurityGroupId" : "",
      "userSecurityType" : "G",
      "addressNumber" : "",
      "menuToExecuteBOS" : "MH00",
      "menuToExecutePOS" : "",
      "menuToExecuteHOS" : "",
      "tagId" : "",
      "approvalRouteCode" : "",
      "businessUnitId" : "110",
      "lastUpdateDateTime" : null,
      "inputDateTime" : null,
      "_links" : {
        "self" : {
          "href" : "http://localhost/api/userGroups/ADMIN_PENJUALAN"
        },
        "userGroup" : {
          "href" : "http://localhost/api/userGroups/ADMIN_PENJUALAN"
        },
        "password" : {
          "href" : "http://localhost/api/userGroups/ADMIN_PENJUALAN/password"
        }
      }
    }, {
      "inputUserId" : "",
      "lastUpdateUserId" : "",
      "computerId" : "",
      "userSecurityId" : "PEMBELIAN",
      "userSecurityLevel" : 7,
      "userSecurityGroupId" : "",
      "userSecurityType" : "G",
      "addressNumber" : "",
      "menuToExecuteBOS" : "MH00",
      "menuToExecutePOS" : "",
      "menuToExecuteHOS" : "",
      "tagId" : "",
      "approvalRouteCode" : "",
      "businessUnitId" : "110",
      "lastUpdateDateTime" : null,
      "inputDateTime" : null,
      "_links" : {
        "self" : {
          "href" : "http://localhost/api/userGroups/PEMBELIAN"
        },
        "userGroup" : {
          "href" : "http://localhost/api/userGroups/PEMBELIAN"
        },
        "password" : {
          "href" : "http://localhost/api/userGroups/PEMBELIAN/password"
        }
      }
    }, {
      "inputUserId" : "",
      "lastUpdateUserId" : "",
      "computerId" : "",
      "userSecurityId" : "TESGRUP",
      "userSecurityLevel" : 5,
      "userSecurityGroupId" : "",
      "userSecurityType" : "G",
      "addressNumber" : "0100",
      "menuToExecuteBOS" : "MENU00",
      "menuToExecutePOS" : "MH00",
      "menuToExecuteHOS" : "MT03",
      "tagId" : "123654",
      "approvalRouteCode" : "APR_PO",
      "businessUnitId" : "100",
      "lastUpdateDateTime" : null,
      "inputDateTime" : null,
      "_links" : {
        "self" : {
          "href" : "http://localhost/api/userGroups/TESGRUP"
        },
        "userGroup" : {
          "href" : "http://localhost/api/userGroups/TESGRUP"
        },
        "password" : {
          "href" : "http://localhost/api/userGroups/TESGRUP/password"
        }
      }
    } ]
  },
  "_links" : {
    "self" : {
      "href" : "http://localhost/api/userGroups{?page,size,sort}",
      "templated" : true
    },
    "profile" : {
      "href" : "http://localhost/api/profile/userGroups"
    }
  },
  "page" : {
    "size" : 20,
    "totalElements" : 6,
    "totalPages" : 1,
    "number" : 0
  }
}
    Forwarded URL = null
   Redirected URL = null
          Cookies = []
2018-12-27 11:26:02.445  INFO 2120 --- [    Test worker] o.s.t.c.transaction.TransactionContext   : Rolled back transaction for test: [DefaultTestContext@62588ff testClass = UserGroupApiTest, testInstance = ags.goldenlionerp.apiTests.system.UserGroupApiTest@388118f1, testMethod = getTestCollection@ApiTestBase, testException = [null], mergedContextConfiguration = [WebMergedContextConfiguration@1489c085 testClass = UserGroupApiTest, locations = '{}', classes = '{class ags.goldenlionerp.GoldenLionErpApplication}', contextInitializerClasses = '[]', activeProfiles = '{}', propertySourceLocations = '{classpath:test.properties}', propertySourceProperties = '{org.springframework.boot.test.context.SpringBootTestContextBootstrapper=true}', contextCustomizers = set[org.springframework.boot.test.autoconfigure.properties.PropertyMappingContextCustomizer@0, org.springframework.boot.test.autoconfigure.web.servlet.WebDriverContextCustomizerFactory$Customizer@636d731e, [ImportsContextCustomizer@1502f464 key = [ags.goldenlionerp.apiTests.ApiTestBase$TestConfig]], org.springframework.boot.test.context.filter.ExcludeFilterContextCustomizer@6afa5291, org.springframework.boot.test.json.DuplicateJsonObjectContextCustomizerFactory$DuplicateJsonObjectContextCustomizer@20cebcb4, org.springframework.boot.test.mock.mockito.MockitoContextCustomizer@0, org.springframework.boot.test.web.client.TestRestTemplateContextCustomizer@49a32273], resourceBasePath = 'src/main/webapp', contextLoader = 'org.springframework.boot.test.context.SpringBootContextLoader', parent = [null]], attributes = map['org.springframework.test.context.web.ServletTestExecutionListener.activateListener' -> true, 'org.springframework.test.context.web.ServletTestExecutionListener.populatedRequestContextHolder' -> true, 'org.springframework.test.context.web.ServletTestExecutionListener.resetRequestContextHolder' -> true]]
2018-12-27 11:26:02.448  INFO 2120 --- [    Test worker] o.s.t.c.transaction.TransactionContext   : Began transaction (1) for test context [DefaultTestContext@62588ff testClass = UserGroupApiTest, testInstance = ags.goldenlionerp.apiTests.system.UserGroupApiTest@5afd48d4, testMethod = createTestWithPut@ApiTestBase, testException = [null], mergedContextConfiguration = [WebMergedContextConfiguration@1489c085 testClass = UserGroupApiTest, locations = '{}', classes = '{class ags.goldenlionerp.GoldenLionErpApplication}', contextInitializerClasses = '[]', activeProfiles = '{}', propertySourceLocations = '{classpath:test.properties}', propertySourceProperties = '{org.springframework.boot.test.context.SpringBootTestContextBootstrapper=true}', contextCustomizers = set[org.springframework.boot.test.autoconfigure.properties.PropertyMappingContextCustomizer@0, org.springframework.boot.test.autoconfigure.web.servlet.WebDriverContextCustomizerFactory$Customizer@636d731e, [ImportsContextCustomizer@1502f464 key = [ags.goldenlionerp.apiTests.ApiTestBase$TestConfig]], org.springframework.boot.test.context.filter.ExcludeFilterContextCustomizer@6afa5291, org.springframework.boot.test.json.DuplicateJsonObjectContextCustomizerFactory$DuplicateJsonObjectContextCustomizer@20cebcb4, org.springframework.boot.test.mock.mockito.MockitoContextCustomizer@0, org.springframework.boot.test.web.client.TestRestTemplateContextCustomizer@49a32273], resourceBasePath = 'src/main/webapp', contextLoader = 'org.springframework.boot.test.context.SpringBootContextLoader', parent = [null]], attributes = map['org.springframework.test.context.web.ServletTestExecutionListener.activateListener' -> true, 'org.springframework.test.context.web.ServletTestExecutionListener.populatedRequestContextHolder' -> true, 'org.springframework.test.context.web.ServletTestExecutionListener.resetRequestContextHolder' -> true]]; transaction manager [org.springframework.orm.jpa.JpaTransactionManager@75de8c12]; rollback [true]
2018-12-27 11:26:02.449  INFO 2120 --- [    Test worker] o.s.b.t.m.w.SpringBootMockServletContext : Initializing Spring FrameworkServlet ''
2018-12-27 11:26:02.449  INFO 2120 --- [    Test worker] o.s.t.web.servlet.TestDispatcherServlet  : FrameworkServlet '': initialization started
2018-12-27 11:26:02.458  INFO 2120 --- [    Test worker] o.s.t.web.servlet.TestDispatcherServlet  : FrameworkServlet '': initialization completed in 9 ms
Hibernate: select usergroup0_.scusi as scusi2_42_0_, usergroup0_.sccid as sccid3_42_0_, usergroup0_.scdtin as scdtin4_42_0_, usergroup0_.sctmin as sctmin5_42_0_, usergroup0_.scuid as scuid6_42_0_, usergroup0_.scdtlu as scdtlu7_42_0_, usergroup0_.sctmlu as sctmlu8_42_0_, usergroup0_.scuidm as scuidm9_42_0_, usergroup0_.scanum as scanum10_42_0_, usergroup0_.scaprcd as scaprcd11_42_0_, usergroup0_.scbuid as scbuid12_42_0_, usergroup0_.scmtoe as scmtoe13_42_0_, usergroup0_.scmtoe2 as scmtoe14_42_0_, usergroup0_.scmtoe1 as scmtoe15_42_0_, usergroup0_.sctagid as sctagid16_42_0_, usergroup0_.scusc as scusc17_42_0_, usergroup0_.scusg as scusg18_42_0_, usergroup0_.scusl as scusl19_42_0_, usergroup0_.scust as scust1_42_0_ from t9801 usergroup0_ where usergroup0_.scusi=? and usergroup0_.scust='G'
2018-12-27 11:26:02.475  INFO 2120 --- [    Test worker] o.s.t.c.transaction.TransactionContext   : Rolled back transaction for test: [DefaultTestContext@62588ff testClass = UserGroupApiTest, testInstance = ags.goldenlionerp.apiTests.system.UserGroupApiTest@5afd48d4, testMethod = createTestWithPut@ApiTestBase, testException = [null], mergedContextConfiguration = [WebMergedContextConfiguration@1489c085 testClass = UserGroupApiTest, locations = '{}', classes = '{class ags.goldenlionerp.GoldenLionErpApplication}', contextInitializerClasses = '[]', activeProfiles = '{}', propertySourceLocations = '{classpath:test.properties}', propertySourceProperties = '{org.springframework.boot.test.context.SpringBootTestContextBootstrapper=true}', contextCustomizers = set[org.springframework.boot.test.autoconfigure.properties.PropertyMappingContextCustomizer@0, org.springframework.boot.test.autoconfigure.web.servlet.WebDriverContextCustomizerFactory$Customizer@636d731e, [ImportsContextCustomizer@1502f464 key = [ags.goldenlionerp.apiTests.ApiTestBase$TestConfig]], org.springframework.boot.test.context.filter.ExcludeFilterContextCustomizer@6afa5291, org.springframework.boot.test.json.DuplicateJsonObjectContextCustomizerFactory$DuplicateJsonObjectContextCustomizer@20cebcb4, org.springframework.boot.test.mock.mockito.MockitoContextCustomizer@0, org.springframework.boot.test.web.client.TestRestTemplateContextCustomizer@49a32273], resourceBasePath = 'src/main/webapp', contextLoader = 'org.springframework.boot.test.context.SpringBootContextLoader', parent = [null]], attributes = map['org.springframework.test.context.web.ServletTestExecutionListener.activateListener' -> true, 'org.springframework.test.context.web.ServletTestExecutionListener.populatedRequestContextHolder' -> true, 'org.springframework.test.context.web.ServletTestExecutionListener.resetRequestContextHolder' -> true]]
2018-12-27 11:26:02.478  INFO 2120 --- [    Test worker] o.s.t.c.transaction.TransactionContext   : Began transaction (1) for test context [DefaultTestContext@62588ff testClass = UserGroupApiTest, testInstance = ags.goldenlionerp.apiTests.system.UserGroupApiTest@32ff36db, testMethod = deleteTest@ApiTestBase, testException = [null], mergedContextConfiguration = [WebMergedContextConfiguration@1489c085 testClass = UserGroupApiTest, locations = '{}', classes = '{class ags.goldenlionerp.GoldenLionErpApplication}', contextInitializerClasses = '[]', activeProfiles = '{}', propertySourceLocations = '{classpath:test.properties}', propertySourceProperties = '{org.springframework.boot.test.context.SpringBootTestContextBootstrapper=true}', contextCustomizers = set[org.springframework.boot.test.autoconfigure.properties.PropertyMappingContextCustomizer@0, org.springframework.boot.test.autoconfigure.web.servlet.WebDriverContextCustomizerFactory$Customizer@636d731e, [ImportsContextCustomizer@1502f464 key = [ags.goldenlionerp.apiTests.ApiTestBase$TestConfig]], org.springframework.boot.test.context.filter.ExcludeFilterContextCustomizer@6afa5291, org.springframework.boot.test.json.DuplicateJsonObjectContextCustomizerFactory$DuplicateJsonObjectContextCustomizer@20cebcb4, org.springframework.boot.test.mock.mockito.MockitoContextCustomizer@0, org.springframework.boot.test.web.client.TestRestTemplateContextCustomizer@49a32273], resourceBasePath = 'src/main/webapp', contextLoader = 'org.springframework.boot.test.context.SpringBootContextLoader', parent = [null]], attributes = map['org.springframework.test.context.web.ServletTestExecutionListener.activateListener' -> true, 'org.springframework.test.context.web.ServletTestExecutionListener.populatedRequestContextHolder' -> true, 'org.springframework.test.context.web.ServletTestExecutionListener.resetRequestContextHolder' -> true]]; transaction manager [org.springframework.orm.jpa.JpaTransactionManager@75de8c12]; rollback [true]
2018-12-27 11:26:02.479  INFO 2120 --- [    Test worker] o.s.b.t.m.w.SpringBootMockServletContext : Initializing Spring FrameworkServlet ''
2018-12-27 11:26:02.479  INFO 2120 --- [    Test worker] o.s.t.web.servlet.TestDispatcherServlet  : FrameworkServlet '': initialization started
2018-12-27 11:26:02.489  INFO 2120 --- [    Test worker] o.s.t.web.servlet.TestDispatcherServlet  : FrameworkServlet '': initialization completed in 9 ms
Hibernate: select usergroup0_.scusi as scusi2_42_0_, usergroup0_.sccid as sccid3_42_0_, usergroup0_.scdtin as scdtin4_42_0_, usergroup0_.sctmin as sctmin5_42_0_, usergroup0_.scuid as scuid6_42_0_, usergroup0_.scdtlu as scdtlu7_42_0_, usergroup0_.sctmlu as sctmlu8_42_0_, usergroup0_.scuidm as scuidm9_42_0_, usergroup0_.scanum as scanum10_42_0_, usergroup0_.scaprcd as scaprcd11_42_0_, usergroup0_.scbuid as scbuid12_42_0_, usergroup0_.scmtoe as scmtoe13_42_0_, usergroup0_.scmtoe2 as scmtoe14_42_0_, usergroup0_.scmtoe1 as scmtoe15_42_0_, usergroup0_.sctagid as sctagid16_42_0_, usergroup0_.scusc as scusc17_42_0_, usergroup0_.scusg as scusg18_42_0_, usergroup0_.scusl as scusl19_42_0_, usergroup0_.scust as scust1_42_0_ from t9801 usergroup0_ where usergroup0_.scusi=? and usergroup0_.scust='G'
2018-12-27 11:26:02.516  INFO 2120 --- [    Test worker] o.s.t.c.transaction.TransactionContext   : Rolled back transaction for test: [DefaultTestContext@62588ff testClass = UserGroupApiTest, testInstance = ags.goldenlionerp.apiTests.system.UserGroupApiTest@32ff36db, testMethod = deleteTest@ApiTestBase, testException = [null], mergedContextConfiguration = [WebMergedContextConfiguration@1489c085 testClass = UserGroupApiTest, locations = '{}', classes = '{class ags.goldenlionerp.GoldenLionErpApplication}', contextInitializerClasses = '[]', activeProfiles = '{}', propertySourceLocations = '{classpath:test.properties}', propertySourceProperties = '{org.springframework.boot.test.context.SpringBootTestContextBootstrapper=true}', contextCustomizers = set[org.springframework.boot.test.autoconfigure.properties.PropertyMappingContextCustomizer@0, org.springframework.boot.test.autoconfigure.web.servlet.WebDriverContextCustomizerFactory$Customizer@636d731e, [ImportsContextCustomizer@1502f464 key = [ags.goldenlionerp.apiTests.ApiTestBase$TestConfig]], org.springframework.boot.test.context.filter.ExcludeFilterContextCustomizer@6afa5291, org.springframework.boot.test.json.DuplicateJsonObjectContextCustomizerFactory$DuplicateJsonObjectContextCustomizer@20cebcb4, org.springframework.boot.test.mock.mockito.MockitoContextCustomizer@0, org.springframework.boot.test.web.client.TestRestTemplateContextCustomizer@49a32273], resourceBasePath = 'src/main/webapp', contextLoader = 'org.springframework.boot.test.context.SpringBootContextLoader', parent = [null]], attributes = map['org.springframework.test.context.web.ServletTestExecutionListener.activateListener' -> true, 'org.springframework.test.context.web.ServletTestExecutionListener.populatedRequestContextHolder' -> true, 'org.springframework.test.context.web.ServletTestExecutionListener.resetRequestContextHolder' -> true]]
2018-12-27 11:26:02.518  INFO 2120 --- [    Test worker] o.s.t.c.transaction.TransactionContext   : Began transaction (1) for test context [DefaultTestContext@62588ff testClass = UserGroupApiTest, testInstance = ags.goldenlionerp.apiTests.system.UserGroupApiTest@5e131001, testMethod = createTestWithPost@ApiTestBase, testException = [null], mergedContextConfiguration = [WebMergedContextConfiguration@1489c085 testClass = UserGroupApiTest, locations = '{}', classes = '{class ags.goldenlionerp.GoldenLionErpApplication}', contextInitializerClasses = '[]', activeProfiles = '{}', propertySourceLocations = '{classpath:test.properties}', propertySourceProperties = '{org.springframework.boot.test.context.SpringBootTestContextBootstrapper=true}', contextCustomizers = set[org.springframework.boot.test.autoconfigure.properties.PropertyMappingContextCustomizer@0, org.springframework.boot.test.autoconfigure.web.servlet.WebDriverContextCustomizerFactory$Customizer@636d731e, [ImportsContextCustomizer@1502f464 key = [ags.goldenlionerp.apiTests.ApiTestBase$TestConfig]], org.springframework.boot.test.context.filter.ExcludeFilterContextCustomizer@6afa5291, org.springframework.boot.test.json.DuplicateJsonObjectContextCustomizerFactory$DuplicateJsonObjectContextCustomizer@20cebcb4, org.springframework.boot.test.mock.mockito.MockitoContextCustomizer@0, org.springframework.boot.test.web.client.TestRestTemplateContextCustomizer@49a32273], resourceBasePath = 'src/main/webapp', contextLoader = 'org.springframework.boot.test.context.SpringBootContextLoader', parent = [null]], attributes = map['org.springframework.test.context.web.ServletTestExecutionListener.activateListener' -> true, 'org.springframework.test.context.web.ServletTestExecutionListener.populatedRequestContextHolder' -> true, 'org.springframework.test.context.web.ServletTestExecutionListener.resetRequestContextHolder' -> true]]; transaction manager [org.springframework.orm.jpa.JpaTransactionManager@75de8c12]; rollback [true]
2018-12-27 11:26:02.519  INFO 2120 --- [    Test worker] o.s.b.t.m.w.SpringBootMockServletContext : Initializing Spring FrameworkServlet ''
2018-12-27 11:26:02.519  INFO 2120 --- [    Test worker] o.s.t.web.servlet.TestDispatcherServlet  : FrameworkServlet '': initialization started
2018-12-27 11:26:02.529  INFO 2120 --- [    Test worker] o.s.t.web.servlet.TestDispatcherServlet  : FrameworkServlet '': initialization completed in 10 ms
Hibernate: select usergroup0_.scusi as scusi2_42_0_, usergroup0_.sccid as sccid3_42_0_, usergroup0_.scdtin as scdtin4_42_0_, usergroup0_.sctmin as sctmin5_42_0_, usergroup0_.scuid as scuid6_42_0_, usergroup0_.scdtlu as scdtlu7_42_0_, usergroup0_.sctmlu as sctmlu8_42_0_, usergroup0_.scuidm as scuidm9_42_0_, usergroup0_.scanum as scanum10_42_0_, usergroup0_.scaprcd as scaprcd11_42_0_, usergroup0_.scbuid as scbuid12_42_0_, usergroup0_.scmtoe as scmtoe13_42_0_, usergroup0_.scmtoe2 as scmtoe14_42_0_, usergroup0_.scmtoe1 as scmtoe15_42_0_, usergroup0_.sctagid as sctagid16_42_0_, usergroup0_.scusc as scusc17_42_0_, usergroup0_.scusg as scusg18_42_0_, usergroup0_.scusl as scusl19_42_0_, usergroup0_.scust as scust1_42_0_ from t9801 usergroup0_ where usergroup0_.scusi=? and usergroup0_.scust='G'
Hibernate: select count(*) as col_0_0_ from t9801 usergroup0_ where usergroup0_.scust='G' and usergroup0_.scusi=?
Hibernate: select usergroup0_.scusi as scusi2_42_0_, usergroup0_.sccid as sccid3_42_0_, usergroup0_.scdtin as scdtin4_42_0_, usergroup0_.sctmin as sctmin5_42_0_, usergroup0_.scuid as scuid6_42_0_, usergroup0_.scdtlu as scdtlu7_42_0_, usergroup0_.sctmlu as sctmlu8_42_0_, usergroup0_.scuidm as scuidm9_42_0_, usergroup0_.scanum as scanum10_42_0_, usergroup0_.scaprcd as scaprcd11_42_0_, usergroup0_.scbuid as scbuid12_42_0_, usergroup0_.scmtoe as scmtoe13_42_0_, usergroup0_.scmtoe2 as scmtoe14_42_0_, usergroup0_.scmtoe1 as scmtoe15_42_0_, usergroup0_.sctagid as sctagid16_42_0_, usergroup0_.scusc as scusc17_42_0_, usergroup0_.scusg as scusg18_42_0_, usergroup0_.scusl as scusl19_42_0_, usergroup0_.scust as scust1_42_0_ from t9801 usergroup0_ where usergroup0_.scusi=? and usergroup0_.scust='G'
Hibernate: insert into t9801 (sccid, scdtin, sctmin, scuid, scdtlu, sctmlu, scuidm, scanum, scaprcd, scbuid, scmtoe, scmtoe2, scmtoe1, sctagid, scusc, scusg, scusl, scust, scusi) values (?, ?, ?, ?, ?, ?, ?, ?, ?, ?, ?, ?, ?, ?, ?, ?, ?, 'G', ?)
Hibernate: select usergroup0_.scusi as scusi2_42_0_, usergroup0_.sccid as sccid3_42_0_, usergroup0_.scdtin as scdtin4_42_0_, usergroup0_.sctmin as sctmin5_42_0_, usergroup0_.scuid as scuid6_42_0_, usergroup0_.scdtlu as scdtlu7_42_0_, usergroup0_.sctmlu as sctmlu8_42_0_, usergroup0_.scuidm as scuidm9_42_0_, usergroup0_.scanum as scanum10_42_0_, usergroup0_.scaprcd as scaprcd11_42_0_, usergroup0_.scbuid as scbuid12_42_0_, usergroup0_.scmtoe as scmtoe13_42_0_, usergroup0_.scmtoe2 as scmtoe14_42_0_, usergroup0_.scmtoe1 as scmtoe15_42_0_, usergroup0_.sctagid as sctagid16_42_0_, usergroup0_.scusc as scusc17_42_0_, usergroup0_.scusg as scusg18_42_0_, usergroup0_.scusl as scusl19_42_0_, usergroup0_.scust as scust1_42_0_ from t9801 usergroup0_ where usergroup0_.scusi=? and usergroup0_.scust='G'

MockHttpServletRequest:
      HTTP Method = GET
      Request URI = /api/userGroups/SALMONGROUP
       Parameters = {}
          Headers = {Accept=[application/json]}
             Body = <no character encoding set>
    Session Attrs = {org.springframework.security.web.csrf.HttpSessionCsrfTokenRepository.CSRF_TOKEN=org.springframework.security.web.csrf.DefaultCsrfToken@49cb8719, SPRING_SECURITY_CONTEXT=org.springframework.security.core.context.SecurityContextImpl@475fcd89: Authentication: org.springframework.security.authentication.UsernamePasswordAuthenticationToken@475fcd89: Principal: org.springframework.security.core.userdetails.User@f02988d6: Username: username; Password: [PROTECTED]; Enabled: true; AccountNonExpired: true; credentialsNonExpired: true; AccountNonLocked: true; Not granted any authorities; Credentials: [PROTECTED]; Authenticated: true; Details: null; Not granted any authorities}

Handler:
             Type = org.springframework.data.rest.webmvc.RepositoryEntityController
           Method = public org.springframework.http.ResponseEntity<org.springframework.hateoas.Resource<?>> org.springframework.data.rest.webmvc.RepositoryEntityController.getItemResource(org.springframework.data.rest.webmvc.RootResourceInformation,java.io.Serializable,org.springframework.data.rest.webmvc.PersistentEntityResourceAssembler,org.springframework.http.HttpHeaders) throws org.springframework.web.HttpRequestMethodNotSupportedException

Async:
    Async started = false
     Async result = null

Resolved Exception:
             Type = null

ModelAndView:
        View name = null
             View = null
            Model = null

FlashMap:
       Attributes = null

MockHttpServletResponse:
           Status = 200
    Error message = null
          Headers = {Content-Type=[application/json;charset=UTF-8], X-Content-Type-Options=[nosniff], X-XSS-Protection=[1; mode=block], Cache-Control=[no-cache, no-store, max-age=0, must-revalidate], Pragma=[no-cache], Expires=[0], X-Frame-Options=[DENY]}
     Content type = application/json;charset=UTF-8
             Body = {
  "inputUserId" : "username",
  "lastUpdateUserId" : "username",
  "computerId" : "username",
  "userSecurityId" : "SALMONGROUP",
  "userSecurityLevel" : 5,
  "userSecurityGroupId" : "",
  "userSecurityType" : "G",
  "addressNumber" : "",
  "menuToExecuteBOS" : "MH10",
  "menuToExecutePOS" : "",
  "menuToExecuteHOS" : "",
  "tagId" : "",
  "approvalRouteCode" : "",
  "businessUnitId" : "110",
  "lastUpdateDateTime" : "2018-12-27T11:26:02",
  "inputDateTime" : "2018-12-27T11:26:02",
  "_links" : {
    "self" : {
      "href" : "http://localhost/api/userGroups/SALMONGROUP"
    },
    "userGroup" : {
      "href" : "http://localhost/api/userGroups/SALMONGROUP"
    },
    "password" : {
      "href" : "http://localhost/api/userGroups/SALMONGROUP/password"
    }
  }
}
    Forwarded URL = null
   Redirected URL = null
          Cookies = []
2018-12-27 11:26:02.579  INFO 2120 --- [    Test worker] o.s.t.c.transaction.TransactionContext   : Rolled back transaction for test: [DefaultTestContext@62588ff testClass = UserGroupApiTest, testInstance = ags.goldenlionerp.apiTests.system.UserGroupApiTest@5e131001, testMethod = createTestWithPost@ApiTestBase, testException = [null], mergedContextConfiguration = [WebMergedContextConfiguration@1489c085 testClass = UserGroupApiTest, locations = '{}', classes = '{class ags.goldenlionerp.GoldenLionErpApplication}', contextInitializerClasses = '[]', activeProfiles = '{}', propertySourceLocations = '{classpath:test.properties}', propertySourceProperties = '{org.springframework.boot.test.context.SpringBootTestContextBootstrapper=true}', contextCustomizers = set[org.springframework.boot.test.autoconfigure.properties.PropertyMappingContextCustomizer@0, org.springframework.boot.test.autoconfigure.web.servlet.WebDriverContextCustomizerFactory$Customizer@636d731e, [ImportsContextCustomizer@1502f464 key = [ags.goldenlionerp.apiTests.ApiTestBase$TestConfig]], org.springframework.boot.test.context.filter.ExcludeFilterContextCustomizer@6afa5291, org.springframework.boot.test.json.DuplicateJsonObjectContextCustomizerFactory$DuplicateJsonObjectContextCustomizer@20cebcb4, org.springframework.boot.test.mock.mockito.MockitoContextCustomizer@0, org.springframework.boot.test.web.client.TestRestTemplateContextCustomizer@49a32273], resourceBasePath = 'src/main/webapp', contextLoader = 'org.springframework.boot.test.context.SpringBootContextLoader', parent = [null]], attributes = map['org.springframework.test.context.web.ServletTestExecutionListener.activateListener' -> true, 'org.springframework.test.context.web.ServletTestExecutionListener.populatedRequestContextHolder' -> true, 'org.springframework.test.context.web.ServletTestExecutionListener.resetRequestContextHolder' -> true]]
]]></system-out>
  <system-err><![CDATA[]]></system-err>
</testsuite>
