<?xml version="1.0" encoding="UTF-8"?>
<testsuite name="ags.goldenlionerp.apiTests.purchase.PurchaseReceiptApiTest" tests="9" skipped="0" failures="0" errors="0" timestamp="2018-12-27T04:25:50" hostname="LAPTOP-FHFRCCL6" time="3.058">
  <properties/>
  <testcase name="updateTestWithPost" classname="ags.goldenlionerp.apiTests.purchase.PurchaseReceiptApiTest" time="0.358"/>
  <testcase name="voidReceiptTest" classname="ags.goldenlionerp.apiTests.purchase.PurchaseReceiptApiTest" time="0.642"/>
  <testcase name="updateTestWithPut" classname="ags.goldenlionerp.apiTests.purchase.PurchaseReceiptApiTest" time="0.176"/>
  <testcase name="getTestSingle" classname="ags.goldenlionerp.apiTests.purchase.PurchaseReceiptApiTest" time="0.237"/>
  <testcase name="updateTestWithPatch" classname="ags.goldenlionerp.apiTests.purchase.PurchaseReceiptApiTest" time="0.674"/>
  <testcase name="getTestCollection" classname="ags.goldenlionerp.apiTests.purchase.PurchaseReceiptApiTest" time="0.281"/>
  <testcase name="createTestWithPut" classname="ags.goldenlionerp.apiTests.purchase.PurchaseReceiptApiTest" time="0.109"/>
  <testcase name="deleteTest" classname="ags.goldenlionerp.apiTests.purchase.PurchaseReceiptApiTest" time="0.17"/>
  <testcase name="createTestWithPost" classname="ags.goldenlionerp.apiTests.purchase.PurchaseReceiptApiTest" time="0.406"/>
  <system-out><![CDATA[2018-12-27 11:25:50.172  INFO 2120 --- [    Test worker] .b.t.c.SpringBootTestContextBootstrapper : Neither @ContextConfiguration nor @ContextHierarchy found for test class [ags.goldenlionerp.apiTests.purchase.PurchaseReceiptApiTest], using SpringBootContextLoader
2018-12-27 11:25:50.173  INFO 2120 --- [    Test worker] o.s.t.c.support.AbstractContextLoader    : Could not detect default resource locations for test class [ags.goldenlionerp.apiTests.purchase.PurchaseReceiptApiTest]: no resource found for suffixes {-context.xml, Context.groovy}.
2018-12-27 11:25:50.173  INFO 2120 --- [    Test worker] t.c.s.AnnotationConfigContextLoaderUtils : Could not detect default configuration classes for test class [ags.goldenlionerp.apiTests.purchase.PurchaseReceiptApiTest]: PurchaseReceiptApiTest does not declare any static, non-private, non-final, nested classes annotated with @Configuration.
2018-12-27 11:25:50.177  INFO 2120 --- [    Test worker] .b.t.c.SpringBootTestContextBootstrapper : Found @SpringBootConfiguration ags.goldenlionerp.GoldenLionErpApplication for test class ags.goldenlionerp.apiTests.purchase.PurchaseReceiptApiTest
2018-12-27 11:25:50.181  INFO 2120 --- [    Test worker] .b.t.c.SpringBootTestContextBootstrapper : Loaded default TestExecutionListener class names from location [META-INF/spring.factories]: [org.springframework.security.test.context.support.WithSecurityContextTestExecutionListener, org.springframework.security.test.context.support.ReactorContextTestExecutionListener, org.springframework.boot.test.autoconfigure.restdocs.RestDocsTestExecutionListener, org.springframework.boot.test.autoconfigure.web.client.MockRestServiceServerResetTestExecutionListener, org.springframework.boot.test.autoconfigure.web.servlet.MockMvcPrintOnlyOnFailureTestExecutionListener, org.springframework.boot.test.autoconfigure.web.servlet.WebDriverTestExecutionListener, org.springframework.boot.test.mock.mockito.MockitoTestExecutionListener, org.springframework.boot.test.mock.mockito.ResetMocksTestExecutionListener, org.springframework.test.context.web.ServletTestExecutionListener, org.springframework.test.context.support.DirtiesContextBeforeModesTestExecutionListener, org.springframework.test.context.support.DependencyInjectionTestExecutionListener, org.springframework.test.context.support.DirtiesContextTestExecutionListener, org.springframework.test.context.transaction.TransactionalTestExecutionListener, org.springframework.test.context.jdbc.SqlScriptsTestExecutionListener]
2018-12-27 11:25:50.182  INFO 2120 --- [    Test worker] .b.t.c.SpringBootTestContextBootstrapper : Using TestExecutionListeners: [org.springframework.test.context.web.ServletTestExecutionListener@5bb35618, org.springframework.test.context.support.DirtiesContextBeforeModesTestExecutionListener@5999d4c9, org.springframework.boot.test.mock.mockito.MockitoTestExecutionListener@7e3b7a70, org.springframework.boot.test.autoconfigure.SpringBootDependencyInjectionTestExecutionListener@1e7dd1c2, org.springframework.test.context.support.DirtiesContextTestExecutionListener@5fbf4783, org.springframework.test.context.transaction.TransactionalTestExecutionListener@4897ff21, org.springframework.test.context.jdbc.SqlScriptsTestExecutionListener@6ddaf4b9, org.springframework.security.test.context.support.WithSecurityContextTestExecutionListener@1dd9cb01, org.springframework.security.test.context.support.ReactorContextTestExecutionListener@387f0466, org.springframework.boot.test.autoconfigure.restdocs.RestDocsTestExecutionListener@4f668abf, org.springframework.boot.test.autoconfigure.web.client.MockRestServiceServerResetTestExecutionListener@75a3d0d6, org.springframework.boot.test.autoconfigure.web.servlet.MockMvcPrintOnlyOnFailureTestExecutionListener@26719ca0, org.springframework.boot.test.autoconfigure.web.servlet.WebDriverTestExecutionListener@666df03c, org.springframework.boot.test.mock.mockito.ResetMocksTestExecutionListener@1da5bd3c]
2018-12-27 11:25:50.206  INFO 2120 --- [    Test worker] o.s.t.c.transaction.TransactionContext   : Began transaction (1) for test context [DefaultTestContext@4cd7a432 testClass = PurchaseReceiptApiTest, testInstance = ags.goldenlionerp.apiTests.purchase.PurchaseReceiptApiTest@3f1f9372, testMethod = updateTestWithPost@PurchaseReceiptApiTest, testException = [null], mergedContextConfiguration = [WebMergedContextConfiguration@6aa9a5ba testClass = PurchaseReceiptApiTest, locations = '{}', classes = '{class ags.goldenlionerp.GoldenLionErpApplication}', contextInitializerClasses = '[]', activeProfiles = '{}', propertySourceLocations = '{classpath:test.properties}', propertySourceProperties = '{org.springframework.boot.test.context.SpringBootTestContextBootstrapper=true}', contextCustomizers = set[org.springframework.boot.test.autoconfigure.properties.PropertyMappingContextCustomizer@0, org.springframework.boot.test.autoconfigure.web.servlet.WebDriverContextCustomizerFactory$Customizer@636d731e, [ImportsContextCustomizer@6f6d8820 key = [ags.goldenlionerp.apiTests.ApiTestBase$TestConfig]], org.springframework.boot.test.context.filter.ExcludeFilterContextCustomizer@6afa5291, org.springframework.boot.test.json.DuplicateJsonObjectContextCustomizerFactory$DuplicateJsonObjectContextCustomizer@20cebcb4, org.springframework.boot.test.mock.mockito.MockitoContextCustomizer@0, org.springframework.boot.test.web.client.TestRestTemplateContextCustomizer@49a32273], resourceBasePath = 'src/main/webapp', contextLoader = 'org.springframework.boot.test.context.SpringBootContextLoader', parent = [null]], attributes = map['org.springframework.test.context.web.ServletTestExecutionListener.activateListener' -> true, 'org.springframework.test.context.web.ServletTestExecutionListener.populatedRequestContextHolder' -> true, 'org.springframework.test.context.web.ServletTestExecutionListener.resetRequestContextHolder' -> true]]; transaction manager [org.springframework.orm.jpa.JpaTransactionManager@75de8c12]; rollback [true]
2018-12-27 11:25:50.207  INFO 2120 --- [    Test worker] o.s.b.t.m.w.SpringBootMockServletContext : Initializing Spring FrameworkServlet ''
2018-12-27 11:25:50.207  INFO 2120 --- [    Test worker] o.s.t.web.servlet.TestDispatcherServlet  : FrameworkServlet '': initialization started
2018-12-27 11:25:50.214  INFO 2120 --- [    Test worker] o.s.t.web.servlet.TestDispatcherServlet  : FrameworkServlet '': initialization completed in 7 ms
Hibernate: select count(*) as col_0_0_ from t4301 purchaseor0_ where purchaseor0_.ohcoid=? and purchaseor0_.ohdocono=? and purchaseor0_.ohdocoty=?
Hibernate: select company0_.cncoid as cncoid1_9_0_, company0_.cncid as cncid2_9_0_, company0_.cndtin as cndtin3_9_0_, company0_.cntmin as cntmin4_9_0_, company0_.cnuid as cnuid5_9_0_, company0_.cndtlu as cndtlu6_9_0_, company0_.cntmlu as cntmlu7_9_0_, company0_.cnuidm as cnuidm8_9_0_, company0_.cnanum as cnanum9_9_0_, company0_.cncrcb as cncrcb10_9_0_, company0_.cncap as cncap11_9_0_, company0_.cncfy as cncfy12_9_0_, company0_.cncip as cncip13_9_0_, company0_.cncpp as cncpp14_9_0_, company0_.cncrp as cncrp15_9_0_, company0_.cndesb1 as cndesb16_9_0_, company0_.cnfdp as cnfdp17_9_0_ from t0020 company0_ where company0_.cncoid=?
Hibernate: select addressboo0_.adanum as adanum1_16_0_, addressboo0_.adcid as adcid2_16_0_, addressboo0_.addtin as addtin3_16_0_, addressboo0_.adtmin as adtmin4_16_0_, addressboo0_.aduid as aduid5_16_0_, addressboo0_.addtlu as addtlu6_16_0_, addressboo0_.adtmlu as adtmlu7_16_0_, addressboo0_.aduidm as aduidm8_16_0_, addressboo0_.adap as adap9_16_0_, addressboo0_.adar as adar10_16_0_, addressboo0_.adbuid as adbuid11_16_0_, addressboo0_.adcc01 as adcc12_16_0_, addressboo0_.adcc02 as adcc13_16_0_, addressboo0_.adcc03 as adcc14_16_0_, addressboo0_.adcc04 as adcc15_16_0_, addressboo0_.adcc05 as adcc16_16_0_, addressboo0_.adcc06 as adcc17_16_0_, addressboo0_.adcc07 as adcc18_16_0_, addressboo0_.adcc08 as adcc19_16_0_, addressboo0_.adcc09 as adcc20_16_0_, addressboo0_.adcc10 as adcc21_16_0_, addressboo0_.adempl as adempl22_16_0_, addressboo0_.adtmlt as adtmlt23_16_0_, addressboo0_.adlan as adlan24_16_0_, addressboo0_.admlnm as admlnm25_16_0_, addressboo0_.adnm as adnm26_16_0_, addressboo0_.adpan as adpan27_16_0_, addressboo0_.adrecid as adrecid28_16_0_, addressboo0_.adrlid0 as adrlid29_16_0_, addressboo0_.adrlid2 as adrlid30_16_0_, addressboo0_.adrlid3 as adrlid31_16_0_, addressboo0_.adrlid4 as adrlid32_16_0_, addressboo0_.adrlid5 as adrlid33_16_0_, addressboo0_.adrlid6 as adrlid34_16_0_, addressboo0_.adrlid7 as adrlid35_16_0_, addressboo0_.adrlid8 as adrlid36_16_0_, addressboo0_.adrlid9 as adrlid37_16_0_, addressboo0_.adrlid1 as adrlid38_16_0_, addressboo0_.adst as adst39_16_0_, addressboo0_.adtaxid as adtaxid40_16_0_ from t0101 addressboo0_ where addressboo0_.adanum=?
Hibernate: select apsetting0_.pmanum as pmanum1_23_0_, apsetting0_.pmanum as pmanum1_23_1_, apsetting0_.pmcid as pmcid2_23_1_, apsetting0_.pmdtin as pmdtin3_23_1_, apsetting0_.pmtmin as pmtmin4_23_1_, apsetting0_.pmuid as pmuid5_23_1_, apsetting0_.pmdtlu as pmdtlu6_23_1_, apsetting0_.pmtmlu as pmtmlu7_23_1_, apsetting0_.pmuidm as pmuidm8_23_1_, apsetting0_.pmdtls as pmdtls9_23_1_, apsetting0_.pmapcls as pmapcls10_23_1_, apsetting0_.pmcrm as pmcrm11_23_1_, apsetting0_.pmcrct as pmcrct12_23_1_, apsetting0_.pmitc05 as pmitc13_23_1_, apsetting0_.pminsp as pminsp14_23_1_, apsetting0_.pmptc as pmptc15_23_1_, apsetting0_.pmspg as pmspg16_23_1_, apsetting0_.pmtaxau as pmtaxau17_23_1_, apsetting0_.pmtaxcd as pmtaxcd18_23_1_, apsetting0_.pmtaxid as pmtaxid19_23_1_ from t0401 apsetting0_ where apsetting0_.pmanum=?
Hibernate: select itemmaster0_.iminum as iminum1_31_0_, itemmaster0_.imcid as imcid2_31_0_, itemmaster0_.imdtin as imdtin3_31_0_, itemmaster0_.imtmin as imtmin4_31_0_, itemmaster0_.imuid as imuid5_31_0_, itemmaster0_.imdtlu as imdtlu6_31_0_, itemmaster0_.imtmlu as imtmlu7_31_0_, itemmaster0_.imuidm as imuidm8_31_0_, itemmaster0_.iminumb as iminumb9_31_0_, itemmaster0_.imctm as imctm10_31_0_, itemmaster0_.imitc02 as imitc11_31_0_, itemmaster0_.imitc01 as imitc12_31_0_, itemmaster0_.imitc10 as imitc13_31_0_, itemmaster0_.imitc04 as imitc14_31_0_, itemmaster0_.imitc06 as imitc15_31_0_, itemmaster0_.imitc07 as imitc16_31_0_, itemmaster0_.imitc08 as imitc17_31_0_, itemmaster0_.imitc09 as imitc18_31_0_, itemmaster0_.imitc05 as imitc19_31_0_, itemmaster0_.imslrc0 as imslrc20_31_0_, itemmaster0_.imslrc1 as imslrc21_31_0_, itemmaster0_.imslrc2 as imslrc22_31_0_, itemmaster0_.imslrc3 as imslrc23_31_0_, itemmaster0_.imslrc4 as imslrc24_31_0_, itemmaster0_.imslrc5 as imslrc25_31_0_, itemmaster0_.imslrc6 as imslrc26_31_0_, itemmaster0_.imslrc7 as imslrc27_31_0_, itemmaster0_.imslrc8 as imslrc28_31_0_, itemmaster0_.imslrc9 as imslrc29_31_0_, itemmaster0_.imitc03 as imitc30_31_0_, itemmaster0_.imdesb1 as imdesb31_31_0_, itemmaster0_.imdesd1 as imdesd32_31_0_, itemmaster0_.imglcls as imglcls33_31_0_, itemmaster0_.imicl as imicl34_31_0_, itemmaster0_.imilc as imilc35_31_0_, itemmaster0_.iminums as iminums36_31_0_, itemmaster0_.imipg as imipg37_31_0_, itemmaster0_.imlsc as imlsc38_31_0_, itemmaster0_.imdaqc as imdaqc39_31_0_, itemmaster0_.imgscrt as imgscrt40_31_0_, itemmaster0_.imsiops as imsiops41_31_0_, itemmaster0_.imbpid as imbpid42_31_0_, itemmaster0_.imcsid as imcsid43_31_0_, itemmaster0_.imudf as imudf44_31_0_, itemmaster0_.impmmf as impmmf45_31_0_, itemmaster0_.imrbii as imrbii46_31_0_, itemmaster0_.imrbim as imrbim47_31_0_, itemmaster0_.imrbis as imrbis48_31_0_, itemmaster0_.imvnid as imvnid49_31_0_, itemmaster0_.imtaxpc as imtaxpc50_31_0_, itemmaster0_.imtaxsc as imtaxsc51_31_0_, itemmaster0_.iminump as iminump52_31_0_, itemmaster0_.implg as implg53_31_0_, itemmaster0_.imppl as imppl54_31_0_, itemmaster0_.imspl as imspl55_31_0_, itemmaster0_.imsnr as imsnr56_31_0_, itemmaster0_.imskty as imskty57_31_0_, itemmaster0_.imlnty as imlnty58_31_0_, itemmaster0_.imuom9 as imuom59_31_0_, itemmaster0_.imdppo as imdppo60_31_0_, itemmaster0_.imdlum as imdlum61_31_0_, itemmaster0_.imdlump as imdlump62_31_0_, itemmaster0_.imdlumt as imdlumt63_31_0_, itemmaster0_.imuom5 as imuom64_31_0_, itemmaster0_.imuom1 as imuom65_31_0_, itemmaster0_.imuom8 as imuom66_31_0_, itemmaster0_.imuom3 as imuom67_31_0_, itemmaster0_.imuom4 as imuom68_31_0_, itemmaster0_.imuom2 as imuom69_31_0_, itemmaster0_.imuom6 as imuom70_31_0_, itemmaster0_.imuoms as imuoms71_31_0_, itemmaster0_.imuomt as imuomt72_31_0_, itemmaster0_.imuomv as imuomv73_31_0_, itemmaster0_.imwcf as imwcf74_31_0_, itemmaster0_.imuomw as imuomw75_31_0_, itemmaster0_.imvict as imvict76_31_0_ from t4101 itemmaster0_ where itemmaster0_.iminum=?
Hibernate: select itemmaster0_.iminum as iminum1_31_0_, itemmaster0_.imcid as imcid2_31_0_, itemmaster0_.imdtin as imdtin3_31_0_, itemmaster0_.imtmin as imtmin4_31_0_, itemmaster0_.imuid as imuid5_31_0_, itemmaster0_.imdtlu as imdtlu6_31_0_, itemmaster0_.imtmlu as imtmlu7_31_0_, itemmaster0_.imuidm as imuidm8_31_0_, itemmaster0_.iminumb as iminumb9_31_0_, itemmaster0_.imctm as imctm10_31_0_, itemmaster0_.imitc02 as imitc11_31_0_, itemmaster0_.imitc01 as imitc12_31_0_, itemmaster0_.imitc10 as imitc13_31_0_, itemmaster0_.imitc04 as imitc14_31_0_, itemmaster0_.imitc06 as imitc15_31_0_, itemmaster0_.imitc07 as imitc16_31_0_, itemmaster0_.imitc08 as imitc17_31_0_, itemmaster0_.imitc09 as imitc18_31_0_, itemmaster0_.imitc05 as imitc19_31_0_, itemmaster0_.imslrc0 as imslrc20_31_0_, itemmaster0_.imslrc1 as imslrc21_31_0_, itemmaster0_.imslrc2 as imslrc22_31_0_, itemmaster0_.imslrc3 as imslrc23_31_0_, itemmaster0_.imslrc4 as imslrc24_31_0_, itemmaster0_.imslrc5 as imslrc25_31_0_, itemmaster0_.imslrc6 as imslrc26_31_0_, itemmaster0_.imslrc7 as imslrc27_31_0_, itemmaster0_.imslrc8 as imslrc28_31_0_, itemmaster0_.imslrc9 as imslrc29_31_0_, itemmaster0_.imitc03 as imitc30_31_0_, itemmaster0_.imdesb1 as imdesb31_31_0_, itemmaster0_.imdesd1 as imdesd32_31_0_, itemmaster0_.imglcls as imglcls33_31_0_, itemmaster0_.imicl as imicl34_31_0_, itemmaster0_.imilc as imilc35_31_0_, itemmaster0_.iminums as iminums36_31_0_, itemmaster0_.imipg as imipg37_31_0_, itemmaster0_.imlsc as imlsc38_31_0_, itemmaster0_.imdaqc as imdaqc39_31_0_, itemmaster0_.imgscrt as imgscrt40_31_0_, itemmaster0_.imsiops as imsiops41_31_0_, itemmaster0_.imbpid as imbpid42_31_0_, itemmaster0_.imcsid as imcsid43_31_0_, itemmaster0_.imudf as imudf44_31_0_, itemmaster0_.impmmf as impmmf45_31_0_, itemmaster0_.imrbii as imrbii46_31_0_, itemmaster0_.imrbim as imrbim47_31_0_, itemmaster0_.imrbis as imrbis48_31_0_, itemmaster0_.imvnid as imvnid49_31_0_, itemmaster0_.imtaxpc as imtaxpc50_31_0_, itemmaster0_.imtaxsc as imtaxsc51_31_0_, itemmaster0_.iminump as iminump52_31_0_, itemmaster0_.implg as implg53_31_0_, itemmaster0_.imppl as imppl54_31_0_, itemmaster0_.imspl as imspl55_31_0_, itemmaster0_.imsnr as imsnr56_31_0_, itemmaster0_.imskty as imskty57_31_0_, itemmaster0_.imlnty as imlnty58_31_0_, itemmaster0_.imuom9 as imuom59_31_0_, itemmaster0_.imdppo as imdppo60_31_0_, itemmaster0_.imdlum as imdlum61_31_0_, itemmaster0_.imdlump as imdlump62_31_0_, itemmaster0_.imdlumt as imdlumt63_31_0_, itemmaster0_.imuom5 as imuom64_31_0_, itemmaster0_.imuom1 as imuom65_31_0_, itemmaster0_.imuom8 as imuom66_31_0_, itemmaster0_.imuom3 as imuom67_31_0_, itemmaster0_.imuom4 as imuom68_31_0_, itemmaster0_.imuom2 as imuom69_31_0_, itemmaster0_.imuom6 as imuom70_31_0_, itemmaster0_.imuoms as imuoms71_31_0_, itemmaster0_.imuomt as imuomt72_31_0_, itemmaster0_.imuomv as imuomv73_31_0_, itemmaster0_.imwcf as imwcf74_31_0_, itemmaster0_.imuomw as imuomw75_31_0_, itemmaster0_.imvict as imvict76_31_0_ from t4101 itemmaster0_ where itemmaster0_.iminum=?
Hibernate: select itemlocati0_.ilinum as ilinum2_33_0_, itemlocati0_.ilbuid as ilbuid1_33_0_, itemlocati0_.illocid as illocid3_33_0_, itemlocati0_.ilsnlot as ilsnlot4_33_0_, itemlocati0_.ilbuid as ilbuid1_33_1_, itemlocati0_.ilinum as ilinum2_33_1_, itemlocati0_.illocid as illocid3_33_1_, itemlocati0_.ilsnlot as ilsnlot4_33_1_, itemlocati0_.ilcid as ilcid5_33_1_, itemlocati0_.ildtin as ildtin6_33_1_, itemlocati0_.iltmin as iltmin7_33_1_, itemlocati0_.iluid as iluid8_33_1_, itemlocati0_.ildtlu as ildtlu9_33_1_, itemlocati0_.iltmlu as iltmlu10_33_1_, itemlocati0_.iluidm as iluidm11_33_1_, itemlocati0_.ildtlt as ildtlt12_33_1_, itemlocati0_.ilexpdt as ilexpdt13_33_1_, itemlocati0_.ilglcls as ilglcls14_33_1_, itemlocati0_.illocst as illocst15_33_1_, itemlocati0_.illsc as illsc16_33_1_, itemlocati0_.ilpqoh as ilpqoh17_33_1_, itemlocati0_.ilqtib as ilqtib18_33_1_, itemlocati0_.ilqtin as ilqtin19_33_1_, itemlocati0_.ilqttr as ilqttr20_33_1_, itemlocati0_.ilqobo as ilqobo21_33_1_, itemlocati0_.ilqohc as ilqohc22_33_1_, itemlocati0_.ilqopo as ilqopo23_33_1_, itemlocati0_.ilqoso as ilqoso24_33_1_, itemlocati0_.ilqosc as ilqosc25_33_1_, itemlocati0_.ilqowo as ilqowo26_33_1_, itemlocati0_.ilqowh as ilqowh27_33_1_, itemlocati0_.ilqows as ilqows28_33_1_, itemlocati0_.ilqot1 as ilqot29_33_1_, itemlocati0_.ilqot2 as ilqot30_33_1_, itemlocati0_.ilqot3 as ilqot31_33_1_, itemlocati0_.ilqtob as ilqtob32_33_1_, itemlocati0_.ilsqoh as ilsqoh33_33_1_, itemlocati0_.ilsqpo as ilsqpo34_33_1_, itemlocati0_.ilsqso as ilsqso35_33_1_, itemlocati0_.ilsqwo as ilsqwo36_33_1_, itemlocati0_.iluom as iluom37_33_1_, itemlocati0_.iluom1 as iluom38_33_1_, itemlocati0_.iluom2 as iluom39_33_1_ from t41021 itemlocati0_ where itemlocati0_.ilinum=?
Hibernate: select lotmaster0_.ltbuid as ltbuid1_34_0_, lotmaster0_.ltinum as ltinum2_34_0_, lotmaster0_.ltsnlot as ltsnlot3_34_0_, lotmaster0_.ltcid as ltcid4_34_0_, lotmaster0_.ltdtin as ltdtin5_34_0_, lotmaster0_.lttmin as lttmin6_34_0_, lotmaster0_.ltuid as ltuid7_34_0_, lotmaster0_.ltdtlu as ltdtlu8_34_0_, lotmaster0_.lttmlu as lttmlu9_34_0_, lotmaster0_.ltuidm as ltuidm10_34_0_, lotmaster0_.ltbodt as ltbodt11_34_0_, lotmaster0_.ltbbdt as ltbbdt12_34_0_, lotmaster0_.ltcldt as ltcldt13_34_0_, lotmaster0_.ltexpdt as ltexpdt14_34_0_, lotmaster0_.ltldsc as ltldsc15_34_0_, lotmaster0_.ltledt as ltledt16_34_0_, lotmaster0_.ltlsc as ltlsc17_34_0_, lotmaster0_.ltmlot1 as ltmlot18_34_0_, lotmaster0_.ltmlot2 as ltmlot19_34_0_, lotmaster0_.ltmlot3 as ltmlot20_34_0_, lotmaster0_.ltohdt as ltohdt21_34_0_, lotmaster0_.ltsern as ltsern22_34_0_ from t4108 lotmaster0_ where lotmaster0_.ltbuid=? and lotmaster0_.ltinum=? and lotmaster0_.ltsnlot=?
Hibernate: select lotmaster0_.ltbuid as ltbuid1_34_0_, lotmaster0_.ltinum as ltinum2_34_0_, lotmaster0_.ltsnlot as ltsnlot3_34_0_, lotmaster0_.ltcid as ltcid4_34_0_, lotmaster0_.ltdtin as ltdtin5_34_0_, lotmaster0_.lttmin as lttmin6_34_0_, lotmaster0_.ltuid as ltuid7_34_0_, lotmaster0_.ltdtlu as ltdtlu8_34_0_, lotmaster0_.lttmlu as lttmlu9_34_0_, lotmaster0_.ltuidm as ltuidm10_34_0_, lotmaster0_.ltbodt as ltbodt11_34_0_, lotmaster0_.ltbbdt as ltbbdt12_34_0_, lotmaster0_.ltcldt as ltcldt13_34_0_, lotmaster0_.ltexpdt as ltexpdt14_34_0_, lotmaster0_.ltldsc as ltldsc15_34_0_, lotmaster0_.ltledt as ltledt16_34_0_, lotmaster0_.ltlsc as ltlsc17_34_0_, lotmaster0_.ltmlot1 as ltmlot18_34_0_, lotmaster0_.ltmlot2 as ltmlot19_34_0_, lotmaster0_.ltmlot3 as ltmlot20_34_0_, lotmaster0_.ltohdt as ltohdt21_34_0_, lotmaster0_.ltsern as ltsern22_34_0_ from t4108 lotmaster0_ where lotmaster0_.ltbuid=? and lotmaster0_.ltinum=? and lotmaster0_.ltsnlot=?
Hibernate: select itemmaster0_.iminum as iminum1_31_0_, itemmaster0_.imcid as imcid2_31_0_, itemmaster0_.imdtin as imdtin3_31_0_, itemmaster0_.imtmin as imtmin4_31_0_, itemmaster0_.imuid as imuid5_31_0_, itemmaster0_.imdtlu as imdtlu6_31_0_, itemmaster0_.imtmlu as imtmlu7_31_0_, itemmaster0_.imuidm as imuidm8_31_0_, itemmaster0_.iminumb as iminumb9_31_0_, itemmaster0_.imctm as imctm10_31_0_, itemmaster0_.imitc02 as imitc11_31_0_, itemmaster0_.imitc01 as imitc12_31_0_, itemmaster0_.imitc10 as imitc13_31_0_, itemmaster0_.imitc04 as imitc14_31_0_, itemmaster0_.imitc06 as imitc15_31_0_, itemmaster0_.imitc07 as imitc16_31_0_, itemmaster0_.imitc08 as imitc17_31_0_, itemmaster0_.imitc09 as imitc18_31_0_, itemmaster0_.imitc05 as imitc19_31_0_, itemmaster0_.imslrc0 as imslrc20_31_0_, itemmaster0_.imslrc1 as imslrc21_31_0_, itemmaster0_.imslrc2 as imslrc22_31_0_, itemmaster0_.imslrc3 as imslrc23_31_0_, itemmaster0_.imslrc4 as imslrc24_31_0_, itemmaster0_.imslrc5 as imslrc25_31_0_, itemmaster0_.imslrc6 as imslrc26_31_0_, itemmaster0_.imslrc7 as imslrc27_31_0_, itemmaster0_.imslrc8 as imslrc28_31_0_, itemmaster0_.imslrc9 as imslrc29_31_0_, itemmaster0_.imitc03 as imitc30_31_0_, itemmaster0_.imdesb1 as imdesb31_31_0_, itemmaster0_.imdesd1 as imdesd32_31_0_, itemmaster0_.imglcls as imglcls33_31_0_, itemmaster0_.imicl as imicl34_31_0_, itemmaster0_.imilc as imilc35_31_0_, itemmaster0_.iminums as iminums36_31_0_, itemmaster0_.imipg as imipg37_31_0_, itemmaster0_.imlsc as imlsc38_31_0_, itemmaster0_.imdaqc as imdaqc39_31_0_, itemmaster0_.imgscrt as imgscrt40_31_0_, itemmaster0_.imsiops as imsiops41_31_0_, itemmaster0_.imbpid as imbpid42_31_0_, itemmaster0_.imcsid as imcsid43_31_0_, itemmaster0_.imudf as imudf44_31_0_, itemmaster0_.impmmf as impmmf45_31_0_, itemmaster0_.imrbii as imrbii46_31_0_, itemmaster0_.imrbim as imrbim47_31_0_, itemmaster0_.imrbis as imrbis48_31_0_, itemmaster0_.imvnid as imvnid49_31_0_, itemmaster0_.imtaxpc as imtaxpc50_31_0_, itemmaster0_.imtaxsc as imtaxsc51_31_0_, itemmaster0_.iminump as iminump52_31_0_, itemmaster0_.implg as implg53_31_0_, itemmaster0_.imppl as imppl54_31_0_, itemmaster0_.imspl as imspl55_31_0_, itemmaster0_.imsnr as imsnr56_31_0_, itemmaster0_.imskty as imskty57_31_0_, itemmaster0_.imlnty as imlnty58_31_0_, itemmaster0_.imuom9 as imuom59_31_0_, itemmaster0_.imdppo as imdppo60_31_0_, itemmaster0_.imdlum as imdlum61_31_0_, itemmaster0_.imdlump as imdlump62_31_0_, itemmaster0_.imdlumt as imdlumt63_31_0_, itemmaster0_.imuom5 as imuom64_31_0_, itemmaster0_.imuom1 as imuom65_31_0_, itemmaster0_.imuom8 as imuom66_31_0_, itemmaster0_.imuom3 as imuom67_31_0_, itemmaster0_.imuom4 as imuom68_31_0_, itemmaster0_.imuom2 as imuom69_31_0_, itemmaster0_.imuom6 as imuom70_31_0_, itemmaster0_.imuoms as imuoms71_31_0_, itemmaster0_.imuomt as imuomt72_31_0_, itemmaster0_.imuomv as imuomv73_31_0_, itemmaster0_.imwcf as imwcf74_31_0_, itemmaster0_.imuomw as imuomw75_31_0_, itemmaster0_.imvict as imvict76_31_0_ from t4101 itemmaster0_ where itemmaster0_.iminum=?
Hibernate: select itemlocati0_.ilinum as ilinum2_33_0_, itemlocati0_.ilbuid as ilbuid1_33_0_, itemlocati0_.illocid as illocid3_33_0_, itemlocati0_.ilsnlot as ilsnlot4_33_0_, itemlocati0_.ilbuid as ilbuid1_33_1_, itemlocati0_.ilinum as ilinum2_33_1_, itemlocati0_.illocid as illocid3_33_1_, itemlocati0_.ilsnlot as ilsnlot4_33_1_, itemlocati0_.ilcid as ilcid5_33_1_, itemlocati0_.ildtin as ildtin6_33_1_, itemlocati0_.iltmin as iltmin7_33_1_, itemlocati0_.iluid as iluid8_33_1_, itemlocati0_.ildtlu as ildtlu9_33_1_, itemlocati0_.iltmlu as iltmlu10_33_1_, itemlocati0_.iluidm as iluidm11_33_1_, itemlocati0_.ildtlt as ildtlt12_33_1_, itemlocati0_.ilexpdt as ilexpdt13_33_1_, itemlocati0_.ilglcls as ilglcls14_33_1_, itemlocati0_.illocst as illocst15_33_1_, itemlocati0_.illsc as illsc16_33_1_, itemlocati0_.ilpqoh as ilpqoh17_33_1_, itemlocati0_.ilqtib as ilqtib18_33_1_, itemlocati0_.ilqtin as ilqtin19_33_1_, itemlocati0_.ilqttr as ilqttr20_33_1_, itemlocati0_.ilqobo as ilqobo21_33_1_, itemlocati0_.ilqohc as ilqohc22_33_1_, itemlocati0_.ilqopo as ilqopo23_33_1_, itemlocati0_.ilqoso as ilqoso24_33_1_, itemlocati0_.ilqosc as ilqosc25_33_1_, itemlocati0_.ilqowo as ilqowo26_33_1_, itemlocati0_.ilqowh as ilqowh27_33_1_, itemlocati0_.ilqows as ilqows28_33_1_, itemlocati0_.ilqot1 as ilqot29_33_1_, itemlocati0_.ilqot2 as ilqot30_33_1_, itemlocati0_.ilqot3 as ilqot31_33_1_, itemlocati0_.ilqtob as ilqtob32_33_1_, itemlocati0_.ilsqoh as ilsqoh33_33_1_, itemlocati0_.ilsqpo as ilsqpo34_33_1_, itemlocati0_.ilsqso as ilsqso35_33_1_, itemlocati0_.ilsqwo as ilsqwo36_33_1_, itemlocati0_.iluom as iluom37_33_1_, itemlocati0_.iluom1 as iluom38_33_1_, itemlocati0_.iluom2 as iluom39_33_1_ from t41021 itemlocati0_ where itemlocati0_.ilinum=?
Hibernate: select lotmaster0_.ltbuid as ltbuid1_34_0_, lotmaster0_.ltinum as ltinum2_34_0_, lotmaster0_.ltsnlot as ltsnlot3_34_0_, lotmaster0_.ltcid as ltcid4_34_0_, lotmaster0_.ltdtin as ltdtin5_34_0_, lotmaster0_.lttmin as lttmin6_34_0_, lotmaster0_.ltuid as ltuid7_34_0_, lotmaster0_.ltdtlu as ltdtlu8_34_0_, lotmaster0_.lttmlu as lttmlu9_34_0_, lotmaster0_.ltuidm as ltuidm10_34_0_, lotmaster0_.ltbodt as ltbodt11_34_0_, lotmaster0_.ltbbdt as ltbbdt12_34_0_, lotmaster0_.ltcldt as ltcldt13_34_0_, lotmaster0_.ltexpdt as ltexpdt14_34_0_, lotmaster0_.ltldsc as ltldsc15_34_0_, lotmaster0_.ltledt as ltledt16_34_0_, lotmaster0_.ltlsc as ltlsc17_34_0_, lotmaster0_.ltmlot1 as ltmlot18_34_0_, lotmaster0_.ltmlot2 as ltmlot19_34_0_, lotmaster0_.ltmlot3 as ltmlot20_34_0_, lotmaster0_.ltohdt as ltohdt21_34_0_, lotmaster0_.ltsern as ltsern22_34_0_ from t4108 lotmaster0_ where lotmaster0_.ltbuid=? and lotmaster0_.ltinum=? and lotmaster0_.ltsnlot=?
Hibernate: select lotmaster0_.ltbuid as ltbuid1_34_0_, lotmaster0_.ltinum as ltinum2_34_0_, lotmaster0_.ltsnlot as ltsnlot3_34_0_, lotmaster0_.ltcid as ltcid4_34_0_, lotmaster0_.ltdtin as ltdtin5_34_0_, lotmaster0_.lttmin as lttmin6_34_0_, lotmaster0_.ltuid as ltuid7_34_0_, lotmaster0_.ltdtlu as ltdtlu8_34_0_, lotmaster0_.lttmlu as lttmlu9_34_0_, lotmaster0_.ltuidm as ltuidm10_34_0_, lotmaster0_.ltbodt as ltbodt11_34_0_, lotmaster0_.ltbbdt as ltbbdt12_34_0_, lotmaster0_.ltcldt as ltcldt13_34_0_, lotmaster0_.ltexpdt as ltexpdt14_34_0_, lotmaster0_.ltldsc as ltldsc15_34_0_, lotmaster0_.ltledt as ltledt16_34_0_, lotmaster0_.ltlsc as ltlsc17_34_0_, lotmaster0_.ltmlot1 as ltmlot18_34_0_, lotmaster0_.ltmlot2 as ltmlot19_34_0_, lotmaster0_.ltmlot3 as ltmlot20_34_0_, lotmaster0_.ltohdt as ltohdt21_34_0_, lotmaster0_.ltsern as ltsern22_34_0_ from t4108 lotmaster0_ where lotmaster0_.ltbuid=? and lotmaster0_.ltinum=? and lotmaster0_.ltsnlot=?
Hibernate: select lotmaster0_.ltbuid as ltbuid1_34_0_, lotmaster0_.ltinum as ltinum2_34_0_, lotmaster0_.ltsnlot as ltsnlot3_34_0_, lotmaster0_.ltcid as ltcid4_34_0_, lotmaster0_.ltdtin as ltdtin5_34_0_, lotmaster0_.lttmin as lttmin6_34_0_, lotmaster0_.ltuid as ltuid7_34_0_, lotmaster0_.ltdtlu as ltdtlu8_34_0_, lotmaster0_.lttmlu as lttmlu9_34_0_, lotmaster0_.ltuidm as ltuidm10_34_0_, lotmaster0_.ltbodt as ltbodt11_34_0_, lotmaster0_.ltbbdt as ltbbdt12_34_0_, lotmaster0_.ltcldt as ltcldt13_34_0_, lotmaster0_.ltexpdt as ltexpdt14_34_0_, lotmaster0_.ltldsc as ltldsc15_34_0_, lotmaster0_.ltledt as ltledt16_34_0_, lotmaster0_.ltlsc as ltlsc17_34_0_, lotmaster0_.ltmlot1 as ltmlot18_34_0_, lotmaster0_.ltmlot2 as ltmlot19_34_0_, lotmaster0_.ltmlot3 as ltmlot20_34_0_, lotmaster0_.ltohdt as ltohdt21_34_0_, lotmaster0_.ltsern as ltsern22_34_0_ from t4108 lotmaster0_ where lotmaster0_.ltbuid=? and lotmaster0_.ltinum=? and lotmaster0_.ltsnlot=?
Hibernate: select lotmaster0_.ltbuid as ltbuid1_34_0_, lotmaster0_.ltinum as ltinum2_34_0_, lotmaster0_.ltsnlot as ltsnlot3_34_0_, lotmaster0_.ltcid as ltcid4_34_0_, lotmaster0_.ltdtin as ltdtin5_34_0_, lotmaster0_.lttmin as lttmin6_34_0_, lotmaster0_.ltuid as ltuid7_34_0_, lotmaster0_.ltdtlu as ltdtlu8_34_0_, lotmaster0_.lttmlu as lttmlu9_34_0_, lotmaster0_.ltuidm as ltuidm10_34_0_, lotmaster0_.ltbodt as ltbodt11_34_0_, lotmaster0_.ltbbdt as ltbbdt12_34_0_, lotmaster0_.ltcldt as ltcldt13_34_0_, lotmaster0_.ltexpdt as ltexpdt14_34_0_, lotmaster0_.ltldsc as ltldsc15_34_0_, lotmaster0_.ltledt as ltledt16_34_0_, lotmaster0_.ltlsc as ltlsc17_34_0_, lotmaster0_.ltmlot1 as ltmlot18_34_0_, lotmaster0_.ltmlot2 as ltmlot19_34_0_, lotmaster0_.ltmlot3 as ltmlot20_34_0_, lotmaster0_.ltohdt as ltohdt21_34_0_, lotmaster0_.ltsern as ltsern22_34_0_ from t4108 lotmaster0_ where lotmaster0_.ltbuid=? and lotmaster0_.ltinum=? and lotmaster0_.ltsnlot=?
Hibernate: select discountma0_.dudccd as dudccd1_13_0_, discountma0_.ducid as ducid2_13_0_, discountma0_.dudtin as dudtin3_13_0_, discountma0_.dutmin as dutmin4_13_0_, discountma0_.duuid as duuid5_13_0_, discountma0_.dudtlu as dudtlu6_13_0_, discountma0_.dutmlu as dutmlu7_13_0_, discountma0_.duuidm as duuidm8_13_0_, discountma0_.dudesb1 as dudesb9_13_0_, discountma0_.duamt01 as duamt10_13_0_, discountma0_.duamt02 as duamt11_13_0_, discountma0_.duamt03 as duamt12_13_0_, discountma0_.duamt04 as duamt13_13_0_, discountma0_.duamt05 as duamt14_13_0_, discountma0_.dupcn01 as dupcn15_13_0_, discountma0_.dupcn02 as dupcn16_13_0_, discountma0_.dupcn03 as dupcn17_13_0_, discountma0_.dupcn04 as dupcn18_13_0_, discountma0_.dupcn05 as dupcn19_13_0_, discountma0_.duobid as duobid20_13_0_ from t0026 discountma0_ where discountma0_.dudccd=?
Hibernate: select discountma0_.dudccd as dudccd1_13_0_, discountma0_.ducid as ducid2_13_0_, discountma0_.dudtin as dudtin3_13_0_, discountma0_.dutmin as dutmin4_13_0_, discountma0_.duuid as duuid5_13_0_, discountma0_.dudtlu as dudtlu6_13_0_, discountma0_.dutmlu as dutmlu7_13_0_, discountma0_.duuidm as duuidm8_13_0_, discountma0_.dudesb1 as dudesb9_13_0_, discountma0_.duamt01 as duamt10_13_0_, discountma0_.duamt02 as duamt11_13_0_, discountma0_.duamt03 as duamt12_13_0_, discountma0_.duamt04 as duamt13_13_0_, discountma0_.duamt05 as duamt14_13_0_, discountma0_.dupcn01 as dupcn15_13_0_, discountma0_.dupcn02 as dupcn16_13_0_, discountma0_.dupcn03 as dupcn17_13_0_, discountma0_.dupcn04 as dupcn18_13_0_, discountma0_.dupcn05 as dupcn19_13_0_, discountma0_.duobid as duobid20_13_0_ from t0026 discountma0_ where discountma0_.dudccd=?
Hibernate: select taxrule0_.tsefdt as tsefdt1_12_, taxrule0_.tstaxcd as tstaxcd2_12_, taxrule0_.tscid as tscid3_12_, taxrule0_.tsdtin as tsdtin4_12_, taxrule0_.tstmin as tstmin5_12_, taxrule0_.tsuid as tsuid6_12_, taxrule0_.tsdtlu as tsdtlu7_12_, taxrule0_.tstmlu as tstmlu8_12_, taxrule0_.tsuidm as tsuidm9_12_, taxrule0_.tsdesb1 as tsdesb10_12_, taxrule0_.tsdocty as tsdocty11_12_, taxrule0_.tsexpdt as tsexpdt12_12_, taxrule0_.tstaxal as tstaxal13_12_, taxrule0_.tstaxau1 as tstaxau14_12_, taxrule0_.tstaxau2 as tstaxau15_12_, taxrule0_.tstaxau3 as tstaxau16_12_, taxrule0_.tstaxau4 as tstaxau17_12_, taxrule0_.tstaxau5 as tstaxau18_12_, taxrule0_.tstaxcl1 as tstaxcl19_12_, taxrule0_.tstaxcl2 as tstaxcl20_12_, taxrule0_.tstaxcl3 as tstaxcl21_12_, taxrule0_.tstaxcl4 as tstaxcl22_12_, taxrule0_.tstaxcl5 as tstaxcl23_12_, taxrule0_.tspcn01 as tspcn24_12_, taxrule0_.tspcn02 as tspcn25_12_, taxrule0_.tspcn03 as tspcn26_12_, taxrule0_.tspcn04 as tspcn27_12_, taxrule0_.tspcn05 as tspcn28_12_ from t0025 taxrule0_ where taxrule0_.tstaxcd=? and taxrule0_.tsefdt<=? and taxrule0_.tsexpdt>? order by taxrule0_.tsefdt asc offset 0 rows fetch next ? rows only
Hibernate: select purchaseor0_.ohcoid as ohcoid1_39_1_, purchaseor0_.ohdocono as ohdocono2_39_1_, purchaseor0_.ohdocoty as ohdocoty3_39_1_, purchaseor0_.ohcid as ohcid4_39_1_, purchaseor0_.ohdtin as ohdtin5_39_1_, purchaseor0_.ohtmin as ohtmin6_39_1_, purchaseor0_.ohuid as ohuid7_39_1_, purchaseor0_.ohdtlu as ohdtlu8_39_1_, purchaseor0_.ohtmlu as ohtmlu9_39_1_, purchaseor0_.ohuidm as ohuidm10_39_1_, purchaseor0_.ohaprcd as ohaprcd11_39_1_, purchaseor0_.ohcrcb as ohcrcb12_39_1_, purchaseor0_.ohbuid as ohbuid13_39_1_, purchaseor0_.ohcldt as ohcldt14_39_1_, purchaseor0_.ohcot as ohcot15_39_1_, purchaseor0_.ohcsid as ohcsid16_39_1_, purchaseor0_.ohdesb1 as ohdesb17_39_1_, purchaseor0_.ohdccd as ohdccd18_39_1_, purchaseor0_.ohdcrt as ohdcrt19_39_1_, purchaseor0_.ohexcrt as ohexcrt20_39_1_, purchaseor0_.ohgldt as ohgldt21_39_1_, purchaseor0_.ohidd as ohidd22_39_1_, purchaseor0_.ohidn as ohidn23_39_1_, purchaseor0_.ohlst as ohlst24_39_1_, purchaseor0_.ohnst as ohnst25_39_1_, purchaseor0_.ohobid as ohobid26_39_1_, purchaseor0_.ohordt as ohordt27_39_1_, purchaseor0_.ohptc as ohptc28_39_1_, purchaseor0_.ohpoa as ohpoa29_39_1_, purchaseor0_.ohpod as ohpod30_39_1_, purchaseor0_.ohpjid as ohpjid31_39_1_, purchaseor0_.ohpddt as ohpddt32_39_1_, purchaseor0_.ohrcdt as ohrcdt33_39_1_, purchaseor0_.ohstid as ohstid34_39_1_, purchaseor0_.ohrqdt as ohrqdt35_39_1_, purchaseor0_.ohtaxal as ohtaxal36_39_1_, purchaseor0_.ohtaxcd as ohtaxcd37_39_1_, purchaseor0_.ohtaxrt as ohtaxrt38_39_1_, purchaseor0_.ohcrct as ohcrct39_39_1_, purchaseor0_.ohdesc1 as ohdesc40_39_1_, purchaseor0_.ohdesc2 as ohdesc41_39_1_, purchaseor0_.ohvhrn as ohvhrn42_39_1_, purchaseor0_.ohvhty as ohvhty43_39_1_, purchaseor0_.ohvnid as ohvnid44_39_1_, details1_.odcoid as odcoid1_40_3_, details1_.oddocono as oddocono2_40_3_, details1_.oddocoty as oddocoty4_40_3_, details1_.oddocosq as oddocosq3_40_3_, details1_.odcoid as odcoid1_40_0_, details1_.oddocono as oddocono2_40_0_, details1_.oddocosq as oddocosq3_40_0_, details1_.oddocoty as oddocoty4_40_0_, details1_.odcid as odcid5_40_0_, details1_.oddtin as oddtin6_40_0_, details1_.odtmin as odtmin7_40_0_, details1_.oduid as oduid8_40_0_, details1_.oddtlu as oddtlu9_40_0_, details1_.odtmlu as odtmlu10_40_0_, details1_.oduidm as oduidm11_40_0_, details1_.odacid as odacid12_40_0_, details1_.odaprcd as odaprcd13_40_0_, details1_.odcrcb as odcrcb14_40_0_, details1_.oditc02 as oditc15_40_0_, details1_.odbuid as odbuid16_40_0_, details1_.odqtycl as odqtycl17_40_0_, details1_.oditc01 as oditc18_40_0_, details1_.odcldt as odcldt19_40_0_, details1_.odcsid as odcsid20_40_0_, details1_.oddccd as oddccd21_40_0_, details1_.oddcrt as oddcrt22_40_0_, details1_.odexcrt as odexcrt23_40_0_, details1_.odexcost as odexcos24_40_0_, details1_.odqtyx as odqtyx25_40_0_, details1_.oducfx as oducfx26_40_0_, details1_.oduncostx as oduncos27_40_0_, details1_.oduomx as oduomx28_40_0_, details1_.odfec as odfec29_40_0_, details1_.odfta as odfta30_40_0_, details1_.odftb as odftb31_40_0_, details1_.odfuc as odfuc32_40_0_, details1_.odglcls as odglcls33_40_0_, details1_.odgldt as odgldt34_40_0_, details1_.odir02 as odir35_40_0_, details1_.odir01 as odir36_40_0_, details1_.odir03 as odir37_40_0_, details1_.odinum as odinum38_40_0_, details1_.oddesb1 as oddesb39_40_0_, details1_.oditc05 as oditc40_40_0_, details1_.odlst as odlst41_40_0_, details1_.odlnty as odlnty42_40_0_, details1_.odlocid as odlocid43_40_0_, details1_.odnst as odnst44_40_0_, details1_.odobid as odobid45_40_0_, details1_.odqtyop as odqtyop46_40_0_, details1_.odordt as odordt47_40_0_, details1_.odqtyor as odqtyor48_40_0_, details1_.odott as odott49_40_0_, details1_.odordocdt as odordoc50_40_0_, details1_.odordocno as odordoc51_40_0_, details1_.odordocsq as odordoc52_40_0_, details1_.odordocty as odordoc53_40_0_, details1_.odptc as odptc54_40_0_, details1_.odpqor as odpqor55_40_0_, details1_.oduom1 as oduom56_40_0_, details1_.odpjid as odpjid57_40_0_, details1_.odpddt as odpddt58_40_0_, details1_.odpo03 as odpo59_40_0_, details1_.odpo01 as odpo60_40_0_, details1_.odpo02 as odpo61_40_0_, details1_.odqty as odqty62_40_0_, details1_.odrcdt as odrcdt63_40_0_, details1_.odqtyrc as odqtyrc64_40_0_, details1_.odstid as odstid65_40_0_, details1_.odvr04 as odvr66_40_0_, details1_.odvr01 as odvr67_40_0_, details1_.odvr03 as odvr68_40_0_, details1_.odvr05 as odvr69_40_0_, details1_.odvr02 as odvr70_40_0_, details1_.odrldocno as odrldoc71_40_0_, details1_.odrldocsq as odrldoc72_40_0_, details1_.odrldocty as odrldoc73_40_0_, details1_.odrqdt as odrqdt74_40_0_, details1_.odqtyrn as odqtyrn75_40_0_, details1_.odsqor as odsqor76_40_0_, details1_.oduom2 as oduom77_40_0_, details1_.odsnlot as odsnlot78_40_0_, details1_.odtaxal as odtaxal79_40_0_, details1_.odtaxam as odtaxam80_40_0_, details1_.odtaxab as odtaxab81_40_0_, details1_.odtaxcd as odtaxcd82_40_0_, details1_.odtaxrt as odtaxrt83_40_0_, details1_.odcrct as odcrct84_40_0_, details1_.oditc03 as oditc85_40_0_, details1_.oducf as oducf86_40_0_, details1_.oduncost as oduncos87_40_0_, details1_.odudc as odudc88_40_0_, details1_.odudf as odudf89_40_0_, details1_.oduom as oduom90_40_0_, details1_.odvnid as odvnid91_40_0_ from t4301 purchaseor0_ left outer join t4311 details1_ on purchaseor0_.ohcoid=details1_.odcoid and purchaseor0_.ohdocono=details1_.oddocono and purchaseor0_.ohdocoty=details1_.oddocoty where purchaseor0_.ohcoid=? and purchaseor0_.ohdocono=? and purchaseor0_.ohdocoty=?
Hibernate: select purchasede0_.odcoid as odcoid1_40_0_, purchasede0_.oddocono as oddocono2_40_0_, purchasede0_.oddocosq as oddocosq3_40_0_, purchasede0_.oddocoty as oddocoty4_40_0_, purchasede0_.odcid as odcid5_40_0_, purchasede0_.oddtin as oddtin6_40_0_, purchasede0_.odtmin as odtmin7_40_0_, purchasede0_.oduid as oduid8_40_0_, purchasede0_.oddtlu as oddtlu9_40_0_, purchasede0_.odtmlu as odtmlu10_40_0_, purchasede0_.oduidm as oduidm11_40_0_, purchasede0_.odacid as odacid12_40_0_, purchasede0_.odaprcd as odaprcd13_40_0_, purchasede0_.odcrcb as odcrcb14_40_0_, purchasede0_.oditc02 as oditc15_40_0_, purchasede0_.odbuid as odbuid16_40_0_, purchasede0_.odqtycl as odqtycl17_40_0_, purchasede0_.oditc01 as oditc18_40_0_, purchasede0_.odcldt as odcldt19_40_0_, purchasede0_.odcsid as odcsid20_40_0_, purchasede0_.oddccd as oddccd21_40_0_, purchasede0_.oddcrt as oddcrt22_40_0_, purchasede0_.odexcrt as odexcrt23_40_0_, purchasede0_.odexcost as odexcos24_40_0_, purchasede0_.odqtyx as odqtyx25_40_0_, purchasede0_.oducfx as oducfx26_40_0_, purchasede0_.oduncostx as oduncos27_40_0_, purchasede0_.oduomx as oduomx28_40_0_, purchasede0_.odfec as odfec29_40_0_, purchasede0_.odfta as odfta30_40_0_, purchasede0_.odftb as odftb31_40_0_, purchasede0_.odfuc as odfuc32_40_0_, purchasede0_.odglcls as odglcls33_40_0_, purchasede0_.odgldt as odgldt34_40_0_, purchasede0_.odir02 as odir35_40_0_, purchasede0_.odir01 as odir36_40_0_, purchasede0_.odir03 as odir37_40_0_, purchasede0_.odinum as odinum38_40_0_, purchasede0_.oddesb1 as oddesb39_40_0_, purchasede0_.oditc05 as oditc40_40_0_, purchasede0_.odlst as odlst41_40_0_, purchasede0_.odlnty as odlnty42_40_0_, purchasede0_.odlocid as odlocid43_40_0_, purchasede0_.odnst as odnst44_40_0_, purchasede0_.odobid as odobid45_40_0_, purchasede0_.odqtyop as odqtyop46_40_0_, purchasede0_.odordt as odordt47_40_0_, purchasede0_.odqtyor as odqtyor48_40_0_, purchasede0_.odott as odott49_40_0_, purchasede0_.odordocdt as odordoc50_40_0_, purchasede0_.odordocno as odordoc51_40_0_, purchasede0_.odordocsq as odordoc52_40_0_, purchasede0_.odordocty as odordoc53_40_0_, purchasede0_.odptc as odptc54_40_0_, purchasede0_.odpqor as odpqor55_40_0_, purchasede0_.oduom1 as oduom56_40_0_, purchasede0_.odpjid as odpjid57_40_0_, purchasede0_.odpddt as odpddt58_40_0_, purchasede0_.odpo03 as odpo59_40_0_, purchasede0_.odpo01 as odpo60_40_0_, purchasede0_.odpo02 as odpo61_40_0_, purchasede0_.odqty as odqty62_40_0_, purchasede0_.odrcdt as odrcdt63_40_0_, purchasede0_.odqtyrc as odqtyrc64_40_0_, purchasede0_.odstid as odstid65_40_0_, purchasede0_.odvr04 as odvr66_40_0_, purchasede0_.odvr01 as odvr67_40_0_, purchasede0_.odvr03 as odvr68_40_0_, purchasede0_.odvr05 as odvr69_40_0_, purchasede0_.odvr02 as odvr70_40_0_, purchasede0_.odrldocno as odrldoc71_40_0_, purchasede0_.odrldocsq as odrldoc72_40_0_, purchasede0_.odrldocty as odrldoc73_40_0_, purchasede0_.odrqdt as odrqdt74_40_0_, purchasede0_.odqtyrn as odqtyrn75_40_0_, purchasede0_.odsqor as odsqor76_40_0_, purchasede0_.oduom2 as oduom77_40_0_, purchasede0_.odsnlot as odsnlot78_40_0_, purchasede0_.odtaxal as odtaxal79_40_0_, purchasede0_.odtaxam as odtaxam80_40_0_, purchasede0_.odtaxab as odtaxab81_40_0_, purchasede0_.odtaxcd as odtaxcd82_40_0_, purchasede0_.odtaxrt as odtaxrt83_40_0_, purchasede0_.odcrct as odcrct84_40_0_, purchasede0_.oditc03 as oditc85_40_0_, purchasede0_.oducf as oducf86_40_0_, purchasede0_.oduncost as oduncos87_40_0_, purchasede0_.odudc as odudc88_40_0_, purchasede0_.odudf as odudf89_40_0_, purchasede0_.oduom as oduom90_40_0_, purchasede0_.odvnid as odvnid91_40_0_ from t4311 purchasede0_ where purchasede0_.odcoid=? and purchasede0_.oddocono=? and purchasede0_.oddocosq=? and purchasede0_.oddocoty=?
Hibernate: select purchasede0_.odcoid as odcoid1_40_0_, purchasede0_.oddocono as oddocono2_40_0_, purchasede0_.oddocosq as oddocosq3_40_0_, purchasede0_.oddocoty as oddocoty4_40_0_, purchasede0_.odcid as odcid5_40_0_, purchasede0_.oddtin as oddtin6_40_0_, purchasede0_.odtmin as odtmin7_40_0_, purchasede0_.oduid as oduid8_40_0_, purchasede0_.oddtlu as oddtlu9_40_0_, purchasede0_.odtmlu as odtmlu10_40_0_, purchasede0_.oduidm as oduidm11_40_0_, purchasede0_.odacid as odacid12_40_0_, purchasede0_.odaprcd as odaprcd13_40_0_, purchasede0_.odcrcb as odcrcb14_40_0_, purchasede0_.oditc02 as oditc15_40_0_, purchasede0_.odbuid as odbuid16_40_0_, purchasede0_.odqtycl as odqtycl17_40_0_, purchasede0_.oditc01 as oditc18_40_0_, purchasede0_.odcldt as odcldt19_40_0_, purchasede0_.odcsid as odcsid20_40_0_, purchasede0_.oddccd as oddccd21_40_0_, purchasede0_.oddcrt as oddcrt22_40_0_, purchasede0_.odexcrt as odexcrt23_40_0_, purchasede0_.odexcost as odexcos24_40_0_, purchasede0_.odqtyx as odqtyx25_40_0_, purchasede0_.oducfx as oducfx26_40_0_, purchasede0_.oduncostx as oduncos27_40_0_, purchasede0_.oduomx as oduomx28_40_0_, purchasede0_.odfec as odfec29_40_0_, purchasede0_.odfta as odfta30_40_0_, purchasede0_.odftb as odftb31_40_0_, purchasede0_.odfuc as odfuc32_40_0_, purchasede0_.odglcls as odglcls33_40_0_, purchasede0_.odgldt as odgldt34_40_0_, purchasede0_.odir02 as odir35_40_0_, purchasede0_.odir01 as odir36_40_0_, purchasede0_.odir03 as odir37_40_0_, purchasede0_.odinum as odinum38_40_0_, purchasede0_.oddesb1 as oddesb39_40_0_, purchasede0_.oditc05 as oditc40_40_0_, purchasede0_.odlst as odlst41_40_0_, purchasede0_.odlnty as odlnty42_40_0_, purchasede0_.odlocid as odlocid43_40_0_, purchasede0_.odnst as odnst44_40_0_, purchasede0_.odobid as odobid45_40_0_, purchasede0_.odqtyop as odqtyop46_40_0_, purchasede0_.odordt as odordt47_40_0_, purchasede0_.odqtyor as odqtyor48_40_0_, purchasede0_.odott as odott49_40_0_, purchasede0_.odordocdt as odordoc50_40_0_, purchasede0_.odordocno as odordoc51_40_0_, purchasede0_.odordocsq as odordoc52_40_0_, purchasede0_.odordocty as odordoc53_40_0_, purchasede0_.odptc as odptc54_40_0_, purchasede0_.odpqor as odpqor55_40_0_, purchasede0_.oduom1 as oduom56_40_0_, purchasede0_.odpjid as odpjid57_40_0_, purchasede0_.odpddt as odpddt58_40_0_, purchasede0_.odpo03 as odpo59_40_0_, purchasede0_.odpo01 as odpo60_40_0_, purchasede0_.odpo02 as odpo61_40_0_, purchasede0_.odqty as odqty62_40_0_, purchasede0_.odrcdt as odrcdt63_40_0_, purchasede0_.odqtyrc as odqtyrc64_40_0_, purchasede0_.odstid as odstid65_40_0_, purchasede0_.odvr04 as odvr66_40_0_, purchasede0_.odvr01 as odvr67_40_0_, purchasede0_.odvr03 as odvr68_40_0_, purchasede0_.odvr05 as odvr69_40_0_, purchasede0_.odvr02 as odvr70_40_0_, purchasede0_.odrldocno as odrldoc71_40_0_, purchasede0_.odrldocsq as odrldoc72_40_0_, purchasede0_.odrldocty as odrldoc73_40_0_, purchasede0_.odrqdt as odrqdt74_40_0_, purchasede0_.odqtyrn as odqtyrn75_40_0_, purchasede0_.odsqor as odsqor76_40_0_, purchasede0_.oduom2 as oduom77_40_0_, purchasede0_.odsnlot as odsnlot78_40_0_, purchasede0_.odtaxal as odtaxal79_40_0_, purchasede0_.odtaxam as odtaxam80_40_0_, purchasede0_.odtaxab as odtaxab81_40_0_, purchasede0_.odtaxcd as odtaxcd82_40_0_, purchasede0_.odtaxrt as odtaxrt83_40_0_, purchasede0_.odcrct as odcrct84_40_0_, purchasede0_.oditc03 as oditc85_40_0_, purchasede0_.oducf as oducf86_40_0_, purchasede0_.oduncost as oduncos87_40_0_, purchasede0_.odudc as odudc88_40_0_, purchasede0_.odudf as odudf89_40_0_, purchasede0_.oduom as oduom90_40_0_, purchasede0_.odvnid as odvnid91_40_0_ from t4311 purchasede0_ where purchasede0_.odcoid=? and purchasede0_.oddocono=? and purchasede0_.oddocosq=? and purchasede0_.oddocoty=?
Hibernate: select purchasede0_.odcoid as odcoid1_40_0_, purchasede0_.oddocono as oddocono2_40_0_, purchasede0_.oddocosq as oddocosq3_40_0_, purchasede0_.oddocoty as oddocoty4_40_0_, purchasede0_.odcid as odcid5_40_0_, purchasede0_.oddtin as oddtin6_40_0_, purchasede0_.odtmin as odtmin7_40_0_, purchasede0_.oduid as oduid8_40_0_, purchasede0_.oddtlu as oddtlu9_40_0_, purchasede0_.odtmlu as odtmlu10_40_0_, purchasede0_.oduidm as oduidm11_40_0_, purchasede0_.odacid as odacid12_40_0_, purchasede0_.odaprcd as odaprcd13_40_0_, purchasede0_.odcrcb as odcrcb14_40_0_, purchasede0_.oditc02 as oditc15_40_0_, purchasede0_.odbuid as odbuid16_40_0_, purchasede0_.odqtycl as odqtycl17_40_0_, purchasede0_.oditc01 as oditc18_40_0_, purchasede0_.odcldt as odcldt19_40_0_, purchasede0_.odcsid as odcsid20_40_0_, purchasede0_.oddccd as oddccd21_40_0_, purchasede0_.oddcrt as oddcrt22_40_0_, purchasede0_.odexcrt as odexcrt23_40_0_, purchasede0_.odexcost as odexcos24_40_0_, purchasede0_.odqtyx as odqtyx25_40_0_, purchasede0_.oducfx as oducfx26_40_0_, purchasede0_.oduncostx as oduncos27_40_0_, purchasede0_.oduomx as oduomx28_40_0_, purchasede0_.odfec as odfec29_40_0_, purchasede0_.odfta as odfta30_40_0_, purchasede0_.odftb as odftb31_40_0_, purchasede0_.odfuc as odfuc32_40_0_, purchasede0_.odglcls as odglcls33_40_0_, purchasede0_.odgldt as odgldt34_40_0_, purchasede0_.odir02 as odir35_40_0_, purchasede0_.odir01 as odir36_40_0_, purchasede0_.odir03 as odir37_40_0_, purchasede0_.odinum as odinum38_40_0_, purchasede0_.oddesb1 as oddesb39_40_0_, purchasede0_.oditc05 as oditc40_40_0_, purchasede0_.odlst as odlst41_40_0_, purchasede0_.odlnty as odlnty42_40_0_, purchasede0_.odlocid as odlocid43_40_0_, purchasede0_.odnst as odnst44_40_0_, purchasede0_.odobid as odobid45_40_0_, purchasede0_.odqtyop as odqtyop46_40_0_, purchasede0_.odordt as odordt47_40_0_, purchasede0_.odqtyor as odqtyor48_40_0_, purchasede0_.odott as odott49_40_0_, purchasede0_.odordocdt as odordoc50_40_0_, purchasede0_.odordocno as odordoc51_40_0_, purchasede0_.odordocsq as odordoc52_40_0_, purchasede0_.odordocty as odordoc53_40_0_, purchasede0_.odptc as odptc54_40_0_, purchasede0_.odpqor as odpqor55_40_0_, purchasede0_.oduom1 as oduom56_40_0_, purchasede0_.odpjid as odpjid57_40_0_, purchasede0_.odpddt as odpddt58_40_0_, purchasede0_.odpo03 as odpo59_40_0_, purchasede0_.odpo01 as odpo60_40_0_, purchasede0_.odpo02 as odpo61_40_0_, purchasede0_.odqty as odqty62_40_0_, purchasede0_.odrcdt as odrcdt63_40_0_, purchasede0_.odqtyrc as odqtyrc64_40_0_, purchasede0_.odstid as odstid65_40_0_, purchasede0_.odvr04 as odvr66_40_0_, purchasede0_.odvr01 as odvr67_40_0_, purchasede0_.odvr03 as odvr68_40_0_, purchasede0_.odvr05 as odvr69_40_0_, purchasede0_.odvr02 as odvr70_40_0_, purchasede0_.odrldocno as odrldoc71_40_0_, purchasede0_.odrldocsq as odrldoc72_40_0_, purchasede0_.odrldocty as odrldoc73_40_0_, purchasede0_.odrqdt as odrqdt74_40_0_, purchasede0_.odqtyrn as odqtyrn75_40_0_, purchasede0_.odsqor as odsqor76_40_0_, purchasede0_.oduom2 as oduom77_40_0_, purchasede0_.odsnlot as odsnlot78_40_0_, purchasede0_.odtaxal as odtaxal79_40_0_, purchasede0_.odtaxam as odtaxam80_40_0_, purchasede0_.odtaxab as odtaxab81_40_0_, purchasede0_.odtaxcd as odtaxcd82_40_0_, purchasede0_.odtaxrt as odtaxrt83_40_0_, purchasede0_.odcrct as odcrct84_40_0_, purchasede0_.oditc03 as oditc85_40_0_, purchasede0_.oducf as oducf86_40_0_, purchasede0_.oduncost as oduncos87_40_0_, purchasede0_.odudc as odudc88_40_0_, purchasede0_.odudf as odudf89_40_0_, purchasede0_.oduom as oduom90_40_0_, purchasede0_.odvnid as odvnid91_40_0_ from t4311 purchasede0_ where purchasede0_.odcoid=? and purchasede0_.oddocono=? and purchasede0_.oddocosq=? and purchasede0_.oddocoty=?
Hibernate: insert into t4301 (ohcid, ohdtin, ohtmin, ohuid, ohdtlu, ohtmlu, ohuidm, ohaprcd, ohcrcb, ohbuid, ohcldt, ohcot, ohcsid, ohdesb1, ohdccd, ohdcrt, ohexcrt, ohgldt, ohidd, ohidn, ohlst, ohnst, ohobid, ohordt, ohptc, ohpoa, ohpod, ohpjid, ohpddt, ohrcdt, ohstid, ohrqdt, ohtaxal, ohtaxcd, ohtaxrt, ohcrct, ohdesc1, ohdesc2, ohvhrn, ohvhty, ohvnid, ohcoid, ohdocono, ohdocoty) values (?, ?, ?, ?, ?, ?, ?, ?, ?, ?, ?, ?, ?, ?, ?, ?, ?, ?, ?, ?, ?, ?, ?, ?, ?, ?, ?, ?, ?, ?, ?, ?, ?, ?, ?, ?, ?, ?, ?, ?, ?, ?, ?, ?)
Hibernate: insert into t4311 (odcid, oddtin, odtmin, oduid, oddtlu, odtmlu, oduidm, odacid, odaprcd, odcrcb, oditc02, odbuid, odqtycl, oditc01, odcldt, odcsid, oddccd, oddcrt, odexcrt, odexcost, odqtyx, oducfx, oduncostx, oduomx, odfec, odfta, odftb, odfuc, odglcls, odgldt, odir02, odir01, odir03, odinum, oddesb1, oditc05, odlst, odlnty, odlocid, odnst, odobid, odqtyop, odordt, odqtyor, odott, odordocdt, odordocno, odordocsq, odordocty, odptc, odpqor, oduom1, odpjid, odpddt, odpo03, odpo01, odpo02, odqty, odrcdt, odqtyrc, odstid, odvr04, odvr01, odvr03, odvr05, odvr02, odrldocno, odrldocsq, odrldocty, odrqdt, odqtyrn, odsqor, oduom2, odsnlot, odtaxal, odtaxam, odtaxab, odtaxcd, odtaxrt, odcrct, oditc03, oducf, oduncost, odudc, odudf, oduom, odvnid, odcoid, oddocono, oddocosq, oddocoty) values (?, ?, ?, ?, ?, ?, ?, ?, ?, ?, ?, ?, ?, ?, ?, ?, ?, ?, ?, ?, ?, ?, ?, ?, ?, ?, ?, ?, ?, ?, ?, ?, ?, ?, ?, ?, ?, ?, ?, ?, ?, ?, ?, ?, ?, ?, ?, ?, ?, ?, ?, ?, ?, ?, ?, ?, ?, ?, ?, ?, ?, ?, ?, ?, ?, ?, ?, ?, ?, ?, ?, ?, ?, ?, ?, ?, ?, ?, ?, ?, ?, ?, ?, ?, ?, ?, ?, ?, ?, ?, ?)
Hibernate: insert into t4311 (odcid, oddtin, odtmin, oduid, oddtlu, odtmlu, oduidm, odacid, odaprcd, odcrcb, oditc02, odbuid, odqtycl, oditc01, odcldt, odcsid, oddccd, oddcrt, odexcrt, odexcost, odqtyx, oducfx, oduncostx, oduomx, odfec, odfta, odftb, odfuc, odglcls, odgldt, odir02, odir01, odir03, odinum, oddesb1, oditc05, odlst, odlnty, odlocid, odnst, odobid, odqtyop, odordt, odqtyor, odott, odordocdt, odordocno, odordocsq, odordocty, odptc, odpqor, oduom1, odpjid, odpddt, odpo03, odpo01, odpo02, odqty, odrcdt, odqtyrc, odstid, odvr04, odvr01, odvr03, odvr05, odvr02, odrldocno, odrldocsq, odrldocty, odrqdt, odqtyrn, odsqor, oduom2, odsnlot, odtaxal, odtaxam, odtaxab, odtaxcd, odtaxrt, odcrct, oditc03, oducf, oduncost, odudc, odudf, oduom, odvnid, odcoid, oddocono, oddocosq, oddocoty) values (?, ?, ?, ?, ?, ?, ?, ?, ?, ?, ?, ?, ?, ?, ?, ?, ?, ?, ?, ?, ?, ?, ?, ?, ?, ?, ?, ?, ?, ?, ?, ?, ?, ?, ?, ?, ?, ?, ?, ?, ?, ?, ?, ?, ?, ?, ?, ?, ?, ?, ?, ?, ?, ?, ?, ?, ?, ?, ?, ?, ?, ?, ?, ?, ?, ?, ?, ?, ?, ?, ?, ?, ?, ?, ?, ?, ?, ?, ?, ?, ?, ?, ?, ?, ?, ?, ?, ?, ?, ?, ?)
Hibernate: insert into t4311 (odcid, oddtin, odtmin, oduid, oddtlu, odtmlu, oduidm, odacid, odaprcd, odcrcb, oditc02, odbuid, odqtycl, oditc01, odcldt, odcsid, oddccd, oddcrt, odexcrt, odexcost, odqtyx, oducfx, oduncostx, oduomx, odfec, odfta, odftb, odfuc, odglcls, odgldt, odir02, odir01, odir03, odinum, oddesb1, oditc05, odlst, odlnty, odlocid, odnst, odobid, odqtyop, odordt, odqtyor, odott, odordocdt, odordocno, odordocsq, odordocty, odptc, odpqor, oduom1, odpjid, odpddt, odpo03, odpo01, odpo02, odqty, odrcdt, odqtyrc, odstid, odvr04, odvr01, odvr03, odvr05, odvr02, odrldocno, odrldocsq, odrldocty, odrqdt, odqtyrn, odsqor, oduom2, odsnlot, odtaxal, odtaxam, odtaxab, odtaxcd, odtaxrt, odcrct, oditc03, oducf, oduncost, odudc, odudf, oduom, odvnid, odcoid, oddocono, oddocosq, oddocoty) values (?, ?, ?, ?, ?, ?, ?, ?, ?, ?, ?, ?, ?, ?, ?, ?, ?, ?, ?, ?, ?, ?, ?, ?, ?, ?, ?, ?, ?, ?, ?, ?, ?, ?, ?, ?, ?, ?, ?, ?, ?, ?, ?, ?, ?, ?, ?, ?, ?, ?, ?, ?, ?, ?, ?, ?, ?, ?, ?, ?, ?, ?, ?, ?, ?, ?, ?, ?, ?, ?, ?, ?, ?, ?, ?, ?, ?, ?, ?, ?, ?, ?, ?, ?, ?, ?, ?, ?, ?, ?, ?)
Hibernate: select purchaseor0_.ohcoid as ohcoid1_39_0_, purchaseor0_.ohdocono as ohdocono2_39_0_, purchaseor0_.ohdocoty as ohdocoty3_39_0_, purchaseor0_.ohcid as ohcid4_39_0_, purchaseor0_.ohdtin as ohdtin5_39_0_, purchaseor0_.ohtmin as ohtmin6_39_0_, purchaseor0_.ohuid as ohuid7_39_0_, purchaseor0_.ohdtlu as ohdtlu8_39_0_, purchaseor0_.ohtmlu as ohtmlu9_39_0_, purchaseor0_.ohuidm as ohuidm10_39_0_, purchaseor0_.ohaprcd as ohaprcd11_39_0_, purchaseor0_.ohcrcb as ohcrcb12_39_0_, purchaseor0_.ohbuid as ohbuid13_39_0_, purchaseor0_.ohcldt as ohcldt14_39_0_, purchaseor0_.ohcot as ohcot15_39_0_, purchaseor0_.ohcsid as ohcsid16_39_0_, purchaseor0_.ohdesb1 as ohdesb17_39_0_, purchaseor0_.ohdccd as ohdccd18_39_0_, purchaseor0_.ohdcrt as ohdcrt19_39_0_, purchaseor0_.ohexcrt as ohexcrt20_39_0_, purchaseor0_.ohgldt as ohgldt21_39_0_, purchaseor0_.ohidd as ohidd22_39_0_, purchaseor0_.ohidn as ohidn23_39_0_, purchaseor0_.ohlst as ohlst24_39_0_, purchaseor0_.ohnst as ohnst25_39_0_, purchaseor0_.ohobid as ohobid26_39_0_, purchaseor0_.ohordt as ohordt27_39_0_, purchaseor0_.ohptc as ohptc28_39_0_, purchaseor0_.ohpoa as ohpoa29_39_0_, purchaseor0_.ohpod as ohpod30_39_0_, purchaseor0_.ohpjid as ohpjid31_39_0_, purchaseor0_.ohpddt as ohpddt32_39_0_, purchaseor0_.ohrcdt as ohrcdt33_39_0_, purchaseor0_.ohstid as ohstid34_39_0_, purchaseor0_.ohrqdt as ohrqdt35_39_0_, purchaseor0_.ohtaxal as ohtaxal36_39_0_, purchaseor0_.ohtaxcd as ohtaxcd37_39_0_, purchaseor0_.ohtaxrt as ohtaxrt38_39_0_, purchaseor0_.ohcrct as ohcrct39_39_0_, purchaseor0_.ohdesc1 as ohdesc40_39_0_, purchaseor0_.ohdesc2 as ohdesc41_39_0_, purchaseor0_.ohvhrn as ohvhrn42_39_0_, purchaseor0_.ohvhty as ohvhty43_39_0_, purchaseor0_.ohvnid as ohvnid44_39_0_ from t4301 purchaseor0_ where purchaseor0_.ohcoid=? and purchaseor0_.ohdocono=? and purchaseor0_.ohdocoty=?
Hibernate: select details0_.odcoid as odcoid1_40_0_, details0_.oddocono as oddocono2_40_0_, details0_.oddocoty as oddocoty4_40_0_, details0_.oddocosq as oddocosq3_40_0_, details0_.odcoid as odcoid1_40_1_, details0_.oddocono as oddocono2_40_1_, details0_.oddocosq as oddocosq3_40_1_, details0_.oddocoty as oddocoty4_40_1_, details0_.odcid as odcid5_40_1_, details0_.oddtin as oddtin6_40_1_, details0_.odtmin as odtmin7_40_1_, details0_.oduid as oduid8_40_1_, details0_.oddtlu as oddtlu9_40_1_, details0_.odtmlu as odtmlu10_40_1_, details0_.oduidm as oduidm11_40_1_, details0_.odacid as odacid12_40_1_, details0_.odaprcd as odaprcd13_40_1_, details0_.odcrcb as odcrcb14_40_1_, details0_.oditc02 as oditc15_40_1_, details0_.odbuid as odbuid16_40_1_, details0_.odqtycl as odqtycl17_40_1_, details0_.oditc01 as oditc18_40_1_, details0_.odcldt as odcldt19_40_1_, details0_.odcsid as odcsid20_40_1_, details0_.oddccd as oddccd21_40_1_, details0_.oddcrt as oddcrt22_40_1_, details0_.odexcrt as odexcrt23_40_1_, details0_.odexcost as odexcos24_40_1_, details0_.odqtyx as odqtyx25_40_1_, details0_.oducfx as oducfx26_40_1_, details0_.oduncostx as oduncos27_40_1_, details0_.oduomx as oduomx28_40_1_, details0_.odfec as odfec29_40_1_, details0_.odfta as odfta30_40_1_, details0_.odftb as odftb31_40_1_, details0_.odfuc as odfuc32_40_1_, details0_.odglcls as odglcls33_40_1_, details0_.odgldt as odgldt34_40_1_, details0_.odir02 as odir35_40_1_, details0_.odir01 as odir36_40_1_, details0_.odir03 as odir37_40_1_, details0_.odinum as odinum38_40_1_, details0_.oddesb1 as oddesb39_40_1_, details0_.oditc05 as oditc40_40_1_, details0_.odlst as odlst41_40_1_, details0_.odlnty as odlnty42_40_1_, details0_.odlocid as odlocid43_40_1_, details0_.odnst as odnst44_40_1_, details0_.odobid as odobid45_40_1_, details0_.odqtyop as odqtyop46_40_1_, details0_.odordt as odordt47_40_1_, details0_.odqtyor as odqtyor48_40_1_, details0_.odott as odott49_40_1_, details0_.odordocdt as odordoc50_40_1_, details0_.odordocno as odordoc51_40_1_, details0_.odordocsq as odordoc52_40_1_, details0_.odordocty as odordoc53_40_1_, details0_.odptc as odptc54_40_1_, details0_.odpqor as odpqor55_40_1_, details0_.oduom1 as oduom56_40_1_, details0_.odpjid as odpjid57_40_1_, details0_.odpddt as odpddt58_40_1_, details0_.odpo03 as odpo59_40_1_, details0_.odpo01 as odpo60_40_1_, details0_.odpo02 as odpo61_40_1_, details0_.odqty as odqty62_40_1_, details0_.odrcdt as odrcdt63_40_1_, details0_.odqtyrc as odqtyrc64_40_1_, details0_.odstid as odstid65_40_1_, details0_.odvr04 as odvr66_40_1_, details0_.odvr01 as odvr67_40_1_, details0_.odvr03 as odvr68_40_1_, details0_.odvr05 as odvr69_40_1_, details0_.odvr02 as odvr70_40_1_, details0_.odrldocno as odrldoc71_40_1_, details0_.odrldocsq as odrldoc72_40_1_, details0_.odrldocty as odrldoc73_40_1_, details0_.odrqdt as odrqdt74_40_1_, details0_.odqtyrn as odqtyrn75_40_1_, details0_.odsqor as odsqor76_40_1_, details0_.oduom2 as oduom77_40_1_, details0_.odsnlot as odsnlot78_40_1_, details0_.odtaxal as odtaxal79_40_1_, details0_.odtaxam as odtaxam80_40_1_, details0_.odtaxab as odtaxab81_40_1_, details0_.odtaxcd as odtaxcd82_40_1_, details0_.odtaxrt as odtaxrt83_40_1_, details0_.odcrct as odcrct84_40_1_, details0_.oditc03 as oditc85_40_1_, details0_.oducf as oducf86_40_1_, details0_.oduncost as oduncos87_40_1_, details0_.odudc as odudc88_40_1_, details0_.odudf as odudf89_40_1_, details0_.oduom as oduom90_40_1_, details0_.odvnid as odvnid91_40_1_ from t4311 details0_ where details0_.odcoid=? and details0_.oddocono=? and details0_.oddocoty=?
Hibernate: select receipts0_.ovcoid as ovcoid1_41_0_, receipts0_.ovdocono as ovdocon53_41_0_, receipts0_.ovdocosq as ovdocos54_41_0_, receipts0_.ovdocoty as ovdocot55_41_0_, receipts0_.ovdocno as ovdocno2_41_0_, receipts0_.ovdocty as ovdocty3_41_0_, receipts0_.ovdocsq as ovdocsq4_41_0_, receipts0_.ovcoid as ovcoid1_41_1_, receipts0_.ovdocno as ovdocno2_41_1_, receipts0_.ovdocty as ovdocty3_41_1_, receipts0_.ovdocsq as ovdocsq4_41_1_, receipts0_.ovcid as ovcid5_41_1_, receipts0_.ovdtin as ovdtin6_41_1_, receipts0_.ovtmin as ovtmin7_41_1_, receipts0_.ovuid as ovuid8_41_1_, receipts0_.ovdtlu as ovdtlu9_41_1_, receipts0_.ovtmlu as ovtmlu10_41_1_, receipts0_.ovuidm as ovuidm11_41_1_, receipts0_.ovacid as ovacid12_41_1_, receipts0_.ovcrcb as ovcrcb13_41_1_, receipts0_.ovicu as ovicu14_41_1_, receipts0_.ovicut as ovicut15_41_1_, receipts0_.ovitc02 as ovitc16_41_1_, receipts0_.ovbuid as ovbuid17_41_1_, receipts0_.ovitc01 as ovitc18_41_1_, receipts0_.ovcot as ovcot19_41_1_, receipts0_.ovcnid as ovcnid20_41_1_, receipts0_.ovcsdocdt as ovcsdoc21_41_1_, receipts0_.ovcsdocno as ovcsdoc22_41_1_, receipts0_.ovurtx as ovurtx23_41_1_, receipts0_.ovdccd as ovdccd24_41_1_, receipts0_.ovdcrt as ovdcrt25_41_1_, receipts0_.ovdocdt as ovdocdt26_41_1_, receipts0_.ovexcrt as ovexcrt27_41_1_, receipts0_.ovexpdt as ovexpdt28_41_1_, receipts0_.ovexcost as ovexcos29_41_1_, receipts0_.ovfec as ovfec30_41_1_, receipts0_.ovfta as ovfta31_41_1_, receipts0_.ovftb as ovftb32_41_1_, receipts0_.ovfuc as ovfuc33_41_1_, receipts0_.ovglcls as ovglcls34_41_1_, receipts0_.ovidd as ovidd35_41_1_, receipts0_.ovidn as ovidn36_41_1_, receipts0_.ovitt as ovitt37_41_1_, receipts0_.ovdocidt as ovdocid38_41_1_, receipts0_.ovdocino as ovdocin39_41_1_, receipts0_.ovdocisq as ovdocis40_41_1_, receipts0_.ovdocity as ovdocit41_41_1_, receipts0_.ovinum as ovinum42_41_1_, receipts0_.ovdesb1 as ovdesb43_41_1_, receipts0_.ovlcrt as ovlcrt44_41_1_, receipts0_.ovitc05 as ovitc45_41_1_, receipts0_.ovlst as ovlst46_41_1_, receipts0_.ovlvla as ovlvla47_41_1_, receipts0_.ovlnty as ovlnty48_41_1_, receipts0_.ovlocid as ovlocid49_41_1_, receipts0_.ovmatc as ovmatc50_41_1_, receipts0_.ovnst as ovnst51_41_1_, receipts0_.ovobid as ovobid52_41_1_, receipts0_.ovdocono as ovdocon53_41_1_, receipts0_.ovdocosq as ovdocos54_41_1_, receipts0_.ovdocoty as ovdocot55_41_1_, receipts0_.ovordocno as ovordoc56_41_1_, receipts0_.ovordocsq as ovordoc57_41_1_, receipts0_.ovordocty as ovordoc58_41_1_, receipts0_.ovptc as ovptc59_41_1_, receipts0_.ovpoa as ovpoa60_41_1_, receipts0_.ovpod as ovpod61_41_1_, receipts0_.ovpqot as ovpqot62_41_1_, receipts0_.ovuom1 as ovuom63_41_1_, receipts0_.ovpjid as ovpjid64_41_1_, receipts0_.ovpo03 as ovpo65_41_1_, receipts0_.ovpo01 as ovpo66_41_1_, receipts0_.ovpo02 as ovpo67_41_1_, receipts0_.ovqty as ovqty68_41_1_, receipts0_.ovrcdt as ovrcdt69_41_1_, receipts0_.ovrecid as ovrecid70_41_1_, receipts0_.ovvr04 as ovvr71_41_1_, receipts0_.ovvr01 as ovvr72_41_1_, receipts0_.ovvr03 as ovvr73_41_1_, receipts0_.ovvr05 as ovvr74_41_1_, receipts0_.ovvr02 as ovvr75_41_1_, receipts0_.ovrtgc as ovrtgc76_41_1_, receipts0_.ovsqot as ovsqot77_41_1_, receipts0_.ovuom2 as ovuom78_41_1_, receipts0_.ovsnlot as ovsnlot79_41_1_, receipts0_.ovtaxal as ovtaxal80_41_1_, receipts0_.ovtaxam as ovtaxam81_41_1_, receipts0_.ovtaxab as ovtaxab82_41_1_, receipts0_.ovtaxcd as ovtaxcd83_41_1_, receipts0_.ovtaxidt as ovtaxid84_41_1_, receipts0_.ovtaxino as ovtaxin85_41_1_, receipts0_.ovtaxrt as ovtaxrt86_41_1_, receipts0_.ovcrct as ovcrct87_41_1_, receipts0_.ovitc03 as ovitc88_41_1_, receipts0_.ovucf as ovucf89_41_1_, receipts0_.ovuncost as ovuncos90_41_1_, receipts0_.ovudc as ovudc91_41_1_, receipts0_.ovudf as ovudf92_41_1_, receipts0_.ovuom as ovuom93_41_1_, receipts0_.ovvnid as ovvnid94_41_1_, receipts0_.ovinvdt as ovinvdt95_41_1_, receipts0_.ovinvno as ovinvno96_41_1_ from t4312 receipts0_ where receipts0_.ovcoid=? and receipts0_.ovdocono=? and receipts0_.ovdocosq=? and receipts0_.ovdocoty=?
Hibernate: select receipts0_.ovcoid as ovcoid1_41_0_, receipts0_.ovdocono as ovdocon53_41_0_, receipts0_.ovdocosq as ovdocos54_41_0_, receipts0_.ovdocoty as ovdocot55_41_0_, receipts0_.ovdocno as ovdocno2_41_0_, receipts0_.ovdocty as ovdocty3_41_0_, receipts0_.ovdocsq as ovdocsq4_41_0_, receipts0_.ovcoid as ovcoid1_41_1_, receipts0_.ovdocno as ovdocno2_41_1_, receipts0_.ovdocty as ovdocty3_41_1_, receipts0_.ovdocsq as ovdocsq4_41_1_, receipts0_.ovcid as ovcid5_41_1_, receipts0_.ovdtin as ovdtin6_41_1_, receipts0_.ovtmin as ovtmin7_41_1_, receipts0_.ovuid as ovuid8_41_1_, receipts0_.ovdtlu as ovdtlu9_41_1_, receipts0_.ovtmlu as ovtmlu10_41_1_, receipts0_.ovuidm as ovuidm11_41_1_, receipts0_.ovacid as ovacid12_41_1_, receipts0_.ovcrcb as ovcrcb13_41_1_, receipts0_.ovicu as ovicu14_41_1_, receipts0_.ovicut as ovicut15_41_1_, receipts0_.ovitc02 as ovitc16_41_1_, receipts0_.ovbuid as ovbuid17_41_1_, receipts0_.ovitc01 as ovitc18_41_1_, receipts0_.ovcot as ovcot19_41_1_, receipts0_.ovcnid as ovcnid20_41_1_, receipts0_.ovcsdocdt as ovcsdoc21_41_1_, receipts0_.ovcsdocno as ovcsdoc22_41_1_, receipts0_.ovurtx as ovurtx23_41_1_, receipts0_.ovdccd as ovdccd24_41_1_, receipts0_.ovdcrt as ovdcrt25_41_1_, receipts0_.ovdocdt as ovdocdt26_41_1_, receipts0_.ovexcrt as ovexcrt27_41_1_, receipts0_.ovexpdt as ovexpdt28_41_1_, receipts0_.ovexcost as ovexcos29_41_1_, receipts0_.ovfec as ovfec30_41_1_, receipts0_.ovfta as ovfta31_41_1_, receipts0_.ovftb as ovftb32_41_1_, receipts0_.ovfuc as ovfuc33_41_1_, receipts0_.ovglcls as ovglcls34_41_1_, receipts0_.ovidd as ovidd35_41_1_, receipts0_.ovidn as ovidn36_41_1_, receipts0_.ovitt as ovitt37_41_1_, receipts0_.ovdocidt as ovdocid38_41_1_, receipts0_.ovdocino as ovdocin39_41_1_, receipts0_.ovdocisq as ovdocis40_41_1_, receipts0_.ovdocity as ovdocit41_41_1_, receipts0_.ovinum as ovinum42_41_1_, receipts0_.ovdesb1 as ovdesb43_41_1_, receipts0_.ovlcrt as ovlcrt44_41_1_, receipts0_.ovitc05 as ovitc45_41_1_, receipts0_.ovlst as ovlst46_41_1_, receipts0_.ovlvla as ovlvla47_41_1_, receipts0_.ovlnty as ovlnty48_41_1_, receipts0_.ovlocid as ovlocid49_41_1_, receipts0_.ovmatc as ovmatc50_41_1_, receipts0_.ovnst as ovnst51_41_1_, receipts0_.ovobid as ovobid52_41_1_, receipts0_.ovdocono as ovdocon53_41_1_, receipts0_.ovdocosq as ovdocos54_41_1_, receipts0_.ovdocoty as ovdocot55_41_1_, receipts0_.ovordocno as ovordoc56_41_1_, receipts0_.ovordocsq as ovordoc57_41_1_, receipts0_.ovordocty as ovordoc58_41_1_, receipts0_.ovptc as ovptc59_41_1_, receipts0_.ovpoa as ovpoa60_41_1_, receipts0_.ovpod as ovpod61_41_1_, receipts0_.ovpqot as ovpqot62_41_1_, receipts0_.ovuom1 as ovuom63_41_1_, receipts0_.ovpjid as ovpjid64_41_1_, receipts0_.ovpo03 as ovpo65_41_1_, receipts0_.ovpo01 as ovpo66_41_1_, receipts0_.ovpo02 as ovpo67_41_1_, receipts0_.ovqty as ovqty68_41_1_, receipts0_.ovrcdt as ovrcdt69_41_1_, receipts0_.ovrecid as ovrecid70_41_1_, receipts0_.ovvr04 as ovvr71_41_1_, receipts0_.ovvr01 as ovvr72_41_1_, receipts0_.ovvr03 as ovvr73_41_1_, receipts0_.ovvr05 as ovvr74_41_1_, receipts0_.ovvr02 as ovvr75_41_1_, receipts0_.ovrtgc as ovrtgc76_41_1_, receipts0_.ovsqot as ovsqot77_41_1_, receipts0_.ovuom2 as ovuom78_41_1_, receipts0_.ovsnlot as ovsnlot79_41_1_, receipts0_.ovtaxal as ovtaxal80_41_1_, receipts0_.ovtaxam as ovtaxam81_41_1_, receipts0_.ovtaxab as ovtaxab82_41_1_, receipts0_.ovtaxcd as ovtaxcd83_41_1_, receipts0_.ovtaxidt as ovtaxid84_41_1_, receipts0_.ovtaxino as ovtaxin85_41_1_, receipts0_.ovtaxrt as ovtaxrt86_41_1_, receipts0_.ovcrct as ovcrct87_41_1_, receipts0_.ovitc03 as ovitc88_41_1_, receipts0_.ovucf as ovucf89_41_1_, receipts0_.ovuncost as ovuncos90_41_1_, receipts0_.ovudc as ovudc91_41_1_, receipts0_.ovudf as ovudf92_41_1_, receipts0_.ovuom as ovuom93_41_1_, receipts0_.ovvnid as ovvnid94_41_1_, receipts0_.ovinvdt as ovinvdt95_41_1_, receipts0_.ovinvno as ovinvno96_41_1_ from t4312 receipts0_ where receipts0_.ovcoid=? and receipts0_.ovdocono=? and receipts0_.ovdocosq=? and receipts0_.ovdocoty=?
Hibernate: select receipts0_.ovcoid as ovcoid1_41_0_, receipts0_.ovdocono as ovdocon53_41_0_, receipts0_.ovdocosq as ovdocos54_41_0_, receipts0_.ovdocoty as ovdocot55_41_0_, receipts0_.ovdocno as ovdocno2_41_0_, receipts0_.ovdocty as ovdocty3_41_0_, receipts0_.ovdocsq as ovdocsq4_41_0_, receipts0_.ovcoid as ovcoid1_41_1_, receipts0_.ovdocno as ovdocno2_41_1_, receipts0_.ovdocty as ovdocty3_41_1_, receipts0_.ovdocsq as ovdocsq4_41_1_, receipts0_.ovcid as ovcid5_41_1_, receipts0_.ovdtin as ovdtin6_41_1_, receipts0_.ovtmin as ovtmin7_41_1_, receipts0_.ovuid as ovuid8_41_1_, receipts0_.ovdtlu as ovdtlu9_41_1_, receipts0_.ovtmlu as ovtmlu10_41_1_, receipts0_.ovuidm as ovuidm11_41_1_, receipts0_.ovacid as ovacid12_41_1_, receipts0_.ovcrcb as ovcrcb13_41_1_, receipts0_.ovicu as ovicu14_41_1_, receipts0_.ovicut as ovicut15_41_1_, receipts0_.ovitc02 as ovitc16_41_1_, receipts0_.ovbuid as ovbuid17_41_1_, receipts0_.ovitc01 as ovitc18_41_1_, receipts0_.ovcot as ovcot19_41_1_, receipts0_.ovcnid as ovcnid20_41_1_, receipts0_.ovcsdocdt as ovcsdoc21_41_1_, receipts0_.ovcsdocno as ovcsdoc22_41_1_, receipts0_.ovurtx as ovurtx23_41_1_, receipts0_.ovdccd as ovdccd24_41_1_, receipts0_.ovdcrt as ovdcrt25_41_1_, receipts0_.ovdocdt as ovdocdt26_41_1_, receipts0_.ovexcrt as ovexcrt27_41_1_, receipts0_.ovexpdt as ovexpdt28_41_1_, receipts0_.ovexcost as ovexcos29_41_1_, receipts0_.ovfec as ovfec30_41_1_, receipts0_.ovfta as ovfta31_41_1_, receipts0_.ovftb as ovftb32_41_1_, receipts0_.ovfuc as ovfuc33_41_1_, receipts0_.ovglcls as ovglcls34_41_1_, receipts0_.ovidd as ovidd35_41_1_, receipts0_.ovidn as ovidn36_41_1_, receipts0_.ovitt as ovitt37_41_1_, receipts0_.ovdocidt as ovdocid38_41_1_, receipts0_.ovdocino as ovdocin39_41_1_, receipts0_.ovdocisq as ovdocis40_41_1_, receipts0_.ovdocity as ovdocit41_41_1_, receipts0_.ovinum as ovinum42_41_1_, receipts0_.ovdesb1 as ovdesb43_41_1_, receipts0_.ovlcrt as ovlcrt44_41_1_, receipts0_.ovitc05 as ovitc45_41_1_, receipts0_.ovlst as ovlst46_41_1_, receipts0_.ovlvla as ovlvla47_41_1_, receipts0_.ovlnty as ovlnty48_41_1_, receipts0_.ovlocid as ovlocid49_41_1_, receipts0_.ovmatc as ovmatc50_41_1_, receipts0_.ovnst as ovnst51_41_1_, receipts0_.ovobid as ovobid52_41_1_, receipts0_.ovdocono as ovdocon53_41_1_, receipts0_.ovdocosq as ovdocos54_41_1_, receipts0_.ovdocoty as ovdocot55_41_1_, receipts0_.ovordocno as ovordoc56_41_1_, receipts0_.ovordocsq as ovordoc57_41_1_, receipts0_.ovordocty as ovordoc58_41_1_, receipts0_.ovptc as ovptc59_41_1_, receipts0_.ovpoa as ovpoa60_41_1_, receipts0_.ovpod as ovpod61_41_1_, receipts0_.ovpqot as ovpqot62_41_1_, receipts0_.ovuom1 as ovuom63_41_1_, receipts0_.ovpjid as ovpjid64_41_1_, receipts0_.ovpo03 as ovpo65_41_1_, receipts0_.ovpo01 as ovpo66_41_1_, receipts0_.ovpo02 as ovpo67_41_1_, receipts0_.ovqty as ovqty68_41_1_, receipts0_.ovrcdt as ovrcdt69_41_1_, receipts0_.ovrecid as ovrecid70_41_1_, receipts0_.ovvr04 as ovvr71_41_1_, receipts0_.ovvr01 as ovvr72_41_1_, receipts0_.ovvr03 as ovvr73_41_1_, receipts0_.ovvr05 as ovvr74_41_1_, receipts0_.ovvr02 as ovvr75_41_1_, receipts0_.ovrtgc as ovrtgc76_41_1_, receipts0_.ovsqot as ovsqot77_41_1_, receipts0_.ovuom2 as ovuom78_41_1_, receipts0_.ovsnlot as ovsnlot79_41_1_, receipts0_.ovtaxal as ovtaxal80_41_1_, receipts0_.ovtaxam as ovtaxam81_41_1_, receipts0_.ovtaxab as ovtaxab82_41_1_, receipts0_.ovtaxcd as ovtaxcd83_41_1_, receipts0_.ovtaxidt as ovtaxid84_41_1_, receipts0_.ovtaxino as ovtaxin85_41_1_, receipts0_.ovtaxrt as ovtaxrt86_41_1_, receipts0_.ovcrct as ovcrct87_41_1_, receipts0_.ovitc03 as ovitc88_41_1_, receipts0_.ovucf as ovucf89_41_1_, receipts0_.ovuncost as ovuncos90_41_1_, receipts0_.ovudc as ovudc91_41_1_, receipts0_.ovudf as ovudf92_41_1_, receipts0_.ovuom as ovuom93_41_1_, receipts0_.ovvnid as ovvnid94_41_1_, receipts0_.ovinvdt as ovinvdt95_41_1_, receipts0_.ovinvno as ovinvno96_41_1_ from t4312 receipts0_ where receipts0_.ovcoid=? and receipts0_.ovdocono=? and receipts0_.ovdocosq=? and receipts0_.ovdocoty=?
Hibernate: select purchasere0_.ovcoid as ovcoid1_41_0_, purchasere0_.ovdocno as ovdocno2_41_0_, purchasere0_.ovdocty as ovdocty3_41_0_, purchasere0_.ovdocsq as ovdocsq4_41_0_, purchasere0_.ovcid as ovcid5_41_0_, purchasere0_.ovdtin as ovdtin6_41_0_, purchasere0_.ovtmin as ovtmin7_41_0_, purchasere0_.ovuid as ovuid8_41_0_, purchasere0_.ovdtlu as ovdtlu9_41_0_, purchasere0_.ovtmlu as ovtmlu10_41_0_, purchasere0_.ovuidm as ovuidm11_41_0_, purchasere0_.ovacid as ovacid12_41_0_, purchasere0_.ovcrcb as ovcrcb13_41_0_, purchasere0_.ovicu as ovicu14_41_0_, purchasere0_.ovicut as ovicut15_41_0_, purchasere0_.ovitc02 as ovitc16_41_0_, purchasere0_.ovbuid as ovbuid17_41_0_, purchasere0_.ovitc01 as ovitc18_41_0_, purchasere0_.ovcot as ovcot19_41_0_, purchasere0_.ovcnid as ovcnid20_41_0_, purchasere0_.ovcsdocdt as ovcsdoc21_41_0_, purchasere0_.ovcsdocno as ovcsdoc22_41_0_, purchasere0_.ovurtx as ovurtx23_41_0_, purchasere0_.ovdccd as ovdccd24_41_0_, purchasere0_.ovdcrt as ovdcrt25_41_0_, purchasere0_.ovdocdt as ovdocdt26_41_0_, purchasere0_.ovexcrt as ovexcrt27_41_0_, purchasere0_.ovexpdt as ovexpdt28_41_0_, purchasere0_.ovexcost as ovexcos29_41_0_, purchasere0_.ovfec as ovfec30_41_0_, purchasere0_.ovfta as ovfta31_41_0_, purchasere0_.ovftb as ovftb32_41_0_, purchasere0_.ovfuc as ovfuc33_41_0_, purchasere0_.ovglcls as ovglcls34_41_0_, purchasere0_.ovidd as ovidd35_41_0_, purchasere0_.ovidn as ovidn36_41_0_, purchasere0_.ovitt as ovitt37_41_0_, purchasere0_.ovdocidt as ovdocid38_41_0_, purchasere0_.ovdocino as ovdocin39_41_0_, purchasere0_.ovdocisq as ovdocis40_41_0_, purchasere0_.ovdocity as ovdocit41_41_0_, purchasere0_.ovinum as ovinum42_41_0_, purchasere0_.ovdesb1 as ovdesb43_41_0_, purchasere0_.ovlcrt as ovlcrt44_41_0_, purchasere0_.ovitc05 as ovitc45_41_0_, purchasere0_.ovlst as ovlst46_41_0_, purchasere0_.ovlvla as ovlvla47_41_0_, purchasere0_.ovlnty as ovlnty48_41_0_, purchasere0_.ovlocid as ovlocid49_41_0_, purchasere0_.ovmatc as ovmatc50_41_0_, purchasere0_.ovnst as ovnst51_41_0_, purchasere0_.ovobid as ovobid52_41_0_, purchasere0_.ovdocono as ovdocon53_41_0_, purchasere0_.ovdocosq as ovdocos54_41_0_, purchasere0_.ovdocoty as ovdocot55_41_0_, purchasere0_.ovordocno as ovordoc56_41_0_, purchasere0_.ovordocsq as ovordoc57_41_0_, purchasere0_.ovordocty as ovordoc58_41_0_, purchasere0_.ovptc as ovptc59_41_0_, purchasere0_.ovpoa as ovpoa60_41_0_, purchasere0_.ovpod as ovpod61_41_0_, purchasere0_.ovpqot as ovpqot62_41_0_, purchasere0_.ovuom1 as ovuom63_41_0_, purchasere0_.ovpjid as ovpjid64_41_0_, purchasere0_.ovpo03 as ovpo65_41_0_, purchasere0_.ovpo01 as ovpo66_41_0_, purchasere0_.ovpo02 as ovpo67_41_0_, purchasere0_.ovqty as ovqty68_41_0_, purchasere0_.ovrcdt as ovrcdt69_41_0_, purchasere0_.ovrecid as ovrecid70_41_0_, purchasere0_.ovvr04 as ovvr71_41_0_, purchasere0_.ovvr01 as ovvr72_41_0_, purchasere0_.ovvr03 as ovvr73_41_0_, purchasere0_.ovvr05 as ovvr74_41_0_, purchasere0_.ovvr02 as ovvr75_41_0_, purchasere0_.ovrtgc as ovrtgc76_41_0_, purchasere0_.ovsqot as ovsqot77_41_0_, purchasere0_.ovuom2 as ovuom78_41_0_, purchasere0_.ovsnlot as ovsnlot79_41_0_, purchasere0_.ovtaxal as ovtaxal80_41_0_, purchasere0_.ovtaxam as ovtaxam81_41_0_, purchasere0_.ovtaxab as ovtaxab82_41_0_, purchasere0_.ovtaxcd as ovtaxcd83_41_0_, purchasere0_.ovtaxidt as ovtaxid84_41_0_, purchasere0_.ovtaxino as ovtaxin85_41_0_, purchasere0_.ovtaxrt as ovtaxrt86_41_0_, purchasere0_.ovcrct as ovcrct87_41_0_, purchasere0_.ovitc03 as ovitc88_41_0_, purchasere0_.ovucf as ovucf89_41_0_, purchasere0_.ovuncost as ovuncos90_41_0_, purchasere0_.ovudc as ovudc91_41_0_, purchasere0_.ovudf as ovudf92_41_0_, purchasere0_.ovuom as ovuom93_41_0_, purchasere0_.ovvnid as ovvnid94_41_0_, purchasere0_.ovinvdt as ovinvdt95_41_0_, purchasere0_.ovinvno as ovinvno96_41_0_ from t4312 purchasere0_ where purchasere0_.ovcoid=? and purchasere0_.ovdocno=? and purchasere0_.ovdocty=? and purchasere0_.ovdocsq=?
Hibernate: select purchasere0_.ovcoid as ovcoid1_41_, purchasere0_.ovdocno as ovdocno2_41_, purchasere0_.ovdocty as ovdocty3_41_, purchasere0_.ovdocsq as ovdocsq4_41_, purchasere0_.ovcid as ovcid5_41_, purchasere0_.ovdtin as ovdtin6_41_, purchasere0_.ovtmin as ovtmin7_41_, purchasere0_.ovuid as ovuid8_41_, purchasere0_.ovdtlu as ovdtlu9_41_, purchasere0_.ovtmlu as ovtmlu10_41_, purchasere0_.ovuidm as ovuidm11_41_, purchasere0_.ovacid as ovacid12_41_, purchasere0_.ovcrcb as ovcrcb13_41_, purchasere0_.ovicu as ovicu14_41_, purchasere0_.ovicut as ovicut15_41_, purchasere0_.ovitc02 as ovitc16_41_, purchasere0_.ovbuid as ovbuid17_41_, purchasere0_.ovitc01 as ovitc18_41_, purchasere0_.ovcot as ovcot19_41_, purchasere0_.ovcnid as ovcnid20_41_, purchasere0_.ovcsdocdt as ovcsdoc21_41_, purchasere0_.ovcsdocno as ovcsdoc22_41_, purchasere0_.ovurtx as ovurtx23_41_, purchasere0_.ovdccd as ovdccd24_41_, purchasere0_.ovdcrt as ovdcrt25_41_, purchasere0_.ovdocdt as ovdocdt26_41_, purchasere0_.ovexcrt as ovexcrt27_41_, purchasere0_.ovexpdt as ovexpdt28_41_, purchasere0_.ovexcost as ovexcos29_41_, purchasere0_.ovfec as ovfec30_41_, purchasere0_.ovfta as ovfta31_41_, purchasere0_.ovftb as ovftb32_41_, purchasere0_.ovfuc as ovfuc33_41_, purchasere0_.ovglcls as ovglcls34_41_, purchasere0_.ovidd as ovidd35_41_, purchasere0_.ovidn as ovidn36_41_, purchasere0_.ovitt as ovitt37_41_, purchasere0_.ovdocidt as ovdocid38_41_, purchasere0_.ovdocino as ovdocin39_41_, purchasere0_.ovdocisq as ovdocis40_41_, purchasere0_.ovdocity as ovdocit41_41_, purchasere0_.ovinum as ovinum42_41_, purchasere0_.ovdesb1 as ovdesb43_41_, purchasere0_.ovlcrt as ovlcrt44_41_, purchasere0_.ovitc05 as ovitc45_41_, purchasere0_.ovlst as ovlst46_41_, purchasere0_.ovlvla as ovlvla47_41_, purchasere0_.ovlnty as ovlnty48_41_, purchasere0_.ovlocid as ovlocid49_41_, purchasere0_.ovmatc as ovmatc50_41_, purchasere0_.ovnst as ovnst51_41_, purchasere0_.ovobid as ovobid52_41_, purchasere0_.ovdocono as ovdocon53_41_, purchasere0_.ovdocosq as ovdocos54_41_, purchasere0_.ovdocoty as ovdocot55_41_, purchasere0_.ovordocno as ovordoc56_41_, purchasere0_.ovordocsq as ovordoc57_41_, purchasere0_.ovordocty as ovordoc58_41_, purchasere0_.ovptc as ovptc59_41_, purchasere0_.ovpoa as ovpoa60_41_, purchasere0_.ovpod as ovpod61_41_, purchasere0_.ovpqot as ovpqot62_41_, purchasere0_.ovuom1 as ovuom63_41_, purchasere0_.ovpjid as ovpjid64_41_, purchasere0_.ovpo03 as ovpo65_41_, purchasere0_.ovpo01 as ovpo66_41_, purchasere0_.ovpo02 as ovpo67_41_, purchasere0_.ovqty as ovqty68_41_, purchasere0_.ovrcdt as ovrcdt69_41_, purchasere0_.ovrecid as ovrecid70_41_, purchasere0_.ovvr04 as ovvr71_41_, purchasere0_.ovvr01 as ovvr72_41_, purchasere0_.ovvr03 as ovvr73_41_, purchasere0_.ovvr05 as ovvr74_41_, purchasere0_.ovvr02 as ovvr75_41_, purchasere0_.ovrtgc as ovrtgc76_41_, purchasere0_.ovsqot as ovsqot77_41_, purchasere0_.ovuom2 as ovuom78_41_, purchasere0_.ovsnlot as ovsnlot79_41_, purchasere0_.ovtaxal as ovtaxal80_41_, purchasere0_.ovtaxam as ovtaxam81_41_, purchasere0_.ovtaxab as ovtaxab82_41_, purchasere0_.ovtaxcd as ovtaxcd83_41_, purchasere0_.ovtaxidt as ovtaxid84_41_, purchasere0_.ovtaxino as ovtaxin85_41_, purchasere0_.ovtaxrt as ovtaxrt86_41_, purchasere0_.ovcrct as ovcrct87_41_, purchasere0_.ovitc03 as ovitc88_41_, purchasere0_.ovucf as ovucf89_41_, purchasere0_.ovuncost as ovuncos90_41_, purchasere0_.ovudc as ovudc91_41_, purchasere0_.ovudf as ovudf92_41_, purchasere0_.ovuom as ovuom93_41_, purchasere0_.ovvnid as ovvnid94_41_, purchasere0_.ovinvdt as ovinvdt95_41_, purchasere0_.ovinvno as ovinvno96_41_ from t4312 purchasere0_ where purchasere0_.ovcoid=? and purchasere0_.ovdocno=? and purchasere0_.ovdocty=?
Hibernate: select purchasede0_.odcoid as odcoid1_40_0_, purchasede0_.oddocono as oddocono2_40_0_, purchasede0_.oddocosq as oddocosq3_40_0_, purchasede0_.oddocoty as oddocoty4_40_0_, purchasede0_.odcid as odcid5_40_0_, purchasede0_.oddtin as oddtin6_40_0_, purchasede0_.odtmin as odtmin7_40_0_, purchasede0_.oduid as oduid8_40_0_, purchasede0_.oddtlu as oddtlu9_40_0_, purchasede0_.odtmlu as odtmlu10_40_0_, purchasede0_.oduidm as oduidm11_40_0_, purchasede0_.odacid as odacid12_40_0_, purchasede0_.odaprcd as odaprcd13_40_0_, purchasede0_.odcrcb as odcrcb14_40_0_, purchasede0_.oditc02 as oditc15_40_0_, purchasede0_.odbuid as odbuid16_40_0_, purchasede0_.odqtycl as odqtycl17_40_0_, purchasede0_.oditc01 as oditc18_40_0_, purchasede0_.odcldt as odcldt19_40_0_, purchasede0_.odcsid as odcsid20_40_0_, purchasede0_.oddccd as oddccd21_40_0_, purchasede0_.oddcrt as oddcrt22_40_0_, purchasede0_.odexcrt as odexcrt23_40_0_, purchasede0_.odexcost as odexcos24_40_0_, purchasede0_.odqtyx as odqtyx25_40_0_, purchasede0_.oducfx as oducfx26_40_0_, purchasede0_.oduncostx as oduncos27_40_0_, purchasede0_.oduomx as oduomx28_40_0_, purchasede0_.odfec as odfec29_40_0_, purchasede0_.odfta as odfta30_40_0_, purchasede0_.odftb as odftb31_40_0_, purchasede0_.odfuc as odfuc32_40_0_, purchasede0_.odglcls as odglcls33_40_0_, purchasede0_.odgldt as odgldt34_40_0_, purchasede0_.odir02 as odir35_40_0_, purchasede0_.odir01 as odir36_40_0_, purchasede0_.odir03 as odir37_40_0_, purchasede0_.odinum as odinum38_40_0_, purchasede0_.oddesb1 as oddesb39_40_0_, purchasede0_.oditc05 as oditc40_40_0_, purchasede0_.odlst as odlst41_40_0_, purchasede0_.odlnty as odlnty42_40_0_, purchasede0_.odlocid as odlocid43_40_0_, purchasede0_.odnst as odnst44_40_0_, purchasede0_.odobid as odobid45_40_0_, purchasede0_.odqtyop as odqtyop46_40_0_, purchasede0_.odordt as odordt47_40_0_, purchasede0_.odqtyor as odqtyor48_40_0_, purchasede0_.odott as odott49_40_0_, purchasede0_.odordocdt as odordoc50_40_0_, purchasede0_.odordocno as odordoc51_40_0_, purchasede0_.odordocsq as odordoc52_40_0_, purchasede0_.odordocty as odordoc53_40_0_, purchasede0_.odptc as odptc54_40_0_, purchasede0_.odpqor as odpqor55_40_0_, purchasede0_.oduom1 as oduom56_40_0_, purchasede0_.odpjid as odpjid57_40_0_, purchasede0_.odpddt as odpddt58_40_0_, purchasede0_.odpo03 as odpo59_40_0_, purchasede0_.odpo01 as odpo60_40_0_, purchasede0_.odpo02 as odpo61_40_0_, purchasede0_.odqty as odqty62_40_0_, purchasede0_.odrcdt as odrcdt63_40_0_, purchasede0_.odqtyrc as odqtyrc64_40_0_, purchasede0_.odstid as odstid65_40_0_, purchasede0_.odvr04 as odvr66_40_0_, purchasede0_.odvr01 as odvr67_40_0_, purchasede0_.odvr03 as odvr68_40_0_, purchasede0_.odvr05 as odvr69_40_0_, purchasede0_.odvr02 as odvr70_40_0_, purchasede0_.odrldocno as odrldoc71_40_0_, purchasede0_.odrldocsq as odrldoc72_40_0_, purchasede0_.odrldocty as odrldoc73_40_0_, purchasede0_.odrqdt as odrqdt74_40_0_, purchasede0_.odqtyrn as odqtyrn75_40_0_, purchasede0_.odsqor as odsqor76_40_0_, purchasede0_.oduom2 as oduom77_40_0_, purchasede0_.odsnlot as odsnlot78_40_0_, purchasede0_.odtaxal as odtaxal79_40_0_, purchasede0_.odtaxam as odtaxam80_40_0_, purchasede0_.odtaxab as odtaxab81_40_0_, purchasede0_.odtaxcd as odtaxcd82_40_0_, purchasede0_.odtaxrt as odtaxrt83_40_0_, purchasede0_.odcrct as odcrct84_40_0_, purchasede0_.oditc03 as oditc85_40_0_, purchasede0_.oducf as oducf86_40_0_, purchasede0_.oduncost as oduncos87_40_0_, purchasede0_.odudc as odudc88_40_0_, purchasede0_.odudf as odudf89_40_0_, purchasede0_.oduom as oduom90_40_0_, purchasede0_.odvnid as odvnid91_40_0_, purchaseor1_.ohcoid as ohcoid1_39_1_, purchaseor1_.ohdocono as ohdocono2_39_1_, purchaseor1_.ohdocoty as ohdocoty3_39_1_, purchaseor1_.ohcid as ohcid4_39_1_, purchaseor1_.ohdtin as ohdtin5_39_1_, purchaseor1_.ohtmin as ohtmin6_39_1_, purchaseor1_.ohuid as ohuid7_39_1_, purchaseor1_.ohdtlu as ohdtlu8_39_1_, purchaseor1_.ohtmlu as ohtmlu9_39_1_, purchaseor1_.ohuidm as ohuidm10_39_1_, purchaseor1_.ohaprcd as ohaprcd11_39_1_, purchaseor1_.ohcrcb as ohcrcb12_39_1_, purchaseor1_.ohbuid as ohbuid13_39_1_, purchaseor1_.ohcldt as ohcldt14_39_1_, purchaseor1_.ohcot as ohcot15_39_1_, purchaseor1_.ohcsid as ohcsid16_39_1_, purchaseor1_.ohdesb1 as ohdesb17_39_1_, purchaseor1_.ohdccd as ohdccd18_39_1_, purchaseor1_.ohdcrt as ohdcrt19_39_1_, purchaseor1_.ohexcrt as ohexcrt20_39_1_, purchaseor1_.ohgldt as ohgldt21_39_1_, purchaseor1_.ohidd as ohidd22_39_1_, purchaseor1_.ohidn as ohidn23_39_1_, purchaseor1_.ohlst as ohlst24_39_1_, purchaseor1_.ohnst as ohnst25_39_1_, purchaseor1_.ohobid as ohobid26_39_1_, purchaseor1_.ohordt as ohordt27_39_1_, purchaseor1_.ohptc as ohptc28_39_1_, purchaseor1_.ohpoa as ohpoa29_39_1_, purchaseor1_.ohpod as ohpod30_39_1_, purchaseor1_.ohpjid as ohpjid31_39_1_, purchaseor1_.ohpddt as ohpddt32_39_1_, purchaseor1_.ohrcdt as ohrcdt33_39_1_, purchaseor1_.ohstid as ohstid34_39_1_, purchaseor1_.ohrqdt as ohrqdt35_39_1_, purchaseor1_.ohtaxal as ohtaxal36_39_1_, purchaseor1_.ohtaxcd as ohtaxcd37_39_1_, purchaseor1_.ohtaxrt as ohtaxrt38_39_1_, purchaseor1_.ohcrct as ohcrct39_39_1_, purchaseor1_.ohdesc1 as ohdesc40_39_1_, purchaseor1_.ohdesc2 as ohdesc41_39_1_, purchaseor1_.ohvhrn as ohvhrn42_39_1_, purchaseor1_.ohvhty as ohvhty43_39_1_, purchaseor1_.ohvnid as ohvnid44_39_1_ from t4311 purchasede0_ inner join t4301 purchaseor1_ on purchasede0_.odcoid=purchaseor1_.ohcoid and purchasede0_.oddocono=purchaseor1_.ohdocono and purchasede0_.oddocoty=purchaseor1_.ohdocoty where purchasede0_.odcoid=? and purchasede0_.oddocono=? and purchasede0_.oddocosq=? and purchasede0_.oddocoty=?
Hibernate: select serialnumb0_.coid as coid1_43_0_, serialnumb0_.docno as docno2_43_0_, serialnumb0_.docty as docty3_43_0_, serialnumb0_.docsq as docsq4_43_0_, serialnumb0_.buid as buid5_43_0_, serialnumb0_.inum as inum6_43_0_, serialnumb0_.snlot as snlot7_43_0_, lotmaster1_.ltbuid as ltbuid1_34_1_, lotmaster1_.ltinum as ltinum2_34_1_, lotmaster1_.ltsnlot as ltsnlot3_34_1_, lotmaster1_.ltcid as ltcid4_34_1_, lotmaster1_.ltdtin as ltdtin5_34_1_, lotmaster1_.lttmin as lttmin6_34_1_, lotmaster1_.ltuid as ltuid7_34_1_, lotmaster1_.ltdtlu as ltdtlu8_34_1_, lotmaster1_.lttmlu as lttmlu9_34_1_, lotmaster1_.ltuidm as ltuidm10_34_1_, lotmaster1_.ltbodt as ltbodt11_34_1_, lotmaster1_.ltbbdt as ltbbdt12_34_1_, lotmaster1_.ltcldt as ltcldt13_34_1_, lotmaster1_.ltexpdt as ltexpdt14_34_1_, lotmaster1_.ltldsc as ltldsc15_34_1_, lotmaster1_.ltledt as ltledt16_34_1_, lotmaster1_.ltlsc as ltlsc17_34_1_, lotmaster1_.ltmlot1 as ltmlot18_34_1_, lotmaster1_.ltmlot2 as ltmlot19_34_1_, lotmaster1_.ltmlot3 as ltmlot20_34_1_, lotmaster1_.ltohdt as ltohdt21_34_1_, lotmaster1_.ltsern as ltsern22_34_1_ from transaction_serialnumbers serialnumb0_ inner join t4108 lotmaster1_ on serialnumb0_.buid=lotmaster1_.ltbuid and serialnumb0_.inum=lotmaster1_.ltinum and serialnumb0_.snlot=lotmaster1_.ltsnlot where serialnumb0_.coid=? and serialnumb0_.docno=? and serialnumb0_.docty=? and serialnumb0_.docsq=?
Hibernate: select purchasede0_.odcoid as odcoid1_40_0_, purchasede0_.oddocono as oddocono2_40_0_, purchasede0_.oddocosq as oddocosq3_40_0_, purchasede0_.oddocoty as oddocoty4_40_0_, purchasede0_.odcid as odcid5_40_0_, purchasede0_.oddtin as oddtin6_40_0_, purchasede0_.odtmin as odtmin7_40_0_, purchasede0_.oduid as oduid8_40_0_, purchasede0_.oddtlu as oddtlu9_40_0_, purchasede0_.odtmlu as odtmlu10_40_0_, purchasede0_.oduidm as oduidm11_40_0_, purchasede0_.odacid as odacid12_40_0_, purchasede0_.odaprcd as odaprcd13_40_0_, purchasede0_.odcrcb as odcrcb14_40_0_, purchasede0_.oditc02 as oditc15_40_0_, purchasede0_.odbuid as odbuid16_40_0_, purchasede0_.odqtycl as odqtycl17_40_0_, purchasede0_.oditc01 as oditc18_40_0_, purchasede0_.odcldt as odcldt19_40_0_, purchasede0_.odcsid as odcsid20_40_0_, purchasede0_.oddccd as oddccd21_40_0_, purchasede0_.oddcrt as oddcrt22_40_0_, purchasede0_.odexcrt as odexcrt23_40_0_, purchasede0_.odexcost as odexcos24_40_0_, purchasede0_.odqtyx as odqtyx25_40_0_, purchasede0_.oducfx as oducfx26_40_0_, purchasede0_.oduncostx as oduncos27_40_0_, purchasede0_.oduomx as oduomx28_40_0_, purchasede0_.odfec as odfec29_40_0_, purchasede0_.odfta as odfta30_40_0_, purchasede0_.odftb as odftb31_40_0_, purchasede0_.odfuc as odfuc32_40_0_, purchasede0_.odglcls as odglcls33_40_0_, purchasede0_.odgldt as odgldt34_40_0_, purchasede0_.odir02 as odir35_40_0_, purchasede0_.odir01 as odir36_40_0_, purchasede0_.odir03 as odir37_40_0_, purchasede0_.odinum as odinum38_40_0_, purchasede0_.oddesb1 as oddesb39_40_0_, purchasede0_.oditc05 as oditc40_40_0_, purchasede0_.odlst as odlst41_40_0_, purchasede0_.odlnty as odlnty42_40_0_, purchasede0_.odlocid as odlocid43_40_0_, purchasede0_.odnst as odnst44_40_0_, purchasede0_.odobid as odobid45_40_0_, purchasede0_.odqtyop as odqtyop46_40_0_, purchasede0_.odordt as odordt47_40_0_, purchasede0_.odqtyor as odqtyor48_40_0_, purchasede0_.odott as odott49_40_0_, purchasede0_.odordocdt as odordoc50_40_0_, purchasede0_.odordocno as odordoc51_40_0_, purchasede0_.odordocsq as odordoc52_40_0_, purchasede0_.odordocty as odordoc53_40_0_, purchasede0_.odptc as odptc54_40_0_, purchasede0_.odpqor as odpqor55_40_0_, purchasede0_.oduom1 as oduom56_40_0_, purchasede0_.odpjid as odpjid57_40_0_, purchasede0_.odpddt as odpddt58_40_0_, purchasede0_.odpo03 as odpo59_40_0_, purchasede0_.odpo01 as odpo60_40_0_, purchasede0_.odpo02 as odpo61_40_0_, purchasede0_.odqty as odqty62_40_0_, purchasede0_.odrcdt as odrcdt63_40_0_, purchasede0_.odqtyrc as odqtyrc64_40_0_, purchasede0_.odstid as odstid65_40_0_, purchasede0_.odvr04 as odvr66_40_0_, purchasede0_.odvr01 as odvr67_40_0_, purchasede0_.odvr03 as odvr68_40_0_, purchasede0_.odvr05 as odvr69_40_0_, purchasede0_.odvr02 as odvr70_40_0_, purchasede0_.odrldocno as odrldoc71_40_0_, purchasede0_.odrldocsq as odrldoc72_40_0_, purchasede0_.odrldocty as odrldoc73_40_0_, purchasede0_.odrqdt as odrqdt74_40_0_, purchasede0_.odqtyrn as odqtyrn75_40_0_, purchasede0_.odsqor as odsqor76_40_0_, purchasede0_.oduom2 as oduom77_40_0_, purchasede0_.odsnlot as odsnlot78_40_0_, purchasede0_.odtaxal as odtaxal79_40_0_, purchasede0_.odtaxam as odtaxam80_40_0_, purchasede0_.odtaxab as odtaxab81_40_0_, purchasede0_.odtaxcd as odtaxcd82_40_0_, purchasede0_.odtaxrt as odtaxrt83_40_0_, purchasede0_.odcrct as odcrct84_40_0_, purchasede0_.oditc03 as oditc85_40_0_, purchasede0_.oducf as oducf86_40_0_, purchasede0_.oduncost as oduncos87_40_0_, purchasede0_.odudc as odudc88_40_0_, purchasede0_.odudf as odudf89_40_0_, purchasede0_.oduom as oduom90_40_0_, purchasede0_.odvnid as odvnid91_40_0_, purchaseor1_.ohcoid as ohcoid1_39_1_, purchaseor1_.ohdocono as ohdocono2_39_1_, purchaseor1_.ohdocoty as ohdocoty3_39_1_, purchaseor1_.ohcid as ohcid4_39_1_, purchaseor1_.ohdtin as ohdtin5_39_1_, purchaseor1_.ohtmin as ohtmin6_39_1_, purchaseor1_.ohuid as ohuid7_39_1_, purchaseor1_.ohdtlu as ohdtlu8_39_1_, purchaseor1_.ohtmlu as ohtmlu9_39_1_, purchaseor1_.ohuidm as ohuidm10_39_1_, purchaseor1_.ohaprcd as ohaprcd11_39_1_, purchaseor1_.ohcrcb as ohcrcb12_39_1_, purchaseor1_.ohbuid as ohbuid13_39_1_, purchaseor1_.ohcldt as ohcldt14_39_1_, purchaseor1_.ohcot as ohcot15_39_1_, purchaseor1_.ohcsid as ohcsid16_39_1_, purchaseor1_.ohdesb1 as ohdesb17_39_1_, purchaseor1_.ohdccd as ohdccd18_39_1_, purchaseor1_.ohdcrt as ohdcrt19_39_1_, purchaseor1_.ohexcrt as ohexcrt20_39_1_, purchaseor1_.ohgldt as ohgldt21_39_1_, purchaseor1_.ohidd as ohidd22_39_1_, purchaseor1_.ohidn as ohidn23_39_1_, purchaseor1_.ohlst as ohlst24_39_1_, purchaseor1_.ohnst as ohnst25_39_1_, purchaseor1_.ohobid as ohobid26_39_1_, purchaseor1_.ohordt as ohordt27_39_1_, purchaseor1_.ohptc as ohptc28_39_1_, purchaseor1_.ohpoa as ohpoa29_39_1_, purchaseor1_.ohpod as ohpod30_39_1_, purchaseor1_.ohpjid as ohpjid31_39_1_, purchaseor1_.ohpddt as ohpddt32_39_1_, purchaseor1_.ohrcdt as ohrcdt33_39_1_, purchaseor1_.ohstid as ohstid34_39_1_, purchaseor1_.ohrqdt as ohrqdt35_39_1_, purchaseor1_.ohtaxal as ohtaxal36_39_1_, purchaseor1_.ohtaxcd as ohtaxcd37_39_1_, purchaseor1_.ohtaxrt as ohtaxrt38_39_1_, purchaseor1_.ohcrct as ohcrct39_39_1_, purchaseor1_.ohdesc1 as ohdesc40_39_1_, purchaseor1_.ohdesc2 as ohdesc41_39_1_, purchaseor1_.ohvhrn as ohvhrn42_39_1_, purchaseor1_.ohvhty as ohvhty43_39_1_, purchaseor1_.ohvnid as ohvnid44_39_1_ from t4311 purchasede0_ inner join t4301 purchaseor1_ on purchasede0_.odcoid=purchaseor1_.ohcoid and purchasede0_.oddocono=purchaseor1_.ohdocono and purchasede0_.oddocoty=purchaseor1_.ohdocoty where purchasede0_.odcoid=? and purchasede0_.oddocono=? and purchasede0_.oddocosq=? and purchasede0_.oddocoty=?
Hibernate: select serialnumb0_.coid as coid1_43_0_, serialnumb0_.docno as docno2_43_0_, serialnumb0_.docty as docty3_43_0_, serialnumb0_.docsq as docsq4_43_0_, serialnumb0_.buid as buid5_43_0_, serialnumb0_.inum as inum6_43_0_, serialnumb0_.snlot as snlot7_43_0_, lotmaster1_.ltbuid as ltbuid1_34_1_, lotmaster1_.ltinum as ltinum2_34_1_, lotmaster1_.ltsnlot as ltsnlot3_34_1_, lotmaster1_.ltcid as ltcid4_34_1_, lotmaster1_.ltdtin as ltdtin5_34_1_, lotmaster1_.lttmin as lttmin6_34_1_, lotmaster1_.ltuid as ltuid7_34_1_, lotmaster1_.ltdtlu as ltdtlu8_34_1_, lotmaster1_.lttmlu as lttmlu9_34_1_, lotmaster1_.ltuidm as ltuidm10_34_1_, lotmaster1_.ltbodt as ltbodt11_34_1_, lotmaster1_.ltbbdt as ltbbdt12_34_1_, lotmaster1_.ltcldt as ltcldt13_34_1_, lotmaster1_.ltexpdt as ltexpdt14_34_1_, lotmaster1_.ltldsc as ltldsc15_34_1_, lotmaster1_.ltledt as ltledt16_34_1_, lotmaster1_.ltlsc as ltlsc17_34_1_, lotmaster1_.ltmlot1 as ltmlot18_34_1_, lotmaster1_.ltmlot2 as ltmlot19_34_1_, lotmaster1_.ltmlot3 as ltmlot20_34_1_, lotmaster1_.ltohdt as ltohdt21_34_1_, lotmaster1_.ltsern as ltsern22_34_1_ from transaction_serialnumbers serialnumb0_ inner join t4108 lotmaster1_ on serialnumb0_.buid=lotmaster1_.ltbuid and serialnumb0_.inum=lotmaster1_.ltinum and serialnumb0_.snlot=lotmaster1_.ltsnlot where serialnumb0_.coid=? and serialnumb0_.docno=? and serialnumb0_.docty=? and serialnumb0_.docsq=?
Hibernate: select purchasede0_.odcoid as odcoid1_40_0_, purchasede0_.oddocono as oddocono2_40_0_, purchasede0_.oddocosq as oddocosq3_40_0_, purchasede0_.oddocoty as oddocoty4_40_0_, purchasede0_.odcid as odcid5_40_0_, purchasede0_.oddtin as oddtin6_40_0_, purchasede0_.odtmin as odtmin7_40_0_, purchasede0_.oduid as oduid8_40_0_, purchasede0_.oddtlu as oddtlu9_40_0_, purchasede0_.odtmlu as odtmlu10_40_0_, purchasede0_.oduidm as oduidm11_40_0_, purchasede0_.odacid as odacid12_40_0_, purchasede0_.odaprcd as odaprcd13_40_0_, purchasede0_.odcrcb as odcrcb14_40_0_, purchasede0_.oditc02 as oditc15_40_0_, purchasede0_.odbuid as odbuid16_40_0_, purchasede0_.odqtycl as odqtycl17_40_0_, purchasede0_.oditc01 as oditc18_40_0_, purchasede0_.odcldt as odcldt19_40_0_, purchasede0_.odcsid as odcsid20_40_0_, purchasede0_.oddccd as oddccd21_40_0_, purchasede0_.oddcrt as oddcrt22_40_0_, purchasede0_.odexcrt as odexcrt23_40_0_, purchasede0_.odexcost as odexcos24_40_0_, purchasede0_.odqtyx as odqtyx25_40_0_, purchasede0_.oducfx as oducfx26_40_0_, purchasede0_.oduncostx as oduncos27_40_0_, purchasede0_.oduomx as oduomx28_40_0_, purchasede0_.odfec as odfec29_40_0_, purchasede0_.odfta as odfta30_40_0_, purchasede0_.odftb as odftb31_40_0_, purchasede0_.odfuc as odfuc32_40_0_, purchasede0_.odglcls as odglcls33_40_0_, purchasede0_.odgldt as odgldt34_40_0_, purchasede0_.odir02 as odir35_40_0_, purchasede0_.odir01 as odir36_40_0_, purchasede0_.odir03 as odir37_40_0_, purchasede0_.odinum as odinum38_40_0_, purchasede0_.oddesb1 as oddesb39_40_0_, purchasede0_.oditc05 as oditc40_40_0_, purchasede0_.odlst as odlst41_40_0_, purchasede0_.odlnty as odlnty42_40_0_, purchasede0_.odlocid as odlocid43_40_0_, purchasede0_.odnst as odnst44_40_0_, purchasede0_.odobid as odobid45_40_0_, purchasede0_.odqtyop as odqtyop46_40_0_, purchasede0_.odordt as odordt47_40_0_, purchasede0_.odqtyor as odqtyor48_40_0_, purchasede0_.odott as odott49_40_0_, purchasede0_.odordocdt as odordoc50_40_0_, purchasede0_.odordocno as odordoc51_40_0_, purchasede0_.odordocsq as odordoc52_40_0_, purchasede0_.odordocty as odordoc53_40_0_, purchasede0_.odptc as odptc54_40_0_, purchasede0_.odpqor as odpqor55_40_0_, purchasede0_.oduom1 as oduom56_40_0_, purchasede0_.odpjid as odpjid57_40_0_, purchasede0_.odpddt as odpddt58_40_0_, purchasede0_.odpo03 as odpo59_40_0_, purchasede0_.odpo01 as odpo60_40_0_, purchasede0_.odpo02 as odpo61_40_0_, purchasede0_.odqty as odqty62_40_0_, purchasede0_.odrcdt as odrcdt63_40_0_, purchasede0_.odqtyrc as odqtyrc64_40_0_, purchasede0_.odstid as odstid65_40_0_, purchasede0_.odvr04 as odvr66_40_0_, purchasede0_.odvr01 as odvr67_40_0_, purchasede0_.odvr03 as odvr68_40_0_, purchasede0_.odvr05 as odvr69_40_0_, purchasede0_.odvr02 as odvr70_40_0_, purchasede0_.odrldocno as odrldoc71_40_0_, purchasede0_.odrldocsq as odrldoc72_40_0_, purchasede0_.odrldocty as odrldoc73_40_0_, purchasede0_.odrqdt as odrqdt74_40_0_, purchasede0_.odqtyrn as odqtyrn75_40_0_, purchasede0_.odsqor as odsqor76_40_0_, purchasede0_.oduom2 as oduom77_40_0_, purchasede0_.odsnlot as odsnlot78_40_0_, purchasede0_.odtaxal as odtaxal79_40_0_, purchasede0_.odtaxam as odtaxam80_40_0_, purchasede0_.odtaxab as odtaxab81_40_0_, purchasede0_.odtaxcd as odtaxcd82_40_0_, purchasede0_.odtaxrt as odtaxrt83_40_0_, purchasede0_.odcrct as odcrct84_40_0_, purchasede0_.oditc03 as oditc85_40_0_, purchasede0_.oducf as oducf86_40_0_, purchasede0_.oduncost as oduncos87_40_0_, purchasede0_.odudc as odudc88_40_0_, purchasede0_.odudf as odudf89_40_0_, purchasede0_.oduom as oduom90_40_0_, purchasede0_.odvnid as odvnid91_40_0_, purchaseor1_.ohcoid as ohcoid1_39_1_, purchaseor1_.ohdocono as ohdocono2_39_1_, purchaseor1_.ohdocoty as ohdocoty3_39_1_, purchaseor1_.ohcid as ohcid4_39_1_, purchaseor1_.ohdtin as ohdtin5_39_1_, purchaseor1_.ohtmin as ohtmin6_39_1_, purchaseor1_.ohuid as ohuid7_39_1_, purchaseor1_.ohdtlu as ohdtlu8_39_1_, purchaseor1_.ohtmlu as ohtmlu9_39_1_, purchaseor1_.ohuidm as ohuidm10_39_1_, purchaseor1_.ohaprcd as ohaprcd11_39_1_, purchaseor1_.ohcrcb as ohcrcb12_39_1_, purchaseor1_.ohbuid as ohbuid13_39_1_, purchaseor1_.ohcldt as ohcldt14_39_1_, purchaseor1_.ohcot as ohcot15_39_1_, purchaseor1_.ohcsid as ohcsid16_39_1_, purchaseor1_.ohdesb1 as ohdesb17_39_1_, purchaseor1_.ohdccd as ohdccd18_39_1_, purchaseor1_.ohdcrt as ohdcrt19_39_1_, purchaseor1_.ohexcrt as ohexcrt20_39_1_, purchaseor1_.ohgldt as ohgldt21_39_1_, purchaseor1_.ohidd as ohidd22_39_1_, purchaseor1_.ohidn as ohidn23_39_1_, purchaseor1_.ohlst as ohlst24_39_1_, purchaseor1_.ohnst as ohnst25_39_1_, purchaseor1_.ohobid as ohobid26_39_1_, purchaseor1_.ohordt as ohordt27_39_1_, purchaseor1_.ohptc as ohptc28_39_1_, purchaseor1_.ohpoa as ohpoa29_39_1_, purchaseor1_.ohpod as ohpod30_39_1_, purchaseor1_.ohpjid as ohpjid31_39_1_, purchaseor1_.ohpddt as ohpddt32_39_1_, purchaseor1_.ohrcdt as ohrcdt33_39_1_, purchaseor1_.ohstid as ohstid34_39_1_, purchaseor1_.ohrqdt as ohrqdt35_39_1_, purchaseor1_.ohtaxal as ohtaxal36_39_1_, purchaseor1_.ohtaxcd as ohtaxcd37_39_1_, purchaseor1_.ohtaxrt as ohtaxrt38_39_1_, purchaseor1_.ohcrct as ohcrct39_39_1_, purchaseor1_.ohdesc1 as ohdesc40_39_1_, purchaseor1_.ohdesc2 as ohdesc41_39_1_, purchaseor1_.ohvhrn as ohvhrn42_39_1_, purchaseor1_.ohvhty as ohvhty43_39_1_, purchaseor1_.ohvnid as ohvnid44_39_1_ from t4311 purchasede0_ inner join t4301 purchaseor1_ on purchasede0_.odcoid=purchaseor1_.ohcoid and purchasede0_.oddocono=purchaseor1_.ohdocono and purchasede0_.oddocoty=purchaseor1_.ohdocoty where purchasede0_.odcoid=? and purchasede0_.oddocono=? and purchasede0_.oddocosq=? and purchasede0_.oddocoty=?
Hibernate: select serialnumb0_.coid as coid1_43_0_, serialnumb0_.docno as docno2_43_0_, serialnumb0_.docty as docty3_43_0_, serialnumb0_.docsq as docsq4_43_0_, serialnumb0_.buid as buid5_43_0_, serialnumb0_.inum as inum6_43_0_, serialnumb0_.snlot as snlot7_43_0_, lotmaster1_.ltbuid as ltbuid1_34_1_, lotmaster1_.ltinum as ltinum2_34_1_, lotmaster1_.ltsnlot as ltsnlot3_34_1_, lotmaster1_.ltcid as ltcid4_34_1_, lotmaster1_.ltdtin as ltdtin5_34_1_, lotmaster1_.lttmin as lttmin6_34_1_, lotmaster1_.ltuid as ltuid7_34_1_, lotmaster1_.ltdtlu as ltdtlu8_34_1_, lotmaster1_.lttmlu as lttmlu9_34_1_, lotmaster1_.ltuidm as ltuidm10_34_1_, lotmaster1_.ltbodt as ltbodt11_34_1_, lotmaster1_.ltbbdt as ltbbdt12_34_1_, lotmaster1_.ltcldt as ltcldt13_34_1_, lotmaster1_.ltexpdt as ltexpdt14_34_1_, lotmaster1_.ltldsc as ltldsc15_34_1_, lotmaster1_.ltledt as ltledt16_34_1_, lotmaster1_.ltlsc as ltlsc17_34_1_, lotmaster1_.ltmlot1 as ltmlot18_34_1_, lotmaster1_.ltmlot2 as ltmlot19_34_1_, lotmaster1_.ltmlot3 as ltmlot20_34_1_, lotmaster1_.ltohdt as ltohdt21_34_1_, lotmaster1_.ltsern as ltsern22_34_1_ from transaction_serialnumbers serialnumb0_ inner join t4108 lotmaster1_ on serialnumb0_.buid=lotmaster1_.ltbuid and serialnumb0_.inum=lotmaster1_.ltinum and serialnumb0_.snlot=lotmaster1_.ltsnlot where serialnumb0_.coid=? and serialnumb0_.docno=? and serialnumb0_.docty=? and serialnumb0_.docsq=?
Hibernate: select purchasede0_.odcoid as odcoid1_40_0_, purchasede0_.oddocono as oddocono2_40_0_, purchasede0_.oddocosq as oddocosq3_40_0_, purchasede0_.oddocoty as oddocoty4_40_0_, purchasede0_.odcid as odcid5_40_0_, purchasede0_.oddtin as oddtin6_40_0_, purchasede0_.odtmin as odtmin7_40_0_, purchasede0_.oduid as oduid8_40_0_, purchasede0_.oddtlu as oddtlu9_40_0_, purchasede0_.odtmlu as odtmlu10_40_0_, purchasede0_.oduidm as oduidm11_40_0_, purchasede0_.odacid as odacid12_40_0_, purchasede0_.odaprcd as odaprcd13_40_0_, purchasede0_.odcrcb as odcrcb14_40_0_, purchasede0_.oditc02 as oditc15_40_0_, purchasede0_.odbuid as odbuid16_40_0_, purchasede0_.odqtycl as odqtycl17_40_0_, purchasede0_.oditc01 as oditc18_40_0_, purchasede0_.odcldt as odcldt19_40_0_, purchasede0_.odcsid as odcsid20_40_0_, purchasede0_.oddccd as oddccd21_40_0_, purchasede0_.oddcrt as oddcrt22_40_0_, purchasede0_.odexcrt as odexcrt23_40_0_, purchasede0_.odexcost as odexcos24_40_0_, purchasede0_.odqtyx as odqtyx25_40_0_, purchasede0_.oducfx as oducfx26_40_0_, purchasede0_.oduncostx as oduncos27_40_0_, purchasede0_.oduomx as oduomx28_40_0_, purchasede0_.odfec as odfec29_40_0_, purchasede0_.odfta as odfta30_40_0_, purchasede0_.odftb as odftb31_40_0_, purchasede0_.odfuc as odfuc32_40_0_, purchasede0_.odglcls as odglcls33_40_0_, purchasede0_.odgldt as odgldt34_40_0_, purchasede0_.odir02 as odir35_40_0_, purchasede0_.odir01 as odir36_40_0_, purchasede0_.odir03 as odir37_40_0_, purchasede0_.odinum as odinum38_40_0_, purchasede0_.oddesb1 as oddesb39_40_0_, purchasede0_.oditc05 as oditc40_40_0_, purchasede0_.odlst as odlst41_40_0_, purchasede0_.odlnty as odlnty42_40_0_, purchasede0_.odlocid as odlocid43_40_0_, purchasede0_.odnst as odnst44_40_0_, purchasede0_.odobid as odobid45_40_0_, purchasede0_.odqtyop as odqtyop46_40_0_, purchasede0_.odordt as odordt47_40_0_, purchasede0_.odqtyor as odqtyor48_40_0_, purchasede0_.odott as odott49_40_0_, purchasede0_.odordocdt as odordoc50_40_0_, purchasede0_.odordocno as odordoc51_40_0_, purchasede0_.odordocsq as odordoc52_40_0_, purchasede0_.odordocty as odordoc53_40_0_, purchasede0_.odptc as odptc54_40_0_, purchasede0_.odpqor as odpqor55_40_0_, purchasede0_.oduom1 as oduom56_40_0_, purchasede0_.odpjid as odpjid57_40_0_, purchasede0_.odpddt as odpddt58_40_0_, purchasede0_.odpo03 as odpo59_40_0_, purchasede0_.odpo01 as odpo60_40_0_, purchasede0_.odpo02 as odpo61_40_0_, purchasede0_.odqty as odqty62_40_0_, purchasede0_.odrcdt as odrcdt63_40_0_, purchasede0_.odqtyrc as odqtyrc64_40_0_, purchasede0_.odstid as odstid65_40_0_, purchasede0_.odvr04 as odvr66_40_0_, purchasede0_.odvr01 as odvr67_40_0_, purchasede0_.odvr03 as odvr68_40_0_, purchasede0_.odvr05 as odvr69_40_0_, purchasede0_.odvr02 as odvr70_40_0_, purchasede0_.odrldocno as odrldoc71_40_0_, purchasede0_.odrldocsq as odrldoc72_40_0_, purchasede0_.odrldocty as odrldoc73_40_0_, purchasede0_.odrqdt as odrqdt74_40_0_, purchasede0_.odqtyrn as odqtyrn75_40_0_, purchasede0_.odsqor as odsqor76_40_0_, purchasede0_.oduom2 as oduom77_40_0_, purchasede0_.odsnlot as odsnlot78_40_0_, purchasede0_.odtaxal as odtaxal79_40_0_, purchasede0_.odtaxam as odtaxam80_40_0_, purchasede0_.odtaxab as odtaxab81_40_0_, purchasede0_.odtaxcd as odtaxcd82_40_0_, purchasede0_.odtaxrt as odtaxrt83_40_0_, purchasede0_.odcrct as odcrct84_40_0_, purchasede0_.oditc03 as oditc85_40_0_, purchasede0_.oducf as oducf86_40_0_, purchasede0_.oduncost as oduncos87_40_0_, purchasede0_.odudc as odudc88_40_0_, purchasede0_.odudf as odudf89_40_0_, purchasede0_.oduom as oduom90_40_0_, purchasede0_.odvnid as odvnid91_40_0_, purchaseor1_.ohcoid as ohcoid1_39_1_, purchaseor1_.ohdocono as ohdocono2_39_1_, purchaseor1_.ohdocoty as ohdocoty3_39_1_, purchaseor1_.ohcid as ohcid4_39_1_, purchaseor1_.ohdtin as ohdtin5_39_1_, purchaseor1_.ohtmin as ohtmin6_39_1_, purchaseor1_.ohuid as ohuid7_39_1_, purchaseor1_.ohdtlu as ohdtlu8_39_1_, purchaseor1_.ohtmlu as ohtmlu9_39_1_, purchaseor1_.ohuidm as ohuidm10_39_1_, purchaseor1_.ohaprcd as ohaprcd11_39_1_, purchaseor1_.ohcrcb as ohcrcb12_39_1_, purchaseor1_.ohbuid as ohbuid13_39_1_, purchaseor1_.ohcldt as ohcldt14_39_1_, purchaseor1_.ohcot as ohcot15_39_1_, purchaseor1_.ohcsid as ohcsid16_39_1_, purchaseor1_.ohdesb1 as ohdesb17_39_1_, purchaseor1_.ohdccd as ohdccd18_39_1_, purchaseor1_.ohdcrt as ohdcrt19_39_1_, purchaseor1_.ohexcrt as ohexcrt20_39_1_, purchaseor1_.ohgldt as ohgldt21_39_1_, purchaseor1_.ohidd as ohidd22_39_1_, purchaseor1_.ohidn as ohidn23_39_1_, purchaseor1_.ohlst as ohlst24_39_1_, purchaseor1_.ohnst as ohnst25_39_1_, purchaseor1_.ohobid as ohobid26_39_1_, purchaseor1_.ohordt as ohordt27_39_1_, purchaseor1_.ohptc as ohptc28_39_1_, purchaseor1_.ohpoa as ohpoa29_39_1_, purchaseor1_.ohpod as ohpod30_39_1_, purchaseor1_.ohpjid as ohpjid31_39_1_, purchaseor1_.ohpddt as ohpddt32_39_1_, purchaseor1_.ohrcdt as ohrcdt33_39_1_, purchaseor1_.ohstid as ohstid34_39_1_, purchaseor1_.ohrqdt as ohrqdt35_39_1_, purchaseor1_.ohtaxal as ohtaxal36_39_1_, purchaseor1_.ohtaxcd as ohtaxcd37_39_1_, purchaseor1_.ohtaxrt as ohtaxrt38_39_1_, purchaseor1_.ohcrct as ohcrct39_39_1_, purchaseor1_.ohdesc1 as ohdesc40_39_1_, purchaseor1_.ohdesc2 as ohdesc41_39_1_, purchaseor1_.ohvhrn as ohvhrn42_39_1_, purchaseor1_.ohvhty as ohvhty43_39_1_, purchaseor1_.ohvnid as ohvnid44_39_1_ from t4311 purchasede0_ inner join t4301 purchaseor1_ on purchasede0_.odcoid=purchaseor1_.ohcoid and purchasede0_.oddocono=purchaseor1_.ohdocono and purchasede0_.oddocoty=purchaseor1_.ohdocoty where purchasede0_.odcoid=? and purchasede0_.oddocono=? and purchasede0_.oddocosq=? and purchasede0_.oddocoty=?
Hibernate: select serialnumb0_.coid as coid1_43_0_, serialnumb0_.docno as docno2_43_0_, serialnumb0_.docty as docty3_43_0_, serialnumb0_.docsq as docsq4_43_0_, serialnumb0_.buid as buid5_43_0_, serialnumb0_.inum as inum6_43_0_, serialnumb0_.snlot as snlot7_43_0_, lotmaster1_.ltbuid as ltbuid1_34_1_, lotmaster1_.ltinum as ltinum2_34_1_, lotmaster1_.ltsnlot as ltsnlot3_34_1_, lotmaster1_.ltcid as ltcid4_34_1_, lotmaster1_.ltdtin as ltdtin5_34_1_, lotmaster1_.lttmin as lttmin6_34_1_, lotmaster1_.ltuid as ltuid7_34_1_, lotmaster1_.ltdtlu as ltdtlu8_34_1_, lotmaster1_.lttmlu as lttmlu9_34_1_, lotmaster1_.ltuidm as ltuidm10_34_1_, lotmaster1_.ltbodt as ltbodt11_34_1_, lotmaster1_.ltbbdt as ltbbdt12_34_1_, lotmaster1_.ltcldt as ltcldt13_34_1_, lotmaster1_.ltexpdt as ltexpdt14_34_1_, lotmaster1_.ltldsc as ltldsc15_34_1_, lotmaster1_.ltledt as ltledt16_34_1_, lotmaster1_.ltlsc as ltlsc17_34_1_, lotmaster1_.ltmlot1 as ltmlot18_34_1_, lotmaster1_.ltmlot2 as ltmlot19_34_1_, lotmaster1_.ltmlot3 as ltmlot20_34_1_, lotmaster1_.ltohdt as ltohdt21_34_1_, lotmaster1_.ltsern as ltsern22_34_1_ from transaction_serialnumbers serialnumb0_ inner join t4108 lotmaster1_ on serialnumb0_.buid=lotmaster1_.ltbuid and serialnumb0_.inum=lotmaster1_.ltinum and serialnumb0_.snlot=lotmaster1_.ltsnlot where serialnumb0_.coid=? and serialnumb0_.docno=? and serialnumb0_.docty=? and serialnumb0_.docsq=?
Hibernate: select purchasede0_.odcoid as odcoid1_40_0_, purchasede0_.oddocono as oddocono2_40_0_, purchasede0_.oddocosq as oddocosq3_40_0_, purchasede0_.oddocoty as oddocoty4_40_0_, purchasede0_.odcid as odcid5_40_0_, purchasede0_.oddtin as oddtin6_40_0_, purchasede0_.odtmin as odtmin7_40_0_, purchasede0_.oduid as oduid8_40_0_, purchasede0_.oddtlu as oddtlu9_40_0_, purchasede0_.odtmlu as odtmlu10_40_0_, purchasede0_.oduidm as oduidm11_40_0_, purchasede0_.odacid as odacid12_40_0_, purchasede0_.odaprcd as odaprcd13_40_0_, purchasede0_.odcrcb as odcrcb14_40_0_, purchasede0_.oditc02 as oditc15_40_0_, purchasede0_.odbuid as odbuid16_40_0_, purchasede0_.odqtycl as odqtycl17_40_0_, purchasede0_.oditc01 as oditc18_40_0_, purchasede0_.odcldt as odcldt19_40_0_, purchasede0_.odcsid as odcsid20_40_0_, purchasede0_.oddccd as oddccd21_40_0_, purchasede0_.oddcrt as oddcrt22_40_0_, purchasede0_.odexcrt as odexcrt23_40_0_, purchasede0_.odexcost as odexcos24_40_0_, purchasede0_.odqtyx as odqtyx25_40_0_, purchasede0_.oducfx as oducfx26_40_0_, purchasede0_.oduncostx as oduncos27_40_0_, purchasede0_.oduomx as oduomx28_40_0_, purchasede0_.odfec as odfec29_40_0_, purchasede0_.odfta as odfta30_40_0_, purchasede0_.odftb as odftb31_40_0_, purchasede0_.odfuc as odfuc32_40_0_, purchasede0_.odglcls as odglcls33_40_0_, purchasede0_.odgldt as odgldt34_40_0_, purchasede0_.odir02 as odir35_40_0_, purchasede0_.odir01 as odir36_40_0_, purchasede0_.odir03 as odir37_40_0_, purchasede0_.odinum as odinum38_40_0_, purchasede0_.oddesb1 as oddesb39_40_0_, purchasede0_.oditc05 as oditc40_40_0_, purchasede0_.odlst as odlst41_40_0_, purchasede0_.odlnty as odlnty42_40_0_, purchasede0_.odlocid as odlocid43_40_0_, purchasede0_.odnst as odnst44_40_0_, purchasede0_.odobid as odobid45_40_0_, purchasede0_.odqtyop as odqtyop46_40_0_, purchasede0_.odordt as odordt47_40_0_, purchasede0_.odqtyor as odqtyor48_40_0_, purchasede0_.odott as odott49_40_0_, purchasede0_.odordocdt as odordoc50_40_0_, purchasede0_.odordocno as odordoc51_40_0_, purchasede0_.odordocsq as odordoc52_40_0_, purchasede0_.odordocty as odordoc53_40_0_, purchasede0_.odptc as odptc54_40_0_, purchasede0_.odpqor as odpqor55_40_0_, purchasede0_.oduom1 as oduom56_40_0_, purchasede0_.odpjid as odpjid57_40_0_, purchasede0_.odpddt as odpddt58_40_0_, purchasede0_.odpo03 as odpo59_40_0_, purchasede0_.odpo01 as odpo60_40_0_, purchasede0_.odpo02 as odpo61_40_0_, purchasede0_.odqty as odqty62_40_0_, purchasede0_.odrcdt as odrcdt63_40_0_, purchasede0_.odqtyrc as odqtyrc64_40_0_, purchasede0_.odstid as odstid65_40_0_, purchasede0_.odvr04 as odvr66_40_0_, purchasede0_.odvr01 as odvr67_40_0_, purchasede0_.odvr03 as odvr68_40_0_, purchasede0_.odvr05 as odvr69_40_0_, purchasede0_.odvr02 as odvr70_40_0_, purchasede0_.odrldocno as odrldoc71_40_0_, purchasede0_.odrldocsq as odrldoc72_40_0_, purchasede0_.odrldocty as odrldoc73_40_0_, purchasede0_.odrqdt as odrqdt74_40_0_, purchasede0_.odqtyrn as odqtyrn75_40_0_, purchasede0_.odsqor as odsqor76_40_0_, purchasede0_.oduom2 as oduom77_40_0_, purchasede0_.odsnlot as odsnlot78_40_0_, purchasede0_.odtaxal as odtaxal79_40_0_, purchasede0_.odtaxam as odtaxam80_40_0_, purchasede0_.odtaxab as odtaxab81_40_0_, purchasede0_.odtaxcd as odtaxcd82_40_0_, purchasede0_.odtaxrt as odtaxrt83_40_0_, purchasede0_.odcrct as odcrct84_40_0_, purchasede0_.oditc03 as oditc85_40_0_, purchasede0_.oducf as oducf86_40_0_, purchasede0_.oduncost as oduncos87_40_0_, purchasede0_.odudc as odudc88_40_0_, purchasede0_.odudf as odudf89_40_0_, purchasede0_.oduom as oduom90_40_0_, purchasede0_.odvnid as odvnid91_40_0_, purchaseor1_.ohcoid as ohcoid1_39_1_, purchaseor1_.ohdocono as ohdocono2_39_1_, purchaseor1_.ohdocoty as ohdocoty3_39_1_, purchaseor1_.ohcid as ohcid4_39_1_, purchaseor1_.ohdtin as ohdtin5_39_1_, purchaseor1_.ohtmin as ohtmin6_39_1_, purchaseor1_.ohuid as ohuid7_39_1_, purchaseor1_.ohdtlu as ohdtlu8_39_1_, purchaseor1_.ohtmlu as ohtmlu9_39_1_, purchaseor1_.ohuidm as ohuidm10_39_1_, purchaseor1_.ohaprcd as ohaprcd11_39_1_, purchaseor1_.ohcrcb as ohcrcb12_39_1_, purchaseor1_.ohbuid as ohbuid13_39_1_, purchaseor1_.ohcldt as ohcldt14_39_1_, purchaseor1_.ohcot as ohcot15_39_1_, purchaseor1_.ohcsid as ohcsid16_39_1_, purchaseor1_.ohdesb1 as ohdesb17_39_1_, purchaseor1_.ohdccd as ohdccd18_39_1_, purchaseor1_.ohdcrt as ohdcrt19_39_1_, purchaseor1_.ohexcrt as ohexcrt20_39_1_, purchaseor1_.ohgldt as ohgldt21_39_1_, purchaseor1_.ohidd as ohidd22_39_1_, purchaseor1_.ohidn as ohidn23_39_1_, purchaseor1_.ohlst as ohlst24_39_1_, purchaseor1_.ohnst as ohnst25_39_1_, purchaseor1_.ohobid as ohobid26_39_1_, purchaseor1_.ohordt as ohordt27_39_1_, purchaseor1_.ohptc as ohptc28_39_1_, purchaseor1_.ohpoa as ohpoa29_39_1_, purchaseor1_.ohpod as ohpod30_39_1_, purchaseor1_.ohpjid as ohpjid31_39_1_, purchaseor1_.ohpddt as ohpddt32_39_1_, purchaseor1_.ohrcdt as ohrcdt33_39_1_, purchaseor1_.ohstid as ohstid34_39_1_, purchaseor1_.ohrqdt as ohrqdt35_39_1_, purchaseor1_.ohtaxal as ohtaxal36_39_1_, purchaseor1_.ohtaxcd as ohtaxcd37_39_1_, purchaseor1_.ohtaxrt as ohtaxrt38_39_1_, purchaseor1_.ohcrct as ohcrct39_39_1_, purchaseor1_.ohdesc1 as ohdesc40_39_1_, purchaseor1_.ohdesc2 as ohdesc41_39_1_, purchaseor1_.ohvhrn as ohvhrn42_39_1_, purchaseor1_.ohvhty as ohvhty43_39_1_, purchaseor1_.ohvnid as ohvnid44_39_1_ from t4311 purchasede0_ inner join t4301 purchaseor1_ on purchasede0_.odcoid=purchaseor1_.ohcoid and purchasede0_.oddocono=purchaseor1_.ohdocono and purchasede0_.oddocoty=purchaseor1_.ohdocoty where purchasede0_.odcoid=? and purchasede0_.oddocono=? and purchasede0_.oddocosq=? and purchasede0_.oddocoty=?
Hibernate: select serialnumb0_.coid as coid1_43_0_, serialnumb0_.docno as docno2_43_0_, serialnumb0_.docty as docty3_43_0_, serialnumb0_.docsq as docsq4_43_0_, serialnumb0_.buid as buid5_43_0_, serialnumb0_.inum as inum6_43_0_, serialnumb0_.snlot as snlot7_43_0_, lotmaster1_.ltbuid as ltbuid1_34_1_, lotmaster1_.ltinum as ltinum2_34_1_, lotmaster1_.ltsnlot as ltsnlot3_34_1_, lotmaster1_.ltcid as ltcid4_34_1_, lotmaster1_.ltdtin as ltdtin5_34_1_, lotmaster1_.lttmin as lttmin6_34_1_, lotmaster1_.ltuid as ltuid7_34_1_, lotmaster1_.ltdtlu as ltdtlu8_34_1_, lotmaster1_.lttmlu as lttmlu9_34_1_, lotmaster1_.ltuidm as ltuidm10_34_1_, lotmaster1_.ltbodt as ltbodt11_34_1_, lotmaster1_.ltbbdt as ltbbdt12_34_1_, lotmaster1_.ltcldt as ltcldt13_34_1_, lotmaster1_.ltexpdt as ltexpdt14_34_1_, lotmaster1_.ltldsc as ltldsc15_34_1_, lotmaster1_.ltledt as ltledt16_34_1_, lotmaster1_.ltlsc as ltlsc17_34_1_, lotmaster1_.ltmlot1 as ltmlot18_34_1_, lotmaster1_.ltmlot2 as ltmlot19_34_1_, lotmaster1_.ltmlot3 as ltmlot20_34_1_, lotmaster1_.ltohdt as ltohdt21_34_1_, lotmaster1_.ltsern as ltsern22_34_1_ from transaction_serialnumbers serialnumb0_ inner join t4108 lotmaster1_ on serialnumb0_.buid=lotmaster1_.ltbuid and serialnumb0_.inum=lotmaster1_.ltinum and serialnumb0_.snlot=lotmaster1_.ltsnlot where serialnumb0_.coid=? and serialnumb0_.docno=? and serialnumb0_.docty=? and serialnumb0_.docsq=?
Hibernate: select purchasede0_.odcoid as odcoid1_40_0_, purchasede0_.oddocono as oddocono2_40_0_, purchasede0_.oddocosq as oddocosq3_40_0_, purchasede0_.oddocoty as oddocoty4_40_0_, purchasede0_.odcid as odcid5_40_0_, purchasede0_.oddtin as oddtin6_40_0_, purchasede0_.odtmin as odtmin7_40_0_, purchasede0_.oduid as oduid8_40_0_, purchasede0_.oddtlu as oddtlu9_40_0_, purchasede0_.odtmlu as odtmlu10_40_0_, purchasede0_.oduidm as oduidm11_40_0_, purchasede0_.odacid as odacid12_40_0_, purchasede0_.odaprcd as odaprcd13_40_0_, purchasede0_.odcrcb as odcrcb14_40_0_, purchasede0_.oditc02 as oditc15_40_0_, purchasede0_.odbuid as odbuid16_40_0_, purchasede0_.odqtycl as odqtycl17_40_0_, purchasede0_.oditc01 as oditc18_40_0_, purchasede0_.odcldt as odcldt19_40_0_, purchasede0_.odcsid as odcsid20_40_0_, purchasede0_.oddccd as oddccd21_40_0_, purchasede0_.oddcrt as oddcrt22_40_0_, purchasede0_.odexcrt as odexcrt23_40_0_, purchasede0_.odexcost as odexcos24_40_0_, purchasede0_.odqtyx as odqtyx25_40_0_, purchasede0_.oducfx as oducfx26_40_0_, purchasede0_.oduncostx as oduncos27_40_0_, purchasede0_.oduomx as oduomx28_40_0_, purchasede0_.odfec as odfec29_40_0_, purchasede0_.odfta as odfta30_40_0_, purchasede0_.odftb as odftb31_40_0_, purchasede0_.odfuc as odfuc32_40_0_, purchasede0_.odglcls as odglcls33_40_0_, purchasede0_.odgldt as odgldt34_40_0_, purchasede0_.odir02 as odir35_40_0_, purchasede0_.odir01 as odir36_40_0_, purchasede0_.odir03 as odir37_40_0_, purchasede0_.odinum as odinum38_40_0_, purchasede0_.oddesb1 as oddesb39_40_0_, purchasede0_.oditc05 as oditc40_40_0_, purchasede0_.odlst as odlst41_40_0_, purchasede0_.odlnty as odlnty42_40_0_, purchasede0_.odlocid as odlocid43_40_0_, purchasede0_.odnst as odnst44_40_0_, purchasede0_.odobid as odobid45_40_0_, purchasede0_.odqtyop as odqtyop46_40_0_, purchasede0_.odordt as odordt47_40_0_, purchasede0_.odqtyor as odqtyor48_40_0_, purchasede0_.odott as odott49_40_0_, purchasede0_.odordocdt as odordoc50_40_0_, purchasede0_.odordocno as odordoc51_40_0_, purchasede0_.odordocsq as odordoc52_40_0_, purchasede0_.odordocty as odordoc53_40_0_, purchasede0_.odptc as odptc54_40_0_, purchasede0_.odpqor as odpqor55_40_0_, purchasede0_.oduom1 as oduom56_40_0_, purchasede0_.odpjid as odpjid57_40_0_, purchasede0_.odpddt as odpddt58_40_0_, purchasede0_.odpo03 as odpo59_40_0_, purchasede0_.odpo01 as odpo60_40_0_, purchasede0_.odpo02 as odpo61_40_0_, purchasede0_.odqty as odqty62_40_0_, purchasede0_.odrcdt as odrcdt63_40_0_, purchasede0_.odqtyrc as odqtyrc64_40_0_, purchasede0_.odstid as odstid65_40_0_, purchasede0_.odvr04 as odvr66_40_0_, purchasede0_.odvr01 as odvr67_40_0_, purchasede0_.odvr03 as odvr68_40_0_, purchasede0_.odvr05 as odvr69_40_0_, purchasede0_.odvr02 as odvr70_40_0_, purchasede0_.odrldocno as odrldoc71_40_0_, purchasede0_.odrldocsq as odrldoc72_40_0_, purchasede0_.odrldocty as odrldoc73_40_0_, purchasede0_.odrqdt as odrqdt74_40_0_, purchasede0_.odqtyrn as odqtyrn75_40_0_, purchasede0_.odsqor as odsqor76_40_0_, purchasede0_.oduom2 as oduom77_40_0_, purchasede0_.odsnlot as odsnlot78_40_0_, purchasede0_.odtaxal as odtaxal79_40_0_, purchasede0_.odtaxam as odtaxam80_40_0_, purchasede0_.odtaxab as odtaxab81_40_0_, purchasede0_.odtaxcd as odtaxcd82_40_0_, purchasede0_.odtaxrt as odtaxrt83_40_0_, purchasede0_.odcrct as odcrct84_40_0_, purchasede0_.oditc03 as oditc85_40_0_, purchasede0_.oducf as oducf86_40_0_, purchasede0_.oduncost as oduncos87_40_0_, purchasede0_.odudc as odudc88_40_0_, purchasede0_.odudf as odudf89_40_0_, purchasede0_.oduom as oduom90_40_0_, purchasede0_.odvnid as odvnid91_40_0_, purchaseor1_.ohcoid as ohcoid1_39_1_, purchaseor1_.ohdocono as ohdocono2_39_1_, purchaseor1_.ohdocoty as ohdocoty3_39_1_, purchaseor1_.ohcid as ohcid4_39_1_, purchaseor1_.ohdtin as ohdtin5_39_1_, purchaseor1_.ohtmin as ohtmin6_39_1_, purchaseor1_.ohuid as ohuid7_39_1_, purchaseor1_.ohdtlu as ohdtlu8_39_1_, purchaseor1_.ohtmlu as ohtmlu9_39_1_, purchaseor1_.ohuidm as ohuidm10_39_1_, purchaseor1_.ohaprcd as ohaprcd11_39_1_, purchaseor1_.ohcrcb as ohcrcb12_39_1_, purchaseor1_.ohbuid as ohbuid13_39_1_, purchaseor1_.ohcldt as ohcldt14_39_1_, purchaseor1_.ohcot as ohcot15_39_1_, purchaseor1_.ohcsid as ohcsid16_39_1_, purchaseor1_.ohdesb1 as ohdesb17_39_1_, purchaseor1_.ohdccd as ohdccd18_39_1_, purchaseor1_.ohdcrt as ohdcrt19_39_1_, purchaseor1_.ohexcrt as ohexcrt20_39_1_, purchaseor1_.ohgldt as ohgldt21_39_1_, purchaseor1_.ohidd as ohidd22_39_1_, purchaseor1_.ohidn as ohidn23_39_1_, purchaseor1_.ohlst as ohlst24_39_1_, purchaseor1_.ohnst as ohnst25_39_1_, purchaseor1_.ohobid as ohobid26_39_1_, purchaseor1_.ohordt as ohordt27_39_1_, purchaseor1_.ohptc as ohptc28_39_1_, purchaseor1_.ohpoa as ohpoa29_39_1_, purchaseor1_.ohpod as ohpod30_39_1_, purchaseor1_.ohpjid as ohpjid31_39_1_, purchaseor1_.ohpddt as ohpddt32_39_1_, purchaseor1_.ohrcdt as ohrcdt33_39_1_, purchaseor1_.ohstid as ohstid34_39_1_, purchaseor1_.ohrqdt as ohrqdt35_39_1_, purchaseor1_.ohtaxal as ohtaxal36_39_1_, purchaseor1_.ohtaxcd as ohtaxcd37_39_1_, purchaseor1_.ohtaxrt as ohtaxrt38_39_1_, purchaseor1_.ohcrct as ohcrct39_39_1_, purchaseor1_.ohdesc1 as ohdesc40_39_1_, purchaseor1_.ohdesc2 as ohdesc41_39_1_, purchaseor1_.ohvhrn as ohvhrn42_39_1_, purchaseor1_.ohvhty as ohvhty43_39_1_, purchaseor1_.ohvnid as ohvnid44_39_1_ from t4311 purchasede0_ inner join t4301 purchaseor1_ on purchasede0_.odcoid=purchaseor1_.ohcoid and purchasede0_.oddocono=purchaseor1_.ohdocono and purchasede0_.oddocoty=purchaseor1_.ohdocoty where purchasede0_.odcoid=? and purchasede0_.oddocono=? and purchasede0_.oddocosq=? and purchasede0_.oddocoty=?
Hibernate: select serialnumb0_.coid as coid1_43_0_, serialnumb0_.docno as docno2_43_0_, serialnumb0_.docty as docty3_43_0_, serialnumb0_.docsq as docsq4_43_0_, serialnumb0_.buid as buid5_43_0_, serialnumb0_.inum as inum6_43_0_, serialnumb0_.snlot as snlot7_43_0_, lotmaster1_.ltbuid as ltbuid1_34_1_, lotmaster1_.ltinum as ltinum2_34_1_, lotmaster1_.ltsnlot as ltsnlot3_34_1_, lotmaster1_.ltcid as ltcid4_34_1_, lotmaster1_.ltdtin as ltdtin5_34_1_, lotmaster1_.lttmin as lttmin6_34_1_, lotmaster1_.ltuid as ltuid7_34_1_, lotmaster1_.ltdtlu as ltdtlu8_34_1_, lotmaster1_.lttmlu as lttmlu9_34_1_, lotmaster1_.ltuidm as ltuidm10_34_1_, lotmaster1_.ltbodt as ltbodt11_34_1_, lotmaster1_.ltbbdt as ltbbdt12_34_1_, lotmaster1_.ltcldt as ltcldt13_34_1_, lotmaster1_.ltexpdt as ltexpdt14_34_1_, lotmaster1_.ltldsc as ltldsc15_34_1_, lotmaster1_.ltledt as ltledt16_34_1_, lotmaster1_.ltlsc as ltlsc17_34_1_, lotmaster1_.ltmlot1 as ltmlot18_34_1_, lotmaster1_.ltmlot2 as ltmlot19_34_1_, lotmaster1_.ltmlot3 as ltmlot20_34_1_, lotmaster1_.ltohdt as ltohdt21_34_1_, lotmaster1_.ltsern as ltsern22_34_1_ from transaction_serialnumbers serialnumb0_ inner join t4108 lotmaster1_ on serialnumb0_.buid=lotmaster1_.ltbuid and serialnumb0_.inum=lotmaster1_.ltinum and serialnumb0_.snlot=lotmaster1_.ltsnlot where serialnumb0_.coid=? and serialnumb0_.docno=? and serialnumb0_.docty=? and serialnumb0_.docsq=?
Hibernate: select purchasede0_.odcoid as odcoid1_40_0_, purchasede0_.oddocono as oddocono2_40_0_, purchasede0_.oddocosq as oddocosq3_40_0_, purchasede0_.oddocoty as oddocoty4_40_0_, purchasede0_.odcid as odcid5_40_0_, purchasede0_.oddtin as oddtin6_40_0_, purchasede0_.odtmin as odtmin7_40_0_, purchasede0_.oduid as oduid8_40_0_, purchasede0_.oddtlu as oddtlu9_40_0_, purchasede0_.odtmlu as odtmlu10_40_0_, purchasede0_.oduidm as oduidm11_40_0_, purchasede0_.odacid as odacid12_40_0_, purchasede0_.odaprcd as odaprcd13_40_0_, purchasede0_.odcrcb as odcrcb14_40_0_, purchasede0_.oditc02 as oditc15_40_0_, purchasede0_.odbuid as odbuid16_40_0_, purchasede0_.odqtycl as odqtycl17_40_0_, purchasede0_.oditc01 as oditc18_40_0_, purchasede0_.odcldt as odcldt19_40_0_, purchasede0_.odcsid as odcsid20_40_0_, purchasede0_.oddccd as oddccd21_40_0_, purchasede0_.oddcrt as oddcrt22_40_0_, purchasede0_.odexcrt as odexcrt23_40_0_, purchasede0_.odexcost as odexcos24_40_0_, purchasede0_.odqtyx as odqtyx25_40_0_, purchasede0_.oducfx as oducfx26_40_0_, purchasede0_.oduncostx as oduncos27_40_0_, purchasede0_.oduomx as oduomx28_40_0_, purchasede0_.odfec as odfec29_40_0_, purchasede0_.odfta as odfta30_40_0_, purchasede0_.odftb as odftb31_40_0_, purchasede0_.odfuc as odfuc32_40_0_, purchasede0_.odglcls as odglcls33_40_0_, purchasede0_.odgldt as odgldt34_40_0_, purchasede0_.odir02 as odir35_40_0_, purchasede0_.odir01 as odir36_40_0_, purchasede0_.odir03 as odir37_40_0_, purchasede0_.odinum as odinum38_40_0_, purchasede0_.oddesb1 as oddesb39_40_0_, purchasede0_.oditc05 as oditc40_40_0_, purchasede0_.odlst as odlst41_40_0_, purchasede0_.odlnty as odlnty42_40_0_, purchasede0_.odlocid as odlocid43_40_0_, purchasede0_.odnst as odnst44_40_0_, purchasede0_.odobid as odobid45_40_0_, purchasede0_.odqtyop as odqtyop46_40_0_, purchasede0_.odordt as odordt47_40_0_, purchasede0_.odqtyor as odqtyor48_40_0_, purchasede0_.odott as odott49_40_0_, purchasede0_.odordocdt as odordoc50_40_0_, purchasede0_.odordocno as odordoc51_40_0_, purchasede0_.odordocsq as odordoc52_40_0_, purchasede0_.odordocty as odordoc53_40_0_, purchasede0_.odptc as odptc54_40_0_, purchasede0_.odpqor as odpqor55_40_0_, purchasede0_.oduom1 as oduom56_40_0_, purchasede0_.odpjid as odpjid57_40_0_, purchasede0_.odpddt as odpddt58_40_0_, purchasede0_.odpo03 as odpo59_40_0_, purchasede0_.odpo01 as odpo60_40_0_, purchasede0_.odpo02 as odpo61_40_0_, purchasede0_.odqty as odqty62_40_0_, purchasede0_.odrcdt as odrcdt63_40_0_, purchasede0_.odqtyrc as odqtyrc64_40_0_, purchasede0_.odstid as odstid65_40_0_, purchasede0_.odvr04 as odvr66_40_0_, purchasede0_.odvr01 as odvr67_40_0_, purchasede0_.odvr03 as odvr68_40_0_, purchasede0_.odvr05 as odvr69_40_0_, purchasede0_.odvr02 as odvr70_40_0_, purchasede0_.odrldocno as odrldoc71_40_0_, purchasede0_.odrldocsq as odrldoc72_40_0_, purchasede0_.odrldocty as odrldoc73_40_0_, purchasede0_.odrqdt as odrqdt74_40_0_, purchasede0_.odqtyrn as odqtyrn75_40_0_, purchasede0_.odsqor as odsqor76_40_0_, purchasede0_.oduom2 as oduom77_40_0_, purchasede0_.odsnlot as odsnlot78_40_0_, purchasede0_.odtaxal as odtaxal79_40_0_, purchasede0_.odtaxam as odtaxam80_40_0_, purchasede0_.odtaxab as odtaxab81_40_0_, purchasede0_.odtaxcd as odtaxcd82_40_0_, purchasede0_.odtaxrt as odtaxrt83_40_0_, purchasede0_.odcrct as odcrct84_40_0_, purchasede0_.oditc03 as oditc85_40_0_, purchasede0_.oducf as oducf86_40_0_, purchasede0_.oduncost as oduncos87_40_0_, purchasede0_.odudc as odudc88_40_0_, purchasede0_.odudf as odudf89_40_0_, purchasede0_.oduom as oduom90_40_0_, purchasede0_.odvnid as odvnid91_40_0_, purchaseor1_.ohcoid as ohcoid1_39_1_, purchaseor1_.ohdocono as ohdocono2_39_1_, purchaseor1_.ohdocoty as ohdocoty3_39_1_, purchaseor1_.ohcid as ohcid4_39_1_, purchaseor1_.ohdtin as ohdtin5_39_1_, purchaseor1_.ohtmin as ohtmin6_39_1_, purchaseor1_.ohuid as ohuid7_39_1_, purchaseor1_.ohdtlu as ohdtlu8_39_1_, purchaseor1_.ohtmlu as ohtmlu9_39_1_, purchaseor1_.ohuidm as ohuidm10_39_1_, purchaseor1_.ohaprcd as ohaprcd11_39_1_, purchaseor1_.ohcrcb as ohcrcb12_39_1_, purchaseor1_.ohbuid as ohbuid13_39_1_, purchaseor1_.ohcldt as ohcldt14_39_1_, purchaseor1_.ohcot as ohcot15_39_1_, purchaseor1_.ohcsid as ohcsid16_39_1_, purchaseor1_.ohdesb1 as ohdesb17_39_1_, purchaseor1_.ohdccd as ohdccd18_39_1_, purchaseor1_.ohdcrt as ohdcrt19_39_1_, purchaseor1_.ohexcrt as ohexcrt20_39_1_, purchaseor1_.ohgldt as ohgldt21_39_1_, purchaseor1_.ohidd as ohidd22_39_1_, purchaseor1_.ohidn as ohidn23_39_1_, purchaseor1_.ohlst as ohlst24_39_1_, purchaseor1_.ohnst as ohnst25_39_1_, purchaseor1_.ohobid as ohobid26_39_1_, purchaseor1_.ohordt as ohordt27_39_1_, purchaseor1_.ohptc as ohptc28_39_1_, purchaseor1_.ohpoa as ohpoa29_39_1_, purchaseor1_.ohpod as ohpod30_39_1_, purchaseor1_.ohpjid as ohpjid31_39_1_, purchaseor1_.ohpddt as ohpddt32_39_1_, purchaseor1_.ohrcdt as ohrcdt33_39_1_, purchaseor1_.ohstid as ohstid34_39_1_, purchaseor1_.ohrqdt as ohrqdt35_39_1_, purchaseor1_.ohtaxal as ohtaxal36_39_1_, purchaseor1_.ohtaxcd as ohtaxcd37_39_1_, purchaseor1_.ohtaxrt as ohtaxrt38_39_1_, purchaseor1_.ohcrct as ohcrct39_39_1_, purchaseor1_.ohdesc1 as ohdesc40_39_1_, purchaseor1_.ohdesc2 as ohdesc41_39_1_, purchaseor1_.ohvhrn as ohvhrn42_39_1_, purchaseor1_.ohvhty as ohvhty43_39_1_, purchaseor1_.ohvnid as ohvnid44_39_1_ from t4311 purchasede0_ inner join t4301 purchaseor1_ on purchasede0_.odcoid=purchaseor1_.ohcoid and purchasede0_.oddocono=purchaseor1_.ohdocono and purchasede0_.oddocoty=purchaseor1_.ohdocoty where purchasede0_.odcoid=? and purchasede0_.oddocono=? and purchasede0_.oddocosq=? and purchasede0_.oddocoty=?
Hibernate: select serialnumb0_.coid as coid1_43_0_, serialnumb0_.docno as docno2_43_0_, serialnumb0_.docty as docty3_43_0_, serialnumb0_.docsq as docsq4_43_0_, serialnumb0_.buid as buid5_43_0_, serialnumb0_.inum as inum6_43_0_, serialnumb0_.snlot as snlot7_43_0_, lotmaster1_.ltbuid as ltbuid1_34_1_, lotmaster1_.ltinum as ltinum2_34_1_, lotmaster1_.ltsnlot as ltsnlot3_34_1_, lotmaster1_.ltcid as ltcid4_34_1_, lotmaster1_.ltdtin as ltdtin5_34_1_, lotmaster1_.lttmin as lttmin6_34_1_, lotmaster1_.ltuid as ltuid7_34_1_, lotmaster1_.ltdtlu as ltdtlu8_34_1_, lotmaster1_.lttmlu as lttmlu9_34_1_, lotmaster1_.ltuidm as ltuidm10_34_1_, lotmaster1_.ltbodt as ltbodt11_34_1_, lotmaster1_.ltbbdt as ltbbdt12_34_1_, lotmaster1_.ltcldt as ltcldt13_34_1_, lotmaster1_.ltexpdt as ltexpdt14_34_1_, lotmaster1_.ltldsc as ltldsc15_34_1_, lotmaster1_.ltledt as ltledt16_34_1_, lotmaster1_.ltlsc as ltlsc17_34_1_, lotmaster1_.ltmlot1 as ltmlot18_34_1_, lotmaster1_.ltmlot2 as ltmlot19_34_1_, lotmaster1_.ltmlot3 as ltmlot20_34_1_, lotmaster1_.ltohdt as ltohdt21_34_1_, lotmaster1_.ltsern as ltsern22_34_1_ from transaction_serialnumbers serialnumb0_ inner join t4108 lotmaster1_ on serialnumb0_.buid=lotmaster1_.ltbuid and serialnumb0_.inum=lotmaster1_.ltinum and serialnumb0_.snlot=lotmaster1_.ltsnlot where serialnumb0_.coid=? and serialnumb0_.docno=? and serialnumb0_.docty=? and serialnumb0_.docsq=?
Hibernate: select purchasede0_.odcoid as odcoid1_40_0_, purchasede0_.oddocono as oddocono2_40_0_, purchasede0_.oddocosq as oddocosq3_40_0_, purchasede0_.oddocoty as oddocoty4_40_0_, purchasede0_.odcid as odcid5_40_0_, purchasede0_.oddtin as oddtin6_40_0_, purchasede0_.odtmin as odtmin7_40_0_, purchasede0_.oduid as oduid8_40_0_, purchasede0_.oddtlu as oddtlu9_40_0_, purchasede0_.odtmlu as odtmlu10_40_0_, purchasede0_.oduidm as oduidm11_40_0_, purchasede0_.odacid as odacid12_40_0_, purchasede0_.odaprcd as odaprcd13_40_0_, purchasede0_.odcrcb as odcrcb14_40_0_, purchasede0_.oditc02 as oditc15_40_0_, purchasede0_.odbuid as odbuid16_40_0_, purchasede0_.odqtycl as odqtycl17_40_0_, purchasede0_.oditc01 as oditc18_40_0_, purchasede0_.odcldt as odcldt19_40_0_, purchasede0_.odcsid as odcsid20_40_0_, purchasede0_.oddccd as oddccd21_40_0_, purchasede0_.oddcrt as oddcrt22_40_0_, purchasede0_.odexcrt as odexcrt23_40_0_, purchasede0_.odexcost as odexcos24_40_0_, purchasede0_.odqtyx as odqtyx25_40_0_, purchasede0_.oducfx as oducfx26_40_0_, purchasede0_.oduncostx as oduncos27_40_0_, purchasede0_.oduomx as oduomx28_40_0_, purchasede0_.odfec as odfec29_40_0_, purchasede0_.odfta as odfta30_40_0_, purchasede0_.odftb as odftb31_40_0_, purchasede0_.odfuc as odfuc32_40_0_, purchasede0_.odglcls as odglcls33_40_0_, purchasede0_.odgldt as odgldt34_40_0_, purchasede0_.odir02 as odir35_40_0_, purchasede0_.odir01 as odir36_40_0_, purchasede0_.odir03 as odir37_40_0_, purchasede0_.odinum as odinum38_40_0_, purchasede0_.oddesb1 as oddesb39_40_0_, purchasede0_.oditc05 as oditc40_40_0_, purchasede0_.odlst as odlst41_40_0_, purchasede0_.odlnty as odlnty42_40_0_, purchasede0_.odlocid as odlocid43_40_0_, purchasede0_.odnst as odnst44_40_0_, purchasede0_.odobid as odobid45_40_0_, purchasede0_.odqtyop as odqtyop46_40_0_, purchasede0_.odordt as odordt47_40_0_, purchasede0_.odqtyor as odqtyor48_40_0_, purchasede0_.odott as odott49_40_0_, purchasede0_.odordocdt as odordoc50_40_0_, purchasede0_.odordocno as odordoc51_40_0_, purchasede0_.odordocsq as odordoc52_40_0_, purchasede0_.odordocty as odordoc53_40_0_, purchasede0_.odptc as odptc54_40_0_, purchasede0_.odpqor as odpqor55_40_0_, purchasede0_.oduom1 as oduom56_40_0_, purchasede0_.odpjid as odpjid57_40_0_, purchasede0_.odpddt as odpddt58_40_0_, purchasede0_.odpo03 as odpo59_40_0_, purchasede0_.odpo01 as odpo60_40_0_, purchasede0_.odpo02 as odpo61_40_0_, purchasede0_.odqty as odqty62_40_0_, purchasede0_.odrcdt as odrcdt63_40_0_, purchasede0_.odqtyrc as odqtyrc64_40_0_, purchasede0_.odstid as odstid65_40_0_, purchasede0_.odvr04 as odvr66_40_0_, purchasede0_.odvr01 as odvr67_40_0_, purchasede0_.odvr03 as odvr68_40_0_, purchasede0_.odvr05 as odvr69_40_0_, purchasede0_.odvr02 as odvr70_40_0_, purchasede0_.odrldocno as odrldoc71_40_0_, purchasede0_.odrldocsq as odrldoc72_40_0_, purchasede0_.odrldocty as odrldoc73_40_0_, purchasede0_.odrqdt as odrqdt74_40_0_, purchasede0_.odqtyrn as odqtyrn75_40_0_, purchasede0_.odsqor as odsqor76_40_0_, purchasede0_.oduom2 as oduom77_40_0_, purchasede0_.odsnlot as odsnlot78_40_0_, purchasede0_.odtaxal as odtaxal79_40_0_, purchasede0_.odtaxam as odtaxam80_40_0_, purchasede0_.odtaxab as odtaxab81_40_0_, purchasede0_.odtaxcd as odtaxcd82_40_0_, purchasede0_.odtaxrt as odtaxrt83_40_0_, purchasede0_.odcrct as odcrct84_40_0_, purchasede0_.oditc03 as oditc85_40_0_, purchasede0_.oducf as oducf86_40_0_, purchasede0_.oduncost as oduncos87_40_0_, purchasede0_.odudc as odudc88_40_0_, purchasede0_.odudf as odudf89_40_0_, purchasede0_.oduom as oduom90_40_0_, purchasede0_.odvnid as odvnid91_40_0_, purchaseor1_.ohcoid as ohcoid1_39_1_, purchaseor1_.ohdocono as ohdocono2_39_1_, purchaseor1_.ohdocoty as ohdocoty3_39_1_, purchaseor1_.ohcid as ohcid4_39_1_, purchaseor1_.ohdtin as ohdtin5_39_1_, purchaseor1_.ohtmin as ohtmin6_39_1_, purchaseor1_.ohuid as ohuid7_39_1_, purchaseor1_.ohdtlu as ohdtlu8_39_1_, purchaseor1_.ohtmlu as ohtmlu9_39_1_, purchaseor1_.ohuidm as ohuidm10_39_1_, purchaseor1_.ohaprcd as ohaprcd11_39_1_, purchaseor1_.ohcrcb as ohcrcb12_39_1_, purchaseor1_.ohbuid as ohbuid13_39_1_, purchaseor1_.ohcldt as ohcldt14_39_1_, purchaseor1_.ohcot as ohcot15_39_1_, purchaseor1_.ohcsid as ohcsid16_39_1_, purchaseor1_.ohdesb1 as ohdesb17_39_1_, purchaseor1_.ohdccd as ohdccd18_39_1_, purchaseor1_.ohdcrt as ohdcrt19_39_1_, purchaseor1_.ohexcrt as ohexcrt20_39_1_, purchaseor1_.ohgldt as ohgldt21_39_1_, purchaseor1_.ohidd as ohidd22_39_1_, purchaseor1_.ohidn as ohidn23_39_1_, purchaseor1_.ohlst as ohlst24_39_1_, purchaseor1_.ohnst as ohnst25_39_1_, purchaseor1_.ohobid as ohobid26_39_1_, purchaseor1_.ohordt as ohordt27_39_1_, purchaseor1_.ohptc as ohptc28_39_1_, purchaseor1_.ohpoa as ohpoa29_39_1_, purchaseor1_.ohpod as ohpod30_39_1_, purchaseor1_.ohpjid as ohpjid31_39_1_, purchaseor1_.ohpddt as ohpddt32_39_1_, purchaseor1_.ohrcdt as ohrcdt33_39_1_, purchaseor1_.ohstid as ohstid34_39_1_, purchaseor1_.ohrqdt as ohrqdt35_39_1_, purchaseor1_.ohtaxal as ohtaxal36_39_1_, purchaseor1_.ohtaxcd as ohtaxcd37_39_1_, purchaseor1_.ohtaxrt as ohtaxrt38_39_1_, purchaseor1_.ohcrct as ohcrct39_39_1_, purchaseor1_.ohdesc1 as ohdesc40_39_1_, purchaseor1_.ohdesc2 as ohdesc41_39_1_, purchaseor1_.ohvhrn as ohvhrn42_39_1_, purchaseor1_.ohvhty as ohvhty43_39_1_, purchaseor1_.ohvnid as ohvnid44_39_1_ from t4311 purchasede0_ inner join t4301 purchaseor1_ on purchasede0_.odcoid=purchaseor1_.ohcoid and purchasede0_.oddocono=purchaseor1_.ohdocono and purchasede0_.oddocoty=purchaseor1_.ohdocoty where purchasede0_.odcoid=? and purchasede0_.oddocono=? and purchasede0_.oddocosq=? and purchasede0_.oddocoty=?
Hibernate: select serialnumb0_.coid as coid1_43_0_, serialnumb0_.docno as docno2_43_0_, serialnumb0_.docty as docty3_43_0_, serialnumb0_.docsq as docsq4_43_0_, serialnumb0_.buid as buid5_43_0_, serialnumb0_.inum as inum6_43_0_, serialnumb0_.snlot as snlot7_43_0_, lotmaster1_.ltbuid as ltbuid1_34_1_, lotmaster1_.ltinum as ltinum2_34_1_, lotmaster1_.ltsnlot as ltsnlot3_34_1_, lotmaster1_.ltcid as ltcid4_34_1_, lotmaster1_.ltdtin as ltdtin5_34_1_, lotmaster1_.lttmin as lttmin6_34_1_, lotmaster1_.ltuid as ltuid7_34_1_, lotmaster1_.ltdtlu as ltdtlu8_34_1_, lotmaster1_.lttmlu as lttmlu9_34_1_, lotmaster1_.ltuidm as ltuidm10_34_1_, lotmaster1_.ltbodt as ltbodt11_34_1_, lotmaster1_.ltbbdt as ltbbdt12_34_1_, lotmaster1_.ltcldt as ltcldt13_34_1_, lotmaster1_.ltexpdt as ltexpdt14_34_1_, lotmaster1_.ltldsc as ltldsc15_34_1_, lotmaster1_.ltledt as ltledt16_34_1_, lotmaster1_.ltlsc as ltlsc17_34_1_, lotmaster1_.ltmlot1 as ltmlot18_34_1_, lotmaster1_.ltmlot2 as ltmlot19_34_1_, lotmaster1_.ltmlot3 as ltmlot20_34_1_, lotmaster1_.ltohdt as ltohdt21_34_1_, lotmaster1_.ltsern as ltsern22_34_1_ from transaction_serialnumbers serialnumb0_ inner join t4108 lotmaster1_ on serialnumb0_.buid=lotmaster1_.ltbuid and serialnumb0_.inum=lotmaster1_.ltinum and serialnumb0_.snlot=lotmaster1_.ltsnlot where serialnumb0_.coid=? and serialnumb0_.docno=? and serialnumb0_.docty=? and serialnumb0_.docsq=?
Hibernate: select count(purchasere0_.ovcoid) as col_0_0_ from t4312 purchasere0_ where purchasere0_.ovcoid=? and purchasere0_.ovdocno=? and purchasere0_.ovdocty=?
2018-12-27 11:25:50.562  INFO 2120 --- [    Test worker] o.s.t.c.transaction.TransactionContext   : Rolled back transaction for test: [DefaultTestContext@4cd7a432 testClass = PurchaseReceiptApiTest, testInstance = ags.goldenlionerp.apiTests.purchase.PurchaseReceiptApiTest@3f1f9372, testMethod = updateTestWithPost@PurchaseReceiptApiTest, testException = [null], mergedContextConfiguration = [WebMergedContextConfiguration@6aa9a5ba testClass = PurchaseReceiptApiTest, locations = '{}', classes = '{class ags.goldenlionerp.GoldenLionErpApplication}', contextInitializerClasses = '[]', activeProfiles = '{}', propertySourceLocations = '{classpath:test.properties}', propertySourceProperties = '{org.springframework.boot.test.context.SpringBootTestContextBootstrapper=true}', contextCustomizers = set[org.springframework.boot.test.autoconfigure.properties.PropertyMappingContextCustomizer@0, org.springframework.boot.test.autoconfigure.web.servlet.WebDriverContextCustomizerFactory$Customizer@636d731e, [ImportsContextCustomizer@6f6d8820 key = [ags.goldenlionerp.apiTests.ApiTestBase$TestConfig]], org.springframework.boot.test.context.filter.ExcludeFilterContextCustomizer@6afa5291, org.springframework.boot.test.json.DuplicateJsonObjectContextCustomizerFactory$DuplicateJsonObjectContextCustomizer@20cebcb4, org.springframework.boot.test.mock.mockito.MockitoContextCustomizer@0, org.springframework.boot.test.web.client.TestRestTemplateContextCustomizer@49a32273], resourceBasePath = 'src/main/webapp', contextLoader = 'org.springframework.boot.test.context.SpringBootContextLoader', parent = [null]], attributes = map['org.springframework.test.context.web.ServletTestExecutionListener.activateListener' -> true, 'org.springframework.test.context.web.ServletTestExecutionListener.populatedRequestContextHolder' -> true, 'org.springframework.test.context.web.ServletTestExecutionListener.resetRequestContextHolder' -> true]]
2018-12-27 11:25:50.565  INFO 2120 --- [    Test worker] o.s.t.c.transaction.TransactionContext   : Began transaction (1) for test context [DefaultTestContext@4cd7a432 testClass = PurchaseReceiptApiTest, testInstance = ags.goldenlionerp.apiTests.purchase.PurchaseReceiptApiTest@2521d19b, testMethod = voidReceiptTest@PurchaseReceiptApiTest, testException = [null], mergedContextConfiguration = [WebMergedContextConfiguration@6aa9a5ba testClass = PurchaseReceiptApiTest, locations = '{}', classes = '{class ags.goldenlionerp.GoldenLionErpApplication}', contextInitializerClasses = '[]', activeProfiles = '{}', propertySourceLocations = '{classpath:test.properties}', propertySourceProperties = '{org.springframework.boot.test.context.SpringBootTestContextBootstrapper=true}', contextCustomizers = set[org.springframework.boot.test.autoconfigure.properties.PropertyMappingContextCustomizer@0, org.springframework.boot.test.autoconfigure.web.servlet.WebDriverContextCustomizerFactory$Customizer@636d731e, [ImportsContextCustomizer@6f6d8820 key = [ags.goldenlionerp.apiTests.ApiTestBase$TestConfig]], org.springframework.boot.test.context.filter.ExcludeFilterContextCustomizer@6afa5291, org.springframework.boot.test.json.DuplicateJsonObjectContextCustomizerFactory$DuplicateJsonObjectContextCustomizer@20cebcb4, org.springframework.boot.test.mock.mockito.MockitoContextCustomizer@0, org.springframework.boot.test.web.client.TestRestTemplateContextCustomizer@49a32273], resourceBasePath = 'src/main/webapp', contextLoader = 'org.springframework.boot.test.context.SpringBootContextLoader', parent = [null]], attributes = map['org.springframework.test.context.web.ServletTestExecutionListener.activateListener' -> true, 'org.springframework.test.context.web.ServletTestExecutionListener.populatedRequestContextHolder' -> true, 'org.springframework.test.context.web.ServletTestExecutionListener.resetRequestContextHolder' -> true]]; transaction manager [org.springframework.orm.jpa.JpaTransactionManager@75de8c12]; rollback [true]
2018-12-27 11:25:50.566  INFO 2120 --- [    Test worker] o.s.b.t.m.w.SpringBootMockServletContext : Initializing Spring FrameworkServlet ''
2018-12-27 11:25:50.566  INFO 2120 --- [    Test worker] o.s.t.web.servlet.TestDispatcherServlet  : FrameworkServlet '': initialization started
2018-12-27 11:25:50.577  INFO 2120 --- [    Test worker] o.s.t.web.servlet.TestDispatcherServlet  : FrameworkServlet '': initialization completed in 11 ms
Hibernate: select count(*) as col_0_0_ from t4301 purchaseor0_ where purchaseor0_.ohcoid=? and purchaseor0_.ohdocono=? and purchaseor0_.ohdocoty=?
Hibernate: select company0_.cncoid as cncoid1_9_0_, company0_.cncid as cncid2_9_0_, company0_.cndtin as cndtin3_9_0_, company0_.cntmin as cntmin4_9_0_, company0_.cnuid as cnuid5_9_0_, company0_.cndtlu as cndtlu6_9_0_, company0_.cntmlu as cntmlu7_9_0_, company0_.cnuidm as cnuidm8_9_0_, company0_.cnanum as cnanum9_9_0_, company0_.cncrcb as cncrcb10_9_0_, company0_.cncap as cncap11_9_0_, company0_.cncfy as cncfy12_9_0_, company0_.cncip as cncip13_9_0_, company0_.cncpp as cncpp14_9_0_, company0_.cncrp as cncrp15_9_0_, company0_.cndesb1 as cndesb16_9_0_, company0_.cnfdp as cnfdp17_9_0_ from t0020 company0_ where company0_.cncoid=?
Hibernate: select addressboo0_.adanum as adanum1_16_0_, addressboo0_.adcid as adcid2_16_0_, addressboo0_.addtin as addtin3_16_0_, addressboo0_.adtmin as adtmin4_16_0_, addressboo0_.aduid as aduid5_16_0_, addressboo0_.addtlu as addtlu6_16_0_, addressboo0_.adtmlu as adtmlu7_16_0_, addressboo0_.aduidm as aduidm8_16_0_, addressboo0_.adap as adap9_16_0_, addressboo0_.adar as adar10_16_0_, addressboo0_.adbuid as adbuid11_16_0_, addressboo0_.adcc01 as adcc12_16_0_, addressboo0_.adcc02 as adcc13_16_0_, addressboo0_.adcc03 as adcc14_16_0_, addressboo0_.adcc04 as adcc15_16_0_, addressboo0_.adcc05 as adcc16_16_0_, addressboo0_.adcc06 as adcc17_16_0_, addressboo0_.adcc07 as adcc18_16_0_, addressboo0_.adcc08 as adcc19_16_0_, addressboo0_.adcc09 as adcc20_16_0_, addressboo0_.adcc10 as adcc21_16_0_, addressboo0_.adempl as adempl22_16_0_, addressboo0_.adtmlt as adtmlt23_16_0_, addressboo0_.adlan as adlan24_16_0_, addressboo0_.admlnm as admlnm25_16_0_, addressboo0_.adnm as adnm26_16_0_, addressboo0_.adpan as adpan27_16_0_, addressboo0_.adrecid as adrecid28_16_0_, addressboo0_.adrlid0 as adrlid29_16_0_, addressboo0_.adrlid2 as adrlid30_16_0_, addressboo0_.adrlid3 as adrlid31_16_0_, addressboo0_.adrlid4 as adrlid32_16_0_, addressboo0_.adrlid5 as adrlid33_16_0_, addressboo0_.adrlid6 as adrlid34_16_0_, addressboo0_.adrlid7 as adrlid35_16_0_, addressboo0_.adrlid8 as adrlid36_16_0_, addressboo0_.adrlid9 as adrlid37_16_0_, addressboo0_.adrlid1 as adrlid38_16_0_, addressboo0_.adst as adst39_16_0_, addressboo0_.adtaxid as adtaxid40_16_0_ from t0101 addressboo0_ where addressboo0_.adanum=?
Hibernate: select apsetting0_.pmanum as pmanum1_23_0_, apsetting0_.pmanum as pmanum1_23_1_, apsetting0_.pmcid as pmcid2_23_1_, apsetting0_.pmdtin as pmdtin3_23_1_, apsetting0_.pmtmin as pmtmin4_23_1_, apsetting0_.pmuid as pmuid5_23_1_, apsetting0_.pmdtlu as pmdtlu6_23_1_, apsetting0_.pmtmlu as pmtmlu7_23_1_, apsetting0_.pmuidm as pmuidm8_23_1_, apsetting0_.pmdtls as pmdtls9_23_1_, apsetting0_.pmapcls as pmapcls10_23_1_, apsetting0_.pmcrm as pmcrm11_23_1_, apsetting0_.pmcrct as pmcrct12_23_1_, apsetting0_.pmitc05 as pmitc13_23_1_, apsetting0_.pminsp as pminsp14_23_1_, apsetting0_.pmptc as pmptc15_23_1_, apsetting0_.pmspg as pmspg16_23_1_, apsetting0_.pmtaxau as pmtaxau17_23_1_, apsetting0_.pmtaxcd as pmtaxcd18_23_1_, apsetting0_.pmtaxid as pmtaxid19_23_1_ from t0401 apsetting0_ where apsetting0_.pmanum=?
Hibernate: select itemmaster0_.iminum as iminum1_31_0_, itemmaster0_.imcid as imcid2_31_0_, itemmaster0_.imdtin as imdtin3_31_0_, itemmaster0_.imtmin as imtmin4_31_0_, itemmaster0_.imuid as imuid5_31_0_, itemmaster0_.imdtlu as imdtlu6_31_0_, itemmaster0_.imtmlu as imtmlu7_31_0_, itemmaster0_.imuidm as imuidm8_31_0_, itemmaster0_.iminumb as iminumb9_31_0_, itemmaster0_.imctm as imctm10_31_0_, itemmaster0_.imitc02 as imitc11_31_0_, itemmaster0_.imitc01 as imitc12_31_0_, itemmaster0_.imitc10 as imitc13_31_0_, itemmaster0_.imitc04 as imitc14_31_0_, itemmaster0_.imitc06 as imitc15_31_0_, itemmaster0_.imitc07 as imitc16_31_0_, itemmaster0_.imitc08 as imitc17_31_0_, itemmaster0_.imitc09 as imitc18_31_0_, itemmaster0_.imitc05 as imitc19_31_0_, itemmaster0_.imslrc0 as imslrc20_31_0_, itemmaster0_.imslrc1 as imslrc21_31_0_, itemmaster0_.imslrc2 as imslrc22_31_0_, itemmaster0_.imslrc3 as imslrc23_31_0_, itemmaster0_.imslrc4 as imslrc24_31_0_, itemmaster0_.imslrc5 as imslrc25_31_0_, itemmaster0_.imslrc6 as imslrc26_31_0_, itemmaster0_.imslrc7 as imslrc27_31_0_, itemmaster0_.imslrc8 as imslrc28_31_0_, itemmaster0_.imslrc9 as imslrc29_31_0_, itemmaster0_.imitc03 as imitc30_31_0_, itemmaster0_.imdesb1 as imdesb31_31_0_, itemmaster0_.imdesd1 as imdesd32_31_0_, itemmaster0_.imglcls as imglcls33_31_0_, itemmaster0_.imicl as imicl34_31_0_, itemmaster0_.imilc as imilc35_31_0_, itemmaster0_.iminums as iminums36_31_0_, itemmaster0_.imipg as imipg37_31_0_, itemmaster0_.imlsc as imlsc38_31_0_, itemmaster0_.imdaqc as imdaqc39_31_0_, itemmaster0_.imgscrt as imgscrt40_31_0_, itemmaster0_.imsiops as imsiops41_31_0_, itemmaster0_.imbpid as imbpid42_31_0_, itemmaster0_.imcsid as imcsid43_31_0_, itemmaster0_.imudf as imudf44_31_0_, itemmaster0_.impmmf as impmmf45_31_0_, itemmaster0_.imrbii as imrbii46_31_0_, itemmaster0_.imrbim as imrbim47_31_0_, itemmaster0_.imrbis as imrbis48_31_0_, itemmaster0_.imvnid as imvnid49_31_0_, itemmaster0_.imtaxpc as imtaxpc50_31_0_, itemmaster0_.imtaxsc as imtaxsc51_31_0_, itemmaster0_.iminump as iminump52_31_0_, itemmaster0_.implg as implg53_31_0_, itemmaster0_.imppl as imppl54_31_0_, itemmaster0_.imspl as imspl55_31_0_, itemmaster0_.imsnr as imsnr56_31_0_, itemmaster0_.imskty as imskty57_31_0_, itemmaster0_.imlnty as imlnty58_31_0_, itemmaster0_.imuom9 as imuom59_31_0_, itemmaster0_.imdppo as imdppo60_31_0_, itemmaster0_.imdlum as imdlum61_31_0_, itemmaster0_.imdlump as imdlump62_31_0_, itemmaster0_.imdlumt as imdlumt63_31_0_, itemmaster0_.imuom5 as imuom64_31_0_, itemmaster0_.imuom1 as imuom65_31_0_, itemmaster0_.imuom8 as imuom66_31_0_, itemmaster0_.imuom3 as imuom67_31_0_, itemmaster0_.imuom4 as imuom68_31_0_, itemmaster0_.imuom2 as imuom69_31_0_, itemmaster0_.imuom6 as imuom70_31_0_, itemmaster0_.imuoms as imuoms71_31_0_, itemmaster0_.imuomt as imuomt72_31_0_, itemmaster0_.imuomv as imuomv73_31_0_, itemmaster0_.imwcf as imwcf74_31_0_, itemmaster0_.imuomw as imuomw75_31_0_, itemmaster0_.imvict as imvict76_31_0_ from t4101 itemmaster0_ where itemmaster0_.iminum=?
Hibernate: select itemmaster0_.iminum as iminum1_31_0_, itemmaster0_.imcid as imcid2_31_0_, itemmaster0_.imdtin as imdtin3_31_0_, itemmaster0_.imtmin as imtmin4_31_0_, itemmaster0_.imuid as imuid5_31_0_, itemmaster0_.imdtlu as imdtlu6_31_0_, itemmaster0_.imtmlu as imtmlu7_31_0_, itemmaster0_.imuidm as imuidm8_31_0_, itemmaster0_.iminumb as iminumb9_31_0_, itemmaster0_.imctm as imctm10_31_0_, itemmaster0_.imitc02 as imitc11_31_0_, itemmaster0_.imitc01 as imitc12_31_0_, itemmaster0_.imitc10 as imitc13_31_0_, itemmaster0_.imitc04 as imitc14_31_0_, itemmaster0_.imitc06 as imitc15_31_0_, itemmaster0_.imitc07 as imitc16_31_0_, itemmaster0_.imitc08 as imitc17_31_0_, itemmaster0_.imitc09 as imitc18_31_0_, itemmaster0_.imitc05 as imitc19_31_0_, itemmaster0_.imslrc0 as imslrc20_31_0_, itemmaster0_.imslrc1 as imslrc21_31_0_, itemmaster0_.imslrc2 as imslrc22_31_0_, itemmaster0_.imslrc3 as imslrc23_31_0_, itemmaster0_.imslrc4 as imslrc24_31_0_, itemmaster0_.imslrc5 as imslrc25_31_0_, itemmaster0_.imslrc6 as imslrc26_31_0_, itemmaster0_.imslrc7 as imslrc27_31_0_, itemmaster0_.imslrc8 as imslrc28_31_0_, itemmaster0_.imslrc9 as imslrc29_31_0_, itemmaster0_.imitc03 as imitc30_31_0_, itemmaster0_.imdesb1 as imdesb31_31_0_, itemmaster0_.imdesd1 as imdesd32_31_0_, itemmaster0_.imglcls as imglcls33_31_0_, itemmaster0_.imicl as imicl34_31_0_, itemmaster0_.imilc as imilc35_31_0_, itemmaster0_.iminums as iminums36_31_0_, itemmaster0_.imipg as imipg37_31_0_, itemmaster0_.imlsc as imlsc38_31_0_, itemmaster0_.imdaqc as imdaqc39_31_0_, itemmaster0_.imgscrt as imgscrt40_31_0_, itemmaster0_.imsiops as imsiops41_31_0_, itemmaster0_.imbpid as imbpid42_31_0_, itemmaster0_.imcsid as imcsid43_31_0_, itemmaster0_.imudf as imudf44_31_0_, itemmaster0_.impmmf as impmmf45_31_0_, itemmaster0_.imrbii as imrbii46_31_0_, itemmaster0_.imrbim as imrbim47_31_0_, itemmaster0_.imrbis as imrbis48_31_0_, itemmaster0_.imvnid as imvnid49_31_0_, itemmaster0_.imtaxpc as imtaxpc50_31_0_, itemmaster0_.imtaxsc as imtaxsc51_31_0_, itemmaster0_.iminump as iminump52_31_0_, itemmaster0_.implg as implg53_31_0_, itemmaster0_.imppl as imppl54_31_0_, itemmaster0_.imspl as imspl55_31_0_, itemmaster0_.imsnr as imsnr56_31_0_, itemmaster0_.imskty as imskty57_31_0_, itemmaster0_.imlnty as imlnty58_31_0_, itemmaster0_.imuom9 as imuom59_31_0_, itemmaster0_.imdppo as imdppo60_31_0_, itemmaster0_.imdlum as imdlum61_31_0_, itemmaster0_.imdlump as imdlump62_31_0_, itemmaster0_.imdlumt as imdlumt63_31_0_, itemmaster0_.imuom5 as imuom64_31_0_, itemmaster0_.imuom1 as imuom65_31_0_, itemmaster0_.imuom8 as imuom66_31_0_, itemmaster0_.imuom3 as imuom67_31_0_, itemmaster0_.imuom4 as imuom68_31_0_, itemmaster0_.imuom2 as imuom69_31_0_, itemmaster0_.imuom6 as imuom70_31_0_, itemmaster0_.imuoms as imuoms71_31_0_, itemmaster0_.imuomt as imuomt72_31_0_, itemmaster0_.imuomv as imuomv73_31_0_, itemmaster0_.imwcf as imwcf74_31_0_, itemmaster0_.imuomw as imuomw75_31_0_, itemmaster0_.imvict as imvict76_31_0_ from t4101 itemmaster0_ where itemmaster0_.iminum=?
Hibernate: select itemlocati0_.ilinum as ilinum2_33_0_, itemlocati0_.ilbuid as ilbuid1_33_0_, itemlocati0_.illocid as illocid3_33_0_, itemlocati0_.ilsnlot as ilsnlot4_33_0_, itemlocati0_.ilbuid as ilbuid1_33_1_, itemlocati0_.ilinum as ilinum2_33_1_, itemlocati0_.illocid as illocid3_33_1_, itemlocati0_.ilsnlot as ilsnlot4_33_1_, itemlocati0_.ilcid as ilcid5_33_1_, itemlocati0_.ildtin as ildtin6_33_1_, itemlocati0_.iltmin as iltmin7_33_1_, itemlocati0_.iluid as iluid8_33_1_, itemlocati0_.ildtlu as ildtlu9_33_1_, itemlocati0_.iltmlu as iltmlu10_33_1_, itemlocati0_.iluidm as iluidm11_33_1_, itemlocati0_.ildtlt as ildtlt12_33_1_, itemlocati0_.ilexpdt as ilexpdt13_33_1_, itemlocati0_.ilglcls as ilglcls14_33_1_, itemlocati0_.illocst as illocst15_33_1_, itemlocati0_.illsc as illsc16_33_1_, itemlocati0_.ilpqoh as ilpqoh17_33_1_, itemlocati0_.ilqtib as ilqtib18_33_1_, itemlocati0_.ilqtin as ilqtin19_33_1_, itemlocati0_.ilqttr as ilqttr20_33_1_, itemlocati0_.ilqobo as ilqobo21_33_1_, itemlocati0_.ilqohc as ilqohc22_33_1_, itemlocati0_.ilqopo as ilqopo23_33_1_, itemlocati0_.ilqoso as ilqoso24_33_1_, itemlocati0_.ilqosc as ilqosc25_33_1_, itemlocati0_.ilqowo as ilqowo26_33_1_, itemlocati0_.ilqowh as ilqowh27_33_1_, itemlocati0_.ilqows as ilqows28_33_1_, itemlocati0_.ilqot1 as ilqot29_33_1_, itemlocati0_.ilqot2 as ilqot30_33_1_, itemlocati0_.ilqot3 as ilqot31_33_1_, itemlocati0_.ilqtob as ilqtob32_33_1_, itemlocati0_.ilsqoh as ilsqoh33_33_1_, itemlocati0_.ilsqpo as ilsqpo34_33_1_, itemlocati0_.ilsqso as ilsqso35_33_1_, itemlocati0_.ilsqwo as ilsqwo36_33_1_, itemlocati0_.iluom as iluom37_33_1_, itemlocati0_.iluom1 as iluom38_33_1_, itemlocati0_.iluom2 as iluom39_33_1_ from t41021 itemlocati0_ where itemlocati0_.ilinum=?
Hibernate: select lotmaster0_.ltbuid as ltbuid1_34_0_, lotmaster0_.ltinum as ltinum2_34_0_, lotmaster0_.ltsnlot as ltsnlot3_34_0_, lotmaster0_.ltcid as ltcid4_34_0_, lotmaster0_.ltdtin as ltdtin5_34_0_, lotmaster0_.lttmin as lttmin6_34_0_, lotmaster0_.ltuid as ltuid7_34_0_, lotmaster0_.ltdtlu as ltdtlu8_34_0_, lotmaster0_.lttmlu as lttmlu9_34_0_, lotmaster0_.ltuidm as ltuidm10_34_0_, lotmaster0_.ltbodt as ltbodt11_34_0_, lotmaster0_.ltbbdt as ltbbdt12_34_0_, lotmaster0_.ltcldt as ltcldt13_34_0_, lotmaster0_.ltexpdt as ltexpdt14_34_0_, lotmaster0_.ltldsc as ltldsc15_34_0_, lotmaster0_.ltledt as ltledt16_34_0_, lotmaster0_.ltlsc as ltlsc17_34_0_, lotmaster0_.ltmlot1 as ltmlot18_34_0_, lotmaster0_.ltmlot2 as ltmlot19_34_0_, lotmaster0_.ltmlot3 as ltmlot20_34_0_, lotmaster0_.ltohdt as ltohdt21_34_0_, lotmaster0_.ltsern as ltsern22_34_0_ from t4108 lotmaster0_ where lotmaster0_.ltbuid=? and lotmaster0_.ltinum=? and lotmaster0_.ltsnlot=?
Hibernate: select lotmaster0_.ltbuid as ltbuid1_34_0_, lotmaster0_.ltinum as ltinum2_34_0_, lotmaster0_.ltsnlot as ltsnlot3_34_0_, lotmaster0_.ltcid as ltcid4_34_0_, lotmaster0_.ltdtin as ltdtin5_34_0_, lotmaster0_.lttmin as lttmin6_34_0_, lotmaster0_.ltuid as ltuid7_34_0_, lotmaster0_.ltdtlu as ltdtlu8_34_0_, lotmaster0_.lttmlu as lttmlu9_34_0_, lotmaster0_.ltuidm as ltuidm10_34_0_, lotmaster0_.ltbodt as ltbodt11_34_0_, lotmaster0_.ltbbdt as ltbbdt12_34_0_, lotmaster0_.ltcldt as ltcldt13_34_0_, lotmaster0_.ltexpdt as ltexpdt14_34_0_, lotmaster0_.ltldsc as ltldsc15_34_0_, lotmaster0_.ltledt as ltledt16_34_0_, lotmaster0_.ltlsc as ltlsc17_34_0_, lotmaster0_.ltmlot1 as ltmlot18_34_0_, lotmaster0_.ltmlot2 as ltmlot19_34_0_, lotmaster0_.ltmlot3 as ltmlot20_34_0_, lotmaster0_.ltohdt as ltohdt21_34_0_, lotmaster0_.ltsern as ltsern22_34_0_ from t4108 lotmaster0_ where lotmaster0_.ltbuid=? and lotmaster0_.ltinum=? and lotmaster0_.ltsnlot=?
Hibernate: select itemmaster0_.iminum as iminum1_31_0_, itemmaster0_.imcid as imcid2_31_0_, itemmaster0_.imdtin as imdtin3_31_0_, itemmaster0_.imtmin as imtmin4_31_0_, itemmaster0_.imuid as imuid5_31_0_, itemmaster0_.imdtlu as imdtlu6_31_0_, itemmaster0_.imtmlu as imtmlu7_31_0_, itemmaster0_.imuidm as imuidm8_31_0_, itemmaster0_.iminumb as iminumb9_31_0_, itemmaster0_.imctm as imctm10_31_0_, itemmaster0_.imitc02 as imitc11_31_0_, itemmaster0_.imitc01 as imitc12_31_0_, itemmaster0_.imitc10 as imitc13_31_0_, itemmaster0_.imitc04 as imitc14_31_0_, itemmaster0_.imitc06 as imitc15_31_0_, itemmaster0_.imitc07 as imitc16_31_0_, itemmaster0_.imitc08 as imitc17_31_0_, itemmaster0_.imitc09 as imitc18_31_0_, itemmaster0_.imitc05 as imitc19_31_0_, itemmaster0_.imslrc0 as imslrc20_31_0_, itemmaster0_.imslrc1 as imslrc21_31_0_, itemmaster0_.imslrc2 as imslrc22_31_0_, itemmaster0_.imslrc3 as imslrc23_31_0_, itemmaster0_.imslrc4 as imslrc24_31_0_, itemmaster0_.imslrc5 as imslrc25_31_0_, itemmaster0_.imslrc6 as imslrc26_31_0_, itemmaster0_.imslrc7 as imslrc27_31_0_, itemmaster0_.imslrc8 as imslrc28_31_0_, itemmaster0_.imslrc9 as imslrc29_31_0_, itemmaster0_.imitc03 as imitc30_31_0_, itemmaster0_.imdesb1 as imdesb31_31_0_, itemmaster0_.imdesd1 as imdesd32_31_0_, itemmaster0_.imglcls as imglcls33_31_0_, itemmaster0_.imicl as imicl34_31_0_, itemmaster0_.imilc as imilc35_31_0_, itemmaster0_.iminums as iminums36_31_0_, itemmaster0_.imipg as imipg37_31_0_, itemmaster0_.imlsc as imlsc38_31_0_, itemmaster0_.imdaqc as imdaqc39_31_0_, itemmaster0_.imgscrt as imgscrt40_31_0_, itemmaster0_.imsiops as imsiops41_31_0_, itemmaster0_.imbpid as imbpid42_31_0_, itemmaster0_.imcsid as imcsid43_31_0_, itemmaster0_.imudf as imudf44_31_0_, itemmaster0_.impmmf as impmmf45_31_0_, itemmaster0_.imrbii as imrbii46_31_0_, itemmaster0_.imrbim as imrbim47_31_0_, itemmaster0_.imrbis as imrbis48_31_0_, itemmaster0_.imvnid as imvnid49_31_0_, itemmaster0_.imtaxpc as imtaxpc50_31_0_, itemmaster0_.imtaxsc as imtaxsc51_31_0_, itemmaster0_.iminump as iminump52_31_0_, itemmaster0_.implg as implg53_31_0_, itemmaster0_.imppl as imppl54_31_0_, itemmaster0_.imspl as imspl55_31_0_, itemmaster0_.imsnr as imsnr56_31_0_, itemmaster0_.imskty as imskty57_31_0_, itemmaster0_.imlnty as imlnty58_31_0_, itemmaster0_.imuom9 as imuom59_31_0_, itemmaster0_.imdppo as imdppo60_31_0_, itemmaster0_.imdlum as imdlum61_31_0_, itemmaster0_.imdlump as imdlump62_31_0_, itemmaster0_.imdlumt as imdlumt63_31_0_, itemmaster0_.imuom5 as imuom64_31_0_, itemmaster0_.imuom1 as imuom65_31_0_, itemmaster0_.imuom8 as imuom66_31_0_, itemmaster0_.imuom3 as imuom67_31_0_, itemmaster0_.imuom4 as imuom68_31_0_, itemmaster0_.imuom2 as imuom69_31_0_, itemmaster0_.imuom6 as imuom70_31_0_, itemmaster0_.imuoms as imuoms71_31_0_, itemmaster0_.imuomt as imuomt72_31_0_, itemmaster0_.imuomv as imuomv73_31_0_, itemmaster0_.imwcf as imwcf74_31_0_, itemmaster0_.imuomw as imuomw75_31_0_, itemmaster0_.imvict as imvict76_31_0_ from t4101 itemmaster0_ where itemmaster0_.iminum=?
Hibernate: select itemlocati0_.ilinum as ilinum2_33_0_, itemlocati0_.ilbuid as ilbuid1_33_0_, itemlocati0_.illocid as illocid3_33_0_, itemlocati0_.ilsnlot as ilsnlot4_33_0_, itemlocati0_.ilbuid as ilbuid1_33_1_, itemlocati0_.ilinum as ilinum2_33_1_, itemlocati0_.illocid as illocid3_33_1_, itemlocati0_.ilsnlot as ilsnlot4_33_1_, itemlocati0_.ilcid as ilcid5_33_1_, itemlocati0_.ildtin as ildtin6_33_1_, itemlocati0_.iltmin as iltmin7_33_1_, itemlocati0_.iluid as iluid8_33_1_, itemlocati0_.ildtlu as ildtlu9_33_1_, itemlocati0_.iltmlu as iltmlu10_33_1_, itemlocati0_.iluidm as iluidm11_33_1_, itemlocati0_.ildtlt as ildtlt12_33_1_, itemlocati0_.ilexpdt as ilexpdt13_33_1_, itemlocati0_.ilglcls as ilglcls14_33_1_, itemlocati0_.illocst as illocst15_33_1_, itemlocati0_.illsc as illsc16_33_1_, itemlocati0_.ilpqoh as ilpqoh17_33_1_, itemlocati0_.ilqtib as ilqtib18_33_1_, itemlocati0_.ilqtin as ilqtin19_33_1_, itemlocati0_.ilqttr as ilqttr20_33_1_, itemlocati0_.ilqobo as ilqobo21_33_1_, itemlocati0_.ilqohc as ilqohc22_33_1_, itemlocati0_.ilqopo as ilqopo23_33_1_, itemlocati0_.ilqoso as ilqoso24_33_1_, itemlocati0_.ilqosc as ilqosc25_33_1_, itemlocati0_.ilqowo as ilqowo26_33_1_, itemlocati0_.ilqowh as ilqowh27_33_1_, itemlocati0_.ilqows as ilqows28_33_1_, itemlocati0_.ilqot1 as ilqot29_33_1_, itemlocati0_.ilqot2 as ilqot30_33_1_, itemlocati0_.ilqot3 as ilqot31_33_1_, itemlocati0_.ilqtob as ilqtob32_33_1_, itemlocati0_.ilsqoh as ilsqoh33_33_1_, itemlocati0_.ilsqpo as ilsqpo34_33_1_, itemlocati0_.ilsqso as ilsqso35_33_1_, itemlocati0_.ilsqwo as ilsqwo36_33_1_, itemlocati0_.iluom as iluom37_33_1_, itemlocati0_.iluom1 as iluom38_33_1_, itemlocati0_.iluom2 as iluom39_33_1_ from t41021 itemlocati0_ where itemlocati0_.ilinum=?
Hibernate: select lotmaster0_.ltbuid as ltbuid1_34_0_, lotmaster0_.ltinum as ltinum2_34_0_, lotmaster0_.ltsnlot as ltsnlot3_34_0_, lotmaster0_.ltcid as ltcid4_34_0_, lotmaster0_.ltdtin as ltdtin5_34_0_, lotmaster0_.lttmin as lttmin6_34_0_, lotmaster0_.ltuid as ltuid7_34_0_, lotmaster0_.ltdtlu as ltdtlu8_34_0_, lotmaster0_.lttmlu as lttmlu9_34_0_, lotmaster0_.ltuidm as ltuidm10_34_0_, lotmaster0_.ltbodt as ltbodt11_34_0_, lotmaster0_.ltbbdt as ltbbdt12_34_0_, lotmaster0_.ltcldt as ltcldt13_34_0_, lotmaster0_.ltexpdt as ltexpdt14_34_0_, lotmaster0_.ltldsc as ltldsc15_34_0_, lotmaster0_.ltledt as ltledt16_34_0_, lotmaster0_.ltlsc as ltlsc17_34_0_, lotmaster0_.ltmlot1 as ltmlot18_34_0_, lotmaster0_.ltmlot2 as ltmlot19_34_0_, lotmaster0_.ltmlot3 as ltmlot20_34_0_, lotmaster0_.ltohdt as ltohdt21_34_0_, lotmaster0_.ltsern as ltsern22_34_0_ from t4108 lotmaster0_ where lotmaster0_.ltbuid=? and lotmaster0_.ltinum=? and lotmaster0_.ltsnlot=?
Hibernate: select lotmaster0_.ltbuid as ltbuid1_34_0_, lotmaster0_.ltinum as ltinum2_34_0_, lotmaster0_.ltsnlot as ltsnlot3_34_0_, lotmaster0_.ltcid as ltcid4_34_0_, lotmaster0_.ltdtin as ltdtin5_34_0_, lotmaster0_.lttmin as lttmin6_34_0_, lotmaster0_.ltuid as ltuid7_34_0_, lotmaster0_.ltdtlu as ltdtlu8_34_0_, lotmaster0_.lttmlu as lttmlu9_34_0_, lotmaster0_.ltuidm as ltuidm10_34_0_, lotmaster0_.ltbodt as ltbodt11_34_0_, lotmaster0_.ltbbdt as ltbbdt12_34_0_, lotmaster0_.ltcldt as ltcldt13_34_0_, lotmaster0_.ltexpdt as ltexpdt14_34_0_, lotmaster0_.ltldsc as ltldsc15_34_0_, lotmaster0_.ltledt as ltledt16_34_0_, lotmaster0_.ltlsc as ltlsc17_34_0_, lotmaster0_.ltmlot1 as ltmlot18_34_0_, lotmaster0_.ltmlot2 as ltmlot19_34_0_, lotmaster0_.ltmlot3 as ltmlot20_34_0_, lotmaster0_.ltohdt as ltohdt21_34_0_, lotmaster0_.ltsern as ltsern22_34_0_ from t4108 lotmaster0_ where lotmaster0_.ltbuid=? and lotmaster0_.ltinum=? and lotmaster0_.ltsnlot=?
Hibernate: select lotmaster0_.ltbuid as ltbuid1_34_0_, lotmaster0_.ltinum as ltinum2_34_0_, lotmaster0_.ltsnlot as ltsnlot3_34_0_, lotmaster0_.ltcid as ltcid4_34_0_, lotmaster0_.ltdtin as ltdtin5_34_0_, lotmaster0_.lttmin as lttmin6_34_0_, lotmaster0_.ltuid as ltuid7_34_0_, lotmaster0_.ltdtlu as ltdtlu8_34_0_, lotmaster0_.lttmlu as lttmlu9_34_0_, lotmaster0_.ltuidm as ltuidm10_34_0_, lotmaster0_.ltbodt as ltbodt11_34_0_, lotmaster0_.ltbbdt as ltbbdt12_34_0_, lotmaster0_.ltcldt as ltcldt13_34_0_, lotmaster0_.ltexpdt as ltexpdt14_34_0_, lotmaster0_.ltldsc as ltldsc15_34_0_, lotmaster0_.ltledt as ltledt16_34_0_, lotmaster0_.ltlsc as ltlsc17_34_0_, lotmaster0_.ltmlot1 as ltmlot18_34_0_, lotmaster0_.ltmlot2 as ltmlot19_34_0_, lotmaster0_.ltmlot3 as ltmlot20_34_0_, lotmaster0_.ltohdt as ltohdt21_34_0_, lotmaster0_.ltsern as ltsern22_34_0_ from t4108 lotmaster0_ where lotmaster0_.ltbuid=? and lotmaster0_.ltinum=? and lotmaster0_.ltsnlot=?
Hibernate: select lotmaster0_.ltbuid as ltbuid1_34_0_, lotmaster0_.ltinum as ltinum2_34_0_, lotmaster0_.ltsnlot as ltsnlot3_34_0_, lotmaster0_.ltcid as ltcid4_34_0_, lotmaster0_.ltdtin as ltdtin5_34_0_, lotmaster0_.lttmin as lttmin6_34_0_, lotmaster0_.ltuid as ltuid7_34_0_, lotmaster0_.ltdtlu as ltdtlu8_34_0_, lotmaster0_.lttmlu as lttmlu9_34_0_, lotmaster0_.ltuidm as ltuidm10_34_0_, lotmaster0_.ltbodt as ltbodt11_34_0_, lotmaster0_.ltbbdt as ltbbdt12_34_0_, lotmaster0_.ltcldt as ltcldt13_34_0_, lotmaster0_.ltexpdt as ltexpdt14_34_0_, lotmaster0_.ltldsc as ltldsc15_34_0_, lotmaster0_.ltledt as ltledt16_34_0_, lotmaster0_.ltlsc as ltlsc17_34_0_, lotmaster0_.ltmlot1 as ltmlot18_34_0_, lotmaster0_.ltmlot2 as ltmlot19_34_0_, lotmaster0_.ltmlot3 as ltmlot20_34_0_, lotmaster0_.ltohdt as ltohdt21_34_0_, lotmaster0_.ltsern as ltsern22_34_0_ from t4108 lotmaster0_ where lotmaster0_.ltbuid=? and lotmaster0_.ltinum=? and lotmaster0_.ltsnlot=?
Hibernate: select discountma0_.dudccd as dudccd1_13_0_, discountma0_.ducid as ducid2_13_0_, discountma0_.dudtin as dudtin3_13_0_, discountma0_.dutmin as dutmin4_13_0_, discountma0_.duuid as duuid5_13_0_, discountma0_.dudtlu as dudtlu6_13_0_, discountma0_.dutmlu as dutmlu7_13_0_, discountma0_.duuidm as duuidm8_13_0_, discountma0_.dudesb1 as dudesb9_13_0_, discountma0_.duamt01 as duamt10_13_0_, discountma0_.duamt02 as duamt11_13_0_, discountma0_.duamt03 as duamt12_13_0_, discountma0_.duamt04 as duamt13_13_0_, discountma0_.duamt05 as duamt14_13_0_, discountma0_.dupcn01 as dupcn15_13_0_, discountma0_.dupcn02 as dupcn16_13_0_, discountma0_.dupcn03 as dupcn17_13_0_, discountma0_.dupcn04 as dupcn18_13_0_, discountma0_.dupcn05 as dupcn19_13_0_, discountma0_.duobid as duobid20_13_0_ from t0026 discountma0_ where discountma0_.dudccd=?
Hibernate: select discountma0_.dudccd as dudccd1_13_0_, discountma0_.ducid as ducid2_13_0_, discountma0_.dudtin as dudtin3_13_0_, discountma0_.dutmin as dutmin4_13_0_, discountma0_.duuid as duuid5_13_0_, discountma0_.dudtlu as dudtlu6_13_0_, discountma0_.dutmlu as dutmlu7_13_0_, discountma0_.duuidm as duuidm8_13_0_, discountma0_.dudesb1 as dudesb9_13_0_, discountma0_.duamt01 as duamt10_13_0_, discountma0_.duamt02 as duamt11_13_0_, discountma0_.duamt03 as duamt12_13_0_, discountma0_.duamt04 as duamt13_13_0_, discountma0_.duamt05 as duamt14_13_0_, discountma0_.dupcn01 as dupcn15_13_0_, discountma0_.dupcn02 as dupcn16_13_0_, discountma0_.dupcn03 as dupcn17_13_0_, discountma0_.dupcn04 as dupcn18_13_0_, discountma0_.dupcn05 as dupcn19_13_0_, discountma0_.duobid as duobid20_13_0_ from t0026 discountma0_ where discountma0_.dudccd=?
Hibernate: select taxrule0_.tsefdt as tsefdt1_12_, taxrule0_.tstaxcd as tstaxcd2_12_, taxrule0_.tscid as tscid3_12_, taxrule0_.tsdtin as tsdtin4_12_, taxrule0_.tstmin as tstmin5_12_, taxrule0_.tsuid as tsuid6_12_, taxrule0_.tsdtlu as tsdtlu7_12_, taxrule0_.tstmlu as tstmlu8_12_, taxrule0_.tsuidm as tsuidm9_12_, taxrule0_.tsdesb1 as tsdesb10_12_, taxrule0_.tsdocty as tsdocty11_12_, taxrule0_.tsexpdt as tsexpdt12_12_, taxrule0_.tstaxal as tstaxal13_12_, taxrule0_.tstaxau1 as tstaxau14_12_, taxrule0_.tstaxau2 as tstaxau15_12_, taxrule0_.tstaxau3 as tstaxau16_12_, taxrule0_.tstaxau4 as tstaxau17_12_, taxrule0_.tstaxau5 as tstaxau18_12_, taxrule0_.tstaxcl1 as tstaxcl19_12_, taxrule0_.tstaxcl2 as tstaxcl20_12_, taxrule0_.tstaxcl3 as tstaxcl21_12_, taxrule0_.tstaxcl4 as tstaxcl22_12_, taxrule0_.tstaxcl5 as tstaxcl23_12_, taxrule0_.tspcn01 as tspcn24_12_, taxrule0_.tspcn02 as tspcn25_12_, taxrule0_.tspcn03 as tspcn26_12_, taxrule0_.tspcn04 as tspcn27_12_, taxrule0_.tspcn05 as tspcn28_12_ from t0025 taxrule0_ where taxrule0_.tstaxcd=? and taxrule0_.tsefdt<=? and taxrule0_.tsexpdt>? order by taxrule0_.tsefdt asc offset 0 rows fetch next ? rows only
Hibernate: select purchaseor0_.ohcoid as ohcoid1_39_1_, purchaseor0_.ohdocono as ohdocono2_39_1_, purchaseor0_.ohdocoty as ohdocoty3_39_1_, purchaseor0_.ohcid as ohcid4_39_1_, purchaseor0_.ohdtin as ohdtin5_39_1_, purchaseor0_.ohtmin as ohtmin6_39_1_, purchaseor0_.ohuid as ohuid7_39_1_, purchaseor0_.ohdtlu as ohdtlu8_39_1_, purchaseor0_.ohtmlu as ohtmlu9_39_1_, purchaseor0_.ohuidm as ohuidm10_39_1_, purchaseor0_.ohaprcd as ohaprcd11_39_1_, purchaseor0_.ohcrcb as ohcrcb12_39_1_, purchaseor0_.ohbuid as ohbuid13_39_1_, purchaseor0_.ohcldt as ohcldt14_39_1_, purchaseor0_.ohcot as ohcot15_39_1_, purchaseor0_.ohcsid as ohcsid16_39_1_, purchaseor0_.ohdesb1 as ohdesb17_39_1_, purchaseor0_.ohdccd as ohdccd18_39_1_, purchaseor0_.ohdcrt as ohdcrt19_39_1_, purchaseor0_.ohexcrt as ohexcrt20_39_1_, purchaseor0_.ohgldt as ohgldt21_39_1_, purchaseor0_.ohidd as ohidd22_39_1_, purchaseor0_.ohidn as ohidn23_39_1_, purchaseor0_.ohlst as ohlst24_39_1_, purchaseor0_.ohnst as ohnst25_39_1_, purchaseor0_.ohobid as ohobid26_39_1_, purchaseor0_.ohordt as ohordt27_39_1_, purchaseor0_.ohptc as ohptc28_39_1_, purchaseor0_.ohpoa as ohpoa29_39_1_, purchaseor0_.ohpod as ohpod30_39_1_, purchaseor0_.ohpjid as ohpjid31_39_1_, purchaseor0_.ohpddt as ohpddt32_39_1_, purchaseor0_.ohrcdt as ohrcdt33_39_1_, purchaseor0_.ohstid as ohstid34_39_1_, purchaseor0_.ohrqdt as ohrqdt35_39_1_, purchaseor0_.ohtaxal as ohtaxal36_39_1_, purchaseor0_.ohtaxcd as ohtaxcd37_39_1_, purchaseor0_.ohtaxrt as ohtaxrt38_39_1_, purchaseor0_.ohcrct as ohcrct39_39_1_, purchaseor0_.ohdesc1 as ohdesc40_39_1_, purchaseor0_.ohdesc2 as ohdesc41_39_1_, purchaseor0_.ohvhrn as ohvhrn42_39_1_, purchaseor0_.ohvhty as ohvhty43_39_1_, purchaseor0_.ohvnid as ohvnid44_39_1_, details1_.odcoid as odcoid1_40_3_, details1_.oddocono as oddocono2_40_3_, details1_.oddocoty as oddocoty4_40_3_, details1_.oddocosq as oddocosq3_40_3_, details1_.odcoid as odcoid1_40_0_, details1_.oddocono as oddocono2_40_0_, details1_.oddocosq as oddocosq3_40_0_, details1_.oddocoty as oddocoty4_40_0_, details1_.odcid as odcid5_40_0_, details1_.oddtin as oddtin6_40_0_, details1_.odtmin as odtmin7_40_0_, details1_.oduid as oduid8_40_0_, details1_.oddtlu as oddtlu9_40_0_, details1_.odtmlu as odtmlu10_40_0_, details1_.oduidm as oduidm11_40_0_, details1_.odacid as odacid12_40_0_, details1_.odaprcd as odaprcd13_40_0_, details1_.odcrcb as odcrcb14_40_0_, details1_.oditc02 as oditc15_40_0_, details1_.odbuid as odbuid16_40_0_, details1_.odqtycl as odqtycl17_40_0_, details1_.oditc01 as oditc18_40_0_, details1_.odcldt as odcldt19_40_0_, details1_.odcsid as odcsid20_40_0_, details1_.oddccd as oddccd21_40_0_, details1_.oddcrt as oddcrt22_40_0_, details1_.odexcrt as odexcrt23_40_0_, details1_.odexcost as odexcos24_40_0_, details1_.odqtyx as odqtyx25_40_0_, details1_.oducfx as oducfx26_40_0_, details1_.oduncostx as oduncos27_40_0_, details1_.oduomx as oduomx28_40_0_, details1_.odfec as odfec29_40_0_, details1_.odfta as odfta30_40_0_, details1_.odftb as odftb31_40_0_, details1_.odfuc as odfuc32_40_0_, details1_.odglcls as odglcls33_40_0_, details1_.odgldt as odgldt34_40_0_, details1_.odir02 as odir35_40_0_, details1_.odir01 as odir36_40_0_, details1_.odir03 as odir37_40_0_, details1_.odinum as odinum38_40_0_, details1_.oddesb1 as oddesb39_40_0_, details1_.oditc05 as oditc40_40_0_, details1_.odlst as odlst41_40_0_, details1_.odlnty as odlnty42_40_0_, details1_.odlocid as odlocid43_40_0_, details1_.odnst as odnst44_40_0_, details1_.odobid as odobid45_40_0_, details1_.odqtyop as odqtyop46_40_0_, details1_.odordt as odordt47_40_0_, details1_.odqtyor as odqtyor48_40_0_, details1_.odott as odott49_40_0_, details1_.odordocdt as odordoc50_40_0_, details1_.odordocno as odordoc51_40_0_, details1_.odordocsq as odordoc52_40_0_, details1_.odordocty as odordoc53_40_0_, details1_.odptc as odptc54_40_0_, details1_.odpqor as odpqor55_40_0_, details1_.oduom1 as oduom56_40_0_, details1_.odpjid as odpjid57_40_0_, details1_.odpddt as odpddt58_40_0_, details1_.odpo03 as odpo59_40_0_, details1_.odpo01 as odpo60_40_0_, details1_.odpo02 as odpo61_40_0_, details1_.odqty as odqty62_40_0_, details1_.odrcdt as odrcdt63_40_0_, details1_.odqtyrc as odqtyrc64_40_0_, details1_.odstid as odstid65_40_0_, details1_.odvr04 as odvr66_40_0_, details1_.odvr01 as odvr67_40_0_, details1_.odvr03 as odvr68_40_0_, details1_.odvr05 as odvr69_40_0_, details1_.odvr02 as odvr70_40_0_, details1_.odrldocno as odrldoc71_40_0_, details1_.odrldocsq as odrldoc72_40_0_, details1_.odrldocty as odrldoc73_40_0_, details1_.odrqdt as odrqdt74_40_0_, details1_.odqtyrn as odqtyrn75_40_0_, details1_.odsqor as odsqor76_40_0_, details1_.oduom2 as oduom77_40_0_, details1_.odsnlot as odsnlot78_40_0_, details1_.odtaxal as odtaxal79_40_0_, details1_.odtaxam as odtaxam80_40_0_, details1_.odtaxab as odtaxab81_40_0_, details1_.odtaxcd as odtaxcd82_40_0_, details1_.odtaxrt as odtaxrt83_40_0_, details1_.odcrct as odcrct84_40_0_, details1_.oditc03 as oditc85_40_0_, details1_.oducf as oducf86_40_0_, details1_.oduncost as oduncos87_40_0_, details1_.odudc as odudc88_40_0_, details1_.odudf as odudf89_40_0_, details1_.oduom as oduom90_40_0_, details1_.odvnid as odvnid91_40_0_ from t4301 purchaseor0_ left outer join t4311 details1_ on purchaseor0_.ohcoid=details1_.odcoid and purchaseor0_.ohdocono=details1_.oddocono and purchaseor0_.ohdocoty=details1_.oddocoty where purchaseor0_.ohcoid=? and purchaseor0_.ohdocono=? and purchaseor0_.ohdocoty=?
Hibernate: select purchasede0_.odcoid as odcoid1_40_0_, purchasede0_.oddocono as oddocono2_40_0_, purchasede0_.oddocosq as oddocosq3_40_0_, purchasede0_.oddocoty as oddocoty4_40_0_, purchasede0_.odcid as odcid5_40_0_, purchasede0_.oddtin as oddtin6_40_0_, purchasede0_.odtmin as odtmin7_40_0_, purchasede0_.oduid as oduid8_40_0_, purchasede0_.oddtlu as oddtlu9_40_0_, purchasede0_.odtmlu as odtmlu10_40_0_, purchasede0_.oduidm as oduidm11_40_0_, purchasede0_.odacid as odacid12_40_0_, purchasede0_.odaprcd as odaprcd13_40_0_, purchasede0_.odcrcb as odcrcb14_40_0_, purchasede0_.oditc02 as oditc15_40_0_, purchasede0_.odbuid as odbuid16_40_0_, purchasede0_.odqtycl as odqtycl17_40_0_, purchasede0_.oditc01 as oditc18_40_0_, purchasede0_.odcldt as odcldt19_40_0_, purchasede0_.odcsid as odcsid20_40_0_, purchasede0_.oddccd as oddccd21_40_0_, purchasede0_.oddcrt as oddcrt22_40_0_, purchasede0_.odexcrt as odexcrt23_40_0_, purchasede0_.odexcost as odexcos24_40_0_, purchasede0_.odqtyx as odqtyx25_40_0_, purchasede0_.oducfx as oducfx26_40_0_, purchasede0_.oduncostx as oduncos27_40_0_, purchasede0_.oduomx as oduomx28_40_0_, purchasede0_.odfec as odfec29_40_0_, purchasede0_.odfta as odfta30_40_0_, purchasede0_.odftb as odftb31_40_0_, purchasede0_.odfuc as odfuc32_40_0_, purchasede0_.odglcls as odglcls33_40_0_, purchasede0_.odgldt as odgldt34_40_0_, purchasede0_.odir02 as odir35_40_0_, purchasede0_.odir01 as odir36_40_0_, purchasede0_.odir03 as odir37_40_0_, purchasede0_.odinum as odinum38_40_0_, purchasede0_.oddesb1 as oddesb39_40_0_, purchasede0_.oditc05 as oditc40_40_0_, purchasede0_.odlst as odlst41_40_0_, purchasede0_.odlnty as odlnty42_40_0_, purchasede0_.odlocid as odlocid43_40_0_, purchasede0_.odnst as odnst44_40_0_, purchasede0_.odobid as odobid45_40_0_, purchasede0_.odqtyop as odqtyop46_40_0_, purchasede0_.odordt as odordt47_40_0_, purchasede0_.odqtyor as odqtyor48_40_0_, purchasede0_.odott as odott49_40_0_, purchasede0_.odordocdt as odordoc50_40_0_, purchasede0_.odordocno as odordoc51_40_0_, purchasede0_.odordocsq as odordoc52_40_0_, purchasede0_.odordocty as odordoc53_40_0_, purchasede0_.odptc as odptc54_40_0_, purchasede0_.odpqor as odpqor55_40_0_, purchasede0_.oduom1 as oduom56_40_0_, purchasede0_.odpjid as odpjid57_40_0_, purchasede0_.odpddt as odpddt58_40_0_, purchasede0_.odpo03 as odpo59_40_0_, purchasede0_.odpo01 as odpo60_40_0_, purchasede0_.odpo02 as odpo61_40_0_, purchasede0_.odqty as odqty62_40_0_, purchasede0_.odrcdt as odrcdt63_40_0_, purchasede0_.odqtyrc as odqtyrc64_40_0_, purchasede0_.odstid as odstid65_40_0_, purchasede0_.odvr04 as odvr66_40_0_, purchasede0_.odvr01 as odvr67_40_0_, purchasede0_.odvr03 as odvr68_40_0_, purchasede0_.odvr05 as odvr69_40_0_, purchasede0_.odvr02 as odvr70_40_0_, purchasede0_.odrldocno as odrldoc71_40_0_, purchasede0_.odrldocsq as odrldoc72_40_0_, purchasede0_.odrldocty as odrldoc73_40_0_, purchasede0_.odrqdt as odrqdt74_40_0_, purchasede0_.odqtyrn as odqtyrn75_40_0_, purchasede0_.odsqor as odsqor76_40_0_, purchasede0_.oduom2 as oduom77_40_0_, purchasede0_.odsnlot as odsnlot78_40_0_, purchasede0_.odtaxal as odtaxal79_40_0_, purchasede0_.odtaxam as odtaxam80_40_0_, purchasede0_.odtaxab as odtaxab81_40_0_, purchasede0_.odtaxcd as odtaxcd82_40_0_, purchasede0_.odtaxrt as odtaxrt83_40_0_, purchasede0_.odcrct as odcrct84_40_0_, purchasede0_.oditc03 as oditc85_40_0_, purchasede0_.oducf as oducf86_40_0_, purchasede0_.oduncost as oduncos87_40_0_, purchasede0_.odudc as odudc88_40_0_, purchasede0_.odudf as odudf89_40_0_, purchasede0_.oduom as oduom90_40_0_, purchasede0_.odvnid as odvnid91_40_0_ from t4311 purchasede0_ where purchasede0_.odcoid=? and purchasede0_.oddocono=? and purchasede0_.oddocosq=? and purchasede0_.oddocoty=?
Hibernate: select purchasede0_.odcoid as odcoid1_40_0_, purchasede0_.oddocono as oddocono2_40_0_, purchasede0_.oddocosq as oddocosq3_40_0_, purchasede0_.oddocoty as oddocoty4_40_0_, purchasede0_.odcid as odcid5_40_0_, purchasede0_.oddtin as oddtin6_40_0_, purchasede0_.odtmin as odtmin7_40_0_, purchasede0_.oduid as oduid8_40_0_, purchasede0_.oddtlu as oddtlu9_40_0_, purchasede0_.odtmlu as odtmlu10_40_0_, purchasede0_.oduidm as oduidm11_40_0_, purchasede0_.odacid as odacid12_40_0_, purchasede0_.odaprcd as odaprcd13_40_0_, purchasede0_.odcrcb as odcrcb14_40_0_, purchasede0_.oditc02 as oditc15_40_0_, purchasede0_.odbuid as odbuid16_40_0_, purchasede0_.odqtycl as odqtycl17_40_0_, purchasede0_.oditc01 as oditc18_40_0_, purchasede0_.odcldt as odcldt19_40_0_, purchasede0_.odcsid as odcsid20_40_0_, purchasede0_.oddccd as oddccd21_40_0_, purchasede0_.oddcrt as oddcrt22_40_0_, purchasede0_.odexcrt as odexcrt23_40_0_, purchasede0_.odexcost as odexcos24_40_0_, purchasede0_.odqtyx as odqtyx25_40_0_, purchasede0_.oducfx as oducfx26_40_0_, purchasede0_.oduncostx as oduncos27_40_0_, purchasede0_.oduomx as oduomx28_40_0_, purchasede0_.odfec as odfec29_40_0_, purchasede0_.odfta as odfta30_40_0_, purchasede0_.odftb as odftb31_40_0_, purchasede0_.odfuc as odfuc32_40_0_, purchasede0_.odglcls as odglcls33_40_0_, purchasede0_.odgldt as odgldt34_40_0_, purchasede0_.odir02 as odir35_40_0_, purchasede0_.odir01 as odir36_40_0_, purchasede0_.odir03 as odir37_40_0_, purchasede0_.odinum as odinum38_40_0_, purchasede0_.oddesb1 as oddesb39_40_0_, purchasede0_.oditc05 as oditc40_40_0_, purchasede0_.odlst as odlst41_40_0_, purchasede0_.odlnty as odlnty42_40_0_, purchasede0_.odlocid as odlocid43_40_0_, purchasede0_.odnst as odnst44_40_0_, purchasede0_.odobid as odobid45_40_0_, purchasede0_.odqtyop as odqtyop46_40_0_, purchasede0_.odordt as odordt47_40_0_, purchasede0_.odqtyor as odqtyor48_40_0_, purchasede0_.odott as odott49_40_0_, purchasede0_.odordocdt as odordoc50_40_0_, purchasede0_.odordocno as odordoc51_40_0_, purchasede0_.odordocsq as odordoc52_40_0_, purchasede0_.odordocty as odordoc53_40_0_, purchasede0_.odptc as odptc54_40_0_, purchasede0_.odpqor as odpqor55_40_0_, purchasede0_.oduom1 as oduom56_40_0_, purchasede0_.odpjid as odpjid57_40_0_, purchasede0_.odpddt as odpddt58_40_0_, purchasede0_.odpo03 as odpo59_40_0_, purchasede0_.odpo01 as odpo60_40_0_, purchasede0_.odpo02 as odpo61_40_0_, purchasede0_.odqty as odqty62_40_0_, purchasede0_.odrcdt as odrcdt63_40_0_, purchasede0_.odqtyrc as odqtyrc64_40_0_, purchasede0_.odstid as odstid65_40_0_, purchasede0_.odvr04 as odvr66_40_0_, purchasede0_.odvr01 as odvr67_40_0_, purchasede0_.odvr03 as odvr68_40_0_, purchasede0_.odvr05 as odvr69_40_0_, purchasede0_.odvr02 as odvr70_40_0_, purchasede0_.odrldocno as odrldoc71_40_0_, purchasede0_.odrldocsq as odrldoc72_40_0_, purchasede0_.odrldocty as odrldoc73_40_0_, purchasede0_.odrqdt as odrqdt74_40_0_, purchasede0_.odqtyrn as odqtyrn75_40_0_, purchasede0_.odsqor as odsqor76_40_0_, purchasede0_.oduom2 as oduom77_40_0_, purchasede0_.odsnlot as odsnlot78_40_0_, purchasede0_.odtaxal as odtaxal79_40_0_, purchasede0_.odtaxam as odtaxam80_40_0_, purchasede0_.odtaxab as odtaxab81_40_0_, purchasede0_.odtaxcd as odtaxcd82_40_0_, purchasede0_.odtaxrt as odtaxrt83_40_0_, purchasede0_.odcrct as odcrct84_40_0_, purchasede0_.oditc03 as oditc85_40_0_, purchasede0_.oducf as oducf86_40_0_, purchasede0_.oduncost as oduncos87_40_0_, purchasede0_.odudc as odudc88_40_0_, purchasede0_.odudf as odudf89_40_0_, purchasede0_.oduom as oduom90_40_0_, purchasede0_.odvnid as odvnid91_40_0_ from t4311 purchasede0_ where purchasede0_.odcoid=? and purchasede0_.oddocono=? and purchasede0_.oddocosq=? and purchasede0_.oddocoty=?
Hibernate: select purchasede0_.odcoid as odcoid1_40_0_, purchasede0_.oddocono as oddocono2_40_0_, purchasede0_.oddocosq as oddocosq3_40_0_, purchasede0_.oddocoty as oddocoty4_40_0_, purchasede0_.odcid as odcid5_40_0_, purchasede0_.oddtin as oddtin6_40_0_, purchasede0_.odtmin as odtmin7_40_0_, purchasede0_.oduid as oduid8_40_0_, purchasede0_.oddtlu as oddtlu9_40_0_, purchasede0_.odtmlu as odtmlu10_40_0_, purchasede0_.oduidm as oduidm11_40_0_, purchasede0_.odacid as odacid12_40_0_, purchasede0_.odaprcd as odaprcd13_40_0_, purchasede0_.odcrcb as odcrcb14_40_0_, purchasede0_.oditc02 as oditc15_40_0_, purchasede0_.odbuid as odbuid16_40_0_, purchasede0_.odqtycl as odqtycl17_40_0_, purchasede0_.oditc01 as oditc18_40_0_, purchasede0_.odcldt as odcldt19_40_0_, purchasede0_.odcsid as odcsid20_40_0_, purchasede0_.oddccd as oddccd21_40_0_, purchasede0_.oddcrt as oddcrt22_40_0_, purchasede0_.odexcrt as odexcrt23_40_0_, purchasede0_.odexcost as odexcos24_40_0_, purchasede0_.odqtyx as odqtyx25_40_0_, purchasede0_.oducfx as oducfx26_40_0_, purchasede0_.oduncostx as oduncos27_40_0_, purchasede0_.oduomx as oduomx28_40_0_, purchasede0_.odfec as odfec29_40_0_, purchasede0_.odfta as odfta30_40_0_, purchasede0_.odftb as odftb31_40_0_, purchasede0_.odfuc as odfuc32_40_0_, purchasede0_.odglcls as odglcls33_40_0_, purchasede0_.odgldt as odgldt34_40_0_, purchasede0_.odir02 as odir35_40_0_, purchasede0_.odir01 as odir36_40_0_, purchasede0_.odir03 as odir37_40_0_, purchasede0_.odinum as odinum38_40_0_, purchasede0_.oddesb1 as oddesb39_40_0_, purchasede0_.oditc05 as oditc40_40_0_, purchasede0_.odlst as odlst41_40_0_, purchasede0_.odlnty as odlnty42_40_0_, purchasede0_.odlocid as odlocid43_40_0_, purchasede0_.odnst as odnst44_40_0_, purchasede0_.odobid as odobid45_40_0_, purchasede0_.odqtyop as odqtyop46_40_0_, purchasede0_.odordt as odordt47_40_0_, purchasede0_.odqtyor as odqtyor48_40_0_, purchasede0_.odott as odott49_40_0_, purchasede0_.odordocdt as odordoc50_40_0_, purchasede0_.odordocno as odordoc51_40_0_, purchasede0_.odordocsq as odordoc52_40_0_, purchasede0_.odordocty as odordoc53_40_0_, purchasede0_.odptc as odptc54_40_0_, purchasede0_.odpqor as odpqor55_40_0_, purchasede0_.oduom1 as oduom56_40_0_, purchasede0_.odpjid as odpjid57_40_0_, purchasede0_.odpddt as odpddt58_40_0_, purchasede0_.odpo03 as odpo59_40_0_, purchasede0_.odpo01 as odpo60_40_0_, purchasede0_.odpo02 as odpo61_40_0_, purchasede0_.odqty as odqty62_40_0_, purchasede0_.odrcdt as odrcdt63_40_0_, purchasede0_.odqtyrc as odqtyrc64_40_0_, purchasede0_.odstid as odstid65_40_0_, purchasede0_.odvr04 as odvr66_40_0_, purchasede0_.odvr01 as odvr67_40_0_, purchasede0_.odvr03 as odvr68_40_0_, purchasede0_.odvr05 as odvr69_40_0_, purchasede0_.odvr02 as odvr70_40_0_, purchasede0_.odrldocno as odrldoc71_40_0_, purchasede0_.odrldocsq as odrldoc72_40_0_, purchasede0_.odrldocty as odrldoc73_40_0_, purchasede0_.odrqdt as odrqdt74_40_0_, purchasede0_.odqtyrn as odqtyrn75_40_0_, purchasede0_.odsqor as odsqor76_40_0_, purchasede0_.oduom2 as oduom77_40_0_, purchasede0_.odsnlot as odsnlot78_40_0_, purchasede0_.odtaxal as odtaxal79_40_0_, purchasede0_.odtaxam as odtaxam80_40_0_, purchasede0_.odtaxab as odtaxab81_40_0_, purchasede0_.odtaxcd as odtaxcd82_40_0_, purchasede0_.odtaxrt as odtaxrt83_40_0_, purchasede0_.odcrct as odcrct84_40_0_, purchasede0_.oditc03 as oditc85_40_0_, purchasede0_.oducf as oducf86_40_0_, purchasede0_.oduncost as oduncos87_40_0_, purchasede0_.odudc as odudc88_40_0_, purchasede0_.odudf as odudf89_40_0_, purchasede0_.oduom as oduom90_40_0_, purchasede0_.odvnid as odvnid91_40_0_ from t4311 purchasede0_ where purchasede0_.odcoid=? and purchasede0_.oddocono=? and purchasede0_.oddocosq=? and purchasede0_.oddocoty=?
Hibernate: insert into t4301 (ohcid, ohdtin, ohtmin, ohuid, ohdtlu, ohtmlu, ohuidm, ohaprcd, ohcrcb, ohbuid, ohcldt, ohcot, ohcsid, ohdesb1, ohdccd, ohdcrt, ohexcrt, ohgldt, ohidd, ohidn, ohlst, ohnst, ohobid, ohordt, ohptc, ohpoa, ohpod, ohpjid, ohpddt, ohrcdt, ohstid, ohrqdt, ohtaxal, ohtaxcd, ohtaxrt, ohcrct, ohdesc1, ohdesc2, ohvhrn, ohvhty, ohvnid, ohcoid, ohdocono, ohdocoty) values (?, ?, ?, ?, ?, ?, ?, ?, ?, ?, ?, ?, ?, ?, ?, ?, ?, ?, ?, ?, ?, ?, ?, ?, ?, ?, ?, ?, ?, ?, ?, ?, ?, ?, ?, ?, ?, ?, ?, ?, ?, ?, ?, ?)
Hibernate: insert into t4311 (odcid, oddtin, odtmin, oduid, oddtlu, odtmlu, oduidm, odacid, odaprcd, odcrcb, oditc02, odbuid, odqtycl, oditc01, odcldt, odcsid, oddccd, oddcrt, odexcrt, odexcost, odqtyx, oducfx, oduncostx, oduomx, odfec, odfta, odftb, odfuc, odglcls, odgldt, odir02, odir01, odir03, odinum, oddesb1, oditc05, odlst, odlnty, odlocid, odnst, odobid, odqtyop, odordt, odqtyor, odott, odordocdt, odordocno, odordocsq, odordocty, odptc, odpqor, oduom1, odpjid, odpddt, odpo03, odpo01, odpo02, odqty, odrcdt, odqtyrc, odstid, odvr04, odvr01, odvr03, odvr05, odvr02, odrldocno, odrldocsq, odrldocty, odrqdt, odqtyrn, odsqor, oduom2, odsnlot, odtaxal, odtaxam, odtaxab, odtaxcd, odtaxrt, odcrct, oditc03, oducf, oduncost, odudc, odudf, oduom, odvnid, odcoid, oddocono, oddocosq, oddocoty) values (?, ?, ?, ?, ?, ?, ?, ?, ?, ?, ?, ?, ?, ?, ?, ?, ?, ?, ?, ?, ?, ?, ?, ?, ?, ?, ?, ?, ?, ?, ?, ?, ?, ?, ?, ?, ?, ?, ?, ?, ?, ?, ?, ?, ?, ?, ?, ?, ?, ?, ?, ?, ?, ?, ?, ?, ?, ?, ?, ?, ?, ?, ?, ?, ?, ?, ?, ?, ?, ?, ?, ?, ?, ?, ?, ?, ?, ?, ?, ?, ?, ?, ?, ?, ?, ?, ?, ?, ?, ?, ?)
Hibernate: insert into t4311 (odcid, oddtin, odtmin, oduid, oddtlu, odtmlu, oduidm, odacid, odaprcd, odcrcb, oditc02, odbuid, odqtycl, oditc01, odcldt, odcsid, oddccd, oddcrt, odexcrt, odexcost, odqtyx, oducfx, oduncostx, oduomx, odfec, odfta, odftb, odfuc, odglcls, odgldt, odir02, odir01, odir03, odinum, oddesb1, oditc05, odlst, odlnty, odlocid, odnst, odobid, odqtyop, odordt, odqtyor, odott, odordocdt, odordocno, odordocsq, odordocty, odptc, odpqor, oduom1, odpjid, odpddt, odpo03, odpo01, odpo02, odqty, odrcdt, odqtyrc, odstid, odvr04, odvr01, odvr03, odvr05, odvr02, odrldocno, odrldocsq, odrldocty, odrqdt, odqtyrn, odsqor, oduom2, odsnlot, odtaxal, odtaxam, odtaxab, odtaxcd, odtaxrt, odcrct, oditc03, oducf, oduncost, odudc, odudf, oduom, odvnid, odcoid, oddocono, oddocosq, oddocoty) values (?, ?, ?, ?, ?, ?, ?, ?, ?, ?, ?, ?, ?, ?, ?, ?, ?, ?, ?, ?, ?, ?, ?, ?, ?, ?, ?, ?, ?, ?, ?, ?, ?, ?, ?, ?, ?, ?, ?, ?, ?, ?, ?, ?, ?, ?, ?, ?, ?, ?, ?, ?, ?, ?, ?, ?, ?, ?, ?, ?, ?, ?, ?, ?, ?, ?, ?, ?, ?, ?, ?, ?, ?, ?, ?, ?, ?, ?, ?, ?, ?, ?, ?, ?, ?, ?, ?, ?, ?, ?, ?)
Hibernate: insert into t4311 (odcid, oddtin, odtmin, oduid, oddtlu, odtmlu, oduidm, odacid, odaprcd, odcrcb, oditc02, odbuid, odqtycl, oditc01, odcldt, odcsid, oddccd, oddcrt, odexcrt, odexcost, odqtyx, oducfx, oduncostx, oduomx, odfec, odfta, odftb, odfuc, odglcls, odgldt, odir02, odir01, odir03, odinum, oddesb1, oditc05, odlst, odlnty, odlocid, odnst, odobid, odqtyop, odordt, odqtyor, odott, odordocdt, odordocno, odordocsq, odordocty, odptc, odpqor, oduom1, odpjid, odpddt, odpo03, odpo01, odpo02, odqty, odrcdt, odqtyrc, odstid, odvr04, odvr01, odvr03, odvr05, odvr02, odrldocno, odrldocsq, odrldocty, odrqdt, odqtyrn, odsqor, oduom2, odsnlot, odtaxal, odtaxam, odtaxab, odtaxcd, odtaxrt, odcrct, oditc03, oducf, oduncost, odudc, odudf, oduom, odvnid, odcoid, oddocono, oddocosq, oddocoty) values (?, ?, ?, ?, ?, ?, ?, ?, ?, ?, ?, ?, ?, ?, ?, ?, ?, ?, ?, ?, ?, ?, ?, ?, ?, ?, ?, ?, ?, ?, ?, ?, ?, ?, ?, ?, ?, ?, ?, ?, ?, ?, ?, ?, ?, ?, ?, ?, ?, ?, ?, ?, ?, ?, ?, ?, ?, ?, ?, ?, ?, ?, ?, ?, ?, ?, ?, ?, ?, ?, ?, ?, ?, ?, ?, ?, ?, ?, ?, ?, ?, ?, ?, ?, ?, ?, ?, ?, ?, ?, ?)
Hibernate: select purchaseor0_.ohcoid as ohcoid1_39_0_, purchaseor0_.ohdocono as ohdocono2_39_0_, purchaseor0_.ohdocoty as ohdocoty3_39_0_, purchaseor0_.ohcid as ohcid4_39_0_, purchaseor0_.ohdtin as ohdtin5_39_0_, purchaseor0_.ohtmin as ohtmin6_39_0_, purchaseor0_.ohuid as ohuid7_39_0_, purchaseor0_.ohdtlu as ohdtlu8_39_0_, purchaseor0_.ohtmlu as ohtmlu9_39_0_, purchaseor0_.ohuidm as ohuidm10_39_0_, purchaseor0_.ohaprcd as ohaprcd11_39_0_, purchaseor0_.ohcrcb as ohcrcb12_39_0_, purchaseor0_.ohbuid as ohbuid13_39_0_, purchaseor0_.ohcldt as ohcldt14_39_0_, purchaseor0_.ohcot as ohcot15_39_0_, purchaseor0_.ohcsid as ohcsid16_39_0_, purchaseor0_.ohdesb1 as ohdesb17_39_0_, purchaseor0_.ohdccd as ohdccd18_39_0_, purchaseor0_.ohdcrt as ohdcrt19_39_0_, purchaseor0_.ohexcrt as ohexcrt20_39_0_, purchaseor0_.ohgldt as ohgldt21_39_0_, purchaseor0_.ohidd as ohidd22_39_0_, purchaseor0_.ohidn as ohidn23_39_0_, purchaseor0_.ohlst as ohlst24_39_0_, purchaseor0_.ohnst as ohnst25_39_0_, purchaseor0_.ohobid as ohobid26_39_0_, purchaseor0_.ohordt as ohordt27_39_0_, purchaseor0_.ohptc as ohptc28_39_0_, purchaseor0_.ohpoa as ohpoa29_39_0_, purchaseor0_.ohpod as ohpod30_39_0_, purchaseor0_.ohpjid as ohpjid31_39_0_, purchaseor0_.ohpddt as ohpddt32_39_0_, purchaseor0_.ohrcdt as ohrcdt33_39_0_, purchaseor0_.ohstid as ohstid34_39_0_, purchaseor0_.ohrqdt as ohrqdt35_39_0_, purchaseor0_.ohtaxal as ohtaxal36_39_0_, purchaseor0_.ohtaxcd as ohtaxcd37_39_0_, purchaseor0_.ohtaxrt as ohtaxrt38_39_0_, purchaseor0_.ohcrct as ohcrct39_39_0_, purchaseor0_.ohdesc1 as ohdesc40_39_0_, purchaseor0_.ohdesc2 as ohdesc41_39_0_, purchaseor0_.ohvhrn as ohvhrn42_39_0_, purchaseor0_.ohvhty as ohvhty43_39_0_, purchaseor0_.ohvnid as ohvnid44_39_0_ from t4301 purchaseor0_ where purchaseor0_.ohcoid=? and purchaseor0_.ohdocono=? and purchaseor0_.ohdocoty=?
Hibernate: select details0_.odcoid as odcoid1_40_0_, details0_.oddocono as oddocono2_40_0_, details0_.oddocoty as oddocoty4_40_0_, details0_.oddocosq as oddocosq3_40_0_, details0_.odcoid as odcoid1_40_1_, details0_.oddocono as oddocono2_40_1_, details0_.oddocosq as oddocosq3_40_1_, details0_.oddocoty as oddocoty4_40_1_, details0_.odcid as odcid5_40_1_, details0_.oddtin as oddtin6_40_1_, details0_.odtmin as odtmin7_40_1_, details0_.oduid as oduid8_40_1_, details0_.oddtlu as oddtlu9_40_1_, details0_.odtmlu as odtmlu10_40_1_, details0_.oduidm as oduidm11_40_1_, details0_.odacid as odacid12_40_1_, details0_.odaprcd as odaprcd13_40_1_, details0_.odcrcb as odcrcb14_40_1_, details0_.oditc02 as oditc15_40_1_, details0_.odbuid as odbuid16_40_1_, details0_.odqtycl as odqtycl17_40_1_, details0_.oditc01 as oditc18_40_1_, details0_.odcldt as odcldt19_40_1_, details0_.odcsid as odcsid20_40_1_, details0_.oddccd as oddccd21_40_1_, details0_.oddcrt as oddcrt22_40_1_, details0_.odexcrt as odexcrt23_40_1_, details0_.odexcost as odexcos24_40_1_, details0_.odqtyx as odqtyx25_40_1_, details0_.oducfx as oducfx26_40_1_, details0_.oduncostx as oduncos27_40_1_, details0_.oduomx as oduomx28_40_1_, details0_.odfec as odfec29_40_1_, details0_.odfta as odfta30_40_1_, details0_.odftb as odftb31_40_1_, details0_.odfuc as odfuc32_40_1_, details0_.odglcls as odglcls33_40_1_, details0_.odgldt as odgldt34_40_1_, details0_.odir02 as odir35_40_1_, details0_.odir01 as odir36_40_1_, details0_.odir03 as odir37_40_1_, details0_.odinum as odinum38_40_1_, details0_.oddesb1 as oddesb39_40_1_, details0_.oditc05 as oditc40_40_1_, details0_.odlst as odlst41_40_1_, details0_.odlnty as odlnty42_40_1_, details0_.odlocid as odlocid43_40_1_, details0_.odnst as odnst44_40_1_, details0_.odobid as odobid45_40_1_, details0_.odqtyop as odqtyop46_40_1_, details0_.odordt as odordt47_40_1_, details0_.odqtyor as odqtyor48_40_1_, details0_.odott as odott49_40_1_, details0_.odordocdt as odordoc50_40_1_, details0_.odordocno as odordoc51_40_1_, details0_.odordocsq as odordoc52_40_1_, details0_.odordocty as odordoc53_40_1_, details0_.odptc as odptc54_40_1_, details0_.odpqor as odpqor55_40_1_, details0_.oduom1 as oduom56_40_1_, details0_.odpjid as odpjid57_40_1_, details0_.odpddt as odpddt58_40_1_, details0_.odpo03 as odpo59_40_1_, details0_.odpo01 as odpo60_40_1_, details0_.odpo02 as odpo61_40_1_, details0_.odqty as odqty62_40_1_, details0_.odrcdt as odrcdt63_40_1_, details0_.odqtyrc as odqtyrc64_40_1_, details0_.odstid as odstid65_40_1_, details0_.odvr04 as odvr66_40_1_, details0_.odvr01 as odvr67_40_1_, details0_.odvr03 as odvr68_40_1_, details0_.odvr05 as odvr69_40_1_, details0_.odvr02 as odvr70_40_1_, details0_.odrldocno as odrldoc71_40_1_, details0_.odrldocsq as odrldoc72_40_1_, details0_.odrldocty as odrldoc73_40_1_, details0_.odrqdt as odrqdt74_40_1_, details0_.odqtyrn as odqtyrn75_40_1_, details0_.odsqor as odsqor76_40_1_, details0_.oduom2 as oduom77_40_1_, details0_.odsnlot as odsnlot78_40_1_, details0_.odtaxal as odtaxal79_40_1_, details0_.odtaxam as odtaxam80_40_1_, details0_.odtaxab as odtaxab81_40_1_, details0_.odtaxcd as odtaxcd82_40_1_, details0_.odtaxrt as odtaxrt83_40_1_, details0_.odcrct as odcrct84_40_1_, details0_.oditc03 as oditc85_40_1_, details0_.oducf as oducf86_40_1_, details0_.oduncost as oduncos87_40_1_, details0_.odudc as odudc88_40_1_, details0_.odudf as odudf89_40_1_, details0_.oduom as oduom90_40_1_, details0_.odvnid as odvnid91_40_1_ from t4311 details0_ where details0_.odcoid=? and details0_.oddocono=? and details0_.oddocoty=?
Hibernate: select receipts0_.ovcoid as ovcoid1_41_0_, receipts0_.ovdocono as ovdocon53_41_0_, receipts0_.ovdocosq as ovdocos54_41_0_, receipts0_.ovdocoty as ovdocot55_41_0_, receipts0_.ovdocno as ovdocno2_41_0_, receipts0_.ovdocty as ovdocty3_41_0_, receipts0_.ovdocsq as ovdocsq4_41_0_, receipts0_.ovcoid as ovcoid1_41_1_, receipts0_.ovdocno as ovdocno2_41_1_, receipts0_.ovdocty as ovdocty3_41_1_, receipts0_.ovdocsq as ovdocsq4_41_1_, receipts0_.ovcid as ovcid5_41_1_, receipts0_.ovdtin as ovdtin6_41_1_, receipts0_.ovtmin as ovtmin7_41_1_, receipts0_.ovuid as ovuid8_41_1_, receipts0_.ovdtlu as ovdtlu9_41_1_, receipts0_.ovtmlu as ovtmlu10_41_1_, receipts0_.ovuidm as ovuidm11_41_1_, receipts0_.ovacid as ovacid12_41_1_, receipts0_.ovcrcb as ovcrcb13_41_1_, receipts0_.ovicu as ovicu14_41_1_, receipts0_.ovicut as ovicut15_41_1_, receipts0_.ovitc02 as ovitc16_41_1_, receipts0_.ovbuid as ovbuid17_41_1_, receipts0_.ovitc01 as ovitc18_41_1_, receipts0_.ovcot as ovcot19_41_1_, receipts0_.ovcnid as ovcnid20_41_1_, receipts0_.ovcsdocdt as ovcsdoc21_41_1_, receipts0_.ovcsdocno as ovcsdoc22_41_1_, receipts0_.ovurtx as ovurtx23_41_1_, receipts0_.ovdccd as ovdccd24_41_1_, receipts0_.ovdcrt as ovdcrt25_41_1_, receipts0_.ovdocdt as ovdocdt26_41_1_, receipts0_.ovexcrt as ovexcrt27_41_1_, receipts0_.ovexpdt as ovexpdt28_41_1_, receipts0_.ovexcost as ovexcos29_41_1_, receipts0_.ovfec as ovfec30_41_1_, receipts0_.ovfta as ovfta31_41_1_, receipts0_.ovftb as ovftb32_41_1_, receipts0_.ovfuc as ovfuc33_41_1_, receipts0_.ovglcls as ovglcls34_41_1_, receipts0_.ovidd as ovidd35_41_1_, receipts0_.ovidn as ovidn36_41_1_, receipts0_.ovitt as ovitt37_41_1_, receipts0_.ovdocidt as ovdocid38_41_1_, receipts0_.ovdocino as ovdocin39_41_1_, receipts0_.ovdocisq as ovdocis40_41_1_, receipts0_.ovdocity as ovdocit41_41_1_, receipts0_.ovinum as ovinum42_41_1_, receipts0_.ovdesb1 as ovdesb43_41_1_, receipts0_.ovlcrt as ovlcrt44_41_1_, receipts0_.ovitc05 as ovitc45_41_1_, receipts0_.ovlst as ovlst46_41_1_, receipts0_.ovlvla as ovlvla47_41_1_, receipts0_.ovlnty as ovlnty48_41_1_, receipts0_.ovlocid as ovlocid49_41_1_, receipts0_.ovmatc as ovmatc50_41_1_, receipts0_.ovnst as ovnst51_41_1_, receipts0_.ovobid as ovobid52_41_1_, receipts0_.ovdocono as ovdocon53_41_1_, receipts0_.ovdocosq as ovdocos54_41_1_, receipts0_.ovdocoty as ovdocot55_41_1_, receipts0_.ovordocno as ovordoc56_41_1_, receipts0_.ovordocsq as ovordoc57_41_1_, receipts0_.ovordocty as ovordoc58_41_1_, receipts0_.ovptc as ovptc59_41_1_, receipts0_.ovpoa as ovpoa60_41_1_, receipts0_.ovpod as ovpod61_41_1_, receipts0_.ovpqot as ovpqot62_41_1_, receipts0_.ovuom1 as ovuom63_41_1_, receipts0_.ovpjid as ovpjid64_41_1_, receipts0_.ovpo03 as ovpo65_41_1_, receipts0_.ovpo01 as ovpo66_41_1_, receipts0_.ovpo02 as ovpo67_41_1_, receipts0_.ovqty as ovqty68_41_1_, receipts0_.ovrcdt as ovrcdt69_41_1_, receipts0_.ovrecid as ovrecid70_41_1_, receipts0_.ovvr04 as ovvr71_41_1_, receipts0_.ovvr01 as ovvr72_41_1_, receipts0_.ovvr03 as ovvr73_41_1_, receipts0_.ovvr05 as ovvr74_41_1_, receipts0_.ovvr02 as ovvr75_41_1_, receipts0_.ovrtgc as ovrtgc76_41_1_, receipts0_.ovsqot as ovsqot77_41_1_, receipts0_.ovuom2 as ovuom78_41_1_, receipts0_.ovsnlot as ovsnlot79_41_1_, receipts0_.ovtaxal as ovtaxal80_41_1_, receipts0_.ovtaxam as ovtaxam81_41_1_, receipts0_.ovtaxab as ovtaxab82_41_1_, receipts0_.ovtaxcd as ovtaxcd83_41_1_, receipts0_.ovtaxidt as ovtaxid84_41_1_, receipts0_.ovtaxino as ovtaxin85_41_1_, receipts0_.ovtaxrt as ovtaxrt86_41_1_, receipts0_.ovcrct as ovcrct87_41_1_, receipts0_.ovitc03 as ovitc88_41_1_, receipts0_.ovucf as ovucf89_41_1_, receipts0_.ovuncost as ovuncos90_41_1_, receipts0_.ovudc as ovudc91_41_1_, receipts0_.ovudf as ovudf92_41_1_, receipts0_.ovuom as ovuom93_41_1_, receipts0_.ovvnid as ovvnid94_41_1_, receipts0_.ovinvdt as ovinvdt95_41_1_, receipts0_.ovinvno as ovinvno96_41_1_ from t4312 receipts0_ where receipts0_.ovcoid=? and receipts0_.ovdocono=? and receipts0_.ovdocosq=? and receipts0_.ovdocoty=?
Hibernate: select receipts0_.ovcoid as ovcoid1_41_0_, receipts0_.ovdocono as ovdocon53_41_0_, receipts0_.ovdocosq as ovdocos54_41_0_, receipts0_.ovdocoty as ovdocot55_41_0_, receipts0_.ovdocno as ovdocno2_41_0_, receipts0_.ovdocty as ovdocty3_41_0_, receipts0_.ovdocsq as ovdocsq4_41_0_, receipts0_.ovcoid as ovcoid1_41_1_, receipts0_.ovdocno as ovdocno2_41_1_, receipts0_.ovdocty as ovdocty3_41_1_, receipts0_.ovdocsq as ovdocsq4_41_1_, receipts0_.ovcid as ovcid5_41_1_, receipts0_.ovdtin as ovdtin6_41_1_, receipts0_.ovtmin as ovtmin7_41_1_, receipts0_.ovuid as ovuid8_41_1_, receipts0_.ovdtlu as ovdtlu9_41_1_, receipts0_.ovtmlu as ovtmlu10_41_1_, receipts0_.ovuidm as ovuidm11_41_1_, receipts0_.ovacid as ovacid12_41_1_, receipts0_.ovcrcb as ovcrcb13_41_1_, receipts0_.ovicu as ovicu14_41_1_, receipts0_.ovicut as ovicut15_41_1_, receipts0_.ovitc02 as ovitc16_41_1_, receipts0_.ovbuid as ovbuid17_41_1_, receipts0_.ovitc01 as ovitc18_41_1_, receipts0_.ovcot as ovcot19_41_1_, receipts0_.ovcnid as ovcnid20_41_1_, receipts0_.ovcsdocdt as ovcsdoc21_41_1_, receipts0_.ovcsdocno as ovcsdoc22_41_1_, receipts0_.ovurtx as ovurtx23_41_1_, receipts0_.ovdccd as ovdccd24_41_1_, receipts0_.ovdcrt as ovdcrt25_41_1_, receipts0_.ovdocdt as ovdocdt26_41_1_, receipts0_.ovexcrt as ovexcrt27_41_1_, receipts0_.ovexpdt as ovexpdt28_41_1_, receipts0_.ovexcost as ovexcos29_41_1_, receipts0_.ovfec as ovfec30_41_1_, receipts0_.ovfta as ovfta31_41_1_, receipts0_.ovftb as ovftb32_41_1_, receipts0_.ovfuc as ovfuc33_41_1_, receipts0_.ovglcls as ovglcls34_41_1_, receipts0_.ovidd as ovidd35_41_1_, receipts0_.ovidn as ovidn36_41_1_, receipts0_.ovitt as ovitt37_41_1_, receipts0_.ovdocidt as ovdocid38_41_1_, receipts0_.ovdocino as ovdocin39_41_1_, receipts0_.ovdocisq as ovdocis40_41_1_, receipts0_.ovdocity as ovdocit41_41_1_, receipts0_.ovinum as ovinum42_41_1_, receipts0_.ovdesb1 as ovdesb43_41_1_, receipts0_.ovlcrt as ovlcrt44_41_1_, receipts0_.ovitc05 as ovitc45_41_1_, receipts0_.ovlst as ovlst46_41_1_, receipts0_.ovlvla as ovlvla47_41_1_, receipts0_.ovlnty as ovlnty48_41_1_, receipts0_.ovlocid as ovlocid49_41_1_, receipts0_.ovmatc as ovmatc50_41_1_, receipts0_.ovnst as ovnst51_41_1_, receipts0_.ovobid as ovobid52_41_1_, receipts0_.ovdocono as ovdocon53_41_1_, receipts0_.ovdocosq as ovdocos54_41_1_, receipts0_.ovdocoty as ovdocot55_41_1_, receipts0_.ovordocno as ovordoc56_41_1_, receipts0_.ovordocsq as ovordoc57_41_1_, receipts0_.ovordocty as ovordoc58_41_1_, receipts0_.ovptc as ovptc59_41_1_, receipts0_.ovpoa as ovpoa60_41_1_, receipts0_.ovpod as ovpod61_41_1_, receipts0_.ovpqot as ovpqot62_41_1_, receipts0_.ovuom1 as ovuom63_41_1_, receipts0_.ovpjid as ovpjid64_41_1_, receipts0_.ovpo03 as ovpo65_41_1_, receipts0_.ovpo01 as ovpo66_41_1_, receipts0_.ovpo02 as ovpo67_41_1_, receipts0_.ovqty as ovqty68_41_1_, receipts0_.ovrcdt as ovrcdt69_41_1_, receipts0_.ovrecid as ovrecid70_41_1_, receipts0_.ovvr04 as ovvr71_41_1_, receipts0_.ovvr01 as ovvr72_41_1_, receipts0_.ovvr03 as ovvr73_41_1_, receipts0_.ovvr05 as ovvr74_41_1_, receipts0_.ovvr02 as ovvr75_41_1_, receipts0_.ovrtgc as ovrtgc76_41_1_, receipts0_.ovsqot as ovsqot77_41_1_, receipts0_.ovuom2 as ovuom78_41_1_, receipts0_.ovsnlot as ovsnlot79_41_1_, receipts0_.ovtaxal as ovtaxal80_41_1_, receipts0_.ovtaxam as ovtaxam81_41_1_, receipts0_.ovtaxab as ovtaxab82_41_1_, receipts0_.ovtaxcd as ovtaxcd83_41_1_, receipts0_.ovtaxidt as ovtaxid84_41_1_, receipts0_.ovtaxino as ovtaxin85_41_1_, receipts0_.ovtaxrt as ovtaxrt86_41_1_, receipts0_.ovcrct as ovcrct87_41_1_, receipts0_.ovitc03 as ovitc88_41_1_, receipts0_.ovucf as ovucf89_41_1_, receipts0_.ovuncost as ovuncos90_41_1_, receipts0_.ovudc as ovudc91_41_1_, receipts0_.ovudf as ovudf92_41_1_, receipts0_.ovuom as ovuom93_41_1_, receipts0_.ovvnid as ovvnid94_41_1_, receipts0_.ovinvdt as ovinvdt95_41_1_, receipts0_.ovinvno as ovinvno96_41_1_ from t4312 receipts0_ where receipts0_.ovcoid=? and receipts0_.ovdocono=? and receipts0_.ovdocosq=? and receipts0_.ovdocoty=?
Hibernate: select receipts0_.ovcoid as ovcoid1_41_0_, receipts0_.ovdocono as ovdocon53_41_0_, receipts0_.ovdocosq as ovdocos54_41_0_, receipts0_.ovdocoty as ovdocot55_41_0_, receipts0_.ovdocno as ovdocno2_41_0_, receipts0_.ovdocty as ovdocty3_41_0_, receipts0_.ovdocsq as ovdocsq4_41_0_, receipts0_.ovcoid as ovcoid1_41_1_, receipts0_.ovdocno as ovdocno2_41_1_, receipts0_.ovdocty as ovdocty3_41_1_, receipts0_.ovdocsq as ovdocsq4_41_1_, receipts0_.ovcid as ovcid5_41_1_, receipts0_.ovdtin as ovdtin6_41_1_, receipts0_.ovtmin as ovtmin7_41_1_, receipts0_.ovuid as ovuid8_41_1_, receipts0_.ovdtlu as ovdtlu9_41_1_, receipts0_.ovtmlu as ovtmlu10_41_1_, receipts0_.ovuidm as ovuidm11_41_1_, receipts0_.ovacid as ovacid12_41_1_, receipts0_.ovcrcb as ovcrcb13_41_1_, receipts0_.ovicu as ovicu14_41_1_, receipts0_.ovicut as ovicut15_41_1_, receipts0_.ovitc02 as ovitc16_41_1_, receipts0_.ovbuid as ovbuid17_41_1_, receipts0_.ovitc01 as ovitc18_41_1_, receipts0_.ovcot as ovcot19_41_1_, receipts0_.ovcnid as ovcnid20_41_1_, receipts0_.ovcsdocdt as ovcsdoc21_41_1_, receipts0_.ovcsdocno as ovcsdoc22_41_1_, receipts0_.ovurtx as ovurtx23_41_1_, receipts0_.ovdccd as ovdccd24_41_1_, receipts0_.ovdcrt as ovdcrt25_41_1_, receipts0_.ovdocdt as ovdocdt26_41_1_, receipts0_.ovexcrt as ovexcrt27_41_1_, receipts0_.ovexpdt as ovexpdt28_41_1_, receipts0_.ovexcost as ovexcos29_41_1_, receipts0_.ovfec as ovfec30_41_1_, receipts0_.ovfta as ovfta31_41_1_, receipts0_.ovftb as ovftb32_41_1_, receipts0_.ovfuc as ovfuc33_41_1_, receipts0_.ovglcls as ovglcls34_41_1_, receipts0_.ovidd as ovidd35_41_1_, receipts0_.ovidn as ovidn36_41_1_, receipts0_.ovitt as ovitt37_41_1_, receipts0_.ovdocidt as ovdocid38_41_1_, receipts0_.ovdocino as ovdocin39_41_1_, receipts0_.ovdocisq as ovdocis40_41_1_, receipts0_.ovdocity as ovdocit41_41_1_, receipts0_.ovinum as ovinum42_41_1_, receipts0_.ovdesb1 as ovdesb43_41_1_, receipts0_.ovlcrt as ovlcrt44_41_1_, receipts0_.ovitc05 as ovitc45_41_1_, receipts0_.ovlst as ovlst46_41_1_, receipts0_.ovlvla as ovlvla47_41_1_, receipts0_.ovlnty as ovlnty48_41_1_, receipts0_.ovlocid as ovlocid49_41_1_, receipts0_.ovmatc as ovmatc50_41_1_, receipts0_.ovnst as ovnst51_41_1_, receipts0_.ovobid as ovobid52_41_1_, receipts0_.ovdocono as ovdocon53_41_1_, receipts0_.ovdocosq as ovdocos54_41_1_, receipts0_.ovdocoty as ovdocot55_41_1_, receipts0_.ovordocno as ovordoc56_41_1_, receipts0_.ovordocsq as ovordoc57_41_1_, receipts0_.ovordocty as ovordoc58_41_1_, receipts0_.ovptc as ovptc59_41_1_, receipts0_.ovpoa as ovpoa60_41_1_, receipts0_.ovpod as ovpod61_41_1_, receipts0_.ovpqot as ovpqot62_41_1_, receipts0_.ovuom1 as ovuom63_41_1_, receipts0_.ovpjid as ovpjid64_41_1_, receipts0_.ovpo03 as ovpo65_41_1_, receipts0_.ovpo01 as ovpo66_41_1_, receipts0_.ovpo02 as ovpo67_41_1_, receipts0_.ovqty as ovqty68_41_1_, receipts0_.ovrcdt as ovrcdt69_41_1_, receipts0_.ovrecid as ovrecid70_41_1_, receipts0_.ovvr04 as ovvr71_41_1_, receipts0_.ovvr01 as ovvr72_41_1_, receipts0_.ovvr03 as ovvr73_41_1_, receipts0_.ovvr05 as ovvr74_41_1_, receipts0_.ovvr02 as ovvr75_41_1_, receipts0_.ovrtgc as ovrtgc76_41_1_, receipts0_.ovsqot as ovsqot77_41_1_, receipts0_.ovuom2 as ovuom78_41_1_, receipts0_.ovsnlot as ovsnlot79_41_1_, receipts0_.ovtaxal as ovtaxal80_41_1_, receipts0_.ovtaxam as ovtaxam81_41_1_, receipts0_.ovtaxab as ovtaxab82_41_1_, receipts0_.ovtaxcd as ovtaxcd83_41_1_, receipts0_.ovtaxidt as ovtaxid84_41_1_, receipts0_.ovtaxino as ovtaxin85_41_1_, receipts0_.ovtaxrt as ovtaxrt86_41_1_, receipts0_.ovcrct as ovcrct87_41_1_, receipts0_.ovitc03 as ovitc88_41_1_, receipts0_.ovucf as ovucf89_41_1_, receipts0_.ovuncost as ovuncos90_41_1_, receipts0_.ovudc as ovudc91_41_1_, receipts0_.ovudf as ovudf92_41_1_, receipts0_.ovuom as ovuom93_41_1_, receipts0_.ovvnid as ovvnid94_41_1_, receipts0_.ovinvdt as ovinvdt95_41_1_, receipts0_.ovinvno as ovinvno96_41_1_ from t4312 receipts0_ where receipts0_.ovcoid=? and receipts0_.ovdocono=? and receipts0_.ovdocosq=? and receipts0_.ovdocoty=?
Hibernate: select count(purchasere0_.ovcoid) as col_0_0_ from t4312 purchasere0_ where purchasere0_.ovcoid=? and purchasere0_.ovdocno=? and purchasere0_.ovdocty=?
Hibernate: select nextnumber0_.ncdocty as ncdocty1_3_0_, nextnumber0_.nccid as nccid2_3_0_, nextnumber0_.ncdtin as ncdtin3_3_0_, nextnumber0_.nctmin as nctmin4_3_0_, nextnumber0_.ncuid as ncuid5_3_0_, nextnumber0_.ncdtlu as ncdtlu6_3_0_, nextnumber0_.nctmlu as nctmlu7_3_0_, nextnumber0_.ncuidm as ncuidm8_3_0_, nextnumber0_.ncinmo as ncinmo9_3_0_, nextnumber0_.ncinyr as ncinyr10_3_0_, nextnumber0_.ncrsmt as ncrsmt11_3_0_, nextnumber0_.ncrsat as ncrsat12_3_0_ from t0010n nextnumber0_ where nextnumber0_.ncdocty=?
Hibernate: select nextnumber0_.nncoid as nncoid1_0_0_, nextnumber0_.nndocbty as nndocbty2_0_0_, nextnumber0_.nnmo as nnmo3_0_0_, nextnumber0_.nnyr as nnyr4_0_0_, nextnumber0_.nncid as nncid5_0_0_, nextnumber0_.nndtin as nndtin6_0_0_, nextnumber0_.nntmin as nntmin7_0_0_, nextnumber0_.nnuid as nnuid8_0_0_, nextnumber0_.nndtlu as nndtlu9_0_0_, nextnumber0_.nntmlu as nntmlu10_0_0_, nextnumber0_.nnuidm as nnuidm11_0_0_, nextnumber0_.nnseq as nnseq12_0_0_ from t0002 nextnumber0_ where nextnumber0_.nncoid=? and nextnumber0_.nndocbty=? and nextnumber0_.nnmo=? and nextnumber0_.nnyr=?
Hibernate: select nextnumber0_.nncoid as nncoid1_0_0_, nextnumber0_.nndocbty as nndocbty2_0_0_, nextnumber0_.nnmo as nnmo3_0_0_, nextnumber0_.nnyr as nnyr4_0_0_, nextnumber0_.nncid as nncid5_0_0_, nextnumber0_.nndtin as nndtin6_0_0_, nextnumber0_.nntmin as nntmin7_0_0_, nextnumber0_.nnuid as nnuid8_0_0_, nextnumber0_.nndtlu as nndtlu9_0_0_, nextnumber0_.nntmlu as nntmlu10_0_0_, nextnumber0_.nnuidm as nnuidm11_0_0_, nextnumber0_.nnseq as nnseq12_0_0_ from t0002 nextnumber0_ where nextnumber0_.nncoid=? and nextnumber0_.nndocbty=? and nextnumber0_.nnmo=? and nextnumber0_.nnyr=?
Hibernate: select itemmaster0_.iminum as iminum1_31_0_, itemmaster0_.imcid as imcid2_31_0_, itemmaster0_.imdtin as imdtin3_31_0_, itemmaster0_.imtmin as imtmin4_31_0_, itemmaster0_.imuid as imuid5_31_0_, itemmaster0_.imdtlu as imdtlu6_31_0_, itemmaster0_.imtmlu as imtmlu7_31_0_, itemmaster0_.imuidm as imuidm8_31_0_, itemmaster0_.iminumb as iminumb9_31_0_, itemmaster0_.imctm as imctm10_31_0_, itemmaster0_.imitc02 as imitc11_31_0_, itemmaster0_.imitc01 as imitc12_31_0_, itemmaster0_.imitc10 as imitc13_31_0_, itemmaster0_.imitc04 as imitc14_31_0_, itemmaster0_.imitc06 as imitc15_31_0_, itemmaster0_.imitc07 as imitc16_31_0_, itemmaster0_.imitc08 as imitc17_31_0_, itemmaster0_.imitc09 as imitc18_31_0_, itemmaster0_.imitc05 as imitc19_31_0_, itemmaster0_.imslrc0 as imslrc20_31_0_, itemmaster0_.imslrc1 as imslrc21_31_0_, itemmaster0_.imslrc2 as imslrc22_31_0_, itemmaster0_.imslrc3 as imslrc23_31_0_, itemmaster0_.imslrc4 as imslrc24_31_0_, itemmaster0_.imslrc5 as imslrc25_31_0_, itemmaster0_.imslrc6 as imslrc26_31_0_, itemmaster0_.imslrc7 as imslrc27_31_0_, itemmaster0_.imslrc8 as imslrc28_31_0_, itemmaster0_.imslrc9 as imslrc29_31_0_, itemmaster0_.imitc03 as imitc30_31_0_, itemmaster0_.imdesb1 as imdesb31_31_0_, itemmaster0_.imdesd1 as imdesd32_31_0_, itemmaster0_.imglcls as imglcls33_31_0_, itemmaster0_.imicl as imicl34_31_0_, itemmaster0_.imilc as imilc35_31_0_, itemmaster0_.iminums as iminums36_31_0_, itemmaster0_.imipg as imipg37_31_0_, itemmaster0_.imlsc as imlsc38_31_0_, itemmaster0_.imdaqc as imdaqc39_31_0_, itemmaster0_.imgscrt as imgscrt40_31_0_, itemmaster0_.imsiops as imsiops41_31_0_, itemmaster0_.imbpid as imbpid42_31_0_, itemmaster0_.imcsid as imcsid43_31_0_, itemmaster0_.imudf as imudf44_31_0_, itemmaster0_.impmmf as impmmf45_31_0_, itemmaster0_.imrbii as imrbii46_31_0_, itemmaster0_.imrbim as imrbim47_31_0_, itemmaster0_.imrbis as imrbis48_31_0_, itemmaster0_.imvnid as imvnid49_31_0_, itemmaster0_.imtaxpc as imtaxpc50_31_0_, itemmaster0_.imtaxsc as imtaxsc51_31_0_, itemmaster0_.iminump as iminump52_31_0_, itemmaster0_.implg as implg53_31_0_, itemmaster0_.imppl as imppl54_31_0_, itemmaster0_.imspl as imspl55_31_0_, itemmaster0_.imsnr as imsnr56_31_0_, itemmaster0_.imskty as imskty57_31_0_, itemmaster0_.imlnty as imlnty58_31_0_, itemmaster0_.imuom9 as imuom59_31_0_, itemmaster0_.imdppo as imdppo60_31_0_, itemmaster0_.imdlum as imdlum61_31_0_, itemmaster0_.imdlump as imdlump62_31_0_, itemmaster0_.imdlumt as imdlumt63_31_0_, itemmaster0_.imuom5 as imuom64_31_0_, itemmaster0_.imuom1 as imuom65_31_0_, itemmaster0_.imuom8 as imuom66_31_0_, itemmaster0_.imuom3 as imuom67_31_0_, itemmaster0_.imuom4 as imuom68_31_0_, itemmaster0_.imuom2 as imuom69_31_0_, itemmaster0_.imuom6 as imuom70_31_0_, itemmaster0_.imuoms as imuoms71_31_0_, itemmaster0_.imuomt as imuomt72_31_0_, itemmaster0_.imuomv as imuomv73_31_0_, itemmaster0_.imwcf as imwcf74_31_0_, itemmaster0_.imuomw as imuomw75_31_0_, itemmaster0_.imvict as imvict76_31_0_ from t4101 itemmaster0_ where itemmaster0_.iminum=?
Hibernate: select stocktrans0_.itcoid as itcoid1_35_0_, stocktrans0_.itdocno as itdocno2_35_0_, stocktrans0_.itdocty as itdocty3_35_0_, stocktrans0_.itdocsq as itdocsq4_35_0_, stocktrans0_.itcid as itcid5_35_0_, stocktrans0_.itdtin as itdtin6_35_0_, stocktrans0_.ittmin as ittmin7_35_0_, stocktrans0_.ituid as ituid8_35_0_, stocktrans0_.itdtlu as itdtlu9_35_0_, stocktrans0_.ittmlu as ittmlu10_35_0_, stocktrans0_.ituidm as ituidm11_35_0_, stocktrans0_.iticu as iticu12_35_0_, stocktrans0_.itpost as itpost13_35_0_, stocktrans0_.iticut as iticut14_35_0_, stocktrans0_.itanum as itanum15_35_0_, stocktrans0_.itst as itst16_35_0_, stocktrans0_.itbuid as itbuid17_35_0_, stocktrans0_.itdesb2 as itdesb18_35_0_, stocktrans0_.itdocdt as itdocdt19_35_0_, stocktrans0_.itdocmo as itdocmo20_35_0_, stocktrans0_.itdoctm as itdoctm21_35_0_, stocktrans0_.itdocyr as itdocyr22_35_0_, stocktrans0_.itexpdt as itexpdt23_35_0_, stocktrans0_.itexcost as itexcos24_35_0_, stocktrans0_.itft as itft25_35_0_, stocktrans0_.itglcls as itglcls26_35_0_, stocktrans0_.itgldt as itgldt27_35_0_, stocktrans0_.itipcd as itipcd28_35_0_, stocktrans0_.ititt as ititt29_35_0_, stocktrans0_.itinum as itinum30_35_0_, stocktrans0_.itdesb1 as itdesb31_35_0_, stocktrans0_.itlocid as itlocid32_35_0_, stocktrans0_.itobid as itobid33_35_0_, stocktrans0_.itdocono as itdocon34_35_0_, stocktrans0_.itdocosq as itdocos35_35_0_, stocktrans0_.itdocoty as itdocot36_35_0_, stocktrans0_.itpqot as itpqot37_35_0_, stocktrans0_.ituom1 as ituom38_35_0_, stocktrans0_.itqty as itqty39_35_0_, stocktrans0_.itrecid as itrecid40_35_0_, stocktrans0_.itrldocno as itrldoc41_35_0_, stocktrans0_.itrldocsq as itrldoc42_35_0_, stocktrans0_.itrldocty as itrldoc43_35_0_, stocktrans0_.itsqot as itsqot44_35_0_, stocktrans0_.ituom2 as ituom45_35_0_, stocktrans0_.itsnlot as itsnlot46_35_0_, stocktrans0_.itucf as itucf47_35_0_, stocktrans0_.ituncost as ituncos48_35_0_, stocktrans0_.ituom as ituom49_35_0_, stocktrans0_.itdvs as itdvs50_35_0_ from t4111 stocktrans0_ where stocktrans0_.itcoid=? and stocktrans0_.itdocno=? and stocktrans0_.itdocty=? and stocktrans0_.itdocsq=?
Hibernate: select itemmaster0_.iminum as iminum1_31_0_, itemmaster0_.imcid as imcid2_31_0_, itemmaster0_.imdtin as imdtin3_31_0_, itemmaster0_.imtmin as imtmin4_31_0_, itemmaster0_.imuid as imuid5_31_0_, itemmaster0_.imdtlu as imdtlu6_31_0_, itemmaster0_.imtmlu as imtmlu7_31_0_, itemmaster0_.imuidm as imuidm8_31_0_, itemmaster0_.iminumb as iminumb9_31_0_, itemmaster0_.imctm as imctm10_31_0_, itemmaster0_.imitc02 as imitc11_31_0_, itemmaster0_.imitc01 as imitc12_31_0_, itemmaster0_.imitc10 as imitc13_31_0_, itemmaster0_.imitc04 as imitc14_31_0_, itemmaster0_.imitc06 as imitc15_31_0_, itemmaster0_.imitc07 as imitc16_31_0_, itemmaster0_.imitc08 as imitc17_31_0_, itemmaster0_.imitc09 as imitc18_31_0_, itemmaster0_.imitc05 as imitc19_31_0_, itemmaster0_.imslrc0 as imslrc20_31_0_, itemmaster0_.imslrc1 as imslrc21_31_0_, itemmaster0_.imslrc2 as imslrc22_31_0_, itemmaster0_.imslrc3 as imslrc23_31_0_, itemmaster0_.imslrc4 as imslrc24_31_0_, itemmaster0_.imslrc5 as imslrc25_31_0_, itemmaster0_.imslrc6 as imslrc26_31_0_, itemmaster0_.imslrc7 as imslrc27_31_0_, itemmaster0_.imslrc8 as imslrc28_31_0_, itemmaster0_.imslrc9 as imslrc29_31_0_, itemmaster0_.imitc03 as imitc30_31_0_, itemmaster0_.imdesb1 as imdesb31_31_0_, itemmaster0_.imdesd1 as imdesd32_31_0_, itemmaster0_.imglcls as imglcls33_31_0_, itemmaster0_.imicl as imicl34_31_0_, itemmaster0_.imilc as imilc35_31_0_, itemmaster0_.iminums as iminums36_31_0_, itemmaster0_.imipg as imipg37_31_0_, itemmaster0_.imlsc as imlsc38_31_0_, itemmaster0_.imdaqc as imdaqc39_31_0_, itemmaster0_.imgscrt as imgscrt40_31_0_, itemmaster0_.imsiops as imsiops41_31_0_, itemmaster0_.imbpid as imbpid42_31_0_, itemmaster0_.imcsid as imcsid43_31_0_, itemmaster0_.imudf as imudf44_31_0_, itemmaster0_.impmmf as impmmf45_31_0_, itemmaster0_.imrbii as imrbii46_31_0_, itemmaster0_.imrbim as imrbim47_31_0_, itemmaster0_.imrbis as imrbis48_31_0_, itemmaster0_.imvnid as imvnid49_31_0_, itemmaster0_.imtaxpc as imtaxpc50_31_0_, itemmaster0_.imtaxsc as imtaxsc51_31_0_, itemmaster0_.iminump as iminump52_31_0_, itemmaster0_.implg as implg53_31_0_, itemmaster0_.imppl as imppl54_31_0_, itemmaster0_.imspl as imspl55_31_0_, itemmaster0_.imsnr as imsnr56_31_0_, itemmaster0_.imskty as imskty57_31_0_, itemmaster0_.imlnty as imlnty58_31_0_, itemmaster0_.imuom9 as imuom59_31_0_, itemmaster0_.imdppo as imdppo60_31_0_, itemmaster0_.imdlum as imdlum61_31_0_, itemmaster0_.imdlump as imdlump62_31_0_, itemmaster0_.imdlumt as imdlumt63_31_0_, itemmaster0_.imuom5 as imuom64_31_0_, itemmaster0_.imuom1 as imuom65_31_0_, itemmaster0_.imuom8 as imuom66_31_0_, itemmaster0_.imuom3 as imuom67_31_0_, itemmaster0_.imuom4 as imuom68_31_0_, itemmaster0_.imuom2 as imuom69_31_0_, itemmaster0_.imuom6 as imuom70_31_0_, itemmaster0_.imuoms as imuoms71_31_0_, itemmaster0_.imuomt as imuomt72_31_0_, itemmaster0_.imuomv as imuomv73_31_0_, itemmaster0_.imwcf as imwcf74_31_0_, itemmaster0_.imuomw as imuomw75_31_0_, itemmaster0_.imvict as imvict76_31_0_ from t4101 itemmaster0_ where itemmaster0_.iminum=?
Hibernate: select itemmaster0_.iminum as iminum1_31_0_, itemmaster0_.imcid as imcid2_31_0_, itemmaster0_.imdtin as imdtin3_31_0_, itemmaster0_.imtmin as imtmin4_31_0_, itemmaster0_.imuid as imuid5_31_0_, itemmaster0_.imdtlu as imdtlu6_31_0_, itemmaster0_.imtmlu as imtmlu7_31_0_, itemmaster0_.imuidm as imuidm8_31_0_, itemmaster0_.iminumb as iminumb9_31_0_, itemmaster0_.imctm as imctm10_31_0_, itemmaster0_.imitc02 as imitc11_31_0_, itemmaster0_.imitc01 as imitc12_31_0_, itemmaster0_.imitc10 as imitc13_31_0_, itemmaster0_.imitc04 as imitc14_31_0_, itemmaster0_.imitc06 as imitc15_31_0_, itemmaster0_.imitc07 as imitc16_31_0_, itemmaster0_.imitc08 as imitc17_31_0_, itemmaster0_.imitc09 as imitc18_31_0_, itemmaster0_.imitc05 as imitc19_31_0_, itemmaster0_.imslrc0 as imslrc20_31_0_, itemmaster0_.imslrc1 as imslrc21_31_0_, itemmaster0_.imslrc2 as imslrc22_31_0_, itemmaster0_.imslrc3 as imslrc23_31_0_, itemmaster0_.imslrc4 as imslrc24_31_0_, itemmaster0_.imslrc5 as imslrc25_31_0_, itemmaster0_.imslrc6 as imslrc26_31_0_, itemmaster0_.imslrc7 as imslrc27_31_0_, itemmaster0_.imslrc8 as imslrc28_31_0_, itemmaster0_.imslrc9 as imslrc29_31_0_, itemmaster0_.imitc03 as imitc30_31_0_, itemmaster0_.imdesb1 as imdesb31_31_0_, itemmaster0_.imdesd1 as imdesd32_31_0_, itemmaster0_.imglcls as imglcls33_31_0_, itemmaster0_.imicl as imicl34_31_0_, itemmaster0_.imilc as imilc35_31_0_, itemmaster0_.iminums as iminums36_31_0_, itemmaster0_.imipg as imipg37_31_0_, itemmaster0_.imlsc as imlsc38_31_0_, itemmaster0_.imdaqc as imdaqc39_31_0_, itemmaster0_.imgscrt as imgscrt40_31_0_, itemmaster0_.imsiops as imsiops41_31_0_, itemmaster0_.imbpid as imbpid42_31_0_, itemmaster0_.imcsid as imcsid43_31_0_, itemmaster0_.imudf as imudf44_31_0_, itemmaster0_.impmmf as impmmf45_31_0_, itemmaster0_.imrbii as imrbii46_31_0_, itemmaster0_.imrbim as imrbim47_31_0_, itemmaster0_.imrbis as imrbis48_31_0_, itemmaster0_.imvnid as imvnid49_31_0_, itemmaster0_.imtaxpc as imtaxpc50_31_0_, itemmaster0_.imtaxsc as imtaxsc51_31_0_, itemmaster0_.iminump as iminump52_31_0_, itemmaster0_.implg as implg53_31_0_, itemmaster0_.imppl as imppl54_31_0_, itemmaster0_.imspl as imspl55_31_0_, itemmaster0_.imsnr as imsnr56_31_0_, itemmaster0_.imskty as imskty57_31_0_, itemmaster0_.imlnty as imlnty58_31_0_, itemmaster0_.imuom9 as imuom59_31_0_, itemmaster0_.imdppo as imdppo60_31_0_, itemmaster0_.imdlum as imdlum61_31_0_, itemmaster0_.imdlump as imdlump62_31_0_, itemmaster0_.imdlumt as imdlumt63_31_0_, itemmaster0_.imuom5 as imuom64_31_0_, itemmaster0_.imuom1 as imuom65_31_0_, itemmaster0_.imuom8 as imuom66_31_0_, itemmaster0_.imuom3 as imuom67_31_0_, itemmaster0_.imuom4 as imuom68_31_0_, itemmaster0_.imuom2 as imuom69_31_0_, itemmaster0_.imuom6 as imuom70_31_0_, itemmaster0_.imuoms as imuoms71_31_0_, itemmaster0_.imuomt as imuomt72_31_0_, itemmaster0_.imuomv as imuomv73_31_0_, itemmaster0_.imwcf as imwcf74_31_0_, itemmaster0_.imuomw as imuomw75_31_0_, itemmaster0_.imvict as imvict76_31_0_ from t4101 itemmaster0_ where itemmaster0_.iminum=?
Hibernate: select lotmaster0_.ltbuid as ltbuid1_34_0_, lotmaster0_.ltinum as ltinum2_34_0_, lotmaster0_.ltsnlot as ltsnlot3_34_0_, lotmaster0_.ltcid as ltcid4_34_0_, lotmaster0_.ltdtin as ltdtin5_34_0_, lotmaster0_.lttmin as lttmin6_34_0_, lotmaster0_.ltuid as ltuid7_34_0_, lotmaster0_.ltdtlu as ltdtlu8_34_0_, lotmaster0_.lttmlu as lttmlu9_34_0_, lotmaster0_.ltuidm as ltuidm10_34_0_, lotmaster0_.ltbodt as ltbodt11_34_0_, lotmaster0_.ltbbdt as ltbbdt12_34_0_, lotmaster0_.ltcldt as ltcldt13_34_0_, lotmaster0_.ltexpdt as ltexpdt14_34_0_, lotmaster0_.ltldsc as ltldsc15_34_0_, lotmaster0_.ltledt as ltledt16_34_0_, lotmaster0_.ltlsc as ltlsc17_34_0_, lotmaster0_.ltmlot1 as ltmlot18_34_0_, lotmaster0_.ltmlot2 as ltmlot19_34_0_, lotmaster0_.ltmlot3 as ltmlot20_34_0_, lotmaster0_.ltohdt as ltohdt21_34_0_, lotmaster0_.ltsern as ltsern22_34_0_ from t4108 lotmaster0_ where lotmaster0_.ltbuid=? and lotmaster0_.ltinum=? and lotmaster0_.ltsnlot=?
Hibernate: select lotmaster0_.ltbuid as ltbuid1_34_0_, lotmaster0_.ltinum as ltinum2_34_0_, lotmaster0_.ltsnlot as ltsnlot3_34_0_, lotmaster0_.ltcid as ltcid4_34_0_, lotmaster0_.ltdtin as ltdtin5_34_0_, lotmaster0_.lttmin as lttmin6_34_0_, lotmaster0_.ltuid as ltuid7_34_0_, lotmaster0_.ltdtlu as ltdtlu8_34_0_, lotmaster0_.lttmlu as lttmlu9_34_0_, lotmaster0_.ltuidm as ltuidm10_34_0_, lotmaster0_.ltbodt as ltbodt11_34_0_, lotmaster0_.ltbbdt as ltbbdt12_34_0_, lotmaster0_.ltcldt as ltcldt13_34_0_, lotmaster0_.ltexpdt as ltexpdt14_34_0_, lotmaster0_.ltldsc as ltldsc15_34_0_, lotmaster0_.ltledt as ltledt16_34_0_, lotmaster0_.ltlsc as ltlsc17_34_0_, lotmaster0_.ltmlot1 as ltmlot18_34_0_, lotmaster0_.ltmlot2 as ltmlot19_34_0_, lotmaster0_.ltmlot3 as ltmlot20_34_0_, lotmaster0_.ltohdt as ltohdt21_34_0_, lotmaster0_.ltsern as ltsern22_34_0_ from t4108 lotmaster0_ where lotmaster0_.ltbuid=? and lotmaster0_.ltinum=? and lotmaster0_.ltsnlot=?
Hibernate: select lotmaster0_.ltbuid as ltbuid1_34_0_, lotmaster0_.ltinum as ltinum2_34_0_, lotmaster0_.ltsnlot as ltsnlot3_34_0_, lotmaster0_.ltcid as ltcid4_34_0_, lotmaster0_.ltdtin as ltdtin5_34_0_, lotmaster0_.lttmin as lttmin6_34_0_, lotmaster0_.ltuid as ltuid7_34_0_, lotmaster0_.ltdtlu as ltdtlu8_34_0_, lotmaster0_.lttmlu as lttmlu9_34_0_, lotmaster0_.ltuidm as ltuidm10_34_0_, lotmaster0_.ltbodt as ltbodt11_34_0_, lotmaster0_.ltbbdt as ltbbdt12_34_0_, lotmaster0_.ltcldt as ltcldt13_34_0_, lotmaster0_.ltexpdt as ltexpdt14_34_0_, lotmaster0_.ltldsc as ltldsc15_34_0_, lotmaster0_.ltledt as ltledt16_34_0_, lotmaster0_.ltlsc as ltlsc17_34_0_, lotmaster0_.ltmlot1 as ltmlot18_34_0_, lotmaster0_.ltmlot2 as ltmlot19_34_0_, lotmaster0_.ltmlot3 as ltmlot20_34_0_, lotmaster0_.ltohdt as ltohdt21_34_0_, lotmaster0_.ltsern as ltsern22_34_0_ from t4108 lotmaster0_ where lotmaster0_.ltbuid=? and lotmaster0_.ltinum=? and lotmaster0_.ltsnlot=?
Hibernate: select stocktrans0_.itcoid as itcoid1_35_0_, stocktrans0_.itdocno as itdocno2_35_0_, stocktrans0_.itdocty as itdocty3_35_0_, stocktrans0_.itdocsq as itdocsq4_35_0_, stocktrans0_.itcid as itcid5_35_0_, stocktrans0_.itdtin as itdtin6_35_0_, stocktrans0_.ittmin as ittmin7_35_0_, stocktrans0_.ituid as ituid8_35_0_, stocktrans0_.itdtlu as itdtlu9_35_0_, stocktrans0_.ittmlu as ittmlu10_35_0_, stocktrans0_.ituidm as ituidm11_35_0_, stocktrans0_.iticu as iticu12_35_0_, stocktrans0_.itpost as itpost13_35_0_, stocktrans0_.iticut as iticut14_35_0_, stocktrans0_.itanum as itanum15_35_0_, stocktrans0_.itst as itst16_35_0_, stocktrans0_.itbuid as itbuid17_35_0_, stocktrans0_.itdesb2 as itdesb18_35_0_, stocktrans0_.itdocdt as itdocdt19_35_0_, stocktrans0_.itdocmo as itdocmo20_35_0_, stocktrans0_.itdoctm as itdoctm21_35_0_, stocktrans0_.itdocyr as itdocyr22_35_0_, stocktrans0_.itexpdt as itexpdt23_35_0_, stocktrans0_.itexcost as itexcos24_35_0_, stocktrans0_.itft as itft25_35_0_, stocktrans0_.itglcls as itglcls26_35_0_, stocktrans0_.itgldt as itgldt27_35_0_, stocktrans0_.itipcd as itipcd28_35_0_, stocktrans0_.ititt as ititt29_35_0_, stocktrans0_.itinum as itinum30_35_0_, stocktrans0_.itdesb1 as itdesb31_35_0_, stocktrans0_.itlocid as itlocid32_35_0_, stocktrans0_.itobid as itobid33_35_0_, stocktrans0_.itdocono as itdocon34_35_0_, stocktrans0_.itdocosq as itdocos35_35_0_, stocktrans0_.itdocoty as itdocot36_35_0_, stocktrans0_.itpqot as itpqot37_35_0_, stocktrans0_.ituom1 as ituom38_35_0_, stocktrans0_.itqty as itqty39_35_0_, stocktrans0_.itrecid as itrecid40_35_0_, stocktrans0_.itrldocno as itrldoc41_35_0_, stocktrans0_.itrldocsq as itrldoc42_35_0_, stocktrans0_.itrldocty as itrldoc43_35_0_, stocktrans0_.itsqot as itsqot44_35_0_, stocktrans0_.ituom2 as ituom45_35_0_, stocktrans0_.itsnlot as itsnlot46_35_0_, stocktrans0_.itucf as itucf47_35_0_, stocktrans0_.ituncost as ituncos48_35_0_, stocktrans0_.ituom as ituom49_35_0_, stocktrans0_.itdvs as itdvs50_35_0_ from t4111 stocktrans0_ where stocktrans0_.itcoid=? and stocktrans0_.itdocno=? and stocktrans0_.itdocty=? and stocktrans0_.itdocsq=?
Hibernate: select purchasere0_.ovcoid as ovcoid1_41_0_, purchasere0_.ovdocno as ovdocno2_41_0_, purchasere0_.ovdocty as ovdocty3_41_0_, purchasere0_.ovdocsq as ovdocsq4_41_0_, purchasere0_.ovcid as ovcid5_41_0_, purchasere0_.ovdtin as ovdtin6_41_0_, purchasere0_.ovtmin as ovtmin7_41_0_, purchasere0_.ovuid as ovuid8_41_0_, purchasere0_.ovdtlu as ovdtlu9_41_0_, purchasere0_.ovtmlu as ovtmlu10_41_0_, purchasere0_.ovuidm as ovuidm11_41_0_, purchasere0_.ovacid as ovacid12_41_0_, purchasere0_.ovcrcb as ovcrcb13_41_0_, purchasere0_.ovicu as ovicu14_41_0_, purchasere0_.ovicut as ovicut15_41_0_, purchasere0_.ovitc02 as ovitc16_41_0_, purchasere0_.ovbuid as ovbuid17_41_0_, purchasere0_.ovitc01 as ovitc18_41_0_, purchasere0_.ovcot as ovcot19_41_0_, purchasere0_.ovcnid as ovcnid20_41_0_, purchasere0_.ovcsdocdt as ovcsdoc21_41_0_, purchasere0_.ovcsdocno as ovcsdoc22_41_0_, purchasere0_.ovurtx as ovurtx23_41_0_, purchasere0_.ovdccd as ovdccd24_41_0_, purchasere0_.ovdcrt as ovdcrt25_41_0_, purchasere0_.ovdocdt as ovdocdt26_41_0_, purchasere0_.ovexcrt as ovexcrt27_41_0_, purchasere0_.ovexpdt as ovexpdt28_41_0_, purchasere0_.ovexcost as ovexcos29_41_0_, purchasere0_.ovfec as ovfec30_41_0_, purchasere0_.ovfta as ovfta31_41_0_, purchasere0_.ovftb as ovftb32_41_0_, purchasere0_.ovfuc as ovfuc33_41_0_, purchasere0_.ovglcls as ovglcls34_41_0_, purchasere0_.ovidd as ovidd35_41_0_, purchasere0_.ovidn as ovidn36_41_0_, purchasere0_.ovitt as ovitt37_41_0_, purchasere0_.ovdocidt as ovdocid38_41_0_, purchasere0_.ovdocino as ovdocin39_41_0_, purchasere0_.ovdocisq as ovdocis40_41_0_, purchasere0_.ovdocity as ovdocit41_41_0_, purchasere0_.ovinum as ovinum42_41_0_, purchasere0_.ovdesb1 as ovdesb43_41_0_, purchasere0_.ovlcrt as ovlcrt44_41_0_, purchasere0_.ovitc05 as ovitc45_41_0_, purchasere0_.ovlst as ovlst46_41_0_, purchasere0_.ovlvla as ovlvla47_41_0_, purchasere0_.ovlnty as ovlnty48_41_0_, purchasere0_.ovlocid as ovlocid49_41_0_, purchasere0_.ovmatc as ovmatc50_41_0_, purchasere0_.ovnst as ovnst51_41_0_, purchasere0_.ovobid as ovobid52_41_0_, purchasere0_.ovdocono as ovdocon53_41_0_, purchasere0_.ovdocosq as ovdocos54_41_0_, purchasere0_.ovdocoty as ovdocot55_41_0_, purchasere0_.ovordocno as ovordoc56_41_0_, purchasere0_.ovordocsq as ovordoc57_41_0_, purchasere0_.ovordocty as ovordoc58_41_0_, purchasere0_.ovptc as ovptc59_41_0_, purchasere0_.ovpoa as ovpoa60_41_0_, purchasere0_.ovpod as ovpod61_41_0_, purchasere0_.ovpqot as ovpqot62_41_0_, purchasere0_.ovuom1 as ovuom63_41_0_, purchasere0_.ovpjid as ovpjid64_41_0_, purchasere0_.ovpo03 as ovpo65_41_0_, purchasere0_.ovpo01 as ovpo66_41_0_, purchasere0_.ovpo02 as ovpo67_41_0_, purchasere0_.ovqty as ovqty68_41_0_, purchasere0_.ovrcdt as ovrcdt69_41_0_, purchasere0_.ovrecid as ovrecid70_41_0_, purchasere0_.ovvr04 as ovvr71_41_0_, purchasere0_.ovvr01 as ovvr72_41_0_, purchasere0_.ovvr03 as ovvr73_41_0_, purchasere0_.ovvr05 as ovvr74_41_0_, purchasere0_.ovvr02 as ovvr75_41_0_, purchasere0_.ovrtgc as ovrtgc76_41_0_, purchasere0_.ovsqot as ovsqot77_41_0_, purchasere0_.ovuom2 as ovuom78_41_0_, purchasere0_.ovsnlot as ovsnlot79_41_0_, purchasere0_.ovtaxal as ovtaxal80_41_0_, purchasere0_.ovtaxam as ovtaxam81_41_0_, purchasere0_.ovtaxab as ovtaxab82_41_0_, purchasere0_.ovtaxcd as ovtaxcd83_41_0_, purchasere0_.ovtaxidt as ovtaxid84_41_0_, purchasere0_.ovtaxino as ovtaxin85_41_0_, purchasere0_.ovtaxrt as ovtaxrt86_41_0_, purchasere0_.ovcrct as ovcrct87_41_0_, purchasere0_.ovitc03 as ovitc88_41_0_, purchasere0_.ovucf as ovucf89_41_0_, purchasere0_.ovuncost as ovuncos90_41_0_, purchasere0_.ovudc as ovudc91_41_0_, purchasere0_.ovudf as ovudf92_41_0_, purchasere0_.ovuom as ovuom93_41_0_, purchasere0_.ovvnid as ovvnid94_41_0_, purchasere0_.ovinvdt as ovinvdt95_41_0_, purchasere0_.ovinvno as ovinvno96_41_0_ from t4312 purchasere0_ where purchasere0_.ovcoid=? and purchasere0_.ovdocno=? and purchasere0_.ovdocty=? and purchasere0_.ovdocsq=?
Hibernate: select purchasere0_.ovcoid as ovcoid1_41_0_, purchasere0_.ovdocno as ovdocno2_41_0_, purchasere0_.ovdocty as ovdocty3_41_0_, purchasere0_.ovdocsq as ovdocsq4_41_0_, purchasere0_.ovcid as ovcid5_41_0_, purchasere0_.ovdtin as ovdtin6_41_0_, purchasere0_.ovtmin as ovtmin7_41_0_, purchasere0_.ovuid as ovuid8_41_0_, purchasere0_.ovdtlu as ovdtlu9_41_0_, purchasere0_.ovtmlu as ovtmlu10_41_0_, purchasere0_.ovuidm as ovuidm11_41_0_, purchasere0_.ovacid as ovacid12_41_0_, purchasere0_.ovcrcb as ovcrcb13_41_0_, purchasere0_.ovicu as ovicu14_41_0_, purchasere0_.ovicut as ovicut15_41_0_, purchasere0_.ovitc02 as ovitc16_41_0_, purchasere0_.ovbuid as ovbuid17_41_0_, purchasere0_.ovitc01 as ovitc18_41_0_, purchasere0_.ovcot as ovcot19_41_0_, purchasere0_.ovcnid as ovcnid20_41_0_, purchasere0_.ovcsdocdt as ovcsdoc21_41_0_, purchasere0_.ovcsdocno as ovcsdoc22_41_0_, purchasere0_.ovurtx as ovurtx23_41_0_, purchasere0_.ovdccd as ovdccd24_41_0_, purchasere0_.ovdcrt as ovdcrt25_41_0_, purchasere0_.ovdocdt as ovdocdt26_41_0_, purchasere0_.ovexcrt as ovexcrt27_41_0_, purchasere0_.ovexpdt as ovexpdt28_41_0_, purchasere0_.ovexcost as ovexcos29_41_0_, purchasere0_.ovfec as ovfec30_41_0_, purchasere0_.ovfta as ovfta31_41_0_, purchasere0_.ovftb as ovftb32_41_0_, purchasere0_.ovfuc as ovfuc33_41_0_, purchasere0_.ovglcls as ovglcls34_41_0_, purchasere0_.ovidd as ovidd35_41_0_, purchasere0_.ovidn as ovidn36_41_0_, purchasere0_.ovitt as ovitt37_41_0_, purchasere0_.ovdocidt as ovdocid38_41_0_, purchasere0_.ovdocino as ovdocin39_41_0_, purchasere0_.ovdocisq as ovdocis40_41_0_, purchasere0_.ovdocity as ovdocit41_41_0_, purchasere0_.ovinum as ovinum42_41_0_, purchasere0_.ovdesb1 as ovdesb43_41_0_, purchasere0_.ovlcrt as ovlcrt44_41_0_, purchasere0_.ovitc05 as ovitc45_41_0_, purchasere0_.ovlst as ovlst46_41_0_, purchasere0_.ovlvla as ovlvla47_41_0_, purchasere0_.ovlnty as ovlnty48_41_0_, purchasere0_.ovlocid as ovlocid49_41_0_, purchasere0_.ovmatc as ovmatc50_41_0_, purchasere0_.ovnst as ovnst51_41_0_, purchasere0_.ovobid as ovobid52_41_0_, purchasere0_.ovdocono as ovdocon53_41_0_, purchasere0_.ovdocosq as ovdocos54_41_0_, purchasere0_.ovdocoty as ovdocot55_41_0_, purchasere0_.ovordocno as ovordoc56_41_0_, purchasere0_.ovordocsq as ovordoc57_41_0_, purchasere0_.ovordocty as ovordoc58_41_0_, purchasere0_.ovptc as ovptc59_41_0_, purchasere0_.ovpoa as ovpoa60_41_0_, purchasere0_.ovpod as ovpod61_41_0_, purchasere0_.ovpqot as ovpqot62_41_0_, purchasere0_.ovuom1 as ovuom63_41_0_, purchasere0_.ovpjid as ovpjid64_41_0_, purchasere0_.ovpo03 as ovpo65_41_0_, purchasere0_.ovpo01 as ovpo66_41_0_, purchasere0_.ovpo02 as ovpo67_41_0_, purchasere0_.ovqty as ovqty68_41_0_, purchasere0_.ovrcdt as ovrcdt69_41_0_, purchasere0_.ovrecid as ovrecid70_41_0_, purchasere0_.ovvr04 as ovvr71_41_0_, purchasere0_.ovvr01 as ovvr72_41_0_, purchasere0_.ovvr03 as ovvr73_41_0_, purchasere0_.ovvr05 as ovvr74_41_0_, purchasere0_.ovvr02 as ovvr75_41_0_, purchasere0_.ovrtgc as ovrtgc76_41_0_, purchasere0_.ovsqot as ovsqot77_41_0_, purchasere0_.ovuom2 as ovuom78_41_0_, purchasere0_.ovsnlot as ovsnlot79_41_0_, purchasere0_.ovtaxal as ovtaxal80_41_0_, purchasere0_.ovtaxam as ovtaxam81_41_0_, purchasere0_.ovtaxab as ovtaxab82_41_0_, purchasere0_.ovtaxcd as ovtaxcd83_41_0_, purchasere0_.ovtaxidt as ovtaxid84_41_0_, purchasere0_.ovtaxino as ovtaxin85_41_0_, purchasere0_.ovtaxrt as ovtaxrt86_41_0_, purchasere0_.ovcrct as ovcrct87_41_0_, purchasere0_.ovitc03 as ovitc88_41_0_, purchasere0_.ovucf as ovucf89_41_0_, purchasere0_.ovuncost as ovuncos90_41_0_, purchasere0_.ovudc as ovudc91_41_0_, purchasere0_.ovudf as ovudf92_41_0_, purchasere0_.ovuom as ovuom93_41_0_, purchasere0_.ovvnid as ovvnid94_41_0_, purchasere0_.ovinvdt as ovinvdt95_41_0_, purchasere0_.ovinvno as ovinvno96_41_0_ from t4312 purchasere0_ where purchasere0_.ovcoid=? and purchasere0_.ovdocno=? and purchasere0_.ovdocty=? and purchasere0_.ovdocsq=?
Hibernate: select purchasere0_.ovcoid as ovcoid1_41_0_, purchasere0_.ovdocno as ovdocno2_41_0_, purchasere0_.ovdocty as ovdocty3_41_0_, purchasere0_.ovdocsq as ovdocsq4_41_0_, purchasere0_.ovcid as ovcid5_41_0_, purchasere0_.ovdtin as ovdtin6_41_0_, purchasere0_.ovtmin as ovtmin7_41_0_, purchasere0_.ovuid as ovuid8_41_0_, purchasere0_.ovdtlu as ovdtlu9_41_0_, purchasere0_.ovtmlu as ovtmlu10_41_0_, purchasere0_.ovuidm as ovuidm11_41_0_, purchasere0_.ovacid as ovacid12_41_0_, purchasere0_.ovcrcb as ovcrcb13_41_0_, purchasere0_.ovicu as ovicu14_41_0_, purchasere0_.ovicut as ovicut15_41_0_, purchasere0_.ovitc02 as ovitc16_41_0_, purchasere0_.ovbuid as ovbuid17_41_0_, purchasere0_.ovitc01 as ovitc18_41_0_, purchasere0_.ovcot as ovcot19_41_0_, purchasere0_.ovcnid as ovcnid20_41_0_, purchasere0_.ovcsdocdt as ovcsdoc21_41_0_, purchasere0_.ovcsdocno as ovcsdoc22_41_0_, purchasere0_.ovurtx as ovurtx23_41_0_, purchasere0_.ovdccd as ovdccd24_41_0_, purchasere0_.ovdcrt as ovdcrt25_41_0_, purchasere0_.ovdocdt as ovdocdt26_41_0_, purchasere0_.ovexcrt as ovexcrt27_41_0_, purchasere0_.ovexpdt as ovexpdt28_41_0_, purchasere0_.ovexcost as ovexcos29_41_0_, purchasere0_.ovfec as ovfec30_41_0_, purchasere0_.ovfta as ovfta31_41_0_, purchasere0_.ovftb as ovftb32_41_0_, purchasere0_.ovfuc as ovfuc33_41_0_, purchasere0_.ovglcls as ovglcls34_41_0_, purchasere0_.ovidd as ovidd35_41_0_, purchasere0_.ovidn as ovidn36_41_0_, purchasere0_.ovitt as ovitt37_41_0_, purchasere0_.ovdocidt as ovdocid38_41_0_, purchasere0_.ovdocino as ovdocin39_41_0_, purchasere0_.ovdocisq as ovdocis40_41_0_, purchasere0_.ovdocity as ovdocit41_41_0_, purchasere0_.ovinum as ovinum42_41_0_, purchasere0_.ovdesb1 as ovdesb43_41_0_, purchasere0_.ovlcrt as ovlcrt44_41_0_, purchasere0_.ovitc05 as ovitc45_41_0_, purchasere0_.ovlst as ovlst46_41_0_, purchasere0_.ovlvla as ovlvla47_41_0_, purchasere0_.ovlnty as ovlnty48_41_0_, purchasere0_.ovlocid as ovlocid49_41_0_, purchasere0_.ovmatc as ovmatc50_41_0_, purchasere0_.ovnst as ovnst51_41_0_, purchasere0_.ovobid as ovobid52_41_0_, purchasere0_.ovdocono as ovdocon53_41_0_, purchasere0_.ovdocosq as ovdocos54_41_0_, purchasere0_.ovdocoty as ovdocot55_41_0_, purchasere0_.ovordocno as ovordoc56_41_0_, purchasere0_.ovordocsq as ovordoc57_41_0_, purchasere0_.ovordocty as ovordoc58_41_0_, purchasere0_.ovptc as ovptc59_41_0_, purchasere0_.ovpoa as ovpoa60_41_0_, purchasere0_.ovpod as ovpod61_41_0_, purchasere0_.ovpqot as ovpqot62_41_0_, purchasere0_.ovuom1 as ovuom63_41_0_, purchasere0_.ovpjid as ovpjid64_41_0_, purchasere0_.ovpo03 as ovpo65_41_0_, purchasere0_.ovpo01 as ovpo66_41_0_, purchasere0_.ovpo02 as ovpo67_41_0_, purchasere0_.ovqty as ovqty68_41_0_, purchasere0_.ovrcdt as ovrcdt69_41_0_, purchasere0_.ovrecid as ovrecid70_41_0_, purchasere0_.ovvr04 as ovvr71_41_0_, purchasere0_.ovvr01 as ovvr72_41_0_, purchasere0_.ovvr03 as ovvr73_41_0_, purchasere0_.ovvr05 as ovvr74_41_0_, purchasere0_.ovvr02 as ovvr75_41_0_, purchasere0_.ovrtgc as ovrtgc76_41_0_, purchasere0_.ovsqot as ovsqot77_41_0_, purchasere0_.ovuom2 as ovuom78_41_0_, purchasere0_.ovsnlot as ovsnlot79_41_0_, purchasere0_.ovtaxal as ovtaxal80_41_0_, purchasere0_.ovtaxam as ovtaxam81_41_0_, purchasere0_.ovtaxab as ovtaxab82_41_0_, purchasere0_.ovtaxcd as ovtaxcd83_41_0_, purchasere0_.ovtaxidt as ovtaxid84_41_0_, purchasere0_.ovtaxino as ovtaxin85_41_0_, purchasere0_.ovtaxrt as ovtaxrt86_41_0_, purchasere0_.ovcrct as ovcrct87_41_0_, purchasere0_.ovitc03 as ovitc88_41_0_, purchasere0_.ovucf as ovucf89_41_0_, purchasere0_.ovuncost as ovuncos90_41_0_, purchasere0_.ovudc as ovudc91_41_0_, purchasere0_.ovudf as ovudf92_41_0_, purchasere0_.ovuom as ovuom93_41_0_, purchasere0_.ovvnid as ovvnid94_41_0_, purchasere0_.ovinvdt as ovinvdt95_41_0_, purchasere0_.ovinvno as ovinvno96_41_0_ from t4312 purchasere0_ where purchasere0_.ovcoid=? and purchasere0_.ovdocno=? and purchasere0_.ovdocty=? and purchasere0_.ovdocsq=?
Hibernate: insert into t4111 (itcid, itdtin, ittmin, ituid, itdtlu, ittmlu, ituidm, iticu, itpost, iticut, itanum, itst, itbuid, itdesb2, itdocdt, itdocmo, itdoctm, itdocyr, itexpdt, itexcost, itft, itglcls, itgldt, itipcd, ititt, itinum, itdesb1, itlocid, itobid, itdocono, itdocosq, itdocoty, itpqot, ituom1, itqty, itrecid, itrldocno, itrldocsq, itrldocty, itsqot, ituom2, itsnlot, itucf, ituncost, ituom, itdvs, itcoid, itdocno, itdocty, itdocsq) values (?, ?, ?, ?, ?, ?, ?, ?, ?, ?, ?, ?, ?, ?, ?, ?, ?, ?, ?, ?, ?, ?, ?, ?, ?, ?, ?, ?, ?, ?, ?, ?, ?, ?, ?, ?, ?, ?, ?, ?, ?, ?, ?, ?, ?, ?, ?, ?, ?, ?)
Hibernate: insert into t4108 (ltcid, ltdtin, lttmin, ltuid, ltdtlu, lttmlu, ltuidm, ltbodt, ltbbdt, ltcldt, ltexpdt, ltldsc, ltledt, ltlsc, ltmlot1, ltmlot2, ltmlot3, ltohdt, ltsern, ltbuid, ltinum, ltsnlot) values (?, ?, ?, ?, ?, ?, ?, ?, ?, ?, ?, ?, ?, ?, ?, ?, ?, ?, ?, ?, ?, ?)
Hibernate: insert into t4108 (ltcid, ltdtin, lttmin, ltuid, ltdtlu, lttmlu, ltuidm, ltbodt, ltbbdt, ltcldt, ltexpdt, ltldsc, ltledt, ltlsc, ltmlot1, ltmlot2, ltmlot3, ltohdt, ltsern, ltbuid, ltinum, ltsnlot) values (?, ?, ?, ?, ?, ?, ?, ?, ?, ?, ?, ?, ?, ?, ?, ?, ?, ?, ?, ?, ?, ?)
Hibernate: insert into t4108 (ltcid, ltdtin, lttmin, ltuid, ltdtlu, lttmlu, ltuidm, ltbodt, ltbbdt, ltcldt, ltexpdt, ltldsc, ltledt, ltlsc, ltmlot1, ltmlot2, ltmlot3, ltohdt, ltsern, ltbuid, ltinum, ltsnlot) values (?, ?, ?, ?, ?, ?, ?, ?, ?, ?, ?, ?, ?, ?, ?, ?, ?, ?, ?, ?, ?, ?)
Hibernate: insert into t4111 (itcid, itdtin, ittmin, ituid, itdtlu, ittmlu, ituidm, iticu, itpost, iticut, itanum, itst, itbuid, itdesb2, itdocdt, itdocmo, itdoctm, itdocyr, itexpdt, itexcost, itft, itglcls, itgldt, itipcd, ititt, itinum, itdesb1, itlocid, itobid, itdocono, itdocosq, itdocoty, itpqot, ituom1, itqty, itrecid, itrldocno, itrldocsq, itrldocty, itsqot, ituom2, itsnlot, itucf, ituncost, ituom, itdvs, itcoid, itdocno, itdocty, itdocsq) values (?, ?, ?, ?, ?, ?, ?, ?, ?, ?, ?, ?, ?, ?, ?, ?, ?, ?, ?, ?, ?, ?, ?, ?, ?, ?, ?, ?, ?, ?, ?, ?, ?, ?, ?, ?, ?, ?, ?, ?, ?, ?, ?, ?, ?, ?, ?, ?, ?, ?)
Hibernate: insert into t4312 (ovcid, ovdtin, ovtmin, ovuid, ovdtlu, ovtmlu, ovuidm, ovacid, ovcrcb, ovicu, ovicut, ovitc02, ovbuid, ovitc01, ovcot, ovcnid, ovcsdocdt, ovcsdocno, ovurtx, ovdccd, ovdcrt, ovdocdt, ovexcrt, ovexpdt, ovexcost, ovfec, ovfta, ovftb, ovfuc, ovglcls, ovidd, ovidn, ovitt, ovdocidt, ovdocino, ovdocisq, ovdocity, ovinum, ovdesb1, ovlcrt, ovitc05, ovlst, ovlvla, ovlnty, ovlocid, ovmatc, ovnst, ovobid, ovdocono, ovdocosq, ovdocoty, ovordocno, ovordocsq, ovordocty, ovptc, ovpoa, ovpod, ovpqot, ovuom1, ovpjid, ovpo03, ovpo01, ovpo02, ovqty, ovrcdt, ovrecid, ovvr04, ovvr01, ovvr03, ovvr05, ovvr02, ovrtgc, ovsqot, ovuom2, ovsnlot, ovtaxal, ovtaxam, ovtaxab, ovtaxcd, ovtaxidt, ovtaxino, ovtaxrt, ovcrct, ovitc03, ovucf, ovuncost, ovudc, ovudf, ovuom, ovvnid, ovinvdt, ovinvno, ovcoid, ovdocno, ovdocty, ovdocsq) values (?, ?, ?, ?, ?, ?, ?, ?, ?, ?, ?, ?, ?, ?, ?, ?, ?, ?, ?, ?, ?, ?, ?, ?, ?, ?, ?, ?, ?, ?, ?, ?, ?, ?, ?, ?, ?, ?, ?, ?, ?, ?, ?, ?, ?, ?, ?, ?, ?, ?, ?, ?, ?, ?, ?, ?, ?, ?, ?, ?, ?, ?, ?, ?, ?, ?, ?, ?, ?, ?, ?, ?, ?, ?, ?, ?, ?, ?, ?, ?, ?, ?, ?, ?, ?, ?, ?, ?, ?, ?, ?, ?, ?, ?, ?, ?)
Hibernate: insert into t4312 (ovcid, ovdtin, ovtmin, ovuid, ovdtlu, ovtmlu, ovuidm, ovacid, ovcrcb, ovicu, ovicut, ovitc02, ovbuid, ovitc01, ovcot, ovcnid, ovcsdocdt, ovcsdocno, ovurtx, ovdccd, ovdcrt, ovdocdt, ovexcrt, ovexpdt, ovexcost, ovfec, ovfta, ovftb, ovfuc, ovglcls, ovidd, ovidn, ovitt, ovdocidt, ovdocino, ovdocisq, ovdocity, ovinum, ovdesb1, ovlcrt, ovitc05, ovlst, ovlvla, ovlnty, ovlocid, ovmatc, ovnst, ovobid, ovdocono, ovdocosq, ovdocoty, ovordocno, ovordocsq, ovordocty, ovptc, ovpoa, ovpod, ovpqot, ovuom1, ovpjid, ovpo03, ovpo01, ovpo02, ovqty, ovrcdt, ovrecid, ovvr04, ovvr01, ovvr03, ovvr05, ovvr02, ovrtgc, ovsqot, ovuom2, ovsnlot, ovtaxal, ovtaxam, ovtaxab, ovtaxcd, ovtaxidt, ovtaxino, ovtaxrt, ovcrct, ovitc03, ovucf, ovuncost, ovudc, ovudf, ovuom, ovvnid, ovinvdt, ovinvno, ovcoid, ovdocno, ovdocty, ovdocsq) values (?, ?, ?, ?, ?, ?, ?, ?, ?, ?, ?, ?, ?, ?, ?, ?, ?, ?, ?, ?, ?, ?, ?, ?, ?, ?, ?, ?, ?, ?, ?, ?, ?, ?, ?, ?, ?, ?, ?, ?, ?, ?, ?, ?, ?, ?, ?, ?, ?, ?, ?, ?, ?, ?, ?, ?, ?, ?, ?, ?, ?, ?, ?, ?, ?, ?, ?, ?, ?, ?, ?, ?, ?, ?, ?, ?, ?, ?, ?, ?, ?, ?, ?, ?, ?, ?, ?, ?, ?, ?, ?, ?, ?, ?, ?, ?)
Hibernate: insert into t4312 (ovcid, ovdtin, ovtmin, ovuid, ovdtlu, ovtmlu, ovuidm, ovacid, ovcrcb, ovicu, ovicut, ovitc02, ovbuid, ovitc01, ovcot, ovcnid, ovcsdocdt, ovcsdocno, ovurtx, ovdccd, ovdcrt, ovdocdt, ovexcrt, ovexpdt, ovexcost, ovfec, ovfta, ovftb, ovfuc, ovglcls, ovidd, ovidn, ovitt, ovdocidt, ovdocino, ovdocisq, ovdocity, ovinum, ovdesb1, ovlcrt, ovitc05, ovlst, ovlvla, ovlnty, ovlocid, ovmatc, ovnst, ovobid, ovdocono, ovdocosq, ovdocoty, ovordocno, ovordocsq, ovordocty, ovptc, ovpoa, ovpod, ovpqot, ovuom1, ovpjid, ovpo03, ovpo01, ovpo02, ovqty, ovrcdt, ovrecid, ovvr04, ovvr01, ovvr03, ovvr05, ovvr02, ovrtgc, ovsqot, ovuom2, ovsnlot, ovtaxal, ovtaxam, ovtaxab, ovtaxcd, ovtaxidt, ovtaxino, ovtaxrt, ovcrct, ovitc03, ovucf, ovuncost, ovudc, ovudf, ovuom, ovvnid, ovinvdt, ovinvno, ovcoid, ovdocno, ovdocty, ovdocsq) values (?, ?, ?, ?, ?, ?, ?, ?, ?, ?, ?, ?, ?, ?, ?, ?, ?, ?, ?, ?, ?, ?, ?, ?, ?, ?, ?, ?, ?, ?, ?, ?, ?, ?, ?, ?, ?, ?, ?, ?, ?, ?, ?, ?, ?, ?, ?, ?, ?, ?, ?, ?, ?, ?, ?, ?, ?, ?, ?, ?, ?, ?, ?, ?, ?, ?, ?, ?, ?, ?, ?, ?, ?, ?, ?, ?, ?, ?, ?, ?, ?, ?, ?, ?, ?, ?, ?, ?, ?, ?, ?, ?, ?, ?, ?, ?)
Hibernate: update t4311 set odcid=?, oddtlu=?, odtmlu=?, oduidm=?, odacid=?, odaprcd=?, odcrcb=?, oditc02=?, odbuid=?, odqtycl=?, oditc01=?, odcldt=?, odcsid=?, oddccd=?, oddcrt=?, odexcrt=?, odexcost=?, odqtyx=?, oducfx=?, oduncostx=?, oduomx=?, odfec=?, odfta=?, odftb=?, odfuc=?, odglcls=?, odgldt=?, odir02=?, odir01=?, odir03=?, odinum=?, oddesb1=?, oditc05=?, odlst=?, odlnty=?, odlocid=?, odnst=?, odobid=?, odqtyop=?, odordt=?, odqtyor=?, odott=?, odordocdt=?, odordocno=?, odordocsq=?, odordocty=?, odptc=?, odpqor=?, oduom1=?, odpjid=?, odpddt=?, odpo03=?, odpo01=?, odpo02=?, odqty=?, odrcdt=?, odqtyrc=?, odstid=?, odvr04=?, odvr01=?, odvr03=?, odvr05=?, odvr02=?, odrldocno=?, odrldocsq=?, odrldocty=?, odrqdt=?, odqtyrn=?, odsqor=?, oduom2=?, odsnlot=?, odtaxal=?, odtaxam=?, odtaxab=?, odtaxcd=?, odtaxrt=?, odcrct=?, oditc03=?, oducf=?, oduncost=?, odudc=?, odudf=?, oduom=?, odvnid=? where odcoid=? and oddocono=? and oddocosq=? and oddocoty=?
Hibernate: update t4311 set odcid=?, oddtlu=?, odtmlu=?, oduidm=?, odacid=?, odaprcd=?, odcrcb=?, oditc02=?, odbuid=?, odqtycl=?, oditc01=?, odcldt=?, odcsid=?, oddccd=?, oddcrt=?, odexcrt=?, odexcost=?, odqtyx=?, oducfx=?, oduncostx=?, oduomx=?, odfec=?, odfta=?, odftb=?, odfuc=?, odglcls=?, odgldt=?, odir02=?, odir01=?, odir03=?, odinum=?, oddesb1=?, oditc05=?, odlst=?, odlnty=?, odlocid=?, odnst=?, odobid=?, odqtyop=?, odordt=?, odqtyor=?, odott=?, odordocdt=?, odordocno=?, odordocsq=?, odordocty=?, odptc=?, odpqor=?, oduom1=?, odpjid=?, odpddt=?, odpo03=?, odpo01=?, odpo02=?, odqty=?, odrcdt=?, odqtyrc=?, odstid=?, odvr04=?, odvr01=?, odvr03=?, odvr05=?, odvr02=?, odrldocno=?, odrldocsq=?, odrldocty=?, odrqdt=?, odqtyrn=?, odsqor=?, oduom2=?, odsnlot=?, odtaxal=?, odtaxam=?, odtaxab=?, odtaxcd=?, odtaxrt=?, odcrct=?, oditc03=?, oducf=?, oduncost=?, odudc=?, odudf=?, oduom=?, odvnid=? where odcoid=? and oddocono=? and oddocosq=? and oddocoty=?
Hibernate: update t4311 set odcid=?, oddtlu=?, odtmlu=?, oduidm=?, odacid=?, odaprcd=?, odcrcb=?, oditc02=?, odbuid=?, odqtycl=?, oditc01=?, odcldt=?, odcsid=?, oddccd=?, oddcrt=?, odexcrt=?, odexcost=?, odqtyx=?, oducfx=?, oduncostx=?, oduomx=?, odfec=?, odfta=?, odftb=?, odfuc=?, odglcls=?, odgldt=?, odir02=?, odir01=?, odir03=?, odinum=?, oddesb1=?, oditc05=?, odlst=?, odlnty=?, odlocid=?, odnst=?, odobid=?, odqtyop=?, odordt=?, odqtyor=?, odott=?, odordocdt=?, odordocno=?, odordocsq=?, odordocty=?, odptc=?, odpqor=?, oduom1=?, odpjid=?, odpddt=?, odpo03=?, odpo01=?, odpo02=?, odqty=?, odrcdt=?, odqtyrc=?, odstid=?, odvr04=?, odvr01=?, odvr03=?, odvr05=?, odvr02=?, odrldocno=?, odrldocsq=?, odrldocty=?, odrqdt=?, odqtyrn=?, odsqor=?, oduom2=?, odsnlot=?, odtaxal=?, odtaxam=?, odtaxab=?, odtaxcd=?, odtaxrt=?, odcrct=?, oditc03=?, oducf=?, oduncost=?, odudc=?, odudf=?, oduom=?, odvnid=? where odcoid=? and oddocono=? and oddocosq=? and oddocoty=?
Hibernate: update t0002 set nncid=?, nndtlu=?, nntmlu=?, nnuidm=?, nnseq=? where nncoid=? and nndocbty=? and nnmo=? and nnyr=?
Hibernate: insert into transaction_serialnumbers (coid, docno, docty, docsq, buid, inum, snlot) values (?, ?, ?, ?, ?, ?, ?)
Hibernate: insert into transaction_serialnumbers (coid, docno, docty, docsq, buid, inum, snlot) values (?, ?, ?, ?, ?, ?, ?)
Hibernate: insert into transaction_serialnumbers (coid, docno, docty, docsq, buid, inum, snlot) values (?, ?, ?, ?, ?, ?, ?)
Hibernate: select count(*) as col_0_0_ from t4312 purchasere0_ where purchasere0_.ovcoid=? and purchasere0_.ovdocno=? and purchasere0_.ovdocty=? and purchasere0_.ovdocsq=?
Hibernate: select purchasere0_.ovcoid as ovcoid1_41_, purchasere0_.ovdocno as ovdocno2_41_, purchasere0_.ovdocty as ovdocty3_41_, purchasere0_.ovdocsq as ovdocsq4_41_, purchasere0_.ovcid as ovcid5_41_, purchasere0_.ovdtin as ovdtin6_41_, purchasere0_.ovtmin as ovtmin7_41_, purchasere0_.ovuid as ovuid8_41_, purchasere0_.ovdtlu as ovdtlu9_41_, purchasere0_.ovtmlu as ovtmlu10_41_, purchasere0_.ovuidm as ovuidm11_41_, purchasere0_.ovacid as ovacid12_41_, purchasere0_.ovcrcb as ovcrcb13_41_, purchasere0_.ovicu as ovicu14_41_, purchasere0_.ovicut as ovicut15_41_, purchasere0_.ovitc02 as ovitc16_41_, purchasere0_.ovbuid as ovbuid17_41_, purchasere0_.ovitc01 as ovitc18_41_, purchasere0_.ovcot as ovcot19_41_, purchasere0_.ovcnid as ovcnid20_41_, purchasere0_.ovcsdocdt as ovcsdoc21_41_, purchasere0_.ovcsdocno as ovcsdoc22_41_, purchasere0_.ovurtx as ovurtx23_41_, purchasere0_.ovdccd as ovdccd24_41_, purchasere0_.ovdcrt as ovdcrt25_41_, purchasere0_.ovdocdt as ovdocdt26_41_, purchasere0_.ovexcrt as ovexcrt27_41_, purchasere0_.ovexpdt as ovexpdt28_41_, purchasere0_.ovexcost as ovexcos29_41_, purchasere0_.ovfec as ovfec30_41_, purchasere0_.ovfta as ovfta31_41_, purchasere0_.ovftb as ovftb32_41_, purchasere0_.ovfuc as ovfuc33_41_, purchasere0_.ovglcls as ovglcls34_41_, purchasere0_.ovidd as ovidd35_41_, purchasere0_.ovidn as ovidn36_41_, purchasere0_.ovitt as ovitt37_41_, purchasere0_.ovdocidt as ovdocid38_41_, purchasere0_.ovdocino as ovdocin39_41_, purchasere0_.ovdocisq as ovdocis40_41_, purchasere0_.ovdocity as ovdocit41_41_, purchasere0_.ovinum as ovinum42_41_, purchasere0_.ovdesb1 as ovdesb43_41_, purchasere0_.ovlcrt as ovlcrt44_41_, purchasere0_.ovitc05 as ovitc45_41_, purchasere0_.ovlst as ovlst46_41_, purchasere0_.ovlvla as ovlvla47_41_, purchasere0_.ovlnty as ovlnty48_41_, purchasere0_.ovlocid as ovlocid49_41_, purchasere0_.ovmatc as ovmatc50_41_, purchasere0_.ovnst as ovnst51_41_, purchasere0_.ovobid as ovobid52_41_, purchasere0_.ovdocono as ovdocon53_41_, purchasere0_.ovdocosq as ovdocos54_41_, purchasere0_.ovdocoty as ovdocot55_41_, purchasere0_.ovordocno as ovordoc56_41_, purchasere0_.ovordocsq as ovordoc57_41_, purchasere0_.ovordocty as ovordoc58_41_, purchasere0_.ovptc as ovptc59_41_, purchasere0_.ovpoa as ovpoa60_41_, purchasere0_.ovpod as ovpod61_41_, purchasere0_.ovpqot as ovpqot62_41_, purchasere0_.ovuom1 as ovuom63_41_, purchasere0_.ovpjid as ovpjid64_41_, purchasere0_.ovpo03 as ovpo65_41_, purchasere0_.ovpo01 as ovpo66_41_, purchasere0_.ovpo02 as ovpo67_41_, purchasere0_.ovqty as ovqty68_41_, purchasere0_.ovrcdt as ovrcdt69_41_, purchasere0_.ovrecid as ovrecid70_41_, purchasere0_.ovvr04 as ovvr71_41_, purchasere0_.ovvr01 as ovvr72_41_, purchasere0_.ovvr03 as ovvr73_41_, purchasere0_.ovvr05 as ovvr74_41_, purchasere0_.ovvr02 as ovvr75_41_, purchasere0_.ovrtgc as ovrtgc76_41_, purchasere0_.ovsqot as ovsqot77_41_, purchasere0_.ovuom2 as ovuom78_41_, purchasere0_.ovsnlot as ovsnlot79_41_, purchasere0_.ovtaxal as ovtaxal80_41_, purchasere0_.ovtaxam as ovtaxam81_41_, purchasere0_.ovtaxab as ovtaxab82_41_, purchasere0_.ovtaxcd as ovtaxcd83_41_, purchasere0_.ovtaxidt as ovtaxid84_41_, purchasere0_.ovtaxino as ovtaxin85_41_, purchasere0_.ovtaxrt as ovtaxrt86_41_, purchasere0_.ovcrct as ovcrct87_41_, purchasere0_.ovitc03 as ovitc88_41_, purchasere0_.ovucf as ovucf89_41_, purchasere0_.ovuncost as ovuncos90_41_, purchasere0_.ovudc as ovudc91_41_, purchasere0_.ovudf as ovudf92_41_, purchasere0_.ovuom as ovuom93_41_, purchasere0_.ovvnid as ovvnid94_41_, purchasere0_.ovinvdt as ovinvdt95_41_, purchasere0_.ovinvno as ovinvno96_41_ from t4312 purchasere0_ where purchasere0_.ovcoid=? and purchasere0_.ovdocno=? and purchasere0_.ovdocty=?
Hibernate: select itemmaster0_.iminum as iminum1_31_0_, itemmaster0_.imcid as imcid2_31_0_, itemmaster0_.imdtin as imdtin3_31_0_, itemmaster0_.imtmin as imtmin4_31_0_, itemmaster0_.imuid as imuid5_31_0_, itemmaster0_.imdtlu as imdtlu6_31_0_, itemmaster0_.imtmlu as imtmlu7_31_0_, itemmaster0_.imuidm as imuidm8_31_0_, itemmaster0_.iminumb as iminumb9_31_0_, itemmaster0_.imctm as imctm10_31_0_, itemmaster0_.imitc02 as imitc11_31_0_, itemmaster0_.imitc01 as imitc12_31_0_, itemmaster0_.imitc10 as imitc13_31_0_, itemmaster0_.imitc04 as imitc14_31_0_, itemmaster0_.imitc06 as imitc15_31_0_, itemmaster0_.imitc07 as imitc16_31_0_, itemmaster0_.imitc08 as imitc17_31_0_, itemmaster0_.imitc09 as imitc18_31_0_, itemmaster0_.imitc05 as imitc19_31_0_, itemmaster0_.imslrc0 as imslrc20_31_0_, itemmaster0_.imslrc1 as imslrc21_31_0_, itemmaster0_.imslrc2 as imslrc22_31_0_, itemmaster0_.imslrc3 as imslrc23_31_0_, itemmaster0_.imslrc4 as imslrc24_31_0_, itemmaster0_.imslrc5 as imslrc25_31_0_, itemmaster0_.imslrc6 as imslrc26_31_0_, itemmaster0_.imslrc7 as imslrc27_31_0_, itemmaster0_.imslrc8 as imslrc28_31_0_, itemmaster0_.imslrc9 as imslrc29_31_0_, itemmaster0_.imitc03 as imitc30_31_0_, itemmaster0_.imdesb1 as imdesb31_31_0_, itemmaster0_.imdesd1 as imdesd32_31_0_, itemmaster0_.imglcls as imglcls33_31_0_, itemmaster0_.imicl as imicl34_31_0_, itemmaster0_.imilc as imilc35_31_0_, itemmaster0_.iminums as iminums36_31_0_, itemmaster0_.imipg as imipg37_31_0_, itemmaster0_.imlsc as imlsc38_31_0_, itemmaster0_.imdaqc as imdaqc39_31_0_, itemmaster0_.imgscrt as imgscrt40_31_0_, itemmaster0_.imsiops as imsiops41_31_0_, itemmaster0_.imbpid as imbpid42_31_0_, itemmaster0_.imcsid as imcsid43_31_0_, itemmaster0_.imudf as imudf44_31_0_, itemmaster0_.impmmf as impmmf45_31_0_, itemmaster0_.imrbii as imrbii46_31_0_, itemmaster0_.imrbim as imrbim47_31_0_, itemmaster0_.imrbis as imrbis48_31_0_, itemmaster0_.imvnid as imvnid49_31_0_, itemmaster0_.imtaxpc as imtaxpc50_31_0_, itemmaster0_.imtaxsc as imtaxsc51_31_0_, itemmaster0_.iminump as iminump52_31_0_, itemmaster0_.implg as implg53_31_0_, itemmaster0_.imppl as imppl54_31_0_, itemmaster0_.imspl as imspl55_31_0_, itemmaster0_.imsnr as imsnr56_31_0_, itemmaster0_.imskty as imskty57_31_0_, itemmaster0_.imlnty as imlnty58_31_0_, itemmaster0_.imuom9 as imuom59_31_0_, itemmaster0_.imdppo as imdppo60_31_0_, itemmaster0_.imdlum as imdlum61_31_0_, itemmaster0_.imdlump as imdlump62_31_0_, itemmaster0_.imdlumt as imdlumt63_31_0_, itemmaster0_.imuom5 as imuom64_31_0_, itemmaster0_.imuom1 as imuom65_31_0_, itemmaster0_.imuom8 as imuom66_31_0_, itemmaster0_.imuom3 as imuom67_31_0_, itemmaster0_.imuom4 as imuom68_31_0_, itemmaster0_.imuom2 as imuom69_31_0_, itemmaster0_.imuom6 as imuom70_31_0_, itemmaster0_.imuoms as imuoms71_31_0_, itemmaster0_.imuomt as imuomt72_31_0_, itemmaster0_.imuomv as imuomv73_31_0_, itemmaster0_.imwcf as imwcf74_31_0_, itemmaster0_.imuomw as imuomw75_31_0_, itemmaster0_.imvict as imvict76_31_0_ from t4101 itemmaster0_ where itemmaster0_.iminum=?
Hibernate: select stocktrans0_.itcoid as itcoid1_35_0_, stocktrans0_.itdocno as itdocno2_35_0_, stocktrans0_.itdocty as itdocty3_35_0_, stocktrans0_.itdocsq as itdocsq4_35_0_, stocktrans0_.itcid as itcid5_35_0_, stocktrans0_.itdtin as itdtin6_35_0_, stocktrans0_.ittmin as ittmin7_35_0_, stocktrans0_.ituid as ituid8_35_0_, stocktrans0_.itdtlu as itdtlu9_35_0_, stocktrans0_.ittmlu as ittmlu10_35_0_, stocktrans0_.ituidm as ituidm11_35_0_, stocktrans0_.iticu as iticu12_35_0_, stocktrans0_.itpost as itpost13_35_0_, stocktrans0_.iticut as iticut14_35_0_, stocktrans0_.itanum as itanum15_35_0_, stocktrans0_.itst as itst16_35_0_, stocktrans0_.itbuid as itbuid17_35_0_, stocktrans0_.itdesb2 as itdesb18_35_0_, stocktrans0_.itdocdt as itdocdt19_35_0_, stocktrans0_.itdocmo as itdocmo20_35_0_, stocktrans0_.itdoctm as itdoctm21_35_0_, stocktrans0_.itdocyr as itdocyr22_35_0_, stocktrans0_.itexpdt as itexpdt23_35_0_, stocktrans0_.itexcost as itexcos24_35_0_, stocktrans0_.itft as itft25_35_0_, stocktrans0_.itglcls as itglcls26_35_0_, stocktrans0_.itgldt as itgldt27_35_0_, stocktrans0_.itipcd as itipcd28_35_0_, stocktrans0_.ititt as ititt29_35_0_, stocktrans0_.itinum as itinum30_35_0_, stocktrans0_.itdesb1 as itdesb31_35_0_, stocktrans0_.itlocid as itlocid32_35_0_, stocktrans0_.itobid as itobid33_35_0_, stocktrans0_.itdocono as itdocon34_35_0_, stocktrans0_.itdocosq as itdocos35_35_0_, stocktrans0_.itdocoty as itdocot36_35_0_, stocktrans0_.itpqot as itpqot37_35_0_, stocktrans0_.ituom1 as ituom38_35_0_, stocktrans0_.itqty as itqty39_35_0_, stocktrans0_.itrecid as itrecid40_35_0_, stocktrans0_.itrldocno as itrldoc41_35_0_, stocktrans0_.itrldocsq as itrldoc42_35_0_, stocktrans0_.itrldocty as itrldoc43_35_0_, stocktrans0_.itsqot as itsqot44_35_0_, stocktrans0_.ituom2 as ituom45_35_0_, stocktrans0_.itsnlot as itsnlot46_35_0_, stocktrans0_.itucf as itucf47_35_0_, stocktrans0_.ituncost as ituncos48_35_0_, stocktrans0_.ituom as ituom49_35_0_, stocktrans0_.itdvs as itdvs50_35_0_ from t4111 stocktrans0_ where stocktrans0_.itcoid=? and stocktrans0_.itdocno=? and stocktrans0_.itdocty=? and stocktrans0_.itdocsq=?
Hibernate: select purchaseor0_.ohcoid as ohcoid1_39_0_, purchaseor0_.ohdocono as ohdocono2_39_0_, purchaseor0_.ohdocoty as ohdocoty3_39_0_, purchaseor0_.ohcid as ohcid4_39_0_, purchaseor0_.ohdtin as ohdtin5_39_0_, purchaseor0_.ohtmin as ohtmin6_39_0_, purchaseor0_.ohuid as ohuid7_39_0_, purchaseor0_.ohdtlu as ohdtlu8_39_0_, purchaseor0_.ohtmlu as ohtmlu9_39_0_, purchaseor0_.ohuidm as ohuidm10_39_0_, purchaseor0_.ohaprcd as ohaprcd11_39_0_, purchaseor0_.ohcrcb as ohcrcb12_39_0_, purchaseor0_.ohbuid as ohbuid13_39_0_, purchaseor0_.ohcldt as ohcldt14_39_0_, purchaseor0_.ohcot as ohcot15_39_0_, purchaseor0_.ohcsid as ohcsid16_39_0_, purchaseor0_.ohdesb1 as ohdesb17_39_0_, purchaseor0_.ohdccd as ohdccd18_39_0_, purchaseor0_.ohdcrt as ohdcrt19_39_0_, purchaseor0_.ohexcrt as ohexcrt20_39_0_, purchaseor0_.ohgldt as ohgldt21_39_0_, purchaseor0_.ohidd as ohidd22_39_0_, purchaseor0_.ohidn as ohidn23_39_0_, purchaseor0_.ohlst as ohlst24_39_0_, purchaseor0_.ohnst as ohnst25_39_0_, purchaseor0_.ohobid as ohobid26_39_0_, purchaseor0_.ohordt as ohordt27_39_0_, purchaseor0_.ohptc as ohptc28_39_0_, purchaseor0_.ohpoa as ohpoa29_39_0_, purchaseor0_.ohpod as ohpod30_39_0_, purchaseor0_.ohpjid as ohpjid31_39_0_, purchaseor0_.ohpddt as ohpddt32_39_0_, purchaseor0_.ohrcdt as ohrcdt33_39_0_, purchaseor0_.ohstid as ohstid34_39_0_, purchaseor0_.ohrqdt as ohrqdt35_39_0_, purchaseor0_.ohtaxal as ohtaxal36_39_0_, purchaseor0_.ohtaxcd as ohtaxcd37_39_0_, purchaseor0_.ohtaxrt as ohtaxrt38_39_0_, purchaseor0_.ohcrct as ohcrct39_39_0_, purchaseor0_.ohdesc1 as ohdesc40_39_0_, purchaseor0_.ohdesc2 as ohdesc41_39_0_, purchaseor0_.ohvhrn as ohvhrn42_39_0_, purchaseor0_.ohvhty as ohvhty43_39_0_, purchaseor0_.ohvnid as ohvnid44_39_0_ from t4301 purchaseor0_ where purchaseor0_.ohcoid=? and purchaseor0_.ohdocono=? and purchaseor0_.ohdocoty=?
Hibernate: select details0_.odcoid as odcoid1_40_0_, details0_.oddocono as oddocono2_40_0_, details0_.oddocoty as oddocoty4_40_0_, details0_.oddocosq as oddocosq3_40_0_, details0_.odcoid as odcoid1_40_1_, details0_.oddocono as oddocono2_40_1_, details0_.oddocosq as oddocosq3_40_1_, details0_.oddocoty as oddocoty4_40_1_, details0_.odcid as odcid5_40_1_, details0_.oddtin as oddtin6_40_1_, details0_.odtmin as odtmin7_40_1_, details0_.oduid as oduid8_40_1_, details0_.oddtlu as oddtlu9_40_1_, details0_.odtmlu as odtmlu10_40_1_, details0_.oduidm as oduidm11_40_1_, details0_.odacid as odacid12_40_1_, details0_.odaprcd as odaprcd13_40_1_, details0_.odcrcb as odcrcb14_40_1_, details0_.oditc02 as oditc15_40_1_, details0_.odbuid as odbuid16_40_1_, details0_.odqtycl as odqtycl17_40_1_, details0_.oditc01 as oditc18_40_1_, details0_.odcldt as odcldt19_40_1_, details0_.odcsid as odcsid20_40_1_, details0_.oddccd as oddccd21_40_1_, details0_.oddcrt as oddcrt22_40_1_, details0_.odexcrt as odexcrt23_40_1_, details0_.odexcost as odexcos24_40_1_, details0_.odqtyx as odqtyx25_40_1_, details0_.oducfx as oducfx26_40_1_, details0_.oduncostx as oduncos27_40_1_, details0_.oduomx as oduomx28_40_1_, details0_.odfec as odfec29_40_1_, details0_.odfta as odfta30_40_1_, details0_.odftb as odftb31_40_1_, details0_.odfuc as odfuc32_40_1_, details0_.odglcls as odglcls33_40_1_, details0_.odgldt as odgldt34_40_1_, details0_.odir02 as odir35_40_1_, details0_.odir01 as odir36_40_1_, details0_.odir03 as odir37_40_1_, details0_.odinum as odinum38_40_1_, details0_.oddesb1 as oddesb39_40_1_, details0_.oditc05 as oditc40_40_1_, details0_.odlst as odlst41_40_1_, details0_.odlnty as odlnty42_40_1_, details0_.odlocid as odlocid43_40_1_, details0_.odnst as odnst44_40_1_, details0_.odobid as odobid45_40_1_, details0_.odqtyop as odqtyop46_40_1_, details0_.odordt as odordt47_40_1_, details0_.odqtyor as odqtyor48_40_1_, details0_.odott as odott49_40_1_, details0_.odordocdt as odordoc50_40_1_, details0_.odordocno as odordoc51_40_1_, details0_.odordocsq as odordoc52_40_1_, details0_.odordocty as odordoc53_40_1_, details0_.odptc as odptc54_40_1_, details0_.odpqor as odpqor55_40_1_, details0_.oduom1 as oduom56_40_1_, details0_.odpjid as odpjid57_40_1_, details0_.odpddt as odpddt58_40_1_, details0_.odpo03 as odpo59_40_1_, details0_.odpo01 as odpo60_40_1_, details0_.odpo02 as odpo61_40_1_, details0_.odqty as odqty62_40_1_, details0_.odrcdt as odrcdt63_40_1_, details0_.odqtyrc as odqtyrc64_40_1_, details0_.odstid as odstid65_40_1_, details0_.odvr04 as odvr66_40_1_, details0_.odvr01 as odvr67_40_1_, details0_.odvr03 as odvr68_40_1_, details0_.odvr05 as odvr69_40_1_, details0_.odvr02 as odvr70_40_1_, details0_.odrldocno as odrldoc71_40_1_, details0_.odrldocsq as odrldoc72_40_1_, details0_.odrldocty as odrldoc73_40_1_, details0_.odrqdt as odrqdt74_40_1_, details0_.odqtyrn as odqtyrn75_40_1_, details0_.odsqor as odsqor76_40_1_, details0_.oduom2 as oduom77_40_1_, details0_.odsnlot as odsnlot78_40_1_, details0_.odtaxal as odtaxal79_40_1_, details0_.odtaxam as odtaxam80_40_1_, details0_.odtaxab as odtaxab81_40_1_, details0_.odtaxcd as odtaxcd82_40_1_, details0_.odtaxrt as odtaxrt83_40_1_, details0_.odcrct as odcrct84_40_1_, details0_.oditc03 as oditc85_40_1_, details0_.oducf as oducf86_40_1_, details0_.oduncost as oduncos87_40_1_, details0_.odudc as odudc88_40_1_, details0_.odudf as odudf89_40_1_, details0_.oduom as oduom90_40_1_, details0_.odvnid as odvnid91_40_1_ from t4311 details0_ where details0_.odcoid=? and details0_.oddocono=? and details0_.oddocoty=?
Hibernate: select purchasere0_.ovcoid as ovcoid1_41_0_, purchasere0_.ovdocno as ovdocno2_41_0_, purchasere0_.ovdocty as ovdocty3_41_0_, purchasere0_.ovdocsq as ovdocsq4_41_0_, purchasere0_.ovcid as ovcid5_41_0_, purchasere0_.ovdtin as ovdtin6_41_0_, purchasere0_.ovtmin as ovtmin7_41_0_, purchasere0_.ovuid as ovuid8_41_0_, purchasere0_.ovdtlu as ovdtlu9_41_0_, purchasere0_.ovtmlu as ovtmlu10_41_0_, purchasere0_.ovuidm as ovuidm11_41_0_, purchasere0_.ovacid as ovacid12_41_0_, purchasere0_.ovcrcb as ovcrcb13_41_0_, purchasere0_.ovicu as ovicu14_41_0_, purchasere0_.ovicut as ovicut15_41_0_, purchasere0_.ovitc02 as ovitc16_41_0_, purchasere0_.ovbuid as ovbuid17_41_0_, purchasere0_.ovitc01 as ovitc18_41_0_, purchasere0_.ovcot as ovcot19_41_0_, purchasere0_.ovcnid as ovcnid20_41_0_, purchasere0_.ovcsdocdt as ovcsdoc21_41_0_, purchasere0_.ovcsdocno as ovcsdoc22_41_0_, purchasere0_.ovurtx as ovurtx23_41_0_, purchasere0_.ovdccd as ovdccd24_41_0_, purchasere0_.ovdcrt as ovdcrt25_41_0_, purchasere0_.ovdocdt as ovdocdt26_41_0_, purchasere0_.ovexcrt as ovexcrt27_41_0_, purchasere0_.ovexpdt as ovexpdt28_41_0_, purchasere0_.ovexcost as ovexcos29_41_0_, purchasere0_.ovfec as ovfec30_41_0_, purchasere0_.ovfta as ovfta31_41_0_, purchasere0_.ovftb as ovftb32_41_0_, purchasere0_.ovfuc as ovfuc33_41_0_, purchasere0_.ovglcls as ovglcls34_41_0_, purchasere0_.ovidd as ovidd35_41_0_, purchasere0_.ovidn as ovidn36_41_0_, purchasere0_.ovitt as ovitt37_41_0_, purchasere0_.ovdocidt as ovdocid38_41_0_, purchasere0_.ovdocino as ovdocin39_41_0_, purchasere0_.ovdocisq as ovdocis40_41_0_, purchasere0_.ovdocity as ovdocit41_41_0_, purchasere0_.ovinum as ovinum42_41_0_, purchasere0_.ovdesb1 as ovdesb43_41_0_, purchasere0_.ovlcrt as ovlcrt44_41_0_, purchasere0_.ovitc05 as ovitc45_41_0_, purchasere0_.ovlst as ovlst46_41_0_, purchasere0_.ovlvla as ovlvla47_41_0_, purchasere0_.ovlnty as ovlnty48_41_0_, purchasere0_.ovlocid as ovlocid49_41_0_, purchasere0_.ovmatc as ovmatc50_41_0_, purchasere0_.ovnst as ovnst51_41_0_, purchasere0_.ovobid as ovobid52_41_0_, purchasere0_.ovdocono as ovdocon53_41_0_, purchasere0_.ovdocosq as ovdocos54_41_0_, purchasere0_.ovdocoty as ovdocot55_41_0_, purchasere0_.ovordocno as ovordoc56_41_0_, purchasere0_.ovordocsq as ovordoc57_41_0_, purchasere0_.ovordocty as ovordoc58_41_0_, purchasere0_.ovptc as ovptc59_41_0_, purchasere0_.ovpoa as ovpoa60_41_0_, purchasere0_.ovpod as ovpod61_41_0_, purchasere0_.ovpqot as ovpqot62_41_0_, purchasere0_.ovuom1 as ovuom63_41_0_, purchasere0_.ovpjid as ovpjid64_41_0_, purchasere0_.ovpo03 as ovpo65_41_0_, purchasere0_.ovpo01 as ovpo66_41_0_, purchasere0_.ovpo02 as ovpo67_41_0_, purchasere0_.ovqty as ovqty68_41_0_, purchasere0_.ovrcdt as ovrcdt69_41_0_, purchasere0_.ovrecid as ovrecid70_41_0_, purchasere0_.ovvr04 as ovvr71_41_0_, purchasere0_.ovvr01 as ovvr72_41_0_, purchasere0_.ovvr03 as ovvr73_41_0_, purchasere0_.ovvr05 as ovvr74_41_0_, purchasere0_.ovvr02 as ovvr75_41_0_, purchasere0_.ovrtgc as ovrtgc76_41_0_, purchasere0_.ovsqot as ovsqot77_41_0_, purchasere0_.ovuom2 as ovuom78_41_0_, purchasere0_.ovsnlot as ovsnlot79_41_0_, purchasere0_.ovtaxal as ovtaxal80_41_0_, purchasere0_.ovtaxam as ovtaxam81_41_0_, purchasere0_.ovtaxab as ovtaxab82_41_0_, purchasere0_.ovtaxcd as ovtaxcd83_41_0_, purchasere0_.ovtaxidt as ovtaxid84_41_0_, purchasere0_.ovtaxino as ovtaxin85_41_0_, purchasere0_.ovtaxrt as ovtaxrt86_41_0_, purchasere0_.ovcrct as ovcrct87_41_0_, purchasere0_.ovitc03 as ovitc88_41_0_, purchasere0_.ovucf as ovucf89_41_0_, purchasere0_.ovuncost as ovuncos90_41_0_, purchasere0_.ovudc as ovudc91_41_0_, purchasere0_.ovudf as ovudf92_41_0_, purchasere0_.ovuom as ovuom93_41_0_, purchasere0_.ovvnid as ovvnid94_41_0_, purchasere0_.ovinvdt as ovinvdt95_41_0_, purchasere0_.ovinvno as ovinvno96_41_0_ from t4312 purchasere0_ where purchasere0_.ovcoid=? and purchasere0_.ovdocno=? and purchasere0_.ovdocty=? and purchasere0_.ovdocsq=?
Hibernate: insert into t4111 (itcid, itdtin, ittmin, ituid, itdtlu, ittmlu, ituidm, iticu, itpost, iticut, itanum, itst, itbuid, itdesb2, itdocdt, itdocmo, itdoctm, itdocyr, itexpdt, itexcost, itft, itglcls, itgldt, itipcd, ititt, itinum, itdesb1, itlocid, itobid, itdocono, itdocosq, itdocoty, itpqot, ituom1, itqty, itrecid, itrldocno, itrldocsq, itrldocty, itsqot, ituom2, itsnlot, itucf, ituncost, ituom, itdvs, itcoid, itdocno, itdocty, itdocsq) values (?, ?, ?, ?, ?, ?, ?, ?, ?, ?, ?, ?, ?, ?, ?, ?, ?, ?, ?, ?, ?, ?, ?, ?, ?, ?, ?, ?, ?, ?, ?, ?, ?, ?, ?, ?, ?, ?, ?, ?, ?, ?, ?, ?, ?, ?, ?, ?, ?, ?)
Hibernate: insert into t4312 (ovcid, ovdtin, ovtmin, ovuid, ovdtlu, ovtmlu, ovuidm, ovacid, ovcrcb, ovicu, ovicut, ovitc02, ovbuid, ovitc01, ovcot, ovcnid, ovcsdocdt, ovcsdocno, ovurtx, ovdccd, ovdcrt, ovdocdt, ovexcrt, ovexpdt, ovexcost, ovfec, ovfta, ovftb, ovfuc, ovglcls, ovidd, ovidn, ovitt, ovdocidt, ovdocino, ovdocisq, ovdocity, ovinum, ovdesb1, ovlcrt, ovitc05, ovlst, ovlvla, ovlnty, ovlocid, ovmatc, ovnst, ovobid, ovdocono, ovdocosq, ovdocoty, ovordocno, ovordocsq, ovordocty, ovptc, ovpoa, ovpod, ovpqot, ovuom1, ovpjid, ovpo03, ovpo01, ovpo02, ovqty, ovrcdt, ovrecid, ovvr04, ovvr01, ovvr03, ovvr05, ovvr02, ovrtgc, ovsqot, ovuom2, ovsnlot, ovtaxal, ovtaxam, ovtaxab, ovtaxcd, ovtaxidt, ovtaxino, ovtaxrt, ovcrct, ovitc03, ovucf, ovuncost, ovudc, ovudf, ovuom, ovvnid, ovinvdt, ovinvno, ovcoid, ovdocno, ovdocty, ovdocsq) values (?, ?, ?, ?, ?, ?, ?, ?, ?, ?, ?, ?, ?, ?, ?, ?, ?, ?, ?, ?, ?, ?, ?, ?, ?, ?, ?, ?, ?, ?, ?, ?, ?, ?, ?, ?, ?, ?, ?, ?, ?, ?, ?, ?, ?, ?, ?, ?, ?, ?, ?, ?, ?, ?, ?, ?, ?, ?, ?, ?, ?, ?, ?, ?, ?, ?, ?, ?, ?, ?, ?, ?, ?, ?, ?, ?, ?, ?, ?, ?, ?, ?, ?, ?, ?, ?, ?, ?, ?, ?, ?, ?, ?, ?, ?, ?)
Hibernate: update t4312 set ovcid=?, ovdtlu=?, ovtmlu=?, ovuidm=?, ovacid=?, ovitc02=?, ovitc01=?, ovcot=?, ovcnid=?, ovcsdocdt=?, ovcsdocno=?, ovurtx=?, ovdccd=?, ovdcrt=?, ovdocdt=?, ovexpdt=?, ovexcost=?, ovfec=?, ovfta=?, ovftb=?, ovfuc=?, ovglcls=?, ovidd=?, ovidn=?, ovitt=?, ovdocidt=?, ovdocino=?, ovdocisq=?, ovdocity=?, ovdesb1=?, ovlcrt=?, ovitc05=?, ovlst=?, ovlvla=?, ovlnty=?, ovlocid=?, ovmatc=?, ovnst=?, ovobid=?, ovdocono=?, ovdocosq=?, ovdocoty=?, ovordocno=?, ovordocsq=?, ovordocty=?, ovptc=?, ovpoa=?, ovpod=?, ovpqot=?, ovuom1=?, ovpjid=?, ovpo03=?, ovpo01=?, ovpo02=?, ovqty=?, ovrcdt=?, ovrecid=?, ovvr04=?, ovvr01=?, ovvr03=?, ovvr05=?, ovvr02=?, ovrtgc=?, ovsqot=?, ovuom2=?, ovsnlot=?, ovtaxal=?, ovtaxam=?, ovtaxab=?, ovtaxcd=?, ovtaxidt=?, ovtaxino=?, ovtaxrt=?, ovitc03=?, ovucf=?, ovuncost=?, ovudc=?, ovudf=?, ovuom=?, ovinvdt=?, ovinvno=? where ovcoid=? and ovdocno=? and ovdocty=? and ovdocsq=?
Hibernate: update t4311 set odcid=?, oddtlu=?, odtmlu=?, oduidm=?, odacid=?, odaprcd=?, odcrcb=?, oditc02=?, odbuid=?, odqtycl=?, oditc01=?, odcldt=?, odcsid=?, oddccd=?, oddcrt=?, odexcrt=?, odexcost=?, odqtyx=?, oducfx=?, oduncostx=?, oduomx=?, odfec=?, odfta=?, odftb=?, odfuc=?, odglcls=?, odgldt=?, odir02=?, odir01=?, odir03=?, odinum=?, oddesb1=?, oditc05=?, odlst=?, odlnty=?, odlocid=?, odnst=?, odobid=?, odqtyop=?, odordt=?, odqtyor=?, odott=?, odordocdt=?, odordocno=?, odordocsq=?, odordocty=?, odptc=?, odpqor=?, oduom1=?, odpjid=?, odpddt=?, odpo03=?, odpo01=?, odpo02=?, odqty=?, odrcdt=?, odqtyrc=?, odstid=?, odvr04=?, odvr01=?, odvr03=?, odvr05=?, odvr02=?, odrldocno=?, odrldocsq=?, odrldocty=?, odrqdt=?, odqtyrn=?, odsqor=?, oduom2=?, odsnlot=?, odtaxal=?, odtaxam=?, odtaxab=?, odtaxcd=?, odtaxrt=?, odcrct=?, oditc03=?, oducf=?, oduncost=?, odudc=?, odudf=?, oduom=?, odvnid=? where odcoid=? and oddocono=? and oddocosq=? and oddocoty=?
Hibernate: select purchasere0_.ovcoid as ovcoid1_41_, purchasere0_.ovdocno as ovdocno2_41_, purchasere0_.ovdocty as ovdocty3_41_, purchasere0_.ovdocsq as ovdocsq4_41_, purchasere0_.ovcid as ovcid5_41_, purchasere0_.ovdtin as ovdtin6_41_, purchasere0_.ovtmin as ovtmin7_41_, purchasere0_.ovuid as ovuid8_41_, purchasere0_.ovdtlu as ovdtlu9_41_, purchasere0_.ovtmlu as ovtmlu10_41_, purchasere0_.ovuidm as ovuidm11_41_, purchasere0_.ovacid as ovacid12_41_, purchasere0_.ovcrcb as ovcrcb13_41_, purchasere0_.ovicu as ovicu14_41_, purchasere0_.ovicut as ovicut15_41_, purchasere0_.ovitc02 as ovitc16_41_, purchasere0_.ovbuid as ovbuid17_41_, purchasere0_.ovitc01 as ovitc18_41_, purchasere0_.ovcot as ovcot19_41_, purchasere0_.ovcnid as ovcnid20_41_, purchasere0_.ovcsdocdt as ovcsdoc21_41_, purchasere0_.ovcsdocno as ovcsdoc22_41_, purchasere0_.ovurtx as ovurtx23_41_, purchasere0_.ovdccd as ovdccd24_41_, purchasere0_.ovdcrt as ovdcrt25_41_, purchasere0_.ovdocdt as ovdocdt26_41_, purchasere0_.ovexcrt as ovexcrt27_41_, purchasere0_.ovexpdt as ovexpdt28_41_, purchasere0_.ovexcost as ovexcos29_41_, purchasere0_.ovfec as ovfec30_41_, purchasere0_.ovfta as ovfta31_41_, purchasere0_.ovftb as ovftb32_41_, purchasere0_.ovfuc as ovfuc33_41_, purchasere0_.ovglcls as ovglcls34_41_, purchasere0_.ovidd as ovidd35_41_, purchasere0_.ovidn as ovidn36_41_, purchasere0_.ovitt as ovitt37_41_, purchasere0_.ovdocidt as ovdocid38_41_, purchasere0_.ovdocino as ovdocin39_41_, purchasere0_.ovdocisq as ovdocis40_41_, purchasere0_.ovdocity as ovdocit41_41_, purchasere0_.ovinum as ovinum42_41_, purchasere0_.ovdesb1 as ovdesb43_41_, purchasere0_.ovlcrt as ovlcrt44_41_, purchasere0_.ovitc05 as ovitc45_41_, purchasere0_.ovlst as ovlst46_41_, purchasere0_.ovlvla as ovlvla47_41_, purchasere0_.ovlnty as ovlnty48_41_, purchasere0_.ovlocid as ovlocid49_41_, purchasere0_.ovmatc as ovmatc50_41_, purchasere0_.ovnst as ovnst51_41_, purchasere0_.ovobid as ovobid52_41_, purchasere0_.ovdocono as ovdocon53_41_, purchasere0_.ovdocosq as ovdocos54_41_, purchasere0_.ovdocoty as ovdocot55_41_, purchasere0_.ovordocno as ovordoc56_41_, purchasere0_.ovordocsq as ovordoc57_41_, purchasere0_.ovordocty as ovordoc58_41_, purchasere0_.ovptc as ovptc59_41_, purchasere0_.ovpoa as ovpoa60_41_, purchasere0_.ovpod as ovpod61_41_, purchasere0_.ovpqot as ovpqot62_41_, purchasere0_.ovuom1 as ovuom63_41_, purchasere0_.ovpjid as ovpjid64_41_, purchasere0_.ovpo03 as ovpo65_41_, purchasere0_.ovpo01 as ovpo66_41_, purchasere0_.ovpo02 as ovpo67_41_, purchasere0_.ovqty as ovqty68_41_, purchasere0_.ovrcdt as ovrcdt69_41_, purchasere0_.ovrecid as ovrecid70_41_, purchasere0_.ovvr04 as ovvr71_41_, purchasere0_.ovvr01 as ovvr72_41_, purchasere0_.ovvr03 as ovvr73_41_, purchasere0_.ovvr05 as ovvr74_41_, purchasere0_.ovvr02 as ovvr75_41_, purchasere0_.ovrtgc as ovrtgc76_41_, purchasere0_.ovsqot as ovsqot77_41_, purchasere0_.ovuom2 as ovuom78_41_, purchasere0_.ovsnlot as ovsnlot79_41_, purchasere0_.ovtaxal as ovtaxal80_41_, purchasere0_.ovtaxam as ovtaxam81_41_, purchasere0_.ovtaxab as ovtaxab82_41_, purchasere0_.ovtaxcd as ovtaxcd83_41_, purchasere0_.ovtaxidt as ovtaxid84_41_, purchasere0_.ovtaxino as ovtaxin85_41_, purchasere0_.ovtaxrt as ovtaxrt86_41_, purchasere0_.ovcrct as ovcrct87_41_, purchasere0_.ovitc03 as ovitc88_41_, purchasere0_.ovucf as ovucf89_41_, purchasere0_.ovuncost as ovuncos90_41_, purchasere0_.ovudc as ovudc91_41_, purchasere0_.ovudf as ovudf92_41_, purchasere0_.ovuom as ovuom93_41_, purchasere0_.ovvnid as ovvnid94_41_, purchasere0_.ovinvdt as ovinvdt95_41_, purchasere0_.ovinvno as ovinvno96_41_ from t4312 purchasere0_ where purchasere0_.ovcoid=? and purchasere0_.ovdocno=? and purchasere0_.ovdocty=?
Hibernate: select serialnumb0_.coid as coid1_43_0_, serialnumb0_.docno as docno2_43_0_, serialnumb0_.docty as docty3_43_0_, serialnumb0_.docsq as docsq4_43_0_, serialnumb0_.buid as buid5_43_0_, serialnumb0_.inum as inum6_43_0_, serialnumb0_.snlot as snlot7_43_0_, lotmaster1_.ltbuid as ltbuid1_34_1_, lotmaster1_.ltinum as ltinum2_34_1_, lotmaster1_.ltsnlot as ltsnlot3_34_1_, lotmaster1_.ltcid as ltcid4_34_1_, lotmaster1_.ltdtin as ltdtin5_34_1_, lotmaster1_.lttmin as lttmin6_34_1_, lotmaster1_.ltuid as ltuid7_34_1_, lotmaster1_.ltdtlu as ltdtlu8_34_1_, lotmaster1_.lttmlu as lttmlu9_34_1_, lotmaster1_.ltuidm as ltuidm10_34_1_, lotmaster1_.ltbodt as ltbodt11_34_1_, lotmaster1_.ltbbdt as ltbbdt12_34_1_, lotmaster1_.ltcldt as ltcldt13_34_1_, lotmaster1_.ltexpdt as ltexpdt14_34_1_, lotmaster1_.ltldsc as ltldsc15_34_1_, lotmaster1_.ltledt as ltledt16_34_1_, lotmaster1_.ltlsc as ltlsc17_34_1_, lotmaster1_.ltmlot1 as ltmlot18_34_1_, lotmaster1_.ltmlot2 as ltmlot19_34_1_, lotmaster1_.ltmlot3 as ltmlot20_34_1_, lotmaster1_.ltohdt as ltohdt21_34_1_, lotmaster1_.ltsern as ltsern22_34_1_ from transaction_serialnumbers serialnumb0_ inner join t4108 lotmaster1_ on serialnumb0_.buid=lotmaster1_.ltbuid and serialnumb0_.inum=lotmaster1_.ltinum and serialnumb0_.snlot=lotmaster1_.ltsnlot where serialnumb0_.coid=? and serialnumb0_.docno=? and serialnumb0_.docty=? and serialnumb0_.docsq=?
Hibernate: select serialnumb0_.coid as coid1_43_0_, serialnumb0_.docno as docno2_43_0_, serialnumb0_.docty as docty3_43_0_, serialnumb0_.docsq as docsq4_43_0_, serialnumb0_.buid as buid5_43_0_, serialnumb0_.inum as inum6_43_0_, serialnumb0_.snlot as snlot7_43_0_, lotmaster1_.ltbuid as ltbuid1_34_1_, lotmaster1_.ltinum as ltinum2_34_1_, lotmaster1_.ltsnlot as ltsnlot3_34_1_, lotmaster1_.ltcid as ltcid4_34_1_, lotmaster1_.ltdtin as ltdtin5_34_1_, lotmaster1_.lttmin as lttmin6_34_1_, lotmaster1_.ltuid as ltuid7_34_1_, lotmaster1_.ltdtlu as ltdtlu8_34_1_, lotmaster1_.lttmlu as lttmlu9_34_1_, lotmaster1_.ltuidm as ltuidm10_34_1_, lotmaster1_.ltbodt as ltbodt11_34_1_, lotmaster1_.ltbbdt as ltbbdt12_34_1_, lotmaster1_.ltcldt as ltcldt13_34_1_, lotmaster1_.ltexpdt as ltexpdt14_34_1_, lotmaster1_.ltldsc as ltldsc15_34_1_, lotmaster1_.ltledt as ltledt16_34_1_, lotmaster1_.ltlsc as ltlsc17_34_1_, lotmaster1_.ltmlot1 as ltmlot18_34_1_, lotmaster1_.ltmlot2 as ltmlot19_34_1_, lotmaster1_.ltmlot3 as ltmlot20_34_1_, lotmaster1_.ltohdt as ltohdt21_34_1_, lotmaster1_.ltsern as ltsern22_34_1_ from transaction_serialnumbers serialnumb0_ inner join t4108 lotmaster1_ on serialnumb0_.buid=lotmaster1_.ltbuid and serialnumb0_.inum=lotmaster1_.ltinum and serialnumb0_.snlot=lotmaster1_.ltsnlot where serialnumb0_.coid=? and serialnumb0_.docno=? and serialnumb0_.docty=? and serialnumb0_.docsq=?
Hibernate: select serialnumb0_.coid as coid1_43_0_, serialnumb0_.docno as docno2_43_0_, serialnumb0_.docty as docty3_43_0_, serialnumb0_.docsq as docsq4_43_0_, serialnumb0_.buid as buid5_43_0_, serialnumb0_.inum as inum6_43_0_, serialnumb0_.snlot as snlot7_43_0_, lotmaster1_.ltbuid as ltbuid1_34_1_, lotmaster1_.ltinum as ltinum2_34_1_, lotmaster1_.ltsnlot as ltsnlot3_34_1_, lotmaster1_.ltcid as ltcid4_34_1_, lotmaster1_.ltdtin as ltdtin5_34_1_, lotmaster1_.lttmin as lttmin6_34_1_, lotmaster1_.ltuid as ltuid7_34_1_, lotmaster1_.ltdtlu as ltdtlu8_34_1_, lotmaster1_.lttmlu as lttmlu9_34_1_, lotmaster1_.ltuidm as ltuidm10_34_1_, lotmaster1_.ltbodt as ltbodt11_34_1_, lotmaster1_.ltbbdt as ltbbdt12_34_1_, lotmaster1_.ltcldt as ltcldt13_34_1_, lotmaster1_.ltexpdt as ltexpdt14_34_1_, lotmaster1_.ltldsc as ltldsc15_34_1_, lotmaster1_.ltledt as ltledt16_34_1_, lotmaster1_.ltlsc as ltlsc17_34_1_, lotmaster1_.ltmlot1 as ltmlot18_34_1_, lotmaster1_.ltmlot2 as ltmlot19_34_1_, lotmaster1_.ltmlot3 as ltmlot20_34_1_, lotmaster1_.ltohdt as ltohdt21_34_1_, lotmaster1_.ltsern as ltsern22_34_1_ from transaction_serialnumbers serialnumb0_ inner join t4108 lotmaster1_ on serialnumb0_.buid=lotmaster1_.ltbuid and serialnumb0_.inum=lotmaster1_.ltinum and serialnumb0_.snlot=lotmaster1_.ltsnlot where serialnumb0_.coid=? and serialnumb0_.docno=? and serialnumb0_.docty=? and serialnumb0_.docsq=?
Hibernate: select purchasere0_.ovcoid as ovcoid1_41_0_, purchasere0_.ovdocno as ovdocno2_41_0_, purchasere0_.ovdocty as ovdocty3_41_0_, purchasere0_.ovdocsq as ovdocsq4_41_0_, purchasere0_.ovcid as ovcid5_41_0_, purchasere0_.ovdtin as ovdtin6_41_0_, purchasere0_.ovtmin as ovtmin7_41_0_, purchasere0_.ovuid as ovuid8_41_0_, purchasere0_.ovdtlu as ovdtlu9_41_0_, purchasere0_.ovtmlu as ovtmlu10_41_0_, purchasere0_.ovuidm as ovuidm11_41_0_, purchasere0_.ovacid as ovacid12_41_0_, purchasere0_.ovcrcb as ovcrcb13_41_0_, purchasere0_.ovicu as ovicu14_41_0_, purchasere0_.ovicut as ovicut15_41_0_, purchasere0_.ovitc02 as ovitc16_41_0_, purchasere0_.ovbuid as ovbuid17_41_0_, purchasere0_.ovitc01 as ovitc18_41_0_, purchasere0_.ovcot as ovcot19_41_0_, purchasere0_.ovcnid as ovcnid20_41_0_, purchasere0_.ovcsdocdt as ovcsdoc21_41_0_, purchasere0_.ovcsdocno as ovcsdoc22_41_0_, purchasere0_.ovurtx as ovurtx23_41_0_, purchasere0_.ovdccd as ovdccd24_41_0_, purchasere0_.ovdcrt as ovdcrt25_41_0_, purchasere0_.ovdocdt as ovdocdt26_41_0_, purchasere0_.ovexcrt as ovexcrt27_41_0_, purchasere0_.ovexpdt as ovexpdt28_41_0_, purchasere0_.ovexcost as ovexcos29_41_0_, purchasere0_.ovfec as ovfec30_41_0_, purchasere0_.ovfta as ovfta31_41_0_, purchasere0_.ovftb as ovftb32_41_0_, purchasere0_.ovfuc as ovfuc33_41_0_, purchasere0_.ovglcls as ovglcls34_41_0_, purchasere0_.ovidd as ovidd35_41_0_, purchasere0_.ovidn as ovidn36_41_0_, purchasere0_.ovitt as ovitt37_41_0_, purchasere0_.ovdocidt as ovdocid38_41_0_, purchasere0_.ovdocino as ovdocin39_41_0_, purchasere0_.ovdocisq as ovdocis40_41_0_, purchasere0_.ovdocity as ovdocit41_41_0_, purchasere0_.ovinum as ovinum42_41_0_, purchasere0_.ovdesb1 as ovdesb43_41_0_, purchasere0_.ovlcrt as ovlcrt44_41_0_, purchasere0_.ovitc05 as ovitc45_41_0_, purchasere0_.ovlst as ovlst46_41_0_, purchasere0_.ovlvla as ovlvla47_41_0_, purchasere0_.ovlnty as ovlnty48_41_0_, purchasere0_.ovlocid as ovlocid49_41_0_, purchasere0_.ovmatc as ovmatc50_41_0_, purchasere0_.ovnst as ovnst51_41_0_, purchasere0_.ovobid as ovobid52_41_0_, purchasere0_.ovdocono as ovdocon53_41_0_, purchasere0_.ovdocosq as ovdocos54_41_0_, purchasere0_.ovdocoty as ovdocot55_41_0_, purchasere0_.ovordocno as ovordoc56_41_0_, purchasere0_.ovordocsq as ovordoc57_41_0_, purchasere0_.ovordocty as ovordoc58_41_0_, purchasere0_.ovptc as ovptc59_41_0_, purchasere0_.ovpoa as ovpoa60_41_0_, purchasere0_.ovpod as ovpod61_41_0_, purchasere0_.ovpqot as ovpqot62_41_0_, purchasere0_.ovuom1 as ovuom63_41_0_, purchasere0_.ovpjid as ovpjid64_41_0_, purchasere0_.ovpo03 as ovpo65_41_0_, purchasere0_.ovpo01 as ovpo66_41_0_, purchasere0_.ovpo02 as ovpo67_41_0_, purchasere0_.ovqty as ovqty68_41_0_, purchasere0_.ovrcdt as ovrcdt69_41_0_, purchasere0_.ovrecid as ovrecid70_41_0_, purchasere0_.ovvr04 as ovvr71_41_0_, purchasere0_.ovvr01 as ovvr72_41_0_, purchasere0_.ovvr03 as ovvr73_41_0_, purchasere0_.ovvr05 as ovvr74_41_0_, purchasere0_.ovvr02 as ovvr75_41_0_, purchasere0_.ovrtgc as ovrtgc76_41_0_, purchasere0_.ovsqot as ovsqot77_41_0_, purchasere0_.ovuom2 as ovuom78_41_0_, purchasere0_.ovsnlot as ovsnlot79_41_0_, purchasere0_.ovtaxal as ovtaxal80_41_0_, purchasere0_.ovtaxam as ovtaxam81_41_0_, purchasere0_.ovtaxab as ovtaxab82_41_0_, purchasere0_.ovtaxcd as ovtaxcd83_41_0_, purchasere0_.ovtaxidt as ovtaxid84_41_0_, purchasere0_.ovtaxino as ovtaxin85_41_0_, purchasere0_.ovtaxrt as ovtaxrt86_41_0_, purchasere0_.ovcrct as ovcrct87_41_0_, purchasere0_.ovitc03 as ovitc88_41_0_, purchasere0_.ovucf as ovucf89_41_0_, purchasere0_.ovuncost as ovuncos90_41_0_, purchasere0_.ovudc as ovudc91_41_0_, purchasere0_.ovudf as ovudf92_41_0_, purchasere0_.ovuom as ovuom93_41_0_, purchasere0_.ovvnid as ovvnid94_41_0_, purchasere0_.ovinvdt as ovinvdt95_41_0_, purchasere0_.ovinvno as ovinvno96_41_0_ from t4312 purchasere0_ where purchasere0_.ovcoid=? and purchasere0_.ovdocno=? and purchasere0_.ovdocty=? and purchasere0_.ovdocsq=?
Hibernate: select purchasere0_.ovcoid as ovcoid1_41_, purchasere0_.ovdocno as ovdocno2_41_, purchasere0_.ovdocty as ovdocty3_41_, purchasere0_.ovdocsq as ovdocsq4_41_, purchasere0_.ovcid as ovcid5_41_, purchasere0_.ovdtin as ovdtin6_41_, purchasere0_.ovtmin as ovtmin7_41_, purchasere0_.ovuid as ovuid8_41_, purchasere0_.ovdtlu as ovdtlu9_41_, purchasere0_.ovtmlu as ovtmlu10_41_, purchasere0_.ovuidm as ovuidm11_41_, purchasere0_.ovacid as ovacid12_41_, purchasere0_.ovcrcb as ovcrcb13_41_, purchasere0_.ovicu as ovicu14_41_, purchasere0_.ovicut as ovicut15_41_, purchasere0_.ovitc02 as ovitc16_41_, purchasere0_.ovbuid as ovbuid17_41_, purchasere0_.ovitc01 as ovitc18_41_, purchasere0_.ovcot as ovcot19_41_, purchasere0_.ovcnid as ovcnid20_41_, purchasere0_.ovcsdocdt as ovcsdoc21_41_, purchasere0_.ovcsdocno as ovcsdoc22_41_, purchasere0_.ovurtx as ovurtx23_41_, purchasere0_.ovdccd as ovdccd24_41_, purchasere0_.ovdcrt as ovdcrt25_41_, purchasere0_.ovdocdt as ovdocdt26_41_, purchasere0_.ovexcrt as ovexcrt27_41_, purchasere0_.ovexpdt as ovexpdt28_41_, purchasere0_.ovexcost as ovexcos29_41_, purchasere0_.ovfec as ovfec30_41_, purchasere0_.ovfta as ovfta31_41_, purchasere0_.ovftb as ovftb32_41_, purchasere0_.ovfuc as ovfuc33_41_, purchasere0_.ovglcls as ovglcls34_41_, purchasere0_.ovidd as ovidd35_41_, purchasere0_.ovidn as ovidn36_41_, purchasere0_.ovitt as ovitt37_41_, purchasere0_.ovdocidt as ovdocid38_41_, purchasere0_.ovdocino as ovdocin39_41_, purchasere0_.ovdocisq as ovdocis40_41_, purchasere0_.ovdocity as ovdocit41_41_, purchasere0_.ovinum as ovinum42_41_, purchasere0_.ovdesb1 as ovdesb43_41_, purchasere0_.ovlcrt as ovlcrt44_41_, purchasere0_.ovitc05 as ovitc45_41_, purchasere0_.ovlst as ovlst46_41_, purchasere0_.ovlvla as ovlvla47_41_, purchasere0_.ovlnty as ovlnty48_41_, purchasere0_.ovlocid as ovlocid49_41_, purchasere0_.ovmatc as ovmatc50_41_, purchasere0_.ovnst as ovnst51_41_, purchasere0_.ovobid as ovobid52_41_, purchasere0_.ovdocono as ovdocon53_41_, purchasere0_.ovdocosq as ovdocos54_41_, purchasere0_.ovdocoty as ovdocot55_41_, purchasere0_.ovordocno as ovordoc56_41_, purchasere0_.ovordocsq as ovordoc57_41_, purchasere0_.ovordocty as ovordoc58_41_, purchasere0_.ovptc as ovptc59_41_, purchasere0_.ovpoa as ovpoa60_41_, purchasere0_.ovpod as ovpod61_41_, purchasere0_.ovpqot as ovpqot62_41_, purchasere0_.ovuom1 as ovuom63_41_, purchasere0_.ovpjid as ovpjid64_41_, purchasere0_.ovpo03 as ovpo65_41_, purchasere0_.ovpo01 as ovpo66_41_, purchasere0_.ovpo02 as ovpo67_41_, purchasere0_.ovqty as ovqty68_41_, purchasere0_.ovrcdt as ovrcdt69_41_, purchasere0_.ovrecid as ovrecid70_41_, purchasere0_.ovvr04 as ovvr71_41_, purchasere0_.ovvr01 as ovvr72_41_, purchasere0_.ovvr03 as ovvr73_41_, purchasere0_.ovvr05 as ovvr74_41_, purchasere0_.ovvr02 as ovvr75_41_, purchasere0_.ovrtgc as ovrtgc76_41_, purchasere0_.ovsqot as ovsqot77_41_, purchasere0_.ovuom2 as ovuom78_41_, purchasere0_.ovsnlot as ovsnlot79_41_, purchasere0_.ovtaxal as ovtaxal80_41_, purchasere0_.ovtaxam as ovtaxam81_41_, purchasere0_.ovtaxab as ovtaxab82_41_, purchasere0_.ovtaxcd as ovtaxcd83_41_, purchasere0_.ovtaxidt as ovtaxid84_41_, purchasere0_.ovtaxino as ovtaxin85_41_, purchasere0_.ovtaxrt as ovtaxrt86_41_, purchasere0_.ovcrct as ovcrct87_41_, purchasere0_.ovitc03 as ovitc88_41_, purchasere0_.ovucf as ovucf89_41_, purchasere0_.ovuncost as ovuncos90_41_, purchasere0_.ovudc as ovudc91_41_, purchasere0_.ovudf as ovudf92_41_, purchasere0_.ovuom as ovuom93_41_, purchasere0_.ovvnid as ovvnid94_41_, purchasere0_.ovinvdt as ovinvdt95_41_, purchasere0_.ovinvno as ovinvno96_41_ from t4312 purchasere0_ where purchasere0_.ovcoid=? and purchasere0_.ovdocno=? and purchasere0_.ovdocty=?
Hibernate: select purchasede0_.odcoid as odcoid1_40_0_, purchasede0_.oddocono as oddocono2_40_0_, purchasede0_.oddocosq as oddocosq3_40_0_, purchasede0_.oddocoty as oddocoty4_40_0_, purchasede0_.odcid as odcid5_40_0_, purchasede0_.oddtin as oddtin6_40_0_, purchasede0_.odtmin as odtmin7_40_0_, purchasede0_.oduid as oduid8_40_0_, purchasede0_.oddtlu as oddtlu9_40_0_, purchasede0_.odtmlu as odtmlu10_40_0_, purchasede0_.oduidm as oduidm11_40_0_, purchasede0_.odacid as odacid12_40_0_, purchasede0_.odaprcd as odaprcd13_40_0_, purchasede0_.odcrcb as odcrcb14_40_0_, purchasede0_.oditc02 as oditc15_40_0_, purchasede0_.odbuid as odbuid16_40_0_, purchasede0_.odqtycl as odqtycl17_40_0_, purchasede0_.oditc01 as oditc18_40_0_, purchasede0_.odcldt as odcldt19_40_0_, purchasede0_.odcsid as odcsid20_40_0_, purchasede0_.oddccd as oddccd21_40_0_, purchasede0_.oddcrt as oddcrt22_40_0_, purchasede0_.odexcrt as odexcrt23_40_0_, purchasede0_.odexcost as odexcos24_40_0_, purchasede0_.odqtyx as odqtyx25_40_0_, purchasede0_.oducfx as oducfx26_40_0_, purchasede0_.oduncostx as oduncos27_40_0_, purchasede0_.oduomx as oduomx28_40_0_, purchasede0_.odfec as odfec29_40_0_, purchasede0_.odfta as odfta30_40_0_, purchasede0_.odftb as odftb31_40_0_, purchasede0_.odfuc as odfuc32_40_0_, purchasede0_.odglcls as odglcls33_40_0_, purchasede0_.odgldt as odgldt34_40_0_, purchasede0_.odir02 as odir35_40_0_, purchasede0_.odir01 as odir36_40_0_, purchasede0_.odir03 as odir37_40_0_, purchasede0_.odinum as odinum38_40_0_, purchasede0_.oddesb1 as oddesb39_40_0_, purchasede0_.oditc05 as oditc40_40_0_, purchasede0_.odlst as odlst41_40_0_, purchasede0_.odlnty as odlnty42_40_0_, purchasede0_.odlocid as odlocid43_40_0_, purchasede0_.odnst as odnst44_40_0_, purchasede0_.odobid as odobid45_40_0_, purchasede0_.odqtyop as odqtyop46_40_0_, purchasede0_.odordt as odordt47_40_0_, purchasede0_.odqtyor as odqtyor48_40_0_, purchasede0_.odott as odott49_40_0_, purchasede0_.odordocdt as odordoc50_40_0_, purchasede0_.odordocno as odordoc51_40_0_, purchasede0_.odordocsq as odordoc52_40_0_, purchasede0_.odordocty as odordoc53_40_0_, purchasede0_.odptc as odptc54_40_0_, purchasede0_.odpqor as odpqor55_40_0_, purchasede0_.oduom1 as oduom56_40_0_, purchasede0_.odpjid as odpjid57_40_0_, purchasede0_.odpddt as odpddt58_40_0_, purchasede0_.odpo03 as odpo59_40_0_, purchasede0_.odpo01 as odpo60_40_0_, purchasede0_.odpo02 as odpo61_40_0_, purchasede0_.odqty as odqty62_40_0_, purchasede0_.odrcdt as odrcdt63_40_0_, purchasede0_.odqtyrc as odqtyrc64_40_0_, purchasede0_.odstid as odstid65_40_0_, purchasede0_.odvr04 as odvr66_40_0_, purchasede0_.odvr01 as odvr67_40_0_, purchasede0_.odvr03 as odvr68_40_0_, purchasede0_.odvr05 as odvr69_40_0_, purchasede0_.odvr02 as odvr70_40_0_, purchasede0_.odrldocno as odrldoc71_40_0_, purchasede0_.odrldocsq as odrldoc72_40_0_, purchasede0_.odrldocty as odrldoc73_40_0_, purchasede0_.odrqdt as odrqdt74_40_0_, purchasede0_.odqtyrn as odqtyrn75_40_0_, purchasede0_.odsqor as odsqor76_40_0_, purchasede0_.oduom2 as oduom77_40_0_, purchasede0_.odsnlot as odsnlot78_40_0_, purchasede0_.odtaxal as odtaxal79_40_0_, purchasede0_.odtaxam as odtaxam80_40_0_, purchasede0_.odtaxab as odtaxab81_40_0_, purchasede0_.odtaxcd as odtaxcd82_40_0_, purchasede0_.odtaxrt as odtaxrt83_40_0_, purchasede0_.odcrct as odcrct84_40_0_, purchasede0_.oditc03 as oditc85_40_0_, purchasede0_.oducf as oducf86_40_0_, purchasede0_.oduncost as oduncos87_40_0_, purchasede0_.odudc as odudc88_40_0_, purchasede0_.odudf as odudf89_40_0_, purchasede0_.oduom as oduom90_40_0_, purchasede0_.odvnid as odvnid91_40_0_, purchaseor1_.ohcoid as ohcoid1_39_1_, purchaseor1_.ohdocono as ohdocono2_39_1_, purchaseor1_.ohdocoty as ohdocoty3_39_1_, purchaseor1_.ohcid as ohcid4_39_1_, purchaseor1_.ohdtin as ohdtin5_39_1_, purchaseor1_.ohtmin as ohtmin6_39_1_, purchaseor1_.ohuid as ohuid7_39_1_, purchaseor1_.ohdtlu as ohdtlu8_39_1_, purchaseor1_.ohtmlu as ohtmlu9_39_1_, purchaseor1_.ohuidm as ohuidm10_39_1_, purchaseor1_.ohaprcd as ohaprcd11_39_1_, purchaseor1_.ohcrcb as ohcrcb12_39_1_, purchaseor1_.ohbuid as ohbuid13_39_1_, purchaseor1_.ohcldt as ohcldt14_39_1_, purchaseor1_.ohcot as ohcot15_39_1_, purchaseor1_.ohcsid as ohcsid16_39_1_, purchaseor1_.ohdesb1 as ohdesb17_39_1_, purchaseor1_.ohdccd as ohdccd18_39_1_, purchaseor1_.ohdcrt as ohdcrt19_39_1_, purchaseor1_.ohexcrt as ohexcrt20_39_1_, purchaseor1_.ohgldt as ohgldt21_39_1_, purchaseor1_.ohidd as ohidd22_39_1_, purchaseor1_.ohidn as ohidn23_39_1_, purchaseor1_.ohlst as ohlst24_39_1_, purchaseor1_.ohnst as ohnst25_39_1_, purchaseor1_.ohobid as ohobid26_39_1_, purchaseor1_.ohordt as ohordt27_39_1_, purchaseor1_.ohptc as ohptc28_39_1_, purchaseor1_.ohpoa as ohpoa29_39_1_, purchaseor1_.ohpod as ohpod30_39_1_, purchaseor1_.ohpjid as ohpjid31_39_1_, purchaseor1_.ohpddt as ohpddt32_39_1_, purchaseor1_.ohrcdt as ohrcdt33_39_1_, purchaseor1_.ohstid as ohstid34_39_1_, purchaseor1_.ohrqdt as ohrqdt35_39_1_, purchaseor1_.ohtaxal as ohtaxal36_39_1_, purchaseor1_.ohtaxcd as ohtaxcd37_39_1_, purchaseor1_.ohtaxrt as ohtaxrt38_39_1_, purchaseor1_.ohcrct as ohcrct39_39_1_, purchaseor1_.ohdesc1 as ohdesc40_39_1_, purchaseor1_.ohdesc2 as ohdesc41_39_1_, purchaseor1_.ohvhrn as ohvhrn42_39_1_, purchaseor1_.ohvhty as ohvhty43_39_1_, purchaseor1_.ohvnid as ohvnid44_39_1_ from t4311 purchasede0_ inner join t4301 purchaseor1_ on purchasede0_.odcoid=purchaseor1_.ohcoid and purchasede0_.oddocono=purchaseor1_.ohdocono and purchasede0_.oddocoty=purchaseor1_.ohdocoty where purchasede0_.odcoid=? and purchasede0_.oddocono=? and purchasede0_.oddocosq=? and purchasede0_.oddocoty=?
Hibernate: select serialnumb0_.coid as coid1_43_0_, serialnumb0_.docno as docno2_43_0_, serialnumb0_.docty as docty3_43_0_, serialnumb0_.docsq as docsq4_43_0_, serialnumb0_.buid as buid5_43_0_, serialnumb0_.inum as inum6_43_0_, serialnumb0_.snlot as snlot7_43_0_, lotmaster1_.ltbuid as ltbuid1_34_1_, lotmaster1_.ltinum as ltinum2_34_1_, lotmaster1_.ltsnlot as ltsnlot3_34_1_, lotmaster1_.ltcid as ltcid4_34_1_, lotmaster1_.ltdtin as ltdtin5_34_1_, lotmaster1_.lttmin as lttmin6_34_1_, lotmaster1_.ltuid as ltuid7_34_1_, lotmaster1_.ltdtlu as ltdtlu8_34_1_, lotmaster1_.lttmlu as lttmlu9_34_1_, lotmaster1_.ltuidm as ltuidm10_34_1_, lotmaster1_.ltbodt as ltbodt11_34_1_, lotmaster1_.ltbbdt as ltbbdt12_34_1_, lotmaster1_.ltcldt as ltcldt13_34_1_, lotmaster1_.ltexpdt as ltexpdt14_34_1_, lotmaster1_.ltldsc as ltldsc15_34_1_, lotmaster1_.ltledt as ltledt16_34_1_, lotmaster1_.ltlsc as ltlsc17_34_1_, lotmaster1_.ltmlot1 as ltmlot18_34_1_, lotmaster1_.ltmlot2 as ltmlot19_34_1_, lotmaster1_.ltmlot3 as ltmlot20_34_1_, lotmaster1_.ltohdt as ltohdt21_34_1_, lotmaster1_.ltsern as ltsern22_34_1_ from transaction_serialnumbers serialnumb0_ inner join t4108 lotmaster1_ on serialnumb0_.buid=lotmaster1_.ltbuid and serialnumb0_.inum=lotmaster1_.ltinum and serialnumb0_.snlot=lotmaster1_.ltsnlot where serialnumb0_.coid=? and serialnumb0_.docno=? and serialnumb0_.docty=? and serialnumb0_.docsq=?
Hibernate: select serialnumb0_.coid as coid1_43_0_, serialnumb0_.docno as docno2_43_0_, serialnumb0_.docty as docty3_43_0_, serialnumb0_.docsq as docsq4_43_0_, serialnumb0_.buid as buid5_43_0_, serialnumb0_.inum as inum6_43_0_, serialnumb0_.snlot as snlot7_43_0_, lotmaster1_.ltbuid as ltbuid1_34_1_, lotmaster1_.ltinum as ltinum2_34_1_, lotmaster1_.ltsnlot as ltsnlot3_34_1_, lotmaster1_.ltcid as ltcid4_34_1_, lotmaster1_.ltdtin as ltdtin5_34_1_, lotmaster1_.lttmin as lttmin6_34_1_, lotmaster1_.ltuid as ltuid7_34_1_, lotmaster1_.ltdtlu as ltdtlu8_34_1_, lotmaster1_.lttmlu as lttmlu9_34_1_, lotmaster1_.ltuidm as ltuidm10_34_1_, lotmaster1_.ltbodt as ltbodt11_34_1_, lotmaster1_.ltbbdt as ltbbdt12_34_1_, lotmaster1_.ltcldt as ltcldt13_34_1_, lotmaster1_.ltexpdt as ltexpdt14_34_1_, lotmaster1_.ltldsc as ltldsc15_34_1_, lotmaster1_.ltledt as ltledt16_34_1_, lotmaster1_.ltlsc as ltlsc17_34_1_, lotmaster1_.ltmlot1 as ltmlot18_34_1_, lotmaster1_.ltmlot2 as ltmlot19_34_1_, lotmaster1_.ltmlot3 as ltmlot20_34_1_, lotmaster1_.ltohdt as ltohdt21_34_1_, lotmaster1_.ltsern as ltsern22_34_1_ from transaction_serialnumbers serialnumb0_ inner join t4108 lotmaster1_ on serialnumb0_.buid=lotmaster1_.ltbuid and serialnumb0_.inum=lotmaster1_.ltinum and serialnumb0_.snlot=lotmaster1_.ltsnlot where serialnumb0_.coid=? and serialnumb0_.docno=? and serialnumb0_.docty=? and serialnumb0_.docsq=?
Hibernate: select purchasede0_.odcoid as odcoid1_40_0_, purchasede0_.oddocono as oddocono2_40_0_, purchasede0_.oddocosq as oddocosq3_40_0_, purchasede0_.oddocoty as oddocoty4_40_0_, purchasede0_.odcid as odcid5_40_0_, purchasede0_.oddtin as oddtin6_40_0_, purchasede0_.odtmin as odtmin7_40_0_, purchasede0_.oduid as oduid8_40_0_, purchasede0_.oddtlu as oddtlu9_40_0_, purchasede0_.odtmlu as odtmlu10_40_0_, purchasede0_.oduidm as oduidm11_40_0_, purchasede0_.odacid as odacid12_40_0_, purchasede0_.odaprcd as odaprcd13_40_0_, purchasede0_.odcrcb as odcrcb14_40_0_, purchasede0_.oditc02 as oditc15_40_0_, purchasede0_.odbuid as odbuid16_40_0_, purchasede0_.odqtycl as odqtycl17_40_0_, purchasede0_.oditc01 as oditc18_40_0_, purchasede0_.odcldt as odcldt19_40_0_, purchasede0_.odcsid as odcsid20_40_0_, purchasede0_.oddccd as oddccd21_40_0_, purchasede0_.oddcrt as oddcrt22_40_0_, purchasede0_.odexcrt as odexcrt23_40_0_, purchasede0_.odexcost as odexcos24_40_0_, purchasede0_.odqtyx as odqtyx25_40_0_, purchasede0_.oducfx as oducfx26_40_0_, purchasede0_.oduncostx as oduncos27_40_0_, purchasede0_.oduomx as oduomx28_40_0_, purchasede0_.odfec as odfec29_40_0_, purchasede0_.odfta as odfta30_40_0_, purchasede0_.odftb as odftb31_40_0_, purchasede0_.odfuc as odfuc32_40_0_, purchasede0_.odglcls as odglcls33_40_0_, purchasede0_.odgldt as odgldt34_40_0_, purchasede0_.odir02 as odir35_40_0_, purchasede0_.odir01 as odir36_40_0_, purchasede0_.odir03 as odir37_40_0_, purchasede0_.odinum as odinum38_40_0_, purchasede0_.oddesb1 as oddesb39_40_0_, purchasede0_.oditc05 as oditc40_40_0_, purchasede0_.odlst as odlst41_40_0_, purchasede0_.odlnty as odlnty42_40_0_, purchasede0_.odlocid as odlocid43_40_0_, purchasede0_.odnst as odnst44_40_0_, purchasede0_.odobid as odobid45_40_0_, purchasede0_.odqtyop as odqtyop46_40_0_, purchasede0_.odordt as odordt47_40_0_, purchasede0_.odqtyor as odqtyor48_40_0_, purchasede0_.odott as odott49_40_0_, purchasede0_.odordocdt as odordoc50_40_0_, purchasede0_.odordocno as odordoc51_40_0_, purchasede0_.odordocsq as odordoc52_40_0_, purchasede0_.odordocty as odordoc53_40_0_, purchasede0_.odptc as odptc54_40_0_, purchasede0_.odpqor as odpqor55_40_0_, purchasede0_.oduom1 as oduom56_40_0_, purchasede0_.odpjid as odpjid57_40_0_, purchasede0_.odpddt as odpddt58_40_0_, purchasede0_.odpo03 as odpo59_40_0_, purchasede0_.odpo01 as odpo60_40_0_, purchasede0_.odpo02 as odpo61_40_0_, purchasede0_.odqty as odqty62_40_0_, purchasede0_.odrcdt as odrcdt63_40_0_, purchasede0_.odqtyrc as odqtyrc64_40_0_, purchasede0_.odstid as odstid65_40_0_, purchasede0_.odvr04 as odvr66_40_0_, purchasede0_.odvr01 as odvr67_40_0_, purchasede0_.odvr03 as odvr68_40_0_, purchasede0_.odvr05 as odvr69_40_0_, purchasede0_.odvr02 as odvr70_40_0_, purchasede0_.odrldocno as odrldoc71_40_0_, purchasede0_.odrldocsq as odrldoc72_40_0_, purchasede0_.odrldocty as odrldoc73_40_0_, purchasede0_.odrqdt as odrqdt74_40_0_, purchasede0_.odqtyrn as odqtyrn75_40_0_, purchasede0_.odsqor as odsqor76_40_0_, purchasede0_.oduom2 as oduom77_40_0_, purchasede0_.odsnlot as odsnlot78_40_0_, purchasede0_.odtaxal as odtaxal79_40_0_, purchasede0_.odtaxam as odtaxam80_40_0_, purchasede0_.odtaxab as odtaxab81_40_0_, purchasede0_.odtaxcd as odtaxcd82_40_0_, purchasede0_.odtaxrt as odtaxrt83_40_0_, purchasede0_.odcrct as odcrct84_40_0_, purchasede0_.oditc03 as oditc85_40_0_, purchasede0_.oducf as oducf86_40_0_, purchasede0_.oduncost as oduncos87_40_0_, purchasede0_.odudc as odudc88_40_0_, purchasede0_.odudf as odudf89_40_0_, purchasede0_.oduom as oduom90_40_0_, purchasede0_.odvnid as odvnid91_40_0_, purchaseor1_.ohcoid as ohcoid1_39_1_, purchaseor1_.ohdocono as ohdocono2_39_1_, purchaseor1_.ohdocoty as ohdocoty3_39_1_, purchaseor1_.ohcid as ohcid4_39_1_, purchaseor1_.ohdtin as ohdtin5_39_1_, purchaseor1_.ohtmin as ohtmin6_39_1_, purchaseor1_.ohuid as ohuid7_39_1_, purchaseor1_.ohdtlu as ohdtlu8_39_1_, purchaseor1_.ohtmlu as ohtmlu9_39_1_, purchaseor1_.ohuidm as ohuidm10_39_1_, purchaseor1_.ohaprcd as ohaprcd11_39_1_, purchaseor1_.ohcrcb as ohcrcb12_39_1_, purchaseor1_.ohbuid as ohbuid13_39_1_, purchaseor1_.ohcldt as ohcldt14_39_1_, purchaseor1_.ohcot as ohcot15_39_1_, purchaseor1_.ohcsid as ohcsid16_39_1_, purchaseor1_.ohdesb1 as ohdesb17_39_1_, purchaseor1_.ohdccd as ohdccd18_39_1_, purchaseor1_.ohdcrt as ohdcrt19_39_1_, purchaseor1_.ohexcrt as ohexcrt20_39_1_, purchaseor1_.ohgldt as ohgldt21_39_1_, purchaseor1_.ohidd as ohidd22_39_1_, purchaseor1_.ohidn as ohidn23_39_1_, purchaseor1_.ohlst as ohlst24_39_1_, purchaseor1_.ohnst as ohnst25_39_1_, purchaseor1_.ohobid as ohobid26_39_1_, purchaseor1_.ohordt as ohordt27_39_1_, purchaseor1_.ohptc as ohptc28_39_1_, purchaseor1_.ohpoa as ohpoa29_39_1_, purchaseor1_.ohpod as ohpod30_39_1_, purchaseor1_.ohpjid as ohpjid31_39_1_, purchaseor1_.ohpddt as ohpddt32_39_1_, purchaseor1_.ohrcdt as ohrcdt33_39_1_, purchaseor1_.ohstid as ohstid34_39_1_, purchaseor1_.ohrqdt as ohrqdt35_39_1_, purchaseor1_.ohtaxal as ohtaxal36_39_1_, purchaseor1_.ohtaxcd as ohtaxcd37_39_1_, purchaseor1_.ohtaxrt as ohtaxrt38_39_1_, purchaseor1_.ohcrct as ohcrct39_39_1_, purchaseor1_.ohdesc1 as ohdesc40_39_1_, purchaseor1_.ohdesc2 as ohdesc41_39_1_, purchaseor1_.ohvhrn as ohvhrn42_39_1_, purchaseor1_.ohvhty as ohvhty43_39_1_, purchaseor1_.ohvnid as ohvnid44_39_1_ from t4311 purchasede0_ inner join t4301 purchaseor1_ on purchasede0_.odcoid=purchaseor1_.ohcoid and purchasede0_.oddocono=purchaseor1_.ohdocono and purchasede0_.oddocoty=purchaseor1_.ohdocoty where purchasede0_.odcoid=? and purchasede0_.oddocono=? and purchasede0_.oddocosq=? and purchasede0_.oddocoty=?
Hibernate: select serialnumb0_.coid as coid1_43_0_, serialnumb0_.docno as docno2_43_0_, serialnumb0_.docty as docty3_43_0_, serialnumb0_.docsq as docsq4_43_0_, serialnumb0_.buid as buid5_43_0_, serialnumb0_.inum as inum6_43_0_, serialnumb0_.snlot as snlot7_43_0_, lotmaster1_.ltbuid as ltbuid1_34_1_, lotmaster1_.ltinum as ltinum2_34_1_, lotmaster1_.ltsnlot as ltsnlot3_34_1_, lotmaster1_.ltcid as ltcid4_34_1_, lotmaster1_.ltdtin as ltdtin5_34_1_, lotmaster1_.lttmin as lttmin6_34_1_, lotmaster1_.ltuid as ltuid7_34_1_, lotmaster1_.ltdtlu as ltdtlu8_34_1_, lotmaster1_.lttmlu as lttmlu9_34_1_, lotmaster1_.ltuidm as ltuidm10_34_1_, lotmaster1_.ltbodt as ltbodt11_34_1_, lotmaster1_.ltbbdt as ltbbdt12_34_1_, lotmaster1_.ltcldt as ltcldt13_34_1_, lotmaster1_.ltexpdt as ltexpdt14_34_1_, lotmaster1_.ltldsc as ltldsc15_34_1_, lotmaster1_.ltledt as ltledt16_34_1_, lotmaster1_.ltlsc as ltlsc17_34_1_, lotmaster1_.ltmlot1 as ltmlot18_34_1_, lotmaster1_.ltmlot2 as ltmlot19_34_1_, lotmaster1_.ltmlot3 as ltmlot20_34_1_, lotmaster1_.ltohdt as ltohdt21_34_1_, lotmaster1_.ltsern as ltsern22_34_1_ from transaction_serialnumbers serialnumb0_ inner join t4108 lotmaster1_ on serialnumb0_.buid=lotmaster1_.ltbuid and serialnumb0_.inum=lotmaster1_.ltinum and serialnumb0_.snlot=lotmaster1_.ltsnlot where serialnumb0_.coid=? and serialnumb0_.docno=? and serialnumb0_.docty=? and serialnumb0_.docsq=?
Hibernate: select purchasede0_.odcoid as odcoid1_40_0_, purchasede0_.oddocono as oddocono2_40_0_, purchasede0_.oddocosq as oddocosq3_40_0_, purchasede0_.oddocoty as oddocoty4_40_0_, purchasede0_.odcid as odcid5_40_0_, purchasede0_.oddtin as oddtin6_40_0_, purchasede0_.odtmin as odtmin7_40_0_, purchasede0_.oduid as oduid8_40_0_, purchasede0_.oddtlu as oddtlu9_40_0_, purchasede0_.odtmlu as odtmlu10_40_0_, purchasede0_.oduidm as oduidm11_40_0_, purchasede0_.odacid as odacid12_40_0_, purchasede0_.odaprcd as odaprcd13_40_0_, purchasede0_.odcrcb as odcrcb14_40_0_, purchasede0_.oditc02 as oditc15_40_0_, purchasede0_.odbuid as odbuid16_40_0_, purchasede0_.odqtycl as odqtycl17_40_0_, purchasede0_.oditc01 as oditc18_40_0_, purchasede0_.odcldt as odcldt19_40_0_, purchasede0_.odcsid as odcsid20_40_0_, purchasede0_.oddccd as oddccd21_40_0_, purchasede0_.oddcrt as oddcrt22_40_0_, purchasede0_.odexcrt as odexcrt23_40_0_, purchasede0_.odexcost as odexcos24_40_0_, purchasede0_.odqtyx as odqtyx25_40_0_, purchasede0_.oducfx as oducfx26_40_0_, purchasede0_.oduncostx as oduncos27_40_0_, purchasede0_.oduomx as oduomx28_40_0_, purchasede0_.odfec as odfec29_40_0_, purchasede0_.odfta as odfta30_40_0_, purchasede0_.odftb as odftb31_40_0_, purchasede0_.odfuc as odfuc32_40_0_, purchasede0_.odglcls as odglcls33_40_0_, purchasede0_.odgldt as odgldt34_40_0_, purchasede0_.odir02 as odir35_40_0_, purchasede0_.odir01 as odir36_40_0_, purchasede0_.odir03 as odir37_40_0_, purchasede0_.odinum as odinum38_40_0_, purchasede0_.oddesb1 as oddesb39_40_0_, purchasede0_.oditc05 as oditc40_40_0_, purchasede0_.odlst as odlst41_40_0_, purchasede0_.odlnty as odlnty42_40_0_, purchasede0_.odlocid as odlocid43_40_0_, purchasede0_.odnst as odnst44_40_0_, purchasede0_.odobid as odobid45_40_0_, purchasede0_.odqtyop as odqtyop46_40_0_, purchasede0_.odordt as odordt47_40_0_, purchasede0_.odqtyor as odqtyor48_40_0_, purchasede0_.odott as odott49_40_0_, purchasede0_.odordocdt as odordoc50_40_0_, purchasede0_.odordocno as odordoc51_40_0_, purchasede0_.odordocsq as odordoc52_40_0_, purchasede0_.odordocty as odordoc53_40_0_, purchasede0_.odptc as odptc54_40_0_, purchasede0_.odpqor as odpqor55_40_0_, purchasede0_.oduom1 as oduom56_40_0_, purchasede0_.odpjid as odpjid57_40_0_, purchasede0_.odpddt as odpddt58_40_0_, purchasede0_.odpo03 as odpo59_40_0_, purchasede0_.odpo01 as odpo60_40_0_, purchasede0_.odpo02 as odpo61_40_0_, purchasede0_.odqty as odqty62_40_0_, purchasede0_.odrcdt as odrcdt63_40_0_, purchasede0_.odqtyrc as odqtyrc64_40_0_, purchasede0_.odstid as odstid65_40_0_, purchasede0_.odvr04 as odvr66_40_0_, purchasede0_.odvr01 as odvr67_40_0_, purchasede0_.odvr03 as odvr68_40_0_, purchasede0_.odvr05 as odvr69_40_0_, purchasede0_.odvr02 as odvr70_40_0_, purchasede0_.odrldocno as odrldoc71_40_0_, purchasede0_.odrldocsq as odrldoc72_40_0_, purchasede0_.odrldocty as odrldoc73_40_0_, purchasede0_.odrqdt as odrqdt74_40_0_, purchasede0_.odqtyrn as odqtyrn75_40_0_, purchasede0_.odsqor as odsqor76_40_0_, purchasede0_.oduom2 as oduom77_40_0_, purchasede0_.odsnlot as odsnlot78_40_0_, purchasede0_.odtaxal as odtaxal79_40_0_, purchasede0_.odtaxam as odtaxam80_40_0_, purchasede0_.odtaxab as odtaxab81_40_0_, purchasede0_.odtaxcd as odtaxcd82_40_0_, purchasede0_.odtaxrt as odtaxrt83_40_0_, purchasede0_.odcrct as odcrct84_40_0_, purchasede0_.oditc03 as oditc85_40_0_, purchasede0_.oducf as oducf86_40_0_, purchasede0_.oduncost as oduncos87_40_0_, purchasede0_.odudc as odudc88_40_0_, purchasede0_.odudf as odudf89_40_0_, purchasede0_.oduom as oduom90_40_0_, purchasede0_.odvnid as odvnid91_40_0_, purchaseor1_.ohcoid as ohcoid1_39_1_, purchaseor1_.ohdocono as ohdocono2_39_1_, purchaseor1_.ohdocoty as ohdocoty3_39_1_, purchaseor1_.ohcid as ohcid4_39_1_, purchaseor1_.ohdtin as ohdtin5_39_1_, purchaseor1_.ohtmin as ohtmin6_39_1_, purchaseor1_.ohuid as ohuid7_39_1_, purchaseor1_.ohdtlu as ohdtlu8_39_1_, purchaseor1_.ohtmlu as ohtmlu9_39_1_, purchaseor1_.ohuidm as ohuidm10_39_1_, purchaseor1_.ohaprcd as ohaprcd11_39_1_, purchaseor1_.ohcrcb as ohcrcb12_39_1_, purchaseor1_.ohbuid as ohbuid13_39_1_, purchaseor1_.ohcldt as ohcldt14_39_1_, purchaseor1_.ohcot as ohcot15_39_1_, purchaseor1_.ohcsid as ohcsid16_39_1_, purchaseor1_.ohdesb1 as ohdesb17_39_1_, purchaseor1_.ohdccd as ohdccd18_39_1_, purchaseor1_.ohdcrt as ohdcrt19_39_1_, purchaseor1_.ohexcrt as ohexcrt20_39_1_, purchaseor1_.ohgldt as ohgldt21_39_1_, purchaseor1_.ohidd as ohidd22_39_1_, purchaseor1_.ohidn as ohidn23_39_1_, purchaseor1_.ohlst as ohlst24_39_1_, purchaseor1_.ohnst as ohnst25_39_1_, purchaseor1_.ohobid as ohobid26_39_1_, purchaseor1_.ohordt as ohordt27_39_1_, purchaseor1_.ohptc as ohptc28_39_1_, purchaseor1_.ohpoa as ohpoa29_39_1_, purchaseor1_.ohpod as ohpod30_39_1_, purchaseor1_.ohpjid as ohpjid31_39_1_, purchaseor1_.ohpddt as ohpddt32_39_1_, purchaseor1_.ohrcdt as ohrcdt33_39_1_, purchaseor1_.ohstid as ohstid34_39_1_, purchaseor1_.ohrqdt as ohrqdt35_39_1_, purchaseor1_.ohtaxal as ohtaxal36_39_1_, purchaseor1_.ohtaxcd as ohtaxcd37_39_1_, purchaseor1_.ohtaxrt as ohtaxrt38_39_1_, purchaseor1_.ohcrct as ohcrct39_39_1_, purchaseor1_.ohdesc1 as ohdesc40_39_1_, purchaseor1_.ohdesc2 as ohdesc41_39_1_, purchaseor1_.ohvhrn as ohvhrn42_39_1_, purchaseor1_.ohvhty as ohvhty43_39_1_, purchaseor1_.ohvnid as ohvnid44_39_1_ from t4311 purchasede0_ inner join t4301 purchaseor1_ on purchasede0_.odcoid=purchaseor1_.ohcoid and purchasede0_.oddocono=purchaseor1_.ohdocono and purchasede0_.oddocoty=purchaseor1_.ohdocoty where purchasede0_.odcoid=? and purchasede0_.oddocono=? and purchasede0_.oddocosq=? and purchasede0_.oddocoty=?
Hibernate: select serialnumb0_.coid as coid1_43_0_, serialnumb0_.docno as docno2_43_0_, serialnumb0_.docty as docty3_43_0_, serialnumb0_.docsq as docsq4_43_0_, serialnumb0_.buid as buid5_43_0_, serialnumb0_.inum as inum6_43_0_, serialnumb0_.snlot as snlot7_43_0_, lotmaster1_.ltbuid as ltbuid1_34_1_, lotmaster1_.ltinum as ltinum2_34_1_, lotmaster1_.ltsnlot as ltsnlot3_34_1_, lotmaster1_.ltcid as ltcid4_34_1_, lotmaster1_.ltdtin as ltdtin5_34_1_, lotmaster1_.lttmin as lttmin6_34_1_, lotmaster1_.ltuid as ltuid7_34_1_, lotmaster1_.ltdtlu as ltdtlu8_34_1_, lotmaster1_.lttmlu as lttmlu9_34_1_, lotmaster1_.ltuidm as ltuidm10_34_1_, lotmaster1_.ltbodt as ltbodt11_34_1_, lotmaster1_.ltbbdt as ltbbdt12_34_1_, lotmaster1_.ltcldt as ltcldt13_34_1_, lotmaster1_.ltexpdt as ltexpdt14_34_1_, lotmaster1_.ltldsc as ltldsc15_34_1_, lotmaster1_.ltledt as ltledt16_34_1_, lotmaster1_.ltlsc as ltlsc17_34_1_, lotmaster1_.ltmlot1 as ltmlot18_34_1_, lotmaster1_.ltmlot2 as ltmlot19_34_1_, lotmaster1_.ltmlot3 as ltmlot20_34_1_, lotmaster1_.ltohdt as ltohdt21_34_1_, lotmaster1_.ltsern as ltsern22_34_1_ from transaction_serialnumbers serialnumb0_ inner join t4108 lotmaster1_ on serialnumb0_.buid=lotmaster1_.ltbuid and serialnumb0_.inum=lotmaster1_.ltinum and serialnumb0_.snlot=lotmaster1_.ltsnlot where serialnumb0_.coid=? and serialnumb0_.docno=? and serialnumb0_.docty=? and serialnumb0_.docsq=?
Hibernate: select details0_.odcoid as odcoid1_40_0_, details0_.oddocono as oddocono2_40_0_, details0_.oddocoty as oddocoty4_40_0_, details0_.oddocosq as oddocosq3_40_0_, details0_.odcoid as odcoid1_40_1_, details0_.oddocono as oddocono2_40_1_, details0_.oddocosq as oddocosq3_40_1_, details0_.oddocoty as oddocoty4_40_1_, details0_.odcid as odcid5_40_1_, details0_.oddtin as oddtin6_40_1_, details0_.odtmin as odtmin7_40_1_, details0_.oduid as oduid8_40_1_, details0_.oddtlu as oddtlu9_40_1_, details0_.odtmlu as odtmlu10_40_1_, details0_.oduidm as oduidm11_40_1_, details0_.odacid as odacid12_40_1_, details0_.odaprcd as odaprcd13_40_1_, details0_.odcrcb as odcrcb14_40_1_, details0_.oditc02 as oditc15_40_1_, details0_.odbuid as odbuid16_40_1_, details0_.odqtycl as odqtycl17_40_1_, details0_.oditc01 as oditc18_40_1_, details0_.odcldt as odcldt19_40_1_, details0_.odcsid as odcsid20_40_1_, details0_.oddccd as oddccd21_40_1_, details0_.oddcrt as oddcrt22_40_1_, details0_.odexcrt as odexcrt23_40_1_, details0_.odexcost as odexcos24_40_1_, details0_.odqtyx as odqtyx25_40_1_, details0_.oducfx as oducfx26_40_1_, details0_.oduncostx as oduncos27_40_1_, details0_.oduomx as oduomx28_40_1_, details0_.odfec as odfec29_40_1_, details0_.odfta as odfta30_40_1_, details0_.odftb as odftb31_40_1_, details0_.odfuc as odfuc32_40_1_, details0_.odglcls as odglcls33_40_1_, details0_.odgldt as odgldt34_40_1_, details0_.odir02 as odir35_40_1_, details0_.odir01 as odir36_40_1_, details0_.odir03 as odir37_40_1_, details0_.odinum as odinum38_40_1_, details0_.oddesb1 as oddesb39_40_1_, details0_.oditc05 as oditc40_40_1_, details0_.odlst as odlst41_40_1_, details0_.odlnty as odlnty42_40_1_, details0_.odlocid as odlocid43_40_1_, details0_.odnst as odnst44_40_1_, details0_.odobid as odobid45_40_1_, details0_.odqtyop as odqtyop46_40_1_, details0_.odordt as odordt47_40_1_, details0_.odqtyor as odqtyor48_40_1_, details0_.odott as odott49_40_1_, details0_.odordocdt as odordoc50_40_1_, details0_.odordocno as odordoc51_40_1_, details0_.odordocsq as odordoc52_40_1_, details0_.odordocty as odordoc53_40_1_, details0_.odptc as odptc54_40_1_, details0_.odpqor as odpqor55_40_1_, details0_.oduom1 as oduom56_40_1_, details0_.odpjid as odpjid57_40_1_, details0_.odpddt as odpddt58_40_1_, details0_.odpo03 as odpo59_40_1_, details0_.odpo01 as odpo60_40_1_, details0_.odpo02 as odpo61_40_1_, details0_.odqty as odqty62_40_1_, details0_.odrcdt as odrcdt63_40_1_, details0_.odqtyrc as odqtyrc64_40_1_, details0_.odstid as odstid65_40_1_, details0_.odvr04 as odvr66_40_1_, details0_.odvr01 as odvr67_40_1_, details0_.odvr03 as odvr68_40_1_, details0_.odvr05 as odvr69_40_1_, details0_.odvr02 as odvr70_40_1_, details0_.odrldocno as odrldoc71_40_1_, details0_.odrldocsq as odrldoc72_40_1_, details0_.odrldocty as odrldoc73_40_1_, details0_.odrqdt as odrqdt74_40_1_, details0_.odqtyrn as odqtyrn75_40_1_, details0_.odsqor as odsqor76_40_1_, details0_.oduom2 as oduom77_40_1_, details0_.odsnlot as odsnlot78_40_1_, details0_.odtaxal as odtaxal79_40_1_, details0_.odtaxam as odtaxam80_40_1_, details0_.odtaxab as odtaxab81_40_1_, details0_.odtaxcd as odtaxcd82_40_1_, details0_.odtaxrt as odtaxrt83_40_1_, details0_.odcrct as odcrct84_40_1_, details0_.oditc03 as oditc85_40_1_, details0_.oducf as oducf86_40_1_, details0_.oduncost as oduncos87_40_1_, details0_.odudc as odudc88_40_1_, details0_.odudf as odudf89_40_1_, details0_.oduom as oduom90_40_1_, details0_.odvnid as odvnid91_40_1_ from t4311 details0_ where details0_.odcoid=? and details0_.oddocono=? and details0_.oddocoty=?
Hibernate: select stocktrans0_.itcoid as itcoid1_35_, stocktrans0_.itdocno as itdocno2_35_, stocktrans0_.itdocty as itdocty3_35_, stocktrans0_.itdocsq as itdocsq4_35_, stocktrans0_.itcid as itcid5_35_, stocktrans0_.itdtin as itdtin6_35_, stocktrans0_.ittmin as ittmin7_35_, stocktrans0_.ituid as ituid8_35_, stocktrans0_.itdtlu as itdtlu9_35_, stocktrans0_.ittmlu as ittmlu10_35_, stocktrans0_.ituidm as ituidm11_35_, stocktrans0_.iticu as iticu12_35_, stocktrans0_.itpost as itpost13_35_, stocktrans0_.iticut as iticut14_35_, stocktrans0_.itanum as itanum15_35_, stocktrans0_.itst as itst16_35_, stocktrans0_.itbuid as itbuid17_35_, stocktrans0_.itdesb2 as itdesb18_35_, stocktrans0_.itdocdt as itdocdt19_35_, stocktrans0_.itdocmo as itdocmo20_35_, stocktrans0_.itdoctm as itdoctm21_35_, stocktrans0_.itdocyr as itdocyr22_35_, stocktrans0_.itexpdt as itexpdt23_35_, stocktrans0_.itexcost as itexcos24_35_, stocktrans0_.itft as itft25_35_, stocktrans0_.itglcls as itglcls26_35_, stocktrans0_.itgldt as itgldt27_35_, stocktrans0_.itipcd as itipcd28_35_, stocktrans0_.ititt as ititt29_35_, stocktrans0_.itinum as itinum30_35_, stocktrans0_.itdesb1 as itdesb31_35_, stocktrans0_.itlocid as itlocid32_35_, stocktrans0_.itobid as itobid33_35_, stocktrans0_.itdocono as itdocon34_35_, stocktrans0_.itdocosq as itdocos35_35_, stocktrans0_.itdocoty as itdocot36_35_, stocktrans0_.itpqot as itpqot37_35_, stocktrans0_.ituom1 as ituom38_35_, stocktrans0_.itqty as itqty39_35_, stocktrans0_.itrecid as itrecid40_35_, stocktrans0_.itrldocno as itrldoc41_35_, stocktrans0_.itrldocsq as itrldoc42_35_, stocktrans0_.itrldocty as itrldoc43_35_, stocktrans0_.itsqot as itsqot44_35_, stocktrans0_.ituom2 as ituom45_35_, stocktrans0_.itsnlot as itsnlot46_35_, stocktrans0_.itucf as itucf47_35_, stocktrans0_.ituncost as ituncos48_35_, stocktrans0_.ituom as ituom49_35_, stocktrans0_.itdvs as itdvs50_35_ from t4111 stocktrans0_ where stocktrans0_.itcoid=? and stocktrans0_.itdocno=? and stocktrans0_.itdocty=?
Hibernate: select serialnumb0_.coid as coid1_43_0_, serialnumb0_.docno as docno2_43_0_, serialnumb0_.docty as docty3_43_0_, serialnumb0_.docsq as docsq4_43_0_, serialnumb0_.buid as buid5_43_0_, serialnumb0_.inum as inum6_43_0_, serialnumb0_.snlot as snlot7_43_0_, lotmaster1_.ltbuid as ltbuid1_34_1_, lotmaster1_.ltinum as ltinum2_34_1_, lotmaster1_.ltsnlot as ltsnlot3_34_1_, lotmaster1_.ltcid as ltcid4_34_1_, lotmaster1_.ltdtin as ltdtin5_34_1_, lotmaster1_.lttmin as lttmin6_34_1_, lotmaster1_.ltuid as ltuid7_34_1_, lotmaster1_.ltdtlu as ltdtlu8_34_1_, lotmaster1_.lttmlu as lttmlu9_34_1_, lotmaster1_.ltuidm as ltuidm10_34_1_, lotmaster1_.ltbodt as ltbodt11_34_1_, lotmaster1_.ltbbdt as ltbbdt12_34_1_, lotmaster1_.ltcldt as ltcldt13_34_1_, lotmaster1_.ltexpdt as ltexpdt14_34_1_, lotmaster1_.ltldsc as ltldsc15_34_1_, lotmaster1_.ltledt as ltledt16_34_1_, lotmaster1_.ltlsc as ltlsc17_34_1_, lotmaster1_.ltmlot1 as ltmlot18_34_1_, lotmaster1_.ltmlot2 as ltmlot19_34_1_, lotmaster1_.ltmlot3 as ltmlot20_34_1_, lotmaster1_.ltohdt as ltohdt21_34_1_, lotmaster1_.ltsern as ltsern22_34_1_ from transaction_serialnumbers serialnumb0_ inner join t4108 lotmaster1_ on serialnumb0_.buid=lotmaster1_.ltbuid and serialnumb0_.inum=lotmaster1_.ltinum and serialnumb0_.snlot=lotmaster1_.ltsnlot where serialnumb0_.coid=? and serialnumb0_.docno=? and serialnumb0_.docty=? and serialnumb0_.docsq=?
Hibernate: select serialnumb0_.coid as coid1_43_0_, serialnumb0_.docno as docno2_43_0_, serialnumb0_.docty as docty3_43_0_, serialnumb0_.docsq as docsq4_43_0_, serialnumb0_.buid as buid5_43_0_, serialnumb0_.inum as inum6_43_0_, serialnumb0_.snlot as snlot7_43_0_, lotmaster1_.ltbuid as ltbuid1_34_1_, lotmaster1_.ltinum as ltinum2_34_1_, lotmaster1_.ltsnlot as ltsnlot3_34_1_, lotmaster1_.ltcid as ltcid4_34_1_, lotmaster1_.ltdtin as ltdtin5_34_1_, lotmaster1_.lttmin as lttmin6_34_1_, lotmaster1_.ltuid as ltuid7_34_1_, lotmaster1_.ltdtlu as ltdtlu8_34_1_, lotmaster1_.lttmlu as lttmlu9_34_1_, lotmaster1_.ltuidm as ltuidm10_34_1_, lotmaster1_.ltbodt as ltbodt11_34_1_, lotmaster1_.ltbbdt as ltbbdt12_34_1_, lotmaster1_.ltcldt as ltcldt13_34_1_, lotmaster1_.ltexpdt as ltexpdt14_34_1_, lotmaster1_.ltldsc as ltldsc15_34_1_, lotmaster1_.ltledt as ltledt16_34_1_, lotmaster1_.ltlsc as ltlsc17_34_1_, lotmaster1_.ltmlot1 as ltmlot18_34_1_, lotmaster1_.ltmlot2 as ltmlot19_34_1_, lotmaster1_.ltmlot3 as ltmlot20_34_1_, lotmaster1_.ltohdt as ltohdt21_34_1_, lotmaster1_.ltsern as ltsern22_34_1_ from transaction_serialnumbers serialnumb0_ inner join t4108 lotmaster1_ on serialnumb0_.buid=lotmaster1_.ltbuid and serialnumb0_.inum=lotmaster1_.ltinum and serialnumb0_.snlot=lotmaster1_.ltsnlot where serialnumb0_.coid=? and serialnumb0_.docno=? and serialnumb0_.docty=? and serialnumb0_.docsq=?
Hibernate: select serialnumb0_.coid as coid1_43_0_, serialnumb0_.docno as docno2_43_0_, serialnumb0_.docty as docty3_43_0_, serialnumb0_.docsq as docsq4_43_0_, serialnumb0_.buid as buid5_43_0_, serialnumb0_.inum as inum6_43_0_, serialnumb0_.snlot as snlot7_43_0_, lotmaster1_.ltbuid as ltbuid1_34_1_, lotmaster1_.ltinum as ltinum2_34_1_, lotmaster1_.ltsnlot as ltsnlot3_34_1_, lotmaster1_.ltcid as ltcid4_34_1_, lotmaster1_.ltdtin as ltdtin5_34_1_, lotmaster1_.lttmin as lttmin6_34_1_, lotmaster1_.ltuid as ltuid7_34_1_, lotmaster1_.ltdtlu as ltdtlu8_34_1_, lotmaster1_.lttmlu as lttmlu9_34_1_, lotmaster1_.ltuidm as ltuidm10_34_1_, lotmaster1_.ltbodt as ltbodt11_34_1_, lotmaster1_.ltbbdt as ltbbdt12_34_1_, lotmaster1_.ltcldt as ltcldt13_34_1_, lotmaster1_.ltexpdt as ltexpdt14_34_1_, lotmaster1_.ltldsc as ltldsc15_34_1_, lotmaster1_.ltledt as ltledt16_34_1_, lotmaster1_.ltlsc as ltlsc17_34_1_, lotmaster1_.ltmlot1 as ltmlot18_34_1_, lotmaster1_.ltmlot2 as ltmlot19_34_1_, lotmaster1_.ltmlot3 as ltmlot20_34_1_, lotmaster1_.ltohdt as ltohdt21_34_1_, lotmaster1_.ltsern as ltsern22_34_1_ from transaction_serialnumbers serialnumb0_ inner join t4108 lotmaster1_ on serialnumb0_.buid=lotmaster1_.ltbuid and serialnumb0_.inum=lotmaster1_.ltinum and serialnumb0_.snlot=lotmaster1_.ltsnlot where serialnumb0_.coid=? and serialnumb0_.docno=? and serialnumb0_.docty=? and serialnumb0_.docsq=?
2018-12-27 11:25:51.205  INFO 2120 --- [    Test worker] o.s.t.c.transaction.TransactionContext   : Rolled back transaction for test: [DefaultTestContext@4cd7a432 testClass = PurchaseReceiptApiTest, testInstance = ags.goldenlionerp.apiTests.purchase.PurchaseReceiptApiTest@2521d19b, testMethod = voidReceiptTest@PurchaseReceiptApiTest, testException = [null], mergedContextConfiguration = [WebMergedContextConfiguration@6aa9a5ba testClass = PurchaseReceiptApiTest, locations = '{}', classes = '{class ags.goldenlionerp.GoldenLionErpApplication}', contextInitializerClasses = '[]', activeProfiles = '{}', propertySourceLocations = '{classpath:test.properties}', propertySourceProperties = '{org.springframework.boot.test.context.SpringBootTestContextBootstrapper=true}', contextCustomizers = set[org.springframework.boot.test.autoconfigure.properties.PropertyMappingContextCustomizer@0, org.springframework.boot.test.autoconfigure.web.servlet.WebDriverContextCustomizerFactory$Customizer@636d731e, [ImportsContextCustomizer@6f6d8820 key = [ags.goldenlionerp.apiTests.ApiTestBase$TestConfig]], org.springframework.boot.test.context.filter.ExcludeFilterContextCustomizer@6afa5291, org.springframework.boot.test.json.DuplicateJsonObjectContextCustomizerFactory$DuplicateJsonObjectContextCustomizer@20cebcb4, org.springframework.boot.test.mock.mockito.MockitoContextCustomizer@0, org.springframework.boot.test.web.client.TestRestTemplateContextCustomizer@49a32273], resourceBasePath = 'src/main/webapp', contextLoader = 'org.springframework.boot.test.context.SpringBootContextLoader', parent = [null]], attributes = map['org.springframework.test.context.web.ServletTestExecutionListener.activateListener' -> true, 'org.springframework.test.context.web.ServletTestExecutionListener.populatedRequestContextHolder' -> true, 'org.springframework.test.context.web.ServletTestExecutionListener.resetRequestContextHolder' -> true]]
2018-12-27 11:25:51.208  INFO 2120 --- [    Test worker] o.s.t.c.transaction.TransactionContext   : Began transaction (1) for test context [DefaultTestContext@4cd7a432 testClass = PurchaseReceiptApiTest, testInstance = ags.goldenlionerp.apiTests.purchase.PurchaseReceiptApiTest@144904ce, testMethod = updateTestWithPut@ApiTestBase, testException = [null], mergedContextConfiguration = [WebMergedContextConfiguration@6aa9a5ba testClass = PurchaseReceiptApiTest, locations = '{}', classes = '{class ags.goldenlionerp.GoldenLionErpApplication}', contextInitializerClasses = '[]', activeProfiles = '{}', propertySourceLocations = '{classpath:test.properties}', propertySourceProperties = '{org.springframework.boot.test.context.SpringBootTestContextBootstrapper=true}', contextCustomizers = set[org.springframework.boot.test.autoconfigure.properties.PropertyMappingContextCustomizer@0, org.springframework.boot.test.autoconfigure.web.servlet.WebDriverContextCustomizerFactory$Customizer@636d731e, [ImportsContextCustomizer@6f6d8820 key = [ags.goldenlionerp.apiTests.ApiTestBase$TestConfig]], org.springframework.boot.test.context.filter.ExcludeFilterContextCustomizer@6afa5291, org.springframework.boot.test.json.DuplicateJsonObjectContextCustomizerFactory$DuplicateJsonObjectContextCustomizer@20cebcb4, org.springframework.boot.test.mock.mockito.MockitoContextCustomizer@0, org.springframework.boot.test.web.client.TestRestTemplateContextCustomizer@49a32273], resourceBasePath = 'src/main/webapp', contextLoader = 'org.springframework.boot.test.context.SpringBootContextLoader', parent = [null]], attributes = map['org.springframework.test.context.web.ServletTestExecutionListener.activateListener' -> true, 'org.springframework.test.context.web.ServletTestExecutionListener.populatedRequestContextHolder' -> true, 'org.springframework.test.context.web.ServletTestExecutionListener.resetRequestContextHolder' -> true]]; transaction manager [org.springframework.orm.jpa.JpaTransactionManager@75de8c12]; rollback [true]
2018-12-27 11:25:51.209  INFO 2120 --- [    Test worker] o.s.b.t.m.w.SpringBootMockServletContext : Initializing Spring FrameworkServlet ''
2018-12-27 11:25:51.209  INFO 2120 --- [    Test worker] o.s.t.web.servlet.TestDispatcherServlet  : FrameworkServlet '': initialization started
2018-12-27 11:25:51.216  INFO 2120 --- [    Test worker] o.s.t.web.servlet.TestDispatcherServlet  : FrameworkServlet '': initialization completed in 7 ms
Hibernate: select count(*) as col_0_0_ from t4301 purchaseor0_ where purchaseor0_.ohcoid=? and purchaseor0_.ohdocono=? and purchaseor0_.ohdocoty=?
Hibernate: select company0_.cncoid as cncoid1_9_0_, company0_.cncid as cncid2_9_0_, company0_.cndtin as cndtin3_9_0_, company0_.cntmin as cntmin4_9_0_, company0_.cnuid as cnuid5_9_0_, company0_.cndtlu as cndtlu6_9_0_, company0_.cntmlu as cntmlu7_9_0_, company0_.cnuidm as cnuidm8_9_0_, company0_.cnanum as cnanum9_9_0_, company0_.cncrcb as cncrcb10_9_0_, company0_.cncap as cncap11_9_0_, company0_.cncfy as cncfy12_9_0_, company0_.cncip as cncip13_9_0_, company0_.cncpp as cncpp14_9_0_, company0_.cncrp as cncrp15_9_0_, company0_.cndesb1 as cndesb16_9_0_, company0_.cnfdp as cnfdp17_9_0_ from t0020 company0_ where company0_.cncoid=?
Hibernate: select addressboo0_.adanum as adanum1_16_0_, addressboo0_.adcid as adcid2_16_0_, addressboo0_.addtin as addtin3_16_0_, addressboo0_.adtmin as adtmin4_16_0_, addressboo0_.aduid as aduid5_16_0_, addressboo0_.addtlu as addtlu6_16_0_, addressboo0_.adtmlu as adtmlu7_16_0_, addressboo0_.aduidm as aduidm8_16_0_, addressboo0_.adap as adap9_16_0_, addressboo0_.adar as adar10_16_0_, addressboo0_.adbuid as adbuid11_16_0_, addressboo0_.adcc01 as adcc12_16_0_, addressboo0_.adcc02 as adcc13_16_0_, addressboo0_.adcc03 as adcc14_16_0_, addressboo0_.adcc04 as adcc15_16_0_, addressboo0_.adcc05 as adcc16_16_0_, addressboo0_.adcc06 as adcc17_16_0_, addressboo0_.adcc07 as adcc18_16_0_, addressboo0_.adcc08 as adcc19_16_0_, addressboo0_.adcc09 as adcc20_16_0_, addressboo0_.adcc10 as adcc21_16_0_, addressboo0_.adempl as adempl22_16_0_, addressboo0_.adtmlt as adtmlt23_16_0_, addressboo0_.adlan as adlan24_16_0_, addressboo0_.admlnm as admlnm25_16_0_, addressboo0_.adnm as adnm26_16_0_, addressboo0_.adpan as adpan27_16_0_, addressboo0_.adrecid as adrecid28_16_0_, addressboo0_.adrlid0 as adrlid29_16_0_, addressboo0_.adrlid2 as adrlid30_16_0_, addressboo0_.adrlid3 as adrlid31_16_0_, addressboo0_.adrlid4 as adrlid32_16_0_, addressboo0_.adrlid5 as adrlid33_16_0_, addressboo0_.adrlid6 as adrlid34_16_0_, addressboo0_.adrlid7 as adrlid35_16_0_, addressboo0_.adrlid8 as adrlid36_16_0_, addressboo0_.adrlid9 as adrlid37_16_0_, addressboo0_.adrlid1 as adrlid38_16_0_, addressboo0_.adst as adst39_16_0_, addressboo0_.adtaxid as adtaxid40_16_0_ from t0101 addressboo0_ where addressboo0_.adanum=?
Hibernate: select apsetting0_.pmanum as pmanum1_23_0_, apsetting0_.pmanum as pmanum1_23_1_, apsetting0_.pmcid as pmcid2_23_1_, apsetting0_.pmdtin as pmdtin3_23_1_, apsetting0_.pmtmin as pmtmin4_23_1_, apsetting0_.pmuid as pmuid5_23_1_, apsetting0_.pmdtlu as pmdtlu6_23_1_, apsetting0_.pmtmlu as pmtmlu7_23_1_, apsetting0_.pmuidm as pmuidm8_23_1_, apsetting0_.pmdtls as pmdtls9_23_1_, apsetting0_.pmapcls as pmapcls10_23_1_, apsetting0_.pmcrm as pmcrm11_23_1_, apsetting0_.pmcrct as pmcrct12_23_1_, apsetting0_.pmitc05 as pmitc13_23_1_, apsetting0_.pminsp as pminsp14_23_1_, apsetting0_.pmptc as pmptc15_23_1_, apsetting0_.pmspg as pmspg16_23_1_, apsetting0_.pmtaxau as pmtaxau17_23_1_, apsetting0_.pmtaxcd as pmtaxcd18_23_1_, apsetting0_.pmtaxid as pmtaxid19_23_1_ from t0401 apsetting0_ where apsetting0_.pmanum=?
Hibernate: select itemmaster0_.iminum as iminum1_31_0_, itemmaster0_.imcid as imcid2_31_0_, itemmaster0_.imdtin as imdtin3_31_0_, itemmaster0_.imtmin as imtmin4_31_0_, itemmaster0_.imuid as imuid5_31_0_, itemmaster0_.imdtlu as imdtlu6_31_0_, itemmaster0_.imtmlu as imtmlu7_31_0_, itemmaster0_.imuidm as imuidm8_31_0_, itemmaster0_.iminumb as iminumb9_31_0_, itemmaster0_.imctm as imctm10_31_0_, itemmaster0_.imitc02 as imitc11_31_0_, itemmaster0_.imitc01 as imitc12_31_0_, itemmaster0_.imitc10 as imitc13_31_0_, itemmaster0_.imitc04 as imitc14_31_0_, itemmaster0_.imitc06 as imitc15_31_0_, itemmaster0_.imitc07 as imitc16_31_0_, itemmaster0_.imitc08 as imitc17_31_0_, itemmaster0_.imitc09 as imitc18_31_0_, itemmaster0_.imitc05 as imitc19_31_0_, itemmaster0_.imslrc0 as imslrc20_31_0_, itemmaster0_.imslrc1 as imslrc21_31_0_, itemmaster0_.imslrc2 as imslrc22_31_0_, itemmaster0_.imslrc3 as imslrc23_31_0_, itemmaster0_.imslrc4 as imslrc24_31_0_, itemmaster0_.imslrc5 as imslrc25_31_0_, itemmaster0_.imslrc6 as imslrc26_31_0_, itemmaster0_.imslrc7 as imslrc27_31_0_, itemmaster0_.imslrc8 as imslrc28_31_0_, itemmaster0_.imslrc9 as imslrc29_31_0_, itemmaster0_.imitc03 as imitc30_31_0_, itemmaster0_.imdesb1 as imdesb31_31_0_, itemmaster0_.imdesd1 as imdesd32_31_0_, itemmaster0_.imglcls as imglcls33_31_0_, itemmaster0_.imicl as imicl34_31_0_, itemmaster0_.imilc as imilc35_31_0_, itemmaster0_.iminums as iminums36_31_0_, itemmaster0_.imipg as imipg37_31_0_, itemmaster0_.imlsc as imlsc38_31_0_, itemmaster0_.imdaqc as imdaqc39_31_0_, itemmaster0_.imgscrt as imgscrt40_31_0_, itemmaster0_.imsiops as imsiops41_31_0_, itemmaster0_.imbpid as imbpid42_31_0_, itemmaster0_.imcsid as imcsid43_31_0_, itemmaster0_.imudf as imudf44_31_0_, itemmaster0_.impmmf as impmmf45_31_0_, itemmaster0_.imrbii as imrbii46_31_0_, itemmaster0_.imrbim as imrbim47_31_0_, itemmaster0_.imrbis as imrbis48_31_0_, itemmaster0_.imvnid as imvnid49_31_0_, itemmaster0_.imtaxpc as imtaxpc50_31_0_, itemmaster0_.imtaxsc as imtaxsc51_31_0_, itemmaster0_.iminump as iminump52_31_0_, itemmaster0_.implg as implg53_31_0_, itemmaster0_.imppl as imppl54_31_0_, itemmaster0_.imspl as imspl55_31_0_, itemmaster0_.imsnr as imsnr56_31_0_, itemmaster0_.imskty as imskty57_31_0_, itemmaster0_.imlnty as imlnty58_31_0_, itemmaster0_.imuom9 as imuom59_31_0_, itemmaster0_.imdppo as imdppo60_31_0_, itemmaster0_.imdlum as imdlum61_31_0_, itemmaster0_.imdlump as imdlump62_31_0_, itemmaster0_.imdlumt as imdlumt63_31_0_, itemmaster0_.imuom5 as imuom64_31_0_, itemmaster0_.imuom1 as imuom65_31_0_, itemmaster0_.imuom8 as imuom66_31_0_, itemmaster0_.imuom3 as imuom67_31_0_, itemmaster0_.imuom4 as imuom68_31_0_, itemmaster0_.imuom2 as imuom69_31_0_, itemmaster0_.imuom6 as imuom70_31_0_, itemmaster0_.imuoms as imuoms71_31_0_, itemmaster0_.imuomt as imuomt72_31_0_, itemmaster0_.imuomv as imuomv73_31_0_, itemmaster0_.imwcf as imwcf74_31_0_, itemmaster0_.imuomw as imuomw75_31_0_, itemmaster0_.imvict as imvict76_31_0_ from t4101 itemmaster0_ where itemmaster0_.iminum=?
Hibernate: select itemmaster0_.iminum as iminum1_31_0_, itemmaster0_.imcid as imcid2_31_0_, itemmaster0_.imdtin as imdtin3_31_0_, itemmaster0_.imtmin as imtmin4_31_0_, itemmaster0_.imuid as imuid5_31_0_, itemmaster0_.imdtlu as imdtlu6_31_0_, itemmaster0_.imtmlu as imtmlu7_31_0_, itemmaster0_.imuidm as imuidm8_31_0_, itemmaster0_.iminumb as iminumb9_31_0_, itemmaster0_.imctm as imctm10_31_0_, itemmaster0_.imitc02 as imitc11_31_0_, itemmaster0_.imitc01 as imitc12_31_0_, itemmaster0_.imitc10 as imitc13_31_0_, itemmaster0_.imitc04 as imitc14_31_0_, itemmaster0_.imitc06 as imitc15_31_0_, itemmaster0_.imitc07 as imitc16_31_0_, itemmaster0_.imitc08 as imitc17_31_0_, itemmaster0_.imitc09 as imitc18_31_0_, itemmaster0_.imitc05 as imitc19_31_0_, itemmaster0_.imslrc0 as imslrc20_31_0_, itemmaster0_.imslrc1 as imslrc21_31_0_, itemmaster0_.imslrc2 as imslrc22_31_0_, itemmaster0_.imslrc3 as imslrc23_31_0_, itemmaster0_.imslrc4 as imslrc24_31_0_, itemmaster0_.imslrc5 as imslrc25_31_0_, itemmaster0_.imslrc6 as imslrc26_31_0_, itemmaster0_.imslrc7 as imslrc27_31_0_, itemmaster0_.imslrc8 as imslrc28_31_0_, itemmaster0_.imslrc9 as imslrc29_31_0_, itemmaster0_.imitc03 as imitc30_31_0_, itemmaster0_.imdesb1 as imdesb31_31_0_, itemmaster0_.imdesd1 as imdesd32_31_0_, itemmaster0_.imglcls as imglcls33_31_0_, itemmaster0_.imicl as imicl34_31_0_, itemmaster0_.imilc as imilc35_31_0_, itemmaster0_.iminums as iminums36_31_0_, itemmaster0_.imipg as imipg37_31_0_, itemmaster0_.imlsc as imlsc38_31_0_, itemmaster0_.imdaqc as imdaqc39_31_0_, itemmaster0_.imgscrt as imgscrt40_31_0_, itemmaster0_.imsiops as imsiops41_31_0_, itemmaster0_.imbpid as imbpid42_31_0_, itemmaster0_.imcsid as imcsid43_31_0_, itemmaster0_.imudf as imudf44_31_0_, itemmaster0_.impmmf as impmmf45_31_0_, itemmaster0_.imrbii as imrbii46_31_0_, itemmaster0_.imrbim as imrbim47_31_0_, itemmaster0_.imrbis as imrbis48_31_0_, itemmaster0_.imvnid as imvnid49_31_0_, itemmaster0_.imtaxpc as imtaxpc50_31_0_, itemmaster0_.imtaxsc as imtaxsc51_31_0_, itemmaster0_.iminump as iminump52_31_0_, itemmaster0_.implg as implg53_31_0_, itemmaster0_.imppl as imppl54_31_0_, itemmaster0_.imspl as imspl55_31_0_, itemmaster0_.imsnr as imsnr56_31_0_, itemmaster0_.imskty as imskty57_31_0_, itemmaster0_.imlnty as imlnty58_31_0_, itemmaster0_.imuom9 as imuom59_31_0_, itemmaster0_.imdppo as imdppo60_31_0_, itemmaster0_.imdlum as imdlum61_31_0_, itemmaster0_.imdlump as imdlump62_31_0_, itemmaster0_.imdlumt as imdlumt63_31_0_, itemmaster0_.imuom5 as imuom64_31_0_, itemmaster0_.imuom1 as imuom65_31_0_, itemmaster0_.imuom8 as imuom66_31_0_, itemmaster0_.imuom3 as imuom67_31_0_, itemmaster0_.imuom4 as imuom68_31_0_, itemmaster0_.imuom2 as imuom69_31_0_, itemmaster0_.imuom6 as imuom70_31_0_, itemmaster0_.imuoms as imuoms71_31_0_, itemmaster0_.imuomt as imuomt72_31_0_, itemmaster0_.imuomv as imuomv73_31_0_, itemmaster0_.imwcf as imwcf74_31_0_, itemmaster0_.imuomw as imuomw75_31_0_, itemmaster0_.imvict as imvict76_31_0_ from t4101 itemmaster0_ where itemmaster0_.iminum=?
Hibernate: select itemlocati0_.ilinum as ilinum2_33_0_, itemlocati0_.ilbuid as ilbuid1_33_0_, itemlocati0_.illocid as illocid3_33_0_, itemlocati0_.ilsnlot as ilsnlot4_33_0_, itemlocati0_.ilbuid as ilbuid1_33_1_, itemlocati0_.ilinum as ilinum2_33_1_, itemlocati0_.illocid as illocid3_33_1_, itemlocati0_.ilsnlot as ilsnlot4_33_1_, itemlocati0_.ilcid as ilcid5_33_1_, itemlocati0_.ildtin as ildtin6_33_1_, itemlocati0_.iltmin as iltmin7_33_1_, itemlocati0_.iluid as iluid8_33_1_, itemlocati0_.ildtlu as ildtlu9_33_1_, itemlocati0_.iltmlu as iltmlu10_33_1_, itemlocati0_.iluidm as iluidm11_33_1_, itemlocati0_.ildtlt as ildtlt12_33_1_, itemlocati0_.ilexpdt as ilexpdt13_33_1_, itemlocati0_.ilglcls as ilglcls14_33_1_, itemlocati0_.illocst as illocst15_33_1_, itemlocati0_.illsc as illsc16_33_1_, itemlocati0_.ilpqoh as ilpqoh17_33_1_, itemlocati0_.ilqtib as ilqtib18_33_1_, itemlocati0_.ilqtin as ilqtin19_33_1_, itemlocati0_.ilqttr as ilqttr20_33_1_, itemlocati0_.ilqobo as ilqobo21_33_1_, itemlocati0_.ilqohc as ilqohc22_33_1_, itemlocati0_.ilqopo as ilqopo23_33_1_, itemlocati0_.ilqoso as ilqoso24_33_1_, itemlocati0_.ilqosc as ilqosc25_33_1_, itemlocati0_.ilqowo as ilqowo26_33_1_, itemlocati0_.ilqowh as ilqowh27_33_1_, itemlocati0_.ilqows as ilqows28_33_1_, itemlocati0_.ilqot1 as ilqot29_33_1_, itemlocati0_.ilqot2 as ilqot30_33_1_, itemlocati0_.ilqot3 as ilqot31_33_1_, itemlocati0_.ilqtob as ilqtob32_33_1_, itemlocati0_.ilsqoh as ilsqoh33_33_1_, itemlocati0_.ilsqpo as ilsqpo34_33_1_, itemlocati0_.ilsqso as ilsqso35_33_1_, itemlocati0_.ilsqwo as ilsqwo36_33_1_, itemlocati0_.iluom as iluom37_33_1_, itemlocati0_.iluom1 as iluom38_33_1_, itemlocati0_.iluom2 as iluom39_33_1_ from t41021 itemlocati0_ where itemlocati0_.ilinum=?
Hibernate: select lotmaster0_.ltbuid as ltbuid1_34_0_, lotmaster0_.ltinum as ltinum2_34_0_, lotmaster0_.ltsnlot as ltsnlot3_34_0_, lotmaster0_.ltcid as ltcid4_34_0_, lotmaster0_.ltdtin as ltdtin5_34_0_, lotmaster0_.lttmin as lttmin6_34_0_, lotmaster0_.ltuid as ltuid7_34_0_, lotmaster0_.ltdtlu as ltdtlu8_34_0_, lotmaster0_.lttmlu as lttmlu9_34_0_, lotmaster0_.ltuidm as ltuidm10_34_0_, lotmaster0_.ltbodt as ltbodt11_34_0_, lotmaster0_.ltbbdt as ltbbdt12_34_0_, lotmaster0_.ltcldt as ltcldt13_34_0_, lotmaster0_.ltexpdt as ltexpdt14_34_0_, lotmaster0_.ltldsc as ltldsc15_34_0_, lotmaster0_.ltledt as ltledt16_34_0_, lotmaster0_.ltlsc as ltlsc17_34_0_, lotmaster0_.ltmlot1 as ltmlot18_34_0_, lotmaster0_.ltmlot2 as ltmlot19_34_0_, lotmaster0_.ltmlot3 as ltmlot20_34_0_, lotmaster0_.ltohdt as ltohdt21_34_0_, lotmaster0_.ltsern as ltsern22_34_0_ from t4108 lotmaster0_ where lotmaster0_.ltbuid=? and lotmaster0_.ltinum=? and lotmaster0_.ltsnlot=?
Hibernate: select lotmaster0_.ltbuid as ltbuid1_34_0_, lotmaster0_.ltinum as ltinum2_34_0_, lotmaster0_.ltsnlot as ltsnlot3_34_0_, lotmaster0_.ltcid as ltcid4_34_0_, lotmaster0_.ltdtin as ltdtin5_34_0_, lotmaster0_.lttmin as lttmin6_34_0_, lotmaster0_.ltuid as ltuid7_34_0_, lotmaster0_.ltdtlu as ltdtlu8_34_0_, lotmaster0_.lttmlu as lttmlu9_34_0_, lotmaster0_.ltuidm as ltuidm10_34_0_, lotmaster0_.ltbodt as ltbodt11_34_0_, lotmaster0_.ltbbdt as ltbbdt12_34_0_, lotmaster0_.ltcldt as ltcldt13_34_0_, lotmaster0_.ltexpdt as ltexpdt14_34_0_, lotmaster0_.ltldsc as ltldsc15_34_0_, lotmaster0_.ltledt as ltledt16_34_0_, lotmaster0_.ltlsc as ltlsc17_34_0_, lotmaster0_.ltmlot1 as ltmlot18_34_0_, lotmaster0_.ltmlot2 as ltmlot19_34_0_, lotmaster0_.ltmlot3 as ltmlot20_34_0_, lotmaster0_.ltohdt as ltohdt21_34_0_, lotmaster0_.ltsern as ltsern22_34_0_ from t4108 lotmaster0_ where lotmaster0_.ltbuid=? and lotmaster0_.ltinum=? and lotmaster0_.ltsnlot=?
Hibernate: select itemmaster0_.iminum as iminum1_31_0_, itemmaster0_.imcid as imcid2_31_0_, itemmaster0_.imdtin as imdtin3_31_0_, itemmaster0_.imtmin as imtmin4_31_0_, itemmaster0_.imuid as imuid5_31_0_, itemmaster0_.imdtlu as imdtlu6_31_0_, itemmaster0_.imtmlu as imtmlu7_31_0_, itemmaster0_.imuidm as imuidm8_31_0_, itemmaster0_.iminumb as iminumb9_31_0_, itemmaster0_.imctm as imctm10_31_0_, itemmaster0_.imitc02 as imitc11_31_0_, itemmaster0_.imitc01 as imitc12_31_0_, itemmaster0_.imitc10 as imitc13_31_0_, itemmaster0_.imitc04 as imitc14_31_0_, itemmaster0_.imitc06 as imitc15_31_0_, itemmaster0_.imitc07 as imitc16_31_0_, itemmaster0_.imitc08 as imitc17_31_0_, itemmaster0_.imitc09 as imitc18_31_0_, itemmaster0_.imitc05 as imitc19_31_0_, itemmaster0_.imslrc0 as imslrc20_31_0_, itemmaster0_.imslrc1 as imslrc21_31_0_, itemmaster0_.imslrc2 as imslrc22_31_0_, itemmaster0_.imslrc3 as imslrc23_31_0_, itemmaster0_.imslrc4 as imslrc24_31_0_, itemmaster0_.imslrc5 as imslrc25_31_0_, itemmaster0_.imslrc6 as imslrc26_31_0_, itemmaster0_.imslrc7 as imslrc27_31_0_, itemmaster0_.imslrc8 as imslrc28_31_0_, itemmaster0_.imslrc9 as imslrc29_31_0_, itemmaster0_.imitc03 as imitc30_31_0_, itemmaster0_.imdesb1 as imdesb31_31_0_, itemmaster0_.imdesd1 as imdesd32_31_0_, itemmaster0_.imglcls as imglcls33_31_0_, itemmaster0_.imicl as imicl34_31_0_, itemmaster0_.imilc as imilc35_31_0_, itemmaster0_.iminums as iminums36_31_0_, itemmaster0_.imipg as imipg37_31_0_, itemmaster0_.imlsc as imlsc38_31_0_, itemmaster0_.imdaqc as imdaqc39_31_0_, itemmaster0_.imgscrt as imgscrt40_31_0_, itemmaster0_.imsiops as imsiops41_31_0_, itemmaster0_.imbpid as imbpid42_31_0_, itemmaster0_.imcsid as imcsid43_31_0_, itemmaster0_.imudf as imudf44_31_0_, itemmaster0_.impmmf as impmmf45_31_0_, itemmaster0_.imrbii as imrbii46_31_0_, itemmaster0_.imrbim as imrbim47_31_0_, itemmaster0_.imrbis as imrbis48_31_0_, itemmaster0_.imvnid as imvnid49_31_0_, itemmaster0_.imtaxpc as imtaxpc50_31_0_, itemmaster0_.imtaxsc as imtaxsc51_31_0_, itemmaster0_.iminump as iminump52_31_0_, itemmaster0_.implg as implg53_31_0_, itemmaster0_.imppl as imppl54_31_0_, itemmaster0_.imspl as imspl55_31_0_, itemmaster0_.imsnr as imsnr56_31_0_, itemmaster0_.imskty as imskty57_31_0_, itemmaster0_.imlnty as imlnty58_31_0_, itemmaster0_.imuom9 as imuom59_31_0_, itemmaster0_.imdppo as imdppo60_31_0_, itemmaster0_.imdlum as imdlum61_31_0_, itemmaster0_.imdlump as imdlump62_31_0_, itemmaster0_.imdlumt as imdlumt63_31_0_, itemmaster0_.imuom5 as imuom64_31_0_, itemmaster0_.imuom1 as imuom65_31_0_, itemmaster0_.imuom8 as imuom66_31_0_, itemmaster0_.imuom3 as imuom67_31_0_, itemmaster0_.imuom4 as imuom68_31_0_, itemmaster0_.imuom2 as imuom69_31_0_, itemmaster0_.imuom6 as imuom70_31_0_, itemmaster0_.imuoms as imuoms71_31_0_, itemmaster0_.imuomt as imuomt72_31_0_, itemmaster0_.imuomv as imuomv73_31_0_, itemmaster0_.imwcf as imwcf74_31_0_, itemmaster0_.imuomw as imuomw75_31_0_, itemmaster0_.imvict as imvict76_31_0_ from t4101 itemmaster0_ where itemmaster0_.iminum=?
Hibernate: select itemlocati0_.ilinum as ilinum2_33_0_, itemlocati0_.ilbuid as ilbuid1_33_0_, itemlocati0_.illocid as illocid3_33_0_, itemlocati0_.ilsnlot as ilsnlot4_33_0_, itemlocati0_.ilbuid as ilbuid1_33_1_, itemlocati0_.ilinum as ilinum2_33_1_, itemlocati0_.illocid as illocid3_33_1_, itemlocati0_.ilsnlot as ilsnlot4_33_1_, itemlocati0_.ilcid as ilcid5_33_1_, itemlocati0_.ildtin as ildtin6_33_1_, itemlocati0_.iltmin as iltmin7_33_1_, itemlocati0_.iluid as iluid8_33_1_, itemlocati0_.ildtlu as ildtlu9_33_1_, itemlocati0_.iltmlu as iltmlu10_33_1_, itemlocati0_.iluidm as iluidm11_33_1_, itemlocati0_.ildtlt as ildtlt12_33_1_, itemlocati0_.ilexpdt as ilexpdt13_33_1_, itemlocati0_.ilglcls as ilglcls14_33_1_, itemlocati0_.illocst as illocst15_33_1_, itemlocati0_.illsc as illsc16_33_1_, itemlocati0_.ilpqoh as ilpqoh17_33_1_, itemlocati0_.ilqtib as ilqtib18_33_1_, itemlocati0_.ilqtin as ilqtin19_33_1_, itemlocati0_.ilqttr as ilqttr20_33_1_, itemlocati0_.ilqobo as ilqobo21_33_1_, itemlocati0_.ilqohc as ilqohc22_33_1_, itemlocati0_.ilqopo as ilqopo23_33_1_, itemlocati0_.ilqoso as ilqoso24_33_1_, itemlocati0_.ilqosc as ilqosc25_33_1_, itemlocati0_.ilqowo as ilqowo26_33_1_, itemlocati0_.ilqowh as ilqowh27_33_1_, itemlocati0_.ilqows as ilqows28_33_1_, itemlocati0_.ilqot1 as ilqot29_33_1_, itemlocati0_.ilqot2 as ilqot30_33_1_, itemlocati0_.ilqot3 as ilqot31_33_1_, itemlocati0_.ilqtob as ilqtob32_33_1_, itemlocati0_.ilsqoh as ilsqoh33_33_1_, itemlocati0_.ilsqpo as ilsqpo34_33_1_, itemlocati0_.ilsqso as ilsqso35_33_1_, itemlocati0_.ilsqwo as ilsqwo36_33_1_, itemlocati0_.iluom as iluom37_33_1_, itemlocati0_.iluom1 as iluom38_33_1_, itemlocati0_.iluom2 as iluom39_33_1_ from t41021 itemlocati0_ where itemlocati0_.ilinum=?
Hibernate: select lotmaster0_.ltbuid as ltbuid1_34_0_, lotmaster0_.ltinum as ltinum2_34_0_, lotmaster0_.ltsnlot as ltsnlot3_34_0_, lotmaster0_.ltcid as ltcid4_34_0_, lotmaster0_.ltdtin as ltdtin5_34_0_, lotmaster0_.lttmin as lttmin6_34_0_, lotmaster0_.ltuid as ltuid7_34_0_, lotmaster0_.ltdtlu as ltdtlu8_34_0_, lotmaster0_.lttmlu as lttmlu9_34_0_, lotmaster0_.ltuidm as ltuidm10_34_0_, lotmaster0_.ltbodt as ltbodt11_34_0_, lotmaster0_.ltbbdt as ltbbdt12_34_0_, lotmaster0_.ltcldt as ltcldt13_34_0_, lotmaster0_.ltexpdt as ltexpdt14_34_0_, lotmaster0_.ltldsc as ltldsc15_34_0_, lotmaster0_.ltledt as ltledt16_34_0_, lotmaster0_.ltlsc as ltlsc17_34_0_, lotmaster0_.ltmlot1 as ltmlot18_34_0_, lotmaster0_.ltmlot2 as ltmlot19_34_0_, lotmaster0_.ltmlot3 as ltmlot20_34_0_, lotmaster0_.ltohdt as ltohdt21_34_0_, lotmaster0_.ltsern as ltsern22_34_0_ from t4108 lotmaster0_ where lotmaster0_.ltbuid=? and lotmaster0_.ltinum=? and lotmaster0_.ltsnlot=?
Hibernate: select lotmaster0_.ltbuid as ltbuid1_34_0_, lotmaster0_.ltinum as ltinum2_34_0_, lotmaster0_.ltsnlot as ltsnlot3_34_0_, lotmaster0_.ltcid as ltcid4_34_0_, lotmaster0_.ltdtin as ltdtin5_34_0_, lotmaster0_.lttmin as lttmin6_34_0_, lotmaster0_.ltuid as ltuid7_34_0_, lotmaster0_.ltdtlu as ltdtlu8_34_0_, lotmaster0_.lttmlu as lttmlu9_34_0_, lotmaster0_.ltuidm as ltuidm10_34_0_, lotmaster0_.ltbodt as ltbodt11_34_0_, lotmaster0_.ltbbdt as ltbbdt12_34_0_, lotmaster0_.ltcldt as ltcldt13_34_0_, lotmaster0_.ltexpdt as ltexpdt14_34_0_, lotmaster0_.ltldsc as ltldsc15_34_0_, lotmaster0_.ltledt as ltledt16_34_0_, lotmaster0_.ltlsc as ltlsc17_34_0_, lotmaster0_.ltmlot1 as ltmlot18_34_0_, lotmaster0_.ltmlot2 as ltmlot19_34_0_, lotmaster0_.ltmlot3 as ltmlot20_34_0_, lotmaster0_.ltohdt as ltohdt21_34_0_, lotmaster0_.ltsern as ltsern22_34_0_ from t4108 lotmaster0_ where lotmaster0_.ltbuid=? and lotmaster0_.ltinum=? and lotmaster0_.ltsnlot=?
Hibernate: select lotmaster0_.ltbuid as ltbuid1_34_0_, lotmaster0_.ltinum as ltinum2_34_0_, lotmaster0_.ltsnlot as ltsnlot3_34_0_, lotmaster0_.ltcid as ltcid4_34_0_, lotmaster0_.ltdtin as ltdtin5_34_0_, lotmaster0_.lttmin as lttmin6_34_0_, lotmaster0_.ltuid as ltuid7_34_0_, lotmaster0_.ltdtlu as ltdtlu8_34_0_, lotmaster0_.lttmlu as lttmlu9_34_0_, lotmaster0_.ltuidm as ltuidm10_34_0_, lotmaster0_.ltbodt as ltbodt11_34_0_, lotmaster0_.ltbbdt as ltbbdt12_34_0_, lotmaster0_.ltcldt as ltcldt13_34_0_, lotmaster0_.ltexpdt as ltexpdt14_34_0_, lotmaster0_.ltldsc as ltldsc15_34_0_, lotmaster0_.ltledt as ltledt16_34_0_, lotmaster0_.ltlsc as ltlsc17_34_0_, lotmaster0_.ltmlot1 as ltmlot18_34_0_, lotmaster0_.ltmlot2 as ltmlot19_34_0_, lotmaster0_.ltmlot3 as ltmlot20_34_0_, lotmaster0_.ltohdt as ltohdt21_34_0_, lotmaster0_.ltsern as ltsern22_34_0_ from t4108 lotmaster0_ where lotmaster0_.ltbuid=? and lotmaster0_.ltinum=? and lotmaster0_.ltsnlot=?
Hibernate: select lotmaster0_.ltbuid as ltbuid1_34_0_, lotmaster0_.ltinum as ltinum2_34_0_, lotmaster0_.ltsnlot as ltsnlot3_34_0_, lotmaster0_.ltcid as ltcid4_34_0_, lotmaster0_.ltdtin as ltdtin5_34_0_, lotmaster0_.lttmin as lttmin6_34_0_, lotmaster0_.ltuid as ltuid7_34_0_, lotmaster0_.ltdtlu as ltdtlu8_34_0_, lotmaster0_.lttmlu as lttmlu9_34_0_, lotmaster0_.ltuidm as ltuidm10_34_0_, lotmaster0_.ltbodt as ltbodt11_34_0_, lotmaster0_.ltbbdt as ltbbdt12_34_0_, lotmaster0_.ltcldt as ltcldt13_34_0_, lotmaster0_.ltexpdt as ltexpdt14_34_0_, lotmaster0_.ltldsc as ltldsc15_34_0_, lotmaster0_.ltledt as ltledt16_34_0_, lotmaster0_.ltlsc as ltlsc17_34_0_, lotmaster0_.ltmlot1 as ltmlot18_34_0_, lotmaster0_.ltmlot2 as ltmlot19_34_0_, lotmaster0_.ltmlot3 as ltmlot20_34_0_, lotmaster0_.ltohdt as ltohdt21_34_0_, lotmaster0_.ltsern as ltsern22_34_0_ from t4108 lotmaster0_ where lotmaster0_.ltbuid=? and lotmaster0_.ltinum=? and lotmaster0_.ltsnlot=?
Hibernate: select discountma0_.dudccd as dudccd1_13_0_, discountma0_.ducid as ducid2_13_0_, discountma0_.dudtin as dudtin3_13_0_, discountma0_.dutmin as dutmin4_13_0_, discountma0_.duuid as duuid5_13_0_, discountma0_.dudtlu as dudtlu6_13_0_, discountma0_.dutmlu as dutmlu7_13_0_, discountma0_.duuidm as duuidm8_13_0_, discountma0_.dudesb1 as dudesb9_13_0_, discountma0_.duamt01 as duamt10_13_0_, discountma0_.duamt02 as duamt11_13_0_, discountma0_.duamt03 as duamt12_13_0_, discountma0_.duamt04 as duamt13_13_0_, discountma0_.duamt05 as duamt14_13_0_, discountma0_.dupcn01 as dupcn15_13_0_, discountma0_.dupcn02 as dupcn16_13_0_, discountma0_.dupcn03 as dupcn17_13_0_, discountma0_.dupcn04 as dupcn18_13_0_, discountma0_.dupcn05 as dupcn19_13_0_, discountma0_.duobid as duobid20_13_0_ from t0026 discountma0_ where discountma0_.dudccd=?
Hibernate: select discountma0_.dudccd as dudccd1_13_0_, discountma0_.ducid as ducid2_13_0_, discountma0_.dudtin as dudtin3_13_0_, discountma0_.dutmin as dutmin4_13_0_, discountma0_.duuid as duuid5_13_0_, discountma0_.dudtlu as dudtlu6_13_0_, discountma0_.dutmlu as dutmlu7_13_0_, discountma0_.duuidm as duuidm8_13_0_, discountma0_.dudesb1 as dudesb9_13_0_, discountma0_.duamt01 as duamt10_13_0_, discountma0_.duamt02 as duamt11_13_0_, discountma0_.duamt03 as duamt12_13_0_, discountma0_.duamt04 as duamt13_13_0_, discountma0_.duamt05 as duamt14_13_0_, discountma0_.dupcn01 as dupcn15_13_0_, discountma0_.dupcn02 as dupcn16_13_0_, discountma0_.dupcn03 as dupcn17_13_0_, discountma0_.dupcn04 as dupcn18_13_0_, discountma0_.dupcn05 as dupcn19_13_0_, discountma0_.duobid as duobid20_13_0_ from t0026 discountma0_ where discountma0_.dudccd=?
Hibernate: select taxrule0_.tsefdt as tsefdt1_12_, taxrule0_.tstaxcd as tstaxcd2_12_, taxrule0_.tscid as tscid3_12_, taxrule0_.tsdtin as tsdtin4_12_, taxrule0_.tstmin as tstmin5_12_, taxrule0_.tsuid as tsuid6_12_, taxrule0_.tsdtlu as tsdtlu7_12_, taxrule0_.tstmlu as tstmlu8_12_, taxrule0_.tsuidm as tsuidm9_12_, taxrule0_.tsdesb1 as tsdesb10_12_, taxrule0_.tsdocty as tsdocty11_12_, taxrule0_.tsexpdt as tsexpdt12_12_, taxrule0_.tstaxal as tstaxal13_12_, taxrule0_.tstaxau1 as tstaxau14_12_, taxrule0_.tstaxau2 as tstaxau15_12_, taxrule0_.tstaxau3 as tstaxau16_12_, taxrule0_.tstaxau4 as tstaxau17_12_, taxrule0_.tstaxau5 as tstaxau18_12_, taxrule0_.tstaxcl1 as tstaxcl19_12_, taxrule0_.tstaxcl2 as tstaxcl20_12_, taxrule0_.tstaxcl3 as tstaxcl21_12_, taxrule0_.tstaxcl4 as tstaxcl22_12_, taxrule0_.tstaxcl5 as tstaxcl23_12_, taxrule0_.tspcn01 as tspcn24_12_, taxrule0_.tspcn02 as tspcn25_12_, taxrule0_.tspcn03 as tspcn26_12_, taxrule0_.tspcn04 as tspcn27_12_, taxrule0_.tspcn05 as tspcn28_12_ from t0025 taxrule0_ where taxrule0_.tstaxcd=? and taxrule0_.tsefdt<=? and taxrule0_.tsexpdt>? order by taxrule0_.tsefdt asc offset 0 rows fetch next ? rows only
Hibernate: select purchaseor0_.ohcoid as ohcoid1_39_1_, purchaseor0_.ohdocono as ohdocono2_39_1_, purchaseor0_.ohdocoty as ohdocoty3_39_1_, purchaseor0_.ohcid as ohcid4_39_1_, purchaseor0_.ohdtin as ohdtin5_39_1_, purchaseor0_.ohtmin as ohtmin6_39_1_, purchaseor0_.ohuid as ohuid7_39_1_, purchaseor0_.ohdtlu as ohdtlu8_39_1_, purchaseor0_.ohtmlu as ohtmlu9_39_1_, purchaseor0_.ohuidm as ohuidm10_39_1_, purchaseor0_.ohaprcd as ohaprcd11_39_1_, purchaseor0_.ohcrcb as ohcrcb12_39_1_, purchaseor0_.ohbuid as ohbuid13_39_1_, purchaseor0_.ohcldt as ohcldt14_39_1_, purchaseor0_.ohcot as ohcot15_39_1_, purchaseor0_.ohcsid as ohcsid16_39_1_, purchaseor0_.ohdesb1 as ohdesb17_39_1_, purchaseor0_.ohdccd as ohdccd18_39_1_, purchaseor0_.ohdcrt as ohdcrt19_39_1_, purchaseor0_.ohexcrt as ohexcrt20_39_1_, purchaseor0_.ohgldt as ohgldt21_39_1_, purchaseor0_.ohidd as ohidd22_39_1_, purchaseor0_.ohidn as ohidn23_39_1_, purchaseor0_.ohlst as ohlst24_39_1_, purchaseor0_.ohnst as ohnst25_39_1_, purchaseor0_.ohobid as ohobid26_39_1_, purchaseor0_.ohordt as ohordt27_39_1_, purchaseor0_.ohptc as ohptc28_39_1_, purchaseor0_.ohpoa as ohpoa29_39_1_, purchaseor0_.ohpod as ohpod30_39_1_, purchaseor0_.ohpjid as ohpjid31_39_1_, purchaseor0_.ohpddt as ohpddt32_39_1_, purchaseor0_.ohrcdt as ohrcdt33_39_1_, purchaseor0_.ohstid as ohstid34_39_1_, purchaseor0_.ohrqdt as ohrqdt35_39_1_, purchaseor0_.ohtaxal as ohtaxal36_39_1_, purchaseor0_.ohtaxcd as ohtaxcd37_39_1_, purchaseor0_.ohtaxrt as ohtaxrt38_39_1_, purchaseor0_.ohcrct as ohcrct39_39_1_, purchaseor0_.ohdesc1 as ohdesc40_39_1_, purchaseor0_.ohdesc2 as ohdesc41_39_1_, purchaseor0_.ohvhrn as ohvhrn42_39_1_, purchaseor0_.ohvhty as ohvhty43_39_1_, purchaseor0_.ohvnid as ohvnid44_39_1_, details1_.odcoid as odcoid1_40_3_, details1_.oddocono as oddocono2_40_3_, details1_.oddocoty as oddocoty4_40_3_, details1_.oddocosq as oddocosq3_40_3_, details1_.odcoid as odcoid1_40_0_, details1_.oddocono as oddocono2_40_0_, details1_.oddocosq as oddocosq3_40_0_, details1_.oddocoty as oddocoty4_40_0_, details1_.odcid as odcid5_40_0_, details1_.oddtin as oddtin6_40_0_, details1_.odtmin as odtmin7_40_0_, details1_.oduid as oduid8_40_0_, details1_.oddtlu as oddtlu9_40_0_, details1_.odtmlu as odtmlu10_40_0_, details1_.oduidm as oduidm11_40_0_, details1_.odacid as odacid12_40_0_, details1_.odaprcd as odaprcd13_40_0_, details1_.odcrcb as odcrcb14_40_0_, details1_.oditc02 as oditc15_40_0_, details1_.odbuid as odbuid16_40_0_, details1_.odqtycl as odqtycl17_40_0_, details1_.oditc01 as oditc18_40_0_, details1_.odcldt as odcldt19_40_0_, details1_.odcsid as odcsid20_40_0_, details1_.oddccd as oddccd21_40_0_, details1_.oddcrt as oddcrt22_40_0_, details1_.odexcrt as odexcrt23_40_0_, details1_.odexcost as odexcos24_40_0_, details1_.odqtyx as odqtyx25_40_0_, details1_.oducfx as oducfx26_40_0_, details1_.oduncostx as oduncos27_40_0_, details1_.oduomx as oduomx28_40_0_, details1_.odfec as odfec29_40_0_, details1_.odfta as odfta30_40_0_, details1_.odftb as odftb31_40_0_, details1_.odfuc as odfuc32_40_0_, details1_.odglcls as odglcls33_40_0_, details1_.odgldt as odgldt34_40_0_, details1_.odir02 as odir35_40_0_, details1_.odir01 as odir36_40_0_, details1_.odir03 as odir37_40_0_, details1_.odinum as odinum38_40_0_, details1_.oddesb1 as oddesb39_40_0_, details1_.oditc05 as oditc40_40_0_, details1_.odlst as odlst41_40_0_, details1_.odlnty as odlnty42_40_0_, details1_.odlocid as odlocid43_40_0_, details1_.odnst as odnst44_40_0_, details1_.odobid as odobid45_40_0_, details1_.odqtyop as odqtyop46_40_0_, details1_.odordt as odordt47_40_0_, details1_.odqtyor as odqtyor48_40_0_, details1_.odott as odott49_40_0_, details1_.odordocdt as odordoc50_40_0_, details1_.odordocno as odordoc51_40_0_, details1_.odordocsq as odordoc52_40_0_, details1_.odordocty as odordoc53_40_0_, details1_.odptc as odptc54_40_0_, details1_.odpqor as odpqor55_40_0_, details1_.oduom1 as oduom56_40_0_, details1_.odpjid as odpjid57_40_0_, details1_.odpddt as odpddt58_40_0_, details1_.odpo03 as odpo59_40_0_, details1_.odpo01 as odpo60_40_0_, details1_.odpo02 as odpo61_40_0_, details1_.odqty as odqty62_40_0_, details1_.odrcdt as odrcdt63_40_0_, details1_.odqtyrc as odqtyrc64_40_0_, details1_.odstid as odstid65_40_0_, details1_.odvr04 as odvr66_40_0_, details1_.odvr01 as odvr67_40_0_, details1_.odvr03 as odvr68_40_0_, details1_.odvr05 as odvr69_40_0_, details1_.odvr02 as odvr70_40_0_, details1_.odrldocno as odrldoc71_40_0_, details1_.odrldocsq as odrldoc72_40_0_, details1_.odrldocty as odrldoc73_40_0_, details1_.odrqdt as odrqdt74_40_0_, details1_.odqtyrn as odqtyrn75_40_0_, details1_.odsqor as odsqor76_40_0_, details1_.oduom2 as oduom77_40_0_, details1_.odsnlot as odsnlot78_40_0_, details1_.odtaxal as odtaxal79_40_0_, details1_.odtaxam as odtaxam80_40_0_, details1_.odtaxab as odtaxab81_40_0_, details1_.odtaxcd as odtaxcd82_40_0_, details1_.odtaxrt as odtaxrt83_40_0_, details1_.odcrct as odcrct84_40_0_, details1_.oditc03 as oditc85_40_0_, details1_.oducf as oducf86_40_0_, details1_.oduncost as oduncos87_40_0_, details1_.odudc as odudc88_40_0_, details1_.odudf as odudf89_40_0_, details1_.oduom as oduom90_40_0_, details1_.odvnid as odvnid91_40_0_ from t4301 purchaseor0_ left outer join t4311 details1_ on purchaseor0_.ohcoid=details1_.odcoid and purchaseor0_.ohdocono=details1_.oddocono and purchaseor0_.ohdocoty=details1_.oddocoty where purchaseor0_.ohcoid=? and purchaseor0_.ohdocono=? and purchaseor0_.ohdocoty=?
Hibernate: select purchasede0_.odcoid as odcoid1_40_0_, purchasede0_.oddocono as oddocono2_40_0_, purchasede0_.oddocosq as oddocosq3_40_0_, purchasede0_.oddocoty as oddocoty4_40_0_, purchasede0_.odcid as odcid5_40_0_, purchasede0_.oddtin as oddtin6_40_0_, purchasede0_.odtmin as odtmin7_40_0_, purchasede0_.oduid as oduid8_40_0_, purchasede0_.oddtlu as oddtlu9_40_0_, purchasede0_.odtmlu as odtmlu10_40_0_, purchasede0_.oduidm as oduidm11_40_0_, purchasede0_.odacid as odacid12_40_0_, purchasede0_.odaprcd as odaprcd13_40_0_, purchasede0_.odcrcb as odcrcb14_40_0_, purchasede0_.oditc02 as oditc15_40_0_, purchasede0_.odbuid as odbuid16_40_0_, purchasede0_.odqtycl as odqtycl17_40_0_, purchasede0_.oditc01 as oditc18_40_0_, purchasede0_.odcldt as odcldt19_40_0_, purchasede0_.odcsid as odcsid20_40_0_, purchasede0_.oddccd as oddccd21_40_0_, purchasede0_.oddcrt as oddcrt22_40_0_, purchasede0_.odexcrt as odexcrt23_40_0_, purchasede0_.odexcost as odexcos24_40_0_, purchasede0_.odqtyx as odqtyx25_40_0_, purchasede0_.oducfx as oducfx26_40_0_, purchasede0_.oduncostx as oduncos27_40_0_, purchasede0_.oduomx as oduomx28_40_0_, purchasede0_.odfec as odfec29_40_0_, purchasede0_.odfta as odfta30_40_0_, purchasede0_.odftb as odftb31_40_0_, purchasede0_.odfuc as odfuc32_40_0_, purchasede0_.odglcls as odglcls33_40_0_, purchasede0_.odgldt as odgldt34_40_0_, purchasede0_.odir02 as odir35_40_0_, purchasede0_.odir01 as odir36_40_0_, purchasede0_.odir03 as odir37_40_0_, purchasede0_.odinum as odinum38_40_0_, purchasede0_.oddesb1 as oddesb39_40_0_, purchasede0_.oditc05 as oditc40_40_0_, purchasede0_.odlst as odlst41_40_0_, purchasede0_.odlnty as odlnty42_40_0_, purchasede0_.odlocid as odlocid43_40_0_, purchasede0_.odnst as odnst44_40_0_, purchasede0_.odobid as odobid45_40_0_, purchasede0_.odqtyop as odqtyop46_40_0_, purchasede0_.odordt as odordt47_40_0_, purchasede0_.odqtyor as odqtyor48_40_0_, purchasede0_.odott as odott49_40_0_, purchasede0_.odordocdt as odordoc50_40_0_, purchasede0_.odordocno as odordoc51_40_0_, purchasede0_.odordocsq as odordoc52_40_0_, purchasede0_.odordocty as odordoc53_40_0_, purchasede0_.odptc as odptc54_40_0_, purchasede0_.odpqor as odpqor55_40_0_, purchasede0_.oduom1 as oduom56_40_0_, purchasede0_.odpjid as odpjid57_40_0_, purchasede0_.odpddt as odpddt58_40_0_, purchasede0_.odpo03 as odpo59_40_0_, purchasede0_.odpo01 as odpo60_40_0_, purchasede0_.odpo02 as odpo61_40_0_, purchasede0_.odqty as odqty62_40_0_, purchasede0_.odrcdt as odrcdt63_40_0_, purchasede0_.odqtyrc as odqtyrc64_40_0_, purchasede0_.odstid as odstid65_40_0_, purchasede0_.odvr04 as odvr66_40_0_, purchasede0_.odvr01 as odvr67_40_0_, purchasede0_.odvr03 as odvr68_40_0_, purchasede0_.odvr05 as odvr69_40_0_, purchasede0_.odvr02 as odvr70_40_0_, purchasede0_.odrldocno as odrldoc71_40_0_, purchasede0_.odrldocsq as odrldoc72_40_0_, purchasede0_.odrldocty as odrldoc73_40_0_, purchasede0_.odrqdt as odrqdt74_40_0_, purchasede0_.odqtyrn as odqtyrn75_40_0_, purchasede0_.odsqor as odsqor76_40_0_, purchasede0_.oduom2 as oduom77_40_0_, purchasede0_.odsnlot as odsnlot78_40_0_, purchasede0_.odtaxal as odtaxal79_40_0_, purchasede0_.odtaxam as odtaxam80_40_0_, purchasede0_.odtaxab as odtaxab81_40_0_, purchasede0_.odtaxcd as odtaxcd82_40_0_, purchasede0_.odtaxrt as odtaxrt83_40_0_, purchasede0_.odcrct as odcrct84_40_0_, purchasede0_.oditc03 as oditc85_40_0_, purchasede0_.oducf as oducf86_40_0_, purchasede0_.oduncost as oduncos87_40_0_, purchasede0_.odudc as odudc88_40_0_, purchasede0_.odudf as odudf89_40_0_, purchasede0_.oduom as oduom90_40_0_, purchasede0_.odvnid as odvnid91_40_0_ from t4311 purchasede0_ where purchasede0_.odcoid=? and purchasede0_.oddocono=? and purchasede0_.oddocosq=? and purchasede0_.oddocoty=?
Hibernate: select purchasede0_.odcoid as odcoid1_40_0_, purchasede0_.oddocono as oddocono2_40_0_, purchasede0_.oddocosq as oddocosq3_40_0_, purchasede0_.oddocoty as oddocoty4_40_0_, purchasede0_.odcid as odcid5_40_0_, purchasede0_.oddtin as oddtin6_40_0_, purchasede0_.odtmin as odtmin7_40_0_, purchasede0_.oduid as oduid8_40_0_, purchasede0_.oddtlu as oddtlu9_40_0_, purchasede0_.odtmlu as odtmlu10_40_0_, purchasede0_.oduidm as oduidm11_40_0_, purchasede0_.odacid as odacid12_40_0_, purchasede0_.odaprcd as odaprcd13_40_0_, purchasede0_.odcrcb as odcrcb14_40_0_, purchasede0_.oditc02 as oditc15_40_0_, purchasede0_.odbuid as odbuid16_40_0_, purchasede0_.odqtycl as odqtycl17_40_0_, purchasede0_.oditc01 as oditc18_40_0_, purchasede0_.odcldt as odcldt19_40_0_, purchasede0_.odcsid as odcsid20_40_0_, purchasede0_.oddccd as oddccd21_40_0_, purchasede0_.oddcrt as oddcrt22_40_0_, purchasede0_.odexcrt as odexcrt23_40_0_, purchasede0_.odexcost as odexcos24_40_0_, purchasede0_.odqtyx as odqtyx25_40_0_, purchasede0_.oducfx as oducfx26_40_0_, purchasede0_.oduncostx as oduncos27_40_0_, purchasede0_.oduomx as oduomx28_40_0_, purchasede0_.odfec as odfec29_40_0_, purchasede0_.odfta as odfta30_40_0_, purchasede0_.odftb as odftb31_40_0_, purchasede0_.odfuc as odfuc32_40_0_, purchasede0_.odglcls as odglcls33_40_0_, purchasede0_.odgldt as odgldt34_40_0_, purchasede0_.odir02 as odir35_40_0_, purchasede0_.odir01 as odir36_40_0_, purchasede0_.odir03 as odir37_40_0_, purchasede0_.odinum as odinum38_40_0_, purchasede0_.oddesb1 as oddesb39_40_0_, purchasede0_.oditc05 as oditc40_40_0_, purchasede0_.odlst as odlst41_40_0_, purchasede0_.odlnty as odlnty42_40_0_, purchasede0_.odlocid as odlocid43_40_0_, purchasede0_.odnst as odnst44_40_0_, purchasede0_.odobid as odobid45_40_0_, purchasede0_.odqtyop as odqtyop46_40_0_, purchasede0_.odordt as odordt47_40_0_, purchasede0_.odqtyor as odqtyor48_40_0_, purchasede0_.odott as odott49_40_0_, purchasede0_.odordocdt as odordoc50_40_0_, purchasede0_.odordocno as odordoc51_40_0_, purchasede0_.odordocsq as odordoc52_40_0_, purchasede0_.odordocty as odordoc53_40_0_, purchasede0_.odptc as odptc54_40_0_, purchasede0_.odpqor as odpqor55_40_0_, purchasede0_.oduom1 as oduom56_40_0_, purchasede0_.odpjid as odpjid57_40_0_, purchasede0_.odpddt as odpddt58_40_0_, purchasede0_.odpo03 as odpo59_40_0_, purchasede0_.odpo01 as odpo60_40_0_, purchasede0_.odpo02 as odpo61_40_0_, purchasede0_.odqty as odqty62_40_0_, purchasede0_.odrcdt as odrcdt63_40_0_, purchasede0_.odqtyrc as odqtyrc64_40_0_, purchasede0_.odstid as odstid65_40_0_, purchasede0_.odvr04 as odvr66_40_0_, purchasede0_.odvr01 as odvr67_40_0_, purchasede0_.odvr03 as odvr68_40_0_, purchasede0_.odvr05 as odvr69_40_0_, purchasede0_.odvr02 as odvr70_40_0_, purchasede0_.odrldocno as odrldoc71_40_0_, purchasede0_.odrldocsq as odrldoc72_40_0_, purchasede0_.odrldocty as odrldoc73_40_0_, purchasede0_.odrqdt as odrqdt74_40_0_, purchasede0_.odqtyrn as odqtyrn75_40_0_, purchasede0_.odsqor as odsqor76_40_0_, purchasede0_.oduom2 as oduom77_40_0_, purchasede0_.odsnlot as odsnlot78_40_0_, purchasede0_.odtaxal as odtaxal79_40_0_, purchasede0_.odtaxam as odtaxam80_40_0_, purchasede0_.odtaxab as odtaxab81_40_0_, purchasede0_.odtaxcd as odtaxcd82_40_0_, purchasede0_.odtaxrt as odtaxrt83_40_0_, purchasede0_.odcrct as odcrct84_40_0_, purchasede0_.oditc03 as oditc85_40_0_, purchasede0_.oducf as oducf86_40_0_, purchasede0_.oduncost as oduncos87_40_0_, purchasede0_.odudc as odudc88_40_0_, purchasede0_.odudf as odudf89_40_0_, purchasede0_.oduom as oduom90_40_0_, purchasede0_.odvnid as odvnid91_40_0_ from t4311 purchasede0_ where purchasede0_.odcoid=? and purchasede0_.oddocono=? and purchasede0_.oddocosq=? and purchasede0_.oddocoty=?
Hibernate: select purchasede0_.odcoid as odcoid1_40_0_, purchasede0_.oddocono as oddocono2_40_0_, purchasede0_.oddocosq as oddocosq3_40_0_, purchasede0_.oddocoty as oddocoty4_40_0_, purchasede0_.odcid as odcid5_40_0_, purchasede0_.oddtin as oddtin6_40_0_, purchasede0_.odtmin as odtmin7_40_0_, purchasede0_.oduid as oduid8_40_0_, purchasede0_.oddtlu as oddtlu9_40_0_, purchasede0_.odtmlu as odtmlu10_40_0_, purchasede0_.oduidm as oduidm11_40_0_, purchasede0_.odacid as odacid12_40_0_, purchasede0_.odaprcd as odaprcd13_40_0_, purchasede0_.odcrcb as odcrcb14_40_0_, purchasede0_.oditc02 as oditc15_40_0_, purchasede0_.odbuid as odbuid16_40_0_, purchasede0_.odqtycl as odqtycl17_40_0_, purchasede0_.oditc01 as oditc18_40_0_, purchasede0_.odcldt as odcldt19_40_0_, purchasede0_.odcsid as odcsid20_40_0_, purchasede0_.oddccd as oddccd21_40_0_, purchasede0_.oddcrt as oddcrt22_40_0_, purchasede0_.odexcrt as odexcrt23_40_0_, purchasede0_.odexcost as odexcos24_40_0_, purchasede0_.odqtyx as odqtyx25_40_0_, purchasede0_.oducfx as oducfx26_40_0_, purchasede0_.oduncostx as oduncos27_40_0_, purchasede0_.oduomx as oduomx28_40_0_, purchasede0_.odfec as odfec29_40_0_, purchasede0_.odfta as odfta30_40_0_, purchasede0_.odftb as odftb31_40_0_, purchasede0_.odfuc as odfuc32_40_0_, purchasede0_.odglcls as odglcls33_40_0_, purchasede0_.odgldt as odgldt34_40_0_, purchasede0_.odir02 as odir35_40_0_, purchasede0_.odir01 as odir36_40_0_, purchasede0_.odir03 as odir37_40_0_, purchasede0_.odinum as odinum38_40_0_, purchasede0_.oddesb1 as oddesb39_40_0_, purchasede0_.oditc05 as oditc40_40_0_, purchasede0_.odlst as odlst41_40_0_, purchasede0_.odlnty as odlnty42_40_0_, purchasede0_.odlocid as odlocid43_40_0_, purchasede0_.odnst as odnst44_40_0_, purchasede0_.odobid as odobid45_40_0_, purchasede0_.odqtyop as odqtyop46_40_0_, purchasede0_.odordt as odordt47_40_0_, purchasede0_.odqtyor as odqtyor48_40_0_, purchasede0_.odott as odott49_40_0_, purchasede0_.odordocdt as odordoc50_40_0_, purchasede0_.odordocno as odordoc51_40_0_, purchasede0_.odordocsq as odordoc52_40_0_, purchasede0_.odordocty as odordoc53_40_0_, purchasede0_.odptc as odptc54_40_0_, purchasede0_.odpqor as odpqor55_40_0_, purchasede0_.oduom1 as oduom56_40_0_, purchasede0_.odpjid as odpjid57_40_0_, purchasede0_.odpddt as odpddt58_40_0_, purchasede0_.odpo03 as odpo59_40_0_, purchasede0_.odpo01 as odpo60_40_0_, purchasede0_.odpo02 as odpo61_40_0_, purchasede0_.odqty as odqty62_40_0_, purchasede0_.odrcdt as odrcdt63_40_0_, purchasede0_.odqtyrc as odqtyrc64_40_0_, purchasede0_.odstid as odstid65_40_0_, purchasede0_.odvr04 as odvr66_40_0_, purchasede0_.odvr01 as odvr67_40_0_, purchasede0_.odvr03 as odvr68_40_0_, purchasede0_.odvr05 as odvr69_40_0_, purchasede0_.odvr02 as odvr70_40_0_, purchasede0_.odrldocno as odrldoc71_40_0_, purchasede0_.odrldocsq as odrldoc72_40_0_, purchasede0_.odrldocty as odrldoc73_40_0_, purchasede0_.odrqdt as odrqdt74_40_0_, purchasede0_.odqtyrn as odqtyrn75_40_0_, purchasede0_.odsqor as odsqor76_40_0_, purchasede0_.oduom2 as oduom77_40_0_, purchasede0_.odsnlot as odsnlot78_40_0_, purchasede0_.odtaxal as odtaxal79_40_0_, purchasede0_.odtaxam as odtaxam80_40_0_, purchasede0_.odtaxab as odtaxab81_40_0_, purchasede0_.odtaxcd as odtaxcd82_40_0_, purchasede0_.odtaxrt as odtaxrt83_40_0_, purchasede0_.odcrct as odcrct84_40_0_, purchasede0_.oditc03 as oditc85_40_0_, purchasede0_.oducf as oducf86_40_0_, purchasede0_.oduncost as oduncos87_40_0_, purchasede0_.odudc as odudc88_40_0_, purchasede0_.odudf as odudf89_40_0_, purchasede0_.oduom as oduom90_40_0_, purchasede0_.odvnid as odvnid91_40_0_ from t4311 purchasede0_ where purchasede0_.odcoid=? and purchasede0_.oddocono=? and purchasede0_.oddocosq=? and purchasede0_.oddocoty=?
Hibernate: insert into t4301 (ohcid, ohdtin, ohtmin, ohuid, ohdtlu, ohtmlu, ohuidm, ohaprcd, ohcrcb, ohbuid, ohcldt, ohcot, ohcsid, ohdesb1, ohdccd, ohdcrt, ohexcrt, ohgldt, ohidd, ohidn, ohlst, ohnst, ohobid, ohordt, ohptc, ohpoa, ohpod, ohpjid, ohpddt, ohrcdt, ohstid, ohrqdt, ohtaxal, ohtaxcd, ohtaxrt, ohcrct, ohdesc1, ohdesc2, ohvhrn, ohvhty, ohvnid, ohcoid, ohdocono, ohdocoty) values (?, ?, ?, ?, ?, ?, ?, ?, ?, ?, ?, ?, ?, ?, ?, ?, ?, ?, ?, ?, ?, ?, ?, ?, ?, ?, ?, ?, ?, ?, ?, ?, ?, ?, ?, ?, ?, ?, ?, ?, ?, ?, ?, ?)
Hibernate: insert into t4311 (odcid, oddtin, odtmin, oduid, oddtlu, odtmlu, oduidm, odacid, odaprcd, odcrcb, oditc02, odbuid, odqtycl, oditc01, odcldt, odcsid, oddccd, oddcrt, odexcrt, odexcost, odqtyx, oducfx, oduncostx, oduomx, odfec, odfta, odftb, odfuc, odglcls, odgldt, odir02, odir01, odir03, odinum, oddesb1, oditc05, odlst, odlnty, odlocid, odnst, odobid, odqtyop, odordt, odqtyor, odott, odordocdt, odordocno, odordocsq, odordocty, odptc, odpqor, oduom1, odpjid, odpddt, odpo03, odpo01, odpo02, odqty, odrcdt, odqtyrc, odstid, odvr04, odvr01, odvr03, odvr05, odvr02, odrldocno, odrldocsq, odrldocty, odrqdt, odqtyrn, odsqor, oduom2, odsnlot, odtaxal, odtaxam, odtaxab, odtaxcd, odtaxrt, odcrct, oditc03, oducf, oduncost, odudc, odudf, oduom, odvnid, odcoid, oddocono, oddocosq, oddocoty) values (?, ?, ?, ?, ?, ?, ?, ?, ?, ?, ?, ?, ?, ?, ?, ?, ?, ?, ?, ?, ?, ?, ?, ?, ?, ?, ?, ?, ?, ?, ?, ?, ?, ?, ?, ?, ?, ?, ?, ?, ?, ?, ?, ?, ?, ?, ?, ?, ?, ?, ?, ?, ?, ?, ?, ?, ?, ?, ?, ?, ?, ?, ?, ?, ?, ?, ?, ?, ?, ?, ?, ?, ?, ?, ?, ?, ?, ?, ?, ?, ?, ?, ?, ?, ?, ?, ?, ?, ?, ?, ?)
Hibernate: insert into t4311 (odcid, oddtin, odtmin, oduid, oddtlu, odtmlu, oduidm, odacid, odaprcd, odcrcb, oditc02, odbuid, odqtycl, oditc01, odcldt, odcsid, oddccd, oddcrt, odexcrt, odexcost, odqtyx, oducfx, oduncostx, oduomx, odfec, odfta, odftb, odfuc, odglcls, odgldt, odir02, odir01, odir03, odinum, oddesb1, oditc05, odlst, odlnty, odlocid, odnst, odobid, odqtyop, odordt, odqtyor, odott, odordocdt, odordocno, odordocsq, odordocty, odptc, odpqor, oduom1, odpjid, odpddt, odpo03, odpo01, odpo02, odqty, odrcdt, odqtyrc, odstid, odvr04, odvr01, odvr03, odvr05, odvr02, odrldocno, odrldocsq, odrldocty, odrqdt, odqtyrn, odsqor, oduom2, odsnlot, odtaxal, odtaxam, odtaxab, odtaxcd, odtaxrt, odcrct, oditc03, oducf, oduncost, odudc, odudf, oduom, odvnid, odcoid, oddocono, oddocosq, oddocoty) values (?, ?, ?, ?, ?, ?, ?, ?, ?, ?, ?, ?, ?, ?, ?, ?, ?, ?, ?, ?, ?, ?, ?, ?, ?, ?, ?, ?, ?, ?, ?, ?, ?, ?, ?, ?, ?, ?, ?, ?, ?, ?, ?, ?, ?, ?, ?, ?, ?, ?, ?, ?, ?, ?, ?, ?, ?, ?, ?, ?, ?, ?, ?, ?, ?, ?, ?, ?, ?, ?, ?, ?, ?, ?, ?, ?, ?, ?, ?, ?, ?, ?, ?, ?, ?, ?, ?, ?, ?, ?, ?)
Hibernate: insert into t4311 (odcid, oddtin, odtmin, oduid, oddtlu, odtmlu, oduidm, odacid, odaprcd, odcrcb, oditc02, odbuid, odqtycl, oditc01, odcldt, odcsid, oddccd, oddcrt, odexcrt, odexcost, odqtyx, oducfx, oduncostx, oduomx, odfec, odfta, odftb, odfuc, odglcls, odgldt, odir02, odir01, odir03, odinum, oddesb1, oditc05, odlst, odlnty, odlocid, odnst, odobid, odqtyop, odordt, odqtyor, odott, odordocdt, odordocno, odordocsq, odordocty, odptc, odpqor, oduom1, odpjid, odpddt, odpo03, odpo01, odpo02, odqty, odrcdt, odqtyrc, odstid, odvr04, odvr01, odvr03, odvr05, odvr02, odrldocno, odrldocsq, odrldocty, odrqdt, odqtyrn, odsqor, oduom2, odsnlot, odtaxal, odtaxam, odtaxab, odtaxcd, odtaxrt, odcrct, oditc03, oducf, oduncost, odudc, odudf, oduom, odvnid, odcoid, oddocono, oddocosq, oddocoty) values (?, ?, ?, ?, ?, ?, ?, ?, ?, ?, ?, ?, ?, ?, ?, ?, ?, ?, ?, ?, ?, ?, ?, ?, ?, ?, ?, ?, ?, ?, ?, ?, ?, ?, ?, ?, ?, ?, ?, ?, ?, ?, ?, ?, ?, ?, ?, ?, ?, ?, ?, ?, ?, ?, ?, ?, ?, ?, ?, ?, ?, ?, ?, ?, ?, ?, ?, ?, ?, ?, ?, ?, ?, ?, ?, ?, ?, ?, ?, ?, ?, ?, ?, ?, ?, ?, ?, ?, ?, ?, ?)
Hibernate: select purchaseor0_.ohcoid as ohcoid1_39_0_, purchaseor0_.ohdocono as ohdocono2_39_0_, purchaseor0_.ohdocoty as ohdocoty3_39_0_, purchaseor0_.ohcid as ohcid4_39_0_, purchaseor0_.ohdtin as ohdtin5_39_0_, purchaseor0_.ohtmin as ohtmin6_39_0_, purchaseor0_.ohuid as ohuid7_39_0_, purchaseor0_.ohdtlu as ohdtlu8_39_0_, purchaseor0_.ohtmlu as ohtmlu9_39_0_, purchaseor0_.ohuidm as ohuidm10_39_0_, purchaseor0_.ohaprcd as ohaprcd11_39_0_, purchaseor0_.ohcrcb as ohcrcb12_39_0_, purchaseor0_.ohbuid as ohbuid13_39_0_, purchaseor0_.ohcldt as ohcldt14_39_0_, purchaseor0_.ohcot as ohcot15_39_0_, purchaseor0_.ohcsid as ohcsid16_39_0_, purchaseor0_.ohdesb1 as ohdesb17_39_0_, purchaseor0_.ohdccd as ohdccd18_39_0_, purchaseor0_.ohdcrt as ohdcrt19_39_0_, purchaseor0_.ohexcrt as ohexcrt20_39_0_, purchaseor0_.ohgldt as ohgldt21_39_0_, purchaseor0_.ohidd as ohidd22_39_0_, purchaseor0_.ohidn as ohidn23_39_0_, purchaseor0_.ohlst as ohlst24_39_0_, purchaseor0_.ohnst as ohnst25_39_0_, purchaseor0_.ohobid as ohobid26_39_0_, purchaseor0_.ohordt as ohordt27_39_0_, purchaseor0_.ohptc as ohptc28_39_0_, purchaseor0_.ohpoa as ohpoa29_39_0_, purchaseor0_.ohpod as ohpod30_39_0_, purchaseor0_.ohpjid as ohpjid31_39_0_, purchaseor0_.ohpddt as ohpddt32_39_0_, purchaseor0_.ohrcdt as ohrcdt33_39_0_, purchaseor0_.ohstid as ohstid34_39_0_, purchaseor0_.ohrqdt as ohrqdt35_39_0_, purchaseor0_.ohtaxal as ohtaxal36_39_0_, purchaseor0_.ohtaxcd as ohtaxcd37_39_0_, purchaseor0_.ohtaxrt as ohtaxrt38_39_0_, purchaseor0_.ohcrct as ohcrct39_39_0_, purchaseor0_.ohdesc1 as ohdesc40_39_0_, purchaseor0_.ohdesc2 as ohdesc41_39_0_, purchaseor0_.ohvhrn as ohvhrn42_39_0_, purchaseor0_.ohvhty as ohvhty43_39_0_, purchaseor0_.ohvnid as ohvnid44_39_0_ from t4301 purchaseor0_ where purchaseor0_.ohcoid=? and purchaseor0_.ohdocono=? and purchaseor0_.ohdocoty=?
Hibernate: select details0_.odcoid as odcoid1_40_0_, details0_.oddocono as oddocono2_40_0_, details0_.oddocoty as oddocoty4_40_0_, details0_.oddocosq as oddocosq3_40_0_, details0_.odcoid as odcoid1_40_1_, details0_.oddocono as oddocono2_40_1_, details0_.oddocosq as oddocosq3_40_1_, details0_.oddocoty as oddocoty4_40_1_, details0_.odcid as odcid5_40_1_, details0_.oddtin as oddtin6_40_1_, details0_.odtmin as odtmin7_40_1_, details0_.oduid as oduid8_40_1_, details0_.oddtlu as oddtlu9_40_1_, details0_.odtmlu as odtmlu10_40_1_, details0_.oduidm as oduidm11_40_1_, details0_.odacid as odacid12_40_1_, details0_.odaprcd as odaprcd13_40_1_, details0_.odcrcb as odcrcb14_40_1_, details0_.oditc02 as oditc15_40_1_, details0_.odbuid as odbuid16_40_1_, details0_.odqtycl as odqtycl17_40_1_, details0_.oditc01 as oditc18_40_1_, details0_.odcldt as odcldt19_40_1_, details0_.odcsid as odcsid20_40_1_, details0_.oddccd as oddccd21_40_1_, details0_.oddcrt as oddcrt22_40_1_, details0_.odexcrt as odexcrt23_40_1_, details0_.odexcost as odexcos24_40_1_, details0_.odqtyx as odqtyx25_40_1_, details0_.oducfx as oducfx26_40_1_, details0_.oduncostx as oduncos27_40_1_, details0_.oduomx as oduomx28_40_1_, details0_.odfec as odfec29_40_1_, details0_.odfta as odfta30_40_1_, details0_.odftb as odftb31_40_1_, details0_.odfuc as odfuc32_40_1_, details0_.odglcls as odglcls33_40_1_, details0_.odgldt as odgldt34_40_1_, details0_.odir02 as odir35_40_1_, details0_.odir01 as odir36_40_1_, details0_.odir03 as odir37_40_1_, details0_.odinum as odinum38_40_1_, details0_.oddesb1 as oddesb39_40_1_, details0_.oditc05 as oditc40_40_1_, details0_.odlst as odlst41_40_1_, details0_.odlnty as odlnty42_40_1_, details0_.odlocid as odlocid43_40_1_, details0_.odnst as odnst44_40_1_, details0_.odobid as odobid45_40_1_, details0_.odqtyop as odqtyop46_40_1_, details0_.odordt as odordt47_40_1_, details0_.odqtyor as odqtyor48_40_1_, details0_.odott as odott49_40_1_, details0_.odordocdt as odordoc50_40_1_, details0_.odordocno as odordoc51_40_1_, details0_.odordocsq as odordoc52_40_1_, details0_.odordocty as odordoc53_40_1_, details0_.odptc as odptc54_40_1_, details0_.odpqor as odpqor55_40_1_, details0_.oduom1 as oduom56_40_1_, details0_.odpjid as odpjid57_40_1_, details0_.odpddt as odpddt58_40_1_, details0_.odpo03 as odpo59_40_1_, details0_.odpo01 as odpo60_40_1_, details0_.odpo02 as odpo61_40_1_, details0_.odqty as odqty62_40_1_, details0_.odrcdt as odrcdt63_40_1_, details0_.odqtyrc as odqtyrc64_40_1_, details0_.odstid as odstid65_40_1_, details0_.odvr04 as odvr66_40_1_, details0_.odvr01 as odvr67_40_1_, details0_.odvr03 as odvr68_40_1_, details0_.odvr05 as odvr69_40_1_, details0_.odvr02 as odvr70_40_1_, details0_.odrldocno as odrldoc71_40_1_, details0_.odrldocsq as odrldoc72_40_1_, details0_.odrldocty as odrldoc73_40_1_, details0_.odrqdt as odrqdt74_40_1_, details0_.odqtyrn as odqtyrn75_40_1_, details0_.odsqor as odsqor76_40_1_, details0_.oduom2 as oduom77_40_1_, details0_.odsnlot as odsnlot78_40_1_, details0_.odtaxal as odtaxal79_40_1_, details0_.odtaxam as odtaxam80_40_1_, details0_.odtaxab as odtaxab81_40_1_, details0_.odtaxcd as odtaxcd82_40_1_, details0_.odtaxrt as odtaxrt83_40_1_, details0_.odcrct as odcrct84_40_1_, details0_.oditc03 as oditc85_40_1_, details0_.oducf as oducf86_40_1_, details0_.oduncost as oduncos87_40_1_, details0_.odudc as odudc88_40_1_, details0_.odudf as odudf89_40_1_, details0_.oduom as oduom90_40_1_, details0_.odvnid as odvnid91_40_1_ from t4311 details0_ where details0_.odcoid=? and details0_.oddocono=? and details0_.oddocoty=?
Hibernate: select receipts0_.ovcoid as ovcoid1_41_0_, receipts0_.ovdocono as ovdocon53_41_0_, receipts0_.ovdocosq as ovdocos54_41_0_, receipts0_.ovdocoty as ovdocot55_41_0_, receipts0_.ovdocno as ovdocno2_41_0_, receipts0_.ovdocty as ovdocty3_41_0_, receipts0_.ovdocsq as ovdocsq4_41_0_, receipts0_.ovcoid as ovcoid1_41_1_, receipts0_.ovdocno as ovdocno2_41_1_, receipts0_.ovdocty as ovdocty3_41_1_, receipts0_.ovdocsq as ovdocsq4_41_1_, receipts0_.ovcid as ovcid5_41_1_, receipts0_.ovdtin as ovdtin6_41_1_, receipts0_.ovtmin as ovtmin7_41_1_, receipts0_.ovuid as ovuid8_41_1_, receipts0_.ovdtlu as ovdtlu9_41_1_, receipts0_.ovtmlu as ovtmlu10_41_1_, receipts0_.ovuidm as ovuidm11_41_1_, receipts0_.ovacid as ovacid12_41_1_, receipts0_.ovcrcb as ovcrcb13_41_1_, receipts0_.ovicu as ovicu14_41_1_, receipts0_.ovicut as ovicut15_41_1_, receipts0_.ovitc02 as ovitc16_41_1_, receipts0_.ovbuid as ovbuid17_41_1_, receipts0_.ovitc01 as ovitc18_41_1_, receipts0_.ovcot as ovcot19_41_1_, receipts0_.ovcnid as ovcnid20_41_1_, receipts0_.ovcsdocdt as ovcsdoc21_41_1_, receipts0_.ovcsdocno as ovcsdoc22_41_1_, receipts0_.ovurtx as ovurtx23_41_1_, receipts0_.ovdccd as ovdccd24_41_1_, receipts0_.ovdcrt as ovdcrt25_41_1_, receipts0_.ovdocdt as ovdocdt26_41_1_, receipts0_.ovexcrt as ovexcrt27_41_1_, receipts0_.ovexpdt as ovexpdt28_41_1_, receipts0_.ovexcost as ovexcos29_41_1_, receipts0_.ovfec as ovfec30_41_1_, receipts0_.ovfta as ovfta31_41_1_, receipts0_.ovftb as ovftb32_41_1_, receipts0_.ovfuc as ovfuc33_41_1_, receipts0_.ovglcls as ovglcls34_41_1_, receipts0_.ovidd as ovidd35_41_1_, receipts0_.ovidn as ovidn36_41_1_, receipts0_.ovitt as ovitt37_41_1_, receipts0_.ovdocidt as ovdocid38_41_1_, receipts0_.ovdocino as ovdocin39_41_1_, receipts0_.ovdocisq as ovdocis40_41_1_, receipts0_.ovdocity as ovdocit41_41_1_, receipts0_.ovinum as ovinum42_41_1_, receipts0_.ovdesb1 as ovdesb43_41_1_, receipts0_.ovlcrt as ovlcrt44_41_1_, receipts0_.ovitc05 as ovitc45_41_1_, receipts0_.ovlst as ovlst46_41_1_, receipts0_.ovlvla as ovlvla47_41_1_, receipts0_.ovlnty as ovlnty48_41_1_, receipts0_.ovlocid as ovlocid49_41_1_, receipts0_.ovmatc as ovmatc50_41_1_, receipts0_.ovnst as ovnst51_41_1_, receipts0_.ovobid as ovobid52_41_1_, receipts0_.ovdocono as ovdocon53_41_1_, receipts0_.ovdocosq as ovdocos54_41_1_, receipts0_.ovdocoty as ovdocot55_41_1_, receipts0_.ovordocno as ovordoc56_41_1_, receipts0_.ovordocsq as ovordoc57_41_1_, receipts0_.ovordocty as ovordoc58_41_1_, receipts0_.ovptc as ovptc59_41_1_, receipts0_.ovpoa as ovpoa60_41_1_, receipts0_.ovpod as ovpod61_41_1_, receipts0_.ovpqot as ovpqot62_41_1_, receipts0_.ovuom1 as ovuom63_41_1_, receipts0_.ovpjid as ovpjid64_41_1_, receipts0_.ovpo03 as ovpo65_41_1_, receipts0_.ovpo01 as ovpo66_41_1_, receipts0_.ovpo02 as ovpo67_41_1_, receipts0_.ovqty as ovqty68_41_1_, receipts0_.ovrcdt as ovrcdt69_41_1_, receipts0_.ovrecid as ovrecid70_41_1_, receipts0_.ovvr04 as ovvr71_41_1_, receipts0_.ovvr01 as ovvr72_41_1_, receipts0_.ovvr03 as ovvr73_41_1_, receipts0_.ovvr05 as ovvr74_41_1_, receipts0_.ovvr02 as ovvr75_41_1_, receipts0_.ovrtgc as ovrtgc76_41_1_, receipts0_.ovsqot as ovsqot77_41_1_, receipts0_.ovuom2 as ovuom78_41_1_, receipts0_.ovsnlot as ovsnlot79_41_1_, receipts0_.ovtaxal as ovtaxal80_41_1_, receipts0_.ovtaxam as ovtaxam81_41_1_, receipts0_.ovtaxab as ovtaxab82_41_1_, receipts0_.ovtaxcd as ovtaxcd83_41_1_, receipts0_.ovtaxidt as ovtaxid84_41_1_, receipts0_.ovtaxino as ovtaxin85_41_1_, receipts0_.ovtaxrt as ovtaxrt86_41_1_, receipts0_.ovcrct as ovcrct87_41_1_, receipts0_.ovitc03 as ovitc88_41_1_, receipts0_.ovucf as ovucf89_41_1_, receipts0_.ovuncost as ovuncos90_41_1_, receipts0_.ovudc as ovudc91_41_1_, receipts0_.ovudf as ovudf92_41_1_, receipts0_.ovuom as ovuom93_41_1_, receipts0_.ovvnid as ovvnid94_41_1_, receipts0_.ovinvdt as ovinvdt95_41_1_, receipts0_.ovinvno as ovinvno96_41_1_ from t4312 receipts0_ where receipts0_.ovcoid=? and receipts0_.ovdocono=? and receipts0_.ovdocosq=? and receipts0_.ovdocoty=?
Hibernate: select receipts0_.ovcoid as ovcoid1_41_0_, receipts0_.ovdocono as ovdocon53_41_0_, receipts0_.ovdocosq as ovdocos54_41_0_, receipts0_.ovdocoty as ovdocot55_41_0_, receipts0_.ovdocno as ovdocno2_41_0_, receipts0_.ovdocty as ovdocty3_41_0_, receipts0_.ovdocsq as ovdocsq4_41_0_, receipts0_.ovcoid as ovcoid1_41_1_, receipts0_.ovdocno as ovdocno2_41_1_, receipts0_.ovdocty as ovdocty3_41_1_, receipts0_.ovdocsq as ovdocsq4_41_1_, receipts0_.ovcid as ovcid5_41_1_, receipts0_.ovdtin as ovdtin6_41_1_, receipts0_.ovtmin as ovtmin7_41_1_, receipts0_.ovuid as ovuid8_41_1_, receipts0_.ovdtlu as ovdtlu9_41_1_, receipts0_.ovtmlu as ovtmlu10_41_1_, receipts0_.ovuidm as ovuidm11_41_1_, receipts0_.ovacid as ovacid12_41_1_, receipts0_.ovcrcb as ovcrcb13_41_1_, receipts0_.ovicu as ovicu14_41_1_, receipts0_.ovicut as ovicut15_41_1_, receipts0_.ovitc02 as ovitc16_41_1_, receipts0_.ovbuid as ovbuid17_41_1_, receipts0_.ovitc01 as ovitc18_41_1_, receipts0_.ovcot as ovcot19_41_1_, receipts0_.ovcnid as ovcnid20_41_1_, receipts0_.ovcsdocdt as ovcsdoc21_41_1_, receipts0_.ovcsdocno as ovcsdoc22_41_1_, receipts0_.ovurtx as ovurtx23_41_1_, receipts0_.ovdccd as ovdccd24_41_1_, receipts0_.ovdcrt as ovdcrt25_41_1_, receipts0_.ovdocdt as ovdocdt26_41_1_, receipts0_.ovexcrt as ovexcrt27_41_1_, receipts0_.ovexpdt as ovexpdt28_41_1_, receipts0_.ovexcost as ovexcos29_41_1_, receipts0_.ovfec as ovfec30_41_1_, receipts0_.ovfta as ovfta31_41_1_, receipts0_.ovftb as ovftb32_41_1_, receipts0_.ovfuc as ovfuc33_41_1_, receipts0_.ovglcls as ovglcls34_41_1_, receipts0_.ovidd as ovidd35_41_1_, receipts0_.ovidn as ovidn36_41_1_, receipts0_.ovitt as ovitt37_41_1_, receipts0_.ovdocidt as ovdocid38_41_1_, receipts0_.ovdocino as ovdocin39_41_1_, receipts0_.ovdocisq as ovdocis40_41_1_, receipts0_.ovdocity as ovdocit41_41_1_, receipts0_.ovinum as ovinum42_41_1_, receipts0_.ovdesb1 as ovdesb43_41_1_, receipts0_.ovlcrt as ovlcrt44_41_1_, receipts0_.ovitc05 as ovitc45_41_1_, receipts0_.ovlst as ovlst46_41_1_, receipts0_.ovlvla as ovlvla47_41_1_, receipts0_.ovlnty as ovlnty48_41_1_, receipts0_.ovlocid as ovlocid49_41_1_, receipts0_.ovmatc as ovmatc50_41_1_, receipts0_.ovnst as ovnst51_41_1_, receipts0_.ovobid as ovobid52_41_1_, receipts0_.ovdocono as ovdocon53_41_1_, receipts0_.ovdocosq as ovdocos54_41_1_, receipts0_.ovdocoty as ovdocot55_41_1_, receipts0_.ovordocno as ovordoc56_41_1_, receipts0_.ovordocsq as ovordoc57_41_1_, receipts0_.ovordocty as ovordoc58_41_1_, receipts0_.ovptc as ovptc59_41_1_, receipts0_.ovpoa as ovpoa60_41_1_, receipts0_.ovpod as ovpod61_41_1_, receipts0_.ovpqot as ovpqot62_41_1_, receipts0_.ovuom1 as ovuom63_41_1_, receipts0_.ovpjid as ovpjid64_41_1_, receipts0_.ovpo03 as ovpo65_41_1_, receipts0_.ovpo01 as ovpo66_41_1_, receipts0_.ovpo02 as ovpo67_41_1_, receipts0_.ovqty as ovqty68_41_1_, receipts0_.ovrcdt as ovrcdt69_41_1_, receipts0_.ovrecid as ovrecid70_41_1_, receipts0_.ovvr04 as ovvr71_41_1_, receipts0_.ovvr01 as ovvr72_41_1_, receipts0_.ovvr03 as ovvr73_41_1_, receipts0_.ovvr05 as ovvr74_41_1_, receipts0_.ovvr02 as ovvr75_41_1_, receipts0_.ovrtgc as ovrtgc76_41_1_, receipts0_.ovsqot as ovsqot77_41_1_, receipts0_.ovuom2 as ovuom78_41_1_, receipts0_.ovsnlot as ovsnlot79_41_1_, receipts0_.ovtaxal as ovtaxal80_41_1_, receipts0_.ovtaxam as ovtaxam81_41_1_, receipts0_.ovtaxab as ovtaxab82_41_1_, receipts0_.ovtaxcd as ovtaxcd83_41_1_, receipts0_.ovtaxidt as ovtaxid84_41_1_, receipts0_.ovtaxino as ovtaxin85_41_1_, receipts0_.ovtaxrt as ovtaxrt86_41_1_, receipts0_.ovcrct as ovcrct87_41_1_, receipts0_.ovitc03 as ovitc88_41_1_, receipts0_.ovucf as ovucf89_41_1_, receipts0_.ovuncost as ovuncos90_41_1_, receipts0_.ovudc as ovudc91_41_1_, receipts0_.ovudf as ovudf92_41_1_, receipts0_.ovuom as ovuom93_41_1_, receipts0_.ovvnid as ovvnid94_41_1_, receipts0_.ovinvdt as ovinvdt95_41_1_, receipts0_.ovinvno as ovinvno96_41_1_ from t4312 receipts0_ where receipts0_.ovcoid=? and receipts0_.ovdocono=? and receipts0_.ovdocosq=? and receipts0_.ovdocoty=?
Hibernate: select receipts0_.ovcoid as ovcoid1_41_0_, receipts0_.ovdocono as ovdocon53_41_0_, receipts0_.ovdocosq as ovdocos54_41_0_, receipts0_.ovdocoty as ovdocot55_41_0_, receipts0_.ovdocno as ovdocno2_41_0_, receipts0_.ovdocty as ovdocty3_41_0_, receipts0_.ovdocsq as ovdocsq4_41_0_, receipts0_.ovcoid as ovcoid1_41_1_, receipts0_.ovdocno as ovdocno2_41_1_, receipts0_.ovdocty as ovdocty3_41_1_, receipts0_.ovdocsq as ovdocsq4_41_1_, receipts0_.ovcid as ovcid5_41_1_, receipts0_.ovdtin as ovdtin6_41_1_, receipts0_.ovtmin as ovtmin7_41_1_, receipts0_.ovuid as ovuid8_41_1_, receipts0_.ovdtlu as ovdtlu9_41_1_, receipts0_.ovtmlu as ovtmlu10_41_1_, receipts0_.ovuidm as ovuidm11_41_1_, receipts0_.ovacid as ovacid12_41_1_, receipts0_.ovcrcb as ovcrcb13_41_1_, receipts0_.ovicu as ovicu14_41_1_, receipts0_.ovicut as ovicut15_41_1_, receipts0_.ovitc02 as ovitc16_41_1_, receipts0_.ovbuid as ovbuid17_41_1_, receipts0_.ovitc01 as ovitc18_41_1_, receipts0_.ovcot as ovcot19_41_1_, receipts0_.ovcnid as ovcnid20_41_1_, receipts0_.ovcsdocdt as ovcsdoc21_41_1_, receipts0_.ovcsdocno as ovcsdoc22_41_1_, receipts0_.ovurtx as ovurtx23_41_1_, receipts0_.ovdccd as ovdccd24_41_1_, receipts0_.ovdcrt as ovdcrt25_41_1_, receipts0_.ovdocdt as ovdocdt26_41_1_, receipts0_.ovexcrt as ovexcrt27_41_1_, receipts0_.ovexpdt as ovexpdt28_41_1_, receipts0_.ovexcost as ovexcos29_41_1_, receipts0_.ovfec as ovfec30_41_1_, receipts0_.ovfta as ovfta31_41_1_, receipts0_.ovftb as ovftb32_41_1_, receipts0_.ovfuc as ovfuc33_41_1_, receipts0_.ovglcls as ovglcls34_41_1_, receipts0_.ovidd as ovidd35_41_1_, receipts0_.ovidn as ovidn36_41_1_, receipts0_.ovitt as ovitt37_41_1_, receipts0_.ovdocidt as ovdocid38_41_1_, receipts0_.ovdocino as ovdocin39_41_1_, receipts0_.ovdocisq as ovdocis40_41_1_, receipts0_.ovdocity as ovdocit41_41_1_, receipts0_.ovinum as ovinum42_41_1_, receipts0_.ovdesb1 as ovdesb43_41_1_, receipts0_.ovlcrt as ovlcrt44_41_1_, receipts0_.ovitc05 as ovitc45_41_1_, receipts0_.ovlst as ovlst46_41_1_, receipts0_.ovlvla as ovlvla47_41_1_, receipts0_.ovlnty as ovlnty48_41_1_, receipts0_.ovlocid as ovlocid49_41_1_, receipts0_.ovmatc as ovmatc50_41_1_, receipts0_.ovnst as ovnst51_41_1_, receipts0_.ovobid as ovobid52_41_1_, receipts0_.ovdocono as ovdocon53_41_1_, receipts0_.ovdocosq as ovdocos54_41_1_, receipts0_.ovdocoty as ovdocot55_41_1_, receipts0_.ovordocno as ovordoc56_41_1_, receipts0_.ovordocsq as ovordoc57_41_1_, receipts0_.ovordocty as ovordoc58_41_1_, receipts0_.ovptc as ovptc59_41_1_, receipts0_.ovpoa as ovpoa60_41_1_, receipts0_.ovpod as ovpod61_41_1_, receipts0_.ovpqot as ovpqot62_41_1_, receipts0_.ovuom1 as ovuom63_41_1_, receipts0_.ovpjid as ovpjid64_41_1_, receipts0_.ovpo03 as ovpo65_41_1_, receipts0_.ovpo01 as ovpo66_41_1_, receipts0_.ovpo02 as ovpo67_41_1_, receipts0_.ovqty as ovqty68_41_1_, receipts0_.ovrcdt as ovrcdt69_41_1_, receipts0_.ovrecid as ovrecid70_41_1_, receipts0_.ovvr04 as ovvr71_41_1_, receipts0_.ovvr01 as ovvr72_41_1_, receipts0_.ovvr03 as ovvr73_41_1_, receipts0_.ovvr05 as ovvr74_41_1_, receipts0_.ovvr02 as ovvr75_41_1_, receipts0_.ovrtgc as ovrtgc76_41_1_, receipts0_.ovsqot as ovsqot77_41_1_, receipts0_.ovuom2 as ovuom78_41_1_, receipts0_.ovsnlot as ovsnlot79_41_1_, receipts0_.ovtaxal as ovtaxal80_41_1_, receipts0_.ovtaxam as ovtaxam81_41_1_, receipts0_.ovtaxab as ovtaxab82_41_1_, receipts0_.ovtaxcd as ovtaxcd83_41_1_, receipts0_.ovtaxidt as ovtaxid84_41_1_, receipts0_.ovtaxino as ovtaxin85_41_1_, receipts0_.ovtaxrt as ovtaxrt86_41_1_, receipts0_.ovcrct as ovcrct87_41_1_, receipts0_.ovitc03 as ovitc88_41_1_, receipts0_.ovucf as ovucf89_41_1_, receipts0_.ovuncost as ovuncos90_41_1_, receipts0_.ovudc as ovudc91_41_1_, receipts0_.ovudf as ovudf92_41_1_, receipts0_.ovuom as ovuom93_41_1_, receipts0_.ovvnid as ovvnid94_41_1_, receipts0_.ovinvdt as ovinvdt95_41_1_, receipts0_.ovinvno as ovinvno96_41_1_ from t4312 receipts0_ where receipts0_.ovcoid=? and receipts0_.ovdocono=? and receipts0_.ovdocosq=? and receipts0_.ovdocoty=?
Hibernate: select purchasere0_.ovcoid as ovcoid1_41_0_, purchasere0_.ovdocno as ovdocno2_41_0_, purchasere0_.ovdocty as ovdocty3_41_0_, purchasere0_.ovdocsq as ovdocsq4_41_0_, purchasere0_.ovcid as ovcid5_41_0_, purchasere0_.ovdtin as ovdtin6_41_0_, purchasere0_.ovtmin as ovtmin7_41_0_, purchasere0_.ovuid as ovuid8_41_0_, purchasere0_.ovdtlu as ovdtlu9_41_0_, purchasere0_.ovtmlu as ovtmlu10_41_0_, purchasere0_.ovuidm as ovuidm11_41_0_, purchasere0_.ovacid as ovacid12_41_0_, purchasere0_.ovcrcb as ovcrcb13_41_0_, purchasere0_.ovicu as ovicu14_41_0_, purchasere0_.ovicut as ovicut15_41_0_, purchasere0_.ovitc02 as ovitc16_41_0_, purchasere0_.ovbuid as ovbuid17_41_0_, purchasere0_.ovitc01 as ovitc18_41_0_, purchasere0_.ovcot as ovcot19_41_0_, purchasere0_.ovcnid as ovcnid20_41_0_, purchasere0_.ovcsdocdt as ovcsdoc21_41_0_, purchasere0_.ovcsdocno as ovcsdoc22_41_0_, purchasere0_.ovurtx as ovurtx23_41_0_, purchasere0_.ovdccd as ovdccd24_41_0_, purchasere0_.ovdcrt as ovdcrt25_41_0_, purchasere0_.ovdocdt as ovdocdt26_41_0_, purchasere0_.ovexcrt as ovexcrt27_41_0_, purchasere0_.ovexpdt as ovexpdt28_41_0_, purchasere0_.ovexcost as ovexcos29_41_0_, purchasere0_.ovfec as ovfec30_41_0_, purchasere0_.ovfta as ovfta31_41_0_, purchasere0_.ovftb as ovftb32_41_0_, purchasere0_.ovfuc as ovfuc33_41_0_, purchasere0_.ovglcls as ovglcls34_41_0_, purchasere0_.ovidd as ovidd35_41_0_, purchasere0_.ovidn as ovidn36_41_0_, purchasere0_.ovitt as ovitt37_41_0_, purchasere0_.ovdocidt as ovdocid38_41_0_, purchasere0_.ovdocino as ovdocin39_41_0_, purchasere0_.ovdocisq as ovdocis40_41_0_, purchasere0_.ovdocity as ovdocit41_41_0_, purchasere0_.ovinum as ovinum42_41_0_, purchasere0_.ovdesb1 as ovdesb43_41_0_, purchasere0_.ovlcrt as ovlcrt44_41_0_, purchasere0_.ovitc05 as ovitc45_41_0_, purchasere0_.ovlst as ovlst46_41_0_, purchasere0_.ovlvla as ovlvla47_41_0_, purchasere0_.ovlnty as ovlnty48_41_0_, purchasere0_.ovlocid as ovlocid49_41_0_, purchasere0_.ovmatc as ovmatc50_41_0_, purchasere0_.ovnst as ovnst51_41_0_, purchasere0_.ovobid as ovobid52_41_0_, purchasere0_.ovdocono as ovdocon53_41_0_, purchasere0_.ovdocosq as ovdocos54_41_0_, purchasere0_.ovdocoty as ovdocot55_41_0_, purchasere0_.ovordocno as ovordoc56_41_0_, purchasere0_.ovordocsq as ovordoc57_41_0_, purchasere0_.ovordocty as ovordoc58_41_0_, purchasere0_.ovptc as ovptc59_41_0_, purchasere0_.ovpoa as ovpoa60_41_0_, purchasere0_.ovpod as ovpod61_41_0_, purchasere0_.ovpqot as ovpqot62_41_0_, purchasere0_.ovuom1 as ovuom63_41_0_, purchasere0_.ovpjid as ovpjid64_41_0_, purchasere0_.ovpo03 as ovpo65_41_0_, purchasere0_.ovpo01 as ovpo66_41_0_, purchasere0_.ovpo02 as ovpo67_41_0_, purchasere0_.ovqty as ovqty68_41_0_, purchasere0_.ovrcdt as ovrcdt69_41_0_, purchasere0_.ovrecid as ovrecid70_41_0_, purchasere0_.ovvr04 as ovvr71_41_0_, purchasere0_.ovvr01 as ovvr72_41_0_, purchasere0_.ovvr03 as ovvr73_41_0_, purchasere0_.ovvr05 as ovvr74_41_0_, purchasere0_.ovvr02 as ovvr75_41_0_, purchasere0_.ovrtgc as ovrtgc76_41_0_, purchasere0_.ovsqot as ovsqot77_41_0_, purchasere0_.ovuom2 as ovuom78_41_0_, purchasere0_.ovsnlot as ovsnlot79_41_0_, purchasere0_.ovtaxal as ovtaxal80_41_0_, purchasere0_.ovtaxam as ovtaxam81_41_0_, purchasere0_.ovtaxab as ovtaxab82_41_0_, purchasere0_.ovtaxcd as ovtaxcd83_41_0_, purchasere0_.ovtaxidt as ovtaxid84_41_0_, purchasere0_.ovtaxino as ovtaxin85_41_0_, purchasere0_.ovtaxrt as ovtaxrt86_41_0_, purchasere0_.ovcrct as ovcrct87_41_0_, purchasere0_.ovitc03 as ovitc88_41_0_, purchasere0_.ovucf as ovucf89_41_0_, purchasere0_.ovuncost as ovuncos90_41_0_, purchasere0_.ovudc as ovudc91_41_0_, purchasere0_.ovudf as ovudf92_41_0_, purchasere0_.ovuom as ovuom93_41_0_, purchasere0_.ovvnid as ovvnid94_41_0_, purchasere0_.ovinvdt as ovinvdt95_41_0_, purchasere0_.ovinvno as ovinvno96_41_0_ from t4312 purchasere0_ where purchasere0_.ovcoid=? and purchasere0_.ovdocno=? and purchasere0_.ovdocty=? and purchasere0_.ovdocsq=?
Hibernate: select purchasere0_.ovcoid as ovcoid1_41_, purchasere0_.ovdocno as ovdocno2_41_, purchasere0_.ovdocty as ovdocty3_41_, purchasere0_.ovdocsq as ovdocsq4_41_, purchasere0_.ovcid as ovcid5_41_, purchasere0_.ovdtin as ovdtin6_41_, purchasere0_.ovtmin as ovtmin7_41_, purchasere0_.ovuid as ovuid8_41_, purchasere0_.ovdtlu as ovdtlu9_41_, purchasere0_.ovtmlu as ovtmlu10_41_, purchasere0_.ovuidm as ovuidm11_41_, purchasere0_.ovacid as ovacid12_41_, purchasere0_.ovcrcb as ovcrcb13_41_, purchasere0_.ovicu as ovicu14_41_, purchasere0_.ovicut as ovicut15_41_, purchasere0_.ovitc02 as ovitc16_41_, purchasere0_.ovbuid as ovbuid17_41_, purchasere0_.ovitc01 as ovitc18_41_, purchasere0_.ovcot as ovcot19_41_, purchasere0_.ovcnid as ovcnid20_41_, purchasere0_.ovcsdocdt as ovcsdoc21_41_, purchasere0_.ovcsdocno as ovcsdoc22_41_, purchasere0_.ovurtx as ovurtx23_41_, purchasere0_.ovdccd as ovdccd24_41_, purchasere0_.ovdcrt as ovdcrt25_41_, purchasere0_.ovdocdt as ovdocdt26_41_, purchasere0_.ovexcrt as ovexcrt27_41_, purchasere0_.ovexpdt as ovexpdt28_41_, purchasere0_.ovexcost as ovexcos29_41_, purchasere0_.ovfec as ovfec30_41_, purchasere0_.ovfta as ovfta31_41_, purchasere0_.ovftb as ovftb32_41_, purchasere0_.ovfuc as ovfuc33_41_, purchasere0_.ovglcls as ovglcls34_41_, purchasere0_.ovidd as ovidd35_41_, purchasere0_.ovidn as ovidn36_41_, purchasere0_.ovitt as ovitt37_41_, purchasere0_.ovdocidt as ovdocid38_41_, purchasere0_.ovdocino as ovdocin39_41_, purchasere0_.ovdocisq as ovdocis40_41_, purchasere0_.ovdocity as ovdocit41_41_, purchasere0_.ovinum as ovinum42_41_, purchasere0_.ovdesb1 as ovdesb43_41_, purchasere0_.ovlcrt as ovlcrt44_41_, purchasere0_.ovitc05 as ovitc45_41_, purchasere0_.ovlst as ovlst46_41_, purchasere0_.ovlvla as ovlvla47_41_, purchasere0_.ovlnty as ovlnty48_41_, purchasere0_.ovlocid as ovlocid49_41_, purchasere0_.ovmatc as ovmatc50_41_, purchasere0_.ovnst as ovnst51_41_, purchasere0_.ovobid as ovobid52_41_, purchasere0_.ovdocono as ovdocon53_41_, purchasere0_.ovdocosq as ovdocos54_41_, purchasere0_.ovdocoty as ovdocot55_41_, purchasere0_.ovordocno as ovordoc56_41_, purchasere0_.ovordocsq as ovordoc57_41_, purchasere0_.ovordocty as ovordoc58_41_, purchasere0_.ovptc as ovptc59_41_, purchasere0_.ovpoa as ovpoa60_41_, purchasere0_.ovpod as ovpod61_41_, purchasere0_.ovpqot as ovpqot62_41_, purchasere0_.ovuom1 as ovuom63_41_, purchasere0_.ovpjid as ovpjid64_41_, purchasere0_.ovpo03 as ovpo65_41_, purchasere0_.ovpo01 as ovpo66_41_, purchasere0_.ovpo02 as ovpo67_41_, purchasere0_.ovqty as ovqty68_41_, purchasere0_.ovrcdt as ovrcdt69_41_, purchasere0_.ovrecid as ovrecid70_41_, purchasere0_.ovvr04 as ovvr71_41_, purchasere0_.ovvr01 as ovvr72_41_, purchasere0_.ovvr03 as ovvr73_41_, purchasere0_.ovvr05 as ovvr74_41_, purchasere0_.ovvr02 as ovvr75_41_, purchasere0_.ovrtgc as ovrtgc76_41_, purchasere0_.ovsqot as ovsqot77_41_, purchasere0_.ovuom2 as ovuom78_41_, purchasere0_.ovsnlot as ovsnlot79_41_, purchasere0_.ovtaxal as ovtaxal80_41_, purchasere0_.ovtaxam as ovtaxam81_41_, purchasere0_.ovtaxab as ovtaxab82_41_, purchasere0_.ovtaxcd as ovtaxcd83_41_, purchasere0_.ovtaxidt as ovtaxid84_41_, purchasere0_.ovtaxino as ovtaxin85_41_, purchasere0_.ovtaxrt as ovtaxrt86_41_, purchasere0_.ovcrct as ovcrct87_41_, purchasere0_.ovitc03 as ovitc88_41_, purchasere0_.ovucf as ovucf89_41_, purchasere0_.ovuncost as ovuncos90_41_, purchasere0_.ovudc as ovudc91_41_, purchasere0_.ovudf as ovudf92_41_, purchasere0_.ovuom as ovuom93_41_, purchasere0_.ovvnid as ovvnid94_41_, purchasere0_.ovinvdt as ovinvdt95_41_, purchasere0_.ovinvno as ovinvno96_41_ from t4312 purchasere0_ where purchasere0_.ovcoid=? and purchasere0_.ovdocno=? and purchasere0_.ovdocty=?
Hibernate: select purchasede0_.odcoid as odcoid1_40_0_, purchasede0_.oddocono as oddocono2_40_0_, purchasede0_.oddocosq as oddocosq3_40_0_, purchasede0_.oddocoty as oddocoty4_40_0_, purchasede0_.odcid as odcid5_40_0_, purchasede0_.oddtin as oddtin6_40_0_, purchasede0_.odtmin as odtmin7_40_0_, purchasede0_.oduid as oduid8_40_0_, purchasede0_.oddtlu as oddtlu9_40_0_, purchasede0_.odtmlu as odtmlu10_40_0_, purchasede0_.oduidm as oduidm11_40_0_, purchasede0_.odacid as odacid12_40_0_, purchasede0_.odaprcd as odaprcd13_40_0_, purchasede0_.odcrcb as odcrcb14_40_0_, purchasede0_.oditc02 as oditc15_40_0_, purchasede0_.odbuid as odbuid16_40_0_, purchasede0_.odqtycl as odqtycl17_40_0_, purchasede0_.oditc01 as oditc18_40_0_, purchasede0_.odcldt as odcldt19_40_0_, purchasede0_.odcsid as odcsid20_40_0_, purchasede0_.oddccd as oddccd21_40_0_, purchasede0_.oddcrt as oddcrt22_40_0_, purchasede0_.odexcrt as odexcrt23_40_0_, purchasede0_.odexcost as odexcos24_40_0_, purchasede0_.odqtyx as odqtyx25_40_0_, purchasede0_.oducfx as oducfx26_40_0_, purchasede0_.oduncostx as oduncos27_40_0_, purchasede0_.oduomx as oduomx28_40_0_, purchasede0_.odfec as odfec29_40_0_, purchasede0_.odfta as odfta30_40_0_, purchasede0_.odftb as odftb31_40_0_, purchasede0_.odfuc as odfuc32_40_0_, purchasede0_.odglcls as odglcls33_40_0_, purchasede0_.odgldt as odgldt34_40_0_, purchasede0_.odir02 as odir35_40_0_, purchasede0_.odir01 as odir36_40_0_, purchasede0_.odir03 as odir37_40_0_, purchasede0_.odinum as odinum38_40_0_, purchasede0_.oddesb1 as oddesb39_40_0_, purchasede0_.oditc05 as oditc40_40_0_, purchasede0_.odlst as odlst41_40_0_, purchasede0_.odlnty as odlnty42_40_0_, purchasede0_.odlocid as odlocid43_40_0_, purchasede0_.odnst as odnst44_40_0_, purchasede0_.odobid as odobid45_40_0_, purchasede0_.odqtyop as odqtyop46_40_0_, purchasede0_.odordt as odordt47_40_0_, purchasede0_.odqtyor as odqtyor48_40_0_, purchasede0_.odott as odott49_40_0_, purchasede0_.odordocdt as odordoc50_40_0_, purchasede0_.odordocno as odordoc51_40_0_, purchasede0_.odordocsq as odordoc52_40_0_, purchasede0_.odordocty as odordoc53_40_0_, purchasede0_.odptc as odptc54_40_0_, purchasede0_.odpqor as odpqor55_40_0_, purchasede0_.oduom1 as oduom56_40_0_, purchasede0_.odpjid as odpjid57_40_0_, purchasede0_.odpddt as odpddt58_40_0_, purchasede0_.odpo03 as odpo59_40_0_, purchasede0_.odpo01 as odpo60_40_0_, purchasede0_.odpo02 as odpo61_40_0_, purchasede0_.odqty as odqty62_40_0_, purchasede0_.odrcdt as odrcdt63_40_0_, purchasede0_.odqtyrc as odqtyrc64_40_0_, purchasede0_.odstid as odstid65_40_0_, purchasede0_.odvr04 as odvr66_40_0_, purchasede0_.odvr01 as odvr67_40_0_, purchasede0_.odvr03 as odvr68_40_0_, purchasede0_.odvr05 as odvr69_40_0_, purchasede0_.odvr02 as odvr70_40_0_, purchasede0_.odrldocno as odrldoc71_40_0_, purchasede0_.odrldocsq as odrldoc72_40_0_, purchasede0_.odrldocty as odrldoc73_40_0_, purchasede0_.odrqdt as odrqdt74_40_0_, purchasede0_.odqtyrn as odqtyrn75_40_0_, purchasede0_.odsqor as odsqor76_40_0_, purchasede0_.oduom2 as oduom77_40_0_, purchasede0_.odsnlot as odsnlot78_40_0_, purchasede0_.odtaxal as odtaxal79_40_0_, purchasede0_.odtaxam as odtaxam80_40_0_, purchasede0_.odtaxab as odtaxab81_40_0_, purchasede0_.odtaxcd as odtaxcd82_40_0_, purchasede0_.odtaxrt as odtaxrt83_40_0_, purchasede0_.odcrct as odcrct84_40_0_, purchasede0_.oditc03 as oditc85_40_0_, purchasede0_.oducf as oducf86_40_0_, purchasede0_.oduncost as oduncos87_40_0_, purchasede0_.odudc as odudc88_40_0_, purchasede0_.odudf as odudf89_40_0_, purchasede0_.oduom as oduom90_40_0_, purchasede0_.odvnid as odvnid91_40_0_, purchaseor1_.ohcoid as ohcoid1_39_1_, purchaseor1_.ohdocono as ohdocono2_39_1_, purchaseor1_.ohdocoty as ohdocoty3_39_1_, purchaseor1_.ohcid as ohcid4_39_1_, purchaseor1_.ohdtin as ohdtin5_39_1_, purchaseor1_.ohtmin as ohtmin6_39_1_, purchaseor1_.ohuid as ohuid7_39_1_, purchaseor1_.ohdtlu as ohdtlu8_39_1_, purchaseor1_.ohtmlu as ohtmlu9_39_1_, purchaseor1_.ohuidm as ohuidm10_39_1_, purchaseor1_.ohaprcd as ohaprcd11_39_1_, purchaseor1_.ohcrcb as ohcrcb12_39_1_, purchaseor1_.ohbuid as ohbuid13_39_1_, purchaseor1_.ohcldt as ohcldt14_39_1_, purchaseor1_.ohcot as ohcot15_39_1_, purchaseor1_.ohcsid as ohcsid16_39_1_, purchaseor1_.ohdesb1 as ohdesb17_39_1_, purchaseor1_.ohdccd as ohdccd18_39_1_, purchaseor1_.ohdcrt as ohdcrt19_39_1_, purchaseor1_.ohexcrt as ohexcrt20_39_1_, purchaseor1_.ohgldt as ohgldt21_39_1_, purchaseor1_.ohidd as ohidd22_39_1_, purchaseor1_.ohidn as ohidn23_39_1_, purchaseor1_.ohlst as ohlst24_39_1_, purchaseor1_.ohnst as ohnst25_39_1_, purchaseor1_.ohobid as ohobid26_39_1_, purchaseor1_.ohordt as ohordt27_39_1_, purchaseor1_.ohptc as ohptc28_39_1_, purchaseor1_.ohpoa as ohpoa29_39_1_, purchaseor1_.ohpod as ohpod30_39_1_, purchaseor1_.ohpjid as ohpjid31_39_1_, purchaseor1_.ohpddt as ohpddt32_39_1_, purchaseor1_.ohrcdt as ohrcdt33_39_1_, purchaseor1_.ohstid as ohstid34_39_1_, purchaseor1_.ohrqdt as ohrqdt35_39_1_, purchaseor1_.ohtaxal as ohtaxal36_39_1_, purchaseor1_.ohtaxcd as ohtaxcd37_39_1_, purchaseor1_.ohtaxrt as ohtaxrt38_39_1_, purchaseor1_.ohcrct as ohcrct39_39_1_, purchaseor1_.ohdesc1 as ohdesc40_39_1_, purchaseor1_.ohdesc2 as ohdesc41_39_1_, purchaseor1_.ohvhrn as ohvhrn42_39_1_, purchaseor1_.ohvhty as ohvhty43_39_1_, purchaseor1_.ohvnid as ohvnid44_39_1_ from t4311 purchasede0_ inner join t4301 purchaseor1_ on purchasede0_.odcoid=purchaseor1_.ohcoid and purchasede0_.oddocono=purchaseor1_.ohdocono and purchasede0_.oddocoty=purchaseor1_.ohdocoty where purchasede0_.odcoid=? and purchasede0_.oddocono=? and purchasede0_.oddocosq=? and purchasede0_.oddocoty=?
Hibernate: select serialnumb0_.coid as coid1_43_0_, serialnumb0_.docno as docno2_43_0_, serialnumb0_.docty as docty3_43_0_, serialnumb0_.docsq as docsq4_43_0_, serialnumb0_.buid as buid5_43_0_, serialnumb0_.inum as inum6_43_0_, serialnumb0_.snlot as snlot7_43_0_, lotmaster1_.ltbuid as ltbuid1_34_1_, lotmaster1_.ltinum as ltinum2_34_1_, lotmaster1_.ltsnlot as ltsnlot3_34_1_, lotmaster1_.ltcid as ltcid4_34_1_, lotmaster1_.ltdtin as ltdtin5_34_1_, lotmaster1_.lttmin as lttmin6_34_1_, lotmaster1_.ltuid as ltuid7_34_1_, lotmaster1_.ltdtlu as ltdtlu8_34_1_, lotmaster1_.lttmlu as lttmlu9_34_1_, lotmaster1_.ltuidm as ltuidm10_34_1_, lotmaster1_.ltbodt as ltbodt11_34_1_, lotmaster1_.ltbbdt as ltbbdt12_34_1_, lotmaster1_.ltcldt as ltcldt13_34_1_, lotmaster1_.ltexpdt as ltexpdt14_34_1_, lotmaster1_.ltldsc as ltldsc15_34_1_, lotmaster1_.ltledt as ltledt16_34_1_, lotmaster1_.ltlsc as ltlsc17_34_1_, lotmaster1_.ltmlot1 as ltmlot18_34_1_, lotmaster1_.ltmlot2 as ltmlot19_34_1_, lotmaster1_.ltmlot3 as ltmlot20_34_1_, lotmaster1_.ltohdt as ltohdt21_34_1_, lotmaster1_.ltsern as ltsern22_34_1_ from transaction_serialnumbers serialnumb0_ inner join t4108 lotmaster1_ on serialnumb0_.buid=lotmaster1_.ltbuid and serialnumb0_.inum=lotmaster1_.ltinum and serialnumb0_.snlot=lotmaster1_.ltsnlot where serialnumb0_.coid=? and serialnumb0_.docno=? and serialnumb0_.docty=? and serialnumb0_.docsq=?
Hibernate: select purchasede0_.odcoid as odcoid1_40_0_, purchasede0_.oddocono as oddocono2_40_0_, purchasede0_.oddocosq as oddocosq3_40_0_, purchasede0_.oddocoty as oddocoty4_40_0_, purchasede0_.odcid as odcid5_40_0_, purchasede0_.oddtin as oddtin6_40_0_, purchasede0_.odtmin as odtmin7_40_0_, purchasede0_.oduid as oduid8_40_0_, purchasede0_.oddtlu as oddtlu9_40_0_, purchasede0_.odtmlu as odtmlu10_40_0_, purchasede0_.oduidm as oduidm11_40_0_, purchasede0_.odacid as odacid12_40_0_, purchasede0_.odaprcd as odaprcd13_40_0_, purchasede0_.odcrcb as odcrcb14_40_0_, purchasede0_.oditc02 as oditc15_40_0_, purchasede0_.odbuid as odbuid16_40_0_, purchasede0_.odqtycl as odqtycl17_40_0_, purchasede0_.oditc01 as oditc18_40_0_, purchasede0_.odcldt as odcldt19_40_0_, purchasede0_.odcsid as odcsid20_40_0_, purchasede0_.oddccd as oddccd21_40_0_, purchasede0_.oddcrt as oddcrt22_40_0_, purchasede0_.odexcrt as odexcrt23_40_0_, purchasede0_.odexcost as odexcos24_40_0_, purchasede0_.odqtyx as odqtyx25_40_0_, purchasede0_.oducfx as oducfx26_40_0_, purchasede0_.oduncostx as oduncos27_40_0_, purchasede0_.oduomx as oduomx28_40_0_, purchasede0_.odfec as odfec29_40_0_, purchasede0_.odfta as odfta30_40_0_, purchasede0_.odftb as odftb31_40_0_, purchasede0_.odfuc as odfuc32_40_0_, purchasede0_.odglcls as odglcls33_40_0_, purchasede0_.odgldt as odgldt34_40_0_, purchasede0_.odir02 as odir35_40_0_, purchasede0_.odir01 as odir36_40_0_, purchasede0_.odir03 as odir37_40_0_, purchasede0_.odinum as odinum38_40_0_, purchasede0_.oddesb1 as oddesb39_40_0_, purchasede0_.oditc05 as oditc40_40_0_, purchasede0_.odlst as odlst41_40_0_, purchasede0_.odlnty as odlnty42_40_0_, purchasede0_.odlocid as odlocid43_40_0_, purchasede0_.odnst as odnst44_40_0_, purchasede0_.odobid as odobid45_40_0_, purchasede0_.odqtyop as odqtyop46_40_0_, purchasede0_.odordt as odordt47_40_0_, purchasede0_.odqtyor as odqtyor48_40_0_, purchasede0_.odott as odott49_40_0_, purchasede0_.odordocdt as odordoc50_40_0_, purchasede0_.odordocno as odordoc51_40_0_, purchasede0_.odordocsq as odordoc52_40_0_, purchasede0_.odordocty as odordoc53_40_0_, purchasede0_.odptc as odptc54_40_0_, purchasede0_.odpqor as odpqor55_40_0_, purchasede0_.oduom1 as oduom56_40_0_, purchasede0_.odpjid as odpjid57_40_0_, purchasede0_.odpddt as odpddt58_40_0_, purchasede0_.odpo03 as odpo59_40_0_, purchasede0_.odpo01 as odpo60_40_0_, purchasede0_.odpo02 as odpo61_40_0_, purchasede0_.odqty as odqty62_40_0_, purchasede0_.odrcdt as odrcdt63_40_0_, purchasede0_.odqtyrc as odqtyrc64_40_0_, purchasede0_.odstid as odstid65_40_0_, purchasede0_.odvr04 as odvr66_40_0_, purchasede0_.odvr01 as odvr67_40_0_, purchasede0_.odvr03 as odvr68_40_0_, purchasede0_.odvr05 as odvr69_40_0_, purchasede0_.odvr02 as odvr70_40_0_, purchasede0_.odrldocno as odrldoc71_40_0_, purchasede0_.odrldocsq as odrldoc72_40_0_, purchasede0_.odrldocty as odrldoc73_40_0_, purchasede0_.odrqdt as odrqdt74_40_0_, purchasede0_.odqtyrn as odqtyrn75_40_0_, purchasede0_.odsqor as odsqor76_40_0_, purchasede0_.oduom2 as oduom77_40_0_, purchasede0_.odsnlot as odsnlot78_40_0_, purchasede0_.odtaxal as odtaxal79_40_0_, purchasede0_.odtaxam as odtaxam80_40_0_, purchasede0_.odtaxab as odtaxab81_40_0_, purchasede0_.odtaxcd as odtaxcd82_40_0_, purchasede0_.odtaxrt as odtaxrt83_40_0_, purchasede0_.odcrct as odcrct84_40_0_, purchasede0_.oditc03 as oditc85_40_0_, purchasede0_.oducf as oducf86_40_0_, purchasede0_.oduncost as oduncos87_40_0_, purchasede0_.odudc as odudc88_40_0_, purchasede0_.odudf as odudf89_40_0_, purchasede0_.oduom as oduom90_40_0_, purchasede0_.odvnid as odvnid91_40_0_, purchaseor1_.ohcoid as ohcoid1_39_1_, purchaseor1_.ohdocono as ohdocono2_39_1_, purchaseor1_.ohdocoty as ohdocoty3_39_1_, purchaseor1_.ohcid as ohcid4_39_1_, purchaseor1_.ohdtin as ohdtin5_39_1_, purchaseor1_.ohtmin as ohtmin6_39_1_, purchaseor1_.ohuid as ohuid7_39_1_, purchaseor1_.ohdtlu as ohdtlu8_39_1_, purchaseor1_.ohtmlu as ohtmlu9_39_1_, purchaseor1_.ohuidm as ohuidm10_39_1_, purchaseor1_.ohaprcd as ohaprcd11_39_1_, purchaseor1_.ohcrcb as ohcrcb12_39_1_, purchaseor1_.ohbuid as ohbuid13_39_1_, purchaseor1_.ohcldt as ohcldt14_39_1_, purchaseor1_.ohcot as ohcot15_39_1_, purchaseor1_.ohcsid as ohcsid16_39_1_, purchaseor1_.ohdesb1 as ohdesb17_39_1_, purchaseor1_.ohdccd as ohdccd18_39_1_, purchaseor1_.ohdcrt as ohdcrt19_39_1_, purchaseor1_.ohexcrt as ohexcrt20_39_1_, purchaseor1_.ohgldt as ohgldt21_39_1_, purchaseor1_.ohidd as ohidd22_39_1_, purchaseor1_.ohidn as ohidn23_39_1_, purchaseor1_.ohlst as ohlst24_39_1_, purchaseor1_.ohnst as ohnst25_39_1_, purchaseor1_.ohobid as ohobid26_39_1_, purchaseor1_.ohordt as ohordt27_39_1_, purchaseor1_.ohptc as ohptc28_39_1_, purchaseor1_.ohpoa as ohpoa29_39_1_, purchaseor1_.ohpod as ohpod30_39_1_, purchaseor1_.ohpjid as ohpjid31_39_1_, purchaseor1_.ohpddt as ohpddt32_39_1_, purchaseor1_.ohrcdt as ohrcdt33_39_1_, purchaseor1_.ohstid as ohstid34_39_1_, purchaseor1_.ohrqdt as ohrqdt35_39_1_, purchaseor1_.ohtaxal as ohtaxal36_39_1_, purchaseor1_.ohtaxcd as ohtaxcd37_39_1_, purchaseor1_.ohtaxrt as ohtaxrt38_39_1_, purchaseor1_.ohcrct as ohcrct39_39_1_, purchaseor1_.ohdesc1 as ohdesc40_39_1_, purchaseor1_.ohdesc2 as ohdesc41_39_1_, purchaseor1_.ohvhrn as ohvhrn42_39_1_, purchaseor1_.ohvhty as ohvhty43_39_1_, purchaseor1_.ohvnid as ohvnid44_39_1_ from t4311 purchasede0_ inner join t4301 purchaseor1_ on purchasede0_.odcoid=purchaseor1_.ohcoid and purchasede0_.oddocono=purchaseor1_.ohdocono and purchasede0_.oddocoty=purchaseor1_.ohdocoty where purchasede0_.odcoid=? and purchasede0_.oddocono=? and purchasede0_.oddocosq=? and purchasede0_.oddocoty=?
Hibernate: select serialnumb0_.coid as coid1_43_0_, serialnumb0_.docno as docno2_43_0_, serialnumb0_.docty as docty3_43_0_, serialnumb0_.docsq as docsq4_43_0_, serialnumb0_.buid as buid5_43_0_, serialnumb0_.inum as inum6_43_0_, serialnumb0_.snlot as snlot7_43_0_, lotmaster1_.ltbuid as ltbuid1_34_1_, lotmaster1_.ltinum as ltinum2_34_1_, lotmaster1_.ltsnlot as ltsnlot3_34_1_, lotmaster1_.ltcid as ltcid4_34_1_, lotmaster1_.ltdtin as ltdtin5_34_1_, lotmaster1_.lttmin as lttmin6_34_1_, lotmaster1_.ltuid as ltuid7_34_1_, lotmaster1_.ltdtlu as ltdtlu8_34_1_, lotmaster1_.lttmlu as lttmlu9_34_1_, lotmaster1_.ltuidm as ltuidm10_34_1_, lotmaster1_.ltbodt as ltbodt11_34_1_, lotmaster1_.ltbbdt as ltbbdt12_34_1_, lotmaster1_.ltcldt as ltcldt13_34_1_, lotmaster1_.ltexpdt as ltexpdt14_34_1_, lotmaster1_.ltldsc as ltldsc15_34_1_, lotmaster1_.ltledt as ltledt16_34_1_, lotmaster1_.ltlsc as ltlsc17_34_1_, lotmaster1_.ltmlot1 as ltmlot18_34_1_, lotmaster1_.ltmlot2 as ltmlot19_34_1_, lotmaster1_.ltmlot3 as ltmlot20_34_1_, lotmaster1_.ltohdt as ltohdt21_34_1_, lotmaster1_.ltsern as ltsern22_34_1_ from transaction_serialnumbers serialnumb0_ inner join t4108 lotmaster1_ on serialnumb0_.buid=lotmaster1_.ltbuid and serialnumb0_.inum=lotmaster1_.ltinum and serialnumb0_.snlot=lotmaster1_.ltsnlot where serialnumb0_.coid=? and serialnumb0_.docno=? and serialnumb0_.docty=? and serialnumb0_.docsq=?
Hibernate: select purchasede0_.odcoid as odcoid1_40_0_, purchasede0_.oddocono as oddocono2_40_0_, purchasede0_.oddocosq as oddocosq3_40_0_, purchasede0_.oddocoty as oddocoty4_40_0_, purchasede0_.odcid as odcid5_40_0_, purchasede0_.oddtin as oddtin6_40_0_, purchasede0_.odtmin as odtmin7_40_0_, purchasede0_.oduid as oduid8_40_0_, purchasede0_.oddtlu as oddtlu9_40_0_, purchasede0_.odtmlu as odtmlu10_40_0_, purchasede0_.oduidm as oduidm11_40_0_, purchasede0_.odacid as odacid12_40_0_, purchasede0_.odaprcd as odaprcd13_40_0_, purchasede0_.odcrcb as odcrcb14_40_0_, purchasede0_.oditc02 as oditc15_40_0_, purchasede0_.odbuid as odbuid16_40_0_, purchasede0_.odqtycl as odqtycl17_40_0_, purchasede0_.oditc01 as oditc18_40_0_, purchasede0_.odcldt as odcldt19_40_0_, purchasede0_.odcsid as odcsid20_40_0_, purchasede0_.oddccd as oddccd21_40_0_, purchasede0_.oddcrt as oddcrt22_40_0_, purchasede0_.odexcrt as odexcrt23_40_0_, purchasede0_.odexcost as odexcos24_40_0_, purchasede0_.odqtyx as odqtyx25_40_0_, purchasede0_.oducfx as oducfx26_40_0_, purchasede0_.oduncostx as oduncos27_40_0_, purchasede0_.oduomx as oduomx28_40_0_, purchasede0_.odfec as odfec29_40_0_, purchasede0_.odfta as odfta30_40_0_, purchasede0_.odftb as odftb31_40_0_, purchasede0_.odfuc as odfuc32_40_0_, purchasede0_.odglcls as odglcls33_40_0_, purchasede0_.odgldt as odgldt34_40_0_, purchasede0_.odir02 as odir35_40_0_, purchasede0_.odir01 as odir36_40_0_, purchasede0_.odir03 as odir37_40_0_, purchasede0_.odinum as odinum38_40_0_, purchasede0_.oddesb1 as oddesb39_40_0_, purchasede0_.oditc05 as oditc40_40_0_, purchasede0_.odlst as odlst41_40_0_, purchasede0_.odlnty as odlnty42_40_0_, purchasede0_.odlocid as odlocid43_40_0_, purchasede0_.odnst as odnst44_40_0_, purchasede0_.odobid as odobid45_40_0_, purchasede0_.odqtyop as odqtyop46_40_0_, purchasede0_.odordt as odordt47_40_0_, purchasede0_.odqtyor as odqtyor48_40_0_, purchasede0_.odott as odott49_40_0_, purchasede0_.odordocdt as odordoc50_40_0_, purchasede0_.odordocno as odordoc51_40_0_, purchasede0_.odordocsq as odordoc52_40_0_, purchasede0_.odordocty as odordoc53_40_0_, purchasede0_.odptc as odptc54_40_0_, purchasede0_.odpqor as odpqor55_40_0_, purchasede0_.oduom1 as oduom56_40_0_, purchasede0_.odpjid as odpjid57_40_0_, purchasede0_.odpddt as odpddt58_40_0_, purchasede0_.odpo03 as odpo59_40_0_, purchasede0_.odpo01 as odpo60_40_0_, purchasede0_.odpo02 as odpo61_40_0_, purchasede0_.odqty as odqty62_40_0_, purchasede0_.odrcdt as odrcdt63_40_0_, purchasede0_.odqtyrc as odqtyrc64_40_0_, purchasede0_.odstid as odstid65_40_0_, purchasede0_.odvr04 as odvr66_40_0_, purchasede0_.odvr01 as odvr67_40_0_, purchasede0_.odvr03 as odvr68_40_0_, purchasede0_.odvr05 as odvr69_40_0_, purchasede0_.odvr02 as odvr70_40_0_, purchasede0_.odrldocno as odrldoc71_40_0_, purchasede0_.odrldocsq as odrldoc72_40_0_, purchasede0_.odrldocty as odrldoc73_40_0_, purchasede0_.odrqdt as odrqdt74_40_0_, purchasede0_.odqtyrn as odqtyrn75_40_0_, purchasede0_.odsqor as odsqor76_40_0_, purchasede0_.oduom2 as oduom77_40_0_, purchasede0_.odsnlot as odsnlot78_40_0_, purchasede0_.odtaxal as odtaxal79_40_0_, purchasede0_.odtaxam as odtaxam80_40_0_, purchasede0_.odtaxab as odtaxab81_40_0_, purchasede0_.odtaxcd as odtaxcd82_40_0_, purchasede0_.odtaxrt as odtaxrt83_40_0_, purchasede0_.odcrct as odcrct84_40_0_, purchasede0_.oditc03 as oditc85_40_0_, purchasede0_.oducf as oducf86_40_0_, purchasede0_.oduncost as oduncos87_40_0_, purchasede0_.odudc as odudc88_40_0_, purchasede0_.odudf as odudf89_40_0_, purchasede0_.oduom as oduom90_40_0_, purchasede0_.odvnid as odvnid91_40_0_, purchaseor1_.ohcoid as ohcoid1_39_1_, purchaseor1_.ohdocono as ohdocono2_39_1_, purchaseor1_.ohdocoty as ohdocoty3_39_1_, purchaseor1_.ohcid as ohcid4_39_1_, purchaseor1_.ohdtin as ohdtin5_39_1_, purchaseor1_.ohtmin as ohtmin6_39_1_, purchaseor1_.ohuid as ohuid7_39_1_, purchaseor1_.ohdtlu as ohdtlu8_39_1_, purchaseor1_.ohtmlu as ohtmlu9_39_1_, purchaseor1_.ohuidm as ohuidm10_39_1_, purchaseor1_.ohaprcd as ohaprcd11_39_1_, purchaseor1_.ohcrcb as ohcrcb12_39_1_, purchaseor1_.ohbuid as ohbuid13_39_1_, purchaseor1_.ohcldt as ohcldt14_39_1_, purchaseor1_.ohcot as ohcot15_39_1_, purchaseor1_.ohcsid as ohcsid16_39_1_, purchaseor1_.ohdesb1 as ohdesb17_39_1_, purchaseor1_.ohdccd as ohdccd18_39_1_, purchaseor1_.ohdcrt as ohdcrt19_39_1_, purchaseor1_.ohexcrt as ohexcrt20_39_1_, purchaseor1_.ohgldt as ohgldt21_39_1_, purchaseor1_.ohidd as ohidd22_39_1_, purchaseor1_.ohidn as ohidn23_39_1_, purchaseor1_.ohlst as ohlst24_39_1_, purchaseor1_.ohnst as ohnst25_39_1_, purchaseor1_.ohobid as ohobid26_39_1_, purchaseor1_.ohordt as ohordt27_39_1_, purchaseor1_.ohptc as ohptc28_39_1_, purchaseor1_.ohpoa as ohpoa29_39_1_, purchaseor1_.ohpod as ohpod30_39_1_, purchaseor1_.ohpjid as ohpjid31_39_1_, purchaseor1_.ohpddt as ohpddt32_39_1_, purchaseor1_.ohrcdt as ohrcdt33_39_1_, purchaseor1_.ohstid as ohstid34_39_1_, purchaseor1_.ohrqdt as ohrqdt35_39_1_, purchaseor1_.ohtaxal as ohtaxal36_39_1_, purchaseor1_.ohtaxcd as ohtaxcd37_39_1_, purchaseor1_.ohtaxrt as ohtaxrt38_39_1_, purchaseor1_.ohcrct as ohcrct39_39_1_, purchaseor1_.ohdesc1 as ohdesc40_39_1_, purchaseor1_.ohdesc2 as ohdesc41_39_1_, purchaseor1_.ohvhrn as ohvhrn42_39_1_, purchaseor1_.ohvhty as ohvhty43_39_1_, purchaseor1_.ohvnid as ohvnid44_39_1_ from t4311 purchasede0_ inner join t4301 purchaseor1_ on purchasede0_.odcoid=purchaseor1_.ohcoid and purchasede0_.oddocono=purchaseor1_.ohdocono and purchasede0_.oddocoty=purchaseor1_.ohdocoty where purchasede0_.odcoid=? and purchasede0_.oddocono=? and purchasede0_.oddocosq=? and purchasede0_.oddocoty=?
Hibernate: select serialnumb0_.coid as coid1_43_0_, serialnumb0_.docno as docno2_43_0_, serialnumb0_.docty as docty3_43_0_, serialnumb0_.docsq as docsq4_43_0_, serialnumb0_.buid as buid5_43_0_, serialnumb0_.inum as inum6_43_0_, serialnumb0_.snlot as snlot7_43_0_, lotmaster1_.ltbuid as ltbuid1_34_1_, lotmaster1_.ltinum as ltinum2_34_1_, lotmaster1_.ltsnlot as ltsnlot3_34_1_, lotmaster1_.ltcid as ltcid4_34_1_, lotmaster1_.ltdtin as ltdtin5_34_1_, lotmaster1_.lttmin as lttmin6_34_1_, lotmaster1_.ltuid as ltuid7_34_1_, lotmaster1_.ltdtlu as ltdtlu8_34_1_, lotmaster1_.lttmlu as lttmlu9_34_1_, lotmaster1_.ltuidm as ltuidm10_34_1_, lotmaster1_.ltbodt as ltbodt11_34_1_, lotmaster1_.ltbbdt as ltbbdt12_34_1_, lotmaster1_.ltcldt as ltcldt13_34_1_, lotmaster1_.ltexpdt as ltexpdt14_34_1_, lotmaster1_.ltldsc as ltldsc15_34_1_, lotmaster1_.ltledt as ltledt16_34_1_, lotmaster1_.ltlsc as ltlsc17_34_1_, lotmaster1_.ltmlot1 as ltmlot18_34_1_, lotmaster1_.ltmlot2 as ltmlot19_34_1_, lotmaster1_.ltmlot3 as ltmlot20_34_1_, lotmaster1_.ltohdt as ltohdt21_34_1_, lotmaster1_.ltsern as ltsern22_34_1_ from transaction_serialnumbers serialnumb0_ inner join t4108 lotmaster1_ on serialnumb0_.buid=lotmaster1_.ltbuid and serialnumb0_.inum=lotmaster1_.ltinum and serialnumb0_.snlot=lotmaster1_.ltsnlot where serialnumb0_.coid=? and serialnumb0_.docno=? and serialnumb0_.docty=? and serialnumb0_.docsq=?
Hibernate: select purchasede0_.odcoid as odcoid1_40_0_, purchasede0_.oddocono as oddocono2_40_0_, purchasede0_.oddocosq as oddocosq3_40_0_, purchasede0_.oddocoty as oddocoty4_40_0_, purchasede0_.odcid as odcid5_40_0_, purchasede0_.oddtin as oddtin6_40_0_, purchasede0_.odtmin as odtmin7_40_0_, purchasede0_.oduid as oduid8_40_0_, purchasede0_.oddtlu as oddtlu9_40_0_, purchasede0_.odtmlu as odtmlu10_40_0_, purchasede0_.oduidm as oduidm11_40_0_, purchasede0_.odacid as odacid12_40_0_, purchasede0_.odaprcd as odaprcd13_40_0_, purchasede0_.odcrcb as odcrcb14_40_0_, purchasede0_.oditc02 as oditc15_40_0_, purchasede0_.odbuid as odbuid16_40_0_, purchasede0_.odqtycl as odqtycl17_40_0_, purchasede0_.oditc01 as oditc18_40_0_, purchasede0_.odcldt as odcldt19_40_0_, purchasede0_.odcsid as odcsid20_40_0_, purchasede0_.oddccd as oddccd21_40_0_, purchasede0_.oddcrt as oddcrt22_40_0_, purchasede0_.odexcrt as odexcrt23_40_0_, purchasede0_.odexcost as odexcos24_40_0_, purchasede0_.odqtyx as odqtyx25_40_0_, purchasede0_.oducfx as oducfx26_40_0_, purchasede0_.oduncostx as oduncos27_40_0_, purchasede0_.oduomx as oduomx28_40_0_, purchasede0_.odfec as odfec29_40_0_, purchasede0_.odfta as odfta30_40_0_, purchasede0_.odftb as odftb31_40_0_, purchasede0_.odfuc as odfuc32_40_0_, purchasede0_.odglcls as odglcls33_40_0_, purchasede0_.odgldt as odgldt34_40_0_, purchasede0_.odir02 as odir35_40_0_, purchasede0_.odir01 as odir36_40_0_, purchasede0_.odir03 as odir37_40_0_, purchasede0_.odinum as odinum38_40_0_, purchasede0_.oddesb1 as oddesb39_40_0_, purchasede0_.oditc05 as oditc40_40_0_, purchasede0_.odlst as odlst41_40_0_, purchasede0_.odlnty as odlnty42_40_0_, purchasede0_.odlocid as odlocid43_40_0_, purchasede0_.odnst as odnst44_40_0_, purchasede0_.odobid as odobid45_40_0_, purchasede0_.odqtyop as odqtyop46_40_0_, purchasede0_.odordt as odordt47_40_0_, purchasede0_.odqtyor as odqtyor48_40_0_, purchasede0_.odott as odott49_40_0_, purchasede0_.odordocdt as odordoc50_40_0_, purchasede0_.odordocno as odordoc51_40_0_, purchasede0_.odordocsq as odordoc52_40_0_, purchasede0_.odordocty as odordoc53_40_0_, purchasede0_.odptc as odptc54_40_0_, purchasede0_.odpqor as odpqor55_40_0_, purchasede0_.oduom1 as oduom56_40_0_, purchasede0_.odpjid as odpjid57_40_0_, purchasede0_.odpddt as odpddt58_40_0_, purchasede0_.odpo03 as odpo59_40_0_, purchasede0_.odpo01 as odpo60_40_0_, purchasede0_.odpo02 as odpo61_40_0_, purchasede0_.odqty as odqty62_40_0_, purchasede0_.odrcdt as odrcdt63_40_0_, purchasede0_.odqtyrc as odqtyrc64_40_0_, purchasede0_.odstid as odstid65_40_0_, purchasede0_.odvr04 as odvr66_40_0_, purchasede0_.odvr01 as odvr67_40_0_, purchasede0_.odvr03 as odvr68_40_0_, purchasede0_.odvr05 as odvr69_40_0_, purchasede0_.odvr02 as odvr70_40_0_, purchasede0_.odrldocno as odrldoc71_40_0_, purchasede0_.odrldocsq as odrldoc72_40_0_, purchasede0_.odrldocty as odrldoc73_40_0_, purchasede0_.odrqdt as odrqdt74_40_0_, purchasede0_.odqtyrn as odqtyrn75_40_0_, purchasede0_.odsqor as odsqor76_40_0_, purchasede0_.oduom2 as oduom77_40_0_, purchasede0_.odsnlot as odsnlot78_40_0_, purchasede0_.odtaxal as odtaxal79_40_0_, purchasede0_.odtaxam as odtaxam80_40_0_, purchasede0_.odtaxab as odtaxab81_40_0_, purchasede0_.odtaxcd as odtaxcd82_40_0_, purchasede0_.odtaxrt as odtaxrt83_40_0_, purchasede0_.odcrct as odcrct84_40_0_, purchasede0_.oditc03 as oditc85_40_0_, purchasede0_.oducf as oducf86_40_0_, purchasede0_.oduncost as oduncos87_40_0_, purchasede0_.odudc as odudc88_40_0_, purchasede0_.odudf as odudf89_40_0_, purchasede0_.oduom as oduom90_40_0_, purchasede0_.odvnid as odvnid91_40_0_, purchaseor1_.ohcoid as ohcoid1_39_1_, purchaseor1_.ohdocono as ohdocono2_39_1_, purchaseor1_.ohdocoty as ohdocoty3_39_1_, purchaseor1_.ohcid as ohcid4_39_1_, purchaseor1_.ohdtin as ohdtin5_39_1_, purchaseor1_.ohtmin as ohtmin6_39_1_, purchaseor1_.ohuid as ohuid7_39_1_, purchaseor1_.ohdtlu as ohdtlu8_39_1_, purchaseor1_.ohtmlu as ohtmlu9_39_1_, purchaseor1_.ohuidm as ohuidm10_39_1_, purchaseor1_.ohaprcd as ohaprcd11_39_1_, purchaseor1_.ohcrcb as ohcrcb12_39_1_, purchaseor1_.ohbuid as ohbuid13_39_1_, purchaseor1_.ohcldt as ohcldt14_39_1_, purchaseor1_.ohcot as ohcot15_39_1_, purchaseor1_.ohcsid as ohcsid16_39_1_, purchaseor1_.ohdesb1 as ohdesb17_39_1_, purchaseor1_.ohdccd as ohdccd18_39_1_, purchaseor1_.ohdcrt as ohdcrt19_39_1_, purchaseor1_.ohexcrt as ohexcrt20_39_1_, purchaseor1_.ohgldt as ohgldt21_39_1_, purchaseor1_.ohidd as ohidd22_39_1_, purchaseor1_.ohidn as ohidn23_39_1_, purchaseor1_.ohlst as ohlst24_39_1_, purchaseor1_.ohnst as ohnst25_39_1_, purchaseor1_.ohobid as ohobid26_39_1_, purchaseor1_.ohordt as ohordt27_39_1_, purchaseor1_.ohptc as ohptc28_39_1_, purchaseor1_.ohpoa as ohpoa29_39_1_, purchaseor1_.ohpod as ohpod30_39_1_, purchaseor1_.ohpjid as ohpjid31_39_1_, purchaseor1_.ohpddt as ohpddt32_39_1_, purchaseor1_.ohrcdt as ohrcdt33_39_1_, purchaseor1_.ohstid as ohstid34_39_1_, purchaseor1_.ohrqdt as ohrqdt35_39_1_, purchaseor1_.ohtaxal as ohtaxal36_39_1_, purchaseor1_.ohtaxcd as ohtaxcd37_39_1_, purchaseor1_.ohtaxrt as ohtaxrt38_39_1_, purchaseor1_.ohcrct as ohcrct39_39_1_, purchaseor1_.ohdesc1 as ohdesc40_39_1_, purchaseor1_.ohdesc2 as ohdesc41_39_1_, purchaseor1_.ohvhrn as ohvhrn42_39_1_, purchaseor1_.ohvhty as ohvhty43_39_1_, purchaseor1_.ohvnid as ohvnid44_39_1_ from t4311 purchasede0_ inner join t4301 purchaseor1_ on purchasede0_.odcoid=purchaseor1_.ohcoid and purchasede0_.oddocono=purchaseor1_.ohdocono and purchasede0_.oddocoty=purchaseor1_.ohdocoty where purchasede0_.odcoid=? and purchasede0_.oddocono=? and purchasede0_.oddocosq=? and purchasede0_.oddocoty=?
Hibernate: select serialnumb0_.coid as coid1_43_0_, serialnumb0_.docno as docno2_43_0_, serialnumb0_.docty as docty3_43_0_, serialnumb0_.docsq as docsq4_43_0_, serialnumb0_.buid as buid5_43_0_, serialnumb0_.inum as inum6_43_0_, serialnumb0_.snlot as snlot7_43_0_, lotmaster1_.ltbuid as ltbuid1_34_1_, lotmaster1_.ltinum as ltinum2_34_1_, lotmaster1_.ltsnlot as ltsnlot3_34_1_, lotmaster1_.ltcid as ltcid4_34_1_, lotmaster1_.ltdtin as ltdtin5_34_1_, lotmaster1_.lttmin as lttmin6_34_1_, lotmaster1_.ltuid as ltuid7_34_1_, lotmaster1_.ltdtlu as ltdtlu8_34_1_, lotmaster1_.lttmlu as lttmlu9_34_1_, lotmaster1_.ltuidm as ltuidm10_34_1_, lotmaster1_.ltbodt as ltbodt11_34_1_, lotmaster1_.ltbbdt as ltbbdt12_34_1_, lotmaster1_.ltcldt as ltcldt13_34_1_, lotmaster1_.ltexpdt as ltexpdt14_34_1_, lotmaster1_.ltldsc as ltldsc15_34_1_, lotmaster1_.ltledt as ltledt16_34_1_, lotmaster1_.ltlsc as ltlsc17_34_1_, lotmaster1_.ltmlot1 as ltmlot18_34_1_, lotmaster1_.ltmlot2 as ltmlot19_34_1_, lotmaster1_.ltmlot3 as ltmlot20_34_1_, lotmaster1_.ltohdt as ltohdt21_34_1_, lotmaster1_.ltsern as ltsern22_34_1_ from transaction_serialnumbers serialnumb0_ inner join t4108 lotmaster1_ on serialnumb0_.buid=lotmaster1_.ltbuid and serialnumb0_.inum=lotmaster1_.ltinum and serialnumb0_.snlot=lotmaster1_.ltsnlot where serialnumb0_.coid=? and serialnumb0_.docno=? and serialnumb0_.docty=? and serialnumb0_.docsq=?
Hibernate: select purchasede0_.odcoid as odcoid1_40_0_, purchasede0_.oddocono as oddocono2_40_0_, purchasede0_.oddocosq as oddocosq3_40_0_, purchasede0_.oddocoty as oddocoty4_40_0_, purchasede0_.odcid as odcid5_40_0_, purchasede0_.oddtin as oddtin6_40_0_, purchasede0_.odtmin as odtmin7_40_0_, purchasede0_.oduid as oduid8_40_0_, purchasede0_.oddtlu as oddtlu9_40_0_, purchasede0_.odtmlu as odtmlu10_40_0_, purchasede0_.oduidm as oduidm11_40_0_, purchasede0_.odacid as odacid12_40_0_, purchasede0_.odaprcd as odaprcd13_40_0_, purchasede0_.odcrcb as odcrcb14_40_0_, purchasede0_.oditc02 as oditc15_40_0_, purchasede0_.odbuid as odbuid16_40_0_, purchasede0_.odqtycl as odqtycl17_40_0_, purchasede0_.oditc01 as oditc18_40_0_, purchasede0_.odcldt as odcldt19_40_0_, purchasede0_.odcsid as odcsid20_40_0_, purchasede0_.oddccd as oddccd21_40_0_, purchasede0_.oddcrt as oddcrt22_40_0_, purchasede0_.odexcrt as odexcrt23_40_0_, purchasede0_.odexcost as odexcos24_40_0_, purchasede0_.odqtyx as odqtyx25_40_0_, purchasede0_.oducfx as oducfx26_40_0_, purchasede0_.oduncostx as oduncos27_40_0_, purchasede0_.oduomx as oduomx28_40_0_, purchasede0_.odfec as odfec29_40_0_, purchasede0_.odfta as odfta30_40_0_, purchasede0_.odftb as odftb31_40_0_, purchasede0_.odfuc as odfuc32_40_0_, purchasede0_.odglcls as odglcls33_40_0_, purchasede0_.odgldt as odgldt34_40_0_, purchasede0_.odir02 as odir35_40_0_, purchasede0_.odir01 as odir36_40_0_, purchasede0_.odir03 as odir37_40_0_, purchasede0_.odinum as odinum38_40_0_, purchasede0_.oddesb1 as oddesb39_40_0_, purchasede0_.oditc05 as oditc40_40_0_, purchasede0_.odlst as odlst41_40_0_, purchasede0_.odlnty as odlnty42_40_0_, purchasede0_.odlocid as odlocid43_40_0_, purchasede0_.odnst as odnst44_40_0_, purchasede0_.odobid as odobid45_40_0_, purchasede0_.odqtyop as odqtyop46_40_0_, purchasede0_.odordt as odordt47_40_0_, purchasede0_.odqtyor as odqtyor48_40_0_, purchasede0_.odott as odott49_40_0_, purchasede0_.odordocdt as odordoc50_40_0_, purchasede0_.odordocno as odordoc51_40_0_, purchasede0_.odordocsq as odordoc52_40_0_, purchasede0_.odordocty as odordoc53_40_0_, purchasede0_.odptc as odptc54_40_0_, purchasede0_.odpqor as odpqor55_40_0_, purchasede0_.oduom1 as oduom56_40_0_, purchasede0_.odpjid as odpjid57_40_0_, purchasede0_.odpddt as odpddt58_40_0_, purchasede0_.odpo03 as odpo59_40_0_, purchasede0_.odpo01 as odpo60_40_0_, purchasede0_.odpo02 as odpo61_40_0_, purchasede0_.odqty as odqty62_40_0_, purchasede0_.odrcdt as odrcdt63_40_0_, purchasede0_.odqtyrc as odqtyrc64_40_0_, purchasede0_.odstid as odstid65_40_0_, purchasede0_.odvr04 as odvr66_40_0_, purchasede0_.odvr01 as odvr67_40_0_, purchasede0_.odvr03 as odvr68_40_0_, purchasede0_.odvr05 as odvr69_40_0_, purchasede0_.odvr02 as odvr70_40_0_, purchasede0_.odrldocno as odrldoc71_40_0_, purchasede0_.odrldocsq as odrldoc72_40_0_, purchasede0_.odrldocty as odrldoc73_40_0_, purchasede0_.odrqdt as odrqdt74_40_0_, purchasede0_.odqtyrn as odqtyrn75_40_0_, purchasede0_.odsqor as odsqor76_40_0_, purchasede0_.oduom2 as oduom77_40_0_, purchasede0_.odsnlot as odsnlot78_40_0_, purchasede0_.odtaxal as odtaxal79_40_0_, purchasede0_.odtaxam as odtaxam80_40_0_, purchasede0_.odtaxab as odtaxab81_40_0_, purchasede0_.odtaxcd as odtaxcd82_40_0_, purchasede0_.odtaxrt as odtaxrt83_40_0_, purchasede0_.odcrct as odcrct84_40_0_, purchasede0_.oditc03 as oditc85_40_0_, purchasede0_.oducf as oducf86_40_0_, purchasede0_.oduncost as oduncos87_40_0_, purchasede0_.odudc as odudc88_40_0_, purchasede0_.odudf as odudf89_40_0_, purchasede0_.oduom as oduom90_40_0_, purchasede0_.odvnid as odvnid91_40_0_, purchaseor1_.ohcoid as ohcoid1_39_1_, purchaseor1_.ohdocono as ohdocono2_39_1_, purchaseor1_.ohdocoty as ohdocoty3_39_1_, purchaseor1_.ohcid as ohcid4_39_1_, purchaseor1_.ohdtin as ohdtin5_39_1_, purchaseor1_.ohtmin as ohtmin6_39_1_, purchaseor1_.ohuid as ohuid7_39_1_, purchaseor1_.ohdtlu as ohdtlu8_39_1_, purchaseor1_.ohtmlu as ohtmlu9_39_1_, purchaseor1_.ohuidm as ohuidm10_39_1_, purchaseor1_.ohaprcd as ohaprcd11_39_1_, purchaseor1_.ohcrcb as ohcrcb12_39_1_, purchaseor1_.ohbuid as ohbuid13_39_1_, purchaseor1_.ohcldt as ohcldt14_39_1_, purchaseor1_.ohcot as ohcot15_39_1_, purchaseor1_.ohcsid as ohcsid16_39_1_, purchaseor1_.ohdesb1 as ohdesb17_39_1_, purchaseor1_.ohdccd as ohdccd18_39_1_, purchaseor1_.ohdcrt as ohdcrt19_39_1_, purchaseor1_.ohexcrt as ohexcrt20_39_1_, purchaseor1_.ohgldt as ohgldt21_39_1_, purchaseor1_.ohidd as ohidd22_39_1_, purchaseor1_.ohidn as ohidn23_39_1_, purchaseor1_.ohlst as ohlst24_39_1_, purchaseor1_.ohnst as ohnst25_39_1_, purchaseor1_.ohobid as ohobid26_39_1_, purchaseor1_.ohordt as ohordt27_39_1_, purchaseor1_.ohptc as ohptc28_39_1_, purchaseor1_.ohpoa as ohpoa29_39_1_, purchaseor1_.ohpod as ohpod30_39_1_, purchaseor1_.ohpjid as ohpjid31_39_1_, purchaseor1_.ohpddt as ohpddt32_39_1_, purchaseor1_.ohrcdt as ohrcdt33_39_1_, purchaseor1_.ohstid as ohstid34_39_1_, purchaseor1_.ohrqdt as ohrqdt35_39_1_, purchaseor1_.ohtaxal as ohtaxal36_39_1_, purchaseor1_.ohtaxcd as ohtaxcd37_39_1_, purchaseor1_.ohtaxrt as ohtaxrt38_39_1_, purchaseor1_.ohcrct as ohcrct39_39_1_, purchaseor1_.ohdesc1 as ohdesc40_39_1_, purchaseor1_.ohdesc2 as ohdesc41_39_1_, purchaseor1_.ohvhrn as ohvhrn42_39_1_, purchaseor1_.ohvhty as ohvhty43_39_1_, purchaseor1_.ohvnid as ohvnid44_39_1_ from t4311 purchasede0_ inner join t4301 purchaseor1_ on purchasede0_.odcoid=purchaseor1_.ohcoid and purchasede0_.oddocono=purchaseor1_.ohdocono and purchasede0_.oddocoty=purchaseor1_.ohdocoty where purchasede0_.odcoid=? and purchasede0_.oddocono=? and purchasede0_.oddocosq=? and purchasede0_.oddocoty=?
Hibernate: select serialnumb0_.coid as coid1_43_0_, serialnumb0_.docno as docno2_43_0_, serialnumb0_.docty as docty3_43_0_, serialnumb0_.docsq as docsq4_43_0_, serialnumb0_.buid as buid5_43_0_, serialnumb0_.inum as inum6_43_0_, serialnumb0_.snlot as snlot7_43_0_, lotmaster1_.ltbuid as ltbuid1_34_1_, lotmaster1_.ltinum as ltinum2_34_1_, lotmaster1_.ltsnlot as ltsnlot3_34_1_, lotmaster1_.ltcid as ltcid4_34_1_, lotmaster1_.ltdtin as ltdtin5_34_1_, lotmaster1_.lttmin as lttmin6_34_1_, lotmaster1_.ltuid as ltuid7_34_1_, lotmaster1_.ltdtlu as ltdtlu8_34_1_, lotmaster1_.lttmlu as lttmlu9_34_1_, lotmaster1_.ltuidm as ltuidm10_34_1_, lotmaster1_.ltbodt as ltbodt11_34_1_, lotmaster1_.ltbbdt as ltbbdt12_34_1_, lotmaster1_.ltcldt as ltcldt13_34_1_, lotmaster1_.ltexpdt as ltexpdt14_34_1_, lotmaster1_.ltldsc as ltldsc15_34_1_, lotmaster1_.ltledt as ltledt16_34_1_, lotmaster1_.ltlsc as ltlsc17_34_1_, lotmaster1_.ltmlot1 as ltmlot18_34_1_, lotmaster1_.ltmlot2 as ltmlot19_34_1_, lotmaster1_.ltmlot3 as ltmlot20_34_1_, lotmaster1_.ltohdt as ltohdt21_34_1_, lotmaster1_.ltsern as ltsern22_34_1_ from transaction_serialnumbers serialnumb0_ inner join t4108 lotmaster1_ on serialnumb0_.buid=lotmaster1_.ltbuid and serialnumb0_.inum=lotmaster1_.ltinum and serialnumb0_.snlot=lotmaster1_.ltsnlot where serialnumb0_.coid=? and serialnumb0_.docno=? and serialnumb0_.docty=? and serialnumb0_.docsq=?
Hibernate: select purchasede0_.odcoid as odcoid1_40_0_, purchasede0_.oddocono as oddocono2_40_0_, purchasede0_.oddocosq as oddocosq3_40_0_, purchasede0_.oddocoty as oddocoty4_40_0_, purchasede0_.odcid as odcid5_40_0_, purchasede0_.oddtin as oddtin6_40_0_, purchasede0_.odtmin as odtmin7_40_0_, purchasede0_.oduid as oduid8_40_0_, purchasede0_.oddtlu as oddtlu9_40_0_, purchasede0_.odtmlu as odtmlu10_40_0_, purchasede0_.oduidm as oduidm11_40_0_, purchasede0_.odacid as odacid12_40_0_, purchasede0_.odaprcd as odaprcd13_40_0_, purchasede0_.odcrcb as odcrcb14_40_0_, purchasede0_.oditc02 as oditc15_40_0_, purchasede0_.odbuid as odbuid16_40_0_, purchasede0_.odqtycl as odqtycl17_40_0_, purchasede0_.oditc01 as oditc18_40_0_, purchasede0_.odcldt as odcldt19_40_0_, purchasede0_.odcsid as odcsid20_40_0_, purchasede0_.oddccd as oddccd21_40_0_, purchasede0_.oddcrt as oddcrt22_40_0_, purchasede0_.odexcrt as odexcrt23_40_0_, purchasede0_.odexcost as odexcos24_40_0_, purchasede0_.odqtyx as odqtyx25_40_0_, purchasede0_.oducfx as oducfx26_40_0_, purchasede0_.oduncostx as oduncos27_40_0_, purchasede0_.oduomx as oduomx28_40_0_, purchasede0_.odfec as odfec29_40_0_, purchasede0_.odfta as odfta30_40_0_, purchasede0_.odftb as odftb31_40_0_, purchasede0_.odfuc as odfuc32_40_0_, purchasede0_.odglcls as odglcls33_40_0_, purchasede0_.odgldt as odgldt34_40_0_, purchasede0_.odir02 as odir35_40_0_, purchasede0_.odir01 as odir36_40_0_, purchasede0_.odir03 as odir37_40_0_, purchasede0_.odinum as odinum38_40_0_, purchasede0_.oddesb1 as oddesb39_40_0_, purchasede0_.oditc05 as oditc40_40_0_, purchasede0_.odlst as odlst41_40_0_, purchasede0_.odlnty as odlnty42_40_0_, purchasede0_.odlocid as odlocid43_40_0_, purchasede0_.odnst as odnst44_40_0_, purchasede0_.odobid as odobid45_40_0_, purchasede0_.odqtyop as odqtyop46_40_0_, purchasede0_.odordt as odordt47_40_0_, purchasede0_.odqtyor as odqtyor48_40_0_, purchasede0_.odott as odott49_40_0_, purchasede0_.odordocdt as odordoc50_40_0_, purchasede0_.odordocno as odordoc51_40_0_, purchasede0_.odordocsq as odordoc52_40_0_, purchasede0_.odordocty as odordoc53_40_0_, purchasede0_.odptc as odptc54_40_0_, purchasede0_.odpqor as odpqor55_40_0_, purchasede0_.oduom1 as oduom56_40_0_, purchasede0_.odpjid as odpjid57_40_0_, purchasede0_.odpddt as odpddt58_40_0_, purchasede0_.odpo03 as odpo59_40_0_, purchasede0_.odpo01 as odpo60_40_0_, purchasede0_.odpo02 as odpo61_40_0_, purchasede0_.odqty as odqty62_40_0_, purchasede0_.odrcdt as odrcdt63_40_0_, purchasede0_.odqtyrc as odqtyrc64_40_0_, purchasede0_.odstid as odstid65_40_0_, purchasede0_.odvr04 as odvr66_40_0_, purchasede0_.odvr01 as odvr67_40_0_, purchasede0_.odvr03 as odvr68_40_0_, purchasede0_.odvr05 as odvr69_40_0_, purchasede0_.odvr02 as odvr70_40_0_, purchasede0_.odrldocno as odrldoc71_40_0_, purchasede0_.odrldocsq as odrldoc72_40_0_, purchasede0_.odrldocty as odrldoc73_40_0_, purchasede0_.odrqdt as odrqdt74_40_0_, purchasede0_.odqtyrn as odqtyrn75_40_0_, purchasede0_.odsqor as odsqor76_40_0_, purchasede0_.oduom2 as oduom77_40_0_, purchasede0_.odsnlot as odsnlot78_40_0_, purchasede0_.odtaxal as odtaxal79_40_0_, purchasede0_.odtaxam as odtaxam80_40_0_, purchasede0_.odtaxab as odtaxab81_40_0_, purchasede0_.odtaxcd as odtaxcd82_40_0_, purchasede0_.odtaxrt as odtaxrt83_40_0_, purchasede0_.odcrct as odcrct84_40_0_, purchasede0_.oditc03 as oditc85_40_0_, purchasede0_.oducf as oducf86_40_0_, purchasede0_.oduncost as oduncos87_40_0_, purchasede0_.odudc as odudc88_40_0_, purchasede0_.odudf as odudf89_40_0_, purchasede0_.oduom as oduom90_40_0_, purchasede0_.odvnid as odvnid91_40_0_, purchaseor1_.ohcoid as ohcoid1_39_1_, purchaseor1_.ohdocono as ohdocono2_39_1_, purchaseor1_.ohdocoty as ohdocoty3_39_1_, purchaseor1_.ohcid as ohcid4_39_1_, purchaseor1_.ohdtin as ohdtin5_39_1_, purchaseor1_.ohtmin as ohtmin6_39_1_, purchaseor1_.ohuid as ohuid7_39_1_, purchaseor1_.ohdtlu as ohdtlu8_39_1_, purchaseor1_.ohtmlu as ohtmlu9_39_1_, purchaseor1_.ohuidm as ohuidm10_39_1_, purchaseor1_.ohaprcd as ohaprcd11_39_1_, purchaseor1_.ohcrcb as ohcrcb12_39_1_, purchaseor1_.ohbuid as ohbuid13_39_1_, purchaseor1_.ohcldt as ohcldt14_39_1_, purchaseor1_.ohcot as ohcot15_39_1_, purchaseor1_.ohcsid as ohcsid16_39_1_, purchaseor1_.ohdesb1 as ohdesb17_39_1_, purchaseor1_.ohdccd as ohdccd18_39_1_, purchaseor1_.ohdcrt as ohdcrt19_39_1_, purchaseor1_.ohexcrt as ohexcrt20_39_1_, purchaseor1_.ohgldt as ohgldt21_39_1_, purchaseor1_.ohidd as ohidd22_39_1_, purchaseor1_.ohidn as ohidn23_39_1_, purchaseor1_.ohlst as ohlst24_39_1_, purchaseor1_.ohnst as ohnst25_39_1_, purchaseor1_.ohobid as ohobid26_39_1_, purchaseor1_.ohordt as ohordt27_39_1_, purchaseor1_.ohptc as ohptc28_39_1_, purchaseor1_.ohpoa as ohpoa29_39_1_, purchaseor1_.ohpod as ohpod30_39_1_, purchaseor1_.ohpjid as ohpjid31_39_1_, purchaseor1_.ohpddt as ohpddt32_39_1_, purchaseor1_.ohrcdt as ohrcdt33_39_1_, purchaseor1_.ohstid as ohstid34_39_1_, purchaseor1_.ohrqdt as ohrqdt35_39_1_, purchaseor1_.ohtaxal as ohtaxal36_39_1_, purchaseor1_.ohtaxcd as ohtaxcd37_39_1_, purchaseor1_.ohtaxrt as ohtaxrt38_39_1_, purchaseor1_.ohcrct as ohcrct39_39_1_, purchaseor1_.ohdesc1 as ohdesc40_39_1_, purchaseor1_.ohdesc2 as ohdesc41_39_1_, purchaseor1_.ohvhrn as ohvhrn42_39_1_, purchaseor1_.ohvhty as ohvhty43_39_1_, purchaseor1_.ohvnid as ohvnid44_39_1_ from t4311 purchasede0_ inner join t4301 purchaseor1_ on purchasede0_.odcoid=purchaseor1_.ohcoid and purchasede0_.oddocono=purchaseor1_.ohdocono and purchasede0_.oddocoty=purchaseor1_.ohdocoty where purchasede0_.odcoid=? and purchasede0_.oddocono=? and purchasede0_.oddocosq=? and purchasede0_.oddocoty=?
Hibernate: select serialnumb0_.coid as coid1_43_0_, serialnumb0_.docno as docno2_43_0_, serialnumb0_.docty as docty3_43_0_, serialnumb0_.docsq as docsq4_43_0_, serialnumb0_.buid as buid5_43_0_, serialnumb0_.inum as inum6_43_0_, serialnumb0_.snlot as snlot7_43_0_, lotmaster1_.ltbuid as ltbuid1_34_1_, lotmaster1_.ltinum as ltinum2_34_1_, lotmaster1_.ltsnlot as ltsnlot3_34_1_, lotmaster1_.ltcid as ltcid4_34_1_, lotmaster1_.ltdtin as ltdtin5_34_1_, lotmaster1_.lttmin as lttmin6_34_1_, lotmaster1_.ltuid as ltuid7_34_1_, lotmaster1_.ltdtlu as ltdtlu8_34_1_, lotmaster1_.lttmlu as lttmlu9_34_1_, lotmaster1_.ltuidm as ltuidm10_34_1_, lotmaster1_.ltbodt as ltbodt11_34_1_, lotmaster1_.ltbbdt as ltbbdt12_34_1_, lotmaster1_.ltcldt as ltcldt13_34_1_, lotmaster1_.ltexpdt as ltexpdt14_34_1_, lotmaster1_.ltldsc as ltldsc15_34_1_, lotmaster1_.ltledt as ltledt16_34_1_, lotmaster1_.ltlsc as ltlsc17_34_1_, lotmaster1_.ltmlot1 as ltmlot18_34_1_, lotmaster1_.ltmlot2 as ltmlot19_34_1_, lotmaster1_.ltmlot3 as ltmlot20_34_1_, lotmaster1_.ltohdt as ltohdt21_34_1_, lotmaster1_.ltsern as ltsern22_34_1_ from transaction_serialnumbers serialnumb0_ inner join t4108 lotmaster1_ on serialnumb0_.buid=lotmaster1_.ltbuid and serialnumb0_.inum=lotmaster1_.ltinum and serialnumb0_.snlot=lotmaster1_.ltsnlot where serialnumb0_.coid=? and serialnumb0_.docno=? and serialnumb0_.docty=? and serialnumb0_.docsq=?
Hibernate: select purchasede0_.odcoid as odcoid1_40_0_, purchasede0_.oddocono as oddocono2_40_0_, purchasede0_.oddocosq as oddocosq3_40_0_, purchasede0_.oddocoty as oddocoty4_40_0_, purchasede0_.odcid as odcid5_40_0_, purchasede0_.oddtin as oddtin6_40_0_, purchasede0_.odtmin as odtmin7_40_0_, purchasede0_.oduid as oduid8_40_0_, purchasede0_.oddtlu as oddtlu9_40_0_, purchasede0_.odtmlu as odtmlu10_40_0_, purchasede0_.oduidm as oduidm11_40_0_, purchasede0_.odacid as odacid12_40_0_, purchasede0_.odaprcd as odaprcd13_40_0_, purchasede0_.odcrcb as odcrcb14_40_0_, purchasede0_.oditc02 as oditc15_40_0_, purchasede0_.odbuid as odbuid16_40_0_, purchasede0_.odqtycl as odqtycl17_40_0_, purchasede0_.oditc01 as oditc18_40_0_, purchasede0_.odcldt as odcldt19_40_0_, purchasede0_.odcsid as odcsid20_40_0_, purchasede0_.oddccd as oddccd21_40_0_, purchasede0_.oddcrt as oddcrt22_40_0_, purchasede0_.odexcrt as odexcrt23_40_0_, purchasede0_.odexcost as odexcos24_40_0_, purchasede0_.odqtyx as odqtyx25_40_0_, purchasede0_.oducfx as oducfx26_40_0_, purchasede0_.oduncostx as oduncos27_40_0_, purchasede0_.oduomx as oduomx28_40_0_, purchasede0_.odfec as odfec29_40_0_, purchasede0_.odfta as odfta30_40_0_, purchasede0_.odftb as odftb31_40_0_, purchasede0_.odfuc as odfuc32_40_0_, purchasede0_.odglcls as odglcls33_40_0_, purchasede0_.odgldt as odgldt34_40_0_, purchasede0_.odir02 as odir35_40_0_, purchasede0_.odir01 as odir36_40_0_, purchasede0_.odir03 as odir37_40_0_, purchasede0_.odinum as odinum38_40_0_, purchasede0_.oddesb1 as oddesb39_40_0_, purchasede0_.oditc05 as oditc40_40_0_, purchasede0_.odlst as odlst41_40_0_, purchasede0_.odlnty as odlnty42_40_0_, purchasede0_.odlocid as odlocid43_40_0_, purchasede0_.odnst as odnst44_40_0_, purchasede0_.odobid as odobid45_40_0_, purchasede0_.odqtyop as odqtyop46_40_0_, purchasede0_.odordt as odordt47_40_0_, purchasede0_.odqtyor as odqtyor48_40_0_, purchasede0_.odott as odott49_40_0_, purchasede0_.odordocdt as odordoc50_40_0_, purchasede0_.odordocno as odordoc51_40_0_, purchasede0_.odordocsq as odordoc52_40_0_, purchasede0_.odordocty as odordoc53_40_0_, purchasede0_.odptc as odptc54_40_0_, purchasede0_.odpqor as odpqor55_40_0_, purchasede0_.oduom1 as oduom56_40_0_, purchasede0_.odpjid as odpjid57_40_0_, purchasede0_.odpddt as odpddt58_40_0_, purchasede0_.odpo03 as odpo59_40_0_, purchasede0_.odpo01 as odpo60_40_0_, purchasede0_.odpo02 as odpo61_40_0_, purchasede0_.odqty as odqty62_40_0_, purchasede0_.odrcdt as odrcdt63_40_0_, purchasede0_.odqtyrc as odqtyrc64_40_0_, purchasede0_.odstid as odstid65_40_0_, purchasede0_.odvr04 as odvr66_40_0_, purchasede0_.odvr01 as odvr67_40_0_, purchasede0_.odvr03 as odvr68_40_0_, purchasede0_.odvr05 as odvr69_40_0_, purchasede0_.odvr02 as odvr70_40_0_, purchasede0_.odrldocno as odrldoc71_40_0_, purchasede0_.odrldocsq as odrldoc72_40_0_, purchasede0_.odrldocty as odrldoc73_40_0_, purchasede0_.odrqdt as odrqdt74_40_0_, purchasede0_.odqtyrn as odqtyrn75_40_0_, purchasede0_.odsqor as odsqor76_40_0_, purchasede0_.oduom2 as oduom77_40_0_, purchasede0_.odsnlot as odsnlot78_40_0_, purchasede0_.odtaxal as odtaxal79_40_0_, purchasede0_.odtaxam as odtaxam80_40_0_, purchasede0_.odtaxab as odtaxab81_40_0_, purchasede0_.odtaxcd as odtaxcd82_40_0_, purchasede0_.odtaxrt as odtaxrt83_40_0_, purchasede0_.odcrct as odcrct84_40_0_, purchasede0_.oditc03 as oditc85_40_0_, purchasede0_.oducf as oducf86_40_0_, purchasede0_.oduncost as oduncos87_40_0_, purchasede0_.odudc as odudc88_40_0_, purchasede0_.odudf as odudf89_40_0_, purchasede0_.oduom as oduom90_40_0_, purchasede0_.odvnid as odvnid91_40_0_, purchaseor1_.ohcoid as ohcoid1_39_1_, purchaseor1_.ohdocono as ohdocono2_39_1_, purchaseor1_.ohdocoty as ohdocoty3_39_1_, purchaseor1_.ohcid as ohcid4_39_1_, purchaseor1_.ohdtin as ohdtin5_39_1_, purchaseor1_.ohtmin as ohtmin6_39_1_, purchaseor1_.ohuid as ohuid7_39_1_, purchaseor1_.ohdtlu as ohdtlu8_39_1_, purchaseor1_.ohtmlu as ohtmlu9_39_1_, purchaseor1_.ohuidm as ohuidm10_39_1_, purchaseor1_.ohaprcd as ohaprcd11_39_1_, purchaseor1_.ohcrcb as ohcrcb12_39_1_, purchaseor1_.ohbuid as ohbuid13_39_1_, purchaseor1_.ohcldt as ohcldt14_39_1_, purchaseor1_.ohcot as ohcot15_39_1_, purchaseor1_.ohcsid as ohcsid16_39_1_, purchaseor1_.ohdesb1 as ohdesb17_39_1_, purchaseor1_.ohdccd as ohdccd18_39_1_, purchaseor1_.ohdcrt as ohdcrt19_39_1_, purchaseor1_.ohexcrt as ohexcrt20_39_1_, purchaseor1_.ohgldt as ohgldt21_39_1_, purchaseor1_.ohidd as ohidd22_39_1_, purchaseor1_.ohidn as ohidn23_39_1_, purchaseor1_.ohlst as ohlst24_39_1_, purchaseor1_.ohnst as ohnst25_39_1_, purchaseor1_.ohobid as ohobid26_39_1_, purchaseor1_.ohordt as ohordt27_39_1_, purchaseor1_.ohptc as ohptc28_39_1_, purchaseor1_.ohpoa as ohpoa29_39_1_, purchaseor1_.ohpod as ohpod30_39_1_, purchaseor1_.ohpjid as ohpjid31_39_1_, purchaseor1_.ohpddt as ohpddt32_39_1_, purchaseor1_.ohrcdt as ohrcdt33_39_1_, purchaseor1_.ohstid as ohstid34_39_1_, purchaseor1_.ohrqdt as ohrqdt35_39_1_, purchaseor1_.ohtaxal as ohtaxal36_39_1_, purchaseor1_.ohtaxcd as ohtaxcd37_39_1_, purchaseor1_.ohtaxrt as ohtaxrt38_39_1_, purchaseor1_.ohcrct as ohcrct39_39_1_, purchaseor1_.ohdesc1 as ohdesc40_39_1_, purchaseor1_.ohdesc2 as ohdesc41_39_1_, purchaseor1_.ohvhrn as ohvhrn42_39_1_, purchaseor1_.ohvhty as ohvhty43_39_1_, purchaseor1_.ohvnid as ohvnid44_39_1_ from t4311 purchasede0_ inner join t4301 purchaseor1_ on purchasede0_.odcoid=purchaseor1_.ohcoid and purchasede0_.oddocono=purchaseor1_.ohdocono and purchasede0_.oddocoty=purchaseor1_.ohdocoty where purchasede0_.odcoid=? and purchasede0_.oddocono=? and purchasede0_.oddocosq=? and purchasede0_.oddocoty=?
Hibernate: select serialnumb0_.coid as coid1_43_0_, serialnumb0_.docno as docno2_43_0_, serialnumb0_.docty as docty3_43_0_, serialnumb0_.docsq as docsq4_43_0_, serialnumb0_.buid as buid5_43_0_, serialnumb0_.inum as inum6_43_0_, serialnumb0_.snlot as snlot7_43_0_, lotmaster1_.ltbuid as ltbuid1_34_1_, lotmaster1_.ltinum as ltinum2_34_1_, lotmaster1_.ltsnlot as ltsnlot3_34_1_, lotmaster1_.ltcid as ltcid4_34_1_, lotmaster1_.ltdtin as ltdtin5_34_1_, lotmaster1_.lttmin as lttmin6_34_1_, lotmaster1_.ltuid as ltuid7_34_1_, lotmaster1_.ltdtlu as ltdtlu8_34_1_, lotmaster1_.lttmlu as lttmlu9_34_1_, lotmaster1_.ltuidm as ltuidm10_34_1_, lotmaster1_.ltbodt as ltbodt11_34_1_, lotmaster1_.ltbbdt as ltbbdt12_34_1_, lotmaster1_.ltcldt as ltcldt13_34_1_, lotmaster1_.ltexpdt as ltexpdt14_34_1_, lotmaster1_.ltldsc as ltldsc15_34_1_, lotmaster1_.ltledt as ltledt16_34_1_, lotmaster1_.ltlsc as ltlsc17_34_1_, lotmaster1_.ltmlot1 as ltmlot18_34_1_, lotmaster1_.ltmlot2 as ltmlot19_34_1_, lotmaster1_.ltmlot3 as ltmlot20_34_1_, lotmaster1_.ltohdt as ltohdt21_34_1_, lotmaster1_.ltsern as ltsern22_34_1_ from transaction_serialnumbers serialnumb0_ inner join t4108 lotmaster1_ on serialnumb0_.buid=lotmaster1_.ltbuid and serialnumb0_.inum=lotmaster1_.ltinum and serialnumb0_.snlot=lotmaster1_.ltsnlot where serialnumb0_.coid=? and serialnumb0_.docno=? and serialnumb0_.docty=? and serialnumb0_.docsq=?
Hibernate: select purchasede0_.odcoid as odcoid1_40_0_, purchasede0_.oddocono as oddocono2_40_0_, purchasede0_.oddocosq as oddocosq3_40_0_, purchasede0_.oddocoty as oddocoty4_40_0_, purchasede0_.odcid as odcid5_40_0_, purchasede0_.oddtin as oddtin6_40_0_, purchasede0_.odtmin as odtmin7_40_0_, purchasede0_.oduid as oduid8_40_0_, purchasede0_.oddtlu as oddtlu9_40_0_, purchasede0_.odtmlu as odtmlu10_40_0_, purchasede0_.oduidm as oduidm11_40_0_, purchasede0_.odacid as odacid12_40_0_, purchasede0_.odaprcd as odaprcd13_40_0_, purchasede0_.odcrcb as odcrcb14_40_0_, purchasede0_.oditc02 as oditc15_40_0_, purchasede0_.odbuid as odbuid16_40_0_, purchasede0_.odqtycl as odqtycl17_40_0_, purchasede0_.oditc01 as oditc18_40_0_, purchasede0_.odcldt as odcldt19_40_0_, purchasede0_.odcsid as odcsid20_40_0_, purchasede0_.oddccd as oddccd21_40_0_, purchasede0_.oddcrt as oddcrt22_40_0_, purchasede0_.odexcrt as odexcrt23_40_0_, purchasede0_.odexcost as odexcos24_40_0_, purchasede0_.odqtyx as odqtyx25_40_0_, purchasede0_.oducfx as oducfx26_40_0_, purchasede0_.oduncostx as oduncos27_40_0_, purchasede0_.oduomx as oduomx28_40_0_, purchasede0_.odfec as odfec29_40_0_, purchasede0_.odfta as odfta30_40_0_, purchasede0_.odftb as odftb31_40_0_, purchasede0_.odfuc as odfuc32_40_0_, purchasede0_.odglcls as odglcls33_40_0_, purchasede0_.odgldt as odgldt34_40_0_, purchasede0_.odir02 as odir35_40_0_, purchasede0_.odir01 as odir36_40_0_, purchasede0_.odir03 as odir37_40_0_, purchasede0_.odinum as odinum38_40_0_, purchasede0_.oddesb1 as oddesb39_40_0_, purchasede0_.oditc05 as oditc40_40_0_, purchasede0_.odlst as odlst41_40_0_, purchasede0_.odlnty as odlnty42_40_0_, purchasede0_.odlocid as odlocid43_40_0_, purchasede0_.odnst as odnst44_40_0_, purchasede0_.odobid as odobid45_40_0_, purchasede0_.odqtyop as odqtyop46_40_0_, purchasede0_.odordt as odordt47_40_0_, purchasede0_.odqtyor as odqtyor48_40_0_, purchasede0_.odott as odott49_40_0_, purchasede0_.odordocdt as odordoc50_40_0_, purchasede0_.odordocno as odordoc51_40_0_, purchasede0_.odordocsq as odordoc52_40_0_, purchasede0_.odordocty as odordoc53_40_0_, purchasede0_.odptc as odptc54_40_0_, purchasede0_.odpqor as odpqor55_40_0_, purchasede0_.oduom1 as oduom56_40_0_, purchasede0_.odpjid as odpjid57_40_0_, purchasede0_.odpddt as odpddt58_40_0_, purchasede0_.odpo03 as odpo59_40_0_, purchasede0_.odpo01 as odpo60_40_0_, purchasede0_.odpo02 as odpo61_40_0_, purchasede0_.odqty as odqty62_40_0_, purchasede0_.odrcdt as odrcdt63_40_0_, purchasede0_.odqtyrc as odqtyrc64_40_0_, purchasede0_.odstid as odstid65_40_0_, purchasede0_.odvr04 as odvr66_40_0_, purchasede0_.odvr01 as odvr67_40_0_, purchasede0_.odvr03 as odvr68_40_0_, purchasede0_.odvr05 as odvr69_40_0_, purchasede0_.odvr02 as odvr70_40_0_, purchasede0_.odrldocno as odrldoc71_40_0_, purchasede0_.odrldocsq as odrldoc72_40_0_, purchasede0_.odrldocty as odrldoc73_40_0_, purchasede0_.odrqdt as odrqdt74_40_0_, purchasede0_.odqtyrn as odqtyrn75_40_0_, purchasede0_.odsqor as odsqor76_40_0_, purchasede0_.oduom2 as oduom77_40_0_, purchasede0_.odsnlot as odsnlot78_40_0_, purchasede0_.odtaxal as odtaxal79_40_0_, purchasede0_.odtaxam as odtaxam80_40_0_, purchasede0_.odtaxab as odtaxab81_40_0_, purchasede0_.odtaxcd as odtaxcd82_40_0_, purchasede0_.odtaxrt as odtaxrt83_40_0_, purchasede0_.odcrct as odcrct84_40_0_, purchasede0_.oditc03 as oditc85_40_0_, purchasede0_.oducf as oducf86_40_0_, purchasede0_.oduncost as oduncos87_40_0_, purchasede0_.odudc as odudc88_40_0_, purchasede0_.odudf as odudf89_40_0_, purchasede0_.oduom as oduom90_40_0_, purchasede0_.odvnid as odvnid91_40_0_, purchaseor1_.ohcoid as ohcoid1_39_1_, purchaseor1_.ohdocono as ohdocono2_39_1_, purchaseor1_.ohdocoty as ohdocoty3_39_1_, purchaseor1_.ohcid as ohcid4_39_1_, purchaseor1_.ohdtin as ohdtin5_39_1_, purchaseor1_.ohtmin as ohtmin6_39_1_, purchaseor1_.ohuid as ohuid7_39_1_, purchaseor1_.ohdtlu as ohdtlu8_39_1_, purchaseor1_.ohtmlu as ohtmlu9_39_1_, purchaseor1_.ohuidm as ohuidm10_39_1_, purchaseor1_.ohaprcd as ohaprcd11_39_1_, purchaseor1_.ohcrcb as ohcrcb12_39_1_, purchaseor1_.ohbuid as ohbuid13_39_1_, purchaseor1_.ohcldt as ohcldt14_39_1_, purchaseor1_.ohcot as ohcot15_39_1_, purchaseor1_.ohcsid as ohcsid16_39_1_, purchaseor1_.ohdesb1 as ohdesb17_39_1_, purchaseor1_.ohdccd as ohdccd18_39_1_, purchaseor1_.ohdcrt as ohdcrt19_39_1_, purchaseor1_.ohexcrt as ohexcrt20_39_1_, purchaseor1_.ohgldt as ohgldt21_39_1_, purchaseor1_.ohidd as ohidd22_39_1_, purchaseor1_.ohidn as ohidn23_39_1_, purchaseor1_.ohlst as ohlst24_39_1_, purchaseor1_.ohnst as ohnst25_39_1_, purchaseor1_.ohobid as ohobid26_39_1_, purchaseor1_.ohordt as ohordt27_39_1_, purchaseor1_.ohptc as ohptc28_39_1_, purchaseor1_.ohpoa as ohpoa29_39_1_, purchaseor1_.ohpod as ohpod30_39_1_, purchaseor1_.ohpjid as ohpjid31_39_1_, purchaseor1_.ohpddt as ohpddt32_39_1_, purchaseor1_.ohrcdt as ohrcdt33_39_1_, purchaseor1_.ohstid as ohstid34_39_1_, purchaseor1_.ohrqdt as ohrqdt35_39_1_, purchaseor1_.ohtaxal as ohtaxal36_39_1_, purchaseor1_.ohtaxcd as ohtaxcd37_39_1_, purchaseor1_.ohtaxrt as ohtaxrt38_39_1_, purchaseor1_.ohcrct as ohcrct39_39_1_, purchaseor1_.ohdesc1 as ohdesc40_39_1_, purchaseor1_.ohdesc2 as ohdesc41_39_1_, purchaseor1_.ohvhrn as ohvhrn42_39_1_, purchaseor1_.ohvhty as ohvhty43_39_1_, purchaseor1_.ohvnid as ohvnid44_39_1_ from t4311 purchasede0_ inner join t4301 purchaseor1_ on purchasede0_.odcoid=purchaseor1_.ohcoid and purchasede0_.oddocono=purchaseor1_.ohdocono and purchasede0_.oddocoty=purchaseor1_.ohdocoty where purchasede0_.odcoid=? and purchasede0_.oddocono=? and purchasede0_.oddocosq=? and purchasede0_.oddocoty=?
Hibernate: select serialnumb0_.coid as coid1_43_0_, serialnumb0_.docno as docno2_43_0_, serialnumb0_.docty as docty3_43_0_, serialnumb0_.docsq as docsq4_43_0_, serialnumb0_.buid as buid5_43_0_, serialnumb0_.inum as inum6_43_0_, serialnumb0_.snlot as snlot7_43_0_, lotmaster1_.ltbuid as ltbuid1_34_1_, lotmaster1_.ltinum as ltinum2_34_1_, lotmaster1_.ltsnlot as ltsnlot3_34_1_, lotmaster1_.ltcid as ltcid4_34_1_, lotmaster1_.ltdtin as ltdtin5_34_1_, lotmaster1_.lttmin as lttmin6_34_1_, lotmaster1_.ltuid as ltuid7_34_1_, lotmaster1_.ltdtlu as ltdtlu8_34_1_, lotmaster1_.lttmlu as lttmlu9_34_1_, lotmaster1_.ltuidm as ltuidm10_34_1_, lotmaster1_.ltbodt as ltbodt11_34_1_, lotmaster1_.ltbbdt as ltbbdt12_34_1_, lotmaster1_.ltcldt as ltcldt13_34_1_, lotmaster1_.ltexpdt as ltexpdt14_34_1_, lotmaster1_.ltldsc as ltldsc15_34_1_, lotmaster1_.ltledt as ltledt16_34_1_, lotmaster1_.ltlsc as ltlsc17_34_1_, lotmaster1_.ltmlot1 as ltmlot18_34_1_, lotmaster1_.ltmlot2 as ltmlot19_34_1_, lotmaster1_.ltmlot3 as ltmlot20_34_1_, lotmaster1_.ltohdt as ltohdt21_34_1_, lotmaster1_.ltsern as ltsern22_34_1_ from transaction_serialnumbers serialnumb0_ inner join t4108 lotmaster1_ on serialnumb0_.buid=lotmaster1_.ltbuid and serialnumb0_.inum=lotmaster1_.ltinum and serialnumb0_.snlot=lotmaster1_.ltsnlot where serialnumb0_.coid=? and serialnumb0_.docno=? and serialnumb0_.docty=? and serialnumb0_.docsq=?
2018-12-27 11:25:51.382  INFO 2120 --- [    Test worker] o.s.t.c.transaction.TransactionContext   : Rolled back transaction for test: [DefaultTestContext@4cd7a432 testClass = PurchaseReceiptApiTest, testInstance = ags.goldenlionerp.apiTests.purchase.PurchaseReceiptApiTest@144904ce, testMethod = updateTestWithPut@ApiTestBase, testException = [null], mergedContextConfiguration = [WebMergedContextConfiguration@6aa9a5ba testClass = PurchaseReceiptApiTest, locations = '{}', classes = '{class ags.goldenlionerp.GoldenLionErpApplication}', contextInitializerClasses = '[]', activeProfiles = '{}', propertySourceLocations = '{classpath:test.properties}', propertySourceProperties = '{org.springframework.boot.test.context.SpringBootTestContextBootstrapper=true}', contextCustomizers = set[org.springframework.boot.test.autoconfigure.properties.PropertyMappingContextCustomizer@0, org.springframework.boot.test.autoconfigure.web.servlet.WebDriverContextCustomizerFactory$Customizer@636d731e, [ImportsContextCustomizer@6f6d8820 key = [ags.goldenlionerp.apiTests.ApiTestBase$TestConfig]], org.springframework.boot.test.context.filter.ExcludeFilterContextCustomizer@6afa5291, org.springframework.boot.test.json.DuplicateJsonObjectContextCustomizerFactory$DuplicateJsonObjectContextCustomizer@20cebcb4, org.springframework.boot.test.mock.mockito.MockitoContextCustomizer@0, org.springframework.boot.test.web.client.TestRestTemplateContextCustomizer@49a32273], resourceBasePath = 'src/main/webapp', contextLoader = 'org.springframework.boot.test.context.SpringBootContextLoader', parent = [null]], attributes = map['org.springframework.test.context.web.ServletTestExecutionListener.activateListener' -> true, 'org.springframework.test.context.web.ServletTestExecutionListener.populatedRequestContextHolder' -> true, 'org.springframework.test.context.web.ServletTestExecutionListener.resetRequestContextHolder' -> true]]
2018-12-27 11:25:51.385  INFO 2120 --- [    Test worker] o.s.t.c.transaction.TransactionContext   : Began transaction (1) for test context [DefaultTestContext@4cd7a432 testClass = PurchaseReceiptApiTest, testInstance = ags.goldenlionerp.apiTests.purchase.PurchaseReceiptApiTest@3bfb211a, testMethod = getTestSingle@ApiTestBase, testException = [null], mergedContextConfiguration = [WebMergedContextConfiguration@6aa9a5ba testClass = PurchaseReceiptApiTest, locations = '{}', classes = '{class ags.goldenlionerp.GoldenLionErpApplication}', contextInitializerClasses = '[]', activeProfiles = '{}', propertySourceLocations = '{classpath:test.properties}', propertySourceProperties = '{org.springframework.boot.test.context.SpringBootTestContextBootstrapper=true}', contextCustomizers = set[org.springframework.boot.test.autoconfigure.properties.PropertyMappingContextCustomizer@0, org.springframework.boot.test.autoconfigure.web.servlet.WebDriverContextCustomizerFactory$Customizer@636d731e, [ImportsContextCustomizer@6f6d8820 key = [ags.goldenlionerp.apiTests.ApiTestBase$TestConfig]], org.springframework.boot.test.context.filter.ExcludeFilterContextCustomizer@6afa5291, org.springframework.boot.test.json.DuplicateJsonObjectContextCustomizerFactory$DuplicateJsonObjectContextCustomizer@20cebcb4, org.springframework.boot.test.mock.mockito.MockitoContextCustomizer@0, org.springframework.boot.test.web.client.TestRestTemplateContextCustomizer@49a32273], resourceBasePath = 'src/main/webapp', contextLoader = 'org.springframework.boot.test.context.SpringBootContextLoader', parent = [null]], attributes = map['org.springframework.test.context.web.ServletTestExecutionListener.activateListener' -> true, 'org.springframework.test.context.web.ServletTestExecutionListener.populatedRequestContextHolder' -> true, 'org.springframework.test.context.web.ServletTestExecutionListener.resetRequestContextHolder' -> true]]; transaction manager [org.springframework.orm.jpa.JpaTransactionManager@75de8c12]; rollback [true]
2018-12-27 11:25:51.386  INFO 2120 --- [    Test worker] o.s.b.t.m.w.SpringBootMockServletContext : Initializing Spring FrameworkServlet ''
2018-12-27 11:25:51.386  INFO 2120 --- [    Test worker] o.s.t.web.servlet.TestDispatcherServlet  : FrameworkServlet '': initialization started
2018-12-27 11:25:51.393  INFO 2120 --- [    Test worker] o.s.t.web.servlet.TestDispatcherServlet  : FrameworkServlet '': initialization completed in 7 ms
Hibernate: select count(*) as col_0_0_ from t4301 purchaseor0_ where purchaseor0_.ohcoid=? and purchaseor0_.ohdocono=? and purchaseor0_.ohdocoty=?
Hibernate: select company0_.cncoid as cncoid1_9_0_, company0_.cncid as cncid2_9_0_, company0_.cndtin as cndtin3_9_0_, company0_.cntmin as cntmin4_9_0_, company0_.cnuid as cnuid5_9_0_, company0_.cndtlu as cndtlu6_9_0_, company0_.cntmlu as cntmlu7_9_0_, company0_.cnuidm as cnuidm8_9_0_, company0_.cnanum as cnanum9_9_0_, company0_.cncrcb as cncrcb10_9_0_, company0_.cncap as cncap11_9_0_, company0_.cncfy as cncfy12_9_0_, company0_.cncip as cncip13_9_0_, company0_.cncpp as cncpp14_9_0_, company0_.cncrp as cncrp15_9_0_, company0_.cndesb1 as cndesb16_9_0_, company0_.cnfdp as cnfdp17_9_0_ from t0020 company0_ where company0_.cncoid=?
Hibernate: select addressboo0_.adanum as adanum1_16_0_, addressboo0_.adcid as adcid2_16_0_, addressboo0_.addtin as addtin3_16_0_, addressboo0_.adtmin as adtmin4_16_0_, addressboo0_.aduid as aduid5_16_0_, addressboo0_.addtlu as addtlu6_16_0_, addressboo0_.adtmlu as adtmlu7_16_0_, addressboo0_.aduidm as aduidm8_16_0_, addressboo0_.adap as adap9_16_0_, addressboo0_.adar as adar10_16_0_, addressboo0_.adbuid as adbuid11_16_0_, addressboo0_.adcc01 as adcc12_16_0_, addressboo0_.adcc02 as adcc13_16_0_, addressboo0_.adcc03 as adcc14_16_0_, addressboo0_.adcc04 as adcc15_16_0_, addressboo0_.adcc05 as adcc16_16_0_, addressboo0_.adcc06 as adcc17_16_0_, addressboo0_.adcc07 as adcc18_16_0_, addressboo0_.adcc08 as adcc19_16_0_, addressboo0_.adcc09 as adcc20_16_0_, addressboo0_.adcc10 as adcc21_16_0_, addressboo0_.adempl as adempl22_16_0_, addressboo0_.adtmlt as adtmlt23_16_0_, addressboo0_.adlan as adlan24_16_0_, addressboo0_.admlnm as admlnm25_16_0_, addressboo0_.adnm as adnm26_16_0_, addressboo0_.adpan as adpan27_16_0_, addressboo0_.adrecid as adrecid28_16_0_, addressboo0_.adrlid0 as adrlid29_16_0_, addressboo0_.adrlid2 as adrlid30_16_0_, addressboo0_.adrlid3 as adrlid31_16_0_, addressboo0_.adrlid4 as adrlid32_16_0_, addressboo0_.adrlid5 as adrlid33_16_0_, addressboo0_.adrlid6 as adrlid34_16_0_, addressboo0_.adrlid7 as adrlid35_16_0_, addressboo0_.adrlid8 as adrlid36_16_0_, addressboo0_.adrlid9 as adrlid37_16_0_, addressboo0_.adrlid1 as adrlid38_16_0_, addressboo0_.adst as adst39_16_0_, addressboo0_.adtaxid as adtaxid40_16_0_ from t0101 addressboo0_ where addressboo0_.adanum=?
Hibernate: select apsetting0_.pmanum as pmanum1_23_0_, apsetting0_.pmanum as pmanum1_23_1_, apsetting0_.pmcid as pmcid2_23_1_, apsetting0_.pmdtin as pmdtin3_23_1_, apsetting0_.pmtmin as pmtmin4_23_1_, apsetting0_.pmuid as pmuid5_23_1_, apsetting0_.pmdtlu as pmdtlu6_23_1_, apsetting0_.pmtmlu as pmtmlu7_23_1_, apsetting0_.pmuidm as pmuidm8_23_1_, apsetting0_.pmdtls as pmdtls9_23_1_, apsetting0_.pmapcls as pmapcls10_23_1_, apsetting0_.pmcrm as pmcrm11_23_1_, apsetting0_.pmcrct as pmcrct12_23_1_, apsetting0_.pmitc05 as pmitc13_23_1_, apsetting0_.pminsp as pminsp14_23_1_, apsetting0_.pmptc as pmptc15_23_1_, apsetting0_.pmspg as pmspg16_23_1_, apsetting0_.pmtaxau as pmtaxau17_23_1_, apsetting0_.pmtaxcd as pmtaxcd18_23_1_, apsetting0_.pmtaxid as pmtaxid19_23_1_ from t0401 apsetting0_ where apsetting0_.pmanum=?
Hibernate: select itemmaster0_.iminum as iminum1_31_0_, itemmaster0_.imcid as imcid2_31_0_, itemmaster0_.imdtin as imdtin3_31_0_, itemmaster0_.imtmin as imtmin4_31_0_, itemmaster0_.imuid as imuid5_31_0_, itemmaster0_.imdtlu as imdtlu6_31_0_, itemmaster0_.imtmlu as imtmlu7_31_0_, itemmaster0_.imuidm as imuidm8_31_0_, itemmaster0_.iminumb as iminumb9_31_0_, itemmaster0_.imctm as imctm10_31_0_, itemmaster0_.imitc02 as imitc11_31_0_, itemmaster0_.imitc01 as imitc12_31_0_, itemmaster0_.imitc10 as imitc13_31_0_, itemmaster0_.imitc04 as imitc14_31_0_, itemmaster0_.imitc06 as imitc15_31_0_, itemmaster0_.imitc07 as imitc16_31_0_, itemmaster0_.imitc08 as imitc17_31_0_, itemmaster0_.imitc09 as imitc18_31_0_, itemmaster0_.imitc05 as imitc19_31_0_, itemmaster0_.imslrc0 as imslrc20_31_0_, itemmaster0_.imslrc1 as imslrc21_31_0_, itemmaster0_.imslrc2 as imslrc22_31_0_, itemmaster0_.imslrc3 as imslrc23_31_0_, itemmaster0_.imslrc4 as imslrc24_31_0_, itemmaster0_.imslrc5 as imslrc25_31_0_, itemmaster0_.imslrc6 as imslrc26_31_0_, itemmaster0_.imslrc7 as imslrc27_31_0_, itemmaster0_.imslrc8 as imslrc28_31_0_, itemmaster0_.imslrc9 as imslrc29_31_0_, itemmaster0_.imitc03 as imitc30_31_0_, itemmaster0_.imdesb1 as imdesb31_31_0_, itemmaster0_.imdesd1 as imdesd32_31_0_, itemmaster0_.imglcls as imglcls33_31_0_, itemmaster0_.imicl as imicl34_31_0_, itemmaster0_.imilc as imilc35_31_0_, itemmaster0_.iminums as iminums36_31_0_, itemmaster0_.imipg as imipg37_31_0_, itemmaster0_.imlsc as imlsc38_31_0_, itemmaster0_.imdaqc as imdaqc39_31_0_, itemmaster0_.imgscrt as imgscrt40_31_0_, itemmaster0_.imsiops as imsiops41_31_0_, itemmaster0_.imbpid as imbpid42_31_0_, itemmaster0_.imcsid as imcsid43_31_0_, itemmaster0_.imudf as imudf44_31_0_, itemmaster0_.impmmf as impmmf45_31_0_, itemmaster0_.imrbii as imrbii46_31_0_, itemmaster0_.imrbim as imrbim47_31_0_, itemmaster0_.imrbis as imrbis48_31_0_, itemmaster0_.imvnid as imvnid49_31_0_, itemmaster0_.imtaxpc as imtaxpc50_31_0_, itemmaster0_.imtaxsc as imtaxsc51_31_0_, itemmaster0_.iminump as iminump52_31_0_, itemmaster0_.implg as implg53_31_0_, itemmaster0_.imppl as imppl54_31_0_, itemmaster0_.imspl as imspl55_31_0_, itemmaster0_.imsnr as imsnr56_31_0_, itemmaster0_.imskty as imskty57_31_0_, itemmaster0_.imlnty as imlnty58_31_0_, itemmaster0_.imuom9 as imuom59_31_0_, itemmaster0_.imdppo as imdppo60_31_0_, itemmaster0_.imdlum as imdlum61_31_0_, itemmaster0_.imdlump as imdlump62_31_0_, itemmaster0_.imdlumt as imdlumt63_31_0_, itemmaster0_.imuom5 as imuom64_31_0_, itemmaster0_.imuom1 as imuom65_31_0_, itemmaster0_.imuom8 as imuom66_31_0_, itemmaster0_.imuom3 as imuom67_31_0_, itemmaster0_.imuom4 as imuom68_31_0_, itemmaster0_.imuom2 as imuom69_31_0_, itemmaster0_.imuom6 as imuom70_31_0_, itemmaster0_.imuoms as imuoms71_31_0_, itemmaster0_.imuomt as imuomt72_31_0_, itemmaster0_.imuomv as imuomv73_31_0_, itemmaster0_.imwcf as imwcf74_31_0_, itemmaster0_.imuomw as imuomw75_31_0_, itemmaster0_.imvict as imvict76_31_0_ from t4101 itemmaster0_ where itemmaster0_.iminum=?
Hibernate: select itemmaster0_.iminum as iminum1_31_0_, itemmaster0_.imcid as imcid2_31_0_, itemmaster0_.imdtin as imdtin3_31_0_, itemmaster0_.imtmin as imtmin4_31_0_, itemmaster0_.imuid as imuid5_31_0_, itemmaster0_.imdtlu as imdtlu6_31_0_, itemmaster0_.imtmlu as imtmlu7_31_0_, itemmaster0_.imuidm as imuidm8_31_0_, itemmaster0_.iminumb as iminumb9_31_0_, itemmaster0_.imctm as imctm10_31_0_, itemmaster0_.imitc02 as imitc11_31_0_, itemmaster0_.imitc01 as imitc12_31_0_, itemmaster0_.imitc10 as imitc13_31_0_, itemmaster0_.imitc04 as imitc14_31_0_, itemmaster0_.imitc06 as imitc15_31_0_, itemmaster0_.imitc07 as imitc16_31_0_, itemmaster0_.imitc08 as imitc17_31_0_, itemmaster0_.imitc09 as imitc18_31_0_, itemmaster0_.imitc05 as imitc19_31_0_, itemmaster0_.imslrc0 as imslrc20_31_0_, itemmaster0_.imslrc1 as imslrc21_31_0_, itemmaster0_.imslrc2 as imslrc22_31_0_, itemmaster0_.imslrc3 as imslrc23_31_0_, itemmaster0_.imslrc4 as imslrc24_31_0_, itemmaster0_.imslrc5 as imslrc25_31_0_, itemmaster0_.imslrc6 as imslrc26_31_0_, itemmaster0_.imslrc7 as imslrc27_31_0_, itemmaster0_.imslrc8 as imslrc28_31_0_, itemmaster0_.imslrc9 as imslrc29_31_0_, itemmaster0_.imitc03 as imitc30_31_0_, itemmaster0_.imdesb1 as imdesb31_31_0_, itemmaster0_.imdesd1 as imdesd32_31_0_, itemmaster0_.imglcls as imglcls33_31_0_, itemmaster0_.imicl as imicl34_31_0_, itemmaster0_.imilc as imilc35_31_0_, itemmaster0_.iminums as iminums36_31_0_, itemmaster0_.imipg as imipg37_31_0_, itemmaster0_.imlsc as imlsc38_31_0_, itemmaster0_.imdaqc as imdaqc39_31_0_, itemmaster0_.imgscrt as imgscrt40_31_0_, itemmaster0_.imsiops as imsiops41_31_0_, itemmaster0_.imbpid as imbpid42_31_0_, itemmaster0_.imcsid as imcsid43_31_0_, itemmaster0_.imudf as imudf44_31_0_, itemmaster0_.impmmf as impmmf45_31_0_, itemmaster0_.imrbii as imrbii46_31_0_, itemmaster0_.imrbim as imrbim47_31_0_, itemmaster0_.imrbis as imrbis48_31_0_, itemmaster0_.imvnid as imvnid49_31_0_, itemmaster0_.imtaxpc as imtaxpc50_31_0_, itemmaster0_.imtaxsc as imtaxsc51_31_0_, itemmaster0_.iminump as iminump52_31_0_, itemmaster0_.implg as implg53_31_0_, itemmaster0_.imppl as imppl54_31_0_, itemmaster0_.imspl as imspl55_31_0_, itemmaster0_.imsnr as imsnr56_31_0_, itemmaster0_.imskty as imskty57_31_0_, itemmaster0_.imlnty as imlnty58_31_0_, itemmaster0_.imuom9 as imuom59_31_0_, itemmaster0_.imdppo as imdppo60_31_0_, itemmaster0_.imdlum as imdlum61_31_0_, itemmaster0_.imdlump as imdlump62_31_0_, itemmaster0_.imdlumt as imdlumt63_31_0_, itemmaster0_.imuom5 as imuom64_31_0_, itemmaster0_.imuom1 as imuom65_31_0_, itemmaster0_.imuom8 as imuom66_31_0_, itemmaster0_.imuom3 as imuom67_31_0_, itemmaster0_.imuom4 as imuom68_31_0_, itemmaster0_.imuom2 as imuom69_31_0_, itemmaster0_.imuom6 as imuom70_31_0_, itemmaster0_.imuoms as imuoms71_31_0_, itemmaster0_.imuomt as imuomt72_31_0_, itemmaster0_.imuomv as imuomv73_31_0_, itemmaster0_.imwcf as imwcf74_31_0_, itemmaster0_.imuomw as imuomw75_31_0_, itemmaster0_.imvict as imvict76_31_0_ from t4101 itemmaster0_ where itemmaster0_.iminum=?
Hibernate: select itemlocati0_.ilinum as ilinum2_33_0_, itemlocati0_.ilbuid as ilbuid1_33_0_, itemlocati0_.illocid as illocid3_33_0_, itemlocati0_.ilsnlot as ilsnlot4_33_0_, itemlocati0_.ilbuid as ilbuid1_33_1_, itemlocati0_.ilinum as ilinum2_33_1_, itemlocati0_.illocid as illocid3_33_1_, itemlocati0_.ilsnlot as ilsnlot4_33_1_, itemlocati0_.ilcid as ilcid5_33_1_, itemlocati0_.ildtin as ildtin6_33_1_, itemlocati0_.iltmin as iltmin7_33_1_, itemlocati0_.iluid as iluid8_33_1_, itemlocati0_.ildtlu as ildtlu9_33_1_, itemlocati0_.iltmlu as iltmlu10_33_1_, itemlocati0_.iluidm as iluidm11_33_1_, itemlocati0_.ildtlt as ildtlt12_33_1_, itemlocati0_.ilexpdt as ilexpdt13_33_1_, itemlocati0_.ilglcls as ilglcls14_33_1_, itemlocati0_.illocst as illocst15_33_1_, itemlocati0_.illsc as illsc16_33_1_, itemlocati0_.ilpqoh as ilpqoh17_33_1_, itemlocati0_.ilqtib as ilqtib18_33_1_, itemlocati0_.ilqtin as ilqtin19_33_1_, itemlocati0_.ilqttr as ilqttr20_33_1_, itemlocati0_.ilqobo as ilqobo21_33_1_, itemlocati0_.ilqohc as ilqohc22_33_1_, itemlocati0_.ilqopo as ilqopo23_33_1_, itemlocati0_.ilqoso as ilqoso24_33_1_, itemlocati0_.ilqosc as ilqosc25_33_1_, itemlocati0_.ilqowo as ilqowo26_33_1_, itemlocati0_.ilqowh as ilqowh27_33_1_, itemlocati0_.ilqows as ilqows28_33_1_, itemlocati0_.ilqot1 as ilqot29_33_1_, itemlocati0_.ilqot2 as ilqot30_33_1_, itemlocati0_.ilqot3 as ilqot31_33_1_, itemlocati0_.ilqtob as ilqtob32_33_1_, itemlocati0_.ilsqoh as ilsqoh33_33_1_, itemlocati0_.ilsqpo as ilsqpo34_33_1_, itemlocati0_.ilsqso as ilsqso35_33_1_, itemlocati0_.ilsqwo as ilsqwo36_33_1_, itemlocati0_.iluom as iluom37_33_1_, itemlocati0_.iluom1 as iluom38_33_1_, itemlocati0_.iluom2 as iluom39_33_1_ from t41021 itemlocati0_ where itemlocati0_.ilinum=?
Hibernate: select lotmaster0_.ltbuid as ltbuid1_34_0_, lotmaster0_.ltinum as ltinum2_34_0_, lotmaster0_.ltsnlot as ltsnlot3_34_0_, lotmaster0_.ltcid as ltcid4_34_0_, lotmaster0_.ltdtin as ltdtin5_34_0_, lotmaster0_.lttmin as lttmin6_34_0_, lotmaster0_.ltuid as ltuid7_34_0_, lotmaster0_.ltdtlu as ltdtlu8_34_0_, lotmaster0_.lttmlu as lttmlu9_34_0_, lotmaster0_.ltuidm as ltuidm10_34_0_, lotmaster0_.ltbodt as ltbodt11_34_0_, lotmaster0_.ltbbdt as ltbbdt12_34_0_, lotmaster0_.ltcldt as ltcldt13_34_0_, lotmaster0_.ltexpdt as ltexpdt14_34_0_, lotmaster0_.ltldsc as ltldsc15_34_0_, lotmaster0_.ltledt as ltledt16_34_0_, lotmaster0_.ltlsc as ltlsc17_34_0_, lotmaster0_.ltmlot1 as ltmlot18_34_0_, lotmaster0_.ltmlot2 as ltmlot19_34_0_, lotmaster0_.ltmlot3 as ltmlot20_34_0_, lotmaster0_.ltohdt as ltohdt21_34_0_, lotmaster0_.ltsern as ltsern22_34_0_ from t4108 lotmaster0_ where lotmaster0_.ltbuid=? and lotmaster0_.ltinum=? and lotmaster0_.ltsnlot=?
Hibernate: select lotmaster0_.ltbuid as ltbuid1_34_0_, lotmaster0_.ltinum as ltinum2_34_0_, lotmaster0_.ltsnlot as ltsnlot3_34_0_, lotmaster0_.ltcid as ltcid4_34_0_, lotmaster0_.ltdtin as ltdtin5_34_0_, lotmaster0_.lttmin as lttmin6_34_0_, lotmaster0_.ltuid as ltuid7_34_0_, lotmaster0_.ltdtlu as ltdtlu8_34_0_, lotmaster0_.lttmlu as lttmlu9_34_0_, lotmaster0_.ltuidm as ltuidm10_34_0_, lotmaster0_.ltbodt as ltbodt11_34_0_, lotmaster0_.ltbbdt as ltbbdt12_34_0_, lotmaster0_.ltcldt as ltcldt13_34_0_, lotmaster0_.ltexpdt as ltexpdt14_34_0_, lotmaster0_.ltldsc as ltldsc15_34_0_, lotmaster0_.ltledt as ltledt16_34_0_, lotmaster0_.ltlsc as ltlsc17_34_0_, lotmaster0_.ltmlot1 as ltmlot18_34_0_, lotmaster0_.ltmlot2 as ltmlot19_34_0_, lotmaster0_.ltmlot3 as ltmlot20_34_0_, lotmaster0_.ltohdt as ltohdt21_34_0_, lotmaster0_.ltsern as ltsern22_34_0_ from t4108 lotmaster0_ where lotmaster0_.ltbuid=? and lotmaster0_.ltinum=? and lotmaster0_.ltsnlot=?
Hibernate: select itemmaster0_.iminum as iminum1_31_0_, itemmaster0_.imcid as imcid2_31_0_, itemmaster0_.imdtin as imdtin3_31_0_, itemmaster0_.imtmin as imtmin4_31_0_, itemmaster0_.imuid as imuid5_31_0_, itemmaster0_.imdtlu as imdtlu6_31_0_, itemmaster0_.imtmlu as imtmlu7_31_0_, itemmaster0_.imuidm as imuidm8_31_0_, itemmaster0_.iminumb as iminumb9_31_0_, itemmaster0_.imctm as imctm10_31_0_, itemmaster0_.imitc02 as imitc11_31_0_, itemmaster0_.imitc01 as imitc12_31_0_, itemmaster0_.imitc10 as imitc13_31_0_, itemmaster0_.imitc04 as imitc14_31_0_, itemmaster0_.imitc06 as imitc15_31_0_, itemmaster0_.imitc07 as imitc16_31_0_, itemmaster0_.imitc08 as imitc17_31_0_, itemmaster0_.imitc09 as imitc18_31_0_, itemmaster0_.imitc05 as imitc19_31_0_, itemmaster0_.imslrc0 as imslrc20_31_0_, itemmaster0_.imslrc1 as imslrc21_31_0_, itemmaster0_.imslrc2 as imslrc22_31_0_, itemmaster0_.imslrc3 as imslrc23_31_0_, itemmaster0_.imslrc4 as imslrc24_31_0_, itemmaster0_.imslrc5 as imslrc25_31_0_, itemmaster0_.imslrc6 as imslrc26_31_0_, itemmaster0_.imslrc7 as imslrc27_31_0_, itemmaster0_.imslrc8 as imslrc28_31_0_, itemmaster0_.imslrc9 as imslrc29_31_0_, itemmaster0_.imitc03 as imitc30_31_0_, itemmaster0_.imdesb1 as imdesb31_31_0_, itemmaster0_.imdesd1 as imdesd32_31_0_, itemmaster0_.imglcls as imglcls33_31_0_, itemmaster0_.imicl as imicl34_31_0_, itemmaster0_.imilc as imilc35_31_0_, itemmaster0_.iminums as iminums36_31_0_, itemmaster0_.imipg as imipg37_31_0_, itemmaster0_.imlsc as imlsc38_31_0_, itemmaster0_.imdaqc as imdaqc39_31_0_, itemmaster0_.imgscrt as imgscrt40_31_0_, itemmaster0_.imsiops as imsiops41_31_0_, itemmaster0_.imbpid as imbpid42_31_0_, itemmaster0_.imcsid as imcsid43_31_0_, itemmaster0_.imudf as imudf44_31_0_, itemmaster0_.impmmf as impmmf45_31_0_, itemmaster0_.imrbii as imrbii46_31_0_, itemmaster0_.imrbim as imrbim47_31_0_, itemmaster0_.imrbis as imrbis48_31_0_, itemmaster0_.imvnid as imvnid49_31_0_, itemmaster0_.imtaxpc as imtaxpc50_31_0_, itemmaster0_.imtaxsc as imtaxsc51_31_0_, itemmaster0_.iminump as iminump52_31_0_, itemmaster0_.implg as implg53_31_0_, itemmaster0_.imppl as imppl54_31_0_, itemmaster0_.imspl as imspl55_31_0_, itemmaster0_.imsnr as imsnr56_31_0_, itemmaster0_.imskty as imskty57_31_0_, itemmaster0_.imlnty as imlnty58_31_0_, itemmaster0_.imuom9 as imuom59_31_0_, itemmaster0_.imdppo as imdppo60_31_0_, itemmaster0_.imdlum as imdlum61_31_0_, itemmaster0_.imdlump as imdlump62_31_0_, itemmaster0_.imdlumt as imdlumt63_31_0_, itemmaster0_.imuom5 as imuom64_31_0_, itemmaster0_.imuom1 as imuom65_31_0_, itemmaster0_.imuom8 as imuom66_31_0_, itemmaster0_.imuom3 as imuom67_31_0_, itemmaster0_.imuom4 as imuom68_31_0_, itemmaster0_.imuom2 as imuom69_31_0_, itemmaster0_.imuom6 as imuom70_31_0_, itemmaster0_.imuoms as imuoms71_31_0_, itemmaster0_.imuomt as imuomt72_31_0_, itemmaster0_.imuomv as imuomv73_31_0_, itemmaster0_.imwcf as imwcf74_31_0_, itemmaster0_.imuomw as imuomw75_31_0_, itemmaster0_.imvict as imvict76_31_0_ from t4101 itemmaster0_ where itemmaster0_.iminum=?
Hibernate: select itemlocati0_.ilinum as ilinum2_33_0_, itemlocati0_.ilbuid as ilbuid1_33_0_, itemlocati0_.illocid as illocid3_33_0_, itemlocati0_.ilsnlot as ilsnlot4_33_0_, itemlocati0_.ilbuid as ilbuid1_33_1_, itemlocati0_.ilinum as ilinum2_33_1_, itemlocati0_.illocid as illocid3_33_1_, itemlocati0_.ilsnlot as ilsnlot4_33_1_, itemlocati0_.ilcid as ilcid5_33_1_, itemlocati0_.ildtin as ildtin6_33_1_, itemlocati0_.iltmin as iltmin7_33_1_, itemlocati0_.iluid as iluid8_33_1_, itemlocati0_.ildtlu as ildtlu9_33_1_, itemlocati0_.iltmlu as iltmlu10_33_1_, itemlocati0_.iluidm as iluidm11_33_1_, itemlocati0_.ildtlt as ildtlt12_33_1_, itemlocati0_.ilexpdt as ilexpdt13_33_1_, itemlocati0_.ilglcls as ilglcls14_33_1_, itemlocati0_.illocst as illocst15_33_1_, itemlocati0_.illsc as illsc16_33_1_, itemlocati0_.ilpqoh as ilpqoh17_33_1_, itemlocati0_.ilqtib as ilqtib18_33_1_, itemlocati0_.ilqtin as ilqtin19_33_1_, itemlocati0_.ilqttr as ilqttr20_33_1_, itemlocati0_.ilqobo as ilqobo21_33_1_, itemlocati0_.ilqohc as ilqohc22_33_1_, itemlocati0_.ilqopo as ilqopo23_33_1_, itemlocati0_.ilqoso as ilqoso24_33_1_, itemlocati0_.ilqosc as ilqosc25_33_1_, itemlocati0_.ilqowo as ilqowo26_33_1_, itemlocati0_.ilqowh as ilqowh27_33_1_, itemlocati0_.ilqows as ilqows28_33_1_, itemlocati0_.ilqot1 as ilqot29_33_1_, itemlocati0_.ilqot2 as ilqot30_33_1_, itemlocati0_.ilqot3 as ilqot31_33_1_, itemlocati0_.ilqtob as ilqtob32_33_1_, itemlocati0_.ilsqoh as ilsqoh33_33_1_, itemlocati0_.ilsqpo as ilsqpo34_33_1_, itemlocati0_.ilsqso as ilsqso35_33_1_, itemlocati0_.ilsqwo as ilsqwo36_33_1_, itemlocati0_.iluom as iluom37_33_1_, itemlocati0_.iluom1 as iluom38_33_1_, itemlocati0_.iluom2 as iluom39_33_1_ from t41021 itemlocati0_ where itemlocati0_.ilinum=?
Hibernate: select lotmaster0_.ltbuid as ltbuid1_34_0_, lotmaster0_.ltinum as ltinum2_34_0_, lotmaster0_.ltsnlot as ltsnlot3_34_0_, lotmaster0_.ltcid as ltcid4_34_0_, lotmaster0_.ltdtin as ltdtin5_34_0_, lotmaster0_.lttmin as lttmin6_34_0_, lotmaster0_.ltuid as ltuid7_34_0_, lotmaster0_.ltdtlu as ltdtlu8_34_0_, lotmaster0_.lttmlu as lttmlu9_34_0_, lotmaster0_.ltuidm as ltuidm10_34_0_, lotmaster0_.ltbodt as ltbodt11_34_0_, lotmaster0_.ltbbdt as ltbbdt12_34_0_, lotmaster0_.ltcldt as ltcldt13_34_0_, lotmaster0_.ltexpdt as ltexpdt14_34_0_, lotmaster0_.ltldsc as ltldsc15_34_0_, lotmaster0_.ltledt as ltledt16_34_0_, lotmaster0_.ltlsc as ltlsc17_34_0_, lotmaster0_.ltmlot1 as ltmlot18_34_0_, lotmaster0_.ltmlot2 as ltmlot19_34_0_, lotmaster0_.ltmlot3 as ltmlot20_34_0_, lotmaster0_.ltohdt as ltohdt21_34_0_, lotmaster0_.ltsern as ltsern22_34_0_ from t4108 lotmaster0_ where lotmaster0_.ltbuid=? and lotmaster0_.ltinum=? and lotmaster0_.ltsnlot=?
Hibernate: select lotmaster0_.ltbuid as ltbuid1_34_0_, lotmaster0_.ltinum as ltinum2_34_0_, lotmaster0_.ltsnlot as ltsnlot3_34_0_, lotmaster0_.ltcid as ltcid4_34_0_, lotmaster0_.ltdtin as ltdtin5_34_0_, lotmaster0_.lttmin as lttmin6_34_0_, lotmaster0_.ltuid as ltuid7_34_0_, lotmaster0_.ltdtlu as ltdtlu8_34_0_, lotmaster0_.lttmlu as lttmlu9_34_0_, lotmaster0_.ltuidm as ltuidm10_34_0_, lotmaster0_.ltbodt as ltbodt11_34_0_, lotmaster0_.ltbbdt as ltbbdt12_34_0_, lotmaster0_.ltcldt as ltcldt13_34_0_, lotmaster0_.ltexpdt as ltexpdt14_34_0_, lotmaster0_.ltldsc as ltldsc15_34_0_, lotmaster0_.ltledt as ltledt16_34_0_, lotmaster0_.ltlsc as ltlsc17_34_0_, lotmaster0_.ltmlot1 as ltmlot18_34_0_, lotmaster0_.ltmlot2 as ltmlot19_34_0_, lotmaster0_.ltmlot3 as ltmlot20_34_0_, lotmaster0_.ltohdt as ltohdt21_34_0_, lotmaster0_.ltsern as ltsern22_34_0_ from t4108 lotmaster0_ where lotmaster0_.ltbuid=? and lotmaster0_.ltinum=? and lotmaster0_.ltsnlot=?
Hibernate: select lotmaster0_.ltbuid as ltbuid1_34_0_, lotmaster0_.ltinum as ltinum2_34_0_, lotmaster0_.ltsnlot as ltsnlot3_34_0_, lotmaster0_.ltcid as ltcid4_34_0_, lotmaster0_.ltdtin as ltdtin5_34_0_, lotmaster0_.lttmin as lttmin6_34_0_, lotmaster0_.ltuid as ltuid7_34_0_, lotmaster0_.ltdtlu as ltdtlu8_34_0_, lotmaster0_.lttmlu as lttmlu9_34_0_, lotmaster0_.ltuidm as ltuidm10_34_0_, lotmaster0_.ltbodt as ltbodt11_34_0_, lotmaster0_.ltbbdt as ltbbdt12_34_0_, lotmaster0_.ltcldt as ltcldt13_34_0_, lotmaster0_.ltexpdt as ltexpdt14_34_0_, lotmaster0_.ltldsc as ltldsc15_34_0_, lotmaster0_.ltledt as ltledt16_34_0_, lotmaster0_.ltlsc as ltlsc17_34_0_, lotmaster0_.ltmlot1 as ltmlot18_34_0_, lotmaster0_.ltmlot2 as ltmlot19_34_0_, lotmaster0_.ltmlot3 as ltmlot20_34_0_, lotmaster0_.ltohdt as ltohdt21_34_0_, lotmaster0_.ltsern as ltsern22_34_0_ from t4108 lotmaster0_ where lotmaster0_.ltbuid=? and lotmaster0_.ltinum=? and lotmaster0_.ltsnlot=?
Hibernate: select lotmaster0_.ltbuid as ltbuid1_34_0_, lotmaster0_.ltinum as ltinum2_34_0_, lotmaster0_.ltsnlot as ltsnlot3_34_0_, lotmaster0_.ltcid as ltcid4_34_0_, lotmaster0_.ltdtin as ltdtin5_34_0_, lotmaster0_.lttmin as lttmin6_34_0_, lotmaster0_.ltuid as ltuid7_34_0_, lotmaster0_.ltdtlu as ltdtlu8_34_0_, lotmaster0_.lttmlu as lttmlu9_34_0_, lotmaster0_.ltuidm as ltuidm10_34_0_, lotmaster0_.ltbodt as ltbodt11_34_0_, lotmaster0_.ltbbdt as ltbbdt12_34_0_, lotmaster0_.ltcldt as ltcldt13_34_0_, lotmaster0_.ltexpdt as ltexpdt14_34_0_, lotmaster0_.ltldsc as ltldsc15_34_0_, lotmaster0_.ltledt as ltledt16_34_0_, lotmaster0_.ltlsc as ltlsc17_34_0_, lotmaster0_.ltmlot1 as ltmlot18_34_0_, lotmaster0_.ltmlot2 as ltmlot19_34_0_, lotmaster0_.ltmlot3 as ltmlot20_34_0_, lotmaster0_.ltohdt as ltohdt21_34_0_, lotmaster0_.ltsern as ltsern22_34_0_ from t4108 lotmaster0_ where lotmaster0_.ltbuid=? and lotmaster0_.ltinum=? and lotmaster0_.ltsnlot=?
Hibernate: select discountma0_.dudccd as dudccd1_13_0_, discountma0_.ducid as ducid2_13_0_, discountma0_.dudtin as dudtin3_13_0_, discountma0_.dutmin as dutmin4_13_0_, discountma0_.duuid as duuid5_13_0_, discountma0_.dudtlu as dudtlu6_13_0_, discountma0_.dutmlu as dutmlu7_13_0_, discountma0_.duuidm as duuidm8_13_0_, discountma0_.dudesb1 as dudesb9_13_0_, discountma0_.duamt01 as duamt10_13_0_, discountma0_.duamt02 as duamt11_13_0_, discountma0_.duamt03 as duamt12_13_0_, discountma0_.duamt04 as duamt13_13_0_, discountma0_.duamt05 as duamt14_13_0_, discountma0_.dupcn01 as dupcn15_13_0_, discountma0_.dupcn02 as dupcn16_13_0_, discountma0_.dupcn03 as dupcn17_13_0_, discountma0_.dupcn04 as dupcn18_13_0_, discountma0_.dupcn05 as dupcn19_13_0_, discountma0_.duobid as duobid20_13_0_ from t0026 discountma0_ where discountma0_.dudccd=?
Hibernate: select discountma0_.dudccd as dudccd1_13_0_, discountma0_.ducid as ducid2_13_0_, discountma0_.dudtin as dudtin3_13_0_, discountma0_.dutmin as dutmin4_13_0_, discountma0_.duuid as duuid5_13_0_, discountma0_.dudtlu as dudtlu6_13_0_, discountma0_.dutmlu as dutmlu7_13_0_, discountma0_.duuidm as duuidm8_13_0_, discountma0_.dudesb1 as dudesb9_13_0_, discountma0_.duamt01 as duamt10_13_0_, discountma0_.duamt02 as duamt11_13_0_, discountma0_.duamt03 as duamt12_13_0_, discountma0_.duamt04 as duamt13_13_0_, discountma0_.duamt05 as duamt14_13_0_, discountma0_.dupcn01 as dupcn15_13_0_, discountma0_.dupcn02 as dupcn16_13_0_, discountma0_.dupcn03 as dupcn17_13_0_, discountma0_.dupcn04 as dupcn18_13_0_, discountma0_.dupcn05 as dupcn19_13_0_, discountma0_.duobid as duobid20_13_0_ from t0026 discountma0_ where discountma0_.dudccd=?
Hibernate: select taxrule0_.tsefdt as tsefdt1_12_, taxrule0_.tstaxcd as tstaxcd2_12_, taxrule0_.tscid as tscid3_12_, taxrule0_.tsdtin as tsdtin4_12_, taxrule0_.tstmin as tstmin5_12_, taxrule0_.tsuid as tsuid6_12_, taxrule0_.tsdtlu as tsdtlu7_12_, taxrule0_.tstmlu as tstmlu8_12_, taxrule0_.tsuidm as tsuidm9_12_, taxrule0_.tsdesb1 as tsdesb10_12_, taxrule0_.tsdocty as tsdocty11_12_, taxrule0_.tsexpdt as tsexpdt12_12_, taxrule0_.tstaxal as tstaxal13_12_, taxrule0_.tstaxau1 as tstaxau14_12_, taxrule0_.tstaxau2 as tstaxau15_12_, taxrule0_.tstaxau3 as tstaxau16_12_, taxrule0_.tstaxau4 as tstaxau17_12_, taxrule0_.tstaxau5 as tstaxau18_12_, taxrule0_.tstaxcl1 as tstaxcl19_12_, taxrule0_.tstaxcl2 as tstaxcl20_12_, taxrule0_.tstaxcl3 as tstaxcl21_12_, taxrule0_.tstaxcl4 as tstaxcl22_12_, taxrule0_.tstaxcl5 as tstaxcl23_12_, taxrule0_.tspcn01 as tspcn24_12_, taxrule0_.tspcn02 as tspcn25_12_, taxrule0_.tspcn03 as tspcn26_12_, taxrule0_.tspcn04 as tspcn27_12_, taxrule0_.tspcn05 as tspcn28_12_ from t0025 taxrule0_ where taxrule0_.tstaxcd=? and taxrule0_.tsefdt<=? and taxrule0_.tsexpdt>? order by taxrule0_.tsefdt asc offset 0 rows fetch next ? rows only
Hibernate: select purchaseor0_.ohcoid as ohcoid1_39_1_, purchaseor0_.ohdocono as ohdocono2_39_1_, purchaseor0_.ohdocoty as ohdocoty3_39_1_, purchaseor0_.ohcid as ohcid4_39_1_, purchaseor0_.ohdtin as ohdtin5_39_1_, purchaseor0_.ohtmin as ohtmin6_39_1_, purchaseor0_.ohuid as ohuid7_39_1_, purchaseor0_.ohdtlu as ohdtlu8_39_1_, purchaseor0_.ohtmlu as ohtmlu9_39_1_, purchaseor0_.ohuidm as ohuidm10_39_1_, purchaseor0_.ohaprcd as ohaprcd11_39_1_, purchaseor0_.ohcrcb as ohcrcb12_39_1_, purchaseor0_.ohbuid as ohbuid13_39_1_, purchaseor0_.ohcldt as ohcldt14_39_1_, purchaseor0_.ohcot as ohcot15_39_1_, purchaseor0_.ohcsid as ohcsid16_39_1_, purchaseor0_.ohdesb1 as ohdesb17_39_1_, purchaseor0_.ohdccd as ohdccd18_39_1_, purchaseor0_.ohdcrt as ohdcrt19_39_1_, purchaseor0_.ohexcrt as ohexcrt20_39_1_, purchaseor0_.ohgldt as ohgldt21_39_1_, purchaseor0_.ohidd as ohidd22_39_1_, purchaseor0_.ohidn as ohidn23_39_1_, purchaseor0_.ohlst as ohlst24_39_1_, purchaseor0_.ohnst as ohnst25_39_1_, purchaseor0_.ohobid as ohobid26_39_1_, purchaseor0_.ohordt as ohordt27_39_1_, purchaseor0_.ohptc as ohptc28_39_1_, purchaseor0_.ohpoa as ohpoa29_39_1_, purchaseor0_.ohpod as ohpod30_39_1_, purchaseor0_.ohpjid as ohpjid31_39_1_, purchaseor0_.ohpddt as ohpddt32_39_1_, purchaseor0_.ohrcdt as ohrcdt33_39_1_, purchaseor0_.ohstid as ohstid34_39_1_, purchaseor0_.ohrqdt as ohrqdt35_39_1_, purchaseor0_.ohtaxal as ohtaxal36_39_1_, purchaseor0_.ohtaxcd as ohtaxcd37_39_1_, purchaseor0_.ohtaxrt as ohtaxrt38_39_1_, purchaseor0_.ohcrct as ohcrct39_39_1_, purchaseor0_.ohdesc1 as ohdesc40_39_1_, purchaseor0_.ohdesc2 as ohdesc41_39_1_, purchaseor0_.ohvhrn as ohvhrn42_39_1_, purchaseor0_.ohvhty as ohvhty43_39_1_, purchaseor0_.ohvnid as ohvnid44_39_1_, details1_.odcoid as odcoid1_40_3_, details1_.oddocono as oddocono2_40_3_, details1_.oddocoty as oddocoty4_40_3_, details1_.oddocosq as oddocosq3_40_3_, details1_.odcoid as odcoid1_40_0_, details1_.oddocono as oddocono2_40_0_, details1_.oddocosq as oddocosq3_40_0_, details1_.oddocoty as oddocoty4_40_0_, details1_.odcid as odcid5_40_0_, details1_.oddtin as oddtin6_40_0_, details1_.odtmin as odtmin7_40_0_, details1_.oduid as oduid8_40_0_, details1_.oddtlu as oddtlu9_40_0_, details1_.odtmlu as odtmlu10_40_0_, details1_.oduidm as oduidm11_40_0_, details1_.odacid as odacid12_40_0_, details1_.odaprcd as odaprcd13_40_0_, details1_.odcrcb as odcrcb14_40_0_, details1_.oditc02 as oditc15_40_0_, details1_.odbuid as odbuid16_40_0_, details1_.odqtycl as odqtycl17_40_0_, details1_.oditc01 as oditc18_40_0_, details1_.odcldt as odcldt19_40_0_, details1_.odcsid as odcsid20_40_0_, details1_.oddccd as oddccd21_40_0_, details1_.oddcrt as oddcrt22_40_0_, details1_.odexcrt as odexcrt23_40_0_, details1_.odexcost as odexcos24_40_0_, details1_.odqtyx as odqtyx25_40_0_, details1_.oducfx as oducfx26_40_0_, details1_.oduncostx as oduncos27_40_0_, details1_.oduomx as oduomx28_40_0_, details1_.odfec as odfec29_40_0_, details1_.odfta as odfta30_40_0_, details1_.odftb as odftb31_40_0_, details1_.odfuc as odfuc32_40_0_, details1_.odglcls as odglcls33_40_0_, details1_.odgldt as odgldt34_40_0_, details1_.odir02 as odir35_40_0_, details1_.odir01 as odir36_40_0_, details1_.odir03 as odir37_40_0_, details1_.odinum as odinum38_40_0_, details1_.oddesb1 as oddesb39_40_0_, details1_.oditc05 as oditc40_40_0_, details1_.odlst as odlst41_40_0_, details1_.odlnty as odlnty42_40_0_, details1_.odlocid as odlocid43_40_0_, details1_.odnst as odnst44_40_0_, details1_.odobid as odobid45_40_0_, details1_.odqtyop as odqtyop46_40_0_, details1_.odordt as odordt47_40_0_, details1_.odqtyor as odqtyor48_40_0_, details1_.odott as odott49_40_0_, details1_.odordocdt as odordoc50_40_0_, details1_.odordocno as odordoc51_40_0_, details1_.odordocsq as odordoc52_40_0_, details1_.odordocty as odordoc53_40_0_, details1_.odptc as odptc54_40_0_, details1_.odpqor as odpqor55_40_0_, details1_.oduom1 as oduom56_40_0_, details1_.odpjid as odpjid57_40_0_, details1_.odpddt as odpddt58_40_0_, details1_.odpo03 as odpo59_40_0_, details1_.odpo01 as odpo60_40_0_, details1_.odpo02 as odpo61_40_0_, details1_.odqty as odqty62_40_0_, details1_.odrcdt as odrcdt63_40_0_, details1_.odqtyrc as odqtyrc64_40_0_, details1_.odstid as odstid65_40_0_, details1_.odvr04 as odvr66_40_0_, details1_.odvr01 as odvr67_40_0_, details1_.odvr03 as odvr68_40_0_, details1_.odvr05 as odvr69_40_0_, details1_.odvr02 as odvr70_40_0_, details1_.odrldocno as odrldoc71_40_0_, details1_.odrldocsq as odrldoc72_40_0_, details1_.odrldocty as odrldoc73_40_0_, details1_.odrqdt as odrqdt74_40_0_, details1_.odqtyrn as odqtyrn75_40_0_, details1_.odsqor as odsqor76_40_0_, details1_.oduom2 as oduom77_40_0_, details1_.odsnlot as odsnlot78_40_0_, details1_.odtaxal as odtaxal79_40_0_, details1_.odtaxam as odtaxam80_40_0_, details1_.odtaxab as odtaxab81_40_0_, details1_.odtaxcd as odtaxcd82_40_0_, details1_.odtaxrt as odtaxrt83_40_0_, details1_.odcrct as odcrct84_40_0_, details1_.oditc03 as oditc85_40_0_, details1_.oducf as oducf86_40_0_, details1_.oduncost as oduncos87_40_0_, details1_.odudc as odudc88_40_0_, details1_.odudf as odudf89_40_0_, details1_.oduom as oduom90_40_0_, details1_.odvnid as odvnid91_40_0_ from t4301 purchaseor0_ left outer join t4311 details1_ on purchaseor0_.ohcoid=details1_.odcoid and purchaseor0_.ohdocono=details1_.oddocono and purchaseor0_.ohdocoty=details1_.oddocoty where purchaseor0_.ohcoid=? and purchaseor0_.ohdocono=? and purchaseor0_.ohdocoty=?
Hibernate: select purchasede0_.odcoid as odcoid1_40_0_, purchasede0_.oddocono as oddocono2_40_0_, purchasede0_.oddocosq as oddocosq3_40_0_, purchasede0_.oddocoty as oddocoty4_40_0_, purchasede0_.odcid as odcid5_40_0_, purchasede0_.oddtin as oddtin6_40_0_, purchasede0_.odtmin as odtmin7_40_0_, purchasede0_.oduid as oduid8_40_0_, purchasede0_.oddtlu as oddtlu9_40_0_, purchasede0_.odtmlu as odtmlu10_40_0_, purchasede0_.oduidm as oduidm11_40_0_, purchasede0_.odacid as odacid12_40_0_, purchasede0_.odaprcd as odaprcd13_40_0_, purchasede0_.odcrcb as odcrcb14_40_0_, purchasede0_.oditc02 as oditc15_40_0_, purchasede0_.odbuid as odbuid16_40_0_, purchasede0_.odqtycl as odqtycl17_40_0_, purchasede0_.oditc01 as oditc18_40_0_, purchasede0_.odcldt as odcldt19_40_0_, purchasede0_.odcsid as odcsid20_40_0_, purchasede0_.oddccd as oddccd21_40_0_, purchasede0_.oddcrt as oddcrt22_40_0_, purchasede0_.odexcrt as odexcrt23_40_0_, purchasede0_.odexcost as odexcos24_40_0_, purchasede0_.odqtyx as odqtyx25_40_0_, purchasede0_.oducfx as oducfx26_40_0_, purchasede0_.oduncostx as oduncos27_40_0_, purchasede0_.oduomx as oduomx28_40_0_, purchasede0_.odfec as odfec29_40_0_, purchasede0_.odfta as odfta30_40_0_, purchasede0_.odftb as odftb31_40_0_, purchasede0_.odfuc as odfuc32_40_0_, purchasede0_.odglcls as odglcls33_40_0_, purchasede0_.odgldt as odgldt34_40_0_, purchasede0_.odir02 as odir35_40_0_, purchasede0_.odir01 as odir36_40_0_, purchasede0_.odir03 as odir37_40_0_, purchasede0_.odinum as odinum38_40_0_, purchasede0_.oddesb1 as oddesb39_40_0_, purchasede0_.oditc05 as oditc40_40_0_, purchasede0_.odlst as odlst41_40_0_, purchasede0_.odlnty as odlnty42_40_0_, purchasede0_.odlocid as odlocid43_40_0_, purchasede0_.odnst as odnst44_40_0_, purchasede0_.odobid as odobid45_40_0_, purchasede0_.odqtyop as odqtyop46_40_0_, purchasede0_.odordt as odordt47_40_0_, purchasede0_.odqtyor as odqtyor48_40_0_, purchasede0_.odott as odott49_40_0_, purchasede0_.odordocdt as odordoc50_40_0_, purchasede0_.odordocno as odordoc51_40_0_, purchasede0_.odordocsq as odordoc52_40_0_, purchasede0_.odordocty as odordoc53_40_0_, purchasede0_.odptc as odptc54_40_0_, purchasede0_.odpqor as odpqor55_40_0_, purchasede0_.oduom1 as oduom56_40_0_, purchasede0_.odpjid as odpjid57_40_0_, purchasede0_.odpddt as odpddt58_40_0_, purchasede0_.odpo03 as odpo59_40_0_, purchasede0_.odpo01 as odpo60_40_0_, purchasede0_.odpo02 as odpo61_40_0_, purchasede0_.odqty as odqty62_40_0_, purchasede0_.odrcdt as odrcdt63_40_0_, purchasede0_.odqtyrc as odqtyrc64_40_0_, purchasede0_.odstid as odstid65_40_0_, purchasede0_.odvr04 as odvr66_40_0_, purchasede0_.odvr01 as odvr67_40_0_, purchasede0_.odvr03 as odvr68_40_0_, purchasede0_.odvr05 as odvr69_40_0_, purchasede0_.odvr02 as odvr70_40_0_, purchasede0_.odrldocno as odrldoc71_40_0_, purchasede0_.odrldocsq as odrldoc72_40_0_, purchasede0_.odrldocty as odrldoc73_40_0_, purchasede0_.odrqdt as odrqdt74_40_0_, purchasede0_.odqtyrn as odqtyrn75_40_0_, purchasede0_.odsqor as odsqor76_40_0_, purchasede0_.oduom2 as oduom77_40_0_, purchasede0_.odsnlot as odsnlot78_40_0_, purchasede0_.odtaxal as odtaxal79_40_0_, purchasede0_.odtaxam as odtaxam80_40_0_, purchasede0_.odtaxab as odtaxab81_40_0_, purchasede0_.odtaxcd as odtaxcd82_40_0_, purchasede0_.odtaxrt as odtaxrt83_40_0_, purchasede0_.odcrct as odcrct84_40_0_, purchasede0_.oditc03 as oditc85_40_0_, purchasede0_.oducf as oducf86_40_0_, purchasede0_.oduncost as oduncos87_40_0_, purchasede0_.odudc as odudc88_40_0_, purchasede0_.odudf as odudf89_40_0_, purchasede0_.oduom as oduom90_40_0_, purchasede0_.odvnid as odvnid91_40_0_ from t4311 purchasede0_ where purchasede0_.odcoid=? and purchasede0_.oddocono=? and purchasede0_.oddocosq=? and purchasede0_.oddocoty=?
Hibernate: select purchasede0_.odcoid as odcoid1_40_0_, purchasede0_.oddocono as oddocono2_40_0_, purchasede0_.oddocosq as oddocosq3_40_0_, purchasede0_.oddocoty as oddocoty4_40_0_, purchasede0_.odcid as odcid5_40_0_, purchasede0_.oddtin as oddtin6_40_0_, purchasede0_.odtmin as odtmin7_40_0_, purchasede0_.oduid as oduid8_40_0_, purchasede0_.oddtlu as oddtlu9_40_0_, purchasede0_.odtmlu as odtmlu10_40_0_, purchasede0_.oduidm as oduidm11_40_0_, purchasede0_.odacid as odacid12_40_0_, purchasede0_.odaprcd as odaprcd13_40_0_, purchasede0_.odcrcb as odcrcb14_40_0_, purchasede0_.oditc02 as oditc15_40_0_, purchasede0_.odbuid as odbuid16_40_0_, purchasede0_.odqtycl as odqtycl17_40_0_, purchasede0_.oditc01 as oditc18_40_0_, purchasede0_.odcldt as odcldt19_40_0_, purchasede0_.odcsid as odcsid20_40_0_, purchasede0_.oddccd as oddccd21_40_0_, purchasede0_.oddcrt as oddcrt22_40_0_, purchasede0_.odexcrt as odexcrt23_40_0_, purchasede0_.odexcost as odexcos24_40_0_, purchasede0_.odqtyx as odqtyx25_40_0_, purchasede0_.oducfx as oducfx26_40_0_, purchasede0_.oduncostx as oduncos27_40_0_, purchasede0_.oduomx as oduomx28_40_0_, purchasede0_.odfec as odfec29_40_0_, purchasede0_.odfta as odfta30_40_0_, purchasede0_.odftb as odftb31_40_0_, purchasede0_.odfuc as odfuc32_40_0_, purchasede0_.odglcls as odglcls33_40_0_, purchasede0_.odgldt as odgldt34_40_0_, purchasede0_.odir02 as odir35_40_0_, purchasede0_.odir01 as odir36_40_0_, purchasede0_.odir03 as odir37_40_0_, purchasede0_.odinum as odinum38_40_0_, purchasede0_.oddesb1 as oddesb39_40_0_, purchasede0_.oditc05 as oditc40_40_0_, purchasede0_.odlst as odlst41_40_0_, purchasede0_.odlnty as odlnty42_40_0_, purchasede0_.odlocid as odlocid43_40_0_, purchasede0_.odnst as odnst44_40_0_, purchasede0_.odobid as odobid45_40_0_, purchasede0_.odqtyop as odqtyop46_40_0_, purchasede0_.odordt as odordt47_40_0_, purchasede0_.odqtyor as odqtyor48_40_0_, purchasede0_.odott as odott49_40_0_, purchasede0_.odordocdt as odordoc50_40_0_, purchasede0_.odordocno as odordoc51_40_0_, purchasede0_.odordocsq as odordoc52_40_0_, purchasede0_.odordocty as odordoc53_40_0_, purchasede0_.odptc as odptc54_40_0_, purchasede0_.odpqor as odpqor55_40_0_, purchasede0_.oduom1 as oduom56_40_0_, purchasede0_.odpjid as odpjid57_40_0_, purchasede0_.odpddt as odpddt58_40_0_, purchasede0_.odpo03 as odpo59_40_0_, purchasede0_.odpo01 as odpo60_40_0_, purchasede0_.odpo02 as odpo61_40_0_, purchasede0_.odqty as odqty62_40_0_, purchasede0_.odrcdt as odrcdt63_40_0_, purchasede0_.odqtyrc as odqtyrc64_40_0_, purchasede0_.odstid as odstid65_40_0_, purchasede0_.odvr04 as odvr66_40_0_, purchasede0_.odvr01 as odvr67_40_0_, purchasede0_.odvr03 as odvr68_40_0_, purchasede0_.odvr05 as odvr69_40_0_, purchasede0_.odvr02 as odvr70_40_0_, purchasede0_.odrldocno as odrldoc71_40_0_, purchasede0_.odrldocsq as odrldoc72_40_0_, purchasede0_.odrldocty as odrldoc73_40_0_, purchasede0_.odrqdt as odrqdt74_40_0_, purchasede0_.odqtyrn as odqtyrn75_40_0_, purchasede0_.odsqor as odsqor76_40_0_, purchasede0_.oduom2 as oduom77_40_0_, purchasede0_.odsnlot as odsnlot78_40_0_, purchasede0_.odtaxal as odtaxal79_40_0_, purchasede0_.odtaxam as odtaxam80_40_0_, purchasede0_.odtaxab as odtaxab81_40_0_, purchasede0_.odtaxcd as odtaxcd82_40_0_, purchasede0_.odtaxrt as odtaxrt83_40_0_, purchasede0_.odcrct as odcrct84_40_0_, purchasede0_.oditc03 as oditc85_40_0_, purchasede0_.oducf as oducf86_40_0_, purchasede0_.oduncost as oduncos87_40_0_, purchasede0_.odudc as odudc88_40_0_, purchasede0_.odudf as odudf89_40_0_, purchasede0_.oduom as oduom90_40_0_, purchasede0_.odvnid as odvnid91_40_0_ from t4311 purchasede0_ where purchasede0_.odcoid=? and purchasede0_.oddocono=? and purchasede0_.oddocosq=? and purchasede0_.oddocoty=?
Hibernate: select purchasede0_.odcoid as odcoid1_40_0_, purchasede0_.oddocono as oddocono2_40_0_, purchasede0_.oddocosq as oddocosq3_40_0_, purchasede0_.oddocoty as oddocoty4_40_0_, purchasede0_.odcid as odcid5_40_0_, purchasede0_.oddtin as oddtin6_40_0_, purchasede0_.odtmin as odtmin7_40_0_, purchasede0_.oduid as oduid8_40_0_, purchasede0_.oddtlu as oddtlu9_40_0_, purchasede0_.odtmlu as odtmlu10_40_0_, purchasede0_.oduidm as oduidm11_40_0_, purchasede0_.odacid as odacid12_40_0_, purchasede0_.odaprcd as odaprcd13_40_0_, purchasede0_.odcrcb as odcrcb14_40_0_, purchasede0_.oditc02 as oditc15_40_0_, purchasede0_.odbuid as odbuid16_40_0_, purchasede0_.odqtycl as odqtycl17_40_0_, purchasede0_.oditc01 as oditc18_40_0_, purchasede0_.odcldt as odcldt19_40_0_, purchasede0_.odcsid as odcsid20_40_0_, purchasede0_.oddccd as oddccd21_40_0_, purchasede0_.oddcrt as oddcrt22_40_0_, purchasede0_.odexcrt as odexcrt23_40_0_, purchasede0_.odexcost as odexcos24_40_0_, purchasede0_.odqtyx as odqtyx25_40_0_, purchasede0_.oducfx as oducfx26_40_0_, purchasede0_.oduncostx as oduncos27_40_0_, purchasede0_.oduomx as oduomx28_40_0_, purchasede0_.odfec as odfec29_40_0_, purchasede0_.odfta as odfta30_40_0_, purchasede0_.odftb as odftb31_40_0_, purchasede0_.odfuc as odfuc32_40_0_, purchasede0_.odglcls as odglcls33_40_0_, purchasede0_.odgldt as odgldt34_40_0_, purchasede0_.odir02 as odir35_40_0_, purchasede0_.odir01 as odir36_40_0_, purchasede0_.odir03 as odir37_40_0_, purchasede0_.odinum as odinum38_40_0_, purchasede0_.oddesb1 as oddesb39_40_0_, purchasede0_.oditc05 as oditc40_40_0_, purchasede0_.odlst as odlst41_40_0_, purchasede0_.odlnty as odlnty42_40_0_, purchasede0_.odlocid as odlocid43_40_0_, purchasede0_.odnst as odnst44_40_0_, purchasede0_.odobid as odobid45_40_0_, purchasede0_.odqtyop as odqtyop46_40_0_, purchasede0_.odordt as odordt47_40_0_, purchasede0_.odqtyor as odqtyor48_40_0_, purchasede0_.odott as odott49_40_0_, purchasede0_.odordocdt as odordoc50_40_0_, purchasede0_.odordocno as odordoc51_40_0_, purchasede0_.odordocsq as odordoc52_40_0_, purchasede0_.odordocty as odordoc53_40_0_, purchasede0_.odptc as odptc54_40_0_, purchasede0_.odpqor as odpqor55_40_0_, purchasede0_.oduom1 as oduom56_40_0_, purchasede0_.odpjid as odpjid57_40_0_, purchasede0_.odpddt as odpddt58_40_0_, purchasede0_.odpo03 as odpo59_40_0_, purchasede0_.odpo01 as odpo60_40_0_, purchasede0_.odpo02 as odpo61_40_0_, purchasede0_.odqty as odqty62_40_0_, purchasede0_.odrcdt as odrcdt63_40_0_, purchasede0_.odqtyrc as odqtyrc64_40_0_, purchasede0_.odstid as odstid65_40_0_, purchasede0_.odvr04 as odvr66_40_0_, purchasede0_.odvr01 as odvr67_40_0_, purchasede0_.odvr03 as odvr68_40_0_, purchasede0_.odvr05 as odvr69_40_0_, purchasede0_.odvr02 as odvr70_40_0_, purchasede0_.odrldocno as odrldoc71_40_0_, purchasede0_.odrldocsq as odrldoc72_40_0_, purchasede0_.odrldocty as odrldoc73_40_0_, purchasede0_.odrqdt as odrqdt74_40_0_, purchasede0_.odqtyrn as odqtyrn75_40_0_, purchasede0_.odsqor as odsqor76_40_0_, purchasede0_.oduom2 as oduom77_40_0_, purchasede0_.odsnlot as odsnlot78_40_0_, purchasede0_.odtaxal as odtaxal79_40_0_, purchasede0_.odtaxam as odtaxam80_40_0_, purchasede0_.odtaxab as odtaxab81_40_0_, purchasede0_.odtaxcd as odtaxcd82_40_0_, purchasede0_.odtaxrt as odtaxrt83_40_0_, purchasede0_.odcrct as odcrct84_40_0_, purchasede0_.oditc03 as oditc85_40_0_, purchasede0_.oducf as oducf86_40_0_, purchasede0_.oduncost as oduncos87_40_0_, purchasede0_.odudc as odudc88_40_0_, purchasede0_.odudf as odudf89_40_0_, purchasede0_.oduom as oduom90_40_0_, purchasede0_.odvnid as odvnid91_40_0_ from t4311 purchasede0_ where purchasede0_.odcoid=? and purchasede0_.oddocono=? and purchasede0_.oddocosq=? and purchasede0_.oddocoty=?
Hibernate: insert into t4301 (ohcid, ohdtin, ohtmin, ohuid, ohdtlu, ohtmlu, ohuidm, ohaprcd, ohcrcb, ohbuid, ohcldt, ohcot, ohcsid, ohdesb1, ohdccd, ohdcrt, ohexcrt, ohgldt, ohidd, ohidn, ohlst, ohnst, ohobid, ohordt, ohptc, ohpoa, ohpod, ohpjid, ohpddt, ohrcdt, ohstid, ohrqdt, ohtaxal, ohtaxcd, ohtaxrt, ohcrct, ohdesc1, ohdesc2, ohvhrn, ohvhty, ohvnid, ohcoid, ohdocono, ohdocoty) values (?, ?, ?, ?, ?, ?, ?, ?, ?, ?, ?, ?, ?, ?, ?, ?, ?, ?, ?, ?, ?, ?, ?, ?, ?, ?, ?, ?, ?, ?, ?, ?, ?, ?, ?, ?, ?, ?, ?, ?, ?, ?, ?, ?)
Hibernate: insert into t4311 (odcid, oddtin, odtmin, oduid, oddtlu, odtmlu, oduidm, odacid, odaprcd, odcrcb, oditc02, odbuid, odqtycl, oditc01, odcldt, odcsid, oddccd, oddcrt, odexcrt, odexcost, odqtyx, oducfx, oduncostx, oduomx, odfec, odfta, odftb, odfuc, odglcls, odgldt, odir02, odir01, odir03, odinum, oddesb1, oditc05, odlst, odlnty, odlocid, odnst, odobid, odqtyop, odordt, odqtyor, odott, odordocdt, odordocno, odordocsq, odordocty, odptc, odpqor, oduom1, odpjid, odpddt, odpo03, odpo01, odpo02, odqty, odrcdt, odqtyrc, odstid, odvr04, odvr01, odvr03, odvr05, odvr02, odrldocno, odrldocsq, odrldocty, odrqdt, odqtyrn, odsqor, oduom2, odsnlot, odtaxal, odtaxam, odtaxab, odtaxcd, odtaxrt, odcrct, oditc03, oducf, oduncost, odudc, odudf, oduom, odvnid, odcoid, oddocono, oddocosq, oddocoty) values (?, ?, ?, ?, ?, ?, ?, ?, ?, ?, ?, ?, ?, ?, ?, ?, ?, ?, ?, ?, ?, ?, ?, ?, ?, ?, ?, ?, ?, ?, ?, ?, ?, ?, ?, ?, ?, ?, ?, ?, ?, ?, ?, ?, ?, ?, ?, ?, ?, ?, ?, ?, ?, ?, ?, ?, ?, ?, ?, ?, ?, ?, ?, ?, ?, ?, ?, ?, ?, ?, ?, ?, ?, ?, ?, ?, ?, ?, ?, ?, ?, ?, ?, ?, ?, ?, ?, ?, ?, ?, ?)
Hibernate: insert into t4311 (odcid, oddtin, odtmin, oduid, oddtlu, odtmlu, oduidm, odacid, odaprcd, odcrcb, oditc02, odbuid, odqtycl, oditc01, odcldt, odcsid, oddccd, oddcrt, odexcrt, odexcost, odqtyx, oducfx, oduncostx, oduomx, odfec, odfta, odftb, odfuc, odglcls, odgldt, odir02, odir01, odir03, odinum, oddesb1, oditc05, odlst, odlnty, odlocid, odnst, odobid, odqtyop, odordt, odqtyor, odott, odordocdt, odordocno, odordocsq, odordocty, odptc, odpqor, oduom1, odpjid, odpddt, odpo03, odpo01, odpo02, odqty, odrcdt, odqtyrc, odstid, odvr04, odvr01, odvr03, odvr05, odvr02, odrldocno, odrldocsq, odrldocty, odrqdt, odqtyrn, odsqor, oduom2, odsnlot, odtaxal, odtaxam, odtaxab, odtaxcd, odtaxrt, odcrct, oditc03, oducf, oduncost, odudc, odudf, oduom, odvnid, odcoid, oddocono, oddocosq, oddocoty) values (?, ?, ?, ?, ?, ?, ?, ?, ?, ?, ?, ?, ?, ?, ?, ?, ?, ?, ?, ?, ?, ?, ?, ?, ?, ?, ?, ?, ?, ?, ?, ?, ?, ?, ?, ?, ?, ?, ?, ?, ?, ?, ?, ?, ?, ?, ?, ?, ?, ?, ?, ?, ?, ?, ?, ?, ?, ?, ?, ?, ?, ?, ?, ?, ?, ?, ?, ?, ?, ?, ?, ?, ?, ?, ?, ?, ?, ?, ?, ?, ?, ?, ?, ?, ?, ?, ?, ?, ?, ?, ?)
Hibernate: insert into t4311 (odcid, oddtin, odtmin, oduid, oddtlu, odtmlu, oduidm, odacid, odaprcd, odcrcb, oditc02, odbuid, odqtycl, oditc01, odcldt, odcsid, oddccd, oddcrt, odexcrt, odexcost, odqtyx, oducfx, oduncostx, oduomx, odfec, odfta, odftb, odfuc, odglcls, odgldt, odir02, odir01, odir03, odinum, oddesb1, oditc05, odlst, odlnty, odlocid, odnst, odobid, odqtyop, odordt, odqtyor, odott, odordocdt, odordocno, odordocsq, odordocty, odptc, odpqor, oduom1, odpjid, odpddt, odpo03, odpo01, odpo02, odqty, odrcdt, odqtyrc, odstid, odvr04, odvr01, odvr03, odvr05, odvr02, odrldocno, odrldocsq, odrldocty, odrqdt, odqtyrn, odsqor, oduom2, odsnlot, odtaxal, odtaxam, odtaxab, odtaxcd, odtaxrt, odcrct, oditc03, oducf, oduncost, odudc, odudf, oduom, odvnid, odcoid, oddocono, oddocosq, oddocoty) values (?, ?, ?, ?, ?, ?, ?, ?, ?, ?, ?, ?, ?, ?, ?, ?, ?, ?, ?, ?, ?, ?, ?, ?, ?, ?, ?, ?, ?, ?, ?, ?, ?, ?, ?, ?, ?, ?, ?, ?, ?, ?, ?, ?, ?, ?, ?, ?, ?, ?, ?, ?, ?, ?, ?, ?, ?, ?, ?, ?, ?, ?, ?, ?, ?, ?, ?, ?, ?, ?, ?, ?, ?, ?, ?, ?, ?, ?, ?, ?, ?, ?, ?, ?, ?, ?, ?, ?, ?, ?, ?)
Hibernate: select purchaseor0_.ohcoid as ohcoid1_39_0_, purchaseor0_.ohdocono as ohdocono2_39_0_, purchaseor0_.ohdocoty as ohdocoty3_39_0_, purchaseor0_.ohcid as ohcid4_39_0_, purchaseor0_.ohdtin as ohdtin5_39_0_, purchaseor0_.ohtmin as ohtmin6_39_0_, purchaseor0_.ohuid as ohuid7_39_0_, purchaseor0_.ohdtlu as ohdtlu8_39_0_, purchaseor0_.ohtmlu as ohtmlu9_39_0_, purchaseor0_.ohuidm as ohuidm10_39_0_, purchaseor0_.ohaprcd as ohaprcd11_39_0_, purchaseor0_.ohcrcb as ohcrcb12_39_0_, purchaseor0_.ohbuid as ohbuid13_39_0_, purchaseor0_.ohcldt as ohcldt14_39_0_, purchaseor0_.ohcot as ohcot15_39_0_, purchaseor0_.ohcsid as ohcsid16_39_0_, purchaseor0_.ohdesb1 as ohdesb17_39_0_, purchaseor0_.ohdccd as ohdccd18_39_0_, purchaseor0_.ohdcrt as ohdcrt19_39_0_, purchaseor0_.ohexcrt as ohexcrt20_39_0_, purchaseor0_.ohgldt as ohgldt21_39_0_, purchaseor0_.ohidd as ohidd22_39_0_, purchaseor0_.ohidn as ohidn23_39_0_, purchaseor0_.ohlst as ohlst24_39_0_, purchaseor0_.ohnst as ohnst25_39_0_, purchaseor0_.ohobid as ohobid26_39_0_, purchaseor0_.ohordt as ohordt27_39_0_, purchaseor0_.ohptc as ohptc28_39_0_, purchaseor0_.ohpoa as ohpoa29_39_0_, purchaseor0_.ohpod as ohpod30_39_0_, purchaseor0_.ohpjid as ohpjid31_39_0_, purchaseor0_.ohpddt as ohpddt32_39_0_, purchaseor0_.ohrcdt as ohrcdt33_39_0_, purchaseor0_.ohstid as ohstid34_39_0_, purchaseor0_.ohrqdt as ohrqdt35_39_0_, purchaseor0_.ohtaxal as ohtaxal36_39_0_, purchaseor0_.ohtaxcd as ohtaxcd37_39_0_, purchaseor0_.ohtaxrt as ohtaxrt38_39_0_, purchaseor0_.ohcrct as ohcrct39_39_0_, purchaseor0_.ohdesc1 as ohdesc40_39_0_, purchaseor0_.ohdesc2 as ohdesc41_39_0_, purchaseor0_.ohvhrn as ohvhrn42_39_0_, purchaseor0_.ohvhty as ohvhty43_39_0_, purchaseor0_.ohvnid as ohvnid44_39_0_ from t4301 purchaseor0_ where purchaseor0_.ohcoid=? and purchaseor0_.ohdocono=? and purchaseor0_.ohdocoty=?
Hibernate: select details0_.odcoid as odcoid1_40_0_, details0_.oddocono as oddocono2_40_0_, details0_.oddocoty as oddocoty4_40_0_, details0_.oddocosq as oddocosq3_40_0_, details0_.odcoid as odcoid1_40_1_, details0_.oddocono as oddocono2_40_1_, details0_.oddocosq as oddocosq3_40_1_, details0_.oddocoty as oddocoty4_40_1_, details0_.odcid as odcid5_40_1_, details0_.oddtin as oddtin6_40_1_, details0_.odtmin as odtmin7_40_1_, details0_.oduid as oduid8_40_1_, details0_.oddtlu as oddtlu9_40_1_, details0_.odtmlu as odtmlu10_40_1_, details0_.oduidm as oduidm11_40_1_, details0_.odacid as odacid12_40_1_, details0_.odaprcd as odaprcd13_40_1_, details0_.odcrcb as odcrcb14_40_1_, details0_.oditc02 as oditc15_40_1_, details0_.odbuid as odbuid16_40_1_, details0_.odqtycl as odqtycl17_40_1_, details0_.oditc01 as oditc18_40_1_, details0_.odcldt as odcldt19_40_1_, details0_.odcsid as odcsid20_40_1_, details0_.oddccd as oddccd21_40_1_, details0_.oddcrt as oddcrt22_40_1_, details0_.odexcrt as odexcrt23_40_1_, details0_.odexcost as odexcos24_40_1_, details0_.odqtyx as odqtyx25_40_1_, details0_.oducfx as oducfx26_40_1_, details0_.oduncostx as oduncos27_40_1_, details0_.oduomx as oduomx28_40_1_, details0_.odfec as odfec29_40_1_, details0_.odfta as odfta30_40_1_, details0_.odftb as odftb31_40_1_, details0_.odfuc as odfuc32_40_1_, details0_.odglcls as odglcls33_40_1_, details0_.odgldt as odgldt34_40_1_, details0_.odir02 as odir35_40_1_, details0_.odir01 as odir36_40_1_, details0_.odir03 as odir37_40_1_, details0_.odinum as odinum38_40_1_, details0_.oddesb1 as oddesb39_40_1_, details0_.oditc05 as oditc40_40_1_, details0_.odlst as odlst41_40_1_, details0_.odlnty as odlnty42_40_1_, details0_.odlocid as odlocid43_40_1_, details0_.odnst as odnst44_40_1_, details0_.odobid as odobid45_40_1_, details0_.odqtyop as odqtyop46_40_1_, details0_.odordt as odordt47_40_1_, details0_.odqtyor as odqtyor48_40_1_, details0_.odott as odott49_40_1_, details0_.odordocdt as odordoc50_40_1_, details0_.odordocno as odordoc51_40_1_, details0_.odordocsq as odordoc52_40_1_, details0_.odordocty as odordoc53_40_1_, details0_.odptc as odptc54_40_1_, details0_.odpqor as odpqor55_40_1_, details0_.oduom1 as oduom56_40_1_, details0_.odpjid as odpjid57_40_1_, details0_.odpddt as odpddt58_40_1_, details0_.odpo03 as odpo59_40_1_, details0_.odpo01 as odpo60_40_1_, details0_.odpo02 as odpo61_40_1_, details0_.odqty as odqty62_40_1_, details0_.odrcdt as odrcdt63_40_1_, details0_.odqtyrc as odqtyrc64_40_1_, details0_.odstid as odstid65_40_1_, details0_.odvr04 as odvr66_40_1_, details0_.odvr01 as odvr67_40_1_, details0_.odvr03 as odvr68_40_1_, details0_.odvr05 as odvr69_40_1_, details0_.odvr02 as odvr70_40_1_, details0_.odrldocno as odrldoc71_40_1_, details0_.odrldocsq as odrldoc72_40_1_, details0_.odrldocty as odrldoc73_40_1_, details0_.odrqdt as odrqdt74_40_1_, details0_.odqtyrn as odqtyrn75_40_1_, details0_.odsqor as odsqor76_40_1_, details0_.oduom2 as oduom77_40_1_, details0_.odsnlot as odsnlot78_40_1_, details0_.odtaxal as odtaxal79_40_1_, details0_.odtaxam as odtaxam80_40_1_, details0_.odtaxab as odtaxab81_40_1_, details0_.odtaxcd as odtaxcd82_40_1_, details0_.odtaxrt as odtaxrt83_40_1_, details0_.odcrct as odcrct84_40_1_, details0_.oditc03 as oditc85_40_1_, details0_.oducf as oducf86_40_1_, details0_.oduncost as oduncos87_40_1_, details0_.odudc as odudc88_40_1_, details0_.odudf as odudf89_40_1_, details0_.oduom as oduom90_40_1_, details0_.odvnid as odvnid91_40_1_ from t4311 details0_ where details0_.odcoid=? and details0_.oddocono=? and details0_.oddocoty=?
Hibernate: select receipts0_.ovcoid as ovcoid1_41_0_, receipts0_.ovdocono as ovdocon53_41_0_, receipts0_.ovdocosq as ovdocos54_41_0_, receipts0_.ovdocoty as ovdocot55_41_0_, receipts0_.ovdocno as ovdocno2_41_0_, receipts0_.ovdocty as ovdocty3_41_0_, receipts0_.ovdocsq as ovdocsq4_41_0_, receipts0_.ovcoid as ovcoid1_41_1_, receipts0_.ovdocno as ovdocno2_41_1_, receipts0_.ovdocty as ovdocty3_41_1_, receipts0_.ovdocsq as ovdocsq4_41_1_, receipts0_.ovcid as ovcid5_41_1_, receipts0_.ovdtin as ovdtin6_41_1_, receipts0_.ovtmin as ovtmin7_41_1_, receipts0_.ovuid as ovuid8_41_1_, receipts0_.ovdtlu as ovdtlu9_41_1_, receipts0_.ovtmlu as ovtmlu10_41_1_, receipts0_.ovuidm as ovuidm11_41_1_, receipts0_.ovacid as ovacid12_41_1_, receipts0_.ovcrcb as ovcrcb13_41_1_, receipts0_.ovicu as ovicu14_41_1_, receipts0_.ovicut as ovicut15_41_1_, receipts0_.ovitc02 as ovitc16_41_1_, receipts0_.ovbuid as ovbuid17_41_1_, receipts0_.ovitc01 as ovitc18_41_1_, receipts0_.ovcot as ovcot19_41_1_, receipts0_.ovcnid as ovcnid20_41_1_, receipts0_.ovcsdocdt as ovcsdoc21_41_1_, receipts0_.ovcsdocno as ovcsdoc22_41_1_, receipts0_.ovurtx as ovurtx23_41_1_, receipts0_.ovdccd as ovdccd24_41_1_, receipts0_.ovdcrt as ovdcrt25_41_1_, receipts0_.ovdocdt as ovdocdt26_41_1_, receipts0_.ovexcrt as ovexcrt27_41_1_, receipts0_.ovexpdt as ovexpdt28_41_1_, receipts0_.ovexcost as ovexcos29_41_1_, receipts0_.ovfec as ovfec30_41_1_, receipts0_.ovfta as ovfta31_41_1_, receipts0_.ovftb as ovftb32_41_1_, receipts0_.ovfuc as ovfuc33_41_1_, receipts0_.ovglcls as ovglcls34_41_1_, receipts0_.ovidd as ovidd35_41_1_, receipts0_.ovidn as ovidn36_41_1_, receipts0_.ovitt as ovitt37_41_1_, receipts0_.ovdocidt as ovdocid38_41_1_, receipts0_.ovdocino as ovdocin39_41_1_, receipts0_.ovdocisq as ovdocis40_41_1_, receipts0_.ovdocity as ovdocit41_41_1_, receipts0_.ovinum as ovinum42_41_1_, receipts0_.ovdesb1 as ovdesb43_41_1_, receipts0_.ovlcrt as ovlcrt44_41_1_, receipts0_.ovitc05 as ovitc45_41_1_, receipts0_.ovlst as ovlst46_41_1_, receipts0_.ovlvla as ovlvla47_41_1_, receipts0_.ovlnty as ovlnty48_41_1_, receipts0_.ovlocid as ovlocid49_41_1_, receipts0_.ovmatc as ovmatc50_41_1_, receipts0_.ovnst as ovnst51_41_1_, receipts0_.ovobid as ovobid52_41_1_, receipts0_.ovdocono as ovdocon53_41_1_, receipts0_.ovdocosq as ovdocos54_41_1_, receipts0_.ovdocoty as ovdocot55_41_1_, receipts0_.ovordocno as ovordoc56_41_1_, receipts0_.ovordocsq as ovordoc57_41_1_, receipts0_.ovordocty as ovordoc58_41_1_, receipts0_.ovptc as ovptc59_41_1_, receipts0_.ovpoa as ovpoa60_41_1_, receipts0_.ovpod as ovpod61_41_1_, receipts0_.ovpqot as ovpqot62_41_1_, receipts0_.ovuom1 as ovuom63_41_1_, receipts0_.ovpjid as ovpjid64_41_1_, receipts0_.ovpo03 as ovpo65_41_1_, receipts0_.ovpo01 as ovpo66_41_1_, receipts0_.ovpo02 as ovpo67_41_1_, receipts0_.ovqty as ovqty68_41_1_, receipts0_.ovrcdt as ovrcdt69_41_1_, receipts0_.ovrecid as ovrecid70_41_1_, receipts0_.ovvr04 as ovvr71_41_1_, receipts0_.ovvr01 as ovvr72_41_1_, receipts0_.ovvr03 as ovvr73_41_1_, receipts0_.ovvr05 as ovvr74_41_1_, receipts0_.ovvr02 as ovvr75_41_1_, receipts0_.ovrtgc as ovrtgc76_41_1_, receipts0_.ovsqot as ovsqot77_41_1_, receipts0_.ovuom2 as ovuom78_41_1_, receipts0_.ovsnlot as ovsnlot79_41_1_, receipts0_.ovtaxal as ovtaxal80_41_1_, receipts0_.ovtaxam as ovtaxam81_41_1_, receipts0_.ovtaxab as ovtaxab82_41_1_, receipts0_.ovtaxcd as ovtaxcd83_41_1_, receipts0_.ovtaxidt as ovtaxid84_41_1_, receipts0_.ovtaxino as ovtaxin85_41_1_, receipts0_.ovtaxrt as ovtaxrt86_41_1_, receipts0_.ovcrct as ovcrct87_41_1_, receipts0_.ovitc03 as ovitc88_41_1_, receipts0_.ovucf as ovucf89_41_1_, receipts0_.ovuncost as ovuncos90_41_1_, receipts0_.ovudc as ovudc91_41_1_, receipts0_.ovudf as ovudf92_41_1_, receipts0_.ovuom as ovuom93_41_1_, receipts0_.ovvnid as ovvnid94_41_1_, receipts0_.ovinvdt as ovinvdt95_41_1_, receipts0_.ovinvno as ovinvno96_41_1_ from t4312 receipts0_ where receipts0_.ovcoid=? and receipts0_.ovdocono=? and receipts0_.ovdocosq=? and receipts0_.ovdocoty=?
Hibernate: select receipts0_.ovcoid as ovcoid1_41_0_, receipts0_.ovdocono as ovdocon53_41_0_, receipts0_.ovdocosq as ovdocos54_41_0_, receipts0_.ovdocoty as ovdocot55_41_0_, receipts0_.ovdocno as ovdocno2_41_0_, receipts0_.ovdocty as ovdocty3_41_0_, receipts0_.ovdocsq as ovdocsq4_41_0_, receipts0_.ovcoid as ovcoid1_41_1_, receipts0_.ovdocno as ovdocno2_41_1_, receipts0_.ovdocty as ovdocty3_41_1_, receipts0_.ovdocsq as ovdocsq4_41_1_, receipts0_.ovcid as ovcid5_41_1_, receipts0_.ovdtin as ovdtin6_41_1_, receipts0_.ovtmin as ovtmin7_41_1_, receipts0_.ovuid as ovuid8_41_1_, receipts0_.ovdtlu as ovdtlu9_41_1_, receipts0_.ovtmlu as ovtmlu10_41_1_, receipts0_.ovuidm as ovuidm11_41_1_, receipts0_.ovacid as ovacid12_41_1_, receipts0_.ovcrcb as ovcrcb13_41_1_, receipts0_.ovicu as ovicu14_41_1_, receipts0_.ovicut as ovicut15_41_1_, receipts0_.ovitc02 as ovitc16_41_1_, receipts0_.ovbuid as ovbuid17_41_1_, receipts0_.ovitc01 as ovitc18_41_1_, receipts0_.ovcot as ovcot19_41_1_, receipts0_.ovcnid as ovcnid20_41_1_, receipts0_.ovcsdocdt as ovcsdoc21_41_1_, receipts0_.ovcsdocno as ovcsdoc22_41_1_, receipts0_.ovurtx as ovurtx23_41_1_, receipts0_.ovdccd as ovdccd24_41_1_, receipts0_.ovdcrt as ovdcrt25_41_1_, receipts0_.ovdocdt as ovdocdt26_41_1_, receipts0_.ovexcrt as ovexcrt27_41_1_, receipts0_.ovexpdt as ovexpdt28_41_1_, receipts0_.ovexcost as ovexcos29_41_1_, receipts0_.ovfec as ovfec30_41_1_, receipts0_.ovfta as ovfta31_41_1_, receipts0_.ovftb as ovftb32_41_1_, receipts0_.ovfuc as ovfuc33_41_1_, receipts0_.ovglcls as ovglcls34_41_1_, receipts0_.ovidd as ovidd35_41_1_, receipts0_.ovidn as ovidn36_41_1_, receipts0_.ovitt as ovitt37_41_1_, receipts0_.ovdocidt as ovdocid38_41_1_, receipts0_.ovdocino as ovdocin39_41_1_, receipts0_.ovdocisq as ovdocis40_41_1_, receipts0_.ovdocity as ovdocit41_41_1_, receipts0_.ovinum as ovinum42_41_1_, receipts0_.ovdesb1 as ovdesb43_41_1_, receipts0_.ovlcrt as ovlcrt44_41_1_, receipts0_.ovitc05 as ovitc45_41_1_, receipts0_.ovlst as ovlst46_41_1_, receipts0_.ovlvla as ovlvla47_41_1_, receipts0_.ovlnty as ovlnty48_41_1_, receipts0_.ovlocid as ovlocid49_41_1_, receipts0_.ovmatc as ovmatc50_41_1_, receipts0_.ovnst as ovnst51_41_1_, receipts0_.ovobid as ovobid52_41_1_, receipts0_.ovdocono as ovdocon53_41_1_, receipts0_.ovdocosq as ovdocos54_41_1_, receipts0_.ovdocoty as ovdocot55_41_1_, receipts0_.ovordocno as ovordoc56_41_1_, receipts0_.ovordocsq as ovordoc57_41_1_, receipts0_.ovordocty as ovordoc58_41_1_, receipts0_.ovptc as ovptc59_41_1_, receipts0_.ovpoa as ovpoa60_41_1_, receipts0_.ovpod as ovpod61_41_1_, receipts0_.ovpqot as ovpqot62_41_1_, receipts0_.ovuom1 as ovuom63_41_1_, receipts0_.ovpjid as ovpjid64_41_1_, receipts0_.ovpo03 as ovpo65_41_1_, receipts0_.ovpo01 as ovpo66_41_1_, receipts0_.ovpo02 as ovpo67_41_1_, receipts0_.ovqty as ovqty68_41_1_, receipts0_.ovrcdt as ovrcdt69_41_1_, receipts0_.ovrecid as ovrecid70_41_1_, receipts0_.ovvr04 as ovvr71_41_1_, receipts0_.ovvr01 as ovvr72_41_1_, receipts0_.ovvr03 as ovvr73_41_1_, receipts0_.ovvr05 as ovvr74_41_1_, receipts0_.ovvr02 as ovvr75_41_1_, receipts0_.ovrtgc as ovrtgc76_41_1_, receipts0_.ovsqot as ovsqot77_41_1_, receipts0_.ovuom2 as ovuom78_41_1_, receipts0_.ovsnlot as ovsnlot79_41_1_, receipts0_.ovtaxal as ovtaxal80_41_1_, receipts0_.ovtaxam as ovtaxam81_41_1_, receipts0_.ovtaxab as ovtaxab82_41_1_, receipts0_.ovtaxcd as ovtaxcd83_41_1_, receipts0_.ovtaxidt as ovtaxid84_41_1_, receipts0_.ovtaxino as ovtaxin85_41_1_, receipts0_.ovtaxrt as ovtaxrt86_41_1_, receipts0_.ovcrct as ovcrct87_41_1_, receipts0_.ovitc03 as ovitc88_41_1_, receipts0_.ovucf as ovucf89_41_1_, receipts0_.ovuncost as ovuncos90_41_1_, receipts0_.ovudc as ovudc91_41_1_, receipts0_.ovudf as ovudf92_41_1_, receipts0_.ovuom as ovuom93_41_1_, receipts0_.ovvnid as ovvnid94_41_1_, receipts0_.ovinvdt as ovinvdt95_41_1_, receipts0_.ovinvno as ovinvno96_41_1_ from t4312 receipts0_ where receipts0_.ovcoid=? and receipts0_.ovdocono=? and receipts0_.ovdocosq=? and receipts0_.ovdocoty=?
Hibernate: select receipts0_.ovcoid as ovcoid1_41_0_, receipts0_.ovdocono as ovdocon53_41_0_, receipts0_.ovdocosq as ovdocos54_41_0_, receipts0_.ovdocoty as ovdocot55_41_0_, receipts0_.ovdocno as ovdocno2_41_0_, receipts0_.ovdocty as ovdocty3_41_0_, receipts0_.ovdocsq as ovdocsq4_41_0_, receipts0_.ovcoid as ovcoid1_41_1_, receipts0_.ovdocno as ovdocno2_41_1_, receipts0_.ovdocty as ovdocty3_41_1_, receipts0_.ovdocsq as ovdocsq4_41_1_, receipts0_.ovcid as ovcid5_41_1_, receipts0_.ovdtin as ovdtin6_41_1_, receipts0_.ovtmin as ovtmin7_41_1_, receipts0_.ovuid as ovuid8_41_1_, receipts0_.ovdtlu as ovdtlu9_41_1_, receipts0_.ovtmlu as ovtmlu10_41_1_, receipts0_.ovuidm as ovuidm11_41_1_, receipts0_.ovacid as ovacid12_41_1_, receipts0_.ovcrcb as ovcrcb13_41_1_, receipts0_.ovicu as ovicu14_41_1_, receipts0_.ovicut as ovicut15_41_1_, receipts0_.ovitc02 as ovitc16_41_1_, receipts0_.ovbuid as ovbuid17_41_1_, receipts0_.ovitc01 as ovitc18_41_1_, receipts0_.ovcot as ovcot19_41_1_, receipts0_.ovcnid as ovcnid20_41_1_, receipts0_.ovcsdocdt as ovcsdoc21_41_1_, receipts0_.ovcsdocno as ovcsdoc22_41_1_, receipts0_.ovurtx as ovurtx23_41_1_, receipts0_.ovdccd as ovdccd24_41_1_, receipts0_.ovdcrt as ovdcrt25_41_1_, receipts0_.ovdocdt as ovdocdt26_41_1_, receipts0_.ovexcrt as ovexcrt27_41_1_, receipts0_.ovexpdt as ovexpdt28_41_1_, receipts0_.ovexcost as ovexcos29_41_1_, receipts0_.ovfec as ovfec30_41_1_, receipts0_.ovfta as ovfta31_41_1_, receipts0_.ovftb as ovftb32_41_1_, receipts0_.ovfuc as ovfuc33_41_1_, receipts0_.ovglcls as ovglcls34_41_1_, receipts0_.ovidd as ovidd35_41_1_, receipts0_.ovidn as ovidn36_41_1_, receipts0_.ovitt as ovitt37_41_1_, receipts0_.ovdocidt as ovdocid38_41_1_, receipts0_.ovdocino as ovdocin39_41_1_, receipts0_.ovdocisq as ovdocis40_41_1_, receipts0_.ovdocity as ovdocit41_41_1_, receipts0_.ovinum as ovinum42_41_1_, receipts0_.ovdesb1 as ovdesb43_41_1_, receipts0_.ovlcrt as ovlcrt44_41_1_, receipts0_.ovitc05 as ovitc45_41_1_, receipts0_.ovlst as ovlst46_41_1_, receipts0_.ovlvla as ovlvla47_41_1_, receipts0_.ovlnty as ovlnty48_41_1_, receipts0_.ovlocid as ovlocid49_41_1_, receipts0_.ovmatc as ovmatc50_41_1_, receipts0_.ovnst as ovnst51_41_1_, receipts0_.ovobid as ovobid52_41_1_, receipts0_.ovdocono as ovdocon53_41_1_, receipts0_.ovdocosq as ovdocos54_41_1_, receipts0_.ovdocoty as ovdocot55_41_1_, receipts0_.ovordocno as ovordoc56_41_1_, receipts0_.ovordocsq as ovordoc57_41_1_, receipts0_.ovordocty as ovordoc58_41_1_, receipts0_.ovptc as ovptc59_41_1_, receipts0_.ovpoa as ovpoa60_41_1_, receipts0_.ovpod as ovpod61_41_1_, receipts0_.ovpqot as ovpqot62_41_1_, receipts0_.ovuom1 as ovuom63_41_1_, receipts0_.ovpjid as ovpjid64_41_1_, receipts0_.ovpo03 as ovpo65_41_1_, receipts0_.ovpo01 as ovpo66_41_1_, receipts0_.ovpo02 as ovpo67_41_1_, receipts0_.ovqty as ovqty68_41_1_, receipts0_.ovrcdt as ovrcdt69_41_1_, receipts0_.ovrecid as ovrecid70_41_1_, receipts0_.ovvr04 as ovvr71_41_1_, receipts0_.ovvr01 as ovvr72_41_1_, receipts0_.ovvr03 as ovvr73_41_1_, receipts0_.ovvr05 as ovvr74_41_1_, receipts0_.ovvr02 as ovvr75_41_1_, receipts0_.ovrtgc as ovrtgc76_41_1_, receipts0_.ovsqot as ovsqot77_41_1_, receipts0_.ovuom2 as ovuom78_41_1_, receipts0_.ovsnlot as ovsnlot79_41_1_, receipts0_.ovtaxal as ovtaxal80_41_1_, receipts0_.ovtaxam as ovtaxam81_41_1_, receipts0_.ovtaxab as ovtaxab82_41_1_, receipts0_.ovtaxcd as ovtaxcd83_41_1_, receipts0_.ovtaxidt as ovtaxid84_41_1_, receipts0_.ovtaxino as ovtaxin85_41_1_, receipts0_.ovtaxrt as ovtaxrt86_41_1_, receipts0_.ovcrct as ovcrct87_41_1_, receipts0_.ovitc03 as ovitc88_41_1_, receipts0_.ovucf as ovucf89_41_1_, receipts0_.ovuncost as ovuncos90_41_1_, receipts0_.ovudc as ovudc91_41_1_, receipts0_.ovudf as ovudf92_41_1_, receipts0_.ovuom as ovuom93_41_1_, receipts0_.ovvnid as ovvnid94_41_1_, receipts0_.ovinvdt as ovinvdt95_41_1_, receipts0_.ovinvno as ovinvno96_41_1_ from t4312 receipts0_ where receipts0_.ovcoid=? and receipts0_.ovdocono=? and receipts0_.ovdocosq=? and receipts0_.ovdocoty=?
Hibernate: select purchasere0_.ovcoid as ovcoid1_41_0_, purchasere0_.ovdocno as ovdocno2_41_0_, purchasere0_.ovdocty as ovdocty3_41_0_, purchasere0_.ovdocsq as ovdocsq4_41_0_, purchasere0_.ovcid as ovcid5_41_0_, purchasere0_.ovdtin as ovdtin6_41_0_, purchasere0_.ovtmin as ovtmin7_41_0_, purchasere0_.ovuid as ovuid8_41_0_, purchasere0_.ovdtlu as ovdtlu9_41_0_, purchasere0_.ovtmlu as ovtmlu10_41_0_, purchasere0_.ovuidm as ovuidm11_41_0_, purchasere0_.ovacid as ovacid12_41_0_, purchasere0_.ovcrcb as ovcrcb13_41_0_, purchasere0_.ovicu as ovicu14_41_0_, purchasere0_.ovicut as ovicut15_41_0_, purchasere0_.ovitc02 as ovitc16_41_0_, purchasere0_.ovbuid as ovbuid17_41_0_, purchasere0_.ovitc01 as ovitc18_41_0_, purchasere0_.ovcot as ovcot19_41_0_, purchasere0_.ovcnid as ovcnid20_41_0_, purchasere0_.ovcsdocdt as ovcsdoc21_41_0_, purchasere0_.ovcsdocno as ovcsdoc22_41_0_, purchasere0_.ovurtx as ovurtx23_41_0_, purchasere0_.ovdccd as ovdccd24_41_0_, purchasere0_.ovdcrt as ovdcrt25_41_0_, purchasere0_.ovdocdt as ovdocdt26_41_0_, purchasere0_.ovexcrt as ovexcrt27_41_0_, purchasere0_.ovexpdt as ovexpdt28_41_0_, purchasere0_.ovexcost as ovexcos29_41_0_, purchasere0_.ovfec as ovfec30_41_0_, purchasere0_.ovfta as ovfta31_41_0_, purchasere0_.ovftb as ovftb32_41_0_, purchasere0_.ovfuc as ovfuc33_41_0_, purchasere0_.ovglcls as ovglcls34_41_0_, purchasere0_.ovidd as ovidd35_41_0_, purchasere0_.ovidn as ovidn36_41_0_, purchasere0_.ovitt as ovitt37_41_0_, purchasere0_.ovdocidt as ovdocid38_41_0_, purchasere0_.ovdocino as ovdocin39_41_0_, purchasere0_.ovdocisq as ovdocis40_41_0_, purchasere0_.ovdocity as ovdocit41_41_0_, purchasere0_.ovinum as ovinum42_41_0_, purchasere0_.ovdesb1 as ovdesb43_41_0_, purchasere0_.ovlcrt as ovlcrt44_41_0_, purchasere0_.ovitc05 as ovitc45_41_0_, purchasere0_.ovlst as ovlst46_41_0_, purchasere0_.ovlvla as ovlvla47_41_0_, purchasere0_.ovlnty as ovlnty48_41_0_, purchasere0_.ovlocid as ovlocid49_41_0_, purchasere0_.ovmatc as ovmatc50_41_0_, purchasere0_.ovnst as ovnst51_41_0_, purchasere0_.ovobid as ovobid52_41_0_, purchasere0_.ovdocono as ovdocon53_41_0_, purchasere0_.ovdocosq as ovdocos54_41_0_, purchasere0_.ovdocoty as ovdocot55_41_0_, purchasere0_.ovordocno as ovordoc56_41_0_, purchasere0_.ovordocsq as ovordoc57_41_0_, purchasere0_.ovordocty as ovordoc58_41_0_, purchasere0_.ovptc as ovptc59_41_0_, purchasere0_.ovpoa as ovpoa60_41_0_, purchasere0_.ovpod as ovpod61_41_0_, purchasere0_.ovpqot as ovpqot62_41_0_, purchasere0_.ovuom1 as ovuom63_41_0_, purchasere0_.ovpjid as ovpjid64_41_0_, purchasere0_.ovpo03 as ovpo65_41_0_, purchasere0_.ovpo01 as ovpo66_41_0_, purchasere0_.ovpo02 as ovpo67_41_0_, purchasere0_.ovqty as ovqty68_41_0_, purchasere0_.ovrcdt as ovrcdt69_41_0_, purchasere0_.ovrecid as ovrecid70_41_0_, purchasere0_.ovvr04 as ovvr71_41_0_, purchasere0_.ovvr01 as ovvr72_41_0_, purchasere0_.ovvr03 as ovvr73_41_0_, purchasere0_.ovvr05 as ovvr74_41_0_, purchasere0_.ovvr02 as ovvr75_41_0_, purchasere0_.ovrtgc as ovrtgc76_41_0_, purchasere0_.ovsqot as ovsqot77_41_0_, purchasere0_.ovuom2 as ovuom78_41_0_, purchasere0_.ovsnlot as ovsnlot79_41_0_, purchasere0_.ovtaxal as ovtaxal80_41_0_, purchasere0_.ovtaxam as ovtaxam81_41_0_, purchasere0_.ovtaxab as ovtaxab82_41_0_, purchasere0_.ovtaxcd as ovtaxcd83_41_0_, purchasere0_.ovtaxidt as ovtaxid84_41_0_, purchasere0_.ovtaxino as ovtaxin85_41_0_, purchasere0_.ovtaxrt as ovtaxrt86_41_0_, purchasere0_.ovcrct as ovcrct87_41_0_, purchasere0_.ovitc03 as ovitc88_41_0_, purchasere0_.ovucf as ovucf89_41_0_, purchasere0_.ovuncost as ovuncos90_41_0_, purchasere0_.ovudc as ovudc91_41_0_, purchasere0_.ovudf as ovudf92_41_0_, purchasere0_.ovuom as ovuom93_41_0_, purchasere0_.ovvnid as ovvnid94_41_0_, purchasere0_.ovinvdt as ovinvdt95_41_0_, purchasere0_.ovinvno as ovinvno96_41_0_ from t4312 purchasere0_ where purchasere0_.ovcoid=? and purchasere0_.ovdocno=? and purchasere0_.ovdocty=? and purchasere0_.ovdocsq=?
Hibernate: select purchasere0_.ovcoid as ovcoid1_41_, purchasere0_.ovdocno as ovdocno2_41_, purchasere0_.ovdocty as ovdocty3_41_, purchasere0_.ovdocsq as ovdocsq4_41_, purchasere0_.ovcid as ovcid5_41_, purchasere0_.ovdtin as ovdtin6_41_, purchasere0_.ovtmin as ovtmin7_41_, purchasere0_.ovuid as ovuid8_41_, purchasere0_.ovdtlu as ovdtlu9_41_, purchasere0_.ovtmlu as ovtmlu10_41_, purchasere0_.ovuidm as ovuidm11_41_, purchasere0_.ovacid as ovacid12_41_, purchasere0_.ovcrcb as ovcrcb13_41_, purchasere0_.ovicu as ovicu14_41_, purchasere0_.ovicut as ovicut15_41_, purchasere0_.ovitc02 as ovitc16_41_, purchasere0_.ovbuid as ovbuid17_41_, purchasere0_.ovitc01 as ovitc18_41_, purchasere0_.ovcot as ovcot19_41_, purchasere0_.ovcnid as ovcnid20_41_, purchasere0_.ovcsdocdt as ovcsdoc21_41_, purchasere0_.ovcsdocno as ovcsdoc22_41_, purchasere0_.ovurtx as ovurtx23_41_, purchasere0_.ovdccd as ovdccd24_41_, purchasere0_.ovdcrt as ovdcrt25_41_, purchasere0_.ovdocdt as ovdocdt26_41_, purchasere0_.ovexcrt as ovexcrt27_41_, purchasere0_.ovexpdt as ovexpdt28_41_, purchasere0_.ovexcost as ovexcos29_41_, purchasere0_.ovfec as ovfec30_41_, purchasere0_.ovfta as ovfta31_41_, purchasere0_.ovftb as ovftb32_41_, purchasere0_.ovfuc as ovfuc33_41_, purchasere0_.ovglcls as ovglcls34_41_, purchasere0_.ovidd as ovidd35_41_, purchasere0_.ovidn as ovidn36_41_, purchasere0_.ovitt as ovitt37_41_, purchasere0_.ovdocidt as ovdocid38_41_, purchasere0_.ovdocino as ovdocin39_41_, purchasere0_.ovdocisq as ovdocis40_41_, purchasere0_.ovdocity as ovdocit41_41_, purchasere0_.ovinum as ovinum42_41_, purchasere0_.ovdesb1 as ovdesb43_41_, purchasere0_.ovlcrt as ovlcrt44_41_, purchasere0_.ovitc05 as ovitc45_41_, purchasere0_.ovlst as ovlst46_41_, purchasere0_.ovlvla as ovlvla47_41_, purchasere0_.ovlnty as ovlnty48_41_, purchasere0_.ovlocid as ovlocid49_41_, purchasere0_.ovmatc as ovmatc50_41_, purchasere0_.ovnst as ovnst51_41_, purchasere0_.ovobid as ovobid52_41_, purchasere0_.ovdocono as ovdocon53_41_, purchasere0_.ovdocosq as ovdocos54_41_, purchasere0_.ovdocoty as ovdocot55_41_, purchasere0_.ovordocno as ovordoc56_41_, purchasere0_.ovordocsq as ovordoc57_41_, purchasere0_.ovordocty as ovordoc58_41_, purchasere0_.ovptc as ovptc59_41_, purchasere0_.ovpoa as ovpoa60_41_, purchasere0_.ovpod as ovpod61_41_, purchasere0_.ovpqot as ovpqot62_41_, purchasere0_.ovuom1 as ovuom63_41_, purchasere0_.ovpjid as ovpjid64_41_, purchasere0_.ovpo03 as ovpo65_41_, purchasere0_.ovpo01 as ovpo66_41_, purchasere0_.ovpo02 as ovpo67_41_, purchasere0_.ovqty as ovqty68_41_, purchasere0_.ovrcdt as ovrcdt69_41_, purchasere0_.ovrecid as ovrecid70_41_, purchasere0_.ovvr04 as ovvr71_41_, purchasere0_.ovvr01 as ovvr72_41_, purchasere0_.ovvr03 as ovvr73_41_, purchasere0_.ovvr05 as ovvr74_41_, purchasere0_.ovvr02 as ovvr75_41_, purchasere0_.ovrtgc as ovrtgc76_41_, purchasere0_.ovsqot as ovsqot77_41_, purchasere0_.ovuom2 as ovuom78_41_, purchasere0_.ovsnlot as ovsnlot79_41_, purchasere0_.ovtaxal as ovtaxal80_41_, purchasere0_.ovtaxam as ovtaxam81_41_, purchasere0_.ovtaxab as ovtaxab82_41_, purchasere0_.ovtaxcd as ovtaxcd83_41_, purchasere0_.ovtaxidt as ovtaxid84_41_, purchasere0_.ovtaxino as ovtaxin85_41_, purchasere0_.ovtaxrt as ovtaxrt86_41_, purchasere0_.ovcrct as ovcrct87_41_, purchasere0_.ovitc03 as ovitc88_41_, purchasere0_.ovucf as ovucf89_41_, purchasere0_.ovuncost as ovuncos90_41_, purchasere0_.ovudc as ovudc91_41_, purchasere0_.ovudf as ovudf92_41_, purchasere0_.ovuom as ovuom93_41_, purchasere0_.ovvnid as ovvnid94_41_, purchasere0_.ovinvdt as ovinvdt95_41_, purchasere0_.ovinvno as ovinvno96_41_ from t4312 purchasere0_ where purchasere0_.ovcoid=? and purchasere0_.ovdocno=? and purchasere0_.ovdocty=?
Hibernate: select purchasede0_.odcoid as odcoid1_40_0_, purchasede0_.oddocono as oddocono2_40_0_, purchasede0_.oddocosq as oddocosq3_40_0_, purchasede0_.oddocoty as oddocoty4_40_0_, purchasede0_.odcid as odcid5_40_0_, purchasede0_.oddtin as oddtin6_40_0_, purchasede0_.odtmin as odtmin7_40_0_, purchasede0_.oduid as oduid8_40_0_, purchasede0_.oddtlu as oddtlu9_40_0_, purchasede0_.odtmlu as odtmlu10_40_0_, purchasede0_.oduidm as oduidm11_40_0_, purchasede0_.odacid as odacid12_40_0_, purchasede0_.odaprcd as odaprcd13_40_0_, purchasede0_.odcrcb as odcrcb14_40_0_, purchasede0_.oditc02 as oditc15_40_0_, purchasede0_.odbuid as odbuid16_40_0_, purchasede0_.odqtycl as odqtycl17_40_0_, purchasede0_.oditc01 as oditc18_40_0_, purchasede0_.odcldt as odcldt19_40_0_, purchasede0_.odcsid as odcsid20_40_0_, purchasede0_.oddccd as oddccd21_40_0_, purchasede0_.oddcrt as oddcrt22_40_0_, purchasede0_.odexcrt as odexcrt23_40_0_, purchasede0_.odexcost as odexcos24_40_0_, purchasede0_.odqtyx as odqtyx25_40_0_, purchasede0_.oducfx as oducfx26_40_0_, purchasede0_.oduncostx as oduncos27_40_0_, purchasede0_.oduomx as oduomx28_40_0_, purchasede0_.odfec as odfec29_40_0_, purchasede0_.odfta as odfta30_40_0_, purchasede0_.odftb as odftb31_40_0_, purchasede0_.odfuc as odfuc32_40_0_, purchasede0_.odglcls as odglcls33_40_0_, purchasede0_.odgldt as odgldt34_40_0_, purchasede0_.odir02 as odir35_40_0_, purchasede0_.odir01 as odir36_40_0_, purchasede0_.odir03 as odir37_40_0_, purchasede0_.odinum as odinum38_40_0_, purchasede0_.oddesb1 as oddesb39_40_0_, purchasede0_.oditc05 as oditc40_40_0_, purchasede0_.odlst as odlst41_40_0_, purchasede0_.odlnty as odlnty42_40_0_, purchasede0_.odlocid as odlocid43_40_0_, purchasede0_.odnst as odnst44_40_0_, purchasede0_.odobid as odobid45_40_0_, purchasede0_.odqtyop as odqtyop46_40_0_, purchasede0_.odordt as odordt47_40_0_, purchasede0_.odqtyor as odqtyor48_40_0_, purchasede0_.odott as odott49_40_0_, purchasede0_.odordocdt as odordoc50_40_0_, purchasede0_.odordocno as odordoc51_40_0_, purchasede0_.odordocsq as odordoc52_40_0_, purchasede0_.odordocty as odordoc53_40_0_, purchasede0_.odptc as odptc54_40_0_, purchasede0_.odpqor as odpqor55_40_0_, purchasede0_.oduom1 as oduom56_40_0_, purchasede0_.odpjid as odpjid57_40_0_, purchasede0_.odpddt as odpddt58_40_0_, purchasede0_.odpo03 as odpo59_40_0_, purchasede0_.odpo01 as odpo60_40_0_, purchasede0_.odpo02 as odpo61_40_0_, purchasede0_.odqty as odqty62_40_0_, purchasede0_.odrcdt as odrcdt63_40_0_, purchasede0_.odqtyrc as odqtyrc64_40_0_, purchasede0_.odstid as odstid65_40_0_, purchasede0_.odvr04 as odvr66_40_0_, purchasede0_.odvr01 as odvr67_40_0_, purchasede0_.odvr03 as odvr68_40_0_, purchasede0_.odvr05 as odvr69_40_0_, purchasede0_.odvr02 as odvr70_40_0_, purchasede0_.odrldocno as odrldoc71_40_0_, purchasede0_.odrldocsq as odrldoc72_40_0_, purchasede0_.odrldocty as odrldoc73_40_0_, purchasede0_.odrqdt as odrqdt74_40_0_, purchasede0_.odqtyrn as odqtyrn75_40_0_, purchasede0_.odsqor as odsqor76_40_0_, purchasede0_.oduom2 as oduom77_40_0_, purchasede0_.odsnlot as odsnlot78_40_0_, purchasede0_.odtaxal as odtaxal79_40_0_, purchasede0_.odtaxam as odtaxam80_40_0_, purchasede0_.odtaxab as odtaxab81_40_0_, purchasede0_.odtaxcd as odtaxcd82_40_0_, purchasede0_.odtaxrt as odtaxrt83_40_0_, purchasede0_.odcrct as odcrct84_40_0_, purchasede0_.oditc03 as oditc85_40_0_, purchasede0_.oducf as oducf86_40_0_, purchasede0_.oduncost as oduncos87_40_0_, purchasede0_.odudc as odudc88_40_0_, purchasede0_.odudf as odudf89_40_0_, purchasede0_.oduom as oduom90_40_0_, purchasede0_.odvnid as odvnid91_40_0_, purchaseor1_.ohcoid as ohcoid1_39_1_, purchaseor1_.ohdocono as ohdocono2_39_1_, purchaseor1_.ohdocoty as ohdocoty3_39_1_, purchaseor1_.ohcid as ohcid4_39_1_, purchaseor1_.ohdtin as ohdtin5_39_1_, purchaseor1_.ohtmin as ohtmin6_39_1_, purchaseor1_.ohuid as ohuid7_39_1_, purchaseor1_.ohdtlu as ohdtlu8_39_1_, purchaseor1_.ohtmlu as ohtmlu9_39_1_, purchaseor1_.ohuidm as ohuidm10_39_1_, purchaseor1_.ohaprcd as ohaprcd11_39_1_, purchaseor1_.ohcrcb as ohcrcb12_39_1_, purchaseor1_.ohbuid as ohbuid13_39_1_, purchaseor1_.ohcldt as ohcldt14_39_1_, purchaseor1_.ohcot as ohcot15_39_1_, purchaseor1_.ohcsid as ohcsid16_39_1_, purchaseor1_.ohdesb1 as ohdesb17_39_1_, purchaseor1_.ohdccd as ohdccd18_39_1_, purchaseor1_.ohdcrt as ohdcrt19_39_1_, purchaseor1_.ohexcrt as ohexcrt20_39_1_, purchaseor1_.ohgldt as ohgldt21_39_1_, purchaseor1_.ohidd as ohidd22_39_1_, purchaseor1_.ohidn as ohidn23_39_1_, purchaseor1_.ohlst as ohlst24_39_1_, purchaseor1_.ohnst as ohnst25_39_1_, purchaseor1_.ohobid as ohobid26_39_1_, purchaseor1_.ohordt as ohordt27_39_1_, purchaseor1_.ohptc as ohptc28_39_1_, purchaseor1_.ohpoa as ohpoa29_39_1_, purchaseor1_.ohpod as ohpod30_39_1_, purchaseor1_.ohpjid as ohpjid31_39_1_, purchaseor1_.ohpddt as ohpddt32_39_1_, purchaseor1_.ohrcdt as ohrcdt33_39_1_, purchaseor1_.ohstid as ohstid34_39_1_, purchaseor1_.ohrqdt as ohrqdt35_39_1_, purchaseor1_.ohtaxal as ohtaxal36_39_1_, purchaseor1_.ohtaxcd as ohtaxcd37_39_1_, purchaseor1_.ohtaxrt as ohtaxrt38_39_1_, purchaseor1_.ohcrct as ohcrct39_39_1_, purchaseor1_.ohdesc1 as ohdesc40_39_1_, purchaseor1_.ohdesc2 as ohdesc41_39_1_, purchaseor1_.ohvhrn as ohvhrn42_39_1_, purchaseor1_.ohvhty as ohvhty43_39_1_, purchaseor1_.ohvnid as ohvnid44_39_1_ from t4311 purchasede0_ inner join t4301 purchaseor1_ on purchasede0_.odcoid=purchaseor1_.ohcoid and purchasede0_.oddocono=purchaseor1_.ohdocono and purchasede0_.oddocoty=purchaseor1_.ohdocoty where purchasede0_.odcoid=? and purchasede0_.oddocono=? and purchasede0_.oddocosq=? and purchasede0_.oddocoty=?
Hibernate: select serialnumb0_.coid as coid1_43_0_, serialnumb0_.docno as docno2_43_0_, serialnumb0_.docty as docty3_43_0_, serialnumb0_.docsq as docsq4_43_0_, serialnumb0_.buid as buid5_43_0_, serialnumb0_.inum as inum6_43_0_, serialnumb0_.snlot as snlot7_43_0_, lotmaster1_.ltbuid as ltbuid1_34_1_, lotmaster1_.ltinum as ltinum2_34_1_, lotmaster1_.ltsnlot as ltsnlot3_34_1_, lotmaster1_.ltcid as ltcid4_34_1_, lotmaster1_.ltdtin as ltdtin5_34_1_, lotmaster1_.lttmin as lttmin6_34_1_, lotmaster1_.ltuid as ltuid7_34_1_, lotmaster1_.ltdtlu as ltdtlu8_34_1_, lotmaster1_.lttmlu as lttmlu9_34_1_, lotmaster1_.ltuidm as ltuidm10_34_1_, lotmaster1_.ltbodt as ltbodt11_34_1_, lotmaster1_.ltbbdt as ltbbdt12_34_1_, lotmaster1_.ltcldt as ltcldt13_34_1_, lotmaster1_.ltexpdt as ltexpdt14_34_1_, lotmaster1_.ltldsc as ltldsc15_34_1_, lotmaster1_.ltledt as ltledt16_34_1_, lotmaster1_.ltlsc as ltlsc17_34_1_, lotmaster1_.ltmlot1 as ltmlot18_34_1_, lotmaster1_.ltmlot2 as ltmlot19_34_1_, lotmaster1_.ltmlot3 as ltmlot20_34_1_, lotmaster1_.ltohdt as ltohdt21_34_1_, lotmaster1_.ltsern as ltsern22_34_1_ from transaction_serialnumbers serialnumb0_ inner join t4108 lotmaster1_ on serialnumb0_.buid=lotmaster1_.ltbuid and serialnumb0_.inum=lotmaster1_.ltinum and serialnumb0_.snlot=lotmaster1_.ltsnlot where serialnumb0_.coid=? and serialnumb0_.docno=? and serialnumb0_.docty=? and serialnumb0_.docsq=?
Hibernate: select purchasede0_.odcoid as odcoid1_40_0_, purchasede0_.oddocono as oddocono2_40_0_, purchasede0_.oddocosq as oddocosq3_40_0_, purchasede0_.oddocoty as oddocoty4_40_0_, purchasede0_.odcid as odcid5_40_0_, purchasede0_.oddtin as oddtin6_40_0_, purchasede0_.odtmin as odtmin7_40_0_, purchasede0_.oduid as oduid8_40_0_, purchasede0_.oddtlu as oddtlu9_40_0_, purchasede0_.odtmlu as odtmlu10_40_0_, purchasede0_.oduidm as oduidm11_40_0_, purchasede0_.odacid as odacid12_40_0_, purchasede0_.odaprcd as odaprcd13_40_0_, purchasede0_.odcrcb as odcrcb14_40_0_, purchasede0_.oditc02 as oditc15_40_0_, purchasede0_.odbuid as odbuid16_40_0_, purchasede0_.odqtycl as odqtycl17_40_0_, purchasede0_.oditc01 as oditc18_40_0_, purchasede0_.odcldt as odcldt19_40_0_, purchasede0_.odcsid as odcsid20_40_0_, purchasede0_.oddccd as oddccd21_40_0_, purchasede0_.oddcrt as oddcrt22_40_0_, purchasede0_.odexcrt as odexcrt23_40_0_, purchasede0_.odexcost as odexcos24_40_0_, purchasede0_.odqtyx as odqtyx25_40_0_, purchasede0_.oducfx as oducfx26_40_0_, purchasede0_.oduncostx as oduncos27_40_0_, purchasede0_.oduomx as oduomx28_40_0_, purchasede0_.odfec as odfec29_40_0_, purchasede0_.odfta as odfta30_40_0_, purchasede0_.odftb as odftb31_40_0_, purchasede0_.odfuc as odfuc32_40_0_, purchasede0_.odglcls as odglcls33_40_0_, purchasede0_.odgldt as odgldt34_40_0_, purchasede0_.odir02 as odir35_40_0_, purchasede0_.odir01 as odir36_40_0_, purchasede0_.odir03 as odir37_40_0_, purchasede0_.odinum as odinum38_40_0_, purchasede0_.oddesb1 as oddesb39_40_0_, purchasede0_.oditc05 as oditc40_40_0_, purchasede0_.odlst as odlst41_40_0_, purchasede0_.odlnty as odlnty42_40_0_, purchasede0_.odlocid as odlocid43_40_0_, purchasede0_.odnst as odnst44_40_0_, purchasede0_.odobid as odobid45_40_0_, purchasede0_.odqtyop as odqtyop46_40_0_, purchasede0_.odordt as odordt47_40_0_, purchasede0_.odqtyor as odqtyor48_40_0_, purchasede0_.odott as odott49_40_0_, purchasede0_.odordocdt as odordoc50_40_0_, purchasede0_.odordocno as odordoc51_40_0_, purchasede0_.odordocsq as odordoc52_40_0_, purchasede0_.odordocty as odordoc53_40_0_, purchasede0_.odptc as odptc54_40_0_, purchasede0_.odpqor as odpqor55_40_0_, purchasede0_.oduom1 as oduom56_40_0_, purchasede0_.odpjid as odpjid57_40_0_, purchasede0_.odpddt as odpddt58_40_0_, purchasede0_.odpo03 as odpo59_40_0_, purchasede0_.odpo01 as odpo60_40_0_, purchasede0_.odpo02 as odpo61_40_0_, purchasede0_.odqty as odqty62_40_0_, purchasede0_.odrcdt as odrcdt63_40_0_, purchasede0_.odqtyrc as odqtyrc64_40_0_, purchasede0_.odstid as odstid65_40_0_, purchasede0_.odvr04 as odvr66_40_0_, purchasede0_.odvr01 as odvr67_40_0_, purchasede0_.odvr03 as odvr68_40_0_, purchasede0_.odvr05 as odvr69_40_0_, purchasede0_.odvr02 as odvr70_40_0_, purchasede0_.odrldocno as odrldoc71_40_0_, purchasede0_.odrldocsq as odrldoc72_40_0_, purchasede0_.odrldocty as odrldoc73_40_0_, purchasede0_.odrqdt as odrqdt74_40_0_, purchasede0_.odqtyrn as odqtyrn75_40_0_, purchasede0_.odsqor as odsqor76_40_0_, purchasede0_.oduom2 as oduom77_40_0_, purchasede0_.odsnlot as odsnlot78_40_0_, purchasede0_.odtaxal as odtaxal79_40_0_, purchasede0_.odtaxam as odtaxam80_40_0_, purchasede0_.odtaxab as odtaxab81_40_0_, purchasede0_.odtaxcd as odtaxcd82_40_0_, purchasede0_.odtaxrt as odtaxrt83_40_0_, purchasede0_.odcrct as odcrct84_40_0_, purchasede0_.oditc03 as oditc85_40_0_, purchasede0_.oducf as oducf86_40_0_, purchasede0_.oduncost as oduncos87_40_0_, purchasede0_.odudc as odudc88_40_0_, purchasede0_.odudf as odudf89_40_0_, purchasede0_.oduom as oduom90_40_0_, purchasede0_.odvnid as odvnid91_40_0_, purchaseor1_.ohcoid as ohcoid1_39_1_, purchaseor1_.ohdocono as ohdocono2_39_1_, purchaseor1_.ohdocoty as ohdocoty3_39_1_, purchaseor1_.ohcid as ohcid4_39_1_, purchaseor1_.ohdtin as ohdtin5_39_1_, purchaseor1_.ohtmin as ohtmin6_39_1_, purchaseor1_.ohuid as ohuid7_39_1_, purchaseor1_.ohdtlu as ohdtlu8_39_1_, purchaseor1_.ohtmlu as ohtmlu9_39_1_, purchaseor1_.ohuidm as ohuidm10_39_1_, purchaseor1_.ohaprcd as ohaprcd11_39_1_, purchaseor1_.ohcrcb as ohcrcb12_39_1_, purchaseor1_.ohbuid as ohbuid13_39_1_, purchaseor1_.ohcldt as ohcldt14_39_1_, purchaseor1_.ohcot as ohcot15_39_1_, purchaseor1_.ohcsid as ohcsid16_39_1_, purchaseor1_.ohdesb1 as ohdesb17_39_1_, purchaseor1_.ohdccd as ohdccd18_39_1_, purchaseor1_.ohdcrt as ohdcrt19_39_1_, purchaseor1_.ohexcrt as ohexcrt20_39_1_, purchaseor1_.ohgldt as ohgldt21_39_1_, purchaseor1_.ohidd as ohidd22_39_1_, purchaseor1_.ohidn as ohidn23_39_1_, purchaseor1_.ohlst as ohlst24_39_1_, purchaseor1_.ohnst as ohnst25_39_1_, purchaseor1_.ohobid as ohobid26_39_1_, purchaseor1_.ohordt as ohordt27_39_1_, purchaseor1_.ohptc as ohptc28_39_1_, purchaseor1_.ohpoa as ohpoa29_39_1_, purchaseor1_.ohpod as ohpod30_39_1_, purchaseor1_.ohpjid as ohpjid31_39_1_, purchaseor1_.ohpddt as ohpddt32_39_1_, purchaseor1_.ohrcdt as ohrcdt33_39_1_, purchaseor1_.ohstid as ohstid34_39_1_, purchaseor1_.ohrqdt as ohrqdt35_39_1_, purchaseor1_.ohtaxal as ohtaxal36_39_1_, purchaseor1_.ohtaxcd as ohtaxcd37_39_1_, purchaseor1_.ohtaxrt as ohtaxrt38_39_1_, purchaseor1_.ohcrct as ohcrct39_39_1_, purchaseor1_.ohdesc1 as ohdesc40_39_1_, purchaseor1_.ohdesc2 as ohdesc41_39_1_, purchaseor1_.ohvhrn as ohvhrn42_39_1_, purchaseor1_.ohvhty as ohvhty43_39_1_, purchaseor1_.ohvnid as ohvnid44_39_1_ from t4311 purchasede0_ inner join t4301 purchaseor1_ on purchasede0_.odcoid=purchaseor1_.ohcoid and purchasede0_.oddocono=purchaseor1_.ohdocono and purchasede0_.oddocoty=purchaseor1_.ohdocoty where purchasede0_.odcoid=? and purchasede0_.oddocono=? and purchasede0_.oddocosq=? and purchasede0_.oddocoty=?
Hibernate: select serialnumb0_.coid as coid1_43_0_, serialnumb0_.docno as docno2_43_0_, serialnumb0_.docty as docty3_43_0_, serialnumb0_.docsq as docsq4_43_0_, serialnumb0_.buid as buid5_43_0_, serialnumb0_.inum as inum6_43_0_, serialnumb0_.snlot as snlot7_43_0_, lotmaster1_.ltbuid as ltbuid1_34_1_, lotmaster1_.ltinum as ltinum2_34_1_, lotmaster1_.ltsnlot as ltsnlot3_34_1_, lotmaster1_.ltcid as ltcid4_34_1_, lotmaster1_.ltdtin as ltdtin5_34_1_, lotmaster1_.lttmin as lttmin6_34_1_, lotmaster1_.ltuid as ltuid7_34_1_, lotmaster1_.ltdtlu as ltdtlu8_34_1_, lotmaster1_.lttmlu as lttmlu9_34_1_, lotmaster1_.ltuidm as ltuidm10_34_1_, lotmaster1_.ltbodt as ltbodt11_34_1_, lotmaster1_.ltbbdt as ltbbdt12_34_1_, lotmaster1_.ltcldt as ltcldt13_34_1_, lotmaster1_.ltexpdt as ltexpdt14_34_1_, lotmaster1_.ltldsc as ltldsc15_34_1_, lotmaster1_.ltledt as ltledt16_34_1_, lotmaster1_.ltlsc as ltlsc17_34_1_, lotmaster1_.ltmlot1 as ltmlot18_34_1_, lotmaster1_.ltmlot2 as ltmlot19_34_1_, lotmaster1_.ltmlot3 as ltmlot20_34_1_, lotmaster1_.ltohdt as ltohdt21_34_1_, lotmaster1_.ltsern as ltsern22_34_1_ from transaction_serialnumbers serialnumb0_ inner join t4108 lotmaster1_ on serialnumb0_.buid=lotmaster1_.ltbuid and serialnumb0_.inum=lotmaster1_.ltinum and serialnumb0_.snlot=lotmaster1_.ltsnlot where serialnumb0_.coid=? and serialnumb0_.docno=? and serialnumb0_.docty=? and serialnumb0_.docsq=?
Hibernate: select purchasede0_.odcoid as odcoid1_40_0_, purchasede0_.oddocono as oddocono2_40_0_, purchasede0_.oddocosq as oddocosq3_40_0_, purchasede0_.oddocoty as oddocoty4_40_0_, purchasede0_.odcid as odcid5_40_0_, purchasede0_.oddtin as oddtin6_40_0_, purchasede0_.odtmin as odtmin7_40_0_, purchasede0_.oduid as oduid8_40_0_, purchasede0_.oddtlu as oddtlu9_40_0_, purchasede0_.odtmlu as odtmlu10_40_0_, purchasede0_.oduidm as oduidm11_40_0_, purchasede0_.odacid as odacid12_40_0_, purchasede0_.odaprcd as odaprcd13_40_0_, purchasede0_.odcrcb as odcrcb14_40_0_, purchasede0_.oditc02 as oditc15_40_0_, purchasede0_.odbuid as odbuid16_40_0_, purchasede0_.odqtycl as odqtycl17_40_0_, purchasede0_.oditc01 as oditc18_40_0_, purchasede0_.odcldt as odcldt19_40_0_, purchasede0_.odcsid as odcsid20_40_0_, purchasede0_.oddccd as oddccd21_40_0_, purchasede0_.oddcrt as oddcrt22_40_0_, purchasede0_.odexcrt as odexcrt23_40_0_, purchasede0_.odexcost as odexcos24_40_0_, purchasede0_.odqtyx as odqtyx25_40_0_, purchasede0_.oducfx as oducfx26_40_0_, purchasede0_.oduncostx as oduncos27_40_0_, purchasede0_.oduomx as oduomx28_40_0_, purchasede0_.odfec as odfec29_40_0_, purchasede0_.odfta as odfta30_40_0_, purchasede0_.odftb as odftb31_40_0_, purchasede0_.odfuc as odfuc32_40_0_, purchasede0_.odglcls as odglcls33_40_0_, purchasede0_.odgldt as odgldt34_40_0_, purchasede0_.odir02 as odir35_40_0_, purchasede0_.odir01 as odir36_40_0_, purchasede0_.odir03 as odir37_40_0_, purchasede0_.odinum as odinum38_40_0_, purchasede0_.oddesb1 as oddesb39_40_0_, purchasede0_.oditc05 as oditc40_40_0_, purchasede0_.odlst as odlst41_40_0_, purchasede0_.odlnty as odlnty42_40_0_, purchasede0_.odlocid as odlocid43_40_0_, purchasede0_.odnst as odnst44_40_0_, purchasede0_.odobid as odobid45_40_0_, purchasede0_.odqtyop as odqtyop46_40_0_, purchasede0_.odordt as odordt47_40_0_, purchasede0_.odqtyor as odqtyor48_40_0_, purchasede0_.odott as odott49_40_0_, purchasede0_.odordocdt as odordoc50_40_0_, purchasede0_.odordocno as odordoc51_40_0_, purchasede0_.odordocsq as odordoc52_40_0_, purchasede0_.odordocty as odordoc53_40_0_, purchasede0_.odptc as odptc54_40_0_, purchasede0_.odpqor as odpqor55_40_0_, purchasede0_.oduom1 as oduom56_40_0_, purchasede0_.odpjid as odpjid57_40_0_, purchasede0_.odpddt as odpddt58_40_0_, purchasede0_.odpo03 as odpo59_40_0_, purchasede0_.odpo01 as odpo60_40_0_, purchasede0_.odpo02 as odpo61_40_0_, purchasede0_.odqty as odqty62_40_0_, purchasede0_.odrcdt as odrcdt63_40_0_, purchasede0_.odqtyrc as odqtyrc64_40_0_, purchasede0_.odstid as odstid65_40_0_, purchasede0_.odvr04 as odvr66_40_0_, purchasede0_.odvr01 as odvr67_40_0_, purchasede0_.odvr03 as odvr68_40_0_, purchasede0_.odvr05 as odvr69_40_0_, purchasede0_.odvr02 as odvr70_40_0_, purchasede0_.odrldocno as odrldoc71_40_0_, purchasede0_.odrldocsq as odrldoc72_40_0_, purchasede0_.odrldocty as odrldoc73_40_0_, purchasede0_.odrqdt as odrqdt74_40_0_, purchasede0_.odqtyrn as odqtyrn75_40_0_, purchasede0_.odsqor as odsqor76_40_0_, purchasede0_.oduom2 as oduom77_40_0_, purchasede0_.odsnlot as odsnlot78_40_0_, purchasede0_.odtaxal as odtaxal79_40_0_, purchasede0_.odtaxam as odtaxam80_40_0_, purchasede0_.odtaxab as odtaxab81_40_0_, purchasede0_.odtaxcd as odtaxcd82_40_0_, purchasede0_.odtaxrt as odtaxrt83_40_0_, purchasede0_.odcrct as odcrct84_40_0_, purchasede0_.oditc03 as oditc85_40_0_, purchasede0_.oducf as oducf86_40_0_, purchasede0_.oduncost as oduncos87_40_0_, purchasede0_.odudc as odudc88_40_0_, purchasede0_.odudf as odudf89_40_0_, purchasede0_.oduom as oduom90_40_0_, purchasede0_.odvnid as odvnid91_40_0_, purchaseor1_.ohcoid as ohcoid1_39_1_, purchaseor1_.ohdocono as ohdocono2_39_1_, purchaseor1_.ohdocoty as ohdocoty3_39_1_, purchaseor1_.ohcid as ohcid4_39_1_, purchaseor1_.ohdtin as ohdtin5_39_1_, purchaseor1_.ohtmin as ohtmin6_39_1_, purchaseor1_.ohuid as ohuid7_39_1_, purchaseor1_.ohdtlu as ohdtlu8_39_1_, purchaseor1_.ohtmlu as ohtmlu9_39_1_, purchaseor1_.ohuidm as ohuidm10_39_1_, purchaseor1_.ohaprcd as ohaprcd11_39_1_, purchaseor1_.ohcrcb as ohcrcb12_39_1_, purchaseor1_.ohbuid as ohbuid13_39_1_, purchaseor1_.ohcldt as ohcldt14_39_1_, purchaseor1_.ohcot as ohcot15_39_1_, purchaseor1_.ohcsid as ohcsid16_39_1_, purchaseor1_.ohdesb1 as ohdesb17_39_1_, purchaseor1_.ohdccd as ohdccd18_39_1_, purchaseor1_.ohdcrt as ohdcrt19_39_1_, purchaseor1_.ohexcrt as ohexcrt20_39_1_, purchaseor1_.ohgldt as ohgldt21_39_1_, purchaseor1_.ohidd as ohidd22_39_1_, purchaseor1_.ohidn as ohidn23_39_1_, purchaseor1_.ohlst as ohlst24_39_1_, purchaseor1_.ohnst as ohnst25_39_1_, purchaseor1_.ohobid as ohobid26_39_1_, purchaseor1_.ohordt as ohordt27_39_1_, purchaseor1_.ohptc as ohptc28_39_1_, purchaseor1_.ohpoa as ohpoa29_39_1_, purchaseor1_.ohpod as ohpod30_39_1_, purchaseor1_.ohpjid as ohpjid31_39_1_, purchaseor1_.ohpddt as ohpddt32_39_1_, purchaseor1_.ohrcdt as ohrcdt33_39_1_, purchaseor1_.ohstid as ohstid34_39_1_, purchaseor1_.ohrqdt as ohrqdt35_39_1_, purchaseor1_.ohtaxal as ohtaxal36_39_1_, purchaseor1_.ohtaxcd as ohtaxcd37_39_1_, purchaseor1_.ohtaxrt as ohtaxrt38_39_1_, purchaseor1_.ohcrct as ohcrct39_39_1_, purchaseor1_.ohdesc1 as ohdesc40_39_1_, purchaseor1_.ohdesc2 as ohdesc41_39_1_, purchaseor1_.ohvhrn as ohvhrn42_39_1_, purchaseor1_.ohvhty as ohvhty43_39_1_, purchaseor1_.ohvnid as ohvnid44_39_1_ from t4311 purchasede0_ inner join t4301 purchaseor1_ on purchasede0_.odcoid=purchaseor1_.ohcoid and purchasede0_.oddocono=purchaseor1_.ohdocono and purchasede0_.oddocoty=purchaseor1_.ohdocoty where purchasede0_.odcoid=? and purchasede0_.oddocono=? and purchasede0_.oddocosq=? and purchasede0_.oddocoty=?
Hibernate: select serialnumb0_.coid as coid1_43_0_, serialnumb0_.docno as docno2_43_0_, serialnumb0_.docty as docty3_43_0_, serialnumb0_.docsq as docsq4_43_0_, serialnumb0_.buid as buid5_43_0_, serialnumb0_.inum as inum6_43_0_, serialnumb0_.snlot as snlot7_43_0_, lotmaster1_.ltbuid as ltbuid1_34_1_, lotmaster1_.ltinum as ltinum2_34_1_, lotmaster1_.ltsnlot as ltsnlot3_34_1_, lotmaster1_.ltcid as ltcid4_34_1_, lotmaster1_.ltdtin as ltdtin5_34_1_, lotmaster1_.lttmin as lttmin6_34_1_, lotmaster1_.ltuid as ltuid7_34_1_, lotmaster1_.ltdtlu as ltdtlu8_34_1_, lotmaster1_.lttmlu as lttmlu9_34_1_, lotmaster1_.ltuidm as ltuidm10_34_1_, lotmaster1_.ltbodt as ltbodt11_34_1_, lotmaster1_.ltbbdt as ltbbdt12_34_1_, lotmaster1_.ltcldt as ltcldt13_34_1_, lotmaster1_.ltexpdt as ltexpdt14_34_1_, lotmaster1_.ltldsc as ltldsc15_34_1_, lotmaster1_.ltledt as ltledt16_34_1_, lotmaster1_.ltlsc as ltlsc17_34_1_, lotmaster1_.ltmlot1 as ltmlot18_34_1_, lotmaster1_.ltmlot2 as ltmlot19_34_1_, lotmaster1_.ltmlot3 as ltmlot20_34_1_, lotmaster1_.ltohdt as ltohdt21_34_1_, lotmaster1_.ltsern as ltsern22_34_1_ from transaction_serialnumbers serialnumb0_ inner join t4108 lotmaster1_ on serialnumb0_.buid=lotmaster1_.ltbuid and serialnumb0_.inum=lotmaster1_.ltinum and serialnumb0_.snlot=lotmaster1_.ltsnlot where serialnumb0_.coid=? and serialnumb0_.docno=? and serialnumb0_.docty=? and serialnumb0_.docsq=?
Hibernate: select purchasede0_.odcoid as odcoid1_40_0_, purchasede0_.oddocono as oddocono2_40_0_, purchasede0_.oddocosq as oddocosq3_40_0_, purchasede0_.oddocoty as oddocoty4_40_0_, purchasede0_.odcid as odcid5_40_0_, purchasede0_.oddtin as oddtin6_40_0_, purchasede0_.odtmin as odtmin7_40_0_, purchasede0_.oduid as oduid8_40_0_, purchasede0_.oddtlu as oddtlu9_40_0_, purchasede0_.odtmlu as odtmlu10_40_0_, purchasede0_.oduidm as oduidm11_40_0_, purchasede0_.odacid as odacid12_40_0_, purchasede0_.odaprcd as odaprcd13_40_0_, purchasede0_.odcrcb as odcrcb14_40_0_, purchasede0_.oditc02 as oditc15_40_0_, purchasede0_.odbuid as odbuid16_40_0_, purchasede0_.odqtycl as odqtycl17_40_0_, purchasede0_.oditc01 as oditc18_40_0_, purchasede0_.odcldt as odcldt19_40_0_, purchasede0_.odcsid as odcsid20_40_0_, purchasede0_.oddccd as oddccd21_40_0_, purchasede0_.oddcrt as oddcrt22_40_0_, purchasede0_.odexcrt as odexcrt23_40_0_, purchasede0_.odexcost as odexcos24_40_0_, purchasede0_.odqtyx as odqtyx25_40_0_, purchasede0_.oducfx as oducfx26_40_0_, purchasede0_.oduncostx as oduncos27_40_0_, purchasede0_.oduomx as oduomx28_40_0_, purchasede0_.odfec as odfec29_40_0_, purchasede0_.odfta as odfta30_40_0_, purchasede0_.odftb as odftb31_40_0_, purchasede0_.odfuc as odfuc32_40_0_, purchasede0_.odglcls as odglcls33_40_0_, purchasede0_.odgldt as odgldt34_40_0_, purchasede0_.odir02 as odir35_40_0_, purchasede0_.odir01 as odir36_40_0_, purchasede0_.odir03 as odir37_40_0_, purchasede0_.odinum as odinum38_40_0_, purchasede0_.oddesb1 as oddesb39_40_0_, purchasede0_.oditc05 as oditc40_40_0_, purchasede0_.odlst as odlst41_40_0_, purchasede0_.odlnty as odlnty42_40_0_, purchasede0_.odlocid as odlocid43_40_0_, purchasede0_.odnst as odnst44_40_0_, purchasede0_.odobid as odobid45_40_0_, purchasede0_.odqtyop as odqtyop46_40_0_, purchasede0_.odordt as odordt47_40_0_, purchasede0_.odqtyor as odqtyor48_40_0_, purchasede0_.odott as odott49_40_0_, purchasede0_.odordocdt as odordoc50_40_0_, purchasede0_.odordocno as odordoc51_40_0_, purchasede0_.odordocsq as odordoc52_40_0_, purchasede0_.odordocty as odordoc53_40_0_, purchasede0_.odptc as odptc54_40_0_, purchasede0_.odpqor as odpqor55_40_0_, purchasede0_.oduom1 as oduom56_40_0_, purchasede0_.odpjid as odpjid57_40_0_, purchasede0_.odpddt as odpddt58_40_0_, purchasede0_.odpo03 as odpo59_40_0_, purchasede0_.odpo01 as odpo60_40_0_, purchasede0_.odpo02 as odpo61_40_0_, purchasede0_.odqty as odqty62_40_0_, purchasede0_.odrcdt as odrcdt63_40_0_, purchasede0_.odqtyrc as odqtyrc64_40_0_, purchasede0_.odstid as odstid65_40_0_, purchasede0_.odvr04 as odvr66_40_0_, purchasede0_.odvr01 as odvr67_40_0_, purchasede0_.odvr03 as odvr68_40_0_, purchasede0_.odvr05 as odvr69_40_0_, purchasede0_.odvr02 as odvr70_40_0_, purchasede0_.odrldocno as odrldoc71_40_0_, purchasede0_.odrldocsq as odrldoc72_40_0_, purchasede0_.odrldocty as odrldoc73_40_0_, purchasede0_.odrqdt as odrqdt74_40_0_, purchasede0_.odqtyrn as odqtyrn75_40_0_, purchasede0_.odsqor as odsqor76_40_0_, purchasede0_.oduom2 as oduom77_40_0_, purchasede0_.odsnlot as odsnlot78_40_0_, purchasede0_.odtaxal as odtaxal79_40_0_, purchasede0_.odtaxam as odtaxam80_40_0_, purchasede0_.odtaxab as odtaxab81_40_0_, purchasede0_.odtaxcd as odtaxcd82_40_0_, purchasede0_.odtaxrt as odtaxrt83_40_0_, purchasede0_.odcrct as odcrct84_40_0_, purchasede0_.oditc03 as oditc85_40_0_, purchasede0_.oducf as oducf86_40_0_, purchasede0_.oduncost as oduncos87_40_0_, purchasede0_.odudc as odudc88_40_0_, purchasede0_.odudf as odudf89_40_0_, purchasede0_.oduom as oduom90_40_0_, purchasede0_.odvnid as odvnid91_40_0_, purchaseor1_.ohcoid as ohcoid1_39_1_, purchaseor1_.ohdocono as ohdocono2_39_1_, purchaseor1_.ohdocoty as ohdocoty3_39_1_, purchaseor1_.ohcid as ohcid4_39_1_, purchaseor1_.ohdtin as ohdtin5_39_1_, purchaseor1_.ohtmin as ohtmin6_39_1_, purchaseor1_.ohuid as ohuid7_39_1_, purchaseor1_.ohdtlu as ohdtlu8_39_1_, purchaseor1_.ohtmlu as ohtmlu9_39_1_, purchaseor1_.ohuidm as ohuidm10_39_1_, purchaseor1_.ohaprcd as ohaprcd11_39_1_, purchaseor1_.ohcrcb as ohcrcb12_39_1_, purchaseor1_.ohbuid as ohbuid13_39_1_, purchaseor1_.ohcldt as ohcldt14_39_1_, purchaseor1_.ohcot as ohcot15_39_1_, purchaseor1_.ohcsid as ohcsid16_39_1_, purchaseor1_.ohdesb1 as ohdesb17_39_1_, purchaseor1_.ohdccd as ohdccd18_39_1_, purchaseor1_.ohdcrt as ohdcrt19_39_1_, purchaseor1_.ohexcrt as ohexcrt20_39_1_, purchaseor1_.ohgldt as ohgldt21_39_1_, purchaseor1_.ohidd as ohidd22_39_1_, purchaseor1_.ohidn as ohidn23_39_1_, purchaseor1_.ohlst as ohlst24_39_1_, purchaseor1_.ohnst as ohnst25_39_1_, purchaseor1_.ohobid as ohobid26_39_1_, purchaseor1_.ohordt as ohordt27_39_1_, purchaseor1_.ohptc as ohptc28_39_1_, purchaseor1_.ohpoa as ohpoa29_39_1_, purchaseor1_.ohpod as ohpod30_39_1_, purchaseor1_.ohpjid as ohpjid31_39_1_, purchaseor1_.ohpddt as ohpddt32_39_1_, purchaseor1_.ohrcdt as ohrcdt33_39_1_, purchaseor1_.ohstid as ohstid34_39_1_, purchaseor1_.ohrqdt as ohrqdt35_39_1_, purchaseor1_.ohtaxal as ohtaxal36_39_1_, purchaseor1_.ohtaxcd as ohtaxcd37_39_1_, purchaseor1_.ohtaxrt as ohtaxrt38_39_1_, purchaseor1_.ohcrct as ohcrct39_39_1_, purchaseor1_.ohdesc1 as ohdesc40_39_1_, purchaseor1_.ohdesc2 as ohdesc41_39_1_, purchaseor1_.ohvhrn as ohvhrn42_39_1_, purchaseor1_.ohvhty as ohvhty43_39_1_, purchaseor1_.ohvnid as ohvnid44_39_1_ from t4311 purchasede0_ inner join t4301 purchaseor1_ on purchasede0_.odcoid=purchaseor1_.ohcoid and purchasede0_.oddocono=purchaseor1_.ohdocono and purchasede0_.oddocoty=purchaseor1_.ohdocoty where purchasede0_.odcoid=? and purchasede0_.oddocono=? and purchasede0_.oddocosq=? and purchasede0_.oddocoty=?
Hibernate: select serialnumb0_.coid as coid1_43_0_, serialnumb0_.docno as docno2_43_0_, serialnumb0_.docty as docty3_43_0_, serialnumb0_.docsq as docsq4_43_0_, serialnumb0_.buid as buid5_43_0_, serialnumb0_.inum as inum6_43_0_, serialnumb0_.snlot as snlot7_43_0_, lotmaster1_.ltbuid as ltbuid1_34_1_, lotmaster1_.ltinum as ltinum2_34_1_, lotmaster1_.ltsnlot as ltsnlot3_34_1_, lotmaster1_.ltcid as ltcid4_34_1_, lotmaster1_.ltdtin as ltdtin5_34_1_, lotmaster1_.lttmin as lttmin6_34_1_, lotmaster1_.ltuid as ltuid7_34_1_, lotmaster1_.ltdtlu as ltdtlu8_34_1_, lotmaster1_.lttmlu as lttmlu9_34_1_, lotmaster1_.ltuidm as ltuidm10_34_1_, lotmaster1_.ltbodt as ltbodt11_34_1_, lotmaster1_.ltbbdt as ltbbdt12_34_1_, lotmaster1_.ltcldt as ltcldt13_34_1_, lotmaster1_.ltexpdt as ltexpdt14_34_1_, lotmaster1_.ltldsc as ltldsc15_34_1_, lotmaster1_.ltledt as ltledt16_34_1_, lotmaster1_.ltlsc as ltlsc17_34_1_, lotmaster1_.ltmlot1 as ltmlot18_34_1_, lotmaster1_.ltmlot2 as ltmlot19_34_1_, lotmaster1_.ltmlot3 as ltmlot20_34_1_, lotmaster1_.ltohdt as ltohdt21_34_1_, lotmaster1_.ltsern as ltsern22_34_1_ from transaction_serialnumbers serialnumb0_ inner join t4108 lotmaster1_ on serialnumb0_.buid=lotmaster1_.ltbuid and serialnumb0_.inum=lotmaster1_.ltinum and serialnumb0_.snlot=lotmaster1_.ltsnlot where serialnumb0_.coid=? and serialnumb0_.docno=? and serialnumb0_.docty=? and serialnumb0_.docsq=?
Hibernate: select purchasede0_.odcoid as odcoid1_40_0_, purchasede0_.oddocono as oddocono2_40_0_, purchasede0_.oddocosq as oddocosq3_40_0_, purchasede0_.oddocoty as oddocoty4_40_0_, purchasede0_.odcid as odcid5_40_0_, purchasede0_.oddtin as oddtin6_40_0_, purchasede0_.odtmin as odtmin7_40_0_, purchasede0_.oduid as oduid8_40_0_, purchasede0_.oddtlu as oddtlu9_40_0_, purchasede0_.odtmlu as odtmlu10_40_0_, purchasede0_.oduidm as oduidm11_40_0_, purchasede0_.odacid as odacid12_40_0_, purchasede0_.odaprcd as odaprcd13_40_0_, purchasede0_.odcrcb as odcrcb14_40_0_, purchasede0_.oditc02 as oditc15_40_0_, purchasede0_.odbuid as odbuid16_40_0_, purchasede0_.odqtycl as odqtycl17_40_0_, purchasede0_.oditc01 as oditc18_40_0_, purchasede0_.odcldt as odcldt19_40_0_, purchasede0_.odcsid as odcsid20_40_0_, purchasede0_.oddccd as oddccd21_40_0_, purchasede0_.oddcrt as oddcrt22_40_0_, purchasede0_.odexcrt as odexcrt23_40_0_, purchasede0_.odexcost as odexcos24_40_0_, purchasede0_.odqtyx as odqtyx25_40_0_, purchasede0_.oducfx as oducfx26_40_0_, purchasede0_.oduncostx as oduncos27_40_0_, purchasede0_.oduomx as oduomx28_40_0_, purchasede0_.odfec as odfec29_40_0_, purchasede0_.odfta as odfta30_40_0_, purchasede0_.odftb as odftb31_40_0_, purchasede0_.odfuc as odfuc32_40_0_, purchasede0_.odglcls as odglcls33_40_0_, purchasede0_.odgldt as odgldt34_40_0_, purchasede0_.odir02 as odir35_40_0_, purchasede0_.odir01 as odir36_40_0_, purchasede0_.odir03 as odir37_40_0_, purchasede0_.odinum as odinum38_40_0_, purchasede0_.oddesb1 as oddesb39_40_0_, purchasede0_.oditc05 as oditc40_40_0_, purchasede0_.odlst as odlst41_40_0_, purchasede0_.odlnty as odlnty42_40_0_, purchasede0_.odlocid as odlocid43_40_0_, purchasede0_.odnst as odnst44_40_0_, purchasede0_.odobid as odobid45_40_0_, purchasede0_.odqtyop as odqtyop46_40_0_, purchasede0_.odordt as odordt47_40_0_, purchasede0_.odqtyor as odqtyor48_40_0_, purchasede0_.odott as odott49_40_0_, purchasede0_.odordocdt as odordoc50_40_0_, purchasede0_.odordocno as odordoc51_40_0_, purchasede0_.odordocsq as odordoc52_40_0_, purchasede0_.odordocty as odordoc53_40_0_, purchasede0_.odptc as odptc54_40_0_, purchasede0_.odpqor as odpqor55_40_0_, purchasede0_.oduom1 as oduom56_40_0_, purchasede0_.odpjid as odpjid57_40_0_, purchasede0_.odpddt as odpddt58_40_0_, purchasede0_.odpo03 as odpo59_40_0_, purchasede0_.odpo01 as odpo60_40_0_, purchasede0_.odpo02 as odpo61_40_0_, purchasede0_.odqty as odqty62_40_0_, purchasede0_.odrcdt as odrcdt63_40_0_, purchasede0_.odqtyrc as odqtyrc64_40_0_, purchasede0_.odstid as odstid65_40_0_, purchasede0_.odvr04 as odvr66_40_0_, purchasede0_.odvr01 as odvr67_40_0_, purchasede0_.odvr03 as odvr68_40_0_, purchasede0_.odvr05 as odvr69_40_0_, purchasede0_.odvr02 as odvr70_40_0_, purchasede0_.odrldocno as odrldoc71_40_0_, purchasede0_.odrldocsq as odrldoc72_40_0_, purchasede0_.odrldocty as odrldoc73_40_0_, purchasede0_.odrqdt as odrqdt74_40_0_, purchasede0_.odqtyrn as odqtyrn75_40_0_, purchasede0_.odsqor as odsqor76_40_0_, purchasede0_.oduom2 as oduom77_40_0_, purchasede0_.odsnlot as odsnlot78_40_0_, purchasede0_.odtaxal as odtaxal79_40_0_, purchasede0_.odtaxam as odtaxam80_40_0_, purchasede0_.odtaxab as odtaxab81_40_0_, purchasede0_.odtaxcd as odtaxcd82_40_0_, purchasede0_.odtaxrt as odtaxrt83_40_0_, purchasede0_.odcrct as odcrct84_40_0_, purchasede0_.oditc03 as oditc85_40_0_, purchasede0_.oducf as oducf86_40_0_, purchasede0_.oduncost as oduncos87_40_0_, purchasede0_.odudc as odudc88_40_0_, purchasede0_.odudf as odudf89_40_0_, purchasede0_.oduom as oduom90_40_0_, purchasede0_.odvnid as odvnid91_40_0_, purchaseor1_.ohcoid as ohcoid1_39_1_, purchaseor1_.ohdocono as ohdocono2_39_1_, purchaseor1_.ohdocoty as ohdocoty3_39_1_, purchaseor1_.ohcid as ohcid4_39_1_, purchaseor1_.ohdtin as ohdtin5_39_1_, purchaseor1_.ohtmin as ohtmin6_39_1_, purchaseor1_.ohuid as ohuid7_39_1_, purchaseor1_.ohdtlu as ohdtlu8_39_1_, purchaseor1_.ohtmlu as ohtmlu9_39_1_, purchaseor1_.ohuidm as ohuidm10_39_1_, purchaseor1_.ohaprcd as ohaprcd11_39_1_, purchaseor1_.ohcrcb as ohcrcb12_39_1_, purchaseor1_.ohbuid as ohbuid13_39_1_, purchaseor1_.ohcldt as ohcldt14_39_1_, purchaseor1_.ohcot as ohcot15_39_1_, purchaseor1_.ohcsid as ohcsid16_39_1_, purchaseor1_.ohdesb1 as ohdesb17_39_1_, purchaseor1_.ohdccd as ohdccd18_39_1_, purchaseor1_.ohdcrt as ohdcrt19_39_1_, purchaseor1_.ohexcrt as ohexcrt20_39_1_, purchaseor1_.ohgldt as ohgldt21_39_1_, purchaseor1_.ohidd as ohidd22_39_1_, purchaseor1_.ohidn as ohidn23_39_1_, purchaseor1_.ohlst as ohlst24_39_1_, purchaseor1_.ohnst as ohnst25_39_1_, purchaseor1_.ohobid as ohobid26_39_1_, purchaseor1_.ohordt as ohordt27_39_1_, purchaseor1_.ohptc as ohptc28_39_1_, purchaseor1_.ohpoa as ohpoa29_39_1_, purchaseor1_.ohpod as ohpod30_39_1_, purchaseor1_.ohpjid as ohpjid31_39_1_, purchaseor1_.ohpddt as ohpddt32_39_1_, purchaseor1_.ohrcdt as ohrcdt33_39_1_, purchaseor1_.ohstid as ohstid34_39_1_, purchaseor1_.ohrqdt as ohrqdt35_39_1_, purchaseor1_.ohtaxal as ohtaxal36_39_1_, purchaseor1_.ohtaxcd as ohtaxcd37_39_1_, purchaseor1_.ohtaxrt as ohtaxrt38_39_1_, purchaseor1_.ohcrct as ohcrct39_39_1_, purchaseor1_.ohdesc1 as ohdesc40_39_1_, purchaseor1_.ohdesc2 as ohdesc41_39_1_, purchaseor1_.ohvhrn as ohvhrn42_39_1_, purchaseor1_.ohvhty as ohvhty43_39_1_, purchaseor1_.ohvnid as ohvnid44_39_1_ from t4311 purchasede0_ inner join t4301 purchaseor1_ on purchasede0_.odcoid=purchaseor1_.ohcoid and purchasede0_.oddocono=purchaseor1_.ohdocono and purchasede0_.oddocoty=purchaseor1_.ohdocoty where purchasede0_.odcoid=? and purchasede0_.oddocono=? and purchasede0_.oddocosq=? and purchasede0_.oddocoty=?
Hibernate: select serialnumb0_.coid as coid1_43_0_, serialnumb0_.docno as docno2_43_0_, serialnumb0_.docty as docty3_43_0_, serialnumb0_.docsq as docsq4_43_0_, serialnumb0_.buid as buid5_43_0_, serialnumb0_.inum as inum6_43_0_, serialnumb0_.snlot as snlot7_43_0_, lotmaster1_.ltbuid as ltbuid1_34_1_, lotmaster1_.ltinum as ltinum2_34_1_, lotmaster1_.ltsnlot as ltsnlot3_34_1_, lotmaster1_.ltcid as ltcid4_34_1_, lotmaster1_.ltdtin as ltdtin5_34_1_, lotmaster1_.lttmin as lttmin6_34_1_, lotmaster1_.ltuid as ltuid7_34_1_, lotmaster1_.ltdtlu as ltdtlu8_34_1_, lotmaster1_.lttmlu as lttmlu9_34_1_, lotmaster1_.ltuidm as ltuidm10_34_1_, lotmaster1_.ltbodt as ltbodt11_34_1_, lotmaster1_.ltbbdt as ltbbdt12_34_1_, lotmaster1_.ltcldt as ltcldt13_34_1_, lotmaster1_.ltexpdt as ltexpdt14_34_1_, lotmaster1_.ltldsc as ltldsc15_34_1_, lotmaster1_.ltledt as ltledt16_34_1_, lotmaster1_.ltlsc as ltlsc17_34_1_, lotmaster1_.ltmlot1 as ltmlot18_34_1_, lotmaster1_.ltmlot2 as ltmlot19_34_1_, lotmaster1_.ltmlot3 as ltmlot20_34_1_, lotmaster1_.ltohdt as ltohdt21_34_1_, lotmaster1_.ltsern as ltsern22_34_1_ from transaction_serialnumbers serialnumb0_ inner join t4108 lotmaster1_ on serialnumb0_.buid=lotmaster1_.ltbuid and serialnumb0_.inum=lotmaster1_.ltinum and serialnumb0_.snlot=lotmaster1_.ltsnlot where serialnumb0_.coid=? and serialnumb0_.docno=? and serialnumb0_.docty=? and serialnumb0_.docsq=?
Hibernate: select purchasede0_.odcoid as odcoid1_40_0_, purchasede0_.oddocono as oddocono2_40_0_, purchasede0_.oddocosq as oddocosq3_40_0_, purchasede0_.oddocoty as oddocoty4_40_0_, purchasede0_.odcid as odcid5_40_0_, purchasede0_.oddtin as oddtin6_40_0_, purchasede0_.odtmin as odtmin7_40_0_, purchasede0_.oduid as oduid8_40_0_, purchasede0_.oddtlu as oddtlu9_40_0_, purchasede0_.odtmlu as odtmlu10_40_0_, purchasede0_.oduidm as oduidm11_40_0_, purchasede0_.odacid as odacid12_40_0_, purchasede0_.odaprcd as odaprcd13_40_0_, purchasede0_.odcrcb as odcrcb14_40_0_, purchasede0_.oditc02 as oditc15_40_0_, purchasede0_.odbuid as odbuid16_40_0_, purchasede0_.odqtycl as odqtycl17_40_0_, purchasede0_.oditc01 as oditc18_40_0_, purchasede0_.odcldt as odcldt19_40_0_, purchasede0_.odcsid as odcsid20_40_0_, purchasede0_.oddccd as oddccd21_40_0_, purchasede0_.oddcrt as oddcrt22_40_0_, purchasede0_.odexcrt as odexcrt23_40_0_, purchasede0_.odexcost as odexcos24_40_0_, purchasede0_.odqtyx as odqtyx25_40_0_, purchasede0_.oducfx as oducfx26_40_0_, purchasede0_.oduncostx as oduncos27_40_0_, purchasede0_.oduomx as oduomx28_40_0_, purchasede0_.odfec as odfec29_40_0_, purchasede0_.odfta as odfta30_40_0_, purchasede0_.odftb as odftb31_40_0_, purchasede0_.odfuc as odfuc32_40_0_, purchasede0_.odglcls as odglcls33_40_0_, purchasede0_.odgldt as odgldt34_40_0_, purchasede0_.odir02 as odir35_40_0_, purchasede0_.odir01 as odir36_40_0_, purchasede0_.odir03 as odir37_40_0_, purchasede0_.odinum as odinum38_40_0_, purchasede0_.oddesb1 as oddesb39_40_0_, purchasede0_.oditc05 as oditc40_40_0_, purchasede0_.odlst as odlst41_40_0_, purchasede0_.odlnty as odlnty42_40_0_, purchasede0_.odlocid as odlocid43_40_0_, purchasede0_.odnst as odnst44_40_0_, purchasede0_.odobid as odobid45_40_0_, purchasede0_.odqtyop as odqtyop46_40_0_, purchasede0_.odordt as odordt47_40_0_, purchasede0_.odqtyor as odqtyor48_40_0_, purchasede0_.odott as odott49_40_0_, purchasede0_.odordocdt as odordoc50_40_0_, purchasede0_.odordocno as odordoc51_40_0_, purchasede0_.odordocsq as odordoc52_40_0_, purchasede0_.odordocty as odordoc53_40_0_, purchasede0_.odptc as odptc54_40_0_, purchasede0_.odpqor as odpqor55_40_0_, purchasede0_.oduom1 as oduom56_40_0_, purchasede0_.odpjid as odpjid57_40_0_, purchasede0_.odpddt as odpddt58_40_0_, purchasede0_.odpo03 as odpo59_40_0_, purchasede0_.odpo01 as odpo60_40_0_, purchasede0_.odpo02 as odpo61_40_0_, purchasede0_.odqty as odqty62_40_0_, purchasede0_.odrcdt as odrcdt63_40_0_, purchasede0_.odqtyrc as odqtyrc64_40_0_, purchasede0_.odstid as odstid65_40_0_, purchasede0_.odvr04 as odvr66_40_0_, purchasede0_.odvr01 as odvr67_40_0_, purchasede0_.odvr03 as odvr68_40_0_, purchasede0_.odvr05 as odvr69_40_0_, purchasede0_.odvr02 as odvr70_40_0_, purchasede0_.odrldocno as odrldoc71_40_0_, purchasede0_.odrldocsq as odrldoc72_40_0_, purchasede0_.odrldocty as odrldoc73_40_0_, purchasede0_.odrqdt as odrqdt74_40_0_, purchasede0_.odqtyrn as odqtyrn75_40_0_, purchasede0_.odsqor as odsqor76_40_0_, purchasede0_.oduom2 as oduom77_40_0_, purchasede0_.odsnlot as odsnlot78_40_0_, purchasede0_.odtaxal as odtaxal79_40_0_, purchasede0_.odtaxam as odtaxam80_40_0_, purchasede0_.odtaxab as odtaxab81_40_0_, purchasede0_.odtaxcd as odtaxcd82_40_0_, purchasede0_.odtaxrt as odtaxrt83_40_0_, purchasede0_.odcrct as odcrct84_40_0_, purchasede0_.oditc03 as oditc85_40_0_, purchasede0_.oducf as oducf86_40_0_, purchasede0_.oduncost as oduncos87_40_0_, purchasede0_.odudc as odudc88_40_0_, purchasede0_.odudf as odudf89_40_0_, purchasede0_.oduom as oduom90_40_0_, purchasede0_.odvnid as odvnid91_40_0_, purchaseor1_.ohcoid as ohcoid1_39_1_, purchaseor1_.ohdocono as ohdocono2_39_1_, purchaseor1_.ohdocoty as ohdocoty3_39_1_, purchaseor1_.ohcid as ohcid4_39_1_, purchaseor1_.ohdtin as ohdtin5_39_1_, purchaseor1_.ohtmin as ohtmin6_39_1_, purchaseor1_.ohuid as ohuid7_39_1_, purchaseor1_.ohdtlu as ohdtlu8_39_1_, purchaseor1_.ohtmlu as ohtmlu9_39_1_, purchaseor1_.ohuidm as ohuidm10_39_1_, purchaseor1_.ohaprcd as ohaprcd11_39_1_, purchaseor1_.ohcrcb as ohcrcb12_39_1_, purchaseor1_.ohbuid as ohbuid13_39_1_, purchaseor1_.ohcldt as ohcldt14_39_1_, purchaseor1_.ohcot as ohcot15_39_1_, purchaseor1_.ohcsid as ohcsid16_39_1_, purchaseor1_.ohdesb1 as ohdesb17_39_1_, purchaseor1_.ohdccd as ohdccd18_39_1_, purchaseor1_.ohdcrt as ohdcrt19_39_1_, purchaseor1_.ohexcrt as ohexcrt20_39_1_, purchaseor1_.ohgldt as ohgldt21_39_1_, purchaseor1_.ohidd as ohidd22_39_1_, purchaseor1_.ohidn as ohidn23_39_1_, purchaseor1_.ohlst as ohlst24_39_1_, purchaseor1_.ohnst as ohnst25_39_1_, purchaseor1_.ohobid as ohobid26_39_1_, purchaseor1_.ohordt as ohordt27_39_1_, purchaseor1_.ohptc as ohptc28_39_1_, purchaseor1_.ohpoa as ohpoa29_39_1_, purchaseor1_.ohpod as ohpod30_39_1_, purchaseor1_.ohpjid as ohpjid31_39_1_, purchaseor1_.ohpddt as ohpddt32_39_1_, purchaseor1_.ohrcdt as ohrcdt33_39_1_, purchaseor1_.ohstid as ohstid34_39_1_, purchaseor1_.ohrqdt as ohrqdt35_39_1_, purchaseor1_.ohtaxal as ohtaxal36_39_1_, purchaseor1_.ohtaxcd as ohtaxcd37_39_1_, purchaseor1_.ohtaxrt as ohtaxrt38_39_1_, purchaseor1_.ohcrct as ohcrct39_39_1_, purchaseor1_.ohdesc1 as ohdesc40_39_1_, purchaseor1_.ohdesc2 as ohdesc41_39_1_, purchaseor1_.ohvhrn as ohvhrn42_39_1_, purchaseor1_.ohvhty as ohvhty43_39_1_, purchaseor1_.ohvnid as ohvnid44_39_1_ from t4311 purchasede0_ inner join t4301 purchaseor1_ on purchasede0_.odcoid=purchaseor1_.ohcoid and purchasede0_.oddocono=purchaseor1_.ohdocono and purchasede0_.oddocoty=purchaseor1_.ohdocoty where purchasede0_.odcoid=? and purchasede0_.oddocono=? and purchasede0_.oddocosq=? and purchasede0_.oddocoty=?
Hibernate: select serialnumb0_.coid as coid1_43_0_, serialnumb0_.docno as docno2_43_0_, serialnumb0_.docty as docty3_43_0_, serialnumb0_.docsq as docsq4_43_0_, serialnumb0_.buid as buid5_43_0_, serialnumb0_.inum as inum6_43_0_, serialnumb0_.snlot as snlot7_43_0_, lotmaster1_.ltbuid as ltbuid1_34_1_, lotmaster1_.ltinum as ltinum2_34_1_, lotmaster1_.ltsnlot as ltsnlot3_34_1_, lotmaster1_.ltcid as ltcid4_34_1_, lotmaster1_.ltdtin as ltdtin5_34_1_, lotmaster1_.lttmin as lttmin6_34_1_, lotmaster1_.ltuid as ltuid7_34_1_, lotmaster1_.ltdtlu as ltdtlu8_34_1_, lotmaster1_.lttmlu as lttmlu9_34_1_, lotmaster1_.ltuidm as ltuidm10_34_1_, lotmaster1_.ltbodt as ltbodt11_34_1_, lotmaster1_.ltbbdt as ltbbdt12_34_1_, lotmaster1_.ltcldt as ltcldt13_34_1_, lotmaster1_.ltexpdt as ltexpdt14_34_1_, lotmaster1_.ltldsc as ltldsc15_34_1_, lotmaster1_.ltledt as ltledt16_34_1_, lotmaster1_.ltlsc as ltlsc17_34_1_, lotmaster1_.ltmlot1 as ltmlot18_34_1_, lotmaster1_.ltmlot2 as ltmlot19_34_1_, lotmaster1_.ltmlot3 as ltmlot20_34_1_, lotmaster1_.ltohdt as ltohdt21_34_1_, lotmaster1_.ltsern as ltsern22_34_1_ from transaction_serialnumbers serialnumb0_ inner join t4108 lotmaster1_ on serialnumb0_.buid=lotmaster1_.ltbuid and serialnumb0_.inum=lotmaster1_.ltinum and serialnumb0_.snlot=lotmaster1_.ltsnlot where serialnumb0_.coid=? and serialnumb0_.docno=? and serialnumb0_.docty=? and serialnumb0_.docsq=?
Hibernate: select purchasede0_.odcoid as odcoid1_40_0_, purchasede0_.oddocono as oddocono2_40_0_, purchasede0_.oddocosq as oddocosq3_40_0_, purchasede0_.oddocoty as oddocoty4_40_0_, purchasede0_.odcid as odcid5_40_0_, purchasede0_.oddtin as oddtin6_40_0_, purchasede0_.odtmin as odtmin7_40_0_, purchasede0_.oduid as oduid8_40_0_, purchasede0_.oddtlu as oddtlu9_40_0_, purchasede0_.odtmlu as odtmlu10_40_0_, purchasede0_.oduidm as oduidm11_40_0_, purchasede0_.odacid as odacid12_40_0_, purchasede0_.odaprcd as odaprcd13_40_0_, purchasede0_.odcrcb as odcrcb14_40_0_, purchasede0_.oditc02 as oditc15_40_0_, purchasede0_.odbuid as odbuid16_40_0_, purchasede0_.odqtycl as odqtycl17_40_0_, purchasede0_.oditc01 as oditc18_40_0_, purchasede0_.odcldt as odcldt19_40_0_, purchasede0_.odcsid as odcsid20_40_0_, purchasede0_.oddccd as oddccd21_40_0_, purchasede0_.oddcrt as oddcrt22_40_0_, purchasede0_.odexcrt as odexcrt23_40_0_, purchasede0_.odexcost as odexcos24_40_0_, purchasede0_.odqtyx as odqtyx25_40_0_, purchasede0_.oducfx as oducfx26_40_0_, purchasede0_.oduncostx as oduncos27_40_0_, purchasede0_.oduomx as oduomx28_40_0_, purchasede0_.odfec as odfec29_40_0_, purchasede0_.odfta as odfta30_40_0_, purchasede0_.odftb as odftb31_40_0_, purchasede0_.odfuc as odfuc32_40_0_, purchasede0_.odglcls as odglcls33_40_0_, purchasede0_.odgldt as odgldt34_40_0_, purchasede0_.odir02 as odir35_40_0_, purchasede0_.odir01 as odir36_40_0_, purchasede0_.odir03 as odir37_40_0_, purchasede0_.odinum as odinum38_40_0_, purchasede0_.oddesb1 as oddesb39_40_0_, purchasede0_.oditc05 as oditc40_40_0_, purchasede0_.odlst as odlst41_40_0_, purchasede0_.odlnty as odlnty42_40_0_, purchasede0_.odlocid as odlocid43_40_0_, purchasede0_.odnst as odnst44_40_0_, purchasede0_.odobid as odobid45_40_0_, purchasede0_.odqtyop as odqtyop46_40_0_, purchasede0_.odordt as odordt47_40_0_, purchasede0_.odqtyor as odqtyor48_40_0_, purchasede0_.odott as odott49_40_0_, purchasede0_.odordocdt as odordoc50_40_0_, purchasede0_.odordocno as odordoc51_40_0_, purchasede0_.odordocsq as odordoc52_40_0_, purchasede0_.odordocty as odordoc53_40_0_, purchasede0_.odptc as odptc54_40_0_, purchasede0_.odpqor as odpqor55_40_0_, purchasede0_.oduom1 as oduom56_40_0_, purchasede0_.odpjid as odpjid57_40_0_, purchasede0_.odpddt as odpddt58_40_0_, purchasede0_.odpo03 as odpo59_40_0_, purchasede0_.odpo01 as odpo60_40_0_, purchasede0_.odpo02 as odpo61_40_0_, purchasede0_.odqty as odqty62_40_0_, purchasede0_.odrcdt as odrcdt63_40_0_, purchasede0_.odqtyrc as odqtyrc64_40_0_, purchasede0_.odstid as odstid65_40_0_, purchasede0_.odvr04 as odvr66_40_0_, purchasede0_.odvr01 as odvr67_40_0_, purchasede0_.odvr03 as odvr68_40_0_, purchasede0_.odvr05 as odvr69_40_0_, purchasede0_.odvr02 as odvr70_40_0_, purchasede0_.odrldocno as odrldoc71_40_0_, purchasede0_.odrldocsq as odrldoc72_40_0_, purchasede0_.odrldocty as odrldoc73_40_0_, purchasede0_.odrqdt as odrqdt74_40_0_, purchasede0_.odqtyrn as odqtyrn75_40_0_, purchasede0_.odsqor as odsqor76_40_0_, purchasede0_.oduom2 as oduom77_40_0_, purchasede0_.odsnlot as odsnlot78_40_0_, purchasede0_.odtaxal as odtaxal79_40_0_, purchasede0_.odtaxam as odtaxam80_40_0_, purchasede0_.odtaxab as odtaxab81_40_0_, purchasede0_.odtaxcd as odtaxcd82_40_0_, purchasede0_.odtaxrt as odtaxrt83_40_0_, purchasede0_.odcrct as odcrct84_40_0_, purchasede0_.oditc03 as oditc85_40_0_, purchasede0_.oducf as oducf86_40_0_, purchasede0_.oduncost as oduncos87_40_0_, purchasede0_.odudc as odudc88_40_0_, purchasede0_.odudf as odudf89_40_0_, purchasede0_.oduom as oduom90_40_0_, purchasede0_.odvnid as odvnid91_40_0_, purchaseor1_.ohcoid as ohcoid1_39_1_, purchaseor1_.ohdocono as ohdocono2_39_1_, purchaseor1_.ohdocoty as ohdocoty3_39_1_, purchaseor1_.ohcid as ohcid4_39_1_, purchaseor1_.ohdtin as ohdtin5_39_1_, purchaseor1_.ohtmin as ohtmin6_39_1_, purchaseor1_.ohuid as ohuid7_39_1_, purchaseor1_.ohdtlu as ohdtlu8_39_1_, purchaseor1_.ohtmlu as ohtmlu9_39_1_, purchaseor1_.ohuidm as ohuidm10_39_1_, purchaseor1_.ohaprcd as ohaprcd11_39_1_, purchaseor1_.ohcrcb as ohcrcb12_39_1_, purchaseor1_.ohbuid as ohbuid13_39_1_, purchaseor1_.ohcldt as ohcldt14_39_1_, purchaseor1_.ohcot as ohcot15_39_1_, purchaseor1_.ohcsid as ohcsid16_39_1_, purchaseor1_.ohdesb1 as ohdesb17_39_1_, purchaseor1_.ohdccd as ohdccd18_39_1_, purchaseor1_.ohdcrt as ohdcrt19_39_1_, purchaseor1_.ohexcrt as ohexcrt20_39_1_, purchaseor1_.ohgldt as ohgldt21_39_1_, purchaseor1_.ohidd as ohidd22_39_1_, purchaseor1_.ohidn as ohidn23_39_1_, purchaseor1_.ohlst as ohlst24_39_1_, purchaseor1_.ohnst as ohnst25_39_1_, purchaseor1_.ohobid as ohobid26_39_1_, purchaseor1_.ohordt as ohordt27_39_1_, purchaseor1_.ohptc as ohptc28_39_1_, purchaseor1_.ohpoa as ohpoa29_39_1_, purchaseor1_.ohpod as ohpod30_39_1_, purchaseor1_.ohpjid as ohpjid31_39_1_, purchaseor1_.ohpddt as ohpddt32_39_1_, purchaseor1_.ohrcdt as ohrcdt33_39_1_, purchaseor1_.ohstid as ohstid34_39_1_, purchaseor1_.ohrqdt as ohrqdt35_39_1_, purchaseor1_.ohtaxal as ohtaxal36_39_1_, purchaseor1_.ohtaxcd as ohtaxcd37_39_1_, purchaseor1_.ohtaxrt as ohtaxrt38_39_1_, purchaseor1_.ohcrct as ohcrct39_39_1_, purchaseor1_.ohdesc1 as ohdesc40_39_1_, purchaseor1_.ohdesc2 as ohdesc41_39_1_, purchaseor1_.ohvhrn as ohvhrn42_39_1_, purchaseor1_.ohvhty as ohvhty43_39_1_, purchaseor1_.ohvnid as ohvnid44_39_1_ from t4311 purchasede0_ inner join t4301 purchaseor1_ on purchasede0_.odcoid=purchaseor1_.ohcoid and purchasede0_.oddocono=purchaseor1_.ohdocono and purchasede0_.oddocoty=purchaseor1_.ohdocoty where purchasede0_.odcoid=? and purchasede0_.oddocono=? and purchasede0_.oddocosq=? and purchasede0_.oddocoty=?
Hibernate: select serialnumb0_.coid as coid1_43_0_, serialnumb0_.docno as docno2_43_0_, serialnumb0_.docty as docty3_43_0_, serialnumb0_.docsq as docsq4_43_0_, serialnumb0_.buid as buid5_43_0_, serialnumb0_.inum as inum6_43_0_, serialnumb0_.snlot as snlot7_43_0_, lotmaster1_.ltbuid as ltbuid1_34_1_, lotmaster1_.ltinum as ltinum2_34_1_, lotmaster1_.ltsnlot as ltsnlot3_34_1_, lotmaster1_.ltcid as ltcid4_34_1_, lotmaster1_.ltdtin as ltdtin5_34_1_, lotmaster1_.lttmin as lttmin6_34_1_, lotmaster1_.ltuid as ltuid7_34_1_, lotmaster1_.ltdtlu as ltdtlu8_34_1_, lotmaster1_.lttmlu as lttmlu9_34_1_, lotmaster1_.ltuidm as ltuidm10_34_1_, lotmaster1_.ltbodt as ltbodt11_34_1_, lotmaster1_.ltbbdt as ltbbdt12_34_1_, lotmaster1_.ltcldt as ltcldt13_34_1_, lotmaster1_.ltexpdt as ltexpdt14_34_1_, lotmaster1_.ltldsc as ltldsc15_34_1_, lotmaster1_.ltledt as ltledt16_34_1_, lotmaster1_.ltlsc as ltlsc17_34_1_, lotmaster1_.ltmlot1 as ltmlot18_34_1_, lotmaster1_.ltmlot2 as ltmlot19_34_1_, lotmaster1_.ltmlot3 as ltmlot20_34_1_, lotmaster1_.ltohdt as ltohdt21_34_1_, lotmaster1_.ltsern as ltsern22_34_1_ from transaction_serialnumbers serialnumb0_ inner join t4108 lotmaster1_ on serialnumb0_.buid=lotmaster1_.ltbuid and serialnumb0_.inum=lotmaster1_.ltinum and serialnumb0_.snlot=lotmaster1_.ltsnlot where serialnumb0_.coid=? and serialnumb0_.docno=? and serialnumb0_.docty=? and serialnumb0_.docsq=?
Hibernate: select purchasede0_.odcoid as odcoid1_40_0_, purchasede0_.oddocono as oddocono2_40_0_, purchasede0_.oddocosq as oddocosq3_40_0_, purchasede0_.oddocoty as oddocoty4_40_0_, purchasede0_.odcid as odcid5_40_0_, purchasede0_.oddtin as oddtin6_40_0_, purchasede0_.odtmin as odtmin7_40_0_, purchasede0_.oduid as oduid8_40_0_, purchasede0_.oddtlu as oddtlu9_40_0_, purchasede0_.odtmlu as odtmlu10_40_0_, purchasede0_.oduidm as oduidm11_40_0_, purchasede0_.odacid as odacid12_40_0_, purchasede0_.odaprcd as odaprcd13_40_0_, purchasede0_.odcrcb as odcrcb14_40_0_, purchasede0_.oditc02 as oditc15_40_0_, purchasede0_.odbuid as odbuid16_40_0_, purchasede0_.odqtycl as odqtycl17_40_0_, purchasede0_.oditc01 as oditc18_40_0_, purchasede0_.odcldt as odcldt19_40_0_, purchasede0_.odcsid as odcsid20_40_0_, purchasede0_.oddccd as oddccd21_40_0_, purchasede0_.oddcrt as oddcrt22_40_0_, purchasede0_.odexcrt as odexcrt23_40_0_, purchasede0_.odexcost as odexcos24_40_0_, purchasede0_.odqtyx as odqtyx25_40_0_, purchasede0_.oducfx as oducfx26_40_0_, purchasede0_.oduncostx as oduncos27_40_0_, purchasede0_.oduomx as oduomx28_40_0_, purchasede0_.odfec as odfec29_40_0_, purchasede0_.odfta as odfta30_40_0_, purchasede0_.odftb as odftb31_40_0_, purchasede0_.odfuc as odfuc32_40_0_, purchasede0_.odglcls as odglcls33_40_0_, purchasede0_.odgldt as odgldt34_40_0_, purchasede0_.odir02 as odir35_40_0_, purchasede0_.odir01 as odir36_40_0_, purchasede0_.odir03 as odir37_40_0_, purchasede0_.odinum as odinum38_40_0_, purchasede0_.oddesb1 as oddesb39_40_0_, purchasede0_.oditc05 as oditc40_40_0_, purchasede0_.odlst as odlst41_40_0_, purchasede0_.odlnty as odlnty42_40_0_, purchasede0_.odlocid as odlocid43_40_0_, purchasede0_.odnst as odnst44_40_0_, purchasede0_.odobid as odobid45_40_0_, purchasede0_.odqtyop as odqtyop46_40_0_, purchasede0_.odordt as odordt47_40_0_, purchasede0_.odqtyor as odqtyor48_40_0_, purchasede0_.odott as odott49_40_0_, purchasede0_.odordocdt as odordoc50_40_0_, purchasede0_.odordocno as odordoc51_40_0_, purchasede0_.odordocsq as odordoc52_40_0_, purchasede0_.odordocty as odordoc53_40_0_, purchasede0_.odptc as odptc54_40_0_, purchasede0_.odpqor as odpqor55_40_0_, purchasede0_.oduom1 as oduom56_40_0_, purchasede0_.odpjid as odpjid57_40_0_, purchasede0_.odpddt as odpddt58_40_0_, purchasede0_.odpo03 as odpo59_40_0_, purchasede0_.odpo01 as odpo60_40_0_, purchasede0_.odpo02 as odpo61_40_0_, purchasede0_.odqty as odqty62_40_0_, purchasede0_.odrcdt as odrcdt63_40_0_, purchasede0_.odqtyrc as odqtyrc64_40_0_, purchasede0_.odstid as odstid65_40_0_, purchasede0_.odvr04 as odvr66_40_0_, purchasede0_.odvr01 as odvr67_40_0_, purchasede0_.odvr03 as odvr68_40_0_, purchasede0_.odvr05 as odvr69_40_0_, purchasede0_.odvr02 as odvr70_40_0_, purchasede0_.odrldocno as odrldoc71_40_0_, purchasede0_.odrldocsq as odrldoc72_40_0_, purchasede0_.odrldocty as odrldoc73_40_0_, purchasede0_.odrqdt as odrqdt74_40_0_, purchasede0_.odqtyrn as odqtyrn75_40_0_, purchasede0_.odsqor as odsqor76_40_0_, purchasede0_.oduom2 as oduom77_40_0_, purchasede0_.odsnlot as odsnlot78_40_0_, purchasede0_.odtaxal as odtaxal79_40_0_, purchasede0_.odtaxam as odtaxam80_40_0_, purchasede0_.odtaxab as odtaxab81_40_0_, purchasede0_.odtaxcd as odtaxcd82_40_0_, purchasede0_.odtaxrt as odtaxrt83_40_0_, purchasede0_.odcrct as odcrct84_40_0_, purchasede0_.oditc03 as oditc85_40_0_, purchasede0_.oducf as oducf86_40_0_, purchasede0_.oduncost as oduncos87_40_0_, purchasede0_.odudc as odudc88_40_0_, purchasede0_.odudf as odudf89_40_0_, purchasede0_.oduom as oduom90_40_0_, purchasede0_.odvnid as odvnid91_40_0_, purchaseor1_.ohcoid as ohcoid1_39_1_, purchaseor1_.ohdocono as ohdocono2_39_1_, purchaseor1_.ohdocoty as ohdocoty3_39_1_, purchaseor1_.ohcid as ohcid4_39_1_, purchaseor1_.ohdtin as ohdtin5_39_1_, purchaseor1_.ohtmin as ohtmin6_39_1_, purchaseor1_.ohuid as ohuid7_39_1_, purchaseor1_.ohdtlu as ohdtlu8_39_1_, purchaseor1_.ohtmlu as ohtmlu9_39_1_, purchaseor1_.ohuidm as ohuidm10_39_1_, purchaseor1_.ohaprcd as ohaprcd11_39_1_, purchaseor1_.ohcrcb as ohcrcb12_39_1_, purchaseor1_.ohbuid as ohbuid13_39_1_, purchaseor1_.ohcldt as ohcldt14_39_1_, purchaseor1_.ohcot as ohcot15_39_1_, purchaseor1_.ohcsid as ohcsid16_39_1_, purchaseor1_.ohdesb1 as ohdesb17_39_1_, purchaseor1_.ohdccd as ohdccd18_39_1_, purchaseor1_.ohdcrt as ohdcrt19_39_1_, purchaseor1_.ohexcrt as ohexcrt20_39_1_, purchaseor1_.ohgldt as ohgldt21_39_1_, purchaseor1_.ohidd as ohidd22_39_1_, purchaseor1_.ohidn as ohidn23_39_1_, purchaseor1_.ohlst as ohlst24_39_1_, purchaseor1_.ohnst as ohnst25_39_1_, purchaseor1_.ohobid as ohobid26_39_1_, purchaseor1_.ohordt as ohordt27_39_1_, purchaseor1_.ohptc as ohptc28_39_1_, purchaseor1_.ohpoa as ohpoa29_39_1_, purchaseor1_.ohpod as ohpod30_39_1_, purchaseor1_.ohpjid as ohpjid31_39_1_, purchaseor1_.ohpddt as ohpddt32_39_1_, purchaseor1_.ohrcdt as ohrcdt33_39_1_, purchaseor1_.ohstid as ohstid34_39_1_, purchaseor1_.ohrqdt as ohrqdt35_39_1_, purchaseor1_.ohtaxal as ohtaxal36_39_1_, purchaseor1_.ohtaxcd as ohtaxcd37_39_1_, purchaseor1_.ohtaxrt as ohtaxrt38_39_1_, purchaseor1_.ohcrct as ohcrct39_39_1_, purchaseor1_.ohdesc1 as ohdesc40_39_1_, purchaseor1_.ohdesc2 as ohdesc41_39_1_, purchaseor1_.ohvhrn as ohvhrn42_39_1_, purchaseor1_.ohvhty as ohvhty43_39_1_, purchaseor1_.ohvnid as ohvnid44_39_1_ from t4311 purchasede0_ inner join t4301 purchaseor1_ on purchasede0_.odcoid=purchaseor1_.ohcoid and purchasede0_.oddocono=purchaseor1_.ohdocono and purchasede0_.oddocoty=purchaseor1_.ohdocoty where purchasede0_.odcoid=? and purchasede0_.oddocono=? and purchasede0_.oddocosq=? and purchasede0_.oddocoty=?
Hibernate: select serialnumb0_.coid as coid1_43_0_, serialnumb0_.docno as docno2_43_0_, serialnumb0_.docty as docty3_43_0_, serialnumb0_.docsq as docsq4_43_0_, serialnumb0_.buid as buid5_43_0_, serialnumb0_.inum as inum6_43_0_, serialnumb0_.snlot as snlot7_43_0_, lotmaster1_.ltbuid as ltbuid1_34_1_, lotmaster1_.ltinum as ltinum2_34_1_, lotmaster1_.ltsnlot as ltsnlot3_34_1_, lotmaster1_.ltcid as ltcid4_34_1_, lotmaster1_.ltdtin as ltdtin5_34_1_, lotmaster1_.lttmin as lttmin6_34_1_, lotmaster1_.ltuid as ltuid7_34_1_, lotmaster1_.ltdtlu as ltdtlu8_34_1_, lotmaster1_.lttmlu as lttmlu9_34_1_, lotmaster1_.ltuidm as ltuidm10_34_1_, lotmaster1_.ltbodt as ltbodt11_34_1_, lotmaster1_.ltbbdt as ltbbdt12_34_1_, lotmaster1_.ltcldt as ltcldt13_34_1_, lotmaster1_.ltexpdt as ltexpdt14_34_1_, lotmaster1_.ltldsc as ltldsc15_34_1_, lotmaster1_.ltledt as ltledt16_34_1_, lotmaster1_.ltlsc as ltlsc17_34_1_, lotmaster1_.ltmlot1 as ltmlot18_34_1_, lotmaster1_.ltmlot2 as ltmlot19_34_1_, lotmaster1_.ltmlot3 as ltmlot20_34_1_, lotmaster1_.ltohdt as ltohdt21_34_1_, lotmaster1_.ltsern as ltsern22_34_1_ from transaction_serialnumbers serialnumb0_ inner join t4108 lotmaster1_ on serialnumb0_.buid=lotmaster1_.ltbuid and serialnumb0_.inum=lotmaster1_.ltinum and serialnumb0_.snlot=lotmaster1_.ltsnlot where serialnumb0_.coid=? and serialnumb0_.docno=? and serialnumb0_.docty=? and serialnumb0_.docsq=?

MockHttpServletRequest:
      HTTP Method = GET
      Request URI = /api/purchaseReceipts/11000_180400187_OV_60
       Parameters = {}
          Headers = {Accept=[application/json]}
             Body = <no character encoding set>
    Session Attrs = {org.springframework.security.web.csrf.HttpSessionCsrfTokenRepository.CSRF_TOKEN=org.springframework.security.web.csrf.DefaultCsrfToken@4c798515, SPRING_SECURITY_CONTEXT=org.springframework.security.core.context.SecurityContextImpl@475fcd89: Authentication: org.springframework.security.authentication.UsernamePasswordAuthenticationToken@475fcd89: Principal: org.springframework.security.core.userdetails.User@f02988d6: Username: username; Password: [PROTECTED]; Enabled: true; AccountNonExpired: true; credentialsNonExpired: true; AccountNonLocked: true; Not granted any authorities; Credentials: [PROTECTED]; Authenticated: true; Details: null; Not granted any authorities}

Handler:
             Type = ags.goldenlionerp.application.purchase.purchasereceipt.PurchaseReceiptController
           Method = public org.springframework.hateoas.Resource<ags.goldenlionerp.application.purchase.purchasereceipt.PurchaseReceiptHeader> ags.goldenlionerp.application.purchase.purchasereceipt.PurchaseReceiptController.getPurchaseReceipt(java.lang.String,org.springframework.data.rest.webmvc.PersistentEntityResourceAssembler)

Async:
    Async started = false
     Async result = null

Resolved Exception:
             Type = null

ModelAndView:
        View name = null
             View = null
            Model = null

FlashMap:
       Attributes = null

MockHttpServletResponse:
           Status = 200
    Error message = null
          Headers = {Content-Type=[application/json;charset=UTF-8], X-Content-Type-Options=[nosniff], X-XSS-Protection=[1; mode=block], Cache-Control=[no-cache, no-store, max-age=0, must-revalidate], Pragma=[no-cache], Expires=[0], X-Frame-Options=[DENY]}
     Content type = application/json;charset=UTF-8
             Body = {
  "companyId" : "11000",
  "documentNumber" : 180400187,
  "documentType" : "OV",
  "businessUnitId" : "110",
  "transactionDate" : "2018-04-27",
  "vendorId" : "2814",
  "customerOrderNumber" : "4522094772",
  "description" : "",
  "details" : [ {
    "inputUserId" : "IIS",
    "lastUpdateUserId" : "IIS",
    "computerId" : "GUDANG-PC",
    "companyId" : "11000",
    "documentNumber" : 180400187,
    "documentType" : "OV",
    "sequence" : 10,
    "purchaseReceiptNumber" : 180400187,
    "purchaseReceiptType" : "OV",
    "matchCode" : "",
    "businessUnitId" : "110",
    "batchNumber" : 133,
    "batchType" : "O",
    "vendorId" : "2814",
    "baseCurrency" : "IDR",
    "transactionCurrency" : "IDR",
    "exchangeRate" : 1.000000000,
    "itemCode" : "HP.LAPTOP - 3PN38PA\t\t\t",
    "locationId" : "GDU",
    "serialLotNo" : "",
    "itemDescription" : "HP Laptop 14-bs702TU INDO Celeron-N3060/4GB/500GB/UMA/Win-10 Hom",
    "lineType" : "S",
    "unitOfMeasure" : "UNT",
    "unitConversionFactor" : 1.000000000,
    "primaryTransactionQuantity" : 5.00000,
    "primaryUnitOfMeasure" : "UNT",
    "secondaryTransactionQuantity" : 0.00000,
    "secondaryUnitOfMeasure" : "UNT",
    "unitCost" : 3533310.0000000,
    "extendedCost" : 17666550.00000,
    "taxBase" : 0.00000,
    "taxAmount" : 1606050.00000,
    "foreignUnitCost" : 0E-7,
    "foreignExtendedCost" : 0.00000,
    "foreignTaxBase" : 0.00000,
    "foreignTaxAmount" : 0.00000,
    "accountId" : "",
    "glClass" : "INFG",
    "lastStatus" : "400",
    "nextStatus" : "440",
    "receiptDate" : null,
    "paymentTermCode" : "N30",
    "taxCode" : "INCL",
    "taxAllowance" : true,
    "taxRate" : 10.000000000000000,
    "discountCode" : "",
    "discountRate" : 0E-15,
    "unitDiscountCode" : "",
    "unitDiscountRate" : 0E-15,
    "projectId" : "",
    "invoiceNumber" : 0,
    "invoiceType" : "",
    "invoiceSequence" : 0,
    "invoiceDate" : null,
    "orderNumber" : 180400177,
    "orderType" : "OP",
    "orderSequence" : 50,
    "orderDetail" : {
      "inputUserId" : "PUPUT",
      "lastUpdateUserId" : "PUPUT",
      "computerId" : "USER-PC",
      "companyId" : "11000",
      "purchaseOrderNumber" : 180400177,
      "purchaseOrderType" : "OP",
      "purchaseOrderSequence" : 50,
      "documentNumber" : 180400177,
      "documentType" : "OP",
      "sequence" : 50,
      "businessUnitId" : "110",
      "vendorId" : "2814",
      "receiverId" : "2814",
      "customerId" : "",
      "itemCode" : "HP.LAPTOP - 3PN38PA\t\t\t",
      "locationId" : "GDU",
      "serialLotNo" : "",
      "itemDescription" : "HP Laptop 14-bs702TU INDO Celeron-N3060/4GB/500GB/UMA/Win-10 Hom",
      "lineType" : "S",
      "quantity" : 5.00000,
      "extendedQuantity" : 0.00000,
      "orderQuantity" : 5.00000,
      "receivedQuantity" : 5.00000,
      "cancelledQuantity" : 0.00000,
      "returnedQuantity" : 0.00000,
      "openQuantity" : 0.00000,
      "unitOfMeasure" : "UNT",
      "extendedUnitOfMeasure" : "",
      "unitConversionFactor" : 1.000000000,
      "extendedUnitConversionFactor" : 0E-9,
      "primaryOrderQuantity" : 5.00000,
      "primaryUnitOfMeasure" : "UNT",
      "secondaryOrderQuantity" : 0.00000,
      "secondaryUnitOfMeasure" : "UNT",
      "baseCurrency" : "IDR",
      "transactionCurrency" : "IDR",
      "exchangeRate" : 1.000000000,
      "unitCost" : 3533310.0000000,
      "extendedUnitCost" : 0E-7,
      "extendedCost" : 17666550.00000,
      "taxBase" : 0.00000,
      "taxAmount" : 1606050.00000,
      "foreignUnitCost" : 0E-7,
      "foreignExtendedCost" : 0.00000,
      "foreignTaxBase" : 0.00000,
      "foreignTaxAmount" : 0.00000,
      "accountId" : "",
      "glClass" : "INFG",
      "lastStatus" : "220",
      "nextStatus" : "400",
      "orderDate" : "2018-04-26",
      "requestDate" : null,
      "promisedDeliveryDate" : "1899-12-30",
      "receiptDate" : null,
      "closedDate" : null,
      "glDate" : null,
      "paymentTermCode" : "N30",
      "taxCode" : "INCL",
      "taxAllowance" : true,
      "taxRate" : 10.000000000000000,
      "discountCode" : "",
      "discountRate" : 0E-15,
      "unitDiscountCode" : "",
      "unitDiscountRate" : 0E-15,
      "projectId" : "",
      "approvalCode" : "",
      "objectId" : "F4311",
      "originalDocumentNumber" : 0,
      "originalDocumentType" : "",
      "originalDocumentSequence" : 0,
      "originalDocumentDate" : null,
      "relatedDocumentNumber" : 0,
      "relatedDocumentType" : "",
      "relatedDocumentSequence" : 0,
      "categoryCode" : "",
      "brandCode" : "",
      "typeCode" : "",
      "landedCostRule" : "",
      "jobNo" : "",
      "shipmentId" : "",
      "packinglistId" : "",
      "deliveryOrderNumber" : "",
      "sealNumber" : "",
      "feederVessel" : "",
      "connectingVessel" : "",
      "shippedBy" : "",
      "containerSize" : "",
      "stuffingType" : "",
      "containerLoadType" : "",
      "orderTransactionType" : "",
      "setForVoid" : false,
      "status" : "CLOSED",
      "lastUpdateDateTime" : "2018-04-26T16:08:05",
      "inputDateTime" : "2018-04-26T16:01:22",
      "extended" : false,
      "unitDiscountAmount" : 0.00,
      "costAfterUnitDiscount" : 17666550.00000,
      "voided" : false
    },
    "originalDocumentNumber" : 0,
    "originalDocumentType" : "",
    "originalDocumentSequence" : 0,
    "customerOrderNumber" : "4522094772",
    "customerOrderDate" : null,
    "vendorInvoiceNumber" : "",
    "vendorInvoiceDate" : null,
    "taxInvoiceNumber" : "",
    "taxInvoiceDate" : null,
    "expiredDate" : null,
    "inventoryTransactionType" : "1",
    "landedCostRecordType" : "",
    "routingProcess" : false,
    "levelCost" : "",
    "categoryCode" : "INV",
    "brandCode" : "",
    "typeCode" : "",
    "landedCostRule" : "",
    "jobNo" : "",
    "shipmentId" : "",
    "packinglistId" : "",
    "deliveryOrderNumber" : "",
    "sealNumber" : "",
    "containerSize" : "",
    "stuffingType" : "",
    "containerLoadType" : "",
    "conditionOfTransport" : "",
    "containerId" : "",
    "portOfDepartureId" : "",
    "portOfArrivalId" : "",
    "importDeclarationNumber" : "",
    "importDeclarationDate" : null,
    "description" : "",
    "objectId" : "F43121",
    "recordId" : "20180427.143644541.0",
    "toBeVoided" : false,
    "additive" : true,
    "transactionDate" : "2018-04-27",
    "businessPartnerId" : "2814",
    "serialOrLotNumbers" : [ ],
    "lastUpdateDateTime" : "2018-04-27T14:34:45",
    "inputDateTime" : "2018-04-27T14:34:45",
    "quantity" : 5.00000,
    "voided" : false
  }, {
    "inputUserId" : "IIS",
    "lastUpdateUserId" : "IIS",
    "computerId" : "GUDANG-PC",
    "companyId" : "11000",
    "documentNumber" : 180400187,
    "documentType" : "OV",
    "sequence" : 20,
    "purchaseReceiptNumber" : 180400187,
    "purchaseReceiptType" : "OV",
    "matchCode" : "",
    "businessUnitId" : "110",
    "batchNumber" : 133,
    "batchType" : "O",
    "vendorId" : "2814",
    "baseCurrency" : "IDR",
    "transactionCurrency" : "IDR",
    "exchangeRate" : 1.000000000,
    "itemCode" : "HP.LAPTOP - 3PN40PA\t\t\t",
    "locationId" : "GDU",
    "serialLotNo" : "",
    "itemDescription" : "HP Laptop 14-bs709TU INDO Celeron-N3060/4GB/500GB/UMA/Win-10 Hom",
    "lineType" : "S",
    "unitOfMeasure" : "UNT",
    "unitConversionFactor" : 1.000000000,
    "primaryTransactionQuantity" : 16.00000,
    "primaryUnitOfMeasure" : "UNT",
    "secondaryTransactionQuantity" : 0.00000,
    "secondaryUnitOfMeasure" : "UNT",
    "unitCost" : 3533310.0000000,
    "extendedCost" : 56532960.00000,
    "taxBase" : 0.00000,
    "taxAmount" : 5139360.00000,
    "foreignUnitCost" : 0E-7,
    "foreignExtendedCost" : 0.00000,
    "foreignTaxBase" : 0.00000,
    "foreignTaxAmount" : 0.00000,
    "accountId" : "",
    "glClass" : "INFG",
    "lastStatus" : "400",
    "nextStatus" : "440",
    "receiptDate" : null,
    "paymentTermCode" : "N30",
    "taxCode" : "INCL",
    "taxAllowance" : true,
    "taxRate" : 10.000000000000000,
    "discountCode" : "",
    "discountRate" : 0E-15,
    "unitDiscountCode" : "",
    "unitDiscountRate" : 0E-15,
    "projectId" : "",
    "invoiceNumber" : 0,
    "invoiceType" : "",
    "invoiceSequence" : 0,
    "invoiceDate" : null,
    "orderNumber" : 180400177,
    "orderType" : "OP",
    "orderSequence" : 10,
    "orderDetail" : {
      "inputUserId" : "PUPUT",
      "lastUpdateUserId" : "PUPUT",
      "computerId" : "USER-PC",
      "companyId" : "11000",
      "purchaseOrderNumber" : 180400177,
      "purchaseOrderType" : "OP",
      "purchaseOrderSequence" : 10,
      "documentNumber" : 180400177,
      "documentType" : "OP",
      "sequence" : 10,
      "businessUnitId" : "110",
      "vendorId" : "2814",
      "receiverId" : "2814",
      "customerId" : "",
      "itemCode" : "HP.LAPTOP - 3PN40PA\t\t\t",
      "locationId" : "GDU",
      "serialLotNo" : "",
      "itemDescription" : "HP Laptop 14-bs709TU INDO Celeron-N3060/4GB/500GB/UMA/Win-10 Hom",
      "lineType" : "S",
      "quantity" : 16.00000,
      "extendedQuantity" : 0.00000,
      "orderQuantity" : 16.00000,
      "receivedQuantity" : 16.00000,
      "cancelledQuantity" : 0.00000,
      "returnedQuantity" : 0.00000,
      "openQuantity" : 0.00000,
      "unitOfMeasure" : "UNT",
      "extendedUnitOfMeasure" : "",
      "unitConversionFactor" : 1.000000000,
      "extendedUnitConversionFactor" : 0E-9,
      "primaryOrderQuantity" : 16.00000,
      "primaryUnitOfMeasure" : "UNT",
      "secondaryOrderQuantity" : 0.00000,
      "secondaryUnitOfMeasure" : "UNT",
      "baseCurrency" : "IDR",
      "transactionCurrency" : "IDR",
      "exchangeRate" : 1.000000000,
      "unitCost" : 3533310.0000000,
      "extendedUnitCost" : 0E-7,
      "extendedCost" : 56532960.00000,
      "taxBase" : 0.00000,
      "taxAmount" : 5139360.00000,
      "foreignUnitCost" : 0E-7,
      "foreignExtendedCost" : 0.00000,
      "foreignTaxBase" : 0.00000,
      "foreignTaxAmount" : 0.00000,
      "accountId" : "",
      "glClass" : "INFG",
      "lastStatus" : "220",
      "nextStatus" : "400",
      "orderDate" : "2018-04-26",
      "requestDate" : null,
      "promisedDeliveryDate" : "1899-12-30",
      "receiptDate" : null,
      "closedDate" : null,
      "glDate" : null,
      "paymentTermCode" : "N30",
      "taxCode" : "INCL",
      "taxAllowance" : true,
      "taxRate" : 10.000000000000000,
      "discountCode" : "",
      "discountRate" : 0E-15,
      "unitDiscountCode" : "",
      "unitDiscountRate" : 0E-15,
      "projectId" : "",
      "approvalCode" : "",
      "objectId" : "F4311",
      "originalDocumentNumber" : 0,
      "originalDocumentType" : "",
      "originalDocumentSequence" : 0,
      "originalDocumentDate" : null,
      "relatedDocumentNumber" : 0,
      "relatedDocumentType" : "",
      "relatedDocumentSequence" : 0,
      "categoryCode" : "",
      "brandCode" : "",
      "typeCode" : "",
      "landedCostRule" : "",
      "jobNo" : "",
      "shipmentId" : "",
      "packinglistId" : "",
      "deliveryOrderNumber" : "",
      "sealNumber" : "",
      "feederVessel" : "",
      "connectingVessel" : "",
      "shippedBy" : "",
      "containerSize" : "",
      "stuffingType" : "",
      "containerLoadType" : "",
      "orderTransactionType" : "",
      "setForVoid" : false,
      "status" : "CLOSED",
      "lastUpdateDateTime" : "2018-04-26T16:06:27",
      "inputDateTime" : "2018-04-26T16:00:40",
      "extended" : false,
      "unitDiscountAmount" : 0.00,
      "costAfterUnitDiscount" : 56532960.00000,
      "voided" : false
    },
    "originalDocumentNumber" : 0,
    "originalDocumentType" : "",
    "originalDocumentSequence" : 0,
    "customerOrderNumber" : "4522094772",
    "customerOrderDate" : null,
    "vendorInvoiceNumber" : "",
    "vendorInvoiceDate" : null,
    "taxInvoiceNumber" : "",
    "taxInvoiceDate" : null,
    "expiredDate" : null,
    "inventoryTransactionType" : "1",
    "landedCostRecordType" : "",
    "routingProcess" : false,
    "levelCost" : "",
    "categoryCode" : "INV",
    "brandCode" : "",
    "typeCode" : "",
    "landedCostRule" : "",
    "jobNo" : "",
    "shipmentId" : "",
    "packinglistId" : "",
    "deliveryOrderNumber" : "",
    "sealNumber" : "",
    "containerSize" : "",
    "stuffingType" : "",
    "containerLoadType" : "",
    "conditionOfTransport" : "",
    "containerId" : "",
    "portOfDepartureId" : "",
    "portOfArrivalId" : "",
    "importDeclarationNumber" : "",
    "importDeclarationDate" : null,
    "description" : "",
    "objectId" : "F43121",
    "recordId" : "20180427.143644605.0",
    "toBeVoided" : false,
    "additive" : true,
    "transactionDate" : "2018-04-27",
    "businessPartnerId" : "2814",
    "serialOrLotNumbers" : [ ],
    "lastUpdateDateTime" : "2018-04-27T14:34:45",
    "inputDateTime" : "2018-04-27T14:34:45",
    "quantity" : 16.00000,
    "voided" : false
  }, {
    "inputUserId" : "IIS",
    "lastUpdateUserId" : "IIS",
    "computerId" : "GUDANG-PC",
    "companyId" : "11000",
    "documentNumber" : 180400187,
    "documentType" : "OV",
    "sequence" : 30,
    "purchaseReceiptNumber" : 180400187,
    "purchaseReceiptType" : "OV",
    "matchCode" : "",
    "businessUnitId" : "110",
    "batchNumber" : 133,
    "batchType" : "O",
    "vendorId" : "2814",
    "baseCurrency" : "IDR",
    "transactionCurrency" : "IDR",
    "exchangeRate" : 1.000000000,
    "itemCode" : "HP.LAPTOP - 3PN41PA\t\t\t",
    "locationId" : "GDU",
    "serialLotNo" : "",
    "itemDescription" : "HP Laptop 14-bs710TU INDO Celeron-N3060/4GB/500GB/UMA/Win-10 Hom",
    "lineType" : "S",
    "unitOfMeasure" : "UNT",
    "unitConversionFactor" : 1.000000000,
    "primaryTransactionQuantity" : 10.00000,
    "primaryUnitOfMeasure" : "UNT",
    "secondaryTransactionQuantity" : 0.00000,
    "secondaryUnitOfMeasure" : "UNT",
    "unitCost" : 3533310.0000000,
    "extendedCost" : 35333100.00000,
    "taxBase" : 0.00000,
    "taxAmount" : 3212100.00000,
    "foreignUnitCost" : 0E-7,
    "foreignExtendedCost" : 0.00000,
    "foreignTaxBase" : 0.00000,
    "foreignTaxAmount" : 0.00000,
    "accountId" : "",
    "glClass" : "INFG",
    "lastStatus" : "400",
    "nextStatus" : "440",
    "receiptDate" : null,
    "paymentTermCode" : "N30",
    "taxCode" : "INCL",
    "taxAllowance" : true,
    "taxRate" : 10.000000000000000,
    "discountCode" : "",
    "discountRate" : 0E-15,
    "unitDiscountCode" : "",
    "unitDiscountRate" : 0E-15,
    "projectId" : "",
    "invoiceNumber" : 0,
    "invoiceType" : "",
    "invoiceSequence" : 0,
    "invoiceDate" : null,
    "orderNumber" : 180400177,
    "orderType" : "OP",
    "orderSequence" : 20,
    "orderDetail" : {
      "inputUserId" : "PUPUT",
      "lastUpdateUserId" : "PUPUT",
      "computerId" : "USER-PC",
      "companyId" : "11000",
      "purchaseOrderNumber" : 180400177,
      "purchaseOrderType" : "OP",
      "purchaseOrderSequence" : 20,
      "documentNumber" : 180400177,
      "documentType" : "OP",
      "sequence" : 20,
      "businessUnitId" : "110",
      "vendorId" : "2814",
      "receiverId" : "2814",
      "customerId" : "",
      "itemCode" : "HP.LAPTOP - 3PN41PA\t\t\t",
      "locationId" : "GDU",
      "serialLotNo" : "",
      "itemDescription" : "HP Laptop 14-bs710TU INDO Celeron-N3060/4GB/500GB/UMA/Win-10 Hom",
      "lineType" : "S",
      "quantity" : 10.00000,
      "extendedQuantity" : 0.00000,
      "orderQuantity" : 10.00000,
      "receivedQuantity" : 10.00000,
      "cancelledQuantity" : 0.00000,
      "returnedQuantity" : 0.00000,
      "openQuantity" : 0.00000,
      "unitOfMeasure" : "UNT",
      "extendedUnitOfMeasure" : "",
      "unitConversionFactor" : 1.000000000,
      "extendedUnitConversionFactor" : 0E-9,
      "primaryOrderQuantity" : 10.00000,
      "primaryUnitOfMeasure" : "UNT",
      "secondaryOrderQuantity" : 0.00000,
      "secondaryUnitOfMeasure" : "UNT",
      "baseCurrency" : "IDR",
      "transactionCurrency" : "IDR",
      "exchangeRate" : 1.000000000,
      "unitCost" : 3533310.0000000,
      "extendedUnitCost" : 0E-7,
      "extendedCost" : 35333100.00000,
      "taxBase" : 0.00000,
      "taxAmount" : 3212100.00000,
      "foreignUnitCost" : 0E-7,
      "foreignExtendedCost" : 0.00000,
      "foreignTaxBase" : 0.00000,
      "foreignTaxAmount" : 0.00000,
      "accountId" : "",
      "glClass" : "INFG",
      "lastStatus" : "220",
      "nextStatus" : "400",
      "orderDate" : "2018-04-26",
      "requestDate" : null,
      "promisedDeliveryDate" : "1899-12-30",
      "receiptDate" : null,
      "closedDate" : null,
      "glDate" : null,
      "paymentTermCode" : "N30",
      "taxCode" : "INCL",
      "taxAllowance" : true,
      "taxRate" : 10.000000000000000,
      "discountCode" : "",
      "discountRate" : 0E-15,
      "unitDiscountCode" : "",
      "unitDiscountRate" : 0E-15,
      "projectId" : "",
      "approvalCode" : "",
      "objectId" : "F4311",
      "originalDocumentNumber" : 0,
      "originalDocumentType" : "",
      "originalDocumentSequence" : 0,
      "originalDocumentDate" : null,
      "relatedDocumentNumber" : 0,
      "relatedDocumentType" : "",
      "relatedDocumentSequence" : 0,
      "categoryCode" : "",
      "brandCode" : "",
      "typeCode" : "",
      "landedCostRule" : "",
      "jobNo" : "",
      "shipmentId" : "",
      "packinglistId" : "",
      "deliveryOrderNumber" : "",
      "sealNumber" : "",
      "feederVessel" : "",
      "connectingVessel" : "",
      "shippedBy" : "",
      "containerSize" : "",
      "stuffingType" : "",
      "containerLoadType" : "",
      "orderTransactionType" : "",
      "setForVoid" : false,
      "status" : "CLOSED",
      "lastUpdateDateTime" : "2018-04-26T16:06:19",
      "inputDateTime" : "2018-04-26T16:00:52",
      "extended" : false,
      "unitDiscountAmount" : 0.00,
      "costAfterUnitDiscount" : 35333100.00000,
      "voided" : false
    },
    "originalDocumentNumber" : 0,
    "originalDocumentType" : "",
    "originalDocumentSequence" : 0,
    "customerOrderNumber" : "4522094772",
    "customerOrderDate" : null,
    "vendorInvoiceNumber" : "",
    "vendorInvoiceDate" : null,
    "taxInvoiceNumber" : "",
    "taxInvoiceDate" : null,
    "expiredDate" : null,
    "inventoryTransactionType" : "1",
    "landedCostRecordType" : "",
    "routingProcess" : false,
    "levelCost" : "",
    "categoryCode" : "INV",
    "brandCode" : "",
    "typeCode" : "",
    "landedCostRule" : "",
    "jobNo" : "",
    "shipmentId" : "",
    "packinglistId" : "",
    "deliveryOrderNumber" : "",
    "sealNumber" : "",
    "containerSize" : "",
    "stuffingType" : "",
    "containerLoadType" : "",
    "conditionOfTransport" : "",
    "containerId" : "",
    "portOfDepartureId" : "",
    "portOfArrivalId" : "",
    "importDeclarationNumber" : "",
    "importDeclarationDate" : null,
    "description" : "",
    "objectId" : "F43121",
    "recordId" : "20180427.143644667.0",
    "toBeVoided" : false,
    "additive" : true,
    "transactionDate" : "2018-04-27",
    "businessPartnerId" : "2814",
    "serialOrLotNumbers" : [ ],
    "lastUpdateDateTime" : "2018-04-27T14:34:45",
    "inputDateTime" : "2018-04-27T14:34:45",
    "quantity" : 10.00000,
    "voided" : false
  }, {
    "inputUserId" : "IIS",
    "lastUpdateUserId" : "IIS",
    "computerId" : "GUDANG-PC",
    "companyId" : "11000",
    "documentNumber" : 180400187,
    "documentType" : "OV",
    "sequence" : 40,
    "purchaseReceiptNumber" : 180400187,
    "purchaseReceiptType" : "OV",
    "matchCode" : "",
    "businessUnitId" : "110",
    "batchNumber" : 133,
    "batchType" : "O",
    "vendorId" : "2814",
    "baseCurrency" : "IDR",
    "transactionCurrency" : "IDR",
    "exchangeRate" : 1.000000000,
    "itemCode" : "HP.LAPTOP - 3PN42PA\t\t\t",
    "locationId" : "GDU",
    "serialLotNo" : "",
    "itemDescription" : "HP Laptop 14-bs711TU INDO Celeron-N3060/4GB/500GB/UMA/Win-10 Hom",
    "lineType" : "S",
    "unitOfMeasure" : "UNT",
    "unitConversionFactor" : 1.000000000,
    "primaryTransactionQuantity" : 15.00000,
    "primaryUnitOfMeasure" : "UNT",
    "secondaryTransactionQuantity" : 0.00000,
    "secondaryUnitOfMeasure" : "UNT",
    "unitCost" : 3533310.0000000,
    "extendedCost" : 52999650.00000,
    "taxBase" : 0.00000,
    "taxAmount" : 4818150.00000,
    "foreignUnitCost" : 0E-7,
    "foreignExtendedCost" : 0.00000,
    "foreignTaxBase" : 0.00000,
    "foreignTaxAmount" : 0.00000,
    "accountId" : "",
    "glClass" : "INFG",
    "lastStatus" : "400",
    "nextStatus" : "440",
    "receiptDate" : null,
    "paymentTermCode" : "N30",
    "taxCode" : "INCL",
    "taxAllowance" : true,
    "taxRate" : 10.000000000000000,
    "discountCode" : "",
    "discountRate" : 0E-15,
    "unitDiscountCode" : "",
    "unitDiscountRate" : 0E-15,
    "projectId" : "",
    "invoiceNumber" : 0,
    "invoiceType" : "",
    "invoiceSequence" : 0,
    "invoiceDate" : null,
    "orderNumber" : 180400177,
    "orderType" : "OP",
    "orderSequence" : 30,
    "orderDetail" : {
      "inputUserId" : "PUPUT",
      "lastUpdateUserId" : "PUPUT",
      "computerId" : "USER-PC",
      "companyId" : "11000",
      "purchaseOrderNumber" : 180400177,
      "purchaseOrderType" : "OP",
      "purchaseOrderSequence" : 30,
      "documentNumber" : 180400177,
      "documentType" : "OP",
      "sequence" : 30,
      "businessUnitId" : "110",
      "vendorId" : "2814",
      "receiverId" : "2814",
      "customerId" : "",
      "itemCode" : "HP.LAPTOP - 3PN42PA\t\t\t",
      "locationId" : "GDU",
      "serialLotNo" : "",
      "itemDescription" : "HP Laptop 14-bs711TU INDO Celeron-N3060/4GB/500GB/UMA/Win-10 Hom",
      "lineType" : "S",
      "quantity" : 15.00000,
      "extendedQuantity" : 0.00000,
      "orderQuantity" : 15.00000,
      "receivedQuantity" : 15.00000,
      "cancelledQuantity" : 0.00000,
      "returnedQuantity" : 0.00000,
      "openQuantity" : 0.00000,
      "unitOfMeasure" : "UNT",
      "extendedUnitOfMeasure" : "",
      "unitConversionFactor" : 1.000000000,
      "extendedUnitConversionFactor" : 0E-9,
      "primaryOrderQuantity" : 15.00000,
      "primaryUnitOfMeasure" : "UNT",
      "secondaryOrderQuantity" : 0.00000,
      "secondaryUnitOfMeasure" : "UNT",
      "baseCurrency" : "IDR",
      "transactionCurrency" : "IDR",
      "exchangeRate" : 1.000000000,
      "unitCost" : 3533310.0000000,
      "extendedUnitCost" : 0E-7,
      "extendedCost" : 52999650.00000,
      "taxBase" : 0.00000,
      "taxAmount" : 4818150.00000,
      "foreignUnitCost" : 0E-7,
      "foreignExtendedCost" : 0.00000,
      "foreignTaxBase" : 0.00000,
      "foreignTaxAmount" : 0.00000,
      "accountId" : "",
      "glClass" : "INFG",
      "lastStatus" : "220",
      "nextStatus" : "400",
      "orderDate" : "2018-04-26",
      "requestDate" : null,
      "promisedDeliveryDate" : "1899-12-30",
      "receiptDate" : null,
      "closedDate" : null,
      "glDate" : null,
      "paymentTermCode" : "N30",
      "taxCode" : "INCL",
      "taxAllowance" : true,
      "taxRate" : 10.000000000000000,
      "discountCode" : "",
      "discountRate" : 0E-15,
      "unitDiscountCode" : "",
      "unitDiscountRate" : 0E-15,
      "projectId" : "",
      "approvalCode" : "",
      "objectId" : "F4311",
      "originalDocumentNumber" : 0,
      "originalDocumentType" : "",
      "originalDocumentSequence" : 0,
      "originalDocumentDate" : null,
      "relatedDocumentNumber" : 0,
      "relatedDocumentType" : "",
      "relatedDocumentSequence" : 0,
      "categoryCode" : "",
      "brandCode" : "",
      "typeCode" : "",
      "landedCostRule" : "",
      "jobNo" : "",
      "shipmentId" : "",
      "packinglistId" : "",
      "deliveryOrderNumber" : "",
      "sealNumber" : "",
      "feederVessel" : "",
      "connectingVessel" : "",
      "shippedBy" : "",
      "containerSize" : "",
      "stuffingType" : "",
      "containerLoadType" : "",
      "orderTransactionType" : "",
      "setForVoid" : false,
      "status" : "CLOSED",
      "lastUpdateDateTime" : "2018-04-26T16:06:41",
      "inputDateTime" : "2018-04-26T16:01:01",
      "extended" : false,
      "unitDiscountAmount" : 0.00,
      "costAfterUnitDiscount" : 52999650.00000,
      "voided" : false
    },
    "originalDocumentNumber" : 0,
    "originalDocumentType" : "",
    "originalDocumentSequence" : 0,
    "customerOrderNumber" : "4522094772",
    "customerOrderDate" : null,
    "vendorInvoiceNumber" : "",
    "vendorInvoiceDate" : null,
    "taxInvoiceNumber" : "",
    "taxInvoiceDate" : null,
    "expiredDate" : null,
    "inventoryTransactionType" : "1",
    "landedCostRecordType" : "",
    "routingProcess" : false,
    "levelCost" : "",
    "categoryCode" : "INV",
    "brandCode" : "",
    "typeCode" : "",
    "landedCostRule" : "",
    "jobNo" : "",
    "shipmentId" : "",
    "packinglistId" : "",
    "deliveryOrderNumber" : "",
    "sealNumber" : "",
    "containerSize" : "",
    "stuffingType" : "",
    "containerLoadType" : "",
    "conditionOfTransport" : "",
    "containerId" : "",
    "portOfDepartureId" : "",
    "portOfArrivalId" : "",
    "importDeclarationNumber" : "",
    "importDeclarationDate" : null,
    "description" : "",
    "objectId" : "F43121",
    "recordId" : "20180427.143644716.0",
    "toBeVoided" : false,
    "additive" : true,
    "transactionDate" : "2018-04-27",
    "businessPartnerId" : "2814",
    "serialOrLotNumbers" : [ ],
    "lastUpdateDateTime" : "2018-04-27T14:34:45",
    "inputDateTime" : "2018-04-27T14:34:45",
    "quantity" : 15.00000,
    "voided" : false
  }, {
    "inputUserId" : "IIS",
    "lastUpdateUserId" : "IIS",
    "computerId" : "GUDANG-PC",
    "companyId" : "11000",
    "documentNumber" : 180400187,
    "documentType" : "OV",
    "sequence" : 50,
    "purchaseReceiptNumber" : 180400187,
    "purchaseReceiptType" : "OV",
    "matchCode" : "",
    "businessUnitId" : "110",
    "batchNumber" : 133,
    "batchType" : "O",
    "vendorId" : "2814",
    "baseCurrency" : "IDR",
    "transactionCurrency" : "IDR",
    "exchangeRate" : 1.000000000,
    "itemCode" : "HP.LAPTOP-14BW010AU BLACK",
    "locationId" : "GDU",
    "serialLotNo" : "",
    "itemDescription" : "HP 14-bw010AU Black A6-9220/14\"HD/4GB/500GB/UMA/DOS/DVD-RW/Wifi",
    "lineType" : "S",
    "unitOfMeasure" : "UNT",
    "unitConversionFactor" : 1.000000000,
    "primaryTransactionQuantity" : 5.00000,
    "primaryUnitOfMeasure" : "UNT",
    "secondaryTransactionQuantity" : 0.00000,
    "secondaryUnitOfMeasure" : "UNT",
    "unitCost" : 3721410.0000000,
    "extendedCost" : 18607050.00000,
    "taxBase" : 0.00000,
    "taxAmount" : 1691550.00000,
    "foreignUnitCost" : 0E-7,
    "foreignExtendedCost" : 0.00000,
    "foreignTaxBase" : 0.00000,
    "foreignTaxAmount" : 0.00000,
    "accountId" : "",
    "glClass" : "INFG",
    "lastStatus" : "400",
    "nextStatus" : "440",
    "receiptDate" : null,
    "paymentTermCode" : "N30",
    "taxCode" : "INCL",
    "taxAllowance" : true,
    "taxRate" : 10.000000000000000,
    "discountCode" : "",
    "discountRate" : 0E-15,
    "unitDiscountCode" : "",
    "unitDiscountRate" : 0E-15,
    "projectId" : "",
    "invoiceNumber" : 0,
    "invoiceType" : "",
    "invoiceSequence" : 0,
    "invoiceDate" : null,
    "orderNumber" : 180400177,
    "orderType" : "OP",
    "orderSequence" : 60,
    "orderDetail" : {
      "inputUserId" : "PUPUT",
      "lastUpdateUserId" : "PUPUT",
      "computerId" : "USER-PC",
      "companyId" : "11000",
      "purchaseOrderNumber" : 180400177,
      "purchaseOrderType" : "OP",
      "purchaseOrderSequence" : 60,
      "documentNumber" : 180400177,
      "documentType" : "OP",
      "sequence" : 60,
      "businessUnitId" : "110",
      "vendorId" : "2814",
      "receiverId" : "2814",
      "customerId" : "",
      "itemCode" : "HP.LAPTOP-14BW010AU BLACK",
      "locationId" : "GDU",
      "serialLotNo" : "",
      "itemDescription" : "HP 14-bw010AU Black A6-9220/14\"HD/4GB/500GB/UMA/DOS/DVD-RW/Wifi",
      "lineType" : "S",
      "quantity" : 5.00000,
      "extendedQuantity" : 0.00000,
      "orderQuantity" : 5.00000,
      "receivedQuantity" : 5.00000,
      "cancelledQuantity" : 0.00000,
      "returnedQuantity" : 0.00000,
      "openQuantity" : 0.00000,
      "unitOfMeasure" : "UNT",
      "extendedUnitOfMeasure" : "",
      "unitConversionFactor" : 1.000000000,
      "extendedUnitConversionFactor" : 0E-9,
      "primaryOrderQuantity" : 5.00000,
      "primaryUnitOfMeasure" : "UNT",
      "secondaryOrderQuantity" : 0.00000,
      "secondaryUnitOfMeasure" : "UNT",
      "baseCurrency" : "IDR",
      "transactionCurrency" : "IDR",
      "exchangeRate" : 1.000000000,
      "unitCost" : 3721410.0000000,
      "extendedUnitCost" : 0E-7,
      "extendedCost" : 18607050.00000,
      "taxBase" : 0.00000,
      "taxAmount" : 1691550.00000,
      "foreignUnitCost" : 0E-7,
      "foreignExtendedCost" : 0.00000,
      "foreignTaxBase" : 0.00000,
      "foreignTaxAmount" : 0.00000,
      "accountId" : "",
      "glClass" : "INFG",
      "lastStatus" : "220",
      "nextStatus" : "400",
      "orderDate" : "2018-04-26",
      "requestDate" : null,
      "promisedDeliveryDate" : "1899-12-30",
      "receiptDate" : null,
      "closedDate" : null,
      "glDate" : null,
      "paymentTermCode" : "N30",
      "taxCode" : "INCL",
      "taxAllowance" : true,
      "taxRate" : 10.000000000000000,
      "discountCode" : "",
      "discountRate" : 0E-15,
      "unitDiscountCode" : "",
      "unitDiscountRate" : 0E-15,
      "projectId" : "",
      "approvalCode" : "",
      "objectId" : "F4311",
      "originalDocumentNumber" : 0,
      "originalDocumentType" : "",
      "originalDocumentSequence" : 0,
      "originalDocumentDate" : null,
      "relatedDocumentNumber" : 0,
      "relatedDocumentType" : "",
      "relatedDocumentSequence" : 0,
      "categoryCode" : "",
      "brandCode" : "",
      "typeCode" : "",
      "landedCostRule" : "",
      "jobNo" : "",
      "shipmentId" : "",
      "packinglistId" : "",
      "deliveryOrderNumber" : "",
      "sealNumber" : "",
      "feederVessel" : "",
      "connectingVessel" : "",
      "shippedBy" : "",
      "containerSize" : "",
      "stuffingType" : "",
      "containerLoadType" : "",
      "orderTransactionType" : "",
      "setForVoid" : false,
      "status" : "CLOSED",
      "lastUpdateDateTime" : "2018-04-26T16:08:11",
      "inputDateTime" : "2018-04-26T16:03:20",
      "extended" : false,
      "unitDiscountAmount" : 0.00,
      "costAfterUnitDiscount" : 18607050.00000,
      "voided" : false
    },
    "originalDocumentNumber" : 0,
    "originalDocumentType" : "",
    "originalDocumentSequence" : 0,
    "customerOrderNumber" : "4522094772",
    "customerOrderDate" : null,
    "vendorInvoiceNumber" : "",
    "vendorInvoiceDate" : null,
    "taxInvoiceNumber" : "",
    "taxInvoiceDate" : null,
    "expiredDate" : null,
    "inventoryTransactionType" : "1",
    "landedCostRecordType" : "",
    "routingProcess" : false,
    "levelCost" : "",
    "categoryCode" : "INV",
    "brandCode" : "",
    "typeCode" : "",
    "landedCostRule" : "",
    "jobNo" : "",
    "shipmentId" : "",
    "packinglistId" : "",
    "deliveryOrderNumber" : "",
    "sealNumber" : "",
    "containerSize" : "",
    "stuffingType" : "",
    "containerLoadType" : "",
    "conditionOfTransport" : "",
    "containerId" : "",
    "portOfDepartureId" : "",
    "portOfArrivalId" : "",
    "importDeclarationNumber" : "",
    "importDeclarationDate" : null,
    "description" : "",
    "objectId" : "F43121",
    "recordId" : "20180427.143644766.0",
    "toBeVoided" : false,
    "additive" : true,
    "transactionDate" : "2018-04-27",
    "businessPartnerId" : "2814",
    "serialOrLotNumbers" : [ ],
    "lastUpdateDateTime" : "2018-04-27T14:34:45",
    "inputDateTime" : "2018-04-27T14:34:45",
    "quantity" : 5.00000,
    "voided" : false
  }, {
    "inputUserId" : "IIS",
    "lastUpdateUserId" : "IIS",
    "computerId" : "GUDANG-PC",
    "companyId" : "11000",
    "documentNumber" : 180400187,
    "documentType" : "OV",
    "sequence" : 60,
    "purchaseReceiptNumber" : 180400187,
    "purchaseReceiptType" : "OV",
    "matchCode" : "",
    "businessUnitId" : "110",
    "batchNumber" : 133,
    "batchType" : "O",
    "vendorId" : "2814",
    "baseCurrency" : "IDR",
    "transactionCurrency" : "IDR",
    "exchangeRate" : 1.000000000,
    "itemCode" : "HP.LAPTOP-1XE24PA#AR6",
    "locationId" : "GDU",
    "serialLotNo" : "",
    "itemDescription" : "HP 14-bw015AU Black A9-9420/14\" HD/4GB/500GB/DOS",
    "lineType" : "S",
    "unitOfMeasure" : "UNT",
    "unitConversionFactor" : 1.000000000,
    "primaryTransactionQuantity" : 15.00000,
    "primaryUnitOfMeasure" : "UNT",
    "secondaryTransactionQuantity" : 0.00000,
    "secondaryUnitOfMeasure" : "UNT",
    "unitCost" : 3899010.0000000,
    "extendedCost" : 58485150.00000,
    "taxBase" : 0.00000,
    "taxAmount" : 5316831.81818,
    "foreignUnitCost" : 0E-7,
    "foreignExtendedCost" : 0.00000,
    "foreignTaxBase" : 0.00000,
    "foreignTaxAmount" : 0.00000,
    "accountId" : "",
    "glClass" : "INFG",
    "lastStatus" : "400",
    "nextStatus" : "440",
    "receiptDate" : null,
    "paymentTermCode" : "N30",
    "taxCode" : "INCL",
    "taxAllowance" : true,
    "taxRate" : 10.000000000000000,
    "discountCode" : "",
    "discountRate" : 0E-15,
    "unitDiscountCode" : "",
    "unitDiscountRate" : 0E-15,
    "projectId" : "",
    "invoiceNumber" : 0,
    "invoiceType" : "",
    "invoiceSequence" : 0,
    "invoiceDate" : null,
    "orderNumber" : 180400177,
    "orderType" : "OP",
    "orderSequence" : 70,
    "orderDetail" : {
      "inputUserId" : "PUPUT",
      "lastUpdateUserId" : "PUPUT",
      "computerId" : "USER-PC",
      "companyId" : "11000",
      "purchaseOrderNumber" : 180400177,
      "purchaseOrderType" : "OP",
      "purchaseOrderSequence" : 70,
      "documentNumber" : 180400177,
      "documentType" : "OP",
      "sequence" : 70,
      "businessUnitId" : "110",
      "vendorId" : "2814",
      "receiverId" : "2814",
      "customerId" : "",
      "itemCode" : "HP.LAPTOP-1XE24PA#AR6",
      "locationId" : "GDU",
      "serialLotNo" : "",
      "itemDescription" : "HP 14-bw015AU Black A9-9420/14\" HD/4GB/500GB/DOS",
      "lineType" : "S",
      "quantity" : 15.00000,
      "extendedQuantity" : 0.00000,
      "orderQuantity" : 15.00000,
      "receivedQuantity" : 15.00000,
      "cancelledQuantity" : 0.00000,
      "returnedQuantity" : 0.00000,
      "openQuantity" : 0.00000,
      "unitOfMeasure" : "UNT",
      "extendedUnitOfMeasure" : "",
      "unitConversionFactor" : 1.000000000,
      "extendedUnitConversionFactor" : 0E-9,
      "primaryOrderQuantity" : 15.00000,
      "primaryUnitOfMeasure" : "UNT",
      "secondaryOrderQuantity" : 0.00000,
      "secondaryUnitOfMeasure" : "UNT",
      "baseCurrency" : "IDR",
      "transactionCurrency" : "IDR",
      "exchangeRate" : 1.000000000,
      "unitCost" : 3899010.0000000,
      "extendedUnitCost" : 0E-7,
      "extendedCost" : 58485150.00000,
      "taxBase" : 0.00000,
      "taxAmount" : 5316831.81818,
      "foreignUnitCost" : 0E-7,
      "foreignExtendedCost" : 0.00000,
      "foreignTaxBase" : 0.00000,
      "foreignTaxAmount" : 0.00000,
      "accountId" : "",
      "glClass" : "INFG",
      "lastStatus" : "220",
      "nextStatus" : "400",
      "orderDate" : "2018-04-26",
      "requestDate" : null,
      "promisedDeliveryDate" : "1899-12-30",
      "receiptDate" : null,
      "closedDate" : null,
      "glDate" : null,
      "paymentTermCode" : "N30",
      "taxCode" : "INCL",
      "taxAllowance" : true,
      "taxRate" : 10.000000000000000,
      "discountCode" : "",
      "discountRate" : 0E-15,
      "unitDiscountCode" : "",
      "unitDiscountRate" : 0E-15,
      "projectId" : "",
      "approvalCode" : "",
      "objectId" : "F4311",
      "originalDocumentNumber" : 0,
      "originalDocumentType" : "",
      "originalDocumentSequence" : 0,
      "originalDocumentDate" : null,
      "relatedDocumentNumber" : 0,
      "relatedDocumentType" : "",
      "relatedDocumentSequence" : 0,
      "categoryCode" : "",
      "brandCode" : "",
      "typeCode" : "",
      "landedCostRule" : "",
      "jobNo" : "",
      "shipmentId" : "",
      "packinglistId" : "",
      "deliveryOrderNumber" : "",
      "sealNumber" : "",
      "feederVessel" : "",
      "connectingVessel" : "",
      "shippedBy" : "",
      "containerSize" : "",
      "stuffingType" : "",
      "containerLoadType" : "",
      "orderTransactionType" : "",
      "setForVoid" : false,
      "status" : "CLOSED",
      "lastUpdateDateTime" : "2018-04-26T16:08:15",
      "inputDateTime" : "2018-04-26T16:04:07",
      "extended" : false,
      "unitDiscountAmount" : 0.00,
      "costAfterUnitDiscount" : 58485150.00000,
      "voided" : false
    },
    "originalDocumentNumber" : 0,
    "originalDocumentType" : "",
    "originalDocumentSequence" : 0,
    "customerOrderNumber" : "4522094772",
    "customerOrderDate" : null,
    "vendorInvoiceNumber" : "",
    "vendorInvoiceDate" : null,
    "taxInvoiceNumber" : "",
    "taxInvoiceDate" : null,
    "expiredDate" : null,
    "inventoryTransactionType" : "1",
    "landedCostRecordType" : "",
    "routingProcess" : false,
    "levelCost" : "",
    "categoryCode" : "",
    "brandCode" : "",
    "typeCode" : "",
    "landedCostRule" : "",
    "jobNo" : "",
    "shipmentId" : "",
    "packinglistId" : "",
    "deliveryOrderNumber" : "",
    "sealNumber" : "",
    "containerSize" : "",
    "stuffingType" : "",
    "containerLoadType" : "",
    "conditionOfTransport" : "",
    "containerId" : "",
    "portOfDepartureId" : "",
    "portOfArrivalId" : "",
    "importDeclarationNumber" : "",
    "importDeclarationDate" : null,
    "description" : "",
    "objectId" : "F43121",
    "recordId" : "20180427.143644837.0",
    "toBeVoided" : false,
    "additive" : true,
    "transactionDate" : "2018-04-27",
    "businessPartnerId" : "2814",
    "serialOrLotNumbers" : [ ],
    "lastUpdateDateTime" : "2018-04-27T14:34:45",
    "inputDateTime" : "2018-04-27T14:34:45",
    "quantity" : 15.00000,
    "voided" : false
  }, {
    "inputUserId" : "IIS",
    "lastUpdateUserId" : "IIS",
    "computerId" : "GUDANG-PC",
    "companyId" : "11000",
    "documentNumber" : 180400187,
    "documentType" : "OV",
    "sequence" : 70,
    "purchaseReceiptNumber" : 180400187,
    "purchaseReceiptType" : "OV",
    "matchCode" : "",
    "businessUnitId" : "110",
    "batchNumber" : 133,
    "batchType" : "O",
    "vendorId" : "2814",
    "baseCurrency" : "IDR",
    "transactionCurrency" : "IDR",
    "exchangeRate" : 1.000000000,
    "itemCode" : "HP.LAPTOP-1XE25PA#AR6",
    "locationId" : "GDU",
    "serialLotNo" : "",
    "itemDescription" : "HP 14-bw016AU White A9-9420/14\" HD/4GB/500GB/DOS",
    "lineType" : "S",
    "unitOfMeasure" : "UNT",
    "unitConversionFactor" : 1.000000000,
    "primaryTransactionQuantity" : 4.00000,
    "primaryUnitOfMeasure" : "UNT",
    "secondaryTransactionQuantity" : 0.00000,
    "secondaryUnitOfMeasure" : "UNT",
    "unitCost" : 3899010.0000000,
    "extendedCost" : 15596040.00000,
    "taxBase" : 0.00000,
    "taxAmount" : 1417821.81818,
    "foreignUnitCost" : 0E-7,
    "foreignExtendedCost" : 0.00000,
    "foreignTaxBase" : 0.00000,
    "foreignTaxAmount" : 0.00000,
    "accountId" : "",
    "glClass" : "INFG",
    "lastStatus" : "400",
    "nextStatus" : "440",
    "receiptDate" : null,
    "paymentTermCode" : "N30",
    "taxCode" : "INCL",
    "taxAllowance" : true,
    "taxRate" : 10.000000000000000,
    "discountCode" : "",
    "discountRate" : 0E-15,
    "unitDiscountCode" : "",
    "unitDiscountRate" : 0E-15,
    "projectId" : "",
    "invoiceNumber" : 0,
    "invoiceType" : "",
    "invoiceSequence" : 0,
    "invoiceDate" : null,
    "orderNumber" : 180400177,
    "orderType" : "OP",
    "orderSequence" : 80,
    "orderDetail" : {
      "inputUserId" : "PUPUT",
      "lastUpdateUserId" : "PUPUT",
      "computerId" : "USER-PC",
      "companyId" : "11000",
      "purchaseOrderNumber" : 180400177,
      "purchaseOrderType" : "OP",
      "purchaseOrderSequence" : 80,
      "documentNumber" : 180400177,
      "documentType" : "OP",
      "sequence" : 80,
      "businessUnitId" : "110",
      "vendorId" : "2814",
      "receiverId" : "2814",
      "customerId" : "",
      "itemCode" : "HP.LAPTOP-1XE25PA#AR6",
      "locationId" : "GDU",
      "serialLotNo" : "",
      "itemDescription" : "HP 14-bw016AU White A9-9420/14\" HD/4GB/500GB/DOS",
      "lineType" : "S",
      "quantity" : 4.00000,
      "extendedQuantity" : 0.00000,
      "orderQuantity" : 4.00000,
      "receivedQuantity" : 4.00000,
      "cancelledQuantity" : 0.00000,
      "returnedQuantity" : 0.00000,
      "openQuantity" : 0.00000,
      "unitOfMeasure" : "UNT",
      "extendedUnitOfMeasure" : "",
      "unitConversionFactor" : 1.000000000,
      "extendedUnitConversionFactor" : 0E-9,
      "primaryOrderQuantity" : 4.00000,
      "primaryUnitOfMeasure" : "UNT",
      "secondaryOrderQuantity" : 0.00000,
      "secondaryUnitOfMeasure" : "UNT",
      "baseCurrency" : "IDR",
      "transactionCurrency" : "IDR",
      "exchangeRate" : 1.000000000,
      "unitCost" : 3899010.0000000,
      "extendedUnitCost" : 0E-7,
      "extendedCost" : 15596040.00000,
      "taxBase" : 0.00000,
      "taxAmount" : 1417821.81818,
      "foreignUnitCost" : 0E-7,
      "foreignExtendedCost" : 0.00000,
      "foreignTaxBase" : 0.00000,
      "foreignTaxAmount" : 0.00000,
      "accountId" : "",
      "glClass" : "INFG",
      "lastStatus" : "220",
      "nextStatus" : "400",
      "orderDate" : "2018-04-26",
      "requestDate" : null,
      "promisedDeliveryDate" : "1899-12-30",
      "receiptDate" : null,
      "closedDate" : null,
      "glDate" : null,
      "paymentTermCode" : "N30",
      "taxCode" : "INCL",
      "taxAllowance" : true,
      "taxRate" : 10.000000000000000,
      "discountCode" : "",
      "discountRate" : 0E-15,
      "unitDiscountCode" : "",
      "unitDiscountRate" : 0E-15,
      "projectId" : "",
      "approvalCode" : "",
      "objectId" : "F4311",
      "originalDocumentNumber" : 0,
      "originalDocumentType" : "",
      "originalDocumentSequence" : 0,
      "originalDocumentDate" : null,
      "relatedDocumentNumber" : 0,
      "relatedDocumentType" : "",
      "relatedDocumentSequence" : 0,
      "categoryCode" : "",
      "brandCode" : "",
      "typeCode" : "",
      "landedCostRule" : "",
      "jobNo" : "",
      "shipmentId" : "",
      "packinglistId" : "",
      "deliveryOrderNumber" : "",
      "sealNumber" : "",
      "feederVessel" : "",
      "connectingVessel" : "",
      "shippedBy" : "",
      "containerSize" : "",
      "stuffingType" : "",
      "containerLoadType" : "",
      "orderTransactionType" : "",
      "setForVoid" : false,
      "status" : "CLOSED",
      "lastUpdateDateTime" : "2018-04-26T16:08:24",
      "inputDateTime" : "2018-04-26T16:04:27",
      "extended" : false,
      "unitDiscountAmount" : 0.00,
      "costAfterUnitDiscount" : 15596040.00000,
      "voided" : false
    },
    "originalDocumentNumber" : 0,
    "originalDocumentType" : "",
    "originalDocumentSequence" : 0,
    "customerOrderNumber" : "4522094772",
    "customerOrderDate" : null,
    "vendorInvoiceNumber" : "",
    "vendorInvoiceDate" : null,
    "taxInvoiceNumber" : "",
    "taxInvoiceDate" : null,
    "expiredDate" : null,
    "inventoryTransactionType" : "1",
    "landedCostRecordType" : "",
    "routingProcess" : false,
    "levelCost" : "",
    "categoryCode" : "",
    "brandCode" : "",
    "typeCode" : "",
    "landedCostRule" : "",
    "jobNo" : "",
    "shipmentId" : "",
    "packinglistId" : "",
    "deliveryOrderNumber" : "",
    "sealNumber" : "",
    "containerSize" : "",
    "stuffingType" : "",
    "containerLoadType" : "",
    "conditionOfTransport" : "",
    "containerId" : "",
    "portOfDepartureId" : "",
    "portOfArrivalId" : "",
    "importDeclarationNumber" : "",
    "importDeclarationDate" : null,
    "description" : "",
    "objectId" : "F43121",
    "recordId" : "20180427.143644910.0",
    "toBeVoided" : false,
    "additive" : true,
    "transactionDate" : "2018-04-27",
    "businessPartnerId" : "2814",
    "serialOrLotNumbers" : [ ],
    "lastUpdateDateTime" : "2018-04-27T14:34:45",
    "inputDateTime" : "2018-04-27T14:34:45",
    "quantity" : 4.00000,
    "voided" : false
  }, {
    "inputUserId" : "IIS",
    "lastUpdateUserId" : "IIS",
    "computerId" : "GUDANG-PC",
    "companyId" : "11000",
    "documentNumber" : 180400187,
    "documentType" : "OV",
    "sequence" : 80,
    "purchaseReceiptNumber" : 180400187,
    "purchaseReceiptType" : "OV",
    "matchCode" : "",
    "businessUnitId" : "110",
    "batchNumber" : 133,
    "batchType" : "O",
    "vendorId" : "2814",
    "baseCurrency" : "IDR",
    "transactionCurrency" : "IDR",
    "exchangeRate" : 1.000000000,
    "itemCode" : "HP.LAPTOP-3PT94PA",
    "locationId" : "GDU",
    "serialLotNo" : "",
    "itemDescription" : "HP  Notebook 14-bs718TU Celeron N3060/4GB/500GB/UMA/Win-10 Home/",
    "lineType" : "S",
    "unitOfMeasure" : "UNT",
    "unitConversionFactor" : 1.000000000,
    "primaryTransactionQuantity" : 10.00000,
    "primaryUnitOfMeasure" : "UNT",
    "secondaryTransactionQuantity" : 0.00000,
    "secondaryUnitOfMeasure" : "UNT",
    "unitCost" : 3533310.0000000,
    "extendedCost" : 35333100.00000,
    "taxBase" : 0.00000,
    "taxAmount" : 3212100.00000,
    "foreignUnitCost" : 0E-7,
    "foreignExtendedCost" : 0.00000,
    "foreignTaxBase" : 0.00000,
    "foreignTaxAmount" : 0.00000,
    "accountId" : "",
    "glClass" : "INFG",
    "lastStatus" : "400",
    "nextStatus" : "440",
    "receiptDate" : null,
    "paymentTermCode" : "N30",
    "taxCode" : "INCL",
    "taxAllowance" : true,
    "taxRate" : 10.000000000000000,
    "discountCode" : "",
    "discountRate" : 0E-15,
    "unitDiscountCode" : "",
    "unitDiscountRate" : 0E-15,
    "projectId" : "",
    "invoiceNumber" : 0,
    "invoiceType" : "",
    "invoiceSequence" : 0,
    "invoiceDate" : null,
    "orderNumber" : 180400177,
    "orderType" : "OP",
    "orderSequence" : 40,
    "orderDetail" : {
      "inputUserId" : "PUPUT",
      "lastUpdateUserId" : "PUPUT",
      "computerId" : "USER-PC",
      "companyId" : "11000",
      "purchaseOrderNumber" : 180400177,
      "purchaseOrderType" : "OP",
      "purchaseOrderSequence" : 40,
      "documentNumber" : 180400177,
      "documentType" : "OP",
      "sequence" : 40,
      "businessUnitId" : "110",
      "vendorId" : "2814",
      "receiverId" : "2814",
      "customerId" : "",
      "itemCode" : "HP.LAPTOP-3PT94PA",
      "locationId" : "GDU",
      "serialLotNo" : "",
      "itemDescription" : "HP  Notebook 14-bs718TU Celeron N3060/4GB/500GB/UMA/Win-10 Home/",
      "lineType" : "S",
      "quantity" : 10.00000,
      "extendedQuantity" : 0.00000,
      "orderQuantity" : 10.00000,
      "receivedQuantity" : 10.00000,
      "cancelledQuantity" : 0.00000,
      "returnedQuantity" : 0.00000,
      "openQuantity" : 0.00000,
      "unitOfMeasure" : "UNT",
      "extendedUnitOfMeasure" : "",
      "unitConversionFactor" : 1.000000000,
      "extendedUnitConversionFactor" : 0E-9,
      "primaryOrderQuantity" : 10.00000,
      "primaryUnitOfMeasure" : "UNT",
      "secondaryOrderQuantity" : 0.00000,
      "secondaryUnitOfMeasure" : "UNT",
      "baseCurrency" : "IDR",
      "transactionCurrency" : "IDR",
      "exchangeRate" : 1.000000000,
      "unitCost" : 3533310.0000000,
      "extendedUnitCost" : 0E-7,
      "extendedCost" : 35333100.00000,
      "taxBase" : 0.00000,
      "taxAmount" : 3212100.00000,
      "foreignUnitCost" : 0E-7,
      "foreignExtendedCost" : 0.00000,
      "foreignTaxBase" : 0.00000,
      "foreignTaxAmount" : 0.00000,
      "accountId" : "",
      "glClass" : "INFG",
      "lastStatus" : "220",
      "nextStatus" : "400",
      "orderDate" : "2018-04-26",
      "requestDate" : null,
      "promisedDeliveryDate" : "1899-12-30",
      "receiptDate" : null,
      "closedDate" : null,
      "glDate" : null,
      "paymentTermCode" : "N30",
      "taxCode" : "INCL",
      "taxAllowance" : true,
      "taxRate" : 10.000000000000000,
      "discountCode" : "",
      "discountRate" : 0E-15,
      "unitDiscountCode" : "",
      "unitDiscountRate" : 0E-15,
      "projectId" : "",
      "approvalCode" : "",
      "objectId" : "F4311",
      "originalDocumentNumber" : 0,
      "originalDocumentType" : "",
      "originalDocumentSequence" : 0,
      "originalDocumentDate" : null,
      "relatedDocumentNumber" : 0,
      "relatedDocumentType" : "",
      "relatedDocumentSequence" : 0,
      "categoryCode" : "",
      "brandCode" : "",
      "typeCode" : "",
      "landedCostRule" : "",
      "jobNo" : "",
      "shipmentId" : "",
      "packinglistId" : "",
      "deliveryOrderNumber" : "",
      "sealNumber" : "",
      "feederVessel" : "",
      "connectingVessel" : "",
      "shippedBy" : "",
      "containerSize" : "",
      "stuffingType" : "",
      "containerLoadType" : "",
      "orderTransactionType" : "",
      "setForVoid" : false,
      "status" : "CLOSED",
      "lastUpdateDateTime" : "2018-04-26T16:06:44",
      "inputDateTime" : "2018-04-26T16:01:12",
      "extended" : false,
      "unitDiscountAmount" : 0.00,
      "costAfterUnitDiscount" : 35333100.00000,
      "voided" : false
    },
    "originalDocumentNumber" : 0,
    "originalDocumentType" : "",
    "originalDocumentSequence" : 0,
    "customerOrderNumber" : "4522094772",
    "customerOrderDate" : null,
    "vendorInvoiceNumber" : "",
    "vendorInvoiceDate" : null,
    "taxInvoiceNumber" : "",
    "taxInvoiceDate" : null,
    "expiredDate" : null,
    "inventoryTransactionType" : "1",
    "landedCostRecordType" : "",
    "routingProcess" : false,
    "levelCost" : "",
    "categoryCode" : "",
    "brandCode" : "",
    "typeCode" : "",
    "landedCostRule" : "",
    "jobNo" : "",
    "shipmentId" : "",
    "packinglistId" : "",
    "deliveryOrderNumber" : "",
    "sealNumber" : "",
    "containerSize" : "",
    "stuffingType" : "",
    "containerLoadType" : "",
    "conditionOfTransport" : "",
    "containerId" : "",
    "portOfDepartureId" : "",
    "portOfArrivalId" : "",
    "importDeclarationNumber" : "",
    "importDeclarationDate" : null,
    "description" : "",
    "objectId" : "F43121",
    "recordId" : "20180427.143644961.0",
    "toBeVoided" : false,
    "additive" : true,
    "transactionDate" : "2018-04-27",
    "businessPartnerId" : "2814",
    "serialOrLotNumbers" : [ ],
    "lastUpdateDateTime" : "2018-04-27T14:34:45",
    "inputDateTime" : "2018-04-27T14:34:45",
    "quantity" : 10.00000,
    "voided" : false
  } ],
  "lastUpdateUserId" : "IIS",
  "lastUpdateDateTime" : "2018-04-27T14:34:45",
  "inputUserId" : "IIS",
  "inputDateTime" : "2018-04-27T14:34:45",
  "computerId" : "GUDANG-PC",
  "batchNumber" : 133,
  "batchType" : "O",
  "details" : [ {
    "inputUserId" : "IIS",
    "lastUpdateUserId" : "IIS",
    "computerId" : "GUDANG-PC",
    "companyId" : "11000",
    "documentNumber" : 180400187,
    "documentType" : "OV",
    "sequence" : 10,
    "purchaseReceiptNumber" : 180400187,
    "purchaseReceiptType" : "OV",
    "matchCode" : "",
    "businessUnitId" : "110",
    "batchNumber" : 133,
    "batchType" : "O",
    "vendorId" : "2814",
    "baseCurrency" : "IDR",
    "transactionCurrency" : "IDR",
    "exchangeRate" : 1.000000000,
    "itemCode" : "HP.LAPTOP - 3PN38PA\t\t\t",
    "locationId" : "GDU",
    "serialLotNo" : "",
    "itemDescription" : "HP Laptop 14-bs702TU INDO Celeron-N3060/4GB/500GB/UMA/Win-10 Hom",
    "lineType" : "S",
    "unitOfMeasure" : "UNT",
    "unitConversionFactor" : 1.000000000,
    "primaryTransactionQuantity" : 5.00000,
    "primaryUnitOfMeasure" : "UNT",
    "secondaryTransactionQuantity" : 0.00000,
    "secondaryUnitOfMeasure" : "UNT",
    "unitCost" : 3533310.0000000,
    "extendedCost" : 17666550.00000,
    "taxBase" : 0.00000,
    "taxAmount" : 1606050.00000,
    "foreignUnitCost" : 0E-7,
    "foreignExtendedCost" : 0.00000,
    "foreignTaxBase" : 0.00000,
    "foreignTaxAmount" : 0.00000,
    "accountId" : "",
    "glClass" : "INFG",
    "lastStatus" : "400",
    "nextStatus" : "440",
    "receiptDate" : null,
    "paymentTermCode" : "N30",
    "taxCode" : "INCL",
    "taxAllowance" : true,
    "taxRate" : 10.000000000000000,
    "discountCode" : "",
    "discountRate" : 0E-15,
    "unitDiscountCode" : "",
    "unitDiscountRate" : 0E-15,
    "projectId" : "",
    "invoiceNumber" : 0,
    "invoiceType" : "",
    "invoiceSequence" : 0,
    "invoiceDate" : null,
    "orderNumber" : 180400177,
    "orderType" : "OP",
    "orderSequence" : 50,
    "orderDetail" : {
      "inputUserId" : "PUPUT",
      "lastUpdateUserId" : "PUPUT",
      "computerId" : "USER-PC",
      "companyId" : "11000",
      "purchaseOrderNumber" : 180400177,
      "purchaseOrderType" : "OP",
      "purchaseOrderSequence" : 50,
      "documentNumber" : 180400177,
      "documentType" : "OP",
      "sequence" : 50,
      "businessUnitId" : "110",
      "vendorId" : "2814",
      "receiverId" : "2814",
      "customerId" : "",
      "itemCode" : "HP.LAPTOP - 3PN38PA\t\t\t",
      "locationId" : "GDU",
      "serialLotNo" : "",
      "itemDescription" : "HP Laptop 14-bs702TU INDO Celeron-N3060/4GB/500GB/UMA/Win-10 Hom",
      "lineType" : "S",
      "quantity" : 5.00000,
      "extendedQuantity" : 0.00000,
      "orderQuantity" : 5.00000,
      "receivedQuantity" : 5.00000,
      "cancelledQuantity" : 0.00000,
      "returnedQuantity" : 0.00000,
      "openQuantity" : 0.00000,
      "unitOfMeasure" : "UNT",
      "extendedUnitOfMeasure" : "",
      "unitConversionFactor" : 1.000000000,
      "extendedUnitConversionFactor" : 0E-9,
      "primaryOrderQuantity" : 5.00000,
      "primaryUnitOfMeasure" : "UNT",
      "secondaryOrderQuantity" : 0.00000,
      "secondaryUnitOfMeasure" : "UNT",
      "baseCurrency" : "IDR",
      "transactionCurrency" : "IDR",
      "exchangeRate" : 1.000000000,
      "unitCost" : 3533310.0000000,
      "extendedUnitCost" : 0E-7,
      "extendedCost" : 17666550.00000,
      "taxBase" : 0.00000,
      "taxAmount" : 1606050.00000,
      "foreignUnitCost" : 0E-7,
      "foreignExtendedCost" : 0.00000,
      "foreignTaxBase" : 0.00000,
      "foreignTaxAmount" : 0.00000,
      "accountId" : "",
      "glClass" : "INFG",
      "lastStatus" : "220",
      "nextStatus" : "400",
      "orderDate" : "2018-04-26",
      "requestDate" : null,
      "promisedDeliveryDate" : "1899-12-30",
      "receiptDate" : null,
      "closedDate" : null,
      "glDate" : null,
      "paymentTermCode" : "N30",
      "taxCode" : "INCL",
      "taxAllowance" : true,
      "taxRate" : 10.000000000000000,
      "discountCode" : "",
      "discountRate" : 0E-15,
      "unitDiscountCode" : "",
      "unitDiscountRate" : 0E-15,
      "projectId" : "",
      "approvalCode" : "",
      "objectId" : "F4311",
      "originalDocumentNumber" : 0,
      "originalDocumentType" : "",
      "originalDocumentSequence" : 0,
      "originalDocumentDate" : null,
      "relatedDocumentNumber" : 0,
      "relatedDocumentType" : "",
      "relatedDocumentSequence" : 0,
      "categoryCode" : "",
      "brandCode" : "",
      "typeCode" : "",
      "landedCostRule" : "",
      "jobNo" : "",
      "shipmentId" : "",
      "packinglistId" : "",
      "deliveryOrderNumber" : "",
      "sealNumber" : "",
      "feederVessel" : "",
      "connectingVessel" : "",
      "shippedBy" : "",
      "containerSize" : "",
      "stuffingType" : "",
      "containerLoadType" : "",
      "orderTransactionType" : "",
      "setForVoid" : false,
      "status" : "CLOSED",
      "lastUpdateDateTime" : "2018-04-26T16:08:05",
      "inputDateTime" : "2018-04-26T16:01:22",
      "extended" : false,
      "unitDiscountAmount" : 0.00,
      "costAfterUnitDiscount" : 17666550.00000,
      "voided" : false
    },
    "originalDocumentNumber" : 0,
    "originalDocumentType" : "",
    "originalDocumentSequence" : 0,
    "customerOrderNumber" : "4522094772",
    "customerOrderDate" : null,
    "vendorInvoiceNumber" : "",
    "vendorInvoiceDate" : null,
    "taxInvoiceNumber" : "",
    "taxInvoiceDate" : null,
    "expiredDate" : null,
    "inventoryTransactionType" : "1",
    "landedCostRecordType" : "",
    "routingProcess" : false,
    "levelCost" : "",
    "categoryCode" : "INV",
    "brandCode" : "",
    "typeCode" : "",
    "landedCostRule" : "",
    "jobNo" : "",
    "shipmentId" : "",
    "packinglistId" : "",
    "deliveryOrderNumber" : "",
    "sealNumber" : "",
    "containerSize" : "",
    "stuffingType" : "",
    "containerLoadType" : "",
    "conditionOfTransport" : "",
    "containerId" : "",
    "portOfDepartureId" : "",
    "portOfArrivalId" : "",
    "importDeclarationNumber" : "",
    "importDeclarationDate" : null,
    "description" : "",
    "objectId" : "F43121",
    "recordId" : "20180427.143644541.0",
    "toBeVoided" : false,
    "additive" : true,
    "transactionDate" : "2018-04-27",
    "businessPartnerId" : "2814",
    "serialOrLotNumbers" : [ ],
    "lastUpdateDateTime" : "2018-04-27T14:34:45",
    "inputDateTime" : "2018-04-27T14:34:45",
    "quantity" : 5.00000,
    "voided" : false,
    "_links" : {
      "self" : {
        "href" : "http://localhost/api/purchaseReceipts/11000_180400187_OV_10"
      },
      "purchaseReceipt" : {
        "href" : "http://localhost/api/purchaseReceipts/11000_180400187_OV_10"
      },
      "item" : {
        "href" : "http://localhost/api/purchaseReceipts/11000_180400187_OV_10/item"
      },
      "serialNumbers" : {
        "href" : "http://localhost/api/purchaseReceipts/11000_180400187_OV_10/serialNumbers"
      }
    }
  }, {
    "inputUserId" : "IIS",
    "lastUpdateUserId" : "IIS",
    "computerId" : "GUDANG-PC",
    "companyId" : "11000",
    "documentNumber" : 180400187,
    "documentType" : "OV",
    "sequence" : 20,
    "purchaseReceiptNumber" : 180400187,
    "purchaseReceiptType" : "OV",
    "matchCode" : "",
    "businessUnitId" : "110",
    "batchNumber" : 133,
    "batchType" : "O",
    "vendorId" : "2814",
    "baseCurrency" : "IDR",
    "transactionCurrency" : "IDR",
    "exchangeRate" : 1.000000000,
    "itemCode" : "HP.LAPTOP - 3PN40PA\t\t\t",
    "locationId" : "GDU",
    "serialLotNo" : "",
    "itemDescription" : "HP Laptop 14-bs709TU INDO Celeron-N3060/4GB/500GB/UMA/Win-10 Hom",
    "lineType" : "S",
    "unitOfMeasure" : "UNT",
    "unitConversionFactor" : 1.000000000,
    "primaryTransactionQuantity" : 16.00000,
    "primaryUnitOfMeasure" : "UNT",
    "secondaryTransactionQuantity" : 0.00000,
    "secondaryUnitOfMeasure" : "UNT",
    "unitCost" : 3533310.0000000,
    "extendedCost" : 56532960.00000,
    "taxBase" : 0.00000,
    "taxAmount" : 5139360.00000,
    "foreignUnitCost" : 0E-7,
    "foreignExtendedCost" : 0.00000,
    "foreignTaxBase" : 0.00000,
    "foreignTaxAmount" : 0.00000,
    "accountId" : "",
    "glClass" : "INFG",
    "lastStatus" : "400",
    "nextStatus" : "440",
    "receiptDate" : null,
    "paymentTermCode" : "N30",
    "taxCode" : "INCL",
    "taxAllowance" : true,
    "taxRate" : 10.000000000000000,
    "discountCode" : "",
    "discountRate" : 0E-15,
    "unitDiscountCode" : "",
    "unitDiscountRate" : 0E-15,
    "projectId" : "",
    "invoiceNumber" : 0,
    "invoiceType" : "",
    "invoiceSequence" : 0,
    "invoiceDate" : null,
    "orderNumber" : 180400177,
    "orderType" : "OP",
    "orderSequence" : 10,
    "orderDetail" : {
      "inputUserId" : "PUPUT",
      "lastUpdateUserId" : "PUPUT",
      "computerId" : "USER-PC",
      "companyId" : "11000",
      "purchaseOrderNumber" : 180400177,
      "purchaseOrderType" : "OP",
      "purchaseOrderSequence" : 10,
      "documentNumber" : 180400177,
      "documentType" : "OP",
      "sequence" : 10,
      "businessUnitId" : "110",
      "vendorId" : "2814",
      "receiverId" : "2814",
      "customerId" : "",
      "itemCode" : "HP.LAPTOP - 3PN40PA\t\t\t",
      "locationId" : "GDU",
      "serialLotNo" : "",
      "itemDescription" : "HP Laptop 14-bs709TU INDO Celeron-N3060/4GB/500GB/UMA/Win-10 Hom",
      "lineType" : "S",
      "quantity" : 16.00000,
      "extendedQuantity" : 0.00000,
      "orderQuantity" : 16.00000,
      "receivedQuantity" : 16.00000,
      "cancelledQuantity" : 0.00000,
      "returnedQuantity" : 0.00000,
      "openQuantity" : 0.00000,
      "unitOfMeasure" : "UNT",
      "extendedUnitOfMeasure" : "",
      "unitConversionFactor" : 1.000000000,
      "extendedUnitConversionFactor" : 0E-9,
      "primaryOrderQuantity" : 16.00000,
      "primaryUnitOfMeasure" : "UNT",
      "secondaryOrderQuantity" : 0.00000,
      "secondaryUnitOfMeasure" : "UNT",
      "baseCurrency" : "IDR",
      "transactionCurrency" : "IDR",
      "exchangeRate" : 1.000000000,
      "unitCost" : 3533310.0000000,
      "extendedUnitCost" : 0E-7,
      "extendedCost" : 56532960.00000,
      "taxBase" : 0.00000,
      "taxAmount" : 5139360.00000,
      "foreignUnitCost" : 0E-7,
      "foreignExtendedCost" : 0.00000,
      "foreignTaxBase" : 0.00000,
      "foreignTaxAmount" : 0.00000,
      "accountId" : "",
      "glClass" : "INFG",
      "lastStatus" : "220",
      "nextStatus" : "400",
      "orderDate" : "2018-04-26",
      "requestDate" : null,
      "promisedDeliveryDate" : "1899-12-30",
      "receiptDate" : null,
      "closedDate" : null,
      "glDate" : null,
      "paymentTermCode" : "N30",
      "taxCode" : "INCL",
      "taxAllowance" : true,
      "taxRate" : 10.000000000000000,
      "discountCode" : "",
      "discountRate" : 0E-15,
      "unitDiscountCode" : "",
      "unitDiscountRate" : 0E-15,
      "projectId" : "",
      "approvalCode" : "",
      "objectId" : "F4311",
      "originalDocumentNumber" : 0,
      "originalDocumentType" : "",
      "originalDocumentSequence" : 0,
      "originalDocumentDate" : null,
      "relatedDocumentNumber" : 0,
      "relatedDocumentType" : "",
      "relatedDocumentSequence" : 0,
      "categoryCode" : "",
      "brandCode" : "",
      "typeCode" : "",
      "landedCostRule" : "",
      "jobNo" : "",
      "shipmentId" : "",
      "packinglistId" : "",
      "deliveryOrderNumber" : "",
      "sealNumber" : "",
      "feederVessel" : "",
      "connectingVessel" : "",
      "shippedBy" : "",
      "containerSize" : "",
      "stuffingType" : "",
      "containerLoadType" : "",
      "orderTransactionType" : "",
      "setForVoid" : false,
      "status" : "CLOSED",
      "lastUpdateDateTime" : "2018-04-26T16:06:27",
      "inputDateTime" : "2018-04-26T16:00:40",
      "extended" : false,
      "unitDiscountAmount" : 0.00,
      "costAfterUnitDiscount" : 56532960.00000,
      "voided" : false
    },
    "originalDocumentNumber" : 0,
    "originalDocumentType" : "",
    "originalDocumentSequence" : 0,
    "customerOrderNumber" : "4522094772",
    "customerOrderDate" : null,
    "vendorInvoiceNumber" : "",
    "vendorInvoiceDate" : null,
    "taxInvoiceNumber" : "",
    "taxInvoiceDate" : null,
    "expiredDate" : null,
    "inventoryTransactionType" : "1",
    "landedCostRecordType" : "",
    "routingProcess" : false,
    "levelCost" : "",
    "categoryCode" : "INV",
    "brandCode" : "",
    "typeCode" : "",
    "landedCostRule" : "",
    "jobNo" : "",
    "shipmentId" : "",
    "packinglistId" : "",
    "deliveryOrderNumber" : "",
    "sealNumber" : "",
    "containerSize" : "",
    "stuffingType" : "",
    "containerLoadType" : "",
    "conditionOfTransport" : "",
    "containerId" : "",
    "portOfDepartureId" : "",
    "portOfArrivalId" : "",
    "importDeclarationNumber" : "",
    "importDeclarationDate" : null,
    "description" : "",
    "objectId" : "F43121",
    "recordId" : "20180427.143644605.0",
    "toBeVoided" : false,
    "additive" : true,
    "transactionDate" : "2018-04-27",
    "businessPartnerId" : "2814",
    "serialOrLotNumbers" : [ ],
    "lastUpdateDateTime" : "2018-04-27T14:34:45",
    "inputDateTime" : "2018-04-27T14:34:45",
    "quantity" : 16.00000,
    "voided" : false,
    "_links" : {
      "self" : {
        "href" : "http://localhost/api/purchaseReceipts/11000_180400187_OV_20"
      },
      "purchaseReceipt" : {
        "href" : "http://localhost/api/purchaseReceipts/11000_180400187_OV_20"
      },
      "item" : {
        "href" : "http://localhost/api/purchaseReceipts/11000_180400187_OV_20/item"
      },
      "serialNumbers" : {
        "href" : "http://localhost/api/purchaseReceipts/11000_180400187_OV_20/serialNumbers"
      }
    }
  }, {
    "inputUserId" : "IIS",
    "lastUpdateUserId" : "IIS",
    "computerId" : "GUDANG-PC",
    "companyId" : "11000",
    "documentNumber" : 180400187,
    "documentType" : "OV",
    "sequence" : 30,
    "purchaseReceiptNumber" : 180400187,
    "purchaseReceiptType" : "OV",
    "matchCode" : "",
    "businessUnitId" : "110",
    "batchNumber" : 133,
    "batchType" : "O",
    "vendorId" : "2814",
    "baseCurrency" : "IDR",
    "transactionCurrency" : "IDR",
    "exchangeRate" : 1.000000000,
    "itemCode" : "HP.LAPTOP - 3PN41PA\t\t\t",
    "locationId" : "GDU",
    "serialLotNo" : "",
    "itemDescription" : "HP Laptop 14-bs710TU INDO Celeron-N3060/4GB/500GB/UMA/Win-10 Hom",
    "lineType" : "S",
    "unitOfMeasure" : "UNT",
    "unitConversionFactor" : 1.000000000,
    "primaryTransactionQuantity" : 10.00000,
    "primaryUnitOfMeasure" : "UNT",
    "secondaryTransactionQuantity" : 0.00000,
    "secondaryUnitOfMeasure" : "UNT",
    "unitCost" : 3533310.0000000,
    "extendedCost" : 35333100.00000,
    "taxBase" : 0.00000,
    "taxAmount" : 3212100.00000,
    "foreignUnitCost" : 0E-7,
    "foreignExtendedCost" : 0.00000,
    "foreignTaxBase" : 0.00000,
    "foreignTaxAmount" : 0.00000,
    "accountId" : "",
    "glClass" : "INFG",
    "lastStatus" : "400",
    "nextStatus" : "440",
    "receiptDate" : null,
    "paymentTermCode" : "N30",
    "taxCode" : "INCL",
    "taxAllowance" : true,
    "taxRate" : 10.000000000000000,
    "discountCode" : "",
    "discountRate" : 0E-15,
    "unitDiscountCode" : "",
    "unitDiscountRate" : 0E-15,
    "projectId" : "",
    "invoiceNumber" : 0,
    "invoiceType" : "",
    "invoiceSequence" : 0,
    "invoiceDate" : null,
    "orderNumber" : 180400177,
    "orderType" : "OP",
    "orderSequence" : 20,
    "orderDetail" : {
      "inputUserId" : "PUPUT",
      "lastUpdateUserId" : "PUPUT",
      "computerId" : "USER-PC",
      "companyId" : "11000",
      "purchaseOrderNumber" : 180400177,
      "purchaseOrderType" : "OP",
      "purchaseOrderSequence" : 20,
      "documentNumber" : 180400177,
      "documentType" : "OP",
      "sequence" : 20,
      "businessUnitId" : "110",
      "vendorId" : "2814",
      "receiverId" : "2814",
      "customerId" : "",
      "itemCode" : "HP.LAPTOP - 3PN41PA\t\t\t",
      "locationId" : "GDU",
      "serialLotNo" : "",
      "itemDescription" : "HP Laptop 14-bs710TU INDO Celeron-N3060/4GB/500GB/UMA/Win-10 Hom",
      "lineType" : "S",
      "quantity" : 10.00000,
      "extendedQuantity" : 0.00000,
      "orderQuantity" : 10.00000,
      "receivedQuantity" : 10.00000,
      "cancelledQuantity" : 0.00000,
      "returnedQuantity" : 0.00000,
      "openQuantity" : 0.00000,
      "unitOfMeasure" : "UNT",
      "extendedUnitOfMeasure" : "",
      "unitConversionFactor" : 1.000000000,
      "extendedUnitConversionFactor" : 0E-9,
      "primaryOrderQuantity" : 10.00000,
      "primaryUnitOfMeasure" : "UNT",
      "secondaryOrderQuantity" : 0.00000,
      "secondaryUnitOfMeasure" : "UNT",
      "baseCurrency" : "IDR",
      "transactionCurrency" : "IDR",
      "exchangeRate" : 1.000000000,
      "unitCost" : 3533310.0000000,
      "extendedUnitCost" : 0E-7,
      "extendedCost" : 35333100.00000,
      "taxBase" : 0.00000,
      "taxAmount" : 3212100.00000,
      "foreignUnitCost" : 0E-7,
      "foreignExtendedCost" : 0.00000,
      "foreignTaxBase" : 0.00000,
      "foreignTaxAmount" : 0.00000,
      "accountId" : "",
      "glClass" : "INFG",
      "lastStatus" : "220",
      "nextStatus" : "400",
      "orderDate" : "2018-04-26",
      "requestDate" : null,
      "promisedDeliveryDate" : "1899-12-30",
      "receiptDate" : null,
      "closedDate" : null,
      "glDate" : null,
      "paymentTermCode" : "N30",
      "taxCode" : "INCL",
      "taxAllowance" : true,
      "taxRate" : 10.000000000000000,
      "discountCode" : "",
      "discountRate" : 0E-15,
      "unitDiscountCode" : "",
      "unitDiscountRate" : 0E-15,
      "projectId" : "",
      "approvalCode" : "",
      "objectId" : "F4311",
      "originalDocumentNumber" : 0,
      "originalDocumentType" : "",
      "originalDocumentSequence" : 0,
      "originalDocumentDate" : null,
      "relatedDocumentNumber" : 0,
      "relatedDocumentType" : "",
      "relatedDocumentSequence" : 0,
      "categoryCode" : "",
      "brandCode" : "",
      "typeCode" : "",
      "landedCostRule" : "",
      "jobNo" : "",
      "shipmentId" : "",
      "packinglistId" : "",
      "deliveryOrderNumber" : "",
      "sealNumber" : "",
      "feederVessel" : "",
      "connectingVessel" : "",
      "shippedBy" : "",
      "containerSize" : "",
      "stuffingType" : "",
      "containerLoadType" : "",
      "orderTransactionType" : "",
      "setForVoid" : false,
      "status" : "CLOSED",
      "lastUpdateDateTime" : "2018-04-26T16:06:19",
      "inputDateTime" : "2018-04-26T16:00:52",
      "extended" : false,
      "unitDiscountAmount" : 0.00,
      "costAfterUnitDiscount" : 35333100.00000,
      "voided" : false
    },
    "originalDocumentNumber" : 0,
    "originalDocumentType" : "",
    "originalDocumentSequence" : 0,
    "customerOrderNumber" : "4522094772",
    "customerOrderDate" : null,
    "vendorInvoiceNumber" : "",
    "vendorInvoiceDate" : null,
    "taxInvoiceNumber" : "",
    "taxInvoiceDate" : null,
    "expiredDate" : null,
    "inventoryTransactionType" : "1",
    "landedCostRecordType" : "",
    "routingProcess" : false,
    "levelCost" : "",
    "categoryCode" : "INV",
    "brandCode" : "",
    "typeCode" : "",
    "landedCostRule" : "",
    "jobNo" : "",
    "shipmentId" : "",
    "packinglistId" : "",
    "deliveryOrderNumber" : "",
    "sealNumber" : "",
    "containerSize" : "",
    "stuffingType" : "",
    "containerLoadType" : "",
    "conditionOfTransport" : "",
    "containerId" : "",
    "portOfDepartureId" : "",
    "portOfArrivalId" : "",
    "importDeclarationNumber" : "",
    "importDeclarationDate" : null,
    "description" : "",
    "objectId" : "F43121",
    "recordId" : "20180427.143644667.0",
    "toBeVoided" : false,
    "additive" : true,
    "transactionDate" : "2018-04-27",
    "businessPartnerId" : "2814",
    "serialOrLotNumbers" : [ ],
    "lastUpdateDateTime" : "2018-04-27T14:34:45",
    "inputDateTime" : "2018-04-27T14:34:45",
    "quantity" : 10.00000,
    "voided" : false,
    "_links" : {
      "self" : {
        "href" : "http://localhost/api/purchaseReceipts/11000_180400187_OV_30"
      },
      "purchaseReceipt" : {
        "href" : "http://localhost/api/purchaseReceipts/11000_180400187_OV_30"
      },
      "item" : {
        "href" : "http://localhost/api/purchaseReceipts/11000_180400187_OV_30/item"
      },
      "serialNumbers" : {
        "href" : "http://localhost/api/purchaseReceipts/11000_180400187_OV_30/serialNumbers"
      }
    }
  }, {
    "inputUserId" : "IIS",
    "lastUpdateUserId" : "IIS",
    "computerId" : "GUDANG-PC",
    "companyId" : "11000",
    "documentNumber" : 180400187,
    "documentType" : "OV",
    "sequence" : 40,
    "purchaseReceiptNumber" : 180400187,
    "purchaseReceiptType" : "OV",
    "matchCode" : "",
    "businessUnitId" : "110",
    "batchNumber" : 133,
    "batchType" : "O",
    "vendorId" : "2814",
    "baseCurrency" : "IDR",
    "transactionCurrency" : "IDR",
    "exchangeRate" : 1.000000000,
    "itemCode" : "HP.LAPTOP - 3PN42PA\t\t\t",
    "locationId" : "GDU",
    "serialLotNo" : "",
    "itemDescription" : "HP Laptop 14-bs711TU INDO Celeron-N3060/4GB/500GB/UMA/Win-10 Hom",
    "lineType" : "S",
    "unitOfMeasure" : "UNT",
    "unitConversionFactor" : 1.000000000,
    "primaryTransactionQuantity" : 15.00000,
    "primaryUnitOfMeasure" : "UNT",
    "secondaryTransactionQuantity" : 0.00000,
    "secondaryUnitOfMeasure" : "UNT",
    "unitCost" : 3533310.0000000,
    "extendedCost" : 52999650.00000,
    "taxBase" : 0.00000,
    "taxAmount" : 4818150.00000,
    "foreignUnitCost" : 0E-7,
    "foreignExtendedCost" : 0.00000,
    "foreignTaxBase" : 0.00000,
    "foreignTaxAmount" : 0.00000,
    "accountId" : "",
    "glClass" : "INFG",
    "lastStatus" : "400",
    "nextStatus" : "440",
    "receiptDate" : null,
    "paymentTermCode" : "N30",
    "taxCode" : "INCL",
    "taxAllowance" : true,
    "taxRate" : 10.000000000000000,
    "discountCode" : "",
    "discountRate" : 0E-15,
    "unitDiscountCode" : "",
    "unitDiscountRate" : 0E-15,
    "projectId" : "",
    "invoiceNumber" : 0,
    "invoiceType" : "",
    "invoiceSequence" : 0,
    "invoiceDate" : null,
    "orderNumber" : 180400177,
    "orderType" : "OP",
    "orderSequence" : 30,
    "orderDetail" : {
      "inputUserId" : "PUPUT",
      "lastUpdateUserId" : "PUPUT",
      "computerId" : "USER-PC",
      "companyId" : "11000",
      "purchaseOrderNumber" : 180400177,
      "purchaseOrderType" : "OP",
      "purchaseOrderSequence" : 30,
      "documentNumber" : 180400177,
      "documentType" : "OP",
      "sequence" : 30,
      "businessUnitId" : "110",
      "vendorId" : "2814",
      "receiverId" : "2814",
      "customerId" : "",
      "itemCode" : "HP.LAPTOP - 3PN42PA\t\t\t",
      "locationId" : "GDU",
      "serialLotNo" : "",
      "itemDescription" : "HP Laptop 14-bs711TU INDO Celeron-N3060/4GB/500GB/UMA/Win-10 Hom",
      "lineType" : "S",
      "quantity" : 15.00000,
      "extendedQuantity" : 0.00000,
      "orderQuantity" : 15.00000,
      "receivedQuantity" : 15.00000,
      "cancelledQuantity" : 0.00000,
      "returnedQuantity" : 0.00000,
      "openQuantity" : 0.00000,
      "unitOfMeasure" : "UNT",
      "extendedUnitOfMeasure" : "",
      "unitConversionFactor" : 1.000000000,
      "extendedUnitConversionFactor" : 0E-9,
      "primaryOrderQuantity" : 15.00000,
      "primaryUnitOfMeasure" : "UNT",
      "secondaryOrderQuantity" : 0.00000,
      "secondaryUnitOfMeasure" : "UNT",
      "baseCurrency" : "IDR",
      "transactionCurrency" : "IDR",
      "exchangeRate" : 1.000000000,
      "unitCost" : 3533310.0000000,
      "extendedUnitCost" : 0E-7,
      "extendedCost" : 52999650.00000,
      "taxBase" : 0.00000,
      "taxAmount" : 4818150.00000,
      "foreignUnitCost" : 0E-7,
      "foreignExtendedCost" : 0.00000,
      "foreignTaxBase" : 0.00000,
      "foreignTaxAmount" : 0.00000,
      "accountId" : "",
      "glClass" : "INFG",
      "lastStatus" : "220",
      "nextStatus" : "400",
      "orderDate" : "2018-04-26",
      "requestDate" : null,
      "promisedDeliveryDate" : "1899-12-30",
      "receiptDate" : null,
      "closedDate" : null,
      "glDate" : null,
      "paymentTermCode" : "N30",
      "taxCode" : "INCL",
      "taxAllowance" : true,
      "taxRate" : 10.000000000000000,
      "discountCode" : "",
      "discountRate" : 0E-15,
      "unitDiscountCode" : "",
      "unitDiscountRate" : 0E-15,
      "projectId" : "",
      "approvalCode" : "",
      "objectId" : "F4311",
      "originalDocumentNumber" : 0,
      "originalDocumentType" : "",
      "originalDocumentSequence" : 0,
      "originalDocumentDate" : null,
      "relatedDocumentNumber" : 0,
      "relatedDocumentType" : "",
      "relatedDocumentSequence" : 0,
      "categoryCode" : "",
      "brandCode" : "",
      "typeCode" : "",
      "landedCostRule" : "",
      "jobNo" : "",
      "shipmentId" : "",
      "packinglistId" : "",
      "deliveryOrderNumber" : "",
      "sealNumber" : "",
      "feederVessel" : "",
      "connectingVessel" : "",
      "shippedBy" : "",
      "containerSize" : "",
      "stuffingType" : "",
      "containerLoadType" : "",
      "orderTransactionType" : "",
      "setForVoid" : false,
      "status" : "CLOSED",
      "lastUpdateDateTime" : "2018-04-26T16:06:41",
      "inputDateTime" : "2018-04-26T16:01:01",
      "extended" : false,
      "unitDiscountAmount" : 0.00,
      "costAfterUnitDiscount" : 52999650.00000,
      "voided" : false
    },
    "originalDocumentNumber" : 0,
    "originalDocumentType" : "",
    "originalDocumentSequence" : 0,
    "customerOrderNumber" : "4522094772",
    "customerOrderDate" : null,
    "vendorInvoiceNumber" : "",
    "vendorInvoiceDate" : null,
    "taxInvoiceNumber" : "",
    "taxInvoiceDate" : null,
    "expiredDate" : null,
    "inventoryTransactionType" : "1",
    "landedCostRecordType" : "",
    "routingProcess" : false,
    "levelCost" : "",
    "categoryCode" : "INV",
    "brandCode" : "",
    "typeCode" : "",
    "landedCostRule" : "",
    "jobNo" : "",
    "shipmentId" : "",
    "packinglistId" : "",
    "deliveryOrderNumber" : "",
    "sealNumber" : "",
    "containerSize" : "",
    "stuffingType" : "",
    "containerLoadType" : "",
    "conditionOfTransport" : "",
    "containerId" : "",
    "portOfDepartureId" : "",
    "portOfArrivalId" : "",
    "importDeclarationNumber" : "",
    "importDeclarationDate" : null,
    "description" : "",
    "objectId" : "F43121",
    "recordId" : "20180427.143644716.0",
    "toBeVoided" : false,
    "additive" : true,
    "transactionDate" : "2018-04-27",
    "businessPartnerId" : "2814",
    "serialOrLotNumbers" : [ ],
    "lastUpdateDateTime" : "2018-04-27T14:34:45",
    "inputDateTime" : "2018-04-27T14:34:45",
    "quantity" : 15.00000,
    "voided" : false,
    "_links" : {
      "self" : {
        "href" : "http://localhost/api/purchaseReceipts/11000_180400187_OV_40"
      },
      "purchaseReceipt" : {
        "href" : "http://localhost/api/purchaseReceipts/11000_180400187_OV_40"
      },
      "item" : {
        "href" : "http://localhost/api/purchaseReceipts/11000_180400187_OV_40/item"
      },
      "serialNumbers" : {
        "href" : "http://localhost/api/purchaseReceipts/11000_180400187_OV_40/serialNumbers"
      }
    }
  }, {
    "inputUserId" : "IIS",
    "lastUpdateUserId" : "IIS",
    "computerId" : "GUDANG-PC",
    "companyId" : "11000",
    "documentNumber" : 180400187,
    "documentType" : "OV",
    "sequence" : 50,
    "purchaseReceiptNumber" : 180400187,
    "purchaseReceiptType" : "OV",
    "matchCode" : "",
    "businessUnitId" : "110",
    "batchNumber" : 133,
    "batchType" : "O",
    "vendorId" : "2814",
    "baseCurrency" : "IDR",
    "transactionCurrency" : "IDR",
    "exchangeRate" : 1.000000000,
    "itemCode" : "HP.LAPTOP-14BW010AU BLACK",
    "locationId" : "GDU",
    "serialLotNo" : "",
    "itemDescription" : "HP 14-bw010AU Black A6-9220/14\"HD/4GB/500GB/UMA/DOS/DVD-RW/Wifi",
    "lineType" : "S",
    "unitOfMeasure" : "UNT",
    "unitConversionFactor" : 1.000000000,
    "primaryTransactionQuantity" : 5.00000,
    "primaryUnitOfMeasure" : "UNT",
    "secondaryTransactionQuantity" : 0.00000,
    "secondaryUnitOfMeasure" : "UNT",
    "unitCost" : 3721410.0000000,
    "extendedCost" : 18607050.00000,
    "taxBase" : 0.00000,
    "taxAmount" : 1691550.00000,
    "foreignUnitCost" : 0E-7,
    "foreignExtendedCost" : 0.00000,
    "foreignTaxBase" : 0.00000,
    "foreignTaxAmount" : 0.00000,
    "accountId" : "",
    "glClass" : "INFG",
    "lastStatus" : "400",
    "nextStatus" : "440",
    "receiptDate" : null,
    "paymentTermCode" : "N30",
    "taxCode" : "INCL",
    "taxAllowance" : true,
    "taxRate" : 10.000000000000000,
    "discountCode" : "",
    "discountRate" : 0E-15,
    "unitDiscountCode" : "",
    "unitDiscountRate" : 0E-15,
    "projectId" : "",
    "invoiceNumber" : 0,
    "invoiceType" : "",
    "invoiceSequence" : 0,
    "invoiceDate" : null,
    "orderNumber" : 180400177,
    "orderType" : "OP",
    "orderSequence" : 60,
    "orderDetail" : {
      "inputUserId" : "PUPUT",
      "lastUpdateUserId" : "PUPUT",
      "computerId" : "USER-PC",
      "companyId" : "11000",
      "purchaseOrderNumber" : 180400177,
      "purchaseOrderType" : "OP",
      "purchaseOrderSequence" : 60,
      "documentNumber" : 180400177,
      "documentType" : "OP",
      "sequence" : 60,
      "businessUnitId" : "110",
      "vendorId" : "2814",
      "receiverId" : "2814",
      "customerId" : "",
      "itemCode" : "HP.LAPTOP-14BW010AU BLACK",
      "locationId" : "GDU",
      "serialLotNo" : "",
      "itemDescription" : "HP 14-bw010AU Black A6-9220/14\"HD/4GB/500GB/UMA/DOS/DVD-RW/Wifi",
      "lineType" : "S",
      "quantity" : 5.00000,
      "extendedQuantity" : 0.00000,
      "orderQuantity" : 5.00000,
      "receivedQuantity" : 5.00000,
      "cancelledQuantity" : 0.00000,
      "returnedQuantity" : 0.00000,
      "openQuantity" : 0.00000,
      "unitOfMeasure" : "UNT",
      "extendedUnitOfMeasure" : "",
      "unitConversionFactor" : 1.000000000,
      "extendedUnitConversionFactor" : 0E-9,
      "primaryOrderQuantity" : 5.00000,
      "primaryUnitOfMeasure" : "UNT",
      "secondaryOrderQuantity" : 0.00000,
      "secondaryUnitOfMeasure" : "UNT",
      "baseCurrency" : "IDR",
      "transactionCurrency" : "IDR",
      "exchangeRate" : 1.000000000,
      "unitCost" : 3721410.0000000,
      "extendedUnitCost" : 0E-7,
      "extendedCost" : 18607050.00000,
      "taxBase" : 0.00000,
      "taxAmount" : 1691550.00000,
      "foreignUnitCost" : 0E-7,
      "foreignExtendedCost" : 0.00000,
      "foreignTaxBase" : 0.00000,
      "foreignTaxAmount" : 0.00000,
      "accountId" : "",
      "glClass" : "INFG",
      "lastStatus" : "220",
      "nextStatus" : "400",
      "orderDate" : "2018-04-26",
      "requestDate" : null,
      "promisedDeliveryDate" : "1899-12-30",
      "receiptDate" : null,
      "closedDate" : null,
      "glDate" : null,
      "paymentTermCode" : "N30",
      "taxCode" : "INCL",
      "taxAllowance" : true,
      "taxRate" : 10.000000000000000,
      "discountCode" : "",
      "discountRate" : 0E-15,
      "unitDiscountCode" : "",
      "unitDiscountRate" : 0E-15,
      "projectId" : "",
      "approvalCode" : "",
      "objectId" : "F4311",
      "originalDocumentNumber" : 0,
      "originalDocumentType" : "",
      "originalDocumentSequence" : 0,
      "originalDocumentDate" : null,
      "relatedDocumentNumber" : 0,
      "relatedDocumentType" : "",
      "relatedDocumentSequence" : 0,
      "categoryCode" : "",
      "brandCode" : "",
      "typeCode" : "",
      "landedCostRule" : "",
      "jobNo" : "",
      "shipmentId" : "",
      "packinglistId" : "",
      "deliveryOrderNumber" : "",
      "sealNumber" : "",
      "feederVessel" : "",
      "connectingVessel" : "",
      "shippedBy" : "",
      "containerSize" : "",
      "stuffingType" : "",
      "containerLoadType" : "",
      "orderTransactionType" : "",
      "setForVoid" : false,
      "status" : "CLOSED",
      "lastUpdateDateTime" : "2018-04-26T16:08:11",
      "inputDateTime" : "2018-04-26T16:03:20",
      "extended" : false,
      "unitDiscountAmount" : 0.00,
      "costAfterUnitDiscount" : 18607050.00000,
      "voided" : false
    },
    "originalDocumentNumber" : 0,
    "originalDocumentType" : "",
    "originalDocumentSequence" : 0,
    "customerOrderNumber" : "4522094772",
    "customerOrderDate" : null,
    "vendorInvoiceNumber" : "",
    "vendorInvoiceDate" : null,
    "taxInvoiceNumber" : "",
    "taxInvoiceDate" : null,
    "expiredDate" : null,
    "inventoryTransactionType" : "1",
    "landedCostRecordType" : "",
    "routingProcess" : false,
    "levelCost" : "",
    "categoryCode" : "INV",
    "brandCode" : "",
    "typeCode" : "",
    "landedCostRule" : "",
    "jobNo" : "",
    "shipmentId" : "",
    "packinglistId" : "",
    "deliveryOrderNumber" : "",
    "sealNumber" : "",
    "containerSize" : "",
    "stuffingType" : "",
    "containerLoadType" : "",
    "conditionOfTransport" : "",
    "containerId" : "",
    "portOfDepartureId" : "",
    "portOfArrivalId" : "",
    "importDeclarationNumber" : "",
    "importDeclarationDate" : null,
    "description" : "",
    "objectId" : "F43121",
    "recordId" : "20180427.143644766.0",
    "toBeVoided" : false,
    "additive" : true,
    "transactionDate" : "2018-04-27",
    "businessPartnerId" : "2814",
    "serialOrLotNumbers" : [ ],
    "lastUpdateDateTime" : "2018-04-27T14:34:45",
    "inputDateTime" : "2018-04-27T14:34:45",
    "quantity" : 5.00000,
    "voided" : false,
    "_links" : {
      "self" : {
        "href" : "http://localhost/api/purchaseReceipts/11000_180400187_OV_50"
      },
      "purchaseReceipt" : {
        "href" : "http://localhost/api/purchaseReceipts/11000_180400187_OV_50"
      },
      "item" : {
        "href" : "http://localhost/api/purchaseReceipts/11000_180400187_OV_50/item"
      },
      "serialNumbers" : {
        "href" : "http://localhost/api/purchaseReceipts/11000_180400187_OV_50/serialNumbers"
      }
    }
  }, {
    "inputUserId" : "IIS",
    "lastUpdateUserId" : "IIS",
    "computerId" : "GUDANG-PC",
    "companyId" : "11000",
    "documentNumber" : 180400187,
    "documentType" : "OV",
    "sequence" : 60,
    "purchaseReceiptNumber" : 180400187,
    "purchaseReceiptType" : "OV",
    "matchCode" : "",
    "businessUnitId" : "110",
    "batchNumber" : 133,
    "batchType" : "O",
    "vendorId" : "2814",
    "baseCurrency" : "IDR",
    "transactionCurrency" : "IDR",
    "exchangeRate" : 1.000000000,
    "itemCode" : "HP.LAPTOP-1XE24PA#AR6",
    "locationId" : "GDU",
    "serialLotNo" : "",
    "itemDescription" : "HP 14-bw015AU Black A9-9420/14\" HD/4GB/500GB/DOS",
    "lineType" : "S",
    "unitOfMeasure" : "UNT",
    "unitConversionFactor" : 1.000000000,
    "primaryTransactionQuantity" : 15.00000,
    "primaryUnitOfMeasure" : "UNT",
    "secondaryTransactionQuantity" : 0.00000,
    "secondaryUnitOfMeasure" : "UNT",
    "unitCost" : 3899010.0000000,
    "extendedCost" : 58485150.00000,
    "taxBase" : 0.00000,
    "taxAmount" : 5316831.81818,
    "foreignUnitCost" : 0E-7,
    "foreignExtendedCost" : 0.00000,
    "foreignTaxBase" : 0.00000,
    "foreignTaxAmount" : 0.00000,
    "accountId" : "",
    "glClass" : "INFG",
    "lastStatus" : "400",
    "nextStatus" : "440",
    "receiptDate" : null,
    "paymentTermCode" : "N30",
    "taxCode" : "INCL",
    "taxAllowance" : true,
    "taxRate" : 10.000000000000000,
    "discountCode" : "",
    "discountRate" : 0E-15,
    "unitDiscountCode" : "",
    "unitDiscountRate" : 0E-15,
    "projectId" : "",
    "invoiceNumber" : 0,
    "invoiceType" : "",
    "invoiceSequence" : 0,
    "invoiceDate" : null,
    "orderNumber" : 180400177,
    "orderType" : "OP",
    "orderSequence" : 70,
    "orderDetail" : {
      "inputUserId" : "PUPUT",
      "lastUpdateUserId" : "PUPUT",
      "computerId" : "USER-PC",
      "companyId" : "11000",
      "purchaseOrderNumber" : 180400177,
      "purchaseOrderType" : "OP",
      "purchaseOrderSequence" : 70,
      "documentNumber" : 180400177,
      "documentType" : "OP",
      "sequence" : 70,
      "businessUnitId" : "110",
      "vendorId" : "2814",
      "receiverId" : "2814",
      "customerId" : "",
      "itemCode" : "HP.LAPTOP-1XE24PA#AR6",
      "locationId" : "GDU",
      "serialLotNo" : "",
      "itemDescription" : "HP 14-bw015AU Black A9-9420/14\" HD/4GB/500GB/DOS",
      "lineType" : "S",
      "quantity" : 15.00000,
      "extendedQuantity" : 0.00000,
      "orderQuantity" : 15.00000,
      "receivedQuantity" : 15.00000,
      "cancelledQuantity" : 0.00000,
      "returnedQuantity" : 0.00000,
      "openQuantity" : 0.00000,
      "unitOfMeasure" : "UNT",
      "extendedUnitOfMeasure" : "",
      "unitConversionFactor" : 1.000000000,
      "extendedUnitConversionFactor" : 0E-9,
      "primaryOrderQuantity" : 15.00000,
      "primaryUnitOfMeasure" : "UNT",
      "secondaryOrderQuantity" : 0.00000,
      "secondaryUnitOfMeasure" : "UNT",
      "baseCurrency" : "IDR",
      "transactionCurrency" : "IDR",
      "exchangeRate" : 1.000000000,
      "unitCost" : 3899010.0000000,
      "extendedUnitCost" : 0E-7,
      "extendedCost" : 58485150.00000,
      "taxBase" : 0.00000,
      "taxAmount" : 5316831.81818,
      "foreignUnitCost" : 0E-7,
      "foreignExtendedCost" : 0.00000,
      "foreignTaxBase" : 0.00000,
      "foreignTaxAmount" : 0.00000,
      "accountId" : "",
      "glClass" : "INFG",
      "lastStatus" : "220",
      "nextStatus" : "400",
      "orderDate" : "2018-04-26",
      "requestDate" : null,
      "promisedDeliveryDate" : "1899-12-30",
      "receiptDate" : null,
      "closedDate" : null,
      "glDate" : null,
      "paymentTermCode" : "N30",
      "taxCode" : "INCL",
      "taxAllowance" : true,
      "taxRate" : 10.000000000000000,
      "discountCode" : "",
      "discountRate" : 0E-15,
      "unitDiscountCode" : "",
      "unitDiscountRate" : 0E-15,
      "projectId" : "",
      "approvalCode" : "",
      "objectId" : "F4311",
      "originalDocumentNumber" : 0,
      "originalDocumentType" : "",
      "originalDocumentSequence" : 0,
      "originalDocumentDate" : null,
      "relatedDocumentNumber" : 0,
      "relatedDocumentType" : "",
      "relatedDocumentSequence" : 0,
      "categoryCode" : "",
      "brandCode" : "",
      "typeCode" : "",
      "landedCostRule" : "",
      "jobNo" : "",
      "shipmentId" : "",
      "packinglistId" : "",
      "deliveryOrderNumber" : "",
      "sealNumber" : "",
      "feederVessel" : "",
      "connectingVessel" : "",
      "shippedBy" : "",
      "containerSize" : "",
      "stuffingType" : "",
      "containerLoadType" : "",
      "orderTransactionType" : "",
      "setForVoid" : false,
      "status" : "CLOSED",
      "lastUpdateDateTime" : "2018-04-26T16:08:15",
      "inputDateTime" : "2018-04-26T16:04:07",
      "extended" : false,
      "unitDiscountAmount" : 0.00,
      "costAfterUnitDiscount" : 58485150.00000,
      "voided" : false
    },
    "originalDocumentNumber" : 0,
    "originalDocumentType" : "",
    "originalDocumentSequence" : 0,
    "customerOrderNumber" : "4522094772",
    "customerOrderDate" : null,
    "vendorInvoiceNumber" : "",
    "vendorInvoiceDate" : null,
    "taxInvoiceNumber" : "",
    "taxInvoiceDate" : null,
    "expiredDate" : null,
    "inventoryTransactionType" : "1",
    "landedCostRecordType" : "",
    "routingProcess" : false,
    "levelCost" : "",
    "categoryCode" : "",
    "brandCode" : "",
    "typeCode" : "",
    "landedCostRule" : "",
    "jobNo" : "",
    "shipmentId" : "",
    "packinglistId" : "",
    "deliveryOrderNumber" : "",
    "sealNumber" : "",
    "containerSize" : "",
    "stuffingType" : "",
    "containerLoadType" : "",
    "conditionOfTransport" : "",
    "containerId" : "",
    "portOfDepartureId" : "",
    "portOfArrivalId" : "",
    "importDeclarationNumber" : "",
    "importDeclarationDate" : null,
    "description" : "",
    "objectId" : "F43121",
    "recordId" : "20180427.143644837.0",
    "toBeVoided" : false,
    "additive" : true,
    "transactionDate" : "2018-04-27",
    "businessPartnerId" : "2814",
    "serialOrLotNumbers" : [ ],
    "lastUpdateDateTime" : "2018-04-27T14:34:45",
    "inputDateTime" : "2018-04-27T14:34:45",
    "quantity" : 15.00000,
    "voided" : false,
    "_links" : {
      "self" : {
        "href" : "http://localhost/api/purchaseReceipts/11000_180400187_OV_60"
      },
      "purchaseReceipt" : {
        "href" : "http://localhost/api/purchaseReceipts/11000_180400187_OV_60"
      },
      "item" : {
        "href" : "http://localhost/api/purchaseReceipts/11000_180400187_OV_60/item"
      },
      "serialNumbers" : {
        "href" : "http://localhost/api/purchaseReceipts/11000_180400187_OV_60/serialNumbers"
      }
    }
  }, {
    "inputUserId" : "IIS",
    "lastUpdateUserId" : "IIS",
    "computerId" : "GUDANG-PC",
    "companyId" : "11000",
    "documentNumber" : 180400187,
    "documentType" : "OV",
    "sequence" : 70,
    "purchaseReceiptNumber" : 180400187,
    "purchaseReceiptType" : "OV",
    "matchCode" : "",
    "businessUnitId" : "110",
    "batchNumber" : 133,
    "batchType" : "O",
    "vendorId" : "2814",
    "baseCurrency" : "IDR",
    "transactionCurrency" : "IDR",
    "exchangeRate" : 1.000000000,
    "itemCode" : "HP.LAPTOP-1XE25PA#AR6",
    "locationId" : "GDU",
    "serialLotNo" : "",
    "itemDescription" : "HP 14-bw016AU White A9-9420/14\" HD/4GB/500GB/DOS",
    "lineType" : "S",
    "unitOfMeasure" : "UNT",
    "unitConversionFactor" : 1.000000000,
    "primaryTransactionQuantity" : 4.00000,
    "primaryUnitOfMeasure" : "UNT",
    "secondaryTransactionQuantity" : 0.00000,
    "secondaryUnitOfMeasure" : "UNT",
    "unitCost" : 3899010.0000000,
    "extendedCost" : 15596040.00000,
    "taxBase" : 0.00000,
    "taxAmount" : 1417821.81818,
    "foreignUnitCost" : 0E-7,
    "foreignExtendedCost" : 0.00000,
    "foreignTaxBase" : 0.00000,
    "foreignTaxAmount" : 0.00000,
    "accountId" : "",
    "glClass" : "INFG",
    "lastStatus" : "400",
    "nextStatus" : "440",
    "receiptDate" : null,
    "paymentTermCode" : "N30",
    "taxCode" : "INCL",
    "taxAllowance" : true,
    "taxRate" : 10.000000000000000,
    "discountCode" : "",
    "discountRate" : 0E-15,
    "unitDiscountCode" : "",
    "unitDiscountRate" : 0E-15,
    "projectId" : "",
    "invoiceNumber" : 0,
    "invoiceType" : "",
    "invoiceSequence" : 0,
    "invoiceDate" : null,
    "orderNumber" : 180400177,
    "orderType" : "OP",
    "orderSequence" : 80,
    "orderDetail" : {
      "inputUserId" : "PUPUT",
      "lastUpdateUserId" : "PUPUT",
      "computerId" : "USER-PC",
      "companyId" : "11000",
      "purchaseOrderNumber" : 180400177,
      "purchaseOrderType" : "OP",
      "purchaseOrderSequence" : 80,
      "documentNumber" : 180400177,
      "documentType" : "OP",
      "sequence" : 80,
      "businessUnitId" : "110",
      "vendorId" : "2814",
      "receiverId" : "2814",
      "customerId" : "",
      "itemCode" : "HP.LAPTOP-1XE25PA#AR6",
      "locationId" : "GDU",
      "serialLotNo" : "",
      "itemDescription" : "HP 14-bw016AU White A9-9420/14\" HD/4GB/500GB/DOS",
      "lineType" : "S",
      "quantity" : 4.00000,
      "extendedQuantity" : 0.00000,
      "orderQuantity" : 4.00000,
      "receivedQuantity" : 4.00000,
      "cancelledQuantity" : 0.00000,
      "returnedQuantity" : 0.00000,
      "openQuantity" : 0.00000,
      "unitOfMeasure" : "UNT",
      "extendedUnitOfMeasure" : "",
      "unitConversionFactor" : 1.000000000,
      "extendedUnitConversionFactor" : 0E-9,
      "primaryOrderQuantity" : 4.00000,
      "primaryUnitOfMeasure" : "UNT",
      "secondaryOrderQuantity" : 0.00000,
      "secondaryUnitOfMeasure" : "UNT",
      "baseCurrency" : "IDR",
      "transactionCurrency" : "IDR",
      "exchangeRate" : 1.000000000,
      "unitCost" : 3899010.0000000,
      "extendedUnitCost" : 0E-7,
      "extendedCost" : 15596040.00000,
      "taxBase" : 0.00000,
      "taxAmount" : 1417821.81818,
      "foreignUnitCost" : 0E-7,
      "foreignExtendedCost" : 0.00000,
      "foreignTaxBase" : 0.00000,
      "foreignTaxAmount" : 0.00000,
      "accountId" : "",
      "glClass" : "INFG",
      "lastStatus" : "220",
      "nextStatus" : "400",
      "orderDate" : "2018-04-26",
      "requestDate" : null,
      "promisedDeliveryDate" : "1899-12-30",
      "receiptDate" : null,
      "closedDate" : null,
      "glDate" : null,
      "paymentTermCode" : "N30",
      "taxCode" : "INCL",
      "taxAllowance" : true,
      "taxRate" : 10.000000000000000,
      "discountCode" : "",
      "discountRate" : 0E-15,
      "unitDiscountCode" : "",
      "unitDiscountRate" : 0E-15,
      "projectId" : "",
      "approvalCode" : "",
      "objectId" : "F4311",
      "originalDocumentNumber" : 0,
      "originalDocumentType" : "",
      "originalDocumentSequence" : 0,
      "originalDocumentDate" : null,
      "relatedDocumentNumber" : 0,
      "relatedDocumentType" : "",
      "relatedDocumentSequence" : 0,
      "categoryCode" : "",
      "brandCode" : "",
      "typeCode" : "",
      "landedCostRule" : "",
      "jobNo" : "",
      "shipmentId" : "",
      "packinglistId" : "",
      "deliveryOrderNumber" : "",
      "sealNumber" : "",
      "feederVessel" : "",
      "connectingVessel" : "",
      "shippedBy" : "",
      "containerSize" : "",
      "stuffingType" : "",
      "containerLoadType" : "",
      "orderTransactionType" : "",
      "setForVoid" : false,
      "status" : "CLOSED",
      "lastUpdateDateTime" : "2018-04-26T16:08:24",
      "inputDateTime" : "2018-04-26T16:04:27",
      "extended" : false,
      "unitDiscountAmount" : 0.00,
      "costAfterUnitDiscount" : 15596040.00000,
      "voided" : false
    },
    "originalDocumentNumber" : 0,
    "originalDocumentType" : "",
    "originalDocumentSequence" : 0,
    "customerOrderNumber" : "4522094772",
    "customerOrderDate" : null,
    "vendorInvoiceNumber" : "",
    "vendorInvoiceDate" : null,
    "taxInvoiceNumber" : "",
    "taxInvoiceDate" : null,
    "expiredDate" : null,
    "inventoryTransactionType" : "1",
    "landedCostRecordType" : "",
    "routingProcess" : false,
    "levelCost" : "",
    "categoryCode" : "",
    "brandCode" : "",
    "typeCode" : "",
    "landedCostRule" : "",
    "jobNo" : "",
    "shipmentId" : "",
    "packinglistId" : "",
    "deliveryOrderNumber" : "",
    "sealNumber" : "",
    "containerSize" : "",
    "stuffingType" : "",
    "containerLoadType" : "",
    "conditionOfTransport" : "",
    "containerId" : "",
    "portOfDepartureId" : "",
    "portOfArrivalId" : "",
    "importDeclarationNumber" : "",
    "importDeclarationDate" : null,
    "description" : "",
    "objectId" : "F43121",
    "recordId" : "20180427.143644910.0",
    "toBeVoided" : false,
    "additive" : true,
    "transactionDate" : "2018-04-27",
    "businessPartnerId" : "2814",
    "serialOrLotNumbers" : [ ],
    "lastUpdateDateTime" : "2018-04-27T14:34:45",
    "inputDateTime" : "2018-04-27T14:34:45",
    "quantity" : 4.00000,
    "voided" : false,
    "_links" : {
      "self" : {
        "href" : "http://localhost/api/purchaseReceipts/11000_180400187_OV_70"
      },
      "purchaseReceipt" : {
        "href" : "http://localhost/api/purchaseReceipts/11000_180400187_OV_70"
      },
      "item" : {
        "href" : "http://localhost/api/purchaseReceipts/11000_180400187_OV_70/item"
      },
      "serialNumbers" : {
        "href" : "http://localhost/api/purchaseReceipts/11000_180400187_OV_70/serialNumbers"
      }
    }
  }, {
    "inputUserId" : "IIS",
    "lastUpdateUserId" : "IIS",
    "computerId" : "GUDANG-PC",
    "companyId" : "11000",
    "documentNumber" : 180400187,
    "documentType" : "OV",
    "sequence" : 80,
    "purchaseReceiptNumber" : 180400187,
    "purchaseReceiptType" : "OV",
    "matchCode" : "",
    "businessUnitId" : "110",
    "batchNumber" : 133,
    "batchType" : "O",
    "vendorId" : "2814",
    "baseCurrency" : "IDR",
    "transactionCurrency" : "IDR",
    "exchangeRate" : 1.000000000,
    "itemCode" : "HP.LAPTOP-3PT94PA",
    "locationId" : "GDU",
    "serialLotNo" : "",
    "itemDescription" : "HP  Notebook 14-bs718TU Celeron N3060/4GB/500GB/UMA/Win-10 Home/",
    "lineType" : "S",
    "unitOfMeasure" : "UNT",
    "unitConversionFactor" : 1.000000000,
    "primaryTransactionQuantity" : 10.00000,
    "primaryUnitOfMeasure" : "UNT",
    "secondaryTransactionQuantity" : 0.00000,
    "secondaryUnitOfMeasure" : "UNT",
    "unitCost" : 3533310.0000000,
    "extendedCost" : 35333100.00000,
    "taxBase" : 0.00000,
    "taxAmount" : 3212100.00000,
    "foreignUnitCost" : 0E-7,
    "foreignExtendedCost" : 0.00000,
    "foreignTaxBase" : 0.00000,
    "foreignTaxAmount" : 0.00000,
    "accountId" : "",
    "glClass" : "INFG",
    "lastStatus" : "400",
    "nextStatus" : "440",
    "receiptDate" : null,
    "paymentTermCode" : "N30",
    "taxCode" : "INCL",
    "taxAllowance" : true,
    "taxRate" : 10.000000000000000,
    "discountCode" : "",
    "discountRate" : 0E-15,
    "unitDiscountCode" : "",
    "unitDiscountRate" : 0E-15,
    "projectId" : "",
    "invoiceNumber" : 0,
    "invoiceType" : "",
    "invoiceSequence" : 0,
    "invoiceDate" : null,
    "orderNumber" : 180400177,
    "orderType" : "OP",
    "orderSequence" : 40,
    "orderDetail" : {
      "inputUserId" : "PUPUT",
      "lastUpdateUserId" : "PUPUT",
      "computerId" : "USER-PC",
      "companyId" : "11000",
      "purchaseOrderNumber" : 180400177,
      "purchaseOrderType" : "OP",
      "purchaseOrderSequence" : 40,
      "documentNumber" : 180400177,
      "documentType" : "OP",
      "sequence" : 40,
      "businessUnitId" : "110",
      "vendorId" : "2814",
      "receiverId" : "2814",
      "customerId" : "",
      "itemCode" : "HP.LAPTOP-3PT94PA",
      "locationId" : "GDU",
      "serialLotNo" : "",
      "itemDescription" : "HP  Notebook 14-bs718TU Celeron N3060/4GB/500GB/UMA/Win-10 Home/",
      "lineType" : "S",
      "quantity" : 10.00000,
      "extendedQuantity" : 0.00000,
      "orderQuantity" : 10.00000,
      "receivedQuantity" : 10.00000,
      "cancelledQuantity" : 0.00000,
      "returnedQuantity" : 0.00000,
      "openQuantity" : 0.00000,
      "unitOfMeasure" : "UNT",
      "extendedUnitOfMeasure" : "",
      "unitConversionFactor" : 1.000000000,
      "extendedUnitConversionFactor" : 0E-9,
      "primaryOrderQuantity" : 10.00000,
      "primaryUnitOfMeasure" : "UNT",
      "secondaryOrderQuantity" : 0.00000,
      "secondaryUnitOfMeasure" : "UNT",
      "baseCurrency" : "IDR",
      "transactionCurrency" : "IDR",
      "exchangeRate" : 1.000000000,
      "unitCost" : 3533310.0000000,
      "extendedUnitCost" : 0E-7,
      "extendedCost" : 35333100.00000,
      "taxBase" : 0.00000,
      "taxAmount" : 3212100.00000,
      "foreignUnitCost" : 0E-7,
      "foreignExtendedCost" : 0.00000,
      "foreignTaxBase" : 0.00000,
      "foreignTaxAmount" : 0.00000,
      "accountId" : "",
      "glClass" : "INFG",
      "lastStatus" : "220",
      "nextStatus" : "400",
      "orderDate" : "2018-04-26",
      "requestDate" : null,
      "promisedDeliveryDate" : "1899-12-30",
      "receiptDate" : null,
      "closedDate" : null,
      "glDate" : null,
      "paymentTermCode" : "N30",
      "taxCode" : "INCL",
      "taxAllowance" : true,
      "taxRate" : 10.000000000000000,
      "discountCode" : "",
      "discountRate" : 0E-15,
      "unitDiscountCode" : "",
      "unitDiscountRate" : 0E-15,
      "projectId" : "",
      "approvalCode" : "",
      "objectId" : "F4311",
      "originalDocumentNumber" : 0,
      "originalDocumentType" : "",
      "originalDocumentSequence" : 0,
      "originalDocumentDate" : null,
      "relatedDocumentNumber" : 0,
      "relatedDocumentType" : "",
      "relatedDocumentSequence" : 0,
      "categoryCode" : "",
      "brandCode" : "",
      "typeCode" : "",
      "landedCostRule" : "",
      "jobNo" : "",
      "shipmentId" : "",
      "packinglistId" : "",
      "deliveryOrderNumber" : "",
      "sealNumber" : "",
      "feederVessel" : "",
      "connectingVessel" : "",
      "shippedBy" : "",
      "containerSize" : "",
      "stuffingType" : "",
      "containerLoadType" : "",
      "orderTransactionType" : "",
      "setForVoid" : false,
      "status" : "CLOSED",
      "lastUpdateDateTime" : "2018-04-26T16:06:44",
      "inputDateTime" : "2018-04-26T16:01:12",
      "extended" : false,
      "unitDiscountAmount" : 0.00,
      "costAfterUnitDiscount" : 35333100.00000,
      "voided" : false
    },
    "originalDocumentNumber" : 0,
    "originalDocumentType" : "",
    "originalDocumentSequence" : 0,
    "customerOrderNumber" : "4522094772",
    "customerOrderDate" : null,
    "vendorInvoiceNumber" : "",
    "vendorInvoiceDate" : null,
    "taxInvoiceNumber" : "",
    "taxInvoiceDate" : null,
    "expiredDate" : null,
    "inventoryTransactionType" : "1",
    "landedCostRecordType" : "",
    "routingProcess" : false,
    "levelCost" : "",
    "categoryCode" : "",
    "brandCode" : "",
    "typeCode" : "",
    "landedCostRule" : "",
    "jobNo" : "",
    "shipmentId" : "",
    "packinglistId" : "",
    "deliveryOrderNumber" : "",
    "sealNumber" : "",
    "containerSize" : "",
    "stuffingType" : "",
    "containerLoadType" : "",
    "conditionOfTransport" : "",
    "containerId" : "",
    "portOfDepartureId" : "",
    "portOfArrivalId" : "",
    "importDeclarationNumber" : "",
    "importDeclarationDate" : null,
    "description" : "",
    "objectId" : "F43121",
    "recordId" : "20180427.143644961.0",
    "toBeVoided" : false,
    "additive" : true,
    "transactionDate" : "2018-04-27",
    "businessPartnerId" : "2814",
    "serialOrLotNumbers" : [ ],
    "lastUpdateDateTime" : "2018-04-27T14:34:45",
    "inputDateTime" : "2018-04-27T14:34:45",
    "quantity" : 10.00000,
    "voided" : false,
    "_links" : {
      "self" : {
        "href" : "http://localhost/api/purchaseReceipts/11000_180400187_OV_80"
      },
      "purchaseReceipt" : {
        "href" : "http://localhost/api/purchaseReceipts/11000_180400187_OV_80"
      },
      "item" : {
        "href" : "http://localhost/api/purchaseReceipts/11000_180400187_OV_80/item"
      },
      "serialNumbers" : {
        "href" : "http://localhost/api/purchaseReceipts/11000_180400187_OV_80/serialNumbers"
      }
    }
  } ],
  "_links" : {
    "self" : {
      "href" : "http://localhost/api/purchaseReceipts/11000_180400187_OV_10"
    }
  }
}
    Forwarded URL = null
   Redirected URL = null
          Cookies = []
Hibernate: select purchasere0_.ovcoid as ovcoid1_41_, purchasere0_.ovdocno as ovdocno2_41_, purchasere0_.ovdocty as ovdocty3_41_, purchasere0_.ovdocsq as ovdocsq4_41_, purchasere0_.ovcid as ovcid5_41_, purchasere0_.ovdtin as ovdtin6_41_, purchasere0_.ovtmin as ovtmin7_41_, purchasere0_.ovuid as ovuid8_41_, purchasere0_.ovdtlu as ovdtlu9_41_, purchasere0_.ovtmlu as ovtmlu10_41_, purchasere0_.ovuidm as ovuidm11_41_, purchasere0_.ovacid as ovacid12_41_, purchasere0_.ovcrcb as ovcrcb13_41_, purchasere0_.ovicu as ovicu14_41_, purchasere0_.ovicut as ovicut15_41_, purchasere0_.ovitc02 as ovitc16_41_, purchasere0_.ovbuid as ovbuid17_41_, purchasere0_.ovitc01 as ovitc18_41_, purchasere0_.ovcot as ovcot19_41_, purchasere0_.ovcnid as ovcnid20_41_, purchasere0_.ovcsdocdt as ovcsdoc21_41_, purchasere0_.ovcsdocno as ovcsdoc22_41_, purchasere0_.ovurtx as ovurtx23_41_, purchasere0_.ovdccd as ovdccd24_41_, purchasere0_.ovdcrt as ovdcrt25_41_, purchasere0_.ovdocdt as ovdocdt26_41_, purchasere0_.ovexcrt as ovexcrt27_41_, purchasere0_.ovexpdt as ovexpdt28_41_, purchasere0_.ovexcost as ovexcos29_41_, purchasere0_.ovfec as ovfec30_41_, purchasere0_.ovfta as ovfta31_41_, purchasere0_.ovftb as ovftb32_41_, purchasere0_.ovfuc as ovfuc33_41_, purchasere0_.ovglcls as ovglcls34_41_, purchasere0_.ovidd as ovidd35_41_, purchasere0_.ovidn as ovidn36_41_, purchasere0_.ovitt as ovitt37_41_, purchasere0_.ovdocidt as ovdocid38_41_, purchasere0_.ovdocino as ovdocin39_41_, purchasere0_.ovdocisq as ovdocis40_41_, purchasere0_.ovdocity as ovdocit41_41_, purchasere0_.ovinum as ovinum42_41_, purchasere0_.ovdesb1 as ovdesb43_41_, purchasere0_.ovlcrt as ovlcrt44_41_, purchasere0_.ovitc05 as ovitc45_41_, purchasere0_.ovlst as ovlst46_41_, purchasere0_.ovlvla as ovlvla47_41_, purchasere0_.ovlnty as ovlnty48_41_, purchasere0_.ovlocid as ovlocid49_41_, purchasere0_.ovmatc as ovmatc50_41_, purchasere0_.ovnst as ovnst51_41_, purchasere0_.ovobid as ovobid52_41_, purchasere0_.ovdocono as ovdocon53_41_, purchasere0_.ovdocosq as ovdocos54_41_, purchasere0_.ovdocoty as ovdocot55_41_, purchasere0_.ovordocno as ovordoc56_41_, purchasere0_.ovordocsq as ovordoc57_41_, purchasere0_.ovordocty as ovordoc58_41_, purchasere0_.ovptc as ovptc59_41_, purchasere0_.ovpoa as ovpoa60_41_, purchasere0_.ovpod as ovpod61_41_, purchasere0_.ovpqot as ovpqot62_41_, purchasere0_.ovuom1 as ovuom63_41_, purchasere0_.ovpjid as ovpjid64_41_, purchasere0_.ovpo03 as ovpo65_41_, purchasere0_.ovpo01 as ovpo66_41_, purchasere0_.ovpo02 as ovpo67_41_, purchasere0_.ovqty as ovqty68_41_, purchasere0_.ovrcdt as ovrcdt69_41_, purchasere0_.ovrecid as ovrecid70_41_, purchasere0_.ovvr04 as ovvr71_41_, purchasere0_.ovvr01 as ovvr72_41_, purchasere0_.ovvr03 as ovvr73_41_, purchasere0_.ovvr05 as ovvr74_41_, purchasere0_.ovvr02 as ovvr75_41_, purchasere0_.ovrtgc as ovrtgc76_41_, purchasere0_.ovsqot as ovsqot77_41_, purchasere0_.ovuom2 as ovuom78_41_, purchasere0_.ovsnlot as ovsnlot79_41_, purchasere0_.ovtaxal as ovtaxal80_41_, purchasere0_.ovtaxam as ovtaxam81_41_, purchasere0_.ovtaxab as ovtaxab82_41_, purchasere0_.ovtaxcd as ovtaxcd83_41_, purchasere0_.ovtaxidt as ovtaxid84_41_, purchasere0_.ovtaxino as ovtaxin85_41_, purchasere0_.ovtaxrt as ovtaxrt86_41_, purchasere0_.ovcrct as ovcrct87_41_, purchasere0_.ovitc03 as ovitc88_41_, purchasere0_.ovucf as ovucf89_41_, purchasere0_.ovuncost as ovuncos90_41_, purchasere0_.ovudc as ovudc91_41_, purchasere0_.ovudf as ovudf92_41_, purchasere0_.ovuom as ovuom93_41_, purchasere0_.ovvnid as ovvnid94_41_, purchasere0_.ovinvdt as ovinvdt95_41_, purchasere0_.ovinvno as ovinvno96_41_ from t4312 purchasere0_ where purchasere0_.ovcoid=? and purchasere0_.ovdocno=? and purchasere0_.ovdocty=?
2018-12-27 11:25:51.619  INFO 2120 --- [    Test worker] o.s.t.c.transaction.TransactionContext   : Rolled back transaction for test: [DefaultTestContext@4cd7a432 testClass = PurchaseReceiptApiTest, testInstance = ags.goldenlionerp.apiTests.purchase.PurchaseReceiptApiTest@3bfb211a, testMethod = getTestSingle@ApiTestBase, testException = [null], mergedContextConfiguration = [WebMergedContextConfiguration@6aa9a5ba testClass = PurchaseReceiptApiTest, locations = '{}', classes = '{class ags.goldenlionerp.GoldenLionErpApplication}', contextInitializerClasses = '[]', activeProfiles = '{}', propertySourceLocations = '{classpath:test.properties}', propertySourceProperties = '{org.springframework.boot.test.context.SpringBootTestContextBootstrapper=true}', contextCustomizers = set[org.springframework.boot.test.autoconfigure.properties.PropertyMappingContextCustomizer@0, org.springframework.boot.test.autoconfigure.web.servlet.WebDriverContextCustomizerFactory$Customizer@636d731e, [ImportsContextCustomizer@6f6d8820 key = [ags.goldenlionerp.apiTests.ApiTestBase$TestConfig]], org.springframework.boot.test.context.filter.ExcludeFilterContextCustomizer@6afa5291, org.springframework.boot.test.json.DuplicateJsonObjectContextCustomizerFactory$DuplicateJsonObjectContextCustomizer@20cebcb4, org.springframework.boot.test.mock.mockito.MockitoContextCustomizer@0, org.springframework.boot.test.web.client.TestRestTemplateContextCustomizer@49a32273], resourceBasePath = 'src/main/webapp', contextLoader = 'org.springframework.boot.test.context.SpringBootContextLoader', parent = [null]], attributes = map['org.springframework.test.context.web.ServletTestExecutionListener.activateListener' -> true, 'org.springframework.test.context.web.ServletTestExecutionListener.populatedRequestContextHolder' -> true, 'org.springframework.test.context.web.ServletTestExecutionListener.resetRequestContextHolder' -> true]]
2018-12-27 11:25:51.622  INFO 2120 --- [    Test worker] o.s.t.c.transaction.TransactionContext   : Began transaction (1) for test context [DefaultTestContext@4cd7a432 testClass = PurchaseReceiptApiTest, testInstance = ags.goldenlionerp.apiTests.purchase.PurchaseReceiptApiTest@3d6948e6, testMethod = updateTestWithPatch@ApiTestBase, testException = [null], mergedContextConfiguration = [WebMergedContextConfiguration@6aa9a5ba testClass = PurchaseReceiptApiTest, locations = '{}', classes = '{class ags.goldenlionerp.GoldenLionErpApplication}', contextInitializerClasses = '[]', activeProfiles = '{}', propertySourceLocations = '{classpath:test.properties}', propertySourceProperties = '{org.springframework.boot.test.context.SpringBootTestContextBootstrapper=true}', contextCustomizers = set[org.springframework.boot.test.autoconfigure.properties.PropertyMappingContextCustomizer@0, org.springframework.boot.test.autoconfigure.web.servlet.WebDriverContextCustomizerFactory$Customizer@636d731e, [ImportsContextCustomizer@6f6d8820 key = [ags.goldenlionerp.apiTests.ApiTestBase$TestConfig]], org.springframework.boot.test.context.filter.ExcludeFilterContextCustomizer@6afa5291, org.springframework.boot.test.json.DuplicateJsonObjectContextCustomizerFactory$DuplicateJsonObjectContextCustomizer@20cebcb4, org.springframework.boot.test.mock.mockito.MockitoContextCustomizer@0, org.springframework.boot.test.web.client.TestRestTemplateContextCustomizer@49a32273], resourceBasePath = 'src/main/webapp', contextLoader = 'org.springframework.boot.test.context.SpringBootContextLoader', parent = [null]], attributes = map['org.springframework.test.context.web.ServletTestExecutionListener.activateListener' -> true, 'org.springframework.test.context.web.ServletTestExecutionListener.populatedRequestContextHolder' -> true, 'org.springframework.test.context.web.ServletTestExecutionListener.resetRequestContextHolder' -> true]]; transaction manager [org.springframework.orm.jpa.JpaTransactionManager@75de8c12]; rollback [true]
2018-12-27 11:25:51.623  INFO 2120 --- [    Test worker] o.s.b.t.m.w.SpringBootMockServletContext : Initializing Spring FrameworkServlet ''
2018-12-27 11:25:51.623  INFO 2120 --- [    Test worker] o.s.t.web.servlet.TestDispatcherServlet  : FrameworkServlet '': initialization started
2018-12-27 11:25:51.631  INFO 2120 --- [    Test worker] o.s.t.web.servlet.TestDispatcherServlet  : FrameworkServlet '': initialization completed in 8 ms
Hibernate: select count(*) as col_0_0_ from t4301 purchaseor0_ where purchaseor0_.ohcoid=? and purchaseor0_.ohdocono=? and purchaseor0_.ohdocoty=?
Hibernate: select company0_.cncoid as cncoid1_9_0_, company0_.cncid as cncid2_9_0_, company0_.cndtin as cndtin3_9_0_, company0_.cntmin as cntmin4_9_0_, company0_.cnuid as cnuid5_9_0_, company0_.cndtlu as cndtlu6_9_0_, company0_.cntmlu as cntmlu7_9_0_, company0_.cnuidm as cnuidm8_9_0_, company0_.cnanum as cnanum9_9_0_, company0_.cncrcb as cncrcb10_9_0_, company0_.cncap as cncap11_9_0_, company0_.cncfy as cncfy12_9_0_, company0_.cncip as cncip13_9_0_, company0_.cncpp as cncpp14_9_0_, company0_.cncrp as cncrp15_9_0_, company0_.cndesb1 as cndesb16_9_0_, company0_.cnfdp as cnfdp17_9_0_ from t0020 company0_ where company0_.cncoid=?
Hibernate: select addressboo0_.adanum as adanum1_16_0_, addressboo0_.adcid as adcid2_16_0_, addressboo0_.addtin as addtin3_16_0_, addressboo0_.adtmin as adtmin4_16_0_, addressboo0_.aduid as aduid5_16_0_, addressboo0_.addtlu as addtlu6_16_0_, addressboo0_.adtmlu as adtmlu7_16_0_, addressboo0_.aduidm as aduidm8_16_0_, addressboo0_.adap as adap9_16_0_, addressboo0_.adar as adar10_16_0_, addressboo0_.adbuid as adbuid11_16_0_, addressboo0_.adcc01 as adcc12_16_0_, addressboo0_.adcc02 as adcc13_16_0_, addressboo0_.adcc03 as adcc14_16_0_, addressboo0_.adcc04 as adcc15_16_0_, addressboo0_.adcc05 as adcc16_16_0_, addressboo0_.adcc06 as adcc17_16_0_, addressboo0_.adcc07 as adcc18_16_0_, addressboo0_.adcc08 as adcc19_16_0_, addressboo0_.adcc09 as adcc20_16_0_, addressboo0_.adcc10 as adcc21_16_0_, addressboo0_.adempl as adempl22_16_0_, addressboo0_.adtmlt as adtmlt23_16_0_, addressboo0_.adlan as adlan24_16_0_, addressboo0_.admlnm as admlnm25_16_0_, addressboo0_.adnm as adnm26_16_0_, addressboo0_.adpan as adpan27_16_0_, addressboo0_.adrecid as adrecid28_16_0_, addressboo0_.adrlid0 as adrlid29_16_0_, addressboo0_.adrlid2 as adrlid30_16_0_, addressboo0_.adrlid3 as adrlid31_16_0_, addressboo0_.adrlid4 as adrlid32_16_0_, addressboo0_.adrlid5 as adrlid33_16_0_, addressboo0_.adrlid6 as adrlid34_16_0_, addressboo0_.adrlid7 as adrlid35_16_0_, addressboo0_.adrlid8 as adrlid36_16_0_, addressboo0_.adrlid9 as adrlid37_16_0_, addressboo0_.adrlid1 as adrlid38_16_0_, addressboo0_.adst as adst39_16_0_, addressboo0_.adtaxid as adtaxid40_16_0_ from t0101 addressboo0_ where addressboo0_.adanum=?
Hibernate: select apsetting0_.pmanum as pmanum1_23_0_, apsetting0_.pmanum as pmanum1_23_1_, apsetting0_.pmcid as pmcid2_23_1_, apsetting0_.pmdtin as pmdtin3_23_1_, apsetting0_.pmtmin as pmtmin4_23_1_, apsetting0_.pmuid as pmuid5_23_1_, apsetting0_.pmdtlu as pmdtlu6_23_1_, apsetting0_.pmtmlu as pmtmlu7_23_1_, apsetting0_.pmuidm as pmuidm8_23_1_, apsetting0_.pmdtls as pmdtls9_23_1_, apsetting0_.pmapcls as pmapcls10_23_1_, apsetting0_.pmcrm as pmcrm11_23_1_, apsetting0_.pmcrct as pmcrct12_23_1_, apsetting0_.pmitc05 as pmitc13_23_1_, apsetting0_.pminsp as pminsp14_23_1_, apsetting0_.pmptc as pmptc15_23_1_, apsetting0_.pmspg as pmspg16_23_1_, apsetting0_.pmtaxau as pmtaxau17_23_1_, apsetting0_.pmtaxcd as pmtaxcd18_23_1_, apsetting0_.pmtaxid as pmtaxid19_23_1_ from t0401 apsetting0_ where apsetting0_.pmanum=?
Hibernate: select itemmaster0_.iminum as iminum1_31_0_, itemmaster0_.imcid as imcid2_31_0_, itemmaster0_.imdtin as imdtin3_31_0_, itemmaster0_.imtmin as imtmin4_31_0_, itemmaster0_.imuid as imuid5_31_0_, itemmaster0_.imdtlu as imdtlu6_31_0_, itemmaster0_.imtmlu as imtmlu7_31_0_, itemmaster0_.imuidm as imuidm8_31_0_, itemmaster0_.iminumb as iminumb9_31_0_, itemmaster0_.imctm as imctm10_31_0_, itemmaster0_.imitc02 as imitc11_31_0_, itemmaster0_.imitc01 as imitc12_31_0_, itemmaster0_.imitc10 as imitc13_31_0_, itemmaster0_.imitc04 as imitc14_31_0_, itemmaster0_.imitc06 as imitc15_31_0_, itemmaster0_.imitc07 as imitc16_31_0_, itemmaster0_.imitc08 as imitc17_31_0_, itemmaster0_.imitc09 as imitc18_31_0_, itemmaster0_.imitc05 as imitc19_31_0_, itemmaster0_.imslrc0 as imslrc20_31_0_, itemmaster0_.imslrc1 as imslrc21_31_0_, itemmaster0_.imslrc2 as imslrc22_31_0_, itemmaster0_.imslrc3 as imslrc23_31_0_, itemmaster0_.imslrc4 as imslrc24_31_0_, itemmaster0_.imslrc5 as imslrc25_31_0_, itemmaster0_.imslrc6 as imslrc26_31_0_, itemmaster0_.imslrc7 as imslrc27_31_0_, itemmaster0_.imslrc8 as imslrc28_31_0_, itemmaster0_.imslrc9 as imslrc29_31_0_, itemmaster0_.imitc03 as imitc30_31_0_, itemmaster0_.imdesb1 as imdesb31_31_0_, itemmaster0_.imdesd1 as imdesd32_31_0_, itemmaster0_.imglcls as imglcls33_31_0_, itemmaster0_.imicl as imicl34_31_0_, itemmaster0_.imilc as imilc35_31_0_, itemmaster0_.iminums as iminums36_31_0_, itemmaster0_.imipg as imipg37_31_0_, itemmaster0_.imlsc as imlsc38_31_0_, itemmaster0_.imdaqc as imdaqc39_31_0_, itemmaster0_.imgscrt as imgscrt40_31_0_, itemmaster0_.imsiops as imsiops41_31_0_, itemmaster0_.imbpid as imbpid42_31_0_, itemmaster0_.imcsid as imcsid43_31_0_, itemmaster0_.imudf as imudf44_31_0_, itemmaster0_.impmmf as impmmf45_31_0_, itemmaster0_.imrbii as imrbii46_31_0_, itemmaster0_.imrbim as imrbim47_31_0_, itemmaster0_.imrbis as imrbis48_31_0_, itemmaster0_.imvnid as imvnid49_31_0_, itemmaster0_.imtaxpc as imtaxpc50_31_0_, itemmaster0_.imtaxsc as imtaxsc51_31_0_, itemmaster0_.iminump as iminump52_31_0_, itemmaster0_.implg as implg53_31_0_, itemmaster0_.imppl as imppl54_31_0_, itemmaster0_.imspl as imspl55_31_0_, itemmaster0_.imsnr as imsnr56_31_0_, itemmaster0_.imskty as imskty57_31_0_, itemmaster0_.imlnty as imlnty58_31_0_, itemmaster0_.imuom9 as imuom59_31_0_, itemmaster0_.imdppo as imdppo60_31_0_, itemmaster0_.imdlum as imdlum61_31_0_, itemmaster0_.imdlump as imdlump62_31_0_, itemmaster0_.imdlumt as imdlumt63_31_0_, itemmaster0_.imuom5 as imuom64_31_0_, itemmaster0_.imuom1 as imuom65_31_0_, itemmaster0_.imuom8 as imuom66_31_0_, itemmaster0_.imuom3 as imuom67_31_0_, itemmaster0_.imuom4 as imuom68_31_0_, itemmaster0_.imuom2 as imuom69_31_0_, itemmaster0_.imuom6 as imuom70_31_0_, itemmaster0_.imuoms as imuoms71_31_0_, itemmaster0_.imuomt as imuomt72_31_0_, itemmaster0_.imuomv as imuomv73_31_0_, itemmaster0_.imwcf as imwcf74_31_0_, itemmaster0_.imuomw as imuomw75_31_0_, itemmaster0_.imvict as imvict76_31_0_ from t4101 itemmaster0_ where itemmaster0_.iminum=?
Hibernate: select itemmaster0_.iminum as iminum1_31_0_, itemmaster0_.imcid as imcid2_31_0_, itemmaster0_.imdtin as imdtin3_31_0_, itemmaster0_.imtmin as imtmin4_31_0_, itemmaster0_.imuid as imuid5_31_0_, itemmaster0_.imdtlu as imdtlu6_31_0_, itemmaster0_.imtmlu as imtmlu7_31_0_, itemmaster0_.imuidm as imuidm8_31_0_, itemmaster0_.iminumb as iminumb9_31_0_, itemmaster0_.imctm as imctm10_31_0_, itemmaster0_.imitc02 as imitc11_31_0_, itemmaster0_.imitc01 as imitc12_31_0_, itemmaster0_.imitc10 as imitc13_31_0_, itemmaster0_.imitc04 as imitc14_31_0_, itemmaster0_.imitc06 as imitc15_31_0_, itemmaster0_.imitc07 as imitc16_31_0_, itemmaster0_.imitc08 as imitc17_31_0_, itemmaster0_.imitc09 as imitc18_31_0_, itemmaster0_.imitc05 as imitc19_31_0_, itemmaster0_.imslrc0 as imslrc20_31_0_, itemmaster0_.imslrc1 as imslrc21_31_0_, itemmaster0_.imslrc2 as imslrc22_31_0_, itemmaster0_.imslrc3 as imslrc23_31_0_, itemmaster0_.imslrc4 as imslrc24_31_0_, itemmaster0_.imslrc5 as imslrc25_31_0_, itemmaster0_.imslrc6 as imslrc26_31_0_, itemmaster0_.imslrc7 as imslrc27_31_0_, itemmaster0_.imslrc8 as imslrc28_31_0_, itemmaster0_.imslrc9 as imslrc29_31_0_, itemmaster0_.imitc03 as imitc30_31_0_, itemmaster0_.imdesb1 as imdesb31_31_0_, itemmaster0_.imdesd1 as imdesd32_31_0_, itemmaster0_.imglcls as imglcls33_31_0_, itemmaster0_.imicl as imicl34_31_0_, itemmaster0_.imilc as imilc35_31_0_, itemmaster0_.iminums as iminums36_31_0_, itemmaster0_.imipg as imipg37_31_0_, itemmaster0_.imlsc as imlsc38_31_0_, itemmaster0_.imdaqc as imdaqc39_31_0_, itemmaster0_.imgscrt as imgscrt40_31_0_, itemmaster0_.imsiops as imsiops41_31_0_, itemmaster0_.imbpid as imbpid42_31_0_, itemmaster0_.imcsid as imcsid43_31_0_, itemmaster0_.imudf as imudf44_31_0_, itemmaster0_.impmmf as impmmf45_31_0_, itemmaster0_.imrbii as imrbii46_31_0_, itemmaster0_.imrbim as imrbim47_31_0_, itemmaster0_.imrbis as imrbis48_31_0_, itemmaster0_.imvnid as imvnid49_31_0_, itemmaster0_.imtaxpc as imtaxpc50_31_0_, itemmaster0_.imtaxsc as imtaxsc51_31_0_, itemmaster0_.iminump as iminump52_31_0_, itemmaster0_.implg as implg53_31_0_, itemmaster0_.imppl as imppl54_31_0_, itemmaster0_.imspl as imspl55_31_0_, itemmaster0_.imsnr as imsnr56_31_0_, itemmaster0_.imskty as imskty57_31_0_, itemmaster0_.imlnty as imlnty58_31_0_, itemmaster0_.imuom9 as imuom59_31_0_, itemmaster0_.imdppo as imdppo60_31_0_, itemmaster0_.imdlum as imdlum61_31_0_, itemmaster0_.imdlump as imdlump62_31_0_, itemmaster0_.imdlumt as imdlumt63_31_0_, itemmaster0_.imuom5 as imuom64_31_0_, itemmaster0_.imuom1 as imuom65_31_0_, itemmaster0_.imuom8 as imuom66_31_0_, itemmaster0_.imuom3 as imuom67_31_0_, itemmaster0_.imuom4 as imuom68_31_0_, itemmaster0_.imuom2 as imuom69_31_0_, itemmaster0_.imuom6 as imuom70_31_0_, itemmaster0_.imuoms as imuoms71_31_0_, itemmaster0_.imuomt as imuomt72_31_0_, itemmaster0_.imuomv as imuomv73_31_0_, itemmaster0_.imwcf as imwcf74_31_0_, itemmaster0_.imuomw as imuomw75_31_0_, itemmaster0_.imvict as imvict76_31_0_ from t4101 itemmaster0_ where itemmaster0_.iminum=?
Hibernate: select itemlocati0_.ilinum as ilinum2_33_0_, itemlocati0_.ilbuid as ilbuid1_33_0_, itemlocati0_.illocid as illocid3_33_0_, itemlocati0_.ilsnlot as ilsnlot4_33_0_, itemlocati0_.ilbuid as ilbuid1_33_1_, itemlocati0_.ilinum as ilinum2_33_1_, itemlocati0_.illocid as illocid3_33_1_, itemlocati0_.ilsnlot as ilsnlot4_33_1_, itemlocati0_.ilcid as ilcid5_33_1_, itemlocati0_.ildtin as ildtin6_33_1_, itemlocati0_.iltmin as iltmin7_33_1_, itemlocati0_.iluid as iluid8_33_1_, itemlocati0_.ildtlu as ildtlu9_33_1_, itemlocati0_.iltmlu as iltmlu10_33_1_, itemlocati0_.iluidm as iluidm11_33_1_, itemlocati0_.ildtlt as ildtlt12_33_1_, itemlocati0_.ilexpdt as ilexpdt13_33_1_, itemlocati0_.ilglcls as ilglcls14_33_1_, itemlocati0_.illocst as illocst15_33_1_, itemlocati0_.illsc as illsc16_33_1_, itemlocati0_.ilpqoh as ilpqoh17_33_1_, itemlocati0_.ilqtib as ilqtib18_33_1_, itemlocati0_.ilqtin as ilqtin19_33_1_, itemlocati0_.ilqttr as ilqttr20_33_1_, itemlocati0_.ilqobo as ilqobo21_33_1_, itemlocati0_.ilqohc as ilqohc22_33_1_, itemlocati0_.ilqopo as ilqopo23_33_1_, itemlocati0_.ilqoso as ilqoso24_33_1_, itemlocati0_.ilqosc as ilqosc25_33_1_, itemlocati0_.ilqowo as ilqowo26_33_1_, itemlocati0_.ilqowh as ilqowh27_33_1_, itemlocati0_.ilqows as ilqows28_33_1_, itemlocati0_.ilqot1 as ilqot29_33_1_, itemlocati0_.ilqot2 as ilqot30_33_1_, itemlocati0_.ilqot3 as ilqot31_33_1_, itemlocati0_.ilqtob as ilqtob32_33_1_, itemlocati0_.ilsqoh as ilsqoh33_33_1_, itemlocati0_.ilsqpo as ilsqpo34_33_1_, itemlocati0_.ilsqso as ilsqso35_33_1_, itemlocati0_.ilsqwo as ilsqwo36_33_1_, itemlocati0_.iluom as iluom37_33_1_, itemlocati0_.iluom1 as iluom38_33_1_, itemlocati0_.iluom2 as iluom39_33_1_ from t41021 itemlocati0_ where itemlocati0_.ilinum=?
Hibernate: select lotmaster0_.ltbuid as ltbuid1_34_0_, lotmaster0_.ltinum as ltinum2_34_0_, lotmaster0_.ltsnlot as ltsnlot3_34_0_, lotmaster0_.ltcid as ltcid4_34_0_, lotmaster0_.ltdtin as ltdtin5_34_0_, lotmaster0_.lttmin as lttmin6_34_0_, lotmaster0_.ltuid as ltuid7_34_0_, lotmaster0_.ltdtlu as ltdtlu8_34_0_, lotmaster0_.lttmlu as lttmlu9_34_0_, lotmaster0_.ltuidm as ltuidm10_34_0_, lotmaster0_.ltbodt as ltbodt11_34_0_, lotmaster0_.ltbbdt as ltbbdt12_34_0_, lotmaster0_.ltcldt as ltcldt13_34_0_, lotmaster0_.ltexpdt as ltexpdt14_34_0_, lotmaster0_.ltldsc as ltldsc15_34_0_, lotmaster0_.ltledt as ltledt16_34_0_, lotmaster0_.ltlsc as ltlsc17_34_0_, lotmaster0_.ltmlot1 as ltmlot18_34_0_, lotmaster0_.ltmlot2 as ltmlot19_34_0_, lotmaster0_.ltmlot3 as ltmlot20_34_0_, lotmaster0_.ltohdt as ltohdt21_34_0_, lotmaster0_.ltsern as ltsern22_34_0_ from t4108 lotmaster0_ where lotmaster0_.ltbuid=? and lotmaster0_.ltinum=? and lotmaster0_.ltsnlot=?
Hibernate: select lotmaster0_.ltbuid as ltbuid1_34_0_, lotmaster0_.ltinum as ltinum2_34_0_, lotmaster0_.ltsnlot as ltsnlot3_34_0_, lotmaster0_.ltcid as ltcid4_34_0_, lotmaster0_.ltdtin as ltdtin5_34_0_, lotmaster0_.lttmin as lttmin6_34_0_, lotmaster0_.ltuid as ltuid7_34_0_, lotmaster0_.ltdtlu as ltdtlu8_34_0_, lotmaster0_.lttmlu as lttmlu9_34_0_, lotmaster0_.ltuidm as ltuidm10_34_0_, lotmaster0_.ltbodt as ltbodt11_34_0_, lotmaster0_.ltbbdt as ltbbdt12_34_0_, lotmaster0_.ltcldt as ltcldt13_34_0_, lotmaster0_.ltexpdt as ltexpdt14_34_0_, lotmaster0_.ltldsc as ltldsc15_34_0_, lotmaster0_.ltledt as ltledt16_34_0_, lotmaster0_.ltlsc as ltlsc17_34_0_, lotmaster0_.ltmlot1 as ltmlot18_34_0_, lotmaster0_.ltmlot2 as ltmlot19_34_0_, lotmaster0_.ltmlot3 as ltmlot20_34_0_, lotmaster0_.ltohdt as ltohdt21_34_0_, lotmaster0_.ltsern as ltsern22_34_0_ from t4108 lotmaster0_ where lotmaster0_.ltbuid=? and lotmaster0_.ltinum=? and lotmaster0_.ltsnlot=?
Hibernate: select itemmaster0_.iminum as iminum1_31_0_, itemmaster0_.imcid as imcid2_31_0_, itemmaster0_.imdtin as imdtin3_31_0_, itemmaster0_.imtmin as imtmin4_31_0_, itemmaster0_.imuid as imuid5_31_0_, itemmaster0_.imdtlu as imdtlu6_31_0_, itemmaster0_.imtmlu as imtmlu7_31_0_, itemmaster0_.imuidm as imuidm8_31_0_, itemmaster0_.iminumb as iminumb9_31_0_, itemmaster0_.imctm as imctm10_31_0_, itemmaster0_.imitc02 as imitc11_31_0_, itemmaster0_.imitc01 as imitc12_31_0_, itemmaster0_.imitc10 as imitc13_31_0_, itemmaster0_.imitc04 as imitc14_31_0_, itemmaster0_.imitc06 as imitc15_31_0_, itemmaster0_.imitc07 as imitc16_31_0_, itemmaster0_.imitc08 as imitc17_31_0_, itemmaster0_.imitc09 as imitc18_31_0_, itemmaster0_.imitc05 as imitc19_31_0_, itemmaster0_.imslrc0 as imslrc20_31_0_, itemmaster0_.imslrc1 as imslrc21_31_0_, itemmaster0_.imslrc2 as imslrc22_31_0_, itemmaster0_.imslrc3 as imslrc23_31_0_, itemmaster0_.imslrc4 as imslrc24_31_0_, itemmaster0_.imslrc5 as imslrc25_31_0_, itemmaster0_.imslrc6 as imslrc26_31_0_, itemmaster0_.imslrc7 as imslrc27_31_0_, itemmaster0_.imslrc8 as imslrc28_31_0_, itemmaster0_.imslrc9 as imslrc29_31_0_, itemmaster0_.imitc03 as imitc30_31_0_, itemmaster0_.imdesb1 as imdesb31_31_0_, itemmaster0_.imdesd1 as imdesd32_31_0_, itemmaster0_.imglcls as imglcls33_31_0_, itemmaster0_.imicl as imicl34_31_0_, itemmaster0_.imilc as imilc35_31_0_, itemmaster0_.iminums as iminums36_31_0_, itemmaster0_.imipg as imipg37_31_0_, itemmaster0_.imlsc as imlsc38_31_0_, itemmaster0_.imdaqc as imdaqc39_31_0_, itemmaster0_.imgscrt as imgscrt40_31_0_, itemmaster0_.imsiops as imsiops41_31_0_, itemmaster0_.imbpid as imbpid42_31_0_, itemmaster0_.imcsid as imcsid43_31_0_, itemmaster0_.imudf as imudf44_31_0_, itemmaster0_.impmmf as impmmf45_31_0_, itemmaster0_.imrbii as imrbii46_31_0_, itemmaster0_.imrbim as imrbim47_31_0_, itemmaster0_.imrbis as imrbis48_31_0_, itemmaster0_.imvnid as imvnid49_31_0_, itemmaster0_.imtaxpc as imtaxpc50_31_0_, itemmaster0_.imtaxsc as imtaxsc51_31_0_, itemmaster0_.iminump as iminump52_31_0_, itemmaster0_.implg as implg53_31_0_, itemmaster0_.imppl as imppl54_31_0_, itemmaster0_.imspl as imspl55_31_0_, itemmaster0_.imsnr as imsnr56_31_0_, itemmaster0_.imskty as imskty57_31_0_, itemmaster0_.imlnty as imlnty58_31_0_, itemmaster0_.imuom9 as imuom59_31_0_, itemmaster0_.imdppo as imdppo60_31_0_, itemmaster0_.imdlum as imdlum61_31_0_, itemmaster0_.imdlump as imdlump62_31_0_, itemmaster0_.imdlumt as imdlumt63_31_0_, itemmaster0_.imuom5 as imuom64_31_0_, itemmaster0_.imuom1 as imuom65_31_0_, itemmaster0_.imuom8 as imuom66_31_0_, itemmaster0_.imuom3 as imuom67_31_0_, itemmaster0_.imuom4 as imuom68_31_0_, itemmaster0_.imuom2 as imuom69_31_0_, itemmaster0_.imuom6 as imuom70_31_0_, itemmaster0_.imuoms as imuoms71_31_0_, itemmaster0_.imuomt as imuomt72_31_0_, itemmaster0_.imuomv as imuomv73_31_0_, itemmaster0_.imwcf as imwcf74_31_0_, itemmaster0_.imuomw as imuomw75_31_0_, itemmaster0_.imvict as imvict76_31_0_ from t4101 itemmaster0_ where itemmaster0_.iminum=?
Hibernate: select itemlocati0_.ilinum as ilinum2_33_0_, itemlocati0_.ilbuid as ilbuid1_33_0_, itemlocati0_.illocid as illocid3_33_0_, itemlocati0_.ilsnlot as ilsnlot4_33_0_, itemlocati0_.ilbuid as ilbuid1_33_1_, itemlocati0_.ilinum as ilinum2_33_1_, itemlocati0_.illocid as illocid3_33_1_, itemlocati0_.ilsnlot as ilsnlot4_33_1_, itemlocati0_.ilcid as ilcid5_33_1_, itemlocati0_.ildtin as ildtin6_33_1_, itemlocati0_.iltmin as iltmin7_33_1_, itemlocati0_.iluid as iluid8_33_1_, itemlocati0_.ildtlu as ildtlu9_33_1_, itemlocati0_.iltmlu as iltmlu10_33_1_, itemlocati0_.iluidm as iluidm11_33_1_, itemlocati0_.ildtlt as ildtlt12_33_1_, itemlocati0_.ilexpdt as ilexpdt13_33_1_, itemlocati0_.ilglcls as ilglcls14_33_1_, itemlocati0_.illocst as illocst15_33_1_, itemlocati0_.illsc as illsc16_33_1_, itemlocati0_.ilpqoh as ilpqoh17_33_1_, itemlocati0_.ilqtib as ilqtib18_33_1_, itemlocati0_.ilqtin as ilqtin19_33_1_, itemlocati0_.ilqttr as ilqttr20_33_1_, itemlocati0_.ilqobo as ilqobo21_33_1_, itemlocati0_.ilqohc as ilqohc22_33_1_, itemlocati0_.ilqopo as ilqopo23_33_1_, itemlocati0_.ilqoso as ilqoso24_33_1_, itemlocati0_.ilqosc as ilqosc25_33_1_, itemlocati0_.ilqowo as ilqowo26_33_1_, itemlocati0_.ilqowh as ilqowh27_33_1_, itemlocati0_.ilqows as ilqows28_33_1_, itemlocati0_.ilqot1 as ilqot29_33_1_, itemlocati0_.ilqot2 as ilqot30_33_1_, itemlocati0_.ilqot3 as ilqot31_33_1_, itemlocati0_.ilqtob as ilqtob32_33_1_, itemlocati0_.ilsqoh as ilsqoh33_33_1_, itemlocati0_.ilsqpo as ilsqpo34_33_1_, itemlocati0_.ilsqso as ilsqso35_33_1_, itemlocati0_.ilsqwo as ilsqwo36_33_1_, itemlocati0_.iluom as iluom37_33_1_, itemlocati0_.iluom1 as iluom38_33_1_, itemlocati0_.iluom2 as iluom39_33_1_ from t41021 itemlocati0_ where itemlocati0_.ilinum=?
Hibernate: select lotmaster0_.ltbuid as ltbuid1_34_0_, lotmaster0_.ltinum as ltinum2_34_0_, lotmaster0_.ltsnlot as ltsnlot3_34_0_, lotmaster0_.ltcid as ltcid4_34_0_, lotmaster0_.ltdtin as ltdtin5_34_0_, lotmaster0_.lttmin as lttmin6_34_0_, lotmaster0_.ltuid as ltuid7_34_0_, lotmaster0_.ltdtlu as ltdtlu8_34_0_, lotmaster0_.lttmlu as lttmlu9_34_0_, lotmaster0_.ltuidm as ltuidm10_34_0_, lotmaster0_.ltbodt as ltbodt11_34_0_, lotmaster0_.ltbbdt as ltbbdt12_34_0_, lotmaster0_.ltcldt as ltcldt13_34_0_, lotmaster0_.ltexpdt as ltexpdt14_34_0_, lotmaster0_.ltldsc as ltldsc15_34_0_, lotmaster0_.ltledt as ltledt16_34_0_, lotmaster0_.ltlsc as ltlsc17_34_0_, lotmaster0_.ltmlot1 as ltmlot18_34_0_, lotmaster0_.ltmlot2 as ltmlot19_34_0_, lotmaster0_.ltmlot3 as ltmlot20_34_0_, lotmaster0_.ltohdt as ltohdt21_34_0_, lotmaster0_.ltsern as ltsern22_34_0_ from t4108 lotmaster0_ where lotmaster0_.ltbuid=? and lotmaster0_.ltinum=? and lotmaster0_.ltsnlot=?
Hibernate: select lotmaster0_.ltbuid as ltbuid1_34_0_, lotmaster0_.ltinum as ltinum2_34_0_, lotmaster0_.ltsnlot as ltsnlot3_34_0_, lotmaster0_.ltcid as ltcid4_34_0_, lotmaster0_.ltdtin as ltdtin5_34_0_, lotmaster0_.lttmin as lttmin6_34_0_, lotmaster0_.ltuid as ltuid7_34_0_, lotmaster0_.ltdtlu as ltdtlu8_34_0_, lotmaster0_.lttmlu as lttmlu9_34_0_, lotmaster0_.ltuidm as ltuidm10_34_0_, lotmaster0_.ltbodt as ltbodt11_34_0_, lotmaster0_.ltbbdt as ltbbdt12_34_0_, lotmaster0_.ltcldt as ltcldt13_34_0_, lotmaster0_.ltexpdt as ltexpdt14_34_0_, lotmaster0_.ltldsc as ltldsc15_34_0_, lotmaster0_.ltledt as ltledt16_34_0_, lotmaster0_.ltlsc as ltlsc17_34_0_, lotmaster0_.ltmlot1 as ltmlot18_34_0_, lotmaster0_.ltmlot2 as ltmlot19_34_0_, lotmaster0_.ltmlot3 as ltmlot20_34_0_, lotmaster0_.ltohdt as ltohdt21_34_0_, lotmaster0_.ltsern as ltsern22_34_0_ from t4108 lotmaster0_ where lotmaster0_.ltbuid=? and lotmaster0_.ltinum=? and lotmaster0_.ltsnlot=?
Hibernate: select lotmaster0_.ltbuid as ltbuid1_34_0_, lotmaster0_.ltinum as ltinum2_34_0_, lotmaster0_.ltsnlot as ltsnlot3_34_0_, lotmaster0_.ltcid as ltcid4_34_0_, lotmaster0_.ltdtin as ltdtin5_34_0_, lotmaster0_.lttmin as lttmin6_34_0_, lotmaster0_.ltuid as ltuid7_34_0_, lotmaster0_.ltdtlu as ltdtlu8_34_0_, lotmaster0_.lttmlu as lttmlu9_34_0_, lotmaster0_.ltuidm as ltuidm10_34_0_, lotmaster0_.ltbodt as ltbodt11_34_0_, lotmaster0_.ltbbdt as ltbbdt12_34_0_, lotmaster0_.ltcldt as ltcldt13_34_0_, lotmaster0_.ltexpdt as ltexpdt14_34_0_, lotmaster0_.ltldsc as ltldsc15_34_0_, lotmaster0_.ltledt as ltledt16_34_0_, lotmaster0_.ltlsc as ltlsc17_34_0_, lotmaster0_.ltmlot1 as ltmlot18_34_0_, lotmaster0_.ltmlot2 as ltmlot19_34_0_, lotmaster0_.ltmlot3 as ltmlot20_34_0_, lotmaster0_.ltohdt as ltohdt21_34_0_, lotmaster0_.ltsern as ltsern22_34_0_ from t4108 lotmaster0_ where lotmaster0_.ltbuid=? and lotmaster0_.ltinum=? and lotmaster0_.ltsnlot=?
Hibernate: select lotmaster0_.ltbuid as ltbuid1_34_0_, lotmaster0_.ltinum as ltinum2_34_0_, lotmaster0_.ltsnlot as ltsnlot3_34_0_, lotmaster0_.ltcid as ltcid4_34_0_, lotmaster0_.ltdtin as ltdtin5_34_0_, lotmaster0_.lttmin as lttmin6_34_0_, lotmaster0_.ltuid as ltuid7_34_0_, lotmaster0_.ltdtlu as ltdtlu8_34_0_, lotmaster0_.lttmlu as lttmlu9_34_0_, lotmaster0_.ltuidm as ltuidm10_34_0_, lotmaster0_.ltbodt as ltbodt11_34_0_, lotmaster0_.ltbbdt as ltbbdt12_34_0_, lotmaster0_.ltcldt as ltcldt13_34_0_, lotmaster0_.ltexpdt as ltexpdt14_34_0_, lotmaster0_.ltldsc as ltldsc15_34_0_, lotmaster0_.ltledt as ltledt16_34_0_, lotmaster0_.ltlsc as ltlsc17_34_0_, lotmaster0_.ltmlot1 as ltmlot18_34_0_, lotmaster0_.ltmlot2 as ltmlot19_34_0_, lotmaster0_.ltmlot3 as ltmlot20_34_0_, lotmaster0_.ltohdt as ltohdt21_34_0_, lotmaster0_.ltsern as ltsern22_34_0_ from t4108 lotmaster0_ where lotmaster0_.ltbuid=? and lotmaster0_.ltinum=? and lotmaster0_.ltsnlot=?
Hibernate: select discountma0_.dudccd as dudccd1_13_0_, discountma0_.ducid as ducid2_13_0_, discountma0_.dudtin as dudtin3_13_0_, discountma0_.dutmin as dutmin4_13_0_, discountma0_.duuid as duuid5_13_0_, discountma0_.dudtlu as dudtlu6_13_0_, discountma0_.dutmlu as dutmlu7_13_0_, discountma0_.duuidm as duuidm8_13_0_, discountma0_.dudesb1 as dudesb9_13_0_, discountma0_.duamt01 as duamt10_13_0_, discountma0_.duamt02 as duamt11_13_0_, discountma0_.duamt03 as duamt12_13_0_, discountma0_.duamt04 as duamt13_13_0_, discountma0_.duamt05 as duamt14_13_0_, discountma0_.dupcn01 as dupcn15_13_0_, discountma0_.dupcn02 as dupcn16_13_0_, discountma0_.dupcn03 as dupcn17_13_0_, discountma0_.dupcn04 as dupcn18_13_0_, discountma0_.dupcn05 as dupcn19_13_0_, discountma0_.duobid as duobid20_13_0_ from t0026 discountma0_ where discountma0_.dudccd=?
Hibernate: select discountma0_.dudccd as dudccd1_13_0_, discountma0_.ducid as ducid2_13_0_, discountma0_.dudtin as dudtin3_13_0_, discountma0_.dutmin as dutmin4_13_0_, discountma0_.duuid as duuid5_13_0_, discountma0_.dudtlu as dudtlu6_13_0_, discountma0_.dutmlu as dutmlu7_13_0_, discountma0_.duuidm as duuidm8_13_0_, discountma0_.dudesb1 as dudesb9_13_0_, discountma0_.duamt01 as duamt10_13_0_, discountma0_.duamt02 as duamt11_13_0_, discountma0_.duamt03 as duamt12_13_0_, discountma0_.duamt04 as duamt13_13_0_, discountma0_.duamt05 as duamt14_13_0_, discountma0_.dupcn01 as dupcn15_13_0_, discountma0_.dupcn02 as dupcn16_13_0_, discountma0_.dupcn03 as dupcn17_13_0_, discountma0_.dupcn04 as dupcn18_13_0_, discountma0_.dupcn05 as dupcn19_13_0_, discountma0_.duobid as duobid20_13_0_ from t0026 discountma0_ where discountma0_.dudccd=?
Hibernate: select taxrule0_.tsefdt as tsefdt1_12_, taxrule0_.tstaxcd as tstaxcd2_12_, taxrule0_.tscid as tscid3_12_, taxrule0_.tsdtin as tsdtin4_12_, taxrule0_.tstmin as tstmin5_12_, taxrule0_.tsuid as tsuid6_12_, taxrule0_.tsdtlu as tsdtlu7_12_, taxrule0_.tstmlu as tstmlu8_12_, taxrule0_.tsuidm as tsuidm9_12_, taxrule0_.tsdesb1 as tsdesb10_12_, taxrule0_.tsdocty as tsdocty11_12_, taxrule0_.tsexpdt as tsexpdt12_12_, taxrule0_.tstaxal as tstaxal13_12_, taxrule0_.tstaxau1 as tstaxau14_12_, taxrule0_.tstaxau2 as tstaxau15_12_, taxrule0_.tstaxau3 as tstaxau16_12_, taxrule0_.tstaxau4 as tstaxau17_12_, taxrule0_.tstaxau5 as tstaxau18_12_, taxrule0_.tstaxcl1 as tstaxcl19_12_, taxrule0_.tstaxcl2 as tstaxcl20_12_, taxrule0_.tstaxcl3 as tstaxcl21_12_, taxrule0_.tstaxcl4 as tstaxcl22_12_, taxrule0_.tstaxcl5 as tstaxcl23_12_, taxrule0_.tspcn01 as tspcn24_12_, taxrule0_.tspcn02 as tspcn25_12_, taxrule0_.tspcn03 as tspcn26_12_, taxrule0_.tspcn04 as tspcn27_12_, taxrule0_.tspcn05 as tspcn28_12_ from t0025 taxrule0_ where taxrule0_.tstaxcd=? and taxrule0_.tsefdt<=? and taxrule0_.tsexpdt>? order by taxrule0_.tsefdt asc offset 0 rows fetch next ? rows only
Hibernate: select purchaseor0_.ohcoid as ohcoid1_39_1_, purchaseor0_.ohdocono as ohdocono2_39_1_, purchaseor0_.ohdocoty as ohdocoty3_39_1_, purchaseor0_.ohcid as ohcid4_39_1_, purchaseor0_.ohdtin as ohdtin5_39_1_, purchaseor0_.ohtmin as ohtmin6_39_1_, purchaseor0_.ohuid as ohuid7_39_1_, purchaseor0_.ohdtlu as ohdtlu8_39_1_, purchaseor0_.ohtmlu as ohtmlu9_39_1_, purchaseor0_.ohuidm as ohuidm10_39_1_, purchaseor0_.ohaprcd as ohaprcd11_39_1_, purchaseor0_.ohcrcb as ohcrcb12_39_1_, purchaseor0_.ohbuid as ohbuid13_39_1_, purchaseor0_.ohcldt as ohcldt14_39_1_, purchaseor0_.ohcot as ohcot15_39_1_, purchaseor0_.ohcsid as ohcsid16_39_1_, purchaseor0_.ohdesb1 as ohdesb17_39_1_, purchaseor0_.ohdccd as ohdccd18_39_1_, purchaseor0_.ohdcrt as ohdcrt19_39_1_, purchaseor0_.ohexcrt as ohexcrt20_39_1_, purchaseor0_.ohgldt as ohgldt21_39_1_, purchaseor0_.ohidd as ohidd22_39_1_, purchaseor0_.ohidn as ohidn23_39_1_, purchaseor0_.ohlst as ohlst24_39_1_, purchaseor0_.ohnst as ohnst25_39_1_, purchaseor0_.ohobid as ohobid26_39_1_, purchaseor0_.ohordt as ohordt27_39_1_, purchaseor0_.ohptc as ohptc28_39_1_, purchaseor0_.ohpoa as ohpoa29_39_1_, purchaseor0_.ohpod as ohpod30_39_1_, purchaseor0_.ohpjid as ohpjid31_39_1_, purchaseor0_.ohpddt as ohpddt32_39_1_, purchaseor0_.ohrcdt as ohrcdt33_39_1_, purchaseor0_.ohstid as ohstid34_39_1_, purchaseor0_.ohrqdt as ohrqdt35_39_1_, purchaseor0_.ohtaxal as ohtaxal36_39_1_, purchaseor0_.ohtaxcd as ohtaxcd37_39_1_, purchaseor0_.ohtaxrt as ohtaxrt38_39_1_, purchaseor0_.ohcrct as ohcrct39_39_1_, purchaseor0_.ohdesc1 as ohdesc40_39_1_, purchaseor0_.ohdesc2 as ohdesc41_39_1_, purchaseor0_.ohvhrn as ohvhrn42_39_1_, purchaseor0_.ohvhty as ohvhty43_39_1_, purchaseor0_.ohvnid as ohvnid44_39_1_, details1_.odcoid as odcoid1_40_3_, details1_.oddocono as oddocono2_40_3_, details1_.oddocoty as oddocoty4_40_3_, details1_.oddocosq as oddocosq3_40_3_, details1_.odcoid as odcoid1_40_0_, details1_.oddocono as oddocono2_40_0_, details1_.oddocosq as oddocosq3_40_0_, details1_.oddocoty as oddocoty4_40_0_, details1_.odcid as odcid5_40_0_, details1_.oddtin as oddtin6_40_0_, details1_.odtmin as odtmin7_40_0_, details1_.oduid as oduid8_40_0_, details1_.oddtlu as oddtlu9_40_0_, details1_.odtmlu as odtmlu10_40_0_, details1_.oduidm as oduidm11_40_0_, details1_.odacid as odacid12_40_0_, details1_.odaprcd as odaprcd13_40_0_, details1_.odcrcb as odcrcb14_40_0_, details1_.oditc02 as oditc15_40_0_, details1_.odbuid as odbuid16_40_0_, details1_.odqtycl as odqtycl17_40_0_, details1_.oditc01 as oditc18_40_0_, details1_.odcldt as odcldt19_40_0_, details1_.odcsid as odcsid20_40_0_, details1_.oddccd as oddccd21_40_0_, details1_.oddcrt as oddcrt22_40_0_, details1_.odexcrt as odexcrt23_40_0_, details1_.odexcost as odexcos24_40_0_, details1_.odqtyx as odqtyx25_40_0_, details1_.oducfx as oducfx26_40_0_, details1_.oduncostx as oduncos27_40_0_, details1_.oduomx as oduomx28_40_0_, details1_.odfec as odfec29_40_0_, details1_.odfta as odfta30_40_0_, details1_.odftb as odftb31_40_0_, details1_.odfuc as odfuc32_40_0_, details1_.odglcls as odglcls33_40_0_, details1_.odgldt as odgldt34_40_0_, details1_.odir02 as odir35_40_0_, details1_.odir01 as odir36_40_0_, details1_.odir03 as odir37_40_0_, details1_.odinum as odinum38_40_0_, details1_.oddesb1 as oddesb39_40_0_, details1_.oditc05 as oditc40_40_0_, details1_.odlst as odlst41_40_0_, details1_.odlnty as odlnty42_40_0_, details1_.odlocid as odlocid43_40_0_, details1_.odnst as odnst44_40_0_, details1_.odobid as odobid45_40_0_, details1_.odqtyop as odqtyop46_40_0_, details1_.odordt as odordt47_40_0_, details1_.odqtyor as odqtyor48_40_0_, details1_.odott as odott49_40_0_, details1_.odordocdt as odordoc50_40_0_, details1_.odordocno as odordoc51_40_0_, details1_.odordocsq as odordoc52_40_0_, details1_.odordocty as odordoc53_40_0_, details1_.odptc as odptc54_40_0_, details1_.odpqor as odpqor55_40_0_, details1_.oduom1 as oduom56_40_0_, details1_.odpjid as odpjid57_40_0_, details1_.odpddt as odpddt58_40_0_, details1_.odpo03 as odpo59_40_0_, details1_.odpo01 as odpo60_40_0_, details1_.odpo02 as odpo61_40_0_, details1_.odqty as odqty62_40_0_, details1_.odrcdt as odrcdt63_40_0_, details1_.odqtyrc as odqtyrc64_40_0_, details1_.odstid as odstid65_40_0_, details1_.odvr04 as odvr66_40_0_, details1_.odvr01 as odvr67_40_0_, details1_.odvr03 as odvr68_40_0_, details1_.odvr05 as odvr69_40_0_, details1_.odvr02 as odvr70_40_0_, details1_.odrldocno as odrldoc71_40_0_, details1_.odrldocsq as odrldoc72_40_0_, details1_.odrldocty as odrldoc73_40_0_, details1_.odrqdt as odrqdt74_40_0_, details1_.odqtyrn as odqtyrn75_40_0_, details1_.odsqor as odsqor76_40_0_, details1_.oduom2 as oduom77_40_0_, details1_.odsnlot as odsnlot78_40_0_, details1_.odtaxal as odtaxal79_40_0_, details1_.odtaxam as odtaxam80_40_0_, details1_.odtaxab as odtaxab81_40_0_, details1_.odtaxcd as odtaxcd82_40_0_, details1_.odtaxrt as odtaxrt83_40_0_, details1_.odcrct as odcrct84_40_0_, details1_.oditc03 as oditc85_40_0_, details1_.oducf as oducf86_40_0_, details1_.oduncost as oduncos87_40_0_, details1_.odudc as odudc88_40_0_, details1_.odudf as odudf89_40_0_, details1_.oduom as oduom90_40_0_, details1_.odvnid as odvnid91_40_0_ from t4301 purchaseor0_ left outer join t4311 details1_ on purchaseor0_.ohcoid=details1_.odcoid and purchaseor0_.ohdocono=details1_.oddocono and purchaseor0_.ohdocoty=details1_.oddocoty where purchaseor0_.ohcoid=? and purchaseor0_.ohdocono=? and purchaseor0_.ohdocoty=?
Hibernate: select purchasede0_.odcoid as odcoid1_40_0_, purchasede0_.oddocono as oddocono2_40_0_, purchasede0_.oddocosq as oddocosq3_40_0_, purchasede0_.oddocoty as oddocoty4_40_0_, purchasede0_.odcid as odcid5_40_0_, purchasede0_.oddtin as oddtin6_40_0_, purchasede0_.odtmin as odtmin7_40_0_, purchasede0_.oduid as oduid8_40_0_, purchasede0_.oddtlu as oddtlu9_40_0_, purchasede0_.odtmlu as odtmlu10_40_0_, purchasede0_.oduidm as oduidm11_40_0_, purchasede0_.odacid as odacid12_40_0_, purchasede0_.odaprcd as odaprcd13_40_0_, purchasede0_.odcrcb as odcrcb14_40_0_, purchasede0_.oditc02 as oditc15_40_0_, purchasede0_.odbuid as odbuid16_40_0_, purchasede0_.odqtycl as odqtycl17_40_0_, purchasede0_.oditc01 as oditc18_40_0_, purchasede0_.odcldt as odcldt19_40_0_, purchasede0_.odcsid as odcsid20_40_0_, purchasede0_.oddccd as oddccd21_40_0_, purchasede0_.oddcrt as oddcrt22_40_0_, purchasede0_.odexcrt as odexcrt23_40_0_, purchasede0_.odexcost as odexcos24_40_0_, purchasede0_.odqtyx as odqtyx25_40_0_, purchasede0_.oducfx as oducfx26_40_0_, purchasede0_.oduncostx as oduncos27_40_0_, purchasede0_.oduomx as oduomx28_40_0_, purchasede0_.odfec as odfec29_40_0_, purchasede0_.odfta as odfta30_40_0_, purchasede0_.odftb as odftb31_40_0_, purchasede0_.odfuc as odfuc32_40_0_, purchasede0_.odglcls as odglcls33_40_0_, purchasede0_.odgldt as odgldt34_40_0_, purchasede0_.odir02 as odir35_40_0_, purchasede0_.odir01 as odir36_40_0_, purchasede0_.odir03 as odir37_40_0_, purchasede0_.odinum as odinum38_40_0_, purchasede0_.oddesb1 as oddesb39_40_0_, purchasede0_.oditc05 as oditc40_40_0_, purchasede0_.odlst as odlst41_40_0_, purchasede0_.odlnty as odlnty42_40_0_, purchasede0_.odlocid as odlocid43_40_0_, purchasede0_.odnst as odnst44_40_0_, purchasede0_.odobid as odobid45_40_0_, purchasede0_.odqtyop as odqtyop46_40_0_, purchasede0_.odordt as odordt47_40_0_, purchasede0_.odqtyor as odqtyor48_40_0_, purchasede0_.odott as odott49_40_0_, purchasede0_.odordocdt as odordoc50_40_0_, purchasede0_.odordocno as odordoc51_40_0_, purchasede0_.odordocsq as odordoc52_40_0_, purchasede0_.odordocty as odordoc53_40_0_, purchasede0_.odptc as odptc54_40_0_, purchasede0_.odpqor as odpqor55_40_0_, purchasede0_.oduom1 as oduom56_40_0_, purchasede0_.odpjid as odpjid57_40_0_, purchasede0_.odpddt as odpddt58_40_0_, purchasede0_.odpo03 as odpo59_40_0_, purchasede0_.odpo01 as odpo60_40_0_, purchasede0_.odpo02 as odpo61_40_0_, purchasede0_.odqty as odqty62_40_0_, purchasede0_.odrcdt as odrcdt63_40_0_, purchasede0_.odqtyrc as odqtyrc64_40_0_, purchasede0_.odstid as odstid65_40_0_, purchasede0_.odvr04 as odvr66_40_0_, purchasede0_.odvr01 as odvr67_40_0_, purchasede0_.odvr03 as odvr68_40_0_, purchasede0_.odvr05 as odvr69_40_0_, purchasede0_.odvr02 as odvr70_40_0_, purchasede0_.odrldocno as odrldoc71_40_0_, purchasede0_.odrldocsq as odrldoc72_40_0_, purchasede0_.odrldocty as odrldoc73_40_0_, purchasede0_.odrqdt as odrqdt74_40_0_, purchasede0_.odqtyrn as odqtyrn75_40_0_, purchasede0_.odsqor as odsqor76_40_0_, purchasede0_.oduom2 as oduom77_40_0_, purchasede0_.odsnlot as odsnlot78_40_0_, purchasede0_.odtaxal as odtaxal79_40_0_, purchasede0_.odtaxam as odtaxam80_40_0_, purchasede0_.odtaxab as odtaxab81_40_0_, purchasede0_.odtaxcd as odtaxcd82_40_0_, purchasede0_.odtaxrt as odtaxrt83_40_0_, purchasede0_.odcrct as odcrct84_40_0_, purchasede0_.oditc03 as oditc85_40_0_, purchasede0_.oducf as oducf86_40_0_, purchasede0_.oduncost as oduncos87_40_0_, purchasede0_.odudc as odudc88_40_0_, purchasede0_.odudf as odudf89_40_0_, purchasede0_.oduom as oduom90_40_0_, purchasede0_.odvnid as odvnid91_40_0_ from t4311 purchasede0_ where purchasede0_.odcoid=? and purchasede0_.oddocono=? and purchasede0_.oddocosq=? and purchasede0_.oddocoty=?
Hibernate: select purchasede0_.odcoid as odcoid1_40_0_, purchasede0_.oddocono as oddocono2_40_0_, purchasede0_.oddocosq as oddocosq3_40_0_, purchasede0_.oddocoty as oddocoty4_40_0_, purchasede0_.odcid as odcid5_40_0_, purchasede0_.oddtin as oddtin6_40_0_, purchasede0_.odtmin as odtmin7_40_0_, purchasede0_.oduid as oduid8_40_0_, purchasede0_.oddtlu as oddtlu9_40_0_, purchasede0_.odtmlu as odtmlu10_40_0_, purchasede0_.oduidm as oduidm11_40_0_, purchasede0_.odacid as odacid12_40_0_, purchasede0_.odaprcd as odaprcd13_40_0_, purchasede0_.odcrcb as odcrcb14_40_0_, purchasede0_.oditc02 as oditc15_40_0_, purchasede0_.odbuid as odbuid16_40_0_, purchasede0_.odqtycl as odqtycl17_40_0_, purchasede0_.oditc01 as oditc18_40_0_, purchasede0_.odcldt as odcldt19_40_0_, purchasede0_.odcsid as odcsid20_40_0_, purchasede0_.oddccd as oddccd21_40_0_, purchasede0_.oddcrt as oddcrt22_40_0_, purchasede0_.odexcrt as odexcrt23_40_0_, purchasede0_.odexcost as odexcos24_40_0_, purchasede0_.odqtyx as odqtyx25_40_0_, purchasede0_.oducfx as oducfx26_40_0_, purchasede0_.oduncostx as oduncos27_40_0_, purchasede0_.oduomx as oduomx28_40_0_, purchasede0_.odfec as odfec29_40_0_, purchasede0_.odfta as odfta30_40_0_, purchasede0_.odftb as odftb31_40_0_, purchasede0_.odfuc as odfuc32_40_0_, purchasede0_.odglcls as odglcls33_40_0_, purchasede0_.odgldt as odgldt34_40_0_, purchasede0_.odir02 as odir35_40_0_, purchasede0_.odir01 as odir36_40_0_, purchasede0_.odir03 as odir37_40_0_, purchasede0_.odinum as odinum38_40_0_, purchasede0_.oddesb1 as oddesb39_40_0_, purchasede0_.oditc05 as oditc40_40_0_, purchasede0_.odlst as odlst41_40_0_, purchasede0_.odlnty as odlnty42_40_0_, purchasede0_.odlocid as odlocid43_40_0_, purchasede0_.odnst as odnst44_40_0_, purchasede0_.odobid as odobid45_40_0_, purchasede0_.odqtyop as odqtyop46_40_0_, purchasede0_.odordt as odordt47_40_0_, purchasede0_.odqtyor as odqtyor48_40_0_, purchasede0_.odott as odott49_40_0_, purchasede0_.odordocdt as odordoc50_40_0_, purchasede0_.odordocno as odordoc51_40_0_, purchasede0_.odordocsq as odordoc52_40_0_, purchasede0_.odordocty as odordoc53_40_0_, purchasede0_.odptc as odptc54_40_0_, purchasede0_.odpqor as odpqor55_40_0_, purchasede0_.oduom1 as oduom56_40_0_, purchasede0_.odpjid as odpjid57_40_0_, purchasede0_.odpddt as odpddt58_40_0_, purchasede0_.odpo03 as odpo59_40_0_, purchasede0_.odpo01 as odpo60_40_0_, purchasede0_.odpo02 as odpo61_40_0_, purchasede0_.odqty as odqty62_40_0_, purchasede0_.odrcdt as odrcdt63_40_0_, purchasede0_.odqtyrc as odqtyrc64_40_0_, purchasede0_.odstid as odstid65_40_0_, purchasede0_.odvr04 as odvr66_40_0_, purchasede0_.odvr01 as odvr67_40_0_, purchasede0_.odvr03 as odvr68_40_0_, purchasede0_.odvr05 as odvr69_40_0_, purchasede0_.odvr02 as odvr70_40_0_, purchasede0_.odrldocno as odrldoc71_40_0_, purchasede0_.odrldocsq as odrldoc72_40_0_, purchasede0_.odrldocty as odrldoc73_40_0_, purchasede0_.odrqdt as odrqdt74_40_0_, purchasede0_.odqtyrn as odqtyrn75_40_0_, purchasede0_.odsqor as odsqor76_40_0_, purchasede0_.oduom2 as oduom77_40_0_, purchasede0_.odsnlot as odsnlot78_40_0_, purchasede0_.odtaxal as odtaxal79_40_0_, purchasede0_.odtaxam as odtaxam80_40_0_, purchasede0_.odtaxab as odtaxab81_40_0_, purchasede0_.odtaxcd as odtaxcd82_40_0_, purchasede0_.odtaxrt as odtaxrt83_40_0_, purchasede0_.odcrct as odcrct84_40_0_, purchasede0_.oditc03 as oditc85_40_0_, purchasede0_.oducf as oducf86_40_0_, purchasede0_.oduncost as oduncos87_40_0_, purchasede0_.odudc as odudc88_40_0_, purchasede0_.odudf as odudf89_40_0_, purchasede0_.oduom as oduom90_40_0_, purchasede0_.odvnid as odvnid91_40_0_ from t4311 purchasede0_ where purchasede0_.odcoid=? and purchasede0_.oddocono=? and purchasede0_.oddocosq=? and purchasede0_.oddocoty=?
Hibernate: select purchasede0_.odcoid as odcoid1_40_0_, purchasede0_.oddocono as oddocono2_40_0_, purchasede0_.oddocosq as oddocosq3_40_0_, purchasede0_.oddocoty as oddocoty4_40_0_, purchasede0_.odcid as odcid5_40_0_, purchasede0_.oddtin as oddtin6_40_0_, purchasede0_.odtmin as odtmin7_40_0_, purchasede0_.oduid as oduid8_40_0_, purchasede0_.oddtlu as oddtlu9_40_0_, purchasede0_.odtmlu as odtmlu10_40_0_, purchasede0_.oduidm as oduidm11_40_0_, purchasede0_.odacid as odacid12_40_0_, purchasede0_.odaprcd as odaprcd13_40_0_, purchasede0_.odcrcb as odcrcb14_40_0_, purchasede0_.oditc02 as oditc15_40_0_, purchasede0_.odbuid as odbuid16_40_0_, purchasede0_.odqtycl as odqtycl17_40_0_, purchasede0_.oditc01 as oditc18_40_0_, purchasede0_.odcldt as odcldt19_40_0_, purchasede0_.odcsid as odcsid20_40_0_, purchasede0_.oddccd as oddccd21_40_0_, purchasede0_.oddcrt as oddcrt22_40_0_, purchasede0_.odexcrt as odexcrt23_40_0_, purchasede0_.odexcost as odexcos24_40_0_, purchasede0_.odqtyx as odqtyx25_40_0_, purchasede0_.oducfx as oducfx26_40_0_, purchasede0_.oduncostx as oduncos27_40_0_, purchasede0_.oduomx as oduomx28_40_0_, purchasede0_.odfec as odfec29_40_0_, purchasede0_.odfta as odfta30_40_0_, purchasede0_.odftb as odftb31_40_0_, purchasede0_.odfuc as odfuc32_40_0_, purchasede0_.odglcls as odglcls33_40_0_, purchasede0_.odgldt as odgldt34_40_0_, purchasede0_.odir02 as odir35_40_0_, purchasede0_.odir01 as odir36_40_0_, purchasede0_.odir03 as odir37_40_0_, purchasede0_.odinum as odinum38_40_0_, purchasede0_.oddesb1 as oddesb39_40_0_, purchasede0_.oditc05 as oditc40_40_0_, purchasede0_.odlst as odlst41_40_0_, purchasede0_.odlnty as odlnty42_40_0_, purchasede0_.odlocid as odlocid43_40_0_, purchasede0_.odnst as odnst44_40_0_, purchasede0_.odobid as odobid45_40_0_, purchasede0_.odqtyop as odqtyop46_40_0_, purchasede0_.odordt as odordt47_40_0_, purchasede0_.odqtyor as odqtyor48_40_0_, purchasede0_.odott as odott49_40_0_, purchasede0_.odordocdt as odordoc50_40_0_, purchasede0_.odordocno as odordoc51_40_0_, purchasede0_.odordocsq as odordoc52_40_0_, purchasede0_.odordocty as odordoc53_40_0_, purchasede0_.odptc as odptc54_40_0_, purchasede0_.odpqor as odpqor55_40_0_, purchasede0_.oduom1 as oduom56_40_0_, purchasede0_.odpjid as odpjid57_40_0_, purchasede0_.odpddt as odpddt58_40_0_, purchasede0_.odpo03 as odpo59_40_0_, purchasede0_.odpo01 as odpo60_40_0_, purchasede0_.odpo02 as odpo61_40_0_, purchasede0_.odqty as odqty62_40_0_, purchasede0_.odrcdt as odrcdt63_40_0_, purchasede0_.odqtyrc as odqtyrc64_40_0_, purchasede0_.odstid as odstid65_40_0_, purchasede0_.odvr04 as odvr66_40_0_, purchasede0_.odvr01 as odvr67_40_0_, purchasede0_.odvr03 as odvr68_40_0_, purchasede0_.odvr05 as odvr69_40_0_, purchasede0_.odvr02 as odvr70_40_0_, purchasede0_.odrldocno as odrldoc71_40_0_, purchasede0_.odrldocsq as odrldoc72_40_0_, purchasede0_.odrldocty as odrldoc73_40_0_, purchasede0_.odrqdt as odrqdt74_40_0_, purchasede0_.odqtyrn as odqtyrn75_40_0_, purchasede0_.odsqor as odsqor76_40_0_, purchasede0_.oduom2 as oduom77_40_0_, purchasede0_.odsnlot as odsnlot78_40_0_, purchasede0_.odtaxal as odtaxal79_40_0_, purchasede0_.odtaxam as odtaxam80_40_0_, purchasede0_.odtaxab as odtaxab81_40_0_, purchasede0_.odtaxcd as odtaxcd82_40_0_, purchasede0_.odtaxrt as odtaxrt83_40_0_, purchasede0_.odcrct as odcrct84_40_0_, purchasede0_.oditc03 as oditc85_40_0_, purchasede0_.oducf as oducf86_40_0_, purchasede0_.oduncost as oduncos87_40_0_, purchasede0_.odudc as odudc88_40_0_, purchasede0_.odudf as odudf89_40_0_, purchasede0_.oduom as oduom90_40_0_, purchasede0_.odvnid as odvnid91_40_0_ from t4311 purchasede0_ where purchasede0_.odcoid=? and purchasede0_.oddocono=? and purchasede0_.oddocosq=? and purchasede0_.oddocoty=?
Hibernate: insert into t4301 (ohcid, ohdtin, ohtmin, ohuid, ohdtlu, ohtmlu, ohuidm, ohaprcd, ohcrcb, ohbuid, ohcldt, ohcot, ohcsid, ohdesb1, ohdccd, ohdcrt, ohexcrt, ohgldt, ohidd, ohidn, ohlst, ohnst, ohobid, ohordt, ohptc, ohpoa, ohpod, ohpjid, ohpddt, ohrcdt, ohstid, ohrqdt, ohtaxal, ohtaxcd, ohtaxrt, ohcrct, ohdesc1, ohdesc2, ohvhrn, ohvhty, ohvnid, ohcoid, ohdocono, ohdocoty) values (?, ?, ?, ?, ?, ?, ?, ?, ?, ?, ?, ?, ?, ?, ?, ?, ?, ?, ?, ?, ?, ?, ?, ?, ?, ?, ?, ?, ?, ?, ?, ?, ?, ?, ?, ?, ?, ?, ?, ?, ?, ?, ?, ?)
Hibernate: insert into t4311 (odcid, oddtin, odtmin, oduid, oddtlu, odtmlu, oduidm, odacid, odaprcd, odcrcb, oditc02, odbuid, odqtycl, oditc01, odcldt, odcsid, oddccd, oddcrt, odexcrt, odexcost, odqtyx, oducfx, oduncostx, oduomx, odfec, odfta, odftb, odfuc, odglcls, odgldt, odir02, odir01, odir03, odinum, oddesb1, oditc05, odlst, odlnty, odlocid, odnst, odobid, odqtyop, odordt, odqtyor, odott, odordocdt, odordocno, odordocsq, odordocty, odptc, odpqor, oduom1, odpjid, odpddt, odpo03, odpo01, odpo02, odqty, odrcdt, odqtyrc, odstid, odvr04, odvr01, odvr03, odvr05, odvr02, odrldocno, odrldocsq, odrldocty, odrqdt, odqtyrn, odsqor, oduom2, odsnlot, odtaxal, odtaxam, odtaxab, odtaxcd, odtaxrt, odcrct, oditc03, oducf, oduncost, odudc, odudf, oduom, odvnid, odcoid, oddocono, oddocosq, oddocoty) values (?, ?, ?, ?, ?, ?, ?, ?, ?, ?, ?, ?, ?, ?, ?, ?, ?, ?, ?, ?, ?, ?, ?, ?, ?, ?, ?, ?, ?, ?, ?, ?, ?, ?, ?, ?, ?, ?, ?, ?, ?, ?, ?, ?, ?, ?, ?, ?, ?, ?, ?, ?, ?, ?, ?, ?, ?, ?, ?, ?, ?, ?, ?, ?, ?, ?, ?, ?, ?, ?, ?, ?, ?, ?, ?, ?, ?, ?, ?, ?, ?, ?, ?, ?, ?, ?, ?, ?, ?, ?, ?)
Hibernate: insert into t4311 (odcid, oddtin, odtmin, oduid, oddtlu, odtmlu, oduidm, odacid, odaprcd, odcrcb, oditc02, odbuid, odqtycl, oditc01, odcldt, odcsid, oddccd, oddcrt, odexcrt, odexcost, odqtyx, oducfx, oduncostx, oduomx, odfec, odfta, odftb, odfuc, odglcls, odgldt, odir02, odir01, odir03, odinum, oddesb1, oditc05, odlst, odlnty, odlocid, odnst, odobid, odqtyop, odordt, odqtyor, odott, odordocdt, odordocno, odordocsq, odordocty, odptc, odpqor, oduom1, odpjid, odpddt, odpo03, odpo01, odpo02, odqty, odrcdt, odqtyrc, odstid, odvr04, odvr01, odvr03, odvr05, odvr02, odrldocno, odrldocsq, odrldocty, odrqdt, odqtyrn, odsqor, oduom2, odsnlot, odtaxal, odtaxam, odtaxab, odtaxcd, odtaxrt, odcrct, oditc03, oducf, oduncost, odudc, odudf, oduom, odvnid, odcoid, oddocono, oddocosq, oddocoty) values (?, ?, ?, ?, ?, ?, ?, ?, ?, ?, ?, ?, ?, ?, ?, ?, ?, ?, ?, ?, ?, ?, ?, ?, ?, ?, ?, ?, ?, ?, ?, ?, ?, ?, ?, ?, ?, ?, ?, ?, ?, ?, ?, ?, ?, ?, ?, ?, ?, ?, ?, ?, ?, ?, ?, ?, ?, ?, ?, ?, ?, ?, ?, ?, ?, ?, ?, ?, ?, ?, ?, ?, ?, ?, ?, ?, ?, ?, ?, ?, ?, ?, ?, ?, ?, ?, ?, ?, ?, ?, ?)
Hibernate: insert into t4311 (odcid, oddtin, odtmin, oduid, oddtlu, odtmlu, oduidm, odacid, odaprcd, odcrcb, oditc02, odbuid, odqtycl, oditc01, odcldt, odcsid, oddccd, oddcrt, odexcrt, odexcost, odqtyx, oducfx, oduncostx, oduomx, odfec, odfta, odftb, odfuc, odglcls, odgldt, odir02, odir01, odir03, odinum, oddesb1, oditc05, odlst, odlnty, odlocid, odnst, odobid, odqtyop, odordt, odqtyor, odott, odordocdt, odordocno, odordocsq, odordocty, odptc, odpqor, oduom1, odpjid, odpddt, odpo03, odpo01, odpo02, odqty, odrcdt, odqtyrc, odstid, odvr04, odvr01, odvr03, odvr05, odvr02, odrldocno, odrldocsq, odrldocty, odrqdt, odqtyrn, odsqor, oduom2, odsnlot, odtaxal, odtaxam, odtaxab, odtaxcd, odtaxrt, odcrct, oditc03, oducf, oduncost, odudc, odudf, oduom, odvnid, odcoid, oddocono, oddocosq, oddocoty) values (?, ?, ?, ?, ?, ?, ?, ?, ?, ?, ?, ?, ?, ?, ?, ?, ?, ?, ?, ?, ?, ?, ?, ?, ?, ?, ?, ?, ?, ?, ?, ?, ?, ?, ?, ?, ?, ?, ?, ?, ?, ?, ?, ?, ?, ?, ?, ?, ?, ?, ?, ?, ?, ?, ?, ?, ?, ?, ?, ?, ?, ?, ?, ?, ?, ?, ?, ?, ?, ?, ?, ?, ?, ?, ?, ?, ?, ?, ?, ?, ?, ?, ?, ?, ?, ?, ?, ?, ?, ?, ?)
Hibernate: select purchaseor0_.ohcoid as ohcoid1_39_0_, purchaseor0_.ohdocono as ohdocono2_39_0_, purchaseor0_.ohdocoty as ohdocoty3_39_0_, purchaseor0_.ohcid as ohcid4_39_0_, purchaseor0_.ohdtin as ohdtin5_39_0_, purchaseor0_.ohtmin as ohtmin6_39_0_, purchaseor0_.ohuid as ohuid7_39_0_, purchaseor0_.ohdtlu as ohdtlu8_39_0_, purchaseor0_.ohtmlu as ohtmlu9_39_0_, purchaseor0_.ohuidm as ohuidm10_39_0_, purchaseor0_.ohaprcd as ohaprcd11_39_0_, purchaseor0_.ohcrcb as ohcrcb12_39_0_, purchaseor0_.ohbuid as ohbuid13_39_0_, purchaseor0_.ohcldt as ohcldt14_39_0_, purchaseor0_.ohcot as ohcot15_39_0_, purchaseor0_.ohcsid as ohcsid16_39_0_, purchaseor0_.ohdesb1 as ohdesb17_39_0_, purchaseor0_.ohdccd as ohdccd18_39_0_, purchaseor0_.ohdcrt as ohdcrt19_39_0_, purchaseor0_.ohexcrt as ohexcrt20_39_0_, purchaseor0_.ohgldt as ohgldt21_39_0_, purchaseor0_.ohidd as ohidd22_39_0_, purchaseor0_.ohidn as ohidn23_39_0_, purchaseor0_.ohlst as ohlst24_39_0_, purchaseor0_.ohnst as ohnst25_39_0_, purchaseor0_.ohobid as ohobid26_39_0_, purchaseor0_.ohordt as ohordt27_39_0_, purchaseor0_.ohptc as ohptc28_39_0_, purchaseor0_.ohpoa as ohpoa29_39_0_, purchaseor0_.ohpod as ohpod30_39_0_, purchaseor0_.ohpjid as ohpjid31_39_0_, purchaseor0_.ohpddt as ohpddt32_39_0_, purchaseor0_.ohrcdt as ohrcdt33_39_0_, purchaseor0_.ohstid as ohstid34_39_0_, purchaseor0_.ohrqdt as ohrqdt35_39_0_, purchaseor0_.ohtaxal as ohtaxal36_39_0_, purchaseor0_.ohtaxcd as ohtaxcd37_39_0_, purchaseor0_.ohtaxrt as ohtaxrt38_39_0_, purchaseor0_.ohcrct as ohcrct39_39_0_, purchaseor0_.ohdesc1 as ohdesc40_39_0_, purchaseor0_.ohdesc2 as ohdesc41_39_0_, purchaseor0_.ohvhrn as ohvhrn42_39_0_, purchaseor0_.ohvhty as ohvhty43_39_0_, purchaseor0_.ohvnid as ohvnid44_39_0_ from t4301 purchaseor0_ where purchaseor0_.ohcoid=? and purchaseor0_.ohdocono=? and purchaseor0_.ohdocoty=?
Hibernate: select details0_.odcoid as odcoid1_40_0_, details0_.oddocono as oddocono2_40_0_, details0_.oddocoty as oddocoty4_40_0_, details0_.oddocosq as oddocosq3_40_0_, details0_.odcoid as odcoid1_40_1_, details0_.oddocono as oddocono2_40_1_, details0_.oddocosq as oddocosq3_40_1_, details0_.oddocoty as oddocoty4_40_1_, details0_.odcid as odcid5_40_1_, details0_.oddtin as oddtin6_40_1_, details0_.odtmin as odtmin7_40_1_, details0_.oduid as oduid8_40_1_, details0_.oddtlu as oddtlu9_40_1_, details0_.odtmlu as odtmlu10_40_1_, details0_.oduidm as oduidm11_40_1_, details0_.odacid as odacid12_40_1_, details0_.odaprcd as odaprcd13_40_1_, details0_.odcrcb as odcrcb14_40_1_, details0_.oditc02 as oditc15_40_1_, details0_.odbuid as odbuid16_40_1_, details0_.odqtycl as odqtycl17_40_1_, details0_.oditc01 as oditc18_40_1_, details0_.odcldt as odcldt19_40_1_, details0_.odcsid as odcsid20_40_1_, details0_.oddccd as oddccd21_40_1_, details0_.oddcrt as oddcrt22_40_1_, details0_.odexcrt as odexcrt23_40_1_, details0_.odexcost as odexcos24_40_1_, details0_.odqtyx as odqtyx25_40_1_, details0_.oducfx as oducfx26_40_1_, details0_.oduncostx as oduncos27_40_1_, details0_.oduomx as oduomx28_40_1_, details0_.odfec as odfec29_40_1_, details0_.odfta as odfta30_40_1_, details0_.odftb as odftb31_40_1_, details0_.odfuc as odfuc32_40_1_, details0_.odglcls as odglcls33_40_1_, details0_.odgldt as odgldt34_40_1_, details0_.odir02 as odir35_40_1_, details0_.odir01 as odir36_40_1_, details0_.odir03 as odir37_40_1_, details0_.odinum as odinum38_40_1_, details0_.oddesb1 as oddesb39_40_1_, details0_.oditc05 as oditc40_40_1_, details0_.odlst as odlst41_40_1_, details0_.odlnty as odlnty42_40_1_, details0_.odlocid as odlocid43_40_1_, details0_.odnst as odnst44_40_1_, details0_.odobid as odobid45_40_1_, details0_.odqtyop as odqtyop46_40_1_, details0_.odordt as odordt47_40_1_, details0_.odqtyor as odqtyor48_40_1_, details0_.odott as odott49_40_1_, details0_.odordocdt as odordoc50_40_1_, details0_.odordocno as odordoc51_40_1_, details0_.odordocsq as odordoc52_40_1_, details0_.odordocty as odordoc53_40_1_, details0_.odptc as odptc54_40_1_, details0_.odpqor as odpqor55_40_1_, details0_.oduom1 as oduom56_40_1_, details0_.odpjid as odpjid57_40_1_, details0_.odpddt as odpddt58_40_1_, details0_.odpo03 as odpo59_40_1_, details0_.odpo01 as odpo60_40_1_, details0_.odpo02 as odpo61_40_1_, details0_.odqty as odqty62_40_1_, details0_.odrcdt as odrcdt63_40_1_, details0_.odqtyrc as odqtyrc64_40_1_, details0_.odstid as odstid65_40_1_, details0_.odvr04 as odvr66_40_1_, details0_.odvr01 as odvr67_40_1_, details0_.odvr03 as odvr68_40_1_, details0_.odvr05 as odvr69_40_1_, details0_.odvr02 as odvr70_40_1_, details0_.odrldocno as odrldoc71_40_1_, details0_.odrldocsq as odrldoc72_40_1_, details0_.odrldocty as odrldoc73_40_1_, details0_.odrqdt as odrqdt74_40_1_, details0_.odqtyrn as odqtyrn75_40_1_, details0_.odsqor as odsqor76_40_1_, details0_.oduom2 as oduom77_40_1_, details0_.odsnlot as odsnlot78_40_1_, details0_.odtaxal as odtaxal79_40_1_, details0_.odtaxam as odtaxam80_40_1_, details0_.odtaxab as odtaxab81_40_1_, details0_.odtaxcd as odtaxcd82_40_1_, details0_.odtaxrt as odtaxrt83_40_1_, details0_.odcrct as odcrct84_40_1_, details0_.oditc03 as oditc85_40_1_, details0_.oducf as oducf86_40_1_, details0_.oduncost as oduncos87_40_1_, details0_.odudc as odudc88_40_1_, details0_.odudf as odudf89_40_1_, details0_.oduom as oduom90_40_1_, details0_.odvnid as odvnid91_40_1_ from t4311 details0_ where details0_.odcoid=? and details0_.oddocono=? and details0_.oddocoty=?
Hibernate: select receipts0_.ovcoid as ovcoid1_41_0_, receipts0_.ovdocono as ovdocon53_41_0_, receipts0_.ovdocosq as ovdocos54_41_0_, receipts0_.ovdocoty as ovdocot55_41_0_, receipts0_.ovdocno as ovdocno2_41_0_, receipts0_.ovdocty as ovdocty3_41_0_, receipts0_.ovdocsq as ovdocsq4_41_0_, receipts0_.ovcoid as ovcoid1_41_1_, receipts0_.ovdocno as ovdocno2_41_1_, receipts0_.ovdocty as ovdocty3_41_1_, receipts0_.ovdocsq as ovdocsq4_41_1_, receipts0_.ovcid as ovcid5_41_1_, receipts0_.ovdtin as ovdtin6_41_1_, receipts0_.ovtmin as ovtmin7_41_1_, receipts0_.ovuid as ovuid8_41_1_, receipts0_.ovdtlu as ovdtlu9_41_1_, receipts0_.ovtmlu as ovtmlu10_41_1_, receipts0_.ovuidm as ovuidm11_41_1_, receipts0_.ovacid as ovacid12_41_1_, receipts0_.ovcrcb as ovcrcb13_41_1_, receipts0_.ovicu as ovicu14_41_1_, receipts0_.ovicut as ovicut15_41_1_, receipts0_.ovitc02 as ovitc16_41_1_, receipts0_.ovbuid as ovbuid17_41_1_, receipts0_.ovitc01 as ovitc18_41_1_, receipts0_.ovcot as ovcot19_41_1_, receipts0_.ovcnid as ovcnid20_41_1_, receipts0_.ovcsdocdt as ovcsdoc21_41_1_, receipts0_.ovcsdocno as ovcsdoc22_41_1_, receipts0_.ovurtx as ovurtx23_41_1_, receipts0_.ovdccd as ovdccd24_41_1_, receipts0_.ovdcrt as ovdcrt25_41_1_, receipts0_.ovdocdt as ovdocdt26_41_1_, receipts0_.ovexcrt as ovexcrt27_41_1_, receipts0_.ovexpdt as ovexpdt28_41_1_, receipts0_.ovexcost as ovexcos29_41_1_, receipts0_.ovfec as ovfec30_41_1_, receipts0_.ovfta as ovfta31_41_1_, receipts0_.ovftb as ovftb32_41_1_, receipts0_.ovfuc as ovfuc33_41_1_, receipts0_.ovglcls as ovglcls34_41_1_, receipts0_.ovidd as ovidd35_41_1_, receipts0_.ovidn as ovidn36_41_1_, receipts0_.ovitt as ovitt37_41_1_, receipts0_.ovdocidt as ovdocid38_41_1_, receipts0_.ovdocino as ovdocin39_41_1_, receipts0_.ovdocisq as ovdocis40_41_1_, receipts0_.ovdocity as ovdocit41_41_1_, receipts0_.ovinum as ovinum42_41_1_, receipts0_.ovdesb1 as ovdesb43_41_1_, receipts0_.ovlcrt as ovlcrt44_41_1_, receipts0_.ovitc05 as ovitc45_41_1_, receipts0_.ovlst as ovlst46_41_1_, receipts0_.ovlvla as ovlvla47_41_1_, receipts0_.ovlnty as ovlnty48_41_1_, receipts0_.ovlocid as ovlocid49_41_1_, receipts0_.ovmatc as ovmatc50_41_1_, receipts0_.ovnst as ovnst51_41_1_, receipts0_.ovobid as ovobid52_41_1_, receipts0_.ovdocono as ovdocon53_41_1_, receipts0_.ovdocosq as ovdocos54_41_1_, receipts0_.ovdocoty as ovdocot55_41_1_, receipts0_.ovordocno as ovordoc56_41_1_, receipts0_.ovordocsq as ovordoc57_41_1_, receipts0_.ovordocty as ovordoc58_41_1_, receipts0_.ovptc as ovptc59_41_1_, receipts0_.ovpoa as ovpoa60_41_1_, receipts0_.ovpod as ovpod61_41_1_, receipts0_.ovpqot as ovpqot62_41_1_, receipts0_.ovuom1 as ovuom63_41_1_, receipts0_.ovpjid as ovpjid64_41_1_, receipts0_.ovpo03 as ovpo65_41_1_, receipts0_.ovpo01 as ovpo66_41_1_, receipts0_.ovpo02 as ovpo67_41_1_, receipts0_.ovqty as ovqty68_41_1_, receipts0_.ovrcdt as ovrcdt69_41_1_, receipts0_.ovrecid as ovrecid70_41_1_, receipts0_.ovvr04 as ovvr71_41_1_, receipts0_.ovvr01 as ovvr72_41_1_, receipts0_.ovvr03 as ovvr73_41_1_, receipts0_.ovvr05 as ovvr74_41_1_, receipts0_.ovvr02 as ovvr75_41_1_, receipts0_.ovrtgc as ovrtgc76_41_1_, receipts0_.ovsqot as ovsqot77_41_1_, receipts0_.ovuom2 as ovuom78_41_1_, receipts0_.ovsnlot as ovsnlot79_41_1_, receipts0_.ovtaxal as ovtaxal80_41_1_, receipts0_.ovtaxam as ovtaxam81_41_1_, receipts0_.ovtaxab as ovtaxab82_41_1_, receipts0_.ovtaxcd as ovtaxcd83_41_1_, receipts0_.ovtaxidt as ovtaxid84_41_1_, receipts0_.ovtaxino as ovtaxin85_41_1_, receipts0_.ovtaxrt as ovtaxrt86_41_1_, receipts0_.ovcrct as ovcrct87_41_1_, receipts0_.ovitc03 as ovitc88_41_1_, receipts0_.ovucf as ovucf89_41_1_, receipts0_.ovuncost as ovuncos90_41_1_, receipts0_.ovudc as ovudc91_41_1_, receipts0_.ovudf as ovudf92_41_1_, receipts0_.ovuom as ovuom93_41_1_, receipts0_.ovvnid as ovvnid94_41_1_, receipts0_.ovinvdt as ovinvdt95_41_1_, receipts0_.ovinvno as ovinvno96_41_1_ from t4312 receipts0_ where receipts0_.ovcoid=? and receipts0_.ovdocono=? and receipts0_.ovdocosq=? and receipts0_.ovdocoty=?
Hibernate: select receipts0_.ovcoid as ovcoid1_41_0_, receipts0_.ovdocono as ovdocon53_41_0_, receipts0_.ovdocosq as ovdocos54_41_0_, receipts0_.ovdocoty as ovdocot55_41_0_, receipts0_.ovdocno as ovdocno2_41_0_, receipts0_.ovdocty as ovdocty3_41_0_, receipts0_.ovdocsq as ovdocsq4_41_0_, receipts0_.ovcoid as ovcoid1_41_1_, receipts0_.ovdocno as ovdocno2_41_1_, receipts0_.ovdocty as ovdocty3_41_1_, receipts0_.ovdocsq as ovdocsq4_41_1_, receipts0_.ovcid as ovcid5_41_1_, receipts0_.ovdtin as ovdtin6_41_1_, receipts0_.ovtmin as ovtmin7_41_1_, receipts0_.ovuid as ovuid8_41_1_, receipts0_.ovdtlu as ovdtlu9_41_1_, receipts0_.ovtmlu as ovtmlu10_41_1_, receipts0_.ovuidm as ovuidm11_41_1_, receipts0_.ovacid as ovacid12_41_1_, receipts0_.ovcrcb as ovcrcb13_41_1_, receipts0_.ovicu as ovicu14_41_1_, receipts0_.ovicut as ovicut15_41_1_, receipts0_.ovitc02 as ovitc16_41_1_, receipts0_.ovbuid as ovbuid17_41_1_, receipts0_.ovitc01 as ovitc18_41_1_, receipts0_.ovcot as ovcot19_41_1_, receipts0_.ovcnid as ovcnid20_41_1_, receipts0_.ovcsdocdt as ovcsdoc21_41_1_, receipts0_.ovcsdocno as ovcsdoc22_41_1_, receipts0_.ovurtx as ovurtx23_41_1_, receipts0_.ovdccd as ovdccd24_41_1_, receipts0_.ovdcrt as ovdcrt25_41_1_, receipts0_.ovdocdt as ovdocdt26_41_1_, receipts0_.ovexcrt as ovexcrt27_41_1_, receipts0_.ovexpdt as ovexpdt28_41_1_, receipts0_.ovexcost as ovexcos29_41_1_, receipts0_.ovfec as ovfec30_41_1_, receipts0_.ovfta as ovfta31_41_1_, receipts0_.ovftb as ovftb32_41_1_, receipts0_.ovfuc as ovfuc33_41_1_, receipts0_.ovglcls as ovglcls34_41_1_, receipts0_.ovidd as ovidd35_41_1_, receipts0_.ovidn as ovidn36_41_1_, receipts0_.ovitt as ovitt37_41_1_, receipts0_.ovdocidt as ovdocid38_41_1_, receipts0_.ovdocino as ovdocin39_41_1_, receipts0_.ovdocisq as ovdocis40_41_1_, receipts0_.ovdocity as ovdocit41_41_1_, receipts0_.ovinum as ovinum42_41_1_, receipts0_.ovdesb1 as ovdesb43_41_1_, receipts0_.ovlcrt as ovlcrt44_41_1_, receipts0_.ovitc05 as ovitc45_41_1_, receipts0_.ovlst as ovlst46_41_1_, receipts0_.ovlvla as ovlvla47_41_1_, receipts0_.ovlnty as ovlnty48_41_1_, receipts0_.ovlocid as ovlocid49_41_1_, receipts0_.ovmatc as ovmatc50_41_1_, receipts0_.ovnst as ovnst51_41_1_, receipts0_.ovobid as ovobid52_41_1_, receipts0_.ovdocono as ovdocon53_41_1_, receipts0_.ovdocosq as ovdocos54_41_1_, receipts0_.ovdocoty as ovdocot55_41_1_, receipts0_.ovordocno as ovordoc56_41_1_, receipts0_.ovordocsq as ovordoc57_41_1_, receipts0_.ovordocty as ovordoc58_41_1_, receipts0_.ovptc as ovptc59_41_1_, receipts0_.ovpoa as ovpoa60_41_1_, receipts0_.ovpod as ovpod61_41_1_, receipts0_.ovpqot as ovpqot62_41_1_, receipts0_.ovuom1 as ovuom63_41_1_, receipts0_.ovpjid as ovpjid64_41_1_, receipts0_.ovpo03 as ovpo65_41_1_, receipts0_.ovpo01 as ovpo66_41_1_, receipts0_.ovpo02 as ovpo67_41_1_, receipts0_.ovqty as ovqty68_41_1_, receipts0_.ovrcdt as ovrcdt69_41_1_, receipts0_.ovrecid as ovrecid70_41_1_, receipts0_.ovvr04 as ovvr71_41_1_, receipts0_.ovvr01 as ovvr72_41_1_, receipts0_.ovvr03 as ovvr73_41_1_, receipts0_.ovvr05 as ovvr74_41_1_, receipts0_.ovvr02 as ovvr75_41_1_, receipts0_.ovrtgc as ovrtgc76_41_1_, receipts0_.ovsqot as ovsqot77_41_1_, receipts0_.ovuom2 as ovuom78_41_1_, receipts0_.ovsnlot as ovsnlot79_41_1_, receipts0_.ovtaxal as ovtaxal80_41_1_, receipts0_.ovtaxam as ovtaxam81_41_1_, receipts0_.ovtaxab as ovtaxab82_41_1_, receipts0_.ovtaxcd as ovtaxcd83_41_1_, receipts0_.ovtaxidt as ovtaxid84_41_1_, receipts0_.ovtaxino as ovtaxin85_41_1_, receipts0_.ovtaxrt as ovtaxrt86_41_1_, receipts0_.ovcrct as ovcrct87_41_1_, receipts0_.ovitc03 as ovitc88_41_1_, receipts0_.ovucf as ovucf89_41_1_, receipts0_.ovuncost as ovuncos90_41_1_, receipts0_.ovudc as ovudc91_41_1_, receipts0_.ovudf as ovudf92_41_1_, receipts0_.ovuom as ovuom93_41_1_, receipts0_.ovvnid as ovvnid94_41_1_, receipts0_.ovinvdt as ovinvdt95_41_1_, receipts0_.ovinvno as ovinvno96_41_1_ from t4312 receipts0_ where receipts0_.ovcoid=? and receipts0_.ovdocono=? and receipts0_.ovdocosq=? and receipts0_.ovdocoty=?
Hibernate: select receipts0_.ovcoid as ovcoid1_41_0_, receipts0_.ovdocono as ovdocon53_41_0_, receipts0_.ovdocosq as ovdocos54_41_0_, receipts0_.ovdocoty as ovdocot55_41_0_, receipts0_.ovdocno as ovdocno2_41_0_, receipts0_.ovdocty as ovdocty3_41_0_, receipts0_.ovdocsq as ovdocsq4_41_0_, receipts0_.ovcoid as ovcoid1_41_1_, receipts0_.ovdocno as ovdocno2_41_1_, receipts0_.ovdocty as ovdocty3_41_1_, receipts0_.ovdocsq as ovdocsq4_41_1_, receipts0_.ovcid as ovcid5_41_1_, receipts0_.ovdtin as ovdtin6_41_1_, receipts0_.ovtmin as ovtmin7_41_1_, receipts0_.ovuid as ovuid8_41_1_, receipts0_.ovdtlu as ovdtlu9_41_1_, receipts0_.ovtmlu as ovtmlu10_41_1_, receipts0_.ovuidm as ovuidm11_41_1_, receipts0_.ovacid as ovacid12_41_1_, receipts0_.ovcrcb as ovcrcb13_41_1_, receipts0_.ovicu as ovicu14_41_1_, receipts0_.ovicut as ovicut15_41_1_, receipts0_.ovitc02 as ovitc16_41_1_, receipts0_.ovbuid as ovbuid17_41_1_, receipts0_.ovitc01 as ovitc18_41_1_, receipts0_.ovcot as ovcot19_41_1_, receipts0_.ovcnid as ovcnid20_41_1_, receipts0_.ovcsdocdt as ovcsdoc21_41_1_, receipts0_.ovcsdocno as ovcsdoc22_41_1_, receipts0_.ovurtx as ovurtx23_41_1_, receipts0_.ovdccd as ovdccd24_41_1_, receipts0_.ovdcrt as ovdcrt25_41_1_, receipts0_.ovdocdt as ovdocdt26_41_1_, receipts0_.ovexcrt as ovexcrt27_41_1_, receipts0_.ovexpdt as ovexpdt28_41_1_, receipts0_.ovexcost as ovexcos29_41_1_, receipts0_.ovfec as ovfec30_41_1_, receipts0_.ovfta as ovfta31_41_1_, receipts0_.ovftb as ovftb32_41_1_, receipts0_.ovfuc as ovfuc33_41_1_, receipts0_.ovglcls as ovglcls34_41_1_, receipts0_.ovidd as ovidd35_41_1_, receipts0_.ovidn as ovidn36_41_1_, receipts0_.ovitt as ovitt37_41_1_, receipts0_.ovdocidt as ovdocid38_41_1_, receipts0_.ovdocino as ovdocin39_41_1_, receipts0_.ovdocisq as ovdocis40_41_1_, receipts0_.ovdocity as ovdocit41_41_1_, receipts0_.ovinum as ovinum42_41_1_, receipts0_.ovdesb1 as ovdesb43_41_1_, receipts0_.ovlcrt as ovlcrt44_41_1_, receipts0_.ovitc05 as ovitc45_41_1_, receipts0_.ovlst as ovlst46_41_1_, receipts0_.ovlvla as ovlvla47_41_1_, receipts0_.ovlnty as ovlnty48_41_1_, receipts0_.ovlocid as ovlocid49_41_1_, receipts0_.ovmatc as ovmatc50_41_1_, receipts0_.ovnst as ovnst51_41_1_, receipts0_.ovobid as ovobid52_41_1_, receipts0_.ovdocono as ovdocon53_41_1_, receipts0_.ovdocosq as ovdocos54_41_1_, receipts0_.ovdocoty as ovdocot55_41_1_, receipts0_.ovordocno as ovordoc56_41_1_, receipts0_.ovordocsq as ovordoc57_41_1_, receipts0_.ovordocty as ovordoc58_41_1_, receipts0_.ovptc as ovptc59_41_1_, receipts0_.ovpoa as ovpoa60_41_1_, receipts0_.ovpod as ovpod61_41_1_, receipts0_.ovpqot as ovpqot62_41_1_, receipts0_.ovuom1 as ovuom63_41_1_, receipts0_.ovpjid as ovpjid64_41_1_, receipts0_.ovpo03 as ovpo65_41_1_, receipts0_.ovpo01 as ovpo66_41_1_, receipts0_.ovpo02 as ovpo67_41_1_, receipts0_.ovqty as ovqty68_41_1_, receipts0_.ovrcdt as ovrcdt69_41_1_, receipts0_.ovrecid as ovrecid70_41_1_, receipts0_.ovvr04 as ovvr71_41_1_, receipts0_.ovvr01 as ovvr72_41_1_, receipts0_.ovvr03 as ovvr73_41_1_, receipts0_.ovvr05 as ovvr74_41_1_, receipts0_.ovvr02 as ovvr75_41_1_, receipts0_.ovrtgc as ovrtgc76_41_1_, receipts0_.ovsqot as ovsqot77_41_1_, receipts0_.ovuom2 as ovuom78_41_1_, receipts0_.ovsnlot as ovsnlot79_41_1_, receipts0_.ovtaxal as ovtaxal80_41_1_, receipts0_.ovtaxam as ovtaxam81_41_1_, receipts0_.ovtaxab as ovtaxab82_41_1_, receipts0_.ovtaxcd as ovtaxcd83_41_1_, receipts0_.ovtaxidt as ovtaxid84_41_1_, receipts0_.ovtaxino as ovtaxin85_41_1_, receipts0_.ovtaxrt as ovtaxrt86_41_1_, receipts0_.ovcrct as ovcrct87_41_1_, receipts0_.ovitc03 as ovitc88_41_1_, receipts0_.ovucf as ovucf89_41_1_, receipts0_.ovuncost as ovuncos90_41_1_, receipts0_.ovudc as ovudc91_41_1_, receipts0_.ovudf as ovudf92_41_1_, receipts0_.ovuom as ovuom93_41_1_, receipts0_.ovvnid as ovvnid94_41_1_, receipts0_.ovinvdt as ovinvdt95_41_1_, receipts0_.ovinvno as ovinvno96_41_1_ from t4312 receipts0_ where receipts0_.ovcoid=? and receipts0_.ovdocono=? and receipts0_.ovdocosq=? and receipts0_.ovdocoty=?
Hibernate: select purchasere0_.ovcoid as ovcoid1_41_0_, purchasere0_.ovdocno as ovdocno2_41_0_, purchasere0_.ovdocty as ovdocty3_41_0_, purchasere0_.ovdocsq as ovdocsq4_41_0_, purchasere0_.ovcid as ovcid5_41_0_, purchasere0_.ovdtin as ovdtin6_41_0_, purchasere0_.ovtmin as ovtmin7_41_0_, purchasere0_.ovuid as ovuid8_41_0_, purchasere0_.ovdtlu as ovdtlu9_41_0_, purchasere0_.ovtmlu as ovtmlu10_41_0_, purchasere0_.ovuidm as ovuidm11_41_0_, purchasere0_.ovacid as ovacid12_41_0_, purchasere0_.ovcrcb as ovcrcb13_41_0_, purchasere0_.ovicu as ovicu14_41_0_, purchasere0_.ovicut as ovicut15_41_0_, purchasere0_.ovitc02 as ovitc16_41_0_, purchasere0_.ovbuid as ovbuid17_41_0_, purchasere0_.ovitc01 as ovitc18_41_0_, purchasere0_.ovcot as ovcot19_41_0_, purchasere0_.ovcnid as ovcnid20_41_0_, purchasere0_.ovcsdocdt as ovcsdoc21_41_0_, purchasere0_.ovcsdocno as ovcsdoc22_41_0_, purchasere0_.ovurtx as ovurtx23_41_0_, purchasere0_.ovdccd as ovdccd24_41_0_, purchasere0_.ovdcrt as ovdcrt25_41_0_, purchasere0_.ovdocdt as ovdocdt26_41_0_, purchasere0_.ovexcrt as ovexcrt27_41_0_, purchasere0_.ovexpdt as ovexpdt28_41_0_, purchasere0_.ovexcost as ovexcos29_41_0_, purchasere0_.ovfec as ovfec30_41_0_, purchasere0_.ovfta as ovfta31_41_0_, purchasere0_.ovftb as ovftb32_41_0_, purchasere0_.ovfuc as ovfuc33_41_0_, purchasere0_.ovglcls as ovglcls34_41_0_, purchasere0_.ovidd as ovidd35_41_0_, purchasere0_.ovidn as ovidn36_41_0_, purchasere0_.ovitt as ovitt37_41_0_, purchasere0_.ovdocidt as ovdocid38_41_0_, purchasere0_.ovdocino as ovdocin39_41_0_, purchasere0_.ovdocisq as ovdocis40_41_0_, purchasere0_.ovdocity as ovdocit41_41_0_, purchasere0_.ovinum as ovinum42_41_0_, purchasere0_.ovdesb1 as ovdesb43_41_0_, purchasere0_.ovlcrt as ovlcrt44_41_0_, purchasere0_.ovitc05 as ovitc45_41_0_, purchasere0_.ovlst as ovlst46_41_0_, purchasere0_.ovlvla as ovlvla47_41_0_, purchasere0_.ovlnty as ovlnty48_41_0_, purchasere0_.ovlocid as ovlocid49_41_0_, purchasere0_.ovmatc as ovmatc50_41_0_, purchasere0_.ovnst as ovnst51_41_0_, purchasere0_.ovobid as ovobid52_41_0_, purchasere0_.ovdocono as ovdocon53_41_0_, purchasere0_.ovdocosq as ovdocos54_41_0_, purchasere0_.ovdocoty as ovdocot55_41_0_, purchasere0_.ovordocno as ovordoc56_41_0_, purchasere0_.ovordocsq as ovordoc57_41_0_, purchasere0_.ovordocty as ovordoc58_41_0_, purchasere0_.ovptc as ovptc59_41_0_, purchasere0_.ovpoa as ovpoa60_41_0_, purchasere0_.ovpod as ovpod61_41_0_, purchasere0_.ovpqot as ovpqot62_41_0_, purchasere0_.ovuom1 as ovuom63_41_0_, purchasere0_.ovpjid as ovpjid64_41_0_, purchasere0_.ovpo03 as ovpo65_41_0_, purchasere0_.ovpo01 as ovpo66_41_0_, purchasere0_.ovpo02 as ovpo67_41_0_, purchasere0_.ovqty as ovqty68_41_0_, purchasere0_.ovrcdt as ovrcdt69_41_0_, purchasere0_.ovrecid as ovrecid70_41_0_, purchasere0_.ovvr04 as ovvr71_41_0_, purchasere0_.ovvr01 as ovvr72_41_0_, purchasere0_.ovvr03 as ovvr73_41_0_, purchasere0_.ovvr05 as ovvr74_41_0_, purchasere0_.ovvr02 as ovvr75_41_0_, purchasere0_.ovrtgc as ovrtgc76_41_0_, purchasere0_.ovsqot as ovsqot77_41_0_, purchasere0_.ovuom2 as ovuom78_41_0_, purchasere0_.ovsnlot as ovsnlot79_41_0_, purchasere0_.ovtaxal as ovtaxal80_41_0_, purchasere0_.ovtaxam as ovtaxam81_41_0_, purchasere0_.ovtaxab as ovtaxab82_41_0_, purchasere0_.ovtaxcd as ovtaxcd83_41_0_, purchasere0_.ovtaxidt as ovtaxid84_41_0_, purchasere0_.ovtaxino as ovtaxin85_41_0_, purchasere0_.ovtaxrt as ovtaxrt86_41_0_, purchasere0_.ovcrct as ovcrct87_41_0_, purchasere0_.ovitc03 as ovitc88_41_0_, purchasere0_.ovucf as ovucf89_41_0_, purchasere0_.ovuncost as ovuncos90_41_0_, purchasere0_.ovudc as ovudc91_41_0_, purchasere0_.ovudf as ovudf92_41_0_, purchasere0_.ovuom as ovuom93_41_0_, purchasere0_.ovvnid as ovvnid94_41_0_, purchasere0_.ovinvdt as ovinvdt95_41_0_, purchasere0_.ovinvno as ovinvno96_41_0_ from t4312 purchasere0_ where purchasere0_.ovcoid=? and purchasere0_.ovdocno=? and purchasere0_.ovdocty=? and purchasere0_.ovdocsq=?
Hibernate: select purchasere0_.ovcoid as ovcoid1_41_, purchasere0_.ovdocno as ovdocno2_41_, purchasere0_.ovdocty as ovdocty3_41_, purchasere0_.ovdocsq as ovdocsq4_41_, purchasere0_.ovcid as ovcid5_41_, purchasere0_.ovdtin as ovdtin6_41_, purchasere0_.ovtmin as ovtmin7_41_, purchasere0_.ovuid as ovuid8_41_, purchasere0_.ovdtlu as ovdtlu9_41_, purchasere0_.ovtmlu as ovtmlu10_41_, purchasere0_.ovuidm as ovuidm11_41_, purchasere0_.ovacid as ovacid12_41_, purchasere0_.ovcrcb as ovcrcb13_41_, purchasere0_.ovicu as ovicu14_41_, purchasere0_.ovicut as ovicut15_41_, purchasere0_.ovitc02 as ovitc16_41_, purchasere0_.ovbuid as ovbuid17_41_, purchasere0_.ovitc01 as ovitc18_41_, purchasere0_.ovcot as ovcot19_41_, purchasere0_.ovcnid as ovcnid20_41_, purchasere0_.ovcsdocdt as ovcsdoc21_41_, purchasere0_.ovcsdocno as ovcsdoc22_41_, purchasere0_.ovurtx as ovurtx23_41_, purchasere0_.ovdccd as ovdccd24_41_, purchasere0_.ovdcrt as ovdcrt25_41_, purchasere0_.ovdocdt as ovdocdt26_41_, purchasere0_.ovexcrt as ovexcrt27_41_, purchasere0_.ovexpdt as ovexpdt28_41_, purchasere0_.ovexcost as ovexcos29_41_, purchasere0_.ovfec as ovfec30_41_, purchasere0_.ovfta as ovfta31_41_, purchasere0_.ovftb as ovftb32_41_, purchasere0_.ovfuc as ovfuc33_41_, purchasere0_.ovglcls as ovglcls34_41_, purchasere0_.ovidd as ovidd35_41_, purchasere0_.ovidn as ovidn36_41_, purchasere0_.ovitt as ovitt37_41_, purchasere0_.ovdocidt as ovdocid38_41_, purchasere0_.ovdocino as ovdocin39_41_, purchasere0_.ovdocisq as ovdocis40_41_, purchasere0_.ovdocity as ovdocit41_41_, purchasere0_.ovinum as ovinum42_41_, purchasere0_.ovdesb1 as ovdesb43_41_, purchasere0_.ovlcrt as ovlcrt44_41_, purchasere0_.ovitc05 as ovitc45_41_, purchasere0_.ovlst as ovlst46_41_, purchasere0_.ovlvla as ovlvla47_41_, purchasere0_.ovlnty as ovlnty48_41_, purchasere0_.ovlocid as ovlocid49_41_, purchasere0_.ovmatc as ovmatc50_41_, purchasere0_.ovnst as ovnst51_41_, purchasere0_.ovobid as ovobid52_41_, purchasere0_.ovdocono as ovdocon53_41_, purchasere0_.ovdocosq as ovdocos54_41_, purchasere0_.ovdocoty as ovdocot55_41_, purchasere0_.ovordocno as ovordoc56_41_, purchasere0_.ovordocsq as ovordoc57_41_, purchasere0_.ovordocty as ovordoc58_41_, purchasere0_.ovptc as ovptc59_41_, purchasere0_.ovpoa as ovpoa60_41_, purchasere0_.ovpod as ovpod61_41_, purchasere0_.ovpqot as ovpqot62_41_, purchasere0_.ovuom1 as ovuom63_41_, purchasere0_.ovpjid as ovpjid64_41_, purchasere0_.ovpo03 as ovpo65_41_, purchasere0_.ovpo01 as ovpo66_41_, purchasere0_.ovpo02 as ovpo67_41_, purchasere0_.ovqty as ovqty68_41_, purchasere0_.ovrcdt as ovrcdt69_41_, purchasere0_.ovrecid as ovrecid70_41_, purchasere0_.ovvr04 as ovvr71_41_, purchasere0_.ovvr01 as ovvr72_41_, purchasere0_.ovvr03 as ovvr73_41_, purchasere0_.ovvr05 as ovvr74_41_, purchasere0_.ovvr02 as ovvr75_41_, purchasere0_.ovrtgc as ovrtgc76_41_, purchasere0_.ovsqot as ovsqot77_41_, purchasere0_.ovuom2 as ovuom78_41_, purchasere0_.ovsnlot as ovsnlot79_41_, purchasere0_.ovtaxal as ovtaxal80_41_, purchasere0_.ovtaxam as ovtaxam81_41_, purchasere0_.ovtaxab as ovtaxab82_41_, purchasere0_.ovtaxcd as ovtaxcd83_41_, purchasere0_.ovtaxidt as ovtaxid84_41_, purchasere0_.ovtaxino as ovtaxin85_41_, purchasere0_.ovtaxrt as ovtaxrt86_41_, purchasere0_.ovcrct as ovcrct87_41_, purchasere0_.ovitc03 as ovitc88_41_, purchasere0_.ovucf as ovucf89_41_, purchasere0_.ovuncost as ovuncos90_41_, purchasere0_.ovudc as ovudc91_41_, purchasere0_.ovudf as ovudf92_41_, purchasere0_.ovuom as ovuom93_41_, purchasere0_.ovvnid as ovvnid94_41_, purchasere0_.ovinvdt as ovinvdt95_41_, purchasere0_.ovinvno as ovinvno96_41_ from t4312 purchasere0_ where purchasere0_.ovcoid=? and purchasere0_.ovdocno=? and purchasere0_.ovdocty=?
Hibernate: select purchasede0_.odcoid as odcoid1_40_0_, purchasede0_.oddocono as oddocono2_40_0_, purchasede0_.oddocosq as oddocosq3_40_0_, purchasede0_.oddocoty as oddocoty4_40_0_, purchasede0_.odcid as odcid5_40_0_, purchasede0_.oddtin as oddtin6_40_0_, purchasede0_.odtmin as odtmin7_40_0_, purchasede0_.oduid as oduid8_40_0_, purchasede0_.oddtlu as oddtlu9_40_0_, purchasede0_.odtmlu as odtmlu10_40_0_, purchasede0_.oduidm as oduidm11_40_0_, purchasede0_.odacid as odacid12_40_0_, purchasede0_.odaprcd as odaprcd13_40_0_, purchasede0_.odcrcb as odcrcb14_40_0_, purchasede0_.oditc02 as oditc15_40_0_, purchasede0_.odbuid as odbuid16_40_0_, purchasede0_.odqtycl as odqtycl17_40_0_, purchasede0_.oditc01 as oditc18_40_0_, purchasede0_.odcldt as odcldt19_40_0_, purchasede0_.odcsid as odcsid20_40_0_, purchasede0_.oddccd as oddccd21_40_0_, purchasede0_.oddcrt as oddcrt22_40_0_, purchasede0_.odexcrt as odexcrt23_40_0_, purchasede0_.odexcost as odexcos24_40_0_, purchasede0_.odqtyx as odqtyx25_40_0_, purchasede0_.oducfx as oducfx26_40_0_, purchasede0_.oduncostx as oduncos27_40_0_, purchasede0_.oduomx as oduomx28_40_0_, purchasede0_.odfec as odfec29_40_0_, purchasede0_.odfta as odfta30_40_0_, purchasede0_.odftb as odftb31_40_0_, purchasede0_.odfuc as odfuc32_40_0_, purchasede0_.odglcls as odglcls33_40_0_, purchasede0_.odgldt as odgldt34_40_0_, purchasede0_.odir02 as odir35_40_0_, purchasede0_.odir01 as odir36_40_0_, purchasede0_.odir03 as odir37_40_0_, purchasede0_.odinum as odinum38_40_0_, purchasede0_.oddesb1 as oddesb39_40_0_, purchasede0_.oditc05 as oditc40_40_0_, purchasede0_.odlst as odlst41_40_0_, purchasede0_.odlnty as odlnty42_40_0_, purchasede0_.odlocid as odlocid43_40_0_, purchasede0_.odnst as odnst44_40_0_, purchasede0_.odobid as odobid45_40_0_, purchasede0_.odqtyop as odqtyop46_40_0_, purchasede0_.odordt as odordt47_40_0_, purchasede0_.odqtyor as odqtyor48_40_0_, purchasede0_.odott as odott49_40_0_, purchasede0_.odordocdt as odordoc50_40_0_, purchasede0_.odordocno as odordoc51_40_0_, purchasede0_.odordocsq as odordoc52_40_0_, purchasede0_.odordocty as odordoc53_40_0_, purchasede0_.odptc as odptc54_40_0_, purchasede0_.odpqor as odpqor55_40_0_, purchasede0_.oduom1 as oduom56_40_0_, purchasede0_.odpjid as odpjid57_40_0_, purchasede0_.odpddt as odpddt58_40_0_, purchasede0_.odpo03 as odpo59_40_0_, purchasede0_.odpo01 as odpo60_40_0_, purchasede0_.odpo02 as odpo61_40_0_, purchasede0_.odqty as odqty62_40_0_, purchasede0_.odrcdt as odrcdt63_40_0_, purchasede0_.odqtyrc as odqtyrc64_40_0_, purchasede0_.odstid as odstid65_40_0_, purchasede0_.odvr04 as odvr66_40_0_, purchasede0_.odvr01 as odvr67_40_0_, purchasede0_.odvr03 as odvr68_40_0_, purchasede0_.odvr05 as odvr69_40_0_, purchasede0_.odvr02 as odvr70_40_0_, purchasede0_.odrldocno as odrldoc71_40_0_, purchasede0_.odrldocsq as odrldoc72_40_0_, purchasede0_.odrldocty as odrldoc73_40_0_, purchasede0_.odrqdt as odrqdt74_40_0_, purchasede0_.odqtyrn as odqtyrn75_40_0_, purchasede0_.odsqor as odsqor76_40_0_, purchasede0_.oduom2 as oduom77_40_0_, purchasede0_.odsnlot as odsnlot78_40_0_, purchasede0_.odtaxal as odtaxal79_40_0_, purchasede0_.odtaxam as odtaxam80_40_0_, purchasede0_.odtaxab as odtaxab81_40_0_, purchasede0_.odtaxcd as odtaxcd82_40_0_, purchasede0_.odtaxrt as odtaxrt83_40_0_, purchasede0_.odcrct as odcrct84_40_0_, purchasede0_.oditc03 as oditc85_40_0_, purchasede0_.oducf as oducf86_40_0_, purchasede0_.oduncost as oduncos87_40_0_, purchasede0_.odudc as odudc88_40_0_, purchasede0_.odudf as odudf89_40_0_, purchasede0_.oduom as oduom90_40_0_, purchasede0_.odvnid as odvnid91_40_0_, purchaseor1_.ohcoid as ohcoid1_39_1_, purchaseor1_.ohdocono as ohdocono2_39_1_, purchaseor1_.ohdocoty as ohdocoty3_39_1_, purchaseor1_.ohcid as ohcid4_39_1_, purchaseor1_.ohdtin as ohdtin5_39_1_, purchaseor1_.ohtmin as ohtmin6_39_1_, purchaseor1_.ohuid as ohuid7_39_1_, purchaseor1_.ohdtlu as ohdtlu8_39_1_, purchaseor1_.ohtmlu as ohtmlu9_39_1_, purchaseor1_.ohuidm as ohuidm10_39_1_, purchaseor1_.ohaprcd as ohaprcd11_39_1_, purchaseor1_.ohcrcb as ohcrcb12_39_1_, purchaseor1_.ohbuid as ohbuid13_39_1_, purchaseor1_.ohcldt as ohcldt14_39_1_, purchaseor1_.ohcot as ohcot15_39_1_, purchaseor1_.ohcsid as ohcsid16_39_1_, purchaseor1_.ohdesb1 as ohdesb17_39_1_, purchaseor1_.ohdccd as ohdccd18_39_1_, purchaseor1_.ohdcrt as ohdcrt19_39_1_, purchaseor1_.ohexcrt as ohexcrt20_39_1_, purchaseor1_.ohgldt as ohgldt21_39_1_, purchaseor1_.ohidd as ohidd22_39_1_, purchaseor1_.ohidn as ohidn23_39_1_, purchaseor1_.ohlst as ohlst24_39_1_, purchaseor1_.ohnst as ohnst25_39_1_, purchaseor1_.ohobid as ohobid26_39_1_, purchaseor1_.ohordt as ohordt27_39_1_, purchaseor1_.ohptc as ohptc28_39_1_, purchaseor1_.ohpoa as ohpoa29_39_1_, purchaseor1_.ohpod as ohpod30_39_1_, purchaseor1_.ohpjid as ohpjid31_39_1_, purchaseor1_.ohpddt as ohpddt32_39_1_, purchaseor1_.ohrcdt as ohrcdt33_39_1_, purchaseor1_.ohstid as ohstid34_39_1_, purchaseor1_.ohrqdt as ohrqdt35_39_1_, purchaseor1_.ohtaxal as ohtaxal36_39_1_, purchaseor1_.ohtaxcd as ohtaxcd37_39_1_, purchaseor1_.ohtaxrt as ohtaxrt38_39_1_, purchaseor1_.ohcrct as ohcrct39_39_1_, purchaseor1_.ohdesc1 as ohdesc40_39_1_, purchaseor1_.ohdesc2 as ohdesc41_39_1_, purchaseor1_.ohvhrn as ohvhrn42_39_1_, purchaseor1_.ohvhty as ohvhty43_39_1_, purchaseor1_.ohvnid as ohvnid44_39_1_ from t4311 purchasede0_ inner join t4301 purchaseor1_ on purchasede0_.odcoid=purchaseor1_.ohcoid and purchasede0_.oddocono=purchaseor1_.ohdocono and purchasede0_.oddocoty=purchaseor1_.ohdocoty where purchasede0_.odcoid=? and purchasede0_.oddocono=? and purchasede0_.oddocosq=? and purchasede0_.oddocoty=?
Hibernate: select serialnumb0_.coid as coid1_43_0_, serialnumb0_.docno as docno2_43_0_, serialnumb0_.docty as docty3_43_0_, serialnumb0_.docsq as docsq4_43_0_, serialnumb0_.buid as buid5_43_0_, serialnumb0_.inum as inum6_43_0_, serialnumb0_.snlot as snlot7_43_0_, lotmaster1_.ltbuid as ltbuid1_34_1_, lotmaster1_.ltinum as ltinum2_34_1_, lotmaster1_.ltsnlot as ltsnlot3_34_1_, lotmaster1_.ltcid as ltcid4_34_1_, lotmaster1_.ltdtin as ltdtin5_34_1_, lotmaster1_.lttmin as lttmin6_34_1_, lotmaster1_.ltuid as ltuid7_34_1_, lotmaster1_.ltdtlu as ltdtlu8_34_1_, lotmaster1_.lttmlu as lttmlu9_34_1_, lotmaster1_.ltuidm as ltuidm10_34_1_, lotmaster1_.ltbodt as ltbodt11_34_1_, lotmaster1_.ltbbdt as ltbbdt12_34_1_, lotmaster1_.ltcldt as ltcldt13_34_1_, lotmaster1_.ltexpdt as ltexpdt14_34_1_, lotmaster1_.ltldsc as ltldsc15_34_1_, lotmaster1_.ltledt as ltledt16_34_1_, lotmaster1_.ltlsc as ltlsc17_34_1_, lotmaster1_.ltmlot1 as ltmlot18_34_1_, lotmaster1_.ltmlot2 as ltmlot19_34_1_, lotmaster1_.ltmlot3 as ltmlot20_34_1_, lotmaster1_.ltohdt as ltohdt21_34_1_, lotmaster1_.ltsern as ltsern22_34_1_ from transaction_serialnumbers serialnumb0_ inner join t4108 lotmaster1_ on serialnumb0_.buid=lotmaster1_.ltbuid and serialnumb0_.inum=lotmaster1_.ltinum and serialnumb0_.snlot=lotmaster1_.ltsnlot where serialnumb0_.coid=? and serialnumb0_.docno=? and serialnumb0_.docty=? and serialnumb0_.docsq=?
Hibernate: select purchasede0_.odcoid as odcoid1_40_0_, purchasede0_.oddocono as oddocono2_40_0_, purchasede0_.oddocosq as oddocosq3_40_0_, purchasede0_.oddocoty as oddocoty4_40_0_, purchasede0_.odcid as odcid5_40_0_, purchasede0_.oddtin as oddtin6_40_0_, purchasede0_.odtmin as odtmin7_40_0_, purchasede0_.oduid as oduid8_40_0_, purchasede0_.oddtlu as oddtlu9_40_0_, purchasede0_.odtmlu as odtmlu10_40_0_, purchasede0_.oduidm as oduidm11_40_0_, purchasede0_.odacid as odacid12_40_0_, purchasede0_.odaprcd as odaprcd13_40_0_, purchasede0_.odcrcb as odcrcb14_40_0_, purchasede0_.oditc02 as oditc15_40_0_, purchasede0_.odbuid as odbuid16_40_0_, purchasede0_.odqtycl as odqtycl17_40_0_, purchasede0_.oditc01 as oditc18_40_0_, purchasede0_.odcldt as odcldt19_40_0_, purchasede0_.odcsid as odcsid20_40_0_, purchasede0_.oddccd as oddccd21_40_0_, purchasede0_.oddcrt as oddcrt22_40_0_, purchasede0_.odexcrt as odexcrt23_40_0_, purchasede0_.odexcost as odexcos24_40_0_, purchasede0_.odqtyx as odqtyx25_40_0_, purchasede0_.oducfx as oducfx26_40_0_, purchasede0_.oduncostx as oduncos27_40_0_, purchasede0_.oduomx as oduomx28_40_0_, purchasede0_.odfec as odfec29_40_0_, purchasede0_.odfta as odfta30_40_0_, purchasede0_.odftb as odftb31_40_0_, purchasede0_.odfuc as odfuc32_40_0_, purchasede0_.odglcls as odglcls33_40_0_, purchasede0_.odgldt as odgldt34_40_0_, purchasede0_.odir02 as odir35_40_0_, purchasede0_.odir01 as odir36_40_0_, purchasede0_.odir03 as odir37_40_0_, purchasede0_.odinum as odinum38_40_0_, purchasede0_.oddesb1 as oddesb39_40_0_, purchasede0_.oditc05 as oditc40_40_0_, purchasede0_.odlst as odlst41_40_0_, purchasede0_.odlnty as odlnty42_40_0_, purchasede0_.odlocid as odlocid43_40_0_, purchasede0_.odnst as odnst44_40_0_, purchasede0_.odobid as odobid45_40_0_, purchasede0_.odqtyop as odqtyop46_40_0_, purchasede0_.odordt as odordt47_40_0_, purchasede0_.odqtyor as odqtyor48_40_0_, purchasede0_.odott as odott49_40_0_, purchasede0_.odordocdt as odordoc50_40_0_, purchasede0_.odordocno as odordoc51_40_0_, purchasede0_.odordocsq as odordoc52_40_0_, purchasede0_.odordocty as odordoc53_40_0_, purchasede0_.odptc as odptc54_40_0_, purchasede0_.odpqor as odpqor55_40_0_, purchasede0_.oduom1 as oduom56_40_0_, purchasede0_.odpjid as odpjid57_40_0_, purchasede0_.odpddt as odpddt58_40_0_, purchasede0_.odpo03 as odpo59_40_0_, purchasede0_.odpo01 as odpo60_40_0_, purchasede0_.odpo02 as odpo61_40_0_, purchasede0_.odqty as odqty62_40_0_, purchasede0_.odrcdt as odrcdt63_40_0_, purchasede0_.odqtyrc as odqtyrc64_40_0_, purchasede0_.odstid as odstid65_40_0_, purchasede0_.odvr04 as odvr66_40_0_, purchasede0_.odvr01 as odvr67_40_0_, purchasede0_.odvr03 as odvr68_40_0_, purchasede0_.odvr05 as odvr69_40_0_, purchasede0_.odvr02 as odvr70_40_0_, purchasede0_.odrldocno as odrldoc71_40_0_, purchasede0_.odrldocsq as odrldoc72_40_0_, purchasede0_.odrldocty as odrldoc73_40_0_, purchasede0_.odrqdt as odrqdt74_40_0_, purchasede0_.odqtyrn as odqtyrn75_40_0_, purchasede0_.odsqor as odsqor76_40_0_, purchasede0_.oduom2 as oduom77_40_0_, purchasede0_.odsnlot as odsnlot78_40_0_, purchasede0_.odtaxal as odtaxal79_40_0_, purchasede0_.odtaxam as odtaxam80_40_0_, purchasede0_.odtaxab as odtaxab81_40_0_, purchasede0_.odtaxcd as odtaxcd82_40_0_, purchasede0_.odtaxrt as odtaxrt83_40_0_, purchasede0_.odcrct as odcrct84_40_0_, purchasede0_.oditc03 as oditc85_40_0_, purchasede0_.oducf as oducf86_40_0_, purchasede0_.oduncost as oduncos87_40_0_, purchasede0_.odudc as odudc88_40_0_, purchasede0_.odudf as odudf89_40_0_, purchasede0_.oduom as oduom90_40_0_, purchasede0_.odvnid as odvnid91_40_0_, purchaseor1_.ohcoid as ohcoid1_39_1_, purchaseor1_.ohdocono as ohdocono2_39_1_, purchaseor1_.ohdocoty as ohdocoty3_39_1_, purchaseor1_.ohcid as ohcid4_39_1_, purchaseor1_.ohdtin as ohdtin5_39_1_, purchaseor1_.ohtmin as ohtmin6_39_1_, purchaseor1_.ohuid as ohuid7_39_1_, purchaseor1_.ohdtlu as ohdtlu8_39_1_, purchaseor1_.ohtmlu as ohtmlu9_39_1_, purchaseor1_.ohuidm as ohuidm10_39_1_, purchaseor1_.ohaprcd as ohaprcd11_39_1_, purchaseor1_.ohcrcb as ohcrcb12_39_1_, purchaseor1_.ohbuid as ohbuid13_39_1_, purchaseor1_.ohcldt as ohcldt14_39_1_, purchaseor1_.ohcot as ohcot15_39_1_, purchaseor1_.ohcsid as ohcsid16_39_1_, purchaseor1_.ohdesb1 as ohdesb17_39_1_, purchaseor1_.ohdccd as ohdccd18_39_1_, purchaseor1_.ohdcrt as ohdcrt19_39_1_, purchaseor1_.ohexcrt as ohexcrt20_39_1_, purchaseor1_.ohgldt as ohgldt21_39_1_, purchaseor1_.ohidd as ohidd22_39_1_, purchaseor1_.ohidn as ohidn23_39_1_, purchaseor1_.ohlst as ohlst24_39_1_, purchaseor1_.ohnst as ohnst25_39_1_, purchaseor1_.ohobid as ohobid26_39_1_, purchaseor1_.ohordt as ohordt27_39_1_, purchaseor1_.ohptc as ohptc28_39_1_, purchaseor1_.ohpoa as ohpoa29_39_1_, purchaseor1_.ohpod as ohpod30_39_1_, purchaseor1_.ohpjid as ohpjid31_39_1_, purchaseor1_.ohpddt as ohpddt32_39_1_, purchaseor1_.ohrcdt as ohrcdt33_39_1_, purchaseor1_.ohstid as ohstid34_39_1_, purchaseor1_.ohrqdt as ohrqdt35_39_1_, purchaseor1_.ohtaxal as ohtaxal36_39_1_, purchaseor1_.ohtaxcd as ohtaxcd37_39_1_, purchaseor1_.ohtaxrt as ohtaxrt38_39_1_, purchaseor1_.ohcrct as ohcrct39_39_1_, purchaseor1_.ohdesc1 as ohdesc40_39_1_, purchaseor1_.ohdesc2 as ohdesc41_39_1_, purchaseor1_.ohvhrn as ohvhrn42_39_1_, purchaseor1_.ohvhty as ohvhty43_39_1_, purchaseor1_.ohvnid as ohvnid44_39_1_ from t4311 purchasede0_ inner join t4301 purchaseor1_ on purchasede0_.odcoid=purchaseor1_.ohcoid and purchasede0_.oddocono=purchaseor1_.ohdocono and purchasede0_.oddocoty=purchaseor1_.ohdocoty where purchasede0_.odcoid=? and purchasede0_.oddocono=? and purchasede0_.oddocosq=? and purchasede0_.oddocoty=?
Hibernate: select serialnumb0_.coid as coid1_43_0_, serialnumb0_.docno as docno2_43_0_, serialnumb0_.docty as docty3_43_0_, serialnumb0_.docsq as docsq4_43_0_, serialnumb0_.buid as buid5_43_0_, serialnumb0_.inum as inum6_43_0_, serialnumb0_.snlot as snlot7_43_0_, lotmaster1_.ltbuid as ltbuid1_34_1_, lotmaster1_.ltinum as ltinum2_34_1_, lotmaster1_.ltsnlot as ltsnlot3_34_1_, lotmaster1_.ltcid as ltcid4_34_1_, lotmaster1_.ltdtin as ltdtin5_34_1_, lotmaster1_.lttmin as lttmin6_34_1_, lotmaster1_.ltuid as ltuid7_34_1_, lotmaster1_.ltdtlu as ltdtlu8_34_1_, lotmaster1_.lttmlu as lttmlu9_34_1_, lotmaster1_.ltuidm as ltuidm10_34_1_, lotmaster1_.ltbodt as ltbodt11_34_1_, lotmaster1_.ltbbdt as ltbbdt12_34_1_, lotmaster1_.ltcldt as ltcldt13_34_1_, lotmaster1_.ltexpdt as ltexpdt14_34_1_, lotmaster1_.ltldsc as ltldsc15_34_1_, lotmaster1_.ltledt as ltledt16_34_1_, lotmaster1_.ltlsc as ltlsc17_34_1_, lotmaster1_.ltmlot1 as ltmlot18_34_1_, lotmaster1_.ltmlot2 as ltmlot19_34_1_, lotmaster1_.ltmlot3 as ltmlot20_34_1_, lotmaster1_.ltohdt as ltohdt21_34_1_, lotmaster1_.ltsern as ltsern22_34_1_ from transaction_serialnumbers serialnumb0_ inner join t4108 lotmaster1_ on serialnumb0_.buid=lotmaster1_.ltbuid and serialnumb0_.inum=lotmaster1_.ltinum and serialnumb0_.snlot=lotmaster1_.ltsnlot where serialnumb0_.coid=? and serialnumb0_.docno=? and serialnumb0_.docty=? and serialnumb0_.docsq=?
Hibernate: select purchasede0_.odcoid as odcoid1_40_0_, purchasede0_.oddocono as oddocono2_40_0_, purchasede0_.oddocosq as oddocosq3_40_0_, purchasede0_.oddocoty as oddocoty4_40_0_, purchasede0_.odcid as odcid5_40_0_, purchasede0_.oddtin as oddtin6_40_0_, purchasede0_.odtmin as odtmin7_40_0_, purchasede0_.oduid as oduid8_40_0_, purchasede0_.oddtlu as oddtlu9_40_0_, purchasede0_.odtmlu as odtmlu10_40_0_, purchasede0_.oduidm as oduidm11_40_0_, purchasede0_.odacid as odacid12_40_0_, purchasede0_.odaprcd as odaprcd13_40_0_, purchasede0_.odcrcb as odcrcb14_40_0_, purchasede0_.oditc02 as oditc15_40_0_, purchasede0_.odbuid as odbuid16_40_0_, purchasede0_.odqtycl as odqtycl17_40_0_, purchasede0_.oditc01 as oditc18_40_0_, purchasede0_.odcldt as odcldt19_40_0_, purchasede0_.odcsid as odcsid20_40_0_, purchasede0_.oddccd as oddccd21_40_0_, purchasede0_.oddcrt as oddcrt22_40_0_, purchasede0_.odexcrt as odexcrt23_40_0_, purchasede0_.odexcost as odexcos24_40_0_, purchasede0_.odqtyx as odqtyx25_40_0_, purchasede0_.oducfx as oducfx26_40_0_, purchasede0_.oduncostx as oduncos27_40_0_, purchasede0_.oduomx as oduomx28_40_0_, purchasede0_.odfec as odfec29_40_0_, purchasede0_.odfta as odfta30_40_0_, purchasede0_.odftb as odftb31_40_0_, purchasede0_.odfuc as odfuc32_40_0_, purchasede0_.odglcls as odglcls33_40_0_, purchasede0_.odgldt as odgldt34_40_0_, purchasede0_.odir02 as odir35_40_0_, purchasede0_.odir01 as odir36_40_0_, purchasede0_.odir03 as odir37_40_0_, purchasede0_.odinum as odinum38_40_0_, purchasede0_.oddesb1 as oddesb39_40_0_, purchasede0_.oditc05 as oditc40_40_0_, purchasede0_.odlst as odlst41_40_0_, purchasede0_.odlnty as odlnty42_40_0_, purchasede0_.odlocid as odlocid43_40_0_, purchasede0_.odnst as odnst44_40_0_, purchasede0_.odobid as odobid45_40_0_, purchasede0_.odqtyop as odqtyop46_40_0_, purchasede0_.odordt as odordt47_40_0_, purchasede0_.odqtyor as odqtyor48_40_0_, purchasede0_.odott as odott49_40_0_, purchasede0_.odordocdt as odordoc50_40_0_, purchasede0_.odordocno as odordoc51_40_0_, purchasede0_.odordocsq as odordoc52_40_0_, purchasede0_.odordocty as odordoc53_40_0_, purchasede0_.odptc as odptc54_40_0_, purchasede0_.odpqor as odpqor55_40_0_, purchasede0_.oduom1 as oduom56_40_0_, purchasede0_.odpjid as odpjid57_40_0_, purchasede0_.odpddt as odpddt58_40_0_, purchasede0_.odpo03 as odpo59_40_0_, purchasede0_.odpo01 as odpo60_40_0_, purchasede0_.odpo02 as odpo61_40_0_, purchasede0_.odqty as odqty62_40_0_, purchasede0_.odrcdt as odrcdt63_40_0_, purchasede0_.odqtyrc as odqtyrc64_40_0_, purchasede0_.odstid as odstid65_40_0_, purchasede0_.odvr04 as odvr66_40_0_, purchasede0_.odvr01 as odvr67_40_0_, purchasede0_.odvr03 as odvr68_40_0_, purchasede0_.odvr05 as odvr69_40_0_, purchasede0_.odvr02 as odvr70_40_0_, purchasede0_.odrldocno as odrldoc71_40_0_, purchasede0_.odrldocsq as odrldoc72_40_0_, purchasede0_.odrldocty as odrldoc73_40_0_, purchasede0_.odrqdt as odrqdt74_40_0_, purchasede0_.odqtyrn as odqtyrn75_40_0_, purchasede0_.odsqor as odsqor76_40_0_, purchasede0_.oduom2 as oduom77_40_0_, purchasede0_.odsnlot as odsnlot78_40_0_, purchasede0_.odtaxal as odtaxal79_40_0_, purchasede0_.odtaxam as odtaxam80_40_0_, purchasede0_.odtaxab as odtaxab81_40_0_, purchasede0_.odtaxcd as odtaxcd82_40_0_, purchasede0_.odtaxrt as odtaxrt83_40_0_, purchasede0_.odcrct as odcrct84_40_0_, purchasede0_.oditc03 as oditc85_40_0_, purchasede0_.oducf as oducf86_40_0_, purchasede0_.oduncost as oduncos87_40_0_, purchasede0_.odudc as odudc88_40_0_, purchasede0_.odudf as odudf89_40_0_, purchasede0_.oduom as oduom90_40_0_, purchasede0_.odvnid as odvnid91_40_0_, purchaseor1_.ohcoid as ohcoid1_39_1_, purchaseor1_.ohdocono as ohdocono2_39_1_, purchaseor1_.ohdocoty as ohdocoty3_39_1_, purchaseor1_.ohcid as ohcid4_39_1_, purchaseor1_.ohdtin as ohdtin5_39_1_, purchaseor1_.ohtmin as ohtmin6_39_1_, purchaseor1_.ohuid as ohuid7_39_1_, purchaseor1_.ohdtlu as ohdtlu8_39_1_, purchaseor1_.ohtmlu as ohtmlu9_39_1_, purchaseor1_.ohuidm as ohuidm10_39_1_, purchaseor1_.ohaprcd as ohaprcd11_39_1_, purchaseor1_.ohcrcb as ohcrcb12_39_1_, purchaseor1_.ohbuid as ohbuid13_39_1_, purchaseor1_.ohcldt as ohcldt14_39_1_, purchaseor1_.ohcot as ohcot15_39_1_, purchaseor1_.ohcsid as ohcsid16_39_1_, purchaseor1_.ohdesb1 as ohdesb17_39_1_, purchaseor1_.ohdccd as ohdccd18_39_1_, purchaseor1_.ohdcrt as ohdcrt19_39_1_, purchaseor1_.ohexcrt as ohexcrt20_39_1_, purchaseor1_.ohgldt as ohgldt21_39_1_, purchaseor1_.ohidd as ohidd22_39_1_, purchaseor1_.ohidn as ohidn23_39_1_, purchaseor1_.ohlst as ohlst24_39_1_, purchaseor1_.ohnst as ohnst25_39_1_, purchaseor1_.ohobid as ohobid26_39_1_, purchaseor1_.ohordt as ohordt27_39_1_, purchaseor1_.ohptc as ohptc28_39_1_, purchaseor1_.ohpoa as ohpoa29_39_1_, purchaseor1_.ohpod as ohpod30_39_1_, purchaseor1_.ohpjid as ohpjid31_39_1_, purchaseor1_.ohpddt as ohpddt32_39_1_, purchaseor1_.ohrcdt as ohrcdt33_39_1_, purchaseor1_.ohstid as ohstid34_39_1_, purchaseor1_.ohrqdt as ohrqdt35_39_1_, purchaseor1_.ohtaxal as ohtaxal36_39_1_, purchaseor1_.ohtaxcd as ohtaxcd37_39_1_, purchaseor1_.ohtaxrt as ohtaxrt38_39_1_, purchaseor1_.ohcrct as ohcrct39_39_1_, purchaseor1_.ohdesc1 as ohdesc40_39_1_, purchaseor1_.ohdesc2 as ohdesc41_39_1_, purchaseor1_.ohvhrn as ohvhrn42_39_1_, purchaseor1_.ohvhty as ohvhty43_39_1_, purchaseor1_.ohvnid as ohvnid44_39_1_ from t4311 purchasede0_ inner join t4301 purchaseor1_ on purchasede0_.odcoid=purchaseor1_.ohcoid and purchasede0_.oddocono=purchaseor1_.ohdocono and purchasede0_.oddocoty=purchaseor1_.ohdocoty where purchasede0_.odcoid=? and purchasede0_.oddocono=? and purchasede0_.oddocosq=? and purchasede0_.oddocoty=?
Hibernate: select serialnumb0_.coid as coid1_43_0_, serialnumb0_.docno as docno2_43_0_, serialnumb0_.docty as docty3_43_0_, serialnumb0_.docsq as docsq4_43_0_, serialnumb0_.buid as buid5_43_0_, serialnumb0_.inum as inum6_43_0_, serialnumb0_.snlot as snlot7_43_0_, lotmaster1_.ltbuid as ltbuid1_34_1_, lotmaster1_.ltinum as ltinum2_34_1_, lotmaster1_.ltsnlot as ltsnlot3_34_1_, lotmaster1_.ltcid as ltcid4_34_1_, lotmaster1_.ltdtin as ltdtin5_34_1_, lotmaster1_.lttmin as lttmin6_34_1_, lotmaster1_.ltuid as ltuid7_34_1_, lotmaster1_.ltdtlu as ltdtlu8_34_1_, lotmaster1_.lttmlu as lttmlu9_34_1_, lotmaster1_.ltuidm as ltuidm10_34_1_, lotmaster1_.ltbodt as ltbodt11_34_1_, lotmaster1_.ltbbdt as ltbbdt12_34_1_, lotmaster1_.ltcldt as ltcldt13_34_1_, lotmaster1_.ltexpdt as ltexpdt14_34_1_, lotmaster1_.ltldsc as ltldsc15_34_1_, lotmaster1_.ltledt as ltledt16_34_1_, lotmaster1_.ltlsc as ltlsc17_34_1_, lotmaster1_.ltmlot1 as ltmlot18_34_1_, lotmaster1_.ltmlot2 as ltmlot19_34_1_, lotmaster1_.ltmlot3 as ltmlot20_34_1_, lotmaster1_.ltohdt as ltohdt21_34_1_, lotmaster1_.ltsern as ltsern22_34_1_ from transaction_serialnumbers serialnumb0_ inner join t4108 lotmaster1_ on serialnumb0_.buid=lotmaster1_.ltbuid and serialnumb0_.inum=lotmaster1_.ltinum and serialnumb0_.snlot=lotmaster1_.ltsnlot where serialnumb0_.coid=? and serialnumb0_.docno=? and serialnumb0_.docty=? and serialnumb0_.docsq=?
Hibernate: select purchasede0_.odcoid as odcoid1_40_0_, purchasede0_.oddocono as oddocono2_40_0_, purchasede0_.oddocosq as oddocosq3_40_0_, purchasede0_.oddocoty as oddocoty4_40_0_, purchasede0_.odcid as odcid5_40_0_, purchasede0_.oddtin as oddtin6_40_0_, purchasede0_.odtmin as odtmin7_40_0_, purchasede0_.oduid as oduid8_40_0_, purchasede0_.oddtlu as oddtlu9_40_0_, purchasede0_.odtmlu as odtmlu10_40_0_, purchasede0_.oduidm as oduidm11_40_0_, purchasede0_.odacid as odacid12_40_0_, purchasede0_.odaprcd as odaprcd13_40_0_, purchasede0_.odcrcb as odcrcb14_40_0_, purchasede0_.oditc02 as oditc15_40_0_, purchasede0_.odbuid as odbuid16_40_0_, purchasede0_.odqtycl as odqtycl17_40_0_, purchasede0_.oditc01 as oditc18_40_0_, purchasede0_.odcldt as odcldt19_40_0_, purchasede0_.odcsid as odcsid20_40_0_, purchasede0_.oddccd as oddccd21_40_0_, purchasede0_.oddcrt as oddcrt22_40_0_, purchasede0_.odexcrt as odexcrt23_40_0_, purchasede0_.odexcost as odexcos24_40_0_, purchasede0_.odqtyx as odqtyx25_40_0_, purchasede0_.oducfx as oducfx26_40_0_, purchasede0_.oduncostx as oduncos27_40_0_, purchasede0_.oduomx as oduomx28_40_0_, purchasede0_.odfec as odfec29_40_0_, purchasede0_.odfta as odfta30_40_0_, purchasede0_.odftb as odftb31_40_0_, purchasede0_.odfuc as odfuc32_40_0_, purchasede0_.odglcls as odglcls33_40_0_, purchasede0_.odgldt as odgldt34_40_0_, purchasede0_.odir02 as odir35_40_0_, purchasede0_.odir01 as odir36_40_0_, purchasede0_.odir03 as odir37_40_0_, purchasede0_.odinum as odinum38_40_0_, purchasede0_.oddesb1 as oddesb39_40_0_, purchasede0_.oditc05 as oditc40_40_0_, purchasede0_.odlst as odlst41_40_0_, purchasede0_.odlnty as odlnty42_40_0_, purchasede0_.odlocid as odlocid43_40_0_, purchasede0_.odnst as odnst44_40_0_, purchasede0_.odobid as odobid45_40_0_, purchasede0_.odqtyop as odqtyop46_40_0_, purchasede0_.odordt as odordt47_40_0_, purchasede0_.odqtyor as odqtyor48_40_0_, purchasede0_.odott as odott49_40_0_, purchasede0_.odordocdt as odordoc50_40_0_, purchasede0_.odordocno as odordoc51_40_0_, purchasede0_.odordocsq as odordoc52_40_0_, purchasede0_.odordocty as odordoc53_40_0_, purchasede0_.odptc as odptc54_40_0_, purchasede0_.odpqor as odpqor55_40_0_, purchasede0_.oduom1 as oduom56_40_0_, purchasede0_.odpjid as odpjid57_40_0_, purchasede0_.odpddt as odpddt58_40_0_, purchasede0_.odpo03 as odpo59_40_0_, purchasede0_.odpo01 as odpo60_40_0_, purchasede0_.odpo02 as odpo61_40_0_, purchasede0_.odqty as odqty62_40_0_, purchasede0_.odrcdt as odrcdt63_40_0_, purchasede0_.odqtyrc as odqtyrc64_40_0_, purchasede0_.odstid as odstid65_40_0_, purchasede0_.odvr04 as odvr66_40_0_, purchasede0_.odvr01 as odvr67_40_0_, purchasede0_.odvr03 as odvr68_40_0_, purchasede0_.odvr05 as odvr69_40_0_, purchasede0_.odvr02 as odvr70_40_0_, purchasede0_.odrldocno as odrldoc71_40_0_, purchasede0_.odrldocsq as odrldoc72_40_0_, purchasede0_.odrldocty as odrldoc73_40_0_, purchasede0_.odrqdt as odrqdt74_40_0_, purchasede0_.odqtyrn as odqtyrn75_40_0_, purchasede0_.odsqor as odsqor76_40_0_, purchasede0_.oduom2 as oduom77_40_0_, purchasede0_.odsnlot as odsnlot78_40_0_, purchasede0_.odtaxal as odtaxal79_40_0_, purchasede0_.odtaxam as odtaxam80_40_0_, purchasede0_.odtaxab as odtaxab81_40_0_, purchasede0_.odtaxcd as odtaxcd82_40_0_, purchasede0_.odtaxrt as odtaxrt83_40_0_, purchasede0_.odcrct as odcrct84_40_0_, purchasede0_.oditc03 as oditc85_40_0_, purchasede0_.oducf as oducf86_40_0_, purchasede0_.oduncost as oduncos87_40_0_, purchasede0_.odudc as odudc88_40_0_, purchasede0_.odudf as odudf89_40_0_, purchasede0_.oduom as oduom90_40_0_, purchasede0_.odvnid as odvnid91_40_0_, purchaseor1_.ohcoid as ohcoid1_39_1_, purchaseor1_.ohdocono as ohdocono2_39_1_, purchaseor1_.ohdocoty as ohdocoty3_39_1_, purchaseor1_.ohcid as ohcid4_39_1_, purchaseor1_.ohdtin as ohdtin5_39_1_, purchaseor1_.ohtmin as ohtmin6_39_1_, purchaseor1_.ohuid as ohuid7_39_1_, purchaseor1_.ohdtlu as ohdtlu8_39_1_, purchaseor1_.ohtmlu as ohtmlu9_39_1_, purchaseor1_.ohuidm as ohuidm10_39_1_, purchaseor1_.ohaprcd as ohaprcd11_39_1_, purchaseor1_.ohcrcb as ohcrcb12_39_1_, purchaseor1_.ohbuid as ohbuid13_39_1_, purchaseor1_.ohcldt as ohcldt14_39_1_, purchaseor1_.ohcot as ohcot15_39_1_, purchaseor1_.ohcsid as ohcsid16_39_1_, purchaseor1_.ohdesb1 as ohdesb17_39_1_, purchaseor1_.ohdccd as ohdccd18_39_1_, purchaseor1_.ohdcrt as ohdcrt19_39_1_, purchaseor1_.ohexcrt as ohexcrt20_39_1_, purchaseor1_.ohgldt as ohgldt21_39_1_, purchaseor1_.ohidd as ohidd22_39_1_, purchaseor1_.ohidn as ohidn23_39_1_, purchaseor1_.ohlst as ohlst24_39_1_, purchaseor1_.ohnst as ohnst25_39_1_, purchaseor1_.ohobid as ohobid26_39_1_, purchaseor1_.ohordt as ohordt27_39_1_, purchaseor1_.ohptc as ohptc28_39_1_, purchaseor1_.ohpoa as ohpoa29_39_1_, purchaseor1_.ohpod as ohpod30_39_1_, purchaseor1_.ohpjid as ohpjid31_39_1_, purchaseor1_.ohpddt as ohpddt32_39_1_, purchaseor1_.ohrcdt as ohrcdt33_39_1_, purchaseor1_.ohstid as ohstid34_39_1_, purchaseor1_.ohrqdt as ohrqdt35_39_1_, purchaseor1_.ohtaxal as ohtaxal36_39_1_, purchaseor1_.ohtaxcd as ohtaxcd37_39_1_, purchaseor1_.ohtaxrt as ohtaxrt38_39_1_, purchaseor1_.ohcrct as ohcrct39_39_1_, purchaseor1_.ohdesc1 as ohdesc40_39_1_, purchaseor1_.ohdesc2 as ohdesc41_39_1_, purchaseor1_.ohvhrn as ohvhrn42_39_1_, purchaseor1_.ohvhty as ohvhty43_39_1_, purchaseor1_.ohvnid as ohvnid44_39_1_ from t4311 purchasede0_ inner join t4301 purchaseor1_ on purchasede0_.odcoid=purchaseor1_.ohcoid and purchasede0_.oddocono=purchaseor1_.ohdocono and purchasede0_.oddocoty=purchaseor1_.ohdocoty where purchasede0_.odcoid=? and purchasede0_.oddocono=? and purchasede0_.oddocosq=? and purchasede0_.oddocoty=?
Hibernate: select serialnumb0_.coid as coid1_43_0_, serialnumb0_.docno as docno2_43_0_, serialnumb0_.docty as docty3_43_0_, serialnumb0_.docsq as docsq4_43_0_, serialnumb0_.buid as buid5_43_0_, serialnumb0_.inum as inum6_43_0_, serialnumb0_.snlot as snlot7_43_0_, lotmaster1_.ltbuid as ltbuid1_34_1_, lotmaster1_.ltinum as ltinum2_34_1_, lotmaster1_.ltsnlot as ltsnlot3_34_1_, lotmaster1_.ltcid as ltcid4_34_1_, lotmaster1_.ltdtin as ltdtin5_34_1_, lotmaster1_.lttmin as lttmin6_34_1_, lotmaster1_.ltuid as ltuid7_34_1_, lotmaster1_.ltdtlu as ltdtlu8_34_1_, lotmaster1_.lttmlu as lttmlu9_34_1_, lotmaster1_.ltuidm as ltuidm10_34_1_, lotmaster1_.ltbodt as ltbodt11_34_1_, lotmaster1_.ltbbdt as ltbbdt12_34_1_, lotmaster1_.ltcldt as ltcldt13_34_1_, lotmaster1_.ltexpdt as ltexpdt14_34_1_, lotmaster1_.ltldsc as ltldsc15_34_1_, lotmaster1_.ltledt as ltledt16_34_1_, lotmaster1_.ltlsc as ltlsc17_34_1_, lotmaster1_.ltmlot1 as ltmlot18_34_1_, lotmaster1_.ltmlot2 as ltmlot19_34_1_, lotmaster1_.ltmlot3 as ltmlot20_34_1_, lotmaster1_.ltohdt as ltohdt21_34_1_, lotmaster1_.ltsern as ltsern22_34_1_ from transaction_serialnumbers serialnumb0_ inner join t4108 lotmaster1_ on serialnumb0_.buid=lotmaster1_.ltbuid and serialnumb0_.inum=lotmaster1_.ltinum and serialnumb0_.snlot=lotmaster1_.ltsnlot where serialnumb0_.coid=? and serialnumb0_.docno=? and serialnumb0_.docty=? and serialnumb0_.docsq=?
Hibernate: select purchasede0_.odcoid as odcoid1_40_0_, purchasede0_.oddocono as oddocono2_40_0_, purchasede0_.oddocosq as oddocosq3_40_0_, purchasede0_.oddocoty as oddocoty4_40_0_, purchasede0_.odcid as odcid5_40_0_, purchasede0_.oddtin as oddtin6_40_0_, purchasede0_.odtmin as odtmin7_40_0_, purchasede0_.oduid as oduid8_40_0_, purchasede0_.oddtlu as oddtlu9_40_0_, purchasede0_.odtmlu as odtmlu10_40_0_, purchasede0_.oduidm as oduidm11_40_0_, purchasede0_.odacid as odacid12_40_0_, purchasede0_.odaprcd as odaprcd13_40_0_, purchasede0_.odcrcb as odcrcb14_40_0_, purchasede0_.oditc02 as oditc15_40_0_, purchasede0_.odbuid as odbuid16_40_0_, purchasede0_.odqtycl as odqtycl17_40_0_, purchasede0_.oditc01 as oditc18_40_0_, purchasede0_.odcldt as odcldt19_40_0_, purchasede0_.odcsid as odcsid20_40_0_, purchasede0_.oddccd as oddccd21_40_0_, purchasede0_.oddcrt as oddcrt22_40_0_, purchasede0_.odexcrt as odexcrt23_40_0_, purchasede0_.odexcost as odexcos24_40_0_, purchasede0_.odqtyx as odqtyx25_40_0_, purchasede0_.oducfx as oducfx26_40_0_, purchasede0_.oduncostx as oduncos27_40_0_, purchasede0_.oduomx as oduomx28_40_0_, purchasede0_.odfec as odfec29_40_0_, purchasede0_.odfta as odfta30_40_0_, purchasede0_.odftb as odftb31_40_0_, purchasede0_.odfuc as odfuc32_40_0_, purchasede0_.odglcls as odglcls33_40_0_, purchasede0_.odgldt as odgldt34_40_0_, purchasede0_.odir02 as odir35_40_0_, purchasede0_.odir01 as odir36_40_0_, purchasede0_.odir03 as odir37_40_0_, purchasede0_.odinum as odinum38_40_0_, purchasede0_.oddesb1 as oddesb39_40_0_, purchasede0_.oditc05 as oditc40_40_0_, purchasede0_.odlst as odlst41_40_0_, purchasede0_.odlnty as odlnty42_40_0_, purchasede0_.odlocid as odlocid43_40_0_, purchasede0_.odnst as odnst44_40_0_, purchasede0_.odobid as odobid45_40_0_, purchasede0_.odqtyop as odqtyop46_40_0_, purchasede0_.odordt as odordt47_40_0_, purchasede0_.odqtyor as odqtyor48_40_0_, purchasede0_.odott as odott49_40_0_, purchasede0_.odordocdt as odordoc50_40_0_, purchasede0_.odordocno as odordoc51_40_0_, purchasede0_.odordocsq as odordoc52_40_0_, purchasede0_.odordocty as odordoc53_40_0_, purchasede0_.odptc as odptc54_40_0_, purchasede0_.odpqor as odpqor55_40_0_, purchasede0_.oduom1 as oduom56_40_0_, purchasede0_.odpjid as odpjid57_40_0_, purchasede0_.odpddt as odpddt58_40_0_, purchasede0_.odpo03 as odpo59_40_0_, purchasede0_.odpo01 as odpo60_40_0_, purchasede0_.odpo02 as odpo61_40_0_, purchasede0_.odqty as odqty62_40_0_, purchasede0_.odrcdt as odrcdt63_40_0_, purchasede0_.odqtyrc as odqtyrc64_40_0_, purchasede0_.odstid as odstid65_40_0_, purchasede0_.odvr04 as odvr66_40_0_, purchasede0_.odvr01 as odvr67_40_0_, purchasede0_.odvr03 as odvr68_40_0_, purchasede0_.odvr05 as odvr69_40_0_, purchasede0_.odvr02 as odvr70_40_0_, purchasede0_.odrldocno as odrldoc71_40_0_, purchasede0_.odrldocsq as odrldoc72_40_0_, purchasede0_.odrldocty as odrldoc73_40_0_, purchasede0_.odrqdt as odrqdt74_40_0_, purchasede0_.odqtyrn as odqtyrn75_40_0_, purchasede0_.odsqor as odsqor76_40_0_, purchasede0_.oduom2 as oduom77_40_0_, purchasede0_.odsnlot as odsnlot78_40_0_, purchasede0_.odtaxal as odtaxal79_40_0_, purchasede0_.odtaxam as odtaxam80_40_0_, purchasede0_.odtaxab as odtaxab81_40_0_, purchasede0_.odtaxcd as odtaxcd82_40_0_, purchasede0_.odtaxrt as odtaxrt83_40_0_, purchasede0_.odcrct as odcrct84_40_0_, purchasede0_.oditc03 as oditc85_40_0_, purchasede0_.oducf as oducf86_40_0_, purchasede0_.oduncost as oduncos87_40_0_, purchasede0_.odudc as odudc88_40_0_, purchasede0_.odudf as odudf89_40_0_, purchasede0_.oduom as oduom90_40_0_, purchasede0_.odvnid as odvnid91_40_0_, purchaseor1_.ohcoid as ohcoid1_39_1_, purchaseor1_.ohdocono as ohdocono2_39_1_, purchaseor1_.ohdocoty as ohdocoty3_39_1_, purchaseor1_.ohcid as ohcid4_39_1_, purchaseor1_.ohdtin as ohdtin5_39_1_, purchaseor1_.ohtmin as ohtmin6_39_1_, purchaseor1_.ohuid as ohuid7_39_1_, purchaseor1_.ohdtlu as ohdtlu8_39_1_, purchaseor1_.ohtmlu as ohtmlu9_39_1_, purchaseor1_.ohuidm as ohuidm10_39_1_, purchaseor1_.ohaprcd as ohaprcd11_39_1_, purchaseor1_.ohcrcb as ohcrcb12_39_1_, purchaseor1_.ohbuid as ohbuid13_39_1_, purchaseor1_.ohcldt as ohcldt14_39_1_, purchaseor1_.ohcot as ohcot15_39_1_, purchaseor1_.ohcsid as ohcsid16_39_1_, purchaseor1_.ohdesb1 as ohdesb17_39_1_, purchaseor1_.ohdccd as ohdccd18_39_1_, purchaseor1_.ohdcrt as ohdcrt19_39_1_, purchaseor1_.ohexcrt as ohexcrt20_39_1_, purchaseor1_.ohgldt as ohgldt21_39_1_, purchaseor1_.ohidd as ohidd22_39_1_, purchaseor1_.ohidn as ohidn23_39_1_, purchaseor1_.ohlst as ohlst24_39_1_, purchaseor1_.ohnst as ohnst25_39_1_, purchaseor1_.ohobid as ohobid26_39_1_, purchaseor1_.ohordt as ohordt27_39_1_, purchaseor1_.ohptc as ohptc28_39_1_, purchaseor1_.ohpoa as ohpoa29_39_1_, purchaseor1_.ohpod as ohpod30_39_1_, purchaseor1_.ohpjid as ohpjid31_39_1_, purchaseor1_.ohpddt as ohpddt32_39_1_, purchaseor1_.ohrcdt as ohrcdt33_39_1_, purchaseor1_.ohstid as ohstid34_39_1_, purchaseor1_.ohrqdt as ohrqdt35_39_1_, purchaseor1_.ohtaxal as ohtaxal36_39_1_, purchaseor1_.ohtaxcd as ohtaxcd37_39_1_, purchaseor1_.ohtaxrt as ohtaxrt38_39_1_, purchaseor1_.ohcrct as ohcrct39_39_1_, purchaseor1_.ohdesc1 as ohdesc40_39_1_, purchaseor1_.ohdesc2 as ohdesc41_39_1_, purchaseor1_.ohvhrn as ohvhrn42_39_1_, purchaseor1_.ohvhty as ohvhty43_39_1_, purchaseor1_.ohvnid as ohvnid44_39_1_ from t4311 purchasede0_ inner join t4301 purchaseor1_ on purchasede0_.odcoid=purchaseor1_.ohcoid and purchasede0_.oddocono=purchaseor1_.ohdocono and purchasede0_.oddocoty=purchaseor1_.ohdocoty where purchasede0_.odcoid=? and purchasede0_.oddocono=? and purchasede0_.oddocosq=? and purchasede0_.oddocoty=?
Hibernate: select serialnumb0_.coid as coid1_43_0_, serialnumb0_.docno as docno2_43_0_, serialnumb0_.docty as docty3_43_0_, serialnumb0_.docsq as docsq4_43_0_, serialnumb0_.buid as buid5_43_0_, serialnumb0_.inum as inum6_43_0_, serialnumb0_.snlot as snlot7_43_0_, lotmaster1_.ltbuid as ltbuid1_34_1_, lotmaster1_.ltinum as ltinum2_34_1_, lotmaster1_.ltsnlot as ltsnlot3_34_1_, lotmaster1_.ltcid as ltcid4_34_1_, lotmaster1_.ltdtin as ltdtin5_34_1_, lotmaster1_.lttmin as lttmin6_34_1_, lotmaster1_.ltuid as ltuid7_34_1_, lotmaster1_.ltdtlu as ltdtlu8_34_1_, lotmaster1_.lttmlu as lttmlu9_34_1_, lotmaster1_.ltuidm as ltuidm10_34_1_, lotmaster1_.ltbodt as ltbodt11_34_1_, lotmaster1_.ltbbdt as ltbbdt12_34_1_, lotmaster1_.ltcldt as ltcldt13_34_1_, lotmaster1_.ltexpdt as ltexpdt14_34_1_, lotmaster1_.ltldsc as ltldsc15_34_1_, lotmaster1_.ltledt as ltledt16_34_1_, lotmaster1_.ltlsc as ltlsc17_34_1_, lotmaster1_.ltmlot1 as ltmlot18_34_1_, lotmaster1_.ltmlot2 as ltmlot19_34_1_, lotmaster1_.ltmlot3 as ltmlot20_34_1_, lotmaster1_.ltohdt as ltohdt21_34_1_, lotmaster1_.ltsern as ltsern22_34_1_ from transaction_serialnumbers serialnumb0_ inner join t4108 lotmaster1_ on serialnumb0_.buid=lotmaster1_.ltbuid and serialnumb0_.inum=lotmaster1_.ltinum and serialnumb0_.snlot=lotmaster1_.ltsnlot where serialnumb0_.coid=? and serialnumb0_.docno=? and serialnumb0_.docty=? and serialnumb0_.docsq=?
Hibernate: select purchasede0_.odcoid as odcoid1_40_0_, purchasede0_.oddocono as oddocono2_40_0_, purchasede0_.oddocosq as oddocosq3_40_0_, purchasede0_.oddocoty as oddocoty4_40_0_, purchasede0_.odcid as odcid5_40_0_, purchasede0_.oddtin as oddtin6_40_0_, purchasede0_.odtmin as odtmin7_40_0_, purchasede0_.oduid as oduid8_40_0_, purchasede0_.oddtlu as oddtlu9_40_0_, purchasede0_.odtmlu as odtmlu10_40_0_, purchasede0_.oduidm as oduidm11_40_0_, purchasede0_.odacid as odacid12_40_0_, purchasede0_.odaprcd as odaprcd13_40_0_, purchasede0_.odcrcb as odcrcb14_40_0_, purchasede0_.oditc02 as oditc15_40_0_, purchasede0_.odbuid as odbuid16_40_0_, purchasede0_.odqtycl as odqtycl17_40_0_, purchasede0_.oditc01 as oditc18_40_0_, purchasede0_.odcldt as odcldt19_40_0_, purchasede0_.odcsid as odcsid20_40_0_, purchasede0_.oddccd as oddccd21_40_0_, purchasede0_.oddcrt as oddcrt22_40_0_, purchasede0_.odexcrt as odexcrt23_40_0_, purchasede0_.odexcost as odexcos24_40_0_, purchasede0_.odqtyx as odqtyx25_40_0_, purchasede0_.oducfx as oducfx26_40_0_, purchasede0_.oduncostx as oduncos27_40_0_, purchasede0_.oduomx as oduomx28_40_0_, purchasede0_.odfec as odfec29_40_0_, purchasede0_.odfta as odfta30_40_0_, purchasede0_.odftb as odftb31_40_0_, purchasede0_.odfuc as odfuc32_40_0_, purchasede0_.odglcls as odglcls33_40_0_, purchasede0_.odgldt as odgldt34_40_0_, purchasede0_.odir02 as odir35_40_0_, purchasede0_.odir01 as odir36_40_0_, purchasede0_.odir03 as odir37_40_0_, purchasede0_.odinum as odinum38_40_0_, purchasede0_.oddesb1 as oddesb39_40_0_, purchasede0_.oditc05 as oditc40_40_0_, purchasede0_.odlst as odlst41_40_0_, purchasede0_.odlnty as odlnty42_40_0_, purchasede0_.odlocid as odlocid43_40_0_, purchasede0_.odnst as odnst44_40_0_, purchasede0_.odobid as odobid45_40_0_, purchasede0_.odqtyop as odqtyop46_40_0_, purchasede0_.odordt as odordt47_40_0_, purchasede0_.odqtyor as odqtyor48_40_0_, purchasede0_.odott as odott49_40_0_, purchasede0_.odordocdt as odordoc50_40_0_, purchasede0_.odordocno as odordoc51_40_0_, purchasede0_.odordocsq as odordoc52_40_0_, purchasede0_.odordocty as odordoc53_40_0_, purchasede0_.odptc as odptc54_40_0_, purchasede0_.odpqor as odpqor55_40_0_, purchasede0_.oduom1 as oduom56_40_0_, purchasede0_.odpjid as odpjid57_40_0_, purchasede0_.odpddt as odpddt58_40_0_, purchasede0_.odpo03 as odpo59_40_0_, purchasede0_.odpo01 as odpo60_40_0_, purchasede0_.odpo02 as odpo61_40_0_, purchasede0_.odqty as odqty62_40_0_, purchasede0_.odrcdt as odrcdt63_40_0_, purchasede0_.odqtyrc as odqtyrc64_40_0_, purchasede0_.odstid as odstid65_40_0_, purchasede0_.odvr04 as odvr66_40_0_, purchasede0_.odvr01 as odvr67_40_0_, purchasede0_.odvr03 as odvr68_40_0_, purchasede0_.odvr05 as odvr69_40_0_, purchasede0_.odvr02 as odvr70_40_0_, purchasede0_.odrldocno as odrldoc71_40_0_, purchasede0_.odrldocsq as odrldoc72_40_0_, purchasede0_.odrldocty as odrldoc73_40_0_, purchasede0_.odrqdt as odrqdt74_40_0_, purchasede0_.odqtyrn as odqtyrn75_40_0_, purchasede0_.odsqor as odsqor76_40_0_, purchasede0_.oduom2 as oduom77_40_0_, purchasede0_.odsnlot as odsnlot78_40_0_, purchasede0_.odtaxal as odtaxal79_40_0_, purchasede0_.odtaxam as odtaxam80_40_0_, purchasede0_.odtaxab as odtaxab81_40_0_, purchasede0_.odtaxcd as odtaxcd82_40_0_, purchasede0_.odtaxrt as odtaxrt83_40_0_, purchasede0_.odcrct as odcrct84_40_0_, purchasede0_.oditc03 as oditc85_40_0_, purchasede0_.oducf as oducf86_40_0_, purchasede0_.oduncost as oduncos87_40_0_, purchasede0_.odudc as odudc88_40_0_, purchasede0_.odudf as odudf89_40_0_, purchasede0_.oduom as oduom90_40_0_, purchasede0_.odvnid as odvnid91_40_0_, purchaseor1_.ohcoid as ohcoid1_39_1_, purchaseor1_.ohdocono as ohdocono2_39_1_, purchaseor1_.ohdocoty as ohdocoty3_39_1_, purchaseor1_.ohcid as ohcid4_39_1_, purchaseor1_.ohdtin as ohdtin5_39_1_, purchaseor1_.ohtmin as ohtmin6_39_1_, purchaseor1_.ohuid as ohuid7_39_1_, purchaseor1_.ohdtlu as ohdtlu8_39_1_, purchaseor1_.ohtmlu as ohtmlu9_39_1_, purchaseor1_.ohuidm as ohuidm10_39_1_, purchaseor1_.ohaprcd as ohaprcd11_39_1_, purchaseor1_.ohcrcb as ohcrcb12_39_1_, purchaseor1_.ohbuid as ohbuid13_39_1_, purchaseor1_.ohcldt as ohcldt14_39_1_, purchaseor1_.ohcot as ohcot15_39_1_, purchaseor1_.ohcsid as ohcsid16_39_1_, purchaseor1_.ohdesb1 as ohdesb17_39_1_, purchaseor1_.ohdccd as ohdccd18_39_1_, purchaseor1_.ohdcrt as ohdcrt19_39_1_, purchaseor1_.ohexcrt as ohexcrt20_39_1_, purchaseor1_.ohgldt as ohgldt21_39_1_, purchaseor1_.ohidd as ohidd22_39_1_, purchaseor1_.ohidn as ohidn23_39_1_, purchaseor1_.ohlst as ohlst24_39_1_, purchaseor1_.ohnst as ohnst25_39_1_, purchaseor1_.ohobid as ohobid26_39_1_, purchaseor1_.ohordt as ohordt27_39_1_, purchaseor1_.ohptc as ohptc28_39_1_, purchaseor1_.ohpoa as ohpoa29_39_1_, purchaseor1_.ohpod as ohpod30_39_1_, purchaseor1_.ohpjid as ohpjid31_39_1_, purchaseor1_.ohpddt as ohpddt32_39_1_, purchaseor1_.ohrcdt as ohrcdt33_39_1_, purchaseor1_.ohstid as ohstid34_39_1_, purchaseor1_.ohrqdt as ohrqdt35_39_1_, purchaseor1_.ohtaxal as ohtaxal36_39_1_, purchaseor1_.ohtaxcd as ohtaxcd37_39_1_, purchaseor1_.ohtaxrt as ohtaxrt38_39_1_, purchaseor1_.ohcrct as ohcrct39_39_1_, purchaseor1_.ohdesc1 as ohdesc40_39_1_, purchaseor1_.ohdesc2 as ohdesc41_39_1_, purchaseor1_.ohvhrn as ohvhrn42_39_1_, purchaseor1_.ohvhty as ohvhty43_39_1_, purchaseor1_.ohvnid as ohvnid44_39_1_ from t4311 purchasede0_ inner join t4301 purchaseor1_ on purchasede0_.odcoid=purchaseor1_.ohcoid and purchasede0_.oddocono=purchaseor1_.ohdocono and purchasede0_.oddocoty=purchaseor1_.ohdocoty where purchasede0_.odcoid=? and purchasede0_.oddocono=? and purchasede0_.oddocosq=? and purchasede0_.oddocoty=?
Hibernate: select serialnumb0_.coid as coid1_43_0_, serialnumb0_.docno as docno2_43_0_, serialnumb0_.docty as docty3_43_0_, serialnumb0_.docsq as docsq4_43_0_, serialnumb0_.buid as buid5_43_0_, serialnumb0_.inum as inum6_43_0_, serialnumb0_.snlot as snlot7_43_0_, lotmaster1_.ltbuid as ltbuid1_34_1_, lotmaster1_.ltinum as ltinum2_34_1_, lotmaster1_.ltsnlot as ltsnlot3_34_1_, lotmaster1_.ltcid as ltcid4_34_1_, lotmaster1_.ltdtin as ltdtin5_34_1_, lotmaster1_.lttmin as lttmin6_34_1_, lotmaster1_.ltuid as ltuid7_34_1_, lotmaster1_.ltdtlu as ltdtlu8_34_1_, lotmaster1_.lttmlu as lttmlu9_34_1_, lotmaster1_.ltuidm as ltuidm10_34_1_, lotmaster1_.ltbodt as ltbodt11_34_1_, lotmaster1_.ltbbdt as ltbbdt12_34_1_, lotmaster1_.ltcldt as ltcldt13_34_1_, lotmaster1_.ltexpdt as ltexpdt14_34_1_, lotmaster1_.ltldsc as ltldsc15_34_1_, lotmaster1_.ltledt as ltledt16_34_1_, lotmaster1_.ltlsc as ltlsc17_34_1_, lotmaster1_.ltmlot1 as ltmlot18_34_1_, lotmaster1_.ltmlot2 as ltmlot19_34_1_, lotmaster1_.ltmlot3 as ltmlot20_34_1_, lotmaster1_.ltohdt as ltohdt21_34_1_, lotmaster1_.ltsern as ltsern22_34_1_ from transaction_serialnumbers serialnumb0_ inner join t4108 lotmaster1_ on serialnumb0_.buid=lotmaster1_.ltbuid and serialnumb0_.inum=lotmaster1_.ltinum and serialnumb0_.snlot=lotmaster1_.ltsnlot where serialnumb0_.coid=? and serialnumb0_.docno=? and serialnumb0_.docty=? and serialnumb0_.docsq=?
Hibernate: select purchasede0_.odcoid as odcoid1_40_0_, purchasede0_.oddocono as oddocono2_40_0_, purchasede0_.oddocosq as oddocosq3_40_0_, purchasede0_.oddocoty as oddocoty4_40_0_, purchasede0_.odcid as odcid5_40_0_, purchasede0_.oddtin as oddtin6_40_0_, purchasede0_.odtmin as odtmin7_40_0_, purchasede0_.oduid as oduid8_40_0_, purchasede0_.oddtlu as oddtlu9_40_0_, purchasede0_.odtmlu as odtmlu10_40_0_, purchasede0_.oduidm as oduidm11_40_0_, purchasede0_.odacid as odacid12_40_0_, purchasede0_.odaprcd as odaprcd13_40_0_, purchasede0_.odcrcb as odcrcb14_40_0_, purchasede0_.oditc02 as oditc15_40_0_, purchasede0_.odbuid as odbuid16_40_0_, purchasede0_.odqtycl as odqtycl17_40_0_, purchasede0_.oditc01 as oditc18_40_0_, purchasede0_.odcldt as odcldt19_40_0_, purchasede0_.odcsid as odcsid20_40_0_, purchasede0_.oddccd as oddccd21_40_0_, purchasede0_.oddcrt as oddcrt22_40_0_, purchasede0_.odexcrt as odexcrt23_40_0_, purchasede0_.odexcost as odexcos24_40_0_, purchasede0_.odqtyx as odqtyx25_40_0_, purchasede0_.oducfx as oducfx26_40_0_, purchasede0_.oduncostx as oduncos27_40_0_, purchasede0_.oduomx as oduomx28_40_0_, purchasede0_.odfec as odfec29_40_0_, purchasede0_.odfta as odfta30_40_0_, purchasede0_.odftb as odftb31_40_0_, purchasede0_.odfuc as odfuc32_40_0_, purchasede0_.odglcls as odglcls33_40_0_, purchasede0_.odgldt as odgldt34_40_0_, purchasede0_.odir02 as odir35_40_0_, purchasede0_.odir01 as odir36_40_0_, purchasede0_.odir03 as odir37_40_0_, purchasede0_.odinum as odinum38_40_0_, purchasede0_.oddesb1 as oddesb39_40_0_, purchasede0_.oditc05 as oditc40_40_0_, purchasede0_.odlst as odlst41_40_0_, purchasede0_.odlnty as odlnty42_40_0_, purchasede0_.odlocid as odlocid43_40_0_, purchasede0_.odnst as odnst44_40_0_, purchasede0_.odobid as odobid45_40_0_, purchasede0_.odqtyop as odqtyop46_40_0_, purchasede0_.odordt as odordt47_40_0_, purchasede0_.odqtyor as odqtyor48_40_0_, purchasede0_.odott as odott49_40_0_, purchasede0_.odordocdt as odordoc50_40_0_, purchasede0_.odordocno as odordoc51_40_0_, purchasede0_.odordocsq as odordoc52_40_0_, purchasede0_.odordocty as odordoc53_40_0_, purchasede0_.odptc as odptc54_40_0_, purchasede0_.odpqor as odpqor55_40_0_, purchasede0_.oduom1 as oduom56_40_0_, purchasede0_.odpjid as odpjid57_40_0_, purchasede0_.odpddt as odpddt58_40_0_, purchasede0_.odpo03 as odpo59_40_0_, purchasede0_.odpo01 as odpo60_40_0_, purchasede0_.odpo02 as odpo61_40_0_, purchasede0_.odqty as odqty62_40_0_, purchasede0_.odrcdt as odrcdt63_40_0_, purchasede0_.odqtyrc as odqtyrc64_40_0_, purchasede0_.odstid as odstid65_40_0_, purchasede0_.odvr04 as odvr66_40_0_, purchasede0_.odvr01 as odvr67_40_0_, purchasede0_.odvr03 as odvr68_40_0_, purchasede0_.odvr05 as odvr69_40_0_, purchasede0_.odvr02 as odvr70_40_0_, purchasede0_.odrldocno as odrldoc71_40_0_, purchasede0_.odrldocsq as odrldoc72_40_0_, purchasede0_.odrldocty as odrldoc73_40_0_, purchasede0_.odrqdt as odrqdt74_40_0_, purchasede0_.odqtyrn as odqtyrn75_40_0_, purchasede0_.odsqor as odsqor76_40_0_, purchasede0_.oduom2 as oduom77_40_0_, purchasede0_.odsnlot as odsnlot78_40_0_, purchasede0_.odtaxal as odtaxal79_40_0_, purchasede0_.odtaxam as odtaxam80_40_0_, purchasede0_.odtaxab as odtaxab81_40_0_, purchasede0_.odtaxcd as odtaxcd82_40_0_, purchasede0_.odtaxrt as odtaxrt83_40_0_, purchasede0_.odcrct as odcrct84_40_0_, purchasede0_.oditc03 as oditc85_40_0_, purchasede0_.oducf as oducf86_40_0_, purchasede0_.oduncost as oduncos87_40_0_, purchasede0_.odudc as odudc88_40_0_, purchasede0_.odudf as odudf89_40_0_, purchasede0_.oduom as oduom90_40_0_, purchasede0_.odvnid as odvnid91_40_0_, purchaseor1_.ohcoid as ohcoid1_39_1_, purchaseor1_.ohdocono as ohdocono2_39_1_, purchaseor1_.ohdocoty as ohdocoty3_39_1_, purchaseor1_.ohcid as ohcid4_39_1_, purchaseor1_.ohdtin as ohdtin5_39_1_, purchaseor1_.ohtmin as ohtmin6_39_1_, purchaseor1_.ohuid as ohuid7_39_1_, purchaseor1_.ohdtlu as ohdtlu8_39_1_, purchaseor1_.ohtmlu as ohtmlu9_39_1_, purchaseor1_.ohuidm as ohuidm10_39_1_, purchaseor1_.ohaprcd as ohaprcd11_39_1_, purchaseor1_.ohcrcb as ohcrcb12_39_1_, purchaseor1_.ohbuid as ohbuid13_39_1_, purchaseor1_.ohcldt as ohcldt14_39_1_, purchaseor1_.ohcot as ohcot15_39_1_, purchaseor1_.ohcsid as ohcsid16_39_1_, purchaseor1_.ohdesb1 as ohdesb17_39_1_, purchaseor1_.ohdccd as ohdccd18_39_1_, purchaseor1_.ohdcrt as ohdcrt19_39_1_, purchaseor1_.ohexcrt as ohexcrt20_39_1_, purchaseor1_.ohgldt as ohgldt21_39_1_, purchaseor1_.ohidd as ohidd22_39_1_, purchaseor1_.ohidn as ohidn23_39_1_, purchaseor1_.ohlst as ohlst24_39_1_, purchaseor1_.ohnst as ohnst25_39_1_, purchaseor1_.ohobid as ohobid26_39_1_, purchaseor1_.ohordt as ohordt27_39_1_, purchaseor1_.ohptc as ohptc28_39_1_, purchaseor1_.ohpoa as ohpoa29_39_1_, purchaseor1_.ohpod as ohpod30_39_1_, purchaseor1_.ohpjid as ohpjid31_39_1_, purchaseor1_.ohpddt as ohpddt32_39_1_, purchaseor1_.ohrcdt as ohrcdt33_39_1_, purchaseor1_.ohstid as ohstid34_39_1_, purchaseor1_.ohrqdt as ohrqdt35_39_1_, purchaseor1_.ohtaxal as ohtaxal36_39_1_, purchaseor1_.ohtaxcd as ohtaxcd37_39_1_, purchaseor1_.ohtaxrt as ohtaxrt38_39_1_, purchaseor1_.ohcrct as ohcrct39_39_1_, purchaseor1_.ohdesc1 as ohdesc40_39_1_, purchaseor1_.ohdesc2 as ohdesc41_39_1_, purchaseor1_.ohvhrn as ohvhrn42_39_1_, purchaseor1_.ohvhty as ohvhty43_39_1_, purchaseor1_.ohvnid as ohvnid44_39_1_ from t4311 purchasede0_ inner join t4301 purchaseor1_ on purchasede0_.odcoid=purchaseor1_.ohcoid and purchasede0_.oddocono=purchaseor1_.ohdocono and purchasede0_.oddocoty=purchaseor1_.ohdocoty where purchasede0_.odcoid=? and purchasede0_.oddocono=? and purchasede0_.oddocosq=? and purchasede0_.oddocoty=?
Hibernate: select serialnumb0_.coid as coid1_43_0_, serialnumb0_.docno as docno2_43_0_, serialnumb0_.docty as docty3_43_0_, serialnumb0_.docsq as docsq4_43_0_, serialnumb0_.buid as buid5_43_0_, serialnumb0_.inum as inum6_43_0_, serialnumb0_.snlot as snlot7_43_0_, lotmaster1_.ltbuid as ltbuid1_34_1_, lotmaster1_.ltinum as ltinum2_34_1_, lotmaster1_.ltsnlot as ltsnlot3_34_1_, lotmaster1_.ltcid as ltcid4_34_1_, lotmaster1_.ltdtin as ltdtin5_34_1_, lotmaster1_.lttmin as lttmin6_34_1_, lotmaster1_.ltuid as ltuid7_34_1_, lotmaster1_.ltdtlu as ltdtlu8_34_1_, lotmaster1_.lttmlu as lttmlu9_34_1_, lotmaster1_.ltuidm as ltuidm10_34_1_, lotmaster1_.ltbodt as ltbodt11_34_1_, lotmaster1_.ltbbdt as ltbbdt12_34_1_, lotmaster1_.ltcldt as ltcldt13_34_1_, lotmaster1_.ltexpdt as ltexpdt14_34_1_, lotmaster1_.ltldsc as ltldsc15_34_1_, lotmaster1_.ltledt as ltledt16_34_1_, lotmaster1_.ltlsc as ltlsc17_34_1_, lotmaster1_.ltmlot1 as ltmlot18_34_1_, lotmaster1_.ltmlot2 as ltmlot19_34_1_, lotmaster1_.ltmlot3 as ltmlot20_34_1_, lotmaster1_.ltohdt as ltohdt21_34_1_, lotmaster1_.ltsern as ltsern22_34_1_ from transaction_serialnumbers serialnumb0_ inner join t4108 lotmaster1_ on serialnumb0_.buid=lotmaster1_.ltbuid and serialnumb0_.inum=lotmaster1_.ltinum and serialnumb0_.snlot=lotmaster1_.ltsnlot where serialnumb0_.coid=? and serialnumb0_.docno=? and serialnumb0_.docty=? and serialnumb0_.docsq=?
Hibernate: select purchasede0_.odcoid as odcoid1_40_0_, purchasede0_.oddocono as oddocono2_40_0_, purchasede0_.oddocosq as oddocosq3_40_0_, purchasede0_.oddocoty as oddocoty4_40_0_, purchasede0_.odcid as odcid5_40_0_, purchasede0_.oddtin as oddtin6_40_0_, purchasede0_.odtmin as odtmin7_40_0_, purchasede0_.oduid as oduid8_40_0_, purchasede0_.oddtlu as oddtlu9_40_0_, purchasede0_.odtmlu as odtmlu10_40_0_, purchasede0_.oduidm as oduidm11_40_0_, purchasede0_.odacid as odacid12_40_0_, purchasede0_.odaprcd as odaprcd13_40_0_, purchasede0_.odcrcb as odcrcb14_40_0_, purchasede0_.oditc02 as oditc15_40_0_, purchasede0_.odbuid as odbuid16_40_0_, purchasede0_.odqtycl as odqtycl17_40_0_, purchasede0_.oditc01 as oditc18_40_0_, purchasede0_.odcldt as odcldt19_40_0_, purchasede0_.odcsid as odcsid20_40_0_, purchasede0_.oddccd as oddccd21_40_0_, purchasede0_.oddcrt as oddcrt22_40_0_, purchasede0_.odexcrt as odexcrt23_40_0_, purchasede0_.odexcost as odexcos24_40_0_, purchasede0_.odqtyx as odqtyx25_40_0_, purchasede0_.oducfx as oducfx26_40_0_, purchasede0_.oduncostx as oduncos27_40_0_, purchasede0_.oduomx as oduomx28_40_0_, purchasede0_.odfec as odfec29_40_0_, purchasede0_.odfta as odfta30_40_0_, purchasede0_.odftb as odftb31_40_0_, purchasede0_.odfuc as odfuc32_40_0_, purchasede0_.odglcls as odglcls33_40_0_, purchasede0_.odgldt as odgldt34_40_0_, purchasede0_.odir02 as odir35_40_0_, purchasede0_.odir01 as odir36_40_0_, purchasede0_.odir03 as odir37_40_0_, purchasede0_.odinum as odinum38_40_0_, purchasede0_.oddesb1 as oddesb39_40_0_, purchasede0_.oditc05 as oditc40_40_0_, purchasede0_.odlst as odlst41_40_0_, purchasede0_.odlnty as odlnty42_40_0_, purchasede0_.odlocid as odlocid43_40_0_, purchasede0_.odnst as odnst44_40_0_, purchasede0_.odobid as odobid45_40_0_, purchasede0_.odqtyop as odqtyop46_40_0_, purchasede0_.odordt as odordt47_40_0_, purchasede0_.odqtyor as odqtyor48_40_0_, purchasede0_.odott as odott49_40_0_, purchasede0_.odordocdt as odordoc50_40_0_, purchasede0_.odordocno as odordoc51_40_0_, purchasede0_.odordocsq as odordoc52_40_0_, purchasede0_.odordocty as odordoc53_40_0_, purchasede0_.odptc as odptc54_40_0_, purchasede0_.odpqor as odpqor55_40_0_, purchasede0_.oduom1 as oduom56_40_0_, purchasede0_.odpjid as odpjid57_40_0_, purchasede0_.odpddt as odpddt58_40_0_, purchasede0_.odpo03 as odpo59_40_0_, purchasede0_.odpo01 as odpo60_40_0_, purchasede0_.odpo02 as odpo61_40_0_, purchasede0_.odqty as odqty62_40_0_, purchasede0_.odrcdt as odrcdt63_40_0_, purchasede0_.odqtyrc as odqtyrc64_40_0_, purchasede0_.odstid as odstid65_40_0_, purchasede0_.odvr04 as odvr66_40_0_, purchasede0_.odvr01 as odvr67_40_0_, purchasede0_.odvr03 as odvr68_40_0_, purchasede0_.odvr05 as odvr69_40_0_, purchasede0_.odvr02 as odvr70_40_0_, purchasede0_.odrldocno as odrldoc71_40_0_, purchasede0_.odrldocsq as odrldoc72_40_0_, purchasede0_.odrldocty as odrldoc73_40_0_, purchasede0_.odrqdt as odrqdt74_40_0_, purchasede0_.odqtyrn as odqtyrn75_40_0_, purchasede0_.odsqor as odsqor76_40_0_, purchasede0_.oduom2 as oduom77_40_0_, purchasede0_.odsnlot as odsnlot78_40_0_, purchasede0_.odtaxal as odtaxal79_40_0_, purchasede0_.odtaxam as odtaxam80_40_0_, purchasede0_.odtaxab as odtaxab81_40_0_, purchasede0_.odtaxcd as odtaxcd82_40_0_, purchasede0_.odtaxrt as odtaxrt83_40_0_, purchasede0_.odcrct as odcrct84_40_0_, purchasede0_.oditc03 as oditc85_40_0_, purchasede0_.oducf as oducf86_40_0_, purchasede0_.oduncost as oduncos87_40_0_, purchasede0_.odudc as odudc88_40_0_, purchasede0_.odudf as odudf89_40_0_, purchasede0_.oduom as oduom90_40_0_, purchasede0_.odvnid as odvnid91_40_0_, purchaseor1_.ohcoid as ohcoid1_39_1_, purchaseor1_.ohdocono as ohdocono2_39_1_, purchaseor1_.ohdocoty as ohdocoty3_39_1_, purchaseor1_.ohcid as ohcid4_39_1_, purchaseor1_.ohdtin as ohdtin5_39_1_, purchaseor1_.ohtmin as ohtmin6_39_1_, purchaseor1_.ohuid as ohuid7_39_1_, purchaseor1_.ohdtlu as ohdtlu8_39_1_, purchaseor1_.ohtmlu as ohtmlu9_39_1_, purchaseor1_.ohuidm as ohuidm10_39_1_, purchaseor1_.ohaprcd as ohaprcd11_39_1_, purchaseor1_.ohcrcb as ohcrcb12_39_1_, purchaseor1_.ohbuid as ohbuid13_39_1_, purchaseor1_.ohcldt as ohcldt14_39_1_, purchaseor1_.ohcot as ohcot15_39_1_, purchaseor1_.ohcsid as ohcsid16_39_1_, purchaseor1_.ohdesb1 as ohdesb17_39_1_, purchaseor1_.ohdccd as ohdccd18_39_1_, purchaseor1_.ohdcrt as ohdcrt19_39_1_, purchaseor1_.ohexcrt as ohexcrt20_39_1_, purchaseor1_.ohgldt as ohgldt21_39_1_, purchaseor1_.ohidd as ohidd22_39_1_, purchaseor1_.ohidn as ohidn23_39_1_, purchaseor1_.ohlst as ohlst24_39_1_, purchaseor1_.ohnst as ohnst25_39_1_, purchaseor1_.ohobid as ohobid26_39_1_, purchaseor1_.ohordt as ohordt27_39_1_, purchaseor1_.ohptc as ohptc28_39_1_, purchaseor1_.ohpoa as ohpoa29_39_1_, purchaseor1_.ohpod as ohpod30_39_1_, purchaseor1_.ohpjid as ohpjid31_39_1_, purchaseor1_.ohpddt as ohpddt32_39_1_, purchaseor1_.ohrcdt as ohrcdt33_39_1_, purchaseor1_.ohstid as ohstid34_39_1_, purchaseor1_.ohrqdt as ohrqdt35_39_1_, purchaseor1_.ohtaxal as ohtaxal36_39_1_, purchaseor1_.ohtaxcd as ohtaxcd37_39_1_, purchaseor1_.ohtaxrt as ohtaxrt38_39_1_, purchaseor1_.ohcrct as ohcrct39_39_1_, purchaseor1_.ohdesc1 as ohdesc40_39_1_, purchaseor1_.ohdesc2 as ohdesc41_39_1_, purchaseor1_.ohvhrn as ohvhrn42_39_1_, purchaseor1_.ohvhty as ohvhty43_39_1_, purchaseor1_.ohvnid as ohvnid44_39_1_ from t4311 purchasede0_ inner join t4301 purchaseor1_ on purchasede0_.odcoid=purchaseor1_.ohcoid and purchasede0_.oddocono=purchaseor1_.ohdocono and purchasede0_.oddocoty=purchaseor1_.ohdocoty where purchasede0_.odcoid=? and purchasede0_.oddocono=? and purchasede0_.oddocosq=? and purchasede0_.oddocoty=?
Hibernate: select serialnumb0_.coid as coid1_43_0_, serialnumb0_.docno as docno2_43_0_, serialnumb0_.docty as docty3_43_0_, serialnumb0_.docsq as docsq4_43_0_, serialnumb0_.buid as buid5_43_0_, serialnumb0_.inum as inum6_43_0_, serialnumb0_.snlot as snlot7_43_0_, lotmaster1_.ltbuid as ltbuid1_34_1_, lotmaster1_.ltinum as ltinum2_34_1_, lotmaster1_.ltsnlot as ltsnlot3_34_1_, lotmaster1_.ltcid as ltcid4_34_1_, lotmaster1_.ltdtin as ltdtin5_34_1_, lotmaster1_.lttmin as lttmin6_34_1_, lotmaster1_.ltuid as ltuid7_34_1_, lotmaster1_.ltdtlu as ltdtlu8_34_1_, lotmaster1_.lttmlu as lttmlu9_34_1_, lotmaster1_.ltuidm as ltuidm10_34_1_, lotmaster1_.ltbodt as ltbodt11_34_1_, lotmaster1_.ltbbdt as ltbbdt12_34_1_, lotmaster1_.ltcldt as ltcldt13_34_1_, lotmaster1_.ltexpdt as ltexpdt14_34_1_, lotmaster1_.ltldsc as ltldsc15_34_1_, lotmaster1_.ltledt as ltledt16_34_1_, lotmaster1_.ltlsc as ltlsc17_34_1_, lotmaster1_.ltmlot1 as ltmlot18_34_1_, lotmaster1_.ltmlot2 as ltmlot19_34_1_, lotmaster1_.ltmlot3 as ltmlot20_34_1_, lotmaster1_.ltohdt as ltohdt21_34_1_, lotmaster1_.ltsern as ltsern22_34_1_ from transaction_serialnumbers serialnumb0_ inner join t4108 lotmaster1_ on serialnumb0_.buid=lotmaster1_.ltbuid and serialnumb0_.inum=lotmaster1_.ltinum and serialnumb0_.snlot=lotmaster1_.ltsnlot where serialnumb0_.coid=? and serialnumb0_.docno=? and serialnumb0_.docty=? and serialnumb0_.docsq=?
Hibernate: select purchasere0_.ovcoid as ovcoid1_41_, purchasere0_.ovdocno as ovdocno2_41_, purchasere0_.ovdocty as ovdocty3_41_, purchasere0_.ovdocsq as ovdocsq4_41_, purchasere0_.ovcid as ovcid5_41_, purchasere0_.ovdtin as ovdtin6_41_, purchasere0_.ovtmin as ovtmin7_41_, purchasere0_.ovuid as ovuid8_41_, purchasere0_.ovdtlu as ovdtlu9_41_, purchasere0_.ovtmlu as ovtmlu10_41_, purchasere0_.ovuidm as ovuidm11_41_, purchasere0_.ovacid as ovacid12_41_, purchasere0_.ovcrcb as ovcrcb13_41_, purchasere0_.ovicu as ovicu14_41_, purchasere0_.ovicut as ovicut15_41_, purchasere0_.ovitc02 as ovitc16_41_, purchasere0_.ovbuid as ovbuid17_41_, purchasere0_.ovitc01 as ovitc18_41_, purchasere0_.ovcot as ovcot19_41_, purchasere0_.ovcnid as ovcnid20_41_, purchasere0_.ovcsdocdt as ovcsdoc21_41_, purchasere0_.ovcsdocno as ovcsdoc22_41_, purchasere0_.ovurtx as ovurtx23_41_, purchasere0_.ovdccd as ovdccd24_41_, purchasere0_.ovdcrt as ovdcrt25_41_, purchasere0_.ovdocdt as ovdocdt26_41_, purchasere0_.ovexcrt as ovexcrt27_41_, purchasere0_.ovexpdt as ovexpdt28_41_, purchasere0_.ovexcost as ovexcos29_41_, purchasere0_.ovfec as ovfec30_41_, purchasere0_.ovfta as ovfta31_41_, purchasere0_.ovftb as ovftb32_41_, purchasere0_.ovfuc as ovfuc33_41_, purchasere0_.ovglcls as ovglcls34_41_, purchasere0_.ovidd as ovidd35_41_, purchasere0_.ovidn as ovidn36_41_, purchasere0_.ovitt as ovitt37_41_, purchasere0_.ovdocidt as ovdocid38_41_, purchasere0_.ovdocino as ovdocin39_41_, purchasere0_.ovdocisq as ovdocis40_41_, purchasere0_.ovdocity as ovdocit41_41_, purchasere0_.ovinum as ovinum42_41_, purchasere0_.ovdesb1 as ovdesb43_41_, purchasere0_.ovlcrt as ovlcrt44_41_, purchasere0_.ovitc05 as ovitc45_41_, purchasere0_.ovlst as ovlst46_41_, purchasere0_.ovlvla as ovlvla47_41_, purchasere0_.ovlnty as ovlnty48_41_, purchasere0_.ovlocid as ovlocid49_41_, purchasere0_.ovmatc as ovmatc50_41_, purchasere0_.ovnst as ovnst51_41_, purchasere0_.ovobid as ovobid52_41_, purchasere0_.ovdocono as ovdocon53_41_, purchasere0_.ovdocosq as ovdocos54_41_, purchasere0_.ovdocoty as ovdocot55_41_, purchasere0_.ovordocno as ovordoc56_41_, purchasere0_.ovordocsq as ovordoc57_41_, purchasere0_.ovordocty as ovordoc58_41_, purchasere0_.ovptc as ovptc59_41_, purchasere0_.ovpoa as ovpoa60_41_, purchasere0_.ovpod as ovpod61_41_, purchasere0_.ovpqot as ovpqot62_41_, purchasere0_.ovuom1 as ovuom63_41_, purchasere0_.ovpjid as ovpjid64_41_, purchasere0_.ovpo03 as ovpo65_41_, purchasere0_.ovpo01 as ovpo66_41_, purchasere0_.ovpo02 as ovpo67_41_, purchasere0_.ovqty as ovqty68_41_, purchasere0_.ovrcdt as ovrcdt69_41_, purchasere0_.ovrecid as ovrecid70_41_, purchasere0_.ovvr04 as ovvr71_41_, purchasere0_.ovvr01 as ovvr72_41_, purchasere0_.ovvr03 as ovvr73_41_, purchasere0_.ovvr05 as ovvr74_41_, purchasere0_.ovvr02 as ovvr75_41_, purchasere0_.ovrtgc as ovrtgc76_41_, purchasere0_.ovsqot as ovsqot77_41_, purchasere0_.ovuom2 as ovuom78_41_, purchasere0_.ovsnlot as ovsnlot79_41_, purchasere0_.ovtaxal as ovtaxal80_41_, purchasere0_.ovtaxam as ovtaxam81_41_, purchasere0_.ovtaxab as ovtaxab82_41_, purchasere0_.ovtaxcd as ovtaxcd83_41_, purchasere0_.ovtaxidt as ovtaxid84_41_, purchasere0_.ovtaxino as ovtaxin85_41_, purchasere0_.ovtaxrt as ovtaxrt86_41_, purchasere0_.ovcrct as ovcrct87_41_, purchasere0_.ovitc03 as ovitc88_41_, purchasere0_.ovucf as ovucf89_41_, purchasere0_.ovuncost as ovuncos90_41_, purchasere0_.ovudc as ovudc91_41_, purchasere0_.ovudf as ovudf92_41_, purchasere0_.ovuom as ovuom93_41_, purchasere0_.ovvnid as ovvnid94_41_, purchasere0_.ovinvdt as ovinvdt95_41_, purchasere0_.ovinvno as ovinvno96_41_ from t4312 purchasere0_ where purchasere0_.ovcoid=? and purchasere0_.ovdocno=? and purchasere0_.ovdocty=?
Hibernate: select count(*) as col_0_0_ from t4312 purchasere0_ where purchasere0_.ovcoid=? and purchasere0_.ovdocno=? and purchasere0_.ovdocty=? and purchasere0_.ovdocsq=?
Hibernate: select purchasere0_.ovcoid as ovcoid1_41_, purchasere0_.ovdocno as ovdocno2_41_, purchasere0_.ovdocty as ovdocty3_41_, purchasere0_.ovdocsq as ovdocsq4_41_, purchasere0_.ovcid as ovcid5_41_, purchasere0_.ovdtin as ovdtin6_41_, purchasere0_.ovtmin as ovtmin7_41_, purchasere0_.ovuid as ovuid8_41_, purchasere0_.ovdtlu as ovdtlu9_41_, purchasere0_.ovtmlu as ovtmlu10_41_, purchasere0_.ovuidm as ovuidm11_41_, purchasere0_.ovacid as ovacid12_41_, purchasere0_.ovcrcb as ovcrcb13_41_, purchasere0_.ovicu as ovicu14_41_, purchasere0_.ovicut as ovicut15_41_, purchasere0_.ovitc02 as ovitc16_41_, purchasere0_.ovbuid as ovbuid17_41_, purchasere0_.ovitc01 as ovitc18_41_, purchasere0_.ovcot as ovcot19_41_, purchasere0_.ovcnid as ovcnid20_41_, purchasere0_.ovcsdocdt as ovcsdoc21_41_, purchasere0_.ovcsdocno as ovcsdoc22_41_, purchasere0_.ovurtx as ovurtx23_41_, purchasere0_.ovdccd as ovdccd24_41_, purchasere0_.ovdcrt as ovdcrt25_41_, purchasere0_.ovdocdt as ovdocdt26_41_, purchasere0_.ovexcrt as ovexcrt27_41_, purchasere0_.ovexpdt as ovexpdt28_41_, purchasere0_.ovexcost as ovexcos29_41_, purchasere0_.ovfec as ovfec30_41_, purchasere0_.ovfta as ovfta31_41_, purchasere0_.ovftb as ovftb32_41_, purchasere0_.ovfuc as ovfuc33_41_, purchasere0_.ovglcls as ovglcls34_41_, purchasere0_.ovidd as ovidd35_41_, purchasere0_.ovidn as ovidn36_41_, purchasere0_.ovitt as ovitt37_41_, purchasere0_.ovdocidt as ovdocid38_41_, purchasere0_.ovdocino as ovdocin39_41_, purchasere0_.ovdocisq as ovdocis40_41_, purchasere0_.ovdocity as ovdocit41_41_, purchasere0_.ovinum as ovinum42_41_, purchasere0_.ovdesb1 as ovdesb43_41_, purchasere0_.ovlcrt as ovlcrt44_41_, purchasere0_.ovitc05 as ovitc45_41_, purchasere0_.ovlst as ovlst46_41_, purchasere0_.ovlvla as ovlvla47_41_, purchasere0_.ovlnty as ovlnty48_41_, purchasere0_.ovlocid as ovlocid49_41_, purchasere0_.ovmatc as ovmatc50_41_, purchasere0_.ovnst as ovnst51_41_, purchasere0_.ovobid as ovobid52_41_, purchasere0_.ovdocono as ovdocon53_41_, purchasere0_.ovdocosq as ovdocos54_41_, purchasere0_.ovdocoty as ovdocot55_41_, purchasere0_.ovordocno as ovordoc56_41_, purchasere0_.ovordocsq as ovordoc57_41_, purchasere0_.ovordocty as ovordoc58_41_, purchasere0_.ovptc as ovptc59_41_, purchasere0_.ovpoa as ovpoa60_41_, purchasere0_.ovpod as ovpod61_41_, purchasere0_.ovpqot as ovpqot62_41_, purchasere0_.ovuom1 as ovuom63_41_, purchasere0_.ovpjid as ovpjid64_41_, purchasere0_.ovpo03 as ovpo65_41_, purchasere0_.ovpo01 as ovpo66_41_, purchasere0_.ovpo02 as ovpo67_41_, purchasere0_.ovqty as ovqty68_41_, purchasere0_.ovrcdt as ovrcdt69_41_, purchasere0_.ovrecid as ovrecid70_41_, purchasere0_.ovvr04 as ovvr71_41_, purchasere0_.ovvr01 as ovvr72_41_, purchasere0_.ovvr03 as ovvr73_41_, purchasere0_.ovvr05 as ovvr74_41_, purchasere0_.ovvr02 as ovvr75_41_, purchasere0_.ovrtgc as ovrtgc76_41_, purchasere0_.ovsqot as ovsqot77_41_, purchasere0_.ovuom2 as ovuom78_41_, purchasere0_.ovsnlot as ovsnlot79_41_, purchasere0_.ovtaxal as ovtaxal80_41_, purchasere0_.ovtaxam as ovtaxam81_41_, purchasere0_.ovtaxab as ovtaxab82_41_, purchasere0_.ovtaxcd as ovtaxcd83_41_, purchasere0_.ovtaxidt as ovtaxid84_41_, purchasere0_.ovtaxino as ovtaxin85_41_, purchasere0_.ovtaxrt as ovtaxrt86_41_, purchasere0_.ovcrct as ovcrct87_41_, purchasere0_.ovitc03 as ovitc88_41_, purchasere0_.ovucf as ovucf89_41_, purchasere0_.ovuncost as ovuncos90_41_, purchasere0_.ovudc as ovudc91_41_, purchasere0_.ovudf as ovudf92_41_, purchasere0_.ovuom as ovuom93_41_, purchasere0_.ovvnid as ovvnid94_41_, purchasere0_.ovinvdt as ovinvdt95_41_, purchasere0_.ovinvno as ovinvno96_41_ from t4312 purchasere0_ where purchasere0_.ovcoid=? and purchasere0_.ovdocno=? and purchasere0_.ovdocty=?
Hibernate: select itemmaster0_.iminum as iminum1_31_0_, itemmaster0_.imcid as imcid2_31_0_, itemmaster0_.imdtin as imdtin3_31_0_, itemmaster0_.imtmin as imtmin4_31_0_, itemmaster0_.imuid as imuid5_31_0_, itemmaster0_.imdtlu as imdtlu6_31_0_, itemmaster0_.imtmlu as imtmlu7_31_0_, itemmaster0_.imuidm as imuidm8_31_0_, itemmaster0_.iminumb as iminumb9_31_0_, itemmaster0_.imctm as imctm10_31_0_, itemmaster0_.imitc02 as imitc11_31_0_, itemmaster0_.imitc01 as imitc12_31_0_, itemmaster0_.imitc10 as imitc13_31_0_, itemmaster0_.imitc04 as imitc14_31_0_, itemmaster0_.imitc06 as imitc15_31_0_, itemmaster0_.imitc07 as imitc16_31_0_, itemmaster0_.imitc08 as imitc17_31_0_, itemmaster0_.imitc09 as imitc18_31_0_, itemmaster0_.imitc05 as imitc19_31_0_, itemmaster0_.imslrc0 as imslrc20_31_0_, itemmaster0_.imslrc1 as imslrc21_31_0_, itemmaster0_.imslrc2 as imslrc22_31_0_, itemmaster0_.imslrc3 as imslrc23_31_0_, itemmaster0_.imslrc4 as imslrc24_31_0_, itemmaster0_.imslrc5 as imslrc25_31_0_, itemmaster0_.imslrc6 as imslrc26_31_0_, itemmaster0_.imslrc7 as imslrc27_31_0_, itemmaster0_.imslrc8 as imslrc28_31_0_, itemmaster0_.imslrc9 as imslrc29_31_0_, itemmaster0_.imitc03 as imitc30_31_0_, itemmaster0_.imdesb1 as imdesb31_31_0_, itemmaster0_.imdesd1 as imdesd32_31_0_, itemmaster0_.imglcls as imglcls33_31_0_, itemmaster0_.imicl as imicl34_31_0_, itemmaster0_.imilc as imilc35_31_0_, itemmaster0_.iminums as iminums36_31_0_, itemmaster0_.imipg as imipg37_31_0_, itemmaster0_.imlsc as imlsc38_31_0_, itemmaster0_.imdaqc as imdaqc39_31_0_, itemmaster0_.imgscrt as imgscrt40_31_0_, itemmaster0_.imsiops as imsiops41_31_0_, itemmaster0_.imbpid as imbpid42_31_0_, itemmaster0_.imcsid as imcsid43_31_0_, itemmaster0_.imudf as imudf44_31_0_, itemmaster0_.impmmf as impmmf45_31_0_, itemmaster0_.imrbii as imrbii46_31_0_, itemmaster0_.imrbim as imrbim47_31_0_, itemmaster0_.imrbis as imrbis48_31_0_, itemmaster0_.imvnid as imvnid49_31_0_, itemmaster0_.imtaxpc as imtaxpc50_31_0_, itemmaster0_.imtaxsc as imtaxsc51_31_0_, itemmaster0_.iminump as iminump52_31_0_, itemmaster0_.implg as implg53_31_0_, itemmaster0_.imppl as imppl54_31_0_, itemmaster0_.imspl as imspl55_31_0_, itemmaster0_.imsnr as imsnr56_31_0_, itemmaster0_.imskty as imskty57_31_0_, itemmaster0_.imlnty as imlnty58_31_0_, itemmaster0_.imuom9 as imuom59_31_0_, itemmaster0_.imdppo as imdppo60_31_0_, itemmaster0_.imdlum as imdlum61_31_0_, itemmaster0_.imdlump as imdlump62_31_0_, itemmaster0_.imdlumt as imdlumt63_31_0_, itemmaster0_.imuom5 as imuom64_31_0_, itemmaster0_.imuom1 as imuom65_31_0_, itemmaster0_.imuom8 as imuom66_31_0_, itemmaster0_.imuom3 as imuom67_31_0_, itemmaster0_.imuom4 as imuom68_31_0_, itemmaster0_.imuom2 as imuom69_31_0_, itemmaster0_.imuom6 as imuom70_31_0_, itemmaster0_.imuoms as imuoms71_31_0_, itemmaster0_.imuomt as imuomt72_31_0_, itemmaster0_.imuomv as imuomv73_31_0_, itemmaster0_.imwcf as imwcf74_31_0_, itemmaster0_.imuomw as imuomw75_31_0_, itemmaster0_.imvict as imvict76_31_0_ from t4101 itemmaster0_ where itemmaster0_.iminum=?
Hibernate: select stocktrans0_.itcoid as itcoid1_35_0_, stocktrans0_.itdocno as itdocno2_35_0_, stocktrans0_.itdocty as itdocty3_35_0_, stocktrans0_.itdocsq as itdocsq4_35_0_, stocktrans0_.itcid as itcid5_35_0_, stocktrans0_.itdtin as itdtin6_35_0_, stocktrans0_.ittmin as ittmin7_35_0_, stocktrans0_.ituid as ituid8_35_0_, stocktrans0_.itdtlu as itdtlu9_35_0_, stocktrans0_.ittmlu as ittmlu10_35_0_, stocktrans0_.ituidm as ituidm11_35_0_, stocktrans0_.iticu as iticu12_35_0_, stocktrans0_.itpost as itpost13_35_0_, stocktrans0_.iticut as iticut14_35_0_, stocktrans0_.itanum as itanum15_35_0_, stocktrans0_.itst as itst16_35_0_, stocktrans0_.itbuid as itbuid17_35_0_, stocktrans0_.itdesb2 as itdesb18_35_0_, stocktrans0_.itdocdt as itdocdt19_35_0_, stocktrans0_.itdocmo as itdocmo20_35_0_, stocktrans0_.itdoctm as itdoctm21_35_0_, stocktrans0_.itdocyr as itdocyr22_35_0_, stocktrans0_.itexpdt as itexpdt23_35_0_, stocktrans0_.itexcost as itexcos24_35_0_, stocktrans0_.itft as itft25_35_0_, stocktrans0_.itglcls as itglcls26_35_0_, stocktrans0_.itgldt as itgldt27_35_0_, stocktrans0_.itipcd as itipcd28_35_0_, stocktrans0_.ititt as ititt29_35_0_, stocktrans0_.itinum as itinum30_35_0_, stocktrans0_.itdesb1 as itdesb31_35_0_, stocktrans0_.itlocid as itlocid32_35_0_, stocktrans0_.itobid as itobid33_35_0_, stocktrans0_.itdocono as itdocon34_35_0_, stocktrans0_.itdocosq as itdocos35_35_0_, stocktrans0_.itdocoty as itdocot36_35_0_, stocktrans0_.itpqot as itpqot37_35_0_, stocktrans0_.ituom1 as ituom38_35_0_, stocktrans0_.itqty as itqty39_35_0_, stocktrans0_.itrecid as itrecid40_35_0_, stocktrans0_.itrldocno as itrldoc41_35_0_, stocktrans0_.itrldocsq as itrldoc42_35_0_, stocktrans0_.itrldocty as itrldoc43_35_0_, stocktrans0_.itsqot as itsqot44_35_0_, stocktrans0_.ituom2 as ituom45_35_0_, stocktrans0_.itsnlot as itsnlot46_35_0_, stocktrans0_.itucf as itucf47_35_0_, stocktrans0_.ituncost as ituncos48_35_0_, stocktrans0_.ituom as ituom49_35_0_, stocktrans0_.itdvs as itdvs50_35_0_ from t4111 stocktrans0_ where stocktrans0_.itcoid=? and stocktrans0_.itdocno=? and stocktrans0_.itdocty=? and stocktrans0_.itdocsq=?
Hibernate: select itemmaster0_.iminum as iminum1_31_0_, itemmaster0_.imcid as imcid2_31_0_, itemmaster0_.imdtin as imdtin3_31_0_, itemmaster0_.imtmin as imtmin4_31_0_, itemmaster0_.imuid as imuid5_31_0_, itemmaster0_.imdtlu as imdtlu6_31_0_, itemmaster0_.imtmlu as imtmlu7_31_0_, itemmaster0_.imuidm as imuidm8_31_0_, itemmaster0_.iminumb as iminumb9_31_0_, itemmaster0_.imctm as imctm10_31_0_, itemmaster0_.imitc02 as imitc11_31_0_, itemmaster0_.imitc01 as imitc12_31_0_, itemmaster0_.imitc10 as imitc13_31_0_, itemmaster0_.imitc04 as imitc14_31_0_, itemmaster0_.imitc06 as imitc15_31_0_, itemmaster0_.imitc07 as imitc16_31_0_, itemmaster0_.imitc08 as imitc17_31_0_, itemmaster0_.imitc09 as imitc18_31_0_, itemmaster0_.imitc05 as imitc19_31_0_, itemmaster0_.imslrc0 as imslrc20_31_0_, itemmaster0_.imslrc1 as imslrc21_31_0_, itemmaster0_.imslrc2 as imslrc22_31_0_, itemmaster0_.imslrc3 as imslrc23_31_0_, itemmaster0_.imslrc4 as imslrc24_31_0_, itemmaster0_.imslrc5 as imslrc25_31_0_, itemmaster0_.imslrc6 as imslrc26_31_0_, itemmaster0_.imslrc7 as imslrc27_31_0_, itemmaster0_.imslrc8 as imslrc28_31_0_, itemmaster0_.imslrc9 as imslrc29_31_0_, itemmaster0_.imitc03 as imitc30_31_0_, itemmaster0_.imdesb1 as imdesb31_31_0_, itemmaster0_.imdesd1 as imdesd32_31_0_, itemmaster0_.imglcls as imglcls33_31_0_, itemmaster0_.imicl as imicl34_31_0_, itemmaster0_.imilc as imilc35_31_0_, itemmaster0_.iminums as iminums36_31_0_, itemmaster0_.imipg as imipg37_31_0_, itemmaster0_.imlsc as imlsc38_31_0_, itemmaster0_.imdaqc as imdaqc39_31_0_, itemmaster0_.imgscrt as imgscrt40_31_0_, itemmaster0_.imsiops as imsiops41_31_0_, itemmaster0_.imbpid as imbpid42_31_0_, itemmaster0_.imcsid as imcsid43_31_0_, itemmaster0_.imudf as imudf44_31_0_, itemmaster0_.impmmf as impmmf45_31_0_, itemmaster0_.imrbii as imrbii46_31_0_, itemmaster0_.imrbim as imrbim47_31_0_, itemmaster0_.imrbis as imrbis48_31_0_, itemmaster0_.imvnid as imvnid49_31_0_, itemmaster0_.imtaxpc as imtaxpc50_31_0_, itemmaster0_.imtaxsc as imtaxsc51_31_0_, itemmaster0_.iminump as iminump52_31_0_, itemmaster0_.implg as implg53_31_0_, itemmaster0_.imppl as imppl54_31_0_, itemmaster0_.imspl as imspl55_31_0_, itemmaster0_.imsnr as imsnr56_31_0_, itemmaster0_.imskty as imskty57_31_0_, itemmaster0_.imlnty as imlnty58_31_0_, itemmaster0_.imuom9 as imuom59_31_0_, itemmaster0_.imdppo as imdppo60_31_0_, itemmaster0_.imdlum as imdlum61_31_0_, itemmaster0_.imdlump as imdlump62_31_0_, itemmaster0_.imdlumt as imdlumt63_31_0_, itemmaster0_.imuom5 as imuom64_31_0_, itemmaster0_.imuom1 as imuom65_31_0_, itemmaster0_.imuom8 as imuom66_31_0_, itemmaster0_.imuom3 as imuom67_31_0_, itemmaster0_.imuom4 as imuom68_31_0_, itemmaster0_.imuom2 as imuom69_31_0_, itemmaster0_.imuom6 as imuom70_31_0_, itemmaster0_.imuoms as imuoms71_31_0_, itemmaster0_.imuomt as imuomt72_31_0_, itemmaster0_.imuomv as imuomv73_31_0_, itemmaster0_.imwcf as imwcf74_31_0_, itemmaster0_.imuomw as imuomw75_31_0_, itemmaster0_.imvict as imvict76_31_0_ from t4101 itemmaster0_ where itemmaster0_.iminum=?
Hibernate: select itemmaster0_.iminum as iminum1_31_0_, itemmaster0_.imcid as imcid2_31_0_, itemmaster0_.imdtin as imdtin3_31_0_, itemmaster0_.imtmin as imtmin4_31_0_, itemmaster0_.imuid as imuid5_31_0_, itemmaster0_.imdtlu as imdtlu6_31_0_, itemmaster0_.imtmlu as imtmlu7_31_0_, itemmaster0_.imuidm as imuidm8_31_0_, itemmaster0_.iminumb as iminumb9_31_0_, itemmaster0_.imctm as imctm10_31_0_, itemmaster0_.imitc02 as imitc11_31_0_, itemmaster0_.imitc01 as imitc12_31_0_, itemmaster0_.imitc10 as imitc13_31_0_, itemmaster0_.imitc04 as imitc14_31_0_, itemmaster0_.imitc06 as imitc15_31_0_, itemmaster0_.imitc07 as imitc16_31_0_, itemmaster0_.imitc08 as imitc17_31_0_, itemmaster0_.imitc09 as imitc18_31_0_, itemmaster0_.imitc05 as imitc19_31_0_, itemmaster0_.imslrc0 as imslrc20_31_0_, itemmaster0_.imslrc1 as imslrc21_31_0_, itemmaster0_.imslrc2 as imslrc22_31_0_, itemmaster0_.imslrc3 as imslrc23_31_0_, itemmaster0_.imslrc4 as imslrc24_31_0_, itemmaster0_.imslrc5 as imslrc25_31_0_, itemmaster0_.imslrc6 as imslrc26_31_0_, itemmaster0_.imslrc7 as imslrc27_31_0_, itemmaster0_.imslrc8 as imslrc28_31_0_, itemmaster0_.imslrc9 as imslrc29_31_0_, itemmaster0_.imitc03 as imitc30_31_0_, itemmaster0_.imdesb1 as imdesb31_31_0_, itemmaster0_.imdesd1 as imdesd32_31_0_, itemmaster0_.imglcls as imglcls33_31_0_, itemmaster0_.imicl as imicl34_31_0_, itemmaster0_.imilc as imilc35_31_0_, itemmaster0_.iminums as iminums36_31_0_, itemmaster0_.imipg as imipg37_31_0_, itemmaster0_.imlsc as imlsc38_31_0_, itemmaster0_.imdaqc as imdaqc39_31_0_, itemmaster0_.imgscrt as imgscrt40_31_0_, itemmaster0_.imsiops as imsiops41_31_0_, itemmaster0_.imbpid as imbpid42_31_0_, itemmaster0_.imcsid as imcsid43_31_0_, itemmaster0_.imudf as imudf44_31_0_, itemmaster0_.impmmf as impmmf45_31_0_, itemmaster0_.imrbii as imrbii46_31_0_, itemmaster0_.imrbim as imrbim47_31_0_, itemmaster0_.imrbis as imrbis48_31_0_, itemmaster0_.imvnid as imvnid49_31_0_, itemmaster0_.imtaxpc as imtaxpc50_31_0_, itemmaster0_.imtaxsc as imtaxsc51_31_0_, itemmaster0_.iminump as iminump52_31_0_, itemmaster0_.implg as implg53_31_0_, itemmaster0_.imppl as imppl54_31_0_, itemmaster0_.imspl as imspl55_31_0_, itemmaster0_.imsnr as imsnr56_31_0_, itemmaster0_.imskty as imskty57_31_0_, itemmaster0_.imlnty as imlnty58_31_0_, itemmaster0_.imuom9 as imuom59_31_0_, itemmaster0_.imdppo as imdppo60_31_0_, itemmaster0_.imdlum as imdlum61_31_0_, itemmaster0_.imdlump as imdlump62_31_0_, itemmaster0_.imdlumt as imdlumt63_31_0_, itemmaster0_.imuom5 as imuom64_31_0_, itemmaster0_.imuom1 as imuom65_31_0_, itemmaster0_.imuom8 as imuom66_31_0_, itemmaster0_.imuom3 as imuom67_31_0_, itemmaster0_.imuom4 as imuom68_31_0_, itemmaster0_.imuom2 as imuom69_31_0_, itemmaster0_.imuom6 as imuom70_31_0_, itemmaster0_.imuoms as imuoms71_31_0_, itemmaster0_.imuomt as imuomt72_31_0_, itemmaster0_.imuomv as imuomv73_31_0_, itemmaster0_.imwcf as imwcf74_31_0_, itemmaster0_.imuomw as imuomw75_31_0_, itemmaster0_.imvict as imvict76_31_0_ from t4101 itemmaster0_ where itemmaster0_.iminum=?
Hibernate: select lotmaster0_.ltbuid as ltbuid1_34_0_, lotmaster0_.ltinum as ltinum2_34_0_, lotmaster0_.ltsnlot as ltsnlot3_34_0_, lotmaster0_.ltcid as ltcid4_34_0_, lotmaster0_.ltdtin as ltdtin5_34_0_, lotmaster0_.lttmin as lttmin6_34_0_, lotmaster0_.ltuid as ltuid7_34_0_, lotmaster0_.ltdtlu as ltdtlu8_34_0_, lotmaster0_.lttmlu as lttmlu9_34_0_, lotmaster0_.ltuidm as ltuidm10_34_0_, lotmaster0_.ltbodt as ltbodt11_34_0_, lotmaster0_.ltbbdt as ltbbdt12_34_0_, lotmaster0_.ltcldt as ltcldt13_34_0_, lotmaster0_.ltexpdt as ltexpdt14_34_0_, lotmaster0_.ltldsc as ltldsc15_34_0_, lotmaster0_.ltledt as ltledt16_34_0_, lotmaster0_.ltlsc as ltlsc17_34_0_, lotmaster0_.ltmlot1 as ltmlot18_34_0_, lotmaster0_.ltmlot2 as ltmlot19_34_0_, lotmaster0_.ltmlot3 as ltmlot20_34_0_, lotmaster0_.ltohdt as ltohdt21_34_0_, lotmaster0_.ltsern as ltsern22_34_0_ from t4108 lotmaster0_ where lotmaster0_.ltbuid=? and lotmaster0_.ltinum=? and lotmaster0_.ltsnlot=?
Hibernate: select lotmaster0_.ltbuid as ltbuid1_34_0_, lotmaster0_.ltinum as ltinum2_34_0_, lotmaster0_.ltsnlot as ltsnlot3_34_0_, lotmaster0_.ltcid as ltcid4_34_0_, lotmaster0_.ltdtin as ltdtin5_34_0_, lotmaster0_.lttmin as lttmin6_34_0_, lotmaster0_.ltuid as ltuid7_34_0_, lotmaster0_.ltdtlu as ltdtlu8_34_0_, lotmaster0_.lttmlu as lttmlu9_34_0_, lotmaster0_.ltuidm as ltuidm10_34_0_, lotmaster0_.ltbodt as ltbodt11_34_0_, lotmaster0_.ltbbdt as ltbbdt12_34_0_, lotmaster0_.ltcldt as ltcldt13_34_0_, lotmaster0_.ltexpdt as ltexpdt14_34_0_, lotmaster0_.ltldsc as ltldsc15_34_0_, lotmaster0_.ltledt as ltledt16_34_0_, lotmaster0_.ltlsc as ltlsc17_34_0_, lotmaster0_.ltmlot1 as ltmlot18_34_0_, lotmaster0_.ltmlot2 as ltmlot19_34_0_, lotmaster0_.ltmlot3 as ltmlot20_34_0_, lotmaster0_.ltohdt as ltohdt21_34_0_, lotmaster0_.ltsern as ltsern22_34_0_ from t4108 lotmaster0_ where lotmaster0_.ltbuid=? and lotmaster0_.ltinum=? and lotmaster0_.ltsnlot=?
Hibernate: select lotmaster0_.ltbuid as ltbuid1_34_0_, lotmaster0_.ltinum as ltinum2_34_0_, lotmaster0_.ltsnlot as ltsnlot3_34_0_, lotmaster0_.ltcid as ltcid4_34_0_, lotmaster0_.ltdtin as ltdtin5_34_0_, lotmaster0_.lttmin as lttmin6_34_0_, lotmaster0_.ltuid as ltuid7_34_0_, lotmaster0_.ltdtlu as ltdtlu8_34_0_, lotmaster0_.lttmlu as lttmlu9_34_0_, lotmaster0_.ltuidm as ltuidm10_34_0_, lotmaster0_.ltbodt as ltbodt11_34_0_, lotmaster0_.ltbbdt as ltbbdt12_34_0_, lotmaster0_.ltcldt as ltcldt13_34_0_, lotmaster0_.ltexpdt as ltexpdt14_34_0_, lotmaster0_.ltldsc as ltldsc15_34_0_, lotmaster0_.ltledt as ltledt16_34_0_, lotmaster0_.ltlsc as ltlsc17_34_0_, lotmaster0_.ltmlot1 as ltmlot18_34_0_, lotmaster0_.ltmlot2 as ltmlot19_34_0_, lotmaster0_.ltmlot3 as ltmlot20_34_0_, lotmaster0_.ltohdt as ltohdt21_34_0_, lotmaster0_.ltsern as ltsern22_34_0_ from t4108 lotmaster0_ where lotmaster0_.ltbuid=? and lotmaster0_.ltinum=? and lotmaster0_.ltsnlot=?
Hibernate: select stocktrans0_.itcoid as itcoid1_35_0_, stocktrans0_.itdocno as itdocno2_35_0_, stocktrans0_.itdocty as itdocty3_35_0_, stocktrans0_.itdocsq as itdocsq4_35_0_, stocktrans0_.itcid as itcid5_35_0_, stocktrans0_.itdtin as itdtin6_35_0_, stocktrans0_.ittmin as ittmin7_35_0_, stocktrans0_.ituid as ituid8_35_0_, stocktrans0_.itdtlu as itdtlu9_35_0_, stocktrans0_.ittmlu as ittmlu10_35_0_, stocktrans0_.ituidm as ituidm11_35_0_, stocktrans0_.iticu as iticu12_35_0_, stocktrans0_.itpost as itpost13_35_0_, stocktrans0_.iticut as iticut14_35_0_, stocktrans0_.itanum as itanum15_35_0_, stocktrans0_.itst as itst16_35_0_, stocktrans0_.itbuid as itbuid17_35_0_, stocktrans0_.itdesb2 as itdesb18_35_0_, stocktrans0_.itdocdt as itdocdt19_35_0_, stocktrans0_.itdocmo as itdocmo20_35_0_, stocktrans0_.itdoctm as itdoctm21_35_0_, stocktrans0_.itdocyr as itdocyr22_35_0_, stocktrans0_.itexpdt as itexpdt23_35_0_, stocktrans0_.itexcost as itexcos24_35_0_, stocktrans0_.itft as itft25_35_0_, stocktrans0_.itglcls as itglcls26_35_0_, stocktrans0_.itgldt as itgldt27_35_0_, stocktrans0_.itipcd as itipcd28_35_0_, stocktrans0_.ititt as ititt29_35_0_, stocktrans0_.itinum as itinum30_35_0_, stocktrans0_.itdesb1 as itdesb31_35_0_, stocktrans0_.itlocid as itlocid32_35_0_, stocktrans0_.itobid as itobid33_35_0_, stocktrans0_.itdocono as itdocon34_35_0_, stocktrans0_.itdocosq as itdocos35_35_0_, stocktrans0_.itdocoty as itdocot36_35_0_, stocktrans0_.itpqot as itpqot37_35_0_, stocktrans0_.ituom1 as ituom38_35_0_, stocktrans0_.itqty as itqty39_35_0_, stocktrans0_.itrecid as itrecid40_35_0_, stocktrans0_.itrldocno as itrldoc41_35_0_, stocktrans0_.itrldocsq as itrldoc42_35_0_, stocktrans0_.itrldocty as itrldoc43_35_0_, stocktrans0_.itsqot as itsqot44_35_0_, stocktrans0_.ituom2 as ituom45_35_0_, stocktrans0_.itsnlot as itsnlot46_35_0_, stocktrans0_.itucf as itucf47_35_0_, stocktrans0_.ituncost as ituncos48_35_0_, stocktrans0_.ituom as ituom49_35_0_, stocktrans0_.itdvs as itdvs50_35_0_ from t4111 stocktrans0_ where stocktrans0_.itcoid=? and stocktrans0_.itdocno=? and stocktrans0_.itdocty=? and stocktrans0_.itdocsq=?
Hibernate: select purchasere0_.ovcoid as ovcoid1_41_0_, purchasere0_.ovdocno as ovdocno2_41_0_, purchasere0_.ovdocty as ovdocty3_41_0_, purchasere0_.ovdocsq as ovdocsq4_41_0_, purchasere0_.ovcid as ovcid5_41_0_, purchasere0_.ovdtin as ovdtin6_41_0_, purchasere0_.ovtmin as ovtmin7_41_0_, purchasere0_.ovuid as ovuid8_41_0_, purchasere0_.ovdtlu as ovdtlu9_41_0_, purchasere0_.ovtmlu as ovtmlu10_41_0_, purchasere0_.ovuidm as ovuidm11_41_0_, purchasere0_.ovacid as ovacid12_41_0_, purchasere0_.ovcrcb as ovcrcb13_41_0_, purchasere0_.ovicu as ovicu14_41_0_, purchasere0_.ovicut as ovicut15_41_0_, purchasere0_.ovitc02 as ovitc16_41_0_, purchasere0_.ovbuid as ovbuid17_41_0_, purchasere0_.ovitc01 as ovitc18_41_0_, purchasere0_.ovcot as ovcot19_41_0_, purchasere0_.ovcnid as ovcnid20_41_0_, purchasere0_.ovcsdocdt as ovcsdoc21_41_0_, purchasere0_.ovcsdocno as ovcsdoc22_41_0_, purchasere0_.ovurtx as ovurtx23_41_0_, purchasere0_.ovdccd as ovdccd24_41_0_, purchasere0_.ovdcrt as ovdcrt25_41_0_, purchasere0_.ovdocdt as ovdocdt26_41_0_, purchasere0_.ovexcrt as ovexcrt27_41_0_, purchasere0_.ovexpdt as ovexpdt28_41_0_, purchasere0_.ovexcost as ovexcos29_41_0_, purchasere0_.ovfec as ovfec30_41_0_, purchasere0_.ovfta as ovfta31_41_0_, purchasere0_.ovftb as ovftb32_41_0_, purchasere0_.ovfuc as ovfuc33_41_0_, purchasere0_.ovglcls as ovglcls34_41_0_, purchasere0_.ovidd as ovidd35_41_0_, purchasere0_.ovidn as ovidn36_41_0_, purchasere0_.ovitt as ovitt37_41_0_, purchasere0_.ovdocidt as ovdocid38_41_0_, purchasere0_.ovdocino as ovdocin39_41_0_, purchasere0_.ovdocisq as ovdocis40_41_0_, purchasere0_.ovdocity as ovdocit41_41_0_, purchasere0_.ovinum as ovinum42_41_0_, purchasere0_.ovdesb1 as ovdesb43_41_0_, purchasere0_.ovlcrt as ovlcrt44_41_0_, purchasere0_.ovitc05 as ovitc45_41_0_, purchasere0_.ovlst as ovlst46_41_0_, purchasere0_.ovlvla as ovlvla47_41_0_, purchasere0_.ovlnty as ovlnty48_41_0_, purchasere0_.ovlocid as ovlocid49_41_0_, purchasere0_.ovmatc as ovmatc50_41_0_, purchasere0_.ovnst as ovnst51_41_0_, purchasere0_.ovobid as ovobid52_41_0_, purchasere0_.ovdocono as ovdocon53_41_0_, purchasere0_.ovdocosq as ovdocos54_41_0_, purchasere0_.ovdocoty as ovdocot55_41_0_, purchasere0_.ovordocno as ovordoc56_41_0_, purchasere0_.ovordocsq as ovordoc57_41_0_, purchasere0_.ovordocty as ovordoc58_41_0_, purchasere0_.ovptc as ovptc59_41_0_, purchasere0_.ovpoa as ovpoa60_41_0_, purchasere0_.ovpod as ovpod61_41_0_, purchasere0_.ovpqot as ovpqot62_41_0_, purchasere0_.ovuom1 as ovuom63_41_0_, purchasere0_.ovpjid as ovpjid64_41_0_, purchasere0_.ovpo03 as ovpo65_41_0_, purchasere0_.ovpo01 as ovpo66_41_0_, purchasere0_.ovpo02 as ovpo67_41_0_, purchasere0_.ovqty as ovqty68_41_0_, purchasere0_.ovrcdt as ovrcdt69_41_0_, purchasere0_.ovrecid as ovrecid70_41_0_, purchasere0_.ovvr04 as ovvr71_41_0_, purchasere0_.ovvr01 as ovvr72_41_0_, purchasere0_.ovvr03 as ovvr73_41_0_, purchasere0_.ovvr05 as ovvr74_41_0_, purchasere0_.ovvr02 as ovvr75_41_0_, purchasere0_.ovrtgc as ovrtgc76_41_0_, purchasere0_.ovsqot as ovsqot77_41_0_, purchasere0_.ovuom2 as ovuom78_41_0_, purchasere0_.ovsnlot as ovsnlot79_41_0_, purchasere0_.ovtaxal as ovtaxal80_41_0_, purchasere0_.ovtaxam as ovtaxam81_41_0_, purchasere0_.ovtaxab as ovtaxab82_41_0_, purchasere0_.ovtaxcd as ovtaxcd83_41_0_, purchasere0_.ovtaxidt as ovtaxid84_41_0_, purchasere0_.ovtaxino as ovtaxin85_41_0_, purchasere0_.ovtaxrt as ovtaxrt86_41_0_, purchasere0_.ovcrct as ovcrct87_41_0_, purchasere0_.ovitc03 as ovitc88_41_0_, purchasere0_.ovucf as ovucf89_41_0_, purchasere0_.ovuncost as ovuncos90_41_0_, purchasere0_.ovudc as ovudc91_41_0_, purchasere0_.ovudf as ovudf92_41_0_, purchasere0_.ovuom as ovuom93_41_0_, purchasere0_.ovvnid as ovvnid94_41_0_, purchasere0_.ovinvdt as ovinvdt95_41_0_, purchasere0_.ovinvno as ovinvno96_41_0_ from t4312 purchasere0_ where purchasere0_.ovcoid=? and purchasere0_.ovdocno=? and purchasere0_.ovdocty=? and purchasere0_.ovdocsq=?
Hibernate: select purchasere0_.ovcoid as ovcoid1_41_0_, purchasere0_.ovdocno as ovdocno2_41_0_, purchasere0_.ovdocty as ovdocty3_41_0_, purchasere0_.ovdocsq as ovdocsq4_41_0_, purchasere0_.ovcid as ovcid5_41_0_, purchasere0_.ovdtin as ovdtin6_41_0_, purchasere0_.ovtmin as ovtmin7_41_0_, purchasere0_.ovuid as ovuid8_41_0_, purchasere0_.ovdtlu as ovdtlu9_41_0_, purchasere0_.ovtmlu as ovtmlu10_41_0_, purchasere0_.ovuidm as ovuidm11_41_0_, purchasere0_.ovacid as ovacid12_41_0_, purchasere0_.ovcrcb as ovcrcb13_41_0_, purchasere0_.ovicu as ovicu14_41_0_, purchasere0_.ovicut as ovicut15_41_0_, purchasere0_.ovitc02 as ovitc16_41_0_, purchasere0_.ovbuid as ovbuid17_41_0_, purchasere0_.ovitc01 as ovitc18_41_0_, purchasere0_.ovcot as ovcot19_41_0_, purchasere0_.ovcnid as ovcnid20_41_0_, purchasere0_.ovcsdocdt as ovcsdoc21_41_0_, purchasere0_.ovcsdocno as ovcsdoc22_41_0_, purchasere0_.ovurtx as ovurtx23_41_0_, purchasere0_.ovdccd as ovdccd24_41_0_, purchasere0_.ovdcrt as ovdcrt25_41_0_, purchasere0_.ovdocdt as ovdocdt26_41_0_, purchasere0_.ovexcrt as ovexcrt27_41_0_, purchasere0_.ovexpdt as ovexpdt28_41_0_, purchasere0_.ovexcost as ovexcos29_41_0_, purchasere0_.ovfec as ovfec30_41_0_, purchasere0_.ovfta as ovfta31_41_0_, purchasere0_.ovftb as ovftb32_41_0_, purchasere0_.ovfuc as ovfuc33_41_0_, purchasere0_.ovglcls as ovglcls34_41_0_, purchasere0_.ovidd as ovidd35_41_0_, purchasere0_.ovidn as ovidn36_41_0_, purchasere0_.ovitt as ovitt37_41_0_, purchasere0_.ovdocidt as ovdocid38_41_0_, purchasere0_.ovdocino as ovdocin39_41_0_, purchasere0_.ovdocisq as ovdocis40_41_0_, purchasere0_.ovdocity as ovdocit41_41_0_, purchasere0_.ovinum as ovinum42_41_0_, purchasere0_.ovdesb1 as ovdesb43_41_0_, purchasere0_.ovlcrt as ovlcrt44_41_0_, purchasere0_.ovitc05 as ovitc45_41_0_, purchasere0_.ovlst as ovlst46_41_0_, purchasere0_.ovlvla as ovlvla47_41_0_, purchasere0_.ovlnty as ovlnty48_41_0_, purchasere0_.ovlocid as ovlocid49_41_0_, purchasere0_.ovmatc as ovmatc50_41_0_, purchasere0_.ovnst as ovnst51_41_0_, purchasere0_.ovobid as ovobid52_41_0_, purchasere0_.ovdocono as ovdocon53_41_0_, purchasere0_.ovdocosq as ovdocos54_41_0_, purchasere0_.ovdocoty as ovdocot55_41_0_, purchasere0_.ovordocno as ovordoc56_41_0_, purchasere0_.ovordocsq as ovordoc57_41_0_, purchasere0_.ovordocty as ovordoc58_41_0_, purchasere0_.ovptc as ovptc59_41_0_, purchasere0_.ovpoa as ovpoa60_41_0_, purchasere0_.ovpod as ovpod61_41_0_, purchasere0_.ovpqot as ovpqot62_41_0_, purchasere0_.ovuom1 as ovuom63_41_0_, purchasere0_.ovpjid as ovpjid64_41_0_, purchasere0_.ovpo03 as ovpo65_41_0_, purchasere0_.ovpo01 as ovpo66_41_0_, purchasere0_.ovpo02 as ovpo67_41_0_, purchasere0_.ovqty as ovqty68_41_0_, purchasere0_.ovrcdt as ovrcdt69_41_0_, purchasere0_.ovrecid as ovrecid70_41_0_, purchasere0_.ovvr04 as ovvr71_41_0_, purchasere0_.ovvr01 as ovvr72_41_0_, purchasere0_.ovvr03 as ovvr73_41_0_, purchasere0_.ovvr05 as ovvr74_41_0_, purchasere0_.ovvr02 as ovvr75_41_0_, purchasere0_.ovrtgc as ovrtgc76_41_0_, purchasere0_.ovsqot as ovsqot77_41_0_, purchasere0_.ovuom2 as ovuom78_41_0_, purchasere0_.ovsnlot as ovsnlot79_41_0_, purchasere0_.ovtaxal as ovtaxal80_41_0_, purchasere0_.ovtaxam as ovtaxam81_41_0_, purchasere0_.ovtaxab as ovtaxab82_41_0_, purchasere0_.ovtaxcd as ovtaxcd83_41_0_, purchasere0_.ovtaxidt as ovtaxid84_41_0_, purchasere0_.ovtaxino as ovtaxin85_41_0_, purchasere0_.ovtaxrt as ovtaxrt86_41_0_, purchasere0_.ovcrct as ovcrct87_41_0_, purchasere0_.ovitc03 as ovitc88_41_0_, purchasere0_.ovucf as ovucf89_41_0_, purchasere0_.ovuncost as ovuncos90_41_0_, purchasere0_.ovudc as ovudc91_41_0_, purchasere0_.ovudf as ovudf92_41_0_, purchasere0_.ovuom as ovuom93_41_0_, purchasere0_.ovvnid as ovvnid94_41_0_, purchasere0_.ovinvdt as ovinvdt95_41_0_, purchasere0_.ovinvno as ovinvno96_41_0_ from t4312 purchasere0_ where purchasere0_.ovcoid=? and purchasere0_.ovdocno=? and purchasere0_.ovdocty=? and purchasere0_.ovdocsq=?
Hibernate: select purchasere0_.ovcoid as ovcoid1_41_0_, purchasere0_.ovdocno as ovdocno2_41_0_, purchasere0_.ovdocty as ovdocty3_41_0_, purchasere0_.ovdocsq as ovdocsq4_41_0_, purchasere0_.ovcid as ovcid5_41_0_, purchasere0_.ovdtin as ovdtin6_41_0_, purchasere0_.ovtmin as ovtmin7_41_0_, purchasere0_.ovuid as ovuid8_41_0_, purchasere0_.ovdtlu as ovdtlu9_41_0_, purchasere0_.ovtmlu as ovtmlu10_41_0_, purchasere0_.ovuidm as ovuidm11_41_0_, purchasere0_.ovacid as ovacid12_41_0_, purchasere0_.ovcrcb as ovcrcb13_41_0_, purchasere0_.ovicu as ovicu14_41_0_, purchasere0_.ovicut as ovicut15_41_0_, purchasere0_.ovitc02 as ovitc16_41_0_, purchasere0_.ovbuid as ovbuid17_41_0_, purchasere0_.ovitc01 as ovitc18_41_0_, purchasere0_.ovcot as ovcot19_41_0_, purchasere0_.ovcnid as ovcnid20_41_0_, purchasere0_.ovcsdocdt as ovcsdoc21_41_0_, purchasere0_.ovcsdocno as ovcsdoc22_41_0_, purchasere0_.ovurtx as ovurtx23_41_0_, purchasere0_.ovdccd as ovdccd24_41_0_, purchasere0_.ovdcrt as ovdcrt25_41_0_, purchasere0_.ovdocdt as ovdocdt26_41_0_, purchasere0_.ovexcrt as ovexcrt27_41_0_, purchasere0_.ovexpdt as ovexpdt28_41_0_, purchasere0_.ovexcost as ovexcos29_41_0_, purchasere0_.ovfec as ovfec30_41_0_, purchasere0_.ovfta as ovfta31_41_0_, purchasere0_.ovftb as ovftb32_41_0_, purchasere0_.ovfuc as ovfuc33_41_0_, purchasere0_.ovglcls as ovglcls34_41_0_, purchasere0_.ovidd as ovidd35_41_0_, purchasere0_.ovidn as ovidn36_41_0_, purchasere0_.ovitt as ovitt37_41_0_, purchasere0_.ovdocidt as ovdocid38_41_0_, purchasere0_.ovdocino as ovdocin39_41_0_, purchasere0_.ovdocisq as ovdocis40_41_0_, purchasere0_.ovdocity as ovdocit41_41_0_, purchasere0_.ovinum as ovinum42_41_0_, purchasere0_.ovdesb1 as ovdesb43_41_0_, purchasere0_.ovlcrt as ovlcrt44_41_0_, purchasere0_.ovitc05 as ovitc45_41_0_, purchasere0_.ovlst as ovlst46_41_0_, purchasere0_.ovlvla as ovlvla47_41_0_, purchasere0_.ovlnty as ovlnty48_41_0_, purchasere0_.ovlocid as ovlocid49_41_0_, purchasere0_.ovmatc as ovmatc50_41_0_, purchasere0_.ovnst as ovnst51_41_0_, purchasere0_.ovobid as ovobid52_41_0_, purchasere0_.ovdocono as ovdocon53_41_0_, purchasere0_.ovdocosq as ovdocos54_41_0_, purchasere0_.ovdocoty as ovdocot55_41_0_, purchasere0_.ovordocno as ovordoc56_41_0_, purchasere0_.ovordocsq as ovordoc57_41_0_, purchasere0_.ovordocty as ovordoc58_41_0_, purchasere0_.ovptc as ovptc59_41_0_, purchasere0_.ovpoa as ovpoa60_41_0_, purchasere0_.ovpod as ovpod61_41_0_, purchasere0_.ovpqot as ovpqot62_41_0_, purchasere0_.ovuom1 as ovuom63_41_0_, purchasere0_.ovpjid as ovpjid64_41_0_, purchasere0_.ovpo03 as ovpo65_41_0_, purchasere0_.ovpo01 as ovpo66_41_0_, purchasere0_.ovpo02 as ovpo67_41_0_, purchasere0_.ovqty as ovqty68_41_0_, purchasere0_.ovrcdt as ovrcdt69_41_0_, purchasere0_.ovrecid as ovrecid70_41_0_, purchasere0_.ovvr04 as ovvr71_41_0_, purchasere0_.ovvr01 as ovvr72_41_0_, purchasere0_.ovvr03 as ovvr73_41_0_, purchasere0_.ovvr05 as ovvr74_41_0_, purchasere0_.ovvr02 as ovvr75_41_0_, purchasere0_.ovrtgc as ovrtgc76_41_0_, purchasere0_.ovsqot as ovsqot77_41_0_, purchasere0_.ovuom2 as ovuom78_41_0_, purchasere0_.ovsnlot as ovsnlot79_41_0_, purchasere0_.ovtaxal as ovtaxal80_41_0_, purchasere0_.ovtaxam as ovtaxam81_41_0_, purchasere0_.ovtaxab as ovtaxab82_41_0_, purchasere0_.ovtaxcd as ovtaxcd83_41_0_, purchasere0_.ovtaxidt as ovtaxid84_41_0_, purchasere0_.ovtaxino as ovtaxin85_41_0_, purchasere0_.ovtaxrt as ovtaxrt86_41_0_, purchasere0_.ovcrct as ovcrct87_41_0_, purchasere0_.ovitc03 as ovitc88_41_0_, purchasere0_.ovucf as ovucf89_41_0_, purchasere0_.ovuncost as ovuncos90_41_0_, purchasere0_.ovudc as ovudc91_41_0_, purchasere0_.ovudf as ovudf92_41_0_, purchasere0_.ovuom as ovuom93_41_0_, purchasere0_.ovvnid as ovvnid94_41_0_, purchasere0_.ovinvdt as ovinvdt95_41_0_, purchasere0_.ovinvno as ovinvno96_41_0_ from t4312 purchasere0_ where purchasere0_.ovcoid=? and purchasere0_.ovdocno=? and purchasere0_.ovdocty=? and purchasere0_.ovdocsq=?
Hibernate: insert into t4111 (itcid, itdtin, ittmin, ituid, itdtlu, ittmlu, ituidm, iticu, itpost, iticut, itanum, itst, itbuid, itdesb2, itdocdt, itdocmo, itdoctm, itdocyr, itexpdt, itexcost, itft, itglcls, itgldt, itipcd, ititt, itinum, itdesb1, itlocid, itobid, itdocono, itdocosq, itdocoty, itpqot, ituom1, itqty, itrecid, itrldocno, itrldocsq, itrldocty, itsqot, ituom2, itsnlot, itucf, ituncost, ituom, itdvs, itcoid, itdocno, itdocty, itdocsq) values (?, ?, ?, ?, ?, ?, ?, ?, ?, ?, ?, ?, ?, ?, ?, ?, ?, ?, ?, ?, ?, ?, ?, ?, ?, ?, ?, ?, ?, ?, ?, ?, ?, ?, ?, ?, ?, ?, ?, ?, ?, ?, ?, ?, ?, ?, ?, ?, ?, ?)
Hibernate: insert into t4108 (ltcid, ltdtin, lttmin, ltuid, ltdtlu, lttmlu, ltuidm, ltbodt, ltbbdt, ltcldt, ltexpdt, ltldsc, ltledt, ltlsc, ltmlot1, ltmlot2, ltmlot3, ltohdt, ltsern, ltbuid, ltinum, ltsnlot) values (?, ?, ?, ?, ?, ?, ?, ?, ?, ?, ?, ?, ?, ?, ?, ?, ?, ?, ?, ?, ?, ?)
Hibernate: insert into t4108 (ltcid, ltdtin, lttmin, ltuid, ltdtlu, lttmlu, ltuidm, ltbodt, ltbbdt, ltcldt, ltexpdt, ltldsc, ltledt, ltlsc, ltmlot1, ltmlot2, ltmlot3, ltohdt, ltsern, ltbuid, ltinum, ltsnlot) values (?, ?, ?, ?, ?, ?, ?, ?, ?, ?, ?, ?, ?, ?, ?, ?, ?, ?, ?, ?, ?, ?)
Hibernate: insert into t4108 (ltcid, ltdtin, lttmin, ltuid, ltdtlu, lttmlu, ltuidm, ltbodt, ltbbdt, ltcldt, ltexpdt, ltldsc, ltledt, ltlsc, ltmlot1, ltmlot2, ltmlot3, ltohdt, ltsern, ltbuid, ltinum, ltsnlot) values (?, ?, ?, ?, ?, ?, ?, ?, ?, ?, ?, ?, ?, ?, ?, ?, ?, ?, ?, ?, ?, ?)
Hibernate: insert into t4111 (itcid, itdtin, ittmin, ituid, itdtlu, ittmlu, ituidm, iticu, itpost, iticut, itanum, itst, itbuid, itdesb2, itdocdt, itdocmo, itdoctm, itdocyr, itexpdt, itexcost, itft, itglcls, itgldt, itipcd, ititt, itinum, itdesb1, itlocid, itobid, itdocono, itdocosq, itdocoty, itpqot, ituom1, itqty, itrecid, itrldocno, itrldocsq, itrldocty, itsqot, ituom2, itsnlot, itucf, ituncost, ituom, itdvs, itcoid, itdocno, itdocty, itdocsq) values (?, ?, ?, ?, ?, ?, ?, ?, ?, ?, ?, ?, ?, ?, ?, ?, ?, ?, ?, ?, ?, ?, ?, ?, ?, ?, ?, ?, ?, ?, ?, ?, ?, ?, ?, ?, ?, ?, ?, ?, ?, ?, ?, ?, ?, ?, ?, ?, ?, ?)
Hibernate: insert into t4312 (ovcid, ovdtin, ovtmin, ovuid, ovdtlu, ovtmlu, ovuidm, ovacid, ovcrcb, ovicu, ovicut, ovitc02, ovbuid, ovitc01, ovcot, ovcnid, ovcsdocdt, ovcsdocno, ovurtx, ovdccd, ovdcrt, ovdocdt, ovexcrt, ovexpdt, ovexcost, ovfec, ovfta, ovftb, ovfuc, ovglcls, ovidd, ovidn, ovitt, ovdocidt, ovdocino, ovdocisq, ovdocity, ovinum, ovdesb1, ovlcrt, ovitc05, ovlst, ovlvla, ovlnty, ovlocid, ovmatc, ovnst, ovobid, ovdocono, ovdocosq, ovdocoty, ovordocno, ovordocsq, ovordocty, ovptc, ovpoa, ovpod, ovpqot, ovuom1, ovpjid, ovpo03, ovpo01, ovpo02, ovqty, ovrcdt, ovrecid, ovvr04, ovvr01, ovvr03, ovvr05, ovvr02, ovrtgc, ovsqot, ovuom2, ovsnlot, ovtaxal, ovtaxam, ovtaxab, ovtaxcd, ovtaxidt, ovtaxino, ovtaxrt, ovcrct, ovitc03, ovucf, ovuncost, ovudc, ovudf, ovuom, ovvnid, ovinvdt, ovinvno, ovcoid, ovdocno, ovdocty, ovdocsq) values (?, ?, ?, ?, ?, ?, ?, ?, ?, ?, ?, ?, ?, ?, ?, ?, ?, ?, ?, ?, ?, ?, ?, ?, ?, ?, ?, ?, ?, ?, ?, ?, ?, ?, ?, ?, ?, ?, ?, ?, ?, ?, ?, ?, ?, ?, ?, ?, ?, ?, ?, ?, ?, ?, ?, ?, ?, ?, ?, ?, ?, ?, ?, ?, ?, ?, ?, ?, ?, ?, ?, ?, ?, ?, ?, ?, ?, ?, ?, ?, ?, ?, ?, ?, ?, ?, ?, ?, ?, ?, ?, ?, ?, ?, ?, ?)
Hibernate: insert into t4312 (ovcid, ovdtin, ovtmin, ovuid, ovdtlu, ovtmlu, ovuidm, ovacid, ovcrcb, ovicu, ovicut, ovitc02, ovbuid, ovitc01, ovcot, ovcnid, ovcsdocdt, ovcsdocno, ovurtx, ovdccd, ovdcrt, ovdocdt, ovexcrt, ovexpdt, ovexcost, ovfec, ovfta, ovftb, ovfuc, ovglcls, ovidd, ovidn, ovitt, ovdocidt, ovdocino, ovdocisq, ovdocity, ovinum, ovdesb1, ovlcrt, ovitc05, ovlst, ovlvla, ovlnty, ovlocid, ovmatc, ovnst, ovobid, ovdocono, ovdocosq, ovdocoty, ovordocno, ovordocsq, ovordocty, ovptc, ovpoa, ovpod, ovpqot, ovuom1, ovpjid, ovpo03, ovpo01, ovpo02, ovqty, ovrcdt, ovrecid, ovvr04, ovvr01, ovvr03, ovvr05, ovvr02, ovrtgc, ovsqot, ovuom2, ovsnlot, ovtaxal, ovtaxam, ovtaxab, ovtaxcd, ovtaxidt, ovtaxino, ovtaxrt, ovcrct, ovitc03, ovucf, ovuncost, ovudc, ovudf, ovuom, ovvnid, ovinvdt, ovinvno, ovcoid, ovdocno, ovdocty, ovdocsq) values (?, ?, ?, ?, ?, ?, ?, ?, ?, ?, ?, ?, ?, ?, ?, ?, ?, ?, ?, ?, ?, ?, ?, ?, ?, ?, ?, ?, ?, ?, ?, ?, ?, ?, ?, ?, ?, ?, ?, ?, ?, ?, ?, ?, ?, ?, ?, ?, ?, ?, ?, ?, ?, ?, ?, ?, ?, ?, ?, ?, ?, ?, ?, ?, ?, ?, ?, ?, ?, ?, ?, ?, ?, ?, ?, ?, ?, ?, ?, ?, ?, ?, ?, ?, ?, ?, ?, ?, ?, ?, ?, ?, ?, ?, ?, ?)
Hibernate: insert into t4312 (ovcid, ovdtin, ovtmin, ovuid, ovdtlu, ovtmlu, ovuidm, ovacid, ovcrcb, ovicu, ovicut, ovitc02, ovbuid, ovitc01, ovcot, ovcnid, ovcsdocdt, ovcsdocno, ovurtx, ovdccd, ovdcrt, ovdocdt, ovexcrt, ovexpdt, ovexcost, ovfec, ovfta, ovftb, ovfuc, ovglcls, ovidd, ovidn, ovitt, ovdocidt, ovdocino, ovdocisq, ovdocity, ovinum, ovdesb1, ovlcrt, ovitc05, ovlst, ovlvla, ovlnty, ovlocid, ovmatc, ovnst, ovobid, ovdocono, ovdocosq, ovdocoty, ovordocno, ovordocsq, ovordocty, ovptc, ovpoa, ovpod, ovpqot, ovuom1, ovpjid, ovpo03, ovpo01, ovpo02, ovqty, ovrcdt, ovrecid, ovvr04, ovvr01, ovvr03, ovvr05, ovvr02, ovrtgc, ovsqot, ovuom2, ovsnlot, ovtaxal, ovtaxam, ovtaxab, ovtaxcd, ovtaxidt, ovtaxino, ovtaxrt, ovcrct, ovitc03, ovucf, ovuncost, ovudc, ovudf, ovuom, ovvnid, ovinvdt, ovinvno, ovcoid, ovdocno, ovdocty, ovdocsq) values (?, ?, ?, ?, ?, ?, ?, ?, ?, ?, ?, ?, ?, ?, ?, ?, ?, ?, ?, ?, ?, ?, ?, ?, ?, ?, ?, ?, ?, ?, ?, ?, ?, ?, ?, ?, ?, ?, ?, ?, ?, ?, ?, ?, ?, ?, ?, ?, ?, ?, ?, ?, ?, ?, ?, ?, ?, ?, ?, ?, ?, ?, ?, ?, ?, ?, ?, ?, ?, ?, ?, ?, ?, ?, ?, ?, ?, ?, ?, ?, ?, ?, ?, ?, ?, ?, ?, ?, ?, ?, ?, ?, ?, ?, ?, ?)
Hibernate: update t4311 set odcid=?, oddtlu=?, odtmlu=?, oduidm=?, odacid=?, odaprcd=?, odcrcb=?, oditc02=?, odbuid=?, odqtycl=?, oditc01=?, odcldt=?, odcsid=?, oddccd=?, oddcrt=?, odexcrt=?, odexcost=?, odqtyx=?, oducfx=?, oduncostx=?, oduomx=?, odfec=?, odfta=?, odftb=?, odfuc=?, odglcls=?, odgldt=?, odir02=?, odir01=?, odir03=?, odinum=?, oddesb1=?, oditc05=?, odlst=?, odlnty=?, odlocid=?, odnst=?, odobid=?, odqtyop=?, odordt=?, odqtyor=?, odott=?, odordocdt=?, odordocno=?, odordocsq=?, odordocty=?, odptc=?, odpqor=?, oduom1=?, odpjid=?, odpddt=?, odpo03=?, odpo01=?, odpo02=?, odqty=?, odrcdt=?, odqtyrc=?, odstid=?, odvr04=?, odvr01=?, odvr03=?, odvr05=?, odvr02=?, odrldocno=?, odrldocsq=?, odrldocty=?, odrqdt=?, odqtyrn=?, odsqor=?, oduom2=?, odsnlot=?, odtaxal=?, odtaxam=?, odtaxab=?, odtaxcd=?, odtaxrt=?, odcrct=?, oditc03=?, oducf=?, oduncost=?, odudc=?, odudf=?, oduom=?, odvnid=? where odcoid=? and oddocono=? and oddocosq=? and oddocoty=?
Hibernate: update t4311 set odcid=?, oddtlu=?, odtmlu=?, oduidm=?, odacid=?, odaprcd=?, odcrcb=?, oditc02=?, odbuid=?, odqtycl=?, oditc01=?, odcldt=?, odcsid=?, oddccd=?, oddcrt=?, odexcrt=?, odexcost=?, odqtyx=?, oducfx=?, oduncostx=?, oduomx=?, odfec=?, odfta=?, odftb=?, odfuc=?, odglcls=?, odgldt=?, odir02=?, odir01=?, odir03=?, odinum=?, oddesb1=?, oditc05=?, odlst=?, odlnty=?, odlocid=?, odnst=?, odobid=?, odqtyop=?, odordt=?, odqtyor=?, odott=?, odordocdt=?, odordocno=?, odordocsq=?, odordocty=?, odptc=?, odpqor=?, oduom1=?, odpjid=?, odpddt=?, odpo03=?, odpo01=?, odpo02=?, odqty=?, odrcdt=?, odqtyrc=?, odstid=?, odvr04=?, odvr01=?, odvr03=?, odvr05=?, odvr02=?, odrldocno=?, odrldocsq=?, odrldocty=?, odrqdt=?, odqtyrn=?, odsqor=?, oduom2=?, odsnlot=?, odtaxal=?, odtaxam=?, odtaxab=?, odtaxcd=?, odtaxrt=?, odcrct=?, oditc03=?, oducf=?, oduncost=?, odudc=?, odudf=?, oduom=?, odvnid=? where odcoid=? and oddocono=? and oddocosq=? and oddocoty=?
Hibernate: update t4311 set odcid=?, oddtlu=?, odtmlu=?, oduidm=?, odacid=?, odaprcd=?, odcrcb=?, oditc02=?, odbuid=?, odqtycl=?, oditc01=?, odcldt=?, odcsid=?, oddccd=?, oddcrt=?, odexcrt=?, odexcost=?, odqtyx=?, oducfx=?, oduncostx=?, oduomx=?, odfec=?, odfta=?, odftb=?, odfuc=?, odglcls=?, odgldt=?, odir02=?, odir01=?, odir03=?, odinum=?, oddesb1=?, oditc05=?, odlst=?, odlnty=?, odlocid=?, odnst=?, odobid=?, odqtyop=?, odordt=?, odqtyor=?, odott=?, odordocdt=?, odordocno=?, odordocsq=?, odordocty=?, odptc=?, odpqor=?, oduom1=?, odpjid=?, odpddt=?, odpo03=?, odpo01=?, odpo02=?, odqty=?, odrcdt=?, odqtyrc=?, odstid=?, odvr04=?, odvr01=?, odvr03=?, odvr05=?, odvr02=?, odrldocno=?, odrldocsq=?, odrldocty=?, odrqdt=?, odqtyrn=?, odsqor=?, oduom2=?, odsnlot=?, odtaxal=?, odtaxam=?, odtaxab=?, odtaxcd=?, odtaxrt=?, odcrct=?, oditc03=?, oducf=?, oduncost=?, odudc=?, odudf=?, oduom=?, odvnid=? where odcoid=? and oddocono=? and oddocosq=? and oddocoty=?
Hibernate: insert into transaction_serialnumbers (coid, docno, docty, docsq, buid, inum, snlot) values (?, ?, ?, ?, ?, ?, ?)
Hibernate: insert into transaction_serialnumbers (coid, docno, docty, docsq, buid, inum, snlot) values (?, ?, ?, ?, ?, ?, ?)
Hibernate: insert into transaction_serialnumbers (coid, docno, docty, docsq, buid, inum, snlot) values (?, ?, ?, ?, ?, ?, ?)
Hibernate: select purchasere0_.ovcoid as ovcoid1_41_, purchasere0_.ovdocno as ovdocno2_41_, purchasere0_.ovdocty as ovdocty3_41_, purchasere0_.ovdocsq as ovdocsq4_41_, purchasere0_.ovcid as ovcid5_41_, purchasere0_.ovdtin as ovdtin6_41_, purchasere0_.ovtmin as ovtmin7_41_, purchasere0_.ovuid as ovuid8_41_, purchasere0_.ovdtlu as ovdtlu9_41_, purchasere0_.ovtmlu as ovtmlu10_41_, purchasere0_.ovuidm as ovuidm11_41_, purchasere0_.ovacid as ovacid12_41_, purchasere0_.ovcrcb as ovcrcb13_41_, purchasere0_.ovicu as ovicu14_41_, purchasere0_.ovicut as ovicut15_41_, purchasere0_.ovitc02 as ovitc16_41_, purchasere0_.ovbuid as ovbuid17_41_, purchasere0_.ovitc01 as ovitc18_41_, purchasere0_.ovcot as ovcot19_41_, purchasere0_.ovcnid as ovcnid20_41_, purchasere0_.ovcsdocdt as ovcsdoc21_41_, purchasere0_.ovcsdocno as ovcsdoc22_41_, purchasere0_.ovurtx as ovurtx23_41_, purchasere0_.ovdccd as ovdccd24_41_, purchasere0_.ovdcrt as ovdcrt25_41_, purchasere0_.ovdocdt as ovdocdt26_41_, purchasere0_.ovexcrt as ovexcrt27_41_, purchasere0_.ovexpdt as ovexpdt28_41_, purchasere0_.ovexcost as ovexcos29_41_, purchasere0_.ovfec as ovfec30_41_, purchasere0_.ovfta as ovfta31_41_, purchasere0_.ovftb as ovftb32_41_, purchasere0_.ovfuc as ovfuc33_41_, purchasere0_.ovglcls as ovglcls34_41_, purchasere0_.ovidd as ovidd35_41_, purchasere0_.ovidn as ovidn36_41_, purchasere0_.ovitt as ovitt37_41_, purchasere0_.ovdocidt as ovdocid38_41_, purchasere0_.ovdocino as ovdocin39_41_, purchasere0_.ovdocisq as ovdocis40_41_, purchasere0_.ovdocity as ovdocit41_41_, purchasere0_.ovinum as ovinum42_41_, purchasere0_.ovdesb1 as ovdesb43_41_, purchasere0_.ovlcrt as ovlcrt44_41_, purchasere0_.ovitc05 as ovitc45_41_, purchasere0_.ovlst as ovlst46_41_, purchasere0_.ovlvla as ovlvla47_41_, purchasere0_.ovlnty as ovlnty48_41_, purchasere0_.ovlocid as ovlocid49_41_, purchasere0_.ovmatc as ovmatc50_41_, purchasere0_.ovnst as ovnst51_41_, purchasere0_.ovobid as ovobid52_41_, purchasere0_.ovdocono as ovdocon53_41_, purchasere0_.ovdocosq as ovdocos54_41_, purchasere0_.ovdocoty as ovdocot55_41_, purchasere0_.ovordocno as ovordoc56_41_, purchasere0_.ovordocsq as ovordoc57_41_, purchasere0_.ovordocty as ovordoc58_41_, purchasere0_.ovptc as ovptc59_41_, purchasere0_.ovpoa as ovpoa60_41_, purchasere0_.ovpod as ovpod61_41_, purchasere0_.ovpqot as ovpqot62_41_, purchasere0_.ovuom1 as ovuom63_41_, purchasere0_.ovpjid as ovpjid64_41_, purchasere0_.ovpo03 as ovpo65_41_, purchasere0_.ovpo01 as ovpo66_41_, purchasere0_.ovpo02 as ovpo67_41_, purchasere0_.ovqty as ovqty68_41_, purchasere0_.ovrcdt as ovrcdt69_41_, purchasere0_.ovrecid as ovrecid70_41_, purchasere0_.ovvr04 as ovvr71_41_, purchasere0_.ovvr01 as ovvr72_41_, purchasere0_.ovvr03 as ovvr73_41_, purchasere0_.ovvr05 as ovvr74_41_, purchasere0_.ovvr02 as ovvr75_41_, purchasere0_.ovrtgc as ovrtgc76_41_, purchasere0_.ovsqot as ovsqot77_41_, purchasere0_.ovuom2 as ovuom78_41_, purchasere0_.ovsnlot as ovsnlot79_41_, purchasere0_.ovtaxal as ovtaxal80_41_, purchasere0_.ovtaxam as ovtaxam81_41_, purchasere0_.ovtaxab as ovtaxab82_41_, purchasere0_.ovtaxcd as ovtaxcd83_41_, purchasere0_.ovtaxidt as ovtaxid84_41_, purchasere0_.ovtaxino as ovtaxin85_41_, purchasere0_.ovtaxrt as ovtaxrt86_41_, purchasere0_.ovcrct as ovcrct87_41_, purchasere0_.ovitc03 as ovitc88_41_, purchasere0_.ovucf as ovucf89_41_, purchasere0_.ovuncost as ovuncos90_41_, purchasere0_.ovudc as ovudc91_41_, purchasere0_.ovudf as ovudf92_41_, purchasere0_.ovuom as ovuom93_41_, purchasere0_.ovvnid as ovvnid94_41_, purchasere0_.ovinvdt as ovinvdt95_41_, purchasere0_.ovinvno as ovinvno96_41_ from t4312 purchasere0_ where purchasere0_.ovcoid=? and purchasere0_.ovdocno=? and purchasere0_.ovdocty=?
Hibernate: select purchasere0_.ovcoid as ovcoid1_41_0_, purchasere0_.ovdocno as ovdocno2_41_0_, purchasere0_.ovdocty as ovdocty3_41_0_, purchasere0_.ovdocsq as ovdocsq4_41_0_, purchasere0_.ovcid as ovcid5_41_0_, purchasere0_.ovdtin as ovdtin6_41_0_, purchasere0_.ovtmin as ovtmin7_41_0_, purchasere0_.ovuid as ovuid8_41_0_, purchasere0_.ovdtlu as ovdtlu9_41_0_, purchasere0_.ovtmlu as ovtmlu10_41_0_, purchasere0_.ovuidm as ovuidm11_41_0_, purchasere0_.ovacid as ovacid12_41_0_, purchasere0_.ovcrcb as ovcrcb13_41_0_, purchasere0_.ovicu as ovicu14_41_0_, purchasere0_.ovicut as ovicut15_41_0_, purchasere0_.ovitc02 as ovitc16_41_0_, purchasere0_.ovbuid as ovbuid17_41_0_, purchasere0_.ovitc01 as ovitc18_41_0_, purchasere0_.ovcot as ovcot19_41_0_, purchasere0_.ovcnid as ovcnid20_41_0_, purchasere0_.ovcsdocdt as ovcsdoc21_41_0_, purchasere0_.ovcsdocno as ovcsdoc22_41_0_, purchasere0_.ovurtx as ovurtx23_41_0_, purchasere0_.ovdccd as ovdccd24_41_0_, purchasere0_.ovdcrt as ovdcrt25_41_0_, purchasere0_.ovdocdt as ovdocdt26_41_0_, purchasere0_.ovexcrt as ovexcrt27_41_0_, purchasere0_.ovexpdt as ovexpdt28_41_0_, purchasere0_.ovexcost as ovexcos29_41_0_, purchasere0_.ovfec as ovfec30_41_0_, purchasere0_.ovfta as ovfta31_41_0_, purchasere0_.ovftb as ovftb32_41_0_, purchasere0_.ovfuc as ovfuc33_41_0_, purchasere0_.ovglcls as ovglcls34_41_0_, purchasere0_.ovidd as ovidd35_41_0_, purchasere0_.ovidn as ovidn36_41_0_, purchasere0_.ovitt as ovitt37_41_0_, purchasere0_.ovdocidt as ovdocid38_41_0_, purchasere0_.ovdocino as ovdocin39_41_0_, purchasere0_.ovdocisq as ovdocis40_41_0_, purchasere0_.ovdocity as ovdocit41_41_0_, purchasere0_.ovinum as ovinum42_41_0_, purchasere0_.ovdesb1 as ovdesb43_41_0_, purchasere0_.ovlcrt as ovlcrt44_41_0_, purchasere0_.ovitc05 as ovitc45_41_0_, purchasere0_.ovlst as ovlst46_41_0_, purchasere0_.ovlvla as ovlvla47_41_0_, purchasere0_.ovlnty as ovlnty48_41_0_, purchasere0_.ovlocid as ovlocid49_41_0_, purchasere0_.ovmatc as ovmatc50_41_0_, purchasere0_.ovnst as ovnst51_41_0_, purchasere0_.ovobid as ovobid52_41_0_, purchasere0_.ovdocono as ovdocon53_41_0_, purchasere0_.ovdocosq as ovdocos54_41_0_, purchasere0_.ovdocoty as ovdocot55_41_0_, purchasere0_.ovordocno as ovordoc56_41_0_, purchasere0_.ovordocsq as ovordoc57_41_0_, purchasere0_.ovordocty as ovordoc58_41_0_, purchasere0_.ovptc as ovptc59_41_0_, purchasere0_.ovpoa as ovpoa60_41_0_, purchasere0_.ovpod as ovpod61_41_0_, purchasere0_.ovpqot as ovpqot62_41_0_, purchasere0_.ovuom1 as ovuom63_41_0_, purchasere0_.ovpjid as ovpjid64_41_0_, purchasere0_.ovpo03 as ovpo65_41_0_, purchasere0_.ovpo01 as ovpo66_41_0_, purchasere0_.ovpo02 as ovpo67_41_0_, purchasere0_.ovqty as ovqty68_41_0_, purchasere0_.ovrcdt as ovrcdt69_41_0_, purchasere0_.ovrecid as ovrecid70_41_0_, purchasere0_.ovvr04 as ovvr71_41_0_, purchasere0_.ovvr01 as ovvr72_41_0_, purchasere0_.ovvr03 as ovvr73_41_0_, purchasere0_.ovvr05 as ovvr74_41_0_, purchasere0_.ovvr02 as ovvr75_41_0_, purchasere0_.ovrtgc as ovrtgc76_41_0_, purchasere0_.ovsqot as ovsqot77_41_0_, purchasere0_.ovuom2 as ovuom78_41_0_, purchasere0_.ovsnlot as ovsnlot79_41_0_, purchasere0_.ovtaxal as ovtaxal80_41_0_, purchasere0_.ovtaxam as ovtaxam81_41_0_, purchasere0_.ovtaxab as ovtaxab82_41_0_, purchasere0_.ovtaxcd as ovtaxcd83_41_0_, purchasere0_.ovtaxidt as ovtaxid84_41_0_, purchasere0_.ovtaxino as ovtaxin85_41_0_, purchasere0_.ovtaxrt as ovtaxrt86_41_0_, purchasere0_.ovcrct as ovcrct87_41_0_, purchasere0_.ovitc03 as ovitc88_41_0_, purchasere0_.ovucf as ovucf89_41_0_, purchasere0_.ovuncost as ovuncos90_41_0_, purchasere0_.ovudc as ovudc91_41_0_, purchasere0_.ovudf as ovudf92_41_0_, purchasere0_.ovuom as ovuom93_41_0_, purchasere0_.ovvnid as ovvnid94_41_0_, purchasere0_.ovinvdt as ovinvdt95_41_0_, purchasere0_.ovinvno as ovinvno96_41_0_ from t4312 purchasere0_ where purchasere0_.ovcoid=? and purchasere0_.ovdocno=? and purchasere0_.ovdocty=? and purchasere0_.ovdocsq=?
Hibernate: select purchasere0_.ovcoid as ovcoid1_41_, purchasere0_.ovdocno as ovdocno2_41_, purchasere0_.ovdocty as ovdocty3_41_, purchasere0_.ovdocsq as ovdocsq4_41_, purchasere0_.ovcid as ovcid5_41_, purchasere0_.ovdtin as ovdtin6_41_, purchasere0_.ovtmin as ovtmin7_41_, purchasere0_.ovuid as ovuid8_41_, purchasere0_.ovdtlu as ovdtlu9_41_, purchasere0_.ovtmlu as ovtmlu10_41_, purchasere0_.ovuidm as ovuidm11_41_, purchasere0_.ovacid as ovacid12_41_, purchasere0_.ovcrcb as ovcrcb13_41_, purchasere0_.ovicu as ovicu14_41_, purchasere0_.ovicut as ovicut15_41_, purchasere0_.ovitc02 as ovitc16_41_, purchasere0_.ovbuid as ovbuid17_41_, purchasere0_.ovitc01 as ovitc18_41_, purchasere0_.ovcot as ovcot19_41_, purchasere0_.ovcnid as ovcnid20_41_, purchasere0_.ovcsdocdt as ovcsdoc21_41_, purchasere0_.ovcsdocno as ovcsdoc22_41_, purchasere0_.ovurtx as ovurtx23_41_, purchasere0_.ovdccd as ovdccd24_41_, purchasere0_.ovdcrt as ovdcrt25_41_, purchasere0_.ovdocdt as ovdocdt26_41_, purchasere0_.ovexcrt as ovexcrt27_41_, purchasere0_.ovexpdt as ovexpdt28_41_, purchasere0_.ovexcost as ovexcos29_41_, purchasere0_.ovfec as ovfec30_41_, purchasere0_.ovfta as ovfta31_41_, purchasere0_.ovftb as ovftb32_41_, purchasere0_.ovfuc as ovfuc33_41_, purchasere0_.ovglcls as ovglcls34_41_, purchasere0_.ovidd as ovidd35_41_, purchasere0_.ovidn as ovidn36_41_, purchasere0_.ovitt as ovitt37_41_, purchasere0_.ovdocidt as ovdocid38_41_, purchasere0_.ovdocino as ovdocin39_41_, purchasere0_.ovdocisq as ovdocis40_41_, purchasere0_.ovdocity as ovdocit41_41_, purchasere0_.ovinum as ovinum42_41_, purchasere0_.ovdesb1 as ovdesb43_41_, purchasere0_.ovlcrt as ovlcrt44_41_, purchasere0_.ovitc05 as ovitc45_41_, purchasere0_.ovlst as ovlst46_41_, purchasere0_.ovlvla as ovlvla47_41_, purchasere0_.ovlnty as ovlnty48_41_, purchasere0_.ovlocid as ovlocid49_41_, purchasere0_.ovmatc as ovmatc50_41_, purchasere0_.ovnst as ovnst51_41_, purchasere0_.ovobid as ovobid52_41_, purchasere0_.ovdocono as ovdocon53_41_, purchasere0_.ovdocosq as ovdocos54_41_, purchasere0_.ovdocoty as ovdocot55_41_, purchasere0_.ovordocno as ovordoc56_41_, purchasere0_.ovordocsq as ovordoc57_41_, purchasere0_.ovordocty as ovordoc58_41_, purchasere0_.ovptc as ovptc59_41_, purchasere0_.ovpoa as ovpoa60_41_, purchasere0_.ovpod as ovpod61_41_, purchasere0_.ovpqot as ovpqot62_41_, purchasere0_.ovuom1 as ovuom63_41_, purchasere0_.ovpjid as ovpjid64_41_, purchasere0_.ovpo03 as ovpo65_41_, purchasere0_.ovpo01 as ovpo66_41_, purchasere0_.ovpo02 as ovpo67_41_, purchasere0_.ovqty as ovqty68_41_, purchasere0_.ovrcdt as ovrcdt69_41_, purchasere0_.ovrecid as ovrecid70_41_, purchasere0_.ovvr04 as ovvr71_41_, purchasere0_.ovvr01 as ovvr72_41_, purchasere0_.ovvr03 as ovvr73_41_, purchasere0_.ovvr05 as ovvr74_41_, purchasere0_.ovvr02 as ovvr75_41_, purchasere0_.ovrtgc as ovrtgc76_41_, purchasere0_.ovsqot as ovsqot77_41_, purchasere0_.ovuom2 as ovuom78_41_, purchasere0_.ovsnlot as ovsnlot79_41_, purchasere0_.ovtaxal as ovtaxal80_41_, purchasere0_.ovtaxam as ovtaxam81_41_, purchasere0_.ovtaxab as ovtaxab82_41_, purchasere0_.ovtaxcd as ovtaxcd83_41_, purchasere0_.ovtaxidt as ovtaxid84_41_, purchasere0_.ovtaxino as ovtaxin85_41_, purchasere0_.ovtaxrt as ovtaxrt86_41_, purchasere0_.ovcrct as ovcrct87_41_, purchasere0_.ovitc03 as ovitc88_41_, purchasere0_.ovucf as ovucf89_41_, purchasere0_.ovuncost as ovuncos90_41_, purchasere0_.ovudc as ovudc91_41_, purchasere0_.ovudf as ovudf92_41_, purchasere0_.ovuom as ovuom93_41_, purchasere0_.ovvnid as ovvnid94_41_, purchasere0_.ovinvdt as ovinvdt95_41_, purchasere0_.ovinvno as ovinvno96_41_ from t4312 purchasere0_ where purchasere0_.ovcoid=? and purchasere0_.ovdocno=? and purchasere0_.ovdocty=?
Hibernate: select purchasede0_.odcoid as odcoid1_40_0_, purchasede0_.oddocono as oddocono2_40_0_, purchasede0_.oddocosq as oddocosq3_40_0_, purchasede0_.oddocoty as oddocoty4_40_0_, purchasede0_.odcid as odcid5_40_0_, purchasede0_.oddtin as oddtin6_40_0_, purchasede0_.odtmin as odtmin7_40_0_, purchasede0_.oduid as oduid8_40_0_, purchasede0_.oddtlu as oddtlu9_40_0_, purchasede0_.odtmlu as odtmlu10_40_0_, purchasede0_.oduidm as oduidm11_40_0_, purchasede0_.odacid as odacid12_40_0_, purchasede0_.odaprcd as odaprcd13_40_0_, purchasede0_.odcrcb as odcrcb14_40_0_, purchasede0_.oditc02 as oditc15_40_0_, purchasede0_.odbuid as odbuid16_40_0_, purchasede0_.odqtycl as odqtycl17_40_0_, purchasede0_.oditc01 as oditc18_40_0_, purchasede0_.odcldt as odcldt19_40_0_, purchasede0_.odcsid as odcsid20_40_0_, purchasede0_.oddccd as oddccd21_40_0_, purchasede0_.oddcrt as oddcrt22_40_0_, purchasede0_.odexcrt as odexcrt23_40_0_, purchasede0_.odexcost as odexcos24_40_0_, purchasede0_.odqtyx as odqtyx25_40_0_, purchasede0_.oducfx as oducfx26_40_0_, purchasede0_.oduncostx as oduncos27_40_0_, purchasede0_.oduomx as oduomx28_40_0_, purchasede0_.odfec as odfec29_40_0_, purchasede0_.odfta as odfta30_40_0_, purchasede0_.odftb as odftb31_40_0_, purchasede0_.odfuc as odfuc32_40_0_, purchasede0_.odglcls as odglcls33_40_0_, purchasede0_.odgldt as odgldt34_40_0_, purchasede0_.odir02 as odir35_40_0_, purchasede0_.odir01 as odir36_40_0_, purchasede0_.odir03 as odir37_40_0_, purchasede0_.odinum as odinum38_40_0_, purchasede0_.oddesb1 as oddesb39_40_0_, purchasede0_.oditc05 as oditc40_40_0_, purchasede0_.odlst as odlst41_40_0_, purchasede0_.odlnty as odlnty42_40_0_, purchasede0_.odlocid as odlocid43_40_0_, purchasede0_.odnst as odnst44_40_0_, purchasede0_.odobid as odobid45_40_0_, purchasede0_.odqtyop as odqtyop46_40_0_, purchasede0_.odordt as odordt47_40_0_, purchasede0_.odqtyor as odqtyor48_40_0_, purchasede0_.odott as odott49_40_0_, purchasede0_.odordocdt as odordoc50_40_0_, purchasede0_.odordocno as odordoc51_40_0_, purchasede0_.odordocsq as odordoc52_40_0_, purchasede0_.odordocty as odordoc53_40_0_, purchasede0_.odptc as odptc54_40_0_, purchasede0_.odpqor as odpqor55_40_0_, purchasede0_.oduom1 as oduom56_40_0_, purchasede0_.odpjid as odpjid57_40_0_, purchasede0_.odpddt as odpddt58_40_0_, purchasede0_.odpo03 as odpo59_40_0_, purchasede0_.odpo01 as odpo60_40_0_, purchasede0_.odpo02 as odpo61_40_0_, purchasede0_.odqty as odqty62_40_0_, purchasede0_.odrcdt as odrcdt63_40_0_, purchasede0_.odqtyrc as odqtyrc64_40_0_, purchasede0_.odstid as odstid65_40_0_, purchasede0_.odvr04 as odvr66_40_0_, purchasede0_.odvr01 as odvr67_40_0_, purchasede0_.odvr03 as odvr68_40_0_, purchasede0_.odvr05 as odvr69_40_0_, purchasede0_.odvr02 as odvr70_40_0_, purchasede0_.odrldocno as odrldoc71_40_0_, purchasede0_.odrldocsq as odrldoc72_40_0_, purchasede0_.odrldocty as odrldoc73_40_0_, purchasede0_.odrqdt as odrqdt74_40_0_, purchasede0_.odqtyrn as odqtyrn75_40_0_, purchasede0_.odsqor as odsqor76_40_0_, purchasede0_.oduom2 as oduom77_40_0_, purchasede0_.odsnlot as odsnlot78_40_0_, purchasede0_.odtaxal as odtaxal79_40_0_, purchasede0_.odtaxam as odtaxam80_40_0_, purchasede0_.odtaxab as odtaxab81_40_0_, purchasede0_.odtaxcd as odtaxcd82_40_0_, purchasede0_.odtaxrt as odtaxrt83_40_0_, purchasede0_.odcrct as odcrct84_40_0_, purchasede0_.oditc03 as oditc85_40_0_, purchasede0_.oducf as oducf86_40_0_, purchasede0_.oduncost as oduncos87_40_0_, purchasede0_.odudc as odudc88_40_0_, purchasede0_.odudf as odudf89_40_0_, purchasede0_.oduom as oduom90_40_0_, purchasede0_.odvnid as odvnid91_40_0_, purchaseor1_.ohcoid as ohcoid1_39_1_, purchaseor1_.ohdocono as ohdocono2_39_1_, purchaseor1_.ohdocoty as ohdocoty3_39_1_, purchaseor1_.ohcid as ohcid4_39_1_, purchaseor1_.ohdtin as ohdtin5_39_1_, purchaseor1_.ohtmin as ohtmin6_39_1_, purchaseor1_.ohuid as ohuid7_39_1_, purchaseor1_.ohdtlu as ohdtlu8_39_1_, purchaseor1_.ohtmlu as ohtmlu9_39_1_, purchaseor1_.ohuidm as ohuidm10_39_1_, purchaseor1_.ohaprcd as ohaprcd11_39_1_, purchaseor1_.ohcrcb as ohcrcb12_39_1_, purchaseor1_.ohbuid as ohbuid13_39_1_, purchaseor1_.ohcldt as ohcldt14_39_1_, purchaseor1_.ohcot as ohcot15_39_1_, purchaseor1_.ohcsid as ohcsid16_39_1_, purchaseor1_.ohdesb1 as ohdesb17_39_1_, purchaseor1_.ohdccd as ohdccd18_39_1_, purchaseor1_.ohdcrt as ohdcrt19_39_1_, purchaseor1_.ohexcrt as ohexcrt20_39_1_, purchaseor1_.ohgldt as ohgldt21_39_1_, purchaseor1_.ohidd as ohidd22_39_1_, purchaseor1_.ohidn as ohidn23_39_1_, purchaseor1_.ohlst as ohlst24_39_1_, purchaseor1_.ohnst as ohnst25_39_1_, purchaseor1_.ohobid as ohobid26_39_1_, purchaseor1_.ohordt as ohordt27_39_1_, purchaseor1_.ohptc as ohptc28_39_1_, purchaseor1_.ohpoa as ohpoa29_39_1_, purchaseor1_.ohpod as ohpod30_39_1_, purchaseor1_.ohpjid as ohpjid31_39_1_, purchaseor1_.ohpddt as ohpddt32_39_1_, purchaseor1_.ohrcdt as ohrcdt33_39_1_, purchaseor1_.ohstid as ohstid34_39_1_, purchaseor1_.ohrqdt as ohrqdt35_39_1_, purchaseor1_.ohtaxal as ohtaxal36_39_1_, purchaseor1_.ohtaxcd as ohtaxcd37_39_1_, purchaseor1_.ohtaxrt as ohtaxrt38_39_1_, purchaseor1_.ohcrct as ohcrct39_39_1_, purchaseor1_.ohdesc1 as ohdesc40_39_1_, purchaseor1_.ohdesc2 as ohdesc41_39_1_, purchaseor1_.ohvhrn as ohvhrn42_39_1_, purchaseor1_.ohvhty as ohvhty43_39_1_, purchaseor1_.ohvnid as ohvnid44_39_1_ from t4311 purchasede0_ inner join t4301 purchaseor1_ on purchasede0_.odcoid=purchaseor1_.ohcoid and purchasede0_.oddocono=purchaseor1_.ohdocono and purchasede0_.oddocoty=purchaseor1_.ohdocoty where purchasede0_.odcoid=? and purchasede0_.oddocono=? and purchasede0_.oddocosq=? and purchasede0_.oddocoty=?
Hibernate: select serialnumb0_.coid as coid1_43_0_, serialnumb0_.docno as docno2_43_0_, serialnumb0_.docty as docty3_43_0_, serialnumb0_.docsq as docsq4_43_0_, serialnumb0_.buid as buid5_43_0_, serialnumb0_.inum as inum6_43_0_, serialnumb0_.snlot as snlot7_43_0_, lotmaster1_.ltbuid as ltbuid1_34_1_, lotmaster1_.ltinum as ltinum2_34_1_, lotmaster1_.ltsnlot as ltsnlot3_34_1_, lotmaster1_.ltcid as ltcid4_34_1_, lotmaster1_.ltdtin as ltdtin5_34_1_, lotmaster1_.lttmin as lttmin6_34_1_, lotmaster1_.ltuid as ltuid7_34_1_, lotmaster1_.ltdtlu as ltdtlu8_34_1_, lotmaster1_.lttmlu as lttmlu9_34_1_, lotmaster1_.ltuidm as ltuidm10_34_1_, lotmaster1_.ltbodt as ltbodt11_34_1_, lotmaster1_.ltbbdt as ltbbdt12_34_1_, lotmaster1_.ltcldt as ltcldt13_34_1_, lotmaster1_.ltexpdt as ltexpdt14_34_1_, lotmaster1_.ltldsc as ltldsc15_34_1_, lotmaster1_.ltledt as ltledt16_34_1_, lotmaster1_.ltlsc as ltlsc17_34_1_, lotmaster1_.ltmlot1 as ltmlot18_34_1_, lotmaster1_.ltmlot2 as ltmlot19_34_1_, lotmaster1_.ltmlot3 as ltmlot20_34_1_, lotmaster1_.ltohdt as ltohdt21_34_1_, lotmaster1_.ltsern as ltsern22_34_1_ from transaction_serialnumbers serialnumb0_ inner join t4108 lotmaster1_ on serialnumb0_.buid=lotmaster1_.ltbuid and serialnumb0_.inum=lotmaster1_.ltinum and serialnumb0_.snlot=lotmaster1_.ltsnlot where serialnumb0_.coid=? and serialnumb0_.docno=? and serialnumb0_.docty=? and serialnumb0_.docsq=?
Hibernate: select purchasede0_.odcoid as odcoid1_40_0_, purchasede0_.oddocono as oddocono2_40_0_, purchasede0_.oddocosq as oddocosq3_40_0_, purchasede0_.oddocoty as oddocoty4_40_0_, purchasede0_.odcid as odcid5_40_0_, purchasede0_.oddtin as oddtin6_40_0_, purchasede0_.odtmin as odtmin7_40_0_, purchasede0_.oduid as oduid8_40_0_, purchasede0_.oddtlu as oddtlu9_40_0_, purchasede0_.odtmlu as odtmlu10_40_0_, purchasede0_.oduidm as oduidm11_40_0_, purchasede0_.odacid as odacid12_40_0_, purchasede0_.odaprcd as odaprcd13_40_0_, purchasede0_.odcrcb as odcrcb14_40_0_, purchasede0_.oditc02 as oditc15_40_0_, purchasede0_.odbuid as odbuid16_40_0_, purchasede0_.odqtycl as odqtycl17_40_0_, purchasede0_.oditc01 as oditc18_40_0_, purchasede0_.odcldt as odcldt19_40_0_, purchasede0_.odcsid as odcsid20_40_0_, purchasede0_.oddccd as oddccd21_40_0_, purchasede0_.oddcrt as oddcrt22_40_0_, purchasede0_.odexcrt as odexcrt23_40_0_, purchasede0_.odexcost as odexcos24_40_0_, purchasede0_.odqtyx as odqtyx25_40_0_, purchasede0_.oducfx as oducfx26_40_0_, purchasede0_.oduncostx as oduncos27_40_0_, purchasede0_.oduomx as oduomx28_40_0_, purchasede0_.odfec as odfec29_40_0_, purchasede0_.odfta as odfta30_40_0_, purchasede0_.odftb as odftb31_40_0_, purchasede0_.odfuc as odfuc32_40_0_, purchasede0_.odglcls as odglcls33_40_0_, purchasede0_.odgldt as odgldt34_40_0_, purchasede0_.odir02 as odir35_40_0_, purchasede0_.odir01 as odir36_40_0_, purchasede0_.odir03 as odir37_40_0_, purchasede0_.odinum as odinum38_40_0_, purchasede0_.oddesb1 as oddesb39_40_0_, purchasede0_.oditc05 as oditc40_40_0_, purchasede0_.odlst as odlst41_40_0_, purchasede0_.odlnty as odlnty42_40_0_, purchasede0_.odlocid as odlocid43_40_0_, purchasede0_.odnst as odnst44_40_0_, purchasede0_.odobid as odobid45_40_0_, purchasede0_.odqtyop as odqtyop46_40_0_, purchasede0_.odordt as odordt47_40_0_, purchasede0_.odqtyor as odqtyor48_40_0_, purchasede0_.odott as odott49_40_0_, purchasede0_.odordocdt as odordoc50_40_0_, purchasede0_.odordocno as odordoc51_40_0_, purchasede0_.odordocsq as odordoc52_40_0_, purchasede0_.odordocty as odordoc53_40_0_, purchasede0_.odptc as odptc54_40_0_, purchasede0_.odpqor as odpqor55_40_0_, purchasede0_.oduom1 as oduom56_40_0_, purchasede0_.odpjid as odpjid57_40_0_, purchasede0_.odpddt as odpddt58_40_0_, purchasede0_.odpo03 as odpo59_40_0_, purchasede0_.odpo01 as odpo60_40_0_, purchasede0_.odpo02 as odpo61_40_0_, purchasede0_.odqty as odqty62_40_0_, purchasede0_.odrcdt as odrcdt63_40_0_, purchasede0_.odqtyrc as odqtyrc64_40_0_, purchasede0_.odstid as odstid65_40_0_, purchasede0_.odvr04 as odvr66_40_0_, purchasede0_.odvr01 as odvr67_40_0_, purchasede0_.odvr03 as odvr68_40_0_, purchasede0_.odvr05 as odvr69_40_0_, purchasede0_.odvr02 as odvr70_40_0_, purchasede0_.odrldocno as odrldoc71_40_0_, purchasede0_.odrldocsq as odrldoc72_40_0_, purchasede0_.odrldocty as odrldoc73_40_0_, purchasede0_.odrqdt as odrqdt74_40_0_, purchasede0_.odqtyrn as odqtyrn75_40_0_, purchasede0_.odsqor as odsqor76_40_0_, purchasede0_.oduom2 as oduom77_40_0_, purchasede0_.odsnlot as odsnlot78_40_0_, purchasede0_.odtaxal as odtaxal79_40_0_, purchasede0_.odtaxam as odtaxam80_40_0_, purchasede0_.odtaxab as odtaxab81_40_0_, purchasede0_.odtaxcd as odtaxcd82_40_0_, purchasede0_.odtaxrt as odtaxrt83_40_0_, purchasede0_.odcrct as odcrct84_40_0_, purchasede0_.oditc03 as oditc85_40_0_, purchasede0_.oducf as oducf86_40_0_, purchasede0_.oduncost as oduncos87_40_0_, purchasede0_.odudc as odudc88_40_0_, purchasede0_.odudf as odudf89_40_0_, purchasede0_.oduom as oduom90_40_0_, purchasede0_.odvnid as odvnid91_40_0_, purchaseor1_.ohcoid as ohcoid1_39_1_, purchaseor1_.ohdocono as ohdocono2_39_1_, purchaseor1_.ohdocoty as ohdocoty3_39_1_, purchaseor1_.ohcid as ohcid4_39_1_, purchaseor1_.ohdtin as ohdtin5_39_1_, purchaseor1_.ohtmin as ohtmin6_39_1_, purchaseor1_.ohuid as ohuid7_39_1_, purchaseor1_.ohdtlu as ohdtlu8_39_1_, purchaseor1_.ohtmlu as ohtmlu9_39_1_, purchaseor1_.ohuidm as ohuidm10_39_1_, purchaseor1_.ohaprcd as ohaprcd11_39_1_, purchaseor1_.ohcrcb as ohcrcb12_39_1_, purchaseor1_.ohbuid as ohbuid13_39_1_, purchaseor1_.ohcldt as ohcldt14_39_1_, purchaseor1_.ohcot as ohcot15_39_1_, purchaseor1_.ohcsid as ohcsid16_39_1_, purchaseor1_.ohdesb1 as ohdesb17_39_1_, purchaseor1_.ohdccd as ohdccd18_39_1_, purchaseor1_.ohdcrt as ohdcrt19_39_1_, purchaseor1_.ohexcrt as ohexcrt20_39_1_, purchaseor1_.ohgldt as ohgldt21_39_1_, purchaseor1_.ohidd as ohidd22_39_1_, purchaseor1_.ohidn as ohidn23_39_1_, purchaseor1_.ohlst as ohlst24_39_1_, purchaseor1_.ohnst as ohnst25_39_1_, purchaseor1_.ohobid as ohobid26_39_1_, purchaseor1_.ohordt as ohordt27_39_1_, purchaseor1_.ohptc as ohptc28_39_1_, purchaseor1_.ohpoa as ohpoa29_39_1_, purchaseor1_.ohpod as ohpod30_39_1_, purchaseor1_.ohpjid as ohpjid31_39_1_, purchaseor1_.ohpddt as ohpddt32_39_1_, purchaseor1_.ohrcdt as ohrcdt33_39_1_, purchaseor1_.ohstid as ohstid34_39_1_, purchaseor1_.ohrqdt as ohrqdt35_39_1_, purchaseor1_.ohtaxal as ohtaxal36_39_1_, purchaseor1_.ohtaxcd as ohtaxcd37_39_1_, purchaseor1_.ohtaxrt as ohtaxrt38_39_1_, purchaseor1_.ohcrct as ohcrct39_39_1_, purchaseor1_.ohdesc1 as ohdesc40_39_1_, purchaseor1_.ohdesc2 as ohdesc41_39_1_, purchaseor1_.ohvhrn as ohvhrn42_39_1_, purchaseor1_.ohvhty as ohvhty43_39_1_, purchaseor1_.ohvnid as ohvnid44_39_1_ from t4311 purchasede0_ inner join t4301 purchaseor1_ on purchasede0_.odcoid=purchaseor1_.ohcoid and purchasede0_.oddocono=purchaseor1_.ohdocono and purchasede0_.oddocoty=purchaseor1_.ohdocoty where purchasede0_.odcoid=? and purchasede0_.oddocono=? and purchasede0_.oddocosq=? and purchasede0_.oddocoty=?
Hibernate: select serialnumb0_.coid as coid1_43_0_, serialnumb0_.docno as docno2_43_0_, serialnumb0_.docty as docty3_43_0_, serialnumb0_.docsq as docsq4_43_0_, serialnumb0_.buid as buid5_43_0_, serialnumb0_.inum as inum6_43_0_, serialnumb0_.snlot as snlot7_43_0_, lotmaster1_.ltbuid as ltbuid1_34_1_, lotmaster1_.ltinum as ltinum2_34_1_, lotmaster1_.ltsnlot as ltsnlot3_34_1_, lotmaster1_.ltcid as ltcid4_34_1_, lotmaster1_.ltdtin as ltdtin5_34_1_, lotmaster1_.lttmin as lttmin6_34_1_, lotmaster1_.ltuid as ltuid7_34_1_, lotmaster1_.ltdtlu as ltdtlu8_34_1_, lotmaster1_.lttmlu as lttmlu9_34_1_, lotmaster1_.ltuidm as ltuidm10_34_1_, lotmaster1_.ltbodt as ltbodt11_34_1_, lotmaster1_.ltbbdt as ltbbdt12_34_1_, lotmaster1_.ltcldt as ltcldt13_34_1_, lotmaster1_.ltexpdt as ltexpdt14_34_1_, lotmaster1_.ltldsc as ltldsc15_34_1_, lotmaster1_.ltledt as ltledt16_34_1_, lotmaster1_.ltlsc as ltlsc17_34_1_, lotmaster1_.ltmlot1 as ltmlot18_34_1_, lotmaster1_.ltmlot2 as ltmlot19_34_1_, lotmaster1_.ltmlot3 as ltmlot20_34_1_, lotmaster1_.ltohdt as ltohdt21_34_1_, lotmaster1_.ltsern as ltsern22_34_1_ from transaction_serialnumbers serialnumb0_ inner join t4108 lotmaster1_ on serialnumb0_.buid=lotmaster1_.ltbuid and serialnumb0_.inum=lotmaster1_.ltinum and serialnumb0_.snlot=lotmaster1_.ltsnlot where serialnumb0_.coid=? and serialnumb0_.docno=? and serialnumb0_.docty=? and serialnumb0_.docsq=?
Hibernate: select purchasede0_.odcoid as odcoid1_40_0_, purchasede0_.oddocono as oddocono2_40_0_, purchasede0_.oddocosq as oddocosq3_40_0_, purchasede0_.oddocoty as oddocoty4_40_0_, purchasede0_.odcid as odcid5_40_0_, purchasede0_.oddtin as oddtin6_40_0_, purchasede0_.odtmin as odtmin7_40_0_, purchasede0_.oduid as oduid8_40_0_, purchasede0_.oddtlu as oddtlu9_40_0_, purchasede0_.odtmlu as odtmlu10_40_0_, purchasede0_.oduidm as oduidm11_40_0_, purchasede0_.odacid as odacid12_40_0_, purchasede0_.odaprcd as odaprcd13_40_0_, purchasede0_.odcrcb as odcrcb14_40_0_, purchasede0_.oditc02 as oditc15_40_0_, purchasede0_.odbuid as odbuid16_40_0_, purchasede0_.odqtycl as odqtycl17_40_0_, purchasede0_.oditc01 as oditc18_40_0_, purchasede0_.odcldt as odcldt19_40_0_, purchasede0_.odcsid as odcsid20_40_0_, purchasede0_.oddccd as oddccd21_40_0_, purchasede0_.oddcrt as oddcrt22_40_0_, purchasede0_.odexcrt as odexcrt23_40_0_, purchasede0_.odexcost as odexcos24_40_0_, purchasede0_.odqtyx as odqtyx25_40_0_, purchasede0_.oducfx as oducfx26_40_0_, purchasede0_.oduncostx as oduncos27_40_0_, purchasede0_.oduomx as oduomx28_40_0_, purchasede0_.odfec as odfec29_40_0_, purchasede0_.odfta as odfta30_40_0_, purchasede0_.odftb as odftb31_40_0_, purchasede0_.odfuc as odfuc32_40_0_, purchasede0_.odglcls as odglcls33_40_0_, purchasede0_.odgldt as odgldt34_40_0_, purchasede0_.odir02 as odir35_40_0_, purchasede0_.odir01 as odir36_40_0_, purchasede0_.odir03 as odir37_40_0_, purchasede0_.odinum as odinum38_40_0_, purchasede0_.oddesb1 as oddesb39_40_0_, purchasede0_.oditc05 as oditc40_40_0_, purchasede0_.odlst as odlst41_40_0_, purchasede0_.odlnty as odlnty42_40_0_, purchasede0_.odlocid as odlocid43_40_0_, purchasede0_.odnst as odnst44_40_0_, purchasede0_.odobid as odobid45_40_0_, purchasede0_.odqtyop as odqtyop46_40_0_, purchasede0_.odordt as odordt47_40_0_, purchasede0_.odqtyor as odqtyor48_40_0_, purchasede0_.odott as odott49_40_0_, purchasede0_.odordocdt as odordoc50_40_0_, purchasede0_.odordocno as odordoc51_40_0_, purchasede0_.odordocsq as odordoc52_40_0_, purchasede0_.odordocty as odordoc53_40_0_, purchasede0_.odptc as odptc54_40_0_, purchasede0_.odpqor as odpqor55_40_0_, purchasede0_.oduom1 as oduom56_40_0_, purchasede0_.odpjid as odpjid57_40_0_, purchasede0_.odpddt as odpddt58_40_0_, purchasede0_.odpo03 as odpo59_40_0_, purchasede0_.odpo01 as odpo60_40_0_, purchasede0_.odpo02 as odpo61_40_0_, purchasede0_.odqty as odqty62_40_0_, purchasede0_.odrcdt as odrcdt63_40_0_, purchasede0_.odqtyrc as odqtyrc64_40_0_, purchasede0_.odstid as odstid65_40_0_, purchasede0_.odvr04 as odvr66_40_0_, purchasede0_.odvr01 as odvr67_40_0_, purchasede0_.odvr03 as odvr68_40_0_, purchasede0_.odvr05 as odvr69_40_0_, purchasede0_.odvr02 as odvr70_40_0_, purchasede0_.odrldocno as odrldoc71_40_0_, purchasede0_.odrldocsq as odrldoc72_40_0_, purchasede0_.odrldocty as odrldoc73_40_0_, purchasede0_.odrqdt as odrqdt74_40_0_, purchasede0_.odqtyrn as odqtyrn75_40_0_, purchasede0_.odsqor as odsqor76_40_0_, purchasede0_.oduom2 as oduom77_40_0_, purchasede0_.odsnlot as odsnlot78_40_0_, purchasede0_.odtaxal as odtaxal79_40_0_, purchasede0_.odtaxam as odtaxam80_40_0_, purchasede0_.odtaxab as odtaxab81_40_0_, purchasede0_.odtaxcd as odtaxcd82_40_0_, purchasede0_.odtaxrt as odtaxrt83_40_0_, purchasede0_.odcrct as odcrct84_40_0_, purchasede0_.oditc03 as oditc85_40_0_, purchasede0_.oducf as oducf86_40_0_, purchasede0_.oduncost as oduncos87_40_0_, purchasede0_.odudc as odudc88_40_0_, purchasede0_.odudf as odudf89_40_0_, purchasede0_.oduom as oduom90_40_0_, purchasede0_.odvnid as odvnid91_40_0_, purchaseor1_.ohcoid as ohcoid1_39_1_, purchaseor1_.ohdocono as ohdocono2_39_1_, purchaseor1_.ohdocoty as ohdocoty3_39_1_, purchaseor1_.ohcid as ohcid4_39_1_, purchaseor1_.ohdtin as ohdtin5_39_1_, purchaseor1_.ohtmin as ohtmin6_39_1_, purchaseor1_.ohuid as ohuid7_39_1_, purchaseor1_.ohdtlu as ohdtlu8_39_1_, purchaseor1_.ohtmlu as ohtmlu9_39_1_, purchaseor1_.ohuidm as ohuidm10_39_1_, purchaseor1_.ohaprcd as ohaprcd11_39_1_, purchaseor1_.ohcrcb as ohcrcb12_39_1_, purchaseor1_.ohbuid as ohbuid13_39_1_, purchaseor1_.ohcldt as ohcldt14_39_1_, purchaseor1_.ohcot as ohcot15_39_1_, purchaseor1_.ohcsid as ohcsid16_39_1_, purchaseor1_.ohdesb1 as ohdesb17_39_1_, purchaseor1_.ohdccd as ohdccd18_39_1_, purchaseor1_.ohdcrt as ohdcrt19_39_1_, purchaseor1_.ohexcrt as ohexcrt20_39_1_, purchaseor1_.ohgldt as ohgldt21_39_1_, purchaseor1_.ohidd as ohidd22_39_1_, purchaseor1_.ohidn as ohidn23_39_1_, purchaseor1_.ohlst as ohlst24_39_1_, purchaseor1_.ohnst as ohnst25_39_1_, purchaseor1_.ohobid as ohobid26_39_1_, purchaseor1_.ohordt as ohordt27_39_1_, purchaseor1_.ohptc as ohptc28_39_1_, purchaseor1_.ohpoa as ohpoa29_39_1_, purchaseor1_.ohpod as ohpod30_39_1_, purchaseor1_.ohpjid as ohpjid31_39_1_, purchaseor1_.ohpddt as ohpddt32_39_1_, purchaseor1_.ohrcdt as ohrcdt33_39_1_, purchaseor1_.ohstid as ohstid34_39_1_, purchaseor1_.ohrqdt as ohrqdt35_39_1_, purchaseor1_.ohtaxal as ohtaxal36_39_1_, purchaseor1_.ohtaxcd as ohtaxcd37_39_1_, purchaseor1_.ohtaxrt as ohtaxrt38_39_1_, purchaseor1_.ohcrct as ohcrct39_39_1_, purchaseor1_.ohdesc1 as ohdesc40_39_1_, purchaseor1_.ohdesc2 as ohdesc41_39_1_, purchaseor1_.ohvhrn as ohvhrn42_39_1_, purchaseor1_.ohvhty as ohvhty43_39_1_, purchaseor1_.ohvnid as ohvnid44_39_1_ from t4311 purchasede0_ inner join t4301 purchaseor1_ on purchasede0_.odcoid=purchaseor1_.ohcoid and purchasede0_.oddocono=purchaseor1_.ohdocono and purchasede0_.oddocoty=purchaseor1_.ohdocoty where purchasede0_.odcoid=? and purchasede0_.oddocono=? and purchasede0_.oddocosq=? and purchasede0_.oddocoty=?
Hibernate: select serialnumb0_.coid as coid1_43_0_, serialnumb0_.docno as docno2_43_0_, serialnumb0_.docty as docty3_43_0_, serialnumb0_.docsq as docsq4_43_0_, serialnumb0_.buid as buid5_43_0_, serialnumb0_.inum as inum6_43_0_, serialnumb0_.snlot as snlot7_43_0_, lotmaster1_.ltbuid as ltbuid1_34_1_, lotmaster1_.ltinum as ltinum2_34_1_, lotmaster1_.ltsnlot as ltsnlot3_34_1_, lotmaster1_.ltcid as ltcid4_34_1_, lotmaster1_.ltdtin as ltdtin5_34_1_, lotmaster1_.lttmin as lttmin6_34_1_, lotmaster1_.ltuid as ltuid7_34_1_, lotmaster1_.ltdtlu as ltdtlu8_34_1_, lotmaster1_.lttmlu as lttmlu9_34_1_, lotmaster1_.ltuidm as ltuidm10_34_1_, lotmaster1_.ltbodt as ltbodt11_34_1_, lotmaster1_.ltbbdt as ltbbdt12_34_1_, lotmaster1_.ltcldt as ltcldt13_34_1_, lotmaster1_.ltexpdt as ltexpdt14_34_1_, lotmaster1_.ltldsc as ltldsc15_34_1_, lotmaster1_.ltledt as ltledt16_34_1_, lotmaster1_.ltlsc as ltlsc17_34_1_, lotmaster1_.ltmlot1 as ltmlot18_34_1_, lotmaster1_.ltmlot2 as ltmlot19_34_1_, lotmaster1_.ltmlot3 as ltmlot20_34_1_, lotmaster1_.ltohdt as ltohdt21_34_1_, lotmaster1_.ltsern as ltsern22_34_1_ from transaction_serialnumbers serialnumb0_ inner join t4108 lotmaster1_ on serialnumb0_.buid=lotmaster1_.ltbuid and serialnumb0_.inum=lotmaster1_.ltinum and serialnumb0_.snlot=lotmaster1_.ltsnlot where serialnumb0_.coid=? and serialnumb0_.docno=? and serialnumb0_.docty=? and serialnumb0_.docsq=?
Hibernate: select purchasede0_.odcoid as odcoid1_40_0_, purchasede0_.oddocono as oddocono2_40_0_, purchasede0_.oddocosq as oddocosq3_40_0_, purchasede0_.oddocoty as oddocoty4_40_0_, purchasede0_.odcid as odcid5_40_0_, purchasede0_.oddtin as oddtin6_40_0_, purchasede0_.odtmin as odtmin7_40_0_, purchasede0_.oduid as oduid8_40_0_, purchasede0_.oddtlu as oddtlu9_40_0_, purchasede0_.odtmlu as odtmlu10_40_0_, purchasede0_.oduidm as oduidm11_40_0_, purchasede0_.odacid as odacid12_40_0_, purchasede0_.odaprcd as odaprcd13_40_0_, purchasede0_.odcrcb as odcrcb14_40_0_, purchasede0_.oditc02 as oditc15_40_0_, purchasede0_.odbuid as odbuid16_40_0_, purchasede0_.odqtycl as odqtycl17_40_0_, purchasede0_.oditc01 as oditc18_40_0_, purchasede0_.odcldt as odcldt19_40_0_, purchasede0_.odcsid as odcsid20_40_0_, purchasede0_.oddccd as oddccd21_40_0_, purchasede0_.oddcrt as oddcrt22_40_0_, purchasede0_.odexcrt as odexcrt23_40_0_, purchasede0_.odexcost as odexcos24_40_0_, purchasede0_.odqtyx as odqtyx25_40_0_, purchasede0_.oducfx as oducfx26_40_0_, purchasede0_.oduncostx as oduncos27_40_0_, purchasede0_.oduomx as oduomx28_40_0_, purchasede0_.odfec as odfec29_40_0_, purchasede0_.odfta as odfta30_40_0_, purchasede0_.odftb as odftb31_40_0_, purchasede0_.odfuc as odfuc32_40_0_, purchasede0_.odglcls as odglcls33_40_0_, purchasede0_.odgldt as odgldt34_40_0_, purchasede0_.odir02 as odir35_40_0_, purchasede0_.odir01 as odir36_40_0_, purchasede0_.odir03 as odir37_40_0_, purchasede0_.odinum as odinum38_40_0_, purchasede0_.oddesb1 as oddesb39_40_0_, purchasede0_.oditc05 as oditc40_40_0_, purchasede0_.odlst as odlst41_40_0_, purchasede0_.odlnty as odlnty42_40_0_, purchasede0_.odlocid as odlocid43_40_0_, purchasede0_.odnst as odnst44_40_0_, purchasede0_.odobid as odobid45_40_0_, purchasede0_.odqtyop as odqtyop46_40_0_, purchasede0_.odordt as odordt47_40_0_, purchasede0_.odqtyor as odqtyor48_40_0_, purchasede0_.odott as odott49_40_0_, purchasede0_.odordocdt as odordoc50_40_0_, purchasede0_.odordocno as odordoc51_40_0_, purchasede0_.odordocsq as odordoc52_40_0_, purchasede0_.odordocty as odordoc53_40_0_, purchasede0_.odptc as odptc54_40_0_, purchasede0_.odpqor as odpqor55_40_0_, purchasede0_.oduom1 as oduom56_40_0_, purchasede0_.odpjid as odpjid57_40_0_, purchasede0_.odpddt as odpddt58_40_0_, purchasede0_.odpo03 as odpo59_40_0_, purchasede0_.odpo01 as odpo60_40_0_, purchasede0_.odpo02 as odpo61_40_0_, purchasede0_.odqty as odqty62_40_0_, purchasede0_.odrcdt as odrcdt63_40_0_, purchasede0_.odqtyrc as odqtyrc64_40_0_, purchasede0_.odstid as odstid65_40_0_, purchasede0_.odvr04 as odvr66_40_0_, purchasede0_.odvr01 as odvr67_40_0_, purchasede0_.odvr03 as odvr68_40_0_, purchasede0_.odvr05 as odvr69_40_0_, purchasede0_.odvr02 as odvr70_40_0_, purchasede0_.odrldocno as odrldoc71_40_0_, purchasede0_.odrldocsq as odrldoc72_40_0_, purchasede0_.odrldocty as odrldoc73_40_0_, purchasede0_.odrqdt as odrqdt74_40_0_, purchasede0_.odqtyrn as odqtyrn75_40_0_, purchasede0_.odsqor as odsqor76_40_0_, purchasede0_.oduom2 as oduom77_40_0_, purchasede0_.odsnlot as odsnlot78_40_0_, purchasede0_.odtaxal as odtaxal79_40_0_, purchasede0_.odtaxam as odtaxam80_40_0_, purchasede0_.odtaxab as odtaxab81_40_0_, purchasede0_.odtaxcd as odtaxcd82_40_0_, purchasede0_.odtaxrt as odtaxrt83_40_0_, purchasede0_.odcrct as odcrct84_40_0_, purchasede0_.oditc03 as oditc85_40_0_, purchasede0_.oducf as oducf86_40_0_, purchasede0_.oduncost as oduncos87_40_0_, purchasede0_.odudc as odudc88_40_0_, purchasede0_.odudf as odudf89_40_0_, purchasede0_.oduom as oduom90_40_0_, purchasede0_.odvnid as odvnid91_40_0_, purchaseor1_.ohcoid as ohcoid1_39_1_, purchaseor1_.ohdocono as ohdocono2_39_1_, purchaseor1_.ohdocoty as ohdocoty3_39_1_, purchaseor1_.ohcid as ohcid4_39_1_, purchaseor1_.ohdtin as ohdtin5_39_1_, purchaseor1_.ohtmin as ohtmin6_39_1_, purchaseor1_.ohuid as ohuid7_39_1_, purchaseor1_.ohdtlu as ohdtlu8_39_1_, purchaseor1_.ohtmlu as ohtmlu9_39_1_, purchaseor1_.ohuidm as ohuidm10_39_1_, purchaseor1_.ohaprcd as ohaprcd11_39_1_, purchaseor1_.ohcrcb as ohcrcb12_39_1_, purchaseor1_.ohbuid as ohbuid13_39_1_, purchaseor1_.ohcldt as ohcldt14_39_1_, purchaseor1_.ohcot as ohcot15_39_1_, purchaseor1_.ohcsid as ohcsid16_39_1_, purchaseor1_.ohdesb1 as ohdesb17_39_1_, purchaseor1_.ohdccd as ohdccd18_39_1_, purchaseor1_.ohdcrt as ohdcrt19_39_1_, purchaseor1_.ohexcrt as ohexcrt20_39_1_, purchaseor1_.ohgldt as ohgldt21_39_1_, purchaseor1_.ohidd as ohidd22_39_1_, purchaseor1_.ohidn as ohidn23_39_1_, purchaseor1_.ohlst as ohlst24_39_1_, purchaseor1_.ohnst as ohnst25_39_1_, purchaseor1_.ohobid as ohobid26_39_1_, purchaseor1_.ohordt as ohordt27_39_1_, purchaseor1_.ohptc as ohptc28_39_1_, purchaseor1_.ohpoa as ohpoa29_39_1_, purchaseor1_.ohpod as ohpod30_39_1_, purchaseor1_.ohpjid as ohpjid31_39_1_, purchaseor1_.ohpddt as ohpddt32_39_1_, purchaseor1_.ohrcdt as ohrcdt33_39_1_, purchaseor1_.ohstid as ohstid34_39_1_, purchaseor1_.ohrqdt as ohrqdt35_39_1_, purchaseor1_.ohtaxal as ohtaxal36_39_1_, purchaseor1_.ohtaxcd as ohtaxcd37_39_1_, purchaseor1_.ohtaxrt as ohtaxrt38_39_1_, purchaseor1_.ohcrct as ohcrct39_39_1_, purchaseor1_.ohdesc1 as ohdesc40_39_1_, purchaseor1_.ohdesc2 as ohdesc41_39_1_, purchaseor1_.ohvhrn as ohvhrn42_39_1_, purchaseor1_.ohvhty as ohvhty43_39_1_, purchaseor1_.ohvnid as ohvnid44_39_1_ from t4311 purchasede0_ inner join t4301 purchaseor1_ on purchasede0_.odcoid=purchaseor1_.ohcoid and purchasede0_.oddocono=purchaseor1_.ohdocono and purchasede0_.oddocoty=purchaseor1_.ohdocoty where purchasede0_.odcoid=? and purchasede0_.oddocono=? and purchasede0_.oddocosq=? and purchasede0_.oddocoty=?
Hibernate: select serialnumb0_.coid as coid1_43_0_, serialnumb0_.docno as docno2_43_0_, serialnumb0_.docty as docty3_43_0_, serialnumb0_.docsq as docsq4_43_0_, serialnumb0_.buid as buid5_43_0_, serialnumb0_.inum as inum6_43_0_, serialnumb0_.snlot as snlot7_43_0_, lotmaster1_.ltbuid as ltbuid1_34_1_, lotmaster1_.ltinum as ltinum2_34_1_, lotmaster1_.ltsnlot as ltsnlot3_34_1_, lotmaster1_.ltcid as ltcid4_34_1_, lotmaster1_.ltdtin as ltdtin5_34_1_, lotmaster1_.lttmin as lttmin6_34_1_, lotmaster1_.ltuid as ltuid7_34_1_, lotmaster1_.ltdtlu as ltdtlu8_34_1_, lotmaster1_.lttmlu as lttmlu9_34_1_, lotmaster1_.ltuidm as ltuidm10_34_1_, lotmaster1_.ltbodt as ltbodt11_34_1_, lotmaster1_.ltbbdt as ltbbdt12_34_1_, lotmaster1_.ltcldt as ltcldt13_34_1_, lotmaster1_.ltexpdt as ltexpdt14_34_1_, lotmaster1_.ltldsc as ltldsc15_34_1_, lotmaster1_.ltledt as ltledt16_34_1_, lotmaster1_.ltlsc as ltlsc17_34_1_, lotmaster1_.ltmlot1 as ltmlot18_34_1_, lotmaster1_.ltmlot2 as ltmlot19_34_1_, lotmaster1_.ltmlot3 as ltmlot20_34_1_, lotmaster1_.ltohdt as ltohdt21_34_1_, lotmaster1_.ltsern as ltsern22_34_1_ from transaction_serialnumbers serialnumb0_ inner join t4108 lotmaster1_ on serialnumb0_.buid=lotmaster1_.ltbuid and serialnumb0_.inum=lotmaster1_.ltinum and serialnumb0_.snlot=lotmaster1_.ltsnlot where serialnumb0_.coid=? and serialnumb0_.docno=? and serialnumb0_.docty=? and serialnumb0_.docsq=?
Hibernate: select purchasede0_.odcoid as odcoid1_40_0_, purchasede0_.oddocono as oddocono2_40_0_, purchasede0_.oddocosq as oddocosq3_40_0_, purchasede0_.oddocoty as oddocoty4_40_0_, purchasede0_.odcid as odcid5_40_0_, purchasede0_.oddtin as oddtin6_40_0_, purchasede0_.odtmin as odtmin7_40_0_, purchasede0_.oduid as oduid8_40_0_, purchasede0_.oddtlu as oddtlu9_40_0_, purchasede0_.odtmlu as odtmlu10_40_0_, purchasede0_.oduidm as oduidm11_40_0_, purchasede0_.odacid as odacid12_40_0_, purchasede0_.odaprcd as odaprcd13_40_0_, purchasede0_.odcrcb as odcrcb14_40_0_, purchasede0_.oditc02 as oditc15_40_0_, purchasede0_.odbuid as odbuid16_40_0_, purchasede0_.odqtycl as odqtycl17_40_0_, purchasede0_.oditc01 as oditc18_40_0_, purchasede0_.odcldt as odcldt19_40_0_, purchasede0_.odcsid as odcsid20_40_0_, purchasede0_.oddccd as oddccd21_40_0_, purchasede0_.oddcrt as oddcrt22_40_0_, purchasede0_.odexcrt as odexcrt23_40_0_, purchasede0_.odexcost as odexcos24_40_0_, purchasede0_.odqtyx as odqtyx25_40_0_, purchasede0_.oducfx as oducfx26_40_0_, purchasede0_.oduncostx as oduncos27_40_0_, purchasede0_.oduomx as oduomx28_40_0_, purchasede0_.odfec as odfec29_40_0_, purchasede0_.odfta as odfta30_40_0_, purchasede0_.odftb as odftb31_40_0_, purchasede0_.odfuc as odfuc32_40_0_, purchasede0_.odglcls as odglcls33_40_0_, purchasede0_.odgldt as odgldt34_40_0_, purchasede0_.odir02 as odir35_40_0_, purchasede0_.odir01 as odir36_40_0_, purchasede0_.odir03 as odir37_40_0_, purchasede0_.odinum as odinum38_40_0_, purchasede0_.oddesb1 as oddesb39_40_0_, purchasede0_.oditc05 as oditc40_40_0_, purchasede0_.odlst as odlst41_40_0_, purchasede0_.odlnty as odlnty42_40_0_, purchasede0_.odlocid as odlocid43_40_0_, purchasede0_.odnst as odnst44_40_0_, purchasede0_.odobid as odobid45_40_0_, purchasede0_.odqtyop as odqtyop46_40_0_, purchasede0_.odordt as odordt47_40_0_, purchasede0_.odqtyor as odqtyor48_40_0_, purchasede0_.odott as odott49_40_0_, purchasede0_.odordocdt as odordoc50_40_0_, purchasede0_.odordocno as odordoc51_40_0_, purchasede0_.odordocsq as odordoc52_40_0_, purchasede0_.odordocty as odordoc53_40_0_, purchasede0_.odptc as odptc54_40_0_, purchasede0_.odpqor as odpqor55_40_0_, purchasede0_.oduom1 as oduom56_40_0_, purchasede0_.odpjid as odpjid57_40_0_, purchasede0_.odpddt as odpddt58_40_0_, purchasede0_.odpo03 as odpo59_40_0_, purchasede0_.odpo01 as odpo60_40_0_, purchasede0_.odpo02 as odpo61_40_0_, purchasede0_.odqty as odqty62_40_0_, purchasede0_.odrcdt as odrcdt63_40_0_, purchasede0_.odqtyrc as odqtyrc64_40_0_, purchasede0_.odstid as odstid65_40_0_, purchasede0_.odvr04 as odvr66_40_0_, purchasede0_.odvr01 as odvr67_40_0_, purchasede0_.odvr03 as odvr68_40_0_, purchasede0_.odvr05 as odvr69_40_0_, purchasede0_.odvr02 as odvr70_40_0_, purchasede0_.odrldocno as odrldoc71_40_0_, purchasede0_.odrldocsq as odrldoc72_40_0_, purchasede0_.odrldocty as odrldoc73_40_0_, purchasede0_.odrqdt as odrqdt74_40_0_, purchasede0_.odqtyrn as odqtyrn75_40_0_, purchasede0_.odsqor as odsqor76_40_0_, purchasede0_.oduom2 as oduom77_40_0_, purchasede0_.odsnlot as odsnlot78_40_0_, purchasede0_.odtaxal as odtaxal79_40_0_, purchasede0_.odtaxam as odtaxam80_40_0_, purchasede0_.odtaxab as odtaxab81_40_0_, purchasede0_.odtaxcd as odtaxcd82_40_0_, purchasede0_.odtaxrt as odtaxrt83_40_0_, purchasede0_.odcrct as odcrct84_40_0_, purchasede0_.oditc03 as oditc85_40_0_, purchasede0_.oducf as oducf86_40_0_, purchasede0_.oduncost as oduncos87_40_0_, purchasede0_.odudc as odudc88_40_0_, purchasede0_.odudf as odudf89_40_0_, purchasede0_.oduom as oduom90_40_0_, purchasede0_.odvnid as odvnid91_40_0_, purchaseor1_.ohcoid as ohcoid1_39_1_, purchaseor1_.ohdocono as ohdocono2_39_1_, purchaseor1_.ohdocoty as ohdocoty3_39_1_, purchaseor1_.ohcid as ohcid4_39_1_, purchaseor1_.ohdtin as ohdtin5_39_1_, purchaseor1_.ohtmin as ohtmin6_39_1_, purchaseor1_.ohuid as ohuid7_39_1_, purchaseor1_.ohdtlu as ohdtlu8_39_1_, purchaseor1_.ohtmlu as ohtmlu9_39_1_, purchaseor1_.ohuidm as ohuidm10_39_1_, purchaseor1_.ohaprcd as ohaprcd11_39_1_, purchaseor1_.ohcrcb as ohcrcb12_39_1_, purchaseor1_.ohbuid as ohbuid13_39_1_, purchaseor1_.ohcldt as ohcldt14_39_1_, purchaseor1_.ohcot as ohcot15_39_1_, purchaseor1_.ohcsid as ohcsid16_39_1_, purchaseor1_.ohdesb1 as ohdesb17_39_1_, purchaseor1_.ohdccd as ohdccd18_39_1_, purchaseor1_.ohdcrt as ohdcrt19_39_1_, purchaseor1_.ohexcrt as ohexcrt20_39_1_, purchaseor1_.ohgldt as ohgldt21_39_1_, purchaseor1_.ohidd as ohidd22_39_1_, purchaseor1_.ohidn as ohidn23_39_1_, purchaseor1_.ohlst as ohlst24_39_1_, purchaseor1_.ohnst as ohnst25_39_1_, purchaseor1_.ohobid as ohobid26_39_1_, purchaseor1_.ohordt as ohordt27_39_1_, purchaseor1_.ohptc as ohptc28_39_1_, purchaseor1_.ohpoa as ohpoa29_39_1_, purchaseor1_.ohpod as ohpod30_39_1_, purchaseor1_.ohpjid as ohpjid31_39_1_, purchaseor1_.ohpddt as ohpddt32_39_1_, purchaseor1_.ohrcdt as ohrcdt33_39_1_, purchaseor1_.ohstid as ohstid34_39_1_, purchaseor1_.ohrqdt as ohrqdt35_39_1_, purchaseor1_.ohtaxal as ohtaxal36_39_1_, purchaseor1_.ohtaxcd as ohtaxcd37_39_1_, purchaseor1_.ohtaxrt as ohtaxrt38_39_1_, purchaseor1_.ohcrct as ohcrct39_39_1_, purchaseor1_.ohdesc1 as ohdesc40_39_1_, purchaseor1_.ohdesc2 as ohdesc41_39_1_, purchaseor1_.ohvhrn as ohvhrn42_39_1_, purchaseor1_.ohvhty as ohvhty43_39_1_, purchaseor1_.ohvnid as ohvnid44_39_1_ from t4311 purchasede0_ inner join t4301 purchaseor1_ on purchasede0_.odcoid=purchaseor1_.ohcoid and purchasede0_.oddocono=purchaseor1_.ohdocono and purchasede0_.oddocoty=purchaseor1_.ohdocoty where purchasede0_.odcoid=? and purchasede0_.oddocono=? and purchasede0_.oddocosq=? and purchasede0_.oddocoty=?
Hibernate: select serialnumb0_.coid as coid1_43_0_, serialnumb0_.docno as docno2_43_0_, serialnumb0_.docty as docty3_43_0_, serialnumb0_.docsq as docsq4_43_0_, serialnumb0_.buid as buid5_43_0_, serialnumb0_.inum as inum6_43_0_, serialnumb0_.snlot as snlot7_43_0_, lotmaster1_.ltbuid as ltbuid1_34_1_, lotmaster1_.ltinum as ltinum2_34_1_, lotmaster1_.ltsnlot as ltsnlot3_34_1_, lotmaster1_.ltcid as ltcid4_34_1_, lotmaster1_.ltdtin as ltdtin5_34_1_, lotmaster1_.lttmin as lttmin6_34_1_, lotmaster1_.ltuid as ltuid7_34_1_, lotmaster1_.ltdtlu as ltdtlu8_34_1_, lotmaster1_.lttmlu as lttmlu9_34_1_, lotmaster1_.ltuidm as ltuidm10_34_1_, lotmaster1_.ltbodt as ltbodt11_34_1_, lotmaster1_.ltbbdt as ltbbdt12_34_1_, lotmaster1_.ltcldt as ltcldt13_34_1_, lotmaster1_.ltexpdt as ltexpdt14_34_1_, lotmaster1_.ltldsc as ltldsc15_34_1_, lotmaster1_.ltledt as ltledt16_34_1_, lotmaster1_.ltlsc as ltlsc17_34_1_, lotmaster1_.ltmlot1 as ltmlot18_34_1_, lotmaster1_.ltmlot2 as ltmlot19_34_1_, lotmaster1_.ltmlot3 as ltmlot20_34_1_, lotmaster1_.ltohdt as ltohdt21_34_1_, lotmaster1_.ltsern as ltsern22_34_1_ from transaction_serialnumbers serialnumb0_ inner join t4108 lotmaster1_ on serialnumb0_.buid=lotmaster1_.ltbuid and serialnumb0_.inum=lotmaster1_.ltinum and serialnumb0_.snlot=lotmaster1_.ltsnlot where serialnumb0_.coid=? and serialnumb0_.docno=? and serialnumb0_.docty=? and serialnumb0_.docsq=?
Hibernate: select purchasede0_.odcoid as odcoid1_40_0_, purchasede0_.oddocono as oddocono2_40_0_, purchasede0_.oddocosq as oddocosq3_40_0_, purchasede0_.oddocoty as oddocoty4_40_0_, purchasede0_.odcid as odcid5_40_0_, purchasede0_.oddtin as oddtin6_40_0_, purchasede0_.odtmin as odtmin7_40_0_, purchasede0_.oduid as oduid8_40_0_, purchasede0_.oddtlu as oddtlu9_40_0_, purchasede0_.odtmlu as odtmlu10_40_0_, purchasede0_.oduidm as oduidm11_40_0_, purchasede0_.odacid as odacid12_40_0_, purchasede0_.odaprcd as odaprcd13_40_0_, purchasede0_.odcrcb as odcrcb14_40_0_, purchasede0_.oditc02 as oditc15_40_0_, purchasede0_.odbuid as odbuid16_40_0_, purchasede0_.odqtycl as odqtycl17_40_0_, purchasede0_.oditc01 as oditc18_40_0_, purchasede0_.odcldt as odcldt19_40_0_, purchasede0_.odcsid as odcsid20_40_0_, purchasede0_.oddccd as oddccd21_40_0_, purchasede0_.oddcrt as oddcrt22_40_0_, purchasede0_.odexcrt as odexcrt23_40_0_, purchasede0_.odexcost as odexcos24_40_0_, purchasede0_.odqtyx as odqtyx25_40_0_, purchasede0_.oducfx as oducfx26_40_0_, purchasede0_.oduncostx as oduncos27_40_0_, purchasede0_.oduomx as oduomx28_40_0_, purchasede0_.odfec as odfec29_40_0_, purchasede0_.odfta as odfta30_40_0_, purchasede0_.odftb as odftb31_40_0_, purchasede0_.odfuc as odfuc32_40_0_, purchasede0_.odglcls as odglcls33_40_0_, purchasede0_.odgldt as odgldt34_40_0_, purchasede0_.odir02 as odir35_40_0_, purchasede0_.odir01 as odir36_40_0_, purchasede0_.odir03 as odir37_40_0_, purchasede0_.odinum as odinum38_40_0_, purchasede0_.oddesb1 as oddesb39_40_0_, purchasede0_.oditc05 as oditc40_40_0_, purchasede0_.odlst as odlst41_40_0_, purchasede0_.odlnty as odlnty42_40_0_, purchasede0_.odlocid as odlocid43_40_0_, purchasede0_.odnst as odnst44_40_0_, purchasede0_.odobid as odobid45_40_0_, purchasede0_.odqtyop as odqtyop46_40_0_, purchasede0_.odordt as odordt47_40_0_, purchasede0_.odqtyor as odqtyor48_40_0_, purchasede0_.odott as odott49_40_0_, purchasede0_.odordocdt as odordoc50_40_0_, purchasede0_.odordocno as odordoc51_40_0_, purchasede0_.odordocsq as odordoc52_40_0_, purchasede0_.odordocty as odordoc53_40_0_, purchasede0_.odptc as odptc54_40_0_, purchasede0_.odpqor as odpqor55_40_0_, purchasede0_.oduom1 as oduom56_40_0_, purchasede0_.odpjid as odpjid57_40_0_, purchasede0_.odpddt as odpddt58_40_0_, purchasede0_.odpo03 as odpo59_40_0_, purchasede0_.odpo01 as odpo60_40_0_, purchasede0_.odpo02 as odpo61_40_0_, purchasede0_.odqty as odqty62_40_0_, purchasede0_.odrcdt as odrcdt63_40_0_, purchasede0_.odqtyrc as odqtyrc64_40_0_, purchasede0_.odstid as odstid65_40_0_, purchasede0_.odvr04 as odvr66_40_0_, purchasede0_.odvr01 as odvr67_40_0_, purchasede0_.odvr03 as odvr68_40_0_, purchasede0_.odvr05 as odvr69_40_0_, purchasede0_.odvr02 as odvr70_40_0_, purchasede0_.odrldocno as odrldoc71_40_0_, purchasede0_.odrldocsq as odrldoc72_40_0_, purchasede0_.odrldocty as odrldoc73_40_0_, purchasede0_.odrqdt as odrqdt74_40_0_, purchasede0_.odqtyrn as odqtyrn75_40_0_, purchasede0_.odsqor as odsqor76_40_0_, purchasede0_.oduom2 as oduom77_40_0_, purchasede0_.odsnlot as odsnlot78_40_0_, purchasede0_.odtaxal as odtaxal79_40_0_, purchasede0_.odtaxam as odtaxam80_40_0_, purchasede0_.odtaxab as odtaxab81_40_0_, purchasede0_.odtaxcd as odtaxcd82_40_0_, purchasede0_.odtaxrt as odtaxrt83_40_0_, purchasede0_.odcrct as odcrct84_40_0_, purchasede0_.oditc03 as oditc85_40_0_, purchasede0_.oducf as oducf86_40_0_, purchasede0_.oduncost as oduncos87_40_0_, purchasede0_.odudc as odudc88_40_0_, purchasede0_.odudf as odudf89_40_0_, purchasede0_.oduom as oduom90_40_0_, purchasede0_.odvnid as odvnid91_40_0_, purchaseor1_.ohcoid as ohcoid1_39_1_, purchaseor1_.ohdocono as ohdocono2_39_1_, purchaseor1_.ohdocoty as ohdocoty3_39_1_, purchaseor1_.ohcid as ohcid4_39_1_, purchaseor1_.ohdtin as ohdtin5_39_1_, purchaseor1_.ohtmin as ohtmin6_39_1_, purchaseor1_.ohuid as ohuid7_39_1_, purchaseor1_.ohdtlu as ohdtlu8_39_1_, purchaseor1_.ohtmlu as ohtmlu9_39_1_, purchaseor1_.ohuidm as ohuidm10_39_1_, purchaseor1_.ohaprcd as ohaprcd11_39_1_, purchaseor1_.ohcrcb as ohcrcb12_39_1_, purchaseor1_.ohbuid as ohbuid13_39_1_, purchaseor1_.ohcldt as ohcldt14_39_1_, purchaseor1_.ohcot as ohcot15_39_1_, purchaseor1_.ohcsid as ohcsid16_39_1_, purchaseor1_.ohdesb1 as ohdesb17_39_1_, purchaseor1_.ohdccd as ohdccd18_39_1_, purchaseor1_.ohdcrt as ohdcrt19_39_1_, purchaseor1_.ohexcrt as ohexcrt20_39_1_, purchaseor1_.ohgldt as ohgldt21_39_1_, purchaseor1_.ohidd as ohidd22_39_1_, purchaseor1_.ohidn as ohidn23_39_1_, purchaseor1_.ohlst as ohlst24_39_1_, purchaseor1_.ohnst as ohnst25_39_1_, purchaseor1_.ohobid as ohobid26_39_1_, purchaseor1_.ohordt as ohordt27_39_1_, purchaseor1_.ohptc as ohptc28_39_1_, purchaseor1_.ohpoa as ohpoa29_39_1_, purchaseor1_.ohpod as ohpod30_39_1_, purchaseor1_.ohpjid as ohpjid31_39_1_, purchaseor1_.ohpddt as ohpddt32_39_1_, purchaseor1_.ohrcdt as ohrcdt33_39_1_, purchaseor1_.ohstid as ohstid34_39_1_, purchaseor1_.ohrqdt as ohrqdt35_39_1_, purchaseor1_.ohtaxal as ohtaxal36_39_1_, purchaseor1_.ohtaxcd as ohtaxcd37_39_1_, purchaseor1_.ohtaxrt as ohtaxrt38_39_1_, purchaseor1_.ohcrct as ohcrct39_39_1_, purchaseor1_.ohdesc1 as ohdesc40_39_1_, purchaseor1_.ohdesc2 as ohdesc41_39_1_, purchaseor1_.ohvhrn as ohvhrn42_39_1_, purchaseor1_.ohvhty as ohvhty43_39_1_, purchaseor1_.ohvnid as ohvnid44_39_1_ from t4311 purchasede0_ inner join t4301 purchaseor1_ on purchasede0_.odcoid=purchaseor1_.ohcoid and purchasede0_.oddocono=purchaseor1_.ohdocono and purchasede0_.oddocoty=purchaseor1_.ohdocoty where purchasede0_.odcoid=? and purchasede0_.oddocono=? and purchasede0_.oddocosq=? and purchasede0_.oddocoty=?
Hibernate: select serialnumb0_.coid as coid1_43_0_, serialnumb0_.docno as docno2_43_0_, serialnumb0_.docty as docty3_43_0_, serialnumb0_.docsq as docsq4_43_0_, serialnumb0_.buid as buid5_43_0_, serialnumb0_.inum as inum6_43_0_, serialnumb0_.snlot as snlot7_43_0_, lotmaster1_.ltbuid as ltbuid1_34_1_, lotmaster1_.ltinum as ltinum2_34_1_, lotmaster1_.ltsnlot as ltsnlot3_34_1_, lotmaster1_.ltcid as ltcid4_34_1_, lotmaster1_.ltdtin as ltdtin5_34_1_, lotmaster1_.lttmin as lttmin6_34_1_, lotmaster1_.ltuid as ltuid7_34_1_, lotmaster1_.ltdtlu as ltdtlu8_34_1_, lotmaster1_.lttmlu as lttmlu9_34_1_, lotmaster1_.ltuidm as ltuidm10_34_1_, lotmaster1_.ltbodt as ltbodt11_34_1_, lotmaster1_.ltbbdt as ltbbdt12_34_1_, lotmaster1_.ltcldt as ltcldt13_34_1_, lotmaster1_.ltexpdt as ltexpdt14_34_1_, lotmaster1_.ltldsc as ltldsc15_34_1_, lotmaster1_.ltledt as ltledt16_34_1_, lotmaster1_.ltlsc as ltlsc17_34_1_, lotmaster1_.ltmlot1 as ltmlot18_34_1_, lotmaster1_.ltmlot2 as ltmlot19_34_1_, lotmaster1_.ltmlot3 as ltmlot20_34_1_, lotmaster1_.ltohdt as ltohdt21_34_1_, lotmaster1_.ltsern as ltsern22_34_1_ from transaction_serialnumbers serialnumb0_ inner join t4108 lotmaster1_ on serialnumb0_.buid=lotmaster1_.ltbuid and serialnumb0_.inum=lotmaster1_.ltinum and serialnumb0_.snlot=lotmaster1_.ltsnlot where serialnumb0_.coid=? and serialnumb0_.docno=? and serialnumb0_.docty=? and serialnumb0_.docsq=?
Hibernate: select purchasede0_.odcoid as odcoid1_40_0_, purchasede0_.oddocono as oddocono2_40_0_, purchasede0_.oddocosq as oddocosq3_40_0_, purchasede0_.oddocoty as oddocoty4_40_0_, purchasede0_.odcid as odcid5_40_0_, purchasede0_.oddtin as oddtin6_40_0_, purchasede0_.odtmin as odtmin7_40_0_, purchasede0_.oduid as oduid8_40_0_, purchasede0_.oddtlu as oddtlu9_40_0_, purchasede0_.odtmlu as odtmlu10_40_0_, purchasede0_.oduidm as oduidm11_40_0_, purchasede0_.odacid as odacid12_40_0_, purchasede0_.odaprcd as odaprcd13_40_0_, purchasede0_.odcrcb as odcrcb14_40_0_, purchasede0_.oditc02 as oditc15_40_0_, purchasede0_.odbuid as odbuid16_40_0_, purchasede0_.odqtycl as odqtycl17_40_0_, purchasede0_.oditc01 as oditc18_40_0_, purchasede0_.odcldt as odcldt19_40_0_, purchasede0_.odcsid as odcsid20_40_0_, purchasede0_.oddccd as oddccd21_40_0_, purchasede0_.oddcrt as oddcrt22_40_0_, purchasede0_.odexcrt as odexcrt23_40_0_, purchasede0_.odexcost as odexcos24_40_0_, purchasede0_.odqtyx as odqtyx25_40_0_, purchasede0_.oducfx as oducfx26_40_0_, purchasede0_.oduncostx as oduncos27_40_0_, purchasede0_.oduomx as oduomx28_40_0_, purchasede0_.odfec as odfec29_40_0_, purchasede0_.odfta as odfta30_40_0_, purchasede0_.odftb as odftb31_40_0_, purchasede0_.odfuc as odfuc32_40_0_, purchasede0_.odglcls as odglcls33_40_0_, purchasede0_.odgldt as odgldt34_40_0_, purchasede0_.odir02 as odir35_40_0_, purchasede0_.odir01 as odir36_40_0_, purchasede0_.odir03 as odir37_40_0_, purchasede0_.odinum as odinum38_40_0_, purchasede0_.oddesb1 as oddesb39_40_0_, purchasede0_.oditc05 as oditc40_40_0_, purchasede0_.odlst as odlst41_40_0_, purchasede0_.odlnty as odlnty42_40_0_, purchasede0_.odlocid as odlocid43_40_0_, purchasede0_.odnst as odnst44_40_0_, purchasede0_.odobid as odobid45_40_0_, purchasede0_.odqtyop as odqtyop46_40_0_, purchasede0_.odordt as odordt47_40_0_, purchasede0_.odqtyor as odqtyor48_40_0_, purchasede0_.odott as odott49_40_0_, purchasede0_.odordocdt as odordoc50_40_0_, purchasede0_.odordocno as odordoc51_40_0_, purchasede0_.odordocsq as odordoc52_40_0_, purchasede0_.odordocty as odordoc53_40_0_, purchasede0_.odptc as odptc54_40_0_, purchasede0_.odpqor as odpqor55_40_0_, purchasede0_.oduom1 as oduom56_40_0_, purchasede0_.odpjid as odpjid57_40_0_, purchasede0_.odpddt as odpddt58_40_0_, purchasede0_.odpo03 as odpo59_40_0_, purchasede0_.odpo01 as odpo60_40_0_, purchasede0_.odpo02 as odpo61_40_0_, purchasede0_.odqty as odqty62_40_0_, purchasede0_.odrcdt as odrcdt63_40_0_, purchasede0_.odqtyrc as odqtyrc64_40_0_, purchasede0_.odstid as odstid65_40_0_, purchasede0_.odvr04 as odvr66_40_0_, purchasede0_.odvr01 as odvr67_40_0_, purchasede0_.odvr03 as odvr68_40_0_, purchasede0_.odvr05 as odvr69_40_0_, purchasede0_.odvr02 as odvr70_40_0_, purchasede0_.odrldocno as odrldoc71_40_0_, purchasede0_.odrldocsq as odrldoc72_40_0_, purchasede0_.odrldocty as odrldoc73_40_0_, purchasede0_.odrqdt as odrqdt74_40_0_, purchasede0_.odqtyrn as odqtyrn75_40_0_, purchasede0_.odsqor as odsqor76_40_0_, purchasede0_.oduom2 as oduom77_40_0_, purchasede0_.odsnlot as odsnlot78_40_0_, purchasede0_.odtaxal as odtaxal79_40_0_, purchasede0_.odtaxam as odtaxam80_40_0_, purchasede0_.odtaxab as odtaxab81_40_0_, purchasede0_.odtaxcd as odtaxcd82_40_0_, purchasede0_.odtaxrt as odtaxrt83_40_0_, purchasede0_.odcrct as odcrct84_40_0_, purchasede0_.oditc03 as oditc85_40_0_, purchasede0_.oducf as oducf86_40_0_, purchasede0_.oduncost as oduncos87_40_0_, purchasede0_.odudc as odudc88_40_0_, purchasede0_.odudf as odudf89_40_0_, purchasede0_.oduom as oduom90_40_0_, purchasede0_.odvnid as odvnid91_40_0_, purchaseor1_.ohcoid as ohcoid1_39_1_, purchaseor1_.ohdocono as ohdocono2_39_1_, purchaseor1_.ohdocoty as ohdocoty3_39_1_, purchaseor1_.ohcid as ohcid4_39_1_, purchaseor1_.ohdtin as ohdtin5_39_1_, purchaseor1_.ohtmin as ohtmin6_39_1_, purchaseor1_.ohuid as ohuid7_39_1_, purchaseor1_.ohdtlu as ohdtlu8_39_1_, purchaseor1_.ohtmlu as ohtmlu9_39_1_, purchaseor1_.ohuidm as ohuidm10_39_1_, purchaseor1_.ohaprcd as ohaprcd11_39_1_, purchaseor1_.ohcrcb as ohcrcb12_39_1_, purchaseor1_.ohbuid as ohbuid13_39_1_, purchaseor1_.ohcldt as ohcldt14_39_1_, purchaseor1_.ohcot as ohcot15_39_1_, purchaseor1_.ohcsid as ohcsid16_39_1_, purchaseor1_.ohdesb1 as ohdesb17_39_1_, purchaseor1_.ohdccd as ohdccd18_39_1_, purchaseor1_.ohdcrt as ohdcrt19_39_1_, purchaseor1_.ohexcrt as ohexcrt20_39_1_, purchaseor1_.ohgldt as ohgldt21_39_1_, purchaseor1_.ohidd as ohidd22_39_1_, purchaseor1_.ohidn as ohidn23_39_1_, purchaseor1_.ohlst as ohlst24_39_1_, purchaseor1_.ohnst as ohnst25_39_1_, purchaseor1_.ohobid as ohobid26_39_1_, purchaseor1_.ohordt as ohordt27_39_1_, purchaseor1_.ohptc as ohptc28_39_1_, purchaseor1_.ohpoa as ohpoa29_39_1_, purchaseor1_.ohpod as ohpod30_39_1_, purchaseor1_.ohpjid as ohpjid31_39_1_, purchaseor1_.ohpddt as ohpddt32_39_1_, purchaseor1_.ohrcdt as ohrcdt33_39_1_, purchaseor1_.ohstid as ohstid34_39_1_, purchaseor1_.ohrqdt as ohrqdt35_39_1_, purchaseor1_.ohtaxal as ohtaxal36_39_1_, purchaseor1_.ohtaxcd as ohtaxcd37_39_1_, purchaseor1_.ohtaxrt as ohtaxrt38_39_1_, purchaseor1_.ohcrct as ohcrct39_39_1_, purchaseor1_.ohdesc1 as ohdesc40_39_1_, purchaseor1_.ohdesc2 as ohdesc41_39_1_, purchaseor1_.ohvhrn as ohvhrn42_39_1_, purchaseor1_.ohvhty as ohvhty43_39_1_, purchaseor1_.ohvnid as ohvnid44_39_1_ from t4311 purchasede0_ inner join t4301 purchaseor1_ on purchasede0_.odcoid=purchaseor1_.ohcoid and purchasede0_.oddocono=purchaseor1_.ohdocono and purchasede0_.oddocoty=purchaseor1_.ohdocoty where purchasede0_.odcoid=? and purchasede0_.oddocono=? and purchasede0_.oddocosq=? and purchasede0_.oddocoty=?
Hibernate: select serialnumb0_.coid as coid1_43_0_, serialnumb0_.docno as docno2_43_0_, serialnumb0_.docty as docty3_43_0_, serialnumb0_.docsq as docsq4_43_0_, serialnumb0_.buid as buid5_43_0_, serialnumb0_.inum as inum6_43_0_, serialnumb0_.snlot as snlot7_43_0_, lotmaster1_.ltbuid as ltbuid1_34_1_, lotmaster1_.ltinum as ltinum2_34_1_, lotmaster1_.ltsnlot as ltsnlot3_34_1_, lotmaster1_.ltcid as ltcid4_34_1_, lotmaster1_.ltdtin as ltdtin5_34_1_, lotmaster1_.lttmin as lttmin6_34_1_, lotmaster1_.ltuid as ltuid7_34_1_, lotmaster1_.ltdtlu as ltdtlu8_34_1_, lotmaster1_.lttmlu as lttmlu9_34_1_, lotmaster1_.ltuidm as ltuidm10_34_1_, lotmaster1_.ltbodt as ltbodt11_34_1_, lotmaster1_.ltbbdt as ltbbdt12_34_1_, lotmaster1_.ltcldt as ltcldt13_34_1_, lotmaster1_.ltexpdt as ltexpdt14_34_1_, lotmaster1_.ltldsc as ltldsc15_34_1_, lotmaster1_.ltledt as ltledt16_34_1_, lotmaster1_.ltlsc as ltlsc17_34_1_, lotmaster1_.ltmlot1 as ltmlot18_34_1_, lotmaster1_.ltmlot2 as ltmlot19_34_1_, lotmaster1_.ltmlot3 as ltmlot20_34_1_, lotmaster1_.ltohdt as ltohdt21_34_1_, lotmaster1_.ltsern as ltsern22_34_1_ from transaction_serialnumbers serialnumb0_ inner join t4108 lotmaster1_ on serialnumb0_.buid=lotmaster1_.ltbuid and serialnumb0_.inum=lotmaster1_.ltinum and serialnumb0_.snlot=lotmaster1_.ltsnlot where serialnumb0_.coid=? and serialnumb0_.docno=? and serialnumb0_.docty=? and serialnumb0_.docsq=?
Hibernate: select purchasede0_.odcoid as odcoid1_40_0_, purchasede0_.oddocono as oddocono2_40_0_, purchasede0_.oddocosq as oddocosq3_40_0_, purchasede0_.oddocoty as oddocoty4_40_0_, purchasede0_.odcid as odcid5_40_0_, purchasede0_.oddtin as oddtin6_40_0_, purchasede0_.odtmin as odtmin7_40_0_, purchasede0_.oduid as oduid8_40_0_, purchasede0_.oddtlu as oddtlu9_40_0_, purchasede0_.odtmlu as odtmlu10_40_0_, purchasede0_.oduidm as oduidm11_40_0_, purchasede0_.odacid as odacid12_40_0_, purchasede0_.odaprcd as odaprcd13_40_0_, purchasede0_.odcrcb as odcrcb14_40_0_, purchasede0_.oditc02 as oditc15_40_0_, purchasede0_.odbuid as odbuid16_40_0_, purchasede0_.odqtycl as odqtycl17_40_0_, purchasede0_.oditc01 as oditc18_40_0_, purchasede0_.odcldt as odcldt19_40_0_, purchasede0_.odcsid as odcsid20_40_0_, purchasede0_.oddccd as oddccd21_40_0_, purchasede0_.oddcrt as oddcrt22_40_0_, purchasede0_.odexcrt as odexcrt23_40_0_, purchasede0_.odexcost as odexcos24_40_0_, purchasede0_.odqtyx as odqtyx25_40_0_, purchasede0_.oducfx as oducfx26_40_0_, purchasede0_.oduncostx as oduncos27_40_0_, purchasede0_.oduomx as oduomx28_40_0_, purchasede0_.odfec as odfec29_40_0_, purchasede0_.odfta as odfta30_40_0_, purchasede0_.odftb as odftb31_40_0_, purchasede0_.odfuc as odfuc32_40_0_, purchasede0_.odglcls as odglcls33_40_0_, purchasede0_.odgldt as odgldt34_40_0_, purchasede0_.odir02 as odir35_40_0_, purchasede0_.odir01 as odir36_40_0_, purchasede0_.odir03 as odir37_40_0_, purchasede0_.odinum as odinum38_40_0_, purchasede0_.oddesb1 as oddesb39_40_0_, purchasede0_.oditc05 as oditc40_40_0_, purchasede0_.odlst as odlst41_40_0_, purchasede0_.odlnty as odlnty42_40_0_, purchasede0_.odlocid as odlocid43_40_0_, purchasede0_.odnst as odnst44_40_0_, purchasede0_.odobid as odobid45_40_0_, purchasede0_.odqtyop as odqtyop46_40_0_, purchasede0_.odordt as odordt47_40_0_, purchasede0_.odqtyor as odqtyor48_40_0_, purchasede0_.odott as odott49_40_0_, purchasede0_.odordocdt as odordoc50_40_0_, purchasede0_.odordocno as odordoc51_40_0_, purchasede0_.odordocsq as odordoc52_40_0_, purchasede0_.odordocty as odordoc53_40_0_, purchasede0_.odptc as odptc54_40_0_, purchasede0_.odpqor as odpqor55_40_0_, purchasede0_.oduom1 as oduom56_40_0_, purchasede0_.odpjid as odpjid57_40_0_, purchasede0_.odpddt as odpddt58_40_0_, purchasede0_.odpo03 as odpo59_40_0_, purchasede0_.odpo01 as odpo60_40_0_, purchasede0_.odpo02 as odpo61_40_0_, purchasede0_.odqty as odqty62_40_0_, purchasede0_.odrcdt as odrcdt63_40_0_, purchasede0_.odqtyrc as odqtyrc64_40_0_, purchasede0_.odstid as odstid65_40_0_, purchasede0_.odvr04 as odvr66_40_0_, purchasede0_.odvr01 as odvr67_40_0_, purchasede0_.odvr03 as odvr68_40_0_, purchasede0_.odvr05 as odvr69_40_0_, purchasede0_.odvr02 as odvr70_40_0_, purchasede0_.odrldocno as odrldoc71_40_0_, purchasede0_.odrldocsq as odrldoc72_40_0_, purchasede0_.odrldocty as odrldoc73_40_0_, purchasede0_.odrqdt as odrqdt74_40_0_, purchasede0_.odqtyrn as odqtyrn75_40_0_, purchasede0_.odsqor as odsqor76_40_0_, purchasede0_.oduom2 as oduom77_40_0_, purchasede0_.odsnlot as odsnlot78_40_0_, purchasede0_.odtaxal as odtaxal79_40_0_, purchasede0_.odtaxam as odtaxam80_40_0_, purchasede0_.odtaxab as odtaxab81_40_0_, purchasede0_.odtaxcd as odtaxcd82_40_0_, purchasede0_.odtaxrt as odtaxrt83_40_0_, purchasede0_.odcrct as odcrct84_40_0_, purchasede0_.oditc03 as oditc85_40_0_, purchasede0_.oducf as oducf86_40_0_, purchasede0_.oduncost as oduncos87_40_0_, purchasede0_.odudc as odudc88_40_0_, purchasede0_.odudf as odudf89_40_0_, purchasede0_.oduom as oduom90_40_0_, purchasede0_.odvnid as odvnid91_40_0_, purchaseor1_.ohcoid as ohcoid1_39_1_, purchaseor1_.ohdocono as ohdocono2_39_1_, purchaseor1_.ohdocoty as ohdocoty3_39_1_, purchaseor1_.ohcid as ohcid4_39_1_, purchaseor1_.ohdtin as ohdtin5_39_1_, purchaseor1_.ohtmin as ohtmin6_39_1_, purchaseor1_.ohuid as ohuid7_39_1_, purchaseor1_.ohdtlu as ohdtlu8_39_1_, purchaseor1_.ohtmlu as ohtmlu9_39_1_, purchaseor1_.ohuidm as ohuidm10_39_1_, purchaseor1_.ohaprcd as ohaprcd11_39_1_, purchaseor1_.ohcrcb as ohcrcb12_39_1_, purchaseor1_.ohbuid as ohbuid13_39_1_, purchaseor1_.ohcldt as ohcldt14_39_1_, purchaseor1_.ohcot as ohcot15_39_1_, purchaseor1_.ohcsid as ohcsid16_39_1_, purchaseor1_.ohdesb1 as ohdesb17_39_1_, purchaseor1_.ohdccd as ohdccd18_39_1_, purchaseor1_.ohdcrt as ohdcrt19_39_1_, purchaseor1_.ohexcrt as ohexcrt20_39_1_, purchaseor1_.ohgldt as ohgldt21_39_1_, purchaseor1_.ohidd as ohidd22_39_1_, purchaseor1_.ohidn as ohidn23_39_1_, purchaseor1_.ohlst as ohlst24_39_1_, purchaseor1_.ohnst as ohnst25_39_1_, purchaseor1_.ohobid as ohobid26_39_1_, purchaseor1_.ohordt as ohordt27_39_1_, purchaseor1_.ohptc as ohptc28_39_1_, purchaseor1_.ohpoa as ohpoa29_39_1_, purchaseor1_.ohpod as ohpod30_39_1_, purchaseor1_.ohpjid as ohpjid31_39_1_, purchaseor1_.ohpddt as ohpddt32_39_1_, purchaseor1_.ohrcdt as ohrcdt33_39_1_, purchaseor1_.ohstid as ohstid34_39_1_, purchaseor1_.ohrqdt as ohrqdt35_39_1_, purchaseor1_.ohtaxal as ohtaxal36_39_1_, purchaseor1_.ohtaxcd as ohtaxcd37_39_1_, purchaseor1_.ohtaxrt as ohtaxrt38_39_1_, purchaseor1_.ohcrct as ohcrct39_39_1_, purchaseor1_.ohdesc1 as ohdesc40_39_1_, purchaseor1_.ohdesc2 as ohdesc41_39_1_, purchaseor1_.ohvhrn as ohvhrn42_39_1_, purchaseor1_.ohvhty as ohvhty43_39_1_, purchaseor1_.ohvnid as ohvnid44_39_1_ from t4311 purchasede0_ inner join t4301 purchaseor1_ on purchasede0_.odcoid=purchaseor1_.ohcoid and purchasede0_.oddocono=purchaseor1_.ohdocono and purchasede0_.oddocoty=purchaseor1_.ohdocoty where purchasede0_.odcoid=? and purchasede0_.oddocono=? and purchasede0_.oddocosq=? and purchasede0_.oddocoty=?
Hibernate: select serialnumb0_.coid as coid1_43_0_, serialnumb0_.docno as docno2_43_0_, serialnumb0_.docty as docty3_43_0_, serialnumb0_.docsq as docsq4_43_0_, serialnumb0_.buid as buid5_43_0_, serialnumb0_.inum as inum6_43_0_, serialnumb0_.snlot as snlot7_43_0_, lotmaster1_.ltbuid as ltbuid1_34_1_, lotmaster1_.ltinum as ltinum2_34_1_, lotmaster1_.ltsnlot as ltsnlot3_34_1_, lotmaster1_.ltcid as ltcid4_34_1_, lotmaster1_.ltdtin as ltdtin5_34_1_, lotmaster1_.lttmin as lttmin6_34_1_, lotmaster1_.ltuid as ltuid7_34_1_, lotmaster1_.ltdtlu as ltdtlu8_34_1_, lotmaster1_.lttmlu as lttmlu9_34_1_, lotmaster1_.ltuidm as ltuidm10_34_1_, lotmaster1_.ltbodt as ltbodt11_34_1_, lotmaster1_.ltbbdt as ltbbdt12_34_1_, lotmaster1_.ltcldt as ltcldt13_34_1_, lotmaster1_.ltexpdt as ltexpdt14_34_1_, lotmaster1_.ltldsc as ltldsc15_34_1_, lotmaster1_.ltledt as ltledt16_34_1_, lotmaster1_.ltlsc as ltlsc17_34_1_, lotmaster1_.ltmlot1 as ltmlot18_34_1_, lotmaster1_.ltmlot2 as ltmlot19_34_1_, lotmaster1_.ltmlot3 as ltmlot20_34_1_, lotmaster1_.ltohdt as ltohdt21_34_1_, lotmaster1_.ltsern as ltsern22_34_1_ from transaction_serialnumbers serialnumb0_ inner join t4108 lotmaster1_ on serialnumb0_.buid=lotmaster1_.ltbuid and serialnumb0_.inum=lotmaster1_.ltinum and serialnumb0_.snlot=lotmaster1_.ltsnlot where serialnumb0_.coid=? and serialnumb0_.docno=? and serialnumb0_.docty=? and serialnumb0_.docsq=?
Hibernate: select purchasede0_.odcoid as odcoid1_40_0_, purchasede0_.oddocono as oddocono2_40_0_, purchasede0_.oddocosq as oddocosq3_40_0_, purchasede0_.oddocoty as oddocoty4_40_0_, purchasede0_.odcid as odcid5_40_0_, purchasede0_.oddtin as oddtin6_40_0_, purchasede0_.odtmin as odtmin7_40_0_, purchasede0_.oduid as oduid8_40_0_, purchasede0_.oddtlu as oddtlu9_40_0_, purchasede0_.odtmlu as odtmlu10_40_0_, purchasede0_.oduidm as oduidm11_40_0_, purchasede0_.odacid as odacid12_40_0_, purchasede0_.odaprcd as odaprcd13_40_0_, purchasede0_.odcrcb as odcrcb14_40_0_, purchasede0_.oditc02 as oditc15_40_0_, purchasede0_.odbuid as odbuid16_40_0_, purchasede0_.odqtycl as odqtycl17_40_0_, purchasede0_.oditc01 as oditc18_40_0_, purchasede0_.odcldt as odcldt19_40_0_, purchasede0_.odcsid as odcsid20_40_0_, purchasede0_.oddccd as oddccd21_40_0_, purchasede0_.oddcrt as oddcrt22_40_0_, purchasede0_.odexcrt as odexcrt23_40_0_, purchasede0_.odexcost as odexcos24_40_0_, purchasede0_.odqtyx as odqtyx25_40_0_, purchasede0_.oducfx as oducfx26_40_0_, purchasede0_.oduncostx as oduncos27_40_0_, purchasede0_.oduomx as oduomx28_40_0_, purchasede0_.odfec as odfec29_40_0_, purchasede0_.odfta as odfta30_40_0_, purchasede0_.odftb as odftb31_40_0_, purchasede0_.odfuc as odfuc32_40_0_, purchasede0_.odglcls as odglcls33_40_0_, purchasede0_.odgldt as odgldt34_40_0_, purchasede0_.odir02 as odir35_40_0_, purchasede0_.odir01 as odir36_40_0_, purchasede0_.odir03 as odir37_40_0_, purchasede0_.odinum as odinum38_40_0_, purchasede0_.oddesb1 as oddesb39_40_0_, purchasede0_.oditc05 as oditc40_40_0_, purchasede0_.odlst as odlst41_40_0_, purchasede0_.odlnty as odlnty42_40_0_, purchasede0_.odlocid as odlocid43_40_0_, purchasede0_.odnst as odnst44_40_0_, purchasede0_.odobid as odobid45_40_0_, purchasede0_.odqtyop as odqtyop46_40_0_, purchasede0_.odordt as odordt47_40_0_, purchasede0_.odqtyor as odqtyor48_40_0_, purchasede0_.odott as odott49_40_0_, purchasede0_.odordocdt as odordoc50_40_0_, purchasede0_.odordocno as odordoc51_40_0_, purchasede0_.odordocsq as odordoc52_40_0_, purchasede0_.odordocty as odordoc53_40_0_, purchasede0_.odptc as odptc54_40_0_, purchasede0_.odpqor as odpqor55_40_0_, purchasede0_.oduom1 as oduom56_40_0_, purchasede0_.odpjid as odpjid57_40_0_, purchasede0_.odpddt as odpddt58_40_0_, purchasede0_.odpo03 as odpo59_40_0_, purchasede0_.odpo01 as odpo60_40_0_, purchasede0_.odpo02 as odpo61_40_0_, purchasede0_.odqty as odqty62_40_0_, purchasede0_.odrcdt as odrcdt63_40_0_, purchasede0_.odqtyrc as odqtyrc64_40_0_, purchasede0_.odstid as odstid65_40_0_, purchasede0_.odvr04 as odvr66_40_0_, purchasede0_.odvr01 as odvr67_40_0_, purchasede0_.odvr03 as odvr68_40_0_, purchasede0_.odvr05 as odvr69_40_0_, purchasede0_.odvr02 as odvr70_40_0_, purchasede0_.odrldocno as odrldoc71_40_0_, purchasede0_.odrldocsq as odrldoc72_40_0_, purchasede0_.odrldocty as odrldoc73_40_0_, purchasede0_.odrqdt as odrqdt74_40_0_, purchasede0_.odqtyrn as odqtyrn75_40_0_, purchasede0_.odsqor as odsqor76_40_0_, purchasede0_.oduom2 as oduom77_40_0_, purchasede0_.odsnlot as odsnlot78_40_0_, purchasede0_.odtaxal as odtaxal79_40_0_, purchasede0_.odtaxam as odtaxam80_40_0_, purchasede0_.odtaxab as odtaxab81_40_0_, purchasede0_.odtaxcd as odtaxcd82_40_0_, purchasede0_.odtaxrt as odtaxrt83_40_0_, purchasede0_.odcrct as odcrct84_40_0_, purchasede0_.oditc03 as oditc85_40_0_, purchasede0_.oducf as oducf86_40_0_, purchasede0_.oduncost as oduncos87_40_0_, purchasede0_.odudc as odudc88_40_0_, purchasede0_.odudf as odudf89_40_0_, purchasede0_.oduom as oduom90_40_0_, purchasede0_.odvnid as odvnid91_40_0_, purchaseor1_.ohcoid as ohcoid1_39_1_, purchaseor1_.ohdocono as ohdocono2_39_1_, purchaseor1_.ohdocoty as ohdocoty3_39_1_, purchaseor1_.ohcid as ohcid4_39_1_, purchaseor1_.ohdtin as ohdtin5_39_1_, purchaseor1_.ohtmin as ohtmin6_39_1_, purchaseor1_.ohuid as ohuid7_39_1_, purchaseor1_.ohdtlu as ohdtlu8_39_1_, purchaseor1_.ohtmlu as ohtmlu9_39_1_, purchaseor1_.ohuidm as ohuidm10_39_1_, purchaseor1_.ohaprcd as ohaprcd11_39_1_, purchaseor1_.ohcrcb as ohcrcb12_39_1_, purchaseor1_.ohbuid as ohbuid13_39_1_, purchaseor1_.ohcldt as ohcldt14_39_1_, purchaseor1_.ohcot as ohcot15_39_1_, purchaseor1_.ohcsid as ohcsid16_39_1_, purchaseor1_.ohdesb1 as ohdesb17_39_1_, purchaseor1_.ohdccd as ohdccd18_39_1_, purchaseor1_.ohdcrt as ohdcrt19_39_1_, purchaseor1_.ohexcrt as ohexcrt20_39_1_, purchaseor1_.ohgldt as ohgldt21_39_1_, purchaseor1_.ohidd as ohidd22_39_1_, purchaseor1_.ohidn as ohidn23_39_1_, purchaseor1_.ohlst as ohlst24_39_1_, purchaseor1_.ohnst as ohnst25_39_1_, purchaseor1_.ohobid as ohobid26_39_1_, purchaseor1_.ohordt as ohordt27_39_1_, purchaseor1_.ohptc as ohptc28_39_1_, purchaseor1_.ohpoa as ohpoa29_39_1_, purchaseor1_.ohpod as ohpod30_39_1_, purchaseor1_.ohpjid as ohpjid31_39_1_, purchaseor1_.ohpddt as ohpddt32_39_1_, purchaseor1_.ohrcdt as ohrcdt33_39_1_, purchaseor1_.ohstid as ohstid34_39_1_, purchaseor1_.ohrqdt as ohrqdt35_39_1_, purchaseor1_.ohtaxal as ohtaxal36_39_1_, purchaseor1_.ohtaxcd as ohtaxcd37_39_1_, purchaseor1_.ohtaxrt as ohtaxrt38_39_1_, purchaseor1_.ohcrct as ohcrct39_39_1_, purchaseor1_.ohdesc1 as ohdesc40_39_1_, purchaseor1_.ohdesc2 as ohdesc41_39_1_, purchaseor1_.ohvhrn as ohvhrn42_39_1_, purchaseor1_.ohvhty as ohvhty43_39_1_, purchaseor1_.ohvnid as ohvnid44_39_1_ from t4311 purchasede0_ inner join t4301 purchaseor1_ on purchasede0_.odcoid=purchaseor1_.ohcoid and purchasede0_.oddocono=purchaseor1_.ohdocono and purchasede0_.oddocoty=purchaseor1_.ohdocoty where purchasede0_.odcoid=? and purchasede0_.oddocono=? and purchasede0_.oddocosq=? and purchasede0_.oddocoty=?
Hibernate: select serialnumb0_.coid as coid1_43_0_, serialnumb0_.docno as docno2_43_0_, serialnumb0_.docty as docty3_43_0_, serialnumb0_.docsq as docsq4_43_0_, serialnumb0_.buid as buid5_43_0_, serialnumb0_.inum as inum6_43_0_, serialnumb0_.snlot as snlot7_43_0_, lotmaster1_.ltbuid as ltbuid1_34_1_, lotmaster1_.ltinum as ltinum2_34_1_, lotmaster1_.ltsnlot as ltsnlot3_34_1_, lotmaster1_.ltcid as ltcid4_34_1_, lotmaster1_.ltdtin as ltdtin5_34_1_, lotmaster1_.lttmin as lttmin6_34_1_, lotmaster1_.ltuid as ltuid7_34_1_, lotmaster1_.ltdtlu as ltdtlu8_34_1_, lotmaster1_.lttmlu as lttmlu9_34_1_, lotmaster1_.ltuidm as ltuidm10_34_1_, lotmaster1_.ltbodt as ltbodt11_34_1_, lotmaster1_.ltbbdt as ltbbdt12_34_1_, lotmaster1_.ltcldt as ltcldt13_34_1_, lotmaster1_.ltexpdt as ltexpdt14_34_1_, lotmaster1_.ltldsc as ltldsc15_34_1_, lotmaster1_.ltledt as ltledt16_34_1_, lotmaster1_.ltlsc as ltlsc17_34_1_, lotmaster1_.ltmlot1 as ltmlot18_34_1_, lotmaster1_.ltmlot2 as ltmlot19_34_1_, lotmaster1_.ltmlot3 as ltmlot20_34_1_, lotmaster1_.ltohdt as ltohdt21_34_1_, lotmaster1_.ltsern as ltsern22_34_1_ from transaction_serialnumbers serialnumb0_ inner join t4108 lotmaster1_ on serialnumb0_.buid=lotmaster1_.ltbuid and serialnumb0_.inum=lotmaster1_.ltinum and serialnumb0_.snlot=lotmaster1_.ltsnlot where serialnumb0_.coid=? and serialnumb0_.docno=? and serialnumb0_.docty=? and serialnumb0_.docsq=?
Hibernate: select purchasede0_.odcoid as odcoid1_40_0_, purchasede0_.oddocono as oddocono2_40_0_, purchasede0_.oddocosq as oddocosq3_40_0_, purchasede0_.oddocoty as oddocoty4_40_0_, purchasede0_.odcid as odcid5_40_0_, purchasede0_.oddtin as oddtin6_40_0_, purchasede0_.odtmin as odtmin7_40_0_, purchasede0_.oduid as oduid8_40_0_, purchasede0_.oddtlu as oddtlu9_40_0_, purchasede0_.odtmlu as odtmlu10_40_0_, purchasede0_.oduidm as oduidm11_40_0_, purchasede0_.odacid as odacid12_40_0_, purchasede0_.odaprcd as odaprcd13_40_0_, purchasede0_.odcrcb as odcrcb14_40_0_, purchasede0_.oditc02 as oditc15_40_0_, purchasede0_.odbuid as odbuid16_40_0_, purchasede0_.odqtycl as odqtycl17_40_0_, purchasede0_.oditc01 as oditc18_40_0_, purchasede0_.odcldt as odcldt19_40_0_, purchasede0_.odcsid as odcsid20_40_0_, purchasede0_.oddccd as oddccd21_40_0_, purchasede0_.oddcrt as oddcrt22_40_0_, purchasede0_.odexcrt as odexcrt23_40_0_, purchasede0_.odexcost as odexcos24_40_0_, purchasede0_.odqtyx as odqtyx25_40_0_, purchasede0_.oducfx as oducfx26_40_0_, purchasede0_.oduncostx as oduncos27_40_0_, purchasede0_.oduomx as oduomx28_40_0_, purchasede0_.odfec as odfec29_40_0_, purchasede0_.odfta as odfta30_40_0_, purchasede0_.odftb as odftb31_40_0_, purchasede0_.odfuc as odfuc32_40_0_, purchasede0_.odglcls as odglcls33_40_0_, purchasede0_.odgldt as odgldt34_40_0_, purchasede0_.odir02 as odir35_40_0_, purchasede0_.odir01 as odir36_40_0_, purchasede0_.odir03 as odir37_40_0_, purchasede0_.odinum as odinum38_40_0_, purchasede0_.oddesb1 as oddesb39_40_0_, purchasede0_.oditc05 as oditc40_40_0_, purchasede0_.odlst as odlst41_40_0_, purchasede0_.odlnty as odlnty42_40_0_, purchasede0_.odlocid as odlocid43_40_0_, purchasede0_.odnst as odnst44_40_0_, purchasede0_.odobid as odobid45_40_0_, purchasede0_.odqtyop as odqtyop46_40_0_, purchasede0_.odordt as odordt47_40_0_, purchasede0_.odqtyor as odqtyor48_40_0_, purchasede0_.odott as odott49_40_0_, purchasede0_.odordocdt as odordoc50_40_0_, purchasede0_.odordocno as odordoc51_40_0_, purchasede0_.odordocsq as odordoc52_40_0_, purchasede0_.odordocty as odordoc53_40_0_, purchasede0_.odptc as odptc54_40_0_, purchasede0_.odpqor as odpqor55_40_0_, purchasede0_.oduom1 as oduom56_40_0_, purchasede0_.odpjid as odpjid57_40_0_, purchasede0_.odpddt as odpddt58_40_0_, purchasede0_.odpo03 as odpo59_40_0_, purchasede0_.odpo01 as odpo60_40_0_, purchasede0_.odpo02 as odpo61_40_0_, purchasede0_.odqty as odqty62_40_0_, purchasede0_.odrcdt as odrcdt63_40_0_, purchasede0_.odqtyrc as odqtyrc64_40_0_, purchasede0_.odstid as odstid65_40_0_, purchasede0_.odvr04 as odvr66_40_0_, purchasede0_.odvr01 as odvr67_40_0_, purchasede0_.odvr03 as odvr68_40_0_, purchasede0_.odvr05 as odvr69_40_0_, purchasede0_.odvr02 as odvr70_40_0_, purchasede0_.odrldocno as odrldoc71_40_0_, purchasede0_.odrldocsq as odrldoc72_40_0_, purchasede0_.odrldocty as odrldoc73_40_0_, purchasede0_.odrqdt as odrqdt74_40_0_, purchasede0_.odqtyrn as odqtyrn75_40_0_, purchasede0_.odsqor as odsqor76_40_0_, purchasede0_.oduom2 as oduom77_40_0_, purchasede0_.odsnlot as odsnlot78_40_0_, purchasede0_.odtaxal as odtaxal79_40_0_, purchasede0_.odtaxam as odtaxam80_40_0_, purchasede0_.odtaxab as odtaxab81_40_0_, purchasede0_.odtaxcd as odtaxcd82_40_0_, purchasede0_.odtaxrt as odtaxrt83_40_0_, purchasede0_.odcrct as odcrct84_40_0_, purchasede0_.oditc03 as oditc85_40_0_, purchasede0_.oducf as oducf86_40_0_, purchasede0_.oduncost as oduncos87_40_0_, purchasede0_.odudc as odudc88_40_0_, purchasede0_.odudf as odudf89_40_0_, purchasede0_.oduom as oduom90_40_0_, purchasede0_.odvnid as odvnid91_40_0_, purchaseor1_.ohcoid as ohcoid1_39_1_, purchaseor1_.ohdocono as ohdocono2_39_1_, purchaseor1_.ohdocoty as ohdocoty3_39_1_, purchaseor1_.ohcid as ohcid4_39_1_, purchaseor1_.ohdtin as ohdtin5_39_1_, purchaseor1_.ohtmin as ohtmin6_39_1_, purchaseor1_.ohuid as ohuid7_39_1_, purchaseor1_.ohdtlu as ohdtlu8_39_1_, purchaseor1_.ohtmlu as ohtmlu9_39_1_, purchaseor1_.ohuidm as ohuidm10_39_1_, purchaseor1_.ohaprcd as ohaprcd11_39_1_, purchaseor1_.ohcrcb as ohcrcb12_39_1_, purchaseor1_.ohbuid as ohbuid13_39_1_, purchaseor1_.ohcldt as ohcldt14_39_1_, purchaseor1_.ohcot as ohcot15_39_1_, purchaseor1_.ohcsid as ohcsid16_39_1_, purchaseor1_.ohdesb1 as ohdesb17_39_1_, purchaseor1_.ohdccd as ohdccd18_39_1_, purchaseor1_.ohdcrt as ohdcrt19_39_1_, purchaseor1_.ohexcrt as ohexcrt20_39_1_, purchaseor1_.ohgldt as ohgldt21_39_1_, purchaseor1_.ohidd as ohidd22_39_1_, purchaseor1_.ohidn as ohidn23_39_1_, purchaseor1_.ohlst as ohlst24_39_1_, purchaseor1_.ohnst as ohnst25_39_1_, purchaseor1_.ohobid as ohobid26_39_1_, purchaseor1_.ohordt as ohordt27_39_1_, purchaseor1_.ohptc as ohptc28_39_1_, purchaseor1_.ohpoa as ohpoa29_39_1_, purchaseor1_.ohpod as ohpod30_39_1_, purchaseor1_.ohpjid as ohpjid31_39_1_, purchaseor1_.ohpddt as ohpddt32_39_1_, purchaseor1_.ohrcdt as ohrcdt33_39_1_, purchaseor1_.ohstid as ohstid34_39_1_, purchaseor1_.ohrqdt as ohrqdt35_39_1_, purchaseor1_.ohtaxal as ohtaxal36_39_1_, purchaseor1_.ohtaxcd as ohtaxcd37_39_1_, purchaseor1_.ohtaxrt as ohtaxrt38_39_1_, purchaseor1_.ohcrct as ohcrct39_39_1_, purchaseor1_.ohdesc1 as ohdesc40_39_1_, purchaseor1_.ohdesc2 as ohdesc41_39_1_, purchaseor1_.ohvhrn as ohvhrn42_39_1_, purchaseor1_.ohvhty as ohvhty43_39_1_, purchaseor1_.ohvnid as ohvnid44_39_1_ from t4311 purchasede0_ inner join t4301 purchaseor1_ on purchasede0_.odcoid=purchaseor1_.ohcoid and purchasede0_.oddocono=purchaseor1_.ohdocono and purchasede0_.oddocoty=purchaseor1_.ohdocoty where purchasede0_.odcoid=? and purchasede0_.oddocono=? and purchasede0_.oddocosq=? and purchasede0_.oddocoty=?
Hibernate: select serialnumb0_.coid as coid1_43_0_, serialnumb0_.docno as docno2_43_0_, serialnumb0_.docty as docty3_43_0_, serialnumb0_.docsq as docsq4_43_0_, serialnumb0_.buid as buid5_43_0_, serialnumb0_.inum as inum6_43_0_, serialnumb0_.snlot as snlot7_43_0_, lotmaster1_.ltbuid as ltbuid1_34_1_, lotmaster1_.ltinum as ltinum2_34_1_, lotmaster1_.ltsnlot as ltsnlot3_34_1_, lotmaster1_.ltcid as ltcid4_34_1_, lotmaster1_.ltdtin as ltdtin5_34_1_, lotmaster1_.lttmin as lttmin6_34_1_, lotmaster1_.ltuid as ltuid7_34_1_, lotmaster1_.ltdtlu as ltdtlu8_34_1_, lotmaster1_.lttmlu as lttmlu9_34_1_, lotmaster1_.ltuidm as ltuidm10_34_1_, lotmaster1_.ltbodt as ltbodt11_34_1_, lotmaster1_.ltbbdt as ltbbdt12_34_1_, lotmaster1_.ltcldt as ltcldt13_34_1_, lotmaster1_.ltexpdt as ltexpdt14_34_1_, lotmaster1_.ltldsc as ltldsc15_34_1_, lotmaster1_.ltledt as ltledt16_34_1_, lotmaster1_.ltlsc as ltlsc17_34_1_, lotmaster1_.ltmlot1 as ltmlot18_34_1_, lotmaster1_.ltmlot2 as ltmlot19_34_1_, lotmaster1_.ltmlot3 as ltmlot20_34_1_, lotmaster1_.ltohdt as ltohdt21_34_1_, lotmaster1_.ltsern as ltsern22_34_1_ from transaction_serialnumbers serialnumb0_ inner join t4108 lotmaster1_ on serialnumb0_.buid=lotmaster1_.ltbuid and serialnumb0_.inum=lotmaster1_.ltinum and serialnumb0_.snlot=lotmaster1_.ltsnlot where serialnumb0_.coid=? and serialnumb0_.docno=? and serialnumb0_.docty=? and serialnumb0_.docsq=?
Hibernate: select purchasede0_.odcoid as odcoid1_40_0_, purchasede0_.oddocono as oddocono2_40_0_, purchasede0_.oddocosq as oddocosq3_40_0_, purchasede0_.oddocoty as oddocoty4_40_0_, purchasede0_.odcid as odcid5_40_0_, purchasede0_.oddtin as oddtin6_40_0_, purchasede0_.odtmin as odtmin7_40_0_, purchasede0_.oduid as oduid8_40_0_, purchasede0_.oddtlu as oddtlu9_40_0_, purchasede0_.odtmlu as odtmlu10_40_0_, purchasede0_.oduidm as oduidm11_40_0_, purchasede0_.odacid as odacid12_40_0_, purchasede0_.odaprcd as odaprcd13_40_0_, purchasede0_.odcrcb as odcrcb14_40_0_, purchasede0_.oditc02 as oditc15_40_0_, purchasede0_.odbuid as odbuid16_40_0_, purchasede0_.odqtycl as odqtycl17_40_0_, purchasede0_.oditc01 as oditc18_40_0_, purchasede0_.odcldt as odcldt19_40_0_, purchasede0_.odcsid as odcsid20_40_0_, purchasede0_.oddccd as oddccd21_40_0_, purchasede0_.oddcrt as oddcrt22_40_0_, purchasede0_.odexcrt as odexcrt23_40_0_, purchasede0_.odexcost as odexcos24_40_0_, purchasede0_.odqtyx as odqtyx25_40_0_, purchasede0_.oducfx as oducfx26_40_0_, purchasede0_.oduncostx as oduncos27_40_0_, purchasede0_.oduomx as oduomx28_40_0_, purchasede0_.odfec as odfec29_40_0_, purchasede0_.odfta as odfta30_40_0_, purchasede0_.odftb as odftb31_40_0_, purchasede0_.odfuc as odfuc32_40_0_, purchasede0_.odglcls as odglcls33_40_0_, purchasede0_.odgldt as odgldt34_40_0_, purchasede0_.odir02 as odir35_40_0_, purchasede0_.odir01 as odir36_40_0_, purchasede0_.odir03 as odir37_40_0_, purchasede0_.odinum as odinum38_40_0_, purchasede0_.oddesb1 as oddesb39_40_0_, purchasede0_.oditc05 as oditc40_40_0_, purchasede0_.odlst as odlst41_40_0_, purchasede0_.odlnty as odlnty42_40_0_, purchasede0_.odlocid as odlocid43_40_0_, purchasede0_.odnst as odnst44_40_0_, purchasede0_.odobid as odobid45_40_0_, purchasede0_.odqtyop as odqtyop46_40_0_, purchasede0_.odordt as odordt47_40_0_, purchasede0_.odqtyor as odqtyor48_40_0_, purchasede0_.odott as odott49_40_0_, purchasede0_.odordocdt as odordoc50_40_0_, purchasede0_.odordocno as odordoc51_40_0_, purchasede0_.odordocsq as odordoc52_40_0_, purchasede0_.odordocty as odordoc53_40_0_, purchasede0_.odptc as odptc54_40_0_, purchasede0_.odpqor as odpqor55_40_0_, purchasede0_.oduom1 as oduom56_40_0_, purchasede0_.odpjid as odpjid57_40_0_, purchasede0_.odpddt as odpddt58_40_0_, purchasede0_.odpo03 as odpo59_40_0_, purchasede0_.odpo01 as odpo60_40_0_, purchasede0_.odpo02 as odpo61_40_0_, purchasede0_.odqty as odqty62_40_0_, purchasede0_.odrcdt as odrcdt63_40_0_, purchasede0_.odqtyrc as odqtyrc64_40_0_, purchasede0_.odstid as odstid65_40_0_, purchasede0_.odvr04 as odvr66_40_0_, purchasede0_.odvr01 as odvr67_40_0_, purchasede0_.odvr03 as odvr68_40_0_, purchasede0_.odvr05 as odvr69_40_0_, purchasede0_.odvr02 as odvr70_40_0_, purchasede0_.odrldocno as odrldoc71_40_0_, purchasede0_.odrldocsq as odrldoc72_40_0_, purchasede0_.odrldocty as odrldoc73_40_0_, purchasede0_.odrqdt as odrqdt74_40_0_, purchasede0_.odqtyrn as odqtyrn75_40_0_, purchasede0_.odsqor as odsqor76_40_0_, purchasede0_.oduom2 as oduom77_40_0_, purchasede0_.odsnlot as odsnlot78_40_0_, purchasede0_.odtaxal as odtaxal79_40_0_, purchasede0_.odtaxam as odtaxam80_40_0_, purchasede0_.odtaxab as odtaxab81_40_0_, purchasede0_.odtaxcd as odtaxcd82_40_0_, purchasede0_.odtaxrt as odtaxrt83_40_0_, purchasede0_.odcrct as odcrct84_40_0_, purchasede0_.oditc03 as oditc85_40_0_, purchasede0_.oducf as oducf86_40_0_, purchasede0_.oduncost as oduncos87_40_0_, purchasede0_.odudc as odudc88_40_0_, purchasede0_.odudf as odudf89_40_0_, purchasede0_.oduom as oduom90_40_0_, purchasede0_.odvnid as odvnid91_40_0_, purchaseor1_.ohcoid as ohcoid1_39_1_, purchaseor1_.ohdocono as ohdocono2_39_1_, purchaseor1_.ohdocoty as ohdocoty3_39_1_, purchaseor1_.ohcid as ohcid4_39_1_, purchaseor1_.ohdtin as ohdtin5_39_1_, purchaseor1_.ohtmin as ohtmin6_39_1_, purchaseor1_.ohuid as ohuid7_39_1_, purchaseor1_.ohdtlu as ohdtlu8_39_1_, purchaseor1_.ohtmlu as ohtmlu9_39_1_, purchaseor1_.ohuidm as ohuidm10_39_1_, purchaseor1_.ohaprcd as ohaprcd11_39_1_, purchaseor1_.ohcrcb as ohcrcb12_39_1_, purchaseor1_.ohbuid as ohbuid13_39_1_, purchaseor1_.ohcldt as ohcldt14_39_1_, purchaseor1_.ohcot as ohcot15_39_1_, purchaseor1_.ohcsid as ohcsid16_39_1_, purchaseor1_.ohdesb1 as ohdesb17_39_1_, purchaseor1_.ohdccd as ohdccd18_39_1_, purchaseor1_.ohdcrt as ohdcrt19_39_1_, purchaseor1_.ohexcrt as ohexcrt20_39_1_, purchaseor1_.ohgldt as ohgldt21_39_1_, purchaseor1_.ohidd as ohidd22_39_1_, purchaseor1_.ohidn as ohidn23_39_1_, purchaseor1_.ohlst as ohlst24_39_1_, purchaseor1_.ohnst as ohnst25_39_1_, purchaseor1_.ohobid as ohobid26_39_1_, purchaseor1_.ohordt as ohordt27_39_1_, purchaseor1_.ohptc as ohptc28_39_1_, purchaseor1_.ohpoa as ohpoa29_39_1_, purchaseor1_.ohpod as ohpod30_39_1_, purchaseor1_.ohpjid as ohpjid31_39_1_, purchaseor1_.ohpddt as ohpddt32_39_1_, purchaseor1_.ohrcdt as ohrcdt33_39_1_, purchaseor1_.ohstid as ohstid34_39_1_, purchaseor1_.ohrqdt as ohrqdt35_39_1_, purchaseor1_.ohtaxal as ohtaxal36_39_1_, purchaseor1_.ohtaxcd as ohtaxcd37_39_1_, purchaseor1_.ohtaxrt as ohtaxrt38_39_1_, purchaseor1_.ohcrct as ohcrct39_39_1_, purchaseor1_.ohdesc1 as ohdesc40_39_1_, purchaseor1_.ohdesc2 as ohdesc41_39_1_, purchaseor1_.ohvhrn as ohvhrn42_39_1_, purchaseor1_.ohvhty as ohvhty43_39_1_, purchaseor1_.ohvnid as ohvnid44_39_1_ from t4311 purchasede0_ inner join t4301 purchaseor1_ on purchasede0_.odcoid=purchaseor1_.ohcoid and purchasede0_.oddocono=purchaseor1_.ohdocono and purchasede0_.oddocoty=purchaseor1_.ohdocoty where purchasede0_.odcoid=? and purchasede0_.oddocono=? and purchasede0_.oddocosq=? and purchasede0_.oddocoty=?
Hibernate: select serialnumb0_.coid as coid1_43_0_, serialnumb0_.docno as docno2_43_0_, serialnumb0_.docty as docty3_43_0_, serialnumb0_.docsq as docsq4_43_0_, serialnumb0_.buid as buid5_43_0_, serialnumb0_.inum as inum6_43_0_, serialnumb0_.snlot as snlot7_43_0_, lotmaster1_.ltbuid as ltbuid1_34_1_, lotmaster1_.ltinum as ltinum2_34_1_, lotmaster1_.ltsnlot as ltsnlot3_34_1_, lotmaster1_.ltcid as ltcid4_34_1_, lotmaster1_.ltdtin as ltdtin5_34_1_, lotmaster1_.lttmin as lttmin6_34_1_, lotmaster1_.ltuid as ltuid7_34_1_, lotmaster1_.ltdtlu as ltdtlu8_34_1_, lotmaster1_.lttmlu as lttmlu9_34_1_, lotmaster1_.ltuidm as ltuidm10_34_1_, lotmaster1_.ltbodt as ltbodt11_34_1_, lotmaster1_.ltbbdt as ltbbdt12_34_1_, lotmaster1_.ltcldt as ltcldt13_34_1_, lotmaster1_.ltexpdt as ltexpdt14_34_1_, lotmaster1_.ltldsc as ltldsc15_34_1_, lotmaster1_.ltledt as ltledt16_34_1_, lotmaster1_.ltlsc as ltlsc17_34_1_, lotmaster1_.ltmlot1 as ltmlot18_34_1_, lotmaster1_.ltmlot2 as ltmlot19_34_1_, lotmaster1_.ltmlot3 as ltmlot20_34_1_, lotmaster1_.ltohdt as ltohdt21_34_1_, lotmaster1_.ltsern as ltsern22_34_1_ from transaction_serialnumbers serialnumb0_ inner join t4108 lotmaster1_ on serialnumb0_.buid=lotmaster1_.ltbuid and serialnumb0_.inum=lotmaster1_.ltinum and serialnumb0_.snlot=lotmaster1_.ltsnlot where serialnumb0_.coid=? and serialnumb0_.docno=? and serialnumb0_.docty=? and serialnumb0_.docsq=?
Hibernate: select purchasere0_.ovcoid as ovcoid1_41_, purchasere0_.ovdocno as ovdocno2_41_, purchasere0_.ovdocty as ovdocty3_41_, purchasere0_.ovdocsq as ovdocsq4_41_, purchasere0_.ovcid as ovcid5_41_, purchasere0_.ovdtin as ovdtin6_41_, purchasere0_.ovtmin as ovtmin7_41_, purchasere0_.ovuid as ovuid8_41_, purchasere0_.ovdtlu as ovdtlu9_41_, purchasere0_.ovtmlu as ovtmlu10_41_, purchasere0_.ovuidm as ovuidm11_41_, purchasere0_.ovacid as ovacid12_41_, purchasere0_.ovcrcb as ovcrcb13_41_, purchasere0_.ovicu as ovicu14_41_, purchasere0_.ovicut as ovicut15_41_, purchasere0_.ovitc02 as ovitc16_41_, purchasere0_.ovbuid as ovbuid17_41_, purchasere0_.ovitc01 as ovitc18_41_, purchasere0_.ovcot as ovcot19_41_, purchasere0_.ovcnid as ovcnid20_41_, purchasere0_.ovcsdocdt as ovcsdoc21_41_, purchasere0_.ovcsdocno as ovcsdoc22_41_, purchasere0_.ovurtx as ovurtx23_41_, purchasere0_.ovdccd as ovdccd24_41_, purchasere0_.ovdcrt as ovdcrt25_41_, purchasere0_.ovdocdt as ovdocdt26_41_, purchasere0_.ovexcrt as ovexcrt27_41_, purchasere0_.ovexpdt as ovexpdt28_41_, purchasere0_.ovexcost as ovexcos29_41_, purchasere0_.ovfec as ovfec30_41_, purchasere0_.ovfta as ovfta31_41_, purchasere0_.ovftb as ovftb32_41_, purchasere0_.ovfuc as ovfuc33_41_, purchasere0_.ovglcls as ovglcls34_41_, purchasere0_.ovidd as ovidd35_41_, purchasere0_.ovidn as ovidn36_41_, purchasere0_.ovitt as ovitt37_41_, purchasere0_.ovdocidt as ovdocid38_41_, purchasere0_.ovdocino as ovdocin39_41_, purchasere0_.ovdocisq as ovdocis40_41_, purchasere0_.ovdocity as ovdocit41_41_, purchasere0_.ovinum as ovinum42_41_, purchasere0_.ovdesb1 as ovdesb43_41_, purchasere0_.ovlcrt as ovlcrt44_41_, purchasere0_.ovitc05 as ovitc45_41_, purchasere0_.ovlst as ovlst46_41_, purchasere0_.ovlvla as ovlvla47_41_, purchasere0_.ovlnty as ovlnty48_41_, purchasere0_.ovlocid as ovlocid49_41_, purchasere0_.ovmatc as ovmatc50_41_, purchasere0_.ovnst as ovnst51_41_, purchasere0_.ovobid as ovobid52_41_, purchasere0_.ovdocono as ovdocon53_41_, purchasere0_.ovdocosq as ovdocos54_41_, purchasere0_.ovdocoty as ovdocot55_41_, purchasere0_.ovordocno as ovordoc56_41_, purchasere0_.ovordocsq as ovordoc57_41_, purchasere0_.ovordocty as ovordoc58_41_, purchasere0_.ovptc as ovptc59_41_, purchasere0_.ovpoa as ovpoa60_41_, purchasere0_.ovpod as ovpod61_41_, purchasere0_.ovpqot as ovpqot62_41_, purchasere0_.ovuom1 as ovuom63_41_, purchasere0_.ovpjid as ovpjid64_41_, purchasere0_.ovpo03 as ovpo65_41_, purchasere0_.ovpo01 as ovpo66_41_, purchasere0_.ovpo02 as ovpo67_41_, purchasere0_.ovqty as ovqty68_41_, purchasere0_.ovrcdt as ovrcdt69_41_, purchasere0_.ovrecid as ovrecid70_41_, purchasere0_.ovvr04 as ovvr71_41_, purchasere0_.ovvr01 as ovvr72_41_, purchasere0_.ovvr03 as ovvr73_41_, purchasere0_.ovvr05 as ovvr74_41_, purchasere0_.ovvr02 as ovvr75_41_, purchasere0_.ovrtgc as ovrtgc76_41_, purchasere0_.ovsqot as ovsqot77_41_, purchasere0_.ovuom2 as ovuom78_41_, purchasere0_.ovsnlot as ovsnlot79_41_, purchasere0_.ovtaxal as ovtaxal80_41_, purchasere0_.ovtaxam as ovtaxam81_41_, purchasere0_.ovtaxab as ovtaxab82_41_, purchasere0_.ovtaxcd as ovtaxcd83_41_, purchasere0_.ovtaxidt as ovtaxid84_41_, purchasere0_.ovtaxino as ovtaxin85_41_, purchasere0_.ovtaxrt as ovtaxrt86_41_, purchasere0_.ovcrct as ovcrct87_41_, purchasere0_.ovitc03 as ovitc88_41_, purchasere0_.ovucf as ovucf89_41_, purchasere0_.ovuncost as ovuncos90_41_, purchasere0_.ovudc as ovudc91_41_, purchasere0_.ovudf as ovudf92_41_, purchasere0_.ovuom as ovuom93_41_, purchasere0_.ovvnid as ovvnid94_41_, purchasere0_.ovinvdt as ovinvdt95_41_, purchasere0_.ovinvno as ovinvno96_41_ from t4312 purchasere0_ where purchasere0_.ovcoid=? and purchasere0_.ovdocno=? and purchasere0_.ovdocty=?
2018-12-27 11:25:52.295  INFO 2120 --- [    Test worker] o.s.t.c.transaction.TransactionContext   : Rolled back transaction for test: [DefaultTestContext@4cd7a432 testClass = PurchaseReceiptApiTest, testInstance = ags.goldenlionerp.apiTests.purchase.PurchaseReceiptApiTest@3d6948e6, testMethod = updateTestWithPatch@ApiTestBase, testException = [null], mergedContextConfiguration = [WebMergedContextConfiguration@6aa9a5ba testClass = PurchaseReceiptApiTest, locations = '{}', classes = '{class ags.goldenlionerp.GoldenLionErpApplication}', contextInitializerClasses = '[]', activeProfiles = '{}', propertySourceLocations = '{classpath:test.properties}', propertySourceProperties = '{org.springframework.boot.test.context.SpringBootTestContextBootstrapper=true}', contextCustomizers = set[org.springframework.boot.test.autoconfigure.properties.PropertyMappingContextCustomizer@0, org.springframework.boot.test.autoconfigure.web.servlet.WebDriverContextCustomizerFactory$Customizer@636d731e, [ImportsContextCustomizer@6f6d8820 key = [ags.goldenlionerp.apiTests.ApiTestBase$TestConfig]], org.springframework.boot.test.context.filter.ExcludeFilterContextCustomizer@6afa5291, org.springframework.boot.test.json.DuplicateJsonObjectContextCustomizerFactory$DuplicateJsonObjectContextCustomizer@20cebcb4, org.springframework.boot.test.mock.mockito.MockitoContextCustomizer@0, org.springframework.boot.test.web.client.TestRestTemplateContextCustomizer@49a32273], resourceBasePath = 'src/main/webapp', contextLoader = 'org.springframework.boot.test.context.SpringBootContextLoader', parent = [null]], attributes = map['org.springframework.test.context.web.ServletTestExecutionListener.activateListener' -> true, 'org.springframework.test.context.web.ServletTestExecutionListener.populatedRequestContextHolder' -> true, 'org.springframework.test.context.web.ServletTestExecutionListener.resetRequestContextHolder' -> true]]
2018-12-27 11:25:52.297  INFO 2120 --- [    Test worker] o.s.t.c.transaction.TransactionContext   : Began transaction (1) for test context [DefaultTestContext@4cd7a432 testClass = PurchaseReceiptApiTest, testInstance = ags.goldenlionerp.apiTests.purchase.PurchaseReceiptApiTest@5fa60dcd, testMethod = getTestCollection@ApiTestBase, testException = [null], mergedContextConfiguration = [WebMergedContextConfiguration@6aa9a5ba testClass = PurchaseReceiptApiTest, locations = '{}', classes = '{class ags.goldenlionerp.GoldenLionErpApplication}', contextInitializerClasses = '[]', activeProfiles = '{}', propertySourceLocations = '{classpath:test.properties}', propertySourceProperties = '{org.springframework.boot.test.context.SpringBootTestContextBootstrapper=true}', contextCustomizers = set[org.springframework.boot.test.autoconfigure.properties.PropertyMappingContextCustomizer@0, org.springframework.boot.test.autoconfigure.web.servlet.WebDriverContextCustomizerFactory$Customizer@636d731e, [ImportsContextCustomizer@6f6d8820 key = [ags.goldenlionerp.apiTests.ApiTestBase$TestConfig]], org.springframework.boot.test.context.filter.ExcludeFilterContextCustomizer@6afa5291, org.springframework.boot.test.json.DuplicateJsonObjectContextCustomizerFactory$DuplicateJsonObjectContextCustomizer@20cebcb4, org.springframework.boot.test.mock.mockito.MockitoContextCustomizer@0, org.springframework.boot.test.web.client.TestRestTemplateContextCustomizer@49a32273], resourceBasePath = 'src/main/webapp', contextLoader = 'org.springframework.boot.test.context.SpringBootContextLoader', parent = [null]], attributes = map['org.springframework.test.context.web.ServletTestExecutionListener.activateListener' -> true, 'org.springframework.test.context.web.ServletTestExecutionListener.populatedRequestContextHolder' -> true, 'org.springframework.test.context.web.ServletTestExecutionListener.resetRequestContextHolder' -> true]]; transaction manager [org.springframework.orm.jpa.JpaTransactionManager@75de8c12]; rollback [true]
2018-12-27 11:25:52.297  INFO 2120 --- [    Test worker] o.s.b.t.m.w.SpringBootMockServletContext : Initializing Spring FrameworkServlet ''
2018-12-27 11:25:52.297  INFO 2120 --- [    Test worker] o.s.t.web.servlet.TestDispatcherServlet  : FrameworkServlet '': initialization started
2018-12-27 11:25:52.304  INFO 2120 --- [    Test worker] o.s.t.web.servlet.TestDispatcherServlet  : FrameworkServlet '': initialization completed in 7 ms
Hibernate: select count(*) as col_0_0_ from t4301 purchaseor0_ where purchaseor0_.ohcoid=? and purchaseor0_.ohdocono=? and purchaseor0_.ohdocoty=?
Hibernate: select company0_.cncoid as cncoid1_9_0_, company0_.cncid as cncid2_9_0_, company0_.cndtin as cndtin3_9_0_, company0_.cntmin as cntmin4_9_0_, company0_.cnuid as cnuid5_9_0_, company0_.cndtlu as cndtlu6_9_0_, company0_.cntmlu as cntmlu7_9_0_, company0_.cnuidm as cnuidm8_9_0_, company0_.cnanum as cnanum9_9_0_, company0_.cncrcb as cncrcb10_9_0_, company0_.cncap as cncap11_9_0_, company0_.cncfy as cncfy12_9_0_, company0_.cncip as cncip13_9_0_, company0_.cncpp as cncpp14_9_0_, company0_.cncrp as cncrp15_9_0_, company0_.cndesb1 as cndesb16_9_0_, company0_.cnfdp as cnfdp17_9_0_ from t0020 company0_ where company0_.cncoid=?
Hibernate: select addressboo0_.adanum as adanum1_16_0_, addressboo0_.adcid as adcid2_16_0_, addressboo0_.addtin as addtin3_16_0_, addressboo0_.adtmin as adtmin4_16_0_, addressboo0_.aduid as aduid5_16_0_, addressboo0_.addtlu as addtlu6_16_0_, addressboo0_.adtmlu as adtmlu7_16_0_, addressboo0_.aduidm as aduidm8_16_0_, addressboo0_.adap as adap9_16_0_, addressboo0_.adar as adar10_16_0_, addressboo0_.adbuid as adbuid11_16_0_, addressboo0_.adcc01 as adcc12_16_0_, addressboo0_.adcc02 as adcc13_16_0_, addressboo0_.adcc03 as adcc14_16_0_, addressboo0_.adcc04 as adcc15_16_0_, addressboo0_.adcc05 as adcc16_16_0_, addressboo0_.adcc06 as adcc17_16_0_, addressboo0_.adcc07 as adcc18_16_0_, addressboo0_.adcc08 as adcc19_16_0_, addressboo0_.adcc09 as adcc20_16_0_, addressboo0_.adcc10 as adcc21_16_0_, addressboo0_.adempl as adempl22_16_0_, addressboo0_.adtmlt as adtmlt23_16_0_, addressboo0_.adlan as adlan24_16_0_, addressboo0_.admlnm as admlnm25_16_0_, addressboo0_.adnm as adnm26_16_0_, addressboo0_.adpan as adpan27_16_0_, addressboo0_.adrecid as adrecid28_16_0_, addressboo0_.adrlid0 as adrlid29_16_0_, addressboo0_.adrlid2 as adrlid30_16_0_, addressboo0_.adrlid3 as adrlid31_16_0_, addressboo0_.adrlid4 as adrlid32_16_0_, addressboo0_.adrlid5 as adrlid33_16_0_, addressboo0_.adrlid6 as adrlid34_16_0_, addressboo0_.adrlid7 as adrlid35_16_0_, addressboo0_.adrlid8 as adrlid36_16_0_, addressboo0_.adrlid9 as adrlid37_16_0_, addressboo0_.adrlid1 as adrlid38_16_0_, addressboo0_.adst as adst39_16_0_, addressboo0_.adtaxid as adtaxid40_16_0_ from t0101 addressboo0_ where addressboo0_.adanum=?
Hibernate: select apsetting0_.pmanum as pmanum1_23_0_, apsetting0_.pmanum as pmanum1_23_1_, apsetting0_.pmcid as pmcid2_23_1_, apsetting0_.pmdtin as pmdtin3_23_1_, apsetting0_.pmtmin as pmtmin4_23_1_, apsetting0_.pmuid as pmuid5_23_1_, apsetting0_.pmdtlu as pmdtlu6_23_1_, apsetting0_.pmtmlu as pmtmlu7_23_1_, apsetting0_.pmuidm as pmuidm8_23_1_, apsetting0_.pmdtls as pmdtls9_23_1_, apsetting0_.pmapcls as pmapcls10_23_1_, apsetting0_.pmcrm as pmcrm11_23_1_, apsetting0_.pmcrct as pmcrct12_23_1_, apsetting0_.pmitc05 as pmitc13_23_1_, apsetting0_.pminsp as pminsp14_23_1_, apsetting0_.pmptc as pmptc15_23_1_, apsetting0_.pmspg as pmspg16_23_1_, apsetting0_.pmtaxau as pmtaxau17_23_1_, apsetting0_.pmtaxcd as pmtaxcd18_23_1_, apsetting0_.pmtaxid as pmtaxid19_23_1_ from t0401 apsetting0_ where apsetting0_.pmanum=?
Hibernate: select itemmaster0_.iminum as iminum1_31_0_, itemmaster0_.imcid as imcid2_31_0_, itemmaster0_.imdtin as imdtin3_31_0_, itemmaster0_.imtmin as imtmin4_31_0_, itemmaster0_.imuid as imuid5_31_0_, itemmaster0_.imdtlu as imdtlu6_31_0_, itemmaster0_.imtmlu as imtmlu7_31_0_, itemmaster0_.imuidm as imuidm8_31_0_, itemmaster0_.iminumb as iminumb9_31_0_, itemmaster0_.imctm as imctm10_31_0_, itemmaster0_.imitc02 as imitc11_31_0_, itemmaster0_.imitc01 as imitc12_31_0_, itemmaster0_.imitc10 as imitc13_31_0_, itemmaster0_.imitc04 as imitc14_31_0_, itemmaster0_.imitc06 as imitc15_31_0_, itemmaster0_.imitc07 as imitc16_31_0_, itemmaster0_.imitc08 as imitc17_31_0_, itemmaster0_.imitc09 as imitc18_31_0_, itemmaster0_.imitc05 as imitc19_31_0_, itemmaster0_.imslrc0 as imslrc20_31_0_, itemmaster0_.imslrc1 as imslrc21_31_0_, itemmaster0_.imslrc2 as imslrc22_31_0_, itemmaster0_.imslrc3 as imslrc23_31_0_, itemmaster0_.imslrc4 as imslrc24_31_0_, itemmaster0_.imslrc5 as imslrc25_31_0_, itemmaster0_.imslrc6 as imslrc26_31_0_, itemmaster0_.imslrc7 as imslrc27_31_0_, itemmaster0_.imslrc8 as imslrc28_31_0_, itemmaster0_.imslrc9 as imslrc29_31_0_, itemmaster0_.imitc03 as imitc30_31_0_, itemmaster0_.imdesb1 as imdesb31_31_0_, itemmaster0_.imdesd1 as imdesd32_31_0_, itemmaster0_.imglcls as imglcls33_31_0_, itemmaster0_.imicl as imicl34_31_0_, itemmaster0_.imilc as imilc35_31_0_, itemmaster0_.iminums as iminums36_31_0_, itemmaster0_.imipg as imipg37_31_0_, itemmaster0_.imlsc as imlsc38_31_0_, itemmaster0_.imdaqc as imdaqc39_31_0_, itemmaster0_.imgscrt as imgscrt40_31_0_, itemmaster0_.imsiops as imsiops41_31_0_, itemmaster0_.imbpid as imbpid42_31_0_, itemmaster0_.imcsid as imcsid43_31_0_, itemmaster0_.imudf as imudf44_31_0_, itemmaster0_.impmmf as impmmf45_31_0_, itemmaster0_.imrbii as imrbii46_31_0_, itemmaster0_.imrbim as imrbim47_31_0_, itemmaster0_.imrbis as imrbis48_31_0_, itemmaster0_.imvnid as imvnid49_31_0_, itemmaster0_.imtaxpc as imtaxpc50_31_0_, itemmaster0_.imtaxsc as imtaxsc51_31_0_, itemmaster0_.iminump as iminump52_31_0_, itemmaster0_.implg as implg53_31_0_, itemmaster0_.imppl as imppl54_31_0_, itemmaster0_.imspl as imspl55_31_0_, itemmaster0_.imsnr as imsnr56_31_0_, itemmaster0_.imskty as imskty57_31_0_, itemmaster0_.imlnty as imlnty58_31_0_, itemmaster0_.imuom9 as imuom59_31_0_, itemmaster0_.imdppo as imdppo60_31_0_, itemmaster0_.imdlum as imdlum61_31_0_, itemmaster0_.imdlump as imdlump62_31_0_, itemmaster0_.imdlumt as imdlumt63_31_0_, itemmaster0_.imuom5 as imuom64_31_0_, itemmaster0_.imuom1 as imuom65_31_0_, itemmaster0_.imuom8 as imuom66_31_0_, itemmaster0_.imuom3 as imuom67_31_0_, itemmaster0_.imuom4 as imuom68_31_0_, itemmaster0_.imuom2 as imuom69_31_0_, itemmaster0_.imuom6 as imuom70_31_0_, itemmaster0_.imuoms as imuoms71_31_0_, itemmaster0_.imuomt as imuomt72_31_0_, itemmaster0_.imuomv as imuomv73_31_0_, itemmaster0_.imwcf as imwcf74_31_0_, itemmaster0_.imuomw as imuomw75_31_0_, itemmaster0_.imvict as imvict76_31_0_ from t4101 itemmaster0_ where itemmaster0_.iminum=?
Hibernate: select itemmaster0_.iminum as iminum1_31_0_, itemmaster0_.imcid as imcid2_31_0_, itemmaster0_.imdtin as imdtin3_31_0_, itemmaster0_.imtmin as imtmin4_31_0_, itemmaster0_.imuid as imuid5_31_0_, itemmaster0_.imdtlu as imdtlu6_31_0_, itemmaster0_.imtmlu as imtmlu7_31_0_, itemmaster0_.imuidm as imuidm8_31_0_, itemmaster0_.iminumb as iminumb9_31_0_, itemmaster0_.imctm as imctm10_31_0_, itemmaster0_.imitc02 as imitc11_31_0_, itemmaster0_.imitc01 as imitc12_31_0_, itemmaster0_.imitc10 as imitc13_31_0_, itemmaster0_.imitc04 as imitc14_31_0_, itemmaster0_.imitc06 as imitc15_31_0_, itemmaster0_.imitc07 as imitc16_31_0_, itemmaster0_.imitc08 as imitc17_31_0_, itemmaster0_.imitc09 as imitc18_31_0_, itemmaster0_.imitc05 as imitc19_31_0_, itemmaster0_.imslrc0 as imslrc20_31_0_, itemmaster0_.imslrc1 as imslrc21_31_0_, itemmaster0_.imslrc2 as imslrc22_31_0_, itemmaster0_.imslrc3 as imslrc23_31_0_, itemmaster0_.imslrc4 as imslrc24_31_0_, itemmaster0_.imslrc5 as imslrc25_31_0_, itemmaster0_.imslrc6 as imslrc26_31_0_, itemmaster0_.imslrc7 as imslrc27_31_0_, itemmaster0_.imslrc8 as imslrc28_31_0_, itemmaster0_.imslrc9 as imslrc29_31_0_, itemmaster0_.imitc03 as imitc30_31_0_, itemmaster0_.imdesb1 as imdesb31_31_0_, itemmaster0_.imdesd1 as imdesd32_31_0_, itemmaster0_.imglcls as imglcls33_31_0_, itemmaster0_.imicl as imicl34_31_0_, itemmaster0_.imilc as imilc35_31_0_, itemmaster0_.iminums as iminums36_31_0_, itemmaster0_.imipg as imipg37_31_0_, itemmaster0_.imlsc as imlsc38_31_0_, itemmaster0_.imdaqc as imdaqc39_31_0_, itemmaster0_.imgscrt as imgscrt40_31_0_, itemmaster0_.imsiops as imsiops41_31_0_, itemmaster0_.imbpid as imbpid42_31_0_, itemmaster0_.imcsid as imcsid43_31_0_, itemmaster0_.imudf as imudf44_31_0_, itemmaster0_.impmmf as impmmf45_31_0_, itemmaster0_.imrbii as imrbii46_31_0_, itemmaster0_.imrbim as imrbim47_31_0_, itemmaster0_.imrbis as imrbis48_31_0_, itemmaster0_.imvnid as imvnid49_31_0_, itemmaster0_.imtaxpc as imtaxpc50_31_0_, itemmaster0_.imtaxsc as imtaxsc51_31_0_, itemmaster0_.iminump as iminump52_31_0_, itemmaster0_.implg as implg53_31_0_, itemmaster0_.imppl as imppl54_31_0_, itemmaster0_.imspl as imspl55_31_0_, itemmaster0_.imsnr as imsnr56_31_0_, itemmaster0_.imskty as imskty57_31_0_, itemmaster0_.imlnty as imlnty58_31_0_, itemmaster0_.imuom9 as imuom59_31_0_, itemmaster0_.imdppo as imdppo60_31_0_, itemmaster0_.imdlum as imdlum61_31_0_, itemmaster0_.imdlump as imdlump62_31_0_, itemmaster0_.imdlumt as imdlumt63_31_0_, itemmaster0_.imuom5 as imuom64_31_0_, itemmaster0_.imuom1 as imuom65_31_0_, itemmaster0_.imuom8 as imuom66_31_0_, itemmaster0_.imuom3 as imuom67_31_0_, itemmaster0_.imuom4 as imuom68_31_0_, itemmaster0_.imuom2 as imuom69_31_0_, itemmaster0_.imuom6 as imuom70_31_0_, itemmaster0_.imuoms as imuoms71_31_0_, itemmaster0_.imuomt as imuomt72_31_0_, itemmaster0_.imuomv as imuomv73_31_0_, itemmaster0_.imwcf as imwcf74_31_0_, itemmaster0_.imuomw as imuomw75_31_0_, itemmaster0_.imvict as imvict76_31_0_ from t4101 itemmaster0_ where itemmaster0_.iminum=?
Hibernate: select itemlocati0_.ilinum as ilinum2_33_0_, itemlocati0_.ilbuid as ilbuid1_33_0_, itemlocati0_.illocid as illocid3_33_0_, itemlocati0_.ilsnlot as ilsnlot4_33_0_, itemlocati0_.ilbuid as ilbuid1_33_1_, itemlocati0_.ilinum as ilinum2_33_1_, itemlocati0_.illocid as illocid3_33_1_, itemlocati0_.ilsnlot as ilsnlot4_33_1_, itemlocati0_.ilcid as ilcid5_33_1_, itemlocati0_.ildtin as ildtin6_33_1_, itemlocati0_.iltmin as iltmin7_33_1_, itemlocati0_.iluid as iluid8_33_1_, itemlocati0_.ildtlu as ildtlu9_33_1_, itemlocati0_.iltmlu as iltmlu10_33_1_, itemlocati0_.iluidm as iluidm11_33_1_, itemlocati0_.ildtlt as ildtlt12_33_1_, itemlocati0_.ilexpdt as ilexpdt13_33_1_, itemlocati0_.ilglcls as ilglcls14_33_1_, itemlocati0_.illocst as illocst15_33_1_, itemlocati0_.illsc as illsc16_33_1_, itemlocati0_.ilpqoh as ilpqoh17_33_1_, itemlocati0_.ilqtib as ilqtib18_33_1_, itemlocati0_.ilqtin as ilqtin19_33_1_, itemlocati0_.ilqttr as ilqttr20_33_1_, itemlocati0_.ilqobo as ilqobo21_33_1_, itemlocati0_.ilqohc as ilqohc22_33_1_, itemlocati0_.ilqopo as ilqopo23_33_1_, itemlocati0_.ilqoso as ilqoso24_33_1_, itemlocati0_.ilqosc as ilqosc25_33_1_, itemlocati0_.ilqowo as ilqowo26_33_1_, itemlocati0_.ilqowh as ilqowh27_33_1_, itemlocati0_.ilqows as ilqows28_33_1_, itemlocati0_.ilqot1 as ilqot29_33_1_, itemlocati0_.ilqot2 as ilqot30_33_1_, itemlocati0_.ilqot3 as ilqot31_33_1_, itemlocati0_.ilqtob as ilqtob32_33_1_, itemlocati0_.ilsqoh as ilsqoh33_33_1_, itemlocati0_.ilsqpo as ilsqpo34_33_1_, itemlocati0_.ilsqso as ilsqso35_33_1_, itemlocati0_.ilsqwo as ilsqwo36_33_1_, itemlocati0_.iluom as iluom37_33_1_, itemlocati0_.iluom1 as iluom38_33_1_, itemlocati0_.iluom2 as iluom39_33_1_ from t41021 itemlocati0_ where itemlocati0_.ilinum=?
Hibernate: select lotmaster0_.ltbuid as ltbuid1_34_0_, lotmaster0_.ltinum as ltinum2_34_0_, lotmaster0_.ltsnlot as ltsnlot3_34_0_, lotmaster0_.ltcid as ltcid4_34_0_, lotmaster0_.ltdtin as ltdtin5_34_0_, lotmaster0_.lttmin as lttmin6_34_0_, lotmaster0_.ltuid as ltuid7_34_0_, lotmaster0_.ltdtlu as ltdtlu8_34_0_, lotmaster0_.lttmlu as lttmlu9_34_0_, lotmaster0_.ltuidm as ltuidm10_34_0_, lotmaster0_.ltbodt as ltbodt11_34_0_, lotmaster0_.ltbbdt as ltbbdt12_34_0_, lotmaster0_.ltcldt as ltcldt13_34_0_, lotmaster0_.ltexpdt as ltexpdt14_34_0_, lotmaster0_.ltldsc as ltldsc15_34_0_, lotmaster0_.ltledt as ltledt16_34_0_, lotmaster0_.ltlsc as ltlsc17_34_0_, lotmaster0_.ltmlot1 as ltmlot18_34_0_, lotmaster0_.ltmlot2 as ltmlot19_34_0_, lotmaster0_.ltmlot3 as ltmlot20_34_0_, lotmaster0_.ltohdt as ltohdt21_34_0_, lotmaster0_.ltsern as ltsern22_34_0_ from t4108 lotmaster0_ where lotmaster0_.ltbuid=? and lotmaster0_.ltinum=? and lotmaster0_.ltsnlot=?
Hibernate: select lotmaster0_.ltbuid as ltbuid1_34_0_, lotmaster0_.ltinum as ltinum2_34_0_, lotmaster0_.ltsnlot as ltsnlot3_34_0_, lotmaster0_.ltcid as ltcid4_34_0_, lotmaster0_.ltdtin as ltdtin5_34_0_, lotmaster0_.lttmin as lttmin6_34_0_, lotmaster0_.ltuid as ltuid7_34_0_, lotmaster0_.ltdtlu as ltdtlu8_34_0_, lotmaster0_.lttmlu as lttmlu9_34_0_, lotmaster0_.ltuidm as ltuidm10_34_0_, lotmaster0_.ltbodt as ltbodt11_34_0_, lotmaster0_.ltbbdt as ltbbdt12_34_0_, lotmaster0_.ltcldt as ltcldt13_34_0_, lotmaster0_.ltexpdt as ltexpdt14_34_0_, lotmaster0_.ltldsc as ltldsc15_34_0_, lotmaster0_.ltledt as ltledt16_34_0_, lotmaster0_.ltlsc as ltlsc17_34_0_, lotmaster0_.ltmlot1 as ltmlot18_34_0_, lotmaster0_.ltmlot2 as ltmlot19_34_0_, lotmaster0_.ltmlot3 as ltmlot20_34_0_, lotmaster0_.ltohdt as ltohdt21_34_0_, lotmaster0_.ltsern as ltsern22_34_0_ from t4108 lotmaster0_ where lotmaster0_.ltbuid=? and lotmaster0_.ltinum=? and lotmaster0_.ltsnlot=?
Hibernate: select itemmaster0_.iminum as iminum1_31_0_, itemmaster0_.imcid as imcid2_31_0_, itemmaster0_.imdtin as imdtin3_31_0_, itemmaster0_.imtmin as imtmin4_31_0_, itemmaster0_.imuid as imuid5_31_0_, itemmaster0_.imdtlu as imdtlu6_31_0_, itemmaster0_.imtmlu as imtmlu7_31_0_, itemmaster0_.imuidm as imuidm8_31_0_, itemmaster0_.iminumb as iminumb9_31_0_, itemmaster0_.imctm as imctm10_31_0_, itemmaster0_.imitc02 as imitc11_31_0_, itemmaster0_.imitc01 as imitc12_31_0_, itemmaster0_.imitc10 as imitc13_31_0_, itemmaster0_.imitc04 as imitc14_31_0_, itemmaster0_.imitc06 as imitc15_31_0_, itemmaster0_.imitc07 as imitc16_31_0_, itemmaster0_.imitc08 as imitc17_31_0_, itemmaster0_.imitc09 as imitc18_31_0_, itemmaster0_.imitc05 as imitc19_31_0_, itemmaster0_.imslrc0 as imslrc20_31_0_, itemmaster0_.imslrc1 as imslrc21_31_0_, itemmaster0_.imslrc2 as imslrc22_31_0_, itemmaster0_.imslrc3 as imslrc23_31_0_, itemmaster0_.imslrc4 as imslrc24_31_0_, itemmaster0_.imslrc5 as imslrc25_31_0_, itemmaster0_.imslrc6 as imslrc26_31_0_, itemmaster0_.imslrc7 as imslrc27_31_0_, itemmaster0_.imslrc8 as imslrc28_31_0_, itemmaster0_.imslrc9 as imslrc29_31_0_, itemmaster0_.imitc03 as imitc30_31_0_, itemmaster0_.imdesb1 as imdesb31_31_0_, itemmaster0_.imdesd1 as imdesd32_31_0_, itemmaster0_.imglcls as imglcls33_31_0_, itemmaster0_.imicl as imicl34_31_0_, itemmaster0_.imilc as imilc35_31_0_, itemmaster0_.iminums as iminums36_31_0_, itemmaster0_.imipg as imipg37_31_0_, itemmaster0_.imlsc as imlsc38_31_0_, itemmaster0_.imdaqc as imdaqc39_31_0_, itemmaster0_.imgscrt as imgscrt40_31_0_, itemmaster0_.imsiops as imsiops41_31_0_, itemmaster0_.imbpid as imbpid42_31_0_, itemmaster0_.imcsid as imcsid43_31_0_, itemmaster0_.imudf as imudf44_31_0_, itemmaster0_.impmmf as impmmf45_31_0_, itemmaster0_.imrbii as imrbii46_31_0_, itemmaster0_.imrbim as imrbim47_31_0_, itemmaster0_.imrbis as imrbis48_31_0_, itemmaster0_.imvnid as imvnid49_31_0_, itemmaster0_.imtaxpc as imtaxpc50_31_0_, itemmaster0_.imtaxsc as imtaxsc51_31_0_, itemmaster0_.iminump as iminump52_31_0_, itemmaster0_.implg as implg53_31_0_, itemmaster0_.imppl as imppl54_31_0_, itemmaster0_.imspl as imspl55_31_0_, itemmaster0_.imsnr as imsnr56_31_0_, itemmaster0_.imskty as imskty57_31_0_, itemmaster0_.imlnty as imlnty58_31_0_, itemmaster0_.imuom9 as imuom59_31_0_, itemmaster0_.imdppo as imdppo60_31_0_, itemmaster0_.imdlum as imdlum61_31_0_, itemmaster0_.imdlump as imdlump62_31_0_, itemmaster0_.imdlumt as imdlumt63_31_0_, itemmaster0_.imuom5 as imuom64_31_0_, itemmaster0_.imuom1 as imuom65_31_0_, itemmaster0_.imuom8 as imuom66_31_0_, itemmaster0_.imuom3 as imuom67_31_0_, itemmaster0_.imuom4 as imuom68_31_0_, itemmaster0_.imuom2 as imuom69_31_0_, itemmaster0_.imuom6 as imuom70_31_0_, itemmaster0_.imuoms as imuoms71_31_0_, itemmaster0_.imuomt as imuomt72_31_0_, itemmaster0_.imuomv as imuomv73_31_0_, itemmaster0_.imwcf as imwcf74_31_0_, itemmaster0_.imuomw as imuomw75_31_0_, itemmaster0_.imvict as imvict76_31_0_ from t4101 itemmaster0_ where itemmaster0_.iminum=?
Hibernate: select itemlocati0_.ilinum as ilinum2_33_0_, itemlocati0_.ilbuid as ilbuid1_33_0_, itemlocati0_.illocid as illocid3_33_0_, itemlocati0_.ilsnlot as ilsnlot4_33_0_, itemlocati0_.ilbuid as ilbuid1_33_1_, itemlocati0_.ilinum as ilinum2_33_1_, itemlocati0_.illocid as illocid3_33_1_, itemlocati0_.ilsnlot as ilsnlot4_33_1_, itemlocati0_.ilcid as ilcid5_33_1_, itemlocati0_.ildtin as ildtin6_33_1_, itemlocati0_.iltmin as iltmin7_33_1_, itemlocati0_.iluid as iluid8_33_1_, itemlocati0_.ildtlu as ildtlu9_33_1_, itemlocati0_.iltmlu as iltmlu10_33_1_, itemlocati0_.iluidm as iluidm11_33_1_, itemlocati0_.ildtlt as ildtlt12_33_1_, itemlocati0_.ilexpdt as ilexpdt13_33_1_, itemlocati0_.ilglcls as ilglcls14_33_1_, itemlocati0_.illocst as illocst15_33_1_, itemlocati0_.illsc as illsc16_33_1_, itemlocati0_.ilpqoh as ilpqoh17_33_1_, itemlocati0_.ilqtib as ilqtib18_33_1_, itemlocati0_.ilqtin as ilqtin19_33_1_, itemlocati0_.ilqttr as ilqttr20_33_1_, itemlocati0_.ilqobo as ilqobo21_33_1_, itemlocati0_.ilqohc as ilqohc22_33_1_, itemlocati0_.ilqopo as ilqopo23_33_1_, itemlocati0_.ilqoso as ilqoso24_33_1_, itemlocati0_.ilqosc as ilqosc25_33_1_, itemlocati0_.ilqowo as ilqowo26_33_1_, itemlocati0_.ilqowh as ilqowh27_33_1_, itemlocati0_.ilqows as ilqows28_33_1_, itemlocati0_.ilqot1 as ilqot29_33_1_, itemlocati0_.ilqot2 as ilqot30_33_1_, itemlocati0_.ilqot3 as ilqot31_33_1_, itemlocati0_.ilqtob as ilqtob32_33_1_, itemlocati0_.ilsqoh as ilsqoh33_33_1_, itemlocati0_.ilsqpo as ilsqpo34_33_1_, itemlocati0_.ilsqso as ilsqso35_33_1_, itemlocati0_.ilsqwo as ilsqwo36_33_1_, itemlocati0_.iluom as iluom37_33_1_, itemlocati0_.iluom1 as iluom38_33_1_, itemlocati0_.iluom2 as iluom39_33_1_ from t41021 itemlocati0_ where itemlocati0_.ilinum=?
Hibernate: select lotmaster0_.ltbuid as ltbuid1_34_0_, lotmaster0_.ltinum as ltinum2_34_0_, lotmaster0_.ltsnlot as ltsnlot3_34_0_, lotmaster0_.ltcid as ltcid4_34_0_, lotmaster0_.ltdtin as ltdtin5_34_0_, lotmaster0_.lttmin as lttmin6_34_0_, lotmaster0_.ltuid as ltuid7_34_0_, lotmaster0_.ltdtlu as ltdtlu8_34_0_, lotmaster0_.lttmlu as lttmlu9_34_0_, lotmaster0_.ltuidm as ltuidm10_34_0_, lotmaster0_.ltbodt as ltbodt11_34_0_, lotmaster0_.ltbbdt as ltbbdt12_34_0_, lotmaster0_.ltcldt as ltcldt13_34_0_, lotmaster0_.ltexpdt as ltexpdt14_34_0_, lotmaster0_.ltldsc as ltldsc15_34_0_, lotmaster0_.ltledt as ltledt16_34_0_, lotmaster0_.ltlsc as ltlsc17_34_0_, lotmaster0_.ltmlot1 as ltmlot18_34_0_, lotmaster0_.ltmlot2 as ltmlot19_34_0_, lotmaster0_.ltmlot3 as ltmlot20_34_0_, lotmaster0_.ltohdt as ltohdt21_34_0_, lotmaster0_.ltsern as ltsern22_34_0_ from t4108 lotmaster0_ where lotmaster0_.ltbuid=? and lotmaster0_.ltinum=? and lotmaster0_.ltsnlot=?
Hibernate: select lotmaster0_.ltbuid as ltbuid1_34_0_, lotmaster0_.ltinum as ltinum2_34_0_, lotmaster0_.ltsnlot as ltsnlot3_34_0_, lotmaster0_.ltcid as ltcid4_34_0_, lotmaster0_.ltdtin as ltdtin5_34_0_, lotmaster0_.lttmin as lttmin6_34_0_, lotmaster0_.ltuid as ltuid7_34_0_, lotmaster0_.ltdtlu as ltdtlu8_34_0_, lotmaster0_.lttmlu as lttmlu9_34_0_, lotmaster0_.ltuidm as ltuidm10_34_0_, lotmaster0_.ltbodt as ltbodt11_34_0_, lotmaster0_.ltbbdt as ltbbdt12_34_0_, lotmaster0_.ltcldt as ltcldt13_34_0_, lotmaster0_.ltexpdt as ltexpdt14_34_0_, lotmaster0_.ltldsc as ltldsc15_34_0_, lotmaster0_.ltledt as ltledt16_34_0_, lotmaster0_.ltlsc as ltlsc17_34_0_, lotmaster0_.ltmlot1 as ltmlot18_34_0_, lotmaster0_.ltmlot2 as ltmlot19_34_0_, lotmaster0_.ltmlot3 as ltmlot20_34_0_, lotmaster0_.ltohdt as ltohdt21_34_0_, lotmaster0_.ltsern as ltsern22_34_0_ from t4108 lotmaster0_ where lotmaster0_.ltbuid=? and lotmaster0_.ltinum=? and lotmaster0_.ltsnlot=?
Hibernate: select lotmaster0_.ltbuid as ltbuid1_34_0_, lotmaster0_.ltinum as ltinum2_34_0_, lotmaster0_.ltsnlot as ltsnlot3_34_0_, lotmaster0_.ltcid as ltcid4_34_0_, lotmaster0_.ltdtin as ltdtin5_34_0_, lotmaster0_.lttmin as lttmin6_34_0_, lotmaster0_.ltuid as ltuid7_34_0_, lotmaster0_.ltdtlu as ltdtlu8_34_0_, lotmaster0_.lttmlu as lttmlu9_34_0_, lotmaster0_.ltuidm as ltuidm10_34_0_, lotmaster0_.ltbodt as ltbodt11_34_0_, lotmaster0_.ltbbdt as ltbbdt12_34_0_, lotmaster0_.ltcldt as ltcldt13_34_0_, lotmaster0_.ltexpdt as ltexpdt14_34_0_, lotmaster0_.ltldsc as ltldsc15_34_0_, lotmaster0_.ltledt as ltledt16_34_0_, lotmaster0_.ltlsc as ltlsc17_34_0_, lotmaster0_.ltmlot1 as ltmlot18_34_0_, lotmaster0_.ltmlot2 as ltmlot19_34_0_, lotmaster0_.ltmlot3 as ltmlot20_34_0_, lotmaster0_.ltohdt as ltohdt21_34_0_, lotmaster0_.ltsern as ltsern22_34_0_ from t4108 lotmaster0_ where lotmaster0_.ltbuid=? and lotmaster0_.ltinum=? and lotmaster0_.ltsnlot=?
Hibernate: select lotmaster0_.ltbuid as ltbuid1_34_0_, lotmaster0_.ltinum as ltinum2_34_0_, lotmaster0_.ltsnlot as ltsnlot3_34_0_, lotmaster0_.ltcid as ltcid4_34_0_, lotmaster0_.ltdtin as ltdtin5_34_0_, lotmaster0_.lttmin as lttmin6_34_0_, lotmaster0_.ltuid as ltuid7_34_0_, lotmaster0_.ltdtlu as ltdtlu8_34_0_, lotmaster0_.lttmlu as lttmlu9_34_0_, lotmaster0_.ltuidm as ltuidm10_34_0_, lotmaster0_.ltbodt as ltbodt11_34_0_, lotmaster0_.ltbbdt as ltbbdt12_34_0_, lotmaster0_.ltcldt as ltcldt13_34_0_, lotmaster0_.ltexpdt as ltexpdt14_34_0_, lotmaster0_.ltldsc as ltldsc15_34_0_, lotmaster0_.ltledt as ltledt16_34_0_, lotmaster0_.ltlsc as ltlsc17_34_0_, lotmaster0_.ltmlot1 as ltmlot18_34_0_, lotmaster0_.ltmlot2 as ltmlot19_34_0_, lotmaster0_.ltmlot3 as ltmlot20_34_0_, lotmaster0_.ltohdt as ltohdt21_34_0_, lotmaster0_.ltsern as ltsern22_34_0_ from t4108 lotmaster0_ where lotmaster0_.ltbuid=? and lotmaster0_.ltinum=? and lotmaster0_.ltsnlot=?
Hibernate: select discountma0_.dudccd as dudccd1_13_0_, discountma0_.ducid as ducid2_13_0_, discountma0_.dudtin as dudtin3_13_0_, discountma0_.dutmin as dutmin4_13_0_, discountma0_.duuid as duuid5_13_0_, discountma0_.dudtlu as dudtlu6_13_0_, discountma0_.dutmlu as dutmlu7_13_0_, discountma0_.duuidm as duuidm8_13_0_, discountma0_.dudesb1 as dudesb9_13_0_, discountma0_.duamt01 as duamt10_13_0_, discountma0_.duamt02 as duamt11_13_0_, discountma0_.duamt03 as duamt12_13_0_, discountma0_.duamt04 as duamt13_13_0_, discountma0_.duamt05 as duamt14_13_0_, discountma0_.dupcn01 as dupcn15_13_0_, discountma0_.dupcn02 as dupcn16_13_0_, discountma0_.dupcn03 as dupcn17_13_0_, discountma0_.dupcn04 as dupcn18_13_0_, discountma0_.dupcn05 as dupcn19_13_0_, discountma0_.duobid as duobid20_13_0_ from t0026 discountma0_ where discountma0_.dudccd=?
Hibernate: select discountma0_.dudccd as dudccd1_13_0_, discountma0_.ducid as ducid2_13_0_, discountma0_.dudtin as dudtin3_13_0_, discountma0_.dutmin as dutmin4_13_0_, discountma0_.duuid as duuid5_13_0_, discountma0_.dudtlu as dudtlu6_13_0_, discountma0_.dutmlu as dutmlu7_13_0_, discountma0_.duuidm as duuidm8_13_0_, discountma0_.dudesb1 as dudesb9_13_0_, discountma0_.duamt01 as duamt10_13_0_, discountma0_.duamt02 as duamt11_13_0_, discountma0_.duamt03 as duamt12_13_0_, discountma0_.duamt04 as duamt13_13_0_, discountma0_.duamt05 as duamt14_13_0_, discountma0_.dupcn01 as dupcn15_13_0_, discountma0_.dupcn02 as dupcn16_13_0_, discountma0_.dupcn03 as dupcn17_13_0_, discountma0_.dupcn04 as dupcn18_13_0_, discountma0_.dupcn05 as dupcn19_13_0_, discountma0_.duobid as duobid20_13_0_ from t0026 discountma0_ where discountma0_.dudccd=?
Hibernate: select taxrule0_.tsefdt as tsefdt1_12_, taxrule0_.tstaxcd as tstaxcd2_12_, taxrule0_.tscid as tscid3_12_, taxrule0_.tsdtin as tsdtin4_12_, taxrule0_.tstmin as tstmin5_12_, taxrule0_.tsuid as tsuid6_12_, taxrule0_.tsdtlu as tsdtlu7_12_, taxrule0_.tstmlu as tstmlu8_12_, taxrule0_.tsuidm as tsuidm9_12_, taxrule0_.tsdesb1 as tsdesb10_12_, taxrule0_.tsdocty as tsdocty11_12_, taxrule0_.tsexpdt as tsexpdt12_12_, taxrule0_.tstaxal as tstaxal13_12_, taxrule0_.tstaxau1 as tstaxau14_12_, taxrule0_.tstaxau2 as tstaxau15_12_, taxrule0_.tstaxau3 as tstaxau16_12_, taxrule0_.tstaxau4 as tstaxau17_12_, taxrule0_.tstaxau5 as tstaxau18_12_, taxrule0_.tstaxcl1 as tstaxcl19_12_, taxrule0_.tstaxcl2 as tstaxcl20_12_, taxrule0_.tstaxcl3 as tstaxcl21_12_, taxrule0_.tstaxcl4 as tstaxcl22_12_, taxrule0_.tstaxcl5 as tstaxcl23_12_, taxrule0_.tspcn01 as tspcn24_12_, taxrule0_.tspcn02 as tspcn25_12_, taxrule0_.tspcn03 as tspcn26_12_, taxrule0_.tspcn04 as tspcn27_12_, taxrule0_.tspcn05 as tspcn28_12_ from t0025 taxrule0_ where taxrule0_.tstaxcd=? and taxrule0_.tsefdt<=? and taxrule0_.tsexpdt>? order by taxrule0_.tsefdt asc offset 0 rows fetch next ? rows only
Hibernate: select purchaseor0_.ohcoid as ohcoid1_39_1_, purchaseor0_.ohdocono as ohdocono2_39_1_, purchaseor0_.ohdocoty as ohdocoty3_39_1_, purchaseor0_.ohcid as ohcid4_39_1_, purchaseor0_.ohdtin as ohdtin5_39_1_, purchaseor0_.ohtmin as ohtmin6_39_1_, purchaseor0_.ohuid as ohuid7_39_1_, purchaseor0_.ohdtlu as ohdtlu8_39_1_, purchaseor0_.ohtmlu as ohtmlu9_39_1_, purchaseor0_.ohuidm as ohuidm10_39_1_, purchaseor0_.ohaprcd as ohaprcd11_39_1_, purchaseor0_.ohcrcb as ohcrcb12_39_1_, purchaseor0_.ohbuid as ohbuid13_39_1_, purchaseor0_.ohcldt as ohcldt14_39_1_, purchaseor0_.ohcot as ohcot15_39_1_, purchaseor0_.ohcsid as ohcsid16_39_1_, purchaseor0_.ohdesb1 as ohdesb17_39_1_, purchaseor0_.ohdccd as ohdccd18_39_1_, purchaseor0_.ohdcrt as ohdcrt19_39_1_, purchaseor0_.ohexcrt as ohexcrt20_39_1_, purchaseor0_.ohgldt as ohgldt21_39_1_, purchaseor0_.ohidd as ohidd22_39_1_, purchaseor0_.ohidn as ohidn23_39_1_, purchaseor0_.ohlst as ohlst24_39_1_, purchaseor0_.ohnst as ohnst25_39_1_, purchaseor0_.ohobid as ohobid26_39_1_, purchaseor0_.ohordt as ohordt27_39_1_, purchaseor0_.ohptc as ohptc28_39_1_, purchaseor0_.ohpoa as ohpoa29_39_1_, purchaseor0_.ohpod as ohpod30_39_1_, purchaseor0_.ohpjid as ohpjid31_39_1_, purchaseor0_.ohpddt as ohpddt32_39_1_, purchaseor0_.ohrcdt as ohrcdt33_39_1_, purchaseor0_.ohstid as ohstid34_39_1_, purchaseor0_.ohrqdt as ohrqdt35_39_1_, purchaseor0_.ohtaxal as ohtaxal36_39_1_, purchaseor0_.ohtaxcd as ohtaxcd37_39_1_, purchaseor0_.ohtaxrt as ohtaxrt38_39_1_, purchaseor0_.ohcrct as ohcrct39_39_1_, purchaseor0_.ohdesc1 as ohdesc40_39_1_, purchaseor0_.ohdesc2 as ohdesc41_39_1_, purchaseor0_.ohvhrn as ohvhrn42_39_1_, purchaseor0_.ohvhty as ohvhty43_39_1_, purchaseor0_.ohvnid as ohvnid44_39_1_, details1_.odcoid as odcoid1_40_3_, details1_.oddocono as oddocono2_40_3_, details1_.oddocoty as oddocoty4_40_3_, details1_.oddocosq as oddocosq3_40_3_, details1_.odcoid as odcoid1_40_0_, details1_.oddocono as oddocono2_40_0_, details1_.oddocosq as oddocosq3_40_0_, details1_.oddocoty as oddocoty4_40_0_, details1_.odcid as odcid5_40_0_, details1_.oddtin as oddtin6_40_0_, details1_.odtmin as odtmin7_40_0_, details1_.oduid as oduid8_40_0_, details1_.oddtlu as oddtlu9_40_0_, details1_.odtmlu as odtmlu10_40_0_, details1_.oduidm as oduidm11_40_0_, details1_.odacid as odacid12_40_0_, details1_.odaprcd as odaprcd13_40_0_, details1_.odcrcb as odcrcb14_40_0_, details1_.oditc02 as oditc15_40_0_, details1_.odbuid as odbuid16_40_0_, details1_.odqtycl as odqtycl17_40_0_, details1_.oditc01 as oditc18_40_0_, details1_.odcldt as odcldt19_40_0_, details1_.odcsid as odcsid20_40_0_, details1_.oddccd as oddccd21_40_0_, details1_.oddcrt as oddcrt22_40_0_, details1_.odexcrt as odexcrt23_40_0_, details1_.odexcost as odexcos24_40_0_, details1_.odqtyx as odqtyx25_40_0_, details1_.oducfx as oducfx26_40_0_, details1_.oduncostx as oduncos27_40_0_, details1_.oduomx as oduomx28_40_0_, details1_.odfec as odfec29_40_0_, details1_.odfta as odfta30_40_0_, details1_.odftb as odftb31_40_0_, details1_.odfuc as odfuc32_40_0_, details1_.odglcls as odglcls33_40_0_, details1_.odgldt as odgldt34_40_0_, details1_.odir02 as odir35_40_0_, details1_.odir01 as odir36_40_0_, details1_.odir03 as odir37_40_0_, details1_.odinum as odinum38_40_0_, details1_.oddesb1 as oddesb39_40_0_, details1_.oditc05 as oditc40_40_0_, details1_.odlst as odlst41_40_0_, details1_.odlnty as odlnty42_40_0_, details1_.odlocid as odlocid43_40_0_, details1_.odnst as odnst44_40_0_, details1_.odobid as odobid45_40_0_, details1_.odqtyop as odqtyop46_40_0_, details1_.odordt as odordt47_40_0_, details1_.odqtyor as odqtyor48_40_0_, details1_.odott as odott49_40_0_, details1_.odordocdt as odordoc50_40_0_, details1_.odordocno as odordoc51_40_0_, details1_.odordocsq as odordoc52_40_0_, details1_.odordocty as odordoc53_40_0_, details1_.odptc as odptc54_40_0_, details1_.odpqor as odpqor55_40_0_, details1_.oduom1 as oduom56_40_0_, details1_.odpjid as odpjid57_40_0_, details1_.odpddt as odpddt58_40_0_, details1_.odpo03 as odpo59_40_0_, details1_.odpo01 as odpo60_40_0_, details1_.odpo02 as odpo61_40_0_, details1_.odqty as odqty62_40_0_, details1_.odrcdt as odrcdt63_40_0_, details1_.odqtyrc as odqtyrc64_40_0_, details1_.odstid as odstid65_40_0_, details1_.odvr04 as odvr66_40_0_, details1_.odvr01 as odvr67_40_0_, details1_.odvr03 as odvr68_40_0_, details1_.odvr05 as odvr69_40_0_, details1_.odvr02 as odvr70_40_0_, details1_.odrldocno as odrldoc71_40_0_, details1_.odrldocsq as odrldoc72_40_0_, details1_.odrldocty as odrldoc73_40_0_, details1_.odrqdt as odrqdt74_40_0_, details1_.odqtyrn as odqtyrn75_40_0_, details1_.odsqor as odsqor76_40_0_, details1_.oduom2 as oduom77_40_0_, details1_.odsnlot as odsnlot78_40_0_, details1_.odtaxal as odtaxal79_40_0_, details1_.odtaxam as odtaxam80_40_0_, details1_.odtaxab as odtaxab81_40_0_, details1_.odtaxcd as odtaxcd82_40_0_, details1_.odtaxrt as odtaxrt83_40_0_, details1_.odcrct as odcrct84_40_0_, details1_.oditc03 as oditc85_40_0_, details1_.oducf as oducf86_40_0_, details1_.oduncost as oduncos87_40_0_, details1_.odudc as odudc88_40_0_, details1_.odudf as odudf89_40_0_, details1_.oduom as oduom90_40_0_, details1_.odvnid as odvnid91_40_0_ from t4301 purchaseor0_ left outer join t4311 details1_ on purchaseor0_.ohcoid=details1_.odcoid and purchaseor0_.ohdocono=details1_.oddocono and purchaseor0_.ohdocoty=details1_.oddocoty where purchaseor0_.ohcoid=? and purchaseor0_.ohdocono=? and purchaseor0_.ohdocoty=?
Hibernate: select purchasede0_.odcoid as odcoid1_40_0_, purchasede0_.oddocono as oddocono2_40_0_, purchasede0_.oddocosq as oddocosq3_40_0_, purchasede0_.oddocoty as oddocoty4_40_0_, purchasede0_.odcid as odcid5_40_0_, purchasede0_.oddtin as oddtin6_40_0_, purchasede0_.odtmin as odtmin7_40_0_, purchasede0_.oduid as oduid8_40_0_, purchasede0_.oddtlu as oddtlu9_40_0_, purchasede0_.odtmlu as odtmlu10_40_0_, purchasede0_.oduidm as oduidm11_40_0_, purchasede0_.odacid as odacid12_40_0_, purchasede0_.odaprcd as odaprcd13_40_0_, purchasede0_.odcrcb as odcrcb14_40_0_, purchasede0_.oditc02 as oditc15_40_0_, purchasede0_.odbuid as odbuid16_40_0_, purchasede0_.odqtycl as odqtycl17_40_0_, purchasede0_.oditc01 as oditc18_40_0_, purchasede0_.odcldt as odcldt19_40_0_, purchasede0_.odcsid as odcsid20_40_0_, purchasede0_.oddccd as oddccd21_40_0_, purchasede0_.oddcrt as oddcrt22_40_0_, purchasede0_.odexcrt as odexcrt23_40_0_, purchasede0_.odexcost as odexcos24_40_0_, purchasede0_.odqtyx as odqtyx25_40_0_, purchasede0_.oducfx as oducfx26_40_0_, purchasede0_.oduncostx as oduncos27_40_0_, purchasede0_.oduomx as oduomx28_40_0_, purchasede0_.odfec as odfec29_40_0_, purchasede0_.odfta as odfta30_40_0_, purchasede0_.odftb as odftb31_40_0_, purchasede0_.odfuc as odfuc32_40_0_, purchasede0_.odglcls as odglcls33_40_0_, purchasede0_.odgldt as odgldt34_40_0_, purchasede0_.odir02 as odir35_40_0_, purchasede0_.odir01 as odir36_40_0_, purchasede0_.odir03 as odir37_40_0_, purchasede0_.odinum as odinum38_40_0_, purchasede0_.oddesb1 as oddesb39_40_0_, purchasede0_.oditc05 as oditc40_40_0_, purchasede0_.odlst as odlst41_40_0_, purchasede0_.odlnty as odlnty42_40_0_, purchasede0_.odlocid as odlocid43_40_0_, purchasede0_.odnst as odnst44_40_0_, purchasede0_.odobid as odobid45_40_0_, purchasede0_.odqtyop as odqtyop46_40_0_, purchasede0_.odordt as odordt47_40_0_, purchasede0_.odqtyor as odqtyor48_40_0_, purchasede0_.odott as odott49_40_0_, purchasede0_.odordocdt as odordoc50_40_0_, purchasede0_.odordocno as odordoc51_40_0_, purchasede0_.odordocsq as odordoc52_40_0_, purchasede0_.odordocty as odordoc53_40_0_, purchasede0_.odptc as odptc54_40_0_, purchasede0_.odpqor as odpqor55_40_0_, purchasede0_.oduom1 as oduom56_40_0_, purchasede0_.odpjid as odpjid57_40_0_, purchasede0_.odpddt as odpddt58_40_0_, purchasede0_.odpo03 as odpo59_40_0_, purchasede0_.odpo01 as odpo60_40_0_, purchasede0_.odpo02 as odpo61_40_0_, purchasede0_.odqty as odqty62_40_0_, purchasede0_.odrcdt as odrcdt63_40_0_, purchasede0_.odqtyrc as odqtyrc64_40_0_, purchasede0_.odstid as odstid65_40_0_, purchasede0_.odvr04 as odvr66_40_0_, purchasede0_.odvr01 as odvr67_40_0_, purchasede0_.odvr03 as odvr68_40_0_, purchasede0_.odvr05 as odvr69_40_0_, purchasede0_.odvr02 as odvr70_40_0_, purchasede0_.odrldocno as odrldoc71_40_0_, purchasede0_.odrldocsq as odrldoc72_40_0_, purchasede0_.odrldocty as odrldoc73_40_0_, purchasede0_.odrqdt as odrqdt74_40_0_, purchasede0_.odqtyrn as odqtyrn75_40_0_, purchasede0_.odsqor as odsqor76_40_0_, purchasede0_.oduom2 as oduom77_40_0_, purchasede0_.odsnlot as odsnlot78_40_0_, purchasede0_.odtaxal as odtaxal79_40_0_, purchasede0_.odtaxam as odtaxam80_40_0_, purchasede0_.odtaxab as odtaxab81_40_0_, purchasede0_.odtaxcd as odtaxcd82_40_0_, purchasede0_.odtaxrt as odtaxrt83_40_0_, purchasede0_.odcrct as odcrct84_40_0_, purchasede0_.oditc03 as oditc85_40_0_, purchasede0_.oducf as oducf86_40_0_, purchasede0_.oduncost as oduncos87_40_0_, purchasede0_.odudc as odudc88_40_0_, purchasede0_.odudf as odudf89_40_0_, purchasede0_.oduom as oduom90_40_0_, purchasede0_.odvnid as odvnid91_40_0_ from t4311 purchasede0_ where purchasede0_.odcoid=? and purchasede0_.oddocono=? and purchasede0_.oddocosq=? and purchasede0_.oddocoty=?
Hibernate: select purchasede0_.odcoid as odcoid1_40_0_, purchasede0_.oddocono as oddocono2_40_0_, purchasede0_.oddocosq as oddocosq3_40_0_, purchasede0_.oddocoty as oddocoty4_40_0_, purchasede0_.odcid as odcid5_40_0_, purchasede0_.oddtin as oddtin6_40_0_, purchasede0_.odtmin as odtmin7_40_0_, purchasede0_.oduid as oduid8_40_0_, purchasede0_.oddtlu as oddtlu9_40_0_, purchasede0_.odtmlu as odtmlu10_40_0_, purchasede0_.oduidm as oduidm11_40_0_, purchasede0_.odacid as odacid12_40_0_, purchasede0_.odaprcd as odaprcd13_40_0_, purchasede0_.odcrcb as odcrcb14_40_0_, purchasede0_.oditc02 as oditc15_40_0_, purchasede0_.odbuid as odbuid16_40_0_, purchasede0_.odqtycl as odqtycl17_40_0_, purchasede0_.oditc01 as oditc18_40_0_, purchasede0_.odcldt as odcldt19_40_0_, purchasede0_.odcsid as odcsid20_40_0_, purchasede0_.oddccd as oddccd21_40_0_, purchasede0_.oddcrt as oddcrt22_40_0_, purchasede0_.odexcrt as odexcrt23_40_0_, purchasede0_.odexcost as odexcos24_40_0_, purchasede0_.odqtyx as odqtyx25_40_0_, purchasede0_.oducfx as oducfx26_40_0_, purchasede0_.oduncostx as oduncos27_40_0_, purchasede0_.oduomx as oduomx28_40_0_, purchasede0_.odfec as odfec29_40_0_, purchasede0_.odfta as odfta30_40_0_, purchasede0_.odftb as odftb31_40_0_, purchasede0_.odfuc as odfuc32_40_0_, purchasede0_.odglcls as odglcls33_40_0_, purchasede0_.odgldt as odgldt34_40_0_, purchasede0_.odir02 as odir35_40_0_, purchasede0_.odir01 as odir36_40_0_, purchasede0_.odir03 as odir37_40_0_, purchasede0_.odinum as odinum38_40_0_, purchasede0_.oddesb1 as oddesb39_40_0_, purchasede0_.oditc05 as oditc40_40_0_, purchasede0_.odlst as odlst41_40_0_, purchasede0_.odlnty as odlnty42_40_0_, purchasede0_.odlocid as odlocid43_40_0_, purchasede0_.odnst as odnst44_40_0_, purchasede0_.odobid as odobid45_40_0_, purchasede0_.odqtyop as odqtyop46_40_0_, purchasede0_.odordt as odordt47_40_0_, purchasede0_.odqtyor as odqtyor48_40_0_, purchasede0_.odott as odott49_40_0_, purchasede0_.odordocdt as odordoc50_40_0_, purchasede0_.odordocno as odordoc51_40_0_, purchasede0_.odordocsq as odordoc52_40_0_, purchasede0_.odordocty as odordoc53_40_0_, purchasede0_.odptc as odptc54_40_0_, purchasede0_.odpqor as odpqor55_40_0_, purchasede0_.oduom1 as oduom56_40_0_, purchasede0_.odpjid as odpjid57_40_0_, purchasede0_.odpddt as odpddt58_40_0_, purchasede0_.odpo03 as odpo59_40_0_, purchasede0_.odpo01 as odpo60_40_0_, purchasede0_.odpo02 as odpo61_40_0_, purchasede0_.odqty as odqty62_40_0_, purchasede0_.odrcdt as odrcdt63_40_0_, purchasede0_.odqtyrc as odqtyrc64_40_0_, purchasede0_.odstid as odstid65_40_0_, purchasede0_.odvr04 as odvr66_40_0_, purchasede0_.odvr01 as odvr67_40_0_, purchasede0_.odvr03 as odvr68_40_0_, purchasede0_.odvr05 as odvr69_40_0_, purchasede0_.odvr02 as odvr70_40_0_, purchasede0_.odrldocno as odrldoc71_40_0_, purchasede0_.odrldocsq as odrldoc72_40_0_, purchasede0_.odrldocty as odrldoc73_40_0_, purchasede0_.odrqdt as odrqdt74_40_0_, purchasede0_.odqtyrn as odqtyrn75_40_0_, purchasede0_.odsqor as odsqor76_40_0_, purchasede0_.oduom2 as oduom77_40_0_, purchasede0_.odsnlot as odsnlot78_40_0_, purchasede0_.odtaxal as odtaxal79_40_0_, purchasede0_.odtaxam as odtaxam80_40_0_, purchasede0_.odtaxab as odtaxab81_40_0_, purchasede0_.odtaxcd as odtaxcd82_40_0_, purchasede0_.odtaxrt as odtaxrt83_40_0_, purchasede0_.odcrct as odcrct84_40_0_, purchasede0_.oditc03 as oditc85_40_0_, purchasede0_.oducf as oducf86_40_0_, purchasede0_.oduncost as oduncos87_40_0_, purchasede0_.odudc as odudc88_40_0_, purchasede0_.odudf as odudf89_40_0_, purchasede0_.oduom as oduom90_40_0_, purchasede0_.odvnid as odvnid91_40_0_ from t4311 purchasede0_ where purchasede0_.odcoid=? and purchasede0_.oddocono=? and purchasede0_.oddocosq=? and purchasede0_.oddocoty=?
Hibernate: select purchasede0_.odcoid as odcoid1_40_0_, purchasede0_.oddocono as oddocono2_40_0_, purchasede0_.oddocosq as oddocosq3_40_0_, purchasede0_.oddocoty as oddocoty4_40_0_, purchasede0_.odcid as odcid5_40_0_, purchasede0_.oddtin as oddtin6_40_0_, purchasede0_.odtmin as odtmin7_40_0_, purchasede0_.oduid as oduid8_40_0_, purchasede0_.oddtlu as oddtlu9_40_0_, purchasede0_.odtmlu as odtmlu10_40_0_, purchasede0_.oduidm as oduidm11_40_0_, purchasede0_.odacid as odacid12_40_0_, purchasede0_.odaprcd as odaprcd13_40_0_, purchasede0_.odcrcb as odcrcb14_40_0_, purchasede0_.oditc02 as oditc15_40_0_, purchasede0_.odbuid as odbuid16_40_0_, purchasede0_.odqtycl as odqtycl17_40_0_, purchasede0_.oditc01 as oditc18_40_0_, purchasede0_.odcldt as odcldt19_40_0_, purchasede0_.odcsid as odcsid20_40_0_, purchasede0_.oddccd as oddccd21_40_0_, purchasede0_.oddcrt as oddcrt22_40_0_, purchasede0_.odexcrt as odexcrt23_40_0_, purchasede0_.odexcost as odexcos24_40_0_, purchasede0_.odqtyx as odqtyx25_40_0_, purchasede0_.oducfx as oducfx26_40_0_, purchasede0_.oduncostx as oduncos27_40_0_, purchasede0_.oduomx as oduomx28_40_0_, purchasede0_.odfec as odfec29_40_0_, purchasede0_.odfta as odfta30_40_0_, purchasede0_.odftb as odftb31_40_0_, purchasede0_.odfuc as odfuc32_40_0_, purchasede0_.odglcls as odglcls33_40_0_, purchasede0_.odgldt as odgldt34_40_0_, purchasede0_.odir02 as odir35_40_0_, purchasede0_.odir01 as odir36_40_0_, purchasede0_.odir03 as odir37_40_0_, purchasede0_.odinum as odinum38_40_0_, purchasede0_.oddesb1 as oddesb39_40_0_, purchasede0_.oditc05 as oditc40_40_0_, purchasede0_.odlst as odlst41_40_0_, purchasede0_.odlnty as odlnty42_40_0_, purchasede0_.odlocid as odlocid43_40_0_, purchasede0_.odnst as odnst44_40_0_, purchasede0_.odobid as odobid45_40_0_, purchasede0_.odqtyop as odqtyop46_40_0_, purchasede0_.odordt as odordt47_40_0_, purchasede0_.odqtyor as odqtyor48_40_0_, purchasede0_.odott as odott49_40_0_, purchasede0_.odordocdt as odordoc50_40_0_, purchasede0_.odordocno as odordoc51_40_0_, purchasede0_.odordocsq as odordoc52_40_0_, purchasede0_.odordocty as odordoc53_40_0_, purchasede0_.odptc as odptc54_40_0_, purchasede0_.odpqor as odpqor55_40_0_, purchasede0_.oduom1 as oduom56_40_0_, purchasede0_.odpjid as odpjid57_40_0_, purchasede0_.odpddt as odpddt58_40_0_, purchasede0_.odpo03 as odpo59_40_0_, purchasede0_.odpo01 as odpo60_40_0_, purchasede0_.odpo02 as odpo61_40_0_, purchasede0_.odqty as odqty62_40_0_, purchasede0_.odrcdt as odrcdt63_40_0_, purchasede0_.odqtyrc as odqtyrc64_40_0_, purchasede0_.odstid as odstid65_40_0_, purchasede0_.odvr04 as odvr66_40_0_, purchasede0_.odvr01 as odvr67_40_0_, purchasede0_.odvr03 as odvr68_40_0_, purchasede0_.odvr05 as odvr69_40_0_, purchasede0_.odvr02 as odvr70_40_0_, purchasede0_.odrldocno as odrldoc71_40_0_, purchasede0_.odrldocsq as odrldoc72_40_0_, purchasede0_.odrldocty as odrldoc73_40_0_, purchasede0_.odrqdt as odrqdt74_40_0_, purchasede0_.odqtyrn as odqtyrn75_40_0_, purchasede0_.odsqor as odsqor76_40_0_, purchasede0_.oduom2 as oduom77_40_0_, purchasede0_.odsnlot as odsnlot78_40_0_, purchasede0_.odtaxal as odtaxal79_40_0_, purchasede0_.odtaxam as odtaxam80_40_0_, purchasede0_.odtaxab as odtaxab81_40_0_, purchasede0_.odtaxcd as odtaxcd82_40_0_, purchasede0_.odtaxrt as odtaxrt83_40_0_, purchasede0_.odcrct as odcrct84_40_0_, purchasede0_.oditc03 as oditc85_40_0_, purchasede0_.oducf as oducf86_40_0_, purchasede0_.oduncost as oduncos87_40_0_, purchasede0_.odudc as odudc88_40_0_, purchasede0_.odudf as odudf89_40_0_, purchasede0_.oduom as oduom90_40_0_, purchasede0_.odvnid as odvnid91_40_0_ from t4311 purchasede0_ where purchasede0_.odcoid=? and purchasede0_.oddocono=? and purchasede0_.oddocosq=? and purchasede0_.oddocoty=?
Hibernate: insert into t4301 (ohcid, ohdtin, ohtmin, ohuid, ohdtlu, ohtmlu, ohuidm, ohaprcd, ohcrcb, ohbuid, ohcldt, ohcot, ohcsid, ohdesb1, ohdccd, ohdcrt, ohexcrt, ohgldt, ohidd, ohidn, ohlst, ohnst, ohobid, ohordt, ohptc, ohpoa, ohpod, ohpjid, ohpddt, ohrcdt, ohstid, ohrqdt, ohtaxal, ohtaxcd, ohtaxrt, ohcrct, ohdesc1, ohdesc2, ohvhrn, ohvhty, ohvnid, ohcoid, ohdocono, ohdocoty) values (?, ?, ?, ?, ?, ?, ?, ?, ?, ?, ?, ?, ?, ?, ?, ?, ?, ?, ?, ?, ?, ?, ?, ?, ?, ?, ?, ?, ?, ?, ?, ?, ?, ?, ?, ?, ?, ?, ?, ?, ?, ?, ?, ?)
Hibernate: insert into t4311 (odcid, oddtin, odtmin, oduid, oddtlu, odtmlu, oduidm, odacid, odaprcd, odcrcb, oditc02, odbuid, odqtycl, oditc01, odcldt, odcsid, oddccd, oddcrt, odexcrt, odexcost, odqtyx, oducfx, oduncostx, oduomx, odfec, odfta, odftb, odfuc, odglcls, odgldt, odir02, odir01, odir03, odinum, oddesb1, oditc05, odlst, odlnty, odlocid, odnst, odobid, odqtyop, odordt, odqtyor, odott, odordocdt, odordocno, odordocsq, odordocty, odptc, odpqor, oduom1, odpjid, odpddt, odpo03, odpo01, odpo02, odqty, odrcdt, odqtyrc, odstid, odvr04, odvr01, odvr03, odvr05, odvr02, odrldocno, odrldocsq, odrldocty, odrqdt, odqtyrn, odsqor, oduom2, odsnlot, odtaxal, odtaxam, odtaxab, odtaxcd, odtaxrt, odcrct, oditc03, oducf, oduncost, odudc, odudf, oduom, odvnid, odcoid, oddocono, oddocosq, oddocoty) values (?, ?, ?, ?, ?, ?, ?, ?, ?, ?, ?, ?, ?, ?, ?, ?, ?, ?, ?, ?, ?, ?, ?, ?, ?, ?, ?, ?, ?, ?, ?, ?, ?, ?, ?, ?, ?, ?, ?, ?, ?, ?, ?, ?, ?, ?, ?, ?, ?, ?, ?, ?, ?, ?, ?, ?, ?, ?, ?, ?, ?, ?, ?, ?, ?, ?, ?, ?, ?, ?, ?, ?, ?, ?, ?, ?, ?, ?, ?, ?, ?, ?, ?, ?, ?, ?, ?, ?, ?, ?, ?)
Hibernate: insert into t4311 (odcid, oddtin, odtmin, oduid, oddtlu, odtmlu, oduidm, odacid, odaprcd, odcrcb, oditc02, odbuid, odqtycl, oditc01, odcldt, odcsid, oddccd, oddcrt, odexcrt, odexcost, odqtyx, oducfx, oduncostx, oduomx, odfec, odfta, odftb, odfuc, odglcls, odgldt, odir02, odir01, odir03, odinum, oddesb1, oditc05, odlst, odlnty, odlocid, odnst, odobid, odqtyop, odordt, odqtyor, odott, odordocdt, odordocno, odordocsq, odordocty, odptc, odpqor, oduom1, odpjid, odpddt, odpo03, odpo01, odpo02, odqty, odrcdt, odqtyrc, odstid, odvr04, odvr01, odvr03, odvr05, odvr02, odrldocno, odrldocsq, odrldocty, odrqdt, odqtyrn, odsqor, oduom2, odsnlot, odtaxal, odtaxam, odtaxab, odtaxcd, odtaxrt, odcrct, oditc03, oducf, oduncost, odudc, odudf, oduom, odvnid, odcoid, oddocono, oddocosq, oddocoty) values (?, ?, ?, ?, ?, ?, ?, ?, ?, ?, ?, ?, ?, ?, ?, ?, ?, ?, ?, ?, ?, ?, ?, ?, ?, ?, ?, ?, ?, ?, ?, ?, ?, ?, ?, ?, ?, ?, ?, ?, ?, ?, ?, ?, ?, ?, ?, ?, ?, ?, ?, ?, ?, ?, ?, ?, ?, ?, ?, ?, ?, ?, ?, ?, ?, ?, ?, ?, ?, ?, ?, ?, ?, ?, ?, ?, ?, ?, ?, ?, ?, ?, ?, ?, ?, ?, ?, ?, ?, ?, ?)
Hibernate: insert into t4311 (odcid, oddtin, odtmin, oduid, oddtlu, odtmlu, oduidm, odacid, odaprcd, odcrcb, oditc02, odbuid, odqtycl, oditc01, odcldt, odcsid, oddccd, oddcrt, odexcrt, odexcost, odqtyx, oducfx, oduncostx, oduomx, odfec, odfta, odftb, odfuc, odglcls, odgldt, odir02, odir01, odir03, odinum, oddesb1, oditc05, odlst, odlnty, odlocid, odnst, odobid, odqtyop, odordt, odqtyor, odott, odordocdt, odordocno, odordocsq, odordocty, odptc, odpqor, oduom1, odpjid, odpddt, odpo03, odpo01, odpo02, odqty, odrcdt, odqtyrc, odstid, odvr04, odvr01, odvr03, odvr05, odvr02, odrldocno, odrldocsq, odrldocty, odrqdt, odqtyrn, odsqor, oduom2, odsnlot, odtaxal, odtaxam, odtaxab, odtaxcd, odtaxrt, odcrct, oditc03, oducf, oduncost, odudc, odudf, oduom, odvnid, odcoid, oddocono, oddocosq, oddocoty) values (?, ?, ?, ?, ?, ?, ?, ?, ?, ?, ?, ?, ?, ?, ?, ?, ?, ?, ?, ?, ?, ?, ?, ?, ?, ?, ?, ?, ?, ?, ?, ?, ?, ?, ?, ?, ?, ?, ?, ?, ?, ?, ?, ?, ?, ?, ?, ?, ?, ?, ?, ?, ?, ?, ?, ?, ?, ?, ?, ?, ?, ?, ?, ?, ?, ?, ?, ?, ?, ?, ?, ?, ?, ?, ?, ?, ?, ?, ?, ?, ?, ?, ?, ?, ?, ?, ?, ?, ?, ?, ?)
Hibernate: select purchaseor0_.ohcoid as ohcoid1_39_0_, purchaseor0_.ohdocono as ohdocono2_39_0_, purchaseor0_.ohdocoty as ohdocoty3_39_0_, purchaseor0_.ohcid as ohcid4_39_0_, purchaseor0_.ohdtin as ohdtin5_39_0_, purchaseor0_.ohtmin as ohtmin6_39_0_, purchaseor0_.ohuid as ohuid7_39_0_, purchaseor0_.ohdtlu as ohdtlu8_39_0_, purchaseor0_.ohtmlu as ohtmlu9_39_0_, purchaseor0_.ohuidm as ohuidm10_39_0_, purchaseor0_.ohaprcd as ohaprcd11_39_0_, purchaseor0_.ohcrcb as ohcrcb12_39_0_, purchaseor0_.ohbuid as ohbuid13_39_0_, purchaseor0_.ohcldt as ohcldt14_39_0_, purchaseor0_.ohcot as ohcot15_39_0_, purchaseor0_.ohcsid as ohcsid16_39_0_, purchaseor0_.ohdesb1 as ohdesb17_39_0_, purchaseor0_.ohdccd as ohdccd18_39_0_, purchaseor0_.ohdcrt as ohdcrt19_39_0_, purchaseor0_.ohexcrt as ohexcrt20_39_0_, purchaseor0_.ohgldt as ohgldt21_39_0_, purchaseor0_.ohidd as ohidd22_39_0_, purchaseor0_.ohidn as ohidn23_39_0_, purchaseor0_.ohlst as ohlst24_39_0_, purchaseor0_.ohnst as ohnst25_39_0_, purchaseor0_.ohobid as ohobid26_39_0_, purchaseor0_.ohordt as ohordt27_39_0_, purchaseor0_.ohptc as ohptc28_39_0_, purchaseor0_.ohpoa as ohpoa29_39_0_, purchaseor0_.ohpod as ohpod30_39_0_, purchaseor0_.ohpjid as ohpjid31_39_0_, purchaseor0_.ohpddt as ohpddt32_39_0_, purchaseor0_.ohrcdt as ohrcdt33_39_0_, purchaseor0_.ohstid as ohstid34_39_0_, purchaseor0_.ohrqdt as ohrqdt35_39_0_, purchaseor0_.ohtaxal as ohtaxal36_39_0_, purchaseor0_.ohtaxcd as ohtaxcd37_39_0_, purchaseor0_.ohtaxrt as ohtaxrt38_39_0_, purchaseor0_.ohcrct as ohcrct39_39_0_, purchaseor0_.ohdesc1 as ohdesc40_39_0_, purchaseor0_.ohdesc2 as ohdesc41_39_0_, purchaseor0_.ohvhrn as ohvhrn42_39_0_, purchaseor0_.ohvhty as ohvhty43_39_0_, purchaseor0_.ohvnid as ohvnid44_39_0_ from t4301 purchaseor0_ where purchaseor0_.ohcoid=? and purchaseor0_.ohdocono=? and purchaseor0_.ohdocoty=?
Hibernate: select details0_.odcoid as odcoid1_40_0_, details0_.oddocono as oddocono2_40_0_, details0_.oddocoty as oddocoty4_40_0_, details0_.oddocosq as oddocosq3_40_0_, details0_.odcoid as odcoid1_40_1_, details0_.oddocono as oddocono2_40_1_, details0_.oddocosq as oddocosq3_40_1_, details0_.oddocoty as oddocoty4_40_1_, details0_.odcid as odcid5_40_1_, details0_.oddtin as oddtin6_40_1_, details0_.odtmin as odtmin7_40_1_, details0_.oduid as oduid8_40_1_, details0_.oddtlu as oddtlu9_40_1_, details0_.odtmlu as odtmlu10_40_1_, details0_.oduidm as oduidm11_40_1_, details0_.odacid as odacid12_40_1_, details0_.odaprcd as odaprcd13_40_1_, details0_.odcrcb as odcrcb14_40_1_, details0_.oditc02 as oditc15_40_1_, details0_.odbuid as odbuid16_40_1_, details0_.odqtycl as odqtycl17_40_1_, details0_.oditc01 as oditc18_40_1_, details0_.odcldt as odcldt19_40_1_, details0_.odcsid as odcsid20_40_1_, details0_.oddccd as oddccd21_40_1_, details0_.oddcrt as oddcrt22_40_1_, details0_.odexcrt as odexcrt23_40_1_, details0_.odexcost as odexcos24_40_1_, details0_.odqtyx as odqtyx25_40_1_, details0_.oducfx as oducfx26_40_1_, details0_.oduncostx as oduncos27_40_1_, details0_.oduomx as oduomx28_40_1_, details0_.odfec as odfec29_40_1_, details0_.odfta as odfta30_40_1_, details0_.odftb as odftb31_40_1_, details0_.odfuc as odfuc32_40_1_, details0_.odglcls as odglcls33_40_1_, details0_.odgldt as odgldt34_40_1_, details0_.odir02 as odir35_40_1_, details0_.odir01 as odir36_40_1_, details0_.odir03 as odir37_40_1_, details0_.odinum as odinum38_40_1_, details0_.oddesb1 as oddesb39_40_1_, details0_.oditc05 as oditc40_40_1_, details0_.odlst as odlst41_40_1_, details0_.odlnty as odlnty42_40_1_, details0_.odlocid as odlocid43_40_1_, details0_.odnst as odnst44_40_1_, details0_.odobid as odobid45_40_1_, details0_.odqtyop as odqtyop46_40_1_, details0_.odordt as odordt47_40_1_, details0_.odqtyor as odqtyor48_40_1_, details0_.odott as odott49_40_1_, details0_.odordocdt as odordoc50_40_1_, details0_.odordocno as odordoc51_40_1_, details0_.odordocsq as odordoc52_40_1_, details0_.odordocty as odordoc53_40_1_, details0_.odptc as odptc54_40_1_, details0_.odpqor as odpqor55_40_1_, details0_.oduom1 as oduom56_40_1_, details0_.odpjid as odpjid57_40_1_, details0_.odpddt as odpddt58_40_1_, details0_.odpo03 as odpo59_40_1_, details0_.odpo01 as odpo60_40_1_, details0_.odpo02 as odpo61_40_1_, details0_.odqty as odqty62_40_1_, details0_.odrcdt as odrcdt63_40_1_, details0_.odqtyrc as odqtyrc64_40_1_, details0_.odstid as odstid65_40_1_, details0_.odvr04 as odvr66_40_1_, details0_.odvr01 as odvr67_40_1_, details0_.odvr03 as odvr68_40_1_, details0_.odvr05 as odvr69_40_1_, details0_.odvr02 as odvr70_40_1_, details0_.odrldocno as odrldoc71_40_1_, details0_.odrldocsq as odrldoc72_40_1_, details0_.odrldocty as odrldoc73_40_1_, details0_.odrqdt as odrqdt74_40_1_, details0_.odqtyrn as odqtyrn75_40_1_, details0_.odsqor as odsqor76_40_1_, details0_.oduom2 as oduom77_40_1_, details0_.odsnlot as odsnlot78_40_1_, details0_.odtaxal as odtaxal79_40_1_, details0_.odtaxam as odtaxam80_40_1_, details0_.odtaxab as odtaxab81_40_1_, details0_.odtaxcd as odtaxcd82_40_1_, details0_.odtaxrt as odtaxrt83_40_1_, details0_.odcrct as odcrct84_40_1_, details0_.oditc03 as oditc85_40_1_, details0_.oducf as oducf86_40_1_, details0_.oduncost as oduncos87_40_1_, details0_.odudc as odudc88_40_1_, details0_.odudf as odudf89_40_1_, details0_.oduom as oduom90_40_1_, details0_.odvnid as odvnid91_40_1_ from t4311 details0_ where details0_.odcoid=? and details0_.oddocono=? and details0_.oddocoty=?
Hibernate: select receipts0_.ovcoid as ovcoid1_41_0_, receipts0_.ovdocono as ovdocon53_41_0_, receipts0_.ovdocosq as ovdocos54_41_0_, receipts0_.ovdocoty as ovdocot55_41_0_, receipts0_.ovdocno as ovdocno2_41_0_, receipts0_.ovdocty as ovdocty3_41_0_, receipts0_.ovdocsq as ovdocsq4_41_0_, receipts0_.ovcoid as ovcoid1_41_1_, receipts0_.ovdocno as ovdocno2_41_1_, receipts0_.ovdocty as ovdocty3_41_1_, receipts0_.ovdocsq as ovdocsq4_41_1_, receipts0_.ovcid as ovcid5_41_1_, receipts0_.ovdtin as ovdtin6_41_1_, receipts0_.ovtmin as ovtmin7_41_1_, receipts0_.ovuid as ovuid8_41_1_, receipts0_.ovdtlu as ovdtlu9_41_1_, receipts0_.ovtmlu as ovtmlu10_41_1_, receipts0_.ovuidm as ovuidm11_41_1_, receipts0_.ovacid as ovacid12_41_1_, receipts0_.ovcrcb as ovcrcb13_41_1_, receipts0_.ovicu as ovicu14_41_1_, receipts0_.ovicut as ovicut15_41_1_, receipts0_.ovitc02 as ovitc16_41_1_, receipts0_.ovbuid as ovbuid17_41_1_, receipts0_.ovitc01 as ovitc18_41_1_, receipts0_.ovcot as ovcot19_41_1_, receipts0_.ovcnid as ovcnid20_41_1_, receipts0_.ovcsdocdt as ovcsdoc21_41_1_, receipts0_.ovcsdocno as ovcsdoc22_41_1_, receipts0_.ovurtx as ovurtx23_41_1_, receipts0_.ovdccd as ovdccd24_41_1_, receipts0_.ovdcrt as ovdcrt25_41_1_, receipts0_.ovdocdt as ovdocdt26_41_1_, receipts0_.ovexcrt as ovexcrt27_41_1_, receipts0_.ovexpdt as ovexpdt28_41_1_, receipts0_.ovexcost as ovexcos29_41_1_, receipts0_.ovfec as ovfec30_41_1_, receipts0_.ovfta as ovfta31_41_1_, receipts0_.ovftb as ovftb32_41_1_, receipts0_.ovfuc as ovfuc33_41_1_, receipts0_.ovglcls as ovglcls34_41_1_, receipts0_.ovidd as ovidd35_41_1_, receipts0_.ovidn as ovidn36_41_1_, receipts0_.ovitt as ovitt37_41_1_, receipts0_.ovdocidt as ovdocid38_41_1_, receipts0_.ovdocino as ovdocin39_41_1_, receipts0_.ovdocisq as ovdocis40_41_1_, receipts0_.ovdocity as ovdocit41_41_1_, receipts0_.ovinum as ovinum42_41_1_, receipts0_.ovdesb1 as ovdesb43_41_1_, receipts0_.ovlcrt as ovlcrt44_41_1_, receipts0_.ovitc05 as ovitc45_41_1_, receipts0_.ovlst as ovlst46_41_1_, receipts0_.ovlvla as ovlvla47_41_1_, receipts0_.ovlnty as ovlnty48_41_1_, receipts0_.ovlocid as ovlocid49_41_1_, receipts0_.ovmatc as ovmatc50_41_1_, receipts0_.ovnst as ovnst51_41_1_, receipts0_.ovobid as ovobid52_41_1_, receipts0_.ovdocono as ovdocon53_41_1_, receipts0_.ovdocosq as ovdocos54_41_1_, receipts0_.ovdocoty as ovdocot55_41_1_, receipts0_.ovordocno as ovordoc56_41_1_, receipts0_.ovordocsq as ovordoc57_41_1_, receipts0_.ovordocty as ovordoc58_41_1_, receipts0_.ovptc as ovptc59_41_1_, receipts0_.ovpoa as ovpoa60_41_1_, receipts0_.ovpod as ovpod61_41_1_, receipts0_.ovpqot as ovpqot62_41_1_, receipts0_.ovuom1 as ovuom63_41_1_, receipts0_.ovpjid as ovpjid64_41_1_, receipts0_.ovpo03 as ovpo65_41_1_, receipts0_.ovpo01 as ovpo66_41_1_, receipts0_.ovpo02 as ovpo67_41_1_, receipts0_.ovqty as ovqty68_41_1_, receipts0_.ovrcdt as ovrcdt69_41_1_, receipts0_.ovrecid as ovrecid70_41_1_, receipts0_.ovvr04 as ovvr71_41_1_, receipts0_.ovvr01 as ovvr72_41_1_, receipts0_.ovvr03 as ovvr73_41_1_, receipts0_.ovvr05 as ovvr74_41_1_, receipts0_.ovvr02 as ovvr75_41_1_, receipts0_.ovrtgc as ovrtgc76_41_1_, receipts0_.ovsqot as ovsqot77_41_1_, receipts0_.ovuom2 as ovuom78_41_1_, receipts0_.ovsnlot as ovsnlot79_41_1_, receipts0_.ovtaxal as ovtaxal80_41_1_, receipts0_.ovtaxam as ovtaxam81_41_1_, receipts0_.ovtaxab as ovtaxab82_41_1_, receipts0_.ovtaxcd as ovtaxcd83_41_1_, receipts0_.ovtaxidt as ovtaxid84_41_1_, receipts0_.ovtaxino as ovtaxin85_41_1_, receipts0_.ovtaxrt as ovtaxrt86_41_1_, receipts0_.ovcrct as ovcrct87_41_1_, receipts0_.ovitc03 as ovitc88_41_1_, receipts0_.ovucf as ovucf89_41_1_, receipts0_.ovuncost as ovuncos90_41_1_, receipts0_.ovudc as ovudc91_41_1_, receipts0_.ovudf as ovudf92_41_1_, receipts0_.ovuom as ovuom93_41_1_, receipts0_.ovvnid as ovvnid94_41_1_, receipts0_.ovinvdt as ovinvdt95_41_1_, receipts0_.ovinvno as ovinvno96_41_1_ from t4312 receipts0_ where receipts0_.ovcoid=? and receipts0_.ovdocono=? and receipts0_.ovdocosq=? and receipts0_.ovdocoty=?
Hibernate: select receipts0_.ovcoid as ovcoid1_41_0_, receipts0_.ovdocono as ovdocon53_41_0_, receipts0_.ovdocosq as ovdocos54_41_0_, receipts0_.ovdocoty as ovdocot55_41_0_, receipts0_.ovdocno as ovdocno2_41_0_, receipts0_.ovdocty as ovdocty3_41_0_, receipts0_.ovdocsq as ovdocsq4_41_0_, receipts0_.ovcoid as ovcoid1_41_1_, receipts0_.ovdocno as ovdocno2_41_1_, receipts0_.ovdocty as ovdocty3_41_1_, receipts0_.ovdocsq as ovdocsq4_41_1_, receipts0_.ovcid as ovcid5_41_1_, receipts0_.ovdtin as ovdtin6_41_1_, receipts0_.ovtmin as ovtmin7_41_1_, receipts0_.ovuid as ovuid8_41_1_, receipts0_.ovdtlu as ovdtlu9_41_1_, receipts0_.ovtmlu as ovtmlu10_41_1_, receipts0_.ovuidm as ovuidm11_41_1_, receipts0_.ovacid as ovacid12_41_1_, receipts0_.ovcrcb as ovcrcb13_41_1_, receipts0_.ovicu as ovicu14_41_1_, receipts0_.ovicut as ovicut15_41_1_, receipts0_.ovitc02 as ovitc16_41_1_, receipts0_.ovbuid as ovbuid17_41_1_, receipts0_.ovitc01 as ovitc18_41_1_, receipts0_.ovcot as ovcot19_41_1_, receipts0_.ovcnid as ovcnid20_41_1_, receipts0_.ovcsdocdt as ovcsdoc21_41_1_, receipts0_.ovcsdocno as ovcsdoc22_41_1_, receipts0_.ovurtx as ovurtx23_41_1_, receipts0_.ovdccd as ovdccd24_41_1_, receipts0_.ovdcrt as ovdcrt25_41_1_, receipts0_.ovdocdt as ovdocdt26_41_1_, receipts0_.ovexcrt as ovexcrt27_41_1_, receipts0_.ovexpdt as ovexpdt28_41_1_, receipts0_.ovexcost as ovexcos29_41_1_, receipts0_.ovfec as ovfec30_41_1_, receipts0_.ovfta as ovfta31_41_1_, receipts0_.ovftb as ovftb32_41_1_, receipts0_.ovfuc as ovfuc33_41_1_, receipts0_.ovglcls as ovglcls34_41_1_, receipts0_.ovidd as ovidd35_41_1_, receipts0_.ovidn as ovidn36_41_1_, receipts0_.ovitt as ovitt37_41_1_, receipts0_.ovdocidt as ovdocid38_41_1_, receipts0_.ovdocino as ovdocin39_41_1_, receipts0_.ovdocisq as ovdocis40_41_1_, receipts0_.ovdocity as ovdocit41_41_1_, receipts0_.ovinum as ovinum42_41_1_, receipts0_.ovdesb1 as ovdesb43_41_1_, receipts0_.ovlcrt as ovlcrt44_41_1_, receipts0_.ovitc05 as ovitc45_41_1_, receipts0_.ovlst as ovlst46_41_1_, receipts0_.ovlvla as ovlvla47_41_1_, receipts0_.ovlnty as ovlnty48_41_1_, receipts0_.ovlocid as ovlocid49_41_1_, receipts0_.ovmatc as ovmatc50_41_1_, receipts0_.ovnst as ovnst51_41_1_, receipts0_.ovobid as ovobid52_41_1_, receipts0_.ovdocono as ovdocon53_41_1_, receipts0_.ovdocosq as ovdocos54_41_1_, receipts0_.ovdocoty as ovdocot55_41_1_, receipts0_.ovordocno as ovordoc56_41_1_, receipts0_.ovordocsq as ovordoc57_41_1_, receipts0_.ovordocty as ovordoc58_41_1_, receipts0_.ovptc as ovptc59_41_1_, receipts0_.ovpoa as ovpoa60_41_1_, receipts0_.ovpod as ovpod61_41_1_, receipts0_.ovpqot as ovpqot62_41_1_, receipts0_.ovuom1 as ovuom63_41_1_, receipts0_.ovpjid as ovpjid64_41_1_, receipts0_.ovpo03 as ovpo65_41_1_, receipts0_.ovpo01 as ovpo66_41_1_, receipts0_.ovpo02 as ovpo67_41_1_, receipts0_.ovqty as ovqty68_41_1_, receipts0_.ovrcdt as ovrcdt69_41_1_, receipts0_.ovrecid as ovrecid70_41_1_, receipts0_.ovvr04 as ovvr71_41_1_, receipts0_.ovvr01 as ovvr72_41_1_, receipts0_.ovvr03 as ovvr73_41_1_, receipts0_.ovvr05 as ovvr74_41_1_, receipts0_.ovvr02 as ovvr75_41_1_, receipts0_.ovrtgc as ovrtgc76_41_1_, receipts0_.ovsqot as ovsqot77_41_1_, receipts0_.ovuom2 as ovuom78_41_1_, receipts0_.ovsnlot as ovsnlot79_41_1_, receipts0_.ovtaxal as ovtaxal80_41_1_, receipts0_.ovtaxam as ovtaxam81_41_1_, receipts0_.ovtaxab as ovtaxab82_41_1_, receipts0_.ovtaxcd as ovtaxcd83_41_1_, receipts0_.ovtaxidt as ovtaxid84_41_1_, receipts0_.ovtaxino as ovtaxin85_41_1_, receipts0_.ovtaxrt as ovtaxrt86_41_1_, receipts0_.ovcrct as ovcrct87_41_1_, receipts0_.ovitc03 as ovitc88_41_1_, receipts0_.ovucf as ovucf89_41_1_, receipts0_.ovuncost as ovuncos90_41_1_, receipts0_.ovudc as ovudc91_41_1_, receipts0_.ovudf as ovudf92_41_1_, receipts0_.ovuom as ovuom93_41_1_, receipts0_.ovvnid as ovvnid94_41_1_, receipts0_.ovinvdt as ovinvdt95_41_1_, receipts0_.ovinvno as ovinvno96_41_1_ from t4312 receipts0_ where receipts0_.ovcoid=? and receipts0_.ovdocono=? and receipts0_.ovdocosq=? and receipts0_.ovdocoty=?
Hibernate: select receipts0_.ovcoid as ovcoid1_41_0_, receipts0_.ovdocono as ovdocon53_41_0_, receipts0_.ovdocosq as ovdocos54_41_0_, receipts0_.ovdocoty as ovdocot55_41_0_, receipts0_.ovdocno as ovdocno2_41_0_, receipts0_.ovdocty as ovdocty3_41_0_, receipts0_.ovdocsq as ovdocsq4_41_0_, receipts0_.ovcoid as ovcoid1_41_1_, receipts0_.ovdocno as ovdocno2_41_1_, receipts0_.ovdocty as ovdocty3_41_1_, receipts0_.ovdocsq as ovdocsq4_41_1_, receipts0_.ovcid as ovcid5_41_1_, receipts0_.ovdtin as ovdtin6_41_1_, receipts0_.ovtmin as ovtmin7_41_1_, receipts0_.ovuid as ovuid8_41_1_, receipts0_.ovdtlu as ovdtlu9_41_1_, receipts0_.ovtmlu as ovtmlu10_41_1_, receipts0_.ovuidm as ovuidm11_41_1_, receipts0_.ovacid as ovacid12_41_1_, receipts0_.ovcrcb as ovcrcb13_41_1_, receipts0_.ovicu as ovicu14_41_1_, receipts0_.ovicut as ovicut15_41_1_, receipts0_.ovitc02 as ovitc16_41_1_, receipts0_.ovbuid as ovbuid17_41_1_, receipts0_.ovitc01 as ovitc18_41_1_, receipts0_.ovcot as ovcot19_41_1_, receipts0_.ovcnid as ovcnid20_41_1_, receipts0_.ovcsdocdt as ovcsdoc21_41_1_, receipts0_.ovcsdocno as ovcsdoc22_41_1_, receipts0_.ovurtx as ovurtx23_41_1_, receipts0_.ovdccd as ovdccd24_41_1_, receipts0_.ovdcrt as ovdcrt25_41_1_, receipts0_.ovdocdt as ovdocdt26_41_1_, receipts0_.ovexcrt as ovexcrt27_41_1_, receipts0_.ovexpdt as ovexpdt28_41_1_, receipts0_.ovexcost as ovexcos29_41_1_, receipts0_.ovfec as ovfec30_41_1_, receipts0_.ovfta as ovfta31_41_1_, receipts0_.ovftb as ovftb32_41_1_, receipts0_.ovfuc as ovfuc33_41_1_, receipts0_.ovglcls as ovglcls34_41_1_, receipts0_.ovidd as ovidd35_41_1_, receipts0_.ovidn as ovidn36_41_1_, receipts0_.ovitt as ovitt37_41_1_, receipts0_.ovdocidt as ovdocid38_41_1_, receipts0_.ovdocino as ovdocin39_41_1_, receipts0_.ovdocisq as ovdocis40_41_1_, receipts0_.ovdocity as ovdocit41_41_1_, receipts0_.ovinum as ovinum42_41_1_, receipts0_.ovdesb1 as ovdesb43_41_1_, receipts0_.ovlcrt as ovlcrt44_41_1_, receipts0_.ovitc05 as ovitc45_41_1_, receipts0_.ovlst as ovlst46_41_1_, receipts0_.ovlvla as ovlvla47_41_1_, receipts0_.ovlnty as ovlnty48_41_1_, receipts0_.ovlocid as ovlocid49_41_1_, receipts0_.ovmatc as ovmatc50_41_1_, receipts0_.ovnst as ovnst51_41_1_, receipts0_.ovobid as ovobid52_41_1_, receipts0_.ovdocono as ovdocon53_41_1_, receipts0_.ovdocosq as ovdocos54_41_1_, receipts0_.ovdocoty as ovdocot55_41_1_, receipts0_.ovordocno as ovordoc56_41_1_, receipts0_.ovordocsq as ovordoc57_41_1_, receipts0_.ovordocty as ovordoc58_41_1_, receipts0_.ovptc as ovptc59_41_1_, receipts0_.ovpoa as ovpoa60_41_1_, receipts0_.ovpod as ovpod61_41_1_, receipts0_.ovpqot as ovpqot62_41_1_, receipts0_.ovuom1 as ovuom63_41_1_, receipts0_.ovpjid as ovpjid64_41_1_, receipts0_.ovpo03 as ovpo65_41_1_, receipts0_.ovpo01 as ovpo66_41_1_, receipts0_.ovpo02 as ovpo67_41_1_, receipts0_.ovqty as ovqty68_41_1_, receipts0_.ovrcdt as ovrcdt69_41_1_, receipts0_.ovrecid as ovrecid70_41_1_, receipts0_.ovvr04 as ovvr71_41_1_, receipts0_.ovvr01 as ovvr72_41_1_, receipts0_.ovvr03 as ovvr73_41_1_, receipts0_.ovvr05 as ovvr74_41_1_, receipts0_.ovvr02 as ovvr75_41_1_, receipts0_.ovrtgc as ovrtgc76_41_1_, receipts0_.ovsqot as ovsqot77_41_1_, receipts0_.ovuom2 as ovuom78_41_1_, receipts0_.ovsnlot as ovsnlot79_41_1_, receipts0_.ovtaxal as ovtaxal80_41_1_, receipts0_.ovtaxam as ovtaxam81_41_1_, receipts0_.ovtaxab as ovtaxab82_41_1_, receipts0_.ovtaxcd as ovtaxcd83_41_1_, receipts0_.ovtaxidt as ovtaxid84_41_1_, receipts0_.ovtaxino as ovtaxin85_41_1_, receipts0_.ovtaxrt as ovtaxrt86_41_1_, receipts0_.ovcrct as ovcrct87_41_1_, receipts0_.ovitc03 as ovitc88_41_1_, receipts0_.ovucf as ovucf89_41_1_, receipts0_.ovuncost as ovuncos90_41_1_, receipts0_.ovudc as ovudc91_41_1_, receipts0_.ovudf as ovudf92_41_1_, receipts0_.ovuom as ovuom93_41_1_, receipts0_.ovvnid as ovvnid94_41_1_, receipts0_.ovinvdt as ovinvdt95_41_1_, receipts0_.ovinvno as ovinvno96_41_1_ from t4312 receipts0_ where receipts0_.ovcoid=? and receipts0_.ovdocono=? and receipts0_.ovdocosq=? and receipts0_.ovdocoty=?
Hibernate: select TOP(?) purchasere0_.ovcoid as ovcoid1_41_, purchasere0_.ovdocno as ovdocno2_41_, purchasere0_.ovdocty as ovdocty3_41_, purchasere0_.ovdocsq as ovdocsq4_41_, purchasere0_.ovcid as ovcid5_41_, purchasere0_.ovdtin as ovdtin6_41_, purchasere0_.ovtmin as ovtmin7_41_, purchasere0_.ovuid as ovuid8_41_, purchasere0_.ovdtlu as ovdtlu9_41_, purchasere0_.ovtmlu as ovtmlu10_41_, purchasere0_.ovuidm as ovuidm11_41_, purchasere0_.ovacid as ovacid12_41_, purchasere0_.ovcrcb as ovcrcb13_41_, purchasere0_.ovicu as ovicu14_41_, purchasere0_.ovicut as ovicut15_41_, purchasere0_.ovitc02 as ovitc16_41_, purchasere0_.ovbuid as ovbuid17_41_, purchasere0_.ovitc01 as ovitc18_41_, purchasere0_.ovcot as ovcot19_41_, purchasere0_.ovcnid as ovcnid20_41_, purchasere0_.ovcsdocdt as ovcsdoc21_41_, purchasere0_.ovcsdocno as ovcsdoc22_41_, purchasere0_.ovurtx as ovurtx23_41_, purchasere0_.ovdccd as ovdccd24_41_, purchasere0_.ovdcrt as ovdcrt25_41_, purchasere0_.ovdocdt as ovdocdt26_41_, purchasere0_.ovexcrt as ovexcrt27_41_, purchasere0_.ovexpdt as ovexpdt28_41_, purchasere0_.ovexcost as ovexcos29_41_, purchasere0_.ovfec as ovfec30_41_, purchasere0_.ovfta as ovfta31_41_, purchasere0_.ovftb as ovftb32_41_, purchasere0_.ovfuc as ovfuc33_41_, purchasere0_.ovglcls as ovglcls34_41_, purchasere0_.ovidd as ovidd35_41_, purchasere0_.ovidn as ovidn36_41_, purchasere0_.ovitt as ovitt37_41_, purchasere0_.ovdocidt as ovdocid38_41_, purchasere0_.ovdocino as ovdocin39_41_, purchasere0_.ovdocisq as ovdocis40_41_, purchasere0_.ovdocity as ovdocit41_41_, purchasere0_.ovinum as ovinum42_41_, purchasere0_.ovdesb1 as ovdesb43_41_, purchasere0_.ovlcrt as ovlcrt44_41_, purchasere0_.ovitc05 as ovitc45_41_, purchasere0_.ovlst as ovlst46_41_, purchasere0_.ovlvla as ovlvla47_41_, purchasere0_.ovlnty as ovlnty48_41_, purchasere0_.ovlocid as ovlocid49_41_, purchasere0_.ovmatc as ovmatc50_41_, purchasere0_.ovnst as ovnst51_41_, purchasere0_.ovobid as ovobid52_41_, purchasere0_.ovdocono as ovdocon53_41_, purchasere0_.ovdocosq as ovdocos54_41_, purchasere0_.ovdocoty as ovdocot55_41_, purchasere0_.ovordocno as ovordoc56_41_, purchasere0_.ovordocsq as ovordoc57_41_, purchasere0_.ovordocty as ovordoc58_41_, purchasere0_.ovptc as ovptc59_41_, purchasere0_.ovpoa as ovpoa60_41_, purchasere0_.ovpod as ovpod61_41_, purchasere0_.ovpqot as ovpqot62_41_, purchasere0_.ovuom1 as ovuom63_41_, purchasere0_.ovpjid as ovpjid64_41_, purchasere0_.ovpo03 as ovpo65_41_, purchasere0_.ovpo01 as ovpo66_41_, purchasere0_.ovpo02 as ovpo67_41_, purchasere0_.ovqty as ovqty68_41_, purchasere0_.ovrcdt as ovrcdt69_41_, purchasere0_.ovrecid as ovrecid70_41_, purchasere0_.ovvr04 as ovvr71_41_, purchasere0_.ovvr01 as ovvr72_41_, purchasere0_.ovvr03 as ovvr73_41_, purchasere0_.ovvr05 as ovvr74_41_, purchasere0_.ovvr02 as ovvr75_41_, purchasere0_.ovrtgc as ovrtgc76_41_, purchasere0_.ovsqot as ovsqot77_41_, purchasere0_.ovuom2 as ovuom78_41_, purchasere0_.ovsnlot as ovsnlot79_41_, purchasere0_.ovtaxal as ovtaxal80_41_, purchasere0_.ovtaxam as ovtaxam81_41_, purchasere0_.ovtaxab as ovtaxab82_41_, purchasere0_.ovtaxcd as ovtaxcd83_41_, purchasere0_.ovtaxidt as ovtaxid84_41_, purchasere0_.ovtaxino as ovtaxin85_41_, purchasere0_.ovtaxrt as ovtaxrt86_41_, purchasere0_.ovcrct as ovcrct87_41_, purchasere0_.ovitc03 as ovitc88_41_, purchasere0_.ovucf as ovucf89_41_, purchasere0_.ovuncost as ovuncos90_41_, purchasere0_.ovudc as ovudc91_41_, purchasere0_.ovudf as ovudf92_41_, purchasere0_.ovuom as ovuom93_41_, purchasere0_.ovvnid as ovvnid94_41_, purchasere0_.ovinvdt as ovinvdt95_41_, purchasere0_.ovinvno as ovinvno96_41_ from t4312 purchasere0_
Hibernate: select count(purchasere0_.ovcoid) as col_0_0_ from t4312 purchasere0_
Hibernate: select purchasede0_.odcoid as odcoid1_40_0_, purchasede0_.oddocono as oddocono2_40_0_, purchasede0_.oddocosq as oddocosq3_40_0_, purchasede0_.oddocoty as oddocoty4_40_0_, purchasede0_.odcid as odcid5_40_0_, purchasede0_.oddtin as oddtin6_40_0_, purchasede0_.odtmin as odtmin7_40_0_, purchasede0_.oduid as oduid8_40_0_, purchasede0_.oddtlu as oddtlu9_40_0_, purchasede0_.odtmlu as odtmlu10_40_0_, purchasede0_.oduidm as oduidm11_40_0_, purchasede0_.odacid as odacid12_40_0_, purchasede0_.odaprcd as odaprcd13_40_0_, purchasede0_.odcrcb as odcrcb14_40_0_, purchasede0_.oditc02 as oditc15_40_0_, purchasede0_.odbuid as odbuid16_40_0_, purchasede0_.odqtycl as odqtycl17_40_0_, purchasede0_.oditc01 as oditc18_40_0_, purchasede0_.odcldt as odcldt19_40_0_, purchasede0_.odcsid as odcsid20_40_0_, purchasede0_.oddccd as oddccd21_40_0_, purchasede0_.oddcrt as oddcrt22_40_0_, purchasede0_.odexcrt as odexcrt23_40_0_, purchasede0_.odexcost as odexcos24_40_0_, purchasede0_.odqtyx as odqtyx25_40_0_, purchasede0_.oducfx as oducfx26_40_0_, purchasede0_.oduncostx as oduncos27_40_0_, purchasede0_.oduomx as oduomx28_40_0_, purchasede0_.odfec as odfec29_40_0_, purchasede0_.odfta as odfta30_40_0_, purchasede0_.odftb as odftb31_40_0_, purchasede0_.odfuc as odfuc32_40_0_, purchasede0_.odglcls as odglcls33_40_0_, purchasede0_.odgldt as odgldt34_40_0_, purchasede0_.odir02 as odir35_40_0_, purchasede0_.odir01 as odir36_40_0_, purchasede0_.odir03 as odir37_40_0_, purchasede0_.odinum as odinum38_40_0_, purchasede0_.oddesb1 as oddesb39_40_0_, purchasede0_.oditc05 as oditc40_40_0_, purchasede0_.odlst as odlst41_40_0_, purchasede0_.odlnty as odlnty42_40_0_, purchasede0_.odlocid as odlocid43_40_0_, purchasede0_.odnst as odnst44_40_0_, purchasede0_.odobid as odobid45_40_0_, purchasede0_.odqtyop as odqtyop46_40_0_, purchasede0_.odordt as odordt47_40_0_, purchasede0_.odqtyor as odqtyor48_40_0_, purchasede0_.odott as odott49_40_0_, purchasede0_.odordocdt as odordoc50_40_0_, purchasede0_.odordocno as odordoc51_40_0_, purchasede0_.odordocsq as odordoc52_40_0_, purchasede0_.odordocty as odordoc53_40_0_, purchasede0_.odptc as odptc54_40_0_, purchasede0_.odpqor as odpqor55_40_0_, purchasede0_.oduom1 as oduom56_40_0_, purchasede0_.odpjid as odpjid57_40_0_, purchasede0_.odpddt as odpddt58_40_0_, purchasede0_.odpo03 as odpo59_40_0_, purchasede0_.odpo01 as odpo60_40_0_, purchasede0_.odpo02 as odpo61_40_0_, purchasede0_.odqty as odqty62_40_0_, purchasede0_.odrcdt as odrcdt63_40_0_, purchasede0_.odqtyrc as odqtyrc64_40_0_, purchasede0_.odstid as odstid65_40_0_, purchasede0_.odvr04 as odvr66_40_0_, purchasede0_.odvr01 as odvr67_40_0_, purchasede0_.odvr03 as odvr68_40_0_, purchasede0_.odvr05 as odvr69_40_0_, purchasede0_.odvr02 as odvr70_40_0_, purchasede0_.odrldocno as odrldoc71_40_0_, purchasede0_.odrldocsq as odrldoc72_40_0_, purchasede0_.odrldocty as odrldoc73_40_0_, purchasede0_.odrqdt as odrqdt74_40_0_, purchasede0_.odqtyrn as odqtyrn75_40_0_, purchasede0_.odsqor as odsqor76_40_0_, purchasede0_.oduom2 as oduom77_40_0_, purchasede0_.odsnlot as odsnlot78_40_0_, purchasede0_.odtaxal as odtaxal79_40_0_, purchasede0_.odtaxam as odtaxam80_40_0_, purchasede0_.odtaxab as odtaxab81_40_0_, purchasede0_.odtaxcd as odtaxcd82_40_0_, purchasede0_.odtaxrt as odtaxrt83_40_0_, purchasede0_.odcrct as odcrct84_40_0_, purchasede0_.oditc03 as oditc85_40_0_, purchasede0_.oducf as oducf86_40_0_, purchasede0_.oduncost as oduncos87_40_0_, purchasede0_.odudc as odudc88_40_0_, purchasede0_.odudf as odudf89_40_0_, purchasede0_.oduom as oduom90_40_0_, purchasede0_.odvnid as odvnid91_40_0_, purchaseor1_.ohcoid as ohcoid1_39_1_, purchaseor1_.ohdocono as ohdocono2_39_1_, purchaseor1_.ohdocoty as ohdocoty3_39_1_, purchaseor1_.ohcid as ohcid4_39_1_, purchaseor1_.ohdtin as ohdtin5_39_1_, purchaseor1_.ohtmin as ohtmin6_39_1_, purchaseor1_.ohuid as ohuid7_39_1_, purchaseor1_.ohdtlu as ohdtlu8_39_1_, purchaseor1_.ohtmlu as ohtmlu9_39_1_, purchaseor1_.ohuidm as ohuidm10_39_1_, purchaseor1_.ohaprcd as ohaprcd11_39_1_, purchaseor1_.ohcrcb as ohcrcb12_39_1_, purchaseor1_.ohbuid as ohbuid13_39_1_, purchaseor1_.ohcldt as ohcldt14_39_1_, purchaseor1_.ohcot as ohcot15_39_1_, purchaseor1_.ohcsid as ohcsid16_39_1_, purchaseor1_.ohdesb1 as ohdesb17_39_1_, purchaseor1_.ohdccd as ohdccd18_39_1_, purchaseor1_.ohdcrt as ohdcrt19_39_1_, purchaseor1_.ohexcrt as ohexcrt20_39_1_, purchaseor1_.ohgldt as ohgldt21_39_1_, purchaseor1_.ohidd as ohidd22_39_1_, purchaseor1_.ohidn as ohidn23_39_1_, purchaseor1_.ohlst as ohlst24_39_1_, purchaseor1_.ohnst as ohnst25_39_1_, purchaseor1_.ohobid as ohobid26_39_1_, purchaseor1_.ohordt as ohordt27_39_1_, purchaseor1_.ohptc as ohptc28_39_1_, purchaseor1_.ohpoa as ohpoa29_39_1_, purchaseor1_.ohpod as ohpod30_39_1_, purchaseor1_.ohpjid as ohpjid31_39_1_, purchaseor1_.ohpddt as ohpddt32_39_1_, purchaseor1_.ohrcdt as ohrcdt33_39_1_, purchaseor1_.ohstid as ohstid34_39_1_, purchaseor1_.ohrqdt as ohrqdt35_39_1_, purchaseor1_.ohtaxal as ohtaxal36_39_1_, purchaseor1_.ohtaxcd as ohtaxcd37_39_1_, purchaseor1_.ohtaxrt as ohtaxrt38_39_1_, purchaseor1_.ohcrct as ohcrct39_39_1_, purchaseor1_.ohdesc1 as ohdesc40_39_1_, purchaseor1_.ohdesc2 as ohdesc41_39_1_, purchaseor1_.ohvhrn as ohvhrn42_39_1_, purchaseor1_.ohvhty as ohvhty43_39_1_, purchaseor1_.ohvnid as ohvnid44_39_1_ from t4311 purchasede0_ inner join t4301 purchaseor1_ on purchasede0_.odcoid=purchaseor1_.ohcoid and purchasede0_.oddocono=purchaseor1_.ohdocono and purchasede0_.oddocoty=purchaseor1_.ohdocoty where purchasede0_.odcoid=? and purchasede0_.oddocono=? and purchasede0_.oddocosq=? and purchasede0_.oddocoty=?
Hibernate: select serialnumb0_.coid as coid1_43_0_, serialnumb0_.docno as docno2_43_0_, serialnumb0_.docty as docty3_43_0_, serialnumb0_.docsq as docsq4_43_0_, serialnumb0_.buid as buid5_43_0_, serialnumb0_.inum as inum6_43_0_, serialnumb0_.snlot as snlot7_43_0_, lotmaster1_.ltbuid as ltbuid1_34_1_, lotmaster1_.ltinum as ltinum2_34_1_, lotmaster1_.ltsnlot as ltsnlot3_34_1_, lotmaster1_.ltcid as ltcid4_34_1_, lotmaster1_.ltdtin as ltdtin5_34_1_, lotmaster1_.lttmin as lttmin6_34_1_, lotmaster1_.ltuid as ltuid7_34_1_, lotmaster1_.ltdtlu as ltdtlu8_34_1_, lotmaster1_.lttmlu as lttmlu9_34_1_, lotmaster1_.ltuidm as ltuidm10_34_1_, lotmaster1_.ltbodt as ltbodt11_34_1_, lotmaster1_.ltbbdt as ltbbdt12_34_1_, lotmaster1_.ltcldt as ltcldt13_34_1_, lotmaster1_.ltexpdt as ltexpdt14_34_1_, lotmaster1_.ltldsc as ltldsc15_34_1_, lotmaster1_.ltledt as ltledt16_34_1_, lotmaster1_.ltlsc as ltlsc17_34_1_, lotmaster1_.ltmlot1 as ltmlot18_34_1_, lotmaster1_.ltmlot2 as ltmlot19_34_1_, lotmaster1_.ltmlot3 as ltmlot20_34_1_, lotmaster1_.ltohdt as ltohdt21_34_1_, lotmaster1_.ltsern as ltsern22_34_1_ from transaction_serialnumbers serialnumb0_ inner join t4108 lotmaster1_ on serialnumb0_.buid=lotmaster1_.ltbuid and serialnumb0_.inum=lotmaster1_.ltinum and serialnumb0_.snlot=lotmaster1_.ltsnlot where serialnumb0_.coid=? and serialnumb0_.docno=? and serialnumb0_.docty=? and serialnumb0_.docsq=?
Hibernate: select serialnumb0_.coid as coid1_43_0_, serialnumb0_.docno as docno2_43_0_, serialnumb0_.docty as docty3_43_0_, serialnumb0_.docsq as docsq4_43_0_, serialnumb0_.buid as buid5_43_0_, serialnumb0_.inum as inum6_43_0_, serialnumb0_.snlot as snlot7_43_0_, lotmaster1_.ltbuid as ltbuid1_34_1_, lotmaster1_.ltinum as ltinum2_34_1_, lotmaster1_.ltsnlot as ltsnlot3_34_1_, lotmaster1_.ltcid as ltcid4_34_1_, lotmaster1_.ltdtin as ltdtin5_34_1_, lotmaster1_.lttmin as lttmin6_34_1_, lotmaster1_.ltuid as ltuid7_34_1_, lotmaster1_.ltdtlu as ltdtlu8_34_1_, lotmaster1_.lttmlu as lttmlu9_34_1_, lotmaster1_.ltuidm as ltuidm10_34_1_, lotmaster1_.ltbodt as ltbodt11_34_1_, lotmaster1_.ltbbdt as ltbbdt12_34_1_, lotmaster1_.ltcldt as ltcldt13_34_1_, lotmaster1_.ltexpdt as ltexpdt14_34_1_, lotmaster1_.ltldsc as ltldsc15_34_1_, lotmaster1_.ltledt as ltledt16_34_1_, lotmaster1_.ltlsc as ltlsc17_34_1_, lotmaster1_.ltmlot1 as ltmlot18_34_1_, lotmaster1_.ltmlot2 as ltmlot19_34_1_, lotmaster1_.ltmlot3 as ltmlot20_34_1_, lotmaster1_.ltohdt as ltohdt21_34_1_, lotmaster1_.ltsern as ltsern22_34_1_ from transaction_serialnumbers serialnumb0_ inner join t4108 lotmaster1_ on serialnumb0_.buid=lotmaster1_.ltbuid and serialnumb0_.inum=lotmaster1_.ltinum and serialnumb0_.snlot=lotmaster1_.ltsnlot where serialnumb0_.coid=? and serialnumb0_.docno=? and serialnumb0_.docty=? and serialnumb0_.docsq=?
Hibernate: select purchasede0_.odcoid as odcoid1_40_0_, purchasede0_.oddocono as oddocono2_40_0_, purchasede0_.oddocosq as oddocosq3_40_0_, purchasede0_.oddocoty as oddocoty4_40_0_, purchasede0_.odcid as odcid5_40_0_, purchasede0_.oddtin as oddtin6_40_0_, purchasede0_.odtmin as odtmin7_40_0_, purchasede0_.oduid as oduid8_40_0_, purchasede0_.oddtlu as oddtlu9_40_0_, purchasede0_.odtmlu as odtmlu10_40_0_, purchasede0_.oduidm as oduidm11_40_0_, purchasede0_.odacid as odacid12_40_0_, purchasede0_.odaprcd as odaprcd13_40_0_, purchasede0_.odcrcb as odcrcb14_40_0_, purchasede0_.oditc02 as oditc15_40_0_, purchasede0_.odbuid as odbuid16_40_0_, purchasede0_.odqtycl as odqtycl17_40_0_, purchasede0_.oditc01 as oditc18_40_0_, purchasede0_.odcldt as odcldt19_40_0_, purchasede0_.odcsid as odcsid20_40_0_, purchasede0_.oddccd as oddccd21_40_0_, purchasede0_.oddcrt as oddcrt22_40_0_, purchasede0_.odexcrt as odexcrt23_40_0_, purchasede0_.odexcost as odexcos24_40_0_, purchasede0_.odqtyx as odqtyx25_40_0_, purchasede0_.oducfx as oducfx26_40_0_, purchasede0_.oduncostx as oduncos27_40_0_, purchasede0_.oduomx as oduomx28_40_0_, purchasede0_.odfec as odfec29_40_0_, purchasede0_.odfta as odfta30_40_0_, purchasede0_.odftb as odftb31_40_0_, purchasede0_.odfuc as odfuc32_40_0_, purchasede0_.odglcls as odglcls33_40_0_, purchasede0_.odgldt as odgldt34_40_0_, purchasede0_.odir02 as odir35_40_0_, purchasede0_.odir01 as odir36_40_0_, purchasede0_.odir03 as odir37_40_0_, purchasede0_.odinum as odinum38_40_0_, purchasede0_.oddesb1 as oddesb39_40_0_, purchasede0_.oditc05 as oditc40_40_0_, purchasede0_.odlst as odlst41_40_0_, purchasede0_.odlnty as odlnty42_40_0_, purchasede0_.odlocid as odlocid43_40_0_, purchasede0_.odnst as odnst44_40_0_, purchasede0_.odobid as odobid45_40_0_, purchasede0_.odqtyop as odqtyop46_40_0_, purchasede0_.odordt as odordt47_40_0_, purchasede0_.odqtyor as odqtyor48_40_0_, purchasede0_.odott as odott49_40_0_, purchasede0_.odordocdt as odordoc50_40_0_, purchasede0_.odordocno as odordoc51_40_0_, purchasede0_.odordocsq as odordoc52_40_0_, purchasede0_.odordocty as odordoc53_40_0_, purchasede0_.odptc as odptc54_40_0_, purchasede0_.odpqor as odpqor55_40_0_, purchasede0_.oduom1 as oduom56_40_0_, purchasede0_.odpjid as odpjid57_40_0_, purchasede0_.odpddt as odpddt58_40_0_, purchasede0_.odpo03 as odpo59_40_0_, purchasede0_.odpo01 as odpo60_40_0_, purchasede0_.odpo02 as odpo61_40_0_, purchasede0_.odqty as odqty62_40_0_, purchasede0_.odrcdt as odrcdt63_40_0_, purchasede0_.odqtyrc as odqtyrc64_40_0_, purchasede0_.odstid as odstid65_40_0_, purchasede0_.odvr04 as odvr66_40_0_, purchasede0_.odvr01 as odvr67_40_0_, purchasede0_.odvr03 as odvr68_40_0_, purchasede0_.odvr05 as odvr69_40_0_, purchasede0_.odvr02 as odvr70_40_0_, purchasede0_.odrldocno as odrldoc71_40_0_, purchasede0_.odrldocsq as odrldoc72_40_0_, purchasede0_.odrldocty as odrldoc73_40_0_, purchasede0_.odrqdt as odrqdt74_40_0_, purchasede0_.odqtyrn as odqtyrn75_40_0_, purchasede0_.odsqor as odsqor76_40_0_, purchasede0_.oduom2 as oduom77_40_0_, purchasede0_.odsnlot as odsnlot78_40_0_, purchasede0_.odtaxal as odtaxal79_40_0_, purchasede0_.odtaxam as odtaxam80_40_0_, purchasede0_.odtaxab as odtaxab81_40_0_, purchasede0_.odtaxcd as odtaxcd82_40_0_, purchasede0_.odtaxrt as odtaxrt83_40_0_, purchasede0_.odcrct as odcrct84_40_0_, purchasede0_.oditc03 as oditc85_40_0_, purchasede0_.oducf as oducf86_40_0_, purchasede0_.oduncost as oduncos87_40_0_, purchasede0_.odudc as odudc88_40_0_, purchasede0_.odudf as odudf89_40_0_, purchasede0_.oduom as oduom90_40_0_, purchasede0_.odvnid as odvnid91_40_0_, purchaseor1_.ohcoid as ohcoid1_39_1_, purchaseor1_.ohdocono as ohdocono2_39_1_, purchaseor1_.ohdocoty as ohdocoty3_39_1_, purchaseor1_.ohcid as ohcid4_39_1_, purchaseor1_.ohdtin as ohdtin5_39_1_, purchaseor1_.ohtmin as ohtmin6_39_1_, purchaseor1_.ohuid as ohuid7_39_1_, purchaseor1_.ohdtlu as ohdtlu8_39_1_, purchaseor1_.ohtmlu as ohtmlu9_39_1_, purchaseor1_.ohuidm as ohuidm10_39_1_, purchaseor1_.ohaprcd as ohaprcd11_39_1_, purchaseor1_.ohcrcb as ohcrcb12_39_1_, purchaseor1_.ohbuid as ohbuid13_39_1_, purchaseor1_.ohcldt as ohcldt14_39_1_, purchaseor1_.ohcot as ohcot15_39_1_, purchaseor1_.ohcsid as ohcsid16_39_1_, purchaseor1_.ohdesb1 as ohdesb17_39_1_, purchaseor1_.ohdccd as ohdccd18_39_1_, purchaseor1_.ohdcrt as ohdcrt19_39_1_, purchaseor1_.ohexcrt as ohexcrt20_39_1_, purchaseor1_.ohgldt as ohgldt21_39_1_, purchaseor1_.ohidd as ohidd22_39_1_, purchaseor1_.ohidn as ohidn23_39_1_, purchaseor1_.ohlst as ohlst24_39_1_, purchaseor1_.ohnst as ohnst25_39_1_, purchaseor1_.ohobid as ohobid26_39_1_, purchaseor1_.ohordt as ohordt27_39_1_, purchaseor1_.ohptc as ohptc28_39_1_, purchaseor1_.ohpoa as ohpoa29_39_1_, purchaseor1_.ohpod as ohpod30_39_1_, purchaseor1_.ohpjid as ohpjid31_39_1_, purchaseor1_.ohpddt as ohpddt32_39_1_, purchaseor1_.ohrcdt as ohrcdt33_39_1_, purchaseor1_.ohstid as ohstid34_39_1_, purchaseor1_.ohrqdt as ohrqdt35_39_1_, purchaseor1_.ohtaxal as ohtaxal36_39_1_, purchaseor1_.ohtaxcd as ohtaxcd37_39_1_, purchaseor1_.ohtaxrt as ohtaxrt38_39_1_, purchaseor1_.ohcrct as ohcrct39_39_1_, purchaseor1_.ohdesc1 as ohdesc40_39_1_, purchaseor1_.ohdesc2 as ohdesc41_39_1_, purchaseor1_.ohvhrn as ohvhrn42_39_1_, purchaseor1_.ohvhty as ohvhty43_39_1_, purchaseor1_.ohvnid as ohvnid44_39_1_ from t4311 purchasede0_ inner join t4301 purchaseor1_ on purchasede0_.odcoid=purchaseor1_.ohcoid and purchasede0_.oddocono=purchaseor1_.ohdocono and purchasede0_.oddocoty=purchaseor1_.ohdocoty where purchasede0_.odcoid=? and purchasede0_.oddocono=? and purchasede0_.oddocosq=? and purchasede0_.oddocoty=?
Hibernate: select serialnumb0_.coid as coid1_43_0_, serialnumb0_.docno as docno2_43_0_, serialnumb0_.docty as docty3_43_0_, serialnumb0_.docsq as docsq4_43_0_, serialnumb0_.buid as buid5_43_0_, serialnumb0_.inum as inum6_43_0_, serialnumb0_.snlot as snlot7_43_0_, lotmaster1_.ltbuid as ltbuid1_34_1_, lotmaster1_.ltinum as ltinum2_34_1_, lotmaster1_.ltsnlot as ltsnlot3_34_1_, lotmaster1_.ltcid as ltcid4_34_1_, lotmaster1_.ltdtin as ltdtin5_34_1_, lotmaster1_.lttmin as lttmin6_34_1_, lotmaster1_.ltuid as ltuid7_34_1_, lotmaster1_.ltdtlu as ltdtlu8_34_1_, lotmaster1_.lttmlu as lttmlu9_34_1_, lotmaster1_.ltuidm as ltuidm10_34_1_, lotmaster1_.ltbodt as ltbodt11_34_1_, lotmaster1_.ltbbdt as ltbbdt12_34_1_, lotmaster1_.ltcldt as ltcldt13_34_1_, lotmaster1_.ltexpdt as ltexpdt14_34_1_, lotmaster1_.ltldsc as ltldsc15_34_1_, lotmaster1_.ltledt as ltledt16_34_1_, lotmaster1_.ltlsc as ltlsc17_34_1_, lotmaster1_.ltmlot1 as ltmlot18_34_1_, lotmaster1_.ltmlot2 as ltmlot19_34_1_, lotmaster1_.ltmlot3 as ltmlot20_34_1_, lotmaster1_.ltohdt as ltohdt21_34_1_, lotmaster1_.ltsern as ltsern22_34_1_ from transaction_serialnumbers serialnumb0_ inner join t4108 lotmaster1_ on serialnumb0_.buid=lotmaster1_.ltbuid and serialnumb0_.inum=lotmaster1_.ltinum and serialnumb0_.snlot=lotmaster1_.ltsnlot where serialnumb0_.coid=? and serialnumb0_.docno=? and serialnumb0_.docty=? and serialnumb0_.docsq=?
Hibernate: select purchasede0_.odcoid as odcoid1_40_0_, purchasede0_.oddocono as oddocono2_40_0_, purchasede0_.oddocosq as oddocosq3_40_0_, purchasede0_.oddocoty as oddocoty4_40_0_, purchasede0_.odcid as odcid5_40_0_, purchasede0_.oddtin as oddtin6_40_0_, purchasede0_.odtmin as odtmin7_40_0_, purchasede0_.oduid as oduid8_40_0_, purchasede0_.oddtlu as oddtlu9_40_0_, purchasede0_.odtmlu as odtmlu10_40_0_, purchasede0_.oduidm as oduidm11_40_0_, purchasede0_.odacid as odacid12_40_0_, purchasede0_.odaprcd as odaprcd13_40_0_, purchasede0_.odcrcb as odcrcb14_40_0_, purchasede0_.oditc02 as oditc15_40_0_, purchasede0_.odbuid as odbuid16_40_0_, purchasede0_.odqtycl as odqtycl17_40_0_, purchasede0_.oditc01 as oditc18_40_0_, purchasede0_.odcldt as odcldt19_40_0_, purchasede0_.odcsid as odcsid20_40_0_, purchasede0_.oddccd as oddccd21_40_0_, purchasede0_.oddcrt as oddcrt22_40_0_, purchasede0_.odexcrt as odexcrt23_40_0_, purchasede0_.odexcost as odexcos24_40_0_, purchasede0_.odqtyx as odqtyx25_40_0_, purchasede0_.oducfx as oducfx26_40_0_, purchasede0_.oduncostx as oduncos27_40_0_, purchasede0_.oduomx as oduomx28_40_0_, purchasede0_.odfec as odfec29_40_0_, purchasede0_.odfta as odfta30_40_0_, purchasede0_.odftb as odftb31_40_0_, purchasede0_.odfuc as odfuc32_40_0_, purchasede0_.odglcls as odglcls33_40_0_, purchasede0_.odgldt as odgldt34_40_0_, purchasede0_.odir02 as odir35_40_0_, purchasede0_.odir01 as odir36_40_0_, purchasede0_.odir03 as odir37_40_0_, purchasede0_.odinum as odinum38_40_0_, purchasede0_.oddesb1 as oddesb39_40_0_, purchasede0_.oditc05 as oditc40_40_0_, purchasede0_.odlst as odlst41_40_0_, purchasede0_.odlnty as odlnty42_40_0_, purchasede0_.odlocid as odlocid43_40_0_, purchasede0_.odnst as odnst44_40_0_, purchasede0_.odobid as odobid45_40_0_, purchasede0_.odqtyop as odqtyop46_40_0_, purchasede0_.odordt as odordt47_40_0_, purchasede0_.odqtyor as odqtyor48_40_0_, purchasede0_.odott as odott49_40_0_, purchasede0_.odordocdt as odordoc50_40_0_, purchasede0_.odordocno as odordoc51_40_0_, purchasede0_.odordocsq as odordoc52_40_0_, purchasede0_.odordocty as odordoc53_40_0_, purchasede0_.odptc as odptc54_40_0_, purchasede0_.odpqor as odpqor55_40_0_, purchasede0_.oduom1 as oduom56_40_0_, purchasede0_.odpjid as odpjid57_40_0_, purchasede0_.odpddt as odpddt58_40_0_, purchasede0_.odpo03 as odpo59_40_0_, purchasede0_.odpo01 as odpo60_40_0_, purchasede0_.odpo02 as odpo61_40_0_, purchasede0_.odqty as odqty62_40_0_, purchasede0_.odrcdt as odrcdt63_40_0_, purchasede0_.odqtyrc as odqtyrc64_40_0_, purchasede0_.odstid as odstid65_40_0_, purchasede0_.odvr04 as odvr66_40_0_, purchasede0_.odvr01 as odvr67_40_0_, purchasede0_.odvr03 as odvr68_40_0_, purchasede0_.odvr05 as odvr69_40_0_, purchasede0_.odvr02 as odvr70_40_0_, purchasede0_.odrldocno as odrldoc71_40_0_, purchasede0_.odrldocsq as odrldoc72_40_0_, purchasede0_.odrldocty as odrldoc73_40_0_, purchasede0_.odrqdt as odrqdt74_40_0_, purchasede0_.odqtyrn as odqtyrn75_40_0_, purchasede0_.odsqor as odsqor76_40_0_, purchasede0_.oduom2 as oduom77_40_0_, purchasede0_.odsnlot as odsnlot78_40_0_, purchasede0_.odtaxal as odtaxal79_40_0_, purchasede0_.odtaxam as odtaxam80_40_0_, purchasede0_.odtaxab as odtaxab81_40_0_, purchasede0_.odtaxcd as odtaxcd82_40_0_, purchasede0_.odtaxrt as odtaxrt83_40_0_, purchasede0_.odcrct as odcrct84_40_0_, purchasede0_.oditc03 as oditc85_40_0_, purchasede0_.oducf as oducf86_40_0_, purchasede0_.oduncost as oduncos87_40_0_, purchasede0_.odudc as odudc88_40_0_, purchasede0_.odudf as odudf89_40_0_, purchasede0_.oduom as oduom90_40_0_, purchasede0_.odvnid as odvnid91_40_0_, purchaseor1_.ohcoid as ohcoid1_39_1_, purchaseor1_.ohdocono as ohdocono2_39_1_, purchaseor1_.ohdocoty as ohdocoty3_39_1_, purchaseor1_.ohcid as ohcid4_39_1_, purchaseor1_.ohdtin as ohdtin5_39_1_, purchaseor1_.ohtmin as ohtmin6_39_1_, purchaseor1_.ohuid as ohuid7_39_1_, purchaseor1_.ohdtlu as ohdtlu8_39_1_, purchaseor1_.ohtmlu as ohtmlu9_39_1_, purchaseor1_.ohuidm as ohuidm10_39_1_, purchaseor1_.ohaprcd as ohaprcd11_39_1_, purchaseor1_.ohcrcb as ohcrcb12_39_1_, purchaseor1_.ohbuid as ohbuid13_39_1_, purchaseor1_.ohcldt as ohcldt14_39_1_, purchaseor1_.ohcot as ohcot15_39_1_, purchaseor1_.ohcsid as ohcsid16_39_1_, purchaseor1_.ohdesb1 as ohdesb17_39_1_, purchaseor1_.ohdccd as ohdccd18_39_1_, purchaseor1_.ohdcrt as ohdcrt19_39_1_, purchaseor1_.ohexcrt as ohexcrt20_39_1_, purchaseor1_.ohgldt as ohgldt21_39_1_, purchaseor1_.ohidd as ohidd22_39_1_, purchaseor1_.ohidn as ohidn23_39_1_, purchaseor1_.ohlst as ohlst24_39_1_, purchaseor1_.ohnst as ohnst25_39_1_, purchaseor1_.ohobid as ohobid26_39_1_, purchaseor1_.ohordt as ohordt27_39_1_, purchaseor1_.ohptc as ohptc28_39_1_, purchaseor1_.ohpoa as ohpoa29_39_1_, purchaseor1_.ohpod as ohpod30_39_1_, purchaseor1_.ohpjid as ohpjid31_39_1_, purchaseor1_.ohpddt as ohpddt32_39_1_, purchaseor1_.ohrcdt as ohrcdt33_39_1_, purchaseor1_.ohstid as ohstid34_39_1_, purchaseor1_.ohrqdt as ohrqdt35_39_1_, purchaseor1_.ohtaxal as ohtaxal36_39_1_, purchaseor1_.ohtaxcd as ohtaxcd37_39_1_, purchaseor1_.ohtaxrt as ohtaxrt38_39_1_, purchaseor1_.ohcrct as ohcrct39_39_1_, purchaseor1_.ohdesc1 as ohdesc40_39_1_, purchaseor1_.ohdesc2 as ohdesc41_39_1_, purchaseor1_.ohvhrn as ohvhrn42_39_1_, purchaseor1_.ohvhty as ohvhty43_39_1_, purchaseor1_.ohvnid as ohvnid44_39_1_ from t4311 purchasede0_ inner join t4301 purchaseor1_ on purchasede0_.odcoid=purchaseor1_.ohcoid and purchasede0_.oddocono=purchaseor1_.ohdocono and purchasede0_.oddocoty=purchaseor1_.ohdocoty where purchasede0_.odcoid=? and purchasede0_.oddocono=? and purchasede0_.oddocosq=? and purchasede0_.oddocoty=?
Hibernate: select serialnumb0_.coid as coid1_43_0_, serialnumb0_.docno as docno2_43_0_, serialnumb0_.docty as docty3_43_0_, serialnumb0_.docsq as docsq4_43_0_, serialnumb0_.buid as buid5_43_0_, serialnumb0_.inum as inum6_43_0_, serialnumb0_.snlot as snlot7_43_0_, lotmaster1_.ltbuid as ltbuid1_34_1_, lotmaster1_.ltinum as ltinum2_34_1_, lotmaster1_.ltsnlot as ltsnlot3_34_1_, lotmaster1_.ltcid as ltcid4_34_1_, lotmaster1_.ltdtin as ltdtin5_34_1_, lotmaster1_.lttmin as lttmin6_34_1_, lotmaster1_.ltuid as ltuid7_34_1_, lotmaster1_.ltdtlu as ltdtlu8_34_1_, lotmaster1_.lttmlu as lttmlu9_34_1_, lotmaster1_.ltuidm as ltuidm10_34_1_, lotmaster1_.ltbodt as ltbodt11_34_1_, lotmaster1_.ltbbdt as ltbbdt12_34_1_, lotmaster1_.ltcldt as ltcldt13_34_1_, lotmaster1_.ltexpdt as ltexpdt14_34_1_, lotmaster1_.ltldsc as ltldsc15_34_1_, lotmaster1_.ltledt as ltledt16_34_1_, lotmaster1_.ltlsc as ltlsc17_34_1_, lotmaster1_.ltmlot1 as ltmlot18_34_1_, lotmaster1_.ltmlot2 as ltmlot19_34_1_, lotmaster1_.ltmlot3 as ltmlot20_34_1_, lotmaster1_.ltohdt as ltohdt21_34_1_, lotmaster1_.ltsern as ltsern22_34_1_ from transaction_serialnumbers serialnumb0_ inner join t4108 lotmaster1_ on serialnumb0_.buid=lotmaster1_.ltbuid and serialnumb0_.inum=lotmaster1_.ltinum and serialnumb0_.snlot=lotmaster1_.ltsnlot where serialnumb0_.coid=? and serialnumb0_.docno=? and serialnumb0_.docty=? and serialnumb0_.docsq=?
Hibernate: select purchasede0_.odcoid as odcoid1_40_0_, purchasede0_.oddocono as oddocono2_40_0_, purchasede0_.oddocosq as oddocosq3_40_0_, purchasede0_.oddocoty as oddocoty4_40_0_, purchasede0_.odcid as odcid5_40_0_, purchasede0_.oddtin as oddtin6_40_0_, purchasede0_.odtmin as odtmin7_40_0_, purchasede0_.oduid as oduid8_40_0_, purchasede0_.oddtlu as oddtlu9_40_0_, purchasede0_.odtmlu as odtmlu10_40_0_, purchasede0_.oduidm as oduidm11_40_0_, purchasede0_.odacid as odacid12_40_0_, purchasede0_.odaprcd as odaprcd13_40_0_, purchasede0_.odcrcb as odcrcb14_40_0_, purchasede0_.oditc02 as oditc15_40_0_, purchasede0_.odbuid as odbuid16_40_0_, purchasede0_.odqtycl as odqtycl17_40_0_, purchasede0_.oditc01 as oditc18_40_0_, purchasede0_.odcldt as odcldt19_40_0_, purchasede0_.odcsid as odcsid20_40_0_, purchasede0_.oddccd as oddccd21_40_0_, purchasede0_.oddcrt as oddcrt22_40_0_, purchasede0_.odexcrt as odexcrt23_40_0_, purchasede0_.odexcost as odexcos24_40_0_, purchasede0_.odqtyx as odqtyx25_40_0_, purchasede0_.oducfx as oducfx26_40_0_, purchasede0_.oduncostx as oduncos27_40_0_, purchasede0_.oduomx as oduomx28_40_0_, purchasede0_.odfec as odfec29_40_0_, purchasede0_.odfta as odfta30_40_0_, purchasede0_.odftb as odftb31_40_0_, purchasede0_.odfuc as odfuc32_40_0_, purchasede0_.odglcls as odglcls33_40_0_, purchasede0_.odgldt as odgldt34_40_0_, purchasede0_.odir02 as odir35_40_0_, purchasede0_.odir01 as odir36_40_0_, purchasede0_.odir03 as odir37_40_0_, purchasede0_.odinum as odinum38_40_0_, purchasede0_.oddesb1 as oddesb39_40_0_, purchasede0_.oditc05 as oditc40_40_0_, purchasede0_.odlst as odlst41_40_0_, purchasede0_.odlnty as odlnty42_40_0_, purchasede0_.odlocid as odlocid43_40_0_, purchasede0_.odnst as odnst44_40_0_, purchasede0_.odobid as odobid45_40_0_, purchasede0_.odqtyop as odqtyop46_40_0_, purchasede0_.odordt as odordt47_40_0_, purchasede0_.odqtyor as odqtyor48_40_0_, purchasede0_.odott as odott49_40_0_, purchasede0_.odordocdt as odordoc50_40_0_, purchasede0_.odordocno as odordoc51_40_0_, purchasede0_.odordocsq as odordoc52_40_0_, purchasede0_.odordocty as odordoc53_40_0_, purchasede0_.odptc as odptc54_40_0_, purchasede0_.odpqor as odpqor55_40_0_, purchasede0_.oduom1 as oduom56_40_0_, purchasede0_.odpjid as odpjid57_40_0_, purchasede0_.odpddt as odpddt58_40_0_, purchasede0_.odpo03 as odpo59_40_0_, purchasede0_.odpo01 as odpo60_40_0_, purchasede0_.odpo02 as odpo61_40_0_, purchasede0_.odqty as odqty62_40_0_, purchasede0_.odrcdt as odrcdt63_40_0_, purchasede0_.odqtyrc as odqtyrc64_40_0_, purchasede0_.odstid as odstid65_40_0_, purchasede0_.odvr04 as odvr66_40_0_, purchasede0_.odvr01 as odvr67_40_0_, purchasede0_.odvr03 as odvr68_40_0_, purchasede0_.odvr05 as odvr69_40_0_, purchasede0_.odvr02 as odvr70_40_0_, purchasede0_.odrldocno as odrldoc71_40_0_, purchasede0_.odrldocsq as odrldoc72_40_0_, purchasede0_.odrldocty as odrldoc73_40_0_, purchasede0_.odrqdt as odrqdt74_40_0_, purchasede0_.odqtyrn as odqtyrn75_40_0_, purchasede0_.odsqor as odsqor76_40_0_, purchasede0_.oduom2 as oduom77_40_0_, purchasede0_.odsnlot as odsnlot78_40_0_, purchasede0_.odtaxal as odtaxal79_40_0_, purchasede0_.odtaxam as odtaxam80_40_0_, purchasede0_.odtaxab as odtaxab81_40_0_, purchasede0_.odtaxcd as odtaxcd82_40_0_, purchasede0_.odtaxrt as odtaxrt83_40_0_, purchasede0_.odcrct as odcrct84_40_0_, purchasede0_.oditc03 as oditc85_40_0_, purchasede0_.oducf as oducf86_40_0_, purchasede0_.oduncost as oduncos87_40_0_, purchasede0_.odudc as odudc88_40_0_, purchasede0_.odudf as odudf89_40_0_, purchasede0_.oduom as oduom90_40_0_, purchasede0_.odvnid as odvnid91_40_0_, purchaseor1_.ohcoid as ohcoid1_39_1_, purchaseor1_.ohdocono as ohdocono2_39_1_, purchaseor1_.ohdocoty as ohdocoty3_39_1_, purchaseor1_.ohcid as ohcid4_39_1_, purchaseor1_.ohdtin as ohdtin5_39_1_, purchaseor1_.ohtmin as ohtmin6_39_1_, purchaseor1_.ohuid as ohuid7_39_1_, purchaseor1_.ohdtlu as ohdtlu8_39_1_, purchaseor1_.ohtmlu as ohtmlu9_39_1_, purchaseor1_.ohuidm as ohuidm10_39_1_, purchaseor1_.ohaprcd as ohaprcd11_39_1_, purchaseor1_.ohcrcb as ohcrcb12_39_1_, purchaseor1_.ohbuid as ohbuid13_39_1_, purchaseor1_.ohcldt as ohcldt14_39_1_, purchaseor1_.ohcot as ohcot15_39_1_, purchaseor1_.ohcsid as ohcsid16_39_1_, purchaseor1_.ohdesb1 as ohdesb17_39_1_, purchaseor1_.ohdccd as ohdccd18_39_1_, purchaseor1_.ohdcrt as ohdcrt19_39_1_, purchaseor1_.ohexcrt as ohexcrt20_39_1_, purchaseor1_.ohgldt as ohgldt21_39_1_, purchaseor1_.ohidd as ohidd22_39_1_, purchaseor1_.ohidn as ohidn23_39_1_, purchaseor1_.ohlst as ohlst24_39_1_, purchaseor1_.ohnst as ohnst25_39_1_, purchaseor1_.ohobid as ohobid26_39_1_, purchaseor1_.ohordt as ohordt27_39_1_, purchaseor1_.ohptc as ohptc28_39_1_, purchaseor1_.ohpoa as ohpoa29_39_1_, purchaseor1_.ohpod as ohpod30_39_1_, purchaseor1_.ohpjid as ohpjid31_39_1_, purchaseor1_.ohpddt as ohpddt32_39_1_, purchaseor1_.ohrcdt as ohrcdt33_39_1_, purchaseor1_.ohstid as ohstid34_39_1_, purchaseor1_.ohrqdt as ohrqdt35_39_1_, purchaseor1_.ohtaxal as ohtaxal36_39_1_, purchaseor1_.ohtaxcd as ohtaxcd37_39_1_, purchaseor1_.ohtaxrt as ohtaxrt38_39_1_, purchaseor1_.ohcrct as ohcrct39_39_1_, purchaseor1_.ohdesc1 as ohdesc40_39_1_, purchaseor1_.ohdesc2 as ohdesc41_39_1_, purchaseor1_.ohvhrn as ohvhrn42_39_1_, purchaseor1_.ohvhty as ohvhty43_39_1_, purchaseor1_.ohvnid as ohvnid44_39_1_ from t4311 purchasede0_ inner join t4301 purchaseor1_ on purchasede0_.odcoid=purchaseor1_.ohcoid and purchasede0_.oddocono=purchaseor1_.ohdocono and purchasede0_.oddocoty=purchaseor1_.ohdocoty where purchasede0_.odcoid=? and purchasede0_.oddocono=? and purchasede0_.oddocosq=? and purchasede0_.oddocoty=?
Hibernate: select serialnumb0_.coid as coid1_43_0_, serialnumb0_.docno as docno2_43_0_, serialnumb0_.docty as docty3_43_0_, serialnumb0_.docsq as docsq4_43_0_, serialnumb0_.buid as buid5_43_0_, serialnumb0_.inum as inum6_43_0_, serialnumb0_.snlot as snlot7_43_0_, lotmaster1_.ltbuid as ltbuid1_34_1_, lotmaster1_.ltinum as ltinum2_34_1_, lotmaster1_.ltsnlot as ltsnlot3_34_1_, lotmaster1_.ltcid as ltcid4_34_1_, lotmaster1_.ltdtin as ltdtin5_34_1_, lotmaster1_.lttmin as lttmin6_34_1_, lotmaster1_.ltuid as ltuid7_34_1_, lotmaster1_.ltdtlu as ltdtlu8_34_1_, lotmaster1_.lttmlu as lttmlu9_34_1_, lotmaster1_.ltuidm as ltuidm10_34_1_, lotmaster1_.ltbodt as ltbodt11_34_1_, lotmaster1_.ltbbdt as ltbbdt12_34_1_, lotmaster1_.ltcldt as ltcldt13_34_1_, lotmaster1_.ltexpdt as ltexpdt14_34_1_, lotmaster1_.ltldsc as ltldsc15_34_1_, lotmaster1_.ltledt as ltledt16_34_1_, lotmaster1_.ltlsc as ltlsc17_34_1_, lotmaster1_.ltmlot1 as ltmlot18_34_1_, lotmaster1_.ltmlot2 as ltmlot19_34_1_, lotmaster1_.ltmlot3 as ltmlot20_34_1_, lotmaster1_.ltohdt as ltohdt21_34_1_, lotmaster1_.ltsern as ltsern22_34_1_ from transaction_serialnumbers serialnumb0_ inner join t4108 lotmaster1_ on serialnumb0_.buid=lotmaster1_.ltbuid and serialnumb0_.inum=lotmaster1_.ltinum and serialnumb0_.snlot=lotmaster1_.ltsnlot where serialnumb0_.coid=? and serialnumb0_.docno=? and serialnumb0_.docty=? and serialnumb0_.docsq=?
Hibernate: select purchasede0_.odcoid as odcoid1_40_0_, purchasede0_.oddocono as oddocono2_40_0_, purchasede0_.oddocosq as oddocosq3_40_0_, purchasede0_.oddocoty as oddocoty4_40_0_, purchasede0_.odcid as odcid5_40_0_, purchasede0_.oddtin as oddtin6_40_0_, purchasede0_.odtmin as odtmin7_40_0_, purchasede0_.oduid as oduid8_40_0_, purchasede0_.oddtlu as oddtlu9_40_0_, purchasede0_.odtmlu as odtmlu10_40_0_, purchasede0_.oduidm as oduidm11_40_0_, purchasede0_.odacid as odacid12_40_0_, purchasede0_.odaprcd as odaprcd13_40_0_, purchasede0_.odcrcb as odcrcb14_40_0_, purchasede0_.oditc02 as oditc15_40_0_, purchasede0_.odbuid as odbuid16_40_0_, purchasede0_.odqtycl as odqtycl17_40_0_, purchasede0_.oditc01 as oditc18_40_0_, purchasede0_.odcldt as odcldt19_40_0_, purchasede0_.odcsid as odcsid20_40_0_, purchasede0_.oddccd as oddccd21_40_0_, purchasede0_.oddcrt as oddcrt22_40_0_, purchasede0_.odexcrt as odexcrt23_40_0_, purchasede0_.odexcost as odexcos24_40_0_, purchasede0_.odqtyx as odqtyx25_40_0_, purchasede0_.oducfx as oducfx26_40_0_, purchasede0_.oduncostx as oduncos27_40_0_, purchasede0_.oduomx as oduomx28_40_0_, purchasede0_.odfec as odfec29_40_0_, purchasede0_.odfta as odfta30_40_0_, purchasede0_.odftb as odftb31_40_0_, purchasede0_.odfuc as odfuc32_40_0_, purchasede0_.odglcls as odglcls33_40_0_, purchasede0_.odgldt as odgldt34_40_0_, purchasede0_.odir02 as odir35_40_0_, purchasede0_.odir01 as odir36_40_0_, purchasede0_.odir03 as odir37_40_0_, purchasede0_.odinum as odinum38_40_0_, purchasede0_.oddesb1 as oddesb39_40_0_, purchasede0_.oditc05 as oditc40_40_0_, purchasede0_.odlst as odlst41_40_0_, purchasede0_.odlnty as odlnty42_40_0_, purchasede0_.odlocid as odlocid43_40_0_, purchasede0_.odnst as odnst44_40_0_, purchasede0_.odobid as odobid45_40_0_, purchasede0_.odqtyop as odqtyop46_40_0_, purchasede0_.odordt as odordt47_40_0_, purchasede0_.odqtyor as odqtyor48_40_0_, purchasede0_.odott as odott49_40_0_, purchasede0_.odordocdt as odordoc50_40_0_, purchasede0_.odordocno as odordoc51_40_0_, purchasede0_.odordocsq as odordoc52_40_0_, purchasede0_.odordocty as odordoc53_40_0_, purchasede0_.odptc as odptc54_40_0_, purchasede0_.odpqor as odpqor55_40_0_, purchasede0_.oduom1 as oduom56_40_0_, purchasede0_.odpjid as odpjid57_40_0_, purchasede0_.odpddt as odpddt58_40_0_, purchasede0_.odpo03 as odpo59_40_0_, purchasede0_.odpo01 as odpo60_40_0_, purchasede0_.odpo02 as odpo61_40_0_, purchasede0_.odqty as odqty62_40_0_, purchasede0_.odrcdt as odrcdt63_40_0_, purchasede0_.odqtyrc as odqtyrc64_40_0_, purchasede0_.odstid as odstid65_40_0_, purchasede0_.odvr04 as odvr66_40_0_, purchasede0_.odvr01 as odvr67_40_0_, purchasede0_.odvr03 as odvr68_40_0_, purchasede0_.odvr05 as odvr69_40_0_, purchasede0_.odvr02 as odvr70_40_0_, purchasede0_.odrldocno as odrldoc71_40_0_, purchasede0_.odrldocsq as odrldoc72_40_0_, purchasede0_.odrldocty as odrldoc73_40_0_, purchasede0_.odrqdt as odrqdt74_40_0_, purchasede0_.odqtyrn as odqtyrn75_40_0_, purchasede0_.odsqor as odsqor76_40_0_, purchasede0_.oduom2 as oduom77_40_0_, purchasede0_.odsnlot as odsnlot78_40_0_, purchasede0_.odtaxal as odtaxal79_40_0_, purchasede0_.odtaxam as odtaxam80_40_0_, purchasede0_.odtaxab as odtaxab81_40_0_, purchasede0_.odtaxcd as odtaxcd82_40_0_, purchasede0_.odtaxrt as odtaxrt83_40_0_, purchasede0_.odcrct as odcrct84_40_0_, purchasede0_.oditc03 as oditc85_40_0_, purchasede0_.oducf as oducf86_40_0_, purchasede0_.oduncost as oduncos87_40_0_, purchasede0_.odudc as odudc88_40_0_, purchasede0_.odudf as odudf89_40_0_, purchasede0_.oduom as oduom90_40_0_, purchasede0_.odvnid as odvnid91_40_0_, purchaseor1_.ohcoid as ohcoid1_39_1_, purchaseor1_.ohdocono as ohdocono2_39_1_, purchaseor1_.ohdocoty as ohdocoty3_39_1_, purchaseor1_.ohcid as ohcid4_39_1_, purchaseor1_.ohdtin as ohdtin5_39_1_, purchaseor1_.ohtmin as ohtmin6_39_1_, purchaseor1_.ohuid as ohuid7_39_1_, purchaseor1_.ohdtlu as ohdtlu8_39_1_, purchaseor1_.ohtmlu as ohtmlu9_39_1_, purchaseor1_.ohuidm as ohuidm10_39_1_, purchaseor1_.ohaprcd as ohaprcd11_39_1_, purchaseor1_.ohcrcb as ohcrcb12_39_1_, purchaseor1_.ohbuid as ohbuid13_39_1_, purchaseor1_.ohcldt as ohcldt14_39_1_, purchaseor1_.ohcot as ohcot15_39_1_, purchaseor1_.ohcsid as ohcsid16_39_1_, purchaseor1_.ohdesb1 as ohdesb17_39_1_, purchaseor1_.ohdccd as ohdccd18_39_1_, purchaseor1_.ohdcrt as ohdcrt19_39_1_, purchaseor1_.ohexcrt as ohexcrt20_39_1_, purchaseor1_.ohgldt as ohgldt21_39_1_, purchaseor1_.ohidd as ohidd22_39_1_, purchaseor1_.ohidn as ohidn23_39_1_, purchaseor1_.ohlst as ohlst24_39_1_, purchaseor1_.ohnst as ohnst25_39_1_, purchaseor1_.ohobid as ohobid26_39_1_, purchaseor1_.ohordt as ohordt27_39_1_, purchaseor1_.ohptc as ohptc28_39_1_, purchaseor1_.ohpoa as ohpoa29_39_1_, purchaseor1_.ohpod as ohpod30_39_1_, purchaseor1_.ohpjid as ohpjid31_39_1_, purchaseor1_.ohpddt as ohpddt32_39_1_, purchaseor1_.ohrcdt as ohrcdt33_39_1_, purchaseor1_.ohstid as ohstid34_39_1_, purchaseor1_.ohrqdt as ohrqdt35_39_1_, purchaseor1_.ohtaxal as ohtaxal36_39_1_, purchaseor1_.ohtaxcd as ohtaxcd37_39_1_, purchaseor1_.ohtaxrt as ohtaxrt38_39_1_, purchaseor1_.ohcrct as ohcrct39_39_1_, purchaseor1_.ohdesc1 as ohdesc40_39_1_, purchaseor1_.ohdesc2 as ohdesc41_39_1_, purchaseor1_.ohvhrn as ohvhrn42_39_1_, purchaseor1_.ohvhty as ohvhty43_39_1_, purchaseor1_.ohvnid as ohvnid44_39_1_ from t4311 purchasede0_ inner join t4301 purchaseor1_ on purchasede0_.odcoid=purchaseor1_.ohcoid and purchasede0_.oddocono=purchaseor1_.ohdocono and purchasede0_.oddocoty=purchaseor1_.ohdocoty where purchasede0_.odcoid=? and purchasede0_.oddocono=? and purchasede0_.oddocosq=? and purchasede0_.oddocoty=?
Hibernate: select serialnumb0_.coid as coid1_43_0_, serialnumb0_.docno as docno2_43_0_, serialnumb0_.docty as docty3_43_0_, serialnumb0_.docsq as docsq4_43_0_, serialnumb0_.buid as buid5_43_0_, serialnumb0_.inum as inum6_43_0_, serialnumb0_.snlot as snlot7_43_0_, lotmaster1_.ltbuid as ltbuid1_34_1_, lotmaster1_.ltinum as ltinum2_34_1_, lotmaster1_.ltsnlot as ltsnlot3_34_1_, lotmaster1_.ltcid as ltcid4_34_1_, lotmaster1_.ltdtin as ltdtin5_34_1_, lotmaster1_.lttmin as lttmin6_34_1_, lotmaster1_.ltuid as ltuid7_34_1_, lotmaster1_.ltdtlu as ltdtlu8_34_1_, lotmaster1_.lttmlu as lttmlu9_34_1_, lotmaster1_.ltuidm as ltuidm10_34_1_, lotmaster1_.ltbodt as ltbodt11_34_1_, lotmaster1_.ltbbdt as ltbbdt12_34_1_, lotmaster1_.ltcldt as ltcldt13_34_1_, lotmaster1_.ltexpdt as ltexpdt14_34_1_, lotmaster1_.ltldsc as ltldsc15_34_1_, lotmaster1_.ltledt as ltledt16_34_1_, lotmaster1_.ltlsc as ltlsc17_34_1_, lotmaster1_.ltmlot1 as ltmlot18_34_1_, lotmaster1_.ltmlot2 as ltmlot19_34_1_, lotmaster1_.ltmlot3 as ltmlot20_34_1_, lotmaster1_.ltohdt as ltohdt21_34_1_, lotmaster1_.ltsern as ltsern22_34_1_ from transaction_serialnumbers serialnumb0_ inner join t4108 lotmaster1_ on serialnumb0_.buid=lotmaster1_.ltbuid and serialnumb0_.inum=lotmaster1_.ltinum and serialnumb0_.snlot=lotmaster1_.ltsnlot where serialnumb0_.coid=? and serialnumb0_.docno=? and serialnumb0_.docty=? and serialnumb0_.docsq=?
Hibernate: select purchasede0_.odcoid as odcoid1_40_0_, purchasede0_.oddocono as oddocono2_40_0_, purchasede0_.oddocosq as oddocosq3_40_0_, purchasede0_.oddocoty as oddocoty4_40_0_, purchasede0_.odcid as odcid5_40_0_, purchasede0_.oddtin as oddtin6_40_0_, purchasede0_.odtmin as odtmin7_40_0_, purchasede0_.oduid as oduid8_40_0_, purchasede0_.oddtlu as oddtlu9_40_0_, purchasede0_.odtmlu as odtmlu10_40_0_, purchasede0_.oduidm as oduidm11_40_0_, purchasede0_.odacid as odacid12_40_0_, purchasede0_.odaprcd as odaprcd13_40_0_, purchasede0_.odcrcb as odcrcb14_40_0_, purchasede0_.oditc02 as oditc15_40_0_, purchasede0_.odbuid as odbuid16_40_0_, purchasede0_.odqtycl as odqtycl17_40_0_, purchasede0_.oditc01 as oditc18_40_0_, purchasede0_.odcldt as odcldt19_40_0_, purchasede0_.odcsid as odcsid20_40_0_, purchasede0_.oddccd as oddccd21_40_0_, purchasede0_.oddcrt as oddcrt22_40_0_, purchasede0_.odexcrt as odexcrt23_40_0_, purchasede0_.odexcost as odexcos24_40_0_, purchasede0_.odqtyx as odqtyx25_40_0_, purchasede0_.oducfx as oducfx26_40_0_, purchasede0_.oduncostx as oduncos27_40_0_, purchasede0_.oduomx as oduomx28_40_0_, purchasede0_.odfec as odfec29_40_0_, purchasede0_.odfta as odfta30_40_0_, purchasede0_.odftb as odftb31_40_0_, purchasede0_.odfuc as odfuc32_40_0_, purchasede0_.odglcls as odglcls33_40_0_, purchasede0_.odgldt as odgldt34_40_0_, purchasede0_.odir02 as odir35_40_0_, purchasede0_.odir01 as odir36_40_0_, purchasede0_.odir03 as odir37_40_0_, purchasede0_.odinum as odinum38_40_0_, purchasede0_.oddesb1 as oddesb39_40_0_, purchasede0_.oditc05 as oditc40_40_0_, purchasede0_.odlst as odlst41_40_0_, purchasede0_.odlnty as odlnty42_40_0_, purchasede0_.odlocid as odlocid43_40_0_, purchasede0_.odnst as odnst44_40_0_, purchasede0_.odobid as odobid45_40_0_, purchasede0_.odqtyop as odqtyop46_40_0_, purchasede0_.odordt as odordt47_40_0_, purchasede0_.odqtyor as odqtyor48_40_0_, purchasede0_.odott as odott49_40_0_, purchasede0_.odordocdt as odordoc50_40_0_, purchasede0_.odordocno as odordoc51_40_0_, purchasede0_.odordocsq as odordoc52_40_0_, purchasede0_.odordocty as odordoc53_40_0_, purchasede0_.odptc as odptc54_40_0_, purchasede0_.odpqor as odpqor55_40_0_, purchasede0_.oduom1 as oduom56_40_0_, purchasede0_.odpjid as odpjid57_40_0_, purchasede0_.odpddt as odpddt58_40_0_, purchasede0_.odpo03 as odpo59_40_0_, purchasede0_.odpo01 as odpo60_40_0_, purchasede0_.odpo02 as odpo61_40_0_, purchasede0_.odqty as odqty62_40_0_, purchasede0_.odrcdt as odrcdt63_40_0_, purchasede0_.odqtyrc as odqtyrc64_40_0_, purchasede0_.odstid as odstid65_40_0_, purchasede0_.odvr04 as odvr66_40_0_, purchasede0_.odvr01 as odvr67_40_0_, purchasede0_.odvr03 as odvr68_40_0_, purchasede0_.odvr05 as odvr69_40_0_, purchasede0_.odvr02 as odvr70_40_0_, purchasede0_.odrldocno as odrldoc71_40_0_, purchasede0_.odrldocsq as odrldoc72_40_0_, purchasede0_.odrldocty as odrldoc73_40_0_, purchasede0_.odrqdt as odrqdt74_40_0_, purchasede0_.odqtyrn as odqtyrn75_40_0_, purchasede0_.odsqor as odsqor76_40_0_, purchasede0_.oduom2 as oduom77_40_0_, purchasede0_.odsnlot as odsnlot78_40_0_, purchasede0_.odtaxal as odtaxal79_40_0_, purchasede0_.odtaxam as odtaxam80_40_0_, purchasede0_.odtaxab as odtaxab81_40_0_, purchasede0_.odtaxcd as odtaxcd82_40_0_, purchasede0_.odtaxrt as odtaxrt83_40_0_, purchasede0_.odcrct as odcrct84_40_0_, purchasede0_.oditc03 as oditc85_40_0_, purchasede0_.oducf as oducf86_40_0_, purchasede0_.oduncost as oduncos87_40_0_, purchasede0_.odudc as odudc88_40_0_, purchasede0_.odudf as odudf89_40_0_, purchasede0_.oduom as oduom90_40_0_, purchasede0_.odvnid as odvnid91_40_0_, purchaseor1_.ohcoid as ohcoid1_39_1_, purchaseor1_.ohdocono as ohdocono2_39_1_, purchaseor1_.ohdocoty as ohdocoty3_39_1_, purchaseor1_.ohcid as ohcid4_39_1_, purchaseor1_.ohdtin as ohdtin5_39_1_, purchaseor1_.ohtmin as ohtmin6_39_1_, purchaseor1_.ohuid as ohuid7_39_1_, purchaseor1_.ohdtlu as ohdtlu8_39_1_, purchaseor1_.ohtmlu as ohtmlu9_39_1_, purchaseor1_.ohuidm as ohuidm10_39_1_, purchaseor1_.ohaprcd as ohaprcd11_39_1_, purchaseor1_.ohcrcb as ohcrcb12_39_1_, purchaseor1_.ohbuid as ohbuid13_39_1_, purchaseor1_.ohcldt as ohcldt14_39_1_, purchaseor1_.ohcot as ohcot15_39_1_, purchaseor1_.ohcsid as ohcsid16_39_1_, purchaseor1_.ohdesb1 as ohdesb17_39_1_, purchaseor1_.ohdccd as ohdccd18_39_1_, purchaseor1_.ohdcrt as ohdcrt19_39_1_, purchaseor1_.ohexcrt as ohexcrt20_39_1_, purchaseor1_.ohgldt as ohgldt21_39_1_, purchaseor1_.ohidd as ohidd22_39_1_, purchaseor1_.ohidn as ohidn23_39_1_, purchaseor1_.ohlst as ohlst24_39_1_, purchaseor1_.ohnst as ohnst25_39_1_, purchaseor1_.ohobid as ohobid26_39_1_, purchaseor1_.ohordt as ohordt27_39_1_, purchaseor1_.ohptc as ohptc28_39_1_, purchaseor1_.ohpoa as ohpoa29_39_1_, purchaseor1_.ohpod as ohpod30_39_1_, purchaseor1_.ohpjid as ohpjid31_39_1_, purchaseor1_.ohpddt as ohpddt32_39_1_, purchaseor1_.ohrcdt as ohrcdt33_39_1_, purchaseor1_.ohstid as ohstid34_39_1_, purchaseor1_.ohrqdt as ohrqdt35_39_1_, purchaseor1_.ohtaxal as ohtaxal36_39_1_, purchaseor1_.ohtaxcd as ohtaxcd37_39_1_, purchaseor1_.ohtaxrt as ohtaxrt38_39_1_, purchaseor1_.ohcrct as ohcrct39_39_1_, purchaseor1_.ohdesc1 as ohdesc40_39_1_, purchaseor1_.ohdesc2 as ohdesc41_39_1_, purchaseor1_.ohvhrn as ohvhrn42_39_1_, purchaseor1_.ohvhty as ohvhty43_39_1_, purchaseor1_.ohvnid as ohvnid44_39_1_ from t4311 purchasede0_ inner join t4301 purchaseor1_ on purchasede0_.odcoid=purchaseor1_.ohcoid and purchasede0_.oddocono=purchaseor1_.ohdocono and purchasede0_.oddocoty=purchaseor1_.ohdocoty where purchasede0_.odcoid=? and purchasede0_.oddocono=? and purchasede0_.oddocosq=? and purchasede0_.oddocoty=?
Hibernate: select serialnumb0_.coid as coid1_43_0_, serialnumb0_.docno as docno2_43_0_, serialnumb0_.docty as docty3_43_0_, serialnumb0_.docsq as docsq4_43_0_, serialnumb0_.buid as buid5_43_0_, serialnumb0_.inum as inum6_43_0_, serialnumb0_.snlot as snlot7_43_0_, lotmaster1_.ltbuid as ltbuid1_34_1_, lotmaster1_.ltinum as ltinum2_34_1_, lotmaster1_.ltsnlot as ltsnlot3_34_1_, lotmaster1_.ltcid as ltcid4_34_1_, lotmaster1_.ltdtin as ltdtin5_34_1_, lotmaster1_.lttmin as lttmin6_34_1_, lotmaster1_.ltuid as ltuid7_34_1_, lotmaster1_.ltdtlu as ltdtlu8_34_1_, lotmaster1_.lttmlu as lttmlu9_34_1_, lotmaster1_.ltuidm as ltuidm10_34_1_, lotmaster1_.ltbodt as ltbodt11_34_1_, lotmaster1_.ltbbdt as ltbbdt12_34_1_, lotmaster1_.ltcldt as ltcldt13_34_1_, lotmaster1_.ltexpdt as ltexpdt14_34_1_, lotmaster1_.ltldsc as ltldsc15_34_1_, lotmaster1_.ltledt as ltledt16_34_1_, lotmaster1_.ltlsc as ltlsc17_34_1_, lotmaster1_.ltmlot1 as ltmlot18_34_1_, lotmaster1_.ltmlot2 as ltmlot19_34_1_, lotmaster1_.ltmlot3 as ltmlot20_34_1_, lotmaster1_.ltohdt as ltohdt21_34_1_, lotmaster1_.ltsern as ltsern22_34_1_ from transaction_serialnumbers serialnumb0_ inner join t4108 lotmaster1_ on serialnumb0_.buid=lotmaster1_.ltbuid and serialnumb0_.inum=lotmaster1_.ltinum and serialnumb0_.snlot=lotmaster1_.ltsnlot where serialnumb0_.coid=? and serialnumb0_.docno=? and serialnumb0_.docty=? and serialnumb0_.docsq=?
Hibernate: select purchasede0_.odcoid as odcoid1_40_0_, purchasede0_.oddocono as oddocono2_40_0_, purchasede0_.oddocosq as oddocosq3_40_0_, purchasede0_.oddocoty as oddocoty4_40_0_, purchasede0_.odcid as odcid5_40_0_, purchasede0_.oddtin as oddtin6_40_0_, purchasede0_.odtmin as odtmin7_40_0_, purchasede0_.oduid as oduid8_40_0_, purchasede0_.oddtlu as oddtlu9_40_0_, purchasede0_.odtmlu as odtmlu10_40_0_, purchasede0_.oduidm as oduidm11_40_0_, purchasede0_.odacid as odacid12_40_0_, purchasede0_.odaprcd as odaprcd13_40_0_, purchasede0_.odcrcb as odcrcb14_40_0_, purchasede0_.oditc02 as oditc15_40_0_, purchasede0_.odbuid as odbuid16_40_0_, purchasede0_.odqtycl as odqtycl17_40_0_, purchasede0_.oditc01 as oditc18_40_0_, purchasede0_.odcldt as odcldt19_40_0_, purchasede0_.odcsid as odcsid20_40_0_, purchasede0_.oddccd as oddccd21_40_0_, purchasede0_.oddcrt as oddcrt22_40_0_, purchasede0_.odexcrt as odexcrt23_40_0_, purchasede0_.odexcost as odexcos24_40_0_, purchasede0_.odqtyx as odqtyx25_40_0_, purchasede0_.oducfx as oducfx26_40_0_, purchasede0_.oduncostx as oduncos27_40_0_, purchasede0_.oduomx as oduomx28_40_0_, purchasede0_.odfec as odfec29_40_0_, purchasede0_.odfta as odfta30_40_0_, purchasede0_.odftb as odftb31_40_0_, purchasede0_.odfuc as odfuc32_40_0_, purchasede0_.odglcls as odglcls33_40_0_, purchasede0_.odgldt as odgldt34_40_0_, purchasede0_.odir02 as odir35_40_0_, purchasede0_.odir01 as odir36_40_0_, purchasede0_.odir03 as odir37_40_0_, purchasede0_.odinum as odinum38_40_0_, purchasede0_.oddesb1 as oddesb39_40_0_, purchasede0_.oditc05 as oditc40_40_0_, purchasede0_.odlst as odlst41_40_0_, purchasede0_.odlnty as odlnty42_40_0_, purchasede0_.odlocid as odlocid43_40_0_, purchasede0_.odnst as odnst44_40_0_, purchasede0_.odobid as odobid45_40_0_, purchasede0_.odqtyop as odqtyop46_40_0_, purchasede0_.odordt as odordt47_40_0_, purchasede0_.odqtyor as odqtyor48_40_0_, purchasede0_.odott as odott49_40_0_, purchasede0_.odordocdt as odordoc50_40_0_, purchasede0_.odordocno as odordoc51_40_0_, purchasede0_.odordocsq as odordoc52_40_0_, purchasede0_.odordocty as odordoc53_40_0_, purchasede0_.odptc as odptc54_40_0_, purchasede0_.odpqor as odpqor55_40_0_, purchasede0_.oduom1 as oduom56_40_0_, purchasede0_.odpjid as odpjid57_40_0_, purchasede0_.odpddt as odpddt58_40_0_, purchasede0_.odpo03 as odpo59_40_0_, purchasede0_.odpo01 as odpo60_40_0_, purchasede0_.odpo02 as odpo61_40_0_, purchasede0_.odqty as odqty62_40_0_, purchasede0_.odrcdt as odrcdt63_40_0_, purchasede0_.odqtyrc as odqtyrc64_40_0_, purchasede0_.odstid as odstid65_40_0_, purchasede0_.odvr04 as odvr66_40_0_, purchasede0_.odvr01 as odvr67_40_0_, purchasede0_.odvr03 as odvr68_40_0_, purchasede0_.odvr05 as odvr69_40_0_, purchasede0_.odvr02 as odvr70_40_0_, purchasede0_.odrldocno as odrldoc71_40_0_, purchasede0_.odrldocsq as odrldoc72_40_0_, purchasede0_.odrldocty as odrldoc73_40_0_, purchasede0_.odrqdt as odrqdt74_40_0_, purchasede0_.odqtyrn as odqtyrn75_40_0_, purchasede0_.odsqor as odsqor76_40_0_, purchasede0_.oduom2 as oduom77_40_0_, purchasede0_.odsnlot as odsnlot78_40_0_, purchasede0_.odtaxal as odtaxal79_40_0_, purchasede0_.odtaxam as odtaxam80_40_0_, purchasede0_.odtaxab as odtaxab81_40_0_, purchasede0_.odtaxcd as odtaxcd82_40_0_, purchasede0_.odtaxrt as odtaxrt83_40_0_, purchasede0_.odcrct as odcrct84_40_0_, purchasede0_.oditc03 as oditc85_40_0_, purchasede0_.oducf as oducf86_40_0_, purchasede0_.oduncost as oduncos87_40_0_, purchasede0_.odudc as odudc88_40_0_, purchasede0_.odudf as odudf89_40_0_, purchasede0_.oduom as oduom90_40_0_, purchasede0_.odvnid as odvnid91_40_0_, purchaseor1_.ohcoid as ohcoid1_39_1_, purchaseor1_.ohdocono as ohdocono2_39_1_, purchaseor1_.ohdocoty as ohdocoty3_39_1_, purchaseor1_.ohcid as ohcid4_39_1_, purchaseor1_.ohdtin as ohdtin5_39_1_, purchaseor1_.ohtmin as ohtmin6_39_1_, purchaseor1_.ohuid as ohuid7_39_1_, purchaseor1_.ohdtlu as ohdtlu8_39_1_, purchaseor1_.ohtmlu as ohtmlu9_39_1_, purchaseor1_.ohuidm as ohuidm10_39_1_, purchaseor1_.ohaprcd as ohaprcd11_39_1_, purchaseor1_.ohcrcb as ohcrcb12_39_1_, purchaseor1_.ohbuid as ohbuid13_39_1_, purchaseor1_.ohcldt as ohcldt14_39_1_, purchaseor1_.ohcot as ohcot15_39_1_, purchaseor1_.ohcsid as ohcsid16_39_1_, purchaseor1_.ohdesb1 as ohdesb17_39_1_, purchaseor1_.ohdccd as ohdccd18_39_1_, purchaseor1_.ohdcrt as ohdcrt19_39_1_, purchaseor1_.ohexcrt as ohexcrt20_39_1_, purchaseor1_.ohgldt as ohgldt21_39_1_, purchaseor1_.ohidd as ohidd22_39_1_, purchaseor1_.ohidn as ohidn23_39_1_, purchaseor1_.ohlst as ohlst24_39_1_, purchaseor1_.ohnst as ohnst25_39_1_, purchaseor1_.ohobid as ohobid26_39_1_, purchaseor1_.ohordt as ohordt27_39_1_, purchaseor1_.ohptc as ohptc28_39_1_, purchaseor1_.ohpoa as ohpoa29_39_1_, purchaseor1_.ohpod as ohpod30_39_1_, purchaseor1_.ohpjid as ohpjid31_39_1_, purchaseor1_.ohpddt as ohpddt32_39_1_, purchaseor1_.ohrcdt as ohrcdt33_39_1_, purchaseor1_.ohstid as ohstid34_39_1_, purchaseor1_.ohrqdt as ohrqdt35_39_1_, purchaseor1_.ohtaxal as ohtaxal36_39_1_, purchaseor1_.ohtaxcd as ohtaxcd37_39_1_, purchaseor1_.ohtaxrt as ohtaxrt38_39_1_, purchaseor1_.ohcrct as ohcrct39_39_1_, purchaseor1_.ohdesc1 as ohdesc40_39_1_, purchaseor1_.ohdesc2 as ohdesc41_39_1_, purchaseor1_.ohvhrn as ohvhrn42_39_1_, purchaseor1_.ohvhty as ohvhty43_39_1_, purchaseor1_.ohvnid as ohvnid44_39_1_ from t4311 purchasede0_ inner join t4301 purchaseor1_ on purchasede0_.odcoid=purchaseor1_.ohcoid and purchasede0_.oddocono=purchaseor1_.ohdocono and purchasede0_.oddocoty=purchaseor1_.ohdocoty where purchasede0_.odcoid=? and purchasede0_.oddocono=? and purchasede0_.oddocosq=? and purchasede0_.oddocoty=?
Hibernate: select serialnumb0_.coid as coid1_43_0_, serialnumb0_.docno as docno2_43_0_, serialnumb0_.docty as docty3_43_0_, serialnumb0_.docsq as docsq4_43_0_, serialnumb0_.buid as buid5_43_0_, serialnumb0_.inum as inum6_43_0_, serialnumb0_.snlot as snlot7_43_0_, lotmaster1_.ltbuid as ltbuid1_34_1_, lotmaster1_.ltinum as ltinum2_34_1_, lotmaster1_.ltsnlot as ltsnlot3_34_1_, lotmaster1_.ltcid as ltcid4_34_1_, lotmaster1_.ltdtin as ltdtin5_34_1_, lotmaster1_.lttmin as lttmin6_34_1_, lotmaster1_.ltuid as ltuid7_34_1_, lotmaster1_.ltdtlu as ltdtlu8_34_1_, lotmaster1_.lttmlu as lttmlu9_34_1_, lotmaster1_.ltuidm as ltuidm10_34_1_, lotmaster1_.ltbodt as ltbodt11_34_1_, lotmaster1_.ltbbdt as ltbbdt12_34_1_, lotmaster1_.ltcldt as ltcldt13_34_1_, lotmaster1_.ltexpdt as ltexpdt14_34_1_, lotmaster1_.ltldsc as ltldsc15_34_1_, lotmaster1_.ltledt as ltledt16_34_1_, lotmaster1_.ltlsc as ltlsc17_34_1_, lotmaster1_.ltmlot1 as ltmlot18_34_1_, lotmaster1_.ltmlot2 as ltmlot19_34_1_, lotmaster1_.ltmlot3 as ltmlot20_34_1_, lotmaster1_.ltohdt as ltohdt21_34_1_, lotmaster1_.ltsern as ltsern22_34_1_ from transaction_serialnumbers serialnumb0_ inner join t4108 lotmaster1_ on serialnumb0_.buid=lotmaster1_.ltbuid and serialnumb0_.inum=lotmaster1_.ltinum and serialnumb0_.snlot=lotmaster1_.ltsnlot where serialnumb0_.coid=? and serialnumb0_.docno=? and serialnumb0_.docty=? and serialnumb0_.docsq=?
Hibernate: select purchasede0_.odcoid as odcoid1_40_0_, purchasede0_.oddocono as oddocono2_40_0_, purchasede0_.oddocosq as oddocosq3_40_0_, purchasede0_.oddocoty as oddocoty4_40_0_, purchasede0_.odcid as odcid5_40_0_, purchasede0_.oddtin as oddtin6_40_0_, purchasede0_.odtmin as odtmin7_40_0_, purchasede0_.oduid as oduid8_40_0_, purchasede0_.oddtlu as oddtlu9_40_0_, purchasede0_.odtmlu as odtmlu10_40_0_, purchasede0_.oduidm as oduidm11_40_0_, purchasede0_.odacid as odacid12_40_0_, purchasede0_.odaprcd as odaprcd13_40_0_, purchasede0_.odcrcb as odcrcb14_40_0_, purchasede0_.oditc02 as oditc15_40_0_, purchasede0_.odbuid as odbuid16_40_0_, purchasede0_.odqtycl as odqtycl17_40_0_, purchasede0_.oditc01 as oditc18_40_0_, purchasede0_.odcldt as odcldt19_40_0_, purchasede0_.odcsid as odcsid20_40_0_, purchasede0_.oddccd as oddccd21_40_0_, purchasede0_.oddcrt as oddcrt22_40_0_, purchasede0_.odexcrt as odexcrt23_40_0_, purchasede0_.odexcost as odexcos24_40_0_, purchasede0_.odqtyx as odqtyx25_40_0_, purchasede0_.oducfx as oducfx26_40_0_, purchasede0_.oduncostx as oduncos27_40_0_, purchasede0_.oduomx as oduomx28_40_0_, purchasede0_.odfec as odfec29_40_0_, purchasede0_.odfta as odfta30_40_0_, purchasede0_.odftb as odftb31_40_0_, purchasede0_.odfuc as odfuc32_40_0_, purchasede0_.odglcls as odglcls33_40_0_, purchasede0_.odgldt as odgldt34_40_0_, purchasede0_.odir02 as odir35_40_0_, purchasede0_.odir01 as odir36_40_0_, purchasede0_.odir03 as odir37_40_0_, purchasede0_.odinum as odinum38_40_0_, purchasede0_.oddesb1 as oddesb39_40_0_, purchasede0_.oditc05 as oditc40_40_0_, purchasede0_.odlst as odlst41_40_0_, purchasede0_.odlnty as odlnty42_40_0_, purchasede0_.odlocid as odlocid43_40_0_, purchasede0_.odnst as odnst44_40_0_, purchasede0_.odobid as odobid45_40_0_, purchasede0_.odqtyop as odqtyop46_40_0_, purchasede0_.odordt as odordt47_40_0_, purchasede0_.odqtyor as odqtyor48_40_0_, purchasede0_.odott as odott49_40_0_, purchasede0_.odordocdt as odordoc50_40_0_, purchasede0_.odordocno as odordoc51_40_0_, purchasede0_.odordocsq as odordoc52_40_0_, purchasede0_.odordocty as odordoc53_40_0_, purchasede0_.odptc as odptc54_40_0_, purchasede0_.odpqor as odpqor55_40_0_, purchasede0_.oduom1 as oduom56_40_0_, purchasede0_.odpjid as odpjid57_40_0_, purchasede0_.odpddt as odpddt58_40_0_, purchasede0_.odpo03 as odpo59_40_0_, purchasede0_.odpo01 as odpo60_40_0_, purchasede0_.odpo02 as odpo61_40_0_, purchasede0_.odqty as odqty62_40_0_, purchasede0_.odrcdt as odrcdt63_40_0_, purchasede0_.odqtyrc as odqtyrc64_40_0_, purchasede0_.odstid as odstid65_40_0_, purchasede0_.odvr04 as odvr66_40_0_, purchasede0_.odvr01 as odvr67_40_0_, purchasede0_.odvr03 as odvr68_40_0_, purchasede0_.odvr05 as odvr69_40_0_, purchasede0_.odvr02 as odvr70_40_0_, purchasede0_.odrldocno as odrldoc71_40_0_, purchasede0_.odrldocsq as odrldoc72_40_0_, purchasede0_.odrldocty as odrldoc73_40_0_, purchasede0_.odrqdt as odrqdt74_40_0_, purchasede0_.odqtyrn as odqtyrn75_40_0_, purchasede0_.odsqor as odsqor76_40_0_, purchasede0_.oduom2 as oduom77_40_0_, purchasede0_.odsnlot as odsnlot78_40_0_, purchasede0_.odtaxal as odtaxal79_40_0_, purchasede0_.odtaxam as odtaxam80_40_0_, purchasede0_.odtaxab as odtaxab81_40_0_, purchasede0_.odtaxcd as odtaxcd82_40_0_, purchasede0_.odtaxrt as odtaxrt83_40_0_, purchasede0_.odcrct as odcrct84_40_0_, purchasede0_.oditc03 as oditc85_40_0_, purchasede0_.oducf as oducf86_40_0_, purchasede0_.oduncost as oduncos87_40_0_, purchasede0_.odudc as odudc88_40_0_, purchasede0_.odudf as odudf89_40_0_, purchasede0_.oduom as oduom90_40_0_, purchasede0_.odvnid as odvnid91_40_0_, purchaseor1_.ohcoid as ohcoid1_39_1_, purchaseor1_.ohdocono as ohdocono2_39_1_, purchaseor1_.ohdocoty as ohdocoty3_39_1_, purchaseor1_.ohcid as ohcid4_39_1_, purchaseor1_.ohdtin as ohdtin5_39_1_, purchaseor1_.ohtmin as ohtmin6_39_1_, purchaseor1_.ohuid as ohuid7_39_1_, purchaseor1_.ohdtlu as ohdtlu8_39_1_, purchaseor1_.ohtmlu as ohtmlu9_39_1_, purchaseor1_.ohuidm as ohuidm10_39_1_, purchaseor1_.ohaprcd as ohaprcd11_39_1_, purchaseor1_.ohcrcb as ohcrcb12_39_1_, purchaseor1_.ohbuid as ohbuid13_39_1_, purchaseor1_.ohcldt as ohcldt14_39_1_, purchaseor1_.ohcot as ohcot15_39_1_, purchaseor1_.ohcsid as ohcsid16_39_1_, purchaseor1_.ohdesb1 as ohdesb17_39_1_, purchaseor1_.ohdccd as ohdccd18_39_1_, purchaseor1_.ohdcrt as ohdcrt19_39_1_, purchaseor1_.ohexcrt as ohexcrt20_39_1_, purchaseor1_.ohgldt as ohgldt21_39_1_, purchaseor1_.ohidd as ohidd22_39_1_, purchaseor1_.ohidn as ohidn23_39_1_, purchaseor1_.ohlst as ohlst24_39_1_, purchaseor1_.ohnst as ohnst25_39_1_, purchaseor1_.ohobid as ohobid26_39_1_, purchaseor1_.ohordt as ohordt27_39_1_, purchaseor1_.ohptc as ohptc28_39_1_, purchaseor1_.ohpoa as ohpoa29_39_1_, purchaseor1_.ohpod as ohpod30_39_1_, purchaseor1_.ohpjid as ohpjid31_39_1_, purchaseor1_.ohpddt as ohpddt32_39_1_, purchaseor1_.ohrcdt as ohrcdt33_39_1_, purchaseor1_.ohstid as ohstid34_39_1_, purchaseor1_.ohrqdt as ohrqdt35_39_1_, purchaseor1_.ohtaxal as ohtaxal36_39_1_, purchaseor1_.ohtaxcd as ohtaxcd37_39_1_, purchaseor1_.ohtaxrt as ohtaxrt38_39_1_, purchaseor1_.ohcrct as ohcrct39_39_1_, purchaseor1_.ohdesc1 as ohdesc40_39_1_, purchaseor1_.ohdesc2 as ohdesc41_39_1_, purchaseor1_.ohvhrn as ohvhrn42_39_1_, purchaseor1_.ohvhty as ohvhty43_39_1_, purchaseor1_.ohvnid as ohvnid44_39_1_ from t4311 purchasede0_ inner join t4301 purchaseor1_ on purchasede0_.odcoid=purchaseor1_.ohcoid and purchasede0_.oddocono=purchaseor1_.ohdocono and purchasede0_.oddocoty=purchaseor1_.ohdocoty where purchasede0_.odcoid=? and purchasede0_.oddocono=? and purchasede0_.oddocosq=? and purchasede0_.oddocoty=?
Hibernate: select serialnumb0_.coid as coid1_43_0_, serialnumb0_.docno as docno2_43_0_, serialnumb0_.docty as docty3_43_0_, serialnumb0_.docsq as docsq4_43_0_, serialnumb0_.buid as buid5_43_0_, serialnumb0_.inum as inum6_43_0_, serialnumb0_.snlot as snlot7_43_0_, lotmaster1_.ltbuid as ltbuid1_34_1_, lotmaster1_.ltinum as ltinum2_34_1_, lotmaster1_.ltsnlot as ltsnlot3_34_1_, lotmaster1_.ltcid as ltcid4_34_1_, lotmaster1_.ltdtin as ltdtin5_34_1_, lotmaster1_.lttmin as lttmin6_34_1_, lotmaster1_.ltuid as ltuid7_34_1_, lotmaster1_.ltdtlu as ltdtlu8_34_1_, lotmaster1_.lttmlu as lttmlu9_34_1_, lotmaster1_.ltuidm as ltuidm10_34_1_, lotmaster1_.ltbodt as ltbodt11_34_1_, lotmaster1_.ltbbdt as ltbbdt12_34_1_, lotmaster1_.ltcldt as ltcldt13_34_1_, lotmaster1_.ltexpdt as ltexpdt14_34_1_, lotmaster1_.ltldsc as ltldsc15_34_1_, lotmaster1_.ltledt as ltledt16_34_1_, lotmaster1_.ltlsc as ltlsc17_34_1_, lotmaster1_.ltmlot1 as ltmlot18_34_1_, lotmaster1_.ltmlot2 as ltmlot19_34_1_, lotmaster1_.ltmlot3 as ltmlot20_34_1_, lotmaster1_.ltohdt as ltohdt21_34_1_, lotmaster1_.ltsern as ltsern22_34_1_ from transaction_serialnumbers serialnumb0_ inner join t4108 lotmaster1_ on serialnumb0_.buid=lotmaster1_.ltbuid and serialnumb0_.inum=lotmaster1_.ltinum and serialnumb0_.snlot=lotmaster1_.ltsnlot where serialnumb0_.coid=? and serialnumb0_.docno=? and serialnumb0_.docty=? and serialnumb0_.docsq=?
Hibernate: select purchasede0_.odcoid as odcoid1_40_0_, purchasede0_.oddocono as oddocono2_40_0_, purchasede0_.oddocosq as oddocosq3_40_0_, purchasede0_.oddocoty as oddocoty4_40_0_, purchasede0_.odcid as odcid5_40_0_, purchasede0_.oddtin as oddtin6_40_0_, purchasede0_.odtmin as odtmin7_40_0_, purchasede0_.oduid as oduid8_40_0_, purchasede0_.oddtlu as oddtlu9_40_0_, purchasede0_.odtmlu as odtmlu10_40_0_, purchasede0_.oduidm as oduidm11_40_0_, purchasede0_.odacid as odacid12_40_0_, purchasede0_.odaprcd as odaprcd13_40_0_, purchasede0_.odcrcb as odcrcb14_40_0_, purchasede0_.oditc02 as oditc15_40_0_, purchasede0_.odbuid as odbuid16_40_0_, purchasede0_.odqtycl as odqtycl17_40_0_, purchasede0_.oditc01 as oditc18_40_0_, purchasede0_.odcldt as odcldt19_40_0_, purchasede0_.odcsid as odcsid20_40_0_, purchasede0_.oddccd as oddccd21_40_0_, purchasede0_.oddcrt as oddcrt22_40_0_, purchasede0_.odexcrt as odexcrt23_40_0_, purchasede0_.odexcost as odexcos24_40_0_, purchasede0_.odqtyx as odqtyx25_40_0_, purchasede0_.oducfx as oducfx26_40_0_, purchasede0_.oduncostx as oduncos27_40_0_, purchasede0_.oduomx as oduomx28_40_0_, purchasede0_.odfec as odfec29_40_0_, purchasede0_.odfta as odfta30_40_0_, purchasede0_.odftb as odftb31_40_0_, purchasede0_.odfuc as odfuc32_40_0_, purchasede0_.odglcls as odglcls33_40_0_, purchasede0_.odgldt as odgldt34_40_0_, purchasede0_.odir02 as odir35_40_0_, purchasede0_.odir01 as odir36_40_0_, purchasede0_.odir03 as odir37_40_0_, purchasede0_.odinum as odinum38_40_0_, purchasede0_.oddesb1 as oddesb39_40_0_, purchasede0_.oditc05 as oditc40_40_0_, purchasede0_.odlst as odlst41_40_0_, purchasede0_.odlnty as odlnty42_40_0_, purchasede0_.odlocid as odlocid43_40_0_, purchasede0_.odnst as odnst44_40_0_, purchasede0_.odobid as odobid45_40_0_, purchasede0_.odqtyop as odqtyop46_40_0_, purchasede0_.odordt as odordt47_40_0_, purchasede0_.odqtyor as odqtyor48_40_0_, purchasede0_.odott as odott49_40_0_, purchasede0_.odordocdt as odordoc50_40_0_, purchasede0_.odordocno as odordoc51_40_0_, purchasede0_.odordocsq as odordoc52_40_0_, purchasede0_.odordocty as odordoc53_40_0_, purchasede0_.odptc as odptc54_40_0_, purchasede0_.odpqor as odpqor55_40_0_, purchasede0_.oduom1 as oduom56_40_0_, purchasede0_.odpjid as odpjid57_40_0_, purchasede0_.odpddt as odpddt58_40_0_, purchasede0_.odpo03 as odpo59_40_0_, purchasede0_.odpo01 as odpo60_40_0_, purchasede0_.odpo02 as odpo61_40_0_, purchasede0_.odqty as odqty62_40_0_, purchasede0_.odrcdt as odrcdt63_40_0_, purchasede0_.odqtyrc as odqtyrc64_40_0_, purchasede0_.odstid as odstid65_40_0_, purchasede0_.odvr04 as odvr66_40_0_, purchasede0_.odvr01 as odvr67_40_0_, purchasede0_.odvr03 as odvr68_40_0_, purchasede0_.odvr05 as odvr69_40_0_, purchasede0_.odvr02 as odvr70_40_0_, purchasede0_.odrldocno as odrldoc71_40_0_, purchasede0_.odrldocsq as odrldoc72_40_0_, purchasede0_.odrldocty as odrldoc73_40_0_, purchasede0_.odrqdt as odrqdt74_40_0_, purchasede0_.odqtyrn as odqtyrn75_40_0_, purchasede0_.odsqor as odsqor76_40_0_, purchasede0_.oduom2 as oduom77_40_0_, purchasede0_.odsnlot as odsnlot78_40_0_, purchasede0_.odtaxal as odtaxal79_40_0_, purchasede0_.odtaxam as odtaxam80_40_0_, purchasede0_.odtaxab as odtaxab81_40_0_, purchasede0_.odtaxcd as odtaxcd82_40_0_, purchasede0_.odtaxrt as odtaxrt83_40_0_, purchasede0_.odcrct as odcrct84_40_0_, purchasede0_.oditc03 as oditc85_40_0_, purchasede0_.oducf as oducf86_40_0_, purchasede0_.oduncost as oduncos87_40_0_, purchasede0_.odudc as odudc88_40_0_, purchasede0_.odudf as odudf89_40_0_, purchasede0_.oduom as oduom90_40_0_, purchasede0_.odvnid as odvnid91_40_0_, purchaseor1_.ohcoid as ohcoid1_39_1_, purchaseor1_.ohdocono as ohdocono2_39_1_, purchaseor1_.ohdocoty as ohdocoty3_39_1_, purchaseor1_.ohcid as ohcid4_39_1_, purchaseor1_.ohdtin as ohdtin5_39_1_, purchaseor1_.ohtmin as ohtmin6_39_1_, purchaseor1_.ohuid as ohuid7_39_1_, purchaseor1_.ohdtlu as ohdtlu8_39_1_, purchaseor1_.ohtmlu as ohtmlu9_39_1_, purchaseor1_.ohuidm as ohuidm10_39_1_, purchaseor1_.ohaprcd as ohaprcd11_39_1_, purchaseor1_.ohcrcb as ohcrcb12_39_1_, purchaseor1_.ohbuid as ohbuid13_39_1_, purchaseor1_.ohcldt as ohcldt14_39_1_, purchaseor1_.ohcot as ohcot15_39_1_, purchaseor1_.ohcsid as ohcsid16_39_1_, purchaseor1_.ohdesb1 as ohdesb17_39_1_, purchaseor1_.ohdccd as ohdccd18_39_1_, purchaseor1_.ohdcrt as ohdcrt19_39_1_, purchaseor1_.ohexcrt as ohexcrt20_39_1_, purchaseor1_.ohgldt as ohgldt21_39_1_, purchaseor1_.ohidd as ohidd22_39_1_, purchaseor1_.ohidn as ohidn23_39_1_, purchaseor1_.ohlst as ohlst24_39_1_, purchaseor1_.ohnst as ohnst25_39_1_, purchaseor1_.ohobid as ohobid26_39_1_, purchaseor1_.ohordt as ohordt27_39_1_, purchaseor1_.ohptc as ohptc28_39_1_, purchaseor1_.ohpoa as ohpoa29_39_1_, purchaseor1_.ohpod as ohpod30_39_1_, purchaseor1_.ohpjid as ohpjid31_39_1_, purchaseor1_.ohpddt as ohpddt32_39_1_, purchaseor1_.ohrcdt as ohrcdt33_39_1_, purchaseor1_.ohstid as ohstid34_39_1_, purchaseor1_.ohrqdt as ohrqdt35_39_1_, purchaseor1_.ohtaxal as ohtaxal36_39_1_, purchaseor1_.ohtaxcd as ohtaxcd37_39_1_, purchaseor1_.ohtaxrt as ohtaxrt38_39_1_, purchaseor1_.ohcrct as ohcrct39_39_1_, purchaseor1_.ohdesc1 as ohdesc40_39_1_, purchaseor1_.ohdesc2 as ohdesc41_39_1_, purchaseor1_.ohvhrn as ohvhrn42_39_1_, purchaseor1_.ohvhty as ohvhty43_39_1_, purchaseor1_.ohvnid as ohvnid44_39_1_ from t4311 purchasede0_ inner join t4301 purchaseor1_ on purchasede0_.odcoid=purchaseor1_.ohcoid and purchasede0_.oddocono=purchaseor1_.ohdocono and purchasede0_.oddocoty=purchaseor1_.ohdocoty where purchasede0_.odcoid=? and purchasede0_.oddocono=? and purchasede0_.oddocosq=? and purchasede0_.oddocoty=?
Hibernate: select serialnumb0_.coid as coid1_43_0_, serialnumb0_.docno as docno2_43_0_, serialnumb0_.docty as docty3_43_0_, serialnumb0_.docsq as docsq4_43_0_, serialnumb0_.buid as buid5_43_0_, serialnumb0_.inum as inum6_43_0_, serialnumb0_.snlot as snlot7_43_0_, lotmaster1_.ltbuid as ltbuid1_34_1_, lotmaster1_.ltinum as ltinum2_34_1_, lotmaster1_.ltsnlot as ltsnlot3_34_1_, lotmaster1_.ltcid as ltcid4_34_1_, lotmaster1_.ltdtin as ltdtin5_34_1_, lotmaster1_.lttmin as lttmin6_34_1_, lotmaster1_.ltuid as ltuid7_34_1_, lotmaster1_.ltdtlu as ltdtlu8_34_1_, lotmaster1_.lttmlu as lttmlu9_34_1_, lotmaster1_.ltuidm as ltuidm10_34_1_, lotmaster1_.ltbodt as ltbodt11_34_1_, lotmaster1_.ltbbdt as ltbbdt12_34_1_, lotmaster1_.ltcldt as ltcldt13_34_1_, lotmaster1_.ltexpdt as ltexpdt14_34_1_, lotmaster1_.ltldsc as ltldsc15_34_1_, lotmaster1_.ltledt as ltledt16_34_1_, lotmaster1_.ltlsc as ltlsc17_34_1_, lotmaster1_.ltmlot1 as ltmlot18_34_1_, lotmaster1_.ltmlot2 as ltmlot19_34_1_, lotmaster1_.ltmlot3 as ltmlot20_34_1_, lotmaster1_.ltohdt as ltohdt21_34_1_, lotmaster1_.ltsern as ltsern22_34_1_ from transaction_serialnumbers serialnumb0_ inner join t4108 lotmaster1_ on serialnumb0_.buid=lotmaster1_.ltbuid and serialnumb0_.inum=lotmaster1_.ltinum and serialnumb0_.snlot=lotmaster1_.ltsnlot where serialnumb0_.coid=? and serialnumb0_.docno=? and serialnumb0_.docty=? and serialnumb0_.docsq=?
Hibernate: select serialnumb0_.coid as coid1_43_0_, serialnumb0_.docno as docno2_43_0_, serialnumb0_.docty as docty3_43_0_, serialnumb0_.docsq as docsq4_43_0_, serialnumb0_.buid as buid5_43_0_, serialnumb0_.inum as inum6_43_0_, serialnumb0_.snlot as snlot7_43_0_, lotmaster1_.ltbuid as ltbuid1_34_1_, lotmaster1_.ltinum as ltinum2_34_1_, lotmaster1_.ltsnlot as ltsnlot3_34_1_, lotmaster1_.ltcid as ltcid4_34_1_, lotmaster1_.ltdtin as ltdtin5_34_1_, lotmaster1_.lttmin as lttmin6_34_1_, lotmaster1_.ltuid as ltuid7_34_1_, lotmaster1_.ltdtlu as ltdtlu8_34_1_, lotmaster1_.lttmlu as lttmlu9_34_1_, lotmaster1_.ltuidm as ltuidm10_34_1_, lotmaster1_.ltbodt as ltbodt11_34_1_, lotmaster1_.ltbbdt as ltbbdt12_34_1_, lotmaster1_.ltcldt as ltcldt13_34_1_, lotmaster1_.ltexpdt as ltexpdt14_34_1_, lotmaster1_.ltldsc as ltldsc15_34_1_, lotmaster1_.ltledt as ltledt16_34_1_, lotmaster1_.ltlsc as ltlsc17_34_1_, lotmaster1_.ltmlot1 as ltmlot18_34_1_, lotmaster1_.ltmlot2 as ltmlot19_34_1_, lotmaster1_.ltmlot3 as ltmlot20_34_1_, lotmaster1_.ltohdt as ltohdt21_34_1_, lotmaster1_.ltsern as ltsern22_34_1_ from transaction_serialnumbers serialnumb0_ inner join t4108 lotmaster1_ on serialnumb0_.buid=lotmaster1_.ltbuid and serialnumb0_.inum=lotmaster1_.ltinum and serialnumb0_.snlot=lotmaster1_.ltsnlot where serialnumb0_.coid=? and serialnumb0_.docno=? and serialnumb0_.docty=? and serialnumb0_.docsq=?
Hibernate: select purchasede0_.odcoid as odcoid1_40_0_, purchasede0_.oddocono as oddocono2_40_0_, purchasede0_.oddocosq as oddocosq3_40_0_, purchasede0_.oddocoty as oddocoty4_40_0_, purchasede0_.odcid as odcid5_40_0_, purchasede0_.oddtin as oddtin6_40_0_, purchasede0_.odtmin as odtmin7_40_0_, purchasede0_.oduid as oduid8_40_0_, purchasede0_.oddtlu as oddtlu9_40_0_, purchasede0_.odtmlu as odtmlu10_40_0_, purchasede0_.oduidm as oduidm11_40_0_, purchasede0_.odacid as odacid12_40_0_, purchasede0_.odaprcd as odaprcd13_40_0_, purchasede0_.odcrcb as odcrcb14_40_0_, purchasede0_.oditc02 as oditc15_40_0_, purchasede0_.odbuid as odbuid16_40_0_, purchasede0_.odqtycl as odqtycl17_40_0_, purchasede0_.oditc01 as oditc18_40_0_, purchasede0_.odcldt as odcldt19_40_0_, purchasede0_.odcsid as odcsid20_40_0_, purchasede0_.oddccd as oddccd21_40_0_, purchasede0_.oddcrt as oddcrt22_40_0_, purchasede0_.odexcrt as odexcrt23_40_0_, purchasede0_.odexcost as odexcos24_40_0_, purchasede0_.odqtyx as odqtyx25_40_0_, purchasede0_.oducfx as oducfx26_40_0_, purchasede0_.oduncostx as oduncos27_40_0_, purchasede0_.oduomx as oduomx28_40_0_, purchasede0_.odfec as odfec29_40_0_, purchasede0_.odfta as odfta30_40_0_, purchasede0_.odftb as odftb31_40_0_, purchasede0_.odfuc as odfuc32_40_0_, purchasede0_.odglcls as odglcls33_40_0_, purchasede0_.odgldt as odgldt34_40_0_, purchasede0_.odir02 as odir35_40_0_, purchasede0_.odir01 as odir36_40_0_, purchasede0_.odir03 as odir37_40_0_, purchasede0_.odinum as odinum38_40_0_, purchasede0_.oddesb1 as oddesb39_40_0_, purchasede0_.oditc05 as oditc40_40_0_, purchasede0_.odlst as odlst41_40_0_, purchasede0_.odlnty as odlnty42_40_0_, purchasede0_.odlocid as odlocid43_40_0_, purchasede0_.odnst as odnst44_40_0_, purchasede0_.odobid as odobid45_40_0_, purchasede0_.odqtyop as odqtyop46_40_0_, purchasede0_.odordt as odordt47_40_0_, purchasede0_.odqtyor as odqtyor48_40_0_, purchasede0_.odott as odott49_40_0_, purchasede0_.odordocdt as odordoc50_40_0_, purchasede0_.odordocno as odordoc51_40_0_, purchasede0_.odordocsq as odordoc52_40_0_, purchasede0_.odordocty as odordoc53_40_0_, purchasede0_.odptc as odptc54_40_0_, purchasede0_.odpqor as odpqor55_40_0_, purchasede0_.oduom1 as oduom56_40_0_, purchasede0_.odpjid as odpjid57_40_0_, purchasede0_.odpddt as odpddt58_40_0_, purchasede0_.odpo03 as odpo59_40_0_, purchasede0_.odpo01 as odpo60_40_0_, purchasede0_.odpo02 as odpo61_40_0_, purchasede0_.odqty as odqty62_40_0_, purchasede0_.odrcdt as odrcdt63_40_0_, purchasede0_.odqtyrc as odqtyrc64_40_0_, purchasede0_.odstid as odstid65_40_0_, purchasede0_.odvr04 as odvr66_40_0_, purchasede0_.odvr01 as odvr67_40_0_, purchasede0_.odvr03 as odvr68_40_0_, purchasede0_.odvr05 as odvr69_40_0_, purchasede0_.odvr02 as odvr70_40_0_, purchasede0_.odrldocno as odrldoc71_40_0_, purchasede0_.odrldocsq as odrldoc72_40_0_, purchasede0_.odrldocty as odrldoc73_40_0_, purchasede0_.odrqdt as odrqdt74_40_0_, purchasede0_.odqtyrn as odqtyrn75_40_0_, purchasede0_.odsqor as odsqor76_40_0_, purchasede0_.oduom2 as oduom77_40_0_, purchasede0_.odsnlot as odsnlot78_40_0_, purchasede0_.odtaxal as odtaxal79_40_0_, purchasede0_.odtaxam as odtaxam80_40_0_, purchasede0_.odtaxab as odtaxab81_40_0_, purchasede0_.odtaxcd as odtaxcd82_40_0_, purchasede0_.odtaxrt as odtaxrt83_40_0_, purchasede0_.odcrct as odcrct84_40_0_, purchasede0_.oditc03 as oditc85_40_0_, purchasede0_.oducf as oducf86_40_0_, purchasede0_.oduncost as oduncos87_40_0_, purchasede0_.odudc as odudc88_40_0_, purchasede0_.odudf as odudf89_40_0_, purchasede0_.oduom as oduom90_40_0_, purchasede0_.odvnid as odvnid91_40_0_, purchaseor1_.ohcoid as ohcoid1_39_1_, purchaseor1_.ohdocono as ohdocono2_39_1_, purchaseor1_.ohdocoty as ohdocoty3_39_1_, purchaseor1_.ohcid as ohcid4_39_1_, purchaseor1_.ohdtin as ohdtin5_39_1_, purchaseor1_.ohtmin as ohtmin6_39_1_, purchaseor1_.ohuid as ohuid7_39_1_, purchaseor1_.ohdtlu as ohdtlu8_39_1_, purchaseor1_.ohtmlu as ohtmlu9_39_1_, purchaseor1_.ohuidm as ohuidm10_39_1_, purchaseor1_.ohaprcd as ohaprcd11_39_1_, purchaseor1_.ohcrcb as ohcrcb12_39_1_, purchaseor1_.ohbuid as ohbuid13_39_1_, purchaseor1_.ohcldt as ohcldt14_39_1_, purchaseor1_.ohcot as ohcot15_39_1_, purchaseor1_.ohcsid as ohcsid16_39_1_, purchaseor1_.ohdesb1 as ohdesb17_39_1_, purchaseor1_.ohdccd as ohdccd18_39_1_, purchaseor1_.ohdcrt as ohdcrt19_39_1_, purchaseor1_.ohexcrt as ohexcrt20_39_1_, purchaseor1_.ohgldt as ohgldt21_39_1_, purchaseor1_.ohidd as ohidd22_39_1_, purchaseor1_.ohidn as ohidn23_39_1_, purchaseor1_.ohlst as ohlst24_39_1_, purchaseor1_.ohnst as ohnst25_39_1_, purchaseor1_.ohobid as ohobid26_39_1_, purchaseor1_.ohordt as ohordt27_39_1_, purchaseor1_.ohptc as ohptc28_39_1_, purchaseor1_.ohpoa as ohpoa29_39_1_, purchaseor1_.ohpod as ohpod30_39_1_, purchaseor1_.ohpjid as ohpjid31_39_1_, purchaseor1_.ohpddt as ohpddt32_39_1_, purchaseor1_.ohrcdt as ohrcdt33_39_1_, purchaseor1_.ohstid as ohstid34_39_1_, purchaseor1_.ohrqdt as ohrqdt35_39_1_, purchaseor1_.ohtaxal as ohtaxal36_39_1_, purchaseor1_.ohtaxcd as ohtaxcd37_39_1_, purchaseor1_.ohtaxrt as ohtaxrt38_39_1_, purchaseor1_.ohcrct as ohcrct39_39_1_, purchaseor1_.ohdesc1 as ohdesc40_39_1_, purchaseor1_.ohdesc2 as ohdesc41_39_1_, purchaseor1_.ohvhrn as ohvhrn42_39_1_, purchaseor1_.ohvhty as ohvhty43_39_1_, purchaseor1_.ohvnid as ohvnid44_39_1_ from t4311 purchasede0_ inner join t4301 purchaseor1_ on purchasede0_.odcoid=purchaseor1_.ohcoid and purchasede0_.oddocono=purchaseor1_.ohdocono and purchasede0_.oddocoty=purchaseor1_.ohdocoty where purchasede0_.odcoid=? and purchasede0_.oddocono=? and purchasede0_.oddocosq=? and purchasede0_.oddocoty=?
Hibernate: select serialnumb0_.coid as coid1_43_0_, serialnumb0_.docno as docno2_43_0_, serialnumb0_.docty as docty3_43_0_, serialnumb0_.docsq as docsq4_43_0_, serialnumb0_.buid as buid5_43_0_, serialnumb0_.inum as inum6_43_0_, serialnumb0_.snlot as snlot7_43_0_, lotmaster1_.ltbuid as ltbuid1_34_1_, lotmaster1_.ltinum as ltinum2_34_1_, lotmaster1_.ltsnlot as ltsnlot3_34_1_, lotmaster1_.ltcid as ltcid4_34_1_, lotmaster1_.ltdtin as ltdtin5_34_1_, lotmaster1_.lttmin as lttmin6_34_1_, lotmaster1_.ltuid as ltuid7_34_1_, lotmaster1_.ltdtlu as ltdtlu8_34_1_, lotmaster1_.lttmlu as lttmlu9_34_1_, lotmaster1_.ltuidm as ltuidm10_34_1_, lotmaster1_.ltbodt as ltbodt11_34_1_, lotmaster1_.ltbbdt as ltbbdt12_34_1_, lotmaster1_.ltcldt as ltcldt13_34_1_, lotmaster1_.ltexpdt as ltexpdt14_34_1_, lotmaster1_.ltldsc as ltldsc15_34_1_, lotmaster1_.ltledt as ltledt16_34_1_, lotmaster1_.ltlsc as ltlsc17_34_1_, lotmaster1_.ltmlot1 as ltmlot18_34_1_, lotmaster1_.ltmlot2 as ltmlot19_34_1_, lotmaster1_.ltmlot3 as ltmlot20_34_1_, lotmaster1_.ltohdt as ltohdt21_34_1_, lotmaster1_.ltsern as ltsern22_34_1_ from transaction_serialnumbers serialnumb0_ inner join t4108 lotmaster1_ on serialnumb0_.buid=lotmaster1_.ltbuid and serialnumb0_.inum=lotmaster1_.ltinum and serialnumb0_.snlot=lotmaster1_.ltsnlot where serialnumb0_.coid=? and serialnumb0_.docno=? and serialnumb0_.docty=? and serialnumb0_.docsq=?
Hibernate: select purchasede0_.odcoid as odcoid1_40_0_, purchasede0_.oddocono as oddocono2_40_0_, purchasede0_.oddocosq as oddocosq3_40_0_, purchasede0_.oddocoty as oddocoty4_40_0_, purchasede0_.odcid as odcid5_40_0_, purchasede0_.oddtin as oddtin6_40_0_, purchasede0_.odtmin as odtmin7_40_0_, purchasede0_.oduid as oduid8_40_0_, purchasede0_.oddtlu as oddtlu9_40_0_, purchasede0_.odtmlu as odtmlu10_40_0_, purchasede0_.oduidm as oduidm11_40_0_, purchasede0_.odacid as odacid12_40_0_, purchasede0_.odaprcd as odaprcd13_40_0_, purchasede0_.odcrcb as odcrcb14_40_0_, purchasede0_.oditc02 as oditc15_40_0_, purchasede0_.odbuid as odbuid16_40_0_, purchasede0_.odqtycl as odqtycl17_40_0_, purchasede0_.oditc01 as oditc18_40_0_, purchasede0_.odcldt as odcldt19_40_0_, purchasede0_.odcsid as odcsid20_40_0_, purchasede0_.oddccd as oddccd21_40_0_, purchasede0_.oddcrt as oddcrt22_40_0_, purchasede0_.odexcrt as odexcrt23_40_0_, purchasede0_.odexcost as odexcos24_40_0_, purchasede0_.odqtyx as odqtyx25_40_0_, purchasede0_.oducfx as oducfx26_40_0_, purchasede0_.oduncostx as oduncos27_40_0_, purchasede0_.oduomx as oduomx28_40_0_, purchasede0_.odfec as odfec29_40_0_, purchasede0_.odfta as odfta30_40_0_, purchasede0_.odftb as odftb31_40_0_, purchasede0_.odfuc as odfuc32_40_0_, purchasede0_.odglcls as odglcls33_40_0_, purchasede0_.odgldt as odgldt34_40_0_, purchasede0_.odir02 as odir35_40_0_, purchasede0_.odir01 as odir36_40_0_, purchasede0_.odir03 as odir37_40_0_, purchasede0_.odinum as odinum38_40_0_, purchasede0_.oddesb1 as oddesb39_40_0_, purchasede0_.oditc05 as oditc40_40_0_, purchasede0_.odlst as odlst41_40_0_, purchasede0_.odlnty as odlnty42_40_0_, purchasede0_.odlocid as odlocid43_40_0_, purchasede0_.odnst as odnst44_40_0_, purchasede0_.odobid as odobid45_40_0_, purchasede0_.odqtyop as odqtyop46_40_0_, purchasede0_.odordt as odordt47_40_0_, purchasede0_.odqtyor as odqtyor48_40_0_, purchasede0_.odott as odott49_40_0_, purchasede0_.odordocdt as odordoc50_40_0_, purchasede0_.odordocno as odordoc51_40_0_, purchasede0_.odordocsq as odordoc52_40_0_, purchasede0_.odordocty as odordoc53_40_0_, purchasede0_.odptc as odptc54_40_0_, purchasede0_.odpqor as odpqor55_40_0_, purchasede0_.oduom1 as oduom56_40_0_, purchasede0_.odpjid as odpjid57_40_0_, purchasede0_.odpddt as odpddt58_40_0_, purchasede0_.odpo03 as odpo59_40_0_, purchasede0_.odpo01 as odpo60_40_0_, purchasede0_.odpo02 as odpo61_40_0_, purchasede0_.odqty as odqty62_40_0_, purchasede0_.odrcdt as odrcdt63_40_0_, purchasede0_.odqtyrc as odqtyrc64_40_0_, purchasede0_.odstid as odstid65_40_0_, purchasede0_.odvr04 as odvr66_40_0_, purchasede0_.odvr01 as odvr67_40_0_, purchasede0_.odvr03 as odvr68_40_0_, purchasede0_.odvr05 as odvr69_40_0_, purchasede0_.odvr02 as odvr70_40_0_, purchasede0_.odrldocno as odrldoc71_40_0_, purchasede0_.odrldocsq as odrldoc72_40_0_, purchasede0_.odrldocty as odrldoc73_40_0_, purchasede0_.odrqdt as odrqdt74_40_0_, purchasede0_.odqtyrn as odqtyrn75_40_0_, purchasede0_.odsqor as odsqor76_40_0_, purchasede0_.oduom2 as oduom77_40_0_, purchasede0_.odsnlot as odsnlot78_40_0_, purchasede0_.odtaxal as odtaxal79_40_0_, purchasede0_.odtaxam as odtaxam80_40_0_, purchasede0_.odtaxab as odtaxab81_40_0_, purchasede0_.odtaxcd as odtaxcd82_40_0_, purchasede0_.odtaxrt as odtaxrt83_40_0_, purchasede0_.odcrct as odcrct84_40_0_, purchasede0_.oditc03 as oditc85_40_0_, purchasede0_.oducf as oducf86_40_0_, purchasede0_.oduncost as oduncos87_40_0_, purchasede0_.odudc as odudc88_40_0_, purchasede0_.odudf as odudf89_40_0_, purchasede0_.oduom as oduom90_40_0_, purchasede0_.odvnid as odvnid91_40_0_, purchaseor1_.ohcoid as ohcoid1_39_1_, purchaseor1_.ohdocono as ohdocono2_39_1_, purchaseor1_.ohdocoty as ohdocoty3_39_1_, purchaseor1_.ohcid as ohcid4_39_1_, purchaseor1_.ohdtin as ohdtin5_39_1_, purchaseor1_.ohtmin as ohtmin6_39_1_, purchaseor1_.ohuid as ohuid7_39_1_, purchaseor1_.ohdtlu as ohdtlu8_39_1_, purchaseor1_.ohtmlu as ohtmlu9_39_1_, purchaseor1_.ohuidm as ohuidm10_39_1_, purchaseor1_.ohaprcd as ohaprcd11_39_1_, purchaseor1_.ohcrcb as ohcrcb12_39_1_, purchaseor1_.ohbuid as ohbuid13_39_1_, purchaseor1_.ohcldt as ohcldt14_39_1_, purchaseor1_.ohcot as ohcot15_39_1_, purchaseor1_.ohcsid as ohcsid16_39_1_, purchaseor1_.ohdesb1 as ohdesb17_39_1_, purchaseor1_.ohdccd as ohdccd18_39_1_, purchaseor1_.ohdcrt as ohdcrt19_39_1_, purchaseor1_.ohexcrt as ohexcrt20_39_1_, purchaseor1_.ohgldt as ohgldt21_39_1_, purchaseor1_.ohidd as ohidd22_39_1_, purchaseor1_.ohidn as ohidn23_39_1_, purchaseor1_.ohlst as ohlst24_39_1_, purchaseor1_.ohnst as ohnst25_39_1_, purchaseor1_.ohobid as ohobid26_39_1_, purchaseor1_.ohordt as ohordt27_39_1_, purchaseor1_.ohptc as ohptc28_39_1_, purchaseor1_.ohpoa as ohpoa29_39_1_, purchaseor1_.ohpod as ohpod30_39_1_, purchaseor1_.ohpjid as ohpjid31_39_1_, purchaseor1_.ohpddt as ohpddt32_39_1_, purchaseor1_.ohrcdt as ohrcdt33_39_1_, purchaseor1_.ohstid as ohstid34_39_1_, purchaseor1_.ohrqdt as ohrqdt35_39_1_, purchaseor1_.ohtaxal as ohtaxal36_39_1_, purchaseor1_.ohtaxcd as ohtaxcd37_39_1_, purchaseor1_.ohtaxrt as ohtaxrt38_39_1_, purchaseor1_.ohcrct as ohcrct39_39_1_, purchaseor1_.ohdesc1 as ohdesc40_39_1_, purchaseor1_.ohdesc2 as ohdesc41_39_1_, purchaseor1_.ohvhrn as ohvhrn42_39_1_, purchaseor1_.ohvhty as ohvhty43_39_1_, purchaseor1_.ohvnid as ohvnid44_39_1_ from t4311 purchasede0_ inner join t4301 purchaseor1_ on purchasede0_.odcoid=purchaseor1_.ohcoid and purchasede0_.oddocono=purchaseor1_.ohdocono and purchasede0_.oddocoty=purchaseor1_.ohdocoty where purchasede0_.odcoid=? and purchasede0_.oddocono=? and purchasede0_.oddocosq=? and purchasede0_.oddocoty=?
Hibernate: select serialnumb0_.coid as coid1_43_0_, serialnumb0_.docno as docno2_43_0_, serialnumb0_.docty as docty3_43_0_, serialnumb0_.docsq as docsq4_43_0_, serialnumb0_.buid as buid5_43_0_, serialnumb0_.inum as inum6_43_0_, serialnumb0_.snlot as snlot7_43_0_, lotmaster1_.ltbuid as ltbuid1_34_1_, lotmaster1_.ltinum as ltinum2_34_1_, lotmaster1_.ltsnlot as ltsnlot3_34_1_, lotmaster1_.ltcid as ltcid4_34_1_, lotmaster1_.ltdtin as ltdtin5_34_1_, lotmaster1_.lttmin as lttmin6_34_1_, lotmaster1_.ltuid as ltuid7_34_1_, lotmaster1_.ltdtlu as ltdtlu8_34_1_, lotmaster1_.lttmlu as lttmlu9_34_1_, lotmaster1_.ltuidm as ltuidm10_34_1_, lotmaster1_.ltbodt as ltbodt11_34_1_, lotmaster1_.ltbbdt as ltbbdt12_34_1_, lotmaster1_.ltcldt as ltcldt13_34_1_, lotmaster1_.ltexpdt as ltexpdt14_34_1_, lotmaster1_.ltldsc as ltldsc15_34_1_, lotmaster1_.ltledt as ltledt16_34_1_, lotmaster1_.ltlsc as ltlsc17_34_1_, lotmaster1_.ltmlot1 as ltmlot18_34_1_, lotmaster1_.ltmlot2 as ltmlot19_34_1_, lotmaster1_.ltmlot3 as ltmlot20_34_1_, lotmaster1_.ltohdt as ltohdt21_34_1_, lotmaster1_.ltsern as ltsern22_34_1_ from transaction_serialnumbers serialnumb0_ inner join t4108 lotmaster1_ on serialnumb0_.buid=lotmaster1_.ltbuid and serialnumb0_.inum=lotmaster1_.ltinum and serialnumb0_.snlot=lotmaster1_.ltsnlot where serialnumb0_.coid=? and serialnumb0_.docno=? and serialnumb0_.docty=? and serialnumb0_.docsq=?
Hibernate: select serialnumb0_.coid as coid1_43_0_, serialnumb0_.docno as docno2_43_0_, serialnumb0_.docty as docty3_43_0_, serialnumb0_.docsq as docsq4_43_0_, serialnumb0_.buid as buid5_43_0_, serialnumb0_.inum as inum6_43_0_, serialnumb0_.snlot as snlot7_43_0_, lotmaster1_.ltbuid as ltbuid1_34_1_, lotmaster1_.ltinum as ltinum2_34_1_, lotmaster1_.ltsnlot as ltsnlot3_34_1_, lotmaster1_.ltcid as ltcid4_34_1_, lotmaster1_.ltdtin as ltdtin5_34_1_, lotmaster1_.lttmin as lttmin6_34_1_, lotmaster1_.ltuid as ltuid7_34_1_, lotmaster1_.ltdtlu as ltdtlu8_34_1_, lotmaster1_.lttmlu as lttmlu9_34_1_, lotmaster1_.ltuidm as ltuidm10_34_1_, lotmaster1_.ltbodt as ltbodt11_34_1_, lotmaster1_.ltbbdt as ltbbdt12_34_1_, lotmaster1_.ltcldt as ltcldt13_34_1_, lotmaster1_.ltexpdt as ltexpdt14_34_1_, lotmaster1_.ltldsc as ltldsc15_34_1_, lotmaster1_.ltledt as ltledt16_34_1_, lotmaster1_.ltlsc as ltlsc17_34_1_, lotmaster1_.ltmlot1 as ltmlot18_34_1_, lotmaster1_.ltmlot2 as ltmlot19_34_1_, lotmaster1_.ltmlot3 as ltmlot20_34_1_, lotmaster1_.ltohdt as ltohdt21_34_1_, lotmaster1_.ltsern as ltsern22_34_1_ from transaction_serialnumbers serialnumb0_ inner join t4108 lotmaster1_ on serialnumb0_.buid=lotmaster1_.ltbuid and serialnumb0_.inum=lotmaster1_.ltinum and serialnumb0_.snlot=lotmaster1_.ltsnlot where serialnumb0_.coid=? and serialnumb0_.docno=? and serialnumb0_.docty=? and serialnumb0_.docsq=?
Hibernate: select purchasede0_.odcoid as odcoid1_40_0_, purchasede0_.oddocono as oddocono2_40_0_, purchasede0_.oddocosq as oddocosq3_40_0_, purchasede0_.oddocoty as oddocoty4_40_0_, purchasede0_.odcid as odcid5_40_0_, purchasede0_.oddtin as oddtin6_40_0_, purchasede0_.odtmin as odtmin7_40_0_, purchasede0_.oduid as oduid8_40_0_, purchasede0_.oddtlu as oddtlu9_40_0_, purchasede0_.odtmlu as odtmlu10_40_0_, purchasede0_.oduidm as oduidm11_40_0_, purchasede0_.odacid as odacid12_40_0_, purchasede0_.odaprcd as odaprcd13_40_0_, purchasede0_.odcrcb as odcrcb14_40_0_, purchasede0_.oditc02 as oditc15_40_0_, purchasede0_.odbuid as odbuid16_40_0_, purchasede0_.odqtycl as odqtycl17_40_0_, purchasede0_.oditc01 as oditc18_40_0_, purchasede0_.odcldt as odcldt19_40_0_, purchasede0_.odcsid as odcsid20_40_0_, purchasede0_.oddccd as oddccd21_40_0_, purchasede0_.oddcrt as oddcrt22_40_0_, purchasede0_.odexcrt as odexcrt23_40_0_, purchasede0_.odexcost as odexcos24_40_0_, purchasede0_.odqtyx as odqtyx25_40_0_, purchasede0_.oducfx as oducfx26_40_0_, purchasede0_.oduncostx as oduncos27_40_0_, purchasede0_.oduomx as oduomx28_40_0_, purchasede0_.odfec as odfec29_40_0_, purchasede0_.odfta as odfta30_40_0_, purchasede0_.odftb as odftb31_40_0_, purchasede0_.odfuc as odfuc32_40_0_, purchasede0_.odglcls as odglcls33_40_0_, purchasede0_.odgldt as odgldt34_40_0_, purchasede0_.odir02 as odir35_40_0_, purchasede0_.odir01 as odir36_40_0_, purchasede0_.odir03 as odir37_40_0_, purchasede0_.odinum as odinum38_40_0_, purchasede0_.oddesb1 as oddesb39_40_0_, purchasede0_.oditc05 as oditc40_40_0_, purchasede0_.odlst as odlst41_40_0_, purchasede0_.odlnty as odlnty42_40_0_, purchasede0_.odlocid as odlocid43_40_0_, purchasede0_.odnst as odnst44_40_0_, purchasede0_.odobid as odobid45_40_0_, purchasede0_.odqtyop as odqtyop46_40_0_, purchasede0_.odordt as odordt47_40_0_, purchasede0_.odqtyor as odqtyor48_40_0_, purchasede0_.odott as odott49_40_0_, purchasede0_.odordocdt as odordoc50_40_0_, purchasede0_.odordocno as odordoc51_40_0_, purchasede0_.odordocsq as odordoc52_40_0_, purchasede0_.odordocty as odordoc53_40_0_, purchasede0_.odptc as odptc54_40_0_, purchasede0_.odpqor as odpqor55_40_0_, purchasede0_.oduom1 as oduom56_40_0_, purchasede0_.odpjid as odpjid57_40_0_, purchasede0_.odpddt as odpddt58_40_0_, purchasede0_.odpo03 as odpo59_40_0_, purchasede0_.odpo01 as odpo60_40_0_, purchasede0_.odpo02 as odpo61_40_0_, purchasede0_.odqty as odqty62_40_0_, purchasede0_.odrcdt as odrcdt63_40_0_, purchasede0_.odqtyrc as odqtyrc64_40_0_, purchasede0_.odstid as odstid65_40_0_, purchasede0_.odvr04 as odvr66_40_0_, purchasede0_.odvr01 as odvr67_40_0_, purchasede0_.odvr03 as odvr68_40_0_, purchasede0_.odvr05 as odvr69_40_0_, purchasede0_.odvr02 as odvr70_40_0_, purchasede0_.odrldocno as odrldoc71_40_0_, purchasede0_.odrldocsq as odrldoc72_40_0_, purchasede0_.odrldocty as odrldoc73_40_0_, purchasede0_.odrqdt as odrqdt74_40_0_, purchasede0_.odqtyrn as odqtyrn75_40_0_, purchasede0_.odsqor as odsqor76_40_0_, purchasede0_.oduom2 as oduom77_40_0_, purchasede0_.odsnlot as odsnlot78_40_0_, purchasede0_.odtaxal as odtaxal79_40_0_, purchasede0_.odtaxam as odtaxam80_40_0_, purchasede0_.odtaxab as odtaxab81_40_0_, purchasede0_.odtaxcd as odtaxcd82_40_0_, purchasede0_.odtaxrt as odtaxrt83_40_0_, purchasede0_.odcrct as odcrct84_40_0_, purchasede0_.oditc03 as oditc85_40_0_, purchasede0_.oducf as oducf86_40_0_, purchasede0_.oduncost as oduncos87_40_0_, purchasede0_.odudc as odudc88_40_0_, purchasede0_.odudf as odudf89_40_0_, purchasede0_.oduom as oduom90_40_0_, purchasede0_.odvnid as odvnid91_40_0_, purchaseor1_.ohcoid as ohcoid1_39_1_, purchaseor1_.ohdocono as ohdocono2_39_1_, purchaseor1_.ohdocoty as ohdocoty3_39_1_, purchaseor1_.ohcid as ohcid4_39_1_, purchaseor1_.ohdtin as ohdtin5_39_1_, purchaseor1_.ohtmin as ohtmin6_39_1_, purchaseor1_.ohuid as ohuid7_39_1_, purchaseor1_.ohdtlu as ohdtlu8_39_1_, purchaseor1_.ohtmlu as ohtmlu9_39_1_, purchaseor1_.ohuidm as ohuidm10_39_1_, purchaseor1_.ohaprcd as ohaprcd11_39_1_, purchaseor1_.ohcrcb as ohcrcb12_39_1_, purchaseor1_.ohbuid as ohbuid13_39_1_, purchaseor1_.ohcldt as ohcldt14_39_1_, purchaseor1_.ohcot as ohcot15_39_1_, purchaseor1_.ohcsid as ohcsid16_39_1_, purchaseor1_.ohdesb1 as ohdesb17_39_1_, purchaseor1_.ohdccd as ohdccd18_39_1_, purchaseor1_.ohdcrt as ohdcrt19_39_1_, purchaseor1_.ohexcrt as ohexcrt20_39_1_, purchaseor1_.ohgldt as ohgldt21_39_1_, purchaseor1_.ohidd as ohidd22_39_1_, purchaseor1_.ohidn as ohidn23_39_1_, purchaseor1_.ohlst as ohlst24_39_1_, purchaseor1_.ohnst as ohnst25_39_1_, purchaseor1_.ohobid as ohobid26_39_1_, purchaseor1_.ohordt as ohordt27_39_1_, purchaseor1_.ohptc as ohptc28_39_1_, purchaseor1_.ohpoa as ohpoa29_39_1_, purchaseor1_.ohpod as ohpod30_39_1_, purchaseor1_.ohpjid as ohpjid31_39_1_, purchaseor1_.ohpddt as ohpddt32_39_1_, purchaseor1_.ohrcdt as ohrcdt33_39_1_, purchaseor1_.ohstid as ohstid34_39_1_, purchaseor1_.ohrqdt as ohrqdt35_39_1_, purchaseor1_.ohtaxal as ohtaxal36_39_1_, purchaseor1_.ohtaxcd as ohtaxcd37_39_1_, purchaseor1_.ohtaxrt as ohtaxrt38_39_1_, purchaseor1_.ohcrct as ohcrct39_39_1_, purchaseor1_.ohdesc1 as ohdesc40_39_1_, purchaseor1_.ohdesc2 as ohdesc41_39_1_, purchaseor1_.ohvhrn as ohvhrn42_39_1_, purchaseor1_.ohvhty as ohvhty43_39_1_, purchaseor1_.ohvnid as ohvnid44_39_1_ from t4311 purchasede0_ inner join t4301 purchaseor1_ on purchasede0_.odcoid=purchaseor1_.ohcoid and purchasede0_.oddocono=purchaseor1_.ohdocono and purchasede0_.oddocoty=purchaseor1_.ohdocoty where purchasede0_.odcoid=? and purchasede0_.oddocono=? and purchasede0_.oddocosq=? and purchasede0_.oddocoty=?
Hibernate: select serialnumb0_.coid as coid1_43_0_, serialnumb0_.docno as docno2_43_0_, serialnumb0_.docty as docty3_43_0_, serialnumb0_.docsq as docsq4_43_0_, serialnumb0_.buid as buid5_43_0_, serialnumb0_.inum as inum6_43_0_, serialnumb0_.snlot as snlot7_43_0_, lotmaster1_.ltbuid as ltbuid1_34_1_, lotmaster1_.ltinum as ltinum2_34_1_, lotmaster1_.ltsnlot as ltsnlot3_34_1_, lotmaster1_.ltcid as ltcid4_34_1_, lotmaster1_.ltdtin as ltdtin5_34_1_, lotmaster1_.lttmin as lttmin6_34_1_, lotmaster1_.ltuid as ltuid7_34_1_, lotmaster1_.ltdtlu as ltdtlu8_34_1_, lotmaster1_.lttmlu as lttmlu9_34_1_, lotmaster1_.ltuidm as ltuidm10_34_1_, lotmaster1_.ltbodt as ltbodt11_34_1_, lotmaster1_.ltbbdt as ltbbdt12_34_1_, lotmaster1_.ltcldt as ltcldt13_34_1_, lotmaster1_.ltexpdt as ltexpdt14_34_1_, lotmaster1_.ltldsc as ltldsc15_34_1_, lotmaster1_.ltledt as ltledt16_34_1_, lotmaster1_.ltlsc as ltlsc17_34_1_, lotmaster1_.ltmlot1 as ltmlot18_34_1_, lotmaster1_.ltmlot2 as ltmlot19_34_1_, lotmaster1_.ltmlot3 as ltmlot20_34_1_, lotmaster1_.ltohdt as ltohdt21_34_1_, lotmaster1_.ltsern as ltsern22_34_1_ from transaction_serialnumbers serialnumb0_ inner join t4108 lotmaster1_ on serialnumb0_.buid=lotmaster1_.ltbuid and serialnumb0_.inum=lotmaster1_.ltinum and serialnumb0_.snlot=lotmaster1_.ltsnlot where serialnumb0_.coid=? and serialnumb0_.docno=? and serialnumb0_.docty=? and serialnumb0_.docsq=?
Hibernate: select serialnumb0_.coid as coid1_43_0_, serialnumb0_.docno as docno2_43_0_, serialnumb0_.docty as docty3_43_0_, serialnumb0_.docsq as docsq4_43_0_, serialnumb0_.buid as buid5_43_0_, serialnumb0_.inum as inum6_43_0_, serialnumb0_.snlot as snlot7_43_0_, lotmaster1_.ltbuid as ltbuid1_34_1_, lotmaster1_.ltinum as ltinum2_34_1_, lotmaster1_.ltsnlot as ltsnlot3_34_1_, lotmaster1_.ltcid as ltcid4_34_1_, lotmaster1_.ltdtin as ltdtin5_34_1_, lotmaster1_.lttmin as lttmin6_34_1_, lotmaster1_.ltuid as ltuid7_34_1_, lotmaster1_.ltdtlu as ltdtlu8_34_1_, lotmaster1_.lttmlu as lttmlu9_34_1_, lotmaster1_.ltuidm as ltuidm10_34_1_, lotmaster1_.ltbodt as ltbodt11_34_1_, lotmaster1_.ltbbdt as ltbbdt12_34_1_, lotmaster1_.ltcldt as ltcldt13_34_1_, lotmaster1_.ltexpdt as ltexpdt14_34_1_, lotmaster1_.ltldsc as ltldsc15_34_1_, lotmaster1_.ltledt as ltledt16_34_1_, lotmaster1_.ltlsc as ltlsc17_34_1_, lotmaster1_.ltmlot1 as ltmlot18_34_1_, lotmaster1_.ltmlot2 as ltmlot19_34_1_, lotmaster1_.ltmlot3 as ltmlot20_34_1_, lotmaster1_.ltohdt as ltohdt21_34_1_, lotmaster1_.ltsern as ltsern22_34_1_ from transaction_serialnumbers serialnumb0_ inner join t4108 lotmaster1_ on serialnumb0_.buid=lotmaster1_.ltbuid and serialnumb0_.inum=lotmaster1_.ltinum and serialnumb0_.snlot=lotmaster1_.ltsnlot where serialnumb0_.coid=? and serialnumb0_.docno=? and serialnumb0_.docty=? and serialnumb0_.docsq=?
Hibernate: select purchasede0_.odcoid as odcoid1_40_0_, purchasede0_.oddocono as oddocono2_40_0_, purchasede0_.oddocosq as oddocosq3_40_0_, purchasede0_.oddocoty as oddocoty4_40_0_, purchasede0_.odcid as odcid5_40_0_, purchasede0_.oddtin as oddtin6_40_0_, purchasede0_.odtmin as odtmin7_40_0_, purchasede0_.oduid as oduid8_40_0_, purchasede0_.oddtlu as oddtlu9_40_0_, purchasede0_.odtmlu as odtmlu10_40_0_, purchasede0_.oduidm as oduidm11_40_0_, purchasede0_.odacid as odacid12_40_0_, purchasede0_.odaprcd as odaprcd13_40_0_, purchasede0_.odcrcb as odcrcb14_40_0_, purchasede0_.oditc02 as oditc15_40_0_, purchasede0_.odbuid as odbuid16_40_0_, purchasede0_.odqtycl as odqtycl17_40_0_, purchasede0_.oditc01 as oditc18_40_0_, purchasede0_.odcldt as odcldt19_40_0_, purchasede0_.odcsid as odcsid20_40_0_, purchasede0_.oddccd as oddccd21_40_0_, purchasede0_.oddcrt as oddcrt22_40_0_, purchasede0_.odexcrt as odexcrt23_40_0_, purchasede0_.odexcost as odexcos24_40_0_, purchasede0_.odqtyx as odqtyx25_40_0_, purchasede0_.oducfx as oducfx26_40_0_, purchasede0_.oduncostx as oduncos27_40_0_, purchasede0_.oduomx as oduomx28_40_0_, purchasede0_.odfec as odfec29_40_0_, purchasede0_.odfta as odfta30_40_0_, purchasede0_.odftb as odftb31_40_0_, purchasede0_.odfuc as odfuc32_40_0_, purchasede0_.odglcls as odglcls33_40_0_, purchasede0_.odgldt as odgldt34_40_0_, purchasede0_.odir02 as odir35_40_0_, purchasede0_.odir01 as odir36_40_0_, purchasede0_.odir03 as odir37_40_0_, purchasede0_.odinum as odinum38_40_0_, purchasede0_.oddesb1 as oddesb39_40_0_, purchasede0_.oditc05 as oditc40_40_0_, purchasede0_.odlst as odlst41_40_0_, purchasede0_.odlnty as odlnty42_40_0_, purchasede0_.odlocid as odlocid43_40_0_, purchasede0_.odnst as odnst44_40_0_, purchasede0_.odobid as odobid45_40_0_, purchasede0_.odqtyop as odqtyop46_40_0_, purchasede0_.odordt as odordt47_40_0_, purchasede0_.odqtyor as odqtyor48_40_0_, purchasede0_.odott as odott49_40_0_, purchasede0_.odordocdt as odordoc50_40_0_, purchasede0_.odordocno as odordoc51_40_0_, purchasede0_.odordocsq as odordoc52_40_0_, purchasede0_.odordocty as odordoc53_40_0_, purchasede0_.odptc as odptc54_40_0_, purchasede0_.odpqor as odpqor55_40_0_, purchasede0_.oduom1 as oduom56_40_0_, purchasede0_.odpjid as odpjid57_40_0_, purchasede0_.odpddt as odpddt58_40_0_, purchasede0_.odpo03 as odpo59_40_0_, purchasede0_.odpo01 as odpo60_40_0_, purchasede0_.odpo02 as odpo61_40_0_, purchasede0_.odqty as odqty62_40_0_, purchasede0_.odrcdt as odrcdt63_40_0_, purchasede0_.odqtyrc as odqtyrc64_40_0_, purchasede0_.odstid as odstid65_40_0_, purchasede0_.odvr04 as odvr66_40_0_, purchasede0_.odvr01 as odvr67_40_0_, purchasede0_.odvr03 as odvr68_40_0_, purchasede0_.odvr05 as odvr69_40_0_, purchasede0_.odvr02 as odvr70_40_0_, purchasede0_.odrldocno as odrldoc71_40_0_, purchasede0_.odrldocsq as odrldoc72_40_0_, purchasede0_.odrldocty as odrldoc73_40_0_, purchasede0_.odrqdt as odrqdt74_40_0_, purchasede0_.odqtyrn as odqtyrn75_40_0_, purchasede0_.odsqor as odsqor76_40_0_, purchasede0_.oduom2 as oduom77_40_0_, purchasede0_.odsnlot as odsnlot78_40_0_, purchasede0_.odtaxal as odtaxal79_40_0_, purchasede0_.odtaxam as odtaxam80_40_0_, purchasede0_.odtaxab as odtaxab81_40_0_, purchasede0_.odtaxcd as odtaxcd82_40_0_, purchasede0_.odtaxrt as odtaxrt83_40_0_, purchasede0_.odcrct as odcrct84_40_0_, purchasede0_.oditc03 as oditc85_40_0_, purchasede0_.oducf as oducf86_40_0_, purchasede0_.oduncost as oduncos87_40_0_, purchasede0_.odudc as odudc88_40_0_, purchasede0_.odudf as odudf89_40_0_, purchasede0_.oduom as oduom90_40_0_, purchasede0_.odvnid as odvnid91_40_0_, purchaseor1_.ohcoid as ohcoid1_39_1_, purchaseor1_.ohdocono as ohdocono2_39_1_, purchaseor1_.ohdocoty as ohdocoty3_39_1_, purchaseor1_.ohcid as ohcid4_39_1_, purchaseor1_.ohdtin as ohdtin5_39_1_, purchaseor1_.ohtmin as ohtmin6_39_1_, purchaseor1_.ohuid as ohuid7_39_1_, purchaseor1_.ohdtlu as ohdtlu8_39_1_, purchaseor1_.ohtmlu as ohtmlu9_39_1_, purchaseor1_.ohuidm as ohuidm10_39_1_, purchaseor1_.ohaprcd as ohaprcd11_39_1_, purchaseor1_.ohcrcb as ohcrcb12_39_1_, purchaseor1_.ohbuid as ohbuid13_39_1_, purchaseor1_.ohcldt as ohcldt14_39_1_, purchaseor1_.ohcot as ohcot15_39_1_, purchaseor1_.ohcsid as ohcsid16_39_1_, purchaseor1_.ohdesb1 as ohdesb17_39_1_, purchaseor1_.ohdccd as ohdccd18_39_1_, purchaseor1_.ohdcrt as ohdcrt19_39_1_, purchaseor1_.ohexcrt as ohexcrt20_39_1_, purchaseor1_.ohgldt as ohgldt21_39_1_, purchaseor1_.ohidd as ohidd22_39_1_, purchaseor1_.ohidn as ohidn23_39_1_, purchaseor1_.ohlst as ohlst24_39_1_, purchaseor1_.ohnst as ohnst25_39_1_, purchaseor1_.ohobid as ohobid26_39_1_, purchaseor1_.ohordt as ohordt27_39_1_, purchaseor1_.ohptc as ohptc28_39_1_, purchaseor1_.ohpoa as ohpoa29_39_1_, purchaseor1_.ohpod as ohpod30_39_1_, purchaseor1_.ohpjid as ohpjid31_39_1_, purchaseor1_.ohpddt as ohpddt32_39_1_, purchaseor1_.ohrcdt as ohrcdt33_39_1_, purchaseor1_.ohstid as ohstid34_39_1_, purchaseor1_.ohrqdt as ohrqdt35_39_1_, purchaseor1_.ohtaxal as ohtaxal36_39_1_, purchaseor1_.ohtaxcd as ohtaxcd37_39_1_, purchaseor1_.ohtaxrt as ohtaxrt38_39_1_, purchaseor1_.ohcrct as ohcrct39_39_1_, purchaseor1_.ohdesc1 as ohdesc40_39_1_, purchaseor1_.ohdesc2 as ohdesc41_39_1_, purchaseor1_.ohvhrn as ohvhrn42_39_1_, purchaseor1_.ohvhty as ohvhty43_39_1_, purchaseor1_.ohvnid as ohvnid44_39_1_ from t4311 purchasede0_ inner join t4301 purchaseor1_ on purchasede0_.odcoid=purchaseor1_.ohcoid and purchasede0_.oddocono=purchaseor1_.ohdocono and purchasede0_.oddocoty=purchaseor1_.ohdocoty where purchasede0_.odcoid=? and purchasede0_.oddocono=? and purchasede0_.oddocosq=? and purchasede0_.oddocoty=?
Hibernate: select serialnumb0_.coid as coid1_43_0_, serialnumb0_.docno as docno2_43_0_, serialnumb0_.docty as docty3_43_0_, serialnumb0_.docsq as docsq4_43_0_, serialnumb0_.buid as buid5_43_0_, serialnumb0_.inum as inum6_43_0_, serialnumb0_.snlot as snlot7_43_0_, lotmaster1_.ltbuid as ltbuid1_34_1_, lotmaster1_.ltinum as ltinum2_34_1_, lotmaster1_.ltsnlot as ltsnlot3_34_1_, lotmaster1_.ltcid as ltcid4_34_1_, lotmaster1_.ltdtin as ltdtin5_34_1_, lotmaster1_.lttmin as lttmin6_34_1_, lotmaster1_.ltuid as ltuid7_34_1_, lotmaster1_.ltdtlu as ltdtlu8_34_1_, lotmaster1_.lttmlu as lttmlu9_34_1_, lotmaster1_.ltuidm as ltuidm10_34_1_, lotmaster1_.ltbodt as ltbodt11_34_1_, lotmaster1_.ltbbdt as ltbbdt12_34_1_, lotmaster1_.ltcldt as ltcldt13_34_1_, lotmaster1_.ltexpdt as ltexpdt14_34_1_, lotmaster1_.ltldsc as ltldsc15_34_1_, lotmaster1_.ltledt as ltledt16_34_1_, lotmaster1_.ltlsc as ltlsc17_34_1_, lotmaster1_.ltmlot1 as ltmlot18_34_1_, lotmaster1_.ltmlot2 as ltmlot19_34_1_, lotmaster1_.ltmlot3 as ltmlot20_34_1_, lotmaster1_.ltohdt as ltohdt21_34_1_, lotmaster1_.ltsern as ltsern22_34_1_ from transaction_serialnumbers serialnumb0_ inner join t4108 lotmaster1_ on serialnumb0_.buid=lotmaster1_.ltbuid and serialnumb0_.inum=lotmaster1_.ltinum and serialnumb0_.snlot=lotmaster1_.ltsnlot where serialnumb0_.coid=? and serialnumb0_.docno=? and serialnumb0_.docty=? and serialnumb0_.docsq=?
Hibernate: select serialnumb0_.coid as coid1_43_0_, serialnumb0_.docno as docno2_43_0_, serialnumb0_.docty as docty3_43_0_, serialnumb0_.docsq as docsq4_43_0_, serialnumb0_.buid as buid5_43_0_, serialnumb0_.inum as inum6_43_0_, serialnumb0_.snlot as snlot7_43_0_, lotmaster1_.ltbuid as ltbuid1_34_1_, lotmaster1_.ltinum as ltinum2_34_1_, lotmaster1_.ltsnlot as ltsnlot3_34_1_, lotmaster1_.ltcid as ltcid4_34_1_, lotmaster1_.ltdtin as ltdtin5_34_1_, lotmaster1_.lttmin as lttmin6_34_1_, lotmaster1_.ltuid as ltuid7_34_1_, lotmaster1_.ltdtlu as ltdtlu8_34_1_, lotmaster1_.lttmlu as lttmlu9_34_1_, lotmaster1_.ltuidm as ltuidm10_34_1_, lotmaster1_.ltbodt as ltbodt11_34_1_, lotmaster1_.ltbbdt as ltbbdt12_34_1_, lotmaster1_.ltcldt as ltcldt13_34_1_, lotmaster1_.ltexpdt as ltexpdt14_34_1_, lotmaster1_.ltldsc as ltldsc15_34_1_, lotmaster1_.ltledt as ltledt16_34_1_, lotmaster1_.ltlsc as ltlsc17_34_1_, lotmaster1_.ltmlot1 as ltmlot18_34_1_, lotmaster1_.ltmlot2 as ltmlot19_34_1_, lotmaster1_.ltmlot3 as ltmlot20_34_1_, lotmaster1_.ltohdt as ltohdt21_34_1_, lotmaster1_.ltsern as ltsern22_34_1_ from transaction_serialnumbers serialnumb0_ inner join t4108 lotmaster1_ on serialnumb0_.buid=lotmaster1_.ltbuid and serialnumb0_.inum=lotmaster1_.ltinum and serialnumb0_.snlot=lotmaster1_.ltsnlot where serialnumb0_.coid=? and serialnumb0_.docno=? and serialnumb0_.docty=? and serialnumb0_.docsq=?
Hibernate: select purchasede0_.odcoid as odcoid1_40_0_, purchasede0_.oddocono as oddocono2_40_0_, purchasede0_.oddocosq as oddocosq3_40_0_, purchasede0_.oddocoty as oddocoty4_40_0_, purchasede0_.odcid as odcid5_40_0_, purchasede0_.oddtin as oddtin6_40_0_, purchasede0_.odtmin as odtmin7_40_0_, purchasede0_.oduid as oduid8_40_0_, purchasede0_.oddtlu as oddtlu9_40_0_, purchasede0_.odtmlu as odtmlu10_40_0_, purchasede0_.oduidm as oduidm11_40_0_, purchasede0_.odacid as odacid12_40_0_, purchasede0_.odaprcd as odaprcd13_40_0_, purchasede0_.odcrcb as odcrcb14_40_0_, purchasede0_.oditc02 as oditc15_40_0_, purchasede0_.odbuid as odbuid16_40_0_, purchasede0_.odqtycl as odqtycl17_40_0_, purchasede0_.oditc01 as oditc18_40_0_, purchasede0_.odcldt as odcldt19_40_0_, purchasede0_.odcsid as odcsid20_40_0_, purchasede0_.oddccd as oddccd21_40_0_, purchasede0_.oddcrt as oddcrt22_40_0_, purchasede0_.odexcrt as odexcrt23_40_0_, purchasede0_.odexcost as odexcos24_40_0_, purchasede0_.odqtyx as odqtyx25_40_0_, purchasede0_.oducfx as oducfx26_40_0_, purchasede0_.oduncostx as oduncos27_40_0_, purchasede0_.oduomx as oduomx28_40_0_, purchasede0_.odfec as odfec29_40_0_, purchasede0_.odfta as odfta30_40_0_, purchasede0_.odftb as odftb31_40_0_, purchasede0_.odfuc as odfuc32_40_0_, purchasede0_.odglcls as odglcls33_40_0_, purchasede0_.odgldt as odgldt34_40_0_, purchasede0_.odir02 as odir35_40_0_, purchasede0_.odir01 as odir36_40_0_, purchasede0_.odir03 as odir37_40_0_, purchasede0_.odinum as odinum38_40_0_, purchasede0_.oddesb1 as oddesb39_40_0_, purchasede0_.oditc05 as oditc40_40_0_, purchasede0_.odlst as odlst41_40_0_, purchasede0_.odlnty as odlnty42_40_0_, purchasede0_.odlocid as odlocid43_40_0_, purchasede0_.odnst as odnst44_40_0_, purchasede0_.odobid as odobid45_40_0_, purchasede0_.odqtyop as odqtyop46_40_0_, purchasede0_.odordt as odordt47_40_0_, purchasede0_.odqtyor as odqtyor48_40_0_, purchasede0_.odott as odott49_40_0_, purchasede0_.odordocdt as odordoc50_40_0_, purchasede0_.odordocno as odordoc51_40_0_, purchasede0_.odordocsq as odordoc52_40_0_, purchasede0_.odordocty as odordoc53_40_0_, purchasede0_.odptc as odptc54_40_0_, purchasede0_.odpqor as odpqor55_40_0_, purchasede0_.oduom1 as oduom56_40_0_, purchasede0_.odpjid as odpjid57_40_0_, purchasede0_.odpddt as odpddt58_40_0_, purchasede0_.odpo03 as odpo59_40_0_, purchasede0_.odpo01 as odpo60_40_0_, purchasede0_.odpo02 as odpo61_40_0_, purchasede0_.odqty as odqty62_40_0_, purchasede0_.odrcdt as odrcdt63_40_0_, purchasede0_.odqtyrc as odqtyrc64_40_0_, purchasede0_.odstid as odstid65_40_0_, purchasede0_.odvr04 as odvr66_40_0_, purchasede0_.odvr01 as odvr67_40_0_, purchasede0_.odvr03 as odvr68_40_0_, purchasede0_.odvr05 as odvr69_40_0_, purchasede0_.odvr02 as odvr70_40_0_, purchasede0_.odrldocno as odrldoc71_40_0_, purchasede0_.odrldocsq as odrldoc72_40_0_, purchasede0_.odrldocty as odrldoc73_40_0_, purchasede0_.odrqdt as odrqdt74_40_0_, purchasede0_.odqtyrn as odqtyrn75_40_0_, purchasede0_.odsqor as odsqor76_40_0_, purchasede0_.oduom2 as oduom77_40_0_, purchasede0_.odsnlot as odsnlot78_40_0_, purchasede0_.odtaxal as odtaxal79_40_0_, purchasede0_.odtaxam as odtaxam80_40_0_, purchasede0_.odtaxab as odtaxab81_40_0_, purchasede0_.odtaxcd as odtaxcd82_40_0_, purchasede0_.odtaxrt as odtaxrt83_40_0_, purchasede0_.odcrct as odcrct84_40_0_, purchasede0_.oditc03 as oditc85_40_0_, purchasede0_.oducf as oducf86_40_0_, purchasede0_.oduncost as oduncos87_40_0_, purchasede0_.odudc as odudc88_40_0_, purchasede0_.odudf as odudf89_40_0_, purchasede0_.oduom as oduom90_40_0_, purchasede0_.odvnid as odvnid91_40_0_, purchaseor1_.ohcoid as ohcoid1_39_1_, purchaseor1_.ohdocono as ohdocono2_39_1_, purchaseor1_.ohdocoty as ohdocoty3_39_1_, purchaseor1_.ohcid as ohcid4_39_1_, purchaseor1_.ohdtin as ohdtin5_39_1_, purchaseor1_.ohtmin as ohtmin6_39_1_, purchaseor1_.ohuid as ohuid7_39_1_, purchaseor1_.ohdtlu as ohdtlu8_39_1_, purchaseor1_.ohtmlu as ohtmlu9_39_1_, purchaseor1_.ohuidm as ohuidm10_39_1_, purchaseor1_.ohaprcd as ohaprcd11_39_1_, purchaseor1_.ohcrcb as ohcrcb12_39_1_, purchaseor1_.ohbuid as ohbuid13_39_1_, purchaseor1_.ohcldt as ohcldt14_39_1_, purchaseor1_.ohcot as ohcot15_39_1_, purchaseor1_.ohcsid as ohcsid16_39_1_, purchaseor1_.ohdesb1 as ohdesb17_39_1_, purchaseor1_.ohdccd as ohdccd18_39_1_, purchaseor1_.ohdcrt as ohdcrt19_39_1_, purchaseor1_.ohexcrt as ohexcrt20_39_1_, purchaseor1_.ohgldt as ohgldt21_39_1_, purchaseor1_.ohidd as ohidd22_39_1_, purchaseor1_.ohidn as ohidn23_39_1_, purchaseor1_.ohlst as ohlst24_39_1_, purchaseor1_.ohnst as ohnst25_39_1_, purchaseor1_.ohobid as ohobid26_39_1_, purchaseor1_.ohordt as ohordt27_39_1_, purchaseor1_.ohptc as ohptc28_39_1_, purchaseor1_.ohpoa as ohpoa29_39_1_, purchaseor1_.ohpod as ohpod30_39_1_, purchaseor1_.ohpjid as ohpjid31_39_1_, purchaseor1_.ohpddt as ohpddt32_39_1_, purchaseor1_.ohrcdt as ohrcdt33_39_1_, purchaseor1_.ohstid as ohstid34_39_1_, purchaseor1_.ohrqdt as ohrqdt35_39_1_, purchaseor1_.ohtaxal as ohtaxal36_39_1_, purchaseor1_.ohtaxcd as ohtaxcd37_39_1_, purchaseor1_.ohtaxrt as ohtaxrt38_39_1_, purchaseor1_.ohcrct as ohcrct39_39_1_, purchaseor1_.ohdesc1 as ohdesc40_39_1_, purchaseor1_.ohdesc2 as ohdesc41_39_1_, purchaseor1_.ohvhrn as ohvhrn42_39_1_, purchaseor1_.ohvhty as ohvhty43_39_1_, purchaseor1_.ohvnid as ohvnid44_39_1_ from t4311 purchasede0_ inner join t4301 purchaseor1_ on purchasede0_.odcoid=purchaseor1_.ohcoid and purchasede0_.oddocono=purchaseor1_.ohdocono and purchasede0_.oddocoty=purchaseor1_.ohdocoty where purchasede0_.odcoid=? and purchasede0_.oddocono=? and purchasede0_.oddocosq=? and purchasede0_.oddocoty=?
Hibernate: select serialnumb0_.coid as coid1_43_0_, serialnumb0_.docno as docno2_43_0_, serialnumb0_.docty as docty3_43_0_, serialnumb0_.docsq as docsq4_43_0_, serialnumb0_.buid as buid5_43_0_, serialnumb0_.inum as inum6_43_0_, serialnumb0_.snlot as snlot7_43_0_, lotmaster1_.ltbuid as ltbuid1_34_1_, lotmaster1_.ltinum as ltinum2_34_1_, lotmaster1_.ltsnlot as ltsnlot3_34_1_, lotmaster1_.ltcid as ltcid4_34_1_, lotmaster1_.ltdtin as ltdtin5_34_1_, lotmaster1_.lttmin as lttmin6_34_1_, lotmaster1_.ltuid as ltuid7_34_1_, lotmaster1_.ltdtlu as ltdtlu8_34_1_, lotmaster1_.lttmlu as lttmlu9_34_1_, lotmaster1_.ltuidm as ltuidm10_34_1_, lotmaster1_.ltbodt as ltbodt11_34_1_, lotmaster1_.ltbbdt as ltbbdt12_34_1_, lotmaster1_.ltcldt as ltcldt13_34_1_, lotmaster1_.ltexpdt as ltexpdt14_34_1_, lotmaster1_.ltldsc as ltldsc15_34_1_, lotmaster1_.ltledt as ltledt16_34_1_, lotmaster1_.ltlsc as ltlsc17_34_1_, lotmaster1_.ltmlot1 as ltmlot18_34_1_, lotmaster1_.ltmlot2 as ltmlot19_34_1_, lotmaster1_.ltmlot3 as ltmlot20_34_1_, lotmaster1_.ltohdt as ltohdt21_34_1_, lotmaster1_.ltsern as ltsern22_34_1_ from transaction_serialnumbers serialnumb0_ inner join t4108 lotmaster1_ on serialnumb0_.buid=lotmaster1_.ltbuid and serialnumb0_.inum=lotmaster1_.ltinum and serialnumb0_.snlot=lotmaster1_.ltsnlot where serialnumb0_.coid=? and serialnumb0_.docno=? and serialnumb0_.docty=? and serialnumb0_.docsq=?
Hibernate: select serialnumb0_.coid as coid1_43_0_, serialnumb0_.docno as docno2_43_0_, serialnumb0_.docty as docty3_43_0_, serialnumb0_.docsq as docsq4_43_0_, serialnumb0_.buid as buid5_43_0_, serialnumb0_.inum as inum6_43_0_, serialnumb0_.snlot as snlot7_43_0_, lotmaster1_.ltbuid as ltbuid1_34_1_, lotmaster1_.ltinum as ltinum2_34_1_, lotmaster1_.ltsnlot as ltsnlot3_34_1_, lotmaster1_.ltcid as ltcid4_34_1_, lotmaster1_.ltdtin as ltdtin5_34_1_, lotmaster1_.lttmin as lttmin6_34_1_, lotmaster1_.ltuid as ltuid7_34_1_, lotmaster1_.ltdtlu as ltdtlu8_34_1_, lotmaster1_.lttmlu as lttmlu9_34_1_, lotmaster1_.ltuidm as ltuidm10_34_1_, lotmaster1_.ltbodt as ltbodt11_34_1_, lotmaster1_.ltbbdt as ltbbdt12_34_1_, lotmaster1_.ltcldt as ltcldt13_34_1_, lotmaster1_.ltexpdt as ltexpdt14_34_1_, lotmaster1_.ltldsc as ltldsc15_34_1_, lotmaster1_.ltledt as ltledt16_34_1_, lotmaster1_.ltlsc as ltlsc17_34_1_, lotmaster1_.ltmlot1 as ltmlot18_34_1_, lotmaster1_.ltmlot2 as ltmlot19_34_1_, lotmaster1_.ltmlot3 as ltmlot20_34_1_, lotmaster1_.ltohdt as ltohdt21_34_1_, lotmaster1_.ltsern as ltsern22_34_1_ from transaction_serialnumbers serialnumb0_ inner join t4108 lotmaster1_ on serialnumb0_.buid=lotmaster1_.ltbuid and serialnumb0_.inum=lotmaster1_.ltinum and serialnumb0_.snlot=lotmaster1_.ltsnlot where serialnumb0_.coid=? and serialnumb0_.docno=? and serialnumb0_.docty=? and serialnumb0_.docsq=?

MockHttpServletRequest:
      HTTP Method = GET
      Request URI = /api/purchaseReceipts/
       Parameters = {}
          Headers = {Accept=[application/json]}
             Body = <no character encoding set>
    Session Attrs = {org.springframework.security.web.csrf.HttpSessionCsrfTokenRepository.CSRF_TOKEN=org.springframework.security.web.csrf.DefaultCsrfToken@79bb5392, SPRING_SECURITY_CONTEXT=org.springframework.security.core.context.SecurityContextImpl@475fcd89: Authentication: org.springframework.security.authentication.UsernamePasswordAuthenticationToken@475fcd89: Principal: org.springframework.security.core.userdetails.User@f02988d6: Username: username; Password: [PROTECTED]; Enabled: true; AccountNonExpired: true; credentialsNonExpired: true; AccountNonLocked: true; Not granted any authorities; Credentials: [PROTECTED]; Authenticated: true; Details: null; Not granted any authorities}

Handler:
             Type = org.springframework.data.rest.webmvc.RepositoryEntityController
           Method = public org.springframework.hateoas.Resources<?> org.springframework.data.rest.webmvc.RepositoryEntityController.getCollectionResource(org.springframework.data.rest.webmvc.RootResourceInformation,org.springframework.data.rest.webmvc.support.DefaultedPageable,org.springframework.data.domain.Sort,org.springframework.data.rest.webmvc.PersistentEntityResourceAssembler) throws org.springframework.data.rest.webmvc.ResourceNotFoundException,org.springframework.web.HttpRequestMethodNotSupportedException

Async:
    Async started = false
     Async result = null

Resolved Exception:
             Type = null

ModelAndView:
        View name = null
             View = null
            Model = null

FlashMap:
       Attributes = null

MockHttpServletResponse:
           Status = 200
    Error message = null
          Headers = {Content-Type=[application/json;charset=UTF-8], X-Content-Type-Options=[nosniff], X-XSS-Protection=[1; mode=block], Cache-Control=[no-cache, no-store, max-age=0, must-revalidate], Pragma=[no-cache], Expires=[0], X-Frame-Options=[DENY]}
     Content type = application/json;charset=UTF-8
             Body = {
  "_embedded" : {
    "purchaseReceipts" : [ {
      "inputUserId" : "LINDA",
      "lastUpdateUserId" : "LINDA",
      "computerId" : "DESKTOP-9TRIRBU",
      "companyId" : "11000",
      "documentNumber" : 180400003,
      "documentType" : "OV",
      "sequence" : 10,
      "purchaseReceiptNumber" : 180400003,
      "purchaseReceiptType" : "OV",
      "matchCode" : "1",
      "businessUnitId" : "110",
      "batchNumber" : 3,
      "batchType" : "O",
      "vendorId" : "2810",
      "baseCurrency" : "IDR",
      "transactionCurrency" : "IDR",
      "exchangeRate" : 1.000000000,
      "itemCode" : "HP.INKJET-F5S21B",
      "locationId" : "GDU",
      "serialLotNo" : "",
      "itemDescription" : "HP Deskjet HP 1115",
      "lineType" : "S",
      "unitOfMeasure" : "UNT",
      "unitConversionFactor" : 1.000000000,
      "primaryTransactionQuantity" : 30.00000,
      "primaryUnitOfMeasure" : "UNT",
      "secondaryTransactionQuantity" : 0.00000,
      "secondaryUnitOfMeasure" : "UNT",
      "unitCost" : 525000.0030000,
      "extendedCost" : 15750000.09000,
      "taxBase" : 0.00000,
      "taxAmount" : 1431818.19000,
      "foreignUnitCost" : 0E-7,
      "foreignExtendedCost" : 0.00000,
      "foreignTaxBase" : 0.00000,
      "foreignTaxAmount" : 0.00000,
      "accountId" : "",
      "glClass" : "INFG",
      "lastStatus" : "499",
      "nextStatus" : "999",
      "receiptDate" : "2018-04-09",
      "paymentTermCode" : "N45",
      "taxCode" : "INCL",
      "taxAllowance" : true,
      "taxRate" : 10.000000000000000,
      "discountCode" : "",
      "discountRate" : 0E-15,
      "unitDiscountCode" : "",
      "unitDiscountRate" : 0E-15,
      "projectId" : "",
      "invoiceNumber" : 0,
      "invoiceType" : "",
      "invoiceSequence" : 0,
      "invoiceDate" : null,
      "orderNumber" : 180400004,
      "orderType" : "OP",
      "orderSequence" : 10,
      "orderDetail" : {
        "inputUserId" : "LINDA",
        "lastUpdateUserId" : "LINDA",
        "computerId" : "DESKTOP-9TRIRBU",
        "companyId" : "11000",
        "purchaseOrderNumber" : 180400004,
        "purchaseOrderType" : "OP",
        "purchaseOrderSequence" : 10,
        "documentNumber" : 180400004,
        "documentType" : "OP",
        "sequence" : 10,
        "businessUnitId" : "110",
        "vendorId" : "2810",
        "receiverId" : "",
        "customerId" : "",
        "itemCode" : "HP.INKJET-F5S21B",
        "locationId" : "GDU",
        "serialLotNo" : "",
        "itemDescription" : "HP Deskjet HP 1115",
        "lineType" : "S",
        "quantity" : 30.00000,
        "extendedQuantity" : 0.00000,
        "orderQuantity" : 0.00000,
        "receivedQuantity" : 0.00000,
        "cancelledQuantity" : 0.00000,
        "returnedQuantity" : 0.00000,
        "openQuantity" : 30.00000,
        "unitOfMeasure" : "UNT",
        "extendedUnitOfMeasure" : "",
        "unitConversionFactor" : 1.000000000,
        "extendedUnitConversionFactor" : 0E-9,
        "primaryOrderQuantity" : 0.00000,
        "primaryUnitOfMeasure" : "UNT",
        "secondaryOrderQuantity" : 0.00000,
        "secondaryUnitOfMeasure" : "UNT",
        "baseCurrency" : "IDR",
        "transactionCurrency" : "IDR",
        "exchangeRate" : 1.000000000,
        "unitCost" : 525000.0030000,
        "extendedUnitCost" : 0E-7,
        "extendedCost" : 15750000.09000,
        "taxBase" : 0.00000,
        "taxAmount" : 1431818.19000,
        "foreignUnitCost" : 0E-7,
        "foreignExtendedCost" : 0.00000,
        "foreignTaxBase" : 0.00000,
        "foreignTaxAmount" : 0.00000,
        "accountId" : "",
        "glClass" : "INFG",
        "lastStatus" : "400",
        "nextStatus" : "440",
        "orderDate" : "2018-04-09",
        "requestDate" : null,
        "promisedDeliveryDate" : null,
        "receiptDate" : "2018-04-09",
        "closedDate" : null,
        "glDate" : null,
        "paymentTermCode" : "N45",
        "taxCode" : "INCL",
        "taxAllowance" : true,
        "taxRate" : 10.000000000000000,
        "discountCode" : "",
        "discountRate" : 0E-15,
        "unitDiscountCode" : "",
        "unitDiscountRate" : 0E-15,
        "projectId" : "",
        "approvalCode" : "",
        "objectId" : "F43141",
        "originalDocumentNumber" : 0,
        "originalDocumentType" : "",
        "originalDocumentSequence" : 0,
        "originalDocumentDate" : null,
        "relatedDocumentNumber" : 0,
        "relatedDocumentType" : "",
        "relatedDocumentSequence" : 0,
        "categoryCode" : "INV",
        "brandCode" : "",
        "typeCode" : "",
        "landedCostRule" : "",
        "jobNo" : "",
        "shipmentId" : "",
        "packinglistId" : "",
        "deliveryOrderNumber" : "",
        "sealNumber" : "",
        "feederVessel" : "",
        "connectingVessel" : "",
        "shippedBy" : "",
        "containerSize" : "",
        "stuffingType" : "",
        "containerLoadType" : "",
        "orderTransactionType" : "",
        "setForVoid" : false,
        "status" : "OPEN",
        "lastUpdateDateTime" : "2018-04-11T14:22:07",
        "inputDateTime" : "2018-04-11T14:22:07",
        "extended" : false,
        "unitDiscountAmount" : 0.00,
        "costAfterUnitDiscount" : 15750000.09000,
        "voided" : false
      },
      "originalDocumentNumber" : 0,
      "originalDocumentType" : "",
      "originalDocumentSequence" : 0,
      "customerOrderNumber" : "",
      "customerOrderDate" : null,
      "vendorInvoiceNumber" : "",
      "vendorInvoiceDate" : null,
      "taxInvoiceNumber" : "",
      "taxInvoiceDate" : null,
      "expiredDate" : null,
      "inventoryTransactionType" : "1",
      "landedCostRecordType" : "",
      "routingProcess" : false,
      "levelCost" : "",
      "categoryCode" : "INV",
      "brandCode" : "",
      "typeCode" : "",
      "landedCostRule" : "",
      "jobNo" : "",
      "shipmentId" : "",
      "packinglistId" : "",
      "deliveryOrderNumber" : "",
      "sealNumber" : "",
      "containerSize" : "",
      "stuffingType" : "",
      "containerLoadType" : "",
      "conditionOfTransport" : "",
      "containerId" : "",
      "portOfDepartureId" : "",
      "portOfArrivalId" : "",
      "importDeclarationNumber" : "",
      "importDeclarationDate" : null,
      "description" : "PO/ATG/2018/IV/330 (ACC) / PO/ATG/180400011 (ERP)\t\t",
      "objectId" : "F43141",
      "recordId" : "20180411.142828418.0",
      "toBeVoided" : false,
      "additive" : true,
      "transactionDate" : "2018-04-09",
      "businessPartnerId" : "2810",
      "serialOrLotNumbers" : [ ],
      "lastUpdateDateTime" : "2018-04-11T14:22:07",
      "inputDateTime" : "2018-04-11T14:22:07",
      "quantity" : 30.00000,
      "voided" : true,
      "_links" : {
        "self" : {
          "href" : "http://localhost/api/purchaseReceipts/11000_180400003_OV_10"
        },
        "purchaseReceipt" : {
          "href" : "http://localhost/api/purchaseReceipts/11000_180400003_OV_10"
        },
        "sameReceipt" : {
          "href" : "http://localhost/api/purchaseReceipts/11000_180400003_OV_10/sameReceipt"
        },
        "item" : {
          "href" : "http://localhost/api/purchaseReceipts/11000_180400003_OV_10/item"
        },
        "serialNumbers" : {
          "href" : "http://localhost/api/purchaseReceipts/11000_180400003_OV_10/serialNumbers"
        }
      }
    }, {
      "inputUserId" : "QSA",
      "lastUpdateUserId" : "QSA",
      "computerId" : "AYOOKLIK",
      "companyId" : "11000",
      "documentNumber" : 180400003,
      "documentType" : "OV",
      "sequence" : 15,
      "purchaseReceiptNumber" : 180400003,
      "purchaseReceiptType" : "OV",
      "matchCode" : "1",
      "businessUnitId" : "110",
      "batchNumber" : 3,
      "batchType" : "O",
      "vendorId" : "2810",
      "baseCurrency" : "IDR",
      "transactionCurrency" : "IDR",
      "exchangeRate" : 1.000000000,
      "itemCode" : "HP.INKJET-F5S21B",
      "locationId" : "GDU",
      "serialLotNo" : "",
      "itemDescription" : "HP Deskjet HP 1115",
      "lineType" : "S",
      "unitOfMeasure" : "UNT",
      "unitConversionFactor" : 1.000000000,
      "primaryTransactionQuantity" : -30.00000,
      "primaryUnitOfMeasure" : "UNT",
      "secondaryTransactionQuantity" : 0.00000,
      "secondaryUnitOfMeasure" : "UNT",
      "unitCost" : 525000.0030000,
      "extendedCost" : -15750000.09000,
      "taxBase" : 0.00000,
      "taxAmount" : -1431818.19000,
      "foreignUnitCost" : 0E-7,
      "foreignExtendedCost" : 0.00000,
      "foreignTaxBase" : 0.00000,
      "foreignTaxAmount" : 0.00000,
      "accountId" : "",
      "glClass" : "INFG",
      "lastStatus" : "499",
      "nextStatus" : "999",
      "receiptDate" : "2018-04-09",
      "paymentTermCode" : "N45",
      "taxCode" : "INCL",
      "taxAllowance" : true,
      "taxRate" : 10.000000000000000,
      "discountCode" : "",
      "discountRate" : 0E-15,
      "unitDiscountCode" : "",
      "unitDiscountRate" : 0E-15,
      "projectId" : "",
      "invoiceNumber" : 0,
      "invoiceType" : "",
      "invoiceSequence" : 0,
      "invoiceDate" : null,
      "orderNumber" : 180400004,
      "orderType" : "OP",
      "orderSequence" : 10,
      "orderDetail" : {
        "inputUserId" : "LINDA",
        "lastUpdateUserId" : "LINDA",
        "computerId" : "DESKTOP-9TRIRBU",
        "companyId" : "11000",
        "purchaseOrderNumber" : 180400004,
        "purchaseOrderType" : "OP",
        "purchaseOrderSequence" : 10,
        "documentNumber" : 180400004,
        "documentType" : "OP",
        "sequence" : 10,
        "businessUnitId" : "110",
        "vendorId" : "2810",
        "receiverId" : "",
        "customerId" : "",
        "itemCode" : "HP.INKJET-F5S21B",
        "locationId" : "GDU",
        "serialLotNo" : "",
        "itemDescription" : "HP Deskjet HP 1115",
        "lineType" : "S",
        "quantity" : 30.00000,
        "extendedQuantity" : 0.00000,
        "orderQuantity" : 0.00000,
        "receivedQuantity" : 0.00000,
        "cancelledQuantity" : 0.00000,
        "returnedQuantity" : 0.00000,
        "openQuantity" : 30.00000,
        "unitOfMeasure" : "UNT",
        "extendedUnitOfMeasure" : "",
        "unitConversionFactor" : 1.000000000,
        "extendedUnitConversionFactor" : 0E-9,
        "primaryOrderQuantity" : 0.00000,
        "primaryUnitOfMeasure" : "UNT",
        "secondaryOrderQuantity" : 0.00000,
        "secondaryUnitOfMeasure" : "UNT",
        "baseCurrency" : "IDR",
        "transactionCurrency" : "IDR",
        "exchangeRate" : 1.000000000,
        "unitCost" : 525000.0030000,
        "extendedUnitCost" : 0E-7,
        "extendedCost" : 15750000.09000,
        "taxBase" : 0.00000,
        "taxAmount" : 1431818.19000,
        "foreignUnitCost" : 0E-7,
        "foreignExtendedCost" : 0.00000,
        "foreignTaxBase" : 0.00000,
        "foreignTaxAmount" : 0.00000,
        "accountId" : "",
        "glClass" : "INFG",
        "lastStatus" : "400",
        "nextStatus" : "440",
        "orderDate" : "2018-04-09",
        "requestDate" : null,
        "promisedDeliveryDate" : null,
        "receiptDate" : "2018-04-09",
        "closedDate" : null,
        "glDate" : null,
        "paymentTermCode" : "N45",
        "taxCode" : "INCL",
        "taxAllowance" : true,
        "taxRate" : 10.000000000000000,
        "discountCode" : "",
        "discountRate" : 0E-15,
        "unitDiscountCode" : "",
        "unitDiscountRate" : 0E-15,
        "projectId" : "",
        "approvalCode" : "",
        "objectId" : "F43141",
        "originalDocumentNumber" : 0,
        "originalDocumentType" : "",
        "originalDocumentSequence" : 0,
        "originalDocumentDate" : null,
        "relatedDocumentNumber" : 0,
        "relatedDocumentType" : "",
        "relatedDocumentSequence" : 0,
        "categoryCode" : "INV",
        "brandCode" : "",
        "typeCode" : "",
        "landedCostRule" : "",
        "jobNo" : "",
        "shipmentId" : "",
        "packinglistId" : "",
        "deliveryOrderNumber" : "",
        "sealNumber" : "",
        "feederVessel" : "",
        "connectingVessel" : "",
        "shippedBy" : "",
        "containerSize" : "",
        "stuffingType" : "",
        "containerLoadType" : "",
        "orderTransactionType" : "",
        "setForVoid" : false,
        "status" : "OPEN",
        "lastUpdateDateTime" : "2018-04-11T14:22:07",
        "inputDateTime" : "2018-04-11T14:22:07",
        "extended" : false,
        "unitDiscountAmount" : 0.00,
        "costAfterUnitDiscount" : 15750000.09000,
        "voided" : false
      },
      "originalDocumentNumber" : 0,
      "originalDocumentType" : "",
      "originalDocumentSequence" : 0,
      "customerOrderNumber" : "",
      "customerOrderDate" : null,
      "vendorInvoiceNumber" : "",
      "vendorInvoiceDate" : null,
      "taxInvoiceNumber" : "",
      "taxInvoiceDate" : null,
      "expiredDate" : null,
      "inventoryTransactionType" : "1",
      "landedCostRecordType" : "",
      "routingProcess" : false,
      "levelCost" : "",
      "categoryCode" : "INV",
      "brandCode" : "",
      "typeCode" : "",
      "landedCostRule" : "",
      "jobNo" : "",
      "shipmentId" : "",
      "packinglistId" : "",
      "deliveryOrderNumber" : "",
      "sealNumber" : "",
      "containerSize" : "",
      "stuffingType" : "",
      "containerLoadType" : "",
      "conditionOfTransport" : "",
      "containerId" : "",
      "portOfDepartureId" : "",
      "portOfArrivalId" : "",
      "importDeclarationNumber" : "",
      "importDeclarationDate" : null,
      "description" : "PO/ATG/2018/IV/330 (ACC) / PO/ATG/180400011 (ERP)\t\t",
      "objectId" : "F4312",
      "recordId" : "20180418.150410283.1",
      "toBeVoided" : false,
      "additive" : true,
      "transactionDate" : "2018-04-09",
      "businessPartnerId" : "2810",
      "serialOrLotNumbers" : [ ],
      "lastUpdateDateTime" : "2018-04-18T15:04:10",
      "inputDateTime" : "2018-04-18T15:04:10",
      "quantity" : -30.00000,
      "voided" : true,
      "_links" : {
        "self" : {
          "href" : "http://localhost/api/purchaseReceipts/11000_180400003_OV_15"
        },
        "purchaseReceipt" : {
          "href" : "http://localhost/api/purchaseReceipts/11000_180400003_OV_15"
        },
        "sameReceipt" : {
          "href" : "http://localhost/api/purchaseReceipts/11000_180400003_OV_15/sameReceipt"
        },
        "item" : {
          "href" : "http://localhost/api/purchaseReceipts/11000_180400003_OV_15/item"
        },
        "serialNumbers" : {
          "href" : "http://localhost/api/purchaseReceipts/11000_180400003_OV_15/serialNumbers"
        }
      }
    }, {
      "inputUserId" : "LINDA",
      "lastUpdateUserId" : "LINDA",
      "computerId" : "DESKTOP-9TRIRBU",
      "companyId" : "11000",
      "documentNumber" : 180400006,
      "documentType" : "OV",
      "sequence" : 10,
      "purchaseReceiptNumber" : 180400006,
      "purchaseReceiptType" : "OV",
      "matchCode" : "2",
      "businessUnitId" : "110",
      "batchNumber" : 4,
      "batchType" : "O",
      "vendorId" : "3120",
      "baseCurrency" : "IDR",
      "transactionCurrency" : "IDR",
      "exchangeRate" : 1.000000000,
      "itemCode" : "ACC.SECURE BOX-CASH DRAWE",
      "locationId" : "GDU",
      "serialLotNo" : "",
      "itemDescription" : "SECURE BOX CASH DRAWER",
      "lineType" : "S",
      "unitOfMeasure" : "UNT",
      "unitConversionFactor" : 1.000000000,
      "primaryTransactionQuantity" : 4.00000,
      "primaryUnitOfMeasure" : "UNT",
      "secondaryTransactionQuantity" : 0.00000,
      "secondaryUnitOfMeasure" : "UNT",
      "unitCost" : 700000.0000000,
      "extendedCost" : 2800000.00000,
      "taxBase" : 0.00000,
      "taxAmount" : 0.00000,
      "foreignUnitCost" : 0E-7,
      "foreignExtendedCost" : 0.00000,
      "foreignTaxBase" : 0.00000,
      "foreignTaxAmount" : 0.00000,
      "accountId" : "",
      "glClass" : "INFG",
      "lastStatus" : "440",
      "nextStatus" : "999",
      "receiptDate" : "2018-04-10",
      "paymentTermCode" : "COD",
      "taxCode" : "NOTAX",
      "taxAllowance" : false,
      "taxRate" : 0E-15,
      "discountCode" : "",
      "discountRate" : 0E-15,
      "unitDiscountCode" : "",
      "unitDiscountRate" : 0E-15,
      "projectId" : "",
      "invoiceNumber" : 180400005,
      "invoiceType" : "PV",
      "invoiceSequence" : 10,
      "invoiceDate" : "2018-04-10",
      "orderNumber" : 180400005,
      "orderType" : "OP",
      "orderSequence" : 10,
      "orderDetail" : {
        "inputUserId" : "LINDA",
        "lastUpdateUserId" : "LINDA",
        "computerId" : "DESKTOP-9TRIRBU",
        "companyId" : "11000",
        "purchaseOrderNumber" : 180400005,
        "purchaseOrderType" : "OP",
        "purchaseOrderSequence" : 10,
        "documentNumber" : 180400005,
        "documentType" : "OP",
        "sequence" : 10,
        "businessUnitId" : "110",
        "vendorId" : "3120",
        "receiverId" : "",
        "customerId" : "",
        "itemCode" : "ACC.SECURE BOX-CASH DRAWE",
        "locationId" : "GDU",
        "serialLotNo" : "",
        "itemDescription" : "SECURE BOX CASH DRAWER",
        "lineType" : "S",
        "quantity" : 4.00000,
        "extendedQuantity" : 0.00000,
        "orderQuantity" : 0.00000,
        "receivedQuantity" : 4.00000,
        "cancelledQuantity" : 0.00000,
        "returnedQuantity" : 0.00000,
        "openQuantity" : 0.00000,
        "unitOfMeasure" : "UNT",
        "extendedUnitOfMeasure" : "",
        "unitConversionFactor" : 1.000000000,
        "extendedUnitConversionFactor" : 0E-9,
        "primaryOrderQuantity" : 0.00000,
        "primaryUnitOfMeasure" : "UNT",
        "secondaryOrderQuantity" : 0.00000,
        "secondaryUnitOfMeasure" : "UNT",
        "baseCurrency" : "IDR",
        "transactionCurrency" : "IDR",
        "exchangeRate" : 1.000000000,
        "unitCost" : 700000.0000000,
        "extendedUnitCost" : 0E-7,
        "extendedCost" : 2800000.00000,
        "taxBase" : 0.00000,
        "taxAmount" : 0.00000,
        "foreignUnitCost" : 0E-7,
        "foreignExtendedCost" : 0.00000,
        "foreignTaxBase" : 0.00000,
        "foreignTaxAmount" : 0.00000,
        "accountId" : "",
        "glClass" : "INFG",
        "lastStatus" : "400",
        "nextStatus" : "440",
        "orderDate" : "2018-04-10",
        "requestDate" : null,
        "promisedDeliveryDate" : null,
        "receiptDate" : "2018-04-10",
        "closedDate" : null,
        "glDate" : null,
        "paymentTermCode" : "COD",
        "taxCode" : "NOTAX",
        "taxAllowance" : false,
        "taxRate" : 0E-15,
        "discountCode" : "",
        "discountRate" : 0E-15,
        "unitDiscountCode" : "",
        "unitDiscountRate" : 0E-15,
        "projectId" : "",
        "approvalCode" : "",
        "objectId" : "F43141",
        "originalDocumentNumber" : 0,
        "originalDocumentType" : "",
        "originalDocumentSequence" : 0,
        "originalDocumentDate" : null,
        "relatedDocumentNumber" : 0,
        "relatedDocumentType" : "",
        "relatedDocumentSequence" : 0,
        "categoryCode" : "INV",
        "brandCode" : "",
        "typeCode" : "",
        "landedCostRule" : "",
        "jobNo" : "",
        "shipmentId" : "",
        "packinglistId" : "",
        "deliveryOrderNumber" : "",
        "sealNumber" : "",
        "feederVessel" : "",
        "connectingVessel" : "",
        "shippedBy" : "",
        "containerSize" : "",
        "stuffingType" : "",
        "containerLoadType" : "",
        "orderTransactionType" : "",
        "setForVoid" : false,
        "status" : "CLOSED",
        "lastUpdateDateTime" : "2018-04-11T14:59:07",
        "inputDateTime" : "2018-04-11T14:59:07",
        "extended" : false,
        "unitDiscountAmount" : 0.00,
        "costAfterUnitDiscount" : 2800000.00000,
        "voided" : false
      },
      "originalDocumentNumber" : 0,
      "originalDocumentType" : "",
      "originalDocumentSequence" : 0,
      "customerOrderNumber" : "DOH/1804.10.001",
      "customerOrderDate" : null,
      "vendorInvoiceNumber" : "PJH/1804.10.001",
      "vendorInvoiceDate" : "2018-04-10",
      "taxInvoiceNumber" : "",
      "taxInvoiceDate" : null,
      "expiredDate" : null,
      "inventoryTransactionType" : "1",
      "landedCostRecordType" : "",
      "routingProcess" : false,
      "levelCost" : "",
      "categoryCode" : "INV",
      "brandCode" : "",
      "typeCode" : "",
      "landedCostRule" : "",
      "jobNo" : "",
      "shipmentId" : "",
      "packinglistId" : "",
      "deliveryOrderNumber" : "",
      "sealNumber" : "",
      "containerSize" : "",
      "stuffingType" : "",
      "containerLoadType" : "",
      "conditionOfTransport" : "",
      "containerId" : "",
      "portOfDepartureId" : "",
      "portOfArrivalId" : "",
      "importDeclarationNumber" : "",
      "importDeclarationDate" : null,
      "description" : "PO/ATG/2018/IV/356 (ACC) / PO/ATG/180400044 (ERP)",
      "objectId" : "F43141",
      "recordId" : "20180411.145917392.0",
      "toBeVoided" : false,
      "additive" : true,
      "transactionDate" : "2018-04-10",
      "businessPartnerId" : "3120",
      "serialOrLotNumbers" : [ ],
      "lastUpdateDateTime" : "2018-04-11T14:59:07",
      "inputDateTime" : "2018-04-11T14:59:07",
      "quantity" : 4.00000,
      "voided" : true,
      "_links" : {
        "self" : {
          "href" : "http://localhost/api/purchaseReceipts/11000_180400006_OV_10"
        },
        "purchaseReceipt" : {
          "href" : "http://localhost/api/purchaseReceipts/11000_180400006_OV_10"
        },
        "sameReceipt" : {
          "href" : "http://localhost/api/purchaseReceipts/11000_180400006_OV_10/sameReceipt"
        },
        "item" : {
          "href" : "http://localhost/api/purchaseReceipts/11000_180400006_OV_10/item"
        },
        "serialNumbers" : {
          "href" : "http://localhost/api/purchaseReceipts/11000_180400006_OV_10/serialNumbers"
        }
      }
    }, {
      "inputUserId" : "LINDA",
      "lastUpdateUserId" : "LINDA",
      "computerId" : "DESKTOP-9TRIRBU",
      "companyId" : "11000",
      "documentNumber" : 180400007,
      "documentType" : "OV",
      "sequence" : 10,
      "purchaseReceiptNumber" : 180400007,
      "purchaseReceiptType" : "OV",
      "matchCode" : "2",
      "businessUnitId" : "110",
      "batchNumber" : 5,
      "batchType" : "O",
      "vendorId" : "2327",
      "baseCurrency" : "IDR",
      "transactionCurrency" : "IDR",
      "exchangeRate" : 1.000000000,
      "itemCode" : "LG.MONITOR-19M38A",
      "locationId" : "GDU",
      "serialLotNo" : "",
      "itemDescription" : "LG Monitor LED 18.5\" 19M38",
      "lineType" : "S",
      "unitOfMeasure" : "UNT",
      "unitConversionFactor" : 1.000000000,
      "primaryTransactionQuantity" : 2.00000,
      "primaryUnitOfMeasure" : "UNT",
      "secondaryTransactionQuantity" : 0.00000,
      "secondaryUnitOfMeasure" : "UNT",
      "unitCost" : 865000.0000000,
      "extendedCost" : 1730000.00000,
      "taxBase" : 0.00000,
      "taxAmount" : 157272.72727,
      "foreignUnitCost" : 0E-7,
      "foreignExtendedCost" : 0.00000,
      "foreignTaxBase" : 0.00000,
      "foreignTaxAmount" : 0.00000,
      "accountId" : "",
      "glClass" : "INFG",
      "lastStatus" : "440",
      "nextStatus" : "999",
      "receiptDate" : "2018-04-10",
      "paymentTermCode" : "N14",
      "taxCode" : "INCL",
      "taxAllowance" : true,
      "taxRate" : 10.000000000000000,
      "discountCode" : "",
      "discountRate" : 0E-15,
      "unitDiscountCode" : "",
      "unitDiscountRate" : 0E-15,
      "projectId" : "",
      "invoiceNumber" : 180400007,
      "invoiceType" : "PV",
      "invoiceSequence" : 10,
      "invoiceDate" : "2018-04-11",
      "orderNumber" : 180400006,
      "orderType" : "OP",
      "orderSequence" : 10,
      "orderDetail" : {
        "inputUserId" : "LINDA",
        "lastUpdateUserId" : "LINDA",
        "computerId" : "DESKTOP-9TRIRBU",
        "companyId" : "11000",
        "purchaseOrderNumber" : 180400006,
        "purchaseOrderType" : "OP",
        "purchaseOrderSequence" : 10,
        "documentNumber" : 180400006,
        "documentType" : "OP",
        "sequence" : 10,
        "businessUnitId" : "110",
        "vendorId" : "2327",
        "receiverId" : "",
        "customerId" : "",
        "itemCode" : "LG.MONITOR-19M38A",
        "locationId" : "GDU",
        "serialLotNo" : "",
        "itemDescription" : "LG Monitor LED 18.5\" 19M38",
        "lineType" : "S",
        "quantity" : 2.00000,
        "extendedQuantity" : 0.00000,
        "orderQuantity" : 0.00000,
        "receivedQuantity" : 2.00000,
        "cancelledQuantity" : 0.00000,
        "returnedQuantity" : 0.00000,
        "openQuantity" : 0.00000,
        "unitOfMeasure" : "UNT",
        "extendedUnitOfMeasure" : "",
        "unitConversionFactor" : 1.000000000,
        "extendedUnitConversionFactor" : 0E-9,
        "primaryOrderQuantity" : 0.00000,
        "primaryUnitOfMeasure" : "UNT",
        "secondaryOrderQuantity" : 0.00000,
        "secondaryUnitOfMeasure" : "UNT",
        "baseCurrency" : "IDR",
        "transactionCurrency" : "IDR",
        "exchangeRate" : 1.000000000,
        "unitCost" : 865000.0000000,
        "extendedUnitCost" : 0E-7,
        "extendedCost" : 1730000.00000,
        "taxBase" : 0.00000,
        "taxAmount" : 157272.72730,
        "foreignUnitCost" : 0E-7,
        "foreignExtendedCost" : 0.00000,
        "foreignTaxBase" : 0.00000,
        "foreignTaxAmount" : 0.00000,
        "accountId" : "",
        "glClass" : "INFG",
        "lastStatus" : "400",
        "nextStatus" : "440",
        "orderDate" : "2018-04-10",
        "requestDate" : null,
        "promisedDeliveryDate" : null,
        "receiptDate" : "2018-04-10",
        "closedDate" : null,
        "glDate" : null,
        "paymentTermCode" : "N14",
        "taxCode" : "INCL",
        "taxAllowance" : true,
        "taxRate" : 10.000000000000000,
        "discountCode" : "",
        "discountRate" : 0E-15,
        "unitDiscountCode" : "",
        "unitDiscountRate" : 0E-15,
        "projectId" : "",
        "approvalCode" : "",
        "objectId" : "F43141",
        "originalDocumentNumber" : 0,
        "originalDocumentType" : "",
        "originalDocumentSequence" : 0,
        "originalDocumentDate" : null,
        "relatedDocumentNumber" : 0,
        "relatedDocumentType" : "",
        "relatedDocumentSequence" : 0,
        "categoryCode" : "",
        "brandCode" : "",
        "typeCode" : "",
        "landedCostRule" : "",
        "jobNo" : "",
        "shipmentId" : "",
        "packinglistId" : "",
        "deliveryOrderNumber" : "",
        "sealNumber" : "",
        "feederVessel" : "",
        "connectingVessel" : "",
        "shippedBy" : "",
        "containerSize" : "",
        "stuffingType" : "",
        "containerLoadType" : "",
        "orderTransactionType" : "",
        "setForVoid" : false,
        "status" : "CLOSED",
        "lastUpdateDateTime" : "2018-04-11T15:19:07",
        "inputDateTime" : "2018-04-11T15:18:52",
        "extended" : false,
        "unitDiscountAmount" : 0.00,
        "costAfterUnitDiscount" : 1730000.00000,
        "voided" : false
      },
      "originalDocumentNumber" : 0,
      "originalDocumentType" : "",
      "originalDocumentSequence" : 0,
      "customerOrderNumber" : "SIO/MDR/18/04/10/0003",
      "customerOrderDate" : null,
      "vendorInvoiceNumber" : "SIO/MDR/18/04/10/0003",
      "vendorInvoiceDate" : "2018-04-10",
      "taxInvoiceNumber" : "",
      "taxInvoiceDate" : null,
      "expiredDate" : null,
      "inventoryTransactionType" : "1",
      "landedCostRecordType" : "",
      "routingProcess" : false,
      "levelCost" : "",
      "categoryCode" : "",
      "brandCode" : "",
      "typeCode" : "",
      "landedCostRule" : "",
      "jobNo" : "",
      "shipmentId" : "",
      "packinglistId" : "",
      "deliveryOrderNumber" : "",
      "sealNumber" : "",
      "containerSize" : "",
      "stuffingType" : "",
      "containerLoadType" : "",
      "conditionOfTransport" : "",
      "containerId" : "",
      "portOfDepartureId" : "",
      "portOfArrivalId" : "",
      "importDeclarationNumber" : "",
      "importDeclarationDate" : null,
      "description" : "PO/ATG/2018/IV/353 (ACC) / PO/ATG/180400038 (ERP)",
      "objectId" : "F43141",
      "recordId" : "20180411.151950148.0",
      "toBeVoided" : false,
      "additive" : true,
      "transactionDate" : "2018-04-10",
      "businessPartnerId" : "2327",
      "serialOrLotNumbers" : [ ],
      "lastUpdateDateTime" : "2018-04-11T15:19:07",
      "inputDateTime" : "2018-04-11T15:18:52",
      "quantity" : 2.00000,
      "voided" : true,
      "_links" : {
        "self" : {
          "href" : "http://localhost/api/purchaseReceipts/11000_180400007_OV_10"
        },
        "purchaseReceipt" : {
          "href" : "http://localhost/api/purchaseReceipts/11000_180400007_OV_10"
        },
        "sameReceipt" : {
          "href" : "http://localhost/api/purchaseReceipts/11000_180400007_OV_10/sameReceipt"
        },
        "item" : {
          "href" : "http://localhost/api/purchaseReceipts/11000_180400007_OV_10/item"
        },
        "serialNumbers" : {
          "href" : "http://localhost/api/purchaseReceipts/11000_180400007_OV_10/serialNumbers"
        }
      }
    }, {
      "inputUserId" : "LINDA",
      "lastUpdateUserId" : "LINDA",
      "computerId" : "DESKTOP-9TRIRBU",
      "companyId" : "11000",
      "documentNumber" : 180400008,
      "documentType" : "OV",
      "sequence" : 10,
      "purchaseReceiptNumber" : 180400008,
      "purchaseReceiptType" : "OV",
      "matchCode" : "2",
      "businessUnitId" : "110",
      "batchNumber" : 6,
      "batchType" : "O",
      "vendorId" : "2931",
      "baseCurrency" : "IDR",
      "transactionCurrency" : "IDR",
      "exchangeRate" : 1.000000000,
      "itemCode" : "DELL.MONITOR-E2216HV",
      "locationId" : "GDU",
      "serialLotNo" : "",
      "itemDescription" : "Dell Monitor 21.5\" E2216HV",
      "lineType" : "S",
      "unitOfMeasure" : "UNT",
      "unitConversionFactor" : 1.000000000,
      "primaryTransactionQuantity" : 1.00000,
      "primaryUnitOfMeasure" : "UNT",
      "secondaryTransactionQuantity" : 0.00000,
      "secondaryUnitOfMeasure" : "UNT",
      "unitCost" : 1324999.9950000,
      "extendedCost" : 1324999.99500,
      "taxBase" : 0.00000,
      "taxAmount" : 120454.54500,
      "foreignUnitCost" : 0E-7,
      "foreignExtendedCost" : 0.00000,
      "foreignTaxBase" : 0.00000,
      "foreignTaxAmount" : 0.00000,
      "accountId" : "",
      "glClass" : "INFG",
      "lastStatus" : "440",
      "nextStatus" : "999",
      "receiptDate" : "2018-04-10",
      "paymentTermCode" : "N14",
      "taxCode" : "INCL",
      "taxAllowance" : true,
      "taxRate" : 10.000000000000000,
      "discountCode" : "",
      "discountRate" : 0E-15,
      "unitDiscountCode" : "",
      "unitDiscountRate" : 0E-15,
      "projectId" : "",
      "invoiceNumber" : 180400009,
      "invoiceType" : "PV",
      "invoiceSequence" : 10,
      "invoiceDate" : "2018-04-11",
      "orderNumber" : 180400008,
      "orderType" : "OP",
      "orderSequence" : 10,
      "orderDetail" : {
        "inputUserId" : "LINDA",
        "lastUpdateUserId" : "LINDA",
        "computerId" : "DESKTOP-9TRIRBU",
        "companyId" : "11000",
        "purchaseOrderNumber" : 180400008,
        "purchaseOrderType" : "OP",
        "purchaseOrderSequence" : 10,
        "documentNumber" : 180400008,
        "documentType" : "OP",
        "sequence" : 10,
        "businessUnitId" : "110",
        "vendorId" : "2931",
        "receiverId" : "",
        "customerId" : "",
        "itemCode" : "DELL.MONITOR-E2216HV",
        "locationId" : "GDU",
        "serialLotNo" : "",
        "itemDescription" : "Dell Monitor 21.5\" E2216HV",
        "lineType" : "S",
        "quantity" : 1.00000,
        "extendedQuantity" : 0.00000,
        "orderQuantity" : 0.00000,
        "receivedQuantity" : 1.00000,
        "cancelledQuantity" : 0.00000,
        "returnedQuantity" : 0.00000,
        "openQuantity" : 0.00000,
        "unitOfMeasure" : "UNT",
        "extendedUnitOfMeasure" : "",
        "unitConversionFactor" : 1.000000000,
        "extendedUnitConversionFactor" : 0E-9,
        "primaryOrderQuantity" : 0.00000,
        "primaryUnitOfMeasure" : "UNT",
        "secondaryOrderQuantity" : 0.00000,
        "secondaryUnitOfMeasure" : "UNT",
        "baseCurrency" : "IDR",
        "transactionCurrency" : "IDR",
        "exchangeRate" : 1.000000000,
        "unitCost" : 1324999.9950000,
        "extendedUnitCost" : 0E-7,
        "extendedCost" : 1324999.99500,
        "taxBase" : 0.00000,
        "taxAmount" : 120454.54500,
        "foreignUnitCost" : 0E-7,
        "foreignExtendedCost" : 0.00000,
        "foreignTaxBase" : 0.00000,
        "foreignTaxAmount" : 0.00000,
        "accountId" : "",
        "glClass" : "INFG",
        "lastStatus" : "400",
        "nextStatus" : "440",
        "orderDate" : "2018-04-10",
        "requestDate" : null,
        "promisedDeliveryDate" : null,
        "receiptDate" : "2018-04-10",
        "closedDate" : null,
        "glDate" : null,
        "paymentTermCode" : "N14",
        "taxCode" : "INCL",
        "taxAllowance" : true,
        "taxRate" : 10.000000000000000,
        "discountCode" : "",
        "discountRate" : 0E-15,
        "unitDiscountCode" : "",
        "unitDiscountRate" : 0E-15,
        "projectId" : "",
        "approvalCode" : "",
        "objectId" : "F43141",
        "originalDocumentNumber" : 0,
        "originalDocumentType" : "",
        "originalDocumentSequence" : 0,
        "originalDocumentDate" : null,
        "relatedDocumentNumber" : 0,
        "relatedDocumentType" : "",
        "relatedDocumentSequence" : 0,
        "categoryCode" : "INV",
        "brandCode" : "",
        "typeCode" : "",
        "landedCostRule" : "",
        "jobNo" : "",
        "shipmentId" : "",
        "packinglistId" : "",
        "deliveryOrderNumber" : "",
        "sealNumber" : "",
        "feederVessel" : "",
        "connectingVessel" : "",
        "shippedBy" : "",
        "containerSize" : "",
        "stuffingType" : "",
        "containerLoadType" : "",
        "orderTransactionType" : "",
        "setForVoid" : false,
        "status" : "CLOSED",
        "lastUpdateDateTime" : "2018-04-11T15:43:56",
        "inputDateTime" : "2018-04-11T15:43:27",
        "extended" : false,
        "unitDiscountAmount" : 0.00,
        "costAfterUnitDiscount" : 1324999.99500,
        "voided" : false
      },
      "originalDocumentNumber" : 0,
      "originalDocumentType" : "",
      "originalDocumentSequence" : 0,
      "customerOrderNumber" : "SL-A18040322",
      "customerOrderDate" : null,
      "vendorInvoiceNumber" : "SL-A18040322",
      "vendorInvoiceDate" : "2018-04-09",
      "taxInvoiceNumber" : "",
      "taxInvoiceDate" : null,
      "expiredDate" : null,
      "inventoryTransactionType" : "1",
      "landedCostRecordType" : "",
      "routingProcess" : false,
      "levelCost" : "",
      "categoryCode" : "INV",
      "brandCode" : "",
      "typeCode" : "",
      "landedCostRule" : "",
      "jobNo" : "",
      "shipmentId" : "",
      "packinglistId" : "",
      "deliveryOrderNumber" : "",
      "sealNumber" : "",
      "containerSize" : "",
      "stuffingType" : "",
      "containerLoadType" : "",
      "conditionOfTransport" : "",
      "containerId" : "",
      "portOfDepartureId" : "",
      "portOfArrivalId" : "",
      "importDeclarationNumber" : "",
      "importDeclarationDate" : null,
      "description" : "PO/ATG/2018/IV/349 (ACC) / PO/ATG/180400040 (ERP)",
      "objectId" : "F43141",
      "recordId" : "20180411.154426617.0",
      "toBeVoided" : false,
      "additive" : true,
      "transactionDate" : "2018-04-10",
      "businessPartnerId" : "2931",
      "serialOrLotNumbers" : [ ],
      "lastUpdateDateTime" : "2018-04-11T15:43:56",
      "inputDateTime" : "2018-04-11T15:43:27",
      "quantity" : 1.00000,
      "voided" : true,
      "_links" : {
        "self" : {
          "href" : "http://localhost/api/purchaseReceipts/11000_180400008_OV_10"
        },
        "purchaseReceipt" : {
          "href" : "http://localhost/api/purchaseReceipts/11000_180400008_OV_10"
        },
        "sameReceipt" : {
          "href" : "http://localhost/api/purchaseReceipts/11000_180400008_OV_10/sameReceipt"
        },
        "item" : {
          "href" : "http://localhost/api/purchaseReceipts/11000_180400008_OV_10/item"
        },
        "serialNumbers" : {
          "href" : "http://localhost/api/purchaseReceipts/11000_180400008_OV_10/serialNumbers"
        }
      }
    }, {
      "inputUserId" : "LINDA",
      "lastUpdateUserId" : "LINDA",
      "computerId" : "DESKTOP-9TRIRBU",
      "companyId" : "11000",
      "documentNumber" : 180400008,
      "documentType" : "OV",
      "sequence" : 20,
      "purchaseReceiptNumber" : 180400008,
      "purchaseReceiptType" : "OV",
      "matchCode" : "2",
      "businessUnitId" : "110",
      "batchNumber" : 6,
      "batchType" : "O",
      "vendorId" : "2931",
      "baseCurrency" : "IDR",
      "transactionCurrency" : "IDR",
      "exchangeRate" : 1.000000000,
      "itemCode" : "DELL.MONITOR-S2240T",
      "locationId" : "GDU",
      "serialLotNo" : "",
      "itemDescription" : "Dell Monitor Touchscreen S2240T 21\"",
      "lineType" : "S",
      "unitOfMeasure" : "UNT",
      "unitConversionFactor" : 1.000000000,
      "primaryTransactionQuantity" : 1.00000,
      "primaryUnitOfMeasure" : "UNT",
      "secondaryTransactionQuantity" : 0.00000,
      "secondaryUnitOfMeasure" : "UNT",
      "unitCost" : 4100000.0000000,
      "extendedCost" : 4100000.00000,
      "taxBase" : 0.00000,
      "taxAmount" : 372727.27272,
      "foreignUnitCost" : 0E-7,
      "foreignExtendedCost" : 0.00000,
      "foreignTaxBase" : 0.00000,
      "foreignTaxAmount" : 0.00000,
      "accountId" : "",
      "glClass" : "INFG",
      "lastStatus" : "440",
      "nextStatus" : "999",
      "receiptDate" : "2018-04-10",
      "paymentTermCode" : "N14",
      "taxCode" : "INCL",
      "taxAllowance" : true,
      "taxRate" : 10.000000000000000,
      "discountCode" : "",
      "discountRate" : 0E-15,
      "unitDiscountCode" : "",
      "unitDiscountRate" : 0E-15,
      "projectId" : "",
      "invoiceNumber" : 180400009,
      "invoiceType" : "PV",
      "invoiceSequence" : 10,
      "invoiceDate" : "2018-04-11",
      "orderNumber" : 180400008,
      "orderType" : "OP",
      "orderSequence" : 20,
      "orderDetail" : {
        "inputUserId" : "LINDA",
        "lastUpdateUserId" : "LINDA",
        "computerId" : "DESKTOP-9TRIRBU",
        "companyId" : "11000",
        "purchaseOrderNumber" : 180400008,
        "purchaseOrderType" : "OP",
        "purchaseOrderSequence" : 20,
        "documentNumber" : 180400008,
        "documentType" : "OP",
        "sequence" : 20,
        "businessUnitId" : "110",
        "vendorId" : "2931",
        "receiverId" : "",
        "customerId" : "",
        "itemCode" : "DELL.MONITOR-S2240T",
        "locationId" : "GDU",
        "serialLotNo" : "",
        "itemDescription" : "Dell Monitor Touchscreen S2240T 21\"",
        "lineType" : "S",
        "quantity" : 1.00000,
        "extendedQuantity" : 0.00000,
        "orderQuantity" : 0.00000,
        "receivedQuantity" : 1.00000,
        "cancelledQuantity" : 0.00000,
        "returnedQuantity" : 0.00000,
        "openQuantity" : 0.00000,
        "unitOfMeasure" : "UNT",
        "extendedUnitOfMeasure" : "",
        "unitConversionFactor" : 1.000000000,
        "extendedUnitConversionFactor" : 0E-9,
        "primaryOrderQuantity" : 0.00000,
        "primaryUnitOfMeasure" : "UNT",
        "secondaryOrderQuantity" : 0.00000,
        "secondaryUnitOfMeasure" : "UNT",
        "baseCurrency" : "IDR",
        "transactionCurrency" : "IDR",
        "exchangeRate" : 1.000000000,
        "unitCost" : 4100000.0000000,
        "extendedUnitCost" : 0E-7,
        "extendedCost" : 4100000.00000,
        "taxBase" : 0.00000,
        "taxAmount" : 372727.27270,
        "foreignUnitCost" : 0E-7,
        "foreignExtendedCost" : 0.00000,
        "foreignTaxBase" : 0.00000,
        "foreignTaxAmount" : 0.00000,
        "accountId" : "",
        "glClass" : "INFG",
        "lastStatus" : "400",
        "nextStatus" : "440",
        "orderDate" : "2018-04-10",
        "requestDate" : null,
        "promisedDeliveryDate" : null,
        "receiptDate" : "2018-04-10",
        "closedDate" : null,
        "glDate" : null,
        "paymentTermCode" : "N14",
        "taxCode" : "INCL",
        "taxAllowance" : true,
        "taxRate" : 10.000000000000000,
        "discountCode" : "",
        "discountRate" : 0E-15,
        "unitDiscountCode" : "",
        "unitDiscountRate" : 0E-15,
        "projectId" : "",
        "approvalCode" : "",
        "objectId" : "F43141",
        "originalDocumentNumber" : 0,
        "originalDocumentType" : "",
        "originalDocumentSequence" : 0,
        "originalDocumentDate" : null,
        "relatedDocumentNumber" : 0,
        "relatedDocumentType" : "",
        "relatedDocumentSequence" : 0,
        "categoryCode" : "INV",
        "brandCode" : "",
        "typeCode" : "",
        "landedCostRule" : "",
        "jobNo" : "",
        "shipmentId" : "",
        "packinglistId" : "",
        "deliveryOrderNumber" : "",
        "sealNumber" : "",
        "feederVessel" : "",
        "connectingVessel" : "",
        "shippedBy" : "",
        "containerSize" : "",
        "stuffingType" : "",
        "containerLoadType" : "",
        "orderTransactionType" : "",
        "setForVoid" : false,
        "status" : "CLOSED",
        "lastUpdateDateTime" : "2018-04-11T15:44:04",
        "inputDateTime" : "2018-04-11T15:43:47",
        "extended" : false,
        "unitDiscountAmount" : 0.00,
        "costAfterUnitDiscount" : 4100000.00000,
        "voided" : false
      },
      "originalDocumentNumber" : 0,
      "originalDocumentType" : "",
      "originalDocumentSequence" : 0,
      "customerOrderNumber" : "SL-A18040322",
      "customerOrderDate" : null,
      "vendorInvoiceNumber" : "SL-A18040322",
      "vendorInvoiceDate" : "2018-04-09",
      "taxInvoiceNumber" : "",
      "taxInvoiceDate" : null,
      "expiredDate" : null,
      "inventoryTransactionType" : "1",
      "landedCostRecordType" : "",
      "routingProcess" : false,
      "levelCost" : "",
      "categoryCode" : "INV",
      "brandCode" : "",
      "typeCode" : "",
      "landedCostRule" : "",
      "jobNo" : "",
      "shipmentId" : "",
      "packinglistId" : "",
      "deliveryOrderNumber" : "",
      "sealNumber" : "",
      "containerSize" : "",
      "stuffingType" : "",
      "containerLoadType" : "",
      "conditionOfTransport" : "",
      "containerId" : "",
      "portOfDepartureId" : "",
      "portOfArrivalId" : "",
      "importDeclarationNumber" : "",
      "importDeclarationDate" : null,
      "description" : "PO/ATG/2018/IV/349 (ACC) / PO/ATG/180400040 (ERP)",
      "objectId" : "F43141",
      "recordId" : "20180411.154426695.0",
      "toBeVoided" : false,
      "additive" : true,
      "transactionDate" : "2018-04-10",
      "businessPartnerId" : "2931",
      "serialOrLotNumbers" : [ ],
      "lastUpdateDateTime" : "2018-04-11T15:44:04",
      "inputDateTime" : "2018-04-11T15:43:47",
      "quantity" : 1.00000,
      "voided" : true,
      "_links" : {
        "self" : {
          "href" : "http://localhost/api/purchaseReceipts/11000_180400008_OV_20"
        },
        "purchaseReceipt" : {
          "href" : "http://localhost/api/purchaseReceipts/11000_180400008_OV_20"
        },
        "sameReceipt" : {
          "href" : "http://localhost/api/purchaseReceipts/11000_180400008_OV_20/sameReceipt"
        },
        "item" : {
          "href" : "http://localhost/api/purchaseReceipts/11000_180400008_OV_20/item"
        },
        "serialNumbers" : {
          "href" : "http://localhost/api/purchaseReceipts/11000_180400008_OV_20/serialNumbers"
        }
      }
    }, {
      "inputUserId" : "LINDA",
      "lastUpdateUserId" : "LINDA",
      "computerId" : "DESKTOP-9TRIRBU",
      "companyId" : "11000",
      "documentNumber" : 180400009,
      "documentType" : "OV",
      "sequence" : 10,
      "purchaseReceiptNumber" : 180400009,
      "purchaseReceiptType" : "OV",
      "matchCode" : "2",
      "businessUnitId" : "110",
      "batchNumber" : 6,
      "batchType" : "O",
      "vendorId" : "2842",
      "baseCurrency" : "IDR",
      "transactionCurrency" : "IDR",
      "exchangeRate" : 1.000000000,
      "itemCode" : "CAN.TINTA-PG740",
      "locationId" : "GDU",
      "serialLotNo" : "",
      "itemDescription" : "Canon Tinta PG 740 Black",
      "lineType" : "S",
      "unitOfMeasure" : "PCS",
      "unitConversionFactor" : 1.000000000,
      "primaryTransactionQuantity" : 10.00000,
      "primaryUnitOfMeasure" : "PCS",
      "secondaryTransactionQuantity" : 0.00000,
      "secondaryUnitOfMeasure" : "PCS",
      "unitCost" : 177999.9980000,
      "extendedCost" : 1779999.98000,
      "taxBase" : 0.00000,
      "taxAmount" : 161818.18000,
      "foreignUnitCost" : 0E-7,
      "foreignExtendedCost" : 0.00000,
      "foreignTaxBase" : 0.00000,
      "foreignTaxAmount" : 0.00000,
      "accountId" : "",
      "glClass" : "INFG",
      "lastStatus" : "440",
      "nextStatus" : "999",
      "receiptDate" : "2018-04-10",
      "paymentTermCode" : "N30",
      "taxCode" : "INCL",
      "taxAllowance" : true,
      "taxRate" : 10.000000000000000,
      "discountCode" : "",
      "discountRate" : 0E-15,
      "unitDiscountCode" : "",
      "unitDiscountRate" : 0E-15,
      "projectId" : "",
      "invoiceNumber" : 180400008,
      "invoiceType" : "PV",
      "invoiceSequence" : 10,
      "invoiceDate" : "2018-04-11",
      "orderNumber" : 180400009,
      "orderType" : "OP",
      "orderSequence" : 10,
      "orderDetail" : {
        "inputUserId" : "LINDA",
        "lastUpdateUserId" : "LINDA",
        "computerId" : "DESKTOP-9TRIRBU",
        "companyId" : "11000",
        "purchaseOrderNumber" : 180400009,
        "purchaseOrderType" : "OP",
        "purchaseOrderSequence" : 10,
        "documentNumber" : 180400009,
        "documentType" : "OP",
        "sequence" : 10,
        "businessUnitId" : "110",
        "vendorId" : "2842",
        "receiverId" : "",
        "customerId" : "",
        "itemCode" : "CAN.TINTA-PG740",
        "locationId" : "GDU",
        "serialLotNo" : "",
        "itemDescription" : "Canon Tinta PG 740 Black",
        "lineType" : "S",
        "quantity" : 10.00000,
        "extendedQuantity" : 0.00000,
        "orderQuantity" : 0.00000,
        "receivedQuantity" : 10.00000,
        "cancelledQuantity" : 0.00000,
        "returnedQuantity" : 0.00000,
        "openQuantity" : 0.00000,
        "unitOfMeasure" : "PCS",
        "extendedUnitOfMeasure" : "",
        "unitConversionFactor" : 1.000000000,
        "extendedUnitConversionFactor" : 0E-9,
        "primaryOrderQuantity" : 0.00000,
        "primaryUnitOfMeasure" : "PCS",
        "secondaryOrderQuantity" : 0.00000,
        "secondaryUnitOfMeasure" : "PCS",
        "baseCurrency" : "IDR",
        "transactionCurrency" : "IDR",
        "exchangeRate" : 1.000000000,
        "unitCost" : 177999.9980000,
        "extendedUnitCost" : 0E-7,
        "extendedCost" : 1779999.98000,
        "taxBase" : 0.00000,
        "taxAmount" : 161818.18000,
        "foreignUnitCost" : 0E-7,
        "foreignExtendedCost" : 0.00000,
        "foreignTaxBase" : 0.00000,
        "foreignTaxAmount" : 0.00000,
        "accountId" : "",
        "glClass" : "INFG",
        "lastStatus" : "400",
        "nextStatus" : "440",
        "orderDate" : "2018-04-10",
        "requestDate" : null,
        "promisedDeliveryDate" : null,
        "receiptDate" : "2018-04-10",
        "closedDate" : null,
        "glDate" : null,
        "paymentTermCode" : "N30",
        "taxCode" : "INCL",
        "taxAllowance" : true,
        "taxRate" : 10.000000000000000,
        "discountCode" : "",
        "discountRate" : 0E-15,
        "unitDiscountCode" : "",
        "unitDiscountRate" : 0E-15,
        "projectId" : "",
        "approvalCode" : "",
        "objectId" : "F43141",
        "originalDocumentNumber" : 0,
        "originalDocumentType" : "",
        "originalDocumentSequence" : 0,
        "originalDocumentDate" : null,
        "relatedDocumentNumber" : 0,
        "relatedDocumentType" : "",
        "relatedDocumentSequence" : 0,
        "categoryCode" : "INV",
        "brandCode" : "",
        "typeCode" : "",
        "landedCostRule" : "",
        "jobNo" : "",
        "shipmentId" : "",
        "packinglistId" : "",
        "deliveryOrderNumber" : "",
        "sealNumber" : "",
        "feederVessel" : "",
        "connectingVessel" : "",
        "shippedBy" : "",
        "containerSize" : "",
        "stuffingType" : "",
        "containerLoadType" : "",
        "orderTransactionType" : "",
        "setForVoid" : false,
        "status" : "CLOSED",
        "lastUpdateDateTime" : "2018-04-11T15:47:20",
        "inputDateTime" : "2018-04-11T15:47:20",
        "extended" : false,
        "unitDiscountAmount" : 0.00,
        "costAfterUnitDiscount" : 1779999.98000,
        "voided" : false
      },
      "originalDocumentNumber" : 0,
      "originalDocumentType" : "",
      "originalDocumentSequence" : 0,
      "customerOrderNumber" : "PJL-59-1804-000774",
      "customerOrderDate" : null,
      "vendorInvoiceNumber" : "PJL-59-1804-000774",
      "vendorInvoiceDate" : "2018-04-09",
      "taxInvoiceNumber" : "",
      "taxInvoiceDate" : null,
      "expiredDate" : null,
      "inventoryTransactionType" : "1",
      "landedCostRecordType" : "",
      "routingProcess" : false,
      "levelCost" : "",
      "categoryCode" : "INV",
      "brandCode" : "",
      "typeCode" : "",
      "landedCostRule" : "",
      "jobNo" : "",
      "shipmentId" : "",
      "packinglistId" : "",
      "deliveryOrderNumber" : "",
      "sealNumber" : "",
      "containerSize" : "",
      "stuffingType" : "",
      "containerLoadType" : "",
      "conditionOfTransport" : "",
      "containerId" : "",
      "portOfDepartureId" : "",
      "portOfArrivalId" : "",
      "importDeclarationNumber" : "",
      "importDeclarationDate" : null,
      "description" : "PO/ATG/2018/IV/348 (ACC) / PO/ATG/180400041 (ERP)\t",
      "objectId" : "F43141",
      "recordId" : "20180411.154743196.0",
      "toBeVoided" : false,
      "additive" : true,
      "transactionDate" : "2018-04-10",
      "businessPartnerId" : "2842",
      "serialOrLotNumbers" : [ ],
      "lastUpdateDateTime" : "2018-04-11T15:47:20",
      "inputDateTime" : "2018-04-11T15:47:20",
      "quantity" : 10.00000,
      "voided" : true,
      "_links" : {
        "self" : {
          "href" : "http://localhost/api/purchaseReceipts/11000_180400009_OV_10"
        },
        "purchaseReceipt" : {
          "href" : "http://localhost/api/purchaseReceipts/11000_180400009_OV_10"
        },
        "sameReceipt" : {
          "href" : "http://localhost/api/purchaseReceipts/11000_180400009_OV_10/sameReceipt"
        },
        "item" : {
          "href" : "http://localhost/api/purchaseReceipts/11000_180400009_OV_10/item"
        },
        "serialNumbers" : {
          "href" : "http://localhost/api/purchaseReceipts/11000_180400009_OV_10/serialNumbers"
        }
      }
    }, {
      "inputUserId" : "IIS",
      "lastUpdateUserId" : "IIS",
      "computerId" : "GUDANG-PC",
      "companyId" : "11000",
      "documentNumber" : 180400012,
      "documentType" : "OV",
      "sequence" : 10,
      "purchaseReceiptNumber" : 180400012,
      "purchaseReceiptType" : "OV",
      "matchCode" : "1",
      "businessUnitId" : "110",
      "batchNumber" : 9,
      "batchType" : "O",
      "vendorId" : "1475",
      "baseCurrency" : "IDR",
      "transactionCurrency" : "IDR",
      "exchangeRate" : 1.000000000,
      "itemCode" : "VGEN.MEMORY-DDR4",
      "locationId" : "GDU",
      "serialLotNo" : "",
      "itemDescription" : "Memory 4GB DDR4 V-Gen Platinum",
      "lineType" : "S",
      "unitOfMeasure" : "UNT",
      "unitConversionFactor" : 1.000000000,
      "primaryTransactionQuantity" : 1.00000,
      "primaryUnitOfMeasure" : "UNT",
      "secondaryTransactionQuantity" : 0.00000,
      "secondaryUnitOfMeasure" : "UNT",
      "unitCost" : 695000.0000000,
      "extendedCost" : 695000.00000,
      "taxBase" : 0.00000,
      "taxAmount" : 63181.81818,
      "foreignUnitCost" : 0E-7,
      "foreignExtendedCost" : 0.00000,
      "foreignTaxBase" : 0.00000,
      "foreignTaxAmount" : 0.00000,
      "accountId" : "",
      "glClass" : "INFG",
      "lastStatus" : "440",
      "nextStatus" : "999",
      "receiptDate" : null,
      "paymentTermCode" : "N14",
      "taxCode" : "INCL",
      "taxAllowance" : true,
      "taxRate" : 10.000000000000000,
      "discountCode" : "",
      "discountRate" : 0E-15,
      "unitDiscountCode" : "",
      "unitDiscountRate" : 0E-15,
      "projectId" : "",
      "invoiceNumber" : 0,
      "invoiceType" : "",
      "invoiceSequence" : 0,
      "invoiceDate" : null,
      "orderNumber" : 180400003,
      "orderType" : "OP",
      "orderSequence" : 10,
      "orderDetail" : {
        "inputUserId" : "PUPUT",
        "lastUpdateUserId" : "PUPUT",
        "computerId" : "USER-PC",
        "companyId" : "11000",
        "purchaseOrderNumber" : 180400003,
        "purchaseOrderType" : "OP",
        "purchaseOrderSequence" : 10,
        "documentNumber" : 180400003,
        "documentType" : "OP",
        "sequence" : 10,
        "businessUnitId" : "110",
        "vendorId" : "1475",
        "receiverId" : "1475",
        "customerId" : "",
        "itemCode" : "VGEN.MEMORY-DDR4",
        "locationId" : "GDU",
        "serialLotNo" : "",
        "itemDescription" : "Memory 4GB DDR4 V-Gen Platinum",
        "lineType" : "S",
        "quantity" : 1.00000,
        "extendedQuantity" : 0.00000,
        "orderQuantity" : 0.00000,
        "receivedQuantity" : 1.00000,
        "cancelledQuantity" : 0.00000,
        "returnedQuantity" : 0.00000,
        "openQuantity" : 0.00000,
        "unitOfMeasure" : "UNT",
        "extendedUnitOfMeasure" : "",
        "unitConversionFactor" : 1.000000000,
        "extendedUnitConversionFactor" : 0E-9,
        "primaryOrderQuantity" : 1.00000,
        "primaryUnitOfMeasure" : "UNT",
        "secondaryOrderQuantity" : 0.00000,
        "secondaryUnitOfMeasure" : "UNT",
        "baseCurrency" : "IDR",
        "transactionCurrency" : "IDR",
        "exchangeRate" : 1.000000000,
        "unitCost" : 695000.0000000,
        "extendedUnitCost" : 0E-7,
        "extendedCost" : 695000.00000,
        "taxBase" : 0.00000,
        "taxAmount" : 63181.81818,
        "foreignUnitCost" : 0E-7,
        "foreignExtendedCost" : 0.00000,
        "foreignTaxBase" : 0.00000,
        "foreignTaxAmount" : 0.00000,
        "accountId" : "",
        "glClass" : "INFG",
        "lastStatus" : "220",
        "nextStatus" : "400",
        "orderDate" : "2018-04-11",
        "requestDate" : null,
        "promisedDeliveryDate" : "1899-12-30",
        "receiptDate" : null,
        "closedDate" : null,
        "glDate" : null,
        "paymentTermCode" : "N14",
        "taxCode" : "INCL",
        "taxAllowance" : true,
        "taxRate" : 10.000000000000000,
        "discountCode" : "",
        "discountRate" : 0E-15,
        "unitDiscountCode" : "",
        "unitDiscountRate" : 0E-15,
        "projectId" : "",
        "approvalCode" : "",
        "objectId" : "F4311",
        "originalDocumentNumber" : 0,
        "originalDocumentType" : "",
        "originalDocumentSequence" : 0,
        "originalDocumentDate" : null,
        "relatedDocumentNumber" : 0,
        "relatedDocumentType" : "",
        "relatedDocumentSequence" : 0,
        "categoryCode" : "",
        "brandCode" : "",
        "typeCode" : "",
        "landedCostRule" : "",
        "jobNo" : "",
        "shipmentId" : "",
        "packinglistId" : "",
        "deliveryOrderNumber" : "",
        "sealNumber" : "",
        "feederVessel" : "",
        "connectingVessel" : "",
        "shippedBy" : "",
        "containerSize" : "",
        "stuffingType" : "",
        "containerLoadType" : "",
        "orderTransactionType" : "",
        "setForVoid" : false,
        "status" : "CLOSED",
        "lastUpdateDateTime" : "2018-04-11T10:29:58",
        "inputDateTime" : "2018-04-11T10:29:58",
        "extended" : false,
        "unitDiscountAmount" : 0.00,
        "costAfterUnitDiscount" : 695000.00000,
        "voided" : false
      },
      "originalDocumentNumber" : 0,
      "originalDocumentType" : "",
      "originalDocumentSequence" : 0,
      "customerOrderNumber" : "180400003",
      "customerOrderDate" : null,
      "vendorInvoiceNumber" : "",
      "vendorInvoiceDate" : null,
      "taxInvoiceNumber" : "",
      "taxInvoiceDate" : null,
      "expiredDate" : null,
      "inventoryTransactionType" : "1",
      "landedCostRecordType" : "",
      "routingProcess" : false,
      "levelCost" : "",
      "categoryCode" : "INV",
      "brandCode" : "",
      "typeCode" : "",
      "landedCostRule" : "",
      "jobNo" : "",
      "shipmentId" : "",
      "packinglistId" : "",
      "deliveryOrderNumber" : "",
      "sealNumber" : "",
      "containerSize" : "",
      "stuffingType" : "",
      "containerLoadType" : "",
      "conditionOfTransport" : "",
      "containerId" : "",
      "portOfDepartureId" : "",
      "portOfArrivalId" : "",
      "importDeclarationNumber" : "",
      "importDeclarationDate" : null,
      "description" : "",
      "objectId" : "F43121",
      "recordId" : "20180412.135647458.0",
      "toBeVoided" : false,
      "additive" : true,
      "transactionDate" : "2018-04-12",
      "businessPartnerId" : "1475",
      "serialOrLotNumbers" : [ ],
      "lastUpdateDateTime" : "2018-04-12T13:56:43",
      "inputDateTime" : "2018-04-12T13:56:43",
      "quantity" : 1.00000,
      "voided" : true,
      "_links" : {
        "self" : {
          "href" : "http://localhost/api/purchaseReceipts/11000_180400012_OV_10"
        },
        "purchaseReceipt" : {
          "href" : "http://localhost/api/purchaseReceipts/11000_180400012_OV_10"
        },
        "sameReceipt" : {
          "href" : "http://localhost/api/purchaseReceipts/11000_180400012_OV_10/sameReceipt"
        },
        "item" : {
          "href" : "http://localhost/api/purchaseReceipts/11000_180400012_OV_10/item"
        },
        "serialNumbers" : {
          "href" : "http://localhost/api/purchaseReceipts/11000_180400012_OV_10/serialNumbers"
        }
      }
    }, {
      "inputUserId" : "LINDA",
      "lastUpdateUserId" : "LINDA",
      "computerId" : "DESKTOP-9TRIRBU",
      "companyId" : "11000",
      "documentNumber" : 180400015,
      "documentType" : "OV",
      "sequence" : 10,
      "purchaseReceiptNumber" : 180400015,
      "purchaseReceiptType" : "OV",
      "matchCode" : "2",
      "businessUnitId" : "110",
      "batchNumber" : 11,
      "batchType" : "O",
      "vendorId" : "2219",
      "baseCurrency" : "IDR",
      "transactionCurrency" : "IDR",
      "exchangeRate" : 1.000000000,
      "itemCode" : "XRX.TONER-CT202137",
      "locationId" : "GDU",
      "serialLotNo" : "",
      "itemDescription" : "Xerox Toner P 115 CT 202137",
      "lineType" : "S",
      "unitOfMeasure" : "PCS",
      "unitConversionFactor" : 1.000000000,
      "primaryTransactionQuantity" : 20.00000,
      "primaryUnitOfMeasure" : "PCS",
      "secondaryTransactionQuantity" : 0.00000,
      "secondaryUnitOfMeasure" : "PCS",
      "unitCost" : 260000.0000000,
      "extendedCost" : 5200000.00000,
      "taxBase" : 0.00000,
      "taxAmount" : 472727.27272,
      "foreignUnitCost" : 0E-7,
      "foreignExtendedCost" : 0.00000,
      "foreignTaxBase" : 0.00000,
      "foreignTaxAmount" : 0.00000,
      "accountId" : "",
      "glClass" : "INFG",
      "lastStatus" : "440",
      "nextStatus" : "999",
      "receiptDate" : "2018-04-09",
      "paymentTermCode" : "N60",
      "taxCode" : "INCL",
      "taxAllowance" : true,
      "taxRate" : 10.000000000000000,
      "discountCode" : "",
      "discountRate" : 0E-15,
      "unitDiscountCode" : "",
      "unitDiscountRate" : 0E-15,
      "projectId" : "",
      "invoiceNumber" : 180400076,
      "invoiceType" : "PV",
      "invoiceSequence" : 10,
      "invoiceDate" : "2018-04-13",
      "orderNumber" : 180400018,
      "orderType" : "OP",
      "orderSequence" : 10,
      "orderDetail" : {
        "inputUserId" : "LINDA",
        "lastUpdateUserId" : "LINDA",
        "computerId" : "DESKTOP-9TRIRBU",
        "companyId" : "11000",
        "purchaseOrderNumber" : 180400018,
        "purchaseOrderType" : "OP",
        "purchaseOrderSequence" : 10,
        "documentNumber" : 180400018,
        "documentType" : "OP",
        "sequence" : 10,
        "businessUnitId" : "110",
        "vendorId" : "2219",
        "receiverId" : "",
        "customerId" : "",
        "itemCode" : "XRX.TONER-CT202137",
        "locationId" : "GDU",
        "serialLotNo" : "",
        "itemDescription" : "Xerox Toner P 115 CT 202137",
        "lineType" : "S",
        "quantity" : 20.00000,
        "extendedQuantity" : 0.00000,
        "orderQuantity" : 0.00000,
        "receivedQuantity" : 20.00000,
        "cancelledQuantity" : 0.00000,
        "returnedQuantity" : 0.00000,
        "openQuantity" : 0.00000,
        "unitOfMeasure" : "PCS",
        "extendedUnitOfMeasure" : "",
        "unitConversionFactor" : 1.000000000,
        "extendedUnitConversionFactor" : 0E-9,
        "primaryOrderQuantity" : 0.00000,
        "primaryUnitOfMeasure" : "PCS",
        "secondaryOrderQuantity" : 0.00000,
        "secondaryUnitOfMeasure" : "PCS",
        "baseCurrency" : "IDR",
        "transactionCurrency" : "IDR",
        "exchangeRate" : 1.000000000,
        "unitCost" : 260000.0000000,
        "extendedUnitCost" : 0E-7,
        "extendedCost" : 5200000.00000,
        "taxBase" : 0.00000,
        "taxAmount" : 472727.27270,
        "foreignUnitCost" : 0E-7,
        "foreignExtendedCost" : 0.00000,
        "foreignTaxBase" : 0.00000,
        "foreignTaxAmount" : 0.00000,
        "accountId" : "",
        "glClass" : "INFG",
        "lastStatus" : "400",
        "nextStatus" : "440",
        "orderDate" : "2018-04-09",
        "requestDate" : null,
        "promisedDeliveryDate" : null,
        "receiptDate" : "2018-04-09",
        "closedDate" : null,
        "glDate" : null,
        "paymentTermCode" : "N60",
        "taxCode" : "INCL",
        "taxAllowance" : true,
        "taxRate" : 10.000000000000000,
        "discountCode" : "",
        "discountRate" : 0E-15,
        "unitDiscountCode" : "",
        "unitDiscountRate" : 0E-15,
        "projectId" : "",
        "approvalCode" : "",
        "objectId" : "F43141",
        "originalDocumentNumber" : 0,
        "originalDocumentType" : "",
        "originalDocumentSequence" : 0,
        "originalDocumentDate" : null,
        "relatedDocumentNumber" : 0,
        "relatedDocumentType" : "",
        "relatedDocumentSequence" : 0,
        "categoryCode" : "INV",
        "brandCode" : "",
        "typeCode" : "",
        "landedCostRule" : "",
        "jobNo" : "",
        "shipmentId" : "",
        "packinglistId" : "",
        "deliveryOrderNumber" : "",
        "sealNumber" : "",
        "feederVessel" : "",
        "connectingVessel" : "",
        "shippedBy" : "",
        "containerSize" : "",
        "stuffingType" : "",
        "containerLoadType" : "",
        "orderTransactionType" : "",
        "setForVoid" : false,
        "status" : "CLOSED",
        "lastUpdateDateTime" : "2018-04-12T14:07:42",
        "inputDateTime" : "2018-04-12T14:07:16",
        "extended" : false,
        "unitDiscountAmount" : 0.00,
        "costAfterUnitDiscount" : 5200000.00000,
        "voided" : false
      },
      "originalDocumentNumber" : 0,
      "originalDocumentType" : "",
      "originalDocumentSequence" : 0,
      "customerOrderNumber" : "",
      "customerOrderDate" : null,
      "vendorInvoiceNumber" : "",
      "vendorInvoiceDate" : null,
      "taxInvoiceNumber" : "",
      "taxInvoiceDate" : null,
      "expiredDate" : null,
      "inventoryTransactionType" : "1",
      "landedCostRecordType" : "",
      "routingProcess" : false,
      "levelCost" : "",
      "categoryCode" : "INV",
      "brandCode" : "",
      "typeCode" : "",
      "landedCostRule" : "",
      "jobNo" : "",
      "shipmentId" : "",
      "packinglistId" : "",
      "deliveryOrderNumber" : "",
      "sealNumber" : "",
      "containerSize" : "",
      "stuffingType" : "",
      "containerLoadType" : "",
      "conditionOfTransport" : "",
      "containerId" : "",
      "portOfDepartureId" : "",
      "portOfArrivalId" : "",
      "importDeclarationNumber" : "",
      "importDeclarationDate" : null,
      "description" : "PSS-AMP-1804-00127 / PO/ATG/2018/IV/332",
      "objectId" : "F43141",
      "recordId" : "20180412.141024237.0",
      "toBeVoided" : false,
      "additive" : true,
      "transactionDate" : "2018-04-09",
      "businessPartnerId" : "2219",
      "serialOrLotNumbers" : [ ],
      "lastUpdateDateTime" : "2018-04-12T14:07:42",
      "inputDateTime" : "2018-04-12T14:07:16",
      "quantity" : 20.00000,
      "voided" : true,
      "_links" : {
        "self" : {
          "href" : "http://localhost/api/purchaseReceipts/11000_180400015_OV_10"
        },
        "purchaseReceipt" : {
          "href" : "http://localhost/api/purchaseReceipts/11000_180400015_OV_10"
        },
        "sameReceipt" : {
          "href" : "http://localhost/api/purchaseReceipts/11000_180400015_OV_10/sameReceipt"
        },
        "item" : {
          "href" : "http://localhost/api/purchaseReceipts/11000_180400015_OV_10/item"
        },
        "serialNumbers" : {
          "href" : "http://localhost/api/purchaseReceipts/11000_180400015_OV_10/serialNumbers"
        }
      }
    }, {
      "inputUserId" : "LINDA",
      "lastUpdateUserId" : "LINDA",
      "computerId" : "DESKTOP-9TRIRBU",
      "companyId" : "11000",
      "documentNumber" : 180400016,
      "documentType" : "OV",
      "sequence" : 50,
      "purchaseReceiptNumber" : 180400016,
      "purchaseReceiptType" : "OV",
      "matchCode" : "1",
      "businessUnitId" : "110",
      "batchNumber" : 11,
      "batchType" : "O",
      "vendorId" : "2810",
      "baseCurrency" : "IDR",
      "transactionCurrency" : "IDR",
      "exchangeRate" : 45.000000000,
      "itemCode" : "BRT.LASER-HL1201",
      "locationId" : "GDU",
      "serialLotNo" : "",
      "itemDescription" : "Brother Laser HL 1201",
      "lineType" : "S",
      "unitOfMeasure" : "UNT",
      "unitConversionFactor" : 1.000000000,
      "primaryTransactionQuantity" : 40.00000,
      "primaryUnitOfMeasure" : "UNT",
      "secondaryTransactionQuantity" : 0.00000,
      "secondaryUnitOfMeasure" : "UNT",
      "unitCost" : 799900.0000000,
      "extendedCost" : 31996000.00000,
      "taxBase" : 0.00000,
      "taxAmount" : 2908727.27272,
      "foreignUnitCost" : 0E-7,
      "foreignExtendedCost" : 0.00000,
      "foreignTaxBase" : 0.00000,
      "foreignTaxAmount" : 0.00000,
      "accountId" : "",
      "glClass" : "INFG",
      "lastStatus" : "499",
      "nextStatus" : "999",
      "receiptDate" : "2018-04-09",
      "paymentTermCode" : "N45",
      "taxCode" : "INCL",
      "taxAllowance" : true,
      "taxRate" : 10.000000000000000,
      "discountCode" : "",
      "discountRate" : 0E-15,
      "unitDiscountCode" : "",
      "unitDiscountRate" : 0E-15,
      "projectId" : "",
      "invoiceNumber" : 0,
      "invoiceType" : "",
      "invoiceSequence" : 0,
      "invoiceDate" : null,
      "orderNumber" : 180400019,
      "orderType" : "OP",
      "orderSequence" : 50,
      "orderDetail" : {
        "inputUserId" : "LINDA",
        "lastUpdateUserId" : "LINDA",
        "computerId" : "DESKTOP-9TRIRBU",
        "companyId" : "11000",
        "purchaseOrderNumber" : 180400019,
        "purchaseOrderType" : "OP",
        "purchaseOrderSequence" : 50,
        "documentNumber" : 180400019,
        "documentType" : "OP",
        "sequence" : 50,
        "businessUnitId" : "110",
        "vendorId" : "2810",
        "receiverId" : "",
        "customerId" : "",
        "itemCode" : "BRT.LASER-HL1201",
        "locationId" : "GDU",
        "serialLotNo" : "",
        "itemDescription" : "Brother Laser HL 1201",
        "lineType" : "S",
        "quantity" : 40.00000,
        "extendedQuantity" : 0.00000,
        "orderQuantity" : 0.00000,
        "receivedQuantity" : 0.00000,
        "cancelledQuantity" : 0.00000,
        "returnedQuantity" : 0.00000,
        "openQuantity" : 40.00000,
        "unitOfMeasure" : "UNT",
        "extendedUnitOfMeasure" : "",
        "unitConversionFactor" : 1.000000000,
        "extendedUnitConversionFactor" : 0E-9,
        "primaryOrderQuantity" : 0.00000,
        "primaryUnitOfMeasure" : "UNT",
        "secondaryOrderQuantity" : 0.00000,
        "secondaryUnitOfMeasure" : "UNT",
        "baseCurrency" : "IDR",
        "transactionCurrency" : "IDR",
        "exchangeRate" : 45.000000000,
        "unitCost" : 799900.0000000,
        "extendedUnitCost" : 0E-7,
        "extendedCost" : 31996000.00000,
        "taxBase" : 0.00000,
        "taxAmount" : 2908727.27270,
        "foreignUnitCost" : 0E-7,
        "foreignExtendedCost" : 0.00000,
        "foreignTaxBase" : 0.00000,
        "foreignTaxAmount" : 0.00000,
        "accountId" : "",
        "glClass" : "INFG",
        "lastStatus" : "400",
        "nextStatus" : "440",
        "orderDate" : "2018-04-09",
        "requestDate" : null,
        "promisedDeliveryDate" : null,
        "receiptDate" : "2018-04-09",
        "closedDate" : null,
        "glDate" : null,
        "paymentTermCode" : "N45",
        "taxCode" : "INCL",
        "taxAllowance" : true,
        "taxRate" : 10.000000000000000,
        "discountCode" : "",
        "discountRate" : 0E-15,
        "unitDiscountCode" : "",
        "unitDiscountRate" : 0E-15,
        "projectId" : "",
        "approvalCode" : "",
        "objectId" : "F43141",
        "originalDocumentNumber" : 0,
        "originalDocumentType" : "",
        "originalDocumentSequence" : 0,
        "originalDocumentDate" : null,
        "relatedDocumentNumber" : 0,
        "relatedDocumentType" : "",
        "relatedDocumentSequence" : 0,
        "categoryCode" : "INV",
        "brandCode" : "",
        "typeCode" : "",
        "landedCostRule" : "",
        "jobNo" : "",
        "shipmentId" : "",
        "packinglistId" : "",
        "deliveryOrderNumber" : "",
        "sealNumber" : "",
        "feederVessel" : "",
        "connectingVessel" : "",
        "shippedBy" : "",
        "containerSize" : "",
        "stuffingType" : "",
        "containerLoadType" : "",
        "orderTransactionType" : "",
        "setForVoid" : false,
        "status" : "OPEN",
        "lastUpdateDateTime" : "2018-04-12T14:16:39",
        "inputDateTime" : "2018-04-12T14:12:45",
        "extended" : false,
        "unitDiscountAmount" : 0.00,
        "costAfterUnitDiscount" : 31996000.00000,
        "voided" : false
      },
      "originalDocumentNumber" : 0,
      "originalDocumentType" : "",
      "originalDocumentSequence" : 0,
      "customerOrderNumber" : "",
      "customerOrderDate" : null,
      "vendorInvoiceNumber" : "",
      "vendorInvoiceDate" : null,
      "taxInvoiceNumber" : "",
      "taxInvoiceDate" : null,
      "expiredDate" : null,
      "inventoryTransactionType" : "1",
      "landedCostRecordType" : "",
      "routingProcess" : false,
      "levelCost" : "",
      "categoryCode" : "INV",
      "brandCode" : "",
      "typeCode" : "",
      "landedCostRule" : "",
      "jobNo" : "",
      "shipmentId" : "",
      "packinglistId" : "",
      "deliveryOrderNumber" : "",
      "sealNumber" : "",
      "containerSize" : "",
      "stuffingType" : "",
      "containerLoadType" : "",
      "conditionOfTransport" : "",
      "containerId" : "",
      "portOfDepartureId" : "",
      "portOfArrivalId" : "",
      "importDeclarationNumber" : "",
      "importDeclarationDate" : null,
      "description" : "PSI-TRD-180303828 / PO/ATG/2018/III/306",
      "objectId" : "F43141",
      "recordId" : "20180412.141733405.0",
      "toBeVoided" : false,
      "additive" : true,
      "transactionDate" : "2018-04-09",
      "businessPartnerId" : "2810",
      "serialOrLotNumbers" : [ ],
      "lastUpdateDateTime" : "2018-04-12T14:16:39",
      "inputDateTime" : "2018-04-12T14:12:45",
      "quantity" : 40.00000,
      "voided" : true,
      "_links" : {
        "self" : {
          "href" : "http://localhost/api/purchaseReceipts/11000_180400016_OV_50"
        },
        "purchaseReceipt" : {
          "href" : "http://localhost/api/purchaseReceipts/11000_180400016_OV_50"
        },
        "sameReceipt" : {
          "href" : "http://localhost/api/purchaseReceipts/11000_180400016_OV_50/sameReceipt"
        },
        "item" : {
          "href" : "http://localhost/api/purchaseReceipts/11000_180400016_OV_50/item"
        },
        "serialNumbers" : {
          "href" : "http://localhost/api/purchaseReceipts/11000_180400016_OV_50/serialNumbers"
        }
      }
    }, {
      "inputUserId" : "QSA",
      "lastUpdateUserId" : "QSA",
      "computerId" : "AYOOKLIK",
      "companyId" : "11000",
      "documentNumber" : 180400016,
      "documentType" : "OV",
      "sequence" : 55,
      "purchaseReceiptNumber" : 180400016,
      "purchaseReceiptType" : "OV",
      "matchCode" : "1",
      "businessUnitId" : "110",
      "batchNumber" : 11,
      "batchType" : "O",
      "vendorId" : "2810",
      "baseCurrency" : "IDR",
      "transactionCurrency" : "IDR",
      "exchangeRate" : 45.000000000,
      "itemCode" : "BRT.LASER-HL1201",
      "locationId" : "GDU",
      "serialLotNo" : "",
      "itemDescription" : "Brother Laser HL 1201",
      "lineType" : "S",
      "unitOfMeasure" : "UNT",
      "unitConversionFactor" : 1.000000000,
      "primaryTransactionQuantity" : -40.00000,
      "primaryUnitOfMeasure" : "UNT",
      "secondaryTransactionQuantity" : 0.00000,
      "secondaryUnitOfMeasure" : "UNT",
      "unitCost" : 799900.0000000,
      "extendedCost" : -31996000.00000,
      "taxBase" : 0.00000,
      "taxAmount" : -2908727.27272,
      "foreignUnitCost" : 0E-7,
      "foreignExtendedCost" : 0.00000,
      "foreignTaxBase" : 0.00000,
      "foreignTaxAmount" : 0.00000,
      "accountId" : "",
      "glClass" : "INFG",
      "lastStatus" : "499",
      "nextStatus" : "999",
      "receiptDate" : "2018-04-09",
      "paymentTermCode" : "N45",
      "taxCode" : "INCL",
      "taxAllowance" : true,
      "taxRate" : 10.000000000000000,
      "discountCode" : "",
      "discountRate" : 0E-15,
      "unitDiscountCode" : "",
      "unitDiscountRate" : 0E-15,
      "projectId" : "",
      "invoiceNumber" : 0,
      "invoiceType" : "",
      "invoiceSequence" : 0,
      "invoiceDate" : null,
      "orderNumber" : 180400019,
      "orderType" : "OP",
      "orderSequence" : 50,
      "orderDetail" : {
        "inputUserId" : "LINDA",
        "lastUpdateUserId" : "LINDA",
        "computerId" : "DESKTOP-9TRIRBU",
        "companyId" : "11000",
        "purchaseOrderNumber" : 180400019,
        "purchaseOrderType" : "OP",
        "purchaseOrderSequence" : 50,
        "documentNumber" : 180400019,
        "documentType" : "OP",
        "sequence" : 50,
        "businessUnitId" : "110",
        "vendorId" : "2810",
        "receiverId" : "",
        "customerId" : "",
        "itemCode" : "BRT.LASER-HL1201",
        "locationId" : "GDU",
        "serialLotNo" : "",
        "itemDescription" : "Brother Laser HL 1201",
        "lineType" : "S",
        "quantity" : 40.00000,
        "extendedQuantity" : 0.00000,
        "orderQuantity" : 0.00000,
        "receivedQuantity" : 0.00000,
        "cancelledQuantity" : 0.00000,
        "returnedQuantity" : 0.00000,
        "openQuantity" : 40.00000,
        "unitOfMeasure" : "UNT",
        "extendedUnitOfMeasure" : "",
        "unitConversionFactor" : 1.000000000,
        "extendedUnitConversionFactor" : 0E-9,
        "primaryOrderQuantity" : 0.00000,
        "primaryUnitOfMeasure" : "UNT",
        "secondaryOrderQuantity" : 0.00000,
        "secondaryUnitOfMeasure" : "UNT",
        "baseCurrency" : "IDR",
        "transactionCurrency" : "IDR",
        "exchangeRate" : 45.000000000,
        "unitCost" : 799900.0000000,
        "extendedUnitCost" : 0E-7,
        "extendedCost" : 31996000.00000,
        "taxBase" : 0.00000,
        "taxAmount" : 2908727.27270,
        "foreignUnitCost" : 0E-7,
        "foreignExtendedCost" : 0.00000,
        "foreignTaxBase" : 0.00000,
        "foreignTaxAmount" : 0.00000,
        "accountId" : "",
        "glClass" : "INFG",
        "lastStatus" : "400",
        "nextStatus" : "440",
        "orderDate" : "2018-04-09",
        "requestDate" : null,
        "promisedDeliveryDate" : null,
        "receiptDate" : "2018-04-09",
        "closedDate" : null,
        "glDate" : null,
        "paymentTermCode" : "N45",
        "taxCode" : "INCL",
        "taxAllowance" : true,
        "taxRate" : 10.000000000000000,
        "discountCode" : "",
        "discountRate" : 0E-15,
        "unitDiscountCode" : "",
        "unitDiscountRate" : 0E-15,
        "projectId" : "",
        "approvalCode" : "",
        "objectId" : "F43141",
        "originalDocumentNumber" : 0,
        "originalDocumentType" : "",
        "originalDocumentSequence" : 0,
        "originalDocumentDate" : null,
        "relatedDocumentNumber" : 0,
        "relatedDocumentType" : "",
        "relatedDocumentSequence" : 0,
        "categoryCode" : "INV",
        "brandCode" : "",
        "typeCode" : "",
        "landedCostRule" : "",
        "jobNo" : "",
        "shipmentId" : "",
        "packinglistId" : "",
        "deliveryOrderNumber" : "",
        "sealNumber" : "",
        "feederVessel" : "",
        "connectingVessel" : "",
        "shippedBy" : "",
        "containerSize" : "",
        "stuffingType" : "",
        "containerLoadType" : "",
        "orderTransactionType" : "",
        "setForVoid" : false,
        "status" : "OPEN",
        "lastUpdateDateTime" : "2018-04-12T14:16:39",
        "inputDateTime" : "2018-04-12T14:12:45",
        "extended" : false,
        "unitDiscountAmount" : 0.00,
        "costAfterUnitDiscount" : 31996000.00000,
        "voided" : false
      },
      "originalDocumentNumber" : 0,
      "originalDocumentType" : "",
      "originalDocumentSequence" : 0,
      "customerOrderNumber" : "",
      "customerOrderDate" : null,
      "vendorInvoiceNumber" : "",
      "vendorInvoiceDate" : null,
      "taxInvoiceNumber" : "",
      "taxInvoiceDate" : null,
      "expiredDate" : null,
      "inventoryTransactionType" : "1",
      "landedCostRecordType" : "",
      "routingProcess" : false,
      "levelCost" : "",
      "categoryCode" : "INV",
      "brandCode" : "",
      "typeCode" : "",
      "landedCostRule" : "",
      "jobNo" : "",
      "shipmentId" : "",
      "packinglistId" : "",
      "deliveryOrderNumber" : "",
      "sealNumber" : "",
      "containerSize" : "",
      "stuffingType" : "",
      "containerLoadType" : "",
      "conditionOfTransport" : "",
      "containerId" : "",
      "portOfDepartureId" : "",
      "portOfArrivalId" : "",
      "importDeclarationNumber" : "",
      "importDeclarationDate" : null,
      "description" : "PSI-TRD-180303828 / PO/ATG/2018/III/306",
      "objectId" : "F4312",
      "recordId" : "20180418.142918056.1",
      "toBeVoided" : false,
      "additive" : true,
      "transactionDate" : "2018-04-09",
      "businessPartnerId" : "2810",
      "serialOrLotNumbers" : [ ],
      "lastUpdateDateTime" : "2018-04-18T14:29:18",
      "inputDateTime" : "2018-04-18T14:29:18",
      "quantity" : -40.00000,
      "voided" : true,
      "_links" : {
        "self" : {
          "href" : "http://localhost/api/purchaseReceipts/11000_180400016_OV_55"
        },
        "purchaseReceipt" : {
          "href" : "http://localhost/api/purchaseReceipts/11000_180400016_OV_55"
        },
        "sameReceipt" : {
          "href" : "http://localhost/api/purchaseReceipts/11000_180400016_OV_55/sameReceipt"
        },
        "item" : {
          "href" : "http://localhost/api/purchaseReceipts/11000_180400016_OV_55/item"
        },
        "serialNumbers" : {
          "href" : "http://localhost/api/purchaseReceipts/11000_180400016_OV_55/serialNumbers"
        }
      }
    }, {
      "inputUserId" : "LINDA",
      "lastUpdateUserId" : "LINDA",
      "computerId" : "DESKTOP-9TRIRBU",
      "companyId" : "11000",
      "documentNumber" : 180400017,
      "documentType" : "OV",
      "sequence" : 10,
      "purchaseReceiptNumber" : 180400017,
      "purchaseReceiptType" : "OV",
      "matchCode" : "2",
      "businessUnitId" : "110",
      "batchNumber" : 11,
      "batchType" : "O",
      "vendorId" : "2810",
      "baseCurrency" : "IDR",
      "transactionCurrency" : "IDR",
      "exchangeRate" : 1.000000000,
      "itemCode" : "BRT.LASER-DCPL2540DW",
      "locationId" : "GDU",
      "serialLotNo" : "",
      "itemDescription" : "Brother Laser DCP L 2540 DW",
      "lineType" : "S",
      "unitOfMeasure" : "UNT",
      "unitConversionFactor" : 1.000000000,
      "primaryTransactionQuantity" : 45.00000,
      "primaryUnitOfMeasure" : "UNT",
      "secondaryTransactionQuantity" : 0.00000,
      "secondaryUnitOfMeasure" : "UNT",
      "unitCost" : 1949999.9900000,
      "extendedCost" : 87749999.55000,
      "taxBase" : 0.00000,
      "taxAmount" : 7977272.68636,
      "foreignUnitCost" : 0E-7,
      "foreignExtendedCost" : 0.00000,
      "foreignTaxBase" : 0.00000,
      "foreignTaxAmount" : 0.00000,
      "accountId" : "",
      "glClass" : "INFG",
      "lastStatus" : "440",
      "nextStatus" : "999",
      "receiptDate" : "2018-04-09",
      "paymentTermCode" : "N45",
      "taxCode" : "INCL",
      "taxAllowance" : true,
      "taxRate" : 10.000000000000000,
      "discountCode" : "",
      "discountRate" : 0E-15,
      "unitDiscountCode" : "",
      "unitDiscountRate" : 0E-15,
      "projectId" : "",
      "invoiceNumber" : 180400111,
      "invoiceType" : "PV",
      "invoiceSequence" : 10,
      "invoiceDate" : "2018-04-09",
      "orderNumber" : 180400020,
      "orderType" : "OP",
      "orderSequence" : 10,
      "orderDetail" : {
        "inputUserId" : "LINDA",
        "lastUpdateUserId" : "LINDA",
        "computerId" : "DESKTOP-9TRIRBU",
        "companyId" : "11000",
        "purchaseOrderNumber" : 180400020,
        "purchaseOrderType" : "OP",
        "purchaseOrderSequence" : 10,
        "documentNumber" : 180400020,
        "documentType" : "OP",
        "sequence" : 10,
        "businessUnitId" : "110",
        "vendorId" : "2810",
        "receiverId" : "",
        "customerId" : "",
        "itemCode" : "BRT.LASER-DCPL2540DW",
        "locationId" : "GDU",
        "serialLotNo" : "",
        "itemDescription" : "Brother Laser DCP L 2540 DW",
        "lineType" : "S",
        "quantity" : 45.00000,
        "extendedQuantity" : 0.00000,
        "orderQuantity" : 0.00000,
        "receivedQuantity" : 45.00000,
        "cancelledQuantity" : 0.00000,
        "returnedQuantity" : 0.00000,
        "openQuantity" : 0.00000,
        "unitOfMeasure" : "UNT",
        "extendedUnitOfMeasure" : "",
        "unitConversionFactor" : 1.000000000,
        "extendedUnitConversionFactor" : 0E-9,
        "primaryOrderQuantity" : 0.00000,
        "primaryUnitOfMeasure" : "UNT",
        "secondaryOrderQuantity" : 0.00000,
        "secondaryUnitOfMeasure" : "UNT",
        "baseCurrency" : "IDR",
        "transactionCurrency" : "IDR",
        "exchangeRate" : 1.000000000,
        "unitCost" : 1949999.9900000,
        "extendedUnitCost" : 0E-7,
        "extendedCost" : 87749999.55000,
        "taxBase" : 0.00000,
        "taxAmount" : 7977272.68640,
        "foreignUnitCost" : 0E-7,
        "foreignExtendedCost" : 0.00000,
        "foreignTaxBase" : 0.00000,
        "foreignTaxAmount" : 0.00000,
        "accountId" : "",
        "glClass" : "INFG",
        "lastStatus" : "400",
        "nextStatus" : "440",
        "orderDate" : "2018-04-09",
        "requestDate" : null,
        "promisedDeliveryDate" : null,
        "receiptDate" : "2018-04-09",
        "closedDate" : null,
        "glDate" : null,
        "paymentTermCode" : "N45",
        "taxCode" : "INCL",
        "taxAllowance" : true,
        "taxRate" : 10.000000000000000,
        "discountCode" : "",
        "discountRate" : 0E-15,
        "unitDiscountCode" : "",
        "unitDiscountRate" : 0E-15,
        "projectId" : "",
        "approvalCode" : "",
        "objectId" : "F43141",
        "originalDocumentNumber" : 0,
        "originalDocumentType" : "",
        "originalDocumentSequence" : 0,
        "originalDocumentDate" : null,
        "relatedDocumentNumber" : 0,
        "relatedDocumentType" : "",
        "relatedDocumentSequence" : 0,
        "categoryCode" : "INV",
        "brandCode" : "",
        "typeCode" : "",
        "landedCostRule" : "",
        "jobNo" : "",
        "shipmentId" : "",
        "packinglistId" : "",
        "deliveryOrderNumber" : "",
        "sealNumber" : "",
        "feederVessel" : "",
        "connectingVessel" : "",
        "shippedBy" : "",
        "containerSize" : "",
        "stuffingType" : "",
        "containerLoadType" : "",
        "orderTransactionType" : "",
        "setForVoid" : false,
        "status" : "CLOSED",
        "lastUpdateDateTime" : "2018-04-12T14:19:09",
        "inputDateTime" : "2018-04-12T14:19:09",
        "extended" : false,
        "unitDiscountAmount" : 0.00,
        "costAfterUnitDiscount" : 87749999.55000,
        "voided" : false
      },
      "originalDocumentNumber" : 0,
      "originalDocumentType" : "",
      "originalDocumentSequence" : 0,
      "customerOrderNumber" : "",
      "customerOrderDate" : null,
      "vendorInvoiceNumber" : "",
      "vendorInvoiceDate" : null,
      "taxInvoiceNumber" : "",
      "taxInvoiceDate" : null,
      "expiredDate" : null,
      "inventoryTransactionType" : "1",
      "landedCostRecordType" : "",
      "routingProcess" : false,
      "levelCost" : "",
      "categoryCode" : "INV",
      "brandCode" : "",
      "typeCode" : "",
      "landedCostRule" : "",
      "jobNo" : "",
      "shipmentId" : "",
      "packinglistId" : "",
      "deliveryOrderNumber" : "",
      "sealNumber" : "",
      "containerSize" : "",
      "stuffingType" : "",
      "containerLoadType" : "",
      "conditionOfTransport" : "",
      "containerId" : "",
      "portOfDepartureId" : "",
      "portOfArrivalId" : "",
      "importDeclarationNumber" : "",
      "importDeclarationDate" : null,
      "description" : "PSI-TRD-180303853/ POATG/2018/III/277",
      "objectId" : "F43141",
      "recordId" : "20180412.142000945.0",
      "toBeVoided" : false,
      "additive" : true,
      "transactionDate" : "2018-04-09",
      "businessPartnerId" : "2810",
      "serialOrLotNumbers" : [ ],
      "lastUpdateDateTime" : "2018-04-12T14:19:09",
      "inputDateTime" : "2018-04-12T14:19:09",
      "quantity" : 45.00000,
      "voided" : true,
      "_links" : {
        "self" : {
          "href" : "http://localhost/api/purchaseReceipts/11000_180400017_OV_10"
        },
        "purchaseReceipt" : {
          "href" : "http://localhost/api/purchaseReceipts/11000_180400017_OV_10"
        },
        "sameReceipt" : {
          "href" : "http://localhost/api/purchaseReceipts/11000_180400017_OV_10/sameReceipt"
        },
        "item" : {
          "href" : "http://localhost/api/purchaseReceipts/11000_180400017_OV_10/item"
        },
        "serialNumbers" : {
          "href" : "http://localhost/api/purchaseReceipts/11000_180400017_OV_10/serialNumbers"
        }
      }
    }, {
      "inputUserId" : "LINDA",
      "lastUpdateUserId" : "LINDA",
      "computerId" : "DESKTOP-9TRIRBU",
      "companyId" : "11000",
      "documentNumber" : 180400018,
      "documentType" : "OV",
      "sequence" : 10,
      "purchaseReceiptNumber" : 180400018,
      "purchaseReceiptType" : "OV",
      "matchCode" : "1",
      "businessUnitId" : "110",
      "batchNumber" : 11,
      "batchType" : "O",
      "vendorId" : "2810",
      "baseCurrency" : "IDR",
      "transactionCurrency" : "IDR",
      "exchangeRate" : 1.000000000,
      "itemCode" : "HP.TONER-CE255A",
      "locationId" : "GDU",
      "serialLotNo" : "",
      "itemDescription" : "HP Toner 55A",
      "lineType" : "S",
      "unitOfMeasure" : "PCS",
      "unitConversionFactor" : 1.000000000,
      "primaryTransactionQuantity" : 25.00000,
      "primaryUnitOfMeasure" : "PCS",
      "secondaryTransactionQuantity" : 0.00000,
      "secondaryUnitOfMeasure" : "PCS",
      "unitCost" : 1932606.9900000,
      "extendedCost" : 48315174.75000,
      "taxBase" : 0.00000,
      "taxAmount" : 4392288.61363,
      "foreignUnitCost" : 0E-7,
      "foreignExtendedCost" : 0.00000,
      "foreignTaxBase" : 0.00000,
      "foreignTaxAmount" : 0.00000,
      "accountId" : "",
      "glClass" : "INFG",
      "lastStatus" : "499",
      "nextStatus" : "999",
      "receiptDate" : "2018-04-09",
      "paymentTermCode" : "N45",
      "taxCode" : "INCL",
      "taxAllowance" : true,
      "taxRate" : 10.000000000000000,
      "discountCode" : "",
      "discountRate" : 0E-15,
      "unitDiscountCode" : "",
      "unitDiscountRate" : 0E-15,
      "projectId" : "",
      "invoiceNumber" : 0,
      "invoiceType" : "",
      "invoiceSequence" : 0,
      "invoiceDate" : null,
      "orderNumber" : 180400021,
      "orderType" : "OP",
      "orderSequence" : 10,
      "orderDetail" : {
        "inputUserId" : "LINDA",
        "lastUpdateUserId" : "LINDA",
        "computerId" : "DESKTOP-9TRIRBU",
        "companyId" : "11000",
        "purchaseOrderNumber" : 180400021,
        "purchaseOrderType" : "OP",
        "purchaseOrderSequence" : 10,
        "documentNumber" : 180400021,
        "documentType" : "OP",
        "sequence" : 10,
        "businessUnitId" : "110",
        "vendorId" : "2810",
        "receiverId" : "",
        "customerId" : "",
        "itemCode" : "HP.TONER-CE255A",
        "locationId" : "GDU",
        "serialLotNo" : "",
        "itemDescription" : "HP Toner 55A",
        "lineType" : "S",
        "quantity" : 25.00000,
        "extendedQuantity" : 0.00000,
        "orderQuantity" : 0.00000,
        "receivedQuantity" : 0.00000,
        "cancelledQuantity" : 0.00000,
        "returnedQuantity" : 0.00000,
        "openQuantity" : 25.00000,
        "unitOfMeasure" : "PCS",
        "extendedUnitOfMeasure" : "",
        "unitConversionFactor" : 1.000000000,
        "extendedUnitConversionFactor" : 0E-9,
        "primaryOrderQuantity" : 0.00000,
        "primaryUnitOfMeasure" : "PCS",
        "secondaryOrderQuantity" : 0.00000,
        "secondaryUnitOfMeasure" : "PCS",
        "baseCurrency" : "IDR",
        "transactionCurrency" : "IDR",
        "exchangeRate" : 1.000000000,
        "unitCost" : 1932606.9900000,
        "extendedUnitCost" : 0E-7,
        "extendedCost" : 48315174.75000,
        "taxBase" : 0.00000,
        "taxAmount" : 4392288.61360,
        "foreignUnitCost" : 0E-7,
        "foreignExtendedCost" : 0.00000,
        "foreignTaxBase" : 0.00000,
        "foreignTaxAmount" : 0.00000,
        "accountId" : "",
        "glClass" : "INFG",
        "lastStatus" : "400",
        "nextStatus" : "440",
        "orderDate" : "2018-04-09",
        "requestDate" : null,
        "promisedDeliveryDate" : null,
        "receiptDate" : "2018-04-09",
        "closedDate" : null,
        "glDate" : null,
        "paymentTermCode" : "N45",
        "taxCode" : "INCL",
        "taxAllowance" : true,
        "taxRate" : 10.000000000000000,
        "discountCode" : "",
        "discountRate" : 0E-15,
        "unitDiscountCode" : "",
        "unitDiscountRate" : 0E-15,
        "projectId" : "",
        "approvalCode" : "",
        "objectId" : "F43141",
        "originalDocumentNumber" : 0,
        "originalDocumentType" : "",
        "originalDocumentSequence" : 0,
        "originalDocumentDate" : null,
        "relatedDocumentNumber" : 0,
        "relatedDocumentType" : "",
        "relatedDocumentSequence" : 0,
        "categoryCode" : "INV",
        "brandCode" : "",
        "typeCode" : "",
        "landedCostRule" : "",
        "jobNo" : "",
        "shipmentId" : "",
        "packinglistId" : "",
        "deliveryOrderNumber" : "",
        "sealNumber" : "",
        "feederVessel" : "",
        "connectingVessel" : "",
        "shippedBy" : "",
        "containerSize" : "",
        "stuffingType" : "",
        "containerLoadType" : "",
        "orderTransactionType" : "",
        "setForVoid" : false,
        "status" : "OPEN",
        "lastUpdateDateTime" : "2018-04-12T14:24:35",
        "inputDateTime" : "2018-04-12T14:21:15",
        "extended" : false,
        "unitDiscountAmount" : 0.00,
        "costAfterUnitDiscount" : 48315174.75000,
        "voided" : false
      },
      "originalDocumentNumber" : 0,
      "originalDocumentType" : "",
      "originalDocumentSequence" : 0,
      "customerOrderNumber" : "",
      "customerOrderDate" : null,
      "vendorInvoiceNumber" : "",
      "vendorInvoiceDate" : null,
      "taxInvoiceNumber" : "",
      "taxInvoiceDate" : null,
      "expiredDate" : null,
      "inventoryTransactionType" : "1",
      "landedCostRecordType" : "",
      "routingProcess" : false,
      "levelCost" : "",
      "categoryCode" : "INV",
      "brandCode" : "",
      "typeCode" : "",
      "landedCostRule" : "",
      "jobNo" : "",
      "shipmentId" : "",
      "packinglistId" : "",
      "deliveryOrderNumber" : "",
      "sealNumber" : "",
      "containerSize" : "",
      "stuffingType" : "",
      "containerLoadType" : "",
      "conditionOfTransport" : "",
      "containerId" : "",
      "portOfDepartureId" : "",
      "portOfArrivalId" : "",
      "importDeclarationNumber" : "",
      "importDeclarationDate" : null,
      "description" : "PSI-TRD-1803042000/ PO/ATG/2018/III/304",
      "objectId" : "F43141",
      "recordId" : "20180412.142926035.0",
      "toBeVoided" : false,
      "additive" : true,
      "transactionDate" : "2018-04-09",
      "businessPartnerId" : "2810",
      "serialOrLotNumbers" : [ ],
      "lastUpdateDateTime" : "2018-04-12T14:24:35",
      "inputDateTime" : "2018-04-12T14:21:15",
      "quantity" : 25.00000,
      "voided" : true,
      "_links" : {
        "self" : {
          "href" : "http://localhost/api/purchaseReceipts/11000_180400018_OV_10"
        },
        "purchaseReceipt" : {
          "href" : "http://localhost/api/purchaseReceipts/11000_180400018_OV_10"
        },
        "sameReceipt" : {
          "href" : "http://localhost/api/purchaseReceipts/11000_180400018_OV_10/sameReceipt"
        },
        "item" : {
          "href" : "http://localhost/api/purchaseReceipts/11000_180400018_OV_10/item"
        },
        "serialNumbers" : {
          "href" : "http://localhost/api/purchaseReceipts/11000_180400018_OV_10/serialNumbers"
        }
      }
    }, {
      "inputUserId" : "QSA",
      "lastUpdateUserId" : "QSA",
      "computerId" : "AYOOKLIK",
      "companyId" : "11000",
      "documentNumber" : 180400018,
      "documentType" : "OV",
      "sequence" : 15,
      "purchaseReceiptNumber" : 180400018,
      "purchaseReceiptType" : "OV",
      "matchCode" : "1",
      "businessUnitId" : "110",
      "batchNumber" : 11,
      "batchType" : "O",
      "vendorId" : "2810",
      "baseCurrency" : "IDR",
      "transactionCurrency" : "IDR",
      "exchangeRate" : 1.000000000,
      "itemCode" : "HP.TONER-CE255A",
      "locationId" : "GDU",
      "serialLotNo" : "",
      "itemDescription" : "HP Toner 55A",
      "lineType" : "S",
      "unitOfMeasure" : "PCS",
      "unitConversionFactor" : 1.000000000,
      "primaryTransactionQuantity" : -25.00000,
      "primaryUnitOfMeasure" : "PCS",
      "secondaryTransactionQuantity" : 0.00000,
      "secondaryUnitOfMeasure" : "PCS",
      "unitCost" : 1932606.9900000,
      "extendedCost" : -48315174.75000,
      "taxBase" : 0.00000,
      "taxAmount" : -4392288.61363,
      "foreignUnitCost" : 0E-7,
      "foreignExtendedCost" : 0.00000,
      "foreignTaxBase" : 0.00000,
      "foreignTaxAmount" : 0.00000,
      "accountId" : "",
      "glClass" : "INFG",
      "lastStatus" : "499",
      "nextStatus" : "999",
      "receiptDate" : "2018-04-09",
      "paymentTermCode" : "N45",
      "taxCode" : "INCL",
      "taxAllowance" : true,
      "taxRate" : 10.000000000000000,
      "discountCode" : "",
      "discountRate" : 0E-15,
      "unitDiscountCode" : "",
      "unitDiscountRate" : 0E-15,
      "projectId" : "",
      "invoiceNumber" : 0,
      "invoiceType" : "",
      "invoiceSequence" : 0,
      "invoiceDate" : null,
      "orderNumber" : 180400021,
      "orderType" : "OP",
      "orderSequence" : 10,
      "orderDetail" : {
        "inputUserId" : "LINDA",
        "lastUpdateUserId" : "LINDA",
        "computerId" : "DESKTOP-9TRIRBU",
        "companyId" : "11000",
        "purchaseOrderNumber" : 180400021,
        "purchaseOrderType" : "OP",
        "purchaseOrderSequence" : 10,
        "documentNumber" : 180400021,
        "documentType" : "OP",
        "sequence" : 10,
        "businessUnitId" : "110",
        "vendorId" : "2810",
        "receiverId" : "",
        "customerId" : "",
        "itemCode" : "HP.TONER-CE255A",
        "locationId" : "GDU",
        "serialLotNo" : "",
        "itemDescription" : "HP Toner 55A",
        "lineType" : "S",
        "quantity" : 25.00000,
        "extendedQuantity" : 0.00000,
        "orderQuantity" : 0.00000,
        "receivedQuantity" : 0.00000,
        "cancelledQuantity" : 0.00000,
        "returnedQuantity" : 0.00000,
        "openQuantity" : 25.00000,
        "unitOfMeasure" : "PCS",
        "extendedUnitOfMeasure" : "",
        "unitConversionFactor" : 1.000000000,
        "extendedUnitConversionFactor" : 0E-9,
        "primaryOrderQuantity" : 0.00000,
        "primaryUnitOfMeasure" : "PCS",
        "secondaryOrderQuantity" : 0.00000,
        "secondaryUnitOfMeasure" : "PCS",
        "baseCurrency" : "IDR",
        "transactionCurrency" : "IDR",
        "exchangeRate" : 1.000000000,
        "unitCost" : 1932606.9900000,
        "extendedUnitCost" : 0E-7,
        "extendedCost" : 48315174.75000,
        "taxBase" : 0.00000,
        "taxAmount" : 4392288.61360,
        "foreignUnitCost" : 0E-7,
        "foreignExtendedCost" : 0.00000,
        "foreignTaxBase" : 0.00000,
        "foreignTaxAmount" : 0.00000,
        "accountId" : "",
        "glClass" : "INFG",
        "lastStatus" : "400",
        "nextStatus" : "440",
        "orderDate" : "2018-04-09",
        "requestDate" : null,
        "promisedDeliveryDate" : null,
        "receiptDate" : "2018-04-09",
        "closedDate" : null,
        "glDate" : null,
        "paymentTermCode" : "N45",
        "taxCode" : "INCL",
        "taxAllowance" : true,
        "taxRate" : 10.000000000000000,
        "discountCode" : "",
        "discountRate" : 0E-15,
        "unitDiscountCode" : "",
        "unitDiscountRate" : 0E-15,
        "projectId" : "",
        "approvalCode" : "",
        "objectId" : "F43141",
        "originalDocumentNumber" : 0,
        "originalDocumentType" : "",
        "originalDocumentSequence" : 0,
        "originalDocumentDate" : null,
        "relatedDocumentNumber" : 0,
        "relatedDocumentType" : "",
        "relatedDocumentSequence" : 0,
        "categoryCode" : "INV",
        "brandCode" : "",
        "typeCode" : "",
        "landedCostRule" : "",
        "jobNo" : "",
        "shipmentId" : "",
        "packinglistId" : "",
        "deliveryOrderNumber" : "",
        "sealNumber" : "",
        "feederVessel" : "",
        "connectingVessel" : "",
        "shippedBy" : "",
        "containerSize" : "",
        "stuffingType" : "",
        "containerLoadType" : "",
        "orderTransactionType" : "",
        "setForVoid" : false,
        "status" : "OPEN",
        "lastUpdateDateTime" : "2018-04-12T14:24:35",
        "inputDateTime" : "2018-04-12T14:21:15",
        "extended" : false,
        "unitDiscountAmount" : 0.00,
        "costAfterUnitDiscount" : 48315174.75000,
        "voided" : false
      },
      "originalDocumentNumber" : 0,
      "originalDocumentType" : "",
      "originalDocumentSequence" : 0,
      "customerOrderNumber" : "",
      "customerOrderDate" : null,
      "vendorInvoiceNumber" : "",
      "vendorInvoiceDate" : null,
      "taxInvoiceNumber" : "",
      "taxInvoiceDate" : null,
      "expiredDate" : null,
      "inventoryTransactionType" : "1",
      "landedCostRecordType" : "",
      "routingProcess" : false,
      "levelCost" : "",
      "categoryCode" : "INV",
      "brandCode" : "",
      "typeCode" : "",
      "landedCostRule" : "",
      "jobNo" : "",
      "shipmentId" : "",
      "packinglistId" : "",
      "deliveryOrderNumber" : "",
      "sealNumber" : "",
      "containerSize" : "",
      "stuffingType" : "",
      "containerLoadType" : "",
      "conditionOfTransport" : "",
      "containerId" : "",
      "portOfDepartureId" : "",
      "portOfArrivalId" : "",
      "importDeclarationNumber" : "",
      "importDeclarationDate" : null,
      "description" : "PSI-TRD-1803042000/ PO/ATG/2018/III/304",
      "objectId" : "F4312",
      "recordId" : "20180419.141103780.1",
      "toBeVoided" : false,
      "additive" : true,
      "transactionDate" : "2018-04-09",
      "businessPartnerId" : "2810",
      "serialOrLotNumbers" : [ ],
      "lastUpdateDateTime" : "2018-04-18T14:11:03",
      "inputDateTime" : "2018-04-18T14:11:03",
      "quantity" : -25.00000,
      "voided" : true,
      "_links" : {
        "self" : {
          "href" : "http://localhost/api/purchaseReceipts/11000_180400018_OV_15"
        },
        "purchaseReceipt" : {
          "href" : "http://localhost/api/purchaseReceipts/11000_180400018_OV_15"
        },
        "sameReceipt" : {
          "href" : "http://localhost/api/purchaseReceipts/11000_180400018_OV_15/sameReceipt"
        },
        "item" : {
          "href" : "http://localhost/api/purchaseReceipts/11000_180400018_OV_15/item"
        },
        "serialNumbers" : {
          "href" : "http://localhost/api/purchaseReceipts/11000_180400018_OV_15/serialNumbers"
        }
      }
    }, {
      "inputUserId" : "LINDA",
      "lastUpdateUserId" : "LINDA",
      "computerId" : "DESKTOP-9TRIRBU",
      "companyId" : "11000",
      "documentNumber" : 180400018,
      "documentType" : "OV",
      "sequence" : 20,
      "purchaseReceiptNumber" : 180400018,
      "purchaseReceiptType" : "OV",
      "matchCode" : "1",
      "businessUnitId" : "110",
      "batchNumber" : 11,
      "batchType" : "O",
      "vendorId" : "2810",
      "baseCurrency" : "IDR",
      "transactionCurrency" : "IDR",
      "exchangeRate" : 1.000000000,
      "itemCode" : "HP.TONER-CE505A",
      "locationId" : "GDU",
      "serialLotNo" : "",
      "itemDescription" : "HP Toner 05A LaserJet Black Toner",
      "lineType" : "S",
      "unitOfMeasure" : "PCS",
      "unitConversionFactor" : 1.000000000,
      "primaryTransactionQuantity" : 1.00000,
      "primaryUnitOfMeasure" : "PCS",
      "secondaryTransactionQuantity" : 0.00000,
      "secondaryUnitOfMeasure" : "PCS",
      "unitCost" : 1171692.0000000,
      "extendedCost" : 1171692.00000,
      "taxBase" : 0.00000,
      "taxAmount" : 106517.45000,
      "foreignUnitCost" : 0E-7,
      "foreignExtendedCost" : 0.00000,
      "foreignTaxBase" : 0.00000,
      "foreignTaxAmount" : 0.00000,
      "accountId" : "",
      "glClass" : "INFG",
      "lastStatus" : "499",
      "nextStatus" : "999",
      "receiptDate" : "2018-04-09",
      "paymentTermCode" : "N45",
      "taxCode" : "INCL",
      "taxAllowance" : true,
      "taxRate" : 10.000000000000000,
      "discountCode" : "",
      "discountRate" : 0E-15,
      "unitDiscountCode" : "",
      "unitDiscountRate" : 0E-15,
      "projectId" : "",
      "invoiceNumber" : 0,
      "invoiceType" : "",
      "invoiceSequence" : 0,
      "invoiceDate" : null,
      "orderNumber" : 180400021,
      "orderType" : "OP",
      "orderSequence" : 20,
      "orderDetail" : {
        "inputUserId" : "LINDA",
        "lastUpdateUserId" : "LINDA",
        "computerId" : "DESKTOP-9TRIRBU",
        "companyId" : "11000",
        "purchaseOrderNumber" : 180400021,
        "purchaseOrderType" : "OP",
        "purchaseOrderSequence" : 20,
        "documentNumber" : 180400021,
        "documentType" : "OP",
        "sequence" : 20,
        "businessUnitId" : "110",
        "vendorId" : "2810",
        "receiverId" : "",
        "customerId" : "",
        "itemCode" : "HP.TONER-CE505A",
        "locationId" : "GDU",
        "serialLotNo" : "",
        "itemDescription" : "HP Toner 05A LaserJet Black Toner",
        "lineType" : "S",
        "quantity" : 10.00000,
        "extendedQuantity" : 0.00000,
        "orderQuantity" : 0.00000,
        "receivedQuantity" : 0.00000,
        "cancelledQuantity" : 0.00000,
        "returnedQuantity" : 0.00000,
        "openQuantity" : 10.00000,
        "unitOfMeasure" : "PCS",
        "extendedUnitOfMeasure" : "",
        "unitConversionFactor" : 1.000000000,
        "extendedUnitConversionFactor" : 0E-9,
        "primaryOrderQuantity" : 0.00000,
        "primaryUnitOfMeasure" : "PCS",
        "secondaryOrderQuantity" : 0.00000,
        "secondaryUnitOfMeasure" : "PCS",
        "baseCurrency" : "IDR",
        "transactionCurrency" : "IDR",
        "exchangeRate" : 1.000000000,
        "unitCost" : 1171692.0000000,
        "extendedUnitCost" : 0E-7,
        "extendedCost" : 11716920.00000,
        "taxBase" : 0.00000,
        "taxAmount" : 1065174.54550,
        "foreignUnitCost" : 0E-7,
        "foreignExtendedCost" : 0.00000,
        "foreignTaxBase" : 0.00000,
        "foreignTaxAmount" : 0.00000,
        "accountId" : "",
        "glClass" : "INFG",
        "lastStatus" : "400",
        "nextStatus" : "440",
        "orderDate" : "2018-04-09",
        "requestDate" : null,
        "promisedDeliveryDate" : null,
        "receiptDate" : "2018-04-09",
        "closedDate" : null,
        "glDate" : null,
        "paymentTermCode" : "N45",
        "taxCode" : "INCL",
        "taxAllowance" : true,
        "taxRate" : 10.000000000000000,
        "discountCode" : "",
        "discountRate" : 0E-15,
        "unitDiscountCode" : "",
        "unitDiscountRate" : 0E-15,
        "projectId" : "",
        "approvalCode" : "",
        "objectId" : "F43141",
        "originalDocumentNumber" : 0,
        "originalDocumentType" : "",
        "originalDocumentSequence" : 0,
        "originalDocumentDate" : null,
        "relatedDocumentNumber" : 0,
        "relatedDocumentType" : "",
        "relatedDocumentSequence" : 0,
        "categoryCode" : "INV",
        "brandCode" : "",
        "typeCode" : "",
        "landedCostRule" : "",
        "jobNo" : "",
        "shipmentId" : "",
        "packinglistId" : "",
        "deliveryOrderNumber" : "",
        "sealNumber" : "",
        "feederVessel" : "",
        "connectingVessel" : "",
        "shippedBy" : "",
        "containerSize" : "",
        "stuffingType" : "",
        "containerLoadType" : "",
        "orderTransactionType" : "",
        "setForVoid" : false,
        "status" : "OPEN",
        "lastUpdateDateTime" : "2018-04-12T14:28:51",
        "inputDateTime" : "2018-04-12T14:21:30",
        "extended" : false,
        "unitDiscountAmount" : 0.00,
        "costAfterUnitDiscount" : 11716920.00000,
        "voided" : false
      },
      "originalDocumentNumber" : 0,
      "originalDocumentType" : "",
      "originalDocumentSequence" : 0,
      "customerOrderNumber" : "",
      "customerOrderDate" : null,
      "vendorInvoiceNumber" : "",
      "vendorInvoiceDate" : null,
      "taxInvoiceNumber" : "",
      "taxInvoiceDate" : null,
      "expiredDate" : null,
      "inventoryTransactionType" : "1",
      "landedCostRecordType" : "",
      "routingProcess" : false,
      "levelCost" : "",
      "categoryCode" : "INV",
      "brandCode" : "",
      "typeCode" : "",
      "landedCostRule" : "",
      "jobNo" : "",
      "shipmentId" : "",
      "packinglistId" : "",
      "deliveryOrderNumber" : "",
      "sealNumber" : "",
      "containerSize" : "",
      "stuffingType" : "",
      "containerLoadType" : "",
      "conditionOfTransport" : "",
      "containerId" : "",
      "portOfDepartureId" : "",
      "portOfArrivalId" : "",
      "importDeclarationNumber" : "",
      "importDeclarationDate" : null,
      "description" : "PSI-TRD-1803042000/ PO/ATG/2018/III/304",
      "objectId" : "F43141",
      "recordId" : "20180412.142926113.0",
      "toBeVoided" : false,
      "additive" : true,
      "transactionDate" : "2018-04-09",
      "businessPartnerId" : "2810",
      "serialOrLotNumbers" : [ ],
      "lastUpdateDateTime" : "2018-04-12T14:28:51",
      "inputDateTime" : "2018-04-12T14:21:30",
      "quantity" : 1.00000,
      "voided" : true,
      "_links" : {
        "self" : {
          "href" : "http://localhost/api/purchaseReceipts/11000_180400018_OV_20"
        },
        "purchaseReceipt" : {
          "href" : "http://localhost/api/purchaseReceipts/11000_180400018_OV_20"
        },
        "sameReceipt" : {
          "href" : "http://localhost/api/purchaseReceipts/11000_180400018_OV_20/sameReceipt"
        },
        "item" : {
          "href" : "http://localhost/api/purchaseReceipts/11000_180400018_OV_20/item"
        },
        "serialNumbers" : {
          "href" : "http://localhost/api/purchaseReceipts/11000_180400018_OV_20/serialNumbers"
        }
      }
    }, {
      "inputUserId" : "QSA",
      "lastUpdateUserId" : "QSA",
      "computerId" : "AYOOKLIK",
      "companyId" : "11000",
      "documentNumber" : 180400018,
      "documentType" : "OV",
      "sequence" : 25,
      "purchaseReceiptNumber" : 180400018,
      "purchaseReceiptType" : "OV",
      "matchCode" : "1",
      "businessUnitId" : "110",
      "batchNumber" : 11,
      "batchType" : "O",
      "vendorId" : "2810",
      "baseCurrency" : "IDR",
      "transactionCurrency" : "IDR",
      "exchangeRate" : 1.000000000,
      "itemCode" : "HP.TONER-CE505A",
      "locationId" : "GDU",
      "serialLotNo" : "",
      "itemDescription" : "HP Toner 05A LaserJet Black Toner",
      "lineType" : "S",
      "unitOfMeasure" : "PCS",
      "unitConversionFactor" : 1.000000000,
      "primaryTransactionQuantity" : -1.00000,
      "primaryUnitOfMeasure" : "PCS",
      "secondaryTransactionQuantity" : 0.00000,
      "secondaryUnitOfMeasure" : "PCS",
      "unitCost" : 1171692.0000000,
      "extendedCost" : -1171692.00000,
      "taxBase" : 0.00000,
      "taxAmount" : -106517.45000,
      "foreignUnitCost" : 0E-7,
      "foreignExtendedCost" : 0.00000,
      "foreignTaxBase" : 0.00000,
      "foreignTaxAmount" : 0.00000,
      "accountId" : "",
      "glClass" : "INFG",
      "lastStatus" : "499",
      "nextStatus" : "999",
      "receiptDate" : "2018-04-09",
      "paymentTermCode" : "N45",
      "taxCode" : "INCL",
      "taxAllowance" : true,
      "taxRate" : 10.000000000000000,
      "discountCode" : "",
      "discountRate" : 0E-15,
      "unitDiscountCode" : "",
      "unitDiscountRate" : 0E-15,
      "projectId" : "",
      "invoiceNumber" : 0,
      "invoiceType" : "",
      "invoiceSequence" : 0,
      "invoiceDate" : null,
      "orderNumber" : 180400021,
      "orderType" : "OP",
      "orderSequence" : 20,
      "orderDetail" : {
        "inputUserId" : "LINDA",
        "lastUpdateUserId" : "LINDA",
        "computerId" : "DESKTOP-9TRIRBU",
        "companyId" : "11000",
        "purchaseOrderNumber" : 180400021,
        "purchaseOrderType" : "OP",
        "purchaseOrderSequence" : 20,
        "documentNumber" : 180400021,
        "documentType" : "OP",
        "sequence" : 20,
        "businessUnitId" : "110",
        "vendorId" : "2810",
        "receiverId" : "",
        "customerId" : "",
        "itemCode" : "HP.TONER-CE505A",
        "locationId" : "GDU",
        "serialLotNo" : "",
        "itemDescription" : "HP Toner 05A LaserJet Black Toner",
        "lineType" : "S",
        "quantity" : 10.00000,
        "extendedQuantity" : 0.00000,
        "orderQuantity" : 0.00000,
        "receivedQuantity" : 0.00000,
        "cancelledQuantity" : 0.00000,
        "returnedQuantity" : 0.00000,
        "openQuantity" : 10.00000,
        "unitOfMeasure" : "PCS",
        "extendedUnitOfMeasure" : "",
        "unitConversionFactor" : 1.000000000,
        "extendedUnitConversionFactor" : 0E-9,
        "primaryOrderQuantity" : 0.00000,
        "primaryUnitOfMeasure" : "PCS",
        "secondaryOrderQuantity" : 0.00000,
        "secondaryUnitOfMeasure" : "PCS",
        "baseCurrency" : "IDR",
        "transactionCurrency" : "IDR",
        "exchangeRate" : 1.000000000,
        "unitCost" : 1171692.0000000,
        "extendedUnitCost" : 0E-7,
        "extendedCost" : 11716920.00000,
        "taxBase" : 0.00000,
        "taxAmount" : 1065174.54550,
        "foreignUnitCost" : 0E-7,
        "foreignExtendedCost" : 0.00000,
        "foreignTaxBase" : 0.00000,
        "foreignTaxAmount" : 0.00000,
        "accountId" : "",
        "glClass" : "INFG",
        "lastStatus" : "400",
        "nextStatus" : "440",
        "orderDate" : "2018-04-09",
        "requestDate" : null,
        "promisedDeliveryDate" : null,
        "receiptDate" : "2018-04-09",
        "closedDate" : null,
        "glDate" : null,
        "paymentTermCode" : "N45",
        "taxCode" : "INCL",
        "taxAllowance" : true,
        "taxRate" : 10.000000000000000,
        "discountCode" : "",
        "discountRate" : 0E-15,
        "unitDiscountCode" : "",
        "unitDiscountRate" : 0E-15,
        "projectId" : "",
        "approvalCode" : "",
        "objectId" : "F43141",
        "originalDocumentNumber" : 0,
        "originalDocumentType" : "",
        "originalDocumentSequence" : 0,
        "originalDocumentDate" : null,
        "relatedDocumentNumber" : 0,
        "relatedDocumentType" : "",
        "relatedDocumentSequence" : 0,
        "categoryCode" : "INV",
        "brandCode" : "",
        "typeCode" : "",
        "landedCostRule" : "",
        "jobNo" : "",
        "shipmentId" : "",
        "packinglistId" : "",
        "deliveryOrderNumber" : "",
        "sealNumber" : "",
        "feederVessel" : "",
        "connectingVessel" : "",
        "shippedBy" : "",
        "containerSize" : "",
        "stuffingType" : "",
        "containerLoadType" : "",
        "orderTransactionType" : "",
        "setForVoid" : false,
        "status" : "OPEN",
        "lastUpdateDateTime" : "2018-04-12T14:28:51",
        "inputDateTime" : "2018-04-12T14:21:30",
        "extended" : false,
        "unitDiscountAmount" : 0.00,
        "costAfterUnitDiscount" : 11716920.00000,
        "voided" : false
      },
      "originalDocumentNumber" : 0,
      "originalDocumentType" : "",
      "originalDocumentSequence" : 0,
      "customerOrderNumber" : "",
      "customerOrderDate" : null,
      "vendorInvoiceNumber" : "",
      "vendorInvoiceDate" : null,
      "taxInvoiceNumber" : "",
      "taxInvoiceDate" : null,
      "expiredDate" : null,
      "inventoryTransactionType" : "1",
      "landedCostRecordType" : "",
      "routingProcess" : false,
      "levelCost" : "",
      "categoryCode" : "INV",
      "brandCode" : "",
      "typeCode" : "",
      "landedCostRule" : "",
      "jobNo" : "",
      "shipmentId" : "",
      "packinglistId" : "",
      "deliveryOrderNumber" : "",
      "sealNumber" : "",
      "containerSize" : "",
      "stuffingType" : "",
      "containerLoadType" : "",
      "conditionOfTransport" : "",
      "containerId" : "",
      "portOfDepartureId" : "",
      "portOfArrivalId" : "",
      "importDeclarationNumber" : "",
      "importDeclarationDate" : null,
      "description" : "PSI-TRD-1803042000/ PO/ATG/2018/III/304",
      "objectId" : "F4312",
      "recordId" : "20180419.141103827.1",
      "toBeVoided" : false,
      "additive" : true,
      "transactionDate" : "2018-04-09",
      "businessPartnerId" : "2810",
      "serialOrLotNumbers" : [ ],
      "lastUpdateDateTime" : "2018-04-18T14:11:03",
      "inputDateTime" : "2018-04-18T14:11:03",
      "quantity" : -1.00000,
      "voided" : true,
      "_links" : {
        "self" : {
          "href" : "http://localhost/api/purchaseReceipts/11000_180400018_OV_25"
        },
        "purchaseReceipt" : {
          "href" : "http://localhost/api/purchaseReceipts/11000_180400018_OV_25"
        },
        "sameReceipt" : {
          "href" : "http://localhost/api/purchaseReceipts/11000_180400018_OV_25/sameReceipt"
        },
        "item" : {
          "href" : "http://localhost/api/purchaseReceipts/11000_180400018_OV_25/item"
        },
        "serialNumbers" : {
          "href" : "http://localhost/api/purchaseReceipts/11000_180400018_OV_25/serialNumbers"
        }
      }
    }, {
      "inputUserId" : "LINDA",
      "lastUpdateUserId" : "LINDA",
      "computerId" : "DESKTOP-9TRIRBU",
      "companyId" : "11000",
      "documentNumber" : 180400018,
      "documentType" : "OV",
      "sequence" : 30,
      "purchaseReceiptNumber" : 180400018,
      "purchaseReceiptType" : "OV",
      "matchCode" : "1",
      "businessUnitId" : "110",
      "batchNumber" : 11,
      "batchType" : "O",
      "vendorId" : "2810",
      "baseCurrency" : "IDR",
      "transactionCurrency" : "IDR",
      "exchangeRate" : 1.000000000,
      "itemCode" : "HP.TONER-CE740A",
      "locationId" : "GDU",
      "serialLotNo" : "",
      "itemDescription" : "HP Toner 307A Black",
      "lineType" : "S",
      "unitOfMeasure" : "PCS",
      "unitConversionFactor" : 1.000000000,
      "primaryTransactionQuantity" : 2.00000,
      "primaryUnitOfMeasure" : "PCS",
      "secondaryTransactionQuantity" : 0.00000,
      "secondaryUnitOfMeasure" : "PCS",
      "unitCost" : 1993246.0000000,
      "extendedCost" : 3986492.00000,
      "taxBase" : 0.00000,
      "taxAmount" : 362408.36363,
      "foreignUnitCost" : 0E-7,
      "foreignExtendedCost" : 0.00000,
      "foreignTaxBase" : 0.00000,
      "foreignTaxAmount" : 0.00000,
      "accountId" : "",
      "glClass" : "INFG",
      "lastStatus" : "499",
      "nextStatus" : "999",
      "receiptDate" : "2018-04-09",
      "paymentTermCode" : "N45",
      "taxCode" : "INCL",
      "taxAllowance" : true,
      "taxRate" : 10.000000000000000,
      "discountCode" : "",
      "discountRate" : 0E-15,
      "unitDiscountCode" : "",
      "unitDiscountRate" : 0E-15,
      "projectId" : "",
      "invoiceNumber" : 0,
      "invoiceType" : "",
      "invoiceSequence" : 0,
      "invoiceDate" : null,
      "orderNumber" : 180400021,
      "orderType" : "OP",
      "orderSequence" : 30,
      "orderDetail" : {
        "inputUserId" : "LINDA",
        "lastUpdateUserId" : "LINDA",
        "computerId" : "DESKTOP-9TRIRBU",
        "companyId" : "11000",
        "purchaseOrderNumber" : 180400021,
        "purchaseOrderType" : "OP",
        "purchaseOrderSequence" : 30,
        "documentNumber" : 180400021,
        "documentType" : "OP",
        "sequence" : 30,
        "businessUnitId" : "110",
        "vendorId" : "2810",
        "receiverId" : "",
        "customerId" : "",
        "itemCode" : "HP.TONER-CE740A",
        "locationId" : "GDU",
        "serialLotNo" : "",
        "itemDescription" : "HP Toner 307A Black",
        "lineType" : "S",
        "quantity" : 2.00000,
        "extendedQuantity" : 0.00000,
        "orderQuantity" : 0.00000,
        "receivedQuantity" : 0.00000,
        "cancelledQuantity" : 0.00000,
        "returnedQuantity" : 0.00000,
        "openQuantity" : 2.00000,
        "unitOfMeasure" : "PCS",
        "extendedUnitOfMeasure" : "",
        "unitConversionFactor" : 1.000000000,
        "extendedUnitConversionFactor" : 0E-9,
        "primaryOrderQuantity" : 0.00000,
        "primaryUnitOfMeasure" : "PCS",
        "secondaryOrderQuantity" : 0.00000,
        "secondaryUnitOfMeasure" : "PCS",
        "baseCurrency" : "IDR",
        "transactionCurrency" : "IDR",
        "exchangeRate" : 1.000000000,
        "unitCost" : 1993246.0000000,
        "extendedUnitCost" : 0E-7,
        "extendedCost" : 3986492.00000,
        "taxBase" : 0.00000,
        "taxAmount" : 362408.36360,
        "foreignUnitCost" : 0E-7,
        "foreignExtendedCost" : 0.00000,
        "foreignTaxBase" : 0.00000,
        "foreignTaxAmount" : 0.00000,
        "accountId" : "",
        "glClass" : "INFG",
        "lastStatus" : "400",
        "nextStatus" : "440",
        "orderDate" : "2018-04-09",
        "requestDate" : null,
        "promisedDeliveryDate" : null,
        "receiptDate" : "2018-04-09",
        "closedDate" : null,
        "glDate" : null,
        "paymentTermCode" : "N45",
        "taxCode" : "INCL",
        "taxAllowance" : true,
        "taxRate" : 10.000000000000000,
        "discountCode" : "",
        "discountRate" : 0E-15,
        "unitDiscountCode" : "",
        "unitDiscountRate" : 0E-15,
        "projectId" : "",
        "approvalCode" : "",
        "objectId" : "F43141",
        "originalDocumentNumber" : 0,
        "originalDocumentType" : "",
        "originalDocumentSequence" : 0,
        "originalDocumentDate" : null,
        "relatedDocumentNumber" : 0,
        "relatedDocumentType" : "",
        "relatedDocumentSequence" : 0,
        "categoryCode" : "INV",
        "brandCode" : "",
        "typeCode" : "",
        "landedCostRule" : "",
        "jobNo" : "",
        "shipmentId" : "",
        "packinglistId" : "",
        "deliveryOrderNumber" : "",
        "sealNumber" : "",
        "feederVessel" : "",
        "connectingVessel" : "",
        "shippedBy" : "",
        "containerSize" : "",
        "stuffingType" : "",
        "containerLoadType" : "",
        "orderTransactionType" : "",
        "setForVoid" : false,
        "status" : "OPEN",
        "lastUpdateDateTime" : "2018-04-12T14:25:15",
        "inputDateTime" : "2018-04-12T14:21:39",
        "extended" : false,
        "unitDiscountAmount" : 0.00,
        "costAfterUnitDiscount" : 3986492.00000,
        "voided" : false
      },
      "originalDocumentNumber" : 0,
      "originalDocumentType" : "",
      "originalDocumentSequence" : 0,
      "customerOrderNumber" : "",
      "customerOrderDate" : null,
      "vendorInvoiceNumber" : "",
      "vendorInvoiceDate" : null,
      "taxInvoiceNumber" : "",
      "taxInvoiceDate" : null,
      "expiredDate" : null,
      "inventoryTransactionType" : "1",
      "landedCostRecordType" : "",
      "routingProcess" : false,
      "levelCost" : "",
      "categoryCode" : "INV",
      "brandCode" : "",
      "typeCode" : "",
      "landedCostRule" : "",
      "jobNo" : "",
      "shipmentId" : "",
      "packinglistId" : "",
      "deliveryOrderNumber" : "",
      "sealNumber" : "",
      "containerSize" : "",
      "stuffingType" : "",
      "containerLoadType" : "",
      "conditionOfTransport" : "",
      "containerId" : "",
      "portOfDepartureId" : "",
      "portOfArrivalId" : "",
      "importDeclarationNumber" : "",
      "importDeclarationDate" : null,
      "description" : "PSI-TRD-1803042000/ PO/ATG/2018/III/304",
      "objectId" : "F43141",
      "recordId" : "20180412.142926176.0",
      "toBeVoided" : false,
      "additive" : true,
      "transactionDate" : "2018-04-09",
      "businessPartnerId" : "2810",
      "serialOrLotNumbers" : [ ],
      "lastUpdateDateTime" : "2018-04-12T14:25:15",
      "inputDateTime" : "2018-04-12T14:21:39",
      "quantity" : 2.00000,
      "voided" : true,
      "_links" : {
        "self" : {
          "href" : "http://localhost/api/purchaseReceipts/11000_180400018_OV_30"
        },
        "purchaseReceipt" : {
          "href" : "http://localhost/api/purchaseReceipts/11000_180400018_OV_30"
        },
        "sameReceipt" : {
          "href" : "http://localhost/api/purchaseReceipts/11000_180400018_OV_30/sameReceipt"
        },
        "item" : {
          "href" : "http://localhost/api/purchaseReceipts/11000_180400018_OV_30/item"
        },
        "serialNumbers" : {
          "href" : "http://localhost/api/purchaseReceipts/11000_180400018_OV_30/serialNumbers"
        }
      }
    }, {
      "inputUserId" : "QSA",
      "lastUpdateUserId" : "QSA",
      "computerId" : "AYOOKLIK",
      "companyId" : "11000",
      "documentNumber" : 180400018,
      "documentType" : "OV",
      "sequence" : 35,
      "purchaseReceiptNumber" : 180400018,
      "purchaseReceiptType" : "OV",
      "matchCode" : "1",
      "businessUnitId" : "110",
      "batchNumber" : 11,
      "batchType" : "O",
      "vendorId" : "2810",
      "baseCurrency" : "IDR",
      "transactionCurrency" : "IDR",
      "exchangeRate" : 1.000000000,
      "itemCode" : "HP.TONER-CE740A",
      "locationId" : "GDU",
      "serialLotNo" : "",
      "itemDescription" : "HP Toner 307A Black",
      "lineType" : "S",
      "unitOfMeasure" : "PCS",
      "unitConversionFactor" : 1.000000000,
      "primaryTransactionQuantity" : -2.00000,
      "primaryUnitOfMeasure" : "PCS",
      "secondaryTransactionQuantity" : 0.00000,
      "secondaryUnitOfMeasure" : "PCS",
      "unitCost" : 1993246.0000000,
      "extendedCost" : -3986492.00000,
      "taxBase" : 0.00000,
      "taxAmount" : -362408.36363,
      "foreignUnitCost" : 0E-7,
      "foreignExtendedCost" : 0.00000,
      "foreignTaxBase" : 0.00000,
      "foreignTaxAmount" : 0.00000,
      "accountId" : "",
      "glClass" : "INFG",
      "lastStatus" : "499",
      "nextStatus" : "999",
      "receiptDate" : "2018-04-09",
      "paymentTermCode" : "N45",
      "taxCode" : "INCL",
      "taxAllowance" : true,
      "taxRate" : 10.000000000000000,
      "discountCode" : "",
      "discountRate" : 0E-15,
      "unitDiscountCode" : "",
      "unitDiscountRate" : 0E-15,
      "projectId" : "",
      "invoiceNumber" : 0,
      "invoiceType" : "",
      "invoiceSequence" : 0,
      "invoiceDate" : null,
      "orderNumber" : 180400021,
      "orderType" : "OP",
      "orderSequence" : 30,
      "orderDetail" : {
        "inputUserId" : "LINDA",
        "lastUpdateUserId" : "LINDA",
        "computerId" : "DESKTOP-9TRIRBU",
        "companyId" : "11000",
        "purchaseOrderNumber" : 180400021,
        "purchaseOrderType" : "OP",
        "purchaseOrderSequence" : 30,
        "documentNumber" : 180400021,
        "documentType" : "OP",
        "sequence" : 30,
        "businessUnitId" : "110",
        "vendorId" : "2810",
        "receiverId" : "",
        "customerId" : "",
        "itemCode" : "HP.TONER-CE740A",
        "locationId" : "GDU",
        "serialLotNo" : "",
        "itemDescription" : "HP Toner 307A Black",
        "lineType" : "S",
        "quantity" : 2.00000,
        "extendedQuantity" : 0.00000,
        "orderQuantity" : 0.00000,
        "receivedQuantity" : 0.00000,
        "cancelledQuantity" : 0.00000,
        "returnedQuantity" : 0.00000,
        "openQuantity" : 2.00000,
        "unitOfMeasure" : "PCS",
        "extendedUnitOfMeasure" : "",
        "unitConversionFactor" : 1.000000000,
        "extendedUnitConversionFactor" : 0E-9,
        "primaryOrderQuantity" : 0.00000,
        "primaryUnitOfMeasure" : "PCS",
        "secondaryOrderQuantity" : 0.00000,
        "secondaryUnitOfMeasure" : "PCS",
        "baseCurrency" : "IDR",
        "transactionCurrency" : "IDR",
        "exchangeRate" : 1.000000000,
        "unitCost" : 1993246.0000000,
        "extendedUnitCost" : 0E-7,
        "extendedCost" : 3986492.00000,
        "taxBase" : 0.00000,
        "taxAmount" : 362408.36360,
        "foreignUnitCost" : 0E-7,
        "foreignExtendedCost" : 0.00000,
        "foreignTaxBase" : 0.00000,
        "foreignTaxAmount" : 0.00000,
        "accountId" : "",
        "glClass" : "INFG",
        "lastStatus" : "400",
        "nextStatus" : "440",
        "orderDate" : "2018-04-09",
        "requestDate" : null,
        "promisedDeliveryDate" : null,
        "receiptDate" : "2018-04-09",
        "closedDate" : null,
        "glDate" : null,
        "paymentTermCode" : "N45",
        "taxCode" : "INCL",
        "taxAllowance" : true,
        "taxRate" : 10.000000000000000,
        "discountCode" : "",
        "discountRate" : 0E-15,
        "unitDiscountCode" : "",
        "unitDiscountRate" : 0E-15,
        "projectId" : "",
        "approvalCode" : "",
        "objectId" : "F43141",
        "originalDocumentNumber" : 0,
        "originalDocumentType" : "",
        "originalDocumentSequence" : 0,
        "originalDocumentDate" : null,
        "relatedDocumentNumber" : 0,
        "relatedDocumentType" : "",
        "relatedDocumentSequence" : 0,
        "categoryCode" : "INV",
        "brandCode" : "",
        "typeCode" : "",
        "landedCostRule" : "",
        "jobNo" : "",
        "shipmentId" : "",
        "packinglistId" : "",
        "deliveryOrderNumber" : "",
        "sealNumber" : "",
        "feederVessel" : "",
        "connectingVessel" : "",
        "shippedBy" : "",
        "containerSize" : "",
        "stuffingType" : "",
        "containerLoadType" : "",
        "orderTransactionType" : "",
        "setForVoid" : false,
        "status" : "OPEN",
        "lastUpdateDateTime" : "2018-04-12T14:25:15",
        "inputDateTime" : "2018-04-12T14:21:39",
        "extended" : false,
        "unitDiscountAmount" : 0.00,
        "costAfterUnitDiscount" : 3986492.00000,
        "voided" : false
      },
      "originalDocumentNumber" : 0,
      "originalDocumentType" : "",
      "originalDocumentSequence" : 0,
      "customerOrderNumber" : "",
      "customerOrderDate" : null,
      "vendorInvoiceNumber" : "",
      "vendorInvoiceDate" : null,
      "taxInvoiceNumber" : "",
      "taxInvoiceDate" : null,
      "expiredDate" : null,
      "inventoryTransactionType" : "1",
      "landedCostRecordType" : "",
      "routingProcess" : false,
      "levelCost" : "",
      "categoryCode" : "INV",
      "brandCode" : "",
      "typeCode" : "",
      "landedCostRule" : "",
      "jobNo" : "",
      "shipmentId" : "",
      "packinglistId" : "",
      "deliveryOrderNumber" : "",
      "sealNumber" : "",
      "containerSize" : "",
      "stuffingType" : "",
      "containerLoadType" : "",
      "conditionOfTransport" : "",
      "containerId" : "",
      "portOfDepartureId" : "",
      "portOfArrivalId" : "",
      "importDeclarationNumber" : "",
      "importDeclarationDate" : null,
      "description" : "PSI-TRD-1803042000/ PO/ATG/2018/III/304",
      "objectId" : "F4312",
      "recordId" : "20180419.141103858.1",
      "toBeVoided" : false,
      "additive" : true,
      "transactionDate" : "2018-04-09",
      "businessPartnerId" : "2810",
      "serialOrLotNumbers" : [ ],
      "lastUpdateDateTime" : "2018-04-18T14:11:03",
      "inputDateTime" : "2018-04-18T14:11:03",
      "quantity" : -2.00000,
      "voided" : true,
      "_links" : {
        "self" : {
          "href" : "http://localhost/api/purchaseReceipts/11000_180400018_OV_35"
        },
        "purchaseReceipt" : {
          "href" : "http://localhost/api/purchaseReceipts/11000_180400018_OV_35"
        },
        "sameReceipt" : {
          "href" : "http://localhost/api/purchaseReceipts/11000_180400018_OV_35/sameReceipt"
        },
        "item" : {
          "href" : "http://localhost/api/purchaseReceipts/11000_180400018_OV_35/item"
        },
        "serialNumbers" : {
          "href" : "http://localhost/api/purchaseReceipts/11000_180400018_OV_35/serialNumbers"
        }
      }
    }, {
      "inputUserId" : "LINDA",
      "lastUpdateUserId" : "LINDA",
      "computerId" : "DESKTOP-9TRIRBU",
      "companyId" : "11000",
      "documentNumber" : 180400018,
      "documentType" : "OV",
      "sequence" : 40,
      "purchaseReceiptNumber" : 180400018,
      "purchaseReceiptType" : "OV",
      "matchCode" : "1",
      "businessUnitId" : "110",
      "batchNumber" : 11,
      "batchType" : "O",
      "vendorId" : "2810",
      "baseCurrency" : "IDR",
      "transactionCurrency" : "IDR",
      "exchangeRate" : 1.000000000,
      "itemCode" : "HP.TONER-CE741A",
      "locationId" : "GDU",
      "serialLotNo" : "",
      "itemDescription" : "HP Toner 307A Cyan",
      "lineType" : "S",
      "unitOfMeasure" : "PCS",
      "unitConversionFactor" : 1.000000000,
      "primaryTransactionQuantity" : 2.00000,
      "primaryUnitOfMeasure" : "PCS",
      "secondaryTransactionQuantity" : 0.00000,
      "secondaryUnitOfMeasure" : "PCS",
      "unitCost" : 3515767.0000000,
      "extendedCost" : 7031534.00000,
      "taxBase" : 0.00000,
      "taxAmount" : 639230.36363,
      "foreignUnitCost" : 0E-7,
      "foreignExtendedCost" : 0.00000,
      "foreignTaxBase" : 0.00000,
      "foreignTaxAmount" : 0.00000,
      "accountId" : "",
      "glClass" : "INFG",
      "lastStatus" : "499",
      "nextStatus" : "999",
      "receiptDate" : "2018-04-09",
      "paymentTermCode" : "N45",
      "taxCode" : "INCL",
      "taxAllowance" : true,
      "taxRate" : 10.000000000000000,
      "discountCode" : "",
      "discountRate" : 0E-15,
      "unitDiscountCode" : "",
      "unitDiscountRate" : 0E-15,
      "projectId" : "",
      "invoiceNumber" : 0,
      "invoiceType" : "",
      "invoiceSequence" : 0,
      "invoiceDate" : null,
      "orderNumber" : 180400021,
      "orderType" : "OP",
      "orderSequence" : 40,
      "orderDetail" : {
        "inputUserId" : "LINDA",
        "lastUpdateUserId" : "LINDA",
        "computerId" : "DESKTOP-9TRIRBU",
        "companyId" : "11000",
        "purchaseOrderNumber" : 180400021,
        "purchaseOrderType" : "OP",
        "purchaseOrderSequence" : 40,
        "documentNumber" : 180400021,
        "documentType" : "OP",
        "sequence" : 40,
        "businessUnitId" : "110",
        "vendorId" : "2810",
        "receiverId" : "",
        "customerId" : "",
        "itemCode" : "HP.TONER-CE741A",
        "locationId" : "GDU",
        "serialLotNo" : "",
        "itemDescription" : "HP Toner 307A Cyan",
        "lineType" : "S",
        "quantity" : 2.00000,
        "extendedQuantity" : 0.00000,
        "orderQuantity" : 0.00000,
        "receivedQuantity" : 0.00000,
        "cancelledQuantity" : 0.00000,
        "returnedQuantity" : 0.00000,
        "openQuantity" : 2.00000,
        "unitOfMeasure" : "PCS",
        "extendedUnitOfMeasure" : "",
        "unitConversionFactor" : 1.000000000,
        "extendedUnitConversionFactor" : 0E-9,
        "primaryOrderQuantity" : 0.00000,
        "primaryUnitOfMeasure" : "PCS",
        "secondaryOrderQuantity" : 0.00000,
        "secondaryUnitOfMeasure" : "PCS",
        "baseCurrency" : "IDR",
        "transactionCurrency" : "IDR",
        "exchangeRate" : 1.000000000,
        "unitCost" : 3515767.0000000,
        "extendedUnitCost" : 0E-7,
        "extendedCost" : 7031534.00000,
        "taxBase" : 0.00000,
        "taxAmount" : 639230.36360,
        "foreignUnitCost" : 0E-7,
        "foreignExtendedCost" : 0.00000,
        "foreignTaxBase" : 0.00000,
        "foreignTaxAmount" : 0.00000,
        "accountId" : "",
        "glClass" : "INFG",
        "lastStatus" : "400",
        "nextStatus" : "440",
        "orderDate" : "2018-04-09",
        "requestDate" : null,
        "promisedDeliveryDate" : null,
        "receiptDate" : "2018-04-09",
        "closedDate" : null,
        "glDate" : null,
        "paymentTermCode" : "N45",
        "taxCode" : "INCL",
        "taxAllowance" : true,
        "taxRate" : 10.000000000000000,
        "discountCode" : "",
        "discountRate" : 0E-15,
        "unitDiscountCode" : "",
        "unitDiscountRate" : 0E-15,
        "projectId" : "",
        "approvalCode" : "",
        "objectId" : "F43141",
        "originalDocumentNumber" : 0,
        "originalDocumentType" : "",
        "originalDocumentSequence" : 0,
        "originalDocumentDate" : null,
        "relatedDocumentNumber" : 0,
        "relatedDocumentType" : "",
        "relatedDocumentSequence" : 0,
        "categoryCode" : "INV",
        "brandCode" : "",
        "typeCode" : "",
        "landedCostRule" : "",
        "jobNo" : "",
        "shipmentId" : "",
        "packinglistId" : "",
        "deliveryOrderNumber" : "",
        "sealNumber" : "",
        "feederVessel" : "",
        "connectingVessel" : "",
        "shippedBy" : "",
        "containerSize" : "",
        "stuffingType" : "",
        "containerLoadType" : "",
        "orderTransactionType" : "",
        "setForVoid" : false,
        "status" : "OPEN",
        "lastUpdateDateTime" : "2018-04-12T14:25:42",
        "inputDateTime" : "2018-04-12T14:21:46",
        "extended" : false,
        "unitDiscountAmount" : 0.00,
        "costAfterUnitDiscount" : 7031534.00000,
        "voided" : false
      },
      "originalDocumentNumber" : 0,
      "originalDocumentType" : "",
      "originalDocumentSequence" : 0,
      "customerOrderNumber" : "",
      "customerOrderDate" : null,
      "vendorInvoiceNumber" : "",
      "vendorInvoiceDate" : null,
      "taxInvoiceNumber" : "",
      "taxInvoiceDate" : null,
      "expiredDate" : null,
      "inventoryTransactionType" : "1",
      "landedCostRecordType" : "",
      "routingProcess" : false,
      "levelCost" : "",
      "categoryCode" : "INV",
      "brandCode" : "",
      "typeCode" : "",
      "landedCostRule" : "",
      "jobNo" : "",
      "shipmentId" : "",
      "packinglistId" : "",
      "deliveryOrderNumber" : "",
      "sealNumber" : "",
      "containerSize" : "",
      "stuffingType" : "",
      "containerLoadType" : "",
      "conditionOfTransport" : "",
      "containerId" : "",
      "portOfDepartureId" : "",
      "portOfArrivalId" : "",
      "importDeclarationNumber" : "",
      "importDeclarationDate" : null,
      "description" : "PSI-TRD-1803042000/ PO/ATG/2018/III/304",
      "objectId" : "F43141",
      "recordId" : "20180412.142926239.0",
      "toBeVoided" : false,
      "additive" : true,
      "transactionDate" : "2018-04-09",
      "businessPartnerId" : "2810",
      "serialOrLotNumbers" : [ ],
      "lastUpdateDateTime" : "2018-04-12T14:25:42",
      "inputDateTime" : "2018-04-12T14:21:46",
      "quantity" : 2.00000,
      "voided" : true,
      "_links" : {
        "self" : {
          "href" : "http://localhost/api/purchaseReceipts/11000_180400018_OV_40"
        },
        "purchaseReceipt" : {
          "href" : "http://localhost/api/purchaseReceipts/11000_180400018_OV_40"
        },
        "sameReceipt" : {
          "href" : "http://localhost/api/purchaseReceipts/11000_180400018_OV_40/sameReceipt"
        },
        "item" : {
          "href" : "http://localhost/api/purchaseReceipts/11000_180400018_OV_40/item"
        },
        "serialNumbers" : {
          "href" : "http://localhost/api/purchaseReceipts/11000_180400018_OV_40/serialNumbers"
        }
      }
    }, {
      "inputUserId" : "QSA",
      "lastUpdateUserId" : "QSA",
      "computerId" : "AYOOKLIK",
      "companyId" : "11000",
      "documentNumber" : 180400018,
      "documentType" : "OV",
      "sequence" : 45,
      "purchaseReceiptNumber" : 180400018,
      "purchaseReceiptType" : "OV",
      "matchCode" : "1",
      "businessUnitId" : "110",
      "batchNumber" : 11,
      "batchType" : "O",
      "vendorId" : "2810",
      "baseCurrency" : "IDR",
      "transactionCurrency" : "IDR",
      "exchangeRate" : 1.000000000,
      "itemCode" : "HP.TONER-CE741A",
      "locationId" : "GDU",
      "serialLotNo" : "",
      "itemDescription" : "HP Toner 307A Cyan",
      "lineType" : "S",
      "unitOfMeasure" : "PCS",
      "unitConversionFactor" : 1.000000000,
      "primaryTransactionQuantity" : -2.00000,
      "primaryUnitOfMeasure" : "PCS",
      "secondaryTransactionQuantity" : 0.00000,
      "secondaryUnitOfMeasure" : "PCS",
      "unitCost" : 3515767.0000000,
      "extendedCost" : -7031534.00000,
      "taxBase" : 0.00000,
      "taxAmount" : -639230.36363,
      "foreignUnitCost" : 0E-7,
      "foreignExtendedCost" : 0.00000,
      "foreignTaxBase" : 0.00000,
      "foreignTaxAmount" : 0.00000,
      "accountId" : "",
      "glClass" : "INFG",
      "lastStatus" : "499",
      "nextStatus" : "999",
      "receiptDate" : "2018-04-09",
      "paymentTermCode" : "N45",
      "taxCode" : "INCL",
      "taxAllowance" : true,
      "taxRate" : 10.000000000000000,
      "discountCode" : "",
      "discountRate" : 0E-15,
      "unitDiscountCode" : "",
      "unitDiscountRate" : 0E-15,
      "projectId" : "",
      "invoiceNumber" : 0,
      "invoiceType" : "",
      "invoiceSequence" : 0,
      "invoiceDate" : null,
      "orderNumber" : 180400021,
      "orderType" : "OP",
      "orderSequence" : 40,
      "orderDetail" : {
        "inputUserId" : "LINDA",
        "lastUpdateUserId" : "LINDA",
        "computerId" : "DESKTOP-9TRIRBU",
        "companyId" : "11000",
        "purchaseOrderNumber" : 180400021,
        "purchaseOrderType" : "OP",
        "purchaseOrderSequence" : 40,
        "documentNumber" : 180400021,
        "documentType" : "OP",
        "sequence" : 40,
        "businessUnitId" : "110",
        "vendorId" : "2810",
        "receiverId" : "",
        "customerId" : "",
        "itemCode" : "HP.TONER-CE741A",
        "locationId" : "GDU",
        "serialLotNo" : "",
        "itemDescription" : "HP Toner 307A Cyan",
        "lineType" : "S",
        "quantity" : 2.00000,
        "extendedQuantity" : 0.00000,
        "orderQuantity" : 0.00000,
        "receivedQuantity" : 0.00000,
        "cancelledQuantity" : 0.00000,
        "returnedQuantity" : 0.00000,
        "openQuantity" : 2.00000,
        "unitOfMeasure" : "PCS",
        "extendedUnitOfMeasure" : "",
        "unitConversionFactor" : 1.000000000,
        "extendedUnitConversionFactor" : 0E-9,
        "primaryOrderQuantity" : 0.00000,
        "primaryUnitOfMeasure" : "PCS",
        "secondaryOrderQuantity" : 0.00000,
        "secondaryUnitOfMeasure" : "PCS",
        "baseCurrency" : "IDR",
        "transactionCurrency" : "IDR",
        "exchangeRate" : 1.000000000,
        "unitCost" : 3515767.0000000,
        "extendedUnitCost" : 0E-7,
        "extendedCost" : 7031534.00000,
        "taxBase" : 0.00000,
        "taxAmount" : 639230.36360,
        "foreignUnitCost" : 0E-7,
        "foreignExtendedCost" : 0.00000,
        "foreignTaxBase" : 0.00000,
        "foreignTaxAmount" : 0.00000,
        "accountId" : "",
        "glClass" : "INFG",
        "lastStatus" : "400",
        "nextStatus" : "440",
        "orderDate" : "2018-04-09",
        "requestDate" : null,
        "promisedDeliveryDate" : null,
        "receiptDate" : "2018-04-09",
        "closedDate" : null,
        "glDate" : null,
        "paymentTermCode" : "N45",
        "taxCode" : "INCL",
        "taxAllowance" : true,
        "taxRate" : 10.000000000000000,
        "discountCode" : "",
        "discountRate" : 0E-15,
        "unitDiscountCode" : "",
        "unitDiscountRate" : 0E-15,
        "projectId" : "",
        "approvalCode" : "",
        "objectId" : "F43141",
        "originalDocumentNumber" : 0,
        "originalDocumentType" : "",
        "originalDocumentSequence" : 0,
        "originalDocumentDate" : null,
        "relatedDocumentNumber" : 0,
        "relatedDocumentType" : "",
        "relatedDocumentSequence" : 0,
        "categoryCode" : "INV",
        "brandCode" : "",
        "typeCode" : "",
        "landedCostRule" : "",
        "jobNo" : "",
        "shipmentId" : "",
        "packinglistId" : "",
        "deliveryOrderNumber" : "",
        "sealNumber" : "",
        "feederVessel" : "",
        "connectingVessel" : "",
        "shippedBy" : "",
        "containerSize" : "",
        "stuffingType" : "",
        "containerLoadType" : "",
        "orderTransactionType" : "",
        "setForVoid" : false,
        "status" : "OPEN",
        "lastUpdateDateTime" : "2018-04-12T14:25:42",
        "inputDateTime" : "2018-04-12T14:21:46",
        "extended" : false,
        "unitDiscountAmount" : 0.00,
        "costAfterUnitDiscount" : 7031534.00000,
        "voided" : false
      },
      "originalDocumentNumber" : 0,
      "originalDocumentType" : "",
      "originalDocumentSequence" : 0,
      "customerOrderNumber" : "",
      "customerOrderDate" : null,
      "vendorInvoiceNumber" : "",
      "vendorInvoiceDate" : null,
      "taxInvoiceNumber" : "",
      "taxInvoiceDate" : null,
      "expiredDate" : null,
      "inventoryTransactionType" : "1",
      "landedCostRecordType" : "",
      "routingProcess" : false,
      "levelCost" : "",
      "categoryCode" : "INV",
      "brandCode" : "",
      "typeCode" : "",
      "landedCostRule" : "",
      "jobNo" : "",
      "shipmentId" : "",
      "packinglistId" : "",
      "deliveryOrderNumber" : "",
      "sealNumber" : "",
      "containerSize" : "",
      "stuffingType" : "",
      "containerLoadType" : "",
      "conditionOfTransport" : "",
      "containerId" : "",
      "portOfDepartureId" : "",
      "portOfArrivalId" : "",
      "importDeclarationNumber" : "",
      "importDeclarationDate" : null,
      "description" : "PSI-TRD-1803042000/ PO/ATG/2018/III/304",
      "objectId" : "F4312",
      "recordId" : "20180419.141103889.1",
      "toBeVoided" : false,
      "additive" : true,
      "transactionDate" : "2018-04-09",
      "businessPartnerId" : "2810",
      "serialOrLotNumbers" : [ ],
      "lastUpdateDateTime" : "2018-04-18T14:11:03",
      "inputDateTime" : "2018-04-18T14:11:03",
      "quantity" : -2.00000,
      "voided" : true,
      "_links" : {
        "self" : {
          "href" : "http://localhost/api/purchaseReceipts/11000_180400018_OV_45"
        },
        "purchaseReceipt" : {
          "href" : "http://localhost/api/purchaseReceipts/11000_180400018_OV_45"
        },
        "sameReceipt" : {
          "href" : "http://localhost/api/purchaseReceipts/11000_180400018_OV_45/sameReceipt"
        },
        "item" : {
          "href" : "http://localhost/api/purchaseReceipts/11000_180400018_OV_45/item"
        },
        "serialNumbers" : {
          "href" : "http://localhost/api/purchaseReceipts/11000_180400018_OV_45/serialNumbers"
        }
      }
    } ]
  },
  "_links" : {
    "first" : {
      "href" : "http://localhost/api/purchaseReceipts?page=0&size=20"
    },
    "self" : {
      "href" : "http://localhost/api/purchaseReceipts{?page,size,sort}",
      "templated" : true
    },
    "next" : {
      "href" : "http://localhost/api/purchaseReceipts?page=1&size=20"
    },
    "last" : {
      "href" : "http://localhost/api/purchaseReceipts?page=21&size=20"
    },
    "profile" : {
      "href" : "http://localhost/api/profile/purchaseReceipts"
    }
  },
  "page" : {
    "size" : 20,
    "totalElements" : 437,
    "totalPages" : 22,
    "number" : 0
  }
}
    Forwarded URL = null
   Redirected URL = null
          Cookies = []
2018-12-27 11:25:52.576  INFO 2120 --- [    Test worker] o.s.t.c.transaction.TransactionContext   : Rolled back transaction for test: [DefaultTestContext@4cd7a432 testClass = PurchaseReceiptApiTest, testInstance = ags.goldenlionerp.apiTests.purchase.PurchaseReceiptApiTest@5fa60dcd, testMethod = getTestCollection@ApiTestBase, testException = [null], mergedContextConfiguration = [WebMergedContextConfiguration@6aa9a5ba testClass = PurchaseReceiptApiTest, locations = '{}', classes = '{class ags.goldenlionerp.GoldenLionErpApplication}', contextInitializerClasses = '[]', activeProfiles = '{}', propertySourceLocations = '{classpath:test.properties}', propertySourceProperties = '{org.springframework.boot.test.context.SpringBootTestContextBootstrapper=true}', contextCustomizers = set[org.springframework.boot.test.autoconfigure.properties.PropertyMappingContextCustomizer@0, org.springframework.boot.test.autoconfigure.web.servlet.WebDriverContextCustomizerFactory$Customizer@636d731e, [ImportsContextCustomizer@6f6d8820 key = [ags.goldenlionerp.apiTests.ApiTestBase$TestConfig]], org.springframework.boot.test.context.filter.ExcludeFilterContextCustomizer@6afa5291, org.springframework.boot.test.json.DuplicateJsonObjectContextCustomizerFactory$DuplicateJsonObjectContextCustomizer@20cebcb4, org.springframework.boot.test.mock.mockito.MockitoContextCustomizer@0, org.springframework.boot.test.web.client.TestRestTemplateContextCustomizer@49a32273], resourceBasePath = 'src/main/webapp', contextLoader = 'org.springframework.boot.test.context.SpringBootContextLoader', parent = [null]], attributes = map['org.springframework.test.context.web.ServletTestExecutionListener.activateListener' -> true, 'org.springframework.test.context.web.ServletTestExecutionListener.populatedRequestContextHolder' -> true, 'org.springframework.test.context.web.ServletTestExecutionListener.resetRequestContextHolder' -> true]]
2018-12-27 11:25:52.578  INFO 2120 --- [    Test worker] o.s.t.c.transaction.TransactionContext   : Began transaction (1) for test context [DefaultTestContext@4cd7a432 testClass = PurchaseReceiptApiTest, testInstance = ags.goldenlionerp.apiTests.purchase.PurchaseReceiptApiTest@4d36f2f1, testMethod = createTestWithPut@ApiTestBase, testException = [null], mergedContextConfiguration = [WebMergedContextConfiguration@6aa9a5ba testClass = PurchaseReceiptApiTest, locations = '{}', classes = '{class ags.goldenlionerp.GoldenLionErpApplication}', contextInitializerClasses = '[]', activeProfiles = '{}', propertySourceLocations = '{classpath:test.properties}', propertySourceProperties = '{org.springframework.boot.test.context.SpringBootTestContextBootstrapper=true}', contextCustomizers = set[org.springframework.boot.test.autoconfigure.properties.PropertyMappingContextCustomizer@0, org.springframework.boot.test.autoconfigure.web.servlet.WebDriverContextCustomizerFactory$Customizer@636d731e, [ImportsContextCustomizer@6f6d8820 key = [ags.goldenlionerp.apiTests.ApiTestBase$TestConfig]], org.springframework.boot.test.context.filter.ExcludeFilterContextCustomizer@6afa5291, org.springframework.boot.test.json.DuplicateJsonObjectContextCustomizerFactory$DuplicateJsonObjectContextCustomizer@20cebcb4, org.springframework.boot.test.mock.mockito.MockitoContextCustomizer@0, org.springframework.boot.test.web.client.TestRestTemplateContextCustomizer@49a32273], resourceBasePath = 'src/main/webapp', contextLoader = 'org.springframework.boot.test.context.SpringBootContextLoader', parent = [null]], attributes = map['org.springframework.test.context.web.ServletTestExecutionListener.activateListener' -> true, 'org.springframework.test.context.web.ServletTestExecutionListener.populatedRequestContextHolder' -> true, 'org.springframework.test.context.web.ServletTestExecutionListener.resetRequestContextHolder' -> true]]; transaction manager [org.springframework.orm.jpa.JpaTransactionManager@75de8c12]; rollback [true]
2018-12-27 11:25:52.579  INFO 2120 --- [    Test worker] o.s.b.t.m.w.SpringBootMockServletContext : Initializing Spring FrameworkServlet ''
2018-12-27 11:25:52.579  INFO 2120 --- [    Test worker] o.s.t.web.servlet.TestDispatcherServlet  : FrameworkServlet '': initialization started
2018-12-27 11:25:52.586  INFO 2120 --- [    Test worker] o.s.t.web.servlet.TestDispatcherServlet  : FrameworkServlet '': initialization completed in 7 ms
Hibernate: select count(*) as col_0_0_ from t4301 purchaseor0_ where purchaseor0_.ohcoid=? and purchaseor0_.ohdocono=? and purchaseor0_.ohdocoty=?
Hibernate: select company0_.cncoid as cncoid1_9_0_, company0_.cncid as cncid2_9_0_, company0_.cndtin as cndtin3_9_0_, company0_.cntmin as cntmin4_9_0_, company0_.cnuid as cnuid5_9_0_, company0_.cndtlu as cndtlu6_9_0_, company0_.cntmlu as cntmlu7_9_0_, company0_.cnuidm as cnuidm8_9_0_, company0_.cnanum as cnanum9_9_0_, company0_.cncrcb as cncrcb10_9_0_, company0_.cncap as cncap11_9_0_, company0_.cncfy as cncfy12_9_0_, company0_.cncip as cncip13_9_0_, company0_.cncpp as cncpp14_9_0_, company0_.cncrp as cncrp15_9_0_, company0_.cndesb1 as cndesb16_9_0_, company0_.cnfdp as cnfdp17_9_0_ from t0020 company0_ where company0_.cncoid=?
Hibernate: select addressboo0_.adanum as adanum1_16_0_, addressboo0_.adcid as adcid2_16_0_, addressboo0_.addtin as addtin3_16_0_, addressboo0_.adtmin as adtmin4_16_0_, addressboo0_.aduid as aduid5_16_0_, addressboo0_.addtlu as addtlu6_16_0_, addressboo0_.adtmlu as adtmlu7_16_0_, addressboo0_.aduidm as aduidm8_16_0_, addressboo0_.adap as adap9_16_0_, addressboo0_.adar as adar10_16_0_, addressboo0_.adbuid as adbuid11_16_0_, addressboo0_.adcc01 as adcc12_16_0_, addressboo0_.adcc02 as adcc13_16_0_, addressboo0_.adcc03 as adcc14_16_0_, addressboo0_.adcc04 as adcc15_16_0_, addressboo0_.adcc05 as adcc16_16_0_, addressboo0_.adcc06 as adcc17_16_0_, addressboo0_.adcc07 as adcc18_16_0_, addressboo0_.adcc08 as adcc19_16_0_, addressboo0_.adcc09 as adcc20_16_0_, addressboo0_.adcc10 as adcc21_16_0_, addressboo0_.adempl as adempl22_16_0_, addressboo0_.adtmlt as adtmlt23_16_0_, addressboo0_.adlan as adlan24_16_0_, addressboo0_.admlnm as admlnm25_16_0_, addressboo0_.adnm as adnm26_16_0_, addressboo0_.adpan as adpan27_16_0_, addressboo0_.adrecid as adrecid28_16_0_, addressboo0_.adrlid0 as adrlid29_16_0_, addressboo0_.adrlid2 as adrlid30_16_0_, addressboo0_.adrlid3 as adrlid31_16_0_, addressboo0_.adrlid4 as adrlid32_16_0_, addressboo0_.adrlid5 as adrlid33_16_0_, addressboo0_.adrlid6 as adrlid34_16_0_, addressboo0_.adrlid7 as adrlid35_16_0_, addressboo0_.adrlid8 as adrlid36_16_0_, addressboo0_.adrlid9 as adrlid37_16_0_, addressboo0_.adrlid1 as adrlid38_16_0_, addressboo0_.adst as adst39_16_0_, addressboo0_.adtaxid as adtaxid40_16_0_ from t0101 addressboo0_ where addressboo0_.adanum=?
Hibernate: select apsetting0_.pmanum as pmanum1_23_0_, apsetting0_.pmanum as pmanum1_23_1_, apsetting0_.pmcid as pmcid2_23_1_, apsetting0_.pmdtin as pmdtin3_23_1_, apsetting0_.pmtmin as pmtmin4_23_1_, apsetting0_.pmuid as pmuid5_23_1_, apsetting0_.pmdtlu as pmdtlu6_23_1_, apsetting0_.pmtmlu as pmtmlu7_23_1_, apsetting0_.pmuidm as pmuidm8_23_1_, apsetting0_.pmdtls as pmdtls9_23_1_, apsetting0_.pmapcls as pmapcls10_23_1_, apsetting0_.pmcrm as pmcrm11_23_1_, apsetting0_.pmcrct as pmcrct12_23_1_, apsetting0_.pmitc05 as pmitc13_23_1_, apsetting0_.pminsp as pminsp14_23_1_, apsetting0_.pmptc as pmptc15_23_1_, apsetting0_.pmspg as pmspg16_23_1_, apsetting0_.pmtaxau as pmtaxau17_23_1_, apsetting0_.pmtaxcd as pmtaxcd18_23_1_, apsetting0_.pmtaxid as pmtaxid19_23_1_ from t0401 apsetting0_ where apsetting0_.pmanum=?
Hibernate: select itemmaster0_.iminum as iminum1_31_0_, itemmaster0_.imcid as imcid2_31_0_, itemmaster0_.imdtin as imdtin3_31_0_, itemmaster0_.imtmin as imtmin4_31_0_, itemmaster0_.imuid as imuid5_31_0_, itemmaster0_.imdtlu as imdtlu6_31_0_, itemmaster0_.imtmlu as imtmlu7_31_0_, itemmaster0_.imuidm as imuidm8_31_0_, itemmaster0_.iminumb as iminumb9_31_0_, itemmaster0_.imctm as imctm10_31_0_, itemmaster0_.imitc02 as imitc11_31_0_, itemmaster0_.imitc01 as imitc12_31_0_, itemmaster0_.imitc10 as imitc13_31_0_, itemmaster0_.imitc04 as imitc14_31_0_, itemmaster0_.imitc06 as imitc15_31_0_, itemmaster0_.imitc07 as imitc16_31_0_, itemmaster0_.imitc08 as imitc17_31_0_, itemmaster0_.imitc09 as imitc18_31_0_, itemmaster0_.imitc05 as imitc19_31_0_, itemmaster0_.imslrc0 as imslrc20_31_0_, itemmaster0_.imslrc1 as imslrc21_31_0_, itemmaster0_.imslrc2 as imslrc22_31_0_, itemmaster0_.imslrc3 as imslrc23_31_0_, itemmaster0_.imslrc4 as imslrc24_31_0_, itemmaster0_.imslrc5 as imslrc25_31_0_, itemmaster0_.imslrc6 as imslrc26_31_0_, itemmaster0_.imslrc7 as imslrc27_31_0_, itemmaster0_.imslrc8 as imslrc28_31_0_, itemmaster0_.imslrc9 as imslrc29_31_0_, itemmaster0_.imitc03 as imitc30_31_0_, itemmaster0_.imdesb1 as imdesb31_31_0_, itemmaster0_.imdesd1 as imdesd32_31_0_, itemmaster0_.imglcls as imglcls33_31_0_, itemmaster0_.imicl as imicl34_31_0_, itemmaster0_.imilc as imilc35_31_0_, itemmaster0_.iminums as iminums36_31_0_, itemmaster0_.imipg as imipg37_31_0_, itemmaster0_.imlsc as imlsc38_31_0_, itemmaster0_.imdaqc as imdaqc39_31_0_, itemmaster0_.imgscrt as imgscrt40_31_0_, itemmaster0_.imsiops as imsiops41_31_0_, itemmaster0_.imbpid as imbpid42_31_0_, itemmaster0_.imcsid as imcsid43_31_0_, itemmaster0_.imudf as imudf44_31_0_, itemmaster0_.impmmf as impmmf45_31_0_, itemmaster0_.imrbii as imrbii46_31_0_, itemmaster0_.imrbim as imrbim47_31_0_, itemmaster0_.imrbis as imrbis48_31_0_, itemmaster0_.imvnid as imvnid49_31_0_, itemmaster0_.imtaxpc as imtaxpc50_31_0_, itemmaster0_.imtaxsc as imtaxsc51_31_0_, itemmaster0_.iminump as iminump52_31_0_, itemmaster0_.implg as implg53_31_0_, itemmaster0_.imppl as imppl54_31_0_, itemmaster0_.imspl as imspl55_31_0_, itemmaster0_.imsnr as imsnr56_31_0_, itemmaster0_.imskty as imskty57_31_0_, itemmaster0_.imlnty as imlnty58_31_0_, itemmaster0_.imuom9 as imuom59_31_0_, itemmaster0_.imdppo as imdppo60_31_0_, itemmaster0_.imdlum as imdlum61_31_0_, itemmaster0_.imdlump as imdlump62_31_0_, itemmaster0_.imdlumt as imdlumt63_31_0_, itemmaster0_.imuom5 as imuom64_31_0_, itemmaster0_.imuom1 as imuom65_31_0_, itemmaster0_.imuom8 as imuom66_31_0_, itemmaster0_.imuom3 as imuom67_31_0_, itemmaster0_.imuom4 as imuom68_31_0_, itemmaster0_.imuom2 as imuom69_31_0_, itemmaster0_.imuom6 as imuom70_31_0_, itemmaster0_.imuoms as imuoms71_31_0_, itemmaster0_.imuomt as imuomt72_31_0_, itemmaster0_.imuomv as imuomv73_31_0_, itemmaster0_.imwcf as imwcf74_31_0_, itemmaster0_.imuomw as imuomw75_31_0_, itemmaster0_.imvict as imvict76_31_0_ from t4101 itemmaster0_ where itemmaster0_.iminum=?
Hibernate: select itemmaster0_.iminum as iminum1_31_0_, itemmaster0_.imcid as imcid2_31_0_, itemmaster0_.imdtin as imdtin3_31_0_, itemmaster0_.imtmin as imtmin4_31_0_, itemmaster0_.imuid as imuid5_31_0_, itemmaster0_.imdtlu as imdtlu6_31_0_, itemmaster0_.imtmlu as imtmlu7_31_0_, itemmaster0_.imuidm as imuidm8_31_0_, itemmaster0_.iminumb as iminumb9_31_0_, itemmaster0_.imctm as imctm10_31_0_, itemmaster0_.imitc02 as imitc11_31_0_, itemmaster0_.imitc01 as imitc12_31_0_, itemmaster0_.imitc10 as imitc13_31_0_, itemmaster0_.imitc04 as imitc14_31_0_, itemmaster0_.imitc06 as imitc15_31_0_, itemmaster0_.imitc07 as imitc16_31_0_, itemmaster0_.imitc08 as imitc17_31_0_, itemmaster0_.imitc09 as imitc18_31_0_, itemmaster0_.imitc05 as imitc19_31_0_, itemmaster0_.imslrc0 as imslrc20_31_0_, itemmaster0_.imslrc1 as imslrc21_31_0_, itemmaster0_.imslrc2 as imslrc22_31_0_, itemmaster0_.imslrc3 as imslrc23_31_0_, itemmaster0_.imslrc4 as imslrc24_31_0_, itemmaster0_.imslrc5 as imslrc25_31_0_, itemmaster0_.imslrc6 as imslrc26_31_0_, itemmaster0_.imslrc7 as imslrc27_31_0_, itemmaster0_.imslrc8 as imslrc28_31_0_, itemmaster0_.imslrc9 as imslrc29_31_0_, itemmaster0_.imitc03 as imitc30_31_0_, itemmaster0_.imdesb1 as imdesb31_31_0_, itemmaster0_.imdesd1 as imdesd32_31_0_, itemmaster0_.imglcls as imglcls33_31_0_, itemmaster0_.imicl as imicl34_31_0_, itemmaster0_.imilc as imilc35_31_0_, itemmaster0_.iminums as iminums36_31_0_, itemmaster0_.imipg as imipg37_31_0_, itemmaster0_.imlsc as imlsc38_31_0_, itemmaster0_.imdaqc as imdaqc39_31_0_, itemmaster0_.imgscrt as imgscrt40_31_0_, itemmaster0_.imsiops as imsiops41_31_0_, itemmaster0_.imbpid as imbpid42_31_0_, itemmaster0_.imcsid as imcsid43_31_0_, itemmaster0_.imudf as imudf44_31_0_, itemmaster0_.impmmf as impmmf45_31_0_, itemmaster0_.imrbii as imrbii46_31_0_, itemmaster0_.imrbim as imrbim47_31_0_, itemmaster0_.imrbis as imrbis48_31_0_, itemmaster0_.imvnid as imvnid49_31_0_, itemmaster0_.imtaxpc as imtaxpc50_31_0_, itemmaster0_.imtaxsc as imtaxsc51_31_0_, itemmaster0_.iminump as iminump52_31_0_, itemmaster0_.implg as implg53_31_0_, itemmaster0_.imppl as imppl54_31_0_, itemmaster0_.imspl as imspl55_31_0_, itemmaster0_.imsnr as imsnr56_31_0_, itemmaster0_.imskty as imskty57_31_0_, itemmaster0_.imlnty as imlnty58_31_0_, itemmaster0_.imuom9 as imuom59_31_0_, itemmaster0_.imdppo as imdppo60_31_0_, itemmaster0_.imdlum as imdlum61_31_0_, itemmaster0_.imdlump as imdlump62_31_0_, itemmaster0_.imdlumt as imdlumt63_31_0_, itemmaster0_.imuom5 as imuom64_31_0_, itemmaster0_.imuom1 as imuom65_31_0_, itemmaster0_.imuom8 as imuom66_31_0_, itemmaster0_.imuom3 as imuom67_31_0_, itemmaster0_.imuom4 as imuom68_31_0_, itemmaster0_.imuom2 as imuom69_31_0_, itemmaster0_.imuom6 as imuom70_31_0_, itemmaster0_.imuoms as imuoms71_31_0_, itemmaster0_.imuomt as imuomt72_31_0_, itemmaster0_.imuomv as imuomv73_31_0_, itemmaster0_.imwcf as imwcf74_31_0_, itemmaster0_.imuomw as imuomw75_31_0_, itemmaster0_.imvict as imvict76_31_0_ from t4101 itemmaster0_ where itemmaster0_.iminum=?
Hibernate: select itemlocati0_.ilinum as ilinum2_33_0_, itemlocati0_.ilbuid as ilbuid1_33_0_, itemlocati0_.illocid as illocid3_33_0_, itemlocati0_.ilsnlot as ilsnlot4_33_0_, itemlocati0_.ilbuid as ilbuid1_33_1_, itemlocati0_.ilinum as ilinum2_33_1_, itemlocati0_.illocid as illocid3_33_1_, itemlocati0_.ilsnlot as ilsnlot4_33_1_, itemlocati0_.ilcid as ilcid5_33_1_, itemlocati0_.ildtin as ildtin6_33_1_, itemlocati0_.iltmin as iltmin7_33_1_, itemlocati0_.iluid as iluid8_33_1_, itemlocati0_.ildtlu as ildtlu9_33_1_, itemlocati0_.iltmlu as iltmlu10_33_1_, itemlocati0_.iluidm as iluidm11_33_1_, itemlocati0_.ildtlt as ildtlt12_33_1_, itemlocati0_.ilexpdt as ilexpdt13_33_1_, itemlocati0_.ilglcls as ilglcls14_33_1_, itemlocati0_.illocst as illocst15_33_1_, itemlocati0_.illsc as illsc16_33_1_, itemlocati0_.ilpqoh as ilpqoh17_33_1_, itemlocati0_.ilqtib as ilqtib18_33_1_, itemlocati0_.ilqtin as ilqtin19_33_1_, itemlocati0_.ilqttr as ilqttr20_33_1_, itemlocati0_.ilqobo as ilqobo21_33_1_, itemlocati0_.ilqohc as ilqohc22_33_1_, itemlocati0_.ilqopo as ilqopo23_33_1_, itemlocati0_.ilqoso as ilqoso24_33_1_, itemlocati0_.ilqosc as ilqosc25_33_1_, itemlocati0_.ilqowo as ilqowo26_33_1_, itemlocati0_.ilqowh as ilqowh27_33_1_, itemlocati0_.ilqows as ilqows28_33_1_, itemlocati0_.ilqot1 as ilqot29_33_1_, itemlocati0_.ilqot2 as ilqot30_33_1_, itemlocati0_.ilqot3 as ilqot31_33_1_, itemlocati0_.ilqtob as ilqtob32_33_1_, itemlocati0_.ilsqoh as ilsqoh33_33_1_, itemlocati0_.ilsqpo as ilsqpo34_33_1_, itemlocati0_.ilsqso as ilsqso35_33_1_, itemlocati0_.ilsqwo as ilsqwo36_33_1_, itemlocati0_.iluom as iluom37_33_1_, itemlocati0_.iluom1 as iluom38_33_1_, itemlocati0_.iluom2 as iluom39_33_1_ from t41021 itemlocati0_ where itemlocati0_.ilinum=?
Hibernate: select lotmaster0_.ltbuid as ltbuid1_34_0_, lotmaster0_.ltinum as ltinum2_34_0_, lotmaster0_.ltsnlot as ltsnlot3_34_0_, lotmaster0_.ltcid as ltcid4_34_0_, lotmaster0_.ltdtin as ltdtin5_34_0_, lotmaster0_.lttmin as lttmin6_34_0_, lotmaster0_.ltuid as ltuid7_34_0_, lotmaster0_.ltdtlu as ltdtlu8_34_0_, lotmaster0_.lttmlu as lttmlu9_34_0_, lotmaster0_.ltuidm as ltuidm10_34_0_, lotmaster0_.ltbodt as ltbodt11_34_0_, lotmaster0_.ltbbdt as ltbbdt12_34_0_, lotmaster0_.ltcldt as ltcldt13_34_0_, lotmaster0_.ltexpdt as ltexpdt14_34_0_, lotmaster0_.ltldsc as ltldsc15_34_0_, lotmaster0_.ltledt as ltledt16_34_0_, lotmaster0_.ltlsc as ltlsc17_34_0_, lotmaster0_.ltmlot1 as ltmlot18_34_0_, lotmaster0_.ltmlot2 as ltmlot19_34_0_, lotmaster0_.ltmlot3 as ltmlot20_34_0_, lotmaster0_.ltohdt as ltohdt21_34_0_, lotmaster0_.ltsern as ltsern22_34_0_ from t4108 lotmaster0_ where lotmaster0_.ltbuid=? and lotmaster0_.ltinum=? and lotmaster0_.ltsnlot=?
Hibernate: select lotmaster0_.ltbuid as ltbuid1_34_0_, lotmaster0_.ltinum as ltinum2_34_0_, lotmaster0_.ltsnlot as ltsnlot3_34_0_, lotmaster0_.ltcid as ltcid4_34_0_, lotmaster0_.ltdtin as ltdtin5_34_0_, lotmaster0_.lttmin as lttmin6_34_0_, lotmaster0_.ltuid as ltuid7_34_0_, lotmaster0_.ltdtlu as ltdtlu8_34_0_, lotmaster0_.lttmlu as lttmlu9_34_0_, lotmaster0_.ltuidm as ltuidm10_34_0_, lotmaster0_.ltbodt as ltbodt11_34_0_, lotmaster0_.ltbbdt as ltbbdt12_34_0_, lotmaster0_.ltcldt as ltcldt13_34_0_, lotmaster0_.ltexpdt as ltexpdt14_34_0_, lotmaster0_.ltldsc as ltldsc15_34_0_, lotmaster0_.ltledt as ltledt16_34_0_, lotmaster0_.ltlsc as ltlsc17_34_0_, lotmaster0_.ltmlot1 as ltmlot18_34_0_, lotmaster0_.ltmlot2 as ltmlot19_34_0_, lotmaster0_.ltmlot3 as ltmlot20_34_0_, lotmaster0_.ltohdt as ltohdt21_34_0_, lotmaster0_.ltsern as ltsern22_34_0_ from t4108 lotmaster0_ where lotmaster0_.ltbuid=? and lotmaster0_.ltinum=? and lotmaster0_.ltsnlot=?
Hibernate: select itemmaster0_.iminum as iminum1_31_0_, itemmaster0_.imcid as imcid2_31_0_, itemmaster0_.imdtin as imdtin3_31_0_, itemmaster0_.imtmin as imtmin4_31_0_, itemmaster0_.imuid as imuid5_31_0_, itemmaster0_.imdtlu as imdtlu6_31_0_, itemmaster0_.imtmlu as imtmlu7_31_0_, itemmaster0_.imuidm as imuidm8_31_0_, itemmaster0_.iminumb as iminumb9_31_0_, itemmaster0_.imctm as imctm10_31_0_, itemmaster0_.imitc02 as imitc11_31_0_, itemmaster0_.imitc01 as imitc12_31_0_, itemmaster0_.imitc10 as imitc13_31_0_, itemmaster0_.imitc04 as imitc14_31_0_, itemmaster0_.imitc06 as imitc15_31_0_, itemmaster0_.imitc07 as imitc16_31_0_, itemmaster0_.imitc08 as imitc17_31_0_, itemmaster0_.imitc09 as imitc18_31_0_, itemmaster0_.imitc05 as imitc19_31_0_, itemmaster0_.imslrc0 as imslrc20_31_0_, itemmaster0_.imslrc1 as imslrc21_31_0_, itemmaster0_.imslrc2 as imslrc22_31_0_, itemmaster0_.imslrc3 as imslrc23_31_0_, itemmaster0_.imslrc4 as imslrc24_31_0_, itemmaster0_.imslrc5 as imslrc25_31_0_, itemmaster0_.imslrc6 as imslrc26_31_0_, itemmaster0_.imslrc7 as imslrc27_31_0_, itemmaster0_.imslrc8 as imslrc28_31_0_, itemmaster0_.imslrc9 as imslrc29_31_0_, itemmaster0_.imitc03 as imitc30_31_0_, itemmaster0_.imdesb1 as imdesb31_31_0_, itemmaster0_.imdesd1 as imdesd32_31_0_, itemmaster0_.imglcls as imglcls33_31_0_, itemmaster0_.imicl as imicl34_31_0_, itemmaster0_.imilc as imilc35_31_0_, itemmaster0_.iminums as iminums36_31_0_, itemmaster0_.imipg as imipg37_31_0_, itemmaster0_.imlsc as imlsc38_31_0_, itemmaster0_.imdaqc as imdaqc39_31_0_, itemmaster0_.imgscrt as imgscrt40_31_0_, itemmaster0_.imsiops as imsiops41_31_0_, itemmaster0_.imbpid as imbpid42_31_0_, itemmaster0_.imcsid as imcsid43_31_0_, itemmaster0_.imudf as imudf44_31_0_, itemmaster0_.impmmf as impmmf45_31_0_, itemmaster0_.imrbii as imrbii46_31_0_, itemmaster0_.imrbim as imrbim47_31_0_, itemmaster0_.imrbis as imrbis48_31_0_, itemmaster0_.imvnid as imvnid49_31_0_, itemmaster0_.imtaxpc as imtaxpc50_31_0_, itemmaster0_.imtaxsc as imtaxsc51_31_0_, itemmaster0_.iminump as iminump52_31_0_, itemmaster0_.implg as implg53_31_0_, itemmaster0_.imppl as imppl54_31_0_, itemmaster0_.imspl as imspl55_31_0_, itemmaster0_.imsnr as imsnr56_31_0_, itemmaster0_.imskty as imskty57_31_0_, itemmaster0_.imlnty as imlnty58_31_0_, itemmaster0_.imuom9 as imuom59_31_0_, itemmaster0_.imdppo as imdppo60_31_0_, itemmaster0_.imdlum as imdlum61_31_0_, itemmaster0_.imdlump as imdlump62_31_0_, itemmaster0_.imdlumt as imdlumt63_31_0_, itemmaster0_.imuom5 as imuom64_31_0_, itemmaster0_.imuom1 as imuom65_31_0_, itemmaster0_.imuom8 as imuom66_31_0_, itemmaster0_.imuom3 as imuom67_31_0_, itemmaster0_.imuom4 as imuom68_31_0_, itemmaster0_.imuom2 as imuom69_31_0_, itemmaster0_.imuom6 as imuom70_31_0_, itemmaster0_.imuoms as imuoms71_31_0_, itemmaster0_.imuomt as imuomt72_31_0_, itemmaster0_.imuomv as imuomv73_31_0_, itemmaster0_.imwcf as imwcf74_31_0_, itemmaster0_.imuomw as imuomw75_31_0_, itemmaster0_.imvict as imvict76_31_0_ from t4101 itemmaster0_ where itemmaster0_.iminum=?
Hibernate: select itemlocati0_.ilinum as ilinum2_33_0_, itemlocati0_.ilbuid as ilbuid1_33_0_, itemlocati0_.illocid as illocid3_33_0_, itemlocati0_.ilsnlot as ilsnlot4_33_0_, itemlocati0_.ilbuid as ilbuid1_33_1_, itemlocati0_.ilinum as ilinum2_33_1_, itemlocati0_.illocid as illocid3_33_1_, itemlocati0_.ilsnlot as ilsnlot4_33_1_, itemlocati0_.ilcid as ilcid5_33_1_, itemlocati0_.ildtin as ildtin6_33_1_, itemlocati0_.iltmin as iltmin7_33_1_, itemlocati0_.iluid as iluid8_33_1_, itemlocati0_.ildtlu as ildtlu9_33_1_, itemlocati0_.iltmlu as iltmlu10_33_1_, itemlocati0_.iluidm as iluidm11_33_1_, itemlocati0_.ildtlt as ildtlt12_33_1_, itemlocati0_.ilexpdt as ilexpdt13_33_1_, itemlocati0_.ilglcls as ilglcls14_33_1_, itemlocati0_.illocst as illocst15_33_1_, itemlocati0_.illsc as illsc16_33_1_, itemlocati0_.ilpqoh as ilpqoh17_33_1_, itemlocati0_.ilqtib as ilqtib18_33_1_, itemlocati0_.ilqtin as ilqtin19_33_1_, itemlocati0_.ilqttr as ilqttr20_33_1_, itemlocati0_.ilqobo as ilqobo21_33_1_, itemlocati0_.ilqohc as ilqohc22_33_1_, itemlocati0_.ilqopo as ilqopo23_33_1_, itemlocati0_.ilqoso as ilqoso24_33_1_, itemlocati0_.ilqosc as ilqosc25_33_1_, itemlocati0_.ilqowo as ilqowo26_33_1_, itemlocati0_.ilqowh as ilqowh27_33_1_, itemlocati0_.ilqows as ilqows28_33_1_, itemlocati0_.ilqot1 as ilqot29_33_1_, itemlocati0_.ilqot2 as ilqot30_33_1_, itemlocati0_.ilqot3 as ilqot31_33_1_, itemlocati0_.ilqtob as ilqtob32_33_1_, itemlocati0_.ilsqoh as ilsqoh33_33_1_, itemlocati0_.ilsqpo as ilsqpo34_33_1_, itemlocati0_.ilsqso as ilsqso35_33_1_, itemlocati0_.ilsqwo as ilsqwo36_33_1_, itemlocati0_.iluom as iluom37_33_1_, itemlocati0_.iluom1 as iluom38_33_1_, itemlocati0_.iluom2 as iluom39_33_1_ from t41021 itemlocati0_ where itemlocati0_.ilinum=?
Hibernate: select lotmaster0_.ltbuid as ltbuid1_34_0_, lotmaster0_.ltinum as ltinum2_34_0_, lotmaster0_.ltsnlot as ltsnlot3_34_0_, lotmaster0_.ltcid as ltcid4_34_0_, lotmaster0_.ltdtin as ltdtin5_34_0_, lotmaster0_.lttmin as lttmin6_34_0_, lotmaster0_.ltuid as ltuid7_34_0_, lotmaster0_.ltdtlu as ltdtlu8_34_0_, lotmaster0_.lttmlu as lttmlu9_34_0_, lotmaster0_.ltuidm as ltuidm10_34_0_, lotmaster0_.ltbodt as ltbodt11_34_0_, lotmaster0_.ltbbdt as ltbbdt12_34_0_, lotmaster0_.ltcldt as ltcldt13_34_0_, lotmaster0_.ltexpdt as ltexpdt14_34_0_, lotmaster0_.ltldsc as ltldsc15_34_0_, lotmaster0_.ltledt as ltledt16_34_0_, lotmaster0_.ltlsc as ltlsc17_34_0_, lotmaster0_.ltmlot1 as ltmlot18_34_0_, lotmaster0_.ltmlot2 as ltmlot19_34_0_, lotmaster0_.ltmlot3 as ltmlot20_34_0_, lotmaster0_.ltohdt as ltohdt21_34_0_, lotmaster0_.ltsern as ltsern22_34_0_ from t4108 lotmaster0_ where lotmaster0_.ltbuid=? and lotmaster0_.ltinum=? and lotmaster0_.ltsnlot=?
Hibernate: select lotmaster0_.ltbuid as ltbuid1_34_0_, lotmaster0_.ltinum as ltinum2_34_0_, lotmaster0_.ltsnlot as ltsnlot3_34_0_, lotmaster0_.ltcid as ltcid4_34_0_, lotmaster0_.ltdtin as ltdtin5_34_0_, lotmaster0_.lttmin as lttmin6_34_0_, lotmaster0_.ltuid as ltuid7_34_0_, lotmaster0_.ltdtlu as ltdtlu8_34_0_, lotmaster0_.lttmlu as lttmlu9_34_0_, lotmaster0_.ltuidm as ltuidm10_34_0_, lotmaster0_.ltbodt as ltbodt11_34_0_, lotmaster0_.ltbbdt as ltbbdt12_34_0_, lotmaster0_.ltcldt as ltcldt13_34_0_, lotmaster0_.ltexpdt as ltexpdt14_34_0_, lotmaster0_.ltldsc as ltldsc15_34_0_, lotmaster0_.ltledt as ltledt16_34_0_, lotmaster0_.ltlsc as ltlsc17_34_0_, lotmaster0_.ltmlot1 as ltmlot18_34_0_, lotmaster0_.ltmlot2 as ltmlot19_34_0_, lotmaster0_.ltmlot3 as ltmlot20_34_0_, lotmaster0_.ltohdt as ltohdt21_34_0_, lotmaster0_.ltsern as ltsern22_34_0_ from t4108 lotmaster0_ where lotmaster0_.ltbuid=? and lotmaster0_.ltinum=? and lotmaster0_.ltsnlot=?
Hibernate: select lotmaster0_.ltbuid as ltbuid1_34_0_, lotmaster0_.ltinum as ltinum2_34_0_, lotmaster0_.ltsnlot as ltsnlot3_34_0_, lotmaster0_.ltcid as ltcid4_34_0_, lotmaster0_.ltdtin as ltdtin5_34_0_, lotmaster0_.lttmin as lttmin6_34_0_, lotmaster0_.ltuid as ltuid7_34_0_, lotmaster0_.ltdtlu as ltdtlu8_34_0_, lotmaster0_.lttmlu as lttmlu9_34_0_, lotmaster0_.ltuidm as ltuidm10_34_0_, lotmaster0_.ltbodt as ltbodt11_34_0_, lotmaster0_.ltbbdt as ltbbdt12_34_0_, lotmaster0_.ltcldt as ltcldt13_34_0_, lotmaster0_.ltexpdt as ltexpdt14_34_0_, lotmaster0_.ltldsc as ltldsc15_34_0_, lotmaster0_.ltledt as ltledt16_34_0_, lotmaster0_.ltlsc as ltlsc17_34_0_, lotmaster0_.ltmlot1 as ltmlot18_34_0_, lotmaster0_.ltmlot2 as ltmlot19_34_0_, lotmaster0_.ltmlot3 as ltmlot20_34_0_, lotmaster0_.ltohdt as ltohdt21_34_0_, lotmaster0_.ltsern as ltsern22_34_0_ from t4108 lotmaster0_ where lotmaster0_.ltbuid=? and lotmaster0_.ltinum=? and lotmaster0_.ltsnlot=?
Hibernate: select lotmaster0_.ltbuid as ltbuid1_34_0_, lotmaster0_.ltinum as ltinum2_34_0_, lotmaster0_.ltsnlot as ltsnlot3_34_0_, lotmaster0_.ltcid as ltcid4_34_0_, lotmaster0_.ltdtin as ltdtin5_34_0_, lotmaster0_.lttmin as lttmin6_34_0_, lotmaster0_.ltuid as ltuid7_34_0_, lotmaster0_.ltdtlu as ltdtlu8_34_0_, lotmaster0_.lttmlu as lttmlu9_34_0_, lotmaster0_.ltuidm as ltuidm10_34_0_, lotmaster0_.ltbodt as ltbodt11_34_0_, lotmaster0_.ltbbdt as ltbbdt12_34_0_, lotmaster0_.ltcldt as ltcldt13_34_0_, lotmaster0_.ltexpdt as ltexpdt14_34_0_, lotmaster0_.ltldsc as ltldsc15_34_0_, lotmaster0_.ltledt as ltledt16_34_0_, lotmaster0_.ltlsc as ltlsc17_34_0_, lotmaster0_.ltmlot1 as ltmlot18_34_0_, lotmaster0_.ltmlot2 as ltmlot19_34_0_, lotmaster0_.ltmlot3 as ltmlot20_34_0_, lotmaster0_.ltohdt as ltohdt21_34_0_, lotmaster0_.ltsern as ltsern22_34_0_ from t4108 lotmaster0_ where lotmaster0_.ltbuid=? and lotmaster0_.ltinum=? and lotmaster0_.ltsnlot=?
Hibernate: select discountma0_.dudccd as dudccd1_13_0_, discountma0_.ducid as ducid2_13_0_, discountma0_.dudtin as dudtin3_13_0_, discountma0_.dutmin as dutmin4_13_0_, discountma0_.duuid as duuid5_13_0_, discountma0_.dudtlu as dudtlu6_13_0_, discountma0_.dutmlu as dutmlu7_13_0_, discountma0_.duuidm as duuidm8_13_0_, discountma0_.dudesb1 as dudesb9_13_0_, discountma0_.duamt01 as duamt10_13_0_, discountma0_.duamt02 as duamt11_13_0_, discountma0_.duamt03 as duamt12_13_0_, discountma0_.duamt04 as duamt13_13_0_, discountma0_.duamt05 as duamt14_13_0_, discountma0_.dupcn01 as dupcn15_13_0_, discountma0_.dupcn02 as dupcn16_13_0_, discountma0_.dupcn03 as dupcn17_13_0_, discountma0_.dupcn04 as dupcn18_13_0_, discountma0_.dupcn05 as dupcn19_13_0_, discountma0_.duobid as duobid20_13_0_ from t0026 discountma0_ where discountma0_.dudccd=?
Hibernate: select discountma0_.dudccd as dudccd1_13_0_, discountma0_.ducid as ducid2_13_0_, discountma0_.dudtin as dudtin3_13_0_, discountma0_.dutmin as dutmin4_13_0_, discountma0_.duuid as duuid5_13_0_, discountma0_.dudtlu as dudtlu6_13_0_, discountma0_.dutmlu as dutmlu7_13_0_, discountma0_.duuidm as duuidm8_13_0_, discountma0_.dudesb1 as dudesb9_13_0_, discountma0_.duamt01 as duamt10_13_0_, discountma0_.duamt02 as duamt11_13_0_, discountma0_.duamt03 as duamt12_13_0_, discountma0_.duamt04 as duamt13_13_0_, discountma0_.duamt05 as duamt14_13_0_, discountma0_.dupcn01 as dupcn15_13_0_, discountma0_.dupcn02 as dupcn16_13_0_, discountma0_.dupcn03 as dupcn17_13_0_, discountma0_.dupcn04 as dupcn18_13_0_, discountma0_.dupcn05 as dupcn19_13_0_, discountma0_.duobid as duobid20_13_0_ from t0026 discountma0_ where discountma0_.dudccd=?
Hibernate: select taxrule0_.tsefdt as tsefdt1_12_, taxrule0_.tstaxcd as tstaxcd2_12_, taxrule0_.tscid as tscid3_12_, taxrule0_.tsdtin as tsdtin4_12_, taxrule0_.tstmin as tstmin5_12_, taxrule0_.tsuid as tsuid6_12_, taxrule0_.tsdtlu as tsdtlu7_12_, taxrule0_.tstmlu as tstmlu8_12_, taxrule0_.tsuidm as tsuidm9_12_, taxrule0_.tsdesb1 as tsdesb10_12_, taxrule0_.tsdocty as tsdocty11_12_, taxrule0_.tsexpdt as tsexpdt12_12_, taxrule0_.tstaxal as tstaxal13_12_, taxrule0_.tstaxau1 as tstaxau14_12_, taxrule0_.tstaxau2 as tstaxau15_12_, taxrule0_.tstaxau3 as tstaxau16_12_, taxrule0_.tstaxau4 as tstaxau17_12_, taxrule0_.tstaxau5 as tstaxau18_12_, taxrule0_.tstaxcl1 as tstaxcl19_12_, taxrule0_.tstaxcl2 as tstaxcl20_12_, taxrule0_.tstaxcl3 as tstaxcl21_12_, taxrule0_.tstaxcl4 as tstaxcl22_12_, taxrule0_.tstaxcl5 as tstaxcl23_12_, taxrule0_.tspcn01 as tspcn24_12_, taxrule0_.tspcn02 as tspcn25_12_, taxrule0_.tspcn03 as tspcn26_12_, taxrule0_.tspcn04 as tspcn27_12_, taxrule0_.tspcn05 as tspcn28_12_ from t0025 taxrule0_ where taxrule0_.tstaxcd=? and taxrule0_.tsefdt<=? and taxrule0_.tsexpdt>? order by taxrule0_.tsefdt asc offset 0 rows fetch next ? rows only
Hibernate: select purchaseor0_.ohcoid as ohcoid1_39_1_, purchaseor0_.ohdocono as ohdocono2_39_1_, purchaseor0_.ohdocoty as ohdocoty3_39_1_, purchaseor0_.ohcid as ohcid4_39_1_, purchaseor0_.ohdtin as ohdtin5_39_1_, purchaseor0_.ohtmin as ohtmin6_39_1_, purchaseor0_.ohuid as ohuid7_39_1_, purchaseor0_.ohdtlu as ohdtlu8_39_1_, purchaseor0_.ohtmlu as ohtmlu9_39_1_, purchaseor0_.ohuidm as ohuidm10_39_1_, purchaseor0_.ohaprcd as ohaprcd11_39_1_, purchaseor0_.ohcrcb as ohcrcb12_39_1_, purchaseor0_.ohbuid as ohbuid13_39_1_, purchaseor0_.ohcldt as ohcldt14_39_1_, purchaseor0_.ohcot as ohcot15_39_1_, purchaseor0_.ohcsid as ohcsid16_39_1_, purchaseor0_.ohdesb1 as ohdesb17_39_1_, purchaseor0_.ohdccd as ohdccd18_39_1_, purchaseor0_.ohdcrt as ohdcrt19_39_1_, purchaseor0_.ohexcrt as ohexcrt20_39_1_, purchaseor0_.ohgldt as ohgldt21_39_1_, purchaseor0_.ohidd as ohidd22_39_1_, purchaseor0_.ohidn as ohidn23_39_1_, purchaseor0_.ohlst as ohlst24_39_1_, purchaseor0_.ohnst as ohnst25_39_1_, purchaseor0_.ohobid as ohobid26_39_1_, purchaseor0_.ohordt as ohordt27_39_1_, purchaseor0_.ohptc as ohptc28_39_1_, purchaseor0_.ohpoa as ohpoa29_39_1_, purchaseor0_.ohpod as ohpod30_39_1_, purchaseor0_.ohpjid as ohpjid31_39_1_, purchaseor0_.ohpddt as ohpddt32_39_1_, purchaseor0_.ohrcdt as ohrcdt33_39_1_, purchaseor0_.ohstid as ohstid34_39_1_, purchaseor0_.ohrqdt as ohrqdt35_39_1_, purchaseor0_.ohtaxal as ohtaxal36_39_1_, purchaseor0_.ohtaxcd as ohtaxcd37_39_1_, purchaseor0_.ohtaxrt as ohtaxrt38_39_1_, purchaseor0_.ohcrct as ohcrct39_39_1_, purchaseor0_.ohdesc1 as ohdesc40_39_1_, purchaseor0_.ohdesc2 as ohdesc41_39_1_, purchaseor0_.ohvhrn as ohvhrn42_39_1_, purchaseor0_.ohvhty as ohvhty43_39_1_, purchaseor0_.ohvnid as ohvnid44_39_1_, details1_.odcoid as odcoid1_40_3_, details1_.oddocono as oddocono2_40_3_, details1_.oddocoty as oddocoty4_40_3_, details1_.oddocosq as oddocosq3_40_3_, details1_.odcoid as odcoid1_40_0_, details1_.oddocono as oddocono2_40_0_, details1_.oddocosq as oddocosq3_40_0_, details1_.oddocoty as oddocoty4_40_0_, details1_.odcid as odcid5_40_0_, details1_.oddtin as oddtin6_40_0_, details1_.odtmin as odtmin7_40_0_, details1_.oduid as oduid8_40_0_, details1_.oddtlu as oddtlu9_40_0_, details1_.odtmlu as odtmlu10_40_0_, details1_.oduidm as oduidm11_40_0_, details1_.odacid as odacid12_40_0_, details1_.odaprcd as odaprcd13_40_0_, details1_.odcrcb as odcrcb14_40_0_, details1_.oditc02 as oditc15_40_0_, details1_.odbuid as odbuid16_40_0_, details1_.odqtycl as odqtycl17_40_0_, details1_.oditc01 as oditc18_40_0_, details1_.odcldt as odcldt19_40_0_, details1_.odcsid as odcsid20_40_0_, details1_.oddccd as oddccd21_40_0_, details1_.oddcrt as oddcrt22_40_0_, details1_.odexcrt as odexcrt23_40_0_, details1_.odexcost as odexcos24_40_0_, details1_.odqtyx as odqtyx25_40_0_, details1_.oducfx as oducfx26_40_0_, details1_.oduncostx as oduncos27_40_0_, details1_.oduomx as oduomx28_40_0_, details1_.odfec as odfec29_40_0_, details1_.odfta as odfta30_40_0_, details1_.odftb as odftb31_40_0_, details1_.odfuc as odfuc32_40_0_, details1_.odglcls as odglcls33_40_0_, details1_.odgldt as odgldt34_40_0_, details1_.odir02 as odir35_40_0_, details1_.odir01 as odir36_40_0_, details1_.odir03 as odir37_40_0_, details1_.odinum as odinum38_40_0_, details1_.oddesb1 as oddesb39_40_0_, details1_.oditc05 as oditc40_40_0_, details1_.odlst as odlst41_40_0_, details1_.odlnty as odlnty42_40_0_, details1_.odlocid as odlocid43_40_0_, details1_.odnst as odnst44_40_0_, details1_.odobid as odobid45_40_0_, details1_.odqtyop as odqtyop46_40_0_, details1_.odordt as odordt47_40_0_, details1_.odqtyor as odqtyor48_40_0_, details1_.odott as odott49_40_0_, details1_.odordocdt as odordoc50_40_0_, details1_.odordocno as odordoc51_40_0_, details1_.odordocsq as odordoc52_40_0_, details1_.odordocty as odordoc53_40_0_, details1_.odptc as odptc54_40_0_, details1_.odpqor as odpqor55_40_0_, details1_.oduom1 as oduom56_40_0_, details1_.odpjid as odpjid57_40_0_, details1_.odpddt as odpddt58_40_0_, details1_.odpo03 as odpo59_40_0_, details1_.odpo01 as odpo60_40_0_, details1_.odpo02 as odpo61_40_0_, details1_.odqty as odqty62_40_0_, details1_.odrcdt as odrcdt63_40_0_, details1_.odqtyrc as odqtyrc64_40_0_, details1_.odstid as odstid65_40_0_, details1_.odvr04 as odvr66_40_0_, details1_.odvr01 as odvr67_40_0_, details1_.odvr03 as odvr68_40_0_, details1_.odvr05 as odvr69_40_0_, details1_.odvr02 as odvr70_40_0_, details1_.odrldocno as odrldoc71_40_0_, details1_.odrldocsq as odrldoc72_40_0_, details1_.odrldocty as odrldoc73_40_0_, details1_.odrqdt as odrqdt74_40_0_, details1_.odqtyrn as odqtyrn75_40_0_, details1_.odsqor as odsqor76_40_0_, details1_.oduom2 as oduom77_40_0_, details1_.odsnlot as odsnlot78_40_0_, details1_.odtaxal as odtaxal79_40_0_, details1_.odtaxam as odtaxam80_40_0_, details1_.odtaxab as odtaxab81_40_0_, details1_.odtaxcd as odtaxcd82_40_0_, details1_.odtaxrt as odtaxrt83_40_0_, details1_.odcrct as odcrct84_40_0_, details1_.oditc03 as oditc85_40_0_, details1_.oducf as oducf86_40_0_, details1_.oduncost as oduncos87_40_0_, details1_.odudc as odudc88_40_0_, details1_.odudf as odudf89_40_0_, details1_.oduom as oduom90_40_0_, details1_.odvnid as odvnid91_40_0_ from t4301 purchaseor0_ left outer join t4311 details1_ on purchaseor0_.ohcoid=details1_.odcoid and purchaseor0_.ohdocono=details1_.oddocono and purchaseor0_.ohdocoty=details1_.oddocoty where purchaseor0_.ohcoid=? and purchaseor0_.ohdocono=? and purchaseor0_.ohdocoty=?
Hibernate: select purchasede0_.odcoid as odcoid1_40_0_, purchasede0_.oddocono as oddocono2_40_0_, purchasede0_.oddocosq as oddocosq3_40_0_, purchasede0_.oddocoty as oddocoty4_40_0_, purchasede0_.odcid as odcid5_40_0_, purchasede0_.oddtin as oddtin6_40_0_, purchasede0_.odtmin as odtmin7_40_0_, purchasede0_.oduid as oduid8_40_0_, purchasede0_.oddtlu as oddtlu9_40_0_, purchasede0_.odtmlu as odtmlu10_40_0_, purchasede0_.oduidm as oduidm11_40_0_, purchasede0_.odacid as odacid12_40_0_, purchasede0_.odaprcd as odaprcd13_40_0_, purchasede0_.odcrcb as odcrcb14_40_0_, purchasede0_.oditc02 as oditc15_40_0_, purchasede0_.odbuid as odbuid16_40_0_, purchasede0_.odqtycl as odqtycl17_40_0_, purchasede0_.oditc01 as oditc18_40_0_, purchasede0_.odcldt as odcldt19_40_0_, purchasede0_.odcsid as odcsid20_40_0_, purchasede0_.oddccd as oddccd21_40_0_, purchasede0_.oddcrt as oddcrt22_40_0_, purchasede0_.odexcrt as odexcrt23_40_0_, purchasede0_.odexcost as odexcos24_40_0_, purchasede0_.odqtyx as odqtyx25_40_0_, purchasede0_.oducfx as oducfx26_40_0_, purchasede0_.oduncostx as oduncos27_40_0_, purchasede0_.oduomx as oduomx28_40_0_, purchasede0_.odfec as odfec29_40_0_, purchasede0_.odfta as odfta30_40_0_, purchasede0_.odftb as odftb31_40_0_, purchasede0_.odfuc as odfuc32_40_0_, purchasede0_.odglcls as odglcls33_40_0_, purchasede0_.odgldt as odgldt34_40_0_, purchasede0_.odir02 as odir35_40_0_, purchasede0_.odir01 as odir36_40_0_, purchasede0_.odir03 as odir37_40_0_, purchasede0_.odinum as odinum38_40_0_, purchasede0_.oddesb1 as oddesb39_40_0_, purchasede0_.oditc05 as oditc40_40_0_, purchasede0_.odlst as odlst41_40_0_, purchasede0_.odlnty as odlnty42_40_0_, purchasede0_.odlocid as odlocid43_40_0_, purchasede0_.odnst as odnst44_40_0_, purchasede0_.odobid as odobid45_40_0_, purchasede0_.odqtyop as odqtyop46_40_0_, purchasede0_.odordt as odordt47_40_0_, purchasede0_.odqtyor as odqtyor48_40_0_, purchasede0_.odott as odott49_40_0_, purchasede0_.odordocdt as odordoc50_40_0_, purchasede0_.odordocno as odordoc51_40_0_, purchasede0_.odordocsq as odordoc52_40_0_, purchasede0_.odordocty as odordoc53_40_0_, purchasede0_.odptc as odptc54_40_0_, purchasede0_.odpqor as odpqor55_40_0_, purchasede0_.oduom1 as oduom56_40_0_, purchasede0_.odpjid as odpjid57_40_0_, purchasede0_.odpddt as odpddt58_40_0_, purchasede0_.odpo03 as odpo59_40_0_, purchasede0_.odpo01 as odpo60_40_0_, purchasede0_.odpo02 as odpo61_40_0_, purchasede0_.odqty as odqty62_40_0_, purchasede0_.odrcdt as odrcdt63_40_0_, purchasede0_.odqtyrc as odqtyrc64_40_0_, purchasede0_.odstid as odstid65_40_0_, purchasede0_.odvr04 as odvr66_40_0_, purchasede0_.odvr01 as odvr67_40_0_, purchasede0_.odvr03 as odvr68_40_0_, purchasede0_.odvr05 as odvr69_40_0_, purchasede0_.odvr02 as odvr70_40_0_, purchasede0_.odrldocno as odrldoc71_40_0_, purchasede0_.odrldocsq as odrldoc72_40_0_, purchasede0_.odrldocty as odrldoc73_40_0_, purchasede0_.odrqdt as odrqdt74_40_0_, purchasede0_.odqtyrn as odqtyrn75_40_0_, purchasede0_.odsqor as odsqor76_40_0_, purchasede0_.oduom2 as oduom77_40_0_, purchasede0_.odsnlot as odsnlot78_40_0_, purchasede0_.odtaxal as odtaxal79_40_0_, purchasede0_.odtaxam as odtaxam80_40_0_, purchasede0_.odtaxab as odtaxab81_40_0_, purchasede0_.odtaxcd as odtaxcd82_40_0_, purchasede0_.odtaxrt as odtaxrt83_40_0_, purchasede0_.odcrct as odcrct84_40_0_, purchasede0_.oditc03 as oditc85_40_0_, purchasede0_.oducf as oducf86_40_0_, purchasede0_.oduncost as oduncos87_40_0_, purchasede0_.odudc as odudc88_40_0_, purchasede0_.odudf as odudf89_40_0_, purchasede0_.oduom as oduom90_40_0_, purchasede0_.odvnid as odvnid91_40_0_ from t4311 purchasede0_ where purchasede0_.odcoid=? and purchasede0_.oddocono=? and purchasede0_.oddocosq=? and purchasede0_.oddocoty=?
Hibernate: select purchasede0_.odcoid as odcoid1_40_0_, purchasede0_.oddocono as oddocono2_40_0_, purchasede0_.oddocosq as oddocosq3_40_0_, purchasede0_.oddocoty as oddocoty4_40_0_, purchasede0_.odcid as odcid5_40_0_, purchasede0_.oddtin as oddtin6_40_0_, purchasede0_.odtmin as odtmin7_40_0_, purchasede0_.oduid as oduid8_40_0_, purchasede0_.oddtlu as oddtlu9_40_0_, purchasede0_.odtmlu as odtmlu10_40_0_, purchasede0_.oduidm as oduidm11_40_0_, purchasede0_.odacid as odacid12_40_0_, purchasede0_.odaprcd as odaprcd13_40_0_, purchasede0_.odcrcb as odcrcb14_40_0_, purchasede0_.oditc02 as oditc15_40_0_, purchasede0_.odbuid as odbuid16_40_0_, purchasede0_.odqtycl as odqtycl17_40_0_, purchasede0_.oditc01 as oditc18_40_0_, purchasede0_.odcldt as odcldt19_40_0_, purchasede0_.odcsid as odcsid20_40_0_, purchasede0_.oddccd as oddccd21_40_0_, purchasede0_.oddcrt as oddcrt22_40_0_, purchasede0_.odexcrt as odexcrt23_40_0_, purchasede0_.odexcost as odexcos24_40_0_, purchasede0_.odqtyx as odqtyx25_40_0_, purchasede0_.oducfx as oducfx26_40_0_, purchasede0_.oduncostx as oduncos27_40_0_, purchasede0_.oduomx as oduomx28_40_0_, purchasede0_.odfec as odfec29_40_0_, purchasede0_.odfta as odfta30_40_0_, purchasede0_.odftb as odftb31_40_0_, purchasede0_.odfuc as odfuc32_40_0_, purchasede0_.odglcls as odglcls33_40_0_, purchasede0_.odgldt as odgldt34_40_0_, purchasede0_.odir02 as odir35_40_0_, purchasede0_.odir01 as odir36_40_0_, purchasede0_.odir03 as odir37_40_0_, purchasede0_.odinum as odinum38_40_0_, purchasede0_.oddesb1 as oddesb39_40_0_, purchasede0_.oditc05 as oditc40_40_0_, purchasede0_.odlst as odlst41_40_0_, purchasede0_.odlnty as odlnty42_40_0_, purchasede0_.odlocid as odlocid43_40_0_, purchasede0_.odnst as odnst44_40_0_, purchasede0_.odobid as odobid45_40_0_, purchasede0_.odqtyop as odqtyop46_40_0_, purchasede0_.odordt as odordt47_40_0_, purchasede0_.odqtyor as odqtyor48_40_0_, purchasede0_.odott as odott49_40_0_, purchasede0_.odordocdt as odordoc50_40_0_, purchasede0_.odordocno as odordoc51_40_0_, purchasede0_.odordocsq as odordoc52_40_0_, purchasede0_.odordocty as odordoc53_40_0_, purchasede0_.odptc as odptc54_40_0_, purchasede0_.odpqor as odpqor55_40_0_, purchasede0_.oduom1 as oduom56_40_0_, purchasede0_.odpjid as odpjid57_40_0_, purchasede0_.odpddt as odpddt58_40_0_, purchasede0_.odpo03 as odpo59_40_0_, purchasede0_.odpo01 as odpo60_40_0_, purchasede0_.odpo02 as odpo61_40_0_, purchasede0_.odqty as odqty62_40_0_, purchasede0_.odrcdt as odrcdt63_40_0_, purchasede0_.odqtyrc as odqtyrc64_40_0_, purchasede0_.odstid as odstid65_40_0_, purchasede0_.odvr04 as odvr66_40_0_, purchasede0_.odvr01 as odvr67_40_0_, purchasede0_.odvr03 as odvr68_40_0_, purchasede0_.odvr05 as odvr69_40_0_, purchasede0_.odvr02 as odvr70_40_0_, purchasede0_.odrldocno as odrldoc71_40_0_, purchasede0_.odrldocsq as odrldoc72_40_0_, purchasede0_.odrldocty as odrldoc73_40_0_, purchasede0_.odrqdt as odrqdt74_40_0_, purchasede0_.odqtyrn as odqtyrn75_40_0_, purchasede0_.odsqor as odsqor76_40_0_, purchasede0_.oduom2 as oduom77_40_0_, purchasede0_.odsnlot as odsnlot78_40_0_, purchasede0_.odtaxal as odtaxal79_40_0_, purchasede0_.odtaxam as odtaxam80_40_0_, purchasede0_.odtaxab as odtaxab81_40_0_, purchasede0_.odtaxcd as odtaxcd82_40_0_, purchasede0_.odtaxrt as odtaxrt83_40_0_, purchasede0_.odcrct as odcrct84_40_0_, purchasede0_.oditc03 as oditc85_40_0_, purchasede0_.oducf as oducf86_40_0_, purchasede0_.oduncost as oduncos87_40_0_, purchasede0_.odudc as odudc88_40_0_, purchasede0_.odudf as odudf89_40_0_, purchasede0_.oduom as oduom90_40_0_, purchasede0_.odvnid as odvnid91_40_0_ from t4311 purchasede0_ where purchasede0_.odcoid=? and purchasede0_.oddocono=? and purchasede0_.oddocosq=? and purchasede0_.oddocoty=?
Hibernate: select purchasede0_.odcoid as odcoid1_40_0_, purchasede0_.oddocono as oddocono2_40_0_, purchasede0_.oddocosq as oddocosq3_40_0_, purchasede0_.oddocoty as oddocoty4_40_0_, purchasede0_.odcid as odcid5_40_0_, purchasede0_.oddtin as oddtin6_40_0_, purchasede0_.odtmin as odtmin7_40_0_, purchasede0_.oduid as oduid8_40_0_, purchasede0_.oddtlu as oddtlu9_40_0_, purchasede0_.odtmlu as odtmlu10_40_0_, purchasede0_.oduidm as oduidm11_40_0_, purchasede0_.odacid as odacid12_40_0_, purchasede0_.odaprcd as odaprcd13_40_0_, purchasede0_.odcrcb as odcrcb14_40_0_, purchasede0_.oditc02 as oditc15_40_0_, purchasede0_.odbuid as odbuid16_40_0_, purchasede0_.odqtycl as odqtycl17_40_0_, purchasede0_.oditc01 as oditc18_40_0_, purchasede0_.odcldt as odcldt19_40_0_, purchasede0_.odcsid as odcsid20_40_0_, purchasede0_.oddccd as oddccd21_40_0_, purchasede0_.oddcrt as oddcrt22_40_0_, purchasede0_.odexcrt as odexcrt23_40_0_, purchasede0_.odexcost as odexcos24_40_0_, purchasede0_.odqtyx as odqtyx25_40_0_, purchasede0_.oducfx as oducfx26_40_0_, purchasede0_.oduncostx as oduncos27_40_0_, purchasede0_.oduomx as oduomx28_40_0_, purchasede0_.odfec as odfec29_40_0_, purchasede0_.odfta as odfta30_40_0_, purchasede0_.odftb as odftb31_40_0_, purchasede0_.odfuc as odfuc32_40_0_, purchasede0_.odglcls as odglcls33_40_0_, purchasede0_.odgldt as odgldt34_40_0_, purchasede0_.odir02 as odir35_40_0_, purchasede0_.odir01 as odir36_40_0_, purchasede0_.odir03 as odir37_40_0_, purchasede0_.odinum as odinum38_40_0_, purchasede0_.oddesb1 as oddesb39_40_0_, purchasede0_.oditc05 as oditc40_40_0_, purchasede0_.odlst as odlst41_40_0_, purchasede0_.odlnty as odlnty42_40_0_, purchasede0_.odlocid as odlocid43_40_0_, purchasede0_.odnst as odnst44_40_0_, purchasede0_.odobid as odobid45_40_0_, purchasede0_.odqtyop as odqtyop46_40_0_, purchasede0_.odordt as odordt47_40_0_, purchasede0_.odqtyor as odqtyor48_40_0_, purchasede0_.odott as odott49_40_0_, purchasede0_.odordocdt as odordoc50_40_0_, purchasede0_.odordocno as odordoc51_40_0_, purchasede0_.odordocsq as odordoc52_40_0_, purchasede0_.odordocty as odordoc53_40_0_, purchasede0_.odptc as odptc54_40_0_, purchasede0_.odpqor as odpqor55_40_0_, purchasede0_.oduom1 as oduom56_40_0_, purchasede0_.odpjid as odpjid57_40_0_, purchasede0_.odpddt as odpddt58_40_0_, purchasede0_.odpo03 as odpo59_40_0_, purchasede0_.odpo01 as odpo60_40_0_, purchasede0_.odpo02 as odpo61_40_0_, purchasede0_.odqty as odqty62_40_0_, purchasede0_.odrcdt as odrcdt63_40_0_, purchasede0_.odqtyrc as odqtyrc64_40_0_, purchasede0_.odstid as odstid65_40_0_, purchasede0_.odvr04 as odvr66_40_0_, purchasede0_.odvr01 as odvr67_40_0_, purchasede0_.odvr03 as odvr68_40_0_, purchasede0_.odvr05 as odvr69_40_0_, purchasede0_.odvr02 as odvr70_40_0_, purchasede0_.odrldocno as odrldoc71_40_0_, purchasede0_.odrldocsq as odrldoc72_40_0_, purchasede0_.odrldocty as odrldoc73_40_0_, purchasede0_.odrqdt as odrqdt74_40_0_, purchasede0_.odqtyrn as odqtyrn75_40_0_, purchasede0_.odsqor as odsqor76_40_0_, purchasede0_.oduom2 as oduom77_40_0_, purchasede0_.odsnlot as odsnlot78_40_0_, purchasede0_.odtaxal as odtaxal79_40_0_, purchasede0_.odtaxam as odtaxam80_40_0_, purchasede0_.odtaxab as odtaxab81_40_0_, purchasede0_.odtaxcd as odtaxcd82_40_0_, purchasede0_.odtaxrt as odtaxrt83_40_0_, purchasede0_.odcrct as odcrct84_40_0_, purchasede0_.oditc03 as oditc85_40_0_, purchasede0_.oducf as oducf86_40_0_, purchasede0_.oduncost as oduncos87_40_0_, purchasede0_.odudc as odudc88_40_0_, purchasede0_.odudf as odudf89_40_0_, purchasede0_.oduom as oduom90_40_0_, purchasede0_.odvnid as odvnid91_40_0_ from t4311 purchasede0_ where purchasede0_.odcoid=? and purchasede0_.oddocono=? and purchasede0_.oddocosq=? and purchasede0_.oddocoty=?
Hibernate: insert into t4301 (ohcid, ohdtin, ohtmin, ohuid, ohdtlu, ohtmlu, ohuidm, ohaprcd, ohcrcb, ohbuid, ohcldt, ohcot, ohcsid, ohdesb1, ohdccd, ohdcrt, ohexcrt, ohgldt, ohidd, ohidn, ohlst, ohnst, ohobid, ohordt, ohptc, ohpoa, ohpod, ohpjid, ohpddt, ohrcdt, ohstid, ohrqdt, ohtaxal, ohtaxcd, ohtaxrt, ohcrct, ohdesc1, ohdesc2, ohvhrn, ohvhty, ohvnid, ohcoid, ohdocono, ohdocoty) values (?, ?, ?, ?, ?, ?, ?, ?, ?, ?, ?, ?, ?, ?, ?, ?, ?, ?, ?, ?, ?, ?, ?, ?, ?, ?, ?, ?, ?, ?, ?, ?, ?, ?, ?, ?, ?, ?, ?, ?, ?, ?, ?, ?)
Hibernate: insert into t4311 (odcid, oddtin, odtmin, oduid, oddtlu, odtmlu, oduidm, odacid, odaprcd, odcrcb, oditc02, odbuid, odqtycl, oditc01, odcldt, odcsid, oddccd, oddcrt, odexcrt, odexcost, odqtyx, oducfx, oduncostx, oduomx, odfec, odfta, odftb, odfuc, odglcls, odgldt, odir02, odir01, odir03, odinum, oddesb1, oditc05, odlst, odlnty, odlocid, odnst, odobid, odqtyop, odordt, odqtyor, odott, odordocdt, odordocno, odordocsq, odordocty, odptc, odpqor, oduom1, odpjid, odpddt, odpo03, odpo01, odpo02, odqty, odrcdt, odqtyrc, odstid, odvr04, odvr01, odvr03, odvr05, odvr02, odrldocno, odrldocsq, odrldocty, odrqdt, odqtyrn, odsqor, oduom2, odsnlot, odtaxal, odtaxam, odtaxab, odtaxcd, odtaxrt, odcrct, oditc03, oducf, oduncost, odudc, odudf, oduom, odvnid, odcoid, oddocono, oddocosq, oddocoty) values (?, ?, ?, ?, ?, ?, ?, ?, ?, ?, ?, ?, ?, ?, ?, ?, ?, ?, ?, ?, ?, ?, ?, ?, ?, ?, ?, ?, ?, ?, ?, ?, ?, ?, ?, ?, ?, ?, ?, ?, ?, ?, ?, ?, ?, ?, ?, ?, ?, ?, ?, ?, ?, ?, ?, ?, ?, ?, ?, ?, ?, ?, ?, ?, ?, ?, ?, ?, ?, ?, ?, ?, ?, ?, ?, ?, ?, ?, ?, ?, ?, ?, ?, ?, ?, ?, ?, ?, ?, ?, ?)
Hibernate: insert into t4311 (odcid, oddtin, odtmin, oduid, oddtlu, odtmlu, oduidm, odacid, odaprcd, odcrcb, oditc02, odbuid, odqtycl, oditc01, odcldt, odcsid, oddccd, oddcrt, odexcrt, odexcost, odqtyx, oducfx, oduncostx, oduomx, odfec, odfta, odftb, odfuc, odglcls, odgldt, odir02, odir01, odir03, odinum, oddesb1, oditc05, odlst, odlnty, odlocid, odnst, odobid, odqtyop, odordt, odqtyor, odott, odordocdt, odordocno, odordocsq, odordocty, odptc, odpqor, oduom1, odpjid, odpddt, odpo03, odpo01, odpo02, odqty, odrcdt, odqtyrc, odstid, odvr04, odvr01, odvr03, odvr05, odvr02, odrldocno, odrldocsq, odrldocty, odrqdt, odqtyrn, odsqor, oduom2, odsnlot, odtaxal, odtaxam, odtaxab, odtaxcd, odtaxrt, odcrct, oditc03, oducf, oduncost, odudc, odudf, oduom, odvnid, odcoid, oddocono, oddocosq, oddocoty) values (?, ?, ?, ?, ?, ?, ?, ?, ?, ?, ?, ?, ?, ?, ?, ?, ?, ?, ?, ?, ?, ?, ?, ?, ?, ?, ?, ?, ?, ?, ?, ?, ?, ?, ?, ?, ?, ?, ?, ?, ?, ?, ?, ?, ?, ?, ?, ?, ?, ?, ?, ?, ?, ?, ?, ?, ?, ?, ?, ?, ?, ?, ?, ?, ?, ?, ?, ?, ?, ?, ?, ?, ?, ?, ?, ?, ?, ?, ?, ?, ?, ?, ?, ?, ?, ?, ?, ?, ?, ?, ?)
Hibernate: insert into t4311 (odcid, oddtin, odtmin, oduid, oddtlu, odtmlu, oduidm, odacid, odaprcd, odcrcb, oditc02, odbuid, odqtycl, oditc01, odcldt, odcsid, oddccd, oddcrt, odexcrt, odexcost, odqtyx, oducfx, oduncostx, oduomx, odfec, odfta, odftb, odfuc, odglcls, odgldt, odir02, odir01, odir03, odinum, oddesb1, oditc05, odlst, odlnty, odlocid, odnst, odobid, odqtyop, odordt, odqtyor, odott, odordocdt, odordocno, odordocsq, odordocty, odptc, odpqor, oduom1, odpjid, odpddt, odpo03, odpo01, odpo02, odqty, odrcdt, odqtyrc, odstid, odvr04, odvr01, odvr03, odvr05, odvr02, odrldocno, odrldocsq, odrldocty, odrqdt, odqtyrn, odsqor, oduom2, odsnlot, odtaxal, odtaxam, odtaxab, odtaxcd, odtaxrt, odcrct, oditc03, oducf, oduncost, odudc, odudf, oduom, odvnid, odcoid, oddocono, oddocosq, oddocoty) values (?, ?, ?, ?, ?, ?, ?, ?, ?, ?, ?, ?, ?, ?, ?, ?, ?, ?, ?, ?, ?, ?, ?, ?, ?, ?, ?, ?, ?, ?, ?, ?, ?, ?, ?, ?, ?, ?, ?, ?, ?, ?, ?, ?, ?, ?, ?, ?, ?, ?, ?, ?, ?, ?, ?, ?, ?, ?, ?, ?, ?, ?, ?, ?, ?, ?, ?, ?, ?, ?, ?, ?, ?, ?, ?, ?, ?, ?, ?, ?, ?, ?, ?, ?, ?, ?, ?, ?, ?, ?, ?)
Hibernate: select purchaseor0_.ohcoid as ohcoid1_39_0_, purchaseor0_.ohdocono as ohdocono2_39_0_, purchaseor0_.ohdocoty as ohdocoty3_39_0_, purchaseor0_.ohcid as ohcid4_39_0_, purchaseor0_.ohdtin as ohdtin5_39_0_, purchaseor0_.ohtmin as ohtmin6_39_0_, purchaseor0_.ohuid as ohuid7_39_0_, purchaseor0_.ohdtlu as ohdtlu8_39_0_, purchaseor0_.ohtmlu as ohtmlu9_39_0_, purchaseor0_.ohuidm as ohuidm10_39_0_, purchaseor0_.ohaprcd as ohaprcd11_39_0_, purchaseor0_.ohcrcb as ohcrcb12_39_0_, purchaseor0_.ohbuid as ohbuid13_39_0_, purchaseor0_.ohcldt as ohcldt14_39_0_, purchaseor0_.ohcot as ohcot15_39_0_, purchaseor0_.ohcsid as ohcsid16_39_0_, purchaseor0_.ohdesb1 as ohdesb17_39_0_, purchaseor0_.ohdccd as ohdccd18_39_0_, purchaseor0_.ohdcrt as ohdcrt19_39_0_, purchaseor0_.ohexcrt as ohexcrt20_39_0_, purchaseor0_.ohgldt as ohgldt21_39_0_, purchaseor0_.ohidd as ohidd22_39_0_, purchaseor0_.ohidn as ohidn23_39_0_, purchaseor0_.ohlst as ohlst24_39_0_, purchaseor0_.ohnst as ohnst25_39_0_, purchaseor0_.ohobid as ohobid26_39_0_, purchaseor0_.ohordt as ohordt27_39_0_, purchaseor0_.ohptc as ohptc28_39_0_, purchaseor0_.ohpoa as ohpoa29_39_0_, purchaseor0_.ohpod as ohpod30_39_0_, purchaseor0_.ohpjid as ohpjid31_39_0_, purchaseor0_.ohpddt as ohpddt32_39_0_, purchaseor0_.ohrcdt as ohrcdt33_39_0_, purchaseor0_.ohstid as ohstid34_39_0_, purchaseor0_.ohrqdt as ohrqdt35_39_0_, purchaseor0_.ohtaxal as ohtaxal36_39_0_, purchaseor0_.ohtaxcd as ohtaxcd37_39_0_, purchaseor0_.ohtaxrt as ohtaxrt38_39_0_, purchaseor0_.ohcrct as ohcrct39_39_0_, purchaseor0_.ohdesc1 as ohdesc40_39_0_, purchaseor0_.ohdesc2 as ohdesc41_39_0_, purchaseor0_.ohvhrn as ohvhrn42_39_0_, purchaseor0_.ohvhty as ohvhty43_39_0_, purchaseor0_.ohvnid as ohvnid44_39_0_ from t4301 purchaseor0_ where purchaseor0_.ohcoid=? and purchaseor0_.ohdocono=? and purchaseor0_.ohdocoty=?
Hibernate: select details0_.odcoid as odcoid1_40_0_, details0_.oddocono as oddocono2_40_0_, details0_.oddocoty as oddocoty4_40_0_, details0_.oddocosq as oddocosq3_40_0_, details0_.odcoid as odcoid1_40_1_, details0_.oddocono as oddocono2_40_1_, details0_.oddocosq as oddocosq3_40_1_, details0_.oddocoty as oddocoty4_40_1_, details0_.odcid as odcid5_40_1_, details0_.oddtin as oddtin6_40_1_, details0_.odtmin as odtmin7_40_1_, details0_.oduid as oduid8_40_1_, details0_.oddtlu as oddtlu9_40_1_, details0_.odtmlu as odtmlu10_40_1_, details0_.oduidm as oduidm11_40_1_, details0_.odacid as odacid12_40_1_, details0_.odaprcd as odaprcd13_40_1_, details0_.odcrcb as odcrcb14_40_1_, details0_.oditc02 as oditc15_40_1_, details0_.odbuid as odbuid16_40_1_, details0_.odqtycl as odqtycl17_40_1_, details0_.oditc01 as oditc18_40_1_, details0_.odcldt as odcldt19_40_1_, details0_.odcsid as odcsid20_40_1_, details0_.oddccd as oddccd21_40_1_, details0_.oddcrt as oddcrt22_40_1_, details0_.odexcrt as odexcrt23_40_1_, details0_.odexcost as odexcos24_40_1_, details0_.odqtyx as odqtyx25_40_1_, details0_.oducfx as oducfx26_40_1_, details0_.oduncostx as oduncos27_40_1_, details0_.oduomx as oduomx28_40_1_, details0_.odfec as odfec29_40_1_, details0_.odfta as odfta30_40_1_, details0_.odftb as odftb31_40_1_, details0_.odfuc as odfuc32_40_1_, details0_.odglcls as odglcls33_40_1_, details0_.odgldt as odgldt34_40_1_, details0_.odir02 as odir35_40_1_, details0_.odir01 as odir36_40_1_, details0_.odir03 as odir37_40_1_, details0_.odinum as odinum38_40_1_, details0_.oddesb1 as oddesb39_40_1_, details0_.oditc05 as oditc40_40_1_, details0_.odlst as odlst41_40_1_, details0_.odlnty as odlnty42_40_1_, details0_.odlocid as odlocid43_40_1_, details0_.odnst as odnst44_40_1_, details0_.odobid as odobid45_40_1_, details0_.odqtyop as odqtyop46_40_1_, details0_.odordt as odordt47_40_1_, details0_.odqtyor as odqtyor48_40_1_, details0_.odott as odott49_40_1_, details0_.odordocdt as odordoc50_40_1_, details0_.odordocno as odordoc51_40_1_, details0_.odordocsq as odordoc52_40_1_, details0_.odordocty as odordoc53_40_1_, details0_.odptc as odptc54_40_1_, details0_.odpqor as odpqor55_40_1_, details0_.oduom1 as oduom56_40_1_, details0_.odpjid as odpjid57_40_1_, details0_.odpddt as odpddt58_40_1_, details0_.odpo03 as odpo59_40_1_, details0_.odpo01 as odpo60_40_1_, details0_.odpo02 as odpo61_40_1_, details0_.odqty as odqty62_40_1_, details0_.odrcdt as odrcdt63_40_1_, details0_.odqtyrc as odqtyrc64_40_1_, details0_.odstid as odstid65_40_1_, details0_.odvr04 as odvr66_40_1_, details0_.odvr01 as odvr67_40_1_, details0_.odvr03 as odvr68_40_1_, details0_.odvr05 as odvr69_40_1_, details0_.odvr02 as odvr70_40_1_, details0_.odrldocno as odrldoc71_40_1_, details0_.odrldocsq as odrldoc72_40_1_, details0_.odrldocty as odrldoc73_40_1_, details0_.odrqdt as odrqdt74_40_1_, details0_.odqtyrn as odqtyrn75_40_1_, details0_.odsqor as odsqor76_40_1_, details0_.oduom2 as oduom77_40_1_, details0_.odsnlot as odsnlot78_40_1_, details0_.odtaxal as odtaxal79_40_1_, details0_.odtaxam as odtaxam80_40_1_, details0_.odtaxab as odtaxab81_40_1_, details0_.odtaxcd as odtaxcd82_40_1_, details0_.odtaxrt as odtaxrt83_40_1_, details0_.odcrct as odcrct84_40_1_, details0_.oditc03 as oditc85_40_1_, details0_.oducf as oducf86_40_1_, details0_.oduncost as oduncos87_40_1_, details0_.odudc as odudc88_40_1_, details0_.odudf as odudf89_40_1_, details0_.oduom as oduom90_40_1_, details0_.odvnid as odvnid91_40_1_ from t4311 details0_ where details0_.odcoid=? and details0_.oddocono=? and details0_.oddocoty=?
Hibernate: select receipts0_.ovcoid as ovcoid1_41_0_, receipts0_.ovdocono as ovdocon53_41_0_, receipts0_.ovdocosq as ovdocos54_41_0_, receipts0_.ovdocoty as ovdocot55_41_0_, receipts0_.ovdocno as ovdocno2_41_0_, receipts0_.ovdocty as ovdocty3_41_0_, receipts0_.ovdocsq as ovdocsq4_41_0_, receipts0_.ovcoid as ovcoid1_41_1_, receipts0_.ovdocno as ovdocno2_41_1_, receipts0_.ovdocty as ovdocty3_41_1_, receipts0_.ovdocsq as ovdocsq4_41_1_, receipts0_.ovcid as ovcid5_41_1_, receipts0_.ovdtin as ovdtin6_41_1_, receipts0_.ovtmin as ovtmin7_41_1_, receipts0_.ovuid as ovuid8_41_1_, receipts0_.ovdtlu as ovdtlu9_41_1_, receipts0_.ovtmlu as ovtmlu10_41_1_, receipts0_.ovuidm as ovuidm11_41_1_, receipts0_.ovacid as ovacid12_41_1_, receipts0_.ovcrcb as ovcrcb13_41_1_, receipts0_.ovicu as ovicu14_41_1_, receipts0_.ovicut as ovicut15_41_1_, receipts0_.ovitc02 as ovitc16_41_1_, receipts0_.ovbuid as ovbuid17_41_1_, receipts0_.ovitc01 as ovitc18_41_1_, receipts0_.ovcot as ovcot19_41_1_, receipts0_.ovcnid as ovcnid20_41_1_, receipts0_.ovcsdocdt as ovcsdoc21_41_1_, receipts0_.ovcsdocno as ovcsdoc22_41_1_, receipts0_.ovurtx as ovurtx23_41_1_, receipts0_.ovdccd as ovdccd24_41_1_, receipts0_.ovdcrt as ovdcrt25_41_1_, receipts0_.ovdocdt as ovdocdt26_41_1_, receipts0_.ovexcrt as ovexcrt27_41_1_, receipts0_.ovexpdt as ovexpdt28_41_1_, receipts0_.ovexcost as ovexcos29_41_1_, receipts0_.ovfec as ovfec30_41_1_, receipts0_.ovfta as ovfta31_41_1_, receipts0_.ovftb as ovftb32_41_1_, receipts0_.ovfuc as ovfuc33_41_1_, receipts0_.ovglcls as ovglcls34_41_1_, receipts0_.ovidd as ovidd35_41_1_, receipts0_.ovidn as ovidn36_41_1_, receipts0_.ovitt as ovitt37_41_1_, receipts0_.ovdocidt as ovdocid38_41_1_, receipts0_.ovdocino as ovdocin39_41_1_, receipts0_.ovdocisq as ovdocis40_41_1_, receipts0_.ovdocity as ovdocit41_41_1_, receipts0_.ovinum as ovinum42_41_1_, receipts0_.ovdesb1 as ovdesb43_41_1_, receipts0_.ovlcrt as ovlcrt44_41_1_, receipts0_.ovitc05 as ovitc45_41_1_, receipts0_.ovlst as ovlst46_41_1_, receipts0_.ovlvla as ovlvla47_41_1_, receipts0_.ovlnty as ovlnty48_41_1_, receipts0_.ovlocid as ovlocid49_41_1_, receipts0_.ovmatc as ovmatc50_41_1_, receipts0_.ovnst as ovnst51_41_1_, receipts0_.ovobid as ovobid52_41_1_, receipts0_.ovdocono as ovdocon53_41_1_, receipts0_.ovdocosq as ovdocos54_41_1_, receipts0_.ovdocoty as ovdocot55_41_1_, receipts0_.ovordocno as ovordoc56_41_1_, receipts0_.ovordocsq as ovordoc57_41_1_, receipts0_.ovordocty as ovordoc58_41_1_, receipts0_.ovptc as ovptc59_41_1_, receipts0_.ovpoa as ovpoa60_41_1_, receipts0_.ovpod as ovpod61_41_1_, receipts0_.ovpqot as ovpqot62_41_1_, receipts0_.ovuom1 as ovuom63_41_1_, receipts0_.ovpjid as ovpjid64_41_1_, receipts0_.ovpo03 as ovpo65_41_1_, receipts0_.ovpo01 as ovpo66_41_1_, receipts0_.ovpo02 as ovpo67_41_1_, receipts0_.ovqty as ovqty68_41_1_, receipts0_.ovrcdt as ovrcdt69_41_1_, receipts0_.ovrecid as ovrecid70_41_1_, receipts0_.ovvr04 as ovvr71_41_1_, receipts0_.ovvr01 as ovvr72_41_1_, receipts0_.ovvr03 as ovvr73_41_1_, receipts0_.ovvr05 as ovvr74_41_1_, receipts0_.ovvr02 as ovvr75_41_1_, receipts0_.ovrtgc as ovrtgc76_41_1_, receipts0_.ovsqot as ovsqot77_41_1_, receipts0_.ovuom2 as ovuom78_41_1_, receipts0_.ovsnlot as ovsnlot79_41_1_, receipts0_.ovtaxal as ovtaxal80_41_1_, receipts0_.ovtaxam as ovtaxam81_41_1_, receipts0_.ovtaxab as ovtaxab82_41_1_, receipts0_.ovtaxcd as ovtaxcd83_41_1_, receipts0_.ovtaxidt as ovtaxid84_41_1_, receipts0_.ovtaxino as ovtaxin85_41_1_, receipts0_.ovtaxrt as ovtaxrt86_41_1_, receipts0_.ovcrct as ovcrct87_41_1_, receipts0_.ovitc03 as ovitc88_41_1_, receipts0_.ovucf as ovucf89_41_1_, receipts0_.ovuncost as ovuncos90_41_1_, receipts0_.ovudc as ovudc91_41_1_, receipts0_.ovudf as ovudf92_41_1_, receipts0_.ovuom as ovuom93_41_1_, receipts0_.ovvnid as ovvnid94_41_1_, receipts0_.ovinvdt as ovinvdt95_41_1_, receipts0_.ovinvno as ovinvno96_41_1_ from t4312 receipts0_ where receipts0_.ovcoid=? and receipts0_.ovdocono=? and receipts0_.ovdocosq=? and receipts0_.ovdocoty=?
Hibernate: select receipts0_.ovcoid as ovcoid1_41_0_, receipts0_.ovdocono as ovdocon53_41_0_, receipts0_.ovdocosq as ovdocos54_41_0_, receipts0_.ovdocoty as ovdocot55_41_0_, receipts0_.ovdocno as ovdocno2_41_0_, receipts0_.ovdocty as ovdocty3_41_0_, receipts0_.ovdocsq as ovdocsq4_41_0_, receipts0_.ovcoid as ovcoid1_41_1_, receipts0_.ovdocno as ovdocno2_41_1_, receipts0_.ovdocty as ovdocty3_41_1_, receipts0_.ovdocsq as ovdocsq4_41_1_, receipts0_.ovcid as ovcid5_41_1_, receipts0_.ovdtin as ovdtin6_41_1_, receipts0_.ovtmin as ovtmin7_41_1_, receipts0_.ovuid as ovuid8_41_1_, receipts0_.ovdtlu as ovdtlu9_41_1_, receipts0_.ovtmlu as ovtmlu10_41_1_, receipts0_.ovuidm as ovuidm11_41_1_, receipts0_.ovacid as ovacid12_41_1_, receipts0_.ovcrcb as ovcrcb13_41_1_, receipts0_.ovicu as ovicu14_41_1_, receipts0_.ovicut as ovicut15_41_1_, receipts0_.ovitc02 as ovitc16_41_1_, receipts0_.ovbuid as ovbuid17_41_1_, receipts0_.ovitc01 as ovitc18_41_1_, receipts0_.ovcot as ovcot19_41_1_, receipts0_.ovcnid as ovcnid20_41_1_, receipts0_.ovcsdocdt as ovcsdoc21_41_1_, receipts0_.ovcsdocno as ovcsdoc22_41_1_, receipts0_.ovurtx as ovurtx23_41_1_, receipts0_.ovdccd as ovdccd24_41_1_, receipts0_.ovdcrt as ovdcrt25_41_1_, receipts0_.ovdocdt as ovdocdt26_41_1_, receipts0_.ovexcrt as ovexcrt27_41_1_, receipts0_.ovexpdt as ovexpdt28_41_1_, receipts0_.ovexcost as ovexcos29_41_1_, receipts0_.ovfec as ovfec30_41_1_, receipts0_.ovfta as ovfta31_41_1_, receipts0_.ovftb as ovftb32_41_1_, receipts0_.ovfuc as ovfuc33_41_1_, receipts0_.ovglcls as ovglcls34_41_1_, receipts0_.ovidd as ovidd35_41_1_, receipts0_.ovidn as ovidn36_41_1_, receipts0_.ovitt as ovitt37_41_1_, receipts0_.ovdocidt as ovdocid38_41_1_, receipts0_.ovdocino as ovdocin39_41_1_, receipts0_.ovdocisq as ovdocis40_41_1_, receipts0_.ovdocity as ovdocit41_41_1_, receipts0_.ovinum as ovinum42_41_1_, receipts0_.ovdesb1 as ovdesb43_41_1_, receipts0_.ovlcrt as ovlcrt44_41_1_, receipts0_.ovitc05 as ovitc45_41_1_, receipts0_.ovlst as ovlst46_41_1_, receipts0_.ovlvla as ovlvla47_41_1_, receipts0_.ovlnty as ovlnty48_41_1_, receipts0_.ovlocid as ovlocid49_41_1_, receipts0_.ovmatc as ovmatc50_41_1_, receipts0_.ovnst as ovnst51_41_1_, receipts0_.ovobid as ovobid52_41_1_, receipts0_.ovdocono as ovdocon53_41_1_, receipts0_.ovdocosq as ovdocos54_41_1_, receipts0_.ovdocoty as ovdocot55_41_1_, receipts0_.ovordocno as ovordoc56_41_1_, receipts0_.ovordocsq as ovordoc57_41_1_, receipts0_.ovordocty as ovordoc58_41_1_, receipts0_.ovptc as ovptc59_41_1_, receipts0_.ovpoa as ovpoa60_41_1_, receipts0_.ovpod as ovpod61_41_1_, receipts0_.ovpqot as ovpqot62_41_1_, receipts0_.ovuom1 as ovuom63_41_1_, receipts0_.ovpjid as ovpjid64_41_1_, receipts0_.ovpo03 as ovpo65_41_1_, receipts0_.ovpo01 as ovpo66_41_1_, receipts0_.ovpo02 as ovpo67_41_1_, receipts0_.ovqty as ovqty68_41_1_, receipts0_.ovrcdt as ovrcdt69_41_1_, receipts0_.ovrecid as ovrecid70_41_1_, receipts0_.ovvr04 as ovvr71_41_1_, receipts0_.ovvr01 as ovvr72_41_1_, receipts0_.ovvr03 as ovvr73_41_1_, receipts0_.ovvr05 as ovvr74_41_1_, receipts0_.ovvr02 as ovvr75_41_1_, receipts0_.ovrtgc as ovrtgc76_41_1_, receipts0_.ovsqot as ovsqot77_41_1_, receipts0_.ovuom2 as ovuom78_41_1_, receipts0_.ovsnlot as ovsnlot79_41_1_, receipts0_.ovtaxal as ovtaxal80_41_1_, receipts0_.ovtaxam as ovtaxam81_41_1_, receipts0_.ovtaxab as ovtaxab82_41_1_, receipts0_.ovtaxcd as ovtaxcd83_41_1_, receipts0_.ovtaxidt as ovtaxid84_41_1_, receipts0_.ovtaxino as ovtaxin85_41_1_, receipts0_.ovtaxrt as ovtaxrt86_41_1_, receipts0_.ovcrct as ovcrct87_41_1_, receipts0_.ovitc03 as ovitc88_41_1_, receipts0_.ovucf as ovucf89_41_1_, receipts0_.ovuncost as ovuncos90_41_1_, receipts0_.ovudc as ovudc91_41_1_, receipts0_.ovudf as ovudf92_41_1_, receipts0_.ovuom as ovuom93_41_1_, receipts0_.ovvnid as ovvnid94_41_1_, receipts0_.ovinvdt as ovinvdt95_41_1_, receipts0_.ovinvno as ovinvno96_41_1_ from t4312 receipts0_ where receipts0_.ovcoid=? and receipts0_.ovdocono=? and receipts0_.ovdocosq=? and receipts0_.ovdocoty=?
Hibernate: select receipts0_.ovcoid as ovcoid1_41_0_, receipts0_.ovdocono as ovdocon53_41_0_, receipts0_.ovdocosq as ovdocos54_41_0_, receipts0_.ovdocoty as ovdocot55_41_0_, receipts0_.ovdocno as ovdocno2_41_0_, receipts0_.ovdocty as ovdocty3_41_0_, receipts0_.ovdocsq as ovdocsq4_41_0_, receipts0_.ovcoid as ovcoid1_41_1_, receipts0_.ovdocno as ovdocno2_41_1_, receipts0_.ovdocty as ovdocty3_41_1_, receipts0_.ovdocsq as ovdocsq4_41_1_, receipts0_.ovcid as ovcid5_41_1_, receipts0_.ovdtin as ovdtin6_41_1_, receipts0_.ovtmin as ovtmin7_41_1_, receipts0_.ovuid as ovuid8_41_1_, receipts0_.ovdtlu as ovdtlu9_41_1_, receipts0_.ovtmlu as ovtmlu10_41_1_, receipts0_.ovuidm as ovuidm11_41_1_, receipts0_.ovacid as ovacid12_41_1_, receipts0_.ovcrcb as ovcrcb13_41_1_, receipts0_.ovicu as ovicu14_41_1_, receipts0_.ovicut as ovicut15_41_1_, receipts0_.ovitc02 as ovitc16_41_1_, receipts0_.ovbuid as ovbuid17_41_1_, receipts0_.ovitc01 as ovitc18_41_1_, receipts0_.ovcot as ovcot19_41_1_, receipts0_.ovcnid as ovcnid20_41_1_, receipts0_.ovcsdocdt as ovcsdoc21_41_1_, receipts0_.ovcsdocno as ovcsdoc22_41_1_, receipts0_.ovurtx as ovurtx23_41_1_, receipts0_.ovdccd as ovdccd24_41_1_, receipts0_.ovdcrt as ovdcrt25_41_1_, receipts0_.ovdocdt as ovdocdt26_41_1_, receipts0_.ovexcrt as ovexcrt27_41_1_, receipts0_.ovexpdt as ovexpdt28_41_1_, receipts0_.ovexcost as ovexcos29_41_1_, receipts0_.ovfec as ovfec30_41_1_, receipts0_.ovfta as ovfta31_41_1_, receipts0_.ovftb as ovftb32_41_1_, receipts0_.ovfuc as ovfuc33_41_1_, receipts0_.ovglcls as ovglcls34_41_1_, receipts0_.ovidd as ovidd35_41_1_, receipts0_.ovidn as ovidn36_41_1_, receipts0_.ovitt as ovitt37_41_1_, receipts0_.ovdocidt as ovdocid38_41_1_, receipts0_.ovdocino as ovdocin39_41_1_, receipts0_.ovdocisq as ovdocis40_41_1_, receipts0_.ovdocity as ovdocit41_41_1_, receipts0_.ovinum as ovinum42_41_1_, receipts0_.ovdesb1 as ovdesb43_41_1_, receipts0_.ovlcrt as ovlcrt44_41_1_, receipts0_.ovitc05 as ovitc45_41_1_, receipts0_.ovlst as ovlst46_41_1_, receipts0_.ovlvla as ovlvla47_41_1_, receipts0_.ovlnty as ovlnty48_41_1_, receipts0_.ovlocid as ovlocid49_41_1_, receipts0_.ovmatc as ovmatc50_41_1_, receipts0_.ovnst as ovnst51_41_1_, receipts0_.ovobid as ovobid52_41_1_, receipts0_.ovdocono as ovdocon53_41_1_, receipts0_.ovdocosq as ovdocos54_41_1_, receipts0_.ovdocoty as ovdocot55_41_1_, receipts0_.ovordocno as ovordoc56_41_1_, receipts0_.ovordocsq as ovordoc57_41_1_, receipts0_.ovordocty as ovordoc58_41_1_, receipts0_.ovptc as ovptc59_41_1_, receipts0_.ovpoa as ovpoa60_41_1_, receipts0_.ovpod as ovpod61_41_1_, receipts0_.ovpqot as ovpqot62_41_1_, receipts0_.ovuom1 as ovuom63_41_1_, receipts0_.ovpjid as ovpjid64_41_1_, receipts0_.ovpo03 as ovpo65_41_1_, receipts0_.ovpo01 as ovpo66_41_1_, receipts0_.ovpo02 as ovpo67_41_1_, receipts0_.ovqty as ovqty68_41_1_, receipts0_.ovrcdt as ovrcdt69_41_1_, receipts0_.ovrecid as ovrecid70_41_1_, receipts0_.ovvr04 as ovvr71_41_1_, receipts0_.ovvr01 as ovvr72_41_1_, receipts0_.ovvr03 as ovvr73_41_1_, receipts0_.ovvr05 as ovvr74_41_1_, receipts0_.ovvr02 as ovvr75_41_1_, receipts0_.ovrtgc as ovrtgc76_41_1_, receipts0_.ovsqot as ovsqot77_41_1_, receipts0_.ovuom2 as ovuom78_41_1_, receipts0_.ovsnlot as ovsnlot79_41_1_, receipts0_.ovtaxal as ovtaxal80_41_1_, receipts0_.ovtaxam as ovtaxam81_41_1_, receipts0_.ovtaxab as ovtaxab82_41_1_, receipts0_.ovtaxcd as ovtaxcd83_41_1_, receipts0_.ovtaxidt as ovtaxid84_41_1_, receipts0_.ovtaxino as ovtaxin85_41_1_, receipts0_.ovtaxrt as ovtaxrt86_41_1_, receipts0_.ovcrct as ovcrct87_41_1_, receipts0_.ovitc03 as ovitc88_41_1_, receipts0_.ovucf as ovucf89_41_1_, receipts0_.ovuncost as ovuncos90_41_1_, receipts0_.ovudc as ovudc91_41_1_, receipts0_.ovudf as ovudf92_41_1_, receipts0_.ovuom as ovuom93_41_1_, receipts0_.ovvnid as ovvnid94_41_1_, receipts0_.ovinvdt as ovinvdt95_41_1_, receipts0_.ovinvno as ovinvno96_41_1_ from t4312 receipts0_ where receipts0_.ovcoid=? and receipts0_.ovdocono=? and receipts0_.ovdocosq=? and receipts0_.ovdocoty=?
Hibernate: select purchasere0_.ovcoid as ovcoid1_41_0_, purchasere0_.ovdocno as ovdocno2_41_0_, purchasere0_.ovdocty as ovdocty3_41_0_, purchasere0_.ovdocsq as ovdocsq4_41_0_, purchasere0_.ovcid as ovcid5_41_0_, purchasere0_.ovdtin as ovdtin6_41_0_, purchasere0_.ovtmin as ovtmin7_41_0_, purchasere0_.ovuid as ovuid8_41_0_, purchasere0_.ovdtlu as ovdtlu9_41_0_, purchasere0_.ovtmlu as ovtmlu10_41_0_, purchasere0_.ovuidm as ovuidm11_41_0_, purchasere0_.ovacid as ovacid12_41_0_, purchasere0_.ovcrcb as ovcrcb13_41_0_, purchasere0_.ovicu as ovicu14_41_0_, purchasere0_.ovicut as ovicut15_41_0_, purchasere0_.ovitc02 as ovitc16_41_0_, purchasere0_.ovbuid as ovbuid17_41_0_, purchasere0_.ovitc01 as ovitc18_41_0_, purchasere0_.ovcot as ovcot19_41_0_, purchasere0_.ovcnid as ovcnid20_41_0_, purchasere0_.ovcsdocdt as ovcsdoc21_41_0_, purchasere0_.ovcsdocno as ovcsdoc22_41_0_, purchasere0_.ovurtx as ovurtx23_41_0_, purchasere0_.ovdccd as ovdccd24_41_0_, purchasere0_.ovdcrt as ovdcrt25_41_0_, purchasere0_.ovdocdt as ovdocdt26_41_0_, purchasere0_.ovexcrt as ovexcrt27_41_0_, purchasere0_.ovexpdt as ovexpdt28_41_0_, purchasere0_.ovexcost as ovexcos29_41_0_, purchasere0_.ovfec as ovfec30_41_0_, purchasere0_.ovfta as ovfta31_41_0_, purchasere0_.ovftb as ovftb32_41_0_, purchasere0_.ovfuc as ovfuc33_41_0_, purchasere0_.ovglcls as ovglcls34_41_0_, purchasere0_.ovidd as ovidd35_41_0_, purchasere0_.ovidn as ovidn36_41_0_, purchasere0_.ovitt as ovitt37_41_0_, purchasere0_.ovdocidt as ovdocid38_41_0_, purchasere0_.ovdocino as ovdocin39_41_0_, purchasere0_.ovdocisq as ovdocis40_41_0_, purchasere0_.ovdocity as ovdocit41_41_0_, purchasere0_.ovinum as ovinum42_41_0_, purchasere0_.ovdesb1 as ovdesb43_41_0_, purchasere0_.ovlcrt as ovlcrt44_41_0_, purchasere0_.ovitc05 as ovitc45_41_0_, purchasere0_.ovlst as ovlst46_41_0_, purchasere0_.ovlvla as ovlvla47_41_0_, purchasere0_.ovlnty as ovlnty48_41_0_, purchasere0_.ovlocid as ovlocid49_41_0_, purchasere0_.ovmatc as ovmatc50_41_0_, purchasere0_.ovnst as ovnst51_41_0_, purchasere0_.ovobid as ovobid52_41_0_, purchasere0_.ovdocono as ovdocon53_41_0_, purchasere0_.ovdocosq as ovdocos54_41_0_, purchasere0_.ovdocoty as ovdocot55_41_0_, purchasere0_.ovordocno as ovordoc56_41_0_, purchasere0_.ovordocsq as ovordoc57_41_0_, purchasere0_.ovordocty as ovordoc58_41_0_, purchasere0_.ovptc as ovptc59_41_0_, purchasere0_.ovpoa as ovpoa60_41_0_, purchasere0_.ovpod as ovpod61_41_0_, purchasere0_.ovpqot as ovpqot62_41_0_, purchasere0_.ovuom1 as ovuom63_41_0_, purchasere0_.ovpjid as ovpjid64_41_0_, purchasere0_.ovpo03 as ovpo65_41_0_, purchasere0_.ovpo01 as ovpo66_41_0_, purchasere0_.ovpo02 as ovpo67_41_0_, purchasere0_.ovqty as ovqty68_41_0_, purchasere0_.ovrcdt as ovrcdt69_41_0_, purchasere0_.ovrecid as ovrecid70_41_0_, purchasere0_.ovvr04 as ovvr71_41_0_, purchasere0_.ovvr01 as ovvr72_41_0_, purchasere0_.ovvr03 as ovvr73_41_0_, purchasere0_.ovvr05 as ovvr74_41_0_, purchasere0_.ovvr02 as ovvr75_41_0_, purchasere0_.ovrtgc as ovrtgc76_41_0_, purchasere0_.ovsqot as ovsqot77_41_0_, purchasere0_.ovuom2 as ovuom78_41_0_, purchasere0_.ovsnlot as ovsnlot79_41_0_, purchasere0_.ovtaxal as ovtaxal80_41_0_, purchasere0_.ovtaxam as ovtaxam81_41_0_, purchasere0_.ovtaxab as ovtaxab82_41_0_, purchasere0_.ovtaxcd as ovtaxcd83_41_0_, purchasere0_.ovtaxidt as ovtaxid84_41_0_, purchasere0_.ovtaxino as ovtaxin85_41_0_, purchasere0_.ovtaxrt as ovtaxrt86_41_0_, purchasere0_.ovcrct as ovcrct87_41_0_, purchasere0_.ovitc03 as ovitc88_41_0_, purchasere0_.ovucf as ovucf89_41_0_, purchasere0_.ovuncost as ovuncos90_41_0_, purchasere0_.ovudc as ovudc91_41_0_, purchasere0_.ovudf as ovudf92_41_0_, purchasere0_.ovuom as ovuom93_41_0_, purchasere0_.ovvnid as ovvnid94_41_0_, purchasere0_.ovinvdt as ovinvdt95_41_0_, purchasere0_.ovinvno as ovinvno96_41_0_ from t4312 purchasere0_ where purchasere0_.ovcoid=? and purchasere0_.ovdocno=? and purchasere0_.ovdocty=? and purchasere0_.ovdocsq=?
2018-12-27 11:25:52.685  INFO 2120 --- [    Test worker] o.s.t.c.transaction.TransactionContext   : Rolled back transaction for test: [DefaultTestContext@4cd7a432 testClass = PurchaseReceiptApiTest, testInstance = ags.goldenlionerp.apiTests.purchase.PurchaseReceiptApiTest@4d36f2f1, testMethod = createTestWithPut@ApiTestBase, testException = [null], mergedContextConfiguration = [WebMergedContextConfiguration@6aa9a5ba testClass = PurchaseReceiptApiTest, locations = '{}', classes = '{class ags.goldenlionerp.GoldenLionErpApplication}', contextInitializerClasses = '[]', activeProfiles = '{}', propertySourceLocations = '{classpath:test.properties}', propertySourceProperties = '{org.springframework.boot.test.context.SpringBootTestContextBootstrapper=true}', contextCustomizers = set[org.springframework.boot.test.autoconfigure.properties.PropertyMappingContextCustomizer@0, org.springframework.boot.test.autoconfigure.web.servlet.WebDriverContextCustomizerFactory$Customizer@636d731e, [ImportsContextCustomizer@6f6d8820 key = [ags.goldenlionerp.apiTests.ApiTestBase$TestConfig]], org.springframework.boot.test.context.filter.ExcludeFilterContextCustomizer@6afa5291, org.springframework.boot.test.json.DuplicateJsonObjectContextCustomizerFactory$DuplicateJsonObjectContextCustomizer@20cebcb4, org.springframework.boot.test.mock.mockito.MockitoContextCustomizer@0, org.springframework.boot.test.web.client.TestRestTemplateContextCustomizer@49a32273], resourceBasePath = 'src/main/webapp', contextLoader = 'org.springframework.boot.test.context.SpringBootContextLoader', parent = [null]], attributes = map['org.springframework.test.context.web.ServletTestExecutionListener.activateListener' -> true, 'org.springframework.test.context.web.ServletTestExecutionListener.populatedRequestContextHolder' -> true, 'org.springframework.test.context.web.ServletTestExecutionListener.resetRequestContextHolder' -> true]]
2018-12-27 11:25:52.687  INFO 2120 --- [    Test worker] o.s.t.c.transaction.TransactionContext   : Began transaction (1) for test context [DefaultTestContext@4cd7a432 testClass = PurchaseReceiptApiTest, testInstance = ags.goldenlionerp.apiTests.purchase.PurchaseReceiptApiTest@2ddd217f, testMethod = deleteTest@ApiTestBase, testException = [null], mergedContextConfiguration = [WebMergedContextConfiguration@6aa9a5ba testClass = PurchaseReceiptApiTest, locations = '{}', classes = '{class ags.goldenlionerp.GoldenLionErpApplication}', contextInitializerClasses = '[]', activeProfiles = '{}', propertySourceLocations = '{classpath:test.properties}', propertySourceProperties = '{org.springframework.boot.test.context.SpringBootTestContextBootstrapper=true}', contextCustomizers = set[org.springframework.boot.test.autoconfigure.properties.PropertyMappingContextCustomizer@0, org.springframework.boot.test.autoconfigure.web.servlet.WebDriverContextCustomizerFactory$Customizer@636d731e, [ImportsContextCustomizer@6f6d8820 key = [ags.goldenlionerp.apiTests.ApiTestBase$TestConfig]], org.springframework.boot.test.context.filter.ExcludeFilterContextCustomizer@6afa5291, org.springframework.boot.test.json.DuplicateJsonObjectContextCustomizerFactory$DuplicateJsonObjectContextCustomizer@20cebcb4, org.springframework.boot.test.mock.mockito.MockitoContextCustomizer@0, org.springframework.boot.test.web.client.TestRestTemplateContextCustomizer@49a32273], resourceBasePath = 'src/main/webapp', contextLoader = 'org.springframework.boot.test.context.SpringBootContextLoader', parent = [null]], attributes = map['org.springframework.test.context.web.ServletTestExecutionListener.activateListener' -> true, 'org.springframework.test.context.web.ServletTestExecutionListener.populatedRequestContextHolder' -> true, 'org.springframework.test.context.web.ServletTestExecutionListener.resetRequestContextHolder' -> true]]; transaction manager [org.springframework.orm.jpa.JpaTransactionManager@75de8c12]; rollback [true]
2018-12-27 11:25:52.688  INFO 2120 --- [    Test worker] o.s.b.t.m.w.SpringBootMockServletContext : Initializing Spring FrameworkServlet ''
2018-12-27 11:25:52.688  INFO 2120 --- [    Test worker] o.s.t.web.servlet.TestDispatcherServlet  : FrameworkServlet '': initialization started
2018-12-27 11:25:52.698  INFO 2120 --- [    Test worker] o.s.t.web.servlet.TestDispatcherServlet  : FrameworkServlet '': initialization completed in 10 ms
Hibernate: select count(*) as col_0_0_ from t4301 purchaseor0_ where purchaseor0_.ohcoid=? and purchaseor0_.ohdocono=? and purchaseor0_.ohdocoty=?
Hibernate: select company0_.cncoid as cncoid1_9_0_, company0_.cncid as cncid2_9_0_, company0_.cndtin as cndtin3_9_0_, company0_.cntmin as cntmin4_9_0_, company0_.cnuid as cnuid5_9_0_, company0_.cndtlu as cndtlu6_9_0_, company0_.cntmlu as cntmlu7_9_0_, company0_.cnuidm as cnuidm8_9_0_, company0_.cnanum as cnanum9_9_0_, company0_.cncrcb as cncrcb10_9_0_, company0_.cncap as cncap11_9_0_, company0_.cncfy as cncfy12_9_0_, company0_.cncip as cncip13_9_0_, company0_.cncpp as cncpp14_9_0_, company0_.cncrp as cncrp15_9_0_, company0_.cndesb1 as cndesb16_9_0_, company0_.cnfdp as cnfdp17_9_0_ from t0020 company0_ where company0_.cncoid=?
Hibernate: select addressboo0_.adanum as adanum1_16_0_, addressboo0_.adcid as adcid2_16_0_, addressboo0_.addtin as addtin3_16_0_, addressboo0_.adtmin as adtmin4_16_0_, addressboo0_.aduid as aduid5_16_0_, addressboo0_.addtlu as addtlu6_16_0_, addressboo0_.adtmlu as adtmlu7_16_0_, addressboo0_.aduidm as aduidm8_16_0_, addressboo0_.adap as adap9_16_0_, addressboo0_.adar as adar10_16_0_, addressboo0_.adbuid as adbuid11_16_0_, addressboo0_.adcc01 as adcc12_16_0_, addressboo0_.adcc02 as adcc13_16_0_, addressboo0_.adcc03 as adcc14_16_0_, addressboo0_.adcc04 as adcc15_16_0_, addressboo0_.adcc05 as adcc16_16_0_, addressboo0_.adcc06 as adcc17_16_0_, addressboo0_.adcc07 as adcc18_16_0_, addressboo0_.adcc08 as adcc19_16_0_, addressboo0_.adcc09 as adcc20_16_0_, addressboo0_.adcc10 as adcc21_16_0_, addressboo0_.adempl as adempl22_16_0_, addressboo0_.adtmlt as adtmlt23_16_0_, addressboo0_.adlan as adlan24_16_0_, addressboo0_.admlnm as admlnm25_16_0_, addressboo0_.adnm as adnm26_16_0_, addressboo0_.adpan as adpan27_16_0_, addressboo0_.adrecid as adrecid28_16_0_, addressboo0_.adrlid0 as adrlid29_16_0_, addressboo0_.adrlid2 as adrlid30_16_0_, addressboo0_.adrlid3 as adrlid31_16_0_, addressboo0_.adrlid4 as adrlid32_16_0_, addressboo0_.adrlid5 as adrlid33_16_0_, addressboo0_.adrlid6 as adrlid34_16_0_, addressboo0_.adrlid7 as adrlid35_16_0_, addressboo0_.adrlid8 as adrlid36_16_0_, addressboo0_.adrlid9 as adrlid37_16_0_, addressboo0_.adrlid1 as adrlid38_16_0_, addressboo0_.adst as adst39_16_0_, addressboo0_.adtaxid as adtaxid40_16_0_ from t0101 addressboo0_ where addressboo0_.adanum=?
Hibernate: select apsetting0_.pmanum as pmanum1_23_0_, apsetting0_.pmanum as pmanum1_23_1_, apsetting0_.pmcid as pmcid2_23_1_, apsetting0_.pmdtin as pmdtin3_23_1_, apsetting0_.pmtmin as pmtmin4_23_1_, apsetting0_.pmuid as pmuid5_23_1_, apsetting0_.pmdtlu as pmdtlu6_23_1_, apsetting0_.pmtmlu as pmtmlu7_23_1_, apsetting0_.pmuidm as pmuidm8_23_1_, apsetting0_.pmdtls as pmdtls9_23_1_, apsetting0_.pmapcls as pmapcls10_23_1_, apsetting0_.pmcrm as pmcrm11_23_1_, apsetting0_.pmcrct as pmcrct12_23_1_, apsetting0_.pmitc05 as pmitc13_23_1_, apsetting0_.pminsp as pminsp14_23_1_, apsetting0_.pmptc as pmptc15_23_1_, apsetting0_.pmspg as pmspg16_23_1_, apsetting0_.pmtaxau as pmtaxau17_23_1_, apsetting0_.pmtaxcd as pmtaxcd18_23_1_, apsetting0_.pmtaxid as pmtaxid19_23_1_ from t0401 apsetting0_ where apsetting0_.pmanum=?
Hibernate: select itemmaster0_.iminum as iminum1_31_0_, itemmaster0_.imcid as imcid2_31_0_, itemmaster0_.imdtin as imdtin3_31_0_, itemmaster0_.imtmin as imtmin4_31_0_, itemmaster0_.imuid as imuid5_31_0_, itemmaster0_.imdtlu as imdtlu6_31_0_, itemmaster0_.imtmlu as imtmlu7_31_0_, itemmaster0_.imuidm as imuidm8_31_0_, itemmaster0_.iminumb as iminumb9_31_0_, itemmaster0_.imctm as imctm10_31_0_, itemmaster0_.imitc02 as imitc11_31_0_, itemmaster0_.imitc01 as imitc12_31_0_, itemmaster0_.imitc10 as imitc13_31_0_, itemmaster0_.imitc04 as imitc14_31_0_, itemmaster0_.imitc06 as imitc15_31_0_, itemmaster0_.imitc07 as imitc16_31_0_, itemmaster0_.imitc08 as imitc17_31_0_, itemmaster0_.imitc09 as imitc18_31_0_, itemmaster0_.imitc05 as imitc19_31_0_, itemmaster0_.imslrc0 as imslrc20_31_0_, itemmaster0_.imslrc1 as imslrc21_31_0_, itemmaster0_.imslrc2 as imslrc22_31_0_, itemmaster0_.imslrc3 as imslrc23_31_0_, itemmaster0_.imslrc4 as imslrc24_31_0_, itemmaster0_.imslrc5 as imslrc25_31_0_, itemmaster0_.imslrc6 as imslrc26_31_0_, itemmaster0_.imslrc7 as imslrc27_31_0_, itemmaster0_.imslrc8 as imslrc28_31_0_, itemmaster0_.imslrc9 as imslrc29_31_0_, itemmaster0_.imitc03 as imitc30_31_0_, itemmaster0_.imdesb1 as imdesb31_31_0_, itemmaster0_.imdesd1 as imdesd32_31_0_, itemmaster0_.imglcls as imglcls33_31_0_, itemmaster0_.imicl as imicl34_31_0_, itemmaster0_.imilc as imilc35_31_0_, itemmaster0_.iminums as iminums36_31_0_, itemmaster0_.imipg as imipg37_31_0_, itemmaster0_.imlsc as imlsc38_31_0_, itemmaster0_.imdaqc as imdaqc39_31_0_, itemmaster0_.imgscrt as imgscrt40_31_0_, itemmaster0_.imsiops as imsiops41_31_0_, itemmaster0_.imbpid as imbpid42_31_0_, itemmaster0_.imcsid as imcsid43_31_0_, itemmaster0_.imudf as imudf44_31_0_, itemmaster0_.impmmf as impmmf45_31_0_, itemmaster0_.imrbii as imrbii46_31_0_, itemmaster0_.imrbim as imrbim47_31_0_, itemmaster0_.imrbis as imrbis48_31_0_, itemmaster0_.imvnid as imvnid49_31_0_, itemmaster0_.imtaxpc as imtaxpc50_31_0_, itemmaster0_.imtaxsc as imtaxsc51_31_0_, itemmaster0_.iminump as iminump52_31_0_, itemmaster0_.implg as implg53_31_0_, itemmaster0_.imppl as imppl54_31_0_, itemmaster0_.imspl as imspl55_31_0_, itemmaster0_.imsnr as imsnr56_31_0_, itemmaster0_.imskty as imskty57_31_0_, itemmaster0_.imlnty as imlnty58_31_0_, itemmaster0_.imuom9 as imuom59_31_0_, itemmaster0_.imdppo as imdppo60_31_0_, itemmaster0_.imdlum as imdlum61_31_0_, itemmaster0_.imdlump as imdlump62_31_0_, itemmaster0_.imdlumt as imdlumt63_31_0_, itemmaster0_.imuom5 as imuom64_31_0_, itemmaster0_.imuom1 as imuom65_31_0_, itemmaster0_.imuom8 as imuom66_31_0_, itemmaster0_.imuom3 as imuom67_31_0_, itemmaster0_.imuom4 as imuom68_31_0_, itemmaster0_.imuom2 as imuom69_31_0_, itemmaster0_.imuom6 as imuom70_31_0_, itemmaster0_.imuoms as imuoms71_31_0_, itemmaster0_.imuomt as imuomt72_31_0_, itemmaster0_.imuomv as imuomv73_31_0_, itemmaster0_.imwcf as imwcf74_31_0_, itemmaster0_.imuomw as imuomw75_31_0_, itemmaster0_.imvict as imvict76_31_0_ from t4101 itemmaster0_ where itemmaster0_.iminum=?
Hibernate: select itemmaster0_.iminum as iminum1_31_0_, itemmaster0_.imcid as imcid2_31_0_, itemmaster0_.imdtin as imdtin3_31_0_, itemmaster0_.imtmin as imtmin4_31_0_, itemmaster0_.imuid as imuid5_31_0_, itemmaster0_.imdtlu as imdtlu6_31_0_, itemmaster0_.imtmlu as imtmlu7_31_0_, itemmaster0_.imuidm as imuidm8_31_0_, itemmaster0_.iminumb as iminumb9_31_0_, itemmaster0_.imctm as imctm10_31_0_, itemmaster0_.imitc02 as imitc11_31_0_, itemmaster0_.imitc01 as imitc12_31_0_, itemmaster0_.imitc10 as imitc13_31_0_, itemmaster0_.imitc04 as imitc14_31_0_, itemmaster0_.imitc06 as imitc15_31_0_, itemmaster0_.imitc07 as imitc16_31_0_, itemmaster0_.imitc08 as imitc17_31_0_, itemmaster0_.imitc09 as imitc18_31_0_, itemmaster0_.imitc05 as imitc19_31_0_, itemmaster0_.imslrc0 as imslrc20_31_0_, itemmaster0_.imslrc1 as imslrc21_31_0_, itemmaster0_.imslrc2 as imslrc22_31_0_, itemmaster0_.imslrc3 as imslrc23_31_0_, itemmaster0_.imslrc4 as imslrc24_31_0_, itemmaster0_.imslrc5 as imslrc25_31_0_, itemmaster0_.imslrc6 as imslrc26_31_0_, itemmaster0_.imslrc7 as imslrc27_31_0_, itemmaster0_.imslrc8 as imslrc28_31_0_, itemmaster0_.imslrc9 as imslrc29_31_0_, itemmaster0_.imitc03 as imitc30_31_0_, itemmaster0_.imdesb1 as imdesb31_31_0_, itemmaster0_.imdesd1 as imdesd32_31_0_, itemmaster0_.imglcls as imglcls33_31_0_, itemmaster0_.imicl as imicl34_31_0_, itemmaster0_.imilc as imilc35_31_0_, itemmaster0_.iminums as iminums36_31_0_, itemmaster0_.imipg as imipg37_31_0_, itemmaster0_.imlsc as imlsc38_31_0_, itemmaster0_.imdaqc as imdaqc39_31_0_, itemmaster0_.imgscrt as imgscrt40_31_0_, itemmaster0_.imsiops as imsiops41_31_0_, itemmaster0_.imbpid as imbpid42_31_0_, itemmaster0_.imcsid as imcsid43_31_0_, itemmaster0_.imudf as imudf44_31_0_, itemmaster0_.impmmf as impmmf45_31_0_, itemmaster0_.imrbii as imrbii46_31_0_, itemmaster0_.imrbim as imrbim47_31_0_, itemmaster0_.imrbis as imrbis48_31_0_, itemmaster0_.imvnid as imvnid49_31_0_, itemmaster0_.imtaxpc as imtaxpc50_31_0_, itemmaster0_.imtaxsc as imtaxsc51_31_0_, itemmaster0_.iminump as iminump52_31_0_, itemmaster0_.implg as implg53_31_0_, itemmaster0_.imppl as imppl54_31_0_, itemmaster0_.imspl as imspl55_31_0_, itemmaster0_.imsnr as imsnr56_31_0_, itemmaster0_.imskty as imskty57_31_0_, itemmaster0_.imlnty as imlnty58_31_0_, itemmaster0_.imuom9 as imuom59_31_0_, itemmaster0_.imdppo as imdppo60_31_0_, itemmaster0_.imdlum as imdlum61_31_0_, itemmaster0_.imdlump as imdlump62_31_0_, itemmaster0_.imdlumt as imdlumt63_31_0_, itemmaster0_.imuom5 as imuom64_31_0_, itemmaster0_.imuom1 as imuom65_31_0_, itemmaster0_.imuom8 as imuom66_31_0_, itemmaster0_.imuom3 as imuom67_31_0_, itemmaster0_.imuom4 as imuom68_31_0_, itemmaster0_.imuom2 as imuom69_31_0_, itemmaster0_.imuom6 as imuom70_31_0_, itemmaster0_.imuoms as imuoms71_31_0_, itemmaster0_.imuomt as imuomt72_31_0_, itemmaster0_.imuomv as imuomv73_31_0_, itemmaster0_.imwcf as imwcf74_31_0_, itemmaster0_.imuomw as imuomw75_31_0_, itemmaster0_.imvict as imvict76_31_0_ from t4101 itemmaster0_ where itemmaster0_.iminum=?
Hibernate: select itemlocati0_.ilinum as ilinum2_33_0_, itemlocati0_.ilbuid as ilbuid1_33_0_, itemlocati0_.illocid as illocid3_33_0_, itemlocati0_.ilsnlot as ilsnlot4_33_0_, itemlocati0_.ilbuid as ilbuid1_33_1_, itemlocati0_.ilinum as ilinum2_33_1_, itemlocati0_.illocid as illocid3_33_1_, itemlocati0_.ilsnlot as ilsnlot4_33_1_, itemlocati0_.ilcid as ilcid5_33_1_, itemlocati0_.ildtin as ildtin6_33_1_, itemlocati0_.iltmin as iltmin7_33_1_, itemlocati0_.iluid as iluid8_33_1_, itemlocati0_.ildtlu as ildtlu9_33_1_, itemlocati0_.iltmlu as iltmlu10_33_1_, itemlocati0_.iluidm as iluidm11_33_1_, itemlocati0_.ildtlt as ildtlt12_33_1_, itemlocati0_.ilexpdt as ilexpdt13_33_1_, itemlocati0_.ilglcls as ilglcls14_33_1_, itemlocati0_.illocst as illocst15_33_1_, itemlocati0_.illsc as illsc16_33_1_, itemlocati0_.ilpqoh as ilpqoh17_33_1_, itemlocati0_.ilqtib as ilqtib18_33_1_, itemlocati0_.ilqtin as ilqtin19_33_1_, itemlocati0_.ilqttr as ilqttr20_33_1_, itemlocati0_.ilqobo as ilqobo21_33_1_, itemlocati0_.ilqohc as ilqohc22_33_1_, itemlocati0_.ilqopo as ilqopo23_33_1_, itemlocati0_.ilqoso as ilqoso24_33_1_, itemlocati0_.ilqosc as ilqosc25_33_1_, itemlocati0_.ilqowo as ilqowo26_33_1_, itemlocati0_.ilqowh as ilqowh27_33_1_, itemlocati0_.ilqows as ilqows28_33_1_, itemlocati0_.ilqot1 as ilqot29_33_1_, itemlocati0_.ilqot2 as ilqot30_33_1_, itemlocati0_.ilqot3 as ilqot31_33_1_, itemlocati0_.ilqtob as ilqtob32_33_1_, itemlocati0_.ilsqoh as ilsqoh33_33_1_, itemlocati0_.ilsqpo as ilsqpo34_33_1_, itemlocati0_.ilsqso as ilsqso35_33_1_, itemlocati0_.ilsqwo as ilsqwo36_33_1_, itemlocati0_.iluom as iluom37_33_1_, itemlocati0_.iluom1 as iluom38_33_1_, itemlocati0_.iluom2 as iluom39_33_1_ from t41021 itemlocati0_ where itemlocati0_.ilinum=?
Hibernate: select lotmaster0_.ltbuid as ltbuid1_34_0_, lotmaster0_.ltinum as ltinum2_34_0_, lotmaster0_.ltsnlot as ltsnlot3_34_0_, lotmaster0_.ltcid as ltcid4_34_0_, lotmaster0_.ltdtin as ltdtin5_34_0_, lotmaster0_.lttmin as lttmin6_34_0_, lotmaster0_.ltuid as ltuid7_34_0_, lotmaster0_.ltdtlu as ltdtlu8_34_0_, lotmaster0_.lttmlu as lttmlu9_34_0_, lotmaster0_.ltuidm as ltuidm10_34_0_, lotmaster0_.ltbodt as ltbodt11_34_0_, lotmaster0_.ltbbdt as ltbbdt12_34_0_, lotmaster0_.ltcldt as ltcldt13_34_0_, lotmaster0_.ltexpdt as ltexpdt14_34_0_, lotmaster0_.ltldsc as ltldsc15_34_0_, lotmaster0_.ltledt as ltledt16_34_0_, lotmaster0_.ltlsc as ltlsc17_34_0_, lotmaster0_.ltmlot1 as ltmlot18_34_0_, lotmaster0_.ltmlot2 as ltmlot19_34_0_, lotmaster0_.ltmlot3 as ltmlot20_34_0_, lotmaster0_.ltohdt as ltohdt21_34_0_, lotmaster0_.ltsern as ltsern22_34_0_ from t4108 lotmaster0_ where lotmaster0_.ltbuid=? and lotmaster0_.ltinum=? and lotmaster0_.ltsnlot=?
Hibernate: select lotmaster0_.ltbuid as ltbuid1_34_0_, lotmaster0_.ltinum as ltinum2_34_0_, lotmaster0_.ltsnlot as ltsnlot3_34_0_, lotmaster0_.ltcid as ltcid4_34_0_, lotmaster0_.ltdtin as ltdtin5_34_0_, lotmaster0_.lttmin as lttmin6_34_0_, lotmaster0_.ltuid as ltuid7_34_0_, lotmaster0_.ltdtlu as ltdtlu8_34_0_, lotmaster0_.lttmlu as lttmlu9_34_0_, lotmaster0_.ltuidm as ltuidm10_34_0_, lotmaster0_.ltbodt as ltbodt11_34_0_, lotmaster0_.ltbbdt as ltbbdt12_34_0_, lotmaster0_.ltcldt as ltcldt13_34_0_, lotmaster0_.ltexpdt as ltexpdt14_34_0_, lotmaster0_.ltldsc as ltldsc15_34_0_, lotmaster0_.ltledt as ltledt16_34_0_, lotmaster0_.ltlsc as ltlsc17_34_0_, lotmaster0_.ltmlot1 as ltmlot18_34_0_, lotmaster0_.ltmlot2 as ltmlot19_34_0_, lotmaster0_.ltmlot3 as ltmlot20_34_0_, lotmaster0_.ltohdt as ltohdt21_34_0_, lotmaster0_.ltsern as ltsern22_34_0_ from t4108 lotmaster0_ where lotmaster0_.ltbuid=? and lotmaster0_.ltinum=? and lotmaster0_.ltsnlot=?
Hibernate: select itemmaster0_.iminum as iminum1_31_0_, itemmaster0_.imcid as imcid2_31_0_, itemmaster0_.imdtin as imdtin3_31_0_, itemmaster0_.imtmin as imtmin4_31_0_, itemmaster0_.imuid as imuid5_31_0_, itemmaster0_.imdtlu as imdtlu6_31_0_, itemmaster0_.imtmlu as imtmlu7_31_0_, itemmaster0_.imuidm as imuidm8_31_0_, itemmaster0_.iminumb as iminumb9_31_0_, itemmaster0_.imctm as imctm10_31_0_, itemmaster0_.imitc02 as imitc11_31_0_, itemmaster0_.imitc01 as imitc12_31_0_, itemmaster0_.imitc10 as imitc13_31_0_, itemmaster0_.imitc04 as imitc14_31_0_, itemmaster0_.imitc06 as imitc15_31_0_, itemmaster0_.imitc07 as imitc16_31_0_, itemmaster0_.imitc08 as imitc17_31_0_, itemmaster0_.imitc09 as imitc18_31_0_, itemmaster0_.imitc05 as imitc19_31_0_, itemmaster0_.imslrc0 as imslrc20_31_0_, itemmaster0_.imslrc1 as imslrc21_31_0_, itemmaster0_.imslrc2 as imslrc22_31_0_, itemmaster0_.imslrc3 as imslrc23_31_0_, itemmaster0_.imslrc4 as imslrc24_31_0_, itemmaster0_.imslrc5 as imslrc25_31_0_, itemmaster0_.imslrc6 as imslrc26_31_0_, itemmaster0_.imslrc7 as imslrc27_31_0_, itemmaster0_.imslrc8 as imslrc28_31_0_, itemmaster0_.imslrc9 as imslrc29_31_0_, itemmaster0_.imitc03 as imitc30_31_0_, itemmaster0_.imdesb1 as imdesb31_31_0_, itemmaster0_.imdesd1 as imdesd32_31_0_, itemmaster0_.imglcls as imglcls33_31_0_, itemmaster0_.imicl as imicl34_31_0_, itemmaster0_.imilc as imilc35_31_0_, itemmaster0_.iminums as iminums36_31_0_, itemmaster0_.imipg as imipg37_31_0_, itemmaster0_.imlsc as imlsc38_31_0_, itemmaster0_.imdaqc as imdaqc39_31_0_, itemmaster0_.imgscrt as imgscrt40_31_0_, itemmaster0_.imsiops as imsiops41_31_0_, itemmaster0_.imbpid as imbpid42_31_0_, itemmaster0_.imcsid as imcsid43_31_0_, itemmaster0_.imudf as imudf44_31_0_, itemmaster0_.impmmf as impmmf45_31_0_, itemmaster0_.imrbii as imrbii46_31_0_, itemmaster0_.imrbim as imrbim47_31_0_, itemmaster0_.imrbis as imrbis48_31_0_, itemmaster0_.imvnid as imvnid49_31_0_, itemmaster0_.imtaxpc as imtaxpc50_31_0_, itemmaster0_.imtaxsc as imtaxsc51_31_0_, itemmaster0_.iminump as iminump52_31_0_, itemmaster0_.implg as implg53_31_0_, itemmaster0_.imppl as imppl54_31_0_, itemmaster0_.imspl as imspl55_31_0_, itemmaster0_.imsnr as imsnr56_31_0_, itemmaster0_.imskty as imskty57_31_0_, itemmaster0_.imlnty as imlnty58_31_0_, itemmaster0_.imuom9 as imuom59_31_0_, itemmaster0_.imdppo as imdppo60_31_0_, itemmaster0_.imdlum as imdlum61_31_0_, itemmaster0_.imdlump as imdlump62_31_0_, itemmaster0_.imdlumt as imdlumt63_31_0_, itemmaster0_.imuom5 as imuom64_31_0_, itemmaster0_.imuom1 as imuom65_31_0_, itemmaster0_.imuom8 as imuom66_31_0_, itemmaster0_.imuom3 as imuom67_31_0_, itemmaster0_.imuom4 as imuom68_31_0_, itemmaster0_.imuom2 as imuom69_31_0_, itemmaster0_.imuom6 as imuom70_31_0_, itemmaster0_.imuoms as imuoms71_31_0_, itemmaster0_.imuomt as imuomt72_31_0_, itemmaster0_.imuomv as imuomv73_31_0_, itemmaster0_.imwcf as imwcf74_31_0_, itemmaster0_.imuomw as imuomw75_31_0_, itemmaster0_.imvict as imvict76_31_0_ from t4101 itemmaster0_ where itemmaster0_.iminum=?
Hibernate: select itemlocati0_.ilinum as ilinum2_33_0_, itemlocati0_.ilbuid as ilbuid1_33_0_, itemlocati0_.illocid as illocid3_33_0_, itemlocati0_.ilsnlot as ilsnlot4_33_0_, itemlocati0_.ilbuid as ilbuid1_33_1_, itemlocati0_.ilinum as ilinum2_33_1_, itemlocati0_.illocid as illocid3_33_1_, itemlocati0_.ilsnlot as ilsnlot4_33_1_, itemlocati0_.ilcid as ilcid5_33_1_, itemlocati0_.ildtin as ildtin6_33_1_, itemlocati0_.iltmin as iltmin7_33_1_, itemlocati0_.iluid as iluid8_33_1_, itemlocati0_.ildtlu as ildtlu9_33_1_, itemlocati0_.iltmlu as iltmlu10_33_1_, itemlocati0_.iluidm as iluidm11_33_1_, itemlocati0_.ildtlt as ildtlt12_33_1_, itemlocati0_.ilexpdt as ilexpdt13_33_1_, itemlocati0_.ilglcls as ilglcls14_33_1_, itemlocati0_.illocst as illocst15_33_1_, itemlocati0_.illsc as illsc16_33_1_, itemlocati0_.ilpqoh as ilpqoh17_33_1_, itemlocati0_.ilqtib as ilqtib18_33_1_, itemlocati0_.ilqtin as ilqtin19_33_1_, itemlocati0_.ilqttr as ilqttr20_33_1_, itemlocati0_.ilqobo as ilqobo21_33_1_, itemlocati0_.ilqohc as ilqohc22_33_1_, itemlocati0_.ilqopo as ilqopo23_33_1_, itemlocati0_.ilqoso as ilqoso24_33_1_, itemlocati0_.ilqosc as ilqosc25_33_1_, itemlocati0_.ilqowo as ilqowo26_33_1_, itemlocati0_.ilqowh as ilqowh27_33_1_, itemlocati0_.ilqows as ilqows28_33_1_, itemlocati0_.ilqot1 as ilqot29_33_1_, itemlocati0_.ilqot2 as ilqot30_33_1_, itemlocati0_.ilqot3 as ilqot31_33_1_, itemlocati0_.ilqtob as ilqtob32_33_1_, itemlocati0_.ilsqoh as ilsqoh33_33_1_, itemlocati0_.ilsqpo as ilsqpo34_33_1_, itemlocati0_.ilsqso as ilsqso35_33_1_, itemlocati0_.ilsqwo as ilsqwo36_33_1_, itemlocati0_.iluom as iluom37_33_1_, itemlocati0_.iluom1 as iluom38_33_1_, itemlocati0_.iluom2 as iluom39_33_1_ from t41021 itemlocati0_ where itemlocati0_.ilinum=?
Hibernate: select lotmaster0_.ltbuid as ltbuid1_34_0_, lotmaster0_.ltinum as ltinum2_34_0_, lotmaster0_.ltsnlot as ltsnlot3_34_0_, lotmaster0_.ltcid as ltcid4_34_0_, lotmaster0_.ltdtin as ltdtin5_34_0_, lotmaster0_.lttmin as lttmin6_34_0_, lotmaster0_.ltuid as ltuid7_34_0_, lotmaster0_.ltdtlu as ltdtlu8_34_0_, lotmaster0_.lttmlu as lttmlu9_34_0_, lotmaster0_.ltuidm as ltuidm10_34_0_, lotmaster0_.ltbodt as ltbodt11_34_0_, lotmaster0_.ltbbdt as ltbbdt12_34_0_, lotmaster0_.ltcldt as ltcldt13_34_0_, lotmaster0_.ltexpdt as ltexpdt14_34_0_, lotmaster0_.ltldsc as ltldsc15_34_0_, lotmaster0_.ltledt as ltledt16_34_0_, lotmaster0_.ltlsc as ltlsc17_34_0_, lotmaster0_.ltmlot1 as ltmlot18_34_0_, lotmaster0_.ltmlot2 as ltmlot19_34_0_, lotmaster0_.ltmlot3 as ltmlot20_34_0_, lotmaster0_.ltohdt as ltohdt21_34_0_, lotmaster0_.ltsern as ltsern22_34_0_ from t4108 lotmaster0_ where lotmaster0_.ltbuid=? and lotmaster0_.ltinum=? and lotmaster0_.ltsnlot=?
Hibernate: select lotmaster0_.ltbuid as ltbuid1_34_0_, lotmaster0_.ltinum as ltinum2_34_0_, lotmaster0_.ltsnlot as ltsnlot3_34_0_, lotmaster0_.ltcid as ltcid4_34_0_, lotmaster0_.ltdtin as ltdtin5_34_0_, lotmaster0_.lttmin as lttmin6_34_0_, lotmaster0_.ltuid as ltuid7_34_0_, lotmaster0_.ltdtlu as ltdtlu8_34_0_, lotmaster0_.lttmlu as lttmlu9_34_0_, lotmaster0_.ltuidm as ltuidm10_34_0_, lotmaster0_.ltbodt as ltbodt11_34_0_, lotmaster0_.ltbbdt as ltbbdt12_34_0_, lotmaster0_.ltcldt as ltcldt13_34_0_, lotmaster0_.ltexpdt as ltexpdt14_34_0_, lotmaster0_.ltldsc as ltldsc15_34_0_, lotmaster0_.ltledt as ltledt16_34_0_, lotmaster0_.ltlsc as ltlsc17_34_0_, lotmaster0_.ltmlot1 as ltmlot18_34_0_, lotmaster0_.ltmlot2 as ltmlot19_34_0_, lotmaster0_.ltmlot3 as ltmlot20_34_0_, lotmaster0_.ltohdt as ltohdt21_34_0_, lotmaster0_.ltsern as ltsern22_34_0_ from t4108 lotmaster0_ where lotmaster0_.ltbuid=? and lotmaster0_.ltinum=? and lotmaster0_.ltsnlot=?
Hibernate: select lotmaster0_.ltbuid as ltbuid1_34_0_, lotmaster0_.ltinum as ltinum2_34_0_, lotmaster0_.ltsnlot as ltsnlot3_34_0_, lotmaster0_.ltcid as ltcid4_34_0_, lotmaster0_.ltdtin as ltdtin5_34_0_, lotmaster0_.lttmin as lttmin6_34_0_, lotmaster0_.ltuid as ltuid7_34_0_, lotmaster0_.ltdtlu as ltdtlu8_34_0_, lotmaster0_.lttmlu as lttmlu9_34_0_, lotmaster0_.ltuidm as ltuidm10_34_0_, lotmaster0_.ltbodt as ltbodt11_34_0_, lotmaster0_.ltbbdt as ltbbdt12_34_0_, lotmaster0_.ltcldt as ltcldt13_34_0_, lotmaster0_.ltexpdt as ltexpdt14_34_0_, lotmaster0_.ltldsc as ltldsc15_34_0_, lotmaster0_.ltledt as ltledt16_34_0_, lotmaster0_.ltlsc as ltlsc17_34_0_, lotmaster0_.ltmlot1 as ltmlot18_34_0_, lotmaster0_.ltmlot2 as ltmlot19_34_0_, lotmaster0_.ltmlot3 as ltmlot20_34_0_, lotmaster0_.ltohdt as ltohdt21_34_0_, lotmaster0_.ltsern as ltsern22_34_0_ from t4108 lotmaster0_ where lotmaster0_.ltbuid=? and lotmaster0_.ltinum=? and lotmaster0_.ltsnlot=?
Hibernate: select lotmaster0_.ltbuid as ltbuid1_34_0_, lotmaster0_.ltinum as ltinum2_34_0_, lotmaster0_.ltsnlot as ltsnlot3_34_0_, lotmaster0_.ltcid as ltcid4_34_0_, lotmaster0_.ltdtin as ltdtin5_34_0_, lotmaster0_.lttmin as lttmin6_34_0_, lotmaster0_.ltuid as ltuid7_34_0_, lotmaster0_.ltdtlu as ltdtlu8_34_0_, lotmaster0_.lttmlu as lttmlu9_34_0_, lotmaster0_.ltuidm as ltuidm10_34_0_, lotmaster0_.ltbodt as ltbodt11_34_0_, lotmaster0_.ltbbdt as ltbbdt12_34_0_, lotmaster0_.ltcldt as ltcldt13_34_0_, lotmaster0_.ltexpdt as ltexpdt14_34_0_, lotmaster0_.ltldsc as ltldsc15_34_0_, lotmaster0_.ltledt as ltledt16_34_0_, lotmaster0_.ltlsc as ltlsc17_34_0_, lotmaster0_.ltmlot1 as ltmlot18_34_0_, lotmaster0_.ltmlot2 as ltmlot19_34_0_, lotmaster0_.ltmlot3 as ltmlot20_34_0_, lotmaster0_.ltohdt as ltohdt21_34_0_, lotmaster0_.ltsern as ltsern22_34_0_ from t4108 lotmaster0_ where lotmaster0_.ltbuid=? and lotmaster0_.ltinum=? and lotmaster0_.ltsnlot=?
Hibernate: select discountma0_.dudccd as dudccd1_13_0_, discountma0_.ducid as ducid2_13_0_, discountma0_.dudtin as dudtin3_13_0_, discountma0_.dutmin as dutmin4_13_0_, discountma0_.duuid as duuid5_13_0_, discountma0_.dudtlu as dudtlu6_13_0_, discountma0_.dutmlu as dutmlu7_13_0_, discountma0_.duuidm as duuidm8_13_0_, discountma0_.dudesb1 as dudesb9_13_0_, discountma0_.duamt01 as duamt10_13_0_, discountma0_.duamt02 as duamt11_13_0_, discountma0_.duamt03 as duamt12_13_0_, discountma0_.duamt04 as duamt13_13_0_, discountma0_.duamt05 as duamt14_13_0_, discountma0_.dupcn01 as dupcn15_13_0_, discountma0_.dupcn02 as dupcn16_13_0_, discountma0_.dupcn03 as dupcn17_13_0_, discountma0_.dupcn04 as dupcn18_13_0_, discountma0_.dupcn05 as dupcn19_13_0_, discountma0_.duobid as duobid20_13_0_ from t0026 discountma0_ where discountma0_.dudccd=?
Hibernate: select discountma0_.dudccd as dudccd1_13_0_, discountma0_.ducid as ducid2_13_0_, discountma0_.dudtin as dudtin3_13_0_, discountma0_.dutmin as dutmin4_13_0_, discountma0_.duuid as duuid5_13_0_, discountma0_.dudtlu as dudtlu6_13_0_, discountma0_.dutmlu as dutmlu7_13_0_, discountma0_.duuidm as duuidm8_13_0_, discountma0_.dudesb1 as dudesb9_13_0_, discountma0_.duamt01 as duamt10_13_0_, discountma0_.duamt02 as duamt11_13_0_, discountma0_.duamt03 as duamt12_13_0_, discountma0_.duamt04 as duamt13_13_0_, discountma0_.duamt05 as duamt14_13_0_, discountma0_.dupcn01 as dupcn15_13_0_, discountma0_.dupcn02 as dupcn16_13_0_, discountma0_.dupcn03 as dupcn17_13_0_, discountma0_.dupcn04 as dupcn18_13_0_, discountma0_.dupcn05 as dupcn19_13_0_, discountma0_.duobid as duobid20_13_0_ from t0026 discountma0_ where discountma0_.dudccd=?
Hibernate: select taxrule0_.tsefdt as tsefdt1_12_, taxrule0_.tstaxcd as tstaxcd2_12_, taxrule0_.tscid as tscid3_12_, taxrule0_.tsdtin as tsdtin4_12_, taxrule0_.tstmin as tstmin5_12_, taxrule0_.tsuid as tsuid6_12_, taxrule0_.tsdtlu as tsdtlu7_12_, taxrule0_.tstmlu as tstmlu8_12_, taxrule0_.tsuidm as tsuidm9_12_, taxrule0_.tsdesb1 as tsdesb10_12_, taxrule0_.tsdocty as tsdocty11_12_, taxrule0_.tsexpdt as tsexpdt12_12_, taxrule0_.tstaxal as tstaxal13_12_, taxrule0_.tstaxau1 as tstaxau14_12_, taxrule0_.tstaxau2 as tstaxau15_12_, taxrule0_.tstaxau3 as tstaxau16_12_, taxrule0_.tstaxau4 as tstaxau17_12_, taxrule0_.tstaxau5 as tstaxau18_12_, taxrule0_.tstaxcl1 as tstaxcl19_12_, taxrule0_.tstaxcl2 as tstaxcl20_12_, taxrule0_.tstaxcl3 as tstaxcl21_12_, taxrule0_.tstaxcl4 as tstaxcl22_12_, taxrule0_.tstaxcl5 as tstaxcl23_12_, taxrule0_.tspcn01 as tspcn24_12_, taxrule0_.tspcn02 as tspcn25_12_, taxrule0_.tspcn03 as tspcn26_12_, taxrule0_.tspcn04 as tspcn27_12_, taxrule0_.tspcn05 as tspcn28_12_ from t0025 taxrule0_ where taxrule0_.tstaxcd=? and taxrule0_.tsefdt<=? and taxrule0_.tsexpdt>? order by taxrule0_.tsefdt asc offset 0 rows fetch next ? rows only
Hibernate: select purchaseor0_.ohcoid as ohcoid1_39_1_, purchaseor0_.ohdocono as ohdocono2_39_1_, purchaseor0_.ohdocoty as ohdocoty3_39_1_, purchaseor0_.ohcid as ohcid4_39_1_, purchaseor0_.ohdtin as ohdtin5_39_1_, purchaseor0_.ohtmin as ohtmin6_39_1_, purchaseor0_.ohuid as ohuid7_39_1_, purchaseor0_.ohdtlu as ohdtlu8_39_1_, purchaseor0_.ohtmlu as ohtmlu9_39_1_, purchaseor0_.ohuidm as ohuidm10_39_1_, purchaseor0_.ohaprcd as ohaprcd11_39_1_, purchaseor0_.ohcrcb as ohcrcb12_39_1_, purchaseor0_.ohbuid as ohbuid13_39_1_, purchaseor0_.ohcldt as ohcldt14_39_1_, purchaseor0_.ohcot as ohcot15_39_1_, purchaseor0_.ohcsid as ohcsid16_39_1_, purchaseor0_.ohdesb1 as ohdesb17_39_1_, purchaseor0_.ohdccd as ohdccd18_39_1_, purchaseor0_.ohdcrt as ohdcrt19_39_1_, purchaseor0_.ohexcrt as ohexcrt20_39_1_, purchaseor0_.ohgldt as ohgldt21_39_1_, purchaseor0_.ohidd as ohidd22_39_1_, purchaseor0_.ohidn as ohidn23_39_1_, purchaseor0_.ohlst as ohlst24_39_1_, purchaseor0_.ohnst as ohnst25_39_1_, purchaseor0_.ohobid as ohobid26_39_1_, purchaseor0_.ohordt as ohordt27_39_1_, purchaseor0_.ohptc as ohptc28_39_1_, purchaseor0_.ohpoa as ohpoa29_39_1_, purchaseor0_.ohpod as ohpod30_39_1_, purchaseor0_.ohpjid as ohpjid31_39_1_, purchaseor0_.ohpddt as ohpddt32_39_1_, purchaseor0_.ohrcdt as ohrcdt33_39_1_, purchaseor0_.ohstid as ohstid34_39_1_, purchaseor0_.ohrqdt as ohrqdt35_39_1_, purchaseor0_.ohtaxal as ohtaxal36_39_1_, purchaseor0_.ohtaxcd as ohtaxcd37_39_1_, purchaseor0_.ohtaxrt as ohtaxrt38_39_1_, purchaseor0_.ohcrct as ohcrct39_39_1_, purchaseor0_.ohdesc1 as ohdesc40_39_1_, purchaseor0_.ohdesc2 as ohdesc41_39_1_, purchaseor0_.ohvhrn as ohvhrn42_39_1_, purchaseor0_.ohvhty as ohvhty43_39_1_, purchaseor0_.ohvnid as ohvnid44_39_1_, details1_.odcoid as odcoid1_40_3_, details1_.oddocono as oddocono2_40_3_, details1_.oddocoty as oddocoty4_40_3_, details1_.oddocosq as oddocosq3_40_3_, details1_.odcoid as odcoid1_40_0_, details1_.oddocono as oddocono2_40_0_, details1_.oddocosq as oddocosq3_40_0_, details1_.oddocoty as oddocoty4_40_0_, details1_.odcid as odcid5_40_0_, details1_.oddtin as oddtin6_40_0_, details1_.odtmin as odtmin7_40_0_, details1_.oduid as oduid8_40_0_, details1_.oddtlu as oddtlu9_40_0_, details1_.odtmlu as odtmlu10_40_0_, details1_.oduidm as oduidm11_40_0_, details1_.odacid as odacid12_40_0_, details1_.odaprcd as odaprcd13_40_0_, details1_.odcrcb as odcrcb14_40_0_, details1_.oditc02 as oditc15_40_0_, details1_.odbuid as odbuid16_40_0_, details1_.odqtycl as odqtycl17_40_0_, details1_.oditc01 as oditc18_40_0_, details1_.odcldt as odcldt19_40_0_, details1_.odcsid as odcsid20_40_0_, details1_.oddccd as oddccd21_40_0_, details1_.oddcrt as oddcrt22_40_0_, details1_.odexcrt as odexcrt23_40_0_, details1_.odexcost as odexcos24_40_0_, details1_.odqtyx as odqtyx25_40_0_, details1_.oducfx as oducfx26_40_0_, details1_.oduncostx as oduncos27_40_0_, details1_.oduomx as oduomx28_40_0_, details1_.odfec as odfec29_40_0_, details1_.odfta as odfta30_40_0_, details1_.odftb as odftb31_40_0_, details1_.odfuc as odfuc32_40_0_, details1_.odglcls as odglcls33_40_0_, details1_.odgldt as odgldt34_40_0_, details1_.odir02 as odir35_40_0_, details1_.odir01 as odir36_40_0_, details1_.odir03 as odir37_40_0_, details1_.odinum as odinum38_40_0_, details1_.oddesb1 as oddesb39_40_0_, details1_.oditc05 as oditc40_40_0_, details1_.odlst as odlst41_40_0_, details1_.odlnty as odlnty42_40_0_, details1_.odlocid as odlocid43_40_0_, details1_.odnst as odnst44_40_0_, details1_.odobid as odobid45_40_0_, details1_.odqtyop as odqtyop46_40_0_, details1_.odordt as odordt47_40_0_, details1_.odqtyor as odqtyor48_40_0_, details1_.odott as odott49_40_0_, details1_.odordocdt as odordoc50_40_0_, details1_.odordocno as odordoc51_40_0_, details1_.odordocsq as odordoc52_40_0_, details1_.odordocty as odordoc53_40_0_, details1_.odptc as odptc54_40_0_, details1_.odpqor as odpqor55_40_0_, details1_.oduom1 as oduom56_40_0_, details1_.odpjid as odpjid57_40_0_, details1_.odpddt as odpddt58_40_0_, details1_.odpo03 as odpo59_40_0_, details1_.odpo01 as odpo60_40_0_, details1_.odpo02 as odpo61_40_0_, details1_.odqty as odqty62_40_0_, details1_.odrcdt as odrcdt63_40_0_, details1_.odqtyrc as odqtyrc64_40_0_, details1_.odstid as odstid65_40_0_, details1_.odvr04 as odvr66_40_0_, details1_.odvr01 as odvr67_40_0_, details1_.odvr03 as odvr68_40_0_, details1_.odvr05 as odvr69_40_0_, details1_.odvr02 as odvr70_40_0_, details1_.odrldocno as odrldoc71_40_0_, details1_.odrldocsq as odrldoc72_40_0_, details1_.odrldocty as odrldoc73_40_0_, details1_.odrqdt as odrqdt74_40_0_, details1_.odqtyrn as odqtyrn75_40_0_, details1_.odsqor as odsqor76_40_0_, details1_.oduom2 as oduom77_40_0_, details1_.odsnlot as odsnlot78_40_0_, details1_.odtaxal as odtaxal79_40_0_, details1_.odtaxam as odtaxam80_40_0_, details1_.odtaxab as odtaxab81_40_0_, details1_.odtaxcd as odtaxcd82_40_0_, details1_.odtaxrt as odtaxrt83_40_0_, details1_.odcrct as odcrct84_40_0_, details1_.oditc03 as oditc85_40_0_, details1_.oducf as oducf86_40_0_, details1_.oduncost as oduncos87_40_0_, details1_.odudc as odudc88_40_0_, details1_.odudf as odudf89_40_0_, details1_.oduom as oduom90_40_0_, details1_.odvnid as odvnid91_40_0_ from t4301 purchaseor0_ left outer join t4311 details1_ on purchaseor0_.ohcoid=details1_.odcoid and purchaseor0_.ohdocono=details1_.oddocono and purchaseor0_.ohdocoty=details1_.oddocoty where purchaseor0_.ohcoid=? and purchaseor0_.ohdocono=? and purchaseor0_.ohdocoty=?
Hibernate: select purchasede0_.odcoid as odcoid1_40_0_, purchasede0_.oddocono as oddocono2_40_0_, purchasede0_.oddocosq as oddocosq3_40_0_, purchasede0_.oddocoty as oddocoty4_40_0_, purchasede0_.odcid as odcid5_40_0_, purchasede0_.oddtin as oddtin6_40_0_, purchasede0_.odtmin as odtmin7_40_0_, purchasede0_.oduid as oduid8_40_0_, purchasede0_.oddtlu as oddtlu9_40_0_, purchasede0_.odtmlu as odtmlu10_40_0_, purchasede0_.oduidm as oduidm11_40_0_, purchasede0_.odacid as odacid12_40_0_, purchasede0_.odaprcd as odaprcd13_40_0_, purchasede0_.odcrcb as odcrcb14_40_0_, purchasede0_.oditc02 as oditc15_40_0_, purchasede0_.odbuid as odbuid16_40_0_, purchasede0_.odqtycl as odqtycl17_40_0_, purchasede0_.oditc01 as oditc18_40_0_, purchasede0_.odcldt as odcldt19_40_0_, purchasede0_.odcsid as odcsid20_40_0_, purchasede0_.oddccd as oddccd21_40_0_, purchasede0_.oddcrt as oddcrt22_40_0_, purchasede0_.odexcrt as odexcrt23_40_0_, purchasede0_.odexcost as odexcos24_40_0_, purchasede0_.odqtyx as odqtyx25_40_0_, purchasede0_.oducfx as oducfx26_40_0_, purchasede0_.oduncostx as oduncos27_40_0_, purchasede0_.oduomx as oduomx28_40_0_, purchasede0_.odfec as odfec29_40_0_, purchasede0_.odfta as odfta30_40_0_, purchasede0_.odftb as odftb31_40_0_, purchasede0_.odfuc as odfuc32_40_0_, purchasede0_.odglcls as odglcls33_40_0_, purchasede0_.odgldt as odgldt34_40_0_, purchasede0_.odir02 as odir35_40_0_, purchasede0_.odir01 as odir36_40_0_, purchasede0_.odir03 as odir37_40_0_, purchasede0_.odinum as odinum38_40_0_, purchasede0_.oddesb1 as oddesb39_40_0_, purchasede0_.oditc05 as oditc40_40_0_, purchasede0_.odlst as odlst41_40_0_, purchasede0_.odlnty as odlnty42_40_0_, purchasede0_.odlocid as odlocid43_40_0_, purchasede0_.odnst as odnst44_40_0_, purchasede0_.odobid as odobid45_40_0_, purchasede0_.odqtyop as odqtyop46_40_0_, purchasede0_.odordt as odordt47_40_0_, purchasede0_.odqtyor as odqtyor48_40_0_, purchasede0_.odott as odott49_40_0_, purchasede0_.odordocdt as odordoc50_40_0_, purchasede0_.odordocno as odordoc51_40_0_, purchasede0_.odordocsq as odordoc52_40_0_, purchasede0_.odordocty as odordoc53_40_0_, purchasede0_.odptc as odptc54_40_0_, purchasede0_.odpqor as odpqor55_40_0_, purchasede0_.oduom1 as oduom56_40_0_, purchasede0_.odpjid as odpjid57_40_0_, purchasede0_.odpddt as odpddt58_40_0_, purchasede0_.odpo03 as odpo59_40_0_, purchasede0_.odpo01 as odpo60_40_0_, purchasede0_.odpo02 as odpo61_40_0_, purchasede0_.odqty as odqty62_40_0_, purchasede0_.odrcdt as odrcdt63_40_0_, purchasede0_.odqtyrc as odqtyrc64_40_0_, purchasede0_.odstid as odstid65_40_0_, purchasede0_.odvr04 as odvr66_40_0_, purchasede0_.odvr01 as odvr67_40_0_, purchasede0_.odvr03 as odvr68_40_0_, purchasede0_.odvr05 as odvr69_40_0_, purchasede0_.odvr02 as odvr70_40_0_, purchasede0_.odrldocno as odrldoc71_40_0_, purchasede0_.odrldocsq as odrldoc72_40_0_, purchasede0_.odrldocty as odrldoc73_40_0_, purchasede0_.odrqdt as odrqdt74_40_0_, purchasede0_.odqtyrn as odqtyrn75_40_0_, purchasede0_.odsqor as odsqor76_40_0_, purchasede0_.oduom2 as oduom77_40_0_, purchasede0_.odsnlot as odsnlot78_40_0_, purchasede0_.odtaxal as odtaxal79_40_0_, purchasede0_.odtaxam as odtaxam80_40_0_, purchasede0_.odtaxab as odtaxab81_40_0_, purchasede0_.odtaxcd as odtaxcd82_40_0_, purchasede0_.odtaxrt as odtaxrt83_40_0_, purchasede0_.odcrct as odcrct84_40_0_, purchasede0_.oditc03 as oditc85_40_0_, purchasede0_.oducf as oducf86_40_0_, purchasede0_.oduncost as oduncos87_40_0_, purchasede0_.odudc as odudc88_40_0_, purchasede0_.odudf as odudf89_40_0_, purchasede0_.oduom as oduom90_40_0_, purchasede0_.odvnid as odvnid91_40_0_ from t4311 purchasede0_ where purchasede0_.odcoid=? and purchasede0_.oddocono=? and purchasede0_.oddocosq=? and purchasede0_.oddocoty=?
Hibernate: select purchasede0_.odcoid as odcoid1_40_0_, purchasede0_.oddocono as oddocono2_40_0_, purchasede0_.oddocosq as oddocosq3_40_0_, purchasede0_.oddocoty as oddocoty4_40_0_, purchasede0_.odcid as odcid5_40_0_, purchasede0_.oddtin as oddtin6_40_0_, purchasede0_.odtmin as odtmin7_40_0_, purchasede0_.oduid as oduid8_40_0_, purchasede0_.oddtlu as oddtlu9_40_0_, purchasede0_.odtmlu as odtmlu10_40_0_, purchasede0_.oduidm as oduidm11_40_0_, purchasede0_.odacid as odacid12_40_0_, purchasede0_.odaprcd as odaprcd13_40_0_, purchasede0_.odcrcb as odcrcb14_40_0_, purchasede0_.oditc02 as oditc15_40_0_, purchasede0_.odbuid as odbuid16_40_0_, purchasede0_.odqtycl as odqtycl17_40_0_, purchasede0_.oditc01 as oditc18_40_0_, purchasede0_.odcldt as odcldt19_40_0_, purchasede0_.odcsid as odcsid20_40_0_, purchasede0_.oddccd as oddccd21_40_0_, purchasede0_.oddcrt as oddcrt22_40_0_, purchasede0_.odexcrt as odexcrt23_40_0_, purchasede0_.odexcost as odexcos24_40_0_, purchasede0_.odqtyx as odqtyx25_40_0_, purchasede0_.oducfx as oducfx26_40_0_, purchasede0_.oduncostx as oduncos27_40_0_, purchasede0_.oduomx as oduomx28_40_0_, purchasede0_.odfec as odfec29_40_0_, purchasede0_.odfta as odfta30_40_0_, purchasede0_.odftb as odftb31_40_0_, purchasede0_.odfuc as odfuc32_40_0_, purchasede0_.odglcls as odglcls33_40_0_, purchasede0_.odgldt as odgldt34_40_0_, purchasede0_.odir02 as odir35_40_0_, purchasede0_.odir01 as odir36_40_0_, purchasede0_.odir03 as odir37_40_0_, purchasede0_.odinum as odinum38_40_0_, purchasede0_.oddesb1 as oddesb39_40_0_, purchasede0_.oditc05 as oditc40_40_0_, purchasede0_.odlst as odlst41_40_0_, purchasede0_.odlnty as odlnty42_40_0_, purchasede0_.odlocid as odlocid43_40_0_, purchasede0_.odnst as odnst44_40_0_, purchasede0_.odobid as odobid45_40_0_, purchasede0_.odqtyop as odqtyop46_40_0_, purchasede0_.odordt as odordt47_40_0_, purchasede0_.odqtyor as odqtyor48_40_0_, purchasede0_.odott as odott49_40_0_, purchasede0_.odordocdt as odordoc50_40_0_, purchasede0_.odordocno as odordoc51_40_0_, purchasede0_.odordocsq as odordoc52_40_0_, purchasede0_.odordocty as odordoc53_40_0_, purchasede0_.odptc as odptc54_40_0_, purchasede0_.odpqor as odpqor55_40_0_, purchasede0_.oduom1 as oduom56_40_0_, purchasede0_.odpjid as odpjid57_40_0_, purchasede0_.odpddt as odpddt58_40_0_, purchasede0_.odpo03 as odpo59_40_0_, purchasede0_.odpo01 as odpo60_40_0_, purchasede0_.odpo02 as odpo61_40_0_, purchasede0_.odqty as odqty62_40_0_, purchasede0_.odrcdt as odrcdt63_40_0_, purchasede0_.odqtyrc as odqtyrc64_40_0_, purchasede0_.odstid as odstid65_40_0_, purchasede0_.odvr04 as odvr66_40_0_, purchasede0_.odvr01 as odvr67_40_0_, purchasede0_.odvr03 as odvr68_40_0_, purchasede0_.odvr05 as odvr69_40_0_, purchasede0_.odvr02 as odvr70_40_0_, purchasede0_.odrldocno as odrldoc71_40_0_, purchasede0_.odrldocsq as odrldoc72_40_0_, purchasede0_.odrldocty as odrldoc73_40_0_, purchasede0_.odrqdt as odrqdt74_40_0_, purchasede0_.odqtyrn as odqtyrn75_40_0_, purchasede0_.odsqor as odsqor76_40_0_, purchasede0_.oduom2 as oduom77_40_0_, purchasede0_.odsnlot as odsnlot78_40_0_, purchasede0_.odtaxal as odtaxal79_40_0_, purchasede0_.odtaxam as odtaxam80_40_0_, purchasede0_.odtaxab as odtaxab81_40_0_, purchasede0_.odtaxcd as odtaxcd82_40_0_, purchasede0_.odtaxrt as odtaxrt83_40_0_, purchasede0_.odcrct as odcrct84_40_0_, purchasede0_.oditc03 as oditc85_40_0_, purchasede0_.oducf as oducf86_40_0_, purchasede0_.oduncost as oduncos87_40_0_, purchasede0_.odudc as odudc88_40_0_, purchasede0_.odudf as odudf89_40_0_, purchasede0_.oduom as oduom90_40_0_, purchasede0_.odvnid as odvnid91_40_0_ from t4311 purchasede0_ where purchasede0_.odcoid=? and purchasede0_.oddocono=? and purchasede0_.oddocosq=? and purchasede0_.oddocoty=?
Hibernate: select purchasede0_.odcoid as odcoid1_40_0_, purchasede0_.oddocono as oddocono2_40_0_, purchasede0_.oddocosq as oddocosq3_40_0_, purchasede0_.oddocoty as oddocoty4_40_0_, purchasede0_.odcid as odcid5_40_0_, purchasede0_.oddtin as oddtin6_40_0_, purchasede0_.odtmin as odtmin7_40_0_, purchasede0_.oduid as oduid8_40_0_, purchasede0_.oddtlu as oddtlu9_40_0_, purchasede0_.odtmlu as odtmlu10_40_0_, purchasede0_.oduidm as oduidm11_40_0_, purchasede0_.odacid as odacid12_40_0_, purchasede0_.odaprcd as odaprcd13_40_0_, purchasede0_.odcrcb as odcrcb14_40_0_, purchasede0_.oditc02 as oditc15_40_0_, purchasede0_.odbuid as odbuid16_40_0_, purchasede0_.odqtycl as odqtycl17_40_0_, purchasede0_.oditc01 as oditc18_40_0_, purchasede0_.odcldt as odcldt19_40_0_, purchasede0_.odcsid as odcsid20_40_0_, purchasede0_.oddccd as oddccd21_40_0_, purchasede0_.oddcrt as oddcrt22_40_0_, purchasede0_.odexcrt as odexcrt23_40_0_, purchasede0_.odexcost as odexcos24_40_0_, purchasede0_.odqtyx as odqtyx25_40_0_, purchasede0_.oducfx as oducfx26_40_0_, purchasede0_.oduncostx as oduncos27_40_0_, purchasede0_.oduomx as oduomx28_40_0_, purchasede0_.odfec as odfec29_40_0_, purchasede0_.odfta as odfta30_40_0_, purchasede0_.odftb as odftb31_40_0_, purchasede0_.odfuc as odfuc32_40_0_, purchasede0_.odglcls as odglcls33_40_0_, purchasede0_.odgldt as odgldt34_40_0_, purchasede0_.odir02 as odir35_40_0_, purchasede0_.odir01 as odir36_40_0_, purchasede0_.odir03 as odir37_40_0_, purchasede0_.odinum as odinum38_40_0_, purchasede0_.oddesb1 as oddesb39_40_0_, purchasede0_.oditc05 as oditc40_40_0_, purchasede0_.odlst as odlst41_40_0_, purchasede0_.odlnty as odlnty42_40_0_, purchasede0_.odlocid as odlocid43_40_0_, purchasede0_.odnst as odnst44_40_0_, purchasede0_.odobid as odobid45_40_0_, purchasede0_.odqtyop as odqtyop46_40_0_, purchasede0_.odordt as odordt47_40_0_, purchasede0_.odqtyor as odqtyor48_40_0_, purchasede0_.odott as odott49_40_0_, purchasede0_.odordocdt as odordoc50_40_0_, purchasede0_.odordocno as odordoc51_40_0_, purchasede0_.odordocsq as odordoc52_40_0_, purchasede0_.odordocty as odordoc53_40_0_, purchasede0_.odptc as odptc54_40_0_, purchasede0_.odpqor as odpqor55_40_0_, purchasede0_.oduom1 as oduom56_40_0_, purchasede0_.odpjid as odpjid57_40_0_, purchasede0_.odpddt as odpddt58_40_0_, purchasede0_.odpo03 as odpo59_40_0_, purchasede0_.odpo01 as odpo60_40_0_, purchasede0_.odpo02 as odpo61_40_0_, purchasede0_.odqty as odqty62_40_0_, purchasede0_.odrcdt as odrcdt63_40_0_, purchasede0_.odqtyrc as odqtyrc64_40_0_, purchasede0_.odstid as odstid65_40_0_, purchasede0_.odvr04 as odvr66_40_0_, purchasede0_.odvr01 as odvr67_40_0_, purchasede0_.odvr03 as odvr68_40_0_, purchasede0_.odvr05 as odvr69_40_0_, purchasede0_.odvr02 as odvr70_40_0_, purchasede0_.odrldocno as odrldoc71_40_0_, purchasede0_.odrldocsq as odrldoc72_40_0_, purchasede0_.odrldocty as odrldoc73_40_0_, purchasede0_.odrqdt as odrqdt74_40_0_, purchasede0_.odqtyrn as odqtyrn75_40_0_, purchasede0_.odsqor as odsqor76_40_0_, purchasede0_.oduom2 as oduom77_40_0_, purchasede0_.odsnlot as odsnlot78_40_0_, purchasede0_.odtaxal as odtaxal79_40_0_, purchasede0_.odtaxam as odtaxam80_40_0_, purchasede0_.odtaxab as odtaxab81_40_0_, purchasede0_.odtaxcd as odtaxcd82_40_0_, purchasede0_.odtaxrt as odtaxrt83_40_0_, purchasede0_.odcrct as odcrct84_40_0_, purchasede0_.oditc03 as oditc85_40_0_, purchasede0_.oducf as oducf86_40_0_, purchasede0_.oduncost as oduncos87_40_0_, purchasede0_.odudc as odudc88_40_0_, purchasede0_.odudf as odudf89_40_0_, purchasede0_.oduom as oduom90_40_0_, purchasede0_.odvnid as odvnid91_40_0_ from t4311 purchasede0_ where purchasede0_.odcoid=? and purchasede0_.oddocono=? and purchasede0_.oddocosq=? and purchasede0_.oddocoty=?
Hibernate: insert into t4301 (ohcid, ohdtin, ohtmin, ohuid, ohdtlu, ohtmlu, ohuidm, ohaprcd, ohcrcb, ohbuid, ohcldt, ohcot, ohcsid, ohdesb1, ohdccd, ohdcrt, ohexcrt, ohgldt, ohidd, ohidn, ohlst, ohnst, ohobid, ohordt, ohptc, ohpoa, ohpod, ohpjid, ohpddt, ohrcdt, ohstid, ohrqdt, ohtaxal, ohtaxcd, ohtaxrt, ohcrct, ohdesc1, ohdesc2, ohvhrn, ohvhty, ohvnid, ohcoid, ohdocono, ohdocoty) values (?, ?, ?, ?, ?, ?, ?, ?, ?, ?, ?, ?, ?, ?, ?, ?, ?, ?, ?, ?, ?, ?, ?, ?, ?, ?, ?, ?, ?, ?, ?, ?, ?, ?, ?, ?, ?, ?, ?, ?, ?, ?, ?, ?)
Hibernate: insert into t4311 (odcid, oddtin, odtmin, oduid, oddtlu, odtmlu, oduidm, odacid, odaprcd, odcrcb, oditc02, odbuid, odqtycl, oditc01, odcldt, odcsid, oddccd, oddcrt, odexcrt, odexcost, odqtyx, oducfx, oduncostx, oduomx, odfec, odfta, odftb, odfuc, odglcls, odgldt, odir02, odir01, odir03, odinum, oddesb1, oditc05, odlst, odlnty, odlocid, odnst, odobid, odqtyop, odordt, odqtyor, odott, odordocdt, odordocno, odordocsq, odordocty, odptc, odpqor, oduom1, odpjid, odpddt, odpo03, odpo01, odpo02, odqty, odrcdt, odqtyrc, odstid, odvr04, odvr01, odvr03, odvr05, odvr02, odrldocno, odrldocsq, odrldocty, odrqdt, odqtyrn, odsqor, oduom2, odsnlot, odtaxal, odtaxam, odtaxab, odtaxcd, odtaxrt, odcrct, oditc03, oducf, oduncost, odudc, odudf, oduom, odvnid, odcoid, oddocono, oddocosq, oddocoty) values (?, ?, ?, ?, ?, ?, ?, ?, ?, ?, ?, ?, ?, ?, ?, ?, ?, ?, ?, ?, ?, ?, ?, ?, ?, ?, ?, ?, ?, ?, ?, ?, ?, ?, ?, ?, ?, ?, ?, ?, ?, ?, ?, ?, ?, ?, ?, ?, ?, ?, ?, ?, ?, ?, ?, ?, ?, ?, ?, ?, ?, ?, ?, ?, ?, ?, ?, ?, ?, ?, ?, ?, ?, ?, ?, ?, ?, ?, ?, ?, ?, ?, ?, ?, ?, ?, ?, ?, ?, ?, ?)
Hibernate: insert into t4311 (odcid, oddtin, odtmin, oduid, oddtlu, odtmlu, oduidm, odacid, odaprcd, odcrcb, oditc02, odbuid, odqtycl, oditc01, odcldt, odcsid, oddccd, oddcrt, odexcrt, odexcost, odqtyx, oducfx, oduncostx, oduomx, odfec, odfta, odftb, odfuc, odglcls, odgldt, odir02, odir01, odir03, odinum, oddesb1, oditc05, odlst, odlnty, odlocid, odnst, odobid, odqtyop, odordt, odqtyor, odott, odordocdt, odordocno, odordocsq, odordocty, odptc, odpqor, oduom1, odpjid, odpddt, odpo03, odpo01, odpo02, odqty, odrcdt, odqtyrc, odstid, odvr04, odvr01, odvr03, odvr05, odvr02, odrldocno, odrldocsq, odrldocty, odrqdt, odqtyrn, odsqor, oduom2, odsnlot, odtaxal, odtaxam, odtaxab, odtaxcd, odtaxrt, odcrct, oditc03, oducf, oduncost, odudc, odudf, oduom, odvnid, odcoid, oddocono, oddocosq, oddocoty) values (?, ?, ?, ?, ?, ?, ?, ?, ?, ?, ?, ?, ?, ?, ?, ?, ?, ?, ?, ?, ?, ?, ?, ?, ?, ?, ?, ?, ?, ?, ?, ?, ?, ?, ?, ?, ?, ?, ?, ?, ?, ?, ?, ?, ?, ?, ?, ?, ?, ?, ?, ?, ?, ?, ?, ?, ?, ?, ?, ?, ?, ?, ?, ?, ?, ?, ?, ?, ?, ?, ?, ?, ?, ?, ?, ?, ?, ?, ?, ?, ?, ?, ?, ?, ?, ?, ?, ?, ?, ?, ?)
Hibernate: insert into t4311 (odcid, oddtin, odtmin, oduid, oddtlu, odtmlu, oduidm, odacid, odaprcd, odcrcb, oditc02, odbuid, odqtycl, oditc01, odcldt, odcsid, oddccd, oddcrt, odexcrt, odexcost, odqtyx, oducfx, oduncostx, oduomx, odfec, odfta, odftb, odfuc, odglcls, odgldt, odir02, odir01, odir03, odinum, oddesb1, oditc05, odlst, odlnty, odlocid, odnst, odobid, odqtyop, odordt, odqtyor, odott, odordocdt, odordocno, odordocsq, odordocty, odptc, odpqor, oduom1, odpjid, odpddt, odpo03, odpo01, odpo02, odqty, odrcdt, odqtyrc, odstid, odvr04, odvr01, odvr03, odvr05, odvr02, odrldocno, odrldocsq, odrldocty, odrqdt, odqtyrn, odsqor, oduom2, odsnlot, odtaxal, odtaxam, odtaxab, odtaxcd, odtaxrt, odcrct, oditc03, oducf, oduncost, odudc, odudf, oduom, odvnid, odcoid, oddocono, oddocosq, oddocoty) values (?, ?, ?, ?, ?, ?, ?, ?, ?, ?, ?, ?, ?, ?, ?, ?, ?, ?, ?, ?, ?, ?, ?, ?, ?, ?, ?, ?, ?, ?, ?, ?, ?, ?, ?, ?, ?, ?, ?, ?, ?, ?, ?, ?, ?, ?, ?, ?, ?, ?, ?, ?, ?, ?, ?, ?, ?, ?, ?, ?, ?, ?, ?, ?, ?, ?, ?, ?, ?, ?, ?, ?, ?, ?, ?, ?, ?, ?, ?, ?, ?, ?, ?, ?, ?, ?, ?, ?, ?, ?, ?)
Hibernate: select purchaseor0_.ohcoid as ohcoid1_39_0_, purchaseor0_.ohdocono as ohdocono2_39_0_, purchaseor0_.ohdocoty as ohdocoty3_39_0_, purchaseor0_.ohcid as ohcid4_39_0_, purchaseor0_.ohdtin as ohdtin5_39_0_, purchaseor0_.ohtmin as ohtmin6_39_0_, purchaseor0_.ohuid as ohuid7_39_0_, purchaseor0_.ohdtlu as ohdtlu8_39_0_, purchaseor0_.ohtmlu as ohtmlu9_39_0_, purchaseor0_.ohuidm as ohuidm10_39_0_, purchaseor0_.ohaprcd as ohaprcd11_39_0_, purchaseor0_.ohcrcb as ohcrcb12_39_0_, purchaseor0_.ohbuid as ohbuid13_39_0_, purchaseor0_.ohcldt as ohcldt14_39_0_, purchaseor0_.ohcot as ohcot15_39_0_, purchaseor0_.ohcsid as ohcsid16_39_0_, purchaseor0_.ohdesb1 as ohdesb17_39_0_, purchaseor0_.ohdccd as ohdccd18_39_0_, purchaseor0_.ohdcrt as ohdcrt19_39_0_, purchaseor0_.ohexcrt as ohexcrt20_39_0_, purchaseor0_.ohgldt as ohgldt21_39_0_, purchaseor0_.ohidd as ohidd22_39_0_, purchaseor0_.ohidn as ohidn23_39_0_, purchaseor0_.ohlst as ohlst24_39_0_, purchaseor0_.ohnst as ohnst25_39_0_, purchaseor0_.ohobid as ohobid26_39_0_, purchaseor0_.ohordt as ohordt27_39_0_, purchaseor0_.ohptc as ohptc28_39_0_, purchaseor0_.ohpoa as ohpoa29_39_0_, purchaseor0_.ohpod as ohpod30_39_0_, purchaseor0_.ohpjid as ohpjid31_39_0_, purchaseor0_.ohpddt as ohpddt32_39_0_, purchaseor0_.ohrcdt as ohrcdt33_39_0_, purchaseor0_.ohstid as ohstid34_39_0_, purchaseor0_.ohrqdt as ohrqdt35_39_0_, purchaseor0_.ohtaxal as ohtaxal36_39_0_, purchaseor0_.ohtaxcd as ohtaxcd37_39_0_, purchaseor0_.ohtaxrt as ohtaxrt38_39_0_, purchaseor0_.ohcrct as ohcrct39_39_0_, purchaseor0_.ohdesc1 as ohdesc40_39_0_, purchaseor0_.ohdesc2 as ohdesc41_39_0_, purchaseor0_.ohvhrn as ohvhrn42_39_0_, purchaseor0_.ohvhty as ohvhty43_39_0_, purchaseor0_.ohvnid as ohvnid44_39_0_ from t4301 purchaseor0_ where purchaseor0_.ohcoid=? and purchaseor0_.ohdocono=? and purchaseor0_.ohdocoty=?
Hibernate: select details0_.odcoid as odcoid1_40_0_, details0_.oddocono as oddocono2_40_0_, details0_.oddocoty as oddocoty4_40_0_, details0_.oddocosq as oddocosq3_40_0_, details0_.odcoid as odcoid1_40_1_, details0_.oddocono as oddocono2_40_1_, details0_.oddocosq as oddocosq3_40_1_, details0_.oddocoty as oddocoty4_40_1_, details0_.odcid as odcid5_40_1_, details0_.oddtin as oddtin6_40_1_, details0_.odtmin as odtmin7_40_1_, details0_.oduid as oduid8_40_1_, details0_.oddtlu as oddtlu9_40_1_, details0_.odtmlu as odtmlu10_40_1_, details0_.oduidm as oduidm11_40_1_, details0_.odacid as odacid12_40_1_, details0_.odaprcd as odaprcd13_40_1_, details0_.odcrcb as odcrcb14_40_1_, details0_.oditc02 as oditc15_40_1_, details0_.odbuid as odbuid16_40_1_, details0_.odqtycl as odqtycl17_40_1_, details0_.oditc01 as oditc18_40_1_, details0_.odcldt as odcldt19_40_1_, details0_.odcsid as odcsid20_40_1_, details0_.oddccd as oddccd21_40_1_, details0_.oddcrt as oddcrt22_40_1_, details0_.odexcrt as odexcrt23_40_1_, details0_.odexcost as odexcos24_40_1_, details0_.odqtyx as odqtyx25_40_1_, details0_.oducfx as oducfx26_40_1_, details0_.oduncostx as oduncos27_40_1_, details0_.oduomx as oduomx28_40_1_, details0_.odfec as odfec29_40_1_, details0_.odfta as odfta30_40_1_, details0_.odftb as odftb31_40_1_, details0_.odfuc as odfuc32_40_1_, details0_.odglcls as odglcls33_40_1_, details0_.odgldt as odgldt34_40_1_, details0_.odir02 as odir35_40_1_, details0_.odir01 as odir36_40_1_, details0_.odir03 as odir37_40_1_, details0_.odinum as odinum38_40_1_, details0_.oddesb1 as oddesb39_40_1_, details0_.oditc05 as oditc40_40_1_, details0_.odlst as odlst41_40_1_, details0_.odlnty as odlnty42_40_1_, details0_.odlocid as odlocid43_40_1_, details0_.odnst as odnst44_40_1_, details0_.odobid as odobid45_40_1_, details0_.odqtyop as odqtyop46_40_1_, details0_.odordt as odordt47_40_1_, details0_.odqtyor as odqtyor48_40_1_, details0_.odott as odott49_40_1_, details0_.odordocdt as odordoc50_40_1_, details0_.odordocno as odordoc51_40_1_, details0_.odordocsq as odordoc52_40_1_, details0_.odordocty as odordoc53_40_1_, details0_.odptc as odptc54_40_1_, details0_.odpqor as odpqor55_40_1_, details0_.oduom1 as oduom56_40_1_, details0_.odpjid as odpjid57_40_1_, details0_.odpddt as odpddt58_40_1_, details0_.odpo03 as odpo59_40_1_, details0_.odpo01 as odpo60_40_1_, details0_.odpo02 as odpo61_40_1_, details0_.odqty as odqty62_40_1_, details0_.odrcdt as odrcdt63_40_1_, details0_.odqtyrc as odqtyrc64_40_1_, details0_.odstid as odstid65_40_1_, details0_.odvr04 as odvr66_40_1_, details0_.odvr01 as odvr67_40_1_, details0_.odvr03 as odvr68_40_1_, details0_.odvr05 as odvr69_40_1_, details0_.odvr02 as odvr70_40_1_, details0_.odrldocno as odrldoc71_40_1_, details0_.odrldocsq as odrldoc72_40_1_, details0_.odrldocty as odrldoc73_40_1_, details0_.odrqdt as odrqdt74_40_1_, details0_.odqtyrn as odqtyrn75_40_1_, details0_.odsqor as odsqor76_40_1_, details0_.oduom2 as oduom77_40_1_, details0_.odsnlot as odsnlot78_40_1_, details0_.odtaxal as odtaxal79_40_1_, details0_.odtaxam as odtaxam80_40_1_, details0_.odtaxab as odtaxab81_40_1_, details0_.odtaxcd as odtaxcd82_40_1_, details0_.odtaxrt as odtaxrt83_40_1_, details0_.odcrct as odcrct84_40_1_, details0_.oditc03 as oditc85_40_1_, details0_.oducf as oducf86_40_1_, details0_.oduncost as oduncos87_40_1_, details0_.odudc as odudc88_40_1_, details0_.odudf as odudf89_40_1_, details0_.oduom as oduom90_40_1_, details0_.odvnid as odvnid91_40_1_ from t4311 details0_ where details0_.odcoid=? and details0_.oddocono=? and details0_.oddocoty=?
Hibernate: select receipts0_.ovcoid as ovcoid1_41_0_, receipts0_.ovdocono as ovdocon53_41_0_, receipts0_.ovdocosq as ovdocos54_41_0_, receipts0_.ovdocoty as ovdocot55_41_0_, receipts0_.ovdocno as ovdocno2_41_0_, receipts0_.ovdocty as ovdocty3_41_0_, receipts0_.ovdocsq as ovdocsq4_41_0_, receipts0_.ovcoid as ovcoid1_41_1_, receipts0_.ovdocno as ovdocno2_41_1_, receipts0_.ovdocty as ovdocty3_41_1_, receipts0_.ovdocsq as ovdocsq4_41_1_, receipts0_.ovcid as ovcid5_41_1_, receipts0_.ovdtin as ovdtin6_41_1_, receipts0_.ovtmin as ovtmin7_41_1_, receipts0_.ovuid as ovuid8_41_1_, receipts0_.ovdtlu as ovdtlu9_41_1_, receipts0_.ovtmlu as ovtmlu10_41_1_, receipts0_.ovuidm as ovuidm11_41_1_, receipts0_.ovacid as ovacid12_41_1_, receipts0_.ovcrcb as ovcrcb13_41_1_, receipts0_.ovicu as ovicu14_41_1_, receipts0_.ovicut as ovicut15_41_1_, receipts0_.ovitc02 as ovitc16_41_1_, receipts0_.ovbuid as ovbuid17_41_1_, receipts0_.ovitc01 as ovitc18_41_1_, receipts0_.ovcot as ovcot19_41_1_, receipts0_.ovcnid as ovcnid20_41_1_, receipts0_.ovcsdocdt as ovcsdoc21_41_1_, receipts0_.ovcsdocno as ovcsdoc22_41_1_, receipts0_.ovurtx as ovurtx23_41_1_, receipts0_.ovdccd as ovdccd24_41_1_, receipts0_.ovdcrt as ovdcrt25_41_1_, receipts0_.ovdocdt as ovdocdt26_41_1_, receipts0_.ovexcrt as ovexcrt27_41_1_, receipts0_.ovexpdt as ovexpdt28_41_1_, receipts0_.ovexcost as ovexcos29_41_1_, receipts0_.ovfec as ovfec30_41_1_, receipts0_.ovfta as ovfta31_41_1_, receipts0_.ovftb as ovftb32_41_1_, receipts0_.ovfuc as ovfuc33_41_1_, receipts0_.ovglcls as ovglcls34_41_1_, receipts0_.ovidd as ovidd35_41_1_, receipts0_.ovidn as ovidn36_41_1_, receipts0_.ovitt as ovitt37_41_1_, receipts0_.ovdocidt as ovdocid38_41_1_, receipts0_.ovdocino as ovdocin39_41_1_, receipts0_.ovdocisq as ovdocis40_41_1_, receipts0_.ovdocity as ovdocit41_41_1_, receipts0_.ovinum as ovinum42_41_1_, receipts0_.ovdesb1 as ovdesb43_41_1_, receipts0_.ovlcrt as ovlcrt44_41_1_, receipts0_.ovitc05 as ovitc45_41_1_, receipts0_.ovlst as ovlst46_41_1_, receipts0_.ovlvla as ovlvla47_41_1_, receipts0_.ovlnty as ovlnty48_41_1_, receipts0_.ovlocid as ovlocid49_41_1_, receipts0_.ovmatc as ovmatc50_41_1_, receipts0_.ovnst as ovnst51_41_1_, receipts0_.ovobid as ovobid52_41_1_, receipts0_.ovdocono as ovdocon53_41_1_, receipts0_.ovdocosq as ovdocos54_41_1_, receipts0_.ovdocoty as ovdocot55_41_1_, receipts0_.ovordocno as ovordoc56_41_1_, receipts0_.ovordocsq as ovordoc57_41_1_, receipts0_.ovordocty as ovordoc58_41_1_, receipts0_.ovptc as ovptc59_41_1_, receipts0_.ovpoa as ovpoa60_41_1_, receipts0_.ovpod as ovpod61_41_1_, receipts0_.ovpqot as ovpqot62_41_1_, receipts0_.ovuom1 as ovuom63_41_1_, receipts0_.ovpjid as ovpjid64_41_1_, receipts0_.ovpo03 as ovpo65_41_1_, receipts0_.ovpo01 as ovpo66_41_1_, receipts0_.ovpo02 as ovpo67_41_1_, receipts0_.ovqty as ovqty68_41_1_, receipts0_.ovrcdt as ovrcdt69_41_1_, receipts0_.ovrecid as ovrecid70_41_1_, receipts0_.ovvr04 as ovvr71_41_1_, receipts0_.ovvr01 as ovvr72_41_1_, receipts0_.ovvr03 as ovvr73_41_1_, receipts0_.ovvr05 as ovvr74_41_1_, receipts0_.ovvr02 as ovvr75_41_1_, receipts0_.ovrtgc as ovrtgc76_41_1_, receipts0_.ovsqot as ovsqot77_41_1_, receipts0_.ovuom2 as ovuom78_41_1_, receipts0_.ovsnlot as ovsnlot79_41_1_, receipts0_.ovtaxal as ovtaxal80_41_1_, receipts0_.ovtaxam as ovtaxam81_41_1_, receipts0_.ovtaxab as ovtaxab82_41_1_, receipts0_.ovtaxcd as ovtaxcd83_41_1_, receipts0_.ovtaxidt as ovtaxid84_41_1_, receipts0_.ovtaxino as ovtaxin85_41_1_, receipts0_.ovtaxrt as ovtaxrt86_41_1_, receipts0_.ovcrct as ovcrct87_41_1_, receipts0_.ovitc03 as ovitc88_41_1_, receipts0_.ovucf as ovucf89_41_1_, receipts0_.ovuncost as ovuncos90_41_1_, receipts0_.ovudc as ovudc91_41_1_, receipts0_.ovudf as ovudf92_41_1_, receipts0_.ovuom as ovuom93_41_1_, receipts0_.ovvnid as ovvnid94_41_1_, receipts0_.ovinvdt as ovinvdt95_41_1_, receipts0_.ovinvno as ovinvno96_41_1_ from t4312 receipts0_ where receipts0_.ovcoid=? and receipts0_.ovdocono=? and receipts0_.ovdocosq=? and receipts0_.ovdocoty=?
Hibernate: select receipts0_.ovcoid as ovcoid1_41_0_, receipts0_.ovdocono as ovdocon53_41_0_, receipts0_.ovdocosq as ovdocos54_41_0_, receipts0_.ovdocoty as ovdocot55_41_0_, receipts0_.ovdocno as ovdocno2_41_0_, receipts0_.ovdocty as ovdocty3_41_0_, receipts0_.ovdocsq as ovdocsq4_41_0_, receipts0_.ovcoid as ovcoid1_41_1_, receipts0_.ovdocno as ovdocno2_41_1_, receipts0_.ovdocty as ovdocty3_41_1_, receipts0_.ovdocsq as ovdocsq4_41_1_, receipts0_.ovcid as ovcid5_41_1_, receipts0_.ovdtin as ovdtin6_41_1_, receipts0_.ovtmin as ovtmin7_41_1_, receipts0_.ovuid as ovuid8_41_1_, receipts0_.ovdtlu as ovdtlu9_41_1_, receipts0_.ovtmlu as ovtmlu10_41_1_, receipts0_.ovuidm as ovuidm11_41_1_, receipts0_.ovacid as ovacid12_41_1_, receipts0_.ovcrcb as ovcrcb13_41_1_, receipts0_.ovicu as ovicu14_41_1_, receipts0_.ovicut as ovicut15_41_1_, receipts0_.ovitc02 as ovitc16_41_1_, receipts0_.ovbuid as ovbuid17_41_1_, receipts0_.ovitc01 as ovitc18_41_1_, receipts0_.ovcot as ovcot19_41_1_, receipts0_.ovcnid as ovcnid20_41_1_, receipts0_.ovcsdocdt as ovcsdoc21_41_1_, receipts0_.ovcsdocno as ovcsdoc22_41_1_, receipts0_.ovurtx as ovurtx23_41_1_, receipts0_.ovdccd as ovdccd24_41_1_, receipts0_.ovdcrt as ovdcrt25_41_1_, receipts0_.ovdocdt as ovdocdt26_41_1_, receipts0_.ovexcrt as ovexcrt27_41_1_, receipts0_.ovexpdt as ovexpdt28_41_1_, receipts0_.ovexcost as ovexcos29_41_1_, receipts0_.ovfec as ovfec30_41_1_, receipts0_.ovfta as ovfta31_41_1_, receipts0_.ovftb as ovftb32_41_1_, receipts0_.ovfuc as ovfuc33_41_1_, receipts0_.ovglcls as ovglcls34_41_1_, receipts0_.ovidd as ovidd35_41_1_, receipts0_.ovidn as ovidn36_41_1_, receipts0_.ovitt as ovitt37_41_1_, receipts0_.ovdocidt as ovdocid38_41_1_, receipts0_.ovdocino as ovdocin39_41_1_, receipts0_.ovdocisq as ovdocis40_41_1_, receipts0_.ovdocity as ovdocit41_41_1_, receipts0_.ovinum as ovinum42_41_1_, receipts0_.ovdesb1 as ovdesb43_41_1_, receipts0_.ovlcrt as ovlcrt44_41_1_, receipts0_.ovitc05 as ovitc45_41_1_, receipts0_.ovlst as ovlst46_41_1_, receipts0_.ovlvla as ovlvla47_41_1_, receipts0_.ovlnty as ovlnty48_41_1_, receipts0_.ovlocid as ovlocid49_41_1_, receipts0_.ovmatc as ovmatc50_41_1_, receipts0_.ovnst as ovnst51_41_1_, receipts0_.ovobid as ovobid52_41_1_, receipts0_.ovdocono as ovdocon53_41_1_, receipts0_.ovdocosq as ovdocos54_41_1_, receipts0_.ovdocoty as ovdocot55_41_1_, receipts0_.ovordocno as ovordoc56_41_1_, receipts0_.ovordocsq as ovordoc57_41_1_, receipts0_.ovordocty as ovordoc58_41_1_, receipts0_.ovptc as ovptc59_41_1_, receipts0_.ovpoa as ovpoa60_41_1_, receipts0_.ovpod as ovpod61_41_1_, receipts0_.ovpqot as ovpqot62_41_1_, receipts0_.ovuom1 as ovuom63_41_1_, receipts0_.ovpjid as ovpjid64_41_1_, receipts0_.ovpo03 as ovpo65_41_1_, receipts0_.ovpo01 as ovpo66_41_1_, receipts0_.ovpo02 as ovpo67_41_1_, receipts0_.ovqty as ovqty68_41_1_, receipts0_.ovrcdt as ovrcdt69_41_1_, receipts0_.ovrecid as ovrecid70_41_1_, receipts0_.ovvr04 as ovvr71_41_1_, receipts0_.ovvr01 as ovvr72_41_1_, receipts0_.ovvr03 as ovvr73_41_1_, receipts0_.ovvr05 as ovvr74_41_1_, receipts0_.ovvr02 as ovvr75_41_1_, receipts0_.ovrtgc as ovrtgc76_41_1_, receipts0_.ovsqot as ovsqot77_41_1_, receipts0_.ovuom2 as ovuom78_41_1_, receipts0_.ovsnlot as ovsnlot79_41_1_, receipts0_.ovtaxal as ovtaxal80_41_1_, receipts0_.ovtaxam as ovtaxam81_41_1_, receipts0_.ovtaxab as ovtaxab82_41_1_, receipts0_.ovtaxcd as ovtaxcd83_41_1_, receipts0_.ovtaxidt as ovtaxid84_41_1_, receipts0_.ovtaxino as ovtaxin85_41_1_, receipts0_.ovtaxrt as ovtaxrt86_41_1_, receipts0_.ovcrct as ovcrct87_41_1_, receipts0_.ovitc03 as ovitc88_41_1_, receipts0_.ovucf as ovucf89_41_1_, receipts0_.ovuncost as ovuncos90_41_1_, receipts0_.ovudc as ovudc91_41_1_, receipts0_.ovudf as ovudf92_41_1_, receipts0_.ovuom as ovuom93_41_1_, receipts0_.ovvnid as ovvnid94_41_1_, receipts0_.ovinvdt as ovinvdt95_41_1_, receipts0_.ovinvno as ovinvno96_41_1_ from t4312 receipts0_ where receipts0_.ovcoid=? and receipts0_.ovdocono=? and receipts0_.ovdocosq=? and receipts0_.ovdocoty=?
Hibernate: select receipts0_.ovcoid as ovcoid1_41_0_, receipts0_.ovdocono as ovdocon53_41_0_, receipts0_.ovdocosq as ovdocos54_41_0_, receipts0_.ovdocoty as ovdocot55_41_0_, receipts0_.ovdocno as ovdocno2_41_0_, receipts0_.ovdocty as ovdocty3_41_0_, receipts0_.ovdocsq as ovdocsq4_41_0_, receipts0_.ovcoid as ovcoid1_41_1_, receipts0_.ovdocno as ovdocno2_41_1_, receipts0_.ovdocty as ovdocty3_41_1_, receipts0_.ovdocsq as ovdocsq4_41_1_, receipts0_.ovcid as ovcid5_41_1_, receipts0_.ovdtin as ovdtin6_41_1_, receipts0_.ovtmin as ovtmin7_41_1_, receipts0_.ovuid as ovuid8_41_1_, receipts0_.ovdtlu as ovdtlu9_41_1_, receipts0_.ovtmlu as ovtmlu10_41_1_, receipts0_.ovuidm as ovuidm11_41_1_, receipts0_.ovacid as ovacid12_41_1_, receipts0_.ovcrcb as ovcrcb13_41_1_, receipts0_.ovicu as ovicu14_41_1_, receipts0_.ovicut as ovicut15_41_1_, receipts0_.ovitc02 as ovitc16_41_1_, receipts0_.ovbuid as ovbuid17_41_1_, receipts0_.ovitc01 as ovitc18_41_1_, receipts0_.ovcot as ovcot19_41_1_, receipts0_.ovcnid as ovcnid20_41_1_, receipts0_.ovcsdocdt as ovcsdoc21_41_1_, receipts0_.ovcsdocno as ovcsdoc22_41_1_, receipts0_.ovurtx as ovurtx23_41_1_, receipts0_.ovdccd as ovdccd24_41_1_, receipts0_.ovdcrt as ovdcrt25_41_1_, receipts0_.ovdocdt as ovdocdt26_41_1_, receipts0_.ovexcrt as ovexcrt27_41_1_, receipts0_.ovexpdt as ovexpdt28_41_1_, receipts0_.ovexcost as ovexcos29_41_1_, receipts0_.ovfec as ovfec30_41_1_, receipts0_.ovfta as ovfta31_41_1_, receipts0_.ovftb as ovftb32_41_1_, receipts0_.ovfuc as ovfuc33_41_1_, receipts0_.ovglcls as ovglcls34_41_1_, receipts0_.ovidd as ovidd35_41_1_, receipts0_.ovidn as ovidn36_41_1_, receipts0_.ovitt as ovitt37_41_1_, receipts0_.ovdocidt as ovdocid38_41_1_, receipts0_.ovdocino as ovdocin39_41_1_, receipts0_.ovdocisq as ovdocis40_41_1_, receipts0_.ovdocity as ovdocit41_41_1_, receipts0_.ovinum as ovinum42_41_1_, receipts0_.ovdesb1 as ovdesb43_41_1_, receipts0_.ovlcrt as ovlcrt44_41_1_, receipts0_.ovitc05 as ovitc45_41_1_, receipts0_.ovlst as ovlst46_41_1_, receipts0_.ovlvla as ovlvla47_41_1_, receipts0_.ovlnty as ovlnty48_41_1_, receipts0_.ovlocid as ovlocid49_41_1_, receipts0_.ovmatc as ovmatc50_41_1_, receipts0_.ovnst as ovnst51_41_1_, receipts0_.ovobid as ovobid52_41_1_, receipts0_.ovdocono as ovdocon53_41_1_, receipts0_.ovdocosq as ovdocos54_41_1_, receipts0_.ovdocoty as ovdocot55_41_1_, receipts0_.ovordocno as ovordoc56_41_1_, receipts0_.ovordocsq as ovordoc57_41_1_, receipts0_.ovordocty as ovordoc58_41_1_, receipts0_.ovptc as ovptc59_41_1_, receipts0_.ovpoa as ovpoa60_41_1_, receipts0_.ovpod as ovpod61_41_1_, receipts0_.ovpqot as ovpqot62_41_1_, receipts0_.ovuom1 as ovuom63_41_1_, receipts0_.ovpjid as ovpjid64_41_1_, receipts0_.ovpo03 as ovpo65_41_1_, receipts0_.ovpo01 as ovpo66_41_1_, receipts0_.ovpo02 as ovpo67_41_1_, receipts0_.ovqty as ovqty68_41_1_, receipts0_.ovrcdt as ovrcdt69_41_1_, receipts0_.ovrecid as ovrecid70_41_1_, receipts0_.ovvr04 as ovvr71_41_1_, receipts0_.ovvr01 as ovvr72_41_1_, receipts0_.ovvr03 as ovvr73_41_1_, receipts0_.ovvr05 as ovvr74_41_1_, receipts0_.ovvr02 as ovvr75_41_1_, receipts0_.ovrtgc as ovrtgc76_41_1_, receipts0_.ovsqot as ovsqot77_41_1_, receipts0_.ovuom2 as ovuom78_41_1_, receipts0_.ovsnlot as ovsnlot79_41_1_, receipts0_.ovtaxal as ovtaxal80_41_1_, receipts0_.ovtaxam as ovtaxam81_41_1_, receipts0_.ovtaxab as ovtaxab82_41_1_, receipts0_.ovtaxcd as ovtaxcd83_41_1_, receipts0_.ovtaxidt as ovtaxid84_41_1_, receipts0_.ovtaxino as ovtaxin85_41_1_, receipts0_.ovtaxrt as ovtaxrt86_41_1_, receipts0_.ovcrct as ovcrct87_41_1_, receipts0_.ovitc03 as ovitc88_41_1_, receipts0_.ovucf as ovucf89_41_1_, receipts0_.ovuncost as ovuncos90_41_1_, receipts0_.ovudc as ovudc91_41_1_, receipts0_.ovudf as ovudf92_41_1_, receipts0_.ovuom as ovuom93_41_1_, receipts0_.ovvnid as ovvnid94_41_1_, receipts0_.ovinvdt as ovinvdt95_41_1_, receipts0_.ovinvno as ovinvno96_41_1_ from t4312 receipts0_ where receipts0_.ovcoid=? and receipts0_.ovdocono=? and receipts0_.ovdocosq=? and receipts0_.ovdocoty=?
Hibernate: select purchasere0_.ovcoid as ovcoid1_41_0_, purchasere0_.ovdocno as ovdocno2_41_0_, purchasere0_.ovdocty as ovdocty3_41_0_, purchasere0_.ovdocsq as ovdocsq4_41_0_, purchasere0_.ovcid as ovcid5_41_0_, purchasere0_.ovdtin as ovdtin6_41_0_, purchasere0_.ovtmin as ovtmin7_41_0_, purchasere0_.ovuid as ovuid8_41_0_, purchasere0_.ovdtlu as ovdtlu9_41_0_, purchasere0_.ovtmlu as ovtmlu10_41_0_, purchasere0_.ovuidm as ovuidm11_41_0_, purchasere0_.ovacid as ovacid12_41_0_, purchasere0_.ovcrcb as ovcrcb13_41_0_, purchasere0_.ovicu as ovicu14_41_0_, purchasere0_.ovicut as ovicut15_41_0_, purchasere0_.ovitc02 as ovitc16_41_0_, purchasere0_.ovbuid as ovbuid17_41_0_, purchasere0_.ovitc01 as ovitc18_41_0_, purchasere0_.ovcot as ovcot19_41_0_, purchasere0_.ovcnid as ovcnid20_41_0_, purchasere0_.ovcsdocdt as ovcsdoc21_41_0_, purchasere0_.ovcsdocno as ovcsdoc22_41_0_, purchasere0_.ovurtx as ovurtx23_41_0_, purchasere0_.ovdccd as ovdccd24_41_0_, purchasere0_.ovdcrt as ovdcrt25_41_0_, purchasere0_.ovdocdt as ovdocdt26_41_0_, purchasere0_.ovexcrt as ovexcrt27_41_0_, purchasere0_.ovexpdt as ovexpdt28_41_0_, purchasere0_.ovexcost as ovexcos29_41_0_, purchasere0_.ovfec as ovfec30_41_0_, purchasere0_.ovfta as ovfta31_41_0_, purchasere0_.ovftb as ovftb32_41_0_, purchasere0_.ovfuc as ovfuc33_41_0_, purchasere0_.ovglcls as ovglcls34_41_0_, purchasere0_.ovidd as ovidd35_41_0_, purchasere0_.ovidn as ovidn36_41_0_, purchasere0_.ovitt as ovitt37_41_0_, purchasere0_.ovdocidt as ovdocid38_41_0_, purchasere0_.ovdocino as ovdocin39_41_0_, purchasere0_.ovdocisq as ovdocis40_41_0_, purchasere0_.ovdocity as ovdocit41_41_0_, purchasere0_.ovinum as ovinum42_41_0_, purchasere0_.ovdesb1 as ovdesb43_41_0_, purchasere0_.ovlcrt as ovlcrt44_41_0_, purchasere0_.ovitc05 as ovitc45_41_0_, purchasere0_.ovlst as ovlst46_41_0_, purchasere0_.ovlvla as ovlvla47_41_0_, purchasere0_.ovlnty as ovlnty48_41_0_, purchasere0_.ovlocid as ovlocid49_41_0_, purchasere0_.ovmatc as ovmatc50_41_0_, purchasere0_.ovnst as ovnst51_41_0_, purchasere0_.ovobid as ovobid52_41_0_, purchasere0_.ovdocono as ovdocon53_41_0_, purchasere0_.ovdocosq as ovdocos54_41_0_, purchasere0_.ovdocoty as ovdocot55_41_0_, purchasere0_.ovordocno as ovordoc56_41_0_, purchasere0_.ovordocsq as ovordoc57_41_0_, purchasere0_.ovordocty as ovordoc58_41_0_, purchasere0_.ovptc as ovptc59_41_0_, purchasere0_.ovpoa as ovpoa60_41_0_, purchasere0_.ovpod as ovpod61_41_0_, purchasere0_.ovpqot as ovpqot62_41_0_, purchasere0_.ovuom1 as ovuom63_41_0_, purchasere0_.ovpjid as ovpjid64_41_0_, purchasere0_.ovpo03 as ovpo65_41_0_, purchasere0_.ovpo01 as ovpo66_41_0_, purchasere0_.ovpo02 as ovpo67_41_0_, purchasere0_.ovqty as ovqty68_41_0_, purchasere0_.ovrcdt as ovrcdt69_41_0_, purchasere0_.ovrecid as ovrecid70_41_0_, purchasere0_.ovvr04 as ovvr71_41_0_, purchasere0_.ovvr01 as ovvr72_41_0_, purchasere0_.ovvr03 as ovvr73_41_0_, purchasere0_.ovvr05 as ovvr74_41_0_, purchasere0_.ovvr02 as ovvr75_41_0_, purchasere0_.ovrtgc as ovrtgc76_41_0_, purchasere0_.ovsqot as ovsqot77_41_0_, purchasere0_.ovuom2 as ovuom78_41_0_, purchasere0_.ovsnlot as ovsnlot79_41_0_, purchasere0_.ovtaxal as ovtaxal80_41_0_, purchasere0_.ovtaxam as ovtaxam81_41_0_, purchasere0_.ovtaxab as ovtaxab82_41_0_, purchasere0_.ovtaxcd as ovtaxcd83_41_0_, purchasere0_.ovtaxidt as ovtaxid84_41_0_, purchasere0_.ovtaxino as ovtaxin85_41_0_, purchasere0_.ovtaxrt as ovtaxrt86_41_0_, purchasere0_.ovcrct as ovcrct87_41_0_, purchasere0_.ovitc03 as ovitc88_41_0_, purchasere0_.ovucf as ovucf89_41_0_, purchasere0_.ovuncost as ovuncos90_41_0_, purchasere0_.ovudc as ovudc91_41_0_, purchasere0_.ovudf as ovudf92_41_0_, purchasere0_.ovuom as ovuom93_41_0_, purchasere0_.ovvnid as ovvnid94_41_0_, purchasere0_.ovinvdt as ovinvdt95_41_0_, purchasere0_.ovinvno as ovinvno96_41_0_ from t4312 purchasere0_ where purchasere0_.ovcoid=? and purchasere0_.ovdocno=? and purchasere0_.ovdocty=? and purchasere0_.ovdocsq=?
Hibernate: select purchasere0_.ovcoid as ovcoid1_41_, purchasere0_.ovdocno as ovdocno2_41_, purchasere0_.ovdocty as ovdocty3_41_, purchasere0_.ovdocsq as ovdocsq4_41_, purchasere0_.ovcid as ovcid5_41_, purchasere0_.ovdtin as ovdtin6_41_, purchasere0_.ovtmin as ovtmin7_41_, purchasere0_.ovuid as ovuid8_41_, purchasere0_.ovdtlu as ovdtlu9_41_, purchasere0_.ovtmlu as ovtmlu10_41_, purchasere0_.ovuidm as ovuidm11_41_, purchasere0_.ovacid as ovacid12_41_, purchasere0_.ovcrcb as ovcrcb13_41_, purchasere0_.ovicu as ovicu14_41_, purchasere0_.ovicut as ovicut15_41_, purchasere0_.ovitc02 as ovitc16_41_, purchasere0_.ovbuid as ovbuid17_41_, purchasere0_.ovitc01 as ovitc18_41_, purchasere0_.ovcot as ovcot19_41_, purchasere0_.ovcnid as ovcnid20_41_, purchasere0_.ovcsdocdt as ovcsdoc21_41_, purchasere0_.ovcsdocno as ovcsdoc22_41_, purchasere0_.ovurtx as ovurtx23_41_, purchasere0_.ovdccd as ovdccd24_41_, purchasere0_.ovdcrt as ovdcrt25_41_, purchasere0_.ovdocdt as ovdocdt26_41_, purchasere0_.ovexcrt as ovexcrt27_41_, purchasere0_.ovexpdt as ovexpdt28_41_, purchasere0_.ovexcost as ovexcos29_41_, purchasere0_.ovfec as ovfec30_41_, purchasere0_.ovfta as ovfta31_41_, purchasere0_.ovftb as ovftb32_41_, purchasere0_.ovfuc as ovfuc33_41_, purchasere0_.ovglcls as ovglcls34_41_, purchasere0_.ovidd as ovidd35_41_, purchasere0_.ovidn as ovidn36_41_, purchasere0_.ovitt as ovitt37_41_, purchasere0_.ovdocidt as ovdocid38_41_, purchasere0_.ovdocino as ovdocin39_41_, purchasere0_.ovdocisq as ovdocis40_41_, purchasere0_.ovdocity as ovdocit41_41_, purchasere0_.ovinum as ovinum42_41_, purchasere0_.ovdesb1 as ovdesb43_41_, purchasere0_.ovlcrt as ovlcrt44_41_, purchasere0_.ovitc05 as ovitc45_41_, purchasere0_.ovlst as ovlst46_41_, purchasere0_.ovlvla as ovlvla47_41_, purchasere0_.ovlnty as ovlnty48_41_, purchasere0_.ovlocid as ovlocid49_41_, purchasere0_.ovmatc as ovmatc50_41_, purchasere0_.ovnst as ovnst51_41_, purchasere0_.ovobid as ovobid52_41_, purchasere0_.ovdocono as ovdocon53_41_, purchasere0_.ovdocosq as ovdocos54_41_, purchasere0_.ovdocoty as ovdocot55_41_, purchasere0_.ovordocno as ovordoc56_41_, purchasere0_.ovordocsq as ovordoc57_41_, purchasere0_.ovordocty as ovordoc58_41_, purchasere0_.ovptc as ovptc59_41_, purchasere0_.ovpoa as ovpoa60_41_, purchasere0_.ovpod as ovpod61_41_, purchasere0_.ovpqot as ovpqot62_41_, purchasere0_.ovuom1 as ovuom63_41_, purchasere0_.ovpjid as ovpjid64_41_, purchasere0_.ovpo03 as ovpo65_41_, purchasere0_.ovpo01 as ovpo66_41_, purchasere0_.ovpo02 as ovpo67_41_, purchasere0_.ovqty as ovqty68_41_, purchasere0_.ovrcdt as ovrcdt69_41_, purchasere0_.ovrecid as ovrecid70_41_, purchasere0_.ovvr04 as ovvr71_41_, purchasere0_.ovvr01 as ovvr72_41_, purchasere0_.ovvr03 as ovvr73_41_, purchasere0_.ovvr05 as ovvr74_41_, purchasere0_.ovvr02 as ovvr75_41_, purchasere0_.ovrtgc as ovrtgc76_41_, purchasere0_.ovsqot as ovsqot77_41_, purchasere0_.ovuom2 as ovuom78_41_, purchasere0_.ovsnlot as ovsnlot79_41_, purchasere0_.ovtaxal as ovtaxal80_41_, purchasere0_.ovtaxam as ovtaxam81_41_, purchasere0_.ovtaxab as ovtaxab82_41_, purchasere0_.ovtaxcd as ovtaxcd83_41_, purchasere0_.ovtaxidt as ovtaxid84_41_, purchasere0_.ovtaxino as ovtaxin85_41_, purchasere0_.ovtaxrt as ovtaxrt86_41_, purchasere0_.ovcrct as ovcrct87_41_, purchasere0_.ovitc03 as ovitc88_41_, purchasere0_.ovucf as ovucf89_41_, purchasere0_.ovuncost as ovuncos90_41_, purchasere0_.ovudc as ovudc91_41_, purchasere0_.ovudf as ovudf92_41_, purchasere0_.ovuom as ovuom93_41_, purchasere0_.ovvnid as ovvnid94_41_, purchasere0_.ovinvdt as ovinvdt95_41_, purchasere0_.ovinvno as ovinvno96_41_ from t4312 purchasere0_ where purchasere0_.ovcoid=? and purchasere0_.ovdocno=? and purchasere0_.ovdocty=?
Hibernate: select purchasede0_.odcoid as odcoid1_40_0_, purchasede0_.oddocono as oddocono2_40_0_, purchasede0_.oddocosq as oddocosq3_40_0_, purchasede0_.oddocoty as oddocoty4_40_0_, purchasede0_.odcid as odcid5_40_0_, purchasede0_.oddtin as oddtin6_40_0_, purchasede0_.odtmin as odtmin7_40_0_, purchasede0_.oduid as oduid8_40_0_, purchasede0_.oddtlu as oddtlu9_40_0_, purchasede0_.odtmlu as odtmlu10_40_0_, purchasede0_.oduidm as oduidm11_40_0_, purchasede0_.odacid as odacid12_40_0_, purchasede0_.odaprcd as odaprcd13_40_0_, purchasede0_.odcrcb as odcrcb14_40_0_, purchasede0_.oditc02 as oditc15_40_0_, purchasede0_.odbuid as odbuid16_40_0_, purchasede0_.odqtycl as odqtycl17_40_0_, purchasede0_.oditc01 as oditc18_40_0_, purchasede0_.odcldt as odcldt19_40_0_, purchasede0_.odcsid as odcsid20_40_0_, purchasede0_.oddccd as oddccd21_40_0_, purchasede0_.oddcrt as oddcrt22_40_0_, purchasede0_.odexcrt as odexcrt23_40_0_, purchasede0_.odexcost as odexcos24_40_0_, purchasede0_.odqtyx as odqtyx25_40_0_, purchasede0_.oducfx as oducfx26_40_0_, purchasede0_.oduncostx as oduncos27_40_0_, purchasede0_.oduomx as oduomx28_40_0_, purchasede0_.odfec as odfec29_40_0_, purchasede0_.odfta as odfta30_40_0_, purchasede0_.odftb as odftb31_40_0_, purchasede0_.odfuc as odfuc32_40_0_, purchasede0_.odglcls as odglcls33_40_0_, purchasede0_.odgldt as odgldt34_40_0_, purchasede0_.odir02 as odir35_40_0_, purchasede0_.odir01 as odir36_40_0_, purchasede0_.odir03 as odir37_40_0_, purchasede0_.odinum as odinum38_40_0_, purchasede0_.oddesb1 as oddesb39_40_0_, purchasede0_.oditc05 as oditc40_40_0_, purchasede0_.odlst as odlst41_40_0_, purchasede0_.odlnty as odlnty42_40_0_, purchasede0_.odlocid as odlocid43_40_0_, purchasede0_.odnst as odnst44_40_0_, purchasede0_.odobid as odobid45_40_0_, purchasede0_.odqtyop as odqtyop46_40_0_, purchasede0_.odordt as odordt47_40_0_, purchasede0_.odqtyor as odqtyor48_40_0_, purchasede0_.odott as odott49_40_0_, purchasede0_.odordocdt as odordoc50_40_0_, purchasede0_.odordocno as odordoc51_40_0_, purchasede0_.odordocsq as odordoc52_40_0_, purchasede0_.odordocty as odordoc53_40_0_, purchasede0_.odptc as odptc54_40_0_, purchasede0_.odpqor as odpqor55_40_0_, purchasede0_.oduom1 as oduom56_40_0_, purchasede0_.odpjid as odpjid57_40_0_, purchasede0_.odpddt as odpddt58_40_0_, purchasede0_.odpo03 as odpo59_40_0_, purchasede0_.odpo01 as odpo60_40_0_, purchasede0_.odpo02 as odpo61_40_0_, purchasede0_.odqty as odqty62_40_0_, purchasede0_.odrcdt as odrcdt63_40_0_, purchasede0_.odqtyrc as odqtyrc64_40_0_, purchasede0_.odstid as odstid65_40_0_, purchasede0_.odvr04 as odvr66_40_0_, purchasede0_.odvr01 as odvr67_40_0_, purchasede0_.odvr03 as odvr68_40_0_, purchasede0_.odvr05 as odvr69_40_0_, purchasede0_.odvr02 as odvr70_40_0_, purchasede0_.odrldocno as odrldoc71_40_0_, purchasede0_.odrldocsq as odrldoc72_40_0_, purchasede0_.odrldocty as odrldoc73_40_0_, purchasede0_.odrqdt as odrqdt74_40_0_, purchasede0_.odqtyrn as odqtyrn75_40_0_, purchasede0_.odsqor as odsqor76_40_0_, purchasede0_.oduom2 as oduom77_40_0_, purchasede0_.odsnlot as odsnlot78_40_0_, purchasede0_.odtaxal as odtaxal79_40_0_, purchasede0_.odtaxam as odtaxam80_40_0_, purchasede0_.odtaxab as odtaxab81_40_0_, purchasede0_.odtaxcd as odtaxcd82_40_0_, purchasede0_.odtaxrt as odtaxrt83_40_0_, purchasede0_.odcrct as odcrct84_40_0_, purchasede0_.oditc03 as oditc85_40_0_, purchasede0_.oducf as oducf86_40_0_, purchasede0_.oduncost as oduncos87_40_0_, purchasede0_.odudc as odudc88_40_0_, purchasede0_.odudf as odudf89_40_0_, purchasede0_.oduom as oduom90_40_0_, purchasede0_.odvnid as odvnid91_40_0_, purchaseor1_.ohcoid as ohcoid1_39_1_, purchaseor1_.ohdocono as ohdocono2_39_1_, purchaseor1_.ohdocoty as ohdocoty3_39_1_, purchaseor1_.ohcid as ohcid4_39_1_, purchaseor1_.ohdtin as ohdtin5_39_1_, purchaseor1_.ohtmin as ohtmin6_39_1_, purchaseor1_.ohuid as ohuid7_39_1_, purchaseor1_.ohdtlu as ohdtlu8_39_1_, purchaseor1_.ohtmlu as ohtmlu9_39_1_, purchaseor1_.ohuidm as ohuidm10_39_1_, purchaseor1_.ohaprcd as ohaprcd11_39_1_, purchaseor1_.ohcrcb as ohcrcb12_39_1_, purchaseor1_.ohbuid as ohbuid13_39_1_, purchaseor1_.ohcldt as ohcldt14_39_1_, purchaseor1_.ohcot as ohcot15_39_1_, purchaseor1_.ohcsid as ohcsid16_39_1_, purchaseor1_.ohdesb1 as ohdesb17_39_1_, purchaseor1_.ohdccd as ohdccd18_39_1_, purchaseor1_.ohdcrt as ohdcrt19_39_1_, purchaseor1_.ohexcrt as ohexcrt20_39_1_, purchaseor1_.ohgldt as ohgldt21_39_1_, purchaseor1_.ohidd as ohidd22_39_1_, purchaseor1_.ohidn as ohidn23_39_1_, purchaseor1_.ohlst as ohlst24_39_1_, purchaseor1_.ohnst as ohnst25_39_1_, purchaseor1_.ohobid as ohobid26_39_1_, purchaseor1_.ohordt as ohordt27_39_1_, purchaseor1_.ohptc as ohptc28_39_1_, purchaseor1_.ohpoa as ohpoa29_39_1_, purchaseor1_.ohpod as ohpod30_39_1_, purchaseor1_.ohpjid as ohpjid31_39_1_, purchaseor1_.ohpddt as ohpddt32_39_1_, purchaseor1_.ohrcdt as ohrcdt33_39_1_, purchaseor1_.ohstid as ohstid34_39_1_, purchaseor1_.ohrqdt as ohrqdt35_39_1_, purchaseor1_.ohtaxal as ohtaxal36_39_1_, purchaseor1_.ohtaxcd as ohtaxcd37_39_1_, purchaseor1_.ohtaxrt as ohtaxrt38_39_1_, purchaseor1_.ohcrct as ohcrct39_39_1_, purchaseor1_.ohdesc1 as ohdesc40_39_1_, purchaseor1_.ohdesc2 as ohdesc41_39_1_, purchaseor1_.ohvhrn as ohvhrn42_39_1_, purchaseor1_.ohvhty as ohvhty43_39_1_, purchaseor1_.ohvnid as ohvnid44_39_1_ from t4311 purchasede0_ inner join t4301 purchaseor1_ on purchasede0_.odcoid=purchaseor1_.ohcoid and purchasede0_.oddocono=purchaseor1_.ohdocono and purchasede0_.oddocoty=purchaseor1_.ohdocoty where purchasede0_.odcoid=? and purchasede0_.oddocono=? and purchasede0_.oddocosq=? and purchasede0_.oddocoty=?
Hibernate: select serialnumb0_.coid as coid1_43_0_, serialnumb0_.docno as docno2_43_0_, serialnumb0_.docty as docty3_43_0_, serialnumb0_.docsq as docsq4_43_0_, serialnumb0_.buid as buid5_43_0_, serialnumb0_.inum as inum6_43_0_, serialnumb0_.snlot as snlot7_43_0_, lotmaster1_.ltbuid as ltbuid1_34_1_, lotmaster1_.ltinum as ltinum2_34_1_, lotmaster1_.ltsnlot as ltsnlot3_34_1_, lotmaster1_.ltcid as ltcid4_34_1_, lotmaster1_.ltdtin as ltdtin5_34_1_, lotmaster1_.lttmin as lttmin6_34_1_, lotmaster1_.ltuid as ltuid7_34_1_, lotmaster1_.ltdtlu as ltdtlu8_34_1_, lotmaster1_.lttmlu as lttmlu9_34_1_, lotmaster1_.ltuidm as ltuidm10_34_1_, lotmaster1_.ltbodt as ltbodt11_34_1_, lotmaster1_.ltbbdt as ltbbdt12_34_1_, lotmaster1_.ltcldt as ltcldt13_34_1_, lotmaster1_.ltexpdt as ltexpdt14_34_1_, lotmaster1_.ltldsc as ltldsc15_34_1_, lotmaster1_.ltledt as ltledt16_34_1_, lotmaster1_.ltlsc as ltlsc17_34_1_, lotmaster1_.ltmlot1 as ltmlot18_34_1_, lotmaster1_.ltmlot2 as ltmlot19_34_1_, lotmaster1_.ltmlot3 as ltmlot20_34_1_, lotmaster1_.ltohdt as ltohdt21_34_1_, lotmaster1_.ltsern as ltsern22_34_1_ from transaction_serialnumbers serialnumb0_ inner join t4108 lotmaster1_ on serialnumb0_.buid=lotmaster1_.ltbuid and serialnumb0_.inum=lotmaster1_.ltinum and serialnumb0_.snlot=lotmaster1_.ltsnlot where serialnumb0_.coid=? and serialnumb0_.docno=? and serialnumb0_.docty=? and serialnumb0_.docsq=?
Hibernate: select purchasede0_.odcoid as odcoid1_40_0_, purchasede0_.oddocono as oddocono2_40_0_, purchasede0_.oddocosq as oddocosq3_40_0_, purchasede0_.oddocoty as oddocoty4_40_0_, purchasede0_.odcid as odcid5_40_0_, purchasede0_.oddtin as oddtin6_40_0_, purchasede0_.odtmin as odtmin7_40_0_, purchasede0_.oduid as oduid8_40_0_, purchasede0_.oddtlu as oddtlu9_40_0_, purchasede0_.odtmlu as odtmlu10_40_0_, purchasede0_.oduidm as oduidm11_40_0_, purchasede0_.odacid as odacid12_40_0_, purchasede0_.odaprcd as odaprcd13_40_0_, purchasede0_.odcrcb as odcrcb14_40_0_, purchasede0_.oditc02 as oditc15_40_0_, purchasede0_.odbuid as odbuid16_40_0_, purchasede0_.odqtycl as odqtycl17_40_0_, purchasede0_.oditc01 as oditc18_40_0_, purchasede0_.odcldt as odcldt19_40_0_, purchasede0_.odcsid as odcsid20_40_0_, purchasede0_.oddccd as oddccd21_40_0_, purchasede0_.oddcrt as oddcrt22_40_0_, purchasede0_.odexcrt as odexcrt23_40_0_, purchasede0_.odexcost as odexcos24_40_0_, purchasede0_.odqtyx as odqtyx25_40_0_, purchasede0_.oducfx as oducfx26_40_0_, purchasede0_.oduncostx as oduncos27_40_0_, purchasede0_.oduomx as oduomx28_40_0_, purchasede0_.odfec as odfec29_40_0_, purchasede0_.odfta as odfta30_40_0_, purchasede0_.odftb as odftb31_40_0_, purchasede0_.odfuc as odfuc32_40_0_, purchasede0_.odglcls as odglcls33_40_0_, purchasede0_.odgldt as odgldt34_40_0_, purchasede0_.odir02 as odir35_40_0_, purchasede0_.odir01 as odir36_40_0_, purchasede0_.odir03 as odir37_40_0_, purchasede0_.odinum as odinum38_40_0_, purchasede0_.oddesb1 as oddesb39_40_0_, purchasede0_.oditc05 as oditc40_40_0_, purchasede0_.odlst as odlst41_40_0_, purchasede0_.odlnty as odlnty42_40_0_, purchasede0_.odlocid as odlocid43_40_0_, purchasede0_.odnst as odnst44_40_0_, purchasede0_.odobid as odobid45_40_0_, purchasede0_.odqtyop as odqtyop46_40_0_, purchasede0_.odordt as odordt47_40_0_, purchasede0_.odqtyor as odqtyor48_40_0_, purchasede0_.odott as odott49_40_0_, purchasede0_.odordocdt as odordoc50_40_0_, purchasede0_.odordocno as odordoc51_40_0_, purchasede0_.odordocsq as odordoc52_40_0_, purchasede0_.odordocty as odordoc53_40_0_, purchasede0_.odptc as odptc54_40_0_, purchasede0_.odpqor as odpqor55_40_0_, purchasede0_.oduom1 as oduom56_40_0_, purchasede0_.odpjid as odpjid57_40_0_, purchasede0_.odpddt as odpddt58_40_0_, purchasede0_.odpo03 as odpo59_40_0_, purchasede0_.odpo01 as odpo60_40_0_, purchasede0_.odpo02 as odpo61_40_0_, purchasede0_.odqty as odqty62_40_0_, purchasede0_.odrcdt as odrcdt63_40_0_, purchasede0_.odqtyrc as odqtyrc64_40_0_, purchasede0_.odstid as odstid65_40_0_, purchasede0_.odvr04 as odvr66_40_0_, purchasede0_.odvr01 as odvr67_40_0_, purchasede0_.odvr03 as odvr68_40_0_, purchasede0_.odvr05 as odvr69_40_0_, purchasede0_.odvr02 as odvr70_40_0_, purchasede0_.odrldocno as odrldoc71_40_0_, purchasede0_.odrldocsq as odrldoc72_40_0_, purchasede0_.odrldocty as odrldoc73_40_0_, purchasede0_.odrqdt as odrqdt74_40_0_, purchasede0_.odqtyrn as odqtyrn75_40_0_, purchasede0_.odsqor as odsqor76_40_0_, purchasede0_.oduom2 as oduom77_40_0_, purchasede0_.odsnlot as odsnlot78_40_0_, purchasede0_.odtaxal as odtaxal79_40_0_, purchasede0_.odtaxam as odtaxam80_40_0_, purchasede0_.odtaxab as odtaxab81_40_0_, purchasede0_.odtaxcd as odtaxcd82_40_0_, purchasede0_.odtaxrt as odtaxrt83_40_0_, purchasede0_.odcrct as odcrct84_40_0_, purchasede0_.oditc03 as oditc85_40_0_, purchasede0_.oducf as oducf86_40_0_, purchasede0_.oduncost as oduncos87_40_0_, purchasede0_.odudc as odudc88_40_0_, purchasede0_.odudf as odudf89_40_0_, purchasede0_.oduom as oduom90_40_0_, purchasede0_.odvnid as odvnid91_40_0_, purchaseor1_.ohcoid as ohcoid1_39_1_, purchaseor1_.ohdocono as ohdocono2_39_1_, purchaseor1_.ohdocoty as ohdocoty3_39_1_, purchaseor1_.ohcid as ohcid4_39_1_, purchaseor1_.ohdtin as ohdtin5_39_1_, purchaseor1_.ohtmin as ohtmin6_39_1_, purchaseor1_.ohuid as ohuid7_39_1_, purchaseor1_.ohdtlu as ohdtlu8_39_1_, purchaseor1_.ohtmlu as ohtmlu9_39_1_, purchaseor1_.ohuidm as ohuidm10_39_1_, purchaseor1_.ohaprcd as ohaprcd11_39_1_, purchaseor1_.ohcrcb as ohcrcb12_39_1_, purchaseor1_.ohbuid as ohbuid13_39_1_, purchaseor1_.ohcldt as ohcldt14_39_1_, purchaseor1_.ohcot as ohcot15_39_1_, purchaseor1_.ohcsid as ohcsid16_39_1_, purchaseor1_.ohdesb1 as ohdesb17_39_1_, purchaseor1_.ohdccd as ohdccd18_39_1_, purchaseor1_.ohdcrt as ohdcrt19_39_1_, purchaseor1_.ohexcrt as ohexcrt20_39_1_, purchaseor1_.ohgldt as ohgldt21_39_1_, purchaseor1_.ohidd as ohidd22_39_1_, purchaseor1_.ohidn as ohidn23_39_1_, purchaseor1_.ohlst as ohlst24_39_1_, purchaseor1_.ohnst as ohnst25_39_1_, purchaseor1_.ohobid as ohobid26_39_1_, purchaseor1_.ohordt as ohordt27_39_1_, purchaseor1_.ohptc as ohptc28_39_1_, purchaseor1_.ohpoa as ohpoa29_39_1_, purchaseor1_.ohpod as ohpod30_39_1_, purchaseor1_.ohpjid as ohpjid31_39_1_, purchaseor1_.ohpddt as ohpddt32_39_1_, purchaseor1_.ohrcdt as ohrcdt33_39_1_, purchaseor1_.ohstid as ohstid34_39_1_, purchaseor1_.ohrqdt as ohrqdt35_39_1_, purchaseor1_.ohtaxal as ohtaxal36_39_1_, purchaseor1_.ohtaxcd as ohtaxcd37_39_1_, purchaseor1_.ohtaxrt as ohtaxrt38_39_1_, purchaseor1_.ohcrct as ohcrct39_39_1_, purchaseor1_.ohdesc1 as ohdesc40_39_1_, purchaseor1_.ohdesc2 as ohdesc41_39_1_, purchaseor1_.ohvhrn as ohvhrn42_39_1_, purchaseor1_.ohvhty as ohvhty43_39_1_, purchaseor1_.ohvnid as ohvnid44_39_1_ from t4311 purchasede0_ inner join t4301 purchaseor1_ on purchasede0_.odcoid=purchaseor1_.ohcoid and purchasede0_.oddocono=purchaseor1_.ohdocono and purchasede0_.oddocoty=purchaseor1_.ohdocoty where purchasede0_.odcoid=? and purchasede0_.oddocono=? and purchasede0_.oddocosq=? and purchasede0_.oddocoty=?
Hibernate: select serialnumb0_.coid as coid1_43_0_, serialnumb0_.docno as docno2_43_0_, serialnumb0_.docty as docty3_43_0_, serialnumb0_.docsq as docsq4_43_0_, serialnumb0_.buid as buid5_43_0_, serialnumb0_.inum as inum6_43_0_, serialnumb0_.snlot as snlot7_43_0_, lotmaster1_.ltbuid as ltbuid1_34_1_, lotmaster1_.ltinum as ltinum2_34_1_, lotmaster1_.ltsnlot as ltsnlot3_34_1_, lotmaster1_.ltcid as ltcid4_34_1_, lotmaster1_.ltdtin as ltdtin5_34_1_, lotmaster1_.lttmin as lttmin6_34_1_, lotmaster1_.ltuid as ltuid7_34_1_, lotmaster1_.ltdtlu as ltdtlu8_34_1_, lotmaster1_.lttmlu as lttmlu9_34_1_, lotmaster1_.ltuidm as ltuidm10_34_1_, lotmaster1_.ltbodt as ltbodt11_34_1_, lotmaster1_.ltbbdt as ltbbdt12_34_1_, lotmaster1_.ltcldt as ltcldt13_34_1_, lotmaster1_.ltexpdt as ltexpdt14_34_1_, lotmaster1_.ltldsc as ltldsc15_34_1_, lotmaster1_.ltledt as ltledt16_34_1_, lotmaster1_.ltlsc as ltlsc17_34_1_, lotmaster1_.ltmlot1 as ltmlot18_34_1_, lotmaster1_.ltmlot2 as ltmlot19_34_1_, lotmaster1_.ltmlot3 as ltmlot20_34_1_, lotmaster1_.ltohdt as ltohdt21_34_1_, lotmaster1_.ltsern as ltsern22_34_1_ from transaction_serialnumbers serialnumb0_ inner join t4108 lotmaster1_ on serialnumb0_.buid=lotmaster1_.ltbuid and serialnumb0_.inum=lotmaster1_.ltinum and serialnumb0_.snlot=lotmaster1_.ltsnlot where serialnumb0_.coid=? and serialnumb0_.docno=? and serialnumb0_.docty=? and serialnumb0_.docsq=?
Hibernate: select purchasede0_.odcoid as odcoid1_40_0_, purchasede0_.oddocono as oddocono2_40_0_, purchasede0_.oddocosq as oddocosq3_40_0_, purchasede0_.oddocoty as oddocoty4_40_0_, purchasede0_.odcid as odcid5_40_0_, purchasede0_.oddtin as oddtin6_40_0_, purchasede0_.odtmin as odtmin7_40_0_, purchasede0_.oduid as oduid8_40_0_, purchasede0_.oddtlu as oddtlu9_40_0_, purchasede0_.odtmlu as odtmlu10_40_0_, purchasede0_.oduidm as oduidm11_40_0_, purchasede0_.odacid as odacid12_40_0_, purchasede0_.odaprcd as odaprcd13_40_0_, purchasede0_.odcrcb as odcrcb14_40_0_, purchasede0_.oditc02 as oditc15_40_0_, purchasede0_.odbuid as odbuid16_40_0_, purchasede0_.odqtycl as odqtycl17_40_0_, purchasede0_.oditc01 as oditc18_40_0_, purchasede0_.odcldt as odcldt19_40_0_, purchasede0_.odcsid as odcsid20_40_0_, purchasede0_.oddccd as oddccd21_40_0_, purchasede0_.oddcrt as oddcrt22_40_0_, purchasede0_.odexcrt as odexcrt23_40_0_, purchasede0_.odexcost as odexcos24_40_0_, purchasede0_.odqtyx as odqtyx25_40_0_, purchasede0_.oducfx as oducfx26_40_0_, purchasede0_.oduncostx as oduncos27_40_0_, purchasede0_.oduomx as oduomx28_40_0_, purchasede0_.odfec as odfec29_40_0_, purchasede0_.odfta as odfta30_40_0_, purchasede0_.odftb as odftb31_40_0_, purchasede0_.odfuc as odfuc32_40_0_, purchasede0_.odglcls as odglcls33_40_0_, purchasede0_.odgldt as odgldt34_40_0_, purchasede0_.odir02 as odir35_40_0_, purchasede0_.odir01 as odir36_40_0_, purchasede0_.odir03 as odir37_40_0_, purchasede0_.odinum as odinum38_40_0_, purchasede0_.oddesb1 as oddesb39_40_0_, purchasede0_.oditc05 as oditc40_40_0_, purchasede0_.odlst as odlst41_40_0_, purchasede0_.odlnty as odlnty42_40_0_, purchasede0_.odlocid as odlocid43_40_0_, purchasede0_.odnst as odnst44_40_0_, purchasede0_.odobid as odobid45_40_0_, purchasede0_.odqtyop as odqtyop46_40_0_, purchasede0_.odordt as odordt47_40_0_, purchasede0_.odqtyor as odqtyor48_40_0_, purchasede0_.odott as odott49_40_0_, purchasede0_.odordocdt as odordoc50_40_0_, purchasede0_.odordocno as odordoc51_40_0_, purchasede0_.odordocsq as odordoc52_40_0_, purchasede0_.odordocty as odordoc53_40_0_, purchasede0_.odptc as odptc54_40_0_, purchasede0_.odpqor as odpqor55_40_0_, purchasede0_.oduom1 as oduom56_40_0_, purchasede0_.odpjid as odpjid57_40_0_, purchasede0_.odpddt as odpddt58_40_0_, purchasede0_.odpo03 as odpo59_40_0_, purchasede0_.odpo01 as odpo60_40_0_, purchasede0_.odpo02 as odpo61_40_0_, purchasede0_.odqty as odqty62_40_0_, purchasede0_.odrcdt as odrcdt63_40_0_, purchasede0_.odqtyrc as odqtyrc64_40_0_, purchasede0_.odstid as odstid65_40_0_, purchasede0_.odvr04 as odvr66_40_0_, purchasede0_.odvr01 as odvr67_40_0_, purchasede0_.odvr03 as odvr68_40_0_, purchasede0_.odvr05 as odvr69_40_0_, purchasede0_.odvr02 as odvr70_40_0_, purchasede0_.odrldocno as odrldoc71_40_0_, purchasede0_.odrldocsq as odrldoc72_40_0_, purchasede0_.odrldocty as odrldoc73_40_0_, purchasede0_.odrqdt as odrqdt74_40_0_, purchasede0_.odqtyrn as odqtyrn75_40_0_, purchasede0_.odsqor as odsqor76_40_0_, purchasede0_.oduom2 as oduom77_40_0_, purchasede0_.odsnlot as odsnlot78_40_0_, purchasede0_.odtaxal as odtaxal79_40_0_, purchasede0_.odtaxam as odtaxam80_40_0_, purchasede0_.odtaxab as odtaxab81_40_0_, purchasede0_.odtaxcd as odtaxcd82_40_0_, purchasede0_.odtaxrt as odtaxrt83_40_0_, purchasede0_.odcrct as odcrct84_40_0_, purchasede0_.oditc03 as oditc85_40_0_, purchasede0_.oducf as oducf86_40_0_, purchasede0_.oduncost as oduncos87_40_0_, purchasede0_.odudc as odudc88_40_0_, purchasede0_.odudf as odudf89_40_0_, purchasede0_.oduom as oduom90_40_0_, purchasede0_.odvnid as odvnid91_40_0_, purchaseor1_.ohcoid as ohcoid1_39_1_, purchaseor1_.ohdocono as ohdocono2_39_1_, purchaseor1_.ohdocoty as ohdocoty3_39_1_, purchaseor1_.ohcid as ohcid4_39_1_, purchaseor1_.ohdtin as ohdtin5_39_1_, purchaseor1_.ohtmin as ohtmin6_39_1_, purchaseor1_.ohuid as ohuid7_39_1_, purchaseor1_.ohdtlu as ohdtlu8_39_1_, purchaseor1_.ohtmlu as ohtmlu9_39_1_, purchaseor1_.ohuidm as ohuidm10_39_1_, purchaseor1_.ohaprcd as ohaprcd11_39_1_, purchaseor1_.ohcrcb as ohcrcb12_39_1_, purchaseor1_.ohbuid as ohbuid13_39_1_, purchaseor1_.ohcldt as ohcldt14_39_1_, purchaseor1_.ohcot as ohcot15_39_1_, purchaseor1_.ohcsid as ohcsid16_39_1_, purchaseor1_.ohdesb1 as ohdesb17_39_1_, purchaseor1_.ohdccd as ohdccd18_39_1_, purchaseor1_.ohdcrt as ohdcrt19_39_1_, purchaseor1_.ohexcrt as ohexcrt20_39_1_, purchaseor1_.ohgldt as ohgldt21_39_1_, purchaseor1_.ohidd as ohidd22_39_1_, purchaseor1_.ohidn as ohidn23_39_1_, purchaseor1_.ohlst as ohlst24_39_1_, purchaseor1_.ohnst as ohnst25_39_1_, purchaseor1_.ohobid as ohobid26_39_1_, purchaseor1_.ohordt as ohordt27_39_1_, purchaseor1_.ohptc as ohptc28_39_1_, purchaseor1_.ohpoa as ohpoa29_39_1_, purchaseor1_.ohpod as ohpod30_39_1_, purchaseor1_.ohpjid as ohpjid31_39_1_, purchaseor1_.ohpddt as ohpddt32_39_1_, purchaseor1_.ohrcdt as ohrcdt33_39_1_, purchaseor1_.ohstid as ohstid34_39_1_, purchaseor1_.ohrqdt as ohrqdt35_39_1_, purchaseor1_.ohtaxal as ohtaxal36_39_1_, purchaseor1_.ohtaxcd as ohtaxcd37_39_1_, purchaseor1_.ohtaxrt as ohtaxrt38_39_1_, purchaseor1_.ohcrct as ohcrct39_39_1_, purchaseor1_.ohdesc1 as ohdesc40_39_1_, purchaseor1_.ohdesc2 as ohdesc41_39_1_, purchaseor1_.ohvhrn as ohvhrn42_39_1_, purchaseor1_.ohvhty as ohvhty43_39_1_, purchaseor1_.ohvnid as ohvnid44_39_1_ from t4311 purchasede0_ inner join t4301 purchaseor1_ on purchasede0_.odcoid=purchaseor1_.ohcoid and purchasede0_.oddocono=purchaseor1_.ohdocono and purchasede0_.oddocoty=purchaseor1_.ohdocoty where purchasede0_.odcoid=? and purchasede0_.oddocono=? and purchasede0_.oddocosq=? and purchasede0_.oddocoty=?
Hibernate: select serialnumb0_.coid as coid1_43_0_, serialnumb0_.docno as docno2_43_0_, serialnumb0_.docty as docty3_43_0_, serialnumb0_.docsq as docsq4_43_0_, serialnumb0_.buid as buid5_43_0_, serialnumb0_.inum as inum6_43_0_, serialnumb0_.snlot as snlot7_43_0_, lotmaster1_.ltbuid as ltbuid1_34_1_, lotmaster1_.ltinum as ltinum2_34_1_, lotmaster1_.ltsnlot as ltsnlot3_34_1_, lotmaster1_.ltcid as ltcid4_34_1_, lotmaster1_.ltdtin as ltdtin5_34_1_, lotmaster1_.lttmin as lttmin6_34_1_, lotmaster1_.ltuid as ltuid7_34_1_, lotmaster1_.ltdtlu as ltdtlu8_34_1_, lotmaster1_.lttmlu as lttmlu9_34_1_, lotmaster1_.ltuidm as ltuidm10_34_1_, lotmaster1_.ltbodt as ltbodt11_34_1_, lotmaster1_.ltbbdt as ltbbdt12_34_1_, lotmaster1_.ltcldt as ltcldt13_34_1_, lotmaster1_.ltexpdt as ltexpdt14_34_1_, lotmaster1_.ltldsc as ltldsc15_34_1_, lotmaster1_.ltledt as ltledt16_34_1_, lotmaster1_.ltlsc as ltlsc17_34_1_, lotmaster1_.ltmlot1 as ltmlot18_34_1_, lotmaster1_.ltmlot2 as ltmlot19_34_1_, lotmaster1_.ltmlot3 as ltmlot20_34_1_, lotmaster1_.ltohdt as ltohdt21_34_1_, lotmaster1_.ltsern as ltsern22_34_1_ from transaction_serialnumbers serialnumb0_ inner join t4108 lotmaster1_ on serialnumb0_.buid=lotmaster1_.ltbuid and serialnumb0_.inum=lotmaster1_.ltinum and serialnumb0_.snlot=lotmaster1_.ltsnlot where serialnumb0_.coid=? and serialnumb0_.docno=? and serialnumb0_.docty=? and serialnumb0_.docsq=?
Hibernate: select purchasede0_.odcoid as odcoid1_40_0_, purchasede0_.oddocono as oddocono2_40_0_, purchasede0_.oddocosq as oddocosq3_40_0_, purchasede0_.oddocoty as oddocoty4_40_0_, purchasede0_.odcid as odcid5_40_0_, purchasede0_.oddtin as oddtin6_40_0_, purchasede0_.odtmin as odtmin7_40_0_, purchasede0_.oduid as oduid8_40_0_, purchasede0_.oddtlu as oddtlu9_40_0_, purchasede0_.odtmlu as odtmlu10_40_0_, purchasede0_.oduidm as oduidm11_40_0_, purchasede0_.odacid as odacid12_40_0_, purchasede0_.odaprcd as odaprcd13_40_0_, purchasede0_.odcrcb as odcrcb14_40_0_, purchasede0_.oditc02 as oditc15_40_0_, purchasede0_.odbuid as odbuid16_40_0_, purchasede0_.odqtycl as odqtycl17_40_0_, purchasede0_.oditc01 as oditc18_40_0_, purchasede0_.odcldt as odcldt19_40_0_, purchasede0_.odcsid as odcsid20_40_0_, purchasede0_.oddccd as oddccd21_40_0_, purchasede0_.oddcrt as oddcrt22_40_0_, purchasede0_.odexcrt as odexcrt23_40_0_, purchasede0_.odexcost as odexcos24_40_0_, purchasede0_.odqtyx as odqtyx25_40_0_, purchasede0_.oducfx as oducfx26_40_0_, purchasede0_.oduncostx as oduncos27_40_0_, purchasede0_.oduomx as oduomx28_40_0_, purchasede0_.odfec as odfec29_40_0_, purchasede0_.odfta as odfta30_40_0_, purchasede0_.odftb as odftb31_40_0_, purchasede0_.odfuc as odfuc32_40_0_, purchasede0_.odglcls as odglcls33_40_0_, purchasede0_.odgldt as odgldt34_40_0_, purchasede0_.odir02 as odir35_40_0_, purchasede0_.odir01 as odir36_40_0_, purchasede0_.odir03 as odir37_40_0_, purchasede0_.odinum as odinum38_40_0_, purchasede0_.oddesb1 as oddesb39_40_0_, purchasede0_.oditc05 as oditc40_40_0_, purchasede0_.odlst as odlst41_40_0_, purchasede0_.odlnty as odlnty42_40_0_, purchasede0_.odlocid as odlocid43_40_0_, purchasede0_.odnst as odnst44_40_0_, purchasede0_.odobid as odobid45_40_0_, purchasede0_.odqtyop as odqtyop46_40_0_, purchasede0_.odordt as odordt47_40_0_, purchasede0_.odqtyor as odqtyor48_40_0_, purchasede0_.odott as odott49_40_0_, purchasede0_.odordocdt as odordoc50_40_0_, purchasede0_.odordocno as odordoc51_40_0_, purchasede0_.odordocsq as odordoc52_40_0_, purchasede0_.odordocty as odordoc53_40_0_, purchasede0_.odptc as odptc54_40_0_, purchasede0_.odpqor as odpqor55_40_0_, purchasede0_.oduom1 as oduom56_40_0_, purchasede0_.odpjid as odpjid57_40_0_, purchasede0_.odpddt as odpddt58_40_0_, purchasede0_.odpo03 as odpo59_40_0_, purchasede0_.odpo01 as odpo60_40_0_, purchasede0_.odpo02 as odpo61_40_0_, purchasede0_.odqty as odqty62_40_0_, purchasede0_.odrcdt as odrcdt63_40_0_, purchasede0_.odqtyrc as odqtyrc64_40_0_, purchasede0_.odstid as odstid65_40_0_, purchasede0_.odvr04 as odvr66_40_0_, purchasede0_.odvr01 as odvr67_40_0_, purchasede0_.odvr03 as odvr68_40_0_, purchasede0_.odvr05 as odvr69_40_0_, purchasede0_.odvr02 as odvr70_40_0_, purchasede0_.odrldocno as odrldoc71_40_0_, purchasede0_.odrldocsq as odrldoc72_40_0_, purchasede0_.odrldocty as odrldoc73_40_0_, purchasede0_.odrqdt as odrqdt74_40_0_, purchasede0_.odqtyrn as odqtyrn75_40_0_, purchasede0_.odsqor as odsqor76_40_0_, purchasede0_.oduom2 as oduom77_40_0_, purchasede0_.odsnlot as odsnlot78_40_0_, purchasede0_.odtaxal as odtaxal79_40_0_, purchasede0_.odtaxam as odtaxam80_40_0_, purchasede0_.odtaxab as odtaxab81_40_0_, purchasede0_.odtaxcd as odtaxcd82_40_0_, purchasede0_.odtaxrt as odtaxrt83_40_0_, purchasede0_.odcrct as odcrct84_40_0_, purchasede0_.oditc03 as oditc85_40_0_, purchasede0_.oducf as oducf86_40_0_, purchasede0_.oduncost as oduncos87_40_0_, purchasede0_.odudc as odudc88_40_0_, purchasede0_.odudf as odudf89_40_0_, purchasede0_.oduom as oduom90_40_0_, purchasede0_.odvnid as odvnid91_40_0_, purchaseor1_.ohcoid as ohcoid1_39_1_, purchaseor1_.ohdocono as ohdocono2_39_1_, purchaseor1_.ohdocoty as ohdocoty3_39_1_, purchaseor1_.ohcid as ohcid4_39_1_, purchaseor1_.ohdtin as ohdtin5_39_1_, purchaseor1_.ohtmin as ohtmin6_39_1_, purchaseor1_.ohuid as ohuid7_39_1_, purchaseor1_.ohdtlu as ohdtlu8_39_1_, purchaseor1_.ohtmlu as ohtmlu9_39_1_, purchaseor1_.ohuidm as ohuidm10_39_1_, purchaseor1_.ohaprcd as ohaprcd11_39_1_, purchaseor1_.ohcrcb as ohcrcb12_39_1_, purchaseor1_.ohbuid as ohbuid13_39_1_, purchaseor1_.ohcldt as ohcldt14_39_1_, purchaseor1_.ohcot as ohcot15_39_1_, purchaseor1_.ohcsid as ohcsid16_39_1_, purchaseor1_.ohdesb1 as ohdesb17_39_1_, purchaseor1_.ohdccd as ohdccd18_39_1_, purchaseor1_.ohdcrt as ohdcrt19_39_1_, purchaseor1_.ohexcrt as ohexcrt20_39_1_, purchaseor1_.ohgldt as ohgldt21_39_1_, purchaseor1_.ohidd as ohidd22_39_1_, purchaseor1_.ohidn as ohidn23_39_1_, purchaseor1_.ohlst as ohlst24_39_1_, purchaseor1_.ohnst as ohnst25_39_1_, purchaseor1_.ohobid as ohobid26_39_1_, purchaseor1_.ohordt as ohordt27_39_1_, purchaseor1_.ohptc as ohptc28_39_1_, purchaseor1_.ohpoa as ohpoa29_39_1_, purchaseor1_.ohpod as ohpod30_39_1_, purchaseor1_.ohpjid as ohpjid31_39_1_, purchaseor1_.ohpddt as ohpddt32_39_1_, purchaseor1_.ohrcdt as ohrcdt33_39_1_, purchaseor1_.ohstid as ohstid34_39_1_, purchaseor1_.ohrqdt as ohrqdt35_39_1_, purchaseor1_.ohtaxal as ohtaxal36_39_1_, purchaseor1_.ohtaxcd as ohtaxcd37_39_1_, purchaseor1_.ohtaxrt as ohtaxrt38_39_1_, purchaseor1_.ohcrct as ohcrct39_39_1_, purchaseor1_.ohdesc1 as ohdesc40_39_1_, purchaseor1_.ohdesc2 as ohdesc41_39_1_, purchaseor1_.ohvhrn as ohvhrn42_39_1_, purchaseor1_.ohvhty as ohvhty43_39_1_, purchaseor1_.ohvnid as ohvnid44_39_1_ from t4311 purchasede0_ inner join t4301 purchaseor1_ on purchasede0_.odcoid=purchaseor1_.ohcoid and purchasede0_.oddocono=purchaseor1_.ohdocono and purchasede0_.oddocoty=purchaseor1_.ohdocoty where purchasede0_.odcoid=? and purchasede0_.oddocono=? and purchasede0_.oddocosq=? and purchasede0_.oddocoty=?
Hibernate: select serialnumb0_.coid as coid1_43_0_, serialnumb0_.docno as docno2_43_0_, serialnumb0_.docty as docty3_43_0_, serialnumb0_.docsq as docsq4_43_0_, serialnumb0_.buid as buid5_43_0_, serialnumb0_.inum as inum6_43_0_, serialnumb0_.snlot as snlot7_43_0_, lotmaster1_.ltbuid as ltbuid1_34_1_, lotmaster1_.ltinum as ltinum2_34_1_, lotmaster1_.ltsnlot as ltsnlot3_34_1_, lotmaster1_.ltcid as ltcid4_34_1_, lotmaster1_.ltdtin as ltdtin5_34_1_, lotmaster1_.lttmin as lttmin6_34_1_, lotmaster1_.ltuid as ltuid7_34_1_, lotmaster1_.ltdtlu as ltdtlu8_34_1_, lotmaster1_.lttmlu as lttmlu9_34_1_, lotmaster1_.ltuidm as ltuidm10_34_1_, lotmaster1_.ltbodt as ltbodt11_34_1_, lotmaster1_.ltbbdt as ltbbdt12_34_1_, lotmaster1_.ltcldt as ltcldt13_34_1_, lotmaster1_.ltexpdt as ltexpdt14_34_1_, lotmaster1_.ltldsc as ltldsc15_34_1_, lotmaster1_.ltledt as ltledt16_34_1_, lotmaster1_.ltlsc as ltlsc17_34_1_, lotmaster1_.ltmlot1 as ltmlot18_34_1_, lotmaster1_.ltmlot2 as ltmlot19_34_1_, lotmaster1_.ltmlot3 as ltmlot20_34_1_, lotmaster1_.ltohdt as ltohdt21_34_1_, lotmaster1_.ltsern as ltsern22_34_1_ from transaction_serialnumbers serialnumb0_ inner join t4108 lotmaster1_ on serialnumb0_.buid=lotmaster1_.ltbuid and serialnumb0_.inum=lotmaster1_.ltinum and serialnumb0_.snlot=lotmaster1_.ltsnlot where serialnumb0_.coid=? and serialnumb0_.docno=? and serialnumb0_.docty=? and serialnumb0_.docsq=?
Hibernate: select purchasede0_.odcoid as odcoid1_40_0_, purchasede0_.oddocono as oddocono2_40_0_, purchasede0_.oddocosq as oddocosq3_40_0_, purchasede0_.oddocoty as oddocoty4_40_0_, purchasede0_.odcid as odcid5_40_0_, purchasede0_.oddtin as oddtin6_40_0_, purchasede0_.odtmin as odtmin7_40_0_, purchasede0_.oduid as oduid8_40_0_, purchasede0_.oddtlu as oddtlu9_40_0_, purchasede0_.odtmlu as odtmlu10_40_0_, purchasede0_.oduidm as oduidm11_40_0_, purchasede0_.odacid as odacid12_40_0_, purchasede0_.odaprcd as odaprcd13_40_0_, purchasede0_.odcrcb as odcrcb14_40_0_, purchasede0_.oditc02 as oditc15_40_0_, purchasede0_.odbuid as odbuid16_40_0_, purchasede0_.odqtycl as odqtycl17_40_0_, purchasede0_.oditc01 as oditc18_40_0_, purchasede0_.odcldt as odcldt19_40_0_, purchasede0_.odcsid as odcsid20_40_0_, purchasede0_.oddccd as oddccd21_40_0_, purchasede0_.oddcrt as oddcrt22_40_0_, purchasede0_.odexcrt as odexcrt23_40_0_, purchasede0_.odexcost as odexcos24_40_0_, purchasede0_.odqtyx as odqtyx25_40_0_, purchasede0_.oducfx as oducfx26_40_0_, purchasede0_.oduncostx as oduncos27_40_0_, purchasede0_.oduomx as oduomx28_40_0_, purchasede0_.odfec as odfec29_40_0_, purchasede0_.odfta as odfta30_40_0_, purchasede0_.odftb as odftb31_40_0_, purchasede0_.odfuc as odfuc32_40_0_, purchasede0_.odglcls as odglcls33_40_0_, purchasede0_.odgldt as odgldt34_40_0_, purchasede0_.odir02 as odir35_40_0_, purchasede0_.odir01 as odir36_40_0_, purchasede0_.odir03 as odir37_40_0_, purchasede0_.odinum as odinum38_40_0_, purchasede0_.oddesb1 as oddesb39_40_0_, purchasede0_.oditc05 as oditc40_40_0_, purchasede0_.odlst as odlst41_40_0_, purchasede0_.odlnty as odlnty42_40_0_, purchasede0_.odlocid as odlocid43_40_0_, purchasede0_.odnst as odnst44_40_0_, purchasede0_.odobid as odobid45_40_0_, purchasede0_.odqtyop as odqtyop46_40_0_, purchasede0_.odordt as odordt47_40_0_, purchasede0_.odqtyor as odqtyor48_40_0_, purchasede0_.odott as odott49_40_0_, purchasede0_.odordocdt as odordoc50_40_0_, purchasede0_.odordocno as odordoc51_40_0_, purchasede0_.odordocsq as odordoc52_40_0_, purchasede0_.odordocty as odordoc53_40_0_, purchasede0_.odptc as odptc54_40_0_, purchasede0_.odpqor as odpqor55_40_0_, purchasede0_.oduom1 as oduom56_40_0_, purchasede0_.odpjid as odpjid57_40_0_, purchasede0_.odpddt as odpddt58_40_0_, purchasede0_.odpo03 as odpo59_40_0_, purchasede0_.odpo01 as odpo60_40_0_, purchasede0_.odpo02 as odpo61_40_0_, purchasede0_.odqty as odqty62_40_0_, purchasede0_.odrcdt as odrcdt63_40_0_, purchasede0_.odqtyrc as odqtyrc64_40_0_, purchasede0_.odstid as odstid65_40_0_, purchasede0_.odvr04 as odvr66_40_0_, purchasede0_.odvr01 as odvr67_40_0_, purchasede0_.odvr03 as odvr68_40_0_, purchasede0_.odvr05 as odvr69_40_0_, purchasede0_.odvr02 as odvr70_40_0_, purchasede0_.odrldocno as odrldoc71_40_0_, purchasede0_.odrldocsq as odrldoc72_40_0_, purchasede0_.odrldocty as odrldoc73_40_0_, purchasede0_.odrqdt as odrqdt74_40_0_, purchasede0_.odqtyrn as odqtyrn75_40_0_, purchasede0_.odsqor as odsqor76_40_0_, purchasede0_.oduom2 as oduom77_40_0_, purchasede0_.odsnlot as odsnlot78_40_0_, purchasede0_.odtaxal as odtaxal79_40_0_, purchasede0_.odtaxam as odtaxam80_40_0_, purchasede0_.odtaxab as odtaxab81_40_0_, purchasede0_.odtaxcd as odtaxcd82_40_0_, purchasede0_.odtaxrt as odtaxrt83_40_0_, purchasede0_.odcrct as odcrct84_40_0_, purchasede0_.oditc03 as oditc85_40_0_, purchasede0_.oducf as oducf86_40_0_, purchasede0_.oduncost as oduncos87_40_0_, purchasede0_.odudc as odudc88_40_0_, purchasede0_.odudf as odudf89_40_0_, purchasede0_.oduom as oduom90_40_0_, purchasede0_.odvnid as odvnid91_40_0_, purchaseor1_.ohcoid as ohcoid1_39_1_, purchaseor1_.ohdocono as ohdocono2_39_1_, purchaseor1_.ohdocoty as ohdocoty3_39_1_, purchaseor1_.ohcid as ohcid4_39_1_, purchaseor1_.ohdtin as ohdtin5_39_1_, purchaseor1_.ohtmin as ohtmin6_39_1_, purchaseor1_.ohuid as ohuid7_39_1_, purchaseor1_.ohdtlu as ohdtlu8_39_1_, purchaseor1_.ohtmlu as ohtmlu9_39_1_, purchaseor1_.ohuidm as ohuidm10_39_1_, purchaseor1_.ohaprcd as ohaprcd11_39_1_, purchaseor1_.ohcrcb as ohcrcb12_39_1_, purchaseor1_.ohbuid as ohbuid13_39_1_, purchaseor1_.ohcldt as ohcldt14_39_1_, purchaseor1_.ohcot as ohcot15_39_1_, purchaseor1_.ohcsid as ohcsid16_39_1_, purchaseor1_.ohdesb1 as ohdesb17_39_1_, purchaseor1_.ohdccd as ohdccd18_39_1_, purchaseor1_.ohdcrt as ohdcrt19_39_1_, purchaseor1_.ohexcrt as ohexcrt20_39_1_, purchaseor1_.ohgldt as ohgldt21_39_1_, purchaseor1_.ohidd as ohidd22_39_1_, purchaseor1_.ohidn as ohidn23_39_1_, purchaseor1_.ohlst as ohlst24_39_1_, purchaseor1_.ohnst as ohnst25_39_1_, purchaseor1_.ohobid as ohobid26_39_1_, purchaseor1_.ohordt as ohordt27_39_1_, purchaseor1_.ohptc as ohptc28_39_1_, purchaseor1_.ohpoa as ohpoa29_39_1_, purchaseor1_.ohpod as ohpod30_39_1_, purchaseor1_.ohpjid as ohpjid31_39_1_, purchaseor1_.ohpddt as ohpddt32_39_1_, purchaseor1_.ohrcdt as ohrcdt33_39_1_, purchaseor1_.ohstid as ohstid34_39_1_, purchaseor1_.ohrqdt as ohrqdt35_39_1_, purchaseor1_.ohtaxal as ohtaxal36_39_1_, purchaseor1_.ohtaxcd as ohtaxcd37_39_1_, purchaseor1_.ohtaxrt as ohtaxrt38_39_1_, purchaseor1_.ohcrct as ohcrct39_39_1_, purchaseor1_.ohdesc1 as ohdesc40_39_1_, purchaseor1_.ohdesc2 as ohdesc41_39_1_, purchaseor1_.ohvhrn as ohvhrn42_39_1_, purchaseor1_.ohvhty as ohvhty43_39_1_, purchaseor1_.ohvnid as ohvnid44_39_1_ from t4311 purchasede0_ inner join t4301 purchaseor1_ on purchasede0_.odcoid=purchaseor1_.ohcoid and purchasede0_.oddocono=purchaseor1_.ohdocono and purchasede0_.oddocoty=purchaseor1_.ohdocoty where purchasede0_.odcoid=? and purchasede0_.oddocono=? and purchasede0_.oddocosq=? and purchasede0_.oddocoty=?
Hibernate: select serialnumb0_.coid as coid1_43_0_, serialnumb0_.docno as docno2_43_0_, serialnumb0_.docty as docty3_43_0_, serialnumb0_.docsq as docsq4_43_0_, serialnumb0_.buid as buid5_43_0_, serialnumb0_.inum as inum6_43_0_, serialnumb0_.snlot as snlot7_43_0_, lotmaster1_.ltbuid as ltbuid1_34_1_, lotmaster1_.ltinum as ltinum2_34_1_, lotmaster1_.ltsnlot as ltsnlot3_34_1_, lotmaster1_.ltcid as ltcid4_34_1_, lotmaster1_.ltdtin as ltdtin5_34_1_, lotmaster1_.lttmin as lttmin6_34_1_, lotmaster1_.ltuid as ltuid7_34_1_, lotmaster1_.ltdtlu as ltdtlu8_34_1_, lotmaster1_.lttmlu as lttmlu9_34_1_, lotmaster1_.ltuidm as ltuidm10_34_1_, lotmaster1_.ltbodt as ltbodt11_34_1_, lotmaster1_.ltbbdt as ltbbdt12_34_1_, lotmaster1_.ltcldt as ltcldt13_34_1_, lotmaster1_.ltexpdt as ltexpdt14_34_1_, lotmaster1_.ltldsc as ltldsc15_34_1_, lotmaster1_.ltledt as ltledt16_34_1_, lotmaster1_.ltlsc as ltlsc17_34_1_, lotmaster1_.ltmlot1 as ltmlot18_34_1_, lotmaster1_.ltmlot2 as ltmlot19_34_1_, lotmaster1_.ltmlot3 as ltmlot20_34_1_, lotmaster1_.ltohdt as ltohdt21_34_1_, lotmaster1_.ltsern as ltsern22_34_1_ from transaction_serialnumbers serialnumb0_ inner join t4108 lotmaster1_ on serialnumb0_.buid=lotmaster1_.ltbuid and serialnumb0_.inum=lotmaster1_.ltinum and serialnumb0_.snlot=lotmaster1_.ltsnlot where serialnumb0_.coid=? and serialnumb0_.docno=? and serialnumb0_.docty=? and serialnumb0_.docsq=?
Hibernate: select purchasede0_.odcoid as odcoid1_40_0_, purchasede0_.oddocono as oddocono2_40_0_, purchasede0_.oddocosq as oddocosq3_40_0_, purchasede0_.oddocoty as oddocoty4_40_0_, purchasede0_.odcid as odcid5_40_0_, purchasede0_.oddtin as oddtin6_40_0_, purchasede0_.odtmin as odtmin7_40_0_, purchasede0_.oduid as oduid8_40_0_, purchasede0_.oddtlu as oddtlu9_40_0_, purchasede0_.odtmlu as odtmlu10_40_0_, purchasede0_.oduidm as oduidm11_40_0_, purchasede0_.odacid as odacid12_40_0_, purchasede0_.odaprcd as odaprcd13_40_0_, purchasede0_.odcrcb as odcrcb14_40_0_, purchasede0_.oditc02 as oditc15_40_0_, purchasede0_.odbuid as odbuid16_40_0_, purchasede0_.odqtycl as odqtycl17_40_0_, purchasede0_.oditc01 as oditc18_40_0_, purchasede0_.odcldt as odcldt19_40_0_, purchasede0_.odcsid as odcsid20_40_0_, purchasede0_.oddccd as oddccd21_40_0_, purchasede0_.oddcrt as oddcrt22_40_0_, purchasede0_.odexcrt as odexcrt23_40_0_, purchasede0_.odexcost as odexcos24_40_0_, purchasede0_.odqtyx as odqtyx25_40_0_, purchasede0_.oducfx as oducfx26_40_0_, purchasede0_.oduncostx as oduncos27_40_0_, purchasede0_.oduomx as oduomx28_40_0_, purchasede0_.odfec as odfec29_40_0_, purchasede0_.odfta as odfta30_40_0_, purchasede0_.odftb as odftb31_40_0_, purchasede0_.odfuc as odfuc32_40_0_, purchasede0_.odglcls as odglcls33_40_0_, purchasede0_.odgldt as odgldt34_40_0_, purchasede0_.odir02 as odir35_40_0_, purchasede0_.odir01 as odir36_40_0_, purchasede0_.odir03 as odir37_40_0_, purchasede0_.odinum as odinum38_40_0_, purchasede0_.oddesb1 as oddesb39_40_0_, purchasede0_.oditc05 as oditc40_40_0_, purchasede0_.odlst as odlst41_40_0_, purchasede0_.odlnty as odlnty42_40_0_, purchasede0_.odlocid as odlocid43_40_0_, purchasede0_.odnst as odnst44_40_0_, purchasede0_.odobid as odobid45_40_0_, purchasede0_.odqtyop as odqtyop46_40_0_, purchasede0_.odordt as odordt47_40_0_, purchasede0_.odqtyor as odqtyor48_40_0_, purchasede0_.odott as odott49_40_0_, purchasede0_.odordocdt as odordoc50_40_0_, purchasede0_.odordocno as odordoc51_40_0_, purchasede0_.odordocsq as odordoc52_40_0_, purchasede0_.odordocty as odordoc53_40_0_, purchasede0_.odptc as odptc54_40_0_, purchasede0_.odpqor as odpqor55_40_0_, purchasede0_.oduom1 as oduom56_40_0_, purchasede0_.odpjid as odpjid57_40_0_, purchasede0_.odpddt as odpddt58_40_0_, purchasede0_.odpo03 as odpo59_40_0_, purchasede0_.odpo01 as odpo60_40_0_, purchasede0_.odpo02 as odpo61_40_0_, purchasede0_.odqty as odqty62_40_0_, purchasede0_.odrcdt as odrcdt63_40_0_, purchasede0_.odqtyrc as odqtyrc64_40_0_, purchasede0_.odstid as odstid65_40_0_, purchasede0_.odvr04 as odvr66_40_0_, purchasede0_.odvr01 as odvr67_40_0_, purchasede0_.odvr03 as odvr68_40_0_, purchasede0_.odvr05 as odvr69_40_0_, purchasede0_.odvr02 as odvr70_40_0_, purchasede0_.odrldocno as odrldoc71_40_0_, purchasede0_.odrldocsq as odrldoc72_40_0_, purchasede0_.odrldocty as odrldoc73_40_0_, purchasede0_.odrqdt as odrqdt74_40_0_, purchasede0_.odqtyrn as odqtyrn75_40_0_, purchasede0_.odsqor as odsqor76_40_0_, purchasede0_.oduom2 as oduom77_40_0_, purchasede0_.odsnlot as odsnlot78_40_0_, purchasede0_.odtaxal as odtaxal79_40_0_, purchasede0_.odtaxam as odtaxam80_40_0_, purchasede0_.odtaxab as odtaxab81_40_0_, purchasede0_.odtaxcd as odtaxcd82_40_0_, purchasede0_.odtaxrt as odtaxrt83_40_0_, purchasede0_.odcrct as odcrct84_40_0_, purchasede0_.oditc03 as oditc85_40_0_, purchasede0_.oducf as oducf86_40_0_, purchasede0_.oduncost as oduncos87_40_0_, purchasede0_.odudc as odudc88_40_0_, purchasede0_.odudf as odudf89_40_0_, purchasede0_.oduom as oduom90_40_0_, purchasede0_.odvnid as odvnid91_40_0_, purchaseor1_.ohcoid as ohcoid1_39_1_, purchaseor1_.ohdocono as ohdocono2_39_1_, purchaseor1_.ohdocoty as ohdocoty3_39_1_, purchaseor1_.ohcid as ohcid4_39_1_, purchaseor1_.ohdtin as ohdtin5_39_1_, purchaseor1_.ohtmin as ohtmin6_39_1_, purchaseor1_.ohuid as ohuid7_39_1_, purchaseor1_.ohdtlu as ohdtlu8_39_1_, purchaseor1_.ohtmlu as ohtmlu9_39_1_, purchaseor1_.ohuidm as ohuidm10_39_1_, purchaseor1_.ohaprcd as ohaprcd11_39_1_, purchaseor1_.ohcrcb as ohcrcb12_39_1_, purchaseor1_.ohbuid as ohbuid13_39_1_, purchaseor1_.ohcldt as ohcldt14_39_1_, purchaseor1_.ohcot as ohcot15_39_1_, purchaseor1_.ohcsid as ohcsid16_39_1_, purchaseor1_.ohdesb1 as ohdesb17_39_1_, purchaseor1_.ohdccd as ohdccd18_39_1_, purchaseor1_.ohdcrt as ohdcrt19_39_1_, purchaseor1_.ohexcrt as ohexcrt20_39_1_, purchaseor1_.ohgldt as ohgldt21_39_1_, purchaseor1_.ohidd as ohidd22_39_1_, purchaseor1_.ohidn as ohidn23_39_1_, purchaseor1_.ohlst as ohlst24_39_1_, purchaseor1_.ohnst as ohnst25_39_1_, purchaseor1_.ohobid as ohobid26_39_1_, purchaseor1_.ohordt as ohordt27_39_1_, purchaseor1_.ohptc as ohptc28_39_1_, purchaseor1_.ohpoa as ohpoa29_39_1_, purchaseor1_.ohpod as ohpod30_39_1_, purchaseor1_.ohpjid as ohpjid31_39_1_, purchaseor1_.ohpddt as ohpddt32_39_1_, purchaseor1_.ohrcdt as ohrcdt33_39_1_, purchaseor1_.ohstid as ohstid34_39_1_, purchaseor1_.ohrqdt as ohrqdt35_39_1_, purchaseor1_.ohtaxal as ohtaxal36_39_1_, purchaseor1_.ohtaxcd as ohtaxcd37_39_1_, purchaseor1_.ohtaxrt as ohtaxrt38_39_1_, purchaseor1_.ohcrct as ohcrct39_39_1_, purchaseor1_.ohdesc1 as ohdesc40_39_1_, purchaseor1_.ohdesc2 as ohdesc41_39_1_, purchaseor1_.ohvhrn as ohvhrn42_39_1_, purchaseor1_.ohvhty as ohvhty43_39_1_, purchaseor1_.ohvnid as ohvnid44_39_1_ from t4311 purchasede0_ inner join t4301 purchaseor1_ on purchasede0_.odcoid=purchaseor1_.ohcoid and purchasede0_.oddocono=purchaseor1_.ohdocono and purchasede0_.oddocoty=purchaseor1_.ohdocoty where purchasede0_.odcoid=? and purchasede0_.oddocono=? and purchasede0_.oddocosq=? and purchasede0_.oddocoty=?
Hibernate: select serialnumb0_.coid as coid1_43_0_, serialnumb0_.docno as docno2_43_0_, serialnumb0_.docty as docty3_43_0_, serialnumb0_.docsq as docsq4_43_0_, serialnumb0_.buid as buid5_43_0_, serialnumb0_.inum as inum6_43_0_, serialnumb0_.snlot as snlot7_43_0_, lotmaster1_.ltbuid as ltbuid1_34_1_, lotmaster1_.ltinum as ltinum2_34_1_, lotmaster1_.ltsnlot as ltsnlot3_34_1_, lotmaster1_.ltcid as ltcid4_34_1_, lotmaster1_.ltdtin as ltdtin5_34_1_, lotmaster1_.lttmin as lttmin6_34_1_, lotmaster1_.ltuid as ltuid7_34_1_, lotmaster1_.ltdtlu as ltdtlu8_34_1_, lotmaster1_.lttmlu as lttmlu9_34_1_, lotmaster1_.ltuidm as ltuidm10_34_1_, lotmaster1_.ltbodt as ltbodt11_34_1_, lotmaster1_.ltbbdt as ltbbdt12_34_1_, lotmaster1_.ltcldt as ltcldt13_34_1_, lotmaster1_.ltexpdt as ltexpdt14_34_1_, lotmaster1_.ltldsc as ltldsc15_34_1_, lotmaster1_.ltledt as ltledt16_34_1_, lotmaster1_.ltlsc as ltlsc17_34_1_, lotmaster1_.ltmlot1 as ltmlot18_34_1_, lotmaster1_.ltmlot2 as ltmlot19_34_1_, lotmaster1_.ltmlot3 as ltmlot20_34_1_, lotmaster1_.ltohdt as ltohdt21_34_1_, lotmaster1_.ltsern as ltsern22_34_1_ from transaction_serialnumbers serialnumb0_ inner join t4108 lotmaster1_ on serialnumb0_.buid=lotmaster1_.ltbuid and serialnumb0_.inum=lotmaster1_.ltinum and serialnumb0_.snlot=lotmaster1_.ltsnlot where serialnumb0_.coid=? and serialnumb0_.docno=? and serialnumb0_.docty=? and serialnumb0_.docsq=?
Hibernate: select purchasede0_.odcoid as odcoid1_40_0_, purchasede0_.oddocono as oddocono2_40_0_, purchasede0_.oddocosq as oddocosq3_40_0_, purchasede0_.oddocoty as oddocoty4_40_0_, purchasede0_.odcid as odcid5_40_0_, purchasede0_.oddtin as oddtin6_40_0_, purchasede0_.odtmin as odtmin7_40_0_, purchasede0_.oduid as oduid8_40_0_, purchasede0_.oddtlu as oddtlu9_40_0_, purchasede0_.odtmlu as odtmlu10_40_0_, purchasede0_.oduidm as oduidm11_40_0_, purchasede0_.odacid as odacid12_40_0_, purchasede0_.odaprcd as odaprcd13_40_0_, purchasede0_.odcrcb as odcrcb14_40_0_, purchasede0_.oditc02 as oditc15_40_0_, purchasede0_.odbuid as odbuid16_40_0_, purchasede0_.odqtycl as odqtycl17_40_0_, purchasede0_.oditc01 as oditc18_40_0_, purchasede0_.odcldt as odcldt19_40_0_, purchasede0_.odcsid as odcsid20_40_0_, purchasede0_.oddccd as oddccd21_40_0_, purchasede0_.oddcrt as oddcrt22_40_0_, purchasede0_.odexcrt as odexcrt23_40_0_, purchasede0_.odexcost as odexcos24_40_0_, purchasede0_.odqtyx as odqtyx25_40_0_, purchasede0_.oducfx as oducfx26_40_0_, purchasede0_.oduncostx as oduncos27_40_0_, purchasede0_.oduomx as oduomx28_40_0_, purchasede0_.odfec as odfec29_40_0_, purchasede0_.odfta as odfta30_40_0_, purchasede0_.odftb as odftb31_40_0_, purchasede0_.odfuc as odfuc32_40_0_, purchasede0_.odglcls as odglcls33_40_0_, purchasede0_.odgldt as odgldt34_40_0_, purchasede0_.odir02 as odir35_40_0_, purchasede0_.odir01 as odir36_40_0_, purchasede0_.odir03 as odir37_40_0_, purchasede0_.odinum as odinum38_40_0_, purchasede0_.oddesb1 as oddesb39_40_0_, purchasede0_.oditc05 as oditc40_40_0_, purchasede0_.odlst as odlst41_40_0_, purchasede0_.odlnty as odlnty42_40_0_, purchasede0_.odlocid as odlocid43_40_0_, purchasede0_.odnst as odnst44_40_0_, purchasede0_.odobid as odobid45_40_0_, purchasede0_.odqtyop as odqtyop46_40_0_, purchasede0_.odordt as odordt47_40_0_, purchasede0_.odqtyor as odqtyor48_40_0_, purchasede0_.odott as odott49_40_0_, purchasede0_.odordocdt as odordoc50_40_0_, purchasede0_.odordocno as odordoc51_40_0_, purchasede0_.odordocsq as odordoc52_40_0_, purchasede0_.odordocty as odordoc53_40_0_, purchasede0_.odptc as odptc54_40_0_, purchasede0_.odpqor as odpqor55_40_0_, purchasede0_.oduom1 as oduom56_40_0_, purchasede0_.odpjid as odpjid57_40_0_, purchasede0_.odpddt as odpddt58_40_0_, purchasede0_.odpo03 as odpo59_40_0_, purchasede0_.odpo01 as odpo60_40_0_, purchasede0_.odpo02 as odpo61_40_0_, purchasede0_.odqty as odqty62_40_0_, purchasede0_.odrcdt as odrcdt63_40_0_, purchasede0_.odqtyrc as odqtyrc64_40_0_, purchasede0_.odstid as odstid65_40_0_, purchasede0_.odvr04 as odvr66_40_0_, purchasede0_.odvr01 as odvr67_40_0_, purchasede0_.odvr03 as odvr68_40_0_, purchasede0_.odvr05 as odvr69_40_0_, purchasede0_.odvr02 as odvr70_40_0_, purchasede0_.odrldocno as odrldoc71_40_0_, purchasede0_.odrldocsq as odrldoc72_40_0_, purchasede0_.odrldocty as odrldoc73_40_0_, purchasede0_.odrqdt as odrqdt74_40_0_, purchasede0_.odqtyrn as odqtyrn75_40_0_, purchasede0_.odsqor as odsqor76_40_0_, purchasede0_.oduom2 as oduom77_40_0_, purchasede0_.odsnlot as odsnlot78_40_0_, purchasede0_.odtaxal as odtaxal79_40_0_, purchasede0_.odtaxam as odtaxam80_40_0_, purchasede0_.odtaxab as odtaxab81_40_0_, purchasede0_.odtaxcd as odtaxcd82_40_0_, purchasede0_.odtaxrt as odtaxrt83_40_0_, purchasede0_.odcrct as odcrct84_40_0_, purchasede0_.oditc03 as oditc85_40_0_, purchasede0_.oducf as oducf86_40_0_, purchasede0_.oduncost as oduncos87_40_0_, purchasede0_.odudc as odudc88_40_0_, purchasede0_.odudf as odudf89_40_0_, purchasede0_.oduom as oduom90_40_0_, purchasede0_.odvnid as odvnid91_40_0_, purchaseor1_.ohcoid as ohcoid1_39_1_, purchaseor1_.ohdocono as ohdocono2_39_1_, purchaseor1_.ohdocoty as ohdocoty3_39_1_, purchaseor1_.ohcid as ohcid4_39_1_, purchaseor1_.ohdtin as ohdtin5_39_1_, purchaseor1_.ohtmin as ohtmin6_39_1_, purchaseor1_.ohuid as ohuid7_39_1_, purchaseor1_.ohdtlu as ohdtlu8_39_1_, purchaseor1_.ohtmlu as ohtmlu9_39_1_, purchaseor1_.ohuidm as ohuidm10_39_1_, purchaseor1_.ohaprcd as ohaprcd11_39_1_, purchaseor1_.ohcrcb as ohcrcb12_39_1_, purchaseor1_.ohbuid as ohbuid13_39_1_, purchaseor1_.ohcldt as ohcldt14_39_1_, purchaseor1_.ohcot as ohcot15_39_1_, purchaseor1_.ohcsid as ohcsid16_39_1_, purchaseor1_.ohdesb1 as ohdesb17_39_1_, purchaseor1_.ohdccd as ohdccd18_39_1_, purchaseor1_.ohdcrt as ohdcrt19_39_1_, purchaseor1_.ohexcrt as ohexcrt20_39_1_, purchaseor1_.ohgldt as ohgldt21_39_1_, purchaseor1_.ohidd as ohidd22_39_1_, purchaseor1_.ohidn as ohidn23_39_1_, purchaseor1_.ohlst as ohlst24_39_1_, purchaseor1_.ohnst as ohnst25_39_1_, purchaseor1_.ohobid as ohobid26_39_1_, purchaseor1_.ohordt as ohordt27_39_1_, purchaseor1_.ohptc as ohptc28_39_1_, purchaseor1_.ohpoa as ohpoa29_39_1_, purchaseor1_.ohpod as ohpod30_39_1_, purchaseor1_.ohpjid as ohpjid31_39_1_, purchaseor1_.ohpddt as ohpddt32_39_1_, purchaseor1_.ohrcdt as ohrcdt33_39_1_, purchaseor1_.ohstid as ohstid34_39_1_, purchaseor1_.ohrqdt as ohrqdt35_39_1_, purchaseor1_.ohtaxal as ohtaxal36_39_1_, purchaseor1_.ohtaxcd as ohtaxcd37_39_1_, purchaseor1_.ohtaxrt as ohtaxrt38_39_1_, purchaseor1_.ohcrct as ohcrct39_39_1_, purchaseor1_.ohdesc1 as ohdesc40_39_1_, purchaseor1_.ohdesc2 as ohdesc41_39_1_, purchaseor1_.ohvhrn as ohvhrn42_39_1_, purchaseor1_.ohvhty as ohvhty43_39_1_, purchaseor1_.ohvnid as ohvnid44_39_1_ from t4311 purchasede0_ inner join t4301 purchaseor1_ on purchasede0_.odcoid=purchaseor1_.ohcoid and purchasede0_.oddocono=purchaseor1_.ohdocono and purchasede0_.oddocoty=purchaseor1_.ohdocoty where purchasede0_.odcoid=? and purchasede0_.oddocono=? and purchasede0_.oddocosq=? and purchasede0_.oddocoty=?
Hibernate: select serialnumb0_.coid as coid1_43_0_, serialnumb0_.docno as docno2_43_0_, serialnumb0_.docty as docty3_43_0_, serialnumb0_.docsq as docsq4_43_0_, serialnumb0_.buid as buid5_43_0_, serialnumb0_.inum as inum6_43_0_, serialnumb0_.snlot as snlot7_43_0_, lotmaster1_.ltbuid as ltbuid1_34_1_, lotmaster1_.ltinum as ltinum2_34_1_, lotmaster1_.ltsnlot as ltsnlot3_34_1_, lotmaster1_.ltcid as ltcid4_34_1_, lotmaster1_.ltdtin as ltdtin5_34_1_, lotmaster1_.lttmin as lttmin6_34_1_, lotmaster1_.ltuid as ltuid7_34_1_, lotmaster1_.ltdtlu as ltdtlu8_34_1_, lotmaster1_.lttmlu as lttmlu9_34_1_, lotmaster1_.ltuidm as ltuidm10_34_1_, lotmaster1_.ltbodt as ltbodt11_34_1_, lotmaster1_.ltbbdt as ltbbdt12_34_1_, lotmaster1_.ltcldt as ltcldt13_34_1_, lotmaster1_.ltexpdt as ltexpdt14_34_1_, lotmaster1_.ltldsc as ltldsc15_34_1_, lotmaster1_.ltledt as ltledt16_34_1_, lotmaster1_.ltlsc as ltlsc17_34_1_, lotmaster1_.ltmlot1 as ltmlot18_34_1_, lotmaster1_.ltmlot2 as ltmlot19_34_1_, lotmaster1_.ltmlot3 as ltmlot20_34_1_, lotmaster1_.ltohdt as ltohdt21_34_1_, lotmaster1_.ltsern as ltsern22_34_1_ from transaction_serialnumbers serialnumb0_ inner join t4108 lotmaster1_ on serialnumb0_.buid=lotmaster1_.ltbuid and serialnumb0_.inum=lotmaster1_.ltinum and serialnumb0_.snlot=lotmaster1_.ltsnlot where serialnumb0_.coid=? and serialnumb0_.docno=? and serialnumb0_.docty=? and serialnumb0_.docsq=?
Hibernate: select purchasede0_.odcoid as odcoid1_40_0_, purchasede0_.oddocono as oddocono2_40_0_, purchasede0_.oddocosq as oddocosq3_40_0_, purchasede0_.oddocoty as oddocoty4_40_0_, purchasede0_.odcid as odcid5_40_0_, purchasede0_.oddtin as oddtin6_40_0_, purchasede0_.odtmin as odtmin7_40_0_, purchasede0_.oduid as oduid8_40_0_, purchasede0_.oddtlu as oddtlu9_40_0_, purchasede0_.odtmlu as odtmlu10_40_0_, purchasede0_.oduidm as oduidm11_40_0_, purchasede0_.odacid as odacid12_40_0_, purchasede0_.odaprcd as odaprcd13_40_0_, purchasede0_.odcrcb as odcrcb14_40_0_, purchasede0_.oditc02 as oditc15_40_0_, purchasede0_.odbuid as odbuid16_40_0_, purchasede0_.odqtycl as odqtycl17_40_0_, purchasede0_.oditc01 as oditc18_40_0_, purchasede0_.odcldt as odcldt19_40_0_, purchasede0_.odcsid as odcsid20_40_0_, purchasede0_.oddccd as oddccd21_40_0_, purchasede0_.oddcrt as oddcrt22_40_0_, purchasede0_.odexcrt as odexcrt23_40_0_, purchasede0_.odexcost as odexcos24_40_0_, purchasede0_.odqtyx as odqtyx25_40_0_, purchasede0_.oducfx as oducfx26_40_0_, purchasede0_.oduncostx as oduncos27_40_0_, purchasede0_.oduomx as oduomx28_40_0_, purchasede0_.odfec as odfec29_40_0_, purchasede0_.odfta as odfta30_40_0_, purchasede0_.odftb as odftb31_40_0_, purchasede0_.odfuc as odfuc32_40_0_, purchasede0_.odglcls as odglcls33_40_0_, purchasede0_.odgldt as odgldt34_40_0_, purchasede0_.odir02 as odir35_40_0_, purchasede0_.odir01 as odir36_40_0_, purchasede0_.odir03 as odir37_40_0_, purchasede0_.odinum as odinum38_40_0_, purchasede0_.oddesb1 as oddesb39_40_0_, purchasede0_.oditc05 as oditc40_40_0_, purchasede0_.odlst as odlst41_40_0_, purchasede0_.odlnty as odlnty42_40_0_, purchasede0_.odlocid as odlocid43_40_0_, purchasede0_.odnst as odnst44_40_0_, purchasede0_.odobid as odobid45_40_0_, purchasede0_.odqtyop as odqtyop46_40_0_, purchasede0_.odordt as odordt47_40_0_, purchasede0_.odqtyor as odqtyor48_40_0_, purchasede0_.odott as odott49_40_0_, purchasede0_.odordocdt as odordoc50_40_0_, purchasede0_.odordocno as odordoc51_40_0_, purchasede0_.odordocsq as odordoc52_40_0_, purchasede0_.odordocty as odordoc53_40_0_, purchasede0_.odptc as odptc54_40_0_, purchasede0_.odpqor as odpqor55_40_0_, purchasede0_.oduom1 as oduom56_40_0_, purchasede0_.odpjid as odpjid57_40_0_, purchasede0_.odpddt as odpddt58_40_0_, purchasede0_.odpo03 as odpo59_40_0_, purchasede0_.odpo01 as odpo60_40_0_, purchasede0_.odpo02 as odpo61_40_0_, purchasede0_.odqty as odqty62_40_0_, purchasede0_.odrcdt as odrcdt63_40_0_, purchasede0_.odqtyrc as odqtyrc64_40_0_, purchasede0_.odstid as odstid65_40_0_, purchasede0_.odvr04 as odvr66_40_0_, purchasede0_.odvr01 as odvr67_40_0_, purchasede0_.odvr03 as odvr68_40_0_, purchasede0_.odvr05 as odvr69_40_0_, purchasede0_.odvr02 as odvr70_40_0_, purchasede0_.odrldocno as odrldoc71_40_0_, purchasede0_.odrldocsq as odrldoc72_40_0_, purchasede0_.odrldocty as odrldoc73_40_0_, purchasede0_.odrqdt as odrqdt74_40_0_, purchasede0_.odqtyrn as odqtyrn75_40_0_, purchasede0_.odsqor as odsqor76_40_0_, purchasede0_.oduom2 as oduom77_40_0_, purchasede0_.odsnlot as odsnlot78_40_0_, purchasede0_.odtaxal as odtaxal79_40_0_, purchasede0_.odtaxam as odtaxam80_40_0_, purchasede0_.odtaxab as odtaxab81_40_0_, purchasede0_.odtaxcd as odtaxcd82_40_0_, purchasede0_.odtaxrt as odtaxrt83_40_0_, purchasede0_.odcrct as odcrct84_40_0_, purchasede0_.oditc03 as oditc85_40_0_, purchasede0_.oducf as oducf86_40_0_, purchasede0_.oduncost as oduncos87_40_0_, purchasede0_.odudc as odudc88_40_0_, purchasede0_.odudf as odudf89_40_0_, purchasede0_.oduom as oduom90_40_0_, purchasede0_.odvnid as odvnid91_40_0_, purchaseor1_.ohcoid as ohcoid1_39_1_, purchaseor1_.ohdocono as ohdocono2_39_1_, purchaseor1_.ohdocoty as ohdocoty3_39_1_, purchaseor1_.ohcid as ohcid4_39_1_, purchaseor1_.ohdtin as ohdtin5_39_1_, purchaseor1_.ohtmin as ohtmin6_39_1_, purchaseor1_.ohuid as ohuid7_39_1_, purchaseor1_.ohdtlu as ohdtlu8_39_1_, purchaseor1_.ohtmlu as ohtmlu9_39_1_, purchaseor1_.ohuidm as ohuidm10_39_1_, purchaseor1_.ohaprcd as ohaprcd11_39_1_, purchaseor1_.ohcrcb as ohcrcb12_39_1_, purchaseor1_.ohbuid as ohbuid13_39_1_, purchaseor1_.ohcldt as ohcldt14_39_1_, purchaseor1_.ohcot as ohcot15_39_1_, purchaseor1_.ohcsid as ohcsid16_39_1_, purchaseor1_.ohdesb1 as ohdesb17_39_1_, purchaseor1_.ohdccd as ohdccd18_39_1_, purchaseor1_.ohdcrt as ohdcrt19_39_1_, purchaseor1_.ohexcrt as ohexcrt20_39_1_, purchaseor1_.ohgldt as ohgldt21_39_1_, purchaseor1_.ohidd as ohidd22_39_1_, purchaseor1_.ohidn as ohidn23_39_1_, purchaseor1_.ohlst as ohlst24_39_1_, purchaseor1_.ohnst as ohnst25_39_1_, purchaseor1_.ohobid as ohobid26_39_1_, purchaseor1_.ohordt as ohordt27_39_1_, purchaseor1_.ohptc as ohptc28_39_1_, purchaseor1_.ohpoa as ohpoa29_39_1_, purchaseor1_.ohpod as ohpod30_39_1_, purchaseor1_.ohpjid as ohpjid31_39_1_, purchaseor1_.ohpddt as ohpddt32_39_1_, purchaseor1_.ohrcdt as ohrcdt33_39_1_, purchaseor1_.ohstid as ohstid34_39_1_, purchaseor1_.ohrqdt as ohrqdt35_39_1_, purchaseor1_.ohtaxal as ohtaxal36_39_1_, purchaseor1_.ohtaxcd as ohtaxcd37_39_1_, purchaseor1_.ohtaxrt as ohtaxrt38_39_1_, purchaseor1_.ohcrct as ohcrct39_39_1_, purchaseor1_.ohdesc1 as ohdesc40_39_1_, purchaseor1_.ohdesc2 as ohdesc41_39_1_, purchaseor1_.ohvhrn as ohvhrn42_39_1_, purchaseor1_.ohvhty as ohvhty43_39_1_, purchaseor1_.ohvnid as ohvnid44_39_1_ from t4311 purchasede0_ inner join t4301 purchaseor1_ on purchasede0_.odcoid=purchaseor1_.ohcoid and purchasede0_.oddocono=purchaseor1_.ohdocono and purchasede0_.oddocoty=purchaseor1_.ohdocoty where purchasede0_.odcoid=? and purchasede0_.oddocono=? and purchasede0_.oddocosq=? and purchasede0_.oddocoty=?
Hibernate: select serialnumb0_.coid as coid1_43_0_, serialnumb0_.docno as docno2_43_0_, serialnumb0_.docty as docty3_43_0_, serialnumb0_.docsq as docsq4_43_0_, serialnumb0_.buid as buid5_43_0_, serialnumb0_.inum as inum6_43_0_, serialnumb0_.snlot as snlot7_43_0_, lotmaster1_.ltbuid as ltbuid1_34_1_, lotmaster1_.ltinum as ltinum2_34_1_, lotmaster1_.ltsnlot as ltsnlot3_34_1_, lotmaster1_.ltcid as ltcid4_34_1_, lotmaster1_.ltdtin as ltdtin5_34_1_, lotmaster1_.lttmin as lttmin6_34_1_, lotmaster1_.ltuid as ltuid7_34_1_, lotmaster1_.ltdtlu as ltdtlu8_34_1_, lotmaster1_.lttmlu as lttmlu9_34_1_, lotmaster1_.ltuidm as ltuidm10_34_1_, lotmaster1_.ltbodt as ltbodt11_34_1_, lotmaster1_.ltbbdt as ltbbdt12_34_1_, lotmaster1_.ltcldt as ltcldt13_34_1_, lotmaster1_.ltexpdt as ltexpdt14_34_1_, lotmaster1_.ltldsc as ltldsc15_34_1_, lotmaster1_.ltledt as ltledt16_34_1_, lotmaster1_.ltlsc as ltlsc17_34_1_, lotmaster1_.ltmlot1 as ltmlot18_34_1_, lotmaster1_.ltmlot2 as ltmlot19_34_1_, lotmaster1_.ltmlot3 as ltmlot20_34_1_, lotmaster1_.ltohdt as ltohdt21_34_1_, lotmaster1_.ltsern as ltsern22_34_1_ from transaction_serialnumbers serialnumb0_ inner join t4108 lotmaster1_ on serialnumb0_.buid=lotmaster1_.ltbuid and serialnumb0_.inum=lotmaster1_.ltinum and serialnumb0_.snlot=lotmaster1_.ltsnlot where serialnumb0_.coid=? and serialnumb0_.docno=? and serialnumb0_.docty=? and serialnumb0_.docsq=?
2018-12-27 11:25:52.856  INFO 2120 --- [    Test worker] o.s.t.c.transaction.TransactionContext   : Rolled back transaction for test: [DefaultTestContext@4cd7a432 testClass = PurchaseReceiptApiTest, testInstance = ags.goldenlionerp.apiTests.purchase.PurchaseReceiptApiTest@2ddd217f, testMethod = deleteTest@ApiTestBase, testException = [null], mergedContextConfiguration = [WebMergedContextConfiguration@6aa9a5ba testClass = PurchaseReceiptApiTest, locations = '{}', classes = '{class ags.goldenlionerp.GoldenLionErpApplication}', contextInitializerClasses = '[]', activeProfiles = '{}', propertySourceLocations = '{classpath:test.properties}', propertySourceProperties = '{org.springframework.boot.test.context.SpringBootTestContextBootstrapper=true}', contextCustomizers = set[org.springframework.boot.test.autoconfigure.properties.PropertyMappingContextCustomizer@0, org.springframework.boot.test.autoconfigure.web.servlet.WebDriverContextCustomizerFactory$Customizer@636d731e, [ImportsContextCustomizer@6f6d8820 key = [ags.goldenlionerp.apiTests.ApiTestBase$TestConfig]], org.springframework.boot.test.context.filter.ExcludeFilterContextCustomizer@6afa5291, org.springframework.boot.test.json.DuplicateJsonObjectContextCustomizerFactory$DuplicateJsonObjectContextCustomizer@20cebcb4, org.springframework.boot.test.mock.mockito.MockitoContextCustomizer@0, org.springframework.boot.test.web.client.TestRestTemplateContextCustomizer@49a32273], resourceBasePath = 'src/main/webapp', contextLoader = 'org.springframework.boot.test.context.SpringBootContextLoader', parent = [null]], attributes = map['org.springframework.test.context.web.ServletTestExecutionListener.activateListener' -> true, 'org.springframework.test.context.web.ServletTestExecutionListener.populatedRequestContextHolder' -> true, 'org.springframework.test.context.web.ServletTestExecutionListener.resetRequestContextHolder' -> true]]
2018-12-27 11:25:52.858  INFO 2120 --- [    Test worker] o.s.t.c.transaction.TransactionContext   : Began transaction (1) for test context [DefaultTestContext@4cd7a432 testClass = PurchaseReceiptApiTest, testInstance = ags.goldenlionerp.apiTests.purchase.PurchaseReceiptApiTest@246712fa, testMethod = createTestWithPost@ApiTestBase, testException = [null], mergedContextConfiguration = [WebMergedContextConfiguration@6aa9a5ba testClass = PurchaseReceiptApiTest, locations = '{}', classes = '{class ags.goldenlionerp.GoldenLionErpApplication}', contextInitializerClasses = '[]', activeProfiles = '{}', propertySourceLocations = '{classpath:test.properties}', propertySourceProperties = '{org.springframework.boot.test.context.SpringBootTestContextBootstrapper=true}', contextCustomizers = set[org.springframework.boot.test.autoconfigure.properties.PropertyMappingContextCustomizer@0, org.springframework.boot.test.autoconfigure.web.servlet.WebDriverContextCustomizerFactory$Customizer@636d731e, [ImportsContextCustomizer@6f6d8820 key = [ags.goldenlionerp.apiTests.ApiTestBase$TestConfig]], org.springframework.boot.test.context.filter.ExcludeFilterContextCustomizer@6afa5291, org.springframework.boot.test.json.DuplicateJsonObjectContextCustomizerFactory$DuplicateJsonObjectContextCustomizer@20cebcb4, org.springframework.boot.test.mock.mockito.MockitoContextCustomizer@0, org.springframework.boot.test.web.client.TestRestTemplateContextCustomizer@49a32273], resourceBasePath = 'src/main/webapp', contextLoader = 'org.springframework.boot.test.context.SpringBootContextLoader', parent = [null]], attributes = map['org.springframework.test.context.web.ServletTestExecutionListener.activateListener' -> true, 'org.springframework.test.context.web.ServletTestExecutionListener.populatedRequestContextHolder' -> true, 'org.springframework.test.context.web.ServletTestExecutionListener.resetRequestContextHolder' -> true]]; transaction manager [org.springframework.orm.jpa.JpaTransactionManager@75de8c12]; rollback [true]
2018-12-27 11:25:52.859  INFO 2120 --- [    Test worker] o.s.b.t.m.w.SpringBootMockServletContext : Initializing Spring FrameworkServlet ''
2018-12-27 11:25:52.859  INFO 2120 --- [    Test worker] o.s.t.web.servlet.TestDispatcherServlet  : FrameworkServlet '': initialization started
2018-12-27 11:25:52.869  INFO 2120 --- [    Test worker] o.s.t.web.servlet.TestDispatcherServlet  : FrameworkServlet '': initialization completed in 10 ms
Hibernate: select count(*) as col_0_0_ from t4301 purchaseor0_ where purchaseor0_.ohcoid=? and purchaseor0_.ohdocono=? and purchaseor0_.ohdocoty=?
Hibernate: select company0_.cncoid as cncoid1_9_0_, company0_.cncid as cncid2_9_0_, company0_.cndtin as cndtin3_9_0_, company0_.cntmin as cntmin4_9_0_, company0_.cnuid as cnuid5_9_0_, company0_.cndtlu as cndtlu6_9_0_, company0_.cntmlu as cntmlu7_9_0_, company0_.cnuidm as cnuidm8_9_0_, company0_.cnanum as cnanum9_9_0_, company0_.cncrcb as cncrcb10_9_0_, company0_.cncap as cncap11_9_0_, company0_.cncfy as cncfy12_9_0_, company0_.cncip as cncip13_9_0_, company0_.cncpp as cncpp14_9_0_, company0_.cncrp as cncrp15_9_0_, company0_.cndesb1 as cndesb16_9_0_, company0_.cnfdp as cnfdp17_9_0_ from t0020 company0_ where company0_.cncoid=?
Hibernate: select addressboo0_.adanum as adanum1_16_0_, addressboo0_.adcid as adcid2_16_0_, addressboo0_.addtin as addtin3_16_0_, addressboo0_.adtmin as adtmin4_16_0_, addressboo0_.aduid as aduid5_16_0_, addressboo0_.addtlu as addtlu6_16_0_, addressboo0_.adtmlu as adtmlu7_16_0_, addressboo0_.aduidm as aduidm8_16_0_, addressboo0_.adap as adap9_16_0_, addressboo0_.adar as adar10_16_0_, addressboo0_.adbuid as adbuid11_16_0_, addressboo0_.adcc01 as adcc12_16_0_, addressboo0_.adcc02 as adcc13_16_0_, addressboo0_.adcc03 as adcc14_16_0_, addressboo0_.adcc04 as adcc15_16_0_, addressboo0_.adcc05 as adcc16_16_0_, addressboo0_.adcc06 as adcc17_16_0_, addressboo0_.adcc07 as adcc18_16_0_, addressboo0_.adcc08 as adcc19_16_0_, addressboo0_.adcc09 as adcc20_16_0_, addressboo0_.adcc10 as adcc21_16_0_, addressboo0_.adempl as adempl22_16_0_, addressboo0_.adtmlt as adtmlt23_16_0_, addressboo0_.adlan as adlan24_16_0_, addressboo0_.admlnm as admlnm25_16_0_, addressboo0_.adnm as adnm26_16_0_, addressboo0_.adpan as adpan27_16_0_, addressboo0_.adrecid as adrecid28_16_0_, addressboo0_.adrlid0 as adrlid29_16_0_, addressboo0_.adrlid2 as adrlid30_16_0_, addressboo0_.adrlid3 as adrlid31_16_0_, addressboo0_.adrlid4 as adrlid32_16_0_, addressboo0_.adrlid5 as adrlid33_16_0_, addressboo0_.adrlid6 as adrlid34_16_0_, addressboo0_.adrlid7 as adrlid35_16_0_, addressboo0_.adrlid8 as adrlid36_16_0_, addressboo0_.adrlid9 as adrlid37_16_0_, addressboo0_.adrlid1 as adrlid38_16_0_, addressboo0_.adst as adst39_16_0_, addressboo0_.adtaxid as adtaxid40_16_0_ from t0101 addressboo0_ where addressboo0_.adanum=?
Hibernate: select apsetting0_.pmanum as pmanum1_23_0_, apsetting0_.pmanum as pmanum1_23_1_, apsetting0_.pmcid as pmcid2_23_1_, apsetting0_.pmdtin as pmdtin3_23_1_, apsetting0_.pmtmin as pmtmin4_23_1_, apsetting0_.pmuid as pmuid5_23_1_, apsetting0_.pmdtlu as pmdtlu6_23_1_, apsetting0_.pmtmlu as pmtmlu7_23_1_, apsetting0_.pmuidm as pmuidm8_23_1_, apsetting0_.pmdtls as pmdtls9_23_1_, apsetting0_.pmapcls as pmapcls10_23_1_, apsetting0_.pmcrm as pmcrm11_23_1_, apsetting0_.pmcrct as pmcrct12_23_1_, apsetting0_.pmitc05 as pmitc13_23_1_, apsetting0_.pminsp as pminsp14_23_1_, apsetting0_.pmptc as pmptc15_23_1_, apsetting0_.pmspg as pmspg16_23_1_, apsetting0_.pmtaxau as pmtaxau17_23_1_, apsetting0_.pmtaxcd as pmtaxcd18_23_1_, apsetting0_.pmtaxid as pmtaxid19_23_1_ from t0401 apsetting0_ where apsetting0_.pmanum=?
Hibernate: select itemmaster0_.iminum as iminum1_31_0_, itemmaster0_.imcid as imcid2_31_0_, itemmaster0_.imdtin as imdtin3_31_0_, itemmaster0_.imtmin as imtmin4_31_0_, itemmaster0_.imuid as imuid5_31_0_, itemmaster0_.imdtlu as imdtlu6_31_0_, itemmaster0_.imtmlu as imtmlu7_31_0_, itemmaster0_.imuidm as imuidm8_31_0_, itemmaster0_.iminumb as iminumb9_31_0_, itemmaster0_.imctm as imctm10_31_0_, itemmaster0_.imitc02 as imitc11_31_0_, itemmaster0_.imitc01 as imitc12_31_0_, itemmaster0_.imitc10 as imitc13_31_0_, itemmaster0_.imitc04 as imitc14_31_0_, itemmaster0_.imitc06 as imitc15_31_0_, itemmaster0_.imitc07 as imitc16_31_0_, itemmaster0_.imitc08 as imitc17_31_0_, itemmaster0_.imitc09 as imitc18_31_0_, itemmaster0_.imitc05 as imitc19_31_0_, itemmaster0_.imslrc0 as imslrc20_31_0_, itemmaster0_.imslrc1 as imslrc21_31_0_, itemmaster0_.imslrc2 as imslrc22_31_0_, itemmaster0_.imslrc3 as imslrc23_31_0_, itemmaster0_.imslrc4 as imslrc24_31_0_, itemmaster0_.imslrc5 as imslrc25_31_0_, itemmaster0_.imslrc6 as imslrc26_31_0_, itemmaster0_.imslrc7 as imslrc27_31_0_, itemmaster0_.imslrc8 as imslrc28_31_0_, itemmaster0_.imslrc9 as imslrc29_31_0_, itemmaster0_.imitc03 as imitc30_31_0_, itemmaster0_.imdesb1 as imdesb31_31_0_, itemmaster0_.imdesd1 as imdesd32_31_0_, itemmaster0_.imglcls as imglcls33_31_0_, itemmaster0_.imicl as imicl34_31_0_, itemmaster0_.imilc as imilc35_31_0_, itemmaster0_.iminums as iminums36_31_0_, itemmaster0_.imipg as imipg37_31_0_, itemmaster0_.imlsc as imlsc38_31_0_, itemmaster0_.imdaqc as imdaqc39_31_0_, itemmaster0_.imgscrt as imgscrt40_31_0_, itemmaster0_.imsiops as imsiops41_31_0_, itemmaster0_.imbpid as imbpid42_31_0_, itemmaster0_.imcsid as imcsid43_31_0_, itemmaster0_.imudf as imudf44_31_0_, itemmaster0_.impmmf as impmmf45_31_0_, itemmaster0_.imrbii as imrbii46_31_0_, itemmaster0_.imrbim as imrbim47_31_0_, itemmaster0_.imrbis as imrbis48_31_0_, itemmaster0_.imvnid as imvnid49_31_0_, itemmaster0_.imtaxpc as imtaxpc50_31_0_, itemmaster0_.imtaxsc as imtaxsc51_31_0_, itemmaster0_.iminump as iminump52_31_0_, itemmaster0_.implg as implg53_31_0_, itemmaster0_.imppl as imppl54_31_0_, itemmaster0_.imspl as imspl55_31_0_, itemmaster0_.imsnr as imsnr56_31_0_, itemmaster0_.imskty as imskty57_31_0_, itemmaster0_.imlnty as imlnty58_31_0_, itemmaster0_.imuom9 as imuom59_31_0_, itemmaster0_.imdppo as imdppo60_31_0_, itemmaster0_.imdlum as imdlum61_31_0_, itemmaster0_.imdlump as imdlump62_31_0_, itemmaster0_.imdlumt as imdlumt63_31_0_, itemmaster0_.imuom5 as imuom64_31_0_, itemmaster0_.imuom1 as imuom65_31_0_, itemmaster0_.imuom8 as imuom66_31_0_, itemmaster0_.imuom3 as imuom67_31_0_, itemmaster0_.imuom4 as imuom68_31_0_, itemmaster0_.imuom2 as imuom69_31_0_, itemmaster0_.imuom6 as imuom70_31_0_, itemmaster0_.imuoms as imuoms71_31_0_, itemmaster0_.imuomt as imuomt72_31_0_, itemmaster0_.imuomv as imuomv73_31_0_, itemmaster0_.imwcf as imwcf74_31_0_, itemmaster0_.imuomw as imuomw75_31_0_, itemmaster0_.imvict as imvict76_31_0_ from t4101 itemmaster0_ where itemmaster0_.iminum=?
Hibernate: select itemmaster0_.iminum as iminum1_31_0_, itemmaster0_.imcid as imcid2_31_0_, itemmaster0_.imdtin as imdtin3_31_0_, itemmaster0_.imtmin as imtmin4_31_0_, itemmaster0_.imuid as imuid5_31_0_, itemmaster0_.imdtlu as imdtlu6_31_0_, itemmaster0_.imtmlu as imtmlu7_31_0_, itemmaster0_.imuidm as imuidm8_31_0_, itemmaster0_.iminumb as iminumb9_31_0_, itemmaster0_.imctm as imctm10_31_0_, itemmaster0_.imitc02 as imitc11_31_0_, itemmaster0_.imitc01 as imitc12_31_0_, itemmaster0_.imitc10 as imitc13_31_0_, itemmaster0_.imitc04 as imitc14_31_0_, itemmaster0_.imitc06 as imitc15_31_0_, itemmaster0_.imitc07 as imitc16_31_0_, itemmaster0_.imitc08 as imitc17_31_0_, itemmaster0_.imitc09 as imitc18_31_0_, itemmaster0_.imitc05 as imitc19_31_0_, itemmaster0_.imslrc0 as imslrc20_31_0_, itemmaster0_.imslrc1 as imslrc21_31_0_, itemmaster0_.imslrc2 as imslrc22_31_0_, itemmaster0_.imslrc3 as imslrc23_31_0_, itemmaster0_.imslrc4 as imslrc24_31_0_, itemmaster0_.imslrc5 as imslrc25_31_0_, itemmaster0_.imslrc6 as imslrc26_31_0_, itemmaster0_.imslrc7 as imslrc27_31_0_, itemmaster0_.imslrc8 as imslrc28_31_0_, itemmaster0_.imslrc9 as imslrc29_31_0_, itemmaster0_.imitc03 as imitc30_31_0_, itemmaster0_.imdesb1 as imdesb31_31_0_, itemmaster0_.imdesd1 as imdesd32_31_0_, itemmaster0_.imglcls as imglcls33_31_0_, itemmaster0_.imicl as imicl34_31_0_, itemmaster0_.imilc as imilc35_31_0_, itemmaster0_.iminums as iminums36_31_0_, itemmaster0_.imipg as imipg37_31_0_, itemmaster0_.imlsc as imlsc38_31_0_, itemmaster0_.imdaqc as imdaqc39_31_0_, itemmaster0_.imgscrt as imgscrt40_31_0_, itemmaster0_.imsiops as imsiops41_31_0_, itemmaster0_.imbpid as imbpid42_31_0_, itemmaster0_.imcsid as imcsid43_31_0_, itemmaster0_.imudf as imudf44_31_0_, itemmaster0_.impmmf as impmmf45_31_0_, itemmaster0_.imrbii as imrbii46_31_0_, itemmaster0_.imrbim as imrbim47_31_0_, itemmaster0_.imrbis as imrbis48_31_0_, itemmaster0_.imvnid as imvnid49_31_0_, itemmaster0_.imtaxpc as imtaxpc50_31_0_, itemmaster0_.imtaxsc as imtaxsc51_31_0_, itemmaster0_.iminump as iminump52_31_0_, itemmaster0_.implg as implg53_31_0_, itemmaster0_.imppl as imppl54_31_0_, itemmaster0_.imspl as imspl55_31_0_, itemmaster0_.imsnr as imsnr56_31_0_, itemmaster0_.imskty as imskty57_31_0_, itemmaster0_.imlnty as imlnty58_31_0_, itemmaster0_.imuom9 as imuom59_31_0_, itemmaster0_.imdppo as imdppo60_31_0_, itemmaster0_.imdlum as imdlum61_31_0_, itemmaster0_.imdlump as imdlump62_31_0_, itemmaster0_.imdlumt as imdlumt63_31_0_, itemmaster0_.imuom5 as imuom64_31_0_, itemmaster0_.imuom1 as imuom65_31_0_, itemmaster0_.imuom8 as imuom66_31_0_, itemmaster0_.imuom3 as imuom67_31_0_, itemmaster0_.imuom4 as imuom68_31_0_, itemmaster0_.imuom2 as imuom69_31_0_, itemmaster0_.imuom6 as imuom70_31_0_, itemmaster0_.imuoms as imuoms71_31_0_, itemmaster0_.imuomt as imuomt72_31_0_, itemmaster0_.imuomv as imuomv73_31_0_, itemmaster0_.imwcf as imwcf74_31_0_, itemmaster0_.imuomw as imuomw75_31_0_, itemmaster0_.imvict as imvict76_31_0_ from t4101 itemmaster0_ where itemmaster0_.iminum=?
Hibernate: select itemlocati0_.ilinum as ilinum2_33_0_, itemlocati0_.ilbuid as ilbuid1_33_0_, itemlocati0_.illocid as illocid3_33_0_, itemlocati0_.ilsnlot as ilsnlot4_33_0_, itemlocati0_.ilbuid as ilbuid1_33_1_, itemlocati0_.ilinum as ilinum2_33_1_, itemlocati0_.illocid as illocid3_33_1_, itemlocati0_.ilsnlot as ilsnlot4_33_1_, itemlocati0_.ilcid as ilcid5_33_1_, itemlocati0_.ildtin as ildtin6_33_1_, itemlocati0_.iltmin as iltmin7_33_1_, itemlocati0_.iluid as iluid8_33_1_, itemlocati0_.ildtlu as ildtlu9_33_1_, itemlocati0_.iltmlu as iltmlu10_33_1_, itemlocati0_.iluidm as iluidm11_33_1_, itemlocati0_.ildtlt as ildtlt12_33_1_, itemlocati0_.ilexpdt as ilexpdt13_33_1_, itemlocati0_.ilglcls as ilglcls14_33_1_, itemlocati0_.illocst as illocst15_33_1_, itemlocati0_.illsc as illsc16_33_1_, itemlocati0_.ilpqoh as ilpqoh17_33_1_, itemlocati0_.ilqtib as ilqtib18_33_1_, itemlocati0_.ilqtin as ilqtin19_33_1_, itemlocati0_.ilqttr as ilqttr20_33_1_, itemlocati0_.ilqobo as ilqobo21_33_1_, itemlocati0_.ilqohc as ilqohc22_33_1_, itemlocati0_.ilqopo as ilqopo23_33_1_, itemlocati0_.ilqoso as ilqoso24_33_1_, itemlocati0_.ilqosc as ilqosc25_33_1_, itemlocati0_.ilqowo as ilqowo26_33_1_, itemlocati0_.ilqowh as ilqowh27_33_1_, itemlocati0_.ilqows as ilqows28_33_1_, itemlocati0_.ilqot1 as ilqot29_33_1_, itemlocati0_.ilqot2 as ilqot30_33_1_, itemlocati0_.ilqot3 as ilqot31_33_1_, itemlocati0_.ilqtob as ilqtob32_33_1_, itemlocati0_.ilsqoh as ilsqoh33_33_1_, itemlocati0_.ilsqpo as ilsqpo34_33_1_, itemlocati0_.ilsqso as ilsqso35_33_1_, itemlocati0_.ilsqwo as ilsqwo36_33_1_, itemlocati0_.iluom as iluom37_33_1_, itemlocati0_.iluom1 as iluom38_33_1_, itemlocati0_.iluom2 as iluom39_33_1_ from t41021 itemlocati0_ where itemlocati0_.ilinum=?
Hibernate: select lotmaster0_.ltbuid as ltbuid1_34_0_, lotmaster0_.ltinum as ltinum2_34_0_, lotmaster0_.ltsnlot as ltsnlot3_34_0_, lotmaster0_.ltcid as ltcid4_34_0_, lotmaster0_.ltdtin as ltdtin5_34_0_, lotmaster0_.lttmin as lttmin6_34_0_, lotmaster0_.ltuid as ltuid7_34_0_, lotmaster0_.ltdtlu as ltdtlu8_34_0_, lotmaster0_.lttmlu as lttmlu9_34_0_, lotmaster0_.ltuidm as ltuidm10_34_0_, lotmaster0_.ltbodt as ltbodt11_34_0_, lotmaster0_.ltbbdt as ltbbdt12_34_0_, lotmaster0_.ltcldt as ltcldt13_34_0_, lotmaster0_.ltexpdt as ltexpdt14_34_0_, lotmaster0_.ltldsc as ltldsc15_34_0_, lotmaster0_.ltledt as ltledt16_34_0_, lotmaster0_.ltlsc as ltlsc17_34_0_, lotmaster0_.ltmlot1 as ltmlot18_34_0_, lotmaster0_.ltmlot2 as ltmlot19_34_0_, lotmaster0_.ltmlot3 as ltmlot20_34_0_, lotmaster0_.ltohdt as ltohdt21_34_0_, lotmaster0_.ltsern as ltsern22_34_0_ from t4108 lotmaster0_ where lotmaster0_.ltbuid=? and lotmaster0_.ltinum=? and lotmaster0_.ltsnlot=?
Hibernate: select lotmaster0_.ltbuid as ltbuid1_34_0_, lotmaster0_.ltinum as ltinum2_34_0_, lotmaster0_.ltsnlot as ltsnlot3_34_0_, lotmaster0_.ltcid as ltcid4_34_0_, lotmaster0_.ltdtin as ltdtin5_34_0_, lotmaster0_.lttmin as lttmin6_34_0_, lotmaster0_.ltuid as ltuid7_34_0_, lotmaster0_.ltdtlu as ltdtlu8_34_0_, lotmaster0_.lttmlu as lttmlu9_34_0_, lotmaster0_.ltuidm as ltuidm10_34_0_, lotmaster0_.ltbodt as ltbodt11_34_0_, lotmaster0_.ltbbdt as ltbbdt12_34_0_, lotmaster0_.ltcldt as ltcldt13_34_0_, lotmaster0_.ltexpdt as ltexpdt14_34_0_, lotmaster0_.ltldsc as ltldsc15_34_0_, lotmaster0_.ltledt as ltledt16_34_0_, lotmaster0_.ltlsc as ltlsc17_34_0_, lotmaster0_.ltmlot1 as ltmlot18_34_0_, lotmaster0_.ltmlot2 as ltmlot19_34_0_, lotmaster0_.ltmlot3 as ltmlot20_34_0_, lotmaster0_.ltohdt as ltohdt21_34_0_, lotmaster0_.ltsern as ltsern22_34_0_ from t4108 lotmaster0_ where lotmaster0_.ltbuid=? and lotmaster0_.ltinum=? and lotmaster0_.ltsnlot=?
Hibernate: select itemmaster0_.iminum as iminum1_31_0_, itemmaster0_.imcid as imcid2_31_0_, itemmaster0_.imdtin as imdtin3_31_0_, itemmaster0_.imtmin as imtmin4_31_0_, itemmaster0_.imuid as imuid5_31_0_, itemmaster0_.imdtlu as imdtlu6_31_0_, itemmaster0_.imtmlu as imtmlu7_31_0_, itemmaster0_.imuidm as imuidm8_31_0_, itemmaster0_.iminumb as iminumb9_31_0_, itemmaster0_.imctm as imctm10_31_0_, itemmaster0_.imitc02 as imitc11_31_0_, itemmaster0_.imitc01 as imitc12_31_0_, itemmaster0_.imitc10 as imitc13_31_0_, itemmaster0_.imitc04 as imitc14_31_0_, itemmaster0_.imitc06 as imitc15_31_0_, itemmaster0_.imitc07 as imitc16_31_0_, itemmaster0_.imitc08 as imitc17_31_0_, itemmaster0_.imitc09 as imitc18_31_0_, itemmaster0_.imitc05 as imitc19_31_0_, itemmaster0_.imslrc0 as imslrc20_31_0_, itemmaster0_.imslrc1 as imslrc21_31_0_, itemmaster0_.imslrc2 as imslrc22_31_0_, itemmaster0_.imslrc3 as imslrc23_31_0_, itemmaster0_.imslrc4 as imslrc24_31_0_, itemmaster0_.imslrc5 as imslrc25_31_0_, itemmaster0_.imslrc6 as imslrc26_31_0_, itemmaster0_.imslrc7 as imslrc27_31_0_, itemmaster0_.imslrc8 as imslrc28_31_0_, itemmaster0_.imslrc9 as imslrc29_31_0_, itemmaster0_.imitc03 as imitc30_31_0_, itemmaster0_.imdesb1 as imdesb31_31_0_, itemmaster0_.imdesd1 as imdesd32_31_0_, itemmaster0_.imglcls as imglcls33_31_0_, itemmaster0_.imicl as imicl34_31_0_, itemmaster0_.imilc as imilc35_31_0_, itemmaster0_.iminums as iminums36_31_0_, itemmaster0_.imipg as imipg37_31_0_, itemmaster0_.imlsc as imlsc38_31_0_, itemmaster0_.imdaqc as imdaqc39_31_0_, itemmaster0_.imgscrt as imgscrt40_31_0_, itemmaster0_.imsiops as imsiops41_31_0_, itemmaster0_.imbpid as imbpid42_31_0_, itemmaster0_.imcsid as imcsid43_31_0_, itemmaster0_.imudf as imudf44_31_0_, itemmaster0_.impmmf as impmmf45_31_0_, itemmaster0_.imrbii as imrbii46_31_0_, itemmaster0_.imrbim as imrbim47_31_0_, itemmaster0_.imrbis as imrbis48_31_0_, itemmaster0_.imvnid as imvnid49_31_0_, itemmaster0_.imtaxpc as imtaxpc50_31_0_, itemmaster0_.imtaxsc as imtaxsc51_31_0_, itemmaster0_.iminump as iminump52_31_0_, itemmaster0_.implg as implg53_31_0_, itemmaster0_.imppl as imppl54_31_0_, itemmaster0_.imspl as imspl55_31_0_, itemmaster0_.imsnr as imsnr56_31_0_, itemmaster0_.imskty as imskty57_31_0_, itemmaster0_.imlnty as imlnty58_31_0_, itemmaster0_.imuom9 as imuom59_31_0_, itemmaster0_.imdppo as imdppo60_31_0_, itemmaster0_.imdlum as imdlum61_31_0_, itemmaster0_.imdlump as imdlump62_31_0_, itemmaster0_.imdlumt as imdlumt63_31_0_, itemmaster0_.imuom5 as imuom64_31_0_, itemmaster0_.imuom1 as imuom65_31_0_, itemmaster0_.imuom8 as imuom66_31_0_, itemmaster0_.imuom3 as imuom67_31_0_, itemmaster0_.imuom4 as imuom68_31_0_, itemmaster0_.imuom2 as imuom69_31_0_, itemmaster0_.imuom6 as imuom70_31_0_, itemmaster0_.imuoms as imuoms71_31_0_, itemmaster0_.imuomt as imuomt72_31_0_, itemmaster0_.imuomv as imuomv73_31_0_, itemmaster0_.imwcf as imwcf74_31_0_, itemmaster0_.imuomw as imuomw75_31_0_, itemmaster0_.imvict as imvict76_31_0_ from t4101 itemmaster0_ where itemmaster0_.iminum=?
Hibernate: select itemlocati0_.ilinum as ilinum2_33_0_, itemlocati0_.ilbuid as ilbuid1_33_0_, itemlocati0_.illocid as illocid3_33_0_, itemlocati0_.ilsnlot as ilsnlot4_33_0_, itemlocati0_.ilbuid as ilbuid1_33_1_, itemlocati0_.ilinum as ilinum2_33_1_, itemlocati0_.illocid as illocid3_33_1_, itemlocati0_.ilsnlot as ilsnlot4_33_1_, itemlocati0_.ilcid as ilcid5_33_1_, itemlocati0_.ildtin as ildtin6_33_1_, itemlocati0_.iltmin as iltmin7_33_1_, itemlocati0_.iluid as iluid8_33_1_, itemlocati0_.ildtlu as ildtlu9_33_1_, itemlocati0_.iltmlu as iltmlu10_33_1_, itemlocati0_.iluidm as iluidm11_33_1_, itemlocati0_.ildtlt as ildtlt12_33_1_, itemlocati0_.ilexpdt as ilexpdt13_33_1_, itemlocati0_.ilglcls as ilglcls14_33_1_, itemlocati0_.illocst as illocst15_33_1_, itemlocati0_.illsc as illsc16_33_1_, itemlocati0_.ilpqoh as ilpqoh17_33_1_, itemlocati0_.ilqtib as ilqtib18_33_1_, itemlocati0_.ilqtin as ilqtin19_33_1_, itemlocati0_.ilqttr as ilqttr20_33_1_, itemlocati0_.ilqobo as ilqobo21_33_1_, itemlocati0_.ilqohc as ilqohc22_33_1_, itemlocati0_.ilqopo as ilqopo23_33_1_, itemlocati0_.ilqoso as ilqoso24_33_1_, itemlocati0_.ilqosc as ilqosc25_33_1_, itemlocati0_.ilqowo as ilqowo26_33_1_, itemlocati0_.ilqowh as ilqowh27_33_1_, itemlocati0_.ilqows as ilqows28_33_1_, itemlocati0_.ilqot1 as ilqot29_33_1_, itemlocati0_.ilqot2 as ilqot30_33_1_, itemlocati0_.ilqot3 as ilqot31_33_1_, itemlocati0_.ilqtob as ilqtob32_33_1_, itemlocati0_.ilsqoh as ilsqoh33_33_1_, itemlocati0_.ilsqpo as ilsqpo34_33_1_, itemlocati0_.ilsqso as ilsqso35_33_1_, itemlocati0_.ilsqwo as ilsqwo36_33_1_, itemlocati0_.iluom as iluom37_33_1_, itemlocati0_.iluom1 as iluom38_33_1_, itemlocati0_.iluom2 as iluom39_33_1_ from t41021 itemlocati0_ where itemlocati0_.ilinum=?
Hibernate: select lotmaster0_.ltbuid as ltbuid1_34_0_, lotmaster0_.ltinum as ltinum2_34_0_, lotmaster0_.ltsnlot as ltsnlot3_34_0_, lotmaster0_.ltcid as ltcid4_34_0_, lotmaster0_.ltdtin as ltdtin5_34_0_, lotmaster0_.lttmin as lttmin6_34_0_, lotmaster0_.ltuid as ltuid7_34_0_, lotmaster0_.ltdtlu as ltdtlu8_34_0_, lotmaster0_.lttmlu as lttmlu9_34_0_, lotmaster0_.ltuidm as ltuidm10_34_0_, lotmaster0_.ltbodt as ltbodt11_34_0_, lotmaster0_.ltbbdt as ltbbdt12_34_0_, lotmaster0_.ltcldt as ltcldt13_34_0_, lotmaster0_.ltexpdt as ltexpdt14_34_0_, lotmaster0_.ltldsc as ltldsc15_34_0_, lotmaster0_.ltledt as ltledt16_34_0_, lotmaster0_.ltlsc as ltlsc17_34_0_, lotmaster0_.ltmlot1 as ltmlot18_34_0_, lotmaster0_.ltmlot2 as ltmlot19_34_0_, lotmaster0_.ltmlot3 as ltmlot20_34_0_, lotmaster0_.ltohdt as ltohdt21_34_0_, lotmaster0_.ltsern as ltsern22_34_0_ from t4108 lotmaster0_ where lotmaster0_.ltbuid=? and lotmaster0_.ltinum=? and lotmaster0_.ltsnlot=?
Hibernate: select lotmaster0_.ltbuid as ltbuid1_34_0_, lotmaster0_.ltinum as ltinum2_34_0_, lotmaster0_.ltsnlot as ltsnlot3_34_0_, lotmaster0_.ltcid as ltcid4_34_0_, lotmaster0_.ltdtin as ltdtin5_34_0_, lotmaster0_.lttmin as lttmin6_34_0_, lotmaster0_.ltuid as ltuid7_34_0_, lotmaster0_.ltdtlu as ltdtlu8_34_0_, lotmaster0_.lttmlu as lttmlu9_34_0_, lotmaster0_.ltuidm as ltuidm10_34_0_, lotmaster0_.ltbodt as ltbodt11_34_0_, lotmaster0_.ltbbdt as ltbbdt12_34_0_, lotmaster0_.ltcldt as ltcldt13_34_0_, lotmaster0_.ltexpdt as ltexpdt14_34_0_, lotmaster0_.ltldsc as ltldsc15_34_0_, lotmaster0_.ltledt as ltledt16_34_0_, lotmaster0_.ltlsc as ltlsc17_34_0_, lotmaster0_.ltmlot1 as ltmlot18_34_0_, lotmaster0_.ltmlot2 as ltmlot19_34_0_, lotmaster0_.ltmlot3 as ltmlot20_34_0_, lotmaster0_.ltohdt as ltohdt21_34_0_, lotmaster0_.ltsern as ltsern22_34_0_ from t4108 lotmaster0_ where lotmaster0_.ltbuid=? and lotmaster0_.ltinum=? and lotmaster0_.ltsnlot=?
Hibernate: select lotmaster0_.ltbuid as ltbuid1_34_0_, lotmaster0_.ltinum as ltinum2_34_0_, lotmaster0_.ltsnlot as ltsnlot3_34_0_, lotmaster0_.ltcid as ltcid4_34_0_, lotmaster0_.ltdtin as ltdtin5_34_0_, lotmaster0_.lttmin as lttmin6_34_0_, lotmaster0_.ltuid as ltuid7_34_0_, lotmaster0_.ltdtlu as ltdtlu8_34_0_, lotmaster0_.lttmlu as lttmlu9_34_0_, lotmaster0_.ltuidm as ltuidm10_34_0_, lotmaster0_.ltbodt as ltbodt11_34_0_, lotmaster0_.ltbbdt as ltbbdt12_34_0_, lotmaster0_.ltcldt as ltcldt13_34_0_, lotmaster0_.ltexpdt as ltexpdt14_34_0_, lotmaster0_.ltldsc as ltldsc15_34_0_, lotmaster0_.ltledt as ltledt16_34_0_, lotmaster0_.ltlsc as ltlsc17_34_0_, lotmaster0_.ltmlot1 as ltmlot18_34_0_, lotmaster0_.ltmlot2 as ltmlot19_34_0_, lotmaster0_.ltmlot3 as ltmlot20_34_0_, lotmaster0_.ltohdt as ltohdt21_34_0_, lotmaster0_.ltsern as ltsern22_34_0_ from t4108 lotmaster0_ where lotmaster0_.ltbuid=? and lotmaster0_.ltinum=? and lotmaster0_.ltsnlot=?
Hibernate: select lotmaster0_.ltbuid as ltbuid1_34_0_, lotmaster0_.ltinum as ltinum2_34_0_, lotmaster0_.ltsnlot as ltsnlot3_34_0_, lotmaster0_.ltcid as ltcid4_34_0_, lotmaster0_.ltdtin as ltdtin5_34_0_, lotmaster0_.lttmin as lttmin6_34_0_, lotmaster0_.ltuid as ltuid7_34_0_, lotmaster0_.ltdtlu as ltdtlu8_34_0_, lotmaster0_.lttmlu as lttmlu9_34_0_, lotmaster0_.ltuidm as ltuidm10_34_0_, lotmaster0_.ltbodt as ltbodt11_34_0_, lotmaster0_.ltbbdt as ltbbdt12_34_0_, lotmaster0_.ltcldt as ltcldt13_34_0_, lotmaster0_.ltexpdt as ltexpdt14_34_0_, lotmaster0_.ltldsc as ltldsc15_34_0_, lotmaster0_.ltledt as ltledt16_34_0_, lotmaster0_.ltlsc as ltlsc17_34_0_, lotmaster0_.ltmlot1 as ltmlot18_34_0_, lotmaster0_.ltmlot2 as ltmlot19_34_0_, lotmaster0_.ltmlot3 as ltmlot20_34_0_, lotmaster0_.ltohdt as ltohdt21_34_0_, lotmaster0_.ltsern as ltsern22_34_0_ from t4108 lotmaster0_ where lotmaster0_.ltbuid=? and lotmaster0_.ltinum=? and lotmaster0_.ltsnlot=?
Hibernate: select discountma0_.dudccd as dudccd1_13_0_, discountma0_.ducid as ducid2_13_0_, discountma0_.dudtin as dudtin3_13_0_, discountma0_.dutmin as dutmin4_13_0_, discountma0_.duuid as duuid5_13_0_, discountma0_.dudtlu as dudtlu6_13_0_, discountma0_.dutmlu as dutmlu7_13_0_, discountma0_.duuidm as duuidm8_13_0_, discountma0_.dudesb1 as dudesb9_13_0_, discountma0_.duamt01 as duamt10_13_0_, discountma0_.duamt02 as duamt11_13_0_, discountma0_.duamt03 as duamt12_13_0_, discountma0_.duamt04 as duamt13_13_0_, discountma0_.duamt05 as duamt14_13_0_, discountma0_.dupcn01 as dupcn15_13_0_, discountma0_.dupcn02 as dupcn16_13_0_, discountma0_.dupcn03 as dupcn17_13_0_, discountma0_.dupcn04 as dupcn18_13_0_, discountma0_.dupcn05 as dupcn19_13_0_, discountma0_.duobid as duobid20_13_0_ from t0026 discountma0_ where discountma0_.dudccd=?
Hibernate: select discountma0_.dudccd as dudccd1_13_0_, discountma0_.ducid as ducid2_13_0_, discountma0_.dudtin as dudtin3_13_0_, discountma0_.dutmin as dutmin4_13_0_, discountma0_.duuid as duuid5_13_0_, discountma0_.dudtlu as dudtlu6_13_0_, discountma0_.dutmlu as dutmlu7_13_0_, discountma0_.duuidm as duuidm8_13_0_, discountma0_.dudesb1 as dudesb9_13_0_, discountma0_.duamt01 as duamt10_13_0_, discountma0_.duamt02 as duamt11_13_0_, discountma0_.duamt03 as duamt12_13_0_, discountma0_.duamt04 as duamt13_13_0_, discountma0_.duamt05 as duamt14_13_0_, discountma0_.dupcn01 as dupcn15_13_0_, discountma0_.dupcn02 as dupcn16_13_0_, discountma0_.dupcn03 as dupcn17_13_0_, discountma0_.dupcn04 as dupcn18_13_0_, discountma0_.dupcn05 as dupcn19_13_0_, discountma0_.duobid as duobid20_13_0_ from t0026 discountma0_ where discountma0_.dudccd=?
Hibernate: select taxrule0_.tsefdt as tsefdt1_12_, taxrule0_.tstaxcd as tstaxcd2_12_, taxrule0_.tscid as tscid3_12_, taxrule0_.tsdtin as tsdtin4_12_, taxrule0_.tstmin as tstmin5_12_, taxrule0_.tsuid as tsuid6_12_, taxrule0_.tsdtlu as tsdtlu7_12_, taxrule0_.tstmlu as tstmlu8_12_, taxrule0_.tsuidm as tsuidm9_12_, taxrule0_.tsdesb1 as tsdesb10_12_, taxrule0_.tsdocty as tsdocty11_12_, taxrule0_.tsexpdt as tsexpdt12_12_, taxrule0_.tstaxal as tstaxal13_12_, taxrule0_.tstaxau1 as tstaxau14_12_, taxrule0_.tstaxau2 as tstaxau15_12_, taxrule0_.tstaxau3 as tstaxau16_12_, taxrule0_.tstaxau4 as tstaxau17_12_, taxrule0_.tstaxau5 as tstaxau18_12_, taxrule0_.tstaxcl1 as tstaxcl19_12_, taxrule0_.tstaxcl2 as tstaxcl20_12_, taxrule0_.tstaxcl3 as tstaxcl21_12_, taxrule0_.tstaxcl4 as tstaxcl22_12_, taxrule0_.tstaxcl5 as tstaxcl23_12_, taxrule0_.tspcn01 as tspcn24_12_, taxrule0_.tspcn02 as tspcn25_12_, taxrule0_.tspcn03 as tspcn26_12_, taxrule0_.tspcn04 as tspcn27_12_, taxrule0_.tspcn05 as tspcn28_12_ from t0025 taxrule0_ where taxrule0_.tstaxcd=? and taxrule0_.tsefdt<=? and taxrule0_.tsexpdt>? order by taxrule0_.tsefdt asc offset 0 rows fetch next ? rows only
Hibernate: select purchaseor0_.ohcoid as ohcoid1_39_1_, purchaseor0_.ohdocono as ohdocono2_39_1_, purchaseor0_.ohdocoty as ohdocoty3_39_1_, purchaseor0_.ohcid as ohcid4_39_1_, purchaseor0_.ohdtin as ohdtin5_39_1_, purchaseor0_.ohtmin as ohtmin6_39_1_, purchaseor0_.ohuid as ohuid7_39_1_, purchaseor0_.ohdtlu as ohdtlu8_39_1_, purchaseor0_.ohtmlu as ohtmlu9_39_1_, purchaseor0_.ohuidm as ohuidm10_39_1_, purchaseor0_.ohaprcd as ohaprcd11_39_1_, purchaseor0_.ohcrcb as ohcrcb12_39_1_, purchaseor0_.ohbuid as ohbuid13_39_1_, purchaseor0_.ohcldt as ohcldt14_39_1_, purchaseor0_.ohcot as ohcot15_39_1_, purchaseor0_.ohcsid as ohcsid16_39_1_, purchaseor0_.ohdesb1 as ohdesb17_39_1_, purchaseor0_.ohdccd as ohdccd18_39_1_, purchaseor0_.ohdcrt as ohdcrt19_39_1_, purchaseor0_.ohexcrt as ohexcrt20_39_1_, purchaseor0_.ohgldt as ohgldt21_39_1_, purchaseor0_.ohidd as ohidd22_39_1_, purchaseor0_.ohidn as ohidn23_39_1_, purchaseor0_.ohlst as ohlst24_39_1_, purchaseor0_.ohnst as ohnst25_39_1_, purchaseor0_.ohobid as ohobid26_39_1_, purchaseor0_.ohordt as ohordt27_39_1_, purchaseor0_.ohptc as ohptc28_39_1_, purchaseor0_.ohpoa as ohpoa29_39_1_, purchaseor0_.ohpod as ohpod30_39_1_, purchaseor0_.ohpjid as ohpjid31_39_1_, purchaseor0_.ohpddt as ohpddt32_39_1_, purchaseor0_.ohrcdt as ohrcdt33_39_1_, purchaseor0_.ohstid as ohstid34_39_1_, purchaseor0_.ohrqdt as ohrqdt35_39_1_, purchaseor0_.ohtaxal as ohtaxal36_39_1_, purchaseor0_.ohtaxcd as ohtaxcd37_39_1_, purchaseor0_.ohtaxrt as ohtaxrt38_39_1_, purchaseor0_.ohcrct as ohcrct39_39_1_, purchaseor0_.ohdesc1 as ohdesc40_39_1_, purchaseor0_.ohdesc2 as ohdesc41_39_1_, purchaseor0_.ohvhrn as ohvhrn42_39_1_, purchaseor0_.ohvhty as ohvhty43_39_1_, purchaseor0_.ohvnid as ohvnid44_39_1_, details1_.odcoid as odcoid1_40_3_, details1_.oddocono as oddocono2_40_3_, details1_.oddocoty as oddocoty4_40_3_, details1_.oddocosq as oddocosq3_40_3_, details1_.odcoid as odcoid1_40_0_, details1_.oddocono as oddocono2_40_0_, details1_.oddocosq as oddocosq3_40_0_, details1_.oddocoty as oddocoty4_40_0_, details1_.odcid as odcid5_40_0_, details1_.oddtin as oddtin6_40_0_, details1_.odtmin as odtmin7_40_0_, details1_.oduid as oduid8_40_0_, details1_.oddtlu as oddtlu9_40_0_, details1_.odtmlu as odtmlu10_40_0_, details1_.oduidm as oduidm11_40_0_, details1_.odacid as odacid12_40_0_, details1_.odaprcd as odaprcd13_40_0_, details1_.odcrcb as odcrcb14_40_0_, details1_.oditc02 as oditc15_40_0_, details1_.odbuid as odbuid16_40_0_, details1_.odqtycl as odqtycl17_40_0_, details1_.oditc01 as oditc18_40_0_, details1_.odcldt as odcldt19_40_0_, details1_.odcsid as odcsid20_40_0_, details1_.oddccd as oddccd21_40_0_, details1_.oddcrt as oddcrt22_40_0_, details1_.odexcrt as odexcrt23_40_0_, details1_.odexcost as odexcos24_40_0_, details1_.odqtyx as odqtyx25_40_0_, details1_.oducfx as oducfx26_40_0_, details1_.oduncostx as oduncos27_40_0_, details1_.oduomx as oduomx28_40_0_, details1_.odfec as odfec29_40_0_, details1_.odfta as odfta30_40_0_, details1_.odftb as odftb31_40_0_, details1_.odfuc as odfuc32_40_0_, details1_.odglcls as odglcls33_40_0_, details1_.odgldt as odgldt34_40_0_, details1_.odir02 as odir35_40_0_, details1_.odir01 as odir36_40_0_, details1_.odir03 as odir37_40_0_, details1_.odinum as odinum38_40_0_, details1_.oddesb1 as oddesb39_40_0_, details1_.oditc05 as oditc40_40_0_, details1_.odlst as odlst41_40_0_, details1_.odlnty as odlnty42_40_0_, details1_.odlocid as odlocid43_40_0_, details1_.odnst as odnst44_40_0_, details1_.odobid as odobid45_40_0_, details1_.odqtyop as odqtyop46_40_0_, details1_.odordt as odordt47_40_0_, details1_.odqtyor as odqtyor48_40_0_, details1_.odott as odott49_40_0_, details1_.odordocdt as odordoc50_40_0_, details1_.odordocno as odordoc51_40_0_, details1_.odordocsq as odordoc52_40_0_, details1_.odordocty as odordoc53_40_0_, details1_.odptc as odptc54_40_0_, details1_.odpqor as odpqor55_40_0_, details1_.oduom1 as oduom56_40_0_, details1_.odpjid as odpjid57_40_0_, details1_.odpddt as odpddt58_40_0_, details1_.odpo03 as odpo59_40_0_, details1_.odpo01 as odpo60_40_0_, details1_.odpo02 as odpo61_40_0_, details1_.odqty as odqty62_40_0_, details1_.odrcdt as odrcdt63_40_0_, details1_.odqtyrc as odqtyrc64_40_0_, details1_.odstid as odstid65_40_0_, details1_.odvr04 as odvr66_40_0_, details1_.odvr01 as odvr67_40_0_, details1_.odvr03 as odvr68_40_0_, details1_.odvr05 as odvr69_40_0_, details1_.odvr02 as odvr70_40_0_, details1_.odrldocno as odrldoc71_40_0_, details1_.odrldocsq as odrldoc72_40_0_, details1_.odrldocty as odrldoc73_40_0_, details1_.odrqdt as odrqdt74_40_0_, details1_.odqtyrn as odqtyrn75_40_0_, details1_.odsqor as odsqor76_40_0_, details1_.oduom2 as oduom77_40_0_, details1_.odsnlot as odsnlot78_40_0_, details1_.odtaxal as odtaxal79_40_0_, details1_.odtaxam as odtaxam80_40_0_, details1_.odtaxab as odtaxab81_40_0_, details1_.odtaxcd as odtaxcd82_40_0_, details1_.odtaxrt as odtaxrt83_40_0_, details1_.odcrct as odcrct84_40_0_, details1_.oditc03 as oditc85_40_0_, details1_.oducf as oducf86_40_0_, details1_.oduncost as oduncos87_40_0_, details1_.odudc as odudc88_40_0_, details1_.odudf as odudf89_40_0_, details1_.oduom as oduom90_40_0_, details1_.odvnid as odvnid91_40_0_ from t4301 purchaseor0_ left outer join t4311 details1_ on purchaseor0_.ohcoid=details1_.odcoid and purchaseor0_.ohdocono=details1_.oddocono and purchaseor0_.ohdocoty=details1_.oddocoty where purchaseor0_.ohcoid=? and purchaseor0_.ohdocono=? and purchaseor0_.ohdocoty=?
Hibernate: select purchasede0_.odcoid as odcoid1_40_0_, purchasede0_.oddocono as oddocono2_40_0_, purchasede0_.oddocosq as oddocosq3_40_0_, purchasede0_.oddocoty as oddocoty4_40_0_, purchasede0_.odcid as odcid5_40_0_, purchasede0_.oddtin as oddtin6_40_0_, purchasede0_.odtmin as odtmin7_40_0_, purchasede0_.oduid as oduid8_40_0_, purchasede0_.oddtlu as oddtlu9_40_0_, purchasede0_.odtmlu as odtmlu10_40_0_, purchasede0_.oduidm as oduidm11_40_0_, purchasede0_.odacid as odacid12_40_0_, purchasede0_.odaprcd as odaprcd13_40_0_, purchasede0_.odcrcb as odcrcb14_40_0_, purchasede0_.oditc02 as oditc15_40_0_, purchasede0_.odbuid as odbuid16_40_0_, purchasede0_.odqtycl as odqtycl17_40_0_, purchasede0_.oditc01 as oditc18_40_0_, purchasede0_.odcldt as odcldt19_40_0_, purchasede0_.odcsid as odcsid20_40_0_, purchasede0_.oddccd as oddccd21_40_0_, purchasede0_.oddcrt as oddcrt22_40_0_, purchasede0_.odexcrt as odexcrt23_40_0_, purchasede0_.odexcost as odexcos24_40_0_, purchasede0_.odqtyx as odqtyx25_40_0_, purchasede0_.oducfx as oducfx26_40_0_, purchasede0_.oduncostx as oduncos27_40_0_, purchasede0_.oduomx as oduomx28_40_0_, purchasede0_.odfec as odfec29_40_0_, purchasede0_.odfta as odfta30_40_0_, purchasede0_.odftb as odftb31_40_0_, purchasede0_.odfuc as odfuc32_40_0_, purchasede0_.odglcls as odglcls33_40_0_, purchasede0_.odgldt as odgldt34_40_0_, purchasede0_.odir02 as odir35_40_0_, purchasede0_.odir01 as odir36_40_0_, purchasede0_.odir03 as odir37_40_0_, purchasede0_.odinum as odinum38_40_0_, purchasede0_.oddesb1 as oddesb39_40_0_, purchasede0_.oditc05 as oditc40_40_0_, purchasede0_.odlst as odlst41_40_0_, purchasede0_.odlnty as odlnty42_40_0_, purchasede0_.odlocid as odlocid43_40_0_, purchasede0_.odnst as odnst44_40_0_, purchasede0_.odobid as odobid45_40_0_, purchasede0_.odqtyop as odqtyop46_40_0_, purchasede0_.odordt as odordt47_40_0_, purchasede0_.odqtyor as odqtyor48_40_0_, purchasede0_.odott as odott49_40_0_, purchasede0_.odordocdt as odordoc50_40_0_, purchasede0_.odordocno as odordoc51_40_0_, purchasede0_.odordocsq as odordoc52_40_0_, purchasede0_.odordocty as odordoc53_40_0_, purchasede0_.odptc as odptc54_40_0_, purchasede0_.odpqor as odpqor55_40_0_, purchasede0_.oduom1 as oduom56_40_0_, purchasede0_.odpjid as odpjid57_40_0_, purchasede0_.odpddt as odpddt58_40_0_, purchasede0_.odpo03 as odpo59_40_0_, purchasede0_.odpo01 as odpo60_40_0_, purchasede0_.odpo02 as odpo61_40_0_, purchasede0_.odqty as odqty62_40_0_, purchasede0_.odrcdt as odrcdt63_40_0_, purchasede0_.odqtyrc as odqtyrc64_40_0_, purchasede0_.odstid as odstid65_40_0_, purchasede0_.odvr04 as odvr66_40_0_, purchasede0_.odvr01 as odvr67_40_0_, purchasede0_.odvr03 as odvr68_40_0_, purchasede0_.odvr05 as odvr69_40_0_, purchasede0_.odvr02 as odvr70_40_0_, purchasede0_.odrldocno as odrldoc71_40_0_, purchasede0_.odrldocsq as odrldoc72_40_0_, purchasede0_.odrldocty as odrldoc73_40_0_, purchasede0_.odrqdt as odrqdt74_40_0_, purchasede0_.odqtyrn as odqtyrn75_40_0_, purchasede0_.odsqor as odsqor76_40_0_, purchasede0_.oduom2 as oduom77_40_0_, purchasede0_.odsnlot as odsnlot78_40_0_, purchasede0_.odtaxal as odtaxal79_40_0_, purchasede0_.odtaxam as odtaxam80_40_0_, purchasede0_.odtaxab as odtaxab81_40_0_, purchasede0_.odtaxcd as odtaxcd82_40_0_, purchasede0_.odtaxrt as odtaxrt83_40_0_, purchasede0_.odcrct as odcrct84_40_0_, purchasede0_.oditc03 as oditc85_40_0_, purchasede0_.oducf as oducf86_40_0_, purchasede0_.oduncost as oduncos87_40_0_, purchasede0_.odudc as odudc88_40_0_, purchasede0_.odudf as odudf89_40_0_, purchasede0_.oduom as oduom90_40_0_, purchasede0_.odvnid as odvnid91_40_0_ from t4311 purchasede0_ where purchasede0_.odcoid=? and purchasede0_.oddocono=? and purchasede0_.oddocosq=? and purchasede0_.oddocoty=?
Hibernate: select purchasede0_.odcoid as odcoid1_40_0_, purchasede0_.oddocono as oddocono2_40_0_, purchasede0_.oddocosq as oddocosq3_40_0_, purchasede0_.oddocoty as oddocoty4_40_0_, purchasede0_.odcid as odcid5_40_0_, purchasede0_.oddtin as oddtin6_40_0_, purchasede0_.odtmin as odtmin7_40_0_, purchasede0_.oduid as oduid8_40_0_, purchasede0_.oddtlu as oddtlu9_40_0_, purchasede0_.odtmlu as odtmlu10_40_0_, purchasede0_.oduidm as oduidm11_40_0_, purchasede0_.odacid as odacid12_40_0_, purchasede0_.odaprcd as odaprcd13_40_0_, purchasede0_.odcrcb as odcrcb14_40_0_, purchasede0_.oditc02 as oditc15_40_0_, purchasede0_.odbuid as odbuid16_40_0_, purchasede0_.odqtycl as odqtycl17_40_0_, purchasede0_.oditc01 as oditc18_40_0_, purchasede0_.odcldt as odcldt19_40_0_, purchasede0_.odcsid as odcsid20_40_0_, purchasede0_.oddccd as oddccd21_40_0_, purchasede0_.oddcrt as oddcrt22_40_0_, purchasede0_.odexcrt as odexcrt23_40_0_, purchasede0_.odexcost as odexcos24_40_0_, purchasede0_.odqtyx as odqtyx25_40_0_, purchasede0_.oducfx as oducfx26_40_0_, purchasede0_.oduncostx as oduncos27_40_0_, purchasede0_.oduomx as oduomx28_40_0_, purchasede0_.odfec as odfec29_40_0_, purchasede0_.odfta as odfta30_40_0_, purchasede0_.odftb as odftb31_40_0_, purchasede0_.odfuc as odfuc32_40_0_, purchasede0_.odglcls as odglcls33_40_0_, purchasede0_.odgldt as odgldt34_40_0_, purchasede0_.odir02 as odir35_40_0_, purchasede0_.odir01 as odir36_40_0_, purchasede0_.odir03 as odir37_40_0_, purchasede0_.odinum as odinum38_40_0_, purchasede0_.oddesb1 as oddesb39_40_0_, purchasede0_.oditc05 as oditc40_40_0_, purchasede0_.odlst as odlst41_40_0_, purchasede0_.odlnty as odlnty42_40_0_, purchasede0_.odlocid as odlocid43_40_0_, purchasede0_.odnst as odnst44_40_0_, purchasede0_.odobid as odobid45_40_0_, purchasede0_.odqtyop as odqtyop46_40_0_, purchasede0_.odordt as odordt47_40_0_, purchasede0_.odqtyor as odqtyor48_40_0_, purchasede0_.odott as odott49_40_0_, purchasede0_.odordocdt as odordoc50_40_0_, purchasede0_.odordocno as odordoc51_40_0_, purchasede0_.odordocsq as odordoc52_40_0_, purchasede0_.odordocty as odordoc53_40_0_, purchasede0_.odptc as odptc54_40_0_, purchasede0_.odpqor as odpqor55_40_0_, purchasede0_.oduom1 as oduom56_40_0_, purchasede0_.odpjid as odpjid57_40_0_, purchasede0_.odpddt as odpddt58_40_0_, purchasede0_.odpo03 as odpo59_40_0_, purchasede0_.odpo01 as odpo60_40_0_, purchasede0_.odpo02 as odpo61_40_0_, purchasede0_.odqty as odqty62_40_0_, purchasede0_.odrcdt as odrcdt63_40_0_, purchasede0_.odqtyrc as odqtyrc64_40_0_, purchasede0_.odstid as odstid65_40_0_, purchasede0_.odvr04 as odvr66_40_0_, purchasede0_.odvr01 as odvr67_40_0_, purchasede0_.odvr03 as odvr68_40_0_, purchasede0_.odvr05 as odvr69_40_0_, purchasede0_.odvr02 as odvr70_40_0_, purchasede0_.odrldocno as odrldoc71_40_0_, purchasede0_.odrldocsq as odrldoc72_40_0_, purchasede0_.odrldocty as odrldoc73_40_0_, purchasede0_.odrqdt as odrqdt74_40_0_, purchasede0_.odqtyrn as odqtyrn75_40_0_, purchasede0_.odsqor as odsqor76_40_0_, purchasede0_.oduom2 as oduom77_40_0_, purchasede0_.odsnlot as odsnlot78_40_0_, purchasede0_.odtaxal as odtaxal79_40_0_, purchasede0_.odtaxam as odtaxam80_40_0_, purchasede0_.odtaxab as odtaxab81_40_0_, purchasede0_.odtaxcd as odtaxcd82_40_0_, purchasede0_.odtaxrt as odtaxrt83_40_0_, purchasede0_.odcrct as odcrct84_40_0_, purchasede0_.oditc03 as oditc85_40_0_, purchasede0_.oducf as oducf86_40_0_, purchasede0_.oduncost as oduncos87_40_0_, purchasede0_.odudc as odudc88_40_0_, purchasede0_.odudf as odudf89_40_0_, purchasede0_.oduom as oduom90_40_0_, purchasede0_.odvnid as odvnid91_40_0_ from t4311 purchasede0_ where purchasede0_.odcoid=? and purchasede0_.oddocono=? and purchasede0_.oddocosq=? and purchasede0_.oddocoty=?
Hibernate: select purchasede0_.odcoid as odcoid1_40_0_, purchasede0_.oddocono as oddocono2_40_0_, purchasede0_.oddocosq as oddocosq3_40_0_, purchasede0_.oddocoty as oddocoty4_40_0_, purchasede0_.odcid as odcid5_40_0_, purchasede0_.oddtin as oddtin6_40_0_, purchasede0_.odtmin as odtmin7_40_0_, purchasede0_.oduid as oduid8_40_0_, purchasede0_.oddtlu as oddtlu9_40_0_, purchasede0_.odtmlu as odtmlu10_40_0_, purchasede0_.oduidm as oduidm11_40_0_, purchasede0_.odacid as odacid12_40_0_, purchasede0_.odaprcd as odaprcd13_40_0_, purchasede0_.odcrcb as odcrcb14_40_0_, purchasede0_.oditc02 as oditc15_40_0_, purchasede0_.odbuid as odbuid16_40_0_, purchasede0_.odqtycl as odqtycl17_40_0_, purchasede0_.oditc01 as oditc18_40_0_, purchasede0_.odcldt as odcldt19_40_0_, purchasede0_.odcsid as odcsid20_40_0_, purchasede0_.oddccd as oddccd21_40_0_, purchasede0_.oddcrt as oddcrt22_40_0_, purchasede0_.odexcrt as odexcrt23_40_0_, purchasede0_.odexcost as odexcos24_40_0_, purchasede0_.odqtyx as odqtyx25_40_0_, purchasede0_.oducfx as oducfx26_40_0_, purchasede0_.oduncostx as oduncos27_40_0_, purchasede0_.oduomx as oduomx28_40_0_, purchasede0_.odfec as odfec29_40_0_, purchasede0_.odfta as odfta30_40_0_, purchasede0_.odftb as odftb31_40_0_, purchasede0_.odfuc as odfuc32_40_0_, purchasede0_.odglcls as odglcls33_40_0_, purchasede0_.odgldt as odgldt34_40_0_, purchasede0_.odir02 as odir35_40_0_, purchasede0_.odir01 as odir36_40_0_, purchasede0_.odir03 as odir37_40_0_, purchasede0_.odinum as odinum38_40_0_, purchasede0_.oddesb1 as oddesb39_40_0_, purchasede0_.oditc05 as oditc40_40_0_, purchasede0_.odlst as odlst41_40_0_, purchasede0_.odlnty as odlnty42_40_0_, purchasede0_.odlocid as odlocid43_40_0_, purchasede0_.odnst as odnst44_40_0_, purchasede0_.odobid as odobid45_40_0_, purchasede0_.odqtyop as odqtyop46_40_0_, purchasede0_.odordt as odordt47_40_0_, purchasede0_.odqtyor as odqtyor48_40_0_, purchasede0_.odott as odott49_40_0_, purchasede0_.odordocdt as odordoc50_40_0_, purchasede0_.odordocno as odordoc51_40_0_, purchasede0_.odordocsq as odordoc52_40_0_, purchasede0_.odordocty as odordoc53_40_0_, purchasede0_.odptc as odptc54_40_0_, purchasede0_.odpqor as odpqor55_40_0_, purchasede0_.oduom1 as oduom56_40_0_, purchasede0_.odpjid as odpjid57_40_0_, purchasede0_.odpddt as odpddt58_40_0_, purchasede0_.odpo03 as odpo59_40_0_, purchasede0_.odpo01 as odpo60_40_0_, purchasede0_.odpo02 as odpo61_40_0_, purchasede0_.odqty as odqty62_40_0_, purchasede0_.odrcdt as odrcdt63_40_0_, purchasede0_.odqtyrc as odqtyrc64_40_0_, purchasede0_.odstid as odstid65_40_0_, purchasede0_.odvr04 as odvr66_40_0_, purchasede0_.odvr01 as odvr67_40_0_, purchasede0_.odvr03 as odvr68_40_0_, purchasede0_.odvr05 as odvr69_40_0_, purchasede0_.odvr02 as odvr70_40_0_, purchasede0_.odrldocno as odrldoc71_40_0_, purchasede0_.odrldocsq as odrldoc72_40_0_, purchasede0_.odrldocty as odrldoc73_40_0_, purchasede0_.odrqdt as odrqdt74_40_0_, purchasede0_.odqtyrn as odqtyrn75_40_0_, purchasede0_.odsqor as odsqor76_40_0_, purchasede0_.oduom2 as oduom77_40_0_, purchasede0_.odsnlot as odsnlot78_40_0_, purchasede0_.odtaxal as odtaxal79_40_0_, purchasede0_.odtaxam as odtaxam80_40_0_, purchasede0_.odtaxab as odtaxab81_40_0_, purchasede0_.odtaxcd as odtaxcd82_40_0_, purchasede0_.odtaxrt as odtaxrt83_40_0_, purchasede0_.odcrct as odcrct84_40_0_, purchasede0_.oditc03 as oditc85_40_0_, purchasede0_.oducf as oducf86_40_0_, purchasede0_.oduncost as oduncos87_40_0_, purchasede0_.odudc as odudc88_40_0_, purchasede0_.odudf as odudf89_40_0_, purchasede0_.oduom as oduom90_40_0_, purchasede0_.odvnid as odvnid91_40_0_ from t4311 purchasede0_ where purchasede0_.odcoid=? and purchasede0_.oddocono=? and purchasede0_.oddocosq=? and purchasede0_.oddocoty=?
Hibernate: insert into t4301 (ohcid, ohdtin, ohtmin, ohuid, ohdtlu, ohtmlu, ohuidm, ohaprcd, ohcrcb, ohbuid, ohcldt, ohcot, ohcsid, ohdesb1, ohdccd, ohdcrt, ohexcrt, ohgldt, ohidd, ohidn, ohlst, ohnst, ohobid, ohordt, ohptc, ohpoa, ohpod, ohpjid, ohpddt, ohrcdt, ohstid, ohrqdt, ohtaxal, ohtaxcd, ohtaxrt, ohcrct, ohdesc1, ohdesc2, ohvhrn, ohvhty, ohvnid, ohcoid, ohdocono, ohdocoty) values (?, ?, ?, ?, ?, ?, ?, ?, ?, ?, ?, ?, ?, ?, ?, ?, ?, ?, ?, ?, ?, ?, ?, ?, ?, ?, ?, ?, ?, ?, ?, ?, ?, ?, ?, ?, ?, ?, ?, ?, ?, ?, ?, ?)
Hibernate: insert into t4311 (odcid, oddtin, odtmin, oduid, oddtlu, odtmlu, oduidm, odacid, odaprcd, odcrcb, oditc02, odbuid, odqtycl, oditc01, odcldt, odcsid, oddccd, oddcrt, odexcrt, odexcost, odqtyx, oducfx, oduncostx, oduomx, odfec, odfta, odftb, odfuc, odglcls, odgldt, odir02, odir01, odir03, odinum, oddesb1, oditc05, odlst, odlnty, odlocid, odnst, odobid, odqtyop, odordt, odqtyor, odott, odordocdt, odordocno, odordocsq, odordocty, odptc, odpqor, oduom1, odpjid, odpddt, odpo03, odpo01, odpo02, odqty, odrcdt, odqtyrc, odstid, odvr04, odvr01, odvr03, odvr05, odvr02, odrldocno, odrldocsq, odrldocty, odrqdt, odqtyrn, odsqor, oduom2, odsnlot, odtaxal, odtaxam, odtaxab, odtaxcd, odtaxrt, odcrct, oditc03, oducf, oduncost, odudc, odudf, oduom, odvnid, odcoid, oddocono, oddocosq, oddocoty) values (?, ?, ?, ?, ?, ?, ?, ?, ?, ?, ?, ?, ?, ?, ?, ?, ?, ?, ?, ?, ?, ?, ?, ?, ?, ?, ?, ?, ?, ?, ?, ?, ?, ?, ?, ?, ?, ?, ?, ?, ?, ?, ?, ?, ?, ?, ?, ?, ?, ?, ?, ?, ?, ?, ?, ?, ?, ?, ?, ?, ?, ?, ?, ?, ?, ?, ?, ?, ?, ?, ?, ?, ?, ?, ?, ?, ?, ?, ?, ?, ?, ?, ?, ?, ?, ?, ?, ?, ?, ?, ?)
Hibernate: insert into t4311 (odcid, oddtin, odtmin, oduid, oddtlu, odtmlu, oduidm, odacid, odaprcd, odcrcb, oditc02, odbuid, odqtycl, oditc01, odcldt, odcsid, oddccd, oddcrt, odexcrt, odexcost, odqtyx, oducfx, oduncostx, oduomx, odfec, odfta, odftb, odfuc, odglcls, odgldt, odir02, odir01, odir03, odinum, oddesb1, oditc05, odlst, odlnty, odlocid, odnst, odobid, odqtyop, odordt, odqtyor, odott, odordocdt, odordocno, odordocsq, odordocty, odptc, odpqor, oduom1, odpjid, odpddt, odpo03, odpo01, odpo02, odqty, odrcdt, odqtyrc, odstid, odvr04, odvr01, odvr03, odvr05, odvr02, odrldocno, odrldocsq, odrldocty, odrqdt, odqtyrn, odsqor, oduom2, odsnlot, odtaxal, odtaxam, odtaxab, odtaxcd, odtaxrt, odcrct, oditc03, oducf, oduncost, odudc, odudf, oduom, odvnid, odcoid, oddocono, oddocosq, oddocoty) values (?, ?, ?, ?, ?, ?, ?, ?, ?, ?, ?, ?, ?, ?, ?, ?, ?, ?, ?, ?, ?, ?, ?, ?, ?, ?, ?, ?, ?, ?, ?, ?, ?, ?, ?, ?, ?, ?, ?, ?, ?, ?, ?, ?, ?, ?, ?, ?, ?, ?, ?, ?, ?, ?, ?, ?, ?, ?, ?, ?, ?, ?, ?, ?, ?, ?, ?, ?, ?, ?, ?, ?, ?, ?, ?, ?, ?, ?, ?, ?, ?, ?, ?, ?, ?, ?, ?, ?, ?, ?, ?)
Hibernate: insert into t4311 (odcid, oddtin, odtmin, oduid, oddtlu, odtmlu, oduidm, odacid, odaprcd, odcrcb, oditc02, odbuid, odqtycl, oditc01, odcldt, odcsid, oddccd, oddcrt, odexcrt, odexcost, odqtyx, oducfx, oduncostx, oduomx, odfec, odfta, odftb, odfuc, odglcls, odgldt, odir02, odir01, odir03, odinum, oddesb1, oditc05, odlst, odlnty, odlocid, odnst, odobid, odqtyop, odordt, odqtyor, odott, odordocdt, odordocno, odordocsq, odordocty, odptc, odpqor, oduom1, odpjid, odpddt, odpo03, odpo01, odpo02, odqty, odrcdt, odqtyrc, odstid, odvr04, odvr01, odvr03, odvr05, odvr02, odrldocno, odrldocsq, odrldocty, odrqdt, odqtyrn, odsqor, oduom2, odsnlot, odtaxal, odtaxam, odtaxab, odtaxcd, odtaxrt, odcrct, oditc03, oducf, oduncost, odudc, odudf, oduom, odvnid, odcoid, oddocono, oddocosq, oddocoty) values (?, ?, ?, ?, ?, ?, ?, ?, ?, ?, ?, ?, ?, ?, ?, ?, ?, ?, ?, ?, ?, ?, ?, ?, ?, ?, ?, ?, ?, ?, ?, ?, ?, ?, ?, ?, ?, ?, ?, ?, ?, ?, ?, ?, ?, ?, ?, ?, ?, ?, ?, ?, ?, ?, ?, ?, ?, ?, ?, ?, ?, ?, ?, ?, ?, ?, ?, ?, ?, ?, ?, ?, ?, ?, ?, ?, ?, ?, ?, ?, ?, ?, ?, ?, ?, ?, ?, ?, ?, ?, ?)
Hibernate: select purchaseor0_.ohcoid as ohcoid1_39_0_, purchaseor0_.ohdocono as ohdocono2_39_0_, purchaseor0_.ohdocoty as ohdocoty3_39_0_, purchaseor0_.ohcid as ohcid4_39_0_, purchaseor0_.ohdtin as ohdtin5_39_0_, purchaseor0_.ohtmin as ohtmin6_39_0_, purchaseor0_.ohuid as ohuid7_39_0_, purchaseor0_.ohdtlu as ohdtlu8_39_0_, purchaseor0_.ohtmlu as ohtmlu9_39_0_, purchaseor0_.ohuidm as ohuidm10_39_0_, purchaseor0_.ohaprcd as ohaprcd11_39_0_, purchaseor0_.ohcrcb as ohcrcb12_39_0_, purchaseor0_.ohbuid as ohbuid13_39_0_, purchaseor0_.ohcldt as ohcldt14_39_0_, purchaseor0_.ohcot as ohcot15_39_0_, purchaseor0_.ohcsid as ohcsid16_39_0_, purchaseor0_.ohdesb1 as ohdesb17_39_0_, purchaseor0_.ohdccd as ohdccd18_39_0_, purchaseor0_.ohdcrt as ohdcrt19_39_0_, purchaseor0_.ohexcrt as ohexcrt20_39_0_, purchaseor0_.ohgldt as ohgldt21_39_0_, purchaseor0_.ohidd as ohidd22_39_0_, purchaseor0_.ohidn as ohidn23_39_0_, purchaseor0_.ohlst as ohlst24_39_0_, purchaseor0_.ohnst as ohnst25_39_0_, purchaseor0_.ohobid as ohobid26_39_0_, purchaseor0_.ohordt as ohordt27_39_0_, purchaseor0_.ohptc as ohptc28_39_0_, purchaseor0_.ohpoa as ohpoa29_39_0_, purchaseor0_.ohpod as ohpod30_39_0_, purchaseor0_.ohpjid as ohpjid31_39_0_, purchaseor0_.ohpddt as ohpddt32_39_0_, purchaseor0_.ohrcdt as ohrcdt33_39_0_, purchaseor0_.ohstid as ohstid34_39_0_, purchaseor0_.ohrqdt as ohrqdt35_39_0_, purchaseor0_.ohtaxal as ohtaxal36_39_0_, purchaseor0_.ohtaxcd as ohtaxcd37_39_0_, purchaseor0_.ohtaxrt as ohtaxrt38_39_0_, purchaseor0_.ohcrct as ohcrct39_39_0_, purchaseor0_.ohdesc1 as ohdesc40_39_0_, purchaseor0_.ohdesc2 as ohdesc41_39_0_, purchaseor0_.ohvhrn as ohvhrn42_39_0_, purchaseor0_.ohvhty as ohvhty43_39_0_, purchaseor0_.ohvnid as ohvnid44_39_0_ from t4301 purchaseor0_ where purchaseor0_.ohcoid=? and purchaseor0_.ohdocono=? and purchaseor0_.ohdocoty=?
Hibernate: select details0_.odcoid as odcoid1_40_0_, details0_.oddocono as oddocono2_40_0_, details0_.oddocoty as oddocoty4_40_0_, details0_.oddocosq as oddocosq3_40_0_, details0_.odcoid as odcoid1_40_1_, details0_.oddocono as oddocono2_40_1_, details0_.oddocosq as oddocosq3_40_1_, details0_.oddocoty as oddocoty4_40_1_, details0_.odcid as odcid5_40_1_, details0_.oddtin as oddtin6_40_1_, details0_.odtmin as odtmin7_40_1_, details0_.oduid as oduid8_40_1_, details0_.oddtlu as oddtlu9_40_1_, details0_.odtmlu as odtmlu10_40_1_, details0_.oduidm as oduidm11_40_1_, details0_.odacid as odacid12_40_1_, details0_.odaprcd as odaprcd13_40_1_, details0_.odcrcb as odcrcb14_40_1_, details0_.oditc02 as oditc15_40_1_, details0_.odbuid as odbuid16_40_1_, details0_.odqtycl as odqtycl17_40_1_, details0_.oditc01 as oditc18_40_1_, details0_.odcldt as odcldt19_40_1_, details0_.odcsid as odcsid20_40_1_, details0_.oddccd as oddccd21_40_1_, details0_.oddcrt as oddcrt22_40_1_, details0_.odexcrt as odexcrt23_40_1_, details0_.odexcost as odexcos24_40_1_, details0_.odqtyx as odqtyx25_40_1_, details0_.oducfx as oducfx26_40_1_, details0_.oduncostx as oduncos27_40_1_, details0_.oduomx as oduomx28_40_1_, details0_.odfec as odfec29_40_1_, details0_.odfta as odfta30_40_1_, details0_.odftb as odftb31_40_1_, details0_.odfuc as odfuc32_40_1_, details0_.odglcls as odglcls33_40_1_, details0_.odgldt as odgldt34_40_1_, details0_.odir02 as odir35_40_1_, details0_.odir01 as odir36_40_1_, details0_.odir03 as odir37_40_1_, details0_.odinum as odinum38_40_1_, details0_.oddesb1 as oddesb39_40_1_, details0_.oditc05 as oditc40_40_1_, details0_.odlst as odlst41_40_1_, details0_.odlnty as odlnty42_40_1_, details0_.odlocid as odlocid43_40_1_, details0_.odnst as odnst44_40_1_, details0_.odobid as odobid45_40_1_, details0_.odqtyop as odqtyop46_40_1_, details0_.odordt as odordt47_40_1_, details0_.odqtyor as odqtyor48_40_1_, details0_.odott as odott49_40_1_, details0_.odordocdt as odordoc50_40_1_, details0_.odordocno as odordoc51_40_1_, details0_.odordocsq as odordoc52_40_1_, details0_.odordocty as odordoc53_40_1_, details0_.odptc as odptc54_40_1_, details0_.odpqor as odpqor55_40_1_, details0_.oduom1 as oduom56_40_1_, details0_.odpjid as odpjid57_40_1_, details0_.odpddt as odpddt58_40_1_, details0_.odpo03 as odpo59_40_1_, details0_.odpo01 as odpo60_40_1_, details0_.odpo02 as odpo61_40_1_, details0_.odqty as odqty62_40_1_, details0_.odrcdt as odrcdt63_40_1_, details0_.odqtyrc as odqtyrc64_40_1_, details0_.odstid as odstid65_40_1_, details0_.odvr04 as odvr66_40_1_, details0_.odvr01 as odvr67_40_1_, details0_.odvr03 as odvr68_40_1_, details0_.odvr05 as odvr69_40_1_, details0_.odvr02 as odvr70_40_1_, details0_.odrldocno as odrldoc71_40_1_, details0_.odrldocsq as odrldoc72_40_1_, details0_.odrldocty as odrldoc73_40_1_, details0_.odrqdt as odrqdt74_40_1_, details0_.odqtyrn as odqtyrn75_40_1_, details0_.odsqor as odsqor76_40_1_, details0_.oduom2 as oduom77_40_1_, details0_.odsnlot as odsnlot78_40_1_, details0_.odtaxal as odtaxal79_40_1_, details0_.odtaxam as odtaxam80_40_1_, details0_.odtaxab as odtaxab81_40_1_, details0_.odtaxcd as odtaxcd82_40_1_, details0_.odtaxrt as odtaxrt83_40_1_, details0_.odcrct as odcrct84_40_1_, details0_.oditc03 as oditc85_40_1_, details0_.oducf as oducf86_40_1_, details0_.oduncost as oduncos87_40_1_, details0_.odudc as odudc88_40_1_, details0_.odudf as odudf89_40_1_, details0_.oduom as oduom90_40_1_, details0_.odvnid as odvnid91_40_1_ from t4311 details0_ where details0_.odcoid=? and details0_.oddocono=? and details0_.oddocoty=?
Hibernate: select receipts0_.ovcoid as ovcoid1_41_0_, receipts0_.ovdocono as ovdocon53_41_0_, receipts0_.ovdocosq as ovdocos54_41_0_, receipts0_.ovdocoty as ovdocot55_41_0_, receipts0_.ovdocno as ovdocno2_41_0_, receipts0_.ovdocty as ovdocty3_41_0_, receipts0_.ovdocsq as ovdocsq4_41_0_, receipts0_.ovcoid as ovcoid1_41_1_, receipts0_.ovdocno as ovdocno2_41_1_, receipts0_.ovdocty as ovdocty3_41_1_, receipts0_.ovdocsq as ovdocsq4_41_1_, receipts0_.ovcid as ovcid5_41_1_, receipts0_.ovdtin as ovdtin6_41_1_, receipts0_.ovtmin as ovtmin7_41_1_, receipts0_.ovuid as ovuid8_41_1_, receipts0_.ovdtlu as ovdtlu9_41_1_, receipts0_.ovtmlu as ovtmlu10_41_1_, receipts0_.ovuidm as ovuidm11_41_1_, receipts0_.ovacid as ovacid12_41_1_, receipts0_.ovcrcb as ovcrcb13_41_1_, receipts0_.ovicu as ovicu14_41_1_, receipts0_.ovicut as ovicut15_41_1_, receipts0_.ovitc02 as ovitc16_41_1_, receipts0_.ovbuid as ovbuid17_41_1_, receipts0_.ovitc01 as ovitc18_41_1_, receipts0_.ovcot as ovcot19_41_1_, receipts0_.ovcnid as ovcnid20_41_1_, receipts0_.ovcsdocdt as ovcsdoc21_41_1_, receipts0_.ovcsdocno as ovcsdoc22_41_1_, receipts0_.ovurtx as ovurtx23_41_1_, receipts0_.ovdccd as ovdccd24_41_1_, receipts0_.ovdcrt as ovdcrt25_41_1_, receipts0_.ovdocdt as ovdocdt26_41_1_, receipts0_.ovexcrt as ovexcrt27_41_1_, receipts0_.ovexpdt as ovexpdt28_41_1_, receipts0_.ovexcost as ovexcos29_41_1_, receipts0_.ovfec as ovfec30_41_1_, receipts0_.ovfta as ovfta31_41_1_, receipts0_.ovftb as ovftb32_41_1_, receipts0_.ovfuc as ovfuc33_41_1_, receipts0_.ovglcls as ovglcls34_41_1_, receipts0_.ovidd as ovidd35_41_1_, receipts0_.ovidn as ovidn36_41_1_, receipts0_.ovitt as ovitt37_41_1_, receipts0_.ovdocidt as ovdocid38_41_1_, receipts0_.ovdocino as ovdocin39_41_1_, receipts0_.ovdocisq as ovdocis40_41_1_, receipts0_.ovdocity as ovdocit41_41_1_, receipts0_.ovinum as ovinum42_41_1_, receipts0_.ovdesb1 as ovdesb43_41_1_, receipts0_.ovlcrt as ovlcrt44_41_1_, receipts0_.ovitc05 as ovitc45_41_1_, receipts0_.ovlst as ovlst46_41_1_, receipts0_.ovlvla as ovlvla47_41_1_, receipts0_.ovlnty as ovlnty48_41_1_, receipts0_.ovlocid as ovlocid49_41_1_, receipts0_.ovmatc as ovmatc50_41_1_, receipts0_.ovnst as ovnst51_41_1_, receipts0_.ovobid as ovobid52_41_1_, receipts0_.ovdocono as ovdocon53_41_1_, receipts0_.ovdocosq as ovdocos54_41_1_, receipts0_.ovdocoty as ovdocot55_41_1_, receipts0_.ovordocno as ovordoc56_41_1_, receipts0_.ovordocsq as ovordoc57_41_1_, receipts0_.ovordocty as ovordoc58_41_1_, receipts0_.ovptc as ovptc59_41_1_, receipts0_.ovpoa as ovpoa60_41_1_, receipts0_.ovpod as ovpod61_41_1_, receipts0_.ovpqot as ovpqot62_41_1_, receipts0_.ovuom1 as ovuom63_41_1_, receipts0_.ovpjid as ovpjid64_41_1_, receipts0_.ovpo03 as ovpo65_41_1_, receipts0_.ovpo01 as ovpo66_41_1_, receipts0_.ovpo02 as ovpo67_41_1_, receipts0_.ovqty as ovqty68_41_1_, receipts0_.ovrcdt as ovrcdt69_41_1_, receipts0_.ovrecid as ovrecid70_41_1_, receipts0_.ovvr04 as ovvr71_41_1_, receipts0_.ovvr01 as ovvr72_41_1_, receipts0_.ovvr03 as ovvr73_41_1_, receipts0_.ovvr05 as ovvr74_41_1_, receipts0_.ovvr02 as ovvr75_41_1_, receipts0_.ovrtgc as ovrtgc76_41_1_, receipts0_.ovsqot as ovsqot77_41_1_, receipts0_.ovuom2 as ovuom78_41_1_, receipts0_.ovsnlot as ovsnlot79_41_1_, receipts0_.ovtaxal as ovtaxal80_41_1_, receipts0_.ovtaxam as ovtaxam81_41_1_, receipts0_.ovtaxab as ovtaxab82_41_1_, receipts0_.ovtaxcd as ovtaxcd83_41_1_, receipts0_.ovtaxidt as ovtaxid84_41_1_, receipts0_.ovtaxino as ovtaxin85_41_1_, receipts0_.ovtaxrt as ovtaxrt86_41_1_, receipts0_.ovcrct as ovcrct87_41_1_, receipts0_.ovitc03 as ovitc88_41_1_, receipts0_.ovucf as ovucf89_41_1_, receipts0_.ovuncost as ovuncos90_41_1_, receipts0_.ovudc as ovudc91_41_1_, receipts0_.ovudf as ovudf92_41_1_, receipts0_.ovuom as ovuom93_41_1_, receipts0_.ovvnid as ovvnid94_41_1_, receipts0_.ovinvdt as ovinvdt95_41_1_, receipts0_.ovinvno as ovinvno96_41_1_ from t4312 receipts0_ where receipts0_.ovcoid=? and receipts0_.ovdocono=? and receipts0_.ovdocosq=? and receipts0_.ovdocoty=?
Hibernate: select receipts0_.ovcoid as ovcoid1_41_0_, receipts0_.ovdocono as ovdocon53_41_0_, receipts0_.ovdocosq as ovdocos54_41_0_, receipts0_.ovdocoty as ovdocot55_41_0_, receipts0_.ovdocno as ovdocno2_41_0_, receipts0_.ovdocty as ovdocty3_41_0_, receipts0_.ovdocsq as ovdocsq4_41_0_, receipts0_.ovcoid as ovcoid1_41_1_, receipts0_.ovdocno as ovdocno2_41_1_, receipts0_.ovdocty as ovdocty3_41_1_, receipts0_.ovdocsq as ovdocsq4_41_1_, receipts0_.ovcid as ovcid5_41_1_, receipts0_.ovdtin as ovdtin6_41_1_, receipts0_.ovtmin as ovtmin7_41_1_, receipts0_.ovuid as ovuid8_41_1_, receipts0_.ovdtlu as ovdtlu9_41_1_, receipts0_.ovtmlu as ovtmlu10_41_1_, receipts0_.ovuidm as ovuidm11_41_1_, receipts0_.ovacid as ovacid12_41_1_, receipts0_.ovcrcb as ovcrcb13_41_1_, receipts0_.ovicu as ovicu14_41_1_, receipts0_.ovicut as ovicut15_41_1_, receipts0_.ovitc02 as ovitc16_41_1_, receipts0_.ovbuid as ovbuid17_41_1_, receipts0_.ovitc01 as ovitc18_41_1_, receipts0_.ovcot as ovcot19_41_1_, receipts0_.ovcnid as ovcnid20_41_1_, receipts0_.ovcsdocdt as ovcsdoc21_41_1_, receipts0_.ovcsdocno as ovcsdoc22_41_1_, receipts0_.ovurtx as ovurtx23_41_1_, receipts0_.ovdccd as ovdccd24_41_1_, receipts0_.ovdcrt as ovdcrt25_41_1_, receipts0_.ovdocdt as ovdocdt26_41_1_, receipts0_.ovexcrt as ovexcrt27_41_1_, receipts0_.ovexpdt as ovexpdt28_41_1_, receipts0_.ovexcost as ovexcos29_41_1_, receipts0_.ovfec as ovfec30_41_1_, receipts0_.ovfta as ovfta31_41_1_, receipts0_.ovftb as ovftb32_41_1_, receipts0_.ovfuc as ovfuc33_41_1_, receipts0_.ovglcls as ovglcls34_41_1_, receipts0_.ovidd as ovidd35_41_1_, receipts0_.ovidn as ovidn36_41_1_, receipts0_.ovitt as ovitt37_41_1_, receipts0_.ovdocidt as ovdocid38_41_1_, receipts0_.ovdocino as ovdocin39_41_1_, receipts0_.ovdocisq as ovdocis40_41_1_, receipts0_.ovdocity as ovdocit41_41_1_, receipts0_.ovinum as ovinum42_41_1_, receipts0_.ovdesb1 as ovdesb43_41_1_, receipts0_.ovlcrt as ovlcrt44_41_1_, receipts0_.ovitc05 as ovitc45_41_1_, receipts0_.ovlst as ovlst46_41_1_, receipts0_.ovlvla as ovlvla47_41_1_, receipts0_.ovlnty as ovlnty48_41_1_, receipts0_.ovlocid as ovlocid49_41_1_, receipts0_.ovmatc as ovmatc50_41_1_, receipts0_.ovnst as ovnst51_41_1_, receipts0_.ovobid as ovobid52_41_1_, receipts0_.ovdocono as ovdocon53_41_1_, receipts0_.ovdocosq as ovdocos54_41_1_, receipts0_.ovdocoty as ovdocot55_41_1_, receipts0_.ovordocno as ovordoc56_41_1_, receipts0_.ovordocsq as ovordoc57_41_1_, receipts0_.ovordocty as ovordoc58_41_1_, receipts0_.ovptc as ovptc59_41_1_, receipts0_.ovpoa as ovpoa60_41_1_, receipts0_.ovpod as ovpod61_41_1_, receipts0_.ovpqot as ovpqot62_41_1_, receipts0_.ovuom1 as ovuom63_41_1_, receipts0_.ovpjid as ovpjid64_41_1_, receipts0_.ovpo03 as ovpo65_41_1_, receipts0_.ovpo01 as ovpo66_41_1_, receipts0_.ovpo02 as ovpo67_41_1_, receipts0_.ovqty as ovqty68_41_1_, receipts0_.ovrcdt as ovrcdt69_41_1_, receipts0_.ovrecid as ovrecid70_41_1_, receipts0_.ovvr04 as ovvr71_41_1_, receipts0_.ovvr01 as ovvr72_41_1_, receipts0_.ovvr03 as ovvr73_41_1_, receipts0_.ovvr05 as ovvr74_41_1_, receipts0_.ovvr02 as ovvr75_41_1_, receipts0_.ovrtgc as ovrtgc76_41_1_, receipts0_.ovsqot as ovsqot77_41_1_, receipts0_.ovuom2 as ovuom78_41_1_, receipts0_.ovsnlot as ovsnlot79_41_1_, receipts0_.ovtaxal as ovtaxal80_41_1_, receipts0_.ovtaxam as ovtaxam81_41_1_, receipts0_.ovtaxab as ovtaxab82_41_1_, receipts0_.ovtaxcd as ovtaxcd83_41_1_, receipts0_.ovtaxidt as ovtaxid84_41_1_, receipts0_.ovtaxino as ovtaxin85_41_1_, receipts0_.ovtaxrt as ovtaxrt86_41_1_, receipts0_.ovcrct as ovcrct87_41_1_, receipts0_.ovitc03 as ovitc88_41_1_, receipts0_.ovucf as ovucf89_41_1_, receipts0_.ovuncost as ovuncos90_41_1_, receipts0_.ovudc as ovudc91_41_1_, receipts0_.ovudf as ovudf92_41_1_, receipts0_.ovuom as ovuom93_41_1_, receipts0_.ovvnid as ovvnid94_41_1_, receipts0_.ovinvdt as ovinvdt95_41_1_, receipts0_.ovinvno as ovinvno96_41_1_ from t4312 receipts0_ where receipts0_.ovcoid=? and receipts0_.ovdocono=? and receipts0_.ovdocosq=? and receipts0_.ovdocoty=?
Hibernate: select receipts0_.ovcoid as ovcoid1_41_0_, receipts0_.ovdocono as ovdocon53_41_0_, receipts0_.ovdocosq as ovdocos54_41_0_, receipts0_.ovdocoty as ovdocot55_41_0_, receipts0_.ovdocno as ovdocno2_41_0_, receipts0_.ovdocty as ovdocty3_41_0_, receipts0_.ovdocsq as ovdocsq4_41_0_, receipts0_.ovcoid as ovcoid1_41_1_, receipts0_.ovdocno as ovdocno2_41_1_, receipts0_.ovdocty as ovdocty3_41_1_, receipts0_.ovdocsq as ovdocsq4_41_1_, receipts0_.ovcid as ovcid5_41_1_, receipts0_.ovdtin as ovdtin6_41_1_, receipts0_.ovtmin as ovtmin7_41_1_, receipts0_.ovuid as ovuid8_41_1_, receipts0_.ovdtlu as ovdtlu9_41_1_, receipts0_.ovtmlu as ovtmlu10_41_1_, receipts0_.ovuidm as ovuidm11_41_1_, receipts0_.ovacid as ovacid12_41_1_, receipts0_.ovcrcb as ovcrcb13_41_1_, receipts0_.ovicu as ovicu14_41_1_, receipts0_.ovicut as ovicut15_41_1_, receipts0_.ovitc02 as ovitc16_41_1_, receipts0_.ovbuid as ovbuid17_41_1_, receipts0_.ovitc01 as ovitc18_41_1_, receipts0_.ovcot as ovcot19_41_1_, receipts0_.ovcnid as ovcnid20_41_1_, receipts0_.ovcsdocdt as ovcsdoc21_41_1_, receipts0_.ovcsdocno as ovcsdoc22_41_1_, receipts0_.ovurtx as ovurtx23_41_1_, receipts0_.ovdccd as ovdccd24_41_1_, receipts0_.ovdcrt as ovdcrt25_41_1_, receipts0_.ovdocdt as ovdocdt26_41_1_, receipts0_.ovexcrt as ovexcrt27_41_1_, receipts0_.ovexpdt as ovexpdt28_41_1_, receipts0_.ovexcost as ovexcos29_41_1_, receipts0_.ovfec as ovfec30_41_1_, receipts0_.ovfta as ovfta31_41_1_, receipts0_.ovftb as ovftb32_41_1_, receipts0_.ovfuc as ovfuc33_41_1_, receipts0_.ovglcls as ovglcls34_41_1_, receipts0_.ovidd as ovidd35_41_1_, receipts0_.ovidn as ovidn36_41_1_, receipts0_.ovitt as ovitt37_41_1_, receipts0_.ovdocidt as ovdocid38_41_1_, receipts0_.ovdocino as ovdocin39_41_1_, receipts0_.ovdocisq as ovdocis40_41_1_, receipts0_.ovdocity as ovdocit41_41_1_, receipts0_.ovinum as ovinum42_41_1_, receipts0_.ovdesb1 as ovdesb43_41_1_, receipts0_.ovlcrt as ovlcrt44_41_1_, receipts0_.ovitc05 as ovitc45_41_1_, receipts0_.ovlst as ovlst46_41_1_, receipts0_.ovlvla as ovlvla47_41_1_, receipts0_.ovlnty as ovlnty48_41_1_, receipts0_.ovlocid as ovlocid49_41_1_, receipts0_.ovmatc as ovmatc50_41_1_, receipts0_.ovnst as ovnst51_41_1_, receipts0_.ovobid as ovobid52_41_1_, receipts0_.ovdocono as ovdocon53_41_1_, receipts0_.ovdocosq as ovdocos54_41_1_, receipts0_.ovdocoty as ovdocot55_41_1_, receipts0_.ovordocno as ovordoc56_41_1_, receipts0_.ovordocsq as ovordoc57_41_1_, receipts0_.ovordocty as ovordoc58_41_1_, receipts0_.ovptc as ovptc59_41_1_, receipts0_.ovpoa as ovpoa60_41_1_, receipts0_.ovpod as ovpod61_41_1_, receipts0_.ovpqot as ovpqot62_41_1_, receipts0_.ovuom1 as ovuom63_41_1_, receipts0_.ovpjid as ovpjid64_41_1_, receipts0_.ovpo03 as ovpo65_41_1_, receipts0_.ovpo01 as ovpo66_41_1_, receipts0_.ovpo02 as ovpo67_41_1_, receipts0_.ovqty as ovqty68_41_1_, receipts0_.ovrcdt as ovrcdt69_41_1_, receipts0_.ovrecid as ovrecid70_41_1_, receipts0_.ovvr04 as ovvr71_41_1_, receipts0_.ovvr01 as ovvr72_41_1_, receipts0_.ovvr03 as ovvr73_41_1_, receipts0_.ovvr05 as ovvr74_41_1_, receipts0_.ovvr02 as ovvr75_41_1_, receipts0_.ovrtgc as ovrtgc76_41_1_, receipts0_.ovsqot as ovsqot77_41_1_, receipts0_.ovuom2 as ovuom78_41_1_, receipts0_.ovsnlot as ovsnlot79_41_1_, receipts0_.ovtaxal as ovtaxal80_41_1_, receipts0_.ovtaxam as ovtaxam81_41_1_, receipts0_.ovtaxab as ovtaxab82_41_1_, receipts0_.ovtaxcd as ovtaxcd83_41_1_, receipts0_.ovtaxidt as ovtaxid84_41_1_, receipts0_.ovtaxino as ovtaxin85_41_1_, receipts0_.ovtaxrt as ovtaxrt86_41_1_, receipts0_.ovcrct as ovcrct87_41_1_, receipts0_.ovitc03 as ovitc88_41_1_, receipts0_.ovucf as ovucf89_41_1_, receipts0_.ovuncost as ovuncos90_41_1_, receipts0_.ovudc as ovudc91_41_1_, receipts0_.ovudf as ovudf92_41_1_, receipts0_.ovuom as ovuom93_41_1_, receipts0_.ovvnid as ovvnid94_41_1_, receipts0_.ovinvdt as ovinvdt95_41_1_, receipts0_.ovinvno as ovinvno96_41_1_ from t4312 receipts0_ where receipts0_.ovcoid=? and receipts0_.ovdocono=? and receipts0_.ovdocosq=? and receipts0_.ovdocoty=?
Hibernate: select purchasere0_.ovcoid as ovcoid1_41_0_, purchasere0_.ovdocno as ovdocno2_41_0_, purchasere0_.ovdocty as ovdocty3_41_0_, purchasere0_.ovdocsq as ovdocsq4_41_0_, purchasere0_.ovcid as ovcid5_41_0_, purchasere0_.ovdtin as ovdtin6_41_0_, purchasere0_.ovtmin as ovtmin7_41_0_, purchasere0_.ovuid as ovuid8_41_0_, purchasere0_.ovdtlu as ovdtlu9_41_0_, purchasere0_.ovtmlu as ovtmlu10_41_0_, purchasere0_.ovuidm as ovuidm11_41_0_, purchasere0_.ovacid as ovacid12_41_0_, purchasere0_.ovcrcb as ovcrcb13_41_0_, purchasere0_.ovicu as ovicu14_41_0_, purchasere0_.ovicut as ovicut15_41_0_, purchasere0_.ovitc02 as ovitc16_41_0_, purchasere0_.ovbuid as ovbuid17_41_0_, purchasere0_.ovitc01 as ovitc18_41_0_, purchasere0_.ovcot as ovcot19_41_0_, purchasere0_.ovcnid as ovcnid20_41_0_, purchasere0_.ovcsdocdt as ovcsdoc21_41_0_, purchasere0_.ovcsdocno as ovcsdoc22_41_0_, purchasere0_.ovurtx as ovurtx23_41_0_, purchasere0_.ovdccd as ovdccd24_41_0_, purchasere0_.ovdcrt as ovdcrt25_41_0_, purchasere0_.ovdocdt as ovdocdt26_41_0_, purchasere0_.ovexcrt as ovexcrt27_41_0_, purchasere0_.ovexpdt as ovexpdt28_41_0_, purchasere0_.ovexcost as ovexcos29_41_0_, purchasere0_.ovfec as ovfec30_41_0_, purchasere0_.ovfta as ovfta31_41_0_, purchasere0_.ovftb as ovftb32_41_0_, purchasere0_.ovfuc as ovfuc33_41_0_, purchasere0_.ovglcls as ovglcls34_41_0_, purchasere0_.ovidd as ovidd35_41_0_, purchasere0_.ovidn as ovidn36_41_0_, purchasere0_.ovitt as ovitt37_41_0_, purchasere0_.ovdocidt as ovdocid38_41_0_, purchasere0_.ovdocino as ovdocin39_41_0_, purchasere0_.ovdocisq as ovdocis40_41_0_, purchasere0_.ovdocity as ovdocit41_41_0_, purchasere0_.ovinum as ovinum42_41_0_, purchasere0_.ovdesb1 as ovdesb43_41_0_, purchasere0_.ovlcrt as ovlcrt44_41_0_, purchasere0_.ovitc05 as ovitc45_41_0_, purchasere0_.ovlst as ovlst46_41_0_, purchasere0_.ovlvla as ovlvla47_41_0_, purchasere0_.ovlnty as ovlnty48_41_0_, purchasere0_.ovlocid as ovlocid49_41_0_, purchasere0_.ovmatc as ovmatc50_41_0_, purchasere0_.ovnst as ovnst51_41_0_, purchasere0_.ovobid as ovobid52_41_0_, purchasere0_.ovdocono as ovdocon53_41_0_, purchasere0_.ovdocosq as ovdocos54_41_0_, purchasere0_.ovdocoty as ovdocot55_41_0_, purchasere0_.ovordocno as ovordoc56_41_0_, purchasere0_.ovordocsq as ovordoc57_41_0_, purchasere0_.ovordocty as ovordoc58_41_0_, purchasere0_.ovptc as ovptc59_41_0_, purchasere0_.ovpoa as ovpoa60_41_0_, purchasere0_.ovpod as ovpod61_41_0_, purchasere0_.ovpqot as ovpqot62_41_0_, purchasere0_.ovuom1 as ovuom63_41_0_, purchasere0_.ovpjid as ovpjid64_41_0_, purchasere0_.ovpo03 as ovpo65_41_0_, purchasere0_.ovpo01 as ovpo66_41_0_, purchasere0_.ovpo02 as ovpo67_41_0_, purchasere0_.ovqty as ovqty68_41_0_, purchasere0_.ovrcdt as ovrcdt69_41_0_, purchasere0_.ovrecid as ovrecid70_41_0_, purchasere0_.ovvr04 as ovvr71_41_0_, purchasere0_.ovvr01 as ovvr72_41_0_, purchasere0_.ovvr03 as ovvr73_41_0_, purchasere0_.ovvr05 as ovvr74_41_0_, purchasere0_.ovvr02 as ovvr75_41_0_, purchasere0_.ovrtgc as ovrtgc76_41_0_, purchasere0_.ovsqot as ovsqot77_41_0_, purchasere0_.ovuom2 as ovuom78_41_0_, purchasere0_.ovsnlot as ovsnlot79_41_0_, purchasere0_.ovtaxal as ovtaxal80_41_0_, purchasere0_.ovtaxam as ovtaxam81_41_0_, purchasere0_.ovtaxab as ovtaxab82_41_0_, purchasere0_.ovtaxcd as ovtaxcd83_41_0_, purchasere0_.ovtaxidt as ovtaxid84_41_0_, purchasere0_.ovtaxino as ovtaxin85_41_0_, purchasere0_.ovtaxrt as ovtaxrt86_41_0_, purchasere0_.ovcrct as ovcrct87_41_0_, purchasere0_.ovitc03 as ovitc88_41_0_, purchasere0_.ovucf as ovucf89_41_0_, purchasere0_.ovuncost as ovuncos90_41_0_, purchasere0_.ovudc as ovudc91_41_0_, purchasere0_.ovudf as ovudf92_41_0_, purchasere0_.ovuom as ovuom93_41_0_, purchasere0_.ovvnid as ovvnid94_41_0_, purchasere0_.ovinvdt as ovinvdt95_41_0_, purchasere0_.ovinvno as ovinvno96_41_0_ from t4312 purchasere0_ where purchasere0_.ovcoid=? and purchasere0_.ovdocno=? and purchasere0_.ovdocty=? and purchasere0_.ovdocsq=?
Hibernate: select count(purchasere0_.ovcoid) as col_0_0_ from t4312 purchasere0_ where purchasere0_.ovcoid=? and purchasere0_.ovdocno=? and purchasere0_.ovdocty=?
Hibernate: select nextnumber0_.ncdocty as ncdocty1_3_0_, nextnumber0_.nccid as nccid2_3_0_, nextnumber0_.ncdtin as ncdtin3_3_0_, nextnumber0_.nctmin as nctmin4_3_0_, nextnumber0_.ncuid as ncuid5_3_0_, nextnumber0_.ncdtlu as ncdtlu6_3_0_, nextnumber0_.nctmlu as nctmlu7_3_0_, nextnumber0_.ncuidm as ncuidm8_3_0_, nextnumber0_.ncinmo as ncinmo9_3_0_, nextnumber0_.ncinyr as ncinyr10_3_0_, nextnumber0_.ncrsmt as ncrsmt11_3_0_, nextnumber0_.ncrsat as ncrsat12_3_0_ from t0010n nextnumber0_ where nextnumber0_.ncdocty=?
Hibernate: select nextnumber0_.nncoid as nncoid1_0_0_, nextnumber0_.nndocbty as nndocbty2_0_0_, nextnumber0_.nnmo as nnmo3_0_0_, nextnumber0_.nnyr as nnyr4_0_0_, nextnumber0_.nncid as nncid5_0_0_, nextnumber0_.nndtin as nndtin6_0_0_, nextnumber0_.nntmin as nntmin7_0_0_, nextnumber0_.nnuid as nnuid8_0_0_, nextnumber0_.nndtlu as nndtlu9_0_0_, nextnumber0_.nntmlu as nntmlu10_0_0_, nextnumber0_.nnuidm as nnuidm11_0_0_, nextnumber0_.nnseq as nnseq12_0_0_ from t0002 nextnumber0_ where nextnumber0_.nncoid=? and nextnumber0_.nndocbty=? and nextnumber0_.nnmo=? and nextnumber0_.nnyr=?
Hibernate: select nextnumber0_.nncoid as nncoid1_0_0_, nextnumber0_.nndocbty as nndocbty2_0_0_, nextnumber0_.nnmo as nnmo3_0_0_, nextnumber0_.nnyr as nnyr4_0_0_, nextnumber0_.nncid as nncid5_0_0_, nextnumber0_.nndtin as nndtin6_0_0_, nextnumber0_.nntmin as nntmin7_0_0_, nextnumber0_.nnuid as nnuid8_0_0_, nextnumber0_.nndtlu as nndtlu9_0_0_, nextnumber0_.nntmlu as nntmlu10_0_0_, nextnumber0_.nnuidm as nnuidm11_0_0_, nextnumber0_.nnseq as nnseq12_0_0_ from t0002 nextnumber0_ where nextnumber0_.nncoid=? and nextnumber0_.nndocbty=? and nextnumber0_.nnmo=? and nextnumber0_.nnyr=?
Hibernate: select itemmaster0_.iminum as iminum1_31_0_, itemmaster0_.imcid as imcid2_31_0_, itemmaster0_.imdtin as imdtin3_31_0_, itemmaster0_.imtmin as imtmin4_31_0_, itemmaster0_.imuid as imuid5_31_0_, itemmaster0_.imdtlu as imdtlu6_31_0_, itemmaster0_.imtmlu as imtmlu7_31_0_, itemmaster0_.imuidm as imuidm8_31_0_, itemmaster0_.iminumb as iminumb9_31_0_, itemmaster0_.imctm as imctm10_31_0_, itemmaster0_.imitc02 as imitc11_31_0_, itemmaster0_.imitc01 as imitc12_31_0_, itemmaster0_.imitc10 as imitc13_31_0_, itemmaster0_.imitc04 as imitc14_31_0_, itemmaster0_.imitc06 as imitc15_31_0_, itemmaster0_.imitc07 as imitc16_31_0_, itemmaster0_.imitc08 as imitc17_31_0_, itemmaster0_.imitc09 as imitc18_31_0_, itemmaster0_.imitc05 as imitc19_31_0_, itemmaster0_.imslrc0 as imslrc20_31_0_, itemmaster0_.imslrc1 as imslrc21_31_0_, itemmaster0_.imslrc2 as imslrc22_31_0_, itemmaster0_.imslrc3 as imslrc23_31_0_, itemmaster0_.imslrc4 as imslrc24_31_0_, itemmaster0_.imslrc5 as imslrc25_31_0_, itemmaster0_.imslrc6 as imslrc26_31_0_, itemmaster0_.imslrc7 as imslrc27_31_0_, itemmaster0_.imslrc8 as imslrc28_31_0_, itemmaster0_.imslrc9 as imslrc29_31_0_, itemmaster0_.imitc03 as imitc30_31_0_, itemmaster0_.imdesb1 as imdesb31_31_0_, itemmaster0_.imdesd1 as imdesd32_31_0_, itemmaster0_.imglcls as imglcls33_31_0_, itemmaster0_.imicl as imicl34_31_0_, itemmaster0_.imilc as imilc35_31_0_, itemmaster0_.iminums as iminums36_31_0_, itemmaster0_.imipg as imipg37_31_0_, itemmaster0_.imlsc as imlsc38_31_0_, itemmaster0_.imdaqc as imdaqc39_31_0_, itemmaster0_.imgscrt as imgscrt40_31_0_, itemmaster0_.imsiops as imsiops41_31_0_, itemmaster0_.imbpid as imbpid42_31_0_, itemmaster0_.imcsid as imcsid43_31_0_, itemmaster0_.imudf as imudf44_31_0_, itemmaster0_.impmmf as impmmf45_31_0_, itemmaster0_.imrbii as imrbii46_31_0_, itemmaster0_.imrbim as imrbim47_31_0_, itemmaster0_.imrbis as imrbis48_31_0_, itemmaster0_.imvnid as imvnid49_31_0_, itemmaster0_.imtaxpc as imtaxpc50_31_0_, itemmaster0_.imtaxsc as imtaxsc51_31_0_, itemmaster0_.iminump as iminump52_31_0_, itemmaster0_.implg as implg53_31_0_, itemmaster0_.imppl as imppl54_31_0_, itemmaster0_.imspl as imspl55_31_0_, itemmaster0_.imsnr as imsnr56_31_0_, itemmaster0_.imskty as imskty57_31_0_, itemmaster0_.imlnty as imlnty58_31_0_, itemmaster0_.imuom9 as imuom59_31_0_, itemmaster0_.imdppo as imdppo60_31_0_, itemmaster0_.imdlum as imdlum61_31_0_, itemmaster0_.imdlump as imdlump62_31_0_, itemmaster0_.imdlumt as imdlumt63_31_0_, itemmaster0_.imuom5 as imuom64_31_0_, itemmaster0_.imuom1 as imuom65_31_0_, itemmaster0_.imuom8 as imuom66_31_0_, itemmaster0_.imuom3 as imuom67_31_0_, itemmaster0_.imuom4 as imuom68_31_0_, itemmaster0_.imuom2 as imuom69_31_0_, itemmaster0_.imuom6 as imuom70_31_0_, itemmaster0_.imuoms as imuoms71_31_0_, itemmaster0_.imuomt as imuomt72_31_0_, itemmaster0_.imuomv as imuomv73_31_0_, itemmaster0_.imwcf as imwcf74_31_0_, itemmaster0_.imuomw as imuomw75_31_0_, itemmaster0_.imvict as imvict76_31_0_ from t4101 itemmaster0_ where itemmaster0_.iminum=?
Hibernate: select stocktrans0_.itcoid as itcoid1_35_0_, stocktrans0_.itdocno as itdocno2_35_0_, stocktrans0_.itdocty as itdocty3_35_0_, stocktrans0_.itdocsq as itdocsq4_35_0_, stocktrans0_.itcid as itcid5_35_0_, stocktrans0_.itdtin as itdtin6_35_0_, stocktrans0_.ittmin as ittmin7_35_0_, stocktrans0_.ituid as ituid8_35_0_, stocktrans0_.itdtlu as itdtlu9_35_0_, stocktrans0_.ittmlu as ittmlu10_35_0_, stocktrans0_.ituidm as ituidm11_35_0_, stocktrans0_.iticu as iticu12_35_0_, stocktrans0_.itpost as itpost13_35_0_, stocktrans0_.iticut as iticut14_35_0_, stocktrans0_.itanum as itanum15_35_0_, stocktrans0_.itst as itst16_35_0_, stocktrans0_.itbuid as itbuid17_35_0_, stocktrans0_.itdesb2 as itdesb18_35_0_, stocktrans0_.itdocdt as itdocdt19_35_0_, stocktrans0_.itdocmo as itdocmo20_35_0_, stocktrans0_.itdoctm as itdoctm21_35_0_, stocktrans0_.itdocyr as itdocyr22_35_0_, stocktrans0_.itexpdt as itexpdt23_35_0_, stocktrans0_.itexcost as itexcos24_35_0_, stocktrans0_.itft as itft25_35_0_, stocktrans0_.itglcls as itglcls26_35_0_, stocktrans0_.itgldt as itgldt27_35_0_, stocktrans0_.itipcd as itipcd28_35_0_, stocktrans0_.ititt as ititt29_35_0_, stocktrans0_.itinum as itinum30_35_0_, stocktrans0_.itdesb1 as itdesb31_35_0_, stocktrans0_.itlocid as itlocid32_35_0_, stocktrans0_.itobid as itobid33_35_0_, stocktrans0_.itdocono as itdocon34_35_0_, stocktrans0_.itdocosq as itdocos35_35_0_, stocktrans0_.itdocoty as itdocot36_35_0_, stocktrans0_.itpqot as itpqot37_35_0_, stocktrans0_.ituom1 as ituom38_35_0_, stocktrans0_.itqty as itqty39_35_0_, stocktrans0_.itrecid as itrecid40_35_0_, stocktrans0_.itrldocno as itrldoc41_35_0_, stocktrans0_.itrldocsq as itrldoc42_35_0_, stocktrans0_.itrldocty as itrldoc43_35_0_, stocktrans0_.itsqot as itsqot44_35_0_, stocktrans0_.ituom2 as ituom45_35_0_, stocktrans0_.itsnlot as itsnlot46_35_0_, stocktrans0_.itucf as itucf47_35_0_, stocktrans0_.ituncost as ituncos48_35_0_, stocktrans0_.ituom as ituom49_35_0_, stocktrans0_.itdvs as itdvs50_35_0_ from t4111 stocktrans0_ where stocktrans0_.itcoid=? and stocktrans0_.itdocno=? and stocktrans0_.itdocty=? and stocktrans0_.itdocsq=?
Hibernate: select itemmaster0_.iminum as iminum1_31_0_, itemmaster0_.imcid as imcid2_31_0_, itemmaster0_.imdtin as imdtin3_31_0_, itemmaster0_.imtmin as imtmin4_31_0_, itemmaster0_.imuid as imuid5_31_0_, itemmaster0_.imdtlu as imdtlu6_31_0_, itemmaster0_.imtmlu as imtmlu7_31_0_, itemmaster0_.imuidm as imuidm8_31_0_, itemmaster0_.iminumb as iminumb9_31_0_, itemmaster0_.imctm as imctm10_31_0_, itemmaster0_.imitc02 as imitc11_31_0_, itemmaster0_.imitc01 as imitc12_31_0_, itemmaster0_.imitc10 as imitc13_31_0_, itemmaster0_.imitc04 as imitc14_31_0_, itemmaster0_.imitc06 as imitc15_31_0_, itemmaster0_.imitc07 as imitc16_31_0_, itemmaster0_.imitc08 as imitc17_31_0_, itemmaster0_.imitc09 as imitc18_31_0_, itemmaster0_.imitc05 as imitc19_31_0_, itemmaster0_.imslrc0 as imslrc20_31_0_, itemmaster0_.imslrc1 as imslrc21_31_0_, itemmaster0_.imslrc2 as imslrc22_31_0_, itemmaster0_.imslrc3 as imslrc23_31_0_, itemmaster0_.imslrc4 as imslrc24_31_0_, itemmaster0_.imslrc5 as imslrc25_31_0_, itemmaster0_.imslrc6 as imslrc26_31_0_, itemmaster0_.imslrc7 as imslrc27_31_0_, itemmaster0_.imslrc8 as imslrc28_31_0_, itemmaster0_.imslrc9 as imslrc29_31_0_, itemmaster0_.imitc03 as imitc30_31_0_, itemmaster0_.imdesb1 as imdesb31_31_0_, itemmaster0_.imdesd1 as imdesd32_31_0_, itemmaster0_.imglcls as imglcls33_31_0_, itemmaster0_.imicl as imicl34_31_0_, itemmaster0_.imilc as imilc35_31_0_, itemmaster0_.iminums as iminums36_31_0_, itemmaster0_.imipg as imipg37_31_0_, itemmaster0_.imlsc as imlsc38_31_0_, itemmaster0_.imdaqc as imdaqc39_31_0_, itemmaster0_.imgscrt as imgscrt40_31_0_, itemmaster0_.imsiops as imsiops41_31_0_, itemmaster0_.imbpid as imbpid42_31_0_, itemmaster0_.imcsid as imcsid43_31_0_, itemmaster0_.imudf as imudf44_31_0_, itemmaster0_.impmmf as impmmf45_31_0_, itemmaster0_.imrbii as imrbii46_31_0_, itemmaster0_.imrbim as imrbim47_31_0_, itemmaster0_.imrbis as imrbis48_31_0_, itemmaster0_.imvnid as imvnid49_31_0_, itemmaster0_.imtaxpc as imtaxpc50_31_0_, itemmaster0_.imtaxsc as imtaxsc51_31_0_, itemmaster0_.iminump as iminump52_31_0_, itemmaster0_.implg as implg53_31_0_, itemmaster0_.imppl as imppl54_31_0_, itemmaster0_.imspl as imspl55_31_0_, itemmaster0_.imsnr as imsnr56_31_0_, itemmaster0_.imskty as imskty57_31_0_, itemmaster0_.imlnty as imlnty58_31_0_, itemmaster0_.imuom9 as imuom59_31_0_, itemmaster0_.imdppo as imdppo60_31_0_, itemmaster0_.imdlum as imdlum61_31_0_, itemmaster0_.imdlump as imdlump62_31_0_, itemmaster0_.imdlumt as imdlumt63_31_0_, itemmaster0_.imuom5 as imuom64_31_0_, itemmaster0_.imuom1 as imuom65_31_0_, itemmaster0_.imuom8 as imuom66_31_0_, itemmaster0_.imuom3 as imuom67_31_0_, itemmaster0_.imuom4 as imuom68_31_0_, itemmaster0_.imuom2 as imuom69_31_0_, itemmaster0_.imuom6 as imuom70_31_0_, itemmaster0_.imuoms as imuoms71_31_0_, itemmaster0_.imuomt as imuomt72_31_0_, itemmaster0_.imuomv as imuomv73_31_0_, itemmaster0_.imwcf as imwcf74_31_0_, itemmaster0_.imuomw as imuomw75_31_0_, itemmaster0_.imvict as imvict76_31_0_ from t4101 itemmaster0_ where itemmaster0_.iminum=?
Hibernate: select itemmaster0_.iminum as iminum1_31_0_, itemmaster0_.imcid as imcid2_31_0_, itemmaster0_.imdtin as imdtin3_31_0_, itemmaster0_.imtmin as imtmin4_31_0_, itemmaster0_.imuid as imuid5_31_0_, itemmaster0_.imdtlu as imdtlu6_31_0_, itemmaster0_.imtmlu as imtmlu7_31_0_, itemmaster0_.imuidm as imuidm8_31_0_, itemmaster0_.iminumb as iminumb9_31_0_, itemmaster0_.imctm as imctm10_31_0_, itemmaster0_.imitc02 as imitc11_31_0_, itemmaster0_.imitc01 as imitc12_31_0_, itemmaster0_.imitc10 as imitc13_31_0_, itemmaster0_.imitc04 as imitc14_31_0_, itemmaster0_.imitc06 as imitc15_31_0_, itemmaster0_.imitc07 as imitc16_31_0_, itemmaster0_.imitc08 as imitc17_31_0_, itemmaster0_.imitc09 as imitc18_31_0_, itemmaster0_.imitc05 as imitc19_31_0_, itemmaster0_.imslrc0 as imslrc20_31_0_, itemmaster0_.imslrc1 as imslrc21_31_0_, itemmaster0_.imslrc2 as imslrc22_31_0_, itemmaster0_.imslrc3 as imslrc23_31_0_, itemmaster0_.imslrc4 as imslrc24_31_0_, itemmaster0_.imslrc5 as imslrc25_31_0_, itemmaster0_.imslrc6 as imslrc26_31_0_, itemmaster0_.imslrc7 as imslrc27_31_0_, itemmaster0_.imslrc8 as imslrc28_31_0_, itemmaster0_.imslrc9 as imslrc29_31_0_, itemmaster0_.imitc03 as imitc30_31_0_, itemmaster0_.imdesb1 as imdesb31_31_0_, itemmaster0_.imdesd1 as imdesd32_31_0_, itemmaster0_.imglcls as imglcls33_31_0_, itemmaster0_.imicl as imicl34_31_0_, itemmaster0_.imilc as imilc35_31_0_, itemmaster0_.iminums as iminums36_31_0_, itemmaster0_.imipg as imipg37_31_0_, itemmaster0_.imlsc as imlsc38_31_0_, itemmaster0_.imdaqc as imdaqc39_31_0_, itemmaster0_.imgscrt as imgscrt40_31_0_, itemmaster0_.imsiops as imsiops41_31_0_, itemmaster0_.imbpid as imbpid42_31_0_, itemmaster0_.imcsid as imcsid43_31_0_, itemmaster0_.imudf as imudf44_31_0_, itemmaster0_.impmmf as impmmf45_31_0_, itemmaster0_.imrbii as imrbii46_31_0_, itemmaster0_.imrbim as imrbim47_31_0_, itemmaster0_.imrbis as imrbis48_31_0_, itemmaster0_.imvnid as imvnid49_31_0_, itemmaster0_.imtaxpc as imtaxpc50_31_0_, itemmaster0_.imtaxsc as imtaxsc51_31_0_, itemmaster0_.iminump as iminump52_31_0_, itemmaster0_.implg as implg53_31_0_, itemmaster0_.imppl as imppl54_31_0_, itemmaster0_.imspl as imspl55_31_0_, itemmaster0_.imsnr as imsnr56_31_0_, itemmaster0_.imskty as imskty57_31_0_, itemmaster0_.imlnty as imlnty58_31_0_, itemmaster0_.imuom9 as imuom59_31_0_, itemmaster0_.imdppo as imdppo60_31_0_, itemmaster0_.imdlum as imdlum61_31_0_, itemmaster0_.imdlump as imdlump62_31_0_, itemmaster0_.imdlumt as imdlumt63_31_0_, itemmaster0_.imuom5 as imuom64_31_0_, itemmaster0_.imuom1 as imuom65_31_0_, itemmaster0_.imuom8 as imuom66_31_0_, itemmaster0_.imuom3 as imuom67_31_0_, itemmaster0_.imuom4 as imuom68_31_0_, itemmaster0_.imuom2 as imuom69_31_0_, itemmaster0_.imuom6 as imuom70_31_0_, itemmaster0_.imuoms as imuoms71_31_0_, itemmaster0_.imuomt as imuomt72_31_0_, itemmaster0_.imuomv as imuomv73_31_0_, itemmaster0_.imwcf as imwcf74_31_0_, itemmaster0_.imuomw as imuomw75_31_0_, itemmaster0_.imvict as imvict76_31_0_ from t4101 itemmaster0_ where itemmaster0_.iminum=?
Hibernate: select lotmaster0_.ltbuid as ltbuid1_34_0_, lotmaster0_.ltinum as ltinum2_34_0_, lotmaster0_.ltsnlot as ltsnlot3_34_0_, lotmaster0_.ltcid as ltcid4_34_0_, lotmaster0_.ltdtin as ltdtin5_34_0_, lotmaster0_.lttmin as lttmin6_34_0_, lotmaster0_.ltuid as ltuid7_34_0_, lotmaster0_.ltdtlu as ltdtlu8_34_0_, lotmaster0_.lttmlu as lttmlu9_34_0_, lotmaster0_.ltuidm as ltuidm10_34_0_, lotmaster0_.ltbodt as ltbodt11_34_0_, lotmaster0_.ltbbdt as ltbbdt12_34_0_, lotmaster0_.ltcldt as ltcldt13_34_0_, lotmaster0_.ltexpdt as ltexpdt14_34_0_, lotmaster0_.ltldsc as ltldsc15_34_0_, lotmaster0_.ltledt as ltledt16_34_0_, lotmaster0_.ltlsc as ltlsc17_34_0_, lotmaster0_.ltmlot1 as ltmlot18_34_0_, lotmaster0_.ltmlot2 as ltmlot19_34_0_, lotmaster0_.ltmlot3 as ltmlot20_34_0_, lotmaster0_.ltohdt as ltohdt21_34_0_, lotmaster0_.ltsern as ltsern22_34_0_ from t4108 lotmaster0_ where lotmaster0_.ltbuid=? and lotmaster0_.ltinum=? and lotmaster0_.ltsnlot=?
Hibernate: select lotmaster0_.ltbuid as ltbuid1_34_0_, lotmaster0_.ltinum as ltinum2_34_0_, lotmaster0_.ltsnlot as ltsnlot3_34_0_, lotmaster0_.ltcid as ltcid4_34_0_, lotmaster0_.ltdtin as ltdtin5_34_0_, lotmaster0_.lttmin as lttmin6_34_0_, lotmaster0_.ltuid as ltuid7_34_0_, lotmaster0_.ltdtlu as ltdtlu8_34_0_, lotmaster0_.lttmlu as lttmlu9_34_0_, lotmaster0_.ltuidm as ltuidm10_34_0_, lotmaster0_.ltbodt as ltbodt11_34_0_, lotmaster0_.ltbbdt as ltbbdt12_34_0_, lotmaster0_.ltcldt as ltcldt13_34_0_, lotmaster0_.ltexpdt as ltexpdt14_34_0_, lotmaster0_.ltldsc as ltldsc15_34_0_, lotmaster0_.ltledt as ltledt16_34_0_, lotmaster0_.ltlsc as ltlsc17_34_0_, lotmaster0_.ltmlot1 as ltmlot18_34_0_, lotmaster0_.ltmlot2 as ltmlot19_34_0_, lotmaster0_.ltmlot3 as ltmlot20_34_0_, lotmaster0_.ltohdt as ltohdt21_34_0_, lotmaster0_.ltsern as ltsern22_34_0_ from t4108 lotmaster0_ where lotmaster0_.ltbuid=? and lotmaster0_.ltinum=? and lotmaster0_.ltsnlot=?
Hibernate: select lotmaster0_.ltbuid as ltbuid1_34_0_, lotmaster0_.ltinum as ltinum2_34_0_, lotmaster0_.ltsnlot as ltsnlot3_34_0_, lotmaster0_.ltcid as ltcid4_34_0_, lotmaster0_.ltdtin as ltdtin5_34_0_, lotmaster0_.lttmin as lttmin6_34_0_, lotmaster0_.ltuid as ltuid7_34_0_, lotmaster0_.ltdtlu as ltdtlu8_34_0_, lotmaster0_.lttmlu as lttmlu9_34_0_, lotmaster0_.ltuidm as ltuidm10_34_0_, lotmaster0_.ltbodt as ltbodt11_34_0_, lotmaster0_.ltbbdt as ltbbdt12_34_0_, lotmaster0_.ltcldt as ltcldt13_34_0_, lotmaster0_.ltexpdt as ltexpdt14_34_0_, lotmaster0_.ltldsc as ltldsc15_34_0_, lotmaster0_.ltledt as ltledt16_34_0_, lotmaster0_.ltlsc as ltlsc17_34_0_, lotmaster0_.ltmlot1 as ltmlot18_34_0_, lotmaster0_.ltmlot2 as ltmlot19_34_0_, lotmaster0_.ltmlot3 as ltmlot20_34_0_, lotmaster0_.ltohdt as ltohdt21_34_0_, lotmaster0_.ltsern as ltsern22_34_0_ from t4108 lotmaster0_ where lotmaster0_.ltbuid=? and lotmaster0_.ltinum=? and lotmaster0_.ltsnlot=?
Hibernate: select stocktrans0_.itcoid as itcoid1_35_0_, stocktrans0_.itdocno as itdocno2_35_0_, stocktrans0_.itdocty as itdocty3_35_0_, stocktrans0_.itdocsq as itdocsq4_35_0_, stocktrans0_.itcid as itcid5_35_0_, stocktrans0_.itdtin as itdtin6_35_0_, stocktrans0_.ittmin as ittmin7_35_0_, stocktrans0_.ituid as ituid8_35_0_, stocktrans0_.itdtlu as itdtlu9_35_0_, stocktrans0_.ittmlu as ittmlu10_35_0_, stocktrans0_.ituidm as ituidm11_35_0_, stocktrans0_.iticu as iticu12_35_0_, stocktrans0_.itpost as itpost13_35_0_, stocktrans0_.iticut as iticut14_35_0_, stocktrans0_.itanum as itanum15_35_0_, stocktrans0_.itst as itst16_35_0_, stocktrans0_.itbuid as itbuid17_35_0_, stocktrans0_.itdesb2 as itdesb18_35_0_, stocktrans0_.itdocdt as itdocdt19_35_0_, stocktrans0_.itdocmo as itdocmo20_35_0_, stocktrans0_.itdoctm as itdoctm21_35_0_, stocktrans0_.itdocyr as itdocyr22_35_0_, stocktrans0_.itexpdt as itexpdt23_35_0_, stocktrans0_.itexcost as itexcos24_35_0_, stocktrans0_.itft as itft25_35_0_, stocktrans0_.itglcls as itglcls26_35_0_, stocktrans0_.itgldt as itgldt27_35_0_, stocktrans0_.itipcd as itipcd28_35_0_, stocktrans0_.ititt as ititt29_35_0_, stocktrans0_.itinum as itinum30_35_0_, stocktrans0_.itdesb1 as itdesb31_35_0_, stocktrans0_.itlocid as itlocid32_35_0_, stocktrans0_.itobid as itobid33_35_0_, stocktrans0_.itdocono as itdocon34_35_0_, stocktrans0_.itdocosq as itdocos35_35_0_, stocktrans0_.itdocoty as itdocot36_35_0_, stocktrans0_.itpqot as itpqot37_35_0_, stocktrans0_.ituom1 as ituom38_35_0_, stocktrans0_.itqty as itqty39_35_0_, stocktrans0_.itrecid as itrecid40_35_0_, stocktrans0_.itrldocno as itrldoc41_35_0_, stocktrans0_.itrldocsq as itrldoc42_35_0_, stocktrans0_.itrldocty as itrldoc43_35_0_, stocktrans0_.itsqot as itsqot44_35_0_, stocktrans0_.ituom2 as ituom45_35_0_, stocktrans0_.itsnlot as itsnlot46_35_0_, stocktrans0_.itucf as itucf47_35_0_, stocktrans0_.ituncost as ituncos48_35_0_, stocktrans0_.ituom as ituom49_35_0_, stocktrans0_.itdvs as itdvs50_35_0_ from t4111 stocktrans0_ where stocktrans0_.itcoid=? and stocktrans0_.itdocno=? and stocktrans0_.itdocty=? and stocktrans0_.itdocsq=?
Hibernate: select purchasere0_.ovcoid as ovcoid1_41_0_, purchasere0_.ovdocno as ovdocno2_41_0_, purchasere0_.ovdocty as ovdocty3_41_0_, purchasere0_.ovdocsq as ovdocsq4_41_0_, purchasere0_.ovcid as ovcid5_41_0_, purchasere0_.ovdtin as ovdtin6_41_0_, purchasere0_.ovtmin as ovtmin7_41_0_, purchasere0_.ovuid as ovuid8_41_0_, purchasere0_.ovdtlu as ovdtlu9_41_0_, purchasere0_.ovtmlu as ovtmlu10_41_0_, purchasere0_.ovuidm as ovuidm11_41_0_, purchasere0_.ovacid as ovacid12_41_0_, purchasere0_.ovcrcb as ovcrcb13_41_0_, purchasere0_.ovicu as ovicu14_41_0_, purchasere0_.ovicut as ovicut15_41_0_, purchasere0_.ovitc02 as ovitc16_41_0_, purchasere0_.ovbuid as ovbuid17_41_0_, purchasere0_.ovitc01 as ovitc18_41_0_, purchasere0_.ovcot as ovcot19_41_0_, purchasere0_.ovcnid as ovcnid20_41_0_, purchasere0_.ovcsdocdt as ovcsdoc21_41_0_, purchasere0_.ovcsdocno as ovcsdoc22_41_0_, purchasere0_.ovurtx as ovurtx23_41_0_, purchasere0_.ovdccd as ovdccd24_41_0_, purchasere0_.ovdcrt as ovdcrt25_41_0_, purchasere0_.ovdocdt as ovdocdt26_41_0_, purchasere0_.ovexcrt as ovexcrt27_41_0_, purchasere0_.ovexpdt as ovexpdt28_41_0_, purchasere0_.ovexcost as ovexcos29_41_0_, purchasere0_.ovfec as ovfec30_41_0_, purchasere0_.ovfta as ovfta31_41_0_, purchasere0_.ovftb as ovftb32_41_0_, purchasere0_.ovfuc as ovfuc33_41_0_, purchasere0_.ovglcls as ovglcls34_41_0_, purchasere0_.ovidd as ovidd35_41_0_, purchasere0_.ovidn as ovidn36_41_0_, purchasere0_.ovitt as ovitt37_41_0_, purchasere0_.ovdocidt as ovdocid38_41_0_, purchasere0_.ovdocino as ovdocin39_41_0_, purchasere0_.ovdocisq as ovdocis40_41_0_, purchasere0_.ovdocity as ovdocit41_41_0_, purchasere0_.ovinum as ovinum42_41_0_, purchasere0_.ovdesb1 as ovdesb43_41_0_, purchasere0_.ovlcrt as ovlcrt44_41_0_, purchasere0_.ovitc05 as ovitc45_41_0_, purchasere0_.ovlst as ovlst46_41_0_, purchasere0_.ovlvla as ovlvla47_41_0_, purchasere0_.ovlnty as ovlnty48_41_0_, purchasere0_.ovlocid as ovlocid49_41_0_, purchasere0_.ovmatc as ovmatc50_41_0_, purchasere0_.ovnst as ovnst51_41_0_, purchasere0_.ovobid as ovobid52_41_0_, purchasere0_.ovdocono as ovdocon53_41_0_, purchasere0_.ovdocosq as ovdocos54_41_0_, purchasere0_.ovdocoty as ovdocot55_41_0_, purchasere0_.ovordocno as ovordoc56_41_0_, purchasere0_.ovordocsq as ovordoc57_41_0_, purchasere0_.ovordocty as ovordoc58_41_0_, purchasere0_.ovptc as ovptc59_41_0_, purchasere0_.ovpoa as ovpoa60_41_0_, purchasere0_.ovpod as ovpod61_41_0_, purchasere0_.ovpqot as ovpqot62_41_0_, purchasere0_.ovuom1 as ovuom63_41_0_, purchasere0_.ovpjid as ovpjid64_41_0_, purchasere0_.ovpo03 as ovpo65_41_0_, purchasere0_.ovpo01 as ovpo66_41_0_, purchasere0_.ovpo02 as ovpo67_41_0_, purchasere0_.ovqty as ovqty68_41_0_, purchasere0_.ovrcdt as ovrcdt69_41_0_, purchasere0_.ovrecid as ovrecid70_41_0_, purchasere0_.ovvr04 as ovvr71_41_0_, purchasere0_.ovvr01 as ovvr72_41_0_, purchasere0_.ovvr03 as ovvr73_41_0_, purchasere0_.ovvr05 as ovvr74_41_0_, purchasere0_.ovvr02 as ovvr75_41_0_, purchasere0_.ovrtgc as ovrtgc76_41_0_, purchasere0_.ovsqot as ovsqot77_41_0_, purchasere0_.ovuom2 as ovuom78_41_0_, purchasere0_.ovsnlot as ovsnlot79_41_0_, purchasere0_.ovtaxal as ovtaxal80_41_0_, purchasere0_.ovtaxam as ovtaxam81_41_0_, purchasere0_.ovtaxab as ovtaxab82_41_0_, purchasere0_.ovtaxcd as ovtaxcd83_41_0_, purchasere0_.ovtaxidt as ovtaxid84_41_0_, purchasere0_.ovtaxino as ovtaxin85_41_0_, purchasere0_.ovtaxrt as ovtaxrt86_41_0_, purchasere0_.ovcrct as ovcrct87_41_0_, purchasere0_.ovitc03 as ovitc88_41_0_, purchasere0_.ovucf as ovucf89_41_0_, purchasere0_.ovuncost as ovuncos90_41_0_, purchasere0_.ovudc as ovudc91_41_0_, purchasere0_.ovudf as ovudf92_41_0_, purchasere0_.ovuom as ovuom93_41_0_, purchasere0_.ovvnid as ovvnid94_41_0_, purchasere0_.ovinvdt as ovinvdt95_41_0_, purchasere0_.ovinvno as ovinvno96_41_0_ from t4312 purchasere0_ where purchasere0_.ovcoid=? and purchasere0_.ovdocno=? and purchasere0_.ovdocty=? and purchasere0_.ovdocsq=?
Hibernate: select purchasere0_.ovcoid as ovcoid1_41_0_, purchasere0_.ovdocno as ovdocno2_41_0_, purchasere0_.ovdocty as ovdocty3_41_0_, purchasere0_.ovdocsq as ovdocsq4_41_0_, purchasere0_.ovcid as ovcid5_41_0_, purchasere0_.ovdtin as ovdtin6_41_0_, purchasere0_.ovtmin as ovtmin7_41_0_, purchasere0_.ovuid as ovuid8_41_0_, purchasere0_.ovdtlu as ovdtlu9_41_0_, purchasere0_.ovtmlu as ovtmlu10_41_0_, purchasere0_.ovuidm as ovuidm11_41_0_, purchasere0_.ovacid as ovacid12_41_0_, purchasere0_.ovcrcb as ovcrcb13_41_0_, purchasere0_.ovicu as ovicu14_41_0_, purchasere0_.ovicut as ovicut15_41_0_, purchasere0_.ovitc02 as ovitc16_41_0_, purchasere0_.ovbuid as ovbuid17_41_0_, purchasere0_.ovitc01 as ovitc18_41_0_, purchasere0_.ovcot as ovcot19_41_0_, purchasere0_.ovcnid as ovcnid20_41_0_, purchasere0_.ovcsdocdt as ovcsdoc21_41_0_, purchasere0_.ovcsdocno as ovcsdoc22_41_0_, purchasere0_.ovurtx as ovurtx23_41_0_, purchasere0_.ovdccd as ovdccd24_41_0_, purchasere0_.ovdcrt as ovdcrt25_41_0_, purchasere0_.ovdocdt as ovdocdt26_41_0_, purchasere0_.ovexcrt as ovexcrt27_41_0_, purchasere0_.ovexpdt as ovexpdt28_41_0_, purchasere0_.ovexcost as ovexcos29_41_0_, purchasere0_.ovfec as ovfec30_41_0_, purchasere0_.ovfta as ovfta31_41_0_, purchasere0_.ovftb as ovftb32_41_0_, purchasere0_.ovfuc as ovfuc33_41_0_, purchasere0_.ovglcls as ovglcls34_41_0_, purchasere0_.ovidd as ovidd35_41_0_, purchasere0_.ovidn as ovidn36_41_0_, purchasere0_.ovitt as ovitt37_41_0_, purchasere0_.ovdocidt as ovdocid38_41_0_, purchasere0_.ovdocino as ovdocin39_41_0_, purchasere0_.ovdocisq as ovdocis40_41_0_, purchasere0_.ovdocity as ovdocit41_41_0_, purchasere0_.ovinum as ovinum42_41_0_, purchasere0_.ovdesb1 as ovdesb43_41_0_, purchasere0_.ovlcrt as ovlcrt44_41_0_, purchasere0_.ovitc05 as ovitc45_41_0_, purchasere0_.ovlst as ovlst46_41_0_, purchasere0_.ovlvla as ovlvla47_41_0_, purchasere0_.ovlnty as ovlnty48_41_0_, purchasere0_.ovlocid as ovlocid49_41_0_, purchasere0_.ovmatc as ovmatc50_41_0_, purchasere0_.ovnst as ovnst51_41_0_, purchasere0_.ovobid as ovobid52_41_0_, purchasere0_.ovdocono as ovdocon53_41_0_, purchasere0_.ovdocosq as ovdocos54_41_0_, purchasere0_.ovdocoty as ovdocot55_41_0_, purchasere0_.ovordocno as ovordoc56_41_0_, purchasere0_.ovordocsq as ovordoc57_41_0_, purchasere0_.ovordocty as ovordoc58_41_0_, purchasere0_.ovptc as ovptc59_41_0_, purchasere0_.ovpoa as ovpoa60_41_0_, purchasere0_.ovpod as ovpod61_41_0_, purchasere0_.ovpqot as ovpqot62_41_0_, purchasere0_.ovuom1 as ovuom63_41_0_, purchasere0_.ovpjid as ovpjid64_41_0_, purchasere0_.ovpo03 as ovpo65_41_0_, purchasere0_.ovpo01 as ovpo66_41_0_, purchasere0_.ovpo02 as ovpo67_41_0_, purchasere0_.ovqty as ovqty68_41_0_, purchasere0_.ovrcdt as ovrcdt69_41_0_, purchasere0_.ovrecid as ovrecid70_41_0_, purchasere0_.ovvr04 as ovvr71_41_0_, purchasere0_.ovvr01 as ovvr72_41_0_, purchasere0_.ovvr03 as ovvr73_41_0_, purchasere0_.ovvr05 as ovvr74_41_0_, purchasere0_.ovvr02 as ovvr75_41_0_, purchasere0_.ovrtgc as ovrtgc76_41_0_, purchasere0_.ovsqot as ovsqot77_41_0_, purchasere0_.ovuom2 as ovuom78_41_0_, purchasere0_.ovsnlot as ovsnlot79_41_0_, purchasere0_.ovtaxal as ovtaxal80_41_0_, purchasere0_.ovtaxam as ovtaxam81_41_0_, purchasere0_.ovtaxab as ovtaxab82_41_0_, purchasere0_.ovtaxcd as ovtaxcd83_41_0_, purchasere0_.ovtaxidt as ovtaxid84_41_0_, purchasere0_.ovtaxino as ovtaxin85_41_0_, purchasere0_.ovtaxrt as ovtaxrt86_41_0_, purchasere0_.ovcrct as ovcrct87_41_0_, purchasere0_.ovitc03 as ovitc88_41_0_, purchasere0_.ovucf as ovucf89_41_0_, purchasere0_.ovuncost as ovuncos90_41_0_, purchasere0_.ovudc as ovudc91_41_0_, purchasere0_.ovudf as ovudf92_41_0_, purchasere0_.ovuom as ovuom93_41_0_, purchasere0_.ovvnid as ovvnid94_41_0_, purchasere0_.ovinvdt as ovinvdt95_41_0_, purchasere0_.ovinvno as ovinvno96_41_0_ from t4312 purchasere0_ where purchasere0_.ovcoid=? and purchasere0_.ovdocno=? and purchasere0_.ovdocty=? and purchasere0_.ovdocsq=?
Hibernate: select purchasere0_.ovcoid as ovcoid1_41_0_, purchasere0_.ovdocno as ovdocno2_41_0_, purchasere0_.ovdocty as ovdocty3_41_0_, purchasere0_.ovdocsq as ovdocsq4_41_0_, purchasere0_.ovcid as ovcid5_41_0_, purchasere0_.ovdtin as ovdtin6_41_0_, purchasere0_.ovtmin as ovtmin7_41_0_, purchasere0_.ovuid as ovuid8_41_0_, purchasere0_.ovdtlu as ovdtlu9_41_0_, purchasere0_.ovtmlu as ovtmlu10_41_0_, purchasere0_.ovuidm as ovuidm11_41_0_, purchasere0_.ovacid as ovacid12_41_0_, purchasere0_.ovcrcb as ovcrcb13_41_0_, purchasere0_.ovicu as ovicu14_41_0_, purchasere0_.ovicut as ovicut15_41_0_, purchasere0_.ovitc02 as ovitc16_41_0_, purchasere0_.ovbuid as ovbuid17_41_0_, purchasere0_.ovitc01 as ovitc18_41_0_, purchasere0_.ovcot as ovcot19_41_0_, purchasere0_.ovcnid as ovcnid20_41_0_, purchasere0_.ovcsdocdt as ovcsdoc21_41_0_, purchasere0_.ovcsdocno as ovcsdoc22_41_0_, purchasere0_.ovurtx as ovurtx23_41_0_, purchasere0_.ovdccd as ovdccd24_41_0_, purchasere0_.ovdcrt as ovdcrt25_41_0_, purchasere0_.ovdocdt as ovdocdt26_41_0_, purchasere0_.ovexcrt as ovexcrt27_41_0_, purchasere0_.ovexpdt as ovexpdt28_41_0_, purchasere0_.ovexcost as ovexcos29_41_0_, purchasere0_.ovfec as ovfec30_41_0_, purchasere0_.ovfta as ovfta31_41_0_, purchasere0_.ovftb as ovftb32_41_0_, purchasere0_.ovfuc as ovfuc33_41_0_, purchasere0_.ovglcls as ovglcls34_41_0_, purchasere0_.ovidd as ovidd35_41_0_, purchasere0_.ovidn as ovidn36_41_0_, purchasere0_.ovitt as ovitt37_41_0_, purchasere0_.ovdocidt as ovdocid38_41_0_, purchasere0_.ovdocino as ovdocin39_41_0_, purchasere0_.ovdocisq as ovdocis40_41_0_, purchasere0_.ovdocity as ovdocit41_41_0_, purchasere0_.ovinum as ovinum42_41_0_, purchasere0_.ovdesb1 as ovdesb43_41_0_, purchasere0_.ovlcrt as ovlcrt44_41_0_, purchasere0_.ovitc05 as ovitc45_41_0_, purchasere0_.ovlst as ovlst46_41_0_, purchasere0_.ovlvla as ovlvla47_41_0_, purchasere0_.ovlnty as ovlnty48_41_0_, purchasere0_.ovlocid as ovlocid49_41_0_, purchasere0_.ovmatc as ovmatc50_41_0_, purchasere0_.ovnst as ovnst51_41_0_, purchasere0_.ovobid as ovobid52_41_0_, purchasere0_.ovdocono as ovdocon53_41_0_, purchasere0_.ovdocosq as ovdocos54_41_0_, purchasere0_.ovdocoty as ovdocot55_41_0_, purchasere0_.ovordocno as ovordoc56_41_0_, purchasere0_.ovordocsq as ovordoc57_41_0_, purchasere0_.ovordocty as ovordoc58_41_0_, purchasere0_.ovptc as ovptc59_41_0_, purchasere0_.ovpoa as ovpoa60_41_0_, purchasere0_.ovpod as ovpod61_41_0_, purchasere0_.ovpqot as ovpqot62_41_0_, purchasere0_.ovuom1 as ovuom63_41_0_, purchasere0_.ovpjid as ovpjid64_41_0_, purchasere0_.ovpo03 as ovpo65_41_0_, purchasere0_.ovpo01 as ovpo66_41_0_, purchasere0_.ovpo02 as ovpo67_41_0_, purchasere0_.ovqty as ovqty68_41_0_, purchasere0_.ovrcdt as ovrcdt69_41_0_, purchasere0_.ovrecid as ovrecid70_41_0_, purchasere0_.ovvr04 as ovvr71_41_0_, purchasere0_.ovvr01 as ovvr72_41_0_, purchasere0_.ovvr03 as ovvr73_41_0_, purchasere0_.ovvr05 as ovvr74_41_0_, purchasere0_.ovvr02 as ovvr75_41_0_, purchasere0_.ovrtgc as ovrtgc76_41_0_, purchasere0_.ovsqot as ovsqot77_41_0_, purchasere0_.ovuom2 as ovuom78_41_0_, purchasere0_.ovsnlot as ovsnlot79_41_0_, purchasere0_.ovtaxal as ovtaxal80_41_0_, purchasere0_.ovtaxam as ovtaxam81_41_0_, purchasere0_.ovtaxab as ovtaxab82_41_0_, purchasere0_.ovtaxcd as ovtaxcd83_41_0_, purchasere0_.ovtaxidt as ovtaxid84_41_0_, purchasere0_.ovtaxino as ovtaxin85_41_0_, purchasere0_.ovtaxrt as ovtaxrt86_41_0_, purchasere0_.ovcrct as ovcrct87_41_0_, purchasere0_.ovitc03 as ovitc88_41_0_, purchasere0_.ovucf as ovucf89_41_0_, purchasere0_.ovuncost as ovuncos90_41_0_, purchasere0_.ovudc as ovudc91_41_0_, purchasere0_.ovudf as ovudf92_41_0_, purchasere0_.ovuom as ovuom93_41_0_, purchasere0_.ovvnid as ovvnid94_41_0_, purchasere0_.ovinvdt as ovinvdt95_41_0_, purchasere0_.ovinvno as ovinvno96_41_0_ from t4312 purchasere0_ where purchasere0_.ovcoid=? and purchasere0_.ovdocno=? and purchasere0_.ovdocty=? and purchasere0_.ovdocsq=?
Hibernate: insert into t4111 (itcid, itdtin, ittmin, ituid, itdtlu, ittmlu, ituidm, iticu, itpost, iticut, itanum, itst, itbuid, itdesb2, itdocdt, itdocmo, itdoctm, itdocyr, itexpdt, itexcost, itft, itglcls, itgldt, itipcd, ititt, itinum, itdesb1, itlocid, itobid, itdocono, itdocosq, itdocoty, itpqot, ituom1, itqty, itrecid, itrldocno, itrldocsq, itrldocty, itsqot, ituom2, itsnlot, itucf, ituncost, ituom, itdvs, itcoid, itdocno, itdocty, itdocsq) values (?, ?, ?, ?, ?, ?, ?, ?, ?, ?, ?, ?, ?, ?, ?, ?, ?, ?, ?, ?, ?, ?, ?, ?, ?, ?, ?, ?, ?, ?, ?, ?, ?, ?, ?, ?, ?, ?, ?, ?, ?, ?, ?, ?, ?, ?, ?, ?, ?, ?)
Hibernate: insert into t4108 (ltcid, ltdtin, lttmin, ltuid, ltdtlu, lttmlu, ltuidm, ltbodt, ltbbdt, ltcldt, ltexpdt, ltldsc, ltledt, ltlsc, ltmlot1, ltmlot2, ltmlot3, ltohdt, ltsern, ltbuid, ltinum, ltsnlot) values (?, ?, ?, ?, ?, ?, ?, ?, ?, ?, ?, ?, ?, ?, ?, ?, ?, ?, ?, ?, ?, ?)
Hibernate: insert into t4108 (ltcid, ltdtin, lttmin, ltuid, ltdtlu, lttmlu, ltuidm, ltbodt, ltbbdt, ltcldt, ltexpdt, ltldsc, ltledt, ltlsc, ltmlot1, ltmlot2, ltmlot3, ltohdt, ltsern, ltbuid, ltinum, ltsnlot) values (?, ?, ?, ?, ?, ?, ?, ?, ?, ?, ?, ?, ?, ?, ?, ?, ?, ?, ?, ?, ?, ?)
Hibernate: insert into t4108 (ltcid, ltdtin, lttmin, ltuid, ltdtlu, lttmlu, ltuidm, ltbodt, ltbbdt, ltcldt, ltexpdt, ltldsc, ltledt, ltlsc, ltmlot1, ltmlot2, ltmlot3, ltohdt, ltsern, ltbuid, ltinum, ltsnlot) values (?, ?, ?, ?, ?, ?, ?, ?, ?, ?, ?, ?, ?, ?, ?, ?, ?, ?, ?, ?, ?, ?)
Hibernate: insert into t4111 (itcid, itdtin, ittmin, ituid, itdtlu, ittmlu, ituidm, iticu, itpost, iticut, itanum, itst, itbuid, itdesb2, itdocdt, itdocmo, itdoctm, itdocyr, itexpdt, itexcost, itft, itglcls, itgldt, itipcd, ititt, itinum, itdesb1, itlocid, itobid, itdocono, itdocosq, itdocoty, itpqot, ituom1, itqty, itrecid, itrldocno, itrldocsq, itrldocty, itsqot, ituom2, itsnlot, itucf, ituncost, ituom, itdvs, itcoid, itdocno, itdocty, itdocsq) values (?, ?, ?, ?, ?, ?, ?, ?, ?, ?, ?, ?, ?, ?, ?, ?, ?, ?, ?, ?, ?, ?, ?, ?, ?, ?, ?, ?, ?, ?, ?, ?, ?, ?, ?, ?, ?, ?, ?, ?, ?, ?, ?, ?, ?, ?, ?, ?, ?, ?)
Hibernate: insert into t4312 (ovcid, ovdtin, ovtmin, ovuid, ovdtlu, ovtmlu, ovuidm, ovacid, ovcrcb, ovicu, ovicut, ovitc02, ovbuid, ovitc01, ovcot, ovcnid, ovcsdocdt, ovcsdocno, ovurtx, ovdccd, ovdcrt, ovdocdt, ovexcrt, ovexpdt, ovexcost, ovfec, ovfta, ovftb, ovfuc, ovglcls, ovidd, ovidn, ovitt, ovdocidt, ovdocino, ovdocisq, ovdocity, ovinum, ovdesb1, ovlcrt, ovitc05, ovlst, ovlvla, ovlnty, ovlocid, ovmatc, ovnst, ovobid, ovdocono, ovdocosq, ovdocoty, ovordocno, ovordocsq, ovordocty, ovptc, ovpoa, ovpod, ovpqot, ovuom1, ovpjid, ovpo03, ovpo01, ovpo02, ovqty, ovrcdt, ovrecid, ovvr04, ovvr01, ovvr03, ovvr05, ovvr02, ovrtgc, ovsqot, ovuom2, ovsnlot, ovtaxal, ovtaxam, ovtaxab, ovtaxcd, ovtaxidt, ovtaxino, ovtaxrt, ovcrct, ovitc03, ovucf, ovuncost, ovudc, ovudf, ovuom, ovvnid, ovinvdt, ovinvno, ovcoid, ovdocno, ovdocty, ovdocsq) values (?, ?, ?, ?, ?, ?, ?, ?, ?, ?, ?, ?, ?, ?, ?, ?, ?, ?, ?, ?, ?, ?, ?, ?, ?, ?, ?, ?, ?, ?, ?, ?, ?, ?, ?, ?, ?, ?, ?, ?, ?, ?, ?, ?, ?, ?, ?, ?, ?, ?, ?, ?, ?, ?, ?, ?, ?, ?, ?, ?, ?, ?, ?, ?, ?, ?, ?, ?, ?, ?, ?, ?, ?, ?, ?, ?, ?, ?, ?, ?, ?, ?, ?, ?, ?, ?, ?, ?, ?, ?, ?, ?, ?, ?, ?, ?)
Hibernate: insert into t4312 (ovcid, ovdtin, ovtmin, ovuid, ovdtlu, ovtmlu, ovuidm, ovacid, ovcrcb, ovicu, ovicut, ovitc02, ovbuid, ovitc01, ovcot, ovcnid, ovcsdocdt, ovcsdocno, ovurtx, ovdccd, ovdcrt, ovdocdt, ovexcrt, ovexpdt, ovexcost, ovfec, ovfta, ovftb, ovfuc, ovglcls, ovidd, ovidn, ovitt, ovdocidt, ovdocino, ovdocisq, ovdocity, ovinum, ovdesb1, ovlcrt, ovitc05, ovlst, ovlvla, ovlnty, ovlocid, ovmatc, ovnst, ovobid, ovdocono, ovdocosq, ovdocoty, ovordocno, ovordocsq, ovordocty, ovptc, ovpoa, ovpod, ovpqot, ovuom1, ovpjid, ovpo03, ovpo01, ovpo02, ovqty, ovrcdt, ovrecid, ovvr04, ovvr01, ovvr03, ovvr05, ovvr02, ovrtgc, ovsqot, ovuom2, ovsnlot, ovtaxal, ovtaxam, ovtaxab, ovtaxcd, ovtaxidt, ovtaxino, ovtaxrt, ovcrct, ovitc03, ovucf, ovuncost, ovudc, ovudf, ovuom, ovvnid, ovinvdt, ovinvno, ovcoid, ovdocno, ovdocty, ovdocsq) values (?, ?, ?, ?, ?, ?, ?, ?, ?, ?, ?, ?, ?, ?, ?, ?, ?, ?, ?, ?, ?, ?, ?, ?, ?, ?, ?, ?, ?, ?, ?, ?, ?, ?, ?, ?, ?, ?, ?, ?, ?, ?, ?, ?, ?, ?, ?, ?, ?, ?, ?, ?, ?, ?, ?, ?, ?, ?, ?, ?, ?, ?, ?, ?, ?, ?, ?, ?, ?, ?, ?, ?, ?, ?, ?, ?, ?, ?, ?, ?, ?, ?, ?, ?, ?, ?, ?, ?, ?, ?, ?, ?, ?, ?, ?, ?)
Hibernate: insert into t4312 (ovcid, ovdtin, ovtmin, ovuid, ovdtlu, ovtmlu, ovuidm, ovacid, ovcrcb, ovicu, ovicut, ovitc02, ovbuid, ovitc01, ovcot, ovcnid, ovcsdocdt, ovcsdocno, ovurtx, ovdccd, ovdcrt, ovdocdt, ovexcrt, ovexpdt, ovexcost, ovfec, ovfta, ovftb, ovfuc, ovglcls, ovidd, ovidn, ovitt, ovdocidt, ovdocino, ovdocisq, ovdocity, ovinum, ovdesb1, ovlcrt, ovitc05, ovlst, ovlvla, ovlnty, ovlocid, ovmatc, ovnst, ovobid, ovdocono, ovdocosq, ovdocoty, ovordocno, ovordocsq, ovordocty, ovptc, ovpoa, ovpod, ovpqot, ovuom1, ovpjid, ovpo03, ovpo01, ovpo02, ovqty, ovrcdt, ovrecid, ovvr04, ovvr01, ovvr03, ovvr05, ovvr02, ovrtgc, ovsqot, ovuom2, ovsnlot, ovtaxal, ovtaxam, ovtaxab, ovtaxcd, ovtaxidt, ovtaxino, ovtaxrt, ovcrct, ovitc03, ovucf, ovuncost, ovudc, ovudf, ovuom, ovvnid, ovinvdt, ovinvno, ovcoid, ovdocno, ovdocty, ovdocsq) values (?, ?, ?, ?, ?, ?, ?, ?, ?, ?, ?, ?, ?, ?, ?, ?, ?, ?, ?, ?, ?, ?, ?, ?, ?, ?, ?, ?, ?, ?, ?, ?, ?, ?, ?, ?, ?, ?, ?, ?, ?, ?, ?, ?, ?, ?, ?, ?, ?, ?, ?, ?, ?, ?, ?, ?, ?, ?, ?, ?, ?, ?, ?, ?, ?, ?, ?, ?, ?, ?, ?, ?, ?, ?, ?, ?, ?, ?, ?, ?, ?, ?, ?, ?, ?, ?, ?, ?, ?, ?, ?, ?, ?, ?, ?, ?)
Hibernate: update t4311 set odcid=?, oddtlu=?, odtmlu=?, oduidm=?, odacid=?, odaprcd=?, odcrcb=?, oditc02=?, odbuid=?, odqtycl=?, oditc01=?, odcldt=?, odcsid=?, oddccd=?, oddcrt=?, odexcrt=?, odexcost=?, odqtyx=?, oducfx=?, oduncostx=?, oduomx=?, odfec=?, odfta=?, odftb=?, odfuc=?, odglcls=?, odgldt=?, odir02=?, odir01=?, odir03=?, odinum=?, oddesb1=?, oditc05=?, odlst=?, odlnty=?, odlocid=?, odnst=?, odobid=?, odqtyop=?, odordt=?, odqtyor=?, odott=?, odordocdt=?, odordocno=?, odordocsq=?, odordocty=?, odptc=?, odpqor=?, oduom1=?, odpjid=?, odpddt=?, odpo03=?, odpo01=?, odpo02=?, odqty=?, odrcdt=?, odqtyrc=?, odstid=?, odvr04=?, odvr01=?, odvr03=?, odvr05=?, odvr02=?, odrldocno=?, odrldocsq=?, odrldocty=?, odrqdt=?, odqtyrn=?, odsqor=?, oduom2=?, odsnlot=?, odtaxal=?, odtaxam=?, odtaxab=?, odtaxcd=?, odtaxrt=?, odcrct=?, oditc03=?, oducf=?, oduncost=?, odudc=?, odudf=?, oduom=?, odvnid=? where odcoid=? and oddocono=? and oddocosq=? and oddocoty=?
Hibernate: update t4311 set odcid=?, oddtlu=?, odtmlu=?, oduidm=?, odacid=?, odaprcd=?, odcrcb=?, oditc02=?, odbuid=?, odqtycl=?, oditc01=?, odcldt=?, odcsid=?, oddccd=?, oddcrt=?, odexcrt=?, odexcost=?, odqtyx=?, oducfx=?, oduncostx=?, oduomx=?, odfec=?, odfta=?, odftb=?, odfuc=?, odglcls=?, odgldt=?, odir02=?, odir01=?, odir03=?, odinum=?, oddesb1=?, oditc05=?, odlst=?, odlnty=?, odlocid=?, odnst=?, odobid=?, odqtyop=?, odordt=?, odqtyor=?, odott=?, odordocdt=?, odordocno=?, odordocsq=?, odordocty=?, odptc=?, odpqor=?, oduom1=?, odpjid=?, odpddt=?, odpo03=?, odpo01=?, odpo02=?, odqty=?, odrcdt=?, odqtyrc=?, odstid=?, odvr04=?, odvr01=?, odvr03=?, odvr05=?, odvr02=?, odrldocno=?, odrldocsq=?, odrldocty=?, odrqdt=?, odqtyrn=?, odsqor=?, oduom2=?, odsnlot=?, odtaxal=?, odtaxam=?, odtaxab=?, odtaxcd=?, odtaxrt=?, odcrct=?, oditc03=?, oducf=?, oduncost=?, odudc=?, odudf=?, oduom=?, odvnid=? where odcoid=? and oddocono=? and oddocosq=? and oddocoty=?
Hibernate: update t4311 set odcid=?, oddtlu=?, odtmlu=?, oduidm=?, odacid=?, odaprcd=?, odcrcb=?, oditc02=?, odbuid=?, odqtycl=?, oditc01=?, odcldt=?, odcsid=?, oddccd=?, oddcrt=?, odexcrt=?, odexcost=?, odqtyx=?, oducfx=?, oduncostx=?, oduomx=?, odfec=?, odfta=?, odftb=?, odfuc=?, odglcls=?, odgldt=?, odir02=?, odir01=?, odir03=?, odinum=?, oddesb1=?, oditc05=?, odlst=?, odlnty=?, odlocid=?, odnst=?, odobid=?, odqtyop=?, odordt=?, odqtyor=?, odott=?, odordocdt=?, odordocno=?, odordocsq=?, odordocty=?, odptc=?, odpqor=?, oduom1=?, odpjid=?, odpddt=?, odpo03=?, odpo01=?, odpo02=?, odqty=?, odrcdt=?, odqtyrc=?, odstid=?, odvr04=?, odvr01=?, odvr03=?, odvr05=?, odvr02=?, odrldocno=?, odrldocsq=?, odrldocty=?, odrqdt=?, odqtyrn=?, odsqor=?, oduom2=?, odsnlot=?, odtaxal=?, odtaxam=?, odtaxab=?, odtaxcd=?, odtaxrt=?, odcrct=?, oditc03=?, oducf=?, oduncost=?, odudc=?, odudf=?, oduom=?, odvnid=? where odcoid=? and oddocono=? and oddocosq=? and oddocoty=?
Hibernate: update t0002 set nncid=?, nndtlu=?, nntmlu=?, nnuidm=?, nnseq=? where nncoid=? and nndocbty=? and nnmo=? and nnyr=?
Hibernate: insert into transaction_serialnumbers (coid, docno, docty, docsq, buid, inum, snlot) values (?, ?, ?, ?, ?, ?, ?)
Hibernate: insert into transaction_serialnumbers (coid, docno, docty, docsq, buid, inum, snlot) values (?, ?, ?, ?, ?, ?, ?)
Hibernate: insert into transaction_serialnumbers (coid, docno, docty, docsq, buid, inum, snlot) values (?, ?, ?, ?, ?, ?, ?)
Hibernate: select purchasere0_.ovcoid as ovcoid1_41_0_, purchasere0_.ovdocno as ovdocno2_41_0_, purchasere0_.ovdocty as ovdocty3_41_0_, purchasere0_.ovdocsq as ovdocsq4_41_0_, purchasere0_.ovcid as ovcid5_41_0_, purchasere0_.ovdtin as ovdtin6_41_0_, purchasere0_.ovtmin as ovtmin7_41_0_, purchasere0_.ovuid as ovuid8_41_0_, purchasere0_.ovdtlu as ovdtlu9_41_0_, purchasere0_.ovtmlu as ovtmlu10_41_0_, purchasere0_.ovuidm as ovuidm11_41_0_, purchasere0_.ovacid as ovacid12_41_0_, purchasere0_.ovcrcb as ovcrcb13_41_0_, purchasere0_.ovicu as ovicu14_41_0_, purchasere0_.ovicut as ovicut15_41_0_, purchasere0_.ovitc02 as ovitc16_41_0_, purchasere0_.ovbuid as ovbuid17_41_0_, purchasere0_.ovitc01 as ovitc18_41_0_, purchasere0_.ovcot as ovcot19_41_0_, purchasere0_.ovcnid as ovcnid20_41_0_, purchasere0_.ovcsdocdt as ovcsdoc21_41_0_, purchasere0_.ovcsdocno as ovcsdoc22_41_0_, purchasere0_.ovurtx as ovurtx23_41_0_, purchasere0_.ovdccd as ovdccd24_41_0_, purchasere0_.ovdcrt as ovdcrt25_41_0_, purchasere0_.ovdocdt as ovdocdt26_41_0_, purchasere0_.ovexcrt as ovexcrt27_41_0_, purchasere0_.ovexpdt as ovexpdt28_41_0_, purchasere0_.ovexcost as ovexcos29_41_0_, purchasere0_.ovfec as ovfec30_41_0_, purchasere0_.ovfta as ovfta31_41_0_, purchasere0_.ovftb as ovftb32_41_0_, purchasere0_.ovfuc as ovfuc33_41_0_, purchasere0_.ovglcls as ovglcls34_41_0_, purchasere0_.ovidd as ovidd35_41_0_, purchasere0_.ovidn as ovidn36_41_0_, purchasere0_.ovitt as ovitt37_41_0_, purchasere0_.ovdocidt as ovdocid38_41_0_, purchasere0_.ovdocino as ovdocin39_41_0_, purchasere0_.ovdocisq as ovdocis40_41_0_, purchasere0_.ovdocity as ovdocit41_41_0_, purchasere0_.ovinum as ovinum42_41_0_, purchasere0_.ovdesb1 as ovdesb43_41_0_, purchasere0_.ovlcrt as ovlcrt44_41_0_, purchasere0_.ovitc05 as ovitc45_41_0_, purchasere0_.ovlst as ovlst46_41_0_, purchasere0_.ovlvla as ovlvla47_41_0_, purchasere0_.ovlnty as ovlnty48_41_0_, purchasere0_.ovlocid as ovlocid49_41_0_, purchasere0_.ovmatc as ovmatc50_41_0_, purchasere0_.ovnst as ovnst51_41_0_, purchasere0_.ovobid as ovobid52_41_0_, purchasere0_.ovdocono as ovdocon53_41_0_, purchasere0_.ovdocosq as ovdocos54_41_0_, purchasere0_.ovdocoty as ovdocot55_41_0_, purchasere0_.ovordocno as ovordoc56_41_0_, purchasere0_.ovordocsq as ovordoc57_41_0_, purchasere0_.ovordocty as ovordoc58_41_0_, purchasere0_.ovptc as ovptc59_41_0_, purchasere0_.ovpoa as ovpoa60_41_0_, purchasere0_.ovpod as ovpod61_41_0_, purchasere0_.ovpqot as ovpqot62_41_0_, purchasere0_.ovuom1 as ovuom63_41_0_, purchasere0_.ovpjid as ovpjid64_41_0_, purchasere0_.ovpo03 as ovpo65_41_0_, purchasere0_.ovpo01 as ovpo66_41_0_, purchasere0_.ovpo02 as ovpo67_41_0_, purchasere0_.ovqty as ovqty68_41_0_, purchasere0_.ovrcdt as ovrcdt69_41_0_, purchasere0_.ovrecid as ovrecid70_41_0_, purchasere0_.ovvr04 as ovvr71_41_0_, purchasere0_.ovvr01 as ovvr72_41_0_, purchasere0_.ovvr03 as ovvr73_41_0_, purchasere0_.ovvr05 as ovvr74_41_0_, purchasere0_.ovvr02 as ovvr75_41_0_, purchasere0_.ovrtgc as ovrtgc76_41_0_, purchasere0_.ovsqot as ovsqot77_41_0_, purchasere0_.ovuom2 as ovuom78_41_0_, purchasere0_.ovsnlot as ovsnlot79_41_0_, purchasere0_.ovtaxal as ovtaxal80_41_0_, purchasere0_.ovtaxam as ovtaxam81_41_0_, purchasere0_.ovtaxab as ovtaxab82_41_0_, purchasere0_.ovtaxcd as ovtaxcd83_41_0_, purchasere0_.ovtaxidt as ovtaxid84_41_0_, purchasere0_.ovtaxino as ovtaxin85_41_0_, purchasere0_.ovtaxrt as ovtaxrt86_41_0_, purchasere0_.ovcrct as ovcrct87_41_0_, purchasere0_.ovitc03 as ovitc88_41_0_, purchasere0_.ovucf as ovucf89_41_0_, purchasere0_.ovuncost as ovuncos90_41_0_, purchasere0_.ovudc as ovudc91_41_0_, purchasere0_.ovudf as ovudf92_41_0_, purchasere0_.ovuom as ovuom93_41_0_, purchasere0_.ovvnid as ovvnid94_41_0_, purchasere0_.ovinvdt as ovinvdt95_41_0_, purchasere0_.ovinvno as ovinvno96_41_0_ from t4312 purchasere0_ where purchasere0_.ovcoid=? and purchasere0_.ovdocno=? and purchasere0_.ovdocty=? and purchasere0_.ovdocsq=?
Hibernate: select purchasere0_.ovcoid as ovcoid1_41_, purchasere0_.ovdocno as ovdocno2_41_, purchasere0_.ovdocty as ovdocty3_41_, purchasere0_.ovdocsq as ovdocsq4_41_, purchasere0_.ovcid as ovcid5_41_, purchasere0_.ovdtin as ovdtin6_41_, purchasere0_.ovtmin as ovtmin7_41_, purchasere0_.ovuid as ovuid8_41_, purchasere0_.ovdtlu as ovdtlu9_41_, purchasere0_.ovtmlu as ovtmlu10_41_, purchasere0_.ovuidm as ovuidm11_41_, purchasere0_.ovacid as ovacid12_41_, purchasere0_.ovcrcb as ovcrcb13_41_, purchasere0_.ovicu as ovicu14_41_, purchasere0_.ovicut as ovicut15_41_, purchasere0_.ovitc02 as ovitc16_41_, purchasere0_.ovbuid as ovbuid17_41_, purchasere0_.ovitc01 as ovitc18_41_, purchasere0_.ovcot as ovcot19_41_, purchasere0_.ovcnid as ovcnid20_41_, purchasere0_.ovcsdocdt as ovcsdoc21_41_, purchasere0_.ovcsdocno as ovcsdoc22_41_, purchasere0_.ovurtx as ovurtx23_41_, purchasere0_.ovdccd as ovdccd24_41_, purchasere0_.ovdcrt as ovdcrt25_41_, purchasere0_.ovdocdt as ovdocdt26_41_, purchasere0_.ovexcrt as ovexcrt27_41_, purchasere0_.ovexpdt as ovexpdt28_41_, purchasere0_.ovexcost as ovexcos29_41_, purchasere0_.ovfec as ovfec30_41_, purchasere0_.ovfta as ovfta31_41_, purchasere0_.ovftb as ovftb32_41_, purchasere0_.ovfuc as ovfuc33_41_, purchasere0_.ovglcls as ovglcls34_41_, purchasere0_.ovidd as ovidd35_41_, purchasere0_.ovidn as ovidn36_41_, purchasere0_.ovitt as ovitt37_41_, purchasere0_.ovdocidt as ovdocid38_41_, purchasere0_.ovdocino as ovdocin39_41_, purchasere0_.ovdocisq as ovdocis40_41_, purchasere0_.ovdocity as ovdocit41_41_, purchasere0_.ovinum as ovinum42_41_, purchasere0_.ovdesb1 as ovdesb43_41_, purchasere0_.ovlcrt as ovlcrt44_41_, purchasere0_.ovitc05 as ovitc45_41_, purchasere0_.ovlst as ovlst46_41_, purchasere0_.ovlvla as ovlvla47_41_, purchasere0_.ovlnty as ovlnty48_41_, purchasere0_.ovlocid as ovlocid49_41_, purchasere0_.ovmatc as ovmatc50_41_, purchasere0_.ovnst as ovnst51_41_, purchasere0_.ovobid as ovobid52_41_, purchasere0_.ovdocono as ovdocon53_41_, purchasere0_.ovdocosq as ovdocos54_41_, purchasere0_.ovdocoty as ovdocot55_41_, purchasere0_.ovordocno as ovordoc56_41_, purchasere0_.ovordocsq as ovordoc57_41_, purchasere0_.ovordocty as ovordoc58_41_, purchasere0_.ovptc as ovptc59_41_, purchasere0_.ovpoa as ovpoa60_41_, purchasere0_.ovpod as ovpod61_41_, purchasere0_.ovpqot as ovpqot62_41_, purchasere0_.ovuom1 as ovuom63_41_, purchasere0_.ovpjid as ovpjid64_41_, purchasere0_.ovpo03 as ovpo65_41_, purchasere0_.ovpo01 as ovpo66_41_, purchasere0_.ovpo02 as ovpo67_41_, purchasere0_.ovqty as ovqty68_41_, purchasere0_.ovrcdt as ovrcdt69_41_, purchasere0_.ovrecid as ovrecid70_41_, purchasere0_.ovvr04 as ovvr71_41_, purchasere0_.ovvr01 as ovvr72_41_, purchasere0_.ovvr03 as ovvr73_41_, purchasere0_.ovvr05 as ovvr74_41_, purchasere0_.ovvr02 as ovvr75_41_, purchasere0_.ovrtgc as ovrtgc76_41_, purchasere0_.ovsqot as ovsqot77_41_, purchasere0_.ovuom2 as ovuom78_41_, purchasere0_.ovsnlot as ovsnlot79_41_, purchasere0_.ovtaxal as ovtaxal80_41_, purchasere0_.ovtaxam as ovtaxam81_41_, purchasere0_.ovtaxab as ovtaxab82_41_, purchasere0_.ovtaxcd as ovtaxcd83_41_, purchasere0_.ovtaxidt as ovtaxid84_41_, purchasere0_.ovtaxino as ovtaxin85_41_, purchasere0_.ovtaxrt as ovtaxrt86_41_, purchasere0_.ovcrct as ovcrct87_41_, purchasere0_.ovitc03 as ovitc88_41_, purchasere0_.ovucf as ovucf89_41_, purchasere0_.ovuncost as ovuncos90_41_, purchasere0_.ovudc as ovudc91_41_, purchasere0_.ovudf as ovudf92_41_, purchasere0_.ovuom as ovuom93_41_, purchasere0_.ovvnid as ovvnid94_41_, purchasere0_.ovinvdt as ovinvdt95_41_, purchasere0_.ovinvno as ovinvno96_41_ from t4312 purchasere0_ where purchasere0_.ovcoid=? and purchasere0_.ovdocno=? and purchasere0_.ovdocty=?
Hibernate: select purchasede0_.odcoid as odcoid1_40_0_, purchasede0_.oddocono as oddocono2_40_0_, purchasede0_.oddocosq as oddocosq3_40_0_, purchasede0_.oddocoty as oddocoty4_40_0_, purchasede0_.odcid as odcid5_40_0_, purchasede0_.oddtin as oddtin6_40_0_, purchasede0_.odtmin as odtmin7_40_0_, purchasede0_.oduid as oduid8_40_0_, purchasede0_.oddtlu as oddtlu9_40_0_, purchasede0_.odtmlu as odtmlu10_40_0_, purchasede0_.oduidm as oduidm11_40_0_, purchasede0_.odacid as odacid12_40_0_, purchasede0_.odaprcd as odaprcd13_40_0_, purchasede0_.odcrcb as odcrcb14_40_0_, purchasede0_.oditc02 as oditc15_40_0_, purchasede0_.odbuid as odbuid16_40_0_, purchasede0_.odqtycl as odqtycl17_40_0_, purchasede0_.oditc01 as oditc18_40_0_, purchasede0_.odcldt as odcldt19_40_0_, purchasede0_.odcsid as odcsid20_40_0_, purchasede0_.oddccd as oddccd21_40_0_, purchasede0_.oddcrt as oddcrt22_40_0_, purchasede0_.odexcrt as odexcrt23_40_0_, purchasede0_.odexcost as odexcos24_40_0_, purchasede0_.odqtyx as odqtyx25_40_0_, purchasede0_.oducfx as oducfx26_40_0_, purchasede0_.oduncostx as oduncos27_40_0_, purchasede0_.oduomx as oduomx28_40_0_, purchasede0_.odfec as odfec29_40_0_, purchasede0_.odfta as odfta30_40_0_, purchasede0_.odftb as odftb31_40_0_, purchasede0_.odfuc as odfuc32_40_0_, purchasede0_.odglcls as odglcls33_40_0_, purchasede0_.odgldt as odgldt34_40_0_, purchasede0_.odir02 as odir35_40_0_, purchasede0_.odir01 as odir36_40_0_, purchasede0_.odir03 as odir37_40_0_, purchasede0_.odinum as odinum38_40_0_, purchasede0_.oddesb1 as oddesb39_40_0_, purchasede0_.oditc05 as oditc40_40_0_, purchasede0_.odlst as odlst41_40_0_, purchasede0_.odlnty as odlnty42_40_0_, purchasede0_.odlocid as odlocid43_40_0_, purchasede0_.odnst as odnst44_40_0_, purchasede0_.odobid as odobid45_40_0_, purchasede0_.odqtyop as odqtyop46_40_0_, purchasede0_.odordt as odordt47_40_0_, purchasede0_.odqtyor as odqtyor48_40_0_, purchasede0_.odott as odott49_40_0_, purchasede0_.odordocdt as odordoc50_40_0_, purchasede0_.odordocno as odordoc51_40_0_, purchasede0_.odordocsq as odordoc52_40_0_, purchasede0_.odordocty as odordoc53_40_0_, purchasede0_.odptc as odptc54_40_0_, purchasede0_.odpqor as odpqor55_40_0_, purchasede0_.oduom1 as oduom56_40_0_, purchasede0_.odpjid as odpjid57_40_0_, purchasede0_.odpddt as odpddt58_40_0_, purchasede0_.odpo03 as odpo59_40_0_, purchasede0_.odpo01 as odpo60_40_0_, purchasede0_.odpo02 as odpo61_40_0_, purchasede0_.odqty as odqty62_40_0_, purchasede0_.odrcdt as odrcdt63_40_0_, purchasede0_.odqtyrc as odqtyrc64_40_0_, purchasede0_.odstid as odstid65_40_0_, purchasede0_.odvr04 as odvr66_40_0_, purchasede0_.odvr01 as odvr67_40_0_, purchasede0_.odvr03 as odvr68_40_0_, purchasede0_.odvr05 as odvr69_40_0_, purchasede0_.odvr02 as odvr70_40_0_, purchasede0_.odrldocno as odrldoc71_40_0_, purchasede0_.odrldocsq as odrldoc72_40_0_, purchasede0_.odrldocty as odrldoc73_40_0_, purchasede0_.odrqdt as odrqdt74_40_0_, purchasede0_.odqtyrn as odqtyrn75_40_0_, purchasede0_.odsqor as odsqor76_40_0_, purchasede0_.oduom2 as oduom77_40_0_, purchasede0_.odsnlot as odsnlot78_40_0_, purchasede0_.odtaxal as odtaxal79_40_0_, purchasede0_.odtaxam as odtaxam80_40_0_, purchasede0_.odtaxab as odtaxab81_40_0_, purchasede0_.odtaxcd as odtaxcd82_40_0_, purchasede0_.odtaxrt as odtaxrt83_40_0_, purchasede0_.odcrct as odcrct84_40_0_, purchasede0_.oditc03 as oditc85_40_0_, purchasede0_.oducf as oducf86_40_0_, purchasede0_.oduncost as oduncos87_40_0_, purchasede0_.odudc as odudc88_40_0_, purchasede0_.odudf as odudf89_40_0_, purchasede0_.oduom as oduom90_40_0_, purchasede0_.odvnid as odvnid91_40_0_, purchaseor1_.ohcoid as ohcoid1_39_1_, purchaseor1_.ohdocono as ohdocono2_39_1_, purchaseor1_.ohdocoty as ohdocoty3_39_1_, purchaseor1_.ohcid as ohcid4_39_1_, purchaseor1_.ohdtin as ohdtin5_39_1_, purchaseor1_.ohtmin as ohtmin6_39_1_, purchaseor1_.ohuid as ohuid7_39_1_, purchaseor1_.ohdtlu as ohdtlu8_39_1_, purchaseor1_.ohtmlu as ohtmlu9_39_1_, purchaseor1_.ohuidm as ohuidm10_39_1_, purchaseor1_.ohaprcd as ohaprcd11_39_1_, purchaseor1_.ohcrcb as ohcrcb12_39_1_, purchaseor1_.ohbuid as ohbuid13_39_1_, purchaseor1_.ohcldt as ohcldt14_39_1_, purchaseor1_.ohcot as ohcot15_39_1_, purchaseor1_.ohcsid as ohcsid16_39_1_, purchaseor1_.ohdesb1 as ohdesb17_39_1_, purchaseor1_.ohdccd as ohdccd18_39_1_, purchaseor1_.ohdcrt as ohdcrt19_39_1_, purchaseor1_.ohexcrt as ohexcrt20_39_1_, purchaseor1_.ohgldt as ohgldt21_39_1_, purchaseor1_.ohidd as ohidd22_39_1_, purchaseor1_.ohidn as ohidn23_39_1_, purchaseor1_.ohlst as ohlst24_39_1_, purchaseor1_.ohnst as ohnst25_39_1_, purchaseor1_.ohobid as ohobid26_39_1_, purchaseor1_.ohordt as ohordt27_39_1_, purchaseor1_.ohptc as ohptc28_39_1_, purchaseor1_.ohpoa as ohpoa29_39_1_, purchaseor1_.ohpod as ohpod30_39_1_, purchaseor1_.ohpjid as ohpjid31_39_1_, purchaseor1_.ohpddt as ohpddt32_39_1_, purchaseor1_.ohrcdt as ohrcdt33_39_1_, purchaseor1_.ohstid as ohstid34_39_1_, purchaseor1_.ohrqdt as ohrqdt35_39_1_, purchaseor1_.ohtaxal as ohtaxal36_39_1_, purchaseor1_.ohtaxcd as ohtaxcd37_39_1_, purchaseor1_.ohtaxrt as ohtaxrt38_39_1_, purchaseor1_.ohcrct as ohcrct39_39_1_, purchaseor1_.ohdesc1 as ohdesc40_39_1_, purchaseor1_.ohdesc2 as ohdesc41_39_1_, purchaseor1_.ohvhrn as ohvhrn42_39_1_, purchaseor1_.ohvhty as ohvhty43_39_1_, purchaseor1_.ohvnid as ohvnid44_39_1_ from t4311 purchasede0_ inner join t4301 purchaseor1_ on purchasede0_.odcoid=purchaseor1_.ohcoid and purchasede0_.oddocono=purchaseor1_.ohdocono and purchasede0_.oddocoty=purchaseor1_.ohdocoty where purchasede0_.odcoid=? and purchasede0_.oddocono=? and purchasede0_.oddocosq=? and purchasede0_.oddocoty=?
Hibernate: select serialnumb0_.coid as coid1_43_0_, serialnumb0_.docno as docno2_43_0_, serialnumb0_.docty as docty3_43_0_, serialnumb0_.docsq as docsq4_43_0_, serialnumb0_.buid as buid5_43_0_, serialnumb0_.inum as inum6_43_0_, serialnumb0_.snlot as snlot7_43_0_, lotmaster1_.ltbuid as ltbuid1_34_1_, lotmaster1_.ltinum as ltinum2_34_1_, lotmaster1_.ltsnlot as ltsnlot3_34_1_, lotmaster1_.ltcid as ltcid4_34_1_, lotmaster1_.ltdtin as ltdtin5_34_1_, lotmaster1_.lttmin as lttmin6_34_1_, lotmaster1_.ltuid as ltuid7_34_1_, lotmaster1_.ltdtlu as ltdtlu8_34_1_, lotmaster1_.lttmlu as lttmlu9_34_1_, lotmaster1_.ltuidm as ltuidm10_34_1_, lotmaster1_.ltbodt as ltbodt11_34_1_, lotmaster1_.ltbbdt as ltbbdt12_34_1_, lotmaster1_.ltcldt as ltcldt13_34_1_, lotmaster1_.ltexpdt as ltexpdt14_34_1_, lotmaster1_.ltldsc as ltldsc15_34_1_, lotmaster1_.ltledt as ltledt16_34_1_, lotmaster1_.ltlsc as ltlsc17_34_1_, lotmaster1_.ltmlot1 as ltmlot18_34_1_, lotmaster1_.ltmlot2 as ltmlot19_34_1_, lotmaster1_.ltmlot3 as ltmlot20_34_1_, lotmaster1_.ltohdt as ltohdt21_34_1_, lotmaster1_.ltsern as ltsern22_34_1_ from transaction_serialnumbers serialnumb0_ inner join t4108 lotmaster1_ on serialnumb0_.buid=lotmaster1_.ltbuid and serialnumb0_.inum=lotmaster1_.ltinum and serialnumb0_.snlot=lotmaster1_.ltsnlot where serialnumb0_.coid=? and serialnumb0_.docno=? and serialnumb0_.docty=? and serialnumb0_.docsq=?
Hibernate: select purchasede0_.odcoid as odcoid1_40_0_, purchasede0_.oddocono as oddocono2_40_0_, purchasede0_.oddocosq as oddocosq3_40_0_, purchasede0_.oddocoty as oddocoty4_40_0_, purchasede0_.odcid as odcid5_40_0_, purchasede0_.oddtin as oddtin6_40_0_, purchasede0_.odtmin as odtmin7_40_0_, purchasede0_.oduid as oduid8_40_0_, purchasede0_.oddtlu as oddtlu9_40_0_, purchasede0_.odtmlu as odtmlu10_40_0_, purchasede0_.oduidm as oduidm11_40_0_, purchasede0_.odacid as odacid12_40_0_, purchasede0_.odaprcd as odaprcd13_40_0_, purchasede0_.odcrcb as odcrcb14_40_0_, purchasede0_.oditc02 as oditc15_40_0_, purchasede0_.odbuid as odbuid16_40_0_, purchasede0_.odqtycl as odqtycl17_40_0_, purchasede0_.oditc01 as oditc18_40_0_, purchasede0_.odcldt as odcldt19_40_0_, purchasede0_.odcsid as odcsid20_40_0_, purchasede0_.oddccd as oddccd21_40_0_, purchasede0_.oddcrt as oddcrt22_40_0_, purchasede0_.odexcrt as odexcrt23_40_0_, purchasede0_.odexcost as odexcos24_40_0_, purchasede0_.odqtyx as odqtyx25_40_0_, purchasede0_.oducfx as oducfx26_40_0_, purchasede0_.oduncostx as oduncos27_40_0_, purchasede0_.oduomx as oduomx28_40_0_, purchasede0_.odfec as odfec29_40_0_, purchasede0_.odfta as odfta30_40_0_, purchasede0_.odftb as odftb31_40_0_, purchasede0_.odfuc as odfuc32_40_0_, purchasede0_.odglcls as odglcls33_40_0_, purchasede0_.odgldt as odgldt34_40_0_, purchasede0_.odir02 as odir35_40_0_, purchasede0_.odir01 as odir36_40_0_, purchasede0_.odir03 as odir37_40_0_, purchasede0_.odinum as odinum38_40_0_, purchasede0_.oddesb1 as oddesb39_40_0_, purchasede0_.oditc05 as oditc40_40_0_, purchasede0_.odlst as odlst41_40_0_, purchasede0_.odlnty as odlnty42_40_0_, purchasede0_.odlocid as odlocid43_40_0_, purchasede0_.odnst as odnst44_40_0_, purchasede0_.odobid as odobid45_40_0_, purchasede0_.odqtyop as odqtyop46_40_0_, purchasede0_.odordt as odordt47_40_0_, purchasede0_.odqtyor as odqtyor48_40_0_, purchasede0_.odott as odott49_40_0_, purchasede0_.odordocdt as odordoc50_40_0_, purchasede0_.odordocno as odordoc51_40_0_, purchasede0_.odordocsq as odordoc52_40_0_, purchasede0_.odordocty as odordoc53_40_0_, purchasede0_.odptc as odptc54_40_0_, purchasede0_.odpqor as odpqor55_40_0_, purchasede0_.oduom1 as oduom56_40_0_, purchasede0_.odpjid as odpjid57_40_0_, purchasede0_.odpddt as odpddt58_40_0_, purchasede0_.odpo03 as odpo59_40_0_, purchasede0_.odpo01 as odpo60_40_0_, purchasede0_.odpo02 as odpo61_40_0_, purchasede0_.odqty as odqty62_40_0_, purchasede0_.odrcdt as odrcdt63_40_0_, purchasede0_.odqtyrc as odqtyrc64_40_0_, purchasede0_.odstid as odstid65_40_0_, purchasede0_.odvr04 as odvr66_40_0_, purchasede0_.odvr01 as odvr67_40_0_, purchasede0_.odvr03 as odvr68_40_0_, purchasede0_.odvr05 as odvr69_40_0_, purchasede0_.odvr02 as odvr70_40_0_, purchasede0_.odrldocno as odrldoc71_40_0_, purchasede0_.odrldocsq as odrldoc72_40_0_, purchasede0_.odrldocty as odrldoc73_40_0_, purchasede0_.odrqdt as odrqdt74_40_0_, purchasede0_.odqtyrn as odqtyrn75_40_0_, purchasede0_.odsqor as odsqor76_40_0_, purchasede0_.oduom2 as oduom77_40_0_, purchasede0_.odsnlot as odsnlot78_40_0_, purchasede0_.odtaxal as odtaxal79_40_0_, purchasede0_.odtaxam as odtaxam80_40_0_, purchasede0_.odtaxab as odtaxab81_40_0_, purchasede0_.odtaxcd as odtaxcd82_40_0_, purchasede0_.odtaxrt as odtaxrt83_40_0_, purchasede0_.odcrct as odcrct84_40_0_, purchasede0_.oditc03 as oditc85_40_0_, purchasede0_.oducf as oducf86_40_0_, purchasede0_.oduncost as oduncos87_40_0_, purchasede0_.odudc as odudc88_40_0_, purchasede0_.odudf as odudf89_40_0_, purchasede0_.oduom as oduom90_40_0_, purchasede0_.odvnid as odvnid91_40_0_, purchaseor1_.ohcoid as ohcoid1_39_1_, purchaseor1_.ohdocono as ohdocono2_39_1_, purchaseor1_.ohdocoty as ohdocoty3_39_1_, purchaseor1_.ohcid as ohcid4_39_1_, purchaseor1_.ohdtin as ohdtin5_39_1_, purchaseor1_.ohtmin as ohtmin6_39_1_, purchaseor1_.ohuid as ohuid7_39_1_, purchaseor1_.ohdtlu as ohdtlu8_39_1_, purchaseor1_.ohtmlu as ohtmlu9_39_1_, purchaseor1_.ohuidm as ohuidm10_39_1_, purchaseor1_.ohaprcd as ohaprcd11_39_1_, purchaseor1_.ohcrcb as ohcrcb12_39_1_, purchaseor1_.ohbuid as ohbuid13_39_1_, purchaseor1_.ohcldt as ohcldt14_39_1_, purchaseor1_.ohcot as ohcot15_39_1_, purchaseor1_.ohcsid as ohcsid16_39_1_, purchaseor1_.ohdesb1 as ohdesb17_39_1_, purchaseor1_.ohdccd as ohdccd18_39_1_, purchaseor1_.ohdcrt as ohdcrt19_39_1_, purchaseor1_.ohexcrt as ohexcrt20_39_1_, purchaseor1_.ohgldt as ohgldt21_39_1_, purchaseor1_.ohidd as ohidd22_39_1_, purchaseor1_.ohidn as ohidn23_39_1_, purchaseor1_.ohlst as ohlst24_39_1_, purchaseor1_.ohnst as ohnst25_39_1_, purchaseor1_.ohobid as ohobid26_39_1_, purchaseor1_.ohordt as ohordt27_39_1_, purchaseor1_.ohptc as ohptc28_39_1_, purchaseor1_.ohpoa as ohpoa29_39_1_, purchaseor1_.ohpod as ohpod30_39_1_, purchaseor1_.ohpjid as ohpjid31_39_1_, purchaseor1_.ohpddt as ohpddt32_39_1_, purchaseor1_.ohrcdt as ohrcdt33_39_1_, purchaseor1_.ohstid as ohstid34_39_1_, purchaseor1_.ohrqdt as ohrqdt35_39_1_, purchaseor1_.ohtaxal as ohtaxal36_39_1_, purchaseor1_.ohtaxcd as ohtaxcd37_39_1_, purchaseor1_.ohtaxrt as ohtaxrt38_39_1_, purchaseor1_.ohcrct as ohcrct39_39_1_, purchaseor1_.ohdesc1 as ohdesc40_39_1_, purchaseor1_.ohdesc2 as ohdesc41_39_1_, purchaseor1_.ohvhrn as ohvhrn42_39_1_, purchaseor1_.ohvhty as ohvhty43_39_1_, purchaseor1_.ohvnid as ohvnid44_39_1_ from t4311 purchasede0_ inner join t4301 purchaseor1_ on purchasede0_.odcoid=purchaseor1_.ohcoid and purchasede0_.oddocono=purchaseor1_.ohdocono and purchasede0_.oddocoty=purchaseor1_.ohdocoty where purchasede0_.odcoid=? and purchasede0_.oddocono=? and purchasede0_.oddocosq=? and purchasede0_.oddocoty=?
Hibernate: select serialnumb0_.coid as coid1_43_0_, serialnumb0_.docno as docno2_43_0_, serialnumb0_.docty as docty3_43_0_, serialnumb0_.docsq as docsq4_43_0_, serialnumb0_.buid as buid5_43_0_, serialnumb0_.inum as inum6_43_0_, serialnumb0_.snlot as snlot7_43_0_, lotmaster1_.ltbuid as ltbuid1_34_1_, lotmaster1_.ltinum as ltinum2_34_1_, lotmaster1_.ltsnlot as ltsnlot3_34_1_, lotmaster1_.ltcid as ltcid4_34_1_, lotmaster1_.ltdtin as ltdtin5_34_1_, lotmaster1_.lttmin as lttmin6_34_1_, lotmaster1_.ltuid as ltuid7_34_1_, lotmaster1_.ltdtlu as ltdtlu8_34_1_, lotmaster1_.lttmlu as lttmlu9_34_1_, lotmaster1_.ltuidm as ltuidm10_34_1_, lotmaster1_.ltbodt as ltbodt11_34_1_, lotmaster1_.ltbbdt as ltbbdt12_34_1_, lotmaster1_.ltcldt as ltcldt13_34_1_, lotmaster1_.ltexpdt as ltexpdt14_34_1_, lotmaster1_.ltldsc as ltldsc15_34_1_, lotmaster1_.ltledt as ltledt16_34_1_, lotmaster1_.ltlsc as ltlsc17_34_1_, lotmaster1_.ltmlot1 as ltmlot18_34_1_, lotmaster1_.ltmlot2 as ltmlot19_34_1_, lotmaster1_.ltmlot3 as ltmlot20_34_1_, lotmaster1_.ltohdt as ltohdt21_34_1_, lotmaster1_.ltsern as ltsern22_34_1_ from transaction_serialnumbers serialnumb0_ inner join t4108 lotmaster1_ on serialnumb0_.buid=lotmaster1_.ltbuid and serialnumb0_.inum=lotmaster1_.ltinum and serialnumb0_.snlot=lotmaster1_.ltsnlot where serialnumb0_.coid=? and serialnumb0_.docno=? and serialnumb0_.docty=? and serialnumb0_.docsq=?
Hibernate: select purchasede0_.odcoid as odcoid1_40_0_, purchasede0_.oddocono as oddocono2_40_0_, purchasede0_.oddocosq as oddocosq3_40_0_, purchasede0_.oddocoty as oddocoty4_40_0_, purchasede0_.odcid as odcid5_40_0_, purchasede0_.oddtin as oddtin6_40_0_, purchasede0_.odtmin as odtmin7_40_0_, purchasede0_.oduid as oduid8_40_0_, purchasede0_.oddtlu as oddtlu9_40_0_, purchasede0_.odtmlu as odtmlu10_40_0_, purchasede0_.oduidm as oduidm11_40_0_, purchasede0_.odacid as odacid12_40_0_, purchasede0_.odaprcd as odaprcd13_40_0_, purchasede0_.odcrcb as odcrcb14_40_0_, purchasede0_.oditc02 as oditc15_40_0_, purchasede0_.odbuid as odbuid16_40_0_, purchasede0_.odqtycl as odqtycl17_40_0_, purchasede0_.oditc01 as oditc18_40_0_, purchasede0_.odcldt as odcldt19_40_0_, purchasede0_.odcsid as odcsid20_40_0_, purchasede0_.oddccd as oddccd21_40_0_, purchasede0_.oddcrt as oddcrt22_40_0_, purchasede0_.odexcrt as odexcrt23_40_0_, purchasede0_.odexcost as odexcos24_40_0_, purchasede0_.odqtyx as odqtyx25_40_0_, purchasede0_.oducfx as oducfx26_40_0_, purchasede0_.oduncostx as oduncos27_40_0_, purchasede0_.oduomx as oduomx28_40_0_, purchasede0_.odfec as odfec29_40_0_, purchasede0_.odfta as odfta30_40_0_, purchasede0_.odftb as odftb31_40_0_, purchasede0_.odfuc as odfuc32_40_0_, purchasede0_.odglcls as odglcls33_40_0_, purchasede0_.odgldt as odgldt34_40_0_, purchasede0_.odir02 as odir35_40_0_, purchasede0_.odir01 as odir36_40_0_, purchasede0_.odir03 as odir37_40_0_, purchasede0_.odinum as odinum38_40_0_, purchasede0_.oddesb1 as oddesb39_40_0_, purchasede0_.oditc05 as oditc40_40_0_, purchasede0_.odlst as odlst41_40_0_, purchasede0_.odlnty as odlnty42_40_0_, purchasede0_.odlocid as odlocid43_40_0_, purchasede0_.odnst as odnst44_40_0_, purchasede0_.odobid as odobid45_40_0_, purchasede0_.odqtyop as odqtyop46_40_0_, purchasede0_.odordt as odordt47_40_0_, purchasede0_.odqtyor as odqtyor48_40_0_, purchasede0_.odott as odott49_40_0_, purchasede0_.odordocdt as odordoc50_40_0_, purchasede0_.odordocno as odordoc51_40_0_, purchasede0_.odordocsq as odordoc52_40_0_, purchasede0_.odordocty as odordoc53_40_0_, purchasede0_.odptc as odptc54_40_0_, purchasede0_.odpqor as odpqor55_40_0_, purchasede0_.oduom1 as oduom56_40_0_, purchasede0_.odpjid as odpjid57_40_0_, purchasede0_.odpddt as odpddt58_40_0_, purchasede0_.odpo03 as odpo59_40_0_, purchasede0_.odpo01 as odpo60_40_0_, purchasede0_.odpo02 as odpo61_40_0_, purchasede0_.odqty as odqty62_40_0_, purchasede0_.odrcdt as odrcdt63_40_0_, purchasede0_.odqtyrc as odqtyrc64_40_0_, purchasede0_.odstid as odstid65_40_0_, purchasede0_.odvr04 as odvr66_40_0_, purchasede0_.odvr01 as odvr67_40_0_, purchasede0_.odvr03 as odvr68_40_0_, purchasede0_.odvr05 as odvr69_40_0_, purchasede0_.odvr02 as odvr70_40_0_, purchasede0_.odrldocno as odrldoc71_40_0_, purchasede0_.odrldocsq as odrldoc72_40_0_, purchasede0_.odrldocty as odrldoc73_40_0_, purchasede0_.odrqdt as odrqdt74_40_0_, purchasede0_.odqtyrn as odqtyrn75_40_0_, purchasede0_.odsqor as odsqor76_40_0_, purchasede0_.oduom2 as oduom77_40_0_, purchasede0_.odsnlot as odsnlot78_40_0_, purchasede0_.odtaxal as odtaxal79_40_0_, purchasede0_.odtaxam as odtaxam80_40_0_, purchasede0_.odtaxab as odtaxab81_40_0_, purchasede0_.odtaxcd as odtaxcd82_40_0_, purchasede0_.odtaxrt as odtaxrt83_40_0_, purchasede0_.odcrct as odcrct84_40_0_, purchasede0_.oditc03 as oditc85_40_0_, purchasede0_.oducf as oducf86_40_0_, purchasede0_.oduncost as oduncos87_40_0_, purchasede0_.odudc as odudc88_40_0_, purchasede0_.odudf as odudf89_40_0_, purchasede0_.oduom as oduom90_40_0_, purchasede0_.odvnid as odvnid91_40_0_, purchaseor1_.ohcoid as ohcoid1_39_1_, purchaseor1_.ohdocono as ohdocono2_39_1_, purchaseor1_.ohdocoty as ohdocoty3_39_1_, purchaseor1_.ohcid as ohcid4_39_1_, purchaseor1_.ohdtin as ohdtin5_39_1_, purchaseor1_.ohtmin as ohtmin6_39_1_, purchaseor1_.ohuid as ohuid7_39_1_, purchaseor1_.ohdtlu as ohdtlu8_39_1_, purchaseor1_.ohtmlu as ohtmlu9_39_1_, purchaseor1_.ohuidm as ohuidm10_39_1_, purchaseor1_.ohaprcd as ohaprcd11_39_1_, purchaseor1_.ohcrcb as ohcrcb12_39_1_, purchaseor1_.ohbuid as ohbuid13_39_1_, purchaseor1_.ohcldt as ohcldt14_39_1_, purchaseor1_.ohcot as ohcot15_39_1_, purchaseor1_.ohcsid as ohcsid16_39_1_, purchaseor1_.ohdesb1 as ohdesb17_39_1_, purchaseor1_.ohdccd as ohdccd18_39_1_, purchaseor1_.ohdcrt as ohdcrt19_39_1_, purchaseor1_.ohexcrt as ohexcrt20_39_1_, purchaseor1_.ohgldt as ohgldt21_39_1_, purchaseor1_.ohidd as ohidd22_39_1_, purchaseor1_.ohidn as ohidn23_39_1_, purchaseor1_.ohlst as ohlst24_39_1_, purchaseor1_.ohnst as ohnst25_39_1_, purchaseor1_.ohobid as ohobid26_39_1_, purchaseor1_.ohordt as ohordt27_39_1_, purchaseor1_.ohptc as ohptc28_39_1_, purchaseor1_.ohpoa as ohpoa29_39_1_, purchaseor1_.ohpod as ohpod30_39_1_, purchaseor1_.ohpjid as ohpjid31_39_1_, purchaseor1_.ohpddt as ohpddt32_39_1_, purchaseor1_.ohrcdt as ohrcdt33_39_1_, purchaseor1_.ohstid as ohstid34_39_1_, purchaseor1_.ohrqdt as ohrqdt35_39_1_, purchaseor1_.ohtaxal as ohtaxal36_39_1_, purchaseor1_.ohtaxcd as ohtaxcd37_39_1_, purchaseor1_.ohtaxrt as ohtaxrt38_39_1_, purchaseor1_.ohcrct as ohcrct39_39_1_, purchaseor1_.ohdesc1 as ohdesc40_39_1_, purchaseor1_.ohdesc2 as ohdesc41_39_1_, purchaseor1_.ohvhrn as ohvhrn42_39_1_, purchaseor1_.ohvhty as ohvhty43_39_1_, purchaseor1_.ohvnid as ohvnid44_39_1_ from t4311 purchasede0_ inner join t4301 purchaseor1_ on purchasede0_.odcoid=purchaseor1_.ohcoid and purchasede0_.oddocono=purchaseor1_.ohdocono and purchasede0_.oddocoty=purchaseor1_.ohdocoty where purchasede0_.odcoid=? and purchasede0_.oddocono=? and purchasede0_.oddocosq=? and purchasede0_.oddocoty=?
Hibernate: select serialnumb0_.coid as coid1_43_0_, serialnumb0_.docno as docno2_43_0_, serialnumb0_.docty as docty3_43_0_, serialnumb0_.docsq as docsq4_43_0_, serialnumb0_.buid as buid5_43_0_, serialnumb0_.inum as inum6_43_0_, serialnumb0_.snlot as snlot7_43_0_, lotmaster1_.ltbuid as ltbuid1_34_1_, lotmaster1_.ltinum as ltinum2_34_1_, lotmaster1_.ltsnlot as ltsnlot3_34_1_, lotmaster1_.ltcid as ltcid4_34_1_, lotmaster1_.ltdtin as ltdtin5_34_1_, lotmaster1_.lttmin as lttmin6_34_1_, lotmaster1_.ltuid as ltuid7_34_1_, lotmaster1_.ltdtlu as ltdtlu8_34_1_, lotmaster1_.lttmlu as lttmlu9_34_1_, lotmaster1_.ltuidm as ltuidm10_34_1_, lotmaster1_.ltbodt as ltbodt11_34_1_, lotmaster1_.ltbbdt as ltbbdt12_34_1_, lotmaster1_.ltcldt as ltcldt13_34_1_, lotmaster1_.ltexpdt as ltexpdt14_34_1_, lotmaster1_.ltldsc as ltldsc15_34_1_, lotmaster1_.ltledt as ltledt16_34_1_, lotmaster1_.ltlsc as ltlsc17_34_1_, lotmaster1_.ltmlot1 as ltmlot18_34_1_, lotmaster1_.ltmlot2 as ltmlot19_34_1_, lotmaster1_.ltmlot3 as ltmlot20_34_1_, lotmaster1_.ltohdt as ltohdt21_34_1_, lotmaster1_.ltsern as ltsern22_34_1_ from transaction_serialnumbers serialnumb0_ inner join t4108 lotmaster1_ on serialnumb0_.buid=lotmaster1_.ltbuid and serialnumb0_.inum=lotmaster1_.ltinum and serialnumb0_.snlot=lotmaster1_.ltsnlot where serialnumb0_.coid=? and serialnumb0_.docno=? and serialnumb0_.docty=? and serialnumb0_.docsq=?

MockHttpServletRequest:
      HTTP Method = GET
      Request URI = /api/purchaseReceipts/11000_99999999_OV_10
       Parameters = {}
          Headers = {Accept=[application/json]}
             Body = <no character encoding set>
    Session Attrs = {org.springframework.security.web.csrf.HttpSessionCsrfTokenRepository.CSRF_TOKEN=org.springframework.security.web.csrf.DefaultCsrfToken@46d64b70, SPRING_SECURITY_CONTEXT=org.springframework.security.core.context.SecurityContextImpl@475fcd89: Authentication: org.springframework.security.authentication.UsernamePasswordAuthenticationToken@475fcd89: Principal: org.springframework.security.core.userdetails.User@f02988d6: Username: username; Password: [PROTECTED]; Enabled: true; AccountNonExpired: true; credentialsNonExpired: true; AccountNonLocked: true; Not granted any authorities; Credentials: [PROTECTED]; Authenticated: true; Details: null; Not granted any authorities}

Handler:
             Type = ags.goldenlionerp.application.purchase.purchasereceipt.PurchaseReceiptController
           Method = public org.springframework.hateoas.Resource<ags.goldenlionerp.application.purchase.purchasereceipt.PurchaseReceiptHeader> ags.goldenlionerp.application.purchase.purchasereceipt.PurchaseReceiptController.getPurchaseReceipt(java.lang.String,org.springframework.data.rest.webmvc.PersistentEntityResourceAssembler)

Async:
    Async started = false
     Async result = null

Resolved Exception:
             Type = null

ModelAndView:
        View name = null
             View = null
            Model = null

FlashMap:
       Attributes = null

MockHttpServletResponse:
           Status = 200
    Error message = null
          Headers = {Content-Type=[application/json;charset=UTF-8], X-Content-Type-Options=[nosniff], X-XSS-Protection=[1; mode=block], Cache-Control=[no-cache, no-store, max-age=0, must-revalidate], Pragma=[no-cache], Expires=[0], X-Frame-Options=[DENY]}
     Content type = application/json;charset=UTF-8
             Body = {
  "companyId" : "11000",
  "documentNumber" : 99999999,
  "documentType" : "OV",
  "businessUnitId" : "110",
  "transactionDate" : "2018-12-27",
  "vendorId" : "2814",
  "customerOrderNumber" : "11223344",
  "description" : "TESTRECEIPT",
  "details" : [ {
    "inputUserId" : "username",
    "lastUpdateUserId" : "username",
    "computerId" : "username",
    "companyId" : "11000",
    "documentNumber" : 99999999,
    "documentType" : "OV",
    "sequence" : 10,
    "purchaseReceiptNumber" : 99999999,
    "purchaseReceiptType" : "OV",
    "matchCode" : "",
    "businessUnitId" : "110",
    "batchNumber" : 142,
    "batchType" : "O",
    "vendorId" : "2814",
    "baseCurrency" : "IDR",
    "transactionCurrency" : "IDR",
    "exchangeRate" : 1.000000000,
    "itemCode" : "ACC.BATERAI - CMOS\t\t\t",
    "locationId" : "ABC.1.2.3",
    "serialLotNo" : "",
    "itemDescription" : "Baterai Bios CMOS\t\t\t\t\t",
    "lineType" : "S",
    "unitOfMeasure" : "UNT",
    "unitConversionFactor" : 1.000000000,
    "primaryTransactionQuantity" : 7.00000,
    "primaryUnitOfMeasure" : "UNT",
    "secondaryTransactionQuantity" : 0.00000,
    "secondaryUnitOfMeasure" : "UNT",
    "unitCost" : 50.0000000,
    "extendedCost" : 350.00000,
    "taxBase" : 0.00000,
    "taxAmount" : 31.81500,
    "foreignUnitCost" : 0E-7,
    "foreignExtendedCost" : 0.00000,
    "foreignTaxBase" : 0.00000,
    "foreignTaxAmount" : 0.00000,
    "accountId" : "",
    "glClass" : "INFG",
    "lastStatus" : "400",
    "nextStatus" : "440",
    "receiptDate" : "2018-12-27",
    "paymentTermCode" : "N30",
    "taxCode" : "INCL",
    "taxAllowance" : true,
    "taxRate" : 10.000000000000000,
    "discountCode" : "R1000",
    "discountRate" : 46.663555762949137,
    "unitDiscountCode" : "",
    "unitDiscountRate" : 0E-15,
    "projectId" : "",
    "invoiceNumber" : 0,
    "invoiceType" : "",
    "invoiceSequence" : 0,
    "invoiceDate" : null,
    "orderNumber" : 123456789,
    "orderType" : "OP",
    "orderSequence" : 10,
    "orderDetail" : {
      "inputUserId" : "username",
      "lastUpdateUserId" : "username",
      "computerId" : "username",
      "companyId" : "11000",
      "purchaseOrderNumber" : 123456789,
      "purchaseOrderType" : "OP",
      "purchaseOrderSequence" : 10,
      "documentNumber" : 123456789,
      "documentType" : "OP",
      "sequence" : 10,
      "businessUnitId" : "100",
      "vendorId" : "2814",
      "receiverId" : "1015",
      "customerId" : "",
      "itemCode" : "ACC.BATERAI - CMOS\t\t\t",
      "locationId" : "ABC.1.2.3",
      "serialLotNo" : "",
      "itemDescription" : "Baterai Bios CMOS\t\t\t\t\t",
      "lineType" : "S",
      "quantity" : 10.00000,
      "extendedQuantity" : 0.00000,
      "orderQuantity" : 10.00000,
      "receivedQuantity" : 7.00000,
      "cancelledQuantity" : 0.00000,
      "returnedQuantity" : 0.00000,
      "openQuantity" : 3.00000,
      "unitOfMeasure" : "UNT",
      "extendedUnitOfMeasure" : "",
      "unitConversionFactor" : 1.000000000,
      "extendedUnitConversionFactor" : 0E-9,
      "primaryOrderQuantity" : 10.00000,
      "primaryUnitOfMeasure" : "UNT",
      "secondaryOrderQuantity" : 0.00000,
      "secondaryUnitOfMeasure" : "UNT",
      "baseCurrency" : "IDR",
      "transactionCurrency" : "IDR",
      "exchangeRate" : 1.000000000,
      "unitCost" : 50.0000000,
      "extendedUnitCost" : 0E-7,
      "extendedCost" : 500.00000,
      "taxBase" : 0.00000,
      "taxAmount" : 45.45000,
      "foreignUnitCost" : 0E-7,
      "foreignExtendedCost" : 0.00000,
      "foreignTaxBase" : 0.00000,
      "foreignTaxAmount" : 0.00000,
      "accountId" : "",
      "glClass" : "INFG",
      "lastStatus" : "220",
      "nextStatus" : "400",
      "orderDate" : "2018-12-30",
      "requestDate" : "2018-12-30",
      "promisedDeliveryDate" : "2019-01-01",
      "receiptDate" : null,
      "closedDate" : null,
      "glDate" : null,
      "paymentTermCode" : "N30",
      "taxCode" : "INCL",
      "taxAllowance" : true,
      "taxRate" : 10.000000000000000,
      "discountCode" : "R1000",
      "discountRate" : 46.663555762949137,
      "unitDiscountCode" : "",
      "unitDiscountRate" : 0E-15,
      "projectId" : "",
      "approvalCode" : "",
      "objectId" : "",
      "originalDocumentNumber" : 0,
      "originalDocumentType" : "",
      "originalDocumentSequence" : 0,
      "originalDocumentDate" : null,
      "relatedDocumentNumber" : 0,
      "relatedDocumentType" : "",
      "relatedDocumentSequence" : 0,
      "categoryCode" : "",
      "brandCode" : "",
      "typeCode" : "",
      "landedCostRule" : "",
      "jobNo" : "",
      "shipmentId" : "",
      "packinglistId" : "",
      "deliveryOrderNumber" : "",
      "sealNumber" : "",
      "feederVessel" : "",
      "connectingVessel" : "",
      "shippedBy" : "",
      "containerSize" : "",
      "stuffingType" : "",
      "containerLoadType" : "",
      "orderTransactionType" : "",
      "setForVoid" : false,
      "status" : "OPEN",
      "lastUpdateDateTime" : "2018-12-27T11:25:53",
      "inputDateTime" : "2018-12-27T11:25:52",
      "extended" : false,
      "unitDiscountAmount" : 0.00,
      "costAfterUnitDiscount" : 500.00000,
      "voided" : false
    },
    "originalDocumentNumber" : 0,
    "originalDocumentType" : "",
    "originalDocumentSequence" : 0,
    "customerOrderNumber" : "11223344",
    "customerOrderDate" : null,
    "vendorInvoiceNumber" : "",
    "vendorInvoiceDate" : null,
    "taxInvoiceNumber" : "",
    "taxInvoiceDate" : null,
    "expiredDate" : null,
    "inventoryTransactionType" : "",
    "landedCostRecordType" : "",
    "routingProcess" : false,
    "levelCost" : "",
    "categoryCode" : "",
    "brandCode" : "",
    "typeCode" : "",
    "landedCostRule" : "",
    "jobNo" : "",
    "shipmentId" : "",
    "packinglistId" : "",
    "deliveryOrderNumber" : "",
    "sealNumber" : "",
    "containerSize" : "",
    "stuffingType" : "",
    "containerLoadType" : "",
    "conditionOfTransport" : "",
    "containerId" : "",
    "portOfDepartureId" : "",
    "portOfArrivalId" : "",
    "importDeclarationNumber" : "111111",
    "importDeclarationDate" : "2018-12-30",
    "description" : "TESTRECEIPT",
    "objectId" : "",
    "recordId" : "",
    "toBeVoided" : false,
    "additive" : true,
    "transactionDate" : "2018-12-27",
    "businessPartnerId" : "2814",
    "serialOrLotNumbers" : [ ],
    "lastUpdateDateTime" : "2018-12-27T11:25:53",
    "inputDateTime" : "2018-12-27T11:25:53",
    "quantity" : 7.00000,
    "voided" : false
  }, {
    "inputUserId" : "username",
    "lastUpdateUserId" : "username",
    "computerId" : "username",
    "companyId" : "11000",
    "documentNumber" : 99999999,
    "documentType" : "OV",
    "sequence" : 20,
    "purchaseReceiptNumber" : 99999999,
    "purchaseReceiptType" : "OV",
    "matchCode" : "",
    "businessUnitId" : "110",
    "batchNumber" : 142,
    "batchType" : "O",
    "vendorId" : "2814",
    "baseCurrency" : "IDR",
    "transactionCurrency" : "IDR",
    "exchangeRate" : 1.000000000,
    "itemCode" : "TEST2",
    "locationId" : "",
    "serialLotNo" : "",
    "itemDescription" : "tes2",
    "lineType" : "N",
    "unitOfMeasure" : "IN",
    "unitConversionFactor" : 0.083333333,
    "primaryTransactionQuantity" : 0.83333,
    "primaryUnitOfMeasure" : "FT",
    "secondaryTransactionQuantity" : 0.00000,
    "secondaryUnitOfMeasure" : "IN",
    "unitCost" : 127.0000000,
    "extendedCost" : 1270.00000,
    "taxBase" : 0.00000,
    "taxAmount" : 103.90909,
    "foreignUnitCost" : 0E-7,
    "foreignExtendedCost" : 0.00000,
    "foreignTaxBase" : 0.00000,
    "foreignTaxAmount" : 0.00000,
    "accountId" : "",
    "glClass" : "INFG",
    "lastStatus" : "400",
    "nextStatus" : "425",
    "receiptDate" : "2018-12-27",
    "paymentTermCode" : "N30",
    "taxCode" : "INCL",
    "taxAllowance" : true,
    "taxRate" : 10.000000000000000,
    "discountCode" : "R1000",
    "discountRate" : 46.663555762949137,
    "unitDiscountCode" : "D00",
    "unitDiscountRate" : 10.000000000000000,
    "projectId" : "",
    "invoiceNumber" : 0,
    "invoiceType" : "",
    "invoiceSequence" : 0,
    "invoiceDate" : null,
    "orderNumber" : 123456789,
    "orderType" : "OP",
    "orderSequence" : 20,
    "orderDetail" : {
      "inputUserId" : "username",
      "lastUpdateUserId" : "username",
      "computerId" : "username",
      "companyId" : "11000",
      "purchaseOrderNumber" : 123456789,
      "purchaseOrderType" : "OP",
      "purchaseOrderSequence" : 20,
      "documentNumber" : 123456789,
      "documentType" : "OP",
      "sequence" : 20,
      "businessUnitId" : "100",
      "vendorId" : "2814",
      "receiverId" : "1015",
      "customerId" : "",
      "itemCode" : "TEST2",
      "locationId" : "",
      "serialLotNo" : "",
      "itemDescription" : "tes2",
      "lineType" : "N",
      "quantity" : 10.00000,
      "extendedQuantity" : 25.40000,
      "orderQuantity" : 10.00000,
      "receivedQuantity" : 10.00000,
      "cancelledQuantity" : 0.00000,
      "returnedQuantity" : 0.00000,
      "openQuantity" : 0.00000,
      "unitOfMeasure" : "IN",
      "extendedUnitOfMeasure" : "CM",
      "unitConversionFactor" : 0.083333333,
      "extendedUnitConversionFactor" : 0.032808000,
      "primaryOrderQuantity" : 0.83333,
      "primaryUnitOfMeasure" : "FT",
      "secondaryOrderQuantity" : 0.00000,
      "secondaryUnitOfMeasure" : "IN",
      "baseCurrency" : "IDR",
      "transactionCurrency" : "IDR",
      "exchangeRate" : 1.000000000,
      "unitCost" : 127.0000000,
      "extendedUnitCost" : 50.0000000,
      "extendedCost" : 1270.00000,
      "taxBase" : 0.00000,
      "taxAmount" : 103.90909,
      "foreignUnitCost" : 0E-7,
      "foreignExtendedCost" : 0.00000,
      "foreignTaxBase" : 0.00000,
      "foreignTaxAmount" : 0.00000,
      "accountId" : "",
      "glClass" : "INFG",
      "lastStatus" : "220",
      "nextStatus" : "400",
      "orderDate" : "2018-12-30",
      "requestDate" : "2018-12-30",
      "promisedDeliveryDate" : "2019-01-01",
      "receiptDate" : null,
      "closedDate" : null,
      "glDate" : null,
      "paymentTermCode" : "N30",
      "taxCode" : "INCL",
      "taxAllowance" : true,
      "taxRate" : 10.000000000000000,
      "discountCode" : "R1000",
      "discountRate" : 46.663555762949137,
      "unitDiscountCode" : "D00",
      "unitDiscountRate" : 10.000000000000000,
      "projectId" : "",
      "approvalCode" : "",
      "objectId" : "",
      "originalDocumentNumber" : 0,
      "originalDocumentType" : "",
      "originalDocumentSequence" : 0,
      "originalDocumentDate" : null,
      "relatedDocumentNumber" : 0,
      "relatedDocumentType" : "",
      "relatedDocumentSequence" : 0,
      "categoryCode" : "",
      "brandCode" : "",
      "typeCode" : "",
      "landedCostRule" : "LOC",
      "jobNo" : "",
      "shipmentId" : "",
      "packinglistId" : "",
      "deliveryOrderNumber" : "",
      "sealNumber" : "",
      "feederVessel" : "",
      "connectingVessel" : "",
      "shippedBy" : "",
      "containerSize" : "20",
      "stuffingType" : "D",
      "containerLoadType" : "LCL",
      "orderTransactionType" : "",
      "setForVoid" : false,
      "status" : "CLOSED",
      "lastUpdateDateTime" : "2018-12-27T11:25:53",
      "inputDateTime" : "2018-12-27T11:25:52",
      "extended" : true,
      "unitDiscountAmount" : 127.00,
      "costAfterUnitDiscount" : 1143.00000,
      "voided" : false
    },
    "originalDocumentNumber" : 0,
    "originalDocumentType" : "",
    "originalDocumentSequence" : 0,
    "customerOrderNumber" : "11223344",
    "customerOrderDate" : null,
    "vendorInvoiceNumber" : "",
    "vendorInvoiceDate" : null,
    "taxInvoiceNumber" : "",
    "taxInvoiceDate" : null,
    "expiredDate" : null,
    "inventoryTransactionType" : "",
    "landedCostRecordType" : "1",
    "routingProcess" : false,
    "levelCost" : "",
    "categoryCode" : "",
    "brandCode" : "",
    "typeCode" : "",
    "landedCostRule" : "LOC",
    "jobNo" : "",
    "shipmentId" : "",
    "packinglistId" : "",
    "deliveryOrderNumber" : "",
    "sealNumber" : "",
    "containerSize" : "20",
    "stuffingType" : "D",
    "containerLoadType" : "LCL",
    "conditionOfTransport" : "",
    "containerId" : "",
    "portOfDepartureId" : "",
    "portOfArrivalId" : "",
    "importDeclarationNumber" : "111111",
    "importDeclarationDate" : "2018-12-30",
    "description" : "TESTRECEIPT",
    "objectId" : "",
    "recordId" : "",
    "toBeVoided" : false,
    "additive" : true,
    "transactionDate" : "2018-12-27",
    "businessPartnerId" : "2814",
    "serialOrLotNumbers" : [ ],
    "lastUpdateDateTime" : "2018-12-27T11:25:53",
    "inputDateTime" : "2018-12-27T11:25:53",
    "quantity" : 10.00000,
    "voided" : false
  }, {
    "inputUserId" : "username",
    "lastUpdateUserId" : "username",
    "computerId" : "username",
    "companyId" : "11000",
    "documentNumber" : 99999999,
    "documentType" : "OV",
    "sequence" : 30,
    "purchaseReceiptNumber" : 99999999,
    "purchaseReceiptType" : "OV",
    "matchCode" : "",
    "businessUnitId" : "110",
    "batchNumber" : 142,
    "batchType" : "O",
    "vendorId" : "2814",
    "baseCurrency" : "IDR",
    "transactionCurrency" : "IDR",
    "exchangeRate" : 1.000000000,
    "itemCode" : "ACC.BROTHER-LT6505",
    "locationId" : "",
    "serialLotNo" : "",
    "itemDescription" : "Brother Optional Paper Tray 520 Sheet White",
    "lineType" : "S",
    "unitOfMeasure" : "UNT",
    "unitConversionFactor" : 1.000000000,
    "primaryTransactionQuantity" : 3.00000,
    "primaryUnitOfMeasure" : "UNT",
    "secondaryTransactionQuantity" : 0.00000,
    "secondaryUnitOfMeasure" : "UNT",
    "unitCost" : 100.0000000,
    "extendedCost" : 300.00000,
    "taxBase" : 0.00000,
    "taxAmount" : 27.27000,
    "foreignUnitCost" : 0E-7,
    "foreignExtendedCost" : 0.00000,
    "foreignTaxBase" : 0.00000,
    "foreignTaxAmount" : 0.00000,
    "accountId" : "",
    "glClass" : "INFG",
    "lastStatus" : "400",
    "nextStatus" : "440",
    "receiptDate" : "2018-12-27",
    "paymentTermCode" : "N30",
    "taxCode" : "INCL",
    "taxAllowance" : true,
    "taxRate" : 10.000000000000000,
    "discountCode" : "R1000",
    "discountRate" : 46.663555762949137,
    "unitDiscountCode" : "",
    "unitDiscountRate" : 0E-15,
    "projectId" : "",
    "invoiceNumber" : 0,
    "invoiceType" : "",
    "invoiceSequence" : 0,
    "invoiceDate" : null,
    "orderNumber" : 123456789,
    "orderType" : "OP",
    "orderSequence" : 30,
    "orderDetail" : {
      "inputUserId" : "username",
      "lastUpdateUserId" : "username",
      "computerId" : "username",
      "companyId" : "11000",
      "purchaseOrderNumber" : 123456789,
      "purchaseOrderType" : "OP",
      "purchaseOrderSequence" : 30,
      "documentNumber" : 123456789,
      "documentType" : "OP",
      "sequence" : 30,
      "businessUnitId" : "100",
      "vendorId" : "2814",
      "receiverId" : "1015",
      "customerId" : "",
      "itemCode" : "ACC.BROTHER-LT6505",
      "locationId" : "",
      "serialLotNo" : "",
      "itemDescription" : "Brother Optional Paper Tray 520 Sheet White",
      "lineType" : "S",
      "quantity" : 5.00000,
      "extendedQuantity" : 0.00000,
      "orderQuantity" : 5.00000,
      "receivedQuantity" : 3.00000,
      "cancelledQuantity" : 0.00000,
      "returnedQuantity" : 0.00000,
      "openQuantity" : 2.00000,
      "unitOfMeasure" : "UNT",
      "extendedUnitOfMeasure" : "",
      "unitConversionFactor" : 1.000000000,
      "extendedUnitConversionFactor" : 0E-9,
      "primaryOrderQuantity" : 5.00000,
      "primaryUnitOfMeasure" : "UNT",
      "secondaryOrderQuantity" : 0.00000,
      "secondaryUnitOfMeasure" : "UNT",
      "baseCurrency" : "IDR",
      "transactionCurrency" : "IDR",
      "exchangeRate" : 1.000000000,
      "unitCost" : 100.0000000,
      "extendedUnitCost" : 0E-7,
      "extendedCost" : 500.00000,
      "taxBase" : 0.00000,
      "taxAmount" : 45.45000,
      "foreignUnitCost" : 0E-7,
      "foreignExtendedCost" : 0.00000,
      "foreignTaxBase" : 0.00000,
      "foreignTaxAmount" : 0.00000,
      "accountId" : "",
      "glClass" : "INFG",
      "lastStatus" : "220",
      "nextStatus" : "400",
      "orderDate" : "2018-12-30",
      "requestDate" : "2018-12-30",
      "promisedDeliveryDate" : "2019-01-01",
      "receiptDate" : null,
      "closedDate" : null,
      "glDate" : null,
      "paymentTermCode" : "N30",
      "taxCode" : "INCL",
      "taxAllowance" : true,
      "taxRate" : 10.000000000000000,
      "discountCode" : "R1000",
      "discountRate" : 46.663555762949137,
      "unitDiscountCode" : "",
      "unitDiscountRate" : 0E-15,
      "projectId" : "",
      "approvalCode" : "",
      "objectId" : "",
      "originalDocumentNumber" : 0,
      "originalDocumentType" : "",
      "originalDocumentSequence" : 0,
      "originalDocumentDate" : null,
      "relatedDocumentNumber" : 0,
      "relatedDocumentType" : "",
      "relatedDocumentSequence" : 0,
      "categoryCode" : "",
      "brandCode" : "",
      "typeCode" : "",
      "landedCostRule" : "",
      "jobNo" : "",
      "shipmentId" : "",
      "packinglistId" : "",
      "deliveryOrderNumber" : "",
      "sealNumber" : "",
      "feederVessel" : "",
      "connectingVessel" : "",
      "shippedBy" : "",
      "containerSize" : "",
      "stuffingType" : "",
      "containerLoadType" : "",
      "orderTransactionType" : "",
      "setForVoid" : false,
      "status" : "OPEN",
      "lastUpdateDateTime" : "2018-12-27T11:25:53",
      "inputDateTime" : "2018-12-27T11:25:52",
      "extended" : false,
      "unitDiscountAmount" : 0.00,
      "costAfterUnitDiscount" : 500.00000,
      "voided" : false
    },
    "originalDocumentNumber" : 0,
    "originalDocumentType" : "",
    "originalDocumentSequence" : 0,
    "customerOrderNumber" : "11223344",
    "customerOrderDate" : null,
    "vendorInvoiceNumber" : "",
    "vendorInvoiceDate" : null,
    "taxInvoiceNumber" : "",
    "taxInvoiceDate" : null,
    "expiredDate" : null,
    "inventoryTransactionType" : "",
    "landedCostRecordType" : "",
    "routingProcess" : false,
    "levelCost" : "",
    "categoryCode" : "",
    "brandCode" : "",
    "typeCode" : "",
    "landedCostRule" : "",
    "jobNo" : "",
    "shipmentId" : "",
    "packinglistId" : "",
    "deliveryOrderNumber" : "",
    "sealNumber" : "",
    "containerSize" : "",
    "stuffingType" : "",
    "containerLoadType" : "",
    "conditionOfTransport" : "",
    "containerId" : "",
    "portOfDepartureId" : "",
    "portOfArrivalId" : "",
    "importDeclarationNumber" : "111111",
    "importDeclarationDate" : "2018-12-30",
    "description" : "TESTRECEIPT",
    "objectId" : "",
    "recordId" : "",
    "toBeVoided" : false,
    "additive" : true,
    "transactionDate" : "2018-12-27",
    "businessPartnerId" : "2814",
    "serialOrLotNumbers" : [ "SERNO1", "SERNO2", "SERNO3" ],
    "lastUpdateDateTime" : "2018-12-27T11:25:53",
    "inputDateTime" : "2018-12-27T11:25:53",
    "quantity" : 3.00000,
    "voided" : false
  } ],
  "lastUpdateUserId" : "username",
  "lastUpdateDateTime" : "2018-12-27T11:25:53",
  "inputUserId" : "username",
  "inputDateTime" : "2018-12-27T11:25:53",
  "computerId" : "username",
  "batchNumber" : 142,
  "batchType" : "O",
  "details" : [ {
    "inputUserId" : "username",
    "lastUpdateUserId" : "username",
    "computerId" : "username",
    "companyId" : "11000",
    "documentNumber" : 99999999,
    "documentType" : "OV",
    "sequence" : 10,
    "purchaseReceiptNumber" : 99999999,
    "purchaseReceiptType" : "OV",
    "matchCode" : "",
    "businessUnitId" : "110",
    "batchNumber" : 142,
    "batchType" : "O",
    "vendorId" : "2814",
    "baseCurrency" : "IDR",
    "transactionCurrency" : "IDR",
    "exchangeRate" : 1.000000000,
    "itemCode" : "ACC.BATERAI - CMOS\t\t\t",
    "locationId" : "ABC.1.2.3",
    "serialLotNo" : "",
    "itemDescription" : "Baterai Bios CMOS\t\t\t\t\t",
    "lineType" : "S",
    "unitOfMeasure" : "UNT",
    "unitConversionFactor" : 1.000000000,
    "primaryTransactionQuantity" : 7.00000,
    "primaryUnitOfMeasure" : "UNT",
    "secondaryTransactionQuantity" : 0.00000,
    "secondaryUnitOfMeasure" : "UNT",
    "unitCost" : 50.0000000,
    "extendedCost" : 350.00000,
    "taxBase" : 0.00000,
    "taxAmount" : 31.81500,
    "foreignUnitCost" : 0E-7,
    "foreignExtendedCost" : 0.00000,
    "foreignTaxBase" : 0.00000,
    "foreignTaxAmount" : 0.00000,
    "accountId" : "",
    "glClass" : "INFG",
    "lastStatus" : "400",
    "nextStatus" : "440",
    "receiptDate" : "2018-12-27",
    "paymentTermCode" : "N30",
    "taxCode" : "INCL",
    "taxAllowance" : true,
    "taxRate" : 10.000000000000000,
    "discountCode" : "R1000",
    "discountRate" : 46.663555762949137,
    "unitDiscountCode" : "",
    "unitDiscountRate" : 0E-15,
    "projectId" : "",
    "invoiceNumber" : 0,
    "invoiceType" : "",
    "invoiceSequence" : 0,
    "invoiceDate" : null,
    "orderNumber" : 123456789,
    "orderType" : "OP",
    "orderSequence" : 10,
    "orderDetail" : {
      "inputUserId" : "username",
      "lastUpdateUserId" : "username",
      "computerId" : "username",
      "companyId" : "11000",
      "purchaseOrderNumber" : 123456789,
      "purchaseOrderType" : "OP",
      "purchaseOrderSequence" : 10,
      "documentNumber" : 123456789,
      "documentType" : "OP",
      "sequence" : 10,
      "businessUnitId" : "100",
      "vendorId" : "2814",
      "receiverId" : "1015",
      "customerId" : "",
      "itemCode" : "ACC.BATERAI - CMOS\t\t\t",
      "locationId" : "ABC.1.2.3",
      "serialLotNo" : "",
      "itemDescription" : "Baterai Bios CMOS\t\t\t\t\t",
      "lineType" : "S",
      "quantity" : 10.00000,
      "extendedQuantity" : 0.00000,
      "orderQuantity" : 10.00000,
      "receivedQuantity" : 7.00000,
      "cancelledQuantity" : 0.00000,
      "returnedQuantity" : 0.00000,
      "openQuantity" : 3.00000,
      "unitOfMeasure" : "UNT",
      "extendedUnitOfMeasure" : "",
      "unitConversionFactor" : 1.000000000,
      "extendedUnitConversionFactor" : 0E-9,
      "primaryOrderQuantity" : 10.00000,
      "primaryUnitOfMeasure" : "UNT",
      "secondaryOrderQuantity" : 0.00000,
      "secondaryUnitOfMeasure" : "UNT",
      "baseCurrency" : "IDR",
      "transactionCurrency" : "IDR",
      "exchangeRate" : 1.000000000,
      "unitCost" : 50.0000000,
      "extendedUnitCost" : 0E-7,
      "extendedCost" : 500.00000,
      "taxBase" : 0.00000,
      "taxAmount" : 45.45000,
      "foreignUnitCost" : 0E-7,
      "foreignExtendedCost" : 0.00000,
      "foreignTaxBase" : 0.00000,
      "foreignTaxAmount" : 0.00000,
      "accountId" : "",
      "glClass" : "INFG",
      "lastStatus" : "220",
      "nextStatus" : "400",
      "orderDate" : "2018-12-30",
      "requestDate" : "2018-12-30",
      "promisedDeliveryDate" : "2019-01-01",
      "receiptDate" : null,
      "closedDate" : null,
      "glDate" : null,
      "paymentTermCode" : "N30",
      "taxCode" : "INCL",
      "taxAllowance" : true,
      "taxRate" : 10.000000000000000,
      "discountCode" : "R1000",
      "discountRate" : 46.663555762949137,
      "unitDiscountCode" : "",
      "unitDiscountRate" : 0E-15,
      "projectId" : "",
      "approvalCode" : "",
      "objectId" : "",
      "originalDocumentNumber" : 0,
      "originalDocumentType" : "",
      "originalDocumentSequence" : 0,
      "originalDocumentDate" : null,
      "relatedDocumentNumber" : 0,
      "relatedDocumentType" : "",
      "relatedDocumentSequence" : 0,
      "categoryCode" : "",
      "brandCode" : "",
      "typeCode" : "",
      "landedCostRule" : "",
      "jobNo" : "",
      "shipmentId" : "",
      "packinglistId" : "",
      "deliveryOrderNumber" : "",
      "sealNumber" : "",
      "feederVessel" : "",
      "connectingVessel" : "",
      "shippedBy" : "",
      "containerSize" : "",
      "stuffingType" : "",
      "containerLoadType" : "",
      "orderTransactionType" : "",
      "setForVoid" : false,
      "status" : "OPEN",
      "lastUpdateDateTime" : "2018-12-27T11:25:53",
      "inputDateTime" : "2018-12-27T11:25:52",
      "extended" : false,
      "unitDiscountAmount" : 0.00,
      "costAfterUnitDiscount" : 500.00000,
      "voided" : false
    },
    "originalDocumentNumber" : 0,
    "originalDocumentType" : "",
    "originalDocumentSequence" : 0,
    "customerOrderNumber" : "11223344",
    "customerOrderDate" : null,
    "vendorInvoiceNumber" : "",
    "vendorInvoiceDate" : null,
    "taxInvoiceNumber" : "",
    "taxInvoiceDate" : null,
    "expiredDate" : null,
    "inventoryTransactionType" : "",
    "landedCostRecordType" : "",
    "routingProcess" : false,
    "levelCost" : "",
    "categoryCode" : "",
    "brandCode" : "",
    "typeCode" : "",
    "landedCostRule" : "",
    "jobNo" : "",
    "shipmentId" : "",
    "packinglistId" : "",
    "deliveryOrderNumber" : "",
    "sealNumber" : "",
    "containerSize" : "",
    "stuffingType" : "",
    "containerLoadType" : "",
    "conditionOfTransport" : "",
    "containerId" : "",
    "portOfDepartureId" : "",
    "portOfArrivalId" : "",
    "importDeclarationNumber" : "111111",
    "importDeclarationDate" : "2018-12-30",
    "description" : "TESTRECEIPT",
    "objectId" : "",
    "recordId" : "",
    "toBeVoided" : false,
    "additive" : true,
    "transactionDate" : "2018-12-27",
    "businessPartnerId" : "2814",
    "serialOrLotNumbers" : [ ],
    "lastUpdateDateTime" : "2018-12-27T11:25:53",
    "inputDateTime" : "2018-12-27T11:25:53",
    "quantity" : 7.00000,
    "voided" : false,
    "_links" : {
      "self" : {
        "href" : "http://localhost/api/purchaseReceipts/11000_99999999_OV_10"
      },
      "purchaseReceipt" : {
        "href" : "http://localhost/api/purchaseReceipts/11000_99999999_OV_10"
      },
      "item" : {
        "href" : "http://localhost/api/purchaseReceipts/11000_99999999_OV_10/item"
      },
      "serialNumbers" : {
        "href" : "http://localhost/api/purchaseReceipts/11000_99999999_OV_10/serialNumbers"
      }
    }
  }, {
    "inputUserId" : "username",
    "lastUpdateUserId" : "username",
    "computerId" : "username",
    "companyId" : "11000",
    "documentNumber" : 99999999,
    "documentType" : "OV",
    "sequence" : 20,
    "purchaseReceiptNumber" : 99999999,
    "purchaseReceiptType" : "OV",
    "matchCode" : "",
    "businessUnitId" : "110",
    "batchNumber" : 142,
    "batchType" : "O",
    "vendorId" : "2814",
    "baseCurrency" : "IDR",
    "transactionCurrency" : "IDR",
    "exchangeRate" : 1.000000000,
    "itemCode" : "TEST2",
    "locationId" : "",
    "serialLotNo" : "",
    "itemDescription" : "tes2",
    "lineType" : "N",
    "unitOfMeasure" : "IN",
    "unitConversionFactor" : 0.083333333,
    "primaryTransactionQuantity" : 0.83333,
    "primaryUnitOfMeasure" : "FT",
    "secondaryTransactionQuantity" : 0.00000,
    "secondaryUnitOfMeasure" : "IN",
    "unitCost" : 127.0000000,
    "extendedCost" : 1270.00000,
    "taxBase" : 0.00000,
    "taxAmount" : 103.90909,
    "foreignUnitCost" : 0E-7,
    "foreignExtendedCost" : 0.00000,
    "foreignTaxBase" : 0.00000,
    "foreignTaxAmount" : 0.00000,
    "accountId" : "",
    "glClass" : "INFG",
    "lastStatus" : "400",
    "nextStatus" : "425",
    "receiptDate" : "2018-12-27",
    "paymentTermCode" : "N30",
    "taxCode" : "INCL",
    "taxAllowance" : true,
    "taxRate" : 10.000000000000000,
    "discountCode" : "R1000",
    "discountRate" : 46.663555762949137,
    "unitDiscountCode" : "D00",
    "unitDiscountRate" : 10.000000000000000,
    "projectId" : "",
    "invoiceNumber" : 0,
    "invoiceType" : "",
    "invoiceSequence" : 0,
    "invoiceDate" : null,
    "orderNumber" : 123456789,
    "orderType" : "OP",
    "orderSequence" : 20,
    "orderDetail" : {
      "inputUserId" : "username",
      "lastUpdateUserId" : "username",
      "computerId" : "username",
      "companyId" : "11000",
      "purchaseOrderNumber" : 123456789,
      "purchaseOrderType" : "OP",
      "purchaseOrderSequence" : 20,
      "documentNumber" : 123456789,
      "documentType" : "OP",
      "sequence" : 20,
      "businessUnitId" : "100",
      "vendorId" : "2814",
      "receiverId" : "1015",
      "customerId" : "",
      "itemCode" : "TEST2",
      "locationId" : "",
      "serialLotNo" : "",
      "itemDescription" : "tes2",
      "lineType" : "N",
      "quantity" : 10.00000,
      "extendedQuantity" : 25.40000,
      "orderQuantity" : 10.00000,
      "receivedQuantity" : 10.00000,
      "cancelledQuantity" : 0.00000,
      "returnedQuantity" : 0.00000,
      "openQuantity" : 0.00000,
      "unitOfMeasure" : "IN",
      "extendedUnitOfMeasure" : "CM",
      "unitConversionFactor" : 0.083333333,
      "extendedUnitConversionFactor" : 0.032808000,
      "primaryOrderQuantity" : 0.83333,
      "primaryUnitOfMeasure" : "FT",
      "secondaryOrderQuantity" : 0.00000,
      "secondaryUnitOfMeasure" : "IN",
      "baseCurrency" : "IDR",
      "transactionCurrency" : "IDR",
      "exchangeRate" : 1.000000000,
      "unitCost" : 127.0000000,
      "extendedUnitCost" : 50.0000000,
      "extendedCost" : 1270.00000,
      "taxBase" : 0.00000,
      "taxAmount" : 103.90909,
      "foreignUnitCost" : 0E-7,
      "foreignExtendedCost" : 0.00000,
      "foreignTaxBase" : 0.00000,
      "foreignTaxAmount" : 0.00000,
      "accountId" : "",
      "glClass" : "INFG",
      "lastStatus" : "220",
      "nextStatus" : "400",
      "orderDate" : "2018-12-30",
      "requestDate" : "2018-12-30",
      "promisedDeliveryDate" : "2019-01-01",
      "receiptDate" : null,
      "closedDate" : null,
      "glDate" : null,
      "paymentTermCode" : "N30",
      "taxCode" : "INCL",
      "taxAllowance" : true,
      "taxRate" : 10.000000000000000,
      "discountCode" : "R1000",
      "discountRate" : 46.663555762949137,
      "unitDiscountCode" : "D00",
      "unitDiscountRate" : 10.000000000000000,
      "projectId" : "",
      "approvalCode" : "",
      "objectId" : "",
      "originalDocumentNumber" : 0,
      "originalDocumentType" : "",
      "originalDocumentSequence" : 0,
      "originalDocumentDate" : null,
      "relatedDocumentNumber" : 0,
      "relatedDocumentType" : "",
      "relatedDocumentSequence" : 0,
      "categoryCode" : "",
      "brandCode" : "",
      "typeCode" : "",
      "landedCostRule" : "LOC",
      "jobNo" : "",
      "shipmentId" : "",
      "packinglistId" : "",
      "deliveryOrderNumber" : "",
      "sealNumber" : "",
      "feederVessel" : "",
      "connectingVessel" : "",
      "shippedBy" : "",
      "containerSize" : "20",
      "stuffingType" : "D",
      "containerLoadType" : "LCL",
      "orderTransactionType" : "",
      "setForVoid" : false,
      "status" : "CLOSED",
      "lastUpdateDateTime" : "2018-12-27T11:25:53",
      "inputDateTime" : "2018-12-27T11:25:52",
      "extended" : true,
      "unitDiscountAmount" : 127.00,
      "costAfterUnitDiscount" : 1143.00000,
      "voided" : false
    },
    "originalDocumentNumber" : 0,
    "originalDocumentType" : "",
    "originalDocumentSequence" : 0,
    "customerOrderNumber" : "11223344",
    "customerOrderDate" : null,
    "vendorInvoiceNumber" : "",
    "vendorInvoiceDate" : null,
    "taxInvoiceNumber" : "",
    "taxInvoiceDate" : null,
    "expiredDate" : null,
    "inventoryTransactionType" : "",
    "landedCostRecordType" : "1",
    "routingProcess" : false,
    "levelCost" : "",
    "categoryCode" : "",
    "brandCode" : "",
    "typeCode" : "",
    "landedCostRule" : "LOC",
    "jobNo" : "",
    "shipmentId" : "",
    "packinglistId" : "",
    "deliveryOrderNumber" : "",
    "sealNumber" : "",
    "containerSize" : "20",
    "stuffingType" : "D",
    "containerLoadType" : "LCL",
    "conditionOfTransport" : "",
    "containerId" : "",
    "portOfDepartureId" : "",
    "portOfArrivalId" : "",
    "importDeclarationNumber" : "111111",
    "importDeclarationDate" : "2018-12-30",
    "description" : "TESTRECEIPT",
    "objectId" : "",
    "recordId" : "",
    "toBeVoided" : false,
    "additive" : true,
    "transactionDate" : "2018-12-27",
    "businessPartnerId" : "2814",
    "serialOrLotNumbers" : [ ],
    "lastUpdateDateTime" : "2018-12-27T11:25:53",
    "inputDateTime" : "2018-12-27T11:25:53",
    "quantity" : 10.00000,
    "voided" : false,
    "_links" : {
      "self" : {
        "href" : "http://localhost/api/purchaseReceipts/11000_99999999_OV_20"
      },
      "purchaseReceipt" : {
        "href" : "http://localhost/api/purchaseReceipts/11000_99999999_OV_20"
      },
      "item" : {
        "href" : "http://localhost/api/purchaseReceipts/11000_99999999_OV_20/item"
      },
      "serialNumbers" : {
        "href" : "http://localhost/api/purchaseReceipts/11000_99999999_OV_20/serialNumbers"
      }
    }
  }, {
    "inputUserId" : "username",
    "lastUpdateUserId" : "username",
    "computerId" : "username",
    "companyId" : "11000",
    "documentNumber" : 99999999,
    "documentType" : "OV",
    "sequence" : 30,
    "purchaseReceiptNumber" : 99999999,
    "purchaseReceiptType" : "OV",
    "matchCode" : "",
    "businessUnitId" : "110",
    "batchNumber" : 142,
    "batchType" : "O",
    "vendorId" : "2814",
    "baseCurrency" : "IDR",
    "transactionCurrency" : "IDR",
    "exchangeRate" : 1.000000000,
    "itemCode" : "ACC.BROTHER-LT6505",
    "locationId" : "",
    "serialLotNo" : "",
    "itemDescription" : "Brother Optional Paper Tray 520 Sheet White",
    "lineType" : "S",
    "unitOfMeasure" : "UNT",
    "unitConversionFactor" : 1.000000000,
    "primaryTransactionQuantity" : 3.00000,
    "primaryUnitOfMeasure" : "UNT",
    "secondaryTransactionQuantity" : 0.00000,
    "secondaryUnitOfMeasure" : "UNT",
    "unitCost" : 100.0000000,
    "extendedCost" : 300.00000,
    "taxBase" : 0.00000,
    "taxAmount" : 27.27000,
    "foreignUnitCost" : 0E-7,
    "foreignExtendedCost" : 0.00000,
    "foreignTaxBase" : 0.00000,
    "foreignTaxAmount" : 0.00000,
    "accountId" : "",
    "glClass" : "INFG",
    "lastStatus" : "400",
    "nextStatus" : "440",
    "receiptDate" : "2018-12-27",
    "paymentTermCode" : "N30",
    "taxCode" : "INCL",
    "taxAllowance" : true,
    "taxRate" : 10.000000000000000,
    "discountCode" : "R1000",
    "discountRate" : 46.663555762949137,
    "unitDiscountCode" : "",
    "unitDiscountRate" : 0E-15,
    "projectId" : "",
    "invoiceNumber" : 0,
    "invoiceType" : "",
    "invoiceSequence" : 0,
    "invoiceDate" : null,
    "orderNumber" : 123456789,
    "orderType" : "OP",
    "orderSequence" : 30,
    "orderDetail" : {
      "inputUserId" : "username",
      "lastUpdateUserId" : "username",
      "computerId" : "username",
      "companyId" : "11000",
      "purchaseOrderNumber" : 123456789,
      "purchaseOrderType" : "OP",
      "purchaseOrderSequence" : 30,
      "documentNumber" : 123456789,
      "documentType" : "OP",
      "sequence" : 30,
      "businessUnitId" : "100",
      "vendorId" : "2814",
      "receiverId" : "1015",
      "customerId" : "",
      "itemCode" : "ACC.BROTHER-LT6505",
      "locationId" : "",
      "serialLotNo" : "",
      "itemDescription" : "Brother Optional Paper Tray 520 Sheet White",
      "lineType" : "S",
      "quantity" : 5.00000,
      "extendedQuantity" : 0.00000,
      "orderQuantity" : 5.00000,
      "receivedQuantity" : 3.00000,
      "cancelledQuantity" : 0.00000,
      "returnedQuantity" : 0.00000,
      "openQuantity" : 2.00000,
      "unitOfMeasure" : "UNT",
      "extendedUnitOfMeasure" : "",
      "unitConversionFactor" : 1.000000000,
      "extendedUnitConversionFactor" : 0E-9,
      "primaryOrderQuantity" : 5.00000,
      "primaryUnitOfMeasure" : "UNT",
      "secondaryOrderQuantity" : 0.00000,
      "secondaryUnitOfMeasure" : "UNT",
      "baseCurrency" : "IDR",
      "transactionCurrency" : "IDR",
      "exchangeRate" : 1.000000000,
      "unitCost" : 100.0000000,
      "extendedUnitCost" : 0E-7,
      "extendedCost" : 500.00000,
      "taxBase" : 0.00000,
      "taxAmount" : 45.45000,
      "foreignUnitCost" : 0E-7,
      "foreignExtendedCost" : 0.00000,
      "foreignTaxBase" : 0.00000,
      "foreignTaxAmount" : 0.00000,
      "accountId" : "",
      "glClass" : "INFG",
      "lastStatus" : "220",
      "nextStatus" : "400",
      "orderDate" : "2018-12-30",
      "requestDate" : "2018-12-30",
      "promisedDeliveryDate" : "2019-01-01",
      "receiptDate" : null,
      "closedDate" : null,
      "glDate" : null,
      "paymentTermCode" : "N30",
      "taxCode" : "INCL",
      "taxAllowance" : true,
      "taxRate" : 10.000000000000000,
      "discountCode" : "R1000",
      "discountRate" : 46.663555762949137,
      "unitDiscountCode" : "",
      "unitDiscountRate" : 0E-15,
      "projectId" : "",
      "approvalCode" : "",
      "objectId" : "",
      "originalDocumentNumber" : 0,
      "originalDocumentType" : "",
      "originalDocumentSequence" : 0,
      "originalDocumentDate" : null,
      "relatedDocumentNumber" : 0,
      "relatedDocumentType" : "",
      "relatedDocumentSequence" : 0,
      "categoryCode" : "",
      "brandCode" : "",
      "typeCode" : "",
      "landedCostRule" : "",
      "jobNo" : "",
      "shipmentId" : "",
      "packinglistId" : "",
      "deliveryOrderNumber" : "",
      "sealNumber" : "",
      "feederVessel" : "",
      "connectingVessel" : "",
      "shippedBy" : "",
      "containerSize" : "",
      "stuffingType" : "",
      "containerLoadType" : "",
      "orderTransactionType" : "",
      "setForVoid" : false,
      "status" : "OPEN",
      "lastUpdateDateTime" : "2018-12-27T11:25:53",
      "inputDateTime" : "2018-12-27T11:25:52",
      "extended" : false,
      "unitDiscountAmount" : 0.00,
      "costAfterUnitDiscount" : 500.00000,
      "voided" : false
    },
    "originalDocumentNumber" : 0,
    "originalDocumentType" : "",
    "originalDocumentSequence" : 0,
    "customerOrderNumber" : "11223344",
    "customerOrderDate" : null,
    "vendorInvoiceNumber" : "",
    "vendorInvoiceDate" : null,
    "taxInvoiceNumber" : "",
    "taxInvoiceDate" : null,
    "expiredDate" : null,
    "inventoryTransactionType" : "",
    "landedCostRecordType" : "",
    "routingProcess" : false,
    "levelCost" : "",
    "categoryCode" : "",
    "brandCode" : "",
    "typeCode" : "",
    "landedCostRule" : "",
    "jobNo" : "",
    "shipmentId" : "",
    "packinglistId" : "",
    "deliveryOrderNumber" : "",
    "sealNumber" : "",
    "containerSize" : "",
    "stuffingType" : "",
    "containerLoadType" : "",
    "conditionOfTransport" : "",
    "containerId" : "",
    "portOfDepartureId" : "",
    "portOfArrivalId" : "",
    "importDeclarationNumber" : "111111",
    "importDeclarationDate" : "2018-12-30",
    "description" : "TESTRECEIPT",
    "objectId" : "",
    "recordId" : "",
    "toBeVoided" : false,
    "additive" : true,
    "transactionDate" : "2018-12-27",
    "businessPartnerId" : "2814",
    "serialOrLotNumbers" : [ "SERNO1", "SERNO2", "SERNO3" ],
    "lastUpdateDateTime" : "2018-12-27T11:25:53",
    "inputDateTime" : "2018-12-27T11:25:53",
    "quantity" : 3.00000,
    "voided" : false,
    "_links" : {
      "self" : {
        "href" : "http://localhost/api/purchaseReceipts/11000_99999999_OV_30"
      },
      "purchaseReceipt" : {
        "href" : "http://localhost/api/purchaseReceipts/11000_99999999_OV_30"
      },
      "item" : {
        "href" : "http://localhost/api/purchaseReceipts/11000_99999999_OV_30/item"
      },
      "serialNumbers" : {
        "href" : "http://localhost/api/purchaseReceipts/11000_99999999_OV_30/serialNumbers"
      }
    }
  } ],
  "_links" : {
    "self" : {
      "href" : "http://localhost/api/purchaseReceipts/11000_99999999_OV_10"
    }
  }
}
    Forwarded URL = null
   Redirected URL = null
          Cookies = []
Hibernate: select details0_.odcoid as odcoid1_40_0_, details0_.oddocono as oddocono2_40_0_, details0_.oddocoty as oddocoty4_40_0_, details0_.oddocosq as oddocosq3_40_0_, details0_.odcoid as odcoid1_40_1_, details0_.oddocono as oddocono2_40_1_, details0_.oddocosq as oddocosq3_40_1_, details0_.oddocoty as oddocoty4_40_1_, details0_.odcid as odcid5_40_1_, details0_.oddtin as oddtin6_40_1_, details0_.odtmin as odtmin7_40_1_, details0_.oduid as oduid8_40_1_, details0_.oddtlu as oddtlu9_40_1_, details0_.odtmlu as odtmlu10_40_1_, details0_.oduidm as oduidm11_40_1_, details0_.odacid as odacid12_40_1_, details0_.odaprcd as odaprcd13_40_1_, details0_.odcrcb as odcrcb14_40_1_, details0_.oditc02 as oditc15_40_1_, details0_.odbuid as odbuid16_40_1_, details0_.odqtycl as odqtycl17_40_1_, details0_.oditc01 as oditc18_40_1_, details0_.odcldt as odcldt19_40_1_, details0_.odcsid as odcsid20_40_1_, details0_.oddccd as oddccd21_40_1_, details0_.oddcrt as oddcrt22_40_1_, details0_.odexcrt as odexcrt23_40_1_, details0_.odexcost as odexcos24_40_1_, details0_.odqtyx as odqtyx25_40_1_, details0_.oducfx as oducfx26_40_1_, details0_.oduncostx as oduncos27_40_1_, details0_.oduomx as oduomx28_40_1_, details0_.odfec as odfec29_40_1_, details0_.odfta as odfta30_40_1_, details0_.odftb as odftb31_40_1_, details0_.odfuc as odfuc32_40_1_, details0_.odglcls as odglcls33_40_1_, details0_.odgldt as odgldt34_40_1_, details0_.odir02 as odir35_40_1_, details0_.odir01 as odir36_40_1_, details0_.odir03 as odir37_40_1_, details0_.odinum as odinum38_40_1_, details0_.oddesb1 as oddesb39_40_1_, details0_.oditc05 as oditc40_40_1_, details0_.odlst as odlst41_40_1_, details0_.odlnty as odlnty42_40_1_, details0_.odlocid as odlocid43_40_1_, details0_.odnst as odnst44_40_1_, details0_.odobid as odobid45_40_1_, details0_.odqtyop as odqtyop46_40_1_, details0_.odordt as odordt47_40_1_, details0_.odqtyor as odqtyor48_40_1_, details0_.odott as odott49_40_1_, details0_.odordocdt as odordoc50_40_1_, details0_.odordocno as odordoc51_40_1_, details0_.odordocsq as odordoc52_40_1_, details0_.odordocty as odordoc53_40_1_, details0_.odptc as odptc54_40_1_, details0_.odpqor as odpqor55_40_1_, details0_.oduom1 as oduom56_40_1_, details0_.odpjid as odpjid57_40_1_, details0_.odpddt as odpddt58_40_1_, details0_.odpo03 as odpo59_40_1_, details0_.odpo01 as odpo60_40_1_, details0_.odpo02 as odpo61_40_1_, details0_.odqty as odqty62_40_1_, details0_.odrcdt as odrcdt63_40_1_, details0_.odqtyrc as odqtyrc64_40_1_, details0_.odstid as odstid65_40_1_, details0_.odvr04 as odvr66_40_1_, details0_.odvr01 as odvr67_40_1_, details0_.odvr03 as odvr68_40_1_, details0_.odvr05 as odvr69_40_1_, details0_.odvr02 as odvr70_40_1_, details0_.odrldocno as odrldoc71_40_1_, details0_.odrldocsq as odrldoc72_40_1_, details0_.odrldocty as odrldoc73_40_1_, details0_.odrqdt as odrqdt74_40_1_, details0_.odqtyrn as odqtyrn75_40_1_, details0_.odsqor as odsqor76_40_1_, details0_.oduom2 as oduom77_40_1_, details0_.odsnlot as odsnlot78_40_1_, details0_.odtaxal as odtaxal79_40_1_, details0_.odtaxam as odtaxam80_40_1_, details0_.odtaxab as odtaxab81_40_1_, details0_.odtaxcd as odtaxcd82_40_1_, details0_.odtaxrt as odtaxrt83_40_1_, details0_.odcrct as odcrct84_40_1_, details0_.oditc03 as oditc85_40_1_, details0_.oducf as oducf86_40_1_, details0_.oduncost as oduncos87_40_1_, details0_.odudc as odudc88_40_1_, details0_.odudf as odudf89_40_1_, details0_.oduom as oduom90_40_1_, details0_.odvnid as odvnid91_40_1_ from t4311 details0_ where details0_.odcoid=? and details0_.oddocono=? and details0_.oddocoty=?
Hibernate: select stocktrans0_.itcoid as itcoid1_35_, stocktrans0_.itdocno as itdocno2_35_, stocktrans0_.itdocty as itdocty3_35_, stocktrans0_.itdocsq as itdocsq4_35_, stocktrans0_.itcid as itcid5_35_, stocktrans0_.itdtin as itdtin6_35_, stocktrans0_.ittmin as ittmin7_35_, stocktrans0_.ituid as ituid8_35_, stocktrans0_.itdtlu as itdtlu9_35_, stocktrans0_.ittmlu as ittmlu10_35_, stocktrans0_.ituidm as ituidm11_35_, stocktrans0_.iticu as iticu12_35_, stocktrans0_.itpost as itpost13_35_, stocktrans0_.iticut as iticut14_35_, stocktrans0_.itanum as itanum15_35_, stocktrans0_.itst as itst16_35_, stocktrans0_.itbuid as itbuid17_35_, stocktrans0_.itdesb2 as itdesb18_35_, stocktrans0_.itdocdt as itdocdt19_35_, stocktrans0_.itdocmo as itdocmo20_35_, stocktrans0_.itdoctm as itdoctm21_35_, stocktrans0_.itdocyr as itdocyr22_35_, stocktrans0_.itexpdt as itexpdt23_35_, stocktrans0_.itexcost as itexcos24_35_, stocktrans0_.itft as itft25_35_, stocktrans0_.itglcls as itglcls26_35_, stocktrans0_.itgldt as itgldt27_35_, stocktrans0_.itipcd as itipcd28_35_, stocktrans0_.ititt as ititt29_35_, stocktrans0_.itinum as itinum30_35_, stocktrans0_.itdesb1 as itdesb31_35_, stocktrans0_.itlocid as itlocid32_35_, stocktrans0_.itobid as itobid33_35_, stocktrans0_.itdocono as itdocon34_35_, stocktrans0_.itdocosq as itdocos35_35_, stocktrans0_.itdocoty as itdocot36_35_, stocktrans0_.itpqot as itpqot37_35_, stocktrans0_.ituom1 as ituom38_35_, stocktrans0_.itqty as itqty39_35_, stocktrans0_.itrecid as itrecid40_35_, stocktrans0_.itrldocno as itrldoc41_35_, stocktrans0_.itrldocsq as itrldoc42_35_, stocktrans0_.itrldocty as itrldoc43_35_, stocktrans0_.itsqot as itsqot44_35_, stocktrans0_.ituom2 as ituom45_35_, stocktrans0_.itsnlot as itsnlot46_35_, stocktrans0_.itucf as itucf47_35_, stocktrans0_.ituncost as ituncos48_35_, stocktrans0_.ituom as ituom49_35_, stocktrans0_.itdvs as itdvs50_35_ from t4111 stocktrans0_ where stocktrans0_.itcoid=? and stocktrans0_.itdocno=? and stocktrans0_.itdocty=?
Hibernate: select serialnumb0_.coid as coid1_43_0_, serialnumb0_.docno as docno2_43_0_, serialnumb0_.docty as docty3_43_0_, serialnumb0_.docsq as docsq4_43_0_, serialnumb0_.buid as buid5_43_0_, serialnumb0_.inum as inum6_43_0_, serialnumb0_.snlot as snlot7_43_0_, lotmaster1_.ltbuid as ltbuid1_34_1_, lotmaster1_.ltinum as ltinum2_34_1_, lotmaster1_.ltsnlot as ltsnlot3_34_1_, lotmaster1_.ltcid as ltcid4_34_1_, lotmaster1_.ltdtin as ltdtin5_34_1_, lotmaster1_.lttmin as lttmin6_34_1_, lotmaster1_.ltuid as ltuid7_34_1_, lotmaster1_.ltdtlu as ltdtlu8_34_1_, lotmaster1_.lttmlu as lttmlu9_34_1_, lotmaster1_.ltuidm as ltuidm10_34_1_, lotmaster1_.ltbodt as ltbodt11_34_1_, lotmaster1_.ltbbdt as ltbbdt12_34_1_, lotmaster1_.ltcldt as ltcldt13_34_1_, lotmaster1_.ltexpdt as ltexpdt14_34_1_, lotmaster1_.ltldsc as ltldsc15_34_1_, lotmaster1_.ltledt as ltledt16_34_1_, lotmaster1_.ltlsc as ltlsc17_34_1_, lotmaster1_.ltmlot1 as ltmlot18_34_1_, lotmaster1_.ltmlot2 as ltmlot19_34_1_, lotmaster1_.ltmlot3 as ltmlot20_34_1_, lotmaster1_.ltohdt as ltohdt21_34_1_, lotmaster1_.ltsern as ltsern22_34_1_ from transaction_serialnumbers serialnumb0_ inner join t4108 lotmaster1_ on serialnumb0_.buid=lotmaster1_.ltbuid and serialnumb0_.inum=lotmaster1_.ltinum and serialnumb0_.snlot=lotmaster1_.ltsnlot where serialnumb0_.coid=? and serialnumb0_.docno=? and serialnumb0_.docty=? and serialnumb0_.docsq=?
Hibernate: select serialnumb0_.coid as coid1_43_0_, serialnumb0_.docno as docno2_43_0_, serialnumb0_.docty as docty3_43_0_, serialnumb0_.docsq as docsq4_43_0_, serialnumb0_.buid as buid5_43_0_, serialnumb0_.inum as inum6_43_0_, serialnumb0_.snlot as snlot7_43_0_, lotmaster1_.ltbuid as ltbuid1_34_1_, lotmaster1_.ltinum as ltinum2_34_1_, lotmaster1_.ltsnlot as ltsnlot3_34_1_, lotmaster1_.ltcid as ltcid4_34_1_, lotmaster1_.ltdtin as ltdtin5_34_1_, lotmaster1_.lttmin as lttmin6_34_1_, lotmaster1_.ltuid as ltuid7_34_1_, lotmaster1_.ltdtlu as ltdtlu8_34_1_, lotmaster1_.lttmlu as lttmlu9_34_1_, lotmaster1_.ltuidm as ltuidm10_34_1_, lotmaster1_.ltbodt as ltbodt11_34_1_, lotmaster1_.ltbbdt as ltbbdt12_34_1_, lotmaster1_.ltcldt as ltcldt13_34_1_, lotmaster1_.ltexpdt as ltexpdt14_34_1_, lotmaster1_.ltldsc as ltldsc15_34_1_, lotmaster1_.ltledt as ltledt16_34_1_, lotmaster1_.ltlsc as ltlsc17_34_1_, lotmaster1_.ltmlot1 as ltmlot18_34_1_, lotmaster1_.ltmlot2 as ltmlot19_34_1_, lotmaster1_.ltmlot3 as ltmlot20_34_1_, lotmaster1_.ltohdt as ltohdt21_34_1_, lotmaster1_.ltsern as ltsern22_34_1_ from transaction_serialnumbers serialnumb0_ inner join t4108 lotmaster1_ on serialnumb0_.buid=lotmaster1_.ltbuid and serialnumb0_.inum=lotmaster1_.ltinum and serialnumb0_.snlot=lotmaster1_.ltsnlot where serialnumb0_.coid=? and serialnumb0_.docno=? and serialnumb0_.docty=? and serialnumb0_.docsq=?
Hibernate: select purchasere0_.ovcoid as ovcoid1_41_, purchasere0_.ovdocno as ovdocno2_41_, purchasere0_.ovdocty as ovdocty3_41_, purchasere0_.ovdocsq as ovdocsq4_41_, purchasere0_.ovcid as ovcid5_41_, purchasere0_.ovdtin as ovdtin6_41_, purchasere0_.ovtmin as ovtmin7_41_, purchasere0_.ovuid as ovuid8_41_, purchasere0_.ovdtlu as ovdtlu9_41_, purchasere0_.ovtmlu as ovtmlu10_41_, purchasere0_.ovuidm as ovuidm11_41_, purchasere0_.ovacid as ovacid12_41_, purchasere0_.ovcrcb as ovcrcb13_41_, purchasere0_.ovicu as ovicu14_41_, purchasere0_.ovicut as ovicut15_41_, purchasere0_.ovitc02 as ovitc16_41_, purchasere0_.ovbuid as ovbuid17_41_, purchasere0_.ovitc01 as ovitc18_41_, purchasere0_.ovcot as ovcot19_41_, purchasere0_.ovcnid as ovcnid20_41_, purchasere0_.ovcsdocdt as ovcsdoc21_41_, purchasere0_.ovcsdocno as ovcsdoc22_41_, purchasere0_.ovurtx as ovurtx23_41_, purchasere0_.ovdccd as ovdccd24_41_, purchasere0_.ovdcrt as ovdcrt25_41_, purchasere0_.ovdocdt as ovdocdt26_41_, purchasere0_.ovexcrt as ovexcrt27_41_, purchasere0_.ovexpdt as ovexpdt28_41_, purchasere0_.ovexcost as ovexcos29_41_, purchasere0_.ovfec as ovfec30_41_, purchasere0_.ovfta as ovfta31_41_, purchasere0_.ovftb as ovftb32_41_, purchasere0_.ovfuc as ovfuc33_41_, purchasere0_.ovglcls as ovglcls34_41_, purchasere0_.ovidd as ovidd35_41_, purchasere0_.ovidn as ovidn36_41_, purchasere0_.ovitt as ovitt37_41_, purchasere0_.ovdocidt as ovdocid38_41_, purchasere0_.ovdocino as ovdocin39_41_, purchasere0_.ovdocisq as ovdocis40_41_, purchasere0_.ovdocity as ovdocit41_41_, purchasere0_.ovinum as ovinum42_41_, purchasere0_.ovdesb1 as ovdesb43_41_, purchasere0_.ovlcrt as ovlcrt44_41_, purchasere0_.ovitc05 as ovitc45_41_, purchasere0_.ovlst as ovlst46_41_, purchasere0_.ovlvla as ovlvla47_41_, purchasere0_.ovlnty as ovlnty48_41_, purchasere0_.ovlocid as ovlocid49_41_, purchasere0_.ovmatc as ovmatc50_41_, purchasere0_.ovnst as ovnst51_41_, purchasere0_.ovobid as ovobid52_41_, purchasere0_.ovdocono as ovdocon53_41_, purchasere0_.ovdocosq as ovdocos54_41_, purchasere0_.ovdocoty as ovdocot55_41_, purchasere0_.ovordocno as ovordoc56_41_, purchasere0_.ovordocsq as ovordoc57_41_, purchasere0_.ovordocty as ovordoc58_41_, purchasere0_.ovptc as ovptc59_41_, purchasere0_.ovpoa as ovpoa60_41_, purchasere0_.ovpod as ovpod61_41_, purchasere0_.ovpqot as ovpqot62_41_, purchasere0_.ovuom1 as ovuom63_41_, purchasere0_.ovpjid as ovpjid64_41_, purchasere0_.ovpo03 as ovpo65_41_, purchasere0_.ovpo01 as ovpo66_41_, purchasere0_.ovpo02 as ovpo67_41_, purchasere0_.ovqty as ovqty68_41_, purchasere0_.ovrcdt as ovrcdt69_41_, purchasere0_.ovrecid as ovrecid70_41_, purchasere0_.ovvr04 as ovvr71_41_, purchasere0_.ovvr01 as ovvr72_41_, purchasere0_.ovvr03 as ovvr73_41_, purchasere0_.ovvr05 as ovvr74_41_, purchasere0_.ovvr02 as ovvr75_41_, purchasere0_.ovrtgc as ovrtgc76_41_, purchasere0_.ovsqot as ovsqot77_41_, purchasere0_.ovuom2 as ovuom78_41_, purchasere0_.ovsnlot as ovsnlot79_41_, purchasere0_.ovtaxal as ovtaxal80_41_, purchasere0_.ovtaxam as ovtaxam81_41_, purchasere0_.ovtaxab as ovtaxab82_41_, purchasere0_.ovtaxcd as ovtaxcd83_41_, purchasere0_.ovtaxidt as ovtaxid84_41_, purchasere0_.ovtaxino as ovtaxin85_41_, purchasere0_.ovtaxrt as ovtaxrt86_41_, purchasere0_.ovcrct as ovcrct87_41_, purchasere0_.ovitc03 as ovitc88_41_, purchasere0_.ovucf as ovucf89_41_, purchasere0_.ovuncost as ovuncos90_41_, purchasere0_.ovudc as ovudc91_41_, purchasere0_.ovudf as ovudf92_41_, purchasere0_.ovuom as ovuom93_41_, purchasere0_.ovvnid as ovvnid94_41_, purchasere0_.ovinvdt as ovinvdt95_41_, purchasere0_.ovinvno as ovinvno96_41_ from t4312 purchasere0_ where purchasere0_.ovcoid=? and purchasere0_.ovdocno=? and purchasere0_.ovdocty=?
2018-12-27 11:25:53.263  INFO 2120 --- [    Test worker] o.s.t.c.transaction.TransactionContext   : Rolled back transaction for test: [DefaultTestContext@4cd7a432 testClass = PurchaseReceiptApiTest, testInstance = ags.goldenlionerp.apiTests.purchase.PurchaseReceiptApiTest@246712fa, testMethod = createTestWithPost@ApiTestBase, testException = [null], mergedContextConfiguration = [WebMergedContextConfiguration@6aa9a5ba testClass = PurchaseReceiptApiTest, locations = '{}', classes = '{class ags.goldenlionerp.GoldenLionErpApplication}', contextInitializerClasses = '[]', activeProfiles = '{}', propertySourceLocations = '{classpath:test.properties}', propertySourceProperties = '{org.springframework.boot.test.context.SpringBootTestContextBootstrapper=true}', contextCustomizers = set[org.springframework.boot.test.autoconfigure.properties.PropertyMappingContextCustomizer@0, org.springframework.boot.test.autoconfigure.web.servlet.WebDriverContextCustomizerFactory$Customizer@636d731e, [ImportsContextCustomizer@6f6d8820 key = [ags.goldenlionerp.apiTests.ApiTestBase$TestConfig]], org.springframework.boot.test.context.filter.ExcludeFilterContextCustomizer@6afa5291, org.springframework.boot.test.json.DuplicateJsonObjectContextCustomizerFactory$DuplicateJsonObjectContextCustomizer@20cebcb4, org.springframework.boot.test.mock.mockito.MockitoContextCustomizer@0, org.springframework.boot.test.web.client.TestRestTemplateContextCustomizer@49a32273], resourceBasePath = 'src/main/webapp', contextLoader = 'org.springframework.boot.test.context.SpringBootContextLoader', parent = [null]], attributes = map['org.springframework.test.context.web.ServletTestExecutionListener.activateListener' -> true, 'org.springframework.test.context.web.ServletTestExecutionListener.populatedRequestContextHolder' -> true, 'org.springframework.test.context.web.ServletTestExecutionListener.resetRequestContextHolder' -> true]]
]]></system-out>
  <system-err><![CDATA[]]></system-err>
</testsuite>
