<?xml version="1.0" encoding="UTF-8"?>
<testsuite name="ags.goldenlionerp.GoldenLionErpApplicationTests" tests="1" skipped="0" failures="0" errors="0" timestamp="2018-12-27T04:26:12" hostname="LAPTOP-FHFRCCL6" time="0.003">
  <properties/>
  <testcase name="contextLoads" classname="ags.goldenlionerp.GoldenLionErpApplicationTests" time="0.003"/>
  <system-out><![CDATA[2018-12-27 11:26:12.018  INFO 2120 --- [    Test worker] .b.t.c.SpringBootTestContextBootstrapper : Neither @ContextConfiguration nor @ContextHierarchy found for test class [ags.goldenlionerp.GoldenLionErpApplicationTests], using SpringBootContextLoader
2018-12-27 11:26:12.020  INFO 2120 --- [    Test worker] o.s.t.c.support.AbstractContextLoader    : Could not detect default resource locations for test class [ags.goldenlionerp.GoldenLionErpApplicationTests]: no resource found for suffixes {-context.xml, Context.groovy}.
2018-12-27 11:26:12.020  INFO 2120 --- [    Test worker] t.c.s.AnnotationConfigContextLoaderUtils : Could not detect default configuration classes for test class [ags.goldenlionerp.GoldenLionErpApplicationTests]: GoldenLionErpApplicationTests does not declare any static, non-private, non-final, nested classes annotated with @Configuration.
2018-12-27 11:26:12.032  INFO 2120 --- [    Test worker] .b.t.c.SpringBootTestContextBootstrapper : Found @SpringBootConfiguration ags.goldenlionerp.GoldenLionErpApplication for test class ags.goldenlionerp.GoldenLionErpApplicationTests
2018-12-27 11:26:12.035  INFO 2120 --- [    Test worker] .b.t.c.SpringBootTestContextBootstrapper : Loaded default TestExecutionListener class names from location [META-INF/spring.factories]: [org.springframework.security.test.context.support.WithSecurityContextTestExecutionListener, org.springframework.security.test.context.support.ReactorContextTestExecutionListener, org.springframework.boot.test.autoconfigure.restdocs.RestDocsTestExecutionListener, org.springframework.boot.test.autoconfigure.web.client.MockRestServiceServerResetTestExecutionListener, org.springframework.boot.test.autoconfigure.web.servlet.MockMvcPrintOnlyOnFailureTestExecutionListener, org.springframework.boot.test.autoconfigure.web.servlet.WebDriverTestExecutionListener, org.springframework.boot.test.mock.mockito.MockitoTestExecutionListener, org.springframework.boot.test.mock.mockito.ResetMocksTestExecutionListener, org.springframework.test.context.web.ServletTestExecutionListener, org.springframework.test.context.support.DirtiesContextBeforeModesTestExecutionListener, org.springframework.test.context.support.DependencyInjectionTestExecutionListener, org.springframework.test.context.support.DirtiesContextTestExecutionListener, org.springframework.test.context.transaction.TransactionalTestExecutionListener, org.springframework.test.context.jdbc.SqlScriptsTestExecutionListener]
2018-12-27 11:26:12.037  INFO 2120 --- [    Test worker] .b.t.c.SpringBootTestContextBootstrapper : Using TestExecutionListeners: [org.springframework.test.context.web.ServletTestExecutionListener@16d63146, org.springframework.test.context.support.DirtiesContextBeforeModesTestExecutionListener@53c4c62d, org.springframework.boot.test.mock.mockito.MockitoTestExecutionListener@1ae3b267, org.springframework.boot.test.autoconfigure.SpringBootDependencyInjectionTestExecutionListener@7ba958d3, org.springframework.test.context.support.DirtiesContextTestExecutionListener@5c521ae1, org.springframework.test.context.transaction.TransactionalTestExecutionListener@29d24ae8, org.springframework.test.context.jdbc.SqlScriptsTestExecutionListener@2ea5b53f, org.springframework.security.test.context.support.WithSecurityContextTestExecutionListener@1f7b1ff8, org.springframework.security.test.context.support.ReactorContextTestExecutionListener@53329be4, org.springframework.boot.test.autoconfigure.restdocs.RestDocsTestExecutionListener@680c1e60, org.springframework.boot.test.autoconfigure.web.client.MockRestServiceServerResetTestExecutionListener@6b034213, org.springframework.boot.test.autoconfigure.web.servlet.MockMvcPrintOnlyOnFailureTestExecutionListener@2cc00454, org.springframework.boot.test.autoconfigure.web.servlet.WebDriverTestExecutionListener@6bea4793, org.springframework.boot.test.mock.mockito.ResetMocksTestExecutionListener@639dab90]
]]></system-out>
  <system-err><![CDATA[]]></system-err>
</testsuite>
