<?xml version="1.0" encoding="UTF-8"?>
<testsuite name="ags.goldenlionerp.GoldenLionErpApplicationTests" tests="1" skipped="0" failures="0" errors="0" timestamp="2018-12-14T10:36:06" hostname="LAPTOP-FHFRCCL6" time="0.001">
  <properties/>
  <testcase name="contextLoads" classname="ags.goldenlionerp.GoldenLionErpApplicationTests" time="0.001"/>
  <system-out><![CDATA[2018-12-14 17:36:06.157  INFO 9212 --- [    Test worker] .b.t.c.SpringBootTestContextBootstrapper : Neither @ContextConfiguration nor @ContextHierarchy found for test class [ags.goldenlionerp.GoldenLionErpApplicationTests], using SpringBootContextLoader
2018-12-14 17:36:06.157  INFO 9212 --- [    Test worker] o.s.t.c.support.AbstractContextLoader    : Could not detect default resource locations for test class [ags.goldenlionerp.GoldenLionErpApplicationTests]: no resource found for suffixes {-context.xml, Context.groovy}.
2018-12-14 17:36:06.157  INFO 9212 --- [    Test worker] t.c.s.AnnotationConfigContextLoaderUtils : Could not detect default configuration classes for test class [ags.goldenlionerp.GoldenLionErpApplicationTests]: GoldenLionErpApplicationTests does not declare any static, non-private, non-final, nested classes annotated with @Configuration.
2018-12-14 17:36:06.157  INFO 9212 --- [    Test worker] .b.t.c.SpringBootTestContextBootstrapper : Found @SpringBootConfiguration ags.goldenlionerp.GoldenLionErpApplication for test class ags.goldenlionerp.GoldenLionErpApplicationTests
2018-12-14 17:36:06.157  INFO 9212 --- [    Test worker] .b.t.c.SpringBootTestContextBootstrapper : Loaded default TestExecutionListener class names from location [META-INF/spring.factories]: [org.springframework.security.test.context.support.WithSecurityContextTestExecutionListener, org.springframework.security.test.context.support.ReactorContextTestExecutionListener, org.springframework.boot.test.autoconfigure.restdocs.RestDocsTestExecutionListener, org.springframework.boot.test.autoconfigure.web.client.MockRestServiceServerResetTestExecutionListener, org.springframework.boot.test.autoconfigure.web.servlet.MockMvcPrintOnlyOnFailureTestExecutionListener, org.springframework.boot.test.autoconfigure.web.servlet.WebDriverTestExecutionListener, org.springframework.boot.test.mock.mockito.MockitoTestExecutionListener, org.springframework.boot.test.mock.mockito.ResetMocksTestExecutionListener, org.springframework.test.context.web.ServletTestExecutionListener, org.springframework.test.context.support.DirtiesContextBeforeModesTestExecutionListener, org.springframework.test.context.support.DependencyInjectionTestExecutionListener, org.springframework.test.context.support.DirtiesContextTestExecutionListener, org.springframework.test.context.transaction.TransactionalTestExecutionListener, org.springframework.test.context.jdbc.SqlScriptsTestExecutionListener]
2018-12-14 17:36:06.157  INFO 9212 --- [    Test worker] .b.t.c.SpringBootTestContextBootstrapper : Using TestExecutionListeners: [org.springframework.test.context.web.ServletTestExecutionListener@58b7db4, org.springframework.test.context.support.DirtiesContextBeforeModesTestExecutionListener@38eb6948, org.springframework.boot.test.mock.mockito.MockitoTestExecutionListener@3eb6217d, org.springframework.boot.test.autoconfigure.SpringBootDependencyInjectionTestExecutionListener@d3eadc0, org.springframework.test.context.support.DirtiesContextTestExecutionListener@5386170e, org.springframework.test.context.transaction.TransactionalTestExecutionListener@30c4851f, org.springframework.test.context.jdbc.SqlScriptsTestExecutionListener@3ff6f7b3, org.springframework.security.test.context.support.WithSecurityContextTestExecutionListener@475e1d20, org.springframework.security.test.context.support.ReactorContextTestExecutionListener@24834ca2, org.springframework.boot.test.autoconfigure.restdocs.RestDocsTestExecutionListener@307bc950, org.springframework.boot.test.autoconfigure.web.client.MockRestServiceServerResetTestExecutionListener@3838fb83, org.springframework.boot.test.autoconfigure.web.servlet.MockMvcPrintOnlyOnFailureTestExecutionListener@f3846b9, org.springframework.boot.test.autoconfigure.web.servlet.WebDriverTestExecutionListener@3160fda0, org.springframework.boot.test.mock.mockito.ResetMocksTestExecutionListener@5f3f9395]
]]></system-out>
  <system-err><![CDATA[]]></system-err>
</testsuite>
