<?xml version="1.0" encoding="UTF-8"?>
<testsuite name="ags.goldenlionerp.apiTests.accounting.JournalEntryApiTest" tests="8" skipped="0" failures="0" errors="0" timestamp="2018-12-14T10:35:15" hostname="LAPTOP-FHFRCCL6" time="0.599">
  <properties/>
  <testcase name="updateTestWithPost" classname="ags.goldenlionerp.apiTests.accounting.JournalEntryApiTest" time="0.254"/>
  <testcase name="updateTestWithPatch" classname="ags.goldenlionerp.apiTests.accounting.JournalEntryApiTest" time="0.016"/>
  <testcase name="deleteTest" classname="ags.goldenlionerp.apiTests.accounting.JournalEntryApiTest" time="0.174"/>
  <testcase name="updateTestWithPut" classname="ags.goldenlionerp.apiTests.accounting.JournalEntryApiTest" time="0.037"/>
  <testcase name="getTestSingle" classname="ags.goldenlionerp.apiTests.accounting.JournalEntryApiTest" time="0.064"/>
  <testcase name="getTestCollection" classname="ags.goldenlionerp.apiTests.accounting.JournalEntryApiTest" time="0.011"/>
  <testcase name="createTestWithPut" classname="ags.goldenlionerp.apiTests.accounting.JournalEntryApiTest" time="0.021"/>
  <testcase name="createTestWithPost" classname="ags.goldenlionerp.apiTests.accounting.JournalEntryApiTest" time="0.014"/>
  <system-out><![CDATA[2018-12-14 17:35:14.980  INFO 9212 --- [    Test worker] .b.t.c.SpringBootTestContextBootstrapper : Neither @ContextConfiguration nor @ContextHierarchy found for test class [ags.goldenlionerp.apiTests.accounting.JournalEntryApiTest], using SpringBootContextLoader
2018-12-14 17:35:14.980  INFO 9212 --- [    Test worker] o.s.t.c.support.AbstractContextLoader    : Could not detect default resource locations for test class [ags.goldenlionerp.apiTests.accounting.JournalEntryApiTest]: no resource found for suffixes {-context.xml, Context.groovy}.
2018-12-14 17:35:14.980  INFO 9212 --- [    Test worker] t.c.s.AnnotationConfigContextLoaderUtils : Could not detect default configuration classes for test class [ags.goldenlionerp.apiTests.accounting.JournalEntryApiTest]: JournalEntryApiTest does not declare any static, non-private, non-final, nested classes annotated with @Configuration.
2018-12-14 17:35:14.996  INFO 9212 --- [    Test worker] .b.t.c.SpringBootTestContextBootstrapper : Found @SpringBootConfiguration ags.goldenlionerp.GoldenLionErpApplication for test class ags.goldenlionerp.apiTests.accounting.JournalEntryApiTest
2018-12-14 17:35:14.996  INFO 9212 --- [    Test worker] .b.t.c.SpringBootTestContextBootstrapper : Loaded default TestExecutionListener class names from location [META-INF/spring.factories]: [org.springframework.security.test.context.support.WithSecurityContextTestExecutionListener, org.springframework.security.test.context.support.ReactorContextTestExecutionListener, org.springframework.boot.test.autoconfigure.restdocs.RestDocsTestExecutionListener, org.springframework.boot.test.autoconfigure.web.client.MockRestServiceServerResetTestExecutionListener, org.springframework.boot.test.autoconfigure.web.servlet.MockMvcPrintOnlyOnFailureTestExecutionListener, org.springframework.boot.test.autoconfigure.web.servlet.WebDriverTestExecutionListener, org.springframework.boot.test.mock.mockito.MockitoTestExecutionListener, org.springframework.boot.test.mock.mockito.ResetMocksTestExecutionListener, org.springframework.test.context.web.ServletTestExecutionListener, org.springframework.test.context.support.DirtiesContextBeforeModesTestExecutionListener, org.springframework.test.context.support.DependencyInjectionTestExecutionListener, org.springframework.test.context.support.DirtiesContextTestExecutionListener, org.springframework.test.context.transaction.TransactionalTestExecutionListener, org.springframework.test.context.jdbc.SqlScriptsTestExecutionListener]
2018-12-14 17:35:14.996  INFO 9212 --- [    Test worker] .b.t.c.SpringBootTestContextBootstrapper : Using TestExecutionListeners: [org.springframework.test.context.web.ServletTestExecutionListener@509f6a72, org.springframework.test.context.support.DirtiesContextBeforeModesTestExecutionListener@36d82965, org.springframework.boot.test.mock.mockito.MockitoTestExecutionListener@7564141f, org.springframework.boot.test.autoconfigure.SpringBootDependencyInjectionTestExecutionListener@38a06e4c, org.springframework.test.context.support.DirtiesContextTestExecutionListener@13c75fd0, org.springframework.test.context.transaction.TransactionalTestExecutionListener@6423dfcc, org.springframework.test.context.jdbc.SqlScriptsTestExecutionListener@3132ebbb, org.springframework.security.test.context.support.WithSecurityContextTestExecutionListener@adb31df, org.springframework.security.test.context.support.ReactorContextTestExecutionListener@234bd68b, org.springframework.boot.test.autoconfigure.restdocs.RestDocsTestExecutionListener@596ca091, org.springframework.boot.test.autoconfigure.web.client.MockRestServiceServerResetTestExecutionListener@7fa5f734, org.springframework.boot.test.autoconfigure.web.servlet.MockMvcPrintOnlyOnFailureTestExecutionListener@2c2374d6, org.springframework.boot.test.autoconfigure.web.servlet.WebDriverTestExecutionListener@51210057, org.springframework.boot.test.mock.mockito.ResetMocksTestExecutionListener@6d755aca]
2018-12-14 17:35:15.011  INFO 9212 --- [    Test worker] o.s.t.c.transaction.TransactionContext   : Began transaction (1) for test context [DefaultTestContext@532ca584 testClass = JournalEntryApiTest, testInstance = ags.goldenlionerp.apiTests.accounting.JournalEntryApiTest@7e58f266, testMethod = updateTestWithPost@JournalEntryApiTest, testException = [null], mergedContextConfiguration = [WebMergedContextConfiguration@73440805 testClass = JournalEntryApiTest, locations = '{}', classes = '{class ags.goldenlionerp.GoldenLionErpApplication}', contextInitializerClasses = '[]', activeProfiles = '{}', propertySourceLocations = '{classpath:test.properties}', propertySourceProperties = '{org.springframework.boot.test.context.SpringBootTestContextBootstrapper=true}', contextCustomizers = set[org.springframework.boot.test.autoconfigure.properties.PropertyMappingContextCustomizer@0, org.springframework.boot.test.autoconfigure.web.servlet.WebDriverContextCustomizerFactory$Customizer@636d731e, [ImportsContextCustomizer@4573e448 key = [ags.goldenlionerp.apiTests.ApiTestBase$TestConfig]], org.springframework.boot.test.context.filter.ExcludeFilterContextCustomizer@6afa5291, org.springframework.boot.test.json.DuplicateJsonObjectContextCustomizerFactory$DuplicateJsonObjectContextCustomizer@20cebcb4, org.springframework.boot.test.mock.mockito.MockitoContextCustomizer@0, org.springframework.boot.test.web.client.TestRestTemplateContextCustomizer@49a32273], resourceBasePath = 'src/main/webapp', contextLoader = 'org.springframework.boot.test.context.SpringBootContextLoader', parent = [null]], attributes = map['org.springframework.test.context.web.ServletTestExecutionListener.activateListener' -> true, 'org.springframework.test.context.web.ServletTestExecutionListener.populatedRequestContextHolder' -> true, 'org.springframework.test.context.web.ServletTestExecutionListener.resetRequestContextHolder' -> true]]; transaction manager [org.springframework.orm.jpa.JpaTransactionManager@76f112e2]; rollback [true]
2018-12-14 17:35:15.027  INFO 9212 --- [    Test worker] o.s.b.t.m.w.SpringBootMockServletContext : Initializing Spring FrameworkServlet ''
2018-12-14 17:35:15.027  INFO 9212 --- [    Test worker] o.s.t.web.servlet.TestDispatcherServlet  : FrameworkServlet '': initialization started
2018-12-14 17:35:15.027  INFO 9212 --- [    Test worker] o.s.t.web.servlet.TestDispatcherServlet  : FrameworkServlet '': initialization completed in 0 ms
Hibernate: select accounting0_.alcoid as alcoid1_27_, accounting0_.aldocno as aldocno2_27_, accounting0_.aldocsq as aldocsq3_27_, accounting0_.aldocty as aldocty4_27_, accounting0_.allt as allt5_27_, accounting0_.alcid as alcid6_27_, accounting0_.aldtin as aldtin7_27_, accounting0_.altmin as altmin8_27_, accounting0_.aluid as aluid9_27_, accounting0_.aldtlu as aldtlu10_27_, accounting0_.altmlu as altmlu11_27_, accounting0_.aluidm as aluidm12_27_, accounting0_.aldesb1 as aldesb13_27_, accounting0_.alacid as alacid14_27_, accounting0_.alamnt as alamnt15_27_, accounting0_.alasid as alasid16_27_, accounting0_.alcrcb as alcrcb17_27_, accounting0_.alicu as alicu18_27_, accounting0_.alicut as alicut19_27_, accounting0_.alanum as alanum20_27_, accounting0_.albuid as albuid21_27_, accounting0_.alcfty as alcfty22_27_, accounting0_.alcap as alcap23_27_, accounting0_.alcfy as alcfy24_27_, accounting0_.aldlna as aldlna25_27_, accounting0_.aldesb2 as aldesb26_27_, accounting0_.aldocdt as aldocdt27_27_, accounting0_.aldoft as aldoft28_27_, accounting0_.alexcrt as alexcrt29_27_, accounting0_.alglf01 as alglf30_27_, accounting0_.alglf02 as alglf31_27_, accounting0_.alglf03 as alglf32_27_, accounting0_.alglf04 as alglf33_27_, accounting0_.alglf05 as alglf34_27_, accounting0_.alglf06 as alglf35_27_, accounting0_.alglf07 as alglf36_27_, accounting0_.alglf08 as alglf37_27_, accounting0_.alglf09 as alglf38_27_, accounting0_.alglf10 as alglf39_27_, accounting0_.algldt as algldt40_27_, accounting0_.alipst as alipst41_27_, accounting0_.alinum as alinum42_27_, accounting0_.alobj as alobj43_27_, accounting0_.alobid as alobid44_27_, accounting0_.alordocno as alordoc45_27_, accounting0_.alordocsq as alordoc46_27_, accounting0_.alordocty as alordoc47_27_, accounting0_.alposted as alposte48_27_, accounting0_.alqty as alqty49_27_, accounting0_.alrecc as alrecc50_27_, accounting0_.alrecid as alrecid51_27_, accounting0_.alsubl as alsubl52_27_, accounting0_.alsublt as alsublt53_27_, accounting0_.alsub as alsub54_27_, accounting0_.alcrct as alcrct55_27_, accounting0_.aluom as aluom56_27_, accounting0_.aldvs as aldvs57_27_ from t0911 accounting0_ where accounting0_.alcoid=? and accounting0_.aldocno=? and accounting0_.aldocty=? and accounting0_.allt=?
Hibernate: select accounting0_.alcoid as alcoid1_27_, accounting0_.aldocno as aldocno2_27_, accounting0_.aldocsq as aldocsq3_27_, accounting0_.aldocty as aldocty4_27_, accounting0_.allt as allt5_27_, accounting0_.alcid as alcid6_27_, accounting0_.aldtin as aldtin7_27_, accounting0_.altmin as altmin8_27_, accounting0_.aluid as aluid9_27_, accounting0_.aldtlu as aldtlu10_27_, accounting0_.altmlu as altmlu11_27_, accounting0_.aluidm as aluidm12_27_, accounting0_.aldesb1 as aldesb13_27_, accounting0_.alacid as alacid14_27_, accounting0_.alamnt as alamnt15_27_, accounting0_.alasid as alasid16_27_, accounting0_.alcrcb as alcrcb17_27_, accounting0_.alicu as alicu18_27_, accounting0_.alicut as alicut19_27_, accounting0_.alanum as alanum20_27_, accounting0_.albuid as albuid21_27_, accounting0_.alcfty as alcfty22_27_, accounting0_.alcap as alcap23_27_, accounting0_.alcfy as alcfy24_27_, accounting0_.aldlna as aldlna25_27_, accounting0_.aldesb2 as aldesb26_27_, accounting0_.aldocdt as aldocdt27_27_, accounting0_.aldoft as aldoft28_27_, accounting0_.alexcrt as alexcrt29_27_, accounting0_.alglf01 as alglf30_27_, accounting0_.alglf02 as alglf31_27_, accounting0_.alglf03 as alglf32_27_, accounting0_.alglf04 as alglf33_27_, accounting0_.alglf05 as alglf34_27_, accounting0_.alglf06 as alglf35_27_, accounting0_.alglf07 as alglf36_27_, accounting0_.alglf08 as alglf37_27_, accounting0_.alglf09 as alglf38_27_, accounting0_.alglf10 as alglf39_27_, accounting0_.algldt as algldt40_27_, accounting0_.alipst as alipst41_27_, accounting0_.alinum as alinum42_27_, accounting0_.alobj as alobj43_27_, accounting0_.alobid as alobid44_27_, accounting0_.alordocno as alordoc45_27_, accounting0_.alordocsq as alordoc46_27_, accounting0_.alordocty as alordoc47_27_, accounting0_.alposted as alposte48_27_, accounting0_.alqty as alqty49_27_, accounting0_.alrecc as alrecc50_27_, accounting0_.alrecid as alrecid51_27_, accounting0_.alsubl as alsubl52_27_, accounting0_.alsublt as alsublt53_27_, accounting0_.alsub as alsub54_27_, accounting0_.alcrct as alcrct55_27_, accounting0_.aluom as aluom56_27_, accounting0_.aldvs as aldvs57_27_ from t0911 accounting0_ where accounting0_.alcoid=? and accounting0_.aldocno=? and accounting0_.aldocty=? and accounting0_.allt=?
2018-12-14 17:35:15.267  INFO 9212 --- [    Test worker] o.s.t.c.transaction.TransactionContext   : Rolled back transaction for test: [DefaultTestContext@532ca584 testClass = JournalEntryApiTest, testInstance = ags.goldenlionerp.apiTests.accounting.JournalEntryApiTest@7e58f266, testMethod = updateTestWithPost@JournalEntryApiTest, testException = [null], mergedContextConfiguration = [WebMergedContextConfiguration@73440805 testClass = JournalEntryApiTest, locations = '{}', classes = '{class ags.goldenlionerp.GoldenLionErpApplication}', contextInitializerClasses = '[]', activeProfiles = '{}', propertySourceLocations = '{classpath:test.properties}', propertySourceProperties = '{org.springframework.boot.test.context.SpringBootTestContextBootstrapper=true}', contextCustomizers = set[org.springframework.boot.test.autoconfigure.properties.PropertyMappingContextCustomizer@0, org.springframework.boot.test.autoconfigure.web.servlet.WebDriverContextCustomizerFactory$Customizer@636d731e, [ImportsContextCustomizer@4573e448 key = [ags.goldenlionerp.apiTests.ApiTestBase$TestConfig]], org.springframework.boot.test.context.filter.ExcludeFilterContextCustomizer@6afa5291, org.springframework.boot.test.json.DuplicateJsonObjectContextCustomizerFactory$DuplicateJsonObjectContextCustomizer@20cebcb4, org.springframework.boot.test.mock.mockito.MockitoContextCustomizer@0, org.springframework.boot.test.web.client.TestRestTemplateContextCustomizer@49a32273], resourceBasePath = 'src/main/webapp', contextLoader = 'org.springframework.boot.test.context.SpringBootContextLoader', parent = [null]], attributes = map['org.springframework.test.context.web.ServletTestExecutionListener.activateListener' -> true, 'org.springframework.test.context.web.ServletTestExecutionListener.populatedRequestContextHolder' -> true, 'org.springframework.test.context.web.ServletTestExecutionListener.resetRequestContextHolder' -> true]]
2018-12-14 17:35:15.267  INFO 9212 --- [    Test worker] o.s.t.c.transaction.TransactionContext   : Began transaction (1) for test context [DefaultTestContext@532ca584 testClass = JournalEntryApiTest, testInstance = ags.goldenlionerp.apiTests.accounting.JournalEntryApiTest@1c358512, testMethod = updateTestWithPatch@JournalEntryApiTest, testException = [null], mergedContextConfiguration = [WebMergedContextConfiguration@73440805 testClass = JournalEntryApiTest, locations = '{}', classes = '{class ags.goldenlionerp.GoldenLionErpApplication}', contextInitializerClasses = '[]', activeProfiles = '{}', propertySourceLocations = '{classpath:test.properties}', propertySourceProperties = '{org.springframework.boot.test.context.SpringBootTestContextBootstrapper=true}', contextCustomizers = set[org.springframework.boot.test.autoconfigure.properties.PropertyMappingContextCustomizer@0, org.springframework.boot.test.autoconfigure.web.servlet.WebDriverContextCustomizerFactory$Customizer@636d731e, [ImportsContextCustomizer@4573e448 key = [ags.goldenlionerp.apiTests.ApiTestBase$TestConfig]], org.springframework.boot.test.context.filter.ExcludeFilterContextCustomizer@6afa5291, org.springframework.boot.test.json.DuplicateJsonObjectContextCustomizerFactory$DuplicateJsonObjectContextCustomizer@20cebcb4, org.springframework.boot.test.mock.mockito.MockitoContextCustomizer@0, org.springframework.boot.test.web.client.TestRestTemplateContextCustomizer@49a32273], resourceBasePath = 'src/main/webapp', contextLoader = 'org.springframework.boot.test.context.SpringBootContextLoader', parent = [null]], attributes = map['org.springframework.test.context.web.ServletTestExecutionListener.activateListener' -> true, 'org.springframework.test.context.web.ServletTestExecutionListener.populatedRequestContextHolder' -> true, 'org.springframework.test.context.web.ServletTestExecutionListener.resetRequestContextHolder' -> true]]; transaction manager [org.springframework.orm.jpa.JpaTransactionManager@76f112e2]; rollback [true]
2018-12-14 17:35:15.267  INFO 9212 --- [    Test worker] o.s.b.t.m.w.SpringBootMockServletContext : Initializing Spring FrameworkServlet ''
2018-12-14 17:35:15.267  INFO 9212 --- [    Test worker] o.s.t.web.servlet.TestDispatcherServlet  : FrameworkServlet '': initialization started
2018-12-14 17:35:15.282  INFO 9212 --- [    Test worker] o.s.t.web.servlet.TestDispatcherServlet  : FrameworkServlet '': initialization completed in 15 ms
2018-12-14 17:35:15.282  INFO 9212 --- [    Test worker] o.s.t.c.transaction.TransactionContext   : Rolled back transaction for test: [DefaultTestContext@532ca584 testClass = JournalEntryApiTest, testInstance = ags.goldenlionerp.apiTests.accounting.JournalEntryApiTest@1c358512, testMethod = updateTestWithPatch@JournalEntryApiTest, testException = [null], mergedContextConfiguration = [WebMergedContextConfiguration@73440805 testClass = JournalEntryApiTest, locations = '{}', classes = '{class ags.goldenlionerp.GoldenLionErpApplication}', contextInitializerClasses = '[]', activeProfiles = '{}', propertySourceLocations = '{classpath:test.properties}', propertySourceProperties = '{org.springframework.boot.test.context.SpringBootTestContextBootstrapper=true}', contextCustomizers = set[org.springframework.boot.test.autoconfigure.properties.PropertyMappingContextCustomizer@0, org.springframework.boot.test.autoconfigure.web.servlet.WebDriverContextCustomizerFactory$Customizer@636d731e, [ImportsContextCustomizer@4573e448 key = [ags.goldenlionerp.apiTests.ApiTestBase$TestConfig]], org.springframework.boot.test.context.filter.ExcludeFilterContextCustomizer@6afa5291, org.springframework.boot.test.json.DuplicateJsonObjectContextCustomizerFactory$DuplicateJsonObjectContextCustomizer@20cebcb4, org.springframework.boot.test.mock.mockito.MockitoContextCustomizer@0, org.springframework.boot.test.web.client.TestRestTemplateContextCustomizer@49a32273], resourceBasePath = 'src/main/webapp', contextLoader = 'org.springframework.boot.test.context.SpringBootContextLoader', parent = [null]], attributes = map['org.springframework.test.context.web.ServletTestExecutionListener.activateListener' -> true, 'org.springframework.test.context.web.ServletTestExecutionListener.populatedRequestContextHolder' -> true, 'org.springframework.test.context.web.ServletTestExecutionListener.resetRequestContextHolder' -> true]]
2018-12-14 17:35:15.298  INFO 9212 --- [    Test worker] o.s.t.c.transaction.TransactionContext   : Began transaction (1) for test context [DefaultTestContext@532ca584 testClass = JournalEntryApiTest, testInstance = ags.goldenlionerp.apiTests.accounting.JournalEntryApiTest@6ab75ff1, testMethod = deleteTest@JournalEntryApiTest, testException = [null], mergedContextConfiguration = [WebMergedContextConfiguration@73440805 testClass = JournalEntryApiTest, locations = '{}', classes = '{class ags.goldenlionerp.GoldenLionErpApplication}', contextInitializerClasses = '[]', activeProfiles = '{}', propertySourceLocations = '{classpath:test.properties}', propertySourceProperties = '{org.springframework.boot.test.context.SpringBootTestContextBootstrapper=true}', contextCustomizers = set[org.springframework.boot.test.autoconfigure.properties.PropertyMappingContextCustomizer@0, org.springframework.boot.test.autoconfigure.web.servlet.WebDriverContextCustomizerFactory$Customizer@636d731e, [ImportsContextCustomizer@4573e448 key = [ags.goldenlionerp.apiTests.ApiTestBase$TestConfig]], org.springframework.boot.test.context.filter.ExcludeFilterContextCustomizer@6afa5291, org.springframework.boot.test.json.DuplicateJsonObjectContextCustomizerFactory$DuplicateJsonObjectContextCustomizer@20cebcb4, org.springframework.boot.test.mock.mockito.MockitoContextCustomizer@0, org.springframework.boot.test.web.client.TestRestTemplateContextCustomizer@49a32273], resourceBasePath = 'src/main/webapp', contextLoader = 'org.springframework.boot.test.context.SpringBootContextLoader', parent = [null]], attributes = map['org.springframework.test.context.web.ServletTestExecutionListener.activateListener' -> true, 'org.springframework.test.context.web.ServletTestExecutionListener.populatedRequestContextHolder' -> true, 'org.springframework.test.context.web.ServletTestExecutionListener.resetRequestContextHolder' -> true]]; transaction manager [org.springframework.orm.jpa.JpaTransactionManager@76f112e2]; rollback [true]
2018-12-14 17:35:15.298  INFO 9212 --- [    Test worker] o.s.b.t.m.w.SpringBootMockServletContext : Initializing Spring FrameworkServlet ''
2018-12-14 17:35:15.298  INFO 9212 --- [    Test worker] o.s.t.web.servlet.TestDispatcherServlet  : FrameworkServlet '': initialization started
2018-12-14 17:35:15.298  INFO 9212 --- [    Test worker] o.s.t.web.servlet.TestDispatcherServlet  : FrameworkServlet '': initialization completed in 0 ms
Hibernate: select accounting0_.alcoid as alcoid1_27_, accounting0_.aldocno as aldocno2_27_, accounting0_.aldocsq as aldocsq3_27_, accounting0_.aldocty as aldocty4_27_, accounting0_.allt as allt5_27_, accounting0_.alcid as alcid6_27_, accounting0_.aldtin as aldtin7_27_, accounting0_.altmin as altmin8_27_, accounting0_.aluid as aluid9_27_, accounting0_.aldtlu as aldtlu10_27_, accounting0_.altmlu as altmlu11_27_, accounting0_.aluidm as aluidm12_27_, accounting0_.aldesb1 as aldesb13_27_, accounting0_.alacid as alacid14_27_, accounting0_.alamnt as alamnt15_27_, accounting0_.alasid as alasid16_27_, accounting0_.alcrcb as alcrcb17_27_, accounting0_.alicu as alicu18_27_, accounting0_.alicut as alicut19_27_, accounting0_.alanum as alanum20_27_, accounting0_.albuid as albuid21_27_, accounting0_.alcfty as alcfty22_27_, accounting0_.alcap as alcap23_27_, accounting0_.alcfy as alcfy24_27_, accounting0_.aldlna as aldlna25_27_, accounting0_.aldesb2 as aldesb26_27_, accounting0_.aldocdt as aldocdt27_27_, accounting0_.aldoft as aldoft28_27_, accounting0_.alexcrt as alexcrt29_27_, accounting0_.alglf01 as alglf30_27_, accounting0_.alglf02 as alglf31_27_, accounting0_.alglf03 as alglf32_27_, accounting0_.alglf04 as alglf33_27_, accounting0_.alglf05 as alglf34_27_, accounting0_.alglf06 as alglf35_27_, accounting0_.alglf07 as alglf36_27_, accounting0_.alglf08 as alglf37_27_, accounting0_.alglf09 as alglf38_27_, accounting0_.alglf10 as alglf39_27_, accounting0_.algldt as algldt40_27_, accounting0_.alipst as alipst41_27_, accounting0_.alinum as alinum42_27_, accounting0_.alobj as alobj43_27_, accounting0_.alobid as alobid44_27_, accounting0_.alordocno as alordoc45_27_, accounting0_.alordocsq as alordoc46_27_, accounting0_.alordocty as alordoc47_27_, accounting0_.alposted as alposte48_27_, accounting0_.alqty as alqty49_27_, accounting0_.alrecc as alrecc50_27_, accounting0_.alrecid as alrecid51_27_, accounting0_.alsubl as alsubl52_27_, accounting0_.alsublt as alsublt53_27_, accounting0_.alsub as alsub54_27_, accounting0_.alcrct as alcrct55_27_, accounting0_.aluom as aluom56_27_, accounting0_.aldvs as aldvs57_27_ from t0911 accounting0_ where accounting0_.alcoid=? and accounting0_.aldocno=? and accounting0_.aldocty=? and accounting0_.allt=?
Hibernate: select accounting0_.alcoid as alcoid1_27_, accounting0_.aldocno as aldocno2_27_, accounting0_.aldocsq as aldocsq3_27_, accounting0_.aldocty as aldocty4_27_, accounting0_.allt as allt5_27_, accounting0_.alcid as alcid6_27_, accounting0_.aldtin as aldtin7_27_, accounting0_.altmin as altmin8_27_, accounting0_.aluid as aluid9_27_, accounting0_.aldtlu as aldtlu10_27_, accounting0_.altmlu as altmlu11_27_, accounting0_.aluidm as aluidm12_27_, accounting0_.aldesb1 as aldesb13_27_, accounting0_.alacid as alacid14_27_, accounting0_.alamnt as alamnt15_27_, accounting0_.alasid as alasid16_27_, accounting0_.alcrcb as alcrcb17_27_, accounting0_.alicu as alicu18_27_, accounting0_.alicut as alicut19_27_, accounting0_.alanum as alanum20_27_, accounting0_.albuid as albuid21_27_, accounting0_.alcfty as alcfty22_27_, accounting0_.alcap as alcap23_27_, accounting0_.alcfy as alcfy24_27_, accounting0_.aldlna as aldlna25_27_, accounting0_.aldesb2 as aldesb26_27_, accounting0_.aldocdt as aldocdt27_27_, accounting0_.aldoft as aldoft28_27_, accounting0_.alexcrt as alexcrt29_27_, accounting0_.alglf01 as alglf30_27_, accounting0_.alglf02 as alglf31_27_, accounting0_.alglf03 as alglf32_27_, accounting0_.alglf04 as alglf33_27_, accounting0_.alglf05 as alglf34_27_, accounting0_.alglf06 as alglf35_27_, accounting0_.alglf07 as alglf36_27_, accounting0_.alglf08 as alglf37_27_, accounting0_.alglf09 as alglf38_27_, accounting0_.alglf10 as alglf39_27_, accounting0_.algldt as algldt40_27_, accounting0_.alipst as alipst41_27_, accounting0_.alinum as alinum42_27_, accounting0_.alobj as alobj43_27_, accounting0_.alobid as alobid44_27_, accounting0_.alordocno as alordoc45_27_, accounting0_.alordocsq as alordoc46_27_, accounting0_.alordocty as alordoc47_27_, accounting0_.alposted as alposte48_27_, accounting0_.alqty as alqty49_27_, accounting0_.alrecc as alrecc50_27_, accounting0_.alrecid as alrecid51_27_, accounting0_.alsubl as alsubl52_27_, accounting0_.alsublt as alsublt53_27_, accounting0_.alsub as alsub54_27_, accounting0_.alcrct as alcrct55_27_, accounting0_.aluom as aluom56_27_, accounting0_.aldvs as aldvs57_27_ from t0911 accounting0_ where accounting0_.alcoid=? and accounting0_.aldocno=? and accounting0_.aldocty=? and accounting0_.allt=?
Hibernate: update t0911 set alcid=?, aldtlu=?, altmlu=?, aluidm=?, aldesb1=?, alacid=?, alamnt=?, alasid=?, alcrcb=?, alicu=?, alicut=?, alanum=?, albuid=?, alcfty=?, alcap=?, alcfy=?, aldlna=?, aldesb2=?, aldocdt=?, aldoft=?, alexcrt=?, alglf01=?, alglf02=?, alglf03=?, alglf04=?, alglf05=?, alglf06=?, alglf07=?, alglf08=?, alglf09=?, alglf10=?, algldt=?, alipst=?, alinum=?, alobj=?, alobid=?, alordocno=?, alordocsq=?, alordocty=?, alposted=?, alqty=?, alrecc=?, alrecid=?, alsubl=?, alsublt=?, alsub=?, alcrct=?, aluom=?, aldvs=? where alcoid=? and aldocno=? and aldocsq=? and aldocty=? and allt=?
Hibernate: update t0911 set alcid=?, aldtlu=?, altmlu=?, aluidm=?, aldesb1=?, alacid=?, alamnt=?, alasid=?, alcrcb=?, alicu=?, alicut=?, alanum=?, albuid=?, alcfty=?, alcap=?, alcfy=?, aldlna=?, aldesb2=?, aldocdt=?, aldoft=?, alexcrt=?, alglf01=?, alglf02=?, alglf03=?, alglf04=?, alglf05=?, alglf06=?, alglf07=?, alglf08=?, alglf09=?, alglf10=?, algldt=?, alipst=?, alinum=?, alobj=?, alobid=?, alordocno=?, alordocsq=?, alordocty=?, alposted=?, alqty=?, alrecc=?, alrecid=?, alsubl=?, alsublt=?, alsub=?, alcrct=?, aluom=?, aldvs=? where alcoid=? and aldocno=? and aldocsq=? and aldocty=? and allt=?
Hibernate: update t0911 set alcid=?, aldtlu=?, altmlu=?, aluidm=?, aldesb1=?, alacid=?, alamnt=?, alasid=?, alcrcb=?, alicu=?, alicut=?, alanum=?, albuid=?, alcfty=?, alcap=?, alcfy=?, aldlna=?, aldesb2=?, aldocdt=?, aldoft=?, alexcrt=?, alglf01=?, alglf02=?, alglf03=?, alglf04=?, alglf05=?, alglf06=?, alglf07=?, alglf08=?, alglf09=?, alglf10=?, algldt=?, alipst=?, alinum=?, alobj=?, alobid=?, alordocno=?, alordocsq=?, alordocty=?, alposted=?, alqty=?, alrecc=?, alrecid=?, alsubl=?, alsublt=?, alsub=?, alcrct=?, aluom=?, aldvs=? where alcoid=? and aldocno=? and aldocsq=? and aldocty=? and allt=?
Hibernate: select accounting0_.alcoid as alcoid1_27_, accounting0_.aldocno as aldocno2_27_, accounting0_.aldocsq as aldocsq3_27_, accounting0_.aldocty as aldocty4_27_, accounting0_.allt as allt5_27_, accounting0_.alcid as alcid6_27_, accounting0_.aldtin as aldtin7_27_, accounting0_.altmin as altmin8_27_, accounting0_.aluid as aluid9_27_, accounting0_.aldtlu as aldtlu10_27_, accounting0_.altmlu as altmlu11_27_, accounting0_.aluidm as aluidm12_27_, accounting0_.aldesb1 as aldesb13_27_, accounting0_.alacid as alacid14_27_, accounting0_.alamnt as alamnt15_27_, accounting0_.alasid as alasid16_27_, accounting0_.alcrcb as alcrcb17_27_, accounting0_.alicu as alicu18_27_, accounting0_.alicut as alicut19_27_, accounting0_.alanum as alanum20_27_, accounting0_.albuid as albuid21_27_, accounting0_.alcfty as alcfty22_27_, accounting0_.alcap as alcap23_27_, accounting0_.alcfy as alcfy24_27_, accounting0_.aldlna as aldlna25_27_, accounting0_.aldesb2 as aldesb26_27_, accounting0_.aldocdt as aldocdt27_27_, accounting0_.aldoft as aldoft28_27_, accounting0_.alexcrt as alexcrt29_27_, accounting0_.alglf01 as alglf30_27_, accounting0_.alglf02 as alglf31_27_, accounting0_.alglf03 as alglf32_27_, accounting0_.alglf04 as alglf33_27_, accounting0_.alglf05 as alglf34_27_, accounting0_.alglf06 as alglf35_27_, accounting0_.alglf07 as alglf36_27_, accounting0_.alglf08 as alglf37_27_, accounting0_.alglf09 as alglf38_27_, accounting0_.alglf10 as alglf39_27_, accounting0_.algldt as algldt40_27_, accounting0_.alipst as alipst41_27_, accounting0_.alinum as alinum42_27_, accounting0_.alobj as alobj43_27_, accounting0_.alobid as alobid44_27_, accounting0_.alordocno as alordoc45_27_, accounting0_.alordocsq as alordoc46_27_, accounting0_.alordocty as alordoc47_27_, accounting0_.alposted as alposte48_27_, accounting0_.alqty as alqty49_27_, accounting0_.alrecc as alrecc50_27_, accounting0_.alrecid as alrecid51_27_, accounting0_.alsubl as alsubl52_27_, accounting0_.alsublt as alsublt53_27_, accounting0_.alsub as alsub54_27_, accounting0_.alcrct as alcrct55_27_, accounting0_.aluom as aluom56_27_, accounting0_.aldvs as aldvs57_27_ from t0911 accounting0_ where accounting0_.alcoid=? and accounting0_.aldocno=? and accounting0_.aldocty=? and accounting0_.allt=?
Hibernate: select accounting0_.alcoid as alcoid1_27_, accounting0_.aldocno as aldocno2_27_, accounting0_.aldocsq as aldocsq3_27_, accounting0_.aldocty as aldocty4_27_, accounting0_.allt as allt5_27_, accounting0_.alcid as alcid6_27_, accounting0_.aldtin as aldtin7_27_, accounting0_.altmin as altmin8_27_, accounting0_.aluid as aluid9_27_, accounting0_.aldtlu as aldtlu10_27_, accounting0_.altmlu as altmlu11_27_, accounting0_.aluidm as aluidm12_27_, accounting0_.aldesb1 as aldesb13_27_, accounting0_.alacid as alacid14_27_, accounting0_.alamnt as alamnt15_27_, accounting0_.alasid as alasid16_27_, accounting0_.alcrcb as alcrcb17_27_, accounting0_.alicu as alicu18_27_, accounting0_.alicut as alicut19_27_, accounting0_.alanum as alanum20_27_, accounting0_.albuid as albuid21_27_, accounting0_.alcfty as alcfty22_27_, accounting0_.alcap as alcap23_27_, accounting0_.alcfy as alcfy24_27_, accounting0_.aldlna as aldlna25_27_, accounting0_.aldesb2 as aldesb26_27_, accounting0_.aldocdt as aldocdt27_27_, accounting0_.aldoft as aldoft28_27_, accounting0_.alexcrt as alexcrt29_27_, accounting0_.alglf01 as alglf30_27_, accounting0_.alglf02 as alglf31_27_, accounting0_.alglf03 as alglf32_27_, accounting0_.alglf04 as alglf33_27_, accounting0_.alglf05 as alglf34_27_, accounting0_.alglf06 as alglf35_27_, accounting0_.alglf07 as alglf36_27_, accounting0_.alglf08 as alglf37_27_, accounting0_.alglf09 as alglf38_27_, accounting0_.alglf10 as alglf39_27_, accounting0_.algldt as algldt40_27_, accounting0_.alipst as alipst41_27_, accounting0_.alinum as alinum42_27_, accounting0_.alobj as alobj43_27_, accounting0_.alobid as alobid44_27_, accounting0_.alordocno as alordoc45_27_, accounting0_.alordocsq as alordoc46_27_, accounting0_.alordocty as alordoc47_27_, accounting0_.alposted as alposte48_27_, accounting0_.alqty as alqty49_27_, accounting0_.alrecc as alrecc50_27_, accounting0_.alrecid as alrecid51_27_, accounting0_.alsubl as alsubl52_27_, accounting0_.alsublt as alsublt53_27_, accounting0_.alsub as alsub54_27_, accounting0_.alcrct as alcrct55_27_, accounting0_.aluom as aluom56_27_, accounting0_.aldvs as aldvs57_27_ from t0911 accounting0_ where accounting0_.alcoid=? and accounting0_.aldocno=? and accounting0_.aldocty=? and accounting0_.allt=?
Hibernate: select accounting0_.alcoid as alcoid1_27_, accounting0_.aldocno as aldocno2_27_, accounting0_.aldocsq as aldocsq3_27_, accounting0_.aldocty as aldocty4_27_, accounting0_.allt as allt5_27_, accounting0_.alcid as alcid6_27_, accounting0_.aldtin as aldtin7_27_, accounting0_.altmin as altmin8_27_, accounting0_.aluid as aluid9_27_, accounting0_.aldtlu as aldtlu10_27_, accounting0_.altmlu as altmlu11_27_, accounting0_.aluidm as aluidm12_27_, accounting0_.aldesb1 as aldesb13_27_, accounting0_.alacid as alacid14_27_, accounting0_.alamnt as alamnt15_27_, accounting0_.alasid as alasid16_27_, accounting0_.alcrcb as alcrcb17_27_, accounting0_.alicu as alicu18_27_, accounting0_.alicut as alicut19_27_, accounting0_.alanum as alanum20_27_, accounting0_.albuid as albuid21_27_, accounting0_.alcfty as alcfty22_27_, accounting0_.alcap as alcap23_27_, accounting0_.alcfy as alcfy24_27_, accounting0_.aldlna as aldlna25_27_, accounting0_.aldesb2 as aldesb26_27_, accounting0_.aldocdt as aldocdt27_27_, accounting0_.aldoft as aldoft28_27_, accounting0_.alexcrt as alexcrt29_27_, accounting0_.alglf01 as alglf30_27_, accounting0_.alglf02 as alglf31_27_, accounting0_.alglf03 as alglf32_27_, accounting0_.alglf04 as alglf33_27_, accounting0_.alglf05 as alglf34_27_, accounting0_.alglf06 as alglf35_27_, accounting0_.alglf07 as alglf36_27_, accounting0_.alglf08 as alglf37_27_, accounting0_.alglf09 as alglf38_27_, accounting0_.alglf10 as alglf39_27_, accounting0_.algldt as algldt40_27_, accounting0_.alipst as alipst41_27_, accounting0_.alinum as alinum42_27_, accounting0_.alobj as alobj43_27_, accounting0_.alobid as alobid44_27_, accounting0_.alordocno as alordoc45_27_, accounting0_.alordocsq as alordoc46_27_, accounting0_.alordocty as alordoc47_27_, accounting0_.alposted as alposte48_27_, accounting0_.alqty as alqty49_27_, accounting0_.alrecc as alrecc50_27_, accounting0_.alrecid as alrecid51_27_, accounting0_.alsubl as alsubl52_27_, accounting0_.alsublt as alsublt53_27_, accounting0_.alsub as alsub54_27_, accounting0_.alcrct as alcrct55_27_, accounting0_.aluom as aluom56_27_, accounting0_.aldvs as aldvs57_27_ from t0911 accounting0_ where accounting0_.alcoid=? and accounting0_.aldocno=? and accounting0_.aldocty=? and accounting0_.allt=?
2018-12-14 17:35:15.463  INFO 9212 --- [    Test worker] o.s.t.c.transaction.TransactionContext   : Rolled back transaction for test: [DefaultTestContext@532ca584 testClass = JournalEntryApiTest, testInstance = ags.goldenlionerp.apiTests.accounting.JournalEntryApiTest@6ab75ff1, testMethod = deleteTest@JournalEntryApiTest, testException = [null], mergedContextConfiguration = [WebMergedContextConfiguration@73440805 testClass = JournalEntryApiTest, locations = '{}', classes = '{class ags.goldenlionerp.GoldenLionErpApplication}', contextInitializerClasses = '[]', activeProfiles = '{}', propertySourceLocations = '{classpath:test.properties}', propertySourceProperties = '{org.springframework.boot.test.context.SpringBootTestContextBootstrapper=true}', contextCustomizers = set[org.springframework.boot.test.autoconfigure.properties.PropertyMappingContextCustomizer@0, org.springframework.boot.test.autoconfigure.web.servlet.WebDriverContextCustomizerFactory$Customizer@636d731e, [ImportsContextCustomizer@4573e448 key = [ags.goldenlionerp.apiTests.ApiTestBase$TestConfig]], org.springframework.boot.test.context.filter.ExcludeFilterContextCustomizer@6afa5291, org.springframework.boot.test.json.DuplicateJsonObjectContextCustomizerFactory$DuplicateJsonObjectContextCustomizer@20cebcb4, org.springframework.boot.test.mock.mockito.MockitoContextCustomizer@0, org.springframework.boot.test.web.client.TestRestTemplateContextCustomizer@49a32273], resourceBasePath = 'src/main/webapp', contextLoader = 'org.springframework.boot.test.context.SpringBootContextLoader', parent = [null]], attributes = map['org.springframework.test.context.web.ServletTestExecutionListener.activateListener' -> true, 'org.springframework.test.context.web.ServletTestExecutionListener.populatedRequestContextHolder' -> true, 'org.springframework.test.context.web.ServletTestExecutionListener.resetRequestContextHolder' -> true]]
2018-12-14 17:35:15.463  INFO 9212 --- [    Test worker] o.s.t.c.transaction.TransactionContext   : Began transaction (1) for test context [DefaultTestContext@532ca584 testClass = JournalEntryApiTest, testInstance = ags.goldenlionerp.apiTests.accounting.JournalEntryApiTest@73cc5448, testMethod = updateTestWithPut@ApiTestBase, testException = [null], mergedContextConfiguration = [WebMergedContextConfiguration@73440805 testClass = JournalEntryApiTest, locations = '{}', classes = '{class ags.goldenlionerp.GoldenLionErpApplication}', contextInitializerClasses = '[]', activeProfiles = '{}', propertySourceLocations = '{classpath:test.properties}', propertySourceProperties = '{org.springframework.boot.test.context.SpringBootTestContextBootstrapper=true}', contextCustomizers = set[org.springframework.boot.test.autoconfigure.properties.PropertyMappingContextCustomizer@0, org.springframework.boot.test.autoconfigure.web.servlet.WebDriverContextCustomizerFactory$Customizer@636d731e, [ImportsContextCustomizer@4573e448 key = [ags.goldenlionerp.apiTests.ApiTestBase$TestConfig]], org.springframework.boot.test.context.filter.ExcludeFilterContextCustomizer@6afa5291, org.springframework.boot.test.json.DuplicateJsonObjectContextCustomizerFactory$DuplicateJsonObjectContextCustomizer@20cebcb4, org.springframework.boot.test.mock.mockito.MockitoContextCustomizer@0, org.springframework.boot.test.web.client.TestRestTemplateContextCustomizer@49a32273], resourceBasePath = 'src/main/webapp', contextLoader = 'org.springframework.boot.test.context.SpringBootContextLoader', parent = [null]], attributes = map['org.springframework.test.context.web.ServletTestExecutionListener.activateListener' -> true, 'org.springframework.test.context.web.ServletTestExecutionListener.populatedRequestContextHolder' -> true, 'org.springframework.test.context.web.ServletTestExecutionListener.resetRequestContextHolder' -> true]]; transaction manager [org.springframework.orm.jpa.JpaTransactionManager@76f112e2]; rollback [true]
2018-12-14 17:35:15.463  INFO 9212 --- [    Test worker] o.s.b.t.m.w.SpringBootMockServletContext : Initializing Spring FrameworkServlet ''
2018-12-14 17:35:15.463  INFO 9212 --- [    Test worker] o.s.t.web.servlet.TestDispatcherServlet  : FrameworkServlet '': initialization started
2018-12-14 17:35:15.479  INFO 9212 --- [    Test worker] o.s.t.web.servlet.TestDispatcherServlet  : FrameworkServlet '': initialization completed in 16 ms
Hibernate: select accounting0_.alcoid as alcoid1_27_, accounting0_.aldocno as aldocno2_27_, accounting0_.aldocsq as aldocsq3_27_, accounting0_.aldocty as aldocty4_27_, accounting0_.allt as allt5_27_, accounting0_.alcid as alcid6_27_, accounting0_.aldtin as aldtin7_27_, accounting0_.altmin as altmin8_27_, accounting0_.aluid as aluid9_27_, accounting0_.aldtlu as aldtlu10_27_, accounting0_.altmlu as altmlu11_27_, accounting0_.aluidm as aluidm12_27_, accounting0_.aldesb1 as aldesb13_27_, accounting0_.alacid as alacid14_27_, accounting0_.alamnt as alamnt15_27_, accounting0_.alasid as alasid16_27_, accounting0_.alcrcb as alcrcb17_27_, accounting0_.alicu as alicu18_27_, accounting0_.alicut as alicut19_27_, accounting0_.alanum as alanum20_27_, accounting0_.albuid as albuid21_27_, accounting0_.alcfty as alcfty22_27_, accounting0_.alcap as alcap23_27_, accounting0_.alcfy as alcfy24_27_, accounting0_.aldlna as aldlna25_27_, accounting0_.aldesb2 as aldesb26_27_, accounting0_.aldocdt as aldocdt27_27_, accounting0_.aldoft as aldoft28_27_, accounting0_.alexcrt as alexcrt29_27_, accounting0_.alglf01 as alglf30_27_, accounting0_.alglf02 as alglf31_27_, accounting0_.alglf03 as alglf32_27_, accounting0_.alglf04 as alglf33_27_, accounting0_.alglf05 as alglf34_27_, accounting0_.alglf06 as alglf35_27_, accounting0_.alglf07 as alglf36_27_, accounting0_.alglf08 as alglf37_27_, accounting0_.alglf09 as alglf38_27_, accounting0_.alglf10 as alglf39_27_, accounting0_.algldt as algldt40_27_, accounting0_.alipst as alipst41_27_, accounting0_.alinum as alinum42_27_, accounting0_.alobj as alobj43_27_, accounting0_.alobid as alobid44_27_, accounting0_.alordocno as alordoc45_27_, accounting0_.alordocsq as alordoc46_27_, accounting0_.alordocty as alordoc47_27_, accounting0_.alposted as alposte48_27_, accounting0_.alqty as alqty49_27_, accounting0_.alrecc as alrecc50_27_, accounting0_.alrecid as alrecid51_27_, accounting0_.alsubl as alsubl52_27_, accounting0_.alsublt as alsublt53_27_, accounting0_.alsub as alsub54_27_, accounting0_.alcrct as alcrct55_27_, accounting0_.aluom as aluom56_27_, accounting0_.aldvs as aldvs57_27_ from t0911 accounting0_ where accounting0_.alcoid=? and accounting0_.aldocno=? and accounting0_.aldocty=? and accounting0_.allt=?
2018-12-14 17:35:15.494  INFO 9212 --- [    Test worker] o.s.t.c.transaction.TransactionContext   : Rolled back transaction for test: [DefaultTestContext@532ca584 testClass = JournalEntryApiTest, testInstance = ags.goldenlionerp.apiTests.accounting.JournalEntryApiTest@73cc5448, testMethod = updateTestWithPut@ApiTestBase, testException = [null], mergedContextConfiguration = [WebMergedContextConfiguration@73440805 testClass = JournalEntryApiTest, locations = '{}', classes = '{class ags.goldenlionerp.GoldenLionErpApplication}', contextInitializerClasses = '[]', activeProfiles = '{}', propertySourceLocations = '{classpath:test.properties}', propertySourceProperties = '{org.springframework.boot.test.context.SpringBootTestContextBootstrapper=true}', contextCustomizers = set[org.springframework.boot.test.autoconfigure.properties.PropertyMappingContextCustomizer@0, org.springframework.boot.test.autoconfigure.web.servlet.WebDriverContextCustomizerFactory$Customizer@636d731e, [ImportsContextCustomizer@4573e448 key = [ags.goldenlionerp.apiTests.ApiTestBase$TestConfig]], org.springframework.boot.test.context.filter.ExcludeFilterContextCustomizer@6afa5291, org.springframework.boot.test.json.DuplicateJsonObjectContextCustomizerFactory$DuplicateJsonObjectContextCustomizer@20cebcb4, org.springframework.boot.test.mock.mockito.MockitoContextCustomizer@0, org.springframework.boot.test.web.client.TestRestTemplateContextCustomizer@49a32273], resourceBasePath = 'src/main/webapp', contextLoader = 'org.springframework.boot.test.context.SpringBootContextLoader', parent = [null]], attributes = map['org.springframework.test.context.web.ServletTestExecutionListener.activateListener' -> true, 'org.springframework.test.context.web.ServletTestExecutionListener.populatedRequestContextHolder' -> true, 'org.springframework.test.context.web.ServletTestExecutionListener.resetRequestContextHolder' -> true]]
2018-12-14 17:35:15.510  INFO 9212 --- [    Test worker] o.s.t.c.transaction.TransactionContext   : Began transaction (1) for test context [DefaultTestContext@532ca584 testClass = JournalEntryApiTest, testInstance = ags.goldenlionerp.apiTests.accounting.JournalEntryApiTest@45a6525c, testMethod = getTestSingle@ApiTestBase, testException = [null], mergedContextConfiguration = [WebMergedContextConfiguration@73440805 testClass = JournalEntryApiTest, locations = '{}', classes = '{class ags.goldenlionerp.GoldenLionErpApplication}', contextInitializerClasses = '[]', activeProfiles = '{}', propertySourceLocations = '{classpath:test.properties}', propertySourceProperties = '{org.springframework.boot.test.context.SpringBootTestContextBootstrapper=true}', contextCustomizers = set[org.springframework.boot.test.autoconfigure.properties.PropertyMappingContextCustomizer@0, org.springframework.boot.test.autoconfigure.web.servlet.WebDriverContextCustomizerFactory$Customizer@636d731e, [ImportsContextCustomizer@4573e448 key = [ags.goldenlionerp.apiTests.ApiTestBase$TestConfig]], org.springframework.boot.test.context.filter.ExcludeFilterContextCustomizer@6afa5291, org.springframework.boot.test.json.DuplicateJsonObjectContextCustomizerFactory$DuplicateJsonObjectContextCustomizer@20cebcb4, org.springframework.boot.test.mock.mockito.MockitoContextCustomizer@0, org.springframework.boot.test.web.client.TestRestTemplateContextCustomizer@49a32273], resourceBasePath = 'src/main/webapp', contextLoader = 'org.springframework.boot.test.context.SpringBootContextLoader', parent = [null]], attributes = map['org.springframework.test.context.web.ServletTestExecutionListener.activateListener' -> true, 'org.springframework.test.context.web.ServletTestExecutionListener.populatedRequestContextHolder' -> true, 'org.springframework.test.context.web.ServletTestExecutionListener.resetRequestContextHolder' -> true]]; transaction manager [org.springframework.orm.jpa.JpaTransactionManager@76f112e2]; rollback [true]
2018-12-14 17:35:15.510  INFO 9212 --- [    Test worker] o.s.b.t.m.w.SpringBootMockServletContext : Initializing Spring FrameworkServlet ''
2018-12-14 17:35:15.510  INFO 9212 --- [    Test worker] o.s.t.web.servlet.TestDispatcherServlet  : FrameworkServlet '': initialization started
2018-12-14 17:35:15.510  INFO 9212 --- [    Test worker] o.s.t.web.servlet.TestDispatcherServlet  : FrameworkServlet '': initialization completed in 0 ms
Hibernate: select accounting0_.alcoid as alcoid1_27_, accounting0_.aldocno as aldocno2_27_, accounting0_.aldocsq as aldocsq3_27_, accounting0_.aldocty as aldocty4_27_, accounting0_.allt as allt5_27_, accounting0_.alcid as alcid6_27_, accounting0_.aldtin as aldtin7_27_, accounting0_.altmin as altmin8_27_, accounting0_.aluid as aluid9_27_, accounting0_.aldtlu as aldtlu10_27_, accounting0_.altmlu as altmlu11_27_, accounting0_.aluidm as aluidm12_27_, accounting0_.aldesb1 as aldesb13_27_, accounting0_.alacid as alacid14_27_, accounting0_.alamnt as alamnt15_27_, accounting0_.alasid as alasid16_27_, accounting0_.alcrcb as alcrcb17_27_, accounting0_.alicu as alicu18_27_, accounting0_.alicut as alicut19_27_, accounting0_.alanum as alanum20_27_, accounting0_.albuid as albuid21_27_, accounting0_.alcfty as alcfty22_27_, accounting0_.alcap as alcap23_27_, accounting0_.alcfy as alcfy24_27_, accounting0_.aldlna as aldlna25_27_, accounting0_.aldesb2 as aldesb26_27_, accounting0_.aldocdt as aldocdt27_27_, accounting0_.aldoft as aldoft28_27_, accounting0_.alexcrt as alexcrt29_27_, accounting0_.alglf01 as alglf30_27_, accounting0_.alglf02 as alglf31_27_, accounting0_.alglf03 as alglf32_27_, accounting0_.alglf04 as alglf33_27_, accounting0_.alglf05 as alglf34_27_, accounting0_.alglf06 as alglf35_27_, accounting0_.alglf07 as alglf36_27_, accounting0_.alglf08 as alglf37_27_, accounting0_.alglf09 as alglf38_27_, accounting0_.alglf10 as alglf39_27_, accounting0_.algldt as algldt40_27_, accounting0_.alipst as alipst41_27_, accounting0_.alinum as alinum42_27_, accounting0_.alobj as alobj43_27_, accounting0_.alobid as alobid44_27_, accounting0_.alordocno as alordoc45_27_, accounting0_.alordocsq as alordoc46_27_, accounting0_.alordocty as alordoc47_27_, accounting0_.alposted as alposte48_27_, accounting0_.alqty as alqty49_27_, accounting0_.alrecc as alrecc50_27_, accounting0_.alrecid as alrecid51_27_, accounting0_.alsubl as alsubl52_27_, accounting0_.alsublt as alsublt53_27_, accounting0_.alsub as alsub54_27_, accounting0_.alcrct as alcrct55_27_, accounting0_.aluom as aluom56_27_, accounting0_.aldvs as aldvs57_27_ from t0911 accounting0_ where accounting0_.alcoid=? and accounting0_.aldocno=? and accounting0_.aldocty=? and accounting0_.allt=?

MockHttpServletRequest:
      HTTP Method = GET
      Request URI = /api/journalEntries/11000_180800002_JE_CA
       Parameters = {}
          Headers = {Accept=[application/json]}
             Body = <no character encoding set>
    Session Attrs = {org.springframework.security.web.csrf.HttpSessionCsrfTokenRepository.CSRF_TOKEN=org.springframework.security.web.csrf.DefaultCsrfToken@6a9a4bac, SPRING_SECURITY_CONTEXT=org.springframework.security.core.context.SecurityContextImpl@475fcd89: Authentication: org.springframework.security.authentication.UsernamePasswordAuthenticationToken@475fcd89: Principal: org.springframework.security.core.userdetails.User@f02988d6: Username: username; Password: [PROTECTED]; Enabled: true; AccountNonExpired: true; credentialsNonExpired: true; AccountNonLocked: true; Not granted any authorities; Credentials: [PROTECTED]; Authenticated: true; Details: null; Not granted any authorities}

Handler:
             Type = ags.goldenlionerp.application.accounting.accountledger.JournalEntryController
           Method = public org.springframework.hateoas.Resource<?> ags.goldenlionerp.application.accounting.accountledger.JournalEntryController.getSingle(javax.servlet.http.HttpServletRequest,java.lang.String,boolean)

Async:
    Async started = false
     Async result = null

Resolved Exception:
             Type = null

ModelAndView:
        View name = null
             View = null
            Model = null

FlashMap:
       Attributes = null

MockHttpServletResponse:
           Status = 200
    Error message = null
          Headers = {Content-Type=[application/json;charset=UTF-8], X-Content-Type-Options=[nosniff], X-XSS-Protection=[1; mode=block], Cache-Control=[no-cache, no-store, max-age=0, must-revalidate], Pragma=[no-cache], Expires=[0], X-Frame-Options=[DENY]}
     Content type = application/json;charset=UTF-8
             Body = {
  "inputUserId" : "QSA",
  "lastUpdateUserId" : "QSA",
  "computerId" : null,
  "companyId" : "11000",
  "documentNumber" : 180800002,
  "documentType" : "JE",
  "ledgerType" : "CA",
  "entries" : [ {
    "inputUserId" : "QSA",
    "lastUpdateUserId" : "QSA",
    "computerId" : "LAPTOP-FHFRCCL6",
    "pk" : {
      "companyId" : "11000",
      "documentNumber" : 180800002,
      "documentType" : "JE",
      "documentSequence" : 10,
      "ledgerType" : "CA"
    },
    "businessUnitId" : "100",
    "batchNumber" : 64,
    "batchType" : "G",
    "documentDate" : "2018-08-25",
    "glDate" : "2018-08-25",
    "objectAccountCode" : "111110",
    "subsidiaryCode" : "",
    "subledger" : "",
    "subledgerType" : "",
    "accountId" : "100.111110",
    "accountDescription" : "Kas Penjualan",
    "description" : "tes jurnal",
    "baseCurrency" : "IDR",
    "transactionCurrency" : "AUD",
    "exchangeRate" : 100.000000000,
    "postStatus" : "A",
    "amount" : 200.00000,
    "quantity" : 0.00000,
    "unitOfMeasure" : "",
    "originalDocumentNumber" : 0,
    "originalDocumentType" : "",
    "originalDocumentSequence" : 0,
    "businessPartnerId" : "",
    "assetId" : "",
    "itemNumber" : "",
    "domesticOrForeignTransaction" : "F",
    "cashflowType" : "O",
    "interconnectionPostingStatus" : "",
    "voided" : false,
    "currentAccountingPeriod" : 8,
    "currentFiscalYear" : 2018,
    "reconcileCode" : "",
    "generalLedgerFlag01" : "",
    "generalLedgerFlag02" : "",
    "generalLedgerFlag03" : "",
    "generalLedgerFlag04" : "",
    "generalLedgerFlag05" : "",
    "generalLedgerFlag06" : "",
    "generalLedgerFlag07" : "",
    "generalLedgerFlag08" : "",
    "generalLedgerFlag09" : "",
    "generalLedgerFlag10" : "",
    "deleteNotAllowed" : false,
    "lastUpdateDateTime" : "2018-08-24T11:05:17",
    "inputDateTime" : "2018-08-24T11:05:09"
  }, {
    "inputUserId" : "QSA",
    "lastUpdateUserId" : "QSA",
    "computerId" : "LAPTOP-FHFRCCL6",
    "pk" : {
      "companyId" : "11000",
      "documentNumber" : 180800002,
      "documentType" : "JE",
      "documentSequence" : 20,
      "ledgerType" : "CA"
    },
    "businessUnitId" : "100",
    "batchNumber" : 64,
    "batchType" : "G",
    "documentDate" : "2018-08-25",
    "glDate" : "2018-08-25",
    "objectAccountCode" : "111120",
    "subsidiaryCode" : "",
    "subledger" : "",
    "subledgerType" : "",
    "accountId" : "100.111120",
    "accountDescription" : "Kas Kecil",
    "description" : "tes jurnal",
    "baseCurrency" : "IDR",
    "transactionCurrency" : "AUD",
    "exchangeRate" : 100.000000000,
    "postStatus" : "A",
    "amount" : -100.00000,
    "quantity" : 0.00000,
    "unitOfMeasure" : "",
    "originalDocumentNumber" : 0,
    "originalDocumentType" : "",
    "originalDocumentSequence" : 0,
    "businessPartnerId" : "",
    "assetId" : "",
    "itemNumber" : "",
    "domesticOrForeignTransaction" : "F",
    "cashflowType" : "O",
    "interconnectionPostingStatus" : "",
    "voided" : false,
    "currentAccountingPeriod" : 8,
    "currentFiscalYear" : 2018,
    "reconcileCode" : "",
    "generalLedgerFlag01" : "",
    "generalLedgerFlag02" : "",
    "generalLedgerFlag03" : "",
    "generalLedgerFlag04" : "",
    "generalLedgerFlag05" : "",
    "generalLedgerFlag06" : "",
    "generalLedgerFlag07" : "",
    "generalLedgerFlag08" : "",
    "generalLedgerFlag09" : "",
    "generalLedgerFlag10" : "",
    "deleteNotAllowed" : false,
    "lastUpdateDateTime" : "2018-08-24T11:05:26",
    "inputDateTime" : "2018-08-24T11:05:15"
  }, {
    "inputUserId" : "QSA",
    "lastUpdateUserId" : "QSA",
    "computerId" : "LAPTOP-FHFRCCL6",
    "pk" : {
      "companyId" : "11000",
      "documentNumber" : 180800002,
      "documentType" : "JE",
      "documentSequence" : 30,
      "ledgerType" : "CA"
    },
    "businessUnitId" : "100",
    "batchNumber" : 64,
    "batchType" : "G",
    "documentDate" : "2018-08-25",
    "glDate" : "2018-08-25",
    "objectAccountCode" : "111311",
    "subsidiaryCode" : "",
    "subledger" : "",
    "subledgerType" : "",
    "accountId" : "100.111311",
    "accountDescription" : "BCA Suryono",
    "description" : "tes jurnal",
    "baseCurrency" : "IDR",
    "transactionCurrency" : "AUD",
    "exchangeRate" : 100.000000000,
    "postStatus" : "A",
    "amount" : -100.00000,
    "quantity" : 0.00000,
    "unitOfMeasure" : "",
    "originalDocumentNumber" : 0,
    "originalDocumentType" : "",
    "originalDocumentSequence" : 0,
    "businessPartnerId" : "",
    "assetId" : "",
    "itemNumber" : "",
    "domesticOrForeignTransaction" : "F",
    "cashflowType" : "O",
    "interconnectionPostingStatus" : "",
    "voided" : false,
    "currentAccountingPeriod" : 8,
    "currentFiscalYear" : 2018,
    "reconcileCode" : "",
    "generalLedgerFlag01" : "",
    "generalLedgerFlag02" : "",
    "generalLedgerFlag03" : "",
    "generalLedgerFlag04" : "",
    "generalLedgerFlag05" : "",
    "generalLedgerFlag06" : "",
    "generalLedgerFlag07" : "",
    "generalLedgerFlag08" : "",
    "generalLedgerFlag09" : "",
    "generalLedgerFlag10" : "",
    "deleteNotAllowed" : false,
    "lastUpdateDateTime" : "2018-08-24T11:05:42",
    "inputDateTime" : "2018-08-24T11:05:42"
  } ],
  "description" : "tes jurnal",
  "lastUpdateDateTime" : "2018-08-24T11:05:17",
  "transactionCurrency" : "AUD",
  "businessUnitId" : "100",
  "businessPartnerId" : "",
  "inputDateTime" : "2018-08-24T11:05:09",
  "voided" : false,
  "batchNumber" : 64,
  "exchangeRate" : 100.000000000,
  "documentDate" : "2018-08-25",
  "currentAccountingPeriod" : 8,
  "domesticOrForeignTransaction" : "F",
  "currentFiscalYear" : 2018,
  "_links" : {
    "self" : {
      "href" : "http://localhost/api/journalEntries/11000_180800002_JE_CA"
    }
  }
}
    Forwarded URL = null
   Redirected URL = null
          Cookies = []
Hibernate: select accounting0_.alcoid as alcoid1_27_, accounting0_.aldocno as aldocno2_27_, accounting0_.aldocsq as aldocsq3_27_, accounting0_.aldocty as aldocty4_27_, accounting0_.allt as allt5_27_, accounting0_.alcid as alcid6_27_, accounting0_.aldtin as aldtin7_27_, accounting0_.altmin as altmin8_27_, accounting0_.aluid as aluid9_27_, accounting0_.aldtlu as aldtlu10_27_, accounting0_.altmlu as altmlu11_27_, accounting0_.aluidm as aluidm12_27_, accounting0_.aldesb1 as aldesb13_27_, accounting0_.alacid as alacid14_27_, accounting0_.alamnt as alamnt15_27_, accounting0_.alasid as alasid16_27_, accounting0_.alcrcb as alcrcb17_27_, accounting0_.alicu as alicu18_27_, accounting0_.alicut as alicut19_27_, accounting0_.alanum as alanum20_27_, accounting0_.albuid as albuid21_27_, accounting0_.alcfty as alcfty22_27_, accounting0_.alcap as alcap23_27_, accounting0_.alcfy as alcfy24_27_, accounting0_.aldlna as aldlna25_27_, accounting0_.aldesb2 as aldesb26_27_, accounting0_.aldocdt as aldocdt27_27_, accounting0_.aldoft as aldoft28_27_, accounting0_.alexcrt as alexcrt29_27_, accounting0_.alglf01 as alglf30_27_, accounting0_.alglf02 as alglf31_27_, accounting0_.alglf03 as alglf32_27_, accounting0_.alglf04 as alglf33_27_, accounting0_.alglf05 as alglf34_27_, accounting0_.alglf06 as alglf35_27_, accounting0_.alglf07 as alglf36_27_, accounting0_.alglf08 as alglf37_27_, accounting0_.alglf09 as alglf38_27_, accounting0_.alglf10 as alglf39_27_, accounting0_.algldt as algldt40_27_, accounting0_.alipst as alipst41_27_, accounting0_.alinum as alinum42_27_, accounting0_.alobj as alobj43_27_, accounting0_.alobid as alobid44_27_, accounting0_.alordocno as alordoc45_27_, accounting0_.alordocsq as alordoc46_27_, accounting0_.alordocty as alordoc47_27_, accounting0_.alposted as alposte48_27_, accounting0_.alqty as alqty49_27_, accounting0_.alrecc as alrecc50_27_, accounting0_.alrecid as alrecid51_27_, accounting0_.alsubl as alsubl52_27_, accounting0_.alsublt as alsublt53_27_, accounting0_.alsub as alsub54_27_, accounting0_.alcrct as alcrct55_27_, accounting0_.aluom as aluom56_27_, accounting0_.aldvs as aldvs57_27_ from t0911 accounting0_ where accounting0_.alcoid=? and accounting0_.aldocno=? and accounting0_.aldocty=? and accounting0_.allt=?
2018-12-14 17:35:15.572  INFO 9212 --- [    Test worker] o.s.t.c.transaction.TransactionContext   : Rolled back transaction for test: [DefaultTestContext@532ca584 testClass = JournalEntryApiTest, testInstance = ags.goldenlionerp.apiTests.accounting.JournalEntryApiTest@45a6525c, testMethod = getTestSingle@ApiTestBase, testException = [null], mergedContextConfiguration = [WebMergedContextConfiguration@73440805 testClass = JournalEntryApiTest, locations = '{}', classes = '{class ags.goldenlionerp.GoldenLionErpApplication}', contextInitializerClasses = '[]', activeProfiles = '{}', propertySourceLocations = '{classpath:test.properties}', propertySourceProperties = '{org.springframework.boot.test.context.SpringBootTestContextBootstrapper=true}', contextCustomizers = set[org.springframework.boot.test.autoconfigure.properties.PropertyMappingContextCustomizer@0, org.springframework.boot.test.autoconfigure.web.servlet.WebDriverContextCustomizerFactory$Customizer@636d731e, [ImportsContextCustomizer@4573e448 key = [ags.goldenlionerp.apiTests.ApiTestBase$TestConfig]], org.springframework.boot.test.context.filter.ExcludeFilterContextCustomizer@6afa5291, org.springframework.boot.test.json.DuplicateJsonObjectContextCustomizerFactory$DuplicateJsonObjectContextCustomizer@20cebcb4, org.springframework.boot.test.mock.mockito.MockitoContextCustomizer@0, org.springframework.boot.test.web.client.TestRestTemplateContextCustomizer@49a32273], resourceBasePath = 'src/main/webapp', contextLoader = 'org.springframework.boot.test.context.SpringBootContextLoader', parent = [null]], attributes = map['org.springframework.test.context.web.ServletTestExecutionListener.activateListener' -> true, 'org.springframework.test.context.web.ServletTestExecutionListener.populatedRequestContextHolder' -> true, 'org.springframework.test.context.web.ServletTestExecutionListener.resetRequestContextHolder' -> true]]
2018-12-14 17:35:15.572  INFO 9212 --- [    Test worker] o.s.t.c.transaction.TransactionContext   : Began transaction (1) for test context [DefaultTestContext@532ca584 testClass = JournalEntryApiTest, testInstance = ags.goldenlionerp.apiTests.accounting.JournalEntryApiTest@2a7ad09d, testMethod = getTestCollection@ApiTestBase, testException = [null], mergedContextConfiguration = [WebMergedContextConfiguration@73440805 testClass = JournalEntryApiTest, locations = '{}', classes = '{class ags.goldenlionerp.GoldenLionErpApplication}', contextInitializerClasses = '[]', activeProfiles = '{}', propertySourceLocations = '{classpath:test.properties}', propertySourceProperties = '{org.springframework.boot.test.context.SpringBootTestContextBootstrapper=true}', contextCustomizers = set[org.springframework.boot.test.autoconfigure.properties.PropertyMappingContextCustomizer@0, org.springframework.boot.test.autoconfigure.web.servlet.WebDriverContextCustomizerFactory$Customizer@636d731e, [ImportsContextCustomizer@4573e448 key = [ags.goldenlionerp.apiTests.ApiTestBase$TestConfig]], org.springframework.boot.test.context.filter.ExcludeFilterContextCustomizer@6afa5291, org.springframework.boot.test.json.DuplicateJsonObjectContextCustomizerFactory$DuplicateJsonObjectContextCustomizer@20cebcb4, org.springframework.boot.test.mock.mockito.MockitoContextCustomizer@0, org.springframework.boot.test.web.client.TestRestTemplateContextCustomizer@49a32273], resourceBasePath = 'src/main/webapp', contextLoader = 'org.springframework.boot.test.context.SpringBootContextLoader', parent = [null]], attributes = map['org.springframework.test.context.web.ServletTestExecutionListener.activateListener' -> true, 'org.springframework.test.context.web.ServletTestExecutionListener.populatedRequestContextHolder' -> true, 'org.springframework.test.context.web.ServletTestExecutionListener.resetRequestContextHolder' -> true]]; transaction manager [org.springframework.orm.jpa.JpaTransactionManager@76f112e2]; rollback [true]
2018-12-14 17:35:15.572  INFO 9212 --- [    Test worker] o.s.b.t.m.w.SpringBootMockServletContext : Initializing Spring FrameworkServlet ''
2018-12-14 17:35:15.572  INFO 9212 --- [    Test worker] o.s.t.web.servlet.TestDispatcherServlet  : FrameworkServlet '': initialization started
2018-12-14 17:35:15.572  INFO 9212 --- [    Test worker] o.s.t.web.servlet.TestDispatcherServlet  : FrameworkServlet '': initialization completed in 0 ms
2018-12-14 17:35:15.572  INFO 9212 --- [    Test worker] o.s.t.c.transaction.TransactionContext   : Rolled back transaction for test: [DefaultTestContext@532ca584 testClass = JournalEntryApiTest, testInstance = ags.goldenlionerp.apiTests.accounting.JournalEntryApiTest@2a7ad09d, testMethod = getTestCollection@ApiTestBase, testException = [null], mergedContextConfiguration = [WebMergedContextConfiguration@73440805 testClass = JournalEntryApiTest, locations = '{}', classes = '{class ags.goldenlionerp.GoldenLionErpApplication}', contextInitializerClasses = '[]', activeProfiles = '{}', propertySourceLocations = '{classpath:test.properties}', propertySourceProperties = '{org.springframework.boot.test.context.SpringBootTestContextBootstrapper=true}', contextCustomizers = set[org.springframework.boot.test.autoconfigure.properties.PropertyMappingContextCustomizer@0, org.springframework.boot.test.autoconfigure.web.servlet.WebDriverContextCustomizerFactory$Customizer@636d731e, [ImportsContextCustomizer@4573e448 key = [ags.goldenlionerp.apiTests.ApiTestBase$TestConfig]], org.springframework.boot.test.context.filter.ExcludeFilterContextCustomizer@6afa5291, org.springframework.boot.test.json.DuplicateJsonObjectContextCustomizerFactory$DuplicateJsonObjectContextCustomizer@20cebcb4, org.springframework.boot.test.mock.mockito.MockitoContextCustomizer@0, org.springframework.boot.test.web.client.TestRestTemplateContextCustomizer@49a32273], resourceBasePath = 'src/main/webapp', contextLoader = 'org.springframework.boot.test.context.SpringBootContextLoader', parent = [null]], attributes = map['org.springframework.test.context.web.ServletTestExecutionListener.activateListener' -> true, 'org.springframework.test.context.web.ServletTestExecutionListener.populatedRequestContextHolder' -> true, 'org.springframework.test.context.web.ServletTestExecutionListener.resetRequestContextHolder' -> true]]
2018-12-14 17:35:15.588  INFO 9212 --- [    Test worker] o.s.t.c.transaction.TransactionContext   : Began transaction (1) for test context [DefaultTestContext@532ca584 testClass = JournalEntryApiTest, testInstance = ags.goldenlionerp.apiTests.accounting.JournalEntryApiTest@3c00c8cb, testMethod = createTestWithPut@ApiTestBase, testException = [null], mergedContextConfiguration = [WebMergedContextConfiguration@73440805 testClass = JournalEntryApiTest, locations = '{}', classes = '{class ags.goldenlionerp.GoldenLionErpApplication}', contextInitializerClasses = '[]', activeProfiles = '{}', propertySourceLocations = '{classpath:test.properties}', propertySourceProperties = '{org.springframework.boot.test.context.SpringBootTestContextBootstrapper=true}', contextCustomizers = set[org.springframework.boot.test.autoconfigure.properties.PropertyMappingContextCustomizer@0, org.springframework.boot.test.autoconfigure.web.servlet.WebDriverContextCustomizerFactory$Customizer@636d731e, [ImportsContextCustomizer@4573e448 key = [ags.goldenlionerp.apiTests.ApiTestBase$TestConfig]], org.springframework.boot.test.context.filter.ExcludeFilterContextCustomizer@6afa5291, org.springframework.boot.test.json.DuplicateJsonObjectContextCustomizerFactory$DuplicateJsonObjectContextCustomizer@20cebcb4, org.springframework.boot.test.mock.mockito.MockitoContextCustomizer@0, org.springframework.boot.test.web.client.TestRestTemplateContextCustomizer@49a32273], resourceBasePath = 'src/main/webapp', contextLoader = 'org.springframework.boot.test.context.SpringBootContextLoader', parent = [null]], attributes = map['org.springframework.test.context.web.ServletTestExecutionListener.activateListener' -> true, 'org.springframework.test.context.web.ServletTestExecutionListener.populatedRequestContextHolder' -> true, 'org.springframework.test.context.web.ServletTestExecutionListener.resetRequestContextHolder' -> true]]; transaction manager [org.springframework.orm.jpa.JpaTransactionManager@76f112e2]; rollback [true]
2018-12-14 17:35:15.588  INFO 9212 --- [    Test worker] o.s.b.t.m.w.SpringBootMockServletContext : Initializing Spring FrameworkServlet ''
2018-12-14 17:35:15.588  INFO 9212 --- [    Test worker] o.s.t.web.servlet.TestDispatcherServlet  : FrameworkServlet '': initialization started
2018-12-14 17:35:15.588  INFO 9212 --- [    Test worker] o.s.t.web.servlet.TestDispatcherServlet  : FrameworkServlet '': initialization completed in 0 ms
Hibernate: select accounting0_.alcoid as alcoid1_27_, accounting0_.aldocno as aldocno2_27_, accounting0_.aldocsq as aldocsq3_27_, accounting0_.aldocty as aldocty4_27_, accounting0_.allt as allt5_27_, accounting0_.alcid as alcid6_27_, accounting0_.aldtin as aldtin7_27_, accounting0_.altmin as altmin8_27_, accounting0_.aluid as aluid9_27_, accounting0_.aldtlu as aldtlu10_27_, accounting0_.altmlu as altmlu11_27_, accounting0_.aluidm as aluidm12_27_, accounting0_.aldesb1 as aldesb13_27_, accounting0_.alacid as alacid14_27_, accounting0_.alamnt as alamnt15_27_, accounting0_.alasid as alasid16_27_, accounting0_.alcrcb as alcrcb17_27_, accounting0_.alicu as alicu18_27_, accounting0_.alicut as alicut19_27_, accounting0_.alanum as alanum20_27_, accounting0_.albuid as albuid21_27_, accounting0_.alcfty as alcfty22_27_, accounting0_.alcap as alcap23_27_, accounting0_.alcfy as alcfy24_27_, accounting0_.aldlna as aldlna25_27_, accounting0_.aldesb2 as aldesb26_27_, accounting0_.aldocdt as aldocdt27_27_, accounting0_.aldoft as aldoft28_27_, accounting0_.alexcrt as alexcrt29_27_, accounting0_.alglf01 as alglf30_27_, accounting0_.alglf02 as alglf31_27_, accounting0_.alglf03 as alglf32_27_, accounting0_.alglf04 as alglf33_27_, accounting0_.alglf05 as alglf34_27_, accounting0_.alglf06 as alglf35_27_, accounting0_.alglf07 as alglf36_27_, accounting0_.alglf08 as alglf37_27_, accounting0_.alglf09 as alglf38_27_, accounting0_.alglf10 as alglf39_27_, accounting0_.algldt as algldt40_27_, accounting0_.alipst as alipst41_27_, accounting0_.alinum as alinum42_27_, accounting0_.alobj as alobj43_27_, accounting0_.alobid as alobid44_27_, accounting0_.alordocno as alordoc45_27_, accounting0_.alordocsq as alordoc46_27_, accounting0_.alordocty as alordoc47_27_, accounting0_.alposted as alposte48_27_, accounting0_.alqty as alqty49_27_, accounting0_.alrecc as alrecc50_27_, accounting0_.alrecid as alrecid51_27_, accounting0_.alsubl as alsubl52_27_, accounting0_.alsublt as alsublt53_27_, accounting0_.alsub as alsub54_27_, accounting0_.alcrct as alcrct55_27_, accounting0_.aluom as aluom56_27_, accounting0_.aldvs as aldvs57_27_ from t0911 accounting0_ where accounting0_.alcoid=? and accounting0_.aldocno=? and accounting0_.aldocty=? and accounting0_.allt=?
2018-12-14 17:35:15.604  INFO 9212 --- [    Test worker] o.s.t.c.transaction.TransactionContext   : Rolled back transaction for test: [DefaultTestContext@532ca584 testClass = JournalEntryApiTest, testInstance = ags.goldenlionerp.apiTests.accounting.JournalEntryApiTest@3c00c8cb, testMethod = createTestWithPut@ApiTestBase, testException = [null], mergedContextConfiguration = [WebMergedContextConfiguration@73440805 testClass = JournalEntryApiTest, locations = '{}', classes = '{class ags.goldenlionerp.GoldenLionErpApplication}', contextInitializerClasses = '[]', activeProfiles = '{}', propertySourceLocations = '{classpath:test.properties}', propertySourceProperties = '{org.springframework.boot.test.context.SpringBootTestContextBootstrapper=true}', contextCustomizers = set[org.springframework.boot.test.autoconfigure.properties.PropertyMappingContextCustomizer@0, org.springframework.boot.test.autoconfigure.web.servlet.WebDriverContextCustomizerFactory$Customizer@636d731e, [ImportsContextCustomizer@4573e448 key = [ags.goldenlionerp.apiTests.ApiTestBase$TestConfig]], org.springframework.boot.test.context.filter.ExcludeFilterContextCustomizer@6afa5291, org.springframework.boot.test.json.DuplicateJsonObjectContextCustomizerFactory$DuplicateJsonObjectContextCustomizer@20cebcb4, org.springframework.boot.test.mock.mockito.MockitoContextCustomizer@0, org.springframework.boot.test.web.client.TestRestTemplateContextCustomizer@49a32273], resourceBasePath = 'src/main/webapp', contextLoader = 'org.springframework.boot.test.context.SpringBootContextLoader', parent = [null]], attributes = map['org.springframework.test.context.web.ServletTestExecutionListener.activateListener' -> true, 'org.springframework.test.context.web.ServletTestExecutionListener.populatedRequestContextHolder' -> true, 'org.springframework.test.context.web.ServletTestExecutionListener.resetRequestContextHolder' -> true]]
2018-12-14 17:35:15.604  INFO 9212 --- [    Test worker] o.s.t.c.transaction.TransactionContext   : Began transaction (1) for test context [DefaultTestContext@532ca584 testClass = JournalEntryApiTest, testInstance = ags.goldenlionerp.apiTests.accounting.JournalEntryApiTest@7f3a3e0, testMethod = createTestWithPost@ApiTestBase, testException = [null], mergedContextConfiguration = [WebMergedContextConfiguration@73440805 testClass = JournalEntryApiTest, locations = '{}', classes = '{class ags.goldenlionerp.GoldenLionErpApplication}', contextInitializerClasses = '[]', activeProfiles = '{}', propertySourceLocations = '{classpath:test.properties}', propertySourceProperties = '{org.springframework.boot.test.context.SpringBootTestContextBootstrapper=true}', contextCustomizers = set[org.springframework.boot.test.autoconfigure.properties.PropertyMappingContextCustomizer@0, org.springframework.boot.test.autoconfigure.web.servlet.WebDriverContextCustomizerFactory$Customizer@636d731e, [ImportsContextCustomizer@4573e448 key = [ags.goldenlionerp.apiTests.ApiTestBase$TestConfig]], org.springframework.boot.test.context.filter.ExcludeFilterContextCustomizer@6afa5291, org.springframework.boot.test.json.DuplicateJsonObjectContextCustomizerFactory$DuplicateJsonObjectContextCustomizer@20cebcb4, org.springframework.boot.test.mock.mockito.MockitoContextCustomizer@0, org.springframework.boot.test.web.client.TestRestTemplateContextCustomizer@49a32273], resourceBasePath = 'src/main/webapp', contextLoader = 'org.springframework.boot.test.context.SpringBootContextLoader', parent = [null]], attributes = map['org.springframework.test.context.web.ServletTestExecutionListener.activateListener' -> true, 'org.springframework.test.context.web.ServletTestExecutionListener.populatedRequestContextHolder' -> true, 'org.springframework.test.context.web.ServletTestExecutionListener.resetRequestContextHolder' -> true]]; transaction manager [org.springframework.orm.jpa.JpaTransactionManager@76f112e2]; rollback [true]
2018-12-14 17:35:15.604  INFO 9212 --- [    Test worker] o.s.b.t.m.w.SpringBootMockServletContext : Initializing Spring FrameworkServlet ''
2018-12-14 17:35:15.604  INFO 9212 --- [    Test worker] o.s.t.web.servlet.TestDispatcherServlet  : FrameworkServlet '': initialization started
2018-12-14 17:35:15.604  INFO 9212 --- [    Test worker] o.s.t.web.servlet.TestDispatcherServlet  : FrameworkServlet '': initialization completed in 0 ms
2018-12-14 17:35:15.619  INFO 9212 --- [    Test worker] o.s.t.c.transaction.TransactionContext   : Rolled back transaction for test: [DefaultTestContext@532ca584 testClass = JournalEntryApiTest, testInstance = ags.goldenlionerp.apiTests.accounting.JournalEntryApiTest@7f3a3e0, testMethod = createTestWithPost@ApiTestBase, testException = [null], mergedContextConfiguration = [WebMergedContextConfiguration@73440805 testClass = JournalEntryApiTest, locations = '{}', classes = '{class ags.goldenlionerp.GoldenLionErpApplication}', contextInitializerClasses = '[]', activeProfiles = '{}', propertySourceLocations = '{classpath:test.properties}', propertySourceProperties = '{org.springframework.boot.test.context.SpringBootTestContextBootstrapper=true}', contextCustomizers = set[org.springframework.boot.test.autoconfigure.properties.PropertyMappingContextCustomizer@0, org.springframework.boot.test.autoconfigure.web.servlet.WebDriverContextCustomizerFactory$Customizer@636d731e, [ImportsContextCustomizer@4573e448 key = [ags.goldenlionerp.apiTests.ApiTestBase$TestConfig]], org.springframework.boot.test.context.filter.ExcludeFilterContextCustomizer@6afa5291, org.springframework.boot.test.json.DuplicateJsonObjectContextCustomizerFactory$DuplicateJsonObjectContextCustomizer@20cebcb4, org.springframework.boot.test.mock.mockito.MockitoContextCustomizer@0, org.springframework.boot.test.web.client.TestRestTemplateContextCustomizer@49a32273], resourceBasePath = 'src/main/webapp', contextLoader = 'org.springframework.boot.test.context.SpringBootContextLoader', parent = [null]], attributes = map['org.springframework.test.context.web.ServletTestExecutionListener.activateListener' -> true, 'org.springframework.test.context.web.ServletTestExecutionListener.populatedRequestContextHolder' -> true, 'org.springframework.test.context.web.ServletTestExecutionListener.resetRequestContextHolder' -> true]]
]]></system-out>
  <system-err><![CDATA[]]></system-err>
</testsuite>
