<?xml version="1.0" encoding="UTF-8"?>
<testsuite name="ags.goldenlionerp.apiTests.setups.CurrencyConversionApiTest" tests="7" skipped="0" failures="0" errors="0" timestamp="2018-12-14T10:35:55" hostname="LAPTOP-FHFRCCL6" time="0.136">
  <properties/>
  <testcase name="updateTestWithPut" classname="ags.goldenlionerp.apiTests.setups.CurrencyConversionApiTest" time="0.028"/>
  <testcase name="getTestSingle" classname="ags.goldenlionerp.apiTests.setups.CurrencyConversionApiTest" time="0.016"/>
  <testcase name="updateTestWithPatch" classname="ags.goldenlionerp.apiTests.setups.CurrencyConversionApiTest" time="0.028"/>
  <testcase name="getTestCollection" classname="ags.goldenlionerp.apiTests.setups.CurrencyConversionApiTest" time="0.012"/>
  <testcase name="createTestWithPut" classname="ags.goldenlionerp.apiTests.setups.CurrencyConversionApiTest" time="0.012"/>
  <testcase name="deleteTest" classname="ags.goldenlionerp.apiTests.setups.CurrencyConversionApiTest" time="0.012"/>
  <testcase name="createTestWithPost" classname="ags.goldenlionerp.apiTests.setups.CurrencyConversionApiTest" time="0.023"/>
  <system-out><![CDATA[2018-12-14 17:35:55.340  INFO 9212 --- [    Test worker] .b.t.c.SpringBootTestContextBootstrapper : Neither @ContextConfiguration nor @ContextHierarchy found for test class [ags.goldenlionerp.apiTests.setups.CurrencyConversionApiTest], using SpringBootContextLoader
2018-12-14 17:35:55.340  INFO 9212 --- [    Test worker] o.s.t.c.support.AbstractContextLoader    : Could not detect default resource locations for test class [ags.goldenlionerp.apiTests.setups.CurrencyConversionApiTest]: no resource found for suffixes {-context.xml, Context.groovy}.
2018-12-14 17:35:55.340  INFO 9212 --- [    Test worker] t.c.s.AnnotationConfigContextLoaderUtils : Could not detect default configuration classes for test class [ags.goldenlionerp.apiTests.setups.CurrencyConversionApiTest]: CurrencyConversionApiTest does not declare any static, non-private, non-final, nested classes annotated with @Configuration.
2018-12-14 17:35:55.340  INFO 9212 --- [    Test worker] .b.t.c.SpringBootTestContextBootstrapper : Found @SpringBootConfiguration ags.goldenlionerp.GoldenLionErpApplication for test class ags.goldenlionerp.apiTests.setups.CurrencyConversionApiTest
2018-12-14 17:35:55.340  INFO 9212 --- [    Test worker] .b.t.c.SpringBootTestContextBootstrapper : Loaded default TestExecutionListener class names from location [META-INF/spring.factories]: [org.springframework.security.test.context.support.WithSecurityContextTestExecutionListener, org.springframework.security.test.context.support.ReactorContextTestExecutionListener, org.springframework.boot.test.autoconfigure.restdocs.RestDocsTestExecutionListener, org.springframework.boot.test.autoconfigure.web.client.MockRestServiceServerResetTestExecutionListener, org.springframework.boot.test.autoconfigure.web.servlet.MockMvcPrintOnlyOnFailureTestExecutionListener, org.springframework.boot.test.autoconfigure.web.servlet.WebDriverTestExecutionListener, org.springframework.boot.test.mock.mockito.MockitoTestExecutionListener, org.springframework.boot.test.mock.mockito.ResetMocksTestExecutionListener, org.springframework.test.context.web.ServletTestExecutionListener, org.springframework.test.context.support.DirtiesContextBeforeModesTestExecutionListener, org.springframework.test.context.support.DependencyInjectionTestExecutionListener, org.springframework.test.context.support.DirtiesContextTestExecutionListener, org.springframework.test.context.transaction.TransactionalTestExecutionListener, org.springframework.test.context.jdbc.SqlScriptsTestExecutionListener]
2018-12-14 17:35:55.340  INFO 9212 --- [    Test worker] .b.t.c.SpringBootTestContextBootstrapper : Using TestExecutionListeners: [org.springframework.test.context.web.ServletTestExecutionListener@6886edb8, org.springframework.test.context.support.DirtiesContextBeforeModesTestExecutionListener@29a139b9, org.springframework.boot.test.mock.mockito.MockitoTestExecutionListener@16917bca, org.springframework.boot.test.autoconfigure.SpringBootDependencyInjectionTestExecutionListener@46bc5a97, org.springframework.test.context.support.DirtiesContextTestExecutionListener@198884d5, org.springframework.test.context.transaction.TransactionalTestExecutionListener@39c41aac, org.springframework.test.context.jdbc.SqlScriptsTestExecutionListener@24967975, org.springframework.security.test.context.support.WithSecurityContextTestExecutionListener@daf792, org.springframework.security.test.context.support.ReactorContextTestExecutionListener@5d297570, org.springframework.boot.test.autoconfigure.restdocs.RestDocsTestExecutionListener@44211503, org.springframework.boot.test.autoconfigure.web.client.MockRestServiceServerResetTestExecutionListener@53eb9123, org.springframework.boot.test.autoconfigure.web.servlet.MockMvcPrintOnlyOnFailureTestExecutionListener@45a8aab, org.springframework.boot.test.autoconfigure.web.servlet.WebDriverTestExecutionListener@12cefda5, org.springframework.boot.test.mock.mockito.ResetMocksTestExecutionListener@5e0b7bf2]
2018-12-14 17:35:55.356  INFO 9212 --- [    Test worker] o.s.t.c.transaction.TransactionContext   : Began transaction (1) for test context [DefaultTestContext@471fce2 testClass = CurrencyConversionApiTest, testInstance = ags.goldenlionerp.apiTests.setups.CurrencyConversionApiTest@4f658f0c, testMethod = updateTestWithPut@ApiTestBase, testException = [null], mergedContextConfiguration = [WebMergedContextConfiguration@56d75f99 testClass = CurrencyConversionApiTest, locations = '{}', classes = '{class ags.goldenlionerp.GoldenLionErpApplication}', contextInitializerClasses = '[]', activeProfiles = '{}', propertySourceLocations = '{classpath:test.properties}', propertySourceProperties = '{org.springframework.boot.test.context.SpringBootTestContextBootstrapper=true}', contextCustomizers = set[org.springframework.boot.test.autoconfigure.properties.PropertyMappingContextCustomizer@0, org.springframework.boot.test.autoconfigure.web.servlet.WebDriverContextCustomizerFactory$Customizer@636d731e, [ImportsContextCustomizer@43a4522f key = [ags.goldenlionerp.apiTests.ApiTestBase$TestConfig]], org.springframework.boot.test.context.filter.ExcludeFilterContextCustomizer@6afa5291, org.springframework.boot.test.json.DuplicateJsonObjectContextCustomizerFactory$DuplicateJsonObjectContextCustomizer@20cebcb4, org.springframework.boot.test.mock.mockito.MockitoContextCustomizer@0, org.springframework.boot.test.web.client.TestRestTemplateContextCustomizer@49a32273], resourceBasePath = 'src/main/webapp', contextLoader = 'org.springframework.boot.test.context.SpringBootContextLoader', parent = [null]], attributes = map['org.springframework.test.context.web.ServletTestExecutionListener.activateListener' -> true, 'org.springframework.test.context.web.ServletTestExecutionListener.populatedRequestContextHolder' -> true, 'org.springframework.test.context.web.ServletTestExecutionListener.resetRequestContextHolder' -> true]]; transaction manager [org.springframework.orm.jpa.JpaTransactionManager@76f112e2]; rollback [true]
2018-12-14 17:35:55.356  INFO 9212 --- [    Test worker] o.s.b.t.m.w.SpringBootMockServletContext : Initializing Spring FrameworkServlet ''
2018-12-14 17:35:55.356  INFO 9212 --- [    Test worker] o.s.t.web.servlet.TestDispatcherServlet  : FrameworkServlet '': initialization started
2018-12-14 17:35:55.356  INFO 9212 --- [    Test worker] o.s.t.web.servlet.TestDispatcherServlet  : FrameworkServlet '': initialization completed in 0 ms
Hibernate: select currencyco0_.vcefdt as vcefdt1_14_0_, currencyco0_.vcfrcur as vcfrcur2_14_0_, currencyco0_.vctocur as vctocur3_14_0_, currencyco0_.vccid as vccid4_14_0_, currencyco0_.vcdtin as vcdtin5_14_0_, currencyco0_.vctmin as vctmin6_14_0_, currencyco0_.vcuid as vcuid7_14_0_, currencyco0_.vcdtlu as vcdtlu8_14_0_, currencyco0_.vctmlu as vctmlu9_14_0_, currencyco0_.vcuidm as vcuidm10_14_0_, currencyco0_.vccndt as vccndt11_14_0_, currencyco0_.vcdesb1 as vcdesb12_14_0_, currencyco0_.vcdfac as vcdfac13_14_0_, currencyco0_.vcmfac as vcmfac14_14_0_ from t0030 currencyco0_ where currencyco0_.vcefdt=? and currencyco0_.vcfrcur=? and currencyco0_.vctocur=?
2018-12-14 17:35:55.372  INFO 9212 --- [    Test worker] o.s.t.c.transaction.TransactionContext   : Rolled back transaction for test: [DefaultTestContext@471fce2 testClass = CurrencyConversionApiTest, testInstance = ags.goldenlionerp.apiTests.setups.CurrencyConversionApiTest@4f658f0c, testMethod = updateTestWithPut@ApiTestBase, testException = [null], mergedContextConfiguration = [WebMergedContextConfiguration@56d75f99 testClass = CurrencyConversionApiTest, locations = '{}', classes = '{class ags.goldenlionerp.GoldenLionErpApplication}', contextInitializerClasses = '[]', activeProfiles = '{}', propertySourceLocations = '{classpath:test.properties}', propertySourceProperties = '{org.springframework.boot.test.context.SpringBootTestContextBootstrapper=true}', contextCustomizers = set[org.springframework.boot.test.autoconfigure.properties.PropertyMappingContextCustomizer@0, org.springframework.boot.test.autoconfigure.web.servlet.WebDriverContextCustomizerFactory$Customizer@636d731e, [ImportsContextCustomizer@43a4522f key = [ags.goldenlionerp.apiTests.ApiTestBase$TestConfig]], org.springframework.boot.test.context.filter.ExcludeFilterContextCustomizer@6afa5291, org.springframework.boot.test.json.DuplicateJsonObjectContextCustomizerFactory$DuplicateJsonObjectContextCustomizer@20cebcb4, org.springframework.boot.test.mock.mockito.MockitoContextCustomizer@0, org.springframework.boot.test.web.client.TestRestTemplateContextCustomizer@49a32273], resourceBasePath = 'src/main/webapp', contextLoader = 'org.springframework.boot.test.context.SpringBootContextLoader', parent = [null]], attributes = map['org.springframework.test.context.web.ServletTestExecutionListener.activateListener' -> true, 'org.springframework.test.context.web.ServletTestExecutionListener.populatedRequestContextHolder' -> true, 'org.springframework.test.context.web.ServletTestExecutionListener.resetRequestContextHolder' -> true]]
2018-12-14 17:35:55.387  INFO 9212 --- [    Test worker] o.s.t.c.transaction.TransactionContext   : Began transaction (1) for test context [DefaultTestContext@471fce2 testClass = CurrencyConversionApiTest, testInstance = ags.goldenlionerp.apiTests.setups.CurrencyConversionApiTest@2661d84c, testMethod = getTestSingle@ApiTestBase, testException = [null], mergedContextConfiguration = [WebMergedContextConfiguration@56d75f99 testClass = CurrencyConversionApiTest, locations = '{}', classes = '{class ags.goldenlionerp.GoldenLionErpApplication}', contextInitializerClasses = '[]', activeProfiles = '{}', propertySourceLocations = '{classpath:test.properties}', propertySourceProperties = '{org.springframework.boot.test.context.SpringBootTestContextBootstrapper=true}', contextCustomizers = set[org.springframework.boot.test.autoconfigure.properties.PropertyMappingContextCustomizer@0, org.springframework.boot.test.autoconfigure.web.servlet.WebDriverContextCustomizerFactory$Customizer@636d731e, [ImportsContextCustomizer@43a4522f key = [ags.goldenlionerp.apiTests.ApiTestBase$TestConfig]], org.springframework.boot.test.context.filter.ExcludeFilterContextCustomizer@6afa5291, org.springframework.boot.test.json.DuplicateJsonObjectContextCustomizerFactory$DuplicateJsonObjectContextCustomizer@20cebcb4, org.springframework.boot.test.mock.mockito.MockitoContextCustomizer@0, org.springframework.boot.test.web.client.TestRestTemplateContextCustomizer@49a32273], resourceBasePath = 'src/main/webapp', contextLoader = 'org.springframework.boot.test.context.SpringBootContextLoader', parent = [null]], attributes = map['org.springframework.test.context.web.ServletTestExecutionListener.activateListener' -> true, 'org.springframework.test.context.web.ServletTestExecutionListener.populatedRequestContextHolder' -> true, 'org.springframework.test.context.web.ServletTestExecutionListener.resetRequestContextHolder' -> true]]; transaction manager [org.springframework.orm.jpa.JpaTransactionManager@76f112e2]; rollback [true]
2018-12-14 17:35:55.387  INFO 9212 --- [    Test worker] o.s.b.t.m.w.SpringBootMockServletContext : Initializing Spring FrameworkServlet ''
2018-12-14 17:35:55.387  INFO 9212 --- [    Test worker] o.s.t.web.servlet.TestDispatcherServlet  : FrameworkServlet '': initialization started
2018-12-14 17:35:55.387  INFO 9212 --- [    Test worker] o.s.t.web.servlet.TestDispatcherServlet  : FrameworkServlet '': initialization completed in 0 ms
Hibernate: select currencyco0_.vcefdt as vcefdt1_14_0_, currencyco0_.vcfrcur as vcfrcur2_14_0_, currencyco0_.vctocur as vctocur3_14_0_, currencyco0_.vccid as vccid4_14_0_, currencyco0_.vcdtin as vcdtin5_14_0_, currencyco0_.vctmin as vctmin6_14_0_, currencyco0_.vcuid as vcuid7_14_0_, currencyco0_.vcdtlu as vcdtlu8_14_0_, currencyco0_.vctmlu as vctmlu9_14_0_, currencyco0_.vcuidm as vcuidm10_14_0_, currencyco0_.vccndt as vccndt11_14_0_, currencyco0_.vcdesb1 as vcdesb12_14_0_, currencyco0_.vcdfac as vcdfac13_14_0_, currencyco0_.vcmfac as vcmfac14_14_0_ from t0030 currencyco0_ where currencyco0_.vcefdt=? and currencyco0_.vcfrcur=? and currencyco0_.vctocur=?
2018-12-14 17:35:55.403  INFO 9212 --- [    Test worker] o.s.t.c.transaction.TransactionContext   : Rolled back transaction for test: [DefaultTestContext@471fce2 testClass = CurrencyConversionApiTest, testInstance = ags.goldenlionerp.apiTests.setups.CurrencyConversionApiTest@2661d84c, testMethod = getTestSingle@ApiTestBase, testException = [null], mergedContextConfiguration = [WebMergedContextConfiguration@56d75f99 testClass = CurrencyConversionApiTest, locations = '{}', classes = '{class ags.goldenlionerp.GoldenLionErpApplication}', contextInitializerClasses = '[]', activeProfiles = '{}', propertySourceLocations = '{classpath:test.properties}', propertySourceProperties = '{org.springframework.boot.test.context.SpringBootTestContextBootstrapper=true}', contextCustomizers = set[org.springframework.boot.test.autoconfigure.properties.PropertyMappingContextCustomizer@0, org.springframework.boot.test.autoconfigure.web.servlet.WebDriverContextCustomizerFactory$Customizer@636d731e, [ImportsContextCustomizer@43a4522f key = [ags.goldenlionerp.apiTests.ApiTestBase$TestConfig]], org.springframework.boot.test.context.filter.ExcludeFilterContextCustomizer@6afa5291, org.springframework.boot.test.json.DuplicateJsonObjectContextCustomizerFactory$DuplicateJsonObjectContextCustomizer@20cebcb4, org.springframework.boot.test.mock.mockito.MockitoContextCustomizer@0, org.springframework.boot.test.web.client.TestRestTemplateContextCustomizer@49a32273], resourceBasePath = 'src/main/webapp', contextLoader = 'org.springframework.boot.test.context.SpringBootContextLoader', parent = [null]], attributes = map['org.springframework.test.context.web.ServletTestExecutionListener.activateListener' -> true, 'org.springframework.test.context.web.ServletTestExecutionListener.populatedRequestContextHolder' -> true, 'org.springframework.test.context.web.ServletTestExecutionListener.resetRequestContextHolder' -> true]]
2018-12-14 17:35:55.403  INFO 9212 --- [    Test worker] o.s.t.c.transaction.TransactionContext   : Began transaction (1) for test context [DefaultTestContext@471fce2 testClass = CurrencyConversionApiTest, testInstance = ags.goldenlionerp.apiTests.setups.CurrencyConversionApiTest@55fdf147, testMethod = updateTestWithPatch@ApiTestBase, testException = [null], mergedContextConfiguration = [WebMergedContextConfiguration@56d75f99 testClass = CurrencyConversionApiTest, locations = '{}', classes = '{class ags.goldenlionerp.GoldenLionErpApplication}', contextInitializerClasses = '[]', activeProfiles = '{}', propertySourceLocations = '{classpath:test.properties}', propertySourceProperties = '{org.springframework.boot.test.context.SpringBootTestContextBootstrapper=true}', contextCustomizers = set[org.springframework.boot.test.autoconfigure.properties.PropertyMappingContextCustomizer@0, org.springframework.boot.test.autoconfigure.web.servlet.WebDriverContextCustomizerFactory$Customizer@636d731e, [ImportsContextCustomizer@43a4522f key = [ags.goldenlionerp.apiTests.ApiTestBase$TestConfig]], org.springframework.boot.test.context.filter.ExcludeFilterContextCustomizer@6afa5291, org.springframework.boot.test.json.DuplicateJsonObjectContextCustomizerFactory$DuplicateJsonObjectContextCustomizer@20cebcb4, org.springframework.boot.test.mock.mockito.MockitoContextCustomizer@0, org.springframework.boot.test.web.client.TestRestTemplateContextCustomizer@49a32273], resourceBasePath = 'src/main/webapp', contextLoader = 'org.springframework.boot.test.context.SpringBootContextLoader', parent = [null]], attributes = map['org.springframework.test.context.web.ServletTestExecutionListener.activateListener' -> true, 'org.springframework.test.context.web.ServletTestExecutionListener.populatedRequestContextHolder' -> true, 'org.springframework.test.context.web.ServletTestExecutionListener.resetRequestContextHolder' -> true]]; transaction manager [org.springframework.orm.jpa.JpaTransactionManager@76f112e2]; rollback [true]
2018-12-14 17:35:55.403  INFO 9212 --- [    Test worker] o.s.b.t.m.w.SpringBootMockServletContext : Initializing Spring FrameworkServlet ''
2018-12-14 17:35:55.403  INFO 9212 --- [    Test worker] o.s.t.web.servlet.TestDispatcherServlet  : FrameworkServlet '': initialization started
2018-12-14 17:35:55.403  INFO 9212 --- [    Test worker] o.s.t.web.servlet.TestDispatcherServlet  : FrameworkServlet '': initialization completed in 0 ms
Hibernate: select currencyco0_.vcefdt as vcefdt1_14_0_, currencyco0_.vcfrcur as vcfrcur2_14_0_, currencyco0_.vctocur as vctocur3_14_0_, currencyco0_.vccid as vccid4_14_0_, currencyco0_.vcdtin as vcdtin5_14_0_, currencyco0_.vctmin as vctmin6_14_0_, currencyco0_.vcuid as vcuid7_14_0_, currencyco0_.vcdtlu as vcdtlu8_14_0_, currencyco0_.vctmlu as vctmlu9_14_0_, currencyco0_.vcuidm as vcuidm10_14_0_, currencyco0_.vccndt as vccndt11_14_0_, currencyco0_.vcdesb1 as vcdesb12_14_0_, currencyco0_.vcdfac as vcdfac13_14_0_, currencyco0_.vcmfac as vcmfac14_14_0_ from t0030 currencyco0_ where currencyco0_.vcefdt=? and currencyco0_.vcfrcur=? and currencyco0_.vctocur=?
Hibernate: update t0030 set vccid=?, vcdtlu=?, vctmlu=?, vcuidm=?, vccndt=?, vcdesb1=?, vcdfac=?, vcmfac=? where vcefdt=? and vcfrcur=? and vctocur=?
Hibernate: select currencyco0_.vcefdt as vcefdt1_14_0_, currencyco0_.vcfrcur as vcfrcur2_14_0_, currencyco0_.vctocur as vctocur3_14_0_, currencyco0_.vccid as vccid4_14_0_, currencyco0_.vcdtin as vcdtin5_14_0_, currencyco0_.vctmin as vctmin6_14_0_, currencyco0_.vcuid as vcuid7_14_0_, currencyco0_.vcdtlu as vcdtlu8_14_0_, currencyco0_.vctmlu as vctmlu9_14_0_, currencyco0_.vcuidm as vcuidm10_14_0_, currencyco0_.vccndt as vccndt11_14_0_, currencyco0_.vcdesb1 as vcdesb12_14_0_, currencyco0_.vcdfac as vcdfac13_14_0_, currencyco0_.vcmfac as vcmfac14_14_0_ from t0030 currencyco0_ where currencyco0_.vcefdt=? and currencyco0_.vcfrcur=? and currencyco0_.vctocur=?
2018-12-14 17:35:55.419  INFO 9212 --- [    Test worker] o.s.t.c.transaction.TransactionContext   : Rolled back transaction for test: [DefaultTestContext@471fce2 testClass = CurrencyConversionApiTest, testInstance = ags.goldenlionerp.apiTests.setups.CurrencyConversionApiTest@55fdf147, testMethod = updateTestWithPatch@ApiTestBase, testException = [null], mergedContextConfiguration = [WebMergedContextConfiguration@56d75f99 testClass = CurrencyConversionApiTest, locations = '{}', classes = '{class ags.goldenlionerp.GoldenLionErpApplication}', contextInitializerClasses = '[]', activeProfiles = '{}', propertySourceLocations = '{classpath:test.properties}', propertySourceProperties = '{org.springframework.boot.test.context.SpringBootTestContextBootstrapper=true}', contextCustomizers = set[org.springframework.boot.test.autoconfigure.properties.PropertyMappingContextCustomizer@0, org.springframework.boot.test.autoconfigure.web.servlet.WebDriverContextCustomizerFactory$Customizer@636d731e, [ImportsContextCustomizer@43a4522f key = [ags.goldenlionerp.apiTests.ApiTestBase$TestConfig]], org.springframework.boot.test.context.filter.ExcludeFilterContextCustomizer@6afa5291, org.springframework.boot.test.json.DuplicateJsonObjectContextCustomizerFactory$DuplicateJsonObjectContextCustomizer@20cebcb4, org.springframework.boot.test.mock.mockito.MockitoContextCustomizer@0, org.springframework.boot.test.web.client.TestRestTemplateContextCustomizer@49a32273], resourceBasePath = 'src/main/webapp', contextLoader = 'org.springframework.boot.test.context.SpringBootContextLoader', parent = [null]], attributes = map['org.springframework.test.context.web.ServletTestExecutionListener.activateListener' -> true, 'org.springframework.test.context.web.ServletTestExecutionListener.populatedRequestContextHolder' -> true, 'org.springframework.test.context.web.ServletTestExecutionListener.resetRequestContextHolder' -> true]]
2018-12-14 17:35:55.419  INFO 9212 --- [    Test worker] o.s.t.c.transaction.TransactionContext   : Began transaction (1) for test context [DefaultTestContext@471fce2 testClass = CurrencyConversionApiTest, testInstance = ags.goldenlionerp.apiTests.setups.CurrencyConversionApiTest@43112146, testMethod = getTestCollection@ApiTestBase, testException = [null], mergedContextConfiguration = [WebMergedContextConfiguration@56d75f99 testClass = CurrencyConversionApiTest, locations = '{}', classes = '{class ags.goldenlionerp.GoldenLionErpApplication}', contextInitializerClasses = '[]', activeProfiles = '{}', propertySourceLocations = '{classpath:test.properties}', propertySourceProperties = '{org.springframework.boot.test.context.SpringBootTestContextBootstrapper=true}', contextCustomizers = set[org.springframework.boot.test.autoconfigure.properties.PropertyMappingContextCustomizer@0, org.springframework.boot.test.autoconfigure.web.servlet.WebDriverContextCustomizerFactory$Customizer@636d731e, [ImportsContextCustomizer@43a4522f key = [ags.goldenlionerp.apiTests.ApiTestBase$TestConfig]], org.springframework.boot.test.context.filter.ExcludeFilterContextCustomizer@6afa5291, org.springframework.boot.test.json.DuplicateJsonObjectContextCustomizerFactory$DuplicateJsonObjectContextCustomizer@20cebcb4, org.springframework.boot.test.mock.mockito.MockitoContextCustomizer@0, org.springframework.boot.test.web.client.TestRestTemplateContextCustomizer@49a32273], resourceBasePath = 'src/main/webapp', contextLoader = 'org.springframework.boot.test.context.SpringBootContextLoader', parent = [null]], attributes = map['org.springframework.test.context.web.ServletTestExecutionListener.activateListener' -> true, 'org.springframework.test.context.web.ServletTestExecutionListener.populatedRequestContextHolder' -> true, 'org.springframework.test.context.web.ServletTestExecutionListener.resetRequestContextHolder' -> true]]; transaction manager [org.springframework.orm.jpa.JpaTransactionManager@76f112e2]; rollback [true]
2018-12-14 17:35:55.419  INFO 9212 --- [    Test worker] o.s.b.t.m.w.SpringBootMockServletContext : Initializing Spring FrameworkServlet ''
2018-12-14 17:35:55.419  INFO 9212 --- [    Test worker] o.s.t.web.servlet.TestDispatcherServlet  : FrameworkServlet '': initialization started
2018-12-14 17:35:55.434  INFO 9212 --- [    Test worker] o.s.t.web.servlet.TestDispatcherServlet  : FrameworkServlet '': initialization completed in 15 ms
Hibernate: select currencyco0_.vcefdt as vcefdt1_14_, currencyco0_.vcfrcur as vcfrcur2_14_, currencyco0_.vctocur as vctocur3_14_, currencyco0_.vccid as vccid4_14_, currencyco0_.vcdtin as vcdtin5_14_, currencyco0_.vctmin as vctmin6_14_, currencyco0_.vcuid as vcuid7_14_, currencyco0_.vcdtlu as vcdtlu8_14_, currencyco0_.vctmlu as vctmlu9_14_, currencyco0_.vcuidm as vcuidm10_14_, currencyco0_.vccndt as vccndt11_14_, currencyco0_.vcdesb1 as vcdesb12_14_, currencyco0_.vcdfac as vcdfac13_14_, currencyco0_.vcmfac as vcmfac14_14_ from t0030 currencyco0_

MockHttpServletRequest:
      HTTP Method = GET
      Request URI = /api/currencyConversions/
       Parameters = {}
          Headers = {Accept=[application/json]}
             Body = <no character encoding set>
    Session Attrs = {org.springframework.security.web.csrf.HttpSessionCsrfTokenRepository.CSRF_TOKEN=org.springframework.security.web.csrf.DefaultCsrfToken@40b899e2, SPRING_SECURITY_CONTEXT=org.springframework.security.core.context.SecurityContextImpl@475fcd89: Authentication: org.springframework.security.authentication.UsernamePasswordAuthenticationToken@475fcd89: Principal: org.springframework.security.core.userdetails.User@f02988d6: Username: username; Password: [PROTECTED]; Enabled: true; AccountNonExpired: true; credentialsNonExpired: true; AccountNonLocked: true; Not granted any authorities; Credentials: [PROTECTED]; Authenticated: true; Details: null; Not granted any authorities}

Handler:
             Type = org.springframework.data.rest.webmvc.RepositoryEntityController
           Method = public org.springframework.hateoas.Resources<?> org.springframework.data.rest.webmvc.RepositoryEntityController.getCollectionResource(org.springframework.data.rest.webmvc.RootResourceInformation,org.springframework.data.rest.webmvc.support.DefaultedPageable,org.springframework.data.domain.Sort,org.springframework.data.rest.webmvc.PersistentEntityResourceAssembler) throws org.springframework.data.rest.webmvc.ResourceNotFoundException,org.springframework.web.HttpRequestMethodNotSupportedException

Async:
    Async started = false
     Async result = null

Resolved Exception:
             Type = null

ModelAndView:
        View name = null
             View = null
            Model = null

FlashMap:
       Attributes = null

MockHttpServletResponse:
           Status = 200
    Error message = null
          Headers = {Content-Type=[application/json;charset=UTF-8], X-Content-Type-Options=[nosniff], X-XSS-Protection=[1; mode=block], Cache-Control=[no-cache, no-store, max-age=0, must-revalidate], Pragma=[no-cache], Expires=[0], X-Frame-Options=[DENY]}
     Content type = application/json;charset=UTF-8
             Body = {
  "_embedded" : {
    "currencyConversions" : [ {
      "inputUserId" : "QSA",
      "lastUpdateUserId" : "QSA",
      "computerId" : "LAPTOP-FHFRCCL6",
      "effectiveDate" : "2018-07-31",
      "fromCurrency" : "IDR",
      "toCurrency" : "SGD",
      "multiplyFactor" : 1.000000000,
      "divisionFactor" : 10000.000000000,
      "description" : "Rupiah to SGD",
      "conditionDate" : null,
      "lastUpdateDateTime" : "2018-07-11T10:08:34",
      "inputDateTime" : "2018-07-11T09:57:20",
      "_links" : {
        "self" : {
          "href" : "http://localhost/api/currencyConversions/20180731_IDR_SGD"
        },
        "currencyConversion" : {
          "href" : "http://localhost/api/currencyConversions/20180731_IDR_SGD"
        }
      }
    }, {
      "inputUserId" : "QSA",
      "lastUpdateUserId" : "QSA",
      "computerId" : "LAPTOP-FHFRCCL6",
      "effectiveDate" : "2018-07-31",
      "fromCurrency" : "SGD",
      "toCurrency" : "IDR",
      "multiplyFactor" : 10000.000000000,
      "divisionFactor" : 1.000000000,
      "description" : "SGD to Rupiah",
      "conditionDate" : null,
      "lastUpdateDateTime" : "2018-07-11T10:08:39",
      "inputDateTime" : "2018-07-11T09:58:28",
      "_links" : {
        "self" : {
          "href" : "http://localhost/api/currencyConversions/20180731_SGD_IDR"
        },
        "currencyConversion" : {
          "href" : "http://localhost/api/currencyConversions/20180731_SGD_IDR"
        }
      }
    } ]
  },
  "_links" : {
    "self" : {
      "href" : "http://localhost/api/currencyConversions/"
    },
    "profile" : {
      "href" : "http://localhost/api/profile/currencyConversions"
    }
  }
}
    Forwarded URL = null
   Redirected URL = null
          Cookies = []
2018-12-14 17:35:55.434  INFO 9212 --- [    Test worker] o.s.t.c.transaction.TransactionContext   : Rolled back transaction for test: [DefaultTestContext@471fce2 testClass = CurrencyConversionApiTest, testInstance = ags.goldenlionerp.apiTests.setups.CurrencyConversionApiTest@43112146, testMethod = getTestCollection@ApiTestBase, testException = [null], mergedContextConfiguration = [WebMergedContextConfiguration@56d75f99 testClass = CurrencyConversionApiTest, locations = '{}', classes = '{class ags.goldenlionerp.GoldenLionErpApplication}', contextInitializerClasses = '[]', activeProfiles = '{}', propertySourceLocations = '{classpath:test.properties}', propertySourceProperties = '{org.springframework.boot.test.context.SpringBootTestContextBootstrapper=true}', contextCustomizers = set[org.springframework.boot.test.autoconfigure.properties.PropertyMappingContextCustomizer@0, org.springframework.boot.test.autoconfigure.web.servlet.WebDriverContextCustomizerFactory$Customizer@636d731e, [ImportsContextCustomizer@43a4522f key = [ags.goldenlionerp.apiTests.ApiTestBase$TestConfig]], org.springframework.boot.test.context.filter.ExcludeFilterContextCustomizer@6afa5291, org.springframework.boot.test.json.DuplicateJsonObjectContextCustomizerFactory$DuplicateJsonObjectContextCustomizer@20cebcb4, org.springframework.boot.test.mock.mockito.MockitoContextCustomizer@0, org.springframework.boot.test.web.client.TestRestTemplateContextCustomizer@49a32273], resourceBasePath = 'src/main/webapp', contextLoader = 'org.springframework.boot.test.context.SpringBootContextLoader', parent = [null]], attributes = map['org.springframework.test.context.web.ServletTestExecutionListener.activateListener' -> true, 'org.springframework.test.context.web.ServletTestExecutionListener.populatedRequestContextHolder' -> true, 'org.springframework.test.context.web.ServletTestExecutionListener.resetRequestContextHolder' -> true]]
2018-12-14 17:35:55.434  INFO 9212 --- [    Test worker] o.s.t.c.transaction.TransactionContext   : Began transaction (1) for test context [DefaultTestContext@471fce2 testClass = CurrencyConversionApiTest, testInstance = ags.goldenlionerp.apiTests.setups.CurrencyConversionApiTest@19ee2ab2, testMethod = createTestWithPut@ApiTestBase, testException = [null], mergedContextConfiguration = [WebMergedContextConfiguration@56d75f99 testClass = CurrencyConversionApiTest, locations = '{}', classes = '{class ags.goldenlionerp.GoldenLionErpApplication}', contextInitializerClasses = '[]', activeProfiles = '{}', propertySourceLocations = '{classpath:test.properties}', propertySourceProperties = '{org.springframework.boot.test.context.SpringBootTestContextBootstrapper=true}', contextCustomizers = set[org.springframework.boot.test.autoconfigure.properties.PropertyMappingContextCustomizer@0, org.springframework.boot.test.autoconfigure.web.servlet.WebDriverContextCustomizerFactory$Customizer@636d731e, [ImportsContextCustomizer@43a4522f key = [ags.goldenlionerp.apiTests.ApiTestBase$TestConfig]], org.springframework.boot.test.context.filter.ExcludeFilterContextCustomizer@6afa5291, org.springframework.boot.test.json.DuplicateJsonObjectContextCustomizerFactory$DuplicateJsonObjectContextCustomizer@20cebcb4, org.springframework.boot.test.mock.mockito.MockitoContextCustomizer@0, org.springframework.boot.test.web.client.TestRestTemplateContextCustomizer@49a32273], resourceBasePath = 'src/main/webapp', contextLoader = 'org.springframework.boot.test.context.SpringBootContextLoader', parent = [null]], attributes = map['org.springframework.test.context.web.ServletTestExecutionListener.activateListener' -> true, 'org.springframework.test.context.web.ServletTestExecutionListener.populatedRequestContextHolder' -> true, 'org.springframework.test.context.web.ServletTestExecutionListener.resetRequestContextHolder' -> true]]; transaction manager [org.springframework.orm.jpa.JpaTransactionManager@76f112e2]; rollback [true]
2018-12-14 17:35:55.434  INFO 9212 --- [    Test worker] o.s.b.t.m.w.SpringBootMockServletContext : Initializing Spring FrameworkServlet ''
2018-12-14 17:35:55.434  INFO 9212 --- [    Test worker] o.s.t.web.servlet.TestDispatcherServlet  : FrameworkServlet '': initialization started
2018-12-14 17:35:55.450  INFO 9212 --- [    Test worker] o.s.t.web.servlet.TestDispatcherServlet  : FrameworkServlet '': initialization completed in 16 ms
Hibernate: select currencyco0_.vcefdt as vcefdt1_14_0_, currencyco0_.vcfrcur as vcfrcur2_14_0_, currencyco0_.vctocur as vctocur3_14_0_, currencyco0_.vccid as vccid4_14_0_, currencyco0_.vcdtin as vcdtin5_14_0_, currencyco0_.vctmin as vctmin6_14_0_, currencyco0_.vcuid as vcuid7_14_0_, currencyco0_.vcdtlu as vcdtlu8_14_0_, currencyco0_.vctmlu as vctmlu9_14_0_, currencyco0_.vcuidm as vcuidm10_14_0_, currencyco0_.vccndt as vccndt11_14_0_, currencyco0_.vcdesb1 as vcdesb12_14_0_, currencyco0_.vcdfac as vcdfac13_14_0_, currencyco0_.vcmfac as vcmfac14_14_0_ from t0030 currencyco0_ where currencyco0_.vcefdt=? and currencyco0_.vcfrcur=? and currencyco0_.vctocur=?
2018-12-14 17:35:55.450  INFO 9212 --- [    Test worker] o.s.t.c.transaction.TransactionContext   : Rolled back transaction for test: [DefaultTestContext@471fce2 testClass = CurrencyConversionApiTest, testInstance = ags.goldenlionerp.apiTests.setups.CurrencyConversionApiTest@19ee2ab2, testMethod = createTestWithPut@ApiTestBase, testException = [null], mergedContextConfiguration = [WebMergedContextConfiguration@56d75f99 testClass = CurrencyConversionApiTest, locations = '{}', classes = '{class ags.goldenlionerp.GoldenLionErpApplication}', contextInitializerClasses = '[]', activeProfiles = '{}', propertySourceLocations = '{classpath:test.properties}', propertySourceProperties = '{org.springframework.boot.test.context.SpringBootTestContextBootstrapper=true}', contextCustomizers = set[org.springframework.boot.test.autoconfigure.properties.PropertyMappingContextCustomizer@0, org.springframework.boot.test.autoconfigure.web.servlet.WebDriverContextCustomizerFactory$Customizer@636d731e, [ImportsContextCustomizer@43a4522f key = [ags.goldenlionerp.apiTests.ApiTestBase$TestConfig]], org.springframework.boot.test.context.filter.ExcludeFilterContextCustomizer@6afa5291, org.springframework.boot.test.json.DuplicateJsonObjectContextCustomizerFactory$DuplicateJsonObjectContextCustomizer@20cebcb4, org.springframework.boot.test.mock.mockito.MockitoContextCustomizer@0, org.springframework.boot.test.web.client.TestRestTemplateContextCustomizer@49a32273], resourceBasePath = 'src/main/webapp', contextLoader = 'org.springframework.boot.test.context.SpringBootContextLoader', parent = [null]], attributes = map['org.springframework.test.context.web.ServletTestExecutionListener.activateListener' -> true, 'org.springframework.test.context.web.ServletTestExecutionListener.populatedRequestContextHolder' -> true, 'org.springframework.test.context.web.ServletTestExecutionListener.resetRequestContextHolder' -> true]]
2018-12-14 17:35:55.450  INFO 9212 --- [    Test worker] o.s.t.c.transaction.TransactionContext   : Began transaction (1) for test context [DefaultTestContext@471fce2 testClass = CurrencyConversionApiTest, testInstance = ags.goldenlionerp.apiTests.setups.CurrencyConversionApiTest@33c79c2a, testMethod = deleteTest@ApiTestBase, testException = [null], mergedContextConfiguration = [WebMergedContextConfiguration@56d75f99 testClass = CurrencyConversionApiTest, locations = '{}', classes = '{class ags.goldenlionerp.GoldenLionErpApplication}', contextInitializerClasses = '[]', activeProfiles = '{}', propertySourceLocations = '{classpath:test.properties}', propertySourceProperties = '{org.springframework.boot.test.context.SpringBootTestContextBootstrapper=true}', contextCustomizers = set[org.springframework.boot.test.autoconfigure.properties.PropertyMappingContextCustomizer@0, org.springframework.boot.test.autoconfigure.web.servlet.WebDriverContextCustomizerFactory$Customizer@636d731e, [ImportsContextCustomizer@43a4522f key = [ags.goldenlionerp.apiTests.ApiTestBase$TestConfig]], org.springframework.boot.test.context.filter.ExcludeFilterContextCustomizer@6afa5291, org.springframework.boot.test.json.DuplicateJsonObjectContextCustomizerFactory$DuplicateJsonObjectContextCustomizer@20cebcb4, org.springframework.boot.test.mock.mockito.MockitoContextCustomizer@0, org.springframework.boot.test.web.client.TestRestTemplateContextCustomizer@49a32273], resourceBasePath = 'src/main/webapp', contextLoader = 'org.springframework.boot.test.context.SpringBootContextLoader', parent = [null]], attributes = map['org.springframework.test.context.web.ServletTestExecutionListener.activateListener' -> true, 'org.springframework.test.context.web.ServletTestExecutionListener.populatedRequestContextHolder' -> true, 'org.springframework.test.context.web.ServletTestExecutionListener.resetRequestContextHolder' -> true]]; transaction manager [org.springframework.orm.jpa.JpaTransactionManager@76f112e2]; rollback [true]
2018-12-14 17:35:55.450  INFO 9212 --- [    Test worker] o.s.b.t.m.w.SpringBootMockServletContext : Initializing Spring FrameworkServlet ''
2018-12-14 17:35:55.450  INFO 9212 --- [    Test worker] o.s.t.web.servlet.TestDispatcherServlet  : FrameworkServlet '': initialization started
2018-12-14 17:35:55.450  INFO 9212 --- [    Test worker] o.s.t.web.servlet.TestDispatcherServlet  : FrameworkServlet '': initialization completed in 0 ms
Hibernate: select currencyco0_.vcefdt as vcefdt1_14_0_, currencyco0_.vcfrcur as vcfrcur2_14_0_, currencyco0_.vctocur as vctocur3_14_0_, currencyco0_.vccid as vccid4_14_0_, currencyco0_.vcdtin as vcdtin5_14_0_, currencyco0_.vctmin as vctmin6_14_0_, currencyco0_.vcuid as vcuid7_14_0_, currencyco0_.vcdtlu as vcdtlu8_14_0_, currencyco0_.vctmlu as vctmlu9_14_0_, currencyco0_.vcuidm as vcuidm10_14_0_, currencyco0_.vccndt as vccndt11_14_0_, currencyco0_.vcdesb1 as vcdesb12_14_0_, currencyco0_.vcdfac as vcdfac13_14_0_, currencyco0_.vcmfac as vcmfac14_14_0_ from t0030 currencyco0_ where currencyco0_.vcefdt=? and currencyco0_.vcfrcur=? and currencyco0_.vctocur=?
2018-12-14 17:35:55.465  INFO 9212 --- [    Test worker] o.s.t.c.transaction.TransactionContext   : Rolled back transaction for test: [DefaultTestContext@471fce2 testClass = CurrencyConversionApiTest, testInstance = ags.goldenlionerp.apiTests.setups.CurrencyConversionApiTest@33c79c2a, testMethod = deleteTest@ApiTestBase, testException = [null], mergedContextConfiguration = [WebMergedContextConfiguration@56d75f99 testClass = CurrencyConversionApiTest, locations = '{}', classes = '{class ags.goldenlionerp.GoldenLionErpApplication}', contextInitializerClasses = '[]', activeProfiles = '{}', propertySourceLocations = '{classpath:test.properties}', propertySourceProperties = '{org.springframework.boot.test.context.SpringBootTestContextBootstrapper=true}', contextCustomizers = set[org.springframework.boot.test.autoconfigure.properties.PropertyMappingContextCustomizer@0, org.springframework.boot.test.autoconfigure.web.servlet.WebDriverContextCustomizerFactory$Customizer@636d731e, [ImportsContextCustomizer@43a4522f key = [ags.goldenlionerp.apiTests.ApiTestBase$TestConfig]], org.springframework.boot.test.context.filter.ExcludeFilterContextCustomizer@6afa5291, org.springframework.boot.test.json.DuplicateJsonObjectContextCustomizerFactory$DuplicateJsonObjectContextCustomizer@20cebcb4, org.springframework.boot.test.mock.mockito.MockitoContextCustomizer@0, org.springframework.boot.test.web.client.TestRestTemplateContextCustomizer@49a32273], resourceBasePath = 'src/main/webapp', contextLoader = 'org.springframework.boot.test.context.SpringBootContextLoader', parent = [null]], attributes = map['org.springframework.test.context.web.ServletTestExecutionListener.activateListener' -> true, 'org.springframework.test.context.web.ServletTestExecutionListener.populatedRequestContextHolder' -> true, 'org.springframework.test.context.web.ServletTestExecutionListener.resetRequestContextHolder' -> true]]
2018-12-14 17:35:55.465  INFO 9212 --- [    Test worker] o.s.t.c.transaction.TransactionContext   : Began transaction (1) for test context [DefaultTestContext@471fce2 testClass = CurrencyConversionApiTest, testInstance = ags.goldenlionerp.apiTests.setups.CurrencyConversionApiTest@1f1728b, testMethod = createTestWithPost@ApiTestBase, testException = [null], mergedContextConfiguration = [WebMergedContextConfiguration@56d75f99 testClass = CurrencyConversionApiTest, locations = '{}', classes = '{class ags.goldenlionerp.GoldenLionErpApplication}', contextInitializerClasses = '[]', activeProfiles = '{}', propertySourceLocations = '{classpath:test.properties}', propertySourceProperties = '{org.springframework.boot.test.context.SpringBootTestContextBootstrapper=true}', contextCustomizers = set[org.springframework.boot.test.autoconfigure.properties.PropertyMappingContextCustomizer@0, org.springframework.boot.test.autoconfigure.web.servlet.WebDriverContextCustomizerFactory$Customizer@636d731e, [ImportsContextCustomizer@43a4522f key = [ags.goldenlionerp.apiTests.ApiTestBase$TestConfig]], org.springframework.boot.test.context.filter.ExcludeFilterContextCustomizer@6afa5291, org.springframework.boot.test.json.DuplicateJsonObjectContextCustomizerFactory$DuplicateJsonObjectContextCustomizer@20cebcb4, org.springframework.boot.test.mock.mockito.MockitoContextCustomizer@0, org.springframework.boot.test.web.client.TestRestTemplateContextCustomizer@49a32273], resourceBasePath = 'src/main/webapp', contextLoader = 'org.springframework.boot.test.context.SpringBootContextLoader', parent = [null]], attributes = map['org.springframework.test.context.web.ServletTestExecutionListener.activateListener' -> true, 'org.springframework.test.context.web.ServletTestExecutionListener.populatedRequestContextHolder' -> true, 'org.springframework.test.context.web.ServletTestExecutionListener.resetRequestContextHolder' -> true]]; transaction manager [org.springframework.orm.jpa.JpaTransactionManager@76f112e2]; rollback [true]
2018-12-14 17:35:55.472  INFO 9212 --- [    Test worker] o.s.b.t.m.w.SpringBootMockServletContext : Initializing Spring FrameworkServlet ''
2018-12-14 17:35:55.472  INFO 9212 --- [    Test worker] o.s.t.web.servlet.TestDispatcherServlet  : FrameworkServlet '': initialization started
2018-12-14 17:35:55.472  INFO 9212 --- [    Test worker] o.s.t.web.servlet.TestDispatcherServlet  : FrameworkServlet '': initialization completed in 0 ms
Hibernate: select currencyco0_.vcefdt as vcefdt1_14_0_, currencyco0_.vcfrcur as vcfrcur2_14_0_, currencyco0_.vctocur as vctocur3_14_0_, currencyco0_.vccid as vccid4_14_0_, currencyco0_.vcdtin as vcdtin5_14_0_, currencyco0_.vctmin as vctmin6_14_0_, currencyco0_.vcuid as vcuid7_14_0_, currencyco0_.vcdtlu as vcdtlu8_14_0_, currencyco0_.vctmlu as vctmlu9_14_0_, currencyco0_.vcuidm as vcuidm10_14_0_, currencyco0_.vccndt as vccndt11_14_0_, currencyco0_.vcdesb1 as vcdesb12_14_0_, currencyco0_.vcdfac as vcdfac13_14_0_, currencyco0_.vcmfac as vcmfac14_14_0_ from t0030 currencyco0_ where currencyco0_.vcefdt=? and currencyco0_.vcfrcur=? and currencyco0_.vctocur=?
Hibernate: select currencyco0_.vcefdt as vcefdt1_14_0_, currencyco0_.vcfrcur as vcfrcur2_14_0_, currencyco0_.vctocur as vctocur3_14_0_, currencyco0_.vccid as vccid4_14_0_, currencyco0_.vcdtin as vcdtin5_14_0_, currencyco0_.vctmin as vctmin6_14_0_, currencyco0_.vcuid as vcuid7_14_0_, currencyco0_.vcdtlu as vcdtlu8_14_0_, currencyco0_.vctmlu as vctmlu9_14_0_, currencyco0_.vcuidm as vcuidm10_14_0_, currencyco0_.vccndt as vccndt11_14_0_, currencyco0_.vcdesb1 as vcdesb12_14_0_, currencyco0_.vcdfac as vcdfac13_14_0_, currencyco0_.vcmfac as vcmfac14_14_0_ from t0030 currencyco0_ where currencyco0_.vcefdt=? and currencyco0_.vcfrcur=? and currencyco0_.vctocur=?
Hibernate: insert into t0030 (vccid, vcdtin, vctmin, vcuid, vcdtlu, vctmlu, vcuidm, vccndt, vcdesb1, vcdfac, vcmfac, vcefdt, vcfrcur, vctocur) values (?, ?, ?, ?, ?, ?, ?, ?, ?, ?, ?, ?, ?, ?)
Hibernate: select currencyco0_.vcefdt as vcefdt1_14_0_, currencyco0_.vcfrcur as vcfrcur2_14_0_, currencyco0_.vctocur as vctocur3_14_0_, currencyco0_.vccid as vccid4_14_0_, currencyco0_.vcdtin as vcdtin5_14_0_, currencyco0_.vctmin as vctmin6_14_0_, currencyco0_.vcuid as vcuid7_14_0_, currencyco0_.vcdtlu as vcdtlu8_14_0_, currencyco0_.vctmlu as vctmlu9_14_0_, currencyco0_.vcuidm as vcuidm10_14_0_, currencyco0_.vccndt as vccndt11_14_0_, currencyco0_.vcdesb1 as vcdesb12_14_0_, currencyco0_.vcdfac as vcdfac13_14_0_, currencyco0_.vcmfac as vcmfac14_14_0_ from t0030 currencyco0_ where currencyco0_.vcefdt=? and currencyco0_.vcfrcur=? and currencyco0_.vctocur=?

MockHttpServletRequest:
      HTTP Method = GET
      Request URI = /api/currencyConversions/20180731_USD_CNY
       Parameters = {}
          Headers = {Accept=[application/json]}
             Body = <no character encoding set>
    Session Attrs = {org.springframework.security.web.csrf.HttpSessionCsrfTokenRepository.CSRF_TOKEN=org.springframework.security.web.csrf.DefaultCsrfToken@599aada0, SPRING_SECURITY_CONTEXT=org.springframework.security.core.context.SecurityContextImpl@475fcd89: Authentication: org.springframework.security.authentication.UsernamePasswordAuthenticationToken@475fcd89: Principal: org.springframework.security.core.userdetails.User@f02988d6: Username: username; Password: [PROTECTED]; Enabled: true; AccountNonExpired: true; credentialsNonExpired: true; AccountNonLocked: true; Not granted any authorities; Credentials: [PROTECTED]; Authenticated: true; Details: null; Not granted any authorities}

Handler:
             Type = org.springframework.data.rest.webmvc.RepositoryEntityController
           Method = public org.springframework.http.ResponseEntity<org.springframework.hateoas.Resource<?>> org.springframework.data.rest.webmvc.RepositoryEntityController.getItemResource(org.springframework.data.rest.webmvc.RootResourceInformation,java.io.Serializable,org.springframework.data.rest.webmvc.PersistentEntityResourceAssembler,org.springframework.http.HttpHeaders) throws org.springframework.web.HttpRequestMethodNotSupportedException

Async:
    Async started = false
     Async result = null

Resolved Exception:
             Type = null

ModelAndView:
        View name = null
             View = null
            Model = null

FlashMap:
       Attributes = null

MockHttpServletResponse:
           Status = 200
    Error message = null
          Headers = {Content-Type=[application/json;charset=UTF-8], X-Content-Type-Options=[nosniff], X-XSS-Protection=[1; mode=block], Cache-Control=[no-cache, no-store, max-age=0, must-revalidate], Pragma=[no-cache], Expires=[0], X-Frame-Options=[DENY]}
     Content type = application/json;charset=UTF-8
             Body = {
  "inputUserId" : "username",
  "lastUpdateUserId" : "username",
  "computerId" : "username",
  "effectiveDate" : "2018-07-31",
  "fromCurrency" : "USD",
  "toCurrency" : "CNY",
  "multiplyFactor" : 12.123000000,
  "divisionFactor" : 32.321000000,
  "description" : "",
  "conditionDate" : null,
  "lastUpdateDateTime" : "2018-12-14T17:35:55",
  "inputDateTime" : "2018-12-14T17:35:55",
  "_links" : {
    "self" : {
      "href" : "http://localhost/api/currencyConversions/20180731_USD_CNY"
    },
    "currencyConversion" : {
      "href" : "http://localhost/api/currencyConversions/20180731_USD_CNY"
    }
  }
}
    Forwarded URL = null
   Redirected URL = null
          Cookies = []
2018-12-14 17:35:55.488  INFO 9212 --- [    Test worker] o.s.t.c.transaction.TransactionContext   : Rolled back transaction for test: [DefaultTestContext@471fce2 testClass = CurrencyConversionApiTest, testInstance = ags.goldenlionerp.apiTests.setups.CurrencyConversionApiTest@1f1728b, testMethod = createTestWithPost@ApiTestBase, testException = [null], mergedContextConfiguration = [WebMergedContextConfiguration@56d75f99 testClass = CurrencyConversionApiTest, locations = '{}', classes = '{class ags.goldenlionerp.GoldenLionErpApplication}', contextInitializerClasses = '[]', activeProfiles = '{}', propertySourceLocations = '{classpath:test.properties}', propertySourceProperties = '{org.springframework.boot.test.context.SpringBootTestContextBootstrapper=true}', contextCustomizers = set[org.springframework.boot.test.autoconfigure.properties.PropertyMappingContextCustomizer@0, org.springframework.boot.test.autoconfigure.web.servlet.WebDriverContextCustomizerFactory$Customizer@636d731e, [ImportsContextCustomizer@43a4522f key = [ags.goldenlionerp.apiTests.ApiTestBase$TestConfig]], org.springframework.boot.test.context.filter.ExcludeFilterContextCustomizer@6afa5291, org.springframework.boot.test.json.DuplicateJsonObjectContextCustomizerFactory$DuplicateJsonObjectContextCustomizer@20cebcb4, org.springframework.boot.test.mock.mockito.MockitoContextCustomizer@0, org.springframework.boot.test.web.client.TestRestTemplateContextCustomizer@49a32273], resourceBasePath = 'src/main/webapp', contextLoader = 'org.springframework.boot.test.context.SpringBootContextLoader', parent = [null]], attributes = map['org.springframework.test.context.web.ServletTestExecutionListener.activateListener' -> true, 'org.springframework.test.context.web.ServletTestExecutionListener.populatedRequestContextHolder' -> true, 'org.springframework.test.context.web.ServletTestExecutionListener.resetRequestContextHolder' -> true]]
]]></system-out>
  <system-err><![CDATA[]]></system-err>
</testsuite>
