<?xml version="1.0" encoding="UTF-8"?>
<testsuite name="ags.goldenlionerp.apiTests.sales.SalesShipmentApiTest" tests="8" skipped="0" failures="0" errors="0" timestamp="2018-12-27T04:25:53" hostname="LAPTOP-FHFRCCL6" time="2.212">
  <properties/>
  <testcase name="voidTest" classname="ags.goldenlionerp.apiTests.sales.SalesShipmentApiTest" time="0.78"/>
  <testcase name="deleteTest" classname="ags.goldenlionerp.apiTests.sales.SalesShipmentApiTest" time="0.099"/>
  <testcase name="updateTestWithPut" classname="ags.goldenlionerp.apiTests.sales.SalesShipmentApiTest" time="0.069"/>
  <testcase name="getTestSingle" classname="ags.goldenlionerp.apiTests.sales.SalesShipmentApiTest" time="0.096"/>
  <testcase name="updateTestWithPatch" classname="ags.goldenlionerp.apiTests.sales.SalesShipmentApiTest" time="0.485"/>
  <testcase name="getTestCollection" classname="ags.goldenlionerp.apiTests.sales.SalesShipmentApiTest" time="0.235"/>
  <testcase name="createTestWithPut" classname="ags.goldenlionerp.apiTests.sales.SalesShipmentApiTest" time="0.047"/>
  <testcase name="createTestWithPost" classname="ags.goldenlionerp.apiTests.sales.SalesShipmentApiTest" time="0.396"/>
  <system-out><![CDATA[2018-12-27 11:25:53.269  INFO 2120 --- [    Test worker] .b.t.c.SpringBootTestContextBootstrapper : Neither @ContextConfiguration nor @ContextHierarchy found for test class [ags.goldenlionerp.apiTests.sales.SalesShipmentApiTest], using SpringBootContextLoader
2018-12-27 11:25:53.270  INFO 2120 --- [    Test worker] o.s.t.c.support.AbstractContextLoader    : Could not detect default resource locations for test class [ags.goldenlionerp.apiTests.sales.SalesShipmentApiTest]: no resource found for suffixes {-context.xml, Context.groovy}.
2018-12-27 11:25:53.270  INFO 2120 --- [    Test worker] t.c.s.AnnotationConfigContextLoaderUtils : Could not detect default configuration classes for test class [ags.goldenlionerp.apiTests.sales.SalesShipmentApiTest]: SalesShipmentApiTest does not declare any static, non-private, non-final, nested classes annotated with @Configuration.
2018-12-27 11:25:53.290  INFO 2120 --- [    Test worker] .b.t.c.SpringBootTestContextBootstrapper : Found @SpringBootConfiguration ags.goldenlionerp.GoldenLionErpApplication for test class ags.goldenlionerp.apiTests.sales.SalesShipmentApiTest
2018-12-27 11:25:53.292  INFO 2120 --- [    Test worker] .b.t.c.SpringBootTestContextBootstrapper : Loaded default TestExecutionListener class names from location [META-INF/spring.factories]: [org.springframework.security.test.context.support.WithSecurityContextTestExecutionListener, org.springframework.security.test.context.support.ReactorContextTestExecutionListener, org.springframework.boot.test.autoconfigure.restdocs.RestDocsTestExecutionListener, org.springframework.boot.test.autoconfigure.web.client.MockRestServiceServerResetTestExecutionListener, org.springframework.boot.test.autoconfigure.web.servlet.MockMvcPrintOnlyOnFailureTestExecutionListener, org.springframework.boot.test.autoconfigure.web.servlet.WebDriverTestExecutionListener, org.springframework.boot.test.mock.mockito.MockitoTestExecutionListener, org.springframework.boot.test.mock.mockito.ResetMocksTestExecutionListener, org.springframework.test.context.web.ServletTestExecutionListener, org.springframework.test.context.support.DirtiesContextBeforeModesTestExecutionListener, org.springframework.test.context.support.DependencyInjectionTestExecutionListener, org.springframework.test.context.support.DirtiesContextTestExecutionListener, org.springframework.test.context.transaction.TransactionalTestExecutionListener, org.springframework.test.context.jdbc.SqlScriptsTestExecutionListener]
2018-12-27 11:25:53.294  INFO 2120 --- [    Test worker] .b.t.c.SpringBootTestContextBootstrapper : Using TestExecutionListeners: [org.springframework.test.context.web.ServletTestExecutionListener@7c9c5c90, org.springframework.test.context.support.DirtiesContextBeforeModesTestExecutionListener@3a2d8460, org.springframework.boot.test.mock.mockito.MockitoTestExecutionListener@55a41f6, org.springframework.boot.test.autoconfigure.SpringBootDependencyInjectionTestExecutionListener@624b9906, org.springframework.test.context.support.DirtiesContextTestExecutionListener@7cad2103, org.springframework.test.context.transaction.TransactionalTestExecutionListener@2a75a472, org.springframework.test.context.jdbc.SqlScriptsTestExecutionListener@7d77153b, org.springframework.security.test.context.support.WithSecurityContextTestExecutionListener@434a203a, org.springframework.security.test.context.support.ReactorContextTestExecutionListener@56fab469, org.springframework.boot.test.autoconfigure.restdocs.RestDocsTestExecutionListener@51abdcf0, org.springframework.boot.test.autoconfigure.web.client.MockRestServiceServerResetTestExecutionListener@1430c533, org.springframework.boot.test.autoconfigure.web.servlet.MockMvcPrintOnlyOnFailureTestExecutionListener@6697c7f, org.springframework.boot.test.autoconfigure.web.servlet.WebDriverTestExecutionListener@5b3d927, org.springframework.boot.test.mock.mockito.ResetMocksTestExecutionListener@af0d93d]
2018-12-27 11:25:53.319  INFO 2120 --- [    Test worker] o.s.t.c.transaction.TransactionContext   : Began transaction (1) for test context [DefaultTestContext@37350c9d testClass = SalesShipmentApiTest, testInstance = ags.goldenlionerp.apiTests.sales.SalesShipmentApiTest@11ca03a3, testMethod = voidTest@SalesShipmentApiTest, testException = [null], mergedContextConfiguration = [WebMergedContextConfiguration@13aa9a2c testClass = SalesShipmentApiTest, locations = '{}', classes = '{class ags.goldenlionerp.GoldenLionErpApplication}', contextInitializerClasses = '[]', activeProfiles = '{}', propertySourceLocations = '{classpath:test.properties}', propertySourceProperties = '{org.springframework.boot.test.context.SpringBootTestContextBootstrapper=true}', contextCustomizers = set[org.springframework.boot.test.autoconfigure.properties.PropertyMappingContextCustomizer@0, org.springframework.boot.test.autoconfigure.web.servlet.WebDriverContextCustomizerFactory$Customizer@636d731e, [ImportsContextCustomizer@2a93360c key = [ags.goldenlionerp.apiTests.ApiTestBase$TestConfig]], org.springframework.boot.test.context.filter.ExcludeFilterContextCustomizer@6afa5291, org.springframework.boot.test.json.DuplicateJsonObjectContextCustomizerFactory$DuplicateJsonObjectContextCustomizer@20cebcb4, org.springframework.boot.test.mock.mockito.MockitoContextCustomizer@0, org.springframework.boot.test.web.client.TestRestTemplateContextCustomizer@49a32273], resourceBasePath = 'src/main/webapp', contextLoader = 'org.springframework.boot.test.context.SpringBootContextLoader', parent = [null]], attributes = map['org.springframework.test.context.web.ServletTestExecutionListener.activateListener' -> true, 'org.springframework.test.context.web.ServletTestExecutionListener.populatedRequestContextHolder' -> true, 'org.springframework.test.context.web.ServletTestExecutionListener.resetRequestContextHolder' -> true]]; transaction manager [org.springframework.orm.jpa.JpaTransactionManager@75de8c12]; rollback [true]
2018-12-27 11:25:53.320  INFO 2120 --- [    Test worker] o.s.b.t.m.w.SpringBootMockServletContext : Initializing Spring FrameworkServlet ''
2018-12-27 11:25:53.320  INFO 2120 --- [    Test worker] o.s.t.web.servlet.TestDispatcherServlet  : FrameworkServlet '': initialization started
2018-12-27 11:25:53.328  INFO 2120 --- [    Test worker] o.s.t.web.servlet.TestDispatcherServlet  : FrameworkServlet '': initialization completed in 8 ms
Hibernate: select salesorder0_.shcoid as shcoid1_36_0_, salesorder0_.shdocono as shdocono2_36_0_, salesorder0_.shdocoty as shdocoty3_36_0_, salesorder0_.shcid as shcid4_36_0_, salesorder0_.shdtin as shdtin5_36_0_, salesorder0_.shtmin as shtmin6_36_0_, salesorder0_.shuid as shuid7_36_0_, salesorder0_.shdtlu as shdtlu8_36_0_, salesorder0_.shtmlu as shtmlu9_36_0_, salesorder0_.shuidm as shuidm10_36_0_, salesorder0_.shata as shata11_36_0_, salesorder0_.shatd as shatd12_36_0_, salesorder0_.shcrcb as shcrcb13_36_0_, salesorder0_.shbuid as shbuid14_36_0_, salesorder0_.shcldt as shcldt15_36_0_, salesorder0_.shcot as shcot16_36_0_, salesorder0_.shcsid as shcsid17_36_0_, salesorder0_.shcsdocdt as shcsdoc18_36_0_, salesorder0_.shcsdocno as shcsdoc19_36_0_, salesorder0_.shdod as shdod20_36_0_, salesorder0_.shdol as shdol21_36_0_, salesorder0_.shdou as shdou22_36_0_, salesorder0_.shdldt as shdldt23_36_0_, salesorder0_.shdesb1 as shdesb24_36_0_, salesorder0_.shdccd as shdccd25_36_0_, salesorder0_.shdcrt as shdcrt26_36_0_, salesorder0_.sheta as sheta27_36_0_, salesorder0_.shetd as shetd28_36_0_, salesorder0_.shexcrt as shexcrt29_36_0_, salesorder0_.shexid as shexid30_36_0_, salesorder0_.shead as shead31_36_0_, salesorder0_.shean as shean32_36_0_, salesorder0_.shedd as shedd33_36_0_, salesorder0_.shedn as shedn34_36_0_, salesorder0_.shfbd as shfbd35_36_0_, salesorder0_.shfbn as shfbn36_36_0_, salesorder0_.shfhc as shfhc37_36_0_, salesorder0_.shgldt as shgldt38_36_0_, salesorder0_.shgscrt as shgscrt39_36_0_, salesorder0_.shhcod as shhcod40_36_0_, salesorder0_.shlst as shlst41_36_0_, salesorder0_.shnst as shnst42_36_0_, salesorder0_.shobid as shobid43_36_0_, salesorder0_.shordt as shordt44_36_0_, salesorder0_.shordocdt as shordoc45_36_0_, salesorder0_.shordocno as shordoc46_36_0_, salesorder0_.shprid as shprid47_36_0_, salesorder0_.shpyid as shpyid48_36_0_, salesorder0_.shptc as shptc49_36_0_, salesorder0_.shpoa as shpoa50_36_0_, salesorder0_.shpod as shpod51_36_0_, salesorder0_.shrbuid as shrbuid52_36_0_, salesorder0_.shpjid as shpjid53_36_0_, salesorder0_.shpddt as shpddt54_36_0_, salesorder0_.shstid as shstid55_36_0_, salesorder0_.shrqdt as shrqdt56_36_0_, salesorder0_.shslid as shslid57_36_0_, salesorder0_.shshcn as shshcn58_36_0_, salesorder0_.shshmt as shshmt59_36_0_, salesorder0_.shtagid as shtagid60_36_0_, salesorder0_.shtaxal as shtaxal61_36_0_, salesorder0_.shtaxcd as shtaxcd62_36_0_, salesorder0_.shtaxrt as shtaxrt63_36_0_, salesorder0_.shcrct as shcrct64_36_0_, salesorder0_.shurdt1 as shurdt65_36_0_, salesorder0_.shurdt2 as shurdt66_36_0_ from t4201 salesorder0_ where salesorder0_.shcoid=? and salesorder0_.shdocono=? and salesorder0_.shdocoty=?
Hibernate: select details0_.sdcoid as sdcoid1_37_0_, details0_.sddocono as sddocono2_37_0_, details0_.sddocoty as sddocoty4_37_0_, details0_.sddocosq as sddocosq3_37_0_, details0_.sdcoid as sdcoid1_37_1_, details0_.sddocono as sddocono2_37_1_, details0_.sddocosq as sddocosq3_37_1_, details0_.sddocoty as sddocoty4_37_1_, details0_.sdcid as sdcid5_37_1_, details0_.sddtin as sddtin6_37_1_, details0_.sdtmin as sdtmin7_37_1_, details0_.sduid as sduid8_37_1_, details0_.sddtlu as sddtlu9_37_1_, details0_.sdtmlu as sdtmlu10_37_1_, details0_.sduidm as sduidm11_37_1_, details0_.sdacid as sdacid12_37_1_, details0_.sdcrcb as sdcrcb13_37_1_, details0_.sditc02 as sditc14_37_1_, details0_.sdbuid as sdbuid15_37_1_, details0_.sdqtycl as sdqtycl16_37_1_, details0_.sditc01 as sditc17_37_1_, details0_.sdcldt as sdcldt18_37_1_, details0_.sdcnid as sdcnid19_37_1_, details0_.sdcsid as sdcsid20_37_1_, details0_.sddldt as sddldt21_37_1_, details0_.sddccd as sddccd22_37_1_, details0_.sddcrt as sddcrt23_37_1_, details0_.sdexcrt as sdexcrt24_37_1_, details0_.sdexid as sdexid25_37_1_, details0_.sdexcost as sdexcos26_37_1_, details0_.sdexprice as sdexpri27_37_1_, details0_.sdqtyx as sdqtyx28_37_1_, details0_.sducfx as sducfx29_37_1_, details0_.sduomx as sduomx30_37_1_, details0_.sdunpricex as sdunpri31_37_1_, details0_.sdfep as sdfep32_37_1_, details0_.sdfta as sdfta33_37_1_, details0_.sdftb as sdftb34_37_1_, details0_.sdfup as sdfup35_37_1_, details0_.sdglcls as sdglcls36_37_1_, details0_.sdgldt as sdgldt37_37_1_, details0_.sdgscrt as sdgscrt38_37_1_, details0_.sdhcod as sdhcod39_37_1_, details0_.sdir02 as sdir40_37_1_, details0_.sdir01 as sdir41_37_1_, details0_.sdir03 as sdir42_37_1_, details0_.sdinum as sdinum43_37_1_, details0_.sddesb1 as sddesb44_37_1_, details0_.sditc05 as sditc45_37_1_, details0_.sdlst as sdlst46_37_1_, details0_.sdlnty as sdlnty47_37_1_, details0_.sdlocid as sdlocid48_37_1_, details0_.sdnst as sdnst49_37_1_, details0_.sdobid as sdobid50_37_1_, details0_.sdqtyop as sdqtyop51_37_1_, details0_.sdordt as sdordt52_37_1_, details0_.sdott as sdott53_37_1_, details0_.sdordocdt as sdordoc54_37_1_, details0_.sdordocno as sdordoc55_37_1_, details0_.sdordocsq as sdordoc56_37_1_, details0_.sdordocty as sdordoc57_37_1_, details0_.sdprid as sdprid58_37_1_, details0_.sdpyid as sdpyid59_37_1_, details0_.sdptc as sdptc60_37_1_, details0_.sdpqor as sdpqor61_37_1_, details0_.sduom1 as sduom62_37_1_, details0_.sdrbuid as sdrbuid63_37_1_, details0_.sdpjid as sdpjid64_37_1_, details0_.sdpddt as sdpddt65_37_1_, details0_.sdqty as sdqty66_37_1_, details0_.sdstid as sdstid67_37_1_, details0_.sdvr04 as sdvr68_37_1_, details0_.sdvr01 as sdvr69_37_1_, details0_.sdvr03 as sdvr70_37_1_, details0_.sdvr05 as sdvr71_37_1_, details0_.sdvr02 as sdvr72_37_1_, details0_.sdrldocno as sdrldoc73_37_1_, details0_.sdrldocsq as sdrldoc74_37_1_, details0_.sdrldocty as sdrldoc75_37_1_, details0_.sdrqdt as sdrqdt76_37_1_, details0_.sdqtyrn as sdqtyrn77_37_1_, details0_.sdso03 as sdso78_37_1_, details0_.sdso01 as sdso79_37_1_, details0_.sdso02 as sdso80_37_1_, details0_.sdslid as sdslid81_37_1_, details0_.sdsqor as sdsqor82_37_1_, details0_.sduom2 as sduom83_37_1_, details0_.sdsnlot as sdsnlot84_37_1_, details0_.sdslrc1 as sdslrc85_37_1_, details0_.sdqtysh as sdqtysh86_37_1_, details0_.sdtaxal as sdtaxal87_37_1_, details0_.sdtaxam as sdtaxam88_37_1_, details0_.sdtaxab as sdtaxab89_37_1_, details0_.sdtaxcd as sdtaxcd90_37_1_, details0_.sdtaxrt as sdtaxrt91_37_1_, details0_.sdcrct as sdcrct92_37_1_, details0_.sditc03 as sditc93_37_1_, details0_.sducf as sducf94_37_1_, details0_.sduncost as sduncos95_37_1_, details0_.sdudc as sdudc96_37_1_, details0_.sdudf as sdudf97_37_1_, details0_.sduom as sduom98_37_1_, details0_.sdunprice as sdunpri99_37_1_, details0_.sdurnb1 as sdurnb100_37_1_, details0_.sdurnb2 as sdurnb101_37_1_, details0_.sdvhrn as sdvhrn102_37_1_, details0_.sdvhty as sdvhty103_37_1_, details0_.sdqtyvl as sdqtyv104_37_1_, details0_.sduomv as sduomv105_37_1_, details0_.sdqtywt as sdqtyw106_37_1_, details0_.sduomw as sduomw107_37_1_ from t4211 details0_ where details0_.sdcoid=? and details0_.sddocono=? and details0_.sddocoty=?
Hibernate: select count(salesshipm0_.slcoid) as col_0_0_ from t4212 salesshipm0_ where salesshipm0_.slcoid=? and salesshipm0_.sldocno=? and salesshipm0_.sldocty=?
Hibernate: select nextnumber0_.ncdocty as ncdocty1_3_0_, nextnumber0_.nccid as nccid2_3_0_, nextnumber0_.ncdtin as ncdtin3_3_0_, nextnumber0_.nctmin as nctmin4_3_0_, nextnumber0_.ncuid as ncuid5_3_0_, nextnumber0_.ncdtlu as ncdtlu6_3_0_, nextnumber0_.nctmlu as nctmlu7_3_0_, nextnumber0_.ncuidm as ncuidm8_3_0_, nextnumber0_.ncinmo as ncinmo9_3_0_, nextnumber0_.ncinyr as ncinyr10_3_0_, nextnumber0_.ncrsmt as ncrsmt11_3_0_, nextnumber0_.ncrsat as ncrsat12_3_0_ from t0010n nextnumber0_ where nextnumber0_.ncdocty=?
Hibernate: select nextnumber0_.nncoid as nncoid1_0_0_, nextnumber0_.nndocbty as nndocbty2_0_0_, nextnumber0_.nnmo as nnmo3_0_0_, nextnumber0_.nnyr as nnyr4_0_0_, nextnumber0_.nncid as nncid5_0_0_, nextnumber0_.nndtin as nndtin6_0_0_, nextnumber0_.nntmin as nntmin7_0_0_, nextnumber0_.nnuid as nnuid8_0_0_, nextnumber0_.nndtlu as nndtlu9_0_0_, nextnumber0_.nntmlu as nntmlu10_0_0_, nextnumber0_.nnuidm as nnuidm11_0_0_, nextnumber0_.nnseq as nnseq12_0_0_ from t0002 nextnumber0_ where nextnumber0_.nncoid=? and nextnumber0_.nndocbty=? and nextnumber0_.nnmo=? and nextnumber0_.nnyr=?
Hibernate: select nextnumber0_.nncoid as nncoid1_0_0_, nextnumber0_.nndocbty as nndocbty2_0_0_, nextnumber0_.nnmo as nnmo3_0_0_, nextnumber0_.nnyr as nnyr4_0_0_, nextnumber0_.nncid as nncid5_0_0_, nextnumber0_.nndtin as nndtin6_0_0_, nextnumber0_.nntmin as nntmin7_0_0_, nextnumber0_.nnuid as nnuid8_0_0_, nextnumber0_.nndtlu as nndtlu9_0_0_, nextnumber0_.nntmlu as nntmlu10_0_0_, nextnumber0_.nnuidm as nnuidm11_0_0_, nextnumber0_.nnseq as nnseq12_0_0_ from t0002 nextnumber0_ where nextnumber0_.nncoid=? and nextnumber0_.nndocbty=? and nextnumber0_.nnmo=? and nextnumber0_.nnyr=?
Hibernate: select itemmaster0_.iminum as iminum1_31_0_, itemmaster0_.imcid as imcid2_31_0_, itemmaster0_.imdtin as imdtin3_31_0_, itemmaster0_.imtmin as imtmin4_31_0_, itemmaster0_.imuid as imuid5_31_0_, itemmaster0_.imdtlu as imdtlu6_31_0_, itemmaster0_.imtmlu as imtmlu7_31_0_, itemmaster0_.imuidm as imuidm8_31_0_, itemmaster0_.iminumb as iminumb9_31_0_, itemmaster0_.imctm as imctm10_31_0_, itemmaster0_.imitc02 as imitc11_31_0_, itemmaster0_.imitc01 as imitc12_31_0_, itemmaster0_.imitc10 as imitc13_31_0_, itemmaster0_.imitc04 as imitc14_31_0_, itemmaster0_.imitc06 as imitc15_31_0_, itemmaster0_.imitc07 as imitc16_31_0_, itemmaster0_.imitc08 as imitc17_31_0_, itemmaster0_.imitc09 as imitc18_31_0_, itemmaster0_.imitc05 as imitc19_31_0_, itemmaster0_.imslrc0 as imslrc20_31_0_, itemmaster0_.imslrc1 as imslrc21_31_0_, itemmaster0_.imslrc2 as imslrc22_31_0_, itemmaster0_.imslrc3 as imslrc23_31_0_, itemmaster0_.imslrc4 as imslrc24_31_0_, itemmaster0_.imslrc5 as imslrc25_31_0_, itemmaster0_.imslrc6 as imslrc26_31_0_, itemmaster0_.imslrc7 as imslrc27_31_0_, itemmaster0_.imslrc8 as imslrc28_31_0_, itemmaster0_.imslrc9 as imslrc29_31_0_, itemmaster0_.imitc03 as imitc30_31_0_, itemmaster0_.imdesb1 as imdesb31_31_0_, itemmaster0_.imdesd1 as imdesd32_31_0_, itemmaster0_.imglcls as imglcls33_31_0_, itemmaster0_.imicl as imicl34_31_0_, itemmaster0_.imilc as imilc35_31_0_, itemmaster0_.iminums as iminums36_31_0_, itemmaster0_.imipg as imipg37_31_0_, itemmaster0_.imlsc as imlsc38_31_0_, itemmaster0_.imdaqc as imdaqc39_31_0_, itemmaster0_.imgscrt as imgscrt40_31_0_, itemmaster0_.imsiops as imsiops41_31_0_, itemmaster0_.imbpid as imbpid42_31_0_, itemmaster0_.imcsid as imcsid43_31_0_, itemmaster0_.imudf as imudf44_31_0_, itemmaster0_.impmmf as impmmf45_31_0_, itemmaster0_.imrbii as imrbii46_31_0_, itemmaster0_.imrbim as imrbim47_31_0_, itemmaster0_.imrbis as imrbis48_31_0_, itemmaster0_.imvnid as imvnid49_31_0_, itemmaster0_.imtaxpc as imtaxpc50_31_0_, itemmaster0_.imtaxsc as imtaxsc51_31_0_, itemmaster0_.iminump as iminump52_31_0_, itemmaster0_.implg as implg53_31_0_, itemmaster0_.imppl as imppl54_31_0_, itemmaster0_.imspl as imspl55_31_0_, itemmaster0_.imsnr as imsnr56_31_0_, itemmaster0_.imskty as imskty57_31_0_, itemmaster0_.imlnty as imlnty58_31_0_, itemmaster0_.imuom9 as imuom59_31_0_, itemmaster0_.imdppo as imdppo60_31_0_, itemmaster0_.imdlum as imdlum61_31_0_, itemmaster0_.imdlump as imdlump62_31_0_, itemmaster0_.imdlumt as imdlumt63_31_0_, itemmaster0_.imuom5 as imuom64_31_0_, itemmaster0_.imuom1 as imuom65_31_0_, itemmaster0_.imuom8 as imuom66_31_0_, itemmaster0_.imuom3 as imuom67_31_0_, itemmaster0_.imuom4 as imuom68_31_0_, itemmaster0_.imuom2 as imuom69_31_0_, itemmaster0_.imuom6 as imuom70_31_0_, itemmaster0_.imuoms as imuoms71_31_0_, itemmaster0_.imuomt as imuomt72_31_0_, itemmaster0_.imuomv as imuomv73_31_0_, itemmaster0_.imwcf as imwcf74_31_0_, itemmaster0_.imuomw as imuomw75_31_0_, itemmaster0_.imvict as imvict76_31_0_ from t4101 itemmaster0_ where itemmaster0_.iminum=?
Hibernate: select stocktrans0_.itcoid as itcoid1_35_0_, stocktrans0_.itdocno as itdocno2_35_0_, stocktrans0_.itdocty as itdocty3_35_0_, stocktrans0_.itdocsq as itdocsq4_35_0_, stocktrans0_.itcid as itcid5_35_0_, stocktrans0_.itdtin as itdtin6_35_0_, stocktrans0_.ittmin as ittmin7_35_0_, stocktrans0_.ituid as ituid8_35_0_, stocktrans0_.itdtlu as itdtlu9_35_0_, stocktrans0_.ittmlu as ittmlu10_35_0_, stocktrans0_.ituidm as ituidm11_35_0_, stocktrans0_.iticu as iticu12_35_0_, stocktrans0_.itpost as itpost13_35_0_, stocktrans0_.iticut as iticut14_35_0_, stocktrans0_.itanum as itanum15_35_0_, stocktrans0_.itst as itst16_35_0_, stocktrans0_.itbuid as itbuid17_35_0_, stocktrans0_.itdesb2 as itdesb18_35_0_, stocktrans0_.itdocdt as itdocdt19_35_0_, stocktrans0_.itdocmo as itdocmo20_35_0_, stocktrans0_.itdoctm as itdoctm21_35_0_, stocktrans0_.itdocyr as itdocyr22_35_0_, stocktrans0_.itexpdt as itexpdt23_35_0_, stocktrans0_.itexcost as itexcos24_35_0_, stocktrans0_.itft as itft25_35_0_, stocktrans0_.itglcls as itglcls26_35_0_, stocktrans0_.itgldt as itgldt27_35_0_, stocktrans0_.itipcd as itipcd28_35_0_, stocktrans0_.ititt as ititt29_35_0_, stocktrans0_.itinum as itinum30_35_0_, stocktrans0_.itdesb1 as itdesb31_35_0_, stocktrans0_.itlocid as itlocid32_35_0_, stocktrans0_.itobid as itobid33_35_0_, stocktrans0_.itdocono as itdocon34_35_0_, stocktrans0_.itdocosq as itdocos35_35_0_, stocktrans0_.itdocoty as itdocot36_35_0_, stocktrans0_.itpqot as itpqot37_35_0_, stocktrans0_.ituom1 as ituom38_35_0_, stocktrans0_.itqty as itqty39_35_0_, stocktrans0_.itrecid as itrecid40_35_0_, stocktrans0_.itrldocno as itrldoc41_35_0_, stocktrans0_.itrldocsq as itrldoc42_35_0_, stocktrans0_.itrldocty as itrldoc43_35_0_, stocktrans0_.itsqot as itsqot44_35_0_, stocktrans0_.ituom2 as ituom45_35_0_, stocktrans0_.itsnlot as itsnlot46_35_0_, stocktrans0_.itucf as itucf47_35_0_, stocktrans0_.ituncost as ituncos48_35_0_, stocktrans0_.ituom as ituom49_35_0_, stocktrans0_.itdvs as itdvs50_35_0_ from t4111 stocktrans0_ where stocktrans0_.itcoid=? and stocktrans0_.itdocno=? and stocktrans0_.itdocty=? and stocktrans0_.itdocsq=?
Hibernate: select itemmaster0_.iminum as iminum1_31_0_, itemmaster0_.imcid as imcid2_31_0_, itemmaster0_.imdtin as imdtin3_31_0_, itemmaster0_.imtmin as imtmin4_31_0_, itemmaster0_.imuid as imuid5_31_0_, itemmaster0_.imdtlu as imdtlu6_31_0_, itemmaster0_.imtmlu as imtmlu7_31_0_, itemmaster0_.imuidm as imuidm8_31_0_, itemmaster0_.iminumb as iminumb9_31_0_, itemmaster0_.imctm as imctm10_31_0_, itemmaster0_.imitc02 as imitc11_31_0_, itemmaster0_.imitc01 as imitc12_31_0_, itemmaster0_.imitc10 as imitc13_31_0_, itemmaster0_.imitc04 as imitc14_31_0_, itemmaster0_.imitc06 as imitc15_31_0_, itemmaster0_.imitc07 as imitc16_31_0_, itemmaster0_.imitc08 as imitc17_31_0_, itemmaster0_.imitc09 as imitc18_31_0_, itemmaster0_.imitc05 as imitc19_31_0_, itemmaster0_.imslrc0 as imslrc20_31_0_, itemmaster0_.imslrc1 as imslrc21_31_0_, itemmaster0_.imslrc2 as imslrc22_31_0_, itemmaster0_.imslrc3 as imslrc23_31_0_, itemmaster0_.imslrc4 as imslrc24_31_0_, itemmaster0_.imslrc5 as imslrc25_31_0_, itemmaster0_.imslrc6 as imslrc26_31_0_, itemmaster0_.imslrc7 as imslrc27_31_0_, itemmaster0_.imslrc8 as imslrc28_31_0_, itemmaster0_.imslrc9 as imslrc29_31_0_, itemmaster0_.imitc03 as imitc30_31_0_, itemmaster0_.imdesb1 as imdesb31_31_0_, itemmaster0_.imdesd1 as imdesd32_31_0_, itemmaster0_.imglcls as imglcls33_31_0_, itemmaster0_.imicl as imicl34_31_0_, itemmaster0_.imilc as imilc35_31_0_, itemmaster0_.iminums as iminums36_31_0_, itemmaster0_.imipg as imipg37_31_0_, itemmaster0_.imlsc as imlsc38_31_0_, itemmaster0_.imdaqc as imdaqc39_31_0_, itemmaster0_.imgscrt as imgscrt40_31_0_, itemmaster0_.imsiops as imsiops41_31_0_, itemmaster0_.imbpid as imbpid42_31_0_, itemmaster0_.imcsid as imcsid43_31_0_, itemmaster0_.imudf as imudf44_31_0_, itemmaster0_.impmmf as impmmf45_31_0_, itemmaster0_.imrbii as imrbii46_31_0_, itemmaster0_.imrbim as imrbim47_31_0_, itemmaster0_.imrbis as imrbis48_31_0_, itemmaster0_.imvnid as imvnid49_31_0_, itemmaster0_.imtaxpc as imtaxpc50_31_0_, itemmaster0_.imtaxsc as imtaxsc51_31_0_, itemmaster0_.iminump as iminump52_31_0_, itemmaster0_.implg as implg53_31_0_, itemmaster0_.imppl as imppl54_31_0_, itemmaster0_.imspl as imspl55_31_0_, itemmaster0_.imsnr as imsnr56_31_0_, itemmaster0_.imskty as imskty57_31_0_, itemmaster0_.imlnty as imlnty58_31_0_, itemmaster0_.imuom9 as imuom59_31_0_, itemmaster0_.imdppo as imdppo60_31_0_, itemmaster0_.imdlum as imdlum61_31_0_, itemmaster0_.imdlump as imdlump62_31_0_, itemmaster0_.imdlumt as imdlumt63_31_0_, itemmaster0_.imuom5 as imuom64_31_0_, itemmaster0_.imuom1 as imuom65_31_0_, itemmaster0_.imuom8 as imuom66_31_0_, itemmaster0_.imuom3 as imuom67_31_0_, itemmaster0_.imuom4 as imuom68_31_0_, itemmaster0_.imuom2 as imuom69_31_0_, itemmaster0_.imuom6 as imuom70_31_0_, itemmaster0_.imuoms as imuoms71_31_0_, itemmaster0_.imuomt as imuomt72_31_0_, itemmaster0_.imuomv as imuomv73_31_0_, itemmaster0_.imwcf as imwcf74_31_0_, itemmaster0_.imuomw as imuomw75_31_0_, itemmaster0_.imvict as imvict76_31_0_ from t4101 itemmaster0_ where itemmaster0_.iminum=?
Hibernate: select itemmaster0_.iminum as iminum1_31_0_, itemmaster0_.imcid as imcid2_31_0_, itemmaster0_.imdtin as imdtin3_31_0_, itemmaster0_.imtmin as imtmin4_31_0_, itemmaster0_.imuid as imuid5_31_0_, itemmaster0_.imdtlu as imdtlu6_31_0_, itemmaster0_.imtmlu as imtmlu7_31_0_, itemmaster0_.imuidm as imuidm8_31_0_, itemmaster0_.iminumb as iminumb9_31_0_, itemmaster0_.imctm as imctm10_31_0_, itemmaster0_.imitc02 as imitc11_31_0_, itemmaster0_.imitc01 as imitc12_31_0_, itemmaster0_.imitc10 as imitc13_31_0_, itemmaster0_.imitc04 as imitc14_31_0_, itemmaster0_.imitc06 as imitc15_31_0_, itemmaster0_.imitc07 as imitc16_31_0_, itemmaster0_.imitc08 as imitc17_31_0_, itemmaster0_.imitc09 as imitc18_31_0_, itemmaster0_.imitc05 as imitc19_31_0_, itemmaster0_.imslrc0 as imslrc20_31_0_, itemmaster0_.imslrc1 as imslrc21_31_0_, itemmaster0_.imslrc2 as imslrc22_31_0_, itemmaster0_.imslrc3 as imslrc23_31_0_, itemmaster0_.imslrc4 as imslrc24_31_0_, itemmaster0_.imslrc5 as imslrc25_31_0_, itemmaster0_.imslrc6 as imslrc26_31_0_, itemmaster0_.imslrc7 as imslrc27_31_0_, itemmaster0_.imslrc8 as imslrc28_31_0_, itemmaster0_.imslrc9 as imslrc29_31_0_, itemmaster0_.imitc03 as imitc30_31_0_, itemmaster0_.imdesb1 as imdesb31_31_0_, itemmaster0_.imdesd1 as imdesd32_31_0_, itemmaster0_.imglcls as imglcls33_31_0_, itemmaster0_.imicl as imicl34_31_0_, itemmaster0_.imilc as imilc35_31_0_, itemmaster0_.iminums as iminums36_31_0_, itemmaster0_.imipg as imipg37_31_0_, itemmaster0_.imlsc as imlsc38_31_0_, itemmaster0_.imdaqc as imdaqc39_31_0_, itemmaster0_.imgscrt as imgscrt40_31_0_, itemmaster0_.imsiops as imsiops41_31_0_, itemmaster0_.imbpid as imbpid42_31_0_, itemmaster0_.imcsid as imcsid43_31_0_, itemmaster0_.imudf as imudf44_31_0_, itemmaster0_.impmmf as impmmf45_31_0_, itemmaster0_.imrbii as imrbii46_31_0_, itemmaster0_.imrbim as imrbim47_31_0_, itemmaster0_.imrbis as imrbis48_31_0_, itemmaster0_.imvnid as imvnid49_31_0_, itemmaster0_.imtaxpc as imtaxpc50_31_0_, itemmaster0_.imtaxsc as imtaxsc51_31_0_, itemmaster0_.iminump as iminump52_31_0_, itemmaster0_.implg as implg53_31_0_, itemmaster0_.imppl as imppl54_31_0_, itemmaster0_.imspl as imspl55_31_0_, itemmaster0_.imsnr as imsnr56_31_0_, itemmaster0_.imskty as imskty57_31_0_, itemmaster0_.imlnty as imlnty58_31_0_, itemmaster0_.imuom9 as imuom59_31_0_, itemmaster0_.imdppo as imdppo60_31_0_, itemmaster0_.imdlum as imdlum61_31_0_, itemmaster0_.imdlump as imdlump62_31_0_, itemmaster0_.imdlumt as imdlumt63_31_0_, itemmaster0_.imuom5 as imuom64_31_0_, itemmaster0_.imuom1 as imuom65_31_0_, itemmaster0_.imuom8 as imuom66_31_0_, itemmaster0_.imuom3 as imuom67_31_0_, itemmaster0_.imuom4 as imuom68_31_0_, itemmaster0_.imuom2 as imuom69_31_0_, itemmaster0_.imuom6 as imuom70_31_0_, itemmaster0_.imuoms as imuoms71_31_0_, itemmaster0_.imuomt as imuomt72_31_0_, itemmaster0_.imuomv as imuomv73_31_0_, itemmaster0_.imwcf as imwcf74_31_0_, itemmaster0_.imuomw as imuomw75_31_0_, itemmaster0_.imvict as imvict76_31_0_ from t4101 itemmaster0_ where itemmaster0_.iminum=?
Hibernate: select stocktrans0_.itcoid as itcoid1_35_0_, stocktrans0_.itdocno as itdocno2_35_0_, stocktrans0_.itdocty as itdocty3_35_0_, stocktrans0_.itdocsq as itdocsq4_35_0_, stocktrans0_.itcid as itcid5_35_0_, stocktrans0_.itdtin as itdtin6_35_0_, stocktrans0_.ittmin as ittmin7_35_0_, stocktrans0_.ituid as ituid8_35_0_, stocktrans0_.itdtlu as itdtlu9_35_0_, stocktrans0_.ittmlu as ittmlu10_35_0_, stocktrans0_.ituidm as ituidm11_35_0_, stocktrans0_.iticu as iticu12_35_0_, stocktrans0_.itpost as itpost13_35_0_, stocktrans0_.iticut as iticut14_35_0_, stocktrans0_.itanum as itanum15_35_0_, stocktrans0_.itst as itst16_35_0_, stocktrans0_.itbuid as itbuid17_35_0_, stocktrans0_.itdesb2 as itdesb18_35_0_, stocktrans0_.itdocdt as itdocdt19_35_0_, stocktrans0_.itdocmo as itdocmo20_35_0_, stocktrans0_.itdoctm as itdoctm21_35_0_, stocktrans0_.itdocyr as itdocyr22_35_0_, stocktrans0_.itexpdt as itexpdt23_35_0_, stocktrans0_.itexcost as itexcos24_35_0_, stocktrans0_.itft as itft25_35_0_, stocktrans0_.itglcls as itglcls26_35_0_, stocktrans0_.itgldt as itgldt27_35_0_, stocktrans0_.itipcd as itipcd28_35_0_, stocktrans0_.ititt as ititt29_35_0_, stocktrans0_.itinum as itinum30_35_0_, stocktrans0_.itdesb1 as itdesb31_35_0_, stocktrans0_.itlocid as itlocid32_35_0_, stocktrans0_.itobid as itobid33_35_0_, stocktrans0_.itdocono as itdocon34_35_0_, stocktrans0_.itdocosq as itdocos35_35_0_, stocktrans0_.itdocoty as itdocot36_35_0_, stocktrans0_.itpqot as itpqot37_35_0_, stocktrans0_.ituom1 as ituom38_35_0_, stocktrans0_.itqty as itqty39_35_0_, stocktrans0_.itrecid as itrecid40_35_0_, stocktrans0_.itrldocno as itrldoc41_35_0_, stocktrans0_.itrldocsq as itrldoc42_35_0_, stocktrans0_.itrldocty as itrldoc43_35_0_, stocktrans0_.itsqot as itsqot44_35_0_, stocktrans0_.ituom2 as ituom45_35_0_, stocktrans0_.itsnlot as itsnlot46_35_0_, stocktrans0_.itucf as itucf47_35_0_, stocktrans0_.ituncost as ituncos48_35_0_, stocktrans0_.ituom as ituom49_35_0_, stocktrans0_.itdvs as itdvs50_35_0_ from t4111 stocktrans0_ where stocktrans0_.itcoid=? and stocktrans0_.itdocno=? and stocktrans0_.itdocty=? and stocktrans0_.itdocsq=?
Hibernate: select lotmaster0_.ltbuid as ltbuid1_34_, lotmaster0_.ltinum as ltinum2_34_, lotmaster0_.ltsnlot as ltsnlot3_34_, lotmaster0_.ltcid as ltcid4_34_, lotmaster0_.ltdtin as ltdtin5_34_, lotmaster0_.lttmin as lttmin6_34_, lotmaster0_.ltuid as ltuid7_34_, lotmaster0_.ltdtlu as ltdtlu8_34_, lotmaster0_.lttmlu as lttmlu9_34_, lotmaster0_.ltuidm as ltuidm10_34_, lotmaster0_.ltbodt as ltbodt11_34_, lotmaster0_.ltbbdt as ltbbdt12_34_, lotmaster0_.ltcldt as ltcldt13_34_, lotmaster0_.ltexpdt as ltexpdt14_34_, lotmaster0_.ltldsc as ltldsc15_34_, lotmaster0_.ltledt as ltledt16_34_, lotmaster0_.ltlsc as ltlsc17_34_, lotmaster0_.ltmlot1 as ltmlot18_34_, lotmaster0_.ltmlot2 as ltmlot19_34_, lotmaster0_.ltmlot3 as ltmlot20_34_, lotmaster0_.ltohdt as ltohdt21_34_, lotmaster0_.ltsern as ltsern22_34_ from t4108 lotmaster0_ where lotmaster0_.ltbuid=? and lotmaster0_.ltinum=? and lotmaster0_.ltsnlot=? or lotmaster0_.ltbuid=? and lotmaster0_.ltinum=? and lotmaster0_.ltsnlot=? or lotmaster0_.ltbuid=? and lotmaster0_.ltinum=? and lotmaster0_.ltsnlot=?
Hibernate: select salesshipm0_.slcoid as slcoid1_38_0_, salesshipm0_.sldocno as sldocno2_38_0_, salesshipm0_.sldocty as sldocty3_38_0_, salesshipm0_.sldocsq as sldocsq4_38_0_, salesshipm0_.slcid as slcid5_38_0_, salesshipm0_.sldtin as sldtin6_38_0_, salesshipm0_.sltmin as sltmin7_38_0_, salesshipm0_.sluid as sluid8_38_0_, salesshipm0_.sldtlu as sldtlu9_38_0_, salesshipm0_.sltmlu as sltmlu10_38_0_, salesshipm0_.sluidm as sluidm11_38_0_, salesshipm0_.slacid as slacid12_38_0_, salesshipm0_.slata as slata13_38_0_, salesshipm0_.slatd as slatd14_38_0_, salesshipm0_.slcrcb as slcrcb15_38_0_, salesshipm0_.slicu as slicu16_38_0_, salesshipm0_.slicut as slicut17_38_0_, salesshipm0_.slitc02 as slitc18_38_0_, salesshipm0_.slbuid as slbuid19_38_0_, salesshipm0_.slitc01 as slitc20_38_0_, salesshipm0_.slcnid as slcnid21_38_0_, salesshipm0_.slcsid as slcsid22_38_0_, salesshipm0_.slcsdocdt as slcsdoc23_38_0_, salesshipm0_.slcsdocno as slcsdoc24_38_0_, salesshipm0_.sldod as sldod25_38_0_, salesshipm0_.sldol as sldol26_38_0_, salesshipm0_.sldou as sldou27_38_0_, salesshipm0_.sldldt as sldldt28_38_0_, salesshipm0_.sldesc1 as sldesc29_38_0_, salesshipm0_.sldesc2 as sldesc30_38_0_, salesshipm0_.sldccd as sldccd31_38_0_, salesshipm0_.sldcrt as sldcrt32_38_0_, salesshipm0_.sldocdt as sldocdt33_38_0_, salesshipm0_.sleta as sleta34_38_0_, salesshipm0_.sletd as sletd35_38_0_, salesshipm0_.slexcrt as slexcrt36_38_0_, salesshipm0_.slexid as slexid37_38_0_, salesshipm0_.slead as slead38_38_0_, salesshipm0_.slean as slean39_38_0_, salesshipm0_.sledd as sledd40_38_0_, salesshipm0_.sledn as sledn41_38_0_, salesshipm0_.slexcost as slexcos42_38_0_, salesshipm0_.slexprice as slexpri43_38_0_, salesshipm0_.slfep as slfep44_38_0_, salesshipm0_.slfta as slfta45_38_0_, salesshipm0_.slftb as slftb46_38_0_, salesshipm0_.slfup as slfup47_38_0_, salesshipm0_.slfbd as slfbd48_38_0_, salesshipm0_.slfbn as slfbn49_38_0_, salesshipm0_.slglcls as slglcls50_38_0_, salesshipm0_.slgscrt as slgscrt51_38_0_, salesshipm0_.slir02 as slir52_38_0_, salesshipm0_.slir01 as slir53_38_0_, salesshipm0_.slir03 as slir54_38_0_, salesshipm0_.slitt as slitt55_38_0_, salesshipm0_.sldocidt as sldocid56_38_0_, salesshipm0_.sldocino as sldocin57_38_0_, salesshipm0_.sldocisq as sldocis58_38_0_, salesshipm0_.sldocity as sldocit59_38_0_, salesshipm0_.slinum as slinum60_38_0_, salesshipm0_.sldesb1 as sldesb61_38_0_, salesshipm0_.slitc05 as slitc62_38_0_, salesshipm0_.sllst as sllst63_38_0_, salesshipm0_.sllnty as sllnty64_38_0_, salesshipm0_.sllocid as sllocid65_38_0_, salesshipm0_.slnst as slnst66_38_0_, salesshipm0_.slobid as slobid67_38_0_, salesshipm0_.sldocono as sldocon68_38_0_, salesshipm0_.sldocosq as sldocos69_38_0_, salesshipm0_.sldocoty as sldocot70_38_0_, salesshipm0_.slordocdt as slordoc71_38_0_, salesshipm0_.slordocno as slordoc72_38_0_, salesshipm0_.slordocsq as slordoc73_38_0_, salesshipm0_.slordocty as slordoc74_38_0_, salesshipm0_.slprid as slprid75_38_0_, salesshipm0_.slpyid as slpyid76_38_0_, salesshipm0_.slptc as slptc77_38_0_, salesshipm0_.slpoa as slpoa78_38_0_, salesshipm0_.slpod as slpod79_38_0_, salesshipm0_.slpqot as slpqot80_38_0_, salesshipm0_.sluom1 as sluom81_38_0_, salesshipm0_.slrbuid as slrbuid82_38_0_, salesshipm0_.slpjid as slpjid83_38_0_, salesshipm0_.slqty as slqty84_38_0_, salesshipm0_.slstid as slstid85_38_0_, salesshipm0_.slrecid as slrecid86_38_0_, salesshipm0_.slvr04 as slvr87_38_0_, salesshipm0_.slvr01 as slvr88_38_0_, salesshipm0_.slvr03 as slvr89_38_0_, salesshipm0_.slvr05 as slvr90_38_0_, salesshipm0_.slvr02 as slvr91_38_0_, salesshipm0_.slso03 as slso92_38_0_, salesshipm0_.slso01 as slso93_38_0_, salesshipm0_.slso02 as slso94_38_0_, salesshipm0_.slslid as slslid95_38_0_, salesshipm0_.slsqot as slsqot96_38_0_, salesshipm0_.sluom2 as sluom97_38_0_, salesshipm0_.slsnlot as slsnlot98_38_0_, salesshipm0_.slslrc1 as slslrc99_38_0_, salesshipm0_.slshcn as slshcn100_38_0_, salesshipm0_.sltaxal as sltaxa101_38_0_, salesshipm0_.sltaxam as sltaxa102_38_0_, salesshipm0_.sltaxab as sltaxa103_38_0_, salesshipm0_.sltaxcd as sltaxc104_38_0_, salesshipm0_.sltaxidt as sltaxi105_38_0_, salesshipm0_.sltaxino as sltaxi106_38_0_, salesshipm0_.sltaxrt as sltaxr107_38_0_, salesshipm0_.sldnop as sldnop108_38_0_, salesshipm0_.slinop as slinop109_38_0_, salesshipm0_.slcrct as slcrct110_38_0_, salesshipm0_.slitc03 as slitc111_38_0_, salesshipm0_.slucf as slucf112_38_0_, salesshipm0_.sluncost as slunco113_38_0_, salesshipm0_.sludc as sludc114_38_0_, salesshipm0_.sludf as sludf115_38_0_, salesshipm0_.sluom as sluom116_38_0_, salesshipm0_.slunprice as slunpr117_38_0_, salesshipm0_.slinvdt as slinvd118_38_0_, salesshipm0_.slinvno as slinvn119_38_0_ from t4212 salesshipm0_ where salesshipm0_.slcoid=? and salesshipm0_.sldocno=? and salesshipm0_.sldocty=? and salesshipm0_.sldocsq=?
Hibernate: select salesshipm0_.slcoid as slcoid1_38_0_, salesshipm0_.sldocno as sldocno2_38_0_, salesshipm0_.sldocty as sldocty3_38_0_, salesshipm0_.sldocsq as sldocsq4_38_0_, salesshipm0_.slcid as slcid5_38_0_, salesshipm0_.sldtin as sldtin6_38_0_, salesshipm0_.sltmin as sltmin7_38_0_, salesshipm0_.sluid as sluid8_38_0_, salesshipm0_.sldtlu as sldtlu9_38_0_, salesshipm0_.sltmlu as sltmlu10_38_0_, salesshipm0_.sluidm as sluidm11_38_0_, salesshipm0_.slacid as slacid12_38_0_, salesshipm0_.slata as slata13_38_0_, salesshipm0_.slatd as slatd14_38_0_, salesshipm0_.slcrcb as slcrcb15_38_0_, salesshipm0_.slicu as slicu16_38_0_, salesshipm0_.slicut as slicut17_38_0_, salesshipm0_.slitc02 as slitc18_38_0_, salesshipm0_.slbuid as slbuid19_38_0_, salesshipm0_.slitc01 as slitc20_38_0_, salesshipm0_.slcnid as slcnid21_38_0_, salesshipm0_.slcsid as slcsid22_38_0_, salesshipm0_.slcsdocdt as slcsdoc23_38_0_, salesshipm0_.slcsdocno as slcsdoc24_38_0_, salesshipm0_.sldod as sldod25_38_0_, salesshipm0_.sldol as sldol26_38_0_, salesshipm0_.sldou as sldou27_38_0_, salesshipm0_.sldldt as sldldt28_38_0_, salesshipm0_.sldesc1 as sldesc29_38_0_, salesshipm0_.sldesc2 as sldesc30_38_0_, salesshipm0_.sldccd as sldccd31_38_0_, salesshipm0_.sldcrt as sldcrt32_38_0_, salesshipm0_.sldocdt as sldocdt33_38_0_, salesshipm0_.sleta as sleta34_38_0_, salesshipm0_.sletd as sletd35_38_0_, salesshipm0_.slexcrt as slexcrt36_38_0_, salesshipm0_.slexid as slexid37_38_0_, salesshipm0_.slead as slead38_38_0_, salesshipm0_.slean as slean39_38_0_, salesshipm0_.sledd as sledd40_38_0_, salesshipm0_.sledn as sledn41_38_0_, salesshipm0_.slexcost as slexcos42_38_0_, salesshipm0_.slexprice as slexpri43_38_0_, salesshipm0_.slfep as slfep44_38_0_, salesshipm0_.slfta as slfta45_38_0_, salesshipm0_.slftb as slftb46_38_0_, salesshipm0_.slfup as slfup47_38_0_, salesshipm0_.slfbd as slfbd48_38_0_, salesshipm0_.slfbn as slfbn49_38_0_, salesshipm0_.slglcls as slglcls50_38_0_, salesshipm0_.slgscrt as slgscrt51_38_0_, salesshipm0_.slir02 as slir52_38_0_, salesshipm0_.slir01 as slir53_38_0_, salesshipm0_.slir03 as slir54_38_0_, salesshipm0_.slitt as slitt55_38_0_, salesshipm0_.sldocidt as sldocid56_38_0_, salesshipm0_.sldocino as sldocin57_38_0_, salesshipm0_.sldocisq as sldocis58_38_0_, salesshipm0_.sldocity as sldocit59_38_0_, salesshipm0_.slinum as slinum60_38_0_, salesshipm0_.sldesb1 as sldesb61_38_0_, salesshipm0_.slitc05 as slitc62_38_0_, salesshipm0_.sllst as sllst63_38_0_, salesshipm0_.sllnty as sllnty64_38_0_, salesshipm0_.sllocid as sllocid65_38_0_, salesshipm0_.slnst as slnst66_38_0_, salesshipm0_.slobid as slobid67_38_0_, salesshipm0_.sldocono as sldocon68_38_0_, salesshipm0_.sldocosq as sldocos69_38_0_, salesshipm0_.sldocoty as sldocot70_38_0_, salesshipm0_.slordocdt as slordoc71_38_0_, salesshipm0_.slordocno as slordoc72_38_0_, salesshipm0_.slordocsq as slordoc73_38_0_, salesshipm0_.slordocty as slordoc74_38_0_, salesshipm0_.slprid as slprid75_38_0_, salesshipm0_.slpyid as slpyid76_38_0_, salesshipm0_.slptc as slptc77_38_0_, salesshipm0_.slpoa as slpoa78_38_0_, salesshipm0_.slpod as slpod79_38_0_, salesshipm0_.slpqot as slpqot80_38_0_, salesshipm0_.sluom1 as sluom81_38_0_, salesshipm0_.slrbuid as slrbuid82_38_0_, salesshipm0_.slpjid as slpjid83_38_0_, salesshipm0_.slqty as slqty84_38_0_, salesshipm0_.slstid as slstid85_38_0_, salesshipm0_.slrecid as slrecid86_38_0_, salesshipm0_.slvr04 as slvr87_38_0_, salesshipm0_.slvr01 as slvr88_38_0_, salesshipm0_.slvr03 as slvr89_38_0_, salesshipm0_.slvr05 as slvr90_38_0_, salesshipm0_.slvr02 as slvr91_38_0_, salesshipm0_.slso03 as slso92_38_0_, salesshipm0_.slso01 as slso93_38_0_, salesshipm0_.slso02 as slso94_38_0_, salesshipm0_.slslid as slslid95_38_0_, salesshipm0_.slsqot as slsqot96_38_0_, salesshipm0_.sluom2 as sluom97_38_0_, salesshipm0_.slsnlot as slsnlot98_38_0_, salesshipm0_.slslrc1 as slslrc99_38_0_, salesshipm0_.slshcn as slshcn100_38_0_, salesshipm0_.sltaxal as sltaxa101_38_0_, salesshipm0_.sltaxam as sltaxa102_38_0_, salesshipm0_.sltaxab as sltaxa103_38_0_, salesshipm0_.sltaxcd as sltaxc104_38_0_, salesshipm0_.sltaxidt as sltaxi105_38_0_, salesshipm0_.sltaxino as sltaxi106_38_0_, salesshipm0_.sltaxrt as sltaxr107_38_0_, salesshipm0_.sldnop as sldnop108_38_0_, salesshipm0_.slinop as slinop109_38_0_, salesshipm0_.slcrct as slcrct110_38_0_, salesshipm0_.slitc03 as slitc111_38_0_, salesshipm0_.slucf as slucf112_38_0_, salesshipm0_.sluncost as slunco113_38_0_, salesshipm0_.sludc as sludc114_38_0_, salesshipm0_.sludf as sludf115_38_0_, salesshipm0_.sluom as sluom116_38_0_, salesshipm0_.slunprice as slunpr117_38_0_, salesshipm0_.slinvdt as slinvd118_38_0_, salesshipm0_.slinvno as slinvn119_38_0_ from t4212 salesshipm0_ where salesshipm0_.slcoid=? and salesshipm0_.sldocno=? and salesshipm0_.sldocty=? and salesshipm0_.sldocsq=?
Hibernate: select salesshipm0_.slcoid as slcoid1_38_0_, salesshipm0_.sldocno as sldocno2_38_0_, salesshipm0_.sldocty as sldocty3_38_0_, salesshipm0_.sldocsq as sldocsq4_38_0_, salesshipm0_.slcid as slcid5_38_0_, salesshipm0_.sldtin as sldtin6_38_0_, salesshipm0_.sltmin as sltmin7_38_0_, salesshipm0_.sluid as sluid8_38_0_, salesshipm0_.sldtlu as sldtlu9_38_0_, salesshipm0_.sltmlu as sltmlu10_38_0_, salesshipm0_.sluidm as sluidm11_38_0_, salesshipm0_.slacid as slacid12_38_0_, salesshipm0_.slata as slata13_38_0_, salesshipm0_.slatd as slatd14_38_0_, salesshipm0_.slcrcb as slcrcb15_38_0_, salesshipm0_.slicu as slicu16_38_0_, salesshipm0_.slicut as slicut17_38_0_, salesshipm0_.slitc02 as slitc18_38_0_, salesshipm0_.slbuid as slbuid19_38_0_, salesshipm0_.slitc01 as slitc20_38_0_, salesshipm0_.slcnid as slcnid21_38_0_, salesshipm0_.slcsid as slcsid22_38_0_, salesshipm0_.slcsdocdt as slcsdoc23_38_0_, salesshipm0_.slcsdocno as slcsdoc24_38_0_, salesshipm0_.sldod as sldod25_38_0_, salesshipm0_.sldol as sldol26_38_0_, salesshipm0_.sldou as sldou27_38_0_, salesshipm0_.sldldt as sldldt28_38_0_, salesshipm0_.sldesc1 as sldesc29_38_0_, salesshipm0_.sldesc2 as sldesc30_38_0_, salesshipm0_.sldccd as sldccd31_38_0_, salesshipm0_.sldcrt as sldcrt32_38_0_, salesshipm0_.sldocdt as sldocdt33_38_0_, salesshipm0_.sleta as sleta34_38_0_, salesshipm0_.sletd as sletd35_38_0_, salesshipm0_.slexcrt as slexcrt36_38_0_, salesshipm0_.slexid as slexid37_38_0_, salesshipm0_.slead as slead38_38_0_, salesshipm0_.slean as slean39_38_0_, salesshipm0_.sledd as sledd40_38_0_, salesshipm0_.sledn as sledn41_38_0_, salesshipm0_.slexcost as slexcos42_38_0_, salesshipm0_.slexprice as slexpri43_38_0_, salesshipm0_.slfep as slfep44_38_0_, salesshipm0_.slfta as slfta45_38_0_, salesshipm0_.slftb as slftb46_38_0_, salesshipm0_.slfup as slfup47_38_0_, salesshipm0_.slfbd as slfbd48_38_0_, salesshipm0_.slfbn as slfbn49_38_0_, salesshipm0_.slglcls as slglcls50_38_0_, salesshipm0_.slgscrt as slgscrt51_38_0_, salesshipm0_.slir02 as slir52_38_0_, salesshipm0_.slir01 as slir53_38_0_, salesshipm0_.slir03 as slir54_38_0_, salesshipm0_.slitt as slitt55_38_0_, salesshipm0_.sldocidt as sldocid56_38_0_, salesshipm0_.sldocino as sldocin57_38_0_, salesshipm0_.sldocisq as sldocis58_38_0_, salesshipm0_.sldocity as sldocit59_38_0_, salesshipm0_.slinum as slinum60_38_0_, salesshipm0_.sldesb1 as sldesb61_38_0_, salesshipm0_.slitc05 as slitc62_38_0_, salesshipm0_.sllst as sllst63_38_0_, salesshipm0_.sllnty as sllnty64_38_0_, salesshipm0_.sllocid as sllocid65_38_0_, salesshipm0_.slnst as slnst66_38_0_, salesshipm0_.slobid as slobid67_38_0_, salesshipm0_.sldocono as sldocon68_38_0_, salesshipm0_.sldocosq as sldocos69_38_0_, salesshipm0_.sldocoty as sldocot70_38_0_, salesshipm0_.slordocdt as slordoc71_38_0_, salesshipm0_.slordocno as slordoc72_38_0_, salesshipm0_.slordocsq as slordoc73_38_0_, salesshipm0_.slordocty as slordoc74_38_0_, salesshipm0_.slprid as slprid75_38_0_, salesshipm0_.slpyid as slpyid76_38_0_, salesshipm0_.slptc as slptc77_38_0_, salesshipm0_.slpoa as slpoa78_38_0_, salesshipm0_.slpod as slpod79_38_0_, salesshipm0_.slpqot as slpqot80_38_0_, salesshipm0_.sluom1 as sluom81_38_0_, salesshipm0_.slrbuid as slrbuid82_38_0_, salesshipm0_.slpjid as slpjid83_38_0_, salesshipm0_.slqty as slqty84_38_0_, salesshipm0_.slstid as slstid85_38_0_, salesshipm0_.slrecid as slrecid86_38_0_, salesshipm0_.slvr04 as slvr87_38_0_, salesshipm0_.slvr01 as slvr88_38_0_, salesshipm0_.slvr03 as slvr89_38_0_, salesshipm0_.slvr05 as slvr90_38_0_, salesshipm0_.slvr02 as slvr91_38_0_, salesshipm0_.slso03 as slso92_38_0_, salesshipm0_.slso01 as slso93_38_0_, salesshipm0_.slso02 as slso94_38_0_, salesshipm0_.slslid as slslid95_38_0_, salesshipm0_.slsqot as slsqot96_38_0_, salesshipm0_.sluom2 as sluom97_38_0_, salesshipm0_.slsnlot as slsnlot98_38_0_, salesshipm0_.slslrc1 as slslrc99_38_0_, salesshipm0_.slshcn as slshcn100_38_0_, salesshipm0_.sltaxal as sltaxa101_38_0_, salesshipm0_.sltaxam as sltaxa102_38_0_, salesshipm0_.sltaxab as sltaxa103_38_0_, salesshipm0_.sltaxcd as sltaxc104_38_0_, salesshipm0_.sltaxidt as sltaxi105_38_0_, salesshipm0_.sltaxino as sltaxi106_38_0_, salesshipm0_.sltaxrt as sltaxr107_38_0_, salesshipm0_.sldnop as sldnop108_38_0_, salesshipm0_.slinop as slinop109_38_0_, salesshipm0_.slcrct as slcrct110_38_0_, salesshipm0_.slitc03 as slitc111_38_0_, salesshipm0_.slucf as slucf112_38_0_, salesshipm0_.sluncost as slunco113_38_0_, salesshipm0_.sludc as sludc114_38_0_, salesshipm0_.sludf as sludf115_38_0_, salesshipm0_.sluom as sluom116_38_0_, salesshipm0_.slunprice as slunpr117_38_0_, salesshipm0_.slinvdt as slinvd118_38_0_, salesshipm0_.slinvno as slinvn119_38_0_ from t4212 salesshipm0_ where salesshipm0_.slcoid=? and salesshipm0_.sldocno=? and salesshipm0_.sldocty=? and salesshipm0_.sldocsq=?
Hibernate: insert into t4111 (itcid, itdtin, ittmin, ituid, itdtlu, ittmlu, ituidm, iticu, itpost, iticut, itanum, itst, itbuid, itdesb2, itdocdt, itdocmo, itdoctm, itdocyr, itexpdt, itexcost, itft, itglcls, itgldt, itipcd, ititt, itinum, itdesb1, itlocid, itobid, itdocono, itdocosq, itdocoty, itpqot, ituom1, itqty, itrecid, itrldocno, itrldocsq, itrldocty, itsqot, ituom2, itsnlot, itucf, ituncost, ituom, itdvs, itcoid, itdocno, itdocty, itdocsq) values (?, ?, ?, ?, ?, ?, ?, ?, ?, ?, ?, ?, ?, ?, ?, ?, ?, ?, ?, ?, ?, ?, ?, ?, ?, ?, ?, ?, ?, ?, ?, ?, ?, ?, ?, ?, ?, ?, ?, ?, ?, ?, ?, ?, ?, ?, ?, ?, ?, ?)
Hibernate: insert into t4111 (itcid, itdtin, ittmin, ituid, itdtlu, ittmlu, ituidm, iticu, itpost, iticut, itanum, itst, itbuid, itdesb2, itdocdt, itdocmo, itdoctm, itdocyr, itexpdt, itexcost, itft, itglcls, itgldt, itipcd, ititt, itinum, itdesb1, itlocid, itobid, itdocono, itdocosq, itdocoty, itpqot, ituom1, itqty, itrecid, itrldocno, itrldocsq, itrldocty, itsqot, ituom2, itsnlot, itucf, ituncost, ituom, itdvs, itcoid, itdocno, itdocty, itdocsq) values (?, ?, ?, ?, ?, ?, ?, ?, ?, ?, ?, ?, ?, ?, ?, ?, ?, ?, ?, ?, ?, ?, ?, ?, ?, ?, ?, ?, ?, ?, ?, ?, ?, ?, ?, ?, ?, ?, ?, ?, ?, ?, ?, ?, ?, ?, ?, ?, ?, ?)
Hibernate: insert into t4212 (slcid, sldtin, sltmin, sluid, sldtlu, sltmlu, sluidm, slacid, slata, slatd, slcrcb, slicu, slicut, slitc02, slbuid, slitc01, slcnid, slcsid, slcsdocdt, slcsdocno, sldod, sldol, sldou, sldldt, sldesc1, sldesc2, sldccd, sldcrt, sldocdt, sleta, sletd, slexcrt, slexid, slead, slean, sledd, sledn, slexcost, slexprice, slfep, slfta, slftb, slfup, slfbd, slfbn, slglcls, slgscrt, slir02, slir01, slir03, slitt, sldocidt, sldocino, sldocisq, sldocity, slinum, sldesb1, slitc05, sllst, sllnty, sllocid, slnst, slobid, sldocono, sldocosq, sldocoty, slordocdt, slordocno, slordocsq, slordocty, slprid, slpyid, slptc, slpoa, slpod, slpqot, sluom1, slrbuid, slpjid, slqty, slstid, slrecid, slvr04, slvr01, slvr03, slvr05, slvr02, slso03, slso01, slso02, slslid, slsqot, sluom2, slsnlot, slslrc1, slshcn, sltaxal, sltaxam, sltaxab, sltaxcd, sltaxidt, sltaxino, sltaxrt, sldnop, slinop, slcrct, slitc03, slucf, sluncost, sludc, sludf, sluom, slunprice, slinvdt, slinvno, slcoid, sldocno, sldocty, sldocsq) values (?, ?, ?, ?, ?, ?, ?, ?, ?, ?, ?, ?, ?, ?, ?, ?, ?, ?, ?, ?, ?, ?, ?, ?, ?, ?, ?, ?, ?, ?, ?, ?, ?, ?, ?, ?, ?, ?, ?, ?, ?, ?, ?, ?, ?, ?, ?, ?, ?, ?, ?, ?, ?, ?, ?, ?, ?, ?, ?, ?, ?, ?, ?, ?, ?, ?, ?, ?, ?, ?, ?, ?, ?, ?, ?, ?, ?, ?, ?, ?, ?, ?, ?, ?, ?, ?, ?, ?, ?, ?, ?, ?, ?, ?, ?, ?, ?, ?, ?, ?, ?, ?, ?, ?, ?, ?, ?, ?, ?, ?, ?, ?, ?, ?, ?, ?, ?, ?, ?)
Hibernate: insert into t4212 (slcid, sldtin, sltmin, sluid, sldtlu, sltmlu, sluidm, slacid, slata, slatd, slcrcb, slicu, slicut, slitc02, slbuid, slitc01, slcnid, slcsid, slcsdocdt, slcsdocno, sldod, sldol, sldou, sldldt, sldesc1, sldesc2, sldccd, sldcrt, sldocdt, sleta, sletd, slexcrt, slexid, slead, slean, sledd, sledn, slexcost, slexprice, slfep, slfta, slftb, slfup, slfbd, slfbn, slglcls, slgscrt, slir02, slir01, slir03, slitt, sldocidt, sldocino, sldocisq, sldocity, slinum, sldesb1, slitc05, sllst, sllnty, sllocid, slnst, slobid, sldocono, sldocosq, sldocoty, slordocdt, slordocno, slordocsq, slordocty, slprid, slpyid, slptc, slpoa, slpod, slpqot, sluom1, slrbuid, slpjid, slqty, slstid, slrecid, slvr04, slvr01, slvr03, slvr05, slvr02, slso03, slso01, slso02, slslid, slsqot, sluom2, slsnlot, slslrc1, slshcn, sltaxal, sltaxam, sltaxab, sltaxcd, sltaxidt, sltaxino, sltaxrt, sldnop, slinop, slcrct, slitc03, slucf, sluncost, sludc, sludf, sluom, slunprice, slinvdt, slinvno, slcoid, sldocno, sldocty, sldocsq) values (?, ?, ?, ?, ?, ?, ?, ?, ?, ?, ?, ?, ?, ?, ?, ?, ?, ?, ?, ?, ?, ?, ?, ?, ?, ?, ?, ?, ?, ?, ?, ?, ?, ?, ?, ?, ?, ?, ?, ?, ?, ?, ?, ?, ?, ?, ?, ?, ?, ?, ?, ?, ?, ?, ?, ?, ?, ?, ?, ?, ?, ?, ?, ?, ?, ?, ?, ?, ?, ?, ?, ?, ?, ?, ?, ?, ?, ?, ?, ?, ?, ?, ?, ?, ?, ?, ?, ?, ?, ?, ?, ?, ?, ?, ?, ?, ?, ?, ?, ?, ?, ?, ?, ?, ?, ?, ?, ?, ?, ?, ?, ?, ?, ?, ?, ?, ?, ?, ?)
Hibernate: insert into t4212 (slcid, sldtin, sltmin, sluid, sldtlu, sltmlu, sluidm, slacid, slata, slatd, slcrcb, slicu, slicut, slitc02, slbuid, slitc01, slcnid, slcsid, slcsdocdt, slcsdocno, sldod, sldol, sldou, sldldt, sldesc1, sldesc2, sldccd, sldcrt, sldocdt, sleta, sletd, slexcrt, slexid, slead, slean, sledd, sledn, slexcost, slexprice, slfep, slfta, slftb, slfup, slfbd, slfbn, slglcls, slgscrt, slir02, slir01, slir03, slitt, sldocidt, sldocino, sldocisq, sldocity, slinum, sldesb1, slitc05, sllst, sllnty, sllocid, slnst, slobid, sldocono, sldocosq, sldocoty, slordocdt, slordocno, slordocsq, slordocty, slprid, slpyid, slptc, slpoa, slpod, slpqot, sluom1, slrbuid, slpjid, slqty, slstid, slrecid, slvr04, slvr01, slvr03, slvr05, slvr02, slso03, slso01, slso02, slslid, slsqot, sluom2, slsnlot, slslrc1, slshcn, sltaxal, sltaxam, sltaxab, sltaxcd, sltaxidt, sltaxino, sltaxrt, sldnop, slinop, slcrct, slitc03, slucf, sluncost, sludc, sludf, sluom, slunprice, slinvdt, slinvno, slcoid, sldocno, sldocty, sldocsq) values (?, ?, ?, ?, ?, ?, ?, ?, ?, ?, ?, ?, ?, ?, ?, ?, ?, ?, ?, ?, ?, ?, ?, ?, ?, ?, ?, ?, ?, ?, ?, ?, ?, ?, ?, ?, ?, ?, ?, ?, ?, ?, ?, ?, ?, ?, ?, ?, ?, ?, ?, ?, ?, ?, ?, ?, ?, ?, ?, ?, ?, ?, ?, ?, ?, ?, ?, ?, ?, ?, ?, ?, ?, ?, ?, ?, ?, ?, ?, ?, ?, ?, ?, ?, ?, ?, ?, ?, ?, ?, ?, ?, ?, ?, ?, ?, ?, ?, ?, ?, ?, ?, ?, ?, ?, ?, ?, ?, ?, ?, ?, ?, ?, ?, ?, ?, ?, ?, ?)
Hibernate: update t4211 set sdcid=?, sddtlu=?, sdtmlu=?, sduidm=?, sdacid=?, sdcrcb=?, sditc02=?, sdbuid=?, sdqtycl=?, sditc01=?, sdcldt=?, sdcnid=?, sdcsid=?, sddldt=?, sddccd=?, sddcrt=?, sdexcrt=?, sdexid=?, sdexcost=?, sdexprice=?, sdqtyx=?, sducfx=?, sduomx=?, sdunpricex=?, sdfep=?, sdfta=?, sdftb=?, sdfup=?, sdglcls=?, sdgldt=?, sdgscrt=?, sdhcod=?, sdir02=?, sdir01=?, sdir03=?, sdinum=?, sddesb1=?, sditc05=?, sdlst=?, sdlnty=?, sdlocid=?, sdnst=?, sdobid=?, sdqtyop=?, sdordt=?, sdott=?, sdordocdt=?, sdordocno=?, sdordocsq=?, sdordocty=?, sdprid=?, sdpyid=?, sdptc=?, sdpqor=?, sduom1=?, sdrbuid=?, sdpjid=?, sdpddt=?, sdqty=?, sdstid=?, sdvr04=?, sdvr01=?, sdvr03=?, sdvr05=?, sdvr02=?, sdrldocno=?, sdrldocsq=?, sdrldocty=?, sdrqdt=?, sdqtyrn=?, sdso03=?, sdso01=?, sdso02=?, sdslid=?, sdsqor=?, sduom2=?, sdsnlot=?, sdslrc1=?, sdqtysh=?, sdtaxal=?, sdtaxam=?, sdtaxab=?, sdtaxcd=?, sdtaxrt=?, sdcrct=?, sditc03=?, sducf=?, sduncost=?, sdudc=?, sdudf=?, sduom=?, sdunprice=?, sdurnb1=?, sdurnb2=?, sdvhrn=?, sdvhty=?, sdqtyvl=?, sduomv=?, sdqtywt=?, sduomw=? where sdcoid=? and sddocono=? and sddocosq=? and sddocoty=?
Hibernate: update t4211 set sdcid=?, sddtlu=?, sdtmlu=?, sduidm=?, sdacid=?, sdcrcb=?, sditc02=?, sdbuid=?, sdqtycl=?, sditc01=?, sdcldt=?, sdcnid=?, sdcsid=?, sddldt=?, sddccd=?, sddcrt=?, sdexcrt=?, sdexid=?, sdexcost=?, sdexprice=?, sdqtyx=?, sducfx=?, sduomx=?, sdunpricex=?, sdfep=?, sdfta=?, sdftb=?, sdfup=?, sdglcls=?, sdgldt=?, sdgscrt=?, sdhcod=?, sdir02=?, sdir01=?, sdir03=?, sdinum=?, sddesb1=?, sditc05=?, sdlst=?, sdlnty=?, sdlocid=?, sdnst=?, sdobid=?, sdqtyop=?, sdordt=?, sdott=?, sdordocdt=?, sdordocno=?, sdordocsq=?, sdordocty=?, sdprid=?, sdpyid=?, sdptc=?, sdpqor=?, sduom1=?, sdrbuid=?, sdpjid=?, sdpddt=?, sdqty=?, sdstid=?, sdvr04=?, sdvr01=?, sdvr03=?, sdvr05=?, sdvr02=?, sdrldocno=?, sdrldocsq=?, sdrldocty=?, sdrqdt=?, sdqtyrn=?, sdso03=?, sdso01=?, sdso02=?, sdslid=?, sdsqor=?, sduom2=?, sdsnlot=?, sdslrc1=?, sdqtysh=?, sdtaxal=?, sdtaxam=?, sdtaxab=?, sdtaxcd=?, sdtaxrt=?, sdcrct=?, sditc03=?, sducf=?, sduncost=?, sdudc=?, sdudf=?, sduom=?, sdunprice=?, sdurnb1=?, sdurnb2=?, sdvhrn=?, sdvhty=?, sdqtyvl=?, sduomv=?, sdqtywt=?, sduomw=? where sdcoid=? and sddocono=? and sddocosq=? and sddocoty=?
Hibernate: update t4211 set sdcid=?, sddtlu=?, sdtmlu=?, sduidm=?, sdacid=?, sdcrcb=?, sditc02=?, sdbuid=?, sdqtycl=?, sditc01=?, sdcldt=?, sdcnid=?, sdcsid=?, sddldt=?, sddccd=?, sddcrt=?, sdexcrt=?, sdexid=?, sdexcost=?, sdexprice=?, sdqtyx=?, sducfx=?, sduomx=?, sdunpricex=?, sdfep=?, sdfta=?, sdftb=?, sdfup=?, sdglcls=?, sdgldt=?, sdgscrt=?, sdhcod=?, sdir02=?, sdir01=?, sdir03=?, sdinum=?, sddesb1=?, sditc05=?, sdlst=?, sdlnty=?, sdlocid=?, sdnst=?, sdobid=?, sdqtyop=?, sdordt=?, sdott=?, sdordocdt=?, sdordocno=?, sdordocsq=?, sdordocty=?, sdprid=?, sdpyid=?, sdptc=?, sdpqor=?, sduom1=?, sdrbuid=?, sdpjid=?, sdpddt=?, sdqty=?, sdstid=?, sdvr04=?, sdvr01=?, sdvr03=?, sdvr05=?, sdvr02=?, sdrldocno=?, sdrldocsq=?, sdrldocty=?, sdrqdt=?, sdqtyrn=?, sdso03=?, sdso01=?, sdso02=?, sdslid=?, sdsqor=?, sduom2=?, sdsnlot=?, sdslrc1=?, sdqtysh=?, sdtaxal=?, sdtaxam=?, sdtaxab=?, sdtaxcd=?, sdtaxrt=?, sdcrct=?, sditc03=?, sducf=?, sduncost=?, sdudc=?, sdudf=?, sduom=?, sdunprice=?, sdurnb1=?, sdurnb2=?, sdvhrn=?, sdvhty=?, sdqtyvl=?, sduomv=?, sdqtywt=?, sduomw=? where sdcoid=? and sddocono=? and sddocosq=? and sddocoty=?
Hibernate: update t0002 set nncid=?, nndtlu=?, nntmlu=?, nnuidm=?, nnseq=? where nncoid=? and nndocbty=? and nnmo=? and nnyr=?
Hibernate: update t4108 set ltcid=?, ltdtlu=?, lttmlu=?, ltuidm=?, ltbodt=?, ltbbdt=?, ltcldt=?, ltexpdt=?, ltldsc=?, ltledt=?, ltlsc=?, ltmlot1=?, ltmlot2=?, ltmlot3=?, ltohdt=?, ltsern=? where ltbuid=? and ltinum=? and ltsnlot=?
Hibernate: update t4108 set ltcid=?, ltdtlu=?, lttmlu=?, ltuidm=?, ltbodt=?, ltbbdt=?, ltcldt=?, ltexpdt=?, ltldsc=?, ltledt=?, ltlsc=?, ltmlot1=?, ltmlot2=?, ltmlot3=?, ltohdt=?, ltsern=? where ltbuid=? and ltinum=? and ltsnlot=?
Hibernate: update t4108 set ltcid=?, ltdtlu=?, lttmlu=?, ltuidm=?, ltbodt=?, ltbbdt=?, ltcldt=?, ltexpdt=?, ltldsc=?, ltledt=?, ltlsc=?, ltmlot1=?, ltmlot2=?, ltmlot3=?, ltohdt=?, ltsern=? where ltbuid=? and ltinum=? and ltsnlot=?
Hibernate: insert into transaction_serialnumbers (coid, docno, docty, docsq, buid, inum, snlot) values (?, ?, ?, ?, ?, ?, ?)
Hibernate: insert into transaction_serialnumbers (coid, docno, docty, docsq, buid, inum, snlot) values (?, ?, ?, ?, ?, ?, ?)
Hibernate: insert into transaction_serialnumbers (coid, docno, docty, docsq, buid, inum, snlot) values (?, ?, ?, ?, ?, ?, ?)
Hibernate: select count(*) as col_0_0_ from t4212 salesshipm0_ where salesshipm0_.slcoid=? and salesshipm0_.sldocno=? and salesshipm0_.sldocty=? and salesshipm0_.sldocsq=?
Hibernate: select salesshipm0_.slcoid as slcoid1_38_, salesshipm0_.sldocno as sldocno2_38_, salesshipm0_.sldocty as sldocty3_38_, salesshipm0_.sldocsq as sldocsq4_38_, salesshipm0_.slcid as slcid5_38_, salesshipm0_.sldtin as sldtin6_38_, salesshipm0_.sltmin as sltmin7_38_, salesshipm0_.sluid as sluid8_38_, salesshipm0_.sldtlu as sldtlu9_38_, salesshipm0_.sltmlu as sltmlu10_38_, salesshipm0_.sluidm as sluidm11_38_, salesshipm0_.slacid as slacid12_38_, salesshipm0_.slata as slata13_38_, salesshipm0_.slatd as slatd14_38_, salesshipm0_.slcrcb as slcrcb15_38_, salesshipm0_.slicu as slicu16_38_, salesshipm0_.slicut as slicut17_38_, salesshipm0_.slitc02 as slitc18_38_, salesshipm0_.slbuid as slbuid19_38_, salesshipm0_.slitc01 as slitc20_38_, salesshipm0_.slcnid as slcnid21_38_, salesshipm0_.slcsid as slcsid22_38_, salesshipm0_.slcsdocdt as slcsdoc23_38_, salesshipm0_.slcsdocno as slcsdoc24_38_, salesshipm0_.sldod as sldod25_38_, salesshipm0_.sldol as sldol26_38_, salesshipm0_.sldou as sldou27_38_, salesshipm0_.sldldt as sldldt28_38_, salesshipm0_.sldesc1 as sldesc29_38_, salesshipm0_.sldesc2 as sldesc30_38_, salesshipm0_.sldccd as sldccd31_38_, salesshipm0_.sldcrt as sldcrt32_38_, salesshipm0_.sldocdt as sldocdt33_38_, salesshipm0_.sleta as sleta34_38_, salesshipm0_.sletd as sletd35_38_, salesshipm0_.slexcrt as slexcrt36_38_, salesshipm0_.slexid as slexid37_38_, salesshipm0_.slead as slead38_38_, salesshipm0_.slean as slean39_38_, salesshipm0_.sledd as sledd40_38_, salesshipm0_.sledn as sledn41_38_, salesshipm0_.slexcost as slexcos42_38_, salesshipm0_.slexprice as slexpri43_38_, salesshipm0_.slfep as slfep44_38_, salesshipm0_.slfta as slfta45_38_, salesshipm0_.slftb as slftb46_38_, salesshipm0_.slfup as slfup47_38_, salesshipm0_.slfbd as slfbd48_38_, salesshipm0_.slfbn as slfbn49_38_, salesshipm0_.slglcls as slglcls50_38_, salesshipm0_.slgscrt as slgscrt51_38_, salesshipm0_.slir02 as slir52_38_, salesshipm0_.slir01 as slir53_38_, salesshipm0_.slir03 as slir54_38_, salesshipm0_.slitt as slitt55_38_, salesshipm0_.sldocidt as sldocid56_38_, salesshipm0_.sldocino as sldocin57_38_, salesshipm0_.sldocisq as sldocis58_38_, salesshipm0_.sldocity as sldocit59_38_, salesshipm0_.slinum as slinum60_38_, salesshipm0_.sldesb1 as sldesb61_38_, salesshipm0_.slitc05 as slitc62_38_, salesshipm0_.sllst as sllst63_38_, salesshipm0_.sllnty as sllnty64_38_, salesshipm0_.sllocid as sllocid65_38_, salesshipm0_.slnst as slnst66_38_, salesshipm0_.slobid as slobid67_38_, salesshipm0_.sldocono as sldocon68_38_, salesshipm0_.sldocosq as sldocos69_38_, salesshipm0_.sldocoty as sldocot70_38_, salesshipm0_.slordocdt as slordoc71_38_, salesshipm0_.slordocno as slordoc72_38_, salesshipm0_.slordocsq as slordoc73_38_, salesshipm0_.slordocty as slordoc74_38_, salesshipm0_.slprid as slprid75_38_, salesshipm0_.slpyid as slpyid76_38_, salesshipm0_.slptc as slptc77_38_, salesshipm0_.slpoa as slpoa78_38_, salesshipm0_.slpod as slpod79_38_, salesshipm0_.slpqot as slpqot80_38_, salesshipm0_.sluom1 as sluom81_38_, salesshipm0_.slrbuid as slrbuid82_38_, salesshipm0_.slpjid as slpjid83_38_, salesshipm0_.slqty as slqty84_38_, salesshipm0_.slstid as slstid85_38_, salesshipm0_.slrecid as slrecid86_38_, salesshipm0_.slvr04 as slvr87_38_, salesshipm0_.slvr01 as slvr88_38_, salesshipm0_.slvr03 as slvr89_38_, salesshipm0_.slvr05 as slvr90_38_, salesshipm0_.slvr02 as slvr91_38_, salesshipm0_.slso03 as slso92_38_, salesshipm0_.slso01 as slso93_38_, salesshipm0_.slso02 as slso94_38_, salesshipm0_.slslid as slslid95_38_, salesshipm0_.slsqot as slsqot96_38_, salesshipm0_.sluom2 as sluom97_38_, salesshipm0_.slsnlot as slsnlot98_38_, salesshipm0_.slslrc1 as slslrc99_38_, salesshipm0_.slshcn as slshcn100_38_, salesshipm0_.sltaxal as sltaxa101_38_, salesshipm0_.sltaxam as sltaxa102_38_, salesshipm0_.sltaxab as sltaxa103_38_, salesshipm0_.sltaxcd as sltaxc104_38_, salesshipm0_.sltaxidt as sltaxi105_38_, salesshipm0_.sltaxino as sltaxi106_38_, salesshipm0_.sltaxrt as sltaxr107_38_, salesshipm0_.sldnop as sldnop108_38_, salesshipm0_.slinop as slinop109_38_, salesshipm0_.slcrct as slcrct110_38_, salesshipm0_.slitc03 as slitc111_38_, salesshipm0_.slucf as slucf112_38_, salesshipm0_.sluncost as slunco113_38_, salesshipm0_.sludc as sludc114_38_, salesshipm0_.sludf as sludf115_38_, salesshipm0_.sluom as sluom116_38_, salesshipm0_.slunprice as slunpr117_38_, salesshipm0_.slinvdt as slinvd118_38_, salesshipm0_.slinvno as slinvn119_38_ from t4212 salesshipm0_ where salesshipm0_.slcoid=? and salesshipm0_.sldocno=? and salesshipm0_.sldocty=? and salesshipm0_.sldocsq=?
Hibernate: select itemmaster0_.iminum as iminum1_31_0_, itemmaster0_.imcid as imcid2_31_0_, itemmaster0_.imdtin as imdtin3_31_0_, itemmaster0_.imtmin as imtmin4_31_0_, itemmaster0_.imuid as imuid5_31_0_, itemmaster0_.imdtlu as imdtlu6_31_0_, itemmaster0_.imtmlu as imtmlu7_31_0_, itemmaster0_.imuidm as imuidm8_31_0_, itemmaster0_.iminumb as iminumb9_31_0_, itemmaster0_.imctm as imctm10_31_0_, itemmaster0_.imitc02 as imitc11_31_0_, itemmaster0_.imitc01 as imitc12_31_0_, itemmaster0_.imitc10 as imitc13_31_0_, itemmaster0_.imitc04 as imitc14_31_0_, itemmaster0_.imitc06 as imitc15_31_0_, itemmaster0_.imitc07 as imitc16_31_0_, itemmaster0_.imitc08 as imitc17_31_0_, itemmaster0_.imitc09 as imitc18_31_0_, itemmaster0_.imitc05 as imitc19_31_0_, itemmaster0_.imslrc0 as imslrc20_31_0_, itemmaster0_.imslrc1 as imslrc21_31_0_, itemmaster0_.imslrc2 as imslrc22_31_0_, itemmaster0_.imslrc3 as imslrc23_31_0_, itemmaster0_.imslrc4 as imslrc24_31_0_, itemmaster0_.imslrc5 as imslrc25_31_0_, itemmaster0_.imslrc6 as imslrc26_31_0_, itemmaster0_.imslrc7 as imslrc27_31_0_, itemmaster0_.imslrc8 as imslrc28_31_0_, itemmaster0_.imslrc9 as imslrc29_31_0_, itemmaster0_.imitc03 as imitc30_31_0_, itemmaster0_.imdesb1 as imdesb31_31_0_, itemmaster0_.imdesd1 as imdesd32_31_0_, itemmaster0_.imglcls as imglcls33_31_0_, itemmaster0_.imicl as imicl34_31_0_, itemmaster0_.imilc as imilc35_31_0_, itemmaster0_.iminums as iminums36_31_0_, itemmaster0_.imipg as imipg37_31_0_, itemmaster0_.imlsc as imlsc38_31_0_, itemmaster0_.imdaqc as imdaqc39_31_0_, itemmaster0_.imgscrt as imgscrt40_31_0_, itemmaster0_.imsiops as imsiops41_31_0_, itemmaster0_.imbpid as imbpid42_31_0_, itemmaster0_.imcsid as imcsid43_31_0_, itemmaster0_.imudf as imudf44_31_0_, itemmaster0_.impmmf as impmmf45_31_0_, itemmaster0_.imrbii as imrbii46_31_0_, itemmaster0_.imrbim as imrbim47_31_0_, itemmaster0_.imrbis as imrbis48_31_0_, itemmaster0_.imvnid as imvnid49_31_0_, itemmaster0_.imtaxpc as imtaxpc50_31_0_, itemmaster0_.imtaxsc as imtaxsc51_31_0_, itemmaster0_.iminump as iminump52_31_0_, itemmaster0_.implg as implg53_31_0_, itemmaster0_.imppl as imppl54_31_0_, itemmaster0_.imspl as imspl55_31_0_, itemmaster0_.imsnr as imsnr56_31_0_, itemmaster0_.imskty as imskty57_31_0_, itemmaster0_.imlnty as imlnty58_31_0_, itemmaster0_.imuom9 as imuom59_31_0_, itemmaster0_.imdppo as imdppo60_31_0_, itemmaster0_.imdlum as imdlum61_31_0_, itemmaster0_.imdlump as imdlump62_31_0_, itemmaster0_.imdlumt as imdlumt63_31_0_, itemmaster0_.imuom5 as imuom64_31_0_, itemmaster0_.imuom1 as imuom65_31_0_, itemmaster0_.imuom8 as imuom66_31_0_, itemmaster0_.imuom3 as imuom67_31_0_, itemmaster0_.imuom4 as imuom68_31_0_, itemmaster0_.imuom2 as imuom69_31_0_, itemmaster0_.imuom6 as imuom70_31_0_, itemmaster0_.imuoms as imuoms71_31_0_, itemmaster0_.imuomt as imuomt72_31_0_, itemmaster0_.imuomv as imuomv73_31_0_, itemmaster0_.imwcf as imwcf74_31_0_, itemmaster0_.imuomw as imuomw75_31_0_, itemmaster0_.imvict as imvict76_31_0_ from t4101 itemmaster0_ where itemmaster0_.iminum=?
Hibernate: select stocktrans0_.itcoid as itcoid1_35_0_, stocktrans0_.itdocno as itdocno2_35_0_, stocktrans0_.itdocty as itdocty3_35_0_, stocktrans0_.itdocsq as itdocsq4_35_0_, stocktrans0_.itcid as itcid5_35_0_, stocktrans0_.itdtin as itdtin6_35_0_, stocktrans0_.ittmin as ittmin7_35_0_, stocktrans0_.ituid as ituid8_35_0_, stocktrans0_.itdtlu as itdtlu9_35_0_, stocktrans0_.ittmlu as ittmlu10_35_0_, stocktrans0_.ituidm as ituidm11_35_0_, stocktrans0_.iticu as iticu12_35_0_, stocktrans0_.itpost as itpost13_35_0_, stocktrans0_.iticut as iticut14_35_0_, stocktrans0_.itanum as itanum15_35_0_, stocktrans0_.itst as itst16_35_0_, stocktrans0_.itbuid as itbuid17_35_0_, stocktrans0_.itdesb2 as itdesb18_35_0_, stocktrans0_.itdocdt as itdocdt19_35_0_, stocktrans0_.itdocmo as itdocmo20_35_0_, stocktrans0_.itdoctm as itdoctm21_35_0_, stocktrans0_.itdocyr as itdocyr22_35_0_, stocktrans0_.itexpdt as itexpdt23_35_0_, stocktrans0_.itexcost as itexcos24_35_0_, stocktrans0_.itft as itft25_35_0_, stocktrans0_.itglcls as itglcls26_35_0_, stocktrans0_.itgldt as itgldt27_35_0_, stocktrans0_.itipcd as itipcd28_35_0_, stocktrans0_.ititt as ititt29_35_0_, stocktrans0_.itinum as itinum30_35_0_, stocktrans0_.itdesb1 as itdesb31_35_0_, stocktrans0_.itlocid as itlocid32_35_0_, stocktrans0_.itobid as itobid33_35_0_, stocktrans0_.itdocono as itdocon34_35_0_, stocktrans0_.itdocosq as itdocos35_35_0_, stocktrans0_.itdocoty as itdocot36_35_0_, stocktrans0_.itpqot as itpqot37_35_0_, stocktrans0_.ituom1 as ituom38_35_0_, stocktrans0_.itqty as itqty39_35_0_, stocktrans0_.itrecid as itrecid40_35_0_, stocktrans0_.itrldocno as itrldoc41_35_0_, stocktrans0_.itrldocsq as itrldoc42_35_0_, stocktrans0_.itrldocty as itrldoc43_35_0_, stocktrans0_.itsqot as itsqot44_35_0_, stocktrans0_.ituom2 as ituom45_35_0_, stocktrans0_.itsnlot as itsnlot46_35_0_, stocktrans0_.itucf as itucf47_35_0_, stocktrans0_.ituncost as ituncos48_35_0_, stocktrans0_.ituom as ituom49_35_0_, stocktrans0_.itdvs as itdvs50_35_0_ from t4111 stocktrans0_ where stocktrans0_.itcoid=? and stocktrans0_.itdocno=? and stocktrans0_.itdocty=? and stocktrans0_.itdocsq=?
Hibernate: select salesorder0_.shcoid as shcoid1_36_0_, salesorder0_.shdocono as shdocono2_36_0_, salesorder0_.shdocoty as shdocoty3_36_0_, salesorder0_.shcid as shcid4_36_0_, salesorder0_.shdtin as shdtin5_36_0_, salesorder0_.shtmin as shtmin6_36_0_, salesorder0_.shuid as shuid7_36_0_, salesorder0_.shdtlu as shdtlu8_36_0_, salesorder0_.shtmlu as shtmlu9_36_0_, salesorder0_.shuidm as shuidm10_36_0_, salesorder0_.shata as shata11_36_0_, salesorder0_.shatd as shatd12_36_0_, salesorder0_.shcrcb as shcrcb13_36_0_, salesorder0_.shbuid as shbuid14_36_0_, salesorder0_.shcldt as shcldt15_36_0_, salesorder0_.shcot as shcot16_36_0_, salesorder0_.shcsid as shcsid17_36_0_, salesorder0_.shcsdocdt as shcsdoc18_36_0_, salesorder0_.shcsdocno as shcsdoc19_36_0_, salesorder0_.shdod as shdod20_36_0_, salesorder0_.shdol as shdol21_36_0_, salesorder0_.shdou as shdou22_36_0_, salesorder0_.shdldt as shdldt23_36_0_, salesorder0_.shdesb1 as shdesb24_36_0_, salesorder0_.shdccd as shdccd25_36_0_, salesorder0_.shdcrt as shdcrt26_36_0_, salesorder0_.sheta as sheta27_36_0_, salesorder0_.shetd as shetd28_36_0_, salesorder0_.shexcrt as shexcrt29_36_0_, salesorder0_.shexid as shexid30_36_0_, salesorder0_.shead as shead31_36_0_, salesorder0_.shean as shean32_36_0_, salesorder0_.shedd as shedd33_36_0_, salesorder0_.shedn as shedn34_36_0_, salesorder0_.shfbd as shfbd35_36_0_, salesorder0_.shfbn as shfbn36_36_0_, salesorder0_.shfhc as shfhc37_36_0_, salesorder0_.shgldt as shgldt38_36_0_, salesorder0_.shgscrt as shgscrt39_36_0_, salesorder0_.shhcod as shhcod40_36_0_, salesorder0_.shlst as shlst41_36_0_, salesorder0_.shnst as shnst42_36_0_, salesorder0_.shobid as shobid43_36_0_, salesorder0_.shordt as shordt44_36_0_, salesorder0_.shordocdt as shordoc45_36_0_, salesorder0_.shordocno as shordoc46_36_0_, salesorder0_.shprid as shprid47_36_0_, salesorder0_.shpyid as shpyid48_36_0_, salesorder0_.shptc as shptc49_36_0_, salesorder0_.shpoa as shpoa50_36_0_, salesorder0_.shpod as shpod51_36_0_, salesorder0_.shrbuid as shrbuid52_36_0_, salesorder0_.shpjid as shpjid53_36_0_, salesorder0_.shpddt as shpddt54_36_0_, salesorder0_.shstid as shstid55_36_0_, salesorder0_.shrqdt as shrqdt56_36_0_, salesorder0_.shslid as shslid57_36_0_, salesorder0_.shshcn as shshcn58_36_0_, salesorder0_.shshmt as shshmt59_36_0_, salesorder0_.shtagid as shtagid60_36_0_, salesorder0_.shtaxal as shtaxal61_36_0_, salesorder0_.shtaxcd as shtaxcd62_36_0_, salesorder0_.shtaxrt as shtaxrt63_36_0_, salesorder0_.shcrct as shcrct64_36_0_, salesorder0_.shurdt1 as shurdt65_36_0_, salesorder0_.shurdt2 as shurdt66_36_0_ from t4201 salesorder0_ where salesorder0_.shcoid=? and salesorder0_.shdocono=? and salesorder0_.shdocoty=?
Hibernate: select details0_.sdcoid as sdcoid1_37_0_, details0_.sddocono as sddocono2_37_0_, details0_.sddocoty as sddocoty4_37_0_, details0_.sddocosq as sddocosq3_37_0_, details0_.sdcoid as sdcoid1_37_1_, details0_.sddocono as sddocono2_37_1_, details0_.sddocosq as sddocosq3_37_1_, details0_.sddocoty as sddocoty4_37_1_, details0_.sdcid as sdcid5_37_1_, details0_.sddtin as sddtin6_37_1_, details0_.sdtmin as sdtmin7_37_1_, details0_.sduid as sduid8_37_1_, details0_.sddtlu as sddtlu9_37_1_, details0_.sdtmlu as sdtmlu10_37_1_, details0_.sduidm as sduidm11_37_1_, details0_.sdacid as sdacid12_37_1_, details0_.sdcrcb as sdcrcb13_37_1_, details0_.sditc02 as sditc14_37_1_, details0_.sdbuid as sdbuid15_37_1_, details0_.sdqtycl as sdqtycl16_37_1_, details0_.sditc01 as sditc17_37_1_, details0_.sdcldt as sdcldt18_37_1_, details0_.sdcnid as sdcnid19_37_1_, details0_.sdcsid as sdcsid20_37_1_, details0_.sddldt as sddldt21_37_1_, details0_.sddccd as sddccd22_37_1_, details0_.sddcrt as sddcrt23_37_1_, details0_.sdexcrt as sdexcrt24_37_1_, details0_.sdexid as sdexid25_37_1_, details0_.sdexcost as sdexcos26_37_1_, details0_.sdexprice as sdexpri27_37_1_, details0_.sdqtyx as sdqtyx28_37_1_, details0_.sducfx as sducfx29_37_1_, details0_.sduomx as sduomx30_37_1_, details0_.sdunpricex as sdunpri31_37_1_, details0_.sdfep as sdfep32_37_1_, details0_.sdfta as sdfta33_37_1_, details0_.sdftb as sdftb34_37_1_, details0_.sdfup as sdfup35_37_1_, details0_.sdglcls as sdglcls36_37_1_, details0_.sdgldt as sdgldt37_37_1_, details0_.sdgscrt as sdgscrt38_37_1_, details0_.sdhcod as sdhcod39_37_1_, details0_.sdir02 as sdir40_37_1_, details0_.sdir01 as sdir41_37_1_, details0_.sdir03 as sdir42_37_1_, details0_.sdinum as sdinum43_37_1_, details0_.sddesb1 as sddesb44_37_1_, details0_.sditc05 as sditc45_37_1_, details0_.sdlst as sdlst46_37_1_, details0_.sdlnty as sdlnty47_37_1_, details0_.sdlocid as sdlocid48_37_1_, details0_.sdnst as sdnst49_37_1_, details0_.sdobid as sdobid50_37_1_, details0_.sdqtyop as sdqtyop51_37_1_, details0_.sdordt as sdordt52_37_1_, details0_.sdott as sdott53_37_1_, details0_.sdordocdt as sdordoc54_37_1_, details0_.sdordocno as sdordoc55_37_1_, details0_.sdordocsq as sdordoc56_37_1_, details0_.sdordocty as sdordoc57_37_1_, details0_.sdprid as sdprid58_37_1_, details0_.sdpyid as sdpyid59_37_1_, details0_.sdptc as sdptc60_37_1_, details0_.sdpqor as sdpqor61_37_1_, details0_.sduom1 as sduom62_37_1_, details0_.sdrbuid as sdrbuid63_37_1_, details0_.sdpjid as sdpjid64_37_1_, details0_.sdpddt as sdpddt65_37_1_, details0_.sdqty as sdqty66_37_1_, details0_.sdstid as sdstid67_37_1_, details0_.sdvr04 as sdvr68_37_1_, details0_.sdvr01 as sdvr69_37_1_, details0_.sdvr03 as sdvr70_37_1_, details0_.sdvr05 as sdvr71_37_1_, details0_.sdvr02 as sdvr72_37_1_, details0_.sdrldocno as sdrldoc73_37_1_, details0_.sdrldocsq as sdrldoc74_37_1_, details0_.sdrldocty as sdrldoc75_37_1_, details0_.sdrqdt as sdrqdt76_37_1_, details0_.sdqtyrn as sdqtyrn77_37_1_, details0_.sdso03 as sdso78_37_1_, details0_.sdso01 as sdso79_37_1_, details0_.sdso02 as sdso80_37_1_, details0_.sdslid as sdslid81_37_1_, details0_.sdsqor as sdsqor82_37_1_, details0_.sduom2 as sduom83_37_1_, details0_.sdsnlot as sdsnlot84_37_1_, details0_.sdslrc1 as sdslrc85_37_1_, details0_.sdqtysh as sdqtysh86_37_1_, details0_.sdtaxal as sdtaxal87_37_1_, details0_.sdtaxam as sdtaxam88_37_1_, details0_.sdtaxab as sdtaxab89_37_1_, details0_.sdtaxcd as sdtaxcd90_37_1_, details0_.sdtaxrt as sdtaxrt91_37_1_, details0_.sdcrct as sdcrct92_37_1_, details0_.sditc03 as sditc93_37_1_, details0_.sducf as sducf94_37_1_, details0_.sduncost as sduncos95_37_1_, details0_.sdudc as sdudc96_37_1_, details0_.sdudf as sdudf97_37_1_, details0_.sduom as sduom98_37_1_, details0_.sdunprice as sdunpri99_37_1_, details0_.sdurnb1 as sdurnb100_37_1_, details0_.sdurnb2 as sdurnb101_37_1_, details0_.sdvhrn as sdvhrn102_37_1_, details0_.sdvhty as sdvhty103_37_1_, details0_.sdqtyvl as sdqtyv104_37_1_, details0_.sduomv as sduomv105_37_1_, details0_.sdqtywt as sdqtyw106_37_1_, details0_.sduomw as sduomw107_37_1_ from t4211 details0_ where details0_.sdcoid=? and details0_.sddocono=? and details0_.sddocoty=?
Hibernate: select serialnumb0_.coid as coid1_43_0_, serialnumb0_.docno as docno2_43_0_, serialnumb0_.docty as docty3_43_0_, serialnumb0_.docsq as docsq4_43_0_, serialnumb0_.buid as buid5_43_0_, serialnumb0_.inum as inum6_43_0_, serialnumb0_.snlot as snlot7_43_0_, lotmaster1_.ltbuid as ltbuid1_34_1_, lotmaster1_.ltinum as ltinum2_34_1_, lotmaster1_.ltsnlot as ltsnlot3_34_1_, lotmaster1_.ltcid as ltcid4_34_1_, lotmaster1_.ltdtin as ltdtin5_34_1_, lotmaster1_.lttmin as lttmin6_34_1_, lotmaster1_.ltuid as ltuid7_34_1_, lotmaster1_.ltdtlu as ltdtlu8_34_1_, lotmaster1_.lttmlu as lttmlu9_34_1_, lotmaster1_.ltuidm as ltuidm10_34_1_, lotmaster1_.ltbodt as ltbodt11_34_1_, lotmaster1_.ltbbdt as ltbbdt12_34_1_, lotmaster1_.ltcldt as ltcldt13_34_1_, lotmaster1_.ltexpdt as ltexpdt14_34_1_, lotmaster1_.ltldsc as ltldsc15_34_1_, lotmaster1_.ltledt as ltledt16_34_1_, lotmaster1_.ltlsc as ltlsc17_34_1_, lotmaster1_.ltmlot1 as ltmlot18_34_1_, lotmaster1_.ltmlot2 as ltmlot19_34_1_, lotmaster1_.ltmlot3 as ltmlot20_34_1_, lotmaster1_.ltohdt as ltohdt21_34_1_, lotmaster1_.ltsern as ltsern22_34_1_ from transaction_serialnumbers serialnumb0_ inner join t4108 lotmaster1_ on serialnumb0_.buid=lotmaster1_.ltbuid and serialnumb0_.inum=lotmaster1_.ltinum and serialnumb0_.snlot=lotmaster1_.ltsnlot where serialnumb0_.coid=? and serialnumb0_.docno=? and serialnumb0_.docty=? and serialnumb0_.docsq=?
Hibernate: select salesshipm0_.slcoid as slcoid1_38_0_, salesshipm0_.sldocno as sldocno2_38_0_, salesshipm0_.sldocty as sldocty3_38_0_, salesshipm0_.sldocsq as sldocsq4_38_0_, salesshipm0_.slcid as slcid5_38_0_, salesshipm0_.sldtin as sldtin6_38_0_, salesshipm0_.sltmin as sltmin7_38_0_, salesshipm0_.sluid as sluid8_38_0_, salesshipm0_.sldtlu as sldtlu9_38_0_, salesshipm0_.sltmlu as sltmlu10_38_0_, salesshipm0_.sluidm as sluidm11_38_0_, salesshipm0_.slacid as slacid12_38_0_, salesshipm0_.slata as slata13_38_0_, salesshipm0_.slatd as slatd14_38_0_, salesshipm0_.slcrcb as slcrcb15_38_0_, salesshipm0_.slicu as slicu16_38_0_, salesshipm0_.slicut as slicut17_38_0_, salesshipm0_.slitc02 as slitc18_38_0_, salesshipm0_.slbuid as slbuid19_38_0_, salesshipm0_.slitc01 as slitc20_38_0_, salesshipm0_.slcnid as slcnid21_38_0_, salesshipm0_.slcsid as slcsid22_38_0_, salesshipm0_.slcsdocdt as slcsdoc23_38_0_, salesshipm0_.slcsdocno as slcsdoc24_38_0_, salesshipm0_.sldod as sldod25_38_0_, salesshipm0_.sldol as sldol26_38_0_, salesshipm0_.sldou as sldou27_38_0_, salesshipm0_.sldldt as sldldt28_38_0_, salesshipm0_.sldesc1 as sldesc29_38_0_, salesshipm0_.sldesc2 as sldesc30_38_0_, salesshipm0_.sldccd as sldccd31_38_0_, salesshipm0_.sldcrt as sldcrt32_38_0_, salesshipm0_.sldocdt as sldocdt33_38_0_, salesshipm0_.sleta as sleta34_38_0_, salesshipm0_.sletd as sletd35_38_0_, salesshipm0_.slexcrt as slexcrt36_38_0_, salesshipm0_.slexid as slexid37_38_0_, salesshipm0_.slead as slead38_38_0_, salesshipm0_.slean as slean39_38_0_, salesshipm0_.sledd as sledd40_38_0_, salesshipm0_.sledn as sledn41_38_0_, salesshipm0_.slexcost as slexcos42_38_0_, salesshipm0_.slexprice as slexpri43_38_0_, salesshipm0_.slfep as slfep44_38_0_, salesshipm0_.slfta as slfta45_38_0_, salesshipm0_.slftb as slftb46_38_0_, salesshipm0_.slfup as slfup47_38_0_, salesshipm0_.slfbd as slfbd48_38_0_, salesshipm0_.slfbn as slfbn49_38_0_, salesshipm0_.slglcls as slglcls50_38_0_, salesshipm0_.slgscrt as slgscrt51_38_0_, salesshipm0_.slir02 as slir52_38_0_, salesshipm0_.slir01 as slir53_38_0_, salesshipm0_.slir03 as slir54_38_0_, salesshipm0_.slitt as slitt55_38_0_, salesshipm0_.sldocidt as sldocid56_38_0_, salesshipm0_.sldocino as sldocin57_38_0_, salesshipm0_.sldocisq as sldocis58_38_0_, salesshipm0_.sldocity as sldocit59_38_0_, salesshipm0_.slinum as slinum60_38_0_, salesshipm0_.sldesb1 as sldesb61_38_0_, salesshipm0_.slitc05 as slitc62_38_0_, salesshipm0_.sllst as sllst63_38_0_, salesshipm0_.sllnty as sllnty64_38_0_, salesshipm0_.sllocid as sllocid65_38_0_, salesshipm0_.slnst as slnst66_38_0_, salesshipm0_.slobid as slobid67_38_0_, salesshipm0_.sldocono as sldocon68_38_0_, salesshipm0_.sldocosq as sldocos69_38_0_, salesshipm0_.sldocoty as sldocot70_38_0_, salesshipm0_.slordocdt as slordoc71_38_0_, salesshipm0_.slordocno as slordoc72_38_0_, salesshipm0_.slordocsq as slordoc73_38_0_, salesshipm0_.slordocty as slordoc74_38_0_, salesshipm0_.slprid as slprid75_38_0_, salesshipm0_.slpyid as slpyid76_38_0_, salesshipm0_.slptc as slptc77_38_0_, salesshipm0_.slpoa as slpoa78_38_0_, salesshipm0_.slpod as slpod79_38_0_, salesshipm0_.slpqot as slpqot80_38_0_, salesshipm0_.sluom1 as sluom81_38_0_, salesshipm0_.slrbuid as slrbuid82_38_0_, salesshipm0_.slpjid as slpjid83_38_0_, salesshipm0_.slqty as slqty84_38_0_, salesshipm0_.slstid as slstid85_38_0_, salesshipm0_.slrecid as slrecid86_38_0_, salesshipm0_.slvr04 as slvr87_38_0_, salesshipm0_.slvr01 as slvr88_38_0_, salesshipm0_.slvr03 as slvr89_38_0_, salesshipm0_.slvr05 as slvr90_38_0_, salesshipm0_.slvr02 as slvr91_38_0_, salesshipm0_.slso03 as slso92_38_0_, salesshipm0_.slso01 as slso93_38_0_, salesshipm0_.slso02 as slso94_38_0_, salesshipm0_.slslid as slslid95_38_0_, salesshipm0_.slsqot as slsqot96_38_0_, salesshipm0_.sluom2 as sluom97_38_0_, salesshipm0_.slsnlot as slsnlot98_38_0_, salesshipm0_.slslrc1 as slslrc99_38_0_, salesshipm0_.slshcn as slshcn100_38_0_, salesshipm0_.sltaxal as sltaxa101_38_0_, salesshipm0_.sltaxam as sltaxa102_38_0_, salesshipm0_.sltaxab as sltaxa103_38_0_, salesshipm0_.sltaxcd as sltaxc104_38_0_, salesshipm0_.sltaxidt as sltaxi105_38_0_, salesshipm0_.sltaxino as sltaxi106_38_0_, salesshipm0_.sltaxrt as sltaxr107_38_0_, salesshipm0_.sldnop as sldnop108_38_0_, salesshipm0_.slinop as slinop109_38_0_, salesshipm0_.slcrct as slcrct110_38_0_, salesshipm0_.slitc03 as slitc111_38_0_, salesshipm0_.slucf as slucf112_38_0_, salesshipm0_.sluncost as slunco113_38_0_, salesshipm0_.sludc as sludc114_38_0_, salesshipm0_.sludf as sludf115_38_0_, salesshipm0_.sluom as sluom116_38_0_, salesshipm0_.slunprice as slunpr117_38_0_, salesshipm0_.slinvdt as slinvd118_38_0_, salesshipm0_.slinvno as slinvn119_38_0_ from t4212 salesshipm0_ where salesshipm0_.slcoid=? and salesshipm0_.sldocno=? and salesshipm0_.sldocty=? and salesshipm0_.sldocsq=?
Hibernate: insert into t4111 (itcid, itdtin, ittmin, ituid, itdtlu, ittmlu, ituidm, iticu, itpost, iticut, itanum, itst, itbuid, itdesb2, itdocdt, itdocmo, itdoctm, itdocyr, itexpdt, itexcost, itft, itglcls, itgldt, itipcd, ititt, itinum, itdesb1, itlocid, itobid, itdocono, itdocosq, itdocoty, itpqot, ituom1, itqty, itrecid, itrldocno, itrldocsq, itrldocty, itsqot, ituom2, itsnlot, itucf, ituncost, ituom, itdvs, itcoid, itdocno, itdocty, itdocsq) values (?, ?, ?, ?, ?, ?, ?, ?, ?, ?, ?, ?, ?, ?, ?, ?, ?, ?, ?, ?, ?, ?, ?, ?, ?, ?, ?, ?, ?, ?, ?, ?, ?, ?, ?, ?, ?, ?, ?, ?, ?, ?, ?, ?, ?, ?, ?, ?, ?, ?)
Hibernate: insert into t4212 (slcid, sldtin, sltmin, sluid, sldtlu, sltmlu, sluidm, slacid, slata, slatd, slcrcb, slicu, slicut, slitc02, slbuid, slitc01, slcnid, slcsid, slcsdocdt, slcsdocno, sldod, sldol, sldou, sldldt, sldesc1, sldesc2, sldccd, sldcrt, sldocdt, sleta, sletd, slexcrt, slexid, slead, slean, sledd, sledn, slexcost, slexprice, slfep, slfta, slftb, slfup, slfbd, slfbn, slglcls, slgscrt, slir02, slir01, slir03, slitt, sldocidt, sldocino, sldocisq, sldocity, slinum, sldesb1, slitc05, sllst, sllnty, sllocid, slnst, slobid, sldocono, sldocosq, sldocoty, slordocdt, slordocno, slordocsq, slordocty, slprid, slpyid, slptc, slpoa, slpod, slpqot, sluom1, slrbuid, slpjid, slqty, slstid, slrecid, slvr04, slvr01, slvr03, slvr05, slvr02, slso03, slso01, slso02, slslid, slsqot, sluom2, slsnlot, slslrc1, slshcn, sltaxal, sltaxam, sltaxab, sltaxcd, sltaxidt, sltaxino, sltaxrt, sldnop, slinop, slcrct, slitc03, slucf, sluncost, sludc, sludf, sluom, slunprice, slinvdt, slinvno, slcoid, sldocno, sldocty, sldocsq) values (?, ?, ?, ?, ?, ?, ?, ?, ?, ?, ?, ?, ?, ?, ?, ?, ?, ?, ?, ?, ?, ?, ?, ?, ?, ?, ?, ?, ?, ?, ?, ?, ?, ?, ?, ?, ?, ?, ?, ?, ?, ?, ?, ?, ?, ?, ?, ?, ?, ?, ?, ?, ?, ?, ?, ?, ?, ?, ?, ?, ?, ?, ?, ?, ?, ?, ?, ?, ?, ?, ?, ?, ?, ?, ?, ?, ?, ?, ?, ?, ?, ?, ?, ?, ?, ?, ?, ?, ?, ?, ?, ?, ?, ?, ?, ?, ?, ?, ?, ?, ?, ?, ?, ?, ?, ?, ?, ?, ?, ?, ?, ?, ?, ?, ?, ?, ?, ?, ?)
Hibernate: update t4212 set slcid=?, sldtlu=?, sltmlu=?, sluidm=?, slacid=?, slata=?, slatd=?, slitc02=?, slitc01=?, slcnid=?, slcsdocdt=?, slcsdocno=?, sldod=?, sldol=?, sldou=?, sldldt=?, sldesc1=?, sldesc2=?, sldccd=?, sldcrt=?, sldocdt=?, sleta=?, sletd=?, slexid=?, slead=?, slean=?, sledd=?, sledn=?, slexcost=?, slexprice=?, slfep=?, slfta=?, slftb=?, slfup=?, slfbd=?, slfbn=?, slglcls=?, slgscrt=?, slir02=?, slir01=?, slir03=?, slitt=?, sldocidt=?, sldocino=?, sldocisq=?, sldocity=?, slinum=?, sldesb1=?, slitc05=?, sllst=?, sllnty=?, sllocid=?, slnst=?, slobid=?, sldocono=?, sldocosq=?, sldocoty=?, slordocdt=?, slordocno=?, slordocsq=?, slordocty=?, slprid=?, slpyid=?, slptc=?, slpoa=?, slpod=?, slpqot=?, sluom1=?, slrbuid=?, slpjid=?, slqty=?, slrecid=?, slvr04=?, slvr01=?, slvr03=?, slvr05=?, slvr02=?, slso03=?, slso01=?, slso02=?, slslid=?, slsqot=?, sluom2=?, slsnlot=?, slslrc1=?, slshcn=?, sltaxal=?, sltaxam=?, sltaxab=?, sltaxcd=?, sltaxidt=?, sltaxino=?, sltaxrt=?, sldnop=?, slinop=?, slitc03=?, slucf=?, sluncost=?, sludc=?, sludf=?, sluom=?, slunprice=?, slinvdt=?, slinvno=? where slcoid=? and sldocno=? and sldocty=? and sldocsq=?
Hibernate: update t4211 set sdcid=?, sddtlu=?, sdtmlu=?, sduidm=?, sdacid=?, sdcrcb=?, sditc02=?, sdbuid=?, sdqtycl=?, sditc01=?, sdcldt=?, sdcnid=?, sdcsid=?, sddldt=?, sddccd=?, sddcrt=?, sdexcrt=?, sdexid=?, sdexcost=?, sdexprice=?, sdqtyx=?, sducfx=?, sduomx=?, sdunpricex=?, sdfep=?, sdfta=?, sdftb=?, sdfup=?, sdglcls=?, sdgldt=?, sdgscrt=?, sdhcod=?, sdir02=?, sdir01=?, sdir03=?, sdinum=?, sddesb1=?, sditc05=?, sdlst=?, sdlnty=?, sdlocid=?, sdnst=?, sdobid=?, sdqtyop=?, sdordt=?, sdott=?, sdordocdt=?, sdordocno=?, sdordocsq=?, sdordocty=?, sdprid=?, sdpyid=?, sdptc=?, sdpqor=?, sduom1=?, sdrbuid=?, sdpjid=?, sdpddt=?, sdqty=?, sdstid=?, sdvr04=?, sdvr01=?, sdvr03=?, sdvr05=?, sdvr02=?, sdrldocno=?, sdrldocsq=?, sdrldocty=?, sdrqdt=?, sdqtyrn=?, sdso03=?, sdso01=?, sdso02=?, sdslid=?, sdsqor=?, sduom2=?, sdsnlot=?, sdslrc1=?, sdqtysh=?, sdtaxal=?, sdtaxam=?, sdtaxab=?, sdtaxcd=?, sdtaxrt=?, sdcrct=?, sditc03=?, sducf=?, sduncost=?, sdudc=?, sdudf=?, sduom=?, sdunprice=?, sdurnb1=?, sdurnb2=?, sdvhrn=?, sdvhty=?, sdqtyvl=?, sduomv=?, sdqtywt=?, sduomw=? where sdcoid=? and sddocono=? and sddocosq=? and sddocoty=?
Hibernate: select salesshipm0_.slcoid as slcoid1_38_, salesshipm0_.sldocno as sldocno2_38_, salesshipm0_.sldocty as sldocty3_38_, salesshipm0_.sldocsq as sldocsq4_38_, salesshipm0_.slcid as slcid5_38_, salesshipm0_.sldtin as sldtin6_38_, salesshipm0_.sltmin as sltmin7_38_, salesshipm0_.sluid as sluid8_38_, salesshipm0_.sldtlu as sldtlu9_38_, salesshipm0_.sltmlu as sltmlu10_38_, salesshipm0_.sluidm as sluidm11_38_, salesshipm0_.slacid as slacid12_38_, salesshipm0_.slata as slata13_38_, salesshipm0_.slatd as slatd14_38_, salesshipm0_.slcrcb as slcrcb15_38_, salesshipm0_.slicu as slicu16_38_, salesshipm0_.slicut as slicut17_38_, salesshipm0_.slitc02 as slitc18_38_, salesshipm0_.slbuid as slbuid19_38_, salesshipm0_.slitc01 as slitc20_38_, salesshipm0_.slcnid as slcnid21_38_, salesshipm0_.slcsid as slcsid22_38_, salesshipm0_.slcsdocdt as slcsdoc23_38_, salesshipm0_.slcsdocno as slcsdoc24_38_, salesshipm0_.sldod as sldod25_38_, salesshipm0_.sldol as sldol26_38_, salesshipm0_.sldou as sldou27_38_, salesshipm0_.sldldt as sldldt28_38_, salesshipm0_.sldesc1 as sldesc29_38_, salesshipm0_.sldesc2 as sldesc30_38_, salesshipm0_.sldccd as sldccd31_38_, salesshipm0_.sldcrt as sldcrt32_38_, salesshipm0_.sldocdt as sldocdt33_38_, salesshipm0_.sleta as sleta34_38_, salesshipm0_.sletd as sletd35_38_, salesshipm0_.slexcrt as slexcrt36_38_, salesshipm0_.slexid as slexid37_38_, salesshipm0_.slead as slead38_38_, salesshipm0_.slean as slean39_38_, salesshipm0_.sledd as sledd40_38_, salesshipm0_.sledn as sledn41_38_, salesshipm0_.slexcost as slexcos42_38_, salesshipm0_.slexprice as slexpri43_38_, salesshipm0_.slfep as slfep44_38_, salesshipm0_.slfta as slfta45_38_, salesshipm0_.slftb as slftb46_38_, salesshipm0_.slfup as slfup47_38_, salesshipm0_.slfbd as slfbd48_38_, salesshipm0_.slfbn as slfbn49_38_, salesshipm0_.slglcls as slglcls50_38_, salesshipm0_.slgscrt as slgscrt51_38_, salesshipm0_.slir02 as slir52_38_, salesshipm0_.slir01 as slir53_38_, salesshipm0_.slir03 as slir54_38_, salesshipm0_.slitt as slitt55_38_, salesshipm0_.sldocidt as sldocid56_38_, salesshipm0_.sldocino as sldocin57_38_, salesshipm0_.sldocisq as sldocis58_38_, salesshipm0_.sldocity as sldocit59_38_, salesshipm0_.slinum as slinum60_38_, salesshipm0_.sldesb1 as sldesb61_38_, salesshipm0_.slitc05 as slitc62_38_, salesshipm0_.sllst as sllst63_38_, salesshipm0_.sllnty as sllnty64_38_, salesshipm0_.sllocid as sllocid65_38_, salesshipm0_.slnst as slnst66_38_, salesshipm0_.slobid as slobid67_38_, salesshipm0_.sldocono as sldocon68_38_, salesshipm0_.sldocosq as sldocos69_38_, salesshipm0_.sldocoty as sldocot70_38_, salesshipm0_.slordocdt as slordoc71_38_, salesshipm0_.slordocno as slordoc72_38_, salesshipm0_.slordocsq as slordoc73_38_, salesshipm0_.slordocty as slordoc74_38_, salesshipm0_.slprid as slprid75_38_, salesshipm0_.slpyid as slpyid76_38_, salesshipm0_.slptc as slptc77_38_, salesshipm0_.slpoa as slpoa78_38_, salesshipm0_.slpod as slpod79_38_, salesshipm0_.slpqot as slpqot80_38_, salesshipm0_.sluom1 as sluom81_38_, salesshipm0_.slrbuid as slrbuid82_38_, salesshipm0_.slpjid as slpjid83_38_, salesshipm0_.slqty as slqty84_38_, salesshipm0_.slstid as slstid85_38_, salesshipm0_.slrecid as slrecid86_38_, salesshipm0_.slvr04 as slvr87_38_, salesshipm0_.slvr01 as slvr88_38_, salesshipm0_.slvr03 as slvr89_38_, salesshipm0_.slvr05 as slvr90_38_, salesshipm0_.slvr02 as slvr91_38_, salesshipm0_.slso03 as slso92_38_, salesshipm0_.slso01 as slso93_38_, salesshipm0_.slso02 as slso94_38_, salesshipm0_.slslid as slslid95_38_, salesshipm0_.slsqot as slsqot96_38_, salesshipm0_.sluom2 as sluom97_38_, salesshipm0_.slsnlot as slsnlot98_38_, salesshipm0_.slslrc1 as slslrc99_38_, salesshipm0_.slshcn as slshcn100_38_, salesshipm0_.sltaxal as sltaxa101_38_, salesshipm0_.sltaxam as sltaxa102_38_, salesshipm0_.sltaxab as sltaxa103_38_, salesshipm0_.sltaxcd as sltaxc104_38_, salesshipm0_.sltaxidt as sltaxi105_38_, salesshipm0_.sltaxino as sltaxi106_38_, salesshipm0_.sltaxrt as sltaxr107_38_, salesshipm0_.sldnop as sldnop108_38_, salesshipm0_.slinop as slinop109_38_, salesshipm0_.slcrct as slcrct110_38_, salesshipm0_.slitc03 as slitc111_38_, salesshipm0_.slucf as slucf112_38_, salesshipm0_.sluncost as slunco113_38_, salesshipm0_.sludc as sludc114_38_, salesshipm0_.sludf as sludf115_38_, salesshipm0_.sluom as sluom116_38_, salesshipm0_.slunprice as slunpr117_38_, salesshipm0_.slinvdt as slinvd118_38_, salesshipm0_.slinvno as slinvn119_38_ from t4212 salesshipm0_ where salesshipm0_.slcoid=? and salesshipm0_.sldocno=? and salesshipm0_.sldocty=?
Hibernate: select serialnumb0_.coid as coid1_43_0_, serialnumb0_.docno as docno2_43_0_, serialnumb0_.docty as docty3_43_0_, serialnumb0_.docsq as docsq4_43_0_, serialnumb0_.buid as buid5_43_0_, serialnumb0_.inum as inum6_43_0_, serialnumb0_.snlot as snlot7_43_0_, lotmaster1_.ltbuid as ltbuid1_34_1_, lotmaster1_.ltinum as ltinum2_34_1_, lotmaster1_.ltsnlot as ltsnlot3_34_1_, lotmaster1_.ltcid as ltcid4_34_1_, lotmaster1_.ltdtin as ltdtin5_34_1_, lotmaster1_.lttmin as lttmin6_34_1_, lotmaster1_.ltuid as ltuid7_34_1_, lotmaster1_.ltdtlu as ltdtlu8_34_1_, lotmaster1_.lttmlu as lttmlu9_34_1_, lotmaster1_.ltuidm as ltuidm10_34_1_, lotmaster1_.ltbodt as ltbodt11_34_1_, lotmaster1_.ltbbdt as ltbbdt12_34_1_, lotmaster1_.ltcldt as ltcldt13_34_1_, lotmaster1_.ltexpdt as ltexpdt14_34_1_, lotmaster1_.ltldsc as ltldsc15_34_1_, lotmaster1_.ltledt as ltledt16_34_1_, lotmaster1_.ltlsc as ltlsc17_34_1_, lotmaster1_.ltmlot1 as ltmlot18_34_1_, lotmaster1_.ltmlot2 as ltmlot19_34_1_, lotmaster1_.ltmlot3 as ltmlot20_34_1_, lotmaster1_.ltohdt as ltohdt21_34_1_, lotmaster1_.ltsern as ltsern22_34_1_ from transaction_serialnumbers serialnumb0_ inner join t4108 lotmaster1_ on serialnumb0_.buid=lotmaster1_.ltbuid and serialnumb0_.inum=lotmaster1_.ltinum and serialnumb0_.snlot=lotmaster1_.ltsnlot where serialnumb0_.coid=? and serialnumb0_.docno=? and serialnumb0_.docty=? and serialnumb0_.docsq=?
Hibernate: select serialnumb0_.coid as coid1_43_0_, serialnumb0_.docno as docno2_43_0_, serialnumb0_.docty as docty3_43_0_, serialnumb0_.docsq as docsq4_43_0_, serialnumb0_.buid as buid5_43_0_, serialnumb0_.inum as inum6_43_0_, serialnumb0_.snlot as snlot7_43_0_, lotmaster1_.ltbuid as ltbuid1_34_1_, lotmaster1_.ltinum as ltinum2_34_1_, lotmaster1_.ltsnlot as ltsnlot3_34_1_, lotmaster1_.ltcid as ltcid4_34_1_, lotmaster1_.ltdtin as ltdtin5_34_1_, lotmaster1_.lttmin as lttmin6_34_1_, lotmaster1_.ltuid as ltuid7_34_1_, lotmaster1_.ltdtlu as ltdtlu8_34_1_, lotmaster1_.lttmlu as lttmlu9_34_1_, lotmaster1_.ltuidm as ltuidm10_34_1_, lotmaster1_.ltbodt as ltbodt11_34_1_, lotmaster1_.ltbbdt as ltbbdt12_34_1_, lotmaster1_.ltcldt as ltcldt13_34_1_, lotmaster1_.ltexpdt as ltexpdt14_34_1_, lotmaster1_.ltldsc as ltldsc15_34_1_, lotmaster1_.ltledt as ltledt16_34_1_, lotmaster1_.ltlsc as ltlsc17_34_1_, lotmaster1_.ltmlot1 as ltmlot18_34_1_, lotmaster1_.ltmlot2 as ltmlot19_34_1_, lotmaster1_.ltmlot3 as ltmlot20_34_1_, lotmaster1_.ltohdt as ltohdt21_34_1_, lotmaster1_.ltsern as ltsern22_34_1_ from transaction_serialnumbers serialnumb0_ inner join t4108 lotmaster1_ on serialnumb0_.buid=lotmaster1_.ltbuid and serialnumb0_.inum=lotmaster1_.ltinum and serialnumb0_.snlot=lotmaster1_.ltsnlot where serialnumb0_.coid=? and serialnumb0_.docno=? and serialnumb0_.docty=? and serialnumb0_.docsq=?
Hibernate: select salesshipm0_.slcoid as slcoid1_38_0_, salesshipm0_.sldocno as sldocno2_38_0_, salesshipm0_.sldocty as sldocty3_38_0_, salesshipm0_.sldocsq as sldocsq4_38_0_, salesshipm0_.slcid as slcid5_38_0_, salesshipm0_.sldtin as sldtin6_38_0_, salesshipm0_.sltmin as sltmin7_38_0_, salesshipm0_.sluid as sluid8_38_0_, salesshipm0_.sldtlu as sldtlu9_38_0_, salesshipm0_.sltmlu as sltmlu10_38_0_, salesshipm0_.sluidm as sluidm11_38_0_, salesshipm0_.slacid as slacid12_38_0_, salesshipm0_.slata as slata13_38_0_, salesshipm0_.slatd as slatd14_38_0_, salesshipm0_.slcrcb as slcrcb15_38_0_, salesshipm0_.slicu as slicu16_38_0_, salesshipm0_.slicut as slicut17_38_0_, salesshipm0_.slitc02 as slitc18_38_0_, salesshipm0_.slbuid as slbuid19_38_0_, salesshipm0_.slitc01 as slitc20_38_0_, salesshipm0_.slcnid as slcnid21_38_0_, salesshipm0_.slcsid as slcsid22_38_0_, salesshipm0_.slcsdocdt as slcsdoc23_38_0_, salesshipm0_.slcsdocno as slcsdoc24_38_0_, salesshipm0_.sldod as sldod25_38_0_, salesshipm0_.sldol as sldol26_38_0_, salesshipm0_.sldou as sldou27_38_0_, salesshipm0_.sldldt as sldldt28_38_0_, salesshipm0_.sldesc1 as sldesc29_38_0_, salesshipm0_.sldesc2 as sldesc30_38_0_, salesshipm0_.sldccd as sldccd31_38_0_, salesshipm0_.sldcrt as sldcrt32_38_0_, salesshipm0_.sldocdt as sldocdt33_38_0_, salesshipm0_.sleta as sleta34_38_0_, salesshipm0_.sletd as sletd35_38_0_, salesshipm0_.slexcrt as slexcrt36_38_0_, salesshipm0_.slexid as slexid37_38_0_, salesshipm0_.slead as slead38_38_0_, salesshipm0_.slean as slean39_38_0_, salesshipm0_.sledd as sledd40_38_0_, salesshipm0_.sledn as sledn41_38_0_, salesshipm0_.slexcost as slexcos42_38_0_, salesshipm0_.slexprice as slexpri43_38_0_, salesshipm0_.slfep as slfep44_38_0_, salesshipm0_.slfta as slfta45_38_0_, salesshipm0_.slftb as slftb46_38_0_, salesshipm0_.slfup as slfup47_38_0_, salesshipm0_.slfbd as slfbd48_38_0_, salesshipm0_.slfbn as slfbn49_38_0_, salesshipm0_.slglcls as slglcls50_38_0_, salesshipm0_.slgscrt as slgscrt51_38_0_, salesshipm0_.slir02 as slir52_38_0_, salesshipm0_.slir01 as slir53_38_0_, salesshipm0_.slir03 as slir54_38_0_, salesshipm0_.slitt as slitt55_38_0_, salesshipm0_.sldocidt as sldocid56_38_0_, salesshipm0_.sldocino as sldocin57_38_0_, salesshipm0_.sldocisq as sldocis58_38_0_, salesshipm0_.sldocity as sldocit59_38_0_, salesshipm0_.slinum as slinum60_38_0_, salesshipm0_.sldesb1 as sldesb61_38_0_, salesshipm0_.slitc05 as slitc62_38_0_, salesshipm0_.sllst as sllst63_38_0_, salesshipm0_.sllnty as sllnty64_38_0_, salesshipm0_.sllocid as sllocid65_38_0_, salesshipm0_.slnst as slnst66_38_0_, salesshipm0_.slobid as slobid67_38_0_, salesshipm0_.sldocono as sldocon68_38_0_, salesshipm0_.sldocosq as sldocos69_38_0_, salesshipm0_.sldocoty as sldocot70_38_0_, salesshipm0_.slordocdt as slordoc71_38_0_, salesshipm0_.slordocno as slordoc72_38_0_, salesshipm0_.slordocsq as slordoc73_38_0_, salesshipm0_.slordocty as slordoc74_38_0_, salesshipm0_.slprid as slprid75_38_0_, salesshipm0_.slpyid as slpyid76_38_0_, salesshipm0_.slptc as slptc77_38_0_, salesshipm0_.slpoa as slpoa78_38_0_, salesshipm0_.slpod as slpod79_38_0_, salesshipm0_.slpqot as slpqot80_38_0_, salesshipm0_.sluom1 as sluom81_38_0_, salesshipm0_.slrbuid as slrbuid82_38_0_, salesshipm0_.slpjid as slpjid83_38_0_, salesshipm0_.slqty as slqty84_38_0_, salesshipm0_.slstid as slstid85_38_0_, salesshipm0_.slrecid as slrecid86_38_0_, salesshipm0_.slvr04 as slvr87_38_0_, salesshipm0_.slvr01 as slvr88_38_0_, salesshipm0_.slvr03 as slvr89_38_0_, salesshipm0_.slvr05 as slvr90_38_0_, salesshipm0_.slvr02 as slvr91_38_0_, salesshipm0_.slso03 as slso92_38_0_, salesshipm0_.slso01 as slso93_38_0_, salesshipm0_.slso02 as slso94_38_0_, salesshipm0_.slslid as slslid95_38_0_, salesshipm0_.slsqot as slsqot96_38_0_, salesshipm0_.sluom2 as sluom97_38_0_, salesshipm0_.slsnlot as slsnlot98_38_0_, salesshipm0_.slslrc1 as slslrc99_38_0_, salesshipm0_.slshcn as slshcn100_38_0_, salesshipm0_.sltaxal as sltaxa101_38_0_, salesshipm0_.sltaxam as sltaxa102_38_0_, salesshipm0_.sltaxab as sltaxa103_38_0_, salesshipm0_.sltaxcd as sltaxc104_38_0_, salesshipm0_.sltaxidt as sltaxi105_38_0_, salesshipm0_.sltaxino as sltaxi106_38_0_, salesshipm0_.sltaxrt as sltaxr107_38_0_, salesshipm0_.sldnop as sldnop108_38_0_, salesshipm0_.slinop as slinop109_38_0_, salesshipm0_.slcrct as slcrct110_38_0_, salesshipm0_.slitc03 as slitc111_38_0_, salesshipm0_.slucf as slucf112_38_0_, salesshipm0_.sluncost as slunco113_38_0_, salesshipm0_.sludc as sludc114_38_0_, salesshipm0_.sludf as sludf115_38_0_, salesshipm0_.sluom as sluom116_38_0_, salesshipm0_.slunprice as slunpr117_38_0_, salesshipm0_.slinvdt as slinvd118_38_0_, salesshipm0_.slinvno as slinvn119_38_0_ from t4212 salesshipm0_ where salesshipm0_.slcoid=? and salesshipm0_.sldocno=? and salesshipm0_.sldocty=? and salesshipm0_.sldocsq=?
Hibernate: select salesshipm0_.slcoid as slcoid1_38_, salesshipm0_.sldocno as sldocno2_38_, salesshipm0_.sldocty as sldocty3_38_, salesshipm0_.sldocsq as sldocsq4_38_, salesshipm0_.slcid as slcid5_38_, salesshipm0_.sldtin as sldtin6_38_, salesshipm0_.sltmin as sltmin7_38_, salesshipm0_.sluid as sluid8_38_, salesshipm0_.sldtlu as sldtlu9_38_, salesshipm0_.sltmlu as sltmlu10_38_, salesshipm0_.sluidm as sluidm11_38_, salesshipm0_.slacid as slacid12_38_, salesshipm0_.slata as slata13_38_, salesshipm0_.slatd as slatd14_38_, salesshipm0_.slcrcb as slcrcb15_38_, salesshipm0_.slicu as slicu16_38_, salesshipm0_.slicut as slicut17_38_, salesshipm0_.slitc02 as slitc18_38_, salesshipm0_.slbuid as slbuid19_38_, salesshipm0_.slitc01 as slitc20_38_, salesshipm0_.slcnid as slcnid21_38_, salesshipm0_.slcsid as slcsid22_38_, salesshipm0_.slcsdocdt as slcsdoc23_38_, salesshipm0_.slcsdocno as slcsdoc24_38_, salesshipm0_.sldod as sldod25_38_, salesshipm0_.sldol as sldol26_38_, salesshipm0_.sldou as sldou27_38_, salesshipm0_.sldldt as sldldt28_38_, salesshipm0_.sldesc1 as sldesc29_38_, salesshipm0_.sldesc2 as sldesc30_38_, salesshipm0_.sldccd as sldccd31_38_, salesshipm0_.sldcrt as sldcrt32_38_, salesshipm0_.sldocdt as sldocdt33_38_, salesshipm0_.sleta as sleta34_38_, salesshipm0_.sletd as sletd35_38_, salesshipm0_.slexcrt as slexcrt36_38_, salesshipm0_.slexid as slexid37_38_, salesshipm0_.slead as slead38_38_, salesshipm0_.slean as slean39_38_, salesshipm0_.sledd as sledd40_38_, salesshipm0_.sledn as sledn41_38_, salesshipm0_.slexcost as slexcos42_38_, salesshipm0_.slexprice as slexpri43_38_, salesshipm0_.slfep as slfep44_38_, salesshipm0_.slfta as slfta45_38_, salesshipm0_.slftb as slftb46_38_, salesshipm0_.slfup as slfup47_38_, salesshipm0_.slfbd as slfbd48_38_, salesshipm0_.slfbn as slfbn49_38_, salesshipm0_.slglcls as slglcls50_38_, salesshipm0_.slgscrt as slgscrt51_38_, salesshipm0_.slir02 as slir52_38_, salesshipm0_.slir01 as slir53_38_, salesshipm0_.slir03 as slir54_38_, salesshipm0_.slitt as slitt55_38_, salesshipm0_.sldocidt as sldocid56_38_, salesshipm0_.sldocino as sldocin57_38_, salesshipm0_.sldocisq as sldocis58_38_, salesshipm0_.sldocity as sldocit59_38_, salesshipm0_.slinum as slinum60_38_, salesshipm0_.sldesb1 as sldesb61_38_, salesshipm0_.slitc05 as slitc62_38_, salesshipm0_.sllst as sllst63_38_, salesshipm0_.sllnty as sllnty64_38_, salesshipm0_.sllocid as sllocid65_38_, salesshipm0_.slnst as slnst66_38_, salesshipm0_.slobid as slobid67_38_, salesshipm0_.sldocono as sldocon68_38_, salesshipm0_.sldocosq as sldocos69_38_, salesshipm0_.sldocoty as sldocot70_38_, salesshipm0_.slordocdt as slordoc71_38_, salesshipm0_.slordocno as slordoc72_38_, salesshipm0_.slordocsq as slordoc73_38_, salesshipm0_.slordocty as slordoc74_38_, salesshipm0_.slprid as slprid75_38_, salesshipm0_.slpyid as slpyid76_38_, salesshipm0_.slptc as slptc77_38_, salesshipm0_.slpoa as slpoa78_38_, salesshipm0_.slpod as slpod79_38_, salesshipm0_.slpqot as slpqot80_38_, salesshipm0_.sluom1 as sluom81_38_, salesshipm0_.slrbuid as slrbuid82_38_, salesshipm0_.slpjid as slpjid83_38_, salesshipm0_.slqty as slqty84_38_, salesshipm0_.slstid as slstid85_38_, salesshipm0_.slrecid as slrecid86_38_, salesshipm0_.slvr04 as slvr87_38_, salesshipm0_.slvr01 as slvr88_38_, salesshipm0_.slvr03 as slvr89_38_, salesshipm0_.slvr05 as slvr90_38_, salesshipm0_.slvr02 as slvr91_38_, salesshipm0_.slso03 as slso92_38_, salesshipm0_.slso01 as slso93_38_, salesshipm0_.slso02 as slso94_38_, salesshipm0_.slslid as slslid95_38_, salesshipm0_.slsqot as slsqot96_38_, salesshipm0_.sluom2 as sluom97_38_, salesshipm0_.slsnlot as slsnlot98_38_, salesshipm0_.slslrc1 as slslrc99_38_, salesshipm0_.slshcn as slshcn100_38_, salesshipm0_.sltaxal as sltaxa101_38_, salesshipm0_.sltaxam as sltaxa102_38_, salesshipm0_.sltaxab as sltaxa103_38_, salesshipm0_.sltaxcd as sltaxc104_38_, salesshipm0_.sltaxidt as sltaxi105_38_, salesshipm0_.sltaxino as sltaxi106_38_, salesshipm0_.sltaxrt as sltaxr107_38_, salesshipm0_.sldnop as sldnop108_38_, salesshipm0_.slinop as slinop109_38_, salesshipm0_.slcrct as slcrct110_38_, salesshipm0_.slitc03 as slitc111_38_, salesshipm0_.slucf as slucf112_38_, salesshipm0_.sluncost as slunco113_38_, salesshipm0_.sludc as sludc114_38_, salesshipm0_.sludf as sludf115_38_, salesshipm0_.sluom as sluom116_38_, salesshipm0_.slunprice as slunpr117_38_, salesshipm0_.slinvdt as slinvd118_38_, salesshipm0_.slinvno as slinvn119_38_ from t4212 salesshipm0_ where salesshipm0_.slcoid=? and salesshipm0_.sldocno=? and salesshipm0_.sldocty=?
Hibernate: select salesdetai0_.sdcoid as sdcoid1_37_0_, salesdetai0_.sddocono as sddocono2_37_0_, salesdetai0_.sddocosq as sddocosq3_37_0_, salesdetai0_.sddocoty as sddocoty4_37_0_, salesdetai0_.sdcid as sdcid5_37_0_, salesdetai0_.sddtin as sddtin6_37_0_, salesdetai0_.sdtmin as sdtmin7_37_0_, salesdetai0_.sduid as sduid8_37_0_, salesdetai0_.sddtlu as sddtlu9_37_0_, salesdetai0_.sdtmlu as sdtmlu10_37_0_, salesdetai0_.sduidm as sduidm11_37_0_, salesdetai0_.sdacid as sdacid12_37_0_, salesdetai0_.sdcrcb as sdcrcb13_37_0_, salesdetai0_.sditc02 as sditc14_37_0_, salesdetai0_.sdbuid as sdbuid15_37_0_, salesdetai0_.sdqtycl as sdqtycl16_37_0_, salesdetai0_.sditc01 as sditc17_37_0_, salesdetai0_.sdcldt as sdcldt18_37_0_, salesdetai0_.sdcnid as sdcnid19_37_0_, salesdetai0_.sdcsid as sdcsid20_37_0_, salesdetai0_.sddldt as sddldt21_37_0_, salesdetai0_.sddccd as sddccd22_37_0_, salesdetai0_.sddcrt as sddcrt23_37_0_, salesdetai0_.sdexcrt as sdexcrt24_37_0_, salesdetai0_.sdexid as sdexid25_37_0_, salesdetai0_.sdexcost as sdexcos26_37_0_, salesdetai0_.sdexprice as sdexpri27_37_0_, salesdetai0_.sdqtyx as sdqtyx28_37_0_, salesdetai0_.sducfx as sducfx29_37_0_, salesdetai0_.sduomx as sduomx30_37_0_, salesdetai0_.sdunpricex as sdunpri31_37_0_, salesdetai0_.sdfep as sdfep32_37_0_, salesdetai0_.sdfta as sdfta33_37_0_, salesdetai0_.sdftb as sdftb34_37_0_, salesdetai0_.sdfup as sdfup35_37_0_, salesdetai0_.sdglcls as sdglcls36_37_0_, salesdetai0_.sdgldt as sdgldt37_37_0_, salesdetai0_.sdgscrt as sdgscrt38_37_0_, salesdetai0_.sdhcod as sdhcod39_37_0_, salesdetai0_.sdir02 as sdir40_37_0_, salesdetai0_.sdir01 as sdir41_37_0_, salesdetai0_.sdir03 as sdir42_37_0_, salesdetai0_.sdinum as sdinum43_37_0_, salesdetai0_.sddesb1 as sddesb44_37_0_, salesdetai0_.sditc05 as sditc45_37_0_, salesdetai0_.sdlst as sdlst46_37_0_, salesdetai0_.sdlnty as sdlnty47_37_0_, salesdetai0_.sdlocid as sdlocid48_37_0_, salesdetai0_.sdnst as sdnst49_37_0_, salesdetai0_.sdobid as sdobid50_37_0_, salesdetai0_.sdqtyop as sdqtyop51_37_0_, salesdetai0_.sdordt as sdordt52_37_0_, salesdetai0_.sdott as sdott53_37_0_, salesdetai0_.sdordocdt as sdordoc54_37_0_, salesdetai0_.sdordocno as sdordoc55_37_0_, salesdetai0_.sdordocsq as sdordoc56_37_0_, salesdetai0_.sdordocty as sdordoc57_37_0_, salesdetai0_.sdprid as sdprid58_37_0_, salesdetai0_.sdpyid as sdpyid59_37_0_, salesdetai0_.sdptc as sdptc60_37_0_, salesdetai0_.sdpqor as sdpqor61_37_0_, salesdetai0_.sduom1 as sduom62_37_0_, salesdetai0_.sdrbuid as sdrbuid63_37_0_, salesdetai0_.sdpjid as sdpjid64_37_0_, salesdetai0_.sdpddt as sdpddt65_37_0_, salesdetai0_.sdqty as sdqty66_37_0_, salesdetai0_.sdstid as sdstid67_37_0_, salesdetai0_.sdvr04 as sdvr68_37_0_, salesdetai0_.sdvr01 as sdvr69_37_0_, salesdetai0_.sdvr03 as sdvr70_37_0_, salesdetai0_.sdvr05 as sdvr71_37_0_, salesdetai0_.sdvr02 as sdvr72_37_0_, salesdetai0_.sdrldocno as sdrldoc73_37_0_, salesdetai0_.sdrldocsq as sdrldoc74_37_0_, salesdetai0_.sdrldocty as sdrldoc75_37_0_, salesdetai0_.sdrqdt as sdrqdt76_37_0_, salesdetai0_.sdqtyrn as sdqtyrn77_37_0_, salesdetai0_.sdso03 as sdso78_37_0_, salesdetai0_.sdso01 as sdso79_37_0_, salesdetai0_.sdso02 as sdso80_37_0_, salesdetai0_.sdslid as sdslid81_37_0_, salesdetai0_.sdsqor as sdsqor82_37_0_, salesdetai0_.sduom2 as sduom83_37_0_, salesdetai0_.sdsnlot as sdsnlot84_37_0_, salesdetai0_.sdslrc1 as sdslrc85_37_0_, salesdetai0_.sdqtysh as sdqtysh86_37_0_, salesdetai0_.sdtaxal as sdtaxal87_37_0_, salesdetai0_.sdtaxam as sdtaxam88_37_0_, salesdetai0_.sdtaxab as sdtaxab89_37_0_, salesdetai0_.sdtaxcd as sdtaxcd90_37_0_, salesdetai0_.sdtaxrt as sdtaxrt91_37_0_, salesdetai0_.sdcrct as sdcrct92_37_0_, salesdetai0_.sditc03 as sditc93_37_0_, salesdetai0_.sducf as sducf94_37_0_, salesdetai0_.sduncost as sduncos95_37_0_, salesdetai0_.sdudc as sdudc96_37_0_, salesdetai0_.sdudf as sdudf97_37_0_, salesdetai0_.sduom as sduom98_37_0_, salesdetai0_.sdunprice as sdunpri99_37_0_, salesdetai0_.sdurnb1 as sdurnb100_37_0_, salesdetai0_.sdurnb2 as sdurnb101_37_0_, salesdetai0_.sdvhrn as sdvhrn102_37_0_, salesdetai0_.sdvhty as sdvhty103_37_0_, salesdetai0_.sdqtyvl as sdqtyv104_37_0_, salesdetai0_.sduomv as sduomv105_37_0_, salesdetai0_.sdqtywt as sdqtyw106_37_0_, salesdetai0_.sduomw as sduomw107_37_0_, salesorder1_.shcoid as shcoid1_36_1_, salesorder1_.shdocono as shdocono2_36_1_, salesorder1_.shdocoty as shdocoty3_36_1_, salesorder1_.shcid as shcid4_36_1_, salesorder1_.shdtin as shdtin5_36_1_, salesorder1_.shtmin as shtmin6_36_1_, salesorder1_.shuid as shuid7_36_1_, salesorder1_.shdtlu as shdtlu8_36_1_, salesorder1_.shtmlu as shtmlu9_36_1_, salesorder1_.shuidm as shuidm10_36_1_, salesorder1_.shata as shata11_36_1_, salesorder1_.shatd as shatd12_36_1_, salesorder1_.shcrcb as shcrcb13_36_1_, salesorder1_.shbuid as shbuid14_36_1_, salesorder1_.shcldt as shcldt15_36_1_, salesorder1_.shcot as shcot16_36_1_, salesorder1_.shcsid as shcsid17_36_1_, salesorder1_.shcsdocdt as shcsdoc18_36_1_, salesorder1_.shcsdocno as shcsdoc19_36_1_, salesorder1_.shdod as shdod20_36_1_, salesorder1_.shdol as shdol21_36_1_, salesorder1_.shdou as shdou22_36_1_, salesorder1_.shdldt as shdldt23_36_1_, salesorder1_.shdesb1 as shdesb24_36_1_, salesorder1_.shdccd as shdccd25_36_1_, salesorder1_.shdcrt as shdcrt26_36_1_, salesorder1_.sheta as sheta27_36_1_, salesorder1_.shetd as shetd28_36_1_, salesorder1_.shexcrt as shexcrt29_36_1_, salesorder1_.shexid as shexid30_36_1_, salesorder1_.shead as shead31_36_1_, salesorder1_.shean as shean32_36_1_, salesorder1_.shedd as shedd33_36_1_, salesorder1_.shedn as shedn34_36_1_, salesorder1_.shfbd as shfbd35_36_1_, salesorder1_.shfbn as shfbn36_36_1_, salesorder1_.shfhc as shfhc37_36_1_, salesorder1_.shgldt as shgldt38_36_1_, salesorder1_.shgscrt as shgscrt39_36_1_, salesorder1_.shhcod as shhcod40_36_1_, salesorder1_.shlst as shlst41_36_1_, salesorder1_.shnst as shnst42_36_1_, salesorder1_.shobid as shobid43_36_1_, salesorder1_.shordt as shordt44_36_1_, salesorder1_.shordocdt as shordoc45_36_1_, salesorder1_.shordocno as shordoc46_36_1_, salesorder1_.shprid as shprid47_36_1_, salesorder1_.shpyid as shpyid48_36_1_, salesorder1_.shptc as shptc49_36_1_, salesorder1_.shpoa as shpoa50_36_1_, salesorder1_.shpod as shpod51_36_1_, salesorder1_.shrbuid as shrbuid52_36_1_, salesorder1_.shpjid as shpjid53_36_1_, salesorder1_.shpddt as shpddt54_36_1_, salesorder1_.shstid as shstid55_36_1_, salesorder1_.shrqdt as shrqdt56_36_1_, salesorder1_.shslid as shslid57_36_1_, salesorder1_.shshcn as shshcn58_36_1_, salesorder1_.shshmt as shshmt59_36_1_, salesorder1_.shtagid as shtagid60_36_1_, salesorder1_.shtaxal as shtaxal61_36_1_, salesorder1_.shtaxcd as shtaxcd62_36_1_, salesorder1_.shtaxrt as shtaxrt63_36_1_, salesorder1_.shcrct as shcrct64_36_1_, salesorder1_.shurdt1 as shurdt65_36_1_, salesorder1_.shurdt2 as shurdt66_36_1_ from t4211 salesdetai0_ inner join t4201 salesorder1_ on salesdetai0_.sdcoid=salesorder1_.shcoid and salesdetai0_.sddocono=salesorder1_.shdocono and salesdetai0_.sddocoty=salesorder1_.shdocoty where salesdetai0_.sdcoid=? and salesdetai0_.sddocono=? and salesdetai0_.sddocosq=? and salesdetai0_.sddocoty=?
Hibernate: select serialnumb0_.coid as coid1_43_0_, serialnumb0_.docno as docno2_43_0_, serialnumb0_.docty as docty3_43_0_, serialnumb0_.docsq as docsq4_43_0_, serialnumb0_.buid as buid5_43_0_, serialnumb0_.inum as inum6_43_0_, serialnumb0_.snlot as snlot7_43_0_, lotmaster1_.ltbuid as ltbuid1_34_1_, lotmaster1_.ltinum as ltinum2_34_1_, lotmaster1_.ltsnlot as ltsnlot3_34_1_, lotmaster1_.ltcid as ltcid4_34_1_, lotmaster1_.ltdtin as ltdtin5_34_1_, lotmaster1_.lttmin as lttmin6_34_1_, lotmaster1_.ltuid as ltuid7_34_1_, lotmaster1_.ltdtlu as ltdtlu8_34_1_, lotmaster1_.lttmlu as lttmlu9_34_1_, lotmaster1_.ltuidm as ltuidm10_34_1_, lotmaster1_.ltbodt as ltbodt11_34_1_, lotmaster1_.ltbbdt as ltbbdt12_34_1_, lotmaster1_.ltcldt as ltcldt13_34_1_, lotmaster1_.ltexpdt as ltexpdt14_34_1_, lotmaster1_.ltldsc as ltldsc15_34_1_, lotmaster1_.ltledt as ltledt16_34_1_, lotmaster1_.ltlsc as ltlsc17_34_1_, lotmaster1_.ltmlot1 as ltmlot18_34_1_, lotmaster1_.ltmlot2 as ltmlot19_34_1_, lotmaster1_.ltmlot3 as ltmlot20_34_1_, lotmaster1_.ltohdt as ltohdt21_34_1_, lotmaster1_.ltsern as ltsern22_34_1_ from transaction_serialnumbers serialnumb0_ inner join t4108 lotmaster1_ on serialnumb0_.buid=lotmaster1_.ltbuid and serialnumb0_.inum=lotmaster1_.ltinum and serialnumb0_.snlot=lotmaster1_.ltsnlot where serialnumb0_.coid=? and serialnumb0_.docno=? and serialnumb0_.docty=? and serialnumb0_.docsq=?
Hibernate: select serialnumb0_.coid as coid1_43_0_, serialnumb0_.docno as docno2_43_0_, serialnumb0_.docty as docty3_43_0_, serialnumb0_.docsq as docsq4_43_0_, serialnumb0_.buid as buid5_43_0_, serialnumb0_.inum as inum6_43_0_, serialnumb0_.snlot as snlot7_43_0_, lotmaster1_.ltbuid as ltbuid1_34_1_, lotmaster1_.ltinum as ltinum2_34_1_, lotmaster1_.ltsnlot as ltsnlot3_34_1_, lotmaster1_.ltcid as ltcid4_34_1_, lotmaster1_.ltdtin as ltdtin5_34_1_, lotmaster1_.lttmin as lttmin6_34_1_, lotmaster1_.ltuid as ltuid7_34_1_, lotmaster1_.ltdtlu as ltdtlu8_34_1_, lotmaster1_.lttmlu as lttmlu9_34_1_, lotmaster1_.ltuidm as ltuidm10_34_1_, lotmaster1_.ltbodt as ltbodt11_34_1_, lotmaster1_.ltbbdt as ltbbdt12_34_1_, lotmaster1_.ltcldt as ltcldt13_34_1_, lotmaster1_.ltexpdt as ltexpdt14_34_1_, lotmaster1_.ltldsc as ltldsc15_34_1_, lotmaster1_.ltledt as ltledt16_34_1_, lotmaster1_.ltlsc as ltlsc17_34_1_, lotmaster1_.ltmlot1 as ltmlot18_34_1_, lotmaster1_.ltmlot2 as ltmlot19_34_1_, lotmaster1_.ltmlot3 as ltmlot20_34_1_, lotmaster1_.ltohdt as ltohdt21_34_1_, lotmaster1_.ltsern as ltsern22_34_1_ from transaction_serialnumbers serialnumb0_ inner join t4108 lotmaster1_ on serialnumb0_.buid=lotmaster1_.ltbuid and serialnumb0_.inum=lotmaster1_.ltinum and serialnumb0_.snlot=lotmaster1_.ltsnlot where serialnumb0_.coid=? and serialnumb0_.docno=? and serialnumb0_.docty=? and serialnumb0_.docsq=?
Hibernate: select salesdetai0_.sdcoid as sdcoid1_37_0_, salesdetai0_.sddocono as sddocono2_37_0_, salesdetai0_.sddocosq as sddocosq3_37_0_, salesdetai0_.sddocoty as sddocoty4_37_0_, salesdetai0_.sdcid as sdcid5_37_0_, salesdetai0_.sddtin as sddtin6_37_0_, salesdetai0_.sdtmin as sdtmin7_37_0_, salesdetai0_.sduid as sduid8_37_0_, salesdetai0_.sddtlu as sddtlu9_37_0_, salesdetai0_.sdtmlu as sdtmlu10_37_0_, salesdetai0_.sduidm as sduidm11_37_0_, salesdetai0_.sdacid as sdacid12_37_0_, salesdetai0_.sdcrcb as sdcrcb13_37_0_, salesdetai0_.sditc02 as sditc14_37_0_, salesdetai0_.sdbuid as sdbuid15_37_0_, salesdetai0_.sdqtycl as sdqtycl16_37_0_, salesdetai0_.sditc01 as sditc17_37_0_, salesdetai0_.sdcldt as sdcldt18_37_0_, salesdetai0_.sdcnid as sdcnid19_37_0_, salesdetai0_.sdcsid as sdcsid20_37_0_, salesdetai0_.sddldt as sddldt21_37_0_, salesdetai0_.sddccd as sddccd22_37_0_, salesdetai0_.sddcrt as sddcrt23_37_0_, salesdetai0_.sdexcrt as sdexcrt24_37_0_, salesdetai0_.sdexid as sdexid25_37_0_, salesdetai0_.sdexcost as sdexcos26_37_0_, salesdetai0_.sdexprice as sdexpri27_37_0_, salesdetai0_.sdqtyx as sdqtyx28_37_0_, salesdetai0_.sducfx as sducfx29_37_0_, salesdetai0_.sduomx as sduomx30_37_0_, salesdetai0_.sdunpricex as sdunpri31_37_0_, salesdetai0_.sdfep as sdfep32_37_0_, salesdetai0_.sdfta as sdfta33_37_0_, salesdetai0_.sdftb as sdftb34_37_0_, salesdetai0_.sdfup as sdfup35_37_0_, salesdetai0_.sdglcls as sdglcls36_37_0_, salesdetai0_.sdgldt as sdgldt37_37_0_, salesdetai0_.sdgscrt as sdgscrt38_37_0_, salesdetai0_.sdhcod as sdhcod39_37_0_, salesdetai0_.sdir02 as sdir40_37_0_, salesdetai0_.sdir01 as sdir41_37_0_, salesdetai0_.sdir03 as sdir42_37_0_, salesdetai0_.sdinum as sdinum43_37_0_, salesdetai0_.sddesb1 as sddesb44_37_0_, salesdetai0_.sditc05 as sditc45_37_0_, salesdetai0_.sdlst as sdlst46_37_0_, salesdetai0_.sdlnty as sdlnty47_37_0_, salesdetai0_.sdlocid as sdlocid48_37_0_, salesdetai0_.sdnst as sdnst49_37_0_, salesdetai0_.sdobid as sdobid50_37_0_, salesdetai0_.sdqtyop as sdqtyop51_37_0_, salesdetai0_.sdordt as sdordt52_37_0_, salesdetai0_.sdott as sdott53_37_0_, salesdetai0_.sdordocdt as sdordoc54_37_0_, salesdetai0_.sdordocno as sdordoc55_37_0_, salesdetai0_.sdordocsq as sdordoc56_37_0_, salesdetai0_.sdordocty as sdordoc57_37_0_, salesdetai0_.sdprid as sdprid58_37_0_, salesdetai0_.sdpyid as sdpyid59_37_0_, salesdetai0_.sdptc as sdptc60_37_0_, salesdetai0_.sdpqor as sdpqor61_37_0_, salesdetai0_.sduom1 as sduom62_37_0_, salesdetai0_.sdrbuid as sdrbuid63_37_0_, salesdetai0_.sdpjid as sdpjid64_37_0_, salesdetai0_.sdpddt as sdpddt65_37_0_, salesdetai0_.sdqty as sdqty66_37_0_, salesdetai0_.sdstid as sdstid67_37_0_, salesdetai0_.sdvr04 as sdvr68_37_0_, salesdetai0_.sdvr01 as sdvr69_37_0_, salesdetai0_.sdvr03 as sdvr70_37_0_, salesdetai0_.sdvr05 as sdvr71_37_0_, salesdetai0_.sdvr02 as sdvr72_37_0_, salesdetai0_.sdrldocno as sdrldoc73_37_0_, salesdetai0_.sdrldocsq as sdrldoc74_37_0_, salesdetai0_.sdrldocty as sdrldoc75_37_0_, salesdetai0_.sdrqdt as sdrqdt76_37_0_, salesdetai0_.sdqtyrn as sdqtyrn77_37_0_, salesdetai0_.sdso03 as sdso78_37_0_, salesdetai0_.sdso01 as sdso79_37_0_, salesdetai0_.sdso02 as sdso80_37_0_, salesdetai0_.sdslid as sdslid81_37_0_, salesdetai0_.sdsqor as sdsqor82_37_0_, salesdetai0_.sduom2 as sduom83_37_0_, salesdetai0_.sdsnlot as sdsnlot84_37_0_, salesdetai0_.sdslrc1 as sdslrc85_37_0_, salesdetai0_.sdqtysh as sdqtysh86_37_0_, salesdetai0_.sdtaxal as sdtaxal87_37_0_, salesdetai0_.sdtaxam as sdtaxam88_37_0_, salesdetai0_.sdtaxab as sdtaxab89_37_0_, salesdetai0_.sdtaxcd as sdtaxcd90_37_0_, salesdetai0_.sdtaxrt as sdtaxrt91_37_0_, salesdetai0_.sdcrct as sdcrct92_37_0_, salesdetai0_.sditc03 as sditc93_37_0_, salesdetai0_.sducf as sducf94_37_0_, salesdetai0_.sduncost as sduncos95_37_0_, salesdetai0_.sdudc as sdudc96_37_0_, salesdetai0_.sdudf as sdudf97_37_0_, salesdetai0_.sduom as sduom98_37_0_, salesdetai0_.sdunprice as sdunpri99_37_0_, salesdetai0_.sdurnb1 as sdurnb100_37_0_, salesdetai0_.sdurnb2 as sdurnb101_37_0_, salesdetai0_.sdvhrn as sdvhrn102_37_0_, salesdetai0_.sdvhty as sdvhty103_37_0_, salesdetai0_.sdqtyvl as sdqtyv104_37_0_, salesdetai0_.sduomv as sduomv105_37_0_, salesdetai0_.sdqtywt as sdqtyw106_37_0_, salesdetai0_.sduomw as sduomw107_37_0_, salesorder1_.shcoid as shcoid1_36_1_, salesorder1_.shdocono as shdocono2_36_1_, salesorder1_.shdocoty as shdocoty3_36_1_, salesorder1_.shcid as shcid4_36_1_, salesorder1_.shdtin as shdtin5_36_1_, salesorder1_.shtmin as shtmin6_36_1_, salesorder1_.shuid as shuid7_36_1_, salesorder1_.shdtlu as shdtlu8_36_1_, salesorder1_.shtmlu as shtmlu9_36_1_, salesorder1_.shuidm as shuidm10_36_1_, salesorder1_.shata as shata11_36_1_, salesorder1_.shatd as shatd12_36_1_, salesorder1_.shcrcb as shcrcb13_36_1_, salesorder1_.shbuid as shbuid14_36_1_, salesorder1_.shcldt as shcldt15_36_1_, salesorder1_.shcot as shcot16_36_1_, salesorder1_.shcsid as shcsid17_36_1_, salesorder1_.shcsdocdt as shcsdoc18_36_1_, salesorder1_.shcsdocno as shcsdoc19_36_1_, salesorder1_.shdod as shdod20_36_1_, salesorder1_.shdol as shdol21_36_1_, salesorder1_.shdou as shdou22_36_1_, salesorder1_.shdldt as shdldt23_36_1_, salesorder1_.shdesb1 as shdesb24_36_1_, salesorder1_.shdccd as shdccd25_36_1_, salesorder1_.shdcrt as shdcrt26_36_1_, salesorder1_.sheta as sheta27_36_1_, salesorder1_.shetd as shetd28_36_1_, salesorder1_.shexcrt as shexcrt29_36_1_, salesorder1_.shexid as shexid30_36_1_, salesorder1_.shead as shead31_36_1_, salesorder1_.shean as shean32_36_1_, salesorder1_.shedd as shedd33_36_1_, salesorder1_.shedn as shedn34_36_1_, salesorder1_.shfbd as shfbd35_36_1_, salesorder1_.shfbn as shfbn36_36_1_, salesorder1_.shfhc as shfhc37_36_1_, salesorder1_.shgldt as shgldt38_36_1_, salesorder1_.shgscrt as shgscrt39_36_1_, salesorder1_.shhcod as shhcod40_36_1_, salesorder1_.shlst as shlst41_36_1_, salesorder1_.shnst as shnst42_36_1_, salesorder1_.shobid as shobid43_36_1_, salesorder1_.shordt as shordt44_36_1_, salesorder1_.shordocdt as shordoc45_36_1_, salesorder1_.shordocno as shordoc46_36_1_, salesorder1_.shprid as shprid47_36_1_, salesorder1_.shpyid as shpyid48_36_1_, salesorder1_.shptc as shptc49_36_1_, salesorder1_.shpoa as shpoa50_36_1_, salesorder1_.shpod as shpod51_36_1_, salesorder1_.shrbuid as shrbuid52_36_1_, salesorder1_.shpjid as shpjid53_36_1_, salesorder1_.shpddt as shpddt54_36_1_, salesorder1_.shstid as shstid55_36_1_, salesorder1_.shrqdt as shrqdt56_36_1_, salesorder1_.shslid as shslid57_36_1_, salesorder1_.shshcn as shshcn58_36_1_, salesorder1_.shshmt as shshmt59_36_1_, salesorder1_.shtagid as shtagid60_36_1_, salesorder1_.shtaxal as shtaxal61_36_1_, salesorder1_.shtaxcd as shtaxcd62_36_1_, salesorder1_.shtaxrt as shtaxrt63_36_1_, salesorder1_.shcrct as shcrct64_36_1_, salesorder1_.shurdt1 as shurdt65_36_1_, salesorder1_.shurdt2 as shurdt66_36_1_ from t4211 salesdetai0_ inner join t4201 salesorder1_ on salesdetai0_.sdcoid=salesorder1_.shcoid and salesdetai0_.sddocono=salesorder1_.shdocono and salesdetai0_.sddocoty=salesorder1_.shdocoty where salesdetai0_.sdcoid=? and salesdetai0_.sddocono=? and salesdetai0_.sddocosq=? and salesdetai0_.sddocoty=?
Hibernate: select serialnumb0_.coid as coid1_43_0_, serialnumb0_.docno as docno2_43_0_, serialnumb0_.docty as docty3_43_0_, serialnumb0_.docsq as docsq4_43_0_, serialnumb0_.buid as buid5_43_0_, serialnumb0_.inum as inum6_43_0_, serialnumb0_.snlot as snlot7_43_0_, lotmaster1_.ltbuid as ltbuid1_34_1_, lotmaster1_.ltinum as ltinum2_34_1_, lotmaster1_.ltsnlot as ltsnlot3_34_1_, lotmaster1_.ltcid as ltcid4_34_1_, lotmaster1_.ltdtin as ltdtin5_34_1_, lotmaster1_.lttmin as lttmin6_34_1_, lotmaster1_.ltuid as ltuid7_34_1_, lotmaster1_.ltdtlu as ltdtlu8_34_1_, lotmaster1_.lttmlu as lttmlu9_34_1_, lotmaster1_.ltuidm as ltuidm10_34_1_, lotmaster1_.ltbodt as ltbodt11_34_1_, lotmaster1_.ltbbdt as ltbbdt12_34_1_, lotmaster1_.ltcldt as ltcldt13_34_1_, lotmaster1_.ltexpdt as ltexpdt14_34_1_, lotmaster1_.ltldsc as ltldsc15_34_1_, lotmaster1_.ltledt as ltledt16_34_1_, lotmaster1_.ltlsc as ltlsc17_34_1_, lotmaster1_.ltmlot1 as ltmlot18_34_1_, lotmaster1_.ltmlot2 as ltmlot19_34_1_, lotmaster1_.ltmlot3 as ltmlot20_34_1_, lotmaster1_.ltohdt as ltohdt21_34_1_, lotmaster1_.ltsern as ltsern22_34_1_ from transaction_serialnumbers serialnumb0_ inner join t4108 lotmaster1_ on serialnumb0_.buid=lotmaster1_.ltbuid and serialnumb0_.inum=lotmaster1_.ltinum and serialnumb0_.snlot=lotmaster1_.ltsnlot where serialnumb0_.coid=? and serialnumb0_.docno=? and serialnumb0_.docty=? and serialnumb0_.docsq=?
Hibernate: select salesdetai0_.sdcoid as sdcoid1_37_0_, salesdetai0_.sddocono as sddocono2_37_0_, salesdetai0_.sddocosq as sddocosq3_37_0_, salesdetai0_.sddocoty as sddocoty4_37_0_, salesdetai0_.sdcid as sdcid5_37_0_, salesdetai0_.sddtin as sddtin6_37_0_, salesdetai0_.sdtmin as sdtmin7_37_0_, salesdetai0_.sduid as sduid8_37_0_, salesdetai0_.sddtlu as sddtlu9_37_0_, salesdetai0_.sdtmlu as sdtmlu10_37_0_, salesdetai0_.sduidm as sduidm11_37_0_, salesdetai0_.sdacid as sdacid12_37_0_, salesdetai0_.sdcrcb as sdcrcb13_37_0_, salesdetai0_.sditc02 as sditc14_37_0_, salesdetai0_.sdbuid as sdbuid15_37_0_, salesdetai0_.sdqtycl as sdqtycl16_37_0_, salesdetai0_.sditc01 as sditc17_37_0_, salesdetai0_.sdcldt as sdcldt18_37_0_, salesdetai0_.sdcnid as sdcnid19_37_0_, salesdetai0_.sdcsid as sdcsid20_37_0_, salesdetai0_.sddldt as sddldt21_37_0_, salesdetai0_.sddccd as sddccd22_37_0_, salesdetai0_.sddcrt as sddcrt23_37_0_, salesdetai0_.sdexcrt as sdexcrt24_37_0_, salesdetai0_.sdexid as sdexid25_37_0_, salesdetai0_.sdexcost as sdexcos26_37_0_, salesdetai0_.sdexprice as sdexpri27_37_0_, salesdetai0_.sdqtyx as sdqtyx28_37_0_, salesdetai0_.sducfx as sducfx29_37_0_, salesdetai0_.sduomx as sduomx30_37_0_, salesdetai0_.sdunpricex as sdunpri31_37_0_, salesdetai0_.sdfep as sdfep32_37_0_, salesdetai0_.sdfta as sdfta33_37_0_, salesdetai0_.sdftb as sdftb34_37_0_, salesdetai0_.sdfup as sdfup35_37_0_, salesdetai0_.sdglcls as sdglcls36_37_0_, salesdetai0_.sdgldt as sdgldt37_37_0_, salesdetai0_.sdgscrt as sdgscrt38_37_0_, salesdetai0_.sdhcod as sdhcod39_37_0_, salesdetai0_.sdir02 as sdir40_37_0_, salesdetai0_.sdir01 as sdir41_37_0_, salesdetai0_.sdir03 as sdir42_37_0_, salesdetai0_.sdinum as sdinum43_37_0_, salesdetai0_.sddesb1 as sddesb44_37_0_, salesdetai0_.sditc05 as sditc45_37_0_, salesdetai0_.sdlst as sdlst46_37_0_, salesdetai0_.sdlnty as sdlnty47_37_0_, salesdetai0_.sdlocid as sdlocid48_37_0_, salesdetai0_.sdnst as sdnst49_37_0_, salesdetai0_.sdobid as sdobid50_37_0_, salesdetai0_.sdqtyop as sdqtyop51_37_0_, salesdetai0_.sdordt as sdordt52_37_0_, salesdetai0_.sdott as sdott53_37_0_, salesdetai0_.sdordocdt as sdordoc54_37_0_, salesdetai0_.sdordocno as sdordoc55_37_0_, salesdetai0_.sdordocsq as sdordoc56_37_0_, salesdetai0_.sdordocty as sdordoc57_37_0_, salesdetai0_.sdprid as sdprid58_37_0_, salesdetai0_.sdpyid as sdpyid59_37_0_, salesdetai0_.sdptc as sdptc60_37_0_, salesdetai0_.sdpqor as sdpqor61_37_0_, salesdetai0_.sduom1 as sduom62_37_0_, salesdetai0_.sdrbuid as sdrbuid63_37_0_, salesdetai0_.sdpjid as sdpjid64_37_0_, salesdetai0_.sdpddt as sdpddt65_37_0_, salesdetai0_.sdqty as sdqty66_37_0_, salesdetai0_.sdstid as sdstid67_37_0_, salesdetai0_.sdvr04 as sdvr68_37_0_, salesdetai0_.sdvr01 as sdvr69_37_0_, salesdetai0_.sdvr03 as sdvr70_37_0_, salesdetai0_.sdvr05 as sdvr71_37_0_, salesdetai0_.sdvr02 as sdvr72_37_0_, salesdetai0_.sdrldocno as sdrldoc73_37_0_, salesdetai0_.sdrldocsq as sdrldoc74_37_0_, salesdetai0_.sdrldocty as sdrldoc75_37_0_, salesdetai0_.sdrqdt as sdrqdt76_37_0_, salesdetai0_.sdqtyrn as sdqtyrn77_37_0_, salesdetai0_.sdso03 as sdso78_37_0_, salesdetai0_.sdso01 as sdso79_37_0_, salesdetai0_.sdso02 as sdso80_37_0_, salesdetai0_.sdslid as sdslid81_37_0_, salesdetai0_.sdsqor as sdsqor82_37_0_, salesdetai0_.sduom2 as sduom83_37_0_, salesdetai0_.sdsnlot as sdsnlot84_37_0_, salesdetai0_.sdslrc1 as sdslrc85_37_0_, salesdetai0_.sdqtysh as sdqtysh86_37_0_, salesdetai0_.sdtaxal as sdtaxal87_37_0_, salesdetai0_.sdtaxam as sdtaxam88_37_0_, salesdetai0_.sdtaxab as sdtaxab89_37_0_, salesdetai0_.sdtaxcd as sdtaxcd90_37_0_, salesdetai0_.sdtaxrt as sdtaxrt91_37_0_, salesdetai0_.sdcrct as sdcrct92_37_0_, salesdetai0_.sditc03 as sditc93_37_0_, salesdetai0_.sducf as sducf94_37_0_, salesdetai0_.sduncost as sduncos95_37_0_, salesdetai0_.sdudc as sdudc96_37_0_, salesdetai0_.sdudf as sdudf97_37_0_, salesdetai0_.sduom as sduom98_37_0_, salesdetai0_.sdunprice as sdunpri99_37_0_, salesdetai0_.sdurnb1 as sdurnb100_37_0_, salesdetai0_.sdurnb2 as sdurnb101_37_0_, salesdetai0_.sdvhrn as sdvhrn102_37_0_, salesdetai0_.sdvhty as sdvhty103_37_0_, salesdetai0_.sdqtyvl as sdqtyv104_37_0_, salesdetai0_.sduomv as sduomv105_37_0_, salesdetai0_.sdqtywt as sdqtyw106_37_0_, salesdetai0_.sduomw as sduomw107_37_0_, salesorder1_.shcoid as shcoid1_36_1_, salesorder1_.shdocono as shdocono2_36_1_, salesorder1_.shdocoty as shdocoty3_36_1_, salesorder1_.shcid as shcid4_36_1_, salesorder1_.shdtin as shdtin5_36_1_, salesorder1_.shtmin as shtmin6_36_1_, salesorder1_.shuid as shuid7_36_1_, salesorder1_.shdtlu as shdtlu8_36_1_, salesorder1_.shtmlu as shtmlu9_36_1_, salesorder1_.shuidm as shuidm10_36_1_, salesorder1_.shata as shata11_36_1_, salesorder1_.shatd as shatd12_36_1_, salesorder1_.shcrcb as shcrcb13_36_1_, salesorder1_.shbuid as shbuid14_36_1_, salesorder1_.shcldt as shcldt15_36_1_, salesorder1_.shcot as shcot16_36_1_, salesorder1_.shcsid as shcsid17_36_1_, salesorder1_.shcsdocdt as shcsdoc18_36_1_, salesorder1_.shcsdocno as shcsdoc19_36_1_, salesorder1_.shdod as shdod20_36_1_, salesorder1_.shdol as shdol21_36_1_, salesorder1_.shdou as shdou22_36_1_, salesorder1_.shdldt as shdldt23_36_1_, salesorder1_.shdesb1 as shdesb24_36_1_, salesorder1_.shdccd as shdccd25_36_1_, salesorder1_.shdcrt as shdcrt26_36_1_, salesorder1_.sheta as sheta27_36_1_, salesorder1_.shetd as shetd28_36_1_, salesorder1_.shexcrt as shexcrt29_36_1_, salesorder1_.shexid as shexid30_36_1_, salesorder1_.shead as shead31_36_1_, salesorder1_.shean as shean32_36_1_, salesorder1_.shedd as shedd33_36_1_, salesorder1_.shedn as shedn34_36_1_, salesorder1_.shfbd as shfbd35_36_1_, salesorder1_.shfbn as shfbn36_36_1_, salesorder1_.shfhc as shfhc37_36_1_, salesorder1_.shgldt as shgldt38_36_1_, salesorder1_.shgscrt as shgscrt39_36_1_, salesorder1_.shhcod as shhcod40_36_1_, salesorder1_.shlst as shlst41_36_1_, salesorder1_.shnst as shnst42_36_1_, salesorder1_.shobid as shobid43_36_1_, salesorder1_.shordt as shordt44_36_1_, salesorder1_.shordocdt as shordoc45_36_1_, salesorder1_.shordocno as shordoc46_36_1_, salesorder1_.shprid as shprid47_36_1_, salesorder1_.shpyid as shpyid48_36_1_, salesorder1_.shptc as shptc49_36_1_, salesorder1_.shpoa as shpoa50_36_1_, salesorder1_.shpod as shpod51_36_1_, salesorder1_.shrbuid as shrbuid52_36_1_, salesorder1_.shpjid as shpjid53_36_1_, salesorder1_.shpddt as shpddt54_36_1_, salesorder1_.shstid as shstid55_36_1_, salesorder1_.shrqdt as shrqdt56_36_1_, salesorder1_.shslid as shslid57_36_1_, salesorder1_.shshcn as shshcn58_36_1_, salesorder1_.shshmt as shshmt59_36_1_, salesorder1_.shtagid as shtagid60_36_1_, salesorder1_.shtaxal as shtaxal61_36_1_, salesorder1_.shtaxcd as shtaxcd62_36_1_, salesorder1_.shtaxrt as shtaxrt63_36_1_, salesorder1_.shcrct as shcrct64_36_1_, salesorder1_.shurdt1 as shurdt65_36_1_, salesorder1_.shurdt2 as shurdt66_36_1_ from t4211 salesdetai0_ inner join t4201 salesorder1_ on salesdetai0_.sdcoid=salesorder1_.shcoid and salesdetai0_.sddocono=salesorder1_.shdocono and salesdetai0_.sddocoty=salesorder1_.shdocoty where salesdetai0_.sdcoid=? and salesdetai0_.sddocono=? and salesdetai0_.sddocosq=? and salesdetai0_.sddocoty=?
Hibernate: select serialnumb0_.coid as coid1_43_0_, serialnumb0_.docno as docno2_43_0_, serialnumb0_.docty as docty3_43_0_, serialnumb0_.docsq as docsq4_43_0_, serialnumb0_.buid as buid5_43_0_, serialnumb0_.inum as inum6_43_0_, serialnumb0_.snlot as snlot7_43_0_, lotmaster1_.ltbuid as ltbuid1_34_1_, lotmaster1_.ltinum as ltinum2_34_1_, lotmaster1_.ltsnlot as ltsnlot3_34_1_, lotmaster1_.ltcid as ltcid4_34_1_, lotmaster1_.ltdtin as ltdtin5_34_1_, lotmaster1_.lttmin as lttmin6_34_1_, lotmaster1_.ltuid as ltuid7_34_1_, lotmaster1_.ltdtlu as ltdtlu8_34_1_, lotmaster1_.lttmlu as lttmlu9_34_1_, lotmaster1_.ltuidm as ltuidm10_34_1_, lotmaster1_.ltbodt as ltbodt11_34_1_, lotmaster1_.ltbbdt as ltbbdt12_34_1_, lotmaster1_.ltcldt as ltcldt13_34_1_, lotmaster1_.ltexpdt as ltexpdt14_34_1_, lotmaster1_.ltldsc as ltldsc15_34_1_, lotmaster1_.ltledt as ltledt16_34_1_, lotmaster1_.ltlsc as ltlsc17_34_1_, lotmaster1_.ltmlot1 as ltmlot18_34_1_, lotmaster1_.ltmlot2 as ltmlot19_34_1_, lotmaster1_.ltmlot3 as ltmlot20_34_1_, lotmaster1_.ltohdt as ltohdt21_34_1_, lotmaster1_.ltsern as ltsern22_34_1_ from transaction_serialnumbers serialnumb0_ inner join t4108 lotmaster1_ on serialnumb0_.buid=lotmaster1_.ltbuid and serialnumb0_.inum=lotmaster1_.ltinum and serialnumb0_.snlot=lotmaster1_.ltsnlot where serialnumb0_.coid=? and serialnumb0_.docno=? and serialnumb0_.docty=? and serialnumb0_.docsq=?
Hibernate: select details0_.sdcoid as sdcoid1_37_0_, details0_.sddocono as sddocono2_37_0_, details0_.sddocoty as sddocoty4_37_0_, details0_.sddocosq as sddocosq3_37_0_, details0_.sdcoid as sdcoid1_37_1_, details0_.sddocono as sddocono2_37_1_, details0_.sddocosq as sddocosq3_37_1_, details0_.sddocoty as sddocoty4_37_1_, details0_.sdcid as sdcid5_37_1_, details0_.sddtin as sddtin6_37_1_, details0_.sdtmin as sdtmin7_37_1_, details0_.sduid as sduid8_37_1_, details0_.sddtlu as sddtlu9_37_1_, details0_.sdtmlu as sdtmlu10_37_1_, details0_.sduidm as sduidm11_37_1_, details0_.sdacid as sdacid12_37_1_, details0_.sdcrcb as sdcrcb13_37_1_, details0_.sditc02 as sditc14_37_1_, details0_.sdbuid as sdbuid15_37_1_, details0_.sdqtycl as sdqtycl16_37_1_, details0_.sditc01 as sditc17_37_1_, details0_.sdcldt as sdcldt18_37_1_, details0_.sdcnid as sdcnid19_37_1_, details0_.sdcsid as sdcsid20_37_1_, details0_.sddldt as sddldt21_37_1_, details0_.sddccd as sddccd22_37_1_, details0_.sddcrt as sddcrt23_37_1_, details0_.sdexcrt as sdexcrt24_37_1_, details0_.sdexid as sdexid25_37_1_, details0_.sdexcost as sdexcos26_37_1_, details0_.sdexprice as sdexpri27_37_1_, details0_.sdqtyx as sdqtyx28_37_1_, details0_.sducfx as sducfx29_37_1_, details0_.sduomx as sduomx30_37_1_, details0_.sdunpricex as sdunpri31_37_1_, details0_.sdfep as sdfep32_37_1_, details0_.sdfta as sdfta33_37_1_, details0_.sdftb as sdftb34_37_1_, details0_.sdfup as sdfup35_37_1_, details0_.sdglcls as sdglcls36_37_1_, details0_.sdgldt as sdgldt37_37_1_, details0_.sdgscrt as sdgscrt38_37_1_, details0_.sdhcod as sdhcod39_37_1_, details0_.sdir02 as sdir40_37_1_, details0_.sdir01 as sdir41_37_1_, details0_.sdir03 as sdir42_37_1_, details0_.sdinum as sdinum43_37_1_, details0_.sddesb1 as sddesb44_37_1_, details0_.sditc05 as sditc45_37_1_, details0_.sdlst as sdlst46_37_1_, details0_.sdlnty as sdlnty47_37_1_, details0_.sdlocid as sdlocid48_37_1_, details0_.sdnst as sdnst49_37_1_, details0_.sdobid as sdobid50_37_1_, details0_.sdqtyop as sdqtyop51_37_1_, details0_.sdordt as sdordt52_37_1_, details0_.sdott as sdott53_37_1_, details0_.sdordocdt as sdordoc54_37_1_, details0_.sdordocno as sdordoc55_37_1_, details0_.sdordocsq as sdordoc56_37_1_, details0_.sdordocty as sdordoc57_37_1_, details0_.sdprid as sdprid58_37_1_, details0_.sdpyid as sdpyid59_37_1_, details0_.sdptc as sdptc60_37_1_, details0_.sdpqor as sdpqor61_37_1_, details0_.sduom1 as sduom62_37_1_, details0_.sdrbuid as sdrbuid63_37_1_, details0_.sdpjid as sdpjid64_37_1_, details0_.sdpddt as sdpddt65_37_1_, details0_.sdqty as sdqty66_37_1_, details0_.sdstid as sdstid67_37_1_, details0_.sdvr04 as sdvr68_37_1_, details0_.sdvr01 as sdvr69_37_1_, details0_.sdvr03 as sdvr70_37_1_, details0_.sdvr05 as sdvr71_37_1_, details0_.sdvr02 as sdvr72_37_1_, details0_.sdrldocno as sdrldoc73_37_1_, details0_.sdrldocsq as sdrldoc74_37_1_, details0_.sdrldocty as sdrldoc75_37_1_, details0_.sdrqdt as sdrqdt76_37_1_, details0_.sdqtyrn as sdqtyrn77_37_1_, details0_.sdso03 as sdso78_37_1_, details0_.sdso01 as sdso79_37_1_, details0_.sdso02 as sdso80_37_1_, details0_.sdslid as sdslid81_37_1_, details0_.sdsqor as sdsqor82_37_1_, details0_.sduom2 as sduom83_37_1_, details0_.sdsnlot as sdsnlot84_37_1_, details0_.sdslrc1 as sdslrc85_37_1_, details0_.sdqtysh as sdqtysh86_37_1_, details0_.sdtaxal as sdtaxal87_37_1_, details0_.sdtaxam as sdtaxam88_37_1_, details0_.sdtaxab as sdtaxab89_37_1_, details0_.sdtaxcd as sdtaxcd90_37_1_, details0_.sdtaxrt as sdtaxrt91_37_1_, details0_.sdcrct as sdcrct92_37_1_, details0_.sditc03 as sditc93_37_1_, details0_.sducf as sducf94_37_1_, details0_.sduncost as sduncos95_37_1_, details0_.sdudc as sdudc96_37_1_, details0_.sdudf as sdudf97_37_1_, details0_.sduom as sduom98_37_1_, details0_.sdunprice as sdunpri99_37_1_, details0_.sdurnb1 as sdurnb100_37_1_, details0_.sdurnb2 as sdurnb101_37_1_, details0_.sdvhrn as sdvhrn102_37_1_, details0_.sdvhty as sdvhty103_37_1_, details0_.sdqtyvl as sdqtyv104_37_1_, details0_.sduomv as sduomv105_37_1_, details0_.sdqtywt as sdqtyw106_37_1_, details0_.sduomw as sduomw107_37_1_ from t4211 details0_ where details0_.sdcoid=? and details0_.sddocono=? and details0_.sddocoty=?
Hibernate: select stocktrans0_.itcoid as itcoid1_35_, stocktrans0_.itdocno as itdocno2_35_, stocktrans0_.itdocty as itdocty3_35_, stocktrans0_.itdocsq as itdocsq4_35_, stocktrans0_.itcid as itcid5_35_, stocktrans0_.itdtin as itdtin6_35_, stocktrans0_.ittmin as ittmin7_35_, stocktrans0_.ituid as ituid8_35_, stocktrans0_.itdtlu as itdtlu9_35_, stocktrans0_.ittmlu as ittmlu10_35_, stocktrans0_.ituidm as ituidm11_35_, stocktrans0_.iticu as iticu12_35_, stocktrans0_.itpost as itpost13_35_, stocktrans0_.iticut as iticut14_35_, stocktrans0_.itanum as itanum15_35_, stocktrans0_.itst as itst16_35_, stocktrans0_.itbuid as itbuid17_35_, stocktrans0_.itdesb2 as itdesb18_35_, stocktrans0_.itdocdt as itdocdt19_35_, stocktrans0_.itdocmo as itdocmo20_35_, stocktrans0_.itdoctm as itdoctm21_35_, stocktrans0_.itdocyr as itdocyr22_35_, stocktrans0_.itexpdt as itexpdt23_35_, stocktrans0_.itexcost as itexcos24_35_, stocktrans0_.itft as itft25_35_, stocktrans0_.itglcls as itglcls26_35_, stocktrans0_.itgldt as itgldt27_35_, stocktrans0_.itipcd as itipcd28_35_, stocktrans0_.ititt as ititt29_35_, stocktrans0_.itinum as itinum30_35_, stocktrans0_.itdesb1 as itdesb31_35_, stocktrans0_.itlocid as itlocid32_35_, stocktrans0_.itobid as itobid33_35_, stocktrans0_.itdocono as itdocon34_35_, stocktrans0_.itdocosq as itdocos35_35_, stocktrans0_.itdocoty as itdocot36_35_, stocktrans0_.itpqot as itpqot37_35_, stocktrans0_.ituom1 as ituom38_35_, stocktrans0_.itqty as itqty39_35_, stocktrans0_.itrecid as itrecid40_35_, stocktrans0_.itrldocno as itrldoc41_35_, stocktrans0_.itrldocsq as itrldoc42_35_, stocktrans0_.itrldocty as itrldoc43_35_, stocktrans0_.itsqot as itsqot44_35_, stocktrans0_.ituom2 as ituom45_35_, stocktrans0_.itsnlot as itsnlot46_35_, stocktrans0_.itucf as itucf47_35_, stocktrans0_.ituncost as ituncos48_35_, stocktrans0_.ituom as ituom49_35_, stocktrans0_.itdvs as itdvs50_35_ from t4111 stocktrans0_ where stocktrans0_.itcoid=? and stocktrans0_.itdocno=? and stocktrans0_.itdocty=?
Hibernate: select serialnumb0_.coid as coid1_43_0_, serialnumb0_.docno as docno2_43_0_, serialnumb0_.docty as docty3_43_0_, serialnumb0_.docsq as docsq4_43_0_, serialnumb0_.buid as buid5_43_0_, serialnumb0_.inum as inum6_43_0_, serialnumb0_.snlot as snlot7_43_0_, lotmaster1_.ltbuid as ltbuid1_34_1_, lotmaster1_.ltinum as ltinum2_34_1_, lotmaster1_.ltsnlot as ltsnlot3_34_1_, lotmaster1_.ltcid as ltcid4_34_1_, lotmaster1_.ltdtin as ltdtin5_34_1_, lotmaster1_.lttmin as lttmin6_34_1_, lotmaster1_.ltuid as ltuid7_34_1_, lotmaster1_.ltdtlu as ltdtlu8_34_1_, lotmaster1_.lttmlu as lttmlu9_34_1_, lotmaster1_.ltuidm as ltuidm10_34_1_, lotmaster1_.ltbodt as ltbodt11_34_1_, lotmaster1_.ltbbdt as ltbbdt12_34_1_, lotmaster1_.ltcldt as ltcldt13_34_1_, lotmaster1_.ltexpdt as ltexpdt14_34_1_, lotmaster1_.ltldsc as ltldsc15_34_1_, lotmaster1_.ltledt as ltledt16_34_1_, lotmaster1_.ltlsc as ltlsc17_34_1_, lotmaster1_.ltmlot1 as ltmlot18_34_1_, lotmaster1_.ltmlot2 as ltmlot19_34_1_, lotmaster1_.ltmlot3 as ltmlot20_34_1_, lotmaster1_.ltohdt as ltohdt21_34_1_, lotmaster1_.ltsern as ltsern22_34_1_ from transaction_serialnumbers serialnumb0_ inner join t4108 lotmaster1_ on serialnumb0_.buid=lotmaster1_.ltbuid and serialnumb0_.inum=lotmaster1_.ltinum and serialnumb0_.snlot=lotmaster1_.ltsnlot where serialnumb0_.coid=? and serialnumb0_.docno=? and serialnumb0_.docty=? and serialnumb0_.docsq=?
Hibernate: select serialnumb0_.coid as coid1_43_0_, serialnumb0_.docno as docno2_43_0_, serialnumb0_.docty as docty3_43_0_, serialnumb0_.docsq as docsq4_43_0_, serialnumb0_.buid as buid5_43_0_, serialnumb0_.inum as inum6_43_0_, serialnumb0_.snlot as snlot7_43_0_, lotmaster1_.ltbuid as ltbuid1_34_1_, lotmaster1_.ltinum as ltinum2_34_1_, lotmaster1_.ltsnlot as ltsnlot3_34_1_, lotmaster1_.ltcid as ltcid4_34_1_, lotmaster1_.ltdtin as ltdtin5_34_1_, lotmaster1_.lttmin as lttmin6_34_1_, lotmaster1_.ltuid as ltuid7_34_1_, lotmaster1_.ltdtlu as ltdtlu8_34_1_, lotmaster1_.lttmlu as lttmlu9_34_1_, lotmaster1_.ltuidm as ltuidm10_34_1_, lotmaster1_.ltbodt as ltbodt11_34_1_, lotmaster1_.ltbbdt as ltbbdt12_34_1_, lotmaster1_.ltcldt as ltcldt13_34_1_, lotmaster1_.ltexpdt as ltexpdt14_34_1_, lotmaster1_.ltldsc as ltldsc15_34_1_, lotmaster1_.ltledt as ltledt16_34_1_, lotmaster1_.ltlsc as ltlsc17_34_1_, lotmaster1_.ltmlot1 as ltmlot18_34_1_, lotmaster1_.ltmlot2 as ltmlot19_34_1_, lotmaster1_.ltmlot3 as ltmlot20_34_1_, lotmaster1_.ltohdt as ltohdt21_34_1_, lotmaster1_.ltsern as ltsern22_34_1_ from transaction_serialnumbers serialnumb0_ inner join t4108 lotmaster1_ on serialnumb0_.buid=lotmaster1_.ltbuid and serialnumb0_.inum=lotmaster1_.ltinum and serialnumb0_.snlot=lotmaster1_.ltsnlot where serialnumb0_.coid=? and serialnumb0_.docno=? and serialnumb0_.docty=? and serialnumb0_.docsq=?
Hibernate: select serialnumb0_.coid as coid1_43_0_, serialnumb0_.docno as docno2_43_0_, serialnumb0_.docty as docty3_43_0_, serialnumb0_.docsq as docsq4_43_0_, serialnumb0_.buid as buid5_43_0_, serialnumb0_.inum as inum6_43_0_, serialnumb0_.snlot as snlot7_43_0_, lotmaster1_.ltbuid as ltbuid1_34_1_, lotmaster1_.ltinum as ltinum2_34_1_, lotmaster1_.ltsnlot as ltsnlot3_34_1_, lotmaster1_.ltcid as ltcid4_34_1_, lotmaster1_.ltdtin as ltdtin5_34_1_, lotmaster1_.lttmin as lttmin6_34_1_, lotmaster1_.ltuid as ltuid7_34_1_, lotmaster1_.ltdtlu as ltdtlu8_34_1_, lotmaster1_.lttmlu as lttmlu9_34_1_, lotmaster1_.ltuidm as ltuidm10_34_1_, lotmaster1_.ltbodt as ltbodt11_34_1_, lotmaster1_.ltbbdt as ltbbdt12_34_1_, lotmaster1_.ltcldt as ltcldt13_34_1_, lotmaster1_.ltexpdt as ltexpdt14_34_1_, lotmaster1_.ltldsc as ltldsc15_34_1_, lotmaster1_.ltledt as ltledt16_34_1_, lotmaster1_.ltlsc as ltlsc17_34_1_, lotmaster1_.ltmlot1 as ltmlot18_34_1_, lotmaster1_.ltmlot2 as ltmlot19_34_1_, lotmaster1_.ltmlot3 as ltmlot20_34_1_, lotmaster1_.ltohdt as ltohdt21_34_1_, lotmaster1_.ltsern as ltsern22_34_1_ from transaction_serialnumbers serialnumb0_ inner join t4108 lotmaster1_ on serialnumb0_.buid=lotmaster1_.ltbuid and serialnumb0_.inum=lotmaster1_.ltinum and serialnumb0_.snlot=lotmaster1_.ltsnlot where serialnumb0_.coid=? and serialnumb0_.docno=? and serialnumb0_.docty=? and serialnumb0_.docsq=?
2018-12-27 11:25:54.096  INFO 2120 --- [    Test worker] o.s.t.c.transaction.TransactionContext   : Rolled back transaction for test: [DefaultTestContext@37350c9d testClass = SalesShipmentApiTest, testInstance = ags.goldenlionerp.apiTests.sales.SalesShipmentApiTest@11ca03a3, testMethod = voidTest@SalesShipmentApiTest, testException = [null], mergedContextConfiguration = [WebMergedContextConfiguration@13aa9a2c testClass = SalesShipmentApiTest, locations = '{}', classes = '{class ags.goldenlionerp.GoldenLionErpApplication}', contextInitializerClasses = '[]', activeProfiles = '{}', propertySourceLocations = '{classpath:test.properties}', propertySourceProperties = '{org.springframework.boot.test.context.SpringBootTestContextBootstrapper=true}', contextCustomizers = set[org.springframework.boot.test.autoconfigure.properties.PropertyMappingContextCustomizer@0, org.springframework.boot.test.autoconfigure.web.servlet.WebDriverContextCustomizerFactory$Customizer@636d731e, [ImportsContextCustomizer@2a93360c key = [ags.goldenlionerp.apiTests.ApiTestBase$TestConfig]], org.springframework.boot.test.context.filter.ExcludeFilterContextCustomizer@6afa5291, org.springframework.boot.test.json.DuplicateJsonObjectContextCustomizerFactory$DuplicateJsonObjectContextCustomizer@20cebcb4, org.springframework.boot.test.mock.mockito.MockitoContextCustomizer@0, org.springframework.boot.test.web.client.TestRestTemplateContextCustomizer@49a32273], resourceBasePath = 'src/main/webapp', contextLoader = 'org.springframework.boot.test.context.SpringBootContextLoader', parent = [null]], attributes = map['org.springframework.test.context.web.ServletTestExecutionListener.activateListener' -> true, 'org.springframework.test.context.web.ServletTestExecutionListener.populatedRequestContextHolder' -> true, 'org.springframework.test.context.web.ServletTestExecutionListener.resetRequestContextHolder' -> true]]
2018-12-27 11:25:54.101  INFO 2120 --- [    Test worker] o.s.t.c.transaction.TransactionContext   : Began transaction (1) for test context [DefaultTestContext@37350c9d testClass = SalesShipmentApiTest, testInstance = ags.goldenlionerp.apiTests.sales.SalesShipmentApiTest@401e7570, testMethod = deleteTest@SalesShipmentApiTest, testException = [null], mergedContextConfiguration = [WebMergedContextConfiguration@13aa9a2c testClass = SalesShipmentApiTest, locations = '{}', classes = '{class ags.goldenlionerp.GoldenLionErpApplication}', contextInitializerClasses = '[]', activeProfiles = '{}', propertySourceLocations = '{classpath:test.properties}', propertySourceProperties = '{org.springframework.boot.test.context.SpringBootTestContextBootstrapper=true}', contextCustomizers = set[org.springframework.boot.test.autoconfigure.properties.PropertyMappingContextCustomizer@0, org.springframework.boot.test.autoconfigure.web.servlet.WebDriverContextCustomizerFactory$Customizer@636d731e, [ImportsContextCustomizer@2a93360c key = [ags.goldenlionerp.apiTests.ApiTestBase$TestConfig]], org.springframework.boot.test.context.filter.ExcludeFilterContextCustomizer@6afa5291, org.springframework.boot.test.json.DuplicateJsonObjectContextCustomizerFactory$DuplicateJsonObjectContextCustomizer@20cebcb4, org.springframework.boot.test.mock.mockito.MockitoContextCustomizer@0, org.springframework.boot.test.web.client.TestRestTemplateContextCustomizer@49a32273], resourceBasePath = 'src/main/webapp', contextLoader = 'org.springframework.boot.test.context.SpringBootContextLoader', parent = [null]], attributes = map['org.springframework.test.context.web.ServletTestExecutionListener.activateListener' -> true, 'org.springframework.test.context.web.ServletTestExecutionListener.populatedRequestContextHolder' -> true, 'org.springframework.test.context.web.ServletTestExecutionListener.resetRequestContextHolder' -> true]]; transaction manager [org.springframework.orm.jpa.JpaTransactionManager@75de8c12]; rollback [true]
2018-12-27 11:25:54.102  INFO 2120 --- [    Test worker] o.s.b.t.m.w.SpringBootMockServletContext : Initializing Spring FrameworkServlet ''
2018-12-27 11:25:54.102  INFO 2120 --- [    Test worker] o.s.t.web.servlet.TestDispatcherServlet  : FrameworkServlet '': initialization started
2018-12-27 11:25:54.113  INFO 2120 --- [    Test worker] o.s.t.web.servlet.TestDispatcherServlet  : FrameworkServlet '': initialization completed in 11 ms
Hibernate: select salesorder0_.shcoid as shcoid1_36_0_, salesorder0_.shdocono as shdocono2_36_0_, salesorder0_.shdocoty as shdocoty3_36_0_, salesorder0_.shcid as shcid4_36_0_, salesorder0_.shdtin as shdtin5_36_0_, salesorder0_.shtmin as shtmin6_36_0_, salesorder0_.shuid as shuid7_36_0_, salesorder0_.shdtlu as shdtlu8_36_0_, salesorder0_.shtmlu as shtmlu9_36_0_, salesorder0_.shuidm as shuidm10_36_0_, salesorder0_.shata as shata11_36_0_, salesorder0_.shatd as shatd12_36_0_, salesorder0_.shcrcb as shcrcb13_36_0_, salesorder0_.shbuid as shbuid14_36_0_, salesorder0_.shcldt as shcldt15_36_0_, salesorder0_.shcot as shcot16_36_0_, salesorder0_.shcsid as shcsid17_36_0_, salesorder0_.shcsdocdt as shcsdoc18_36_0_, salesorder0_.shcsdocno as shcsdoc19_36_0_, salesorder0_.shdod as shdod20_36_0_, salesorder0_.shdol as shdol21_36_0_, salesorder0_.shdou as shdou22_36_0_, salesorder0_.shdldt as shdldt23_36_0_, salesorder0_.shdesb1 as shdesb24_36_0_, salesorder0_.shdccd as shdccd25_36_0_, salesorder0_.shdcrt as shdcrt26_36_0_, salesorder0_.sheta as sheta27_36_0_, salesorder0_.shetd as shetd28_36_0_, salesorder0_.shexcrt as shexcrt29_36_0_, salesorder0_.shexid as shexid30_36_0_, salesorder0_.shead as shead31_36_0_, salesorder0_.shean as shean32_36_0_, salesorder0_.shedd as shedd33_36_0_, salesorder0_.shedn as shedn34_36_0_, salesorder0_.shfbd as shfbd35_36_0_, salesorder0_.shfbn as shfbn36_36_0_, salesorder0_.shfhc as shfhc37_36_0_, salesorder0_.shgldt as shgldt38_36_0_, salesorder0_.shgscrt as shgscrt39_36_0_, salesorder0_.shhcod as shhcod40_36_0_, salesorder0_.shlst as shlst41_36_0_, salesorder0_.shnst as shnst42_36_0_, salesorder0_.shobid as shobid43_36_0_, salesorder0_.shordt as shordt44_36_0_, salesorder0_.shordocdt as shordoc45_36_0_, salesorder0_.shordocno as shordoc46_36_0_, salesorder0_.shprid as shprid47_36_0_, salesorder0_.shpyid as shpyid48_36_0_, salesorder0_.shptc as shptc49_36_0_, salesorder0_.shpoa as shpoa50_36_0_, salesorder0_.shpod as shpod51_36_0_, salesorder0_.shrbuid as shrbuid52_36_0_, salesorder0_.shpjid as shpjid53_36_0_, salesorder0_.shpddt as shpddt54_36_0_, salesorder0_.shstid as shstid55_36_0_, salesorder0_.shrqdt as shrqdt56_36_0_, salesorder0_.shslid as shslid57_36_0_, salesorder0_.shshcn as shshcn58_36_0_, salesorder0_.shshmt as shshmt59_36_0_, salesorder0_.shtagid as shtagid60_36_0_, salesorder0_.shtaxal as shtaxal61_36_0_, salesorder0_.shtaxcd as shtaxcd62_36_0_, salesorder0_.shtaxrt as shtaxrt63_36_0_, salesorder0_.shcrct as shcrct64_36_0_, salesorder0_.shurdt1 as shurdt65_36_0_, salesorder0_.shurdt2 as shurdt66_36_0_ from t4201 salesorder0_ where salesorder0_.shcoid=? and salesorder0_.shdocono=? and salesorder0_.shdocoty=?
Hibernate: select details0_.sdcoid as sdcoid1_37_0_, details0_.sddocono as sddocono2_37_0_, details0_.sddocoty as sddocoty4_37_0_, details0_.sddocosq as sddocosq3_37_0_, details0_.sdcoid as sdcoid1_37_1_, details0_.sddocono as sddocono2_37_1_, details0_.sddocosq as sddocosq3_37_1_, details0_.sddocoty as sddocoty4_37_1_, details0_.sdcid as sdcid5_37_1_, details0_.sddtin as sddtin6_37_1_, details0_.sdtmin as sdtmin7_37_1_, details0_.sduid as sduid8_37_1_, details0_.sddtlu as sddtlu9_37_1_, details0_.sdtmlu as sdtmlu10_37_1_, details0_.sduidm as sduidm11_37_1_, details0_.sdacid as sdacid12_37_1_, details0_.sdcrcb as sdcrcb13_37_1_, details0_.sditc02 as sditc14_37_1_, details0_.sdbuid as sdbuid15_37_1_, details0_.sdqtycl as sdqtycl16_37_1_, details0_.sditc01 as sditc17_37_1_, details0_.sdcldt as sdcldt18_37_1_, details0_.sdcnid as sdcnid19_37_1_, details0_.sdcsid as sdcsid20_37_1_, details0_.sddldt as sddldt21_37_1_, details0_.sddccd as sddccd22_37_1_, details0_.sddcrt as sddcrt23_37_1_, details0_.sdexcrt as sdexcrt24_37_1_, details0_.sdexid as sdexid25_37_1_, details0_.sdexcost as sdexcos26_37_1_, details0_.sdexprice as sdexpri27_37_1_, details0_.sdqtyx as sdqtyx28_37_1_, details0_.sducfx as sducfx29_37_1_, details0_.sduomx as sduomx30_37_1_, details0_.sdunpricex as sdunpri31_37_1_, details0_.sdfep as sdfep32_37_1_, details0_.sdfta as sdfta33_37_1_, details0_.sdftb as sdftb34_37_1_, details0_.sdfup as sdfup35_37_1_, details0_.sdglcls as sdglcls36_37_1_, details0_.sdgldt as sdgldt37_37_1_, details0_.sdgscrt as sdgscrt38_37_1_, details0_.sdhcod as sdhcod39_37_1_, details0_.sdir02 as sdir40_37_1_, details0_.sdir01 as sdir41_37_1_, details0_.sdir03 as sdir42_37_1_, details0_.sdinum as sdinum43_37_1_, details0_.sddesb1 as sddesb44_37_1_, details0_.sditc05 as sditc45_37_1_, details0_.sdlst as sdlst46_37_1_, details0_.sdlnty as sdlnty47_37_1_, details0_.sdlocid as sdlocid48_37_1_, details0_.sdnst as sdnst49_37_1_, details0_.sdobid as sdobid50_37_1_, details0_.sdqtyop as sdqtyop51_37_1_, details0_.sdordt as sdordt52_37_1_, details0_.sdott as sdott53_37_1_, details0_.sdordocdt as sdordoc54_37_1_, details0_.sdordocno as sdordoc55_37_1_, details0_.sdordocsq as sdordoc56_37_1_, details0_.sdordocty as sdordoc57_37_1_, details0_.sdprid as sdprid58_37_1_, details0_.sdpyid as sdpyid59_37_1_, details0_.sdptc as sdptc60_37_1_, details0_.sdpqor as sdpqor61_37_1_, details0_.sduom1 as sduom62_37_1_, details0_.sdrbuid as sdrbuid63_37_1_, details0_.sdpjid as sdpjid64_37_1_, details0_.sdpddt as sdpddt65_37_1_, details0_.sdqty as sdqty66_37_1_, details0_.sdstid as sdstid67_37_1_, details0_.sdvr04 as sdvr68_37_1_, details0_.sdvr01 as sdvr69_37_1_, details0_.sdvr03 as sdvr70_37_1_, details0_.sdvr05 as sdvr71_37_1_, details0_.sdvr02 as sdvr72_37_1_, details0_.sdrldocno as sdrldoc73_37_1_, details0_.sdrldocsq as sdrldoc74_37_1_, details0_.sdrldocty as sdrldoc75_37_1_, details0_.sdrqdt as sdrqdt76_37_1_, details0_.sdqtyrn as sdqtyrn77_37_1_, details0_.sdso03 as sdso78_37_1_, details0_.sdso01 as sdso79_37_1_, details0_.sdso02 as sdso80_37_1_, details0_.sdslid as sdslid81_37_1_, details0_.sdsqor as sdsqor82_37_1_, details0_.sduom2 as sduom83_37_1_, details0_.sdsnlot as sdsnlot84_37_1_, details0_.sdslrc1 as sdslrc85_37_1_, details0_.sdqtysh as sdqtysh86_37_1_, details0_.sdtaxal as sdtaxal87_37_1_, details0_.sdtaxam as sdtaxam88_37_1_, details0_.sdtaxab as sdtaxab89_37_1_, details0_.sdtaxcd as sdtaxcd90_37_1_, details0_.sdtaxrt as sdtaxrt91_37_1_, details0_.sdcrct as sdcrct92_37_1_, details0_.sditc03 as sditc93_37_1_, details0_.sducf as sducf94_37_1_, details0_.sduncost as sduncos95_37_1_, details0_.sdudc as sdudc96_37_1_, details0_.sdudf as sdudf97_37_1_, details0_.sduom as sduom98_37_1_, details0_.sdunprice as sdunpri99_37_1_, details0_.sdurnb1 as sdurnb100_37_1_, details0_.sdurnb2 as sdurnb101_37_1_, details0_.sdvhrn as sdvhrn102_37_1_, details0_.sdvhty as sdvhty103_37_1_, details0_.sdqtyvl as sdqtyv104_37_1_, details0_.sduomv as sduomv105_37_1_, details0_.sdqtywt as sdqtyw106_37_1_, details0_.sduomw as sduomw107_37_1_ from t4211 details0_ where details0_.sdcoid=? and details0_.sddocono=? and details0_.sddocoty=?
Hibernate: select salesshipm0_.slcoid as slcoid1_38_0_, salesshipm0_.sldocno as sldocno2_38_0_, salesshipm0_.sldocty as sldocty3_38_0_, salesshipm0_.sldocsq as sldocsq4_38_0_, salesshipm0_.slcid as slcid5_38_0_, salesshipm0_.sldtin as sldtin6_38_0_, salesshipm0_.sltmin as sltmin7_38_0_, salesshipm0_.sluid as sluid8_38_0_, salesshipm0_.sldtlu as sldtlu9_38_0_, salesshipm0_.sltmlu as sltmlu10_38_0_, salesshipm0_.sluidm as sluidm11_38_0_, salesshipm0_.slacid as slacid12_38_0_, salesshipm0_.slata as slata13_38_0_, salesshipm0_.slatd as slatd14_38_0_, salesshipm0_.slcrcb as slcrcb15_38_0_, salesshipm0_.slicu as slicu16_38_0_, salesshipm0_.slicut as slicut17_38_0_, salesshipm0_.slitc02 as slitc18_38_0_, salesshipm0_.slbuid as slbuid19_38_0_, salesshipm0_.slitc01 as slitc20_38_0_, salesshipm0_.slcnid as slcnid21_38_0_, salesshipm0_.slcsid as slcsid22_38_0_, salesshipm0_.slcsdocdt as slcsdoc23_38_0_, salesshipm0_.slcsdocno as slcsdoc24_38_0_, salesshipm0_.sldod as sldod25_38_0_, salesshipm0_.sldol as sldol26_38_0_, salesshipm0_.sldou as sldou27_38_0_, salesshipm0_.sldldt as sldldt28_38_0_, salesshipm0_.sldesc1 as sldesc29_38_0_, salesshipm0_.sldesc2 as sldesc30_38_0_, salesshipm0_.sldccd as sldccd31_38_0_, salesshipm0_.sldcrt as sldcrt32_38_0_, salesshipm0_.sldocdt as sldocdt33_38_0_, salesshipm0_.sleta as sleta34_38_0_, salesshipm0_.sletd as sletd35_38_0_, salesshipm0_.slexcrt as slexcrt36_38_0_, salesshipm0_.slexid as slexid37_38_0_, salesshipm0_.slead as slead38_38_0_, salesshipm0_.slean as slean39_38_0_, salesshipm0_.sledd as sledd40_38_0_, salesshipm0_.sledn as sledn41_38_0_, salesshipm0_.slexcost as slexcos42_38_0_, salesshipm0_.slexprice as slexpri43_38_0_, salesshipm0_.slfep as slfep44_38_0_, salesshipm0_.slfta as slfta45_38_0_, salesshipm0_.slftb as slftb46_38_0_, salesshipm0_.slfup as slfup47_38_0_, salesshipm0_.slfbd as slfbd48_38_0_, salesshipm0_.slfbn as slfbn49_38_0_, salesshipm0_.slglcls as slglcls50_38_0_, salesshipm0_.slgscrt as slgscrt51_38_0_, salesshipm0_.slir02 as slir52_38_0_, salesshipm0_.slir01 as slir53_38_0_, salesshipm0_.slir03 as slir54_38_0_, salesshipm0_.slitt as slitt55_38_0_, salesshipm0_.sldocidt as sldocid56_38_0_, salesshipm0_.sldocino as sldocin57_38_0_, salesshipm0_.sldocisq as sldocis58_38_0_, salesshipm0_.sldocity as sldocit59_38_0_, salesshipm0_.slinum as slinum60_38_0_, salesshipm0_.sldesb1 as sldesb61_38_0_, salesshipm0_.slitc05 as slitc62_38_0_, salesshipm0_.sllst as sllst63_38_0_, salesshipm0_.sllnty as sllnty64_38_0_, salesshipm0_.sllocid as sllocid65_38_0_, salesshipm0_.slnst as slnst66_38_0_, salesshipm0_.slobid as slobid67_38_0_, salesshipm0_.sldocono as sldocon68_38_0_, salesshipm0_.sldocosq as sldocos69_38_0_, salesshipm0_.sldocoty as sldocot70_38_0_, salesshipm0_.slordocdt as slordoc71_38_0_, salesshipm0_.slordocno as slordoc72_38_0_, salesshipm0_.slordocsq as slordoc73_38_0_, salesshipm0_.slordocty as slordoc74_38_0_, salesshipm0_.slprid as slprid75_38_0_, salesshipm0_.slpyid as slpyid76_38_0_, salesshipm0_.slptc as slptc77_38_0_, salesshipm0_.slpoa as slpoa78_38_0_, salesshipm0_.slpod as slpod79_38_0_, salesshipm0_.slpqot as slpqot80_38_0_, salesshipm0_.sluom1 as sluom81_38_0_, salesshipm0_.slrbuid as slrbuid82_38_0_, salesshipm0_.slpjid as slpjid83_38_0_, salesshipm0_.slqty as slqty84_38_0_, salesshipm0_.slstid as slstid85_38_0_, salesshipm0_.slrecid as slrecid86_38_0_, salesshipm0_.slvr04 as slvr87_38_0_, salesshipm0_.slvr01 as slvr88_38_0_, salesshipm0_.slvr03 as slvr89_38_0_, salesshipm0_.slvr05 as slvr90_38_0_, salesshipm0_.slvr02 as slvr91_38_0_, salesshipm0_.slso03 as slso92_38_0_, salesshipm0_.slso01 as slso93_38_0_, salesshipm0_.slso02 as slso94_38_0_, salesshipm0_.slslid as slslid95_38_0_, salesshipm0_.slsqot as slsqot96_38_0_, salesshipm0_.sluom2 as sluom97_38_0_, salesshipm0_.slsnlot as slsnlot98_38_0_, salesshipm0_.slslrc1 as slslrc99_38_0_, salesshipm0_.slshcn as slshcn100_38_0_, salesshipm0_.sltaxal as sltaxa101_38_0_, salesshipm0_.sltaxam as sltaxa102_38_0_, salesshipm0_.sltaxab as sltaxa103_38_0_, salesshipm0_.sltaxcd as sltaxc104_38_0_, salesshipm0_.sltaxidt as sltaxi105_38_0_, salesshipm0_.sltaxino as sltaxi106_38_0_, salesshipm0_.sltaxrt as sltaxr107_38_0_, salesshipm0_.sldnop as sldnop108_38_0_, salesshipm0_.slinop as slinop109_38_0_, salesshipm0_.slcrct as slcrct110_38_0_, salesshipm0_.slitc03 as slitc111_38_0_, salesshipm0_.slucf as slucf112_38_0_, salesshipm0_.sluncost as slunco113_38_0_, salesshipm0_.sludc as sludc114_38_0_, salesshipm0_.sludf as sludf115_38_0_, salesshipm0_.sluom as sluom116_38_0_, salesshipm0_.slunprice as slunpr117_38_0_, salesshipm0_.slinvdt as slinvd118_38_0_, salesshipm0_.slinvno as slinvn119_38_0_ from t4212 salesshipm0_ where salesshipm0_.slcoid=? and salesshipm0_.sldocno=? and salesshipm0_.sldocty=? and salesshipm0_.sldocsq=?
Hibernate: select salesshipm0_.slcoid as slcoid1_38_, salesshipm0_.sldocno as sldocno2_38_, salesshipm0_.sldocty as sldocty3_38_, salesshipm0_.sldocsq as sldocsq4_38_, salesshipm0_.slcid as slcid5_38_, salesshipm0_.sldtin as sldtin6_38_, salesshipm0_.sltmin as sltmin7_38_, salesshipm0_.sluid as sluid8_38_, salesshipm0_.sldtlu as sldtlu9_38_, salesshipm0_.sltmlu as sltmlu10_38_, salesshipm0_.sluidm as sluidm11_38_, salesshipm0_.slacid as slacid12_38_, salesshipm0_.slata as slata13_38_, salesshipm0_.slatd as slatd14_38_, salesshipm0_.slcrcb as slcrcb15_38_, salesshipm0_.slicu as slicu16_38_, salesshipm0_.slicut as slicut17_38_, salesshipm0_.slitc02 as slitc18_38_, salesshipm0_.slbuid as slbuid19_38_, salesshipm0_.slitc01 as slitc20_38_, salesshipm0_.slcnid as slcnid21_38_, salesshipm0_.slcsid as slcsid22_38_, salesshipm0_.slcsdocdt as slcsdoc23_38_, salesshipm0_.slcsdocno as slcsdoc24_38_, salesshipm0_.sldod as sldod25_38_, salesshipm0_.sldol as sldol26_38_, salesshipm0_.sldou as sldou27_38_, salesshipm0_.sldldt as sldldt28_38_, salesshipm0_.sldesc1 as sldesc29_38_, salesshipm0_.sldesc2 as sldesc30_38_, salesshipm0_.sldccd as sldccd31_38_, salesshipm0_.sldcrt as sldcrt32_38_, salesshipm0_.sldocdt as sldocdt33_38_, salesshipm0_.sleta as sleta34_38_, salesshipm0_.sletd as sletd35_38_, salesshipm0_.slexcrt as slexcrt36_38_, salesshipm0_.slexid as slexid37_38_, salesshipm0_.slead as slead38_38_, salesshipm0_.slean as slean39_38_, salesshipm0_.sledd as sledd40_38_, salesshipm0_.sledn as sledn41_38_, salesshipm0_.slexcost as slexcos42_38_, salesshipm0_.slexprice as slexpri43_38_, salesshipm0_.slfep as slfep44_38_, salesshipm0_.slfta as slfta45_38_, salesshipm0_.slftb as slftb46_38_, salesshipm0_.slfup as slfup47_38_, salesshipm0_.slfbd as slfbd48_38_, salesshipm0_.slfbn as slfbn49_38_, salesshipm0_.slglcls as slglcls50_38_, salesshipm0_.slgscrt as slgscrt51_38_, salesshipm0_.slir02 as slir52_38_, salesshipm0_.slir01 as slir53_38_, salesshipm0_.slir03 as slir54_38_, salesshipm0_.slitt as slitt55_38_, salesshipm0_.sldocidt as sldocid56_38_, salesshipm0_.sldocino as sldocin57_38_, salesshipm0_.sldocisq as sldocis58_38_, salesshipm0_.sldocity as sldocit59_38_, salesshipm0_.slinum as slinum60_38_, salesshipm0_.sldesb1 as sldesb61_38_, salesshipm0_.slitc05 as slitc62_38_, salesshipm0_.sllst as sllst63_38_, salesshipm0_.sllnty as sllnty64_38_, salesshipm0_.sllocid as sllocid65_38_, salesshipm0_.slnst as slnst66_38_, salesshipm0_.slobid as slobid67_38_, salesshipm0_.sldocono as sldocon68_38_, salesshipm0_.sldocosq as sldocos69_38_, salesshipm0_.sldocoty as sldocot70_38_, salesshipm0_.slordocdt as slordoc71_38_, salesshipm0_.slordocno as slordoc72_38_, salesshipm0_.slordocsq as slordoc73_38_, salesshipm0_.slordocty as slordoc74_38_, salesshipm0_.slprid as slprid75_38_, salesshipm0_.slpyid as slpyid76_38_, salesshipm0_.slptc as slptc77_38_, salesshipm0_.slpoa as slpoa78_38_, salesshipm0_.slpod as slpod79_38_, salesshipm0_.slpqot as slpqot80_38_, salesshipm0_.sluom1 as sluom81_38_, salesshipm0_.slrbuid as slrbuid82_38_, salesshipm0_.slpjid as slpjid83_38_, salesshipm0_.slqty as slqty84_38_, salesshipm0_.slstid as slstid85_38_, salesshipm0_.slrecid as slrecid86_38_, salesshipm0_.slvr04 as slvr87_38_, salesshipm0_.slvr01 as slvr88_38_, salesshipm0_.slvr03 as slvr89_38_, salesshipm0_.slvr05 as slvr90_38_, salesshipm0_.slvr02 as slvr91_38_, salesshipm0_.slso03 as slso92_38_, salesshipm0_.slso01 as slso93_38_, salesshipm0_.slso02 as slso94_38_, salesshipm0_.slslid as slslid95_38_, salesshipm0_.slsqot as slsqot96_38_, salesshipm0_.sluom2 as sluom97_38_, salesshipm0_.slsnlot as slsnlot98_38_, salesshipm0_.slslrc1 as slslrc99_38_, salesshipm0_.slshcn as slshcn100_38_, salesshipm0_.sltaxal as sltaxa101_38_, salesshipm0_.sltaxam as sltaxa102_38_, salesshipm0_.sltaxab as sltaxa103_38_, salesshipm0_.sltaxcd as sltaxc104_38_, salesshipm0_.sltaxidt as sltaxi105_38_, salesshipm0_.sltaxino as sltaxi106_38_, salesshipm0_.sltaxrt as sltaxr107_38_, salesshipm0_.sldnop as sldnop108_38_, salesshipm0_.slinop as slinop109_38_, salesshipm0_.slcrct as slcrct110_38_, salesshipm0_.slitc03 as slitc111_38_, salesshipm0_.slucf as slucf112_38_, salesshipm0_.sluncost as slunco113_38_, salesshipm0_.sludc as sludc114_38_, salesshipm0_.sludf as sludf115_38_, salesshipm0_.sluom as sluom116_38_, salesshipm0_.slunprice as slunpr117_38_, salesshipm0_.slinvdt as slinvd118_38_, salesshipm0_.slinvno as slinvn119_38_ from t4212 salesshipm0_ where salesshipm0_.slcoid=? and salesshipm0_.sldocno=? and salesshipm0_.sldocty=?
Hibernate: select salesdetai0_.sdcoid as sdcoid1_37_0_, salesdetai0_.sddocono as sddocono2_37_0_, salesdetai0_.sddocosq as sddocosq3_37_0_, salesdetai0_.sddocoty as sddocoty4_37_0_, salesdetai0_.sdcid as sdcid5_37_0_, salesdetai0_.sddtin as sddtin6_37_0_, salesdetai0_.sdtmin as sdtmin7_37_0_, salesdetai0_.sduid as sduid8_37_0_, salesdetai0_.sddtlu as sddtlu9_37_0_, salesdetai0_.sdtmlu as sdtmlu10_37_0_, salesdetai0_.sduidm as sduidm11_37_0_, salesdetai0_.sdacid as sdacid12_37_0_, salesdetai0_.sdcrcb as sdcrcb13_37_0_, salesdetai0_.sditc02 as sditc14_37_0_, salesdetai0_.sdbuid as sdbuid15_37_0_, salesdetai0_.sdqtycl as sdqtycl16_37_0_, salesdetai0_.sditc01 as sditc17_37_0_, salesdetai0_.sdcldt as sdcldt18_37_0_, salesdetai0_.sdcnid as sdcnid19_37_0_, salesdetai0_.sdcsid as sdcsid20_37_0_, salesdetai0_.sddldt as sddldt21_37_0_, salesdetai0_.sddccd as sddccd22_37_0_, salesdetai0_.sddcrt as sddcrt23_37_0_, salesdetai0_.sdexcrt as sdexcrt24_37_0_, salesdetai0_.sdexid as sdexid25_37_0_, salesdetai0_.sdexcost as sdexcos26_37_0_, salesdetai0_.sdexprice as sdexpri27_37_0_, salesdetai0_.sdqtyx as sdqtyx28_37_0_, salesdetai0_.sducfx as sducfx29_37_0_, salesdetai0_.sduomx as sduomx30_37_0_, salesdetai0_.sdunpricex as sdunpri31_37_0_, salesdetai0_.sdfep as sdfep32_37_0_, salesdetai0_.sdfta as sdfta33_37_0_, salesdetai0_.sdftb as sdftb34_37_0_, salesdetai0_.sdfup as sdfup35_37_0_, salesdetai0_.sdglcls as sdglcls36_37_0_, salesdetai0_.sdgldt as sdgldt37_37_0_, salesdetai0_.sdgscrt as sdgscrt38_37_0_, salesdetai0_.sdhcod as sdhcod39_37_0_, salesdetai0_.sdir02 as sdir40_37_0_, salesdetai0_.sdir01 as sdir41_37_0_, salesdetai0_.sdir03 as sdir42_37_0_, salesdetai0_.sdinum as sdinum43_37_0_, salesdetai0_.sddesb1 as sddesb44_37_0_, salesdetai0_.sditc05 as sditc45_37_0_, salesdetai0_.sdlst as sdlst46_37_0_, salesdetai0_.sdlnty as sdlnty47_37_0_, salesdetai0_.sdlocid as sdlocid48_37_0_, salesdetai0_.sdnst as sdnst49_37_0_, salesdetai0_.sdobid as sdobid50_37_0_, salesdetai0_.sdqtyop as sdqtyop51_37_0_, salesdetai0_.sdordt as sdordt52_37_0_, salesdetai0_.sdott as sdott53_37_0_, salesdetai0_.sdordocdt as sdordoc54_37_0_, salesdetai0_.sdordocno as sdordoc55_37_0_, salesdetai0_.sdordocsq as sdordoc56_37_0_, salesdetai0_.sdordocty as sdordoc57_37_0_, salesdetai0_.sdprid as sdprid58_37_0_, salesdetai0_.sdpyid as sdpyid59_37_0_, salesdetai0_.sdptc as sdptc60_37_0_, salesdetai0_.sdpqor as sdpqor61_37_0_, salesdetai0_.sduom1 as sduom62_37_0_, salesdetai0_.sdrbuid as sdrbuid63_37_0_, salesdetai0_.sdpjid as sdpjid64_37_0_, salesdetai0_.sdpddt as sdpddt65_37_0_, salesdetai0_.sdqty as sdqty66_37_0_, salesdetai0_.sdstid as sdstid67_37_0_, salesdetai0_.sdvr04 as sdvr68_37_0_, salesdetai0_.sdvr01 as sdvr69_37_0_, salesdetai0_.sdvr03 as sdvr70_37_0_, salesdetai0_.sdvr05 as sdvr71_37_0_, salesdetai0_.sdvr02 as sdvr72_37_0_, salesdetai0_.sdrldocno as sdrldoc73_37_0_, salesdetai0_.sdrldocsq as sdrldoc74_37_0_, salesdetai0_.sdrldocty as sdrldoc75_37_0_, salesdetai0_.sdrqdt as sdrqdt76_37_0_, salesdetai0_.sdqtyrn as sdqtyrn77_37_0_, salesdetai0_.sdso03 as sdso78_37_0_, salesdetai0_.sdso01 as sdso79_37_0_, salesdetai0_.sdso02 as sdso80_37_0_, salesdetai0_.sdslid as sdslid81_37_0_, salesdetai0_.sdsqor as sdsqor82_37_0_, salesdetai0_.sduom2 as sduom83_37_0_, salesdetai0_.sdsnlot as sdsnlot84_37_0_, salesdetai0_.sdslrc1 as sdslrc85_37_0_, salesdetai0_.sdqtysh as sdqtysh86_37_0_, salesdetai0_.sdtaxal as sdtaxal87_37_0_, salesdetai0_.sdtaxam as sdtaxam88_37_0_, salesdetai0_.sdtaxab as sdtaxab89_37_0_, salesdetai0_.sdtaxcd as sdtaxcd90_37_0_, salesdetai0_.sdtaxrt as sdtaxrt91_37_0_, salesdetai0_.sdcrct as sdcrct92_37_0_, salesdetai0_.sditc03 as sditc93_37_0_, salesdetai0_.sducf as sducf94_37_0_, salesdetai0_.sduncost as sduncos95_37_0_, salesdetai0_.sdudc as sdudc96_37_0_, salesdetai0_.sdudf as sdudf97_37_0_, salesdetai0_.sduom as sduom98_37_0_, salesdetai0_.sdunprice as sdunpri99_37_0_, salesdetai0_.sdurnb1 as sdurnb100_37_0_, salesdetai0_.sdurnb2 as sdurnb101_37_0_, salesdetai0_.sdvhrn as sdvhrn102_37_0_, salesdetai0_.sdvhty as sdvhty103_37_0_, salesdetai0_.sdqtyvl as sdqtyv104_37_0_, salesdetai0_.sduomv as sduomv105_37_0_, salesdetai0_.sdqtywt as sdqtyw106_37_0_, salesdetai0_.sduomw as sduomw107_37_0_, salesorder1_.shcoid as shcoid1_36_1_, salesorder1_.shdocono as shdocono2_36_1_, salesorder1_.shdocoty as shdocoty3_36_1_, salesorder1_.shcid as shcid4_36_1_, salesorder1_.shdtin as shdtin5_36_1_, salesorder1_.shtmin as shtmin6_36_1_, salesorder1_.shuid as shuid7_36_1_, salesorder1_.shdtlu as shdtlu8_36_1_, salesorder1_.shtmlu as shtmlu9_36_1_, salesorder1_.shuidm as shuidm10_36_1_, salesorder1_.shata as shata11_36_1_, salesorder1_.shatd as shatd12_36_1_, salesorder1_.shcrcb as shcrcb13_36_1_, salesorder1_.shbuid as shbuid14_36_1_, salesorder1_.shcldt as shcldt15_36_1_, salesorder1_.shcot as shcot16_36_1_, salesorder1_.shcsid as shcsid17_36_1_, salesorder1_.shcsdocdt as shcsdoc18_36_1_, salesorder1_.shcsdocno as shcsdoc19_36_1_, salesorder1_.shdod as shdod20_36_1_, salesorder1_.shdol as shdol21_36_1_, salesorder1_.shdou as shdou22_36_1_, salesorder1_.shdldt as shdldt23_36_1_, salesorder1_.shdesb1 as shdesb24_36_1_, salesorder1_.shdccd as shdccd25_36_1_, salesorder1_.shdcrt as shdcrt26_36_1_, salesorder1_.sheta as sheta27_36_1_, salesorder1_.shetd as shetd28_36_1_, salesorder1_.shexcrt as shexcrt29_36_1_, salesorder1_.shexid as shexid30_36_1_, salesorder1_.shead as shead31_36_1_, salesorder1_.shean as shean32_36_1_, salesorder1_.shedd as shedd33_36_1_, salesorder1_.shedn as shedn34_36_1_, salesorder1_.shfbd as shfbd35_36_1_, salesorder1_.shfbn as shfbn36_36_1_, salesorder1_.shfhc as shfhc37_36_1_, salesorder1_.shgldt as shgldt38_36_1_, salesorder1_.shgscrt as shgscrt39_36_1_, salesorder1_.shhcod as shhcod40_36_1_, salesorder1_.shlst as shlst41_36_1_, salesorder1_.shnst as shnst42_36_1_, salesorder1_.shobid as shobid43_36_1_, salesorder1_.shordt as shordt44_36_1_, salesorder1_.shordocdt as shordoc45_36_1_, salesorder1_.shordocno as shordoc46_36_1_, salesorder1_.shprid as shprid47_36_1_, salesorder1_.shpyid as shpyid48_36_1_, salesorder1_.shptc as shptc49_36_1_, salesorder1_.shpoa as shpoa50_36_1_, salesorder1_.shpod as shpod51_36_1_, salesorder1_.shrbuid as shrbuid52_36_1_, salesorder1_.shpjid as shpjid53_36_1_, salesorder1_.shpddt as shpddt54_36_1_, salesorder1_.shstid as shstid55_36_1_, salesorder1_.shrqdt as shrqdt56_36_1_, salesorder1_.shslid as shslid57_36_1_, salesorder1_.shshcn as shshcn58_36_1_, salesorder1_.shshmt as shshmt59_36_1_, salesorder1_.shtagid as shtagid60_36_1_, salesorder1_.shtaxal as shtaxal61_36_1_, salesorder1_.shtaxcd as shtaxcd62_36_1_, salesorder1_.shtaxrt as shtaxrt63_36_1_, salesorder1_.shcrct as shcrct64_36_1_, salesorder1_.shurdt1 as shurdt65_36_1_, salesorder1_.shurdt2 as shurdt66_36_1_ from t4211 salesdetai0_ inner join t4201 salesorder1_ on salesdetai0_.sdcoid=salesorder1_.shcoid and salesdetai0_.sddocono=salesorder1_.shdocono and salesdetai0_.sddocoty=salesorder1_.shdocoty where salesdetai0_.sdcoid=? and salesdetai0_.sddocono=? and salesdetai0_.sddocosq=? and salesdetai0_.sddocoty=?
Hibernate: select serialnumb0_.coid as coid1_43_0_, serialnumb0_.docno as docno2_43_0_, serialnumb0_.docty as docty3_43_0_, serialnumb0_.docsq as docsq4_43_0_, serialnumb0_.buid as buid5_43_0_, serialnumb0_.inum as inum6_43_0_, serialnumb0_.snlot as snlot7_43_0_, lotmaster1_.ltbuid as ltbuid1_34_1_, lotmaster1_.ltinum as ltinum2_34_1_, lotmaster1_.ltsnlot as ltsnlot3_34_1_, lotmaster1_.ltcid as ltcid4_34_1_, lotmaster1_.ltdtin as ltdtin5_34_1_, lotmaster1_.lttmin as lttmin6_34_1_, lotmaster1_.ltuid as ltuid7_34_1_, lotmaster1_.ltdtlu as ltdtlu8_34_1_, lotmaster1_.lttmlu as lttmlu9_34_1_, lotmaster1_.ltuidm as ltuidm10_34_1_, lotmaster1_.ltbodt as ltbodt11_34_1_, lotmaster1_.ltbbdt as ltbbdt12_34_1_, lotmaster1_.ltcldt as ltcldt13_34_1_, lotmaster1_.ltexpdt as ltexpdt14_34_1_, lotmaster1_.ltldsc as ltldsc15_34_1_, lotmaster1_.ltledt as ltledt16_34_1_, lotmaster1_.ltlsc as ltlsc17_34_1_, lotmaster1_.ltmlot1 as ltmlot18_34_1_, lotmaster1_.ltmlot2 as ltmlot19_34_1_, lotmaster1_.ltmlot3 as ltmlot20_34_1_, lotmaster1_.ltohdt as ltohdt21_34_1_, lotmaster1_.ltsern as ltsern22_34_1_ from transaction_serialnumbers serialnumb0_ inner join t4108 lotmaster1_ on serialnumb0_.buid=lotmaster1_.ltbuid and serialnumb0_.inum=lotmaster1_.ltinum and serialnumb0_.snlot=lotmaster1_.ltsnlot where serialnumb0_.coid=? and serialnumb0_.docno=? and serialnumb0_.docty=? and serialnumb0_.docsq=?
Hibernate: select salesdetai0_.sdcoid as sdcoid1_37_0_, salesdetai0_.sddocono as sddocono2_37_0_, salesdetai0_.sddocosq as sddocosq3_37_0_, salesdetai0_.sddocoty as sddocoty4_37_0_, salesdetai0_.sdcid as sdcid5_37_0_, salesdetai0_.sddtin as sddtin6_37_0_, salesdetai0_.sdtmin as sdtmin7_37_0_, salesdetai0_.sduid as sduid8_37_0_, salesdetai0_.sddtlu as sddtlu9_37_0_, salesdetai0_.sdtmlu as sdtmlu10_37_0_, salesdetai0_.sduidm as sduidm11_37_0_, salesdetai0_.sdacid as sdacid12_37_0_, salesdetai0_.sdcrcb as sdcrcb13_37_0_, salesdetai0_.sditc02 as sditc14_37_0_, salesdetai0_.sdbuid as sdbuid15_37_0_, salesdetai0_.sdqtycl as sdqtycl16_37_0_, salesdetai0_.sditc01 as sditc17_37_0_, salesdetai0_.sdcldt as sdcldt18_37_0_, salesdetai0_.sdcnid as sdcnid19_37_0_, salesdetai0_.sdcsid as sdcsid20_37_0_, salesdetai0_.sddldt as sddldt21_37_0_, salesdetai0_.sddccd as sddccd22_37_0_, salesdetai0_.sddcrt as sddcrt23_37_0_, salesdetai0_.sdexcrt as sdexcrt24_37_0_, salesdetai0_.sdexid as sdexid25_37_0_, salesdetai0_.sdexcost as sdexcos26_37_0_, salesdetai0_.sdexprice as sdexpri27_37_0_, salesdetai0_.sdqtyx as sdqtyx28_37_0_, salesdetai0_.sducfx as sducfx29_37_0_, salesdetai0_.sduomx as sduomx30_37_0_, salesdetai0_.sdunpricex as sdunpri31_37_0_, salesdetai0_.sdfep as sdfep32_37_0_, salesdetai0_.sdfta as sdfta33_37_0_, salesdetai0_.sdftb as sdftb34_37_0_, salesdetai0_.sdfup as sdfup35_37_0_, salesdetai0_.sdglcls as sdglcls36_37_0_, salesdetai0_.sdgldt as sdgldt37_37_0_, salesdetai0_.sdgscrt as sdgscrt38_37_0_, salesdetai0_.sdhcod as sdhcod39_37_0_, salesdetai0_.sdir02 as sdir40_37_0_, salesdetai0_.sdir01 as sdir41_37_0_, salesdetai0_.sdir03 as sdir42_37_0_, salesdetai0_.sdinum as sdinum43_37_0_, salesdetai0_.sddesb1 as sddesb44_37_0_, salesdetai0_.sditc05 as sditc45_37_0_, salesdetai0_.sdlst as sdlst46_37_0_, salesdetai0_.sdlnty as sdlnty47_37_0_, salesdetai0_.sdlocid as sdlocid48_37_0_, salesdetai0_.sdnst as sdnst49_37_0_, salesdetai0_.sdobid as sdobid50_37_0_, salesdetai0_.sdqtyop as sdqtyop51_37_0_, salesdetai0_.sdordt as sdordt52_37_0_, salesdetai0_.sdott as sdott53_37_0_, salesdetai0_.sdordocdt as sdordoc54_37_0_, salesdetai0_.sdordocno as sdordoc55_37_0_, salesdetai0_.sdordocsq as sdordoc56_37_0_, salesdetai0_.sdordocty as sdordoc57_37_0_, salesdetai0_.sdprid as sdprid58_37_0_, salesdetai0_.sdpyid as sdpyid59_37_0_, salesdetai0_.sdptc as sdptc60_37_0_, salesdetai0_.sdpqor as sdpqor61_37_0_, salesdetai0_.sduom1 as sduom62_37_0_, salesdetai0_.sdrbuid as sdrbuid63_37_0_, salesdetai0_.sdpjid as sdpjid64_37_0_, salesdetai0_.sdpddt as sdpddt65_37_0_, salesdetai0_.sdqty as sdqty66_37_0_, salesdetai0_.sdstid as sdstid67_37_0_, salesdetai0_.sdvr04 as sdvr68_37_0_, salesdetai0_.sdvr01 as sdvr69_37_0_, salesdetai0_.sdvr03 as sdvr70_37_0_, salesdetai0_.sdvr05 as sdvr71_37_0_, salesdetai0_.sdvr02 as sdvr72_37_0_, salesdetai0_.sdrldocno as sdrldoc73_37_0_, salesdetai0_.sdrldocsq as sdrldoc74_37_0_, salesdetai0_.sdrldocty as sdrldoc75_37_0_, salesdetai0_.sdrqdt as sdrqdt76_37_0_, salesdetai0_.sdqtyrn as sdqtyrn77_37_0_, salesdetai0_.sdso03 as sdso78_37_0_, salesdetai0_.sdso01 as sdso79_37_0_, salesdetai0_.sdso02 as sdso80_37_0_, salesdetai0_.sdslid as sdslid81_37_0_, salesdetai0_.sdsqor as sdsqor82_37_0_, salesdetai0_.sduom2 as sduom83_37_0_, salesdetai0_.sdsnlot as sdsnlot84_37_0_, salesdetai0_.sdslrc1 as sdslrc85_37_0_, salesdetai0_.sdqtysh as sdqtysh86_37_0_, salesdetai0_.sdtaxal as sdtaxal87_37_0_, salesdetai0_.sdtaxam as sdtaxam88_37_0_, salesdetai0_.sdtaxab as sdtaxab89_37_0_, salesdetai0_.sdtaxcd as sdtaxcd90_37_0_, salesdetai0_.sdtaxrt as sdtaxrt91_37_0_, salesdetai0_.sdcrct as sdcrct92_37_0_, salesdetai0_.sditc03 as sditc93_37_0_, salesdetai0_.sducf as sducf94_37_0_, salesdetai0_.sduncost as sduncos95_37_0_, salesdetai0_.sdudc as sdudc96_37_0_, salesdetai0_.sdudf as sdudf97_37_0_, salesdetai0_.sduom as sduom98_37_0_, salesdetai0_.sdunprice as sdunpri99_37_0_, salesdetai0_.sdurnb1 as sdurnb100_37_0_, salesdetai0_.sdurnb2 as sdurnb101_37_0_, salesdetai0_.sdvhrn as sdvhrn102_37_0_, salesdetai0_.sdvhty as sdvhty103_37_0_, salesdetai0_.sdqtyvl as sdqtyv104_37_0_, salesdetai0_.sduomv as sduomv105_37_0_, salesdetai0_.sdqtywt as sdqtyw106_37_0_, salesdetai0_.sduomw as sduomw107_37_0_, salesorder1_.shcoid as shcoid1_36_1_, salesorder1_.shdocono as shdocono2_36_1_, salesorder1_.shdocoty as shdocoty3_36_1_, salesorder1_.shcid as shcid4_36_1_, salesorder1_.shdtin as shdtin5_36_1_, salesorder1_.shtmin as shtmin6_36_1_, salesorder1_.shuid as shuid7_36_1_, salesorder1_.shdtlu as shdtlu8_36_1_, salesorder1_.shtmlu as shtmlu9_36_1_, salesorder1_.shuidm as shuidm10_36_1_, salesorder1_.shata as shata11_36_1_, salesorder1_.shatd as shatd12_36_1_, salesorder1_.shcrcb as shcrcb13_36_1_, salesorder1_.shbuid as shbuid14_36_1_, salesorder1_.shcldt as shcldt15_36_1_, salesorder1_.shcot as shcot16_36_1_, salesorder1_.shcsid as shcsid17_36_1_, salesorder1_.shcsdocdt as shcsdoc18_36_1_, salesorder1_.shcsdocno as shcsdoc19_36_1_, salesorder1_.shdod as shdod20_36_1_, salesorder1_.shdol as shdol21_36_1_, salesorder1_.shdou as shdou22_36_1_, salesorder1_.shdldt as shdldt23_36_1_, salesorder1_.shdesb1 as shdesb24_36_1_, salesorder1_.shdccd as shdccd25_36_1_, salesorder1_.shdcrt as shdcrt26_36_1_, salesorder1_.sheta as sheta27_36_1_, salesorder1_.shetd as shetd28_36_1_, salesorder1_.shexcrt as shexcrt29_36_1_, salesorder1_.shexid as shexid30_36_1_, salesorder1_.shead as shead31_36_1_, salesorder1_.shean as shean32_36_1_, salesorder1_.shedd as shedd33_36_1_, salesorder1_.shedn as shedn34_36_1_, salesorder1_.shfbd as shfbd35_36_1_, salesorder1_.shfbn as shfbn36_36_1_, salesorder1_.shfhc as shfhc37_36_1_, salesorder1_.shgldt as shgldt38_36_1_, salesorder1_.shgscrt as shgscrt39_36_1_, salesorder1_.shhcod as shhcod40_36_1_, salesorder1_.shlst as shlst41_36_1_, salesorder1_.shnst as shnst42_36_1_, salesorder1_.shobid as shobid43_36_1_, salesorder1_.shordt as shordt44_36_1_, salesorder1_.shordocdt as shordoc45_36_1_, salesorder1_.shordocno as shordoc46_36_1_, salesorder1_.shprid as shprid47_36_1_, salesorder1_.shpyid as shpyid48_36_1_, salesorder1_.shptc as shptc49_36_1_, salesorder1_.shpoa as shpoa50_36_1_, salesorder1_.shpod as shpod51_36_1_, salesorder1_.shrbuid as shrbuid52_36_1_, salesorder1_.shpjid as shpjid53_36_1_, salesorder1_.shpddt as shpddt54_36_1_, salesorder1_.shstid as shstid55_36_1_, salesorder1_.shrqdt as shrqdt56_36_1_, salesorder1_.shslid as shslid57_36_1_, salesorder1_.shshcn as shshcn58_36_1_, salesorder1_.shshmt as shshmt59_36_1_, salesorder1_.shtagid as shtagid60_36_1_, salesorder1_.shtaxal as shtaxal61_36_1_, salesorder1_.shtaxcd as shtaxcd62_36_1_, salesorder1_.shtaxrt as shtaxrt63_36_1_, salesorder1_.shcrct as shcrct64_36_1_, salesorder1_.shurdt1 as shurdt65_36_1_, salesorder1_.shurdt2 as shurdt66_36_1_ from t4211 salesdetai0_ inner join t4201 salesorder1_ on salesdetai0_.sdcoid=salesorder1_.shcoid and salesdetai0_.sddocono=salesorder1_.shdocono and salesdetai0_.sddocoty=salesorder1_.shdocoty where salesdetai0_.sdcoid=? and salesdetai0_.sddocono=? and salesdetai0_.sddocosq=? and salesdetai0_.sddocoty=?
Hibernate: select serialnumb0_.coid as coid1_43_0_, serialnumb0_.docno as docno2_43_0_, serialnumb0_.docty as docty3_43_0_, serialnumb0_.docsq as docsq4_43_0_, serialnumb0_.buid as buid5_43_0_, serialnumb0_.inum as inum6_43_0_, serialnumb0_.snlot as snlot7_43_0_, lotmaster1_.ltbuid as ltbuid1_34_1_, lotmaster1_.ltinum as ltinum2_34_1_, lotmaster1_.ltsnlot as ltsnlot3_34_1_, lotmaster1_.ltcid as ltcid4_34_1_, lotmaster1_.ltdtin as ltdtin5_34_1_, lotmaster1_.lttmin as lttmin6_34_1_, lotmaster1_.ltuid as ltuid7_34_1_, lotmaster1_.ltdtlu as ltdtlu8_34_1_, lotmaster1_.lttmlu as lttmlu9_34_1_, lotmaster1_.ltuidm as ltuidm10_34_1_, lotmaster1_.ltbodt as ltbodt11_34_1_, lotmaster1_.ltbbdt as ltbbdt12_34_1_, lotmaster1_.ltcldt as ltcldt13_34_1_, lotmaster1_.ltexpdt as ltexpdt14_34_1_, lotmaster1_.ltldsc as ltldsc15_34_1_, lotmaster1_.ltledt as ltledt16_34_1_, lotmaster1_.ltlsc as ltlsc17_34_1_, lotmaster1_.ltmlot1 as ltmlot18_34_1_, lotmaster1_.ltmlot2 as ltmlot19_34_1_, lotmaster1_.ltmlot3 as ltmlot20_34_1_, lotmaster1_.ltohdt as ltohdt21_34_1_, lotmaster1_.ltsern as ltsern22_34_1_ from transaction_serialnumbers serialnumb0_ inner join t4108 lotmaster1_ on serialnumb0_.buid=lotmaster1_.ltbuid and serialnumb0_.inum=lotmaster1_.ltinum and serialnumb0_.snlot=lotmaster1_.ltsnlot where serialnumb0_.coid=? and serialnumb0_.docno=? and serialnumb0_.docty=? and serialnumb0_.docsq=?
Hibernate: select salesdetai0_.sdcoid as sdcoid1_37_0_, salesdetai0_.sddocono as sddocono2_37_0_, salesdetai0_.sddocosq as sddocosq3_37_0_, salesdetai0_.sddocoty as sddocoty4_37_0_, salesdetai0_.sdcid as sdcid5_37_0_, salesdetai0_.sddtin as sddtin6_37_0_, salesdetai0_.sdtmin as sdtmin7_37_0_, salesdetai0_.sduid as sduid8_37_0_, salesdetai0_.sddtlu as sddtlu9_37_0_, salesdetai0_.sdtmlu as sdtmlu10_37_0_, salesdetai0_.sduidm as sduidm11_37_0_, salesdetai0_.sdacid as sdacid12_37_0_, salesdetai0_.sdcrcb as sdcrcb13_37_0_, salesdetai0_.sditc02 as sditc14_37_0_, salesdetai0_.sdbuid as sdbuid15_37_0_, salesdetai0_.sdqtycl as sdqtycl16_37_0_, salesdetai0_.sditc01 as sditc17_37_0_, salesdetai0_.sdcldt as sdcldt18_37_0_, salesdetai0_.sdcnid as sdcnid19_37_0_, salesdetai0_.sdcsid as sdcsid20_37_0_, salesdetai0_.sddldt as sddldt21_37_0_, salesdetai0_.sddccd as sddccd22_37_0_, salesdetai0_.sddcrt as sddcrt23_37_0_, salesdetai0_.sdexcrt as sdexcrt24_37_0_, salesdetai0_.sdexid as sdexid25_37_0_, salesdetai0_.sdexcost as sdexcos26_37_0_, salesdetai0_.sdexprice as sdexpri27_37_0_, salesdetai0_.sdqtyx as sdqtyx28_37_0_, salesdetai0_.sducfx as sducfx29_37_0_, salesdetai0_.sduomx as sduomx30_37_0_, salesdetai0_.sdunpricex as sdunpri31_37_0_, salesdetai0_.sdfep as sdfep32_37_0_, salesdetai0_.sdfta as sdfta33_37_0_, salesdetai0_.sdftb as sdftb34_37_0_, salesdetai0_.sdfup as sdfup35_37_0_, salesdetai0_.sdglcls as sdglcls36_37_0_, salesdetai0_.sdgldt as sdgldt37_37_0_, salesdetai0_.sdgscrt as sdgscrt38_37_0_, salesdetai0_.sdhcod as sdhcod39_37_0_, salesdetai0_.sdir02 as sdir40_37_0_, salesdetai0_.sdir01 as sdir41_37_0_, salesdetai0_.sdir03 as sdir42_37_0_, salesdetai0_.sdinum as sdinum43_37_0_, salesdetai0_.sddesb1 as sddesb44_37_0_, salesdetai0_.sditc05 as sditc45_37_0_, salesdetai0_.sdlst as sdlst46_37_0_, salesdetai0_.sdlnty as sdlnty47_37_0_, salesdetai0_.sdlocid as sdlocid48_37_0_, salesdetai0_.sdnst as sdnst49_37_0_, salesdetai0_.sdobid as sdobid50_37_0_, salesdetai0_.sdqtyop as sdqtyop51_37_0_, salesdetai0_.sdordt as sdordt52_37_0_, salesdetai0_.sdott as sdott53_37_0_, salesdetai0_.sdordocdt as sdordoc54_37_0_, salesdetai0_.sdordocno as sdordoc55_37_0_, salesdetai0_.sdordocsq as sdordoc56_37_0_, salesdetai0_.sdordocty as sdordoc57_37_0_, salesdetai0_.sdprid as sdprid58_37_0_, salesdetai0_.sdpyid as sdpyid59_37_0_, salesdetai0_.sdptc as sdptc60_37_0_, salesdetai0_.sdpqor as sdpqor61_37_0_, salesdetai0_.sduom1 as sduom62_37_0_, salesdetai0_.sdrbuid as sdrbuid63_37_0_, salesdetai0_.sdpjid as sdpjid64_37_0_, salesdetai0_.sdpddt as sdpddt65_37_0_, salesdetai0_.sdqty as sdqty66_37_0_, salesdetai0_.sdstid as sdstid67_37_0_, salesdetai0_.sdvr04 as sdvr68_37_0_, salesdetai0_.sdvr01 as sdvr69_37_0_, salesdetai0_.sdvr03 as sdvr70_37_0_, salesdetai0_.sdvr05 as sdvr71_37_0_, salesdetai0_.sdvr02 as sdvr72_37_0_, salesdetai0_.sdrldocno as sdrldoc73_37_0_, salesdetai0_.sdrldocsq as sdrldoc74_37_0_, salesdetai0_.sdrldocty as sdrldoc75_37_0_, salesdetai0_.sdrqdt as sdrqdt76_37_0_, salesdetai0_.sdqtyrn as sdqtyrn77_37_0_, salesdetai0_.sdso03 as sdso78_37_0_, salesdetai0_.sdso01 as sdso79_37_0_, salesdetai0_.sdso02 as sdso80_37_0_, salesdetai0_.sdslid as sdslid81_37_0_, salesdetai0_.sdsqor as sdsqor82_37_0_, salesdetai0_.sduom2 as sduom83_37_0_, salesdetai0_.sdsnlot as sdsnlot84_37_0_, salesdetai0_.sdslrc1 as sdslrc85_37_0_, salesdetai0_.sdqtysh as sdqtysh86_37_0_, salesdetai0_.sdtaxal as sdtaxal87_37_0_, salesdetai0_.sdtaxam as sdtaxam88_37_0_, salesdetai0_.sdtaxab as sdtaxab89_37_0_, salesdetai0_.sdtaxcd as sdtaxcd90_37_0_, salesdetai0_.sdtaxrt as sdtaxrt91_37_0_, salesdetai0_.sdcrct as sdcrct92_37_0_, salesdetai0_.sditc03 as sditc93_37_0_, salesdetai0_.sducf as sducf94_37_0_, salesdetai0_.sduncost as sduncos95_37_0_, salesdetai0_.sdudc as sdudc96_37_0_, salesdetai0_.sdudf as sdudf97_37_0_, salesdetai0_.sduom as sduom98_37_0_, salesdetai0_.sdunprice as sdunpri99_37_0_, salesdetai0_.sdurnb1 as sdurnb100_37_0_, salesdetai0_.sdurnb2 as sdurnb101_37_0_, salesdetai0_.sdvhrn as sdvhrn102_37_0_, salesdetai0_.sdvhty as sdvhty103_37_0_, salesdetai0_.sdqtyvl as sdqtyv104_37_0_, salesdetai0_.sduomv as sduomv105_37_0_, salesdetai0_.sdqtywt as sdqtyw106_37_0_, salesdetai0_.sduomw as sduomw107_37_0_, salesorder1_.shcoid as shcoid1_36_1_, salesorder1_.shdocono as shdocono2_36_1_, salesorder1_.shdocoty as shdocoty3_36_1_, salesorder1_.shcid as shcid4_36_1_, salesorder1_.shdtin as shdtin5_36_1_, salesorder1_.shtmin as shtmin6_36_1_, salesorder1_.shuid as shuid7_36_1_, salesorder1_.shdtlu as shdtlu8_36_1_, salesorder1_.shtmlu as shtmlu9_36_1_, salesorder1_.shuidm as shuidm10_36_1_, salesorder1_.shata as shata11_36_1_, salesorder1_.shatd as shatd12_36_1_, salesorder1_.shcrcb as shcrcb13_36_1_, salesorder1_.shbuid as shbuid14_36_1_, salesorder1_.shcldt as shcldt15_36_1_, salesorder1_.shcot as shcot16_36_1_, salesorder1_.shcsid as shcsid17_36_1_, salesorder1_.shcsdocdt as shcsdoc18_36_1_, salesorder1_.shcsdocno as shcsdoc19_36_1_, salesorder1_.shdod as shdod20_36_1_, salesorder1_.shdol as shdol21_36_1_, salesorder1_.shdou as shdou22_36_1_, salesorder1_.shdldt as shdldt23_36_1_, salesorder1_.shdesb1 as shdesb24_36_1_, salesorder1_.shdccd as shdccd25_36_1_, salesorder1_.shdcrt as shdcrt26_36_1_, salesorder1_.sheta as sheta27_36_1_, salesorder1_.shetd as shetd28_36_1_, salesorder1_.shexcrt as shexcrt29_36_1_, salesorder1_.shexid as shexid30_36_1_, salesorder1_.shead as shead31_36_1_, salesorder1_.shean as shean32_36_1_, salesorder1_.shedd as shedd33_36_1_, salesorder1_.shedn as shedn34_36_1_, salesorder1_.shfbd as shfbd35_36_1_, salesorder1_.shfbn as shfbn36_36_1_, salesorder1_.shfhc as shfhc37_36_1_, salesorder1_.shgldt as shgldt38_36_1_, salesorder1_.shgscrt as shgscrt39_36_1_, salesorder1_.shhcod as shhcod40_36_1_, salesorder1_.shlst as shlst41_36_1_, salesorder1_.shnst as shnst42_36_1_, salesorder1_.shobid as shobid43_36_1_, salesorder1_.shordt as shordt44_36_1_, salesorder1_.shordocdt as shordoc45_36_1_, salesorder1_.shordocno as shordoc46_36_1_, salesorder1_.shprid as shprid47_36_1_, salesorder1_.shpyid as shpyid48_36_1_, salesorder1_.shptc as shptc49_36_1_, salesorder1_.shpoa as shpoa50_36_1_, salesorder1_.shpod as shpod51_36_1_, salesorder1_.shrbuid as shrbuid52_36_1_, salesorder1_.shpjid as shpjid53_36_1_, salesorder1_.shpddt as shpddt54_36_1_, salesorder1_.shstid as shstid55_36_1_, salesorder1_.shrqdt as shrqdt56_36_1_, salesorder1_.shslid as shslid57_36_1_, salesorder1_.shshcn as shshcn58_36_1_, salesorder1_.shshmt as shshmt59_36_1_, salesorder1_.shtagid as shtagid60_36_1_, salesorder1_.shtaxal as shtaxal61_36_1_, salesorder1_.shtaxcd as shtaxcd62_36_1_, salesorder1_.shtaxrt as shtaxrt63_36_1_, salesorder1_.shcrct as shcrct64_36_1_, salesorder1_.shurdt1 as shurdt65_36_1_, salesorder1_.shurdt2 as shurdt66_36_1_ from t4211 salesdetai0_ inner join t4201 salesorder1_ on salesdetai0_.sdcoid=salesorder1_.shcoid and salesdetai0_.sddocono=salesorder1_.shdocono and salesdetai0_.sddocoty=salesorder1_.shdocoty where salesdetai0_.sdcoid=? and salesdetai0_.sddocono=? and salesdetai0_.sddocosq=? and salesdetai0_.sddocoty=?
Hibernate: select serialnumb0_.coid as coid1_43_0_, serialnumb0_.docno as docno2_43_0_, serialnumb0_.docty as docty3_43_0_, serialnumb0_.docsq as docsq4_43_0_, serialnumb0_.buid as buid5_43_0_, serialnumb0_.inum as inum6_43_0_, serialnumb0_.snlot as snlot7_43_0_, lotmaster1_.ltbuid as ltbuid1_34_1_, lotmaster1_.ltinum as ltinum2_34_1_, lotmaster1_.ltsnlot as ltsnlot3_34_1_, lotmaster1_.ltcid as ltcid4_34_1_, lotmaster1_.ltdtin as ltdtin5_34_1_, lotmaster1_.lttmin as lttmin6_34_1_, lotmaster1_.ltuid as ltuid7_34_1_, lotmaster1_.ltdtlu as ltdtlu8_34_1_, lotmaster1_.lttmlu as lttmlu9_34_1_, lotmaster1_.ltuidm as ltuidm10_34_1_, lotmaster1_.ltbodt as ltbodt11_34_1_, lotmaster1_.ltbbdt as ltbbdt12_34_1_, lotmaster1_.ltcldt as ltcldt13_34_1_, lotmaster1_.ltexpdt as ltexpdt14_34_1_, lotmaster1_.ltldsc as ltldsc15_34_1_, lotmaster1_.ltledt as ltledt16_34_1_, lotmaster1_.ltlsc as ltlsc17_34_1_, lotmaster1_.ltmlot1 as ltmlot18_34_1_, lotmaster1_.ltmlot2 as ltmlot19_34_1_, lotmaster1_.ltmlot3 as ltmlot20_34_1_, lotmaster1_.ltohdt as ltohdt21_34_1_, lotmaster1_.ltsern as ltsern22_34_1_ from transaction_serialnumbers serialnumb0_ inner join t4108 lotmaster1_ on serialnumb0_.buid=lotmaster1_.ltbuid and serialnumb0_.inum=lotmaster1_.ltinum and serialnumb0_.snlot=lotmaster1_.ltsnlot where serialnumb0_.coid=? and serialnumb0_.docno=? and serialnumb0_.docty=? and serialnumb0_.docsq=?
2018-12-27 11:25:54.195  INFO 2120 --- [    Test worker] o.s.t.c.transaction.TransactionContext   : Rolled back transaction for test: [DefaultTestContext@37350c9d testClass = SalesShipmentApiTest, testInstance = ags.goldenlionerp.apiTests.sales.SalesShipmentApiTest@401e7570, testMethod = deleteTest@SalesShipmentApiTest, testException = [null], mergedContextConfiguration = [WebMergedContextConfiguration@13aa9a2c testClass = SalesShipmentApiTest, locations = '{}', classes = '{class ags.goldenlionerp.GoldenLionErpApplication}', contextInitializerClasses = '[]', activeProfiles = '{}', propertySourceLocations = '{classpath:test.properties}', propertySourceProperties = '{org.springframework.boot.test.context.SpringBootTestContextBootstrapper=true}', contextCustomizers = set[org.springframework.boot.test.autoconfigure.properties.PropertyMappingContextCustomizer@0, org.springframework.boot.test.autoconfigure.web.servlet.WebDriverContextCustomizerFactory$Customizer@636d731e, [ImportsContextCustomizer@2a93360c key = [ags.goldenlionerp.apiTests.ApiTestBase$TestConfig]], org.springframework.boot.test.context.filter.ExcludeFilterContextCustomizer@6afa5291, org.springframework.boot.test.json.DuplicateJsonObjectContextCustomizerFactory$DuplicateJsonObjectContextCustomizer@20cebcb4, org.springframework.boot.test.mock.mockito.MockitoContextCustomizer@0, org.springframework.boot.test.web.client.TestRestTemplateContextCustomizer@49a32273], resourceBasePath = 'src/main/webapp', contextLoader = 'org.springframework.boot.test.context.SpringBootContextLoader', parent = [null]], attributes = map['org.springframework.test.context.web.ServletTestExecutionListener.activateListener' -> true, 'org.springframework.test.context.web.ServletTestExecutionListener.populatedRequestContextHolder' -> true, 'org.springframework.test.context.web.ServletTestExecutionListener.resetRequestContextHolder' -> true]]
2018-12-27 11:25:54.199  INFO 2120 --- [    Test worker] o.s.t.c.transaction.TransactionContext   : Began transaction (1) for test context [DefaultTestContext@37350c9d testClass = SalesShipmentApiTest, testInstance = ags.goldenlionerp.apiTests.sales.SalesShipmentApiTest@26e7c4ca, testMethod = updateTestWithPut@ApiTestBase, testException = [null], mergedContextConfiguration = [WebMergedContextConfiguration@13aa9a2c testClass = SalesShipmentApiTest, locations = '{}', classes = '{class ags.goldenlionerp.GoldenLionErpApplication}', contextInitializerClasses = '[]', activeProfiles = '{}', propertySourceLocations = '{classpath:test.properties}', propertySourceProperties = '{org.springframework.boot.test.context.SpringBootTestContextBootstrapper=true}', contextCustomizers = set[org.springframework.boot.test.autoconfigure.properties.PropertyMappingContextCustomizer@0, org.springframework.boot.test.autoconfigure.web.servlet.WebDriverContextCustomizerFactory$Customizer@636d731e, [ImportsContextCustomizer@2a93360c key = [ags.goldenlionerp.apiTests.ApiTestBase$TestConfig]], org.springframework.boot.test.context.filter.ExcludeFilterContextCustomizer@6afa5291, org.springframework.boot.test.json.DuplicateJsonObjectContextCustomizerFactory$DuplicateJsonObjectContextCustomizer@20cebcb4, org.springframework.boot.test.mock.mockito.MockitoContextCustomizer@0, org.springframework.boot.test.web.client.TestRestTemplateContextCustomizer@49a32273], resourceBasePath = 'src/main/webapp', contextLoader = 'org.springframework.boot.test.context.SpringBootContextLoader', parent = [null]], attributes = map['org.springframework.test.context.web.ServletTestExecutionListener.activateListener' -> true, 'org.springframework.test.context.web.ServletTestExecutionListener.populatedRequestContextHolder' -> true, 'org.springframework.test.context.web.ServletTestExecutionListener.resetRequestContextHolder' -> true]]; transaction manager [org.springframework.orm.jpa.JpaTransactionManager@75de8c12]; rollback [true]
2018-12-27 11:25:54.200  INFO 2120 --- [    Test worker] o.s.b.t.m.w.SpringBootMockServletContext : Initializing Spring FrameworkServlet ''
2018-12-27 11:25:54.200  INFO 2120 --- [    Test worker] o.s.t.web.servlet.TestDispatcherServlet  : FrameworkServlet '': initialization started
2018-12-27 11:25:54.209  INFO 2120 --- [    Test worker] o.s.t.web.servlet.TestDispatcherServlet  : FrameworkServlet '': initialization completed in 9 ms
Hibernate: select salesorder0_.shcoid as shcoid1_36_0_, salesorder0_.shdocono as shdocono2_36_0_, salesorder0_.shdocoty as shdocoty3_36_0_, salesorder0_.shcid as shcid4_36_0_, salesorder0_.shdtin as shdtin5_36_0_, salesorder0_.shtmin as shtmin6_36_0_, salesorder0_.shuid as shuid7_36_0_, salesorder0_.shdtlu as shdtlu8_36_0_, salesorder0_.shtmlu as shtmlu9_36_0_, salesorder0_.shuidm as shuidm10_36_0_, salesorder0_.shata as shata11_36_0_, salesorder0_.shatd as shatd12_36_0_, salesorder0_.shcrcb as shcrcb13_36_0_, salesorder0_.shbuid as shbuid14_36_0_, salesorder0_.shcldt as shcldt15_36_0_, salesorder0_.shcot as shcot16_36_0_, salesorder0_.shcsid as shcsid17_36_0_, salesorder0_.shcsdocdt as shcsdoc18_36_0_, salesorder0_.shcsdocno as shcsdoc19_36_0_, salesorder0_.shdod as shdod20_36_0_, salesorder0_.shdol as shdol21_36_0_, salesorder0_.shdou as shdou22_36_0_, salesorder0_.shdldt as shdldt23_36_0_, salesorder0_.shdesb1 as shdesb24_36_0_, salesorder0_.shdccd as shdccd25_36_0_, salesorder0_.shdcrt as shdcrt26_36_0_, salesorder0_.sheta as sheta27_36_0_, salesorder0_.shetd as shetd28_36_0_, salesorder0_.shexcrt as shexcrt29_36_0_, salesorder0_.shexid as shexid30_36_0_, salesorder0_.shead as shead31_36_0_, salesorder0_.shean as shean32_36_0_, salesorder0_.shedd as shedd33_36_0_, salesorder0_.shedn as shedn34_36_0_, salesorder0_.shfbd as shfbd35_36_0_, salesorder0_.shfbn as shfbn36_36_0_, salesorder0_.shfhc as shfhc37_36_0_, salesorder0_.shgldt as shgldt38_36_0_, salesorder0_.shgscrt as shgscrt39_36_0_, salesorder0_.shhcod as shhcod40_36_0_, salesorder0_.shlst as shlst41_36_0_, salesorder0_.shnst as shnst42_36_0_, salesorder0_.shobid as shobid43_36_0_, salesorder0_.shordt as shordt44_36_0_, salesorder0_.shordocdt as shordoc45_36_0_, salesorder0_.shordocno as shordoc46_36_0_, salesorder0_.shprid as shprid47_36_0_, salesorder0_.shpyid as shpyid48_36_0_, salesorder0_.shptc as shptc49_36_0_, salesorder0_.shpoa as shpoa50_36_0_, salesorder0_.shpod as shpod51_36_0_, salesorder0_.shrbuid as shrbuid52_36_0_, salesorder0_.shpjid as shpjid53_36_0_, salesorder0_.shpddt as shpddt54_36_0_, salesorder0_.shstid as shstid55_36_0_, salesorder0_.shrqdt as shrqdt56_36_0_, salesorder0_.shslid as shslid57_36_0_, salesorder0_.shshcn as shshcn58_36_0_, salesorder0_.shshmt as shshmt59_36_0_, salesorder0_.shtagid as shtagid60_36_0_, salesorder0_.shtaxal as shtaxal61_36_0_, salesorder0_.shtaxcd as shtaxcd62_36_0_, salesorder0_.shtaxrt as shtaxrt63_36_0_, salesorder0_.shcrct as shcrct64_36_0_, salesorder0_.shurdt1 as shurdt65_36_0_, salesorder0_.shurdt2 as shurdt66_36_0_ from t4201 salesorder0_ where salesorder0_.shcoid=? and salesorder0_.shdocono=? and salesorder0_.shdocoty=?
Hibernate: select details0_.sdcoid as sdcoid1_37_0_, details0_.sddocono as sddocono2_37_0_, details0_.sddocoty as sddocoty4_37_0_, details0_.sddocosq as sddocosq3_37_0_, details0_.sdcoid as sdcoid1_37_1_, details0_.sddocono as sddocono2_37_1_, details0_.sddocosq as sddocosq3_37_1_, details0_.sddocoty as sddocoty4_37_1_, details0_.sdcid as sdcid5_37_1_, details0_.sddtin as sddtin6_37_1_, details0_.sdtmin as sdtmin7_37_1_, details0_.sduid as sduid8_37_1_, details0_.sddtlu as sddtlu9_37_1_, details0_.sdtmlu as sdtmlu10_37_1_, details0_.sduidm as sduidm11_37_1_, details0_.sdacid as sdacid12_37_1_, details0_.sdcrcb as sdcrcb13_37_1_, details0_.sditc02 as sditc14_37_1_, details0_.sdbuid as sdbuid15_37_1_, details0_.sdqtycl as sdqtycl16_37_1_, details0_.sditc01 as sditc17_37_1_, details0_.sdcldt as sdcldt18_37_1_, details0_.sdcnid as sdcnid19_37_1_, details0_.sdcsid as sdcsid20_37_1_, details0_.sddldt as sddldt21_37_1_, details0_.sddccd as sddccd22_37_1_, details0_.sddcrt as sddcrt23_37_1_, details0_.sdexcrt as sdexcrt24_37_1_, details0_.sdexid as sdexid25_37_1_, details0_.sdexcost as sdexcos26_37_1_, details0_.sdexprice as sdexpri27_37_1_, details0_.sdqtyx as sdqtyx28_37_1_, details0_.sducfx as sducfx29_37_1_, details0_.sduomx as sduomx30_37_1_, details0_.sdunpricex as sdunpri31_37_1_, details0_.sdfep as sdfep32_37_1_, details0_.sdfta as sdfta33_37_1_, details0_.sdftb as sdftb34_37_1_, details0_.sdfup as sdfup35_37_1_, details0_.sdglcls as sdglcls36_37_1_, details0_.sdgldt as sdgldt37_37_1_, details0_.sdgscrt as sdgscrt38_37_1_, details0_.sdhcod as sdhcod39_37_1_, details0_.sdir02 as sdir40_37_1_, details0_.sdir01 as sdir41_37_1_, details0_.sdir03 as sdir42_37_1_, details0_.sdinum as sdinum43_37_1_, details0_.sddesb1 as sddesb44_37_1_, details0_.sditc05 as sditc45_37_1_, details0_.sdlst as sdlst46_37_1_, details0_.sdlnty as sdlnty47_37_1_, details0_.sdlocid as sdlocid48_37_1_, details0_.sdnst as sdnst49_37_1_, details0_.sdobid as sdobid50_37_1_, details0_.sdqtyop as sdqtyop51_37_1_, details0_.sdordt as sdordt52_37_1_, details0_.sdott as sdott53_37_1_, details0_.sdordocdt as sdordoc54_37_1_, details0_.sdordocno as sdordoc55_37_1_, details0_.sdordocsq as sdordoc56_37_1_, details0_.sdordocty as sdordoc57_37_1_, details0_.sdprid as sdprid58_37_1_, details0_.sdpyid as sdpyid59_37_1_, details0_.sdptc as sdptc60_37_1_, details0_.sdpqor as sdpqor61_37_1_, details0_.sduom1 as sduom62_37_1_, details0_.sdrbuid as sdrbuid63_37_1_, details0_.sdpjid as sdpjid64_37_1_, details0_.sdpddt as sdpddt65_37_1_, details0_.sdqty as sdqty66_37_1_, details0_.sdstid as sdstid67_37_1_, details0_.sdvr04 as sdvr68_37_1_, details0_.sdvr01 as sdvr69_37_1_, details0_.sdvr03 as sdvr70_37_1_, details0_.sdvr05 as sdvr71_37_1_, details0_.sdvr02 as sdvr72_37_1_, details0_.sdrldocno as sdrldoc73_37_1_, details0_.sdrldocsq as sdrldoc74_37_1_, details0_.sdrldocty as sdrldoc75_37_1_, details0_.sdrqdt as sdrqdt76_37_1_, details0_.sdqtyrn as sdqtyrn77_37_1_, details0_.sdso03 as sdso78_37_1_, details0_.sdso01 as sdso79_37_1_, details0_.sdso02 as sdso80_37_1_, details0_.sdslid as sdslid81_37_1_, details0_.sdsqor as sdsqor82_37_1_, details0_.sduom2 as sduom83_37_1_, details0_.sdsnlot as sdsnlot84_37_1_, details0_.sdslrc1 as sdslrc85_37_1_, details0_.sdqtysh as sdqtysh86_37_1_, details0_.sdtaxal as sdtaxal87_37_1_, details0_.sdtaxam as sdtaxam88_37_1_, details0_.sdtaxab as sdtaxab89_37_1_, details0_.sdtaxcd as sdtaxcd90_37_1_, details0_.sdtaxrt as sdtaxrt91_37_1_, details0_.sdcrct as sdcrct92_37_1_, details0_.sditc03 as sditc93_37_1_, details0_.sducf as sducf94_37_1_, details0_.sduncost as sduncos95_37_1_, details0_.sdudc as sdudc96_37_1_, details0_.sdudf as sdudf97_37_1_, details0_.sduom as sduom98_37_1_, details0_.sdunprice as sdunpri99_37_1_, details0_.sdurnb1 as sdurnb100_37_1_, details0_.sdurnb2 as sdurnb101_37_1_, details0_.sdvhrn as sdvhrn102_37_1_, details0_.sdvhty as sdvhty103_37_1_, details0_.sdqtyvl as sdqtyv104_37_1_, details0_.sduomv as sduomv105_37_1_, details0_.sdqtywt as sdqtyw106_37_1_, details0_.sduomw as sduomw107_37_1_ from t4211 details0_ where details0_.sdcoid=? and details0_.sddocono=? and details0_.sddocoty=?
Hibernate: select salesshipm0_.slcoid as slcoid1_38_0_, salesshipm0_.sldocno as sldocno2_38_0_, salesshipm0_.sldocty as sldocty3_38_0_, salesshipm0_.sldocsq as sldocsq4_38_0_, salesshipm0_.slcid as slcid5_38_0_, salesshipm0_.sldtin as sldtin6_38_0_, salesshipm0_.sltmin as sltmin7_38_0_, salesshipm0_.sluid as sluid8_38_0_, salesshipm0_.sldtlu as sldtlu9_38_0_, salesshipm0_.sltmlu as sltmlu10_38_0_, salesshipm0_.sluidm as sluidm11_38_0_, salesshipm0_.slacid as slacid12_38_0_, salesshipm0_.slata as slata13_38_0_, salesshipm0_.slatd as slatd14_38_0_, salesshipm0_.slcrcb as slcrcb15_38_0_, salesshipm0_.slicu as slicu16_38_0_, salesshipm0_.slicut as slicut17_38_0_, salesshipm0_.slitc02 as slitc18_38_0_, salesshipm0_.slbuid as slbuid19_38_0_, salesshipm0_.slitc01 as slitc20_38_0_, salesshipm0_.slcnid as slcnid21_38_0_, salesshipm0_.slcsid as slcsid22_38_0_, salesshipm0_.slcsdocdt as slcsdoc23_38_0_, salesshipm0_.slcsdocno as slcsdoc24_38_0_, salesshipm0_.sldod as sldod25_38_0_, salesshipm0_.sldol as sldol26_38_0_, salesshipm0_.sldou as sldou27_38_0_, salesshipm0_.sldldt as sldldt28_38_0_, salesshipm0_.sldesc1 as sldesc29_38_0_, salesshipm0_.sldesc2 as sldesc30_38_0_, salesshipm0_.sldccd as sldccd31_38_0_, salesshipm0_.sldcrt as sldcrt32_38_0_, salesshipm0_.sldocdt as sldocdt33_38_0_, salesshipm0_.sleta as sleta34_38_0_, salesshipm0_.sletd as sletd35_38_0_, salesshipm0_.slexcrt as slexcrt36_38_0_, salesshipm0_.slexid as slexid37_38_0_, salesshipm0_.slead as slead38_38_0_, salesshipm0_.slean as slean39_38_0_, salesshipm0_.sledd as sledd40_38_0_, salesshipm0_.sledn as sledn41_38_0_, salesshipm0_.slexcost as slexcos42_38_0_, salesshipm0_.slexprice as slexpri43_38_0_, salesshipm0_.slfep as slfep44_38_0_, salesshipm0_.slfta as slfta45_38_0_, salesshipm0_.slftb as slftb46_38_0_, salesshipm0_.slfup as slfup47_38_0_, salesshipm0_.slfbd as slfbd48_38_0_, salesshipm0_.slfbn as slfbn49_38_0_, salesshipm0_.slglcls as slglcls50_38_0_, salesshipm0_.slgscrt as slgscrt51_38_0_, salesshipm0_.slir02 as slir52_38_0_, salesshipm0_.slir01 as slir53_38_0_, salesshipm0_.slir03 as slir54_38_0_, salesshipm0_.slitt as slitt55_38_0_, salesshipm0_.sldocidt as sldocid56_38_0_, salesshipm0_.sldocino as sldocin57_38_0_, salesshipm0_.sldocisq as sldocis58_38_0_, salesshipm0_.sldocity as sldocit59_38_0_, salesshipm0_.slinum as slinum60_38_0_, salesshipm0_.sldesb1 as sldesb61_38_0_, salesshipm0_.slitc05 as slitc62_38_0_, salesshipm0_.sllst as sllst63_38_0_, salesshipm0_.sllnty as sllnty64_38_0_, salesshipm0_.sllocid as sllocid65_38_0_, salesshipm0_.slnst as slnst66_38_0_, salesshipm0_.slobid as slobid67_38_0_, salesshipm0_.sldocono as sldocon68_38_0_, salesshipm0_.sldocosq as sldocos69_38_0_, salesshipm0_.sldocoty as sldocot70_38_0_, salesshipm0_.slordocdt as slordoc71_38_0_, salesshipm0_.slordocno as slordoc72_38_0_, salesshipm0_.slordocsq as slordoc73_38_0_, salesshipm0_.slordocty as slordoc74_38_0_, salesshipm0_.slprid as slprid75_38_0_, salesshipm0_.slpyid as slpyid76_38_0_, salesshipm0_.slptc as slptc77_38_0_, salesshipm0_.slpoa as slpoa78_38_0_, salesshipm0_.slpod as slpod79_38_0_, salesshipm0_.slpqot as slpqot80_38_0_, salesshipm0_.sluom1 as sluom81_38_0_, salesshipm0_.slrbuid as slrbuid82_38_0_, salesshipm0_.slpjid as slpjid83_38_0_, salesshipm0_.slqty as slqty84_38_0_, salesshipm0_.slstid as slstid85_38_0_, salesshipm0_.slrecid as slrecid86_38_0_, salesshipm0_.slvr04 as slvr87_38_0_, salesshipm0_.slvr01 as slvr88_38_0_, salesshipm0_.slvr03 as slvr89_38_0_, salesshipm0_.slvr05 as slvr90_38_0_, salesshipm0_.slvr02 as slvr91_38_0_, salesshipm0_.slso03 as slso92_38_0_, salesshipm0_.slso01 as slso93_38_0_, salesshipm0_.slso02 as slso94_38_0_, salesshipm0_.slslid as slslid95_38_0_, salesshipm0_.slsqot as slsqot96_38_0_, salesshipm0_.sluom2 as sluom97_38_0_, salesshipm0_.slsnlot as slsnlot98_38_0_, salesshipm0_.slslrc1 as slslrc99_38_0_, salesshipm0_.slshcn as slshcn100_38_0_, salesshipm0_.sltaxal as sltaxa101_38_0_, salesshipm0_.sltaxam as sltaxa102_38_0_, salesshipm0_.sltaxab as sltaxa103_38_0_, salesshipm0_.sltaxcd as sltaxc104_38_0_, salesshipm0_.sltaxidt as sltaxi105_38_0_, salesshipm0_.sltaxino as sltaxi106_38_0_, salesshipm0_.sltaxrt as sltaxr107_38_0_, salesshipm0_.sldnop as sldnop108_38_0_, salesshipm0_.slinop as slinop109_38_0_, salesshipm0_.slcrct as slcrct110_38_0_, salesshipm0_.slitc03 as slitc111_38_0_, salesshipm0_.slucf as slucf112_38_0_, salesshipm0_.sluncost as slunco113_38_0_, salesshipm0_.sludc as sludc114_38_0_, salesshipm0_.sludf as sludf115_38_0_, salesshipm0_.sluom as sluom116_38_0_, salesshipm0_.slunprice as slunpr117_38_0_, salesshipm0_.slinvdt as slinvd118_38_0_, salesshipm0_.slinvno as slinvn119_38_0_ from t4212 salesshipm0_ where salesshipm0_.slcoid=? and salesshipm0_.sldocno=? and salesshipm0_.sldocty=? and salesshipm0_.sldocsq=?
Hibernate: select salesshipm0_.slcoid as slcoid1_38_, salesshipm0_.sldocno as sldocno2_38_, salesshipm0_.sldocty as sldocty3_38_, salesshipm0_.sldocsq as sldocsq4_38_, salesshipm0_.slcid as slcid5_38_, salesshipm0_.sldtin as sldtin6_38_, salesshipm0_.sltmin as sltmin7_38_, salesshipm0_.sluid as sluid8_38_, salesshipm0_.sldtlu as sldtlu9_38_, salesshipm0_.sltmlu as sltmlu10_38_, salesshipm0_.sluidm as sluidm11_38_, salesshipm0_.slacid as slacid12_38_, salesshipm0_.slata as slata13_38_, salesshipm0_.slatd as slatd14_38_, salesshipm0_.slcrcb as slcrcb15_38_, salesshipm0_.slicu as slicu16_38_, salesshipm0_.slicut as slicut17_38_, salesshipm0_.slitc02 as slitc18_38_, salesshipm0_.slbuid as slbuid19_38_, salesshipm0_.slitc01 as slitc20_38_, salesshipm0_.slcnid as slcnid21_38_, salesshipm0_.slcsid as slcsid22_38_, salesshipm0_.slcsdocdt as slcsdoc23_38_, salesshipm0_.slcsdocno as slcsdoc24_38_, salesshipm0_.sldod as sldod25_38_, salesshipm0_.sldol as sldol26_38_, salesshipm0_.sldou as sldou27_38_, salesshipm0_.sldldt as sldldt28_38_, salesshipm0_.sldesc1 as sldesc29_38_, salesshipm0_.sldesc2 as sldesc30_38_, salesshipm0_.sldccd as sldccd31_38_, salesshipm0_.sldcrt as sldcrt32_38_, salesshipm0_.sldocdt as sldocdt33_38_, salesshipm0_.sleta as sleta34_38_, salesshipm0_.sletd as sletd35_38_, salesshipm0_.slexcrt as slexcrt36_38_, salesshipm0_.slexid as slexid37_38_, salesshipm0_.slead as slead38_38_, salesshipm0_.slean as slean39_38_, salesshipm0_.sledd as sledd40_38_, salesshipm0_.sledn as sledn41_38_, salesshipm0_.slexcost as slexcos42_38_, salesshipm0_.slexprice as slexpri43_38_, salesshipm0_.slfep as slfep44_38_, salesshipm0_.slfta as slfta45_38_, salesshipm0_.slftb as slftb46_38_, salesshipm0_.slfup as slfup47_38_, salesshipm0_.slfbd as slfbd48_38_, salesshipm0_.slfbn as slfbn49_38_, salesshipm0_.slglcls as slglcls50_38_, salesshipm0_.slgscrt as slgscrt51_38_, salesshipm0_.slir02 as slir52_38_, salesshipm0_.slir01 as slir53_38_, salesshipm0_.slir03 as slir54_38_, salesshipm0_.slitt as slitt55_38_, salesshipm0_.sldocidt as sldocid56_38_, salesshipm0_.sldocino as sldocin57_38_, salesshipm0_.sldocisq as sldocis58_38_, salesshipm0_.sldocity as sldocit59_38_, salesshipm0_.slinum as slinum60_38_, salesshipm0_.sldesb1 as sldesb61_38_, salesshipm0_.slitc05 as slitc62_38_, salesshipm0_.sllst as sllst63_38_, salesshipm0_.sllnty as sllnty64_38_, salesshipm0_.sllocid as sllocid65_38_, salesshipm0_.slnst as slnst66_38_, salesshipm0_.slobid as slobid67_38_, salesshipm0_.sldocono as sldocon68_38_, salesshipm0_.sldocosq as sldocos69_38_, salesshipm0_.sldocoty as sldocot70_38_, salesshipm0_.slordocdt as slordoc71_38_, salesshipm0_.slordocno as slordoc72_38_, salesshipm0_.slordocsq as slordoc73_38_, salesshipm0_.slordocty as slordoc74_38_, salesshipm0_.slprid as slprid75_38_, salesshipm0_.slpyid as slpyid76_38_, salesshipm0_.slptc as slptc77_38_, salesshipm0_.slpoa as slpoa78_38_, salesshipm0_.slpod as slpod79_38_, salesshipm0_.slpqot as slpqot80_38_, salesshipm0_.sluom1 as sluom81_38_, salesshipm0_.slrbuid as slrbuid82_38_, salesshipm0_.slpjid as slpjid83_38_, salesshipm0_.slqty as slqty84_38_, salesshipm0_.slstid as slstid85_38_, salesshipm0_.slrecid as slrecid86_38_, salesshipm0_.slvr04 as slvr87_38_, salesshipm0_.slvr01 as slvr88_38_, salesshipm0_.slvr03 as slvr89_38_, salesshipm0_.slvr05 as slvr90_38_, salesshipm0_.slvr02 as slvr91_38_, salesshipm0_.slso03 as slso92_38_, salesshipm0_.slso01 as slso93_38_, salesshipm0_.slso02 as slso94_38_, salesshipm0_.slslid as slslid95_38_, salesshipm0_.slsqot as slsqot96_38_, salesshipm0_.sluom2 as sluom97_38_, salesshipm0_.slsnlot as slsnlot98_38_, salesshipm0_.slslrc1 as slslrc99_38_, salesshipm0_.slshcn as slshcn100_38_, salesshipm0_.sltaxal as sltaxa101_38_, salesshipm0_.sltaxam as sltaxa102_38_, salesshipm0_.sltaxab as sltaxa103_38_, salesshipm0_.sltaxcd as sltaxc104_38_, salesshipm0_.sltaxidt as sltaxi105_38_, salesshipm0_.sltaxino as sltaxi106_38_, salesshipm0_.sltaxrt as sltaxr107_38_, salesshipm0_.sldnop as sldnop108_38_, salesshipm0_.slinop as slinop109_38_, salesshipm0_.slcrct as slcrct110_38_, salesshipm0_.slitc03 as slitc111_38_, salesshipm0_.slucf as slucf112_38_, salesshipm0_.sluncost as slunco113_38_, salesshipm0_.sludc as sludc114_38_, salesshipm0_.sludf as sludf115_38_, salesshipm0_.sluom as sluom116_38_, salesshipm0_.slunprice as slunpr117_38_, salesshipm0_.slinvdt as slinvd118_38_, salesshipm0_.slinvno as slinvn119_38_ from t4212 salesshipm0_ where salesshipm0_.slcoid=? and salesshipm0_.sldocno=? and salesshipm0_.sldocty=?
Hibernate: select salesdetai0_.sdcoid as sdcoid1_37_0_, salesdetai0_.sddocono as sddocono2_37_0_, salesdetai0_.sddocosq as sddocosq3_37_0_, salesdetai0_.sddocoty as sddocoty4_37_0_, salesdetai0_.sdcid as sdcid5_37_0_, salesdetai0_.sddtin as sddtin6_37_0_, salesdetai0_.sdtmin as sdtmin7_37_0_, salesdetai0_.sduid as sduid8_37_0_, salesdetai0_.sddtlu as sddtlu9_37_0_, salesdetai0_.sdtmlu as sdtmlu10_37_0_, salesdetai0_.sduidm as sduidm11_37_0_, salesdetai0_.sdacid as sdacid12_37_0_, salesdetai0_.sdcrcb as sdcrcb13_37_0_, salesdetai0_.sditc02 as sditc14_37_0_, salesdetai0_.sdbuid as sdbuid15_37_0_, salesdetai0_.sdqtycl as sdqtycl16_37_0_, salesdetai0_.sditc01 as sditc17_37_0_, salesdetai0_.sdcldt as sdcldt18_37_0_, salesdetai0_.sdcnid as sdcnid19_37_0_, salesdetai0_.sdcsid as sdcsid20_37_0_, salesdetai0_.sddldt as sddldt21_37_0_, salesdetai0_.sddccd as sddccd22_37_0_, salesdetai0_.sddcrt as sddcrt23_37_0_, salesdetai0_.sdexcrt as sdexcrt24_37_0_, salesdetai0_.sdexid as sdexid25_37_0_, salesdetai0_.sdexcost as sdexcos26_37_0_, salesdetai0_.sdexprice as sdexpri27_37_0_, salesdetai0_.sdqtyx as sdqtyx28_37_0_, salesdetai0_.sducfx as sducfx29_37_0_, salesdetai0_.sduomx as sduomx30_37_0_, salesdetai0_.sdunpricex as sdunpri31_37_0_, salesdetai0_.sdfep as sdfep32_37_0_, salesdetai0_.sdfta as sdfta33_37_0_, salesdetai0_.sdftb as sdftb34_37_0_, salesdetai0_.sdfup as sdfup35_37_0_, salesdetai0_.sdglcls as sdglcls36_37_0_, salesdetai0_.sdgldt as sdgldt37_37_0_, salesdetai0_.sdgscrt as sdgscrt38_37_0_, salesdetai0_.sdhcod as sdhcod39_37_0_, salesdetai0_.sdir02 as sdir40_37_0_, salesdetai0_.sdir01 as sdir41_37_0_, salesdetai0_.sdir03 as sdir42_37_0_, salesdetai0_.sdinum as sdinum43_37_0_, salesdetai0_.sddesb1 as sddesb44_37_0_, salesdetai0_.sditc05 as sditc45_37_0_, salesdetai0_.sdlst as sdlst46_37_0_, salesdetai0_.sdlnty as sdlnty47_37_0_, salesdetai0_.sdlocid as sdlocid48_37_0_, salesdetai0_.sdnst as sdnst49_37_0_, salesdetai0_.sdobid as sdobid50_37_0_, salesdetai0_.sdqtyop as sdqtyop51_37_0_, salesdetai0_.sdordt as sdordt52_37_0_, salesdetai0_.sdott as sdott53_37_0_, salesdetai0_.sdordocdt as sdordoc54_37_0_, salesdetai0_.sdordocno as sdordoc55_37_0_, salesdetai0_.sdordocsq as sdordoc56_37_0_, salesdetai0_.sdordocty as sdordoc57_37_0_, salesdetai0_.sdprid as sdprid58_37_0_, salesdetai0_.sdpyid as sdpyid59_37_0_, salesdetai0_.sdptc as sdptc60_37_0_, salesdetai0_.sdpqor as sdpqor61_37_0_, salesdetai0_.sduom1 as sduom62_37_0_, salesdetai0_.sdrbuid as sdrbuid63_37_0_, salesdetai0_.sdpjid as sdpjid64_37_0_, salesdetai0_.sdpddt as sdpddt65_37_0_, salesdetai0_.sdqty as sdqty66_37_0_, salesdetai0_.sdstid as sdstid67_37_0_, salesdetai0_.sdvr04 as sdvr68_37_0_, salesdetai0_.sdvr01 as sdvr69_37_0_, salesdetai0_.sdvr03 as sdvr70_37_0_, salesdetai0_.sdvr05 as sdvr71_37_0_, salesdetai0_.sdvr02 as sdvr72_37_0_, salesdetai0_.sdrldocno as sdrldoc73_37_0_, salesdetai0_.sdrldocsq as sdrldoc74_37_0_, salesdetai0_.sdrldocty as sdrldoc75_37_0_, salesdetai0_.sdrqdt as sdrqdt76_37_0_, salesdetai0_.sdqtyrn as sdqtyrn77_37_0_, salesdetai0_.sdso03 as sdso78_37_0_, salesdetai0_.sdso01 as sdso79_37_0_, salesdetai0_.sdso02 as sdso80_37_0_, salesdetai0_.sdslid as sdslid81_37_0_, salesdetai0_.sdsqor as sdsqor82_37_0_, salesdetai0_.sduom2 as sduom83_37_0_, salesdetai0_.sdsnlot as sdsnlot84_37_0_, salesdetai0_.sdslrc1 as sdslrc85_37_0_, salesdetai0_.sdqtysh as sdqtysh86_37_0_, salesdetai0_.sdtaxal as sdtaxal87_37_0_, salesdetai0_.sdtaxam as sdtaxam88_37_0_, salesdetai0_.sdtaxab as sdtaxab89_37_0_, salesdetai0_.sdtaxcd as sdtaxcd90_37_0_, salesdetai0_.sdtaxrt as sdtaxrt91_37_0_, salesdetai0_.sdcrct as sdcrct92_37_0_, salesdetai0_.sditc03 as sditc93_37_0_, salesdetai0_.sducf as sducf94_37_0_, salesdetai0_.sduncost as sduncos95_37_0_, salesdetai0_.sdudc as sdudc96_37_0_, salesdetai0_.sdudf as sdudf97_37_0_, salesdetai0_.sduom as sduom98_37_0_, salesdetai0_.sdunprice as sdunpri99_37_0_, salesdetai0_.sdurnb1 as sdurnb100_37_0_, salesdetai0_.sdurnb2 as sdurnb101_37_0_, salesdetai0_.sdvhrn as sdvhrn102_37_0_, salesdetai0_.sdvhty as sdvhty103_37_0_, salesdetai0_.sdqtyvl as sdqtyv104_37_0_, salesdetai0_.sduomv as sduomv105_37_0_, salesdetai0_.sdqtywt as sdqtyw106_37_0_, salesdetai0_.sduomw as sduomw107_37_0_, salesorder1_.shcoid as shcoid1_36_1_, salesorder1_.shdocono as shdocono2_36_1_, salesorder1_.shdocoty as shdocoty3_36_1_, salesorder1_.shcid as shcid4_36_1_, salesorder1_.shdtin as shdtin5_36_1_, salesorder1_.shtmin as shtmin6_36_1_, salesorder1_.shuid as shuid7_36_1_, salesorder1_.shdtlu as shdtlu8_36_1_, salesorder1_.shtmlu as shtmlu9_36_1_, salesorder1_.shuidm as shuidm10_36_1_, salesorder1_.shata as shata11_36_1_, salesorder1_.shatd as shatd12_36_1_, salesorder1_.shcrcb as shcrcb13_36_1_, salesorder1_.shbuid as shbuid14_36_1_, salesorder1_.shcldt as shcldt15_36_1_, salesorder1_.shcot as shcot16_36_1_, salesorder1_.shcsid as shcsid17_36_1_, salesorder1_.shcsdocdt as shcsdoc18_36_1_, salesorder1_.shcsdocno as shcsdoc19_36_1_, salesorder1_.shdod as shdod20_36_1_, salesorder1_.shdol as shdol21_36_1_, salesorder1_.shdou as shdou22_36_1_, salesorder1_.shdldt as shdldt23_36_1_, salesorder1_.shdesb1 as shdesb24_36_1_, salesorder1_.shdccd as shdccd25_36_1_, salesorder1_.shdcrt as shdcrt26_36_1_, salesorder1_.sheta as sheta27_36_1_, salesorder1_.shetd as shetd28_36_1_, salesorder1_.shexcrt as shexcrt29_36_1_, salesorder1_.shexid as shexid30_36_1_, salesorder1_.shead as shead31_36_1_, salesorder1_.shean as shean32_36_1_, salesorder1_.shedd as shedd33_36_1_, salesorder1_.shedn as shedn34_36_1_, salesorder1_.shfbd as shfbd35_36_1_, salesorder1_.shfbn as shfbn36_36_1_, salesorder1_.shfhc as shfhc37_36_1_, salesorder1_.shgldt as shgldt38_36_1_, salesorder1_.shgscrt as shgscrt39_36_1_, salesorder1_.shhcod as shhcod40_36_1_, salesorder1_.shlst as shlst41_36_1_, salesorder1_.shnst as shnst42_36_1_, salesorder1_.shobid as shobid43_36_1_, salesorder1_.shordt as shordt44_36_1_, salesorder1_.shordocdt as shordoc45_36_1_, salesorder1_.shordocno as shordoc46_36_1_, salesorder1_.shprid as shprid47_36_1_, salesorder1_.shpyid as shpyid48_36_1_, salesorder1_.shptc as shptc49_36_1_, salesorder1_.shpoa as shpoa50_36_1_, salesorder1_.shpod as shpod51_36_1_, salesorder1_.shrbuid as shrbuid52_36_1_, salesorder1_.shpjid as shpjid53_36_1_, salesorder1_.shpddt as shpddt54_36_1_, salesorder1_.shstid as shstid55_36_1_, salesorder1_.shrqdt as shrqdt56_36_1_, salesorder1_.shslid as shslid57_36_1_, salesorder1_.shshcn as shshcn58_36_1_, salesorder1_.shshmt as shshmt59_36_1_, salesorder1_.shtagid as shtagid60_36_1_, salesorder1_.shtaxal as shtaxal61_36_1_, salesorder1_.shtaxcd as shtaxcd62_36_1_, salesorder1_.shtaxrt as shtaxrt63_36_1_, salesorder1_.shcrct as shcrct64_36_1_, salesorder1_.shurdt1 as shurdt65_36_1_, salesorder1_.shurdt2 as shurdt66_36_1_ from t4211 salesdetai0_ inner join t4201 salesorder1_ on salesdetai0_.sdcoid=salesorder1_.shcoid and salesdetai0_.sddocono=salesorder1_.shdocono and salesdetai0_.sddocoty=salesorder1_.shdocoty where salesdetai0_.sdcoid=? and salesdetai0_.sddocono=? and salesdetai0_.sddocosq=? and salesdetai0_.sddocoty=?
Hibernate: select serialnumb0_.coid as coid1_43_0_, serialnumb0_.docno as docno2_43_0_, serialnumb0_.docty as docty3_43_0_, serialnumb0_.docsq as docsq4_43_0_, serialnumb0_.buid as buid5_43_0_, serialnumb0_.inum as inum6_43_0_, serialnumb0_.snlot as snlot7_43_0_, lotmaster1_.ltbuid as ltbuid1_34_1_, lotmaster1_.ltinum as ltinum2_34_1_, lotmaster1_.ltsnlot as ltsnlot3_34_1_, lotmaster1_.ltcid as ltcid4_34_1_, lotmaster1_.ltdtin as ltdtin5_34_1_, lotmaster1_.lttmin as lttmin6_34_1_, lotmaster1_.ltuid as ltuid7_34_1_, lotmaster1_.ltdtlu as ltdtlu8_34_1_, lotmaster1_.lttmlu as lttmlu9_34_1_, lotmaster1_.ltuidm as ltuidm10_34_1_, lotmaster1_.ltbodt as ltbodt11_34_1_, lotmaster1_.ltbbdt as ltbbdt12_34_1_, lotmaster1_.ltcldt as ltcldt13_34_1_, lotmaster1_.ltexpdt as ltexpdt14_34_1_, lotmaster1_.ltldsc as ltldsc15_34_1_, lotmaster1_.ltledt as ltledt16_34_1_, lotmaster1_.ltlsc as ltlsc17_34_1_, lotmaster1_.ltmlot1 as ltmlot18_34_1_, lotmaster1_.ltmlot2 as ltmlot19_34_1_, lotmaster1_.ltmlot3 as ltmlot20_34_1_, lotmaster1_.ltohdt as ltohdt21_34_1_, lotmaster1_.ltsern as ltsern22_34_1_ from transaction_serialnumbers serialnumb0_ inner join t4108 lotmaster1_ on serialnumb0_.buid=lotmaster1_.ltbuid and serialnumb0_.inum=lotmaster1_.ltinum and serialnumb0_.snlot=lotmaster1_.ltsnlot where serialnumb0_.coid=? and serialnumb0_.docno=? and serialnumb0_.docty=? and serialnumb0_.docsq=?
Hibernate: select salesdetai0_.sdcoid as sdcoid1_37_0_, salesdetai0_.sddocono as sddocono2_37_0_, salesdetai0_.sddocosq as sddocosq3_37_0_, salesdetai0_.sddocoty as sddocoty4_37_0_, salesdetai0_.sdcid as sdcid5_37_0_, salesdetai0_.sddtin as sddtin6_37_0_, salesdetai0_.sdtmin as sdtmin7_37_0_, salesdetai0_.sduid as sduid8_37_0_, salesdetai0_.sddtlu as sddtlu9_37_0_, salesdetai0_.sdtmlu as sdtmlu10_37_0_, salesdetai0_.sduidm as sduidm11_37_0_, salesdetai0_.sdacid as sdacid12_37_0_, salesdetai0_.sdcrcb as sdcrcb13_37_0_, salesdetai0_.sditc02 as sditc14_37_0_, salesdetai0_.sdbuid as sdbuid15_37_0_, salesdetai0_.sdqtycl as sdqtycl16_37_0_, salesdetai0_.sditc01 as sditc17_37_0_, salesdetai0_.sdcldt as sdcldt18_37_0_, salesdetai0_.sdcnid as sdcnid19_37_0_, salesdetai0_.sdcsid as sdcsid20_37_0_, salesdetai0_.sddldt as sddldt21_37_0_, salesdetai0_.sddccd as sddccd22_37_0_, salesdetai0_.sddcrt as sddcrt23_37_0_, salesdetai0_.sdexcrt as sdexcrt24_37_0_, salesdetai0_.sdexid as sdexid25_37_0_, salesdetai0_.sdexcost as sdexcos26_37_0_, salesdetai0_.sdexprice as sdexpri27_37_0_, salesdetai0_.sdqtyx as sdqtyx28_37_0_, salesdetai0_.sducfx as sducfx29_37_0_, salesdetai0_.sduomx as sduomx30_37_0_, salesdetai0_.sdunpricex as sdunpri31_37_0_, salesdetai0_.sdfep as sdfep32_37_0_, salesdetai0_.sdfta as sdfta33_37_0_, salesdetai0_.sdftb as sdftb34_37_0_, salesdetai0_.sdfup as sdfup35_37_0_, salesdetai0_.sdglcls as sdglcls36_37_0_, salesdetai0_.sdgldt as sdgldt37_37_0_, salesdetai0_.sdgscrt as sdgscrt38_37_0_, salesdetai0_.sdhcod as sdhcod39_37_0_, salesdetai0_.sdir02 as sdir40_37_0_, salesdetai0_.sdir01 as sdir41_37_0_, salesdetai0_.sdir03 as sdir42_37_0_, salesdetai0_.sdinum as sdinum43_37_0_, salesdetai0_.sddesb1 as sddesb44_37_0_, salesdetai0_.sditc05 as sditc45_37_0_, salesdetai0_.sdlst as sdlst46_37_0_, salesdetai0_.sdlnty as sdlnty47_37_0_, salesdetai0_.sdlocid as sdlocid48_37_0_, salesdetai0_.sdnst as sdnst49_37_0_, salesdetai0_.sdobid as sdobid50_37_0_, salesdetai0_.sdqtyop as sdqtyop51_37_0_, salesdetai0_.sdordt as sdordt52_37_0_, salesdetai0_.sdott as sdott53_37_0_, salesdetai0_.sdordocdt as sdordoc54_37_0_, salesdetai0_.sdordocno as sdordoc55_37_0_, salesdetai0_.sdordocsq as sdordoc56_37_0_, salesdetai0_.sdordocty as sdordoc57_37_0_, salesdetai0_.sdprid as sdprid58_37_0_, salesdetai0_.sdpyid as sdpyid59_37_0_, salesdetai0_.sdptc as sdptc60_37_0_, salesdetai0_.sdpqor as sdpqor61_37_0_, salesdetai0_.sduom1 as sduom62_37_0_, salesdetai0_.sdrbuid as sdrbuid63_37_0_, salesdetai0_.sdpjid as sdpjid64_37_0_, salesdetai0_.sdpddt as sdpddt65_37_0_, salesdetai0_.sdqty as sdqty66_37_0_, salesdetai0_.sdstid as sdstid67_37_0_, salesdetai0_.sdvr04 as sdvr68_37_0_, salesdetai0_.sdvr01 as sdvr69_37_0_, salesdetai0_.sdvr03 as sdvr70_37_0_, salesdetai0_.sdvr05 as sdvr71_37_0_, salesdetai0_.sdvr02 as sdvr72_37_0_, salesdetai0_.sdrldocno as sdrldoc73_37_0_, salesdetai0_.sdrldocsq as sdrldoc74_37_0_, salesdetai0_.sdrldocty as sdrldoc75_37_0_, salesdetai0_.sdrqdt as sdrqdt76_37_0_, salesdetai0_.sdqtyrn as sdqtyrn77_37_0_, salesdetai0_.sdso03 as sdso78_37_0_, salesdetai0_.sdso01 as sdso79_37_0_, salesdetai0_.sdso02 as sdso80_37_0_, salesdetai0_.sdslid as sdslid81_37_0_, salesdetai0_.sdsqor as sdsqor82_37_0_, salesdetai0_.sduom2 as sduom83_37_0_, salesdetai0_.sdsnlot as sdsnlot84_37_0_, salesdetai0_.sdslrc1 as sdslrc85_37_0_, salesdetai0_.sdqtysh as sdqtysh86_37_0_, salesdetai0_.sdtaxal as sdtaxal87_37_0_, salesdetai0_.sdtaxam as sdtaxam88_37_0_, salesdetai0_.sdtaxab as sdtaxab89_37_0_, salesdetai0_.sdtaxcd as sdtaxcd90_37_0_, salesdetai0_.sdtaxrt as sdtaxrt91_37_0_, salesdetai0_.sdcrct as sdcrct92_37_0_, salesdetai0_.sditc03 as sditc93_37_0_, salesdetai0_.sducf as sducf94_37_0_, salesdetai0_.sduncost as sduncos95_37_0_, salesdetai0_.sdudc as sdudc96_37_0_, salesdetai0_.sdudf as sdudf97_37_0_, salesdetai0_.sduom as sduom98_37_0_, salesdetai0_.sdunprice as sdunpri99_37_0_, salesdetai0_.sdurnb1 as sdurnb100_37_0_, salesdetai0_.sdurnb2 as sdurnb101_37_0_, salesdetai0_.sdvhrn as sdvhrn102_37_0_, salesdetai0_.sdvhty as sdvhty103_37_0_, salesdetai0_.sdqtyvl as sdqtyv104_37_0_, salesdetai0_.sduomv as sduomv105_37_0_, salesdetai0_.sdqtywt as sdqtyw106_37_0_, salesdetai0_.sduomw as sduomw107_37_0_, salesorder1_.shcoid as shcoid1_36_1_, salesorder1_.shdocono as shdocono2_36_1_, salesorder1_.shdocoty as shdocoty3_36_1_, salesorder1_.shcid as shcid4_36_1_, salesorder1_.shdtin as shdtin5_36_1_, salesorder1_.shtmin as shtmin6_36_1_, salesorder1_.shuid as shuid7_36_1_, salesorder1_.shdtlu as shdtlu8_36_1_, salesorder1_.shtmlu as shtmlu9_36_1_, salesorder1_.shuidm as shuidm10_36_1_, salesorder1_.shata as shata11_36_1_, salesorder1_.shatd as shatd12_36_1_, salesorder1_.shcrcb as shcrcb13_36_1_, salesorder1_.shbuid as shbuid14_36_1_, salesorder1_.shcldt as shcldt15_36_1_, salesorder1_.shcot as shcot16_36_1_, salesorder1_.shcsid as shcsid17_36_1_, salesorder1_.shcsdocdt as shcsdoc18_36_1_, salesorder1_.shcsdocno as shcsdoc19_36_1_, salesorder1_.shdod as shdod20_36_1_, salesorder1_.shdol as shdol21_36_1_, salesorder1_.shdou as shdou22_36_1_, salesorder1_.shdldt as shdldt23_36_1_, salesorder1_.shdesb1 as shdesb24_36_1_, salesorder1_.shdccd as shdccd25_36_1_, salesorder1_.shdcrt as shdcrt26_36_1_, salesorder1_.sheta as sheta27_36_1_, salesorder1_.shetd as shetd28_36_1_, salesorder1_.shexcrt as shexcrt29_36_1_, salesorder1_.shexid as shexid30_36_1_, salesorder1_.shead as shead31_36_1_, salesorder1_.shean as shean32_36_1_, salesorder1_.shedd as shedd33_36_1_, salesorder1_.shedn as shedn34_36_1_, salesorder1_.shfbd as shfbd35_36_1_, salesorder1_.shfbn as shfbn36_36_1_, salesorder1_.shfhc as shfhc37_36_1_, salesorder1_.shgldt as shgldt38_36_1_, salesorder1_.shgscrt as shgscrt39_36_1_, salesorder1_.shhcod as shhcod40_36_1_, salesorder1_.shlst as shlst41_36_1_, salesorder1_.shnst as shnst42_36_1_, salesorder1_.shobid as shobid43_36_1_, salesorder1_.shordt as shordt44_36_1_, salesorder1_.shordocdt as shordoc45_36_1_, salesorder1_.shordocno as shordoc46_36_1_, salesorder1_.shprid as shprid47_36_1_, salesorder1_.shpyid as shpyid48_36_1_, salesorder1_.shptc as shptc49_36_1_, salesorder1_.shpoa as shpoa50_36_1_, salesorder1_.shpod as shpod51_36_1_, salesorder1_.shrbuid as shrbuid52_36_1_, salesorder1_.shpjid as shpjid53_36_1_, salesorder1_.shpddt as shpddt54_36_1_, salesorder1_.shstid as shstid55_36_1_, salesorder1_.shrqdt as shrqdt56_36_1_, salesorder1_.shslid as shslid57_36_1_, salesorder1_.shshcn as shshcn58_36_1_, salesorder1_.shshmt as shshmt59_36_1_, salesorder1_.shtagid as shtagid60_36_1_, salesorder1_.shtaxal as shtaxal61_36_1_, salesorder1_.shtaxcd as shtaxcd62_36_1_, salesorder1_.shtaxrt as shtaxrt63_36_1_, salesorder1_.shcrct as shcrct64_36_1_, salesorder1_.shurdt1 as shurdt65_36_1_, salesorder1_.shurdt2 as shurdt66_36_1_ from t4211 salesdetai0_ inner join t4201 salesorder1_ on salesdetai0_.sdcoid=salesorder1_.shcoid and salesdetai0_.sddocono=salesorder1_.shdocono and salesdetai0_.sddocoty=salesorder1_.shdocoty where salesdetai0_.sdcoid=? and salesdetai0_.sddocono=? and salesdetai0_.sddocosq=? and salesdetai0_.sddocoty=?
Hibernate: select serialnumb0_.coid as coid1_43_0_, serialnumb0_.docno as docno2_43_0_, serialnumb0_.docty as docty3_43_0_, serialnumb0_.docsq as docsq4_43_0_, serialnumb0_.buid as buid5_43_0_, serialnumb0_.inum as inum6_43_0_, serialnumb0_.snlot as snlot7_43_0_, lotmaster1_.ltbuid as ltbuid1_34_1_, lotmaster1_.ltinum as ltinum2_34_1_, lotmaster1_.ltsnlot as ltsnlot3_34_1_, lotmaster1_.ltcid as ltcid4_34_1_, lotmaster1_.ltdtin as ltdtin5_34_1_, lotmaster1_.lttmin as lttmin6_34_1_, lotmaster1_.ltuid as ltuid7_34_1_, lotmaster1_.ltdtlu as ltdtlu8_34_1_, lotmaster1_.lttmlu as lttmlu9_34_1_, lotmaster1_.ltuidm as ltuidm10_34_1_, lotmaster1_.ltbodt as ltbodt11_34_1_, lotmaster1_.ltbbdt as ltbbdt12_34_1_, lotmaster1_.ltcldt as ltcldt13_34_1_, lotmaster1_.ltexpdt as ltexpdt14_34_1_, lotmaster1_.ltldsc as ltldsc15_34_1_, lotmaster1_.ltledt as ltledt16_34_1_, lotmaster1_.ltlsc as ltlsc17_34_1_, lotmaster1_.ltmlot1 as ltmlot18_34_1_, lotmaster1_.ltmlot2 as ltmlot19_34_1_, lotmaster1_.ltmlot3 as ltmlot20_34_1_, lotmaster1_.ltohdt as ltohdt21_34_1_, lotmaster1_.ltsern as ltsern22_34_1_ from transaction_serialnumbers serialnumb0_ inner join t4108 lotmaster1_ on serialnumb0_.buid=lotmaster1_.ltbuid and serialnumb0_.inum=lotmaster1_.ltinum and serialnumb0_.snlot=lotmaster1_.ltsnlot where serialnumb0_.coid=? and serialnumb0_.docno=? and serialnumb0_.docty=? and serialnumb0_.docsq=?
Hibernate: select salesdetai0_.sdcoid as sdcoid1_37_0_, salesdetai0_.sddocono as sddocono2_37_0_, salesdetai0_.sddocosq as sddocosq3_37_0_, salesdetai0_.sddocoty as sddocoty4_37_0_, salesdetai0_.sdcid as sdcid5_37_0_, salesdetai0_.sddtin as sddtin6_37_0_, salesdetai0_.sdtmin as sdtmin7_37_0_, salesdetai0_.sduid as sduid8_37_0_, salesdetai0_.sddtlu as sddtlu9_37_0_, salesdetai0_.sdtmlu as sdtmlu10_37_0_, salesdetai0_.sduidm as sduidm11_37_0_, salesdetai0_.sdacid as sdacid12_37_0_, salesdetai0_.sdcrcb as sdcrcb13_37_0_, salesdetai0_.sditc02 as sditc14_37_0_, salesdetai0_.sdbuid as sdbuid15_37_0_, salesdetai0_.sdqtycl as sdqtycl16_37_0_, salesdetai0_.sditc01 as sditc17_37_0_, salesdetai0_.sdcldt as sdcldt18_37_0_, salesdetai0_.sdcnid as sdcnid19_37_0_, salesdetai0_.sdcsid as sdcsid20_37_0_, salesdetai0_.sddldt as sddldt21_37_0_, salesdetai0_.sddccd as sddccd22_37_0_, salesdetai0_.sddcrt as sddcrt23_37_0_, salesdetai0_.sdexcrt as sdexcrt24_37_0_, salesdetai0_.sdexid as sdexid25_37_0_, salesdetai0_.sdexcost as sdexcos26_37_0_, salesdetai0_.sdexprice as sdexpri27_37_0_, salesdetai0_.sdqtyx as sdqtyx28_37_0_, salesdetai0_.sducfx as sducfx29_37_0_, salesdetai0_.sduomx as sduomx30_37_0_, salesdetai0_.sdunpricex as sdunpri31_37_0_, salesdetai0_.sdfep as sdfep32_37_0_, salesdetai0_.sdfta as sdfta33_37_0_, salesdetai0_.sdftb as sdftb34_37_0_, salesdetai0_.sdfup as sdfup35_37_0_, salesdetai0_.sdglcls as sdglcls36_37_0_, salesdetai0_.sdgldt as sdgldt37_37_0_, salesdetai0_.sdgscrt as sdgscrt38_37_0_, salesdetai0_.sdhcod as sdhcod39_37_0_, salesdetai0_.sdir02 as sdir40_37_0_, salesdetai0_.sdir01 as sdir41_37_0_, salesdetai0_.sdir03 as sdir42_37_0_, salesdetai0_.sdinum as sdinum43_37_0_, salesdetai0_.sddesb1 as sddesb44_37_0_, salesdetai0_.sditc05 as sditc45_37_0_, salesdetai0_.sdlst as sdlst46_37_0_, salesdetai0_.sdlnty as sdlnty47_37_0_, salesdetai0_.sdlocid as sdlocid48_37_0_, salesdetai0_.sdnst as sdnst49_37_0_, salesdetai0_.sdobid as sdobid50_37_0_, salesdetai0_.sdqtyop as sdqtyop51_37_0_, salesdetai0_.sdordt as sdordt52_37_0_, salesdetai0_.sdott as sdott53_37_0_, salesdetai0_.sdordocdt as sdordoc54_37_0_, salesdetai0_.sdordocno as sdordoc55_37_0_, salesdetai0_.sdordocsq as sdordoc56_37_0_, salesdetai0_.sdordocty as sdordoc57_37_0_, salesdetai0_.sdprid as sdprid58_37_0_, salesdetai0_.sdpyid as sdpyid59_37_0_, salesdetai0_.sdptc as sdptc60_37_0_, salesdetai0_.sdpqor as sdpqor61_37_0_, salesdetai0_.sduom1 as sduom62_37_0_, salesdetai0_.sdrbuid as sdrbuid63_37_0_, salesdetai0_.sdpjid as sdpjid64_37_0_, salesdetai0_.sdpddt as sdpddt65_37_0_, salesdetai0_.sdqty as sdqty66_37_0_, salesdetai0_.sdstid as sdstid67_37_0_, salesdetai0_.sdvr04 as sdvr68_37_0_, salesdetai0_.sdvr01 as sdvr69_37_0_, salesdetai0_.sdvr03 as sdvr70_37_0_, salesdetai0_.sdvr05 as sdvr71_37_0_, salesdetai0_.sdvr02 as sdvr72_37_0_, salesdetai0_.sdrldocno as sdrldoc73_37_0_, salesdetai0_.sdrldocsq as sdrldoc74_37_0_, salesdetai0_.sdrldocty as sdrldoc75_37_0_, salesdetai0_.sdrqdt as sdrqdt76_37_0_, salesdetai0_.sdqtyrn as sdqtyrn77_37_0_, salesdetai0_.sdso03 as sdso78_37_0_, salesdetai0_.sdso01 as sdso79_37_0_, salesdetai0_.sdso02 as sdso80_37_0_, salesdetai0_.sdslid as sdslid81_37_0_, salesdetai0_.sdsqor as sdsqor82_37_0_, salesdetai0_.sduom2 as sduom83_37_0_, salesdetai0_.sdsnlot as sdsnlot84_37_0_, salesdetai0_.sdslrc1 as sdslrc85_37_0_, salesdetai0_.sdqtysh as sdqtysh86_37_0_, salesdetai0_.sdtaxal as sdtaxal87_37_0_, salesdetai0_.sdtaxam as sdtaxam88_37_0_, salesdetai0_.sdtaxab as sdtaxab89_37_0_, salesdetai0_.sdtaxcd as sdtaxcd90_37_0_, salesdetai0_.sdtaxrt as sdtaxrt91_37_0_, salesdetai0_.sdcrct as sdcrct92_37_0_, salesdetai0_.sditc03 as sditc93_37_0_, salesdetai0_.sducf as sducf94_37_0_, salesdetai0_.sduncost as sduncos95_37_0_, salesdetai0_.sdudc as sdudc96_37_0_, salesdetai0_.sdudf as sdudf97_37_0_, salesdetai0_.sduom as sduom98_37_0_, salesdetai0_.sdunprice as sdunpri99_37_0_, salesdetai0_.sdurnb1 as sdurnb100_37_0_, salesdetai0_.sdurnb2 as sdurnb101_37_0_, salesdetai0_.sdvhrn as sdvhrn102_37_0_, salesdetai0_.sdvhty as sdvhty103_37_0_, salesdetai0_.sdqtyvl as sdqtyv104_37_0_, salesdetai0_.sduomv as sduomv105_37_0_, salesdetai0_.sdqtywt as sdqtyw106_37_0_, salesdetai0_.sduomw as sduomw107_37_0_, salesorder1_.shcoid as shcoid1_36_1_, salesorder1_.shdocono as shdocono2_36_1_, salesorder1_.shdocoty as shdocoty3_36_1_, salesorder1_.shcid as shcid4_36_1_, salesorder1_.shdtin as shdtin5_36_1_, salesorder1_.shtmin as shtmin6_36_1_, salesorder1_.shuid as shuid7_36_1_, salesorder1_.shdtlu as shdtlu8_36_1_, salesorder1_.shtmlu as shtmlu9_36_1_, salesorder1_.shuidm as shuidm10_36_1_, salesorder1_.shata as shata11_36_1_, salesorder1_.shatd as shatd12_36_1_, salesorder1_.shcrcb as shcrcb13_36_1_, salesorder1_.shbuid as shbuid14_36_1_, salesorder1_.shcldt as shcldt15_36_1_, salesorder1_.shcot as shcot16_36_1_, salesorder1_.shcsid as shcsid17_36_1_, salesorder1_.shcsdocdt as shcsdoc18_36_1_, salesorder1_.shcsdocno as shcsdoc19_36_1_, salesorder1_.shdod as shdod20_36_1_, salesorder1_.shdol as shdol21_36_1_, salesorder1_.shdou as shdou22_36_1_, salesorder1_.shdldt as shdldt23_36_1_, salesorder1_.shdesb1 as shdesb24_36_1_, salesorder1_.shdccd as shdccd25_36_1_, salesorder1_.shdcrt as shdcrt26_36_1_, salesorder1_.sheta as sheta27_36_1_, salesorder1_.shetd as shetd28_36_1_, salesorder1_.shexcrt as shexcrt29_36_1_, salesorder1_.shexid as shexid30_36_1_, salesorder1_.shead as shead31_36_1_, salesorder1_.shean as shean32_36_1_, salesorder1_.shedd as shedd33_36_1_, salesorder1_.shedn as shedn34_36_1_, salesorder1_.shfbd as shfbd35_36_1_, salesorder1_.shfbn as shfbn36_36_1_, salesorder1_.shfhc as shfhc37_36_1_, salesorder1_.shgldt as shgldt38_36_1_, salesorder1_.shgscrt as shgscrt39_36_1_, salesorder1_.shhcod as shhcod40_36_1_, salesorder1_.shlst as shlst41_36_1_, salesorder1_.shnst as shnst42_36_1_, salesorder1_.shobid as shobid43_36_1_, salesorder1_.shordt as shordt44_36_1_, salesorder1_.shordocdt as shordoc45_36_1_, salesorder1_.shordocno as shordoc46_36_1_, salesorder1_.shprid as shprid47_36_1_, salesorder1_.shpyid as shpyid48_36_1_, salesorder1_.shptc as shptc49_36_1_, salesorder1_.shpoa as shpoa50_36_1_, salesorder1_.shpod as shpod51_36_1_, salesorder1_.shrbuid as shrbuid52_36_1_, salesorder1_.shpjid as shpjid53_36_1_, salesorder1_.shpddt as shpddt54_36_1_, salesorder1_.shstid as shstid55_36_1_, salesorder1_.shrqdt as shrqdt56_36_1_, salesorder1_.shslid as shslid57_36_1_, salesorder1_.shshcn as shshcn58_36_1_, salesorder1_.shshmt as shshmt59_36_1_, salesorder1_.shtagid as shtagid60_36_1_, salesorder1_.shtaxal as shtaxal61_36_1_, salesorder1_.shtaxcd as shtaxcd62_36_1_, salesorder1_.shtaxrt as shtaxrt63_36_1_, salesorder1_.shcrct as shcrct64_36_1_, salesorder1_.shurdt1 as shurdt65_36_1_, salesorder1_.shurdt2 as shurdt66_36_1_ from t4211 salesdetai0_ inner join t4201 salesorder1_ on salesdetai0_.sdcoid=salesorder1_.shcoid and salesdetai0_.sddocono=salesorder1_.shdocono and salesdetai0_.sddocoty=salesorder1_.shdocoty where salesdetai0_.sdcoid=? and salesdetai0_.sddocono=? and salesdetai0_.sddocosq=? and salesdetai0_.sddocoty=?
Hibernate: select serialnumb0_.coid as coid1_43_0_, serialnumb0_.docno as docno2_43_0_, serialnumb0_.docty as docty3_43_0_, serialnumb0_.docsq as docsq4_43_0_, serialnumb0_.buid as buid5_43_0_, serialnumb0_.inum as inum6_43_0_, serialnumb0_.snlot as snlot7_43_0_, lotmaster1_.ltbuid as ltbuid1_34_1_, lotmaster1_.ltinum as ltinum2_34_1_, lotmaster1_.ltsnlot as ltsnlot3_34_1_, lotmaster1_.ltcid as ltcid4_34_1_, lotmaster1_.ltdtin as ltdtin5_34_1_, lotmaster1_.lttmin as lttmin6_34_1_, lotmaster1_.ltuid as ltuid7_34_1_, lotmaster1_.ltdtlu as ltdtlu8_34_1_, lotmaster1_.lttmlu as lttmlu9_34_1_, lotmaster1_.ltuidm as ltuidm10_34_1_, lotmaster1_.ltbodt as ltbodt11_34_1_, lotmaster1_.ltbbdt as ltbbdt12_34_1_, lotmaster1_.ltcldt as ltcldt13_34_1_, lotmaster1_.ltexpdt as ltexpdt14_34_1_, lotmaster1_.ltldsc as ltldsc15_34_1_, lotmaster1_.ltledt as ltledt16_34_1_, lotmaster1_.ltlsc as ltlsc17_34_1_, lotmaster1_.ltmlot1 as ltmlot18_34_1_, lotmaster1_.ltmlot2 as ltmlot19_34_1_, lotmaster1_.ltmlot3 as ltmlot20_34_1_, lotmaster1_.ltohdt as ltohdt21_34_1_, lotmaster1_.ltsern as ltsern22_34_1_ from transaction_serialnumbers serialnumb0_ inner join t4108 lotmaster1_ on serialnumb0_.buid=lotmaster1_.ltbuid and serialnumb0_.inum=lotmaster1_.ltinum and serialnumb0_.snlot=lotmaster1_.ltsnlot where serialnumb0_.coid=? and serialnumb0_.docno=? and serialnumb0_.docty=? and serialnumb0_.docsq=?
2018-12-27 11:25:54.265  INFO 2120 --- [    Test worker] o.s.t.c.transaction.TransactionContext   : Rolled back transaction for test: [DefaultTestContext@37350c9d testClass = SalesShipmentApiTest, testInstance = ags.goldenlionerp.apiTests.sales.SalesShipmentApiTest@26e7c4ca, testMethod = updateTestWithPut@ApiTestBase, testException = [null], mergedContextConfiguration = [WebMergedContextConfiguration@13aa9a2c testClass = SalesShipmentApiTest, locations = '{}', classes = '{class ags.goldenlionerp.GoldenLionErpApplication}', contextInitializerClasses = '[]', activeProfiles = '{}', propertySourceLocations = '{classpath:test.properties}', propertySourceProperties = '{org.springframework.boot.test.context.SpringBootTestContextBootstrapper=true}', contextCustomizers = set[org.springframework.boot.test.autoconfigure.properties.PropertyMappingContextCustomizer@0, org.springframework.boot.test.autoconfigure.web.servlet.WebDriverContextCustomizerFactory$Customizer@636d731e, [ImportsContextCustomizer@2a93360c key = [ags.goldenlionerp.apiTests.ApiTestBase$TestConfig]], org.springframework.boot.test.context.filter.ExcludeFilterContextCustomizer@6afa5291, org.springframework.boot.test.json.DuplicateJsonObjectContextCustomizerFactory$DuplicateJsonObjectContextCustomizer@20cebcb4, org.springframework.boot.test.mock.mockito.MockitoContextCustomizer@0, org.springframework.boot.test.web.client.TestRestTemplateContextCustomizer@49a32273], resourceBasePath = 'src/main/webapp', contextLoader = 'org.springframework.boot.test.context.SpringBootContextLoader', parent = [null]], attributes = map['org.springframework.test.context.web.ServletTestExecutionListener.activateListener' -> true, 'org.springframework.test.context.web.ServletTestExecutionListener.populatedRequestContextHolder' -> true, 'org.springframework.test.context.web.ServletTestExecutionListener.resetRequestContextHolder' -> true]]
2018-12-27 11:25:54.268  INFO 2120 --- [    Test worker] o.s.t.c.transaction.TransactionContext   : Began transaction (1) for test context [DefaultTestContext@37350c9d testClass = SalesShipmentApiTest, testInstance = ags.goldenlionerp.apiTests.sales.SalesShipmentApiTest@5bddee73, testMethod = getTestSingle@ApiTestBase, testException = [null], mergedContextConfiguration = [WebMergedContextConfiguration@13aa9a2c testClass = SalesShipmentApiTest, locations = '{}', classes = '{class ags.goldenlionerp.GoldenLionErpApplication}', contextInitializerClasses = '[]', activeProfiles = '{}', propertySourceLocations = '{classpath:test.properties}', propertySourceProperties = '{org.springframework.boot.test.context.SpringBootTestContextBootstrapper=true}', contextCustomizers = set[org.springframework.boot.test.autoconfigure.properties.PropertyMappingContextCustomizer@0, org.springframework.boot.test.autoconfigure.web.servlet.WebDriverContextCustomizerFactory$Customizer@636d731e, [ImportsContextCustomizer@2a93360c key = [ags.goldenlionerp.apiTests.ApiTestBase$TestConfig]], org.springframework.boot.test.context.filter.ExcludeFilterContextCustomizer@6afa5291, org.springframework.boot.test.json.DuplicateJsonObjectContextCustomizerFactory$DuplicateJsonObjectContextCustomizer@20cebcb4, org.springframework.boot.test.mock.mockito.MockitoContextCustomizer@0, org.springframework.boot.test.web.client.TestRestTemplateContextCustomizer@49a32273], resourceBasePath = 'src/main/webapp', contextLoader = 'org.springframework.boot.test.context.SpringBootContextLoader', parent = [null]], attributes = map['org.springframework.test.context.web.ServletTestExecutionListener.activateListener' -> true, 'org.springframework.test.context.web.ServletTestExecutionListener.populatedRequestContextHolder' -> true, 'org.springframework.test.context.web.ServletTestExecutionListener.resetRequestContextHolder' -> true]]; transaction manager [org.springframework.orm.jpa.JpaTransactionManager@75de8c12]; rollback [true]
2018-12-27 11:25:54.269  INFO 2120 --- [    Test worker] o.s.b.t.m.w.SpringBootMockServletContext : Initializing Spring FrameworkServlet ''
2018-12-27 11:25:54.269  INFO 2120 --- [    Test worker] o.s.t.web.servlet.TestDispatcherServlet  : FrameworkServlet '': initialization started
2018-12-27 11:25:54.274  INFO 2120 --- [    Test worker] o.s.t.web.servlet.TestDispatcherServlet  : FrameworkServlet '': initialization completed in 5 ms
Hibernate: select salesorder0_.shcoid as shcoid1_36_0_, salesorder0_.shdocono as shdocono2_36_0_, salesorder0_.shdocoty as shdocoty3_36_0_, salesorder0_.shcid as shcid4_36_0_, salesorder0_.shdtin as shdtin5_36_0_, salesorder0_.shtmin as shtmin6_36_0_, salesorder0_.shuid as shuid7_36_0_, salesorder0_.shdtlu as shdtlu8_36_0_, salesorder0_.shtmlu as shtmlu9_36_0_, salesorder0_.shuidm as shuidm10_36_0_, salesorder0_.shata as shata11_36_0_, salesorder0_.shatd as shatd12_36_0_, salesorder0_.shcrcb as shcrcb13_36_0_, salesorder0_.shbuid as shbuid14_36_0_, salesorder0_.shcldt as shcldt15_36_0_, salesorder0_.shcot as shcot16_36_0_, salesorder0_.shcsid as shcsid17_36_0_, salesorder0_.shcsdocdt as shcsdoc18_36_0_, salesorder0_.shcsdocno as shcsdoc19_36_0_, salesorder0_.shdod as shdod20_36_0_, salesorder0_.shdol as shdol21_36_0_, salesorder0_.shdou as shdou22_36_0_, salesorder0_.shdldt as shdldt23_36_0_, salesorder0_.shdesb1 as shdesb24_36_0_, salesorder0_.shdccd as shdccd25_36_0_, salesorder0_.shdcrt as shdcrt26_36_0_, salesorder0_.sheta as sheta27_36_0_, salesorder0_.shetd as shetd28_36_0_, salesorder0_.shexcrt as shexcrt29_36_0_, salesorder0_.shexid as shexid30_36_0_, salesorder0_.shead as shead31_36_0_, salesorder0_.shean as shean32_36_0_, salesorder0_.shedd as shedd33_36_0_, salesorder0_.shedn as shedn34_36_0_, salesorder0_.shfbd as shfbd35_36_0_, salesorder0_.shfbn as shfbn36_36_0_, salesorder0_.shfhc as shfhc37_36_0_, salesorder0_.shgldt as shgldt38_36_0_, salesorder0_.shgscrt as shgscrt39_36_0_, salesorder0_.shhcod as shhcod40_36_0_, salesorder0_.shlst as shlst41_36_0_, salesorder0_.shnst as shnst42_36_0_, salesorder0_.shobid as shobid43_36_0_, salesorder0_.shordt as shordt44_36_0_, salesorder0_.shordocdt as shordoc45_36_0_, salesorder0_.shordocno as shordoc46_36_0_, salesorder0_.shprid as shprid47_36_0_, salesorder0_.shpyid as shpyid48_36_0_, salesorder0_.shptc as shptc49_36_0_, salesorder0_.shpoa as shpoa50_36_0_, salesorder0_.shpod as shpod51_36_0_, salesorder0_.shrbuid as shrbuid52_36_0_, salesorder0_.shpjid as shpjid53_36_0_, salesorder0_.shpddt as shpddt54_36_0_, salesorder0_.shstid as shstid55_36_0_, salesorder0_.shrqdt as shrqdt56_36_0_, salesorder0_.shslid as shslid57_36_0_, salesorder0_.shshcn as shshcn58_36_0_, salesorder0_.shshmt as shshmt59_36_0_, salesorder0_.shtagid as shtagid60_36_0_, salesorder0_.shtaxal as shtaxal61_36_0_, salesorder0_.shtaxcd as shtaxcd62_36_0_, salesorder0_.shtaxrt as shtaxrt63_36_0_, salesorder0_.shcrct as shcrct64_36_0_, salesorder0_.shurdt1 as shurdt65_36_0_, salesorder0_.shurdt2 as shurdt66_36_0_ from t4201 salesorder0_ where salesorder0_.shcoid=? and salesorder0_.shdocono=? and salesorder0_.shdocoty=?
Hibernate: select details0_.sdcoid as sdcoid1_37_0_, details0_.sddocono as sddocono2_37_0_, details0_.sddocoty as sddocoty4_37_0_, details0_.sddocosq as sddocosq3_37_0_, details0_.sdcoid as sdcoid1_37_1_, details0_.sddocono as sddocono2_37_1_, details0_.sddocosq as sddocosq3_37_1_, details0_.sddocoty as sddocoty4_37_1_, details0_.sdcid as sdcid5_37_1_, details0_.sddtin as sddtin6_37_1_, details0_.sdtmin as sdtmin7_37_1_, details0_.sduid as sduid8_37_1_, details0_.sddtlu as sddtlu9_37_1_, details0_.sdtmlu as sdtmlu10_37_1_, details0_.sduidm as sduidm11_37_1_, details0_.sdacid as sdacid12_37_1_, details0_.sdcrcb as sdcrcb13_37_1_, details0_.sditc02 as sditc14_37_1_, details0_.sdbuid as sdbuid15_37_1_, details0_.sdqtycl as sdqtycl16_37_1_, details0_.sditc01 as sditc17_37_1_, details0_.sdcldt as sdcldt18_37_1_, details0_.sdcnid as sdcnid19_37_1_, details0_.sdcsid as sdcsid20_37_1_, details0_.sddldt as sddldt21_37_1_, details0_.sddccd as sddccd22_37_1_, details0_.sddcrt as sddcrt23_37_1_, details0_.sdexcrt as sdexcrt24_37_1_, details0_.sdexid as sdexid25_37_1_, details0_.sdexcost as sdexcos26_37_1_, details0_.sdexprice as sdexpri27_37_1_, details0_.sdqtyx as sdqtyx28_37_1_, details0_.sducfx as sducfx29_37_1_, details0_.sduomx as sduomx30_37_1_, details0_.sdunpricex as sdunpri31_37_1_, details0_.sdfep as sdfep32_37_1_, details0_.sdfta as sdfta33_37_1_, details0_.sdftb as sdftb34_37_1_, details0_.sdfup as sdfup35_37_1_, details0_.sdglcls as sdglcls36_37_1_, details0_.sdgldt as sdgldt37_37_1_, details0_.sdgscrt as sdgscrt38_37_1_, details0_.sdhcod as sdhcod39_37_1_, details0_.sdir02 as sdir40_37_1_, details0_.sdir01 as sdir41_37_1_, details0_.sdir03 as sdir42_37_1_, details0_.sdinum as sdinum43_37_1_, details0_.sddesb1 as sddesb44_37_1_, details0_.sditc05 as sditc45_37_1_, details0_.sdlst as sdlst46_37_1_, details0_.sdlnty as sdlnty47_37_1_, details0_.sdlocid as sdlocid48_37_1_, details0_.sdnst as sdnst49_37_1_, details0_.sdobid as sdobid50_37_1_, details0_.sdqtyop as sdqtyop51_37_1_, details0_.sdordt as sdordt52_37_1_, details0_.sdott as sdott53_37_1_, details0_.sdordocdt as sdordoc54_37_1_, details0_.sdordocno as sdordoc55_37_1_, details0_.sdordocsq as sdordoc56_37_1_, details0_.sdordocty as sdordoc57_37_1_, details0_.sdprid as sdprid58_37_1_, details0_.sdpyid as sdpyid59_37_1_, details0_.sdptc as sdptc60_37_1_, details0_.sdpqor as sdpqor61_37_1_, details0_.sduom1 as sduom62_37_1_, details0_.sdrbuid as sdrbuid63_37_1_, details0_.sdpjid as sdpjid64_37_1_, details0_.sdpddt as sdpddt65_37_1_, details0_.sdqty as sdqty66_37_1_, details0_.sdstid as sdstid67_37_1_, details0_.sdvr04 as sdvr68_37_1_, details0_.sdvr01 as sdvr69_37_1_, details0_.sdvr03 as sdvr70_37_1_, details0_.sdvr05 as sdvr71_37_1_, details0_.sdvr02 as sdvr72_37_1_, details0_.sdrldocno as sdrldoc73_37_1_, details0_.sdrldocsq as sdrldoc74_37_1_, details0_.sdrldocty as sdrldoc75_37_1_, details0_.sdrqdt as sdrqdt76_37_1_, details0_.sdqtyrn as sdqtyrn77_37_1_, details0_.sdso03 as sdso78_37_1_, details0_.sdso01 as sdso79_37_1_, details0_.sdso02 as sdso80_37_1_, details0_.sdslid as sdslid81_37_1_, details0_.sdsqor as sdsqor82_37_1_, details0_.sduom2 as sduom83_37_1_, details0_.sdsnlot as sdsnlot84_37_1_, details0_.sdslrc1 as sdslrc85_37_1_, details0_.sdqtysh as sdqtysh86_37_1_, details0_.sdtaxal as sdtaxal87_37_1_, details0_.sdtaxam as sdtaxam88_37_1_, details0_.sdtaxab as sdtaxab89_37_1_, details0_.sdtaxcd as sdtaxcd90_37_1_, details0_.sdtaxrt as sdtaxrt91_37_1_, details0_.sdcrct as sdcrct92_37_1_, details0_.sditc03 as sditc93_37_1_, details0_.sducf as sducf94_37_1_, details0_.sduncost as sduncos95_37_1_, details0_.sdudc as sdudc96_37_1_, details0_.sdudf as sdudf97_37_1_, details0_.sduom as sduom98_37_1_, details0_.sdunprice as sdunpri99_37_1_, details0_.sdurnb1 as sdurnb100_37_1_, details0_.sdurnb2 as sdurnb101_37_1_, details0_.sdvhrn as sdvhrn102_37_1_, details0_.sdvhty as sdvhty103_37_1_, details0_.sdqtyvl as sdqtyv104_37_1_, details0_.sduomv as sduomv105_37_1_, details0_.sdqtywt as sdqtyw106_37_1_, details0_.sduomw as sduomw107_37_1_ from t4211 details0_ where details0_.sdcoid=? and details0_.sddocono=? and details0_.sddocoty=?
Hibernate: select salesshipm0_.slcoid as slcoid1_38_0_, salesshipm0_.sldocno as sldocno2_38_0_, salesshipm0_.sldocty as sldocty3_38_0_, salesshipm0_.sldocsq as sldocsq4_38_0_, salesshipm0_.slcid as slcid5_38_0_, salesshipm0_.sldtin as sldtin6_38_0_, salesshipm0_.sltmin as sltmin7_38_0_, salesshipm0_.sluid as sluid8_38_0_, salesshipm0_.sldtlu as sldtlu9_38_0_, salesshipm0_.sltmlu as sltmlu10_38_0_, salesshipm0_.sluidm as sluidm11_38_0_, salesshipm0_.slacid as slacid12_38_0_, salesshipm0_.slata as slata13_38_0_, salesshipm0_.slatd as slatd14_38_0_, salesshipm0_.slcrcb as slcrcb15_38_0_, salesshipm0_.slicu as slicu16_38_0_, salesshipm0_.slicut as slicut17_38_0_, salesshipm0_.slitc02 as slitc18_38_0_, salesshipm0_.slbuid as slbuid19_38_0_, salesshipm0_.slitc01 as slitc20_38_0_, salesshipm0_.slcnid as slcnid21_38_0_, salesshipm0_.slcsid as slcsid22_38_0_, salesshipm0_.slcsdocdt as slcsdoc23_38_0_, salesshipm0_.slcsdocno as slcsdoc24_38_0_, salesshipm0_.sldod as sldod25_38_0_, salesshipm0_.sldol as sldol26_38_0_, salesshipm0_.sldou as sldou27_38_0_, salesshipm0_.sldldt as sldldt28_38_0_, salesshipm0_.sldesc1 as sldesc29_38_0_, salesshipm0_.sldesc2 as sldesc30_38_0_, salesshipm0_.sldccd as sldccd31_38_0_, salesshipm0_.sldcrt as sldcrt32_38_0_, salesshipm0_.sldocdt as sldocdt33_38_0_, salesshipm0_.sleta as sleta34_38_0_, salesshipm0_.sletd as sletd35_38_0_, salesshipm0_.slexcrt as slexcrt36_38_0_, salesshipm0_.slexid as slexid37_38_0_, salesshipm0_.slead as slead38_38_0_, salesshipm0_.slean as slean39_38_0_, salesshipm0_.sledd as sledd40_38_0_, salesshipm0_.sledn as sledn41_38_0_, salesshipm0_.slexcost as slexcos42_38_0_, salesshipm0_.slexprice as slexpri43_38_0_, salesshipm0_.slfep as slfep44_38_0_, salesshipm0_.slfta as slfta45_38_0_, salesshipm0_.slftb as slftb46_38_0_, salesshipm0_.slfup as slfup47_38_0_, salesshipm0_.slfbd as slfbd48_38_0_, salesshipm0_.slfbn as slfbn49_38_0_, salesshipm0_.slglcls as slglcls50_38_0_, salesshipm0_.slgscrt as slgscrt51_38_0_, salesshipm0_.slir02 as slir52_38_0_, salesshipm0_.slir01 as slir53_38_0_, salesshipm0_.slir03 as slir54_38_0_, salesshipm0_.slitt as slitt55_38_0_, salesshipm0_.sldocidt as sldocid56_38_0_, salesshipm0_.sldocino as sldocin57_38_0_, salesshipm0_.sldocisq as sldocis58_38_0_, salesshipm0_.sldocity as sldocit59_38_0_, salesshipm0_.slinum as slinum60_38_0_, salesshipm0_.sldesb1 as sldesb61_38_0_, salesshipm0_.slitc05 as slitc62_38_0_, salesshipm0_.sllst as sllst63_38_0_, salesshipm0_.sllnty as sllnty64_38_0_, salesshipm0_.sllocid as sllocid65_38_0_, salesshipm0_.slnst as slnst66_38_0_, salesshipm0_.slobid as slobid67_38_0_, salesshipm0_.sldocono as sldocon68_38_0_, salesshipm0_.sldocosq as sldocos69_38_0_, salesshipm0_.sldocoty as sldocot70_38_0_, salesshipm0_.slordocdt as slordoc71_38_0_, salesshipm0_.slordocno as slordoc72_38_0_, salesshipm0_.slordocsq as slordoc73_38_0_, salesshipm0_.slordocty as slordoc74_38_0_, salesshipm0_.slprid as slprid75_38_0_, salesshipm0_.slpyid as slpyid76_38_0_, salesshipm0_.slptc as slptc77_38_0_, salesshipm0_.slpoa as slpoa78_38_0_, salesshipm0_.slpod as slpod79_38_0_, salesshipm0_.slpqot as slpqot80_38_0_, salesshipm0_.sluom1 as sluom81_38_0_, salesshipm0_.slrbuid as slrbuid82_38_0_, salesshipm0_.slpjid as slpjid83_38_0_, salesshipm0_.slqty as slqty84_38_0_, salesshipm0_.slstid as slstid85_38_0_, salesshipm0_.slrecid as slrecid86_38_0_, salesshipm0_.slvr04 as slvr87_38_0_, salesshipm0_.slvr01 as slvr88_38_0_, salesshipm0_.slvr03 as slvr89_38_0_, salesshipm0_.slvr05 as slvr90_38_0_, salesshipm0_.slvr02 as slvr91_38_0_, salesshipm0_.slso03 as slso92_38_0_, salesshipm0_.slso01 as slso93_38_0_, salesshipm0_.slso02 as slso94_38_0_, salesshipm0_.slslid as slslid95_38_0_, salesshipm0_.slsqot as slsqot96_38_0_, salesshipm0_.sluom2 as sluom97_38_0_, salesshipm0_.slsnlot as slsnlot98_38_0_, salesshipm0_.slslrc1 as slslrc99_38_0_, salesshipm0_.slshcn as slshcn100_38_0_, salesshipm0_.sltaxal as sltaxa101_38_0_, salesshipm0_.sltaxam as sltaxa102_38_0_, salesshipm0_.sltaxab as sltaxa103_38_0_, salesshipm0_.sltaxcd as sltaxc104_38_0_, salesshipm0_.sltaxidt as sltaxi105_38_0_, salesshipm0_.sltaxino as sltaxi106_38_0_, salesshipm0_.sltaxrt as sltaxr107_38_0_, salesshipm0_.sldnop as sldnop108_38_0_, salesshipm0_.slinop as slinop109_38_0_, salesshipm0_.slcrct as slcrct110_38_0_, salesshipm0_.slitc03 as slitc111_38_0_, salesshipm0_.slucf as slucf112_38_0_, salesshipm0_.sluncost as slunco113_38_0_, salesshipm0_.sludc as sludc114_38_0_, salesshipm0_.sludf as sludf115_38_0_, salesshipm0_.sluom as sluom116_38_0_, salesshipm0_.slunprice as slunpr117_38_0_, salesshipm0_.slinvdt as slinvd118_38_0_, salesshipm0_.slinvno as slinvn119_38_0_ from t4212 salesshipm0_ where salesshipm0_.slcoid=? and salesshipm0_.sldocno=? and salesshipm0_.sldocty=? and salesshipm0_.sldocsq=?
Hibernate: select salesshipm0_.slcoid as slcoid1_38_, salesshipm0_.sldocno as sldocno2_38_, salesshipm0_.sldocty as sldocty3_38_, salesshipm0_.sldocsq as sldocsq4_38_, salesshipm0_.slcid as slcid5_38_, salesshipm0_.sldtin as sldtin6_38_, salesshipm0_.sltmin as sltmin7_38_, salesshipm0_.sluid as sluid8_38_, salesshipm0_.sldtlu as sldtlu9_38_, salesshipm0_.sltmlu as sltmlu10_38_, salesshipm0_.sluidm as sluidm11_38_, salesshipm0_.slacid as slacid12_38_, salesshipm0_.slata as slata13_38_, salesshipm0_.slatd as slatd14_38_, salesshipm0_.slcrcb as slcrcb15_38_, salesshipm0_.slicu as slicu16_38_, salesshipm0_.slicut as slicut17_38_, salesshipm0_.slitc02 as slitc18_38_, salesshipm0_.slbuid as slbuid19_38_, salesshipm0_.slitc01 as slitc20_38_, salesshipm0_.slcnid as slcnid21_38_, salesshipm0_.slcsid as slcsid22_38_, salesshipm0_.slcsdocdt as slcsdoc23_38_, salesshipm0_.slcsdocno as slcsdoc24_38_, salesshipm0_.sldod as sldod25_38_, salesshipm0_.sldol as sldol26_38_, salesshipm0_.sldou as sldou27_38_, salesshipm0_.sldldt as sldldt28_38_, salesshipm0_.sldesc1 as sldesc29_38_, salesshipm0_.sldesc2 as sldesc30_38_, salesshipm0_.sldccd as sldccd31_38_, salesshipm0_.sldcrt as sldcrt32_38_, salesshipm0_.sldocdt as sldocdt33_38_, salesshipm0_.sleta as sleta34_38_, salesshipm0_.sletd as sletd35_38_, salesshipm0_.slexcrt as slexcrt36_38_, salesshipm0_.slexid as slexid37_38_, salesshipm0_.slead as slead38_38_, salesshipm0_.slean as slean39_38_, salesshipm0_.sledd as sledd40_38_, salesshipm0_.sledn as sledn41_38_, salesshipm0_.slexcost as slexcos42_38_, salesshipm0_.slexprice as slexpri43_38_, salesshipm0_.slfep as slfep44_38_, salesshipm0_.slfta as slfta45_38_, salesshipm0_.slftb as slftb46_38_, salesshipm0_.slfup as slfup47_38_, salesshipm0_.slfbd as slfbd48_38_, salesshipm0_.slfbn as slfbn49_38_, salesshipm0_.slglcls as slglcls50_38_, salesshipm0_.slgscrt as slgscrt51_38_, salesshipm0_.slir02 as slir52_38_, salesshipm0_.slir01 as slir53_38_, salesshipm0_.slir03 as slir54_38_, salesshipm0_.slitt as slitt55_38_, salesshipm0_.sldocidt as sldocid56_38_, salesshipm0_.sldocino as sldocin57_38_, salesshipm0_.sldocisq as sldocis58_38_, salesshipm0_.sldocity as sldocit59_38_, salesshipm0_.slinum as slinum60_38_, salesshipm0_.sldesb1 as sldesb61_38_, salesshipm0_.slitc05 as slitc62_38_, salesshipm0_.sllst as sllst63_38_, salesshipm0_.sllnty as sllnty64_38_, salesshipm0_.sllocid as sllocid65_38_, salesshipm0_.slnst as slnst66_38_, salesshipm0_.slobid as slobid67_38_, salesshipm0_.sldocono as sldocon68_38_, salesshipm0_.sldocosq as sldocos69_38_, salesshipm0_.sldocoty as sldocot70_38_, salesshipm0_.slordocdt as slordoc71_38_, salesshipm0_.slordocno as slordoc72_38_, salesshipm0_.slordocsq as slordoc73_38_, salesshipm0_.slordocty as slordoc74_38_, salesshipm0_.slprid as slprid75_38_, salesshipm0_.slpyid as slpyid76_38_, salesshipm0_.slptc as slptc77_38_, salesshipm0_.slpoa as slpoa78_38_, salesshipm0_.slpod as slpod79_38_, salesshipm0_.slpqot as slpqot80_38_, salesshipm0_.sluom1 as sluom81_38_, salesshipm0_.slrbuid as slrbuid82_38_, salesshipm0_.slpjid as slpjid83_38_, salesshipm0_.slqty as slqty84_38_, salesshipm0_.slstid as slstid85_38_, salesshipm0_.slrecid as slrecid86_38_, salesshipm0_.slvr04 as slvr87_38_, salesshipm0_.slvr01 as slvr88_38_, salesshipm0_.slvr03 as slvr89_38_, salesshipm0_.slvr05 as slvr90_38_, salesshipm0_.slvr02 as slvr91_38_, salesshipm0_.slso03 as slso92_38_, salesshipm0_.slso01 as slso93_38_, salesshipm0_.slso02 as slso94_38_, salesshipm0_.slslid as slslid95_38_, salesshipm0_.slsqot as slsqot96_38_, salesshipm0_.sluom2 as sluom97_38_, salesshipm0_.slsnlot as slsnlot98_38_, salesshipm0_.slslrc1 as slslrc99_38_, salesshipm0_.slshcn as slshcn100_38_, salesshipm0_.sltaxal as sltaxa101_38_, salesshipm0_.sltaxam as sltaxa102_38_, salesshipm0_.sltaxab as sltaxa103_38_, salesshipm0_.sltaxcd as sltaxc104_38_, salesshipm0_.sltaxidt as sltaxi105_38_, salesshipm0_.sltaxino as sltaxi106_38_, salesshipm0_.sltaxrt as sltaxr107_38_, salesshipm0_.sldnop as sldnop108_38_, salesshipm0_.slinop as slinop109_38_, salesshipm0_.slcrct as slcrct110_38_, salesshipm0_.slitc03 as slitc111_38_, salesshipm0_.slucf as slucf112_38_, salesshipm0_.sluncost as slunco113_38_, salesshipm0_.sludc as sludc114_38_, salesshipm0_.sludf as sludf115_38_, salesshipm0_.sluom as sluom116_38_, salesshipm0_.slunprice as slunpr117_38_, salesshipm0_.slinvdt as slinvd118_38_, salesshipm0_.slinvno as slinvn119_38_ from t4212 salesshipm0_ where salesshipm0_.slcoid=? and salesshipm0_.sldocno=? and salesshipm0_.sldocty=?
Hibernate: select salesdetai0_.sdcoid as sdcoid1_37_0_, salesdetai0_.sddocono as sddocono2_37_0_, salesdetai0_.sddocosq as sddocosq3_37_0_, salesdetai0_.sddocoty as sddocoty4_37_0_, salesdetai0_.sdcid as sdcid5_37_0_, salesdetai0_.sddtin as sddtin6_37_0_, salesdetai0_.sdtmin as sdtmin7_37_0_, salesdetai0_.sduid as sduid8_37_0_, salesdetai0_.sddtlu as sddtlu9_37_0_, salesdetai0_.sdtmlu as sdtmlu10_37_0_, salesdetai0_.sduidm as sduidm11_37_0_, salesdetai0_.sdacid as sdacid12_37_0_, salesdetai0_.sdcrcb as sdcrcb13_37_0_, salesdetai0_.sditc02 as sditc14_37_0_, salesdetai0_.sdbuid as sdbuid15_37_0_, salesdetai0_.sdqtycl as sdqtycl16_37_0_, salesdetai0_.sditc01 as sditc17_37_0_, salesdetai0_.sdcldt as sdcldt18_37_0_, salesdetai0_.sdcnid as sdcnid19_37_0_, salesdetai0_.sdcsid as sdcsid20_37_0_, salesdetai0_.sddldt as sddldt21_37_0_, salesdetai0_.sddccd as sddccd22_37_0_, salesdetai0_.sddcrt as sddcrt23_37_0_, salesdetai0_.sdexcrt as sdexcrt24_37_0_, salesdetai0_.sdexid as sdexid25_37_0_, salesdetai0_.sdexcost as sdexcos26_37_0_, salesdetai0_.sdexprice as sdexpri27_37_0_, salesdetai0_.sdqtyx as sdqtyx28_37_0_, salesdetai0_.sducfx as sducfx29_37_0_, salesdetai0_.sduomx as sduomx30_37_0_, salesdetai0_.sdunpricex as sdunpri31_37_0_, salesdetai0_.sdfep as sdfep32_37_0_, salesdetai0_.sdfta as sdfta33_37_0_, salesdetai0_.sdftb as sdftb34_37_0_, salesdetai0_.sdfup as sdfup35_37_0_, salesdetai0_.sdglcls as sdglcls36_37_0_, salesdetai0_.sdgldt as sdgldt37_37_0_, salesdetai0_.sdgscrt as sdgscrt38_37_0_, salesdetai0_.sdhcod as sdhcod39_37_0_, salesdetai0_.sdir02 as sdir40_37_0_, salesdetai0_.sdir01 as sdir41_37_0_, salesdetai0_.sdir03 as sdir42_37_0_, salesdetai0_.sdinum as sdinum43_37_0_, salesdetai0_.sddesb1 as sddesb44_37_0_, salesdetai0_.sditc05 as sditc45_37_0_, salesdetai0_.sdlst as sdlst46_37_0_, salesdetai0_.sdlnty as sdlnty47_37_0_, salesdetai0_.sdlocid as sdlocid48_37_0_, salesdetai0_.sdnst as sdnst49_37_0_, salesdetai0_.sdobid as sdobid50_37_0_, salesdetai0_.sdqtyop as sdqtyop51_37_0_, salesdetai0_.sdordt as sdordt52_37_0_, salesdetai0_.sdott as sdott53_37_0_, salesdetai0_.sdordocdt as sdordoc54_37_0_, salesdetai0_.sdordocno as sdordoc55_37_0_, salesdetai0_.sdordocsq as sdordoc56_37_0_, salesdetai0_.sdordocty as sdordoc57_37_0_, salesdetai0_.sdprid as sdprid58_37_0_, salesdetai0_.sdpyid as sdpyid59_37_0_, salesdetai0_.sdptc as sdptc60_37_0_, salesdetai0_.sdpqor as sdpqor61_37_0_, salesdetai0_.sduom1 as sduom62_37_0_, salesdetai0_.sdrbuid as sdrbuid63_37_0_, salesdetai0_.sdpjid as sdpjid64_37_0_, salesdetai0_.sdpddt as sdpddt65_37_0_, salesdetai0_.sdqty as sdqty66_37_0_, salesdetai0_.sdstid as sdstid67_37_0_, salesdetai0_.sdvr04 as sdvr68_37_0_, salesdetai0_.sdvr01 as sdvr69_37_0_, salesdetai0_.sdvr03 as sdvr70_37_0_, salesdetai0_.sdvr05 as sdvr71_37_0_, salesdetai0_.sdvr02 as sdvr72_37_0_, salesdetai0_.sdrldocno as sdrldoc73_37_0_, salesdetai0_.sdrldocsq as sdrldoc74_37_0_, salesdetai0_.sdrldocty as sdrldoc75_37_0_, salesdetai0_.sdrqdt as sdrqdt76_37_0_, salesdetai0_.sdqtyrn as sdqtyrn77_37_0_, salesdetai0_.sdso03 as sdso78_37_0_, salesdetai0_.sdso01 as sdso79_37_0_, salesdetai0_.sdso02 as sdso80_37_0_, salesdetai0_.sdslid as sdslid81_37_0_, salesdetai0_.sdsqor as sdsqor82_37_0_, salesdetai0_.sduom2 as sduom83_37_0_, salesdetai0_.sdsnlot as sdsnlot84_37_0_, salesdetai0_.sdslrc1 as sdslrc85_37_0_, salesdetai0_.sdqtysh as sdqtysh86_37_0_, salesdetai0_.sdtaxal as sdtaxal87_37_0_, salesdetai0_.sdtaxam as sdtaxam88_37_0_, salesdetai0_.sdtaxab as sdtaxab89_37_0_, salesdetai0_.sdtaxcd as sdtaxcd90_37_0_, salesdetai0_.sdtaxrt as sdtaxrt91_37_0_, salesdetai0_.sdcrct as sdcrct92_37_0_, salesdetai0_.sditc03 as sditc93_37_0_, salesdetai0_.sducf as sducf94_37_0_, salesdetai0_.sduncost as sduncos95_37_0_, salesdetai0_.sdudc as sdudc96_37_0_, salesdetai0_.sdudf as sdudf97_37_0_, salesdetai0_.sduom as sduom98_37_0_, salesdetai0_.sdunprice as sdunpri99_37_0_, salesdetai0_.sdurnb1 as sdurnb100_37_0_, salesdetai0_.sdurnb2 as sdurnb101_37_0_, salesdetai0_.sdvhrn as sdvhrn102_37_0_, salesdetai0_.sdvhty as sdvhty103_37_0_, salesdetai0_.sdqtyvl as sdqtyv104_37_0_, salesdetai0_.sduomv as sduomv105_37_0_, salesdetai0_.sdqtywt as sdqtyw106_37_0_, salesdetai0_.sduomw as sduomw107_37_0_, salesorder1_.shcoid as shcoid1_36_1_, salesorder1_.shdocono as shdocono2_36_1_, salesorder1_.shdocoty as shdocoty3_36_1_, salesorder1_.shcid as shcid4_36_1_, salesorder1_.shdtin as shdtin5_36_1_, salesorder1_.shtmin as shtmin6_36_1_, salesorder1_.shuid as shuid7_36_1_, salesorder1_.shdtlu as shdtlu8_36_1_, salesorder1_.shtmlu as shtmlu9_36_1_, salesorder1_.shuidm as shuidm10_36_1_, salesorder1_.shata as shata11_36_1_, salesorder1_.shatd as shatd12_36_1_, salesorder1_.shcrcb as shcrcb13_36_1_, salesorder1_.shbuid as shbuid14_36_1_, salesorder1_.shcldt as shcldt15_36_1_, salesorder1_.shcot as shcot16_36_1_, salesorder1_.shcsid as shcsid17_36_1_, salesorder1_.shcsdocdt as shcsdoc18_36_1_, salesorder1_.shcsdocno as shcsdoc19_36_1_, salesorder1_.shdod as shdod20_36_1_, salesorder1_.shdol as shdol21_36_1_, salesorder1_.shdou as shdou22_36_1_, salesorder1_.shdldt as shdldt23_36_1_, salesorder1_.shdesb1 as shdesb24_36_1_, salesorder1_.shdccd as shdccd25_36_1_, salesorder1_.shdcrt as shdcrt26_36_1_, salesorder1_.sheta as sheta27_36_1_, salesorder1_.shetd as shetd28_36_1_, salesorder1_.shexcrt as shexcrt29_36_1_, salesorder1_.shexid as shexid30_36_1_, salesorder1_.shead as shead31_36_1_, salesorder1_.shean as shean32_36_1_, salesorder1_.shedd as shedd33_36_1_, salesorder1_.shedn as shedn34_36_1_, salesorder1_.shfbd as shfbd35_36_1_, salesorder1_.shfbn as shfbn36_36_1_, salesorder1_.shfhc as shfhc37_36_1_, salesorder1_.shgldt as shgldt38_36_1_, salesorder1_.shgscrt as shgscrt39_36_1_, salesorder1_.shhcod as shhcod40_36_1_, salesorder1_.shlst as shlst41_36_1_, salesorder1_.shnst as shnst42_36_1_, salesorder1_.shobid as shobid43_36_1_, salesorder1_.shordt as shordt44_36_1_, salesorder1_.shordocdt as shordoc45_36_1_, salesorder1_.shordocno as shordoc46_36_1_, salesorder1_.shprid as shprid47_36_1_, salesorder1_.shpyid as shpyid48_36_1_, salesorder1_.shptc as shptc49_36_1_, salesorder1_.shpoa as shpoa50_36_1_, salesorder1_.shpod as shpod51_36_1_, salesorder1_.shrbuid as shrbuid52_36_1_, salesorder1_.shpjid as shpjid53_36_1_, salesorder1_.shpddt as shpddt54_36_1_, salesorder1_.shstid as shstid55_36_1_, salesorder1_.shrqdt as shrqdt56_36_1_, salesorder1_.shslid as shslid57_36_1_, salesorder1_.shshcn as shshcn58_36_1_, salesorder1_.shshmt as shshmt59_36_1_, salesorder1_.shtagid as shtagid60_36_1_, salesorder1_.shtaxal as shtaxal61_36_1_, salesorder1_.shtaxcd as shtaxcd62_36_1_, salesorder1_.shtaxrt as shtaxrt63_36_1_, salesorder1_.shcrct as shcrct64_36_1_, salesorder1_.shurdt1 as shurdt65_36_1_, salesorder1_.shurdt2 as shurdt66_36_1_ from t4211 salesdetai0_ inner join t4201 salesorder1_ on salesdetai0_.sdcoid=salesorder1_.shcoid and salesdetai0_.sddocono=salesorder1_.shdocono and salesdetai0_.sddocoty=salesorder1_.shdocoty where salesdetai0_.sdcoid=? and salesdetai0_.sddocono=? and salesdetai0_.sddocosq=? and salesdetai0_.sddocoty=?
Hibernate: select serialnumb0_.coid as coid1_43_0_, serialnumb0_.docno as docno2_43_0_, serialnumb0_.docty as docty3_43_0_, serialnumb0_.docsq as docsq4_43_0_, serialnumb0_.buid as buid5_43_0_, serialnumb0_.inum as inum6_43_0_, serialnumb0_.snlot as snlot7_43_0_, lotmaster1_.ltbuid as ltbuid1_34_1_, lotmaster1_.ltinum as ltinum2_34_1_, lotmaster1_.ltsnlot as ltsnlot3_34_1_, lotmaster1_.ltcid as ltcid4_34_1_, lotmaster1_.ltdtin as ltdtin5_34_1_, lotmaster1_.lttmin as lttmin6_34_1_, lotmaster1_.ltuid as ltuid7_34_1_, lotmaster1_.ltdtlu as ltdtlu8_34_1_, lotmaster1_.lttmlu as lttmlu9_34_1_, lotmaster1_.ltuidm as ltuidm10_34_1_, lotmaster1_.ltbodt as ltbodt11_34_1_, lotmaster1_.ltbbdt as ltbbdt12_34_1_, lotmaster1_.ltcldt as ltcldt13_34_1_, lotmaster1_.ltexpdt as ltexpdt14_34_1_, lotmaster1_.ltldsc as ltldsc15_34_1_, lotmaster1_.ltledt as ltledt16_34_1_, lotmaster1_.ltlsc as ltlsc17_34_1_, lotmaster1_.ltmlot1 as ltmlot18_34_1_, lotmaster1_.ltmlot2 as ltmlot19_34_1_, lotmaster1_.ltmlot3 as ltmlot20_34_1_, lotmaster1_.ltohdt as ltohdt21_34_1_, lotmaster1_.ltsern as ltsern22_34_1_ from transaction_serialnumbers serialnumb0_ inner join t4108 lotmaster1_ on serialnumb0_.buid=lotmaster1_.ltbuid and serialnumb0_.inum=lotmaster1_.ltinum and serialnumb0_.snlot=lotmaster1_.ltsnlot where serialnumb0_.coid=? and serialnumb0_.docno=? and serialnumb0_.docty=? and serialnumb0_.docsq=?
Hibernate: select salesdetai0_.sdcoid as sdcoid1_37_0_, salesdetai0_.sddocono as sddocono2_37_0_, salesdetai0_.sddocosq as sddocosq3_37_0_, salesdetai0_.sddocoty as sddocoty4_37_0_, salesdetai0_.sdcid as sdcid5_37_0_, salesdetai0_.sddtin as sddtin6_37_0_, salesdetai0_.sdtmin as sdtmin7_37_0_, salesdetai0_.sduid as sduid8_37_0_, salesdetai0_.sddtlu as sddtlu9_37_0_, salesdetai0_.sdtmlu as sdtmlu10_37_0_, salesdetai0_.sduidm as sduidm11_37_0_, salesdetai0_.sdacid as sdacid12_37_0_, salesdetai0_.sdcrcb as sdcrcb13_37_0_, salesdetai0_.sditc02 as sditc14_37_0_, salesdetai0_.sdbuid as sdbuid15_37_0_, salesdetai0_.sdqtycl as sdqtycl16_37_0_, salesdetai0_.sditc01 as sditc17_37_0_, salesdetai0_.sdcldt as sdcldt18_37_0_, salesdetai0_.sdcnid as sdcnid19_37_0_, salesdetai0_.sdcsid as sdcsid20_37_0_, salesdetai0_.sddldt as sddldt21_37_0_, salesdetai0_.sddccd as sddccd22_37_0_, salesdetai0_.sddcrt as sddcrt23_37_0_, salesdetai0_.sdexcrt as sdexcrt24_37_0_, salesdetai0_.sdexid as sdexid25_37_0_, salesdetai0_.sdexcost as sdexcos26_37_0_, salesdetai0_.sdexprice as sdexpri27_37_0_, salesdetai0_.sdqtyx as sdqtyx28_37_0_, salesdetai0_.sducfx as sducfx29_37_0_, salesdetai0_.sduomx as sduomx30_37_0_, salesdetai0_.sdunpricex as sdunpri31_37_0_, salesdetai0_.sdfep as sdfep32_37_0_, salesdetai0_.sdfta as sdfta33_37_0_, salesdetai0_.sdftb as sdftb34_37_0_, salesdetai0_.sdfup as sdfup35_37_0_, salesdetai0_.sdglcls as sdglcls36_37_0_, salesdetai0_.sdgldt as sdgldt37_37_0_, salesdetai0_.sdgscrt as sdgscrt38_37_0_, salesdetai0_.sdhcod as sdhcod39_37_0_, salesdetai0_.sdir02 as sdir40_37_0_, salesdetai0_.sdir01 as sdir41_37_0_, salesdetai0_.sdir03 as sdir42_37_0_, salesdetai0_.sdinum as sdinum43_37_0_, salesdetai0_.sddesb1 as sddesb44_37_0_, salesdetai0_.sditc05 as sditc45_37_0_, salesdetai0_.sdlst as sdlst46_37_0_, salesdetai0_.sdlnty as sdlnty47_37_0_, salesdetai0_.sdlocid as sdlocid48_37_0_, salesdetai0_.sdnst as sdnst49_37_0_, salesdetai0_.sdobid as sdobid50_37_0_, salesdetai0_.sdqtyop as sdqtyop51_37_0_, salesdetai0_.sdordt as sdordt52_37_0_, salesdetai0_.sdott as sdott53_37_0_, salesdetai0_.sdordocdt as sdordoc54_37_0_, salesdetai0_.sdordocno as sdordoc55_37_0_, salesdetai0_.sdordocsq as sdordoc56_37_0_, salesdetai0_.sdordocty as sdordoc57_37_0_, salesdetai0_.sdprid as sdprid58_37_0_, salesdetai0_.sdpyid as sdpyid59_37_0_, salesdetai0_.sdptc as sdptc60_37_0_, salesdetai0_.sdpqor as sdpqor61_37_0_, salesdetai0_.sduom1 as sduom62_37_0_, salesdetai0_.sdrbuid as sdrbuid63_37_0_, salesdetai0_.sdpjid as sdpjid64_37_0_, salesdetai0_.sdpddt as sdpddt65_37_0_, salesdetai0_.sdqty as sdqty66_37_0_, salesdetai0_.sdstid as sdstid67_37_0_, salesdetai0_.sdvr04 as sdvr68_37_0_, salesdetai0_.sdvr01 as sdvr69_37_0_, salesdetai0_.sdvr03 as sdvr70_37_0_, salesdetai0_.sdvr05 as sdvr71_37_0_, salesdetai0_.sdvr02 as sdvr72_37_0_, salesdetai0_.sdrldocno as sdrldoc73_37_0_, salesdetai0_.sdrldocsq as sdrldoc74_37_0_, salesdetai0_.sdrldocty as sdrldoc75_37_0_, salesdetai0_.sdrqdt as sdrqdt76_37_0_, salesdetai0_.sdqtyrn as sdqtyrn77_37_0_, salesdetai0_.sdso03 as sdso78_37_0_, salesdetai0_.sdso01 as sdso79_37_0_, salesdetai0_.sdso02 as sdso80_37_0_, salesdetai0_.sdslid as sdslid81_37_0_, salesdetai0_.sdsqor as sdsqor82_37_0_, salesdetai0_.sduom2 as sduom83_37_0_, salesdetai0_.sdsnlot as sdsnlot84_37_0_, salesdetai0_.sdslrc1 as sdslrc85_37_0_, salesdetai0_.sdqtysh as sdqtysh86_37_0_, salesdetai0_.sdtaxal as sdtaxal87_37_0_, salesdetai0_.sdtaxam as sdtaxam88_37_0_, salesdetai0_.sdtaxab as sdtaxab89_37_0_, salesdetai0_.sdtaxcd as sdtaxcd90_37_0_, salesdetai0_.sdtaxrt as sdtaxrt91_37_0_, salesdetai0_.sdcrct as sdcrct92_37_0_, salesdetai0_.sditc03 as sditc93_37_0_, salesdetai0_.sducf as sducf94_37_0_, salesdetai0_.sduncost as sduncos95_37_0_, salesdetai0_.sdudc as sdudc96_37_0_, salesdetai0_.sdudf as sdudf97_37_0_, salesdetai0_.sduom as sduom98_37_0_, salesdetai0_.sdunprice as sdunpri99_37_0_, salesdetai0_.sdurnb1 as sdurnb100_37_0_, salesdetai0_.sdurnb2 as sdurnb101_37_0_, salesdetai0_.sdvhrn as sdvhrn102_37_0_, salesdetai0_.sdvhty as sdvhty103_37_0_, salesdetai0_.sdqtyvl as sdqtyv104_37_0_, salesdetai0_.sduomv as sduomv105_37_0_, salesdetai0_.sdqtywt as sdqtyw106_37_0_, salesdetai0_.sduomw as sduomw107_37_0_, salesorder1_.shcoid as shcoid1_36_1_, salesorder1_.shdocono as shdocono2_36_1_, salesorder1_.shdocoty as shdocoty3_36_1_, salesorder1_.shcid as shcid4_36_1_, salesorder1_.shdtin as shdtin5_36_1_, salesorder1_.shtmin as shtmin6_36_1_, salesorder1_.shuid as shuid7_36_1_, salesorder1_.shdtlu as shdtlu8_36_1_, salesorder1_.shtmlu as shtmlu9_36_1_, salesorder1_.shuidm as shuidm10_36_1_, salesorder1_.shata as shata11_36_1_, salesorder1_.shatd as shatd12_36_1_, salesorder1_.shcrcb as shcrcb13_36_1_, salesorder1_.shbuid as shbuid14_36_1_, salesorder1_.shcldt as shcldt15_36_1_, salesorder1_.shcot as shcot16_36_1_, salesorder1_.shcsid as shcsid17_36_1_, salesorder1_.shcsdocdt as shcsdoc18_36_1_, salesorder1_.shcsdocno as shcsdoc19_36_1_, salesorder1_.shdod as shdod20_36_1_, salesorder1_.shdol as shdol21_36_1_, salesorder1_.shdou as shdou22_36_1_, salesorder1_.shdldt as shdldt23_36_1_, salesorder1_.shdesb1 as shdesb24_36_1_, salesorder1_.shdccd as shdccd25_36_1_, salesorder1_.shdcrt as shdcrt26_36_1_, salesorder1_.sheta as sheta27_36_1_, salesorder1_.shetd as shetd28_36_1_, salesorder1_.shexcrt as shexcrt29_36_1_, salesorder1_.shexid as shexid30_36_1_, salesorder1_.shead as shead31_36_1_, salesorder1_.shean as shean32_36_1_, salesorder1_.shedd as shedd33_36_1_, salesorder1_.shedn as shedn34_36_1_, salesorder1_.shfbd as shfbd35_36_1_, salesorder1_.shfbn as shfbn36_36_1_, salesorder1_.shfhc as shfhc37_36_1_, salesorder1_.shgldt as shgldt38_36_1_, salesorder1_.shgscrt as shgscrt39_36_1_, salesorder1_.shhcod as shhcod40_36_1_, salesorder1_.shlst as shlst41_36_1_, salesorder1_.shnst as shnst42_36_1_, salesorder1_.shobid as shobid43_36_1_, salesorder1_.shordt as shordt44_36_1_, salesorder1_.shordocdt as shordoc45_36_1_, salesorder1_.shordocno as shordoc46_36_1_, salesorder1_.shprid as shprid47_36_1_, salesorder1_.shpyid as shpyid48_36_1_, salesorder1_.shptc as shptc49_36_1_, salesorder1_.shpoa as shpoa50_36_1_, salesorder1_.shpod as shpod51_36_1_, salesorder1_.shrbuid as shrbuid52_36_1_, salesorder1_.shpjid as shpjid53_36_1_, salesorder1_.shpddt as shpddt54_36_1_, salesorder1_.shstid as shstid55_36_1_, salesorder1_.shrqdt as shrqdt56_36_1_, salesorder1_.shslid as shslid57_36_1_, salesorder1_.shshcn as shshcn58_36_1_, salesorder1_.shshmt as shshmt59_36_1_, salesorder1_.shtagid as shtagid60_36_1_, salesorder1_.shtaxal as shtaxal61_36_1_, salesorder1_.shtaxcd as shtaxcd62_36_1_, salesorder1_.shtaxrt as shtaxrt63_36_1_, salesorder1_.shcrct as shcrct64_36_1_, salesorder1_.shurdt1 as shurdt65_36_1_, salesorder1_.shurdt2 as shurdt66_36_1_ from t4211 salesdetai0_ inner join t4201 salesorder1_ on salesdetai0_.sdcoid=salesorder1_.shcoid and salesdetai0_.sddocono=salesorder1_.shdocono and salesdetai0_.sddocoty=salesorder1_.shdocoty where salesdetai0_.sdcoid=? and salesdetai0_.sddocono=? and salesdetai0_.sddocosq=? and salesdetai0_.sddocoty=?
Hibernate: select serialnumb0_.coid as coid1_43_0_, serialnumb0_.docno as docno2_43_0_, serialnumb0_.docty as docty3_43_0_, serialnumb0_.docsq as docsq4_43_0_, serialnumb0_.buid as buid5_43_0_, serialnumb0_.inum as inum6_43_0_, serialnumb0_.snlot as snlot7_43_0_, lotmaster1_.ltbuid as ltbuid1_34_1_, lotmaster1_.ltinum as ltinum2_34_1_, lotmaster1_.ltsnlot as ltsnlot3_34_1_, lotmaster1_.ltcid as ltcid4_34_1_, lotmaster1_.ltdtin as ltdtin5_34_1_, lotmaster1_.lttmin as lttmin6_34_1_, lotmaster1_.ltuid as ltuid7_34_1_, lotmaster1_.ltdtlu as ltdtlu8_34_1_, lotmaster1_.lttmlu as lttmlu9_34_1_, lotmaster1_.ltuidm as ltuidm10_34_1_, lotmaster1_.ltbodt as ltbodt11_34_1_, lotmaster1_.ltbbdt as ltbbdt12_34_1_, lotmaster1_.ltcldt as ltcldt13_34_1_, lotmaster1_.ltexpdt as ltexpdt14_34_1_, lotmaster1_.ltldsc as ltldsc15_34_1_, lotmaster1_.ltledt as ltledt16_34_1_, lotmaster1_.ltlsc as ltlsc17_34_1_, lotmaster1_.ltmlot1 as ltmlot18_34_1_, lotmaster1_.ltmlot2 as ltmlot19_34_1_, lotmaster1_.ltmlot3 as ltmlot20_34_1_, lotmaster1_.ltohdt as ltohdt21_34_1_, lotmaster1_.ltsern as ltsern22_34_1_ from transaction_serialnumbers serialnumb0_ inner join t4108 lotmaster1_ on serialnumb0_.buid=lotmaster1_.ltbuid and serialnumb0_.inum=lotmaster1_.ltinum and serialnumb0_.snlot=lotmaster1_.ltsnlot where serialnumb0_.coid=? and serialnumb0_.docno=? and serialnumb0_.docty=? and serialnumb0_.docsq=?
Hibernate: select salesdetai0_.sdcoid as sdcoid1_37_0_, salesdetai0_.sddocono as sddocono2_37_0_, salesdetai0_.sddocosq as sddocosq3_37_0_, salesdetai0_.sddocoty as sddocoty4_37_0_, salesdetai0_.sdcid as sdcid5_37_0_, salesdetai0_.sddtin as sddtin6_37_0_, salesdetai0_.sdtmin as sdtmin7_37_0_, salesdetai0_.sduid as sduid8_37_0_, salesdetai0_.sddtlu as sddtlu9_37_0_, salesdetai0_.sdtmlu as sdtmlu10_37_0_, salesdetai0_.sduidm as sduidm11_37_0_, salesdetai0_.sdacid as sdacid12_37_0_, salesdetai0_.sdcrcb as sdcrcb13_37_0_, salesdetai0_.sditc02 as sditc14_37_0_, salesdetai0_.sdbuid as sdbuid15_37_0_, salesdetai0_.sdqtycl as sdqtycl16_37_0_, salesdetai0_.sditc01 as sditc17_37_0_, salesdetai0_.sdcldt as sdcldt18_37_0_, salesdetai0_.sdcnid as sdcnid19_37_0_, salesdetai0_.sdcsid as sdcsid20_37_0_, salesdetai0_.sddldt as sddldt21_37_0_, salesdetai0_.sddccd as sddccd22_37_0_, salesdetai0_.sddcrt as sddcrt23_37_0_, salesdetai0_.sdexcrt as sdexcrt24_37_0_, salesdetai0_.sdexid as sdexid25_37_0_, salesdetai0_.sdexcost as sdexcos26_37_0_, salesdetai0_.sdexprice as sdexpri27_37_0_, salesdetai0_.sdqtyx as sdqtyx28_37_0_, salesdetai0_.sducfx as sducfx29_37_0_, salesdetai0_.sduomx as sduomx30_37_0_, salesdetai0_.sdunpricex as sdunpri31_37_0_, salesdetai0_.sdfep as sdfep32_37_0_, salesdetai0_.sdfta as sdfta33_37_0_, salesdetai0_.sdftb as sdftb34_37_0_, salesdetai0_.sdfup as sdfup35_37_0_, salesdetai0_.sdglcls as sdglcls36_37_0_, salesdetai0_.sdgldt as sdgldt37_37_0_, salesdetai0_.sdgscrt as sdgscrt38_37_0_, salesdetai0_.sdhcod as sdhcod39_37_0_, salesdetai0_.sdir02 as sdir40_37_0_, salesdetai0_.sdir01 as sdir41_37_0_, salesdetai0_.sdir03 as sdir42_37_0_, salesdetai0_.sdinum as sdinum43_37_0_, salesdetai0_.sddesb1 as sddesb44_37_0_, salesdetai0_.sditc05 as sditc45_37_0_, salesdetai0_.sdlst as sdlst46_37_0_, salesdetai0_.sdlnty as sdlnty47_37_0_, salesdetai0_.sdlocid as sdlocid48_37_0_, salesdetai0_.sdnst as sdnst49_37_0_, salesdetai0_.sdobid as sdobid50_37_0_, salesdetai0_.sdqtyop as sdqtyop51_37_0_, salesdetai0_.sdordt as sdordt52_37_0_, salesdetai0_.sdott as sdott53_37_0_, salesdetai0_.sdordocdt as sdordoc54_37_0_, salesdetai0_.sdordocno as sdordoc55_37_0_, salesdetai0_.sdordocsq as sdordoc56_37_0_, salesdetai0_.sdordocty as sdordoc57_37_0_, salesdetai0_.sdprid as sdprid58_37_0_, salesdetai0_.sdpyid as sdpyid59_37_0_, salesdetai0_.sdptc as sdptc60_37_0_, salesdetai0_.sdpqor as sdpqor61_37_0_, salesdetai0_.sduom1 as sduom62_37_0_, salesdetai0_.sdrbuid as sdrbuid63_37_0_, salesdetai0_.sdpjid as sdpjid64_37_0_, salesdetai0_.sdpddt as sdpddt65_37_0_, salesdetai0_.sdqty as sdqty66_37_0_, salesdetai0_.sdstid as sdstid67_37_0_, salesdetai0_.sdvr04 as sdvr68_37_0_, salesdetai0_.sdvr01 as sdvr69_37_0_, salesdetai0_.sdvr03 as sdvr70_37_0_, salesdetai0_.sdvr05 as sdvr71_37_0_, salesdetai0_.sdvr02 as sdvr72_37_0_, salesdetai0_.sdrldocno as sdrldoc73_37_0_, salesdetai0_.sdrldocsq as sdrldoc74_37_0_, salesdetai0_.sdrldocty as sdrldoc75_37_0_, salesdetai0_.sdrqdt as sdrqdt76_37_0_, salesdetai0_.sdqtyrn as sdqtyrn77_37_0_, salesdetai0_.sdso03 as sdso78_37_0_, salesdetai0_.sdso01 as sdso79_37_0_, salesdetai0_.sdso02 as sdso80_37_0_, salesdetai0_.sdslid as sdslid81_37_0_, salesdetai0_.sdsqor as sdsqor82_37_0_, salesdetai0_.sduom2 as sduom83_37_0_, salesdetai0_.sdsnlot as sdsnlot84_37_0_, salesdetai0_.sdslrc1 as sdslrc85_37_0_, salesdetai0_.sdqtysh as sdqtysh86_37_0_, salesdetai0_.sdtaxal as sdtaxal87_37_0_, salesdetai0_.sdtaxam as sdtaxam88_37_0_, salesdetai0_.sdtaxab as sdtaxab89_37_0_, salesdetai0_.sdtaxcd as sdtaxcd90_37_0_, salesdetai0_.sdtaxrt as sdtaxrt91_37_0_, salesdetai0_.sdcrct as sdcrct92_37_0_, salesdetai0_.sditc03 as sditc93_37_0_, salesdetai0_.sducf as sducf94_37_0_, salesdetai0_.sduncost as sduncos95_37_0_, salesdetai0_.sdudc as sdudc96_37_0_, salesdetai0_.sdudf as sdudf97_37_0_, salesdetai0_.sduom as sduom98_37_0_, salesdetai0_.sdunprice as sdunpri99_37_0_, salesdetai0_.sdurnb1 as sdurnb100_37_0_, salesdetai0_.sdurnb2 as sdurnb101_37_0_, salesdetai0_.sdvhrn as sdvhrn102_37_0_, salesdetai0_.sdvhty as sdvhty103_37_0_, salesdetai0_.sdqtyvl as sdqtyv104_37_0_, salesdetai0_.sduomv as sduomv105_37_0_, salesdetai0_.sdqtywt as sdqtyw106_37_0_, salesdetai0_.sduomw as sduomw107_37_0_, salesorder1_.shcoid as shcoid1_36_1_, salesorder1_.shdocono as shdocono2_36_1_, salesorder1_.shdocoty as shdocoty3_36_1_, salesorder1_.shcid as shcid4_36_1_, salesorder1_.shdtin as shdtin5_36_1_, salesorder1_.shtmin as shtmin6_36_1_, salesorder1_.shuid as shuid7_36_1_, salesorder1_.shdtlu as shdtlu8_36_1_, salesorder1_.shtmlu as shtmlu9_36_1_, salesorder1_.shuidm as shuidm10_36_1_, salesorder1_.shata as shata11_36_1_, salesorder1_.shatd as shatd12_36_1_, salesorder1_.shcrcb as shcrcb13_36_1_, salesorder1_.shbuid as shbuid14_36_1_, salesorder1_.shcldt as shcldt15_36_1_, salesorder1_.shcot as shcot16_36_1_, salesorder1_.shcsid as shcsid17_36_1_, salesorder1_.shcsdocdt as shcsdoc18_36_1_, salesorder1_.shcsdocno as shcsdoc19_36_1_, salesorder1_.shdod as shdod20_36_1_, salesorder1_.shdol as shdol21_36_1_, salesorder1_.shdou as shdou22_36_1_, salesorder1_.shdldt as shdldt23_36_1_, salesorder1_.shdesb1 as shdesb24_36_1_, salesorder1_.shdccd as shdccd25_36_1_, salesorder1_.shdcrt as shdcrt26_36_1_, salesorder1_.sheta as sheta27_36_1_, salesorder1_.shetd as shetd28_36_1_, salesorder1_.shexcrt as shexcrt29_36_1_, salesorder1_.shexid as shexid30_36_1_, salesorder1_.shead as shead31_36_1_, salesorder1_.shean as shean32_36_1_, salesorder1_.shedd as shedd33_36_1_, salesorder1_.shedn as shedn34_36_1_, salesorder1_.shfbd as shfbd35_36_1_, salesorder1_.shfbn as shfbn36_36_1_, salesorder1_.shfhc as shfhc37_36_1_, salesorder1_.shgldt as shgldt38_36_1_, salesorder1_.shgscrt as shgscrt39_36_1_, salesorder1_.shhcod as shhcod40_36_1_, salesorder1_.shlst as shlst41_36_1_, salesorder1_.shnst as shnst42_36_1_, salesorder1_.shobid as shobid43_36_1_, salesorder1_.shordt as shordt44_36_1_, salesorder1_.shordocdt as shordoc45_36_1_, salesorder1_.shordocno as shordoc46_36_1_, salesorder1_.shprid as shprid47_36_1_, salesorder1_.shpyid as shpyid48_36_1_, salesorder1_.shptc as shptc49_36_1_, salesorder1_.shpoa as shpoa50_36_1_, salesorder1_.shpod as shpod51_36_1_, salesorder1_.shrbuid as shrbuid52_36_1_, salesorder1_.shpjid as shpjid53_36_1_, salesorder1_.shpddt as shpddt54_36_1_, salesorder1_.shstid as shstid55_36_1_, salesorder1_.shrqdt as shrqdt56_36_1_, salesorder1_.shslid as shslid57_36_1_, salesorder1_.shshcn as shshcn58_36_1_, salesorder1_.shshmt as shshmt59_36_1_, salesorder1_.shtagid as shtagid60_36_1_, salesorder1_.shtaxal as shtaxal61_36_1_, salesorder1_.shtaxcd as shtaxcd62_36_1_, salesorder1_.shtaxrt as shtaxrt63_36_1_, salesorder1_.shcrct as shcrct64_36_1_, salesorder1_.shurdt1 as shurdt65_36_1_, salesorder1_.shurdt2 as shurdt66_36_1_ from t4211 salesdetai0_ inner join t4201 salesorder1_ on salesdetai0_.sdcoid=salesorder1_.shcoid and salesdetai0_.sddocono=salesorder1_.shdocono and salesdetai0_.sddocoty=salesorder1_.shdocoty where salesdetai0_.sdcoid=? and salesdetai0_.sddocono=? and salesdetai0_.sddocosq=? and salesdetai0_.sddocoty=?
Hibernate: select serialnumb0_.coid as coid1_43_0_, serialnumb0_.docno as docno2_43_0_, serialnumb0_.docty as docty3_43_0_, serialnumb0_.docsq as docsq4_43_0_, serialnumb0_.buid as buid5_43_0_, serialnumb0_.inum as inum6_43_0_, serialnumb0_.snlot as snlot7_43_0_, lotmaster1_.ltbuid as ltbuid1_34_1_, lotmaster1_.ltinum as ltinum2_34_1_, lotmaster1_.ltsnlot as ltsnlot3_34_1_, lotmaster1_.ltcid as ltcid4_34_1_, lotmaster1_.ltdtin as ltdtin5_34_1_, lotmaster1_.lttmin as lttmin6_34_1_, lotmaster1_.ltuid as ltuid7_34_1_, lotmaster1_.ltdtlu as ltdtlu8_34_1_, lotmaster1_.lttmlu as lttmlu9_34_1_, lotmaster1_.ltuidm as ltuidm10_34_1_, lotmaster1_.ltbodt as ltbodt11_34_1_, lotmaster1_.ltbbdt as ltbbdt12_34_1_, lotmaster1_.ltcldt as ltcldt13_34_1_, lotmaster1_.ltexpdt as ltexpdt14_34_1_, lotmaster1_.ltldsc as ltldsc15_34_1_, lotmaster1_.ltledt as ltledt16_34_1_, lotmaster1_.ltlsc as ltlsc17_34_1_, lotmaster1_.ltmlot1 as ltmlot18_34_1_, lotmaster1_.ltmlot2 as ltmlot19_34_1_, lotmaster1_.ltmlot3 as ltmlot20_34_1_, lotmaster1_.ltohdt as ltohdt21_34_1_, lotmaster1_.ltsern as ltsern22_34_1_ from transaction_serialnumbers serialnumb0_ inner join t4108 lotmaster1_ on serialnumb0_.buid=lotmaster1_.ltbuid and serialnumb0_.inum=lotmaster1_.ltinum and serialnumb0_.snlot=lotmaster1_.ltsnlot where serialnumb0_.coid=? and serialnumb0_.docno=? and serialnumb0_.docty=? and serialnumb0_.docsq=?
Hibernate: select salesshipm0_.slcoid as slcoid1_38_, salesshipm0_.sldocno as sldocno2_38_, salesshipm0_.sldocty as sldocty3_38_, salesshipm0_.sldocsq as sldocsq4_38_, salesshipm0_.slcid as slcid5_38_, salesshipm0_.sldtin as sldtin6_38_, salesshipm0_.sltmin as sltmin7_38_, salesshipm0_.sluid as sluid8_38_, salesshipm0_.sldtlu as sldtlu9_38_, salesshipm0_.sltmlu as sltmlu10_38_, salesshipm0_.sluidm as sluidm11_38_, salesshipm0_.slacid as slacid12_38_, salesshipm0_.slata as slata13_38_, salesshipm0_.slatd as slatd14_38_, salesshipm0_.slcrcb as slcrcb15_38_, salesshipm0_.slicu as slicu16_38_, salesshipm0_.slicut as slicut17_38_, salesshipm0_.slitc02 as slitc18_38_, salesshipm0_.slbuid as slbuid19_38_, salesshipm0_.slitc01 as slitc20_38_, salesshipm0_.slcnid as slcnid21_38_, salesshipm0_.slcsid as slcsid22_38_, salesshipm0_.slcsdocdt as slcsdoc23_38_, salesshipm0_.slcsdocno as slcsdoc24_38_, salesshipm0_.sldod as sldod25_38_, salesshipm0_.sldol as sldol26_38_, salesshipm0_.sldou as sldou27_38_, salesshipm0_.sldldt as sldldt28_38_, salesshipm0_.sldesc1 as sldesc29_38_, salesshipm0_.sldesc2 as sldesc30_38_, salesshipm0_.sldccd as sldccd31_38_, salesshipm0_.sldcrt as sldcrt32_38_, salesshipm0_.sldocdt as sldocdt33_38_, salesshipm0_.sleta as sleta34_38_, salesshipm0_.sletd as sletd35_38_, salesshipm0_.slexcrt as slexcrt36_38_, salesshipm0_.slexid as slexid37_38_, salesshipm0_.slead as slead38_38_, salesshipm0_.slean as slean39_38_, salesshipm0_.sledd as sledd40_38_, salesshipm0_.sledn as sledn41_38_, salesshipm0_.slexcost as slexcos42_38_, salesshipm0_.slexprice as slexpri43_38_, salesshipm0_.slfep as slfep44_38_, salesshipm0_.slfta as slfta45_38_, salesshipm0_.slftb as slftb46_38_, salesshipm0_.slfup as slfup47_38_, salesshipm0_.slfbd as slfbd48_38_, salesshipm0_.slfbn as slfbn49_38_, salesshipm0_.slglcls as slglcls50_38_, salesshipm0_.slgscrt as slgscrt51_38_, salesshipm0_.slir02 as slir52_38_, salesshipm0_.slir01 as slir53_38_, salesshipm0_.slir03 as slir54_38_, salesshipm0_.slitt as slitt55_38_, salesshipm0_.sldocidt as sldocid56_38_, salesshipm0_.sldocino as sldocin57_38_, salesshipm0_.sldocisq as sldocis58_38_, salesshipm0_.sldocity as sldocit59_38_, salesshipm0_.slinum as slinum60_38_, salesshipm0_.sldesb1 as sldesb61_38_, salesshipm0_.slitc05 as slitc62_38_, salesshipm0_.sllst as sllst63_38_, salesshipm0_.sllnty as sllnty64_38_, salesshipm0_.sllocid as sllocid65_38_, salesshipm0_.slnst as slnst66_38_, salesshipm0_.slobid as slobid67_38_, salesshipm0_.sldocono as sldocon68_38_, salesshipm0_.sldocosq as sldocos69_38_, salesshipm0_.sldocoty as sldocot70_38_, salesshipm0_.slordocdt as slordoc71_38_, salesshipm0_.slordocno as slordoc72_38_, salesshipm0_.slordocsq as slordoc73_38_, salesshipm0_.slordocty as slordoc74_38_, salesshipm0_.slprid as slprid75_38_, salesshipm0_.slpyid as slpyid76_38_, salesshipm0_.slptc as slptc77_38_, salesshipm0_.slpoa as slpoa78_38_, salesshipm0_.slpod as slpod79_38_, salesshipm0_.slpqot as slpqot80_38_, salesshipm0_.sluom1 as sluom81_38_, salesshipm0_.slrbuid as slrbuid82_38_, salesshipm0_.slpjid as slpjid83_38_, salesshipm0_.slqty as slqty84_38_, salesshipm0_.slstid as slstid85_38_, salesshipm0_.slrecid as slrecid86_38_, salesshipm0_.slvr04 as slvr87_38_, salesshipm0_.slvr01 as slvr88_38_, salesshipm0_.slvr03 as slvr89_38_, salesshipm0_.slvr05 as slvr90_38_, salesshipm0_.slvr02 as slvr91_38_, salesshipm0_.slso03 as slso92_38_, salesshipm0_.slso01 as slso93_38_, salesshipm0_.slso02 as slso94_38_, salesshipm0_.slslid as slslid95_38_, salesshipm0_.slsqot as slsqot96_38_, salesshipm0_.sluom2 as sluom97_38_, salesshipm0_.slsnlot as slsnlot98_38_, salesshipm0_.slslrc1 as slslrc99_38_, salesshipm0_.slshcn as slshcn100_38_, salesshipm0_.sltaxal as sltaxa101_38_, salesshipm0_.sltaxam as sltaxa102_38_, salesshipm0_.sltaxab as sltaxa103_38_, salesshipm0_.sltaxcd as sltaxc104_38_, salesshipm0_.sltaxidt as sltaxi105_38_, salesshipm0_.sltaxino as sltaxi106_38_, salesshipm0_.sltaxrt as sltaxr107_38_, salesshipm0_.sldnop as sldnop108_38_, salesshipm0_.slinop as slinop109_38_, salesshipm0_.slcrct as slcrct110_38_, salesshipm0_.slitc03 as slitc111_38_, salesshipm0_.slucf as slucf112_38_, salesshipm0_.sluncost as slunco113_38_, salesshipm0_.sludc as sludc114_38_, salesshipm0_.sludf as sludf115_38_, salesshipm0_.sluom as sluom116_38_, salesshipm0_.slunprice as slunpr117_38_, salesshipm0_.slinvdt as slinvd118_38_, salesshipm0_.slinvno as slinvn119_38_ from t4212 salesshipm0_ where salesshipm0_.slcoid=? and salesshipm0_.sldocno=? and salesshipm0_.sldocty=?
2018-12-27 11:25:54.361  INFO 2120 --- [    Test worker] o.s.t.c.transaction.TransactionContext   : Rolled back transaction for test: [DefaultTestContext@37350c9d testClass = SalesShipmentApiTest, testInstance = ags.goldenlionerp.apiTests.sales.SalesShipmentApiTest@5bddee73, testMethod = getTestSingle@ApiTestBase, testException = [null], mergedContextConfiguration = [WebMergedContextConfiguration@13aa9a2c testClass = SalesShipmentApiTest, locations = '{}', classes = '{class ags.goldenlionerp.GoldenLionErpApplication}', contextInitializerClasses = '[]', activeProfiles = '{}', propertySourceLocations = '{classpath:test.properties}', propertySourceProperties = '{org.springframework.boot.test.context.SpringBootTestContextBootstrapper=true}', contextCustomizers = set[org.springframework.boot.test.autoconfigure.properties.PropertyMappingContextCustomizer@0, org.springframework.boot.test.autoconfigure.web.servlet.WebDriverContextCustomizerFactory$Customizer@636d731e, [ImportsContextCustomizer@2a93360c key = [ags.goldenlionerp.apiTests.ApiTestBase$TestConfig]], org.springframework.boot.test.context.filter.ExcludeFilterContextCustomizer@6afa5291, org.springframework.boot.test.json.DuplicateJsonObjectContextCustomizerFactory$DuplicateJsonObjectContextCustomizer@20cebcb4, org.springframework.boot.test.mock.mockito.MockitoContextCustomizer@0, org.springframework.boot.test.web.client.TestRestTemplateContextCustomizer@49a32273], resourceBasePath = 'src/main/webapp', contextLoader = 'org.springframework.boot.test.context.SpringBootContextLoader', parent = [null]], attributes = map['org.springframework.test.context.web.ServletTestExecutionListener.activateListener' -> true, 'org.springframework.test.context.web.ServletTestExecutionListener.populatedRequestContextHolder' -> true, 'org.springframework.test.context.web.ServletTestExecutionListener.resetRequestContextHolder' -> true]]
2018-12-27 11:25:54.365  INFO 2120 --- [    Test worker] o.s.t.c.transaction.TransactionContext   : Began transaction (1) for test context [DefaultTestContext@37350c9d testClass = SalesShipmentApiTest, testInstance = ags.goldenlionerp.apiTests.sales.SalesShipmentApiTest@657dcb60, testMethod = updateTestWithPatch@ApiTestBase, testException = [null], mergedContextConfiguration = [WebMergedContextConfiguration@13aa9a2c testClass = SalesShipmentApiTest, locations = '{}', classes = '{class ags.goldenlionerp.GoldenLionErpApplication}', contextInitializerClasses = '[]', activeProfiles = '{}', propertySourceLocations = '{classpath:test.properties}', propertySourceProperties = '{org.springframework.boot.test.context.SpringBootTestContextBootstrapper=true}', contextCustomizers = set[org.springframework.boot.test.autoconfigure.properties.PropertyMappingContextCustomizer@0, org.springframework.boot.test.autoconfigure.web.servlet.WebDriverContextCustomizerFactory$Customizer@636d731e, [ImportsContextCustomizer@2a93360c key = [ags.goldenlionerp.apiTests.ApiTestBase$TestConfig]], org.springframework.boot.test.context.filter.ExcludeFilterContextCustomizer@6afa5291, org.springframework.boot.test.json.DuplicateJsonObjectContextCustomizerFactory$DuplicateJsonObjectContextCustomizer@20cebcb4, org.springframework.boot.test.mock.mockito.MockitoContextCustomizer@0, org.springframework.boot.test.web.client.TestRestTemplateContextCustomizer@49a32273], resourceBasePath = 'src/main/webapp', contextLoader = 'org.springframework.boot.test.context.SpringBootContextLoader', parent = [null]], attributes = map['org.springframework.test.context.web.ServletTestExecutionListener.activateListener' -> true, 'org.springframework.test.context.web.ServletTestExecutionListener.populatedRequestContextHolder' -> true, 'org.springframework.test.context.web.ServletTestExecutionListener.resetRequestContextHolder' -> true]]; transaction manager [org.springframework.orm.jpa.JpaTransactionManager@75de8c12]; rollback [true]
2018-12-27 11:25:54.366  INFO 2120 --- [    Test worker] o.s.b.t.m.w.SpringBootMockServletContext : Initializing Spring FrameworkServlet ''
2018-12-27 11:25:54.366  INFO 2120 --- [    Test worker] o.s.t.web.servlet.TestDispatcherServlet  : FrameworkServlet '': initialization started
2018-12-27 11:25:54.376  INFO 2120 --- [    Test worker] o.s.t.web.servlet.TestDispatcherServlet  : FrameworkServlet '': initialization completed in 10 ms
Hibernate: select salesorder0_.shcoid as shcoid1_36_0_, salesorder0_.shdocono as shdocono2_36_0_, salesorder0_.shdocoty as shdocoty3_36_0_, salesorder0_.shcid as shcid4_36_0_, salesorder0_.shdtin as shdtin5_36_0_, salesorder0_.shtmin as shtmin6_36_0_, salesorder0_.shuid as shuid7_36_0_, salesorder0_.shdtlu as shdtlu8_36_0_, salesorder0_.shtmlu as shtmlu9_36_0_, salesorder0_.shuidm as shuidm10_36_0_, salesorder0_.shata as shata11_36_0_, salesorder0_.shatd as shatd12_36_0_, salesorder0_.shcrcb as shcrcb13_36_0_, salesorder0_.shbuid as shbuid14_36_0_, salesorder0_.shcldt as shcldt15_36_0_, salesorder0_.shcot as shcot16_36_0_, salesorder0_.shcsid as shcsid17_36_0_, salesorder0_.shcsdocdt as shcsdoc18_36_0_, salesorder0_.shcsdocno as shcsdoc19_36_0_, salesorder0_.shdod as shdod20_36_0_, salesorder0_.shdol as shdol21_36_0_, salesorder0_.shdou as shdou22_36_0_, salesorder0_.shdldt as shdldt23_36_0_, salesorder0_.shdesb1 as shdesb24_36_0_, salesorder0_.shdccd as shdccd25_36_0_, salesorder0_.shdcrt as shdcrt26_36_0_, salesorder0_.sheta as sheta27_36_0_, salesorder0_.shetd as shetd28_36_0_, salesorder0_.shexcrt as shexcrt29_36_0_, salesorder0_.shexid as shexid30_36_0_, salesorder0_.shead as shead31_36_0_, salesorder0_.shean as shean32_36_0_, salesorder0_.shedd as shedd33_36_0_, salesorder0_.shedn as shedn34_36_0_, salesorder0_.shfbd as shfbd35_36_0_, salesorder0_.shfbn as shfbn36_36_0_, salesorder0_.shfhc as shfhc37_36_0_, salesorder0_.shgldt as shgldt38_36_0_, salesorder0_.shgscrt as shgscrt39_36_0_, salesorder0_.shhcod as shhcod40_36_0_, salesorder0_.shlst as shlst41_36_0_, salesorder0_.shnst as shnst42_36_0_, salesorder0_.shobid as shobid43_36_0_, salesorder0_.shordt as shordt44_36_0_, salesorder0_.shordocdt as shordoc45_36_0_, salesorder0_.shordocno as shordoc46_36_0_, salesorder0_.shprid as shprid47_36_0_, salesorder0_.shpyid as shpyid48_36_0_, salesorder0_.shptc as shptc49_36_0_, salesorder0_.shpoa as shpoa50_36_0_, salesorder0_.shpod as shpod51_36_0_, salesorder0_.shrbuid as shrbuid52_36_0_, salesorder0_.shpjid as shpjid53_36_0_, salesorder0_.shpddt as shpddt54_36_0_, salesorder0_.shstid as shstid55_36_0_, salesorder0_.shrqdt as shrqdt56_36_0_, salesorder0_.shslid as shslid57_36_0_, salesorder0_.shshcn as shshcn58_36_0_, salesorder0_.shshmt as shshmt59_36_0_, salesorder0_.shtagid as shtagid60_36_0_, salesorder0_.shtaxal as shtaxal61_36_0_, salesorder0_.shtaxcd as shtaxcd62_36_0_, salesorder0_.shtaxrt as shtaxrt63_36_0_, salesorder0_.shcrct as shcrct64_36_0_, salesorder0_.shurdt1 as shurdt65_36_0_, salesorder0_.shurdt2 as shurdt66_36_0_ from t4201 salesorder0_ where salesorder0_.shcoid=? and salesorder0_.shdocono=? and salesorder0_.shdocoty=?
Hibernate: select details0_.sdcoid as sdcoid1_37_0_, details0_.sddocono as sddocono2_37_0_, details0_.sddocoty as sddocoty4_37_0_, details0_.sddocosq as sddocosq3_37_0_, details0_.sdcoid as sdcoid1_37_1_, details0_.sddocono as sddocono2_37_1_, details0_.sddocosq as sddocosq3_37_1_, details0_.sddocoty as sddocoty4_37_1_, details0_.sdcid as sdcid5_37_1_, details0_.sddtin as sddtin6_37_1_, details0_.sdtmin as sdtmin7_37_1_, details0_.sduid as sduid8_37_1_, details0_.sddtlu as sddtlu9_37_1_, details0_.sdtmlu as sdtmlu10_37_1_, details0_.sduidm as sduidm11_37_1_, details0_.sdacid as sdacid12_37_1_, details0_.sdcrcb as sdcrcb13_37_1_, details0_.sditc02 as sditc14_37_1_, details0_.sdbuid as sdbuid15_37_1_, details0_.sdqtycl as sdqtycl16_37_1_, details0_.sditc01 as sditc17_37_1_, details0_.sdcldt as sdcldt18_37_1_, details0_.sdcnid as sdcnid19_37_1_, details0_.sdcsid as sdcsid20_37_1_, details0_.sddldt as sddldt21_37_1_, details0_.sddccd as sddccd22_37_1_, details0_.sddcrt as sddcrt23_37_1_, details0_.sdexcrt as sdexcrt24_37_1_, details0_.sdexid as sdexid25_37_1_, details0_.sdexcost as sdexcos26_37_1_, details0_.sdexprice as sdexpri27_37_1_, details0_.sdqtyx as sdqtyx28_37_1_, details0_.sducfx as sducfx29_37_1_, details0_.sduomx as sduomx30_37_1_, details0_.sdunpricex as sdunpri31_37_1_, details0_.sdfep as sdfep32_37_1_, details0_.sdfta as sdfta33_37_1_, details0_.sdftb as sdftb34_37_1_, details0_.sdfup as sdfup35_37_1_, details0_.sdglcls as sdglcls36_37_1_, details0_.sdgldt as sdgldt37_37_1_, details0_.sdgscrt as sdgscrt38_37_1_, details0_.sdhcod as sdhcod39_37_1_, details0_.sdir02 as sdir40_37_1_, details0_.sdir01 as sdir41_37_1_, details0_.sdir03 as sdir42_37_1_, details0_.sdinum as sdinum43_37_1_, details0_.sddesb1 as sddesb44_37_1_, details0_.sditc05 as sditc45_37_1_, details0_.sdlst as sdlst46_37_1_, details0_.sdlnty as sdlnty47_37_1_, details0_.sdlocid as sdlocid48_37_1_, details0_.sdnst as sdnst49_37_1_, details0_.sdobid as sdobid50_37_1_, details0_.sdqtyop as sdqtyop51_37_1_, details0_.sdordt as sdordt52_37_1_, details0_.sdott as sdott53_37_1_, details0_.sdordocdt as sdordoc54_37_1_, details0_.sdordocno as sdordoc55_37_1_, details0_.sdordocsq as sdordoc56_37_1_, details0_.sdordocty as sdordoc57_37_1_, details0_.sdprid as sdprid58_37_1_, details0_.sdpyid as sdpyid59_37_1_, details0_.sdptc as sdptc60_37_1_, details0_.sdpqor as sdpqor61_37_1_, details0_.sduom1 as sduom62_37_1_, details0_.sdrbuid as sdrbuid63_37_1_, details0_.sdpjid as sdpjid64_37_1_, details0_.sdpddt as sdpddt65_37_1_, details0_.sdqty as sdqty66_37_1_, details0_.sdstid as sdstid67_37_1_, details0_.sdvr04 as sdvr68_37_1_, details0_.sdvr01 as sdvr69_37_1_, details0_.sdvr03 as sdvr70_37_1_, details0_.sdvr05 as sdvr71_37_1_, details0_.sdvr02 as sdvr72_37_1_, details0_.sdrldocno as sdrldoc73_37_1_, details0_.sdrldocsq as sdrldoc74_37_1_, details0_.sdrldocty as sdrldoc75_37_1_, details0_.sdrqdt as sdrqdt76_37_1_, details0_.sdqtyrn as sdqtyrn77_37_1_, details0_.sdso03 as sdso78_37_1_, details0_.sdso01 as sdso79_37_1_, details0_.sdso02 as sdso80_37_1_, details0_.sdslid as sdslid81_37_1_, details0_.sdsqor as sdsqor82_37_1_, details0_.sduom2 as sduom83_37_1_, details0_.sdsnlot as sdsnlot84_37_1_, details0_.sdslrc1 as sdslrc85_37_1_, details0_.sdqtysh as sdqtysh86_37_1_, details0_.sdtaxal as sdtaxal87_37_1_, details0_.sdtaxam as sdtaxam88_37_1_, details0_.sdtaxab as sdtaxab89_37_1_, details0_.sdtaxcd as sdtaxcd90_37_1_, details0_.sdtaxrt as sdtaxrt91_37_1_, details0_.sdcrct as sdcrct92_37_1_, details0_.sditc03 as sditc93_37_1_, details0_.sducf as sducf94_37_1_, details0_.sduncost as sduncos95_37_1_, details0_.sdudc as sdudc96_37_1_, details0_.sdudf as sdudf97_37_1_, details0_.sduom as sduom98_37_1_, details0_.sdunprice as sdunpri99_37_1_, details0_.sdurnb1 as sdurnb100_37_1_, details0_.sdurnb2 as sdurnb101_37_1_, details0_.sdvhrn as sdvhrn102_37_1_, details0_.sdvhty as sdvhty103_37_1_, details0_.sdqtyvl as sdqtyv104_37_1_, details0_.sduomv as sduomv105_37_1_, details0_.sdqtywt as sdqtyw106_37_1_, details0_.sduomw as sduomw107_37_1_ from t4211 details0_ where details0_.sdcoid=? and details0_.sddocono=? and details0_.sddocoty=?
Hibernate: select salesshipm0_.slcoid as slcoid1_38_0_, salesshipm0_.sldocno as sldocno2_38_0_, salesshipm0_.sldocty as sldocty3_38_0_, salesshipm0_.sldocsq as sldocsq4_38_0_, salesshipm0_.slcid as slcid5_38_0_, salesshipm0_.sldtin as sldtin6_38_0_, salesshipm0_.sltmin as sltmin7_38_0_, salesshipm0_.sluid as sluid8_38_0_, salesshipm0_.sldtlu as sldtlu9_38_0_, salesshipm0_.sltmlu as sltmlu10_38_0_, salesshipm0_.sluidm as sluidm11_38_0_, salesshipm0_.slacid as slacid12_38_0_, salesshipm0_.slata as slata13_38_0_, salesshipm0_.slatd as slatd14_38_0_, salesshipm0_.slcrcb as slcrcb15_38_0_, salesshipm0_.slicu as slicu16_38_0_, salesshipm0_.slicut as slicut17_38_0_, salesshipm0_.slitc02 as slitc18_38_0_, salesshipm0_.slbuid as slbuid19_38_0_, salesshipm0_.slitc01 as slitc20_38_0_, salesshipm0_.slcnid as slcnid21_38_0_, salesshipm0_.slcsid as slcsid22_38_0_, salesshipm0_.slcsdocdt as slcsdoc23_38_0_, salesshipm0_.slcsdocno as slcsdoc24_38_0_, salesshipm0_.sldod as sldod25_38_0_, salesshipm0_.sldol as sldol26_38_0_, salesshipm0_.sldou as sldou27_38_0_, salesshipm0_.sldldt as sldldt28_38_0_, salesshipm0_.sldesc1 as sldesc29_38_0_, salesshipm0_.sldesc2 as sldesc30_38_0_, salesshipm0_.sldccd as sldccd31_38_0_, salesshipm0_.sldcrt as sldcrt32_38_0_, salesshipm0_.sldocdt as sldocdt33_38_0_, salesshipm0_.sleta as sleta34_38_0_, salesshipm0_.sletd as sletd35_38_0_, salesshipm0_.slexcrt as slexcrt36_38_0_, salesshipm0_.slexid as slexid37_38_0_, salesshipm0_.slead as slead38_38_0_, salesshipm0_.slean as slean39_38_0_, salesshipm0_.sledd as sledd40_38_0_, salesshipm0_.sledn as sledn41_38_0_, salesshipm0_.slexcost as slexcos42_38_0_, salesshipm0_.slexprice as slexpri43_38_0_, salesshipm0_.slfep as slfep44_38_0_, salesshipm0_.slfta as slfta45_38_0_, salesshipm0_.slftb as slftb46_38_0_, salesshipm0_.slfup as slfup47_38_0_, salesshipm0_.slfbd as slfbd48_38_0_, salesshipm0_.slfbn as slfbn49_38_0_, salesshipm0_.slglcls as slglcls50_38_0_, salesshipm0_.slgscrt as slgscrt51_38_0_, salesshipm0_.slir02 as slir52_38_0_, salesshipm0_.slir01 as slir53_38_0_, salesshipm0_.slir03 as slir54_38_0_, salesshipm0_.slitt as slitt55_38_0_, salesshipm0_.sldocidt as sldocid56_38_0_, salesshipm0_.sldocino as sldocin57_38_0_, salesshipm0_.sldocisq as sldocis58_38_0_, salesshipm0_.sldocity as sldocit59_38_0_, salesshipm0_.slinum as slinum60_38_0_, salesshipm0_.sldesb1 as sldesb61_38_0_, salesshipm0_.slitc05 as slitc62_38_0_, salesshipm0_.sllst as sllst63_38_0_, salesshipm0_.sllnty as sllnty64_38_0_, salesshipm0_.sllocid as sllocid65_38_0_, salesshipm0_.slnst as slnst66_38_0_, salesshipm0_.slobid as slobid67_38_0_, salesshipm0_.sldocono as sldocon68_38_0_, salesshipm0_.sldocosq as sldocos69_38_0_, salesshipm0_.sldocoty as sldocot70_38_0_, salesshipm0_.slordocdt as slordoc71_38_0_, salesshipm0_.slordocno as slordoc72_38_0_, salesshipm0_.slordocsq as slordoc73_38_0_, salesshipm0_.slordocty as slordoc74_38_0_, salesshipm0_.slprid as slprid75_38_0_, salesshipm0_.slpyid as slpyid76_38_0_, salesshipm0_.slptc as slptc77_38_0_, salesshipm0_.slpoa as slpoa78_38_0_, salesshipm0_.slpod as slpod79_38_0_, salesshipm0_.slpqot as slpqot80_38_0_, salesshipm0_.sluom1 as sluom81_38_0_, salesshipm0_.slrbuid as slrbuid82_38_0_, salesshipm0_.slpjid as slpjid83_38_0_, salesshipm0_.slqty as slqty84_38_0_, salesshipm0_.slstid as slstid85_38_0_, salesshipm0_.slrecid as slrecid86_38_0_, salesshipm0_.slvr04 as slvr87_38_0_, salesshipm0_.slvr01 as slvr88_38_0_, salesshipm0_.slvr03 as slvr89_38_0_, salesshipm0_.slvr05 as slvr90_38_0_, salesshipm0_.slvr02 as slvr91_38_0_, salesshipm0_.slso03 as slso92_38_0_, salesshipm0_.slso01 as slso93_38_0_, salesshipm0_.slso02 as slso94_38_0_, salesshipm0_.slslid as slslid95_38_0_, salesshipm0_.slsqot as slsqot96_38_0_, salesshipm0_.sluom2 as sluom97_38_0_, salesshipm0_.slsnlot as slsnlot98_38_0_, salesshipm0_.slslrc1 as slslrc99_38_0_, salesshipm0_.slshcn as slshcn100_38_0_, salesshipm0_.sltaxal as sltaxa101_38_0_, salesshipm0_.sltaxam as sltaxa102_38_0_, salesshipm0_.sltaxab as sltaxa103_38_0_, salesshipm0_.sltaxcd as sltaxc104_38_0_, salesshipm0_.sltaxidt as sltaxi105_38_0_, salesshipm0_.sltaxino as sltaxi106_38_0_, salesshipm0_.sltaxrt as sltaxr107_38_0_, salesshipm0_.sldnop as sldnop108_38_0_, salesshipm0_.slinop as slinop109_38_0_, salesshipm0_.slcrct as slcrct110_38_0_, salesshipm0_.slitc03 as slitc111_38_0_, salesshipm0_.slucf as slucf112_38_0_, salesshipm0_.sluncost as slunco113_38_0_, salesshipm0_.sludc as sludc114_38_0_, salesshipm0_.sludf as sludf115_38_0_, salesshipm0_.sluom as sluom116_38_0_, salesshipm0_.slunprice as slunpr117_38_0_, salesshipm0_.slinvdt as slinvd118_38_0_, salesshipm0_.slinvno as slinvn119_38_0_ from t4212 salesshipm0_ where salesshipm0_.slcoid=? and salesshipm0_.sldocno=? and salesshipm0_.sldocty=? and salesshipm0_.sldocsq=?
Hibernate: select salesshipm0_.slcoid as slcoid1_38_, salesshipm0_.sldocno as sldocno2_38_, salesshipm0_.sldocty as sldocty3_38_, salesshipm0_.sldocsq as sldocsq4_38_, salesshipm0_.slcid as slcid5_38_, salesshipm0_.sldtin as sldtin6_38_, salesshipm0_.sltmin as sltmin7_38_, salesshipm0_.sluid as sluid8_38_, salesshipm0_.sldtlu as sldtlu9_38_, salesshipm0_.sltmlu as sltmlu10_38_, salesshipm0_.sluidm as sluidm11_38_, salesshipm0_.slacid as slacid12_38_, salesshipm0_.slata as slata13_38_, salesshipm0_.slatd as slatd14_38_, salesshipm0_.slcrcb as slcrcb15_38_, salesshipm0_.slicu as slicu16_38_, salesshipm0_.slicut as slicut17_38_, salesshipm0_.slitc02 as slitc18_38_, salesshipm0_.slbuid as slbuid19_38_, salesshipm0_.slitc01 as slitc20_38_, salesshipm0_.slcnid as slcnid21_38_, salesshipm0_.slcsid as slcsid22_38_, salesshipm0_.slcsdocdt as slcsdoc23_38_, salesshipm0_.slcsdocno as slcsdoc24_38_, salesshipm0_.sldod as sldod25_38_, salesshipm0_.sldol as sldol26_38_, salesshipm0_.sldou as sldou27_38_, salesshipm0_.sldldt as sldldt28_38_, salesshipm0_.sldesc1 as sldesc29_38_, salesshipm0_.sldesc2 as sldesc30_38_, salesshipm0_.sldccd as sldccd31_38_, salesshipm0_.sldcrt as sldcrt32_38_, salesshipm0_.sldocdt as sldocdt33_38_, salesshipm0_.sleta as sleta34_38_, salesshipm0_.sletd as sletd35_38_, salesshipm0_.slexcrt as slexcrt36_38_, salesshipm0_.slexid as slexid37_38_, salesshipm0_.slead as slead38_38_, salesshipm0_.slean as slean39_38_, salesshipm0_.sledd as sledd40_38_, salesshipm0_.sledn as sledn41_38_, salesshipm0_.slexcost as slexcos42_38_, salesshipm0_.slexprice as slexpri43_38_, salesshipm0_.slfep as slfep44_38_, salesshipm0_.slfta as slfta45_38_, salesshipm0_.slftb as slftb46_38_, salesshipm0_.slfup as slfup47_38_, salesshipm0_.slfbd as slfbd48_38_, salesshipm0_.slfbn as slfbn49_38_, salesshipm0_.slglcls as slglcls50_38_, salesshipm0_.slgscrt as slgscrt51_38_, salesshipm0_.slir02 as slir52_38_, salesshipm0_.slir01 as slir53_38_, salesshipm0_.slir03 as slir54_38_, salesshipm0_.slitt as slitt55_38_, salesshipm0_.sldocidt as sldocid56_38_, salesshipm0_.sldocino as sldocin57_38_, salesshipm0_.sldocisq as sldocis58_38_, salesshipm0_.sldocity as sldocit59_38_, salesshipm0_.slinum as slinum60_38_, salesshipm0_.sldesb1 as sldesb61_38_, salesshipm0_.slitc05 as slitc62_38_, salesshipm0_.sllst as sllst63_38_, salesshipm0_.sllnty as sllnty64_38_, salesshipm0_.sllocid as sllocid65_38_, salesshipm0_.slnst as slnst66_38_, salesshipm0_.slobid as slobid67_38_, salesshipm0_.sldocono as sldocon68_38_, salesshipm0_.sldocosq as sldocos69_38_, salesshipm0_.sldocoty as sldocot70_38_, salesshipm0_.slordocdt as slordoc71_38_, salesshipm0_.slordocno as slordoc72_38_, salesshipm0_.slordocsq as slordoc73_38_, salesshipm0_.slordocty as slordoc74_38_, salesshipm0_.slprid as slprid75_38_, salesshipm0_.slpyid as slpyid76_38_, salesshipm0_.slptc as slptc77_38_, salesshipm0_.slpoa as slpoa78_38_, salesshipm0_.slpod as slpod79_38_, salesshipm0_.slpqot as slpqot80_38_, salesshipm0_.sluom1 as sluom81_38_, salesshipm0_.slrbuid as slrbuid82_38_, salesshipm0_.slpjid as slpjid83_38_, salesshipm0_.slqty as slqty84_38_, salesshipm0_.slstid as slstid85_38_, salesshipm0_.slrecid as slrecid86_38_, salesshipm0_.slvr04 as slvr87_38_, salesshipm0_.slvr01 as slvr88_38_, salesshipm0_.slvr03 as slvr89_38_, salesshipm0_.slvr05 as slvr90_38_, salesshipm0_.slvr02 as slvr91_38_, salesshipm0_.slso03 as slso92_38_, salesshipm0_.slso01 as slso93_38_, salesshipm0_.slso02 as slso94_38_, salesshipm0_.slslid as slslid95_38_, salesshipm0_.slsqot as slsqot96_38_, salesshipm0_.sluom2 as sluom97_38_, salesshipm0_.slsnlot as slsnlot98_38_, salesshipm0_.slslrc1 as slslrc99_38_, salesshipm0_.slshcn as slshcn100_38_, salesshipm0_.sltaxal as sltaxa101_38_, salesshipm0_.sltaxam as sltaxa102_38_, salesshipm0_.sltaxab as sltaxa103_38_, salesshipm0_.sltaxcd as sltaxc104_38_, salesshipm0_.sltaxidt as sltaxi105_38_, salesshipm0_.sltaxino as sltaxi106_38_, salesshipm0_.sltaxrt as sltaxr107_38_, salesshipm0_.sldnop as sldnop108_38_, salesshipm0_.slinop as slinop109_38_, salesshipm0_.slcrct as slcrct110_38_, salesshipm0_.slitc03 as slitc111_38_, salesshipm0_.slucf as slucf112_38_, salesshipm0_.sluncost as slunco113_38_, salesshipm0_.sludc as sludc114_38_, salesshipm0_.sludf as sludf115_38_, salesshipm0_.sluom as sluom116_38_, salesshipm0_.slunprice as slunpr117_38_, salesshipm0_.slinvdt as slinvd118_38_, salesshipm0_.slinvno as slinvn119_38_ from t4212 salesshipm0_ where salesshipm0_.slcoid=? and salesshipm0_.sldocno=? and salesshipm0_.sldocty=?
Hibernate: select salesdetai0_.sdcoid as sdcoid1_37_0_, salesdetai0_.sddocono as sddocono2_37_0_, salesdetai0_.sddocosq as sddocosq3_37_0_, salesdetai0_.sddocoty as sddocoty4_37_0_, salesdetai0_.sdcid as sdcid5_37_0_, salesdetai0_.sddtin as sddtin6_37_0_, salesdetai0_.sdtmin as sdtmin7_37_0_, salesdetai0_.sduid as sduid8_37_0_, salesdetai0_.sddtlu as sddtlu9_37_0_, salesdetai0_.sdtmlu as sdtmlu10_37_0_, salesdetai0_.sduidm as sduidm11_37_0_, salesdetai0_.sdacid as sdacid12_37_0_, salesdetai0_.sdcrcb as sdcrcb13_37_0_, salesdetai0_.sditc02 as sditc14_37_0_, salesdetai0_.sdbuid as sdbuid15_37_0_, salesdetai0_.sdqtycl as sdqtycl16_37_0_, salesdetai0_.sditc01 as sditc17_37_0_, salesdetai0_.sdcldt as sdcldt18_37_0_, salesdetai0_.sdcnid as sdcnid19_37_0_, salesdetai0_.sdcsid as sdcsid20_37_0_, salesdetai0_.sddldt as sddldt21_37_0_, salesdetai0_.sddccd as sddccd22_37_0_, salesdetai0_.sddcrt as sddcrt23_37_0_, salesdetai0_.sdexcrt as sdexcrt24_37_0_, salesdetai0_.sdexid as sdexid25_37_0_, salesdetai0_.sdexcost as sdexcos26_37_0_, salesdetai0_.sdexprice as sdexpri27_37_0_, salesdetai0_.sdqtyx as sdqtyx28_37_0_, salesdetai0_.sducfx as sducfx29_37_0_, salesdetai0_.sduomx as sduomx30_37_0_, salesdetai0_.sdunpricex as sdunpri31_37_0_, salesdetai0_.sdfep as sdfep32_37_0_, salesdetai0_.sdfta as sdfta33_37_0_, salesdetai0_.sdftb as sdftb34_37_0_, salesdetai0_.sdfup as sdfup35_37_0_, salesdetai0_.sdglcls as sdglcls36_37_0_, salesdetai0_.sdgldt as sdgldt37_37_0_, salesdetai0_.sdgscrt as sdgscrt38_37_0_, salesdetai0_.sdhcod as sdhcod39_37_0_, salesdetai0_.sdir02 as sdir40_37_0_, salesdetai0_.sdir01 as sdir41_37_0_, salesdetai0_.sdir03 as sdir42_37_0_, salesdetai0_.sdinum as sdinum43_37_0_, salesdetai0_.sddesb1 as sddesb44_37_0_, salesdetai0_.sditc05 as sditc45_37_0_, salesdetai0_.sdlst as sdlst46_37_0_, salesdetai0_.sdlnty as sdlnty47_37_0_, salesdetai0_.sdlocid as sdlocid48_37_0_, salesdetai0_.sdnst as sdnst49_37_0_, salesdetai0_.sdobid as sdobid50_37_0_, salesdetai0_.sdqtyop as sdqtyop51_37_0_, salesdetai0_.sdordt as sdordt52_37_0_, salesdetai0_.sdott as sdott53_37_0_, salesdetai0_.sdordocdt as sdordoc54_37_0_, salesdetai0_.sdordocno as sdordoc55_37_0_, salesdetai0_.sdordocsq as sdordoc56_37_0_, salesdetai0_.sdordocty as sdordoc57_37_0_, salesdetai0_.sdprid as sdprid58_37_0_, salesdetai0_.sdpyid as sdpyid59_37_0_, salesdetai0_.sdptc as sdptc60_37_0_, salesdetai0_.sdpqor as sdpqor61_37_0_, salesdetai0_.sduom1 as sduom62_37_0_, salesdetai0_.sdrbuid as sdrbuid63_37_0_, salesdetai0_.sdpjid as sdpjid64_37_0_, salesdetai0_.sdpddt as sdpddt65_37_0_, salesdetai0_.sdqty as sdqty66_37_0_, salesdetai0_.sdstid as sdstid67_37_0_, salesdetai0_.sdvr04 as sdvr68_37_0_, salesdetai0_.sdvr01 as sdvr69_37_0_, salesdetai0_.sdvr03 as sdvr70_37_0_, salesdetai0_.sdvr05 as sdvr71_37_0_, salesdetai0_.sdvr02 as sdvr72_37_0_, salesdetai0_.sdrldocno as sdrldoc73_37_0_, salesdetai0_.sdrldocsq as sdrldoc74_37_0_, salesdetai0_.sdrldocty as sdrldoc75_37_0_, salesdetai0_.sdrqdt as sdrqdt76_37_0_, salesdetai0_.sdqtyrn as sdqtyrn77_37_0_, salesdetai0_.sdso03 as sdso78_37_0_, salesdetai0_.sdso01 as sdso79_37_0_, salesdetai0_.sdso02 as sdso80_37_0_, salesdetai0_.sdslid as sdslid81_37_0_, salesdetai0_.sdsqor as sdsqor82_37_0_, salesdetai0_.sduom2 as sduom83_37_0_, salesdetai0_.sdsnlot as sdsnlot84_37_0_, salesdetai0_.sdslrc1 as sdslrc85_37_0_, salesdetai0_.sdqtysh as sdqtysh86_37_0_, salesdetai0_.sdtaxal as sdtaxal87_37_0_, salesdetai0_.sdtaxam as sdtaxam88_37_0_, salesdetai0_.sdtaxab as sdtaxab89_37_0_, salesdetai0_.sdtaxcd as sdtaxcd90_37_0_, salesdetai0_.sdtaxrt as sdtaxrt91_37_0_, salesdetai0_.sdcrct as sdcrct92_37_0_, salesdetai0_.sditc03 as sditc93_37_0_, salesdetai0_.sducf as sducf94_37_0_, salesdetai0_.sduncost as sduncos95_37_0_, salesdetai0_.sdudc as sdudc96_37_0_, salesdetai0_.sdudf as sdudf97_37_0_, salesdetai0_.sduom as sduom98_37_0_, salesdetai0_.sdunprice as sdunpri99_37_0_, salesdetai0_.sdurnb1 as sdurnb100_37_0_, salesdetai0_.sdurnb2 as sdurnb101_37_0_, salesdetai0_.sdvhrn as sdvhrn102_37_0_, salesdetai0_.sdvhty as sdvhty103_37_0_, salesdetai0_.sdqtyvl as sdqtyv104_37_0_, salesdetai0_.sduomv as sduomv105_37_0_, salesdetai0_.sdqtywt as sdqtyw106_37_0_, salesdetai0_.sduomw as sduomw107_37_0_, salesorder1_.shcoid as shcoid1_36_1_, salesorder1_.shdocono as shdocono2_36_1_, salesorder1_.shdocoty as shdocoty3_36_1_, salesorder1_.shcid as shcid4_36_1_, salesorder1_.shdtin as shdtin5_36_1_, salesorder1_.shtmin as shtmin6_36_1_, salesorder1_.shuid as shuid7_36_1_, salesorder1_.shdtlu as shdtlu8_36_1_, salesorder1_.shtmlu as shtmlu9_36_1_, salesorder1_.shuidm as shuidm10_36_1_, salesorder1_.shata as shata11_36_1_, salesorder1_.shatd as shatd12_36_1_, salesorder1_.shcrcb as shcrcb13_36_1_, salesorder1_.shbuid as shbuid14_36_1_, salesorder1_.shcldt as shcldt15_36_1_, salesorder1_.shcot as shcot16_36_1_, salesorder1_.shcsid as shcsid17_36_1_, salesorder1_.shcsdocdt as shcsdoc18_36_1_, salesorder1_.shcsdocno as shcsdoc19_36_1_, salesorder1_.shdod as shdod20_36_1_, salesorder1_.shdol as shdol21_36_1_, salesorder1_.shdou as shdou22_36_1_, salesorder1_.shdldt as shdldt23_36_1_, salesorder1_.shdesb1 as shdesb24_36_1_, salesorder1_.shdccd as shdccd25_36_1_, salesorder1_.shdcrt as shdcrt26_36_1_, salesorder1_.sheta as sheta27_36_1_, salesorder1_.shetd as shetd28_36_1_, salesorder1_.shexcrt as shexcrt29_36_1_, salesorder1_.shexid as shexid30_36_1_, salesorder1_.shead as shead31_36_1_, salesorder1_.shean as shean32_36_1_, salesorder1_.shedd as shedd33_36_1_, salesorder1_.shedn as shedn34_36_1_, salesorder1_.shfbd as shfbd35_36_1_, salesorder1_.shfbn as shfbn36_36_1_, salesorder1_.shfhc as shfhc37_36_1_, salesorder1_.shgldt as shgldt38_36_1_, salesorder1_.shgscrt as shgscrt39_36_1_, salesorder1_.shhcod as shhcod40_36_1_, salesorder1_.shlst as shlst41_36_1_, salesorder1_.shnst as shnst42_36_1_, salesorder1_.shobid as shobid43_36_1_, salesorder1_.shordt as shordt44_36_1_, salesorder1_.shordocdt as shordoc45_36_1_, salesorder1_.shordocno as shordoc46_36_1_, salesorder1_.shprid as shprid47_36_1_, salesorder1_.shpyid as shpyid48_36_1_, salesorder1_.shptc as shptc49_36_1_, salesorder1_.shpoa as shpoa50_36_1_, salesorder1_.shpod as shpod51_36_1_, salesorder1_.shrbuid as shrbuid52_36_1_, salesorder1_.shpjid as shpjid53_36_1_, salesorder1_.shpddt as shpddt54_36_1_, salesorder1_.shstid as shstid55_36_1_, salesorder1_.shrqdt as shrqdt56_36_1_, salesorder1_.shslid as shslid57_36_1_, salesorder1_.shshcn as shshcn58_36_1_, salesorder1_.shshmt as shshmt59_36_1_, salesorder1_.shtagid as shtagid60_36_1_, salesorder1_.shtaxal as shtaxal61_36_1_, salesorder1_.shtaxcd as shtaxcd62_36_1_, salesorder1_.shtaxrt as shtaxrt63_36_1_, salesorder1_.shcrct as shcrct64_36_1_, salesorder1_.shurdt1 as shurdt65_36_1_, salesorder1_.shurdt2 as shurdt66_36_1_ from t4211 salesdetai0_ inner join t4201 salesorder1_ on salesdetai0_.sdcoid=salesorder1_.shcoid and salesdetai0_.sddocono=salesorder1_.shdocono and salesdetai0_.sddocoty=salesorder1_.shdocoty where salesdetai0_.sdcoid=? and salesdetai0_.sddocono=? and salesdetai0_.sddocosq=? and salesdetai0_.sddocoty=?
Hibernate: select serialnumb0_.coid as coid1_43_0_, serialnumb0_.docno as docno2_43_0_, serialnumb0_.docty as docty3_43_0_, serialnumb0_.docsq as docsq4_43_0_, serialnumb0_.buid as buid5_43_0_, serialnumb0_.inum as inum6_43_0_, serialnumb0_.snlot as snlot7_43_0_, lotmaster1_.ltbuid as ltbuid1_34_1_, lotmaster1_.ltinum as ltinum2_34_1_, lotmaster1_.ltsnlot as ltsnlot3_34_1_, lotmaster1_.ltcid as ltcid4_34_1_, lotmaster1_.ltdtin as ltdtin5_34_1_, lotmaster1_.lttmin as lttmin6_34_1_, lotmaster1_.ltuid as ltuid7_34_1_, lotmaster1_.ltdtlu as ltdtlu8_34_1_, lotmaster1_.lttmlu as lttmlu9_34_1_, lotmaster1_.ltuidm as ltuidm10_34_1_, lotmaster1_.ltbodt as ltbodt11_34_1_, lotmaster1_.ltbbdt as ltbbdt12_34_1_, lotmaster1_.ltcldt as ltcldt13_34_1_, lotmaster1_.ltexpdt as ltexpdt14_34_1_, lotmaster1_.ltldsc as ltldsc15_34_1_, lotmaster1_.ltledt as ltledt16_34_1_, lotmaster1_.ltlsc as ltlsc17_34_1_, lotmaster1_.ltmlot1 as ltmlot18_34_1_, lotmaster1_.ltmlot2 as ltmlot19_34_1_, lotmaster1_.ltmlot3 as ltmlot20_34_1_, lotmaster1_.ltohdt as ltohdt21_34_1_, lotmaster1_.ltsern as ltsern22_34_1_ from transaction_serialnumbers serialnumb0_ inner join t4108 lotmaster1_ on serialnumb0_.buid=lotmaster1_.ltbuid and serialnumb0_.inum=lotmaster1_.ltinum and serialnumb0_.snlot=lotmaster1_.ltsnlot where serialnumb0_.coid=? and serialnumb0_.docno=? and serialnumb0_.docty=? and serialnumb0_.docsq=?
Hibernate: select salesdetai0_.sdcoid as sdcoid1_37_0_, salesdetai0_.sddocono as sddocono2_37_0_, salesdetai0_.sddocosq as sddocosq3_37_0_, salesdetai0_.sddocoty as sddocoty4_37_0_, salesdetai0_.sdcid as sdcid5_37_0_, salesdetai0_.sddtin as sddtin6_37_0_, salesdetai0_.sdtmin as sdtmin7_37_0_, salesdetai0_.sduid as sduid8_37_0_, salesdetai0_.sddtlu as sddtlu9_37_0_, salesdetai0_.sdtmlu as sdtmlu10_37_0_, salesdetai0_.sduidm as sduidm11_37_0_, salesdetai0_.sdacid as sdacid12_37_0_, salesdetai0_.sdcrcb as sdcrcb13_37_0_, salesdetai0_.sditc02 as sditc14_37_0_, salesdetai0_.sdbuid as sdbuid15_37_0_, salesdetai0_.sdqtycl as sdqtycl16_37_0_, salesdetai0_.sditc01 as sditc17_37_0_, salesdetai0_.sdcldt as sdcldt18_37_0_, salesdetai0_.sdcnid as sdcnid19_37_0_, salesdetai0_.sdcsid as sdcsid20_37_0_, salesdetai0_.sddldt as sddldt21_37_0_, salesdetai0_.sddccd as sddccd22_37_0_, salesdetai0_.sddcrt as sddcrt23_37_0_, salesdetai0_.sdexcrt as sdexcrt24_37_0_, salesdetai0_.sdexid as sdexid25_37_0_, salesdetai0_.sdexcost as sdexcos26_37_0_, salesdetai0_.sdexprice as sdexpri27_37_0_, salesdetai0_.sdqtyx as sdqtyx28_37_0_, salesdetai0_.sducfx as sducfx29_37_0_, salesdetai0_.sduomx as sduomx30_37_0_, salesdetai0_.sdunpricex as sdunpri31_37_0_, salesdetai0_.sdfep as sdfep32_37_0_, salesdetai0_.sdfta as sdfta33_37_0_, salesdetai0_.sdftb as sdftb34_37_0_, salesdetai0_.sdfup as sdfup35_37_0_, salesdetai0_.sdglcls as sdglcls36_37_0_, salesdetai0_.sdgldt as sdgldt37_37_0_, salesdetai0_.sdgscrt as sdgscrt38_37_0_, salesdetai0_.sdhcod as sdhcod39_37_0_, salesdetai0_.sdir02 as sdir40_37_0_, salesdetai0_.sdir01 as sdir41_37_0_, salesdetai0_.sdir03 as sdir42_37_0_, salesdetai0_.sdinum as sdinum43_37_0_, salesdetai0_.sddesb1 as sddesb44_37_0_, salesdetai0_.sditc05 as sditc45_37_0_, salesdetai0_.sdlst as sdlst46_37_0_, salesdetai0_.sdlnty as sdlnty47_37_0_, salesdetai0_.sdlocid as sdlocid48_37_0_, salesdetai0_.sdnst as sdnst49_37_0_, salesdetai0_.sdobid as sdobid50_37_0_, salesdetai0_.sdqtyop as sdqtyop51_37_0_, salesdetai0_.sdordt as sdordt52_37_0_, salesdetai0_.sdott as sdott53_37_0_, salesdetai0_.sdordocdt as sdordoc54_37_0_, salesdetai0_.sdordocno as sdordoc55_37_0_, salesdetai0_.sdordocsq as sdordoc56_37_0_, salesdetai0_.sdordocty as sdordoc57_37_0_, salesdetai0_.sdprid as sdprid58_37_0_, salesdetai0_.sdpyid as sdpyid59_37_0_, salesdetai0_.sdptc as sdptc60_37_0_, salesdetai0_.sdpqor as sdpqor61_37_0_, salesdetai0_.sduom1 as sduom62_37_0_, salesdetai0_.sdrbuid as sdrbuid63_37_0_, salesdetai0_.sdpjid as sdpjid64_37_0_, salesdetai0_.sdpddt as sdpddt65_37_0_, salesdetai0_.sdqty as sdqty66_37_0_, salesdetai0_.sdstid as sdstid67_37_0_, salesdetai0_.sdvr04 as sdvr68_37_0_, salesdetai0_.sdvr01 as sdvr69_37_0_, salesdetai0_.sdvr03 as sdvr70_37_0_, salesdetai0_.sdvr05 as sdvr71_37_0_, salesdetai0_.sdvr02 as sdvr72_37_0_, salesdetai0_.sdrldocno as sdrldoc73_37_0_, salesdetai0_.sdrldocsq as sdrldoc74_37_0_, salesdetai0_.sdrldocty as sdrldoc75_37_0_, salesdetai0_.sdrqdt as sdrqdt76_37_0_, salesdetai0_.sdqtyrn as sdqtyrn77_37_0_, salesdetai0_.sdso03 as sdso78_37_0_, salesdetai0_.sdso01 as sdso79_37_0_, salesdetai0_.sdso02 as sdso80_37_0_, salesdetai0_.sdslid as sdslid81_37_0_, salesdetai0_.sdsqor as sdsqor82_37_0_, salesdetai0_.sduom2 as sduom83_37_0_, salesdetai0_.sdsnlot as sdsnlot84_37_0_, salesdetai0_.sdslrc1 as sdslrc85_37_0_, salesdetai0_.sdqtysh as sdqtysh86_37_0_, salesdetai0_.sdtaxal as sdtaxal87_37_0_, salesdetai0_.sdtaxam as sdtaxam88_37_0_, salesdetai0_.sdtaxab as sdtaxab89_37_0_, salesdetai0_.sdtaxcd as sdtaxcd90_37_0_, salesdetai0_.sdtaxrt as sdtaxrt91_37_0_, salesdetai0_.sdcrct as sdcrct92_37_0_, salesdetai0_.sditc03 as sditc93_37_0_, salesdetai0_.sducf as sducf94_37_0_, salesdetai0_.sduncost as sduncos95_37_0_, salesdetai0_.sdudc as sdudc96_37_0_, salesdetai0_.sdudf as sdudf97_37_0_, salesdetai0_.sduom as sduom98_37_0_, salesdetai0_.sdunprice as sdunpri99_37_0_, salesdetai0_.sdurnb1 as sdurnb100_37_0_, salesdetai0_.sdurnb2 as sdurnb101_37_0_, salesdetai0_.sdvhrn as sdvhrn102_37_0_, salesdetai0_.sdvhty as sdvhty103_37_0_, salesdetai0_.sdqtyvl as sdqtyv104_37_0_, salesdetai0_.sduomv as sduomv105_37_0_, salesdetai0_.sdqtywt as sdqtyw106_37_0_, salesdetai0_.sduomw as sduomw107_37_0_, salesorder1_.shcoid as shcoid1_36_1_, salesorder1_.shdocono as shdocono2_36_1_, salesorder1_.shdocoty as shdocoty3_36_1_, salesorder1_.shcid as shcid4_36_1_, salesorder1_.shdtin as shdtin5_36_1_, salesorder1_.shtmin as shtmin6_36_1_, salesorder1_.shuid as shuid7_36_1_, salesorder1_.shdtlu as shdtlu8_36_1_, salesorder1_.shtmlu as shtmlu9_36_1_, salesorder1_.shuidm as shuidm10_36_1_, salesorder1_.shata as shata11_36_1_, salesorder1_.shatd as shatd12_36_1_, salesorder1_.shcrcb as shcrcb13_36_1_, salesorder1_.shbuid as shbuid14_36_1_, salesorder1_.shcldt as shcldt15_36_1_, salesorder1_.shcot as shcot16_36_1_, salesorder1_.shcsid as shcsid17_36_1_, salesorder1_.shcsdocdt as shcsdoc18_36_1_, salesorder1_.shcsdocno as shcsdoc19_36_1_, salesorder1_.shdod as shdod20_36_1_, salesorder1_.shdol as shdol21_36_1_, salesorder1_.shdou as shdou22_36_1_, salesorder1_.shdldt as shdldt23_36_1_, salesorder1_.shdesb1 as shdesb24_36_1_, salesorder1_.shdccd as shdccd25_36_1_, salesorder1_.shdcrt as shdcrt26_36_1_, salesorder1_.sheta as sheta27_36_1_, salesorder1_.shetd as shetd28_36_1_, salesorder1_.shexcrt as shexcrt29_36_1_, salesorder1_.shexid as shexid30_36_1_, salesorder1_.shead as shead31_36_1_, salesorder1_.shean as shean32_36_1_, salesorder1_.shedd as shedd33_36_1_, salesorder1_.shedn as shedn34_36_1_, salesorder1_.shfbd as shfbd35_36_1_, salesorder1_.shfbn as shfbn36_36_1_, salesorder1_.shfhc as shfhc37_36_1_, salesorder1_.shgldt as shgldt38_36_1_, salesorder1_.shgscrt as shgscrt39_36_1_, salesorder1_.shhcod as shhcod40_36_1_, salesorder1_.shlst as shlst41_36_1_, salesorder1_.shnst as shnst42_36_1_, salesorder1_.shobid as shobid43_36_1_, salesorder1_.shordt as shordt44_36_1_, salesorder1_.shordocdt as shordoc45_36_1_, salesorder1_.shordocno as shordoc46_36_1_, salesorder1_.shprid as shprid47_36_1_, salesorder1_.shpyid as shpyid48_36_1_, salesorder1_.shptc as shptc49_36_1_, salesorder1_.shpoa as shpoa50_36_1_, salesorder1_.shpod as shpod51_36_1_, salesorder1_.shrbuid as shrbuid52_36_1_, salesorder1_.shpjid as shpjid53_36_1_, salesorder1_.shpddt as shpddt54_36_1_, salesorder1_.shstid as shstid55_36_1_, salesorder1_.shrqdt as shrqdt56_36_1_, salesorder1_.shslid as shslid57_36_1_, salesorder1_.shshcn as shshcn58_36_1_, salesorder1_.shshmt as shshmt59_36_1_, salesorder1_.shtagid as shtagid60_36_1_, salesorder1_.shtaxal as shtaxal61_36_1_, salesorder1_.shtaxcd as shtaxcd62_36_1_, salesorder1_.shtaxrt as shtaxrt63_36_1_, salesorder1_.shcrct as shcrct64_36_1_, salesorder1_.shurdt1 as shurdt65_36_1_, salesorder1_.shurdt2 as shurdt66_36_1_ from t4211 salesdetai0_ inner join t4201 salesorder1_ on salesdetai0_.sdcoid=salesorder1_.shcoid and salesdetai0_.sddocono=salesorder1_.shdocono and salesdetai0_.sddocoty=salesorder1_.shdocoty where salesdetai0_.sdcoid=? and salesdetai0_.sddocono=? and salesdetai0_.sddocosq=? and salesdetai0_.sddocoty=?
Hibernate: select serialnumb0_.coid as coid1_43_0_, serialnumb0_.docno as docno2_43_0_, serialnumb0_.docty as docty3_43_0_, serialnumb0_.docsq as docsq4_43_0_, serialnumb0_.buid as buid5_43_0_, serialnumb0_.inum as inum6_43_0_, serialnumb0_.snlot as snlot7_43_0_, lotmaster1_.ltbuid as ltbuid1_34_1_, lotmaster1_.ltinum as ltinum2_34_1_, lotmaster1_.ltsnlot as ltsnlot3_34_1_, lotmaster1_.ltcid as ltcid4_34_1_, lotmaster1_.ltdtin as ltdtin5_34_1_, lotmaster1_.lttmin as lttmin6_34_1_, lotmaster1_.ltuid as ltuid7_34_1_, lotmaster1_.ltdtlu as ltdtlu8_34_1_, lotmaster1_.lttmlu as lttmlu9_34_1_, lotmaster1_.ltuidm as ltuidm10_34_1_, lotmaster1_.ltbodt as ltbodt11_34_1_, lotmaster1_.ltbbdt as ltbbdt12_34_1_, lotmaster1_.ltcldt as ltcldt13_34_1_, lotmaster1_.ltexpdt as ltexpdt14_34_1_, lotmaster1_.ltldsc as ltldsc15_34_1_, lotmaster1_.ltledt as ltledt16_34_1_, lotmaster1_.ltlsc as ltlsc17_34_1_, lotmaster1_.ltmlot1 as ltmlot18_34_1_, lotmaster1_.ltmlot2 as ltmlot19_34_1_, lotmaster1_.ltmlot3 as ltmlot20_34_1_, lotmaster1_.ltohdt as ltohdt21_34_1_, lotmaster1_.ltsern as ltsern22_34_1_ from transaction_serialnumbers serialnumb0_ inner join t4108 lotmaster1_ on serialnumb0_.buid=lotmaster1_.ltbuid and serialnumb0_.inum=lotmaster1_.ltinum and serialnumb0_.snlot=lotmaster1_.ltsnlot where serialnumb0_.coid=? and serialnumb0_.docno=? and serialnumb0_.docty=? and serialnumb0_.docsq=?
Hibernate: select salesdetai0_.sdcoid as sdcoid1_37_0_, salesdetai0_.sddocono as sddocono2_37_0_, salesdetai0_.sddocosq as sddocosq3_37_0_, salesdetai0_.sddocoty as sddocoty4_37_0_, salesdetai0_.sdcid as sdcid5_37_0_, salesdetai0_.sddtin as sddtin6_37_0_, salesdetai0_.sdtmin as sdtmin7_37_0_, salesdetai0_.sduid as sduid8_37_0_, salesdetai0_.sddtlu as sddtlu9_37_0_, salesdetai0_.sdtmlu as sdtmlu10_37_0_, salesdetai0_.sduidm as sduidm11_37_0_, salesdetai0_.sdacid as sdacid12_37_0_, salesdetai0_.sdcrcb as sdcrcb13_37_0_, salesdetai0_.sditc02 as sditc14_37_0_, salesdetai0_.sdbuid as sdbuid15_37_0_, salesdetai0_.sdqtycl as sdqtycl16_37_0_, salesdetai0_.sditc01 as sditc17_37_0_, salesdetai0_.sdcldt as sdcldt18_37_0_, salesdetai0_.sdcnid as sdcnid19_37_0_, salesdetai0_.sdcsid as sdcsid20_37_0_, salesdetai0_.sddldt as sddldt21_37_0_, salesdetai0_.sddccd as sddccd22_37_0_, salesdetai0_.sddcrt as sddcrt23_37_0_, salesdetai0_.sdexcrt as sdexcrt24_37_0_, salesdetai0_.sdexid as sdexid25_37_0_, salesdetai0_.sdexcost as sdexcos26_37_0_, salesdetai0_.sdexprice as sdexpri27_37_0_, salesdetai0_.sdqtyx as sdqtyx28_37_0_, salesdetai0_.sducfx as sducfx29_37_0_, salesdetai0_.sduomx as sduomx30_37_0_, salesdetai0_.sdunpricex as sdunpri31_37_0_, salesdetai0_.sdfep as sdfep32_37_0_, salesdetai0_.sdfta as sdfta33_37_0_, salesdetai0_.sdftb as sdftb34_37_0_, salesdetai0_.sdfup as sdfup35_37_0_, salesdetai0_.sdglcls as sdglcls36_37_0_, salesdetai0_.sdgldt as sdgldt37_37_0_, salesdetai0_.sdgscrt as sdgscrt38_37_0_, salesdetai0_.sdhcod as sdhcod39_37_0_, salesdetai0_.sdir02 as sdir40_37_0_, salesdetai0_.sdir01 as sdir41_37_0_, salesdetai0_.sdir03 as sdir42_37_0_, salesdetai0_.sdinum as sdinum43_37_0_, salesdetai0_.sddesb1 as sddesb44_37_0_, salesdetai0_.sditc05 as sditc45_37_0_, salesdetai0_.sdlst as sdlst46_37_0_, salesdetai0_.sdlnty as sdlnty47_37_0_, salesdetai0_.sdlocid as sdlocid48_37_0_, salesdetai0_.sdnst as sdnst49_37_0_, salesdetai0_.sdobid as sdobid50_37_0_, salesdetai0_.sdqtyop as sdqtyop51_37_0_, salesdetai0_.sdordt as sdordt52_37_0_, salesdetai0_.sdott as sdott53_37_0_, salesdetai0_.sdordocdt as sdordoc54_37_0_, salesdetai0_.sdordocno as sdordoc55_37_0_, salesdetai0_.sdordocsq as sdordoc56_37_0_, salesdetai0_.sdordocty as sdordoc57_37_0_, salesdetai0_.sdprid as sdprid58_37_0_, salesdetai0_.sdpyid as sdpyid59_37_0_, salesdetai0_.sdptc as sdptc60_37_0_, salesdetai0_.sdpqor as sdpqor61_37_0_, salesdetai0_.sduom1 as sduom62_37_0_, salesdetai0_.sdrbuid as sdrbuid63_37_0_, salesdetai0_.sdpjid as sdpjid64_37_0_, salesdetai0_.sdpddt as sdpddt65_37_0_, salesdetai0_.sdqty as sdqty66_37_0_, salesdetai0_.sdstid as sdstid67_37_0_, salesdetai0_.sdvr04 as sdvr68_37_0_, salesdetai0_.sdvr01 as sdvr69_37_0_, salesdetai0_.sdvr03 as sdvr70_37_0_, salesdetai0_.sdvr05 as sdvr71_37_0_, salesdetai0_.sdvr02 as sdvr72_37_0_, salesdetai0_.sdrldocno as sdrldoc73_37_0_, salesdetai0_.sdrldocsq as sdrldoc74_37_0_, salesdetai0_.sdrldocty as sdrldoc75_37_0_, salesdetai0_.sdrqdt as sdrqdt76_37_0_, salesdetai0_.sdqtyrn as sdqtyrn77_37_0_, salesdetai0_.sdso03 as sdso78_37_0_, salesdetai0_.sdso01 as sdso79_37_0_, salesdetai0_.sdso02 as sdso80_37_0_, salesdetai0_.sdslid as sdslid81_37_0_, salesdetai0_.sdsqor as sdsqor82_37_0_, salesdetai0_.sduom2 as sduom83_37_0_, salesdetai0_.sdsnlot as sdsnlot84_37_0_, salesdetai0_.sdslrc1 as sdslrc85_37_0_, salesdetai0_.sdqtysh as sdqtysh86_37_0_, salesdetai0_.sdtaxal as sdtaxal87_37_0_, salesdetai0_.sdtaxam as sdtaxam88_37_0_, salesdetai0_.sdtaxab as sdtaxab89_37_0_, salesdetai0_.sdtaxcd as sdtaxcd90_37_0_, salesdetai0_.sdtaxrt as sdtaxrt91_37_0_, salesdetai0_.sdcrct as sdcrct92_37_0_, salesdetai0_.sditc03 as sditc93_37_0_, salesdetai0_.sducf as sducf94_37_0_, salesdetai0_.sduncost as sduncos95_37_0_, salesdetai0_.sdudc as sdudc96_37_0_, salesdetai0_.sdudf as sdudf97_37_0_, salesdetai0_.sduom as sduom98_37_0_, salesdetai0_.sdunprice as sdunpri99_37_0_, salesdetai0_.sdurnb1 as sdurnb100_37_0_, salesdetai0_.sdurnb2 as sdurnb101_37_0_, salesdetai0_.sdvhrn as sdvhrn102_37_0_, salesdetai0_.sdvhty as sdvhty103_37_0_, salesdetai0_.sdqtyvl as sdqtyv104_37_0_, salesdetai0_.sduomv as sduomv105_37_0_, salesdetai0_.sdqtywt as sdqtyw106_37_0_, salesdetai0_.sduomw as sduomw107_37_0_, salesorder1_.shcoid as shcoid1_36_1_, salesorder1_.shdocono as shdocono2_36_1_, salesorder1_.shdocoty as shdocoty3_36_1_, salesorder1_.shcid as shcid4_36_1_, salesorder1_.shdtin as shdtin5_36_1_, salesorder1_.shtmin as shtmin6_36_1_, salesorder1_.shuid as shuid7_36_1_, salesorder1_.shdtlu as shdtlu8_36_1_, salesorder1_.shtmlu as shtmlu9_36_1_, salesorder1_.shuidm as shuidm10_36_1_, salesorder1_.shata as shata11_36_1_, salesorder1_.shatd as shatd12_36_1_, salesorder1_.shcrcb as shcrcb13_36_1_, salesorder1_.shbuid as shbuid14_36_1_, salesorder1_.shcldt as shcldt15_36_1_, salesorder1_.shcot as shcot16_36_1_, salesorder1_.shcsid as shcsid17_36_1_, salesorder1_.shcsdocdt as shcsdoc18_36_1_, salesorder1_.shcsdocno as shcsdoc19_36_1_, salesorder1_.shdod as shdod20_36_1_, salesorder1_.shdol as shdol21_36_1_, salesorder1_.shdou as shdou22_36_1_, salesorder1_.shdldt as shdldt23_36_1_, salesorder1_.shdesb1 as shdesb24_36_1_, salesorder1_.shdccd as shdccd25_36_1_, salesorder1_.shdcrt as shdcrt26_36_1_, salesorder1_.sheta as sheta27_36_1_, salesorder1_.shetd as shetd28_36_1_, salesorder1_.shexcrt as shexcrt29_36_1_, salesorder1_.shexid as shexid30_36_1_, salesorder1_.shead as shead31_36_1_, salesorder1_.shean as shean32_36_1_, salesorder1_.shedd as shedd33_36_1_, salesorder1_.shedn as shedn34_36_1_, salesorder1_.shfbd as shfbd35_36_1_, salesorder1_.shfbn as shfbn36_36_1_, salesorder1_.shfhc as shfhc37_36_1_, salesorder1_.shgldt as shgldt38_36_1_, salesorder1_.shgscrt as shgscrt39_36_1_, salesorder1_.shhcod as shhcod40_36_1_, salesorder1_.shlst as shlst41_36_1_, salesorder1_.shnst as shnst42_36_1_, salesorder1_.shobid as shobid43_36_1_, salesorder1_.shordt as shordt44_36_1_, salesorder1_.shordocdt as shordoc45_36_1_, salesorder1_.shordocno as shordoc46_36_1_, salesorder1_.shprid as shprid47_36_1_, salesorder1_.shpyid as shpyid48_36_1_, salesorder1_.shptc as shptc49_36_1_, salesorder1_.shpoa as shpoa50_36_1_, salesorder1_.shpod as shpod51_36_1_, salesorder1_.shrbuid as shrbuid52_36_1_, salesorder1_.shpjid as shpjid53_36_1_, salesorder1_.shpddt as shpddt54_36_1_, salesorder1_.shstid as shstid55_36_1_, salesorder1_.shrqdt as shrqdt56_36_1_, salesorder1_.shslid as shslid57_36_1_, salesorder1_.shshcn as shshcn58_36_1_, salesorder1_.shshmt as shshmt59_36_1_, salesorder1_.shtagid as shtagid60_36_1_, salesorder1_.shtaxal as shtaxal61_36_1_, salesorder1_.shtaxcd as shtaxcd62_36_1_, salesorder1_.shtaxrt as shtaxrt63_36_1_, salesorder1_.shcrct as shcrct64_36_1_, salesorder1_.shurdt1 as shurdt65_36_1_, salesorder1_.shurdt2 as shurdt66_36_1_ from t4211 salesdetai0_ inner join t4201 salesorder1_ on salesdetai0_.sdcoid=salesorder1_.shcoid and salesdetai0_.sddocono=salesorder1_.shdocono and salesdetai0_.sddocoty=salesorder1_.shdocoty where salesdetai0_.sdcoid=? and salesdetai0_.sddocono=? and salesdetai0_.sddocosq=? and salesdetai0_.sddocoty=?
Hibernate: select serialnumb0_.coid as coid1_43_0_, serialnumb0_.docno as docno2_43_0_, serialnumb0_.docty as docty3_43_0_, serialnumb0_.docsq as docsq4_43_0_, serialnumb0_.buid as buid5_43_0_, serialnumb0_.inum as inum6_43_0_, serialnumb0_.snlot as snlot7_43_0_, lotmaster1_.ltbuid as ltbuid1_34_1_, lotmaster1_.ltinum as ltinum2_34_1_, lotmaster1_.ltsnlot as ltsnlot3_34_1_, lotmaster1_.ltcid as ltcid4_34_1_, lotmaster1_.ltdtin as ltdtin5_34_1_, lotmaster1_.lttmin as lttmin6_34_1_, lotmaster1_.ltuid as ltuid7_34_1_, lotmaster1_.ltdtlu as ltdtlu8_34_1_, lotmaster1_.lttmlu as lttmlu9_34_1_, lotmaster1_.ltuidm as ltuidm10_34_1_, lotmaster1_.ltbodt as ltbodt11_34_1_, lotmaster1_.ltbbdt as ltbbdt12_34_1_, lotmaster1_.ltcldt as ltcldt13_34_1_, lotmaster1_.ltexpdt as ltexpdt14_34_1_, lotmaster1_.ltldsc as ltldsc15_34_1_, lotmaster1_.ltledt as ltledt16_34_1_, lotmaster1_.ltlsc as ltlsc17_34_1_, lotmaster1_.ltmlot1 as ltmlot18_34_1_, lotmaster1_.ltmlot2 as ltmlot19_34_1_, lotmaster1_.ltmlot3 as ltmlot20_34_1_, lotmaster1_.ltohdt as ltohdt21_34_1_, lotmaster1_.ltsern as ltsern22_34_1_ from transaction_serialnumbers serialnumb0_ inner join t4108 lotmaster1_ on serialnumb0_.buid=lotmaster1_.ltbuid and serialnumb0_.inum=lotmaster1_.ltinum and serialnumb0_.snlot=lotmaster1_.ltsnlot where serialnumb0_.coid=? and serialnumb0_.docno=? and serialnumb0_.docty=? and serialnumb0_.docsq=?
Hibernate: select salesshipm0_.slcoid as slcoid1_38_, salesshipm0_.sldocno as sldocno2_38_, salesshipm0_.sldocty as sldocty3_38_, salesshipm0_.sldocsq as sldocsq4_38_, salesshipm0_.slcid as slcid5_38_, salesshipm0_.sldtin as sldtin6_38_, salesshipm0_.sltmin as sltmin7_38_, salesshipm0_.sluid as sluid8_38_, salesshipm0_.sldtlu as sldtlu9_38_, salesshipm0_.sltmlu as sltmlu10_38_, salesshipm0_.sluidm as sluidm11_38_, salesshipm0_.slacid as slacid12_38_, salesshipm0_.slata as slata13_38_, salesshipm0_.slatd as slatd14_38_, salesshipm0_.slcrcb as slcrcb15_38_, salesshipm0_.slicu as slicu16_38_, salesshipm0_.slicut as slicut17_38_, salesshipm0_.slitc02 as slitc18_38_, salesshipm0_.slbuid as slbuid19_38_, salesshipm0_.slitc01 as slitc20_38_, salesshipm0_.slcnid as slcnid21_38_, salesshipm0_.slcsid as slcsid22_38_, salesshipm0_.slcsdocdt as slcsdoc23_38_, salesshipm0_.slcsdocno as slcsdoc24_38_, salesshipm0_.sldod as sldod25_38_, salesshipm0_.sldol as sldol26_38_, salesshipm0_.sldou as sldou27_38_, salesshipm0_.sldldt as sldldt28_38_, salesshipm0_.sldesc1 as sldesc29_38_, salesshipm0_.sldesc2 as sldesc30_38_, salesshipm0_.sldccd as sldccd31_38_, salesshipm0_.sldcrt as sldcrt32_38_, salesshipm0_.sldocdt as sldocdt33_38_, salesshipm0_.sleta as sleta34_38_, salesshipm0_.sletd as sletd35_38_, salesshipm0_.slexcrt as slexcrt36_38_, salesshipm0_.slexid as slexid37_38_, salesshipm0_.slead as slead38_38_, salesshipm0_.slean as slean39_38_, salesshipm0_.sledd as sledd40_38_, salesshipm0_.sledn as sledn41_38_, salesshipm0_.slexcost as slexcos42_38_, salesshipm0_.slexprice as slexpri43_38_, salesshipm0_.slfep as slfep44_38_, salesshipm0_.slfta as slfta45_38_, salesshipm0_.slftb as slftb46_38_, salesshipm0_.slfup as slfup47_38_, salesshipm0_.slfbd as slfbd48_38_, salesshipm0_.slfbn as slfbn49_38_, salesshipm0_.slglcls as slglcls50_38_, salesshipm0_.slgscrt as slgscrt51_38_, salesshipm0_.slir02 as slir52_38_, salesshipm0_.slir01 as slir53_38_, salesshipm0_.slir03 as slir54_38_, salesshipm0_.slitt as slitt55_38_, salesshipm0_.sldocidt as sldocid56_38_, salesshipm0_.sldocino as sldocin57_38_, salesshipm0_.sldocisq as sldocis58_38_, salesshipm0_.sldocity as sldocit59_38_, salesshipm0_.slinum as slinum60_38_, salesshipm0_.sldesb1 as sldesb61_38_, salesshipm0_.slitc05 as slitc62_38_, salesshipm0_.sllst as sllst63_38_, salesshipm0_.sllnty as sllnty64_38_, salesshipm0_.sllocid as sllocid65_38_, salesshipm0_.slnst as slnst66_38_, salesshipm0_.slobid as slobid67_38_, salesshipm0_.sldocono as sldocon68_38_, salesshipm0_.sldocosq as sldocos69_38_, salesshipm0_.sldocoty as sldocot70_38_, salesshipm0_.slordocdt as slordoc71_38_, salesshipm0_.slordocno as slordoc72_38_, salesshipm0_.slordocsq as slordoc73_38_, salesshipm0_.slordocty as slordoc74_38_, salesshipm0_.slprid as slprid75_38_, salesshipm0_.slpyid as slpyid76_38_, salesshipm0_.slptc as slptc77_38_, salesshipm0_.slpoa as slpoa78_38_, salesshipm0_.slpod as slpod79_38_, salesshipm0_.slpqot as slpqot80_38_, salesshipm0_.sluom1 as sluom81_38_, salesshipm0_.slrbuid as slrbuid82_38_, salesshipm0_.slpjid as slpjid83_38_, salesshipm0_.slqty as slqty84_38_, salesshipm0_.slstid as slstid85_38_, salesshipm0_.slrecid as slrecid86_38_, salesshipm0_.slvr04 as slvr87_38_, salesshipm0_.slvr01 as slvr88_38_, salesshipm0_.slvr03 as slvr89_38_, salesshipm0_.slvr05 as slvr90_38_, salesshipm0_.slvr02 as slvr91_38_, salesshipm0_.slso03 as slso92_38_, salesshipm0_.slso01 as slso93_38_, salesshipm0_.slso02 as slso94_38_, salesshipm0_.slslid as slslid95_38_, salesshipm0_.slsqot as slsqot96_38_, salesshipm0_.sluom2 as sluom97_38_, salesshipm0_.slsnlot as slsnlot98_38_, salesshipm0_.slslrc1 as slslrc99_38_, salesshipm0_.slshcn as slshcn100_38_, salesshipm0_.sltaxal as sltaxa101_38_, salesshipm0_.sltaxam as sltaxa102_38_, salesshipm0_.sltaxab as sltaxa103_38_, salesshipm0_.sltaxcd as sltaxc104_38_, salesshipm0_.sltaxidt as sltaxi105_38_, salesshipm0_.sltaxino as sltaxi106_38_, salesshipm0_.sltaxrt as sltaxr107_38_, salesshipm0_.sldnop as sldnop108_38_, salesshipm0_.slinop as slinop109_38_, salesshipm0_.slcrct as slcrct110_38_, salesshipm0_.slitc03 as slitc111_38_, salesshipm0_.slucf as slucf112_38_, salesshipm0_.sluncost as slunco113_38_, salesshipm0_.sludc as sludc114_38_, salesshipm0_.sludf as sludf115_38_, salesshipm0_.sluom as sluom116_38_, salesshipm0_.slunprice as slunpr117_38_, salesshipm0_.slinvdt as slinvd118_38_, salesshipm0_.slinvno as slinvn119_38_ from t4212 salesshipm0_ where salesshipm0_.slcoid=? and salesshipm0_.sldocno=? and salesshipm0_.sldocty=?
Hibernate: select count(*) as col_0_0_ from t4212 salesshipm0_ where salesshipm0_.slcoid=? and salesshipm0_.sldocno=? and salesshipm0_.sldocty=? and salesshipm0_.sldocsq=?
Hibernate: select salesshipm0_.slcoid as slcoid1_38_, salesshipm0_.sldocno as sldocno2_38_, salesshipm0_.sldocty as sldocty3_38_, salesshipm0_.sldocsq as sldocsq4_38_, salesshipm0_.slcid as slcid5_38_, salesshipm0_.sldtin as sldtin6_38_, salesshipm0_.sltmin as sltmin7_38_, salesshipm0_.sluid as sluid8_38_, salesshipm0_.sldtlu as sldtlu9_38_, salesshipm0_.sltmlu as sltmlu10_38_, salesshipm0_.sluidm as sluidm11_38_, salesshipm0_.slacid as slacid12_38_, salesshipm0_.slata as slata13_38_, salesshipm0_.slatd as slatd14_38_, salesshipm0_.slcrcb as slcrcb15_38_, salesshipm0_.slicu as slicu16_38_, salesshipm0_.slicut as slicut17_38_, salesshipm0_.slitc02 as slitc18_38_, salesshipm0_.slbuid as slbuid19_38_, salesshipm0_.slitc01 as slitc20_38_, salesshipm0_.slcnid as slcnid21_38_, salesshipm0_.slcsid as slcsid22_38_, salesshipm0_.slcsdocdt as slcsdoc23_38_, salesshipm0_.slcsdocno as slcsdoc24_38_, salesshipm0_.sldod as sldod25_38_, salesshipm0_.sldol as sldol26_38_, salesshipm0_.sldou as sldou27_38_, salesshipm0_.sldldt as sldldt28_38_, salesshipm0_.sldesc1 as sldesc29_38_, salesshipm0_.sldesc2 as sldesc30_38_, salesshipm0_.sldccd as sldccd31_38_, salesshipm0_.sldcrt as sldcrt32_38_, salesshipm0_.sldocdt as sldocdt33_38_, salesshipm0_.sleta as sleta34_38_, salesshipm0_.sletd as sletd35_38_, salesshipm0_.slexcrt as slexcrt36_38_, salesshipm0_.slexid as slexid37_38_, salesshipm0_.slead as slead38_38_, salesshipm0_.slean as slean39_38_, salesshipm0_.sledd as sledd40_38_, salesshipm0_.sledn as sledn41_38_, salesshipm0_.slexcost as slexcos42_38_, salesshipm0_.slexprice as slexpri43_38_, salesshipm0_.slfep as slfep44_38_, salesshipm0_.slfta as slfta45_38_, salesshipm0_.slftb as slftb46_38_, salesshipm0_.slfup as slfup47_38_, salesshipm0_.slfbd as slfbd48_38_, salesshipm0_.slfbn as slfbn49_38_, salesshipm0_.slglcls as slglcls50_38_, salesshipm0_.slgscrt as slgscrt51_38_, salesshipm0_.slir02 as slir52_38_, salesshipm0_.slir01 as slir53_38_, salesshipm0_.slir03 as slir54_38_, salesshipm0_.slitt as slitt55_38_, salesshipm0_.sldocidt as sldocid56_38_, salesshipm0_.sldocino as sldocin57_38_, salesshipm0_.sldocisq as sldocis58_38_, salesshipm0_.sldocity as sldocit59_38_, salesshipm0_.slinum as slinum60_38_, salesshipm0_.sldesb1 as sldesb61_38_, salesshipm0_.slitc05 as slitc62_38_, salesshipm0_.sllst as sllst63_38_, salesshipm0_.sllnty as sllnty64_38_, salesshipm0_.sllocid as sllocid65_38_, salesshipm0_.slnst as slnst66_38_, salesshipm0_.slobid as slobid67_38_, salesshipm0_.sldocono as sldocon68_38_, salesshipm0_.sldocosq as sldocos69_38_, salesshipm0_.sldocoty as sldocot70_38_, salesshipm0_.slordocdt as slordoc71_38_, salesshipm0_.slordocno as slordoc72_38_, salesshipm0_.slordocsq as slordoc73_38_, salesshipm0_.slordocty as slordoc74_38_, salesshipm0_.slprid as slprid75_38_, salesshipm0_.slpyid as slpyid76_38_, salesshipm0_.slptc as slptc77_38_, salesshipm0_.slpoa as slpoa78_38_, salesshipm0_.slpod as slpod79_38_, salesshipm0_.slpqot as slpqot80_38_, salesshipm0_.sluom1 as sluom81_38_, salesshipm0_.slrbuid as slrbuid82_38_, salesshipm0_.slpjid as slpjid83_38_, salesshipm0_.slqty as slqty84_38_, salesshipm0_.slstid as slstid85_38_, salesshipm0_.slrecid as slrecid86_38_, salesshipm0_.slvr04 as slvr87_38_, salesshipm0_.slvr01 as slvr88_38_, salesshipm0_.slvr03 as slvr89_38_, salesshipm0_.slvr05 as slvr90_38_, salesshipm0_.slvr02 as slvr91_38_, salesshipm0_.slso03 as slso92_38_, salesshipm0_.slso01 as slso93_38_, salesshipm0_.slso02 as slso94_38_, salesshipm0_.slslid as slslid95_38_, salesshipm0_.slsqot as slsqot96_38_, salesshipm0_.sluom2 as sluom97_38_, salesshipm0_.slsnlot as slsnlot98_38_, salesshipm0_.slslrc1 as slslrc99_38_, salesshipm0_.slshcn as slshcn100_38_, salesshipm0_.sltaxal as sltaxa101_38_, salesshipm0_.sltaxam as sltaxa102_38_, salesshipm0_.sltaxab as sltaxa103_38_, salesshipm0_.sltaxcd as sltaxc104_38_, salesshipm0_.sltaxidt as sltaxi105_38_, salesshipm0_.sltaxino as sltaxi106_38_, salesshipm0_.sltaxrt as sltaxr107_38_, salesshipm0_.sldnop as sldnop108_38_, salesshipm0_.slinop as slinop109_38_, salesshipm0_.slcrct as slcrct110_38_, salesshipm0_.slitc03 as slitc111_38_, salesshipm0_.slucf as slucf112_38_, salesshipm0_.sluncost as slunco113_38_, salesshipm0_.sludc as sludc114_38_, salesshipm0_.sludf as sludf115_38_, salesshipm0_.sluom as sluom116_38_, salesshipm0_.slunprice as slunpr117_38_, salesshipm0_.slinvdt as slinvd118_38_, salesshipm0_.slinvno as slinvn119_38_ from t4212 salesshipm0_ where salesshipm0_.slcoid=? and salesshipm0_.sldocno=? and salesshipm0_.sldocty=?
Hibernate: select itemmaster0_.iminum as iminum1_31_0_, itemmaster0_.imcid as imcid2_31_0_, itemmaster0_.imdtin as imdtin3_31_0_, itemmaster0_.imtmin as imtmin4_31_0_, itemmaster0_.imuid as imuid5_31_0_, itemmaster0_.imdtlu as imdtlu6_31_0_, itemmaster0_.imtmlu as imtmlu7_31_0_, itemmaster0_.imuidm as imuidm8_31_0_, itemmaster0_.iminumb as iminumb9_31_0_, itemmaster0_.imctm as imctm10_31_0_, itemmaster0_.imitc02 as imitc11_31_0_, itemmaster0_.imitc01 as imitc12_31_0_, itemmaster0_.imitc10 as imitc13_31_0_, itemmaster0_.imitc04 as imitc14_31_0_, itemmaster0_.imitc06 as imitc15_31_0_, itemmaster0_.imitc07 as imitc16_31_0_, itemmaster0_.imitc08 as imitc17_31_0_, itemmaster0_.imitc09 as imitc18_31_0_, itemmaster0_.imitc05 as imitc19_31_0_, itemmaster0_.imslrc0 as imslrc20_31_0_, itemmaster0_.imslrc1 as imslrc21_31_0_, itemmaster0_.imslrc2 as imslrc22_31_0_, itemmaster0_.imslrc3 as imslrc23_31_0_, itemmaster0_.imslrc4 as imslrc24_31_0_, itemmaster0_.imslrc5 as imslrc25_31_0_, itemmaster0_.imslrc6 as imslrc26_31_0_, itemmaster0_.imslrc7 as imslrc27_31_0_, itemmaster0_.imslrc8 as imslrc28_31_0_, itemmaster0_.imslrc9 as imslrc29_31_0_, itemmaster0_.imitc03 as imitc30_31_0_, itemmaster0_.imdesb1 as imdesb31_31_0_, itemmaster0_.imdesd1 as imdesd32_31_0_, itemmaster0_.imglcls as imglcls33_31_0_, itemmaster0_.imicl as imicl34_31_0_, itemmaster0_.imilc as imilc35_31_0_, itemmaster0_.iminums as iminums36_31_0_, itemmaster0_.imipg as imipg37_31_0_, itemmaster0_.imlsc as imlsc38_31_0_, itemmaster0_.imdaqc as imdaqc39_31_0_, itemmaster0_.imgscrt as imgscrt40_31_0_, itemmaster0_.imsiops as imsiops41_31_0_, itemmaster0_.imbpid as imbpid42_31_0_, itemmaster0_.imcsid as imcsid43_31_0_, itemmaster0_.imudf as imudf44_31_0_, itemmaster0_.impmmf as impmmf45_31_0_, itemmaster0_.imrbii as imrbii46_31_0_, itemmaster0_.imrbim as imrbim47_31_0_, itemmaster0_.imrbis as imrbis48_31_0_, itemmaster0_.imvnid as imvnid49_31_0_, itemmaster0_.imtaxpc as imtaxpc50_31_0_, itemmaster0_.imtaxsc as imtaxsc51_31_0_, itemmaster0_.iminump as iminump52_31_0_, itemmaster0_.implg as implg53_31_0_, itemmaster0_.imppl as imppl54_31_0_, itemmaster0_.imspl as imspl55_31_0_, itemmaster0_.imsnr as imsnr56_31_0_, itemmaster0_.imskty as imskty57_31_0_, itemmaster0_.imlnty as imlnty58_31_0_, itemmaster0_.imuom9 as imuom59_31_0_, itemmaster0_.imdppo as imdppo60_31_0_, itemmaster0_.imdlum as imdlum61_31_0_, itemmaster0_.imdlump as imdlump62_31_0_, itemmaster0_.imdlumt as imdlumt63_31_0_, itemmaster0_.imuom5 as imuom64_31_0_, itemmaster0_.imuom1 as imuom65_31_0_, itemmaster0_.imuom8 as imuom66_31_0_, itemmaster0_.imuom3 as imuom67_31_0_, itemmaster0_.imuom4 as imuom68_31_0_, itemmaster0_.imuom2 as imuom69_31_0_, itemmaster0_.imuom6 as imuom70_31_0_, itemmaster0_.imuoms as imuoms71_31_0_, itemmaster0_.imuomt as imuomt72_31_0_, itemmaster0_.imuomv as imuomv73_31_0_, itemmaster0_.imwcf as imwcf74_31_0_, itemmaster0_.imuomw as imuomw75_31_0_, itemmaster0_.imvict as imvict76_31_0_ from t4101 itemmaster0_ where itemmaster0_.iminum=?
Hibernate: select stocktrans0_.itcoid as itcoid1_35_0_, stocktrans0_.itdocno as itdocno2_35_0_, stocktrans0_.itdocty as itdocty3_35_0_, stocktrans0_.itdocsq as itdocsq4_35_0_, stocktrans0_.itcid as itcid5_35_0_, stocktrans0_.itdtin as itdtin6_35_0_, stocktrans0_.ittmin as ittmin7_35_0_, stocktrans0_.ituid as ituid8_35_0_, stocktrans0_.itdtlu as itdtlu9_35_0_, stocktrans0_.ittmlu as ittmlu10_35_0_, stocktrans0_.ituidm as ituidm11_35_0_, stocktrans0_.iticu as iticu12_35_0_, stocktrans0_.itpost as itpost13_35_0_, stocktrans0_.iticut as iticut14_35_0_, stocktrans0_.itanum as itanum15_35_0_, stocktrans0_.itst as itst16_35_0_, stocktrans0_.itbuid as itbuid17_35_0_, stocktrans0_.itdesb2 as itdesb18_35_0_, stocktrans0_.itdocdt as itdocdt19_35_0_, stocktrans0_.itdocmo as itdocmo20_35_0_, stocktrans0_.itdoctm as itdoctm21_35_0_, stocktrans0_.itdocyr as itdocyr22_35_0_, stocktrans0_.itexpdt as itexpdt23_35_0_, stocktrans0_.itexcost as itexcos24_35_0_, stocktrans0_.itft as itft25_35_0_, stocktrans0_.itglcls as itglcls26_35_0_, stocktrans0_.itgldt as itgldt27_35_0_, stocktrans0_.itipcd as itipcd28_35_0_, stocktrans0_.ititt as ititt29_35_0_, stocktrans0_.itinum as itinum30_35_0_, stocktrans0_.itdesb1 as itdesb31_35_0_, stocktrans0_.itlocid as itlocid32_35_0_, stocktrans0_.itobid as itobid33_35_0_, stocktrans0_.itdocono as itdocon34_35_0_, stocktrans0_.itdocosq as itdocos35_35_0_, stocktrans0_.itdocoty as itdocot36_35_0_, stocktrans0_.itpqot as itpqot37_35_0_, stocktrans0_.ituom1 as ituom38_35_0_, stocktrans0_.itqty as itqty39_35_0_, stocktrans0_.itrecid as itrecid40_35_0_, stocktrans0_.itrldocno as itrldoc41_35_0_, stocktrans0_.itrldocsq as itrldoc42_35_0_, stocktrans0_.itrldocty as itrldoc43_35_0_, stocktrans0_.itsqot as itsqot44_35_0_, stocktrans0_.ituom2 as ituom45_35_0_, stocktrans0_.itsnlot as itsnlot46_35_0_, stocktrans0_.itucf as itucf47_35_0_, stocktrans0_.ituncost as ituncos48_35_0_, stocktrans0_.ituom as ituom49_35_0_, stocktrans0_.itdvs as itdvs50_35_0_ from t4111 stocktrans0_ where stocktrans0_.itcoid=? and stocktrans0_.itdocno=? and stocktrans0_.itdocty=? and stocktrans0_.itdocsq=?
Hibernate: select itemmaster0_.iminum as iminum1_31_0_, itemmaster0_.imcid as imcid2_31_0_, itemmaster0_.imdtin as imdtin3_31_0_, itemmaster0_.imtmin as imtmin4_31_0_, itemmaster0_.imuid as imuid5_31_0_, itemmaster0_.imdtlu as imdtlu6_31_0_, itemmaster0_.imtmlu as imtmlu7_31_0_, itemmaster0_.imuidm as imuidm8_31_0_, itemmaster0_.iminumb as iminumb9_31_0_, itemmaster0_.imctm as imctm10_31_0_, itemmaster0_.imitc02 as imitc11_31_0_, itemmaster0_.imitc01 as imitc12_31_0_, itemmaster0_.imitc10 as imitc13_31_0_, itemmaster0_.imitc04 as imitc14_31_0_, itemmaster0_.imitc06 as imitc15_31_0_, itemmaster0_.imitc07 as imitc16_31_0_, itemmaster0_.imitc08 as imitc17_31_0_, itemmaster0_.imitc09 as imitc18_31_0_, itemmaster0_.imitc05 as imitc19_31_0_, itemmaster0_.imslrc0 as imslrc20_31_0_, itemmaster0_.imslrc1 as imslrc21_31_0_, itemmaster0_.imslrc2 as imslrc22_31_0_, itemmaster0_.imslrc3 as imslrc23_31_0_, itemmaster0_.imslrc4 as imslrc24_31_0_, itemmaster0_.imslrc5 as imslrc25_31_0_, itemmaster0_.imslrc6 as imslrc26_31_0_, itemmaster0_.imslrc7 as imslrc27_31_0_, itemmaster0_.imslrc8 as imslrc28_31_0_, itemmaster0_.imslrc9 as imslrc29_31_0_, itemmaster0_.imitc03 as imitc30_31_0_, itemmaster0_.imdesb1 as imdesb31_31_0_, itemmaster0_.imdesd1 as imdesd32_31_0_, itemmaster0_.imglcls as imglcls33_31_0_, itemmaster0_.imicl as imicl34_31_0_, itemmaster0_.imilc as imilc35_31_0_, itemmaster0_.iminums as iminums36_31_0_, itemmaster0_.imipg as imipg37_31_0_, itemmaster0_.imlsc as imlsc38_31_0_, itemmaster0_.imdaqc as imdaqc39_31_0_, itemmaster0_.imgscrt as imgscrt40_31_0_, itemmaster0_.imsiops as imsiops41_31_0_, itemmaster0_.imbpid as imbpid42_31_0_, itemmaster0_.imcsid as imcsid43_31_0_, itemmaster0_.imudf as imudf44_31_0_, itemmaster0_.impmmf as impmmf45_31_0_, itemmaster0_.imrbii as imrbii46_31_0_, itemmaster0_.imrbim as imrbim47_31_0_, itemmaster0_.imrbis as imrbis48_31_0_, itemmaster0_.imvnid as imvnid49_31_0_, itemmaster0_.imtaxpc as imtaxpc50_31_0_, itemmaster0_.imtaxsc as imtaxsc51_31_0_, itemmaster0_.iminump as iminump52_31_0_, itemmaster0_.implg as implg53_31_0_, itemmaster0_.imppl as imppl54_31_0_, itemmaster0_.imspl as imspl55_31_0_, itemmaster0_.imsnr as imsnr56_31_0_, itemmaster0_.imskty as imskty57_31_0_, itemmaster0_.imlnty as imlnty58_31_0_, itemmaster0_.imuom9 as imuom59_31_0_, itemmaster0_.imdppo as imdppo60_31_0_, itemmaster0_.imdlum as imdlum61_31_0_, itemmaster0_.imdlump as imdlump62_31_0_, itemmaster0_.imdlumt as imdlumt63_31_0_, itemmaster0_.imuom5 as imuom64_31_0_, itemmaster0_.imuom1 as imuom65_31_0_, itemmaster0_.imuom8 as imuom66_31_0_, itemmaster0_.imuom3 as imuom67_31_0_, itemmaster0_.imuom4 as imuom68_31_0_, itemmaster0_.imuom2 as imuom69_31_0_, itemmaster0_.imuom6 as imuom70_31_0_, itemmaster0_.imuoms as imuoms71_31_0_, itemmaster0_.imuomt as imuomt72_31_0_, itemmaster0_.imuomv as imuomv73_31_0_, itemmaster0_.imwcf as imwcf74_31_0_, itemmaster0_.imuomw as imuomw75_31_0_, itemmaster0_.imvict as imvict76_31_0_ from t4101 itemmaster0_ where itemmaster0_.iminum=?
Hibernate: select itemmaster0_.iminum as iminum1_31_0_, itemmaster0_.imcid as imcid2_31_0_, itemmaster0_.imdtin as imdtin3_31_0_, itemmaster0_.imtmin as imtmin4_31_0_, itemmaster0_.imuid as imuid5_31_0_, itemmaster0_.imdtlu as imdtlu6_31_0_, itemmaster0_.imtmlu as imtmlu7_31_0_, itemmaster0_.imuidm as imuidm8_31_0_, itemmaster0_.iminumb as iminumb9_31_0_, itemmaster0_.imctm as imctm10_31_0_, itemmaster0_.imitc02 as imitc11_31_0_, itemmaster0_.imitc01 as imitc12_31_0_, itemmaster0_.imitc10 as imitc13_31_0_, itemmaster0_.imitc04 as imitc14_31_0_, itemmaster0_.imitc06 as imitc15_31_0_, itemmaster0_.imitc07 as imitc16_31_0_, itemmaster0_.imitc08 as imitc17_31_0_, itemmaster0_.imitc09 as imitc18_31_0_, itemmaster0_.imitc05 as imitc19_31_0_, itemmaster0_.imslrc0 as imslrc20_31_0_, itemmaster0_.imslrc1 as imslrc21_31_0_, itemmaster0_.imslrc2 as imslrc22_31_0_, itemmaster0_.imslrc3 as imslrc23_31_0_, itemmaster0_.imslrc4 as imslrc24_31_0_, itemmaster0_.imslrc5 as imslrc25_31_0_, itemmaster0_.imslrc6 as imslrc26_31_0_, itemmaster0_.imslrc7 as imslrc27_31_0_, itemmaster0_.imslrc8 as imslrc28_31_0_, itemmaster0_.imslrc9 as imslrc29_31_0_, itemmaster0_.imitc03 as imitc30_31_0_, itemmaster0_.imdesb1 as imdesb31_31_0_, itemmaster0_.imdesd1 as imdesd32_31_0_, itemmaster0_.imglcls as imglcls33_31_0_, itemmaster0_.imicl as imicl34_31_0_, itemmaster0_.imilc as imilc35_31_0_, itemmaster0_.iminums as iminums36_31_0_, itemmaster0_.imipg as imipg37_31_0_, itemmaster0_.imlsc as imlsc38_31_0_, itemmaster0_.imdaqc as imdaqc39_31_0_, itemmaster0_.imgscrt as imgscrt40_31_0_, itemmaster0_.imsiops as imsiops41_31_0_, itemmaster0_.imbpid as imbpid42_31_0_, itemmaster0_.imcsid as imcsid43_31_0_, itemmaster0_.imudf as imudf44_31_0_, itemmaster0_.impmmf as impmmf45_31_0_, itemmaster0_.imrbii as imrbii46_31_0_, itemmaster0_.imrbim as imrbim47_31_0_, itemmaster0_.imrbis as imrbis48_31_0_, itemmaster0_.imvnid as imvnid49_31_0_, itemmaster0_.imtaxpc as imtaxpc50_31_0_, itemmaster0_.imtaxsc as imtaxsc51_31_0_, itemmaster0_.iminump as iminump52_31_0_, itemmaster0_.implg as implg53_31_0_, itemmaster0_.imppl as imppl54_31_0_, itemmaster0_.imspl as imspl55_31_0_, itemmaster0_.imsnr as imsnr56_31_0_, itemmaster0_.imskty as imskty57_31_0_, itemmaster0_.imlnty as imlnty58_31_0_, itemmaster0_.imuom9 as imuom59_31_0_, itemmaster0_.imdppo as imdppo60_31_0_, itemmaster0_.imdlum as imdlum61_31_0_, itemmaster0_.imdlump as imdlump62_31_0_, itemmaster0_.imdlumt as imdlumt63_31_0_, itemmaster0_.imuom5 as imuom64_31_0_, itemmaster0_.imuom1 as imuom65_31_0_, itemmaster0_.imuom8 as imuom66_31_0_, itemmaster0_.imuom3 as imuom67_31_0_, itemmaster0_.imuom4 as imuom68_31_0_, itemmaster0_.imuom2 as imuom69_31_0_, itemmaster0_.imuom6 as imuom70_31_0_, itemmaster0_.imuoms as imuoms71_31_0_, itemmaster0_.imuomt as imuomt72_31_0_, itemmaster0_.imuomv as imuomv73_31_0_, itemmaster0_.imwcf as imwcf74_31_0_, itemmaster0_.imuomw as imuomw75_31_0_, itemmaster0_.imvict as imvict76_31_0_ from t4101 itemmaster0_ where itemmaster0_.iminum=?
Hibernate: select stocktrans0_.itcoid as itcoid1_35_0_, stocktrans0_.itdocno as itdocno2_35_0_, stocktrans0_.itdocty as itdocty3_35_0_, stocktrans0_.itdocsq as itdocsq4_35_0_, stocktrans0_.itcid as itcid5_35_0_, stocktrans0_.itdtin as itdtin6_35_0_, stocktrans0_.ittmin as ittmin7_35_0_, stocktrans0_.ituid as ituid8_35_0_, stocktrans0_.itdtlu as itdtlu9_35_0_, stocktrans0_.ittmlu as ittmlu10_35_0_, stocktrans0_.ituidm as ituidm11_35_0_, stocktrans0_.iticu as iticu12_35_0_, stocktrans0_.itpost as itpost13_35_0_, stocktrans0_.iticut as iticut14_35_0_, stocktrans0_.itanum as itanum15_35_0_, stocktrans0_.itst as itst16_35_0_, stocktrans0_.itbuid as itbuid17_35_0_, stocktrans0_.itdesb2 as itdesb18_35_0_, stocktrans0_.itdocdt as itdocdt19_35_0_, stocktrans0_.itdocmo as itdocmo20_35_0_, stocktrans0_.itdoctm as itdoctm21_35_0_, stocktrans0_.itdocyr as itdocyr22_35_0_, stocktrans0_.itexpdt as itexpdt23_35_0_, stocktrans0_.itexcost as itexcos24_35_0_, stocktrans0_.itft as itft25_35_0_, stocktrans0_.itglcls as itglcls26_35_0_, stocktrans0_.itgldt as itgldt27_35_0_, stocktrans0_.itipcd as itipcd28_35_0_, stocktrans0_.ititt as ititt29_35_0_, stocktrans0_.itinum as itinum30_35_0_, stocktrans0_.itdesb1 as itdesb31_35_0_, stocktrans0_.itlocid as itlocid32_35_0_, stocktrans0_.itobid as itobid33_35_0_, stocktrans0_.itdocono as itdocon34_35_0_, stocktrans0_.itdocosq as itdocos35_35_0_, stocktrans0_.itdocoty as itdocot36_35_0_, stocktrans0_.itpqot as itpqot37_35_0_, stocktrans0_.ituom1 as ituom38_35_0_, stocktrans0_.itqty as itqty39_35_0_, stocktrans0_.itrecid as itrecid40_35_0_, stocktrans0_.itrldocno as itrldoc41_35_0_, stocktrans0_.itrldocsq as itrldoc42_35_0_, stocktrans0_.itrldocty as itrldoc43_35_0_, stocktrans0_.itsqot as itsqot44_35_0_, stocktrans0_.ituom2 as ituom45_35_0_, stocktrans0_.itsnlot as itsnlot46_35_0_, stocktrans0_.itucf as itucf47_35_0_, stocktrans0_.ituncost as ituncos48_35_0_, stocktrans0_.ituom as ituom49_35_0_, stocktrans0_.itdvs as itdvs50_35_0_ from t4111 stocktrans0_ where stocktrans0_.itcoid=? and stocktrans0_.itdocno=? and stocktrans0_.itdocty=? and stocktrans0_.itdocsq=?
Hibernate: select lotmaster0_.ltbuid as ltbuid1_34_, lotmaster0_.ltinum as ltinum2_34_, lotmaster0_.ltsnlot as ltsnlot3_34_, lotmaster0_.ltcid as ltcid4_34_, lotmaster0_.ltdtin as ltdtin5_34_, lotmaster0_.lttmin as lttmin6_34_, lotmaster0_.ltuid as ltuid7_34_, lotmaster0_.ltdtlu as ltdtlu8_34_, lotmaster0_.lttmlu as lttmlu9_34_, lotmaster0_.ltuidm as ltuidm10_34_, lotmaster0_.ltbodt as ltbodt11_34_, lotmaster0_.ltbbdt as ltbbdt12_34_, lotmaster0_.ltcldt as ltcldt13_34_, lotmaster0_.ltexpdt as ltexpdt14_34_, lotmaster0_.ltldsc as ltldsc15_34_, lotmaster0_.ltledt as ltledt16_34_, lotmaster0_.ltlsc as ltlsc17_34_, lotmaster0_.ltmlot1 as ltmlot18_34_, lotmaster0_.ltmlot2 as ltmlot19_34_, lotmaster0_.ltmlot3 as ltmlot20_34_, lotmaster0_.ltohdt as ltohdt21_34_, lotmaster0_.ltsern as ltsern22_34_ from t4108 lotmaster0_ where lotmaster0_.ltbuid=? and lotmaster0_.ltinum=? and lotmaster0_.ltsnlot=? or lotmaster0_.ltbuid=? and lotmaster0_.ltinum=? and lotmaster0_.ltsnlot=? or lotmaster0_.ltbuid=? and lotmaster0_.ltinum=? and lotmaster0_.ltsnlot=?
Hibernate: select salesshipm0_.slcoid as slcoid1_38_0_, salesshipm0_.sldocno as sldocno2_38_0_, salesshipm0_.sldocty as sldocty3_38_0_, salesshipm0_.sldocsq as sldocsq4_38_0_, salesshipm0_.slcid as slcid5_38_0_, salesshipm0_.sldtin as sldtin6_38_0_, salesshipm0_.sltmin as sltmin7_38_0_, salesshipm0_.sluid as sluid8_38_0_, salesshipm0_.sldtlu as sldtlu9_38_0_, salesshipm0_.sltmlu as sltmlu10_38_0_, salesshipm0_.sluidm as sluidm11_38_0_, salesshipm0_.slacid as slacid12_38_0_, salesshipm0_.slata as slata13_38_0_, salesshipm0_.slatd as slatd14_38_0_, salesshipm0_.slcrcb as slcrcb15_38_0_, salesshipm0_.slicu as slicu16_38_0_, salesshipm0_.slicut as slicut17_38_0_, salesshipm0_.slitc02 as slitc18_38_0_, salesshipm0_.slbuid as slbuid19_38_0_, salesshipm0_.slitc01 as slitc20_38_0_, salesshipm0_.slcnid as slcnid21_38_0_, salesshipm0_.slcsid as slcsid22_38_0_, salesshipm0_.slcsdocdt as slcsdoc23_38_0_, salesshipm0_.slcsdocno as slcsdoc24_38_0_, salesshipm0_.sldod as sldod25_38_0_, salesshipm0_.sldol as sldol26_38_0_, salesshipm0_.sldou as sldou27_38_0_, salesshipm0_.sldldt as sldldt28_38_0_, salesshipm0_.sldesc1 as sldesc29_38_0_, salesshipm0_.sldesc2 as sldesc30_38_0_, salesshipm0_.sldccd as sldccd31_38_0_, salesshipm0_.sldcrt as sldcrt32_38_0_, salesshipm0_.sldocdt as sldocdt33_38_0_, salesshipm0_.sleta as sleta34_38_0_, salesshipm0_.sletd as sletd35_38_0_, salesshipm0_.slexcrt as slexcrt36_38_0_, salesshipm0_.slexid as slexid37_38_0_, salesshipm0_.slead as slead38_38_0_, salesshipm0_.slean as slean39_38_0_, salesshipm0_.sledd as sledd40_38_0_, salesshipm0_.sledn as sledn41_38_0_, salesshipm0_.slexcost as slexcos42_38_0_, salesshipm0_.slexprice as slexpri43_38_0_, salesshipm0_.slfep as slfep44_38_0_, salesshipm0_.slfta as slfta45_38_0_, salesshipm0_.slftb as slftb46_38_0_, salesshipm0_.slfup as slfup47_38_0_, salesshipm0_.slfbd as slfbd48_38_0_, salesshipm0_.slfbn as slfbn49_38_0_, salesshipm0_.slglcls as slglcls50_38_0_, salesshipm0_.slgscrt as slgscrt51_38_0_, salesshipm0_.slir02 as slir52_38_0_, salesshipm0_.slir01 as slir53_38_0_, salesshipm0_.slir03 as slir54_38_0_, salesshipm0_.slitt as slitt55_38_0_, salesshipm0_.sldocidt as sldocid56_38_0_, salesshipm0_.sldocino as sldocin57_38_0_, salesshipm0_.sldocisq as sldocis58_38_0_, salesshipm0_.sldocity as sldocit59_38_0_, salesshipm0_.slinum as slinum60_38_0_, salesshipm0_.sldesb1 as sldesb61_38_0_, salesshipm0_.slitc05 as slitc62_38_0_, salesshipm0_.sllst as sllst63_38_0_, salesshipm0_.sllnty as sllnty64_38_0_, salesshipm0_.sllocid as sllocid65_38_0_, salesshipm0_.slnst as slnst66_38_0_, salesshipm0_.slobid as slobid67_38_0_, salesshipm0_.sldocono as sldocon68_38_0_, salesshipm0_.sldocosq as sldocos69_38_0_, salesshipm0_.sldocoty as sldocot70_38_0_, salesshipm0_.slordocdt as slordoc71_38_0_, salesshipm0_.slordocno as slordoc72_38_0_, salesshipm0_.slordocsq as slordoc73_38_0_, salesshipm0_.slordocty as slordoc74_38_0_, salesshipm0_.slprid as slprid75_38_0_, salesshipm0_.slpyid as slpyid76_38_0_, salesshipm0_.slptc as slptc77_38_0_, salesshipm0_.slpoa as slpoa78_38_0_, salesshipm0_.slpod as slpod79_38_0_, salesshipm0_.slpqot as slpqot80_38_0_, salesshipm0_.sluom1 as sluom81_38_0_, salesshipm0_.slrbuid as slrbuid82_38_0_, salesshipm0_.slpjid as slpjid83_38_0_, salesshipm0_.slqty as slqty84_38_0_, salesshipm0_.slstid as slstid85_38_0_, salesshipm0_.slrecid as slrecid86_38_0_, salesshipm0_.slvr04 as slvr87_38_0_, salesshipm0_.slvr01 as slvr88_38_0_, salesshipm0_.slvr03 as slvr89_38_0_, salesshipm0_.slvr05 as slvr90_38_0_, salesshipm0_.slvr02 as slvr91_38_0_, salesshipm0_.slso03 as slso92_38_0_, salesshipm0_.slso01 as slso93_38_0_, salesshipm0_.slso02 as slso94_38_0_, salesshipm0_.slslid as slslid95_38_0_, salesshipm0_.slsqot as slsqot96_38_0_, salesshipm0_.sluom2 as sluom97_38_0_, salesshipm0_.slsnlot as slsnlot98_38_0_, salesshipm0_.slslrc1 as slslrc99_38_0_, salesshipm0_.slshcn as slshcn100_38_0_, salesshipm0_.sltaxal as sltaxa101_38_0_, salesshipm0_.sltaxam as sltaxa102_38_0_, salesshipm0_.sltaxab as sltaxa103_38_0_, salesshipm0_.sltaxcd as sltaxc104_38_0_, salesshipm0_.sltaxidt as sltaxi105_38_0_, salesshipm0_.sltaxino as sltaxi106_38_0_, salesshipm0_.sltaxrt as sltaxr107_38_0_, salesshipm0_.sldnop as sldnop108_38_0_, salesshipm0_.slinop as slinop109_38_0_, salesshipm0_.slcrct as slcrct110_38_0_, salesshipm0_.slitc03 as slitc111_38_0_, salesshipm0_.slucf as slucf112_38_0_, salesshipm0_.sluncost as slunco113_38_0_, salesshipm0_.sludc as sludc114_38_0_, salesshipm0_.sludf as sludf115_38_0_, salesshipm0_.sluom as sluom116_38_0_, salesshipm0_.slunprice as slunpr117_38_0_, salesshipm0_.slinvdt as slinvd118_38_0_, salesshipm0_.slinvno as slinvn119_38_0_ from t4212 salesshipm0_ where salesshipm0_.slcoid=? and salesshipm0_.sldocno=? and salesshipm0_.sldocty=? and salesshipm0_.sldocsq=?
Hibernate: select salesshipm0_.slcoid as slcoid1_38_0_, salesshipm0_.sldocno as sldocno2_38_0_, salesshipm0_.sldocty as sldocty3_38_0_, salesshipm0_.sldocsq as sldocsq4_38_0_, salesshipm0_.slcid as slcid5_38_0_, salesshipm0_.sldtin as sldtin6_38_0_, salesshipm0_.sltmin as sltmin7_38_0_, salesshipm0_.sluid as sluid8_38_0_, salesshipm0_.sldtlu as sldtlu9_38_0_, salesshipm0_.sltmlu as sltmlu10_38_0_, salesshipm0_.sluidm as sluidm11_38_0_, salesshipm0_.slacid as slacid12_38_0_, salesshipm0_.slata as slata13_38_0_, salesshipm0_.slatd as slatd14_38_0_, salesshipm0_.slcrcb as slcrcb15_38_0_, salesshipm0_.slicu as slicu16_38_0_, salesshipm0_.slicut as slicut17_38_0_, salesshipm0_.slitc02 as slitc18_38_0_, salesshipm0_.slbuid as slbuid19_38_0_, salesshipm0_.slitc01 as slitc20_38_0_, salesshipm0_.slcnid as slcnid21_38_0_, salesshipm0_.slcsid as slcsid22_38_0_, salesshipm0_.slcsdocdt as slcsdoc23_38_0_, salesshipm0_.slcsdocno as slcsdoc24_38_0_, salesshipm0_.sldod as sldod25_38_0_, salesshipm0_.sldol as sldol26_38_0_, salesshipm0_.sldou as sldou27_38_0_, salesshipm0_.sldldt as sldldt28_38_0_, salesshipm0_.sldesc1 as sldesc29_38_0_, salesshipm0_.sldesc2 as sldesc30_38_0_, salesshipm0_.sldccd as sldccd31_38_0_, salesshipm0_.sldcrt as sldcrt32_38_0_, salesshipm0_.sldocdt as sldocdt33_38_0_, salesshipm0_.sleta as sleta34_38_0_, salesshipm0_.sletd as sletd35_38_0_, salesshipm0_.slexcrt as slexcrt36_38_0_, salesshipm0_.slexid as slexid37_38_0_, salesshipm0_.slead as slead38_38_0_, salesshipm0_.slean as slean39_38_0_, salesshipm0_.sledd as sledd40_38_0_, salesshipm0_.sledn as sledn41_38_0_, salesshipm0_.slexcost as slexcos42_38_0_, salesshipm0_.slexprice as slexpri43_38_0_, salesshipm0_.slfep as slfep44_38_0_, salesshipm0_.slfta as slfta45_38_0_, salesshipm0_.slftb as slftb46_38_0_, salesshipm0_.slfup as slfup47_38_0_, salesshipm0_.slfbd as slfbd48_38_0_, salesshipm0_.slfbn as slfbn49_38_0_, salesshipm0_.slglcls as slglcls50_38_0_, salesshipm0_.slgscrt as slgscrt51_38_0_, salesshipm0_.slir02 as slir52_38_0_, salesshipm0_.slir01 as slir53_38_0_, salesshipm0_.slir03 as slir54_38_0_, salesshipm0_.slitt as slitt55_38_0_, salesshipm0_.sldocidt as sldocid56_38_0_, salesshipm0_.sldocino as sldocin57_38_0_, salesshipm0_.sldocisq as sldocis58_38_0_, salesshipm0_.sldocity as sldocit59_38_0_, salesshipm0_.slinum as slinum60_38_0_, salesshipm0_.sldesb1 as sldesb61_38_0_, salesshipm0_.slitc05 as slitc62_38_0_, salesshipm0_.sllst as sllst63_38_0_, salesshipm0_.sllnty as sllnty64_38_0_, salesshipm0_.sllocid as sllocid65_38_0_, salesshipm0_.slnst as slnst66_38_0_, salesshipm0_.slobid as slobid67_38_0_, salesshipm0_.sldocono as sldocon68_38_0_, salesshipm0_.sldocosq as sldocos69_38_0_, salesshipm0_.sldocoty as sldocot70_38_0_, salesshipm0_.slordocdt as slordoc71_38_0_, salesshipm0_.slordocno as slordoc72_38_0_, salesshipm0_.slordocsq as slordoc73_38_0_, salesshipm0_.slordocty as slordoc74_38_0_, salesshipm0_.slprid as slprid75_38_0_, salesshipm0_.slpyid as slpyid76_38_0_, salesshipm0_.slptc as slptc77_38_0_, salesshipm0_.slpoa as slpoa78_38_0_, salesshipm0_.slpod as slpod79_38_0_, salesshipm0_.slpqot as slpqot80_38_0_, salesshipm0_.sluom1 as sluom81_38_0_, salesshipm0_.slrbuid as slrbuid82_38_0_, salesshipm0_.slpjid as slpjid83_38_0_, salesshipm0_.slqty as slqty84_38_0_, salesshipm0_.slstid as slstid85_38_0_, salesshipm0_.slrecid as slrecid86_38_0_, salesshipm0_.slvr04 as slvr87_38_0_, salesshipm0_.slvr01 as slvr88_38_0_, salesshipm0_.slvr03 as slvr89_38_0_, salesshipm0_.slvr05 as slvr90_38_0_, salesshipm0_.slvr02 as slvr91_38_0_, salesshipm0_.slso03 as slso92_38_0_, salesshipm0_.slso01 as slso93_38_0_, salesshipm0_.slso02 as slso94_38_0_, salesshipm0_.slslid as slslid95_38_0_, salesshipm0_.slsqot as slsqot96_38_0_, salesshipm0_.sluom2 as sluom97_38_0_, salesshipm0_.slsnlot as slsnlot98_38_0_, salesshipm0_.slslrc1 as slslrc99_38_0_, salesshipm0_.slshcn as slshcn100_38_0_, salesshipm0_.sltaxal as sltaxa101_38_0_, salesshipm0_.sltaxam as sltaxa102_38_0_, salesshipm0_.sltaxab as sltaxa103_38_0_, salesshipm0_.sltaxcd as sltaxc104_38_0_, salesshipm0_.sltaxidt as sltaxi105_38_0_, salesshipm0_.sltaxino as sltaxi106_38_0_, salesshipm0_.sltaxrt as sltaxr107_38_0_, salesshipm0_.sldnop as sldnop108_38_0_, salesshipm0_.slinop as slinop109_38_0_, salesshipm0_.slcrct as slcrct110_38_0_, salesshipm0_.slitc03 as slitc111_38_0_, salesshipm0_.slucf as slucf112_38_0_, salesshipm0_.sluncost as slunco113_38_0_, salesshipm0_.sludc as sludc114_38_0_, salesshipm0_.sludf as sludf115_38_0_, salesshipm0_.sluom as sluom116_38_0_, salesshipm0_.slunprice as slunpr117_38_0_, salesshipm0_.slinvdt as slinvd118_38_0_, salesshipm0_.slinvno as slinvn119_38_0_ from t4212 salesshipm0_ where salesshipm0_.slcoid=? and salesshipm0_.sldocno=? and salesshipm0_.sldocty=? and salesshipm0_.sldocsq=?
Hibernate: select salesshipm0_.slcoid as slcoid1_38_0_, salesshipm0_.sldocno as sldocno2_38_0_, salesshipm0_.sldocty as sldocty3_38_0_, salesshipm0_.sldocsq as sldocsq4_38_0_, salesshipm0_.slcid as slcid5_38_0_, salesshipm0_.sldtin as sldtin6_38_0_, salesshipm0_.sltmin as sltmin7_38_0_, salesshipm0_.sluid as sluid8_38_0_, salesshipm0_.sldtlu as sldtlu9_38_0_, salesshipm0_.sltmlu as sltmlu10_38_0_, salesshipm0_.sluidm as sluidm11_38_0_, salesshipm0_.slacid as slacid12_38_0_, salesshipm0_.slata as slata13_38_0_, salesshipm0_.slatd as slatd14_38_0_, salesshipm0_.slcrcb as slcrcb15_38_0_, salesshipm0_.slicu as slicu16_38_0_, salesshipm0_.slicut as slicut17_38_0_, salesshipm0_.slitc02 as slitc18_38_0_, salesshipm0_.slbuid as slbuid19_38_0_, salesshipm0_.slitc01 as slitc20_38_0_, salesshipm0_.slcnid as slcnid21_38_0_, salesshipm0_.slcsid as slcsid22_38_0_, salesshipm0_.slcsdocdt as slcsdoc23_38_0_, salesshipm0_.slcsdocno as slcsdoc24_38_0_, salesshipm0_.sldod as sldod25_38_0_, salesshipm0_.sldol as sldol26_38_0_, salesshipm0_.sldou as sldou27_38_0_, salesshipm0_.sldldt as sldldt28_38_0_, salesshipm0_.sldesc1 as sldesc29_38_0_, salesshipm0_.sldesc2 as sldesc30_38_0_, salesshipm0_.sldccd as sldccd31_38_0_, salesshipm0_.sldcrt as sldcrt32_38_0_, salesshipm0_.sldocdt as sldocdt33_38_0_, salesshipm0_.sleta as sleta34_38_0_, salesshipm0_.sletd as sletd35_38_0_, salesshipm0_.slexcrt as slexcrt36_38_0_, salesshipm0_.slexid as slexid37_38_0_, salesshipm0_.slead as slead38_38_0_, salesshipm0_.slean as slean39_38_0_, salesshipm0_.sledd as sledd40_38_0_, salesshipm0_.sledn as sledn41_38_0_, salesshipm0_.slexcost as slexcos42_38_0_, salesshipm0_.slexprice as slexpri43_38_0_, salesshipm0_.slfep as slfep44_38_0_, salesshipm0_.slfta as slfta45_38_0_, salesshipm0_.slftb as slftb46_38_0_, salesshipm0_.slfup as slfup47_38_0_, salesshipm0_.slfbd as slfbd48_38_0_, salesshipm0_.slfbn as slfbn49_38_0_, salesshipm0_.slglcls as slglcls50_38_0_, salesshipm0_.slgscrt as slgscrt51_38_0_, salesshipm0_.slir02 as slir52_38_0_, salesshipm0_.slir01 as slir53_38_0_, salesshipm0_.slir03 as slir54_38_0_, salesshipm0_.slitt as slitt55_38_0_, salesshipm0_.sldocidt as sldocid56_38_0_, salesshipm0_.sldocino as sldocin57_38_0_, salesshipm0_.sldocisq as sldocis58_38_0_, salesshipm0_.sldocity as sldocit59_38_0_, salesshipm0_.slinum as slinum60_38_0_, salesshipm0_.sldesb1 as sldesb61_38_0_, salesshipm0_.slitc05 as slitc62_38_0_, salesshipm0_.sllst as sllst63_38_0_, salesshipm0_.sllnty as sllnty64_38_0_, salesshipm0_.sllocid as sllocid65_38_0_, salesshipm0_.slnst as slnst66_38_0_, salesshipm0_.slobid as slobid67_38_0_, salesshipm0_.sldocono as sldocon68_38_0_, salesshipm0_.sldocosq as sldocos69_38_0_, salesshipm0_.sldocoty as sldocot70_38_0_, salesshipm0_.slordocdt as slordoc71_38_0_, salesshipm0_.slordocno as slordoc72_38_0_, salesshipm0_.slordocsq as slordoc73_38_0_, salesshipm0_.slordocty as slordoc74_38_0_, salesshipm0_.slprid as slprid75_38_0_, salesshipm0_.slpyid as slpyid76_38_0_, salesshipm0_.slptc as slptc77_38_0_, salesshipm0_.slpoa as slpoa78_38_0_, salesshipm0_.slpod as slpod79_38_0_, salesshipm0_.slpqot as slpqot80_38_0_, salesshipm0_.sluom1 as sluom81_38_0_, salesshipm0_.slrbuid as slrbuid82_38_0_, salesshipm0_.slpjid as slpjid83_38_0_, salesshipm0_.slqty as slqty84_38_0_, salesshipm0_.slstid as slstid85_38_0_, salesshipm0_.slrecid as slrecid86_38_0_, salesshipm0_.slvr04 as slvr87_38_0_, salesshipm0_.slvr01 as slvr88_38_0_, salesshipm0_.slvr03 as slvr89_38_0_, salesshipm0_.slvr05 as slvr90_38_0_, salesshipm0_.slvr02 as slvr91_38_0_, salesshipm0_.slso03 as slso92_38_0_, salesshipm0_.slso01 as slso93_38_0_, salesshipm0_.slso02 as slso94_38_0_, salesshipm0_.slslid as slslid95_38_0_, salesshipm0_.slsqot as slsqot96_38_0_, salesshipm0_.sluom2 as sluom97_38_0_, salesshipm0_.slsnlot as slsnlot98_38_0_, salesshipm0_.slslrc1 as slslrc99_38_0_, salesshipm0_.slshcn as slshcn100_38_0_, salesshipm0_.sltaxal as sltaxa101_38_0_, salesshipm0_.sltaxam as sltaxa102_38_0_, salesshipm0_.sltaxab as sltaxa103_38_0_, salesshipm0_.sltaxcd as sltaxc104_38_0_, salesshipm0_.sltaxidt as sltaxi105_38_0_, salesshipm0_.sltaxino as sltaxi106_38_0_, salesshipm0_.sltaxrt as sltaxr107_38_0_, salesshipm0_.sldnop as sldnop108_38_0_, salesshipm0_.slinop as slinop109_38_0_, salesshipm0_.slcrct as slcrct110_38_0_, salesshipm0_.slitc03 as slitc111_38_0_, salesshipm0_.slucf as slucf112_38_0_, salesshipm0_.sluncost as slunco113_38_0_, salesshipm0_.sludc as sludc114_38_0_, salesshipm0_.sludf as sludf115_38_0_, salesshipm0_.sluom as sluom116_38_0_, salesshipm0_.slunprice as slunpr117_38_0_, salesshipm0_.slinvdt as slinvd118_38_0_, salesshipm0_.slinvno as slinvn119_38_0_ from t4212 salesshipm0_ where salesshipm0_.slcoid=? and salesshipm0_.sldocno=? and salesshipm0_.sldocty=? and salesshipm0_.sldocsq=?
Hibernate: insert into t4111 (itcid, itdtin, ittmin, ituid, itdtlu, ittmlu, ituidm, iticu, itpost, iticut, itanum, itst, itbuid, itdesb2, itdocdt, itdocmo, itdoctm, itdocyr, itexpdt, itexcost, itft, itglcls, itgldt, itipcd, ititt, itinum, itdesb1, itlocid, itobid, itdocono, itdocosq, itdocoty, itpqot, ituom1, itqty, itrecid, itrldocno, itrldocsq, itrldocty, itsqot, ituom2, itsnlot, itucf, ituncost, ituom, itdvs, itcoid, itdocno, itdocty, itdocsq) values (?, ?, ?, ?, ?, ?, ?, ?, ?, ?, ?, ?, ?, ?, ?, ?, ?, ?, ?, ?, ?, ?, ?, ?, ?, ?, ?, ?, ?, ?, ?, ?, ?, ?, ?, ?, ?, ?, ?, ?, ?, ?, ?, ?, ?, ?, ?, ?, ?, ?)
Hibernate: insert into t4111 (itcid, itdtin, ittmin, ituid, itdtlu, ittmlu, ituidm, iticu, itpost, iticut, itanum, itst, itbuid, itdesb2, itdocdt, itdocmo, itdoctm, itdocyr, itexpdt, itexcost, itft, itglcls, itgldt, itipcd, ititt, itinum, itdesb1, itlocid, itobid, itdocono, itdocosq, itdocoty, itpqot, ituom1, itqty, itrecid, itrldocno, itrldocsq, itrldocty, itsqot, ituom2, itsnlot, itucf, ituncost, ituom, itdvs, itcoid, itdocno, itdocty, itdocsq) values (?, ?, ?, ?, ?, ?, ?, ?, ?, ?, ?, ?, ?, ?, ?, ?, ?, ?, ?, ?, ?, ?, ?, ?, ?, ?, ?, ?, ?, ?, ?, ?, ?, ?, ?, ?, ?, ?, ?, ?, ?, ?, ?, ?, ?, ?, ?, ?, ?, ?)
Hibernate: insert into t4212 (slcid, sldtin, sltmin, sluid, sldtlu, sltmlu, sluidm, slacid, slata, slatd, slcrcb, slicu, slicut, slitc02, slbuid, slitc01, slcnid, slcsid, slcsdocdt, slcsdocno, sldod, sldol, sldou, sldldt, sldesc1, sldesc2, sldccd, sldcrt, sldocdt, sleta, sletd, slexcrt, slexid, slead, slean, sledd, sledn, slexcost, slexprice, slfep, slfta, slftb, slfup, slfbd, slfbn, slglcls, slgscrt, slir02, slir01, slir03, slitt, sldocidt, sldocino, sldocisq, sldocity, slinum, sldesb1, slitc05, sllst, sllnty, sllocid, slnst, slobid, sldocono, sldocosq, sldocoty, slordocdt, slordocno, slordocsq, slordocty, slprid, slpyid, slptc, slpoa, slpod, slpqot, sluom1, slrbuid, slpjid, slqty, slstid, slrecid, slvr04, slvr01, slvr03, slvr05, slvr02, slso03, slso01, slso02, slslid, slsqot, sluom2, slsnlot, slslrc1, slshcn, sltaxal, sltaxam, sltaxab, sltaxcd, sltaxidt, sltaxino, sltaxrt, sldnop, slinop, slcrct, slitc03, slucf, sluncost, sludc, sludf, sluom, slunprice, slinvdt, slinvno, slcoid, sldocno, sldocty, sldocsq) values (?, ?, ?, ?, ?, ?, ?, ?, ?, ?, ?, ?, ?, ?, ?, ?, ?, ?, ?, ?, ?, ?, ?, ?, ?, ?, ?, ?, ?, ?, ?, ?, ?, ?, ?, ?, ?, ?, ?, ?, ?, ?, ?, ?, ?, ?, ?, ?, ?, ?, ?, ?, ?, ?, ?, ?, ?, ?, ?, ?, ?, ?, ?, ?, ?, ?, ?, ?, ?, ?, ?, ?, ?, ?, ?, ?, ?, ?, ?, ?, ?, ?, ?, ?, ?, ?, ?, ?, ?, ?, ?, ?, ?, ?, ?, ?, ?, ?, ?, ?, ?, ?, ?, ?, ?, ?, ?, ?, ?, ?, ?, ?, ?, ?, ?, ?, ?, ?, ?)
Hibernate: insert into t4212 (slcid, sldtin, sltmin, sluid, sldtlu, sltmlu, sluidm, slacid, slata, slatd, slcrcb, slicu, slicut, slitc02, slbuid, slitc01, slcnid, slcsid, slcsdocdt, slcsdocno, sldod, sldol, sldou, sldldt, sldesc1, sldesc2, sldccd, sldcrt, sldocdt, sleta, sletd, slexcrt, slexid, slead, slean, sledd, sledn, slexcost, slexprice, slfep, slfta, slftb, slfup, slfbd, slfbn, slglcls, slgscrt, slir02, slir01, slir03, slitt, sldocidt, sldocino, sldocisq, sldocity, slinum, sldesb1, slitc05, sllst, sllnty, sllocid, slnst, slobid, sldocono, sldocosq, sldocoty, slordocdt, slordocno, slordocsq, slordocty, slprid, slpyid, slptc, slpoa, slpod, slpqot, sluom1, slrbuid, slpjid, slqty, slstid, slrecid, slvr04, slvr01, slvr03, slvr05, slvr02, slso03, slso01, slso02, slslid, slsqot, sluom2, slsnlot, slslrc1, slshcn, sltaxal, sltaxam, sltaxab, sltaxcd, sltaxidt, sltaxino, sltaxrt, sldnop, slinop, slcrct, slitc03, slucf, sluncost, sludc, sludf, sluom, slunprice, slinvdt, slinvno, slcoid, sldocno, sldocty, sldocsq) values (?, ?, ?, ?, ?, ?, ?, ?, ?, ?, ?, ?, ?, ?, ?, ?, ?, ?, ?, ?, ?, ?, ?, ?, ?, ?, ?, ?, ?, ?, ?, ?, ?, ?, ?, ?, ?, ?, ?, ?, ?, ?, ?, ?, ?, ?, ?, ?, ?, ?, ?, ?, ?, ?, ?, ?, ?, ?, ?, ?, ?, ?, ?, ?, ?, ?, ?, ?, ?, ?, ?, ?, ?, ?, ?, ?, ?, ?, ?, ?, ?, ?, ?, ?, ?, ?, ?, ?, ?, ?, ?, ?, ?, ?, ?, ?, ?, ?, ?, ?, ?, ?, ?, ?, ?, ?, ?, ?, ?, ?, ?, ?, ?, ?, ?, ?, ?, ?, ?)
Hibernate: insert into t4212 (slcid, sldtin, sltmin, sluid, sldtlu, sltmlu, sluidm, slacid, slata, slatd, slcrcb, slicu, slicut, slitc02, slbuid, slitc01, slcnid, slcsid, slcsdocdt, slcsdocno, sldod, sldol, sldou, sldldt, sldesc1, sldesc2, sldccd, sldcrt, sldocdt, sleta, sletd, slexcrt, slexid, slead, slean, sledd, sledn, slexcost, slexprice, slfep, slfta, slftb, slfup, slfbd, slfbn, slglcls, slgscrt, slir02, slir01, slir03, slitt, sldocidt, sldocino, sldocisq, sldocity, slinum, sldesb1, slitc05, sllst, sllnty, sllocid, slnst, slobid, sldocono, sldocosq, sldocoty, slordocdt, slordocno, slordocsq, slordocty, slprid, slpyid, slptc, slpoa, slpod, slpqot, sluom1, slrbuid, slpjid, slqty, slstid, slrecid, slvr04, slvr01, slvr03, slvr05, slvr02, slso03, slso01, slso02, slslid, slsqot, sluom2, slsnlot, slslrc1, slshcn, sltaxal, sltaxam, sltaxab, sltaxcd, sltaxidt, sltaxino, sltaxrt, sldnop, slinop, slcrct, slitc03, slucf, sluncost, sludc, sludf, sluom, slunprice, slinvdt, slinvno, slcoid, sldocno, sldocty, sldocsq) values (?, ?, ?, ?, ?, ?, ?, ?, ?, ?, ?, ?, ?, ?, ?, ?, ?, ?, ?, ?, ?, ?, ?, ?, ?, ?, ?, ?, ?, ?, ?, ?, ?, ?, ?, ?, ?, ?, ?, ?, ?, ?, ?, ?, ?, ?, ?, ?, ?, ?, ?, ?, ?, ?, ?, ?, ?, ?, ?, ?, ?, ?, ?, ?, ?, ?, ?, ?, ?, ?, ?, ?, ?, ?, ?, ?, ?, ?, ?, ?, ?, ?, ?, ?, ?, ?, ?, ?, ?, ?, ?, ?, ?, ?, ?, ?, ?, ?, ?, ?, ?, ?, ?, ?, ?, ?, ?, ?, ?, ?, ?, ?, ?, ?, ?, ?, ?, ?, ?)
Hibernate: update t4211 set sdcid=?, sddtlu=?, sdtmlu=?, sduidm=?, sdacid=?, sdcrcb=?, sditc02=?, sdbuid=?, sdqtycl=?, sditc01=?, sdcldt=?, sdcnid=?, sdcsid=?, sddldt=?, sddccd=?, sddcrt=?, sdexcrt=?, sdexid=?, sdexcost=?, sdexprice=?, sdqtyx=?, sducfx=?, sduomx=?, sdunpricex=?, sdfep=?, sdfta=?, sdftb=?, sdfup=?, sdglcls=?, sdgldt=?, sdgscrt=?, sdhcod=?, sdir02=?, sdir01=?, sdir03=?, sdinum=?, sddesb1=?, sditc05=?, sdlst=?, sdlnty=?, sdlocid=?, sdnst=?, sdobid=?, sdqtyop=?, sdordt=?, sdott=?, sdordocdt=?, sdordocno=?, sdordocsq=?, sdordocty=?, sdprid=?, sdpyid=?, sdptc=?, sdpqor=?, sduom1=?, sdrbuid=?, sdpjid=?, sdpddt=?, sdqty=?, sdstid=?, sdvr04=?, sdvr01=?, sdvr03=?, sdvr05=?, sdvr02=?, sdrldocno=?, sdrldocsq=?, sdrldocty=?, sdrqdt=?, sdqtyrn=?, sdso03=?, sdso01=?, sdso02=?, sdslid=?, sdsqor=?, sduom2=?, sdsnlot=?, sdslrc1=?, sdqtysh=?, sdtaxal=?, sdtaxam=?, sdtaxab=?, sdtaxcd=?, sdtaxrt=?, sdcrct=?, sditc03=?, sducf=?, sduncost=?, sdudc=?, sdudf=?, sduom=?, sdunprice=?, sdurnb1=?, sdurnb2=?, sdvhrn=?, sdvhty=?, sdqtyvl=?, sduomv=?, sdqtywt=?, sduomw=? where sdcoid=? and sddocono=? and sddocosq=? and sddocoty=?
Hibernate: update t4211 set sdcid=?, sddtlu=?, sdtmlu=?, sduidm=?, sdacid=?, sdcrcb=?, sditc02=?, sdbuid=?, sdqtycl=?, sditc01=?, sdcldt=?, sdcnid=?, sdcsid=?, sddldt=?, sddccd=?, sddcrt=?, sdexcrt=?, sdexid=?, sdexcost=?, sdexprice=?, sdqtyx=?, sducfx=?, sduomx=?, sdunpricex=?, sdfep=?, sdfta=?, sdftb=?, sdfup=?, sdglcls=?, sdgldt=?, sdgscrt=?, sdhcod=?, sdir02=?, sdir01=?, sdir03=?, sdinum=?, sddesb1=?, sditc05=?, sdlst=?, sdlnty=?, sdlocid=?, sdnst=?, sdobid=?, sdqtyop=?, sdordt=?, sdott=?, sdordocdt=?, sdordocno=?, sdordocsq=?, sdordocty=?, sdprid=?, sdpyid=?, sdptc=?, sdpqor=?, sduom1=?, sdrbuid=?, sdpjid=?, sdpddt=?, sdqty=?, sdstid=?, sdvr04=?, sdvr01=?, sdvr03=?, sdvr05=?, sdvr02=?, sdrldocno=?, sdrldocsq=?, sdrldocty=?, sdrqdt=?, sdqtyrn=?, sdso03=?, sdso01=?, sdso02=?, sdslid=?, sdsqor=?, sduom2=?, sdsnlot=?, sdslrc1=?, sdqtysh=?, sdtaxal=?, sdtaxam=?, sdtaxab=?, sdtaxcd=?, sdtaxrt=?, sdcrct=?, sditc03=?, sducf=?, sduncost=?, sdudc=?, sdudf=?, sduom=?, sdunprice=?, sdurnb1=?, sdurnb2=?, sdvhrn=?, sdvhty=?, sdqtyvl=?, sduomv=?, sdqtywt=?, sduomw=? where sdcoid=? and sddocono=? and sddocosq=? and sddocoty=?
Hibernate: update t4211 set sdcid=?, sddtlu=?, sdtmlu=?, sduidm=?, sdacid=?, sdcrcb=?, sditc02=?, sdbuid=?, sdqtycl=?, sditc01=?, sdcldt=?, sdcnid=?, sdcsid=?, sddldt=?, sddccd=?, sddcrt=?, sdexcrt=?, sdexid=?, sdexcost=?, sdexprice=?, sdqtyx=?, sducfx=?, sduomx=?, sdunpricex=?, sdfep=?, sdfta=?, sdftb=?, sdfup=?, sdglcls=?, sdgldt=?, sdgscrt=?, sdhcod=?, sdir02=?, sdir01=?, sdir03=?, sdinum=?, sddesb1=?, sditc05=?, sdlst=?, sdlnty=?, sdlocid=?, sdnst=?, sdobid=?, sdqtyop=?, sdordt=?, sdott=?, sdordocdt=?, sdordocno=?, sdordocsq=?, sdordocty=?, sdprid=?, sdpyid=?, sdptc=?, sdpqor=?, sduom1=?, sdrbuid=?, sdpjid=?, sdpddt=?, sdqty=?, sdstid=?, sdvr04=?, sdvr01=?, sdvr03=?, sdvr05=?, sdvr02=?, sdrldocno=?, sdrldocsq=?, sdrldocty=?, sdrqdt=?, sdqtyrn=?, sdso03=?, sdso01=?, sdso02=?, sdslid=?, sdsqor=?, sduom2=?, sdsnlot=?, sdslrc1=?, sdqtysh=?, sdtaxal=?, sdtaxam=?, sdtaxab=?, sdtaxcd=?, sdtaxrt=?, sdcrct=?, sditc03=?, sducf=?, sduncost=?, sdudc=?, sdudf=?, sduom=?, sdunprice=?, sdurnb1=?, sdurnb2=?, sdvhrn=?, sdvhty=?, sdqtyvl=?, sduomv=?, sdqtywt=?, sduomw=? where sdcoid=? and sddocono=? and sddocosq=? and sddocoty=?
Hibernate: update t4108 set ltcid=?, ltdtlu=?, lttmlu=?, ltuidm=?, ltbodt=?, ltbbdt=?, ltcldt=?, ltexpdt=?, ltldsc=?, ltledt=?, ltlsc=?, ltmlot1=?, ltmlot2=?, ltmlot3=?, ltohdt=?, ltsern=? where ltbuid=? and ltinum=? and ltsnlot=?
Hibernate: update t4108 set ltcid=?, ltdtlu=?, lttmlu=?, ltuidm=?, ltbodt=?, ltbbdt=?, ltcldt=?, ltexpdt=?, ltldsc=?, ltledt=?, ltlsc=?, ltmlot1=?, ltmlot2=?, ltmlot3=?, ltohdt=?, ltsern=? where ltbuid=? and ltinum=? and ltsnlot=?
Hibernate: update t4108 set ltcid=?, ltdtlu=?, lttmlu=?, ltuidm=?, ltbodt=?, ltbbdt=?, ltcldt=?, ltexpdt=?, ltldsc=?, ltledt=?, ltlsc=?, ltmlot1=?, ltmlot2=?, ltmlot3=?, ltohdt=?, ltsern=? where ltbuid=? and ltinum=? and ltsnlot=?
Hibernate: insert into transaction_serialnumbers (coid, docno, docty, docsq, buid, inum, snlot) values (?, ?, ?, ?, ?, ?, ?)
Hibernate: insert into transaction_serialnumbers (coid, docno, docty, docsq, buid, inum, snlot) values (?, ?, ?, ?, ?, ?, ?)
Hibernate: insert into transaction_serialnumbers (coid, docno, docty, docsq, buid, inum, snlot) values (?, ?, ?, ?, ?, ?, ?)
Hibernate: select salesshipm0_.slcoid as slcoid1_38_, salesshipm0_.sldocno as sldocno2_38_, salesshipm0_.sldocty as sldocty3_38_, salesshipm0_.sldocsq as sldocsq4_38_, salesshipm0_.slcid as slcid5_38_, salesshipm0_.sldtin as sldtin6_38_, salesshipm0_.sltmin as sltmin7_38_, salesshipm0_.sluid as sluid8_38_, salesshipm0_.sldtlu as sldtlu9_38_, salesshipm0_.sltmlu as sltmlu10_38_, salesshipm0_.sluidm as sluidm11_38_, salesshipm0_.slacid as slacid12_38_, salesshipm0_.slata as slata13_38_, salesshipm0_.slatd as slatd14_38_, salesshipm0_.slcrcb as slcrcb15_38_, salesshipm0_.slicu as slicu16_38_, salesshipm0_.slicut as slicut17_38_, salesshipm0_.slitc02 as slitc18_38_, salesshipm0_.slbuid as slbuid19_38_, salesshipm0_.slitc01 as slitc20_38_, salesshipm0_.slcnid as slcnid21_38_, salesshipm0_.slcsid as slcsid22_38_, salesshipm0_.slcsdocdt as slcsdoc23_38_, salesshipm0_.slcsdocno as slcsdoc24_38_, salesshipm0_.sldod as sldod25_38_, salesshipm0_.sldol as sldol26_38_, salesshipm0_.sldou as sldou27_38_, salesshipm0_.sldldt as sldldt28_38_, salesshipm0_.sldesc1 as sldesc29_38_, salesshipm0_.sldesc2 as sldesc30_38_, salesshipm0_.sldccd as sldccd31_38_, salesshipm0_.sldcrt as sldcrt32_38_, salesshipm0_.sldocdt as sldocdt33_38_, salesshipm0_.sleta as sleta34_38_, salesshipm0_.sletd as sletd35_38_, salesshipm0_.slexcrt as slexcrt36_38_, salesshipm0_.slexid as slexid37_38_, salesshipm0_.slead as slead38_38_, salesshipm0_.slean as slean39_38_, salesshipm0_.sledd as sledd40_38_, salesshipm0_.sledn as sledn41_38_, salesshipm0_.slexcost as slexcos42_38_, salesshipm0_.slexprice as slexpri43_38_, salesshipm0_.slfep as slfep44_38_, salesshipm0_.slfta as slfta45_38_, salesshipm0_.slftb as slftb46_38_, salesshipm0_.slfup as slfup47_38_, salesshipm0_.slfbd as slfbd48_38_, salesshipm0_.slfbn as slfbn49_38_, salesshipm0_.slglcls as slglcls50_38_, salesshipm0_.slgscrt as slgscrt51_38_, salesshipm0_.slir02 as slir52_38_, salesshipm0_.slir01 as slir53_38_, salesshipm0_.slir03 as slir54_38_, salesshipm0_.slitt as slitt55_38_, salesshipm0_.sldocidt as sldocid56_38_, salesshipm0_.sldocino as sldocin57_38_, salesshipm0_.sldocisq as sldocis58_38_, salesshipm0_.sldocity as sldocit59_38_, salesshipm0_.slinum as slinum60_38_, salesshipm0_.sldesb1 as sldesb61_38_, salesshipm0_.slitc05 as slitc62_38_, salesshipm0_.sllst as sllst63_38_, salesshipm0_.sllnty as sllnty64_38_, salesshipm0_.sllocid as sllocid65_38_, salesshipm0_.slnst as slnst66_38_, salesshipm0_.slobid as slobid67_38_, salesshipm0_.sldocono as sldocon68_38_, salesshipm0_.sldocosq as sldocos69_38_, salesshipm0_.sldocoty as sldocot70_38_, salesshipm0_.slordocdt as slordoc71_38_, salesshipm0_.slordocno as slordoc72_38_, salesshipm0_.slordocsq as slordoc73_38_, salesshipm0_.slordocty as slordoc74_38_, salesshipm0_.slprid as slprid75_38_, salesshipm0_.slpyid as slpyid76_38_, salesshipm0_.slptc as slptc77_38_, salesshipm0_.slpoa as slpoa78_38_, salesshipm0_.slpod as slpod79_38_, salesshipm0_.slpqot as slpqot80_38_, salesshipm0_.sluom1 as sluom81_38_, salesshipm0_.slrbuid as slrbuid82_38_, salesshipm0_.slpjid as slpjid83_38_, salesshipm0_.slqty as slqty84_38_, salesshipm0_.slstid as slstid85_38_, salesshipm0_.slrecid as slrecid86_38_, salesshipm0_.slvr04 as slvr87_38_, salesshipm0_.slvr01 as slvr88_38_, salesshipm0_.slvr03 as slvr89_38_, salesshipm0_.slvr05 as slvr90_38_, salesshipm0_.slvr02 as slvr91_38_, salesshipm0_.slso03 as slso92_38_, salesshipm0_.slso01 as slso93_38_, salesshipm0_.slso02 as slso94_38_, salesshipm0_.slslid as slslid95_38_, salesshipm0_.slsqot as slsqot96_38_, salesshipm0_.sluom2 as sluom97_38_, salesshipm0_.slsnlot as slsnlot98_38_, salesshipm0_.slslrc1 as slslrc99_38_, salesshipm0_.slshcn as slshcn100_38_, salesshipm0_.sltaxal as sltaxa101_38_, salesshipm0_.sltaxam as sltaxa102_38_, salesshipm0_.sltaxab as sltaxa103_38_, salesshipm0_.sltaxcd as sltaxc104_38_, salesshipm0_.sltaxidt as sltaxi105_38_, salesshipm0_.sltaxino as sltaxi106_38_, salesshipm0_.sltaxrt as sltaxr107_38_, salesshipm0_.sldnop as sldnop108_38_, salesshipm0_.slinop as slinop109_38_, salesshipm0_.slcrct as slcrct110_38_, salesshipm0_.slitc03 as slitc111_38_, salesshipm0_.slucf as slucf112_38_, salesshipm0_.sluncost as slunco113_38_, salesshipm0_.sludc as sludc114_38_, salesshipm0_.sludf as sludf115_38_, salesshipm0_.sluom as sluom116_38_, salesshipm0_.slunprice as slunpr117_38_, salesshipm0_.slinvdt as slinvd118_38_, salesshipm0_.slinvno as slinvn119_38_ from t4212 salesshipm0_ where salesshipm0_.slcoid=? and salesshipm0_.sldocno=? and salesshipm0_.sldocty=?
Hibernate: select salesshipm0_.slcoid as slcoid1_38_0_, salesshipm0_.sldocno as sldocno2_38_0_, salesshipm0_.sldocty as sldocty3_38_0_, salesshipm0_.sldocsq as sldocsq4_38_0_, salesshipm0_.slcid as slcid5_38_0_, salesshipm0_.sldtin as sldtin6_38_0_, salesshipm0_.sltmin as sltmin7_38_0_, salesshipm0_.sluid as sluid8_38_0_, salesshipm0_.sldtlu as sldtlu9_38_0_, salesshipm0_.sltmlu as sltmlu10_38_0_, salesshipm0_.sluidm as sluidm11_38_0_, salesshipm0_.slacid as slacid12_38_0_, salesshipm0_.slata as slata13_38_0_, salesshipm0_.slatd as slatd14_38_0_, salesshipm0_.slcrcb as slcrcb15_38_0_, salesshipm0_.slicu as slicu16_38_0_, salesshipm0_.slicut as slicut17_38_0_, salesshipm0_.slitc02 as slitc18_38_0_, salesshipm0_.slbuid as slbuid19_38_0_, salesshipm0_.slitc01 as slitc20_38_0_, salesshipm0_.slcnid as slcnid21_38_0_, salesshipm0_.slcsid as slcsid22_38_0_, salesshipm0_.slcsdocdt as slcsdoc23_38_0_, salesshipm0_.slcsdocno as slcsdoc24_38_0_, salesshipm0_.sldod as sldod25_38_0_, salesshipm0_.sldol as sldol26_38_0_, salesshipm0_.sldou as sldou27_38_0_, salesshipm0_.sldldt as sldldt28_38_0_, salesshipm0_.sldesc1 as sldesc29_38_0_, salesshipm0_.sldesc2 as sldesc30_38_0_, salesshipm0_.sldccd as sldccd31_38_0_, salesshipm0_.sldcrt as sldcrt32_38_0_, salesshipm0_.sldocdt as sldocdt33_38_0_, salesshipm0_.sleta as sleta34_38_0_, salesshipm0_.sletd as sletd35_38_0_, salesshipm0_.slexcrt as slexcrt36_38_0_, salesshipm0_.slexid as slexid37_38_0_, salesshipm0_.slead as slead38_38_0_, salesshipm0_.slean as slean39_38_0_, salesshipm0_.sledd as sledd40_38_0_, salesshipm0_.sledn as sledn41_38_0_, salesshipm0_.slexcost as slexcos42_38_0_, salesshipm0_.slexprice as slexpri43_38_0_, salesshipm0_.slfep as slfep44_38_0_, salesshipm0_.slfta as slfta45_38_0_, salesshipm0_.slftb as slftb46_38_0_, salesshipm0_.slfup as slfup47_38_0_, salesshipm0_.slfbd as slfbd48_38_0_, salesshipm0_.slfbn as slfbn49_38_0_, salesshipm0_.slglcls as slglcls50_38_0_, salesshipm0_.slgscrt as slgscrt51_38_0_, salesshipm0_.slir02 as slir52_38_0_, salesshipm0_.slir01 as slir53_38_0_, salesshipm0_.slir03 as slir54_38_0_, salesshipm0_.slitt as slitt55_38_0_, salesshipm0_.sldocidt as sldocid56_38_0_, salesshipm0_.sldocino as sldocin57_38_0_, salesshipm0_.sldocisq as sldocis58_38_0_, salesshipm0_.sldocity as sldocit59_38_0_, salesshipm0_.slinum as slinum60_38_0_, salesshipm0_.sldesb1 as sldesb61_38_0_, salesshipm0_.slitc05 as slitc62_38_0_, salesshipm0_.sllst as sllst63_38_0_, salesshipm0_.sllnty as sllnty64_38_0_, salesshipm0_.sllocid as sllocid65_38_0_, salesshipm0_.slnst as slnst66_38_0_, salesshipm0_.slobid as slobid67_38_0_, salesshipm0_.sldocono as sldocon68_38_0_, salesshipm0_.sldocosq as sldocos69_38_0_, salesshipm0_.sldocoty as sldocot70_38_0_, salesshipm0_.slordocdt as slordoc71_38_0_, salesshipm0_.slordocno as slordoc72_38_0_, salesshipm0_.slordocsq as slordoc73_38_0_, salesshipm0_.slordocty as slordoc74_38_0_, salesshipm0_.slprid as slprid75_38_0_, salesshipm0_.slpyid as slpyid76_38_0_, salesshipm0_.slptc as slptc77_38_0_, salesshipm0_.slpoa as slpoa78_38_0_, salesshipm0_.slpod as slpod79_38_0_, salesshipm0_.slpqot as slpqot80_38_0_, salesshipm0_.sluom1 as sluom81_38_0_, salesshipm0_.slrbuid as slrbuid82_38_0_, salesshipm0_.slpjid as slpjid83_38_0_, salesshipm0_.slqty as slqty84_38_0_, salesshipm0_.slstid as slstid85_38_0_, salesshipm0_.slrecid as slrecid86_38_0_, salesshipm0_.slvr04 as slvr87_38_0_, salesshipm0_.slvr01 as slvr88_38_0_, salesshipm0_.slvr03 as slvr89_38_0_, salesshipm0_.slvr05 as slvr90_38_0_, salesshipm0_.slvr02 as slvr91_38_0_, salesshipm0_.slso03 as slso92_38_0_, salesshipm0_.slso01 as slso93_38_0_, salesshipm0_.slso02 as slso94_38_0_, salesshipm0_.slslid as slslid95_38_0_, salesshipm0_.slsqot as slsqot96_38_0_, salesshipm0_.sluom2 as sluom97_38_0_, salesshipm0_.slsnlot as slsnlot98_38_0_, salesshipm0_.slslrc1 as slslrc99_38_0_, salesshipm0_.slshcn as slshcn100_38_0_, salesshipm0_.sltaxal as sltaxa101_38_0_, salesshipm0_.sltaxam as sltaxa102_38_0_, salesshipm0_.sltaxab as sltaxa103_38_0_, salesshipm0_.sltaxcd as sltaxc104_38_0_, salesshipm0_.sltaxidt as sltaxi105_38_0_, salesshipm0_.sltaxino as sltaxi106_38_0_, salesshipm0_.sltaxrt as sltaxr107_38_0_, salesshipm0_.sldnop as sldnop108_38_0_, salesshipm0_.slinop as slinop109_38_0_, salesshipm0_.slcrct as slcrct110_38_0_, salesshipm0_.slitc03 as slitc111_38_0_, salesshipm0_.slucf as slucf112_38_0_, salesshipm0_.sluncost as slunco113_38_0_, salesshipm0_.sludc as sludc114_38_0_, salesshipm0_.sludf as sludf115_38_0_, salesshipm0_.sluom as sluom116_38_0_, salesshipm0_.slunprice as slunpr117_38_0_, salesshipm0_.slinvdt as slinvd118_38_0_, salesshipm0_.slinvno as slinvn119_38_0_ from t4212 salesshipm0_ where salesshipm0_.slcoid=? and salesshipm0_.sldocno=? and salesshipm0_.sldocty=? and salesshipm0_.sldocsq=?
Hibernate: select salesshipm0_.slcoid as slcoid1_38_, salesshipm0_.sldocno as sldocno2_38_, salesshipm0_.sldocty as sldocty3_38_, salesshipm0_.sldocsq as sldocsq4_38_, salesshipm0_.slcid as slcid5_38_, salesshipm0_.sldtin as sldtin6_38_, salesshipm0_.sltmin as sltmin7_38_, salesshipm0_.sluid as sluid8_38_, salesshipm0_.sldtlu as sldtlu9_38_, salesshipm0_.sltmlu as sltmlu10_38_, salesshipm0_.sluidm as sluidm11_38_, salesshipm0_.slacid as slacid12_38_, salesshipm0_.slata as slata13_38_, salesshipm0_.slatd as slatd14_38_, salesshipm0_.slcrcb as slcrcb15_38_, salesshipm0_.slicu as slicu16_38_, salesshipm0_.slicut as slicut17_38_, salesshipm0_.slitc02 as slitc18_38_, salesshipm0_.slbuid as slbuid19_38_, salesshipm0_.slitc01 as slitc20_38_, salesshipm0_.slcnid as slcnid21_38_, salesshipm0_.slcsid as slcsid22_38_, salesshipm0_.slcsdocdt as slcsdoc23_38_, salesshipm0_.slcsdocno as slcsdoc24_38_, salesshipm0_.sldod as sldod25_38_, salesshipm0_.sldol as sldol26_38_, salesshipm0_.sldou as sldou27_38_, salesshipm0_.sldldt as sldldt28_38_, salesshipm0_.sldesc1 as sldesc29_38_, salesshipm0_.sldesc2 as sldesc30_38_, salesshipm0_.sldccd as sldccd31_38_, salesshipm0_.sldcrt as sldcrt32_38_, salesshipm0_.sldocdt as sldocdt33_38_, salesshipm0_.sleta as sleta34_38_, salesshipm0_.sletd as sletd35_38_, salesshipm0_.slexcrt as slexcrt36_38_, salesshipm0_.slexid as slexid37_38_, salesshipm0_.slead as slead38_38_, salesshipm0_.slean as slean39_38_, salesshipm0_.sledd as sledd40_38_, salesshipm0_.sledn as sledn41_38_, salesshipm0_.slexcost as slexcos42_38_, salesshipm0_.slexprice as slexpri43_38_, salesshipm0_.slfep as slfep44_38_, salesshipm0_.slfta as slfta45_38_, salesshipm0_.slftb as slftb46_38_, salesshipm0_.slfup as slfup47_38_, salesshipm0_.slfbd as slfbd48_38_, salesshipm0_.slfbn as slfbn49_38_, salesshipm0_.slglcls as slglcls50_38_, salesshipm0_.slgscrt as slgscrt51_38_, salesshipm0_.slir02 as slir52_38_, salesshipm0_.slir01 as slir53_38_, salesshipm0_.slir03 as slir54_38_, salesshipm0_.slitt as slitt55_38_, salesshipm0_.sldocidt as sldocid56_38_, salesshipm0_.sldocino as sldocin57_38_, salesshipm0_.sldocisq as sldocis58_38_, salesshipm0_.sldocity as sldocit59_38_, salesshipm0_.slinum as slinum60_38_, salesshipm0_.sldesb1 as sldesb61_38_, salesshipm0_.slitc05 as slitc62_38_, salesshipm0_.sllst as sllst63_38_, salesshipm0_.sllnty as sllnty64_38_, salesshipm0_.sllocid as sllocid65_38_, salesshipm0_.slnst as slnst66_38_, salesshipm0_.slobid as slobid67_38_, salesshipm0_.sldocono as sldocon68_38_, salesshipm0_.sldocosq as sldocos69_38_, salesshipm0_.sldocoty as sldocot70_38_, salesshipm0_.slordocdt as slordoc71_38_, salesshipm0_.slordocno as slordoc72_38_, salesshipm0_.slordocsq as slordoc73_38_, salesshipm0_.slordocty as slordoc74_38_, salesshipm0_.slprid as slprid75_38_, salesshipm0_.slpyid as slpyid76_38_, salesshipm0_.slptc as slptc77_38_, salesshipm0_.slpoa as slpoa78_38_, salesshipm0_.slpod as slpod79_38_, salesshipm0_.slpqot as slpqot80_38_, salesshipm0_.sluom1 as sluom81_38_, salesshipm0_.slrbuid as slrbuid82_38_, salesshipm0_.slpjid as slpjid83_38_, salesshipm0_.slqty as slqty84_38_, salesshipm0_.slstid as slstid85_38_, salesshipm0_.slrecid as slrecid86_38_, salesshipm0_.slvr04 as slvr87_38_, salesshipm0_.slvr01 as slvr88_38_, salesshipm0_.slvr03 as slvr89_38_, salesshipm0_.slvr05 as slvr90_38_, salesshipm0_.slvr02 as slvr91_38_, salesshipm0_.slso03 as slso92_38_, salesshipm0_.slso01 as slso93_38_, salesshipm0_.slso02 as slso94_38_, salesshipm0_.slslid as slslid95_38_, salesshipm0_.slsqot as slsqot96_38_, salesshipm0_.sluom2 as sluom97_38_, salesshipm0_.slsnlot as slsnlot98_38_, salesshipm0_.slslrc1 as slslrc99_38_, salesshipm0_.slshcn as slshcn100_38_, salesshipm0_.sltaxal as sltaxa101_38_, salesshipm0_.sltaxam as sltaxa102_38_, salesshipm0_.sltaxab as sltaxa103_38_, salesshipm0_.sltaxcd as sltaxc104_38_, salesshipm0_.sltaxidt as sltaxi105_38_, salesshipm0_.sltaxino as sltaxi106_38_, salesshipm0_.sltaxrt as sltaxr107_38_, salesshipm0_.sldnop as sldnop108_38_, salesshipm0_.slinop as slinop109_38_, salesshipm0_.slcrct as slcrct110_38_, salesshipm0_.slitc03 as slitc111_38_, salesshipm0_.slucf as slucf112_38_, salesshipm0_.sluncost as slunco113_38_, salesshipm0_.sludc as sludc114_38_, salesshipm0_.sludf as sludf115_38_, salesshipm0_.sluom as sluom116_38_, salesshipm0_.slunprice as slunpr117_38_, salesshipm0_.slinvdt as slinvd118_38_, salesshipm0_.slinvno as slinvn119_38_ from t4212 salesshipm0_ where salesshipm0_.slcoid=? and salesshipm0_.sldocno=? and salesshipm0_.sldocty=?
Hibernate: select salesdetai0_.sdcoid as sdcoid1_37_0_, salesdetai0_.sddocono as sddocono2_37_0_, salesdetai0_.sddocosq as sddocosq3_37_0_, salesdetai0_.sddocoty as sddocoty4_37_0_, salesdetai0_.sdcid as sdcid5_37_0_, salesdetai0_.sddtin as sddtin6_37_0_, salesdetai0_.sdtmin as sdtmin7_37_0_, salesdetai0_.sduid as sduid8_37_0_, salesdetai0_.sddtlu as sddtlu9_37_0_, salesdetai0_.sdtmlu as sdtmlu10_37_0_, salesdetai0_.sduidm as sduidm11_37_0_, salesdetai0_.sdacid as sdacid12_37_0_, salesdetai0_.sdcrcb as sdcrcb13_37_0_, salesdetai0_.sditc02 as sditc14_37_0_, salesdetai0_.sdbuid as sdbuid15_37_0_, salesdetai0_.sdqtycl as sdqtycl16_37_0_, salesdetai0_.sditc01 as sditc17_37_0_, salesdetai0_.sdcldt as sdcldt18_37_0_, salesdetai0_.sdcnid as sdcnid19_37_0_, salesdetai0_.sdcsid as sdcsid20_37_0_, salesdetai0_.sddldt as sddldt21_37_0_, salesdetai0_.sddccd as sddccd22_37_0_, salesdetai0_.sddcrt as sddcrt23_37_0_, salesdetai0_.sdexcrt as sdexcrt24_37_0_, salesdetai0_.sdexid as sdexid25_37_0_, salesdetai0_.sdexcost as sdexcos26_37_0_, salesdetai0_.sdexprice as sdexpri27_37_0_, salesdetai0_.sdqtyx as sdqtyx28_37_0_, salesdetai0_.sducfx as sducfx29_37_0_, salesdetai0_.sduomx as sduomx30_37_0_, salesdetai0_.sdunpricex as sdunpri31_37_0_, salesdetai0_.sdfep as sdfep32_37_0_, salesdetai0_.sdfta as sdfta33_37_0_, salesdetai0_.sdftb as sdftb34_37_0_, salesdetai0_.sdfup as sdfup35_37_0_, salesdetai0_.sdglcls as sdglcls36_37_0_, salesdetai0_.sdgldt as sdgldt37_37_0_, salesdetai0_.sdgscrt as sdgscrt38_37_0_, salesdetai0_.sdhcod as sdhcod39_37_0_, salesdetai0_.sdir02 as sdir40_37_0_, salesdetai0_.sdir01 as sdir41_37_0_, salesdetai0_.sdir03 as sdir42_37_0_, salesdetai0_.sdinum as sdinum43_37_0_, salesdetai0_.sddesb1 as sddesb44_37_0_, salesdetai0_.sditc05 as sditc45_37_0_, salesdetai0_.sdlst as sdlst46_37_0_, salesdetai0_.sdlnty as sdlnty47_37_0_, salesdetai0_.sdlocid as sdlocid48_37_0_, salesdetai0_.sdnst as sdnst49_37_0_, salesdetai0_.sdobid as sdobid50_37_0_, salesdetai0_.sdqtyop as sdqtyop51_37_0_, salesdetai0_.sdordt as sdordt52_37_0_, salesdetai0_.sdott as sdott53_37_0_, salesdetai0_.sdordocdt as sdordoc54_37_0_, salesdetai0_.sdordocno as sdordoc55_37_0_, salesdetai0_.sdordocsq as sdordoc56_37_0_, salesdetai0_.sdordocty as sdordoc57_37_0_, salesdetai0_.sdprid as sdprid58_37_0_, salesdetai0_.sdpyid as sdpyid59_37_0_, salesdetai0_.sdptc as sdptc60_37_0_, salesdetai0_.sdpqor as sdpqor61_37_0_, salesdetai0_.sduom1 as sduom62_37_0_, salesdetai0_.sdrbuid as sdrbuid63_37_0_, salesdetai0_.sdpjid as sdpjid64_37_0_, salesdetai0_.sdpddt as sdpddt65_37_0_, salesdetai0_.sdqty as sdqty66_37_0_, salesdetai0_.sdstid as sdstid67_37_0_, salesdetai0_.sdvr04 as sdvr68_37_0_, salesdetai0_.sdvr01 as sdvr69_37_0_, salesdetai0_.sdvr03 as sdvr70_37_0_, salesdetai0_.sdvr05 as sdvr71_37_0_, salesdetai0_.sdvr02 as sdvr72_37_0_, salesdetai0_.sdrldocno as sdrldoc73_37_0_, salesdetai0_.sdrldocsq as sdrldoc74_37_0_, salesdetai0_.sdrldocty as sdrldoc75_37_0_, salesdetai0_.sdrqdt as sdrqdt76_37_0_, salesdetai0_.sdqtyrn as sdqtyrn77_37_0_, salesdetai0_.sdso03 as sdso78_37_0_, salesdetai0_.sdso01 as sdso79_37_0_, salesdetai0_.sdso02 as sdso80_37_0_, salesdetai0_.sdslid as sdslid81_37_0_, salesdetai0_.sdsqor as sdsqor82_37_0_, salesdetai0_.sduom2 as sduom83_37_0_, salesdetai0_.sdsnlot as sdsnlot84_37_0_, salesdetai0_.sdslrc1 as sdslrc85_37_0_, salesdetai0_.sdqtysh as sdqtysh86_37_0_, salesdetai0_.sdtaxal as sdtaxal87_37_0_, salesdetai0_.sdtaxam as sdtaxam88_37_0_, salesdetai0_.sdtaxab as sdtaxab89_37_0_, salesdetai0_.sdtaxcd as sdtaxcd90_37_0_, salesdetai0_.sdtaxrt as sdtaxrt91_37_0_, salesdetai0_.sdcrct as sdcrct92_37_0_, salesdetai0_.sditc03 as sditc93_37_0_, salesdetai0_.sducf as sducf94_37_0_, salesdetai0_.sduncost as sduncos95_37_0_, salesdetai0_.sdudc as sdudc96_37_0_, salesdetai0_.sdudf as sdudf97_37_0_, salesdetai0_.sduom as sduom98_37_0_, salesdetai0_.sdunprice as sdunpri99_37_0_, salesdetai0_.sdurnb1 as sdurnb100_37_0_, salesdetai0_.sdurnb2 as sdurnb101_37_0_, salesdetai0_.sdvhrn as sdvhrn102_37_0_, salesdetai0_.sdvhty as sdvhty103_37_0_, salesdetai0_.sdqtyvl as sdqtyv104_37_0_, salesdetai0_.sduomv as sduomv105_37_0_, salesdetai0_.sdqtywt as sdqtyw106_37_0_, salesdetai0_.sduomw as sduomw107_37_0_, salesorder1_.shcoid as shcoid1_36_1_, salesorder1_.shdocono as shdocono2_36_1_, salesorder1_.shdocoty as shdocoty3_36_1_, salesorder1_.shcid as shcid4_36_1_, salesorder1_.shdtin as shdtin5_36_1_, salesorder1_.shtmin as shtmin6_36_1_, salesorder1_.shuid as shuid7_36_1_, salesorder1_.shdtlu as shdtlu8_36_1_, salesorder1_.shtmlu as shtmlu9_36_1_, salesorder1_.shuidm as shuidm10_36_1_, salesorder1_.shata as shata11_36_1_, salesorder1_.shatd as shatd12_36_1_, salesorder1_.shcrcb as shcrcb13_36_1_, salesorder1_.shbuid as shbuid14_36_1_, salesorder1_.shcldt as shcldt15_36_1_, salesorder1_.shcot as shcot16_36_1_, salesorder1_.shcsid as shcsid17_36_1_, salesorder1_.shcsdocdt as shcsdoc18_36_1_, salesorder1_.shcsdocno as shcsdoc19_36_1_, salesorder1_.shdod as shdod20_36_1_, salesorder1_.shdol as shdol21_36_1_, salesorder1_.shdou as shdou22_36_1_, salesorder1_.shdldt as shdldt23_36_1_, salesorder1_.shdesb1 as shdesb24_36_1_, salesorder1_.shdccd as shdccd25_36_1_, salesorder1_.shdcrt as shdcrt26_36_1_, salesorder1_.sheta as sheta27_36_1_, salesorder1_.shetd as shetd28_36_1_, salesorder1_.shexcrt as shexcrt29_36_1_, salesorder1_.shexid as shexid30_36_1_, salesorder1_.shead as shead31_36_1_, salesorder1_.shean as shean32_36_1_, salesorder1_.shedd as shedd33_36_1_, salesorder1_.shedn as shedn34_36_1_, salesorder1_.shfbd as shfbd35_36_1_, salesorder1_.shfbn as shfbn36_36_1_, salesorder1_.shfhc as shfhc37_36_1_, salesorder1_.shgldt as shgldt38_36_1_, salesorder1_.shgscrt as shgscrt39_36_1_, salesorder1_.shhcod as shhcod40_36_1_, salesorder1_.shlst as shlst41_36_1_, salesorder1_.shnst as shnst42_36_1_, salesorder1_.shobid as shobid43_36_1_, salesorder1_.shordt as shordt44_36_1_, salesorder1_.shordocdt as shordoc45_36_1_, salesorder1_.shordocno as shordoc46_36_1_, salesorder1_.shprid as shprid47_36_1_, salesorder1_.shpyid as shpyid48_36_1_, salesorder1_.shptc as shptc49_36_1_, salesorder1_.shpoa as shpoa50_36_1_, salesorder1_.shpod as shpod51_36_1_, salesorder1_.shrbuid as shrbuid52_36_1_, salesorder1_.shpjid as shpjid53_36_1_, salesorder1_.shpddt as shpddt54_36_1_, salesorder1_.shstid as shstid55_36_1_, salesorder1_.shrqdt as shrqdt56_36_1_, salesorder1_.shslid as shslid57_36_1_, salesorder1_.shshcn as shshcn58_36_1_, salesorder1_.shshmt as shshmt59_36_1_, salesorder1_.shtagid as shtagid60_36_1_, salesorder1_.shtaxal as shtaxal61_36_1_, salesorder1_.shtaxcd as shtaxcd62_36_1_, salesorder1_.shtaxrt as shtaxrt63_36_1_, salesorder1_.shcrct as shcrct64_36_1_, salesorder1_.shurdt1 as shurdt65_36_1_, salesorder1_.shurdt2 as shurdt66_36_1_ from t4211 salesdetai0_ inner join t4201 salesorder1_ on salesdetai0_.sdcoid=salesorder1_.shcoid and salesdetai0_.sddocono=salesorder1_.shdocono and salesdetai0_.sddocoty=salesorder1_.shdocoty where salesdetai0_.sdcoid=? and salesdetai0_.sddocono=? and salesdetai0_.sddocosq=? and salesdetai0_.sddocoty=?
Hibernate: select serialnumb0_.coid as coid1_43_0_, serialnumb0_.docno as docno2_43_0_, serialnumb0_.docty as docty3_43_0_, serialnumb0_.docsq as docsq4_43_0_, serialnumb0_.buid as buid5_43_0_, serialnumb0_.inum as inum6_43_0_, serialnumb0_.snlot as snlot7_43_0_, lotmaster1_.ltbuid as ltbuid1_34_1_, lotmaster1_.ltinum as ltinum2_34_1_, lotmaster1_.ltsnlot as ltsnlot3_34_1_, lotmaster1_.ltcid as ltcid4_34_1_, lotmaster1_.ltdtin as ltdtin5_34_1_, lotmaster1_.lttmin as lttmin6_34_1_, lotmaster1_.ltuid as ltuid7_34_1_, lotmaster1_.ltdtlu as ltdtlu8_34_1_, lotmaster1_.lttmlu as lttmlu9_34_1_, lotmaster1_.ltuidm as ltuidm10_34_1_, lotmaster1_.ltbodt as ltbodt11_34_1_, lotmaster1_.ltbbdt as ltbbdt12_34_1_, lotmaster1_.ltcldt as ltcldt13_34_1_, lotmaster1_.ltexpdt as ltexpdt14_34_1_, lotmaster1_.ltldsc as ltldsc15_34_1_, lotmaster1_.ltledt as ltledt16_34_1_, lotmaster1_.ltlsc as ltlsc17_34_1_, lotmaster1_.ltmlot1 as ltmlot18_34_1_, lotmaster1_.ltmlot2 as ltmlot19_34_1_, lotmaster1_.ltmlot3 as ltmlot20_34_1_, lotmaster1_.ltohdt as ltohdt21_34_1_, lotmaster1_.ltsern as ltsern22_34_1_ from transaction_serialnumbers serialnumb0_ inner join t4108 lotmaster1_ on serialnumb0_.buid=lotmaster1_.ltbuid and serialnumb0_.inum=lotmaster1_.ltinum and serialnumb0_.snlot=lotmaster1_.ltsnlot where serialnumb0_.coid=? and serialnumb0_.docno=? and serialnumb0_.docty=? and serialnumb0_.docsq=?
Hibernate: select salesdetai0_.sdcoid as sdcoid1_37_0_, salesdetai0_.sddocono as sddocono2_37_0_, salesdetai0_.sddocosq as sddocosq3_37_0_, salesdetai0_.sddocoty as sddocoty4_37_0_, salesdetai0_.sdcid as sdcid5_37_0_, salesdetai0_.sddtin as sddtin6_37_0_, salesdetai0_.sdtmin as sdtmin7_37_0_, salesdetai0_.sduid as sduid8_37_0_, salesdetai0_.sddtlu as sddtlu9_37_0_, salesdetai0_.sdtmlu as sdtmlu10_37_0_, salesdetai0_.sduidm as sduidm11_37_0_, salesdetai0_.sdacid as sdacid12_37_0_, salesdetai0_.sdcrcb as sdcrcb13_37_0_, salesdetai0_.sditc02 as sditc14_37_0_, salesdetai0_.sdbuid as sdbuid15_37_0_, salesdetai0_.sdqtycl as sdqtycl16_37_0_, salesdetai0_.sditc01 as sditc17_37_0_, salesdetai0_.sdcldt as sdcldt18_37_0_, salesdetai0_.sdcnid as sdcnid19_37_0_, salesdetai0_.sdcsid as sdcsid20_37_0_, salesdetai0_.sddldt as sddldt21_37_0_, salesdetai0_.sddccd as sddccd22_37_0_, salesdetai0_.sddcrt as sddcrt23_37_0_, salesdetai0_.sdexcrt as sdexcrt24_37_0_, salesdetai0_.sdexid as sdexid25_37_0_, salesdetai0_.sdexcost as sdexcos26_37_0_, salesdetai0_.sdexprice as sdexpri27_37_0_, salesdetai0_.sdqtyx as sdqtyx28_37_0_, salesdetai0_.sducfx as sducfx29_37_0_, salesdetai0_.sduomx as sduomx30_37_0_, salesdetai0_.sdunpricex as sdunpri31_37_0_, salesdetai0_.sdfep as sdfep32_37_0_, salesdetai0_.sdfta as sdfta33_37_0_, salesdetai0_.sdftb as sdftb34_37_0_, salesdetai0_.sdfup as sdfup35_37_0_, salesdetai0_.sdglcls as sdglcls36_37_0_, salesdetai0_.sdgldt as sdgldt37_37_0_, salesdetai0_.sdgscrt as sdgscrt38_37_0_, salesdetai0_.sdhcod as sdhcod39_37_0_, salesdetai0_.sdir02 as sdir40_37_0_, salesdetai0_.sdir01 as sdir41_37_0_, salesdetai0_.sdir03 as sdir42_37_0_, salesdetai0_.sdinum as sdinum43_37_0_, salesdetai0_.sddesb1 as sddesb44_37_0_, salesdetai0_.sditc05 as sditc45_37_0_, salesdetai0_.sdlst as sdlst46_37_0_, salesdetai0_.sdlnty as sdlnty47_37_0_, salesdetai0_.sdlocid as sdlocid48_37_0_, salesdetai0_.sdnst as sdnst49_37_0_, salesdetai0_.sdobid as sdobid50_37_0_, salesdetai0_.sdqtyop as sdqtyop51_37_0_, salesdetai0_.sdordt as sdordt52_37_0_, salesdetai0_.sdott as sdott53_37_0_, salesdetai0_.sdordocdt as sdordoc54_37_0_, salesdetai0_.sdordocno as sdordoc55_37_0_, salesdetai0_.sdordocsq as sdordoc56_37_0_, salesdetai0_.sdordocty as sdordoc57_37_0_, salesdetai0_.sdprid as sdprid58_37_0_, salesdetai0_.sdpyid as sdpyid59_37_0_, salesdetai0_.sdptc as sdptc60_37_0_, salesdetai0_.sdpqor as sdpqor61_37_0_, salesdetai0_.sduom1 as sduom62_37_0_, salesdetai0_.sdrbuid as sdrbuid63_37_0_, salesdetai0_.sdpjid as sdpjid64_37_0_, salesdetai0_.sdpddt as sdpddt65_37_0_, salesdetai0_.sdqty as sdqty66_37_0_, salesdetai0_.sdstid as sdstid67_37_0_, salesdetai0_.sdvr04 as sdvr68_37_0_, salesdetai0_.sdvr01 as sdvr69_37_0_, salesdetai0_.sdvr03 as sdvr70_37_0_, salesdetai0_.sdvr05 as sdvr71_37_0_, salesdetai0_.sdvr02 as sdvr72_37_0_, salesdetai0_.sdrldocno as sdrldoc73_37_0_, salesdetai0_.sdrldocsq as sdrldoc74_37_0_, salesdetai0_.sdrldocty as sdrldoc75_37_0_, salesdetai0_.sdrqdt as sdrqdt76_37_0_, salesdetai0_.sdqtyrn as sdqtyrn77_37_0_, salesdetai0_.sdso03 as sdso78_37_0_, salesdetai0_.sdso01 as sdso79_37_0_, salesdetai0_.sdso02 as sdso80_37_0_, salesdetai0_.sdslid as sdslid81_37_0_, salesdetai0_.sdsqor as sdsqor82_37_0_, salesdetai0_.sduom2 as sduom83_37_0_, salesdetai0_.sdsnlot as sdsnlot84_37_0_, salesdetai0_.sdslrc1 as sdslrc85_37_0_, salesdetai0_.sdqtysh as sdqtysh86_37_0_, salesdetai0_.sdtaxal as sdtaxal87_37_0_, salesdetai0_.sdtaxam as sdtaxam88_37_0_, salesdetai0_.sdtaxab as sdtaxab89_37_0_, salesdetai0_.sdtaxcd as sdtaxcd90_37_0_, salesdetai0_.sdtaxrt as sdtaxrt91_37_0_, salesdetai0_.sdcrct as sdcrct92_37_0_, salesdetai0_.sditc03 as sditc93_37_0_, salesdetai0_.sducf as sducf94_37_0_, salesdetai0_.sduncost as sduncos95_37_0_, salesdetai0_.sdudc as sdudc96_37_0_, salesdetai0_.sdudf as sdudf97_37_0_, salesdetai0_.sduom as sduom98_37_0_, salesdetai0_.sdunprice as sdunpri99_37_0_, salesdetai0_.sdurnb1 as sdurnb100_37_0_, salesdetai0_.sdurnb2 as sdurnb101_37_0_, salesdetai0_.sdvhrn as sdvhrn102_37_0_, salesdetai0_.sdvhty as sdvhty103_37_0_, salesdetai0_.sdqtyvl as sdqtyv104_37_0_, salesdetai0_.sduomv as sduomv105_37_0_, salesdetai0_.sdqtywt as sdqtyw106_37_0_, salesdetai0_.sduomw as sduomw107_37_0_, salesorder1_.shcoid as shcoid1_36_1_, salesorder1_.shdocono as shdocono2_36_1_, salesorder1_.shdocoty as shdocoty3_36_1_, salesorder1_.shcid as shcid4_36_1_, salesorder1_.shdtin as shdtin5_36_1_, salesorder1_.shtmin as shtmin6_36_1_, salesorder1_.shuid as shuid7_36_1_, salesorder1_.shdtlu as shdtlu8_36_1_, salesorder1_.shtmlu as shtmlu9_36_1_, salesorder1_.shuidm as shuidm10_36_1_, salesorder1_.shata as shata11_36_1_, salesorder1_.shatd as shatd12_36_1_, salesorder1_.shcrcb as shcrcb13_36_1_, salesorder1_.shbuid as shbuid14_36_1_, salesorder1_.shcldt as shcldt15_36_1_, salesorder1_.shcot as shcot16_36_1_, salesorder1_.shcsid as shcsid17_36_1_, salesorder1_.shcsdocdt as shcsdoc18_36_1_, salesorder1_.shcsdocno as shcsdoc19_36_1_, salesorder1_.shdod as shdod20_36_1_, salesorder1_.shdol as shdol21_36_1_, salesorder1_.shdou as shdou22_36_1_, salesorder1_.shdldt as shdldt23_36_1_, salesorder1_.shdesb1 as shdesb24_36_1_, salesorder1_.shdccd as shdccd25_36_1_, salesorder1_.shdcrt as shdcrt26_36_1_, salesorder1_.sheta as sheta27_36_1_, salesorder1_.shetd as shetd28_36_1_, salesorder1_.shexcrt as shexcrt29_36_1_, salesorder1_.shexid as shexid30_36_1_, salesorder1_.shead as shead31_36_1_, salesorder1_.shean as shean32_36_1_, salesorder1_.shedd as shedd33_36_1_, salesorder1_.shedn as shedn34_36_1_, salesorder1_.shfbd as shfbd35_36_1_, salesorder1_.shfbn as shfbn36_36_1_, salesorder1_.shfhc as shfhc37_36_1_, salesorder1_.shgldt as shgldt38_36_1_, salesorder1_.shgscrt as shgscrt39_36_1_, salesorder1_.shhcod as shhcod40_36_1_, salesorder1_.shlst as shlst41_36_1_, salesorder1_.shnst as shnst42_36_1_, salesorder1_.shobid as shobid43_36_1_, salesorder1_.shordt as shordt44_36_1_, salesorder1_.shordocdt as shordoc45_36_1_, salesorder1_.shordocno as shordoc46_36_1_, salesorder1_.shprid as shprid47_36_1_, salesorder1_.shpyid as shpyid48_36_1_, salesorder1_.shptc as shptc49_36_1_, salesorder1_.shpoa as shpoa50_36_1_, salesorder1_.shpod as shpod51_36_1_, salesorder1_.shrbuid as shrbuid52_36_1_, salesorder1_.shpjid as shpjid53_36_1_, salesorder1_.shpddt as shpddt54_36_1_, salesorder1_.shstid as shstid55_36_1_, salesorder1_.shrqdt as shrqdt56_36_1_, salesorder1_.shslid as shslid57_36_1_, salesorder1_.shshcn as shshcn58_36_1_, salesorder1_.shshmt as shshmt59_36_1_, salesorder1_.shtagid as shtagid60_36_1_, salesorder1_.shtaxal as shtaxal61_36_1_, salesorder1_.shtaxcd as shtaxcd62_36_1_, salesorder1_.shtaxrt as shtaxrt63_36_1_, salesorder1_.shcrct as shcrct64_36_1_, salesorder1_.shurdt1 as shurdt65_36_1_, salesorder1_.shurdt2 as shurdt66_36_1_ from t4211 salesdetai0_ inner join t4201 salesorder1_ on salesdetai0_.sdcoid=salesorder1_.shcoid and salesdetai0_.sddocono=salesorder1_.shdocono and salesdetai0_.sddocoty=salesorder1_.shdocoty where salesdetai0_.sdcoid=? and salesdetai0_.sddocono=? and salesdetai0_.sddocosq=? and salesdetai0_.sddocoty=?
Hibernate: select serialnumb0_.coid as coid1_43_0_, serialnumb0_.docno as docno2_43_0_, serialnumb0_.docty as docty3_43_0_, serialnumb0_.docsq as docsq4_43_0_, serialnumb0_.buid as buid5_43_0_, serialnumb0_.inum as inum6_43_0_, serialnumb0_.snlot as snlot7_43_0_, lotmaster1_.ltbuid as ltbuid1_34_1_, lotmaster1_.ltinum as ltinum2_34_1_, lotmaster1_.ltsnlot as ltsnlot3_34_1_, lotmaster1_.ltcid as ltcid4_34_1_, lotmaster1_.ltdtin as ltdtin5_34_1_, lotmaster1_.lttmin as lttmin6_34_1_, lotmaster1_.ltuid as ltuid7_34_1_, lotmaster1_.ltdtlu as ltdtlu8_34_1_, lotmaster1_.lttmlu as lttmlu9_34_1_, lotmaster1_.ltuidm as ltuidm10_34_1_, lotmaster1_.ltbodt as ltbodt11_34_1_, lotmaster1_.ltbbdt as ltbbdt12_34_1_, lotmaster1_.ltcldt as ltcldt13_34_1_, lotmaster1_.ltexpdt as ltexpdt14_34_1_, lotmaster1_.ltldsc as ltldsc15_34_1_, lotmaster1_.ltledt as ltledt16_34_1_, lotmaster1_.ltlsc as ltlsc17_34_1_, lotmaster1_.ltmlot1 as ltmlot18_34_1_, lotmaster1_.ltmlot2 as ltmlot19_34_1_, lotmaster1_.ltmlot3 as ltmlot20_34_1_, lotmaster1_.ltohdt as ltohdt21_34_1_, lotmaster1_.ltsern as ltsern22_34_1_ from transaction_serialnumbers serialnumb0_ inner join t4108 lotmaster1_ on serialnumb0_.buid=lotmaster1_.ltbuid and serialnumb0_.inum=lotmaster1_.ltinum and serialnumb0_.snlot=lotmaster1_.ltsnlot where serialnumb0_.coid=? and serialnumb0_.docno=? and serialnumb0_.docty=? and serialnumb0_.docsq=?
Hibernate: select salesdetai0_.sdcoid as sdcoid1_37_0_, salesdetai0_.sddocono as sddocono2_37_0_, salesdetai0_.sddocosq as sddocosq3_37_0_, salesdetai0_.sddocoty as sddocoty4_37_0_, salesdetai0_.sdcid as sdcid5_37_0_, salesdetai0_.sddtin as sddtin6_37_0_, salesdetai0_.sdtmin as sdtmin7_37_0_, salesdetai0_.sduid as sduid8_37_0_, salesdetai0_.sddtlu as sddtlu9_37_0_, salesdetai0_.sdtmlu as sdtmlu10_37_0_, salesdetai0_.sduidm as sduidm11_37_0_, salesdetai0_.sdacid as sdacid12_37_0_, salesdetai0_.sdcrcb as sdcrcb13_37_0_, salesdetai0_.sditc02 as sditc14_37_0_, salesdetai0_.sdbuid as sdbuid15_37_0_, salesdetai0_.sdqtycl as sdqtycl16_37_0_, salesdetai0_.sditc01 as sditc17_37_0_, salesdetai0_.sdcldt as sdcldt18_37_0_, salesdetai0_.sdcnid as sdcnid19_37_0_, salesdetai0_.sdcsid as sdcsid20_37_0_, salesdetai0_.sddldt as sddldt21_37_0_, salesdetai0_.sddccd as sddccd22_37_0_, salesdetai0_.sddcrt as sddcrt23_37_0_, salesdetai0_.sdexcrt as sdexcrt24_37_0_, salesdetai0_.sdexid as sdexid25_37_0_, salesdetai0_.sdexcost as sdexcos26_37_0_, salesdetai0_.sdexprice as sdexpri27_37_0_, salesdetai0_.sdqtyx as sdqtyx28_37_0_, salesdetai0_.sducfx as sducfx29_37_0_, salesdetai0_.sduomx as sduomx30_37_0_, salesdetai0_.sdunpricex as sdunpri31_37_0_, salesdetai0_.sdfep as sdfep32_37_0_, salesdetai0_.sdfta as sdfta33_37_0_, salesdetai0_.sdftb as sdftb34_37_0_, salesdetai0_.sdfup as sdfup35_37_0_, salesdetai0_.sdglcls as sdglcls36_37_0_, salesdetai0_.sdgldt as sdgldt37_37_0_, salesdetai0_.sdgscrt as sdgscrt38_37_0_, salesdetai0_.sdhcod as sdhcod39_37_0_, salesdetai0_.sdir02 as sdir40_37_0_, salesdetai0_.sdir01 as sdir41_37_0_, salesdetai0_.sdir03 as sdir42_37_0_, salesdetai0_.sdinum as sdinum43_37_0_, salesdetai0_.sddesb1 as sddesb44_37_0_, salesdetai0_.sditc05 as sditc45_37_0_, salesdetai0_.sdlst as sdlst46_37_0_, salesdetai0_.sdlnty as sdlnty47_37_0_, salesdetai0_.sdlocid as sdlocid48_37_0_, salesdetai0_.sdnst as sdnst49_37_0_, salesdetai0_.sdobid as sdobid50_37_0_, salesdetai0_.sdqtyop as sdqtyop51_37_0_, salesdetai0_.sdordt as sdordt52_37_0_, salesdetai0_.sdott as sdott53_37_0_, salesdetai0_.sdordocdt as sdordoc54_37_0_, salesdetai0_.sdordocno as sdordoc55_37_0_, salesdetai0_.sdordocsq as sdordoc56_37_0_, salesdetai0_.sdordocty as sdordoc57_37_0_, salesdetai0_.sdprid as sdprid58_37_0_, salesdetai0_.sdpyid as sdpyid59_37_0_, salesdetai0_.sdptc as sdptc60_37_0_, salesdetai0_.sdpqor as sdpqor61_37_0_, salesdetai0_.sduom1 as sduom62_37_0_, salesdetai0_.sdrbuid as sdrbuid63_37_0_, salesdetai0_.sdpjid as sdpjid64_37_0_, salesdetai0_.sdpddt as sdpddt65_37_0_, salesdetai0_.sdqty as sdqty66_37_0_, salesdetai0_.sdstid as sdstid67_37_0_, salesdetai0_.sdvr04 as sdvr68_37_0_, salesdetai0_.sdvr01 as sdvr69_37_0_, salesdetai0_.sdvr03 as sdvr70_37_0_, salesdetai0_.sdvr05 as sdvr71_37_0_, salesdetai0_.sdvr02 as sdvr72_37_0_, salesdetai0_.sdrldocno as sdrldoc73_37_0_, salesdetai0_.sdrldocsq as sdrldoc74_37_0_, salesdetai0_.sdrldocty as sdrldoc75_37_0_, salesdetai0_.sdrqdt as sdrqdt76_37_0_, salesdetai0_.sdqtyrn as sdqtyrn77_37_0_, salesdetai0_.sdso03 as sdso78_37_0_, salesdetai0_.sdso01 as sdso79_37_0_, salesdetai0_.sdso02 as sdso80_37_0_, salesdetai0_.sdslid as sdslid81_37_0_, salesdetai0_.sdsqor as sdsqor82_37_0_, salesdetai0_.sduom2 as sduom83_37_0_, salesdetai0_.sdsnlot as sdsnlot84_37_0_, salesdetai0_.sdslrc1 as sdslrc85_37_0_, salesdetai0_.sdqtysh as sdqtysh86_37_0_, salesdetai0_.sdtaxal as sdtaxal87_37_0_, salesdetai0_.sdtaxam as sdtaxam88_37_0_, salesdetai0_.sdtaxab as sdtaxab89_37_0_, salesdetai0_.sdtaxcd as sdtaxcd90_37_0_, salesdetai0_.sdtaxrt as sdtaxrt91_37_0_, salesdetai0_.sdcrct as sdcrct92_37_0_, salesdetai0_.sditc03 as sditc93_37_0_, salesdetai0_.sducf as sducf94_37_0_, salesdetai0_.sduncost as sduncos95_37_0_, salesdetai0_.sdudc as sdudc96_37_0_, salesdetai0_.sdudf as sdudf97_37_0_, salesdetai0_.sduom as sduom98_37_0_, salesdetai0_.sdunprice as sdunpri99_37_0_, salesdetai0_.sdurnb1 as sdurnb100_37_0_, salesdetai0_.sdurnb2 as sdurnb101_37_0_, salesdetai0_.sdvhrn as sdvhrn102_37_0_, salesdetai0_.sdvhty as sdvhty103_37_0_, salesdetai0_.sdqtyvl as sdqtyv104_37_0_, salesdetai0_.sduomv as sduomv105_37_0_, salesdetai0_.sdqtywt as sdqtyw106_37_0_, salesdetai0_.sduomw as sduomw107_37_0_, salesorder1_.shcoid as shcoid1_36_1_, salesorder1_.shdocono as shdocono2_36_1_, salesorder1_.shdocoty as shdocoty3_36_1_, salesorder1_.shcid as shcid4_36_1_, salesorder1_.shdtin as shdtin5_36_1_, salesorder1_.shtmin as shtmin6_36_1_, salesorder1_.shuid as shuid7_36_1_, salesorder1_.shdtlu as shdtlu8_36_1_, salesorder1_.shtmlu as shtmlu9_36_1_, salesorder1_.shuidm as shuidm10_36_1_, salesorder1_.shata as shata11_36_1_, salesorder1_.shatd as shatd12_36_1_, salesorder1_.shcrcb as shcrcb13_36_1_, salesorder1_.shbuid as shbuid14_36_1_, salesorder1_.shcldt as shcldt15_36_1_, salesorder1_.shcot as shcot16_36_1_, salesorder1_.shcsid as shcsid17_36_1_, salesorder1_.shcsdocdt as shcsdoc18_36_1_, salesorder1_.shcsdocno as shcsdoc19_36_1_, salesorder1_.shdod as shdod20_36_1_, salesorder1_.shdol as shdol21_36_1_, salesorder1_.shdou as shdou22_36_1_, salesorder1_.shdldt as shdldt23_36_1_, salesorder1_.shdesb1 as shdesb24_36_1_, salesorder1_.shdccd as shdccd25_36_1_, salesorder1_.shdcrt as shdcrt26_36_1_, salesorder1_.sheta as sheta27_36_1_, salesorder1_.shetd as shetd28_36_1_, salesorder1_.shexcrt as shexcrt29_36_1_, salesorder1_.shexid as shexid30_36_1_, salesorder1_.shead as shead31_36_1_, salesorder1_.shean as shean32_36_1_, salesorder1_.shedd as shedd33_36_1_, salesorder1_.shedn as shedn34_36_1_, salesorder1_.shfbd as shfbd35_36_1_, salesorder1_.shfbn as shfbn36_36_1_, salesorder1_.shfhc as shfhc37_36_1_, salesorder1_.shgldt as shgldt38_36_1_, salesorder1_.shgscrt as shgscrt39_36_1_, salesorder1_.shhcod as shhcod40_36_1_, salesorder1_.shlst as shlst41_36_1_, salesorder1_.shnst as shnst42_36_1_, salesorder1_.shobid as shobid43_36_1_, salesorder1_.shordt as shordt44_36_1_, salesorder1_.shordocdt as shordoc45_36_1_, salesorder1_.shordocno as shordoc46_36_1_, salesorder1_.shprid as shprid47_36_1_, salesorder1_.shpyid as shpyid48_36_1_, salesorder1_.shptc as shptc49_36_1_, salesorder1_.shpoa as shpoa50_36_1_, salesorder1_.shpod as shpod51_36_1_, salesorder1_.shrbuid as shrbuid52_36_1_, salesorder1_.shpjid as shpjid53_36_1_, salesorder1_.shpddt as shpddt54_36_1_, salesorder1_.shstid as shstid55_36_1_, salesorder1_.shrqdt as shrqdt56_36_1_, salesorder1_.shslid as shslid57_36_1_, salesorder1_.shshcn as shshcn58_36_1_, salesorder1_.shshmt as shshmt59_36_1_, salesorder1_.shtagid as shtagid60_36_1_, salesorder1_.shtaxal as shtaxal61_36_1_, salesorder1_.shtaxcd as shtaxcd62_36_1_, salesorder1_.shtaxrt as shtaxrt63_36_1_, salesorder1_.shcrct as shcrct64_36_1_, salesorder1_.shurdt1 as shurdt65_36_1_, salesorder1_.shurdt2 as shurdt66_36_1_ from t4211 salesdetai0_ inner join t4201 salesorder1_ on salesdetai0_.sdcoid=salesorder1_.shcoid and salesdetai0_.sddocono=salesorder1_.shdocono and salesdetai0_.sddocoty=salesorder1_.shdocoty where salesdetai0_.sdcoid=? and salesdetai0_.sddocono=? and salesdetai0_.sddocosq=? and salesdetai0_.sddocoty=?
Hibernate: select serialnumb0_.coid as coid1_43_0_, serialnumb0_.docno as docno2_43_0_, serialnumb0_.docty as docty3_43_0_, serialnumb0_.docsq as docsq4_43_0_, serialnumb0_.buid as buid5_43_0_, serialnumb0_.inum as inum6_43_0_, serialnumb0_.snlot as snlot7_43_0_, lotmaster1_.ltbuid as ltbuid1_34_1_, lotmaster1_.ltinum as ltinum2_34_1_, lotmaster1_.ltsnlot as ltsnlot3_34_1_, lotmaster1_.ltcid as ltcid4_34_1_, lotmaster1_.ltdtin as ltdtin5_34_1_, lotmaster1_.lttmin as lttmin6_34_1_, lotmaster1_.ltuid as ltuid7_34_1_, lotmaster1_.ltdtlu as ltdtlu8_34_1_, lotmaster1_.lttmlu as lttmlu9_34_1_, lotmaster1_.ltuidm as ltuidm10_34_1_, lotmaster1_.ltbodt as ltbodt11_34_1_, lotmaster1_.ltbbdt as ltbbdt12_34_1_, lotmaster1_.ltcldt as ltcldt13_34_1_, lotmaster1_.ltexpdt as ltexpdt14_34_1_, lotmaster1_.ltldsc as ltldsc15_34_1_, lotmaster1_.ltledt as ltledt16_34_1_, lotmaster1_.ltlsc as ltlsc17_34_1_, lotmaster1_.ltmlot1 as ltmlot18_34_1_, lotmaster1_.ltmlot2 as ltmlot19_34_1_, lotmaster1_.ltmlot3 as ltmlot20_34_1_, lotmaster1_.ltohdt as ltohdt21_34_1_, lotmaster1_.ltsern as ltsern22_34_1_ from transaction_serialnumbers serialnumb0_ inner join t4108 lotmaster1_ on serialnumb0_.buid=lotmaster1_.ltbuid and serialnumb0_.inum=lotmaster1_.ltinum and serialnumb0_.snlot=lotmaster1_.ltsnlot where serialnumb0_.coid=? and serialnumb0_.docno=? and serialnumb0_.docty=? and serialnumb0_.docsq=?
Hibernate: select salesdetai0_.sdcoid as sdcoid1_37_0_, salesdetai0_.sddocono as sddocono2_37_0_, salesdetai0_.sddocosq as sddocosq3_37_0_, salesdetai0_.sddocoty as sddocoty4_37_0_, salesdetai0_.sdcid as sdcid5_37_0_, salesdetai0_.sddtin as sddtin6_37_0_, salesdetai0_.sdtmin as sdtmin7_37_0_, salesdetai0_.sduid as sduid8_37_0_, salesdetai0_.sddtlu as sddtlu9_37_0_, salesdetai0_.sdtmlu as sdtmlu10_37_0_, salesdetai0_.sduidm as sduidm11_37_0_, salesdetai0_.sdacid as sdacid12_37_0_, salesdetai0_.sdcrcb as sdcrcb13_37_0_, salesdetai0_.sditc02 as sditc14_37_0_, salesdetai0_.sdbuid as sdbuid15_37_0_, salesdetai0_.sdqtycl as sdqtycl16_37_0_, salesdetai0_.sditc01 as sditc17_37_0_, salesdetai0_.sdcldt as sdcldt18_37_0_, salesdetai0_.sdcnid as sdcnid19_37_0_, salesdetai0_.sdcsid as sdcsid20_37_0_, salesdetai0_.sddldt as sddldt21_37_0_, salesdetai0_.sddccd as sddccd22_37_0_, salesdetai0_.sddcrt as sddcrt23_37_0_, salesdetai0_.sdexcrt as sdexcrt24_37_0_, salesdetai0_.sdexid as sdexid25_37_0_, salesdetai0_.sdexcost as sdexcos26_37_0_, salesdetai0_.sdexprice as sdexpri27_37_0_, salesdetai0_.sdqtyx as sdqtyx28_37_0_, salesdetai0_.sducfx as sducfx29_37_0_, salesdetai0_.sduomx as sduomx30_37_0_, salesdetai0_.sdunpricex as sdunpri31_37_0_, salesdetai0_.sdfep as sdfep32_37_0_, salesdetai0_.sdfta as sdfta33_37_0_, salesdetai0_.sdftb as sdftb34_37_0_, salesdetai0_.sdfup as sdfup35_37_0_, salesdetai0_.sdglcls as sdglcls36_37_0_, salesdetai0_.sdgldt as sdgldt37_37_0_, salesdetai0_.sdgscrt as sdgscrt38_37_0_, salesdetai0_.sdhcod as sdhcod39_37_0_, salesdetai0_.sdir02 as sdir40_37_0_, salesdetai0_.sdir01 as sdir41_37_0_, salesdetai0_.sdir03 as sdir42_37_0_, salesdetai0_.sdinum as sdinum43_37_0_, salesdetai0_.sddesb1 as sddesb44_37_0_, salesdetai0_.sditc05 as sditc45_37_0_, salesdetai0_.sdlst as sdlst46_37_0_, salesdetai0_.sdlnty as sdlnty47_37_0_, salesdetai0_.sdlocid as sdlocid48_37_0_, salesdetai0_.sdnst as sdnst49_37_0_, salesdetai0_.sdobid as sdobid50_37_0_, salesdetai0_.sdqtyop as sdqtyop51_37_0_, salesdetai0_.sdordt as sdordt52_37_0_, salesdetai0_.sdott as sdott53_37_0_, salesdetai0_.sdordocdt as sdordoc54_37_0_, salesdetai0_.sdordocno as sdordoc55_37_0_, salesdetai0_.sdordocsq as sdordoc56_37_0_, salesdetai0_.sdordocty as sdordoc57_37_0_, salesdetai0_.sdprid as sdprid58_37_0_, salesdetai0_.sdpyid as sdpyid59_37_0_, salesdetai0_.sdptc as sdptc60_37_0_, salesdetai0_.sdpqor as sdpqor61_37_0_, salesdetai0_.sduom1 as sduom62_37_0_, salesdetai0_.sdrbuid as sdrbuid63_37_0_, salesdetai0_.sdpjid as sdpjid64_37_0_, salesdetai0_.sdpddt as sdpddt65_37_0_, salesdetai0_.sdqty as sdqty66_37_0_, salesdetai0_.sdstid as sdstid67_37_0_, salesdetai0_.sdvr04 as sdvr68_37_0_, salesdetai0_.sdvr01 as sdvr69_37_0_, salesdetai0_.sdvr03 as sdvr70_37_0_, salesdetai0_.sdvr05 as sdvr71_37_0_, salesdetai0_.sdvr02 as sdvr72_37_0_, salesdetai0_.sdrldocno as sdrldoc73_37_0_, salesdetai0_.sdrldocsq as sdrldoc74_37_0_, salesdetai0_.sdrldocty as sdrldoc75_37_0_, salesdetai0_.sdrqdt as sdrqdt76_37_0_, salesdetai0_.sdqtyrn as sdqtyrn77_37_0_, salesdetai0_.sdso03 as sdso78_37_0_, salesdetai0_.sdso01 as sdso79_37_0_, salesdetai0_.sdso02 as sdso80_37_0_, salesdetai0_.sdslid as sdslid81_37_0_, salesdetai0_.sdsqor as sdsqor82_37_0_, salesdetai0_.sduom2 as sduom83_37_0_, salesdetai0_.sdsnlot as sdsnlot84_37_0_, salesdetai0_.sdslrc1 as sdslrc85_37_0_, salesdetai0_.sdqtysh as sdqtysh86_37_0_, salesdetai0_.sdtaxal as sdtaxal87_37_0_, salesdetai0_.sdtaxam as sdtaxam88_37_0_, salesdetai0_.sdtaxab as sdtaxab89_37_0_, salesdetai0_.sdtaxcd as sdtaxcd90_37_0_, salesdetai0_.sdtaxrt as sdtaxrt91_37_0_, salesdetai0_.sdcrct as sdcrct92_37_0_, salesdetai0_.sditc03 as sditc93_37_0_, salesdetai0_.sducf as sducf94_37_0_, salesdetai0_.sduncost as sduncos95_37_0_, salesdetai0_.sdudc as sdudc96_37_0_, salesdetai0_.sdudf as sdudf97_37_0_, salesdetai0_.sduom as sduom98_37_0_, salesdetai0_.sdunprice as sdunpri99_37_0_, salesdetai0_.sdurnb1 as sdurnb100_37_0_, salesdetai0_.sdurnb2 as sdurnb101_37_0_, salesdetai0_.sdvhrn as sdvhrn102_37_0_, salesdetai0_.sdvhty as sdvhty103_37_0_, salesdetai0_.sdqtyvl as sdqtyv104_37_0_, salesdetai0_.sduomv as sduomv105_37_0_, salesdetai0_.sdqtywt as sdqtyw106_37_0_, salesdetai0_.sduomw as sduomw107_37_0_, salesorder1_.shcoid as shcoid1_36_1_, salesorder1_.shdocono as shdocono2_36_1_, salesorder1_.shdocoty as shdocoty3_36_1_, salesorder1_.shcid as shcid4_36_1_, salesorder1_.shdtin as shdtin5_36_1_, salesorder1_.shtmin as shtmin6_36_1_, salesorder1_.shuid as shuid7_36_1_, salesorder1_.shdtlu as shdtlu8_36_1_, salesorder1_.shtmlu as shtmlu9_36_1_, salesorder1_.shuidm as shuidm10_36_1_, salesorder1_.shata as shata11_36_1_, salesorder1_.shatd as shatd12_36_1_, salesorder1_.shcrcb as shcrcb13_36_1_, salesorder1_.shbuid as shbuid14_36_1_, salesorder1_.shcldt as shcldt15_36_1_, salesorder1_.shcot as shcot16_36_1_, salesorder1_.shcsid as shcsid17_36_1_, salesorder1_.shcsdocdt as shcsdoc18_36_1_, salesorder1_.shcsdocno as shcsdoc19_36_1_, salesorder1_.shdod as shdod20_36_1_, salesorder1_.shdol as shdol21_36_1_, salesorder1_.shdou as shdou22_36_1_, salesorder1_.shdldt as shdldt23_36_1_, salesorder1_.shdesb1 as shdesb24_36_1_, salesorder1_.shdccd as shdccd25_36_1_, salesorder1_.shdcrt as shdcrt26_36_1_, salesorder1_.sheta as sheta27_36_1_, salesorder1_.shetd as shetd28_36_1_, salesorder1_.shexcrt as shexcrt29_36_1_, salesorder1_.shexid as shexid30_36_1_, salesorder1_.shead as shead31_36_1_, salesorder1_.shean as shean32_36_1_, salesorder1_.shedd as shedd33_36_1_, salesorder1_.shedn as shedn34_36_1_, salesorder1_.shfbd as shfbd35_36_1_, salesorder1_.shfbn as shfbn36_36_1_, salesorder1_.shfhc as shfhc37_36_1_, salesorder1_.shgldt as shgldt38_36_1_, salesorder1_.shgscrt as shgscrt39_36_1_, salesorder1_.shhcod as shhcod40_36_1_, salesorder1_.shlst as shlst41_36_1_, salesorder1_.shnst as shnst42_36_1_, salesorder1_.shobid as shobid43_36_1_, salesorder1_.shordt as shordt44_36_1_, salesorder1_.shordocdt as shordoc45_36_1_, salesorder1_.shordocno as shordoc46_36_1_, salesorder1_.shprid as shprid47_36_1_, salesorder1_.shpyid as shpyid48_36_1_, salesorder1_.shptc as shptc49_36_1_, salesorder1_.shpoa as shpoa50_36_1_, salesorder1_.shpod as shpod51_36_1_, salesorder1_.shrbuid as shrbuid52_36_1_, salesorder1_.shpjid as shpjid53_36_1_, salesorder1_.shpddt as shpddt54_36_1_, salesorder1_.shstid as shstid55_36_1_, salesorder1_.shrqdt as shrqdt56_36_1_, salesorder1_.shslid as shslid57_36_1_, salesorder1_.shshcn as shshcn58_36_1_, salesorder1_.shshmt as shshmt59_36_1_, salesorder1_.shtagid as shtagid60_36_1_, salesorder1_.shtaxal as shtaxal61_36_1_, salesorder1_.shtaxcd as shtaxcd62_36_1_, salesorder1_.shtaxrt as shtaxrt63_36_1_, salesorder1_.shcrct as shcrct64_36_1_, salesorder1_.shurdt1 as shurdt65_36_1_, salesorder1_.shurdt2 as shurdt66_36_1_ from t4211 salesdetai0_ inner join t4201 salesorder1_ on salesdetai0_.sdcoid=salesorder1_.shcoid and salesdetai0_.sddocono=salesorder1_.shdocono and salesdetai0_.sddocoty=salesorder1_.shdocoty where salesdetai0_.sdcoid=? and salesdetai0_.sddocono=? and salesdetai0_.sddocosq=? and salesdetai0_.sddocoty=?
Hibernate: select serialnumb0_.coid as coid1_43_0_, serialnumb0_.docno as docno2_43_0_, serialnumb0_.docty as docty3_43_0_, serialnumb0_.docsq as docsq4_43_0_, serialnumb0_.buid as buid5_43_0_, serialnumb0_.inum as inum6_43_0_, serialnumb0_.snlot as snlot7_43_0_, lotmaster1_.ltbuid as ltbuid1_34_1_, lotmaster1_.ltinum as ltinum2_34_1_, lotmaster1_.ltsnlot as ltsnlot3_34_1_, lotmaster1_.ltcid as ltcid4_34_1_, lotmaster1_.ltdtin as ltdtin5_34_1_, lotmaster1_.lttmin as lttmin6_34_1_, lotmaster1_.ltuid as ltuid7_34_1_, lotmaster1_.ltdtlu as ltdtlu8_34_1_, lotmaster1_.lttmlu as lttmlu9_34_1_, lotmaster1_.ltuidm as ltuidm10_34_1_, lotmaster1_.ltbodt as ltbodt11_34_1_, lotmaster1_.ltbbdt as ltbbdt12_34_1_, lotmaster1_.ltcldt as ltcldt13_34_1_, lotmaster1_.ltexpdt as ltexpdt14_34_1_, lotmaster1_.ltldsc as ltldsc15_34_1_, lotmaster1_.ltledt as ltledt16_34_1_, lotmaster1_.ltlsc as ltlsc17_34_1_, lotmaster1_.ltmlot1 as ltmlot18_34_1_, lotmaster1_.ltmlot2 as ltmlot19_34_1_, lotmaster1_.ltmlot3 as ltmlot20_34_1_, lotmaster1_.ltohdt as ltohdt21_34_1_, lotmaster1_.ltsern as ltsern22_34_1_ from transaction_serialnumbers serialnumb0_ inner join t4108 lotmaster1_ on serialnumb0_.buid=lotmaster1_.ltbuid and serialnumb0_.inum=lotmaster1_.ltinum and serialnumb0_.snlot=lotmaster1_.ltsnlot where serialnumb0_.coid=? and serialnumb0_.docno=? and serialnumb0_.docty=? and serialnumb0_.docsq=?
Hibernate: select salesdetai0_.sdcoid as sdcoid1_37_0_, salesdetai0_.sddocono as sddocono2_37_0_, salesdetai0_.sddocosq as sddocosq3_37_0_, salesdetai0_.sddocoty as sddocoty4_37_0_, salesdetai0_.sdcid as sdcid5_37_0_, salesdetai0_.sddtin as sddtin6_37_0_, salesdetai0_.sdtmin as sdtmin7_37_0_, salesdetai0_.sduid as sduid8_37_0_, salesdetai0_.sddtlu as sddtlu9_37_0_, salesdetai0_.sdtmlu as sdtmlu10_37_0_, salesdetai0_.sduidm as sduidm11_37_0_, salesdetai0_.sdacid as sdacid12_37_0_, salesdetai0_.sdcrcb as sdcrcb13_37_0_, salesdetai0_.sditc02 as sditc14_37_0_, salesdetai0_.sdbuid as sdbuid15_37_0_, salesdetai0_.sdqtycl as sdqtycl16_37_0_, salesdetai0_.sditc01 as sditc17_37_0_, salesdetai0_.sdcldt as sdcldt18_37_0_, salesdetai0_.sdcnid as sdcnid19_37_0_, salesdetai0_.sdcsid as sdcsid20_37_0_, salesdetai0_.sddldt as sddldt21_37_0_, salesdetai0_.sddccd as sddccd22_37_0_, salesdetai0_.sddcrt as sddcrt23_37_0_, salesdetai0_.sdexcrt as sdexcrt24_37_0_, salesdetai0_.sdexid as sdexid25_37_0_, salesdetai0_.sdexcost as sdexcos26_37_0_, salesdetai0_.sdexprice as sdexpri27_37_0_, salesdetai0_.sdqtyx as sdqtyx28_37_0_, salesdetai0_.sducfx as sducfx29_37_0_, salesdetai0_.sduomx as sduomx30_37_0_, salesdetai0_.sdunpricex as sdunpri31_37_0_, salesdetai0_.sdfep as sdfep32_37_0_, salesdetai0_.sdfta as sdfta33_37_0_, salesdetai0_.sdftb as sdftb34_37_0_, salesdetai0_.sdfup as sdfup35_37_0_, salesdetai0_.sdglcls as sdglcls36_37_0_, salesdetai0_.sdgldt as sdgldt37_37_0_, salesdetai0_.sdgscrt as sdgscrt38_37_0_, salesdetai0_.sdhcod as sdhcod39_37_0_, salesdetai0_.sdir02 as sdir40_37_0_, salesdetai0_.sdir01 as sdir41_37_0_, salesdetai0_.sdir03 as sdir42_37_0_, salesdetai0_.sdinum as sdinum43_37_0_, salesdetai0_.sddesb1 as sddesb44_37_0_, salesdetai0_.sditc05 as sditc45_37_0_, salesdetai0_.sdlst as sdlst46_37_0_, salesdetai0_.sdlnty as sdlnty47_37_0_, salesdetai0_.sdlocid as sdlocid48_37_0_, salesdetai0_.sdnst as sdnst49_37_0_, salesdetai0_.sdobid as sdobid50_37_0_, salesdetai0_.sdqtyop as sdqtyop51_37_0_, salesdetai0_.sdordt as sdordt52_37_0_, salesdetai0_.sdott as sdott53_37_0_, salesdetai0_.sdordocdt as sdordoc54_37_0_, salesdetai0_.sdordocno as sdordoc55_37_0_, salesdetai0_.sdordocsq as sdordoc56_37_0_, salesdetai0_.sdordocty as sdordoc57_37_0_, salesdetai0_.sdprid as sdprid58_37_0_, salesdetai0_.sdpyid as sdpyid59_37_0_, salesdetai0_.sdptc as sdptc60_37_0_, salesdetai0_.sdpqor as sdpqor61_37_0_, salesdetai0_.sduom1 as sduom62_37_0_, salesdetai0_.sdrbuid as sdrbuid63_37_0_, salesdetai0_.sdpjid as sdpjid64_37_0_, salesdetai0_.sdpddt as sdpddt65_37_0_, salesdetai0_.sdqty as sdqty66_37_0_, salesdetai0_.sdstid as sdstid67_37_0_, salesdetai0_.sdvr04 as sdvr68_37_0_, salesdetai0_.sdvr01 as sdvr69_37_0_, salesdetai0_.sdvr03 as sdvr70_37_0_, salesdetai0_.sdvr05 as sdvr71_37_0_, salesdetai0_.sdvr02 as sdvr72_37_0_, salesdetai0_.sdrldocno as sdrldoc73_37_0_, salesdetai0_.sdrldocsq as sdrldoc74_37_0_, salesdetai0_.sdrldocty as sdrldoc75_37_0_, salesdetai0_.sdrqdt as sdrqdt76_37_0_, salesdetai0_.sdqtyrn as sdqtyrn77_37_0_, salesdetai0_.sdso03 as sdso78_37_0_, salesdetai0_.sdso01 as sdso79_37_0_, salesdetai0_.sdso02 as sdso80_37_0_, salesdetai0_.sdslid as sdslid81_37_0_, salesdetai0_.sdsqor as sdsqor82_37_0_, salesdetai0_.sduom2 as sduom83_37_0_, salesdetai0_.sdsnlot as sdsnlot84_37_0_, salesdetai0_.sdslrc1 as sdslrc85_37_0_, salesdetai0_.sdqtysh as sdqtysh86_37_0_, salesdetai0_.sdtaxal as sdtaxal87_37_0_, salesdetai0_.sdtaxam as sdtaxam88_37_0_, salesdetai0_.sdtaxab as sdtaxab89_37_0_, salesdetai0_.sdtaxcd as sdtaxcd90_37_0_, salesdetai0_.sdtaxrt as sdtaxrt91_37_0_, salesdetai0_.sdcrct as sdcrct92_37_0_, salesdetai0_.sditc03 as sditc93_37_0_, salesdetai0_.sducf as sducf94_37_0_, salesdetai0_.sduncost as sduncos95_37_0_, salesdetai0_.sdudc as sdudc96_37_0_, salesdetai0_.sdudf as sdudf97_37_0_, salesdetai0_.sduom as sduom98_37_0_, salesdetai0_.sdunprice as sdunpri99_37_0_, salesdetai0_.sdurnb1 as sdurnb100_37_0_, salesdetai0_.sdurnb2 as sdurnb101_37_0_, salesdetai0_.sdvhrn as sdvhrn102_37_0_, salesdetai0_.sdvhty as sdvhty103_37_0_, salesdetai0_.sdqtyvl as sdqtyv104_37_0_, salesdetai0_.sduomv as sduomv105_37_0_, salesdetai0_.sdqtywt as sdqtyw106_37_0_, salesdetai0_.sduomw as sduomw107_37_0_, salesorder1_.shcoid as shcoid1_36_1_, salesorder1_.shdocono as shdocono2_36_1_, salesorder1_.shdocoty as shdocoty3_36_1_, salesorder1_.shcid as shcid4_36_1_, salesorder1_.shdtin as shdtin5_36_1_, salesorder1_.shtmin as shtmin6_36_1_, salesorder1_.shuid as shuid7_36_1_, salesorder1_.shdtlu as shdtlu8_36_1_, salesorder1_.shtmlu as shtmlu9_36_1_, salesorder1_.shuidm as shuidm10_36_1_, salesorder1_.shata as shata11_36_1_, salesorder1_.shatd as shatd12_36_1_, salesorder1_.shcrcb as shcrcb13_36_1_, salesorder1_.shbuid as shbuid14_36_1_, salesorder1_.shcldt as shcldt15_36_1_, salesorder1_.shcot as shcot16_36_1_, salesorder1_.shcsid as shcsid17_36_1_, salesorder1_.shcsdocdt as shcsdoc18_36_1_, salesorder1_.shcsdocno as shcsdoc19_36_1_, salesorder1_.shdod as shdod20_36_1_, salesorder1_.shdol as shdol21_36_1_, salesorder1_.shdou as shdou22_36_1_, salesorder1_.shdldt as shdldt23_36_1_, salesorder1_.shdesb1 as shdesb24_36_1_, salesorder1_.shdccd as shdccd25_36_1_, salesorder1_.shdcrt as shdcrt26_36_1_, salesorder1_.sheta as sheta27_36_1_, salesorder1_.shetd as shetd28_36_1_, salesorder1_.shexcrt as shexcrt29_36_1_, salesorder1_.shexid as shexid30_36_1_, salesorder1_.shead as shead31_36_1_, salesorder1_.shean as shean32_36_1_, salesorder1_.shedd as shedd33_36_1_, salesorder1_.shedn as shedn34_36_1_, salesorder1_.shfbd as shfbd35_36_1_, salesorder1_.shfbn as shfbn36_36_1_, salesorder1_.shfhc as shfhc37_36_1_, salesorder1_.shgldt as shgldt38_36_1_, salesorder1_.shgscrt as shgscrt39_36_1_, salesorder1_.shhcod as shhcod40_36_1_, salesorder1_.shlst as shlst41_36_1_, salesorder1_.shnst as shnst42_36_1_, salesorder1_.shobid as shobid43_36_1_, salesorder1_.shordt as shordt44_36_1_, salesorder1_.shordocdt as shordoc45_36_1_, salesorder1_.shordocno as shordoc46_36_1_, salesorder1_.shprid as shprid47_36_1_, salesorder1_.shpyid as shpyid48_36_1_, salesorder1_.shptc as shptc49_36_1_, salesorder1_.shpoa as shpoa50_36_1_, salesorder1_.shpod as shpod51_36_1_, salesorder1_.shrbuid as shrbuid52_36_1_, salesorder1_.shpjid as shpjid53_36_1_, salesorder1_.shpddt as shpddt54_36_1_, salesorder1_.shstid as shstid55_36_1_, salesorder1_.shrqdt as shrqdt56_36_1_, salesorder1_.shslid as shslid57_36_1_, salesorder1_.shshcn as shshcn58_36_1_, salesorder1_.shshmt as shshmt59_36_1_, salesorder1_.shtagid as shtagid60_36_1_, salesorder1_.shtaxal as shtaxal61_36_1_, salesorder1_.shtaxcd as shtaxcd62_36_1_, salesorder1_.shtaxrt as shtaxrt63_36_1_, salesorder1_.shcrct as shcrct64_36_1_, salesorder1_.shurdt1 as shurdt65_36_1_, salesorder1_.shurdt2 as shurdt66_36_1_ from t4211 salesdetai0_ inner join t4201 salesorder1_ on salesdetai0_.sdcoid=salesorder1_.shcoid and salesdetai0_.sddocono=salesorder1_.shdocono and salesdetai0_.sddocoty=salesorder1_.shdocoty where salesdetai0_.sdcoid=? and salesdetai0_.sddocono=? and salesdetai0_.sddocosq=? and salesdetai0_.sddocoty=?
Hibernate: select serialnumb0_.coid as coid1_43_0_, serialnumb0_.docno as docno2_43_0_, serialnumb0_.docty as docty3_43_0_, serialnumb0_.docsq as docsq4_43_0_, serialnumb0_.buid as buid5_43_0_, serialnumb0_.inum as inum6_43_0_, serialnumb0_.snlot as snlot7_43_0_, lotmaster1_.ltbuid as ltbuid1_34_1_, lotmaster1_.ltinum as ltinum2_34_1_, lotmaster1_.ltsnlot as ltsnlot3_34_1_, lotmaster1_.ltcid as ltcid4_34_1_, lotmaster1_.ltdtin as ltdtin5_34_1_, lotmaster1_.lttmin as lttmin6_34_1_, lotmaster1_.ltuid as ltuid7_34_1_, lotmaster1_.ltdtlu as ltdtlu8_34_1_, lotmaster1_.lttmlu as lttmlu9_34_1_, lotmaster1_.ltuidm as ltuidm10_34_1_, lotmaster1_.ltbodt as ltbodt11_34_1_, lotmaster1_.ltbbdt as ltbbdt12_34_1_, lotmaster1_.ltcldt as ltcldt13_34_1_, lotmaster1_.ltexpdt as ltexpdt14_34_1_, lotmaster1_.ltldsc as ltldsc15_34_1_, lotmaster1_.ltledt as ltledt16_34_1_, lotmaster1_.ltlsc as ltlsc17_34_1_, lotmaster1_.ltmlot1 as ltmlot18_34_1_, lotmaster1_.ltmlot2 as ltmlot19_34_1_, lotmaster1_.ltmlot3 as ltmlot20_34_1_, lotmaster1_.ltohdt as ltohdt21_34_1_, lotmaster1_.ltsern as ltsern22_34_1_ from transaction_serialnumbers serialnumb0_ inner join t4108 lotmaster1_ on serialnumb0_.buid=lotmaster1_.ltbuid and serialnumb0_.inum=lotmaster1_.ltinum and serialnumb0_.snlot=lotmaster1_.ltsnlot where serialnumb0_.coid=? and serialnumb0_.docno=? and serialnumb0_.docty=? and serialnumb0_.docsq=?
Hibernate: select salesdetai0_.sdcoid as sdcoid1_37_0_, salesdetai0_.sddocono as sddocono2_37_0_, salesdetai0_.sddocosq as sddocosq3_37_0_, salesdetai0_.sddocoty as sddocoty4_37_0_, salesdetai0_.sdcid as sdcid5_37_0_, salesdetai0_.sddtin as sddtin6_37_0_, salesdetai0_.sdtmin as sdtmin7_37_0_, salesdetai0_.sduid as sduid8_37_0_, salesdetai0_.sddtlu as sddtlu9_37_0_, salesdetai0_.sdtmlu as sdtmlu10_37_0_, salesdetai0_.sduidm as sduidm11_37_0_, salesdetai0_.sdacid as sdacid12_37_0_, salesdetai0_.sdcrcb as sdcrcb13_37_0_, salesdetai0_.sditc02 as sditc14_37_0_, salesdetai0_.sdbuid as sdbuid15_37_0_, salesdetai0_.sdqtycl as sdqtycl16_37_0_, salesdetai0_.sditc01 as sditc17_37_0_, salesdetai0_.sdcldt as sdcldt18_37_0_, salesdetai0_.sdcnid as sdcnid19_37_0_, salesdetai0_.sdcsid as sdcsid20_37_0_, salesdetai0_.sddldt as sddldt21_37_0_, salesdetai0_.sddccd as sddccd22_37_0_, salesdetai0_.sddcrt as sddcrt23_37_0_, salesdetai0_.sdexcrt as sdexcrt24_37_0_, salesdetai0_.sdexid as sdexid25_37_0_, salesdetai0_.sdexcost as sdexcos26_37_0_, salesdetai0_.sdexprice as sdexpri27_37_0_, salesdetai0_.sdqtyx as sdqtyx28_37_0_, salesdetai0_.sducfx as sducfx29_37_0_, salesdetai0_.sduomx as sduomx30_37_0_, salesdetai0_.sdunpricex as sdunpri31_37_0_, salesdetai0_.sdfep as sdfep32_37_0_, salesdetai0_.sdfta as sdfta33_37_0_, salesdetai0_.sdftb as sdftb34_37_0_, salesdetai0_.sdfup as sdfup35_37_0_, salesdetai0_.sdglcls as sdglcls36_37_0_, salesdetai0_.sdgldt as sdgldt37_37_0_, salesdetai0_.sdgscrt as sdgscrt38_37_0_, salesdetai0_.sdhcod as sdhcod39_37_0_, salesdetai0_.sdir02 as sdir40_37_0_, salesdetai0_.sdir01 as sdir41_37_0_, salesdetai0_.sdir03 as sdir42_37_0_, salesdetai0_.sdinum as sdinum43_37_0_, salesdetai0_.sddesb1 as sddesb44_37_0_, salesdetai0_.sditc05 as sditc45_37_0_, salesdetai0_.sdlst as sdlst46_37_0_, salesdetai0_.sdlnty as sdlnty47_37_0_, salesdetai0_.sdlocid as sdlocid48_37_0_, salesdetai0_.sdnst as sdnst49_37_0_, salesdetai0_.sdobid as sdobid50_37_0_, salesdetai0_.sdqtyop as sdqtyop51_37_0_, salesdetai0_.sdordt as sdordt52_37_0_, salesdetai0_.sdott as sdott53_37_0_, salesdetai0_.sdordocdt as sdordoc54_37_0_, salesdetai0_.sdordocno as sdordoc55_37_0_, salesdetai0_.sdordocsq as sdordoc56_37_0_, salesdetai0_.sdordocty as sdordoc57_37_0_, salesdetai0_.sdprid as sdprid58_37_0_, salesdetai0_.sdpyid as sdpyid59_37_0_, salesdetai0_.sdptc as sdptc60_37_0_, salesdetai0_.sdpqor as sdpqor61_37_0_, salesdetai0_.sduom1 as sduom62_37_0_, salesdetai0_.sdrbuid as sdrbuid63_37_0_, salesdetai0_.sdpjid as sdpjid64_37_0_, salesdetai0_.sdpddt as sdpddt65_37_0_, salesdetai0_.sdqty as sdqty66_37_0_, salesdetai0_.sdstid as sdstid67_37_0_, salesdetai0_.sdvr04 as sdvr68_37_0_, salesdetai0_.sdvr01 as sdvr69_37_0_, salesdetai0_.sdvr03 as sdvr70_37_0_, salesdetai0_.sdvr05 as sdvr71_37_0_, salesdetai0_.sdvr02 as sdvr72_37_0_, salesdetai0_.sdrldocno as sdrldoc73_37_0_, salesdetai0_.sdrldocsq as sdrldoc74_37_0_, salesdetai0_.sdrldocty as sdrldoc75_37_0_, salesdetai0_.sdrqdt as sdrqdt76_37_0_, salesdetai0_.sdqtyrn as sdqtyrn77_37_0_, salesdetai0_.sdso03 as sdso78_37_0_, salesdetai0_.sdso01 as sdso79_37_0_, salesdetai0_.sdso02 as sdso80_37_0_, salesdetai0_.sdslid as sdslid81_37_0_, salesdetai0_.sdsqor as sdsqor82_37_0_, salesdetai0_.sduom2 as sduom83_37_0_, salesdetai0_.sdsnlot as sdsnlot84_37_0_, salesdetai0_.sdslrc1 as sdslrc85_37_0_, salesdetai0_.sdqtysh as sdqtysh86_37_0_, salesdetai0_.sdtaxal as sdtaxal87_37_0_, salesdetai0_.sdtaxam as sdtaxam88_37_0_, salesdetai0_.sdtaxab as sdtaxab89_37_0_, salesdetai0_.sdtaxcd as sdtaxcd90_37_0_, salesdetai0_.sdtaxrt as sdtaxrt91_37_0_, salesdetai0_.sdcrct as sdcrct92_37_0_, salesdetai0_.sditc03 as sditc93_37_0_, salesdetai0_.sducf as sducf94_37_0_, salesdetai0_.sduncost as sduncos95_37_0_, salesdetai0_.sdudc as sdudc96_37_0_, salesdetai0_.sdudf as sdudf97_37_0_, salesdetai0_.sduom as sduom98_37_0_, salesdetai0_.sdunprice as sdunpri99_37_0_, salesdetai0_.sdurnb1 as sdurnb100_37_0_, salesdetai0_.sdurnb2 as sdurnb101_37_0_, salesdetai0_.sdvhrn as sdvhrn102_37_0_, salesdetai0_.sdvhty as sdvhty103_37_0_, salesdetai0_.sdqtyvl as sdqtyv104_37_0_, salesdetai0_.sduomv as sduomv105_37_0_, salesdetai0_.sdqtywt as sdqtyw106_37_0_, salesdetai0_.sduomw as sduomw107_37_0_, salesorder1_.shcoid as shcoid1_36_1_, salesorder1_.shdocono as shdocono2_36_1_, salesorder1_.shdocoty as shdocoty3_36_1_, salesorder1_.shcid as shcid4_36_1_, salesorder1_.shdtin as shdtin5_36_1_, salesorder1_.shtmin as shtmin6_36_1_, salesorder1_.shuid as shuid7_36_1_, salesorder1_.shdtlu as shdtlu8_36_1_, salesorder1_.shtmlu as shtmlu9_36_1_, salesorder1_.shuidm as shuidm10_36_1_, salesorder1_.shata as shata11_36_1_, salesorder1_.shatd as shatd12_36_1_, salesorder1_.shcrcb as shcrcb13_36_1_, salesorder1_.shbuid as shbuid14_36_1_, salesorder1_.shcldt as shcldt15_36_1_, salesorder1_.shcot as shcot16_36_1_, salesorder1_.shcsid as shcsid17_36_1_, salesorder1_.shcsdocdt as shcsdoc18_36_1_, salesorder1_.shcsdocno as shcsdoc19_36_1_, salesorder1_.shdod as shdod20_36_1_, salesorder1_.shdol as shdol21_36_1_, salesorder1_.shdou as shdou22_36_1_, salesorder1_.shdldt as shdldt23_36_1_, salesorder1_.shdesb1 as shdesb24_36_1_, salesorder1_.shdccd as shdccd25_36_1_, salesorder1_.shdcrt as shdcrt26_36_1_, salesorder1_.sheta as sheta27_36_1_, salesorder1_.shetd as shetd28_36_1_, salesorder1_.shexcrt as shexcrt29_36_1_, salesorder1_.shexid as shexid30_36_1_, salesorder1_.shead as shead31_36_1_, salesorder1_.shean as shean32_36_1_, salesorder1_.shedd as shedd33_36_1_, salesorder1_.shedn as shedn34_36_1_, salesorder1_.shfbd as shfbd35_36_1_, salesorder1_.shfbn as shfbn36_36_1_, salesorder1_.shfhc as shfhc37_36_1_, salesorder1_.shgldt as shgldt38_36_1_, salesorder1_.shgscrt as shgscrt39_36_1_, salesorder1_.shhcod as shhcod40_36_1_, salesorder1_.shlst as shlst41_36_1_, salesorder1_.shnst as shnst42_36_1_, salesorder1_.shobid as shobid43_36_1_, salesorder1_.shordt as shordt44_36_1_, salesorder1_.shordocdt as shordoc45_36_1_, salesorder1_.shordocno as shordoc46_36_1_, salesorder1_.shprid as shprid47_36_1_, salesorder1_.shpyid as shpyid48_36_1_, salesorder1_.shptc as shptc49_36_1_, salesorder1_.shpoa as shpoa50_36_1_, salesorder1_.shpod as shpod51_36_1_, salesorder1_.shrbuid as shrbuid52_36_1_, salesorder1_.shpjid as shpjid53_36_1_, salesorder1_.shpddt as shpddt54_36_1_, salesorder1_.shstid as shstid55_36_1_, salesorder1_.shrqdt as shrqdt56_36_1_, salesorder1_.shslid as shslid57_36_1_, salesorder1_.shshcn as shshcn58_36_1_, salesorder1_.shshmt as shshmt59_36_1_, salesorder1_.shtagid as shtagid60_36_1_, salesorder1_.shtaxal as shtaxal61_36_1_, salesorder1_.shtaxcd as shtaxcd62_36_1_, salesorder1_.shtaxrt as shtaxrt63_36_1_, salesorder1_.shcrct as shcrct64_36_1_, salesorder1_.shurdt1 as shurdt65_36_1_, salesorder1_.shurdt2 as shurdt66_36_1_ from t4211 salesdetai0_ inner join t4201 salesorder1_ on salesdetai0_.sdcoid=salesorder1_.shcoid and salesdetai0_.sddocono=salesorder1_.shdocono and salesdetai0_.sddocoty=salesorder1_.shdocoty where salesdetai0_.sdcoid=? and salesdetai0_.sddocono=? and salesdetai0_.sddocosq=? and salesdetai0_.sddocoty=?
Hibernate: select serialnumb0_.coid as coid1_43_0_, serialnumb0_.docno as docno2_43_0_, serialnumb0_.docty as docty3_43_0_, serialnumb0_.docsq as docsq4_43_0_, serialnumb0_.buid as buid5_43_0_, serialnumb0_.inum as inum6_43_0_, serialnumb0_.snlot as snlot7_43_0_, lotmaster1_.ltbuid as ltbuid1_34_1_, lotmaster1_.ltinum as ltinum2_34_1_, lotmaster1_.ltsnlot as ltsnlot3_34_1_, lotmaster1_.ltcid as ltcid4_34_1_, lotmaster1_.ltdtin as ltdtin5_34_1_, lotmaster1_.lttmin as lttmin6_34_1_, lotmaster1_.ltuid as ltuid7_34_1_, lotmaster1_.ltdtlu as ltdtlu8_34_1_, lotmaster1_.lttmlu as lttmlu9_34_1_, lotmaster1_.ltuidm as ltuidm10_34_1_, lotmaster1_.ltbodt as ltbodt11_34_1_, lotmaster1_.ltbbdt as ltbbdt12_34_1_, lotmaster1_.ltcldt as ltcldt13_34_1_, lotmaster1_.ltexpdt as ltexpdt14_34_1_, lotmaster1_.ltldsc as ltldsc15_34_1_, lotmaster1_.ltledt as ltledt16_34_1_, lotmaster1_.ltlsc as ltlsc17_34_1_, lotmaster1_.ltmlot1 as ltmlot18_34_1_, lotmaster1_.ltmlot2 as ltmlot19_34_1_, lotmaster1_.ltmlot3 as ltmlot20_34_1_, lotmaster1_.ltohdt as ltohdt21_34_1_, lotmaster1_.ltsern as ltsern22_34_1_ from transaction_serialnumbers serialnumb0_ inner join t4108 lotmaster1_ on serialnumb0_.buid=lotmaster1_.ltbuid and serialnumb0_.inum=lotmaster1_.ltinum and serialnumb0_.snlot=lotmaster1_.ltsnlot where serialnumb0_.coid=? and serialnumb0_.docno=? and serialnumb0_.docty=? and serialnumb0_.docsq=?
Hibernate: select salesshipm0_.slcoid as slcoid1_38_, salesshipm0_.sldocno as sldocno2_38_, salesshipm0_.sldocty as sldocty3_38_, salesshipm0_.sldocsq as sldocsq4_38_, salesshipm0_.slcid as slcid5_38_, salesshipm0_.sldtin as sldtin6_38_, salesshipm0_.sltmin as sltmin7_38_, salesshipm0_.sluid as sluid8_38_, salesshipm0_.sldtlu as sldtlu9_38_, salesshipm0_.sltmlu as sltmlu10_38_, salesshipm0_.sluidm as sluidm11_38_, salesshipm0_.slacid as slacid12_38_, salesshipm0_.slata as slata13_38_, salesshipm0_.slatd as slatd14_38_, salesshipm0_.slcrcb as slcrcb15_38_, salesshipm0_.slicu as slicu16_38_, salesshipm0_.slicut as slicut17_38_, salesshipm0_.slitc02 as slitc18_38_, salesshipm0_.slbuid as slbuid19_38_, salesshipm0_.slitc01 as slitc20_38_, salesshipm0_.slcnid as slcnid21_38_, salesshipm0_.slcsid as slcsid22_38_, salesshipm0_.slcsdocdt as slcsdoc23_38_, salesshipm0_.slcsdocno as slcsdoc24_38_, salesshipm0_.sldod as sldod25_38_, salesshipm0_.sldol as sldol26_38_, salesshipm0_.sldou as sldou27_38_, salesshipm0_.sldldt as sldldt28_38_, salesshipm0_.sldesc1 as sldesc29_38_, salesshipm0_.sldesc2 as sldesc30_38_, salesshipm0_.sldccd as sldccd31_38_, salesshipm0_.sldcrt as sldcrt32_38_, salesshipm0_.sldocdt as sldocdt33_38_, salesshipm0_.sleta as sleta34_38_, salesshipm0_.sletd as sletd35_38_, salesshipm0_.slexcrt as slexcrt36_38_, salesshipm0_.slexid as slexid37_38_, salesshipm0_.slead as slead38_38_, salesshipm0_.slean as slean39_38_, salesshipm0_.sledd as sledd40_38_, salesshipm0_.sledn as sledn41_38_, salesshipm0_.slexcost as slexcos42_38_, salesshipm0_.slexprice as slexpri43_38_, salesshipm0_.slfep as slfep44_38_, salesshipm0_.slfta as slfta45_38_, salesshipm0_.slftb as slftb46_38_, salesshipm0_.slfup as slfup47_38_, salesshipm0_.slfbd as slfbd48_38_, salesshipm0_.slfbn as slfbn49_38_, salesshipm0_.slglcls as slglcls50_38_, salesshipm0_.slgscrt as slgscrt51_38_, salesshipm0_.slir02 as slir52_38_, salesshipm0_.slir01 as slir53_38_, salesshipm0_.slir03 as slir54_38_, salesshipm0_.slitt as slitt55_38_, salesshipm0_.sldocidt as sldocid56_38_, salesshipm0_.sldocino as sldocin57_38_, salesshipm0_.sldocisq as sldocis58_38_, salesshipm0_.sldocity as sldocit59_38_, salesshipm0_.slinum as slinum60_38_, salesshipm0_.sldesb1 as sldesb61_38_, salesshipm0_.slitc05 as slitc62_38_, salesshipm0_.sllst as sllst63_38_, salesshipm0_.sllnty as sllnty64_38_, salesshipm0_.sllocid as sllocid65_38_, salesshipm0_.slnst as slnst66_38_, salesshipm0_.slobid as slobid67_38_, salesshipm0_.sldocono as sldocon68_38_, salesshipm0_.sldocosq as sldocos69_38_, salesshipm0_.sldocoty as sldocot70_38_, salesshipm0_.slordocdt as slordoc71_38_, salesshipm0_.slordocno as slordoc72_38_, salesshipm0_.slordocsq as slordoc73_38_, salesshipm0_.slordocty as slordoc74_38_, salesshipm0_.slprid as slprid75_38_, salesshipm0_.slpyid as slpyid76_38_, salesshipm0_.slptc as slptc77_38_, salesshipm0_.slpoa as slpoa78_38_, salesshipm0_.slpod as slpod79_38_, salesshipm0_.slpqot as slpqot80_38_, salesshipm0_.sluom1 as sluom81_38_, salesshipm0_.slrbuid as slrbuid82_38_, salesshipm0_.slpjid as slpjid83_38_, salesshipm0_.slqty as slqty84_38_, salesshipm0_.slstid as slstid85_38_, salesshipm0_.slrecid as slrecid86_38_, salesshipm0_.slvr04 as slvr87_38_, salesshipm0_.slvr01 as slvr88_38_, salesshipm0_.slvr03 as slvr89_38_, salesshipm0_.slvr05 as slvr90_38_, salesshipm0_.slvr02 as slvr91_38_, salesshipm0_.slso03 as slso92_38_, salesshipm0_.slso01 as slso93_38_, salesshipm0_.slso02 as slso94_38_, salesshipm0_.slslid as slslid95_38_, salesshipm0_.slsqot as slsqot96_38_, salesshipm0_.sluom2 as sluom97_38_, salesshipm0_.slsnlot as slsnlot98_38_, salesshipm0_.slslrc1 as slslrc99_38_, salesshipm0_.slshcn as slshcn100_38_, salesshipm0_.sltaxal as sltaxa101_38_, salesshipm0_.sltaxam as sltaxa102_38_, salesshipm0_.sltaxab as sltaxa103_38_, salesshipm0_.sltaxcd as sltaxc104_38_, salesshipm0_.sltaxidt as sltaxi105_38_, salesshipm0_.sltaxino as sltaxi106_38_, salesshipm0_.sltaxrt as sltaxr107_38_, salesshipm0_.sldnop as sldnop108_38_, salesshipm0_.slinop as slinop109_38_, salesshipm0_.slcrct as slcrct110_38_, salesshipm0_.slitc03 as slitc111_38_, salesshipm0_.slucf as slucf112_38_, salesshipm0_.sluncost as slunco113_38_, salesshipm0_.sludc as sludc114_38_, salesshipm0_.sludf as sludf115_38_, salesshipm0_.sluom as sluom116_38_, salesshipm0_.slunprice as slunpr117_38_, salesshipm0_.slinvdt as slinvd118_38_, salesshipm0_.slinvno as slinvn119_38_ from t4212 salesshipm0_ where salesshipm0_.slcoid=? and salesshipm0_.sldocno=? and salesshipm0_.sldocty=?
2018-12-27 11:25:54.847  INFO 2120 --- [    Test worker] o.s.t.c.transaction.TransactionContext   : Rolled back transaction for test: [DefaultTestContext@37350c9d testClass = SalesShipmentApiTest, testInstance = ags.goldenlionerp.apiTests.sales.SalesShipmentApiTest@657dcb60, testMethod = updateTestWithPatch@ApiTestBase, testException = [null], mergedContextConfiguration = [WebMergedContextConfiguration@13aa9a2c testClass = SalesShipmentApiTest, locations = '{}', classes = '{class ags.goldenlionerp.GoldenLionErpApplication}', contextInitializerClasses = '[]', activeProfiles = '{}', propertySourceLocations = '{classpath:test.properties}', propertySourceProperties = '{org.springframework.boot.test.context.SpringBootTestContextBootstrapper=true}', contextCustomizers = set[org.springframework.boot.test.autoconfigure.properties.PropertyMappingContextCustomizer@0, org.springframework.boot.test.autoconfigure.web.servlet.WebDriverContextCustomizerFactory$Customizer@636d731e, [ImportsContextCustomizer@2a93360c key = [ags.goldenlionerp.apiTests.ApiTestBase$TestConfig]], org.springframework.boot.test.context.filter.ExcludeFilterContextCustomizer@6afa5291, org.springframework.boot.test.json.DuplicateJsonObjectContextCustomizerFactory$DuplicateJsonObjectContextCustomizer@20cebcb4, org.springframework.boot.test.mock.mockito.MockitoContextCustomizer@0, org.springframework.boot.test.web.client.TestRestTemplateContextCustomizer@49a32273], resourceBasePath = 'src/main/webapp', contextLoader = 'org.springframework.boot.test.context.SpringBootContextLoader', parent = [null]], attributes = map['org.springframework.test.context.web.ServletTestExecutionListener.activateListener' -> true, 'org.springframework.test.context.web.ServletTestExecutionListener.populatedRequestContextHolder' -> true, 'org.springframework.test.context.web.ServletTestExecutionListener.resetRequestContextHolder' -> true]]
2018-12-27 11:25:54.850  INFO 2120 --- [    Test worker] o.s.t.c.transaction.TransactionContext   : Began transaction (1) for test context [DefaultTestContext@37350c9d testClass = SalesShipmentApiTest, testInstance = ags.goldenlionerp.apiTests.sales.SalesShipmentApiTest@4641da0, testMethod = getTestCollection@ApiTestBase, testException = [null], mergedContextConfiguration = [WebMergedContextConfiguration@13aa9a2c testClass = SalesShipmentApiTest, locations = '{}', classes = '{class ags.goldenlionerp.GoldenLionErpApplication}', contextInitializerClasses = '[]', activeProfiles = '{}', propertySourceLocations = '{classpath:test.properties}', propertySourceProperties = '{org.springframework.boot.test.context.SpringBootTestContextBootstrapper=true}', contextCustomizers = set[org.springframework.boot.test.autoconfigure.properties.PropertyMappingContextCustomizer@0, org.springframework.boot.test.autoconfigure.web.servlet.WebDriverContextCustomizerFactory$Customizer@636d731e, [ImportsContextCustomizer@2a93360c key = [ags.goldenlionerp.apiTests.ApiTestBase$TestConfig]], org.springframework.boot.test.context.filter.ExcludeFilterContextCustomizer@6afa5291, org.springframework.boot.test.json.DuplicateJsonObjectContextCustomizerFactory$DuplicateJsonObjectContextCustomizer@20cebcb4, org.springframework.boot.test.mock.mockito.MockitoContextCustomizer@0, org.springframework.boot.test.web.client.TestRestTemplateContextCustomizer@49a32273], resourceBasePath = 'src/main/webapp', contextLoader = 'org.springframework.boot.test.context.SpringBootContextLoader', parent = [null]], attributes = map['org.springframework.test.context.web.ServletTestExecutionListener.activateListener' -> true, 'org.springframework.test.context.web.ServletTestExecutionListener.populatedRequestContextHolder' -> true, 'org.springframework.test.context.web.ServletTestExecutionListener.resetRequestContextHolder' -> true]]; transaction manager [org.springframework.orm.jpa.JpaTransactionManager@75de8c12]; rollback [true]
2018-12-27 11:25:54.851  INFO 2120 --- [    Test worker] o.s.b.t.m.w.SpringBootMockServletContext : Initializing Spring FrameworkServlet ''
2018-12-27 11:25:54.851  INFO 2120 --- [    Test worker] o.s.t.web.servlet.TestDispatcherServlet  : FrameworkServlet '': initialization started
2018-12-27 11:25:54.861  INFO 2120 --- [    Test worker] o.s.t.web.servlet.TestDispatcherServlet  : FrameworkServlet '': initialization completed in 10 ms
Hibernate: select salesorder0_.shcoid as shcoid1_36_0_, salesorder0_.shdocono as shdocono2_36_0_, salesorder0_.shdocoty as shdocoty3_36_0_, salesorder0_.shcid as shcid4_36_0_, salesorder0_.shdtin as shdtin5_36_0_, salesorder0_.shtmin as shtmin6_36_0_, salesorder0_.shuid as shuid7_36_0_, salesorder0_.shdtlu as shdtlu8_36_0_, salesorder0_.shtmlu as shtmlu9_36_0_, salesorder0_.shuidm as shuidm10_36_0_, salesorder0_.shata as shata11_36_0_, salesorder0_.shatd as shatd12_36_0_, salesorder0_.shcrcb as shcrcb13_36_0_, salesorder0_.shbuid as shbuid14_36_0_, salesorder0_.shcldt as shcldt15_36_0_, salesorder0_.shcot as shcot16_36_0_, salesorder0_.shcsid as shcsid17_36_0_, salesorder0_.shcsdocdt as shcsdoc18_36_0_, salesorder0_.shcsdocno as shcsdoc19_36_0_, salesorder0_.shdod as shdod20_36_0_, salesorder0_.shdol as shdol21_36_0_, salesorder0_.shdou as shdou22_36_0_, salesorder0_.shdldt as shdldt23_36_0_, salesorder0_.shdesb1 as shdesb24_36_0_, salesorder0_.shdccd as shdccd25_36_0_, salesorder0_.shdcrt as shdcrt26_36_0_, salesorder0_.sheta as sheta27_36_0_, salesorder0_.shetd as shetd28_36_0_, salesorder0_.shexcrt as shexcrt29_36_0_, salesorder0_.shexid as shexid30_36_0_, salesorder0_.shead as shead31_36_0_, salesorder0_.shean as shean32_36_0_, salesorder0_.shedd as shedd33_36_0_, salesorder0_.shedn as shedn34_36_0_, salesorder0_.shfbd as shfbd35_36_0_, salesorder0_.shfbn as shfbn36_36_0_, salesorder0_.shfhc as shfhc37_36_0_, salesorder0_.shgldt as shgldt38_36_0_, salesorder0_.shgscrt as shgscrt39_36_0_, salesorder0_.shhcod as shhcod40_36_0_, salesorder0_.shlst as shlst41_36_0_, salesorder0_.shnst as shnst42_36_0_, salesorder0_.shobid as shobid43_36_0_, salesorder0_.shordt as shordt44_36_0_, salesorder0_.shordocdt as shordoc45_36_0_, salesorder0_.shordocno as shordoc46_36_0_, salesorder0_.shprid as shprid47_36_0_, salesorder0_.shpyid as shpyid48_36_0_, salesorder0_.shptc as shptc49_36_0_, salesorder0_.shpoa as shpoa50_36_0_, salesorder0_.shpod as shpod51_36_0_, salesorder0_.shrbuid as shrbuid52_36_0_, salesorder0_.shpjid as shpjid53_36_0_, salesorder0_.shpddt as shpddt54_36_0_, salesorder0_.shstid as shstid55_36_0_, salesorder0_.shrqdt as shrqdt56_36_0_, salesorder0_.shslid as shslid57_36_0_, salesorder0_.shshcn as shshcn58_36_0_, salesorder0_.shshmt as shshmt59_36_0_, salesorder0_.shtagid as shtagid60_36_0_, salesorder0_.shtaxal as shtaxal61_36_0_, salesorder0_.shtaxcd as shtaxcd62_36_0_, salesorder0_.shtaxrt as shtaxrt63_36_0_, salesorder0_.shcrct as shcrct64_36_0_, salesorder0_.shurdt1 as shurdt65_36_0_, salesorder0_.shurdt2 as shurdt66_36_0_ from t4201 salesorder0_ where salesorder0_.shcoid=? and salesorder0_.shdocono=? and salesorder0_.shdocoty=?
Hibernate: select details0_.sdcoid as sdcoid1_37_0_, details0_.sddocono as sddocono2_37_0_, details0_.sddocoty as sddocoty4_37_0_, details0_.sddocosq as sddocosq3_37_0_, details0_.sdcoid as sdcoid1_37_1_, details0_.sddocono as sddocono2_37_1_, details0_.sddocosq as sddocosq3_37_1_, details0_.sddocoty as sddocoty4_37_1_, details0_.sdcid as sdcid5_37_1_, details0_.sddtin as sddtin6_37_1_, details0_.sdtmin as sdtmin7_37_1_, details0_.sduid as sduid8_37_1_, details0_.sddtlu as sddtlu9_37_1_, details0_.sdtmlu as sdtmlu10_37_1_, details0_.sduidm as sduidm11_37_1_, details0_.sdacid as sdacid12_37_1_, details0_.sdcrcb as sdcrcb13_37_1_, details0_.sditc02 as sditc14_37_1_, details0_.sdbuid as sdbuid15_37_1_, details0_.sdqtycl as sdqtycl16_37_1_, details0_.sditc01 as sditc17_37_1_, details0_.sdcldt as sdcldt18_37_1_, details0_.sdcnid as sdcnid19_37_1_, details0_.sdcsid as sdcsid20_37_1_, details0_.sddldt as sddldt21_37_1_, details0_.sddccd as sddccd22_37_1_, details0_.sddcrt as sddcrt23_37_1_, details0_.sdexcrt as sdexcrt24_37_1_, details0_.sdexid as sdexid25_37_1_, details0_.sdexcost as sdexcos26_37_1_, details0_.sdexprice as sdexpri27_37_1_, details0_.sdqtyx as sdqtyx28_37_1_, details0_.sducfx as sducfx29_37_1_, details0_.sduomx as sduomx30_37_1_, details0_.sdunpricex as sdunpri31_37_1_, details0_.sdfep as sdfep32_37_1_, details0_.sdfta as sdfta33_37_1_, details0_.sdftb as sdftb34_37_1_, details0_.sdfup as sdfup35_37_1_, details0_.sdglcls as sdglcls36_37_1_, details0_.sdgldt as sdgldt37_37_1_, details0_.sdgscrt as sdgscrt38_37_1_, details0_.sdhcod as sdhcod39_37_1_, details0_.sdir02 as sdir40_37_1_, details0_.sdir01 as sdir41_37_1_, details0_.sdir03 as sdir42_37_1_, details0_.sdinum as sdinum43_37_1_, details0_.sddesb1 as sddesb44_37_1_, details0_.sditc05 as sditc45_37_1_, details0_.sdlst as sdlst46_37_1_, details0_.sdlnty as sdlnty47_37_1_, details0_.sdlocid as sdlocid48_37_1_, details0_.sdnst as sdnst49_37_1_, details0_.sdobid as sdobid50_37_1_, details0_.sdqtyop as sdqtyop51_37_1_, details0_.sdordt as sdordt52_37_1_, details0_.sdott as sdott53_37_1_, details0_.sdordocdt as sdordoc54_37_1_, details0_.sdordocno as sdordoc55_37_1_, details0_.sdordocsq as sdordoc56_37_1_, details0_.sdordocty as sdordoc57_37_1_, details0_.sdprid as sdprid58_37_1_, details0_.sdpyid as sdpyid59_37_1_, details0_.sdptc as sdptc60_37_1_, details0_.sdpqor as sdpqor61_37_1_, details0_.sduom1 as sduom62_37_1_, details0_.sdrbuid as sdrbuid63_37_1_, details0_.sdpjid as sdpjid64_37_1_, details0_.sdpddt as sdpddt65_37_1_, details0_.sdqty as sdqty66_37_1_, details0_.sdstid as sdstid67_37_1_, details0_.sdvr04 as sdvr68_37_1_, details0_.sdvr01 as sdvr69_37_1_, details0_.sdvr03 as sdvr70_37_1_, details0_.sdvr05 as sdvr71_37_1_, details0_.sdvr02 as sdvr72_37_1_, details0_.sdrldocno as sdrldoc73_37_1_, details0_.sdrldocsq as sdrldoc74_37_1_, details0_.sdrldocty as sdrldoc75_37_1_, details0_.sdrqdt as sdrqdt76_37_1_, details0_.sdqtyrn as sdqtyrn77_37_1_, details0_.sdso03 as sdso78_37_1_, details0_.sdso01 as sdso79_37_1_, details0_.sdso02 as sdso80_37_1_, details0_.sdslid as sdslid81_37_1_, details0_.sdsqor as sdsqor82_37_1_, details0_.sduom2 as sduom83_37_1_, details0_.sdsnlot as sdsnlot84_37_1_, details0_.sdslrc1 as sdslrc85_37_1_, details0_.sdqtysh as sdqtysh86_37_1_, details0_.sdtaxal as sdtaxal87_37_1_, details0_.sdtaxam as sdtaxam88_37_1_, details0_.sdtaxab as sdtaxab89_37_1_, details0_.sdtaxcd as sdtaxcd90_37_1_, details0_.sdtaxrt as sdtaxrt91_37_1_, details0_.sdcrct as sdcrct92_37_1_, details0_.sditc03 as sditc93_37_1_, details0_.sducf as sducf94_37_1_, details0_.sduncost as sduncos95_37_1_, details0_.sdudc as sdudc96_37_1_, details0_.sdudf as sdudf97_37_1_, details0_.sduom as sduom98_37_1_, details0_.sdunprice as sdunpri99_37_1_, details0_.sdurnb1 as sdurnb100_37_1_, details0_.sdurnb2 as sdurnb101_37_1_, details0_.sdvhrn as sdvhrn102_37_1_, details0_.sdvhty as sdvhty103_37_1_, details0_.sdqtyvl as sdqtyv104_37_1_, details0_.sduomv as sduomv105_37_1_, details0_.sdqtywt as sdqtyw106_37_1_, details0_.sduomw as sduomw107_37_1_ from t4211 details0_ where details0_.sdcoid=? and details0_.sddocono=? and details0_.sddocoty=?
Hibernate: select TOP(?) salesshipm0_.slcoid as slcoid1_38_, salesshipm0_.sldocno as sldocno2_38_, salesshipm0_.sldocty as sldocty3_38_, salesshipm0_.sldocsq as sldocsq4_38_, salesshipm0_.slcid as slcid5_38_, salesshipm0_.sldtin as sldtin6_38_, salesshipm0_.sltmin as sltmin7_38_, salesshipm0_.sluid as sluid8_38_, salesshipm0_.sldtlu as sldtlu9_38_, salesshipm0_.sltmlu as sltmlu10_38_, salesshipm0_.sluidm as sluidm11_38_, salesshipm0_.slacid as slacid12_38_, salesshipm0_.slata as slata13_38_, salesshipm0_.slatd as slatd14_38_, salesshipm0_.slcrcb as slcrcb15_38_, salesshipm0_.slicu as slicu16_38_, salesshipm0_.slicut as slicut17_38_, salesshipm0_.slitc02 as slitc18_38_, salesshipm0_.slbuid as slbuid19_38_, salesshipm0_.slitc01 as slitc20_38_, salesshipm0_.slcnid as slcnid21_38_, salesshipm0_.slcsid as slcsid22_38_, salesshipm0_.slcsdocdt as slcsdoc23_38_, salesshipm0_.slcsdocno as slcsdoc24_38_, salesshipm0_.sldod as sldod25_38_, salesshipm0_.sldol as sldol26_38_, salesshipm0_.sldou as sldou27_38_, salesshipm0_.sldldt as sldldt28_38_, salesshipm0_.sldesc1 as sldesc29_38_, salesshipm0_.sldesc2 as sldesc30_38_, salesshipm0_.sldccd as sldccd31_38_, salesshipm0_.sldcrt as sldcrt32_38_, salesshipm0_.sldocdt as sldocdt33_38_, salesshipm0_.sleta as sleta34_38_, salesshipm0_.sletd as sletd35_38_, salesshipm0_.slexcrt as slexcrt36_38_, salesshipm0_.slexid as slexid37_38_, salesshipm0_.slead as slead38_38_, salesshipm0_.slean as slean39_38_, salesshipm0_.sledd as sledd40_38_, salesshipm0_.sledn as sledn41_38_, salesshipm0_.slexcost as slexcos42_38_, salesshipm0_.slexprice as slexpri43_38_, salesshipm0_.slfep as slfep44_38_, salesshipm0_.slfta as slfta45_38_, salesshipm0_.slftb as slftb46_38_, salesshipm0_.slfup as slfup47_38_, salesshipm0_.slfbd as slfbd48_38_, salesshipm0_.slfbn as slfbn49_38_, salesshipm0_.slglcls as slglcls50_38_, salesshipm0_.slgscrt as slgscrt51_38_, salesshipm0_.slir02 as slir52_38_, salesshipm0_.slir01 as slir53_38_, salesshipm0_.slir03 as slir54_38_, salesshipm0_.slitt as slitt55_38_, salesshipm0_.sldocidt as sldocid56_38_, salesshipm0_.sldocino as sldocin57_38_, salesshipm0_.sldocisq as sldocis58_38_, salesshipm0_.sldocity as sldocit59_38_, salesshipm0_.slinum as slinum60_38_, salesshipm0_.sldesb1 as sldesb61_38_, salesshipm0_.slitc05 as slitc62_38_, salesshipm0_.sllst as sllst63_38_, salesshipm0_.sllnty as sllnty64_38_, salesshipm0_.sllocid as sllocid65_38_, salesshipm0_.slnst as slnst66_38_, salesshipm0_.slobid as slobid67_38_, salesshipm0_.sldocono as sldocon68_38_, salesshipm0_.sldocosq as sldocos69_38_, salesshipm0_.sldocoty as sldocot70_38_, salesshipm0_.slordocdt as slordoc71_38_, salesshipm0_.slordocno as slordoc72_38_, salesshipm0_.slordocsq as slordoc73_38_, salesshipm0_.slordocty as slordoc74_38_, salesshipm0_.slprid as slprid75_38_, salesshipm0_.slpyid as slpyid76_38_, salesshipm0_.slptc as slptc77_38_, salesshipm0_.slpoa as slpoa78_38_, salesshipm0_.slpod as slpod79_38_, salesshipm0_.slpqot as slpqot80_38_, salesshipm0_.sluom1 as sluom81_38_, salesshipm0_.slrbuid as slrbuid82_38_, salesshipm0_.slpjid as slpjid83_38_, salesshipm0_.slqty as slqty84_38_, salesshipm0_.slstid as slstid85_38_, salesshipm0_.slrecid as slrecid86_38_, salesshipm0_.slvr04 as slvr87_38_, salesshipm0_.slvr01 as slvr88_38_, salesshipm0_.slvr03 as slvr89_38_, salesshipm0_.slvr05 as slvr90_38_, salesshipm0_.slvr02 as slvr91_38_, salesshipm0_.slso03 as slso92_38_, salesshipm0_.slso01 as slso93_38_, salesshipm0_.slso02 as slso94_38_, salesshipm0_.slslid as slslid95_38_, salesshipm0_.slsqot as slsqot96_38_, salesshipm0_.sluom2 as sluom97_38_, salesshipm0_.slsnlot as slsnlot98_38_, salesshipm0_.slslrc1 as slslrc99_38_, salesshipm0_.slshcn as slshcn100_38_, salesshipm0_.sltaxal as sltaxa101_38_, salesshipm0_.sltaxam as sltaxa102_38_, salesshipm0_.sltaxab as sltaxa103_38_, salesshipm0_.sltaxcd as sltaxc104_38_, salesshipm0_.sltaxidt as sltaxi105_38_, salesshipm0_.sltaxino as sltaxi106_38_, salesshipm0_.sltaxrt as sltaxr107_38_, salesshipm0_.sldnop as sldnop108_38_, salesshipm0_.slinop as slinop109_38_, salesshipm0_.slcrct as slcrct110_38_, salesshipm0_.slitc03 as slitc111_38_, salesshipm0_.slucf as slucf112_38_, salesshipm0_.sluncost as slunco113_38_, salesshipm0_.sludc as sludc114_38_, salesshipm0_.sludf as sludf115_38_, salesshipm0_.sluom as sluom116_38_, salesshipm0_.slunprice as slunpr117_38_, salesshipm0_.slinvdt as slinvd118_38_, salesshipm0_.slinvno as slinvn119_38_ from t4212 salesshipm0_
Hibernate: select count(salesshipm0_.slcoid) as col_0_0_ from t4212 salesshipm0_
Hibernate: select salesdetai0_.sdcoid as sdcoid1_37_0_, salesdetai0_.sddocono as sddocono2_37_0_, salesdetai0_.sddocosq as sddocosq3_37_0_, salesdetai0_.sddocoty as sddocoty4_37_0_, salesdetai0_.sdcid as sdcid5_37_0_, salesdetai0_.sddtin as sddtin6_37_0_, salesdetai0_.sdtmin as sdtmin7_37_0_, salesdetai0_.sduid as sduid8_37_0_, salesdetai0_.sddtlu as sddtlu9_37_0_, salesdetai0_.sdtmlu as sdtmlu10_37_0_, salesdetai0_.sduidm as sduidm11_37_0_, salesdetai0_.sdacid as sdacid12_37_0_, salesdetai0_.sdcrcb as sdcrcb13_37_0_, salesdetai0_.sditc02 as sditc14_37_0_, salesdetai0_.sdbuid as sdbuid15_37_0_, salesdetai0_.sdqtycl as sdqtycl16_37_0_, salesdetai0_.sditc01 as sditc17_37_0_, salesdetai0_.sdcldt as sdcldt18_37_0_, salesdetai0_.sdcnid as sdcnid19_37_0_, salesdetai0_.sdcsid as sdcsid20_37_0_, salesdetai0_.sddldt as sddldt21_37_0_, salesdetai0_.sddccd as sddccd22_37_0_, salesdetai0_.sddcrt as sddcrt23_37_0_, salesdetai0_.sdexcrt as sdexcrt24_37_0_, salesdetai0_.sdexid as sdexid25_37_0_, salesdetai0_.sdexcost as sdexcos26_37_0_, salesdetai0_.sdexprice as sdexpri27_37_0_, salesdetai0_.sdqtyx as sdqtyx28_37_0_, salesdetai0_.sducfx as sducfx29_37_0_, salesdetai0_.sduomx as sduomx30_37_0_, salesdetai0_.sdunpricex as sdunpri31_37_0_, salesdetai0_.sdfep as sdfep32_37_0_, salesdetai0_.sdfta as sdfta33_37_0_, salesdetai0_.sdftb as sdftb34_37_0_, salesdetai0_.sdfup as sdfup35_37_0_, salesdetai0_.sdglcls as sdglcls36_37_0_, salesdetai0_.sdgldt as sdgldt37_37_0_, salesdetai0_.sdgscrt as sdgscrt38_37_0_, salesdetai0_.sdhcod as sdhcod39_37_0_, salesdetai0_.sdir02 as sdir40_37_0_, salesdetai0_.sdir01 as sdir41_37_0_, salesdetai0_.sdir03 as sdir42_37_0_, salesdetai0_.sdinum as sdinum43_37_0_, salesdetai0_.sddesb1 as sddesb44_37_0_, salesdetai0_.sditc05 as sditc45_37_0_, salesdetai0_.sdlst as sdlst46_37_0_, salesdetai0_.sdlnty as sdlnty47_37_0_, salesdetai0_.sdlocid as sdlocid48_37_0_, salesdetai0_.sdnst as sdnst49_37_0_, salesdetai0_.sdobid as sdobid50_37_0_, salesdetai0_.sdqtyop as sdqtyop51_37_0_, salesdetai0_.sdordt as sdordt52_37_0_, salesdetai0_.sdott as sdott53_37_0_, salesdetai0_.sdordocdt as sdordoc54_37_0_, salesdetai0_.sdordocno as sdordoc55_37_0_, salesdetai0_.sdordocsq as sdordoc56_37_0_, salesdetai0_.sdordocty as sdordoc57_37_0_, salesdetai0_.sdprid as sdprid58_37_0_, salesdetai0_.sdpyid as sdpyid59_37_0_, salesdetai0_.sdptc as sdptc60_37_0_, salesdetai0_.sdpqor as sdpqor61_37_0_, salesdetai0_.sduom1 as sduom62_37_0_, salesdetai0_.sdrbuid as sdrbuid63_37_0_, salesdetai0_.sdpjid as sdpjid64_37_0_, salesdetai0_.sdpddt as sdpddt65_37_0_, salesdetai0_.sdqty as sdqty66_37_0_, salesdetai0_.sdstid as sdstid67_37_0_, salesdetai0_.sdvr04 as sdvr68_37_0_, salesdetai0_.sdvr01 as sdvr69_37_0_, salesdetai0_.sdvr03 as sdvr70_37_0_, salesdetai0_.sdvr05 as sdvr71_37_0_, salesdetai0_.sdvr02 as sdvr72_37_0_, salesdetai0_.sdrldocno as sdrldoc73_37_0_, salesdetai0_.sdrldocsq as sdrldoc74_37_0_, salesdetai0_.sdrldocty as sdrldoc75_37_0_, salesdetai0_.sdrqdt as sdrqdt76_37_0_, salesdetai0_.sdqtyrn as sdqtyrn77_37_0_, salesdetai0_.sdso03 as sdso78_37_0_, salesdetai0_.sdso01 as sdso79_37_0_, salesdetai0_.sdso02 as sdso80_37_0_, salesdetai0_.sdslid as sdslid81_37_0_, salesdetai0_.sdsqor as sdsqor82_37_0_, salesdetai0_.sduom2 as sduom83_37_0_, salesdetai0_.sdsnlot as sdsnlot84_37_0_, salesdetai0_.sdslrc1 as sdslrc85_37_0_, salesdetai0_.sdqtysh as sdqtysh86_37_0_, salesdetai0_.sdtaxal as sdtaxal87_37_0_, salesdetai0_.sdtaxam as sdtaxam88_37_0_, salesdetai0_.sdtaxab as sdtaxab89_37_0_, salesdetai0_.sdtaxcd as sdtaxcd90_37_0_, salesdetai0_.sdtaxrt as sdtaxrt91_37_0_, salesdetai0_.sdcrct as sdcrct92_37_0_, salesdetai0_.sditc03 as sditc93_37_0_, salesdetai0_.sducf as sducf94_37_0_, salesdetai0_.sduncost as sduncos95_37_0_, salesdetai0_.sdudc as sdudc96_37_0_, salesdetai0_.sdudf as sdudf97_37_0_, salesdetai0_.sduom as sduom98_37_0_, salesdetai0_.sdunprice as sdunpri99_37_0_, salesdetai0_.sdurnb1 as sdurnb100_37_0_, salesdetai0_.sdurnb2 as sdurnb101_37_0_, salesdetai0_.sdvhrn as sdvhrn102_37_0_, salesdetai0_.sdvhty as sdvhty103_37_0_, salesdetai0_.sdqtyvl as sdqtyv104_37_0_, salesdetai0_.sduomv as sduomv105_37_0_, salesdetai0_.sdqtywt as sdqtyw106_37_0_, salesdetai0_.sduomw as sduomw107_37_0_, salesorder1_.shcoid as shcoid1_36_1_, salesorder1_.shdocono as shdocono2_36_1_, salesorder1_.shdocoty as shdocoty3_36_1_, salesorder1_.shcid as shcid4_36_1_, salesorder1_.shdtin as shdtin5_36_1_, salesorder1_.shtmin as shtmin6_36_1_, salesorder1_.shuid as shuid7_36_1_, salesorder1_.shdtlu as shdtlu8_36_1_, salesorder1_.shtmlu as shtmlu9_36_1_, salesorder1_.shuidm as shuidm10_36_1_, salesorder1_.shata as shata11_36_1_, salesorder1_.shatd as shatd12_36_1_, salesorder1_.shcrcb as shcrcb13_36_1_, salesorder1_.shbuid as shbuid14_36_1_, salesorder1_.shcldt as shcldt15_36_1_, salesorder1_.shcot as shcot16_36_1_, salesorder1_.shcsid as shcsid17_36_1_, salesorder1_.shcsdocdt as shcsdoc18_36_1_, salesorder1_.shcsdocno as shcsdoc19_36_1_, salesorder1_.shdod as shdod20_36_1_, salesorder1_.shdol as shdol21_36_1_, salesorder1_.shdou as shdou22_36_1_, salesorder1_.shdldt as shdldt23_36_1_, salesorder1_.shdesb1 as shdesb24_36_1_, salesorder1_.shdccd as shdccd25_36_1_, salesorder1_.shdcrt as shdcrt26_36_1_, salesorder1_.sheta as sheta27_36_1_, salesorder1_.shetd as shetd28_36_1_, salesorder1_.shexcrt as shexcrt29_36_1_, salesorder1_.shexid as shexid30_36_1_, salesorder1_.shead as shead31_36_1_, salesorder1_.shean as shean32_36_1_, salesorder1_.shedd as shedd33_36_1_, salesorder1_.shedn as shedn34_36_1_, salesorder1_.shfbd as shfbd35_36_1_, salesorder1_.shfbn as shfbn36_36_1_, salesorder1_.shfhc as shfhc37_36_1_, salesorder1_.shgldt as shgldt38_36_1_, salesorder1_.shgscrt as shgscrt39_36_1_, salesorder1_.shhcod as shhcod40_36_1_, salesorder1_.shlst as shlst41_36_1_, salesorder1_.shnst as shnst42_36_1_, salesorder1_.shobid as shobid43_36_1_, salesorder1_.shordt as shordt44_36_1_, salesorder1_.shordocdt as shordoc45_36_1_, salesorder1_.shordocno as shordoc46_36_1_, salesorder1_.shprid as shprid47_36_1_, salesorder1_.shpyid as shpyid48_36_1_, salesorder1_.shptc as shptc49_36_1_, salesorder1_.shpoa as shpoa50_36_1_, salesorder1_.shpod as shpod51_36_1_, salesorder1_.shrbuid as shrbuid52_36_1_, salesorder1_.shpjid as shpjid53_36_1_, salesorder1_.shpddt as shpddt54_36_1_, salesorder1_.shstid as shstid55_36_1_, salesorder1_.shrqdt as shrqdt56_36_1_, salesorder1_.shslid as shslid57_36_1_, salesorder1_.shshcn as shshcn58_36_1_, salesorder1_.shshmt as shshmt59_36_1_, salesorder1_.shtagid as shtagid60_36_1_, salesorder1_.shtaxal as shtaxal61_36_1_, salesorder1_.shtaxcd as shtaxcd62_36_1_, salesorder1_.shtaxrt as shtaxrt63_36_1_, salesorder1_.shcrct as shcrct64_36_1_, salesorder1_.shurdt1 as shurdt65_36_1_, salesorder1_.shurdt2 as shurdt66_36_1_ from t4211 salesdetai0_ inner join t4201 salesorder1_ on salesdetai0_.sdcoid=salesorder1_.shcoid and salesdetai0_.sddocono=salesorder1_.shdocono and salesdetai0_.sddocoty=salesorder1_.shdocoty where salesdetai0_.sdcoid=? and salesdetai0_.sddocono=? and salesdetai0_.sddocosq=? and salesdetai0_.sddocoty=?
Hibernate: select serialnumb0_.coid as coid1_43_0_, serialnumb0_.docno as docno2_43_0_, serialnumb0_.docty as docty3_43_0_, serialnumb0_.docsq as docsq4_43_0_, serialnumb0_.buid as buid5_43_0_, serialnumb0_.inum as inum6_43_0_, serialnumb0_.snlot as snlot7_43_0_, lotmaster1_.ltbuid as ltbuid1_34_1_, lotmaster1_.ltinum as ltinum2_34_1_, lotmaster1_.ltsnlot as ltsnlot3_34_1_, lotmaster1_.ltcid as ltcid4_34_1_, lotmaster1_.ltdtin as ltdtin5_34_1_, lotmaster1_.lttmin as lttmin6_34_1_, lotmaster1_.ltuid as ltuid7_34_1_, lotmaster1_.ltdtlu as ltdtlu8_34_1_, lotmaster1_.lttmlu as lttmlu9_34_1_, lotmaster1_.ltuidm as ltuidm10_34_1_, lotmaster1_.ltbodt as ltbodt11_34_1_, lotmaster1_.ltbbdt as ltbbdt12_34_1_, lotmaster1_.ltcldt as ltcldt13_34_1_, lotmaster1_.ltexpdt as ltexpdt14_34_1_, lotmaster1_.ltldsc as ltldsc15_34_1_, lotmaster1_.ltledt as ltledt16_34_1_, lotmaster1_.ltlsc as ltlsc17_34_1_, lotmaster1_.ltmlot1 as ltmlot18_34_1_, lotmaster1_.ltmlot2 as ltmlot19_34_1_, lotmaster1_.ltmlot3 as ltmlot20_34_1_, lotmaster1_.ltohdt as ltohdt21_34_1_, lotmaster1_.ltsern as ltsern22_34_1_ from transaction_serialnumbers serialnumb0_ inner join t4108 lotmaster1_ on serialnumb0_.buid=lotmaster1_.ltbuid and serialnumb0_.inum=lotmaster1_.ltinum and serialnumb0_.snlot=lotmaster1_.ltsnlot where serialnumb0_.coid=? and serialnumb0_.docno=? and serialnumb0_.docty=? and serialnumb0_.docsq=?
Hibernate: select salesdetai0_.sdcoid as sdcoid1_37_0_, salesdetai0_.sddocono as sddocono2_37_0_, salesdetai0_.sddocosq as sddocosq3_37_0_, salesdetai0_.sddocoty as sddocoty4_37_0_, salesdetai0_.sdcid as sdcid5_37_0_, salesdetai0_.sddtin as sddtin6_37_0_, salesdetai0_.sdtmin as sdtmin7_37_0_, salesdetai0_.sduid as sduid8_37_0_, salesdetai0_.sddtlu as sddtlu9_37_0_, salesdetai0_.sdtmlu as sdtmlu10_37_0_, salesdetai0_.sduidm as sduidm11_37_0_, salesdetai0_.sdacid as sdacid12_37_0_, salesdetai0_.sdcrcb as sdcrcb13_37_0_, salesdetai0_.sditc02 as sditc14_37_0_, salesdetai0_.sdbuid as sdbuid15_37_0_, salesdetai0_.sdqtycl as sdqtycl16_37_0_, salesdetai0_.sditc01 as sditc17_37_0_, salesdetai0_.sdcldt as sdcldt18_37_0_, salesdetai0_.sdcnid as sdcnid19_37_0_, salesdetai0_.sdcsid as sdcsid20_37_0_, salesdetai0_.sddldt as sddldt21_37_0_, salesdetai0_.sddccd as sddccd22_37_0_, salesdetai0_.sddcrt as sddcrt23_37_0_, salesdetai0_.sdexcrt as sdexcrt24_37_0_, salesdetai0_.sdexid as sdexid25_37_0_, salesdetai0_.sdexcost as sdexcos26_37_0_, salesdetai0_.sdexprice as sdexpri27_37_0_, salesdetai0_.sdqtyx as sdqtyx28_37_0_, salesdetai0_.sducfx as sducfx29_37_0_, salesdetai0_.sduomx as sduomx30_37_0_, salesdetai0_.sdunpricex as sdunpri31_37_0_, salesdetai0_.sdfep as sdfep32_37_0_, salesdetai0_.sdfta as sdfta33_37_0_, salesdetai0_.sdftb as sdftb34_37_0_, salesdetai0_.sdfup as sdfup35_37_0_, salesdetai0_.sdglcls as sdglcls36_37_0_, salesdetai0_.sdgldt as sdgldt37_37_0_, salesdetai0_.sdgscrt as sdgscrt38_37_0_, salesdetai0_.sdhcod as sdhcod39_37_0_, salesdetai0_.sdir02 as sdir40_37_0_, salesdetai0_.sdir01 as sdir41_37_0_, salesdetai0_.sdir03 as sdir42_37_0_, salesdetai0_.sdinum as sdinum43_37_0_, salesdetai0_.sddesb1 as sddesb44_37_0_, salesdetai0_.sditc05 as sditc45_37_0_, salesdetai0_.sdlst as sdlst46_37_0_, salesdetai0_.sdlnty as sdlnty47_37_0_, salesdetai0_.sdlocid as sdlocid48_37_0_, salesdetai0_.sdnst as sdnst49_37_0_, salesdetai0_.sdobid as sdobid50_37_0_, salesdetai0_.sdqtyop as sdqtyop51_37_0_, salesdetai0_.sdordt as sdordt52_37_0_, salesdetai0_.sdott as sdott53_37_0_, salesdetai0_.sdordocdt as sdordoc54_37_0_, salesdetai0_.sdordocno as sdordoc55_37_0_, salesdetai0_.sdordocsq as sdordoc56_37_0_, salesdetai0_.sdordocty as sdordoc57_37_0_, salesdetai0_.sdprid as sdprid58_37_0_, salesdetai0_.sdpyid as sdpyid59_37_0_, salesdetai0_.sdptc as sdptc60_37_0_, salesdetai0_.sdpqor as sdpqor61_37_0_, salesdetai0_.sduom1 as sduom62_37_0_, salesdetai0_.sdrbuid as sdrbuid63_37_0_, salesdetai0_.sdpjid as sdpjid64_37_0_, salesdetai0_.sdpddt as sdpddt65_37_0_, salesdetai0_.sdqty as sdqty66_37_0_, salesdetai0_.sdstid as sdstid67_37_0_, salesdetai0_.sdvr04 as sdvr68_37_0_, salesdetai0_.sdvr01 as sdvr69_37_0_, salesdetai0_.sdvr03 as sdvr70_37_0_, salesdetai0_.sdvr05 as sdvr71_37_0_, salesdetai0_.sdvr02 as sdvr72_37_0_, salesdetai0_.sdrldocno as sdrldoc73_37_0_, salesdetai0_.sdrldocsq as sdrldoc74_37_0_, salesdetai0_.sdrldocty as sdrldoc75_37_0_, salesdetai0_.sdrqdt as sdrqdt76_37_0_, salesdetai0_.sdqtyrn as sdqtyrn77_37_0_, salesdetai0_.sdso03 as sdso78_37_0_, salesdetai0_.sdso01 as sdso79_37_0_, salesdetai0_.sdso02 as sdso80_37_0_, salesdetai0_.sdslid as sdslid81_37_0_, salesdetai0_.sdsqor as sdsqor82_37_0_, salesdetai0_.sduom2 as sduom83_37_0_, salesdetai0_.sdsnlot as sdsnlot84_37_0_, salesdetai0_.sdslrc1 as sdslrc85_37_0_, salesdetai0_.sdqtysh as sdqtysh86_37_0_, salesdetai0_.sdtaxal as sdtaxal87_37_0_, salesdetai0_.sdtaxam as sdtaxam88_37_0_, salesdetai0_.sdtaxab as sdtaxab89_37_0_, salesdetai0_.sdtaxcd as sdtaxcd90_37_0_, salesdetai0_.sdtaxrt as sdtaxrt91_37_0_, salesdetai0_.sdcrct as sdcrct92_37_0_, salesdetai0_.sditc03 as sditc93_37_0_, salesdetai0_.sducf as sducf94_37_0_, salesdetai0_.sduncost as sduncos95_37_0_, salesdetai0_.sdudc as sdudc96_37_0_, salesdetai0_.sdudf as sdudf97_37_0_, salesdetai0_.sduom as sduom98_37_0_, salesdetai0_.sdunprice as sdunpri99_37_0_, salesdetai0_.sdurnb1 as sdurnb100_37_0_, salesdetai0_.sdurnb2 as sdurnb101_37_0_, salesdetai0_.sdvhrn as sdvhrn102_37_0_, salesdetai0_.sdvhty as sdvhty103_37_0_, salesdetai0_.sdqtyvl as sdqtyv104_37_0_, salesdetai0_.sduomv as sduomv105_37_0_, salesdetai0_.sdqtywt as sdqtyw106_37_0_, salesdetai0_.sduomw as sduomw107_37_0_, salesorder1_.shcoid as shcoid1_36_1_, salesorder1_.shdocono as shdocono2_36_1_, salesorder1_.shdocoty as shdocoty3_36_1_, salesorder1_.shcid as shcid4_36_1_, salesorder1_.shdtin as shdtin5_36_1_, salesorder1_.shtmin as shtmin6_36_1_, salesorder1_.shuid as shuid7_36_1_, salesorder1_.shdtlu as shdtlu8_36_1_, salesorder1_.shtmlu as shtmlu9_36_1_, salesorder1_.shuidm as shuidm10_36_1_, salesorder1_.shata as shata11_36_1_, salesorder1_.shatd as shatd12_36_1_, salesorder1_.shcrcb as shcrcb13_36_1_, salesorder1_.shbuid as shbuid14_36_1_, salesorder1_.shcldt as shcldt15_36_1_, salesorder1_.shcot as shcot16_36_1_, salesorder1_.shcsid as shcsid17_36_1_, salesorder1_.shcsdocdt as shcsdoc18_36_1_, salesorder1_.shcsdocno as shcsdoc19_36_1_, salesorder1_.shdod as shdod20_36_1_, salesorder1_.shdol as shdol21_36_1_, salesorder1_.shdou as shdou22_36_1_, salesorder1_.shdldt as shdldt23_36_1_, salesorder1_.shdesb1 as shdesb24_36_1_, salesorder1_.shdccd as shdccd25_36_1_, salesorder1_.shdcrt as shdcrt26_36_1_, salesorder1_.sheta as sheta27_36_1_, salesorder1_.shetd as shetd28_36_1_, salesorder1_.shexcrt as shexcrt29_36_1_, salesorder1_.shexid as shexid30_36_1_, salesorder1_.shead as shead31_36_1_, salesorder1_.shean as shean32_36_1_, salesorder1_.shedd as shedd33_36_1_, salesorder1_.shedn as shedn34_36_1_, salesorder1_.shfbd as shfbd35_36_1_, salesorder1_.shfbn as shfbn36_36_1_, salesorder1_.shfhc as shfhc37_36_1_, salesorder1_.shgldt as shgldt38_36_1_, salesorder1_.shgscrt as shgscrt39_36_1_, salesorder1_.shhcod as shhcod40_36_1_, salesorder1_.shlst as shlst41_36_1_, salesorder1_.shnst as shnst42_36_1_, salesorder1_.shobid as shobid43_36_1_, salesorder1_.shordt as shordt44_36_1_, salesorder1_.shordocdt as shordoc45_36_1_, salesorder1_.shordocno as shordoc46_36_1_, salesorder1_.shprid as shprid47_36_1_, salesorder1_.shpyid as shpyid48_36_1_, salesorder1_.shptc as shptc49_36_1_, salesorder1_.shpoa as shpoa50_36_1_, salesorder1_.shpod as shpod51_36_1_, salesorder1_.shrbuid as shrbuid52_36_1_, salesorder1_.shpjid as shpjid53_36_1_, salesorder1_.shpddt as shpddt54_36_1_, salesorder1_.shstid as shstid55_36_1_, salesorder1_.shrqdt as shrqdt56_36_1_, salesorder1_.shslid as shslid57_36_1_, salesorder1_.shshcn as shshcn58_36_1_, salesorder1_.shshmt as shshmt59_36_1_, salesorder1_.shtagid as shtagid60_36_1_, salesorder1_.shtaxal as shtaxal61_36_1_, salesorder1_.shtaxcd as shtaxcd62_36_1_, salesorder1_.shtaxrt as shtaxrt63_36_1_, salesorder1_.shcrct as shcrct64_36_1_, salesorder1_.shurdt1 as shurdt65_36_1_, salesorder1_.shurdt2 as shurdt66_36_1_ from t4211 salesdetai0_ inner join t4201 salesorder1_ on salesdetai0_.sdcoid=salesorder1_.shcoid and salesdetai0_.sddocono=salesorder1_.shdocono and salesdetai0_.sddocoty=salesorder1_.shdocoty where salesdetai0_.sdcoid=? and salesdetai0_.sddocono=? and salesdetai0_.sddocosq=? and salesdetai0_.sddocoty=?
Hibernate: select serialnumb0_.coid as coid1_43_0_, serialnumb0_.docno as docno2_43_0_, serialnumb0_.docty as docty3_43_0_, serialnumb0_.docsq as docsq4_43_0_, serialnumb0_.buid as buid5_43_0_, serialnumb0_.inum as inum6_43_0_, serialnumb0_.snlot as snlot7_43_0_, lotmaster1_.ltbuid as ltbuid1_34_1_, lotmaster1_.ltinum as ltinum2_34_1_, lotmaster1_.ltsnlot as ltsnlot3_34_1_, lotmaster1_.ltcid as ltcid4_34_1_, lotmaster1_.ltdtin as ltdtin5_34_1_, lotmaster1_.lttmin as lttmin6_34_1_, lotmaster1_.ltuid as ltuid7_34_1_, lotmaster1_.ltdtlu as ltdtlu8_34_1_, lotmaster1_.lttmlu as lttmlu9_34_1_, lotmaster1_.ltuidm as ltuidm10_34_1_, lotmaster1_.ltbodt as ltbodt11_34_1_, lotmaster1_.ltbbdt as ltbbdt12_34_1_, lotmaster1_.ltcldt as ltcldt13_34_1_, lotmaster1_.ltexpdt as ltexpdt14_34_1_, lotmaster1_.ltldsc as ltldsc15_34_1_, lotmaster1_.ltledt as ltledt16_34_1_, lotmaster1_.ltlsc as ltlsc17_34_1_, lotmaster1_.ltmlot1 as ltmlot18_34_1_, lotmaster1_.ltmlot2 as ltmlot19_34_1_, lotmaster1_.ltmlot3 as ltmlot20_34_1_, lotmaster1_.ltohdt as ltohdt21_34_1_, lotmaster1_.ltsern as ltsern22_34_1_ from transaction_serialnumbers serialnumb0_ inner join t4108 lotmaster1_ on serialnumb0_.buid=lotmaster1_.ltbuid and serialnumb0_.inum=lotmaster1_.ltinum and serialnumb0_.snlot=lotmaster1_.ltsnlot where serialnumb0_.coid=? and serialnumb0_.docno=? and serialnumb0_.docty=? and serialnumb0_.docsq=?
Hibernate: select salesdetai0_.sdcoid as sdcoid1_37_0_, salesdetai0_.sddocono as sddocono2_37_0_, salesdetai0_.sddocosq as sddocosq3_37_0_, salesdetai0_.sddocoty as sddocoty4_37_0_, salesdetai0_.sdcid as sdcid5_37_0_, salesdetai0_.sddtin as sddtin6_37_0_, salesdetai0_.sdtmin as sdtmin7_37_0_, salesdetai0_.sduid as sduid8_37_0_, salesdetai0_.sddtlu as sddtlu9_37_0_, salesdetai0_.sdtmlu as sdtmlu10_37_0_, salesdetai0_.sduidm as sduidm11_37_0_, salesdetai0_.sdacid as sdacid12_37_0_, salesdetai0_.sdcrcb as sdcrcb13_37_0_, salesdetai0_.sditc02 as sditc14_37_0_, salesdetai0_.sdbuid as sdbuid15_37_0_, salesdetai0_.sdqtycl as sdqtycl16_37_0_, salesdetai0_.sditc01 as sditc17_37_0_, salesdetai0_.sdcldt as sdcldt18_37_0_, salesdetai0_.sdcnid as sdcnid19_37_0_, salesdetai0_.sdcsid as sdcsid20_37_0_, salesdetai0_.sddldt as sddldt21_37_0_, salesdetai0_.sddccd as sddccd22_37_0_, salesdetai0_.sddcrt as sddcrt23_37_0_, salesdetai0_.sdexcrt as sdexcrt24_37_0_, salesdetai0_.sdexid as sdexid25_37_0_, salesdetai0_.sdexcost as sdexcos26_37_0_, salesdetai0_.sdexprice as sdexpri27_37_0_, salesdetai0_.sdqtyx as sdqtyx28_37_0_, salesdetai0_.sducfx as sducfx29_37_0_, salesdetai0_.sduomx as sduomx30_37_0_, salesdetai0_.sdunpricex as sdunpri31_37_0_, salesdetai0_.sdfep as sdfep32_37_0_, salesdetai0_.sdfta as sdfta33_37_0_, salesdetai0_.sdftb as sdftb34_37_0_, salesdetai0_.sdfup as sdfup35_37_0_, salesdetai0_.sdglcls as sdglcls36_37_0_, salesdetai0_.sdgldt as sdgldt37_37_0_, salesdetai0_.sdgscrt as sdgscrt38_37_0_, salesdetai0_.sdhcod as sdhcod39_37_0_, salesdetai0_.sdir02 as sdir40_37_0_, salesdetai0_.sdir01 as sdir41_37_0_, salesdetai0_.sdir03 as sdir42_37_0_, salesdetai0_.sdinum as sdinum43_37_0_, salesdetai0_.sddesb1 as sddesb44_37_0_, salesdetai0_.sditc05 as sditc45_37_0_, salesdetai0_.sdlst as sdlst46_37_0_, salesdetai0_.sdlnty as sdlnty47_37_0_, salesdetai0_.sdlocid as sdlocid48_37_0_, salesdetai0_.sdnst as sdnst49_37_0_, salesdetai0_.sdobid as sdobid50_37_0_, salesdetai0_.sdqtyop as sdqtyop51_37_0_, salesdetai0_.sdordt as sdordt52_37_0_, salesdetai0_.sdott as sdott53_37_0_, salesdetai0_.sdordocdt as sdordoc54_37_0_, salesdetai0_.sdordocno as sdordoc55_37_0_, salesdetai0_.sdordocsq as sdordoc56_37_0_, salesdetai0_.sdordocty as sdordoc57_37_0_, salesdetai0_.sdprid as sdprid58_37_0_, salesdetai0_.sdpyid as sdpyid59_37_0_, salesdetai0_.sdptc as sdptc60_37_0_, salesdetai0_.sdpqor as sdpqor61_37_0_, salesdetai0_.sduom1 as sduom62_37_0_, salesdetai0_.sdrbuid as sdrbuid63_37_0_, salesdetai0_.sdpjid as sdpjid64_37_0_, salesdetai0_.sdpddt as sdpddt65_37_0_, salesdetai0_.sdqty as sdqty66_37_0_, salesdetai0_.sdstid as sdstid67_37_0_, salesdetai0_.sdvr04 as sdvr68_37_0_, salesdetai0_.sdvr01 as sdvr69_37_0_, salesdetai0_.sdvr03 as sdvr70_37_0_, salesdetai0_.sdvr05 as sdvr71_37_0_, salesdetai0_.sdvr02 as sdvr72_37_0_, salesdetai0_.sdrldocno as sdrldoc73_37_0_, salesdetai0_.sdrldocsq as sdrldoc74_37_0_, salesdetai0_.sdrldocty as sdrldoc75_37_0_, salesdetai0_.sdrqdt as sdrqdt76_37_0_, salesdetai0_.sdqtyrn as sdqtyrn77_37_0_, salesdetai0_.sdso03 as sdso78_37_0_, salesdetai0_.sdso01 as sdso79_37_0_, salesdetai0_.sdso02 as sdso80_37_0_, salesdetai0_.sdslid as sdslid81_37_0_, salesdetai0_.sdsqor as sdsqor82_37_0_, salesdetai0_.sduom2 as sduom83_37_0_, salesdetai0_.sdsnlot as sdsnlot84_37_0_, salesdetai0_.sdslrc1 as sdslrc85_37_0_, salesdetai0_.sdqtysh as sdqtysh86_37_0_, salesdetai0_.sdtaxal as sdtaxal87_37_0_, salesdetai0_.sdtaxam as sdtaxam88_37_0_, salesdetai0_.sdtaxab as sdtaxab89_37_0_, salesdetai0_.sdtaxcd as sdtaxcd90_37_0_, salesdetai0_.sdtaxrt as sdtaxrt91_37_0_, salesdetai0_.sdcrct as sdcrct92_37_0_, salesdetai0_.sditc03 as sditc93_37_0_, salesdetai0_.sducf as sducf94_37_0_, salesdetai0_.sduncost as sduncos95_37_0_, salesdetai0_.sdudc as sdudc96_37_0_, salesdetai0_.sdudf as sdudf97_37_0_, salesdetai0_.sduom as sduom98_37_0_, salesdetai0_.sdunprice as sdunpri99_37_0_, salesdetai0_.sdurnb1 as sdurnb100_37_0_, salesdetai0_.sdurnb2 as sdurnb101_37_0_, salesdetai0_.sdvhrn as sdvhrn102_37_0_, salesdetai0_.sdvhty as sdvhty103_37_0_, salesdetai0_.sdqtyvl as sdqtyv104_37_0_, salesdetai0_.sduomv as sduomv105_37_0_, salesdetai0_.sdqtywt as sdqtyw106_37_0_, salesdetai0_.sduomw as sduomw107_37_0_, salesorder1_.shcoid as shcoid1_36_1_, salesorder1_.shdocono as shdocono2_36_1_, salesorder1_.shdocoty as shdocoty3_36_1_, salesorder1_.shcid as shcid4_36_1_, salesorder1_.shdtin as shdtin5_36_1_, salesorder1_.shtmin as shtmin6_36_1_, salesorder1_.shuid as shuid7_36_1_, salesorder1_.shdtlu as shdtlu8_36_1_, salesorder1_.shtmlu as shtmlu9_36_1_, salesorder1_.shuidm as shuidm10_36_1_, salesorder1_.shata as shata11_36_1_, salesorder1_.shatd as shatd12_36_1_, salesorder1_.shcrcb as shcrcb13_36_1_, salesorder1_.shbuid as shbuid14_36_1_, salesorder1_.shcldt as shcldt15_36_1_, salesorder1_.shcot as shcot16_36_1_, salesorder1_.shcsid as shcsid17_36_1_, salesorder1_.shcsdocdt as shcsdoc18_36_1_, salesorder1_.shcsdocno as shcsdoc19_36_1_, salesorder1_.shdod as shdod20_36_1_, salesorder1_.shdol as shdol21_36_1_, salesorder1_.shdou as shdou22_36_1_, salesorder1_.shdldt as shdldt23_36_1_, salesorder1_.shdesb1 as shdesb24_36_1_, salesorder1_.shdccd as shdccd25_36_1_, salesorder1_.shdcrt as shdcrt26_36_1_, salesorder1_.sheta as sheta27_36_1_, salesorder1_.shetd as shetd28_36_1_, salesorder1_.shexcrt as shexcrt29_36_1_, salesorder1_.shexid as shexid30_36_1_, salesorder1_.shead as shead31_36_1_, salesorder1_.shean as shean32_36_1_, salesorder1_.shedd as shedd33_36_1_, salesorder1_.shedn as shedn34_36_1_, salesorder1_.shfbd as shfbd35_36_1_, salesorder1_.shfbn as shfbn36_36_1_, salesorder1_.shfhc as shfhc37_36_1_, salesorder1_.shgldt as shgldt38_36_1_, salesorder1_.shgscrt as shgscrt39_36_1_, salesorder1_.shhcod as shhcod40_36_1_, salesorder1_.shlst as shlst41_36_1_, salesorder1_.shnst as shnst42_36_1_, salesorder1_.shobid as shobid43_36_1_, salesorder1_.shordt as shordt44_36_1_, salesorder1_.shordocdt as shordoc45_36_1_, salesorder1_.shordocno as shordoc46_36_1_, salesorder1_.shprid as shprid47_36_1_, salesorder1_.shpyid as shpyid48_36_1_, salesorder1_.shptc as shptc49_36_1_, salesorder1_.shpoa as shpoa50_36_1_, salesorder1_.shpod as shpod51_36_1_, salesorder1_.shrbuid as shrbuid52_36_1_, salesorder1_.shpjid as shpjid53_36_1_, salesorder1_.shpddt as shpddt54_36_1_, salesorder1_.shstid as shstid55_36_1_, salesorder1_.shrqdt as shrqdt56_36_1_, salesorder1_.shslid as shslid57_36_1_, salesorder1_.shshcn as shshcn58_36_1_, salesorder1_.shshmt as shshmt59_36_1_, salesorder1_.shtagid as shtagid60_36_1_, salesorder1_.shtaxal as shtaxal61_36_1_, salesorder1_.shtaxcd as shtaxcd62_36_1_, salesorder1_.shtaxrt as shtaxrt63_36_1_, salesorder1_.shcrct as shcrct64_36_1_, salesorder1_.shurdt1 as shurdt65_36_1_, salesorder1_.shurdt2 as shurdt66_36_1_ from t4211 salesdetai0_ inner join t4201 salesorder1_ on salesdetai0_.sdcoid=salesorder1_.shcoid and salesdetai0_.sddocono=salesorder1_.shdocono and salesdetai0_.sddocoty=salesorder1_.shdocoty where salesdetai0_.sdcoid=? and salesdetai0_.sddocono=? and salesdetai0_.sddocosq=? and salesdetai0_.sddocoty=?
Hibernate: select serialnumb0_.coid as coid1_43_0_, serialnumb0_.docno as docno2_43_0_, serialnumb0_.docty as docty3_43_0_, serialnumb0_.docsq as docsq4_43_0_, serialnumb0_.buid as buid5_43_0_, serialnumb0_.inum as inum6_43_0_, serialnumb0_.snlot as snlot7_43_0_, lotmaster1_.ltbuid as ltbuid1_34_1_, lotmaster1_.ltinum as ltinum2_34_1_, lotmaster1_.ltsnlot as ltsnlot3_34_1_, lotmaster1_.ltcid as ltcid4_34_1_, lotmaster1_.ltdtin as ltdtin5_34_1_, lotmaster1_.lttmin as lttmin6_34_1_, lotmaster1_.ltuid as ltuid7_34_1_, lotmaster1_.ltdtlu as ltdtlu8_34_1_, lotmaster1_.lttmlu as lttmlu9_34_1_, lotmaster1_.ltuidm as ltuidm10_34_1_, lotmaster1_.ltbodt as ltbodt11_34_1_, lotmaster1_.ltbbdt as ltbbdt12_34_1_, lotmaster1_.ltcldt as ltcldt13_34_1_, lotmaster1_.ltexpdt as ltexpdt14_34_1_, lotmaster1_.ltldsc as ltldsc15_34_1_, lotmaster1_.ltledt as ltledt16_34_1_, lotmaster1_.ltlsc as ltlsc17_34_1_, lotmaster1_.ltmlot1 as ltmlot18_34_1_, lotmaster1_.ltmlot2 as ltmlot19_34_1_, lotmaster1_.ltmlot3 as ltmlot20_34_1_, lotmaster1_.ltohdt as ltohdt21_34_1_, lotmaster1_.ltsern as ltsern22_34_1_ from transaction_serialnumbers serialnumb0_ inner join t4108 lotmaster1_ on serialnumb0_.buid=lotmaster1_.ltbuid and serialnumb0_.inum=lotmaster1_.ltinum and serialnumb0_.snlot=lotmaster1_.ltsnlot where serialnumb0_.coid=? and serialnumb0_.docno=? and serialnumb0_.docty=? and serialnumb0_.docsq=?
Hibernate: select salesdetai0_.sdcoid as sdcoid1_37_0_, salesdetai0_.sddocono as sddocono2_37_0_, salesdetai0_.sddocosq as sddocosq3_37_0_, salesdetai0_.sddocoty as sddocoty4_37_0_, salesdetai0_.sdcid as sdcid5_37_0_, salesdetai0_.sddtin as sddtin6_37_0_, salesdetai0_.sdtmin as sdtmin7_37_0_, salesdetai0_.sduid as sduid8_37_0_, salesdetai0_.sddtlu as sddtlu9_37_0_, salesdetai0_.sdtmlu as sdtmlu10_37_0_, salesdetai0_.sduidm as sduidm11_37_0_, salesdetai0_.sdacid as sdacid12_37_0_, salesdetai0_.sdcrcb as sdcrcb13_37_0_, salesdetai0_.sditc02 as sditc14_37_0_, salesdetai0_.sdbuid as sdbuid15_37_0_, salesdetai0_.sdqtycl as sdqtycl16_37_0_, salesdetai0_.sditc01 as sditc17_37_0_, salesdetai0_.sdcldt as sdcldt18_37_0_, salesdetai0_.sdcnid as sdcnid19_37_0_, salesdetai0_.sdcsid as sdcsid20_37_0_, salesdetai0_.sddldt as sddldt21_37_0_, salesdetai0_.sddccd as sddccd22_37_0_, salesdetai0_.sddcrt as sddcrt23_37_0_, salesdetai0_.sdexcrt as sdexcrt24_37_0_, salesdetai0_.sdexid as sdexid25_37_0_, salesdetai0_.sdexcost as sdexcos26_37_0_, salesdetai0_.sdexprice as sdexpri27_37_0_, salesdetai0_.sdqtyx as sdqtyx28_37_0_, salesdetai0_.sducfx as sducfx29_37_0_, salesdetai0_.sduomx as sduomx30_37_0_, salesdetai0_.sdunpricex as sdunpri31_37_0_, salesdetai0_.sdfep as sdfep32_37_0_, salesdetai0_.sdfta as sdfta33_37_0_, salesdetai0_.sdftb as sdftb34_37_0_, salesdetai0_.sdfup as sdfup35_37_0_, salesdetai0_.sdglcls as sdglcls36_37_0_, salesdetai0_.sdgldt as sdgldt37_37_0_, salesdetai0_.sdgscrt as sdgscrt38_37_0_, salesdetai0_.sdhcod as sdhcod39_37_0_, salesdetai0_.sdir02 as sdir40_37_0_, salesdetai0_.sdir01 as sdir41_37_0_, salesdetai0_.sdir03 as sdir42_37_0_, salesdetai0_.sdinum as sdinum43_37_0_, salesdetai0_.sddesb1 as sddesb44_37_0_, salesdetai0_.sditc05 as sditc45_37_0_, salesdetai0_.sdlst as sdlst46_37_0_, salesdetai0_.sdlnty as sdlnty47_37_0_, salesdetai0_.sdlocid as sdlocid48_37_0_, salesdetai0_.sdnst as sdnst49_37_0_, salesdetai0_.sdobid as sdobid50_37_0_, salesdetai0_.sdqtyop as sdqtyop51_37_0_, salesdetai0_.sdordt as sdordt52_37_0_, salesdetai0_.sdott as sdott53_37_0_, salesdetai0_.sdordocdt as sdordoc54_37_0_, salesdetai0_.sdordocno as sdordoc55_37_0_, salesdetai0_.sdordocsq as sdordoc56_37_0_, salesdetai0_.sdordocty as sdordoc57_37_0_, salesdetai0_.sdprid as sdprid58_37_0_, salesdetai0_.sdpyid as sdpyid59_37_0_, salesdetai0_.sdptc as sdptc60_37_0_, salesdetai0_.sdpqor as sdpqor61_37_0_, salesdetai0_.sduom1 as sduom62_37_0_, salesdetai0_.sdrbuid as sdrbuid63_37_0_, salesdetai0_.sdpjid as sdpjid64_37_0_, salesdetai0_.sdpddt as sdpddt65_37_0_, salesdetai0_.sdqty as sdqty66_37_0_, salesdetai0_.sdstid as sdstid67_37_0_, salesdetai0_.sdvr04 as sdvr68_37_0_, salesdetai0_.sdvr01 as sdvr69_37_0_, salesdetai0_.sdvr03 as sdvr70_37_0_, salesdetai0_.sdvr05 as sdvr71_37_0_, salesdetai0_.sdvr02 as sdvr72_37_0_, salesdetai0_.sdrldocno as sdrldoc73_37_0_, salesdetai0_.sdrldocsq as sdrldoc74_37_0_, salesdetai0_.sdrldocty as sdrldoc75_37_0_, salesdetai0_.sdrqdt as sdrqdt76_37_0_, salesdetai0_.sdqtyrn as sdqtyrn77_37_0_, salesdetai0_.sdso03 as sdso78_37_0_, salesdetai0_.sdso01 as sdso79_37_0_, salesdetai0_.sdso02 as sdso80_37_0_, salesdetai0_.sdslid as sdslid81_37_0_, salesdetai0_.sdsqor as sdsqor82_37_0_, salesdetai0_.sduom2 as sduom83_37_0_, salesdetai0_.sdsnlot as sdsnlot84_37_0_, salesdetai0_.sdslrc1 as sdslrc85_37_0_, salesdetai0_.sdqtysh as sdqtysh86_37_0_, salesdetai0_.sdtaxal as sdtaxal87_37_0_, salesdetai0_.sdtaxam as sdtaxam88_37_0_, salesdetai0_.sdtaxab as sdtaxab89_37_0_, salesdetai0_.sdtaxcd as sdtaxcd90_37_0_, salesdetai0_.sdtaxrt as sdtaxrt91_37_0_, salesdetai0_.sdcrct as sdcrct92_37_0_, salesdetai0_.sditc03 as sditc93_37_0_, salesdetai0_.sducf as sducf94_37_0_, salesdetai0_.sduncost as sduncos95_37_0_, salesdetai0_.sdudc as sdudc96_37_0_, salesdetai0_.sdudf as sdudf97_37_0_, salesdetai0_.sduom as sduom98_37_0_, salesdetai0_.sdunprice as sdunpri99_37_0_, salesdetai0_.sdurnb1 as sdurnb100_37_0_, salesdetai0_.sdurnb2 as sdurnb101_37_0_, salesdetai0_.sdvhrn as sdvhrn102_37_0_, salesdetai0_.sdvhty as sdvhty103_37_0_, salesdetai0_.sdqtyvl as sdqtyv104_37_0_, salesdetai0_.sduomv as sduomv105_37_0_, salesdetai0_.sdqtywt as sdqtyw106_37_0_, salesdetai0_.sduomw as sduomw107_37_0_, salesorder1_.shcoid as shcoid1_36_1_, salesorder1_.shdocono as shdocono2_36_1_, salesorder1_.shdocoty as shdocoty3_36_1_, salesorder1_.shcid as shcid4_36_1_, salesorder1_.shdtin as shdtin5_36_1_, salesorder1_.shtmin as shtmin6_36_1_, salesorder1_.shuid as shuid7_36_1_, salesorder1_.shdtlu as shdtlu8_36_1_, salesorder1_.shtmlu as shtmlu9_36_1_, salesorder1_.shuidm as shuidm10_36_1_, salesorder1_.shata as shata11_36_1_, salesorder1_.shatd as shatd12_36_1_, salesorder1_.shcrcb as shcrcb13_36_1_, salesorder1_.shbuid as shbuid14_36_1_, salesorder1_.shcldt as shcldt15_36_1_, salesorder1_.shcot as shcot16_36_1_, salesorder1_.shcsid as shcsid17_36_1_, salesorder1_.shcsdocdt as shcsdoc18_36_1_, salesorder1_.shcsdocno as shcsdoc19_36_1_, salesorder1_.shdod as shdod20_36_1_, salesorder1_.shdol as shdol21_36_1_, salesorder1_.shdou as shdou22_36_1_, salesorder1_.shdldt as shdldt23_36_1_, salesorder1_.shdesb1 as shdesb24_36_1_, salesorder1_.shdccd as shdccd25_36_1_, salesorder1_.shdcrt as shdcrt26_36_1_, salesorder1_.sheta as sheta27_36_1_, salesorder1_.shetd as shetd28_36_1_, salesorder1_.shexcrt as shexcrt29_36_1_, salesorder1_.shexid as shexid30_36_1_, salesorder1_.shead as shead31_36_1_, salesorder1_.shean as shean32_36_1_, salesorder1_.shedd as shedd33_36_1_, salesorder1_.shedn as shedn34_36_1_, salesorder1_.shfbd as shfbd35_36_1_, salesorder1_.shfbn as shfbn36_36_1_, salesorder1_.shfhc as shfhc37_36_1_, salesorder1_.shgldt as shgldt38_36_1_, salesorder1_.shgscrt as shgscrt39_36_1_, salesorder1_.shhcod as shhcod40_36_1_, salesorder1_.shlst as shlst41_36_1_, salesorder1_.shnst as shnst42_36_1_, salesorder1_.shobid as shobid43_36_1_, salesorder1_.shordt as shordt44_36_1_, salesorder1_.shordocdt as shordoc45_36_1_, salesorder1_.shordocno as shordoc46_36_1_, salesorder1_.shprid as shprid47_36_1_, salesorder1_.shpyid as shpyid48_36_1_, salesorder1_.shptc as shptc49_36_1_, salesorder1_.shpoa as shpoa50_36_1_, salesorder1_.shpod as shpod51_36_1_, salesorder1_.shrbuid as shrbuid52_36_1_, salesorder1_.shpjid as shpjid53_36_1_, salesorder1_.shpddt as shpddt54_36_1_, salesorder1_.shstid as shstid55_36_1_, salesorder1_.shrqdt as shrqdt56_36_1_, salesorder1_.shslid as shslid57_36_1_, salesorder1_.shshcn as shshcn58_36_1_, salesorder1_.shshmt as shshmt59_36_1_, salesorder1_.shtagid as shtagid60_36_1_, salesorder1_.shtaxal as shtaxal61_36_1_, salesorder1_.shtaxcd as shtaxcd62_36_1_, salesorder1_.shtaxrt as shtaxrt63_36_1_, salesorder1_.shcrct as shcrct64_36_1_, salesorder1_.shurdt1 as shurdt65_36_1_, salesorder1_.shurdt2 as shurdt66_36_1_ from t4211 salesdetai0_ inner join t4201 salesorder1_ on salesdetai0_.sdcoid=salesorder1_.shcoid and salesdetai0_.sddocono=salesorder1_.shdocono and salesdetai0_.sddocoty=salesorder1_.shdocoty where salesdetai0_.sdcoid=? and salesdetai0_.sddocono=? and salesdetai0_.sddocosq=? and salesdetai0_.sddocoty=?
Hibernate: select serialnumb0_.coid as coid1_43_0_, serialnumb0_.docno as docno2_43_0_, serialnumb0_.docty as docty3_43_0_, serialnumb0_.docsq as docsq4_43_0_, serialnumb0_.buid as buid5_43_0_, serialnumb0_.inum as inum6_43_0_, serialnumb0_.snlot as snlot7_43_0_, lotmaster1_.ltbuid as ltbuid1_34_1_, lotmaster1_.ltinum as ltinum2_34_1_, lotmaster1_.ltsnlot as ltsnlot3_34_1_, lotmaster1_.ltcid as ltcid4_34_1_, lotmaster1_.ltdtin as ltdtin5_34_1_, lotmaster1_.lttmin as lttmin6_34_1_, lotmaster1_.ltuid as ltuid7_34_1_, lotmaster1_.ltdtlu as ltdtlu8_34_1_, lotmaster1_.lttmlu as lttmlu9_34_1_, lotmaster1_.ltuidm as ltuidm10_34_1_, lotmaster1_.ltbodt as ltbodt11_34_1_, lotmaster1_.ltbbdt as ltbbdt12_34_1_, lotmaster1_.ltcldt as ltcldt13_34_1_, lotmaster1_.ltexpdt as ltexpdt14_34_1_, lotmaster1_.ltldsc as ltldsc15_34_1_, lotmaster1_.ltledt as ltledt16_34_1_, lotmaster1_.ltlsc as ltlsc17_34_1_, lotmaster1_.ltmlot1 as ltmlot18_34_1_, lotmaster1_.ltmlot2 as ltmlot19_34_1_, lotmaster1_.ltmlot3 as ltmlot20_34_1_, lotmaster1_.ltohdt as ltohdt21_34_1_, lotmaster1_.ltsern as ltsern22_34_1_ from transaction_serialnumbers serialnumb0_ inner join t4108 lotmaster1_ on serialnumb0_.buid=lotmaster1_.ltbuid and serialnumb0_.inum=lotmaster1_.ltinum and serialnumb0_.snlot=lotmaster1_.ltsnlot where serialnumb0_.coid=? and serialnumb0_.docno=? and serialnumb0_.docty=? and serialnumb0_.docsq=?
Hibernate: select salesdetai0_.sdcoid as sdcoid1_37_0_, salesdetai0_.sddocono as sddocono2_37_0_, salesdetai0_.sddocosq as sddocosq3_37_0_, salesdetai0_.sddocoty as sddocoty4_37_0_, salesdetai0_.sdcid as sdcid5_37_0_, salesdetai0_.sddtin as sddtin6_37_0_, salesdetai0_.sdtmin as sdtmin7_37_0_, salesdetai0_.sduid as sduid8_37_0_, salesdetai0_.sddtlu as sddtlu9_37_0_, salesdetai0_.sdtmlu as sdtmlu10_37_0_, salesdetai0_.sduidm as sduidm11_37_0_, salesdetai0_.sdacid as sdacid12_37_0_, salesdetai0_.sdcrcb as sdcrcb13_37_0_, salesdetai0_.sditc02 as sditc14_37_0_, salesdetai0_.sdbuid as sdbuid15_37_0_, salesdetai0_.sdqtycl as sdqtycl16_37_0_, salesdetai0_.sditc01 as sditc17_37_0_, salesdetai0_.sdcldt as sdcldt18_37_0_, salesdetai0_.sdcnid as sdcnid19_37_0_, salesdetai0_.sdcsid as sdcsid20_37_0_, salesdetai0_.sddldt as sddldt21_37_0_, salesdetai0_.sddccd as sddccd22_37_0_, salesdetai0_.sddcrt as sddcrt23_37_0_, salesdetai0_.sdexcrt as sdexcrt24_37_0_, salesdetai0_.sdexid as sdexid25_37_0_, salesdetai0_.sdexcost as sdexcos26_37_0_, salesdetai0_.sdexprice as sdexpri27_37_0_, salesdetai0_.sdqtyx as sdqtyx28_37_0_, salesdetai0_.sducfx as sducfx29_37_0_, salesdetai0_.sduomx as sduomx30_37_0_, salesdetai0_.sdunpricex as sdunpri31_37_0_, salesdetai0_.sdfep as sdfep32_37_0_, salesdetai0_.sdfta as sdfta33_37_0_, salesdetai0_.sdftb as sdftb34_37_0_, salesdetai0_.sdfup as sdfup35_37_0_, salesdetai0_.sdglcls as sdglcls36_37_0_, salesdetai0_.sdgldt as sdgldt37_37_0_, salesdetai0_.sdgscrt as sdgscrt38_37_0_, salesdetai0_.sdhcod as sdhcod39_37_0_, salesdetai0_.sdir02 as sdir40_37_0_, salesdetai0_.sdir01 as sdir41_37_0_, salesdetai0_.sdir03 as sdir42_37_0_, salesdetai0_.sdinum as sdinum43_37_0_, salesdetai0_.sddesb1 as sddesb44_37_0_, salesdetai0_.sditc05 as sditc45_37_0_, salesdetai0_.sdlst as sdlst46_37_0_, salesdetai0_.sdlnty as sdlnty47_37_0_, salesdetai0_.sdlocid as sdlocid48_37_0_, salesdetai0_.sdnst as sdnst49_37_0_, salesdetai0_.sdobid as sdobid50_37_0_, salesdetai0_.sdqtyop as sdqtyop51_37_0_, salesdetai0_.sdordt as sdordt52_37_0_, salesdetai0_.sdott as sdott53_37_0_, salesdetai0_.sdordocdt as sdordoc54_37_0_, salesdetai0_.sdordocno as sdordoc55_37_0_, salesdetai0_.sdordocsq as sdordoc56_37_0_, salesdetai0_.sdordocty as sdordoc57_37_0_, salesdetai0_.sdprid as sdprid58_37_0_, salesdetai0_.sdpyid as sdpyid59_37_0_, salesdetai0_.sdptc as sdptc60_37_0_, salesdetai0_.sdpqor as sdpqor61_37_0_, salesdetai0_.sduom1 as sduom62_37_0_, salesdetai0_.sdrbuid as sdrbuid63_37_0_, salesdetai0_.sdpjid as sdpjid64_37_0_, salesdetai0_.sdpddt as sdpddt65_37_0_, salesdetai0_.sdqty as sdqty66_37_0_, salesdetai0_.sdstid as sdstid67_37_0_, salesdetai0_.sdvr04 as sdvr68_37_0_, salesdetai0_.sdvr01 as sdvr69_37_0_, salesdetai0_.sdvr03 as sdvr70_37_0_, salesdetai0_.sdvr05 as sdvr71_37_0_, salesdetai0_.sdvr02 as sdvr72_37_0_, salesdetai0_.sdrldocno as sdrldoc73_37_0_, salesdetai0_.sdrldocsq as sdrldoc74_37_0_, salesdetai0_.sdrldocty as sdrldoc75_37_0_, salesdetai0_.sdrqdt as sdrqdt76_37_0_, salesdetai0_.sdqtyrn as sdqtyrn77_37_0_, salesdetai0_.sdso03 as sdso78_37_0_, salesdetai0_.sdso01 as sdso79_37_0_, salesdetai0_.sdso02 as sdso80_37_0_, salesdetai0_.sdslid as sdslid81_37_0_, salesdetai0_.sdsqor as sdsqor82_37_0_, salesdetai0_.sduom2 as sduom83_37_0_, salesdetai0_.sdsnlot as sdsnlot84_37_0_, salesdetai0_.sdslrc1 as sdslrc85_37_0_, salesdetai0_.sdqtysh as sdqtysh86_37_0_, salesdetai0_.sdtaxal as sdtaxal87_37_0_, salesdetai0_.sdtaxam as sdtaxam88_37_0_, salesdetai0_.sdtaxab as sdtaxab89_37_0_, salesdetai0_.sdtaxcd as sdtaxcd90_37_0_, salesdetai0_.sdtaxrt as sdtaxrt91_37_0_, salesdetai0_.sdcrct as sdcrct92_37_0_, salesdetai0_.sditc03 as sditc93_37_0_, salesdetai0_.sducf as sducf94_37_0_, salesdetai0_.sduncost as sduncos95_37_0_, salesdetai0_.sdudc as sdudc96_37_0_, salesdetai0_.sdudf as sdudf97_37_0_, salesdetai0_.sduom as sduom98_37_0_, salesdetai0_.sdunprice as sdunpri99_37_0_, salesdetai0_.sdurnb1 as sdurnb100_37_0_, salesdetai0_.sdurnb2 as sdurnb101_37_0_, salesdetai0_.sdvhrn as sdvhrn102_37_0_, salesdetai0_.sdvhty as sdvhty103_37_0_, salesdetai0_.sdqtyvl as sdqtyv104_37_0_, salesdetai0_.sduomv as sduomv105_37_0_, salesdetai0_.sdqtywt as sdqtyw106_37_0_, salesdetai0_.sduomw as sduomw107_37_0_, salesorder1_.shcoid as shcoid1_36_1_, salesorder1_.shdocono as shdocono2_36_1_, salesorder1_.shdocoty as shdocoty3_36_1_, salesorder1_.shcid as shcid4_36_1_, salesorder1_.shdtin as shdtin5_36_1_, salesorder1_.shtmin as shtmin6_36_1_, salesorder1_.shuid as shuid7_36_1_, salesorder1_.shdtlu as shdtlu8_36_1_, salesorder1_.shtmlu as shtmlu9_36_1_, salesorder1_.shuidm as shuidm10_36_1_, salesorder1_.shata as shata11_36_1_, salesorder1_.shatd as shatd12_36_1_, salesorder1_.shcrcb as shcrcb13_36_1_, salesorder1_.shbuid as shbuid14_36_1_, salesorder1_.shcldt as shcldt15_36_1_, salesorder1_.shcot as shcot16_36_1_, salesorder1_.shcsid as shcsid17_36_1_, salesorder1_.shcsdocdt as shcsdoc18_36_1_, salesorder1_.shcsdocno as shcsdoc19_36_1_, salesorder1_.shdod as shdod20_36_1_, salesorder1_.shdol as shdol21_36_1_, salesorder1_.shdou as shdou22_36_1_, salesorder1_.shdldt as shdldt23_36_1_, salesorder1_.shdesb1 as shdesb24_36_1_, salesorder1_.shdccd as shdccd25_36_1_, salesorder1_.shdcrt as shdcrt26_36_1_, salesorder1_.sheta as sheta27_36_1_, salesorder1_.shetd as shetd28_36_1_, salesorder1_.shexcrt as shexcrt29_36_1_, salesorder1_.shexid as shexid30_36_1_, salesorder1_.shead as shead31_36_1_, salesorder1_.shean as shean32_36_1_, salesorder1_.shedd as shedd33_36_1_, salesorder1_.shedn as shedn34_36_1_, salesorder1_.shfbd as shfbd35_36_1_, salesorder1_.shfbn as shfbn36_36_1_, salesorder1_.shfhc as shfhc37_36_1_, salesorder1_.shgldt as shgldt38_36_1_, salesorder1_.shgscrt as shgscrt39_36_1_, salesorder1_.shhcod as shhcod40_36_1_, salesorder1_.shlst as shlst41_36_1_, salesorder1_.shnst as shnst42_36_1_, salesorder1_.shobid as shobid43_36_1_, salesorder1_.shordt as shordt44_36_1_, salesorder1_.shordocdt as shordoc45_36_1_, salesorder1_.shordocno as shordoc46_36_1_, salesorder1_.shprid as shprid47_36_1_, salesorder1_.shpyid as shpyid48_36_1_, salesorder1_.shptc as shptc49_36_1_, salesorder1_.shpoa as shpoa50_36_1_, salesorder1_.shpod as shpod51_36_1_, salesorder1_.shrbuid as shrbuid52_36_1_, salesorder1_.shpjid as shpjid53_36_1_, salesorder1_.shpddt as shpddt54_36_1_, salesorder1_.shstid as shstid55_36_1_, salesorder1_.shrqdt as shrqdt56_36_1_, salesorder1_.shslid as shslid57_36_1_, salesorder1_.shshcn as shshcn58_36_1_, salesorder1_.shshmt as shshmt59_36_1_, salesorder1_.shtagid as shtagid60_36_1_, salesorder1_.shtaxal as shtaxal61_36_1_, salesorder1_.shtaxcd as shtaxcd62_36_1_, salesorder1_.shtaxrt as shtaxrt63_36_1_, salesorder1_.shcrct as shcrct64_36_1_, salesorder1_.shurdt1 as shurdt65_36_1_, salesorder1_.shurdt2 as shurdt66_36_1_ from t4211 salesdetai0_ inner join t4201 salesorder1_ on salesdetai0_.sdcoid=salesorder1_.shcoid and salesdetai0_.sddocono=salesorder1_.shdocono and salesdetai0_.sddocoty=salesorder1_.shdocoty where salesdetai0_.sdcoid=? and salesdetai0_.sddocono=? and salesdetai0_.sddocosq=? and salesdetai0_.sddocoty=?
Hibernate: select serialnumb0_.coid as coid1_43_0_, serialnumb0_.docno as docno2_43_0_, serialnumb0_.docty as docty3_43_0_, serialnumb0_.docsq as docsq4_43_0_, serialnumb0_.buid as buid5_43_0_, serialnumb0_.inum as inum6_43_0_, serialnumb0_.snlot as snlot7_43_0_, lotmaster1_.ltbuid as ltbuid1_34_1_, lotmaster1_.ltinum as ltinum2_34_1_, lotmaster1_.ltsnlot as ltsnlot3_34_1_, lotmaster1_.ltcid as ltcid4_34_1_, lotmaster1_.ltdtin as ltdtin5_34_1_, lotmaster1_.lttmin as lttmin6_34_1_, lotmaster1_.ltuid as ltuid7_34_1_, lotmaster1_.ltdtlu as ltdtlu8_34_1_, lotmaster1_.lttmlu as lttmlu9_34_1_, lotmaster1_.ltuidm as ltuidm10_34_1_, lotmaster1_.ltbodt as ltbodt11_34_1_, lotmaster1_.ltbbdt as ltbbdt12_34_1_, lotmaster1_.ltcldt as ltcldt13_34_1_, lotmaster1_.ltexpdt as ltexpdt14_34_1_, lotmaster1_.ltldsc as ltldsc15_34_1_, lotmaster1_.ltledt as ltledt16_34_1_, lotmaster1_.ltlsc as ltlsc17_34_1_, lotmaster1_.ltmlot1 as ltmlot18_34_1_, lotmaster1_.ltmlot2 as ltmlot19_34_1_, lotmaster1_.ltmlot3 as ltmlot20_34_1_, lotmaster1_.ltohdt as ltohdt21_34_1_, lotmaster1_.ltsern as ltsern22_34_1_ from transaction_serialnumbers serialnumb0_ inner join t4108 lotmaster1_ on serialnumb0_.buid=lotmaster1_.ltbuid and serialnumb0_.inum=lotmaster1_.ltinum and serialnumb0_.snlot=lotmaster1_.ltsnlot where serialnumb0_.coid=? and serialnumb0_.docno=? and serialnumb0_.docty=? and serialnumb0_.docsq=?
Hibernate: select salesdetai0_.sdcoid as sdcoid1_37_0_, salesdetai0_.sddocono as sddocono2_37_0_, salesdetai0_.sddocosq as sddocosq3_37_0_, salesdetai0_.sddocoty as sddocoty4_37_0_, salesdetai0_.sdcid as sdcid5_37_0_, salesdetai0_.sddtin as sddtin6_37_0_, salesdetai0_.sdtmin as sdtmin7_37_0_, salesdetai0_.sduid as sduid8_37_0_, salesdetai0_.sddtlu as sddtlu9_37_0_, salesdetai0_.sdtmlu as sdtmlu10_37_0_, salesdetai0_.sduidm as sduidm11_37_0_, salesdetai0_.sdacid as sdacid12_37_0_, salesdetai0_.sdcrcb as sdcrcb13_37_0_, salesdetai0_.sditc02 as sditc14_37_0_, salesdetai0_.sdbuid as sdbuid15_37_0_, salesdetai0_.sdqtycl as sdqtycl16_37_0_, salesdetai0_.sditc01 as sditc17_37_0_, salesdetai0_.sdcldt as sdcldt18_37_0_, salesdetai0_.sdcnid as sdcnid19_37_0_, salesdetai0_.sdcsid as sdcsid20_37_0_, salesdetai0_.sddldt as sddldt21_37_0_, salesdetai0_.sddccd as sddccd22_37_0_, salesdetai0_.sddcrt as sddcrt23_37_0_, salesdetai0_.sdexcrt as sdexcrt24_37_0_, salesdetai0_.sdexid as sdexid25_37_0_, salesdetai0_.sdexcost as sdexcos26_37_0_, salesdetai0_.sdexprice as sdexpri27_37_0_, salesdetai0_.sdqtyx as sdqtyx28_37_0_, salesdetai0_.sducfx as sducfx29_37_0_, salesdetai0_.sduomx as sduomx30_37_0_, salesdetai0_.sdunpricex as sdunpri31_37_0_, salesdetai0_.sdfep as sdfep32_37_0_, salesdetai0_.sdfta as sdfta33_37_0_, salesdetai0_.sdftb as sdftb34_37_0_, salesdetai0_.sdfup as sdfup35_37_0_, salesdetai0_.sdglcls as sdglcls36_37_0_, salesdetai0_.sdgldt as sdgldt37_37_0_, salesdetai0_.sdgscrt as sdgscrt38_37_0_, salesdetai0_.sdhcod as sdhcod39_37_0_, salesdetai0_.sdir02 as sdir40_37_0_, salesdetai0_.sdir01 as sdir41_37_0_, salesdetai0_.sdir03 as sdir42_37_0_, salesdetai0_.sdinum as sdinum43_37_0_, salesdetai0_.sddesb1 as sddesb44_37_0_, salesdetai0_.sditc05 as sditc45_37_0_, salesdetai0_.sdlst as sdlst46_37_0_, salesdetai0_.sdlnty as sdlnty47_37_0_, salesdetai0_.sdlocid as sdlocid48_37_0_, salesdetai0_.sdnst as sdnst49_37_0_, salesdetai0_.sdobid as sdobid50_37_0_, salesdetai0_.sdqtyop as sdqtyop51_37_0_, salesdetai0_.sdordt as sdordt52_37_0_, salesdetai0_.sdott as sdott53_37_0_, salesdetai0_.sdordocdt as sdordoc54_37_0_, salesdetai0_.sdordocno as sdordoc55_37_0_, salesdetai0_.sdordocsq as sdordoc56_37_0_, salesdetai0_.sdordocty as sdordoc57_37_0_, salesdetai0_.sdprid as sdprid58_37_0_, salesdetai0_.sdpyid as sdpyid59_37_0_, salesdetai0_.sdptc as sdptc60_37_0_, salesdetai0_.sdpqor as sdpqor61_37_0_, salesdetai0_.sduom1 as sduom62_37_0_, salesdetai0_.sdrbuid as sdrbuid63_37_0_, salesdetai0_.sdpjid as sdpjid64_37_0_, salesdetai0_.sdpddt as sdpddt65_37_0_, salesdetai0_.sdqty as sdqty66_37_0_, salesdetai0_.sdstid as sdstid67_37_0_, salesdetai0_.sdvr04 as sdvr68_37_0_, salesdetai0_.sdvr01 as sdvr69_37_0_, salesdetai0_.sdvr03 as sdvr70_37_0_, salesdetai0_.sdvr05 as sdvr71_37_0_, salesdetai0_.sdvr02 as sdvr72_37_0_, salesdetai0_.sdrldocno as sdrldoc73_37_0_, salesdetai0_.sdrldocsq as sdrldoc74_37_0_, salesdetai0_.sdrldocty as sdrldoc75_37_0_, salesdetai0_.sdrqdt as sdrqdt76_37_0_, salesdetai0_.sdqtyrn as sdqtyrn77_37_0_, salesdetai0_.sdso03 as sdso78_37_0_, salesdetai0_.sdso01 as sdso79_37_0_, salesdetai0_.sdso02 as sdso80_37_0_, salesdetai0_.sdslid as sdslid81_37_0_, salesdetai0_.sdsqor as sdsqor82_37_0_, salesdetai0_.sduom2 as sduom83_37_0_, salesdetai0_.sdsnlot as sdsnlot84_37_0_, salesdetai0_.sdslrc1 as sdslrc85_37_0_, salesdetai0_.sdqtysh as sdqtysh86_37_0_, salesdetai0_.sdtaxal as sdtaxal87_37_0_, salesdetai0_.sdtaxam as sdtaxam88_37_0_, salesdetai0_.sdtaxab as sdtaxab89_37_0_, salesdetai0_.sdtaxcd as sdtaxcd90_37_0_, salesdetai0_.sdtaxrt as sdtaxrt91_37_0_, salesdetai0_.sdcrct as sdcrct92_37_0_, salesdetai0_.sditc03 as sditc93_37_0_, salesdetai0_.sducf as sducf94_37_0_, salesdetai0_.sduncost as sduncos95_37_0_, salesdetai0_.sdudc as sdudc96_37_0_, salesdetai0_.sdudf as sdudf97_37_0_, salesdetai0_.sduom as sduom98_37_0_, salesdetai0_.sdunprice as sdunpri99_37_0_, salesdetai0_.sdurnb1 as sdurnb100_37_0_, salesdetai0_.sdurnb2 as sdurnb101_37_0_, salesdetai0_.sdvhrn as sdvhrn102_37_0_, salesdetai0_.sdvhty as sdvhty103_37_0_, salesdetai0_.sdqtyvl as sdqtyv104_37_0_, salesdetai0_.sduomv as sduomv105_37_0_, salesdetai0_.sdqtywt as sdqtyw106_37_0_, salesdetai0_.sduomw as sduomw107_37_0_, salesorder1_.shcoid as shcoid1_36_1_, salesorder1_.shdocono as shdocono2_36_1_, salesorder1_.shdocoty as shdocoty3_36_1_, salesorder1_.shcid as shcid4_36_1_, salesorder1_.shdtin as shdtin5_36_1_, salesorder1_.shtmin as shtmin6_36_1_, salesorder1_.shuid as shuid7_36_1_, salesorder1_.shdtlu as shdtlu8_36_1_, salesorder1_.shtmlu as shtmlu9_36_1_, salesorder1_.shuidm as shuidm10_36_1_, salesorder1_.shata as shata11_36_1_, salesorder1_.shatd as shatd12_36_1_, salesorder1_.shcrcb as shcrcb13_36_1_, salesorder1_.shbuid as shbuid14_36_1_, salesorder1_.shcldt as shcldt15_36_1_, salesorder1_.shcot as shcot16_36_1_, salesorder1_.shcsid as shcsid17_36_1_, salesorder1_.shcsdocdt as shcsdoc18_36_1_, salesorder1_.shcsdocno as shcsdoc19_36_1_, salesorder1_.shdod as shdod20_36_1_, salesorder1_.shdol as shdol21_36_1_, salesorder1_.shdou as shdou22_36_1_, salesorder1_.shdldt as shdldt23_36_1_, salesorder1_.shdesb1 as shdesb24_36_1_, salesorder1_.shdccd as shdccd25_36_1_, salesorder1_.shdcrt as shdcrt26_36_1_, salesorder1_.sheta as sheta27_36_1_, salesorder1_.shetd as shetd28_36_1_, salesorder1_.shexcrt as shexcrt29_36_1_, salesorder1_.shexid as shexid30_36_1_, salesorder1_.shead as shead31_36_1_, salesorder1_.shean as shean32_36_1_, salesorder1_.shedd as shedd33_36_1_, salesorder1_.shedn as shedn34_36_1_, salesorder1_.shfbd as shfbd35_36_1_, salesorder1_.shfbn as shfbn36_36_1_, salesorder1_.shfhc as shfhc37_36_1_, salesorder1_.shgldt as shgldt38_36_1_, salesorder1_.shgscrt as shgscrt39_36_1_, salesorder1_.shhcod as shhcod40_36_1_, salesorder1_.shlst as shlst41_36_1_, salesorder1_.shnst as shnst42_36_1_, salesorder1_.shobid as shobid43_36_1_, salesorder1_.shordt as shordt44_36_1_, salesorder1_.shordocdt as shordoc45_36_1_, salesorder1_.shordocno as shordoc46_36_1_, salesorder1_.shprid as shprid47_36_1_, salesorder1_.shpyid as shpyid48_36_1_, salesorder1_.shptc as shptc49_36_1_, salesorder1_.shpoa as shpoa50_36_1_, salesorder1_.shpod as shpod51_36_1_, salesorder1_.shrbuid as shrbuid52_36_1_, salesorder1_.shpjid as shpjid53_36_1_, salesorder1_.shpddt as shpddt54_36_1_, salesorder1_.shstid as shstid55_36_1_, salesorder1_.shrqdt as shrqdt56_36_1_, salesorder1_.shslid as shslid57_36_1_, salesorder1_.shshcn as shshcn58_36_1_, salesorder1_.shshmt as shshmt59_36_1_, salesorder1_.shtagid as shtagid60_36_1_, salesorder1_.shtaxal as shtaxal61_36_1_, salesorder1_.shtaxcd as shtaxcd62_36_1_, salesorder1_.shtaxrt as shtaxrt63_36_1_, salesorder1_.shcrct as shcrct64_36_1_, salesorder1_.shurdt1 as shurdt65_36_1_, salesorder1_.shurdt2 as shurdt66_36_1_ from t4211 salesdetai0_ inner join t4201 salesorder1_ on salesdetai0_.sdcoid=salesorder1_.shcoid and salesdetai0_.sddocono=salesorder1_.shdocono and salesdetai0_.sddocoty=salesorder1_.shdocoty where salesdetai0_.sdcoid=? and salesdetai0_.sddocono=? and salesdetai0_.sddocosq=? and salesdetai0_.sddocoty=?
Hibernate: select serialnumb0_.coid as coid1_43_0_, serialnumb0_.docno as docno2_43_0_, serialnumb0_.docty as docty3_43_0_, serialnumb0_.docsq as docsq4_43_0_, serialnumb0_.buid as buid5_43_0_, serialnumb0_.inum as inum6_43_0_, serialnumb0_.snlot as snlot7_43_0_, lotmaster1_.ltbuid as ltbuid1_34_1_, lotmaster1_.ltinum as ltinum2_34_1_, lotmaster1_.ltsnlot as ltsnlot3_34_1_, lotmaster1_.ltcid as ltcid4_34_1_, lotmaster1_.ltdtin as ltdtin5_34_1_, lotmaster1_.lttmin as lttmin6_34_1_, lotmaster1_.ltuid as ltuid7_34_1_, lotmaster1_.ltdtlu as ltdtlu8_34_1_, lotmaster1_.lttmlu as lttmlu9_34_1_, lotmaster1_.ltuidm as ltuidm10_34_1_, lotmaster1_.ltbodt as ltbodt11_34_1_, lotmaster1_.ltbbdt as ltbbdt12_34_1_, lotmaster1_.ltcldt as ltcldt13_34_1_, lotmaster1_.ltexpdt as ltexpdt14_34_1_, lotmaster1_.ltldsc as ltldsc15_34_1_, lotmaster1_.ltledt as ltledt16_34_1_, lotmaster1_.ltlsc as ltlsc17_34_1_, lotmaster1_.ltmlot1 as ltmlot18_34_1_, lotmaster1_.ltmlot2 as ltmlot19_34_1_, lotmaster1_.ltmlot3 as ltmlot20_34_1_, lotmaster1_.ltohdt as ltohdt21_34_1_, lotmaster1_.ltsern as ltsern22_34_1_ from transaction_serialnumbers serialnumb0_ inner join t4108 lotmaster1_ on serialnumb0_.buid=lotmaster1_.ltbuid and serialnumb0_.inum=lotmaster1_.ltinum and serialnumb0_.snlot=lotmaster1_.ltsnlot where serialnumb0_.coid=? and serialnumb0_.docno=? and serialnumb0_.docty=? and serialnumb0_.docsq=?
Hibernate: select salesdetai0_.sdcoid as sdcoid1_37_0_, salesdetai0_.sddocono as sddocono2_37_0_, salesdetai0_.sddocosq as sddocosq3_37_0_, salesdetai0_.sddocoty as sddocoty4_37_0_, salesdetai0_.sdcid as sdcid5_37_0_, salesdetai0_.sddtin as sddtin6_37_0_, salesdetai0_.sdtmin as sdtmin7_37_0_, salesdetai0_.sduid as sduid8_37_0_, salesdetai0_.sddtlu as sddtlu9_37_0_, salesdetai0_.sdtmlu as sdtmlu10_37_0_, salesdetai0_.sduidm as sduidm11_37_0_, salesdetai0_.sdacid as sdacid12_37_0_, salesdetai0_.sdcrcb as sdcrcb13_37_0_, salesdetai0_.sditc02 as sditc14_37_0_, salesdetai0_.sdbuid as sdbuid15_37_0_, salesdetai0_.sdqtycl as sdqtycl16_37_0_, salesdetai0_.sditc01 as sditc17_37_0_, salesdetai0_.sdcldt as sdcldt18_37_0_, salesdetai0_.sdcnid as sdcnid19_37_0_, salesdetai0_.sdcsid as sdcsid20_37_0_, salesdetai0_.sddldt as sddldt21_37_0_, salesdetai0_.sddccd as sddccd22_37_0_, salesdetai0_.sddcrt as sddcrt23_37_0_, salesdetai0_.sdexcrt as sdexcrt24_37_0_, salesdetai0_.sdexid as sdexid25_37_0_, salesdetai0_.sdexcost as sdexcos26_37_0_, salesdetai0_.sdexprice as sdexpri27_37_0_, salesdetai0_.sdqtyx as sdqtyx28_37_0_, salesdetai0_.sducfx as sducfx29_37_0_, salesdetai0_.sduomx as sduomx30_37_0_, salesdetai0_.sdunpricex as sdunpri31_37_0_, salesdetai0_.sdfep as sdfep32_37_0_, salesdetai0_.sdfta as sdfta33_37_0_, salesdetai0_.sdftb as sdftb34_37_0_, salesdetai0_.sdfup as sdfup35_37_0_, salesdetai0_.sdglcls as sdglcls36_37_0_, salesdetai0_.sdgldt as sdgldt37_37_0_, salesdetai0_.sdgscrt as sdgscrt38_37_0_, salesdetai0_.sdhcod as sdhcod39_37_0_, salesdetai0_.sdir02 as sdir40_37_0_, salesdetai0_.sdir01 as sdir41_37_0_, salesdetai0_.sdir03 as sdir42_37_0_, salesdetai0_.sdinum as sdinum43_37_0_, salesdetai0_.sddesb1 as sddesb44_37_0_, salesdetai0_.sditc05 as sditc45_37_0_, salesdetai0_.sdlst as sdlst46_37_0_, salesdetai0_.sdlnty as sdlnty47_37_0_, salesdetai0_.sdlocid as sdlocid48_37_0_, salesdetai0_.sdnst as sdnst49_37_0_, salesdetai0_.sdobid as sdobid50_37_0_, salesdetai0_.sdqtyop as sdqtyop51_37_0_, salesdetai0_.sdordt as sdordt52_37_0_, salesdetai0_.sdott as sdott53_37_0_, salesdetai0_.sdordocdt as sdordoc54_37_0_, salesdetai0_.sdordocno as sdordoc55_37_0_, salesdetai0_.sdordocsq as sdordoc56_37_0_, salesdetai0_.sdordocty as sdordoc57_37_0_, salesdetai0_.sdprid as sdprid58_37_0_, salesdetai0_.sdpyid as sdpyid59_37_0_, salesdetai0_.sdptc as sdptc60_37_0_, salesdetai0_.sdpqor as sdpqor61_37_0_, salesdetai0_.sduom1 as sduom62_37_0_, salesdetai0_.sdrbuid as sdrbuid63_37_0_, salesdetai0_.sdpjid as sdpjid64_37_0_, salesdetai0_.sdpddt as sdpddt65_37_0_, salesdetai0_.sdqty as sdqty66_37_0_, salesdetai0_.sdstid as sdstid67_37_0_, salesdetai0_.sdvr04 as sdvr68_37_0_, salesdetai0_.sdvr01 as sdvr69_37_0_, salesdetai0_.sdvr03 as sdvr70_37_0_, salesdetai0_.sdvr05 as sdvr71_37_0_, salesdetai0_.sdvr02 as sdvr72_37_0_, salesdetai0_.sdrldocno as sdrldoc73_37_0_, salesdetai0_.sdrldocsq as sdrldoc74_37_0_, salesdetai0_.sdrldocty as sdrldoc75_37_0_, salesdetai0_.sdrqdt as sdrqdt76_37_0_, salesdetai0_.sdqtyrn as sdqtyrn77_37_0_, salesdetai0_.sdso03 as sdso78_37_0_, salesdetai0_.sdso01 as sdso79_37_0_, salesdetai0_.sdso02 as sdso80_37_0_, salesdetai0_.sdslid as sdslid81_37_0_, salesdetai0_.sdsqor as sdsqor82_37_0_, salesdetai0_.sduom2 as sduom83_37_0_, salesdetai0_.sdsnlot as sdsnlot84_37_0_, salesdetai0_.sdslrc1 as sdslrc85_37_0_, salesdetai0_.sdqtysh as sdqtysh86_37_0_, salesdetai0_.sdtaxal as sdtaxal87_37_0_, salesdetai0_.sdtaxam as sdtaxam88_37_0_, salesdetai0_.sdtaxab as sdtaxab89_37_0_, salesdetai0_.sdtaxcd as sdtaxcd90_37_0_, salesdetai0_.sdtaxrt as sdtaxrt91_37_0_, salesdetai0_.sdcrct as sdcrct92_37_0_, salesdetai0_.sditc03 as sditc93_37_0_, salesdetai0_.sducf as sducf94_37_0_, salesdetai0_.sduncost as sduncos95_37_0_, salesdetai0_.sdudc as sdudc96_37_0_, salesdetai0_.sdudf as sdudf97_37_0_, salesdetai0_.sduom as sduom98_37_0_, salesdetai0_.sdunprice as sdunpri99_37_0_, salesdetai0_.sdurnb1 as sdurnb100_37_0_, salesdetai0_.sdurnb2 as sdurnb101_37_0_, salesdetai0_.sdvhrn as sdvhrn102_37_0_, salesdetai0_.sdvhty as sdvhty103_37_0_, salesdetai0_.sdqtyvl as sdqtyv104_37_0_, salesdetai0_.sduomv as sduomv105_37_0_, salesdetai0_.sdqtywt as sdqtyw106_37_0_, salesdetai0_.sduomw as sduomw107_37_0_, salesorder1_.shcoid as shcoid1_36_1_, salesorder1_.shdocono as shdocono2_36_1_, salesorder1_.shdocoty as shdocoty3_36_1_, salesorder1_.shcid as shcid4_36_1_, salesorder1_.shdtin as shdtin5_36_1_, salesorder1_.shtmin as shtmin6_36_1_, salesorder1_.shuid as shuid7_36_1_, salesorder1_.shdtlu as shdtlu8_36_1_, salesorder1_.shtmlu as shtmlu9_36_1_, salesorder1_.shuidm as shuidm10_36_1_, salesorder1_.shata as shata11_36_1_, salesorder1_.shatd as shatd12_36_1_, salesorder1_.shcrcb as shcrcb13_36_1_, salesorder1_.shbuid as shbuid14_36_1_, salesorder1_.shcldt as shcldt15_36_1_, salesorder1_.shcot as shcot16_36_1_, salesorder1_.shcsid as shcsid17_36_1_, salesorder1_.shcsdocdt as shcsdoc18_36_1_, salesorder1_.shcsdocno as shcsdoc19_36_1_, salesorder1_.shdod as shdod20_36_1_, salesorder1_.shdol as shdol21_36_1_, salesorder1_.shdou as shdou22_36_1_, salesorder1_.shdldt as shdldt23_36_1_, salesorder1_.shdesb1 as shdesb24_36_1_, salesorder1_.shdccd as shdccd25_36_1_, salesorder1_.shdcrt as shdcrt26_36_1_, salesorder1_.sheta as sheta27_36_1_, salesorder1_.shetd as shetd28_36_1_, salesorder1_.shexcrt as shexcrt29_36_1_, salesorder1_.shexid as shexid30_36_1_, salesorder1_.shead as shead31_36_1_, salesorder1_.shean as shean32_36_1_, salesorder1_.shedd as shedd33_36_1_, salesorder1_.shedn as shedn34_36_1_, salesorder1_.shfbd as shfbd35_36_1_, salesorder1_.shfbn as shfbn36_36_1_, salesorder1_.shfhc as shfhc37_36_1_, salesorder1_.shgldt as shgldt38_36_1_, salesorder1_.shgscrt as shgscrt39_36_1_, salesorder1_.shhcod as shhcod40_36_1_, salesorder1_.shlst as shlst41_36_1_, salesorder1_.shnst as shnst42_36_1_, salesorder1_.shobid as shobid43_36_1_, salesorder1_.shordt as shordt44_36_1_, salesorder1_.shordocdt as shordoc45_36_1_, salesorder1_.shordocno as shordoc46_36_1_, salesorder1_.shprid as shprid47_36_1_, salesorder1_.shpyid as shpyid48_36_1_, salesorder1_.shptc as shptc49_36_1_, salesorder1_.shpoa as shpoa50_36_1_, salesorder1_.shpod as shpod51_36_1_, salesorder1_.shrbuid as shrbuid52_36_1_, salesorder1_.shpjid as shpjid53_36_1_, salesorder1_.shpddt as shpddt54_36_1_, salesorder1_.shstid as shstid55_36_1_, salesorder1_.shrqdt as shrqdt56_36_1_, salesorder1_.shslid as shslid57_36_1_, salesorder1_.shshcn as shshcn58_36_1_, salesorder1_.shshmt as shshmt59_36_1_, salesorder1_.shtagid as shtagid60_36_1_, salesorder1_.shtaxal as shtaxal61_36_1_, salesorder1_.shtaxcd as shtaxcd62_36_1_, salesorder1_.shtaxrt as shtaxrt63_36_1_, salesorder1_.shcrct as shcrct64_36_1_, salesorder1_.shurdt1 as shurdt65_36_1_, salesorder1_.shurdt2 as shurdt66_36_1_ from t4211 salesdetai0_ inner join t4201 salesorder1_ on salesdetai0_.sdcoid=salesorder1_.shcoid and salesdetai0_.sddocono=salesorder1_.shdocono and salesdetai0_.sddocoty=salesorder1_.shdocoty where salesdetai0_.sdcoid=? and salesdetai0_.sddocono=? and salesdetai0_.sddocosq=? and salesdetai0_.sddocoty=?
Hibernate: select serialnumb0_.coid as coid1_43_0_, serialnumb0_.docno as docno2_43_0_, serialnumb0_.docty as docty3_43_0_, serialnumb0_.docsq as docsq4_43_0_, serialnumb0_.buid as buid5_43_0_, serialnumb0_.inum as inum6_43_0_, serialnumb0_.snlot as snlot7_43_0_, lotmaster1_.ltbuid as ltbuid1_34_1_, lotmaster1_.ltinum as ltinum2_34_1_, lotmaster1_.ltsnlot as ltsnlot3_34_1_, lotmaster1_.ltcid as ltcid4_34_1_, lotmaster1_.ltdtin as ltdtin5_34_1_, lotmaster1_.lttmin as lttmin6_34_1_, lotmaster1_.ltuid as ltuid7_34_1_, lotmaster1_.ltdtlu as ltdtlu8_34_1_, lotmaster1_.lttmlu as lttmlu9_34_1_, lotmaster1_.ltuidm as ltuidm10_34_1_, lotmaster1_.ltbodt as ltbodt11_34_1_, lotmaster1_.ltbbdt as ltbbdt12_34_1_, lotmaster1_.ltcldt as ltcldt13_34_1_, lotmaster1_.ltexpdt as ltexpdt14_34_1_, lotmaster1_.ltldsc as ltldsc15_34_1_, lotmaster1_.ltledt as ltledt16_34_1_, lotmaster1_.ltlsc as ltlsc17_34_1_, lotmaster1_.ltmlot1 as ltmlot18_34_1_, lotmaster1_.ltmlot2 as ltmlot19_34_1_, lotmaster1_.ltmlot3 as ltmlot20_34_1_, lotmaster1_.ltohdt as ltohdt21_34_1_, lotmaster1_.ltsern as ltsern22_34_1_ from transaction_serialnumbers serialnumb0_ inner join t4108 lotmaster1_ on serialnumb0_.buid=lotmaster1_.ltbuid and serialnumb0_.inum=lotmaster1_.ltinum and serialnumb0_.snlot=lotmaster1_.ltsnlot where serialnumb0_.coid=? and serialnumb0_.docno=? and serialnumb0_.docty=? and serialnumb0_.docsq=?
Hibernate: select salesdetai0_.sdcoid as sdcoid1_37_0_, salesdetai0_.sddocono as sddocono2_37_0_, salesdetai0_.sddocosq as sddocosq3_37_0_, salesdetai0_.sddocoty as sddocoty4_37_0_, salesdetai0_.sdcid as sdcid5_37_0_, salesdetai0_.sddtin as sddtin6_37_0_, salesdetai0_.sdtmin as sdtmin7_37_0_, salesdetai0_.sduid as sduid8_37_0_, salesdetai0_.sddtlu as sddtlu9_37_0_, salesdetai0_.sdtmlu as sdtmlu10_37_0_, salesdetai0_.sduidm as sduidm11_37_0_, salesdetai0_.sdacid as sdacid12_37_0_, salesdetai0_.sdcrcb as sdcrcb13_37_0_, salesdetai0_.sditc02 as sditc14_37_0_, salesdetai0_.sdbuid as sdbuid15_37_0_, salesdetai0_.sdqtycl as sdqtycl16_37_0_, salesdetai0_.sditc01 as sditc17_37_0_, salesdetai0_.sdcldt as sdcldt18_37_0_, salesdetai0_.sdcnid as sdcnid19_37_0_, salesdetai0_.sdcsid as sdcsid20_37_0_, salesdetai0_.sddldt as sddldt21_37_0_, salesdetai0_.sddccd as sddccd22_37_0_, salesdetai0_.sddcrt as sddcrt23_37_0_, salesdetai0_.sdexcrt as sdexcrt24_37_0_, salesdetai0_.sdexid as sdexid25_37_0_, salesdetai0_.sdexcost as sdexcos26_37_0_, salesdetai0_.sdexprice as sdexpri27_37_0_, salesdetai0_.sdqtyx as sdqtyx28_37_0_, salesdetai0_.sducfx as sducfx29_37_0_, salesdetai0_.sduomx as sduomx30_37_0_, salesdetai0_.sdunpricex as sdunpri31_37_0_, salesdetai0_.sdfep as sdfep32_37_0_, salesdetai0_.sdfta as sdfta33_37_0_, salesdetai0_.sdftb as sdftb34_37_0_, salesdetai0_.sdfup as sdfup35_37_0_, salesdetai0_.sdglcls as sdglcls36_37_0_, salesdetai0_.sdgldt as sdgldt37_37_0_, salesdetai0_.sdgscrt as sdgscrt38_37_0_, salesdetai0_.sdhcod as sdhcod39_37_0_, salesdetai0_.sdir02 as sdir40_37_0_, salesdetai0_.sdir01 as sdir41_37_0_, salesdetai0_.sdir03 as sdir42_37_0_, salesdetai0_.sdinum as sdinum43_37_0_, salesdetai0_.sddesb1 as sddesb44_37_0_, salesdetai0_.sditc05 as sditc45_37_0_, salesdetai0_.sdlst as sdlst46_37_0_, salesdetai0_.sdlnty as sdlnty47_37_0_, salesdetai0_.sdlocid as sdlocid48_37_0_, salesdetai0_.sdnst as sdnst49_37_0_, salesdetai0_.sdobid as sdobid50_37_0_, salesdetai0_.sdqtyop as sdqtyop51_37_0_, salesdetai0_.sdordt as sdordt52_37_0_, salesdetai0_.sdott as sdott53_37_0_, salesdetai0_.sdordocdt as sdordoc54_37_0_, salesdetai0_.sdordocno as sdordoc55_37_0_, salesdetai0_.sdordocsq as sdordoc56_37_0_, salesdetai0_.sdordocty as sdordoc57_37_0_, salesdetai0_.sdprid as sdprid58_37_0_, salesdetai0_.sdpyid as sdpyid59_37_0_, salesdetai0_.sdptc as sdptc60_37_0_, salesdetai0_.sdpqor as sdpqor61_37_0_, salesdetai0_.sduom1 as sduom62_37_0_, salesdetai0_.sdrbuid as sdrbuid63_37_0_, salesdetai0_.sdpjid as sdpjid64_37_0_, salesdetai0_.sdpddt as sdpddt65_37_0_, salesdetai0_.sdqty as sdqty66_37_0_, salesdetai0_.sdstid as sdstid67_37_0_, salesdetai0_.sdvr04 as sdvr68_37_0_, salesdetai0_.sdvr01 as sdvr69_37_0_, salesdetai0_.sdvr03 as sdvr70_37_0_, salesdetai0_.sdvr05 as sdvr71_37_0_, salesdetai0_.sdvr02 as sdvr72_37_0_, salesdetai0_.sdrldocno as sdrldoc73_37_0_, salesdetai0_.sdrldocsq as sdrldoc74_37_0_, salesdetai0_.sdrldocty as sdrldoc75_37_0_, salesdetai0_.sdrqdt as sdrqdt76_37_0_, salesdetai0_.sdqtyrn as sdqtyrn77_37_0_, salesdetai0_.sdso03 as sdso78_37_0_, salesdetai0_.sdso01 as sdso79_37_0_, salesdetai0_.sdso02 as sdso80_37_0_, salesdetai0_.sdslid as sdslid81_37_0_, salesdetai0_.sdsqor as sdsqor82_37_0_, salesdetai0_.sduom2 as sduom83_37_0_, salesdetai0_.sdsnlot as sdsnlot84_37_0_, salesdetai0_.sdslrc1 as sdslrc85_37_0_, salesdetai0_.sdqtysh as sdqtysh86_37_0_, salesdetai0_.sdtaxal as sdtaxal87_37_0_, salesdetai0_.sdtaxam as sdtaxam88_37_0_, salesdetai0_.sdtaxab as sdtaxab89_37_0_, salesdetai0_.sdtaxcd as sdtaxcd90_37_0_, salesdetai0_.sdtaxrt as sdtaxrt91_37_0_, salesdetai0_.sdcrct as sdcrct92_37_0_, salesdetai0_.sditc03 as sditc93_37_0_, salesdetai0_.sducf as sducf94_37_0_, salesdetai0_.sduncost as sduncos95_37_0_, salesdetai0_.sdudc as sdudc96_37_0_, salesdetai0_.sdudf as sdudf97_37_0_, salesdetai0_.sduom as sduom98_37_0_, salesdetai0_.sdunprice as sdunpri99_37_0_, salesdetai0_.sdurnb1 as sdurnb100_37_0_, salesdetai0_.sdurnb2 as sdurnb101_37_0_, salesdetai0_.sdvhrn as sdvhrn102_37_0_, salesdetai0_.sdvhty as sdvhty103_37_0_, salesdetai0_.sdqtyvl as sdqtyv104_37_0_, salesdetai0_.sduomv as sduomv105_37_0_, salesdetai0_.sdqtywt as sdqtyw106_37_0_, salesdetai0_.sduomw as sduomw107_37_0_, salesorder1_.shcoid as shcoid1_36_1_, salesorder1_.shdocono as shdocono2_36_1_, salesorder1_.shdocoty as shdocoty3_36_1_, salesorder1_.shcid as shcid4_36_1_, salesorder1_.shdtin as shdtin5_36_1_, salesorder1_.shtmin as shtmin6_36_1_, salesorder1_.shuid as shuid7_36_1_, salesorder1_.shdtlu as shdtlu8_36_1_, salesorder1_.shtmlu as shtmlu9_36_1_, salesorder1_.shuidm as shuidm10_36_1_, salesorder1_.shata as shata11_36_1_, salesorder1_.shatd as shatd12_36_1_, salesorder1_.shcrcb as shcrcb13_36_1_, salesorder1_.shbuid as shbuid14_36_1_, salesorder1_.shcldt as shcldt15_36_1_, salesorder1_.shcot as shcot16_36_1_, salesorder1_.shcsid as shcsid17_36_1_, salesorder1_.shcsdocdt as shcsdoc18_36_1_, salesorder1_.shcsdocno as shcsdoc19_36_1_, salesorder1_.shdod as shdod20_36_1_, salesorder1_.shdol as shdol21_36_1_, salesorder1_.shdou as shdou22_36_1_, salesorder1_.shdldt as shdldt23_36_1_, salesorder1_.shdesb1 as shdesb24_36_1_, salesorder1_.shdccd as shdccd25_36_1_, salesorder1_.shdcrt as shdcrt26_36_1_, salesorder1_.sheta as sheta27_36_1_, salesorder1_.shetd as shetd28_36_1_, salesorder1_.shexcrt as shexcrt29_36_1_, salesorder1_.shexid as shexid30_36_1_, salesorder1_.shead as shead31_36_1_, salesorder1_.shean as shean32_36_1_, salesorder1_.shedd as shedd33_36_1_, salesorder1_.shedn as shedn34_36_1_, salesorder1_.shfbd as shfbd35_36_1_, salesorder1_.shfbn as shfbn36_36_1_, salesorder1_.shfhc as shfhc37_36_1_, salesorder1_.shgldt as shgldt38_36_1_, salesorder1_.shgscrt as shgscrt39_36_1_, salesorder1_.shhcod as shhcod40_36_1_, salesorder1_.shlst as shlst41_36_1_, salesorder1_.shnst as shnst42_36_1_, salesorder1_.shobid as shobid43_36_1_, salesorder1_.shordt as shordt44_36_1_, salesorder1_.shordocdt as shordoc45_36_1_, salesorder1_.shordocno as shordoc46_36_1_, salesorder1_.shprid as shprid47_36_1_, salesorder1_.shpyid as shpyid48_36_1_, salesorder1_.shptc as shptc49_36_1_, salesorder1_.shpoa as shpoa50_36_1_, salesorder1_.shpod as shpod51_36_1_, salesorder1_.shrbuid as shrbuid52_36_1_, salesorder1_.shpjid as shpjid53_36_1_, salesorder1_.shpddt as shpddt54_36_1_, salesorder1_.shstid as shstid55_36_1_, salesorder1_.shrqdt as shrqdt56_36_1_, salesorder1_.shslid as shslid57_36_1_, salesorder1_.shshcn as shshcn58_36_1_, salesorder1_.shshmt as shshmt59_36_1_, salesorder1_.shtagid as shtagid60_36_1_, salesorder1_.shtaxal as shtaxal61_36_1_, salesorder1_.shtaxcd as shtaxcd62_36_1_, salesorder1_.shtaxrt as shtaxrt63_36_1_, salesorder1_.shcrct as shcrct64_36_1_, salesorder1_.shurdt1 as shurdt65_36_1_, salesorder1_.shurdt2 as shurdt66_36_1_ from t4211 salesdetai0_ inner join t4201 salesorder1_ on salesdetai0_.sdcoid=salesorder1_.shcoid and salesdetai0_.sddocono=salesorder1_.shdocono and salesdetai0_.sddocoty=salesorder1_.shdocoty where salesdetai0_.sdcoid=? and salesdetai0_.sddocono=? and salesdetai0_.sddocosq=? and salesdetai0_.sddocoty=?
Hibernate: select serialnumb0_.coid as coid1_43_0_, serialnumb0_.docno as docno2_43_0_, serialnumb0_.docty as docty3_43_0_, serialnumb0_.docsq as docsq4_43_0_, serialnumb0_.buid as buid5_43_0_, serialnumb0_.inum as inum6_43_0_, serialnumb0_.snlot as snlot7_43_0_, lotmaster1_.ltbuid as ltbuid1_34_1_, lotmaster1_.ltinum as ltinum2_34_1_, lotmaster1_.ltsnlot as ltsnlot3_34_1_, lotmaster1_.ltcid as ltcid4_34_1_, lotmaster1_.ltdtin as ltdtin5_34_1_, lotmaster1_.lttmin as lttmin6_34_1_, lotmaster1_.ltuid as ltuid7_34_1_, lotmaster1_.ltdtlu as ltdtlu8_34_1_, lotmaster1_.lttmlu as lttmlu9_34_1_, lotmaster1_.ltuidm as ltuidm10_34_1_, lotmaster1_.ltbodt as ltbodt11_34_1_, lotmaster1_.ltbbdt as ltbbdt12_34_1_, lotmaster1_.ltcldt as ltcldt13_34_1_, lotmaster1_.ltexpdt as ltexpdt14_34_1_, lotmaster1_.ltldsc as ltldsc15_34_1_, lotmaster1_.ltledt as ltledt16_34_1_, lotmaster1_.ltlsc as ltlsc17_34_1_, lotmaster1_.ltmlot1 as ltmlot18_34_1_, lotmaster1_.ltmlot2 as ltmlot19_34_1_, lotmaster1_.ltmlot3 as ltmlot20_34_1_, lotmaster1_.ltohdt as ltohdt21_34_1_, lotmaster1_.ltsern as ltsern22_34_1_ from transaction_serialnumbers serialnumb0_ inner join t4108 lotmaster1_ on serialnumb0_.buid=lotmaster1_.ltbuid and serialnumb0_.inum=lotmaster1_.ltinum and serialnumb0_.snlot=lotmaster1_.ltsnlot where serialnumb0_.coid=? and serialnumb0_.docno=? and serialnumb0_.docty=? and serialnumb0_.docsq=?
Hibernate: select salesdetai0_.sdcoid as sdcoid1_37_0_, salesdetai0_.sddocono as sddocono2_37_0_, salesdetai0_.sddocosq as sddocosq3_37_0_, salesdetai0_.sddocoty as sddocoty4_37_0_, salesdetai0_.sdcid as sdcid5_37_0_, salesdetai0_.sddtin as sddtin6_37_0_, salesdetai0_.sdtmin as sdtmin7_37_0_, salesdetai0_.sduid as sduid8_37_0_, salesdetai0_.sddtlu as sddtlu9_37_0_, salesdetai0_.sdtmlu as sdtmlu10_37_0_, salesdetai0_.sduidm as sduidm11_37_0_, salesdetai0_.sdacid as sdacid12_37_0_, salesdetai0_.sdcrcb as sdcrcb13_37_0_, salesdetai0_.sditc02 as sditc14_37_0_, salesdetai0_.sdbuid as sdbuid15_37_0_, salesdetai0_.sdqtycl as sdqtycl16_37_0_, salesdetai0_.sditc01 as sditc17_37_0_, salesdetai0_.sdcldt as sdcldt18_37_0_, salesdetai0_.sdcnid as sdcnid19_37_0_, salesdetai0_.sdcsid as sdcsid20_37_0_, salesdetai0_.sddldt as sddldt21_37_0_, salesdetai0_.sddccd as sddccd22_37_0_, salesdetai0_.sddcrt as sddcrt23_37_0_, salesdetai0_.sdexcrt as sdexcrt24_37_0_, salesdetai0_.sdexid as sdexid25_37_0_, salesdetai0_.sdexcost as sdexcos26_37_0_, salesdetai0_.sdexprice as sdexpri27_37_0_, salesdetai0_.sdqtyx as sdqtyx28_37_0_, salesdetai0_.sducfx as sducfx29_37_0_, salesdetai0_.sduomx as sduomx30_37_0_, salesdetai0_.sdunpricex as sdunpri31_37_0_, salesdetai0_.sdfep as sdfep32_37_0_, salesdetai0_.sdfta as sdfta33_37_0_, salesdetai0_.sdftb as sdftb34_37_0_, salesdetai0_.sdfup as sdfup35_37_0_, salesdetai0_.sdglcls as sdglcls36_37_0_, salesdetai0_.sdgldt as sdgldt37_37_0_, salesdetai0_.sdgscrt as sdgscrt38_37_0_, salesdetai0_.sdhcod as sdhcod39_37_0_, salesdetai0_.sdir02 as sdir40_37_0_, salesdetai0_.sdir01 as sdir41_37_0_, salesdetai0_.sdir03 as sdir42_37_0_, salesdetai0_.sdinum as sdinum43_37_0_, salesdetai0_.sddesb1 as sddesb44_37_0_, salesdetai0_.sditc05 as sditc45_37_0_, salesdetai0_.sdlst as sdlst46_37_0_, salesdetai0_.sdlnty as sdlnty47_37_0_, salesdetai0_.sdlocid as sdlocid48_37_0_, salesdetai0_.sdnst as sdnst49_37_0_, salesdetai0_.sdobid as sdobid50_37_0_, salesdetai0_.sdqtyop as sdqtyop51_37_0_, salesdetai0_.sdordt as sdordt52_37_0_, salesdetai0_.sdott as sdott53_37_0_, salesdetai0_.sdordocdt as sdordoc54_37_0_, salesdetai0_.sdordocno as sdordoc55_37_0_, salesdetai0_.sdordocsq as sdordoc56_37_0_, salesdetai0_.sdordocty as sdordoc57_37_0_, salesdetai0_.sdprid as sdprid58_37_0_, salesdetai0_.sdpyid as sdpyid59_37_0_, salesdetai0_.sdptc as sdptc60_37_0_, salesdetai0_.sdpqor as sdpqor61_37_0_, salesdetai0_.sduom1 as sduom62_37_0_, salesdetai0_.sdrbuid as sdrbuid63_37_0_, salesdetai0_.sdpjid as sdpjid64_37_0_, salesdetai0_.sdpddt as sdpddt65_37_0_, salesdetai0_.sdqty as sdqty66_37_0_, salesdetai0_.sdstid as sdstid67_37_0_, salesdetai0_.sdvr04 as sdvr68_37_0_, salesdetai0_.sdvr01 as sdvr69_37_0_, salesdetai0_.sdvr03 as sdvr70_37_0_, salesdetai0_.sdvr05 as sdvr71_37_0_, salesdetai0_.sdvr02 as sdvr72_37_0_, salesdetai0_.sdrldocno as sdrldoc73_37_0_, salesdetai0_.sdrldocsq as sdrldoc74_37_0_, salesdetai0_.sdrldocty as sdrldoc75_37_0_, salesdetai0_.sdrqdt as sdrqdt76_37_0_, salesdetai0_.sdqtyrn as sdqtyrn77_37_0_, salesdetai0_.sdso03 as sdso78_37_0_, salesdetai0_.sdso01 as sdso79_37_0_, salesdetai0_.sdso02 as sdso80_37_0_, salesdetai0_.sdslid as sdslid81_37_0_, salesdetai0_.sdsqor as sdsqor82_37_0_, salesdetai0_.sduom2 as sduom83_37_0_, salesdetai0_.sdsnlot as sdsnlot84_37_0_, salesdetai0_.sdslrc1 as sdslrc85_37_0_, salesdetai0_.sdqtysh as sdqtysh86_37_0_, salesdetai0_.sdtaxal as sdtaxal87_37_0_, salesdetai0_.sdtaxam as sdtaxam88_37_0_, salesdetai0_.sdtaxab as sdtaxab89_37_0_, salesdetai0_.sdtaxcd as sdtaxcd90_37_0_, salesdetai0_.sdtaxrt as sdtaxrt91_37_0_, salesdetai0_.sdcrct as sdcrct92_37_0_, salesdetai0_.sditc03 as sditc93_37_0_, salesdetai0_.sducf as sducf94_37_0_, salesdetai0_.sduncost as sduncos95_37_0_, salesdetai0_.sdudc as sdudc96_37_0_, salesdetai0_.sdudf as sdudf97_37_0_, salesdetai0_.sduom as sduom98_37_0_, salesdetai0_.sdunprice as sdunpri99_37_0_, salesdetai0_.sdurnb1 as sdurnb100_37_0_, salesdetai0_.sdurnb2 as sdurnb101_37_0_, salesdetai0_.sdvhrn as sdvhrn102_37_0_, salesdetai0_.sdvhty as sdvhty103_37_0_, salesdetai0_.sdqtyvl as sdqtyv104_37_0_, salesdetai0_.sduomv as sduomv105_37_0_, salesdetai0_.sdqtywt as sdqtyw106_37_0_, salesdetai0_.sduomw as sduomw107_37_0_, salesorder1_.shcoid as shcoid1_36_1_, salesorder1_.shdocono as shdocono2_36_1_, salesorder1_.shdocoty as shdocoty3_36_1_, salesorder1_.shcid as shcid4_36_1_, salesorder1_.shdtin as shdtin5_36_1_, salesorder1_.shtmin as shtmin6_36_1_, salesorder1_.shuid as shuid7_36_1_, salesorder1_.shdtlu as shdtlu8_36_1_, salesorder1_.shtmlu as shtmlu9_36_1_, salesorder1_.shuidm as shuidm10_36_1_, salesorder1_.shata as shata11_36_1_, salesorder1_.shatd as shatd12_36_1_, salesorder1_.shcrcb as shcrcb13_36_1_, salesorder1_.shbuid as shbuid14_36_1_, salesorder1_.shcldt as shcldt15_36_1_, salesorder1_.shcot as shcot16_36_1_, salesorder1_.shcsid as shcsid17_36_1_, salesorder1_.shcsdocdt as shcsdoc18_36_1_, salesorder1_.shcsdocno as shcsdoc19_36_1_, salesorder1_.shdod as shdod20_36_1_, salesorder1_.shdol as shdol21_36_1_, salesorder1_.shdou as shdou22_36_1_, salesorder1_.shdldt as shdldt23_36_1_, salesorder1_.shdesb1 as shdesb24_36_1_, salesorder1_.shdccd as shdccd25_36_1_, salesorder1_.shdcrt as shdcrt26_36_1_, salesorder1_.sheta as sheta27_36_1_, salesorder1_.shetd as shetd28_36_1_, salesorder1_.shexcrt as shexcrt29_36_1_, salesorder1_.shexid as shexid30_36_1_, salesorder1_.shead as shead31_36_1_, salesorder1_.shean as shean32_36_1_, salesorder1_.shedd as shedd33_36_1_, salesorder1_.shedn as shedn34_36_1_, salesorder1_.shfbd as shfbd35_36_1_, salesorder1_.shfbn as shfbn36_36_1_, salesorder1_.shfhc as shfhc37_36_1_, salesorder1_.shgldt as shgldt38_36_1_, salesorder1_.shgscrt as shgscrt39_36_1_, salesorder1_.shhcod as shhcod40_36_1_, salesorder1_.shlst as shlst41_36_1_, salesorder1_.shnst as shnst42_36_1_, salesorder1_.shobid as shobid43_36_1_, salesorder1_.shordt as shordt44_36_1_, salesorder1_.shordocdt as shordoc45_36_1_, salesorder1_.shordocno as shordoc46_36_1_, salesorder1_.shprid as shprid47_36_1_, salesorder1_.shpyid as shpyid48_36_1_, salesorder1_.shptc as shptc49_36_1_, salesorder1_.shpoa as shpoa50_36_1_, salesorder1_.shpod as shpod51_36_1_, salesorder1_.shrbuid as shrbuid52_36_1_, salesorder1_.shpjid as shpjid53_36_1_, salesorder1_.shpddt as shpddt54_36_1_, salesorder1_.shstid as shstid55_36_1_, salesorder1_.shrqdt as shrqdt56_36_1_, salesorder1_.shslid as shslid57_36_1_, salesorder1_.shshcn as shshcn58_36_1_, salesorder1_.shshmt as shshmt59_36_1_, salesorder1_.shtagid as shtagid60_36_1_, salesorder1_.shtaxal as shtaxal61_36_1_, salesorder1_.shtaxcd as shtaxcd62_36_1_, salesorder1_.shtaxrt as shtaxrt63_36_1_, salesorder1_.shcrct as shcrct64_36_1_, salesorder1_.shurdt1 as shurdt65_36_1_, salesorder1_.shurdt2 as shurdt66_36_1_ from t4211 salesdetai0_ inner join t4201 salesorder1_ on salesdetai0_.sdcoid=salesorder1_.shcoid and salesdetai0_.sddocono=salesorder1_.shdocono and salesdetai0_.sddocoty=salesorder1_.shdocoty where salesdetai0_.sdcoid=? and salesdetai0_.sddocono=? and salesdetai0_.sddocosq=? and salesdetai0_.sddocoty=?
Hibernate: select serialnumb0_.coid as coid1_43_0_, serialnumb0_.docno as docno2_43_0_, serialnumb0_.docty as docty3_43_0_, serialnumb0_.docsq as docsq4_43_0_, serialnumb0_.buid as buid5_43_0_, serialnumb0_.inum as inum6_43_0_, serialnumb0_.snlot as snlot7_43_0_, lotmaster1_.ltbuid as ltbuid1_34_1_, lotmaster1_.ltinum as ltinum2_34_1_, lotmaster1_.ltsnlot as ltsnlot3_34_1_, lotmaster1_.ltcid as ltcid4_34_1_, lotmaster1_.ltdtin as ltdtin5_34_1_, lotmaster1_.lttmin as lttmin6_34_1_, lotmaster1_.ltuid as ltuid7_34_1_, lotmaster1_.ltdtlu as ltdtlu8_34_1_, lotmaster1_.lttmlu as lttmlu9_34_1_, lotmaster1_.ltuidm as ltuidm10_34_1_, lotmaster1_.ltbodt as ltbodt11_34_1_, lotmaster1_.ltbbdt as ltbbdt12_34_1_, lotmaster1_.ltcldt as ltcldt13_34_1_, lotmaster1_.ltexpdt as ltexpdt14_34_1_, lotmaster1_.ltldsc as ltldsc15_34_1_, lotmaster1_.ltledt as ltledt16_34_1_, lotmaster1_.ltlsc as ltlsc17_34_1_, lotmaster1_.ltmlot1 as ltmlot18_34_1_, lotmaster1_.ltmlot2 as ltmlot19_34_1_, lotmaster1_.ltmlot3 as ltmlot20_34_1_, lotmaster1_.ltohdt as ltohdt21_34_1_, lotmaster1_.ltsern as ltsern22_34_1_ from transaction_serialnumbers serialnumb0_ inner join t4108 lotmaster1_ on serialnumb0_.buid=lotmaster1_.ltbuid and serialnumb0_.inum=lotmaster1_.ltinum and serialnumb0_.snlot=lotmaster1_.ltsnlot where serialnumb0_.coid=? and serialnumb0_.docno=? and serialnumb0_.docty=? and serialnumb0_.docsq=?
Hibernate: select salesdetai0_.sdcoid as sdcoid1_37_0_, salesdetai0_.sddocono as sddocono2_37_0_, salesdetai0_.sddocosq as sddocosq3_37_0_, salesdetai0_.sddocoty as sddocoty4_37_0_, salesdetai0_.sdcid as sdcid5_37_0_, salesdetai0_.sddtin as sddtin6_37_0_, salesdetai0_.sdtmin as sdtmin7_37_0_, salesdetai0_.sduid as sduid8_37_0_, salesdetai0_.sddtlu as sddtlu9_37_0_, salesdetai0_.sdtmlu as sdtmlu10_37_0_, salesdetai0_.sduidm as sduidm11_37_0_, salesdetai0_.sdacid as sdacid12_37_0_, salesdetai0_.sdcrcb as sdcrcb13_37_0_, salesdetai0_.sditc02 as sditc14_37_0_, salesdetai0_.sdbuid as sdbuid15_37_0_, salesdetai0_.sdqtycl as sdqtycl16_37_0_, salesdetai0_.sditc01 as sditc17_37_0_, salesdetai0_.sdcldt as sdcldt18_37_0_, salesdetai0_.sdcnid as sdcnid19_37_0_, salesdetai0_.sdcsid as sdcsid20_37_0_, salesdetai0_.sddldt as sddldt21_37_0_, salesdetai0_.sddccd as sddccd22_37_0_, salesdetai0_.sddcrt as sddcrt23_37_0_, salesdetai0_.sdexcrt as sdexcrt24_37_0_, salesdetai0_.sdexid as sdexid25_37_0_, salesdetai0_.sdexcost as sdexcos26_37_0_, salesdetai0_.sdexprice as sdexpri27_37_0_, salesdetai0_.sdqtyx as sdqtyx28_37_0_, salesdetai0_.sducfx as sducfx29_37_0_, salesdetai0_.sduomx as sduomx30_37_0_, salesdetai0_.sdunpricex as sdunpri31_37_0_, salesdetai0_.sdfep as sdfep32_37_0_, salesdetai0_.sdfta as sdfta33_37_0_, salesdetai0_.sdftb as sdftb34_37_0_, salesdetai0_.sdfup as sdfup35_37_0_, salesdetai0_.sdglcls as sdglcls36_37_0_, salesdetai0_.sdgldt as sdgldt37_37_0_, salesdetai0_.sdgscrt as sdgscrt38_37_0_, salesdetai0_.sdhcod as sdhcod39_37_0_, salesdetai0_.sdir02 as sdir40_37_0_, salesdetai0_.sdir01 as sdir41_37_0_, salesdetai0_.sdir03 as sdir42_37_0_, salesdetai0_.sdinum as sdinum43_37_0_, salesdetai0_.sddesb1 as sddesb44_37_0_, salesdetai0_.sditc05 as sditc45_37_0_, salesdetai0_.sdlst as sdlst46_37_0_, salesdetai0_.sdlnty as sdlnty47_37_0_, salesdetai0_.sdlocid as sdlocid48_37_0_, salesdetai0_.sdnst as sdnst49_37_0_, salesdetai0_.sdobid as sdobid50_37_0_, salesdetai0_.sdqtyop as sdqtyop51_37_0_, salesdetai0_.sdordt as sdordt52_37_0_, salesdetai0_.sdott as sdott53_37_0_, salesdetai0_.sdordocdt as sdordoc54_37_0_, salesdetai0_.sdordocno as sdordoc55_37_0_, salesdetai0_.sdordocsq as sdordoc56_37_0_, salesdetai0_.sdordocty as sdordoc57_37_0_, salesdetai0_.sdprid as sdprid58_37_0_, salesdetai0_.sdpyid as sdpyid59_37_0_, salesdetai0_.sdptc as sdptc60_37_0_, salesdetai0_.sdpqor as sdpqor61_37_0_, salesdetai0_.sduom1 as sduom62_37_0_, salesdetai0_.sdrbuid as sdrbuid63_37_0_, salesdetai0_.sdpjid as sdpjid64_37_0_, salesdetai0_.sdpddt as sdpddt65_37_0_, salesdetai0_.sdqty as sdqty66_37_0_, salesdetai0_.sdstid as sdstid67_37_0_, salesdetai0_.sdvr04 as sdvr68_37_0_, salesdetai0_.sdvr01 as sdvr69_37_0_, salesdetai0_.sdvr03 as sdvr70_37_0_, salesdetai0_.sdvr05 as sdvr71_37_0_, salesdetai0_.sdvr02 as sdvr72_37_0_, salesdetai0_.sdrldocno as sdrldoc73_37_0_, salesdetai0_.sdrldocsq as sdrldoc74_37_0_, salesdetai0_.sdrldocty as sdrldoc75_37_0_, salesdetai0_.sdrqdt as sdrqdt76_37_0_, salesdetai0_.sdqtyrn as sdqtyrn77_37_0_, salesdetai0_.sdso03 as sdso78_37_0_, salesdetai0_.sdso01 as sdso79_37_0_, salesdetai0_.sdso02 as sdso80_37_0_, salesdetai0_.sdslid as sdslid81_37_0_, salesdetai0_.sdsqor as sdsqor82_37_0_, salesdetai0_.sduom2 as sduom83_37_0_, salesdetai0_.sdsnlot as sdsnlot84_37_0_, salesdetai0_.sdslrc1 as sdslrc85_37_0_, salesdetai0_.sdqtysh as sdqtysh86_37_0_, salesdetai0_.sdtaxal as sdtaxal87_37_0_, salesdetai0_.sdtaxam as sdtaxam88_37_0_, salesdetai0_.sdtaxab as sdtaxab89_37_0_, salesdetai0_.sdtaxcd as sdtaxcd90_37_0_, salesdetai0_.sdtaxrt as sdtaxrt91_37_0_, salesdetai0_.sdcrct as sdcrct92_37_0_, salesdetai0_.sditc03 as sditc93_37_0_, salesdetai0_.sducf as sducf94_37_0_, salesdetai0_.sduncost as sduncos95_37_0_, salesdetai0_.sdudc as sdudc96_37_0_, salesdetai0_.sdudf as sdudf97_37_0_, salesdetai0_.sduom as sduom98_37_0_, salesdetai0_.sdunprice as sdunpri99_37_0_, salesdetai0_.sdurnb1 as sdurnb100_37_0_, salesdetai0_.sdurnb2 as sdurnb101_37_0_, salesdetai0_.sdvhrn as sdvhrn102_37_0_, salesdetai0_.sdvhty as sdvhty103_37_0_, salesdetai0_.sdqtyvl as sdqtyv104_37_0_, salesdetai0_.sduomv as sduomv105_37_0_, salesdetai0_.sdqtywt as sdqtyw106_37_0_, salesdetai0_.sduomw as sduomw107_37_0_, salesorder1_.shcoid as shcoid1_36_1_, salesorder1_.shdocono as shdocono2_36_1_, salesorder1_.shdocoty as shdocoty3_36_1_, salesorder1_.shcid as shcid4_36_1_, salesorder1_.shdtin as shdtin5_36_1_, salesorder1_.shtmin as shtmin6_36_1_, salesorder1_.shuid as shuid7_36_1_, salesorder1_.shdtlu as shdtlu8_36_1_, salesorder1_.shtmlu as shtmlu9_36_1_, salesorder1_.shuidm as shuidm10_36_1_, salesorder1_.shata as shata11_36_1_, salesorder1_.shatd as shatd12_36_1_, salesorder1_.shcrcb as shcrcb13_36_1_, salesorder1_.shbuid as shbuid14_36_1_, salesorder1_.shcldt as shcldt15_36_1_, salesorder1_.shcot as shcot16_36_1_, salesorder1_.shcsid as shcsid17_36_1_, salesorder1_.shcsdocdt as shcsdoc18_36_1_, salesorder1_.shcsdocno as shcsdoc19_36_1_, salesorder1_.shdod as shdod20_36_1_, salesorder1_.shdol as shdol21_36_1_, salesorder1_.shdou as shdou22_36_1_, salesorder1_.shdldt as shdldt23_36_1_, salesorder1_.shdesb1 as shdesb24_36_1_, salesorder1_.shdccd as shdccd25_36_1_, salesorder1_.shdcrt as shdcrt26_36_1_, salesorder1_.sheta as sheta27_36_1_, salesorder1_.shetd as shetd28_36_1_, salesorder1_.shexcrt as shexcrt29_36_1_, salesorder1_.shexid as shexid30_36_1_, salesorder1_.shead as shead31_36_1_, salesorder1_.shean as shean32_36_1_, salesorder1_.shedd as shedd33_36_1_, salesorder1_.shedn as shedn34_36_1_, salesorder1_.shfbd as shfbd35_36_1_, salesorder1_.shfbn as shfbn36_36_1_, salesorder1_.shfhc as shfhc37_36_1_, salesorder1_.shgldt as shgldt38_36_1_, salesorder1_.shgscrt as shgscrt39_36_1_, salesorder1_.shhcod as shhcod40_36_1_, salesorder1_.shlst as shlst41_36_1_, salesorder1_.shnst as shnst42_36_1_, salesorder1_.shobid as shobid43_36_1_, salesorder1_.shordt as shordt44_36_1_, salesorder1_.shordocdt as shordoc45_36_1_, salesorder1_.shordocno as shordoc46_36_1_, salesorder1_.shprid as shprid47_36_1_, salesorder1_.shpyid as shpyid48_36_1_, salesorder1_.shptc as shptc49_36_1_, salesorder1_.shpoa as shpoa50_36_1_, salesorder1_.shpod as shpod51_36_1_, salesorder1_.shrbuid as shrbuid52_36_1_, salesorder1_.shpjid as shpjid53_36_1_, salesorder1_.shpddt as shpddt54_36_1_, salesorder1_.shstid as shstid55_36_1_, salesorder1_.shrqdt as shrqdt56_36_1_, salesorder1_.shslid as shslid57_36_1_, salesorder1_.shshcn as shshcn58_36_1_, salesorder1_.shshmt as shshmt59_36_1_, salesorder1_.shtagid as shtagid60_36_1_, salesorder1_.shtaxal as shtaxal61_36_1_, salesorder1_.shtaxcd as shtaxcd62_36_1_, salesorder1_.shtaxrt as shtaxrt63_36_1_, salesorder1_.shcrct as shcrct64_36_1_, salesorder1_.shurdt1 as shurdt65_36_1_, salesorder1_.shurdt2 as shurdt66_36_1_ from t4211 salesdetai0_ inner join t4201 salesorder1_ on salesdetai0_.sdcoid=salesorder1_.shcoid and salesdetai0_.sddocono=salesorder1_.shdocono and salesdetai0_.sddocoty=salesorder1_.shdocoty where salesdetai0_.sdcoid=? and salesdetai0_.sddocono=? and salesdetai0_.sddocosq=? and salesdetai0_.sddocoty=?
Hibernate: select serialnumb0_.coid as coid1_43_0_, serialnumb0_.docno as docno2_43_0_, serialnumb0_.docty as docty3_43_0_, serialnumb0_.docsq as docsq4_43_0_, serialnumb0_.buid as buid5_43_0_, serialnumb0_.inum as inum6_43_0_, serialnumb0_.snlot as snlot7_43_0_, lotmaster1_.ltbuid as ltbuid1_34_1_, lotmaster1_.ltinum as ltinum2_34_1_, lotmaster1_.ltsnlot as ltsnlot3_34_1_, lotmaster1_.ltcid as ltcid4_34_1_, lotmaster1_.ltdtin as ltdtin5_34_1_, lotmaster1_.lttmin as lttmin6_34_1_, lotmaster1_.ltuid as ltuid7_34_1_, lotmaster1_.ltdtlu as ltdtlu8_34_1_, lotmaster1_.lttmlu as lttmlu9_34_1_, lotmaster1_.ltuidm as ltuidm10_34_1_, lotmaster1_.ltbodt as ltbodt11_34_1_, lotmaster1_.ltbbdt as ltbbdt12_34_1_, lotmaster1_.ltcldt as ltcldt13_34_1_, lotmaster1_.ltexpdt as ltexpdt14_34_1_, lotmaster1_.ltldsc as ltldsc15_34_1_, lotmaster1_.ltledt as ltledt16_34_1_, lotmaster1_.ltlsc as ltlsc17_34_1_, lotmaster1_.ltmlot1 as ltmlot18_34_1_, lotmaster1_.ltmlot2 as ltmlot19_34_1_, lotmaster1_.ltmlot3 as ltmlot20_34_1_, lotmaster1_.ltohdt as ltohdt21_34_1_, lotmaster1_.ltsern as ltsern22_34_1_ from transaction_serialnumbers serialnumb0_ inner join t4108 lotmaster1_ on serialnumb0_.buid=lotmaster1_.ltbuid and serialnumb0_.inum=lotmaster1_.ltinum and serialnumb0_.snlot=lotmaster1_.ltsnlot where serialnumb0_.coid=? and serialnumb0_.docno=? and serialnumb0_.docty=? and serialnumb0_.docsq=?
Hibernate: select salesdetai0_.sdcoid as sdcoid1_37_0_, salesdetai0_.sddocono as sddocono2_37_0_, salesdetai0_.sddocosq as sddocosq3_37_0_, salesdetai0_.sddocoty as sddocoty4_37_0_, salesdetai0_.sdcid as sdcid5_37_0_, salesdetai0_.sddtin as sddtin6_37_0_, salesdetai0_.sdtmin as sdtmin7_37_0_, salesdetai0_.sduid as sduid8_37_0_, salesdetai0_.sddtlu as sddtlu9_37_0_, salesdetai0_.sdtmlu as sdtmlu10_37_0_, salesdetai0_.sduidm as sduidm11_37_0_, salesdetai0_.sdacid as sdacid12_37_0_, salesdetai0_.sdcrcb as sdcrcb13_37_0_, salesdetai0_.sditc02 as sditc14_37_0_, salesdetai0_.sdbuid as sdbuid15_37_0_, salesdetai0_.sdqtycl as sdqtycl16_37_0_, salesdetai0_.sditc01 as sditc17_37_0_, salesdetai0_.sdcldt as sdcldt18_37_0_, salesdetai0_.sdcnid as sdcnid19_37_0_, salesdetai0_.sdcsid as sdcsid20_37_0_, salesdetai0_.sddldt as sddldt21_37_0_, salesdetai0_.sddccd as sddccd22_37_0_, salesdetai0_.sddcrt as sddcrt23_37_0_, salesdetai0_.sdexcrt as sdexcrt24_37_0_, salesdetai0_.sdexid as sdexid25_37_0_, salesdetai0_.sdexcost as sdexcos26_37_0_, salesdetai0_.sdexprice as sdexpri27_37_0_, salesdetai0_.sdqtyx as sdqtyx28_37_0_, salesdetai0_.sducfx as sducfx29_37_0_, salesdetai0_.sduomx as sduomx30_37_0_, salesdetai0_.sdunpricex as sdunpri31_37_0_, salesdetai0_.sdfep as sdfep32_37_0_, salesdetai0_.sdfta as sdfta33_37_0_, salesdetai0_.sdftb as sdftb34_37_0_, salesdetai0_.sdfup as sdfup35_37_0_, salesdetai0_.sdglcls as sdglcls36_37_0_, salesdetai0_.sdgldt as sdgldt37_37_0_, salesdetai0_.sdgscrt as sdgscrt38_37_0_, salesdetai0_.sdhcod as sdhcod39_37_0_, salesdetai0_.sdir02 as sdir40_37_0_, salesdetai0_.sdir01 as sdir41_37_0_, salesdetai0_.sdir03 as sdir42_37_0_, salesdetai0_.sdinum as sdinum43_37_0_, salesdetai0_.sddesb1 as sddesb44_37_0_, salesdetai0_.sditc05 as sditc45_37_0_, salesdetai0_.sdlst as sdlst46_37_0_, salesdetai0_.sdlnty as sdlnty47_37_0_, salesdetai0_.sdlocid as sdlocid48_37_0_, salesdetai0_.sdnst as sdnst49_37_0_, salesdetai0_.sdobid as sdobid50_37_0_, salesdetai0_.sdqtyop as sdqtyop51_37_0_, salesdetai0_.sdordt as sdordt52_37_0_, salesdetai0_.sdott as sdott53_37_0_, salesdetai0_.sdordocdt as sdordoc54_37_0_, salesdetai0_.sdordocno as sdordoc55_37_0_, salesdetai0_.sdordocsq as sdordoc56_37_0_, salesdetai0_.sdordocty as sdordoc57_37_0_, salesdetai0_.sdprid as sdprid58_37_0_, salesdetai0_.sdpyid as sdpyid59_37_0_, salesdetai0_.sdptc as sdptc60_37_0_, salesdetai0_.sdpqor as sdpqor61_37_0_, salesdetai0_.sduom1 as sduom62_37_0_, salesdetai0_.sdrbuid as sdrbuid63_37_0_, salesdetai0_.sdpjid as sdpjid64_37_0_, salesdetai0_.sdpddt as sdpddt65_37_0_, salesdetai0_.sdqty as sdqty66_37_0_, salesdetai0_.sdstid as sdstid67_37_0_, salesdetai0_.sdvr04 as sdvr68_37_0_, salesdetai0_.sdvr01 as sdvr69_37_0_, salesdetai0_.sdvr03 as sdvr70_37_0_, salesdetai0_.sdvr05 as sdvr71_37_0_, salesdetai0_.sdvr02 as sdvr72_37_0_, salesdetai0_.sdrldocno as sdrldoc73_37_0_, salesdetai0_.sdrldocsq as sdrldoc74_37_0_, salesdetai0_.sdrldocty as sdrldoc75_37_0_, salesdetai0_.sdrqdt as sdrqdt76_37_0_, salesdetai0_.sdqtyrn as sdqtyrn77_37_0_, salesdetai0_.sdso03 as sdso78_37_0_, salesdetai0_.sdso01 as sdso79_37_0_, salesdetai0_.sdso02 as sdso80_37_0_, salesdetai0_.sdslid as sdslid81_37_0_, salesdetai0_.sdsqor as sdsqor82_37_0_, salesdetai0_.sduom2 as sduom83_37_0_, salesdetai0_.sdsnlot as sdsnlot84_37_0_, salesdetai0_.sdslrc1 as sdslrc85_37_0_, salesdetai0_.sdqtysh as sdqtysh86_37_0_, salesdetai0_.sdtaxal as sdtaxal87_37_0_, salesdetai0_.sdtaxam as sdtaxam88_37_0_, salesdetai0_.sdtaxab as sdtaxab89_37_0_, salesdetai0_.sdtaxcd as sdtaxcd90_37_0_, salesdetai0_.sdtaxrt as sdtaxrt91_37_0_, salesdetai0_.sdcrct as sdcrct92_37_0_, salesdetai0_.sditc03 as sditc93_37_0_, salesdetai0_.sducf as sducf94_37_0_, salesdetai0_.sduncost as sduncos95_37_0_, salesdetai0_.sdudc as sdudc96_37_0_, salesdetai0_.sdudf as sdudf97_37_0_, salesdetai0_.sduom as sduom98_37_0_, salesdetai0_.sdunprice as sdunpri99_37_0_, salesdetai0_.sdurnb1 as sdurnb100_37_0_, salesdetai0_.sdurnb2 as sdurnb101_37_0_, salesdetai0_.sdvhrn as sdvhrn102_37_0_, salesdetai0_.sdvhty as sdvhty103_37_0_, salesdetai0_.sdqtyvl as sdqtyv104_37_0_, salesdetai0_.sduomv as sduomv105_37_0_, salesdetai0_.sdqtywt as sdqtyw106_37_0_, salesdetai0_.sduomw as sduomw107_37_0_, salesorder1_.shcoid as shcoid1_36_1_, salesorder1_.shdocono as shdocono2_36_1_, salesorder1_.shdocoty as shdocoty3_36_1_, salesorder1_.shcid as shcid4_36_1_, salesorder1_.shdtin as shdtin5_36_1_, salesorder1_.shtmin as shtmin6_36_1_, salesorder1_.shuid as shuid7_36_1_, salesorder1_.shdtlu as shdtlu8_36_1_, salesorder1_.shtmlu as shtmlu9_36_1_, salesorder1_.shuidm as shuidm10_36_1_, salesorder1_.shata as shata11_36_1_, salesorder1_.shatd as shatd12_36_1_, salesorder1_.shcrcb as shcrcb13_36_1_, salesorder1_.shbuid as shbuid14_36_1_, salesorder1_.shcldt as shcldt15_36_1_, salesorder1_.shcot as shcot16_36_1_, salesorder1_.shcsid as shcsid17_36_1_, salesorder1_.shcsdocdt as shcsdoc18_36_1_, salesorder1_.shcsdocno as shcsdoc19_36_1_, salesorder1_.shdod as shdod20_36_1_, salesorder1_.shdol as shdol21_36_1_, salesorder1_.shdou as shdou22_36_1_, salesorder1_.shdldt as shdldt23_36_1_, salesorder1_.shdesb1 as shdesb24_36_1_, salesorder1_.shdccd as shdccd25_36_1_, salesorder1_.shdcrt as shdcrt26_36_1_, salesorder1_.sheta as sheta27_36_1_, salesorder1_.shetd as shetd28_36_1_, salesorder1_.shexcrt as shexcrt29_36_1_, salesorder1_.shexid as shexid30_36_1_, salesorder1_.shead as shead31_36_1_, salesorder1_.shean as shean32_36_1_, salesorder1_.shedd as shedd33_36_1_, salesorder1_.shedn as shedn34_36_1_, salesorder1_.shfbd as shfbd35_36_1_, salesorder1_.shfbn as shfbn36_36_1_, salesorder1_.shfhc as shfhc37_36_1_, salesorder1_.shgldt as shgldt38_36_1_, salesorder1_.shgscrt as shgscrt39_36_1_, salesorder1_.shhcod as shhcod40_36_1_, salesorder1_.shlst as shlst41_36_1_, salesorder1_.shnst as shnst42_36_1_, salesorder1_.shobid as shobid43_36_1_, salesorder1_.shordt as shordt44_36_1_, salesorder1_.shordocdt as shordoc45_36_1_, salesorder1_.shordocno as shordoc46_36_1_, salesorder1_.shprid as shprid47_36_1_, salesorder1_.shpyid as shpyid48_36_1_, salesorder1_.shptc as shptc49_36_1_, salesorder1_.shpoa as shpoa50_36_1_, salesorder1_.shpod as shpod51_36_1_, salesorder1_.shrbuid as shrbuid52_36_1_, salesorder1_.shpjid as shpjid53_36_1_, salesorder1_.shpddt as shpddt54_36_1_, salesorder1_.shstid as shstid55_36_1_, salesorder1_.shrqdt as shrqdt56_36_1_, salesorder1_.shslid as shslid57_36_1_, salesorder1_.shshcn as shshcn58_36_1_, salesorder1_.shshmt as shshmt59_36_1_, salesorder1_.shtagid as shtagid60_36_1_, salesorder1_.shtaxal as shtaxal61_36_1_, salesorder1_.shtaxcd as shtaxcd62_36_1_, salesorder1_.shtaxrt as shtaxrt63_36_1_, salesorder1_.shcrct as shcrct64_36_1_, salesorder1_.shurdt1 as shurdt65_36_1_, salesorder1_.shurdt2 as shurdt66_36_1_ from t4211 salesdetai0_ inner join t4201 salesorder1_ on salesdetai0_.sdcoid=salesorder1_.shcoid and salesdetai0_.sddocono=salesorder1_.shdocono and salesdetai0_.sddocoty=salesorder1_.shdocoty where salesdetai0_.sdcoid=? and salesdetai0_.sddocono=? and salesdetai0_.sddocosq=? and salesdetai0_.sddocoty=?
Hibernate: select serialnumb0_.coid as coid1_43_0_, serialnumb0_.docno as docno2_43_0_, serialnumb0_.docty as docty3_43_0_, serialnumb0_.docsq as docsq4_43_0_, serialnumb0_.buid as buid5_43_0_, serialnumb0_.inum as inum6_43_0_, serialnumb0_.snlot as snlot7_43_0_, lotmaster1_.ltbuid as ltbuid1_34_1_, lotmaster1_.ltinum as ltinum2_34_1_, lotmaster1_.ltsnlot as ltsnlot3_34_1_, lotmaster1_.ltcid as ltcid4_34_1_, lotmaster1_.ltdtin as ltdtin5_34_1_, lotmaster1_.lttmin as lttmin6_34_1_, lotmaster1_.ltuid as ltuid7_34_1_, lotmaster1_.ltdtlu as ltdtlu8_34_1_, lotmaster1_.lttmlu as lttmlu9_34_1_, lotmaster1_.ltuidm as ltuidm10_34_1_, lotmaster1_.ltbodt as ltbodt11_34_1_, lotmaster1_.ltbbdt as ltbbdt12_34_1_, lotmaster1_.ltcldt as ltcldt13_34_1_, lotmaster1_.ltexpdt as ltexpdt14_34_1_, lotmaster1_.ltldsc as ltldsc15_34_1_, lotmaster1_.ltledt as ltledt16_34_1_, lotmaster1_.ltlsc as ltlsc17_34_1_, lotmaster1_.ltmlot1 as ltmlot18_34_1_, lotmaster1_.ltmlot2 as ltmlot19_34_1_, lotmaster1_.ltmlot3 as ltmlot20_34_1_, lotmaster1_.ltohdt as ltohdt21_34_1_, lotmaster1_.ltsern as ltsern22_34_1_ from transaction_serialnumbers serialnumb0_ inner join t4108 lotmaster1_ on serialnumb0_.buid=lotmaster1_.ltbuid and serialnumb0_.inum=lotmaster1_.ltinum and serialnumb0_.snlot=lotmaster1_.ltsnlot where serialnumb0_.coid=? and serialnumb0_.docno=? and serialnumb0_.docty=? and serialnumb0_.docsq=?
Hibernate: select salesdetai0_.sdcoid as sdcoid1_37_0_, salesdetai0_.sddocono as sddocono2_37_0_, salesdetai0_.sddocosq as sddocosq3_37_0_, salesdetai0_.sddocoty as sddocoty4_37_0_, salesdetai0_.sdcid as sdcid5_37_0_, salesdetai0_.sddtin as sddtin6_37_0_, salesdetai0_.sdtmin as sdtmin7_37_0_, salesdetai0_.sduid as sduid8_37_0_, salesdetai0_.sddtlu as sddtlu9_37_0_, salesdetai0_.sdtmlu as sdtmlu10_37_0_, salesdetai0_.sduidm as sduidm11_37_0_, salesdetai0_.sdacid as sdacid12_37_0_, salesdetai0_.sdcrcb as sdcrcb13_37_0_, salesdetai0_.sditc02 as sditc14_37_0_, salesdetai0_.sdbuid as sdbuid15_37_0_, salesdetai0_.sdqtycl as sdqtycl16_37_0_, salesdetai0_.sditc01 as sditc17_37_0_, salesdetai0_.sdcldt as sdcldt18_37_0_, salesdetai0_.sdcnid as sdcnid19_37_0_, salesdetai0_.sdcsid as sdcsid20_37_0_, salesdetai0_.sddldt as sddldt21_37_0_, salesdetai0_.sddccd as sddccd22_37_0_, salesdetai0_.sddcrt as sddcrt23_37_0_, salesdetai0_.sdexcrt as sdexcrt24_37_0_, salesdetai0_.sdexid as sdexid25_37_0_, salesdetai0_.sdexcost as sdexcos26_37_0_, salesdetai0_.sdexprice as sdexpri27_37_0_, salesdetai0_.sdqtyx as sdqtyx28_37_0_, salesdetai0_.sducfx as sducfx29_37_0_, salesdetai0_.sduomx as sduomx30_37_0_, salesdetai0_.sdunpricex as sdunpri31_37_0_, salesdetai0_.sdfep as sdfep32_37_0_, salesdetai0_.sdfta as sdfta33_37_0_, salesdetai0_.sdftb as sdftb34_37_0_, salesdetai0_.sdfup as sdfup35_37_0_, salesdetai0_.sdglcls as sdglcls36_37_0_, salesdetai0_.sdgldt as sdgldt37_37_0_, salesdetai0_.sdgscrt as sdgscrt38_37_0_, salesdetai0_.sdhcod as sdhcod39_37_0_, salesdetai0_.sdir02 as sdir40_37_0_, salesdetai0_.sdir01 as sdir41_37_0_, salesdetai0_.sdir03 as sdir42_37_0_, salesdetai0_.sdinum as sdinum43_37_0_, salesdetai0_.sddesb1 as sddesb44_37_0_, salesdetai0_.sditc05 as sditc45_37_0_, salesdetai0_.sdlst as sdlst46_37_0_, salesdetai0_.sdlnty as sdlnty47_37_0_, salesdetai0_.sdlocid as sdlocid48_37_0_, salesdetai0_.sdnst as sdnst49_37_0_, salesdetai0_.sdobid as sdobid50_37_0_, salesdetai0_.sdqtyop as sdqtyop51_37_0_, salesdetai0_.sdordt as sdordt52_37_0_, salesdetai0_.sdott as sdott53_37_0_, salesdetai0_.sdordocdt as sdordoc54_37_0_, salesdetai0_.sdordocno as sdordoc55_37_0_, salesdetai0_.sdordocsq as sdordoc56_37_0_, salesdetai0_.sdordocty as sdordoc57_37_0_, salesdetai0_.sdprid as sdprid58_37_0_, salesdetai0_.sdpyid as sdpyid59_37_0_, salesdetai0_.sdptc as sdptc60_37_0_, salesdetai0_.sdpqor as sdpqor61_37_0_, salesdetai0_.sduom1 as sduom62_37_0_, salesdetai0_.sdrbuid as sdrbuid63_37_0_, salesdetai0_.sdpjid as sdpjid64_37_0_, salesdetai0_.sdpddt as sdpddt65_37_0_, salesdetai0_.sdqty as sdqty66_37_0_, salesdetai0_.sdstid as sdstid67_37_0_, salesdetai0_.sdvr04 as sdvr68_37_0_, salesdetai0_.sdvr01 as sdvr69_37_0_, salesdetai0_.sdvr03 as sdvr70_37_0_, salesdetai0_.sdvr05 as sdvr71_37_0_, salesdetai0_.sdvr02 as sdvr72_37_0_, salesdetai0_.sdrldocno as sdrldoc73_37_0_, salesdetai0_.sdrldocsq as sdrldoc74_37_0_, salesdetai0_.sdrldocty as sdrldoc75_37_0_, salesdetai0_.sdrqdt as sdrqdt76_37_0_, salesdetai0_.sdqtyrn as sdqtyrn77_37_0_, salesdetai0_.sdso03 as sdso78_37_0_, salesdetai0_.sdso01 as sdso79_37_0_, salesdetai0_.sdso02 as sdso80_37_0_, salesdetai0_.sdslid as sdslid81_37_0_, salesdetai0_.sdsqor as sdsqor82_37_0_, salesdetai0_.sduom2 as sduom83_37_0_, salesdetai0_.sdsnlot as sdsnlot84_37_0_, salesdetai0_.sdslrc1 as sdslrc85_37_0_, salesdetai0_.sdqtysh as sdqtysh86_37_0_, salesdetai0_.sdtaxal as sdtaxal87_37_0_, salesdetai0_.sdtaxam as sdtaxam88_37_0_, salesdetai0_.sdtaxab as sdtaxab89_37_0_, salesdetai0_.sdtaxcd as sdtaxcd90_37_0_, salesdetai0_.sdtaxrt as sdtaxrt91_37_0_, salesdetai0_.sdcrct as sdcrct92_37_0_, salesdetai0_.sditc03 as sditc93_37_0_, salesdetai0_.sducf as sducf94_37_0_, salesdetai0_.sduncost as sduncos95_37_0_, salesdetai0_.sdudc as sdudc96_37_0_, salesdetai0_.sdudf as sdudf97_37_0_, salesdetai0_.sduom as sduom98_37_0_, salesdetai0_.sdunprice as sdunpri99_37_0_, salesdetai0_.sdurnb1 as sdurnb100_37_0_, salesdetai0_.sdurnb2 as sdurnb101_37_0_, salesdetai0_.sdvhrn as sdvhrn102_37_0_, salesdetai0_.sdvhty as sdvhty103_37_0_, salesdetai0_.sdqtyvl as sdqtyv104_37_0_, salesdetai0_.sduomv as sduomv105_37_0_, salesdetai0_.sdqtywt as sdqtyw106_37_0_, salesdetai0_.sduomw as sduomw107_37_0_, salesorder1_.shcoid as shcoid1_36_1_, salesorder1_.shdocono as shdocono2_36_1_, salesorder1_.shdocoty as shdocoty3_36_1_, salesorder1_.shcid as shcid4_36_1_, salesorder1_.shdtin as shdtin5_36_1_, salesorder1_.shtmin as shtmin6_36_1_, salesorder1_.shuid as shuid7_36_1_, salesorder1_.shdtlu as shdtlu8_36_1_, salesorder1_.shtmlu as shtmlu9_36_1_, salesorder1_.shuidm as shuidm10_36_1_, salesorder1_.shata as shata11_36_1_, salesorder1_.shatd as shatd12_36_1_, salesorder1_.shcrcb as shcrcb13_36_1_, salesorder1_.shbuid as shbuid14_36_1_, salesorder1_.shcldt as shcldt15_36_1_, salesorder1_.shcot as shcot16_36_1_, salesorder1_.shcsid as shcsid17_36_1_, salesorder1_.shcsdocdt as shcsdoc18_36_1_, salesorder1_.shcsdocno as shcsdoc19_36_1_, salesorder1_.shdod as shdod20_36_1_, salesorder1_.shdol as shdol21_36_1_, salesorder1_.shdou as shdou22_36_1_, salesorder1_.shdldt as shdldt23_36_1_, salesorder1_.shdesb1 as shdesb24_36_1_, salesorder1_.shdccd as shdccd25_36_1_, salesorder1_.shdcrt as shdcrt26_36_1_, salesorder1_.sheta as sheta27_36_1_, salesorder1_.shetd as shetd28_36_1_, salesorder1_.shexcrt as shexcrt29_36_1_, salesorder1_.shexid as shexid30_36_1_, salesorder1_.shead as shead31_36_1_, salesorder1_.shean as shean32_36_1_, salesorder1_.shedd as shedd33_36_1_, salesorder1_.shedn as shedn34_36_1_, salesorder1_.shfbd as shfbd35_36_1_, salesorder1_.shfbn as shfbn36_36_1_, salesorder1_.shfhc as shfhc37_36_1_, salesorder1_.shgldt as shgldt38_36_1_, salesorder1_.shgscrt as shgscrt39_36_1_, salesorder1_.shhcod as shhcod40_36_1_, salesorder1_.shlst as shlst41_36_1_, salesorder1_.shnst as shnst42_36_1_, salesorder1_.shobid as shobid43_36_1_, salesorder1_.shordt as shordt44_36_1_, salesorder1_.shordocdt as shordoc45_36_1_, salesorder1_.shordocno as shordoc46_36_1_, salesorder1_.shprid as shprid47_36_1_, salesorder1_.shpyid as shpyid48_36_1_, salesorder1_.shptc as shptc49_36_1_, salesorder1_.shpoa as shpoa50_36_1_, salesorder1_.shpod as shpod51_36_1_, salesorder1_.shrbuid as shrbuid52_36_1_, salesorder1_.shpjid as shpjid53_36_1_, salesorder1_.shpddt as shpddt54_36_1_, salesorder1_.shstid as shstid55_36_1_, salesorder1_.shrqdt as shrqdt56_36_1_, salesorder1_.shslid as shslid57_36_1_, salesorder1_.shshcn as shshcn58_36_1_, salesorder1_.shshmt as shshmt59_36_1_, salesorder1_.shtagid as shtagid60_36_1_, salesorder1_.shtaxal as shtaxal61_36_1_, salesorder1_.shtaxcd as shtaxcd62_36_1_, salesorder1_.shtaxrt as shtaxrt63_36_1_, salesorder1_.shcrct as shcrct64_36_1_, salesorder1_.shurdt1 as shurdt65_36_1_, salesorder1_.shurdt2 as shurdt66_36_1_ from t4211 salesdetai0_ inner join t4201 salesorder1_ on salesdetai0_.sdcoid=salesorder1_.shcoid and salesdetai0_.sddocono=salesorder1_.shdocono and salesdetai0_.sddocoty=salesorder1_.shdocoty where salesdetai0_.sdcoid=? and salesdetai0_.sddocono=? and salesdetai0_.sddocosq=? and salesdetai0_.sddocoty=?
Hibernate: select serialnumb0_.coid as coid1_43_0_, serialnumb0_.docno as docno2_43_0_, serialnumb0_.docty as docty3_43_0_, serialnumb0_.docsq as docsq4_43_0_, serialnumb0_.buid as buid5_43_0_, serialnumb0_.inum as inum6_43_0_, serialnumb0_.snlot as snlot7_43_0_, lotmaster1_.ltbuid as ltbuid1_34_1_, lotmaster1_.ltinum as ltinum2_34_1_, lotmaster1_.ltsnlot as ltsnlot3_34_1_, lotmaster1_.ltcid as ltcid4_34_1_, lotmaster1_.ltdtin as ltdtin5_34_1_, lotmaster1_.lttmin as lttmin6_34_1_, lotmaster1_.ltuid as ltuid7_34_1_, lotmaster1_.ltdtlu as ltdtlu8_34_1_, lotmaster1_.lttmlu as lttmlu9_34_1_, lotmaster1_.ltuidm as ltuidm10_34_1_, lotmaster1_.ltbodt as ltbodt11_34_1_, lotmaster1_.ltbbdt as ltbbdt12_34_1_, lotmaster1_.ltcldt as ltcldt13_34_1_, lotmaster1_.ltexpdt as ltexpdt14_34_1_, lotmaster1_.ltldsc as ltldsc15_34_1_, lotmaster1_.ltledt as ltledt16_34_1_, lotmaster1_.ltlsc as ltlsc17_34_1_, lotmaster1_.ltmlot1 as ltmlot18_34_1_, lotmaster1_.ltmlot2 as ltmlot19_34_1_, lotmaster1_.ltmlot3 as ltmlot20_34_1_, lotmaster1_.ltohdt as ltohdt21_34_1_, lotmaster1_.ltsern as ltsern22_34_1_ from transaction_serialnumbers serialnumb0_ inner join t4108 lotmaster1_ on serialnumb0_.buid=lotmaster1_.ltbuid and serialnumb0_.inum=lotmaster1_.ltinum and serialnumb0_.snlot=lotmaster1_.ltsnlot where serialnumb0_.coid=? and serialnumb0_.docno=? and serialnumb0_.docty=? and serialnumb0_.docsq=?
Hibernate: select salesdetai0_.sdcoid as sdcoid1_37_0_, salesdetai0_.sddocono as sddocono2_37_0_, salesdetai0_.sddocosq as sddocosq3_37_0_, salesdetai0_.sddocoty as sddocoty4_37_0_, salesdetai0_.sdcid as sdcid5_37_0_, salesdetai0_.sddtin as sddtin6_37_0_, salesdetai0_.sdtmin as sdtmin7_37_0_, salesdetai0_.sduid as sduid8_37_0_, salesdetai0_.sddtlu as sddtlu9_37_0_, salesdetai0_.sdtmlu as sdtmlu10_37_0_, salesdetai0_.sduidm as sduidm11_37_0_, salesdetai0_.sdacid as sdacid12_37_0_, salesdetai0_.sdcrcb as sdcrcb13_37_0_, salesdetai0_.sditc02 as sditc14_37_0_, salesdetai0_.sdbuid as sdbuid15_37_0_, salesdetai0_.sdqtycl as sdqtycl16_37_0_, salesdetai0_.sditc01 as sditc17_37_0_, salesdetai0_.sdcldt as sdcldt18_37_0_, salesdetai0_.sdcnid as sdcnid19_37_0_, salesdetai0_.sdcsid as sdcsid20_37_0_, salesdetai0_.sddldt as sddldt21_37_0_, salesdetai0_.sddccd as sddccd22_37_0_, salesdetai0_.sddcrt as sddcrt23_37_0_, salesdetai0_.sdexcrt as sdexcrt24_37_0_, salesdetai0_.sdexid as sdexid25_37_0_, salesdetai0_.sdexcost as sdexcos26_37_0_, salesdetai0_.sdexprice as sdexpri27_37_0_, salesdetai0_.sdqtyx as sdqtyx28_37_0_, salesdetai0_.sducfx as sducfx29_37_0_, salesdetai0_.sduomx as sduomx30_37_0_, salesdetai0_.sdunpricex as sdunpri31_37_0_, salesdetai0_.sdfep as sdfep32_37_0_, salesdetai0_.sdfta as sdfta33_37_0_, salesdetai0_.sdftb as sdftb34_37_0_, salesdetai0_.sdfup as sdfup35_37_0_, salesdetai0_.sdglcls as sdglcls36_37_0_, salesdetai0_.sdgldt as sdgldt37_37_0_, salesdetai0_.sdgscrt as sdgscrt38_37_0_, salesdetai0_.sdhcod as sdhcod39_37_0_, salesdetai0_.sdir02 as sdir40_37_0_, salesdetai0_.sdir01 as sdir41_37_0_, salesdetai0_.sdir03 as sdir42_37_0_, salesdetai0_.sdinum as sdinum43_37_0_, salesdetai0_.sddesb1 as sddesb44_37_0_, salesdetai0_.sditc05 as sditc45_37_0_, salesdetai0_.sdlst as sdlst46_37_0_, salesdetai0_.sdlnty as sdlnty47_37_0_, salesdetai0_.sdlocid as sdlocid48_37_0_, salesdetai0_.sdnst as sdnst49_37_0_, salesdetai0_.sdobid as sdobid50_37_0_, salesdetai0_.sdqtyop as sdqtyop51_37_0_, salesdetai0_.sdordt as sdordt52_37_0_, salesdetai0_.sdott as sdott53_37_0_, salesdetai0_.sdordocdt as sdordoc54_37_0_, salesdetai0_.sdordocno as sdordoc55_37_0_, salesdetai0_.sdordocsq as sdordoc56_37_0_, salesdetai0_.sdordocty as sdordoc57_37_0_, salesdetai0_.sdprid as sdprid58_37_0_, salesdetai0_.sdpyid as sdpyid59_37_0_, salesdetai0_.sdptc as sdptc60_37_0_, salesdetai0_.sdpqor as sdpqor61_37_0_, salesdetai0_.sduom1 as sduom62_37_0_, salesdetai0_.sdrbuid as sdrbuid63_37_0_, salesdetai0_.sdpjid as sdpjid64_37_0_, salesdetai0_.sdpddt as sdpddt65_37_0_, salesdetai0_.sdqty as sdqty66_37_0_, salesdetai0_.sdstid as sdstid67_37_0_, salesdetai0_.sdvr04 as sdvr68_37_0_, salesdetai0_.sdvr01 as sdvr69_37_0_, salesdetai0_.sdvr03 as sdvr70_37_0_, salesdetai0_.sdvr05 as sdvr71_37_0_, salesdetai0_.sdvr02 as sdvr72_37_0_, salesdetai0_.sdrldocno as sdrldoc73_37_0_, salesdetai0_.sdrldocsq as sdrldoc74_37_0_, salesdetai0_.sdrldocty as sdrldoc75_37_0_, salesdetai0_.sdrqdt as sdrqdt76_37_0_, salesdetai0_.sdqtyrn as sdqtyrn77_37_0_, salesdetai0_.sdso03 as sdso78_37_0_, salesdetai0_.sdso01 as sdso79_37_0_, salesdetai0_.sdso02 as sdso80_37_0_, salesdetai0_.sdslid as sdslid81_37_0_, salesdetai0_.sdsqor as sdsqor82_37_0_, salesdetai0_.sduom2 as sduom83_37_0_, salesdetai0_.sdsnlot as sdsnlot84_37_0_, salesdetai0_.sdslrc1 as sdslrc85_37_0_, salesdetai0_.sdqtysh as sdqtysh86_37_0_, salesdetai0_.sdtaxal as sdtaxal87_37_0_, salesdetai0_.sdtaxam as sdtaxam88_37_0_, salesdetai0_.sdtaxab as sdtaxab89_37_0_, salesdetai0_.sdtaxcd as sdtaxcd90_37_0_, salesdetai0_.sdtaxrt as sdtaxrt91_37_0_, salesdetai0_.sdcrct as sdcrct92_37_0_, salesdetai0_.sditc03 as sditc93_37_0_, salesdetai0_.sducf as sducf94_37_0_, salesdetai0_.sduncost as sduncos95_37_0_, salesdetai0_.sdudc as sdudc96_37_0_, salesdetai0_.sdudf as sdudf97_37_0_, salesdetai0_.sduom as sduom98_37_0_, salesdetai0_.sdunprice as sdunpri99_37_0_, salesdetai0_.sdurnb1 as sdurnb100_37_0_, salesdetai0_.sdurnb2 as sdurnb101_37_0_, salesdetai0_.sdvhrn as sdvhrn102_37_0_, salesdetai0_.sdvhty as sdvhty103_37_0_, salesdetai0_.sdqtyvl as sdqtyv104_37_0_, salesdetai0_.sduomv as sduomv105_37_0_, salesdetai0_.sdqtywt as sdqtyw106_37_0_, salesdetai0_.sduomw as sduomw107_37_0_, salesorder1_.shcoid as shcoid1_36_1_, salesorder1_.shdocono as shdocono2_36_1_, salesorder1_.shdocoty as shdocoty3_36_1_, salesorder1_.shcid as shcid4_36_1_, salesorder1_.shdtin as shdtin5_36_1_, salesorder1_.shtmin as shtmin6_36_1_, salesorder1_.shuid as shuid7_36_1_, salesorder1_.shdtlu as shdtlu8_36_1_, salesorder1_.shtmlu as shtmlu9_36_1_, salesorder1_.shuidm as shuidm10_36_1_, salesorder1_.shata as shata11_36_1_, salesorder1_.shatd as shatd12_36_1_, salesorder1_.shcrcb as shcrcb13_36_1_, salesorder1_.shbuid as shbuid14_36_1_, salesorder1_.shcldt as shcldt15_36_1_, salesorder1_.shcot as shcot16_36_1_, salesorder1_.shcsid as shcsid17_36_1_, salesorder1_.shcsdocdt as shcsdoc18_36_1_, salesorder1_.shcsdocno as shcsdoc19_36_1_, salesorder1_.shdod as shdod20_36_1_, salesorder1_.shdol as shdol21_36_1_, salesorder1_.shdou as shdou22_36_1_, salesorder1_.shdldt as shdldt23_36_1_, salesorder1_.shdesb1 as shdesb24_36_1_, salesorder1_.shdccd as shdccd25_36_1_, salesorder1_.shdcrt as shdcrt26_36_1_, salesorder1_.sheta as sheta27_36_1_, salesorder1_.shetd as shetd28_36_1_, salesorder1_.shexcrt as shexcrt29_36_1_, salesorder1_.shexid as shexid30_36_1_, salesorder1_.shead as shead31_36_1_, salesorder1_.shean as shean32_36_1_, salesorder1_.shedd as shedd33_36_1_, salesorder1_.shedn as shedn34_36_1_, salesorder1_.shfbd as shfbd35_36_1_, salesorder1_.shfbn as shfbn36_36_1_, salesorder1_.shfhc as shfhc37_36_1_, salesorder1_.shgldt as shgldt38_36_1_, salesorder1_.shgscrt as shgscrt39_36_1_, salesorder1_.shhcod as shhcod40_36_1_, salesorder1_.shlst as shlst41_36_1_, salesorder1_.shnst as shnst42_36_1_, salesorder1_.shobid as shobid43_36_1_, salesorder1_.shordt as shordt44_36_1_, salesorder1_.shordocdt as shordoc45_36_1_, salesorder1_.shordocno as shordoc46_36_1_, salesorder1_.shprid as shprid47_36_1_, salesorder1_.shpyid as shpyid48_36_1_, salesorder1_.shptc as shptc49_36_1_, salesorder1_.shpoa as shpoa50_36_1_, salesorder1_.shpod as shpod51_36_1_, salesorder1_.shrbuid as shrbuid52_36_1_, salesorder1_.shpjid as shpjid53_36_1_, salesorder1_.shpddt as shpddt54_36_1_, salesorder1_.shstid as shstid55_36_1_, salesorder1_.shrqdt as shrqdt56_36_1_, salesorder1_.shslid as shslid57_36_1_, salesorder1_.shshcn as shshcn58_36_1_, salesorder1_.shshmt as shshmt59_36_1_, salesorder1_.shtagid as shtagid60_36_1_, salesorder1_.shtaxal as shtaxal61_36_1_, salesorder1_.shtaxcd as shtaxcd62_36_1_, salesorder1_.shtaxrt as shtaxrt63_36_1_, salesorder1_.shcrct as shcrct64_36_1_, salesorder1_.shurdt1 as shurdt65_36_1_, salesorder1_.shurdt2 as shurdt66_36_1_ from t4211 salesdetai0_ inner join t4201 salesorder1_ on salesdetai0_.sdcoid=salesorder1_.shcoid and salesdetai0_.sddocono=salesorder1_.shdocono and salesdetai0_.sddocoty=salesorder1_.shdocoty where salesdetai0_.sdcoid=? and salesdetai0_.sddocono=? and salesdetai0_.sddocosq=? and salesdetai0_.sddocoty=?
Hibernate: select serialnumb0_.coid as coid1_43_0_, serialnumb0_.docno as docno2_43_0_, serialnumb0_.docty as docty3_43_0_, serialnumb0_.docsq as docsq4_43_0_, serialnumb0_.buid as buid5_43_0_, serialnumb0_.inum as inum6_43_0_, serialnumb0_.snlot as snlot7_43_0_, lotmaster1_.ltbuid as ltbuid1_34_1_, lotmaster1_.ltinum as ltinum2_34_1_, lotmaster1_.ltsnlot as ltsnlot3_34_1_, lotmaster1_.ltcid as ltcid4_34_1_, lotmaster1_.ltdtin as ltdtin5_34_1_, lotmaster1_.lttmin as lttmin6_34_1_, lotmaster1_.ltuid as ltuid7_34_1_, lotmaster1_.ltdtlu as ltdtlu8_34_1_, lotmaster1_.lttmlu as lttmlu9_34_1_, lotmaster1_.ltuidm as ltuidm10_34_1_, lotmaster1_.ltbodt as ltbodt11_34_1_, lotmaster1_.ltbbdt as ltbbdt12_34_1_, lotmaster1_.ltcldt as ltcldt13_34_1_, lotmaster1_.ltexpdt as ltexpdt14_34_1_, lotmaster1_.ltldsc as ltldsc15_34_1_, lotmaster1_.ltledt as ltledt16_34_1_, lotmaster1_.ltlsc as ltlsc17_34_1_, lotmaster1_.ltmlot1 as ltmlot18_34_1_, lotmaster1_.ltmlot2 as ltmlot19_34_1_, lotmaster1_.ltmlot3 as ltmlot20_34_1_, lotmaster1_.ltohdt as ltohdt21_34_1_, lotmaster1_.ltsern as ltsern22_34_1_ from transaction_serialnumbers serialnumb0_ inner join t4108 lotmaster1_ on serialnumb0_.buid=lotmaster1_.ltbuid and serialnumb0_.inum=lotmaster1_.ltinum and serialnumb0_.snlot=lotmaster1_.ltsnlot where serialnumb0_.coid=? and serialnumb0_.docno=? and serialnumb0_.docty=? and serialnumb0_.docsq=?
Hibernate: select salesdetai0_.sdcoid as sdcoid1_37_0_, salesdetai0_.sddocono as sddocono2_37_0_, salesdetai0_.sddocosq as sddocosq3_37_0_, salesdetai0_.sddocoty as sddocoty4_37_0_, salesdetai0_.sdcid as sdcid5_37_0_, salesdetai0_.sddtin as sddtin6_37_0_, salesdetai0_.sdtmin as sdtmin7_37_0_, salesdetai0_.sduid as sduid8_37_0_, salesdetai0_.sddtlu as sddtlu9_37_0_, salesdetai0_.sdtmlu as sdtmlu10_37_0_, salesdetai0_.sduidm as sduidm11_37_0_, salesdetai0_.sdacid as sdacid12_37_0_, salesdetai0_.sdcrcb as sdcrcb13_37_0_, salesdetai0_.sditc02 as sditc14_37_0_, salesdetai0_.sdbuid as sdbuid15_37_0_, salesdetai0_.sdqtycl as sdqtycl16_37_0_, salesdetai0_.sditc01 as sditc17_37_0_, salesdetai0_.sdcldt as sdcldt18_37_0_, salesdetai0_.sdcnid as sdcnid19_37_0_, salesdetai0_.sdcsid as sdcsid20_37_0_, salesdetai0_.sddldt as sddldt21_37_0_, salesdetai0_.sddccd as sddccd22_37_0_, salesdetai0_.sddcrt as sddcrt23_37_0_, salesdetai0_.sdexcrt as sdexcrt24_37_0_, salesdetai0_.sdexid as sdexid25_37_0_, salesdetai0_.sdexcost as sdexcos26_37_0_, salesdetai0_.sdexprice as sdexpri27_37_0_, salesdetai0_.sdqtyx as sdqtyx28_37_0_, salesdetai0_.sducfx as sducfx29_37_0_, salesdetai0_.sduomx as sduomx30_37_0_, salesdetai0_.sdunpricex as sdunpri31_37_0_, salesdetai0_.sdfep as sdfep32_37_0_, salesdetai0_.sdfta as sdfta33_37_0_, salesdetai0_.sdftb as sdftb34_37_0_, salesdetai0_.sdfup as sdfup35_37_0_, salesdetai0_.sdglcls as sdglcls36_37_0_, salesdetai0_.sdgldt as sdgldt37_37_0_, salesdetai0_.sdgscrt as sdgscrt38_37_0_, salesdetai0_.sdhcod as sdhcod39_37_0_, salesdetai0_.sdir02 as sdir40_37_0_, salesdetai0_.sdir01 as sdir41_37_0_, salesdetai0_.sdir03 as sdir42_37_0_, salesdetai0_.sdinum as sdinum43_37_0_, salesdetai0_.sddesb1 as sddesb44_37_0_, salesdetai0_.sditc05 as sditc45_37_0_, salesdetai0_.sdlst as sdlst46_37_0_, salesdetai0_.sdlnty as sdlnty47_37_0_, salesdetai0_.sdlocid as sdlocid48_37_0_, salesdetai0_.sdnst as sdnst49_37_0_, salesdetai0_.sdobid as sdobid50_37_0_, salesdetai0_.sdqtyop as sdqtyop51_37_0_, salesdetai0_.sdordt as sdordt52_37_0_, salesdetai0_.sdott as sdott53_37_0_, salesdetai0_.sdordocdt as sdordoc54_37_0_, salesdetai0_.sdordocno as sdordoc55_37_0_, salesdetai0_.sdordocsq as sdordoc56_37_0_, salesdetai0_.sdordocty as sdordoc57_37_0_, salesdetai0_.sdprid as sdprid58_37_0_, salesdetai0_.sdpyid as sdpyid59_37_0_, salesdetai0_.sdptc as sdptc60_37_0_, salesdetai0_.sdpqor as sdpqor61_37_0_, salesdetai0_.sduom1 as sduom62_37_0_, salesdetai0_.sdrbuid as sdrbuid63_37_0_, salesdetai0_.sdpjid as sdpjid64_37_0_, salesdetai0_.sdpddt as sdpddt65_37_0_, salesdetai0_.sdqty as sdqty66_37_0_, salesdetai0_.sdstid as sdstid67_37_0_, salesdetai0_.sdvr04 as sdvr68_37_0_, salesdetai0_.sdvr01 as sdvr69_37_0_, salesdetai0_.sdvr03 as sdvr70_37_0_, salesdetai0_.sdvr05 as sdvr71_37_0_, salesdetai0_.sdvr02 as sdvr72_37_0_, salesdetai0_.sdrldocno as sdrldoc73_37_0_, salesdetai0_.sdrldocsq as sdrldoc74_37_0_, salesdetai0_.sdrldocty as sdrldoc75_37_0_, salesdetai0_.sdrqdt as sdrqdt76_37_0_, salesdetai0_.sdqtyrn as sdqtyrn77_37_0_, salesdetai0_.sdso03 as sdso78_37_0_, salesdetai0_.sdso01 as sdso79_37_0_, salesdetai0_.sdso02 as sdso80_37_0_, salesdetai0_.sdslid as sdslid81_37_0_, salesdetai0_.sdsqor as sdsqor82_37_0_, salesdetai0_.sduom2 as sduom83_37_0_, salesdetai0_.sdsnlot as sdsnlot84_37_0_, salesdetai0_.sdslrc1 as sdslrc85_37_0_, salesdetai0_.sdqtysh as sdqtysh86_37_0_, salesdetai0_.sdtaxal as sdtaxal87_37_0_, salesdetai0_.sdtaxam as sdtaxam88_37_0_, salesdetai0_.sdtaxab as sdtaxab89_37_0_, salesdetai0_.sdtaxcd as sdtaxcd90_37_0_, salesdetai0_.sdtaxrt as sdtaxrt91_37_0_, salesdetai0_.sdcrct as sdcrct92_37_0_, salesdetai0_.sditc03 as sditc93_37_0_, salesdetai0_.sducf as sducf94_37_0_, salesdetai0_.sduncost as sduncos95_37_0_, salesdetai0_.sdudc as sdudc96_37_0_, salesdetai0_.sdudf as sdudf97_37_0_, salesdetai0_.sduom as sduom98_37_0_, salesdetai0_.sdunprice as sdunpri99_37_0_, salesdetai0_.sdurnb1 as sdurnb100_37_0_, salesdetai0_.sdurnb2 as sdurnb101_37_0_, salesdetai0_.sdvhrn as sdvhrn102_37_0_, salesdetai0_.sdvhty as sdvhty103_37_0_, salesdetai0_.sdqtyvl as sdqtyv104_37_0_, salesdetai0_.sduomv as sduomv105_37_0_, salesdetai0_.sdqtywt as sdqtyw106_37_0_, salesdetai0_.sduomw as sduomw107_37_0_, salesorder1_.shcoid as shcoid1_36_1_, salesorder1_.shdocono as shdocono2_36_1_, salesorder1_.shdocoty as shdocoty3_36_1_, salesorder1_.shcid as shcid4_36_1_, salesorder1_.shdtin as shdtin5_36_1_, salesorder1_.shtmin as shtmin6_36_1_, salesorder1_.shuid as shuid7_36_1_, salesorder1_.shdtlu as shdtlu8_36_1_, salesorder1_.shtmlu as shtmlu9_36_1_, salesorder1_.shuidm as shuidm10_36_1_, salesorder1_.shata as shata11_36_1_, salesorder1_.shatd as shatd12_36_1_, salesorder1_.shcrcb as shcrcb13_36_1_, salesorder1_.shbuid as shbuid14_36_1_, salesorder1_.shcldt as shcldt15_36_1_, salesorder1_.shcot as shcot16_36_1_, salesorder1_.shcsid as shcsid17_36_1_, salesorder1_.shcsdocdt as shcsdoc18_36_1_, salesorder1_.shcsdocno as shcsdoc19_36_1_, salesorder1_.shdod as shdod20_36_1_, salesorder1_.shdol as shdol21_36_1_, salesorder1_.shdou as shdou22_36_1_, salesorder1_.shdldt as shdldt23_36_1_, salesorder1_.shdesb1 as shdesb24_36_1_, salesorder1_.shdccd as shdccd25_36_1_, salesorder1_.shdcrt as shdcrt26_36_1_, salesorder1_.sheta as sheta27_36_1_, salesorder1_.shetd as shetd28_36_1_, salesorder1_.shexcrt as shexcrt29_36_1_, salesorder1_.shexid as shexid30_36_1_, salesorder1_.shead as shead31_36_1_, salesorder1_.shean as shean32_36_1_, salesorder1_.shedd as shedd33_36_1_, salesorder1_.shedn as shedn34_36_1_, salesorder1_.shfbd as shfbd35_36_1_, salesorder1_.shfbn as shfbn36_36_1_, salesorder1_.shfhc as shfhc37_36_1_, salesorder1_.shgldt as shgldt38_36_1_, salesorder1_.shgscrt as shgscrt39_36_1_, salesorder1_.shhcod as shhcod40_36_1_, salesorder1_.shlst as shlst41_36_1_, salesorder1_.shnst as shnst42_36_1_, salesorder1_.shobid as shobid43_36_1_, salesorder1_.shordt as shordt44_36_1_, salesorder1_.shordocdt as shordoc45_36_1_, salesorder1_.shordocno as shordoc46_36_1_, salesorder1_.shprid as shprid47_36_1_, salesorder1_.shpyid as shpyid48_36_1_, salesorder1_.shptc as shptc49_36_1_, salesorder1_.shpoa as shpoa50_36_1_, salesorder1_.shpod as shpod51_36_1_, salesorder1_.shrbuid as shrbuid52_36_1_, salesorder1_.shpjid as shpjid53_36_1_, salesorder1_.shpddt as shpddt54_36_1_, salesorder1_.shstid as shstid55_36_1_, salesorder1_.shrqdt as shrqdt56_36_1_, salesorder1_.shslid as shslid57_36_1_, salesorder1_.shshcn as shshcn58_36_1_, salesorder1_.shshmt as shshmt59_36_1_, salesorder1_.shtagid as shtagid60_36_1_, salesorder1_.shtaxal as shtaxal61_36_1_, salesorder1_.shtaxcd as shtaxcd62_36_1_, salesorder1_.shtaxrt as shtaxrt63_36_1_, salesorder1_.shcrct as shcrct64_36_1_, salesorder1_.shurdt1 as shurdt65_36_1_, salesorder1_.shurdt2 as shurdt66_36_1_ from t4211 salesdetai0_ inner join t4201 salesorder1_ on salesdetai0_.sdcoid=salesorder1_.shcoid and salesdetai0_.sddocono=salesorder1_.shdocono and salesdetai0_.sddocoty=salesorder1_.shdocoty where salesdetai0_.sdcoid=? and salesdetai0_.sddocono=? and salesdetai0_.sddocosq=? and salesdetai0_.sddocoty=?
Hibernate: select serialnumb0_.coid as coid1_43_0_, serialnumb0_.docno as docno2_43_0_, serialnumb0_.docty as docty3_43_0_, serialnumb0_.docsq as docsq4_43_0_, serialnumb0_.buid as buid5_43_0_, serialnumb0_.inum as inum6_43_0_, serialnumb0_.snlot as snlot7_43_0_, lotmaster1_.ltbuid as ltbuid1_34_1_, lotmaster1_.ltinum as ltinum2_34_1_, lotmaster1_.ltsnlot as ltsnlot3_34_1_, lotmaster1_.ltcid as ltcid4_34_1_, lotmaster1_.ltdtin as ltdtin5_34_1_, lotmaster1_.lttmin as lttmin6_34_1_, lotmaster1_.ltuid as ltuid7_34_1_, lotmaster1_.ltdtlu as ltdtlu8_34_1_, lotmaster1_.lttmlu as lttmlu9_34_1_, lotmaster1_.ltuidm as ltuidm10_34_1_, lotmaster1_.ltbodt as ltbodt11_34_1_, lotmaster1_.ltbbdt as ltbbdt12_34_1_, lotmaster1_.ltcldt as ltcldt13_34_1_, lotmaster1_.ltexpdt as ltexpdt14_34_1_, lotmaster1_.ltldsc as ltldsc15_34_1_, lotmaster1_.ltledt as ltledt16_34_1_, lotmaster1_.ltlsc as ltlsc17_34_1_, lotmaster1_.ltmlot1 as ltmlot18_34_1_, lotmaster1_.ltmlot2 as ltmlot19_34_1_, lotmaster1_.ltmlot3 as ltmlot20_34_1_, lotmaster1_.ltohdt as ltohdt21_34_1_, lotmaster1_.ltsern as ltsern22_34_1_ from transaction_serialnumbers serialnumb0_ inner join t4108 lotmaster1_ on serialnumb0_.buid=lotmaster1_.ltbuid and serialnumb0_.inum=lotmaster1_.ltinum and serialnumb0_.snlot=lotmaster1_.ltsnlot where serialnumb0_.coid=? and serialnumb0_.docno=? and serialnumb0_.docty=? and serialnumb0_.docsq=?
Hibernate: select salesdetai0_.sdcoid as sdcoid1_37_0_, salesdetai0_.sddocono as sddocono2_37_0_, salesdetai0_.sddocosq as sddocosq3_37_0_, salesdetai0_.sddocoty as sddocoty4_37_0_, salesdetai0_.sdcid as sdcid5_37_0_, salesdetai0_.sddtin as sddtin6_37_0_, salesdetai0_.sdtmin as sdtmin7_37_0_, salesdetai0_.sduid as sduid8_37_0_, salesdetai0_.sddtlu as sddtlu9_37_0_, salesdetai0_.sdtmlu as sdtmlu10_37_0_, salesdetai0_.sduidm as sduidm11_37_0_, salesdetai0_.sdacid as sdacid12_37_0_, salesdetai0_.sdcrcb as sdcrcb13_37_0_, salesdetai0_.sditc02 as sditc14_37_0_, salesdetai0_.sdbuid as sdbuid15_37_0_, salesdetai0_.sdqtycl as sdqtycl16_37_0_, salesdetai0_.sditc01 as sditc17_37_0_, salesdetai0_.sdcldt as sdcldt18_37_0_, salesdetai0_.sdcnid as sdcnid19_37_0_, salesdetai0_.sdcsid as sdcsid20_37_0_, salesdetai0_.sddldt as sddldt21_37_0_, salesdetai0_.sddccd as sddccd22_37_0_, salesdetai0_.sddcrt as sddcrt23_37_0_, salesdetai0_.sdexcrt as sdexcrt24_37_0_, salesdetai0_.sdexid as sdexid25_37_0_, salesdetai0_.sdexcost as sdexcos26_37_0_, salesdetai0_.sdexprice as sdexpri27_37_0_, salesdetai0_.sdqtyx as sdqtyx28_37_0_, salesdetai0_.sducfx as sducfx29_37_0_, salesdetai0_.sduomx as sduomx30_37_0_, salesdetai0_.sdunpricex as sdunpri31_37_0_, salesdetai0_.sdfep as sdfep32_37_0_, salesdetai0_.sdfta as sdfta33_37_0_, salesdetai0_.sdftb as sdftb34_37_0_, salesdetai0_.sdfup as sdfup35_37_0_, salesdetai0_.sdglcls as sdglcls36_37_0_, salesdetai0_.sdgldt as sdgldt37_37_0_, salesdetai0_.sdgscrt as sdgscrt38_37_0_, salesdetai0_.sdhcod as sdhcod39_37_0_, salesdetai0_.sdir02 as sdir40_37_0_, salesdetai0_.sdir01 as sdir41_37_0_, salesdetai0_.sdir03 as sdir42_37_0_, salesdetai0_.sdinum as sdinum43_37_0_, salesdetai0_.sddesb1 as sddesb44_37_0_, salesdetai0_.sditc05 as sditc45_37_0_, salesdetai0_.sdlst as sdlst46_37_0_, salesdetai0_.sdlnty as sdlnty47_37_0_, salesdetai0_.sdlocid as sdlocid48_37_0_, salesdetai0_.sdnst as sdnst49_37_0_, salesdetai0_.sdobid as sdobid50_37_0_, salesdetai0_.sdqtyop as sdqtyop51_37_0_, salesdetai0_.sdordt as sdordt52_37_0_, salesdetai0_.sdott as sdott53_37_0_, salesdetai0_.sdordocdt as sdordoc54_37_0_, salesdetai0_.sdordocno as sdordoc55_37_0_, salesdetai0_.sdordocsq as sdordoc56_37_0_, salesdetai0_.sdordocty as sdordoc57_37_0_, salesdetai0_.sdprid as sdprid58_37_0_, salesdetai0_.sdpyid as sdpyid59_37_0_, salesdetai0_.sdptc as sdptc60_37_0_, salesdetai0_.sdpqor as sdpqor61_37_0_, salesdetai0_.sduom1 as sduom62_37_0_, salesdetai0_.sdrbuid as sdrbuid63_37_0_, salesdetai0_.sdpjid as sdpjid64_37_0_, salesdetai0_.sdpddt as sdpddt65_37_0_, salesdetai0_.sdqty as sdqty66_37_0_, salesdetai0_.sdstid as sdstid67_37_0_, salesdetai0_.sdvr04 as sdvr68_37_0_, salesdetai0_.sdvr01 as sdvr69_37_0_, salesdetai0_.sdvr03 as sdvr70_37_0_, salesdetai0_.sdvr05 as sdvr71_37_0_, salesdetai0_.sdvr02 as sdvr72_37_0_, salesdetai0_.sdrldocno as sdrldoc73_37_0_, salesdetai0_.sdrldocsq as sdrldoc74_37_0_, salesdetai0_.sdrldocty as sdrldoc75_37_0_, salesdetai0_.sdrqdt as sdrqdt76_37_0_, salesdetai0_.sdqtyrn as sdqtyrn77_37_0_, salesdetai0_.sdso03 as sdso78_37_0_, salesdetai0_.sdso01 as sdso79_37_0_, salesdetai0_.sdso02 as sdso80_37_0_, salesdetai0_.sdslid as sdslid81_37_0_, salesdetai0_.sdsqor as sdsqor82_37_0_, salesdetai0_.sduom2 as sduom83_37_0_, salesdetai0_.sdsnlot as sdsnlot84_37_0_, salesdetai0_.sdslrc1 as sdslrc85_37_0_, salesdetai0_.sdqtysh as sdqtysh86_37_0_, salesdetai0_.sdtaxal as sdtaxal87_37_0_, salesdetai0_.sdtaxam as sdtaxam88_37_0_, salesdetai0_.sdtaxab as sdtaxab89_37_0_, salesdetai0_.sdtaxcd as sdtaxcd90_37_0_, salesdetai0_.sdtaxrt as sdtaxrt91_37_0_, salesdetai0_.sdcrct as sdcrct92_37_0_, salesdetai0_.sditc03 as sditc93_37_0_, salesdetai0_.sducf as sducf94_37_0_, salesdetai0_.sduncost as sduncos95_37_0_, salesdetai0_.sdudc as sdudc96_37_0_, salesdetai0_.sdudf as sdudf97_37_0_, salesdetai0_.sduom as sduom98_37_0_, salesdetai0_.sdunprice as sdunpri99_37_0_, salesdetai0_.sdurnb1 as sdurnb100_37_0_, salesdetai0_.sdurnb2 as sdurnb101_37_0_, salesdetai0_.sdvhrn as sdvhrn102_37_0_, salesdetai0_.sdvhty as sdvhty103_37_0_, salesdetai0_.sdqtyvl as sdqtyv104_37_0_, salesdetai0_.sduomv as sduomv105_37_0_, salesdetai0_.sdqtywt as sdqtyw106_37_0_, salesdetai0_.sduomw as sduomw107_37_0_, salesorder1_.shcoid as shcoid1_36_1_, salesorder1_.shdocono as shdocono2_36_1_, salesorder1_.shdocoty as shdocoty3_36_1_, salesorder1_.shcid as shcid4_36_1_, salesorder1_.shdtin as shdtin5_36_1_, salesorder1_.shtmin as shtmin6_36_1_, salesorder1_.shuid as shuid7_36_1_, salesorder1_.shdtlu as shdtlu8_36_1_, salesorder1_.shtmlu as shtmlu9_36_1_, salesorder1_.shuidm as shuidm10_36_1_, salesorder1_.shata as shata11_36_1_, salesorder1_.shatd as shatd12_36_1_, salesorder1_.shcrcb as shcrcb13_36_1_, salesorder1_.shbuid as shbuid14_36_1_, salesorder1_.shcldt as shcldt15_36_1_, salesorder1_.shcot as shcot16_36_1_, salesorder1_.shcsid as shcsid17_36_1_, salesorder1_.shcsdocdt as shcsdoc18_36_1_, salesorder1_.shcsdocno as shcsdoc19_36_1_, salesorder1_.shdod as shdod20_36_1_, salesorder1_.shdol as shdol21_36_1_, salesorder1_.shdou as shdou22_36_1_, salesorder1_.shdldt as shdldt23_36_1_, salesorder1_.shdesb1 as shdesb24_36_1_, salesorder1_.shdccd as shdccd25_36_1_, salesorder1_.shdcrt as shdcrt26_36_1_, salesorder1_.sheta as sheta27_36_1_, salesorder1_.shetd as shetd28_36_1_, salesorder1_.shexcrt as shexcrt29_36_1_, salesorder1_.shexid as shexid30_36_1_, salesorder1_.shead as shead31_36_1_, salesorder1_.shean as shean32_36_1_, salesorder1_.shedd as shedd33_36_1_, salesorder1_.shedn as shedn34_36_1_, salesorder1_.shfbd as shfbd35_36_1_, salesorder1_.shfbn as shfbn36_36_1_, salesorder1_.shfhc as shfhc37_36_1_, salesorder1_.shgldt as shgldt38_36_1_, salesorder1_.shgscrt as shgscrt39_36_1_, salesorder1_.shhcod as shhcod40_36_1_, salesorder1_.shlst as shlst41_36_1_, salesorder1_.shnst as shnst42_36_1_, salesorder1_.shobid as shobid43_36_1_, salesorder1_.shordt as shordt44_36_1_, salesorder1_.shordocdt as shordoc45_36_1_, salesorder1_.shordocno as shordoc46_36_1_, salesorder1_.shprid as shprid47_36_1_, salesorder1_.shpyid as shpyid48_36_1_, salesorder1_.shptc as shptc49_36_1_, salesorder1_.shpoa as shpoa50_36_1_, salesorder1_.shpod as shpod51_36_1_, salesorder1_.shrbuid as shrbuid52_36_1_, salesorder1_.shpjid as shpjid53_36_1_, salesorder1_.shpddt as shpddt54_36_1_, salesorder1_.shstid as shstid55_36_1_, salesorder1_.shrqdt as shrqdt56_36_1_, salesorder1_.shslid as shslid57_36_1_, salesorder1_.shshcn as shshcn58_36_1_, salesorder1_.shshmt as shshmt59_36_1_, salesorder1_.shtagid as shtagid60_36_1_, salesorder1_.shtaxal as shtaxal61_36_1_, salesorder1_.shtaxcd as shtaxcd62_36_1_, salesorder1_.shtaxrt as shtaxrt63_36_1_, salesorder1_.shcrct as shcrct64_36_1_, salesorder1_.shurdt1 as shurdt65_36_1_, salesorder1_.shurdt2 as shurdt66_36_1_ from t4211 salesdetai0_ inner join t4201 salesorder1_ on salesdetai0_.sdcoid=salesorder1_.shcoid and salesdetai0_.sddocono=salesorder1_.shdocono and salesdetai0_.sddocoty=salesorder1_.shdocoty where salesdetai0_.sdcoid=? and salesdetai0_.sddocono=? and salesdetai0_.sddocosq=? and salesdetai0_.sddocoty=?
Hibernate: select serialnumb0_.coid as coid1_43_0_, serialnumb0_.docno as docno2_43_0_, serialnumb0_.docty as docty3_43_0_, serialnumb0_.docsq as docsq4_43_0_, serialnumb0_.buid as buid5_43_0_, serialnumb0_.inum as inum6_43_0_, serialnumb0_.snlot as snlot7_43_0_, lotmaster1_.ltbuid as ltbuid1_34_1_, lotmaster1_.ltinum as ltinum2_34_1_, lotmaster1_.ltsnlot as ltsnlot3_34_1_, lotmaster1_.ltcid as ltcid4_34_1_, lotmaster1_.ltdtin as ltdtin5_34_1_, lotmaster1_.lttmin as lttmin6_34_1_, lotmaster1_.ltuid as ltuid7_34_1_, lotmaster1_.ltdtlu as ltdtlu8_34_1_, lotmaster1_.lttmlu as lttmlu9_34_1_, lotmaster1_.ltuidm as ltuidm10_34_1_, lotmaster1_.ltbodt as ltbodt11_34_1_, lotmaster1_.ltbbdt as ltbbdt12_34_1_, lotmaster1_.ltcldt as ltcldt13_34_1_, lotmaster1_.ltexpdt as ltexpdt14_34_1_, lotmaster1_.ltldsc as ltldsc15_34_1_, lotmaster1_.ltledt as ltledt16_34_1_, lotmaster1_.ltlsc as ltlsc17_34_1_, lotmaster1_.ltmlot1 as ltmlot18_34_1_, lotmaster1_.ltmlot2 as ltmlot19_34_1_, lotmaster1_.ltmlot3 as ltmlot20_34_1_, lotmaster1_.ltohdt as ltohdt21_34_1_, lotmaster1_.ltsern as ltsern22_34_1_ from transaction_serialnumbers serialnumb0_ inner join t4108 lotmaster1_ on serialnumb0_.buid=lotmaster1_.ltbuid and serialnumb0_.inum=lotmaster1_.ltinum and serialnumb0_.snlot=lotmaster1_.ltsnlot where serialnumb0_.coid=? and serialnumb0_.docno=? and serialnumb0_.docty=? and serialnumb0_.docsq=?
Hibernate: select salesdetai0_.sdcoid as sdcoid1_37_0_, salesdetai0_.sddocono as sddocono2_37_0_, salesdetai0_.sddocosq as sddocosq3_37_0_, salesdetai0_.sddocoty as sddocoty4_37_0_, salesdetai0_.sdcid as sdcid5_37_0_, salesdetai0_.sddtin as sddtin6_37_0_, salesdetai0_.sdtmin as sdtmin7_37_0_, salesdetai0_.sduid as sduid8_37_0_, salesdetai0_.sddtlu as sddtlu9_37_0_, salesdetai0_.sdtmlu as sdtmlu10_37_0_, salesdetai0_.sduidm as sduidm11_37_0_, salesdetai0_.sdacid as sdacid12_37_0_, salesdetai0_.sdcrcb as sdcrcb13_37_0_, salesdetai0_.sditc02 as sditc14_37_0_, salesdetai0_.sdbuid as sdbuid15_37_0_, salesdetai0_.sdqtycl as sdqtycl16_37_0_, salesdetai0_.sditc01 as sditc17_37_0_, salesdetai0_.sdcldt as sdcldt18_37_0_, salesdetai0_.sdcnid as sdcnid19_37_0_, salesdetai0_.sdcsid as sdcsid20_37_0_, salesdetai0_.sddldt as sddldt21_37_0_, salesdetai0_.sddccd as sddccd22_37_0_, salesdetai0_.sddcrt as sddcrt23_37_0_, salesdetai0_.sdexcrt as sdexcrt24_37_0_, salesdetai0_.sdexid as sdexid25_37_0_, salesdetai0_.sdexcost as sdexcos26_37_0_, salesdetai0_.sdexprice as sdexpri27_37_0_, salesdetai0_.sdqtyx as sdqtyx28_37_0_, salesdetai0_.sducfx as sducfx29_37_0_, salesdetai0_.sduomx as sduomx30_37_0_, salesdetai0_.sdunpricex as sdunpri31_37_0_, salesdetai0_.sdfep as sdfep32_37_0_, salesdetai0_.sdfta as sdfta33_37_0_, salesdetai0_.sdftb as sdftb34_37_0_, salesdetai0_.sdfup as sdfup35_37_0_, salesdetai0_.sdglcls as sdglcls36_37_0_, salesdetai0_.sdgldt as sdgldt37_37_0_, salesdetai0_.sdgscrt as sdgscrt38_37_0_, salesdetai0_.sdhcod as sdhcod39_37_0_, salesdetai0_.sdir02 as sdir40_37_0_, salesdetai0_.sdir01 as sdir41_37_0_, salesdetai0_.sdir03 as sdir42_37_0_, salesdetai0_.sdinum as sdinum43_37_0_, salesdetai0_.sddesb1 as sddesb44_37_0_, salesdetai0_.sditc05 as sditc45_37_0_, salesdetai0_.sdlst as sdlst46_37_0_, salesdetai0_.sdlnty as sdlnty47_37_0_, salesdetai0_.sdlocid as sdlocid48_37_0_, salesdetai0_.sdnst as sdnst49_37_0_, salesdetai0_.sdobid as sdobid50_37_0_, salesdetai0_.sdqtyop as sdqtyop51_37_0_, salesdetai0_.sdordt as sdordt52_37_0_, salesdetai0_.sdott as sdott53_37_0_, salesdetai0_.sdordocdt as sdordoc54_37_0_, salesdetai0_.sdordocno as sdordoc55_37_0_, salesdetai0_.sdordocsq as sdordoc56_37_0_, salesdetai0_.sdordocty as sdordoc57_37_0_, salesdetai0_.sdprid as sdprid58_37_0_, salesdetai0_.sdpyid as sdpyid59_37_0_, salesdetai0_.sdptc as sdptc60_37_0_, salesdetai0_.sdpqor as sdpqor61_37_0_, salesdetai0_.sduom1 as sduom62_37_0_, salesdetai0_.sdrbuid as sdrbuid63_37_0_, salesdetai0_.sdpjid as sdpjid64_37_0_, salesdetai0_.sdpddt as sdpddt65_37_0_, salesdetai0_.sdqty as sdqty66_37_0_, salesdetai0_.sdstid as sdstid67_37_0_, salesdetai0_.sdvr04 as sdvr68_37_0_, salesdetai0_.sdvr01 as sdvr69_37_0_, salesdetai0_.sdvr03 as sdvr70_37_0_, salesdetai0_.sdvr05 as sdvr71_37_0_, salesdetai0_.sdvr02 as sdvr72_37_0_, salesdetai0_.sdrldocno as sdrldoc73_37_0_, salesdetai0_.sdrldocsq as sdrldoc74_37_0_, salesdetai0_.sdrldocty as sdrldoc75_37_0_, salesdetai0_.sdrqdt as sdrqdt76_37_0_, salesdetai0_.sdqtyrn as sdqtyrn77_37_0_, salesdetai0_.sdso03 as sdso78_37_0_, salesdetai0_.sdso01 as sdso79_37_0_, salesdetai0_.sdso02 as sdso80_37_0_, salesdetai0_.sdslid as sdslid81_37_0_, salesdetai0_.sdsqor as sdsqor82_37_0_, salesdetai0_.sduom2 as sduom83_37_0_, salesdetai0_.sdsnlot as sdsnlot84_37_0_, salesdetai0_.sdslrc1 as sdslrc85_37_0_, salesdetai0_.sdqtysh as sdqtysh86_37_0_, salesdetai0_.sdtaxal as sdtaxal87_37_0_, salesdetai0_.sdtaxam as sdtaxam88_37_0_, salesdetai0_.sdtaxab as sdtaxab89_37_0_, salesdetai0_.sdtaxcd as sdtaxcd90_37_0_, salesdetai0_.sdtaxrt as sdtaxrt91_37_0_, salesdetai0_.sdcrct as sdcrct92_37_0_, salesdetai0_.sditc03 as sditc93_37_0_, salesdetai0_.sducf as sducf94_37_0_, salesdetai0_.sduncost as sduncos95_37_0_, salesdetai0_.sdudc as sdudc96_37_0_, salesdetai0_.sdudf as sdudf97_37_0_, salesdetai0_.sduom as sduom98_37_0_, salesdetai0_.sdunprice as sdunpri99_37_0_, salesdetai0_.sdurnb1 as sdurnb100_37_0_, salesdetai0_.sdurnb2 as sdurnb101_37_0_, salesdetai0_.sdvhrn as sdvhrn102_37_0_, salesdetai0_.sdvhty as sdvhty103_37_0_, salesdetai0_.sdqtyvl as sdqtyv104_37_0_, salesdetai0_.sduomv as sduomv105_37_0_, salesdetai0_.sdqtywt as sdqtyw106_37_0_, salesdetai0_.sduomw as sduomw107_37_0_, salesorder1_.shcoid as shcoid1_36_1_, salesorder1_.shdocono as shdocono2_36_1_, salesorder1_.shdocoty as shdocoty3_36_1_, salesorder1_.shcid as shcid4_36_1_, salesorder1_.shdtin as shdtin5_36_1_, salesorder1_.shtmin as shtmin6_36_1_, salesorder1_.shuid as shuid7_36_1_, salesorder1_.shdtlu as shdtlu8_36_1_, salesorder1_.shtmlu as shtmlu9_36_1_, salesorder1_.shuidm as shuidm10_36_1_, salesorder1_.shata as shata11_36_1_, salesorder1_.shatd as shatd12_36_1_, salesorder1_.shcrcb as shcrcb13_36_1_, salesorder1_.shbuid as shbuid14_36_1_, salesorder1_.shcldt as shcldt15_36_1_, salesorder1_.shcot as shcot16_36_1_, salesorder1_.shcsid as shcsid17_36_1_, salesorder1_.shcsdocdt as shcsdoc18_36_1_, salesorder1_.shcsdocno as shcsdoc19_36_1_, salesorder1_.shdod as shdod20_36_1_, salesorder1_.shdol as shdol21_36_1_, salesorder1_.shdou as shdou22_36_1_, salesorder1_.shdldt as shdldt23_36_1_, salesorder1_.shdesb1 as shdesb24_36_1_, salesorder1_.shdccd as shdccd25_36_1_, salesorder1_.shdcrt as shdcrt26_36_1_, salesorder1_.sheta as sheta27_36_1_, salesorder1_.shetd as shetd28_36_1_, salesorder1_.shexcrt as shexcrt29_36_1_, salesorder1_.shexid as shexid30_36_1_, salesorder1_.shead as shead31_36_1_, salesorder1_.shean as shean32_36_1_, salesorder1_.shedd as shedd33_36_1_, salesorder1_.shedn as shedn34_36_1_, salesorder1_.shfbd as shfbd35_36_1_, salesorder1_.shfbn as shfbn36_36_1_, salesorder1_.shfhc as shfhc37_36_1_, salesorder1_.shgldt as shgldt38_36_1_, salesorder1_.shgscrt as shgscrt39_36_1_, salesorder1_.shhcod as shhcod40_36_1_, salesorder1_.shlst as shlst41_36_1_, salesorder1_.shnst as shnst42_36_1_, salesorder1_.shobid as shobid43_36_1_, salesorder1_.shordt as shordt44_36_1_, salesorder1_.shordocdt as shordoc45_36_1_, salesorder1_.shordocno as shordoc46_36_1_, salesorder1_.shprid as shprid47_36_1_, salesorder1_.shpyid as shpyid48_36_1_, salesorder1_.shptc as shptc49_36_1_, salesorder1_.shpoa as shpoa50_36_1_, salesorder1_.shpod as shpod51_36_1_, salesorder1_.shrbuid as shrbuid52_36_1_, salesorder1_.shpjid as shpjid53_36_1_, salesorder1_.shpddt as shpddt54_36_1_, salesorder1_.shstid as shstid55_36_1_, salesorder1_.shrqdt as shrqdt56_36_1_, salesorder1_.shslid as shslid57_36_1_, salesorder1_.shshcn as shshcn58_36_1_, salesorder1_.shshmt as shshmt59_36_1_, salesorder1_.shtagid as shtagid60_36_1_, salesorder1_.shtaxal as shtaxal61_36_1_, salesorder1_.shtaxcd as shtaxcd62_36_1_, salesorder1_.shtaxrt as shtaxrt63_36_1_, salesorder1_.shcrct as shcrct64_36_1_, salesorder1_.shurdt1 as shurdt65_36_1_, salesorder1_.shurdt2 as shurdt66_36_1_ from t4211 salesdetai0_ inner join t4201 salesorder1_ on salesdetai0_.sdcoid=salesorder1_.shcoid and salesdetai0_.sddocono=salesorder1_.shdocono and salesdetai0_.sddocoty=salesorder1_.shdocoty where salesdetai0_.sdcoid=? and salesdetai0_.sddocono=? and salesdetai0_.sddocosq=? and salesdetai0_.sddocoty=?
Hibernate: select serialnumb0_.coid as coid1_43_0_, serialnumb0_.docno as docno2_43_0_, serialnumb0_.docty as docty3_43_0_, serialnumb0_.docsq as docsq4_43_0_, serialnumb0_.buid as buid5_43_0_, serialnumb0_.inum as inum6_43_0_, serialnumb0_.snlot as snlot7_43_0_, lotmaster1_.ltbuid as ltbuid1_34_1_, lotmaster1_.ltinum as ltinum2_34_1_, lotmaster1_.ltsnlot as ltsnlot3_34_1_, lotmaster1_.ltcid as ltcid4_34_1_, lotmaster1_.ltdtin as ltdtin5_34_1_, lotmaster1_.lttmin as lttmin6_34_1_, lotmaster1_.ltuid as ltuid7_34_1_, lotmaster1_.ltdtlu as ltdtlu8_34_1_, lotmaster1_.lttmlu as lttmlu9_34_1_, lotmaster1_.ltuidm as ltuidm10_34_1_, lotmaster1_.ltbodt as ltbodt11_34_1_, lotmaster1_.ltbbdt as ltbbdt12_34_1_, lotmaster1_.ltcldt as ltcldt13_34_1_, lotmaster1_.ltexpdt as ltexpdt14_34_1_, lotmaster1_.ltldsc as ltldsc15_34_1_, lotmaster1_.ltledt as ltledt16_34_1_, lotmaster1_.ltlsc as ltlsc17_34_1_, lotmaster1_.ltmlot1 as ltmlot18_34_1_, lotmaster1_.ltmlot2 as ltmlot19_34_1_, lotmaster1_.ltmlot3 as ltmlot20_34_1_, lotmaster1_.ltohdt as ltohdt21_34_1_, lotmaster1_.ltsern as ltsern22_34_1_ from transaction_serialnumbers serialnumb0_ inner join t4108 lotmaster1_ on serialnumb0_.buid=lotmaster1_.ltbuid and serialnumb0_.inum=lotmaster1_.ltinum and serialnumb0_.snlot=lotmaster1_.ltsnlot where serialnumb0_.coid=? and serialnumb0_.docno=? and serialnumb0_.docty=? and serialnumb0_.docsq=?
Hibernate: select salesdetai0_.sdcoid as sdcoid1_37_0_, salesdetai0_.sddocono as sddocono2_37_0_, salesdetai0_.sddocosq as sddocosq3_37_0_, salesdetai0_.sddocoty as sddocoty4_37_0_, salesdetai0_.sdcid as sdcid5_37_0_, salesdetai0_.sddtin as sddtin6_37_0_, salesdetai0_.sdtmin as sdtmin7_37_0_, salesdetai0_.sduid as sduid8_37_0_, salesdetai0_.sddtlu as sddtlu9_37_0_, salesdetai0_.sdtmlu as sdtmlu10_37_0_, salesdetai0_.sduidm as sduidm11_37_0_, salesdetai0_.sdacid as sdacid12_37_0_, salesdetai0_.sdcrcb as sdcrcb13_37_0_, salesdetai0_.sditc02 as sditc14_37_0_, salesdetai0_.sdbuid as sdbuid15_37_0_, salesdetai0_.sdqtycl as sdqtycl16_37_0_, salesdetai0_.sditc01 as sditc17_37_0_, salesdetai0_.sdcldt as sdcldt18_37_0_, salesdetai0_.sdcnid as sdcnid19_37_0_, salesdetai0_.sdcsid as sdcsid20_37_0_, salesdetai0_.sddldt as sddldt21_37_0_, salesdetai0_.sddccd as sddccd22_37_0_, salesdetai0_.sddcrt as sddcrt23_37_0_, salesdetai0_.sdexcrt as sdexcrt24_37_0_, salesdetai0_.sdexid as sdexid25_37_0_, salesdetai0_.sdexcost as sdexcos26_37_0_, salesdetai0_.sdexprice as sdexpri27_37_0_, salesdetai0_.sdqtyx as sdqtyx28_37_0_, salesdetai0_.sducfx as sducfx29_37_0_, salesdetai0_.sduomx as sduomx30_37_0_, salesdetai0_.sdunpricex as sdunpri31_37_0_, salesdetai0_.sdfep as sdfep32_37_0_, salesdetai0_.sdfta as sdfta33_37_0_, salesdetai0_.sdftb as sdftb34_37_0_, salesdetai0_.sdfup as sdfup35_37_0_, salesdetai0_.sdglcls as sdglcls36_37_0_, salesdetai0_.sdgldt as sdgldt37_37_0_, salesdetai0_.sdgscrt as sdgscrt38_37_0_, salesdetai0_.sdhcod as sdhcod39_37_0_, salesdetai0_.sdir02 as sdir40_37_0_, salesdetai0_.sdir01 as sdir41_37_0_, salesdetai0_.sdir03 as sdir42_37_0_, salesdetai0_.sdinum as sdinum43_37_0_, salesdetai0_.sddesb1 as sddesb44_37_0_, salesdetai0_.sditc05 as sditc45_37_0_, salesdetai0_.sdlst as sdlst46_37_0_, salesdetai0_.sdlnty as sdlnty47_37_0_, salesdetai0_.sdlocid as sdlocid48_37_0_, salesdetai0_.sdnst as sdnst49_37_0_, salesdetai0_.sdobid as sdobid50_37_0_, salesdetai0_.sdqtyop as sdqtyop51_37_0_, salesdetai0_.sdordt as sdordt52_37_0_, salesdetai0_.sdott as sdott53_37_0_, salesdetai0_.sdordocdt as sdordoc54_37_0_, salesdetai0_.sdordocno as sdordoc55_37_0_, salesdetai0_.sdordocsq as sdordoc56_37_0_, salesdetai0_.sdordocty as sdordoc57_37_0_, salesdetai0_.sdprid as sdprid58_37_0_, salesdetai0_.sdpyid as sdpyid59_37_0_, salesdetai0_.sdptc as sdptc60_37_0_, salesdetai0_.sdpqor as sdpqor61_37_0_, salesdetai0_.sduom1 as sduom62_37_0_, salesdetai0_.sdrbuid as sdrbuid63_37_0_, salesdetai0_.sdpjid as sdpjid64_37_0_, salesdetai0_.sdpddt as sdpddt65_37_0_, salesdetai0_.sdqty as sdqty66_37_0_, salesdetai0_.sdstid as sdstid67_37_0_, salesdetai0_.sdvr04 as sdvr68_37_0_, salesdetai0_.sdvr01 as sdvr69_37_0_, salesdetai0_.sdvr03 as sdvr70_37_0_, salesdetai0_.sdvr05 as sdvr71_37_0_, salesdetai0_.sdvr02 as sdvr72_37_0_, salesdetai0_.sdrldocno as sdrldoc73_37_0_, salesdetai0_.sdrldocsq as sdrldoc74_37_0_, salesdetai0_.sdrldocty as sdrldoc75_37_0_, salesdetai0_.sdrqdt as sdrqdt76_37_0_, salesdetai0_.sdqtyrn as sdqtyrn77_37_0_, salesdetai0_.sdso03 as sdso78_37_0_, salesdetai0_.sdso01 as sdso79_37_0_, salesdetai0_.sdso02 as sdso80_37_0_, salesdetai0_.sdslid as sdslid81_37_0_, salesdetai0_.sdsqor as sdsqor82_37_0_, salesdetai0_.sduom2 as sduom83_37_0_, salesdetai0_.sdsnlot as sdsnlot84_37_0_, salesdetai0_.sdslrc1 as sdslrc85_37_0_, salesdetai0_.sdqtysh as sdqtysh86_37_0_, salesdetai0_.sdtaxal as sdtaxal87_37_0_, salesdetai0_.sdtaxam as sdtaxam88_37_0_, salesdetai0_.sdtaxab as sdtaxab89_37_0_, salesdetai0_.sdtaxcd as sdtaxcd90_37_0_, salesdetai0_.sdtaxrt as sdtaxrt91_37_0_, salesdetai0_.sdcrct as sdcrct92_37_0_, salesdetai0_.sditc03 as sditc93_37_0_, salesdetai0_.sducf as sducf94_37_0_, salesdetai0_.sduncost as sduncos95_37_0_, salesdetai0_.sdudc as sdudc96_37_0_, salesdetai0_.sdudf as sdudf97_37_0_, salesdetai0_.sduom as sduom98_37_0_, salesdetai0_.sdunprice as sdunpri99_37_0_, salesdetai0_.sdurnb1 as sdurnb100_37_0_, salesdetai0_.sdurnb2 as sdurnb101_37_0_, salesdetai0_.sdvhrn as sdvhrn102_37_0_, salesdetai0_.sdvhty as sdvhty103_37_0_, salesdetai0_.sdqtyvl as sdqtyv104_37_0_, salesdetai0_.sduomv as sduomv105_37_0_, salesdetai0_.sdqtywt as sdqtyw106_37_0_, salesdetai0_.sduomw as sduomw107_37_0_, salesorder1_.shcoid as shcoid1_36_1_, salesorder1_.shdocono as shdocono2_36_1_, salesorder1_.shdocoty as shdocoty3_36_1_, salesorder1_.shcid as shcid4_36_1_, salesorder1_.shdtin as shdtin5_36_1_, salesorder1_.shtmin as shtmin6_36_1_, salesorder1_.shuid as shuid7_36_1_, salesorder1_.shdtlu as shdtlu8_36_1_, salesorder1_.shtmlu as shtmlu9_36_1_, salesorder1_.shuidm as shuidm10_36_1_, salesorder1_.shata as shata11_36_1_, salesorder1_.shatd as shatd12_36_1_, salesorder1_.shcrcb as shcrcb13_36_1_, salesorder1_.shbuid as shbuid14_36_1_, salesorder1_.shcldt as shcldt15_36_1_, salesorder1_.shcot as shcot16_36_1_, salesorder1_.shcsid as shcsid17_36_1_, salesorder1_.shcsdocdt as shcsdoc18_36_1_, salesorder1_.shcsdocno as shcsdoc19_36_1_, salesorder1_.shdod as shdod20_36_1_, salesorder1_.shdol as shdol21_36_1_, salesorder1_.shdou as shdou22_36_1_, salesorder1_.shdldt as shdldt23_36_1_, salesorder1_.shdesb1 as shdesb24_36_1_, salesorder1_.shdccd as shdccd25_36_1_, salesorder1_.shdcrt as shdcrt26_36_1_, salesorder1_.sheta as sheta27_36_1_, salesorder1_.shetd as shetd28_36_1_, salesorder1_.shexcrt as shexcrt29_36_1_, salesorder1_.shexid as shexid30_36_1_, salesorder1_.shead as shead31_36_1_, salesorder1_.shean as shean32_36_1_, salesorder1_.shedd as shedd33_36_1_, salesorder1_.shedn as shedn34_36_1_, salesorder1_.shfbd as shfbd35_36_1_, salesorder1_.shfbn as shfbn36_36_1_, salesorder1_.shfhc as shfhc37_36_1_, salesorder1_.shgldt as shgldt38_36_1_, salesorder1_.shgscrt as shgscrt39_36_1_, salesorder1_.shhcod as shhcod40_36_1_, salesorder1_.shlst as shlst41_36_1_, salesorder1_.shnst as shnst42_36_1_, salesorder1_.shobid as shobid43_36_1_, salesorder1_.shordt as shordt44_36_1_, salesorder1_.shordocdt as shordoc45_36_1_, salesorder1_.shordocno as shordoc46_36_1_, salesorder1_.shprid as shprid47_36_1_, salesorder1_.shpyid as shpyid48_36_1_, salesorder1_.shptc as shptc49_36_1_, salesorder1_.shpoa as shpoa50_36_1_, salesorder1_.shpod as shpod51_36_1_, salesorder1_.shrbuid as shrbuid52_36_1_, salesorder1_.shpjid as shpjid53_36_1_, salesorder1_.shpddt as shpddt54_36_1_, salesorder1_.shstid as shstid55_36_1_, salesorder1_.shrqdt as shrqdt56_36_1_, salesorder1_.shslid as shslid57_36_1_, salesorder1_.shshcn as shshcn58_36_1_, salesorder1_.shshmt as shshmt59_36_1_, salesorder1_.shtagid as shtagid60_36_1_, salesorder1_.shtaxal as shtaxal61_36_1_, salesorder1_.shtaxcd as shtaxcd62_36_1_, salesorder1_.shtaxrt as shtaxrt63_36_1_, salesorder1_.shcrct as shcrct64_36_1_, salesorder1_.shurdt1 as shurdt65_36_1_, salesorder1_.shurdt2 as shurdt66_36_1_ from t4211 salesdetai0_ inner join t4201 salesorder1_ on salesdetai0_.sdcoid=salesorder1_.shcoid and salesdetai0_.sddocono=salesorder1_.shdocono and salesdetai0_.sddocoty=salesorder1_.shdocoty where salesdetai0_.sdcoid=? and salesdetai0_.sddocono=? and salesdetai0_.sddocosq=? and salesdetai0_.sddocoty=?
Hibernate: select serialnumb0_.coid as coid1_43_0_, serialnumb0_.docno as docno2_43_0_, serialnumb0_.docty as docty3_43_0_, serialnumb0_.docsq as docsq4_43_0_, serialnumb0_.buid as buid5_43_0_, serialnumb0_.inum as inum6_43_0_, serialnumb0_.snlot as snlot7_43_0_, lotmaster1_.ltbuid as ltbuid1_34_1_, lotmaster1_.ltinum as ltinum2_34_1_, lotmaster1_.ltsnlot as ltsnlot3_34_1_, lotmaster1_.ltcid as ltcid4_34_1_, lotmaster1_.ltdtin as ltdtin5_34_1_, lotmaster1_.lttmin as lttmin6_34_1_, lotmaster1_.ltuid as ltuid7_34_1_, lotmaster1_.ltdtlu as ltdtlu8_34_1_, lotmaster1_.lttmlu as lttmlu9_34_1_, lotmaster1_.ltuidm as ltuidm10_34_1_, lotmaster1_.ltbodt as ltbodt11_34_1_, lotmaster1_.ltbbdt as ltbbdt12_34_1_, lotmaster1_.ltcldt as ltcldt13_34_1_, lotmaster1_.ltexpdt as ltexpdt14_34_1_, lotmaster1_.ltldsc as ltldsc15_34_1_, lotmaster1_.ltledt as ltledt16_34_1_, lotmaster1_.ltlsc as ltlsc17_34_1_, lotmaster1_.ltmlot1 as ltmlot18_34_1_, lotmaster1_.ltmlot2 as ltmlot19_34_1_, lotmaster1_.ltmlot3 as ltmlot20_34_1_, lotmaster1_.ltohdt as ltohdt21_34_1_, lotmaster1_.ltsern as ltsern22_34_1_ from transaction_serialnumbers serialnumb0_ inner join t4108 lotmaster1_ on serialnumb0_.buid=lotmaster1_.ltbuid and serialnumb0_.inum=lotmaster1_.ltinum and serialnumb0_.snlot=lotmaster1_.ltsnlot where serialnumb0_.coid=? and serialnumb0_.docno=? and serialnumb0_.docty=? and serialnumb0_.docsq=?
Hibernate: select salesdetai0_.sdcoid as sdcoid1_37_0_, salesdetai0_.sddocono as sddocono2_37_0_, salesdetai0_.sddocosq as sddocosq3_37_0_, salesdetai0_.sddocoty as sddocoty4_37_0_, salesdetai0_.sdcid as sdcid5_37_0_, salesdetai0_.sddtin as sddtin6_37_0_, salesdetai0_.sdtmin as sdtmin7_37_0_, salesdetai0_.sduid as sduid8_37_0_, salesdetai0_.sddtlu as sddtlu9_37_0_, salesdetai0_.sdtmlu as sdtmlu10_37_0_, salesdetai0_.sduidm as sduidm11_37_0_, salesdetai0_.sdacid as sdacid12_37_0_, salesdetai0_.sdcrcb as sdcrcb13_37_0_, salesdetai0_.sditc02 as sditc14_37_0_, salesdetai0_.sdbuid as sdbuid15_37_0_, salesdetai0_.sdqtycl as sdqtycl16_37_0_, salesdetai0_.sditc01 as sditc17_37_0_, salesdetai0_.sdcldt as sdcldt18_37_0_, salesdetai0_.sdcnid as sdcnid19_37_0_, salesdetai0_.sdcsid as sdcsid20_37_0_, salesdetai0_.sddldt as sddldt21_37_0_, salesdetai0_.sddccd as sddccd22_37_0_, salesdetai0_.sddcrt as sddcrt23_37_0_, salesdetai0_.sdexcrt as sdexcrt24_37_0_, salesdetai0_.sdexid as sdexid25_37_0_, salesdetai0_.sdexcost as sdexcos26_37_0_, salesdetai0_.sdexprice as sdexpri27_37_0_, salesdetai0_.sdqtyx as sdqtyx28_37_0_, salesdetai0_.sducfx as sducfx29_37_0_, salesdetai0_.sduomx as sduomx30_37_0_, salesdetai0_.sdunpricex as sdunpri31_37_0_, salesdetai0_.sdfep as sdfep32_37_0_, salesdetai0_.sdfta as sdfta33_37_0_, salesdetai0_.sdftb as sdftb34_37_0_, salesdetai0_.sdfup as sdfup35_37_0_, salesdetai0_.sdglcls as sdglcls36_37_0_, salesdetai0_.sdgldt as sdgldt37_37_0_, salesdetai0_.sdgscrt as sdgscrt38_37_0_, salesdetai0_.sdhcod as sdhcod39_37_0_, salesdetai0_.sdir02 as sdir40_37_0_, salesdetai0_.sdir01 as sdir41_37_0_, salesdetai0_.sdir03 as sdir42_37_0_, salesdetai0_.sdinum as sdinum43_37_0_, salesdetai0_.sddesb1 as sddesb44_37_0_, salesdetai0_.sditc05 as sditc45_37_0_, salesdetai0_.sdlst as sdlst46_37_0_, salesdetai0_.sdlnty as sdlnty47_37_0_, salesdetai0_.sdlocid as sdlocid48_37_0_, salesdetai0_.sdnst as sdnst49_37_0_, salesdetai0_.sdobid as sdobid50_37_0_, salesdetai0_.sdqtyop as sdqtyop51_37_0_, salesdetai0_.sdordt as sdordt52_37_0_, salesdetai0_.sdott as sdott53_37_0_, salesdetai0_.sdordocdt as sdordoc54_37_0_, salesdetai0_.sdordocno as sdordoc55_37_0_, salesdetai0_.sdordocsq as sdordoc56_37_0_, salesdetai0_.sdordocty as sdordoc57_37_0_, salesdetai0_.sdprid as sdprid58_37_0_, salesdetai0_.sdpyid as sdpyid59_37_0_, salesdetai0_.sdptc as sdptc60_37_0_, salesdetai0_.sdpqor as sdpqor61_37_0_, salesdetai0_.sduom1 as sduom62_37_0_, salesdetai0_.sdrbuid as sdrbuid63_37_0_, salesdetai0_.sdpjid as sdpjid64_37_0_, salesdetai0_.sdpddt as sdpddt65_37_0_, salesdetai0_.sdqty as sdqty66_37_0_, salesdetai0_.sdstid as sdstid67_37_0_, salesdetai0_.sdvr04 as sdvr68_37_0_, salesdetai0_.sdvr01 as sdvr69_37_0_, salesdetai0_.sdvr03 as sdvr70_37_0_, salesdetai0_.sdvr05 as sdvr71_37_0_, salesdetai0_.sdvr02 as sdvr72_37_0_, salesdetai0_.sdrldocno as sdrldoc73_37_0_, salesdetai0_.sdrldocsq as sdrldoc74_37_0_, salesdetai0_.sdrldocty as sdrldoc75_37_0_, salesdetai0_.sdrqdt as sdrqdt76_37_0_, salesdetai0_.sdqtyrn as sdqtyrn77_37_0_, salesdetai0_.sdso03 as sdso78_37_0_, salesdetai0_.sdso01 as sdso79_37_0_, salesdetai0_.sdso02 as sdso80_37_0_, salesdetai0_.sdslid as sdslid81_37_0_, salesdetai0_.sdsqor as sdsqor82_37_0_, salesdetai0_.sduom2 as sduom83_37_0_, salesdetai0_.sdsnlot as sdsnlot84_37_0_, salesdetai0_.sdslrc1 as sdslrc85_37_0_, salesdetai0_.sdqtysh as sdqtysh86_37_0_, salesdetai0_.sdtaxal as sdtaxal87_37_0_, salesdetai0_.sdtaxam as sdtaxam88_37_0_, salesdetai0_.sdtaxab as sdtaxab89_37_0_, salesdetai0_.sdtaxcd as sdtaxcd90_37_0_, salesdetai0_.sdtaxrt as sdtaxrt91_37_0_, salesdetai0_.sdcrct as sdcrct92_37_0_, salesdetai0_.sditc03 as sditc93_37_0_, salesdetai0_.sducf as sducf94_37_0_, salesdetai0_.sduncost as sduncos95_37_0_, salesdetai0_.sdudc as sdudc96_37_0_, salesdetai0_.sdudf as sdudf97_37_0_, salesdetai0_.sduom as sduom98_37_0_, salesdetai0_.sdunprice as sdunpri99_37_0_, salesdetai0_.sdurnb1 as sdurnb100_37_0_, salesdetai0_.sdurnb2 as sdurnb101_37_0_, salesdetai0_.sdvhrn as sdvhrn102_37_0_, salesdetai0_.sdvhty as sdvhty103_37_0_, salesdetai0_.sdqtyvl as sdqtyv104_37_0_, salesdetai0_.sduomv as sduomv105_37_0_, salesdetai0_.sdqtywt as sdqtyw106_37_0_, salesdetai0_.sduomw as sduomw107_37_0_, salesorder1_.shcoid as shcoid1_36_1_, salesorder1_.shdocono as shdocono2_36_1_, salesorder1_.shdocoty as shdocoty3_36_1_, salesorder1_.shcid as shcid4_36_1_, salesorder1_.shdtin as shdtin5_36_1_, salesorder1_.shtmin as shtmin6_36_1_, salesorder1_.shuid as shuid7_36_1_, salesorder1_.shdtlu as shdtlu8_36_1_, salesorder1_.shtmlu as shtmlu9_36_1_, salesorder1_.shuidm as shuidm10_36_1_, salesorder1_.shata as shata11_36_1_, salesorder1_.shatd as shatd12_36_1_, salesorder1_.shcrcb as shcrcb13_36_1_, salesorder1_.shbuid as shbuid14_36_1_, salesorder1_.shcldt as shcldt15_36_1_, salesorder1_.shcot as shcot16_36_1_, salesorder1_.shcsid as shcsid17_36_1_, salesorder1_.shcsdocdt as shcsdoc18_36_1_, salesorder1_.shcsdocno as shcsdoc19_36_1_, salesorder1_.shdod as shdod20_36_1_, salesorder1_.shdol as shdol21_36_1_, salesorder1_.shdou as shdou22_36_1_, salesorder1_.shdldt as shdldt23_36_1_, salesorder1_.shdesb1 as shdesb24_36_1_, salesorder1_.shdccd as shdccd25_36_1_, salesorder1_.shdcrt as shdcrt26_36_1_, salesorder1_.sheta as sheta27_36_1_, salesorder1_.shetd as shetd28_36_1_, salesorder1_.shexcrt as shexcrt29_36_1_, salesorder1_.shexid as shexid30_36_1_, salesorder1_.shead as shead31_36_1_, salesorder1_.shean as shean32_36_1_, salesorder1_.shedd as shedd33_36_1_, salesorder1_.shedn as shedn34_36_1_, salesorder1_.shfbd as shfbd35_36_1_, salesorder1_.shfbn as shfbn36_36_1_, salesorder1_.shfhc as shfhc37_36_1_, salesorder1_.shgldt as shgldt38_36_1_, salesorder1_.shgscrt as shgscrt39_36_1_, salesorder1_.shhcod as shhcod40_36_1_, salesorder1_.shlst as shlst41_36_1_, salesorder1_.shnst as shnst42_36_1_, salesorder1_.shobid as shobid43_36_1_, salesorder1_.shordt as shordt44_36_1_, salesorder1_.shordocdt as shordoc45_36_1_, salesorder1_.shordocno as shordoc46_36_1_, salesorder1_.shprid as shprid47_36_1_, salesorder1_.shpyid as shpyid48_36_1_, salesorder1_.shptc as shptc49_36_1_, salesorder1_.shpoa as shpoa50_36_1_, salesorder1_.shpod as shpod51_36_1_, salesorder1_.shrbuid as shrbuid52_36_1_, salesorder1_.shpjid as shpjid53_36_1_, salesorder1_.shpddt as shpddt54_36_1_, salesorder1_.shstid as shstid55_36_1_, salesorder1_.shrqdt as shrqdt56_36_1_, salesorder1_.shslid as shslid57_36_1_, salesorder1_.shshcn as shshcn58_36_1_, salesorder1_.shshmt as shshmt59_36_1_, salesorder1_.shtagid as shtagid60_36_1_, salesorder1_.shtaxal as shtaxal61_36_1_, salesorder1_.shtaxcd as shtaxcd62_36_1_, salesorder1_.shtaxrt as shtaxrt63_36_1_, salesorder1_.shcrct as shcrct64_36_1_, salesorder1_.shurdt1 as shurdt65_36_1_, salesorder1_.shurdt2 as shurdt66_36_1_ from t4211 salesdetai0_ inner join t4201 salesorder1_ on salesdetai0_.sdcoid=salesorder1_.shcoid and salesdetai0_.sddocono=salesorder1_.shdocono and salesdetai0_.sddocoty=salesorder1_.shdocoty where salesdetai0_.sdcoid=? and salesdetai0_.sddocono=? and salesdetai0_.sddocosq=? and salesdetai0_.sddocoty=?
Hibernate: select serialnumb0_.coid as coid1_43_0_, serialnumb0_.docno as docno2_43_0_, serialnumb0_.docty as docty3_43_0_, serialnumb0_.docsq as docsq4_43_0_, serialnumb0_.buid as buid5_43_0_, serialnumb0_.inum as inum6_43_0_, serialnumb0_.snlot as snlot7_43_0_, lotmaster1_.ltbuid as ltbuid1_34_1_, lotmaster1_.ltinum as ltinum2_34_1_, lotmaster1_.ltsnlot as ltsnlot3_34_1_, lotmaster1_.ltcid as ltcid4_34_1_, lotmaster1_.ltdtin as ltdtin5_34_1_, lotmaster1_.lttmin as lttmin6_34_1_, lotmaster1_.ltuid as ltuid7_34_1_, lotmaster1_.ltdtlu as ltdtlu8_34_1_, lotmaster1_.lttmlu as lttmlu9_34_1_, lotmaster1_.ltuidm as ltuidm10_34_1_, lotmaster1_.ltbodt as ltbodt11_34_1_, lotmaster1_.ltbbdt as ltbbdt12_34_1_, lotmaster1_.ltcldt as ltcldt13_34_1_, lotmaster1_.ltexpdt as ltexpdt14_34_1_, lotmaster1_.ltldsc as ltldsc15_34_1_, lotmaster1_.ltledt as ltledt16_34_1_, lotmaster1_.ltlsc as ltlsc17_34_1_, lotmaster1_.ltmlot1 as ltmlot18_34_1_, lotmaster1_.ltmlot2 as ltmlot19_34_1_, lotmaster1_.ltmlot3 as ltmlot20_34_1_, lotmaster1_.ltohdt as ltohdt21_34_1_, lotmaster1_.ltsern as ltsern22_34_1_ from transaction_serialnumbers serialnumb0_ inner join t4108 lotmaster1_ on serialnumb0_.buid=lotmaster1_.ltbuid and serialnumb0_.inum=lotmaster1_.ltinum and serialnumb0_.snlot=lotmaster1_.ltsnlot where serialnumb0_.coid=? and serialnumb0_.docno=? and serialnumb0_.docty=? and serialnumb0_.docsq=?
Hibernate: select salesdetai0_.sdcoid as sdcoid1_37_0_, salesdetai0_.sddocono as sddocono2_37_0_, salesdetai0_.sddocosq as sddocosq3_37_0_, salesdetai0_.sddocoty as sddocoty4_37_0_, salesdetai0_.sdcid as sdcid5_37_0_, salesdetai0_.sddtin as sddtin6_37_0_, salesdetai0_.sdtmin as sdtmin7_37_0_, salesdetai0_.sduid as sduid8_37_0_, salesdetai0_.sddtlu as sddtlu9_37_0_, salesdetai0_.sdtmlu as sdtmlu10_37_0_, salesdetai0_.sduidm as sduidm11_37_0_, salesdetai0_.sdacid as sdacid12_37_0_, salesdetai0_.sdcrcb as sdcrcb13_37_0_, salesdetai0_.sditc02 as sditc14_37_0_, salesdetai0_.sdbuid as sdbuid15_37_0_, salesdetai0_.sdqtycl as sdqtycl16_37_0_, salesdetai0_.sditc01 as sditc17_37_0_, salesdetai0_.sdcldt as sdcldt18_37_0_, salesdetai0_.sdcnid as sdcnid19_37_0_, salesdetai0_.sdcsid as sdcsid20_37_0_, salesdetai0_.sddldt as sddldt21_37_0_, salesdetai0_.sddccd as sddccd22_37_0_, salesdetai0_.sddcrt as sddcrt23_37_0_, salesdetai0_.sdexcrt as sdexcrt24_37_0_, salesdetai0_.sdexid as sdexid25_37_0_, salesdetai0_.sdexcost as sdexcos26_37_0_, salesdetai0_.sdexprice as sdexpri27_37_0_, salesdetai0_.sdqtyx as sdqtyx28_37_0_, salesdetai0_.sducfx as sducfx29_37_0_, salesdetai0_.sduomx as sduomx30_37_0_, salesdetai0_.sdunpricex as sdunpri31_37_0_, salesdetai0_.sdfep as sdfep32_37_0_, salesdetai0_.sdfta as sdfta33_37_0_, salesdetai0_.sdftb as sdftb34_37_0_, salesdetai0_.sdfup as sdfup35_37_0_, salesdetai0_.sdglcls as sdglcls36_37_0_, salesdetai0_.sdgldt as sdgldt37_37_0_, salesdetai0_.sdgscrt as sdgscrt38_37_0_, salesdetai0_.sdhcod as sdhcod39_37_0_, salesdetai0_.sdir02 as sdir40_37_0_, salesdetai0_.sdir01 as sdir41_37_0_, salesdetai0_.sdir03 as sdir42_37_0_, salesdetai0_.sdinum as sdinum43_37_0_, salesdetai0_.sddesb1 as sddesb44_37_0_, salesdetai0_.sditc05 as sditc45_37_0_, salesdetai0_.sdlst as sdlst46_37_0_, salesdetai0_.sdlnty as sdlnty47_37_0_, salesdetai0_.sdlocid as sdlocid48_37_0_, salesdetai0_.sdnst as sdnst49_37_0_, salesdetai0_.sdobid as sdobid50_37_0_, salesdetai0_.sdqtyop as sdqtyop51_37_0_, salesdetai0_.sdordt as sdordt52_37_0_, salesdetai0_.sdott as sdott53_37_0_, salesdetai0_.sdordocdt as sdordoc54_37_0_, salesdetai0_.sdordocno as sdordoc55_37_0_, salesdetai0_.sdordocsq as sdordoc56_37_0_, salesdetai0_.sdordocty as sdordoc57_37_0_, salesdetai0_.sdprid as sdprid58_37_0_, salesdetai0_.sdpyid as sdpyid59_37_0_, salesdetai0_.sdptc as sdptc60_37_0_, salesdetai0_.sdpqor as sdpqor61_37_0_, salesdetai0_.sduom1 as sduom62_37_0_, salesdetai0_.sdrbuid as sdrbuid63_37_0_, salesdetai0_.sdpjid as sdpjid64_37_0_, salesdetai0_.sdpddt as sdpddt65_37_0_, salesdetai0_.sdqty as sdqty66_37_0_, salesdetai0_.sdstid as sdstid67_37_0_, salesdetai0_.sdvr04 as sdvr68_37_0_, salesdetai0_.sdvr01 as sdvr69_37_0_, salesdetai0_.sdvr03 as sdvr70_37_0_, salesdetai0_.sdvr05 as sdvr71_37_0_, salesdetai0_.sdvr02 as sdvr72_37_0_, salesdetai0_.sdrldocno as sdrldoc73_37_0_, salesdetai0_.sdrldocsq as sdrldoc74_37_0_, salesdetai0_.sdrldocty as sdrldoc75_37_0_, salesdetai0_.sdrqdt as sdrqdt76_37_0_, salesdetai0_.sdqtyrn as sdqtyrn77_37_0_, salesdetai0_.sdso03 as sdso78_37_0_, salesdetai0_.sdso01 as sdso79_37_0_, salesdetai0_.sdso02 as sdso80_37_0_, salesdetai0_.sdslid as sdslid81_37_0_, salesdetai0_.sdsqor as sdsqor82_37_0_, salesdetai0_.sduom2 as sduom83_37_0_, salesdetai0_.sdsnlot as sdsnlot84_37_0_, salesdetai0_.sdslrc1 as sdslrc85_37_0_, salesdetai0_.sdqtysh as sdqtysh86_37_0_, salesdetai0_.sdtaxal as sdtaxal87_37_0_, salesdetai0_.sdtaxam as sdtaxam88_37_0_, salesdetai0_.sdtaxab as sdtaxab89_37_0_, salesdetai0_.sdtaxcd as sdtaxcd90_37_0_, salesdetai0_.sdtaxrt as sdtaxrt91_37_0_, salesdetai0_.sdcrct as sdcrct92_37_0_, salesdetai0_.sditc03 as sditc93_37_0_, salesdetai0_.sducf as sducf94_37_0_, salesdetai0_.sduncost as sduncos95_37_0_, salesdetai0_.sdudc as sdudc96_37_0_, salesdetai0_.sdudf as sdudf97_37_0_, salesdetai0_.sduom as sduom98_37_0_, salesdetai0_.sdunprice as sdunpri99_37_0_, salesdetai0_.sdurnb1 as sdurnb100_37_0_, salesdetai0_.sdurnb2 as sdurnb101_37_0_, salesdetai0_.sdvhrn as sdvhrn102_37_0_, salesdetai0_.sdvhty as sdvhty103_37_0_, salesdetai0_.sdqtyvl as sdqtyv104_37_0_, salesdetai0_.sduomv as sduomv105_37_0_, salesdetai0_.sdqtywt as sdqtyw106_37_0_, salesdetai0_.sduomw as sduomw107_37_0_, salesorder1_.shcoid as shcoid1_36_1_, salesorder1_.shdocono as shdocono2_36_1_, salesorder1_.shdocoty as shdocoty3_36_1_, salesorder1_.shcid as shcid4_36_1_, salesorder1_.shdtin as shdtin5_36_1_, salesorder1_.shtmin as shtmin6_36_1_, salesorder1_.shuid as shuid7_36_1_, salesorder1_.shdtlu as shdtlu8_36_1_, salesorder1_.shtmlu as shtmlu9_36_1_, salesorder1_.shuidm as shuidm10_36_1_, salesorder1_.shata as shata11_36_1_, salesorder1_.shatd as shatd12_36_1_, salesorder1_.shcrcb as shcrcb13_36_1_, salesorder1_.shbuid as shbuid14_36_1_, salesorder1_.shcldt as shcldt15_36_1_, salesorder1_.shcot as shcot16_36_1_, salesorder1_.shcsid as shcsid17_36_1_, salesorder1_.shcsdocdt as shcsdoc18_36_1_, salesorder1_.shcsdocno as shcsdoc19_36_1_, salesorder1_.shdod as shdod20_36_1_, salesorder1_.shdol as shdol21_36_1_, salesorder1_.shdou as shdou22_36_1_, salesorder1_.shdldt as shdldt23_36_1_, salesorder1_.shdesb1 as shdesb24_36_1_, salesorder1_.shdccd as shdccd25_36_1_, salesorder1_.shdcrt as shdcrt26_36_1_, salesorder1_.sheta as sheta27_36_1_, salesorder1_.shetd as shetd28_36_1_, salesorder1_.shexcrt as shexcrt29_36_1_, salesorder1_.shexid as shexid30_36_1_, salesorder1_.shead as shead31_36_1_, salesorder1_.shean as shean32_36_1_, salesorder1_.shedd as shedd33_36_1_, salesorder1_.shedn as shedn34_36_1_, salesorder1_.shfbd as shfbd35_36_1_, salesorder1_.shfbn as shfbn36_36_1_, salesorder1_.shfhc as shfhc37_36_1_, salesorder1_.shgldt as shgldt38_36_1_, salesorder1_.shgscrt as shgscrt39_36_1_, salesorder1_.shhcod as shhcod40_36_1_, salesorder1_.shlst as shlst41_36_1_, salesorder1_.shnst as shnst42_36_1_, salesorder1_.shobid as shobid43_36_1_, salesorder1_.shordt as shordt44_36_1_, salesorder1_.shordocdt as shordoc45_36_1_, salesorder1_.shordocno as shordoc46_36_1_, salesorder1_.shprid as shprid47_36_1_, salesorder1_.shpyid as shpyid48_36_1_, salesorder1_.shptc as shptc49_36_1_, salesorder1_.shpoa as shpoa50_36_1_, salesorder1_.shpod as shpod51_36_1_, salesorder1_.shrbuid as shrbuid52_36_1_, salesorder1_.shpjid as shpjid53_36_1_, salesorder1_.shpddt as shpddt54_36_1_, salesorder1_.shstid as shstid55_36_1_, salesorder1_.shrqdt as shrqdt56_36_1_, salesorder1_.shslid as shslid57_36_1_, salesorder1_.shshcn as shshcn58_36_1_, salesorder1_.shshmt as shshmt59_36_1_, salesorder1_.shtagid as shtagid60_36_1_, salesorder1_.shtaxal as shtaxal61_36_1_, salesorder1_.shtaxcd as shtaxcd62_36_1_, salesorder1_.shtaxrt as shtaxrt63_36_1_, salesorder1_.shcrct as shcrct64_36_1_, salesorder1_.shurdt1 as shurdt65_36_1_, salesorder1_.shurdt2 as shurdt66_36_1_ from t4211 salesdetai0_ inner join t4201 salesorder1_ on salesdetai0_.sdcoid=salesorder1_.shcoid and salesdetai0_.sddocono=salesorder1_.shdocono and salesdetai0_.sddocoty=salesorder1_.shdocoty where salesdetai0_.sdcoid=? and salesdetai0_.sddocono=? and salesdetai0_.sddocosq=? and salesdetai0_.sddocoty=?
Hibernate: select serialnumb0_.coid as coid1_43_0_, serialnumb0_.docno as docno2_43_0_, serialnumb0_.docty as docty3_43_0_, serialnumb0_.docsq as docsq4_43_0_, serialnumb0_.buid as buid5_43_0_, serialnumb0_.inum as inum6_43_0_, serialnumb0_.snlot as snlot7_43_0_, lotmaster1_.ltbuid as ltbuid1_34_1_, lotmaster1_.ltinum as ltinum2_34_1_, lotmaster1_.ltsnlot as ltsnlot3_34_1_, lotmaster1_.ltcid as ltcid4_34_1_, lotmaster1_.ltdtin as ltdtin5_34_1_, lotmaster1_.lttmin as lttmin6_34_1_, lotmaster1_.ltuid as ltuid7_34_1_, lotmaster1_.ltdtlu as ltdtlu8_34_1_, lotmaster1_.lttmlu as lttmlu9_34_1_, lotmaster1_.ltuidm as ltuidm10_34_1_, lotmaster1_.ltbodt as ltbodt11_34_1_, lotmaster1_.ltbbdt as ltbbdt12_34_1_, lotmaster1_.ltcldt as ltcldt13_34_1_, lotmaster1_.ltexpdt as ltexpdt14_34_1_, lotmaster1_.ltldsc as ltldsc15_34_1_, lotmaster1_.ltledt as ltledt16_34_1_, lotmaster1_.ltlsc as ltlsc17_34_1_, lotmaster1_.ltmlot1 as ltmlot18_34_1_, lotmaster1_.ltmlot2 as ltmlot19_34_1_, lotmaster1_.ltmlot3 as ltmlot20_34_1_, lotmaster1_.ltohdt as ltohdt21_34_1_, lotmaster1_.ltsern as ltsern22_34_1_ from transaction_serialnumbers serialnumb0_ inner join t4108 lotmaster1_ on serialnumb0_.buid=lotmaster1_.ltbuid and serialnumb0_.inum=lotmaster1_.ltinum and serialnumb0_.snlot=lotmaster1_.ltsnlot where serialnumb0_.coid=? and serialnumb0_.docno=? and serialnumb0_.docty=? and serialnumb0_.docsq=?
Hibernate: select salesdetai0_.sdcoid as sdcoid1_37_0_, salesdetai0_.sddocono as sddocono2_37_0_, salesdetai0_.sddocosq as sddocosq3_37_0_, salesdetai0_.sddocoty as sddocoty4_37_0_, salesdetai0_.sdcid as sdcid5_37_0_, salesdetai0_.sddtin as sddtin6_37_0_, salesdetai0_.sdtmin as sdtmin7_37_0_, salesdetai0_.sduid as sduid8_37_0_, salesdetai0_.sddtlu as sddtlu9_37_0_, salesdetai0_.sdtmlu as sdtmlu10_37_0_, salesdetai0_.sduidm as sduidm11_37_0_, salesdetai0_.sdacid as sdacid12_37_0_, salesdetai0_.sdcrcb as sdcrcb13_37_0_, salesdetai0_.sditc02 as sditc14_37_0_, salesdetai0_.sdbuid as sdbuid15_37_0_, salesdetai0_.sdqtycl as sdqtycl16_37_0_, salesdetai0_.sditc01 as sditc17_37_0_, salesdetai0_.sdcldt as sdcldt18_37_0_, salesdetai0_.sdcnid as sdcnid19_37_0_, salesdetai0_.sdcsid as sdcsid20_37_0_, salesdetai0_.sddldt as sddldt21_37_0_, salesdetai0_.sddccd as sddccd22_37_0_, salesdetai0_.sddcrt as sddcrt23_37_0_, salesdetai0_.sdexcrt as sdexcrt24_37_0_, salesdetai0_.sdexid as sdexid25_37_0_, salesdetai0_.sdexcost as sdexcos26_37_0_, salesdetai0_.sdexprice as sdexpri27_37_0_, salesdetai0_.sdqtyx as sdqtyx28_37_0_, salesdetai0_.sducfx as sducfx29_37_0_, salesdetai0_.sduomx as sduomx30_37_0_, salesdetai0_.sdunpricex as sdunpri31_37_0_, salesdetai0_.sdfep as sdfep32_37_0_, salesdetai0_.sdfta as sdfta33_37_0_, salesdetai0_.sdftb as sdftb34_37_0_, salesdetai0_.sdfup as sdfup35_37_0_, salesdetai0_.sdglcls as sdglcls36_37_0_, salesdetai0_.sdgldt as sdgldt37_37_0_, salesdetai0_.sdgscrt as sdgscrt38_37_0_, salesdetai0_.sdhcod as sdhcod39_37_0_, salesdetai0_.sdir02 as sdir40_37_0_, salesdetai0_.sdir01 as sdir41_37_0_, salesdetai0_.sdir03 as sdir42_37_0_, salesdetai0_.sdinum as sdinum43_37_0_, salesdetai0_.sddesb1 as sddesb44_37_0_, salesdetai0_.sditc05 as sditc45_37_0_, salesdetai0_.sdlst as sdlst46_37_0_, salesdetai0_.sdlnty as sdlnty47_37_0_, salesdetai0_.sdlocid as sdlocid48_37_0_, salesdetai0_.sdnst as sdnst49_37_0_, salesdetai0_.sdobid as sdobid50_37_0_, salesdetai0_.sdqtyop as sdqtyop51_37_0_, salesdetai0_.sdordt as sdordt52_37_0_, salesdetai0_.sdott as sdott53_37_0_, salesdetai0_.sdordocdt as sdordoc54_37_0_, salesdetai0_.sdordocno as sdordoc55_37_0_, salesdetai0_.sdordocsq as sdordoc56_37_0_, salesdetai0_.sdordocty as sdordoc57_37_0_, salesdetai0_.sdprid as sdprid58_37_0_, salesdetai0_.sdpyid as sdpyid59_37_0_, salesdetai0_.sdptc as sdptc60_37_0_, salesdetai0_.sdpqor as sdpqor61_37_0_, salesdetai0_.sduom1 as sduom62_37_0_, salesdetai0_.sdrbuid as sdrbuid63_37_0_, salesdetai0_.sdpjid as sdpjid64_37_0_, salesdetai0_.sdpddt as sdpddt65_37_0_, salesdetai0_.sdqty as sdqty66_37_0_, salesdetai0_.sdstid as sdstid67_37_0_, salesdetai0_.sdvr04 as sdvr68_37_0_, salesdetai0_.sdvr01 as sdvr69_37_0_, salesdetai0_.sdvr03 as sdvr70_37_0_, salesdetai0_.sdvr05 as sdvr71_37_0_, salesdetai0_.sdvr02 as sdvr72_37_0_, salesdetai0_.sdrldocno as sdrldoc73_37_0_, salesdetai0_.sdrldocsq as sdrldoc74_37_0_, salesdetai0_.sdrldocty as sdrldoc75_37_0_, salesdetai0_.sdrqdt as sdrqdt76_37_0_, salesdetai0_.sdqtyrn as sdqtyrn77_37_0_, salesdetai0_.sdso03 as sdso78_37_0_, salesdetai0_.sdso01 as sdso79_37_0_, salesdetai0_.sdso02 as sdso80_37_0_, salesdetai0_.sdslid as sdslid81_37_0_, salesdetai0_.sdsqor as sdsqor82_37_0_, salesdetai0_.sduom2 as sduom83_37_0_, salesdetai0_.sdsnlot as sdsnlot84_37_0_, salesdetai0_.sdslrc1 as sdslrc85_37_0_, salesdetai0_.sdqtysh as sdqtysh86_37_0_, salesdetai0_.sdtaxal as sdtaxal87_37_0_, salesdetai0_.sdtaxam as sdtaxam88_37_0_, salesdetai0_.sdtaxab as sdtaxab89_37_0_, salesdetai0_.sdtaxcd as sdtaxcd90_37_0_, salesdetai0_.sdtaxrt as sdtaxrt91_37_0_, salesdetai0_.sdcrct as sdcrct92_37_0_, salesdetai0_.sditc03 as sditc93_37_0_, salesdetai0_.sducf as sducf94_37_0_, salesdetai0_.sduncost as sduncos95_37_0_, salesdetai0_.sdudc as sdudc96_37_0_, salesdetai0_.sdudf as sdudf97_37_0_, salesdetai0_.sduom as sduom98_37_0_, salesdetai0_.sdunprice as sdunpri99_37_0_, salesdetai0_.sdurnb1 as sdurnb100_37_0_, salesdetai0_.sdurnb2 as sdurnb101_37_0_, salesdetai0_.sdvhrn as sdvhrn102_37_0_, salesdetai0_.sdvhty as sdvhty103_37_0_, salesdetai0_.sdqtyvl as sdqtyv104_37_0_, salesdetai0_.sduomv as sduomv105_37_0_, salesdetai0_.sdqtywt as sdqtyw106_37_0_, salesdetai0_.sduomw as sduomw107_37_0_, salesorder1_.shcoid as shcoid1_36_1_, salesorder1_.shdocono as shdocono2_36_1_, salesorder1_.shdocoty as shdocoty3_36_1_, salesorder1_.shcid as shcid4_36_1_, salesorder1_.shdtin as shdtin5_36_1_, salesorder1_.shtmin as shtmin6_36_1_, salesorder1_.shuid as shuid7_36_1_, salesorder1_.shdtlu as shdtlu8_36_1_, salesorder1_.shtmlu as shtmlu9_36_1_, salesorder1_.shuidm as shuidm10_36_1_, salesorder1_.shata as shata11_36_1_, salesorder1_.shatd as shatd12_36_1_, salesorder1_.shcrcb as shcrcb13_36_1_, salesorder1_.shbuid as shbuid14_36_1_, salesorder1_.shcldt as shcldt15_36_1_, salesorder1_.shcot as shcot16_36_1_, salesorder1_.shcsid as shcsid17_36_1_, salesorder1_.shcsdocdt as shcsdoc18_36_1_, salesorder1_.shcsdocno as shcsdoc19_36_1_, salesorder1_.shdod as shdod20_36_1_, salesorder1_.shdol as shdol21_36_1_, salesorder1_.shdou as shdou22_36_1_, salesorder1_.shdldt as shdldt23_36_1_, salesorder1_.shdesb1 as shdesb24_36_1_, salesorder1_.shdccd as shdccd25_36_1_, salesorder1_.shdcrt as shdcrt26_36_1_, salesorder1_.sheta as sheta27_36_1_, salesorder1_.shetd as shetd28_36_1_, salesorder1_.shexcrt as shexcrt29_36_1_, salesorder1_.shexid as shexid30_36_1_, salesorder1_.shead as shead31_36_1_, salesorder1_.shean as shean32_36_1_, salesorder1_.shedd as shedd33_36_1_, salesorder1_.shedn as shedn34_36_1_, salesorder1_.shfbd as shfbd35_36_1_, salesorder1_.shfbn as shfbn36_36_1_, salesorder1_.shfhc as shfhc37_36_1_, salesorder1_.shgldt as shgldt38_36_1_, salesorder1_.shgscrt as shgscrt39_36_1_, salesorder1_.shhcod as shhcod40_36_1_, salesorder1_.shlst as shlst41_36_1_, salesorder1_.shnst as shnst42_36_1_, salesorder1_.shobid as shobid43_36_1_, salesorder1_.shordt as shordt44_36_1_, salesorder1_.shordocdt as shordoc45_36_1_, salesorder1_.shordocno as shordoc46_36_1_, salesorder1_.shprid as shprid47_36_1_, salesorder1_.shpyid as shpyid48_36_1_, salesorder1_.shptc as shptc49_36_1_, salesorder1_.shpoa as shpoa50_36_1_, salesorder1_.shpod as shpod51_36_1_, salesorder1_.shrbuid as shrbuid52_36_1_, salesorder1_.shpjid as shpjid53_36_1_, salesorder1_.shpddt as shpddt54_36_1_, salesorder1_.shstid as shstid55_36_1_, salesorder1_.shrqdt as shrqdt56_36_1_, salesorder1_.shslid as shslid57_36_1_, salesorder1_.shshcn as shshcn58_36_1_, salesorder1_.shshmt as shshmt59_36_1_, salesorder1_.shtagid as shtagid60_36_1_, salesorder1_.shtaxal as shtaxal61_36_1_, salesorder1_.shtaxcd as shtaxcd62_36_1_, salesorder1_.shtaxrt as shtaxrt63_36_1_, salesorder1_.shcrct as shcrct64_36_1_, salesorder1_.shurdt1 as shurdt65_36_1_, salesorder1_.shurdt2 as shurdt66_36_1_ from t4211 salesdetai0_ inner join t4201 salesorder1_ on salesdetai0_.sdcoid=salesorder1_.shcoid and salesdetai0_.sddocono=salesorder1_.shdocono and salesdetai0_.sddocoty=salesorder1_.shdocoty where salesdetai0_.sdcoid=? and salesdetai0_.sddocono=? and salesdetai0_.sddocosq=? and salesdetai0_.sddocoty=?
Hibernate: select serialnumb0_.coid as coid1_43_0_, serialnumb0_.docno as docno2_43_0_, serialnumb0_.docty as docty3_43_0_, serialnumb0_.docsq as docsq4_43_0_, serialnumb0_.buid as buid5_43_0_, serialnumb0_.inum as inum6_43_0_, serialnumb0_.snlot as snlot7_43_0_, lotmaster1_.ltbuid as ltbuid1_34_1_, lotmaster1_.ltinum as ltinum2_34_1_, lotmaster1_.ltsnlot as ltsnlot3_34_1_, lotmaster1_.ltcid as ltcid4_34_1_, lotmaster1_.ltdtin as ltdtin5_34_1_, lotmaster1_.lttmin as lttmin6_34_1_, lotmaster1_.ltuid as ltuid7_34_1_, lotmaster1_.ltdtlu as ltdtlu8_34_1_, lotmaster1_.lttmlu as lttmlu9_34_1_, lotmaster1_.ltuidm as ltuidm10_34_1_, lotmaster1_.ltbodt as ltbodt11_34_1_, lotmaster1_.ltbbdt as ltbbdt12_34_1_, lotmaster1_.ltcldt as ltcldt13_34_1_, lotmaster1_.ltexpdt as ltexpdt14_34_1_, lotmaster1_.ltldsc as ltldsc15_34_1_, lotmaster1_.ltledt as ltledt16_34_1_, lotmaster1_.ltlsc as ltlsc17_34_1_, lotmaster1_.ltmlot1 as ltmlot18_34_1_, lotmaster1_.ltmlot2 as ltmlot19_34_1_, lotmaster1_.ltmlot3 as ltmlot20_34_1_, lotmaster1_.ltohdt as ltohdt21_34_1_, lotmaster1_.ltsern as ltsern22_34_1_ from transaction_serialnumbers serialnumb0_ inner join t4108 lotmaster1_ on serialnumb0_.buid=lotmaster1_.ltbuid and serialnumb0_.inum=lotmaster1_.ltinum and serialnumb0_.snlot=lotmaster1_.ltsnlot where serialnumb0_.coid=? and serialnumb0_.docno=? and serialnumb0_.docty=? and serialnumb0_.docsq=?

MockHttpServletRequest:
      HTTP Method = GET
      Request URI = /api/salesShipments/
       Parameters = {}
          Headers = {Accept=[application/json]}
             Body = <no character encoding set>
    Session Attrs = {org.springframework.security.web.csrf.HttpSessionCsrfTokenRepository.CSRF_TOKEN=org.springframework.security.web.csrf.DefaultCsrfToken@23b903c3, SPRING_SECURITY_CONTEXT=org.springframework.security.core.context.SecurityContextImpl@475fcd89: Authentication: org.springframework.security.authentication.UsernamePasswordAuthenticationToken@475fcd89: Principal: org.springframework.security.core.userdetails.User@f02988d6: Username: username; Password: [PROTECTED]; Enabled: true; AccountNonExpired: true; credentialsNonExpired: true; AccountNonLocked: true; Not granted any authorities; Credentials: [PROTECTED]; Authenticated: true; Details: null; Not granted any authorities}

Handler:
             Type = org.springframework.data.rest.webmvc.RepositoryEntityController
           Method = public org.springframework.hateoas.Resources<?> org.springframework.data.rest.webmvc.RepositoryEntityController.getCollectionResource(org.springframework.data.rest.webmvc.RootResourceInformation,org.springframework.data.rest.webmvc.support.DefaultedPageable,org.springframework.data.domain.Sort,org.springframework.data.rest.webmvc.PersistentEntityResourceAssembler) throws org.springframework.data.rest.webmvc.ResourceNotFoundException,org.springframework.web.HttpRequestMethodNotSupportedException

Async:
    Async started = false
     Async result = null

Resolved Exception:
             Type = null

ModelAndView:
        View name = null
             View = null
            Model = null

FlashMap:
       Attributes = null

MockHttpServletResponse:
           Status = 200
    Error message = null
          Headers = {Content-Type=[application/json;charset=UTF-8], X-Content-Type-Options=[nosniff], X-XSS-Protection=[1; mode=block], Cache-Control=[no-cache, no-store, max-age=0, must-revalidate], Pragma=[no-cache], Expires=[0], X-Frame-Options=[DENY]}
     Content type = application/json;charset=UTF-8
             Body = {
  "_embedded" : {
    "salesShipments" : [ {
      "inputUserId" : "PUTRI",
      "lastUpdateUserId" : "PUTRI",
      "computerId" : "DESKTOP-09OGK1M",
      "companyId" : "11000",
      "documentNumber" : 180400001,
      "documentType" : "SI",
      "sequence" : 10,
      "businessUnitId" : "110",
      "batchNumber" : 1,
      "batchType" : "S",
      "customerId" : "2851",
      "receiverId" : "2851",
      "expeditionId" : "",
      "payerId" : "",
      "salesmanId" : "9011",
      "baseCurrency" : "IDR",
      "transactionCurrency" : "IDR",
      "exchangeRate" : 1.000000000,
      "itemCode" : "HP.LASER-TOL46A",
      "locationId" : "GDU",
      "serialLotNo" : "",
      "itemDescription" : "HP Laserjet Pro M12W",
      "lineType" : "S",
      "unitOfMeasure" : "UNT",
      "unitConversionFactor" : 1.000000000,
      "primaryTransactionQuantity" : 10.00000,
      "primaryUnitOfMeasure" : "UNT",
      "secondaryTransactionQuantity" : 0.00000,
      "secondaryUnitOfMeasure" : "UNT",
      "unitPrice" : 1350000.0000000,
      "extendedPrice" : 13500000.00000,
      "taxBase" : 0.00000,
      "taxAmount" : 0.00000,
      "unitCost" : 1254076.7498039,
      "extendedCost" : 12540767.49803,
      "foreignUnitPrice" : 0E-7,
      "foreignExtendedPrice" : 0.00000,
      "foreignTaxBase" : 0.00000,
      "foreignTaxAmount" : 0.00000,
      "projectId" : "",
      "profitCenterId" : "110",
      "accountId" : "",
      "paymentTermCode" : "N14",
      "taxCode" : "INCL",
      "taxAllowance" : true,
      "taxRate" : 10.000000000000000,
      "guestServiceChargeRate" : 0E-15,
      "discountCode" : "",
      "discountRate" : 0E-15,
      "unitDiscountCode" : "",
      "unitDiscountRate" : 0E-15,
      "lastStatus" : "620",
      "nextStatus" : "999",
      "glClass" : "INFG",
      "invoiceNumber" : 180400018,
      "invoiceType" : "RI",
      "invoiceSequence" : 0,
      "invoiceDate" : "2018-04-09",
      "orderNumber" : 180400000,
      "orderType" : "SO",
      "orderSequence" : 10,
      "salesDetail" : {
        "inputUserId" : "PUTRI",
        "lastUpdateUserId" : "PUTRI",
        "computerId" : "DESKTOP-09OGK1M",
        "companyId" : "11000",
        "salesOrderNumber" : 180400000,
        "salesOrderType" : "SO",
        "salesOrderSequence" : 10,
        "documentNumber" : 180400000,
        "documentType" : "SO",
        "sequence" : 10,
        "businessUnitId" : "110",
        "customerId" : "2851",
        "receiverId" : "2851",
        "expeditionId" : "",
        "payerId" : "",
        "salesmanId" : "9011",
        "partnerRepresentativeId" : "",
        "itemCode" : "HP.LASER-TOL46A",
        "locationId" : "GDU",
        "serialLotNo" : "",
        "itemDescription" : "HP Laserjet Pro M12W",
        "lineType" : "S",
        "quantity" : 10.00000,
        "extendedQuantity" : 0.00000,
        "shippedQuantity" : 10.00000,
        "cancelledQuantity" : 0.00000,
        "returnedQuantity" : 0.00000,
        "openQuantity" : 0.00000,
        "unitOfMeasure" : "UNT",
        "extendedUnitOfMeasure" : "",
        "unitConversionFactor" : 1.000000000,
        "extendedUnitConversionFactor" : 0E-9,
        "primaryOrderQuantity" : 10.00000,
        "primaryUnitOfMeasure" : "UNT",
        "secondaryOrderQuantity" : 0.00000,
        "secondaryUnitOfMeasure" : "UNT",
        "baseCurrency" : "IDR",
        "transactionCurrency" : "IDR",
        "exchangeRate" : 1.000000000,
        "unitCost" : 1261906.3097000,
        "extendedCost" : 12619063.09700,
        "unitPrice" : 1350000.0000000,
        "extendedUnitPrice" : 0E-7,
        "extendedPrice" : 13500000.00000,
        "taxBase" : 0.00000,
        "taxAmount" : 1227272.72727,
        "foreignUnitPrice" : 0E-7,
        "foreignExtendedPrice" : 0.00000,
        "foreignTaxBase" : 0.00000,
        "foreignTaxAmount" : 0.00000,
        "projectId" : "",
        "profitCenterId" : "110",
        "accountId" : "",
        "paymentTermCode" : "N14",
        "holdCode" : "",
        "taxCode" : "INCL",
        "taxAllowance" : true,
        "taxRate" : 10.000000000000000,
        "guestServiceChargeRate" : 0E-15,
        "discountCode" : "",
        "discountRate" : 0E-15,
        "unitDiscountCode" : "",
        "unitDiscountRate" : 0E-15,
        "lastStatus" : "520",
        "nextStatus" : "560",
        "orderDate" : "2018-04-09",
        "requestDate" : "2018-04-09",
        "promisedDeliveryDate" : null,
        "deliveryDate" : null,
        "closedDate" : null,
        "glDate" : null,
        "glClass" : "INFG",
        "originalDocumentNumber" : 0,
        "originalDocumentType" : "",
        "originalDocumentSequence" : 0,
        "originalDocumentDate" : null,
        "relatedDocumentNumber" : 0,
        "relatedDocumentType" : "",
        "relatedDocumentSequence" : 0,
        "serverOperatorCode" : "",
        "categoryCode" : "",
        "brandCode" : "",
        "typeCode" : "",
        "landedCostRule" : "",
        "containerSize" : "",
        "stuffingType" : "",
        "containerLoadType" : "",
        "jobNo" : "",
        "shipmentId" : "",
        "packinglistId" : "",
        "deliveryOrderNumber" : "",
        "sealNumber" : "",
        "feederVessel" : "",
        "connectingVessel" : "",
        "shippedBy" : "",
        "containerId" : "",
        "vehicleRegistrationNumber" : "",
        "vehicleType" : "",
        "weightQuantity" : 0.00000,
        "weightUnitOfMeasure" : "",
        "volumeQuantity" : 0.00000,
        "volumeUnitOfMeasure" : "",
        "userReservedNumber1" : 0,
        "userReservedNumber2" : 0,
        "orderTransactionType" : "",
        "objectId" : "F4211",
        "setForVoid" : false,
        "status" : "CLOSED",
        "lastUpdateDateTime" : "2018-04-10T10:12:38",
        "inputDateTime" : "2018-04-10T10:04:47",
        "extended" : false,
        "unitDiscountAmount" : 0.00,
        "priceAfterUnitDiscount" : 13500000.00000,
        "voided" : false
      },
      "originalDocumentNumber" : 0,
      "originalDocumentType" : "",
      "originalDocumentSequence" : 0,
      "originalDocumentDate" : null,
      "customerOrderNumber" : "",
      "customerOrderDate" : null,
      "vendorInvoiceNumber" : "",
      "vendorInvoiceDate" : null,
      "taxInvoiceNumber" : "-",
      "taxInvoiceDate" : "2018-04-09",
      "timesInvoicePrinted" : 0,
      "timesDeliveryOrderPrinted" : 0,
      "inventoryTransactionType" : "5",
      "description" : "DO/ATG/2018/IV/4897",
      "description2" : "",
      "containerId" : "",
      "shipmentCondition" : "",
      "portOfDepartureId" : "",
      "portOfArrivalId" : "",
      "estimatedTimeOfDeparture" : null,
      "estimatedTimeOfArrival" : null,
      "actualTimeOfDeparture" : null,
      "actualTimeOfArrival" : null,
      "dateOfLoading" : null,
      "dateOfUnloading" : null,
      "dateOfDocking" : null,
      "deliveryDate" : null,
      "exportDeclarationNumber" : "",
      "exportDeclarationDate" : null,
      "freightBillingNumber" : "",
      "freightBillingDate" : null,
      "exportApprovalNumber" : "",
      "exportApprovalDate" : null,
      "jobNo" : "",
      "shipmentId" : "",
      "packinglistId" : "",
      "deliveryOrderNumber" : "",
      "sealNumber" : "",
      "serverOperatorCode" : "",
      "categoryCode" : "",
      "brandCode" : "",
      "typeCode" : "",
      "landedCostRule" : "",
      "containerSize" : "",
      "stuffingType" : "",
      "containerLoadType" : "",
      "feederVessel" : "",
      "connectingVessel" : "",
      "shippedBy" : "",
      "partnerRepresentativeId" : "",
      "objectId" : "F42161",
      "recordId" : "20180411.085706803.1",
      "additive" : false,
      "transactionDate" : "2018-04-09",
      "businessPartnerId" : "2851",
      "serialOrLotNumbers" : [ ],
      "lastUpdateDateTime" : "2018-04-11T08:58:34",
      "inputDateTime" : "2018-04-11T08:56:52",
      "quantity" : 10.00000,
      "voided" : true,
      "_links" : {
        "self" : {
          "href" : "http://localhost/api/salesShipments/11000_180400001_SI_10"
        },
        "salesShipment" : {
          "href" : "http://localhost/api/salesShipments/11000_180400001_SI_10"
        },
        "item" : {
          "href" : "http://localhost/api/salesShipments/11000_180400001_SI_10/item"
        },
        "serialNumbers" : {
          "href" : "http://localhost/api/salesShipments/11000_180400001_SI_10/serialNumbers"
        }
      }
    }, {
      "inputUserId" : "PUTRI",
      "lastUpdateUserId" : "PUTRI",
      "computerId" : "DESKTOP-09OGK1M",
      "companyId" : "11000",
      "documentNumber" : 180400002,
      "documentType" : "SI",
      "sequence" : 10,
      "businessUnitId" : "110",
      "batchNumber" : 2,
      "batchType" : "S",
      "customerId" : "1479",
      "receiverId" : "1479",
      "expeditionId" : "",
      "payerId" : "",
      "salesmanId" : "9011",
      "baseCurrency" : "IDR",
      "transactionCurrency" : "IDR",
      "exchangeRate" : 1.000000000,
      "itemCode" : "HP.INKJET-J9V87B",
      "locationId" : "GDU",
      "serialLotNo" : "",
      "itemDescription" : "HP Deskjet 3775 Ink Advantage AIO Wireless Printer",
      "lineType" : "S",
      "unitOfMeasure" : "UNT",
      "unitConversionFactor" : 1.000000000,
      "primaryTransactionQuantity" : 2.00000,
      "primaryUnitOfMeasure" : "UNT",
      "secondaryTransactionQuantity" : 0.00000,
      "secondaryUnitOfMeasure" : "UNT",
      "unitPrice" : 1090001.0000000,
      "extendedPrice" : 2180002.00000,
      "taxBase" : 0.00000,
      "taxAmount" : 0.00000,
      "unitCost" : 986543.0558955,
      "extendedCost" : 1973086.11179,
      "foreignUnitPrice" : 0E-7,
      "foreignExtendedPrice" : 0.00000,
      "foreignTaxBase" : 0.00000,
      "foreignTaxAmount" : 0.00000,
      "projectId" : "",
      "profitCenterId" : "110",
      "accountId" : "",
      "paymentTermCode" : "N07",
      "taxCode" : "INCL",
      "taxAllowance" : true,
      "taxRate" : 10.000000000000000,
      "guestServiceChargeRate" : 0E-15,
      "discountCode" : "",
      "discountRate" : 0E-15,
      "unitDiscountCode" : "",
      "unitDiscountRate" : 0E-15,
      "lastStatus" : "620",
      "nextStatus" : "999",
      "glClass" : "INFG",
      "invoiceNumber" : 180400019,
      "invoiceType" : "RI",
      "invoiceSequence" : 0,
      "invoiceDate" : "2018-04-09",
      "orderNumber" : 180400002,
      "orderType" : "SO",
      "orderSequence" : 10,
      "salesDetail" : {
        "inputUserId" : "PUTRI",
        "lastUpdateUserId" : "PUTRI",
        "computerId" : "DESKTOP-09OGK1M",
        "companyId" : "11000",
        "salesOrderNumber" : 180400002,
        "salesOrderType" : "SO",
        "salesOrderSequence" : 10,
        "documentNumber" : 180400002,
        "documentType" : "SO",
        "sequence" : 10,
        "businessUnitId" : "110",
        "customerId" : "1479",
        "receiverId" : "1479",
        "expeditionId" : "",
        "payerId" : "",
        "salesmanId" : "9011",
        "partnerRepresentativeId" : "",
        "itemCode" : "HP.INKJET-J9V87B",
        "locationId" : "GDU",
        "serialLotNo" : "",
        "itemDescription" : "HP Deskjet 3775 Ink Advantage AIO Wireless Printer",
        "lineType" : "S",
        "quantity" : 2.00000,
        "extendedQuantity" : 0.00000,
        "shippedQuantity" : 2.00000,
        "cancelledQuantity" : 0.00000,
        "returnedQuantity" : 0.00000,
        "openQuantity" : 0.00000,
        "unitOfMeasure" : "UNT",
        "extendedUnitOfMeasure" : "",
        "unitConversionFactor" : 1.000000000,
        "extendedUnitConversionFactor" : 0E-9,
        "primaryOrderQuantity" : 2.00000,
        "primaryUnitOfMeasure" : "UNT",
        "secondaryOrderQuantity" : 0.00000,
        "secondaryUnitOfMeasure" : "UNT",
        "baseCurrency" : "IDR",
        "transactionCurrency" : "IDR",
        "exchangeRate" : 1.000000000,
        "unitCost" : 986543.0559000,
        "extendedCost" : 1973086.11180,
        "unitPrice" : 1090001.0000000,
        "extendedUnitPrice" : 0E-7,
        "extendedPrice" : 2180002.00000,
        "taxBase" : 0.00000,
        "taxAmount" : 198182.00000,
        "foreignUnitPrice" : 0E-7,
        "foreignExtendedPrice" : 0.00000,
        "foreignTaxBase" : 0.00000,
        "foreignTaxAmount" : 0.00000,
        "projectId" : "",
        "profitCenterId" : "110",
        "accountId" : "",
        "paymentTermCode" : "N07",
        "holdCode" : "",
        "taxCode" : "INCL",
        "taxAllowance" : true,
        "taxRate" : 10.000000000000000,
        "guestServiceChargeRate" : 0E-15,
        "discountCode" : "",
        "discountRate" : 0E-15,
        "unitDiscountCode" : "",
        "unitDiscountRate" : 0E-15,
        "lastStatus" : "520",
        "nextStatus" : "560",
        "orderDate" : "2018-04-09",
        "requestDate" : "2018-04-09",
        "promisedDeliveryDate" : null,
        "deliveryDate" : null,
        "closedDate" : null,
        "glDate" : null,
        "glClass" : "INFG",
        "originalDocumentNumber" : 0,
        "originalDocumentType" : "",
        "originalDocumentSequence" : 0,
        "originalDocumentDate" : null,
        "relatedDocumentNumber" : 0,
        "relatedDocumentType" : "",
        "relatedDocumentSequence" : 0,
        "serverOperatorCode" : "",
        "categoryCode" : "",
        "brandCode" : "",
        "typeCode" : "",
        "landedCostRule" : "",
        "containerSize" : "",
        "stuffingType" : "",
        "containerLoadType" : "",
        "jobNo" : "",
        "shipmentId" : "",
        "packinglistId" : "",
        "deliveryOrderNumber" : "",
        "sealNumber" : "",
        "feederVessel" : "",
        "connectingVessel" : "",
        "shippedBy" : "",
        "containerId" : "",
        "vehicleRegistrationNumber" : "",
        "vehicleType" : "",
        "weightQuantity" : 0.00000,
        "weightUnitOfMeasure" : "",
        "volumeQuantity" : 0.00000,
        "volumeUnitOfMeasure" : "",
        "userReservedNumber1" : 0,
        "userReservedNumber2" : 0,
        "orderTransactionType" : "",
        "objectId" : "F4211",
        "setForVoid" : false,
        "status" : "CLOSED",
        "lastUpdateDateTime" : "2018-04-11T09:52:17",
        "inputDateTime" : "2018-04-11T09:50:57",
        "extended" : false,
        "unitDiscountAmount" : 0.00,
        "priceAfterUnitDiscount" : 2180002.00000,
        "voided" : false
      },
      "originalDocumentNumber" : 0,
      "originalDocumentType" : "",
      "originalDocumentSequence" : 0,
      "originalDocumentDate" : null,
      "customerOrderNumber" : "",
      "customerOrderDate" : null,
      "vendorInvoiceNumber" : "",
      "vendorInvoiceDate" : null,
      "taxInvoiceNumber" : "-",
      "taxInvoiceDate" : "2018-04-09",
      "timesInvoicePrinted" : 0,
      "timesDeliveryOrderPrinted" : 0,
      "inventoryTransactionType" : "5",
      "description" : "DO/ATG/2018/IV/4898",
      "description2" : "",
      "containerId" : "",
      "shipmentCondition" : "",
      "portOfDepartureId" : "",
      "portOfArrivalId" : "",
      "estimatedTimeOfDeparture" : null,
      "estimatedTimeOfArrival" : null,
      "actualTimeOfDeparture" : null,
      "actualTimeOfArrival" : null,
      "dateOfLoading" : null,
      "dateOfUnloading" : null,
      "dateOfDocking" : null,
      "deliveryDate" : null,
      "exportDeclarationNumber" : "",
      "exportDeclarationDate" : null,
      "freightBillingNumber" : "",
      "freightBillingDate" : null,
      "exportApprovalNumber" : "",
      "exportApprovalDate" : null,
      "jobNo" : "",
      "shipmentId" : "",
      "packinglistId" : "",
      "deliveryOrderNumber" : "",
      "sealNumber" : "",
      "serverOperatorCode" : "",
      "categoryCode" : "",
      "brandCode" : "",
      "typeCode" : "",
      "landedCostRule" : "",
      "containerSize" : "",
      "stuffingType" : "",
      "containerLoadType" : "",
      "feederVessel" : "",
      "connectingVessel" : "",
      "shippedBy" : "",
      "partnerRepresentativeId" : "",
      "objectId" : "F42161",
      "recordId" : "20180411.095427638.1",
      "additive" : false,
      "transactionDate" : "2018-04-09",
      "businessPartnerId" : "1479",
      "serialOrLotNumbers" : [ ],
      "lastUpdateDateTime" : "2018-04-11T09:55:28",
      "inputDateTime" : "2018-04-11T09:53:54",
      "quantity" : 2.00000,
      "voided" : true,
      "_links" : {
        "self" : {
          "href" : "http://localhost/api/salesShipments/11000_180400002_SI_10"
        },
        "salesShipment" : {
          "href" : "http://localhost/api/salesShipments/11000_180400002_SI_10"
        },
        "item" : {
          "href" : "http://localhost/api/salesShipments/11000_180400002_SI_10/item"
        },
        "serialNumbers" : {
          "href" : "http://localhost/api/salesShipments/11000_180400002_SI_10/serialNumbers"
        }
      }
    }, {
      "inputUserId" : "PUTRI",
      "lastUpdateUserId" : "PUTRI",
      "computerId" : "DESKTOP-09OGK1M",
      "companyId" : "11000",
      "documentNumber" : 180400002,
      "documentType" : "SI",
      "sequence" : 20,
      "businessUnitId" : "110",
      "batchNumber" : 2,
      "batchType" : "S",
      "customerId" : "1479",
      "receiverId" : "1479",
      "expeditionId" : "",
      "payerId" : "",
      "salesmanId" : "9011",
      "baseCurrency" : "IDR",
      "transactionCurrency" : "IDR",
      "exchangeRate" : 1.000000000,
      "itemCode" : "HP.INKJET - Z4B04A\t\t\t",
      "locationId" : "GDU",
      "serialLotNo" : "",
      "itemDescription" : "HP Inktank 315 AIO\t\t\t\t\t",
      "lineType" : "S",
      "unitOfMeasure" : "UNT",
      "unitConversionFactor" : 1.000000000,
      "primaryTransactionQuantity" : 2.00000,
      "primaryUnitOfMeasure" : "UNT",
      "secondaryTransactionQuantity" : 0.00000,
      "secondaryUnitOfMeasure" : "UNT",
      "unitPrice" : 1669999.1000000,
      "extendedPrice" : 3339998.20000,
      "taxBase" : 0.00000,
      "taxAmount" : 0.00000,
      "unitCost" : 1509275.6763905,
      "extendedCost" : 3018551.35278,
      "foreignUnitPrice" : 0E-7,
      "foreignExtendedPrice" : 0.00000,
      "foreignTaxBase" : 0.00000,
      "foreignTaxAmount" : 0.00000,
      "projectId" : "",
      "profitCenterId" : "110",
      "accountId" : "",
      "paymentTermCode" : "N07",
      "taxCode" : "INCL",
      "taxAllowance" : true,
      "taxRate" : 10.000000000000000,
      "guestServiceChargeRate" : 0E-15,
      "discountCode" : "",
      "discountRate" : 0E-15,
      "unitDiscountCode" : "",
      "unitDiscountRate" : 0E-15,
      "lastStatus" : "620",
      "nextStatus" : "999",
      "glClass" : "INFG",
      "invoiceNumber" : 180400019,
      "invoiceType" : "RI",
      "invoiceSequence" : 0,
      "invoiceDate" : "2018-04-09",
      "orderNumber" : 180400002,
      "orderType" : "SO",
      "orderSequence" : 20,
      "salesDetail" : {
        "inputUserId" : "PUTRI",
        "lastUpdateUserId" : "PUTRI",
        "computerId" : "DESKTOP-09OGK1M",
        "companyId" : "11000",
        "salesOrderNumber" : 180400002,
        "salesOrderType" : "SO",
        "salesOrderSequence" : 20,
        "documentNumber" : 180400002,
        "documentType" : "SO",
        "sequence" : 20,
        "businessUnitId" : "110",
        "customerId" : "1479",
        "receiverId" : "1479",
        "expeditionId" : "",
        "payerId" : "",
        "salesmanId" : "9011",
        "partnerRepresentativeId" : "",
        "itemCode" : "HP.INKJET - Z4B04A\t\t\t",
        "locationId" : "GDU",
        "serialLotNo" : "",
        "itemDescription" : "HP Inktank 315 AIO\t\t\t\t\t",
        "lineType" : "S",
        "quantity" : 2.00000,
        "extendedQuantity" : 0.00000,
        "shippedQuantity" : 2.00000,
        "cancelledQuantity" : 0.00000,
        "returnedQuantity" : 0.00000,
        "openQuantity" : 0.00000,
        "unitOfMeasure" : "UNT",
        "extendedUnitOfMeasure" : "",
        "unitConversionFactor" : 1.000000000,
        "extendedUnitConversionFactor" : 0E-9,
        "primaryOrderQuantity" : 2.00000,
        "primaryUnitOfMeasure" : "UNT",
        "secondaryOrderQuantity" : 0.00000,
        "secondaryUnitOfMeasure" : "UNT",
        "baseCurrency" : "IDR",
        "transactionCurrency" : "IDR",
        "exchangeRate" : 1.000000000,
        "unitCost" : 1509275.6764000,
        "extendedCost" : 3018551.35280,
        "unitPrice" : 1669999.1000000,
        "extendedUnitPrice" : 0E-7,
        "extendedPrice" : 3339998.20000,
        "taxBase" : 0.00000,
        "taxAmount" : 303636.20000,
        "foreignUnitPrice" : 0E-7,
        "foreignExtendedPrice" : 0.00000,
        "foreignTaxBase" : 0.00000,
        "foreignTaxAmount" : 0.00000,
        "projectId" : "",
        "profitCenterId" : "110",
        "accountId" : "",
        "paymentTermCode" : "N07",
        "holdCode" : "",
        "taxCode" : "INCL",
        "taxAllowance" : true,
        "taxRate" : 10.000000000000000,
        "guestServiceChargeRate" : 0E-15,
        "discountCode" : "",
        "discountRate" : 0E-15,
        "unitDiscountCode" : "",
        "unitDiscountRate" : 0E-15,
        "lastStatus" : "520",
        "nextStatus" : "560",
        "orderDate" : "2018-04-09",
        "requestDate" : "2018-04-09",
        "promisedDeliveryDate" : null,
        "deliveryDate" : null,
        "closedDate" : null,
        "glDate" : null,
        "glClass" : "INFG",
        "originalDocumentNumber" : 0,
        "originalDocumentType" : "",
        "originalDocumentSequence" : 0,
        "originalDocumentDate" : null,
        "relatedDocumentNumber" : 0,
        "relatedDocumentType" : "",
        "relatedDocumentSequence" : 0,
        "serverOperatorCode" : "",
        "categoryCode" : "",
        "brandCode" : "",
        "typeCode" : "",
        "landedCostRule" : "",
        "containerSize" : "",
        "stuffingType" : "",
        "containerLoadType" : "",
        "jobNo" : "",
        "shipmentId" : "",
        "packinglistId" : "",
        "deliveryOrderNumber" : "",
        "sealNumber" : "",
        "feederVessel" : "",
        "connectingVessel" : "",
        "shippedBy" : "",
        "containerId" : "",
        "vehicleRegistrationNumber" : "",
        "vehicleType" : "",
        "weightQuantity" : 0.00000,
        "weightUnitOfMeasure" : "",
        "volumeQuantity" : 0.00000,
        "volumeUnitOfMeasure" : "",
        "userReservedNumber1" : 0,
        "userReservedNumber2" : 0,
        "orderTransactionType" : "",
        "objectId" : "F4211",
        "setForVoid" : false,
        "status" : "CLOSED",
        "lastUpdateDateTime" : "2018-04-11T09:52:18",
        "inputDateTime" : "2018-04-11T09:51:12",
        "extended" : false,
        "unitDiscountAmount" : 0.00,
        "priceAfterUnitDiscount" : 3339998.20000,
        "voided" : false
      },
      "originalDocumentNumber" : 0,
      "originalDocumentType" : "",
      "originalDocumentSequence" : 0,
      "originalDocumentDate" : null,
      "customerOrderNumber" : "",
      "customerOrderDate" : null,
      "vendorInvoiceNumber" : "",
      "vendorInvoiceDate" : null,
      "taxInvoiceNumber" : "-",
      "taxInvoiceDate" : "2018-04-09",
      "timesInvoicePrinted" : 0,
      "timesDeliveryOrderPrinted" : 0,
      "inventoryTransactionType" : "5",
      "description" : "DO/ATG/2018/IV/4898",
      "description2" : "",
      "containerId" : "",
      "shipmentCondition" : "",
      "portOfDepartureId" : "",
      "portOfArrivalId" : "",
      "estimatedTimeOfDeparture" : null,
      "estimatedTimeOfArrival" : null,
      "actualTimeOfDeparture" : null,
      "actualTimeOfArrival" : null,
      "dateOfLoading" : null,
      "dateOfUnloading" : null,
      "dateOfDocking" : null,
      "deliveryDate" : null,
      "exportDeclarationNumber" : "",
      "exportDeclarationDate" : null,
      "freightBillingNumber" : "",
      "freightBillingDate" : null,
      "exportApprovalNumber" : "",
      "exportApprovalDate" : null,
      "jobNo" : "",
      "shipmentId" : "",
      "packinglistId" : "",
      "deliveryOrderNumber" : "",
      "sealNumber" : "",
      "serverOperatorCode" : "",
      "categoryCode" : "",
      "brandCode" : "",
      "typeCode" : "",
      "landedCostRule" : "",
      "containerSize" : "",
      "stuffingType" : "",
      "containerLoadType" : "",
      "feederVessel" : "",
      "connectingVessel" : "",
      "shippedBy" : "",
      "partnerRepresentativeId" : "",
      "objectId" : "F42161",
      "recordId" : "20180411.095427716.1",
      "additive" : false,
      "transactionDate" : "2018-04-09",
      "businessPartnerId" : "1479",
      "serialOrLotNumbers" : [ ],
      "lastUpdateDateTime" : "2018-04-11T09:55:28",
      "inputDateTime" : "2018-04-11T09:53:55",
      "quantity" : 2.00000,
      "voided" : true,
      "_links" : {
        "self" : {
          "href" : "http://localhost/api/salesShipments/11000_180400002_SI_20"
        },
        "salesShipment" : {
          "href" : "http://localhost/api/salesShipments/11000_180400002_SI_20"
        },
        "item" : {
          "href" : "http://localhost/api/salesShipments/11000_180400002_SI_20/item"
        },
        "serialNumbers" : {
          "href" : "http://localhost/api/salesShipments/11000_180400002_SI_20/serialNumbers"
        }
      }
    }, {
      "inputUserId" : "PUTRI",
      "lastUpdateUserId" : "PUTRI",
      "computerId" : "DESKTOP-09OGK1M",
      "companyId" : "11000",
      "documentNumber" : 180400002,
      "documentType" : "SI",
      "sequence" : 30,
      "businessUnitId" : "110",
      "batchNumber" : 2,
      "batchType" : "S",
      "customerId" : "1479",
      "receiverId" : "1479",
      "expeditionId" : "",
      "payerId" : "",
      "salesmanId" : "9011",
      "baseCurrency" : "IDR",
      "transactionCurrency" : "IDR",
      "exchangeRate" : 1.000000000,
      "itemCode" : "HP.INKJET - Z4B53A\t\t\t",
      "locationId" : "GDU",
      "serialLotNo" : "",
      "itemDescription" : "HP Inktank Wireless 415 AIO\t\t\t\t\t",
      "lineType" : "S",
      "unitOfMeasure" : "UNT",
      "unitConversionFactor" : 1.000000000,
      "primaryTransactionQuantity" : 2.00000,
      "primaryUnitOfMeasure" : "UNT",
      "secondaryTransactionQuantity" : 0.00000,
      "secondaryUnitOfMeasure" : "UNT",
      "unitPrice" : 2340000.0000000,
      "extendedPrice" : 4680000.00000,
      "taxBase" : 0.00000,
      "taxAmount" : 0.00000,
      "unitCost" : 2138802.9106250,
      "extendedCost" : 4277605.82125,
      "foreignUnitPrice" : 0E-7,
      "foreignExtendedPrice" : 0.00000,
      "foreignTaxBase" : 0.00000,
      "foreignTaxAmount" : 0.00000,
      "projectId" : "",
      "profitCenterId" : "110",
      "accountId" : "",
      "paymentTermCode" : "N07",
      "taxCode" : "INCL",
      "taxAllowance" : true,
      "taxRate" : 10.000000000000000,
      "guestServiceChargeRate" : 0E-15,
      "discountCode" : "",
      "discountRate" : 0E-15,
      "unitDiscountCode" : "",
      "unitDiscountRate" : 0E-15,
      "lastStatus" : "620",
      "nextStatus" : "999",
      "glClass" : "INFG",
      "invoiceNumber" : 180400019,
      "invoiceType" : "RI",
      "invoiceSequence" : 0,
      "invoiceDate" : "2018-04-09",
      "orderNumber" : 180400002,
      "orderType" : "SO",
      "orderSequence" : 30,
      "salesDetail" : {
        "inputUserId" : "PUTRI",
        "lastUpdateUserId" : "PUTRI",
        "computerId" : "DESKTOP-09OGK1M",
        "companyId" : "11000",
        "salesOrderNumber" : 180400002,
        "salesOrderType" : "SO",
        "salesOrderSequence" : 30,
        "documentNumber" : 180400002,
        "documentType" : "SO",
        "sequence" : 30,
        "businessUnitId" : "110",
        "customerId" : "1479",
        "receiverId" : "1479",
        "expeditionId" : "",
        "payerId" : "",
        "salesmanId" : "9011",
        "partnerRepresentativeId" : "",
        "itemCode" : "HP.INKJET - Z4B53A\t\t\t",
        "locationId" : "GDU",
        "serialLotNo" : "",
        "itemDescription" : "HP Inktank Wireless 415 AIO\t\t\t\t\t",
        "lineType" : "S",
        "quantity" : 2.00000,
        "extendedQuantity" : 0.00000,
        "shippedQuantity" : 2.00000,
        "cancelledQuantity" : 0.00000,
        "returnedQuantity" : 0.00000,
        "openQuantity" : 0.00000,
        "unitOfMeasure" : "UNT",
        "extendedUnitOfMeasure" : "",
        "unitConversionFactor" : 1.000000000,
        "extendedUnitConversionFactor" : 0E-9,
        "primaryOrderQuantity" : 2.00000,
        "primaryUnitOfMeasure" : "UNT",
        "secondaryOrderQuantity" : 0.00000,
        "secondaryUnitOfMeasure" : "UNT",
        "baseCurrency" : "IDR",
        "transactionCurrency" : "IDR",
        "exchangeRate" : 1.000000000,
        "unitCost" : 2138802.9106000,
        "extendedCost" : 4277605.82120,
        "unitPrice" : 2340000.0000000,
        "extendedUnitPrice" : 0E-7,
        "extendedPrice" : 4680000.00000,
        "taxBase" : 0.00000,
        "taxAmount" : 425454.54545,
        "foreignUnitPrice" : 0E-7,
        "foreignExtendedPrice" : 0.00000,
        "foreignTaxBase" : 0.00000,
        "foreignTaxAmount" : 0.00000,
        "projectId" : "",
        "profitCenterId" : "110",
        "accountId" : "",
        "paymentTermCode" : "N07",
        "holdCode" : "",
        "taxCode" : "INCL",
        "taxAllowance" : true,
        "taxRate" : 10.000000000000000,
        "guestServiceChargeRate" : 0E-15,
        "discountCode" : "",
        "discountRate" : 0E-15,
        "unitDiscountCode" : "",
        "unitDiscountRate" : 0E-15,
        "lastStatus" : "520",
        "nextStatus" : "560",
        "orderDate" : "2018-04-09",
        "requestDate" : "2018-04-09",
        "promisedDeliveryDate" : null,
        "deliveryDate" : null,
        "closedDate" : null,
        "glDate" : null,
        "glClass" : "INFG",
        "originalDocumentNumber" : 0,
        "originalDocumentType" : "",
        "originalDocumentSequence" : 0,
        "originalDocumentDate" : null,
        "relatedDocumentNumber" : 0,
        "relatedDocumentType" : "",
        "relatedDocumentSequence" : 0,
        "serverOperatorCode" : "",
        "categoryCode" : "",
        "brandCode" : "",
        "typeCode" : "",
        "landedCostRule" : "",
        "containerSize" : "",
        "stuffingType" : "",
        "containerLoadType" : "",
        "jobNo" : "",
        "shipmentId" : "",
        "packinglistId" : "",
        "deliveryOrderNumber" : "",
        "sealNumber" : "",
        "feederVessel" : "",
        "connectingVessel" : "",
        "shippedBy" : "",
        "containerId" : "",
        "vehicleRegistrationNumber" : "",
        "vehicleType" : "",
        "weightQuantity" : 0.00000,
        "weightUnitOfMeasure" : "",
        "volumeQuantity" : 0.00000,
        "volumeUnitOfMeasure" : "",
        "userReservedNumber1" : 0,
        "userReservedNumber2" : 0,
        "orderTransactionType" : "",
        "objectId" : "F4211",
        "setForVoid" : false,
        "status" : "CLOSED",
        "lastUpdateDateTime" : "2018-04-11T09:52:18",
        "inputDateTime" : "2018-04-11T09:51:27",
        "extended" : false,
        "unitDiscountAmount" : 0.00,
        "priceAfterUnitDiscount" : 4680000.00000,
        "voided" : false
      },
      "originalDocumentNumber" : 0,
      "originalDocumentType" : "",
      "originalDocumentSequence" : 0,
      "originalDocumentDate" : null,
      "customerOrderNumber" : "",
      "customerOrderDate" : null,
      "vendorInvoiceNumber" : "",
      "vendorInvoiceDate" : null,
      "taxInvoiceNumber" : "-",
      "taxInvoiceDate" : "2018-04-09",
      "timesInvoicePrinted" : 0,
      "timesDeliveryOrderPrinted" : 0,
      "inventoryTransactionType" : "5",
      "description" : "DO/ATG/2018/IV/4898",
      "description2" : "",
      "containerId" : "",
      "shipmentCondition" : "",
      "portOfDepartureId" : "",
      "portOfArrivalId" : "",
      "estimatedTimeOfDeparture" : null,
      "estimatedTimeOfArrival" : null,
      "actualTimeOfDeparture" : null,
      "actualTimeOfArrival" : null,
      "dateOfLoading" : null,
      "dateOfUnloading" : null,
      "dateOfDocking" : null,
      "deliveryDate" : null,
      "exportDeclarationNumber" : "",
      "exportDeclarationDate" : null,
      "freightBillingNumber" : "",
      "freightBillingDate" : null,
      "exportApprovalNumber" : "",
      "exportApprovalDate" : null,
      "jobNo" : "",
      "shipmentId" : "",
      "packinglistId" : "",
      "deliveryOrderNumber" : "",
      "sealNumber" : "",
      "serverOperatorCode" : "",
      "categoryCode" : "",
      "brandCode" : "",
      "typeCode" : "",
      "landedCostRule" : "",
      "containerSize" : "",
      "stuffingType" : "",
      "containerLoadType" : "",
      "feederVessel" : "",
      "connectingVessel" : "",
      "shippedBy" : "",
      "partnerRepresentativeId" : "",
      "objectId" : "F42161",
      "recordId" : "20180411.095427793.1",
      "additive" : false,
      "transactionDate" : "2018-04-09",
      "businessPartnerId" : "1479",
      "serialOrLotNumbers" : [ ],
      "lastUpdateDateTime" : "2018-04-11T09:55:28",
      "inputDateTime" : "2018-04-11T09:53:55",
      "quantity" : 2.00000,
      "voided" : true,
      "_links" : {
        "self" : {
          "href" : "http://localhost/api/salesShipments/11000_180400002_SI_30"
        },
        "salesShipment" : {
          "href" : "http://localhost/api/salesShipments/11000_180400002_SI_30"
        },
        "item" : {
          "href" : "http://localhost/api/salesShipments/11000_180400002_SI_30/item"
        },
        "serialNumbers" : {
          "href" : "http://localhost/api/salesShipments/11000_180400002_SI_30/serialNumbers"
        }
      }
    }, {
      "inputUserId" : "PUTRI",
      "lastUpdateUserId" : "PUTRI",
      "computerId" : "DESKTOP-09OGK1M",
      "companyId" : "11000",
      "documentNumber" : 180400003,
      "documentType" : "SI",
      "sequence" : 10,
      "businessUnitId" : "110",
      "batchNumber" : 3,
      "batchType" : "S",
      "customerId" : "1202",
      "receiverId" : "1202",
      "expeditionId" : "",
      "payerId" : "",
      "salesmanId" : "9020",
      "baseCurrency" : "IDR",
      "transactionCurrency" : "IDR",
      "exchangeRate" : 1.000000000,
      "itemCode" : "HP.LAPTOP - 3RE52PA\t\t\t",
      "locationId" : "GDU",
      "serialLotNo" : "",
      "itemDescription" : "HP Laptop 14-bw504AU INDO AMDA9-9420/4GB/500GB/UMA/Win-10 Home/1",
      "lineType" : "S",
      "unitOfMeasure" : "UNT",
      "unitConversionFactor" : 1.000000000,
      "primaryTransactionQuantity" : 2.00000,
      "primaryUnitOfMeasure" : "UNT",
      "secondaryTransactionQuantity" : 0.00000,
      "secondaryUnitOfMeasure" : "UNT",
      "unitPrice" : 4050000.9000000,
      "extendedPrice" : 8100001.80000,
      "taxBase" : 0.00000,
      "taxAmount" : 0.00000,
      "unitCost" : 3726363.6300000,
      "extendedCost" : 7452727.26000,
      "foreignUnitPrice" : 0E-7,
      "foreignExtendedPrice" : 0.00000,
      "foreignTaxBase" : 0.00000,
      "foreignTaxAmount" : 0.00000,
      "projectId" : "",
      "profitCenterId" : "110",
      "accountId" : "",
      "paymentTermCode" : "N07",
      "taxCode" : "INCL",
      "taxAllowance" : true,
      "taxRate" : 10.000000000000000,
      "guestServiceChargeRate" : 0E-15,
      "discountCode" : "",
      "discountRate" : 0E-15,
      "unitDiscountCode" : "",
      "unitDiscountRate" : 0E-15,
      "lastStatus" : "620",
      "nextStatus" : "999",
      "glClass" : "INFG",
      "invoiceNumber" : 180400020,
      "invoiceType" : "RI",
      "invoiceSequence" : 0,
      "invoiceDate" : "2018-04-09",
      "orderNumber" : 180400003,
      "orderType" : "SO",
      "orderSequence" : 10,
      "salesDetail" : {
        "inputUserId" : "PUTRI",
        "lastUpdateUserId" : "PUTRI",
        "computerId" : "DESKTOP-09OGK1M",
        "companyId" : "11000",
        "salesOrderNumber" : 180400003,
        "salesOrderType" : "SO",
        "salesOrderSequence" : 10,
        "documentNumber" : 180400003,
        "documentType" : "SO",
        "sequence" : 10,
        "businessUnitId" : "110",
        "customerId" : "1202",
        "receiverId" : "1202",
        "expeditionId" : "",
        "payerId" : "",
        "salesmanId" : "9020",
        "partnerRepresentativeId" : "",
        "itemCode" : "HP.LAPTOP - 3RE52PA\t\t\t",
        "locationId" : "GDU",
        "serialLotNo" : "",
        "itemDescription" : "HP Laptop 14-bw504AU INDO AMDA9-9420/4GB/500GB/UMA/Win-10 Home/1",
        "lineType" : "S",
        "quantity" : 2.00000,
        "extendedQuantity" : 0.00000,
        "shippedQuantity" : 2.00000,
        "cancelledQuantity" : 0.00000,
        "returnedQuantity" : 0.00000,
        "openQuantity" : 0.00000,
        "unitOfMeasure" : "UNT",
        "extendedUnitOfMeasure" : "",
        "unitConversionFactor" : 1.000000000,
        "extendedUnitConversionFactor" : 0E-9,
        "primaryOrderQuantity" : 2.00000,
        "primaryUnitOfMeasure" : "UNT",
        "secondaryOrderQuantity" : 0.00000,
        "secondaryUnitOfMeasure" : "UNT",
        "baseCurrency" : "IDR",
        "transactionCurrency" : "IDR",
        "exchangeRate" : 1.000000000,
        "unitCost" : 3726363.6300000,
        "extendedCost" : 7452727.26000,
        "unitPrice" : 4050000.9000000,
        "extendedUnitPrice" : 0E-7,
        "extendedPrice" : 8100001.80000,
        "taxBase" : 0.00000,
        "taxAmount" : 736363.80000,
        "foreignUnitPrice" : 0E-7,
        "foreignExtendedPrice" : 0.00000,
        "foreignTaxBase" : 0.00000,
        "foreignTaxAmount" : 0.00000,
        "projectId" : "",
        "profitCenterId" : "110",
        "accountId" : "",
        "paymentTermCode" : "N07",
        "holdCode" : "",
        "taxCode" : "INCL",
        "taxAllowance" : true,
        "taxRate" : 10.000000000000000,
        "guestServiceChargeRate" : 0E-15,
        "discountCode" : "",
        "discountRate" : 0E-15,
        "unitDiscountCode" : "",
        "unitDiscountRate" : 0E-15,
        "lastStatus" : "520",
        "nextStatus" : "560",
        "orderDate" : "2018-04-09",
        "requestDate" : "2018-04-09",
        "promisedDeliveryDate" : null,
        "deliveryDate" : null,
        "closedDate" : null,
        "glDate" : null,
        "glClass" : "INFG",
        "originalDocumentNumber" : 0,
        "originalDocumentType" : "",
        "originalDocumentSequence" : 0,
        "originalDocumentDate" : null,
        "relatedDocumentNumber" : 0,
        "relatedDocumentType" : "",
        "relatedDocumentSequence" : 0,
        "serverOperatorCode" : "",
        "categoryCode" : "",
        "brandCode" : "",
        "typeCode" : "",
        "landedCostRule" : "",
        "containerSize" : "",
        "stuffingType" : "",
        "containerLoadType" : "",
        "jobNo" : "",
        "shipmentId" : "",
        "packinglistId" : "",
        "deliveryOrderNumber" : "",
        "sealNumber" : "",
        "feederVessel" : "",
        "connectingVessel" : "",
        "shippedBy" : "",
        "containerId" : "",
        "vehicleRegistrationNumber" : "",
        "vehicleType" : "",
        "weightQuantity" : 0.00000,
        "weightUnitOfMeasure" : "",
        "volumeQuantity" : 0.00000,
        "volumeUnitOfMeasure" : "",
        "userReservedNumber1" : 0,
        "userReservedNumber2" : 0,
        "orderTransactionType" : "",
        "objectId" : "F4211",
        "setForVoid" : false,
        "status" : "CLOSED",
        "lastUpdateDateTime" : "2018-04-11T10:06:06",
        "inputDateTime" : "2018-04-11T10:04:43",
        "extended" : false,
        "unitDiscountAmount" : 0.00,
        "priceAfterUnitDiscount" : 8100001.80000,
        "voided" : false
      },
      "originalDocumentNumber" : 0,
      "originalDocumentType" : "",
      "originalDocumentSequence" : 0,
      "originalDocumentDate" : null,
      "customerOrderNumber" : "",
      "customerOrderDate" : null,
      "vendorInvoiceNumber" : "",
      "vendorInvoiceDate" : null,
      "taxInvoiceNumber" : "-",
      "taxInvoiceDate" : "2018-04-09",
      "timesInvoicePrinted" : 0,
      "timesDeliveryOrderPrinted" : 0,
      "inventoryTransactionType" : "5",
      "description" : "DO/ATG/2018/IV/4899",
      "description2" : "",
      "containerId" : "",
      "shipmentCondition" : "",
      "portOfDepartureId" : "",
      "portOfArrivalId" : "",
      "estimatedTimeOfDeparture" : null,
      "estimatedTimeOfArrival" : null,
      "actualTimeOfDeparture" : null,
      "actualTimeOfArrival" : null,
      "dateOfLoading" : null,
      "dateOfUnloading" : null,
      "dateOfDocking" : null,
      "deliveryDate" : null,
      "exportDeclarationNumber" : "",
      "exportDeclarationDate" : null,
      "freightBillingNumber" : "",
      "freightBillingDate" : null,
      "exportApprovalNumber" : "",
      "exportApprovalDate" : null,
      "jobNo" : "",
      "shipmentId" : "",
      "packinglistId" : "",
      "deliveryOrderNumber" : "",
      "sealNumber" : "",
      "serverOperatorCode" : "",
      "categoryCode" : "",
      "brandCode" : "",
      "typeCode" : "",
      "landedCostRule" : "",
      "containerSize" : "",
      "stuffingType" : "",
      "containerLoadType" : "",
      "feederVessel" : "",
      "connectingVessel" : "",
      "shippedBy" : "",
      "partnerRepresentativeId" : "",
      "objectId" : "F42161",
      "recordId" : "20180411.100820405.1",
      "additive" : false,
      "transactionDate" : "2018-04-09",
      "businessPartnerId" : "1202",
      "serialOrLotNumbers" : [ ],
      "lastUpdateDateTime" : "2018-04-11T10:09:25",
      "inputDateTime" : "2018-04-11T10:08:11",
      "quantity" : 2.00000,
      "voided" : true,
      "_links" : {
        "self" : {
          "href" : "http://localhost/api/salesShipments/11000_180400003_SI_10"
        },
        "salesShipment" : {
          "href" : "http://localhost/api/salesShipments/11000_180400003_SI_10"
        },
        "item" : {
          "href" : "http://localhost/api/salesShipments/11000_180400003_SI_10/item"
        },
        "serialNumbers" : {
          "href" : "http://localhost/api/salesShipments/11000_180400003_SI_10/serialNumbers"
        }
      }
    }, {
      "inputUserId" : "PUTRI",
      "lastUpdateUserId" : "PUTRI",
      "computerId" : "DESKTOP-09OGK1M",
      "companyId" : "11000",
      "documentNumber" : 180400003,
      "documentType" : "SI",
      "sequence" : 20,
      "businessUnitId" : "110",
      "batchNumber" : 3,
      "batchType" : "S",
      "customerId" : "1202",
      "receiverId" : "1202",
      "expeditionId" : "",
      "payerId" : "",
      "salesmanId" : "9020",
      "baseCurrency" : "IDR",
      "transactionCurrency" : "IDR",
      "exchangeRate" : 1.000000000,
      "itemCode" : "HP.LAPTOP - 3RE55PA\t\t\t",
      "locationId" : "GDU",
      "serialLotNo" : "",
      "itemDescription" : "HP Laptop 14-bw505AU INDO AMDA4-9120/4GB/500GB/UMA/ODD/Win-10 SL",
      "lineType" : "S",
      "unitOfMeasure" : "UNT",
      "unitConversionFactor" : 1.000000000,
      "primaryTransactionQuantity" : 1.00000,
      "primaryUnitOfMeasure" : "UNT",
      "secondaryTransactionQuantity" : 0.00000,
      "secondaryUnitOfMeasure" : "UNT",
      "unitPrice" : 4049999.8000000,
      "extendedPrice" : 4049999.80000,
      "taxBase" : 0.00000,
      "taxAmount" : 0.00000,
      "unitCost" : 3726363.6300000,
      "extendedCost" : 3726363.63000,
      "foreignUnitPrice" : 0E-7,
      "foreignExtendedPrice" : 0.00000,
      "foreignTaxBase" : 0.00000,
      "foreignTaxAmount" : 0.00000,
      "projectId" : "",
      "profitCenterId" : "110",
      "accountId" : "",
      "paymentTermCode" : "N07",
      "taxCode" : "INCL",
      "taxAllowance" : true,
      "taxRate" : 10.000000000000000,
      "guestServiceChargeRate" : 0E-15,
      "discountCode" : "",
      "discountRate" : 0E-15,
      "unitDiscountCode" : "",
      "unitDiscountRate" : 0E-15,
      "lastStatus" : "620",
      "nextStatus" : "999",
      "glClass" : "INFG",
      "invoiceNumber" : 180400020,
      "invoiceType" : "RI",
      "invoiceSequence" : 0,
      "invoiceDate" : "2018-04-09",
      "orderNumber" : 180400003,
      "orderType" : "SO",
      "orderSequence" : 20,
      "salesDetail" : {
        "inputUserId" : "PUTRI",
        "lastUpdateUserId" : "PUTRI",
        "computerId" : "DESKTOP-09OGK1M",
        "companyId" : "11000",
        "salesOrderNumber" : 180400003,
        "salesOrderType" : "SO",
        "salesOrderSequence" : 20,
        "documentNumber" : 180400003,
        "documentType" : "SO",
        "sequence" : 20,
        "businessUnitId" : "110",
        "customerId" : "1202",
        "receiverId" : "1202",
        "expeditionId" : "",
        "payerId" : "",
        "salesmanId" : "9020",
        "partnerRepresentativeId" : "",
        "itemCode" : "HP.LAPTOP - 3RE55PA\t\t\t",
        "locationId" : "GDU",
        "serialLotNo" : "",
        "itemDescription" : "HP Laptop 14-bw505AU INDO AMDA4-9120/4GB/500GB/UMA/ODD/Win-10 SL",
        "lineType" : "S",
        "quantity" : 1.00000,
        "extendedQuantity" : 0.00000,
        "shippedQuantity" : 1.00000,
        "cancelledQuantity" : 0.00000,
        "returnedQuantity" : 0.00000,
        "openQuantity" : 0.00000,
        "unitOfMeasure" : "UNT",
        "extendedUnitOfMeasure" : "",
        "unitConversionFactor" : 1.000000000,
        "extendedUnitConversionFactor" : 0E-9,
        "primaryOrderQuantity" : 1.00000,
        "primaryUnitOfMeasure" : "UNT",
        "secondaryOrderQuantity" : 0.00000,
        "secondaryUnitOfMeasure" : "UNT",
        "baseCurrency" : "IDR",
        "transactionCurrency" : "IDR",
        "exchangeRate" : 1.000000000,
        "unitCost" : 3726363.6300000,
        "extendedCost" : 3726363.63000,
        "unitPrice" : 4049999.8000000,
        "extendedUnitPrice" : 0E-7,
        "extendedPrice" : 4049999.80000,
        "taxBase" : 0.00000,
        "taxAmount" : 368181.80000,
        "foreignUnitPrice" : 0E-7,
        "foreignExtendedPrice" : 0.00000,
        "foreignTaxBase" : 0.00000,
        "foreignTaxAmount" : 0.00000,
        "projectId" : "",
        "profitCenterId" : "110",
        "accountId" : "",
        "paymentTermCode" : "N07",
        "holdCode" : "",
        "taxCode" : "INCL",
        "taxAllowance" : true,
        "taxRate" : 10.000000000000000,
        "guestServiceChargeRate" : 0E-15,
        "discountCode" : "",
        "discountRate" : 0E-15,
        "unitDiscountCode" : "",
        "unitDiscountRate" : 0E-15,
        "lastStatus" : "520",
        "nextStatus" : "560",
        "orderDate" : "2018-04-09",
        "requestDate" : "2018-04-09",
        "promisedDeliveryDate" : null,
        "deliveryDate" : null,
        "closedDate" : null,
        "glDate" : null,
        "glClass" : "INFG",
        "originalDocumentNumber" : 0,
        "originalDocumentType" : "",
        "originalDocumentSequence" : 0,
        "originalDocumentDate" : null,
        "relatedDocumentNumber" : 0,
        "relatedDocumentType" : "",
        "relatedDocumentSequence" : 0,
        "serverOperatorCode" : "",
        "categoryCode" : "",
        "brandCode" : "",
        "typeCode" : "",
        "landedCostRule" : "",
        "containerSize" : "",
        "stuffingType" : "",
        "containerLoadType" : "",
        "jobNo" : "",
        "shipmentId" : "",
        "packinglistId" : "",
        "deliveryOrderNumber" : "",
        "sealNumber" : "",
        "feederVessel" : "",
        "connectingVessel" : "",
        "shippedBy" : "",
        "containerId" : "",
        "vehicleRegistrationNumber" : "",
        "vehicleType" : "",
        "weightQuantity" : 0.00000,
        "weightUnitOfMeasure" : "",
        "volumeQuantity" : 0.00000,
        "volumeUnitOfMeasure" : "",
        "userReservedNumber1" : 0,
        "userReservedNumber2" : 0,
        "orderTransactionType" : "",
        "objectId" : "F4211",
        "setForVoid" : false,
        "status" : "CLOSED",
        "lastUpdateDateTime" : "2018-04-11T10:06:06",
        "inputDateTime" : "2018-04-11T10:05:07",
        "extended" : false,
        "unitDiscountAmount" : 0.00,
        "priceAfterUnitDiscount" : 4049999.80000,
        "voided" : false
      },
      "originalDocumentNumber" : 0,
      "originalDocumentType" : "",
      "originalDocumentSequence" : 0,
      "originalDocumentDate" : null,
      "customerOrderNumber" : "",
      "customerOrderDate" : null,
      "vendorInvoiceNumber" : "",
      "vendorInvoiceDate" : null,
      "taxInvoiceNumber" : "-",
      "taxInvoiceDate" : "2018-04-09",
      "timesInvoicePrinted" : 0,
      "timesDeliveryOrderPrinted" : 0,
      "inventoryTransactionType" : "5",
      "description" : "DO/ATG/2018/IV/4899",
      "description2" : "",
      "containerId" : "",
      "shipmentCondition" : "",
      "portOfDepartureId" : "",
      "portOfArrivalId" : "",
      "estimatedTimeOfDeparture" : null,
      "estimatedTimeOfArrival" : null,
      "actualTimeOfDeparture" : null,
      "actualTimeOfArrival" : null,
      "dateOfLoading" : null,
      "dateOfUnloading" : null,
      "dateOfDocking" : null,
      "deliveryDate" : null,
      "exportDeclarationNumber" : "",
      "exportDeclarationDate" : null,
      "freightBillingNumber" : "",
      "freightBillingDate" : null,
      "exportApprovalNumber" : "",
      "exportApprovalDate" : null,
      "jobNo" : "",
      "shipmentId" : "",
      "packinglistId" : "",
      "deliveryOrderNumber" : "",
      "sealNumber" : "",
      "serverOperatorCode" : "",
      "categoryCode" : "",
      "brandCode" : "",
      "typeCode" : "",
      "landedCostRule" : "",
      "containerSize" : "",
      "stuffingType" : "",
      "containerLoadType" : "",
      "feederVessel" : "",
      "connectingVessel" : "",
      "shippedBy" : "",
      "partnerRepresentativeId" : "",
      "objectId" : "F42161",
      "recordId" : "20180411.100820484.1",
      "additive" : false,
      "transactionDate" : "2018-04-09",
      "businessPartnerId" : "1202",
      "serialOrLotNumbers" : [ ],
      "lastUpdateDateTime" : "2018-04-11T10:09:25",
      "inputDateTime" : "2018-04-11T10:08:11",
      "quantity" : 1.00000,
      "voided" : true,
      "_links" : {
        "self" : {
          "href" : "http://localhost/api/salesShipments/11000_180400003_SI_20"
        },
        "salesShipment" : {
          "href" : "http://localhost/api/salesShipments/11000_180400003_SI_20"
        },
        "item" : {
          "href" : "http://localhost/api/salesShipments/11000_180400003_SI_20/item"
        },
        "serialNumbers" : {
          "href" : "http://localhost/api/salesShipments/11000_180400003_SI_20/serialNumbers"
        }
      }
    }, {
      "inputUserId" : "PUTRI",
      "lastUpdateUserId" : "PUTRI",
      "computerId" : "DESKTOP-09OGK1M",
      "companyId" : "11000",
      "documentNumber" : 180400003,
      "documentType" : "SI",
      "sequence" : 30,
      "businessUnitId" : "110",
      "batchNumber" : 3,
      "batchType" : "S",
      "customerId" : "1202",
      "receiverId" : "1202",
      "expeditionId" : "",
      "payerId" : "",
      "salesmanId" : "9020",
      "baseCurrency" : "IDR",
      "transactionCurrency" : "IDR",
      "exchangeRate" : 1.000000000,
      "itemCode" : "HP.LAPTOP - 3PU58PA\t\t\t",
      "locationId" : "GDU",
      "serialLotNo" : "",
      "itemDescription" : "HP Laptop 14-bw023AX INDO AMDA9-9420/4GB/1TB/R520 2GB/Win-10 Hom",
      "lineType" : "S",
      "unitOfMeasure" : "UNT",
      "unitConversionFactor" : 1.000000000,
      "primaryTransactionQuantity" : 1.00000,
      "primaryUnitOfMeasure" : "UNT",
      "secondaryTransactionQuantity" : 0.00000,
      "secondaryUnitOfMeasure" : "UNT",
      "unitPrice" : 4824999.3000000,
      "extendedPrice" : 4824999.30000,
      "taxBase" : 0.00000,
      "taxAmount" : 0.00000,
      "unitCost" : 4408181.8100000,
      "extendedCost" : 4408181.81000,
      "foreignUnitPrice" : 0E-7,
      "foreignExtendedPrice" : 0.00000,
      "foreignTaxBase" : 0.00000,
      "foreignTaxAmount" : 0.00000,
      "projectId" : "",
      "profitCenterId" : "110",
      "accountId" : "",
      "paymentTermCode" : "N07",
      "taxCode" : "INCL",
      "taxAllowance" : true,
      "taxRate" : 10.000000000000000,
      "guestServiceChargeRate" : 0E-15,
      "discountCode" : "",
      "discountRate" : 0E-15,
      "unitDiscountCode" : "",
      "unitDiscountRate" : 0E-15,
      "lastStatus" : "620",
      "nextStatus" : "999",
      "glClass" : "INFG",
      "invoiceNumber" : 180400020,
      "invoiceType" : "RI",
      "invoiceSequence" : 0,
      "invoiceDate" : "2018-04-09",
      "orderNumber" : 180400003,
      "orderType" : "SO",
      "orderSequence" : 30,
      "salesDetail" : {
        "inputUserId" : "PUTRI",
        "lastUpdateUserId" : "PUTRI",
        "computerId" : "DESKTOP-09OGK1M",
        "companyId" : "11000",
        "salesOrderNumber" : 180400003,
        "salesOrderType" : "SO",
        "salesOrderSequence" : 30,
        "documentNumber" : 180400003,
        "documentType" : "SO",
        "sequence" : 30,
        "businessUnitId" : "110",
        "customerId" : "1202",
        "receiverId" : "1202",
        "expeditionId" : "",
        "payerId" : "",
        "salesmanId" : "9020",
        "partnerRepresentativeId" : "",
        "itemCode" : "HP.LAPTOP - 3PU58PA\t\t\t",
        "locationId" : "GDU",
        "serialLotNo" : "",
        "itemDescription" : "HP Laptop 14-bw023AX INDO AMDA9-9420/4GB/1TB/R520 2GB/Win-10 Hom",
        "lineType" : "S",
        "quantity" : 1.00000,
        "extendedQuantity" : 0.00000,
        "shippedQuantity" : 1.00000,
        "cancelledQuantity" : 0.00000,
        "returnedQuantity" : 0.00000,
        "openQuantity" : 0.00000,
        "unitOfMeasure" : "UNT",
        "extendedUnitOfMeasure" : "",
        "unitConversionFactor" : 1.000000000,
        "extendedUnitConversionFactor" : 0E-9,
        "primaryOrderQuantity" : 1.00000,
        "primaryUnitOfMeasure" : "UNT",
        "secondaryOrderQuantity" : 0.00000,
        "secondaryUnitOfMeasure" : "UNT",
        "baseCurrency" : "IDR",
        "transactionCurrency" : "IDR",
        "exchangeRate" : 1.000000000,
        "unitCost" : 4408181.8100000,
        "extendedCost" : 4408181.81000,
        "unitPrice" : 4824999.3000000,
        "extendedUnitPrice" : 0E-7,
        "extendedPrice" : 4824999.30000,
        "taxBase" : 0.00000,
        "taxAmount" : 438636.30000,
        "foreignUnitPrice" : 0E-7,
        "foreignExtendedPrice" : 0.00000,
        "foreignTaxBase" : 0.00000,
        "foreignTaxAmount" : 0.00000,
        "projectId" : "",
        "profitCenterId" : "110",
        "accountId" : "",
        "paymentTermCode" : "N07",
        "holdCode" : "",
        "taxCode" : "INCL",
        "taxAllowance" : true,
        "taxRate" : 10.000000000000000,
        "guestServiceChargeRate" : 0E-15,
        "discountCode" : "",
        "discountRate" : 0E-15,
        "unitDiscountCode" : "",
        "unitDiscountRate" : 0E-15,
        "lastStatus" : "520",
        "nextStatus" : "560",
        "orderDate" : "2018-04-09",
        "requestDate" : "2018-04-09",
        "promisedDeliveryDate" : null,
        "deliveryDate" : null,
        "closedDate" : null,
        "glDate" : null,
        "glClass" : "INFG",
        "originalDocumentNumber" : 0,
        "originalDocumentType" : "",
        "originalDocumentSequence" : 0,
        "originalDocumentDate" : null,
        "relatedDocumentNumber" : 0,
        "relatedDocumentType" : "",
        "relatedDocumentSequence" : 0,
        "serverOperatorCode" : "",
        "categoryCode" : "",
        "brandCode" : "",
        "typeCode" : "",
        "landedCostRule" : "",
        "containerSize" : "",
        "stuffingType" : "",
        "containerLoadType" : "",
        "jobNo" : "",
        "shipmentId" : "",
        "packinglistId" : "",
        "deliveryOrderNumber" : "",
        "sealNumber" : "",
        "feederVessel" : "",
        "connectingVessel" : "",
        "shippedBy" : "",
        "containerId" : "",
        "vehicleRegistrationNumber" : "",
        "vehicleType" : "",
        "weightQuantity" : 0.00000,
        "weightUnitOfMeasure" : "",
        "volumeQuantity" : 0.00000,
        "volumeUnitOfMeasure" : "",
        "userReservedNumber1" : 0,
        "userReservedNumber2" : 0,
        "orderTransactionType" : "",
        "objectId" : "F4211",
        "setForVoid" : false,
        "status" : "CLOSED",
        "lastUpdateDateTime" : "2018-04-11T10:06:06",
        "inputDateTime" : "2018-04-11T10:05:24",
        "extended" : false,
        "unitDiscountAmount" : 0.00,
        "priceAfterUnitDiscount" : 4824999.30000,
        "voided" : false
      },
      "originalDocumentNumber" : 0,
      "originalDocumentType" : "",
      "originalDocumentSequence" : 0,
      "originalDocumentDate" : null,
      "customerOrderNumber" : "",
      "customerOrderDate" : null,
      "vendorInvoiceNumber" : "",
      "vendorInvoiceDate" : null,
      "taxInvoiceNumber" : "-",
      "taxInvoiceDate" : "2018-04-09",
      "timesInvoicePrinted" : 0,
      "timesDeliveryOrderPrinted" : 0,
      "inventoryTransactionType" : "5",
      "description" : "DO/ATG/2018/IV/4899",
      "description2" : "",
      "containerId" : "",
      "shipmentCondition" : "",
      "portOfDepartureId" : "",
      "portOfArrivalId" : "",
      "estimatedTimeOfDeparture" : null,
      "estimatedTimeOfArrival" : null,
      "actualTimeOfDeparture" : null,
      "actualTimeOfArrival" : null,
      "dateOfLoading" : null,
      "dateOfUnloading" : null,
      "dateOfDocking" : null,
      "deliveryDate" : null,
      "exportDeclarationNumber" : "",
      "exportDeclarationDate" : null,
      "freightBillingNumber" : "",
      "freightBillingDate" : null,
      "exportApprovalNumber" : "",
      "exportApprovalDate" : null,
      "jobNo" : "",
      "shipmentId" : "",
      "packinglistId" : "",
      "deliveryOrderNumber" : "",
      "sealNumber" : "",
      "serverOperatorCode" : "",
      "categoryCode" : "",
      "brandCode" : "",
      "typeCode" : "",
      "landedCostRule" : "",
      "containerSize" : "",
      "stuffingType" : "",
      "containerLoadType" : "",
      "feederVessel" : "",
      "connectingVessel" : "",
      "shippedBy" : "",
      "partnerRepresentativeId" : "",
      "objectId" : "F42161",
      "recordId" : "20180411.100820541.1",
      "additive" : false,
      "transactionDate" : "2018-04-09",
      "businessPartnerId" : "1202",
      "serialOrLotNumbers" : [ ],
      "lastUpdateDateTime" : "2018-04-11T10:09:25",
      "inputDateTime" : "2018-04-11T10:08:11",
      "quantity" : 1.00000,
      "voided" : true,
      "_links" : {
        "self" : {
          "href" : "http://localhost/api/salesShipments/11000_180400003_SI_30"
        },
        "salesShipment" : {
          "href" : "http://localhost/api/salesShipments/11000_180400003_SI_30"
        },
        "item" : {
          "href" : "http://localhost/api/salesShipments/11000_180400003_SI_30/item"
        },
        "serialNumbers" : {
          "href" : "http://localhost/api/salesShipments/11000_180400003_SI_30/serialNumbers"
        }
      }
    }, {
      "inputUserId" : "PUTRI",
      "lastUpdateUserId" : "PUTRI",
      "computerId" : "DESKTOP-09OGK1M",
      "companyId" : "11000",
      "documentNumber" : 180400003,
      "documentType" : "SI",
      "sequence" : 40,
      "businessUnitId" : "110",
      "batchNumber" : 3,
      "batchType" : "S",
      "customerId" : "1202",
      "receiverId" : "1202",
      "expeditionId" : "",
      "payerId" : "",
      "salesmanId" : "9020",
      "baseCurrency" : "IDR",
      "transactionCurrency" : "IDR",
      "exchangeRate" : 1.000000000,
      "itemCode" : "HP.LAPTOP-3PU52PA",
      "locationId" : "GDU",
      "serialLotNo" : "",
      "itemDescription" : "HP Laptop 14-bw024AX A9-9420/14.0\"HD/4GB/1TB/Radeon 520 2GB/Win1",
      "lineType" : "S",
      "unitOfMeasure" : "UNT",
      "unitConversionFactor" : 1.000000000,
      "primaryTransactionQuantity" : 1.00000,
      "primaryUnitOfMeasure" : "UNT",
      "secondaryTransactionQuantity" : 0.00000,
      "secondaryUnitOfMeasure" : "UNT",
      "unitPrice" : 4825000.4000000,
      "extendedPrice" : 4825000.40000,
      "taxBase" : 0.00000,
      "taxAmount" : 0.00000,
      "unitCost" : 4408181.8200000,
      "extendedCost" : 4408181.82000,
      "foreignUnitPrice" : 0E-7,
      "foreignExtendedPrice" : 0.00000,
      "foreignTaxBase" : 0.00000,
      "foreignTaxAmount" : 0.00000,
      "projectId" : "",
      "profitCenterId" : "110",
      "accountId" : "",
      "paymentTermCode" : "N07",
      "taxCode" : "INCL",
      "taxAllowance" : true,
      "taxRate" : 10.000000000000000,
      "guestServiceChargeRate" : 0E-15,
      "discountCode" : "",
      "discountRate" : 0E-15,
      "unitDiscountCode" : "",
      "unitDiscountRate" : 0E-15,
      "lastStatus" : "620",
      "nextStatus" : "999",
      "glClass" : "INFG",
      "invoiceNumber" : 180400020,
      "invoiceType" : "RI",
      "invoiceSequence" : 0,
      "invoiceDate" : "2018-04-09",
      "orderNumber" : 180400003,
      "orderType" : "SO",
      "orderSequence" : 40,
      "salesDetail" : {
        "inputUserId" : "PUTRI",
        "lastUpdateUserId" : "PUTRI",
        "computerId" : "DESKTOP-09OGK1M",
        "companyId" : "11000",
        "salesOrderNumber" : 180400003,
        "salesOrderType" : "SO",
        "salesOrderSequence" : 40,
        "documentNumber" : 180400003,
        "documentType" : "SO",
        "sequence" : 40,
        "businessUnitId" : "110",
        "customerId" : "1202",
        "receiverId" : "1202",
        "expeditionId" : "",
        "payerId" : "",
        "salesmanId" : "9020",
        "partnerRepresentativeId" : "",
        "itemCode" : "HP.LAPTOP-3PU52PA",
        "locationId" : "GDU",
        "serialLotNo" : "",
        "itemDescription" : "HP Laptop 14-bw024AX A9-9420/14.0\"HD/4GB/1TB/Radeon 520 2GB/Win1",
        "lineType" : "S",
        "quantity" : 1.00000,
        "extendedQuantity" : 0.00000,
        "shippedQuantity" : 1.00000,
        "cancelledQuantity" : 0.00000,
        "returnedQuantity" : 0.00000,
        "openQuantity" : 0.00000,
        "unitOfMeasure" : "UNT",
        "extendedUnitOfMeasure" : "",
        "unitConversionFactor" : 1.000000000,
        "extendedUnitConversionFactor" : 0E-9,
        "primaryOrderQuantity" : 1.00000,
        "primaryUnitOfMeasure" : "UNT",
        "secondaryOrderQuantity" : 0.00000,
        "secondaryUnitOfMeasure" : "UNT",
        "baseCurrency" : "IDR",
        "transactionCurrency" : "IDR",
        "exchangeRate" : 1.000000000,
        "unitCost" : 4408181.8200000,
        "extendedCost" : 4408181.82000,
        "unitPrice" : 4825000.4000000,
        "extendedUnitPrice" : 0E-7,
        "extendedPrice" : 4825000.40000,
        "taxBase" : 0.00000,
        "taxAmount" : 438636.40000,
        "foreignUnitPrice" : 0E-7,
        "foreignExtendedPrice" : 0.00000,
        "foreignTaxBase" : 0.00000,
        "foreignTaxAmount" : 0.00000,
        "projectId" : "",
        "profitCenterId" : "110",
        "accountId" : "",
        "paymentTermCode" : "N07",
        "holdCode" : "",
        "taxCode" : "INCL",
        "taxAllowance" : true,
        "taxRate" : 10.000000000000000,
        "guestServiceChargeRate" : 0E-15,
        "discountCode" : "",
        "discountRate" : 0E-15,
        "unitDiscountCode" : "",
        "unitDiscountRate" : 0E-15,
        "lastStatus" : "520",
        "nextStatus" : "560",
        "orderDate" : "2018-04-09",
        "requestDate" : "2018-04-09",
        "promisedDeliveryDate" : null,
        "deliveryDate" : null,
        "closedDate" : null,
        "glDate" : null,
        "glClass" : "INFG",
        "originalDocumentNumber" : 0,
        "originalDocumentType" : "",
        "originalDocumentSequence" : 0,
        "originalDocumentDate" : null,
        "relatedDocumentNumber" : 0,
        "relatedDocumentType" : "",
        "relatedDocumentSequence" : 0,
        "serverOperatorCode" : "",
        "categoryCode" : "",
        "brandCode" : "",
        "typeCode" : "",
        "landedCostRule" : "",
        "containerSize" : "",
        "stuffingType" : "",
        "containerLoadType" : "",
        "jobNo" : "",
        "shipmentId" : "",
        "packinglistId" : "",
        "deliveryOrderNumber" : "",
        "sealNumber" : "",
        "feederVessel" : "",
        "connectingVessel" : "",
        "shippedBy" : "",
        "containerId" : "",
        "vehicleRegistrationNumber" : "",
        "vehicleType" : "",
        "weightQuantity" : 0.00000,
        "weightUnitOfMeasure" : "",
        "volumeQuantity" : 0.00000,
        "volumeUnitOfMeasure" : "",
        "userReservedNumber1" : 0,
        "userReservedNumber2" : 0,
        "orderTransactionType" : "",
        "objectId" : "F4211",
        "setForVoid" : false,
        "status" : "CLOSED",
        "lastUpdateDateTime" : "2018-04-11T10:06:06",
        "inputDateTime" : "2018-04-11T10:05:42",
        "extended" : false,
        "unitDiscountAmount" : 0.00,
        "priceAfterUnitDiscount" : 4825000.40000,
        "voided" : false
      },
      "originalDocumentNumber" : 0,
      "originalDocumentType" : "",
      "originalDocumentSequence" : 0,
      "originalDocumentDate" : null,
      "customerOrderNumber" : "",
      "customerOrderDate" : null,
      "vendorInvoiceNumber" : "",
      "vendorInvoiceDate" : null,
      "taxInvoiceNumber" : "-",
      "taxInvoiceDate" : "2018-04-09",
      "timesInvoicePrinted" : 0,
      "timesDeliveryOrderPrinted" : 0,
      "inventoryTransactionType" : "5",
      "description" : "DO/ATG/2018/IV/4899",
      "description2" : "",
      "containerId" : "",
      "shipmentCondition" : "",
      "portOfDepartureId" : "",
      "portOfArrivalId" : "",
      "estimatedTimeOfDeparture" : null,
      "estimatedTimeOfArrival" : null,
      "actualTimeOfDeparture" : null,
      "actualTimeOfArrival" : null,
      "dateOfLoading" : null,
      "dateOfUnloading" : null,
      "dateOfDocking" : null,
      "deliveryDate" : null,
      "exportDeclarationNumber" : "",
      "exportDeclarationDate" : null,
      "freightBillingNumber" : "",
      "freightBillingDate" : null,
      "exportApprovalNumber" : "",
      "exportApprovalDate" : null,
      "jobNo" : "",
      "shipmentId" : "",
      "packinglistId" : "",
      "deliveryOrderNumber" : "",
      "sealNumber" : "",
      "serverOperatorCode" : "",
      "categoryCode" : "",
      "brandCode" : "",
      "typeCode" : "",
      "landedCostRule" : "",
      "containerSize" : "",
      "stuffingType" : "",
      "containerLoadType" : "",
      "feederVessel" : "",
      "connectingVessel" : "",
      "shippedBy" : "",
      "partnerRepresentativeId" : "",
      "objectId" : "F42161",
      "recordId" : "20180411.100820596.1",
      "additive" : false,
      "transactionDate" : "2018-04-09",
      "businessPartnerId" : "1202",
      "serialOrLotNumbers" : [ ],
      "lastUpdateDateTime" : "2018-04-11T10:09:25",
      "inputDateTime" : "2018-04-11T10:08:11",
      "quantity" : 1.00000,
      "voided" : true,
      "_links" : {
        "self" : {
          "href" : "http://localhost/api/salesShipments/11000_180400003_SI_40"
        },
        "salesShipment" : {
          "href" : "http://localhost/api/salesShipments/11000_180400003_SI_40"
        },
        "item" : {
          "href" : "http://localhost/api/salesShipments/11000_180400003_SI_40/item"
        },
        "serialNumbers" : {
          "href" : "http://localhost/api/salesShipments/11000_180400003_SI_40/serialNumbers"
        }
      }
    }, {
      "inputUserId" : "PUTRI",
      "lastUpdateUserId" : "PUTRI",
      "computerId" : "DESKTOP-09OGK1M",
      "companyId" : "11000",
      "documentNumber" : 180400004,
      "documentType" : "SI",
      "sequence" : 30,
      "businessUnitId" : "110",
      "batchNumber" : 4,
      "batchType" : "S",
      "customerId" : "3047",
      "receiverId" : "3047",
      "expeditionId" : "",
      "payerId" : "",
      "salesmanId" : "9018",
      "baseCurrency" : "IDR",
      "transactionCurrency" : "IDR",
      "exchangeRate" : 1.000000000,
      "itemCode" : "CAN.TINTA-PG810BK",
      "locationId" : "GDU",
      "serialLotNo" : "",
      "itemDescription" : "Canon Tinta PG 810 Black",
      "lineType" : "S",
      "unitOfMeasure" : "PCS",
      "unitConversionFactor" : 1.000000000,
      "primaryTransactionQuantity" : 50.00000,
      "primaryUnitOfMeasure" : "PCS",
      "secondaryTransactionQuantity" : 0.00000,
      "secondaryUnitOfMeasure" : "PCS",
      "unitPrice" : 186000.1000000,
      "extendedPrice" : 9300005.00000,
      "taxBase" : 0.00000,
      "taxAmount" : 0.00000,
      "unitCost" : 165909.0901208,
      "extendedCost" : 8295454.50604,
      "foreignUnitPrice" : 0E-7,
      "foreignExtendedPrice" : 0.00000,
      "foreignTaxBase" : 0.00000,
      "foreignTaxAmount" : 0.00000,
      "projectId" : "",
      "profitCenterId" : "110",
      "accountId" : "",
      "paymentTermCode" : "N07",
      "taxCode" : "INCL",
      "taxAllowance" : true,
      "taxRate" : 10.000000000000000,
      "guestServiceChargeRate" : 0E-15,
      "discountCode" : "",
      "discountRate" : 0E-15,
      "unitDiscountCode" : "",
      "unitDiscountRate" : 0E-15,
      "lastStatus" : "620",
      "nextStatus" : "999",
      "glClass" : "INFG",
      "invoiceNumber" : 180400021,
      "invoiceType" : "RI",
      "invoiceSequence" : 0,
      "invoiceDate" : "2018-04-09",
      "orderNumber" : 180400004,
      "orderType" : "SO",
      "orderSequence" : 10,
      "salesDetail" : {
        "inputUserId" : "PUTRI",
        "lastUpdateUserId" : "PUTRI",
        "computerId" : "DESKTOP-09OGK1M",
        "companyId" : "11000",
        "salesOrderNumber" : 180400004,
        "salesOrderType" : "SO",
        "salesOrderSequence" : 10,
        "documentNumber" : 180400004,
        "documentType" : "SO",
        "sequence" : 10,
        "businessUnitId" : "110",
        "customerId" : "3047",
        "receiverId" : "3047",
        "expeditionId" : "",
        "payerId" : "",
        "salesmanId" : "9018",
        "partnerRepresentativeId" : "",
        "itemCode" : "CAN.TINTA-PG810BK",
        "locationId" : "GDU",
        "serialLotNo" : "",
        "itemDescription" : "Canon Tinta PG 810 Black",
        "lineType" : "S",
        "quantity" : 50.00000,
        "extendedQuantity" : 0.00000,
        "shippedQuantity" : 50.00000,
        "cancelledQuantity" : 0.00000,
        "returnedQuantity" : 0.00000,
        "openQuantity" : 0.00000,
        "unitOfMeasure" : "PCS",
        "extendedUnitOfMeasure" : "",
        "unitConversionFactor" : 1.000000000,
        "extendedUnitConversionFactor" : 0E-9,
        "primaryOrderQuantity" : 50.00000,
        "primaryUnitOfMeasure" : "PCS",
        "secondaryOrderQuantity" : 0.00000,
        "secondaryUnitOfMeasure" : "PCS",
        "baseCurrency" : "IDR",
        "transactionCurrency" : "IDR",
        "exchangeRate" : 1.000000000,
        "unitCost" : 165909.0901000,
        "extendedCost" : 8295454.50500,
        "unitPrice" : 186000.1000000,
        "extendedUnitPrice" : 0E-7,
        "extendedPrice" : 9300005.00000,
        "taxBase" : 0.00000,
        "taxAmount" : 845455.00000,
        "foreignUnitPrice" : 0E-7,
        "foreignExtendedPrice" : 0.00000,
        "foreignTaxBase" : 0.00000,
        "foreignTaxAmount" : 0.00000,
        "projectId" : "",
        "profitCenterId" : "110",
        "accountId" : "",
        "paymentTermCode" : "N07",
        "holdCode" : "",
        "taxCode" : "INCL",
        "taxAllowance" : true,
        "taxRate" : 10.000000000000000,
        "guestServiceChargeRate" : 0E-15,
        "discountCode" : "",
        "discountRate" : 0E-15,
        "unitDiscountCode" : "",
        "unitDiscountRate" : 0E-15,
        "lastStatus" : "520",
        "nextStatus" : "560",
        "orderDate" : "2018-04-09",
        "requestDate" : "2018-04-09",
        "promisedDeliveryDate" : null,
        "deliveryDate" : null,
        "closedDate" : null,
        "glDate" : null,
        "glClass" : "INFG",
        "originalDocumentNumber" : 0,
        "originalDocumentType" : "",
        "originalDocumentSequence" : 0,
        "originalDocumentDate" : null,
        "relatedDocumentNumber" : 0,
        "relatedDocumentType" : "",
        "relatedDocumentSequence" : 0,
        "serverOperatorCode" : "",
        "categoryCode" : "",
        "brandCode" : "",
        "typeCode" : "",
        "landedCostRule" : "",
        "containerSize" : "",
        "stuffingType" : "",
        "containerLoadType" : "",
        "jobNo" : "",
        "shipmentId" : "",
        "packinglistId" : "",
        "deliveryOrderNumber" : "",
        "sealNumber" : "",
        "feederVessel" : "",
        "connectingVessel" : "",
        "shippedBy" : "",
        "containerId" : "",
        "vehicleRegistrationNumber" : "",
        "vehicleType" : "",
        "weightQuantity" : 0.00000,
        "weightUnitOfMeasure" : "",
        "volumeQuantity" : 0.00000,
        "volumeUnitOfMeasure" : "",
        "userReservedNumber1" : 0,
        "userReservedNumber2" : 0,
        "orderTransactionType" : "",
        "objectId" : "F4211",
        "setForVoid" : false,
        "status" : "CLOSED",
        "lastUpdateDateTime" : "2018-04-11T10:20:10",
        "inputDateTime" : "2018-04-11T10:19:20",
        "extended" : false,
        "unitDiscountAmount" : 0.00,
        "priceAfterUnitDiscount" : 9300005.00000,
        "voided" : false
      },
      "originalDocumentNumber" : 0,
      "originalDocumentType" : "",
      "originalDocumentSequence" : 0,
      "originalDocumentDate" : null,
      "customerOrderNumber" : "",
      "customerOrderDate" : null,
      "vendorInvoiceNumber" : "",
      "vendorInvoiceDate" : null,
      "taxInvoiceNumber" : "-",
      "taxInvoiceDate" : "2018-04-09",
      "timesInvoicePrinted" : 0,
      "timesDeliveryOrderPrinted" : 0,
      "inventoryTransactionType" : "5",
      "description" : "DO/ATG/2018/IV/4900",
      "description2" : "",
      "containerId" : "",
      "shipmentCondition" : "",
      "portOfDepartureId" : "",
      "portOfArrivalId" : "",
      "estimatedTimeOfDeparture" : null,
      "estimatedTimeOfArrival" : null,
      "actualTimeOfDeparture" : null,
      "actualTimeOfArrival" : null,
      "dateOfLoading" : null,
      "dateOfUnloading" : null,
      "dateOfDocking" : null,
      "deliveryDate" : null,
      "exportDeclarationNumber" : "",
      "exportDeclarationDate" : null,
      "freightBillingNumber" : "",
      "freightBillingDate" : null,
      "exportApprovalNumber" : "",
      "exportApprovalDate" : null,
      "jobNo" : "",
      "shipmentId" : "",
      "packinglistId" : "",
      "deliveryOrderNumber" : "",
      "sealNumber" : "",
      "serverOperatorCode" : "",
      "categoryCode" : "",
      "brandCode" : "",
      "typeCode" : "",
      "landedCostRule" : "",
      "containerSize" : "",
      "stuffingType" : "",
      "containerLoadType" : "",
      "feederVessel" : "",
      "connectingVessel" : "",
      "shippedBy" : "",
      "partnerRepresentativeId" : "",
      "objectId" : "F42161",
      "recordId" : "20180411.102138402.1",
      "additive" : false,
      "transactionDate" : "2018-04-09",
      "businessPartnerId" : "3047",
      "serialOrLotNumbers" : [ ],
      "lastUpdateDateTime" : "2018-04-11T10:22:42",
      "inputDateTime" : "2018-04-11T10:21:30",
      "quantity" : 50.00000,
      "voided" : true,
      "_links" : {
        "self" : {
          "href" : "http://localhost/api/salesShipments/11000_180400004_SI_30"
        },
        "salesShipment" : {
          "href" : "http://localhost/api/salesShipments/11000_180400004_SI_30"
        },
        "item" : {
          "href" : "http://localhost/api/salesShipments/11000_180400004_SI_30/item"
        },
        "serialNumbers" : {
          "href" : "http://localhost/api/salesShipments/11000_180400004_SI_30/serialNumbers"
        }
      }
    }, {
      "inputUserId" : "PUTRI",
      "lastUpdateUserId" : "PUTRI",
      "computerId" : "DESKTOP-09OGK1M",
      "companyId" : "11000",
      "documentNumber" : 180400004,
      "documentType" : "SI",
      "sequence" : 40,
      "businessUnitId" : "110",
      "batchNumber" : 4,
      "batchType" : "S",
      "customerId" : "3047",
      "receiverId" : "3047",
      "expeditionId" : "",
      "payerId" : "",
      "salesmanId" : "9018",
      "baseCurrency" : "IDR",
      "transactionCurrency" : "IDR",
      "exchangeRate" : 1.000000000,
      "itemCode" : "CAN.TINTA-CL811",
      "locationId" : "GDU",
      "serialLotNo" : "",
      "itemDescription" : "Canon Tinta CL 811 Color",
      "lineType" : "S",
      "unitOfMeasure" : "PCS",
      "unitConversionFactor" : 1.000000000,
      "primaryTransactionQuantity" : 6.00000,
      "primaryUnitOfMeasure" : "PCS",
      "secondaryTransactionQuantity" : 0.00000,
      "secondaryUnitOfMeasure" : "PCS",
      "unitPrice" : 235999.5000000,
      "extendedPrice" : 1415997.00000,
      "taxBase" : 0.00000,
      "taxAmount" : 0.00000,
      "unitCost" : 211059.8209401,
      "extendedCost" : 1266358.92564,
      "foreignUnitPrice" : 0E-7,
      "foreignExtendedPrice" : 0.00000,
      "foreignTaxBase" : 0.00000,
      "foreignTaxAmount" : 0.00000,
      "projectId" : "",
      "profitCenterId" : "110",
      "accountId" : "",
      "paymentTermCode" : "N07",
      "taxCode" : "INCL",
      "taxAllowance" : true,
      "taxRate" : 10.000000000000000,
      "guestServiceChargeRate" : 0E-15,
      "discountCode" : "",
      "discountRate" : 0E-15,
      "unitDiscountCode" : "",
      "unitDiscountRate" : 0E-15,
      "lastStatus" : "620",
      "nextStatus" : "999",
      "glClass" : "INFG",
      "invoiceNumber" : 180400021,
      "invoiceType" : "RI",
      "invoiceSequence" : 0,
      "invoiceDate" : "2018-04-09",
      "orderNumber" : 180400004,
      "orderType" : "SO",
      "orderSequence" : 20,
      "salesDetail" : {
        "inputUserId" : "PUTRI",
        "lastUpdateUserId" : "PUTRI",
        "computerId" : "DESKTOP-09OGK1M",
        "companyId" : "11000",
        "salesOrderNumber" : 180400004,
        "salesOrderType" : "SO",
        "salesOrderSequence" : 20,
        "documentNumber" : 180400004,
        "documentType" : "SO",
        "sequence" : 20,
        "businessUnitId" : "110",
        "customerId" : "3047",
        "receiverId" : "3047",
        "expeditionId" : "",
        "payerId" : "",
        "salesmanId" : "9018",
        "partnerRepresentativeId" : "",
        "itemCode" : "CAN.TINTA-CL811",
        "locationId" : "GDU",
        "serialLotNo" : "",
        "itemDescription" : "Canon Tinta CL 811 Color",
        "lineType" : "S",
        "quantity" : 6.00000,
        "extendedQuantity" : 0.00000,
        "shippedQuantity" : 6.00000,
        "cancelledQuantity" : 0.00000,
        "returnedQuantity" : 0.00000,
        "openQuantity" : 0.00000,
        "unitOfMeasure" : "PCS",
        "extendedUnitOfMeasure" : "",
        "unitConversionFactor" : 1.000000000,
        "extendedUnitConversionFactor" : 0E-9,
        "primaryOrderQuantity" : 6.00000,
        "primaryUnitOfMeasure" : "PCS",
        "secondaryOrderQuantity" : 0.00000,
        "secondaryUnitOfMeasure" : "PCS",
        "baseCurrency" : "IDR",
        "transactionCurrency" : "IDR",
        "exchangeRate" : 1.000000000,
        "unitCost" : 211059.8209000,
        "extendedCost" : 1266358.92540,
        "unitPrice" : 235999.5000000,
        "extendedUnitPrice" : 0E-7,
        "extendedPrice" : 1415997.00000,
        "taxBase" : 0.00000,
        "taxAmount" : 128727.00000,
        "foreignUnitPrice" : 0E-7,
        "foreignExtendedPrice" : 0.00000,
        "foreignTaxBase" : 0.00000,
        "foreignTaxAmount" : 0.00000,
        "projectId" : "",
        "profitCenterId" : "110",
        "accountId" : "",
        "paymentTermCode" : "N07",
        "holdCode" : "",
        "taxCode" : "INCL",
        "taxAllowance" : true,
        "taxRate" : 10.000000000000000,
        "guestServiceChargeRate" : 0E-15,
        "discountCode" : "",
        "discountRate" : 0E-15,
        "unitDiscountCode" : "",
        "unitDiscountRate" : 0E-15,
        "lastStatus" : "520",
        "nextStatus" : "560",
        "orderDate" : "2018-04-09",
        "requestDate" : "2018-04-09",
        "promisedDeliveryDate" : null,
        "deliveryDate" : null,
        "closedDate" : null,
        "glDate" : null,
        "glClass" : "INFG",
        "originalDocumentNumber" : 0,
        "originalDocumentType" : "",
        "originalDocumentSequence" : 0,
        "originalDocumentDate" : null,
        "relatedDocumentNumber" : 0,
        "relatedDocumentType" : "",
        "relatedDocumentSequence" : 0,
        "serverOperatorCode" : "",
        "categoryCode" : "",
        "brandCode" : "",
        "typeCode" : "",
        "landedCostRule" : "",
        "containerSize" : "",
        "stuffingType" : "",
        "containerLoadType" : "",
        "jobNo" : "",
        "shipmentId" : "",
        "packinglistId" : "",
        "deliveryOrderNumber" : "",
        "sealNumber" : "",
        "feederVessel" : "",
        "connectingVessel" : "",
        "shippedBy" : "",
        "containerId" : "",
        "vehicleRegistrationNumber" : "",
        "vehicleType" : "",
        "weightQuantity" : 0.00000,
        "weightUnitOfMeasure" : "",
        "volumeQuantity" : 0.00000,
        "volumeUnitOfMeasure" : "",
        "userReservedNumber1" : 0,
        "userReservedNumber2" : 0,
        "orderTransactionType" : "",
        "objectId" : "F4211",
        "setForVoid" : false,
        "status" : "CLOSED",
        "lastUpdateDateTime" : "2018-04-11T10:20:10",
        "inputDateTime" : "2018-04-11T10:19:38",
        "extended" : false,
        "unitDiscountAmount" : 0.00,
        "priceAfterUnitDiscount" : 1415997.00000,
        "voided" : false
      },
      "originalDocumentNumber" : 0,
      "originalDocumentType" : "",
      "originalDocumentSequence" : 0,
      "originalDocumentDate" : null,
      "customerOrderNumber" : "",
      "customerOrderDate" : null,
      "vendorInvoiceNumber" : "",
      "vendorInvoiceDate" : null,
      "taxInvoiceNumber" : "-",
      "taxInvoiceDate" : "2018-04-09",
      "timesInvoicePrinted" : 0,
      "timesDeliveryOrderPrinted" : 0,
      "inventoryTransactionType" : "5",
      "description" : "DO/ATG/2018/IV/4900",
      "description2" : "",
      "containerId" : "",
      "shipmentCondition" : "",
      "portOfDepartureId" : "",
      "portOfArrivalId" : "",
      "estimatedTimeOfDeparture" : null,
      "estimatedTimeOfArrival" : null,
      "actualTimeOfDeparture" : null,
      "actualTimeOfArrival" : null,
      "dateOfLoading" : null,
      "dateOfUnloading" : null,
      "dateOfDocking" : null,
      "deliveryDate" : null,
      "exportDeclarationNumber" : "",
      "exportDeclarationDate" : null,
      "freightBillingNumber" : "",
      "freightBillingDate" : null,
      "exportApprovalNumber" : "",
      "exportApprovalDate" : null,
      "jobNo" : "",
      "shipmentId" : "",
      "packinglistId" : "",
      "deliveryOrderNumber" : "",
      "sealNumber" : "",
      "serverOperatorCode" : "",
      "categoryCode" : "",
      "brandCode" : "",
      "typeCode" : "",
      "landedCostRule" : "",
      "containerSize" : "",
      "stuffingType" : "",
      "containerLoadType" : "",
      "feederVessel" : "",
      "connectingVessel" : "",
      "shippedBy" : "",
      "partnerRepresentativeId" : "",
      "objectId" : "F42161",
      "recordId" : "20180411.102138476.1",
      "additive" : false,
      "transactionDate" : "2018-04-09",
      "businessPartnerId" : "3047",
      "serialOrLotNumbers" : [ ],
      "lastUpdateDateTime" : "2018-04-11T10:22:42",
      "inputDateTime" : "2018-04-11T10:21:30",
      "quantity" : 6.00000,
      "voided" : true,
      "_links" : {
        "self" : {
          "href" : "http://localhost/api/salesShipments/11000_180400004_SI_40"
        },
        "salesShipment" : {
          "href" : "http://localhost/api/salesShipments/11000_180400004_SI_40"
        },
        "item" : {
          "href" : "http://localhost/api/salesShipments/11000_180400004_SI_40/item"
        },
        "serialNumbers" : {
          "href" : "http://localhost/api/salesShipments/11000_180400004_SI_40/serialNumbers"
        }
      }
    }, {
      "inputUserId" : "PUTRI",
      "lastUpdateUserId" : "PUTRI",
      "computerId" : "DESKTOP-09OGK1M",
      "companyId" : "11000",
      "documentNumber" : 180400005,
      "documentType" : "SI",
      "sequence" : 10,
      "businessUnitId" : "110",
      "batchNumber" : 5,
      "batchType" : "S",
      "customerId" : "1495",
      "receiverId" : "1495",
      "expeditionId" : "",
      "payerId" : "",
      "salesmanId" : "9011",
      "baseCurrency" : "IDR",
      "transactionCurrency" : "IDR",
      "exchangeRate" : 1.000000000,
      "itemCode" : "HP.TINTA-F6V27AA",
      "locationId" : "GDU",
      "serialLotNo" : "",
      "itemDescription" : "HP 680 Black Ink Cartridge",
      "lineType" : "S",
      "unitOfMeasure" : "PCS",
      "unitConversionFactor" : 1.000000000,
      "primaryTransactionQuantity" : 5.00000,
      "primaryUnitOfMeasure" : "PCS",
      "secondaryTransactionQuantity" : 0.00000,
      "secondaryUnitOfMeasure" : "PCS",
      "unitPrice" : 100001.0000000,
      "extendedPrice" : 500005.00000,
      "taxBase" : 0.00000,
      "taxAmount" : 0.00000,
      "unitCost" : 92876.6920762,
      "extendedCost" : 464383.46038,
      "foreignUnitPrice" : 0E-7,
      "foreignExtendedPrice" : 0.00000,
      "foreignTaxBase" : 0.00000,
      "foreignTaxAmount" : 0.00000,
      "projectId" : "",
      "profitCenterId" : "110",
      "accountId" : "",
      "paymentTermCode" : "N14",
      "taxCode" : "INCL",
      "taxAllowance" : true,
      "taxRate" : 10.000000000000000,
      "guestServiceChargeRate" : 0E-15,
      "discountCode" : "",
      "discountRate" : 0E-15,
      "unitDiscountCode" : "",
      "unitDiscountRate" : 0E-15,
      "lastStatus" : "620",
      "nextStatus" : "999",
      "glClass" : "INFG",
      "invoiceNumber" : 180400022,
      "invoiceType" : "RI",
      "invoiceSequence" : 0,
      "invoiceDate" : "2018-04-09",
      "orderNumber" : 180400005,
      "orderType" : "SO",
      "orderSequence" : 10,
      "salesDetail" : {
        "inputUserId" : "PUTRI",
        "lastUpdateUserId" : "PUTRI",
        "computerId" : "DESKTOP-09OGK1M",
        "companyId" : "11000",
        "salesOrderNumber" : 180400005,
        "salesOrderType" : "SO",
        "salesOrderSequence" : 10,
        "documentNumber" : 180400005,
        "documentType" : "SO",
        "sequence" : 10,
        "businessUnitId" : "110",
        "customerId" : "1495",
        "receiverId" : "1495",
        "expeditionId" : "",
        "payerId" : "",
        "salesmanId" : "9011",
        "partnerRepresentativeId" : "",
        "itemCode" : "HP.TINTA-F6V27AA",
        "locationId" : "GDU",
        "serialLotNo" : "",
        "itemDescription" : "HP 680 Black Ink Cartridge",
        "lineType" : "S",
        "quantity" : 5.00000,
        "extendedQuantity" : 0.00000,
        "shippedQuantity" : 5.00000,
        "cancelledQuantity" : 0.00000,
        "returnedQuantity" : 0.00000,
        "openQuantity" : 0.00000,
        "unitOfMeasure" : "PCS",
        "extendedUnitOfMeasure" : "",
        "unitConversionFactor" : 1.000000000,
        "extendedUnitConversionFactor" : 0E-9,
        "primaryOrderQuantity" : 5.00000,
        "primaryUnitOfMeasure" : "PCS",
        "secondaryOrderQuantity" : 0.00000,
        "secondaryUnitOfMeasure" : "PCS",
        "baseCurrency" : "IDR",
        "transactionCurrency" : "IDR",
        "exchangeRate" : 1.000000000,
        "unitCost" : 91789.0582000,
        "extendedCost" : 458945.29100,
        "unitPrice" : 100001.0000000,
        "extendedUnitPrice" : 0E-7,
        "extendedPrice" : 500005.00000,
        "taxBase" : 0.00000,
        "taxAmount" : 45455.00000,
        "foreignUnitPrice" : 0E-7,
        "foreignExtendedPrice" : 0.00000,
        "foreignTaxBase" : 0.00000,
        "foreignTaxAmount" : 0.00000,
        "projectId" : "",
        "profitCenterId" : "110",
        "accountId" : "",
        "paymentTermCode" : "N14",
        "holdCode" : "",
        "taxCode" : "INCL",
        "taxAllowance" : true,
        "taxRate" : 10.000000000000000,
        "guestServiceChargeRate" : 0E-15,
        "discountCode" : "",
        "discountRate" : 0E-15,
        "unitDiscountCode" : "",
        "unitDiscountRate" : 0E-15,
        "lastStatus" : "520",
        "nextStatus" : "560",
        "orderDate" : "2018-04-09",
        "requestDate" : "2018-04-09",
        "promisedDeliveryDate" : null,
        "deliveryDate" : null,
        "closedDate" : null,
        "glDate" : null,
        "glClass" : "INFG",
        "originalDocumentNumber" : 0,
        "originalDocumentType" : "",
        "originalDocumentSequence" : 0,
        "originalDocumentDate" : null,
        "relatedDocumentNumber" : 0,
        "relatedDocumentType" : "",
        "relatedDocumentSequence" : 0,
        "serverOperatorCode" : "",
        "categoryCode" : "",
        "brandCode" : "",
        "typeCode" : "",
        "landedCostRule" : "",
        "containerSize" : "",
        "stuffingType" : "",
        "containerLoadType" : "",
        "jobNo" : "",
        "shipmentId" : "",
        "packinglistId" : "",
        "deliveryOrderNumber" : "",
        "sealNumber" : "",
        "feederVessel" : "",
        "connectingVessel" : "",
        "shippedBy" : "",
        "containerId" : "",
        "vehicleRegistrationNumber" : "",
        "vehicleType" : "",
        "weightQuantity" : 0.00000,
        "weightUnitOfMeasure" : "",
        "volumeQuantity" : 0.00000,
        "volumeUnitOfMeasure" : "",
        "userReservedNumber1" : 0,
        "userReservedNumber2" : 0,
        "orderTransactionType" : "",
        "objectId" : "F4211",
        "setForVoid" : false,
        "status" : "CLOSED",
        "lastUpdateDateTime" : "2018-04-11T10:26:25",
        "inputDateTime" : "2018-04-11T10:25:27",
        "extended" : false,
        "unitDiscountAmount" : 0.00,
        "priceAfterUnitDiscount" : 500005.00000,
        "voided" : false
      },
      "originalDocumentNumber" : 0,
      "originalDocumentType" : "",
      "originalDocumentSequence" : 0,
      "originalDocumentDate" : null,
      "customerOrderNumber" : "",
      "customerOrderDate" : null,
      "vendorInvoiceNumber" : "",
      "vendorInvoiceDate" : null,
      "taxInvoiceNumber" : "-",
      "taxInvoiceDate" : "2018-04-09",
      "timesInvoicePrinted" : 0,
      "timesDeliveryOrderPrinted" : 0,
      "inventoryTransactionType" : "5",
      "description" : "DO/ATG/2018/IV/4901",
      "description2" : "",
      "containerId" : "",
      "shipmentCondition" : "",
      "portOfDepartureId" : "",
      "portOfArrivalId" : "",
      "estimatedTimeOfDeparture" : null,
      "estimatedTimeOfArrival" : null,
      "actualTimeOfDeparture" : null,
      "actualTimeOfArrival" : null,
      "dateOfLoading" : null,
      "dateOfUnloading" : null,
      "dateOfDocking" : null,
      "deliveryDate" : null,
      "exportDeclarationNumber" : "",
      "exportDeclarationDate" : null,
      "freightBillingNumber" : "",
      "freightBillingDate" : null,
      "exportApprovalNumber" : "",
      "exportApprovalDate" : null,
      "jobNo" : "",
      "shipmentId" : "",
      "packinglistId" : "",
      "deliveryOrderNumber" : "",
      "sealNumber" : "",
      "serverOperatorCode" : "",
      "categoryCode" : "",
      "brandCode" : "",
      "typeCode" : "",
      "landedCostRule" : "",
      "containerSize" : "",
      "stuffingType" : "",
      "containerLoadType" : "",
      "feederVessel" : "",
      "connectingVessel" : "",
      "shippedBy" : "",
      "partnerRepresentativeId" : "",
      "objectId" : "F42161",
      "recordId" : "20180411.102832621.1",
      "additive" : false,
      "transactionDate" : "2018-04-09",
      "businessPartnerId" : "1495",
      "serialOrLotNumbers" : [ ],
      "lastUpdateDateTime" : "2018-04-11T10:29:23",
      "inputDateTime" : "2018-04-11T10:28:07",
      "quantity" : 5.00000,
      "voided" : true,
      "_links" : {
        "self" : {
          "href" : "http://localhost/api/salesShipments/11000_180400005_SI_10"
        },
        "salesShipment" : {
          "href" : "http://localhost/api/salesShipments/11000_180400005_SI_10"
        },
        "item" : {
          "href" : "http://localhost/api/salesShipments/11000_180400005_SI_10/item"
        },
        "serialNumbers" : {
          "href" : "http://localhost/api/salesShipments/11000_180400005_SI_10/serialNumbers"
        }
      }
    }, {
      "inputUserId" : "PUTRI",
      "lastUpdateUserId" : "PUTRI",
      "computerId" : "DESKTOP-09OGK1M",
      "companyId" : "11000",
      "documentNumber" : 180400005,
      "documentType" : "SI",
      "sequence" : 20,
      "businessUnitId" : "110",
      "batchNumber" : 5,
      "batchType" : "S",
      "customerId" : "1495",
      "receiverId" : "1495",
      "expeditionId" : "",
      "payerId" : "",
      "salesmanId" : "9011",
      "baseCurrency" : "IDR",
      "transactionCurrency" : "IDR",
      "exchangeRate" : 1.000000000,
      "itemCode" : "HP.TINTA-F6V26AA",
      "locationId" : "GDU",
      "serialLotNo" : "",
      "itemDescription" : "HP 680 Colour Ink Cartridge",
      "lineType" : "S",
      "unitOfMeasure" : "PCS",
      "unitConversionFactor" : 1.000000000,
      "primaryTransactionQuantity" : 5.00000,
      "primaryUnitOfMeasure" : "PCS",
      "secondaryTransactionQuantity" : 0.00000,
      "secondaryUnitOfMeasure" : "PCS",
      "unitPrice" : 99999.9000000,
      "extendedPrice" : 499999.50000,
      "taxBase" : 0.00000,
      "taxAmount" : 0.00000,
      "unitCost" : 88463.6661453,
      "extendedCost" : 442318.33072,
      "foreignUnitPrice" : 0E-7,
      "foreignExtendedPrice" : 0.00000,
      "foreignTaxBase" : 0.00000,
      "foreignTaxAmount" : 0.00000,
      "projectId" : "",
      "profitCenterId" : "110",
      "accountId" : "",
      "paymentTermCode" : "N14",
      "taxCode" : "INCL",
      "taxAllowance" : true,
      "taxRate" : 10.000000000000000,
      "guestServiceChargeRate" : 0E-15,
      "discountCode" : "",
      "discountRate" : 0E-15,
      "unitDiscountCode" : "",
      "unitDiscountRate" : 0E-15,
      "lastStatus" : "620",
      "nextStatus" : "999",
      "glClass" : "INFG",
      "invoiceNumber" : 180400022,
      "invoiceType" : "RI",
      "invoiceSequence" : 0,
      "invoiceDate" : "2018-04-09",
      "orderNumber" : 180400005,
      "orderType" : "SO",
      "orderSequence" : 20,
      "salesDetail" : {
        "inputUserId" : "PUTRI",
        "lastUpdateUserId" : "PUTRI",
        "computerId" : "DESKTOP-09OGK1M",
        "companyId" : "11000",
        "salesOrderNumber" : 180400005,
        "salesOrderType" : "SO",
        "salesOrderSequence" : 20,
        "documentNumber" : 180400005,
        "documentType" : "SO",
        "sequence" : 20,
        "businessUnitId" : "110",
        "customerId" : "1495",
        "receiverId" : "1495",
        "expeditionId" : "",
        "payerId" : "",
        "salesmanId" : "9011",
        "partnerRepresentativeId" : "",
        "itemCode" : "HP.TINTA-F6V26AA",
        "locationId" : "GDU",
        "serialLotNo" : "",
        "itemDescription" : "HP 680 Colour Ink Cartridge",
        "lineType" : "S",
        "quantity" : 5.00000,
        "extendedQuantity" : 0.00000,
        "shippedQuantity" : 5.00000,
        "cancelledQuantity" : 0.00000,
        "returnedQuantity" : 0.00000,
        "openQuantity" : 0.00000,
        "unitOfMeasure" : "PCS",
        "extendedUnitOfMeasure" : "",
        "unitConversionFactor" : 1.000000000,
        "extendedUnitConversionFactor" : 0E-9,
        "primaryOrderQuantity" : 5.00000,
        "primaryUnitOfMeasure" : "PCS",
        "secondaryOrderQuantity" : 0.00000,
        "secondaryUnitOfMeasure" : "PCS",
        "baseCurrency" : "IDR",
        "transactionCurrency" : "IDR",
        "exchangeRate" : 1.000000000,
        "unitCost" : 88463.6661000,
        "extendedCost" : 442318.33050,
        "unitPrice" : 99999.9000000,
        "extendedUnitPrice" : 0E-7,
        "extendedPrice" : 499999.50000,
        "taxBase" : 0.00000,
        "taxAmount" : 45454.50000,
        "foreignUnitPrice" : 0E-7,
        "foreignExtendedPrice" : 0.00000,
        "foreignTaxBase" : 0.00000,
        "foreignTaxAmount" : 0.00000,
        "projectId" : "",
        "profitCenterId" : "110",
        "accountId" : "",
        "paymentTermCode" : "N14",
        "holdCode" : "",
        "taxCode" : "INCL",
        "taxAllowance" : true,
        "taxRate" : 10.000000000000000,
        "guestServiceChargeRate" : 0E-15,
        "discountCode" : "",
        "discountRate" : 0E-15,
        "unitDiscountCode" : "",
        "unitDiscountRate" : 0E-15,
        "lastStatus" : "520",
        "nextStatus" : "560",
        "orderDate" : "2018-04-09",
        "requestDate" : "2018-04-09",
        "promisedDeliveryDate" : null,
        "deliveryDate" : null,
        "closedDate" : null,
        "glDate" : null,
        "glClass" : "INFG",
        "originalDocumentNumber" : 0,
        "originalDocumentType" : "",
        "originalDocumentSequence" : 0,
        "originalDocumentDate" : null,
        "relatedDocumentNumber" : 0,
        "relatedDocumentType" : "",
        "relatedDocumentSequence" : 0,
        "serverOperatorCode" : "",
        "categoryCode" : "",
        "brandCode" : "",
        "typeCode" : "",
        "landedCostRule" : "",
        "containerSize" : "",
        "stuffingType" : "",
        "containerLoadType" : "",
        "jobNo" : "",
        "shipmentId" : "",
        "packinglistId" : "",
        "deliveryOrderNumber" : "",
        "sealNumber" : "",
        "feederVessel" : "",
        "connectingVessel" : "",
        "shippedBy" : "",
        "containerId" : "",
        "vehicleRegistrationNumber" : "",
        "vehicleType" : "",
        "weightQuantity" : 0.00000,
        "weightUnitOfMeasure" : "",
        "volumeQuantity" : 0.00000,
        "volumeUnitOfMeasure" : "",
        "userReservedNumber1" : 0,
        "userReservedNumber2" : 0,
        "orderTransactionType" : "",
        "objectId" : "F4211",
        "setForVoid" : false,
        "status" : "CLOSED",
        "lastUpdateDateTime" : "2018-04-11T10:26:25",
        "inputDateTime" : "2018-04-11T10:25:45",
        "extended" : false,
        "unitDiscountAmount" : 0.00,
        "priceAfterUnitDiscount" : 499999.50000,
        "voided" : false
      },
      "originalDocumentNumber" : 0,
      "originalDocumentType" : "",
      "originalDocumentSequence" : 0,
      "originalDocumentDate" : null,
      "customerOrderNumber" : "",
      "customerOrderDate" : null,
      "vendorInvoiceNumber" : "",
      "vendorInvoiceDate" : null,
      "taxInvoiceNumber" : "-",
      "taxInvoiceDate" : "2018-04-09",
      "timesInvoicePrinted" : 0,
      "timesDeliveryOrderPrinted" : 0,
      "inventoryTransactionType" : "5",
      "description" : "DO/ATG/2018/IV/4901",
      "description2" : "",
      "containerId" : "",
      "shipmentCondition" : "",
      "portOfDepartureId" : "",
      "portOfArrivalId" : "",
      "estimatedTimeOfDeparture" : null,
      "estimatedTimeOfArrival" : null,
      "actualTimeOfDeparture" : null,
      "actualTimeOfArrival" : null,
      "dateOfLoading" : null,
      "dateOfUnloading" : null,
      "dateOfDocking" : null,
      "deliveryDate" : null,
      "exportDeclarationNumber" : "",
      "exportDeclarationDate" : null,
      "freightBillingNumber" : "",
      "freightBillingDate" : null,
      "exportApprovalNumber" : "",
      "exportApprovalDate" : null,
      "jobNo" : "",
      "shipmentId" : "",
      "packinglistId" : "",
      "deliveryOrderNumber" : "",
      "sealNumber" : "",
      "serverOperatorCode" : "",
      "categoryCode" : "",
      "brandCode" : "",
      "typeCode" : "",
      "landedCostRule" : "",
      "containerSize" : "",
      "stuffingType" : "",
      "containerLoadType" : "",
      "feederVessel" : "",
      "connectingVessel" : "",
      "shippedBy" : "",
      "partnerRepresentativeId" : "",
      "objectId" : "F42161",
      "recordId" : "20180411.102832695.1",
      "additive" : false,
      "transactionDate" : "2018-04-09",
      "businessPartnerId" : "1495",
      "serialOrLotNumbers" : [ ],
      "lastUpdateDateTime" : "2018-04-11T10:29:23",
      "inputDateTime" : "2018-04-11T10:28:07",
      "quantity" : 5.00000,
      "voided" : true,
      "_links" : {
        "self" : {
          "href" : "http://localhost/api/salesShipments/11000_180400005_SI_20"
        },
        "salesShipment" : {
          "href" : "http://localhost/api/salesShipments/11000_180400005_SI_20"
        },
        "item" : {
          "href" : "http://localhost/api/salesShipments/11000_180400005_SI_20/item"
        },
        "serialNumbers" : {
          "href" : "http://localhost/api/salesShipments/11000_180400005_SI_20/serialNumbers"
        }
      }
    }, {
      "inputUserId" : "PUTRI",
      "lastUpdateUserId" : "PUTRI",
      "computerId" : "DESKTOP-09OGK1M",
      "companyId" : "11000",
      "documentNumber" : 180400005,
      "documentType" : "SI",
      "sequence" : 30,
      "businessUnitId" : "110",
      "batchNumber" : 5,
      "batchType" : "S",
      "customerId" : "1495",
      "receiverId" : "1495",
      "expeditionId" : "",
      "payerId" : "",
      "salesmanId" : "9011",
      "baseCurrency" : "IDR",
      "transactionCurrency" : "IDR",
      "exchangeRate" : 1.000000000,
      "itemCode" : "HP.TINTA-CD888AA",
      "locationId" : "GDU",
      "serialLotNo" : "",
      "itemDescription" : "HP Deskjet 703 Tri-color Ink Cartridge",
      "lineType" : "S",
      "unitOfMeasure" : "PCS",
      "unitConversionFactor" : 1.000000000,
      "primaryTransactionQuantity" : 1.00000,
      "primaryUnitOfMeasure" : "PCS",
      "secondaryTransactionQuantity" : 0.00000,
      "secondaryUnitOfMeasure" : "PCS",
      "unitPrice" : 91999.6000000,
      "extendedPrice" : 91999.60000,
      "taxBase" : 0.00000,
      "taxAmount" : 0.00000,
      "unitCost" : 73021.2859259,
      "extendedCost" : 73021.28592,
      "foreignUnitPrice" : 0E-7,
      "foreignExtendedPrice" : 0.00000,
      "foreignTaxBase" : 0.00000,
      "foreignTaxAmount" : 0.00000,
      "projectId" : "",
      "profitCenterId" : "110",
      "accountId" : "",
      "paymentTermCode" : "N14",
      "taxCode" : "INCL",
      "taxAllowance" : true,
      "taxRate" : 10.000000000000000,
      "guestServiceChargeRate" : 0E-15,
      "discountCode" : "",
      "discountRate" : 0E-15,
      "unitDiscountCode" : "",
      "unitDiscountRate" : 0E-15,
      "lastStatus" : "620",
      "nextStatus" : "999",
      "glClass" : "INFG",
      "invoiceNumber" : 180400022,
      "invoiceType" : "RI",
      "invoiceSequence" : 0,
      "invoiceDate" : "2018-04-09",
      "orderNumber" : 180400005,
      "orderType" : "SO",
      "orderSequence" : 30,
      "salesDetail" : {
        "inputUserId" : "PUTRI",
        "lastUpdateUserId" : "PUTRI",
        "computerId" : "DESKTOP-09OGK1M",
        "companyId" : "11000",
        "salesOrderNumber" : 180400005,
        "salesOrderType" : "SO",
        "salesOrderSequence" : 30,
        "documentNumber" : 180400005,
        "documentType" : "SO",
        "sequence" : 30,
        "businessUnitId" : "110",
        "customerId" : "1495",
        "receiverId" : "1495",
        "expeditionId" : "",
        "payerId" : "",
        "salesmanId" : "9011",
        "partnerRepresentativeId" : "",
        "itemCode" : "HP.TINTA-CD888AA",
        "locationId" : "GDU",
        "serialLotNo" : "",
        "itemDescription" : "HP Deskjet 703 Tri-color Ink Cartridge",
        "lineType" : "S",
        "quantity" : 1.00000,
        "extendedQuantity" : 0.00000,
        "shippedQuantity" : 1.00000,
        "cancelledQuantity" : 0.00000,
        "returnedQuantity" : 0.00000,
        "openQuantity" : 0.00000,
        "unitOfMeasure" : "PCS",
        "extendedUnitOfMeasure" : "",
        "unitConversionFactor" : 1.000000000,
        "extendedUnitConversionFactor" : 0E-9,
        "primaryOrderQuantity" : 1.00000,
        "primaryUnitOfMeasure" : "PCS",
        "secondaryOrderQuantity" : 0.00000,
        "secondaryUnitOfMeasure" : "PCS",
        "baseCurrency" : "IDR",
        "transactionCurrency" : "IDR",
        "exchangeRate" : 1.000000000,
        "unitCost" : 73021.2859000,
        "extendedCost" : 73021.28590,
        "unitPrice" : 91999.6000000,
        "extendedUnitPrice" : 0E-7,
        "extendedPrice" : 91999.60000,
        "taxBase" : 0.00000,
        "taxAmount" : 8363.60000,
        "foreignUnitPrice" : 0E-7,
        "foreignExtendedPrice" : 0.00000,
        "foreignTaxBase" : 0.00000,
        "foreignTaxAmount" : 0.00000,
        "projectId" : "",
        "profitCenterId" : "110",
        "accountId" : "",
        "paymentTermCode" : "N14",
        "holdCode" : "",
        "taxCode" : "INCL",
        "taxAllowance" : true,
        "taxRate" : 10.000000000000000,
        "guestServiceChargeRate" : 0E-15,
        "discountCode" : "",
        "discountRate" : 0E-15,
        "unitDiscountCode" : "",
        "unitDiscountRate" : 0E-15,
        "lastStatus" : "520",
        "nextStatus" : "560",
        "orderDate" : "2018-04-09",
        "requestDate" : "2018-04-09",
        "promisedDeliveryDate" : null,
        "deliveryDate" : null,
        "closedDate" : null,
        "glDate" : null,
        "glClass" : "INFG",
        "originalDocumentNumber" : 0,
        "originalDocumentType" : "",
        "originalDocumentSequence" : 0,
        "originalDocumentDate" : null,
        "relatedDocumentNumber" : 0,
        "relatedDocumentType" : "",
        "relatedDocumentSequence" : 0,
        "serverOperatorCode" : "",
        "categoryCode" : "",
        "brandCode" : "",
        "typeCode" : "",
        "landedCostRule" : "",
        "containerSize" : "",
        "stuffingType" : "",
        "containerLoadType" : "",
        "jobNo" : "",
        "shipmentId" : "",
        "packinglistId" : "",
        "deliveryOrderNumber" : "",
        "sealNumber" : "",
        "feederVessel" : "",
        "connectingVessel" : "",
        "shippedBy" : "",
        "containerId" : "",
        "vehicleRegistrationNumber" : "",
        "vehicleType" : "",
        "weightQuantity" : 0.00000,
        "weightUnitOfMeasure" : "",
        "volumeQuantity" : 0.00000,
        "volumeUnitOfMeasure" : "",
        "userReservedNumber1" : 0,
        "userReservedNumber2" : 0,
        "orderTransactionType" : "",
        "objectId" : "F4211",
        "setForVoid" : false,
        "status" : "CLOSED",
        "lastUpdateDateTime" : "2018-04-11T10:26:25",
        "inputDateTime" : "2018-04-11T10:25:59",
        "extended" : false,
        "unitDiscountAmount" : 0.00,
        "priceAfterUnitDiscount" : 91999.60000,
        "voided" : false
      },
      "originalDocumentNumber" : 0,
      "originalDocumentType" : "",
      "originalDocumentSequence" : 0,
      "originalDocumentDate" : null,
      "customerOrderNumber" : "",
      "customerOrderDate" : null,
      "vendorInvoiceNumber" : "",
      "vendorInvoiceDate" : null,
      "taxInvoiceNumber" : "-",
      "taxInvoiceDate" : "2018-04-09",
      "timesInvoicePrinted" : 0,
      "timesDeliveryOrderPrinted" : 0,
      "inventoryTransactionType" : "5",
      "description" : "DO/ATG/2018/IV/4901",
      "description2" : "",
      "containerId" : "",
      "shipmentCondition" : "",
      "portOfDepartureId" : "",
      "portOfArrivalId" : "",
      "estimatedTimeOfDeparture" : null,
      "estimatedTimeOfArrival" : null,
      "actualTimeOfDeparture" : null,
      "actualTimeOfArrival" : null,
      "dateOfLoading" : null,
      "dateOfUnloading" : null,
      "dateOfDocking" : null,
      "deliveryDate" : null,
      "exportDeclarationNumber" : "",
      "exportDeclarationDate" : null,
      "freightBillingNumber" : "",
      "freightBillingDate" : null,
      "exportApprovalNumber" : "",
      "exportApprovalDate" : null,
      "jobNo" : "",
      "shipmentId" : "",
      "packinglistId" : "",
      "deliveryOrderNumber" : "",
      "sealNumber" : "",
      "serverOperatorCode" : "",
      "categoryCode" : "",
      "brandCode" : "",
      "typeCode" : "",
      "landedCostRule" : "",
      "containerSize" : "",
      "stuffingType" : "",
      "containerLoadType" : "",
      "feederVessel" : "",
      "connectingVessel" : "",
      "shippedBy" : "",
      "partnerRepresentativeId" : "",
      "objectId" : "F42161",
      "recordId" : "20180411.102832768.1",
      "additive" : false,
      "transactionDate" : "2018-04-09",
      "businessPartnerId" : "1495",
      "serialOrLotNumbers" : [ ],
      "lastUpdateDateTime" : "2018-04-11T10:29:23",
      "inputDateTime" : "2018-04-11T10:28:07",
      "quantity" : 1.00000,
      "voided" : true,
      "_links" : {
        "self" : {
          "href" : "http://localhost/api/salesShipments/11000_180400005_SI_30"
        },
        "salesShipment" : {
          "href" : "http://localhost/api/salesShipments/11000_180400005_SI_30"
        },
        "item" : {
          "href" : "http://localhost/api/salesShipments/11000_180400005_SI_30/item"
        },
        "serialNumbers" : {
          "href" : "http://localhost/api/salesShipments/11000_180400005_SI_30/serialNumbers"
        }
      }
    }, {
      "inputUserId" : "PUTRI",
      "lastUpdateUserId" : "PUTRI",
      "computerId" : "DESKTOP-09OGK1M",
      "companyId" : "11000",
      "documentNumber" : 180400006,
      "documentType" : "SI",
      "sequence" : 10,
      "businessUnitId" : "110",
      "batchNumber" : 23,
      "batchType" : "S",
      "customerId" : "2230",
      "receiverId" : "2230",
      "expeditionId" : "",
      "payerId" : "",
      "salesmanId" : "9012",
      "baseCurrency" : "IDR",
      "transactionCurrency" : "IDR",
      "exchangeRate" : 1.000000000,
      "itemCode" : "CAN.TINTA-PG810BK",
      "locationId" : "GDU",
      "serialLotNo" : "",
      "itemDescription" : "Canon Tinta PG 810 Black",
      "lineType" : "S",
      "unitOfMeasure" : "PCS",
      "unitConversionFactor" : 1.000000000,
      "primaryTransactionQuantity" : 60.00000,
      "primaryUnitOfMeasure" : "PCS",
      "secondaryTransactionQuantity" : 0.00000,
      "secondaryUnitOfMeasure" : "PCS",
      "unitPrice" : 203106.2000000,
      "extendedPrice" : 12186372.00000,
      "taxBase" : 0.00000,
      "taxAmount" : 0.00000,
      "unitCost" : 165909.0901208,
      "extendedCost" : 9954545.40725,
      "foreignUnitPrice" : 0E-7,
      "foreignExtendedPrice" : 0.00000,
      "foreignTaxBase" : 0.00000,
      "foreignTaxAmount" : 0.00000,
      "projectId" : "",
      "profitCenterId" : "110",
      "accountId" : "",
      "paymentTermCode" : "N30",
      "taxCode" : "INCL",
      "taxAllowance" : true,
      "taxRate" : 10.000000000000000,
      "guestServiceChargeRate" : 0E-15,
      "discountCode" : "",
      "discountRate" : 0E-15,
      "unitDiscountCode" : "",
      "unitDiscountRate" : 0E-15,
      "lastStatus" : "620",
      "nextStatus" : "999",
      "glClass" : "INFG",
      "invoiceNumber" : 180400023,
      "invoiceType" : "RI",
      "invoiceSequence" : 0,
      "invoiceDate" : "2018-04-09",
      "orderNumber" : 180400006,
      "orderType" : "SO",
      "orderSequence" : 10,
      "salesDetail" : {
        "inputUserId" : "PUTRI",
        "lastUpdateUserId" : "PUTRI",
        "computerId" : "DESKTOP-09OGK1M",
        "companyId" : "11000",
        "salesOrderNumber" : 180400006,
        "salesOrderType" : "SO",
        "salesOrderSequence" : 10,
        "documentNumber" : 180400006,
        "documentType" : "SO",
        "sequence" : 10,
        "businessUnitId" : "110",
        "customerId" : "2230",
        "receiverId" : "2230",
        "expeditionId" : "",
        "payerId" : "",
        "salesmanId" : "9012",
        "partnerRepresentativeId" : "",
        "itemCode" : "CAN.TINTA-PG810BK",
        "locationId" : "GDU",
        "serialLotNo" : "",
        "itemDescription" : "Canon Tinta PG 810 Black",
        "lineType" : "S",
        "quantity" : 60.00000,
        "extendedQuantity" : 0.00000,
        "shippedQuantity" : 60.00000,
        "cancelledQuantity" : 0.00000,
        "returnedQuantity" : 0.00000,
        "openQuantity" : 0.00000,
        "unitOfMeasure" : "PCS",
        "extendedUnitOfMeasure" : "",
        "unitConversionFactor" : 1.000000000,
        "extendedUnitConversionFactor" : 0E-9,
        "primaryOrderQuantity" : 60.00000,
        "primaryUnitOfMeasure" : "PCS",
        "secondaryOrderQuantity" : 0.00000,
        "secondaryUnitOfMeasure" : "PCS",
        "baseCurrency" : "IDR",
        "transactionCurrency" : "IDR",
        "exchangeRate" : 1.000000000,
        "unitCost" : 165909.0901000,
        "extendedCost" : 9954545.40600,
        "unitPrice" : 203106.2000000,
        "extendedUnitPrice" : 0E-7,
        "extendedPrice" : 12186372.00000,
        "taxBase" : 0.00000,
        "taxAmount" : 1107852.00000,
        "foreignUnitPrice" : 0E-7,
        "foreignExtendedPrice" : 0.00000,
        "foreignTaxBase" : 0.00000,
        "foreignTaxAmount" : 0.00000,
        "projectId" : "",
        "profitCenterId" : "110",
        "accountId" : "",
        "paymentTermCode" : "N30",
        "holdCode" : "",
        "taxCode" : "INCL",
        "taxAllowance" : true,
        "taxRate" : 10.000000000000000,
        "guestServiceChargeRate" : 0E-15,
        "discountCode" : "",
        "discountRate" : 0E-15,
        "unitDiscountCode" : "",
        "unitDiscountRate" : 0E-15,
        "lastStatus" : "520",
        "nextStatus" : "560",
        "orderDate" : "2018-04-09",
        "requestDate" : "2018-04-09",
        "promisedDeliveryDate" : null,
        "deliveryDate" : null,
        "closedDate" : null,
        "glDate" : null,
        "glClass" : "INFG",
        "originalDocumentNumber" : 0,
        "originalDocumentType" : "",
        "originalDocumentSequence" : 0,
        "originalDocumentDate" : null,
        "relatedDocumentNumber" : 0,
        "relatedDocumentType" : "",
        "relatedDocumentSequence" : 0,
        "serverOperatorCode" : "",
        "categoryCode" : "",
        "brandCode" : "",
        "typeCode" : "",
        "landedCostRule" : "",
        "containerSize" : "",
        "stuffingType" : "",
        "containerLoadType" : "",
        "jobNo" : "",
        "shipmentId" : "",
        "packinglistId" : "",
        "deliveryOrderNumber" : "",
        "sealNumber" : "",
        "feederVessel" : "",
        "connectingVessel" : "",
        "shippedBy" : "",
        "containerId" : "",
        "vehicleRegistrationNumber" : "",
        "vehicleType" : "",
        "weightQuantity" : 0.00000,
        "weightUnitOfMeasure" : "",
        "volumeQuantity" : 0.00000,
        "volumeUnitOfMeasure" : "",
        "userReservedNumber1" : 0,
        "userReservedNumber2" : 0,
        "orderTransactionType" : "",
        "objectId" : "F4211",
        "setForVoid" : false,
        "status" : "CLOSED",
        "lastUpdateDateTime" : "2018-04-11T10:37:30",
        "inputDateTime" : "2018-04-11T10:34:30",
        "extended" : false,
        "unitDiscountAmount" : 0.00,
        "priceAfterUnitDiscount" : 12186372.00000,
        "voided" : false
      },
      "originalDocumentNumber" : 0,
      "originalDocumentType" : "",
      "originalDocumentSequence" : 0,
      "originalDocumentDate" : null,
      "customerOrderNumber" : "PO/API/IV/2018/00262",
      "customerOrderDate" : null,
      "vendorInvoiceNumber" : "",
      "vendorInvoiceDate" : null,
      "taxInvoiceNumber" : "-",
      "taxInvoiceDate" : "2018-04-09",
      "timesInvoicePrinted" : 0,
      "timesDeliveryOrderPrinted" : 0,
      "inventoryTransactionType" : "5",
      "description" : "DO/ATG/2018/IV/4902",
      "description2" : "",
      "containerId" : "",
      "shipmentCondition" : "",
      "portOfDepartureId" : "",
      "portOfArrivalId" : "",
      "estimatedTimeOfDeparture" : null,
      "estimatedTimeOfArrival" : null,
      "actualTimeOfDeparture" : null,
      "actualTimeOfArrival" : null,
      "dateOfLoading" : null,
      "dateOfUnloading" : null,
      "dateOfDocking" : null,
      "deliveryDate" : null,
      "exportDeclarationNumber" : "",
      "exportDeclarationDate" : null,
      "freightBillingNumber" : "",
      "freightBillingDate" : null,
      "exportApprovalNumber" : "",
      "exportApprovalDate" : null,
      "jobNo" : "",
      "shipmentId" : "",
      "packinglistId" : "",
      "deliveryOrderNumber" : "",
      "sealNumber" : "",
      "serverOperatorCode" : "",
      "categoryCode" : "",
      "brandCode" : "",
      "typeCode" : "",
      "landedCostRule" : "",
      "containerSize" : "",
      "stuffingType" : "",
      "containerLoadType" : "",
      "feederVessel" : "",
      "connectingVessel" : "",
      "shippedBy" : "",
      "partnerRepresentativeId" : "",
      "objectId" : "F42161",
      "recordId" : "20180411.103929014.1",
      "additive" : false,
      "transactionDate" : "2018-04-09",
      "businessPartnerId" : "2230",
      "serialOrLotNumbers" : [ ],
      "lastUpdateDateTime" : "2018-04-11T10:40:35",
      "inputDateTime" : "2018-04-11T10:39:08",
      "quantity" : 60.00000,
      "voided" : true,
      "_links" : {
        "self" : {
          "href" : "http://localhost/api/salesShipments/11000_180400006_SI_10"
        },
        "salesShipment" : {
          "href" : "http://localhost/api/salesShipments/11000_180400006_SI_10"
        },
        "item" : {
          "href" : "http://localhost/api/salesShipments/11000_180400006_SI_10/item"
        },
        "serialNumbers" : {
          "href" : "http://localhost/api/salesShipments/11000_180400006_SI_10/serialNumbers"
        }
      }
    }, {
      "inputUserId" : "PUTRI",
      "lastUpdateUserId" : "PUTRI",
      "computerId" : "DESKTOP-09OGK1M",
      "companyId" : "11000",
      "documentNumber" : 180400006,
      "documentType" : "SI",
      "sequence" : 20,
      "businessUnitId" : "110",
      "batchNumber" : 23,
      "batchType" : "S",
      "customerId" : "2230",
      "receiverId" : "2230",
      "expeditionId" : "",
      "payerId" : "",
      "salesmanId" : "9012",
      "baseCurrency" : "IDR",
      "transactionCurrency" : "IDR",
      "exchangeRate" : 1.000000000,
      "itemCode" : "HP.TINTA-C9351AA",
      "locationId" : "GDU",
      "serialLotNo" : "",
      "itemDescription" : "HP 21 Black Ink Cartridge",
      "lineType" : "S",
      "unitOfMeasure" : "PCS",
      "unitConversionFactor" : 1.000000000,
      "primaryTransactionQuantity" : 5.00000,
      "primaryUnitOfMeasure" : "PCS",
      "secondaryTransactionQuantity" : 0.00000,
      "secondaryUnitOfMeasure" : "PCS",
      "unitPrice" : 203500.0000000,
      "extendedPrice" : 1017500.00000,
      "taxBase" : 0.00000,
      "taxAmount" : 0.00000,
      "unitCost" : 161331.4855555,
      "extendedCost" : 806657.42777,
      "foreignUnitPrice" : 0E-7,
      "foreignExtendedPrice" : 0.00000,
      "foreignTaxBase" : 0.00000,
      "foreignTaxAmount" : 0.00000,
      "projectId" : "",
      "profitCenterId" : "110",
      "accountId" : "",
      "paymentTermCode" : "N30",
      "taxCode" : "INCL",
      "taxAllowance" : true,
      "taxRate" : 10.000000000000000,
      "guestServiceChargeRate" : 0E-15,
      "discountCode" : "",
      "discountRate" : 0E-15,
      "unitDiscountCode" : "",
      "unitDiscountRate" : 0E-15,
      "lastStatus" : "620",
      "nextStatus" : "999",
      "glClass" : "INFG",
      "invoiceNumber" : 180400023,
      "invoiceType" : "RI",
      "invoiceSequence" : 0,
      "invoiceDate" : "2018-04-09",
      "orderNumber" : 180400006,
      "orderType" : "SO",
      "orderSequence" : 30,
      "salesDetail" : {
        "inputUserId" : "PUTRI",
        "lastUpdateUserId" : "PUTRI",
        "computerId" : "DESKTOP-09OGK1M",
        "companyId" : "11000",
        "salesOrderNumber" : 180400006,
        "salesOrderType" : "SO",
        "salesOrderSequence" : 30,
        "documentNumber" : 180400006,
        "documentType" : "SO",
        "sequence" : 30,
        "businessUnitId" : "110",
        "customerId" : "2230",
        "receiverId" : "2230",
        "expeditionId" : "",
        "payerId" : "",
        "salesmanId" : "9012",
        "partnerRepresentativeId" : "",
        "itemCode" : "HP.TINTA-C9351AA",
        "locationId" : "GDU",
        "serialLotNo" : "",
        "itemDescription" : "HP 21 Black Ink Cartridge",
        "lineType" : "S",
        "quantity" : 5.00000,
        "extendedQuantity" : 0.00000,
        "shippedQuantity" : 5.00000,
        "cancelledQuantity" : 0.00000,
        "returnedQuantity" : 0.00000,
        "openQuantity" : 0.00000,
        "unitOfMeasure" : "PCS",
        "extendedUnitOfMeasure" : "",
        "unitConversionFactor" : 1.000000000,
        "extendedUnitConversionFactor" : 0E-9,
        "primaryOrderQuantity" : 5.00000,
        "primaryUnitOfMeasure" : "PCS",
        "secondaryOrderQuantity" : 0.00000,
        "secondaryUnitOfMeasure" : "PCS",
        "baseCurrency" : "IDR",
        "transactionCurrency" : "IDR",
        "exchangeRate" : 1.000000000,
        "unitCost" : 161331.4856000,
        "extendedCost" : 806657.42800,
        "unitPrice" : 203500.0000000,
        "extendedUnitPrice" : 0E-7,
        "extendedPrice" : 1017500.00000,
        "taxBase" : 0.00000,
        "taxAmount" : 92500.00000,
        "foreignUnitPrice" : 0E-7,
        "foreignExtendedPrice" : 0.00000,
        "foreignTaxBase" : 0.00000,
        "foreignTaxAmount" : 0.00000,
        "projectId" : "",
        "profitCenterId" : "110",
        "accountId" : "",
        "paymentTermCode" : "N30",
        "holdCode" : "",
        "taxCode" : "INCL",
        "taxAllowance" : true,
        "taxRate" : 10.000000000000000,
        "guestServiceChargeRate" : 0E-15,
        "discountCode" : "",
        "discountRate" : 0E-15,
        "unitDiscountCode" : "",
        "unitDiscountRate" : 0E-15,
        "lastStatus" : "520",
        "nextStatus" : "560",
        "orderDate" : "2018-04-09",
        "requestDate" : "2018-04-09",
        "promisedDeliveryDate" : null,
        "deliveryDate" : null,
        "closedDate" : null,
        "glDate" : null,
        "glClass" : "INFG",
        "originalDocumentNumber" : 0,
        "originalDocumentType" : "",
        "originalDocumentSequence" : 0,
        "originalDocumentDate" : null,
        "relatedDocumentNumber" : 0,
        "relatedDocumentType" : "",
        "relatedDocumentSequence" : 0,
        "serverOperatorCode" : "",
        "categoryCode" : "",
        "brandCode" : "",
        "typeCode" : "",
        "landedCostRule" : "",
        "containerSize" : "",
        "stuffingType" : "",
        "containerLoadType" : "",
        "jobNo" : "",
        "shipmentId" : "",
        "packinglistId" : "",
        "deliveryOrderNumber" : "",
        "sealNumber" : "",
        "feederVessel" : "",
        "connectingVessel" : "",
        "shippedBy" : "",
        "containerId" : "",
        "vehicleRegistrationNumber" : "",
        "vehicleType" : "",
        "weightQuantity" : 0.00000,
        "weightUnitOfMeasure" : "",
        "volumeQuantity" : 0.00000,
        "volumeUnitOfMeasure" : "",
        "userReservedNumber1" : 0,
        "userReservedNumber2" : 0,
        "orderTransactionType" : "",
        "objectId" : "F4211",
        "setForVoid" : false,
        "status" : "CLOSED",
        "lastUpdateDateTime" : "2018-04-11T10:37:30",
        "inputDateTime" : "2018-04-11T10:35:06",
        "extended" : false,
        "unitDiscountAmount" : 0.00,
        "priceAfterUnitDiscount" : 1017500.00000,
        "voided" : false
      },
      "originalDocumentNumber" : 0,
      "originalDocumentType" : "",
      "originalDocumentSequence" : 0,
      "originalDocumentDate" : null,
      "customerOrderNumber" : "PO/API/IV/2018/00262",
      "customerOrderDate" : null,
      "vendorInvoiceNumber" : "",
      "vendorInvoiceDate" : null,
      "taxInvoiceNumber" : "-",
      "taxInvoiceDate" : "2018-04-09",
      "timesInvoicePrinted" : 0,
      "timesDeliveryOrderPrinted" : 0,
      "inventoryTransactionType" : "5",
      "description" : "DO/ATG/2018/IV/4902",
      "description2" : "",
      "containerId" : "",
      "shipmentCondition" : "",
      "portOfDepartureId" : "",
      "portOfArrivalId" : "",
      "estimatedTimeOfDeparture" : null,
      "estimatedTimeOfArrival" : null,
      "actualTimeOfDeparture" : null,
      "actualTimeOfArrival" : null,
      "dateOfLoading" : null,
      "dateOfUnloading" : null,
      "dateOfDocking" : null,
      "deliveryDate" : null,
      "exportDeclarationNumber" : "",
      "exportDeclarationDate" : null,
      "freightBillingNumber" : "",
      "freightBillingDate" : null,
      "exportApprovalNumber" : "",
      "exportApprovalDate" : null,
      "jobNo" : "",
      "shipmentId" : "",
      "packinglistId" : "",
      "deliveryOrderNumber" : "",
      "sealNumber" : "",
      "serverOperatorCode" : "",
      "categoryCode" : "",
      "brandCode" : "",
      "typeCode" : "",
      "landedCostRule" : "",
      "containerSize" : "",
      "stuffingType" : "",
      "containerLoadType" : "",
      "feederVessel" : "",
      "connectingVessel" : "",
      "shippedBy" : "",
      "partnerRepresentativeId" : "",
      "objectId" : "F42161",
      "recordId" : "20180411.103929085.1",
      "additive" : false,
      "transactionDate" : "2018-04-09",
      "businessPartnerId" : "2230",
      "serialOrLotNumbers" : [ ],
      "lastUpdateDateTime" : "2018-04-11T10:40:35",
      "inputDateTime" : "2018-04-11T10:39:08",
      "quantity" : 5.00000,
      "voided" : true,
      "_links" : {
        "self" : {
          "href" : "http://localhost/api/salesShipments/11000_180400006_SI_20"
        },
        "salesShipment" : {
          "href" : "http://localhost/api/salesShipments/11000_180400006_SI_20"
        },
        "item" : {
          "href" : "http://localhost/api/salesShipments/11000_180400006_SI_20/item"
        },
        "serialNumbers" : {
          "href" : "http://localhost/api/salesShipments/11000_180400006_SI_20/serialNumbers"
        }
      }
    }, {
      "inputUserId" : "PUTRI",
      "lastUpdateUserId" : "PUTRI",
      "computerId" : "DESKTOP-09OGK1M",
      "companyId" : "11000",
      "documentNumber" : 180400006,
      "documentType" : "SI",
      "sequence" : 30,
      "businessUnitId" : "110",
      "batchNumber" : 23,
      "batchType" : "S",
      "customerId" : "2230",
      "receiverId" : "2230",
      "expeditionId" : "",
      "payerId" : "",
      "salesmanId" : "9012",
      "baseCurrency" : "IDR",
      "transactionCurrency" : "IDR",
      "exchangeRate" : 1.000000000,
      "itemCode" : "HP.TINTA-C9352AA",
      "locationId" : "GDU",
      "serialLotNo" : "",
      "itemDescription" : "HP 22 Tri-color Ink Cartridge",
      "lineType" : "S",
      "unitOfMeasure" : "PCS",
      "unitConversionFactor" : 1.000000000,
      "primaryTransactionQuantity" : 5.00000,
      "primaryUnitOfMeasure" : "PCS",
      "secondaryTransactionQuantity" : 0.00000,
      "secondaryUnitOfMeasure" : "PCS",
      "unitPrice" : 204000.5000000,
      "extendedPrice" : 1020002.50000,
      "taxBase" : 0.00000,
      "taxAmount" : 0.00000,
      "unitCost" : 160502.4367222,
      "extendedCost" : 802512.18361,
      "foreignUnitPrice" : 0E-7,
      "foreignExtendedPrice" : 0.00000,
      "foreignTaxBase" : 0.00000,
      "foreignTaxAmount" : 0.00000,
      "projectId" : "",
      "profitCenterId" : "110",
      "accountId" : "",
      "paymentTermCode" : "N30",
      "taxCode" : "INCL",
      "taxAllowance" : true,
      "taxRate" : 10.000000000000000,
      "guestServiceChargeRate" : 0E-15,
      "discountCode" : "",
      "discountRate" : 0E-15,
      "unitDiscountCode" : "",
      "unitDiscountRate" : 0E-15,
      "lastStatus" : "620",
      "nextStatus" : "999",
      "glClass" : "INFG",
      "invoiceNumber" : 180400023,
      "invoiceType" : "RI",
      "invoiceSequence" : 0,
      "invoiceDate" : "2018-04-09",
      "orderNumber" : 180400006,
      "orderType" : "SO",
      "orderSequence" : 40,
      "salesDetail" : {
        "inputUserId" : "PUTRI",
        "lastUpdateUserId" : "PUTRI",
        "computerId" : "DESKTOP-09OGK1M",
        "companyId" : "11000",
        "salesOrderNumber" : 180400006,
        "salesOrderType" : "SO",
        "salesOrderSequence" : 40,
        "documentNumber" : 180400006,
        "documentType" : "SO",
        "sequence" : 40,
        "businessUnitId" : "110",
        "customerId" : "2230",
        "receiverId" : "2230",
        "expeditionId" : "",
        "payerId" : "",
        "salesmanId" : "9012",
        "partnerRepresentativeId" : "",
        "itemCode" : "HP.TINTA-C9352AA",
        "locationId" : "GDU",
        "serialLotNo" : "",
        "itemDescription" : "HP 22 Tri-color Ink Cartridge",
        "lineType" : "S",
        "quantity" : 5.00000,
        "extendedQuantity" : 0.00000,
        "shippedQuantity" : 5.00000,
        "cancelledQuantity" : 0.00000,
        "returnedQuantity" : 0.00000,
        "openQuantity" : 0.00000,
        "unitOfMeasure" : "PCS",
        "extendedUnitOfMeasure" : "",
        "unitConversionFactor" : 1.000000000,
        "extendedUnitConversionFactor" : 0E-9,
        "primaryOrderQuantity" : 5.00000,
        "primaryUnitOfMeasure" : "PCS",
        "secondaryOrderQuantity" : 0.00000,
        "secondaryUnitOfMeasure" : "PCS",
        "baseCurrency" : "IDR",
        "transactionCurrency" : "IDR",
        "exchangeRate" : 1.000000000,
        "unitCost" : 160502.4367000,
        "extendedCost" : 802512.18350,
        "unitPrice" : 204000.5000000,
        "extendedUnitPrice" : 0E-7,
        "extendedPrice" : 1020002.50000,
        "taxBase" : 0.00000,
        "taxAmount" : 92727.50000,
        "foreignUnitPrice" : 0E-7,
        "foreignExtendedPrice" : 0.00000,
        "foreignTaxBase" : 0.00000,
        "foreignTaxAmount" : 0.00000,
        "projectId" : "",
        "profitCenterId" : "110",
        "accountId" : "",
        "paymentTermCode" : "N30",
        "holdCode" : "",
        "taxCode" : "INCL",
        "taxAllowance" : true,
        "taxRate" : 10.000000000000000,
        "guestServiceChargeRate" : 0E-15,
        "discountCode" : "",
        "discountRate" : 0E-15,
        "unitDiscountCode" : "",
        "unitDiscountRate" : 0E-15,
        "lastStatus" : "520",
        "nextStatus" : "560",
        "orderDate" : "2018-04-09",
        "requestDate" : "2018-04-09",
        "promisedDeliveryDate" : null,
        "deliveryDate" : null,
        "closedDate" : null,
        "glDate" : null,
        "glClass" : "INFG",
        "originalDocumentNumber" : 0,
        "originalDocumentType" : "",
        "originalDocumentSequence" : 0,
        "originalDocumentDate" : null,
        "relatedDocumentNumber" : 0,
        "relatedDocumentType" : "",
        "relatedDocumentSequence" : 0,
        "serverOperatorCode" : "",
        "categoryCode" : "",
        "brandCode" : "",
        "typeCode" : "",
        "landedCostRule" : "",
        "containerSize" : "",
        "stuffingType" : "",
        "containerLoadType" : "",
        "jobNo" : "",
        "shipmentId" : "",
        "packinglistId" : "",
        "deliveryOrderNumber" : "",
        "sealNumber" : "",
        "feederVessel" : "",
        "connectingVessel" : "",
        "shippedBy" : "",
        "containerId" : "",
        "vehicleRegistrationNumber" : "",
        "vehicleType" : "",
        "weightQuantity" : 0.00000,
        "weightUnitOfMeasure" : "",
        "volumeQuantity" : 0.00000,
        "volumeUnitOfMeasure" : "",
        "userReservedNumber1" : 0,
        "userReservedNumber2" : 0,
        "orderTransactionType" : "",
        "objectId" : "F4211",
        "setForVoid" : false,
        "status" : "CLOSED",
        "lastUpdateDateTime" : "2018-04-11T10:37:30",
        "inputDateTime" : "2018-04-11T10:35:24",
        "extended" : false,
        "unitDiscountAmount" : 0.00,
        "priceAfterUnitDiscount" : 1020002.50000,
        "voided" : false
      },
      "originalDocumentNumber" : 0,
      "originalDocumentType" : "",
      "originalDocumentSequence" : 0,
      "originalDocumentDate" : null,
      "customerOrderNumber" : "PO/API/IV/2018/00262",
      "customerOrderDate" : null,
      "vendorInvoiceNumber" : "",
      "vendorInvoiceDate" : null,
      "taxInvoiceNumber" : "-",
      "taxInvoiceDate" : "2018-04-09",
      "timesInvoicePrinted" : 0,
      "timesDeliveryOrderPrinted" : 0,
      "inventoryTransactionType" : "5",
      "description" : "DO/ATG/2018/IV/4902",
      "description2" : "",
      "containerId" : "",
      "shipmentCondition" : "",
      "portOfDepartureId" : "",
      "portOfArrivalId" : "",
      "estimatedTimeOfDeparture" : null,
      "estimatedTimeOfArrival" : null,
      "actualTimeOfDeparture" : null,
      "actualTimeOfArrival" : null,
      "dateOfLoading" : null,
      "dateOfUnloading" : null,
      "dateOfDocking" : null,
      "deliveryDate" : null,
      "exportDeclarationNumber" : "",
      "exportDeclarationDate" : null,
      "freightBillingNumber" : "",
      "freightBillingDate" : null,
      "exportApprovalNumber" : "",
      "exportApprovalDate" : null,
      "jobNo" : "",
      "shipmentId" : "",
      "packinglistId" : "",
      "deliveryOrderNumber" : "",
      "sealNumber" : "",
      "serverOperatorCode" : "",
      "categoryCode" : "",
      "brandCode" : "",
      "typeCode" : "",
      "landedCostRule" : "",
      "containerSize" : "",
      "stuffingType" : "",
      "containerLoadType" : "",
      "feederVessel" : "",
      "connectingVessel" : "",
      "shippedBy" : "",
      "partnerRepresentativeId" : "",
      "objectId" : "F42161",
      "recordId" : "20180411.103929159.1",
      "additive" : false,
      "transactionDate" : "2018-04-09",
      "businessPartnerId" : "2230",
      "serialOrLotNumbers" : [ ],
      "lastUpdateDateTime" : "2018-04-11T10:40:35",
      "inputDateTime" : "2018-04-11T10:39:08",
      "quantity" : 5.00000,
      "voided" : true,
      "_links" : {
        "self" : {
          "href" : "http://localhost/api/salesShipments/11000_180400006_SI_30"
        },
        "salesShipment" : {
          "href" : "http://localhost/api/salesShipments/11000_180400006_SI_30"
        },
        "item" : {
          "href" : "http://localhost/api/salesShipments/11000_180400006_SI_30/item"
        },
        "serialNumbers" : {
          "href" : "http://localhost/api/salesShipments/11000_180400006_SI_30/serialNumbers"
        }
      }
    }, {
      "inputUserId" : "PUTRI",
      "lastUpdateUserId" : "PUTRI",
      "computerId" : "DESKTOP-09OGK1M",
      "companyId" : "11000",
      "documentNumber" : 180400006,
      "documentType" : "SI",
      "sequence" : 40,
      "businessUnitId" : "110",
      "batchNumber" : 23,
      "batchType" : "S",
      "customerId" : "2230",
      "receiverId" : "2230",
      "expeditionId" : "",
      "payerId" : "",
      "salesmanId" : "9012",
      "baseCurrency" : "IDR",
      "transactionCurrency" : "IDR",
      "exchangeRate" : 1.000000000,
      "itemCode" : "HP.TONER-CF280A",
      "locationId" : "GDU",
      "serialLotNo" : "",
      "itemDescription" : "HP Toner 80A LaserJet Pro M401/M425 2.7K Black",
      "lineType" : "S",
      "unitOfMeasure" : "PCS",
      "unitConversionFactor" : 1.000000000,
      "primaryTransactionQuantity" : 2.00000,
      "primaryUnitOfMeasure" : "PCS",
      "secondaryTransactionQuantity" : 0.00000,
      "secondaryUnitOfMeasure" : "PCS",
      "unitPrice" : 1286400.5000000,
      "extendedPrice" : 2572801.00000,
      "taxBase" : 0.00000,
      "taxAmount" : 0.00000,
      "unitCost" : 1162082.0764983,
      "extendedCost" : 2324164.15299,
      "foreignUnitPrice" : 0E-7,
      "foreignExtendedPrice" : 0.00000,
      "foreignTaxBase" : 0.00000,
      "foreignTaxAmount" : 0.00000,
      "projectId" : "",
      "profitCenterId" : "110",
      "accountId" : "",
      "paymentTermCode" : "N30",
      "taxCode" : "INCL",
      "taxAllowance" : true,
      "taxRate" : 10.000000000000000,
      "guestServiceChargeRate" : 0E-15,
      "discountCode" : "",
      "discountRate" : 0E-15,
      "unitDiscountCode" : "",
      "unitDiscountRate" : 0E-15,
      "lastStatus" : "620",
      "nextStatus" : "999",
      "glClass" : "INFG",
      "invoiceNumber" : 180400023,
      "invoiceType" : "RI",
      "invoiceSequence" : 0,
      "invoiceDate" : "2018-04-09",
      "orderNumber" : 180400006,
      "orderType" : "SO",
      "orderSequence" : 50,
      "salesDetail" : {
        "inputUserId" : "PUTRI",
        "lastUpdateUserId" : "PUTRI",
        "computerId" : "DESKTOP-09OGK1M",
        "companyId" : "11000",
        "salesOrderNumber" : 180400006,
        "salesOrderType" : "SO",
        "salesOrderSequence" : 50,
        "documentNumber" : 180400006,
        "documentType" : "SO",
        "sequence" : 50,
        "businessUnitId" : "110",
        "customerId" : "2230",
        "receiverId" : "2230",
        "expeditionId" : "",
        "payerId" : "",
        "salesmanId" : "9012",
        "partnerRepresentativeId" : "",
        "itemCode" : "HP.TONER-CF280A",
        "locationId" : "GDU",
        "serialLotNo" : "",
        "itemDescription" : "HP Toner 80A LaserJet Pro M401/M425 2.7K Black",
        "lineType" : "S",
        "quantity" : 2.00000,
        "extendedQuantity" : 0.00000,
        "shippedQuantity" : 2.00000,
        "cancelledQuantity" : 0.00000,
        "returnedQuantity" : 0.00000,
        "openQuantity" : 0.00000,
        "unitOfMeasure" : "PCS",
        "extendedUnitOfMeasure" : "",
        "unitConversionFactor" : 1.000000000,
        "extendedUnitConversionFactor" : 0E-9,
        "primaryOrderQuantity" : 2.00000,
        "primaryUnitOfMeasure" : "PCS",
        "secondaryOrderQuantity" : 0.00000,
        "secondaryUnitOfMeasure" : "PCS",
        "baseCurrency" : "IDR",
        "transactionCurrency" : "IDR",
        "exchangeRate" : 1.000000000,
        "unitCost" : 1141882.9295000,
        "extendedCost" : 2283765.85900,
        "unitPrice" : 1286400.5000000,
        "extendedUnitPrice" : 0E-7,
        "extendedPrice" : 2572801.00000,
        "taxBase" : 0.00000,
        "taxAmount" : 233891.00000,
        "foreignUnitPrice" : 0E-7,
        "foreignExtendedPrice" : 0.00000,
        "foreignTaxBase" : 0.00000,
        "foreignTaxAmount" : 0.00000,
        "projectId" : "",
        "profitCenterId" : "110",
        "accountId" : "",
        "paymentTermCode" : "N30",
        "holdCode" : "",
        "taxCode" : "INCL",
        "taxAllowance" : true,
        "taxRate" : 10.000000000000000,
        "guestServiceChargeRate" : 0E-15,
        "discountCode" : "",
        "discountRate" : 0E-15,
        "unitDiscountCode" : "",
        "unitDiscountRate" : 0E-15,
        "lastStatus" : "520",
        "nextStatus" : "560",
        "orderDate" : "2018-04-09",
        "requestDate" : "2018-04-09",
        "promisedDeliveryDate" : null,
        "deliveryDate" : null,
        "closedDate" : null,
        "glDate" : null,
        "glClass" : "INFG",
        "originalDocumentNumber" : 0,
        "originalDocumentType" : "",
        "originalDocumentSequence" : 0,
        "originalDocumentDate" : null,
        "relatedDocumentNumber" : 0,
        "relatedDocumentType" : "",
        "relatedDocumentSequence" : 0,
        "serverOperatorCode" : "",
        "categoryCode" : "",
        "brandCode" : "",
        "typeCode" : "",
        "landedCostRule" : "",
        "containerSize" : "",
        "stuffingType" : "",
        "containerLoadType" : "",
        "jobNo" : "",
        "shipmentId" : "",
        "packinglistId" : "",
        "deliveryOrderNumber" : "",
        "sealNumber" : "",
        "feederVessel" : "",
        "connectingVessel" : "",
        "shippedBy" : "",
        "containerId" : "",
        "vehicleRegistrationNumber" : "",
        "vehicleType" : "",
        "weightQuantity" : 0.00000,
        "weightUnitOfMeasure" : "",
        "volumeQuantity" : 0.00000,
        "volumeUnitOfMeasure" : "",
        "userReservedNumber1" : 0,
        "userReservedNumber2" : 0,
        "orderTransactionType" : "",
        "objectId" : "F4211",
        "setForVoid" : false,
        "status" : "CLOSED",
        "lastUpdateDateTime" : "2018-04-11T10:37:30",
        "inputDateTime" : "2018-04-11T10:35:43",
        "extended" : false,
        "unitDiscountAmount" : 0.00,
        "priceAfterUnitDiscount" : 2572801.00000,
        "voided" : false
      },
      "originalDocumentNumber" : 0,
      "originalDocumentType" : "",
      "originalDocumentSequence" : 0,
      "originalDocumentDate" : null,
      "customerOrderNumber" : "PO/API/IV/2018/00262",
      "customerOrderDate" : null,
      "vendorInvoiceNumber" : "",
      "vendorInvoiceDate" : null,
      "taxInvoiceNumber" : "-",
      "taxInvoiceDate" : "2018-04-09",
      "timesInvoicePrinted" : 0,
      "timesDeliveryOrderPrinted" : 0,
      "inventoryTransactionType" : "5",
      "description" : "DO/ATG/2018/IV/4902",
      "description2" : "",
      "containerId" : "",
      "shipmentCondition" : "",
      "portOfDepartureId" : "",
      "portOfArrivalId" : "",
      "estimatedTimeOfDeparture" : null,
      "estimatedTimeOfArrival" : null,
      "actualTimeOfDeparture" : null,
      "actualTimeOfArrival" : null,
      "dateOfLoading" : null,
      "dateOfUnloading" : null,
      "dateOfDocking" : null,
      "deliveryDate" : null,
      "exportDeclarationNumber" : "",
      "exportDeclarationDate" : null,
      "freightBillingNumber" : "",
      "freightBillingDate" : null,
      "exportApprovalNumber" : "",
      "exportApprovalDate" : null,
      "jobNo" : "",
      "shipmentId" : "",
      "packinglistId" : "",
      "deliveryOrderNumber" : "",
      "sealNumber" : "",
      "serverOperatorCode" : "",
      "categoryCode" : "",
      "brandCode" : "",
      "typeCode" : "",
      "landedCostRule" : "",
      "containerSize" : "",
      "stuffingType" : "",
      "containerLoadType" : "",
      "feederVessel" : "",
      "connectingVessel" : "",
      "shippedBy" : "",
      "partnerRepresentativeId" : "",
      "objectId" : "F42161",
      "recordId" : "20180411.103929233.1",
      "additive" : false,
      "transactionDate" : "2018-04-09",
      "businessPartnerId" : "2230",
      "serialOrLotNumbers" : [ ],
      "lastUpdateDateTime" : "2018-04-11T10:40:35",
      "inputDateTime" : "2018-04-11T10:39:08",
      "quantity" : 2.00000,
      "voided" : true,
      "_links" : {
        "self" : {
          "href" : "http://localhost/api/salesShipments/11000_180400006_SI_40"
        },
        "salesShipment" : {
          "href" : "http://localhost/api/salesShipments/11000_180400006_SI_40"
        },
        "item" : {
          "href" : "http://localhost/api/salesShipments/11000_180400006_SI_40/item"
        },
        "serialNumbers" : {
          "href" : "http://localhost/api/salesShipments/11000_180400006_SI_40/serialNumbers"
        }
      }
    }, {
      "inputUserId" : "PUTRI",
      "lastUpdateUserId" : "PUTRI",
      "computerId" : "DESKTOP-09OGK1M",
      "companyId" : "11000",
      "documentNumber" : 180400006,
      "documentType" : "SI",
      "sequence" : 50,
      "businessUnitId" : "110",
      "batchNumber" : 23,
      "batchType" : "S",
      "customerId" : "2230",
      "receiverId" : "2230",
      "expeditionId" : "",
      "payerId" : "",
      "salesmanId" : "9012",
      "baseCurrency" : "IDR",
      "transactionCurrency" : "IDR",
      "exchangeRate" : 1.000000000,
      "itemCode" : "HP.TONER-CF283A",
      "locationId" : "GDU",
      "serialLotNo" : "",
      "itemDescription" : "HP Toner 83A",
      "lineType" : "S",
      "unitOfMeasure" : "PCS",
      "unitConversionFactor" : 1.000000000,
      "primaryTransactionQuantity" : 15.00000,
      "primaryUnitOfMeasure" : "PCS",
      "secondaryTransactionQuantity" : 0.00000,
      "secondaryUnitOfMeasure" : "PCS",
      "unitPrice" : 802400.5000000,
      "extendedPrice" : 12036007.50000,
      "taxBase" : 0.00000,
      "taxAmount" : 0.00000,
      "unitCost" : 698096.4978723,
      "extendedCost" : 10471447.46808,
      "foreignUnitPrice" : 0E-7,
      "foreignExtendedPrice" : 0.00000,
      "foreignTaxBase" : 0.00000,
      "foreignTaxAmount" : 0.00000,
      "projectId" : "",
      "profitCenterId" : "110",
      "accountId" : "",
      "paymentTermCode" : "N30",
      "taxCode" : "INCL",
      "taxAllowance" : true,
      "taxRate" : 10.000000000000000,
      "guestServiceChargeRate" : 0E-15,
      "discountCode" : "",
      "discountRate" : 0E-15,
      "unitDiscountCode" : "",
      "unitDiscountRate" : 0E-15,
      "lastStatus" : "620",
      "nextStatus" : "999",
      "glClass" : "INFG",
      "invoiceNumber" : 180400023,
      "invoiceType" : "RI",
      "invoiceSequence" : 0,
      "invoiceDate" : "2018-04-09",
      "orderNumber" : 180400006,
      "orderType" : "SO",
      "orderSequence" : 60,
      "salesDetail" : {
        "inputUserId" : "PUTRI",
        "lastUpdateUserId" : "PUTRI",
        "computerId" : "DESKTOP-09OGK1M",
        "companyId" : "11000",
        "salesOrderNumber" : 180400006,
        "salesOrderType" : "SO",
        "salesOrderSequence" : 60,
        "documentNumber" : 180400006,
        "documentType" : "SO",
        "sequence" : 60,
        "businessUnitId" : "110",
        "customerId" : "2230",
        "receiverId" : "2230",
        "expeditionId" : "",
        "payerId" : "",
        "salesmanId" : "9012",
        "partnerRepresentativeId" : "",
        "itemCode" : "HP.TONER-CF283A",
        "locationId" : "GDU",
        "serialLotNo" : "",
        "itemDescription" : "HP Toner 83A",
        "lineType" : "S",
        "quantity" : 15.00000,
        "extendedQuantity" : 0.00000,
        "shippedQuantity" : 15.00000,
        "cancelledQuantity" : 0.00000,
        "returnedQuantity" : 0.00000,
        "openQuantity" : 0.00000,
        "unitOfMeasure" : "PCS",
        "extendedUnitOfMeasure" : "",
        "unitConversionFactor" : 1.000000000,
        "extendedUnitConversionFactor" : 0E-9,
        "primaryOrderQuantity" : 15.00000,
        "primaryUnitOfMeasure" : "PCS",
        "secondaryOrderQuantity" : 0.00000,
        "secondaryUnitOfMeasure" : "PCS",
        "baseCurrency" : "IDR",
        "transactionCurrency" : "IDR",
        "exchangeRate" : 1.000000000,
        "unitCost" : 698096.4979000,
        "extendedCost" : 10471447.46850,
        "unitPrice" : 802400.5000000,
        "extendedUnitPrice" : 0E-7,
        "extendedPrice" : 12036007.50000,
        "taxBase" : 0.00000,
        "taxAmount" : 1094182.50000,
        "foreignUnitPrice" : 0E-7,
        "foreignExtendedPrice" : 0.00000,
        "foreignTaxBase" : 0.00000,
        "foreignTaxAmount" : 0.00000,
        "projectId" : "",
        "profitCenterId" : "110",
        "accountId" : "",
        "paymentTermCode" : "N30",
        "holdCode" : "",
        "taxCode" : "INCL",
        "taxAllowance" : true,
        "taxRate" : 10.000000000000000,
        "guestServiceChargeRate" : 0E-15,
        "discountCode" : "",
        "discountRate" : 0E-15,
        "unitDiscountCode" : "",
        "unitDiscountRate" : 0E-15,
        "lastStatus" : "520",
        "nextStatus" : "560",
        "orderDate" : "2018-04-09",
        "requestDate" : "2018-04-09",
        "promisedDeliveryDate" : null,
        "deliveryDate" : null,
        "closedDate" : null,
        "glDate" : null,
        "glClass" : "INFG",
        "originalDocumentNumber" : 0,
        "originalDocumentType" : "",
        "originalDocumentSequence" : 0,
        "originalDocumentDate" : null,
        "relatedDocumentNumber" : 0,
        "relatedDocumentType" : "",
        "relatedDocumentSequence" : 0,
        "serverOperatorCode" : "",
        "categoryCode" : "",
        "brandCode" : "",
        "typeCode" : "",
        "landedCostRule" : "",
        "containerSize" : "",
        "stuffingType" : "",
        "containerLoadType" : "",
        "jobNo" : "",
        "shipmentId" : "",
        "packinglistId" : "",
        "deliveryOrderNumber" : "",
        "sealNumber" : "",
        "feederVessel" : "",
        "connectingVessel" : "",
        "shippedBy" : "",
        "containerId" : "",
        "vehicleRegistrationNumber" : "",
        "vehicleType" : "",
        "weightQuantity" : 0.00000,
        "weightUnitOfMeasure" : "",
        "volumeQuantity" : 0.00000,
        "volumeUnitOfMeasure" : "",
        "userReservedNumber1" : 0,
        "userReservedNumber2" : 0,
        "orderTransactionType" : "",
        "objectId" : "F4211",
        "setForVoid" : false,
        "status" : "CLOSED",
        "lastUpdateDateTime" : "2018-04-11T10:37:30",
        "inputDateTime" : "2018-04-11T10:36:06",
        "extended" : false,
        "unitDiscountAmount" : 0.00,
        "priceAfterUnitDiscount" : 12036007.50000,
        "voided" : false
      },
      "originalDocumentNumber" : 0,
      "originalDocumentType" : "",
      "originalDocumentSequence" : 0,
      "originalDocumentDate" : null,
      "customerOrderNumber" : "PO/API/IV/2018/00262",
      "customerOrderDate" : null,
      "vendorInvoiceNumber" : "",
      "vendorInvoiceDate" : null,
      "taxInvoiceNumber" : "-",
      "taxInvoiceDate" : "2018-04-09",
      "timesInvoicePrinted" : 0,
      "timesDeliveryOrderPrinted" : 0,
      "inventoryTransactionType" : "5",
      "description" : "DO/ATG/2018/IV/4902",
      "description2" : "",
      "containerId" : "",
      "shipmentCondition" : "",
      "portOfDepartureId" : "",
      "portOfArrivalId" : "",
      "estimatedTimeOfDeparture" : null,
      "estimatedTimeOfArrival" : null,
      "actualTimeOfDeparture" : null,
      "actualTimeOfArrival" : null,
      "dateOfLoading" : null,
      "dateOfUnloading" : null,
      "dateOfDocking" : null,
      "deliveryDate" : null,
      "exportDeclarationNumber" : "",
      "exportDeclarationDate" : null,
      "freightBillingNumber" : "",
      "freightBillingDate" : null,
      "exportApprovalNumber" : "",
      "exportApprovalDate" : null,
      "jobNo" : "",
      "shipmentId" : "",
      "packinglistId" : "",
      "deliveryOrderNumber" : "",
      "sealNumber" : "",
      "serverOperatorCode" : "",
      "categoryCode" : "",
      "brandCode" : "",
      "typeCode" : "",
      "landedCostRule" : "",
      "containerSize" : "",
      "stuffingType" : "",
      "containerLoadType" : "",
      "feederVessel" : "",
      "connectingVessel" : "",
      "shippedBy" : "",
      "partnerRepresentativeId" : "",
      "objectId" : "F42161",
      "recordId" : "20180411.103929321.1",
      "additive" : false,
      "transactionDate" : "2018-04-09",
      "businessPartnerId" : "2230",
      "serialOrLotNumbers" : [ ],
      "lastUpdateDateTime" : "2018-04-11T10:40:35",
      "inputDateTime" : "2018-04-11T10:39:08",
      "quantity" : 15.00000,
      "voided" : true,
      "_links" : {
        "self" : {
          "href" : "http://localhost/api/salesShipments/11000_180400006_SI_50"
        },
        "salesShipment" : {
          "href" : "http://localhost/api/salesShipments/11000_180400006_SI_50"
        },
        "item" : {
          "href" : "http://localhost/api/salesShipments/11000_180400006_SI_50/item"
        },
        "serialNumbers" : {
          "href" : "http://localhost/api/salesShipments/11000_180400006_SI_50/serialNumbers"
        }
      }
    }, {
      "inputUserId" : "PUTRI",
      "lastUpdateUserId" : "PUTRI",
      "computerId" : "DESKTOP-09OGK1M",
      "companyId" : "11000",
      "documentNumber" : 180400006,
      "documentType" : "SI",
      "sequence" : 60,
      "businessUnitId" : "110",
      "batchNumber" : 23,
      "batchType" : "S",
      "customerId" : "2230",
      "receiverId" : "2230",
      "expeditionId" : "",
      "payerId" : "",
      "salesmanId" : "9012",
      "baseCurrency" : "IDR",
      "transactionCurrency" : "IDR",
      "exchangeRate" : 1.000000000,
      "itemCode" : "HP.TONER-CF217A",
      "locationId" : "GDU",
      "serialLotNo" : "",
      "itemDescription" : "HP Toner 17A",
      "lineType" : "S",
      "unitOfMeasure" : "PCS",
      "unitConversionFactor" : 1.000000000,
      "primaryTransactionQuantity" : 10.00000,
      "primaryUnitOfMeasure" : "PCS",
      "secondaryTransactionQuantity" : 0.00000,
      "secondaryUnitOfMeasure" : "PCS",
      "unitPrice" : 784999.6000000,
      "extendedPrice" : 7849996.00000,
      "taxBase" : 0.00000,
      "taxAmount" : 0.00000,
      "unitCost" : 663099.9758834,
      "extendedCost" : 6630999.75883,
      "foreignUnitPrice" : 0E-7,
      "foreignExtendedPrice" : 0.00000,
      "foreignTaxBase" : 0.00000,
      "foreignTaxAmount" : 0.00000,
      "projectId" : "",
      "profitCenterId" : "110",
      "accountId" : "",
      "paymentTermCode" : "N30",
      "taxCode" : "INCL",
      "taxAllowance" : true,
      "taxRate" : 10.000000000000000,
      "guestServiceChargeRate" : 0E-15,
      "discountCode" : "",
      "discountRate" : 0E-15,
      "unitDiscountCode" : "",
      "unitDiscountRate" : 0E-15,
      "lastStatus" : "620",
      "nextStatus" : "999",
      "glClass" : "INFG",
      "invoiceNumber" : 180400023,
      "invoiceType" : "RI",
      "invoiceSequence" : 0,
      "invoiceDate" : "2018-04-09",
      "orderNumber" : 180400006,
      "orderType" : "SO",
      "orderSequence" : 70,
      "salesDetail" : {
        "inputUserId" : "PUTRI",
        "lastUpdateUserId" : "PUTRI",
        "computerId" : "DESKTOP-09OGK1M",
        "companyId" : "11000",
        "salesOrderNumber" : 180400006,
        "salesOrderType" : "SO",
        "salesOrderSequence" : 70,
        "documentNumber" : 180400006,
        "documentType" : "SO",
        "sequence" : 70,
        "businessUnitId" : "110",
        "customerId" : "2230",
        "receiverId" : "2230",
        "expeditionId" : "",
        "payerId" : "",
        "salesmanId" : "9012",
        "partnerRepresentativeId" : "",
        "itemCode" : "HP.TONER-CF217A",
        "locationId" : "GDU",
        "serialLotNo" : "",
        "itemDescription" : "HP Toner 17A",
        "lineType" : "S",
        "quantity" : 10.00000,
        "extendedQuantity" : 0.00000,
        "shippedQuantity" : 10.00000,
        "cancelledQuantity" : 0.00000,
        "returnedQuantity" : 0.00000,
        "openQuantity" : 0.00000,
        "unitOfMeasure" : "PCS",
        "extendedUnitOfMeasure" : "",
        "unitConversionFactor" : 1.000000000,
        "extendedUnitConversionFactor" : 0E-9,
        "primaryOrderQuantity" : 10.00000,
        "primaryUnitOfMeasure" : "PCS",
        "secondaryOrderQuantity" : 0.00000,
        "secondaryUnitOfMeasure" : "PCS",
        "baseCurrency" : "IDR",
        "transactionCurrency" : "IDR",
        "exchangeRate" : 1.000000000,
        "unitCost" : 643897.1755000,
        "extendedCost" : 6438971.75500,
        "unitPrice" : 784999.6000000,
        "extendedUnitPrice" : 0E-7,
        "extendedPrice" : 7849996.00000,
        "taxBase" : 0.00000,
        "taxAmount" : 713636.00000,
        "foreignUnitPrice" : 0E-7,
        "foreignExtendedPrice" : 0.00000,
        "foreignTaxBase" : 0.00000,
        "foreignTaxAmount" : 0.00000,
        "projectId" : "",
        "profitCenterId" : "110",
        "accountId" : "",
        "paymentTermCode" : "N30",
        "holdCode" : "",
        "taxCode" : "INCL",
        "taxAllowance" : true,
        "taxRate" : 10.000000000000000,
        "guestServiceChargeRate" : 0E-15,
        "discountCode" : "",
        "discountRate" : 0E-15,
        "unitDiscountCode" : "",
        "unitDiscountRate" : 0E-15,
        "lastStatus" : "520",
        "nextStatus" : "560",
        "orderDate" : "2018-04-09",
        "requestDate" : "2018-04-09",
        "promisedDeliveryDate" : null,
        "deliveryDate" : null,
        "closedDate" : null,
        "glDate" : null,
        "glClass" : "INFG",
        "originalDocumentNumber" : 0,
        "originalDocumentType" : "",
        "originalDocumentSequence" : 0,
        "originalDocumentDate" : null,
        "relatedDocumentNumber" : 0,
        "relatedDocumentType" : "",
        "relatedDocumentSequence" : 0,
        "serverOperatorCode" : "",
        "categoryCode" : "",
        "brandCode" : "",
        "typeCode" : "",
        "landedCostRule" : "",
        "containerSize" : "",
        "stuffingType" : "",
        "containerLoadType" : "",
        "jobNo" : "",
        "shipmentId" : "",
        "packinglistId" : "",
        "deliveryOrderNumber" : "",
        "sealNumber" : "",
        "feederVessel" : "",
        "connectingVessel" : "",
        "shippedBy" : "",
        "containerId" : "",
        "vehicleRegistrationNumber" : "",
        "vehicleType" : "",
        "weightQuantity" : 0.00000,
        "weightUnitOfMeasure" : "",
        "volumeQuantity" : 0.00000,
        "volumeUnitOfMeasure" : "",
        "userReservedNumber1" : 0,
        "userReservedNumber2" : 0,
        "orderTransactionType" : "",
        "objectId" : "F4211",
        "setForVoid" : false,
        "status" : "CLOSED",
        "lastUpdateDateTime" : "2018-04-11T10:37:30",
        "inputDateTime" : "2018-04-11T10:36:28",
        "extended" : false,
        "unitDiscountAmount" : 0.00,
        "priceAfterUnitDiscount" : 7849996.00000,
        "voided" : false
      },
      "originalDocumentNumber" : 0,
      "originalDocumentType" : "",
      "originalDocumentSequence" : 0,
      "originalDocumentDate" : null,
      "customerOrderNumber" : "PO/API/IV/2018/00262",
      "customerOrderDate" : null,
      "vendorInvoiceNumber" : "",
      "vendorInvoiceDate" : null,
      "taxInvoiceNumber" : "-",
      "taxInvoiceDate" : "2018-04-09",
      "timesInvoicePrinted" : 0,
      "timesDeliveryOrderPrinted" : 0,
      "inventoryTransactionType" : "5",
      "description" : "DO/ATG/2018/IV/4902",
      "description2" : "",
      "containerId" : "",
      "shipmentCondition" : "",
      "portOfDepartureId" : "",
      "portOfArrivalId" : "",
      "estimatedTimeOfDeparture" : null,
      "estimatedTimeOfArrival" : null,
      "actualTimeOfDeparture" : null,
      "actualTimeOfArrival" : null,
      "dateOfLoading" : null,
      "dateOfUnloading" : null,
      "dateOfDocking" : null,
      "deliveryDate" : null,
      "exportDeclarationNumber" : "",
      "exportDeclarationDate" : null,
      "freightBillingNumber" : "",
      "freightBillingDate" : null,
      "exportApprovalNumber" : "",
      "exportApprovalDate" : null,
      "jobNo" : "",
      "shipmentId" : "",
      "packinglistId" : "",
      "deliveryOrderNumber" : "",
      "sealNumber" : "",
      "serverOperatorCode" : "",
      "categoryCode" : "",
      "brandCode" : "",
      "typeCode" : "",
      "landedCostRule" : "",
      "containerSize" : "",
      "stuffingType" : "",
      "containerLoadType" : "",
      "feederVessel" : "",
      "connectingVessel" : "",
      "shippedBy" : "",
      "partnerRepresentativeId" : "",
      "objectId" : "F42161",
      "recordId" : "20180411.103929395.1",
      "additive" : false,
      "transactionDate" : "2018-04-09",
      "businessPartnerId" : "2230",
      "serialOrLotNumbers" : [ ],
      "lastUpdateDateTime" : "2018-04-11T10:40:35",
      "inputDateTime" : "2018-04-11T10:39:08",
      "quantity" : 10.00000,
      "voided" : true,
      "_links" : {
        "self" : {
          "href" : "http://localhost/api/salesShipments/11000_180400006_SI_60"
        },
        "salesShipment" : {
          "href" : "http://localhost/api/salesShipments/11000_180400006_SI_60"
        },
        "item" : {
          "href" : "http://localhost/api/salesShipments/11000_180400006_SI_60/item"
        },
        "serialNumbers" : {
          "href" : "http://localhost/api/salesShipments/11000_180400006_SI_60/serialNumbers"
        }
      }
    }, {
      "inputUserId" : "PUTRI",
      "lastUpdateUserId" : "PUTRI",
      "computerId" : "DESKTOP-09OGK1M",
      "companyId" : "11000",
      "documentNumber" : 180400006,
      "documentType" : "SI",
      "sequence" : 70,
      "businessUnitId" : "110",
      "batchNumber" : 23,
      "batchType" : "S",
      "customerId" : "2230",
      "receiverId" : "2230",
      "expeditionId" : "",
      "payerId" : "",
      "salesmanId" : "9012",
      "baseCurrency" : "IDR",
      "transactionCurrency" : "IDR",
      "exchangeRate" : 1.000000000,
      "itemCode" : "EPS.TINTA-C13S010024",
      "locationId" : "GDU",
      "serialLotNo" : "",
      "itemDescription" : "Epson Ribbon Pack LX 300 C13S010024/C13S010068",
      "lineType" : "S",
      "unitOfMeasure" : "PCS",
      "unitConversionFactor" : 1.000000000,
      "primaryTransactionQuantity" : 10.00000,
      "primaryUnitOfMeasure" : "PCS",
      "secondaryTransactionQuantity" : 0.00000,
      "secondaryUnitOfMeasure" : "PCS",
      "unitPrice" : 40000.4000000,
      "extendedPrice" : 400004.00000,
      "taxBase" : 0.00000,
      "taxAmount" : 0.00000,
      "unitCost" : 35454.0000000,
      "extendedCost" : 354540.00000,
      "foreignUnitPrice" : 0E-7,
      "foreignExtendedPrice" : 0.00000,
      "foreignTaxBase" : 0.00000,
      "foreignTaxAmount" : 0.00000,
      "projectId" : "",
      "profitCenterId" : "110",
      "accountId" : "",
      "paymentTermCode" : "N30",
      "taxCode" : "INCL",
      "taxAllowance" : true,
      "taxRate" : 10.000000000000000,
      "guestServiceChargeRate" : 0E-15,
      "discountCode" : "",
      "discountRate" : 0E-15,
      "unitDiscountCode" : "",
      "unitDiscountRate" : 0E-15,
      "lastStatus" : "620",
      "nextStatus" : "999",
      "glClass" : "INFG",
      "invoiceNumber" : 180400023,
      "invoiceType" : "RI",
      "invoiceSequence" : 0,
      "invoiceDate" : "2018-04-09",
      "orderNumber" : 180400006,
      "orderType" : "SO",
      "orderSequence" : 80,
      "salesDetail" : {
        "inputUserId" : "PUTRI",
        "lastUpdateUserId" : "PUTRI",
        "computerId" : "DESKTOP-09OGK1M",
        "companyId" : "11000",
        "salesOrderNumber" : 180400006,
        "salesOrderType" : "SO",
        "salesOrderSequence" : 80,
        "documentNumber" : 180400006,
        "documentType" : "SO",
        "sequence" : 80,
        "businessUnitId" : "110",
        "customerId" : "2230",
        "receiverId" : "2230",
        "expeditionId" : "",
        "payerId" : "",
        "salesmanId" : "9012",
        "partnerRepresentativeId" : "",
        "itemCode" : "EPS.TINTA-C13S010024",
        "locationId" : "GDU",
        "serialLotNo" : "",
        "itemDescription" : "Epson Ribbon Pack LX 300 C13S010024/C13S010068",
        "lineType" : "S",
        "quantity" : 10.00000,
        "extendedQuantity" : 0.00000,
        "shippedQuantity" : 10.00000,
        "cancelledQuantity" : 0.00000,
        "returnedQuantity" : 0.00000,
        "openQuantity" : 0.00000,
        "unitOfMeasure" : "PCS",
        "extendedUnitOfMeasure" : "",
        "unitConversionFactor" : 1.000000000,
        "extendedUnitConversionFactor" : 0E-9,
        "primaryOrderQuantity" : 10.00000,
        "primaryUnitOfMeasure" : "PCS",
        "secondaryOrderQuantity" : 0.00000,
        "secondaryUnitOfMeasure" : "PCS",
        "baseCurrency" : "IDR",
        "transactionCurrency" : "IDR",
        "exchangeRate" : 1.000000000,
        "unitCost" : 35454.0000000,
        "extendedCost" : 354540.00000,
        "unitPrice" : 40000.4000000,
        "extendedUnitPrice" : 0E-7,
        "extendedPrice" : 400004.00000,
        "taxBase" : 0.00000,
        "taxAmount" : 36364.00000,
        "foreignUnitPrice" : 0E-7,
        "foreignExtendedPrice" : 0.00000,
        "foreignTaxBase" : 0.00000,
        "foreignTaxAmount" : 0.00000,
        "projectId" : "",
        "profitCenterId" : "110",
        "accountId" : "",
        "paymentTermCode" : "N30",
        "holdCode" : "",
        "taxCode" : "INCL",
        "taxAllowance" : true,
        "taxRate" : 10.000000000000000,
        "guestServiceChargeRate" : 0E-15,
        "discountCode" : "",
        "discountRate" : 0E-15,
        "unitDiscountCode" : "",
        "unitDiscountRate" : 0E-15,
        "lastStatus" : "520",
        "nextStatus" : "560",
        "orderDate" : "2018-04-09",
        "requestDate" : "2018-04-09",
        "promisedDeliveryDate" : null,
        "deliveryDate" : null,
        "closedDate" : null,
        "glDate" : null,
        "glClass" : "INFG",
        "originalDocumentNumber" : 0,
        "originalDocumentType" : "",
        "originalDocumentSequence" : 0,
        "originalDocumentDate" : null,
        "relatedDocumentNumber" : 0,
        "relatedDocumentType" : "",
        "relatedDocumentSequence" : 0,
        "serverOperatorCode" : "",
        "categoryCode" : "",
        "brandCode" : "",
        "typeCode" : "",
        "landedCostRule" : "",
        "containerSize" : "",
        "stuffingType" : "",
        "containerLoadType" : "",
        "jobNo" : "",
        "shipmentId" : "",
        "packinglistId" : "",
        "deliveryOrderNumber" : "",
        "sealNumber" : "",
        "feederVessel" : "",
        "connectingVessel" : "",
        "shippedBy" : "",
        "containerId" : "",
        "vehicleRegistrationNumber" : "",
        "vehicleType" : "",
        "weightQuantity" : 0.00000,
        "weightUnitOfMeasure" : "",
        "volumeQuantity" : 0.00000,
        "volumeUnitOfMeasure" : "",
        "userReservedNumber1" : 0,
        "userReservedNumber2" : 0,
        "orderTransactionType" : "",
        "objectId" : "F4211",
        "setForVoid" : false,
        "status" : "CLOSED",
        "lastUpdateDateTime" : "2018-04-11T10:37:30",
        "inputDateTime" : "2018-04-11T10:36:51",
        "extended" : false,
        "unitDiscountAmount" : 0.00,
        "priceAfterUnitDiscount" : 400004.00000,
        "voided" : false
      },
      "originalDocumentNumber" : 0,
      "originalDocumentType" : "",
      "originalDocumentSequence" : 0,
      "originalDocumentDate" : null,
      "customerOrderNumber" : "PO/API/IV/2018/00262",
      "customerOrderDate" : null,
      "vendorInvoiceNumber" : "",
      "vendorInvoiceDate" : null,
      "taxInvoiceNumber" : "-",
      "taxInvoiceDate" : "2018-04-09",
      "timesInvoicePrinted" : 0,
      "timesDeliveryOrderPrinted" : 0,
      "inventoryTransactionType" : "5",
      "description" : "DO/ATG/2018/IV/4902",
      "description2" : "",
      "containerId" : "",
      "shipmentCondition" : "",
      "portOfDepartureId" : "",
      "portOfArrivalId" : "",
      "estimatedTimeOfDeparture" : null,
      "estimatedTimeOfArrival" : null,
      "actualTimeOfDeparture" : null,
      "actualTimeOfArrival" : null,
      "dateOfLoading" : null,
      "dateOfUnloading" : null,
      "dateOfDocking" : null,
      "deliveryDate" : null,
      "exportDeclarationNumber" : "",
      "exportDeclarationDate" : null,
      "freightBillingNumber" : "",
      "freightBillingDate" : null,
      "exportApprovalNumber" : "",
      "exportApprovalDate" : null,
      "jobNo" : "",
      "shipmentId" : "",
      "packinglistId" : "",
      "deliveryOrderNumber" : "",
      "sealNumber" : "",
      "serverOperatorCode" : "",
      "categoryCode" : "",
      "brandCode" : "",
      "typeCode" : "",
      "landedCostRule" : "",
      "containerSize" : "",
      "stuffingType" : "",
      "containerLoadType" : "",
      "feederVessel" : "",
      "connectingVessel" : "",
      "shippedBy" : "",
      "partnerRepresentativeId" : "",
      "objectId" : "F42161",
      "recordId" : "20180411.103929452.1",
      "additive" : false,
      "transactionDate" : "2018-04-09",
      "businessPartnerId" : "2230",
      "serialOrLotNumbers" : [ ],
      "lastUpdateDateTime" : "2018-04-11T10:40:35",
      "inputDateTime" : "2018-04-11T10:39:08",
      "quantity" : 10.00000,
      "voided" : true,
      "_links" : {
        "self" : {
          "href" : "http://localhost/api/salesShipments/11000_180400006_SI_70"
        },
        "salesShipment" : {
          "href" : "http://localhost/api/salesShipments/11000_180400006_SI_70"
        },
        "item" : {
          "href" : "http://localhost/api/salesShipments/11000_180400006_SI_70/item"
        },
        "serialNumbers" : {
          "href" : "http://localhost/api/salesShipments/11000_180400006_SI_70/serialNumbers"
        }
      }
    } ]
  },
  "_links" : {
    "first" : {
      "href" : "http://localhost/api/salesShipments?page=0&size=20"
    },
    "self" : {
      "href" : "http://localhost/api/salesShipments{?page,size,sort}",
      "templated" : true
    },
    "next" : {
      "href" : "http://localhost/api/salesShipments?page=1&size=20"
    },
    "last" : {
      "href" : "http://localhost/api/salesShipments?page=90&size=20"
    },
    "profile" : {
      "href" : "http://localhost/api/profile/salesShipments"
    }
  },
  "page" : {
    "size" : 20,
    "totalElements" : 1801,
    "totalPages" : 91,
    "number" : 0
  }
}
    Forwarded URL = null
   Redirected URL = null
          Cookies = []
2018-12-27 11:25:55.084  INFO 2120 --- [    Test worker] o.s.t.c.transaction.TransactionContext   : Rolled back transaction for test: [DefaultTestContext@37350c9d testClass = SalesShipmentApiTest, testInstance = ags.goldenlionerp.apiTests.sales.SalesShipmentApiTest@4641da0, testMethod = getTestCollection@ApiTestBase, testException = [null], mergedContextConfiguration = [WebMergedContextConfiguration@13aa9a2c testClass = SalesShipmentApiTest, locations = '{}', classes = '{class ags.goldenlionerp.GoldenLionErpApplication}', contextInitializerClasses = '[]', activeProfiles = '{}', propertySourceLocations = '{classpath:test.properties}', propertySourceProperties = '{org.springframework.boot.test.context.SpringBootTestContextBootstrapper=true}', contextCustomizers = set[org.springframework.boot.test.autoconfigure.properties.PropertyMappingContextCustomizer@0, org.springframework.boot.test.autoconfigure.web.servlet.WebDriverContextCustomizerFactory$Customizer@636d731e, [ImportsContextCustomizer@2a93360c key = [ags.goldenlionerp.apiTests.ApiTestBase$TestConfig]], org.springframework.boot.test.context.filter.ExcludeFilterContextCustomizer@6afa5291, org.springframework.boot.test.json.DuplicateJsonObjectContextCustomizerFactory$DuplicateJsonObjectContextCustomizer@20cebcb4, org.springframework.boot.test.mock.mockito.MockitoContextCustomizer@0, org.springframework.boot.test.web.client.TestRestTemplateContextCustomizer@49a32273], resourceBasePath = 'src/main/webapp', contextLoader = 'org.springframework.boot.test.context.SpringBootContextLoader', parent = [null]], attributes = map['org.springframework.test.context.web.ServletTestExecutionListener.activateListener' -> true, 'org.springframework.test.context.web.ServletTestExecutionListener.populatedRequestContextHolder' -> true, 'org.springframework.test.context.web.ServletTestExecutionListener.resetRequestContextHolder' -> true]]
2018-12-27 11:25:55.086  INFO 2120 --- [    Test worker] o.s.t.c.transaction.TransactionContext   : Began transaction (1) for test context [DefaultTestContext@37350c9d testClass = SalesShipmentApiTest, testInstance = ags.goldenlionerp.apiTests.sales.SalesShipmentApiTest@6b0d5481, testMethod = createTestWithPut@ApiTestBase, testException = [null], mergedContextConfiguration = [WebMergedContextConfiguration@13aa9a2c testClass = SalesShipmentApiTest, locations = '{}', classes = '{class ags.goldenlionerp.GoldenLionErpApplication}', contextInitializerClasses = '[]', activeProfiles = '{}', propertySourceLocations = '{classpath:test.properties}', propertySourceProperties = '{org.springframework.boot.test.context.SpringBootTestContextBootstrapper=true}', contextCustomizers = set[org.springframework.boot.test.autoconfigure.properties.PropertyMappingContextCustomizer@0, org.springframework.boot.test.autoconfigure.web.servlet.WebDriverContextCustomizerFactory$Customizer@636d731e, [ImportsContextCustomizer@2a93360c key = [ags.goldenlionerp.apiTests.ApiTestBase$TestConfig]], org.springframework.boot.test.context.filter.ExcludeFilterContextCustomizer@6afa5291, org.springframework.boot.test.json.DuplicateJsonObjectContextCustomizerFactory$DuplicateJsonObjectContextCustomizer@20cebcb4, org.springframework.boot.test.mock.mockito.MockitoContextCustomizer@0, org.springframework.boot.test.web.client.TestRestTemplateContextCustomizer@49a32273], resourceBasePath = 'src/main/webapp', contextLoader = 'org.springframework.boot.test.context.SpringBootContextLoader', parent = [null]], attributes = map['org.springframework.test.context.web.ServletTestExecutionListener.activateListener' -> true, 'org.springframework.test.context.web.ServletTestExecutionListener.populatedRequestContextHolder' -> true, 'org.springframework.test.context.web.ServletTestExecutionListener.resetRequestContextHolder' -> true]]; transaction manager [org.springframework.orm.jpa.JpaTransactionManager@75de8c12]; rollback [true]
2018-12-27 11:25:55.087  INFO 2120 --- [    Test worker] o.s.b.t.m.w.SpringBootMockServletContext : Initializing Spring FrameworkServlet ''
2018-12-27 11:25:55.087  INFO 2120 --- [    Test worker] o.s.t.web.servlet.TestDispatcherServlet  : FrameworkServlet '': initialization started
2018-12-27 11:25:55.094  INFO 2120 --- [    Test worker] o.s.t.web.servlet.TestDispatcherServlet  : FrameworkServlet '': initialization completed in 7 ms
Hibernate: select salesorder0_.shcoid as shcoid1_36_0_, salesorder0_.shdocono as shdocono2_36_0_, salesorder0_.shdocoty as shdocoty3_36_0_, salesorder0_.shcid as shcid4_36_0_, salesorder0_.shdtin as shdtin5_36_0_, salesorder0_.shtmin as shtmin6_36_0_, salesorder0_.shuid as shuid7_36_0_, salesorder0_.shdtlu as shdtlu8_36_0_, salesorder0_.shtmlu as shtmlu9_36_0_, salesorder0_.shuidm as shuidm10_36_0_, salesorder0_.shata as shata11_36_0_, salesorder0_.shatd as shatd12_36_0_, salesorder0_.shcrcb as shcrcb13_36_0_, salesorder0_.shbuid as shbuid14_36_0_, salesorder0_.shcldt as shcldt15_36_0_, salesorder0_.shcot as shcot16_36_0_, salesorder0_.shcsid as shcsid17_36_0_, salesorder0_.shcsdocdt as shcsdoc18_36_0_, salesorder0_.shcsdocno as shcsdoc19_36_0_, salesorder0_.shdod as shdod20_36_0_, salesorder0_.shdol as shdol21_36_0_, salesorder0_.shdou as shdou22_36_0_, salesorder0_.shdldt as shdldt23_36_0_, salesorder0_.shdesb1 as shdesb24_36_0_, salesorder0_.shdccd as shdccd25_36_0_, salesorder0_.shdcrt as shdcrt26_36_0_, salesorder0_.sheta as sheta27_36_0_, salesorder0_.shetd as shetd28_36_0_, salesorder0_.shexcrt as shexcrt29_36_0_, salesorder0_.shexid as shexid30_36_0_, salesorder0_.shead as shead31_36_0_, salesorder0_.shean as shean32_36_0_, salesorder0_.shedd as shedd33_36_0_, salesorder0_.shedn as shedn34_36_0_, salesorder0_.shfbd as shfbd35_36_0_, salesorder0_.shfbn as shfbn36_36_0_, salesorder0_.shfhc as shfhc37_36_0_, salesorder0_.shgldt as shgldt38_36_0_, salesorder0_.shgscrt as shgscrt39_36_0_, salesorder0_.shhcod as shhcod40_36_0_, salesorder0_.shlst as shlst41_36_0_, salesorder0_.shnst as shnst42_36_0_, salesorder0_.shobid as shobid43_36_0_, salesorder0_.shordt as shordt44_36_0_, salesorder0_.shordocdt as shordoc45_36_0_, salesorder0_.shordocno as shordoc46_36_0_, salesorder0_.shprid as shprid47_36_0_, salesorder0_.shpyid as shpyid48_36_0_, salesorder0_.shptc as shptc49_36_0_, salesorder0_.shpoa as shpoa50_36_0_, salesorder0_.shpod as shpod51_36_0_, salesorder0_.shrbuid as shrbuid52_36_0_, salesorder0_.shpjid as shpjid53_36_0_, salesorder0_.shpddt as shpddt54_36_0_, salesorder0_.shstid as shstid55_36_0_, salesorder0_.shrqdt as shrqdt56_36_0_, salesorder0_.shslid as shslid57_36_0_, salesorder0_.shshcn as shshcn58_36_0_, salesorder0_.shshmt as shshmt59_36_0_, salesorder0_.shtagid as shtagid60_36_0_, salesorder0_.shtaxal as shtaxal61_36_0_, salesorder0_.shtaxcd as shtaxcd62_36_0_, salesorder0_.shtaxrt as shtaxrt63_36_0_, salesorder0_.shcrct as shcrct64_36_0_, salesorder0_.shurdt1 as shurdt65_36_0_, salesorder0_.shurdt2 as shurdt66_36_0_ from t4201 salesorder0_ where salesorder0_.shcoid=? and salesorder0_.shdocono=? and salesorder0_.shdocoty=?
Hibernate: select details0_.sdcoid as sdcoid1_37_0_, details0_.sddocono as sddocono2_37_0_, details0_.sddocoty as sddocoty4_37_0_, details0_.sddocosq as sddocosq3_37_0_, details0_.sdcoid as sdcoid1_37_1_, details0_.sddocono as sddocono2_37_1_, details0_.sddocosq as sddocosq3_37_1_, details0_.sddocoty as sddocoty4_37_1_, details0_.sdcid as sdcid5_37_1_, details0_.sddtin as sddtin6_37_1_, details0_.sdtmin as sdtmin7_37_1_, details0_.sduid as sduid8_37_1_, details0_.sddtlu as sddtlu9_37_1_, details0_.sdtmlu as sdtmlu10_37_1_, details0_.sduidm as sduidm11_37_1_, details0_.sdacid as sdacid12_37_1_, details0_.sdcrcb as sdcrcb13_37_1_, details0_.sditc02 as sditc14_37_1_, details0_.sdbuid as sdbuid15_37_1_, details0_.sdqtycl as sdqtycl16_37_1_, details0_.sditc01 as sditc17_37_1_, details0_.sdcldt as sdcldt18_37_1_, details0_.sdcnid as sdcnid19_37_1_, details0_.sdcsid as sdcsid20_37_1_, details0_.sddldt as sddldt21_37_1_, details0_.sddccd as sddccd22_37_1_, details0_.sddcrt as sddcrt23_37_1_, details0_.sdexcrt as sdexcrt24_37_1_, details0_.sdexid as sdexid25_37_1_, details0_.sdexcost as sdexcos26_37_1_, details0_.sdexprice as sdexpri27_37_1_, details0_.sdqtyx as sdqtyx28_37_1_, details0_.sducfx as sducfx29_37_1_, details0_.sduomx as sduomx30_37_1_, details0_.sdunpricex as sdunpri31_37_1_, details0_.sdfep as sdfep32_37_1_, details0_.sdfta as sdfta33_37_1_, details0_.sdftb as sdftb34_37_1_, details0_.sdfup as sdfup35_37_1_, details0_.sdglcls as sdglcls36_37_1_, details0_.sdgldt as sdgldt37_37_1_, details0_.sdgscrt as sdgscrt38_37_1_, details0_.sdhcod as sdhcod39_37_1_, details0_.sdir02 as sdir40_37_1_, details0_.sdir01 as sdir41_37_1_, details0_.sdir03 as sdir42_37_1_, details0_.sdinum as sdinum43_37_1_, details0_.sddesb1 as sddesb44_37_1_, details0_.sditc05 as sditc45_37_1_, details0_.sdlst as sdlst46_37_1_, details0_.sdlnty as sdlnty47_37_1_, details0_.sdlocid as sdlocid48_37_1_, details0_.sdnst as sdnst49_37_1_, details0_.sdobid as sdobid50_37_1_, details0_.sdqtyop as sdqtyop51_37_1_, details0_.sdordt as sdordt52_37_1_, details0_.sdott as sdott53_37_1_, details0_.sdordocdt as sdordoc54_37_1_, details0_.sdordocno as sdordoc55_37_1_, details0_.sdordocsq as sdordoc56_37_1_, details0_.sdordocty as sdordoc57_37_1_, details0_.sdprid as sdprid58_37_1_, details0_.sdpyid as sdpyid59_37_1_, details0_.sdptc as sdptc60_37_1_, details0_.sdpqor as sdpqor61_37_1_, details0_.sduom1 as sduom62_37_1_, details0_.sdrbuid as sdrbuid63_37_1_, details0_.sdpjid as sdpjid64_37_1_, details0_.sdpddt as sdpddt65_37_1_, details0_.sdqty as sdqty66_37_1_, details0_.sdstid as sdstid67_37_1_, details0_.sdvr04 as sdvr68_37_1_, details0_.sdvr01 as sdvr69_37_1_, details0_.sdvr03 as sdvr70_37_1_, details0_.sdvr05 as sdvr71_37_1_, details0_.sdvr02 as sdvr72_37_1_, details0_.sdrldocno as sdrldoc73_37_1_, details0_.sdrldocsq as sdrldoc74_37_1_, details0_.sdrldocty as sdrldoc75_37_1_, details0_.sdrqdt as sdrqdt76_37_1_, details0_.sdqtyrn as sdqtyrn77_37_1_, details0_.sdso03 as sdso78_37_1_, details0_.sdso01 as sdso79_37_1_, details0_.sdso02 as sdso80_37_1_, details0_.sdslid as sdslid81_37_1_, details0_.sdsqor as sdsqor82_37_1_, details0_.sduom2 as sduom83_37_1_, details0_.sdsnlot as sdsnlot84_37_1_, details0_.sdslrc1 as sdslrc85_37_1_, details0_.sdqtysh as sdqtysh86_37_1_, details0_.sdtaxal as sdtaxal87_37_1_, details0_.sdtaxam as sdtaxam88_37_1_, details0_.sdtaxab as sdtaxab89_37_1_, details0_.sdtaxcd as sdtaxcd90_37_1_, details0_.sdtaxrt as sdtaxrt91_37_1_, details0_.sdcrct as sdcrct92_37_1_, details0_.sditc03 as sditc93_37_1_, details0_.sducf as sducf94_37_1_, details0_.sduncost as sduncos95_37_1_, details0_.sdudc as sdudc96_37_1_, details0_.sdudf as sdudf97_37_1_, details0_.sduom as sduom98_37_1_, details0_.sdunprice as sdunpri99_37_1_, details0_.sdurnb1 as sdurnb100_37_1_, details0_.sdurnb2 as sdurnb101_37_1_, details0_.sdvhrn as sdvhrn102_37_1_, details0_.sdvhty as sdvhty103_37_1_, details0_.sdqtyvl as sdqtyv104_37_1_, details0_.sduomv as sduomv105_37_1_, details0_.sdqtywt as sdqtyw106_37_1_, details0_.sduomw as sduomw107_37_1_ from t4211 details0_ where details0_.sdcoid=? and details0_.sddocono=? and details0_.sddocoty=?
Hibernate: select salesshipm0_.slcoid as slcoid1_38_0_, salesshipm0_.sldocno as sldocno2_38_0_, salesshipm0_.sldocty as sldocty3_38_0_, salesshipm0_.sldocsq as sldocsq4_38_0_, salesshipm0_.slcid as slcid5_38_0_, salesshipm0_.sldtin as sldtin6_38_0_, salesshipm0_.sltmin as sltmin7_38_0_, salesshipm0_.sluid as sluid8_38_0_, salesshipm0_.sldtlu as sldtlu9_38_0_, salesshipm0_.sltmlu as sltmlu10_38_0_, salesshipm0_.sluidm as sluidm11_38_0_, salesshipm0_.slacid as slacid12_38_0_, salesshipm0_.slata as slata13_38_0_, salesshipm0_.slatd as slatd14_38_0_, salesshipm0_.slcrcb as slcrcb15_38_0_, salesshipm0_.slicu as slicu16_38_0_, salesshipm0_.slicut as slicut17_38_0_, salesshipm0_.slitc02 as slitc18_38_0_, salesshipm0_.slbuid as slbuid19_38_0_, salesshipm0_.slitc01 as slitc20_38_0_, salesshipm0_.slcnid as slcnid21_38_0_, salesshipm0_.slcsid as slcsid22_38_0_, salesshipm0_.slcsdocdt as slcsdoc23_38_0_, salesshipm0_.slcsdocno as slcsdoc24_38_0_, salesshipm0_.sldod as sldod25_38_0_, salesshipm0_.sldol as sldol26_38_0_, salesshipm0_.sldou as sldou27_38_0_, salesshipm0_.sldldt as sldldt28_38_0_, salesshipm0_.sldesc1 as sldesc29_38_0_, salesshipm0_.sldesc2 as sldesc30_38_0_, salesshipm0_.sldccd as sldccd31_38_0_, salesshipm0_.sldcrt as sldcrt32_38_0_, salesshipm0_.sldocdt as sldocdt33_38_0_, salesshipm0_.sleta as sleta34_38_0_, salesshipm0_.sletd as sletd35_38_0_, salesshipm0_.slexcrt as slexcrt36_38_0_, salesshipm0_.slexid as slexid37_38_0_, salesshipm0_.slead as slead38_38_0_, salesshipm0_.slean as slean39_38_0_, salesshipm0_.sledd as sledd40_38_0_, salesshipm0_.sledn as sledn41_38_0_, salesshipm0_.slexcost as slexcos42_38_0_, salesshipm0_.slexprice as slexpri43_38_0_, salesshipm0_.slfep as slfep44_38_0_, salesshipm0_.slfta as slfta45_38_0_, salesshipm0_.slftb as slftb46_38_0_, salesshipm0_.slfup as slfup47_38_0_, salesshipm0_.slfbd as slfbd48_38_0_, salesshipm0_.slfbn as slfbn49_38_0_, salesshipm0_.slglcls as slglcls50_38_0_, salesshipm0_.slgscrt as slgscrt51_38_0_, salesshipm0_.slir02 as slir52_38_0_, salesshipm0_.slir01 as slir53_38_0_, salesshipm0_.slir03 as slir54_38_0_, salesshipm0_.slitt as slitt55_38_0_, salesshipm0_.sldocidt as sldocid56_38_0_, salesshipm0_.sldocino as sldocin57_38_0_, salesshipm0_.sldocisq as sldocis58_38_0_, salesshipm0_.sldocity as sldocit59_38_0_, salesshipm0_.slinum as slinum60_38_0_, salesshipm0_.sldesb1 as sldesb61_38_0_, salesshipm0_.slitc05 as slitc62_38_0_, salesshipm0_.sllst as sllst63_38_0_, salesshipm0_.sllnty as sllnty64_38_0_, salesshipm0_.sllocid as sllocid65_38_0_, salesshipm0_.slnst as slnst66_38_0_, salesshipm0_.slobid as slobid67_38_0_, salesshipm0_.sldocono as sldocon68_38_0_, salesshipm0_.sldocosq as sldocos69_38_0_, salesshipm0_.sldocoty as sldocot70_38_0_, salesshipm0_.slordocdt as slordoc71_38_0_, salesshipm0_.slordocno as slordoc72_38_0_, salesshipm0_.slordocsq as slordoc73_38_0_, salesshipm0_.slordocty as slordoc74_38_0_, salesshipm0_.slprid as slprid75_38_0_, salesshipm0_.slpyid as slpyid76_38_0_, salesshipm0_.slptc as slptc77_38_0_, salesshipm0_.slpoa as slpoa78_38_0_, salesshipm0_.slpod as slpod79_38_0_, salesshipm0_.slpqot as slpqot80_38_0_, salesshipm0_.sluom1 as sluom81_38_0_, salesshipm0_.slrbuid as slrbuid82_38_0_, salesshipm0_.slpjid as slpjid83_38_0_, salesshipm0_.slqty as slqty84_38_0_, salesshipm0_.slstid as slstid85_38_0_, salesshipm0_.slrecid as slrecid86_38_0_, salesshipm0_.slvr04 as slvr87_38_0_, salesshipm0_.slvr01 as slvr88_38_0_, salesshipm0_.slvr03 as slvr89_38_0_, salesshipm0_.slvr05 as slvr90_38_0_, salesshipm0_.slvr02 as slvr91_38_0_, salesshipm0_.slso03 as slso92_38_0_, salesshipm0_.slso01 as slso93_38_0_, salesshipm0_.slso02 as slso94_38_0_, salesshipm0_.slslid as slslid95_38_0_, salesshipm0_.slsqot as slsqot96_38_0_, salesshipm0_.sluom2 as sluom97_38_0_, salesshipm0_.slsnlot as slsnlot98_38_0_, salesshipm0_.slslrc1 as slslrc99_38_0_, salesshipm0_.slshcn as slshcn100_38_0_, salesshipm0_.sltaxal as sltaxa101_38_0_, salesshipm0_.sltaxam as sltaxa102_38_0_, salesshipm0_.sltaxab as sltaxa103_38_0_, salesshipm0_.sltaxcd as sltaxc104_38_0_, salesshipm0_.sltaxidt as sltaxi105_38_0_, salesshipm0_.sltaxino as sltaxi106_38_0_, salesshipm0_.sltaxrt as sltaxr107_38_0_, salesshipm0_.sldnop as sldnop108_38_0_, salesshipm0_.slinop as slinop109_38_0_, salesshipm0_.slcrct as slcrct110_38_0_, salesshipm0_.slitc03 as slitc111_38_0_, salesshipm0_.slucf as slucf112_38_0_, salesshipm0_.sluncost as slunco113_38_0_, salesshipm0_.sludc as sludc114_38_0_, salesshipm0_.sludf as sludf115_38_0_, salesshipm0_.sluom as sluom116_38_0_, salesshipm0_.slunprice as slunpr117_38_0_, salesshipm0_.slinvdt as slinvd118_38_0_, salesshipm0_.slinvno as slinvn119_38_0_ from t4212 salesshipm0_ where salesshipm0_.slcoid=? and salesshipm0_.sldocno=? and salesshipm0_.sldocty=? and salesshipm0_.sldocsq=?
2018-12-27 11:25:55.131  INFO 2120 --- [    Test worker] o.s.t.c.transaction.TransactionContext   : Rolled back transaction for test: [DefaultTestContext@37350c9d testClass = SalesShipmentApiTest, testInstance = ags.goldenlionerp.apiTests.sales.SalesShipmentApiTest@6b0d5481, testMethod = createTestWithPut@ApiTestBase, testException = [null], mergedContextConfiguration = [WebMergedContextConfiguration@13aa9a2c testClass = SalesShipmentApiTest, locations = '{}', classes = '{class ags.goldenlionerp.GoldenLionErpApplication}', contextInitializerClasses = '[]', activeProfiles = '{}', propertySourceLocations = '{classpath:test.properties}', propertySourceProperties = '{org.springframework.boot.test.context.SpringBootTestContextBootstrapper=true}', contextCustomizers = set[org.springframework.boot.test.autoconfigure.properties.PropertyMappingContextCustomizer@0, org.springframework.boot.test.autoconfigure.web.servlet.WebDriverContextCustomizerFactory$Customizer@636d731e, [ImportsContextCustomizer@2a93360c key = [ags.goldenlionerp.apiTests.ApiTestBase$TestConfig]], org.springframework.boot.test.context.filter.ExcludeFilterContextCustomizer@6afa5291, org.springframework.boot.test.json.DuplicateJsonObjectContextCustomizerFactory$DuplicateJsonObjectContextCustomizer@20cebcb4, org.springframework.boot.test.mock.mockito.MockitoContextCustomizer@0, org.springframework.boot.test.web.client.TestRestTemplateContextCustomizer@49a32273], resourceBasePath = 'src/main/webapp', contextLoader = 'org.springframework.boot.test.context.SpringBootContextLoader', parent = [null]], attributes = map['org.springframework.test.context.web.ServletTestExecutionListener.activateListener' -> true, 'org.springframework.test.context.web.ServletTestExecutionListener.populatedRequestContextHolder' -> true, 'org.springframework.test.context.web.ServletTestExecutionListener.resetRequestContextHolder' -> true]]
2018-12-27 11:25:55.134  INFO 2120 --- [    Test worker] o.s.t.c.transaction.TransactionContext   : Began transaction (1) for test context [DefaultTestContext@37350c9d testClass = SalesShipmentApiTest, testInstance = ags.goldenlionerp.apiTests.sales.SalesShipmentApiTest@457c5737, testMethod = createTestWithPost@ApiTestBase, testException = [null], mergedContextConfiguration = [WebMergedContextConfiguration@13aa9a2c testClass = SalesShipmentApiTest, locations = '{}', classes = '{class ags.goldenlionerp.GoldenLionErpApplication}', contextInitializerClasses = '[]', activeProfiles = '{}', propertySourceLocations = '{classpath:test.properties}', propertySourceProperties = '{org.springframework.boot.test.context.SpringBootTestContextBootstrapper=true}', contextCustomizers = set[org.springframework.boot.test.autoconfigure.properties.PropertyMappingContextCustomizer@0, org.springframework.boot.test.autoconfigure.web.servlet.WebDriverContextCustomizerFactory$Customizer@636d731e, [ImportsContextCustomizer@2a93360c key = [ags.goldenlionerp.apiTests.ApiTestBase$TestConfig]], org.springframework.boot.test.context.filter.ExcludeFilterContextCustomizer@6afa5291, org.springframework.boot.test.json.DuplicateJsonObjectContextCustomizerFactory$DuplicateJsonObjectContextCustomizer@20cebcb4, org.springframework.boot.test.mock.mockito.MockitoContextCustomizer@0, org.springframework.boot.test.web.client.TestRestTemplateContextCustomizer@49a32273], resourceBasePath = 'src/main/webapp', contextLoader = 'org.springframework.boot.test.context.SpringBootContextLoader', parent = [null]], attributes = map['org.springframework.test.context.web.ServletTestExecutionListener.activateListener' -> true, 'org.springframework.test.context.web.ServletTestExecutionListener.populatedRequestContextHolder' -> true, 'org.springframework.test.context.web.ServletTestExecutionListener.resetRequestContextHolder' -> true]]; transaction manager [org.springframework.orm.jpa.JpaTransactionManager@75de8c12]; rollback [true]
2018-12-27 11:25:55.135  INFO 2120 --- [    Test worker] o.s.b.t.m.w.SpringBootMockServletContext : Initializing Spring FrameworkServlet ''
2018-12-27 11:25:55.135  INFO 2120 --- [    Test worker] o.s.t.web.servlet.TestDispatcherServlet  : FrameworkServlet '': initialization started
2018-12-27 11:25:55.145  INFO 2120 --- [    Test worker] o.s.t.web.servlet.TestDispatcherServlet  : FrameworkServlet '': initialization completed in 10 ms
Hibernate: select salesorder0_.shcoid as shcoid1_36_0_, salesorder0_.shdocono as shdocono2_36_0_, salesorder0_.shdocoty as shdocoty3_36_0_, salesorder0_.shcid as shcid4_36_0_, salesorder0_.shdtin as shdtin5_36_0_, salesorder0_.shtmin as shtmin6_36_0_, salesorder0_.shuid as shuid7_36_0_, salesorder0_.shdtlu as shdtlu8_36_0_, salesorder0_.shtmlu as shtmlu9_36_0_, salesorder0_.shuidm as shuidm10_36_0_, salesorder0_.shata as shata11_36_0_, salesorder0_.shatd as shatd12_36_0_, salesorder0_.shcrcb as shcrcb13_36_0_, salesorder0_.shbuid as shbuid14_36_0_, salesorder0_.shcldt as shcldt15_36_0_, salesorder0_.shcot as shcot16_36_0_, salesorder0_.shcsid as shcsid17_36_0_, salesorder0_.shcsdocdt as shcsdoc18_36_0_, salesorder0_.shcsdocno as shcsdoc19_36_0_, salesorder0_.shdod as shdod20_36_0_, salesorder0_.shdol as shdol21_36_0_, salesorder0_.shdou as shdou22_36_0_, salesorder0_.shdldt as shdldt23_36_0_, salesorder0_.shdesb1 as shdesb24_36_0_, salesorder0_.shdccd as shdccd25_36_0_, salesorder0_.shdcrt as shdcrt26_36_0_, salesorder0_.sheta as sheta27_36_0_, salesorder0_.shetd as shetd28_36_0_, salesorder0_.shexcrt as shexcrt29_36_0_, salesorder0_.shexid as shexid30_36_0_, salesorder0_.shead as shead31_36_0_, salesorder0_.shean as shean32_36_0_, salesorder0_.shedd as shedd33_36_0_, salesorder0_.shedn as shedn34_36_0_, salesorder0_.shfbd as shfbd35_36_0_, salesorder0_.shfbn as shfbn36_36_0_, salesorder0_.shfhc as shfhc37_36_0_, salesorder0_.shgldt as shgldt38_36_0_, salesorder0_.shgscrt as shgscrt39_36_0_, salesorder0_.shhcod as shhcod40_36_0_, salesorder0_.shlst as shlst41_36_0_, salesorder0_.shnst as shnst42_36_0_, salesorder0_.shobid as shobid43_36_0_, salesorder0_.shordt as shordt44_36_0_, salesorder0_.shordocdt as shordoc45_36_0_, salesorder0_.shordocno as shordoc46_36_0_, salesorder0_.shprid as shprid47_36_0_, salesorder0_.shpyid as shpyid48_36_0_, salesorder0_.shptc as shptc49_36_0_, salesorder0_.shpoa as shpoa50_36_0_, salesorder0_.shpod as shpod51_36_0_, salesorder0_.shrbuid as shrbuid52_36_0_, salesorder0_.shpjid as shpjid53_36_0_, salesorder0_.shpddt as shpddt54_36_0_, salesorder0_.shstid as shstid55_36_0_, salesorder0_.shrqdt as shrqdt56_36_0_, salesorder0_.shslid as shslid57_36_0_, salesorder0_.shshcn as shshcn58_36_0_, salesorder0_.shshmt as shshmt59_36_0_, salesorder0_.shtagid as shtagid60_36_0_, salesorder0_.shtaxal as shtaxal61_36_0_, salesorder0_.shtaxcd as shtaxcd62_36_0_, salesorder0_.shtaxrt as shtaxrt63_36_0_, salesorder0_.shcrct as shcrct64_36_0_, salesorder0_.shurdt1 as shurdt65_36_0_, salesorder0_.shurdt2 as shurdt66_36_0_ from t4201 salesorder0_ where salesorder0_.shcoid=? and salesorder0_.shdocono=? and salesorder0_.shdocoty=?
Hibernate: select details0_.sdcoid as sdcoid1_37_0_, details0_.sddocono as sddocono2_37_0_, details0_.sddocoty as sddocoty4_37_0_, details0_.sddocosq as sddocosq3_37_0_, details0_.sdcoid as sdcoid1_37_1_, details0_.sddocono as sddocono2_37_1_, details0_.sddocosq as sddocosq3_37_1_, details0_.sddocoty as sddocoty4_37_1_, details0_.sdcid as sdcid5_37_1_, details0_.sddtin as sddtin6_37_1_, details0_.sdtmin as sdtmin7_37_1_, details0_.sduid as sduid8_37_1_, details0_.sddtlu as sddtlu9_37_1_, details0_.sdtmlu as sdtmlu10_37_1_, details0_.sduidm as sduidm11_37_1_, details0_.sdacid as sdacid12_37_1_, details0_.sdcrcb as sdcrcb13_37_1_, details0_.sditc02 as sditc14_37_1_, details0_.sdbuid as sdbuid15_37_1_, details0_.sdqtycl as sdqtycl16_37_1_, details0_.sditc01 as sditc17_37_1_, details0_.sdcldt as sdcldt18_37_1_, details0_.sdcnid as sdcnid19_37_1_, details0_.sdcsid as sdcsid20_37_1_, details0_.sddldt as sddldt21_37_1_, details0_.sddccd as sddccd22_37_1_, details0_.sddcrt as sddcrt23_37_1_, details0_.sdexcrt as sdexcrt24_37_1_, details0_.sdexid as sdexid25_37_1_, details0_.sdexcost as sdexcos26_37_1_, details0_.sdexprice as sdexpri27_37_1_, details0_.sdqtyx as sdqtyx28_37_1_, details0_.sducfx as sducfx29_37_1_, details0_.sduomx as sduomx30_37_1_, details0_.sdunpricex as sdunpri31_37_1_, details0_.sdfep as sdfep32_37_1_, details0_.sdfta as sdfta33_37_1_, details0_.sdftb as sdftb34_37_1_, details0_.sdfup as sdfup35_37_1_, details0_.sdglcls as sdglcls36_37_1_, details0_.sdgldt as sdgldt37_37_1_, details0_.sdgscrt as sdgscrt38_37_1_, details0_.sdhcod as sdhcod39_37_1_, details0_.sdir02 as sdir40_37_1_, details0_.sdir01 as sdir41_37_1_, details0_.sdir03 as sdir42_37_1_, details0_.sdinum as sdinum43_37_1_, details0_.sddesb1 as sddesb44_37_1_, details0_.sditc05 as sditc45_37_1_, details0_.sdlst as sdlst46_37_1_, details0_.sdlnty as sdlnty47_37_1_, details0_.sdlocid as sdlocid48_37_1_, details0_.sdnst as sdnst49_37_1_, details0_.sdobid as sdobid50_37_1_, details0_.sdqtyop as sdqtyop51_37_1_, details0_.sdordt as sdordt52_37_1_, details0_.sdott as sdott53_37_1_, details0_.sdordocdt as sdordoc54_37_1_, details0_.sdordocno as sdordoc55_37_1_, details0_.sdordocsq as sdordoc56_37_1_, details0_.sdordocty as sdordoc57_37_1_, details0_.sdprid as sdprid58_37_1_, details0_.sdpyid as sdpyid59_37_1_, details0_.sdptc as sdptc60_37_1_, details0_.sdpqor as sdpqor61_37_1_, details0_.sduom1 as sduom62_37_1_, details0_.sdrbuid as sdrbuid63_37_1_, details0_.sdpjid as sdpjid64_37_1_, details0_.sdpddt as sdpddt65_37_1_, details0_.sdqty as sdqty66_37_1_, details0_.sdstid as sdstid67_37_1_, details0_.sdvr04 as sdvr68_37_1_, details0_.sdvr01 as sdvr69_37_1_, details0_.sdvr03 as sdvr70_37_1_, details0_.sdvr05 as sdvr71_37_1_, details0_.sdvr02 as sdvr72_37_1_, details0_.sdrldocno as sdrldoc73_37_1_, details0_.sdrldocsq as sdrldoc74_37_1_, details0_.sdrldocty as sdrldoc75_37_1_, details0_.sdrqdt as sdrqdt76_37_1_, details0_.sdqtyrn as sdqtyrn77_37_1_, details0_.sdso03 as sdso78_37_1_, details0_.sdso01 as sdso79_37_1_, details0_.sdso02 as sdso80_37_1_, details0_.sdslid as sdslid81_37_1_, details0_.sdsqor as sdsqor82_37_1_, details0_.sduom2 as sduom83_37_1_, details0_.sdsnlot as sdsnlot84_37_1_, details0_.sdslrc1 as sdslrc85_37_1_, details0_.sdqtysh as sdqtysh86_37_1_, details0_.sdtaxal as sdtaxal87_37_1_, details0_.sdtaxam as sdtaxam88_37_1_, details0_.sdtaxab as sdtaxab89_37_1_, details0_.sdtaxcd as sdtaxcd90_37_1_, details0_.sdtaxrt as sdtaxrt91_37_1_, details0_.sdcrct as sdcrct92_37_1_, details0_.sditc03 as sditc93_37_1_, details0_.sducf as sducf94_37_1_, details0_.sduncost as sduncos95_37_1_, details0_.sdudc as sdudc96_37_1_, details0_.sdudf as sdudf97_37_1_, details0_.sduom as sduom98_37_1_, details0_.sdunprice as sdunpri99_37_1_, details0_.sdurnb1 as sdurnb100_37_1_, details0_.sdurnb2 as sdurnb101_37_1_, details0_.sdvhrn as sdvhrn102_37_1_, details0_.sdvhty as sdvhty103_37_1_, details0_.sdqtyvl as sdqtyv104_37_1_, details0_.sduomv as sduomv105_37_1_, details0_.sdqtywt as sdqtyw106_37_1_, details0_.sduomw as sduomw107_37_1_ from t4211 details0_ where details0_.sdcoid=? and details0_.sddocono=? and details0_.sddocoty=?
Hibernate: select salesshipm0_.slcoid as slcoid1_38_0_, salesshipm0_.sldocno as sldocno2_38_0_, salesshipm0_.sldocty as sldocty3_38_0_, salesshipm0_.sldocsq as sldocsq4_38_0_, salesshipm0_.slcid as slcid5_38_0_, salesshipm0_.sldtin as sldtin6_38_0_, salesshipm0_.sltmin as sltmin7_38_0_, salesshipm0_.sluid as sluid8_38_0_, salesshipm0_.sldtlu as sldtlu9_38_0_, salesshipm0_.sltmlu as sltmlu10_38_0_, salesshipm0_.sluidm as sluidm11_38_0_, salesshipm0_.slacid as slacid12_38_0_, salesshipm0_.slata as slata13_38_0_, salesshipm0_.slatd as slatd14_38_0_, salesshipm0_.slcrcb as slcrcb15_38_0_, salesshipm0_.slicu as slicu16_38_0_, salesshipm0_.slicut as slicut17_38_0_, salesshipm0_.slitc02 as slitc18_38_0_, salesshipm0_.slbuid as slbuid19_38_0_, salesshipm0_.slitc01 as slitc20_38_0_, salesshipm0_.slcnid as slcnid21_38_0_, salesshipm0_.slcsid as slcsid22_38_0_, salesshipm0_.slcsdocdt as slcsdoc23_38_0_, salesshipm0_.slcsdocno as slcsdoc24_38_0_, salesshipm0_.sldod as sldod25_38_0_, salesshipm0_.sldol as sldol26_38_0_, salesshipm0_.sldou as sldou27_38_0_, salesshipm0_.sldldt as sldldt28_38_0_, salesshipm0_.sldesc1 as sldesc29_38_0_, salesshipm0_.sldesc2 as sldesc30_38_0_, salesshipm0_.sldccd as sldccd31_38_0_, salesshipm0_.sldcrt as sldcrt32_38_0_, salesshipm0_.sldocdt as sldocdt33_38_0_, salesshipm0_.sleta as sleta34_38_0_, salesshipm0_.sletd as sletd35_38_0_, salesshipm0_.slexcrt as slexcrt36_38_0_, salesshipm0_.slexid as slexid37_38_0_, salesshipm0_.slead as slead38_38_0_, salesshipm0_.slean as slean39_38_0_, salesshipm0_.sledd as sledd40_38_0_, salesshipm0_.sledn as sledn41_38_0_, salesshipm0_.slexcost as slexcos42_38_0_, salesshipm0_.slexprice as slexpri43_38_0_, salesshipm0_.slfep as slfep44_38_0_, salesshipm0_.slfta as slfta45_38_0_, salesshipm0_.slftb as slftb46_38_0_, salesshipm0_.slfup as slfup47_38_0_, salesshipm0_.slfbd as slfbd48_38_0_, salesshipm0_.slfbn as slfbn49_38_0_, salesshipm0_.slglcls as slglcls50_38_0_, salesshipm0_.slgscrt as slgscrt51_38_0_, salesshipm0_.slir02 as slir52_38_0_, salesshipm0_.slir01 as slir53_38_0_, salesshipm0_.slir03 as slir54_38_0_, salesshipm0_.slitt as slitt55_38_0_, salesshipm0_.sldocidt as sldocid56_38_0_, salesshipm0_.sldocino as sldocin57_38_0_, salesshipm0_.sldocisq as sldocis58_38_0_, salesshipm0_.sldocity as sldocit59_38_0_, salesshipm0_.slinum as slinum60_38_0_, salesshipm0_.sldesb1 as sldesb61_38_0_, salesshipm0_.slitc05 as slitc62_38_0_, salesshipm0_.sllst as sllst63_38_0_, salesshipm0_.sllnty as sllnty64_38_0_, salesshipm0_.sllocid as sllocid65_38_0_, salesshipm0_.slnst as slnst66_38_0_, salesshipm0_.slobid as slobid67_38_0_, salesshipm0_.sldocono as sldocon68_38_0_, salesshipm0_.sldocosq as sldocos69_38_0_, salesshipm0_.sldocoty as sldocot70_38_0_, salesshipm0_.slordocdt as slordoc71_38_0_, salesshipm0_.slordocno as slordoc72_38_0_, salesshipm0_.slordocsq as slordoc73_38_0_, salesshipm0_.slordocty as slordoc74_38_0_, salesshipm0_.slprid as slprid75_38_0_, salesshipm0_.slpyid as slpyid76_38_0_, salesshipm0_.slptc as slptc77_38_0_, salesshipm0_.slpoa as slpoa78_38_0_, salesshipm0_.slpod as slpod79_38_0_, salesshipm0_.slpqot as slpqot80_38_0_, salesshipm0_.sluom1 as sluom81_38_0_, salesshipm0_.slrbuid as slrbuid82_38_0_, salesshipm0_.slpjid as slpjid83_38_0_, salesshipm0_.slqty as slqty84_38_0_, salesshipm0_.slstid as slstid85_38_0_, salesshipm0_.slrecid as slrecid86_38_0_, salesshipm0_.slvr04 as slvr87_38_0_, salesshipm0_.slvr01 as slvr88_38_0_, salesshipm0_.slvr03 as slvr89_38_0_, salesshipm0_.slvr05 as slvr90_38_0_, salesshipm0_.slvr02 as slvr91_38_0_, salesshipm0_.slso03 as slso92_38_0_, salesshipm0_.slso01 as slso93_38_0_, salesshipm0_.slso02 as slso94_38_0_, salesshipm0_.slslid as slslid95_38_0_, salesshipm0_.slsqot as slsqot96_38_0_, salesshipm0_.sluom2 as sluom97_38_0_, salesshipm0_.slsnlot as slsnlot98_38_0_, salesshipm0_.slslrc1 as slslrc99_38_0_, salesshipm0_.slshcn as slshcn100_38_0_, salesshipm0_.sltaxal as sltaxa101_38_0_, salesshipm0_.sltaxam as sltaxa102_38_0_, salesshipm0_.sltaxab as sltaxa103_38_0_, salesshipm0_.sltaxcd as sltaxc104_38_0_, salesshipm0_.sltaxidt as sltaxi105_38_0_, salesshipm0_.sltaxino as sltaxi106_38_0_, salesshipm0_.sltaxrt as sltaxr107_38_0_, salesshipm0_.sldnop as sldnop108_38_0_, salesshipm0_.slinop as slinop109_38_0_, salesshipm0_.slcrct as slcrct110_38_0_, salesshipm0_.slitc03 as slitc111_38_0_, salesshipm0_.slucf as slucf112_38_0_, salesshipm0_.sluncost as slunco113_38_0_, salesshipm0_.sludc as sludc114_38_0_, salesshipm0_.sludf as sludf115_38_0_, salesshipm0_.sluom as sluom116_38_0_, salesshipm0_.slunprice as slunpr117_38_0_, salesshipm0_.slinvdt as slinvd118_38_0_, salesshipm0_.slinvno as slinvn119_38_0_ from t4212 salesshipm0_ where salesshipm0_.slcoid=? and salesshipm0_.sldocno=? and salesshipm0_.sldocty=? and salesshipm0_.sldocsq=?
Hibernate: select count(salesshipm0_.slcoid) as col_0_0_ from t4212 salesshipm0_ where salesshipm0_.slcoid=? and salesshipm0_.sldocno=? and salesshipm0_.sldocty=?
Hibernate: select nextnumber0_.ncdocty as ncdocty1_3_0_, nextnumber0_.nccid as nccid2_3_0_, nextnumber0_.ncdtin as ncdtin3_3_0_, nextnumber0_.nctmin as nctmin4_3_0_, nextnumber0_.ncuid as ncuid5_3_0_, nextnumber0_.ncdtlu as ncdtlu6_3_0_, nextnumber0_.nctmlu as nctmlu7_3_0_, nextnumber0_.ncuidm as ncuidm8_3_0_, nextnumber0_.ncinmo as ncinmo9_3_0_, nextnumber0_.ncinyr as ncinyr10_3_0_, nextnumber0_.ncrsmt as ncrsmt11_3_0_, nextnumber0_.ncrsat as ncrsat12_3_0_ from t0010n nextnumber0_ where nextnumber0_.ncdocty=?
Hibernate: select nextnumber0_.nncoid as nncoid1_0_0_, nextnumber0_.nndocbty as nndocbty2_0_0_, nextnumber0_.nnmo as nnmo3_0_0_, nextnumber0_.nnyr as nnyr4_0_0_, nextnumber0_.nncid as nncid5_0_0_, nextnumber0_.nndtin as nndtin6_0_0_, nextnumber0_.nntmin as nntmin7_0_0_, nextnumber0_.nnuid as nnuid8_0_0_, nextnumber0_.nndtlu as nndtlu9_0_0_, nextnumber0_.nntmlu as nntmlu10_0_0_, nextnumber0_.nnuidm as nnuidm11_0_0_, nextnumber0_.nnseq as nnseq12_0_0_ from t0002 nextnumber0_ where nextnumber0_.nncoid=? and nextnumber0_.nndocbty=? and nextnumber0_.nnmo=? and nextnumber0_.nnyr=?
Hibernate: select nextnumber0_.nncoid as nncoid1_0_0_, nextnumber0_.nndocbty as nndocbty2_0_0_, nextnumber0_.nnmo as nnmo3_0_0_, nextnumber0_.nnyr as nnyr4_0_0_, nextnumber0_.nncid as nncid5_0_0_, nextnumber0_.nndtin as nndtin6_0_0_, nextnumber0_.nntmin as nntmin7_0_0_, nextnumber0_.nnuid as nnuid8_0_0_, nextnumber0_.nndtlu as nndtlu9_0_0_, nextnumber0_.nntmlu as nntmlu10_0_0_, nextnumber0_.nnuidm as nnuidm11_0_0_, nextnumber0_.nnseq as nnseq12_0_0_ from t0002 nextnumber0_ where nextnumber0_.nncoid=? and nextnumber0_.nndocbty=? and nextnumber0_.nnmo=? and nextnumber0_.nnyr=?
Hibernate: select itemmaster0_.iminum as iminum1_31_0_, itemmaster0_.imcid as imcid2_31_0_, itemmaster0_.imdtin as imdtin3_31_0_, itemmaster0_.imtmin as imtmin4_31_0_, itemmaster0_.imuid as imuid5_31_0_, itemmaster0_.imdtlu as imdtlu6_31_0_, itemmaster0_.imtmlu as imtmlu7_31_0_, itemmaster0_.imuidm as imuidm8_31_0_, itemmaster0_.iminumb as iminumb9_31_0_, itemmaster0_.imctm as imctm10_31_0_, itemmaster0_.imitc02 as imitc11_31_0_, itemmaster0_.imitc01 as imitc12_31_0_, itemmaster0_.imitc10 as imitc13_31_0_, itemmaster0_.imitc04 as imitc14_31_0_, itemmaster0_.imitc06 as imitc15_31_0_, itemmaster0_.imitc07 as imitc16_31_0_, itemmaster0_.imitc08 as imitc17_31_0_, itemmaster0_.imitc09 as imitc18_31_0_, itemmaster0_.imitc05 as imitc19_31_0_, itemmaster0_.imslrc0 as imslrc20_31_0_, itemmaster0_.imslrc1 as imslrc21_31_0_, itemmaster0_.imslrc2 as imslrc22_31_0_, itemmaster0_.imslrc3 as imslrc23_31_0_, itemmaster0_.imslrc4 as imslrc24_31_0_, itemmaster0_.imslrc5 as imslrc25_31_0_, itemmaster0_.imslrc6 as imslrc26_31_0_, itemmaster0_.imslrc7 as imslrc27_31_0_, itemmaster0_.imslrc8 as imslrc28_31_0_, itemmaster0_.imslrc9 as imslrc29_31_0_, itemmaster0_.imitc03 as imitc30_31_0_, itemmaster0_.imdesb1 as imdesb31_31_0_, itemmaster0_.imdesd1 as imdesd32_31_0_, itemmaster0_.imglcls as imglcls33_31_0_, itemmaster0_.imicl as imicl34_31_0_, itemmaster0_.imilc as imilc35_31_0_, itemmaster0_.iminums as iminums36_31_0_, itemmaster0_.imipg as imipg37_31_0_, itemmaster0_.imlsc as imlsc38_31_0_, itemmaster0_.imdaqc as imdaqc39_31_0_, itemmaster0_.imgscrt as imgscrt40_31_0_, itemmaster0_.imsiops as imsiops41_31_0_, itemmaster0_.imbpid as imbpid42_31_0_, itemmaster0_.imcsid as imcsid43_31_0_, itemmaster0_.imudf as imudf44_31_0_, itemmaster0_.impmmf as impmmf45_31_0_, itemmaster0_.imrbii as imrbii46_31_0_, itemmaster0_.imrbim as imrbim47_31_0_, itemmaster0_.imrbis as imrbis48_31_0_, itemmaster0_.imvnid as imvnid49_31_0_, itemmaster0_.imtaxpc as imtaxpc50_31_0_, itemmaster0_.imtaxsc as imtaxsc51_31_0_, itemmaster0_.iminump as iminump52_31_0_, itemmaster0_.implg as implg53_31_0_, itemmaster0_.imppl as imppl54_31_0_, itemmaster0_.imspl as imspl55_31_0_, itemmaster0_.imsnr as imsnr56_31_0_, itemmaster0_.imskty as imskty57_31_0_, itemmaster0_.imlnty as imlnty58_31_0_, itemmaster0_.imuom9 as imuom59_31_0_, itemmaster0_.imdppo as imdppo60_31_0_, itemmaster0_.imdlum as imdlum61_31_0_, itemmaster0_.imdlump as imdlump62_31_0_, itemmaster0_.imdlumt as imdlumt63_31_0_, itemmaster0_.imuom5 as imuom64_31_0_, itemmaster0_.imuom1 as imuom65_31_0_, itemmaster0_.imuom8 as imuom66_31_0_, itemmaster0_.imuom3 as imuom67_31_0_, itemmaster0_.imuom4 as imuom68_31_0_, itemmaster0_.imuom2 as imuom69_31_0_, itemmaster0_.imuom6 as imuom70_31_0_, itemmaster0_.imuoms as imuoms71_31_0_, itemmaster0_.imuomt as imuomt72_31_0_, itemmaster0_.imuomv as imuomv73_31_0_, itemmaster0_.imwcf as imwcf74_31_0_, itemmaster0_.imuomw as imuomw75_31_0_, itemmaster0_.imvict as imvict76_31_0_ from t4101 itemmaster0_ where itemmaster0_.iminum=?
Hibernate: select stocktrans0_.itcoid as itcoid1_35_0_, stocktrans0_.itdocno as itdocno2_35_0_, stocktrans0_.itdocty as itdocty3_35_0_, stocktrans0_.itdocsq as itdocsq4_35_0_, stocktrans0_.itcid as itcid5_35_0_, stocktrans0_.itdtin as itdtin6_35_0_, stocktrans0_.ittmin as ittmin7_35_0_, stocktrans0_.ituid as ituid8_35_0_, stocktrans0_.itdtlu as itdtlu9_35_0_, stocktrans0_.ittmlu as ittmlu10_35_0_, stocktrans0_.ituidm as ituidm11_35_0_, stocktrans0_.iticu as iticu12_35_0_, stocktrans0_.itpost as itpost13_35_0_, stocktrans0_.iticut as iticut14_35_0_, stocktrans0_.itanum as itanum15_35_0_, stocktrans0_.itst as itst16_35_0_, stocktrans0_.itbuid as itbuid17_35_0_, stocktrans0_.itdesb2 as itdesb18_35_0_, stocktrans0_.itdocdt as itdocdt19_35_0_, stocktrans0_.itdocmo as itdocmo20_35_0_, stocktrans0_.itdoctm as itdoctm21_35_0_, stocktrans0_.itdocyr as itdocyr22_35_0_, stocktrans0_.itexpdt as itexpdt23_35_0_, stocktrans0_.itexcost as itexcos24_35_0_, stocktrans0_.itft as itft25_35_0_, stocktrans0_.itglcls as itglcls26_35_0_, stocktrans0_.itgldt as itgldt27_35_0_, stocktrans0_.itipcd as itipcd28_35_0_, stocktrans0_.ititt as ititt29_35_0_, stocktrans0_.itinum as itinum30_35_0_, stocktrans0_.itdesb1 as itdesb31_35_0_, stocktrans0_.itlocid as itlocid32_35_0_, stocktrans0_.itobid as itobid33_35_0_, stocktrans0_.itdocono as itdocon34_35_0_, stocktrans0_.itdocosq as itdocos35_35_0_, stocktrans0_.itdocoty as itdocot36_35_0_, stocktrans0_.itpqot as itpqot37_35_0_, stocktrans0_.ituom1 as ituom38_35_0_, stocktrans0_.itqty as itqty39_35_0_, stocktrans0_.itrecid as itrecid40_35_0_, stocktrans0_.itrldocno as itrldoc41_35_0_, stocktrans0_.itrldocsq as itrldoc42_35_0_, stocktrans0_.itrldocty as itrldoc43_35_0_, stocktrans0_.itsqot as itsqot44_35_0_, stocktrans0_.ituom2 as ituom45_35_0_, stocktrans0_.itsnlot as itsnlot46_35_0_, stocktrans0_.itucf as itucf47_35_0_, stocktrans0_.ituncost as ituncos48_35_0_, stocktrans0_.ituom as ituom49_35_0_, stocktrans0_.itdvs as itdvs50_35_0_ from t4111 stocktrans0_ where stocktrans0_.itcoid=? and stocktrans0_.itdocno=? and stocktrans0_.itdocty=? and stocktrans0_.itdocsq=?
Hibernate: select itemmaster0_.iminum as iminum1_31_0_, itemmaster0_.imcid as imcid2_31_0_, itemmaster0_.imdtin as imdtin3_31_0_, itemmaster0_.imtmin as imtmin4_31_0_, itemmaster0_.imuid as imuid5_31_0_, itemmaster0_.imdtlu as imdtlu6_31_0_, itemmaster0_.imtmlu as imtmlu7_31_0_, itemmaster0_.imuidm as imuidm8_31_0_, itemmaster0_.iminumb as iminumb9_31_0_, itemmaster0_.imctm as imctm10_31_0_, itemmaster0_.imitc02 as imitc11_31_0_, itemmaster0_.imitc01 as imitc12_31_0_, itemmaster0_.imitc10 as imitc13_31_0_, itemmaster0_.imitc04 as imitc14_31_0_, itemmaster0_.imitc06 as imitc15_31_0_, itemmaster0_.imitc07 as imitc16_31_0_, itemmaster0_.imitc08 as imitc17_31_0_, itemmaster0_.imitc09 as imitc18_31_0_, itemmaster0_.imitc05 as imitc19_31_0_, itemmaster0_.imslrc0 as imslrc20_31_0_, itemmaster0_.imslrc1 as imslrc21_31_0_, itemmaster0_.imslrc2 as imslrc22_31_0_, itemmaster0_.imslrc3 as imslrc23_31_0_, itemmaster0_.imslrc4 as imslrc24_31_0_, itemmaster0_.imslrc5 as imslrc25_31_0_, itemmaster0_.imslrc6 as imslrc26_31_0_, itemmaster0_.imslrc7 as imslrc27_31_0_, itemmaster0_.imslrc8 as imslrc28_31_0_, itemmaster0_.imslrc9 as imslrc29_31_0_, itemmaster0_.imitc03 as imitc30_31_0_, itemmaster0_.imdesb1 as imdesb31_31_0_, itemmaster0_.imdesd1 as imdesd32_31_0_, itemmaster0_.imglcls as imglcls33_31_0_, itemmaster0_.imicl as imicl34_31_0_, itemmaster0_.imilc as imilc35_31_0_, itemmaster0_.iminums as iminums36_31_0_, itemmaster0_.imipg as imipg37_31_0_, itemmaster0_.imlsc as imlsc38_31_0_, itemmaster0_.imdaqc as imdaqc39_31_0_, itemmaster0_.imgscrt as imgscrt40_31_0_, itemmaster0_.imsiops as imsiops41_31_0_, itemmaster0_.imbpid as imbpid42_31_0_, itemmaster0_.imcsid as imcsid43_31_0_, itemmaster0_.imudf as imudf44_31_0_, itemmaster0_.impmmf as impmmf45_31_0_, itemmaster0_.imrbii as imrbii46_31_0_, itemmaster0_.imrbim as imrbim47_31_0_, itemmaster0_.imrbis as imrbis48_31_0_, itemmaster0_.imvnid as imvnid49_31_0_, itemmaster0_.imtaxpc as imtaxpc50_31_0_, itemmaster0_.imtaxsc as imtaxsc51_31_0_, itemmaster0_.iminump as iminump52_31_0_, itemmaster0_.implg as implg53_31_0_, itemmaster0_.imppl as imppl54_31_0_, itemmaster0_.imspl as imspl55_31_0_, itemmaster0_.imsnr as imsnr56_31_0_, itemmaster0_.imskty as imskty57_31_0_, itemmaster0_.imlnty as imlnty58_31_0_, itemmaster0_.imuom9 as imuom59_31_0_, itemmaster0_.imdppo as imdppo60_31_0_, itemmaster0_.imdlum as imdlum61_31_0_, itemmaster0_.imdlump as imdlump62_31_0_, itemmaster0_.imdlumt as imdlumt63_31_0_, itemmaster0_.imuom5 as imuom64_31_0_, itemmaster0_.imuom1 as imuom65_31_0_, itemmaster0_.imuom8 as imuom66_31_0_, itemmaster0_.imuom3 as imuom67_31_0_, itemmaster0_.imuom4 as imuom68_31_0_, itemmaster0_.imuom2 as imuom69_31_0_, itemmaster0_.imuom6 as imuom70_31_0_, itemmaster0_.imuoms as imuoms71_31_0_, itemmaster0_.imuomt as imuomt72_31_0_, itemmaster0_.imuomv as imuomv73_31_0_, itemmaster0_.imwcf as imwcf74_31_0_, itemmaster0_.imuomw as imuomw75_31_0_, itemmaster0_.imvict as imvict76_31_0_ from t4101 itemmaster0_ where itemmaster0_.iminum=?
Hibernate: select itemmaster0_.iminum as iminum1_31_0_, itemmaster0_.imcid as imcid2_31_0_, itemmaster0_.imdtin as imdtin3_31_0_, itemmaster0_.imtmin as imtmin4_31_0_, itemmaster0_.imuid as imuid5_31_0_, itemmaster0_.imdtlu as imdtlu6_31_0_, itemmaster0_.imtmlu as imtmlu7_31_0_, itemmaster0_.imuidm as imuidm8_31_0_, itemmaster0_.iminumb as iminumb9_31_0_, itemmaster0_.imctm as imctm10_31_0_, itemmaster0_.imitc02 as imitc11_31_0_, itemmaster0_.imitc01 as imitc12_31_0_, itemmaster0_.imitc10 as imitc13_31_0_, itemmaster0_.imitc04 as imitc14_31_0_, itemmaster0_.imitc06 as imitc15_31_0_, itemmaster0_.imitc07 as imitc16_31_0_, itemmaster0_.imitc08 as imitc17_31_0_, itemmaster0_.imitc09 as imitc18_31_0_, itemmaster0_.imitc05 as imitc19_31_0_, itemmaster0_.imslrc0 as imslrc20_31_0_, itemmaster0_.imslrc1 as imslrc21_31_0_, itemmaster0_.imslrc2 as imslrc22_31_0_, itemmaster0_.imslrc3 as imslrc23_31_0_, itemmaster0_.imslrc4 as imslrc24_31_0_, itemmaster0_.imslrc5 as imslrc25_31_0_, itemmaster0_.imslrc6 as imslrc26_31_0_, itemmaster0_.imslrc7 as imslrc27_31_0_, itemmaster0_.imslrc8 as imslrc28_31_0_, itemmaster0_.imslrc9 as imslrc29_31_0_, itemmaster0_.imitc03 as imitc30_31_0_, itemmaster0_.imdesb1 as imdesb31_31_0_, itemmaster0_.imdesd1 as imdesd32_31_0_, itemmaster0_.imglcls as imglcls33_31_0_, itemmaster0_.imicl as imicl34_31_0_, itemmaster0_.imilc as imilc35_31_0_, itemmaster0_.iminums as iminums36_31_0_, itemmaster0_.imipg as imipg37_31_0_, itemmaster0_.imlsc as imlsc38_31_0_, itemmaster0_.imdaqc as imdaqc39_31_0_, itemmaster0_.imgscrt as imgscrt40_31_0_, itemmaster0_.imsiops as imsiops41_31_0_, itemmaster0_.imbpid as imbpid42_31_0_, itemmaster0_.imcsid as imcsid43_31_0_, itemmaster0_.imudf as imudf44_31_0_, itemmaster0_.impmmf as impmmf45_31_0_, itemmaster0_.imrbii as imrbii46_31_0_, itemmaster0_.imrbim as imrbim47_31_0_, itemmaster0_.imrbis as imrbis48_31_0_, itemmaster0_.imvnid as imvnid49_31_0_, itemmaster0_.imtaxpc as imtaxpc50_31_0_, itemmaster0_.imtaxsc as imtaxsc51_31_0_, itemmaster0_.iminump as iminump52_31_0_, itemmaster0_.implg as implg53_31_0_, itemmaster0_.imppl as imppl54_31_0_, itemmaster0_.imspl as imspl55_31_0_, itemmaster0_.imsnr as imsnr56_31_0_, itemmaster0_.imskty as imskty57_31_0_, itemmaster0_.imlnty as imlnty58_31_0_, itemmaster0_.imuom9 as imuom59_31_0_, itemmaster0_.imdppo as imdppo60_31_0_, itemmaster0_.imdlum as imdlum61_31_0_, itemmaster0_.imdlump as imdlump62_31_0_, itemmaster0_.imdlumt as imdlumt63_31_0_, itemmaster0_.imuom5 as imuom64_31_0_, itemmaster0_.imuom1 as imuom65_31_0_, itemmaster0_.imuom8 as imuom66_31_0_, itemmaster0_.imuom3 as imuom67_31_0_, itemmaster0_.imuom4 as imuom68_31_0_, itemmaster0_.imuom2 as imuom69_31_0_, itemmaster0_.imuom6 as imuom70_31_0_, itemmaster0_.imuoms as imuoms71_31_0_, itemmaster0_.imuomt as imuomt72_31_0_, itemmaster0_.imuomv as imuomv73_31_0_, itemmaster0_.imwcf as imwcf74_31_0_, itemmaster0_.imuomw as imuomw75_31_0_, itemmaster0_.imvict as imvict76_31_0_ from t4101 itemmaster0_ where itemmaster0_.iminum=?
Hibernate: select stocktrans0_.itcoid as itcoid1_35_0_, stocktrans0_.itdocno as itdocno2_35_0_, stocktrans0_.itdocty as itdocty3_35_0_, stocktrans0_.itdocsq as itdocsq4_35_0_, stocktrans0_.itcid as itcid5_35_0_, stocktrans0_.itdtin as itdtin6_35_0_, stocktrans0_.ittmin as ittmin7_35_0_, stocktrans0_.ituid as ituid8_35_0_, stocktrans0_.itdtlu as itdtlu9_35_0_, stocktrans0_.ittmlu as ittmlu10_35_0_, stocktrans0_.ituidm as ituidm11_35_0_, stocktrans0_.iticu as iticu12_35_0_, stocktrans0_.itpost as itpost13_35_0_, stocktrans0_.iticut as iticut14_35_0_, stocktrans0_.itanum as itanum15_35_0_, stocktrans0_.itst as itst16_35_0_, stocktrans0_.itbuid as itbuid17_35_0_, stocktrans0_.itdesb2 as itdesb18_35_0_, stocktrans0_.itdocdt as itdocdt19_35_0_, stocktrans0_.itdocmo as itdocmo20_35_0_, stocktrans0_.itdoctm as itdoctm21_35_0_, stocktrans0_.itdocyr as itdocyr22_35_0_, stocktrans0_.itexpdt as itexpdt23_35_0_, stocktrans0_.itexcost as itexcos24_35_0_, stocktrans0_.itft as itft25_35_0_, stocktrans0_.itglcls as itglcls26_35_0_, stocktrans0_.itgldt as itgldt27_35_0_, stocktrans0_.itipcd as itipcd28_35_0_, stocktrans0_.ititt as ititt29_35_0_, stocktrans0_.itinum as itinum30_35_0_, stocktrans0_.itdesb1 as itdesb31_35_0_, stocktrans0_.itlocid as itlocid32_35_0_, stocktrans0_.itobid as itobid33_35_0_, stocktrans0_.itdocono as itdocon34_35_0_, stocktrans0_.itdocosq as itdocos35_35_0_, stocktrans0_.itdocoty as itdocot36_35_0_, stocktrans0_.itpqot as itpqot37_35_0_, stocktrans0_.ituom1 as ituom38_35_0_, stocktrans0_.itqty as itqty39_35_0_, stocktrans0_.itrecid as itrecid40_35_0_, stocktrans0_.itrldocno as itrldoc41_35_0_, stocktrans0_.itrldocsq as itrldoc42_35_0_, stocktrans0_.itrldocty as itrldoc43_35_0_, stocktrans0_.itsqot as itsqot44_35_0_, stocktrans0_.ituom2 as ituom45_35_0_, stocktrans0_.itsnlot as itsnlot46_35_0_, stocktrans0_.itucf as itucf47_35_0_, stocktrans0_.ituncost as ituncos48_35_0_, stocktrans0_.ituom as ituom49_35_0_, stocktrans0_.itdvs as itdvs50_35_0_ from t4111 stocktrans0_ where stocktrans0_.itcoid=? and stocktrans0_.itdocno=? and stocktrans0_.itdocty=? and stocktrans0_.itdocsq=?
Hibernate: select lotmaster0_.ltbuid as ltbuid1_34_, lotmaster0_.ltinum as ltinum2_34_, lotmaster0_.ltsnlot as ltsnlot3_34_, lotmaster0_.ltcid as ltcid4_34_, lotmaster0_.ltdtin as ltdtin5_34_, lotmaster0_.lttmin as lttmin6_34_, lotmaster0_.ltuid as ltuid7_34_, lotmaster0_.ltdtlu as ltdtlu8_34_, lotmaster0_.lttmlu as lttmlu9_34_, lotmaster0_.ltuidm as ltuidm10_34_, lotmaster0_.ltbodt as ltbodt11_34_, lotmaster0_.ltbbdt as ltbbdt12_34_, lotmaster0_.ltcldt as ltcldt13_34_, lotmaster0_.ltexpdt as ltexpdt14_34_, lotmaster0_.ltldsc as ltldsc15_34_, lotmaster0_.ltledt as ltledt16_34_, lotmaster0_.ltlsc as ltlsc17_34_, lotmaster0_.ltmlot1 as ltmlot18_34_, lotmaster0_.ltmlot2 as ltmlot19_34_, lotmaster0_.ltmlot3 as ltmlot20_34_, lotmaster0_.ltohdt as ltohdt21_34_, lotmaster0_.ltsern as ltsern22_34_ from t4108 lotmaster0_ where lotmaster0_.ltbuid=? and lotmaster0_.ltinum=? and lotmaster0_.ltsnlot=? or lotmaster0_.ltbuid=? and lotmaster0_.ltinum=? and lotmaster0_.ltsnlot=? or lotmaster0_.ltbuid=? and lotmaster0_.ltinum=? and lotmaster0_.ltsnlot=?
Hibernate: select salesshipm0_.slcoid as slcoid1_38_0_, salesshipm0_.sldocno as sldocno2_38_0_, salesshipm0_.sldocty as sldocty3_38_0_, salesshipm0_.sldocsq as sldocsq4_38_0_, salesshipm0_.slcid as slcid5_38_0_, salesshipm0_.sldtin as sldtin6_38_0_, salesshipm0_.sltmin as sltmin7_38_0_, salesshipm0_.sluid as sluid8_38_0_, salesshipm0_.sldtlu as sldtlu9_38_0_, salesshipm0_.sltmlu as sltmlu10_38_0_, salesshipm0_.sluidm as sluidm11_38_0_, salesshipm0_.slacid as slacid12_38_0_, salesshipm0_.slata as slata13_38_0_, salesshipm0_.slatd as slatd14_38_0_, salesshipm0_.slcrcb as slcrcb15_38_0_, salesshipm0_.slicu as slicu16_38_0_, salesshipm0_.slicut as slicut17_38_0_, salesshipm0_.slitc02 as slitc18_38_0_, salesshipm0_.slbuid as slbuid19_38_0_, salesshipm0_.slitc01 as slitc20_38_0_, salesshipm0_.slcnid as slcnid21_38_0_, salesshipm0_.slcsid as slcsid22_38_0_, salesshipm0_.slcsdocdt as slcsdoc23_38_0_, salesshipm0_.slcsdocno as slcsdoc24_38_0_, salesshipm0_.sldod as sldod25_38_0_, salesshipm0_.sldol as sldol26_38_0_, salesshipm0_.sldou as sldou27_38_0_, salesshipm0_.sldldt as sldldt28_38_0_, salesshipm0_.sldesc1 as sldesc29_38_0_, salesshipm0_.sldesc2 as sldesc30_38_0_, salesshipm0_.sldccd as sldccd31_38_0_, salesshipm0_.sldcrt as sldcrt32_38_0_, salesshipm0_.sldocdt as sldocdt33_38_0_, salesshipm0_.sleta as sleta34_38_0_, salesshipm0_.sletd as sletd35_38_0_, salesshipm0_.slexcrt as slexcrt36_38_0_, salesshipm0_.slexid as slexid37_38_0_, salesshipm0_.slead as slead38_38_0_, salesshipm0_.slean as slean39_38_0_, salesshipm0_.sledd as sledd40_38_0_, salesshipm0_.sledn as sledn41_38_0_, salesshipm0_.slexcost as slexcos42_38_0_, salesshipm0_.slexprice as slexpri43_38_0_, salesshipm0_.slfep as slfep44_38_0_, salesshipm0_.slfta as slfta45_38_0_, salesshipm0_.slftb as slftb46_38_0_, salesshipm0_.slfup as slfup47_38_0_, salesshipm0_.slfbd as slfbd48_38_0_, salesshipm0_.slfbn as slfbn49_38_0_, salesshipm0_.slglcls as slglcls50_38_0_, salesshipm0_.slgscrt as slgscrt51_38_0_, salesshipm0_.slir02 as slir52_38_0_, salesshipm0_.slir01 as slir53_38_0_, salesshipm0_.slir03 as slir54_38_0_, salesshipm0_.slitt as slitt55_38_0_, salesshipm0_.sldocidt as sldocid56_38_0_, salesshipm0_.sldocino as sldocin57_38_0_, salesshipm0_.sldocisq as sldocis58_38_0_, salesshipm0_.sldocity as sldocit59_38_0_, salesshipm0_.slinum as slinum60_38_0_, salesshipm0_.sldesb1 as sldesb61_38_0_, salesshipm0_.slitc05 as slitc62_38_0_, salesshipm0_.sllst as sllst63_38_0_, salesshipm0_.sllnty as sllnty64_38_0_, salesshipm0_.sllocid as sllocid65_38_0_, salesshipm0_.slnst as slnst66_38_0_, salesshipm0_.slobid as slobid67_38_0_, salesshipm0_.sldocono as sldocon68_38_0_, salesshipm0_.sldocosq as sldocos69_38_0_, salesshipm0_.sldocoty as sldocot70_38_0_, salesshipm0_.slordocdt as slordoc71_38_0_, salesshipm0_.slordocno as slordoc72_38_0_, salesshipm0_.slordocsq as slordoc73_38_0_, salesshipm0_.slordocty as slordoc74_38_0_, salesshipm0_.slprid as slprid75_38_0_, salesshipm0_.slpyid as slpyid76_38_0_, salesshipm0_.slptc as slptc77_38_0_, salesshipm0_.slpoa as slpoa78_38_0_, salesshipm0_.slpod as slpod79_38_0_, salesshipm0_.slpqot as slpqot80_38_0_, salesshipm0_.sluom1 as sluom81_38_0_, salesshipm0_.slrbuid as slrbuid82_38_0_, salesshipm0_.slpjid as slpjid83_38_0_, salesshipm0_.slqty as slqty84_38_0_, salesshipm0_.slstid as slstid85_38_0_, salesshipm0_.slrecid as slrecid86_38_0_, salesshipm0_.slvr04 as slvr87_38_0_, salesshipm0_.slvr01 as slvr88_38_0_, salesshipm0_.slvr03 as slvr89_38_0_, salesshipm0_.slvr05 as slvr90_38_0_, salesshipm0_.slvr02 as slvr91_38_0_, salesshipm0_.slso03 as slso92_38_0_, salesshipm0_.slso01 as slso93_38_0_, salesshipm0_.slso02 as slso94_38_0_, salesshipm0_.slslid as slslid95_38_0_, salesshipm0_.slsqot as slsqot96_38_0_, salesshipm0_.sluom2 as sluom97_38_0_, salesshipm0_.slsnlot as slsnlot98_38_0_, salesshipm0_.slslrc1 as slslrc99_38_0_, salesshipm0_.slshcn as slshcn100_38_0_, salesshipm0_.sltaxal as sltaxa101_38_0_, salesshipm0_.sltaxam as sltaxa102_38_0_, salesshipm0_.sltaxab as sltaxa103_38_0_, salesshipm0_.sltaxcd as sltaxc104_38_0_, salesshipm0_.sltaxidt as sltaxi105_38_0_, salesshipm0_.sltaxino as sltaxi106_38_0_, salesshipm0_.sltaxrt as sltaxr107_38_0_, salesshipm0_.sldnop as sldnop108_38_0_, salesshipm0_.slinop as slinop109_38_0_, salesshipm0_.slcrct as slcrct110_38_0_, salesshipm0_.slitc03 as slitc111_38_0_, salesshipm0_.slucf as slucf112_38_0_, salesshipm0_.sluncost as slunco113_38_0_, salesshipm0_.sludc as sludc114_38_0_, salesshipm0_.sludf as sludf115_38_0_, salesshipm0_.sluom as sluom116_38_0_, salesshipm0_.slunprice as slunpr117_38_0_, salesshipm0_.slinvdt as slinvd118_38_0_, salesshipm0_.slinvno as slinvn119_38_0_ from t4212 salesshipm0_ where salesshipm0_.slcoid=? and salesshipm0_.sldocno=? and salesshipm0_.sldocty=? and salesshipm0_.sldocsq=?
Hibernate: select salesshipm0_.slcoid as slcoid1_38_0_, salesshipm0_.sldocno as sldocno2_38_0_, salesshipm0_.sldocty as sldocty3_38_0_, salesshipm0_.sldocsq as sldocsq4_38_0_, salesshipm0_.slcid as slcid5_38_0_, salesshipm0_.sldtin as sldtin6_38_0_, salesshipm0_.sltmin as sltmin7_38_0_, salesshipm0_.sluid as sluid8_38_0_, salesshipm0_.sldtlu as sldtlu9_38_0_, salesshipm0_.sltmlu as sltmlu10_38_0_, salesshipm0_.sluidm as sluidm11_38_0_, salesshipm0_.slacid as slacid12_38_0_, salesshipm0_.slata as slata13_38_0_, salesshipm0_.slatd as slatd14_38_0_, salesshipm0_.slcrcb as slcrcb15_38_0_, salesshipm0_.slicu as slicu16_38_0_, salesshipm0_.slicut as slicut17_38_0_, salesshipm0_.slitc02 as slitc18_38_0_, salesshipm0_.slbuid as slbuid19_38_0_, salesshipm0_.slitc01 as slitc20_38_0_, salesshipm0_.slcnid as slcnid21_38_0_, salesshipm0_.slcsid as slcsid22_38_0_, salesshipm0_.slcsdocdt as slcsdoc23_38_0_, salesshipm0_.slcsdocno as slcsdoc24_38_0_, salesshipm0_.sldod as sldod25_38_0_, salesshipm0_.sldol as sldol26_38_0_, salesshipm0_.sldou as sldou27_38_0_, salesshipm0_.sldldt as sldldt28_38_0_, salesshipm0_.sldesc1 as sldesc29_38_0_, salesshipm0_.sldesc2 as sldesc30_38_0_, salesshipm0_.sldccd as sldccd31_38_0_, salesshipm0_.sldcrt as sldcrt32_38_0_, salesshipm0_.sldocdt as sldocdt33_38_0_, salesshipm0_.sleta as sleta34_38_0_, salesshipm0_.sletd as sletd35_38_0_, salesshipm0_.slexcrt as slexcrt36_38_0_, salesshipm0_.slexid as slexid37_38_0_, salesshipm0_.slead as slead38_38_0_, salesshipm0_.slean as slean39_38_0_, salesshipm0_.sledd as sledd40_38_0_, salesshipm0_.sledn as sledn41_38_0_, salesshipm0_.slexcost as slexcos42_38_0_, salesshipm0_.slexprice as slexpri43_38_0_, salesshipm0_.slfep as slfep44_38_0_, salesshipm0_.slfta as slfta45_38_0_, salesshipm0_.slftb as slftb46_38_0_, salesshipm0_.slfup as slfup47_38_0_, salesshipm0_.slfbd as slfbd48_38_0_, salesshipm0_.slfbn as slfbn49_38_0_, salesshipm0_.slglcls as slglcls50_38_0_, salesshipm0_.slgscrt as slgscrt51_38_0_, salesshipm0_.slir02 as slir52_38_0_, salesshipm0_.slir01 as slir53_38_0_, salesshipm0_.slir03 as slir54_38_0_, salesshipm0_.slitt as slitt55_38_0_, salesshipm0_.sldocidt as sldocid56_38_0_, salesshipm0_.sldocino as sldocin57_38_0_, salesshipm0_.sldocisq as sldocis58_38_0_, salesshipm0_.sldocity as sldocit59_38_0_, salesshipm0_.slinum as slinum60_38_0_, salesshipm0_.sldesb1 as sldesb61_38_0_, salesshipm0_.slitc05 as slitc62_38_0_, salesshipm0_.sllst as sllst63_38_0_, salesshipm0_.sllnty as sllnty64_38_0_, salesshipm0_.sllocid as sllocid65_38_0_, salesshipm0_.slnst as slnst66_38_0_, salesshipm0_.slobid as slobid67_38_0_, salesshipm0_.sldocono as sldocon68_38_0_, salesshipm0_.sldocosq as sldocos69_38_0_, salesshipm0_.sldocoty as sldocot70_38_0_, salesshipm0_.slordocdt as slordoc71_38_0_, salesshipm0_.slordocno as slordoc72_38_0_, salesshipm0_.slordocsq as slordoc73_38_0_, salesshipm0_.slordocty as slordoc74_38_0_, salesshipm0_.slprid as slprid75_38_0_, salesshipm0_.slpyid as slpyid76_38_0_, salesshipm0_.slptc as slptc77_38_0_, salesshipm0_.slpoa as slpoa78_38_0_, salesshipm0_.slpod as slpod79_38_0_, salesshipm0_.slpqot as slpqot80_38_0_, salesshipm0_.sluom1 as sluom81_38_0_, salesshipm0_.slrbuid as slrbuid82_38_0_, salesshipm0_.slpjid as slpjid83_38_0_, salesshipm0_.slqty as slqty84_38_0_, salesshipm0_.slstid as slstid85_38_0_, salesshipm0_.slrecid as slrecid86_38_0_, salesshipm0_.slvr04 as slvr87_38_0_, salesshipm0_.slvr01 as slvr88_38_0_, salesshipm0_.slvr03 as slvr89_38_0_, salesshipm0_.slvr05 as slvr90_38_0_, salesshipm0_.slvr02 as slvr91_38_0_, salesshipm0_.slso03 as slso92_38_0_, salesshipm0_.slso01 as slso93_38_0_, salesshipm0_.slso02 as slso94_38_0_, salesshipm0_.slslid as slslid95_38_0_, salesshipm0_.slsqot as slsqot96_38_0_, salesshipm0_.sluom2 as sluom97_38_0_, salesshipm0_.slsnlot as slsnlot98_38_0_, salesshipm0_.slslrc1 as slslrc99_38_0_, salesshipm0_.slshcn as slshcn100_38_0_, salesshipm0_.sltaxal as sltaxa101_38_0_, salesshipm0_.sltaxam as sltaxa102_38_0_, salesshipm0_.sltaxab as sltaxa103_38_0_, salesshipm0_.sltaxcd as sltaxc104_38_0_, salesshipm0_.sltaxidt as sltaxi105_38_0_, salesshipm0_.sltaxino as sltaxi106_38_0_, salesshipm0_.sltaxrt as sltaxr107_38_0_, salesshipm0_.sldnop as sldnop108_38_0_, salesshipm0_.slinop as slinop109_38_0_, salesshipm0_.slcrct as slcrct110_38_0_, salesshipm0_.slitc03 as slitc111_38_0_, salesshipm0_.slucf as slucf112_38_0_, salesshipm0_.sluncost as slunco113_38_0_, salesshipm0_.sludc as sludc114_38_0_, salesshipm0_.sludf as sludf115_38_0_, salesshipm0_.sluom as sluom116_38_0_, salesshipm0_.slunprice as slunpr117_38_0_, salesshipm0_.slinvdt as slinvd118_38_0_, salesshipm0_.slinvno as slinvn119_38_0_ from t4212 salesshipm0_ where salesshipm0_.slcoid=? and salesshipm0_.sldocno=? and salesshipm0_.sldocty=? and salesshipm0_.sldocsq=?
Hibernate: select salesshipm0_.slcoid as slcoid1_38_0_, salesshipm0_.sldocno as sldocno2_38_0_, salesshipm0_.sldocty as sldocty3_38_0_, salesshipm0_.sldocsq as sldocsq4_38_0_, salesshipm0_.slcid as slcid5_38_0_, salesshipm0_.sldtin as sldtin6_38_0_, salesshipm0_.sltmin as sltmin7_38_0_, salesshipm0_.sluid as sluid8_38_0_, salesshipm0_.sldtlu as sldtlu9_38_0_, salesshipm0_.sltmlu as sltmlu10_38_0_, salesshipm0_.sluidm as sluidm11_38_0_, salesshipm0_.slacid as slacid12_38_0_, salesshipm0_.slata as slata13_38_0_, salesshipm0_.slatd as slatd14_38_0_, salesshipm0_.slcrcb as slcrcb15_38_0_, salesshipm0_.slicu as slicu16_38_0_, salesshipm0_.slicut as slicut17_38_0_, salesshipm0_.slitc02 as slitc18_38_0_, salesshipm0_.slbuid as slbuid19_38_0_, salesshipm0_.slitc01 as slitc20_38_0_, salesshipm0_.slcnid as slcnid21_38_0_, salesshipm0_.slcsid as slcsid22_38_0_, salesshipm0_.slcsdocdt as slcsdoc23_38_0_, salesshipm0_.slcsdocno as slcsdoc24_38_0_, salesshipm0_.sldod as sldod25_38_0_, salesshipm0_.sldol as sldol26_38_0_, salesshipm0_.sldou as sldou27_38_0_, salesshipm0_.sldldt as sldldt28_38_0_, salesshipm0_.sldesc1 as sldesc29_38_0_, salesshipm0_.sldesc2 as sldesc30_38_0_, salesshipm0_.sldccd as sldccd31_38_0_, salesshipm0_.sldcrt as sldcrt32_38_0_, salesshipm0_.sldocdt as sldocdt33_38_0_, salesshipm0_.sleta as sleta34_38_0_, salesshipm0_.sletd as sletd35_38_0_, salesshipm0_.slexcrt as slexcrt36_38_0_, salesshipm0_.slexid as slexid37_38_0_, salesshipm0_.slead as slead38_38_0_, salesshipm0_.slean as slean39_38_0_, salesshipm0_.sledd as sledd40_38_0_, salesshipm0_.sledn as sledn41_38_0_, salesshipm0_.slexcost as slexcos42_38_0_, salesshipm0_.slexprice as slexpri43_38_0_, salesshipm0_.slfep as slfep44_38_0_, salesshipm0_.slfta as slfta45_38_0_, salesshipm0_.slftb as slftb46_38_0_, salesshipm0_.slfup as slfup47_38_0_, salesshipm0_.slfbd as slfbd48_38_0_, salesshipm0_.slfbn as slfbn49_38_0_, salesshipm0_.slglcls as slglcls50_38_0_, salesshipm0_.slgscrt as slgscrt51_38_0_, salesshipm0_.slir02 as slir52_38_0_, salesshipm0_.slir01 as slir53_38_0_, salesshipm0_.slir03 as slir54_38_0_, salesshipm0_.slitt as slitt55_38_0_, salesshipm0_.sldocidt as sldocid56_38_0_, salesshipm0_.sldocino as sldocin57_38_0_, salesshipm0_.sldocisq as sldocis58_38_0_, salesshipm0_.sldocity as sldocit59_38_0_, salesshipm0_.slinum as slinum60_38_0_, salesshipm0_.sldesb1 as sldesb61_38_0_, salesshipm0_.slitc05 as slitc62_38_0_, salesshipm0_.sllst as sllst63_38_0_, salesshipm0_.sllnty as sllnty64_38_0_, salesshipm0_.sllocid as sllocid65_38_0_, salesshipm0_.slnst as slnst66_38_0_, salesshipm0_.slobid as slobid67_38_0_, salesshipm0_.sldocono as sldocon68_38_0_, salesshipm0_.sldocosq as sldocos69_38_0_, salesshipm0_.sldocoty as sldocot70_38_0_, salesshipm0_.slordocdt as slordoc71_38_0_, salesshipm0_.slordocno as slordoc72_38_0_, salesshipm0_.slordocsq as slordoc73_38_0_, salesshipm0_.slordocty as slordoc74_38_0_, salesshipm0_.slprid as slprid75_38_0_, salesshipm0_.slpyid as slpyid76_38_0_, salesshipm0_.slptc as slptc77_38_0_, salesshipm0_.slpoa as slpoa78_38_0_, salesshipm0_.slpod as slpod79_38_0_, salesshipm0_.slpqot as slpqot80_38_0_, salesshipm0_.sluom1 as sluom81_38_0_, salesshipm0_.slrbuid as slrbuid82_38_0_, salesshipm0_.slpjid as slpjid83_38_0_, salesshipm0_.slqty as slqty84_38_0_, salesshipm0_.slstid as slstid85_38_0_, salesshipm0_.slrecid as slrecid86_38_0_, salesshipm0_.slvr04 as slvr87_38_0_, salesshipm0_.slvr01 as slvr88_38_0_, salesshipm0_.slvr03 as slvr89_38_0_, salesshipm0_.slvr05 as slvr90_38_0_, salesshipm0_.slvr02 as slvr91_38_0_, salesshipm0_.slso03 as slso92_38_0_, salesshipm0_.slso01 as slso93_38_0_, salesshipm0_.slso02 as slso94_38_0_, salesshipm0_.slslid as slslid95_38_0_, salesshipm0_.slsqot as slsqot96_38_0_, salesshipm0_.sluom2 as sluom97_38_0_, salesshipm0_.slsnlot as slsnlot98_38_0_, salesshipm0_.slslrc1 as slslrc99_38_0_, salesshipm0_.slshcn as slshcn100_38_0_, salesshipm0_.sltaxal as sltaxa101_38_0_, salesshipm0_.sltaxam as sltaxa102_38_0_, salesshipm0_.sltaxab as sltaxa103_38_0_, salesshipm0_.sltaxcd as sltaxc104_38_0_, salesshipm0_.sltaxidt as sltaxi105_38_0_, salesshipm0_.sltaxino as sltaxi106_38_0_, salesshipm0_.sltaxrt as sltaxr107_38_0_, salesshipm0_.sldnop as sldnop108_38_0_, salesshipm0_.slinop as slinop109_38_0_, salesshipm0_.slcrct as slcrct110_38_0_, salesshipm0_.slitc03 as slitc111_38_0_, salesshipm0_.slucf as slucf112_38_0_, salesshipm0_.sluncost as slunco113_38_0_, salesshipm0_.sludc as sludc114_38_0_, salesshipm0_.sludf as sludf115_38_0_, salesshipm0_.sluom as sluom116_38_0_, salesshipm0_.slunprice as slunpr117_38_0_, salesshipm0_.slinvdt as slinvd118_38_0_, salesshipm0_.slinvno as slinvn119_38_0_ from t4212 salesshipm0_ where salesshipm0_.slcoid=? and salesshipm0_.sldocno=? and salesshipm0_.sldocty=? and salesshipm0_.sldocsq=?
Hibernate: insert into t4111 (itcid, itdtin, ittmin, ituid, itdtlu, ittmlu, ituidm, iticu, itpost, iticut, itanum, itst, itbuid, itdesb2, itdocdt, itdocmo, itdoctm, itdocyr, itexpdt, itexcost, itft, itglcls, itgldt, itipcd, ititt, itinum, itdesb1, itlocid, itobid, itdocono, itdocosq, itdocoty, itpqot, ituom1, itqty, itrecid, itrldocno, itrldocsq, itrldocty, itsqot, ituom2, itsnlot, itucf, ituncost, ituom, itdvs, itcoid, itdocno, itdocty, itdocsq) values (?, ?, ?, ?, ?, ?, ?, ?, ?, ?, ?, ?, ?, ?, ?, ?, ?, ?, ?, ?, ?, ?, ?, ?, ?, ?, ?, ?, ?, ?, ?, ?, ?, ?, ?, ?, ?, ?, ?, ?, ?, ?, ?, ?, ?, ?, ?, ?, ?, ?)
Hibernate: insert into t4111 (itcid, itdtin, ittmin, ituid, itdtlu, ittmlu, ituidm, iticu, itpost, iticut, itanum, itst, itbuid, itdesb2, itdocdt, itdocmo, itdoctm, itdocyr, itexpdt, itexcost, itft, itglcls, itgldt, itipcd, ititt, itinum, itdesb1, itlocid, itobid, itdocono, itdocosq, itdocoty, itpqot, ituom1, itqty, itrecid, itrldocno, itrldocsq, itrldocty, itsqot, ituom2, itsnlot, itucf, ituncost, ituom, itdvs, itcoid, itdocno, itdocty, itdocsq) values (?, ?, ?, ?, ?, ?, ?, ?, ?, ?, ?, ?, ?, ?, ?, ?, ?, ?, ?, ?, ?, ?, ?, ?, ?, ?, ?, ?, ?, ?, ?, ?, ?, ?, ?, ?, ?, ?, ?, ?, ?, ?, ?, ?, ?, ?, ?, ?, ?, ?)
Hibernate: insert into t4212 (slcid, sldtin, sltmin, sluid, sldtlu, sltmlu, sluidm, slacid, slata, slatd, slcrcb, slicu, slicut, slitc02, slbuid, slitc01, slcnid, slcsid, slcsdocdt, slcsdocno, sldod, sldol, sldou, sldldt, sldesc1, sldesc2, sldccd, sldcrt, sldocdt, sleta, sletd, slexcrt, slexid, slead, slean, sledd, sledn, slexcost, slexprice, slfep, slfta, slftb, slfup, slfbd, slfbn, slglcls, slgscrt, slir02, slir01, slir03, slitt, sldocidt, sldocino, sldocisq, sldocity, slinum, sldesb1, slitc05, sllst, sllnty, sllocid, slnst, slobid, sldocono, sldocosq, sldocoty, slordocdt, slordocno, slordocsq, slordocty, slprid, slpyid, slptc, slpoa, slpod, slpqot, sluom1, slrbuid, slpjid, slqty, slstid, slrecid, slvr04, slvr01, slvr03, slvr05, slvr02, slso03, slso01, slso02, slslid, slsqot, sluom2, slsnlot, slslrc1, slshcn, sltaxal, sltaxam, sltaxab, sltaxcd, sltaxidt, sltaxino, sltaxrt, sldnop, slinop, slcrct, slitc03, slucf, sluncost, sludc, sludf, sluom, slunprice, slinvdt, slinvno, slcoid, sldocno, sldocty, sldocsq) values (?, ?, ?, ?, ?, ?, ?, ?, ?, ?, ?, ?, ?, ?, ?, ?, ?, ?, ?, ?, ?, ?, ?, ?, ?, ?, ?, ?, ?, ?, ?, ?, ?, ?, ?, ?, ?, ?, ?, ?, ?, ?, ?, ?, ?, ?, ?, ?, ?, ?, ?, ?, ?, ?, ?, ?, ?, ?, ?, ?, ?, ?, ?, ?, ?, ?, ?, ?, ?, ?, ?, ?, ?, ?, ?, ?, ?, ?, ?, ?, ?, ?, ?, ?, ?, ?, ?, ?, ?, ?, ?, ?, ?, ?, ?, ?, ?, ?, ?, ?, ?, ?, ?, ?, ?, ?, ?, ?, ?, ?, ?, ?, ?, ?, ?, ?, ?, ?, ?)
Hibernate: insert into t4212 (slcid, sldtin, sltmin, sluid, sldtlu, sltmlu, sluidm, slacid, slata, slatd, slcrcb, slicu, slicut, slitc02, slbuid, slitc01, slcnid, slcsid, slcsdocdt, slcsdocno, sldod, sldol, sldou, sldldt, sldesc1, sldesc2, sldccd, sldcrt, sldocdt, sleta, sletd, slexcrt, slexid, slead, slean, sledd, sledn, slexcost, slexprice, slfep, slfta, slftb, slfup, slfbd, slfbn, slglcls, slgscrt, slir02, slir01, slir03, slitt, sldocidt, sldocino, sldocisq, sldocity, slinum, sldesb1, slitc05, sllst, sllnty, sllocid, slnst, slobid, sldocono, sldocosq, sldocoty, slordocdt, slordocno, slordocsq, slordocty, slprid, slpyid, slptc, slpoa, slpod, slpqot, sluom1, slrbuid, slpjid, slqty, slstid, slrecid, slvr04, slvr01, slvr03, slvr05, slvr02, slso03, slso01, slso02, slslid, slsqot, sluom2, slsnlot, slslrc1, slshcn, sltaxal, sltaxam, sltaxab, sltaxcd, sltaxidt, sltaxino, sltaxrt, sldnop, slinop, slcrct, slitc03, slucf, sluncost, sludc, sludf, sluom, slunprice, slinvdt, slinvno, slcoid, sldocno, sldocty, sldocsq) values (?, ?, ?, ?, ?, ?, ?, ?, ?, ?, ?, ?, ?, ?, ?, ?, ?, ?, ?, ?, ?, ?, ?, ?, ?, ?, ?, ?, ?, ?, ?, ?, ?, ?, ?, ?, ?, ?, ?, ?, ?, ?, ?, ?, ?, ?, ?, ?, ?, ?, ?, ?, ?, ?, ?, ?, ?, ?, ?, ?, ?, ?, ?, ?, ?, ?, ?, ?, ?, ?, ?, ?, ?, ?, ?, ?, ?, ?, ?, ?, ?, ?, ?, ?, ?, ?, ?, ?, ?, ?, ?, ?, ?, ?, ?, ?, ?, ?, ?, ?, ?, ?, ?, ?, ?, ?, ?, ?, ?, ?, ?, ?, ?, ?, ?, ?, ?, ?, ?)
Hibernate: insert into t4212 (slcid, sldtin, sltmin, sluid, sldtlu, sltmlu, sluidm, slacid, slata, slatd, slcrcb, slicu, slicut, slitc02, slbuid, slitc01, slcnid, slcsid, slcsdocdt, slcsdocno, sldod, sldol, sldou, sldldt, sldesc1, sldesc2, sldccd, sldcrt, sldocdt, sleta, sletd, slexcrt, slexid, slead, slean, sledd, sledn, slexcost, slexprice, slfep, slfta, slftb, slfup, slfbd, slfbn, slglcls, slgscrt, slir02, slir01, slir03, slitt, sldocidt, sldocino, sldocisq, sldocity, slinum, sldesb1, slitc05, sllst, sllnty, sllocid, slnst, slobid, sldocono, sldocosq, sldocoty, slordocdt, slordocno, slordocsq, slordocty, slprid, slpyid, slptc, slpoa, slpod, slpqot, sluom1, slrbuid, slpjid, slqty, slstid, slrecid, slvr04, slvr01, slvr03, slvr05, slvr02, slso03, slso01, slso02, slslid, slsqot, sluom2, slsnlot, slslrc1, slshcn, sltaxal, sltaxam, sltaxab, sltaxcd, sltaxidt, sltaxino, sltaxrt, sldnop, slinop, slcrct, slitc03, slucf, sluncost, sludc, sludf, sluom, slunprice, slinvdt, slinvno, slcoid, sldocno, sldocty, sldocsq) values (?, ?, ?, ?, ?, ?, ?, ?, ?, ?, ?, ?, ?, ?, ?, ?, ?, ?, ?, ?, ?, ?, ?, ?, ?, ?, ?, ?, ?, ?, ?, ?, ?, ?, ?, ?, ?, ?, ?, ?, ?, ?, ?, ?, ?, ?, ?, ?, ?, ?, ?, ?, ?, ?, ?, ?, ?, ?, ?, ?, ?, ?, ?, ?, ?, ?, ?, ?, ?, ?, ?, ?, ?, ?, ?, ?, ?, ?, ?, ?, ?, ?, ?, ?, ?, ?, ?, ?, ?, ?, ?, ?, ?, ?, ?, ?, ?, ?, ?, ?, ?, ?, ?, ?, ?, ?, ?, ?, ?, ?, ?, ?, ?, ?, ?, ?, ?, ?, ?)
Hibernate: update t4211 set sdcid=?, sddtlu=?, sdtmlu=?, sduidm=?, sdacid=?, sdcrcb=?, sditc02=?, sdbuid=?, sdqtycl=?, sditc01=?, sdcldt=?, sdcnid=?, sdcsid=?, sddldt=?, sddccd=?, sddcrt=?, sdexcrt=?, sdexid=?, sdexcost=?, sdexprice=?, sdqtyx=?, sducfx=?, sduomx=?, sdunpricex=?, sdfep=?, sdfta=?, sdftb=?, sdfup=?, sdglcls=?, sdgldt=?, sdgscrt=?, sdhcod=?, sdir02=?, sdir01=?, sdir03=?, sdinum=?, sddesb1=?, sditc05=?, sdlst=?, sdlnty=?, sdlocid=?, sdnst=?, sdobid=?, sdqtyop=?, sdordt=?, sdott=?, sdordocdt=?, sdordocno=?, sdordocsq=?, sdordocty=?, sdprid=?, sdpyid=?, sdptc=?, sdpqor=?, sduom1=?, sdrbuid=?, sdpjid=?, sdpddt=?, sdqty=?, sdstid=?, sdvr04=?, sdvr01=?, sdvr03=?, sdvr05=?, sdvr02=?, sdrldocno=?, sdrldocsq=?, sdrldocty=?, sdrqdt=?, sdqtyrn=?, sdso03=?, sdso01=?, sdso02=?, sdslid=?, sdsqor=?, sduom2=?, sdsnlot=?, sdslrc1=?, sdqtysh=?, sdtaxal=?, sdtaxam=?, sdtaxab=?, sdtaxcd=?, sdtaxrt=?, sdcrct=?, sditc03=?, sducf=?, sduncost=?, sdudc=?, sdudf=?, sduom=?, sdunprice=?, sdurnb1=?, sdurnb2=?, sdvhrn=?, sdvhty=?, sdqtyvl=?, sduomv=?, sdqtywt=?, sduomw=? where sdcoid=? and sddocono=? and sddocosq=? and sddocoty=?
Hibernate: update t4211 set sdcid=?, sddtlu=?, sdtmlu=?, sduidm=?, sdacid=?, sdcrcb=?, sditc02=?, sdbuid=?, sdqtycl=?, sditc01=?, sdcldt=?, sdcnid=?, sdcsid=?, sddldt=?, sddccd=?, sddcrt=?, sdexcrt=?, sdexid=?, sdexcost=?, sdexprice=?, sdqtyx=?, sducfx=?, sduomx=?, sdunpricex=?, sdfep=?, sdfta=?, sdftb=?, sdfup=?, sdglcls=?, sdgldt=?, sdgscrt=?, sdhcod=?, sdir02=?, sdir01=?, sdir03=?, sdinum=?, sddesb1=?, sditc05=?, sdlst=?, sdlnty=?, sdlocid=?, sdnst=?, sdobid=?, sdqtyop=?, sdordt=?, sdott=?, sdordocdt=?, sdordocno=?, sdordocsq=?, sdordocty=?, sdprid=?, sdpyid=?, sdptc=?, sdpqor=?, sduom1=?, sdrbuid=?, sdpjid=?, sdpddt=?, sdqty=?, sdstid=?, sdvr04=?, sdvr01=?, sdvr03=?, sdvr05=?, sdvr02=?, sdrldocno=?, sdrldocsq=?, sdrldocty=?, sdrqdt=?, sdqtyrn=?, sdso03=?, sdso01=?, sdso02=?, sdslid=?, sdsqor=?, sduom2=?, sdsnlot=?, sdslrc1=?, sdqtysh=?, sdtaxal=?, sdtaxam=?, sdtaxab=?, sdtaxcd=?, sdtaxrt=?, sdcrct=?, sditc03=?, sducf=?, sduncost=?, sdudc=?, sdudf=?, sduom=?, sdunprice=?, sdurnb1=?, sdurnb2=?, sdvhrn=?, sdvhty=?, sdqtyvl=?, sduomv=?, sdqtywt=?, sduomw=? where sdcoid=? and sddocono=? and sddocosq=? and sddocoty=?
Hibernate: update t4211 set sdcid=?, sddtlu=?, sdtmlu=?, sduidm=?, sdacid=?, sdcrcb=?, sditc02=?, sdbuid=?, sdqtycl=?, sditc01=?, sdcldt=?, sdcnid=?, sdcsid=?, sddldt=?, sddccd=?, sddcrt=?, sdexcrt=?, sdexid=?, sdexcost=?, sdexprice=?, sdqtyx=?, sducfx=?, sduomx=?, sdunpricex=?, sdfep=?, sdfta=?, sdftb=?, sdfup=?, sdglcls=?, sdgldt=?, sdgscrt=?, sdhcod=?, sdir02=?, sdir01=?, sdir03=?, sdinum=?, sddesb1=?, sditc05=?, sdlst=?, sdlnty=?, sdlocid=?, sdnst=?, sdobid=?, sdqtyop=?, sdordt=?, sdott=?, sdordocdt=?, sdordocno=?, sdordocsq=?, sdordocty=?, sdprid=?, sdpyid=?, sdptc=?, sdpqor=?, sduom1=?, sdrbuid=?, sdpjid=?, sdpddt=?, sdqty=?, sdstid=?, sdvr04=?, sdvr01=?, sdvr03=?, sdvr05=?, sdvr02=?, sdrldocno=?, sdrldocsq=?, sdrldocty=?, sdrqdt=?, sdqtyrn=?, sdso03=?, sdso01=?, sdso02=?, sdslid=?, sdsqor=?, sduom2=?, sdsnlot=?, sdslrc1=?, sdqtysh=?, sdtaxal=?, sdtaxam=?, sdtaxab=?, sdtaxcd=?, sdtaxrt=?, sdcrct=?, sditc03=?, sducf=?, sduncost=?, sdudc=?, sdudf=?, sduom=?, sdunprice=?, sdurnb1=?, sdurnb2=?, sdvhrn=?, sdvhty=?, sdqtyvl=?, sduomv=?, sdqtywt=?, sduomw=? where sdcoid=? and sddocono=? and sddocosq=? and sddocoty=?
Hibernate: update t0002 set nncid=?, nndtlu=?, nntmlu=?, nnuidm=?, nnseq=? where nncoid=? and nndocbty=? and nnmo=? and nnyr=?
Hibernate: update t4108 set ltcid=?, ltdtlu=?, lttmlu=?, ltuidm=?, ltbodt=?, ltbbdt=?, ltcldt=?, ltexpdt=?, ltldsc=?, ltledt=?, ltlsc=?, ltmlot1=?, ltmlot2=?, ltmlot3=?, ltohdt=?, ltsern=? where ltbuid=? and ltinum=? and ltsnlot=?
Hibernate: update t4108 set ltcid=?, ltdtlu=?, lttmlu=?, ltuidm=?, ltbodt=?, ltbbdt=?, ltcldt=?, ltexpdt=?, ltldsc=?, ltledt=?, ltlsc=?, ltmlot1=?, ltmlot2=?, ltmlot3=?, ltohdt=?, ltsern=? where ltbuid=? and ltinum=? and ltsnlot=?
Hibernate: update t4108 set ltcid=?, ltdtlu=?, lttmlu=?, ltuidm=?, ltbodt=?, ltbbdt=?, ltcldt=?, ltexpdt=?, ltldsc=?, ltledt=?, ltlsc=?, ltmlot1=?, ltmlot2=?, ltmlot3=?, ltohdt=?, ltsern=? where ltbuid=? and ltinum=? and ltsnlot=?
Hibernate: insert into transaction_serialnumbers (coid, docno, docty, docsq, buid, inum, snlot) values (?, ?, ?, ?, ?, ?, ?)
Hibernate: insert into transaction_serialnumbers (coid, docno, docty, docsq, buid, inum, snlot) values (?, ?, ?, ?, ?, ?, ?)
Hibernate: insert into transaction_serialnumbers (coid, docno, docty, docsq, buid, inum, snlot) values (?, ?, ?, ?, ?, ?, ?)
Hibernate: select salesshipm0_.slcoid as slcoid1_38_0_, salesshipm0_.sldocno as sldocno2_38_0_, salesshipm0_.sldocty as sldocty3_38_0_, salesshipm0_.sldocsq as sldocsq4_38_0_, salesshipm0_.slcid as slcid5_38_0_, salesshipm0_.sldtin as sldtin6_38_0_, salesshipm0_.sltmin as sltmin7_38_0_, salesshipm0_.sluid as sluid8_38_0_, salesshipm0_.sldtlu as sldtlu9_38_0_, salesshipm0_.sltmlu as sltmlu10_38_0_, salesshipm0_.sluidm as sluidm11_38_0_, salesshipm0_.slacid as slacid12_38_0_, salesshipm0_.slata as slata13_38_0_, salesshipm0_.slatd as slatd14_38_0_, salesshipm0_.slcrcb as slcrcb15_38_0_, salesshipm0_.slicu as slicu16_38_0_, salesshipm0_.slicut as slicut17_38_0_, salesshipm0_.slitc02 as slitc18_38_0_, salesshipm0_.slbuid as slbuid19_38_0_, salesshipm0_.slitc01 as slitc20_38_0_, salesshipm0_.slcnid as slcnid21_38_0_, salesshipm0_.slcsid as slcsid22_38_0_, salesshipm0_.slcsdocdt as slcsdoc23_38_0_, salesshipm0_.slcsdocno as slcsdoc24_38_0_, salesshipm0_.sldod as sldod25_38_0_, salesshipm0_.sldol as sldol26_38_0_, salesshipm0_.sldou as sldou27_38_0_, salesshipm0_.sldldt as sldldt28_38_0_, salesshipm0_.sldesc1 as sldesc29_38_0_, salesshipm0_.sldesc2 as sldesc30_38_0_, salesshipm0_.sldccd as sldccd31_38_0_, salesshipm0_.sldcrt as sldcrt32_38_0_, salesshipm0_.sldocdt as sldocdt33_38_0_, salesshipm0_.sleta as sleta34_38_0_, salesshipm0_.sletd as sletd35_38_0_, salesshipm0_.slexcrt as slexcrt36_38_0_, salesshipm0_.slexid as slexid37_38_0_, salesshipm0_.slead as slead38_38_0_, salesshipm0_.slean as slean39_38_0_, salesshipm0_.sledd as sledd40_38_0_, salesshipm0_.sledn as sledn41_38_0_, salesshipm0_.slexcost as slexcos42_38_0_, salesshipm0_.slexprice as slexpri43_38_0_, salesshipm0_.slfep as slfep44_38_0_, salesshipm0_.slfta as slfta45_38_0_, salesshipm0_.slftb as slftb46_38_0_, salesshipm0_.slfup as slfup47_38_0_, salesshipm0_.slfbd as slfbd48_38_0_, salesshipm0_.slfbn as slfbn49_38_0_, salesshipm0_.slglcls as slglcls50_38_0_, salesshipm0_.slgscrt as slgscrt51_38_0_, salesshipm0_.slir02 as slir52_38_0_, salesshipm0_.slir01 as slir53_38_0_, salesshipm0_.slir03 as slir54_38_0_, salesshipm0_.slitt as slitt55_38_0_, salesshipm0_.sldocidt as sldocid56_38_0_, salesshipm0_.sldocino as sldocin57_38_0_, salesshipm0_.sldocisq as sldocis58_38_0_, salesshipm0_.sldocity as sldocit59_38_0_, salesshipm0_.slinum as slinum60_38_0_, salesshipm0_.sldesb1 as sldesb61_38_0_, salesshipm0_.slitc05 as slitc62_38_0_, salesshipm0_.sllst as sllst63_38_0_, salesshipm0_.sllnty as sllnty64_38_0_, salesshipm0_.sllocid as sllocid65_38_0_, salesshipm0_.slnst as slnst66_38_0_, salesshipm0_.slobid as slobid67_38_0_, salesshipm0_.sldocono as sldocon68_38_0_, salesshipm0_.sldocosq as sldocos69_38_0_, salesshipm0_.sldocoty as sldocot70_38_0_, salesshipm0_.slordocdt as slordoc71_38_0_, salesshipm0_.slordocno as slordoc72_38_0_, salesshipm0_.slordocsq as slordoc73_38_0_, salesshipm0_.slordocty as slordoc74_38_0_, salesshipm0_.slprid as slprid75_38_0_, salesshipm0_.slpyid as slpyid76_38_0_, salesshipm0_.slptc as slptc77_38_0_, salesshipm0_.slpoa as slpoa78_38_0_, salesshipm0_.slpod as slpod79_38_0_, salesshipm0_.slpqot as slpqot80_38_0_, salesshipm0_.sluom1 as sluom81_38_0_, salesshipm0_.slrbuid as slrbuid82_38_0_, salesshipm0_.slpjid as slpjid83_38_0_, salesshipm0_.slqty as slqty84_38_0_, salesshipm0_.slstid as slstid85_38_0_, salesshipm0_.slrecid as slrecid86_38_0_, salesshipm0_.slvr04 as slvr87_38_0_, salesshipm0_.slvr01 as slvr88_38_0_, salesshipm0_.slvr03 as slvr89_38_0_, salesshipm0_.slvr05 as slvr90_38_0_, salesshipm0_.slvr02 as slvr91_38_0_, salesshipm0_.slso03 as slso92_38_0_, salesshipm0_.slso01 as slso93_38_0_, salesshipm0_.slso02 as slso94_38_0_, salesshipm0_.slslid as slslid95_38_0_, salesshipm0_.slsqot as slsqot96_38_0_, salesshipm0_.sluom2 as sluom97_38_0_, salesshipm0_.slsnlot as slsnlot98_38_0_, salesshipm0_.slslrc1 as slslrc99_38_0_, salesshipm0_.slshcn as slshcn100_38_0_, salesshipm0_.sltaxal as sltaxa101_38_0_, salesshipm0_.sltaxam as sltaxa102_38_0_, salesshipm0_.sltaxab as sltaxa103_38_0_, salesshipm0_.sltaxcd as sltaxc104_38_0_, salesshipm0_.sltaxidt as sltaxi105_38_0_, salesshipm0_.sltaxino as sltaxi106_38_0_, salesshipm0_.sltaxrt as sltaxr107_38_0_, salesshipm0_.sldnop as sldnop108_38_0_, salesshipm0_.slinop as slinop109_38_0_, salesshipm0_.slcrct as slcrct110_38_0_, salesshipm0_.slitc03 as slitc111_38_0_, salesshipm0_.slucf as slucf112_38_0_, salesshipm0_.sluncost as slunco113_38_0_, salesshipm0_.sludc as sludc114_38_0_, salesshipm0_.sludf as sludf115_38_0_, salesshipm0_.sluom as sluom116_38_0_, salesshipm0_.slunprice as slunpr117_38_0_, salesshipm0_.slinvdt as slinvd118_38_0_, salesshipm0_.slinvno as slinvn119_38_0_ from t4212 salesshipm0_ where salesshipm0_.slcoid=? and salesshipm0_.sldocno=? and salesshipm0_.sldocty=? and salesshipm0_.sldocsq=?
Hibernate: select salesshipm0_.slcoid as slcoid1_38_, salesshipm0_.sldocno as sldocno2_38_, salesshipm0_.sldocty as sldocty3_38_, salesshipm0_.sldocsq as sldocsq4_38_, salesshipm0_.slcid as slcid5_38_, salesshipm0_.sldtin as sldtin6_38_, salesshipm0_.sltmin as sltmin7_38_, salesshipm0_.sluid as sluid8_38_, salesshipm0_.sldtlu as sldtlu9_38_, salesshipm0_.sltmlu as sltmlu10_38_, salesshipm0_.sluidm as sluidm11_38_, salesshipm0_.slacid as slacid12_38_, salesshipm0_.slata as slata13_38_, salesshipm0_.slatd as slatd14_38_, salesshipm0_.slcrcb as slcrcb15_38_, salesshipm0_.slicu as slicu16_38_, salesshipm0_.slicut as slicut17_38_, salesshipm0_.slitc02 as slitc18_38_, salesshipm0_.slbuid as slbuid19_38_, salesshipm0_.slitc01 as slitc20_38_, salesshipm0_.slcnid as slcnid21_38_, salesshipm0_.slcsid as slcsid22_38_, salesshipm0_.slcsdocdt as slcsdoc23_38_, salesshipm0_.slcsdocno as slcsdoc24_38_, salesshipm0_.sldod as sldod25_38_, salesshipm0_.sldol as sldol26_38_, salesshipm0_.sldou as sldou27_38_, salesshipm0_.sldldt as sldldt28_38_, salesshipm0_.sldesc1 as sldesc29_38_, salesshipm0_.sldesc2 as sldesc30_38_, salesshipm0_.sldccd as sldccd31_38_, salesshipm0_.sldcrt as sldcrt32_38_, salesshipm0_.sldocdt as sldocdt33_38_, salesshipm0_.sleta as sleta34_38_, salesshipm0_.sletd as sletd35_38_, salesshipm0_.slexcrt as slexcrt36_38_, salesshipm0_.slexid as slexid37_38_, salesshipm0_.slead as slead38_38_, salesshipm0_.slean as slean39_38_, salesshipm0_.sledd as sledd40_38_, salesshipm0_.sledn as sledn41_38_, salesshipm0_.slexcost as slexcos42_38_, salesshipm0_.slexprice as slexpri43_38_, salesshipm0_.slfep as slfep44_38_, salesshipm0_.slfta as slfta45_38_, salesshipm0_.slftb as slftb46_38_, salesshipm0_.slfup as slfup47_38_, salesshipm0_.slfbd as slfbd48_38_, salesshipm0_.slfbn as slfbn49_38_, salesshipm0_.slglcls as slglcls50_38_, salesshipm0_.slgscrt as slgscrt51_38_, salesshipm0_.slir02 as slir52_38_, salesshipm0_.slir01 as slir53_38_, salesshipm0_.slir03 as slir54_38_, salesshipm0_.slitt as slitt55_38_, salesshipm0_.sldocidt as sldocid56_38_, salesshipm0_.sldocino as sldocin57_38_, salesshipm0_.sldocisq as sldocis58_38_, salesshipm0_.sldocity as sldocit59_38_, salesshipm0_.slinum as slinum60_38_, salesshipm0_.sldesb1 as sldesb61_38_, salesshipm0_.slitc05 as slitc62_38_, salesshipm0_.sllst as sllst63_38_, salesshipm0_.sllnty as sllnty64_38_, salesshipm0_.sllocid as sllocid65_38_, salesshipm0_.slnst as slnst66_38_, salesshipm0_.slobid as slobid67_38_, salesshipm0_.sldocono as sldocon68_38_, salesshipm0_.sldocosq as sldocos69_38_, salesshipm0_.sldocoty as sldocot70_38_, salesshipm0_.slordocdt as slordoc71_38_, salesshipm0_.slordocno as slordoc72_38_, salesshipm0_.slordocsq as slordoc73_38_, salesshipm0_.slordocty as slordoc74_38_, salesshipm0_.slprid as slprid75_38_, salesshipm0_.slpyid as slpyid76_38_, salesshipm0_.slptc as slptc77_38_, salesshipm0_.slpoa as slpoa78_38_, salesshipm0_.slpod as slpod79_38_, salesshipm0_.slpqot as slpqot80_38_, salesshipm0_.sluom1 as sluom81_38_, salesshipm0_.slrbuid as slrbuid82_38_, salesshipm0_.slpjid as slpjid83_38_, salesshipm0_.slqty as slqty84_38_, salesshipm0_.slstid as slstid85_38_, salesshipm0_.slrecid as slrecid86_38_, salesshipm0_.slvr04 as slvr87_38_, salesshipm0_.slvr01 as slvr88_38_, salesshipm0_.slvr03 as slvr89_38_, salesshipm0_.slvr05 as slvr90_38_, salesshipm0_.slvr02 as slvr91_38_, salesshipm0_.slso03 as slso92_38_, salesshipm0_.slso01 as slso93_38_, salesshipm0_.slso02 as slso94_38_, salesshipm0_.slslid as slslid95_38_, salesshipm0_.slsqot as slsqot96_38_, salesshipm0_.sluom2 as sluom97_38_, salesshipm0_.slsnlot as slsnlot98_38_, salesshipm0_.slslrc1 as slslrc99_38_, salesshipm0_.slshcn as slshcn100_38_, salesshipm0_.sltaxal as sltaxa101_38_, salesshipm0_.sltaxam as sltaxa102_38_, salesshipm0_.sltaxab as sltaxa103_38_, salesshipm0_.sltaxcd as sltaxc104_38_, salesshipm0_.sltaxidt as sltaxi105_38_, salesshipm0_.sltaxino as sltaxi106_38_, salesshipm0_.sltaxrt as sltaxr107_38_, salesshipm0_.sldnop as sldnop108_38_, salesshipm0_.slinop as slinop109_38_, salesshipm0_.slcrct as slcrct110_38_, salesshipm0_.slitc03 as slitc111_38_, salesshipm0_.slucf as slucf112_38_, salesshipm0_.sluncost as slunco113_38_, salesshipm0_.sludc as sludc114_38_, salesshipm0_.sludf as sludf115_38_, salesshipm0_.sluom as sluom116_38_, salesshipm0_.slunprice as slunpr117_38_, salesshipm0_.slinvdt as slinvd118_38_, salesshipm0_.slinvno as slinvn119_38_ from t4212 salesshipm0_ where salesshipm0_.slcoid=? and salesshipm0_.sldocno=? and salesshipm0_.sldocty=?
Hibernate: select salesdetai0_.sdcoid as sdcoid1_37_0_, salesdetai0_.sddocono as sddocono2_37_0_, salesdetai0_.sddocosq as sddocosq3_37_0_, salesdetai0_.sddocoty as sddocoty4_37_0_, salesdetai0_.sdcid as sdcid5_37_0_, salesdetai0_.sddtin as sddtin6_37_0_, salesdetai0_.sdtmin as sdtmin7_37_0_, salesdetai0_.sduid as sduid8_37_0_, salesdetai0_.sddtlu as sddtlu9_37_0_, salesdetai0_.sdtmlu as sdtmlu10_37_0_, salesdetai0_.sduidm as sduidm11_37_0_, salesdetai0_.sdacid as sdacid12_37_0_, salesdetai0_.sdcrcb as sdcrcb13_37_0_, salesdetai0_.sditc02 as sditc14_37_0_, salesdetai0_.sdbuid as sdbuid15_37_0_, salesdetai0_.sdqtycl as sdqtycl16_37_0_, salesdetai0_.sditc01 as sditc17_37_0_, salesdetai0_.sdcldt as sdcldt18_37_0_, salesdetai0_.sdcnid as sdcnid19_37_0_, salesdetai0_.sdcsid as sdcsid20_37_0_, salesdetai0_.sddldt as sddldt21_37_0_, salesdetai0_.sddccd as sddccd22_37_0_, salesdetai0_.sddcrt as sddcrt23_37_0_, salesdetai0_.sdexcrt as sdexcrt24_37_0_, salesdetai0_.sdexid as sdexid25_37_0_, salesdetai0_.sdexcost as sdexcos26_37_0_, salesdetai0_.sdexprice as sdexpri27_37_0_, salesdetai0_.sdqtyx as sdqtyx28_37_0_, salesdetai0_.sducfx as sducfx29_37_0_, salesdetai0_.sduomx as sduomx30_37_0_, salesdetai0_.sdunpricex as sdunpri31_37_0_, salesdetai0_.sdfep as sdfep32_37_0_, salesdetai0_.sdfta as sdfta33_37_0_, salesdetai0_.sdftb as sdftb34_37_0_, salesdetai0_.sdfup as sdfup35_37_0_, salesdetai0_.sdglcls as sdglcls36_37_0_, salesdetai0_.sdgldt as sdgldt37_37_0_, salesdetai0_.sdgscrt as sdgscrt38_37_0_, salesdetai0_.sdhcod as sdhcod39_37_0_, salesdetai0_.sdir02 as sdir40_37_0_, salesdetai0_.sdir01 as sdir41_37_0_, salesdetai0_.sdir03 as sdir42_37_0_, salesdetai0_.sdinum as sdinum43_37_0_, salesdetai0_.sddesb1 as sddesb44_37_0_, salesdetai0_.sditc05 as sditc45_37_0_, salesdetai0_.sdlst as sdlst46_37_0_, salesdetai0_.sdlnty as sdlnty47_37_0_, salesdetai0_.sdlocid as sdlocid48_37_0_, salesdetai0_.sdnst as sdnst49_37_0_, salesdetai0_.sdobid as sdobid50_37_0_, salesdetai0_.sdqtyop as sdqtyop51_37_0_, salesdetai0_.sdordt as sdordt52_37_0_, salesdetai0_.sdott as sdott53_37_0_, salesdetai0_.sdordocdt as sdordoc54_37_0_, salesdetai0_.sdordocno as sdordoc55_37_0_, salesdetai0_.sdordocsq as sdordoc56_37_0_, salesdetai0_.sdordocty as sdordoc57_37_0_, salesdetai0_.sdprid as sdprid58_37_0_, salesdetai0_.sdpyid as sdpyid59_37_0_, salesdetai0_.sdptc as sdptc60_37_0_, salesdetai0_.sdpqor as sdpqor61_37_0_, salesdetai0_.sduom1 as sduom62_37_0_, salesdetai0_.sdrbuid as sdrbuid63_37_0_, salesdetai0_.sdpjid as sdpjid64_37_0_, salesdetai0_.sdpddt as sdpddt65_37_0_, salesdetai0_.sdqty as sdqty66_37_0_, salesdetai0_.sdstid as sdstid67_37_0_, salesdetai0_.sdvr04 as sdvr68_37_0_, salesdetai0_.sdvr01 as sdvr69_37_0_, salesdetai0_.sdvr03 as sdvr70_37_0_, salesdetai0_.sdvr05 as sdvr71_37_0_, salesdetai0_.sdvr02 as sdvr72_37_0_, salesdetai0_.sdrldocno as sdrldoc73_37_0_, salesdetai0_.sdrldocsq as sdrldoc74_37_0_, salesdetai0_.sdrldocty as sdrldoc75_37_0_, salesdetai0_.sdrqdt as sdrqdt76_37_0_, salesdetai0_.sdqtyrn as sdqtyrn77_37_0_, salesdetai0_.sdso03 as sdso78_37_0_, salesdetai0_.sdso01 as sdso79_37_0_, salesdetai0_.sdso02 as sdso80_37_0_, salesdetai0_.sdslid as sdslid81_37_0_, salesdetai0_.sdsqor as sdsqor82_37_0_, salesdetai0_.sduom2 as sduom83_37_0_, salesdetai0_.sdsnlot as sdsnlot84_37_0_, salesdetai0_.sdslrc1 as sdslrc85_37_0_, salesdetai0_.sdqtysh as sdqtysh86_37_0_, salesdetai0_.sdtaxal as sdtaxal87_37_0_, salesdetai0_.sdtaxam as sdtaxam88_37_0_, salesdetai0_.sdtaxab as sdtaxab89_37_0_, salesdetai0_.sdtaxcd as sdtaxcd90_37_0_, salesdetai0_.sdtaxrt as sdtaxrt91_37_0_, salesdetai0_.sdcrct as sdcrct92_37_0_, salesdetai0_.sditc03 as sditc93_37_0_, salesdetai0_.sducf as sducf94_37_0_, salesdetai0_.sduncost as sduncos95_37_0_, salesdetai0_.sdudc as sdudc96_37_0_, salesdetai0_.sdudf as sdudf97_37_0_, salesdetai0_.sduom as sduom98_37_0_, salesdetai0_.sdunprice as sdunpri99_37_0_, salesdetai0_.sdurnb1 as sdurnb100_37_0_, salesdetai0_.sdurnb2 as sdurnb101_37_0_, salesdetai0_.sdvhrn as sdvhrn102_37_0_, salesdetai0_.sdvhty as sdvhty103_37_0_, salesdetai0_.sdqtyvl as sdqtyv104_37_0_, salesdetai0_.sduomv as sduomv105_37_0_, salesdetai0_.sdqtywt as sdqtyw106_37_0_, salesdetai0_.sduomw as sduomw107_37_0_, salesorder1_.shcoid as shcoid1_36_1_, salesorder1_.shdocono as shdocono2_36_1_, salesorder1_.shdocoty as shdocoty3_36_1_, salesorder1_.shcid as shcid4_36_1_, salesorder1_.shdtin as shdtin5_36_1_, salesorder1_.shtmin as shtmin6_36_1_, salesorder1_.shuid as shuid7_36_1_, salesorder1_.shdtlu as shdtlu8_36_1_, salesorder1_.shtmlu as shtmlu9_36_1_, salesorder1_.shuidm as shuidm10_36_1_, salesorder1_.shata as shata11_36_1_, salesorder1_.shatd as shatd12_36_1_, salesorder1_.shcrcb as shcrcb13_36_1_, salesorder1_.shbuid as shbuid14_36_1_, salesorder1_.shcldt as shcldt15_36_1_, salesorder1_.shcot as shcot16_36_1_, salesorder1_.shcsid as shcsid17_36_1_, salesorder1_.shcsdocdt as shcsdoc18_36_1_, salesorder1_.shcsdocno as shcsdoc19_36_1_, salesorder1_.shdod as shdod20_36_1_, salesorder1_.shdol as shdol21_36_1_, salesorder1_.shdou as shdou22_36_1_, salesorder1_.shdldt as shdldt23_36_1_, salesorder1_.shdesb1 as shdesb24_36_1_, salesorder1_.shdccd as shdccd25_36_1_, salesorder1_.shdcrt as shdcrt26_36_1_, salesorder1_.sheta as sheta27_36_1_, salesorder1_.shetd as shetd28_36_1_, salesorder1_.shexcrt as shexcrt29_36_1_, salesorder1_.shexid as shexid30_36_1_, salesorder1_.shead as shead31_36_1_, salesorder1_.shean as shean32_36_1_, salesorder1_.shedd as shedd33_36_1_, salesorder1_.shedn as shedn34_36_1_, salesorder1_.shfbd as shfbd35_36_1_, salesorder1_.shfbn as shfbn36_36_1_, salesorder1_.shfhc as shfhc37_36_1_, salesorder1_.shgldt as shgldt38_36_1_, salesorder1_.shgscrt as shgscrt39_36_1_, salesorder1_.shhcod as shhcod40_36_1_, salesorder1_.shlst as shlst41_36_1_, salesorder1_.shnst as shnst42_36_1_, salesorder1_.shobid as shobid43_36_1_, salesorder1_.shordt as shordt44_36_1_, salesorder1_.shordocdt as shordoc45_36_1_, salesorder1_.shordocno as shordoc46_36_1_, salesorder1_.shprid as shprid47_36_1_, salesorder1_.shpyid as shpyid48_36_1_, salesorder1_.shptc as shptc49_36_1_, salesorder1_.shpoa as shpoa50_36_1_, salesorder1_.shpod as shpod51_36_1_, salesorder1_.shrbuid as shrbuid52_36_1_, salesorder1_.shpjid as shpjid53_36_1_, salesorder1_.shpddt as shpddt54_36_1_, salesorder1_.shstid as shstid55_36_1_, salesorder1_.shrqdt as shrqdt56_36_1_, salesorder1_.shslid as shslid57_36_1_, salesorder1_.shshcn as shshcn58_36_1_, salesorder1_.shshmt as shshmt59_36_1_, salesorder1_.shtagid as shtagid60_36_1_, salesorder1_.shtaxal as shtaxal61_36_1_, salesorder1_.shtaxcd as shtaxcd62_36_1_, salesorder1_.shtaxrt as shtaxrt63_36_1_, salesorder1_.shcrct as shcrct64_36_1_, salesorder1_.shurdt1 as shurdt65_36_1_, salesorder1_.shurdt2 as shurdt66_36_1_ from t4211 salesdetai0_ inner join t4201 salesorder1_ on salesdetai0_.sdcoid=salesorder1_.shcoid and salesdetai0_.sddocono=salesorder1_.shdocono and salesdetai0_.sddocoty=salesorder1_.shdocoty where salesdetai0_.sdcoid=? and salesdetai0_.sddocono=? and salesdetai0_.sddocosq=? and salesdetai0_.sddocoty=?
Hibernate: select serialnumb0_.coid as coid1_43_0_, serialnumb0_.docno as docno2_43_0_, serialnumb0_.docty as docty3_43_0_, serialnumb0_.docsq as docsq4_43_0_, serialnumb0_.buid as buid5_43_0_, serialnumb0_.inum as inum6_43_0_, serialnumb0_.snlot as snlot7_43_0_, lotmaster1_.ltbuid as ltbuid1_34_1_, lotmaster1_.ltinum as ltinum2_34_1_, lotmaster1_.ltsnlot as ltsnlot3_34_1_, lotmaster1_.ltcid as ltcid4_34_1_, lotmaster1_.ltdtin as ltdtin5_34_1_, lotmaster1_.lttmin as lttmin6_34_1_, lotmaster1_.ltuid as ltuid7_34_1_, lotmaster1_.ltdtlu as ltdtlu8_34_1_, lotmaster1_.lttmlu as lttmlu9_34_1_, lotmaster1_.ltuidm as ltuidm10_34_1_, lotmaster1_.ltbodt as ltbodt11_34_1_, lotmaster1_.ltbbdt as ltbbdt12_34_1_, lotmaster1_.ltcldt as ltcldt13_34_1_, lotmaster1_.ltexpdt as ltexpdt14_34_1_, lotmaster1_.ltldsc as ltldsc15_34_1_, lotmaster1_.ltledt as ltledt16_34_1_, lotmaster1_.ltlsc as ltlsc17_34_1_, lotmaster1_.ltmlot1 as ltmlot18_34_1_, lotmaster1_.ltmlot2 as ltmlot19_34_1_, lotmaster1_.ltmlot3 as ltmlot20_34_1_, lotmaster1_.ltohdt as ltohdt21_34_1_, lotmaster1_.ltsern as ltsern22_34_1_ from transaction_serialnumbers serialnumb0_ inner join t4108 lotmaster1_ on serialnumb0_.buid=lotmaster1_.ltbuid and serialnumb0_.inum=lotmaster1_.ltinum and serialnumb0_.snlot=lotmaster1_.ltsnlot where serialnumb0_.coid=? and serialnumb0_.docno=? and serialnumb0_.docty=? and serialnumb0_.docsq=?
Hibernate: select salesdetai0_.sdcoid as sdcoid1_37_0_, salesdetai0_.sddocono as sddocono2_37_0_, salesdetai0_.sddocosq as sddocosq3_37_0_, salesdetai0_.sddocoty as sddocoty4_37_0_, salesdetai0_.sdcid as sdcid5_37_0_, salesdetai0_.sddtin as sddtin6_37_0_, salesdetai0_.sdtmin as sdtmin7_37_0_, salesdetai0_.sduid as sduid8_37_0_, salesdetai0_.sddtlu as sddtlu9_37_0_, salesdetai0_.sdtmlu as sdtmlu10_37_0_, salesdetai0_.sduidm as sduidm11_37_0_, salesdetai0_.sdacid as sdacid12_37_0_, salesdetai0_.sdcrcb as sdcrcb13_37_0_, salesdetai0_.sditc02 as sditc14_37_0_, salesdetai0_.sdbuid as sdbuid15_37_0_, salesdetai0_.sdqtycl as sdqtycl16_37_0_, salesdetai0_.sditc01 as sditc17_37_0_, salesdetai0_.sdcldt as sdcldt18_37_0_, salesdetai0_.sdcnid as sdcnid19_37_0_, salesdetai0_.sdcsid as sdcsid20_37_0_, salesdetai0_.sddldt as sddldt21_37_0_, salesdetai0_.sddccd as sddccd22_37_0_, salesdetai0_.sddcrt as sddcrt23_37_0_, salesdetai0_.sdexcrt as sdexcrt24_37_0_, salesdetai0_.sdexid as sdexid25_37_0_, salesdetai0_.sdexcost as sdexcos26_37_0_, salesdetai0_.sdexprice as sdexpri27_37_0_, salesdetai0_.sdqtyx as sdqtyx28_37_0_, salesdetai0_.sducfx as sducfx29_37_0_, salesdetai0_.sduomx as sduomx30_37_0_, salesdetai0_.sdunpricex as sdunpri31_37_0_, salesdetai0_.sdfep as sdfep32_37_0_, salesdetai0_.sdfta as sdfta33_37_0_, salesdetai0_.sdftb as sdftb34_37_0_, salesdetai0_.sdfup as sdfup35_37_0_, salesdetai0_.sdglcls as sdglcls36_37_0_, salesdetai0_.sdgldt as sdgldt37_37_0_, salesdetai0_.sdgscrt as sdgscrt38_37_0_, salesdetai0_.sdhcod as sdhcod39_37_0_, salesdetai0_.sdir02 as sdir40_37_0_, salesdetai0_.sdir01 as sdir41_37_0_, salesdetai0_.sdir03 as sdir42_37_0_, salesdetai0_.sdinum as sdinum43_37_0_, salesdetai0_.sddesb1 as sddesb44_37_0_, salesdetai0_.sditc05 as sditc45_37_0_, salesdetai0_.sdlst as sdlst46_37_0_, salesdetai0_.sdlnty as sdlnty47_37_0_, salesdetai0_.sdlocid as sdlocid48_37_0_, salesdetai0_.sdnst as sdnst49_37_0_, salesdetai0_.sdobid as sdobid50_37_0_, salesdetai0_.sdqtyop as sdqtyop51_37_0_, salesdetai0_.sdordt as sdordt52_37_0_, salesdetai0_.sdott as sdott53_37_0_, salesdetai0_.sdordocdt as sdordoc54_37_0_, salesdetai0_.sdordocno as sdordoc55_37_0_, salesdetai0_.sdordocsq as sdordoc56_37_0_, salesdetai0_.sdordocty as sdordoc57_37_0_, salesdetai0_.sdprid as sdprid58_37_0_, salesdetai0_.sdpyid as sdpyid59_37_0_, salesdetai0_.sdptc as sdptc60_37_0_, salesdetai0_.sdpqor as sdpqor61_37_0_, salesdetai0_.sduom1 as sduom62_37_0_, salesdetai0_.sdrbuid as sdrbuid63_37_0_, salesdetai0_.sdpjid as sdpjid64_37_0_, salesdetai0_.sdpddt as sdpddt65_37_0_, salesdetai0_.sdqty as sdqty66_37_0_, salesdetai0_.sdstid as sdstid67_37_0_, salesdetai0_.sdvr04 as sdvr68_37_0_, salesdetai0_.sdvr01 as sdvr69_37_0_, salesdetai0_.sdvr03 as sdvr70_37_0_, salesdetai0_.sdvr05 as sdvr71_37_0_, salesdetai0_.sdvr02 as sdvr72_37_0_, salesdetai0_.sdrldocno as sdrldoc73_37_0_, salesdetai0_.sdrldocsq as sdrldoc74_37_0_, salesdetai0_.sdrldocty as sdrldoc75_37_0_, salesdetai0_.sdrqdt as sdrqdt76_37_0_, salesdetai0_.sdqtyrn as sdqtyrn77_37_0_, salesdetai0_.sdso03 as sdso78_37_0_, salesdetai0_.sdso01 as sdso79_37_0_, salesdetai0_.sdso02 as sdso80_37_0_, salesdetai0_.sdslid as sdslid81_37_0_, salesdetai0_.sdsqor as sdsqor82_37_0_, salesdetai0_.sduom2 as sduom83_37_0_, salesdetai0_.sdsnlot as sdsnlot84_37_0_, salesdetai0_.sdslrc1 as sdslrc85_37_0_, salesdetai0_.sdqtysh as sdqtysh86_37_0_, salesdetai0_.sdtaxal as sdtaxal87_37_0_, salesdetai0_.sdtaxam as sdtaxam88_37_0_, salesdetai0_.sdtaxab as sdtaxab89_37_0_, salesdetai0_.sdtaxcd as sdtaxcd90_37_0_, salesdetai0_.sdtaxrt as sdtaxrt91_37_0_, salesdetai0_.sdcrct as sdcrct92_37_0_, salesdetai0_.sditc03 as sditc93_37_0_, salesdetai0_.sducf as sducf94_37_0_, salesdetai0_.sduncost as sduncos95_37_0_, salesdetai0_.sdudc as sdudc96_37_0_, salesdetai0_.sdudf as sdudf97_37_0_, salesdetai0_.sduom as sduom98_37_0_, salesdetai0_.sdunprice as sdunpri99_37_0_, salesdetai0_.sdurnb1 as sdurnb100_37_0_, salesdetai0_.sdurnb2 as sdurnb101_37_0_, salesdetai0_.sdvhrn as sdvhrn102_37_0_, salesdetai0_.sdvhty as sdvhty103_37_0_, salesdetai0_.sdqtyvl as sdqtyv104_37_0_, salesdetai0_.sduomv as sduomv105_37_0_, salesdetai0_.sdqtywt as sdqtyw106_37_0_, salesdetai0_.sduomw as sduomw107_37_0_, salesorder1_.shcoid as shcoid1_36_1_, salesorder1_.shdocono as shdocono2_36_1_, salesorder1_.shdocoty as shdocoty3_36_1_, salesorder1_.shcid as shcid4_36_1_, salesorder1_.shdtin as shdtin5_36_1_, salesorder1_.shtmin as shtmin6_36_1_, salesorder1_.shuid as shuid7_36_1_, salesorder1_.shdtlu as shdtlu8_36_1_, salesorder1_.shtmlu as shtmlu9_36_1_, salesorder1_.shuidm as shuidm10_36_1_, salesorder1_.shata as shata11_36_1_, salesorder1_.shatd as shatd12_36_1_, salesorder1_.shcrcb as shcrcb13_36_1_, salesorder1_.shbuid as shbuid14_36_1_, salesorder1_.shcldt as shcldt15_36_1_, salesorder1_.shcot as shcot16_36_1_, salesorder1_.shcsid as shcsid17_36_1_, salesorder1_.shcsdocdt as shcsdoc18_36_1_, salesorder1_.shcsdocno as shcsdoc19_36_1_, salesorder1_.shdod as shdod20_36_1_, salesorder1_.shdol as shdol21_36_1_, salesorder1_.shdou as shdou22_36_1_, salesorder1_.shdldt as shdldt23_36_1_, salesorder1_.shdesb1 as shdesb24_36_1_, salesorder1_.shdccd as shdccd25_36_1_, salesorder1_.shdcrt as shdcrt26_36_1_, salesorder1_.sheta as sheta27_36_1_, salesorder1_.shetd as shetd28_36_1_, salesorder1_.shexcrt as shexcrt29_36_1_, salesorder1_.shexid as shexid30_36_1_, salesorder1_.shead as shead31_36_1_, salesorder1_.shean as shean32_36_1_, salesorder1_.shedd as shedd33_36_1_, salesorder1_.shedn as shedn34_36_1_, salesorder1_.shfbd as shfbd35_36_1_, salesorder1_.shfbn as shfbn36_36_1_, salesorder1_.shfhc as shfhc37_36_1_, salesorder1_.shgldt as shgldt38_36_1_, salesorder1_.shgscrt as shgscrt39_36_1_, salesorder1_.shhcod as shhcod40_36_1_, salesorder1_.shlst as shlst41_36_1_, salesorder1_.shnst as shnst42_36_1_, salesorder1_.shobid as shobid43_36_1_, salesorder1_.shordt as shordt44_36_1_, salesorder1_.shordocdt as shordoc45_36_1_, salesorder1_.shordocno as shordoc46_36_1_, salesorder1_.shprid as shprid47_36_1_, salesorder1_.shpyid as shpyid48_36_1_, salesorder1_.shptc as shptc49_36_1_, salesorder1_.shpoa as shpoa50_36_1_, salesorder1_.shpod as shpod51_36_1_, salesorder1_.shrbuid as shrbuid52_36_1_, salesorder1_.shpjid as shpjid53_36_1_, salesorder1_.shpddt as shpddt54_36_1_, salesorder1_.shstid as shstid55_36_1_, salesorder1_.shrqdt as shrqdt56_36_1_, salesorder1_.shslid as shslid57_36_1_, salesorder1_.shshcn as shshcn58_36_1_, salesorder1_.shshmt as shshmt59_36_1_, salesorder1_.shtagid as shtagid60_36_1_, salesorder1_.shtaxal as shtaxal61_36_1_, salesorder1_.shtaxcd as shtaxcd62_36_1_, salesorder1_.shtaxrt as shtaxrt63_36_1_, salesorder1_.shcrct as shcrct64_36_1_, salesorder1_.shurdt1 as shurdt65_36_1_, salesorder1_.shurdt2 as shurdt66_36_1_ from t4211 salesdetai0_ inner join t4201 salesorder1_ on salesdetai0_.sdcoid=salesorder1_.shcoid and salesdetai0_.sddocono=salesorder1_.shdocono and salesdetai0_.sddocoty=salesorder1_.shdocoty where salesdetai0_.sdcoid=? and salesdetai0_.sddocono=? and salesdetai0_.sddocosq=? and salesdetai0_.sddocoty=?
Hibernate: select serialnumb0_.coid as coid1_43_0_, serialnumb0_.docno as docno2_43_0_, serialnumb0_.docty as docty3_43_0_, serialnumb0_.docsq as docsq4_43_0_, serialnumb0_.buid as buid5_43_0_, serialnumb0_.inum as inum6_43_0_, serialnumb0_.snlot as snlot7_43_0_, lotmaster1_.ltbuid as ltbuid1_34_1_, lotmaster1_.ltinum as ltinum2_34_1_, lotmaster1_.ltsnlot as ltsnlot3_34_1_, lotmaster1_.ltcid as ltcid4_34_1_, lotmaster1_.ltdtin as ltdtin5_34_1_, lotmaster1_.lttmin as lttmin6_34_1_, lotmaster1_.ltuid as ltuid7_34_1_, lotmaster1_.ltdtlu as ltdtlu8_34_1_, lotmaster1_.lttmlu as lttmlu9_34_1_, lotmaster1_.ltuidm as ltuidm10_34_1_, lotmaster1_.ltbodt as ltbodt11_34_1_, lotmaster1_.ltbbdt as ltbbdt12_34_1_, lotmaster1_.ltcldt as ltcldt13_34_1_, lotmaster1_.ltexpdt as ltexpdt14_34_1_, lotmaster1_.ltldsc as ltldsc15_34_1_, lotmaster1_.ltledt as ltledt16_34_1_, lotmaster1_.ltlsc as ltlsc17_34_1_, lotmaster1_.ltmlot1 as ltmlot18_34_1_, lotmaster1_.ltmlot2 as ltmlot19_34_1_, lotmaster1_.ltmlot3 as ltmlot20_34_1_, lotmaster1_.ltohdt as ltohdt21_34_1_, lotmaster1_.ltsern as ltsern22_34_1_ from transaction_serialnumbers serialnumb0_ inner join t4108 lotmaster1_ on serialnumb0_.buid=lotmaster1_.ltbuid and serialnumb0_.inum=lotmaster1_.ltinum and serialnumb0_.snlot=lotmaster1_.ltsnlot where serialnumb0_.coid=? and serialnumb0_.docno=? and serialnumb0_.docty=? and serialnumb0_.docsq=?
Hibernate: select salesdetai0_.sdcoid as sdcoid1_37_0_, salesdetai0_.sddocono as sddocono2_37_0_, salesdetai0_.sddocosq as sddocosq3_37_0_, salesdetai0_.sddocoty as sddocoty4_37_0_, salesdetai0_.sdcid as sdcid5_37_0_, salesdetai0_.sddtin as sddtin6_37_0_, salesdetai0_.sdtmin as sdtmin7_37_0_, salesdetai0_.sduid as sduid8_37_0_, salesdetai0_.sddtlu as sddtlu9_37_0_, salesdetai0_.sdtmlu as sdtmlu10_37_0_, salesdetai0_.sduidm as sduidm11_37_0_, salesdetai0_.sdacid as sdacid12_37_0_, salesdetai0_.sdcrcb as sdcrcb13_37_0_, salesdetai0_.sditc02 as sditc14_37_0_, salesdetai0_.sdbuid as sdbuid15_37_0_, salesdetai0_.sdqtycl as sdqtycl16_37_0_, salesdetai0_.sditc01 as sditc17_37_0_, salesdetai0_.sdcldt as sdcldt18_37_0_, salesdetai0_.sdcnid as sdcnid19_37_0_, salesdetai0_.sdcsid as sdcsid20_37_0_, salesdetai0_.sddldt as sddldt21_37_0_, salesdetai0_.sddccd as sddccd22_37_0_, salesdetai0_.sddcrt as sddcrt23_37_0_, salesdetai0_.sdexcrt as sdexcrt24_37_0_, salesdetai0_.sdexid as sdexid25_37_0_, salesdetai0_.sdexcost as sdexcos26_37_0_, salesdetai0_.sdexprice as sdexpri27_37_0_, salesdetai0_.sdqtyx as sdqtyx28_37_0_, salesdetai0_.sducfx as sducfx29_37_0_, salesdetai0_.sduomx as sduomx30_37_0_, salesdetai0_.sdunpricex as sdunpri31_37_0_, salesdetai0_.sdfep as sdfep32_37_0_, salesdetai0_.sdfta as sdfta33_37_0_, salesdetai0_.sdftb as sdftb34_37_0_, salesdetai0_.sdfup as sdfup35_37_0_, salesdetai0_.sdglcls as sdglcls36_37_0_, salesdetai0_.sdgldt as sdgldt37_37_0_, salesdetai0_.sdgscrt as sdgscrt38_37_0_, salesdetai0_.sdhcod as sdhcod39_37_0_, salesdetai0_.sdir02 as sdir40_37_0_, salesdetai0_.sdir01 as sdir41_37_0_, salesdetai0_.sdir03 as sdir42_37_0_, salesdetai0_.sdinum as sdinum43_37_0_, salesdetai0_.sddesb1 as sddesb44_37_0_, salesdetai0_.sditc05 as sditc45_37_0_, salesdetai0_.sdlst as sdlst46_37_0_, salesdetai0_.sdlnty as sdlnty47_37_0_, salesdetai0_.sdlocid as sdlocid48_37_0_, salesdetai0_.sdnst as sdnst49_37_0_, salesdetai0_.sdobid as sdobid50_37_0_, salesdetai0_.sdqtyop as sdqtyop51_37_0_, salesdetai0_.sdordt as sdordt52_37_0_, salesdetai0_.sdott as sdott53_37_0_, salesdetai0_.sdordocdt as sdordoc54_37_0_, salesdetai0_.sdordocno as sdordoc55_37_0_, salesdetai0_.sdordocsq as sdordoc56_37_0_, salesdetai0_.sdordocty as sdordoc57_37_0_, salesdetai0_.sdprid as sdprid58_37_0_, salesdetai0_.sdpyid as sdpyid59_37_0_, salesdetai0_.sdptc as sdptc60_37_0_, salesdetai0_.sdpqor as sdpqor61_37_0_, salesdetai0_.sduom1 as sduom62_37_0_, salesdetai0_.sdrbuid as sdrbuid63_37_0_, salesdetai0_.sdpjid as sdpjid64_37_0_, salesdetai0_.sdpddt as sdpddt65_37_0_, salesdetai0_.sdqty as sdqty66_37_0_, salesdetai0_.sdstid as sdstid67_37_0_, salesdetai0_.sdvr04 as sdvr68_37_0_, salesdetai0_.sdvr01 as sdvr69_37_0_, salesdetai0_.sdvr03 as sdvr70_37_0_, salesdetai0_.sdvr05 as sdvr71_37_0_, salesdetai0_.sdvr02 as sdvr72_37_0_, salesdetai0_.sdrldocno as sdrldoc73_37_0_, salesdetai0_.sdrldocsq as sdrldoc74_37_0_, salesdetai0_.sdrldocty as sdrldoc75_37_0_, salesdetai0_.sdrqdt as sdrqdt76_37_0_, salesdetai0_.sdqtyrn as sdqtyrn77_37_0_, salesdetai0_.sdso03 as sdso78_37_0_, salesdetai0_.sdso01 as sdso79_37_0_, salesdetai0_.sdso02 as sdso80_37_0_, salesdetai0_.sdslid as sdslid81_37_0_, salesdetai0_.sdsqor as sdsqor82_37_0_, salesdetai0_.sduom2 as sduom83_37_0_, salesdetai0_.sdsnlot as sdsnlot84_37_0_, salesdetai0_.sdslrc1 as sdslrc85_37_0_, salesdetai0_.sdqtysh as sdqtysh86_37_0_, salesdetai0_.sdtaxal as sdtaxal87_37_0_, salesdetai0_.sdtaxam as sdtaxam88_37_0_, salesdetai0_.sdtaxab as sdtaxab89_37_0_, salesdetai0_.sdtaxcd as sdtaxcd90_37_0_, salesdetai0_.sdtaxrt as sdtaxrt91_37_0_, salesdetai0_.sdcrct as sdcrct92_37_0_, salesdetai0_.sditc03 as sditc93_37_0_, salesdetai0_.sducf as sducf94_37_0_, salesdetai0_.sduncost as sduncos95_37_0_, salesdetai0_.sdudc as sdudc96_37_0_, salesdetai0_.sdudf as sdudf97_37_0_, salesdetai0_.sduom as sduom98_37_0_, salesdetai0_.sdunprice as sdunpri99_37_0_, salesdetai0_.sdurnb1 as sdurnb100_37_0_, salesdetai0_.sdurnb2 as sdurnb101_37_0_, salesdetai0_.sdvhrn as sdvhrn102_37_0_, salesdetai0_.sdvhty as sdvhty103_37_0_, salesdetai0_.sdqtyvl as sdqtyv104_37_0_, salesdetai0_.sduomv as sduomv105_37_0_, salesdetai0_.sdqtywt as sdqtyw106_37_0_, salesdetai0_.sduomw as sduomw107_37_0_, salesorder1_.shcoid as shcoid1_36_1_, salesorder1_.shdocono as shdocono2_36_1_, salesorder1_.shdocoty as shdocoty3_36_1_, salesorder1_.shcid as shcid4_36_1_, salesorder1_.shdtin as shdtin5_36_1_, salesorder1_.shtmin as shtmin6_36_1_, salesorder1_.shuid as shuid7_36_1_, salesorder1_.shdtlu as shdtlu8_36_1_, salesorder1_.shtmlu as shtmlu9_36_1_, salesorder1_.shuidm as shuidm10_36_1_, salesorder1_.shata as shata11_36_1_, salesorder1_.shatd as shatd12_36_1_, salesorder1_.shcrcb as shcrcb13_36_1_, salesorder1_.shbuid as shbuid14_36_1_, salesorder1_.shcldt as shcldt15_36_1_, salesorder1_.shcot as shcot16_36_1_, salesorder1_.shcsid as shcsid17_36_1_, salesorder1_.shcsdocdt as shcsdoc18_36_1_, salesorder1_.shcsdocno as shcsdoc19_36_1_, salesorder1_.shdod as shdod20_36_1_, salesorder1_.shdol as shdol21_36_1_, salesorder1_.shdou as shdou22_36_1_, salesorder1_.shdldt as shdldt23_36_1_, salesorder1_.shdesb1 as shdesb24_36_1_, salesorder1_.shdccd as shdccd25_36_1_, salesorder1_.shdcrt as shdcrt26_36_1_, salesorder1_.sheta as sheta27_36_1_, salesorder1_.shetd as shetd28_36_1_, salesorder1_.shexcrt as shexcrt29_36_1_, salesorder1_.shexid as shexid30_36_1_, salesorder1_.shead as shead31_36_1_, salesorder1_.shean as shean32_36_1_, salesorder1_.shedd as shedd33_36_1_, salesorder1_.shedn as shedn34_36_1_, salesorder1_.shfbd as shfbd35_36_1_, salesorder1_.shfbn as shfbn36_36_1_, salesorder1_.shfhc as shfhc37_36_1_, salesorder1_.shgldt as shgldt38_36_1_, salesorder1_.shgscrt as shgscrt39_36_1_, salesorder1_.shhcod as shhcod40_36_1_, salesorder1_.shlst as shlst41_36_1_, salesorder1_.shnst as shnst42_36_1_, salesorder1_.shobid as shobid43_36_1_, salesorder1_.shordt as shordt44_36_1_, salesorder1_.shordocdt as shordoc45_36_1_, salesorder1_.shordocno as shordoc46_36_1_, salesorder1_.shprid as shprid47_36_1_, salesorder1_.shpyid as shpyid48_36_1_, salesorder1_.shptc as shptc49_36_1_, salesorder1_.shpoa as shpoa50_36_1_, salesorder1_.shpod as shpod51_36_1_, salesorder1_.shrbuid as shrbuid52_36_1_, salesorder1_.shpjid as shpjid53_36_1_, salesorder1_.shpddt as shpddt54_36_1_, salesorder1_.shstid as shstid55_36_1_, salesorder1_.shrqdt as shrqdt56_36_1_, salesorder1_.shslid as shslid57_36_1_, salesorder1_.shshcn as shshcn58_36_1_, salesorder1_.shshmt as shshmt59_36_1_, salesorder1_.shtagid as shtagid60_36_1_, salesorder1_.shtaxal as shtaxal61_36_1_, salesorder1_.shtaxcd as shtaxcd62_36_1_, salesorder1_.shtaxrt as shtaxrt63_36_1_, salesorder1_.shcrct as shcrct64_36_1_, salesorder1_.shurdt1 as shurdt65_36_1_, salesorder1_.shurdt2 as shurdt66_36_1_ from t4211 salesdetai0_ inner join t4201 salesorder1_ on salesdetai0_.sdcoid=salesorder1_.shcoid and salesdetai0_.sddocono=salesorder1_.shdocono and salesdetai0_.sddocoty=salesorder1_.shdocoty where salesdetai0_.sdcoid=? and salesdetai0_.sddocono=? and salesdetai0_.sddocosq=? and salesdetai0_.sddocoty=?
Hibernate: select serialnumb0_.coid as coid1_43_0_, serialnumb0_.docno as docno2_43_0_, serialnumb0_.docty as docty3_43_0_, serialnumb0_.docsq as docsq4_43_0_, serialnumb0_.buid as buid5_43_0_, serialnumb0_.inum as inum6_43_0_, serialnumb0_.snlot as snlot7_43_0_, lotmaster1_.ltbuid as ltbuid1_34_1_, lotmaster1_.ltinum as ltinum2_34_1_, lotmaster1_.ltsnlot as ltsnlot3_34_1_, lotmaster1_.ltcid as ltcid4_34_1_, lotmaster1_.ltdtin as ltdtin5_34_1_, lotmaster1_.lttmin as lttmin6_34_1_, lotmaster1_.ltuid as ltuid7_34_1_, lotmaster1_.ltdtlu as ltdtlu8_34_1_, lotmaster1_.lttmlu as lttmlu9_34_1_, lotmaster1_.ltuidm as ltuidm10_34_1_, lotmaster1_.ltbodt as ltbodt11_34_1_, lotmaster1_.ltbbdt as ltbbdt12_34_1_, lotmaster1_.ltcldt as ltcldt13_34_1_, lotmaster1_.ltexpdt as ltexpdt14_34_1_, lotmaster1_.ltldsc as ltldsc15_34_1_, lotmaster1_.ltledt as ltledt16_34_1_, lotmaster1_.ltlsc as ltlsc17_34_1_, lotmaster1_.ltmlot1 as ltmlot18_34_1_, lotmaster1_.ltmlot2 as ltmlot19_34_1_, lotmaster1_.ltmlot3 as ltmlot20_34_1_, lotmaster1_.ltohdt as ltohdt21_34_1_, lotmaster1_.ltsern as ltsern22_34_1_ from transaction_serialnumbers serialnumb0_ inner join t4108 lotmaster1_ on serialnumb0_.buid=lotmaster1_.ltbuid and serialnumb0_.inum=lotmaster1_.ltinum and serialnumb0_.snlot=lotmaster1_.ltsnlot where serialnumb0_.coid=? and serialnumb0_.docno=? and serialnumb0_.docty=? and serialnumb0_.docsq=?

MockHttpServletRequest:
      HTTP Method = GET
      Request URI = /api/salesShipments/11000_99999999_SI_10
       Parameters = {}
          Headers = {Accept=[application/json]}
             Body = <no character encoding set>
    Session Attrs = {org.springframework.security.web.csrf.HttpSessionCsrfTokenRepository.CSRF_TOKEN=org.springframework.security.web.csrf.DefaultCsrfToken@709e2c1b, SPRING_SECURITY_CONTEXT=org.springframework.security.core.context.SecurityContextImpl@475fcd89: Authentication: org.springframework.security.authentication.UsernamePasswordAuthenticationToken@475fcd89: Principal: org.springframework.security.core.userdetails.User@f02988d6: Username: username; Password: [PROTECTED]; Enabled: true; AccountNonExpired: true; credentialsNonExpired: true; AccountNonLocked: true; Not granted any authorities; Credentials: [PROTECTED]; Authenticated: true; Details: null; Not granted any authorities}

Handler:
             Type = ags.goldenlionerp.application.sales.salesshipment.SalesShipmentController
           Method = public org.springframework.hateoas.Resource<ags.goldenlionerp.application.sales.salesshipment.SalesShipmentHeader> ags.goldenlionerp.application.sales.salesshipment.SalesShipmentController.getSalesShipment(java.lang.String,org.springframework.data.rest.webmvc.PersistentEntityResourceAssembler)

Async:
    Async started = false
     Async result = null

Resolved Exception:
             Type = null

ModelAndView:
        View name = null
             View = null
            Model = null

FlashMap:
       Attributes = null

MockHttpServletResponse:
           Status = 200
    Error message = null
          Headers = {Content-Type=[application/json;charset=UTF-8], X-Content-Type-Options=[nosniff], X-XSS-Protection=[1; mode=block], Cache-Control=[no-cache, no-store, max-age=0, must-revalidate], Pragma=[no-cache], Expires=[0], X-Frame-Options=[DENY]}
     Content type = application/json;charset=UTF-8
             Body = {
  "companyId" : "11000",
  "documentNumber" : 99999999,
  "documentType" : "SI",
  "businessUnitId" : "110",
  "transactionDate" : "2018-12-27",
  "customerId" : "1479",
  "receiverId" : "1479",
  "description" : "TEST",
  "details" : [ {
    "inputUserId" : "username",
    "lastUpdateUserId" : "username",
    "computerId" : "username",
    "companyId" : "11000",
    "documentNumber" : 99999999,
    "documentType" : "SI",
    "sequence" : 10,
    "businessUnitId" : "110",
    "batchNumber" : 424,
    "batchType" : "S",
    "customerId" : "1479",
    "receiverId" : "1479",
    "expeditionId" : "",
    "payerId" : "",
    "salesmanId" : "",
    "baseCurrency" : "IDR",
    "transactionCurrency" : "IDR",
    "exchangeRate" : 1.000000000,
    "itemCode" : "ACC.MOUSE-B100",
    "locationId" : "GDU",
    "serialLotNo" : "",
    "itemDescription" : "Logitech USB Mouse",
    "lineType" : "S",
    "unitOfMeasure" : "PCS",
    "unitConversionFactor" : 1.000000000,
    "primaryTransactionQuantity" : 10.00000,
    "primaryUnitOfMeasure" : "PCS",
    "secondaryTransactionQuantity" : 0.00000,
    "secondaryUnitOfMeasure" : "PCS",
    "unitPrice" : 2000.0000000,
    "extendedPrice" : 20000.00000,
    "taxBase" : 0.00000,
    "taxAmount" : 1636.36363,
    "unitCost" : 0E-7,
    "extendedCost" : 0.00000,
    "foreignUnitPrice" : 0E-7,
    "foreignExtendedPrice" : 0.00000,
    "foreignTaxBase" : 0.00000,
    "foreignTaxAmount" : 0.00000,
    "projectId" : "",
    "profitCenterId" : "110",
    "accountId" : "",
    "paymentTermCode" : "N30",
    "taxCode" : "INCL",
    "taxAllowance" : true,
    "taxRate" : 10.000000000000000,
    "guestServiceChargeRate" : 0E-15,
    "discountCode" : "",
    "discountRate" : 0E-15,
    "unitDiscountCode" : "D00",
    "unitDiscountRate" : 10.000000000000000,
    "lastStatus" : "560",
    "nextStatus" : "580",
    "glClass" : "INFG",
    "invoiceNumber" : 0,
    "invoiceType" : "",
    "invoiceSequence" : 0,
    "invoiceDate" : null,
    "orderNumber" : 181100001,
    "orderType" : "SO",
    "orderSequence" : 10,
    "salesDetail" : {
      "inputUserId" : "QSA",
      "lastUpdateUserId" : "username",
      "computerId" : "username",
      "companyId" : "11000",
      "salesOrderNumber" : 181100001,
      "salesOrderType" : "SO",
      "salesOrderSequence" : 10,
      "documentNumber" : 181100001,
      "documentType" : "SO",
      "sequence" : 10,
      "businessUnitId" : "110",
      "customerId" : "1479",
      "receiverId" : "1479",
      "expeditionId" : "",
      "payerId" : "",
      "salesmanId" : "9007",
      "partnerRepresentativeId" : "",
      "itemCode" : "ACC.MOUSE-B100",
      "locationId" : "GDU",
      "serialLotNo" : "",
      "itemDescription" : "Logitech USB Mouse",
      "lineType" : "S",
      "quantity" : 10.00000,
      "extendedQuantity" : 0.00000,
      "shippedQuantity" : 10.00000,
      "cancelledQuantity" : 0.00000,
      "returnedQuantity" : 0.00000,
      "openQuantity" : 0.00000,
      "unitOfMeasure" : "PCS",
      "extendedUnitOfMeasure" : "",
      "unitConversionFactor" : 1.000000000,
      "extendedUnitConversionFactor" : 0E-9,
      "primaryOrderQuantity" : 10.00000,
      "primaryUnitOfMeasure" : "PCS",
      "secondaryOrderQuantity" : 0.00000,
      "secondaryUnitOfMeasure" : "PCS",
      "baseCurrency" : "IDR",
      "transactionCurrency" : "IDR",
      "exchangeRate" : 1.000000000,
      "unitCost" : 0E-7,
      "extendedCost" : 0.00000,
      "unitPrice" : 2000.0000000,
      "extendedUnitPrice" : 2000.0000000,
      "extendedPrice" : 20000.00000,
      "taxBase" : 0.00000,
      "taxAmount" : 1636.36363,
      "foreignUnitPrice" : 0E-7,
      "foreignExtendedPrice" : 0.00000,
      "foreignTaxBase" : 0.00000,
      "foreignTaxAmount" : 0.00000,
      "projectId" : "",
      "profitCenterId" : "110",
      "accountId" : "",
      "paymentTermCode" : "N30",
      "holdCode" : "",
      "taxCode" : "INCL",
      "taxAllowance" : true,
      "taxRate" : 10.000000000000000,
      "guestServiceChargeRate" : 0E-15,
      "discountCode" : "",
      "discountRate" : 0E-15,
      "unitDiscountCode" : "D00",
      "unitDiscountRate" : 10.000000000000000,
      "lastStatus" : "520",
      "nextStatus" : "560",
      "orderDate" : "2018-11-13",
      "requestDate" : "2018-11-13",
      "promisedDeliveryDate" : null,
      "deliveryDate" : null,
      "closedDate" : null,
      "glDate" : null,
      "glClass" : "INFG",
      "originalDocumentNumber" : 0,
      "originalDocumentType" : "",
      "originalDocumentSequence" : 0,
      "originalDocumentDate" : null,
      "relatedDocumentNumber" : 0,
      "relatedDocumentType" : "",
      "relatedDocumentSequence" : 0,
      "serverOperatorCode" : "",
      "categoryCode" : "",
      "brandCode" : "",
      "typeCode" : "",
      "landedCostRule" : "",
      "containerSize" : "",
      "stuffingType" : "",
      "containerLoadType" : "",
      "jobNo" : "",
      "shipmentId" : "",
      "packinglistId" : "",
      "deliveryOrderNumber" : "",
      "sealNumber" : "",
      "feederVessel" : "",
      "connectingVessel" : "",
      "shippedBy" : "",
      "containerId" : "",
      "vehicleRegistrationNumber" : "",
      "vehicleType" : "",
      "weightQuantity" : 0.00000,
      "weightUnitOfMeasure" : "",
      "volumeQuantity" : 0.00000,
      "volumeUnitOfMeasure" : "",
      "userReservedNumber1" : 0,
      "userReservedNumber2" : 0,
      "orderTransactionType" : "",
      "objectId" : "F4211",
      "setForVoid" : false,
      "status" : "CLOSED",
      "lastUpdateDateTime" : "2018-12-27T11:25:55",
      "inputDateTime" : "2018-11-13T16:27:23",
      "extended" : false,
      "unitDiscountAmount" : 2000.00,
      "priceAfterUnitDiscount" : 18000.00000,
      "voided" : false
    },
    "originalDocumentNumber" : 0,
    "originalDocumentType" : "",
    "originalDocumentSequence" : 0,
    "originalDocumentDate" : null,
    "customerOrderNumber" : "",
    "customerOrderDate" : null,
    "vendorInvoiceNumber" : "",
    "vendorInvoiceDate" : null,
    "taxInvoiceNumber" : "",
    "taxInvoiceDate" : null,
    "timesInvoicePrinted" : 0,
    "timesDeliveryOrderPrinted" : 0,
    "inventoryTransactionType" : "",
    "description" : "TEST",
    "description2" : "",
    "containerId" : "",
    "shipmentCondition" : "",
    "portOfDepartureId" : "",
    "portOfArrivalId" : "",
    "estimatedTimeOfDeparture" : null,
    "estimatedTimeOfArrival" : null,
    "actualTimeOfDeparture" : null,
    "actualTimeOfArrival" : null,
    "dateOfLoading" : null,
    "dateOfUnloading" : null,
    "dateOfDocking" : null,
    "deliveryDate" : null,
    "exportDeclarationNumber" : "",
    "exportDeclarationDate" : null,
    "freightBillingNumber" : "",
    "freightBillingDate" : null,
    "exportApprovalNumber" : "",
    "exportApprovalDate" : null,
    "jobNo" : "",
    "shipmentId" : "",
    "packinglistId" : "",
    "deliveryOrderNumber" : "",
    "sealNumber" : "",
    "serverOperatorCode" : "",
    "categoryCode" : "",
    "brandCode" : "",
    "typeCode" : "",
    "landedCostRule" : "",
    "containerSize" : "",
    "stuffingType" : "",
    "containerLoadType" : "",
    "feederVessel" : "",
    "connectingVessel" : "",
    "shippedBy" : "",
    "partnerRepresentativeId" : "",
    "objectId" : "",
    "recordId" : "",
    "additive" : false,
    "transactionDate" : "2018-12-27",
    "businessPartnerId" : "1479",
    "serialOrLotNumbers" : [ ],
    "lastUpdateDateTime" : "2018-12-27T11:25:55",
    "inputDateTime" : "2018-12-27T11:25:55",
    "quantity" : 10.00000,
    "voided" : false
  }, {
    "inputUserId" : "username",
    "lastUpdateUserId" : "username",
    "computerId" : "username",
    "companyId" : "11000",
    "documentNumber" : 99999999,
    "documentType" : "SI",
    "sequence" : 20,
    "businessUnitId" : "110",
    "batchNumber" : 424,
    "batchType" : "S",
    "customerId" : "1479",
    "receiverId" : "1479",
    "expeditionId" : "",
    "payerId" : "",
    "salesmanId" : "",
    "baseCurrency" : "IDR",
    "transactionCurrency" : "IDR",
    "exchangeRate" : 1.000000000,
    "itemCode" : "TEST2",
    "locationId" : "ABC.1.2.3",
    "serialLotNo" : "",
    "itemDescription" : "tes2",
    "lineType" : "N",
    "unitOfMeasure" : "MT",
    "unitConversionFactor" : 3.280800000,
    "primaryTransactionQuantity" : 1.64040,
    "primaryUnitOfMeasure" : "FT",
    "secondaryTransactionQuantity" : 0.00000,
    "secondaryUnitOfMeasure" : "IN",
    "unitPrice" : 2000.0000000,
    "extendedPrice" : 39369.60000,
    "taxBase" : 0.00000,
    "taxAmount" : 3579.05454,
    "unitCost" : 0E-7,
    "extendedCost" : 0.00000,
    "foreignUnitPrice" : 0E-7,
    "foreignExtendedPrice" : 0.00000,
    "foreignTaxBase" : 0.00000,
    "foreignTaxAmount" : 0.00000,
    "projectId" : "",
    "profitCenterId" : "110",
    "accountId" : "",
    "paymentTermCode" : "N30",
    "taxCode" : "INCL",
    "taxAllowance" : true,
    "taxRate" : 10.000000000000000,
    "guestServiceChargeRate" : 0E-15,
    "discountCode" : "",
    "discountRate" : 0E-15,
    "unitDiscountCode" : "",
    "unitDiscountRate" : 0E-15,
    "lastStatus" : "560",
    "nextStatus" : "580",
    "glClass" : "INFG",
    "invoiceNumber" : 0,
    "invoiceType" : "",
    "invoiceSequence" : 0,
    "invoiceDate" : null,
    "orderNumber" : 181100001,
    "orderType" : "SO",
    "orderSequence" : 20,
    "salesDetail" : {
      "inputUserId" : "QSA",
      "lastUpdateUserId" : "username",
      "computerId" : "username",
      "companyId" : "11000",
      "salesOrderNumber" : 181100001,
      "salesOrderType" : "SO",
      "salesOrderSequence" : 20,
      "documentNumber" : 181100001,
      "documentType" : "SO",
      "sequence" : 20,
      "businessUnitId" : "110",
      "customerId" : "1479",
      "receiverId" : "1479",
      "expeditionId" : "",
      "payerId" : "",
      "salesmanId" : "9007",
      "partnerRepresentativeId" : "",
      "itemCode" : "TEST2",
      "locationId" : "ABC.1.2.3",
      "serialLotNo" : "",
      "itemDescription" : "tes2",
      "lineType" : "N",
      "quantity" : 30.00000,
      "extendedQuantity" : 0.00000,
      "shippedQuantity" : 19.68500,
      "cancelledQuantity" : 0.00000,
      "returnedQuantity" : 0.00000,
      "openQuantity" : 10.31500,
      "unitOfMeasure" : "IN",
      "extendedUnitOfMeasure" : "",
      "unitConversionFactor" : 0.083333333,
      "extendedUnitConversionFactor" : 0E-9,
      "primaryOrderQuantity" : 2.50000,
      "primaryUnitOfMeasure" : "FT",
      "secondaryOrderQuantity" : 0.00000,
      "secondaryUnitOfMeasure" : "IN",
      "baseCurrency" : "IDR",
      "transactionCurrency" : "IDR",
      "exchangeRate" : 1.000000000,
      "unitCost" : 0E-7,
      "extendedCost" : 0.00000,
      "unitPrice" : 2000.0000000,
      "extendedUnitPrice" : 0E-7,
      "extendedPrice" : 60000.00000,
      "taxBase" : 0.00000,
      "taxAmount" : 5454.54545,
      "foreignUnitPrice" : 0E-7,
      "foreignExtendedPrice" : 0.00000,
      "foreignTaxBase" : 0.00000,
      "foreignTaxAmount" : 0.00000,
      "projectId" : "",
      "profitCenterId" : "110",
      "accountId" : "",
      "paymentTermCode" : "N30",
      "holdCode" : "",
      "taxCode" : "INCL",
      "taxAllowance" : true,
      "taxRate" : 10.000000000000000,
      "guestServiceChargeRate" : 0E-15,
      "discountCode" : "",
      "discountRate" : 0E-15,
      "unitDiscountCode" : "",
      "unitDiscountRate" : 0E-15,
      "lastStatus" : "520",
      "nextStatus" : "560",
      "orderDate" : "2018-11-13",
      "requestDate" : "2018-11-13",
      "promisedDeliveryDate" : null,
      "deliveryDate" : null,
      "closedDate" : null,
      "glDate" : null,
      "glClass" : "INFG",
      "originalDocumentNumber" : 0,
      "originalDocumentType" : "",
      "originalDocumentSequence" : 0,
      "originalDocumentDate" : null,
      "relatedDocumentNumber" : 0,
      "relatedDocumentType" : "",
      "relatedDocumentSequence" : 0,
      "serverOperatorCode" : "",
      "categoryCode" : "",
      "brandCode" : "",
      "typeCode" : "",
      "landedCostRule" : "",
      "containerSize" : "",
      "stuffingType" : "",
      "containerLoadType" : "",
      "jobNo" : "",
      "shipmentId" : "",
      "packinglistId" : "",
      "deliveryOrderNumber" : "",
      "sealNumber" : "",
      "feederVessel" : "",
      "connectingVessel" : "",
      "shippedBy" : "",
      "containerId" : "",
      "vehicleRegistrationNumber" : "",
      "vehicleType" : "",
      "weightQuantity" : 0.00000,
      "weightUnitOfMeasure" : "",
      "volumeQuantity" : 0.00000,
      "volumeUnitOfMeasure" : "",
      "userReservedNumber1" : 0,
      "userReservedNumber2" : 0,
      "orderTransactionType" : "",
      "objectId" : "F4211",
      "setForVoid" : false,
      "status" : "ETC",
      "lastUpdateDateTime" : "2018-12-27T11:25:55",
      "inputDateTime" : "2018-11-13T16:28:05",
      "extended" : false,
      "unitDiscountAmount" : 0.00,
      "priceAfterUnitDiscount" : 60000.00000,
      "voided" : false
    },
    "originalDocumentNumber" : 0,
    "originalDocumentType" : "",
    "originalDocumentSequence" : 0,
    "originalDocumentDate" : null,
    "customerOrderNumber" : "",
    "customerOrderDate" : null,
    "vendorInvoiceNumber" : "",
    "vendorInvoiceDate" : null,
    "taxInvoiceNumber" : "",
    "taxInvoiceDate" : null,
    "timesInvoicePrinted" : 0,
    "timesDeliveryOrderPrinted" : 0,
    "inventoryTransactionType" : "",
    "description" : "TEST",
    "description2" : "",
    "containerId" : "",
    "shipmentCondition" : "",
    "portOfDepartureId" : "",
    "portOfArrivalId" : "",
    "estimatedTimeOfDeparture" : null,
    "estimatedTimeOfArrival" : null,
    "actualTimeOfDeparture" : null,
    "actualTimeOfArrival" : null,
    "dateOfLoading" : null,
    "dateOfUnloading" : null,
    "dateOfDocking" : null,
    "deliveryDate" : null,
    "exportDeclarationNumber" : "",
    "exportDeclarationDate" : null,
    "freightBillingNumber" : "",
    "freightBillingDate" : null,
    "exportApprovalNumber" : "",
    "exportApprovalDate" : null,
    "jobNo" : "",
    "shipmentId" : "",
    "packinglistId" : "",
    "deliveryOrderNumber" : "",
    "sealNumber" : "",
    "serverOperatorCode" : "",
    "categoryCode" : "",
    "brandCode" : "",
    "typeCode" : "",
    "landedCostRule" : "",
    "containerSize" : "",
    "stuffingType" : "",
    "containerLoadType" : "",
    "feederVessel" : "",
    "connectingVessel" : "",
    "shippedBy" : "",
    "partnerRepresentativeId" : "",
    "objectId" : "",
    "recordId" : "",
    "additive" : false,
    "transactionDate" : "2018-12-27",
    "businessPartnerId" : "1479",
    "serialOrLotNumbers" : [ ],
    "lastUpdateDateTime" : "2018-12-27T11:25:55",
    "inputDateTime" : "2018-12-27T11:25:55",
    "quantity" : 0.50000,
    "voided" : false
  }, {
    "inputUserId" : "username",
    "lastUpdateUserId" : "username",
    "computerId" : "username",
    "companyId" : "11000",
    "documentNumber" : 99999999,
    "documentType" : "SI",
    "sequence" : 30,
    "businessUnitId" : "110",
    "batchNumber" : 424,
    "batchType" : "S",
    "customerId" : "1479",
    "receiverId" : "1479",
    "expeditionId" : "",
    "payerId" : "",
    "salesmanId" : "",
    "baseCurrency" : "IDR",
    "transactionCurrency" : "IDR",
    "exchangeRate" : 1.000000000,
    "itemCode" : "ACC.BROTHER-LT6505",
    "locationId" : "GDU",
    "serialLotNo" : "",
    "itemDescription" : "Brother Optional Paper Tray 520 Sheet White",
    "lineType" : "S",
    "unitOfMeasure" : "UNT",
    "unitConversionFactor" : 1.000000000,
    "primaryTransactionQuantity" : 3.00000,
    "primaryUnitOfMeasure" : "UNT",
    "secondaryTransactionQuantity" : 0.00000,
    "secondaryUnitOfMeasure" : "UNT",
    "unitPrice" : 3000.0000000,
    "extendedPrice" : 9000.00000,
    "taxBase" : 0.00000,
    "taxAmount" : 818.18182,
    "unitCost" : 0E-7,
    "extendedCost" : 0.00000,
    "foreignUnitPrice" : 0E-7,
    "foreignExtendedPrice" : 0.00000,
    "foreignTaxBase" : 0.00000,
    "foreignTaxAmount" : 0.00000,
    "projectId" : "",
    "profitCenterId" : "110",
    "accountId" : "",
    "paymentTermCode" : "N30",
    "taxCode" : "INCL",
    "taxAllowance" : true,
    "taxRate" : 10.000000000000000,
    "guestServiceChargeRate" : 0E-15,
    "discountCode" : "",
    "discountRate" : 0E-15,
    "unitDiscountCode" : "",
    "unitDiscountRate" : 0E-15,
    "lastStatus" : "560",
    "nextStatus" : "580",
    "glClass" : "INFG",
    "invoiceNumber" : 0,
    "invoiceType" : "",
    "invoiceSequence" : 0,
    "invoiceDate" : null,
    "orderNumber" : 181100001,
    "orderType" : "SO",
    "orderSequence" : 30,
    "salesDetail" : {
      "inputUserId" : "QSA",
      "lastUpdateUserId" : "username",
      "computerId" : "username",
      "companyId" : "11000",
      "salesOrderNumber" : 181100001,
      "salesOrderType" : "SO",
      "salesOrderSequence" : 30,
      "documentNumber" : 181100001,
      "documentType" : "SO",
      "sequence" : 30,
      "businessUnitId" : "110",
      "customerId" : "1479",
      "receiverId" : "1479",
      "expeditionId" : "",
      "payerId" : "",
      "salesmanId" : "9007",
      "partnerRepresentativeId" : "",
      "itemCode" : "ACC.BROTHER-LT6505",
      "locationId" : "GDU",
      "serialLotNo" : "",
      "itemDescription" : "Brother Optional Paper Tray 520 Sheet White",
      "lineType" : "S",
      "quantity" : 5.00000,
      "extendedQuantity" : 0.00000,
      "shippedQuantity" : 3.00000,
      "cancelledQuantity" : 0.00000,
      "returnedQuantity" : 0.00000,
      "openQuantity" : 2.00000,
      "unitOfMeasure" : "UNT",
      "extendedUnitOfMeasure" : "",
      "unitConversionFactor" : 1.000000000,
      "extendedUnitConversionFactor" : 0E-9,
      "primaryOrderQuantity" : 5.00000,
      "primaryUnitOfMeasure" : "UNT",
      "secondaryOrderQuantity" : 0.00000,
      "secondaryUnitOfMeasure" : "UNT",
      "baseCurrency" : "IDR",
      "transactionCurrency" : "IDR",
      "exchangeRate" : 1.000000000,
      "unitCost" : 0E-7,
      "extendedCost" : 0.00000,
      "unitPrice" : 3000.0000000,
      "extendedUnitPrice" : 0E-7,
      "extendedPrice" : 15000.00000,
      "taxBase" : 0.00000,
      "taxAmount" : 1363.63636,
      "foreignUnitPrice" : 0E-7,
      "foreignExtendedPrice" : 0.00000,
      "foreignTaxBase" : 0.00000,
      "foreignTaxAmount" : 0.00000,
      "projectId" : "",
      "profitCenterId" : "110",
      "accountId" : "",
      "paymentTermCode" : "N30",
      "holdCode" : "",
      "taxCode" : "INCL",
      "taxAllowance" : true,
      "taxRate" : 10.000000000000000,
      "guestServiceChargeRate" : 0E-15,
      "discountCode" : "",
      "discountRate" : 0E-15,
      "unitDiscountCode" : "",
      "unitDiscountRate" : 0E-15,
      "lastStatus" : "520",
      "nextStatus" : "560",
      "orderDate" : "2018-11-13",
      "requestDate" : "2018-11-13",
      "promisedDeliveryDate" : null,
      "deliveryDate" : null,
      "closedDate" : null,
      "glDate" : null,
      "glClass" : "INFG",
      "originalDocumentNumber" : 0,
      "originalDocumentType" : "",
      "originalDocumentSequence" : 0,
      "originalDocumentDate" : null,
      "relatedDocumentNumber" : 0,
      "relatedDocumentType" : "",
      "relatedDocumentSequence" : 0,
      "serverOperatorCode" : "",
      "categoryCode" : "",
      "brandCode" : "",
      "typeCode" : "",
      "landedCostRule" : "",
      "containerSize" : "",
      "stuffingType" : "",
      "containerLoadType" : "",
      "jobNo" : "",
      "shipmentId" : "",
      "packinglistId" : "",
      "deliveryOrderNumber" : "",
      "sealNumber" : "",
      "feederVessel" : "",
      "connectingVessel" : "",
      "shippedBy" : "",
      "containerId" : "",
      "vehicleRegistrationNumber" : "",
      "vehicleType" : "",
      "weightQuantity" : 0.00000,
      "weightUnitOfMeasure" : "",
      "volumeQuantity" : 0.00000,
      "volumeUnitOfMeasure" : "",
      "userReservedNumber1" : 0,
      "userReservedNumber2" : 0,
      "orderTransactionType" : "",
      "objectId" : "F4211",
      "setForVoid" : false,
      "status" : "ETC",
      "lastUpdateDateTime" : "2018-12-27T11:25:55",
      "inputDateTime" : "2018-11-13T16:29:45",
      "extended" : false,
      "unitDiscountAmount" : 0.00,
      "priceAfterUnitDiscount" : 15000.00000,
      "voided" : false
    },
    "originalDocumentNumber" : 0,
    "originalDocumentType" : "",
    "originalDocumentSequence" : 0,
    "originalDocumentDate" : null,
    "customerOrderNumber" : "",
    "customerOrderDate" : null,
    "vendorInvoiceNumber" : "",
    "vendorInvoiceDate" : null,
    "taxInvoiceNumber" : "",
    "taxInvoiceDate" : null,
    "timesInvoicePrinted" : 0,
    "timesDeliveryOrderPrinted" : 0,
    "inventoryTransactionType" : "",
    "description" : "TEST",
    "description2" : "",
    "containerId" : "",
    "shipmentCondition" : "",
    "portOfDepartureId" : "",
    "portOfArrivalId" : "",
    "estimatedTimeOfDeparture" : null,
    "estimatedTimeOfArrival" : null,
    "actualTimeOfDeparture" : null,
    "actualTimeOfArrival" : null,
    "dateOfLoading" : null,
    "dateOfUnloading" : null,
    "dateOfDocking" : null,
    "deliveryDate" : null,
    "exportDeclarationNumber" : "",
    "exportDeclarationDate" : null,
    "freightBillingNumber" : "",
    "freightBillingDate" : null,
    "exportApprovalNumber" : "",
    "exportApprovalDate" : null,
    "jobNo" : "",
    "shipmentId" : "",
    "packinglistId" : "",
    "deliveryOrderNumber" : "",
    "sealNumber" : "",
    "serverOperatorCode" : "",
    "categoryCode" : "",
    "brandCode" : "",
    "typeCode" : "",
    "landedCostRule" : "",
    "containerSize" : "",
    "stuffingType" : "",
    "containerLoadType" : "",
    "feederVessel" : "",
    "connectingVessel" : "",
    "shippedBy" : "",
    "partnerRepresentativeId" : "",
    "objectId" : "",
    "recordId" : "",
    "additive" : false,
    "transactionDate" : "2018-12-27",
    "businessPartnerId" : "1479",
    "serialOrLotNumbers" : [ "serialNoA", "serialNoB", "serialNoC" ],
    "lastUpdateDateTime" : "2018-12-27T11:25:55",
    "inputDateTime" : "2018-12-27T11:25:55",
    "quantity" : 3.00000,
    "voided" : false
  } ],
  "lastUpdateUserId" : "username",
  "lastUpdateDateTime" : "2018-12-27T11:25:55",
  "inputUserId" : "username",
  "inputDateTime" : "2018-12-27T11:25:55",
  "computerId" : "username",
  "batchNumber" : 424,
  "batchType" : "S",
  "details" : [ {
    "inputUserId" : "username",
    "lastUpdateUserId" : "username",
    "computerId" : "username",
    "companyId" : "11000",
    "documentNumber" : 99999999,
    "documentType" : "SI",
    "sequence" : 10,
    "businessUnitId" : "110",
    "batchNumber" : 424,
    "batchType" : "S",
    "customerId" : "1479",
    "receiverId" : "1479",
    "expeditionId" : "",
    "payerId" : "",
    "salesmanId" : "",
    "baseCurrency" : "IDR",
    "transactionCurrency" : "IDR",
    "exchangeRate" : 1.000000000,
    "itemCode" : "ACC.MOUSE-B100",
    "locationId" : "GDU",
    "serialLotNo" : "",
    "itemDescription" : "Logitech USB Mouse",
    "lineType" : "S",
    "unitOfMeasure" : "PCS",
    "unitConversionFactor" : 1.000000000,
    "primaryTransactionQuantity" : 10.00000,
    "primaryUnitOfMeasure" : "PCS",
    "secondaryTransactionQuantity" : 0.00000,
    "secondaryUnitOfMeasure" : "PCS",
    "unitPrice" : 2000.0000000,
    "extendedPrice" : 20000.00000,
    "taxBase" : 0.00000,
    "taxAmount" : 1636.36363,
    "unitCost" : 0E-7,
    "extendedCost" : 0.00000,
    "foreignUnitPrice" : 0E-7,
    "foreignExtendedPrice" : 0.00000,
    "foreignTaxBase" : 0.00000,
    "foreignTaxAmount" : 0.00000,
    "projectId" : "",
    "profitCenterId" : "110",
    "accountId" : "",
    "paymentTermCode" : "N30",
    "taxCode" : "INCL",
    "taxAllowance" : true,
    "taxRate" : 10.000000000000000,
    "guestServiceChargeRate" : 0E-15,
    "discountCode" : "",
    "discountRate" : 0E-15,
    "unitDiscountCode" : "D00",
    "unitDiscountRate" : 10.000000000000000,
    "lastStatus" : "560",
    "nextStatus" : "580",
    "glClass" : "INFG",
    "invoiceNumber" : 0,
    "invoiceType" : "",
    "invoiceSequence" : 0,
    "invoiceDate" : null,
    "orderNumber" : 181100001,
    "orderType" : "SO",
    "orderSequence" : 10,
    "salesDetail" : {
      "inputUserId" : "QSA",
      "lastUpdateUserId" : "username",
      "computerId" : "username",
      "companyId" : "11000",
      "salesOrderNumber" : 181100001,
      "salesOrderType" : "SO",
      "salesOrderSequence" : 10,
      "documentNumber" : 181100001,
      "documentType" : "SO",
      "sequence" : 10,
      "businessUnitId" : "110",
      "customerId" : "1479",
      "receiverId" : "1479",
      "expeditionId" : "",
      "payerId" : "",
      "salesmanId" : "9007",
      "partnerRepresentativeId" : "",
      "itemCode" : "ACC.MOUSE-B100",
      "locationId" : "GDU",
      "serialLotNo" : "",
      "itemDescription" : "Logitech USB Mouse",
      "lineType" : "S",
      "quantity" : 10.00000,
      "extendedQuantity" : 0.00000,
      "shippedQuantity" : 10.00000,
      "cancelledQuantity" : 0.00000,
      "returnedQuantity" : 0.00000,
      "openQuantity" : 0.00000,
      "unitOfMeasure" : "PCS",
      "extendedUnitOfMeasure" : "",
      "unitConversionFactor" : 1.000000000,
      "extendedUnitConversionFactor" : 0E-9,
      "primaryOrderQuantity" : 10.00000,
      "primaryUnitOfMeasure" : "PCS",
      "secondaryOrderQuantity" : 0.00000,
      "secondaryUnitOfMeasure" : "PCS",
      "baseCurrency" : "IDR",
      "transactionCurrency" : "IDR",
      "exchangeRate" : 1.000000000,
      "unitCost" : 0E-7,
      "extendedCost" : 0.00000,
      "unitPrice" : 2000.0000000,
      "extendedUnitPrice" : 2000.0000000,
      "extendedPrice" : 20000.00000,
      "taxBase" : 0.00000,
      "taxAmount" : 1636.36363,
      "foreignUnitPrice" : 0E-7,
      "foreignExtendedPrice" : 0.00000,
      "foreignTaxBase" : 0.00000,
      "foreignTaxAmount" : 0.00000,
      "projectId" : "",
      "profitCenterId" : "110",
      "accountId" : "",
      "paymentTermCode" : "N30",
      "holdCode" : "",
      "taxCode" : "INCL",
      "taxAllowance" : true,
      "taxRate" : 10.000000000000000,
      "guestServiceChargeRate" : 0E-15,
      "discountCode" : "",
      "discountRate" : 0E-15,
      "unitDiscountCode" : "D00",
      "unitDiscountRate" : 10.000000000000000,
      "lastStatus" : "520",
      "nextStatus" : "560",
      "orderDate" : "2018-11-13",
      "requestDate" : "2018-11-13",
      "promisedDeliveryDate" : null,
      "deliveryDate" : null,
      "closedDate" : null,
      "glDate" : null,
      "glClass" : "INFG",
      "originalDocumentNumber" : 0,
      "originalDocumentType" : "",
      "originalDocumentSequence" : 0,
      "originalDocumentDate" : null,
      "relatedDocumentNumber" : 0,
      "relatedDocumentType" : "",
      "relatedDocumentSequence" : 0,
      "serverOperatorCode" : "",
      "categoryCode" : "",
      "brandCode" : "",
      "typeCode" : "",
      "landedCostRule" : "",
      "containerSize" : "",
      "stuffingType" : "",
      "containerLoadType" : "",
      "jobNo" : "",
      "shipmentId" : "",
      "packinglistId" : "",
      "deliveryOrderNumber" : "",
      "sealNumber" : "",
      "feederVessel" : "",
      "connectingVessel" : "",
      "shippedBy" : "",
      "containerId" : "",
      "vehicleRegistrationNumber" : "",
      "vehicleType" : "",
      "weightQuantity" : 0.00000,
      "weightUnitOfMeasure" : "",
      "volumeQuantity" : 0.00000,
      "volumeUnitOfMeasure" : "",
      "userReservedNumber1" : 0,
      "userReservedNumber2" : 0,
      "orderTransactionType" : "",
      "objectId" : "F4211",
      "setForVoid" : false,
      "status" : "CLOSED",
      "lastUpdateDateTime" : "2018-12-27T11:25:55",
      "inputDateTime" : "2018-11-13T16:27:23",
      "extended" : false,
      "unitDiscountAmount" : 2000.00,
      "priceAfterUnitDiscount" : 18000.00000,
      "voided" : false
    },
    "originalDocumentNumber" : 0,
    "originalDocumentType" : "",
    "originalDocumentSequence" : 0,
    "originalDocumentDate" : null,
    "customerOrderNumber" : "",
    "customerOrderDate" : null,
    "vendorInvoiceNumber" : "",
    "vendorInvoiceDate" : null,
    "taxInvoiceNumber" : "",
    "taxInvoiceDate" : null,
    "timesInvoicePrinted" : 0,
    "timesDeliveryOrderPrinted" : 0,
    "inventoryTransactionType" : "",
    "description" : "TEST",
    "description2" : "",
    "containerId" : "",
    "shipmentCondition" : "",
    "portOfDepartureId" : "",
    "portOfArrivalId" : "",
    "estimatedTimeOfDeparture" : null,
    "estimatedTimeOfArrival" : null,
    "actualTimeOfDeparture" : null,
    "actualTimeOfArrival" : null,
    "dateOfLoading" : null,
    "dateOfUnloading" : null,
    "dateOfDocking" : null,
    "deliveryDate" : null,
    "exportDeclarationNumber" : "",
    "exportDeclarationDate" : null,
    "freightBillingNumber" : "",
    "freightBillingDate" : null,
    "exportApprovalNumber" : "",
    "exportApprovalDate" : null,
    "jobNo" : "",
    "shipmentId" : "",
    "packinglistId" : "",
    "deliveryOrderNumber" : "",
    "sealNumber" : "",
    "serverOperatorCode" : "",
    "categoryCode" : "",
    "brandCode" : "",
    "typeCode" : "",
    "landedCostRule" : "",
    "containerSize" : "",
    "stuffingType" : "",
    "containerLoadType" : "",
    "feederVessel" : "",
    "connectingVessel" : "",
    "shippedBy" : "",
    "partnerRepresentativeId" : "",
    "objectId" : "",
    "recordId" : "",
    "additive" : false,
    "transactionDate" : "2018-12-27",
    "businessPartnerId" : "1479",
    "serialOrLotNumbers" : [ ],
    "lastUpdateDateTime" : "2018-12-27T11:25:55",
    "inputDateTime" : "2018-12-27T11:25:55",
    "quantity" : 10.00000,
    "voided" : false,
    "_links" : {
      "self" : {
        "href" : "http://localhost/api/salesShipments/11000_99999999_SI_10"
      },
      "salesShipment" : {
        "href" : "http://localhost/api/salesShipments/11000_99999999_SI_10"
      },
      "item" : {
        "href" : "http://localhost/api/salesShipments/11000_99999999_SI_10/item"
      },
      "serialNumbers" : {
        "href" : "http://localhost/api/salesShipments/11000_99999999_SI_10/serialNumbers"
      }
    }
  }, {
    "inputUserId" : "username",
    "lastUpdateUserId" : "username",
    "computerId" : "username",
    "companyId" : "11000",
    "documentNumber" : 99999999,
    "documentType" : "SI",
    "sequence" : 20,
    "businessUnitId" : "110",
    "batchNumber" : 424,
    "batchType" : "S",
    "customerId" : "1479",
    "receiverId" : "1479",
    "expeditionId" : "",
    "payerId" : "",
    "salesmanId" : "",
    "baseCurrency" : "IDR",
    "transactionCurrency" : "IDR",
    "exchangeRate" : 1.000000000,
    "itemCode" : "TEST2",
    "locationId" : "ABC.1.2.3",
    "serialLotNo" : "",
    "itemDescription" : "tes2",
    "lineType" : "N",
    "unitOfMeasure" : "MT",
    "unitConversionFactor" : 3.280800000,
    "primaryTransactionQuantity" : 1.64040,
    "primaryUnitOfMeasure" : "FT",
    "secondaryTransactionQuantity" : 0.00000,
    "secondaryUnitOfMeasure" : "IN",
    "unitPrice" : 2000.0000000,
    "extendedPrice" : 39369.60000,
    "taxBase" : 0.00000,
    "taxAmount" : 3579.05454,
    "unitCost" : 0E-7,
    "extendedCost" : 0.00000,
    "foreignUnitPrice" : 0E-7,
    "foreignExtendedPrice" : 0.00000,
    "foreignTaxBase" : 0.00000,
    "foreignTaxAmount" : 0.00000,
    "projectId" : "",
    "profitCenterId" : "110",
    "accountId" : "",
    "paymentTermCode" : "N30",
    "taxCode" : "INCL",
    "taxAllowance" : true,
    "taxRate" : 10.000000000000000,
    "guestServiceChargeRate" : 0E-15,
    "discountCode" : "",
    "discountRate" : 0E-15,
    "unitDiscountCode" : "",
    "unitDiscountRate" : 0E-15,
    "lastStatus" : "560",
    "nextStatus" : "580",
    "glClass" : "INFG",
    "invoiceNumber" : 0,
    "invoiceType" : "",
    "invoiceSequence" : 0,
    "invoiceDate" : null,
    "orderNumber" : 181100001,
    "orderType" : "SO",
    "orderSequence" : 20,
    "salesDetail" : {
      "inputUserId" : "QSA",
      "lastUpdateUserId" : "username",
      "computerId" : "username",
      "companyId" : "11000",
      "salesOrderNumber" : 181100001,
      "salesOrderType" : "SO",
      "salesOrderSequence" : 20,
      "documentNumber" : 181100001,
      "documentType" : "SO",
      "sequence" : 20,
      "businessUnitId" : "110",
      "customerId" : "1479",
      "receiverId" : "1479",
      "expeditionId" : "",
      "payerId" : "",
      "salesmanId" : "9007",
      "partnerRepresentativeId" : "",
      "itemCode" : "TEST2",
      "locationId" : "ABC.1.2.3",
      "serialLotNo" : "",
      "itemDescription" : "tes2",
      "lineType" : "N",
      "quantity" : 30.00000,
      "extendedQuantity" : 0.00000,
      "shippedQuantity" : 19.68500,
      "cancelledQuantity" : 0.00000,
      "returnedQuantity" : 0.00000,
      "openQuantity" : 10.31500,
      "unitOfMeasure" : "IN",
      "extendedUnitOfMeasure" : "",
      "unitConversionFactor" : 0.083333333,
      "extendedUnitConversionFactor" : 0E-9,
      "primaryOrderQuantity" : 2.50000,
      "primaryUnitOfMeasure" : "FT",
      "secondaryOrderQuantity" : 0.00000,
      "secondaryUnitOfMeasure" : "IN",
      "baseCurrency" : "IDR",
      "transactionCurrency" : "IDR",
      "exchangeRate" : 1.000000000,
      "unitCost" : 0E-7,
      "extendedCost" : 0.00000,
      "unitPrice" : 2000.0000000,
      "extendedUnitPrice" : 0E-7,
      "extendedPrice" : 60000.00000,
      "taxBase" : 0.00000,
      "taxAmount" : 5454.54545,
      "foreignUnitPrice" : 0E-7,
      "foreignExtendedPrice" : 0.00000,
      "foreignTaxBase" : 0.00000,
      "foreignTaxAmount" : 0.00000,
      "projectId" : "",
      "profitCenterId" : "110",
      "accountId" : "",
      "paymentTermCode" : "N30",
      "holdCode" : "",
      "taxCode" : "INCL",
      "taxAllowance" : true,
      "taxRate" : 10.000000000000000,
      "guestServiceChargeRate" : 0E-15,
      "discountCode" : "",
      "discountRate" : 0E-15,
      "unitDiscountCode" : "",
      "unitDiscountRate" : 0E-15,
      "lastStatus" : "520",
      "nextStatus" : "560",
      "orderDate" : "2018-11-13",
      "requestDate" : "2018-11-13",
      "promisedDeliveryDate" : null,
      "deliveryDate" : null,
      "closedDate" : null,
      "glDate" : null,
      "glClass" : "INFG",
      "originalDocumentNumber" : 0,
      "originalDocumentType" : "",
      "originalDocumentSequence" : 0,
      "originalDocumentDate" : null,
      "relatedDocumentNumber" : 0,
      "relatedDocumentType" : "",
      "relatedDocumentSequence" : 0,
      "serverOperatorCode" : "",
      "categoryCode" : "",
      "brandCode" : "",
      "typeCode" : "",
      "landedCostRule" : "",
      "containerSize" : "",
      "stuffingType" : "",
      "containerLoadType" : "",
      "jobNo" : "",
      "shipmentId" : "",
      "packinglistId" : "",
      "deliveryOrderNumber" : "",
      "sealNumber" : "",
      "feederVessel" : "",
      "connectingVessel" : "",
      "shippedBy" : "",
      "containerId" : "",
      "vehicleRegistrationNumber" : "",
      "vehicleType" : "",
      "weightQuantity" : 0.00000,
      "weightUnitOfMeasure" : "",
      "volumeQuantity" : 0.00000,
      "volumeUnitOfMeasure" : "",
      "userReservedNumber1" : 0,
      "userReservedNumber2" : 0,
      "orderTransactionType" : "",
      "objectId" : "F4211",
      "setForVoid" : false,
      "status" : "ETC",
      "lastUpdateDateTime" : "2018-12-27T11:25:55",
      "inputDateTime" : "2018-11-13T16:28:05",
      "extended" : false,
      "unitDiscountAmount" : 0.00,
      "priceAfterUnitDiscount" : 60000.00000,
      "voided" : false
    },
    "originalDocumentNumber" : 0,
    "originalDocumentType" : "",
    "originalDocumentSequence" : 0,
    "originalDocumentDate" : null,
    "customerOrderNumber" : "",
    "customerOrderDate" : null,
    "vendorInvoiceNumber" : "",
    "vendorInvoiceDate" : null,
    "taxInvoiceNumber" : "",
    "taxInvoiceDate" : null,
    "timesInvoicePrinted" : 0,
    "timesDeliveryOrderPrinted" : 0,
    "inventoryTransactionType" : "",
    "description" : "TEST",
    "description2" : "",
    "containerId" : "",
    "shipmentCondition" : "",
    "portOfDepartureId" : "",
    "portOfArrivalId" : "",
    "estimatedTimeOfDeparture" : null,
    "estimatedTimeOfArrival" : null,
    "actualTimeOfDeparture" : null,
    "actualTimeOfArrival" : null,
    "dateOfLoading" : null,
    "dateOfUnloading" : null,
    "dateOfDocking" : null,
    "deliveryDate" : null,
    "exportDeclarationNumber" : "",
    "exportDeclarationDate" : null,
    "freightBillingNumber" : "",
    "freightBillingDate" : null,
    "exportApprovalNumber" : "",
    "exportApprovalDate" : null,
    "jobNo" : "",
    "shipmentId" : "",
    "packinglistId" : "",
    "deliveryOrderNumber" : "",
    "sealNumber" : "",
    "serverOperatorCode" : "",
    "categoryCode" : "",
    "brandCode" : "",
    "typeCode" : "",
    "landedCostRule" : "",
    "containerSize" : "",
    "stuffingType" : "",
    "containerLoadType" : "",
    "feederVessel" : "",
    "connectingVessel" : "",
    "shippedBy" : "",
    "partnerRepresentativeId" : "",
    "objectId" : "",
    "recordId" : "",
    "additive" : false,
    "transactionDate" : "2018-12-27",
    "businessPartnerId" : "1479",
    "serialOrLotNumbers" : [ ],
    "lastUpdateDateTime" : "2018-12-27T11:25:55",
    "inputDateTime" : "2018-12-27T11:25:55",
    "quantity" : 0.50000,
    "voided" : false,
    "_links" : {
      "self" : {
        "href" : "http://localhost/api/salesShipments/11000_99999999_SI_20"
      },
      "salesShipment" : {
        "href" : "http://localhost/api/salesShipments/11000_99999999_SI_20"
      },
      "item" : {
        "href" : "http://localhost/api/salesShipments/11000_99999999_SI_20/item"
      },
      "serialNumbers" : {
        "href" : "http://localhost/api/salesShipments/11000_99999999_SI_20/serialNumbers"
      }
    }
  }, {
    "inputUserId" : "username",
    "lastUpdateUserId" : "username",
    "computerId" : "username",
    "companyId" : "11000",
    "documentNumber" : 99999999,
    "documentType" : "SI",
    "sequence" : 30,
    "businessUnitId" : "110",
    "batchNumber" : 424,
    "batchType" : "S",
    "customerId" : "1479",
    "receiverId" : "1479",
    "expeditionId" : "",
    "payerId" : "",
    "salesmanId" : "",
    "baseCurrency" : "IDR",
    "transactionCurrency" : "IDR",
    "exchangeRate" : 1.000000000,
    "itemCode" : "ACC.BROTHER-LT6505",
    "locationId" : "GDU",
    "serialLotNo" : "",
    "itemDescription" : "Brother Optional Paper Tray 520 Sheet White",
    "lineType" : "S",
    "unitOfMeasure" : "UNT",
    "unitConversionFactor" : 1.000000000,
    "primaryTransactionQuantity" : 3.00000,
    "primaryUnitOfMeasure" : "UNT",
    "secondaryTransactionQuantity" : 0.00000,
    "secondaryUnitOfMeasure" : "UNT",
    "unitPrice" : 3000.0000000,
    "extendedPrice" : 9000.00000,
    "taxBase" : 0.00000,
    "taxAmount" : 818.18182,
    "unitCost" : 0E-7,
    "extendedCost" : 0.00000,
    "foreignUnitPrice" : 0E-7,
    "foreignExtendedPrice" : 0.00000,
    "foreignTaxBase" : 0.00000,
    "foreignTaxAmount" : 0.00000,
    "projectId" : "",
    "profitCenterId" : "110",
    "accountId" : "",
    "paymentTermCode" : "N30",
    "taxCode" : "INCL",
    "taxAllowance" : true,
    "taxRate" : 10.000000000000000,
    "guestServiceChargeRate" : 0E-15,
    "discountCode" : "",
    "discountRate" : 0E-15,
    "unitDiscountCode" : "",
    "unitDiscountRate" : 0E-15,
    "lastStatus" : "560",
    "nextStatus" : "580",
    "glClass" : "INFG",
    "invoiceNumber" : 0,
    "invoiceType" : "",
    "invoiceSequence" : 0,
    "invoiceDate" : null,
    "orderNumber" : 181100001,
    "orderType" : "SO",
    "orderSequence" : 30,
    "salesDetail" : {
      "inputUserId" : "QSA",
      "lastUpdateUserId" : "username",
      "computerId" : "username",
      "companyId" : "11000",
      "salesOrderNumber" : 181100001,
      "salesOrderType" : "SO",
      "salesOrderSequence" : 30,
      "documentNumber" : 181100001,
      "documentType" : "SO",
      "sequence" : 30,
      "businessUnitId" : "110",
      "customerId" : "1479",
      "receiverId" : "1479",
      "expeditionId" : "",
      "payerId" : "",
      "salesmanId" : "9007",
      "partnerRepresentativeId" : "",
      "itemCode" : "ACC.BROTHER-LT6505",
      "locationId" : "GDU",
      "serialLotNo" : "",
      "itemDescription" : "Brother Optional Paper Tray 520 Sheet White",
      "lineType" : "S",
      "quantity" : 5.00000,
      "extendedQuantity" : 0.00000,
      "shippedQuantity" : 3.00000,
      "cancelledQuantity" : 0.00000,
      "returnedQuantity" : 0.00000,
      "openQuantity" : 2.00000,
      "unitOfMeasure" : "UNT",
      "extendedUnitOfMeasure" : "",
      "unitConversionFactor" : 1.000000000,
      "extendedUnitConversionFactor" : 0E-9,
      "primaryOrderQuantity" : 5.00000,
      "primaryUnitOfMeasure" : "UNT",
      "secondaryOrderQuantity" : 0.00000,
      "secondaryUnitOfMeasure" : "UNT",
      "baseCurrency" : "IDR",
      "transactionCurrency" : "IDR",
      "exchangeRate" : 1.000000000,
      "unitCost" : 0E-7,
      "extendedCost" : 0.00000,
      "unitPrice" : 3000.0000000,
      "extendedUnitPrice" : 0E-7,
      "extendedPrice" : 15000.00000,
      "taxBase" : 0.00000,
      "taxAmount" : 1363.63636,
      "foreignUnitPrice" : 0E-7,
      "foreignExtendedPrice" : 0.00000,
      "foreignTaxBase" : 0.00000,
      "foreignTaxAmount" : 0.00000,
      "projectId" : "",
      "profitCenterId" : "110",
      "accountId" : "",
      "paymentTermCode" : "N30",
      "holdCode" : "",
      "taxCode" : "INCL",
      "taxAllowance" : true,
      "taxRate" : 10.000000000000000,
      "guestServiceChargeRate" : 0E-15,
      "discountCode" : "",
      "discountRate" : 0E-15,
      "unitDiscountCode" : "",
      "unitDiscountRate" : 0E-15,
      "lastStatus" : "520",
      "nextStatus" : "560",
      "orderDate" : "2018-11-13",
      "requestDate" : "2018-11-13",
      "promisedDeliveryDate" : null,
      "deliveryDate" : null,
      "closedDate" : null,
      "glDate" : null,
      "glClass" : "INFG",
      "originalDocumentNumber" : 0,
      "originalDocumentType" : "",
      "originalDocumentSequence" : 0,
      "originalDocumentDate" : null,
      "relatedDocumentNumber" : 0,
      "relatedDocumentType" : "",
      "relatedDocumentSequence" : 0,
      "serverOperatorCode" : "",
      "categoryCode" : "",
      "brandCode" : "",
      "typeCode" : "",
      "landedCostRule" : "",
      "containerSize" : "",
      "stuffingType" : "",
      "containerLoadType" : "",
      "jobNo" : "",
      "shipmentId" : "",
      "packinglistId" : "",
      "deliveryOrderNumber" : "",
      "sealNumber" : "",
      "feederVessel" : "",
      "connectingVessel" : "",
      "shippedBy" : "",
      "containerId" : "",
      "vehicleRegistrationNumber" : "",
      "vehicleType" : "",
      "weightQuantity" : 0.00000,
      "weightUnitOfMeasure" : "",
      "volumeQuantity" : 0.00000,
      "volumeUnitOfMeasure" : "",
      "userReservedNumber1" : 0,
      "userReservedNumber2" : 0,
      "orderTransactionType" : "",
      "objectId" : "F4211",
      "setForVoid" : false,
      "status" : "ETC",
      "lastUpdateDateTime" : "2018-12-27T11:25:55",
      "inputDateTime" : "2018-11-13T16:29:45",
      "extended" : false,
      "unitDiscountAmount" : 0.00,
      "priceAfterUnitDiscount" : 15000.00000,
      "voided" : false
    },
    "originalDocumentNumber" : 0,
    "originalDocumentType" : "",
    "originalDocumentSequence" : 0,
    "originalDocumentDate" : null,
    "customerOrderNumber" : "",
    "customerOrderDate" : null,
    "vendorInvoiceNumber" : "",
    "vendorInvoiceDate" : null,
    "taxInvoiceNumber" : "",
    "taxInvoiceDate" : null,
    "timesInvoicePrinted" : 0,
    "timesDeliveryOrderPrinted" : 0,
    "inventoryTransactionType" : "",
    "description" : "TEST",
    "description2" : "",
    "containerId" : "",
    "shipmentCondition" : "",
    "portOfDepartureId" : "",
    "portOfArrivalId" : "",
    "estimatedTimeOfDeparture" : null,
    "estimatedTimeOfArrival" : null,
    "actualTimeOfDeparture" : null,
    "actualTimeOfArrival" : null,
    "dateOfLoading" : null,
    "dateOfUnloading" : null,
    "dateOfDocking" : null,
    "deliveryDate" : null,
    "exportDeclarationNumber" : "",
    "exportDeclarationDate" : null,
    "freightBillingNumber" : "",
    "freightBillingDate" : null,
    "exportApprovalNumber" : "",
    "exportApprovalDate" : null,
    "jobNo" : "",
    "shipmentId" : "",
    "packinglistId" : "",
    "deliveryOrderNumber" : "",
    "sealNumber" : "",
    "serverOperatorCode" : "",
    "categoryCode" : "",
    "brandCode" : "",
    "typeCode" : "",
    "landedCostRule" : "",
    "containerSize" : "",
    "stuffingType" : "",
    "containerLoadType" : "",
    "feederVessel" : "",
    "connectingVessel" : "",
    "shippedBy" : "",
    "partnerRepresentativeId" : "",
    "objectId" : "",
    "recordId" : "",
    "additive" : false,
    "transactionDate" : "2018-12-27",
    "businessPartnerId" : "1479",
    "serialOrLotNumbers" : [ "serialNoA", "serialNoB", "serialNoC" ],
    "lastUpdateDateTime" : "2018-12-27T11:25:55",
    "inputDateTime" : "2018-12-27T11:25:55",
    "quantity" : 3.00000,
    "voided" : false,
    "_links" : {
      "self" : {
        "href" : "http://localhost/api/salesShipments/11000_99999999_SI_30"
      },
      "salesShipment" : {
        "href" : "http://localhost/api/salesShipments/11000_99999999_SI_30"
      },
      "item" : {
        "href" : "http://localhost/api/salesShipments/11000_99999999_SI_30/item"
      },
      "serialNumbers" : {
        "href" : "http://localhost/api/salesShipments/11000_99999999_SI_30/serialNumbers"
      }
    }
  } ],
  "_links" : {
    "self" : {
      "href" : "http://localhost/api/salesShipments/11000_99999999_SI_10"
    }
  }
}
    Forwarded URL = null
   Redirected URL = null
          Cookies = []
Hibernate: select nextnumber0_.ncdocty as ncdocty1_3_0_, nextnumber0_.nccid as nccid2_3_0_, nextnumber0_.ncdtin as ncdtin3_3_0_, nextnumber0_.nctmin as nctmin4_3_0_, nextnumber0_.ncuid as ncuid5_3_0_, nextnumber0_.ncdtlu as ncdtlu6_3_0_, nextnumber0_.nctmlu as nctmlu7_3_0_, nextnumber0_.ncuidm as ncuidm8_3_0_, nextnumber0_.ncinmo as ncinmo9_3_0_, nextnumber0_.ncinyr as ncinyr10_3_0_, nextnumber0_.ncrsmt as ncrsmt11_3_0_, nextnumber0_.ncrsat as ncrsat12_3_0_ from t0010n nextnumber0_ where nextnumber0_.ncdocty=?
Hibernate: select nextnumber0_.nncoid as nncoid1_0_0_, nextnumber0_.nndocbty as nndocbty2_0_0_, nextnumber0_.nnmo as nnmo3_0_0_, nextnumber0_.nnyr as nnyr4_0_0_, nextnumber0_.nncid as nncid5_0_0_, nextnumber0_.nndtin as nndtin6_0_0_, nextnumber0_.nntmin as nntmin7_0_0_, nextnumber0_.nnuid as nnuid8_0_0_, nextnumber0_.nndtlu as nndtlu9_0_0_, nextnumber0_.nntmlu as nntmlu10_0_0_, nextnumber0_.nnuidm as nnuidm11_0_0_, nextnumber0_.nnseq as nnseq12_0_0_ from t0002 nextnumber0_ where nextnumber0_.nncoid=? and nextnumber0_.nndocbty=? and nextnumber0_.nnmo=? and nextnumber0_.nnyr=?
Hibernate: select nextnumber0_.nncoid as nncoid1_0_0_, nextnumber0_.nndocbty as nndocbty2_0_0_, nextnumber0_.nnmo as nnmo3_0_0_, nextnumber0_.nnyr as nnyr4_0_0_, nextnumber0_.nncid as nncid5_0_0_, nextnumber0_.nndtin as nndtin6_0_0_, nextnumber0_.nntmin as nntmin7_0_0_, nextnumber0_.nnuid as nnuid8_0_0_, nextnumber0_.nndtlu as nndtlu9_0_0_, nextnumber0_.nntmlu as nntmlu10_0_0_, nextnumber0_.nnuidm as nnuidm11_0_0_, nextnumber0_.nnseq as nnseq12_0_0_ from t0002 nextnumber0_ where nextnumber0_.nncoid=? and nextnumber0_.nndocbty=? and nextnumber0_.nnmo=? and nextnumber0_.nnyr=?
Hibernate: select details0_.sdcoid as sdcoid1_37_0_, details0_.sddocono as sddocono2_37_0_, details0_.sddocoty as sddocoty4_37_0_, details0_.sddocosq as sddocosq3_37_0_, details0_.sdcoid as sdcoid1_37_1_, details0_.sddocono as sddocono2_37_1_, details0_.sddocosq as sddocosq3_37_1_, details0_.sddocoty as sddocoty4_37_1_, details0_.sdcid as sdcid5_37_1_, details0_.sddtin as sddtin6_37_1_, details0_.sdtmin as sdtmin7_37_1_, details0_.sduid as sduid8_37_1_, details0_.sddtlu as sddtlu9_37_1_, details0_.sdtmlu as sdtmlu10_37_1_, details0_.sduidm as sduidm11_37_1_, details0_.sdacid as sdacid12_37_1_, details0_.sdcrcb as sdcrcb13_37_1_, details0_.sditc02 as sditc14_37_1_, details0_.sdbuid as sdbuid15_37_1_, details0_.sdqtycl as sdqtycl16_37_1_, details0_.sditc01 as sditc17_37_1_, details0_.sdcldt as sdcldt18_37_1_, details0_.sdcnid as sdcnid19_37_1_, details0_.sdcsid as sdcsid20_37_1_, details0_.sddldt as sddldt21_37_1_, details0_.sddccd as sddccd22_37_1_, details0_.sddcrt as sddcrt23_37_1_, details0_.sdexcrt as sdexcrt24_37_1_, details0_.sdexid as sdexid25_37_1_, details0_.sdexcost as sdexcos26_37_1_, details0_.sdexprice as sdexpri27_37_1_, details0_.sdqtyx as sdqtyx28_37_1_, details0_.sducfx as sducfx29_37_1_, details0_.sduomx as sduomx30_37_1_, details0_.sdunpricex as sdunpri31_37_1_, details0_.sdfep as sdfep32_37_1_, details0_.sdfta as sdfta33_37_1_, details0_.sdftb as sdftb34_37_1_, details0_.sdfup as sdfup35_37_1_, details0_.sdglcls as sdglcls36_37_1_, details0_.sdgldt as sdgldt37_37_1_, details0_.sdgscrt as sdgscrt38_37_1_, details0_.sdhcod as sdhcod39_37_1_, details0_.sdir02 as sdir40_37_1_, details0_.sdir01 as sdir41_37_1_, details0_.sdir03 as sdir42_37_1_, details0_.sdinum as sdinum43_37_1_, details0_.sddesb1 as sddesb44_37_1_, details0_.sditc05 as sditc45_37_1_, details0_.sdlst as sdlst46_37_1_, details0_.sdlnty as sdlnty47_37_1_, details0_.sdlocid as sdlocid48_37_1_, details0_.sdnst as sdnst49_37_1_, details0_.sdobid as sdobid50_37_1_, details0_.sdqtyop as sdqtyop51_37_1_, details0_.sdordt as sdordt52_37_1_, details0_.sdott as sdott53_37_1_, details0_.sdordocdt as sdordoc54_37_1_, details0_.sdordocno as sdordoc55_37_1_, details0_.sdordocsq as sdordoc56_37_1_, details0_.sdordocty as sdordoc57_37_1_, details0_.sdprid as sdprid58_37_1_, details0_.sdpyid as sdpyid59_37_1_, details0_.sdptc as sdptc60_37_1_, details0_.sdpqor as sdpqor61_37_1_, details0_.sduom1 as sduom62_37_1_, details0_.sdrbuid as sdrbuid63_37_1_, details0_.sdpjid as sdpjid64_37_1_, details0_.sdpddt as sdpddt65_37_1_, details0_.sdqty as sdqty66_37_1_, details0_.sdstid as sdstid67_37_1_, details0_.sdvr04 as sdvr68_37_1_, details0_.sdvr01 as sdvr69_37_1_, details0_.sdvr03 as sdvr70_37_1_, details0_.sdvr05 as sdvr71_37_1_, details0_.sdvr02 as sdvr72_37_1_, details0_.sdrldocno as sdrldoc73_37_1_, details0_.sdrldocsq as sdrldoc74_37_1_, details0_.sdrldocty as sdrldoc75_37_1_, details0_.sdrqdt as sdrqdt76_37_1_, details0_.sdqtyrn as sdqtyrn77_37_1_, details0_.sdso03 as sdso78_37_1_, details0_.sdso01 as sdso79_37_1_, details0_.sdso02 as sdso80_37_1_, details0_.sdslid as sdslid81_37_1_, details0_.sdsqor as sdsqor82_37_1_, details0_.sduom2 as sduom83_37_1_, details0_.sdsnlot as sdsnlot84_37_1_, details0_.sdslrc1 as sdslrc85_37_1_, details0_.sdqtysh as sdqtysh86_37_1_, details0_.sdtaxal as sdtaxal87_37_1_, details0_.sdtaxam as sdtaxam88_37_1_, details0_.sdtaxab as sdtaxab89_37_1_, details0_.sdtaxcd as sdtaxcd90_37_1_, details0_.sdtaxrt as sdtaxrt91_37_1_, details0_.sdcrct as sdcrct92_37_1_, details0_.sditc03 as sditc93_37_1_, details0_.sducf as sducf94_37_1_, details0_.sduncost as sduncos95_37_1_, details0_.sdudc as sdudc96_37_1_, details0_.sdudf as sdudf97_37_1_, details0_.sduom as sduom98_37_1_, details0_.sdunprice as sdunpri99_37_1_, details0_.sdurnb1 as sdurnb100_37_1_, details0_.sdurnb2 as sdurnb101_37_1_, details0_.sdvhrn as sdvhrn102_37_1_, details0_.sdvhty as sdvhty103_37_1_, details0_.sdqtyvl as sdqtyv104_37_1_, details0_.sduomv as sduomv105_37_1_, details0_.sdqtywt as sdqtyw106_37_1_, details0_.sduomw as sduomw107_37_1_ from t4211 details0_ where details0_.sdcoid=? and details0_.sddocono=? and details0_.sddocoty=?
Hibernate: select TOP(?) lotmaster0_.ltbuid as ltbuid1_34_, lotmaster0_.ltinum as ltinum2_34_, lotmaster0_.ltsnlot as ltsnlot3_34_, lotmaster0_.ltcid as ltcid4_34_, lotmaster0_.ltdtin as ltdtin5_34_, lotmaster0_.lttmin as lttmin6_34_, lotmaster0_.ltuid as ltuid7_34_, lotmaster0_.ltdtlu as ltdtlu8_34_, lotmaster0_.lttmlu as lttmlu9_34_, lotmaster0_.ltuidm as ltuidm10_34_, lotmaster0_.ltbodt as ltbodt11_34_, lotmaster0_.ltbbdt as ltbbdt12_34_, lotmaster0_.ltcldt as ltcldt13_34_, lotmaster0_.ltexpdt as ltexpdt14_34_, lotmaster0_.ltldsc as ltldsc15_34_, lotmaster0_.ltledt as ltledt16_34_, lotmaster0_.ltlsc as ltlsc17_34_, lotmaster0_.ltmlot1 as ltmlot18_34_, lotmaster0_.ltmlot2 as ltmlot19_34_, lotmaster0_.ltmlot3 as ltmlot20_34_, lotmaster0_.ltohdt as ltohdt21_34_, lotmaster0_.ltsern as ltsern22_34_ from t4108 lotmaster0_ where (lower(lotmaster0_.ltbuid) like ? escape '!') and (lower(lotmaster0_.ltinum) like ? escape '!')
Hibernate: select stocktrans0_.itcoid as itcoid1_35_, stocktrans0_.itdocno as itdocno2_35_, stocktrans0_.itdocty as itdocty3_35_, stocktrans0_.itdocsq as itdocsq4_35_, stocktrans0_.itcid as itcid5_35_, stocktrans0_.itdtin as itdtin6_35_, stocktrans0_.ittmin as ittmin7_35_, stocktrans0_.ituid as ituid8_35_, stocktrans0_.itdtlu as itdtlu9_35_, stocktrans0_.ittmlu as ittmlu10_35_, stocktrans0_.ituidm as ituidm11_35_, stocktrans0_.iticu as iticu12_35_, stocktrans0_.itpost as itpost13_35_, stocktrans0_.iticut as iticut14_35_, stocktrans0_.itanum as itanum15_35_, stocktrans0_.itst as itst16_35_, stocktrans0_.itbuid as itbuid17_35_, stocktrans0_.itdesb2 as itdesb18_35_, stocktrans0_.itdocdt as itdocdt19_35_, stocktrans0_.itdocmo as itdocmo20_35_, stocktrans0_.itdoctm as itdoctm21_35_, stocktrans0_.itdocyr as itdocyr22_35_, stocktrans0_.itexpdt as itexpdt23_35_, stocktrans0_.itexcost as itexcos24_35_, stocktrans0_.itft as itft25_35_, stocktrans0_.itglcls as itglcls26_35_, stocktrans0_.itgldt as itgldt27_35_, stocktrans0_.itipcd as itipcd28_35_, stocktrans0_.ititt as ititt29_35_, stocktrans0_.itinum as itinum30_35_, stocktrans0_.itdesb1 as itdesb31_35_, stocktrans0_.itlocid as itlocid32_35_, stocktrans0_.itobid as itobid33_35_, stocktrans0_.itdocono as itdocon34_35_, stocktrans0_.itdocosq as itdocos35_35_, stocktrans0_.itdocoty as itdocot36_35_, stocktrans0_.itpqot as itpqot37_35_, stocktrans0_.ituom1 as ituom38_35_, stocktrans0_.itqty as itqty39_35_, stocktrans0_.itrecid as itrecid40_35_, stocktrans0_.itrldocno as itrldoc41_35_, stocktrans0_.itrldocsq as itrldoc42_35_, stocktrans0_.itrldocty as itrldoc43_35_, stocktrans0_.itsqot as itsqot44_35_, stocktrans0_.ituom2 as ituom45_35_, stocktrans0_.itsnlot as itsnlot46_35_, stocktrans0_.itucf as itucf47_35_, stocktrans0_.ituncost as ituncos48_35_, stocktrans0_.ituom as ituom49_35_, stocktrans0_.itdvs as itdvs50_35_ from t4111 stocktrans0_ where stocktrans0_.itcoid=? and stocktrans0_.itdocno=? and stocktrans0_.itdocty=?
Hibernate: select serialnumb0_.coid as coid1_43_0_, serialnumb0_.docno as docno2_43_0_, serialnumb0_.docty as docty3_43_0_, serialnumb0_.docsq as docsq4_43_0_, serialnumb0_.buid as buid5_43_0_, serialnumb0_.inum as inum6_43_0_, serialnumb0_.snlot as snlot7_43_0_, lotmaster1_.ltbuid as ltbuid1_34_1_, lotmaster1_.ltinum as ltinum2_34_1_, lotmaster1_.ltsnlot as ltsnlot3_34_1_, lotmaster1_.ltcid as ltcid4_34_1_, lotmaster1_.ltdtin as ltdtin5_34_1_, lotmaster1_.lttmin as lttmin6_34_1_, lotmaster1_.ltuid as ltuid7_34_1_, lotmaster1_.ltdtlu as ltdtlu8_34_1_, lotmaster1_.lttmlu as lttmlu9_34_1_, lotmaster1_.ltuidm as ltuidm10_34_1_, lotmaster1_.ltbodt as ltbodt11_34_1_, lotmaster1_.ltbbdt as ltbbdt12_34_1_, lotmaster1_.ltcldt as ltcldt13_34_1_, lotmaster1_.ltexpdt as ltexpdt14_34_1_, lotmaster1_.ltldsc as ltldsc15_34_1_, lotmaster1_.ltledt as ltledt16_34_1_, lotmaster1_.ltlsc as ltlsc17_34_1_, lotmaster1_.ltmlot1 as ltmlot18_34_1_, lotmaster1_.ltmlot2 as ltmlot19_34_1_, lotmaster1_.ltmlot3 as ltmlot20_34_1_, lotmaster1_.ltohdt as ltohdt21_34_1_, lotmaster1_.ltsern as ltsern22_34_1_ from transaction_serialnumbers serialnumb0_ inner join t4108 lotmaster1_ on serialnumb0_.buid=lotmaster1_.ltbuid and serialnumb0_.inum=lotmaster1_.ltinum and serialnumb0_.snlot=lotmaster1_.ltsnlot where serialnumb0_.coid=? and serialnumb0_.docno=? and serialnumb0_.docty=? and serialnumb0_.docsq=?
Hibernate: select serialnumb0_.coid as coid1_43_0_, serialnumb0_.docno as docno2_43_0_, serialnumb0_.docty as docty3_43_0_, serialnumb0_.docsq as docsq4_43_0_, serialnumb0_.buid as buid5_43_0_, serialnumb0_.inum as inum6_43_0_, serialnumb0_.snlot as snlot7_43_0_, lotmaster1_.ltbuid as ltbuid1_34_1_, lotmaster1_.ltinum as ltinum2_34_1_, lotmaster1_.ltsnlot as ltsnlot3_34_1_, lotmaster1_.ltcid as ltcid4_34_1_, lotmaster1_.ltdtin as ltdtin5_34_1_, lotmaster1_.lttmin as lttmin6_34_1_, lotmaster1_.ltuid as ltuid7_34_1_, lotmaster1_.ltdtlu as ltdtlu8_34_1_, lotmaster1_.lttmlu as lttmlu9_34_1_, lotmaster1_.ltuidm as ltuidm10_34_1_, lotmaster1_.ltbodt as ltbodt11_34_1_, lotmaster1_.ltbbdt as ltbbdt12_34_1_, lotmaster1_.ltcldt as ltcldt13_34_1_, lotmaster1_.ltexpdt as ltexpdt14_34_1_, lotmaster1_.ltldsc as ltldsc15_34_1_, lotmaster1_.ltledt as ltledt16_34_1_, lotmaster1_.ltlsc as ltlsc17_34_1_, lotmaster1_.ltmlot1 as ltmlot18_34_1_, lotmaster1_.ltmlot2 as ltmlot19_34_1_, lotmaster1_.ltmlot3 as ltmlot20_34_1_, lotmaster1_.ltohdt as ltohdt21_34_1_, lotmaster1_.ltsern as ltsern22_34_1_ from transaction_serialnumbers serialnumb0_ inner join t4108 lotmaster1_ on serialnumb0_.buid=lotmaster1_.ltbuid and serialnumb0_.inum=lotmaster1_.ltinum and serialnumb0_.snlot=lotmaster1_.ltsnlot where serialnumb0_.coid=? and serialnumb0_.docno=? and serialnumb0_.docty=? and serialnumb0_.docsq=?

MockHttpServletRequest:
      HTTP Method = GET
      Request URI = /api/stockTransactions/11000_99999999_SI_10
       Parameters = {}
          Headers = {Accept=[application/json]}
             Body = <no character encoding set>
    Session Attrs = {org.springframework.security.web.csrf.HttpSessionCsrfTokenRepository.CSRF_TOKEN=org.springframework.security.web.csrf.DefaultCsrfToken@900b4a4, SPRING_SECURITY_CONTEXT=org.springframework.security.core.context.SecurityContextImpl@475fcd89: Authentication: org.springframework.security.authentication.UsernamePasswordAuthenticationToken@475fcd89: Principal: org.springframework.security.core.userdetails.User@f02988d6: Username: username; Password: [PROTECTED]; Enabled: true; AccountNonExpired: true; credentialsNonExpired: true; AccountNonLocked: true; Not granted any authorities; Credentials: [PROTECTED]; Authenticated: true; Details: null; Not granted any authorities}

Handler:
             Type = ags.goldenlionerp.application.itemstock.stocktransaction.StockTransactionController
           Method = public org.springframework.hateoas.Resource<ags.goldenlionerp.application.itemstock.stocktransaction.StockTransactionHeader> ags.goldenlionerp.application.itemstock.stocktransaction.StockTransactionController.getItemTransaction(java.lang.String)

Async:
    Async started = false
     Async result = null

Resolved Exception:
             Type = null

ModelAndView:
        View name = null
             View = null
            Model = null

FlashMap:
       Attributes = null

MockHttpServletResponse:
           Status = 200
    Error message = null
          Headers = {Content-Type=[application/json;charset=UTF-8], X-Content-Type-Options=[nosniff], X-XSS-Protection=[1; mode=block], Cache-Control=[no-cache, no-store, max-age=0, must-revalidate], Pragma=[no-cache], Expires=[0], X-Frame-Options=[DENY]}
     Content type = application/json;charset=UTF-8
             Body = {
  "details" : [ {
    "inputUserId" : "username",
    "lastUpdateUserId" : "username",
    "computerId" : "username",
    "companyId" : "11000",
    "documentNumber" : 99999999,
    "documentType" : "SI",
    "sequence" : 10,
    "businessUnitId" : "110",
    "batchNumber" : 0,
    "batchType" : "",
    "glDate" : "2018-12-27",
    "itemCode" : "ACC.MOUSE-B100",
    "locationId" : "GDU",
    "serialLotNo" : "",
    "itemDescription" : "Logitech USB Mouse",
    "description" : "",
    "quantity" : 10.00000,
    "unitOfMeasure" : "PCS",
    "unitConversionFactor" : 0E-9,
    "primaryTransactionQuantity" : 10.00000,
    "primaryUnitOfMeasure" : "PCS",
    "secondaryTransactionQuantity" : 0.00000,
    "secondaryUnitOfMeasure" : "PCS",
    "unitCost" : 0E-7,
    "extendedCost" : 0.00000,
    "fromOrTo" : "T",
    "businessPartnerId" : "1479",
    "businessPartnerSearchType" : "",
    "batchPostingStatus" : "",
    "glClass" : "INFG",
    "expiredDate" : null,
    "orderNumber" : 181100001,
    "orderType" : "SO",
    "orderSequence" : 10,
    "relatedDocumentNumber" : 0,
    "relatedDocumentType" : "",
    "relatedDocumentSequence" : 0,
    "inventoryProcessingCode" : "",
    "inventoryTransactionType" : "",
    "voided" : false,
    "objectId" : "",
    "recordId" : "",
    "additive" : true,
    "transactionDate" : "2018-12-27",
    "serialOrLotNumbers" : [ ],
    "transactionTime" : "00:00:00",
    "transactionYear" : 2018,
    "transactionMonth" : "DECEMBER",
    "lastUpdateDateTime" : "2018-12-27T11:25:55",
    "inputDateTime" : "2018-12-27T11:25:55"
  }, {
    "inputUserId" : "username",
    "lastUpdateUserId" : "username",
    "computerId" : "username",
    "companyId" : "11000",
    "documentNumber" : 99999999,
    "documentType" : "SI",
    "sequence" : 30,
    "businessUnitId" : "110",
    "batchNumber" : 0,
    "batchType" : "",
    "glDate" : "2018-12-27",
    "itemCode" : "ACC.BROTHER-LT6505",
    "locationId" : "GDU",
    "serialLotNo" : "",
    "itemDescription" : "Brother Optional Paper Tray 520 Sheet White",
    "description" : "",
    "quantity" : 3.00000,
    "unitOfMeasure" : "UNT",
    "unitConversionFactor" : 0E-9,
    "primaryTransactionQuantity" : 3.00000,
    "primaryUnitOfMeasure" : "UNT",
    "secondaryTransactionQuantity" : 0.00000,
    "secondaryUnitOfMeasure" : "UNT",
    "unitCost" : 0E-7,
    "extendedCost" : 0.00000,
    "fromOrTo" : "T",
    "businessPartnerId" : "1479",
    "businessPartnerSearchType" : "",
    "batchPostingStatus" : "",
    "glClass" : "INFG",
    "expiredDate" : null,
    "orderNumber" : 181100001,
    "orderType" : "SO",
    "orderSequence" : 30,
    "relatedDocumentNumber" : 0,
    "relatedDocumentType" : "",
    "relatedDocumentSequence" : 0,
    "inventoryProcessingCode" : "",
    "inventoryTransactionType" : "",
    "voided" : false,
    "objectId" : "",
    "recordId" : "",
    "additive" : true,
    "transactionDate" : "2018-12-27",
    "serialOrLotNumbers" : [ "serialNoA", "serialNoB", "serialNoC" ],
    "transactionTime" : "00:00:00",
    "transactionYear" : 2018,
    "transactionMonth" : "DECEMBER",
    "lastUpdateDateTime" : "2018-12-27T11:25:55",
    "inputDateTime" : "2018-12-27T11:25:55"
  } ],
  "companyId" : "11000",
  "documentNumber" : 99999999,
  "documentType" : "SI",
  "documentDate" : "2018-12-27",
  "businessUnitId" : "110",
  "glDate" : "2018-12-27",
  "description" : ""
}
    Forwarded URL = null
   Redirected URL = null
          Cookies = []
Hibernate: select salesshipm0_.slcoid as slcoid1_38_, salesshipm0_.sldocno as sldocno2_38_, salesshipm0_.sldocty as sldocty3_38_, salesshipm0_.sldocsq as sldocsq4_38_, salesshipm0_.slcid as slcid5_38_, salesshipm0_.sldtin as sldtin6_38_, salesshipm0_.sltmin as sltmin7_38_, salesshipm0_.sluid as sluid8_38_, salesshipm0_.sldtlu as sldtlu9_38_, salesshipm0_.sltmlu as sltmlu10_38_, salesshipm0_.sluidm as sluidm11_38_, salesshipm0_.slacid as slacid12_38_, salesshipm0_.slata as slata13_38_, salesshipm0_.slatd as slatd14_38_, salesshipm0_.slcrcb as slcrcb15_38_, salesshipm0_.slicu as slicu16_38_, salesshipm0_.slicut as slicut17_38_, salesshipm0_.slitc02 as slitc18_38_, salesshipm0_.slbuid as slbuid19_38_, salesshipm0_.slitc01 as slitc20_38_, salesshipm0_.slcnid as slcnid21_38_, salesshipm0_.slcsid as slcsid22_38_, salesshipm0_.slcsdocdt as slcsdoc23_38_, salesshipm0_.slcsdocno as slcsdoc24_38_, salesshipm0_.sldod as sldod25_38_, salesshipm0_.sldol as sldol26_38_, salesshipm0_.sldou as sldou27_38_, salesshipm0_.sldldt as sldldt28_38_, salesshipm0_.sldesc1 as sldesc29_38_, salesshipm0_.sldesc2 as sldesc30_38_, salesshipm0_.sldccd as sldccd31_38_, salesshipm0_.sldcrt as sldcrt32_38_, salesshipm0_.sldocdt as sldocdt33_38_, salesshipm0_.sleta as sleta34_38_, salesshipm0_.sletd as sletd35_38_, salesshipm0_.slexcrt as slexcrt36_38_, salesshipm0_.slexid as slexid37_38_, salesshipm0_.slead as slead38_38_, salesshipm0_.slean as slean39_38_, salesshipm0_.sledd as sledd40_38_, salesshipm0_.sledn as sledn41_38_, salesshipm0_.slexcost as slexcos42_38_, salesshipm0_.slexprice as slexpri43_38_, salesshipm0_.slfep as slfep44_38_, salesshipm0_.slfta as slfta45_38_, salesshipm0_.slftb as slftb46_38_, salesshipm0_.slfup as slfup47_38_, salesshipm0_.slfbd as slfbd48_38_, salesshipm0_.slfbn as slfbn49_38_, salesshipm0_.slglcls as slglcls50_38_, salesshipm0_.slgscrt as slgscrt51_38_, salesshipm0_.slir02 as slir52_38_, salesshipm0_.slir01 as slir53_38_, salesshipm0_.slir03 as slir54_38_, salesshipm0_.slitt as slitt55_38_, salesshipm0_.sldocidt as sldocid56_38_, salesshipm0_.sldocino as sldocin57_38_, salesshipm0_.sldocisq as sldocis58_38_, salesshipm0_.sldocity as sldocit59_38_, salesshipm0_.slinum as slinum60_38_, salesshipm0_.sldesb1 as sldesb61_38_, salesshipm0_.slitc05 as slitc62_38_, salesshipm0_.sllst as sllst63_38_, salesshipm0_.sllnty as sllnty64_38_, salesshipm0_.sllocid as sllocid65_38_, salesshipm0_.slnst as slnst66_38_, salesshipm0_.slobid as slobid67_38_, salesshipm0_.sldocono as sldocon68_38_, salesshipm0_.sldocosq as sldocos69_38_, salesshipm0_.sldocoty as sldocot70_38_, salesshipm0_.slordocdt as slordoc71_38_, salesshipm0_.slordocno as slordoc72_38_, salesshipm0_.slordocsq as slordoc73_38_, salesshipm0_.slordocty as slordoc74_38_, salesshipm0_.slprid as slprid75_38_, salesshipm0_.slpyid as slpyid76_38_, salesshipm0_.slptc as slptc77_38_, salesshipm0_.slpoa as slpoa78_38_, salesshipm0_.slpod as slpod79_38_, salesshipm0_.slpqot as slpqot80_38_, salesshipm0_.sluom1 as sluom81_38_, salesshipm0_.slrbuid as slrbuid82_38_, salesshipm0_.slpjid as slpjid83_38_, salesshipm0_.slqty as slqty84_38_, salesshipm0_.slstid as slstid85_38_, salesshipm0_.slrecid as slrecid86_38_, salesshipm0_.slvr04 as slvr87_38_, salesshipm0_.slvr01 as slvr88_38_, salesshipm0_.slvr03 as slvr89_38_, salesshipm0_.slvr05 as slvr90_38_, salesshipm0_.slvr02 as slvr91_38_, salesshipm0_.slso03 as slso92_38_, salesshipm0_.slso01 as slso93_38_, salesshipm0_.slso02 as slso94_38_, salesshipm0_.slslid as slslid95_38_, salesshipm0_.slsqot as slsqot96_38_, salesshipm0_.sluom2 as sluom97_38_, salesshipm0_.slsnlot as slsnlot98_38_, salesshipm0_.slslrc1 as slslrc99_38_, salesshipm0_.slshcn as slshcn100_38_, salesshipm0_.sltaxal as sltaxa101_38_, salesshipm0_.sltaxam as sltaxa102_38_, salesshipm0_.sltaxab as sltaxa103_38_, salesshipm0_.sltaxcd as sltaxc104_38_, salesshipm0_.sltaxidt as sltaxi105_38_, salesshipm0_.sltaxino as sltaxi106_38_, salesshipm0_.sltaxrt as sltaxr107_38_, salesshipm0_.sldnop as sldnop108_38_, salesshipm0_.slinop as slinop109_38_, salesshipm0_.slcrct as slcrct110_38_, salesshipm0_.slitc03 as slitc111_38_, salesshipm0_.slucf as slucf112_38_, salesshipm0_.sluncost as slunco113_38_, salesshipm0_.sludc as sludc114_38_, salesshipm0_.sludf as sludf115_38_, salesshipm0_.sluom as sluom116_38_, salesshipm0_.slunprice as slunpr117_38_, salesshipm0_.slinvdt as slinvd118_38_, salesshipm0_.slinvno as slinvn119_38_ from t4212 salesshipm0_ where salesshipm0_.slcoid=? and salesshipm0_.sldocno=? and salesshipm0_.sldocty=?
2018-12-27 11:25:55.528  INFO 2120 --- [    Test worker] o.s.t.c.transaction.TransactionContext   : Rolled back transaction for test: [DefaultTestContext@37350c9d testClass = SalesShipmentApiTest, testInstance = ags.goldenlionerp.apiTests.sales.SalesShipmentApiTest@457c5737, testMethod = createTestWithPost@ApiTestBase, testException = [null], mergedContextConfiguration = [WebMergedContextConfiguration@13aa9a2c testClass = SalesShipmentApiTest, locations = '{}', classes = '{class ags.goldenlionerp.GoldenLionErpApplication}', contextInitializerClasses = '[]', activeProfiles = '{}', propertySourceLocations = '{classpath:test.properties}', propertySourceProperties = '{org.springframework.boot.test.context.SpringBootTestContextBootstrapper=true}', contextCustomizers = set[org.springframework.boot.test.autoconfigure.properties.PropertyMappingContextCustomizer@0, org.springframework.boot.test.autoconfigure.web.servlet.WebDriverContextCustomizerFactory$Customizer@636d731e, [ImportsContextCustomizer@2a93360c key = [ags.goldenlionerp.apiTests.ApiTestBase$TestConfig]], org.springframework.boot.test.context.filter.ExcludeFilterContextCustomizer@6afa5291, org.springframework.boot.test.json.DuplicateJsonObjectContextCustomizerFactory$DuplicateJsonObjectContextCustomizer@20cebcb4, org.springframework.boot.test.mock.mockito.MockitoContextCustomizer@0, org.springframework.boot.test.web.client.TestRestTemplateContextCustomizer@49a32273], resourceBasePath = 'src/main/webapp', contextLoader = 'org.springframework.boot.test.context.SpringBootContextLoader', parent = [null]], attributes = map['org.springframework.test.context.web.ServletTestExecutionListener.activateListener' -> true, 'org.springframework.test.context.web.ServletTestExecutionListener.populatedRequestContextHolder' -> true, 'org.springframework.test.context.web.ServletTestExecutionListener.resetRequestContextHolder' -> true]]
]]></system-out>
  <system-err><![CDATA[]]></system-err>
</testsuite>
