<?xml version="1.0" encoding="UTF-8"?>
<testsuite name="ags.goldenlionerp.application.item.uomconversion.StandardUomConversionServiceTest" tests="7" skipped="0" failures="0" errors="0" timestamp="2018-12-27T04:26:11" hostname="LAPTOP-FHFRCCL6" time="0.062">
  <properties/>
  <testcase name="testFindConversionValue" classname="ags.goldenlionerp.application.item.uomconversion.StandardUomConversionServiceTest" time="0.015"/>
  <testcase name="test1" classname="ags.goldenlionerp.application.item.uomconversion.StandardUomConversionServiceTest" time="0.007"/>
  <testcase name="test2" classname="ags.goldenlionerp.application.item.uomconversion.StandardUomConversionServiceTest" time="0.007"/>
  <testcase name="test3" classname="ags.goldenlionerp.application.item.uomconversion.StandardUomConversionServiceTest" time="0.005"/>
  <testcase name="test4" classname="ags.goldenlionerp.application.item.uomconversion.StandardUomConversionServiceTest" time="0.006"/>
  <testcase name="test5" classname="ags.goldenlionerp.application.item.uomconversion.StandardUomConversionServiceTest" time="0.008"/>
  <testcase name="test6" classname="ags.goldenlionerp.application.item.uomconversion.StandardUomConversionServiceTest" time="0.009"/>
  <system-out><![CDATA[2018-12-27 11:26:02.580  INFO 2120 --- [    Test worker] .b.t.c.SpringBootTestContextBootstrapper : Neither @ContextConfiguration nor @ContextHierarchy found for test class [ags.goldenlionerp.application.item.uomconversion.StandardUomConversionServiceTest], using SpringBootContextLoader
2018-12-27 11:26:02.582  INFO 2120 --- [    Test worker] o.s.t.c.support.AbstractContextLoader    : Could not detect default resource locations for test class [ags.goldenlionerp.application.item.uomconversion.StandardUomConversionServiceTest]: no resource found for suffixes {-context.xml, Context.groovy}.
2018-12-27 11:26:02.582  INFO 2120 --- [    Test worker] t.c.s.AnnotationConfigContextLoaderUtils : Could not detect default configuration classes for test class [ags.goldenlionerp.application.item.uomconversion.StandardUomConversionServiceTest]: StandardUomConversionServiceTest does not declare any static, non-private, non-final, nested classes annotated with @Configuration.
2018-12-27 11:26:03.339  INFO 2120 --- [    Test worker] .b.t.c.SpringBootTestContextBootstrapper : Found @SpringBootConfiguration ags.goldenlionerp.GoldenLionErpApplication for test class ags.goldenlionerp.application.item.uomconversion.StandardUomConversionServiceTest
2018-12-27 11:26:03.342  INFO 2120 --- [    Test worker] .b.t.c.SpringBootTestContextBootstrapper : Loaded default TestExecutionListener class names from location [META-INF/spring.factories]: [org.springframework.security.test.context.support.WithSecurityContextTestExecutionListener, org.springframework.security.test.context.support.ReactorContextTestExecutionListener, org.springframework.boot.test.autoconfigure.restdocs.RestDocsTestExecutionListener, org.springframework.boot.test.autoconfigure.web.client.MockRestServiceServerResetTestExecutionListener, org.springframework.boot.test.autoconfigure.web.servlet.MockMvcPrintOnlyOnFailureTestExecutionListener, org.springframework.boot.test.autoconfigure.web.servlet.WebDriverTestExecutionListener, org.springframework.boot.test.mock.mockito.MockitoTestExecutionListener, org.springframework.boot.test.mock.mockito.ResetMocksTestExecutionListener, org.springframework.test.context.web.ServletTestExecutionListener, org.springframework.test.context.support.DirtiesContextBeforeModesTestExecutionListener, org.springframework.test.context.support.DependencyInjectionTestExecutionListener, org.springframework.test.context.support.DirtiesContextTestExecutionListener, org.springframework.test.context.transaction.TransactionalTestExecutionListener, org.springframework.test.context.jdbc.SqlScriptsTestExecutionListener]
2018-12-27 11:26:03.343  INFO 2120 --- [    Test worker] .b.t.c.SpringBootTestContextBootstrapper : Using TestExecutionListeners: [org.springframework.test.context.web.ServletTestExecutionListener@5791dd69, org.springframework.test.context.support.DirtiesContextBeforeModesTestExecutionListener@5b40912e, org.springframework.boot.test.mock.mockito.MockitoTestExecutionListener@2cecc138, org.springframework.boot.test.autoconfigure.SpringBootDependencyInjectionTestExecutionListener@2f39a08a, org.springframework.test.context.support.DirtiesContextTestExecutionListener@761a4a91, org.springframework.test.context.transaction.TransactionalTestExecutionListener@298c6c9d, org.springframework.test.context.jdbc.SqlScriptsTestExecutionListener@63a38d95, org.springframework.security.test.context.support.WithSecurityContextTestExecutionListener@17c5c9b, org.springframework.security.test.context.support.ReactorContextTestExecutionListener@2596d0e7, org.springframework.boot.test.autoconfigure.restdocs.RestDocsTestExecutionListener@6f34a84c, org.springframework.boot.test.autoconfigure.web.client.MockRestServiceServerResetTestExecutionListener@10045f1a, org.springframework.boot.test.autoconfigure.web.servlet.MockMvcPrintOnlyOnFailureTestExecutionListener@737f4105, org.springframework.boot.test.autoconfigure.web.servlet.WebDriverTestExecutionListener@607da665, org.springframework.boot.test.mock.mockito.ResetMocksTestExecutionListener@2a4104ee]

  .   ____          _            __ _ _
 /\\ / ___'_ __ _ _(_)_ __  __ _ \ \ \ \
( ( )\___ | '_ | '_| | '_ \/ _` | \ \ \ \
 \\/  ___)| |_)| | | | | || (_| |  ) ) ) )
  '  |____| .__|_| |_|_| |_\__, | / / / /
 =========|_|==============|___/=/_/_/_/
 :: Spring Boot ::        (v2.0.2.RELEASE)

2018-12-27 11:26:03.412  INFO 2120 --- [    Test worker] g.a.i.u.StandardUomConversionServiceTest : Starting StandardUomConversionServiceTest on LAPTOP-FHFRCCL6 with PID 2120 (started by user in C:\Users\user\workspace_work\GoldenLionERP\GoldenLionERP_DistributionSystem)
2018-12-27 11:26:03.412  INFO 2120 --- [    Test worker] g.a.i.u.StandardUomConversionServiceTest : No active profile set, falling back to default profiles: default
2018-12-27 11:26:03.417  INFO 2120 --- [    Test worker] o.s.w.c.s.GenericWebApplicationContext   : Refreshing org.springframework.web.context.support.GenericWebApplicationContext@1a4a0019: startup date [Thu Dec 27 11:26:03 ICT 2018]; root of context hierarchy
2018-12-27 11:26:04.978  INFO 2120 --- [    Test worker] o.s.b.f.s.DefaultListableBeanFactory     : Overriding bean definition for bean 'httpRequestHandlerAdapter' with a different definition: replacing [Root bean: class [null]; scope=; abstract=false; lazyInit=false; autowireMode=3; dependencyCheck=0; autowireCandidate=true; primary=false; factoryBeanName=org.springframework.boot.autoconfigure.web.servlet.WebMvcAutoConfiguration$EnableWebMvcConfiguration; factoryMethodName=httpRequestHandlerAdapter; initMethodName=null; destroyMethodName=(inferred); defined in class path resource [org/springframework/boot/autoconfigure/web/servlet/WebMvcAutoConfiguration$EnableWebMvcConfiguration.class]] with [Root bean: class [null]; scope=; abstract=false; lazyInit=false; autowireMode=3; dependencyCheck=0; autowireCandidate=true; primary=false; factoryBeanName=org.springframework.data.rest.webmvc.config.RepositoryRestMvcConfiguration; factoryMethodName=httpRequestHandlerAdapter; initMethodName=null; destroyMethodName=(inferred); defined in class path resource [org/springframework/data/rest/webmvc/config/RepositoryRestMvcConfiguration.class]]
2018-12-27 11:26:05.101  INFO 2120 --- [    Test worker] f.a.AutowiredAnnotationBeanPostProcessor : JSR-330 'javax.inject.Inject' annotation found and supported for autowiring
2018-12-27 11:26:05.192  INFO 2120 --- [    Test worker] trationDelegate$BeanPostProcessorChecker : Bean 'org.springframework.transaction.annotation.ProxyTransactionManagementConfiguration' of type [org.springframework.transaction.annotation.ProxyTransactionManagementConfiguration$$EnhancerBySpringCGLIB$$68e7c50e] is not eligible for getting processed by all BeanPostProcessors (for example: not eligible for auto-proxying)
2018-12-27 11:26:05.449  INFO 2120 --- [    Test worker] com.zaxxer.hikari.HikariDataSource       : HikariPool-2 - Starting...
2018-12-27 11:26:05.560  INFO 2120 --- [    Test worker] com.zaxxer.hikari.HikariDataSource       : HikariPool-2 - Start completed.
2018-12-27 11:26:05.805  INFO 2120 --- [    Test worker] j.LocalContainerEntityManagerFactoryBean : Building JPA container EntityManagerFactory for persistence unit 'default'
2018-12-27 11:26:05.806  INFO 2120 --- [    Test worker] o.hibernate.jpa.internal.util.LogHelper  : HHH000204: Processing PersistenceUnitInfo [
	name: default
	...]
2018-12-27 11:26:05.930  INFO 2120 --- [    Test worker] org.hibernate.dialect.Dialect            : HHH000400: Using dialect: org.hibernate.dialect.SQLServer2012Dialect
2018-12-27 11:26:06.500  WARN 2120 --- [    Test worker] org.hibernate.mapping.RootClass          : HHH000038: Composite-id class does not override equals(): ags.goldenlionerp.application.itemstock.stocktransaction.StockTransactionPK
2018-12-27 11:26:06.500  WARN 2120 --- [    Test worker] org.hibernate.mapping.RootClass          : HHH000039: Composite-id class does not override hashCode(): ags.goldenlionerp.application.itemstock.stocktransaction.StockTransactionPK
2018-12-27 11:26:07.875  INFO 2120 --- [    Test worker] j.LocalContainerEntityManagerFactoryBean : Initialized JPA EntityManagerFactory for persistence unit 'default'
2018-12-27 11:26:08.430  INFO 2120 --- [    Test worker] o.h.h.i.QueryTranslatorFactoryInitiator  : HHH000397: Using ASTQueryTranslatorFactory
2018-12-27 11:26:09.409  WARN 2120 --- [    Test worker] .c.m.RepositoryCollectionResourceMapping : @RestResource detected to customize the repository resource for ags.goldenlionerp.application.accounting.accountledger.AccountingEntryRepository! Use @RepositoryRestResource instead!
Hibernate: select standarduo0_.ucuom as ucuom1_30_, standarduo0_.ucuomr as ucuomr2_30_, standarduo0_.uccid as uccid3_30_, standarduo0_.ucdtin as ucdtin4_30_, standarduo0_.uctmin as uctmin5_30_, standarduo0_.ucuid as ucuid6_30_, standarduo0_.ucdtlu as ucdtlu7_30_, standarduo0_.uctmlu as uctmlu8_30_, standarduo0_.ucuidm as ucuidm9_30_, standarduo0_.ucdtls as ucdtls10_30_, standarduo0_.uccnv as uccnv11_30_ from t41003 standarduo0_
2018-12-27 11:26:10.547  INFO 2120 --- [    Test worker] o.s.w.s.handler.SimpleUrlHandlerMapping  : Mapped URL path [/**/favicon.ico] onto handler of type [class org.springframework.web.servlet.resource.ResourceHttpRequestHandler]
2018-12-27 11:26:10.687  INFO 2120 --- [    Test worker] s.w.s.m.m.a.RequestMappingHandlerAdapter : Looking for @ControllerAdvice: org.springframework.web.context.support.GenericWebApplicationContext@1a4a0019: startup date [Thu Dec 27 11:26:03 ICT 2018]; root of context hierarchy
2018-12-27 11:26:10.695  WARN 2120 --- [    Test worker] aWebConfiguration$JpaWebMvcConfiguration : spring.jpa.open-in-view is enabled by default. Therefore, database queries may be performed during view rendering. Explicitly configure spring.jpa.open-in-view to disable this warning
2018-12-27 11:26:10.727  INFO 2120 --- [    Test worker] s.w.s.m.m.a.RequestMappingHandlerMapping : Mapped "{[/api/journalEntries/{id}],methods=[GET]}" onto public org.springframework.hateoas.Resource<?> ags.goldenlionerp.application.accounting.accountledger.JournalEntryController.getSingle(javax.servlet.http.HttpServletRequest,java.lang.String,boolean)
2018-12-27 11:26:10.728  INFO 2120 --- [    Test worker] s.w.s.m.m.a.RequestMappingHandlerMapping : Mapped "{[/api/journalEntries/{id}],methods=[PATCH || PUT]}" onto public org.springframework.http.ResponseEntity<?> ags.goldenlionerp.application.accounting.accountledger.JournalEntryController.noUpdateAllowed()
2018-12-27 11:26:10.728  INFO 2120 --- [    Test worker] s.w.s.m.m.a.RequestMappingHandlerMapping : Mapped "{[/api/journalEntries/{id}],methods=[DELETE]}" onto public org.springframework.http.ResponseEntity<?> ags.goldenlionerp.application.accounting.accountledger.JournalEntryController.voidDocument(java.lang.String)
2018-12-27 11:26:10.728  INFO 2120 --- [    Test worker] s.w.s.m.m.a.RequestMappingHandlerMapping : Mapped "{[/api/journalEntries/],methods=[POST]}" onto public org.springframework.http.ResponseEntity<?> ags.goldenlionerp.application.accounting.accountledger.JournalEntryController.postJournal(ags.goldenlionerp.application.accounting.accountledger.JournalEntryRequest)
2018-12-27 11:26:10.730  INFO 2120 --- [    Test worker] s.w.s.m.m.a.RequestMappingHandlerMapping : Mapped "{[/vouchers/],methods=[POST]}" onto public org.springframework.http.ResponseEntity<?> ags.goldenlionerp.application.ap.voucher.PayableVoucherController.post(ags.goldenlionerp.application.ap.voucher.PayableVoucher,org.springframework.data.rest.webmvc.PersistentEntityResourceAssembler)
2018-12-27 11:26:10.731  INFO 2120 --- [    Test worker] s.w.s.m.m.a.RequestMappingHandlerMapping : Mapped "{[/vouchers/{id}],methods=[GET]}" onto public org.springframework.hateoas.Resource<?> ags.goldenlionerp.application.ap.voucher.PayableVoucherController.getSingle(java.lang.String,boolean,org.springframework.data.rest.webmvc.PersistentEntityResourceAssembler)
2018-12-27 11:26:10.731  INFO 2120 --- [    Test worker] s.w.s.m.m.a.RequestMappingHandlerMapping : Mapped "{[/vouchers/{id}],methods=[PATCH || PUT]}" onto public org.springframework.http.ResponseEntity<?> ags.goldenlionerp.application.ap.voucher.PayableVoucherController.noUpdateAllowed()
2018-12-27 11:26:10.731  INFO 2120 --- [    Test worker] s.w.s.m.m.a.RequestMappingHandlerMapping : Mapped "{[/vouchers/{id}],methods=[DELETE]}" onto public org.springframework.http.ResponseEntity<?> ags.goldenlionerp.application.ap.voucher.PayableVoucherController.voidInvoice(java.lang.String)
2018-12-27 11:26:10.732  INFO 2120 --- [    Test worker] s.w.s.m.m.a.RequestMappingHandlerMapping : Mapped "{[/vouchers/],methods=[GET]}" onto public org.springframework.hateoas.Resources<?> ags.goldenlionerp.application.ap.voucher.PayableVoucherController.getCollection(boolean,org.springframework.data.rest.webmvc.support.DefaultedPageable,org.springframework.data.domain.Sort,org.springframework.data.rest.webmvc.PersistentEntityResourceAssembler)
2018-12-27 11:26:10.733  INFO 2120 --- [    Test worker] s.w.s.m.m.a.RequestMappingHandlerMapping : Mapped "{[/invoices/],methods=[POST]}" onto public org.springframework.http.ResponseEntity<?> ags.goldenlionerp.application.ar.invoice.ReceivableInvoiceController.post(ags.goldenlionerp.application.ar.invoice.ReceivableInvoice,org.springframework.data.rest.webmvc.PersistentEntityResourceAssembler) throws java.net.URISyntaxException
2018-12-27 11:26:10.733  INFO 2120 --- [    Test worker] s.w.s.m.m.a.RequestMappingHandlerMapping : Mapped "{[/invoices/{id}],methods=[GET]}" onto public org.springframework.hateoas.Resource<?> ags.goldenlionerp.application.ar.invoice.ReceivableInvoiceController.getSingle(java.lang.String,boolean,org.springframework.data.rest.webmvc.PersistentEntityResourceAssembler)
2018-12-27 11:26:10.734  INFO 2120 --- [    Test worker] s.w.s.m.m.a.RequestMappingHandlerMapping : Mapped "{[/invoices/{id}],methods=[PATCH || PUT]}" onto public org.springframework.http.ResponseEntity<?> ags.goldenlionerp.application.ar.invoice.ReceivableInvoiceController.noUpdateAllowed()
2018-12-27 11:26:10.734  INFO 2120 --- [    Test worker] s.w.s.m.m.a.RequestMappingHandlerMapping : Mapped "{[/invoices/{id}],methods=[DELETE]}" onto public org.springframework.http.ResponseEntity<?> ags.goldenlionerp.application.ar.invoice.ReceivableInvoiceController.voidInvoice(java.lang.String)
2018-12-27 11:26:10.734  INFO 2120 --- [    Test worker] s.w.s.m.m.a.RequestMappingHandlerMapping : Mapped "{[/invoices/],methods=[GET]}" onto public org.springframework.hateoas.Resources<?> ags.goldenlionerp.application.ar.invoice.ReceivableInvoiceController.getCollection(boolean,org.springframework.data.rest.webmvc.support.DefaultedPageable,org.springframework.data.domain.Sort,org.springframework.data.rest.webmvc.PersistentEntityResourceAssembler)
2018-12-27 11:26:10.735  INFO 2120 --- [    Test worker] s.w.s.m.m.a.RequestMappingHandlerMapping : Mapped "{[/itemuomconvs/{id}],methods=[PUT]}" onto public org.springframework.http.ResponseEntity<?> ags.goldenlionerp.application.item.uomconversion.itemspecific.ItemUomConversionController.noPutAllowed()
2018-12-27 11:26:10.736  INFO 2120 --- [    Test worker] s.w.s.m.m.a.RequestMappingHandlerMapping : Mapped "{[/stduomconvs/{id}],methods=[PUT]}" onto public org.springframework.http.ResponseEntity<?> ags.goldenlionerp.application.item.uomconversion.standard.StandardUomConversionController.noPutAllowed()
2018-12-27 11:26:10.736  INFO 2120 --- [    Test worker] s.w.s.m.m.a.RequestMappingHandlerMapping : Mapped "{[/stockTransactions/{id}],methods=[GET]}" onto public org.springframework.hateoas.Resource<ags.goldenlionerp.application.itemstock.stocktransaction.StockTransactionHeader> ags.goldenlionerp.application.itemstock.stocktransaction.StockTransactionController.getItemTransaction(java.lang.String)
2018-12-27 11:26:10.737  INFO 2120 --- [    Test worker] s.w.s.m.m.a.RequestMappingHandlerMapping : Mapped "{[/purchaseReceipts],methods=[GET]}" onto public org.springframework.web.servlet.ModelAndView ags.goldenlionerp.application.purchase.PurchasePageController.purchaseReceiptsPage(java.lang.String)
2018-12-27 11:26:10.737  INFO 2120 --- [    Test worker] s.w.s.m.m.a.RequestMappingHandlerMapping : Mapped "{[/purchaseOrder],methods=[GET]}" onto public org.springframework.web.servlet.ModelAndView ags.goldenlionerp.application.purchase.PurchasePageController.purchaseOrderPage(java.lang.String)
2018-12-27 11:26:10.737  INFO 2120 --- [    Test worker] s.w.s.m.m.a.RequestMappingHandlerMapping : Mapped "{[/salesOrder],methods=[GET]}" onto public org.springframework.web.servlet.ModelAndView ags.goldenlionerp.application.sales.SalesPageController.purchaseOrderPage(java.lang.String)
2018-12-27 11:26:10.737  INFO 2120 --- [    Test worker] s.w.s.m.m.a.RequestMappingHandlerMapping : Mapped "{[/salesShipments],methods=[GET]}" onto public org.springframework.web.servlet.ModelAndView ags.goldenlionerp.application.sales.SalesPageController.salesShipmentPage(java.lang.String)
2018-12-27 11:26:10.739  INFO 2120 --- [    Test worker] s.w.s.m.m.a.RequestMappingHandlerMapping : Mapped "{[/salesShipments/{id}],methods=[PUT]}" onto public org.springframework.http.ResponseEntity<?> ags.goldenlionerp.application.sales.salesshipment.SalesShipmentController.put()
2018-12-27 11:26:10.739  INFO 2120 --- [    Test worker] s.w.s.m.m.a.RequestMappingHandlerMapping : Mapped "{[/salesShipments/{id}],methods=[DELETE]}" onto public org.springframework.http.ResponseEntity<?> ags.goldenlionerp.application.sales.salesshipment.SalesShipmentController.delete()
2018-12-27 11:26:10.739  INFO 2120 --- [    Test worker] s.w.s.m.m.a.RequestMappingHandlerMapping : Mapped "{[/salesShipments/],methods=[POST]}" onto public org.springframework.http.ResponseEntity<?> ags.goldenlionerp.application.sales.salesshipment.SalesShipmentController.post(ags.goldenlionerp.application.sales.salesshipment.SalesShipmentHeader,org.springframework.data.rest.webmvc.PersistentEntityResourceAssembler)
2018-12-27 11:26:10.740  INFO 2120 --- [    Test worker] s.w.s.m.m.a.RequestMappingHandlerMapping : Mapped "{[/salesShipments/{id}],methods=[PATCH]}" onto public org.springframework.http.ResponseEntity<?> ags.goldenlionerp.application.sales.salesshipment.SalesShipmentController.patch(java.lang.String,ags.goldenlionerp.application.sales.salesshipment.SalesShipmentHeader,org.springframework.data.rest.webmvc.PersistentEntityResourceAssembler)
2018-12-27 11:26:10.740  INFO 2120 --- [    Test worker] s.w.s.m.m.a.RequestMappingHandlerMapping : Mapped "{[/salesShipments/{id}],methods=[GET]}" onto public org.springframework.hateoas.Resource<ags.goldenlionerp.application.sales.salesshipment.SalesShipmentHeader> ags.goldenlionerp.application.sales.salesshipment.SalesShipmentController.getSalesShipment(java.lang.String,org.springframework.data.rest.webmvc.PersistentEntityResourceAssembler)
2018-12-27 11:26:10.741  INFO 2120 --- [    Test worker] s.w.s.m.m.a.RequestMappingHandlerMapping : Mapped "{[/ || /index || /home],methods=[GET]}" onto public java.lang.String ags.goldenlionerp.HomePageController.indexPage()
2018-12-27 11:26:10.743  INFO 2120 --- [    Test worker] s.w.s.m.m.a.RequestMappingHandlerMapping : Mapped "{[/error]}" onto public org.springframework.http.ResponseEntity<java.util.Map<java.lang.String, java.lang.Object>> org.springframework.boot.autoconfigure.web.servlet.error.BasicErrorController.error(javax.servlet.http.HttpServletRequest)
2018-12-27 11:26:10.743  INFO 2120 --- [    Test worker] s.w.s.m.m.a.RequestMappingHandlerMapping : Mapped "{[/error],produces=[text/html]}" onto public org.springframework.web.servlet.ModelAndView org.springframework.boot.autoconfigure.web.servlet.error.BasicErrorController.errorHtml(javax.servlet.http.HttpServletRequest,javax.servlet.http.HttpServletResponse)
2018-12-27 11:26:10.786  INFO 2120 --- [    Test worker] o.s.w.s.handler.SimpleUrlHandlerMapping  : Mapped URL path [/webjars/**] onto handler of type [class org.springframework.web.servlet.resource.ResourceHttpRequestHandler]
2018-12-27 11:26:10.786  INFO 2120 --- [    Test worker] o.s.w.s.handler.SimpleUrlHandlerMapping  : Mapped URL path [/**] onto handler of type [class org.springframework.web.servlet.resource.ResourceHttpRequestHandler]
2018-12-27 11:26:10.814  INFO 2120 --- [    Test worker] .m.m.a.ExceptionHandlerExceptionResolver : Detected @ExceptionHandler methods in repositoryRestExceptionHandler
2018-12-27 11:26:10.946  INFO 2120 --- [    Test worker] o.s.b.a.w.s.WelcomePageHandlerMapping    : Adding welcome page template: index
2018-12-27 11:26:11.078  INFO 2120 --- [    Test worker] o.s.d.r.w.RepositoryRestHandlerAdapter   : Looking for @ControllerAdvice: org.springframework.web.context.support.GenericWebApplicationContext@1a4a0019: startup date [Thu Dec 27 11:26:03 ICT 2018]; root of context hierarchy
2018-12-27 11:26:11.086  INFO 2120 --- [    Test worker] o.s.d.r.w.RepositoryRestHandlerMapping   : Mapped "{[/api/api/journalEntries/{id}],methods=[GET],produces=[application/hal+json || application/json]}" onto public org.springframework.hateoas.Resource<?> ags.goldenlionerp.application.accounting.accountledger.JournalEntryController.getSingle(javax.servlet.http.HttpServletRequest,java.lang.String,boolean)
2018-12-27 11:26:11.087  INFO 2120 --- [    Test worker] o.s.d.r.w.RepositoryRestHandlerMapping   : Mapped "{[/api/api/journalEntries/{id}],methods=[PATCH || PUT],produces=[application/hal+json || application/json]}" onto public org.springframework.http.ResponseEntity<?> ags.goldenlionerp.application.accounting.accountledger.JournalEntryController.noUpdateAllowed()
2018-12-27 11:26:11.087  INFO 2120 --- [    Test worker] o.s.d.r.w.RepositoryRestHandlerMapping   : Mapped "{[/api/api/journalEntries/{id}],methods=[DELETE],produces=[application/hal+json || application/json]}" onto public org.springframework.http.ResponseEntity<?> ags.goldenlionerp.application.accounting.accountledger.JournalEntryController.voidDocument(java.lang.String)
2018-12-27 11:26:11.087  INFO 2120 --- [    Test worker] o.s.d.r.w.RepositoryRestHandlerMapping   : Mapped "{[/api/api/journalEntries/],methods=[POST],produces=[application/hal+json || application/json]}" onto public org.springframework.http.ResponseEntity<?> ags.goldenlionerp.application.accounting.accountledger.JournalEntryController.postJournal(ags.goldenlionerp.application.accounting.accountledger.JournalEntryRequest)
2018-12-27 11:26:11.088  INFO 2120 --- [    Test worker] o.s.d.r.w.RepositoryRestHandlerMapping   : Mapped "{[/api/accountMasters/{id}],methods=[PUT],produces=[application/hal+json || application/json]}" onto public org.springframework.http.ResponseEntity<?> ags.goldenlionerp.application.accounting.accountmaster.AccountMasterController.noPutAllowed()
2018-12-27 11:26:11.088  INFO 2120 --- [    Test worker] o.s.d.r.w.RepositoryRestHandlerMapping   : Mapped "{[/api/chartOfAccounts/{id}],methods=[PUT],produces=[application/hal+json || application/json]}" onto public org.springframework.http.ResponseEntity<?> ags.goldenlionerp.application.accounting.chartofaccount.ChartOfAccountController.noPutAllowed()
2018-12-27 11:26:11.089  INFO 2120 --- [    Test worker] o.s.d.r.w.RepositoryRestHandlerMapping   : Mapped "{[/api/addresses/{id}],methods=[PATCH],produces=[application/hal+json || application/json]}" onto public ags.goldenlionerp.application.addresses.address.AddressBookMaster ags.goldenlionerp.application.addresses.address.AddressController.patch(java.lang.String,java.util.Map<java.lang.String, java.lang.Object>) throws java.lang.Exception
2018-12-27 11:26:11.089  INFO 2120 --- [    Test worker] o.s.d.r.w.RepositoryRestHandlerMapping   : Mapped "{[/api/addresses/{id}],methods=[PUT],produces=[application/hal+json || application/json]}" onto public org.springframework.http.ResponseEntity<?> ags.goldenlionerp.application.addresses.address.AddressController.noPutAllowed()
2018-12-27 11:26:11.089  INFO 2120 --- [    Test worker] o.s.d.r.w.RepositoryRestHandlerMapping   : Mapped "{[/api/addresses],methods=[POST],produces=[application/hal+json || application/json]}" onto public org.springframework.http.ResponseEntity<ags.goldenlionerp.application.addresses.address.AddressBookMaster> ags.goldenlionerp.application.addresses.address.AddressController.customCreate(ags.goldenlionerp.application.addresses.address.AddressBookMaster)
2018-12-27 11:26:11.090  INFO 2120 --- [    Test worker] o.s.d.r.w.RepositoryRestHandlerMapping   : Mapped "{[/api/bankAccounts/{id}],methods=[PUT],produces=[application/hal+json || application/json]}" onto public org.springframework.http.ResponseEntity<?> ags.goldenlionerp.application.addresses.bankaccount.BankAccountController.noPutAllowed()
2018-12-27 11:26:11.091  INFO 2120 --- [    Test worker] o.s.d.r.w.RepositoryRestHandlerMapping   : Mapped "{[/api/addresses/{id}/bankAccounts],methods=[POST],produces=[application/hal+json || application/json]}" onto public java.util.Collection<ags.goldenlionerp.application.addresses.bankaccount.BankAccount> ags.goldenlionerp.application.addresses.bankaccount.BankAccountController.massPost(java.lang.String,java.util.Collection<java.util.Map<java.lang.String, java.lang.Object>>)
2018-12-27 11:26:11.091  INFO 2120 --- [    Test worker] o.s.d.r.w.RepositoryRestHandlerMapping   : Mapped "{[/api/contacts/{id}],methods=[PUT],produces=[application/hal+json || application/json]}" onto public org.springframework.http.ResponseEntity<?> ags.goldenlionerp.application.addresses.contact.ContactPersonController.noPutAllowed()
2018-12-27 11:26:11.091  INFO 2120 --- [    Test worker] o.s.d.r.w.RepositoryRestHandlerMapping   : Mapped "{[/api/addresses/{id}/contacts],methods=[POST],produces=[application/hal+json || application/json]}" onto public java.util.Collection<ags.goldenlionerp.application.addresses.contact.ContactPerson> ags.goldenlionerp.application.addresses.contact.ContactPersonController.massPost(java.lang.String,java.util.Collection<java.util.Map<java.lang.String, java.lang.Object>>)
2018-12-27 11:26:11.092  INFO 2120 --- [    Test worker] o.s.d.r.w.RepositoryRestHandlerMapping   : Mapped "{[/api/phoneNumbers/{id}],methods=[PUT],produces=[application/hal+json || application/json]}" onto public org.springframework.http.ResponseEntity<?> ags.goldenlionerp.application.addresses.phone.PhoneNumberController.noPutAllowed()
2018-12-27 11:26:11.092  INFO 2120 --- [    Test worker] o.s.d.r.w.RepositoryRestHandlerMapping   : Mapped "{[/api/addresses/{id}/phoneNumbers],methods=[POST],produces=[application/hal+json || application/json]}" onto public java.util.Collection<ags.goldenlionerp.application.addresses.phone.PhoneNumber> ags.goldenlionerp.application.addresses.phone.PhoneNumberController.massPost(java.lang.String,java.util.Collection<java.util.Map<java.lang.String, java.lang.Object>>)
2018-12-27 11:26:11.093  INFO 2120 --- [    Test worker] o.s.d.r.w.RepositoryRestHandlerMapping   : Mapped "{[/api/accountPayableSettings/{id}],methods=[DELETE],produces=[application/hal+json || application/json]}" onto public org.springframework.http.ResponseEntity<?> ags.goldenlionerp.application.ap.setting.AccountPayableSettingController.delete()
2018-12-27 11:26:11.093  INFO 2120 --- [    Test worker] o.s.d.r.w.RepositoryRestHandlerMapping   : Mapped "{[/api/accountPayableSettings],methods=[POST],produces=[application/hal+json || application/json]}" onto public org.springframework.http.ResponseEntity<?> ags.goldenlionerp.application.ap.setting.AccountPayableSettingController.post()
2018-12-27 11:26:11.093  INFO 2120 --- [    Test worker] o.s.d.r.w.RepositoryRestHandlerMapping   : Mapped "{[/api/addresses/{id}/apSetting],methods=[GET],produces=[application/hal+json || application/json]}" onto public org.springframework.web.servlet.ModelAndView ags.goldenlionerp.application.ap.setting.AccountPayableSettingController.getAssociation(java.lang.String)
2018-12-27 11:26:11.094  INFO 2120 --- [    Test worker] o.s.d.r.w.RepositoryRestHandlerMapping   : Mapped "{[/api/vouchers/],methods=[POST],produces=[application/hal+json || application/json]}" onto public org.springframework.http.ResponseEntity<?> ags.goldenlionerp.application.ap.voucher.PayableVoucherController.post(ags.goldenlionerp.application.ap.voucher.PayableVoucher,org.springframework.data.rest.webmvc.PersistentEntityResourceAssembler)
2018-12-27 11:26:11.095  INFO 2120 --- [    Test worker] o.s.d.r.w.RepositoryRestHandlerMapping   : Mapped "{[/api/vouchers/{id}],methods=[GET],produces=[application/hal+json || application/json]}" onto public org.springframework.hateoas.Resource<?> ags.goldenlionerp.application.ap.voucher.PayableVoucherController.getSingle(java.lang.String,boolean,org.springframework.data.rest.webmvc.PersistentEntityResourceAssembler)
2018-12-27 11:26:11.095  INFO 2120 --- [    Test worker] o.s.d.r.w.RepositoryRestHandlerMapping   : Mapped "{[/api/vouchers/{id}],methods=[PATCH || PUT],produces=[application/hal+json || application/json]}" onto public org.springframework.http.ResponseEntity<?> ags.goldenlionerp.application.ap.voucher.PayableVoucherController.noUpdateAllowed()
2018-12-27 11:26:11.095  INFO 2120 --- [    Test worker] o.s.d.r.w.RepositoryRestHandlerMapping   : Mapped "{[/api/vouchers/{id}],methods=[DELETE],produces=[application/hal+json || application/json]}" onto public org.springframework.http.ResponseEntity<?> ags.goldenlionerp.application.ap.voucher.PayableVoucherController.voidInvoice(java.lang.String)
2018-12-27 11:26:11.095  INFO 2120 --- [    Test worker] o.s.d.r.w.RepositoryRestHandlerMapping   : Mapped "{[/api/vouchers/],methods=[GET],produces=[application/hal+json || application/json]}" onto public org.springframework.hateoas.Resources<?> ags.goldenlionerp.application.ap.voucher.PayableVoucherController.getCollection(boolean,org.springframework.data.rest.webmvc.support.DefaultedPageable,org.springframework.data.domain.Sort,org.springframework.data.rest.webmvc.PersistentEntityResourceAssembler)
2018-12-27 11:26:11.096  INFO 2120 --- [    Test worker] o.s.d.r.w.RepositoryRestHandlerMapping   : Mapped "{[/api/invoices/],methods=[POST],produces=[application/hal+json || application/json]}" onto public org.springframework.http.ResponseEntity<?> ags.goldenlionerp.application.ar.invoice.ReceivableInvoiceController.post(ags.goldenlionerp.application.ar.invoice.ReceivableInvoice,org.springframework.data.rest.webmvc.PersistentEntityResourceAssembler) throws java.net.URISyntaxException
2018-12-27 11:26:11.097  INFO 2120 --- [    Test worker] o.s.d.r.w.RepositoryRestHandlerMapping   : Mapped "{[/api/invoices/{id}],methods=[GET],produces=[application/hal+json || application/json]}" onto public org.springframework.hateoas.Resource<?> ags.goldenlionerp.application.ar.invoice.ReceivableInvoiceController.getSingle(java.lang.String,boolean,org.springframework.data.rest.webmvc.PersistentEntityResourceAssembler)
2018-12-27 11:26:11.097  INFO 2120 --- [    Test worker] o.s.d.r.w.RepositoryRestHandlerMapping   : Mapped "{[/api/invoices/{id}],methods=[PATCH || PUT],produces=[application/hal+json || application/json]}" onto public org.springframework.http.ResponseEntity<?> ags.goldenlionerp.application.ar.invoice.ReceivableInvoiceController.noUpdateAllowed()
2018-12-27 11:26:11.097  INFO 2120 --- [    Test worker] o.s.d.r.w.RepositoryRestHandlerMapping   : Mapped "{[/api/invoices/{id}],methods=[DELETE],produces=[application/hal+json || application/json]}" onto public org.springframework.http.ResponseEntity<?> ags.goldenlionerp.application.ar.invoice.ReceivableInvoiceController.voidInvoice(java.lang.String)
2018-12-27 11:26:11.097  INFO 2120 --- [    Test worker] o.s.d.r.w.RepositoryRestHandlerMapping   : Mapped "{[/api/invoices/],methods=[GET],produces=[application/hal+json || application/json]}" onto public org.springframework.hateoas.Resources<?> ags.goldenlionerp.application.ar.invoice.ReceivableInvoiceController.getCollection(boolean,org.springframework.data.rest.webmvc.support.DefaultedPageable,org.springframework.data.domain.Sort,org.springframework.data.rest.webmvc.PersistentEntityResourceAssembler)
2018-12-27 11:26:11.098  INFO 2120 --- [    Test worker] o.s.d.r.w.RepositoryRestHandlerMapping   : Mapped "{[/api/accountReceivableSettings/{id}],methods=[DELETE],produces=[application/hal+json || application/json]}" onto public org.springframework.http.ResponseEntity<?> ags.goldenlionerp.application.ar.setting.AccountReceivableSettingController.delete()
2018-12-27 11:26:11.098  INFO 2120 --- [    Test worker] o.s.d.r.w.RepositoryRestHandlerMapping   : Mapped "{[/api/addresses/{id}/arSetting],methods=[GET],produces=[application/hal+json || application/json]}" onto public org.springframework.web.servlet.ModelAndView ags.goldenlionerp.application.ar.setting.AccountReceivableSettingController.getAssociation(java.lang.String)
2018-12-27 11:26:11.098  INFO 2120 --- [    Test worker] o.s.d.r.w.RepositoryRestHandlerMapping   : Mapped "{[/api/accountReceivableSettings],methods=[POST],produces=[application/hal+json || application/json]}" onto public org.springframework.http.ResponseEntity<?> ags.goldenlionerp.application.ar.setting.AccountReceivableSettingController.postNotAllowed()
2018-12-27 11:26:11.099  INFO 2120 --- [    Test worker] o.s.d.r.w.RepositoryRestHandlerMapping   : Mapped "{[/api/dataCodes/{pc}/{sc}],methods=[GET],produces=[application/hal+json || application/json]}" onto public java.util.List<ags.goldenlionerp.application.datacode.DataCode> ags.goldenlionerp.application.datacode.DataCodeController.getByProductCodeAndSystemCode(java.lang.String,java.lang.String)
2018-12-27 11:26:11.099  INFO 2120 --- [    Test worker] o.s.d.r.w.RepositoryRestHandlerMapping   : Mapped "{[/api/itembranches/{id}],methods=[PUT],produces=[application/hal+json || application/json]}" onto public org.springframework.http.ResponseEntity<?> ags.goldenlionerp.application.item.itembranchinfo.ItemBranchInfoController.noPutAllowed()
2018-12-27 11:26:11.100  INFO 2120 --- [    Test worker] o.s.d.r.w.RepositoryRestHandlerMapping   : Mapped "{[/api/itemLocations/{id}],methods=[PUT],produces=[application/hal+json || application/json]}" onto public org.springframework.http.ResponseEntity<?> ags.goldenlionerp.application.item.itemLocation.ItemLocationController.noPutAllowed()
2018-12-27 11:26:11.100  INFO 2120 --- [    Test worker] o.s.d.r.w.RepositoryRestHandlerMapping   : Mapped "{[/api/items/{id}],methods=[PUT],produces=[application/hal+json || application/json]}" onto public org.springframework.http.ResponseEntity<?> ags.goldenlionerp.application.item.itemmaster.ItemMasterController.noPutAllowed()
2018-12-27 11:26:11.101  INFO 2120 --- [    Test worker] o.s.d.r.w.RepositoryRestHandlerMapping   : Mapped "{[/api/businessUnits/{id}/locations],methods=[PUT],produces=[application/hal+json || application/json]}" onto public org.springframework.http.ResponseEntity<?> ags.goldenlionerp.application.item.location.LocationController.putBusinessUnitLocations(java.lang.String,java.util.Collection<ags.goldenlionerp.application.item.location.LocationMaster>) throws java.lang.Exception
2018-12-27 11:26:11.102  INFO 2120 --- [    Test worker] o.s.d.r.w.RepositoryRestHandlerMapping   : Mapped "{[/api/locations/{id}],methods=[PUT],produces=[application/hal+json || application/json]}" onto public org.springframework.http.ResponseEntity<?> ags.goldenlionerp.application.item.location.LocationController.noPutAllowed()
2018-12-27 11:26:11.102  INFO 2120 --- [    Test worker] o.s.d.r.w.RepositoryRestHandlerMapping   : Mapped "{[/api/lots/{id}],methods=[PUT],produces=[application/hal+json || application/json]}" onto public org.springframework.http.ResponseEntity<?> ags.goldenlionerp.application.item.lotmaster.LotMasterController.noPutAllowed()
2018-12-27 11:26:11.103  INFO 2120 --- [    Test worker] o.s.d.r.w.RepositoryRestHandlerMapping   : Mapped "{[/api/itemuomconvs/{id}],methods=[PUT],produces=[application/hal+json || application/json]}" onto public org.springframework.http.ResponseEntity<?> ags.goldenlionerp.application.item.uomconversion.itemspecific.ItemUomConversionController.noPutAllowed()
2018-12-27 11:26:11.104  INFO 2120 --- [    Test worker] o.s.d.r.w.RepositoryRestHandlerMapping   : Mapped "{[/api/stduomconvs/{id}],methods=[PUT],produces=[application/hal+json || application/json]}" onto public org.springframework.http.ResponseEntity<?> ags.goldenlionerp.application.item.uomconversion.standard.StandardUomConversionController.noPutAllowed()
2018-12-27 11:26:11.104  INFO 2120 --- [    Test worker] o.s.d.r.w.RepositoryRestHandlerMapping   : Mapped "{[/api/stockTransactions/{id}],methods=[GET],produces=[application/hal+json || application/json]}" onto public org.springframework.hateoas.Resource<ags.goldenlionerp.application.itemstock.stocktransaction.StockTransactionHeader> ags.goldenlionerp.application.itemstock.stocktransaction.StockTransactionController.getItemTransaction(java.lang.String)
2018-12-27 11:26:11.105  INFO 2120 --- [    Test worker] o.s.d.r.w.RepositoryRestHandlerMapping   : Mapped "{[/api/purchaseOrders/{id}],methods=[DELETE],produces=[application/hal+json || application/json]}" onto public org.springframework.http.ResponseEntity<?> ags.goldenlionerp.application.purchase.purchaseorder.PurchaseOrderController.delete()
2018-12-27 11:26:11.106  INFO 2120 --- [    Test worker] o.s.d.r.w.RepositoryRestHandlerMapping   : Mapped "{[/api/purchaseOrders/{id}],methods=[PATCH],produces=[application/hal+json || application/json]}" onto public org.springframework.http.ResponseEntity<?> ags.goldenlionerp.application.purchase.purchaseorder.PurchaseOrderController.updatePurchaseOrder(java.lang.String,ags.goldenlionerp.application.purchase.purchaseorder.PurchaseOrder,org.springframework.data.rest.webmvc.PersistentEntityResourceAssembler)
2018-12-27 11:26:11.106  INFO 2120 --- [    Test worker] o.s.d.r.w.RepositoryRestHandlerMapping   : Mapped "{[/api/purchaseOrders],methods=[POST],produces=[application/hal+json || application/json]}" onto public org.springframework.http.ResponseEntity<?> ags.goldenlionerp.application.purchase.purchaseorder.PurchaseOrderController.createNewPurchaseOrder(ags.goldenlionerp.application.purchase.purchaseorder.PurchaseOrder,org.springframework.data.rest.webmvc.PersistentEntityResourceAssembler)
2018-12-27 11:26:11.106  INFO 2120 --- [    Test worker] o.s.d.r.w.RepositoryRestHandlerMapping   : Mapped "{[/api/purchaseOrders/{id}],methods=[PUT],produces=[application/hal+json || application/json]}" onto public org.springframework.http.ResponseEntity<?> ags.goldenlionerp.application.purchase.purchaseorder.PurchaseOrderController.noUpdateAllowed()
2018-12-27 11:26:11.107  INFO 2120 --- [    Test worker] o.s.d.r.w.RepositoryRestHandlerMapping   : Mapped "{[/api/purchaseReceipts],methods=[POST],produces=[application/hal+json || application/json]}" onto public org.springframework.http.ResponseEntity<?> ags.goldenlionerp.application.purchase.purchasereceipt.PurchaseReceiptController.post(ags.goldenlionerp.application.purchase.purchasereceipt.PurchaseReceiptHeader,org.springframework.data.rest.webmvc.PersistentEntityResourceAssembler)
2018-12-27 11:26:11.108  INFO 2120 --- [    Test worker] o.s.d.r.w.RepositoryRestHandlerMapping   : Mapped "{[/api/purchaseReceipts/{id}],methods=[PATCH],produces=[application/hal+json || application/json]}" onto public org.springframework.http.ResponseEntity<?> ags.goldenlionerp.application.purchase.purchasereceipt.PurchaseReceiptController.patch(java.lang.String,ags.goldenlionerp.application.purchase.purchasereceipt.PurchaseReceiptHeader,org.springframework.data.rest.webmvc.PersistentEntityResourceAssembler)
2018-12-27 11:26:11.108  INFO 2120 --- [    Test worker] o.s.d.r.w.RepositoryRestHandlerMapping   : Mapped "{[/api/purchaseReceipts/{id}],methods=[DELETE],produces=[application/hal+json || application/json]}" onto public org.springframework.http.ResponseEntity<?> ags.goldenlionerp.application.purchase.purchasereceipt.PurchaseReceiptController.deleteNotAllowed()
2018-12-27 11:26:11.108  INFO 2120 --- [    Test worker] o.s.d.r.w.RepositoryRestHandlerMapping   : Mapped "{[/api/purchaseReceipts/{id}],methods=[PUT],produces=[application/hal+json || application/json]}" onto public org.springframework.http.ResponseEntity<?> ags.goldenlionerp.application.purchase.purchasereceipt.PurchaseReceiptController.putNotAllowed()
2018-12-27 11:26:11.109  INFO 2120 --- [    Test worker] o.s.d.r.w.RepositoryRestHandlerMapping   : Mapped "{[/api/purchaseReceipts/{id}/sameReceipt],methods=[GET],produces=[application/hal+json || application/json]}" onto public org.springframework.hateoas.Resources<org.springframework.data.rest.webmvc.PersistentEntityResource> ags.goldenlionerp.application.purchase.purchasereceipt.PurchaseReceiptController.getReceiptsInSameBatch(java.lang.String,org.springframework.data.rest.webmvc.PersistentEntityResourceAssembler)
2018-12-27 11:26:11.109  INFO 2120 --- [    Test worker] o.s.d.r.w.RepositoryRestHandlerMapping   : Mapped "{[/api/purchaseReceipts/{id}],methods=[GET],produces=[application/hal+json || application/json]}" onto public org.springframework.hateoas.Resource<ags.goldenlionerp.application.purchase.purchasereceipt.PurchaseReceiptHeader> ags.goldenlionerp.application.purchase.purchasereceipt.PurchaseReceiptController.getPurchaseReceipt(java.lang.String,org.springframework.data.rest.webmvc.PersistentEntityResourceAssembler)
2018-12-27 11:26:11.110  INFO 2120 --- [    Test worker] o.s.d.r.w.RepositoryRestHandlerMapping   : Mapped "{[/api/salesOrders/{id}],methods=[DELETE],produces=[application/hal+json || application/json]}" onto public org.springframework.http.ResponseEntity<?> ags.goldenlionerp.application.sales.salesorder.SalesOrderController.delete()
2018-12-27 11:26:11.110  INFO 2120 --- [    Test worker] o.s.d.r.w.RepositoryRestHandlerMapping   : Mapped "{[/api/salesOrders],methods=[POST],produces=[application/hal+json || application/json]}" onto public org.springframework.http.ResponseEntity<?> ags.goldenlionerp.application.sales.salesorder.SalesOrderController.createNewPurchaseOrder(ags.goldenlionerp.application.sales.salesorder.SalesOrder,org.springframework.data.rest.webmvc.PersistentEntityResourceAssembler)
2018-12-27 11:26:11.111  INFO 2120 --- [    Test worker] o.s.d.r.w.RepositoryRestHandlerMapping   : Mapped "{[/api/salesOrders/{id}],methods=[PUT],produces=[application/hal+json || application/json]}" onto public org.springframework.http.ResponseEntity<?> ags.goldenlionerp.application.sales.salesorder.SalesOrderController.noUpdateAllowed()
2018-12-27 11:26:11.111  INFO 2120 --- [    Test worker] o.s.d.r.w.RepositoryRestHandlerMapping   : Mapped "{[/api/salesOrders/{id}],methods=[PATCH],produces=[application/hal+json || application/json]}" onto public org.springframework.http.ResponseEntity<?> ags.goldenlionerp.application.sales.salesorder.SalesOrderController.updateSalesOrder(java.lang.String,ags.goldenlionerp.application.sales.salesorder.SalesOrder,org.springframework.data.rest.webmvc.PersistentEntityResourceAssembler)
2018-12-27 11:26:11.112  INFO 2120 --- [    Test worker] o.s.d.r.w.RepositoryRestHandlerMapping   : Mapped "{[/api/salesShipments/{id}],methods=[PUT],produces=[application/hal+json || application/json]}" onto public org.springframework.http.ResponseEntity<?> ags.goldenlionerp.application.sales.salesshipment.SalesShipmentController.put()
2018-12-27 11:26:11.113  INFO 2120 --- [    Test worker] o.s.d.r.w.RepositoryRestHandlerMapping   : Mapped "{[/api/salesShipments/{id}],methods=[DELETE],produces=[application/hal+json || application/json]}" onto public org.springframework.http.ResponseEntity<?> ags.goldenlionerp.application.sales.salesshipment.SalesShipmentController.delete()
2018-12-27 11:26:11.113  INFO 2120 --- [    Test worker] o.s.d.r.w.RepositoryRestHandlerMapping   : Mapped "{[/api/salesShipments/],methods=[POST],produces=[application/hal+json || application/json]}" onto public org.springframework.http.ResponseEntity<?> ags.goldenlionerp.application.sales.salesshipment.SalesShipmentController.post(ags.goldenlionerp.application.sales.salesshipment.SalesShipmentHeader,org.springframework.data.rest.webmvc.PersistentEntityResourceAssembler)
2018-12-27 11:26:11.113  INFO 2120 --- [    Test worker] o.s.d.r.w.RepositoryRestHandlerMapping   : Mapped "{[/api/salesShipments/{id}],methods=[PATCH],produces=[application/hal+json || application/json]}" onto public org.springframework.http.ResponseEntity<?> ags.goldenlionerp.application.sales.salesshipment.SalesShipmentController.patch(java.lang.String,ags.goldenlionerp.application.sales.salesshipment.SalesShipmentHeader,org.springframework.data.rest.webmvc.PersistentEntityResourceAssembler)
2018-12-27 11:26:11.113  INFO 2120 --- [    Test worker] o.s.d.r.w.RepositoryRestHandlerMapping   : Mapped "{[/api/salesShipments/{id}],methods=[GET],produces=[application/hal+json || application/json]}" onto public org.springframework.hateoas.Resource<ags.goldenlionerp.application.sales.salesshipment.SalesShipmentHeader> ags.goldenlionerp.application.sales.salesshipment.SalesShipmentController.getSalesShipment(java.lang.String,org.springframework.data.rest.webmvc.PersistentEntityResourceAssembler)
2018-12-27 11:26:11.114  INFO 2120 --- [    Test worker] o.s.d.r.w.RepositoryRestHandlerMapping   : Mapped "{[/api/aai/{id}],methods=[PUT],produces=[application/hal+json || application/json]}" onto public org.springframework.http.ResponseEntity<?> ags.goldenlionerp.application.setups.aai.AAIController.noPutAllowed()
2018-12-27 11:26:11.114  INFO 2120 --- [    Test worker] o.s.d.r.w.RepositoryRestHandlerMapping   : Mapped "{[/api/businessUnits/{id}/configuration],methods=[PUT],consumes=[application/json],produces=[application/hal+json || application/json]}" onto public org.springframework.http.ResponseEntity<?> ags.goldenlionerp.application.setups.branchplantconstant.BranchPlantConstantController.createWithPutOnAssociation(java.lang.String,ags.goldenlionerp.application.setups.branchplantconstant.BranchPlantConstant)
2018-12-27 11:26:11.115  INFO 2120 --- [    Test worker] o.s.d.r.w.RepositoryRestHandlerMapping   : Mapped "{[/api/businessUnits/{id}],methods=[PUT],produces=[application/hal+json || application/json]}" onto public org.springframework.http.ResponseEntity<?> ags.goldenlionerp.application.setups.businessunit.BusinessUnitController.noPutAllowed()
2018-12-27 11:26:11.115  INFO 2120 --- [    Test worker] o.s.d.r.w.RepositoryRestHandlerMapping   : Mapped "{[/api/businessUnits/],methods=[POST],consumes=[application/json],produces=[application/hal+json || application/json]}" onto public org.springframework.http.ResponseEntity<?> ags.goldenlionerp.application.setups.businessunit.BusinessUnitController.createBusinessUnit(ags.goldenlionerp.application.setups.businessunit.BusinessUnit)
2018-12-27 11:26:11.116  INFO 2120 --- [    Test worker] o.s.d.r.w.RepositoryRestHandlerMapping   : Mapped "{[/api/companies/{companyId}],methods=[PUT],produces=[application/hal+json || application/json]}" onto public org.springframework.http.ResponseEntity<?> ags.goldenlionerp.application.setups.company.CompanyController.noPutAllowed(java.lang.String)
2018-12-27 11:26:11.117  INFO 2120 --- [    Test worker] o.s.d.r.w.RepositoryRestHandlerMapping   : Mapped "{[/api/companies],methods=[POST],consumes=[application/json],produces=[application/hal+json || application/json]}" onto public org.springframework.http.ResponseEntity<?> ags.goldenlionerp.application.setups.company.CompanyController.checkPost(ags.goldenlionerp.application.setups.company.Company)
2018-12-27 11:26:11.117  INFO 2120 --- [    Test worker] o.s.d.r.w.RepositoryRestHandlerMapping   : Mapped "{[/api/currencyConversions/{id}],methods=[PUT],produces=[application/hal+json || application/json]}" onto public org.springframework.http.ResponseEntity<?> ags.goldenlionerp.application.setups.currencyconversion.CurrencyConversionController.noPutAllowed()
2018-12-27 11:26:11.118  INFO 2120 --- [    Test worker] o.s.d.r.w.RepositoryRestHandlerMapping   : Mapped "{[/api/discounts/{id}],methods=[PUT],produces=[application/hal+json || application/json]}" onto public org.springframework.http.ResponseEntity<?> ags.goldenlionerp.application.setups.discount.DiscountController.noPutAllowed()
2018-12-27 11:26:11.119  INFO 2120 --- [    Test worker] o.s.d.r.w.RepositoryRestHandlerMapping   : Mapped "{[/api/discounts/{id}/calculate],methods=[GET],produces=[application/hal+json || application/json]}" onto public ags.goldenlionerp.application.setups.discount.DiscountCalculationResult ags.goldenlionerp.application.setups.discount.DiscountController.calculateDiscount(java.lang.String,java.math.BigDecimal)
2018-12-27 11:26:11.120  INFO 2120 --- [    Test worker] o.s.d.r.w.RepositoryRestHandlerMapping   : Mapped "{[/api/dmaai/{id}],methods=[PUT],produces=[application/hal+json || application/json]}" onto public org.springframework.http.ResponseEntity<?> ags.goldenlionerp.application.setups.dmaai.DMAAIController.noPutAllowed()
2018-12-27 11:26:11.121  INFO 2120 --- [    Test worker] o.s.d.r.w.RepositoryRestHandlerMapping   : Mapped "{[/api/dmaai/{headerId}/details],methods=[POST],produces=[application/hal+json || application/json]}" onto public org.springframework.http.ResponseEntity<?> ags.goldenlionerp.application.setups.dmaai.DMAAIController.postDetails(int,java.util.List<java.util.Map<java.lang.String, java.lang.Object>>)
2018-12-27 11:26:11.121  INFO 2120 --- [    Test worker] o.s.d.r.w.RepositoryRestHandlerMapping   : Mapped "{[/api/dmaai/{headerId}],methods=[DELETE],produces=[application/hal+json || application/json]}" onto public org.springframework.http.ResponseEntity<?> ags.goldenlionerp.application.setups.dmaai.DMAAIController.deleteHeader(int)
2018-12-27 11:26:11.121  INFO 2120 --- [    Test worker] o.s.d.r.w.RepositoryRestHandlerMapping   : Mapped "{[/api/dmaaiDetails/{id}],methods=[PUT],produces=[application/hal+json || application/json]}" onto public org.springframework.http.ResponseEntity<?> ags.goldenlionerp.application.setups.dmaai.DMAAIController.noPutAllowedDetail()
2018-12-27 11:26:11.122  INFO 2120 --- [    Test worker] o.s.d.r.w.RepositoryRestHandlerMapping   : Mapped "{[/api/fiscalYears/{id}],methods=[PUT],produces=[application/hal+json || application/json]}" onto public org.springframework.http.ResponseEntity<?> ags.goldenlionerp.application.setups.fiscalyear.FiscalYearController.noPutAllowed()
2018-12-27 11:26:11.123  INFO 2120 --- [    Test worker] o.s.d.r.w.RepositoryRestHandlerMapping   : Mapped "{[/api/fiscalYears/{id}/extend],methods=[POST],produces=[application/hal+json || application/json]}" onto public org.springframework.http.ResponseEntity<?> ags.goldenlionerp.application.setups.fiscalyear.FiscalYearController.extend(java.lang.String,org.springframework.data.rest.webmvc.PersistentEntityResourceAssembler)
2018-12-27 11:26:11.129  INFO 2120 --- [    Test worker] o.s.d.r.w.RepositoryRestHandlerMapping   : Mapped "{[/api/generalConstant],methods=[GET],produces=[application/hal+json || application/json]}" onto public org.springframework.http.ResponseEntity<org.springframework.hateoas.Resource<?>> ags.goldenlionerp.application.setups.generalconstant.GeneralConstantController.get(org.springframework.data.rest.webmvc.PersistentEntityResourceAssembler)
2018-12-27 11:26:11.129  INFO 2120 --- [    Test worker] o.s.d.r.w.RepositoryRestHandlerMapping   : Mapped "{[/api/generalConstant/{id} || /api/generalConstant],methods=[PUT],produces=[application/hal+json || application/json]}" onto public org.springframework.http.ResponseEntity<?> ags.goldenlionerp.application.setups.generalconstant.GeneralConstantController.put()
2018-12-27 11:26:11.129  INFO 2120 --- [    Test worker] o.s.d.r.w.RepositoryRestHandlerMapping   : Mapped "{[/api/generalConstant/{id} || /api/generalConstant],methods=[DELETE],produces=[application/hal+json || application/json]}" onto public org.springframework.http.ResponseEntity<?> ags.goldenlionerp.application.setups.generalconstant.GeneralConstantController.delete()
2018-12-27 11:26:11.130  INFO 2120 --- [    Test worker] o.s.d.r.w.RepositoryRestHandlerMapping   : Mapped "{[/api/generalConstant],methods=[POST],produces=[application/hal+json || application/json]}" onto public org.springframework.http.ResponseEntity<?> ags.goldenlionerp.application.setups.generalconstant.GeneralConstantController.post()
2018-12-27 11:26:11.130  INFO 2120 --- [    Test worker] o.s.d.r.w.RepositoryRestHandlerMapping   : Mapped "{[/api/generalConstant],methods=[PATCH],produces=[application/hal+json || application/json]}" onto public org.springframework.web.servlet.ModelAndView ags.goldenlionerp.application.setups.generalconstant.GeneralConstantController.patch(org.springframework.ui.ModelMap) throws java.lang.IllegalAccessException,java.lang.IllegalArgumentException,java.lang.reflect.InvocationTargetException,java.beans.IntrospectionException
2018-12-27 11:26:11.130  INFO 2120 --- [    Test worker] o.s.d.r.w.RepositoryRestHandlerMapping   : Mapped "{[/api/holidays/{id}],methods=[PUT],produces=[application/hal+json || application/json]}" onto public org.springframework.http.ResponseEntity<?> ags.goldenlionerp.application.setups.holiday.HolidayController.noPutAllowed()
2018-12-27 11:26:11.131  INFO 2120 --- [    Test worker] o.s.d.r.w.RepositoryRestHandlerMapping   : Mapped "{[/api/nextNumbers/{id}],methods=[PUT],produces=[application/hal+json || application/json]}" onto public org.springframework.http.ResponseEntity<?> ags.goldenlionerp.application.setups.nextnumber.NextNumberController.noPutAllowed()
2018-12-27 11:26:11.132  INFO 2120 --- [    Test worker] o.s.d.r.w.RepositoryRestHandlerMapping   : Mapped "{[/api/nextNumberConstants/{id}],methods=[PUT],produces=[application/hal+json || application/json]}" onto public org.springframework.http.ResponseEntity<?> ags.goldenlionerp.application.setups.nextnumberconstant.NextNumberConstantController.noPutAllowed()
2018-12-27 11:26:11.132  INFO 2120 --- [    Test worker] o.s.d.r.w.RepositoryRestHandlerMapping   : Mapped "{[/api/paymentTerms/{id}],methods=[PUT],produces=[application/hal+json || application/json]}" onto public org.springframework.http.ResponseEntity<?> ags.goldenlionerp.application.setups.paymentterm.PaymentTermController.noPutAllowed()
2018-12-27 11:26:11.133  INFO 2120 --- [    Test worker] o.s.d.r.w.RepositoryRestHandlerMapping   : Mapped "{[/api/taxRules/{id}],methods=[PUT],produces=[application/hal+json || application/json]}" onto public org.springframework.http.ResponseEntity<?> ags.goldenlionerp.application.setups.taxcode.TaxRuleController.noPutAllowed()
2018-12-27 11:26:11.133  INFO 2120 --- [    Test worker] o.s.d.r.w.RepositoryRestHandlerMapping   : Mapped "{[/api/taxRules/{id}],methods=[GET],produces=[application/hal+json || application/json]}" onto public org.springframework.hateoas.Resource<?> ags.goldenlionerp.application.setups.taxcode.TaxRuleController.getActiveRule(java.lang.String,org.springframework.data.rest.webmvc.PersistentEntityResourceAssembler)
2018-12-27 11:26:11.135  INFO 2120 --- [    Test worker] o.s.d.r.w.RepositoryRestHandlerMapping   : Mapped "{[/api/users/],methods=[POST],produces=[application/hal+json || application/json]}" onto public org.springframework.http.ResponseEntity<?> ags.goldenlionerp.application.system.user.UserController.post(java.util.Map<java.lang.String, java.lang.Object>) throws java.lang.Exception
2018-12-27 11:26:11.136  INFO 2120 --- [    Test worker] o.s.d.r.w.RepositoryRestHandlerMapping   : Mapped "{[/api/users/{id}],methods=[PATCH],produces=[application/hal+json || application/json]}" onto public org.springframework.http.ResponseEntity<?> ags.goldenlionerp.application.system.user.UserController.patch(java.lang.String,java.util.Map<java.lang.String, java.lang.Object>)
2018-12-27 11:26:11.136  INFO 2120 --- [    Test worker] o.s.d.r.w.RepositoryRestHandlerMapping   : Mapped "{[/api/users/{id}],methods=[PUT],produces=[application/hal+json || application/json]}" onto public org.springframework.http.ResponseEntity<?> ags.goldenlionerp.application.system.user.UserController.noPutAllowed()
2018-12-27 11:26:11.137  INFO 2120 --- [    Test worker] o.s.d.r.w.RepositoryRestHandlerMapping   : Mapped "{[/api/userGroups/{id}],methods=[PUT],produces=[application/hal+json || application/json]}" onto public org.springframework.http.ResponseEntity<?> ags.goldenlionerp.application.system.user.UserController.noPutAllowedGr()
2018-12-27 11:26:11.137  INFO 2120 --- [    Test worker] o.s.d.r.w.RepositoryRestHandlerMapping   : Mapped "{[/api/userGroups/{id}],methods=[PATCH],produces=[application/hal+json || application/json]}" onto public org.springframework.http.ResponseEntity<?> ags.goldenlionerp.application.system.user.UserController.patchGr(java.lang.String,java.util.Map<java.lang.String, java.lang.Object>)
2018-12-27 11:26:11.138  INFO 2120 --- [    Test worker] o.s.d.r.w.RepositoryRestHandlerMapping   : Mapped "{[/api/userGroups/],methods=[POST],produces=[application/hal+json || application/json]}" onto public org.springframework.http.ResponseEntity<?> ags.goldenlionerp.application.system.user.UserController.postGr(java.util.Map<java.lang.String, java.lang.Object>) throws java.lang.Exception
2018-12-27 11:26:11.138  INFO 2120 --- [    Test worker] o.s.d.r.w.RepositoryRestHandlerMapping   : Mapped "{[/api/users/{id}/password],methods=[POST || PUT || PATCH],produces=[application/hal+json || application/json]}" onto public org.springframework.http.ResponseEntity<?> ags.goldenlionerp.application.system.user.UserController.changePassword(java.lang.String,java.util.Map<java.lang.String, java.lang.Object>)
2018-12-27 11:26:11.139  INFO 2120 --- [    Test worker] o.s.d.r.w.RepositoryRestHandlerMapping   : Mapped "{[/api/{repository}],methods=[GET],produces=[application/x-spring-data-compact+json || text/uri-list]}" onto public org.springframework.hateoas.Resources<?> org.springframework.data.rest.webmvc.RepositoryEntityController.getCollectionResourceCompact(org.springframework.data.rest.webmvc.RootResourceInformation,org.springframework.data.rest.webmvc.support.DefaultedPageable,org.springframework.data.domain.Sort,org.springframework.data.rest.webmvc.PersistentEntityResourceAssembler) throws org.springframework.data.rest.webmvc.ResourceNotFoundException,org.springframework.web.HttpRequestMethodNotSupportedException
2018-12-27 11:26:11.140  INFO 2120 --- [    Test worker] o.s.d.r.w.RepositoryRestHandlerMapping   : Mapped "{[/api/{repository}],methods=[POST],produces=[application/hal+json || application/json]}" onto public org.springframework.http.ResponseEntity<org.springframework.hateoas.ResourceSupport> org.springframework.data.rest.webmvc.RepositoryEntityController.postCollectionResource(org.springframework.data.rest.webmvc.RootResourceInformation,org.springframework.data.rest.webmvc.PersistentEntityResource,org.springframework.data.rest.webmvc.PersistentEntityResourceAssembler,java.lang.String) throws org.springframework.web.HttpRequestMethodNotSupportedException
2018-12-27 11:26:11.141  INFO 2120 --- [    Test worker] o.s.d.r.w.RepositoryRestHandlerMapping   : Mapped "{[/api/{repository}/{id}],methods=[OPTIONS],produces=[application/hal+json || application/json]}" onto public org.springframework.http.ResponseEntity<?> org.springframework.data.rest.webmvc.RepositoryEntityController.optionsForItemResource(org.springframework.data.rest.webmvc.RootResourceInformation)
2018-12-27 11:26:11.141  INFO 2120 --- [    Test worker] o.s.d.r.w.RepositoryRestHandlerMapping   : Mapped "{[/api/{repository}],methods=[OPTIONS],produces=[application/hal+json || application/json]}" onto public org.springframework.http.ResponseEntity<?> org.springframework.data.rest.webmvc.RepositoryEntityController.optionsForCollectionResource(org.springframework.data.rest.webmvc.RootResourceInformation)
2018-12-27 11:26:11.142  INFO 2120 --- [    Test worker] o.s.d.r.w.RepositoryRestHandlerMapping   : Mapped "{[/api/{repository}/{id}],methods=[PATCH],produces=[application/hal+json || application/json]}" onto public org.springframework.http.ResponseEntity<org.springframework.hateoas.ResourceSupport> org.springframework.data.rest.webmvc.RepositoryEntityController.patchItemResource(org.springframework.data.rest.webmvc.RootResourceInformation,org.springframework.data.rest.webmvc.PersistentEntityResource,java.io.Serializable,org.springframework.data.rest.webmvc.PersistentEntityResourceAssembler,org.springframework.data.rest.webmvc.support.ETag,java.lang.String) throws org.springframework.web.HttpRequestMethodNotSupportedException,org.springframework.data.rest.webmvc.ResourceNotFoundException
2018-12-27 11:26:11.143  INFO 2120 --- [    Test worker] o.s.d.r.w.RepositoryRestHandlerMapping   : Mapped "{[/api/{repository}/{id}],methods=[DELETE],produces=[application/hal+json || application/json]}" onto public org.springframework.http.ResponseEntity<?> org.springframework.data.rest.webmvc.RepositoryEntityController.deleteItemResource(org.springframework.data.rest.webmvc.RootResourceInformation,java.io.Serializable,org.springframework.data.rest.webmvc.support.ETag) throws org.springframework.data.rest.webmvc.ResourceNotFoundException,org.springframework.web.HttpRequestMethodNotSupportedException
2018-12-27 11:26:11.143  INFO 2120 --- [    Test worker] o.s.d.r.w.RepositoryRestHandlerMapping   : Mapped "{[/api/{repository}/{id}],methods=[HEAD],produces=[application/hal+json || application/json]}" onto public org.springframework.http.ResponseEntity<?> org.springframework.data.rest.webmvc.RepositoryEntityController.headForItemResource(org.springframework.data.rest.webmvc.RootResourceInformation,java.io.Serializable,org.springframework.data.rest.webmvc.PersistentEntityResourceAssembler) throws org.springframework.web.HttpRequestMethodNotSupportedException
2018-12-27 11:26:11.143  INFO 2120 --- [    Test worker] o.s.d.r.w.RepositoryRestHandlerMapping   : Mapped "{[/api/{repository}],methods=[HEAD],produces=[application/hal+json || application/json]}" onto public org.springframework.http.ResponseEntity<?> org.springframework.data.rest.webmvc.RepositoryEntityController.headCollectionResource(org.springframework.data.rest.webmvc.RootResourceInformation,org.springframework.data.rest.webmvc.support.DefaultedPageable) throws org.springframework.web.HttpRequestMethodNotSupportedException
2018-12-27 11:26:11.144  INFO 2120 --- [    Test worker] o.s.d.r.w.RepositoryRestHandlerMapping   : Mapped "{[/api/{repository}],methods=[GET],produces=[application/hal+json || application/json]}" onto public org.springframework.hateoas.Resources<?> org.springframework.data.rest.webmvc.RepositoryEntityController.getCollectionResource(org.springframework.data.rest.webmvc.RootResourceInformation,org.springframework.data.rest.webmvc.support.DefaultedPageable,org.springframework.data.domain.Sort,org.springframework.data.rest.webmvc.PersistentEntityResourceAssembler) throws org.springframework.data.rest.webmvc.ResourceNotFoundException,org.springframework.web.HttpRequestMethodNotSupportedException
2018-12-27 11:26:11.145  INFO 2120 --- [    Test worker] o.s.d.r.w.RepositoryRestHandlerMapping   : Mapped "{[/api/{repository}/{id}],methods=[GET],produces=[application/hal+json || application/json]}" onto public org.springframework.http.ResponseEntity<org.springframework.hateoas.Resource<?>> org.springframework.data.rest.webmvc.RepositoryEntityController.getItemResource(org.springframework.data.rest.webmvc.RootResourceInformation,java.io.Serializable,org.springframework.data.rest.webmvc.PersistentEntityResourceAssembler,org.springframework.http.HttpHeaders) throws org.springframework.web.HttpRequestMethodNotSupportedException
2018-12-27 11:26:11.145  INFO 2120 --- [    Test worker] o.s.d.r.w.RepositoryRestHandlerMapping   : Mapped "{[/api/{repository}/{id}],methods=[PUT],produces=[application/hal+json || application/json]}" onto public org.springframework.http.ResponseEntity<? extends org.springframework.hateoas.ResourceSupport> org.springframework.data.rest.webmvc.RepositoryEntityController.putItemResource(org.springframework.data.rest.webmvc.RootResourceInformation,org.springframework.data.rest.webmvc.PersistentEntityResource,java.io.Serializable,org.springframework.data.rest.webmvc.PersistentEntityResourceAssembler,org.springframework.data.rest.webmvc.support.ETag,java.lang.String) throws org.springframework.web.HttpRequestMethodNotSupportedException
2018-12-27 11:26:11.146  INFO 2120 --- [    Test worker] o.s.d.r.w.RepositoryRestHandlerMapping   : Mapped "{[/api/{repository}/search],methods=[OPTIONS],produces=[application/hal+json || application/json]}" onto public org.springframework.http.HttpEntity<?> org.springframework.data.rest.webmvc.RepositorySearchController.optionsForSearches(org.springframework.data.rest.webmvc.RootResourceInformation)
2018-12-27 11:26:11.147  INFO 2120 --- [    Test worker] o.s.d.r.w.RepositoryRestHandlerMapping   : Mapped "{[/api/{repository}/search/{search}],methods=[GET],produces=[application/x-spring-data-compact+json]}" onto public org.springframework.hateoas.ResourceSupport org.springframework.data.rest.webmvc.RepositorySearchController.executeSearchCompact(org.springframework.data.rest.webmvc.RootResourceInformation,org.springframework.http.HttpHeaders,org.springframework.util.MultiValueMap<java.lang.String, java.lang.Object>,java.lang.String,java.lang.String,org.springframework.data.rest.webmvc.support.DefaultedPageable,org.springframework.data.domain.Sort,org.springframework.data.rest.webmvc.PersistentEntityResourceAssembler)
2018-12-27 11:26:11.147  INFO 2120 --- [    Test worker] o.s.d.r.w.RepositoryRestHandlerMapping   : Mapped "{[/api/{repository}/search],methods=[HEAD],produces=[application/hal+json || application/json]}" onto public org.springframework.http.HttpEntity<?> org.springframework.data.rest.webmvc.RepositorySearchController.headForSearches(org.springframework.data.rest.webmvc.RootResourceInformation)
2018-12-27 11:26:11.148  INFO 2120 --- [    Test worker] o.s.d.r.w.RepositoryRestHandlerMapping   : Mapped "{[/api/{repository}/search/{search}],methods=[GET],produces=[application/hal+json || application/json]}" onto public org.springframework.http.ResponseEntity<?> org.springframework.data.rest.webmvc.RepositorySearchController.executeSearch(org.springframework.data.rest.webmvc.RootResourceInformation,org.springframework.util.MultiValueMap<java.lang.String, java.lang.Object>,java.lang.String,org.springframework.data.rest.webmvc.support.DefaultedPageable,org.springframework.data.domain.Sort,org.springframework.data.rest.webmvc.PersistentEntityResourceAssembler,org.springframework.http.HttpHeaders)
2018-12-27 11:26:11.149  INFO 2120 --- [    Test worker] o.s.d.r.w.RepositoryRestHandlerMapping   : Mapped "{[/api/{repository}/search],methods=[GET],produces=[application/hal+json || application/json]}" onto public org.springframework.data.rest.webmvc.RepositorySearchesResource org.springframework.data.rest.webmvc.RepositorySearchController.listSearches(org.springframework.data.rest.webmvc.RootResourceInformation)
2018-12-27 11:26:11.149  INFO 2120 --- [    Test worker] o.s.d.r.w.RepositoryRestHandlerMapping   : Mapped "{[/api/{repository}/search/{search}],methods=[OPTIONS],produces=[application/hal+json || application/json]}" onto public org.springframework.http.ResponseEntity<java.lang.Object> org.springframework.data.rest.webmvc.RepositorySearchController.optionsForSearch(org.springframework.data.rest.webmvc.RootResourceInformation,java.lang.String)
2018-12-27 11:26:11.150  INFO 2120 --- [    Test worker] o.s.d.r.w.RepositoryRestHandlerMapping   : Mapped "{[/api/{repository}/search/{search}],methods=[HEAD],produces=[application/hal+json || application/json]}" onto public org.springframework.http.ResponseEntity<java.lang.Object> org.springframework.data.rest.webmvc.RepositorySearchController.headForSearch(org.springframework.data.rest.webmvc.RootResourceInformation,java.lang.String)
2018-12-27 11:26:11.150  INFO 2120 --- [    Test worker] o.s.d.r.w.RepositoryRestHandlerMapping   : Mapped "{[/api/ || /api],methods=[OPTIONS],produces=[application/hal+json || application/json]}" onto public org.springframework.http.HttpEntity<?> org.springframework.data.rest.webmvc.RepositoryController.optionsForRepositories()
2018-12-27 11:26:11.151  INFO 2120 --- [    Test worker] o.s.d.r.w.RepositoryRestHandlerMapping   : Mapped "{[/api/ || /api],methods=[HEAD],produces=[application/hal+json || application/json]}" onto public org.springframework.http.ResponseEntity<?> org.springframework.data.rest.webmvc.RepositoryController.headForRepositories()
2018-12-27 11:26:11.151  INFO 2120 --- [    Test worker] o.s.d.r.w.RepositoryRestHandlerMapping   : Mapped "{[/api/ || /api],methods=[GET],produces=[application/hal+json || application/json]}" onto public org.springframework.http.HttpEntity<org.springframework.data.rest.webmvc.RepositoryLinksResource> org.springframework.data.rest.webmvc.RepositoryController.listRepositories()
2018-12-27 11:26:11.153  INFO 2120 --- [    Test worker] o.s.d.r.w.RepositoryRestHandlerMapping   : Mapped "{[/api/{repository}/{id}/{property}],methods=[PATCH || PUT || POST],consumes=[application/json || application/x-spring-data-compact+json || text/uri-list],produces=[application/hal+json || application/json]}" onto public org.springframework.http.ResponseEntity<? extends org.springframework.hateoas.ResourceSupport> org.springframework.data.rest.webmvc.RepositoryPropertyReferenceController.createPropertyReference(org.springframework.data.rest.webmvc.RootResourceInformation,org.springframework.http.HttpMethod,org.springframework.hateoas.Resources<java.lang.Object>,java.io.Serializable,java.lang.String) throws java.lang.Exception
2018-12-27 11:26:11.153  INFO 2120 --- [    Test worker] o.s.d.r.w.RepositoryRestHandlerMapping   : Mapped "{[/api/{repository}/{id}/{property}],methods=[GET],produces=[application/hal+json || application/json]}" onto public org.springframework.http.ResponseEntity<org.springframework.hateoas.ResourceSupport> org.springframework.data.rest.webmvc.RepositoryPropertyReferenceController.followPropertyReference(org.springframework.data.rest.webmvc.RootResourceInformation,java.io.Serializable,java.lang.String,org.springframework.data.rest.webmvc.PersistentEntityResourceAssembler) throws java.lang.Exception
2018-12-27 11:26:11.153  INFO 2120 --- [    Test worker] o.s.d.r.w.RepositoryRestHandlerMapping   : Mapped "{[/api/{repository}/{id}/{property}/{propertyId}],methods=[GET],produces=[application/hal+json || application/json]}" onto public org.springframework.http.ResponseEntity<org.springframework.hateoas.ResourceSupport> org.springframework.data.rest.webmvc.RepositoryPropertyReferenceController.followPropertyReference(org.springframework.data.rest.webmvc.RootResourceInformation,java.io.Serializable,java.lang.String,java.lang.String,org.springframework.data.rest.webmvc.PersistentEntityResourceAssembler) throws java.lang.Exception
2018-12-27 11:26:11.154  INFO 2120 --- [    Test worker] o.s.d.r.w.RepositoryRestHandlerMapping   : Mapped "{[/api/{repository}/{id}/{property}/{propertyId}],methods=[DELETE],produces=[application/hal+json || application/json]}" onto public org.springframework.http.ResponseEntity<org.springframework.hateoas.ResourceSupport> org.springframework.data.rest.webmvc.RepositoryPropertyReferenceController.deletePropertyReferenceId(org.springframework.data.rest.webmvc.RootResourceInformation,java.io.Serializable,java.lang.String,java.lang.String) throws java.lang.Exception
2018-12-27 11:26:11.154  INFO 2120 --- [    Test worker] o.s.d.r.w.RepositoryRestHandlerMapping   : Mapped "{[/api/{repository}/{id}/{property}],methods=[DELETE],produces=[application/hal+json || application/json]}" onto public org.springframework.http.ResponseEntity<? extends org.springframework.hateoas.ResourceSupport> org.springframework.data.rest.webmvc.RepositoryPropertyReferenceController.deletePropertyReference(org.springframework.data.rest.webmvc.RootResourceInformation,java.io.Serializable,java.lang.String) throws java.lang.Exception
2018-12-27 11:26:11.154  INFO 2120 --- [    Test worker] o.s.d.r.w.RepositoryRestHandlerMapping   : Mapped "{[/api/{repository}/{id}/{property}],methods=[GET],produces=[application/x-spring-data-compact+json || text/uri-list]}" onto public org.springframework.http.ResponseEntity<org.springframework.hateoas.ResourceSupport> org.springframework.data.rest.webmvc.RepositoryPropertyReferenceController.followPropertyReferenceCompact(org.springframework.data.rest.webmvc.RootResourceInformation,java.io.Serializable,java.lang.String,org.springframework.data.rest.webmvc.PersistentEntityResourceAssembler) throws java.lang.Exception
2018-12-27 11:26:11.160  INFO 2120 --- [    Test worker] o.s.d.r.w.BasePathAwareHandlerMapping    : Mapped "{[/api/profile],methods=[GET]}" onto org.springframework.http.HttpEntity<org.springframework.hateoas.ResourceSupport> org.springframework.data.rest.webmvc.ProfileController.listAllFormsOfMetadata()
2018-12-27 11:26:11.161  INFO 2120 --- [    Test worker] o.s.d.r.w.BasePathAwareHandlerMapping    : Mapped "{[/api/profile],methods=[OPTIONS]}" onto public org.springframework.http.HttpEntity<?> org.springframework.data.rest.webmvc.ProfileController.profileOptions()
2018-12-27 11:26:11.161  INFO 2120 --- [    Test worker] o.s.d.r.w.BasePathAwareHandlerMapping    : Mapped "{[/api/profile/{repository}],methods=[GET],produces=[application/alps+json || */*]}" onto org.springframework.http.HttpEntity<org.springframework.data.rest.webmvc.RootResourceInformation> org.springframework.data.rest.webmvc.alps.AlpsController.descriptor(org.springframework.data.rest.webmvc.RootResourceInformation)
2018-12-27 11:26:11.161  INFO 2120 --- [    Test worker] o.s.d.r.w.BasePathAwareHandlerMapping    : Mapped "{[/api/profile/{repository}],methods=[OPTIONS],produces=[application/alps+json]}" onto org.springframework.http.HttpEntity<?> org.springframework.data.rest.webmvc.alps.AlpsController.alpsOptions()
2018-12-27 11:26:11.162  INFO 2120 --- [    Test worker] o.s.d.r.w.BasePathAwareHandlerMapping    : Mapped "{[/api/profile/{repository}],methods=[GET],produces=[application/schema+json]}" onto public org.springframework.http.HttpEntity<org.springframework.data.rest.webmvc.json.JsonSchema> org.springframework.data.rest.webmvc.RepositorySchemaController.schema(org.springframework.data.rest.webmvc.RootResourceInformation)
2018-12-27 11:26:11.534  INFO 2120 --- [    Test worker] o.s.s.web.DefaultSecurityFilterChain     : Creating filter chain: org.springframework.security.web.util.matcher.AnyRequestMatcher@1, [org.springframework.security.web.context.request.async.WebAsyncManagerIntegrationFilter@1e3e527f, org.springframework.security.web.context.SecurityContextPersistenceFilter@4e893979, org.springframework.security.web.header.HeaderWriterFilter@2a9063a, org.springframework.security.web.csrf.CsrfFilter@3bc463f9, org.springframework.security.web.authentication.logout.LogoutFilter@63ccf838, org.springframework.security.web.authentication.UsernamePasswordAuthenticationFilter@473d0456, org.springframework.security.web.authentication.ui.DefaultLoginPageGeneratingFilter@64094731, org.springframework.security.web.authentication.www.BasicAuthenticationFilter@2698e3e4, org.springframework.security.web.savedrequest.RequestCacheAwareFilter@2a0a06a6, org.springframework.security.web.servletapi.SecurityContextHolderAwareRequestFilter@60d84d0b, org.springframework.security.web.authentication.AnonymousAuthenticationFilter@6b6167f7, org.springframework.security.web.session.SessionManagementFilter@56ca43f2, org.springframework.security.web.access.ExceptionTranslationFilter@dad394f, org.springframework.security.web.access.intercept.FilterSecurityInterceptor@110c94c3]
2018-12-27 11:26:11.724  INFO 2120 --- [    Test worker] g.a.i.u.StandardUomConversionServiceTest : Started StandardUomConversionServiceTest in 8.377 seconds (JVM running for 53.523)
2018-12-27 11:26:11.750  INFO 2120 --- [    Test worker] o.s.t.c.transaction.TransactionContext   : Began transaction (1) for test context [DefaultTestContext@51bbf7a7 testClass = StandardUomConversionServiceTest, testInstance = ags.goldenlionerp.application.item.uomconversion.StandardUomConversionServiceTest@38e13f7, testMethod = testFindConversionValue@StandardUomConversionServiceTest, testException = [null], mergedContextConfiguration = [WebMergedContextConfiguration@d3f99e3 testClass = StandardUomConversionServiceTest, locations = '{}', classes = '{class ags.goldenlionerp.GoldenLionErpApplication}', contextInitializerClasses = '[]', activeProfiles = '{}', propertySourceLocations = '{}', propertySourceProperties = '{org.springframework.boot.test.context.SpringBootTestContextBootstrapper=true}', contextCustomizers = set[org.springframework.boot.test.autoconfigure.properties.PropertyMappingContextCustomizer@0, org.springframework.boot.test.autoconfigure.web.servlet.WebDriverContextCustomizerFactory$Customizer@636d731e, org.springframework.boot.test.context.filter.ExcludeFilterContextCustomizer@6afa5291, org.springframework.boot.test.json.DuplicateJsonObjectContextCustomizerFactory$DuplicateJsonObjectContextCustomizer@20cebcb4, org.springframework.boot.test.mock.mockito.MockitoContextCustomizer@0, org.springframework.boot.test.web.client.TestRestTemplateContextCustomizer@49a32273], resourceBasePath = 'src/main/webapp', contextLoader = 'org.springframework.boot.test.context.SpringBootContextLoader', parent = [null]], attributes = map['org.springframework.test.context.web.ServletTestExecutionListener.activateListener' -> true, 'org.springframework.test.context.web.ServletTestExecutionListener.populatedRequestContextHolder' -> true, 'org.springframework.test.context.web.ServletTestExecutionListener.resetRequestContextHolder' -> true]]; transaction manager [org.springframework.orm.jpa.JpaTransactionManager@d330e10]; rollback [true]
2018-12-27 11:26:11.761  INFO 2120 --- [    Test worker] o.s.t.c.transaction.TransactionContext   : Rolled back transaction for test: [DefaultTestContext@51bbf7a7 testClass = StandardUomConversionServiceTest, testInstance = ags.goldenlionerp.application.item.uomconversion.StandardUomConversionServiceTest@38e13f7, testMethod = testFindConversionValue@StandardUomConversionServiceTest, testException = [null], mergedContextConfiguration = [WebMergedContextConfiguration@d3f99e3 testClass = StandardUomConversionServiceTest, locations = '{}', classes = '{class ags.goldenlionerp.GoldenLionErpApplication}', contextInitializerClasses = '[]', activeProfiles = '{}', propertySourceLocations = '{}', propertySourceProperties = '{org.springframework.boot.test.context.SpringBootTestContextBootstrapper=true}', contextCustomizers = set[org.springframework.boot.test.autoconfigure.properties.PropertyMappingContextCustomizer@0, org.springframework.boot.test.autoconfigure.web.servlet.WebDriverContextCustomizerFactory$Customizer@636d731e, org.springframework.boot.test.context.filter.ExcludeFilterContextCustomizer@6afa5291, org.springframework.boot.test.json.DuplicateJsonObjectContextCustomizerFactory$DuplicateJsonObjectContextCustomizer@20cebcb4, org.springframework.boot.test.mock.mockito.MockitoContextCustomizer@0, org.springframework.boot.test.web.client.TestRestTemplateContextCustomizer@49a32273], resourceBasePath = 'src/main/webapp', contextLoader = 'org.springframework.boot.test.context.SpringBootContextLoader', parent = [null]], attributes = map['org.springframework.test.context.web.ServletTestExecutionListener.activateListener' -> true, 'org.springframework.test.context.web.ServletTestExecutionListener.populatedRequestContextHolder' -> true, 'org.springframework.test.context.web.ServletTestExecutionListener.resetRequestContextHolder' -> true]]
2018-12-27 11:26:11.764  INFO 2120 --- [    Test worker] o.s.t.c.transaction.TransactionContext   : Began transaction (1) for test context [DefaultTestContext@51bbf7a7 testClass = StandardUomConversionServiceTest, testInstance = ags.goldenlionerp.application.item.uomconversion.StandardUomConversionServiceTest@15b67f09, testMethod = test1@StandardUomConversionServiceTest, testException = [null], mergedContextConfiguration = [WebMergedContextConfiguration@d3f99e3 testClass = StandardUomConversionServiceTest, locations = '{}', classes = '{class ags.goldenlionerp.GoldenLionErpApplication}', contextInitializerClasses = '[]', activeProfiles = '{}', propertySourceLocations = '{}', propertySourceProperties = '{org.springframework.boot.test.context.SpringBootTestContextBootstrapper=true}', contextCustomizers = set[org.springframework.boot.test.autoconfigure.properties.PropertyMappingContextCustomizer@0, org.springframework.boot.test.autoconfigure.web.servlet.WebDriverContextCustomizerFactory$Customizer@636d731e, org.springframework.boot.test.context.filter.ExcludeFilterContextCustomizer@6afa5291, org.springframework.boot.test.json.DuplicateJsonObjectContextCustomizerFactory$DuplicateJsonObjectContextCustomizer@20cebcb4, org.springframework.boot.test.mock.mockito.MockitoContextCustomizer@0, org.springframework.boot.test.web.client.TestRestTemplateContextCustomizer@49a32273], resourceBasePath = 'src/main/webapp', contextLoader = 'org.springframework.boot.test.context.SpringBootContextLoader', parent = [null]], attributes = map['org.springframework.test.context.web.ServletTestExecutionListener.activateListener' -> true, 'org.springframework.test.context.web.ServletTestExecutionListener.populatedRequestContextHolder' -> true, 'org.springframework.test.context.web.ServletTestExecutionListener.resetRequestContextHolder' -> true]]; transaction manager [org.springframework.orm.jpa.JpaTransactionManager@d330e10]; rollback [true]
2018-12-27 11:26:11.769  INFO 2120 --- [    Test worker] o.s.t.c.transaction.TransactionContext   : Rolled back transaction for test: [DefaultTestContext@51bbf7a7 testClass = StandardUomConversionServiceTest, testInstance = ags.goldenlionerp.application.item.uomconversion.StandardUomConversionServiceTest@15b67f09, testMethod = test1@StandardUomConversionServiceTest, testException = [null], mergedContextConfiguration = [WebMergedContextConfiguration@d3f99e3 testClass = StandardUomConversionServiceTest, locations = '{}', classes = '{class ags.goldenlionerp.GoldenLionErpApplication}', contextInitializerClasses = '[]', activeProfiles = '{}', propertySourceLocations = '{}', propertySourceProperties = '{org.springframework.boot.test.context.SpringBootTestContextBootstrapper=true}', contextCustomizers = set[org.springframework.boot.test.autoconfigure.properties.PropertyMappingContextCustomizer@0, org.springframework.boot.test.autoconfigure.web.servlet.WebDriverContextCustomizerFactory$Customizer@636d731e, org.springframework.boot.test.context.filter.ExcludeFilterContextCustomizer@6afa5291, org.springframework.boot.test.json.DuplicateJsonObjectContextCustomizerFactory$DuplicateJsonObjectContextCustomizer@20cebcb4, org.springframework.boot.test.mock.mockito.MockitoContextCustomizer@0, org.springframework.boot.test.web.client.TestRestTemplateContextCustomizer@49a32273], resourceBasePath = 'src/main/webapp', contextLoader = 'org.springframework.boot.test.context.SpringBootContextLoader', parent = [null]], attributes = map['org.springframework.test.context.web.ServletTestExecutionListener.activateListener' -> true, 'org.springframework.test.context.web.ServletTestExecutionListener.populatedRequestContextHolder' -> true, 'org.springframework.test.context.web.ServletTestExecutionListener.resetRequestContextHolder' -> true]]
2018-12-27 11:26:11.771  INFO 2120 --- [    Test worker] o.s.t.c.transaction.TransactionContext   : Began transaction (1) for test context [DefaultTestContext@51bbf7a7 testClass = StandardUomConversionServiceTest, testInstance = ags.goldenlionerp.application.item.uomconversion.StandardUomConversionServiceTest@1b3ea4d7, testMethod = test2@StandardUomConversionServiceTest, testException = [null], mergedContextConfiguration = [WebMergedContextConfiguration@d3f99e3 testClass = StandardUomConversionServiceTest, locations = '{}', classes = '{class ags.goldenlionerp.GoldenLionErpApplication}', contextInitializerClasses = '[]', activeProfiles = '{}', propertySourceLocations = '{}', propertySourceProperties = '{org.springframework.boot.test.context.SpringBootTestContextBootstrapper=true}', contextCustomizers = set[org.springframework.boot.test.autoconfigure.properties.PropertyMappingContextCustomizer@0, org.springframework.boot.test.autoconfigure.web.servlet.WebDriverContextCustomizerFactory$Customizer@636d731e, org.springframework.boot.test.context.filter.ExcludeFilterContextCustomizer@6afa5291, org.springframework.boot.test.json.DuplicateJsonObjectContextCustomizerFactory$DuplicateJsonObjectContextCustomizer@20cebcb4, org.springframework.boot.test.mock.mockito.MockitoContextCustomizer@0, org.springframework.boot.test.web.client.TestRestTemplateContextCustomizer@49a32273], resourceBasePath = 'src/main/webapp', contextLoader = 'org.springframework.boot.test.context.SpringBootContextLoader', parent = [null]], attributes = map['org.springframework.test.context.web.ServletTestExecutionListener.activateListener' -> true, 'org.springframework.test.context.web.ServletTestExecutionListener.populatedRequestContextHolder' -> true, 'org.springframework.test.context.web.ServletTestExecutionListener.resetRequestContextHolder' -> true]]; transaction manager [org.springframework.orm.jpa.JpaTransactionManager@d330e10]; rollback [true]
2018-12-27 11:26:11.777  INFO 2120 --- [    Test worker] o.s.t.c.transaction.TransactionContext   : Rolled back transaction for test: [DefaultTestContext@51bbf7a7 testClass = StandardUomConversionServiceTest, testInstance = ags.goldenlionerp.application.item.uomconversion.StandardUomConversionServiceTest@1b3ea4d7, testMethod = test2@StandardUomConversionServiceTest, testException = [null], mergedContextConfiguration = [WebMergedContextConfiguration@d3f99e3 testClass = StandardUomConversionServiceTest, locations = '{}', classes = '{class ags.goldenlionerp.GoldenLionErpApplication}', contextInitializerClasses = '[]', activeProfiles = '{}', propertySourceLocations = '{}', propertySourceProperties = '{org.springframework.boot.test.context.SpringBootTestContextBootstrapper=true}', contextCustomizers = set[org.springframework.boot.test.autoconfigure.properties.PropertyMappingContextCustomizer@0, org.springframework.boot.test.autoconfigure.web.servlet.WebDriverContextCustomizerFactory$Customizer@636d731e, org.springframework.boot.test.context.filter.ExcludeFilterContextCustomizer@6afa5291, org.springframework.boot.test.json.DuplicateJsonObjectContextCustomizerFactory$DuplicateJsonObjectContextCustomizer@20cebcb4, org.springframework.boot.test.mock.mockito.MockitoContextCustomizer@0, org.springframework.boot.test.web.client.TestRestTemplateContextCustomizer@49a32273], resourceBasePath = 'src/main/webapp', contextLoader = 'org.springframework.boot.test.context.SpringBootContextLoader', parent = [null]], attributes = map['org.springframework.test.context.web.ServletTestExecutionListener.activateListener' -> true, 'org.springframework.test.context.web.ServletTestExecutionListener.populatedRequestContextHolder' -> true, 'org.springframework.test.context.web.ServletTestExecutionListener.resetRequestContextHolder' -> true]]
2018-12-27 11:26:11.779  INFO 2120 --- [    Test worker] o.s.t.c.transaction.TransactionContext   : Began transaction (1) for test context [DefaultTestContext@51bbf7a7 testClass = StandardUomConversionServiceTest, testInstance = ags.goldenlionerp.application.item.uomconversion.StandardUomConversionServiceTest@68dc1dec, testMethod = test3@StandardUomConversionServiceTest, testException = [null], mergedContextConfiguration = [WebMergedContextConfiguration@d3f99e3 testClass = StandardUomConversionServiceTest, locations = '{}', classes = '{class ags.goldenlionerp.GoldenLionErpApplication}', contextInitializerClasses = '[]', activeProfiles = '{}', propertySourceLocations = '{}', propertySourceProperties = '{org.springframework.boot.test.context.SpringBootTestContextBootstrapper=true}', contextCustomizers = set[org.springframework.boot.test.autoconfigure.properties.PropertyMappingContextCustomizer@0, org.springframework.boot.test.autoconfigure.web.servlet.WebDriverContextCustomizerFactory$Customizer@636d731e, org.springframework.boot.test.context.filter.ExcludeFilterContextCustomizer@6afa5291, org.springframework.boot.test.json.DuplicateJsonObjectContextCustomizerFactory$DuplicateJsonObjectContextCustomizer@20cebcb4, org.springframework.boot.test.mock.mockito.MockitoContextCustomizer@0, org.springframework.boot.test.web.client.TestRestTemplateContextCustomizer@49a32273], resourceBasePath = 'src/main/webapp', contextLoader = 'org.springframework.boot.test.context.SpringBootContextLoader', parent = [null]], attributes = map['org.springframework.test.context.web.ServletTestExecutionListener.activateListener' -> true, 'org.springframework.test.context.web.ServletTestExecutionListener.populatedRequestContextHolder' -> true, 'org.springframework.test.context.web.ServletTestExecutionListener.resetRequestContextHolder' -> true]]; transaction manager [org.springframework.orm.jpa.JpaTransactionManager@d330e10]; rollback [true]
2018-12-27 11:26:11.783  INFO 2120 --- [    Test worker] o.s.t.c.transaction.TransactionContext   : Rolled back transaction for test: [DefaultTestContext@51bbf7a7 testClass = StandardUomConversionServiceTest, testInstance = ags.goldenlionerp.application.item.uomconversion.StandardUomConversionServiceTest@68dc1dec, testMethod = test3@StandardUomConversionServiceTest, testException = [null], mergedContextConfiguration = [WebMergedContextConfiguration@d3f99e3 testClass = StandardUomConversionServiceTest, locations = '{}', classes = '{class ags.goldenlionerp.GoldenLionErpApplication}', contextInitializerClasses = '[]', activeProfiles = '{}', propertySourceLocations = '{}', propertySourceProperties = '{org.springframework.boot.test.context.SpringBootTestContextBootstrapper=true}', contextCustomizers = set[org.springframework.boot.test.autoconfigure.properties.PropertyMappingContextCustomizer@0, org.springframework.boot.test.autoconfigure.web.servlet.WebDriverContextCustomizerFactory$Customizer@636d731e, org.springframework.boot.test.context.filter.ExcludeFilterContextCustomizer@6afa5291, org.springframework.boot.test.json.DuplicateJsonObjectContextCustomizerFactory$DuplicateJsonObjectContextCustomizer@20cebcb4, org.springframework.boot.test.mock.mockito.MockitoContextCustomizer@0, org.springframework.boot.test.web.client.TestRestTemplateContextCustomizer@49a32273], resourceBasePath = 'src/main/webapp', contextLoader = 'org.springframework.boot.test.context.SpringBootContextLoader', parent = [null]], attributes = map['org.springframework.test.context.web.ServletTestExecutionListener.activateListener' -> true, 'org.springframework.test.context.web.ServletTestExecutionListener.populatedRequestContextHolder' -> true, 'org.springframework.test.context.web.ServletTestExecutionListener.resetRequestContextHolder' -> true]]
2018-12-27 11:26:11.785  INFO 2120 --- [    Test worker] o.s.t.c.transaction.TransactionContext   : Began transaction (1) for test context [DefaultTestContext@51bbf7a7 testClass = StandardUomConversionServiceTest, testInstance = ags.goldenlionerp.application.item.uomconversion.StandardUomConversionServiceTest@195d7195, testMethod = test4@StandardUomConversionServiceTest, testException = [null], mergedContextConfiguration = [WebMergedContextConfiguration@d3f99e3 testClass = StandardUomConversionServiceTest, locations = '{}', classes = '{class ags.goldenlionerp.GoldenLionErpApplication}', contextInitializerClasses = '[]', activeProfiles = '{}', propertySourceLocations = '{}', propertySourceProperties = '{org.springframework.boot.test.context.SpringBootTestContextBootstrapper=true}', contextCustomizers = set[org.springframework.boot.test.autoconfigure.properties.PropertyMappingContextCustomizer@0, org.springframework.boot.test.autoconfigure.web.servlet.WebDriverContextCustomizerFactory$Customizer@636d731e, org.springframework.boot.test.context.filter.ExcludeFilterContextCustomizer@6afa5291, org.springframework.boot.test.json.DuplicateJsonObjectContextCustomizerFactory$DuplicateJsonObjectContextCustomizer@20cebcb4, org.springframework.boot.test.mock.mockito.MockitoContextCustomizer@0, org.springframework.boot.test.web.client.TestRestTemplateContextCustomizer@49a32273], resourceBasePath = 'src/main/webapp', contextLoader = 'org.springframework.boot.test.context.SpringBootContextLoader', parent = [null]], attributes = map['org.springframework.test.context.web.ServletTestExecutionListener.activateListener' -> true, 'org.springframework.test.context.web.ServletTestExecutionListener.populatedRequestContextHolder' -> true, 'org.springframework.test.context.web.ServletTestExecutionListener.resetRequestContextHolder' -> true]]; transaction manager [org.springframework.orm.jpa.JpaTransactionManager@d330e10]; rollback [true]
2018-12-27 11:26:11.790  INFO 2120 --- [    Test worker] o.s.t.c.transaction.TransactionContext   : Rolled back transaction for test: [DefaultTestContext@51bbf7a7 testClass = StandardUomConversionServiceTest, testInstance = ags.goldenlionerp.application.item.uomconversion.StandardUomConversionServiceTest@195d7195, testMethod = test4@StandardUomConversionServiceTest, testException = [null], mergedContextConfiguration = [WebMergedContextConfiguration@d3f99e3 testClass = StandardUomConversionServiceTest, locations = '{}', classes = '{class ags.goldenlionerp.GoldenLionErpApplication}', contextInitializerClasses = '[]', activeProfiles = '{}', propertySourceLocations = '{}', propertySourceProperties = '{org.springframework.boot.test.context.SpringBootTestContextBootstrapper=true}', contextCustomizers = set[org.springframework.boot.test.autoconfigure.properties.PropertyMappingContextCustomizer@0, org.springframework.boot.test.autoconfigure.web.servlet.WebDriverContextCustomizerFactory$Customizer@636d731e, org.springframework.boot.test.context.filter.ExcludeFilterContextCustomizer@6afa5291, org.springframework.boot.test.json.DuplicateJsonObjectContextCustomizerFactory$DuplicateJsonObjectContextCustomizer@20cebcb4, org.springframework.boot.test.mock.mockito.MockitoContextCustomizer@0, org.springframework.boot.test.web.client.TestRestTemplateContextCustomizer@49a32273], resourceBasePath = 'src/main/webapp', contextLoader = 'org.springframework.boot.test.context.SpringBootContextLoader', parent = [null]], attributes = map['org.springframework.test.context.web.ServletTestExecutionListener.activateListener' -> true, 'org.springframework.test.context.web.ServletTestExecutionListener.populatedRequestContextHolder' -> true, 'org.springframework.test.context.web.ServletTestExecutionListener.resetRequestContextHolder' -> true]]
2018-12-27 11:26:11.792  INFO 2120 --- [    Test worker] o.s.t.c.transaction.TransactionContext   : Began transaction (1) for test context [DefaultTestContext@51bbf7a7 testClass = StandardUomConversionServiceTest, testInstance = ags.goldenlionerp.application.item.uomconversion.StandardUomConversionServiceTest@3f351b80, testMethod = test5@StandardUomConversionServiceTest, testException = [null], mergedContextConfiguration = [WebMergedContextConfiguration@d3f99e3 testClass = StandardUomConversionServiceTest, locations = '{}', classes = '{class ags.goldenlionerp.GoldenLionErpApplication}', contextInitializerClasses = '[]', activeProfiles = '{}', propertySourceLocations = '{}', propertySourceProperties = '{org.springframework.boot.test.context.SpringBootTestContextBootstrapper=true}', contextCustomizers = set[org.springframework.boot.test.autoconfigure.properties.PropertyMappingContextCustomizer@0, org.springframework.boot.test.autoconfigure.web.servlet.WebDriverContextCustomizerFactory$Customizer@636d731e, org.springframework.boot.test.context.filter.ExcludeFilterContextCustomizer@6afa5291, org.springframework.boot.test.json.DuplicateJsonObjectContextCustomizerFactory$DuplicateJsonObjectContextCustomizer@20cebcb4, org.springframework.boot.test.mock.mockito.MockitoContextCustomizer@0, org.springframework.boot.test.web.client.TestRestTemplateContextCustomizer@49a32273], resourceBasePath = 'src/main/webapp', contextLoader = 'org.springframework.boot.test.context.SpringBootContextLoader', parent = [null]], attributes = map['org.springframework.test.context.web.ServletTestExecutionListener.activateListener' -> true, 'org.springframework.test.context.web.ServletTestExecutionListener.populatedRequestContextHolder' -> true, 'org.springframework.test.context.web.ServletTestExecutionListener.resetRequestContextHolder' -> true]]; transaction manager [org.springframework.orm.jpa.JpaTransactionManager@d330e10]; rollback [true]
2018-12-27 11:26:11.798  INFO 2120 --- [    Test worker] o.s.t.c.transaction.TransactionContext   : Rolled back transaction for test: [DefaultTestContext@51bbf7a7 testClass = StandardUomConversionServiceTest, testInstance = ags.goldenlionerp.application.item.uomconversion.StandardUomConversionServiceTest@3f351b80, testMethod = test5@StandardUomConversionServiceTest, testException = [null], mergedContextConfiguration = [WebMergedContextConfiguration@d3f99e3 testClass = StandardUomConversionServiceTest, locations = '{}', classes = '{class ags.goldenlionerp.GoldenLionErpApplication}', contextInitializerClasses = '[]', activeProfiles = '{}', propertySourceLocations = '{}', propertySourceProperties = '{org.springframework.boot.test.context.SpringBootTestContextBootstrapper=true}', contextCustomizers = set[org.springframework.boot.test.autoconfigure.properties.PropertyMappingContextCustomizer@0, org.springframework.boot.test.autoconfigure.web.servlet.WebDriverContextCustomizerFactory$Customizer@636d731e, org.springframework.boot.test.context.filter.ExcludeFilterContextCustomizer@6afa5291, org.springframework.boot.test.json.DuplicateJsonObjectContextCustomizerFactory$DuplicateJsonObjectContextCustomizer@20cebcb4, org.springframework.boot.test.mock.mockito.MockitoContextCustomizer@0, org.springframework.boot.test.web.client.TestRestTemplateContextCustomizer@49a32273], resourceBasePath = 'src/main/webapp', contextLoader = 'org.springframework.boot.test.context.SpringBootContextLoader', parent = [null]], attributes = map['org.springframework.test.context.web.ServletTestExecutionListener.activateListener' -> true, 'org.springframework.test.context.web.ServletTestExecutionListener.populatedRequestContextHolder' -> true, 'org.springframework.test.context.web.ServletTestExecutionListener.resetRequestContextHolder' -> true]]
2018-12-27 11:26:11.801  INFO 2120 --- [    Test worker] o.s.t.c.transaction.TransactionContext   : Began transaction (1) for test context [DefaultTestContext@51bbf7a7 testClass = StandardUomConversionServiceTest, testInstance = ags.goldenlionerp.application.item.uomconversion.StandardUomConversionServiceTest@51c308ad, testMethod = test6@StandardUomConversionServiceTest, testException = [null], mergedContextConfiguration = [WebMergedContextConfiguration@d3f99e3 testClass = StandardUomConversionServiceTest, locations = '{}', classes = '{class ags.goldenlionerp.GoldenLionErpApplication}', contextInitializerClasses = '[]', activeProfiles = '{}', propertySourceLocations = '{}', propertySourceProperties = '{org.springframework.boot.test.context.SpringBootTestContextBootstrapper=true}', contextCustomizers = set[org.springframework.boot.test.autoconfigure.properties.PropertyMappingContextCustomizer@0, org.springframework.boot.test.autoconfigure.web.servlet.WebDriverContextCustomizerFactory$Customizer@636d731e, org.springframework.boot.test.context.filter.ExcludeFilterContextCustomizer@6afa5291, org.springframework.boot.test.json.DuplicateJsonObjectContextCustomizerFactory$DuplicateJsonObjectContextCustomizer@20cebcb4, org.springframework.boot.test.mock.mockito.MockitoContextCustomizer@0, org.springframework.boot.test.web.client.TestRestTemplateContextCustomizer@49a32273], resourceBasePath = 'src/main/webapp', contextLoader = 'org.springframework.boot.test.context.SpringBootContextLoader', parent = [null]], attributes = map['org.springframework.test.context.web.ServletTestExecutionListener.activateListener' -> true, 'org.springframework.test.context.web.ServletTestExecutionListener.populatedRequestContextHolder' -> true, 'org.springframework.test.context.web.ServletTestExecutionListener.resetRequestContextHolder' -> true]]; transaction manager [org.springframework.orm.jpa.JpaTransactionManager@d330e10]; rollback [true]
2018-12-27 11:26:11.807  INFO 2120 --- [    Test worker] o.s.t.c.transaction.TransactionContext   : Rolled back transaction for test: [DefaultTestContext@51bbf7a7 testClass = StandardUomConversionServiceTest, testInstance = ags.goldenlionerp.application.item.uomconversion.StandardUomConversionServiceTest@51c308ad, testMethod = test6@StandardUomConversionServiceTest, testException = [null], mergedContextConfiguration = [WebMergedContextConfiguration@d3f99e3 testClass = StandardUomConversionServiceTest, locations = '{}', classes = '{class ags.goldenlionerp.GoldenLionErpApplication}', contextInitializerClasses = '[]', activeProfiles = '{}', propertySourceLocations = '{}', propertySourceProperties = '{org.springframework.boot.test.context.SpringBootTestContextBootstrapper=true}', contextCustomizers = set[org.springframework.boot.test.autoconfigure.properties.PropertyMappingContextCustomizer@0, org.springframework.boot.test.autoconfigure.web.servlet.WebDriverContextCustomizerFactory$Customizer@636d731e, org.springframework.boot.test.context.filter.ExcludeFilterContextCustomizer@6afa5291, org.springframework.boot.test.json.DuplicateJsonObjectContextCustomizerFactory$DuplicateJsonObjectContextCustomizer@20cebcb4, org.springframework.boot.test.mock.mockito.MockitoContextCustomizer@0, org.springframework.boot.test.web.client.TestRestTemplateContextCustomizer@49a32273], resourceBasePath = 'src/main/webapp', contextLoader = 'org.springframework.boot.test.context.SpringBootContextLoader', parent = [null]], attributes = map['org.springframework.test.context.web.ServletTestExecutionListener.activateListener' -> true, 'org.springframework.test.context.web.ServletTestExecutionListener.populatedRequestContextHolder' -> true, 'org.springframework.test.context.web.ServletTestExecutionListener.resetRequestContextHolder' -> true]]
]]></system-out>
  <system-err><![CDATA[]]></system-err>
</testsuite>
