<?xml version="1.0" encoding="UTF-8"?>
<testsuite name="ags.goldenlionerp.apiTests.addresses.AccountReceivableSettingApiTest" tests="7" skipped="0" failures="0" errors="0" timestamp="2018-12-14T10:35:19" hostname="LAPTOP-FHFRCCL6" time="0.724">
  <properties/>
  <testcase name="updateTestWithPut" classname="ags.goldenlionerp.apiTests.addresses.AccountReceivableSettingApiTest" time="0.273"/>
  <testcase name="updateTestWithPatch" classname="ags.goldenlionerp.apiTests.addresses.AccountReceivableSettingApiTest" time="0.142"/>
  <testcase name="getTestCollection" classname="ags.goldenlionerp.apiTests.addresses.AccountReceivableSettingApiTest" time="0.034"/>
  <testcase name="createTestWithPut" classname="ags.goldenlionerp.apiTests.addresses.AccountReceivableSettingApiTest" time="0.163"/>
  <testcase name="deleteTest" classname="ags.goldenlionerp.apiTests.addresses.AccountReceivableSettingApiTest" time="0.041"/>
  <testcase name="createTestWithPost" classname="ags.goldenlionerp.apiTests.addresses.AccountReceivableSettingApiTest" time="0.033"/>
  <testcase name="getTestSingle" classname="ags.goldenlionerp.apiTests.addresses.AccountReceivableSettingApiTest" time="0.034"/>
  <system-out><![CDATA[2018-12-14 17:35:19.615  INFO 9212 --- [    Test worker] .b.t.c.SpringBootTestContextBootstrapper : Neither @ContextConfiguration nor @ContextHierarchy found for test class [ags.goldenlionerp.apiTests.addresses.AccountReceivableSettingApiTest], using SpringBootContextLoader
2018-12-14 17:35:19.616  INFO 9212 --- [    Test worker] o.s.t.c.support.AbstractContextLoader    : Could not detect default resource locations for test class [ags.goldenlionerp.apiTests.addresses.AccountReceivableSettingApiTest]: no resource found for suffixes {-context.xml, Context.groovy}.
2018-12-14 17:35:19.616  INFO 9212 --- [    Test worker] t.c.s.AnnotationConfigContextLoaderUtils : Could not detect default configuration classes for test class [ags.goldenlionerp.apiTests.addresses.AccountReceivableSettingApiTest]: AccountReceivableSettingApiTest does not declare any static, non-private, non-final, nested classes annotated with @Configuration.
2018-12-14 17:35:19.618  INFO 9212 --- [    Test worker] .b.t.c.SpringBootTestContextBootstrapper : Found @SpringBootConfiguration ags.goldenlionerp.GoldenLionErpApplication for test class ags.goldenlionerp.apiTests.addresses.AccountReceivableSettingApiTest
2018-12-14 17:35:19.621  INFO 9212 --- [    Test worker] .b.t.c.SpringBootTestContextBootstrapper : Loaded default TestExecutionListener class names from location [META-INF/spring.factories]: [org.springframework.security.test.context.support.WithSecurityContextTestExecutionListener, org.springframework.security.test.context.support.ReactorContextTestExecutionListener, org.springframework.boot.test.autoconfigure.restdocs.RestDocsTestExecutionListener, org.springframework.boot.test.autoconfigure.web.client.MockRestServiceServerResetTestExecutionListener, org.springframework.boot.test.autoconfigure.web.servlet.MockMvcPrintOnlyOnFailureTestExecutionListener, org.springframework.boot.test.autoconfigure.web.servlet.WebDriverTestExecutionListener, org.springframework.boot.test.mock.mockito.MockitoTestExecutionListener, org.springframework.boot.test.mock.mockito.ResetMocksTestExecutionListener, org.springframework.test.context.web.ServletTestExecutionListener, org.springframework.test.context.support.DirtiesContextBeforeModesTestExecutionListener, org.springframework.test.context.support.DependencyInjectionTestExecutionListener, org.springframework.test.context.support.DirtiesContextTestExecutionListener, org.springframework.test.context.transaction.TransactionalTestExecutionListener, org.springframework.test.context.jdbc.SqlScriptsTestExecutionListener]
2018-12-14 17:35:19.622  INFO 9212 --- [    Test worker] .b.t.c.SpringBootTestContextBootstrapper : Using TestExecutionListeners: [org.springframework.test.context.web.ServletTestExecutionListener@6cd6def3, org.springframework.test.context.support.DirtiesContextBeforeModesTestExecutionListener@4f50d44, org.springframework.boot.test.mock.mockito.MockitoTestExecutionListener@41b0be4d, org.springframework.boot.test.autoconfigure.SpringBootDependencyInjectionTestExecutionListener@6dcbb2f1, org.springframework.test.context.support.DirtiesContextTestExecutionListener@37b0c8fd, org.springframework.test.context.transaction.TransactionalTestExecutionListener@1b836c62, org.springframework.test.context.jdbc.SqlScriptsTestExecutionListener@5f85fb89, org.springframework.security.test.context.support.WithSecurityContextTestExecutionListener@6f6996b2, org.springframework.security.test.context.support.ReactorContextTestExecutionListener@5eaf5c82, org.springframework.boot.test.autoconfigure.restdocs.RestDocsTestExecutionListener@5e4fdb49, org.springframework.boot.test.autoconfigure.web.client.MockRestServiceServerResetTestExecutionListener@2e662aba, org.springframework.boot.test.autoconfigure.web.servlet.MockMvcPrintOnlyOnFailureTestExecutionListener@d19e5c2, org.springframework.boot.test.autoconfigure.web.servlet.WebDriverTestExecutionListener@29f6e3af, org.springframework.boot.test.mock.mockito.ResetMocksTestExecutionListener@9c3f04b]
2018-12-14 17:35:19.651  INFO 9212 --- [    Test worker] o.s.t.c.transaction.TransactionContext   : Began transaction (1) for test context [DefaultTestContext@337977d4 testClass = AccountReceivableSettingApiTest, testInstance = ags.goldenlionerp.apiTests.addresses.AccountReceivableSettingApiTest@30261dd2, testMethod = updateTestWithPut@AccountReceivableSettingApiTest, testException = [null], mergedContextConfiguration = [WebMergedContextConfiguration@6ec055a testClass = AccountReceivableSettingApiTest, locations = '{}', classes = '{class ags.goldenlionerp.GoldenLionErpApplication}', contextInitializerClasses = '[]', activeProfiles = '{}', propertySourceLocations = '{classpath:test.properties}', propertySourceProperties = '{org.springframework.boot.test.context.SpringBootTestContextBootstrapper=true}', contextCustomizers = set[org.springframework.boot.test.autoconfigure.properties.PropertyMappingContextCustomizer@0, org.springframework.boot.test.autoconfigure.web.servlet.WebDriverContextCustomizerFactory$Customizer@636d731e, [ImportsContextCustomizer@19ddd935 key = [ags.goldenlionerp.apiTests.ApiTestBase$TestConfig]], org.springframework.boot.test.context.filter.ExcludeFilterContextCustomizer@6afa5291, org.springframework.boot.test.json.DuplicateJsonObjectContextCustomizerFactory$DuplicateJsonObjectContextCustomizer@20cebcb4, org.springframework.boot.test.mock.mockito.MockitoContextCustomizer@0, org.springframework.boot.test.web.client.TestRestTemplateContextCustomizer@49a32273], resourceBasePath = 'src/main/webapp', contextLoader = 'org.springframework.boot.test.context.SpringBootContextLoader', parent = [null]], attributes = map['org.springframework.test.context.web.ServletTestExecutionListener.activateListener' -> true, 'org.springframework.test.context.web.ServletTestExecutionListener.populatedRequestContextHolder' -> true, 'org.springframework.test.context.web.ServletTestExecutionListener.resetRequestContextHolder' -> true]]; transaction manager [org.springframework.orm.jpa.JpaTransactionManager@76f112e2]; rollback [true]
2018-12-14 17:35:19.652  INFO 9212 --- [    Test worker] o.s.b.t.m.w.SpringBootMockServletContext : Initializing Spring FrameworkServlet ''
2018-12-14 17:35:19.652  INFO 9212 --- [    Test worker] o.s.t.web.servlet.TestDispatcherServlet  : FrameworkServlet '': initialization started
2018-12-14 17:35:19.660  INFO 9212 --- [    Test worker] o.s.t.web.servlet.TestDispatcherServlet  : FrameworkServlet '': initialization completed in 8 ms
Hibernate: select accountrec0_.rmanum as rmanum1_21_0_, accountrec0_.rmcid as rmcid2_21_0_, accountrec0_.rmdtin as rmdtin3_21_0_, accountrec0_.rmtmin as rmtmin4_21_0_, accountrec0_.rmuid as rmuid5_21_0_, accountrec0_.rmdtlu as rmdtlu6_21_0_, accountrec0_.rmtmlu as rmtmlu7_21_0_, accountrec0_.rmuidm as rmuidm8_21_0_, accountrec0_.rmdtls as rmdtls9_21_0_, accountrec0_.rmaodt as rmaodt10_21_0_, accountrec0_.rmarcls as rmarcls11_21_0_, accountrec0_.rmbadt as rmbadt12_21_0_, accountrec0_.rmcrl as rmcrl13_21_0_, accountrec0_.rmcrm as rmcrm14_21_0_, accountrec0_.rmcrct as rmcrct15_21_0_, accountrec0_.rmcpg as rmcpg16_21_0_, accountrec0_.rmdesc1 as rmdesc17_21_0_, accountrec0_.rmexpdt as rmexpdt18_21_0_, accountrec0_.rminsp as rminsp19_21_0_, accountrec0_.rmptc as rmptc20_21_0_, accountrec0_.rmrcbad as rmrcbad21_21_0_, accountrec0_.rmrcbm as rmrcbm22_21_0_, accountrec0_.rmrcbs as rmrcbs23_21_0_, accountrec0_.rmslid as rmslid24_21_0_, accountrec0_.rmtaxcd as rmtaxcd25_21_0_, accountrec0_.rmtaxid as rmtaxid26_21_0_, accountrec0_.rmtdf as rmtdf27_21_0_ from t0301 accountrec0_ where accountrec0_.rmanum=?
Hibernate: update t0301 set rmcid=?, rmdtlu=?, rmtmlu=?, rmuidm=?, rmdtls=?, rmaodt=?, rmarcls=?, rmbadt=?, rmcrl=?, rmcrm=?, rmcrct=?, rmcpg=?, rmdesc1=?, rmexpdt=?, rminsp=?, rmptc=?, rmrcbad=?, rmrcbm=?, rmrcbs=?, rmslid=?, rmtaxcd=?, rmtaxid=?, rmtdf=? where rmanum=?
Hibernate: select accountrec0_.rmanum as rmanum1_21_0_, accountrec0_.rmcid as rmcid2_21_0_, accountrec0_.rmdtin as rmdtin3_21_0_, accountrec0_.rmtmin as rmtmin4_21_0_, accountrec0_.rmuid as rmuid5_21_0_, accountrec0_.rmdtlu as rmdtlu6_21_0_, accountrec0_.rmtmlu as rmtmlu7_21_0_, accountrec0_.rmuidm as rmuidm8_21_0_, accountrec0_.rmdtls as rmdtls9_21_0_, accountrec0_.rmaodt as rmaodt10_21_0_, accountrec0_.rmarcls as rmarcls11_21_0_, accountrec0_.rmbadt as rmbadt12_21_0_, accountrec0_.rmcrl as rmcrl13_21_0_, accountrec0_.rmcrm as rmcrm14_21_0_, accountrec0_.rmcrct as rmcrct15_21_0_, accountrec0_.rmcpg as rmcpg16_21_0_, accountrec0_.rmdesc1 as rmdesc17_21_0_, accountrec0_.rmexpdt as rmexpdt18_21_0_, accountrec0_.rminsp as rminsp19_21_0_, accountrec0_.rmptc as rmptc20_21_0_, accountrec0_.rmrcbad as rmrcbad21_21_0_, accountrec0_.rmrcbm as rmrcbm22_21_0_, accountrec0_.rmrcbs as rmrcbs23_21_0_, accountrec0_.rmslid as rmslid24_21_0_, accountrec0_.rmtaxcd as rmtaxcd25_21_0_, accountrec0_.rmtaxid as rmtaxid26_21_0_, accountrec0_.rmtdf as rmtdf27_21_0_ from t0301 accountrec0_ where accountrec0_.rmanum=?
2018-12-14 17:35:19.918  INFO 9212 --- [    Test worker] o.s.t.c.transaction.TransactionContext   : Rolled back transaction for test: [DefaultTestContext@337977d4 testClass = AccountReceivableSettingApiTest, testInstance = ags.goldenlionerp.apiTests.addresses.AccountReceivableSettingApiTest@30261dd2, testMethod = updateTestWithPut@AccountReceivableSettingApiTest, testException = [null], mergedContextConfiguration = [WebMergedContextConfiguration@6ec055a testClass = AccountReceivableSettingApiTest, locations = '{}', classes = '{class ags.goldenlionerp.GoldenLionErpApplication}', contextInitializerClasses = '[]', activeProfiles = '{}', propertySourceLocations = '{classpath:test.properties}', propertySourceProperties = '{org.springframework.boot.test.context.SpringBootTestContextBootstrapper=true}', contextCustomizers = set[org.springframework.boot.test.autoconfigure.properties.PropertyMappingContextCustomizer@0, org.springframework.boot.test.autoconfigure.web.servlet.WebDriverContextCustomizerFactory$Customizer@636d731e, [ImportsContextCustomizer@19ddd935 key = [ags.goldenlionerp.apiTests.ApiTestBase$TestConfig]], org.springframework.boot.test.context.filter.ExcludeFilterContextCustomizer@6afa5291, org.springframework.boot.test.json.DuplicateJsonObjectContextCustomizerFactory$DuplicateJsonObjectContextCustomizer@20cebcb4, org.springframework.boot.test.mock.mockito.MockitoContextCustomizer@0, org.springframework.boot.test.web.client.TestRestTemplateContextCustomizer@49a32273], resourceBasePath = 'src/main/webapp', contextLoader = 'org.springframework.boot.test.context.SpringBootContextLoader', parent = [null]], attributes = map['org.springframework.test.context.web.ServletTestExecutionListener.activateListener' -> true, 'org.springframework.test.context.web.ServletTestExecutionListener.populatedRequestContextHolder' -> true, 'org.springframework.test.context.web.ServletTestExecutionListener.resetRequestContextHolder' -> true]]
2018-12-14 17:35:19.923  INFO 9212 --- [    Test worker] o.s.t.c.transaction.TransactionContext   : Began transaction (1) for test context [DefaultTestContext@337977d4 testClass = AccountReceivableSettingApiTest, testInstance = ags.goldenlionerp.apiTests.addresses.AccountReceivableSettingApiTest@355c55ed, testMethod = updateTestWithPatch@AccountReceivableSettingApiTest, testException = [null], mergedContextConfiguration = [WebMergedContextConfiguration@6ec055a testClass = AccountReceivableSettingApiTest, locations = '{}', classes = '{class ags.goldenlionerp.GoldenLionErpApplication}', contextInitializerClasses = '[]', activeProfiles = '{}', propertySourceLocations = '{classpath:test.properties}', propertySourceProperties = '{org.springframework.boot.test.context.SpringBootTestContextBootstrapper=true}', contextCustomizers = set[org.springframework.boot.test.autoconfigure.properties.PropertyMappingContextCustomizer@0, org.springframework.boot.test.autoconfigure.web.servlet.WebDriverContextCustomizerFactory$Customizer@636d731e, [ImportsContextCustomizer@19ddd935 key = [ags.goldenlionerp.apiTests.ApiTestBase$TestConfig]], org.springframework.boot.test.context.filter.ExcludeFilterContextCustomizer@6afa5291, org.springframework.boot.test.json.DuplicateJsonObjectContextCustomizerFactory$DuplicateJsonObjectContextCustomizer@20cebcb4, org.springframework.boot.test.mock.mockito.MockitoContextCustomizer@0, org.springframework.boot.test.web.client.TestRestTemplateContextCustomizer@49a32273], resourceBasePath = 'src/main/webapp', contextLoader = 'org.springframework.boot.test.context.SpringBootContextLoader', parent = [null]], attributes = map['org.springframework.test.context.web.ServletTestExecutionListener.activateListener' -> true, 'org.springframework.test.context.web.ServletTestExecutionListener.populatedRequestContextHolder' -> true, 'org.springframework.test.context.web.ServletTestExecutionListener.resetRequestContextHolder' -> true]]; transaction manager [org.springframework.orm.jpa.JpaTransactionManager@76f112e2]; rollback [true]
2018-12-14 17:35:19.924  INFO 9212 --- [    Test worker] o.s.b.t.m.w.SpringBootMockServletContext : Initializing Spring FrameworkServlet ''
2018-12-14 17:35:19.924  INFO 9212 --- [    Test worker] o.s.t.web.servlet.TestDispatcherServlet  : FrameworkServlet '': initialization started
2018-12-14 17:35:19.930  INFO 9212 --- [    Test worker] o.s.t.web.servlet.TestDispatcherServlet  : FrameworkServlet '': initialization completed in 6 ms
Hibernate: select accountrec0_.rmanum as rmanum1_21_0_, accountrec0_.rmcid as rmcid2_21_0_, accountrec0_.rmdtin as rmdtin3_21_0_, accountrec0_.rmtmin as rmtmin4_21_0_, accountrec0_.rmuid as rmuid5_21_0_, accountrec0_.rmdtlu as rmdtlu6_21_0_, accountrec0_.rmtmlu as rmtmlu7_21_0_, accountrec0_.rmuidm as rmuidm8_21_0_, accountrec0_.rmdtls as rmdtls9_21_0_, accountrec0_.rmaodt as rmaodt10_21_0_, accountrec0_.rmarcls as rmarcls11_21_0_, accountrec0_.rmbadt as rmbadt12_21_0_, accountrec0_.rmcrl as rmcrl13_21_0_, accountrec0_.rmcrm as rmcrm14_21_0_, accountrec0_.rmcrct as rmcrct15_21_0_, accountrec0_.rmcpg as rmcpg16_21_0_, accountrec0_.rmdesc1 as rmdesc17_21_0_, accountrec0_.rmexpdt as rmexpdt18_21_0_, accountrec0_.rminsp as rminsp19_21_0_, accountrec0_.rmptc as rmptc20_21_0_, accountrec0_.rmrcbad as rmrcbad21_21_0_, accountrec0_.rmrcbm as rmrcbm22_21_0_, accountrec0_.rmrcbs as rmrcbs23_21_0_, accountrec0_.rmslid as rmslid24_21_0_, accountrec0_.rmtaxcd as rmtaxcd25_21_0_, accountrec0_.rmtaxid as rmtaxid26_21_0_, accountrec0_.rmtdf as rmtdf27_21_0_ from t0301 accountrec0_ where accountrec0_.rmanum=?
Hibernate: update t0301 set rmcid=?, rmdtlu=?, rmtmlu=?, rmuidm=?, rmdtls=?, rmaodt=?, rmarcls=?, rmbadt=?, rmcrl=?, rmcrm=?, rmcrct=?, rmcpg=?, rmdesc1=?, rmexpdt=?, rminsp=?, rmptc=?, rmrcbad=?, rmrcbm=?, rmrcbs=?, rmslid=?, rmtaxcd=?, rmtaxid=?, rmtdf=? where rmanum=?
Hibernate: select accountrec0_.rmanum as rmanum1_21_0_, accountrec0_.rmcid as rmcid2_21_0_, accountrec0_.rmdtin as rmdtin3_21_0_, accountrec0_.rmtmin as rmtmin4_21_0_, accountrec0_.rmuid as rmuid5_21_0_, accountrec0_.rmdtlu as rmdtlu6_21_0_, accountrec0_.rmtmlu as rmtmlu7_21_0_, accountrec0_.rmuidm as rmuidm8_21_0_, accountrec0_.rmdtls as rmdtls9_21_0_, accountrec0_.rmaodt as rmaodt10_21_0_, accountrec0_.rmarcls as rmarcls11_21_0_, accountrec0_.rmbadt as rmbadt12_21_0_, accountrec0_.rmcrl as rmcrl13_21_0_, accountrec0_.rmcrm as rmcrm14_21_0_, accountrec0_.rmcrct as rmcrct15_21_0_, accountrec0_.rmcpg as rmcpg16_21_0_, accountrec0_.rmdesc1 as rmdesc17_21_0_, accountrec0_.rmexpdt as rmexpdt18_21_0_, accountrec0_.rminsp as rminsp19_21_0_, accountrec0_.rmptc as rmptc20_21_0_, accountrec0_.rmrcbad as rmrcbad21_21_0_, accountrec0_.rmrcbm as rmrcbm22_21_0_, accountrec0_.rmrcbs as rmrcbs23_21_0_, accountrec0_.rmslid as rmslid24_21_0_, accountrec0_.rmtaxcd as rmtaxcd25_21_0_, accountrec0_.rmtaxid as rmtaxid26_21_0_, accountrec0_.rmtdf as rmtdf27_21_0_ from t0301 accountrec0_ where accountrec0_.rmanum=?
2018-12-14 17:35:20.060  INFO 9212 --- [    Test worker] o.s.t.c.transaction.TransactionContext   : Rolled back transaction for test: [DefaultTestContext@337977d4 testClass = AccountReceivableSettingApiTest, testInstance = ags.goldenlionerp.apiTests.addresses.AccountReceivableSettingApiTest@355c55ed, testMethod = updateTestWithPatch@AccountReceivableSettingApiTest, testException = [null], mergedContextConfiguration = [WebMergedContextConfiguration@6ec055a testClass = AccountReceivableSettingApiTest, locations = '{}', classes = '{class ags.goldenlionerp.GoldenLionErpApplication}', contextInitializerClasses = '[]', activeProfiles = '{}', propertySourceLocations = '{classpath:test.properties}', propertySourceProperties = '{org.springframework.boot.test.context.SpringBootTestContextBootstrapper=true}', contextCustomizers = set[org.springframework.boot.test.autoconfigure.properties.PropertyMappingContextCustomizer@0, org.springframework.boot.test.autoconfigure.web.servlet.WebDriverContextCustomizerFactory$Customizer@636d731e, [ImportsContextCustomizer@19ddd935 key = [ags.goldenlionerp.apiTests.ApiTestBase$TestConfig]], org.springframework.boot.test.context.filter.ExcludeFilterContextCustomizer@6afa5291, org.springframework.boot.test.json.DuplicateJsonObjectContextCustomizerFactory$DuplicateJsonObjectContextCustomizer@20cebcb4, org.springframework.boot.test.mock.mockito.MockitoContextCustomizer@0, org.springframework.boot.test.web.client.TestRestTemplateContextCustomizer@49a32273], resourceBasePath = 'src/main/webapp', contextLoader = 'org.springframework.boot.test.context.SpringBootContextLoader', parent = [null]], attributes = map['org.springframework.test.context.web.ServletTestExecutionListener.activateListener' -> true, 'org.springframework.test.context.web.ServletTestExecutionListener.populatedRequestContextHolder' -> true, 'org.springframework.test.context.web.ServletTestExecutionListener.resetRequestContextHolder' -> true]]
2018-12-14 17:35:20.062  INFO 9212 --- [    Test worker] o.s.t.c.transaction.TransactionContext   : Began transaction (1) for test context [DefaultTestContext@337977d4 testClass = AccountReceivableSettingApiTest, testInstance = ags.goldenlionerp.apiTests.addresses.AccountReceivableSettingApiTest@7152a66b, testMethod = getTestCollection@AccountReceivableSettingApiTest, testException = [null], mergedContextConfiguration = [WebMergedContextConfiguration@6ec055a testClass = AccountReceivableSettingApiTest, locations = '{}', classes = '{class ags.goldenlionerp.GoldenLionErpApplication}', contextInitializerClasses = '[]', activeProfiles = '{}', propertySourceLocations = '{classpath:test.properties}', propertySourceProperties = '{org.springframework.boot.test.context.SpringBootTestContextBootstrapper=true}', contextCustomizers = set[org.springframework.boot.test.autoconfigure.properties.PropertyMappingContextCustomizer@0, org.springframework.boot.test.autoconfigure.web.servlet.WebDriverContextCustomizerFactory$Customizer@636d731e, [ImportsContextCustomizer@19ddd935 key = [ags.goldenlionerp.apiTests.ApiTestBase$TestConfig]], org.springframework.boot.test.context.filter.ExcludeFilterContextCustomizer@6afa5291, org.springframework.boot.test.json.DuplicateJsonObjectContextCustomizerFactory$DuplicateJsonObjectContextCustomizer@20cebcb4, org.springframework.boot.test.mock.mockito.MockitoContextCustomizer@0, org.springframework.boot.test.web.client.TestRestTemplateContextCustomizer@49a32273], resourceBasePath = 'src/main/webapp', contextLoader = 'org.springframework.boot.test.context.SpringBootContextLoader', parent = [null]], attributes = map['org.springframework.test.context.web.ServletTestExecutionListener.activateListener' -> true, 'org.springframework.test.context.web.ServletTestExecutionListener.populatedRequestContextHolder' -> true, 'org.springframework.test.context.web.ServletTestExecutionListener.resetRequestContextHolder' -> true]]; transaction manager [org.springframework.orm.jpa.JpaTransactionManager@76f112e2]; rollback [true]
2018-12-14 17:35:20.063  INFO 9212 --- [    Test worker] o.s.b.t.m.w.SpringBootMockServletContext : Initializing Spring FrameworkServlet ''
2018-12-14 17:35:20.063  INFO 9212 --- [    Test worker] o.s.t.web.servlet.TestDispatcherServlet  : FrameworkServlet '': initialization started
2018-12-14 17:35:20.070  INFO 9212 --- [    Test worker] o.s.t.web.servlet.TestDispatcherServlet  : FrameworkServlet '': initialization completed in 7 ms
2018-12-14 17:35:20.095  INFO 9212 --- [    Test worker] o.s.t.c.transaction.TransactionContext   : Rolled back transaction for test: [DefaultTestContext@337977d4 testClass = AccountReceivableSettingApiTest, testInstance = ags.goldenlionerp.apiTests.addresses.AccountReceivableSettingApiTest@7152a66b, testMethod = getTestCollection@AccountReceivableSettingApiTest, testException = [null], mergedContextConfiguration = [WebMergedContextConfiguration@6ec055a testClass = AccountReceivableSettingApiTest, locations = '{}', classes = '{class ags.goldenlionerp.GoldenLionErpApplication}', contextInitializerClasses = '[]', activeProfiles = '{}', propertySourceLocations = '{classpath:test.properties}', propertySourceProperties = '{org.springframework.boot.test.context.SpringBootTestContextBootstrapper=true}', contextCustomizers = set[org.springframework.boot.test.autoconfigure.properties.PropertyMappingContextCustomizer@0, org.springframework.boot.test.autoconfigure.web.servlet.WebDriverContextCustomizerFactory$Customizer@636d731e, [ImportsContextCustomizer@19ddd935 key = [ags.goldenlionerp.apiTests.ApiTestBase$TestConfig]], org.springframework.boot.test.context.filter.ExcludeFilterContextCustomizer@6afa5291, org.springframework.boot.test.json.DuplicateJsonObjectContextCustomizerFactory$DuplicateJsonObjectContextCustomizer@20cebcb4, org.springframework.boot.test.mock.mockito.MockitoContextCustomizer@0, org.springframework.boot.test.web.client.TestRestTemplateContextCustomizer@49a32273], resourceBasePath = 'src/main/webapp', contextLoader = 'org.springframework.boot.test.context.SpringBootContextLoader', parent = [null]], attributes = map['org.springframework.test.context.web.ServletTestExecutionListener.activateListener' -> true, 'org.springframework.test.context.web.ServletTestExecutionListener.populatedRequestContextHolder' -> true, 'org.springframework.test.context.web.ServletTestExecutionListener.resetRequestContextHolder' -> true]]
2018-12-14 17:35:20.097  INFO 9212 --- [    Test worker] o.s.t.c.transaction.TransactionContext   : Began transaction (1) for test context [DefaultTestContext@337977d4 testClass = AccountReceivableSettingApiTest, testInstance = ags.goldenlionerp.apiTests.addresses.AccountReceivableSettingApiTest@21d60df8, testMethod = createTestWithPut@AccountReceivableSettingApiTest, testException = [null], mergedContextConfiguration = [WebMergedContextConfiguration@6ec055a testClass = AccountReceivableSettingApiTest, locations = '{}', classes = '{class ags.goldenlionerp.GoldenLionErpApplication}', contextInitializerClasses = '[]', activeProfiles = '{}', propertySourceLocations = '{classpath:test.properties}', propertySourceProperties = '{org.springframework.boot.test.context.SpringBootTestContextBootstrapper=true}', contextCustomizers = set[org.springframework.boot.test.autoconfigure.properties.PropertyMappingContextCustomizer@0, org.springframework.boot.test.autoconfigure.web.servlet.WebDriverContextCustomizerFactory$Customizer@636d731e, [ImportsContextCustomizer@19ddd935 key = [ags.goldenlionerp.apiTests.ApiTestBase$TestConfig]], org.springframework.boot.test.context.filter.ExcludeFilterContextCustomizer@6afa5291, org.springframework.boot.test.json.DuplicateJsonObjectContextCustomizerFactory$DuplicateJsonObjectContextCustomizer@20cebcb4, org.springframework.boot.test.mock.mockito.MockitoContextCustomizer@0, org.springframework.boot.test.web.client.TestRestTemplateContextCustomizer@49a32273], resourceBasePath = 'src/main/webapp', contextLoader = 'org.springframework.boot.test.context.SpringBootContextLoader', parent = [null]], attributes = map['org.springframework.test.context.web.ServletTestExecutionListener.activateListener' -> true, 'org.springframework.test.context.web.ServletTestExecutionListener.populatedRequestContextHolder' -> true, 'org.springframework.test.context.web.ServletTestExecutionListener.resetRequestContextHolder' -> true]]; transaction manager [org.springframework.orm.jpa.JpaTransactionManager@76f112e2]; rollback [true]
2018-12-14 17:35:20.098  INFO 9212 --- [    Test worker] o.s.b.t.m.w.SpringBootMockServletContext : Initializing Spring FrameworkServlet ''
2018-12-14 17:35:20.098  INFO 9212 --- [    Test worker] o.s.t.web.servlet.TestDispatcherServlet  : FrameworkServlet '': initialization started
2018-12-14 17:35:20.106  INFO 9212 --- [    Test worker] o.s.t.web.servlet.TestDispatcherServlet  : FrameworkServlet '': initialization completed in 7 ms
Hibernate: select accountrec0_.rmanum as rmanum1_21_0_, accountrec0_.rmcid as rmcid2_21_0_, accountrec0_.rmdtin as rmdtin3_21_0_, accountrec0_.rmtmin as rmtmin4_21_0_, accountrec0_.rmuid as rmuid5_21_0_, accountrec0_.rmdtlu as rmdtlu6_21_0_, accountrec0_.rmtmlu as rmtmlu7_21_0_, accountrec0_.rmuidm as rmuidm8_21_0_, accountrec0_.rmdtls as rmdtls9_21_0_, accountrec0_.rmaodt as rmaodt10_21_0_, accountrec0_.rmarcls as rmarcls11_21_0_, accountrec0_.rmbadt as rmbadt12_21_0_, accountrec0_.rmcrl as rmcrl13_21_0_, accountrec0_.rmcrm as rmcrm14_21_0_, accountrec0_.rmcrct as rmcrct15_21_0_, accountrec0_.rmcpg as rmcpg16_21_0_, accountrec0_.rmdesc1 as rmdesc17_21_0_, accountrec0_.rmexpdt as rmexpdt18_21_0_, accountrec0_.rminsp as rminsp19_21_0_, accountrec0_.rmptc as rmptc20_21_0_, accountrec0_.rmrcbad as rmrcbad21_21_0_, accountrec0_.rmrcbm as rmrcbm22_21_0_, accountrec0_.rmrcbs as rmrcbs23_21_0_, accountrec0_.rmslid as rmslid24_21_0_, accountrec0_.rmtaxcd as rmtaxcd25_21_0_, accountrec0_.rmtaxid as rmtaxid26_21_0_, accountrec0_.rmtdf as rmtdf27_21_0_ from t0301 accountrec0_ where accountrec0_.rmanum=?
Hibernate: select accountrec0_.rmanum as rmanum1_21_0_, accountrec0_.rmcid as rmcid2_21_0_, accountrec0_.rmdtin as rmdtin3_21_0_, accountrec0_.rmtmin as rmtmin4_21_0_, accountrec0_.rmuid as rmuid5_21_0_, accountrec0_.rmdtlu as rmdtlu6_21_0_, accountrec0_.rmtmlu as rmtmlu7_21_0_, accountrec0_.rmuidm as rmuidm8_21_0_, accountrec0_.rmdtls as rmdtls9_21_0_, accountrec0_.rmaodt as rmaodt10_21_0_, accountrec0_.rmarcls as rmarcls11_21_0_, accountrec0_.rmbadt as rmbadt12_21_0_, accountrec0_.rmcrl as rmcrl13_21_0_, accountrec0_.rmcrm as rmcrm14_21_0_, accountrec0_.rmcrct as rmcrct15_21_0_, accountrec0_.rmcpg as rmcpg16_21_0_, accountrec0_.rmdesc1 as rmdesc17_21_0_, accountrec0_.rmexpdt as rmexpdt18_21_0_, accountrec0_.rminsp as rminsp19_21_0_, accountrec0_.rmptc as rmptc20_21_0_, accountrec0_.rmrcbad as rmrcbad21_21_0_, accountrec0_.rmrcbm as rmrcbm22_21_0_, accountrec0_.rmrcbs as rmrcbs23_21_0_, accountrec0_.rmslid as rmslid24_21_0_, accountrec0_.rmtaxcd as rmtaxcd25_21_0_, accountrec0_.rmtaxid as rmtaxid26_21_0_, accountrec0_.rmtdf as rmtdf27_21_0_ from t0301 accountrec0_ where accountrec0_.rmanum=?
Hibernate: select accountrec0_.rmanum as rmanum1_21_0_, accountrec0_.rmcid as rmcid2_21_0_, accountrec0_.rmdtin as rmdtin3_21_0_, accountrec0_.rmtmin as rmtmin4_21_0_, accountrec0_.rmuid as rmuid5_21_0_, accountrec0_.rmdtlu as rmdtlu6_21_0_, accountrec0_.rmtmlu as rmtmlu7_21_0_, accountrec0_.rmuidm as rmuidm8_21_0_, accountrec0_.rmdtls as rmdtls9_21_0_, accountrec0_.rmaodt as rmaodt10_21_0_, accountrec0_.rmarcls as rmarcls11_21_0_, accountrec0_.rmbadt as rmbadt12_21_0_, accountrec0_.rmcrl as rmcrl13_21_0_, accountrec0_.rmcrm as rmcrm14_21_0_, accountrec0_.rmcrct as rmcrct15_21_0_, accountrec0_.rmcpg as rmcpg16_21_0_, accountrec0_.rmdesc1 as rmdesc17_21_0_, accountrec0_.rmexpdt as rmexpdt18_21_0_, accountrec0_.rminsp as rminsp19_21_0_, accountrec0_.rmptc as rmptc20_21_0_, accountrec0_.rmrcbad as rmrcbad21_21_0_, accountrec0_.rmrcbm as rmrcbm22_21_0_, accountrec0_.rmrcbs as rmrcbs23_21_0_, accountrec0_.rmslid as rmslid24_21_0_, accountrec0_.rmtaxcd as rmtaxcd25_21_0_, accountrec0_.rmtaxid as rmtaxid26_21_0_, accountrec0_.rmtdf as rmtdf27_21_0_ from t0301 accountrec0_ where accountrec0_.rmanum=?
Hibernate: insert into t0301 (rmcid, rmdtin, rmtmin, rmuid, rmdtlu, rmtmlu, rmuidm, rmdtls, rmaodt, rmarcls, rmbadt, rmcrl, rmcrm, rmcrct, rmcpg, rmdesc1, rmexpdt, rminsp, rmptc, rmrcbad, rmrcbm, rmrcbs, rmslid, rmtaxcd, rmtaxid, rmtdf, rmanum) values (?, ?, ?, ?, ?, ?, ?, ?, ?, ?, ?, ?, ?, ?, ?, ?, ?, ?, ?, ?, ?, ?, ?, ?, ?, ?, ?)
Hibernate: select accountrec0_.rmanum as rmanum1_21_0_, accountrec0_.rmcid as rmcid2_21_0_, accountrec0_.rmdtin as rmdtin3_21_0_, accountrec0_.rmtmin as rmtmin4_21_0_, accountrec0_.rmuid as rmuid5_21_0_, accountrec0_.rmdtlu as rmdtlu6_21_0_, accountrec0_.rmtmlu as rmtmlu7_21_0_, accountrec0_.rmuidm as rmuidm8_21_0_, accountrec0_.rmdtls as rmdtls9_21_0_, accountrec0_.rmaodt as rmaodt10_21_0_, accountrec0_.rmarcls as rmarcls11_21_0_, accountrec0_.rmbadt as rmbadt12_21_0_, accountrec0_.rmcrl as rmcrl13_21_0_, accountrec0_.rmcrm as rmcrm14_21_0_, accountrec0_.rmcrct as rmcrct15_21_0_, accountrec0_.rmcpg as rmcpg16_21_0_, accountrec0_.rmdesc1 as rmdesc17_21_0_, accountrec0_.rmexpdt as rmexpdt18_21_0_, accountrec0_.rminsp as rminsp19_21_0_, accountrec0_.rmptc as rmptc20_21_0_, accountrec0_.rmrcbad as rmrcbad21_21_0_, accountrec0_.rmrcbm as rmrcbm22_21_0_, accountrec0_.rmrcbs as rmrcbs23_21_0_, accountrec0_.rmslid as rmslid24_21_0_, accountrec0_.rmtaxcd as rmtaxcd25_21_0_, accountrec0_.rmtaxid as rmtaxid26_21_0_, accountrec0_.rmtdf as rmtdf27_21_0_ from t0301 accountrec0_ where accountrec0_.rmanum=?
2018-12-14 17:35:20.259  INFO 9212 --- [    Test worker] o.s.t.c.transaction.TransactionContext   : Rolled back transaction for test: [DefaultTestContext@337977d4 testClass = AccountReceivableSettingApiTest, testInstance = ags.goldenlionerp.apiTests.addresses.AccountReceivableSettingApiTest@21d60df8, testMethod = createTestWithPut@AccountReceivableSettingApiTest, testException = [null], mergedContextConfiguration = [WebMergedContextConfiguration@6ec055a testClass = AccountReceivableSettingApiTest, locations = '{}', classes = '{class ags.goldenlionerp.GoldenLionErpApplication}', contextInitializerClasses = '[]', activeProfiles = '{}', propertySourceLocations = '{classpath:test.properties}', propertySourceProperties = '{org.springframework.boot.test.context.SpringBootTestContextBootstrapper=true}', contextCustomizers = set[org.springframework.boot.test.autoconfigure.properties.PropertyMappingContextCustomizer@0, org.springframework.boot.test.autoconfigure.web.servlet.WebDriverContextCustomizerFactory$Customizer@636d731e, [ImportsContextCustomizer@19ddd935 key = [ags.goldenlionerp.apiTests.ApiTestBase$TestConfig]], org.springframework.boot.test.context.filter.ExcludeFilterContextCustomizer@6afa5291, org.springframework.boot.test.json.DuplicateJsonObjectContextCustomizerFactory$DuplicateJsonObjectContextCustomizer@20cebcb4, org.springframework.boot.test.mock.mockito.MockitoContextCustomizer@0, org.springframework.boot.test.web.client.TestRestTemplateContextCustomizer@49a32273], resourceBasePath = 'src/main/webapp', contextLoader = 'org.springframework.boot.test.context.SpringBootContextLoader', parent = [null]], attributes = map['org.springframework.test.context.web.ServletTestExecutionListener.activateListener' -> true, 'org.springframework.test.context.web.ServletTestExecutionListener.populatedRequestContextHolder' -> true, 'org.springframework.test.context.web.ServletTestExecutionListener.resetRequestContextHolder' -> true]]
2018-12-14 17:35:20.262  INFO 9212 --- [    Test worker] o.s.t.c.transaction.TransactionContext   : Began transaction (1) for test context [DefaultTestContext@337977d4 testClass = AccountReceivableSettingApiTest, testInstance = ags.goldenlionerp.apiTests.addresses.AccountReceivableSettingApiTest@4639cdc0, testMethod = deleteTest@AccountReceivableSettingApiTest, testException = [null], mergedContextConfiguration = [WebMergedContextConfiguration@6ec055a testClass = AccountReceivableSettingApiTest, locations = '{}', classes = '{class ags.goldenlionerp.GoldenLionErpApplication}', contextInitializerClasses = '[]', activeProfiles = '{}', propertySourceLocations = '{classpath:test.properties}', propertySourceProperties = '{org.springframework.boot.test.context.SpringBootTestContextBootstrapper=true}', contextCustomizers = set[org.springframework.boot.test.autoconfigure.properties.PropertyMappingContextCustomizer@0, org.springframework.boot.test.autoconfigure.web.servlet.WebDriverContextCustomizerFactory$Customizer@636d731e, [ImportsContextCustomizer@19ddd935 key = [ags.goldenlionerp.apiTests.ApiTestBase$TestConfig]], org.springframework.boot.test.context.filter.ExcludeFilterContextCustomizer@6afa5291, org.springframework.boot.test.json.DuplicateJsonObjectContextCustomizerFactory$DuplicateJsonObjectContextCustomizer@20cebcb4, org.springframework.boot.test.mock.mockito.MockitoContextCustomizer@0, org.springframework.boot.test.web.client.TestRestTemplateContextCustomizer@49a32273], resourceBasePath = 'src/main/webapp', contextLoader = 'org.springframework.boot.test.context.SpringBootContextLoader', parent = [null]], attributes = map['org.springframework.test.context.web.ServletTestExecutionListener.activateListener' -> true, 'org.springframework.test.context.web.ServletTestExecutionListener.populatedRequestContextHolder' -> true, 'org.springframework.test.context.web.ServletTestExecutionListener.resetRequestContextHolder' -> true]]; transaction manager [org.springframework.orm.jpa.JpaTransactionManager@76f112e2]; rollback [true]
2018-12-14 17:35:20.263  INFO 9212 --- [    Test worker] o.s.b.t.m.w.SpringBootMockServletContext : Initializing Spring FrameworkServlet ''
2018-12-14 17:35:20.263  INFO 9212 --- [    Test worker] o.s.t.web.servlet.TestDispatcherServlet  : FrameworkServlet '': initialization started
2018-12-14 17:35:20.270  INFO 9212 --- [    Test worker] o.s.t.web.servlet.TestDispatcherServlet  : FrameworkServlet '': initialization completed in 7 ms
Hibernate: select accountrec0_.rmanum as rmanum1_21_0_, accountrec0_.rmcid as rmcid2_21_0_, accountrec0_.rmdtin as rmdtin3_21_0_, accountrec0_.rmtmin as rmtmin4_21_0_, accountrec0_.rmuid as rmuid5_21_0_, accountrec0_.rmdtlu as rmdtlu6_21_0_, accountrec0_.rmtmlu as rmtmlu7_21_0_, accountrec0_.rmuidm as rmuidm8_21_0_, accountrec0_.rmdtls as rmdtls9_21_0_, accountrec0_.rmaodt as rmaodt10_21_0_, accountrec0_.rmarcls as rmarcls11_21_0_, accountrec0_.rmbadt as rmbadt12_21_0_, accountrec0_.rmcrl as rmcrl13_21_0_, accountrec0_.rmcrm as rmcrm14_21_0_, accountrec0_.rmcrct as rmcrct15_21_0_, accountrec0_.rmcpg as rmcpg16_21_0_, accountrec0_.rmdesc1 as rmdesc17_21_0_, accountrec0_.rmexpdt as rmexpdt18_21_0_, accountrec0_.rminsp as rminsp19_21_0_, accountrec0_.rmptc as rmptc20_21_0_, accountrec0_.rmrcbad as rmrcbad21_21_0_, accountrec0_.rmrcbm as rmrcbm22_21_0_, accountrec0_.rmrcbs as rmrcbs23_21_0_, accountrec0_.rmslid as rmslid24_21_0_, accountrec0_.rmtaxcd as rmtaxcd25_21_0_, accountrec0_.rmtaxid as rmtaxid26_21_0_, accountrec0_.rmtdf as rmtdf27_21_0_ from t0301 accountrec0_ where accountrec0_.rmanum=?
2018-12-14 17:35:20.301  INFO 9212 --- [    Test worker] o.s.t.c.transaction.TransactionContext   : Rolled back transaction for test: [DefaultTestContext@337977d4 testClass = AccountReceivableSettingApiTest, testInstance = ags.goldenlionerp.apiTests.addresses.AccountReceivableSettingApiTest@4639cdc0, testMethod = deleteTest@AccountReceivableSettingApiTest, testException = [null], mergedContextConfiguration = [WebMergedContextConfiguration@6ec055a testClass = AccountReceivableSettingApiTest, locations = '{}', classes = '{class ags.goldenlionerp.GoldenLionErpApplication}', contextInitializerClasses = '[]', activeProfiles = '{}', propertySourceLocations = '{classpath:test.properties}', propertySourceProperties = '{org.springframework.boot.test.context.SpringBootTestContextBootstrapper=true}', contextCustomizers = set[org.springframework.boot.test.autoconfigure.properties.PropertyMappingContextCustomizer@0, org.springframework.boot.test.autoconfigure.web.servlet.WebDriverContextCustomizerFactory$Customizer@636d731e, [ImportsContextCustomizer@19ddd935 key = [ags.goldenlionerp.apiTests.ApiTestBase$TestConfig]], org.springframework.boot.test.context.filter.ExcludeFilterContextCustomizer@6afa5291, org.springframework.boot.test.json.DuplicateJsonObjectContextCustomizerFactory$DuplicateJsonObjectContextCustomizer@20cebcb4, org.springframework.boot.test.mock.mockito.MockitoContextCustomizer@0, org.springframework.boot.test.web.client.TestRestTemplateContextCustomizer@49a32273], resourceBasePath = 'src/main/webapp', contextLoader = 'org.springframework.boot.test.context.SpringBootContextLoader', parent = [null]], attributes = map['org.springframework.test.context.web.ServletTestExecutionListener.activateListener' -> true, 'org.springframework.test.context.web.ServletTestExecutionListener.populatedRequestContextHolder' -> true, 'org.springframework.test.context.web.ServletTestExecutionListener.resetRequestContextHolder' -> true]]
2018-12-14 17:35:20.303  INFO 9212 --- [    Test worker] o.s.t.c.transaction.TransactionContext   : Began transaction (1) for test context [DefaultTestContext@337977d4 testClass = AccountReceivableSettingApiTest, testInstance = ags.goldenlionerp.apiTests.addresses.AccountReceivableSettingApiTest@3f346dbc, testMethod = createTestWithPost@AccountReceivableSettingApiTest, testException = [null], mergedContextConfiguration = [WebMergedContextConfiguration@6ec055a testClass = AccountReceivableSettingApiTest, locations = '{}', classes = '{class ags.goldenlionerp.GoldenLionErpApplication}', contextInitializerClasses = '[]', activeProfiles = '{}', propertySourceLocations = '{classpath:test.properties}', propertySourceProperties = '{org.springframework.boot.test.context.SpringBootTestContextBootstrapper=true}', contextCustomizers = set[org.springframework.boot.test.autoconfigure.properties.PropertyMappingContextCustomizer@0, org.springframework.boot.test.autoconfigure.web.servlet.WebDriverContextCustomizerFactory$Customizer@636d731e, [ImportsContextCustomizer@19ddd935 key = [ags.goldenlionerp.apiTests.ApiTestBase$TestConfig]], org.springframework.boot.test.context.filter.ExcludeFilterContextCustomizer@6afa5291, org.springframework.boot.test.json.DuplicateJsonObjectContextCustomizerFactory$DuplicateJsonObjectContextCustomizer@20cebcb4, org.springframework.boot.test.mock.mockito.MockitoContextCustomizer@0, org.springframework.boot.test.web.client.TestRestTemplateContextCustomizer@49a32273], resourceBasePath = 'src/main/webapp', contextLoader = 'org.springframework.boot.test.context.SpringBootContextLoader', parent = [null]], attributes = map['org.springframework.test.context.web.ServletTestExecutionListener.activateListener' -> true, 'org.springframework.test.context.web.ServletTestExecutionListener.populatedRequestContextHolder' -> true, 'org.springframework.test.context.web.ServletTestExecutionListener.resetRequestContextHolder' -> true]]; transaction manager [org.springframework.orm.jpa.JpaTransactionManager@76f112e2]; rollback [true]
2018-12-14 17:35:20.304  INFO 9212 --- [    Test worker] o.s.b.t.m.w.SpringBootMockServletContext : Initializing Spring FrameworkServlet ''
2018-12-14 17:35:20.304  INFO 9212 --- [    Test worker] o.s.t.web.servlet.TestDispatcherServlet  : FrameworkServlet '': initialization started
2018-12-14 17:35:20.311  INFO 9212 --- [    Test worker] o.s.t.web.servlet.TestDispatcherServlet  : FrameworkServlet '': initialization completed in 7 ms
Hibernate: select accountrec0_.rmanum as rmanum1_21_0_, accountrec0_.rmcid as rmcid2_21_0_, accountrec0_.rmdtin as rmdtin3_21_0_, accountrec0_.rmtmin as rmtmin4_21_0_, accountrec0_.rmuid as rmuid5_21_0_, accountrec0_.rmdtlu as rmdtlu6_21_0_, accountrec0_.rmtmlu as rmtmlu7_21_0_, accountrec0_.rmuidm as rmuidm8_21_0_, accountrec0_.rmdtls as rmdtls9_21_0_, accountrec0_.rmaodt as rmaodt10_21_0_, accountrec0_.rmarcls as rmarcls11_21_0_, accountrec0_.rmbadt as rmbadt12_21_0_, accountrec0_.rmcrl as rmcrl13_21_0_, accountrec0_.rmcrm as rmcrm14_21_0_, accountrec0_.rmcrct as rmcrct15_21_0_, accountrec0_.rmcpg as rmcpg16_21_0_, accountrec0_.rmdesc1 as rmdesc17_21_0_, accountrec0_.rmexpdt as rmexpdt18_21_0_, accountrec0_.rminsp as rminsp19_21_0_, accountrec0_.rmptc as rmptc20_21_0_, accountrec0_.rmrcbad as rmrcbad21_21_0_, accountrec0_.rmrcbm as rmrcbm22_21_0_, accountrec0_.rmrcbs as rmrcbs23_21_0_, accountrec0_.rmslid as rmslid24_21_0_, accountrec0_.rmtaxcd as rmtaxcd25_21_0_, accountrec0_.rmtaxid as rmtaxid26_21_0_, accountrec0_.rmtdf as rmtdf27_21_0_ from t0301 accountrec0_ where accountrec0_.rmanum=?
2018-12-14 17:35:20.334  INFO 9212 --- [    Test worker] o.s.t.c.transaction.TransactionContext   : Rolled back transaction for test: [DefaultTestContext@337977d4 testClass = AccountReceivableSettingApiTest, testInstance = ags.goldenlionerp.apiTests.addresses.AccountReceivableSettingApiTest@3f346dbc, testMethod = createTestWithPost@AccountReceivableSettingApiTest, testException = [null], mergedContextConfiguration = [WebMergedContextConfiguration@6ec055a testClass = AccountReceivableSettingApiTest, locations = '{}', classes = '{class ags.goldenlionerp.GoldenLionErpApplication}', contextInitializerClasses = '[]', activeProfiles = '{}', propertySourceLocations = '{classpath:test.properties}', propertySourceProperties = '{org.springframework.boot.test.context.SpringBootTestContextBootstrapper=true}', contextCustomizers = set[org.springframework.boot.test.autoconfigure.properties.PropertyMappingContextCustomizer@0, org.springframework.boot.test.autoconfigure.web.servlet.WebDriverContextCustomizerFactory$Customizer@636d731e, [ImportsContextCustomizer@19ddd935 key = [ags.goldenlionerp.apiTests.ApiTestBase$TestConfig]], org.springframework.boot.test.context.filter.ExcludeFilterContextCustomizer@6afa5291, org.springframework.boot.test.json.DuplicateJsonObjectContextCustomizerFactory$DuplicateJsonObjectContextCustomizer@20cebcb4, org.springframework.boot.test.mock.mockito.MockitoContextCustomizer@0, org.springframework.boot.test.web.client.TestRestTemplateContextCustomizer@49a32273], resourceBasePath = 'src/main/webapp', contextLoader = 'org.springframework.boot.test.context.SpringBootContextLoader', parent = [null]], attributes = map['org.springframework.test.context.web.ServletTestExecutionListener.activateListener' -> true, 'org.springframework.test.context.web.ServletTestExecutionListener.populatedRequestContextHolder' -> true, 'org.springframework.test.context.web.ServletTestExecutionListener.resetRequestContextHolder' -> true]]
2018-12-14 17:35:20.336  INFO 9212 --- [    Test worker] o.s.t.c.transaction.TransactionContext   : Began transaction (1) for test context [DefaultTestContext@337977d4 testClass = AccountReceivableSettingApiTest, testInstance = ags.goldenlionerp.apiTests.addresses.AccountReceivableSettingApiTest@4a5f753d, testMethod = getTestSingle@ApiTestBase, testException = [null], mergedContextConfiguration = [WebMergedContextConfiguration@6ec055a testClass = AccountReceivableSettingApiTest, locations = '{}', classes = '{class ags.goldenlionerp.GoldenLionErpApplication}', contextInitializerClasses = '[]', activeProfiles = '{}', propertySourceLocations = '{classpath:test.properties}', propertySourceProperties = '{org.springframework.boot.test.context.SpringBootTestContextBootstrapper=true}', contextCustomizers = set[org.springframework.boot.test.autoconfigure.properties.PropertyMappingContextCustomizer@0, org.springframework.boot.test.autoconfigure.web.servlet.WebDriverContextCustomizerFactory$Customizer@636d731e, [ImportsContextCustomizer@19ddd935 key = [ags.goldenlionerp.apiTests.ApiTestBase$TestConfig]], org.springframework.boot.test.context.filter.ExcludeFilterContextCustomizer@6afa5291, org.springframework.boot.test.json.DuplicateJsonObjectContextCustomizerFactory$DuplicateJsonObjectContextCustomizer@20cebcb4, org.springframework.boot.test.mock.mockito.MockitoContextCustomizer@0, org.springframework.boot.test.web.client.TestRestTemplateContextCustomizer@49a32273], resourceBasePath = 'src/main/webapp', contextLoader = 'org.springframework.boot.test.context.SpringBootContextLoader', parent = [null]], attributes = map['org.springframework.test.context.web.ServletTestExecutionListener.activateListener' -> true, 'org.springframework.test.context.web.ServletTestExecutionListener.populatedRequestContextHolder' -> true, 'org.springframework.test.context.web.ServletTestExecutionListener.resetRequestContextHolder' -> true]]; transaction manager [org.springframework.orm.jpa.JpaTransactionManager@76f112e2]; rollback [true]
2018-12-14 17:35:20.337  INFO 9212 --- [    Test worker] o.s.b.t.m.w.SpringBootMockServletContext : Initializing Spring FrameworkServlet ''
2018-12-14 17:35:20.337  INFO 9212 --- [    Test worker] o.s.t.web.servlet.TestDispatcherServlet  : FrameworkServlet '': initialization started
2018-12-14 17:35:20.344  INFO 9212 --- [    Test worker] o.s.t.web.servlet.TestDispatcherServlet  : FrameworkServlet '': initialization completed in 7 ms
Hibernate: select accountrec0_.rmanum as rmanum1_21_0_, accountrec0_.rmcid as rmcid2_21_0_, accountrec0_.rmdtin as rmdtin3_21_0_, accountrec0_.rmtmin as rmtmin4_21_0_, accountrec0_.rmuid as rmuid5_21_0_, accountrec0_.rmdtlu as rmdtlu6_21_0_, accountrec0_.rmtmlu as rmtmlu7_21_0_, accountrec0_.rmuidm as rmuidm8_21_0_, accountrec0_.rmdtls as rmdtls9_21_0_, accountrec0_.rmaodt as rmaodt10_21_0_, accountrec0_.rmarcls as rmarcls11_21_0_, accountrec0_.rmbadt as rmbadt12_21_0_, accountrec0_.rmcrl as rmcrl13_21_0_, accountrec0_.rmcrm as rmcrm14_21_0_, accountrec0_.rmcrct as rmcrct15_21_0_, accountrec0_.rmcpg as rmcpg16_21_0_, accountrec0_.rmdesc1 as rmdesc17_21_0_, accountrec0_.rmexpdt as rmexpdt18_21_0_, accountrec0_.rminsp as rminsp19_21_0_, accountrec0_.rmptc as rmptc20_21_0_, accountrec0_.rmrcbad as rmrcbad21_21_0_, accountrec0_.rmrcbm as rmrcbm22_21_0_, accountrec0_.rmrcbs as rmrcbs23_21_0_, accountrec0_.rmslid as rmslid24_21_0_, accountrec0_.rmtaxcd as rmtaxcd25_21_0_, accountrec0_.rmtaxid as rmtaxid26_21_0_, accountrec0_.rmtdf as rmtdf27_21_0_ from t0301 accountrec0_ where accountrec0_.rmanum=?
2018-12-14 17:35:20.369  INFO 9212 --- [    Test worker] o.s.t.c.transaction.TransactionContext   : Rolled back transaction for test: [DefaultTestContext@337977d4 testClass = AccountReceivableSettingApiTest, testInstance = ags.goldenlionerp.apiTests.addresses.AccountReceivableSettingApiTest@4a5f753d, testMethod = getTestSingle@ApiTestBase, testException = [null], mergedContextConfiguration = [WebMergedContextConfiguration@6ec055a testClass = AccountReceivableSettingApiTest, locations = '{}', classes = '{class ags.goldenlionerp.GoldenLionErpApplication}', contextInitializerClasses = '[]', activeProfiles = '{}', propertySourceLocations = '{classpath:test.properties}', propertySourceProperties = '{org.springframework.boot.test.context.SpringBootTestContextBootstrapper=true}', contextCustomizers = set[org.springframework.boot.test.autoconfigure.properties.PropertyMappingContextCustomizer@0, org.springframework.boot.test.autoconfigure.web.servlet.WebDriverContextCustomizerFactory$Customizer@636d731e, [ImportsContextCustomizer@19ddd935 key = [ags.goldenlionerp.apiTests.ApiTestBase$TestConfig]], org.springframework.boot.test.context.filter.ExcludeFilterContextCustomizer@6afa5291, org.springframework.boot.test.json.DuplicateJsonObjectContextCustomizerFactory$DuplicateJsonObjectContextCustomizer@20cebcb4, org.springframework.boot.test.mock.mockito.MockitoContextCustomizer@0, org.springframework.boot.test.web.client.TestRestTemplateContextCustomizer@49a32273], resourceBasePath = 'src/main/webapp', contextLoader = 'org.springframework.boot.test.context.SpringBootContextLoader', parent = [null]], attributes = map['org.springframework.test.context.web.ServletTestExecutionListener.activateListener' -> true, 'org.springframework.test.context.web.ServletTestExecutionListener.populatedRequestContextHolder' -> true, 'org.springframework.test.context.web.ServletTestExecutionListener.resetRequestContextHolder' -> true]]
]]></system-out>
  <system-err><![CDATA[]]></system-err>
</testsuite>
