<?xml version="1.0" encoding="UTF-8"?>
<testsuite name="ags.goldenlionerp.apiTests.setups.NextNumberApiTest" tests="7" skipped="0" failures="0" errors="0" timestamp="2018-12-14T10:35:58" hostname="LAPTOP-FHFRCCL6" time="0.308">
  <properties/>
  <testcase name="updateTestWithPut" classname="ags.goldenlionerp.apiTests.setups.NextNumberApiTest" time="0.051"/>
  <testcase name="getTestSingle" classname="ags.goldenlionerp.apiTests.setups.NextNumberApiTest" time="0.016"/>
  <testcase name="updateTestWithPatch" classname="ags.goldenlionerp.apiTests.setups.NextNumberApiTest" time="0.036"/>
  <testcase name="getTestCollection" classname="ags.goldenlionerp.apiTests.setups.NextNumberApiTest" time="0.108"/>
  <testcase name="createTestWithPut" classname="ags.goldenlionerp.apiTests.setups.NextNumberApiTest" time="0.026"/>
  <testcase name="deleteTest" classname="ags.goldenlionerp.apiTests.setups.NextNumberApiTest" time="0.027"/>
  <testcase name="createTestWithPost" classname="ags.goldenlionerp.apiTests.setups.NextNumberApiTest" time="0.042"/>
  <system-out><![CDATA[2018-12-14 17:35:58.282  INFO 9212 --- [    Test worker] .b.t.c.SpringBootTestContextBootstrapper : Neither @ContextConfiguration nor @ContextHierarchy found for test class [ags.goldenlionerp.apiTests.setups.NextNumberApiTest], using SpringBootContextLoader
2018-12-14 17:35:58.282  INFO 9212 --- [    Test worker] o.s.t.c.support.AbstractContextLoader    : Could not detect default resource locations for test class [ags.goldenlionerp.apiTests.setups.NextNumberApiTest]: no resource found for suffixes {-context.xml, Context.groovy}.
2018-12-14 17:35:58.282  INFO 9212 --- [    Test worker] t.c.s.AnnotationConfigContextLoaderUtils : Could not detect default configuration classes for test class [ags.goldenlionerp.apiTests.setups.NextNumberApiTest]: NextNumberApiTest does not declare any static, non-private, non-final, nested classes annotated with @Configuration.
2018-12-14 17:35:58.282  INFO 9212 --- [    Test worker] .b.t.c.SpringBootTestContextBootstrapper : Found @SpringBootConfiguration ags.goldenlionerp.GoldenLionErpApplication for test class ags.goldenlionerp.apiTests.setups.NextNumberApiTest
2018-12-14 17:35:58.282  INFO 9212 --- [    Test worker] .b.t.c.SpringBootTestContextBootstrapper : Loaded default TestExecutionListener class names from location [META-INF/spring.factories]: [org.springframework.security.test.context.support.WithSecurityContextTestExecutionListener, org.springframework.security.test.context.support.ReactorContextTestExecutionListener, org.springframework.boot.test.autoconfigure.restdocs.RestDocsTestExecutionListener, org.springframework.boot.test.autoconfigure.web.client.MockRestServiceServerResetTestExecutionListener, org.springframework.boot.test.autoconfigure.web.servlet.MockMvcPrintOnlyOnFailureTestExecutionListener, org.springframework.boot.test.autoconfigure.web.servlet.WebDriverTestExecutionListener, org.springframework.boot.test.mock.mockito.MockitoTestExecutionListener, org.springframework.boot.test.mock.mockito.ResetMocksTestExecutionListener, org.springframework.test.context.web.ServletTestExecutionListener, org.springframework.test.context.support.DirtiesContextBeforeModesTestExecutionListener, org.springframework.test.context.support.DependencyInjectionTestExecutionListener, org.springframework.test.context.support.DirtiesContextTestExecutionListener, org.springframework.test.context.transaction.TransactionalTestExecutionListener, org.springframework.test.context.jdbc.SqlScriptsTestExecutionListener]
2018-12-14 17:35:58.297  INFO 9212 --- [    Test worker] .b.t.c.SpringBootTestContextBootstrapper : Using TestExecutionListeners: [org.springframework.test.context.web.ServletTestExecutionListener@5ea60550, org.springframework.test.context.support.DirtiesContextBeforeModesTestExecutionListener@5f377e60, org.springframework.boot.test.mock.mockito.MockitoTestExecutionListener@6b3de9ac, org.springframework.boot.test.autoconfigure.SpringBootDependencyInjectionTestExecutionListener@20ff32ab, org.springframework.test.context.support.DirtiesContextTestExecutionListener@4e1d2f61, org.springframework.test.context.transaction.TransactionalTestExecutionListener@2a3d8cbc, org.springframework.test.context.jdbc.SqlScriptsTestExecutionListener@2ec970de, org.springframework.security.test.context.support.WithSecurityContextTestExecutionListener@77fa65c6, org.springframework.security.test.context.support.ReactorContextTestExecutionListener@50bb3a7f, org.springframework.boot.test.autoconfigure.restdocs.RestDocsTestExecutionListener@162514b8, org.springframework.boot.test.autoconfigure.web.client.MockRestServiceServerResetTestExecutionListener@738fd922, org.springframework.boot.test.autoconfigure.web.servlet.MockMvcPrintOnlyOnFailureTestExecutionListener@577f46c0, org.springframework.boot.test.autoconfigure.web.servlet.WebDriverTestExecutionListener@5e1ef692, org.springframework.boot.test.mock.mockito.ResetMocksTestExecutionListener@60a0b93d]
2018-12-14 17:35:58.313  INFO 9212 --- [    Test worker] o.s.t.c.transaction.TransactionContext   : Began transaction (1) for test context [DefaultTestContext@3809cf39 testClass = NextNumberApiTest, testInstance = ags.goldenlionerp.apiTests.setups.NextNumberApiTest@178f0b1, testMethod = updateTestWithPut@ApiTestBase, testException = [null], mergedContextConfiguration = [WebMergedContextConfiguration@f9a008e testClass = NextNumberApiTest, locations = '{}', classes = '{class ags.goldenlionerp.GoldenLionErpApplication}', contextInitializerClasses = '[]', activeProfiles = '{}', propertySourceLocations = '{classpath:test.properties}', propertySourceProperties = '{org.springframework.boot.test.context.SpringBootTestContextBootstrapper=true}', contextCustomizers = set[org.springframework.boot.test.autoconfigure.properties.PropertyMappingContextCustomizer@0, org.springframework.boot.test.autoconfigure.web.servlet.WebDriverContextCustomizerFactory$Customizer@636d731e, [ImportsContextCustomizer@5da0aed key = [ags.goldenlionerp.apiTests.ApiTestBase$TestConfig]], org.springframework.boot.test.context.filter.ExcludeFilterContextCustomizer@6afa5291, org.springframework.boot.test.json.DuplicateJsonObjectContextCustomizerFactory$DuplicateJsonObjectContextCustomizer@20cebcb4, org.springframework.boot.test.mock.mockito.MockitoContextCustomizer@0, org.springframework.boot.test.web.client.TestRestTemplateContextCustomizer@49a32273], resourceBasePath = 'src/main/webapp', contextLoader = 'org.springframework.boot.test.context.SpringBootContextLoader', parent = [null]], attributes = map['org.springframework.test.context.web.ServletTestExecutionListener.activateListener' -> true, 'org.springframework.test.context.web.ServletTestExecutionListener.populatedRequestContextHolder' -> true, 'org.springframework.test.context.web.ServletTestExecutionListener.resetRequestContextHolder' -> true]]; transaction manager [org.springframework.orm.jpa.JpaTransactionManager@76f112e2]; rollback [true]
2018-12-14 17:35:58.313  INFO 9212 --- [    Test worker] o.s.b.t.m.w.SpringBootMockServletContext : Initializing Spring FrameworkServlet ''
2018-12-14 17:35:58.313  INFO 9212 --- [    Test worker] o.s.t.web.servlet.TestDispatcherServlet  : FrameworkServlet '': initialization started
2018-12-14 17:35:58.313  INFO 9212 --- [    Test worker] o.s.t.web.servlet.TestDispatcherServlet  : FrameworkServlet '': initialization completed in 0 ms
Hibernate: select nextnumber0_.nncoid as nncoid1_0_0_, nextnumber0_.nndocbty as nndocbty2_0_0_, nextnumber0_.nnmo as nnmo3_0_0_, nextnumber0_.nnyr as nnyr4_0_0_, nextnumber0_.nncid as nncid5_0_0_, nextnumber0_.nndtin as nndtin6_0_0_, nextnumber0_.nntmin as nntmin7_0_0_, nextnumber0_.nnuid as nnuid8_0_0_, nextnumber0_.nndtlu as nndtlu9_0_0_, nextnumber0_.nntmlu as nntmlu10_0_0_, nextnumber0_.nnuidm as nnuidm11_0_0_, nextnumber0_.nnseq as nnseq12_0_0_ from t0002 nextnumber0_ where nextnumber0_.nncoid=? and nextnumber0_.nndocbty=? and nextnumber0_.nnmo=? and nextnumber0_.nnyr=?
2018-12-14 17:35:58.360  INFO 9212 --- [    Test worker] o.s.t.c.transaction.TransactionContext   : Rolled back transaction for test: [DefaultTestContext@3809cf39 testClass = NextNumberApiTest, testInstance = ags.goldenlionerp.apiTests.setups.NextNumberApiTest@178f0b1, testMethod = updateTestWithPut@ApiTestBase, testException = [null], mergedContextConfiguration = [WebMergedContextConfiguration@f9a008e testClass = NextNumberApiTest, locations = '{}', classes = '{class ags.goldenlionerp.GoldenLionErpApplication}', contextInitializerClasses = '[]', activeProfiles = '{}', propertySourceLocations = '{classpath:test.properties}', propertySourceProperties = '{org.springframework.boot.test.context.SpringBootTestContextBootstrapper=true}', contextCustomizers = set[org.springframework.boot.test.autoconfigure.properties.PropertyMappingContextCustomizer@0, org.springframework.boot.test.autoconfigure.web.servlet.WebDriverContextCustomizerFactory$Customizer@636d731e, [ImportsContextCustomizer@5da0aed key = [ags.goldenlionerp.apiTests.ApiTestBase$TestConfig]], org.springframework.boot.test.context.filter.ExcludeFilterContextCustomizer@6afa5291, org.springframework.boot.test.json.DuplicateJsonObjectContextCustomizerFactory$DuplicateJsonObjectContextCustomizer@20cebcb4, org.springframework.boot.test.mock.mockito.MockitoContextCustomizer@0, org.springframework.boot.test.web.client.TestRestTemplateContextCustomizer@49a32273], resourceBasePath = 'src/main/webapp', contextLoader = 'org.springframework.boot.test.context.SpringBootContextLoader', parent = [null]], attributes = map['org.springframework.test.context.web.ServletTestExecutionListener.activateListener' -> true, 'org.springframework.test.context.web.ServletTestExecutionListener.populatedRequestContextHolder' -> true, 'org.springframework.test.context.web.ServletTestExecutionListener.resetRequestContextHolder' -> true]]
2018-12-14 17:35:58.360  INFO 9212 --- [    Test worker] o.s.t.c.transaction.TransactionContext   : Began transaction (1) for test context [DefaultTestContext@3809cf39 testClass = NextNumberApiTest, testInstance = ags.goldenlionerp.apiTests.setups.NextNumberApiTest@7f8a9b18, testMethod = getTestSingle@ApiTestBase, testException = [null], mergedContextConfiguration = [WebMergedContextConfiguration@f9a008e testClass = NextNumberApiTest, locations = '{}', classes = '{class ags.goldenlionerp.GoldenLionErpApplication}', contextInitializerClasses = '[]', activeProfiles = '{}', propertySourceLocations = '{classpath:test.properties}', propertySourceProperties = '{org.springframework.boot.test.context.SpringBootTestContextBootstrapper=true}', contextCustomizers = set[org.springframework.boot.test.autoconfigure.properties.PropertyMappingContextCustomizer@0, org.springframework.boot.test.autoconfigure.web.servlet.WebDriverContextCustomizerFactory$Customizer@636d731e, [ImportsContextCustomizer@5da0aed key = [ags.goldenlionerp.apiTests.ApiTestBase$TestConfig]], org.springframework.boot.test.context.filter.ExcludeFilterContextCustomizer@6afa5291, org.springframework.boot.test.json.DuplicateJsonObjectContextCustomizerFactory$DuplicateJsonObjectContextCustomizer@20cebcb4, org.springframework.boot.test.mock.mockito.MockitoContextCustomizer@0, org.springframework.boot.test.web.client.TestRestTemplateContextCustomizer@49a32273], resourceBasePath = 'src/main/webapp', contextLoader = 'org.springframework.boot.test.context.SpringBootContextLoader', parent = [null]], attributes = map['org.springframework.test.context.web.ServletTestExecutionListener.activateListener' -> true, 'org.springframework.test.context.web.ServletTestExecutionListener.populatedRequestContextHolder' -> true, 'org.springframework.test.context.web.ServletTestExecutionListener.resetRequestContextHolder' -> true]]; transaction manager [org.springframework.orm.jpa.JpaTransactionManager@76f112e2]; rollback [true]
2018-12-14 17:35:58.360  INFO 9212 --- [    Test worker] o.s.b.t.m.w.SpringBootMockServletContext : Initializing Spring FrameworkServlet ''
2018-12-14 17:35:58.360  INFO 9212 --- [    Test worker] o.s.t.web.servlet.TestDispatcherServlet  : FrameworkServlet '': initialization started
2018-12-14 17:35:58.360  INFO 9212 --- [    Test worker] o.s.t.web.servlet.TestDispatcherServlet  : FrameworkServlet '': initialization completed in 0 ms
Hibernate: select nextnumber0_.nncoid as nncoid1_0_0_, nextnumber0_.nndocbty as nndocbty2_0_0_, nextnumber0_.nnmo as nnmo3_0_0_, nextnumber0_.nnyr as nnyr4_0_0_, nextnumber0_.nncid as nncid5_0_0_, nextnumber0_.nndtin as nndtin6_0_0_, nextnumber0_.nntmin as nntmin7_0_0_, nextnumber0_.nnuid as nnuid8_0_0_, nextnumber0_.nndtlu as nndtlu9_0_0_, nextnumber0_.nntmlu as nntmlu10_0_0_, nextnumber0_.nnuidm as nnuidm11_0_0_, nextnumber0_.nnseq as nnseq12_0_0_ from t0002 nextnumber0_ where nextnumber0_.nncoid=? and nextnumber0_.nndocbty=? and nextnumber0_.nnmo=? and nextnumber0_.nnyr=?
2018-12-14 17:35:58.375  INFO 9212 --- [    Test worker] o.s.t.c.transaction.TransactionContext   : Rolled back transaction for test: [DefaultTestContext@3809cf39 testClass = NextNumberApiTest, testInstance = ags.goldenlionerp.apiTests.setups.NextNumberApiTest@7f8a9b18, testMethod = getTestSingle@ApiTestBase, testException = [null], mergedContextConfiguration = [WebMergedContextConfiguration@f9a008e testClass = NextNumberApiTest, locations = '{}', classes = '{class ags.goldenlionerp.GoldenLionErpApplication}', contextInitializerClasses = '[]', activeProfiles = '{}', propertySourceLocations = '{classpath:test.properties}', propertySourceProperties = '{org.springframework.boot.test.context.SpringBootTestContextBootstrapper=true}', contextCustomizers = set[org.springframework.boot.test.autoconfigure.properties.PropertyMappingContextCustomizer@0, org.springframework.boot.test.autoconfigure.web.servlet.WebDriverContextCustomizerFactory$Customizer@636d731e, [ImportsContextCustomizer@5da0aed key = [ags.goldenlionerp.apiTests.ApiTestBase$TestConfig]], org.springframework.boot.test.context.filter.ExcludeFilterContextCustomizer@6afa5291, org.springframework.boot.test.json.DuplicateJsonObjectContextCustomizerFactory$DuplicateJsonObjectContextCustomizer@20cebcb4, org.springframework.boot.test.mock.mockito.MockitoContextCustomizer@0, org.springframework.boot.test.web.client.TestRestTemplateContextCustomizer@49a32273], resourceBasePath = 'src/main/webapp', contextLoader = 'org.springframework.boot.test.context.SpringBootContextLoader', parent = [null]], attributes = map['org.springframework.test.context.web.ServletTestExecutionListener.activateListener' -> true, 'org.springframework.test.context.web.ServletTestExecutionListener.populatedRequestContextHolder' -> true, 'org.springframework.test.context.web.ServletTestExecutionListener.resetRequestContextHolder' -> true]]
2018-12-14 17:35:58.375  INFO 9212 --- [    Test worker] o.s.t.c.transaction.TransactionContext   : Began transaction (1) for test context [DefaultTestContext@3809cf39 testClass = NextNumberApiTest, testInstance = ags.goldenlionerp.apiTests.setups.NextNumberApiTest@9c149fb, testMethod = updateTestWithPatch@ApiTestBase, testException = [null], mergedContextConfiguration = [WebMergedContextConfiguration@f9a008e testClass = NextNumberApiTest, locations = '{}', classes = '{class ags.goldenlionerp.GoldenLionErpApplication}', contextInitializerClasses = '[]', activeProfiles = '{}', propertySourceLocations = '{classpath:test.properties}', propertySourceProperties = '{org.springframework.boot.test.context.SpringBootTestContextBootstrapper=true}', contextCustomizers = set[org.springframework.boot.test.autoconfigure.properties.PropertyMappingContextCustomizer@0, org.springframework.boot.test.autoconfigure.web.servlet.WebDriverContextCustomizerFactory$Customizer@636d731e, [ImportsContextCustomizer@5da0aed key = [ags.goldenlionerp.apiTests.ApiTestBase$TestConfig]], org.springframework.boot.test.context.filter.ExcludeFilterContextCustomizer@6afa5291, org.springframework.boot.test.json.DuplicateJsonObjectContextCustomizerFactory$DuplicateJsonObjectContextCustomizer@20cebcb4, org.springframework.boot.test.mock.mockito.MockitoContextCustomizer@0, org.springframework.boot.test.web.client.TestRestTemplateContextCustomizer@49a32273], resourceBasePath = 'src/main/webapp', contextLoader = 'org.springframework.boot.test.context.SpringBootContextLoader', parent = [null]], attributes = map['org.springframework.test.context.web.ServletTestExecutionListener.activateListener' -> true, 'org.springframework.test.context.web.ServletTestExecutionListener.populatedRequestContextHolder' -> true, 'org.springframework.test.context.web.ServletTestExecutionListener.resetRequestContextHolder' -> true]]; transaction manager [org.springframework.orm.jpa.JpaTransactionManager@76f112e2]; rollback [true]
2018-12-14 17:35:58.375  INFO 9212 --- [    Test worker] o.s.b.t.m.w.SpringBootMockServletContext : Initializing Spring FrameworkServlet ''
2018-12-14 17:35:58.375  INFO 9212 --- [    Test worker] o.s.t.web.servlet.TestDispatcherServlet  : FrameworkServlet '': initialization started
2018-12-14 17:35:58.375  INFO 9212 --- [    Test worker] o.s.t.web.servlet.TestDispatcherServlet  : FrameworkServlet '': initialization completed in 0 ms
Hibernate: select nextnumber0_.nncoid as nncoid1_0_0_, nextnumber0_.nndocbty as nndocbty2_0_0_, nextnumber0_.nnmo as nnmo3_0_0_, nextnumber0_.nnyr as nnyr4_0_0_, nextnumber0_.nncid as nncid5_0_0_, nextnumber0_.nndtin as nndtin6_0_0_, nextnumber0_.nntmin as nntmin7_0_0_, nextnumber0_.nnuid as nnuid8_0_0_, nextnumber0_.nndtlu as nndtlu9_0_0_, nextnumber0_.nntmlu as nntmlu10_0_0_, nextnumber0_.nnuidm as nnuidm11_0_0_, nextnumber0_.nnseq as nnseq12_0_0_ from t0002 nextnumber0_ where nextnumber0_.nncoid=? and nextnumber0_.nndocbty=? and nextnumber0_.nnmo=? and nextnumber0_.nnyr=?
Hibernate: update t0002 set nncid=?, nndtlu=?, nntmlu=?, nnuidm=?, nnseq=? where nncoid=? and nndocbty=? and nnmo=? and nnyr=?
Hibernate: select nextnumber0_.nncoid as nncoid1_0_0_, nextnumber0_.nndocbty as nndocbty2_0_0_, nextnumber0_.nnmo as nnmo3_0_0_, nextnumber0_.nnyr as nnyr4_0_0_, nextnumber0_.nncid as nncid5_0_0_, nextnumber0_.nndtin as nndtin6_0_0_, nextnumber0_.nntmin as nntmin7_0_0_, nextnumber0_.nnuid as nnuid8_0_0_, nextnumber0_.nndtlu as nndtlu9_0_0_, nextnumber0_.nntmlu as nntmlu10_0_0_, nextnumber0_.nnuidm as nnuidm11_0_0_, nextnumber0_.nnseq as nnseq12_0_0_ from t0002 nextnumber0_ where nextnumber0_.nncoid=? and nextnumber0_.nndocbty=? and nextnumber0_.nnmo=? and nextnumber0_.nnyr=?
2018-12-14 17:35:58.407  INFO 9212 --- [    Test worker] o.s.t.c.transaction.TransactionContext   : Rolled back transaction for test: [DefaultTestContext@3809cf39 testClass = NextNumberApiTest, testInstance = ags.goldenlionerp.apiTests.setups.NextNumberApiTest@9c149fb, testMethod = updateTestWithPatch@ApiTestBase, testException = [null], mergedContextConfiguration = [WebMergedContextConfiguration@f9a008e testClass = NextNumberApiTest, locations = '{}', classes = '{class ags.goldenlionerp.GoldenLionErpApplication}', contextInitializerClasses = '[]', activeProfiles = '{}', propertySourceLocations = '{classpath:test.properties}', propertySourceProperties = '{org.springframework.boot.test.context.SpringBootTestContextBootstrapper=true}', contextCustomizers = set[org.springframework.boot.test.autoconfigure.properties.PropertyMappingContextCustomizer@0, org.springframework.boot.test.autoconfigure.web.servlet.WebDriverContextCustomizerFactory$Customizer@636d731e, [ImportsContextCustomizer@5da0aed key = [ags.goldenlionerp.apiTests.ApiTestBase$TestConfig]], org.springframework.boot.test.context.filter.ExcludeFilterContextCustomizer@6afa5291, org.springframework.boot.test.json.DuplicateJsonObjectContextCustomizerFactory$DuplicateJsonObjectContextCustomizer@20cebcb4, org.springframework.boot.test.mock.mockito.MockitoContextCustomizer@0, org.springframework.boot.test.web.client.TestRestTemplateContextCustomizer@49a32273], resourceBasePath = 'src/main/webapp', contextLoader = 'org.springframework.boot.test.context.SpringBootContextLoader', parent = [null]], attributes = map['org.springframework.test.context.web.ServletTestExecutionListener.activateListener' -> true, 'org.springframework.test.context.web.ServletTestExecutionListener.populatedRequestContextHolder' -> true, 'org.springframework.test.context.web.ServletTestExecutionListener.resetRequestContextHolder' -> true]]
2018-12-14 17:35:58.407  INFO 9212 --- [    Test worker] o.s.t.c.transaction.TransactionContext   : Began transaction (1) for test context [DefaultTestContext@3809cf39 testClass = NextNumberApiTest, testInstance = ags.goldenlionerp.apiTests.setups.NextNumberApiTest@412891cc, testMethod = getTestCollection@ApiTestBase, testException = [null], mergedContextConfiguration = [WebMergedContextConfiguration@f9a008e testClass = NextNumberApiTest, locations = '{}', classes = '{class ags.goldenlionerp.GoldenLionErpApplication}', contextInitializerClasses = '[]', activeProfiles = '{}', propertySourceLocations = '{classpath:test.properties}', propertySourceProperties = '{org.springframework.boot.test.context.SpringBootTestContextBootstrapper=true}', contextCustomizers = set[org.springframework.boot.test.autoconfigure.properties.PropertyMappingContextCustomizer@0, org.springframework.boot.test.autoconfigure.web.servlet.WebDriverContextCustomizerFactory$Customizer@636d731e, [ImportsContextCustomizer@5da0aed key = [ags.goldenlionerp.apiTests.ApiTestBase$TestConfig]], org.springframework.boot.test.context.filter.ExcludeFilterContextCustomizer@6afa5291, org.springframework.boot.test.json.DuplicateJsonObjectContextCustomizerFactory$DuplicateJsonObjectContextCustomizer@20cebcb4, org.springframework.boot.test.mock.mockito.MockitoContextCustomizer@0, org.springframework.boot.test.web.client.TestRestTemplateContextCustomizer@49a32273], resourceBasePath = 'src/main/webapp', contextLoader = 'org.springframework.boot.test.context.SpringBootContextLoader', parent = [null]], attributes = map['org.springframework.test.context.web.ServletTestExecutionListener.activateListener' -> true, 'org.springframework.test.context.web.ServletTestExecutionListener.populatedRequestContextHolder' -> true, 'org.springframework.test.context.web.ServletTestExecutionListener.resetRequestContextHolder' -> true]]; transaction manager [org.springframework.orm.jpa.JpaTransactionManager@76f112e2]; rollback [true]
2018-12-14 17:35:58.407  INFO 9212 --- [    Test worker] o.s.b.t.m.w.SpringBootMockServletContext : Initializing Spring FrameworkServlet ''
2018-12-14 17:35:58.407  INFO 9212 --- [    Test worker] o.s.t.web.servlet.TestDispatcherServlet  : FrameworkServlet '': initialization started
2018-12-14 17:35:58.407  INFO 9212 --- [    Test worker] o.s.t.web.servlet.TestDispatcherServlet  : FrameworkServlet '': initialization completed in 0 ms
Hibernate: select nextnumber0_.nncoid as nncoid1_0_, nextnumber0_.nndocbty as nndocbty2_0_, nextnumber0_.nnmo as nnmo3_0_, nextnumber0_.nnyr as nnyr4_0_, nextnumber0_.nncid as nncid5_0_, nextnumber0_.nndtin as nndtin6_0_, nextnumber0_.nntmin as nntmin7_0_, nextnumber0_.nnuid as nnuid8_0_, nextnumber0_.nndtlu as nndtlu9_0_, nextnumber0_.nntmlu as nntmlu10_0_, nextnumber0_.nnuidm as nnuidm11_0_, nextnumber0_.nnseq as nnseq12_0_ from t0002 nextnumber0_

MockHttpServletRequest:
      HTTP Method = GET
      Request URI = /api/nextNumbers/
       Parameters = {}
          Headers = {Accept=[application/json]}
             Body = <no character encoding set>
    Session Attrs = {org.springframework.security.web.csrf.HttpSessionCsrfTokenRepository.CSRF_TOKEN=org.springframework.security.web.csrf.DefaultCsrfToken@54ae89b4, SPRING_SECURITY_CONTEXT=org.springframework.security.core.context.SecurityContextImpl@475fcd89: Authentication: org.springframework.security.authentication.UsernamePasswordAuthenticationToken@475fcd89: Principal: org.springframework.security.core.userdetails.User@f02988d6: Username: username; Password: [PROTECTED]; Enabled: true; AccountNonExpired: true; credentialsNonExpired: true; AccountNonLocked: true; Not granted any authorities; Credentials: [PROTECTED]; Authenticated: true; Details: null; Not granted any authorities}

Handler:
             Type = org.springframework.data.rest.webmvc.RepositoryEntityController
           Method = public org.springframework.hateoas.Resources<?> org.springframework.data.rest.webmvc.RepositoryEntityController.getCollectionResource(org.springframework.data.rest.webmvc.RootResourceInformation,org.springframework.data.rest.webmvc.support.DefaultedPageable,org.springframework.data.domain.Sort,org.springframework.data.rest.webmvc.PersistentEntityResourceAssembler) throws org.springframework.data.rest.webmvc.ResourceNotFoundException,org.springframework.web.HttpRequestMethodNotSupportedException

Async:
    Async started = false
     Async result = null

Resolved Exception:
             Type = null

ModelAndView:
        View name = null
             View = null
            Model = null

FlashMap:
       Attributes = null

MockHttpServletResponse:
           Status = 200
    Error message = null
          Headers = {Content-Type=[application/json;charset=UTF-8], X-Content-Type-Options=[nosniff], X-XSS-Protection=[1; mode=block], Cache-Control=[no-cache, no-store, max-age=0, must-revalidate], Pragma=[no-cache], Expires=[0], X-Frame-Options=[DENY]}
     Content type = application/json;charset=UTF-8
             Body = {
  "_embedded" : {
    "nextNumbers" : [ {
      "inputUserId" : "QSA",
      "lastUpdateUserId" : "QSA",
      "computerId" : "AYOOKLIK",
      "companyId" : "00000",
      "documentOrBatchType" : "AD",
      "year" : 9999,
      "month" : 1,
      "nextSequence" : 50,
      "lastUpdateDateTime" : "2018-04-10T12:45:49",
      "inputDateTime" : "2008-10-06T15:25:04",
      "_links" : {
        "self" : {
          "href" : "http://localhost/api/nextNumbers/00000_AD_9999_1"
        },
        "nextNumber" : {
          "href" : "http://localhost/api/nextNumbers/00000_AD_9999_1"
        }
      }
    }, {
      "inputUserId" : "",
      "lastUpdateUserId" : "QSA",
      "computerId" : "AYOOKLIK",
      "companyId" : "00000",
      "documentOrBatchType" : "AM",
      "year" : 9999,
      "month" : 1,
      "nextSequence" : 3,
      "lastUpdateDateTime" : "2018-04-10T12:45:50",
      "inputDateTime" : null,
      "_links" : {
        "self" : {
          "href" : "http://localhost/api/nextNumbers/00000_AM_9999_1"
        },
        "nextNumber" : {
          "href" : "http://localhost/api/nextNumbers/00000_AM_9999_1"
        }
      }
    }, {
      "inputUserId" : "QSA",
      "lastUpdateUserId" : "QSA",
      "computerId" : "WIN7UL7P5",
      "companyId" : "00000",
      "documentOrBatchType" : "EQ",
      "year" : 9999,
      "month" : 1,
      "nextSequence" : 0,
      "lastUpdateDateTime" : "2013-10-16T14:36:26",
      "inputDateTime" : "2013-10-16T14:36:26",
      "_links" : {
        "self" : {
          "href" : "http://localhost/api/nextNumbers/00000_EQ_9999_1"
        },
        "nextNumber" : {
          "href" : "http://localhost/api/nextNumbers/00000_EQ_9999_1"
        }
      }
    }, {
      "inputUserId" : "QSA",
      "lastUpdateUserId" : "QSA",
      "computerId" : "WINXPL7P5",
      "companyId" : "00000",
      "documentOrBatchType" : "F",
      "year" : 9999,
      "month" : 1,
      "nextSequence" : 0,
      "lastUpdateDateTime" : "2008-06-12T00:31:46",
      "inputDateTime" : "2008-06-12T00:31:46",
      "_links" : {
        "self" : {
          "href" : "http://localhost/api/nextNumbers/00000_F_9999_1"
        },
        "nextNumber" : {
          "href" : "http://localhost/api/nextNumbers/00000_F_9999_1"
        }
      }
    }, {
      "inputUserId" : "QSA",
      "lastUpdateUserId" : "QSA",
      "computerId" : "WINXPL7P5",
      "companyId" : "00000",
      "documentOrBatchType" : "FM",
      "year" : 9999,
      "month" : 1,
      "nextSequence" : 0,
      "lastUpdateDateTime" : "2009-07-30T21:50:19",
      "inputDateTime" : "2009-07-30T21:50:19",
      "_links" : {
        "self" : {
          "href" : "http://localhost/api/nextNumbers/00000_FM_9999_1"
        },
        "nextNumber" : {
          "href" : "http://localhost/api/nextNumbers/00000_FM_9999_1"
        }
      }
    }, {
      "inputUserId" : "QSA",
      "lastUpdateUserId" : "QSA",
      "computerId" : "AYOOKLIK",
      "companyId" : "00000",
      "documentOrBatchType" : "G",
      "year" : 9999,
      "month" : 1,
      "nextSequence" : 72,
      "lastUpdateDateTime" : "2018-04-10T12:45:52",
      "inputDateTime" : "2008-06-12T00:31:27",
      "_links" : {
        "self" : {
          "href" : "http://localhost/api/nextNumbers/00000_G_9999_1"
        },
        "nextNumber" : {
          "href" : "http://localhost/api/nextNumbers/00000_G_9999_1"
        }
      }
    }, {
      "inputUserId" : "AUTO",
      "lastUpdateUserId" : "QSA",
      "computerId" : "AYOOKLIK",
      "companyId" : "00000",
      "documentOrBatchType" : "I",
      "year" : 9999,
      "month" : 1,
      "nextSequence" : 8,
      "lastUpdateDateTime" : "2018-04-10T12:45:52",
      "inputDateTime" : "2006-09-05T00:00:00",
      "_links" : {
        "self" : {
          "href" : "http://localhost/api/nextNumbers/00000_I_9999_1"
        },
        "nextNumber" : {
          "href" : "http://localhost/api/nextNumbers/00000_I_9999_1"
        }
      }
    }, {
      "inputUserId" : "QSA",
      "lastUpdateUserId" : "QSA",
      "computerId" : "AYOOKLIK",
      "companyId" : "00000",
      "documentOrBatchType" : "IN",
      "year" : 9999,
      "month" : 1,
      "nextSequence" : 0,
      "lastUpdateDateTime" : "2018-04-10T12:45:53",
      "inputDateTime" : "2008-09-18T14:16:55",
      "_links" : {
        "self" : {
          "href" : "http://localhost/api/nextNumbers/00000_IN_9999_1"
        },
        "nextNumber" : {
          "href" : "http://localhost/api/nextNumbers/00000_IN_9999_1"
        }
      }
    }, {
      "inputUserId" : "AUTO",
      "lastUpdateUserId" : "QSA",
      "computerId" : "AYOOKLIK",
      "companyId" : "00000",
      "documentOrBatchType" : "M",
      "year" : 9999,
      "month" : 1,
      "nextSequence" : 0,
      "lastUpdateDateTime" : "2018-04-10T12:45:53",
      "inputDateTime" : "2009-07-17T00:00:00",
      "_links" : {
        "self" : {
          "href" : "http://localhost/api/nextNumbers/00000_M_9999_1"
        },
        "nextNumber" : {
          "href" : "http://localhost/api/nextNumbers/00000_M_9999_1"
        }
      }
    }, {
      "inputUserId" : "QSA",
      "lastUpdateUserId" : "QSA",
      "computerId" : "AYOOKLIK",
      "companyId" : "00000",
      "documentOrBatchType" : "O",
      "year" : 9999,
      "month" : 1,
      "nextSequence" : 141,
      "lastUpdateDateTime" : "2018-04-10T12:45:54",
      "inputDateTime" : "2008-06-12T00:29:34",
      "_links" : {
        "self" : {
          "href" : "http://localhost/api/nextNumbers/00000_O_9999_1"
        },
        "nextNumber" : {
          "href" : "http://localhost/api/nextNumbers/00000_O_9999_1"
        }
      }
    }, {
      "inputUserId" : "QSA",
      "lastUpdateUserId" : "QSA",
      "computerId" : "AYOOKLIK",
      "companyId" : "00000",
      "documentOrBatchType" : "ON",
      "year" : 9999,
      "month" : 1,
      "nextSequence" : 0,
      "lastUpdateDateTime" : "2018-04-10T12:45:55",
      "inputDateTime" : "2013-11-07T15:20:47",
      "_links" : {
        "self" : {
          "href" : "http://localhost/api/nextNumbers/00000_ON_9999_1"
        },
        "nextNumber" : {
          "href" : "http://localhost/api/nextNumbers/00000_ON_9999_1"
        }
      }
    }, {
      "inputUserId" : "QSA",
      "lastUpdateUserId" : "QSA",
      "computerId" : "LAPTOP-FHFRCCL6",
      "companyId" : "00000",
      "documentOrBatchType" : "P",
      "year" : 9999,
      "month" : 1,
      "nextSequence" : 167,
      "lastUpdateDateTime" : "2018-08-08T12:38:43",
      "inputDateTime" : "2008-06-12T00:28:42",
      "_links" : {
        "self" : {
          "href" : "http://localhost/api/nextNumbers/00000_P_9999_1"
        },
        "nextNumber" : {
          "href" : "http://localhost/api/nextNumbers/00000_P_9999_1"
        }
      }
    }, {
      "inputUserId" : "AUTO",
      "lastUpdateUserId" : "QSA",
      "computerId" : "AYOOKLIK",
      "companyId" : "00000",
      "documentOrBatchType" : "PX",
      "year" : 9999,
      "month" : 1,
      "nextSequence" : 0,
      "lastUpdateDateTime" : "2018-04-10T12:45:56",
      "inputDateTime" : "2010-01-30T00:00:00",
      "_links" : {
        "self" : {
          "href" : "http://localhost/api/nextNumbers/00000_PX_9999_1"
        },
        "nextNumber" : {
          "href" : "http://localhost/api/nextNumbers/00000_PX_9999_1"
        }
      }
    }, {
      "inputUserId" : "AUTO",
      "lastUpdateUserId" : "QSA",
      "computerId" : "AYOOKLIK",
      "companyId" : "00000",
      "documentOrBatchType" : "R",
      "year" : 9999,
      "month" : 1,
      "nextSequence" : 218,
      "lastUpdateDateTime" : "2018-04-10T12:45:56",
      "inputDateTime" : "2008-05-30T00:00:00",
      "_links" : {
        "self" : {
          "href" : "http://localhost/api/nextNumbers/00000_R_9999_1"
        },
        "nextNumber" : {
          "href" : "http://localhost/api/nextNumbers/00000_R_9999_1"
        }
      }
    }, {
      "inputUserId" : "AUTO",
      "lastUpdateUserId" : "QSA",
      "computerId" : "AYOOKLIK",
      "companyId" : "00000",
      "documentOrBatchType" : "RI",
      "year" : 9999,
      "month" : 1,
      "nextSequence" : 0,
      "lastUpdateDateTime" : "2018-04-10T12:45:57",
      "inputDateTime" : "2009-01-05T00:00:00",
      "_links" : {
        "self" : {
          "href" : "http://localhost/api/nextNumbers/00000_RI_9999_1"
        },
        "nextNumber" : {
          "href" : "http://localhost/api/nextNumbers/00000_RI_9999_1"
        }
      }
    }, {
      "inputUserId" : "AUTO",
      "lastUpdateUserId" : "QSA",
      "computerId" : "WIN7UL7P5",
      "companyId" : "00000",
      "documentOrBatchType" : "RS",
      "year" : 9999,
      "month" : 1,
      "nextSequence" : 0,
      "lastUpdateDateTime" : "2013-10-14T21:06:02",
      "inputDateTime" : "2012-10-12T00:00:00",
      "_links" : {
        "self" : {
          "href" : "http://localhost/api/nextNumbers/00000_RS_9999_1"
        },
        "nextNumber" : {
          "href" : "http://localhost/api/nextNumbers/00000_RS_9999_1"
        }
      }
    }, {
      "inputUserId" : "AUTO",
      "lastUpdateUserId" : "",
      "computerId" : "",
      "companyId" : "00000",
      "documentOrBatchType" : "RX",
      "year" : 9999,
      "month" : 1,
      "nextSequence" : 0,
      "lastUpdateDateTime" : null,
      "inputDateTime" : "2010-06-06T00:00:00",
      "_links" : {
        "self" : {
          "href" : "http://localhost/api/nextNumbers/00000_RX_9999_1"
        },
        "nextNumber" : {
          "href" : "http://localhost/api/nextNumbers/00000_RX_9999_1"
        }
      }
    }, {
      "inputUserId" : "QSA",
      "lastUpdateUserId" : "QSA",
      "computerId" : "AYOOKLIK",
      "companyId" : "00000",
      "documentOrBatchType" : "S",
      "year" : 9999,
      "month" : 1,
      "nextSequence" : 423,
      "lastUpdateDateTime" : "2018-04-10T12:45:58",
      "inputDateTime" : "2008-06-12T00:29:09",
      "_links" : {
        "self" : {
          "href" : "http://localhost/api/nextNumbers/00000_S_9999_1"
        },
        "nextNumber" : {
          "href" : "http://localhost/api/nextNumbers/00000_S_9999_1"
        }
      }
    }, {
      "inputUserId" : "AUTO",
      "lastUpdateUserId" : "",
      "computerId" : "",
      "companyId" : "00000",
      "documentOrBatchType" : "SI",
      "year" : 2015,
      "month" : 1,
      "nextSequence" : 0,
      "lastUpdateDateTime" : null,
      "inputDateTime" : "2015-09-07T00:00:00",
      "_links" : {
        "self" : {
          "href" : "http://localhost/api/nextNumbers/00000_SI_2015_1"
        },
        "nextNumber" : {
          "href" : "http://localhost/api/nextNumbers/00000_SI_2015_1"
        }
      }
    }, {
      "inputUserId" : "AUTO",
      "lastUpdateUserId" : "QSA",
      "computerId" : "AYOOKLIK",
      "companyId" : "11000",
      "documentOrBatchType" : "BK",
      "year" : 2017,
      "month" : 1,
      "nextSequence" : 0,
      "lastUpdateDateTime" : "2018-04-10T12:45:59",
      "inputDateTime" : "2017-11-29T00:00:00",
      "_links" : {
        "self" : {
          "href" : "http://localhost/api/nextNumbers/11000_BK_2017_1"
        },
        "nextNumber" : {
          "href" : "http://localhost/api/nextNumbers/11000_BK_2017_1"
        }
      }
    }, {
      "inputUserId" : "AUTO",
      "lastUpdateUserId" : "QSA",
      "computerId" : "AYOOKLIK",
      "companyId" : "11000",
      "documentOrBatchType" : "BK",
      "year" : 2017,
      "month" : 11,
      "nextSequence" : 0,
      "lastUpdateDateTime" : "2018-04-10T12:46:00",
      "inputDateTime" : "2018-02-23T00:00:00",
      "_links" : {
        "self" : {
          "href" : "http://localhost/api/nextNumbers/11000_BK_2017_11"
        },
        "nextNumber" : {
          "href" : "http://localhost/api/nextNumbers/11000_BK_2017_11"
        }
      }
    }, {
      "inputUserId" : "AUTO",
      "lastUpdateUserId" : "QSA",
      "computerId" : "AYOOKLIK",
      "companyId" : "11000",
      "documentOrBatchType" : "BK",
      "year" : 2017,
      "month" : 12,
      "nextSequence" : 0,
      "lastUpdateDateTime" : "2018-04-10T12:46:00",
      "inputDateTime" : "2018-02-28T00:00:00",
      "_links" : {
        "self" : {
          "href" : "http://localhost/api/nextNumbers/11000_BK_2017_12"
        },
        "nextNumber" : {
          "href" : "http://localhost/api/nextNumbers/11000_BK_2017_12"
        }
      }
    }, {
      "inputUserId" : "AUTO",
      "lastUpdateUserId" : "QSA",
      "computerId" : "AYOOKLIK",
      "companyId" : "11000",
      "documentOrBatchType" : "BK",
      "year" : 2018,
      "month" : 1,
      "nextSequence" : 0,
      "lastUpdateDateTime" : "2018-04-10T12:46:00",
      "inputDateTime" : "2018-03-07T00:00:00",
      "_links" : {
        "self" : {
          "href" : "http://localhost/api/nextNumbers/11000_BK_2018_1"
        },
        "nextNumber" : {
          "href" : "http://localhost/api/nextNumbers/11000_BK_2018_1"
        }
      }
    }, {
      "inputUserId" : "AUTO",
      "lastUpdateUserId" : "QSA",
      "computerId" : "AYOOKLIK",
      "companyId" : "11000",
      "documentOrBatchType" : "BK",
      "year" : 2018,
      "month" : 3,
      "nextSequence" : 0,
      "lastUpdateDateTime" : "2018-04-10T12:46:01",
      "inputDateTime" : "2018-03-02T00:00:00",
      "_links" : {
        "self" : {
          "href" : "http://localhost/api/nextNumbers/11000_BK_2018_3"
        },
        "nextNumber" : {
          "href" : "http://localhost/api/nextNumbers/11000_BK_2018_3"
        }
      }
    }, {
      "inputUserId" : "AUTO",
      "lastUpdateUserId" : "QSA",
      "computerId" : "LAPTOP-FHFRCCL6",
      "companyId" : "11000",
      "documentOrBatchType" : "BK",
      "year" : 2018,
      "month" : 4,
      "nextSequence" : 12,
      "lastUpdateDateTime" : "2018-08-08T12:38:55",
      "inputDateTime" : "2018-04-24T00:00:00",
      "_links" : {
        "self" : {
          "href" : "http://localhost/api/nextNumbers/11000_BK_2018_4"
        },
        "nextNumber" : {
          "href" : "http://localhost/api/nextNumbers/11000_BK_2018_4"
        }
      }
    }, {
      "inputUserId" : "AUTO",
      "lastUpdateUserId" : "QSA",
      "computerId" : "AYOOKLIK",
      "companyId" : "11000",
      "documentOrBatchType" : "BM",
      "year" : 2017,
      "month" : 11,
      "nextSequence" : 0,
      "lastUpdateDateTime" : "2018-04-10T12:46:02",
      "inputDateTime" : "2018-02-22T00:00:00",
      "_links" : {
        "self" : {
          "href" : "http://localhost/api/nextNumbers/11000_BM_2017_11"
        },
        "nextNumber" : {
          "href" : "http://localhost/api/nextNumbers/11000_BM_2017_11"
        }
      }
    }, {
      "inputUserId" : "AUTO",
      "lastUpdateUserId" : "QSA",
      "computerId" : "AYOOKLIK",
      "companyId" : "11000",
      "documentOrBatchType" : "BM",
      "year" : 2017,
      "month" : 12,
      "nextSequence" : 0,
      "lastUpdateDateTime" : "2018-04-10T12:46:02",
      "inputDateTime" : "2018-02-22T00:00:00",
      "_links" : {
        "self" : {
          "href" : "http://localhost/api/nextNumbers/11000_BM_2017_12"
        },
        "nextNumber" : {
          "href" : "http://localhost/api/nextNumbers/11000_BM_2017_12"
        }
      }
    }, {
      "inputUserId" : "AUTO",
      "lastUpdateUserId" : "QSA",
      "computerId" : "AYOOKLIK",
      "companyId" : "11000",
      "documentOrBatchType" : "BM",
      "year" : 2018,
      "month" : 1,
      "nextSequence" : 0,
      "lastUpdateDateTime" : "2018-04-10T12:46:02",
      "inputDateTime" : "2018-03-02T00:00:00",
      "_links" : {
        "self" : {
          "href" : "http://localhost/api/nextNumbers/11000_BM_2018_1"
        },
        "nextNumber" : {
          "href" : "http://localhost/api/nextNumbers/11000_BM_2018_1"
        }
      }
    }, {
      "inputUserId" : "AUTO",
      "lastUpdateUserId" : "QSA",
      "computerId" : "AYOOKLIK",
      "companyId" : "11000",
      "documentOrBatchType" : "BM",
      "year" : 2018,
      "month" : 2,
      "nextSequence" : 0,
      "lastUpdateDateTime" : "2018-04-10T12:46:04",
      "inputDateTime" : "2018-02-28T00:00:00",
      "_links" : {
        "self" : {
          "href" : "http://localhost/api/nextNumbers/11000_BM_2018_2"
        },
        "nextNumber" : {
          "href" : "http://localhost/api/nextNumbers/11000_BM_2018_2"
        }
      }
    }, {
      "inputUserId" : "AUTO",
      "lastUpdateUserId" : "QSA",
      "computerId" : "AYOOKLIK",
      "companyId" : "11000",
      "documentOrBatchType" : "BM",
      "year" : 2018,
      "month" : 3,
      "nextSequence" : 0,
      "lastUpdateDateTime" : "2018-04-10T12:46:02",
      "inputDateTime" : "2018-03-08T00:00:00",
      "_links" : {
        "self" : {
          "href" : "http://localhost/api/nextNumbers/11000_BM_2018_3"
        },
        "nextNumber" : {
          "href" : "http://localhost/api/nextNumbers/11000_BM_2018_3"
        }
      }
    }, {
      "inputUserId" : "AUTO",
      "lastUpdateUserId" : "",
      "computerId" : "",
      "companyId" : "11000",
      "documentOrBatchType" : "BM",
      "year" : 2018,
      "month" : 4,
      "nextSequence" : 52,
      "lastUpdateDateTime" : null,
      "inputDateTime" : "2018-04-13T00:00:00",
      "_links" : {
        "self" : {
          "href" : "http://localhost/api/nextNumbers/11000_BM_2018_4"
        },
        "nextNumber" : {
          "href" : "http://localhost/api/nextNumbers/11000_BM_2018_4"
        }
      }
    }, {
      "inputUserId" : "AUTO",
      "lastUpdateUserId" : "",
      "computerId" : "",
      "companyId" : "11000",
      "documentOrBatchType" : "BM",
      "year" : 2018,
      "month" : 8,
      "nextSequence" : 2,
      "lastUpdateDateTime" : null,
      "inputDateTime" : "2018-08-08T00:00:00",
      "_links" : {
        "self" : {
          "href" : "http://localhost/api/nextNumbers/11000_BM_2018_8"
        },
        "nextNumber" : {
          "href" : "http://localhost/api/nextNumbers/11000_BM_2018_8"
        }
      }
    }, {
      "inputUserId" : "AUTO",
      "lastUpdateUserId" : "QSA",
      "computerId" : "AYOOKLIK",
      "companyId" : "11000",
      "documentOrBatchType" : "IA",
      "year" : 2017,
      "month" : 10,
      "nextSequence" : 0,
      "lastUpdateDateTime" : "2018-04-10T12:46:03",
      "inputDateTime" : "2018-02-24T00:00:00",
      "_links" : {
        "self" : {
          "href" : "http://localhost/api/nextNumbers/11000_IA_2017_10"
        },
        "nextNumber" : {
          "href" : "http://localhost/api/nextNumbers/11000_IA_2017_10"
        }
      }
    }, {
      "inputUserId" : "AUTO",
      "lastUpdateUserId" : "QSA",
      "computerId" : "AYOOKLIK",
      "companyId" : "11000",
      "documentOrBatchType" : "IA",
      "year" : 2017,
      "month" : 11,
      "nextSequence" : 0,
      "lastUpdateDateTime" : "2018-04-10T12:46:03",
      "inputDateTime" : "2018-03-19T00:00:00",
      "_links" : {
        "self" : {
          "href" : "http://localhost/api/nextNumbers/11000_IA_2017_11"
        },
        "nextNumber" : {
          "href" : "http://localhost/api/nextNumbers/11000_IA_2017_11"
        }
      }
    }, {
      "inputUserId" : "AUTO",
      "lastUpdateUserId" : "QSA",
      "computerId" : "AYOOKLIK",
      "companyId" : "11000",
      "documentOrBatchType" : "IA",
      "year" : 2017,
      "month" : 12,
      "nextSequence" : 0,
      "lastUpdateDateTime" : "2018-04-10T12:46:05",
      "inputDateTime" : "2018-04-03T00:00:00",
      "_links" : {
        "self" : {
          "href" : "http://localhost/api/nextNumbers/11000_IA_2017_12"
        },
        "nextNumber" : {
          "href" : "http://localhost/api/nextNumbers/11000_IA_2017_12"
        }
      }
    }, {
      "inputUserId" : "AUTO",
      "lastUpdateUserId" : "QSA",
      "computerId" : "AYOOKLIK",
      "companyId" : "11000",
      "documentOrBatchType" : "IA",
      "year" : 2018,
      "month" : 1,
      "nextSequence" : 0,
      "lastUpdateDateTime" : "2018-04-10T12:46:06",
      "inputDateTime" : "2018-03-21T00:00:00",
      "_links" : {
        "self" : {
          "href" : "http://localhost/api/nextNumbers/11000_IA_2018_1"
        },
        "nextNumber" : {
          "href" : "http://localhost/api/nextNumbers/11000_IA_2018_1"
        }
      }
    }, {
      "inputUserId" : "AUTO",
      "lastUpdateUserId" : "QSA",
      "computerId" : "AYOOKLIK",
      "companyId" : "11000",
      "documentOrBatchType" : "IA",
      "year" : 2018,
      "month" : 2,
      "nextSequence" : 0,
      "lastUpdateDateTime" : "2018-04-10T12:46:06",
      "inputDateTime" : "2018-02-20T00:00:00",
      "_links" : {
        "self" : {
          "href" : "http://localhost/api/nextNumbers/11000_IA_2018_2"
        },
        "nextNumber" : {
          "href" : "http://localhost/api/nextNumbers/11000_IA_2018_2"
        }
      }
    }, {
      "inputUserId" : "AUTO",
      "lastUpdateUserId" : "QSA",
      "computerId" : "AYOOKLIK",
      "companyId" : "11000",
      "documentOrBatchType" : "IA",
      "year" : 2018,
      "month" : 3,
      "nextSequence" : 0,
      "lastUpdateDateTime" : "2018-04-10T12:46:06",
      "inputDateTime" : "2018-03-14T00:00:00",
      "_links" : {
        "self" : {
          "href" : "http://localhost/api/nextNumbers/11000_IA_2018_3"
        },
        "nextNumber" : {
          "href" : "http://localhost/api/nextNumbers/11000_IA_2018_3"
        }
      }
    }, {
      "inputUserId" : "AUTO",
      "lastUpdateUserId" : "",
      "computerId" : "",
      "companyId" : "11000",
      "documentOrBatchType" : "IA",
      "year" : 2018,
      "month" : 4,
      "nextSequence" : 4,
      "lastUpdateDateTime" : null,
      "inputDateTime" : "2018-04-13T00:00:00",
      "_links" : {
        "self" : {
          "href" : "http://localhost/api/nextNumbers/11000_IA_2018_4"
        },
        "nextNumber" : {
          "href" : "http://localhost/api/nextNumbers/11000_IA_2018_4"
        }
      }
    }, {
      "inputUserId" : "AUTO",
      "lastUpdateUserId" : "",
      "computerId" : "",
      "companyId" : "11000",
      "documentOrBatchType" : "IA",
      "year" : 2018,
      "month" : 11,
      "nextSequence" : 3,
      "lastUpdateDateTime" : null,
      "inputDateTime" : "2018-11-13T00:00:00",
      "_links" : {
        "self" : {
          "href" : "http://localhost/api/nextNumbers/11000_IA_2018_11"
        },
        "nextNumber" : {
          "href" : "http://localhost/api/nextNumbers/11000_IA_2018_11"
        }
      }
    }, {
      "inputUserId" : "AUTO",
      "lastUpdateUserId" : "QSA",
      "computerId" : "AYOOKLIK",
      "companyId" : "11000",
      "documentOrBatchType" : "IO",
      "year" : 2018,
      "month" : 1,
      "nextSequence" : 2,
      "lastUpdateDateTime" : "2018-04-10T21:04:49",
      "inputDateTime" : "2018-01-06T00:00:00",
      "_links" : {
        "self" : {
          "href" : "http://localhost/api/nextNumbers/11000_IO_2018_1"
        },
        "nextNumber" : {
          "href" : "http://localhost/api/nextNumbers/11000_IO_2018_1"
        }
      }
    }, {
      "inputUserId" : "AUTO",
      "lastUpdateUserId" : "QSA",
      "computerId" : "AYOOKLIK",
      "companyId" : "11000",
      "documentOrBatchType" : "IO",
      "year" : 2018,
      "month" : 3,
      "nextSequence" : 0,
      "lastUpdateDateTime" : "2018-04-10T12:46:14",
      "inputDateTime" : "2018-03-26T00:00:00",
      "_links" : {
        "self" : {
          "href" : "http://localhost/api/nextNumbers/11000_IO_2018_3"
        },
        "nextNumber" : {
          "href" : "http://localhost/api/nextNumbers/11000_IO_2018_3"
        }
      }
    }, {
      "inputUserId" : "AUTO",
      "lastUpdateUserId" : "QSA",
      "computerId" : "AYOOKLIK",
      "companyId" : "11000",
      "documentOrBatchType" : "IT",
      "year" : 2017,
      "month" : 1,
      "nextSequence" : 0,
      "lastUpdateDateTime" : "2018-04-10T12:46:07",
      "inputDateTime" : "2017-11-24T00:00:00",
      "_links" : {
        "self" : {
          "href" : "http://localhost/api/nextNumbers/11000_IT_2017_1"
        },
        "nextNumber" : {
          "href" : "http://localhost/api/nextNumbers/11000_IT_2017_1"
        }
      }
    }, {
      "inputUserId" : "AUTO",
      "lastUpdateUserId" : "QSA",
      "computerId" : "AYOOKLIK",
      "companyId" : "11000",
      "documentOrBatchType" : "IT",
      "year" : 2017,
      "month" : 12,
      "nextSequence" : 0,
      "lastUpdateDateTime" : "2018-04-10T12:46:08",
      "inputDateTime" : "2017-12-04T00:00:00",
      "_links" : {
        "self" : {
          "href" : "http://localhost/api/nextNumbers/11000_IT_2017_12"
        },
        "nextNumber" : {
          "href" : "http://localhost/api/nextNumbers/11000_IT_2017_12"
        }
      }
    }, {
      "inputUserId" : "AUTO",
      "lastUpdateUserId" : "",
      "computerId" : "",
      "companyId" : "11000",
      "documentOrBatchType" : "IT",
      "year" : 2018,
      "month" : 4,
      "nextSequence" : 1,
      "lastUpdateDateTime" : null,
      "inputDateTime" : "2018-04-20T00:00:00",
      "_links" : {
        "self" : {
          "href" : "http://localhost/api/nextNumbers/11000_IT_2018_4"
        },
        "nextNumber" : {
          "href" : "http://localhost/api/nextNumbers/11000_IT_2018_4"
        }
      }
    }, {
      "inputUserId" : "AUTO",
      "lastUpdateUserId" : "QSA",
      "computerId" : "AYOOKLIK",
      "companyId" : "11000",
      "documentOrBatchType" : "JC",
      "year" : 2017,
      "month" : 11,
      "nextSequence" : 0,
      "lastUpdateDateTime" : "2018-04-10T12:46:08",
      "inputDateTime" : "2018-03-08T00:00:00",
      "_links" : {
        "self" : {
          "href" : "http://localhost/api/nextNumbers/11000_JC_2017_11"
        },
        "nextNumber" : {
          "href" : "http://localhost/api/nextNumbers/11000_JC_2017_11"
        }
      }
    }, {
      "inputUserId" : "AUTO",
      "lastUpdateUserId" : "QSA",
      "computerId" : "AYOOKLIK",
      "companyId" : "11000",
      "documentOrBatchType" : "JE",
      "year" : 2017,
      "month" : 10,
      "nextSequence" : 0,
      "lastUpdateDateTime" : "2018-04-10T12:46:09",
      "inputDateTime" : "2018-01-15T00:00:00",
      "_links" : {
        "self" : {
          "href" : "http://localhost/api/nextNumbers/11000_JE_2017_10"
        },
        "nextNumber" : {
          "href" : "http://localhost/api/nextNumbers/11000_JE_2017_10"
        }
      }
    }, {
      "inputUserId" : "AUTO",
      "lastUpdateUserId" : "QSA",
      "computerId" : "AYOOKLIK",
      "companyId" : "11000",
      "documentOrBatchType" : "JE",
      "year" : 2017,
      "month" : 11,
      "nextSequence" : 0,
      "lastUpdateDateTime" : "2018-04-10T12:46:09",
      "inputDateTime" : "2018-02-26T00:00:00",
      "_links" : {
        "self" : {
          "href" : "http://localhost/api/nextNumbers/11000_JE_2017_11"
        },
        "nextNumber" : {
          "href" : "http://localhost/api/nextNumbers/11000_JE_2017_11"
        }
      }
    }, {
      "inputUserId" : "AUTO",
      "lastUpdateUserId" : "QSA",
      "computerId" : "AYOOKLIK",
      "companyId" : "11000",
      "documentOrBatchType" : "JE",
      "year" : 2018,
      "month" : 2,
      "nextSequence" : 0,
      "lastUpdateDateTime" : "2018-04-10T12:46:10",
      "inputDateTime" : "2018-02-05T00:00:00",
      "_links" : {
        "self" : {
          "href" : "http://localhost/api/nextNumbers/11000_JE_2018_2"
        },
        "nextNumber" : {
          "href" : "http://localhost/api/nextNumbers/11000_JE_2018_2"
        }
      }
    }, {
      "inputUserId" : "AUTO",
      "lastUpdateUserId" : "QSA",
      "computerId" : "AYOOKLIK",
      "companyId" : "11000",
      "documentOrBatchType" : "JE",
      "year" : 2018,
      "month" : 3,
      "nextSequence" : 0,
      "lastUpdateDateTime" : "2018-04-10T12:46:10",
      "inputDateTime" : "2018-03-09T00:00:00",
      "_links" : {
        "self" : {
          "href" : "http://localhost/api/nextNumbers/11000_JE_2018_3"
        },
        "nextNumber" : {
          "href" : "http://localhost/api/nextNumbers/11000_JE_2018_3"
        }
      }
    }, {
      "inputUserId" : "AUTO",
      "lastUpdateUserId" : "",
      "computerId" : "",
      "companyId" : "11000",
      "documentOrBatchType" : "JE",
      "year" : 2018,
      "month" : 4,
      "nextSequence" : 13,
      "lastUpdateDateTime" : null,
      "inputDateTime" : "2018-04-17T00:00:00",
      "_links" : {
        "self" : {
          "href" : "http://localhost/api/nextNumbers/11000_JE_2018_4"
        },
        "nextNumber" : {
          "href" : "http://localhost/api/nextNumbers/11000_JE_2018_4"
        }
      }
    }, {
      "inputUserId" : "AUTO",
      "lastUpdateUserId" : "",
      "computerId" : "",
      "companyId" : "11000",
      "documentOrBatchType" : "JE",
      "year" : 2018,
      "month" : 8,
      "nextSequence" : 4,
      "lastUpdateDateTime" : null,
      "inputDateTime" : "2018-08-24T00:00:00",
      "_links" : {
        "self" : {
          "href" : "http://localhost/api/nextNumbers/11000_JE_2018_8"
        },
        "nextNumber" : {
          "href" : "http://localhost/api/nextNumbers/11000_JE_2018_8"
        }
      }
    }, {
      "inputUserId" : "AUTO",
      "lastUpdateUserId" : "QSA",
      "computerId" : "AYOOKLIK",
      "companyId" : "11000",
      "documentOrBatchType" : "JO",
      "year" : 2017,
      "month" : 1,
      "nextSequence" : 0,
      "lastUpdateDateTime" : "2018-04-10T12:46:10",
      "inputDateTime" : "2017-11-14T00:00:00",
      "_links" : {
        "self" : {
          "href" : "http://localhost/api/nextNumbers/11000_JO_2017_1"
        },
        "nextNumber" : {
          "href" : "http://localhost/api/nextNumbers/11000_JO_2017_1"
        }
      }
    }, {
      "inputUserId" : "AUTO",
      "lastUpdateUserId" : "QSA",
      "computerId" : "AYOOKLIK",
      "companyId" : "11000",
      "documentOrBatchType" : "KK",
      "year" : 2017,
      "month" : 11,
      "nextSequence" : 0,
      "lastUpdateDateTime" : "2018-04-10T12:46:11",
      "inputDateTime" : "2018-02-14T00:00:00",
      "_links" : {
        "self" : {
          "href" : "http://localhost/api/nextNumbers/11000_KK_2017_11"
        },
        "nextNumber" : {
          "href" : "http://localhost/api/nextNumbers/11000_KK_2017_11"
        }
      }
    }, {
      "inputUserId" : "AUTO",
      "lastUpdateUserId" : "QSA",
      "computerId" : "AYOOKLIK",
      "companyId" : "11000",
      "documentOrBatchType" : "KK",
      "year" : 2017,
      "month" : 12,
      "nextSequence" : 0,
      "lastUpdateDateTime" : "2018-04-10T12:46:11",
      "inputDateTime" : "2018-02-22T00:00:00",
      "_links" : {
        "self" : {
          "href" : "http://localhost/api/nextNumbers/11000_KK_2017_12"
        },
        "nextNumber" : {
          "href" : "http://localhost/api/nextNumbers/11000_KK_2017_12"
        }
      }
    }, {
      "inputUserId" : "AUTO",
      "lastUpdateUserId" : "QSA",
      "computerId" : "AYOOKLIK",
      "companyId" : "11000",
      "documentOrBatchType" : "KK",
      "year" : 2018,
      "month" : 1,
      "nextSequence" : 0,
      "lastUpdateDateTime" : "2018-04-10T12:46:18",
      "inputDateTime" : "2018-01-05T00:00:00",
      "_links" : {
        "self" : {
          "href" : "http://localhost/api/nextNumbers/11000_KK_2018_1"
        },
        "nextNumber" : {
          "href" : "http://localhost/api/nextNumbers/11000_KK_2018_1"
        }
      }
    }, {
      "inputUserId" : "AUTO",
      "lastUpdateUserId" : "QSA",
      "computerId" : "AYOOKLIK",
      "companyId" : "11000",
      "documentOrBatchType" : "KK",
      "year" : 2018,
      "month" : 2,
      "nextSequence" : 0,
      "lastUpdateDateTime" : "2018-04-10T12:46:19",
      "inputDateTime" : "2018-02-21T00:00:00",
      "_links" : {
        "self" : {
          "href" : "http://localhost/api/nextNumbers/11000_KK_2018_2"
        },
        "nextNumber" : {
          "href" : "http://localhost/api/nextNumbers/11000_KK_2018_2"
        }
      }
    }, {
      "inputUserId" : "AUTO",
      "lastUpdateUserId" : "",
      "computerId" : "",
      "companyId" : "11000",
      "documentOrBatchType" : "KK",
      "year" : 2018,
      "month" : 4,
      "nextSequence" : 4,
      "lastUpdateDateTime" : null,
      "inputDateTime" : "2018-04-18T00:00:00",
      "_links" : {
        "self" : {
          "href" : "http://localhost/api/nextNumbers/11000_KK_2018_4"
        },
        "nextNumber" : {
          "href" : "http://localhost/api/nextNumbers/11000_KK_2018_4"
        }
      }
    }, {
      "inputUserId" : "AUTO",
      "lastUpdateUserId" : "QSA",
      "computerId" : "AYOOKLIK",
      "companyId" : "11000",
      "documentOrBatchType" : "KM",
      "year" : 2017,
      "month" : 10,
      "nextSequence" : 0,
      "lastUpdateDateTime" : "2018-04-10T12:46:20",
      "inputDateTime" : "2018-02-21T00:00:00",
      "_links" : {
        "self" : {
          "href" : "http://localhost/api/nextNumbers/11000_KM_2017_10"
        },
        "nextNumber" : {
          "href" : "http://localhost/api/nextNumbers/11000_KM_2017_10"
        }
      }
    }, {
      "inputUserId" : "AUTO",
      "lastUpdateUserId" : "QSA",
      "computerId" : "AYOOKLIK",
      "companyId" : "11000",
      "documentOrBatchType" : "KM",
      "year" : 2017,
      "month" : 11,
      "nextSequence" : 0,
      "lastUpdateDateTime" : "2018-04-10T12:46:20",
      "inputDateTime" : "2018-02-14T00:00:00",
      "_links" : {
        "self" : {
          "href" : "http://localhost/api/nextNumbers/11000_KM_2017_11"
        },
        "nextNumber" : {
          "href" : "http://localhost/api/nextNumbers/11000_KM_2017_11"
        }
      }
    }, {
      "inputUserId" : "AUTO",
      "lastUpdateUserId" : "QSA",
      "computerId" : "AYOOKLIK",
      "companyId" : "11000",
      "documentOrBatchType" : "KM",
      "year" : 2017,
      "month" : 12,
      "nextSequence" : 0,
      "lastUpdateDateTime" : "2018-04-10T12:46:20",
      "inputDateTime" : "2018-02-22T00:00:00",
      "_links" : {
        "self" : {
          "href" : "http://localhost/api/nextNumbers/11000_KM_2017_12"
        },
        "nextNumber" : {
          "href" : "http://localhost/api/nextNumbers/11000_KM_2017_12"
        }
      }
    }, {
      "inputUserId" : "AUTO",
      "lastUpdateUserId" : "QSA",
      "computerId" : "AYOOKLIK",
      "companyId" : "11000",
      "documentOrBatchType" : "KM",
      "year" : 2018,
      "month" : 1,
      "nextSequence" : 0,
      "lastUpdateDateTime" : "2018-04-10T12:46:21",
      "inputDateTime" : "2018-02-21T00:00:00",
      "_links" : {
        "self" : {
          "href" : "http://localhost/api/nextNumbers/11000_KM_2018_1"
        },
        "nextNumber" : {
          "href" : "http://localhost/api/nextNumbers/11000_KM_2018_1"
        }
      }
    }, {
      "inputUserId" : "AUTO",
      "lastUpdateUserId" : "QSA",
      "computerId" : "AYOOKLIK",
      "companyId" : "11000",
      "documentOrBatchType" : "KM",
      "year" : 2018,
      "month" : 2,
      "nextSequence" : 0,
      "lastUpdateDateTime" : "2018-04-10T12:46:21",
      "inputDateTime" : "2018-02-14T00:00:00",
      "_links" : {
        "self" : {
          "href" : "http://localhost/api/nextNumbers/11000_KM_2018_2"
        },
        "nextNumber" : {
          "href" : "http://localhost/api/nextNumbers/11000_KM_2018_2"
        }
      }
    }, {
      "inputUserId" : "AUTO",
      "lastUpdateUserId" : "",
      "computerId" : "",
      "companyId" : "11000",
      "documentOrBatchType" : "KM",
      "year" : 2018,
      "month" : 8,
      "nextSequence" : 5,
      "lastUpdateDateTime" : null,
      "inputDateTime" : "2018-08-27T00:00:00",
      "_links" : {
        "self" : {
          "href" : "http://localhost/api/nextNumbers/11000_KM_2018_8"
        },
        "nextNumber" : {
          "href" : "http://localhost/api/nextNumbers/11000_KM_2018_8"
        }
      }
    }, {
      "inputUserId" : "AUTO",
      "lastUpdateUserId" : "QSA",
      "computerId" : "AYOOKLIK",
      "companyId" : "11000",
      "documentOrBatchType" : "OP",
      "year" : 2017,
      "month" : 1,
      "nextSequence" : 0,
      "lastUpdateDateTime" : "2018-04-10T12:46:21",
      "inputDateTime" : "2017-11-14T00:00:00",
      "_links" : {
        "self" : {
          "href" : "http://localhost/api/nextNumbers/11000_OP_2017_1"
        },
        "nextNumber" : {
          "href" : "http://localhost/api/nextNumbers/11000_OP_2017_1"
        }
      }
    }, {
      "inputUserId" : "AUTO",
      "lastUpdateUserId" : "QSA",
      "computerId" : "AYOOKLIK",
      "companyId" : "11000",
      "documentOrBatchType" : "OP",
      "year" : 2017,
      "month" : 10,
      "nextSequence" : 0,
      "lastUpdateDateTime" : "2018-04-10T12:46:22",
      "inputDateTime" : "2018-01-12T00:00:00",
      "_links" : {
        "self" : {
          "href" : "http://localhost/api/nextNumbers/11000_OP_2017_10"
        },
        "nextNumber" : {
          "href" : "http://localhost/api/nextNumbers/11000_OP_2017_10"
        }
      }
    }, {
      "inputUserId" : "AUTO",
      "lastUpdateUserId" : "QSA",
      "computerId" : "AYOOKLIK",
      "companyId" : "11000",
      "documentOrBatchType" : "OP",
      "year" : 2017,
      "month" : 11,
      "nextSequence" : 0,
      "lastUpdateDateTime" : "2018-04-10T12:46:22",
      "inputDateTime" : "2018-01-08T00:00:00",
      "_links" : {
        "self" : {
          "href" : "http://localhost/api/nextNumbers/11000_OP_2017_11"
        },
        "nextNumber" : {
          "href" : "http://localhost/api/nextNumbers/11000_OP_2017_11"
        }
      }
    }, {
      "inputUserId" : "AUTO",
      "lastUpdateUserId" : "QSA",
      "computerId" : "AYOOKLIK",
      "companyId" : "11000",
      "documentOrBatchType" : "OP",
      "year" : 2017,
      "month" : 12,
      "nextSequence" : 0,
      "lastUpdateDateTime" : "2018-04-10T12:46:22",
      "inputDateTime" : "2017-12-04T00:00:00",
      "_links" : {
        "self" : {
          "href" : "http://localhost/api/nextNumbers/11000_OP_2017_12"
        },
        "nextNumber" : {
          "href" : "http://localhost/api/nextNumbers/11000_OP_2017_12"
        }
      }
    }, {
      "inputUserId" : "AUTO",
      "lastUpdateUserId" : "QSA",
      "computerId" : "AYOOKLIK",
      "companyId" : "11000",
      "documentOrBatchType" : "OP",
      "year" : 2018,
      "month" : 1,
      "nextSequence" : 0,
      "lastUpdateDateTime" : "2018-04-10T12:46:23",
      "inputDateTime" : "2018-01-19T00:00:00",
      "_links" : {
        "self" : {
          "href" : "http://localhost/api/nextNumbers/11000_OP_2018_1"
        },
        "nextNumber" : {
          "href" : "http://localhost/api/nextNumbers/11000_OP_2018_1"
        }
      }
    }, {
      "inputUserId" : "AUTO",
      "lastUpdateUserId" : "QSA",
      "computerId" : "AYOOKLIK",
      "companyId" : "11000",
      "documentOrBatchType" : "OP",
      "year" : 2018,
      "month" : 2,
      "nextSequence" : 0,
      "lastUpdateDateTime" : "2018-04-10T12:46:26",
      "inputDateTime" : "2018-02-05T00:00:00",
      "_links" : {
        "self" : {
          "href" : "http://localhost/api/nextNumbers/11000_OP_2018_2"
        },
        "nextNumber" : {
          "href" : "http://localhost/api/nextNumbers/11000_OP_2018_2"
        }
      }
    }, {
      "inputUserId" : "AUTO",
      "lastUpdateUserId" : "QSA",
      "computerId" : "AYOOKLIK",
      "companyId" : "11000",
      "documentOrBatchType" : "OP",
      "year" : 2018,
      "month" : 3,
      "nextSequence" : 0,
      "lastUpdateDateTime" : "2018-04-10T12:46:26",
      "inputDateTime" : "2018-03-01T00:00:00",
      "_links" : {
        "self" : {
          "href" : "http://localhost/api/nextNumbers/11000_OP_2018_3"
        },
        "nextNumber" : {
          "href" : "http://localhost/api/nextNumbers/11000_OP_2018_3"
        }
      }
    }, {
      "inputUserId" : "AUTO",
      "lastUpdateUserId" : "QSA",
      "computerId" : "AYOOKLIK",
      "companyId" : "11000",
      "documentOrBatchType" : "OP",
      "year" : 2018,
      "month" : 4,
      "nextSequence" : 196,
      "lastUpdateDateTime" : "2018-04-10T12:46:27",
      "inputDateTime" : "2018-04-02T00:00:00",
      "_links" : {
        "self" : {
          "href" : "http://localhost/api/nextNumbers/11000_OP_2018_4"
        },
        "nextNumber" : {
          "href" : "http://localhost/api/nextNumbers/11000_OP_2018_4"
        }
      }
    }, {
      "inputUserId" : "AUTO",
      "lastUpdateUserId" : "",
      "computerId" : "",
      "companyId" : "11000",
      "documentOrBatchType" : "OP",
      "year" : 2018,
      "month" : 8,
      "nextSequence" : 12,
      "lastUpdateDateTime" : null,
      "inputDateTime" : "2018-08-28T00:00:00",
      "_links" : {
        "self" : {
          "href" : "http://localhost/api/nextNumbers/11000_OP_2018_8"
        },
        "nextNumber" : {
          "href" : "http://localhost/api/nextNumbers/11000_OP_2018_8"
        }
      }
    }, {
      "inputUserId" : "AUTO",
      "lastUpdateUserId" : "QSA",
      "computerId" : "AYOOKLIK",
      "companyId" : "11000",
      "documentOrBatchType" : "OR",
      "year" : 2017,
      "month" : 11,
      "nextSequence" : 0,
      "lastUpdateDateTime" : "2018-04-10T12:46:27",
      "inputDateTime" : "2018-04-05T00:00:00",
      "_links" : {
        "self" : {
          "href" : "http://localhost/api/nextNumbers/11000_OR_2017_11"
        },
        "nextNumber" : {
          "href" : "http://localhost/api/nextNumbers/11000_OR_2017_11"
        }
      }
    }, {
      "inputUserId" : "AUTO",
      "lastUpdateUserId" : "",
      "computerId" : "",
      "companyId" : "11000",
      "documentOrBatchType" : "OR",
      "year" : 2018,
      "month" : 4,
      "nextSequence" : 0,
      "lastUpdateDateTime" : null,
      "inputDateTime" : "2018-04-27T00:00:00",
      "_links" : {
        "self" : {
          "href" : "http://localhost/api/nextNumbers/11000_OR_2018_4"
        },
        "nextNumber" : {
          "href" : "http://localhost/api/nextNumbers/11000_OR_2018_4"
        }
      }
    }, {
      "inputUserId" : "AUTO",
      "lastUpdateUserId" : "QSA",
      "computerId" : "AYOOKLIK",
      "companyId" : "11000",
      "documentOrBatchType" : "OV",
      "year" : 2017,
      "month" : 1,
      "nextSequence" : 0,
      "lastUpdateDateTime" : "2018-04-10T12:46:28",
      "inputDateTime" : "2017-11-14T00:00:00",
      "_links" : {
        "self" : {
          "href" : "http://localhost/api/nextNumbers/11000_OV_2017_1"
        },
        "nextNumber" : {
          "href" : "http://localhost/api/nextNumbers/11000_OV_2017_1"
        }
      }
    }, {
      "inputUserId" : "AUTO",
      "lastUpdateUserId" : "QSA",
      "computerId" : "AYOOKLIK",
      "companyId" : "11000",
      "documentOrBatchType" : "OV",
      "year" : 2017,
      "month" : 10,
      "nextSequence" : 0,
      "lastUpdateDateTime" : "2018-04-10T12:46:30",
      "inputDateTime" : "2018-02-27T00:00:00",
      "_links" : {
        "self" : {
          "href" : "http://localhost/api/nextNumbers/11000_OV_2017_10"
        },
        "nextNumber" : {
          "href" : "http://localhost/api/nextNumbers/11000_OV_2017_10"
        }
      }
    }, {
      "inputUserId" : "AUTO",
      "lastUpdateUserId" : "QSA",
      "computerId" : "AYOOKLIK",
      "companyId" : "11000",
      "documentOrBatchType" : "OV",
      "year" : 2017,
      "month" : 11,
      "nextSequence" : 0,
      "lastUpdateDateTime" : "2018-04-10T12:46:30",
      "inputDateTime" : "2018-01-12T00:00:00",
      "_links" : {
        "self" : {
          "href" : "http://localhost/api/nextNumbers/11000_OV_2017_11"
        },
        "nextNumber" : {
          "href" : "http://localhost/api/nextNumbers/11000_OV_2017_11"
        }
      }
    }, {
      "inputUserId" : "AUTO",
      "lastUpdateUserId" : "QSA",
      "computerId" : "AYOOKLIK",
      "companyId" : "11000",
      "documentOrBatchType" : "OV",
      "year" : 2017,
      "month" : 12,
      "nextSequence" : 0,
      "lastUpdateDateTime" : "2018-04-10T12:46:30",
      "inputDateTime" : "2017-12-04T00:00:00",
      "_links" : {
        "self" : {
          "href" : "http://localhost/api/nextNumbers/11000_OV_2017_12"
        },
        "nextNumber" : {
          "href" : "http://localhost/api/nextNumbers/11000_OV_2017_12"
        }
      }
    }, {
      "inputUserId" : "AUTO",
      "lastUpdateUserId" : "QSA",
      "computerId" : "AYOOKLIK",
      "companyId" : "11000",
      "documentOrBatchType" : "OV",
      "year" : 2018,
      "month" : 1,
      "nextSequence" : 0,
      "lastUpdateDateTime" : "2018-04-10T12:46:34",
      "inputDateTime" : "2018-01-15T00:00:00",
      "_links" : {
        "self" : {
          "href" : "http://localhost/api/nextNumbers/11000_OV_2018_1"
        },
        "nextNumber" : {
          "href" : "http://localhost/api/nextNumbers/11000_OV_2018_1"
        }
      }
    }, {
      "inputUserId" : "AUTO",
      "lastUpdateUserId" : "QSA",
      "computerId" : "AYOOKLIK",
      "companyId" : "11000",
      "documentOrBatchType" : "OV",
      "year" : 2018,
      "month" : 2,
      "nextSequence" : 0,
      "lastUpdateDateTime" : "2018-04-10T12:46:35",
      "inputDateTime" : "2018-02-08T00:00:00",
      "_links" : {
        "self" : {
          "href" : "http://localhost/api/nextNumbers/11000_OV_2018_2"
        },
        "nextNumber" : {
          "href" : "http://localhost/api/nextNumbers/11000_OV_2018_2"
        }
      }
    }, {
      "inputUserId" : "AUTO",
      "lastUpdateUserId" : "QSA",
      "computerId" : "AYOOKLIK",
      "companyId" : "11000",
      "documentOrBatchType" : "OV",
      "year" : 2018,
      "month" : 3,
      "nextSequence" : 0,
      "lastUpdateDateTime" : "2018-04-10T12:46:31",
      "inputDateTime" : "2018-03-09T00:00:00",
      "_links" : {
        "self" : {
          "href" : "http://localhost/api/nextNumbers/11000_OV_2018_3"
        },
        "nextNumber" : {
          "href" : "http://localhost/api/nextNumbers/11000_OV_2018_3"
        }
      }
    }, {
      "inputUserId" : "AUTO",
      "lastUpdateUserId" : "QSA",
      "computerId" : "AYOOKLIK",
      "companyId" : "11000",
      "documentOrBatchType" : "OV",
      "year" : 2018,
      "month" : 4,
      "nextSequence" : 194,
      "lastUpdateDateTime" : "2018-04-10T12:46:31",
      "inputDateTime" : "2018-04-05T00:00:00",
      "_links" : {
        "self" : {
          "href" : "http://localhost/api/nextNumbers/11000_OV_2018_4"
        },
        "nextNumber" : {
          "href" : "http://localhost/api/nextNumbers/11000_OV_2018_4"
        }
      }
    }, {
      "inputUserId" : "AUTO",
      "lastUpdateUserId" : "",
      "computerId" : "",
      "companyId" : "11000",
      "documentOrBatchType" : "OV",
      "year" : 2018,
      "month" : 10,
      "nextSequence" : 0,
      "lastUpdateDateTime" : null,
      "inputDateTime" : "2018-10-26T00:00:00",
      "_links" : {
        "self" : {
          "href" : "http://localhost/api/nextNumbers/11000_OV_2018_10"
        },
        "nextNumber" : {
          "href" : "http://localhost/api/nextNumbers/11000_OV_2018_10"
        }
      }
    }, {
      "inputUserId" : "AUTO",
      "lastUpdateUserId" : "QSA",
      "computerId" : "AYOOKLIK",
      "companyId" : "11000",
      "documentOrBatchType" : "PC",
      "year" : 2017,
      "month" : 1,
      "nextSequence" : 0,
      "lastUpdateDateTime" : "2018-04-10T12:46:36",
      "inputDateTime" : "2017-11-14T00:00:00",
      "_links" : {
        "self" : {
          "href" : "http://localhost/api/nextNumbers/11000_PC_2017_1"
        },
        "nextNumber" : {
          "href" : "http://localhost/api/nextNumbers/11000_PC_2017_1"
        }
      }
    }, {
      "inputUserId" : "AUTO",
      "lastUpdateUserId" : "QSA",
      "computerId" : "AYOOKLIK",
      "companyId" : "11000",
      "documentOrBatchType" : "PC",
      "year" : 2017,
      "month" : 11,
      "nextSequence" : 0,
      "lastUpdateDateTime" : "2018-04-10T12:46:36",
      "inputDateTime" : "2018-02-10T00:00:00",
      "_links" : {
        "self" : {
          "href" : "http://localhost/api/nextNumbers/11000_PC_2017_11"
        },
        "nextNumber" : {
          "href" : "http://localhost/api/nextNumbers/11000_PC_2017_11"
        }
      }
    }, {
      "inputUserId" : "AUTO",
      "lastUpdateUserId" : "QSA",
      "computerId" : "AYOOKLIK",
      "companyId" : "11000",
      "documentOrBatchType" : "PC",
      "year" : 2017,
      "month" : 12,
      "nextSequence" : 0,
      "lastUpdateDateTime" : "2018-04-10T12:46:39",
      "inputDateTime" : "2018-02-22T00:00:00",
      "_links" : {
        "self" : {
          "href" : "http://localhost/api/nextNumbers/11000_PC_2017_12"
        },
        "nextNumber" : {
          "href" : "http://localhost/api/nextNumbers/11000_PC_2017_12"
        }
      }
    }, {
      "inputUserId" : "AUTO",
      "lastUpdateUserId" : "QSA",
      "computerId" : "AYOOKLIK",
      "companyId" : "11000",
      "documentOrBatchType" : "PC",
      "year" : 2018,
      "month" : 1,
      "nextSequence" : 0,
      "lastUpdateDateTime" : "2018-04-10T12:46:37",
      "inputDateTime" : "2018-02-14T00:00:00",
      "_links" : {
        "self" : {
          "href" : "http://localhost/api/nextNumbers/11000_PC_2018_1"
        },
        "nextNumber" : {
          "href" : "http://localhost/api/nextNumbers/11000_PC_2018_1"
        }
      }
    }, {
      "inputUserId" : "AUTO",
      "lastUpdateUserId" : "QSA",
      "computerId" : "AYOOKLIK",
      "companyId" : "11000",
      "documentOrBatchType" : "PC",
      "year" : 2018,
      "month" : 2,
      "nextSequence" : 0,
      "lastUpdateDateTime" : "2018-04-10T12:46:38",
      "inputDateTime" : "2018-02-11T00:00:00",
      "_links" : {
        "self" : {
          "href" : "http://localhost/api/nextNumbers/11000_PC_2018_2"
        },
        "nextNumber" : {
          "href" : "http://localhost/api/nextNumbers/11000_PC_2018_2"
        }
      }
    }, {
      "inputUserId" : "AUTO",
      "lastUpdateUserId" : "QSA",
      "computerId" : "AYOOKLIK",
      "companyId" : "11000",
      "documentOrBatchType" : "PC",
      "year" : 2018,
      "month" : 3,
      "nextSequence" : 0,
      "lastUpdateDateTime" : "2018-04-10T12:46:46",
      "inputDateTime" : "2018-03-09T00:00:00",
      "_links" : {
        "self" : {
          "href" : "http://localhost/api/nextNumbers/11000_PC_2018_3"
        },
        "nextNumber" : {
          "href" : "http://localhost/api/nextNumbers/11000_PC_2018_3"
        }
      }
    }, {
      "inputUserId" : "AUTO",
      "lastUpdateUserId" : "",
      "computerId" : "",
      "companyId" : "11000",
      "documentOrBatchType" : "PC",
      "year" : 2018,
      "month" : 4,
      "nextSequence" : 33,
      "lastUpdateDateTime" : null,
      "inputDateTime" : "2018-04-10T00:00:00",
      "_links" : {
        "self" : {
          "href" : "http://localhost/api/nextNumbers/11000_PC_2018_4"
        },
        "nextNumber" : {
          "href" : "http://localhost/api/nextNumbers/11000_PC_2018_4"
        }
      }
    }, {
      "inputUserId" : "AUTO",
      "lastUpdateUserId" : "QSA",
      "computerId" : "AYOOKLIK",
      "companyId" : "11000",
      "documentOrBatchType" : "PP",
      "year" : 2017,
      "month" : 1,
      "nextSequence" : 0,
      "lastUpdateDateTime" : "2018-04-10T12:46:47",
      "inputDateTime" : "2017-11-14T00:00:00",
      "_links" : {
        "self" : {
          "href" : "http://localhost/api/nextNumbers/11000_PP_2017_1"
        },
        "nextNumber" : {
          "href" : "http://localhost/api/nextNumbers/11000_PP_2017_1"
        }
      }
    }, {
      "inputUserId" : "AUTO",
      "lastUpdateUserId" : "QSA",
      "computerId" : "AYOOKLIK",
      "companyId" : "11000",
      "documentOrBatchType" : "PP",
      "year" : 2018,
      "month" : 1,
      "nextSequence" : 0,
      "lastUpdateDateTime" : "2018-04-10T12:46:47",
      "inputDateTime" : "2018-04-05T00:00:00",
      "_links" : {
        "self" : {
          "href" : "http://localhost/api/nextNumbers/11000_PP_2018_1"
        },
        "nextNumber" : {
          "href" : "http://localhost/api/nextNumbers/11000_PP_2018_1"
        }
      }
    }, {
      "inputUserId" : "AUTO",
      "lastUpdateUserId" : "QSA",
      "computerId" : "AYOOKLIK",
      "companyId" : "11000",
      "documentOrBatchType" : "PV",
      "year" : 2017,
      "month" : 1,
      "nextSequence" : 0,
      "lastUpdateDateTime" : "2018-04-10T12:46:48",
      "inputDateTime" : "2017-11-14T00:00:00",
      "_links" : {
        "self" : {
          "href" : "http://localhost/api/nextNumbers/11000_PV_2017_1"
        },
        "nextNumber" : {
          "href" : "http://localhost/api/nextNumbers/11000_PV_2017_1"
        }
      }
    }, {
      "inputUserId" : "AUTO",
      "lastUpdateUserId" : "QSA",
      "computerId" : "AYOOKLIK",
      "companyId" : "11000",
      "documentOrBatchType" : "PV",
      "year" : 2017,
      "month" : 10,
      "nextSequence" : 0,
      "lastUpdateDateTime" : "2018-04-10T12:46:48",
      "inputDateTime" : "2018-01-15T00:00:00",
      "_links" : {
        "self" : {
          "href" : "http://localhost/api/nextNumbers/11000_PV_2017_10"
        },
        "nextNumber" : {
          "href" : "http://localhost/api/nextNumbers/11000_PV_2017_10"
        }
      }
    }, {
      "inputUserId" : "AUTO",
      "lastUpdateUserId" : "QSA",
      "computerId" : "AYOOKLIK",
      "companyId" : "11000",
      "documentOrBatchType" : "PV",
      "year" : 2017,
      "month" : 11,
      "nextSequence" : 0,
      "lastUpdateDateTime" : "2018-04-10T12:46:48",
      "inputDateTime" : "2018-01-29T00:00:00",
      "_links" : {
        "self" : {
          "href" : "http://localhost/api/nextNumbers/11000_PV_2017_11"
        },
        "nextNumber" : {
          "href" : "http://localhost/api/nextNumbers/11000_PV_2017_11"
        }
      }
    }, {
      "inputUserId" : "AUTO",
      "lastUpdateUserId" : "QSA",
      "computerId" : "AYOOKLIK",
      "companyId" : "11000",
      "documentOrBatchType" : "PV",
      "year" : 2017,
      "month" : 12,
      "nextSequence" : 0,
      "lastUpdateDateTime" : "2018-04-10T12:46:49",
      "inputDateTime" : "2018-02-19T00:00:00",
      "_links" : {
        "self" : {
          "href" : "http://localhost/api/nextNumbers/11000_PV_2017_12"
        },
        "nextNumber" : {
          "href" : "http://localhost/api/nextNumbers/11000_PV_2017_12"
        }
      }
    }, {
      "inputUserId" : "AUTO",
      "lastUpdateUserId" : "QSA",
      "computerId" : "AYOOKLIK",
      "companyId" : "11000",
      "documentOrBatchType" : "PV",
      "year" : 2018,
      "month" : 1,
      "nextSequence" : 0,
      "lastUpdateDateTime" : "2018-04-10T12:46:49",
      "inputDateTime" : "2018-01-26T00:00:00",
      "_links" : {
        "self" : {
          "href" : "http://localhost/api/nextNumbers/11000_PV_2018_1"
        },
        "nextNumber" : {
          "href" : "http://localhost/api/nextNumbers/11000_PV_2018_1"
        }
      }
    }, {
      "inputUserId" : "AUTO",
      "lastUpdateUserId" : "QSA",
      "computerId" : "AYOOKLIK",
      "companyId" : "11000",
      "documentOrBatchType" : "PV",
      "year" : 2018,
      "month" : 2,
      "nextSequence" : 0,
      "lastUpdateDateTime" : "2018-04-10T12:46:49",
      "inputDateTime" : "2018-02-19T00:00:00",
      "_links" : {
        "self" : {
          "href" : "http://localhost/api/nextNumbers/11000_PV_2018_2"
        },
        "nextNumber" : {
          "href" : "http://localhost/api/nextNumbers/11000_PV_2018_2"
        }
      }
    }, {
      "inputUserId" : "AUTO",
      "lastUpdateUserId" : "QSA",
      "computerId" : "AYOOKLIK",
      "companyId" : "11000",
      "documentOrBatchType" : "PV",
      "year" : 2018,
      "month" : 3,
      "nextSequence" : 0,
      "lastUpdateDateTime" : "2018-04-10T12:46:50",
      "inputDateTime" : "2018-03-09T00:00:00",
      "_links" : {
        "self" : {
          "href" : "http://localhost/api/nextNumbers/11000_PV_2018_3"
        },
        "nextNumber" : {
          "href" : "http://localhost/api/nextNumbers/11000_PV_2018_3"
        }
      }
    }, {
      "inputUserId" : "AUTO",
      "lastUpdateUserId" : "QSA",
      "computerId" : "AYOOKLIK",
      "companyId" : "11000",
      "documentOrBatchType" : "PV",
      "year" : 2018,
      "month" : 4,
      "nextSequence" : 155,
      "lastUpdateDateTime" : "2018-04-10T12:46:50",
      "inputDateTime" : "2018-04-09T00:00:00",
      "_links" : {
        "self" : {
          "href" : "http://localhost/api/nextNumbers/11000_PV_2018_4"
        },
        "nextNumber" : {
          "href" : "http://localhost/api/nextNumbers/11000_PV_2018_4"
        }
      }
    }, {
      "inputUserId" : "AUTO",
      "lastUpdateUserId" : "",
      "computerId" : "",
      "companyId" : "11000",
      "documentOrBatchType" : "PV",
      "year" : 2018,
      "month" : 8,
      "nextSequence" : 4,
      "lastUpdateDateTime" : null,
      "inputDateTime" : "2018-08-20T00:00:00",
      "_links" : {
        "self" : {
          "href" : "http://localhost/api/nextNumbers/11000_PV_2018_8"
        },
        "nextNumber" : {
          "href" : "http://localhost/api/nextNumbers/11000_PV_2018_8"
        }
      }
    }, {
      "inputUserId" : "AUTO",
      "lastUpdateUserId" : "QSA",
      "computerId" : "AYOOKLIK",
      "companyId" : "11000",
      "documentOrBatchType" : "RC",
      "year" : 2017,
      "month" : 1,
      "nextSequence" : 0,
      "lastUpdateDateTime" : "2018-04-10T12:46:50",
      "inputDateTime" : "2017-11-14T00:00:00",
      "_links" : {
        "self" : {
          "href" : "http://localhost/api/nextNumbers/11000_RC_2017_1"
        },
        "nextNumber" : {
          "href" : "http://localhost/api/nextNumbers/11000_RC_2017_1"
        }
      }
    }, {
      "inputUserId" : "AUTO",
      "lastUpdateUserId" : "QSA",
      "computerId" : "AYOOKLIK",
      "companyId" : "11000",
      "documentOrBatchType" : "RC",
      "year" : 2018,
      "month" : 1,
      "nextSequence" : 585,
      "lastUpdateDateTime" : "2018-04-10T12:46:51",
      "inputDateTime" : "2018-02-07T00:00:00",
      "_links" : {
        "self" : {
          "href" : "http://localhost/api/nextNumbers/11000_RC_2018_1"
        },
        "nextNumber" : {
          "href" : "http://localhost/api/nextNumbers/11000_RC_2018_1"
        }
      }
    }, {
      "inputUserId" : "AUTO",
      "lastUpdateUserId" : "QSA",
      "computerId" : "AYOOKLIK",
      "companyId" : "11000",
      "documentOrBatchType" : "RD",
      "year" : 2017,
      "month" : 1,
      "nextSequence" : 0,
      "lastUpdateDateTime" : "2018-04-10T12:46:51",
      "inputDateTime" : "2017-11-14T00:00:00",
      "_links" : {
        "self" : {
          "href" : "http://localhost/api/nextNumbers/11000_RD_2017_1"
        },
        "nextNumber" : {
          "href" : "http://localhost/api/nextNumbers/11000_RD_2017_1"
        }
      }
    }, {
      "inputUserId" : "AUTO",
      "lastUpdateUserId" : "QSA",
      "computerId" : "AYOOKLIK",
      "companyId" : "11000",
      "documentOrBatchType" : "RI",
      "year" : 2017,
      "month" : 1,
      "nextSequence" : 0,
      "lastUpdateDateTime" : "2018-04-10T12:46:51",
      "inputDateTime" : "2017-11-14T00:00:00",
      "_links" : {
        "self" : {
          "href" : "http://localhost/api/nextNumbers/11000_RI_2017_1"
        },
        "nextNumber" : {
          "href" : "http://localhost/api/nextNumbers/11000_RI_2017_1"
        }
      }
    }, {
      "inputUserId" : "AUTO",
      "lastUpdateUserId" : "QSA",
      "computerId" : "AYOOKLIK",
      "companyId" : "11000",
      "documentOrBatchType" : "RI",
      "year" : 2017,
      "month" : 10,
      "nextSequence" : 0,
      "lastUpdateDateTime" : "2018-04-10T12:46:51",
      "inputDateTime" : "2018-01-15T00:00:00",
      "_links" : {
        "self" : {
          "href" : "http://localhost/api/nextNumbers/11000_RI_2017_10"
        },
        "nextNumber" : {
          "href" : "http://localhost/api/nextNumbers/11000_RI_2017_10"
        }
      }
    }, {
      "inputUserId" : "AUTO",
      "lastUpdateUserId" : "QSA",
      "computerId" : "AYOOKLIK",
      "companyId" : "11000",
      "documentOrBatchType" : "RI",
      "year" : 2017,
      "month" : 11,
      "nextSequence" : 0,
      "lastUpdateDateTime" : "2018-04-10T12:46:52",
      "inputDateTime" : "2018-01-06T00:00:00",
      "_links" : {
        "self" : {
          "href" : "http://localhost/api/nextNumbers/11000_RI_2017_11"
        },
        "nextNumber" : {
          "href" : "http://localhost/api/nextNumbers/11000_RI_2017_11"
        }
      }
    }, {
      "inputUserId" : "AUTO",
      "lastUpdateUserId" : "QSA",
      "computerId" : "AYOOKLIK",
      "companyId" : "11000",
      "documentOrBatchType" : "RI",
      "year" : 2017,
      "month" : 12,
      "nextSequence" : 0,
      "lastUpdateDateTime" : "2018-04-10T12:46:52",
      "inputDateTime" : "2017-12-04T00:00:00",
      "_links" : {
        "self" : {
          "href" : "http://localhost/api/nextNumbers/11000_RI_2017_12"
        },
        "nextNumber" : {
          "href" : "http://localhost/api/nextNumbers/11000_RI_2017_12"
        }
      }
    }, {
      "inputUserId" : "AUTO",
      "lastUpdateUserId" : "QSA",
      "computerId" : "AYOOKLIK",
      "companyId" : "11000",
      "documentOrBatchType" : "RI",
      "year" : 2018,
      "month" : 1,
      "nextSequence" : 2,
      "lastUpdateDateTime" : "2018-04-10T12:46:52",
      "inputDateTime" : "2018-01-29T00:00:00",
      "_links" : {
        "self" : {
          "href" : "http://localhost/api/nextNumbers/11000_RI_2018_1"
        },
        "nextNumber" : {
          "href" : "http://localhost/api/nextNumbers/11000_RI_2018_1"
        }
      }
    }, {
      "inputUserId" : "AUTO",
      "lastUpdateUserId" : "QSA",
      "computerId" : "AYOOKLIK",
      "companyId" : "11000",
      "documentOrBatchType" : "RI",
      "year" : 2018,
      "month" : 2,
      "nextSequence" : 0,
      "lastUpdateDateTime" : "2018-04-10T12:46:53",
      "inputDateTime" : "2018-03-20T00:00:00",
      "_links" : {
        "self" : {
          "href" : "http://localhost/api/nextNumbers/11000_RI_2018_2"
        },
        "nextNumber" : {
          "href" : "http://localhost/api/nextNumbers/11000_RI_2018_2"
        }
      }
    }, {
      "inputUserId" : "AUTO",
      "lastUpdateUserId" : "QSA",
      "computerId" : "AYOOKLIK",
      "companyId" : "11000",
      "documentOrBatchType" : "RI",
      "year" : 2018,
      "month" : 3,
      "nextSequence" : 0,
      "lastUpdateDateTime" : "2018-04-10T12:46:53",
      "inputDateTime" : "2018-03-08T00:00:00",
      "_links" : {
        "self" : {
          "href" : "http://localhost/api/nextNumbers/11000_RI_2018_3"
        },
        "nextNumber" : {
          "href" : "http://localhost/api/nextNumbers/11000_RI_2018_3"
        }
      }
    }, {
      "inputUserId" : "AUTO",
      "lastUpdateUserId" : "QSA",
      "computerId" : "AYOOKLIK",
      "companyId" : "11000",
      "documentOrBatchType" : "RI",
      "year" : 2018,
      "month" : 4,
      "nextSequence" : 790,
      "lastUpdateDateTime" : "2018-04-10T12:46:53",
      "inputDateTime" : "2018-04-04T00:00:00",
      "_links" : {
        "self" : {
          "href" : "http://localhost/api/nextNumbers/11000_RI_2018_4"
        },
        "nextNumber" : {
          "href" : "http://localhost/api/nextNumbers/11000_RI_2018_4"
        }
      }
    }, {
      "inputUserId" : "AUTO",
      "lastUpdateUserId" : "",
      "computerId" : "",
      "companyId" : "11000",
      "documentOrBatchType" : "RI",
      "year" : 2018,
      "month" : 6,
      "nextSequence" : 1,
      "lastUpdateDateTime" : null,
      "inputDateTime" : "2018-06-25T00:00:00",
      "_links" : {
        "self" : {
          "href" : "http://localhost/api/nextNumbers/11000_RI_2018_6"
        },
        "nextNumber" : {
          "href" : "http://localhost/api/nextNumbers/11000_RI_2018_6"
        }
      }
    }, {
      "inputUserId" : "AUTO",
      "lastUpdateUserId" : "",
      "computerId" : "",
      "companyId" : "11000",
      "documentOrBatchType" : "RI",
      "year" : 2018,
      "month" : 8,
      "nextSequence" : 11,
      "lastUpdateDateTime" : null,
      "inputDateTime" : "2018-08-08T00:00:00",
      "_links" : {
        "self" : {
          "href" : "http://localhost/api/nextNumbers/11000_RI_2018_8"
        },
        "nextNumber" : {
          "href" : "http://localhost/api/nextNumbers/11000_RI_2018_8"
        }
      }
    }, {
      "inputUserId" : "AUTO",
      "lastUpdateUserId" : "QSA",
      "computerId" : "AYOOKLIK",
      "companyId" : "11000",
      "documentOrBatchType" : "RP",
      "year" : 2017,
      "month" : 1,
      "nextSequence" : 0,
      "lastUpdateDateTime" : "2018-04-10T12:46:53",
      "inputDateTime" : "2017-11-29T00:00:00",
      "_links" : {
        "self" : {
          "href" : "http://localhost/api/nextNumbers/11000_RP_2017_1"
        },
        "nextNumber" : {
          "href" : "http://localhost/api/nextNumbers/11000_RP_2017_1"
        }
      }
    }, {
      "inputUserId" : "AUTO",
      "lastUpdateUserId" : "QSA",
      "computerId" : "LAPTOP-FHFRCCL6",
      "companyId" : "11000",
      "documentOrBatchType" : "RP",
      "year" : 2018,
      "month" : 1,
      "nextSequence" : 0,
      "lastUpdateDateTime" : "2018-08-08T12:44:35",
      "inputDateTime" : "2018-03-07T00:00:00",
      "_links" : {
        "self" : {
          "href" : "http://localhost/api/nextNumbers/11000_RP_2018_1"
        },
        "nextNumber" : {
          "href" : "http://localhost/api/nextNumbers/11000_RP_2018_1"
        }
      }
    }, {
      "inputUserId" : "AUTO",
      "lastUpdateUserId" : "QSA",
      "computerId" : "AYOOKLIK",
      "companyId" : "11000",
      "documentOrBatchType" : "SC",
      "year" : 2017,
      "month" : 12,
      "nextSequence" : 0,
      "lastUpdateDateTime" : "2018-04-10T12:46:54",
      "inputDateTime" : "2017-12-04T00:00:00",
      "_links" : {
        "self" : {
          "href" : "http://localhost/api/nextNumbers/11000_SC_2017_12"
        },
        "nextNumber" : {
          "href" : "http://localhost/api/nextNumbers/11000_SC_2017_12"
        }
      }
    }, {
      "inputUserId" : "AUTO",
      "lastUpdateUserId" : "QSA",
      "computerId" : "AYOOKLIK",
      "companyId" : "11000",
      "documentOrBatchType" : "SC",
      "year" : 2018,
      "month" : 2,
      "nextSequence" : 0,
      "lastUpdateDateTime" : "2018-04-10T12:46:54",
      "inputDateTime" : "2018-02-02T00:00:00",
      "_links" : {
        "self" : {
          "href" : "http://localhost/api/nextNumbers/11000_SC_2018_2"
        },
        "nextNumber" : {
          "href" : "http://localhost/api/nextNumbers/11000_SC_2018_2"
        }
      }
    }, {
      "inputUserId" : "AUTO",
      "lastUpdateUserId" : "QSA",
      "computerId" : "AYOOKLIK",
      "companyId" : "11000",
      "documentOrBatchType" : "SI",
      "year" : 2017,
      "month" : 1,
      "nextSequence" : 0,
      "lastUpdateDateTime" : "2018-04-10T12:46:55",
      "inputDateTime" : "2017-11-14T00:00:00",
      "_links" : {
        "self" : {
          "href" : "http://localhost/api/nextNumbers/11000_SI_2017_1"
        },
        "nextNumber" : {
          "href" : "http://localhost/api/nextNumbers/11000_SI_2017_1"
        }
      }
    }, {
      "inputUserId" : "AUTO",
      "lastUpdateUserId" : "QSA",
      "computerId" : "AYOOKLIK",
      "companyId" : "11000",
      "documentOrBatchType" : "SI",
      "year" : 2017,
      "month" : 10,
      "nextSequence" : 0,
      "lastUpdateDateTime" : "2018-04-10T12:46:55",
      "inputDateTime" : "2018-04-03T00:00:00",
      "_links" : {
        "self" : {
          "href" : "http://localhost/api/nextNumbers/11000_SI_2017_10"
        },
        "nextNumber" : {
          "href" : "http://localhost/api/nextNumbers/11000_SI_2017_10"
        }
      }
    }, {
      "inputUserId" : "AUTO",
      "lastUpdateUserId" : "QSA",
      "computerId" : "AYOOKLIK",
      "companyId" : "11000",
      "documentOrBatchType" : "SI",
      "year" : 2017,
      "month" : 11,
      "nextSequence" : 0,
      "lastUpdateDateTime" : "2018-04-10T12:46:56",
      "inputDateTime" : "2018-01-05T00:00:00",
      "_links" : {
        "self" : {
          "href" : "http://localhost/api/nextNumbers/11000_SI_2017_11"
        },
        "nextNumber" : {
          "href" : "http://localhost/api/nextNumbers/11000_SI_2017_11"
        }
      }
    }, {
      "inputUserId" : "QSA",
      "lastUpdateUserId" : "QSA",
      "computerId" : "AYOOKLIK",
      "companyId" : "11000",
      "documentOrBatchType" : "SI",
      "year" : 2017,
      "month" : 12,
      "nextSequence" : 0,
      "lastUpdateDateTime" : "2018-04-10T12:46:56",
      "inputDateTime" : "2018-04-04T17:22:27",
      "_links" : {
        "self" : {
          "href" : "http://localhost/api/nextNumbers/11000_SI_2017_12"
        },
        "nextNumber" : {
          "href" : "http://localhost/api/nextNumbers/11000_SI_2017_12"
        }
      }
    }, {
      "inputUserId" : "AUTO",
      "lastUpdateUserId" : "QSA",
      "computerId" : "AYOOKLIK",
      "companyId" : "11000",
      "documentOrBatchType" : "SI",
      "year" : 2018,
      "month" : 1,
      "nextSequence" : 0,
      "lastUpdateDateTime" : "2018-04-10T12:46:56",
      "inputDateTime" : "2018-01-05T00:00:00",
      "_links" : {
        "self" : {
          "href" : "http://localhost/api/nextNumbers/11000_SI_2018_1"
        },
        "nextNumber" : {
          "href" : "http://localhost/api/nextNumbers/11000_SI_2018_1"
        }
      }
    }, {
      "inputUserId" : "AUTO",
      "lastUpdateUserId" : "QSA",
      "computerId" : "AYOOKLIK",
      "companyId" : "11000",
      "documentOrBatchType" : "SI",
      "year" : 2018,
      "month" : 2,
      "nextSequence" : 0,
      "lastUpdateDateTime" : "2018-04-10T12:46:57",
      "inputDateTime" : "2018-03-20T00:00:00",
      "_links" : {
        "self" : {
          "href" : "http://localhost/api/nextNumbers/11000_SI_2018_2"
        },
        "nextNumber" : {
          "href" : "http://localhost/api/nextNumbers/11000_SI_2018_2"
        }
      }
    }, {
      "inputUserId" : "AUTO",
      "lastUpdateUserId" : "QSA",
      "computerId" : "AYOOKLIK",
      "companyId" : "11000",
      "documentOrBatchType" : "SI",
      "year" : 2018,
      "month" : 3,
      "nextSequence" : 0,
      "lastUpdateDateTime" : "2018-04-10T12:46:57",
      "inputDateTime" : "2018-03-08T00:00:00",
      "_links" : {
        "self" : {
          "href" : "http://localhost/api/nextNumbers/11000_SI_2018_3"
        },
        "nextNumber" : {
          "href" : "http://localhost/api/nextNumbers/11000_SI_2018_3"
        }
      }
    }, {
      "inputUserId" : "AUTO",
      "lastUpdateUserId" : "QSA",
      "computerId" : "AYOOKLIK",
      "companyId" : "11000",
      "documentOrBatchType" : "SI",
      "year" : 2018,
      "month" : 4,
      "nextSequence" : 813,
      "lastUpdateDateTime" : "2018-04-10T12:47:02",
      "inputDateTime" : "2018-04-10T00:00:00",
      "_links" : {
        "self" : {
          "href" : "http://localhost/api/nextNumbers/11000_SI_2018_4"
        },
        "nextNumber" : {
          "href" : "http://localhost/api/nextNumbers/11000_SI_2018_4"
        }
      }
    }, {
      "inputUserId" : "AUTO",
      "lastUpdateUserId" : "",
      "computerId" : "",
      "companyId" : "11000",
      "documentOrBatchType" : "SI",
      "year" : 2018,
      "month" : 11,
      "nextSequence" : 1,
      "lastUpdateDateTime" : null,
      "inputDateTime" : "2018-11-13T00:00:00",
      "_links" : {
        "self" : {
          "href" : "http://localhost/api/nextNumbers/11000_SI_2018_11"
        },
        "nextNumber" : {
          "href" : "http://localhost/api/nextNumbers/11000_SI_2018_11"
        }
      }
    }, {
      "inputUserId" : "AUTO",
      "lastUpdateUserId" : "QSA",
      "computerId" : "AYOOKLIK",
      "companyId" : "11000",
      "documentOrBatchType" : "SO",
      "year" : 2017,
      "month" : 1,
      "nextSequence" : 0,
      "lastUpdateDateTime" : "2018-04-10T12:47:03",
      "inputDateTime" : "2017-11-14T00:00:00",
      "_links" : {
        "self" : {
          "href" : "http://localhost/api/nextNumbers/11000_SO_2017_1"
        },
        "nextNumber" : {
          "href" : "http://localhost/api/nextNumbers/11000_SO_2017_1"
        }
      }
    }, {
      "inputUserId" : "AUTO",
      "lastUpdateUserId" : "QSA",
      "computerId" : "AYOOKLIK",
      "companyId" : "11000",
      "documentOrBatchType" : "SO",
      "year" : 2017,
      "month" : 10,
      "nextSequence" : 0,
      "lastUpdateDateTime" : "2018-04-10T12:47:06",
      "inputDateTime" : "2018-02-24T00:00:00",
      "_links" : {
        "self" : {
          "href" : "http://localhost/api/nextNumbers/11000_SO_2017_10"
        },
        "nextNumber" : {
          "href" : "http://localhost/api/nextNumbers/11000_SO_2017_10"
        }
      }
    }, {
      "inputUserId" : "AUTO",
      "lastUpdateUserId" : "QSA",
      "computerId" : "AYOOKLIK",
      "companyId" : "11000",
      "documentOrBatchType" : "SO",
      "year" : 2017,
      "month" : 11,
      "nextSequence" : 0,
      "lastUpdateDateTime" : "2018-04-10T12:47:03",
      "inputDateTime" : "2018-01-05T00:00:00",
      "_links" : {
        "self" : {
          "href" : "http://localhost/api/nextNumbers/11000_SO_2017_11"
        },
        "nextNumber" : {
          "href" : "http://localhost/api/nextNumbers/11000_SO_2017_11"
        }
      }
    }, {
      "inputUserId" : "AUTO",
      "lastUpdateUserId" : "QSA",
      "computerId" : "AYOOKLIK",
      "companyId" : "11000",
      "documentOrBatchType" : "SO",
      "year" : 2017,
      "month" : 12,
      "nextSequence" : 0,
      "lastUpdateDateTime" : "2018-04-10T12:47:03",
      "inputDateTime" : "2018-02-01T00:00:00",
      "_links" : {
        "self" : {
          "href" : "http://localhost/api/nextNumbers/11000_SO_2017_12"
        },
        "nextNumber" : {
          "href" : "http://localhost/api/nextNumbers/11000_SO_2017_12"
        }
      }
    }, {
      "inputUserId" : "AUTO",
      "lastUpdateUserId" : "QSA",
      "computerId" : "AYOOKLIK",
      "companyId" : "11000",
      "documentOrBatchType" : "SO",
      "year" : 2018,
      "month" : 1,
      "nextSequence" : 0,
      "lastUpdateDateTime" : "2018-04-10T12:47:04",
      "inputDateTime" : "2018-01-29T00:00:00",
      "_links" : {
        "self" : {
          "href" : "http://localhost/api/nextNumbers/11000_SO_2018_1"
        },
        "nextNumber" : {
          "href" : "http://localhost/api/nextNumbers/11000_SO_2018_1"
        }
      }
    }, {
      "inputUserId" : "AUTO",
      "lastUpdateUserId" : "QSA",
      "computerId" : "AYOOKLIK",
      "companyId" : "11000",
      "documentOrBatchType" : "SO",
      "year" : 2018,
      "month" : 2,
      "nextSequence" : 0,
      "lastUpdateDateTime" : "2018-04-10T12:47:04",
      "inputDateTime" : "2018-03-02T00:00:00",
      "_links" : {
        "self" : {
          "href" : "http://localhost/api/nextNumbers/11000_SO_2018_2"
        },
        "nextNumber" : {
          "href" : "http://localhost/api/nextNumbers/11000_SO_2018_2"
        }
      }
    }, {
      "inputUserId" : "AUTO",
      "lastUpdateUserId" : "QSA",
      "computerId" : "AYOOKLIK",
      "companyId" : "11000",
      "documentOrBatchType" : "SO",
      "year" : 2018,
      "month" : 3,
      "nextSequence" : 0,
      "lastUpdateDateTime" : "2018-04-10T12:47:08",
      "inputDateTime" : "2018-03-05T00:00:00",
      "_links" : {
        "self" : {
          "href" : "http://localhost/api/nextNumbers/11000_SO_2018_3"
        },
        "nextNumber" : {
          "href" : "http://localhost/api/nextNumbers/11000_SO_2018_3"
        }
      }
    }, {
      "inputUserId" : "AUTO",
      "lastUpdateUserId" : "",
      "computerId" : "",
      "companyId" : "11000",
      "documentOrBatchType" : "SO",
      "year" : 2018,
      "month" : 4,
      "nextSequence" : 802,
      "lastUpdateDateTime" : null,
      "inputDateTime" : "2018-04-10T00:00:00",
      "_links" : {
        "self" : {
          "href" : "http://localhost/api/nextNumbers/11000_SO_2018_4"
        },
        "nextNumber" : {
          "href" : "http://localhost/api/nextNumbers/11000_SO_2018_4"
        }
      }
    }, {
      "inputUserId" : "AUTO",
      "lastUpdateUserId" : "",
      "computerId" : "",
      "companyId" : "11000",
      "documentOrBatchType" : "SO",
      "year" : 2018,
      "month" : 11,
      "nextSequence" : 1,
      "lastUpdateDateTime" : null,
      "inputDateTime" : "2018-11-13T00:00:00",
      "_links" : {
        "self" : {
          "href" : "http://localhost/api/nextNumbers/11000_SO_2018_11"
        },
        "nextNumber" : {
          "href" : "http://localhost/api/nextNumbers/11000_SO_2018_11"
        }
      }
    }, {
      "inputUserId" : "AUTO",
      "lastUpdateUserId" : "QSA",
      "computerId" : "AYOOKLIK",
      "companyId" : "11000",
      "documentOrBatchType" : "SR",
      "year" : 2018,
      "month" : 1,
      "nextSequence" : 0,
      "lastUpdateDateTime" : "2018-04-10T12:47:11",
      "inputDateTime" : "2018-01-04T00:00:00",
      "_links" : {
        "self" : {
          "href" : "http://localhost/api/nextNumbers/11000_SR_2018_1"
        },
        "nextNumber" : {
          "href" : "http://localhost/api/nextNumbers/11000_SR_2018_1"
        }
      }
    }, {
      "inputUserId" : "AUTO",
      "lastUpdateUserId" : "QSA",
      "computerId" : "AYOOKLIK",
      "companyId" : "11000",
      "documentOrBatchType" : "SR",
      "year" : 2018,
      "month" : 2,
      "nextSequence" : 0,
      "lastUpdateDateTime" : "2018-04-10T12:47:11",
      "inputDateTime" : "2018-02-19T00:00:00",
      "_links" : {
        "self" : {
          "href" : "http://localhost/api/nextNumbers/11000_SR_2018_2"
        },
        "nextNumber" : {
          "href" : "http://localhost/api/nextNumbers/11000_SR_2018_2"
        }
      }
    }, {
      "inputUserId" : "AUTO",
      "lastUpdateUserId" : "QSA",
      "computerId" : "AYOOKLIK",
      "companyId" : "11000",
      "documentOrBatchType" : "SR",
      "year" : 2018,
      "month" : 4,
      "nextSequence" : 1,
      "lastUpdateDateTime" : "2018-04-10T12:47:13",
      "inputDateTime" : "2018-04-03T00:00:00",
      "_links" : {
        "self" : {
          "href" : "http://localhost/api/nextNumbers/11000_SR_2018_4"
        },
        "nextNumber" : {
          "href" : "http://localhost/api/nextNumbers/11000_SR_2018_4"
        }
      }
    }, {
      "inputUserId" : "AUTO",
      "lastUpdateUserId" : "",
      "computerId" : "",
      "companyId" : "12345",
      "documentOrBatchType" : "PV",
      "year" : 2018,
      "month" : 8,
      "nextSequence" : 6,
      "lastUpdateDateTime" : null,
      "inputDateTime" : "2018-08-20T00:00:00",
      "_links" : {
        "self" : {
          "href" : "http://localhost/api/nextNumbers/12345_PV_2018_8"
        },
        "nextNumber" : {
          "href" : "http://localhost/api/nextNumbers/12345_PV_2018_8"
        }
      }
    } ]
  },
  "_links" : {
    "self" : {
      "href" : "http://localhost/api/nextNumbers/"
    },
    "profile" : {
      "href" : "http://localhost/api/profile/nextNumbers"
    }
  }
}
    Forwarded URL = null
   Redirected URL = null
          Cookies = []
2018-12-14 17:35:58.516  INFO 9212 --- [    Test worker] o.s.t.c.transaction.TransactionContext   : Rolled back transaction for test: [DefaultTestContext@3809cf39 testClass = NextNumberApiTest, testInstance = ags.goldenlionerp.apiTests.setups.NextNumberApiTest@412891cc, testMethod = getTestCollection@ApiTestBase, testException = [null], mergedContextConfiguration = [WebMergedContextConfiguration@f9a008e testClass = NextNumberApiTest, locations = '{}', classes = '{class ags.goldenlionerp.GoldenLionErpApplication}', contextInitializerClasses = '[]', activeProfiles = '{}', propertySourceLocations = '{classpath:test.properties}', propertySourceProperties = '{org.springframework.boot.test.context.SpringBootTestContextBootstrapper=true}', contextCustomizers = set[org.springframework.boot.test.autoconfigure.properties.PropertyMappingContextCustomizer@0, org.springframework.boot.test.autoconfigure.web.servlet.WebDriverContextCustomizerFactory$Customizer@636d731e, [ImportsContextCustomizer@5da0aed key = [ags.goldenlionerp.apiTests.ApiTestBase$TestConfig]], org.springframework.boot.test.context.filter.ExcludeFilterContextCustomizer@6afa5291, org.springframework.boot.test.json.DuplicateJsonObjectContextCustomizerFactory$DuplicateJsonObjectContextCustomizer@20cebcb4, org.springframework.boot.test.mock.mockito.MockitoContextCustomizer@0, org.springframework.boot.test.web.client.TestRestTemplateContextCustomizer@49a32273], resourceBasePath = 'src/main/webapp', contextLoader = 'org.springframework.boot.test.context.SpringBootContextLoader', parent = [null]], attributes = map['org.springframework.test.context.web.ServletTestExecutionListener.activateListener' -> true, 'org.springframework.test.context.web.ServletTestExecutionListener.populatedRequestContextHolder' -> true, 'org.springframework.test.context.web.ServletTestExecutionListener.resetRequestContextHolder' -> true]]
2018-12-14 17:35:58.516  INFO 9212 --- [    Test worker] o.s.t.c.transaction.TransactionContext   : Began transaction (1) for test context [DefaultTestContext@3809cf39 testClass = NextNumberApiTest, testInstance = ags.goldenlionerp.apiTests.setups.NextNumberApiTest@6d9f03a2, testMethod = createTestWithPut@ApiTestBase, testException = [null], mergedContextConfiguration = [WebMergedContextConfiguration@f9a008e testClass = NextNumberApiTest, locations = '{}', classes = '{class ags.goldenlionerp.GoldenLionErpApplication}', contextInitializerClasses = '[]', activeProfiles = '{}', propertySourceLocations = '{classpath:test.properties}', propertySourceProperties = '{org.springframework.boot.test.context.SpringBootTestContextBootstrapper=true}', contextCustomizers = set[org.springframework.boot.test.autoconfigure.properties.PropertyMappingContextCustomizer@0, org.springframework.boot.test.autoconfigure.web.servlet.WebDriverContextCustomizerFactory$Customizer@636d731e, [ImportsContextCustomizer@5da0aed key = [ags.goldenlionerp.apiTests.ApiTestBase$TestConfig]], org.springframework.boot.test.context.filter.ExcludeFilterContextCustomizer@6afa5291, org.springframework.boot.test.json.DuplicateJsonObjectContextCustomizerFactory$DuplicateJsonObjectContextCustomizer@20cebcb4, org.springframework.boot.test.mock.mockito.MockitoContextCustomizer@0, org.springframework.boot.test.web.client.TestRestTemplateContextCustomizer@49a32273], resourceBasePath = 'src/main/webapp', contextLoader = 'org.springframework.boot.test.context.SpringBootContextLoader', parent = [null]], attributes = map['org.springframework.test.context.web.ServletTestExecutionListener.activateListener' -> true, 'org.springframework.test.context.web.ServletTestExecutionListener.populatedRequestContextHolder' -> true, 'org.springframework.test.context.web.ServletTestExecutionListener.resetRequestContextHolder' -> true]]; transaction manager [org.springframework.orm.jpa.JpaTransactionManager@76f112e2]; rollback [true]
2018-12-14 17:35:58.516  INFO 9212 --- [    Test worker] o.s.b.t.m.w.SpringBootMockServletContext : Initializing Spring FrameworkServlet ''
2018-12-14 17:35:58.516  INFO 9212 --- [    Test worker] o.s.t.web.servlet.TestDispatcherServlet  : FrameworkServlet '': initialization started
2018-12-14 17:35:58.532  INFO 9212 --- [    Test worker] o.s.t.web.servlet.TestDispatcherServlet  : FrameworkServlet '': initialization completed in 16 ms
Hibernate: select nextnumber0_.nncoid as nncoid1_0_0_, nextnumber0_.nndocbty as nndocbty2_0_0_, nextnumber0_.nnmo as nnmo3_0_0_, nextnumber0_.nnyr as nnyr4_0_0_, nextnumber0_.nncid as nncid5_0_0_, nextnumber0_.nndtin as nndtin6_0_0_, nextnumber0_.nntmin as nntmin7_0_0_, nextnumber0_.nnuid as nnuid8_0_0_, nextnumber0_.nndtlu as nndtlu9_0_0_, nextnumber0_.nntmlu as nntmlu10_0_0_, nextnumber0_.nnuidm as nnuidm11_0_0_, nextnumber0_.nnseq as nnseq12_0_0_ from t0002 nextnumber0_ where nextnumber0_.nncoid=? and nextnumber0_.nndocbty=? and nextnumber0_.nnmo=? and nextnumber0_.nnyr=?
2018-12-14 17:35:58.532  INFO 9212 --- [    Test worker] o.s.t.c.transaction.TransactionContext   : Rolled back transaction for test: [DefaultTestContext@3809cf39 testClass = NextNumberApiTest, testInstance = ags.goldenlionerp.apiTests.setups.NextNumberApiTest@6d9f03a2, testMethod = createTestWithPut@ApiTestBase, testException = [null], mergedContextConfiguration = [WebMergedContextConfiguration@f9a008e testClass = NextNumberApiTest, locations = '{}', classes = '{class ags.goldenlionerp.GoldenLionErpApplication}', contextInitializerClasses = '[]', activeProfiles = '{}', propertySourceLocations = '{classpath:test.properties}', propertySourceProperties = '{org.springframework.boot.test.context.SpringBootTestContextBootstrapper=true}', contextCustomizers = set[org.springframework.boot.test.autoconfigure.properties.PropertyMappingContextCustomizer@0, org.springframework.boot.test.autoconfigure.web.servlet.WebDriverContextCustomizerFactory$Customizer@636d731e, [ImportsContextCustomizer@5da0aed key = [ags.goldenlionerp.apiTests.ApiTestBase$TestConfig]], org.springframework.boot.test.context.filter.ExcludeFilterContextCustomizer@6afa5291, org.springframework.boot.test.json.DuplicateJsonObjectContextCustomizerFactory$DuplicateJsonObjectContextCustomizer@20cebcb4, org.springframework.boot.test.mock.mockito.MockitoContextCustomizer@0, org.springframework.boot.test.web.client.TestRestTemplateContextCustomizer@49a32273], resourceBasePath = 'src/main/webapp', contextLoader = 'org.springframework.boot.test.context.SpringBootContextLoader', parent = [null]], attributes = map['org.springframework.test.context.web.ServletTestExecutionListener.activateListener' -> true, 'org.springframework.test.context.web.ServletTestExecutionListener.populatedRequestContextHolder' -> true, 'org.springframework.test.context.web.ServletTestExecutionListener.resetRequestContextHolder' -> true]]
2018-12-14 17:35:58.547  INFO 9212 --- [    Test worker] o.s.t.c.transaction.TransactionContext   : Began transaction (1) for test context [DefaultTestContext@3809cf39 testClass = NextNumberApiTest, testInstance = ags.goldenlionerp.apiTests.setups.NextNumberApiTest@75593eeb, testMethod = deleteTest@ApiTestBase, testException = [null], mergedContextConfiguration = [WebMergedContextConfiguration@f9a008e testClass = NextNumberApiTest, locations = '{}', classes = '{class ags.goldenlionerp.GoldenLionErpApplication}', contextInitializerClasses = '[]', activeProfiles = '{}', propertySourceLocations = '{classpath:test.properties}', propertySourceProperties = '{org.springframework.boot.test.context.SpringBootTestContextBootstrapper=true}', contextCustomizers = set[org.springframework.boot.test.autoconfigure.properties.PropertyMappingContextCustomizer@0, org.springframework.boot.test.autoconfigure.web.servlet.WebDriverContextCustomizerFactory$Customizer@636d731e, [ImportsContextCustomizer@5da0aed key = [ags.goldenlionerp.apiTests.ApiTestBase$TestConfig]], org.springframework.boot.test.context.filter.ExcludeFilterContextCustomizer@6afa5291, org.springframework.boot.test.json.DuplicateJsonObjectContextCustomizerFactory$DuplicateJsonObjectContextCustomizer@20cebcb4, org.springframework.boot.test.mock.mockito.MockitoContextCustomizer@0, org.springframework.boot.test.web.client.TestRestTemplateContextCustomizer@49a32273], resourceBasePath = 'src/main/webapp', contextLoader = 'org.springframework.boot.test.context.SpringBootContextLoader', parent = [null]], attributes = map['org.springframework.test.context.web.ServletTestExecutionListener.activateListener' -> true, 'org.springframework.test.context.web.ServletTestExecutionListener.populatedRequestContextHolder' -> true, 'org.springframework.test.context.web.ServletTestExecutionListener.resetRequestContextHolder' -> true]]; transaction manager [org.springframework.orm.jpa.JpaTransactionManager@76f112e2]; rollback [true]
2018-12-14 17:35:58.547  INFO 9212 --- [    Test worker] o.s.b.t.m.w.SpringBootMockServletContext : Initializing Spring FrameworkServlet ''
2018-12-14 17:35:58.547  INFO 9212 --- [    Test worker] o.s.t.web.servlet.TestDispatcherServlet  : FrameworkServlet '': initialization started
2018-12-14 17:35:58.547  INFO 9212 --- [    Test worker] o.s.t.web.servlet.TestDispatcherServlet  : FrameworkServlet '': initialization completed in 0 ms
Hibernate: select nextnumber0_.nncoid as nncoid1_0_0_, nextnumber0_.nndocbty as nndocbty2_0_0_, nextnumber0_.nnmo as nnmo3_0_0_, nextnumber0_.nnyr as nnyr4_0_0_, nextnumber0_.nncid as nncid5_0_0_, nextnumber0_.nndtin as nndtin6_0_0_, nextnumber0_.nntmin as nntmin7_0_0_, nextnumber0_.nnuid as nnuid8_0_0_, nextnumber0_.nndtlu as nndtlu9_0_0_, nextnumber0_.nntmlu as nntmlu10_0_0_, nextnumber0_.nnuidm as nnuidm11_0_0_, nextnumber0_.nnseq as nnseq12_0_0_ from t0002 nextnumber0_ where nextnumber0_.nncoid=? and nextnumber0_.nndocbty=? and nextnumber0_.nnmo=? and nextnumber0_.nnyr=?
2018-12-14 17:35:58.563  INFO 9212 --- [    Test worker] o.s.t.c.transaction.TransactionContext   : Rolled back transaction for test: [DefaultTestContext@3809cf39 testClass = NextNumberApiTest, testInstance = ags.goldenlionerp.apiTests.setups.NextNumberApiTest@75593eeb, testMethod = deleteTest@ApiTestBase, testException = [null], mergedContextConfiguration = [WebMergedContextConfiguration@f9a008e testClass = NextNumberApiTest, locations = '{}', classes = '{class ags.goldenlionerp.GoldenLionErpApplication}', contextInitializerClasses = '[]', activeProfiles = '{}', propertySourceLocations = '{classpath:test.properties}', propertySourceProperties = '{org.springframework.boot.test.context.SpringBootTestContextBootstrapper=true}', contextCustomizers = set[org.springframework.boot.test.autoconfigure.properties.PropertyMappingContextCustomizer@0, org.springframework.boot.test.autoconfigure.web.servlet.WebDriverContextCustomizerFactory$Customizer@636d731e, [ImportsContextCustomizer@5da0aed key = [ags.goldenlionerp.apiTests.ApiTestBase$TestConfig]], org.springframework.boot.test.context.filter.ExcludeFilterContextCustomizer@6afa5291, org.springframework.boot.test.json.DuplicateJsonObjectContextCustomizerFactory$DuplicateJsonObjectContextCustomizer@20cebcb4, org.springframework.boot.test.mock.mockito.MockitoContextCustomizer@0, org.springframework.boot.test.web.client.TestRestTemplateContextCustomizer@49a32273], resourceBasePath = 'src/main/webapp', contextLoader = 'org.springframework.boot.test.context.SpringBootContextLoader', parent = [null]], attributes = map['org.springframework.test.context.web.ServletTestExecutionListener.activateListener' -> true, 'org.springframework.test.context.web.ServletTestExecutionListener.populatedRequestContextHolder' -> true, 'org.springframework.test.context.web.ServletTestExecutionListener.resetRequestContextHolder' -> true]]
2018-12-14 17:35:58.563  INFO 9212 --- [    Test worker] o.s.t.c.transaction.TransactionContext   : Began transaction (1) for test context [DefaultTestContext@3809cf39 testClass = NextNumberApiTest, testInstance = ags.goldenlionerp.apiTests.setups.NextNumberApiTest@76b45027, testMethod = createTestWithPost@ApiTestBase, testException = [null], mergedContextConfiguration = [WebMergedContextConfiguration@f9a008e testClass = NextNumberApiTest, locations = '{}', classes = '{class ags.goldenlionerp.GoldenLionErpApplication}', contextInitializerClasses = '[]', activeProfiles = '{}', propertySourceLocations = '{classpath:test.properties}', propertySourceProperties = '{org.springframework.boot.test.context.SpringBootTestContextBootstrapper=true}', contextCustomizers = set[org.springframework.boot.test.autoconfigure.properties.PropertyMappingContextCustomizer@0, org.springframework.boot.test.autoconfigure.web.servlet.WebDriverContextCustomizerFactory$Customizer@636d731e, [ImportsContextCustomizer@5da0aed key = [ags.goldenlionerp.apiTests.ApiTestBase$TestConfig]], org.springframework.boot.test.context.filter.ExcludeFilterContextCustomizer@6afa5291, org.springframework.boot.test.json.DuplicateJsonObjectContextCustomizerFactory$DuplicateJsonObjectContextCustomizer@20cebcb4, org.springframework.boot.test.mock.mockito.MockitoContextCustomizer@0, org.springframework.boot.test.web.client.TestRestTemplateContextCustomizer@49a32273], resourceBasePath = 'src/main/webapp', contextLoader = 'org.springframework.boot.test.context.SpringBootContextLoader', parent = [null]], attributes = map['org.springframework.test.context.web.ServletTestExecutionListener.activateListener' -> true, 'org.springframework.test.context.web.ServletTestExecutionListener.populatedRequestContextHolder' -> true, 'org.springframework.test.context.web.ServletTestExecutionListener.resetRequestContextHolder' -> true]]; transaction manager [org.springframework.orm.jpa.JpaTransactionManager@76f112e2]; rollback [true]
2018-12-14 17:35:58.563  INFO 9212 --- [    Test worker] o.s.b.t.m.w.SpringBootMockServletContext : Initializing Spring FrameworkServlet ''
2018-12-14 17:35:58.563  INFO 9212 --- [    Test worker] o.s.t.web.servlet.TestDispatcherServlet  : FrameworkServlet '': initialization started
2018-12-14 17:35:58.578  INFO 9212 --- [    Test worker] o.s.t.web.servlet.TestDispatcherServlet  : FrameworkServlet '': initialization completed in 15 ms
Hibernate: select nextnumber0_.nncoid as nncoid1_0_0_, nextnumber0_.nndocbty as nndocbty2_0_0_, nextnumber0_.nnmo as nnmo3_0_0_, nextnumber0_.nnyr as nnyr4_0_0_, nextnumber0_.nncid as nncid5_0_0_, nextnumber0_.nndtin as nndtin6_0_0_, nextnumber0_.nntmin as nntmin7_0_0_, nextnumber0_.nnuid as nnuid8_0_0_, nextnumber0_.nndtlu as nndtlu9_0_0_, nextnumber0_.nntmlu as nntmlu10_0_0_, nextnumber0_.nnuidm as nnuidm11_0_0_, nextnumber0_.nnseq as nnseq12_0_0_ from t0002 nextnumber0_ where nextnumber0_.nncoid=? and nextnumber0_.nndocbty=? and nextnumber0_.nnmo=? and nextnumber0_.nnyr=?
Hibernate: select nextnumber0_.nncoid as nncoid1_0_0_, nextnumber0_.nndocbty as nndocbty2_0_0_, nextnumber0_.nnmo as nnmo3_0_0_, nextnumber0_.nnyr as nnyr4_0_0_, nextnumber0_.nncid as nncid5_0_0_, nextnumber0_.nndtin as nndtin6_0_0_, nextnumber0_.nntmin as nntmin7_0_0_, nextnumber0_.nnuid as nnuid8_0_0_, nextnumber0_.nndtlu as nndtlu9_0_0_, nextnumber0_.nntmlu as nntmlu10_0_0_, nextnumber0_.nnuidm as nnuidm11_0_0_, nextnumber0_.nnseq as nnseq12_0_0_ from t0002 nextnumber0_ where nextnumber0_.nncoid=? and nextnumber0_.nndocbty=? and nextnumber0_.nnmo=? and nextnumber0_.nnyr=?
Hibernate: insert into t0002 (nncid, nndtin, nntmin, nnuid, nndtlu, nntmlu, nnuidm, nnseq, nncoid, nndocbty, nnmo, nnyr) values (?, ?, ?, ?, ?, ?, ?, ?, ?, ?, ?, ?)
Hibernate: select nextnumber0_.nncoid as nncoid1_0_0_, nextnumber0_.nndocbty as nndocbty2_0_0_, nextnumber0_.nnmo as nnmo3_0_0_, nextnumber0_.nnyr as nnyr4_0_0_, nextnumber0_.nncid as nncid5_0_0_, nextnumber0_.nndtin as nndtin6_0_0_, nextnumber0_.nntmin as nntmin7_0_0_, nextnumber0_.nnuid as nnuid8_0_0_, nextnumber0_.nndtlu as nndtlu9_0_0_, nextnumber0_.nntmlu as nntmlu10_0_0_, nextnumber0_.nnuidm as nnuidm11_0_0_, nextnumber0_.nnseq as nnseq12_0_0_ from t0002 nextnumber0_ where nextnumber0_.nncoid=? and nextnumber0_.nndocbty=? and nextnumber0_.nnmo=? and nextnumber0_.nnyr=?

MockHttpServletRequest:
      HTTP Method = GET
      Request URI = /api/nextNumbers/11000_RI_2018_5
       Parameters = {}
          Headers = {Accept=[application/json]}
             Body = <no character encoding set>
    Session Attrs = {org.springframework.security.web.csrf.HttpSessionCsrfTokenRepository.CSRF_TOKEN=org.springframework.security.web.csrf.DefaultCsrfToken@26b1283a, SPRING_SECURITY_CONTEXT=org.springframework.security.core.context.SecurityContextImpl@475fcd89: Authentication: org.springframework.security.authentication.UsernamePasswordAuthenticationToken@475fcd89: Principal: org.springframework.security.core.userdetails.User@f02988d6: Username: username; Password: [PROTECTED]; Enabled: true; AccountNonExpired: true; credentialsNonExpired: true; AccountNonLocked: true; Not granted any authorities; Credentials: [PROTECTED]; Authenticated: true; Details: null; Not granted any authorities}

Handler:
             Type = org.springframework.data.rest.webmvc.RepositoryEntityController
           Method = public org.springframework.http.ResponseEntity<org.springframework.hateoas.Resource<?>> org.springframework.data.rest.webmvc.RepositoryEntityController.getItemResource(org.springframework.data.rest.webmvc.RootResourceInformation,java.io.Serializable,org.springframework.data.rest.webmvc.PersistentEntityResourceAssembler,org.springframework.http.HttpHeaders) throws org.springframework.web.HttpRequestMethodNotSupportedException

Async:
    Async started = false
     Async result = null

Resolved Exception:
             Type = null

ModelAndView:
        View name = null
             View = null
            Model = null

FlashMap:
       Attributes = null

MockHttpServletResponse:
           Status = 200
    Error message = null
          Headers = {Content-Type=[application/json;charset=UTF-8], X-Content-Type-Options=[nosniff], X-XSS-Protection=[1; mode=block], Cache-Control=[no-cache, no-store, max-age=0, must-revalidate], Pragma=[no-cache], Expires=[0], X-Frame-Options=[DENY]}
     Content type = application/json;charset=UTF-8
             Body = {
  "inputUserId" : "username",
  "lastUpdateUserId" : "username",
  "computerId" : "username",
  "companyId" : "11000",
  "documentOrBatchType" : "RI",
  "year" : 2018,
  "month" : 5,
  "nextSequence" : 13,
  "lastUpdateDateTime" : "2018-12-14T17:35:58",
  "inputDateTime" : "2018-12-14T17:35:58",
  "_links" : {
    "self" : {
      "href" : "http://localhost/api/nextNumbers/11000_RI_2018_5"
    },
    "nextNumber" : {
      "href" : "http://localhost/api/nextNumbers/11000_RI_2018_5"
    }
  }
}
    Forwarded URL = null
   Redirected URL = null
          Cookies = []
2018-12-14 17:35:58.610  INFO 9212 --- [    Test worker] o.s.t.c.transaction.TransactionContext   : Rolled back transaction for test: [DefaultTestContext@3809cf39 testClass = NextNumberApiTest, testInstance = ags.goldenlionerp.apiTests.setups.NextNumberApiTest@76b45027, testMethod = createTestWithPost@ApiTestBase, testException = [null], mergedContextConfiguration = [WebMergedContextConfiguration@f9a008e testClass = NextNumberApiTest, locations = '{}', classes = '{class ags.goldenlionerp.GoldenLionErpApplication}', contextInitializerClasses = '[]', activeProfiles = '{}', propertySourceLocations = '{classpath:test.properties}', propertySourceProperties = '{org.springframework.boot.test.context.SpringBootTestContextBootstrapper=true}', contextCustomizers = set[org.springframework.boot.test.autoconfigure.properties.PropertyMappingContextCustomizer@0, org.springframework.boot.test.autoconfigure.web.servlet.WebDriverContextCustomizerFactory$Customizer@636d731e, [ImportsContextCustomizer@5da0aed key = [ags.goldenlionerp.apiTests.ApiTestBase$TestConfig]], org.springframework.boot.test.context.filter.ExcludeFilterContextCustomizer@6afa5291, org.springframework.boot.test.json.DuplicateJsonObjectContextCustomizerFactory$DuplicateJsonObjectContextCustomizer@20cebcb4, org.springframework.boot.test.mock.mockito.MockitoContextCustomizer@0, org.springframework.boot.test.web.client.TestRestTemplateContextCustomizer@49a32273], resourceBasePath = 'src/main/webapp', contextLoader = 'org.springframework.boot.test.context.SpringBootContextLoader', parent = [null]], attributes = map['org.springframework.test.context.web.ServletTestExecutionListener.activateListener' -> true, 'org.springframework.test.context.web.ServletTestExecutionListener.populatedRequestContextHolder' -> true, 'org.springframework.test.context.web.ServletTestExecutionListener.resetRequestContextHolder' -> true]]
]]></system-out>
  <system-err><![CDATA[]]></system-err>
</testsuite>
