<?xml version="1.0" encoding="UTF-8"?>
<testsuite name="ags.goldenlionerp.apiTests.addresses.AccountPayableSettingApiTest" tests="7" skipped="0" failures="0" errors="0" timestamp="2018-12-27T04:25:39" hostname="LAPTOP-FHFRCCL6" time="0.257">
  <properties/>
  <testcase name="updateTestWithPut" classname="ags.goldenlionerp.apiTests.addresses.AccountPayableSettingApiTest" time="0.078"/>
  <testcase name="updateTestWithPatch" classname="ags.goldenlionerp.apiTests.addresses.AccountPayableSettingApiTest" time="0.047"/>
  <testcase name="getTestCollection" classname="ags.goldenlionerp.apiTests.addresses.AccountPayableSettingApiTest" time="0.019"/>
  <testcase name="createTestWithPut" classname="ags.goldenlionerp.apiTests.addresses.AccountPayableSettingApiTest" time="0.046"/>
  <testcase name="deleteTest" classname="ags.goldenlionerp.apiTests.addresses.AccountPayableSettingApiTest" time="0.02"/>
  <testcase name="createTestWithPost" classname="ags.goldenlionerp.apiTests.addresses.AccountPayableSettingApiTest" time="0.019"/>
  <testcase name="getTestSingle" classname="ags.goldenlionerp.apiTests.addresses.AccountPayableSettingApiTest" time="0.025"/>
  <system-out><![CDATA[2018-12-27 11:25:39.608  INFO 2120 --- [    Test worker] .b.t.c.SpringBootTestContextBootstrapper : Neither @ContextConfiguration nor @ContextHierarchy found for test class [ags.goldenlionerp.apiTests.addresses.AccountPayableSettingApiTest], using SpringBootContextLoader
2018-12-27 11:25:39.609  INFO 2120 --- [    Test worker] o.s.t.c.support.AbstractContextLoader    : Could not detect default resource locations for test class [ags.goldenlionerp.apiTests.addresses.AccountPayableSettingApiTest]: no resource found for suffixes {-context.xml, Context.groovy}.
2018-12-27 11:25:39.609  INFO 2120 --- [    Test worker] t.c.s.AnnotationConfigContextLoaderUtils : Could not detect default configuration classes for test class [ags.goldenlionerp.apiTests.addresses.AccountPayableSettingApiTest]: AccountPayableSettingApiTest does not declare any static, non-private, non-final, nested classes annotated with @Configuration.
2018-12-27 11:25:39.629  INFO 2120 --- [    Test worker] .b.t.c.SpringBootTestContextBootstrapper : Found @SpringBootConfiguration ags.goldenlionerp.GoldenLionErpApplication for test class ags.goldenlionerp.apiTests.addresses.AccountPayableSettingApiTest
2018-12-27 11:25:39.631  INFO 2120 --- [    Test worker] .b.t.c.SpringBootTestContextBootstrapper : Loaded default TestExecutionListener class names from location [META-INF/spring.factories]: [org.springframework.security.test.context.support.WithSecurityContextTestExecutionListener, org.springframework.security.test.context.support.ReactorContextTestExecutionListener, org.springframework.boot.test.autoconfigure.restdocs.RestDocsTestExecutionListener, org.springframework.boot.test.autoconfigure.web.client.MockRestServiceServerResetTestExecutionListener, org.springframework.boot.test.autoconfigure.web.servlet.MockMvcPrintOnlyOnFailureTestExecutionListener, org.springframework.boot.test.autoconfigure.web.servlet.WebDriverTestExecutionListener, org.springframework.boot.test.mock.mockito.MockitoTestExecutionListener, org.springframework.boot.test.mock.mockito.ResetMocksTestExecutionListener, org.springframework.test.context.web.ServletTestExecutionListener, org.springframework.test.context.support.DirtiesContextBeforeModesTestExecutionListener, org.springframework.test.context.support.DependencyInjectionTestExecutionListener, org.springframework.test.context.support.DirtiesContextTestExecutionListener, org.springframework.test.context.transaction.TransactionalTestExecutionListener, org.springframework.test.context.jdbc.SqlScriptsTestExecutionListener]
2018-12-27 11:25:39.632  INFO 2120 --- [    Test worker] .b.t.c.SpringBootTestContextBootstrapper : Using TestExecutionListeners: [org.springframework.test.context.web.ServletTestExecutionListener@13ebf0d9, org.springframework.test.context.support.DirtiesContextBeforeModesTestExecutionListener@2a6ed2ad, org.springframework.boot.test.mock.mockito.MockitoTestExecutionListener@58342298, org.springframework.boot.test.autoconfigure.SpringBootDependencyInjectionTestExecutionListener@435bf7ec, org.springframework.test.context.support.DirtiesContextTestExecutionListener@ffaaa66, org.springframework.test.context.transaction.TransactionalTestExecutionListener@535dfa8e, org.springframework.test.context.jdbc.SqlScriptsTestExecutionListener@2a04229f, org.springframework.security.test.context.support.WithSecurityContextTestExecutionListener@367c44a4, org.springframework.security.test.context.support.ReactorContextTestExecutionListener@6c8f7197, org.springframework.boot.test.autoconfigure.restdocs.RestDocsTestExecutionListener@503a7f02, org.springframework.boot.test.autoconfigure.web.client.MockRestServiceServerResetTestExecutionListener@5ba1bf40, org.springframework.boot.test.autoconfigure.web.servlet.MockMvcPrintOnlyOnFailureTestExecutionListener@f2c99f4, org.springframework.boot.test.autoconfigure.web.servlet.WebDriverTestExecutionListener@1838524f, org.springframework.boot.test.mock.mockito.ResetMocksTestExecutionListener@1b79fc25]
2018-12-27 11:25:39.654  INFO 2120 --- [    Test worker] o.s.t.c.transaction.TransactionContext   : Began transaction (1) for test context [DefaultTestContext@45841012 testClass = AccountPayableSettingApiTest, testInstance = ags.goldenlionerp.apiTests.addresses.AccountPayableSettingApiTest@5fe4a8c, testMethod = updateTestWithPut@AccountPayableSettingApiTest, testException = [null], mergedContextConfiguration = [WebMergedContextConfiguration@1b8f8963 testClass = AccountPayableSettingApiTest, locations = '{}', classes = '{class ags.goldenlionerp.GoldenLionErpApplication}', contextInitializerClasses = '[]', activeProfiles = '{}', propertySourceLocations = '{classpath:test.properties}', propertySourceProperties = '{org.springframework.boot.test.context.SpringBootTestContextBootstrapper=true}', contextCustomizers = set[org.springframework.boot.test.autoconfigure.properties.PropertyMappingContextCustomizer@0, org.springframework.boot.test.autoconfigure.web.servlet.WebDriverContextCustomizerFactory$Customizer@636d731e, [ImportsContextCustomizer@339fdde1 key = [ags.goldenlionerp.apiTests.ApiTestBase$TestConfig]], org.springframework.boot.test.context.filter.ExcludeFilterContextCustomizer@6afa5291, org.springframework.boot.test.json.DuplicateJsonObjectContextCustomizerFactory$DuplicateJsonObjectContextCustomizer@20cebcb4, org.springframework.boot.test.mock.mockito.MockitoContextCustomizer@0, org.springframework.boot.test.web.client.TestRestTemplateContextCustomizer@49a32273], resourceBasePath = 'src/main/webapp', contextLoader = 'org.springframework.boot.test.context.SpringBootContextLoader', parent = [null]], attributes = map['org.springframework.test.context.web.ServletTestExecutionListener.activateListener' -> true, 'org.springframework.test.context.web.ServletTestExecutionListener.populatedRequestContextHolder' -> true, 'org.springframework.test.context.web.ServletTestExecutionListener.resetRequestContextHolder' -> true]]; transaction manager [org.springframework.orm.jpa.JpaTransactionManager@75de8c12]; rollback [true]
2018-12-27 11:25:39.655  INFO 2120 --- [    Test worker] o.s.b.t.m.w.SpringBootMockServletContext : Initializing Spring FrameworkServlet ''
2018-12-27 11:25:39.655  INFO 2120 --- [    Test worker] o.s.t.web.servlet.TestDispatcherServlet  : FrameworkServlet '': initialization started
2018-12-27 11:25:39.661  INFO 2120 --- [    Test worker] o.s.t.web.servlet.TestDispatcherServlet  : FrameworkServlet '': initialization completed in 6 ms
Hibernate: select accountpay0_.pmanum as pmanum1_23_0_, accountpay0_.pmcid as pmcid2_23_0_, accountpay0_.pmdtin as pmdtin3_23_0_, accountpay0_.pmtmin as pmtmin4_23_0_, accountpay0_.pmuid as pmuid5_23_0_, accountpay0_.pmdtlu as pmdtlu6_23_0_, accountpay0_.pmtmlu as pmtmlu7_23_0_, accountpay0_.pmuidm as pmuidm8_23_0_, accountpay0_.pmdtls as pmdtls9_23_0_, accountpay0_.pmapcls as pmapcls10_23_0_, accountpay0_.pmcrm as pmcrm11_23_0_, accountpay0_.pmcrct as pmcrct12_23_0_, accountpay0_.pmitc05 as pmitc13_23_0_, accountpay0_.pminsp as pminsp14_23_0_, accountpay0_.pmptc as pmptc15_23_0_, accountpay0_.pmspg as pmspg16_23_0_, accountpay0_.pmtaxau as pmtaxau17_23_0_, accountpay0_.pmtaxcd as pmtaxcd18_23_0_, accountpay0_.pmtaxid as pmtaxid19_23_0_ from t0401 accountpay0_ where accountpay0_.pmanum=?
Hibernate: update t0401 set pmcid=?, pmdtlu=?, pmtmlu=?, pmuidm=?, pmdtls=?, pmapcls=?, pmcrm=?, pmcrct=?, pmitc05=?, pminsp=?, pmptc=?, pmspg=?, pmtaxau=?, pmtaxcd=?, pmtaxid=? where pmanum=?
Hibernate: select accountpay0_.pmanum as pmanum1_23_0_, accountpay0_.pmcid as pmcid2_23_0_, accountpay0_.pmdtin as pmdtin3_23_0_, accountpay0_.pmtmin as pmtmin4_23_0_, accountpay0_.pmuid as pmuid5_23_0_, accountpay0_.pmdtlu as pmdtlu6_23_0_, accountpay0_.pmtmlu as pmtmlu7_23_0_, accountpay0_.pmuidm as pmuidm8_23_0_, accountpay0_.pmdtls as pmdtls9_23_0_, accountpay0_.pmapcls as pmapcls10_23_0_, accountpay0_.pmcrm as pmcrm11_23_0_, accountpay0_.pmcrct as pmcrct12_23_0_, accountpay0_.pmitc05 as pmitc13_23_0_, accountpay0_.pminsp as pminsp14_23_0_, accountpay0_.pmptc as pmptc15_23_0_, accountpay0_.pmspg as pmspg16_23_0_, accountpay0_.pmtaxau as pmtaxau17_23_0_, accountpay0_.pmtaxcd as pmtaxcd18_23_0_, accountpay0_.pmtaxid as pmtaxid19_23_0_ from t0401 accountpay0_ where accountpay0_.pmanum=?
2018-12-27 11:25:39.731  INFO 2120 --- [    Test worker] o.s.t.c.transaction.TransactionContext   : Rolled back transaction for test: [DefaultTestContext@45841012 testClass = AccountPayableSettingApiTest, testInstance = ags.goldenlionerp.apiTests.addresses.AccountPayableSettingApiTest@5fe4a8c, testMethod = updateTestWithPut@AccountPayableSettingApiTest, testException = [null], mergedContextConfiguration = [WebMergedContextConfiguration@1b8f8963 testClass = AccountPayableSettingApiTest, locations = '{}', classes = '{class ags.goldenlionerp.GoldenLionErpApplication}', contextInitializerClasses = '[]', activeProfiles = '{}', propertySourceLocations = '{classpath:test.properties}', propertySourceProperties = '{org.springframework.boot.test.context.SpringBootTestContextBootstrapper=true}', contextCustomizers = set[org.springframework.boot.test.autoconfigure.properties.PropertyMappingContextCustomizer@0, org.springframework.boot.test.autoconfigure.web.servlet.WebDriverContextCustomizerFactory$Customizer@636d731e, [ImportsContextCustomizer@339fdde1 key = [ags.goldenlionerp.apiTests.ApiTestBase$TestConfig]], org.springframework.boot.test.context.filter.ExcludeFilterContextCustomizer@6afa5291, org.springframework.boot.test.json.DuplicateJsonObjectContextCustomizerFactory$DuplicateJsonObjectContextCustomizer@20cebcb4, org.springframework.boot.test.mock.mockito.MockitoContextCustomizer@0, org.springframework.boot.test.web.client.TestRestTemplateContextCustomizer@49a32273], resourceBasePath = 'src/main/webapp', contextLoader = 'org.springframework.boot.test.context.SpringBootContextLoader', parent = [null]], attributes = map['org.springframework.test.context.web.ServletTestExecutionListener.activateListener' -> true, 'org.springframework.test.context.web.ServletTestExecutionListener.populatedRequestContextHolder' -> true, 'org.springframework.test.context.web.ServletTestExecutionListener.resetRequestContextHolder' -> true]]
2018-12-27 11:25:39.733  INFO 2120 --- [    Test worker] o.s.t.c.transaction.TransactionContext   : Began transaction (1) for test context [DefaultTestContext@45841012 testClass = AccountPayableSettingApiTest, testInstance = ags.goldenlionerp.apiTests.addresses.AccountPayableSettingApiTest@1aa4a181, testMethod = updateTestWithPatch@AccountPayableSettingApiTest, testException = [null], mergedContextConfiguration = [WebMergedContextConfiguration@1b8f8963 testClass = AccountPayableSettingApiTest, locations = '{}', classes = '{class ags.goldenlionerp.GoldenLionErpApplication}', contextInitializerClasses = '[]', activeProfiles = '{}', propertySourceLocations = '{classpath:test.properties}', propertySourceProperties = '{org.springframework.boot.test.context.SpringBootTestContextBootstrapper=true}', contextCustomizers = set[org.springframework.boot.test.autoconfigure.properties.PropertyMappingContextCustomizer@0, org.springframework.boot.test.autoconfigure.web.servlet.WebDriverContextCustomizerFactory$Customizer@636d731e, [ImportsContextCustomizer@339fdde1 key = [ags.goldenlionerp.apiTests.ApiTestBase$TestConfig]], org.springframework.boot.test.context.filter.ExcludeFilterContextCustomizer@6afa5291, org.springframework.boot.test.json.DuplicateJsonObjectContextCustomizerFactory$DuplicateJsonObjectContextCustomizer@20cebcb4, org.springframework.boot.test.mock.mockito.MockitoContextCustomizer@0, org.springframework.boot.test.web.client.TestRestTemplateContextCustomizer@49a32273], resourceBasePath = 'src/main/webapp', contextLoader = 'org.springframework.boot.test.context.SpringBootContextLoader', parent = [null]], attributes = map['org.springframework.test.context.web.ServletTestExecutionListener.activateListener' -> true, 'org.springframework.test.context.web.ServletTestExecutionListener.populatedRequestContextHolder' -> true, 'org.springframework.test.context.web.ServletTestExecutionListener.resetRequestContextHolder' -> true]]; transaction manager [org.springframework.orm.jpa.JpaTransactionManager@75de8c12]; rollback [true]
2018-12-27 11:25:39.734  INFO 2120 --- [    Test worker] o.s.b.t.m.w.SpringBootMockServletContext : Initializing Spring FrameworkServlet ''
2018-12-27 11:25:39.734  INFO 2120 --- [    Test worker] o.s.t.web.servlet.TestDispatcherServlet  : FrameworkServlet '': initialization started
2018-12-27 11:25:39.739  INFO 2120 --- [    Test worker] o.s.t.web.servlet.TestDispatcherServlet  : FrameworkServlet '': initialization completed in 5 ms
Hibernate: select accountpay0_.pmanum as pmanum1_23_0_, accountpay0_.pmcid as pmcid2_23_0_, accountpay0_.pmdtin as pmdtin3_23_0_, accountpay0_.pmtmin as pmtmin4_23_0_, accountpay0_.pmuid as pmuid5_23_0_, accountpay0_.pmdtlu as pmdtlu6_23_0_, accountpay0_.pmtmlu as pmtmlu7_23_0_, accountpay0_.pmuidm as pmuidm8_23_0_, accountpay0_.pmdtls as pmdtls9_23_0_, accountpay0_.pmapcls as pmapcls10_23_0_, accountpay0_.pmcrm as pmcrm11_23_0_, accountpay0_.pmcrct as pmcrct12_23_0_, accountpay0_.pmitc05 as pmitc13_23_0_, accountpay0_.pminsp as pminsp14_23_0_, accountpay0_.pmptc as pmptc15_23_0_, accountpay0_.pmspg as pmspg16_23_0_, accountpay0_.pmtaxau as pmtaxau17_23_0_, accountpay0_.pmtaxcd as pmtaxcd18_23_0_, accountpay0_.pmtaxid as pmtaxid19_23_0_ from t0401 accountpay0_ where accountpay0_.pmanum=?
Hibernate: update t0401 set pmcid=?, pmdtlu=?, pmtmlu=?, pmuidm=?, pmdtls=?, pmapcls=?, pmcrm=?, pmcrct=?, pmitc05=?, pminsp=?, pmptc=?, pmspg=?, pmtaxau=?, pmtaxcd=?, pmtaxid=? where pmanum=?
Hibernate: select accountpay0_.pmanum as pmanum1_23_0_, accountpay0_.pmcid as pmcid2_23_0_, accountpay0_.pmdtin as pmdtin3_23_0_, accountpay0_.pmtmin as pmtmin4_23_0_, accountpay0_.pmuid as pmuid5_23_0_, accountpay0_.pmdtlu as pmdtlu6_23_0_, accountpay0_.pmtmlu as pmtmlu7_23_0_, accountpay0_.pmuidm as pmuidm8_23_0_, accountpay0_.pmdtls as pmdtls9_23_0_, accountpay0_.pmapcls as pmapcls10_23_0_, accountpay0_.pmcrm as pmcrm11_23_0_, accountpay0_.pmcrct as pmcrct12_23_0_, accountpay0_.pmitc05 as pmitc13_23_0_, accountpay0_.pminsp as pminsp14_23_0_, accountpay0_.pmptc as pmptc15_23_0_, accountpay0_.pmspg as pmspg16_23_0_, accountpay0_.pmtaxau as pmtaxau17_23_0_, accountpay0_.pmtaxcd as pmtaxcd18_23_0_, accountpay0_.pmtaxid as pmtaxid19_23_0_ from t0401 accountpay0_ where accountpay0_.pmanum=?
2018-12-27 11:25:39.778  INFO 2120 --- [    Test worker] o.s.t.c.transaction.TransactionContext   : Rolled back transaction for test: [DefaultTestContext@45841012 testClass = AccountPayableSettingApiTest, testInstance = ags.goldenlionerp.apiTests.addresses.AccountPayableSettingApiTest@1aa4a181, testMethod = updateTestWithPatch@AccountPayableSettingApiTest, testException = [null], mergedContextConfiguration = [WebMergedContextConfiguration@1b8f8963 testClass = AccountPayableSettingApiTest, locations = '{}', classes = '{class ags.goldenlionerp.GoldenLionErpApplication}', contextInitializerClasses = '[]', activeProfiles = '{}', propertySourceLocations = '{classpath:test.properties}', propertySourceProperties = '{org.springframework.boot.test.context.SpringBootTestContextBootstrapper=true}', contextCustomizers = set[org.springframework.boot.test.autoconfigure.properties.PropertyMappingContextCustomizer@0, org.springframework.boot.test.autoconfigure.web.servlet.WebDriverContextCustomizerFactory$Customizer@636d731e, [ImportsContextCustomizer@339fdde1 key = [ags.goldenlionerp.apiTests.ApiTestBase$TestConfig]], org.springframework.boot.test.context.filter.ExcludeFilterContextCustomizer@6afa5291, org.springframework.boot.test.json.DuplicateJsonObjectContextCustomizerFactory$DuplicateJsonObjectContextCustomizer@20cebcb4, org.springframework.boot.test.mock.mockito.MockitoContextCustomizer@0, org.springframework.boot.test.web.client.TestRestTemplateContextCustomizer@49a32273], resourceBasePath = 'src/main/webapp', contextLoader = 'org.springframework.boot.test.context.SpringBootContextLoader', parent = [null]], attributes = map['org.springframework.test.context.web.ServletTestExecutionListener.activateListener' -> true, 'org.springframework.test.context.web.ServletTestExecutionListener.populatedRequestContextHolder' -> true, 'org.springframework.test.context.web.ServletTestExecutionListener.resetRequestContextHolder' -> true]]
2018-12-27 11:25:39.781  INFO 2120 --- [    Test worker] o.s.t.c.transaction.TransactionContext   : Began transaction (1) for test context [DefaultTestContext@45841012 testClass = AccountPayableSettingApiTest, testInstance = ags.goldenlionerp.apiTests.addresses.AccountPayableSettingApiTest@6a19bba5, testMethod = getTestCollection@AccountPayableSettingApiTest, testException = [null], mergedContextConfiguration = [WebMergedContextConfiguration@1b8f8963 testClass = AccountPayableSettingApiTest, locations = '{}', classes = '{class ags.goldenlionerp.GoldenLionErpApplication}', contextInitializerClasses = '[]', activeProfiles = '{}', propertySourceLocations = '{classpath:test.properties}', propertySourceProperties = '{org.springframework.boot.test.context.SpringBootTestContextBootstrapper=true}', contextCustomizers = set[org.springframework.boot.test.autoconfigure.properties.PropertyMappingContextCustomizer@0, org.springframework.boot.test.autoconfigure.web.servlet.WebDriverContextCustomizerFactory$Customizer@636d731e, [ImportsContextCustomizer@339fdde1 key = [ags.goldenlionerp.apiTests.ApiTestBase$TestConfig]], org.springframework.boot.test.context.filter.ExcludeFilterContextCustomizer@6afa5291, org.springframework.boot.test.json.DuplicateJsonObjectContextCustomizerFactory$DuplicateJsonObjectContextCustomizer@20cebcb4, org.springframework.boot.test.mock.mockito.MockitoContextCustomizer@0, org.springframework.boot.test.web.client.TestRestTemplateContextCustomizer@49a32273], resourceBasePath = 'src/main/webapp', contextLoader = 'org.springframework.boot.test.context.SpringBootContextLoader', parent = [null]], attributes = map['org.springframework.test.context.web.ServletTestExecutionListener.activateListener' -> true, 'org.springframework.test.context.web.ServletTestExecutionListener.populatedRequestContextHolder' -> true, 'org.springframework.test.context.web.ServletTestExecutionListener.resetRequestContextHolder' -> true]]; transaction manager [org.springframework.orm.jpa.JpaTransactionManager@75de8c12]; rollback [true]
2018-12-27 11:25:39.782  INFO 2120 --- [    Test worker] o.s.b.t.m.w.SpringBootMockServletContext : Initializing Spring FrameworkServlet ''
2018-12-27 11:25:39.782  INFO 2120 --- [    Test worker] o.s.t.web.servlet.TestDispatcherServlet  : FrameworkServlet '': initialization started
2018-12-27 11:25:39.789  INFO 2120 --- [    Test worker] o.s.t.web.servlet.TestDispatcherServlet  : FrameworkServlet '': initialization completed in 7 ms
2018-12-27 11:25:39.798  INFO 2120 --- [    Test worker] o.s.t.c.transaction.TransactionContext   : Rolled back transaction for test: [DefaultTestContext@45841012 testClass = AccountPayableSettingApiTest, testInstance = ags.goldenlionerp.apiTests.addresses.AccountPayableSettingApiTest@6a19bba5, testMethod = getTestCollection@AccountPayableSettingApiTest, testException = [null], mergedContextConfiguration = [WebMergedContextConfiguration@1b8f8963 testClass = AccountPayableSettingApiTest, locations = '{}', classes = '{class ags.goldenlionerp.GoldenLionErpApplication}', contextInitializerClasses = '[]', activeProfiles = '{}', propertySourceLocations = '{classpath:test.properties}', propertySourceProperties = '{org.springframework.boot.test.context.SpringBootTestContextBootstrapper=true}', contextCustomizers = set[org.springframework.boot.test.autoconfigure.properties.PropertyMappingContextCustomizer@0, org.springframework.boot.test.autoconfigure.web.servlet.WebDriverContextCustomizerFactory$Customizer@636d731e, [ImportsContextCustomizer@339fdde1 key = [ags.goldenlionerp.apiTests.ApiTestBase$TestConfig]], org.springframework.boot.test.context.filter.ExcludeFilterContextCustomizer@6afa5291, org.springframework.boot.test.json.DuplicateJsonObjectContextCustomizerFactory$DuplicateJsonObjectContextCustomizer@20cebcb4, org.springframework.boot.test.mock.mockito.MockitoContextCustomizer@0, org.springframework.boot.test.web.client.TestRestTemplateContextCustomizer@49a32273], resourceBasePath = 'src/main/webapp', contextLoader = 'org.springframework.boot.test.context.SpringBootContextLoader', parent = [null]], attributes = map['org.springframework.test.context.web.ServletTestExecutionListener.activateListener' -> true, 'org.springframework.test.context.web.ServletTestExecutionListener.populatedRequestContextHolder' -> true, 'org.springframework.test.context.web.ServletTestExecutionListener.resetRequestContextHolder' -> true]]
2018-12-27 11:25:39.800  INFO 2120 --- [    Test worker] o.s.t.c.transaction.TransactionContext   : Began transaction (1) for test context [DefaultTestContext@45841012 testClass = AccountPayableSettingApiTest, testInstance = ags.goldenlionerp.apiTests.addresses.AccountPayableSettingApiTest@1e3f59d, testMethod = createTestWithPut@AccountPayableSettingApiTest, testException = [null], mergedContextConfiguration = [WebMergedContextConfiguration@1b8f8963 testClass = AccountPayableSettingApiTest, locations = '{}', classes = '{class ags.goldenlionerp.GoldenLionErpApplication}', contextInitializerClasses = '[]', activeProfiles = '{}', propertySourceLocations = '{classpath:test.properties}', propertySourceProperties = '{org.springframework.boot.test.context.SpringBootTestContextBootstrapper=true}', contextCustomizers = set[org.springframework.boot.test.autoconfigure.properties.PropertyMappingContextCustomizer@0, org.springframework.boot.test.autoconfigure.web.servlet.WebDriverContextCustomizerFactory$Customizer@636d731e, [ImportsContextCustomizer@339fdde1 key = [ags.goldenlionerp.apiTests.ApiTestBase$TestConfig]], org.springframework.boot.test.context.filter.ExcludeFilterContextCustomizer@6afa5291, org.springframework.boot.test.json.DuplicateJsonObjectContextCustomizerFactory$DuplicateJsonObjectContextCustomizer@20cebcb4, org.springframework.boot.test.mock.mockito.MockitoContextCustomizer@0, org.springframework.boot.test.web.client.TestRestTemplateContextCustomizer@49a32273], resourceBasePath = 'src/main/webapp', contextLoader = 'org.springframework.boot.test.context.SpringBootContextLoader', parent = [null]], attributes = map['org.springframework.test.context.web.ServletTestExecutionListener.activateListener' -> true, 'org.springframework.test.context.web.ServletTestExecutionListener.populatedRequestContextHolder' -> true, 'org.springframework.test.context.web.ServletTestExecutionListener.resetRequestContextHolder' -> true]]; transaction manager [org.springframework.orm.jpa.JpaTransactionManager@75de8c12]; rollback [true]
2018-12-27 11:25:39.801  INFO 2120 --- [    Test worker] o.s.b.t.m.w.SpringBootMockServletContext : Initializing Spring FrameworkServlet ''
2018-12-27 11:25:39.801  INFO 2120 --- [    Test worker] o.s.t.web.servlet.TestDispatcherServlet  : FrameworkServlet '': initialization started
2018-12-27 11:25:39.807  INFO 2120 --- [    Test worker] o.s.t.web.servlet.TestDispatcherServlet  : FrameworkServlet '': initialization completed in 6 ms
Hibernate: select accountpay0_.pmanum as pmanum1_23_0_, accountpay0_.pmcid as pmcid2_23_0_, accountpay0_.pmdtin as pmdtin3_23_0_, accountpay0_.pmtmin as pmtmin4_23_0_, accountpay0_.pmuid as pmuid5_23_0_, accountpay0_.pmdtlu as pmdtlu6_23_0_, accountpay0_.pmtmlu as pmtmlu7_23_0_, accountpay0_.pmuidm as pmuidm8_23_0_, accountpay0_.pmdtls as pmdtls9_23_0_, accountpay0_.pmapcls as pmapcls10_23_0_, accountpay0_.pmcrm as pmcrm11_23_0_, accountpay0_.pmcrct as pmcrct12_23_0_, accountpay0_.pmitc05 as pmitc13_23_0_, accountpay0_.pminsp as pminsp14_23_0_, accountpay0_.pmptc as pmptc15_23_0_, accountpay0_.pmspg as pmspg16_23_0_, accountpay0_.pmtaxau as pmtaxau17_23_0_, accountpay0_.pmtaxcd as pmtaxcd18_23_0_, accountpay0_.pmtaxid as pmtaxid19_23_0_ from t0401 accountpay0_ where accountpay0_.pmanum=?
Hibernate: select accountpay0_.pmanum as pmanum1_23_0_, accountpay0_.pmcid as pmcid2_23_0_, accountpay0_.pmdtin as pmdtin3_23_0_, accountpay0_.pmtmin as pmtmin4_23_0_, accountpay0_.pmuid as pmuid5_23_0_, accountpay0_.pmdtlu as pmdtlu6_23_0_, accountpay0_.pmtmlu as pmtmlu7_23_0_, accountpay0_.pmuidm as pmuidm8_23_0_, accountpay0_.pmdtls as pmdtls9_23_0_, accountpay0_.pmapcls as pmapcls10_23_0_, accountpay0_.pmcrm as pmcrm11_23_0_, accountpay0_.pmcrct as pmcrct12_23_0_, accountpay0_.pmitc05 as pmitc13_23_0_, accountpay0_.pminsp as pminsp14_23_0_, accountpay0_.pmptc as pmptc15_23_0_, accountpay0_.pmspg as pmspg16_23_0_, accountpay0_.pmtaxau as pmtaxau17_23_0_, accountpay0_.pmtaxcd as pmtaxcd18_23_0_, accountpay0_.pmtaxid as pmtaxid19_23_0_ from t0401 accountpay0_ where accountpay0_.pmanum=?
Hibernate: select accountpay0_.pmanum as pmanum1_23_0_, accountpay0_.pmcid as pmcid2_23_0_, accountpay0_.pmdtin as pmdtin3_23_0_, accountpay0_.pmtmin as pmtmin4_23_0_, accountpay0_.pmuid as pmuid5_23_0_, accountpay0_.pmdtlu as pmdtlu6_23_0_, accountpay0_.pmtmlu as pmtmlu7_23_0_, accountpay0_.pmuidm as pmuidm8_23_0_, accountpay0_.pmdtls as pmdtls9_23_0_, accountpay0_.pmapcls as pmapcls10_23_0_, accountpay0_.pmcrm as pmcrm11_23_0_, accountpay0_.pmcrct as pmcrct12_23_0_, accountpay0_.pmitc05 as pmitc13_23_0_, accountpay0_.pminsp as pminsp14_23_0_, accountpay0_.pmptc as pmptc15_23_0_, accountpay0_.pmspg as pmspg16_23_0_, accountpay0_.pmtaxau as pmtaxau17_23_0_, accountpay0_.pmtaxcd as pmtaxcd18_23_0_, accountpay0_.pmtaxid as pmtaxid19_23_0_ from t0401 accountpay0_ where accountpay0_.pmanum=?
Hibernate: insert into t0401 (pmcid, pmdtin, pmtmin, pmuid, pmdtlu, pmtmlu, pmuidm, pmdtls, pmapcls, pmcrm, pmcrct, pmitc05, pminsp, pmptc, pmspg, pmtaxau, pmtaxcd, pmtaxid, pmanum) values (?, ?, ?, ?, ?, ?, ?, ?, ?, ?, ?, ?, ?, ?, ?, ?, ?, ?, ?)
Hibernate: select accountpay0_.pmanum as pmanum1_23_0_, accountpay0_.pmcid as pmcid2_23_0_, accountpay0_.pmdtin as pmdtin3_23_0_, accountpay0_.pmtmin as pmtmin4_23_0_, accountpay0_.pmuid as pmuid5_23_0_, accountpay0_.pmdtlu as pmdtlu6_23_0_, accountpay0_.pmtmlu as pmtmlu7_23_0_, accountpay0_.pmuidm as pmuidm8_23_0_, accountpay0_.pmdtls as pmdtls9_23_0_, accountpay0_.pmapcls as pmapcls10_23_0_, accountpay0_.pmcrm as pmcrm11_23_0_, accountpay0_.pmcrct as pmcrct12_23_0_, accountpay0_.pmitc05 as pmitc13_23_0_, accountpay0_.pminsp as pminsp14_23_0_, accountpay0_.pmptc as pmptc15_23_0_, accountpay0_.pmspg as pmspg16_23_0_, accountpay0_.pmtaxau as pmtaxau17_23_0_, accountpay0_.pmtaxcd as pmtaxcd18_23_0_, accountpay0_.pmtaxid as pmtaxid19_23_0_ from t0401 accountpay0_ where accountpay0_.pmanum=?
2018-12-27 11:25:39.844  INFO 2120 --- [    Test worker] o.s.t.c.transaction.TransactionContext   : Rolled back transaction for test: [DefaultTestContext@45841012 testClass = AccountPayableSettingApiTest, testInstance = ags.goldenlionerp.apiTests.addresses.AccountPayableSettingApiTest@1e3f59d, testMethod = createTestWithPut@AccountPayableSettingApiTest, testException = [null], mergedContextConfiguration = [WebMergedContextConfiguration@1b8f8963 testClass = AccountPayableSettingApiTest, locations = '{}', classes = '{class ags.goldenlionerp.GoldenLionErpApplication}', contextInitializerClasses = '[]', activeProfiles = '{}', propertySourceLocations = '{classpath:test.properties}', propertySourceProperties = '{org.springframework.boot.test.context.SpringBootTestContextBootstrapper=true}', contextCustomizers = set[org.springframework.boot.test.autoconfigure.properties.PropertyMappingContextCustomizer@0, org.springframework.boot.test.autoconfigure.web.servlet.WebDriverContextCustomizerFactory$Customizer@636d731e, [ImportsContextCustomizer@339fdde1 key = [ags.goldenlionerp.apiTests.ApiTestBase$TestConfig]], org.springframework.boot.test.context.filter.ExcludeFilterContextCustomizer@6afa5291, org.springframework.boot.test.json.DuplicateJsonObjectContextCustomizerFactory$DuplicateJsonObjectContextCustomizer@20cebcb4, org.springframework.boot.test.mock.mockito.MockitoContextCustomizer@0, org.springframework.boot.test.web.client.TestRestTemplateContextCustomizer@49a32273], resourceBasePath = 'src/main/webapp', contextLoader = 'org.springframework.boot.test.context.SpringBootContextLoader', parent = [null]], attributes = map['org.springframework.test.context.web.ServletTestExecutionListener.activateListener' -> true, 'org.springframework.test.context.web.ServletTestExecutionListener.populatedRequestContextHolder' -> true, 'org.springframework.test.context.web.ServletTestExecutionListener.resetRequestContextHolder' -> true]]
2018-12-27 11:25:39.846  INFO 2120 --- [    Test worker] o.s.t.c.transaction.TransactionContext   : Began transaction (1) for test context [DefaultTestContext@45841012 testClass = AccountPayableSettingApiTest, testInstance = ags.goldenlionerp.apiTests.addresses.AccountPayableSettingApiTest@39662635, testMethod = deleteTest@AccountPayableSettingApiTest, testException = [null], mergedContextConfiguration = [WebMergedContextConfiguration@1b8f8963 testClass = AccountPayableSettingApiTest, locations = '{}', classes = '{class ags.goldenlionerp.GoldenLionErpApplication}', contextInitializerClasses = '[]', activeProfiles = '{}', propertySourceLocations = '{classpath:test.properties}', propertySourceProperties = '{org.springframework.boot.test.context.SpringBootTestContextBootstrapper=true}', contextCustomizers = set[org.springframework.boot.test.autoconfigure.properties.PropertyMappingContextCustomizer@0, org.springframework.boot.test.autoconfigure.web.servlet.WebDriverContextCustomizerFactory$Customizer@636d731e, [ImportsContextCustomizer@339fdde1 key = [ags.goldenlionerp.apiTests.ApiTestBase$TestConfig]], org.springframework.boot.test.context.filter.ExcludeFilterContextCustomizer@6afa5291, org.springframework.boot.test.json.DuplicateJsonObjectContextCustomizerFactory$DuplicateJsonObjectContextCustomizer@20cebcb4, org.springframework.boot.test.mock.mockito.MockitoContextCustomizer@0, org.springframework.boot.test.web.client.TestRestTemplateContextCustomizer@49a32273], resourceBasePath = 'src/main/webapp', contextLoader = 'org.springframework.boot.test.context.SpringBootContextLoader', parent = [null]], attributes = map['org.springframework.test.context.web.ServletTestExecutionListener.activateListener' -> true, 'org.springframework.test.context.web.ServletTestExecutionListener.populatedRequestContextHolder' -> true, 'org.springframework.test.context.web.ServletTestExecutionListener.resetRequestContextHolder' -> true]]; transaction manager [org.springframework.orm.jpa.JpaTransactionManager@75de8c12]; rollback [true]
2018-12-27 11:25:39.847  INFO 2120 --- [    Test worker] o.s.b.t.m.w.SpringBootMockServletContext : Initializing Spring FrameworkServlet ''
2018-12-27 11:25:39.847  INFO 2120 --- [    Test worker] o.s.t.web.servlet.TestDispatcherServlet  : FrameworkServlet '': initialization started
2018-12-27 11:25:39.853  INFO 2120 --- [    Test worker] o.s.t.web.servlet.TestDispatcherServlet  : FrameworkServlet '': initialization completed in 6 ms
Hibernate: select accountpay0_.pmanum as pmanum1_23_0_, accountpay0_.pmcid as pmcid2_23_0_, accountpay0_.pmdtin as pmdtin3_23_0_, accountpay0_.pmtmin as pmtmin4_23_0_, accountpay0_.pmuid as pmuid5_23_0_, accountpay0_.pmdtlu as pmdtlu6_23_0_, accountpay0_.pmtmlu as pmtmlu7_23_0_, accountpay0_.pmuidm as pmuidm8_23_0_, accountpay0_.pmdtls as pmdtls9_23_0_, accountpay0_.pmapcls as pmapcls10_23_0_, accountpay0_.pmcrm as pmcrm11_23_0_, accountpay0_.pmcrct as pmcrct12_23_0_, accountpay0_.pmitc05 as pmitc13_23_0_, accountpay0_.pminsp as pminsp14_23_0_, accountpay0_.pmptc as pmptc15_23_0_, accountpay0_.pmspg as pmspg16_23_0_, accountpay0_.pmtaxau as pmtaxau17_23_0_, accountpay0_.pmtaxcd as pmtaxcd18_23_0_, accountpay0_.pmtaxid as pmtaxid19_23_0_ from t0401 accountpay0_ where accountpay0_.pmanum=?
2018-12-27 11:25:39.865  INFO 2120 --- [    Test worker] o.s.t.c.transaction.TransactionContext   : Rolled back transaction for test: [DefaultTestContext@45841012 testClass = AccountPayableSettingApiTest, testInstance = ags.goldenlionerp.apiTests.addresses.AccountPayableSettingApiTest@39662635, testMethod = deleteTest@AccountPayableSettingApiTest, testException = [null], mergedContextConfiguration = [WebMergedContextConfiguration@1b8f8963 testClass = AccountPayableSettingApiTest, locations = '{}', classes = '{class ags.goldenlionerp.GoldenLionErpApplication}', contextInitializerClasses = '[]', activeProfiles = '{}', propertySourceLocations = '{classpath:test.properties}', propertySourceProperties = '{org.springframework.boot.test.context.SpringBootTestContextBootstrapper=true}', contextCustomizers = set[org.springframework.boot.test.autoconfigure.properties.PropertyMappingContextCustomizer@0, org.springframework.boot.test.autoconfigure.web.servlet.WebDriverContextCustomizerFactory$Customizer@636d731e, [ImportsContextCustomizer@339fdde1 key = [ags.goldenlionerp.apiTests.ApiTestBase$TestConfig]], org.springframework.boot.test.context.filter.ExcludeFilterContextCustomizer@6afa5291, org.springframework.boot.test.json.DuplicateJsonObjectContextCustomizerFactory$DuplicateJsonObjectContextCustomizer@20cebcb4, org.springframework.boot.test.mock.mockito.MockitoContextCustomizer@0, org.springframework.boot.test.web.client.TestRestTemplateContextCustomizer@49a32273], resourceBasePath = 'src/main/webapp', contextLoader = 'org.springframework.boot.test.context.SpringBootContextLoader', parent = [null]], attributes = map['org.springframework.test.context.web.ServletTestExecutionListener.activateListener' -> true, 'org.springframework.test.context.web.ServletTestExecutionListener.populatedRequestContextHolder' -> true, 'org.springframework.test.context.web.ServletTestExecutionListener.resetRequestContextHolder' -> true]]
2018-12-27 11:25:39.867  INFO 2120 --- [    Test worker] o.s.t.c.transaction.TransactionContext   : Began transaction (1) for test context [DefaultTestContext@45841012 testClass = AccountPayableSettingApiTest, testInstance = ags.goldenlionerp.apiTests.addresses.AccountPayableSettingApiTest@4f50d44, testMethod = createTestWithPost@AccountPayableSettingApiTest, testException = [null], mergedContextConfiguration = [WebMergedContextConfiguration@1b8f8963 testClass = AccountPayableSettingApiTest, locations = '{}', classes = '{class ags.goldenlionerp.GoldenLionErpApplication}', contextInitializerClasses = '[]', activeProfiles = '{}', propertySourceLocations = '{classpath:test.properties}', propertySourceProperties = '{org.springframework.boot.test.context.SpringBootTestContextBootstrapper=true}', contextCustomizers = set[org.springframework.boot.test.autoconfigure.properties.PropertyMappingContextCustomizer@0, org.springframework.boot.test.autoconfigure.web.servlet.WebDriverContextCustomizerFactory$Customizer@636d731e, [ImportsContextCustomizer@339fdde1 key = [ags.goldenlionerp.apiTests.ApiTestBase$TestConfig]], org.springframework.boot.test.context.filter.ExcludeFilterContextCustomizer@6afa5291, org.springframework.boot.test.json.DuplicateJsonObjectContextCustomizerFactory$DuplicateJsonObjectContextCustomizer@20cebcb4, org.springframework.boot.test.mock.mockito.MockitoContextCustomizer@0, org.springframework.boot.test.web.client.TestRestTemplateContextCustomizer@49a32273], resourceBasePath = 'src/main/webapp', contextLoader = 'org.springframework.boot.test.context.SpringBootContextLoader', parent = [null]], attributes = map['org.springframework.test.context.web.ServletTestExecutionListener.activateListener' -> true, 'org.springframework.test.context.web.ServletTestExecutionListener.populatedRequestContextHolder' -> true, 'org.springframework.test.context.web.ServletTestExecutionListener.resetRequestContextHolder' -> true]]; transaction manager [org.springframework.orm.jpa.JpaTransactionManager@75de8c12]; rollback [true]
2018-12-27 11:25:39.868  INFO 2120 --- [    Test worker] o.s.b.t.m.w.SpringBootMockServletContext : Initializing Spring FrameworkServlet ''
2018-12-27 11:25:39.868  INFO 2120 --- [    Test worker] o.s.t.web.servlet.TestDispatcherServlet  : FrameworkServlet '': initialization started
2018-12-27 11:25:39.873  INFO 2120 --- [    Test worker] o.s.t.web.servlet.TestDispatcherServlet  : FrameworkServlet '': initialization completed in 5 ms
Hibernate: select accountpay0_.pmanum as pmanum1_23_0_, accountpay0_.pmcid as pmcid2_23_0_, accountpay0_.pmdtin as pmdtin3_23_0_, accountpay0_.pmtmin as pmtmin4_23_0_, accountpay0_.pmuid as pmuid5_23_0_, accountpay0_.pmdtlu as pmdtlu6_23_0_, accountpay0_.pmtmlu as pmtmlu7_23_0_, accountpay0_.pmuidm as pmuidm8_23_0_, accountpay0_.pmdtls as pmdtls9_23_0_, accountpay0_.pmapcls as pmapcls10_23_0_, accountpay0_.pmcrm as pmcrm11_23_0_, accountpay0_.pmcrct as pmcrct12_23_0_, accountpay0_.pmitc05 as pmitc13_23_0_, accountpay0_.pminsp as pminsp14_23_0_, accountpay0_.pmptc as pmptc15_23_0_, accountpay0_.pmspg as pmspg16_23_0_, accountpay0_.pmtaxau as pmtaxau17_23_0_, accountpay0_.pmtaxcd as pmtaxcd18_23_0_, accountpay0_.pmtaxid as pmtaxid19_23_0_ from t0401 accountpay0_ where accountpay0_.pmanum=?
2018-12-27 11:25:39.884  INFO 2120 --- [    Test worker] o.s.t.c.transaction.TransactionContext   : Rolled back transaction for test: [DefaultTestContext@45841012 testClass = AccountPayableSettingApiTest, testInstance = ags.goldenlionerp.apiTests.addresses.AccountPayableSettingApiTest@4f50d44, testMethod = createTestWithPost@AccountPayableSettingApiTest, testException = [null], mergedContextConfiguration = [WebMergedContextConfiguration@1b8f8963 testClass = AccountPayableSettingApiTest, locations = '{}', classes = '{class ags.goldenlionerp.GoldenLionErpApplication}', contextInitializerClasses = '[]', activeProfiles = '{}', propertySourceLocations = '{classpath:test.properties}', propertySourceProperties = '{org.springframework.boot.test.context.SpringBootTestContextBootstrapper=true}', contextCustomizers = set[org.springframework.boot.test.autoconfigure.properties.PropertyMappingContextCustomizer@0, org.springframework.boot.test.autoconfigure.web.servlet.WebDriverContextCustomizerFactory$Customizer@636d731e, [ImportsContextCustomizer@339fdde1 key = [ags.goldenlionerp.apiTests.ApiTestBase$TestConfig]], org.springframework.boot.test.context.filter.ExcludeFilterContextCustomizer@6afa5291, org.springframework.boot.test.json.DuplicateJsonObjectContextCustomizerFactory$DuplicateJsonObjectContextCustomizer@20cebcb4, org.springframework.boot.test.mock.mockito.MockitoContextCustomizer@0, org.springframework.boot.test.web.client.TestRestTemplateContextCustomizer@49a32273], resourceBasePath = 'src/main/webapp', contextLoader = 'org.springframework.boot.test.context.SpringBootContextLoader', parent = [null]], attributes = map['org.springframework.test.context.web.ServletTestExecutionListener.activateListener' -> true, 'org.springframework.test.context.web.ServletTestExecutionListener.populatedRequestContextHolder' -> true, 'org.springframework.test.context.web.ServletTestExecutionListener.resetRequestContextHolder' -> true]]
2018-12-27 11:25:39.886  INFO 2120 --- [    Test worker] o.s.t.c.transaction.TransactionContext   : Began transaction (1) for test context [DefaultTestContext@45841012 testClass = AccountPayableSettingApiTest, testInstance = ags.goldenlionerp.apiTests.addresses.AccountPayableSettingApiTest@1b836c62, testMethod = getTestSingle@ApiTestBase, testException = [null], mergedContextConfiguration = [WebMergedContextConfiguration@1b8f8963 testClass = AccountPayableSettingApiTest, locations = '{}', classes = '{class ags.goldenlionerp.GoldenLionErpApplication}', contextInitializerClasses = '[]', activeProfiles = '{}', propertySourceLocations = '{classpath:test.properties}', propertySourceProperties = '{org.springframework.boot.test.context.SpringBootTestContextBootstrapper=true}', contextCustomizers = set[org.springframework.boot.test.autoconfigure.properties.PropertyMappingContextCustomizer@0, org.springframework.boot.test.autoconfigure.web.servlet.WebDriverContextCustomizerFactory$Customizer@636d731e, [ImportsContextCustomizer@339fdde1 key = [ags.goldenlionerp.apiTests.ApiTestBase$TestConfig]], org.springframework.boot.test.context.filter.ExcludeFilterContextCustomizer@6afa5291, org.springframework.boot.test.json.DuplicateJsonObjectContextCustomizerFactory$DuplicateJsonObjectContextCustomizer@20cebcb4, org.springframework.boot.test.mock.mockito.MockitoContextCustomizer@0, org.springframework.boot.test.web.client.TestRestTemplateContextCustomizer@49a32273], resourceBasePath = 'src/main/webapp', contextLoader = 'org.springframework.boot.test.context.SpringBootContextLoader', parent = [null]], attributes = map['org.springframework.test.context.web.ServletTestExecutionListener.activateListener' -> true, 'org.springframework.test.context.web.ServletTestExecutionListener.populatedRequestContextHolder' -> true, 'org.springframework.test.context.web.ServletTestExecutionListener.resetRequestContextHolder' -> true]]; transaction manager [org.springframework.orm.jpa.JpaTransactionManager@75de8c12]; rollback [true]
2018-12-27 11:25:39.887  INFO 2120 --- [    Test worker] o.s.b.t.m.w.SpringBootMockServletContext : Initializing Spring FrameworkServlet ''
2018-12-27 11:25:39.887  INFO 2120 --- [    Test worker] o.s.t.web.servlet.TestDispatcherServlet  : FrameworkServlet '': initialization started
2018-12-27 11:25:39.894  INFO 2120 --- [    Test worker] o.s.t.web.servlet.TestDispatcherServlet  : FrameworkServlet '': initialization completed in 7 ms
Hibernate: select accountpay0_.pmanum as pmanum1_23_0_, accountpay0_.pmcid as pmcid2_23_0_, accountpay0_.pmdtin as pmdtin3_23_0_, accountpay0_.pmtmin as pmtmin4_23_0_, accountpay0_.pmuid as pmuid5_23_0_, accountpay0_.pmdtlu as pmdtlu6_23_0_, accountpay0_.pmtmlu as pmtmlu7_23_0_, accountpay0_.pmuidm as pmuidm8_23_0_, accountpay0_.pmdtls as pmdtls9_23_0_, accountpay0_.pmapcls as pmapcls10_23_0_, accountpay0_.pmcrm as pmcrm11_23_0_, accountpay0_.pmcrct as pmcrct12_23_0_, accountpay0_.pmitc05 as pmitc13_23_0_, accountpay0_.pminsp as pminsp14_23_0_, accountpay0_.pmptc as pmptc15_23_0_, accountpay0_.pmspg as pmspg16_23_0_, accountpay0_.pmtaxau as pmtaxau17_23_0_, accountpay0_.pmtaxcd as pmtaxcd18_23_0_, accountpay0_.pmtaxid as pmtaxid19_23_0_ from t0401 accountpay0_ where accountpay0_.pmanum=?
2018-12-27 11:25:39.910  INFO 2120 --- [    Test worker] o.s.t.c.transaction.TransactionContext   : Rolled back transaction for test: [DefaultTestContext@45841012 testClass = AccountPayableSettingApiTest, testInstance = ags.goldenlionerp.apiTests.addresses.AccountPayableSettingApiTest@1b836c62, testMethod = getTestSingle@ApiTestBase, testException = [null], mergedContextConfiguration = [WebMergedContextConfiguration@1b8f8963 testClass = AccountPayableSettingApiTest, locations = '{}', classes = '{class ags.goldenlionerp.GoldenLionErpApplication}', contextInitializerClasses = '[]', activeProfiles = '{}', propertySourceLocations = '{classpath:test.properties}', propertySourceProperties = '{org.springframework.boot.test.context.SpringBootTestContextBootstrapper=true}', contextCustomizers = set[org.springframework.boot.test.autoconfigure.properties.PropertyMappingContextCustomizer@0, org.springframework.boot.test.autoconfigure.web.servlet.WebDriverContextCustomizerFactory$Customizer@636d731e, [ImportsContextCustomizer@339fdde1 key = [ags.goldenlionerp.apiTests.ApiTestBase$TestConfig]], org.springframework.boot.test.context.filter.ExcludeFilterContextCustomizer@6afa5291, org.springframework.boot.test.json.DuplicateJsonObjectContextCustomizerFactory$DuplicateJsonObjectContextCustomizer@20cebcb4, org.springframework.boot.test.mock.mockito.MockitoContextCustomizer@0, org.springframework.boot.test.web.client.TestRestTemplateContextCustomizer@49a32273], resourceBasePath = 'src/main/webapp', contextLoader = 'org.springframework.boot.test.context.SpringBootContextLoader', parent = [null]], attributes = map['org.springframework.test.context.web.ServletTestExecutionListener.activateListener' -> true, 'org.springframework.test.context.web.ServletTestExecutionListener.populatedRequestContextHolder' -> true, 'org.springframework.test.context.web.ServletTestExecutionListener.resetRequestContextHolder' -> true]]
]]></system-out>
  <system-err><![CDATA[]]></system-err>
</testsuite>
