<?xml version="1.0" encoding="UTF-8"?>
<testsuite name="ags.goldenlionerp.application.setups.nextnumber.NextNumberServiceTest" tests="11" skipped="4" failures="0" errors="0" timestamp="2018-12-14T10:36:06" hostname="LAPTOP-FHFRCCL6" time="0.096">
  <properties/>
  <testcase name="testFindExistButDifferentMethod2" classname="ags.goldenlionerp.application.setups.nextnumber.NextNumberServiceTest" time="0.036"/>
  <testcase name="testFindExisting" classname="ags.goldenlionerp.application.setups.nextnumber.NextNumberServiceTest" time="0.006"/>
  <testcase name="testDocumentNo_CM" classname="ags.goldenlionerp.application.setups.nextnumber.NextNumberServiceTest" time="0.008"/>
  <testcase name="testDocumentNo_CY" classname="ags.goldenlionerp.application.setups.nextnumber.NextNumberServiceTest" time="0.005">
    <skipped/>
  </testcase>
  <testcase name="testDocumentNo_MO" classname="ags.goldenlionerp.application.setups.nextnumber.NextNumberServiceTest" time="0.005">
    <skipped/>
  </testcase>
  <testcase name="testDocumentNo_NR" classname="ags.goldenlionerp.application.setups.nextnumber.NextNumberServiceTest" time="0.005">
    <skipped/>
  </testcase>
  <testcase name="testDocumentNo_YR" classname="ags.goldenlionerp.application.setups.nextnumber.NextNumberServiceTest" time="0.004">
    <skipped/>
  </testcase>
  <testcase name="testIncrement" classname="ags.goldenlionerp.application.setups.nextnumber.NextNumberServiceTest" time="0.007"/>
  <testcase name="testFindNotExisting" classname="ags.goldenlionerp.application.setups.nextnumber.NextNumberServiceTest" time="0.006"/>
  <testcase name="testFindExistButDifferentMethod" classname="ags.goldenlionerp.application.setups.nextnumber.NextNumberServiceTest" time="0.004"/>
  <testcase name="testDocumentNo_CM_NotExisting" classname="ags.goldenlionerp.application.setups.nextnumber.NextNumberServiceTest" time="0.006"/>
  <system-out><![CDATA[2018-12-14 17:36:06.032  INFO 9212 --- [    Test worker] .b.t.c.SpringBootTestContextBootstrapper : Neither @ContextConfiguration nor @ContextHierarchy found for test class [ags.goldenlionerp.application.setups.nextnumber.NextNumberServiceTest], using SpringBootContextLoader
2018-12-14 17:36:06.032  INFO 9212 --- [    Test worker] o.s.t.c.support.AbstractContextLoader    : Could not detect default resource locations for test class [ags.goldenlionerp.application.setups.nextnumber.NextNumberServiceTest]: no resource found for suffixes {-context.xml, Context.groovy}.
2018-12-14 17:36:06.032  INFO 9212 --- [    Test worker] t.c.s.AnnotationConfigContextLoaderUtils : Could not detect default configuration classes for test class [ags.goldenlionerp.application.setups.nextnumber.NextNumberServiceTest]: NextNumberServiceTest does not declare any static, non-private, non-final, nested classes annotated with @Configuration.
2018-12-14 17:36:06.050  INFO 9212 --- [    Test worker] .b.t.c.SpringBootTestContextBootstrapper : Found @SpringBootConfiguration ags.goldenlionerp.GoldenLionErpApplication for test class ags.goldenlionerp.application.setups.nextnumber.NextNumberServiceTest
2018-12-14 17:36:06.051  INFO 9212 --- [    Test worker] .b.t.c.SpringBootTestContextBootstrapper : Loaded default TestExecutionListener class names from location [META-INF/spring.factories]: [org.springframework.security.test.context.support.WithSecurityContextTestExecutionListener, org.springframework.security.test.context.support.ReactorContextTestExecutionListener, org.springframework.boot.test.autoconfigure.restdocs.RestDocsTestExecutionListener, org.springframework.boot.test.autoconfigure.web.client.MockRestServiceServerResetTestExecutionListener, org.springframework.boot.test.autoconfigure.web.servlet.MockMvcPrintOnlyOnFailureTestExecutionListener, org.springframework.boot.test.autoconfigure.web.servlet.WebDriverTestExecutionListener, org.springframework.boot.test.mock.mockito.MockitoTestExecutionListener, org.springframework.boot.test.mock.mockito.ResetMocksTestExecutionListener, org.springframework.test.context.web.ServletTestExecutionListener, org.springframework.test.context.support.DirtiesContextBeforeModesTestExecutionListener, org.springframework.test.context.support.DependencyInjectionTestExecutionListener, org.springframework.test.context.support.DirtiesContextTestExecutionListener, org.springframework.test.context.transaction.TransactionalTestExecutionListener, org.springframework.test.context.jdbc.SqlScriptsTestExecutionListener]
2018-12-14 17:36:06.052  INFO 9212 --- [    Test worker] .b.t.c.SpringBootTestContextBootstrapper : Using TestExecutionListeners: [org.springframework.test.context.web.ServletTestExecutionListener@3f351b80, org.springframework.test.context.support.DirtiesContextBeforeModesTestExecutionListener@51c308ad, org.springframework.boot.test.mock.mockito.MockitoTestExecutionListener@59f84c04, org.springframework.boot.test.autoconfigure.SpringBootDependencyInjectionTestExecutionListener@2b5b4f77, org.springframework.test.context.support.DirtiesContextTestExecutionListener@3ca5b887, org.springframework.test.context.transaction.TransactionalTestExecutionListener@756a59de, org.springframework.test.context.jdbc.SqlScriptsTestExecutionListener@6e69a31b, org.springframework.security.test.context.support.WithSecurityContextTestExecutionListener@1fb86956, org.springframework.security.test.context.support.ReactorContextTestExecutionListener@ec88ba6, org.springframework.boot.test.autoconfigure.restdocs.RestDocsTestExecutionListener@294b8708, org.springframework.boot.test.autoconfigure.web.client.MockRestServiceServerResetTestExecutionListener@a998841, org.springframework.boot.test.autoconfigure.web.servlet.MockMvcPrintOnlyOnFailureTestExecutionListener@56b7b29d, org.springframework.boot.test.autoconfigure.web.servlet.WebDriverTestExecutionListener@1c689656, org.springframework.boot.test.mock.mockito.ResetMocksTestExecutionListener@696e2114]
2018-12-14 17:36:06.062  INFO 9212 --- [    Test worker] o.s.t.c.transaction.TransactionContext   : Began transaction (1) for test context [DefaultTestContext@303ff0e3 testClass = NextNumberServiceTest, testInstance = ags.goldenlionerp.application.setups.nextnumber.NextNumberServiceTest@2c469026, testMethod = testFindExistButDifferentMethod2@NextNumberServiceTest, testException = [null], mergedContextConfiguration = [WebMergedContextConfiguration@7fd50ac7 testClass = NextNumberServiceTest, locations = '{}', classes = '{class ags.goldenlionerp.GoldenLionErpApplication}', contextInitializerClasses = '[]', activeProfiles = '{}', propertySourceLocations = '{}', propertySourceProperties = '{org.springframework.boot.test.context.SpringBootTestContextBootstrapper=true}', contextCustomizers = set[org.springframework.boot.test.autoconfigure.properties.PropertyMappingContextCustomizer@0, org.springframework.boot.test.autoconfigure.web.servlet.WebDriverContextCustomizerFactory$Customizer@636d731e, org.springframework.boot.test.context.filter.ExcludeFilterContextCustomizer@6afa5291, org.springframework.boot.test.json.DuplicateJsonObjectContextCustomizerFactory$DuplicateJsonObjectContextCustomizer@20cebcb4, org.springframework.boot.test.mock.mockito.MockitoContextCustomizer@0, org.springframework.boot.test.web.client.TestRestTemplateContextCustomizer@49a32273], resourceBasePath = 'src/main/webapp', contextLoader = 'org.springframework.boot.test.context.SpringBootContextLoader', parent = [null]], attributes = map['org.springframework.test.context.web.ServletTestExecutionListener.activateListener' -> true, 'org.springframework.test.context.web.ServletTestExecutionListener.populatedRequestContextHolder' -> true, 'org.springframework.test.context.web.ServletTestExecutionListener.resetRequestContextHolder' -> true]]; transaction manager [org.springframework.orm.jpa.JpaTransactionManager@78127b67]; rollback [true]
Hibernate: select nextnumber0_.ncdocty as ncdocty1_3_0_, nextnumber0_.nccid as nccid2_3_0_, nextnumber0_.ncdtin as ncdtin3_3_0_, nextnumber0_.nctmin as nctmin4_3_0_, nextnumber0_.ncuid as ncuid5_3_0_, nextnumber0_.ncdtlu as ncdtlu6_3_0_, nextnumber0_.nctmlu as nctmlu7_3_0_, nextnumber0_.ncuidm as ncuidm8_3_0_, nextnumber0_.ncinmo as ncinmo9_3_0_, nextnumber0_.ncinyr as ncinyr10_3_0_, nextnumber0_.ncrsmt as ncrsmt11_3_0_, nextnumber0_.ncrsat as ncrsat12_3_0_ from t0010n nextnumber0_ where nextnumber0_.ncdocty=?
Hibernate: select nextnumber0_.nncoid as nncoid1_0_0_, nextnumber0_.nndocbty as nndocbty2_0_0_, nextnumber0_.nnmo as nnmo3_0_0_, nextnumber0_.nnyr as nnyr4_0_0_, nextnumber0_.nncid as nncid5_0_0_, nextnumber0_.nndtin as nndtin6_0_0_, nextnumber0_.nntmin as nntmin7_0_0_, nextnumber0_.nnuid as nnuid8_0_0_, nextnumber0_.nndtlu as nndtlu9_0_0_, nextnumber0_.nntmlu as nntmlu10_0_0_, nextnumber0_.nnuidm as nnuidm11_0_0_, nextnumber0_.nnseq as nnseq12_0_0_ from t0002 nextnumber0_ where nextnumber0_.nncoid=? and nextnumber0_.nndocbty=? and nextnumber0_.nnmo=? and nextnumber0_.nnyr=?
Hibernate: select nextnumber0_.nncoid as nncoid1_0_0_, nextnumber0_.nndocbty as nndocbty2_0_0_, nextnumber0_.nnmo as nnmo3_0_0_, nextnumber0_.nnyr as nnyr4_0_0_, nextnumber0_.nncid as nncid5_0_0_, nextnumber0_.nndtin as nndtin6_0_0_, nextnumber0_.nntmin as nntmin7_0_0_, nextnumber0_.nnuid as nnuid8_0_0_, nextnumber0_.nndtlu as nndtlu9_0_0_, nextnumber0_.nntmlu as nntmlu10_0_0_, nextnumber0_.nnuidm as nnuidm11_0_0_, nextnumber0_.nnseq as nnseq12_0_0_ from t0002 nextnumber0_ where nextnumber0_.nncoid=? and nextnumber0_.nndocbty=? and nextnumber0_.nnmo=? and nextnumber0_.nnyr=?
2018-12-14 17:36:06.095  INFO 9212 --- [    Test worker] o.s.t.c.transaction.TransactionContext   : Rolled back transaction for test: [DefaultTestContext@303ff0e3 testClass = NextNumberServiceTest, testInstance = ags.goldenlionerp.application.setups.nextnumber.NextNumberServiceTest@2c469026, testMethod = testFindExistButDifferentMethod2@NextNumberServiceTest, testException = [null], mergedContextConfiguration = [WebMergedContextConfiguration@7fd50ac7 testClass = NextNumberServiceTest, locations = '{}', classes = '{class ags.goldenlionerp.GoldenLionErpApplication}', contextInitializerClasses = '[]', activeProfiles = '{}', propertySourceLocations = '{}', propertySourceProperties = '{org.springframework.boot.test.context.SpringBootTestContextBootstrapper=true}', contextCustomizers = set[org.springframework.boot.test.autoconfigure.properties.PropertyMappingContextCustomizer@0, org.springframework.boot.test.autoconfigure.web.servlet.WebDriverContextCustomizerFactory$Customizer@636d731e, org.springframework.boot.test.context.filter.ExcludeFilterContextCustomizer@6afa5291, org.springframework.boot.test.json.DuplicateJsonObjectContextCustomizerFactory$DuplicateJsonObjectContextCustomizer@20cebcb4, org.springframework.boot.test.mock.mockito.MockitoContextCustomizer@0, org.springframework.boot.test.web.client.TestRestTemplateContextCustomizer@49a32273], resourceBasePath = 'src/main/webapp', contextLoader = 'org.springframework.boot.test.context.SpringBootContextLoader', parent = [null]], attributes = map['org.springframework.test.context.web.ServletTestExecutionListener.activateListener' -> true, 'org.springframework.test.context.web.ServletTestExecutionListener.populatedRequestContextHolder' -> true, 'org.springframework.test.context.web.ServletTestExecutionListener.resetRequestContextHolder' -> true]]
2018-12-14 17:36:06.095  INFO 9212 --- [    Test worker] o.s.t.c.transaction.TransactionContext   : Began transaction (1) for test context [DefaultTestContext@303ff0e3 testClass = NextNumberServiceTest, testInstance = ags.goldenlionerp.application.setups.nextnumber.NextNumberServiceTest@424cd51b, testMethod = testFindExisting@NextNumberServiceTest, testException = [null], mergedContextConfiguration = [WebMergedContextConfiguration@7fd50ac7 testClass = NextNumberServiceTest, locations = '{}', classes = '{class ags.goldenlionerp.GoldenLionErpApplication}', contextInitializerClasses = '[]', activeProfiles = '{}', propertySourceLocations = '{}', propertySourceProperties = '{org.springframework.boot.test.context.SpringBootTestContextBootstrapper=true}', contextCustomizers = set[org.springframework.boot.test.autoconfigure.properties.PropertyMappingContextCustomizer@0, org.springframework.boot.test.autoconfigure.web.servlet.WebDriverContextCustomizerFactory$Customizer@636d731e, org.springframework.boot.test.context.filter.ExcludeFilterContextCustomizer@6afa5291, org.springframework.boot.test.json.DuplicateJsonObjectContextCustomizerFactory$DuplicateJsonObjectContextCustomizer@20cebcb4, org.springframework.boot.test.mock.mockito.MockitoContextCustomizer@0, org.springframework.boot.test.web.client.TestRestTemplateContextCustomizer@49a32273], resourceBasePath = 'src/main/webapp', contextLoader = 'org.springframework.boot.test.context.SpringBootContextLoader', parent = [null]], attributes = map['org.springframework.test.context.web.ServletTestExecutionListener.activateListener' -> true, 'org.springframework.test.context.web.ServletTestExecutionListener.populatedRequestContextHolder' -> true, 'org.springframework.test.context.web.ServletTestExecutionListener.resetRequestContextHolder' -> true]]; transaction manager [org.springframework.orm.jpa.JpaTransactionManager@78127b67]; rollback [true]
Hibernate: select nextnumber0_.ncdocty as ncdocty1_3_0_, nextnumber0_.nccid as nccid2_3_0_, nextnumber0_.ncdtin as ncdtin3_3_0_, nextnumber0_.nctmin as nctmin4_3_0_, nextnumber0_.ncuid as ncuid5_3_0_, nextnumber0_.ncdtlu as ncdtlu6_3_0_, nextnumber0_.nctmlu as nctmlu7_3_0_, nextnumber0_.ncuidm as ncuidm8_3_0_, nextnumber0_.ncinmo as ncinmo9_3_0_, nextnumber0_.ncinyr as ncinyr10_3_0_, nextnumber0_.ncrsmt as ncrsmt11_3_0_, nextnumber0_.ncrsat as ncrsat12_3_0_ from t0010n nextnumber0_ where nextnumber0_.ncdocty=?
Hibernate: select nextnumber0_.nncoid as nncoid1_0_0_, nextnumber0_.nndocbty as nndocbty2_0_0_, nextnumber0_.nnmo as nnmo3_0_0_, nextnumber0_.nnyr as nnyr4_0_0_, nextnumber0_.nncid as nncid5_0_0_, nextnumber0_.nndtin as nndtin6_0_0_, nextnumber0_.nntmin as nntmin7_0_0_, nextnumber0_.nnuid as nnuid8_0_0_, nextnumber0_.nndtlu as nndtlu9_0_0_, nextnumber0_.nntmlu as nntmlu10_0_0_, nextnumber0_.nnuidm as nnuidm11_0_0_, nextnumber0_.nnseq as nnseq12_0_0_ from t0002 nextnumber0_ where nextnumber0_.nncoid=? and nextnumber0_.nndocbty=? and nextnumber0_.nnmo=? and nextnumber0_.nnyr=?
2018-12-14 17:36:06.095  INFO 9212 --- [    Test worker] o.s.t.c.transaction.TransactionContext   : Rolled back transaction for test: [DefaultTestContext@303ff0e3 testClass = NextNumberServiceTest, testInstance = ags.goldenlionerp.application.setups.nextnumber.NextNumberServiceTest@424cd51b, testMethod = testFindExisting@NextNumberServiceTest, testException = [null], mergedContextConfiguration = [WebMergedContextConfiguration@7fd50ac7 testClass = NextNumberServiceTest, locations = '{}', classes = '{class ags.goldenlionerp.GoldenLionErpApplication}', contextInitializerClasses = '[]', activeProfiles = '{}', propertySourceLocations = '{}', propertySourceProperties = '{org.springframework.boot.test.context.SpringBootTestContextBootstrapper=true}', contextCustomizers = set[org.springframework.boot.test.autoconfigure.properties.PropertyMappingContextCustomizer@0, org.springframework.boot.test.autoconfigure.web.servlet.WebDriverContextCustomizerFactory$Customizer@636d731e, org.springframework.boot.test.context.filter.ExcludeFilterContextCustomizer@6afa5291, org.springframework.boot.test.json.DuplicateJsonObjectContextCustomizerFactory$DuplicateJsonObjectContextCustomizer@20cebcb4, org.springframework.boot.test.mock.mockito.MockitoContextCustomizer@0, org.springframework.boot.test.web.client.TestRestTemplateContextCustomizer@49a32273], resourceBasePath = 'src/main/webapp', contextLoader = 'org.springframework.boot.test.context.SpringBootContextLoader', parent = [null]], attributes = map['org.springframework.test.context.web.ServletTestExecutionListener.activateListener' -> true, 'org.springframework.test.context.web.ServletTestExecutionListener.populatedRequestContextHolder' -> true, 'org.springframework.test.context.web.ServletTestExecutionListener.resetRequestContextHolder' -> true]]
2018-12-14 17:36:06.095  INFO 9212 --- [    Test worker] o.s.t.c.transaction.TransactionContext   : Began transaction (1) for test context [DefaultTestContext@303ff0e3 testClass = NextNumberServiceTest, testInstance = ags.goldenlionerp.application.setups.nextnumber.NextNumberServiceTest@5f4a1613, testMethod = testDocumentNo_CM@NextNumberServiceTest, testException = [null], mergedContextConfiguration = [WebMergedContextConfiguration@7fd50ac7 testClass = NextNumberServiceTest, locations = '{}', classes = '{class ags.goldenlionerp.GoldenLionErpApplication}', contextInitializerClasses = '[]', activeProfiles = '{}', propertySourceLocations = '{}', propertySourceProperties = '{org.springframework.boot.test.context.SpringBootTestContextBootstrapper=true}', contextCustomizers = set[org.springframework.boot.test.autoconfigure.properties.PropertyMappingContextCustomizer@0, org.springframework.boot.test.autoconfigure.web.servlet.WebDriverContextCustomizerFactory$Customizer@636d731e, org.springframework.boot.test.context.filter.ExcludeFilterContextCustomizer@6afa5291, org.springframework.boot.test.json.DuplicateJsonObjectContextCustomizerFactory$DuplicateJsonObjectContextCustomizer@20cebcb4, org.springframework.boot.test.mock.mockito.MockitoContextCustomizer@0, org.springframework.boot.test.web.client.TestRestTemplateContextCustomizer@49a32273], resourceBasePath = 'src/main/webapp', contextLoader = 'org.springframework.boot.test.context.SpringBootContextLoader', parent = [null]], attributes = map['org.springframework.test.context.web.ServletTestExecutionListener.activateListener' -> true, 'org.springframework.test.context.web.ServletTestExecutionListener.populatedRequestContextHolder' -> true, 'org.springframework.test.context.web.ServletTestExecutionListener.resetRequestContextHolder' -> true]]; transaction manager [org.springframework.orm.jpa.JpaTransactionManager@78127b67]; rollback [true]
Hibernate: select nextnumber0_.ncdocty as ncdocty1_3_0_, nextnumber0_.nccid as nccid2_3_0_, nextnumber0_.ncdtin as ncdtin3_3_0_, nextnumber0_.nctmin as nctmin4_3_0_, nextnumber0_.ncuid as ncuid5_3_0_, nextnumber0_.ncdtlu as ncdtlu6_3_0_, nextnumber0_.nctmlu as nctmlu7_3_0_, nextnumber0_.ncuidm as ncuidm8_3_0_, nextnumber0_.ncinmo as ncinmo9_3_0_, nextnumber0_.ncinyr as ncinyr10_3_0_, nextnumber0_.ncrsmt as ncrsmt11_3_0_, nextnumber0_.ncrsat as ncrsat12_3_0_ from t0010n nextnumber0_ where nextnumber0_.ncdocty=?
Hibernate: select nextnumber0_.nncoid as nncoid1_0_0_, nextnumber0_.nndocbty as nndocbty2_0_0_, nextnumber0_.nnmo as nnmo3_0_0_, nextnumber0_.nnyr as nnyr4_0_0_, nextnumber0_.nncid as nncid5_0_0_, nextnumber0_.nndtin as nndtin6_0_0_, nextnumber0_.nntmin as nntmin7_0_0_, nextnumber0_.nnuid as nnuid8_0_0_, nextnumber0_.nndtlu as nndtlu9_0_0_, nextnumber0_.nntmlu as nntmlu10_0_0_, nextnumber0_.nnuidm as nnuidm11_0_0_, nextnumber0_.nnseq as nnseq12_0_0_ from t0002 nextnumber0_ where nextnumber0_.nncoid=? and nextnumber0_.nndocbty=? and nextnumber0_.nnmo=? and nextnumber0_.nnyr=?
2018-12-14 17:36:06.111  INFO 9212 --- [    Test worker] o.s.t.c.transaction.TransactionContext   : Rolled back transaction for test: [DefaultTestContext@303ff0e3 testClass = NextNumberServiceTest, testInstance = ags.goldenlionerp.application.setups.nextnumber.NextNumberServiceTest@5f4a1613, testMethod = testDocumentNo_CM@NextNumberServiceTest, testException = [null], mergedContextConfiguration = [WebMergedContextConfiguration@7fd50ac7 testClass = NextNumberServiceTest, locations = '{}', classes = '{class ags.goldenlionerp.GoldenLionErpApplication}', contextInitializerClasses = '[]', activeProfiles = '{}', propertySourceLocations = '{}', propertySourceProperties = '{org.springframework.boot.test.context.SpringBootTestContextBootstrapper=true}', contextCustomizers = set[org.springframework.boot.test.autoconfigure.properties.PropertyMappingContextCustomizer@0, org.springframework.boot.test.autoconfigure.web.servlet.WebDriverContextCustomizerFactory$Customizer@636d731e, org.springframework.boot.test.context.filter.ExcludeFilterContextCustomizer@6afa5291, org.springframework.boot.test.json.DuplicateJsonObjectContextCustomizerFactory$DuplicateJsonObjectContextCustomizer@20cebcb4, org.springframework.boot.test.mock.mockito.MockitoContextCustomizer@0, org.springframework.boot.test.web.client.TestRestTemplateContextCustomizer@49a32273], resourceBasePath = 'src/main/webapp', contextLoader = 'org.springframework.boot.test.context.SpringBootContextLoader', parent = [null]], attributes = map['org.springframework.test.context.web.ServletTestExecutionListener.activateListener' -> true, 'org.springframework.test.context.web.ServletTestExecutionListener.populatedRequestContextHolder' -> true, 'org.springframework.test.context.web.ServletTestExecutionListener.resetRequestContextHolder' -> true]]
2018-12-14 17:36:06.111  INFO 9212 --- [    Test worker] o.s.t.c.transaction.TransactionContext   : Began transaction (1) for test context [DefaultTestContext@303ff0e3 testClass = NextNumberServiceTest, testInstance = ags.goldenlionerp.application.setups.nextnumber.NextNumberServiceTest@469395a9, testMethod = testDocumentNo_CY@NextNumberServiceTest, testException = [null], mergedContextConfiguration = [WebMergedContextConfiguration@7fd50ac7 testClass = NextNumberServiceTest, locations = '{}', classes = '{class ags.goldenlionerp.GoldenLionErpApplication}', contextInitializerClasses = '[]', activeProfiles = '{}', propertySourceLocations = '{}', propertySourceProperties = '{org.springframework.boot.test.context.SpringBootTestContextBootstrapper=true}', contextCustomizers = set[org.springframework.boot.test.autoconfigure.properties.PropertyMappingContextCustomizer@0, org.springframework.boot.test.autoconfigure.web.servlet.WebDriverContextCustomizerFactory$Customizer@636d731e, org.springframework.boot.test.context.filter.ExcludeFilterContextCustomizer@6afa5291, org.springframework.boot.test.json.DuplicateJsonObjectContextCustomizerFactory$DuplicateJsonObjectContextCustomizer@20cebcb4, org.springframework.boot.test.mock.mockito.MockitoContextCustomizer@0, org.springframework.boot.test.web.client.TestRestTemplateContextCustomizer@49a32273], resourceBasePath = 'src/main/webapp', contextLoader = 'org.springframework.boot.test.context.SpringBootContextLoader', parent = [null]], attributes = map['org.springframework.test.context.web.ServletTestExecutionListener.activateListener' -> true, 'org.springframework.test.context.web.ServletTestExecutionListener.populatedRequestContextHolder' -> true, 'org.springframework.test.context.web.ServletTestExecutionListener.resetRequestContextHolder' -> true]]; transaction manager [org.springframework.orm.jpa.JpaTransactionManager@78127b67]; rollback [true]
2018-12-14 17:36:06.111  INFO 9212 --- [    Test worker] o.s.t.c.transaction.TransactionContext   : Rolled back transaction for test: [DefaultTestContext@303ff0e3 testClass = NextNumberServiceTest, testInstance = ags.goldenlionerp.application.setups.nextnumber.NextNumberServiceTest@469395a9, testMethod = testDocumentNo_CY@NextNumberServiceTest, testException = org.junit.AssumptionViolatedException: got: <false>, expected: is <true>, mergedContextConfiguration = [WebMergedContextConfiguration@7fd50ac7 testClass = NextNumberServiceTest, locations = '{}', classes = '{class ags.goldenlionerp.GoldenLionErpApplication}', contextInitializerClasses = '[]', activeProfiles = '{}', propertySourceLocations = '{}', propertySourceProperties = '{org.springframework.boot.test.context.SpringBootTestContextBootstrapper=true}', contextCustomizers = set[org.springframework.boot.test.autoconfigure.properties.PropertyMappingContextCustomizer@0, org.springframework.boot.test.autoconfigure.web.servlet.WebDriverContextCustomizerFactory$Customizer@636d731e, org.springframework.boot.test.context.filter.ExcludeFilterContextCustomizer@6afa5291, org.springframework.boot.test.json.DuplicateJsonObjectContextCustomizerFactory$DuplicateJsonObjectContextCustomizer@20cebcb4, org.springframework.boot.test.mock.mockito.MockitoContextCustomizer@0, org.springframework.boot.test.web.client.TestRestTemplateContextCustomizer@49a32273], resourceBasePath = 'src/main/webapp', contextLoader = 'org.springframework.boot.test.context.SpringBootContextLoader', parent = [null]], attributes = map['org.springframework.test.context.web.ServletTestExecutionListener.activateListener' -> true, 'org.springframework.test.context.web.ServletTestExecutionListener.populatedRequestContextHolder' -> true, 'org.springframework.test.context.web.ServletTestExecutionListener.resetRequestContextHolder' -> true]]
2018-12-14 17:36:06.111  INFO 9212 --- [    Test worker] o.s.t.c.transaction.TransactionContext   : Began transaction (1) for test context [DefaultTestContext@303ff0e3 testClass = NextNumberServiceTest, testInstance = ags.goldenlionerp.application.setups.nextnumber.NextNumberServiceTest@7f2f70e9, testMethod = testDocumentNo_MO@NextNumberServiceTest, testException = [null], mergedContextConfiguration = [WebMergedContextConfiguration@7fd50ac7 testClass = NextNumberServiceTest, locations = '{}', classes = '{class ags.goldenlionerp.GoldenLionErpApplication}', contextInitializerClasses = '[]', activeProfiles = '{}', propertySourceLocations = '{}', propertySourceProperties = '{org.springframework.boot.test.context.SpringBootTestContextBootstrapper=true}', contextCustomizers = set[org.springframework.boot.test.autoconfigure.properties.PropertyMappingContextCustomizer@0, org.springframework.boot.test.autoconfigure.web.servlet.WebDriverContextCustomizerFactory$Customizer@636d731e, org.springframework.boot.test.context.filter.ExcludeFilterContextCustomizer@6afa5291, org.springframework.boot.test.json.DuplicateJsonObjectContextCustomizerFactory$DuplicateJsonObjectContextCustomizer@20cebcb4, org.springframework.boot.test.mock.mockito.MockitoContextCustomizer@0, org.springframework.boot.test.web.client.TestRestTemplateContextCustomizer@49a32273], resourceBasePath = 'src/main/webapp', contextLoader = 'org.springframework.boot.test.context.SpringBootContextLoader', parent = [null]], attributes = map['org.springframework.test.context.web.ServletTestExecutionListener.activateListener' -> true, 'org.springframework.test.context.web.ServletTestExecutionListener.populatedRequestContextHolder' -> true, 'org.springframework.test.context.web.ServletTestExecutionListener.resetRequestContextHolder' -> true]]; transaction manager [org.springframework.orm.jpa.JpaTransactionManager@78127b67]; rollback [true]
2018-12-14 17:36:06.111  INFO 9212 --- [    Test worker] o.s.t.c.transaction.TransactionContext   : Rolled back transaction for test: [DefaultTestContext@303ff0e3 testClass = NextNumberServiceTest, testInstance = ags.goldenlionerp.application.setups.nextnumber.NextNumberServiceTest@7f2f70e9, testMethod = testDocumentNo_MO@NextNumberServiceTest, testException = org.junit.AssumptionViolatedException: got: <false>, expected: is <true>, mergedContextConfiguration = [WebMergedContextConfiguration@7fd50ac7 testClass = NextNumberServiceTest, locations = '{}', classes = '{class ags.goldenlionerp.GoldenLionErpApplication}', contextInitializerClasses = '[]', activeProfiles = '{}', propertySourceLocations = '{}', propertySourceProperties = '{org.springframework.boot.test.context.SpringBootTestContextBootstrapper=true}', contextCustomizers = set[org.springframework.boot.test.autoconfigure.properties.PropertyMappingContextCustomizer@0, org.springframework.boot.test.autoconfigure.web.servlet.WebDriverContextCustomizerFactory$Customizer@636d731e, org.springframework.boot.test.context.filter.ExcludeFilterContextCustomizer@6afa5291, org.springframework.boot.test.json.DuplicateJsonObjectContextCustomizerFactory$DuplicateJsonObjectContextCustomizer@20cebcb4, org.springframework.boot.test.mock.mockito.MockitoContextCustomizer@0, org.springframework.boot.test.web.client.TestRestTemplateContextCustomizer@49a32273], resourceBasePath = 'src/main/webapp', contextLoader = 'org.springframework.boot.test.context.SpringBootContextLoader', parent = [null]], attributes = map['org.springframework.test.context.web.ServletTestExecutionListener.activateListener' -> true, 'org.springframework.test.context.web.ServletTestExecutionListener.populatedRequestContextHolder' -> true, 'org.springframework.test.context.web.ServletTestExecutionListener.resetRequestContextHolder' -> true]]
2018-12-14 17:36:06.111  INFO 9212 --- [    Test worker] o.s.t.c.transaction.TransactionContext   : Began transaction (1) for test context [DefaultTestContext@303ff0e3 testClass = NextNumberServiceTest, testInstance = ags.goldenlionerp.application.setups.nextnumber.NextNumberServiceTest@c249ec3, testMethod = testDocumentNo_NR@NextNumberServiceTest, testException = [null], mergedContextConfiguration = [WebMergedContextConfiguration@7fd50ac7 testClass = NextNumberServiceTest, locations = '{}', classes = '{class ags.goldenlionerp.GoldenLionErpApplication}', contextInitializerClasses = '[]', activeProfiles = '{}', propertySourceLocations = '{}', propertySourceProperties = '{org.springframework.boot.test.context.SpringBootTestContextBootstrapper=true}', contextCustomizers = set[org.springframework.boot.test.autoconfigure.properties.PropertyMappingContextCustomizer@0, org.springframework.boot.test.autoconfigure.web.servlet.WebDriverContextCustomizerFactory$Customizer@636d731e, org.springframework.boot.test.context.filter.ExcludeFilterContextCustomizer@6afa5291, org.springframework.boot.test.json.DuplicateJsonObjectContextCustomizerFactory$DuplicateJsonObjectContextCustomizer@20cebcb4, org.springframework.boot.test.mock.mockito.MockitoContextCustomizer@0, org.springframework.boot.test.web.client.TestRestTemplateContextCustomizer@49a32273], resourceBasePath = 'src/main/webapp', contextLoader = 'org.springframework.boot.test.context.SpringBootContextLoader', parent = [null]], attributes = map['org.springframework.test.context.web.ServletTestExecutionListener.activateListener' -> true, 'org.springframework.test.context.web.ServletTestExecutionListener.populatedRequestContextHolder' -> true, 'org.springframework.test.context.web.ServletTestExecutionListener.resetRequestContextHolder' -> true]]; transaction manager [org.springframework.orm.jpa.JpaTransactionManager@78127b67]; rollback [true]
2018-12-14 17:36:06.126  INFO 9212 --- [    Test worker] o.s.t.c.transaction.TransactionContext   : Rolled back transaction for test: [DefaultTestContext@303ff0e3 testClass = NextNumberServiceTest, testInstance = ags.goldenlionerp.application.setups.nextnumber.NextNumberServiceTest@c249ec3, testMethod = testDocumentNo_NR@NextNumberServiceTest, testException = org.junit.AssumptionViolatedException: got: <false>, expected: is <true>, mergedContextConfiguration = [WebMergedContextConfiguration@7fd50ac7 testClass = NextNumberServiceTest, locations = '{}', classes = '{class ags.goldenlionerp.GoldenLionErpApplication}', contextInitializerClasses = '[]', activeProfiles = '{}', propertySourceLocations = '{}', propertySourceProperties = '{org.springframework.boot.test.context.SpringBootTestContextBootstrapper=true}', contextCustomizers = set[org.springframework.boot.test.autoconfigure.properties.PropertyMappingContextCustomizer@0, org.springframework.boot.test.autoconfigure.web.servlet.WebDriverContextCustomizerFactory$Customizer@636d731e, org.springframework.boot.test.context.filter.ExcludeFilterContextCustomizer@6afa5291, org.springframework.boot.test.json.DuplicateJsonObjectContextCustomizerFactory$DuplicateJsonObjectContextCustomizer@20cebcb4, org.springframework.boot.test.mock.mockito.MockitoContextCustomizer@0, org.springframework.boot.test.web.client.TestRestTemplateContextCustomizer@49a32273], resourceBasePath = 'src/main/webapp', contextLoader = 'org.springframework.boot.test.context.SpringBootContextLoader', parent = [null]], attributes = map['org.springframework.test.context.web.ServletTestExecutionListener.activateListener' -> true, 'org.springframework.test.context.web.ServletTestExecutionListener.populatedRequestContextHolder' -> true, 'org.springframework.test.context.web.ServletTestExecutionListener.resetRequestContextHolder' -> true]]
2018-12-14 17:36:06.126  INFO 9212 --- [    Test worker] o.s.t.c.transaction.TransactionContext   : Began transaction (1) for test context [DefaultTestContext@303ff0e3 testClass = NextNumberServiceTest, testInstance = ags.goldenlionerp.application.setups.nextnumber.NextNumberServiceTest@366ff4f7, testMethod = testDocumentNo_YR@NextNumberServiceTest, testException = [null], mergedContextConfiguration = [WebMergedContextConfiguration@7fd50ac7 testClass = NextNumberServiceTest, locations = '{}', classes = '{class ags.goldenlionerp.GoldenLionErpApplication}', contextInitializerClasses = '[]', activeProfiles = '{}', propertySourceLocations = '{}', propertySourceProperties = '{org.springframework.boot.test.context.SpringBootTestContextBootstrapper=true}', contextCustomizers = set[org.springframework.boot.test.autoconfigure.properties.PropertyMappingContextCustomizer@0, org.springframework.boot.test.autoconfigure.web.servlet.WebDriverContextCustomizerFactory$Customizer@636d731e, org.springframework.boot.test.context.filter.ExcludeFilterContextCustomizer@6afa5291, org.springframework.boot.test.json.DuplicateJsonObjectContextCustomizerFactory$DuplicateJsonObjectContextCustomizer@20cebcb4, org.springframework.boot.test.mock.mockito.MockitoContextCustomizer@0, org.springframework.boot.test.web.client.TestRestTemplateContextCustomizer@49a32273], resourceBasePath = 'src/main/webapp', contextLoader = 'org.springframework.boot.test.context.SpringBootContextLoader', parent = [null]], attributes = map['org.springframework.test.context.web.ServletTestExecutionListener.activateListener' -> true, 'org.springframework.test.context.web.ServletTestExecutionListener.populatedRequestContextHolder' -> true, 'org.springframework.test.context.web.ServletTestExecutionListener.resetRequestContextHolder' -> true]]; transaction manager [org.springframework.orm.jpa.JpaTransactionManager@78127b67]; rollback [true]
2018-12-14 17:36:06.126  INFO 9212 --- [    Test worker] o.s.t.c.transaction.TransactionContext   : Rolled back transaction for test: [DefaultTestContext@303ff0e3 testClass = NextNumberServiceTest, testInstance = ags.goldenlionerp.application.setups.nextnumber.NextNumberServiceTest@366ff4f7, testMethod = testDocumentNo_YR@NextNumberServiceTest, testException = org.junit.AssumptionViolatedException: got: <false>, expected: is <true>, mergedContextConfiguration = [WebMergedContextConfiguration@7fd50ac7 testClass = NextNumberServiceTest, locations = '{}', classes = '{class ags.goldenlionerp.GoldenLionErpApplication}', contextInitializerClasses = '[]', activeProfiles = '{}', propertySourceLocations = '{}', propertySourceProperties = '{org.springframework.boot.test.context.SpringBootTestContextBootstrapper=true}', contextCustomizers = set[org.springframework.boot.test.autoconfigure.properties.PropertyMappingContextCustomizer@0, org.springframework.boot.test.autoconfigure.web.servlet.WebDriverContextCustomizerFactory$Customizer@636d731e, org.springframework.boot.test.context.filter.ExcludeFilterContextCustomizer@6afa5291, org.springframework.boot.test.json.DuplicateJsonObjectContextCustomizerFactory$DuplicateJsonObjectContextCustomizer@20cebcb4, org.springframework.boot.test.mock.mockito.MockitoContextCustomizer@0, org.springframework.boot.test.web.client.TestRestTemplateContextCustomizer@49a32273], resourceBasePath = 'src/main/webapp', contextLoader = 'org.springframework.boot.test.context.SpringBootContextLoader', parent = [null]], attributes = map['org.springframework.test.context.web.ServletTestExecutionListener.activateListener' -> true, 'org.springframework.test.context.web.ServletTestExecutionListener.populatedRequestContextHolder' -> true, 'org.springframework.test.context.web.ServletTestExecutionListener.resetRequestContextHolder' -> true]]
2018-12-14 17:36:06.126  INFO 9212 --- [    Test worker] o.s.t.c.transaction.TransactionContext   : Began transaction (1) for test context [DefaultTestContext@303ff0e3 testClass = NextNumberServiceTest, testInstance = ags.goldenlionerp.application.setups.nextnumber.NextNumberServiceTest@6c8b114e, testMethod = testIncrement@NextNumberServiceTest, testException = [null], mergedContextConfiguration = [WebMergedContextConfiguration@7fd50ac7 testClass = NextNumberServiceTest, locations = '{}', classes = '{class ags.goldenlionerp.GoldenLionErpApplication}', contextInitializerClasses = '[]', activeProfiles = '{}', propertySourceLocations = '{}', propertySourceProperties = '{org.springframework.boot.test.context.SpringBootTestContextBootstrapper=true}', contextCustomizers = set[org.springframework.boot.test.autoconfigure.properties.PropertyMappingContextCustomizer@0, org.springframework.boot.test.autoconfigure.web.servlet.WebDriverContextCustomizerFactory$Customizer@636d731e, org.springframework.boot.test.context.filter.ExcludeFilterContextCustomizer@6afa5291, org.springframework.boot.test.json.DuplicateJsonObjectContextCustomizerFactory$DuplicateJsonObjectContextCustomizer@20cebcb4, org.springframework.boot.test.mock.mockito.MockitoContextCustomizer@0, org.springframework.boot.test.web.client.TestRestTemplateContextCustomizer@49a32273], resourceBasePath = 'src/main/webapp', contextLoader = 'org.springframework.boot.test.context.SpringBootContextLoader', parent = [null]], attributes = map['org.springframework.test.context.web.ServletTestExecutionListener.activateListener' -> true, 'org.springframework.test.context.web.ServletTestExecutionListener.populatedRequestContextHolder' -> true, 'org.springframework.test.context.web.ServletTestExecutionListener.resetRequestContextHolder' -> true]]; transaction manager [org.springframework.orm.jpa.JpaTransactionManager@78127b67]; rollback [true]
Hibernate: select nextnumber0_.ncdocty as ncdocty1_3_0_, nextnumber0_.nccid as nccid2_3_0_, nextnumber0_.ncdtin as ncdtin3_3_0_, nextnumber0_.nctmin as nctmin4_3_0_, nextnumber0_.ncuid as ncuid5_3_0_, nextnumber0_.ncdtlu as ncdtlu6_3_0_, nextnumber0_.nctmlu as nctmlu7_3_0_, nextnumber0_.ncuidm as ncuidm8_3_0_, nextnumber0_.ncinmo as ncinmo9_3_0_, nextnumber0_.ncinyr as ncinyr10_3_0_, nextnumber0_.ncrsmt as ncrsmt11_3_0_, nextnumber0_.ncrsat as ncrsat12_3_0_ from t0010n nextnumber0_ where nextnumber0_.ncdocty=?
Hibernate: select nextnumber0_.nncoid as nncoid1_0_0_, nextnumber0_.nndocbty as nndocbty2_0_0_, nextnumber0_.nnmo as nnmo3_0_0_, nextnumber0_.nnyr as nnyr4_0_0_, nextnumber0_.nncid as nncid5_0_0_, nextnumber0_.nndtin as nndtin6_0_0_, nextnumber0_.nntmin as nntmin7_0_0_, nextnumber0_.nnuid as nnuid8_0_0_, nextnumber0_.nndtlu as nndtlu9_0_0_, nextnumber0_.nntmlu as nntmlu10_0_0_, nextnumber0_.nnuidm as nnuidm11_0_0_, nextnumber0_.nnseq as nnseq12_0_0_ from t0002 nextnumber0_ where nextnumber0_.nncoid=? and nextnumber0_.nndocbty=? and nextnumber0_.nnmo=? and nextnumber0_.nnyr=?
Hibernate: select nextnumber0_.nncoid as nncoid1_0_0_, nextnumber0_.nndocbty as nndocbty2_0_0_, nextnumber0_.nnmo as nnmo3_0_0_, nextnumber0_.nnyr as nnyr4_0_0_, nextnumber0_.nncid as nncid5_0_0_, nextnumber0_.nndtin as nndtin6_0_0_, nextnumber0_.nntmin as nntmin7_0_0_, nextnumber0_.nnuid as nnuid8_0_0_, nextnumber0_.nndtlu as nndtlu9_0_0_, nextnumber0_.nntmlu as nntmlu10_0_0_, nextnumber0_.nnuidm as nnuidm11_0_0_, nextnumber0_.nnseq as nnseq12_0_0_ from t0002 nextnumber0_ where nextnumber0_.nncoid=? and nextnumber0_.nndocbty=? and nextnumber0_.nnmo=? and nextnumber0_.nnyr=?
Hibernate: select nextnumber0_.ncdocty as ncdocty1_3_0_, nextnumber0_.nccid as nccid2_3_0_, nextnumber0_.ncdtin as ncdtin3_3_0_, nextnumber0_.nctmin as nctmin4_3_0_, nextnumber0_.ncuid as ncuid5_3_0_, nextnumber0_.ncdtlu as ncdtlu6_3_0_, nextnumber0_.nctmlu as nctmlu7_3_0_, nextnumber0_.ncuidm as ncuidm8_3_0_, nextnumber0_.ncinmo as ncinmo9_3_0_, nextnumber0_.ncinyr as ncinyr10_3_0_, nextnumber0_.ncrsmt as ncrsmt11_3_0_, nextnumber0_.ncrsat as ncrsat12_3_0_ from t0010n nextnumber0_ where nextnumber0_.ncdocty=?
Hibernate: select nextnumber0_.nncoid as nncoid1_0_0_, nextnumber0_.nndocbty as nndocbty2_0_0_, nextnumber0_.nnmo as nnmo3_0_0_, nextnumber0_.nnyr as nnyr4_0_0_, nextnumber0_.nncid as nncid5_0_0_, nextnumber0_.nndtin as nndtin6_0_0_, nextnumber0_.nntmin as nntmin7_0_0_, nextnumber0_.nnuid as nnuid8_0_0_, nextnumber0_.nndtlu as nndtlu9_0_0_, nextnumber0_.nntmlu as nntmlu10_0_0_, nextnumber0_.nnuidm as nnuidm11_0_0_, nextnumber0_.nnseq as nnseq12_0_0_ from t0002 nextnumber0_ where nextnumber0_.nncoid=? and nextnumber0_.nndocbty=? and nextnumber0_.nnmo=? and nextnumber0_.nnyr=?
2018-12-14 17:36:06.126  INFO 9212 --- [    Test worker] o.s.t.c.transaction.TransactionContext   : Rolled back transaction for test: [DefaultTestContext@303ff0e3 testClass = NextNumberServiceTest, testInstance = ags.goldenlionerp.application.setups.nextnumber.NextNumberServiceTest@6c8b114e, testMethod = testIncrement@NextNumberServiceTest, testException = [null], mergedContextConfiguration = [WebMergedContextConfiguration@7fd50ac7 testClass = NextNumberServiceTest, locations = '{}', classes = '{class ags.goldenlionerp.GoldenLionErpApplication}', contextInitializerClasses = '[]', activeProfiles = '{}', propertySourceLocations = '{}', propertySourceProperties = '{org.springframework.boot.test.context.SpringBootTestContextBootstrapper=true}', contextCustomizers = set[org.springframework.boot.test.autoconfigure.properties.PropertyMappingContextCustomizer@0, org.springframework.boot.test.autoconfigure.web.servlet.WebDriverContextCustomizerFactory$Customizer@636d731e, org.springframework.boot.test.context.filter.ExcludeFilterContextCustomizer@6afa5291, org.springframework.boot.test.json.DuplicateJsonObjectContextCustomizerFactory$DuplicateJsonObjectContextCustomizer@20cebcb4, org.springframework.boot.test.mock.mockito.MockitoContextCustomizer@0, org.springframework.boot.test.web.client.TestRestTemplateContextCustomizer@49a32273], resourceBasePath = 'src/main/webapp', contextLoader = 'org.springframework.boot.test.context.SpringBootContextLoader', parent = [null]], attributes = map['org.springframework.test.context.web.ServletTestExecutionListener.activateListener' -> true, 'org.springframework.test.context.web.ServletTestExecutionListener.populatedRequestContextHolder' -> true, 'org.springframework.test.context.web.ServletTestExecutionListener.resetRequestContextHolder' -> true]]
2018-12-14 17:36:06.126  INFO 9212 --- [    Test worker] o.s.t.c.transaction.TransactionContext   : Began transaction (1) for test context [DefaultTestContext@303ff0e3 testClass = NextNumberServiceTest, testInstance = ags.goldenlionerp.application.setups.nextnumber.NextNumberServiceTest@25b33f5e, testMethod = testFindNotExisting@NextNumberServiceTest, testException = [null], mergedContextConfiguration = [WebMergedContextConfiguration@7fd50ac7 testClass = NextNumberServiceTest, locations = '{}', classes = '{class ags.goldenlionerp.GoldenLionErpApplication}', contextInitializerClasses = '[]', activeProfiles = '{}', propertySourceLocations = '{}', propertySourceProperties = '{org.springframework.boot.test.context.SpringBootTestContextBootstrapper=true}', contextCustomizers = set[org.springframework.boot.test.autoconfigure.properties.PropertyMappingContextCustomizer@0, org.springframework.boot.test.autoconfigure.web.servlet.WebDriverContextCustomizerFactory$Customizer@636d731e, org.springframework.boot.test.context.filter.ExcludeFilterContextCustomizer@6afa5291, org.springframework.boot.test.json.DuplicateJsonObjectContextCustomizerFactory$DuplicateJsonObjectContextCustomizer@20cebcb4, org.springframework.boot.test.mock.mockito.MockitoContextCustomizer@0, org.springframework.boot.test.web.client.TestRestTemplateContextCustomizer@49a32273], resourceBasePath = 'src/main/webapp', contextLoader = 'org.springframework.boot.test.context.SpringBootContextLoader', parent = [null]], attributes = map['org.springframework.test.context.web.ServletTestExecutionListener.activateListener' -> true, 'org.springframework.test.context.web.ServletTestExecutionListener.populatedRequestContextHolder' -> true, 'org.springframework.test.context.web.ServletTestExecutionListener.resetRequestContextHolder' -> true]]; transaction manager [org.springframework.orm.jpa.JpaTransactionManager@78127b67]; rollback [true]
Hibernate: select nextnumber0_.ncdocty as ncdocty1_3_0_, nextnumber0_.nccid as nccid2_3_0_, nextnumber0_.ncdtin as ncdtin3_3_0_, nextnumber0_.nctmin as nctmin4_3_0_, nextnumber0_.ncuid as ncuid5_3_0_, nextnumber0_.ncdtlu as ncdtlu6_3_0_, nextnumber0_.nctmlu as nctmlu7_3_0_, nextnumber0_.ncuidm as ncuidm8_3_0_, nextnumber0_.ncinmo as ncinmo9_3_0_, nextnumber0_.ncinyr as ncinyr10_3_0_, nextnumber0_.ncrsmt as ncrsmt11_3_0_, nextnumber0_.ncrsat as ncrsat12_3_0_ from t0010n nextnumber0_ where nextnumber0_.ncdocty=?
Hibernate: select nextnumber0_.nncoid as nncoid1_0_0_, nextnumber0_.nndocbty as nndocbty2_0_0_, nextnumber0_.nnmo as nnmo3_0_0_, nextnumber0_.nnyr as nnyr4_0_0_, nextnumber0_.nncid as nncid5_0_0_, nextnumber0_.nndtin as nndtin6_0_0_, nextnumber0_.nntmin as nntmin7_0_0_, nextnumber0_.nnuid as nnuid8_0_0_, nextnumber0_.nndtlu as nndtlu9_0_0_, nextnumber0_.nntmlu as nntmlu10_0_0_, nextnumber0_.nnuidm as nnuidm11_0_0_, nextnumber0_.nnseq as nnseq12_0_0_ from t0002 nextnumber0_ where nextnumber0_.nncoid=? and nextnumber0_.nndocbty=? and nextnumber0_.nnmo=? and nextnumber0_.nnyr=?
Hibernate: select nextnumber0_.nncoid as nncoid1_0_0_, nextnumber0_.nndocbty as nndocbty2_0_0_, nextnumber0_.nnmo as nnmo3_0_0_, nextnumber0_.nnyr as nnyr4_0_0_, nextnumber0_.nncid as nncid5_0_0_, nextnumber0_.nndtin as nndtin6_0_0_, nextnumber0_.nntmin as nntmin7_0_0_, nextnumber0_.nnuid as nnuid8_0_0_, nextnumber0_.nndtlu as nndtlu9_0_0_, nextnumber0_.nntmlu as nntmlu10_0_0_, nextnumber0_.nnuidm as nnuidm11_0_0_, nextnumber0_.nnseq as nnseq12_0_0_ from t0002 nextnumber0_ where nextnumber0_.nncoid=? and nextnumber0_.nndocbty=? and nextnumber0_.nnmo=? and nextnumber0_.nnyr=?
Hibernate: select nextnumber0_.nncoid as nncoid1_0_0_, nextnumber0_.nndocbty as nndocbty2_0_0_, nextnumber0_.nnmo as nnmo3_0_0_, nextnumber0_.nnyr as nnyr4_0_0_, nextnumber0_.nncid as nncid5_0_0_, nextnumber0_.nndtin as nndtin6_0_0_, nextnumber0_.nntmin as nntmin7_0_0_, nextnumber0_.nnuid as nnuid8_0_0_, nextnumber0_.nndtlu as nndtlu9_0_0_, nextnumber0_.nntmlu as nntmlu10_0_0_, nextnumber0_.nnuidm as nnuidm11_0_0_, nextnumber0_.nnseq as nnseq12_0_0_ from t0002 nextnumber0_ where nextnumber0_.nncoid=? and nextnumber0_.nndocbty=? and nextnumber0_.nnmo=? and nextnumber0_.nnyr=?
2018-12-14 17:36:06.142  INFO 9212 --- [    Test worker] o.s.t.c.transaction.TransactionContext   : Rolled back transaction for test: [DefaultTestContext@303ff0e3 testClass = NextNumberServiceTest, testInstance = ags.goldenlionerp.application.setups.nextnumber.NextNumberServiceTest@25b33f5e, testMethod = testFindNotExisting@NextNumberServiceTest, testException = [null], mergedContextConfiguration = [WebMergedContextConfiguration@7fd50ac7 testClass = NextNumberServiceTest, locations = '{}', classes = '{class ags.goldenlionerp.GoldenLionErpApplication}', contextInitializerClasses = '[]', activeProfiles = '{}', propertySourceLocations = '{}', propertySourceProperties = '{org.springframework.boot.test.context.SpringBootTestContextBootstrapper=true}', contextCustomizers = set[org.springframework.boot.test.autoconfigure.properties.PropertyMappingContextCustomizer@0, org.springframework.boot.test.autoconfigure.web.servlet.WebDriverContextCustomizerFactory$Customizer@636d731e, org.springframework.boot.test.context.filter.ExcludeFilterContextCustomizer@6afa5291, org.springframework.boot.test.json.DuplicateJsonObjectContextCustomizerFactory$DuplicateJsonObjectContextCustomizer@20cebcb4, org.springframework.boot.test.mock.mockito.MockitoContextCustomizer@0, org.springframework.boot.test.web.client.TestRestTemplateContextCustomizer@49a32273], resourceBasePath = 'src/main/webapp', contextLoader = 'org.springframework.boot.test.context.SpringBootContextLoader', parent = [null]], attributes = map['org.springframework.test.context.web.ServletTestExecutionListener.activateListener' -> true, 'org.springframework.test.context.web.ServletTestExecutionListener.populatedRequestContextHolder' -> true, 'org.springframework.test.context.web.ServletTestExecutionListener.resetRequestContextHolder' -> true]]
2018-12-14 17:36:06.142  INFO 9212 --- [    Test worker] o.s.t.c.transaction.TransactionContext   : Began transaction (1) for test context [DefaultTestContext@303ff0e3 testClass = NextNumberServiceTest, testInstance = ags.goldenlionerp.application.setups.nextnumber.NextNumberServiceTest@474681f5, testMethod = testFindExistButDifferentMethod@NextNumberServiceTest, testException = [null], mergedContextConfiguration = [WebMergedContextConfiguration@7fd50ac7 testClass = NextNumberServiceTest, locations = '{}', classes = '{class ags.goldenlionerp.GoldenLionErpApplication}', contextInitializerClasses = '[]', activeProfiles = '{}', propertySourceLocations = '{}', propertySourceProperties = '{org.springframework.boot.test.context.SpringBootTestContextBootstrapper=true}', contextCustomizers = set[org.springframework.boot.test.autoconfigure.properties.PropertyMappingContextCustomizer@0, org.springframework.boot.test.autoconfigure.web.servlet.WebDriverContextCustomizerFactory$Customizer@636d731e, org.springframework.boot.test.context.filter.ExcludeFilterContextCustomizer@6afa5291, org.springframework.boot.test.json.DuplicateJsonObjectContextCustomizerFactory$DuplicateJsonObjectContextCustomizer@20cebcb4, org.springframework.boot.test.mock.mockito.MockitoContextCustomizer@0, org.springframework.boot.test.web.client.TestRestTemplateContextCustomizer@49a32273], resourceBasePath = 'src/main/webapp', contextLoader = 'org.springframework.boot.test.context.SpringBootContextLoader', parent = [null]], attributes = map['org.springframework.test.context.web.ServletTestExecutionListener.activateListener' -> true, 'org.springframework.test.context.web.ServletTestExecutionListener.populatedRequestContextHolder' -> true, 'org.springframework.test.context.web.ServletTestExecutionListener.resetRequestContextHolder' -> true]]; transaction manager [org.springframework.orm.jpa.JpaTransactionManager@78127b67]; rollback [true]
Hibernate: select nextnumber0_.ncdocty as ncdocty1_3_0_, nextnumber0_.nccid as nccid2_3_0_, nextnumber0_.ncdtin as ncdtin3_3_0_, nextnumber0_.nctmin as nctmin4_3_0_, nextnumber0_.ncuid as ncuid5_3_0_, nextnumber0_.ncdtlu as ncdtlu6_3_0_, nextnumber0_.nctmlu as nctmlu7_3_0_, nextnumber0_.ncuidm as ncuidm8_3_0_, nextnumber0_.ncinmo as ncinmo9_3_0_, nextnumber0_.ncinyr as ncinyr10_3_0_, nextnumber0_.ncrsmt as ncrsmt11_3_0_, nextnumber0_.ncrsat as ncrsat12_3_0_ from t0010n nextnumber0_ where nextnumber0_.ncdocty=?
Hibernate: select nextnumber0_.nncoid as nncoid1_0_0_, nextnumber0_.nndocbty as nndocbty2_0_0_, nextnumber0_.nnmo as nnmo3_0_0_, nextnumber0_.nnyr as nnyr4_0_0_, nextnumber0_.nncid as nncid5_0_0_, nextnumber0_.nndtin as nndtin6_0_0_, nextnumber0_.nntmin as nntmin7_0_0_, nextnumber0_.nnuid as nnuid8_0_0_, nextnumber0_.nndtlu as nndtlu9_0_0_, nextnumber0_.nntmlu as nntmlu10_0_0_, nextnumber0_.nnuidm as nnuidm11_0_0_, nextnumber0_.nnseq as nnseq12_0_0_ from t0002 nextnumber0_ where nextnumber0_.nncoid=? and nextnumber0_.nndocbty=? and nextnumber0_.nnmo=? and nextnumber0_.nnyr=?
Hibernate: select nextnumber0_.nncoid as nncoid1_0_0_, nextnumber0_.nndocbty as nndocbty2_0_0_, nextnumber0_.nnmo as nnmo3_0_0_, nextnumber0_.nnyr as nnyr4_0_0_, nextnumber0_.nncid as nncid5_0_0_, nextnumber0_.nndtin as nndtin6_0_0_, nextnumber0_.nntmin as nntmin7_0_0_, nextnumber0_.nnuid as nnuid8_0_0_, nextnumber0_.nndtlu as nndtlu9_0_0_, nextnumber0_.nntmlu as nntmlu10_0_0_, nextnumber0_.nnuidm as nnuidm11_0_0_, nextnumber0_.nnseq as nnseq12_0_0_ from t0002 nextnumber0_ where nextnumber0_.nncoid=? and nextnumber0_.nndocbty=? and nextnumber0_.nnmo=? and nextnumber0_.nnyr=?
2018-12-14 17:36:06.142  INFO 9212 --- [    Test worker] o.s.t.c.transaction.TransactionContext   : Rolled back transaction for test: [DefaultTestContext@303ff0e3 testClass = NextNumberServiceTest, testInstance = ags.goldenlionerp.application.setups.nextnumber.NextNumberServiceTest@474681f5, testMethod = testFindExistButDifferentMethod@NextNumberServiceTest, testException = [null], mergedContextConfiguration = [WebMergedContextConfiguration@7fd50ac7 testClass = NextNumberServiceTest, locations = '{}', classes = '{class ags.goldenlionerp.GoldenLionErpApplication}', contextInitializerClasses = '[]', activeProfiles = '{}', propertySourceLocations = '{}', propertySourceProperties = '{org.springframework.boot.test.context.SpringBootTestContextBootstrapper=true}', contextCustomizers = set[org.springframework.boot.test.autoconfigure.properties.PropertyMappingContextCustomizer@0, org.springframework.boot.test.autoconfigure.web.servlet.WebDriverContextCustomizerFactory$Customizer@636d731e, org.springframework.boot.test.context.filter.ExcludeFilterContextCustomizer@6afa5291, org.springframework.boot.test.json.DuplicateJsonObjectContextCustomizerFactory$DuplicateJsonObjectContextCustomizer@20cebcb4, org.springframework.boot.test.mock.mockito.MockitoContextCustomizer@0, org.springframework.boot.test.web.client.TestRestTemplateContextCustomizer@49a32273], resourceBasePath = 'src/main/webapp', contextLoader = 'org.springframework.boot.test.context.SpringBootContextLoader', parent = [null]], attributes = map['org.springframework.test.context.web.ServletTestExecutionListener.activateListener' -> true, 'org.springframework.test.context.web.ServletTestExecutionListener.populatedRequestContextHolder' -> true, 'org.springframework.test.context.web.ServletTestExecutionListener.resetRequestContextHolder' -> true]]
2018-12-14 17:36:06.142  INFO 9212 --- [    Test worker] o.s.t.c.transaction.TransactionContext   : Began transaction (1) for test context [DefaultTestContext@303ff0e3 testClass = NextNumberServiceTest, testInstance = ags.goldenlionerp.application.setups.nextnumber.NextNumberServiceTest@5f060b73, testMethod = testDocumentNo_CM_NotExisting@NextNumberServiceTest, testException = [null], mergedContextConfiguration = [WebMergedContextConfiguration@7fd50ac7 testClass = NextNumberServiceTest, locations = '{}', classes = '{class ags.goldenlionerp.GoldenLionErpApplication}', contextInitializerClasses = '[]', activeProfiles = '{}', propertySourceLocations = '{}', propertySourceProperties = '{org.springframework.boot.test.context.SpringBootTestContextBootstrapper=true}', contextCustomizers = set[org.springframework.boot.test.autoconfigure.properties.PropertyMappingContextCustomizer@0, org.springframework.boot.test.autoconfigure.web.servlet.WebDriverContextCustomizerFactory$Customizer@636d731e, org.springframework.boot.test.context.filter.ExcludeFilterContextCustomizer@6afa5291, org.springframework.boot.test.json.DuplicateJsonObjectContextCustomizerFactory$DuplicateJsonObjectContextCustomizer@20cebcb4, org.springframework.boot.test.mock.mockito.MockitoContextCustomizer@0, org.springframework.boot.test.web.client.TestRestTemplateContextCustomizer@49a32273], resourceBasePath = 'src/main/webapp', contextLoader = 'org.springframework.boot.test.context.SpringBootContextLoader', parent = [null]], attributes = map['org.springframework.test.context.web.ServletTestExecutionListener.activateListener' -> true, 'org.springframework.test.context.web.ServletTestExecutionListener.populatedRequestContextHolder' -> true, 'org.springframework.test.context.web.ServletTestExecutionListener.resetRequestContextHolder' -> true]]; transaction manager [org.springframework.orm.jpa.JpaTransactionManager@78127b67]; rollback [true]
Hibernate: select nextnumber0_.ncdocty as ncdocty1_3_0_, nextnumber0_.nccid as nccid2_3_0_, nextnumber0_.ncdtin as ncdtin3_3_0_, nextnumber0_.nctmin as nctmin4_3_0_, nextnumber0_.ncuid as ncuid5_3_0_, nextnumber0_.ncdtlu as ncdtlu6_3_0_, nextnumber0_.nctmlu as nctmlu7_3_0_, nextnumber0_.ncuidm as ncuidm8_3_0_, nextnumber0_.ncinmo as ncinmo9_3_0_, nextnumber0_.ncinyr as ncinyr10_3_0_, nextnumber0_.ncrsmt as ncrsmt11_3_0_, nextnumber0_.ncrsat as ncrsat12_3_0_ from t0010n nextnumber0_ where nextnumber0_.ncdocty=?
Hibernate: select nextnumber0_.nncoid as nncoid1_0_0_, nextnumber0_.nndocbty as nndocbty2_0_0_, nextnumber0_.nnmo as nnmo3_0_0_, nextnumber0_.nnyr as nnyr4_0_0_, nextnumber0_.nncid as nncid5_0_0_, nextnumber0_.nndtin as nndtin6_0_0_, nextnumber0_.nntmin as nntmin7_0_0_, nextnumber0_.nnuid as nnuid8_0_0_, nextnumber0_.nndtlu as nndtlu9_0_0_, nextnumber0_.nntmlu as nntmlu10_0_0_, nextnumber0_.nnuidm as nnuidm11_0_0_, nextnumber0_.nnseq as nnseq12_0_0_ from t0002 nextnumber0_ where nextnumber0_.nncoid=? and nextnumber0_.nndocbty=? and nextnumber0_.nnmo=? and nextnumber0_.nnyr=?
Hibernate: select nextnumber0_.nncoid as nncoid1_0_0_, nextnumber0_.nndocbty as nndocbty2_0_0_, nextnumber0_.nnmo as nnmo3_0_0_, nextnumber0_.nnyr as nnyr4_0_0_, nextnumber0_.nncid as nncid5_0_0_, nextnumber0_.nndtin as nndtin6_0_0_, nextnumber0_.nntmin as nntmin7_0_0_, nextnumber0_.nnuid as nnuid8_0_0_, nextnumber0_.nndtlu as nndtlu9_0_0_, nextnumber0_.nntmlu as nntmlu10_0_0_, nextnumber0_.nnuidm as nnuidm11_0_0_, nextnumber0_.nnseq as nnseq12_0_0_ from t0002 nextnumber0_ where nextnumber0_.nncoid=? and nextnumber0_.nndocbty=? and nextnumber0_.nnmo=? and nextnumber0_.nnyr=?
Hibernate: select nextnumber0_.nncoid as nncoid1_0_0_, nextnumber0_.nndocbty as nndocbty2_0_0_, nextnumber0_.nnmo as nnmo3_0_0_, nextnumber0_.nnyr as nnyr4_0_0_, nextnumber0_.nncid as nncid5_0_0_, nextnumber0_.nndtin as nndtin6_0_0_, nextnumber0_.nntmin as nntmin7_0_0_, nextnumber0_.nnuid as nnuid8_0_0_, nextnumber0_.nndtlu as nndtlu9_0_0_, nextnumber0_.nntmlu as nntmlu10_0_0_, nextnumber0_.nnuidm as nnuidm11_0_0_, nextnumber0_.nnseq as nnseq12_0_0_ from t0002 nextnumber0_ where nextnumber0_.nncoid=? and nextnumber0_.nndocbty=? and nextnumber0_.nnmo=? and nextnumber0_.nnyr=?
2018-12-14 17:36:06.142  INFO 9212 --- [    Test worker] o.s.t.c.transaction.TransactionContext   : Rolled back transaction for test: [DefaultTestContext@303ff0e3 testClass = NextNumberServiceTest, testInstance = ags.goldenlionerp.application.setups.nextnumber.NextNumberServiceTest@5f060b73, testMethod = testDocumentNo_CM_NotExisting@NextNumberServiceTest, testException = [null], mergedContextConfiguration = [WebMergedContextConfiguration@7fd50ac7 testClass = NextNumberServiceTest, locations = '{}', classes = '{class ags.goldenlionerp.GoldenLionErpApplication}', contextInitializerClasses = '[]', activeProfiles = '{}', propertySourceLocations = '{}', propertySourceProperties = '{org.springframework.boot.test.context.SpringBootTestContextBootstrapper=true}', contextCustomizers = set[org.springframework.boot.test.autoconfigure.properties.PropertyMappingContextCustomizer@0, org.springframework.boot.test.autoconfigure.web.servlet.WebDriverContextCustomizerFactory$Customizer@636d731e, org.springframework.boot.test.context.filter.ExcludeFilterContextCustomizer@6afa5291, org.springframework.boot.test.json.DuplicateJsonObjectContextCustomizerFactory$DuplicateJsonObjectContextCustomizer@20cebcb4, org.springframework.boot.test.mock.mockito.MockitoContextCustomizer@0, org.springframework.boot.test.web.client.TestRestTemplateContextCustomizer@49a32273], resourceBasePath = 'src/main/webapp', contextLoader = 'org.springframework.boot.test.context.SpringBootContextLoader', parent = [null]], attributes = map['org.springframework.test.context.web.ServletTestExecutionListener.activateListener' -> true, 'org.springframework.test.context.web.ServletTestExecutionListener.populatedRequestContextHolder' -> true, 'org.springframework.test.context.web.ServletTestExecutionListener.resetRequestContextHolder' -> true]]
]]></system-out>
  <system-err><![CDATA[]]></system-err>
</testsuite>
