<?xml version="1.0" encoding="UTF-8"?>
<testsuite name="ags.goldenlionerp.apiTests.addresses.AccountReceivableSettingApiTest" tests="7" skipped="0" failures="0" errors="0" timestamp="2018-12-27T04:25:39" hostname="LAPTOP-FHFRCCL6" time="0.269">
  <properties/>
  <testcase name="updateTestWithPut" classname="ags.goldenlionerp.apiTests.addresses.AccountReceivableSettingApiTest" time="0.083"/>
  <testcase name="updateTestWithPatch" classname="ags.goldenlionerp.apiTests.addresses.AccountReceivableSettingApiTest" time="0.057"/>
  <testcase name="getTestCollection" classname="ags.goldenlionerp.apiTests.addresses.AccountReceivableSettingApiTest" time="0.015"/>
  <testcase name="createTestWithPut" classname="ags.goldenlionerp.apiTests.addresses.AccountReceivableSettingApiTest" time="0.041"/>
  <testcase name="deleteTest" classname="ags.goldenlionerp.apiTests.addresses.AccountReceivableSettingApiTest" time="0.021"/>
  <testcase name="createTestWithPost" classname="ags.goldenlionerp.apiTests.addresses.AccountReceivableSettingApiTest" time="0.022"/>
  <testcase name="getTestSingle" classname="ags.goldenlionerp.apiTests.addresses.AccountReceivableSettingApiTest" time="0.027"/>
  <system-out><![CDATA[2018-12-27 11:25:39.913  INFO 2120 --- [    Test worker] .b.t.c.SpringBootTestContextBootstrapper : Neither @ContextConfiguration nor @ContextHierarchy found for test class [ags.goldenlionerp.apiTests.addresses.AccountReceivableSettingApiTest], using SpringBootContextLoader
2018-12-27 11:25:39.914  INFO 2120 --- [    Test worker] o.s.t.c.support.AbstractContextLoader    : Could not detect default resource locations for test class [ags.goldenlionerp.apiTests.addresses.AccountReceivableSettingApiTest]: no resource found for suffixes {-context.xml, Context.groovy}.
2018-12-27 11:25:39.914  INFO 2120 --- [    Test worker] t.c.s.AnnotationConfigContextLoaderUtils : Could not detect default configuration classes for test class [ags.goldenlionerp.apiTests.addresses.AccountReceivableSettingApiTest]: AccountReceivableSettingApiTest does not declare any static, non-private, non-final, nested classes annotated with @Configuration.
2018-12-27 11:25:39.916  INFO 2120 --- [    Test worker] .b.t.c.SpringBootTestContextBootstrapper : Found @SpringBootConfiguration ags.goldenlionerp.GoldenLionErpApplication for test class ags.goldenlionerp.apiTests.addresses.AccountReceivableSettingApiTest
2018-12-27 11:25:39.918  INFO 2120 --- [    Test worker] .b.t.c.SpringBootTestContextBootstrapper : Loaded default TestExecutionListener class names from location [META-INF/spring.factories]: [org.springframework.security.test.context.support.WithSecurityContextTestExecutionListener, org.springframework.security.test.context.support.ReactorContextTestExecutionListener, org.springframework.boot.test.autoconfigure.restdocs.RestDocsTestExecutionListener, org.springframework.boot.test.autoconfigure.web.client.MockRestServiceServerResetTestExecutionListener, org.springframework.boot.test.autoconfigure.web.servlet.MockMvcPrintOnlyOnFailureTestExecutionListener, org.springframework.boot.test.autoconfigure.web.servlet.WebDriverTestExecutionListener, org.springframework.boot.test.mock.mockito.MockitoTestExecutionListener, org.springframework.boot.test.mock.mockito.ResetMocksTestExecutionListener, org.springframework.test.context.web.ServletTestExecutionListener, org.springframework.test.context.support.DirtiesContextBeforeModesTestExecutionListener, org.springframework.test.context.support.DependencyInjectionTestExecutionListener, org.springframework.test.context.support.DirtiesContextTestExecutionListener, org.springframework.test.context.transaction.TransactionalTestExecutionListener, org.springframework.test.context.jdbc.SqlScriptsTestExecutionListener]
2018-12-27 11:25:39.919  INFO 2120 --- [    Test worker] .b.t.c.SpringBootTestContextBootstrapper : Using TestExecutionListeners: [org.springframework.test.context.web.ServletTestExecutionListener@d19e5c2, org.springframework.test.context.support.DirtiesContextBeforeModesTestExecutionListener@29f6e3af, org.springframework.boot.test.mock.mockito.MockitoTestExecutionListener@9c3f04b, org.springframework.boot.test.autoconfigure.SpringBootDependencyInjectionTestExecutionListener@166f3833, org.springframework.test.context.support.DirtiesContextTestExecutionListener@549ae8c9, org.springframework.test.context.transaction.TransactionalTestExecutionListener@4a6f926e, org.springframework.test.context.jdbc.SqlScriptsTestExecutionListener@5c3872c0, org.springframework.security.test.context.support.WithSecurityContextTestExecutionListener@337977d4, org.springframework.security.test.context.support.ReactorContextTestExecutionListener@30261dd2, org.springframework.boot.test.autoconfigure.restdocs.RestDocsTestExecutionListener@6ec055a, org.springframework.boot.test.autoconfigure.web.client.MockRestServiceServerResetTestExecutionListener@19ddd935, org.springframework.boot.test.autoconfigure.web.servlet.MockMvcPrintOnlyOnFailureTestExecutionListener@6162da0d, org.springframework.boot.test.autoconfigure.web.servlet.WebDriverTestExecutionListener@61aa837e, org.springframework.boot.test.mock.mockito.ResetMocksTestExecutionListener@70a8cc4]
2018-12-27 11:25:39.933  INFO 2120 --- [    Test worker] o.s.t.c.transaction.TransactionContext   : Began transaction (1) for test context [DefaultTestContext@5e8aacb4 testClass = AccountReceivableSettingApiTest, testInstance = ags.goldenlionerp.apiTests.addresses.AccountReceivableSettingApiTest@3ef8dac9, testMethod = updateTestWithPut@AccountReceivableSettingApiTest, testException = [null], mergedContextConfiguration = [WebMergedContextConfiguration@4d0a31d0 testClass = AccountReceivableSettingApiTest, locations = '{}', classes = '{class ags.goldenlionerp.GoldenLionErpApplication}', contextInitializerClasses = '[]', activeProfiles = '{}', propertySourceLocations = '{classpath:test.properties}', propertySourceProperties = '{org.springframework.boot.test.context.SpringBootTestContextBootstrapper=true}', contextCustomizers = set[org.springframework.boot.test.autoconfigure.properties.PropertyMappingContextCustomizer@0, org.springframework.boot.test.autoconfigure.web.servlet.WebDriverContextCustomizerFactory$Customizer@636d731e, [ImportsContextCustomizer@13db7424 key = [ags.goldenlionerp.apiTests.ApiTestBase$TestConfig]], org.springframework.boot.test.context.filter.ExcludeFilterContextCustomizer@6afa5291, org.springframework.boot.test.json.DuplicateJsonObjectContextCustomizerFactory$DuplicateJsonObjectContextCustomizer@20cebcb4, org.springframework.boot.test.mock.mockito.MockitoContextCustomizer@0, org.springframework.boot.test.web.client.TestRestTemplateContextCustomizer@49a32273], resourceBasePath = 'src/main/webapp', contextLoader = 'org.springframework.boot.test.context.SpringBootContextLoader', parent = [null]], attributes = map['org.springframework.test.context.web.ServletTestExecutionListener.activateListener' -> true, 'org.springframework.test.context.web.ServletTestExecutionListener.populatedRequestContextHolder' -> true, 'org.springframework.test.context.web.ServletTestExecutionListener.resetRequestContextHolder' -> true]]; transaction manager [org.springframework.orm.jpa.JpaTransactionManager@75de8c12]; rollback [true]
2018-12-27 11:25:39.933  INFO 2120 --- [    Test worker] o.s.b.t.m.w.SpringBootMockServletContext : Initializing Spring FrameworkServlet ''
2018-12-27 11:25:39.934  INFO 2120 --- [    Test worker] o.s.t.web.servlet.TestDispatcherServlet  : FrameworkServlet '': initialization started
2018-12-27 11:25:39.938  INFO 2120 --- [    Test worker] o.s.t.web.servlet.TestDispatcherServlet  : FrameworkServlet '': initialization completed in 4 ms
Hibernate: select accountrec0_.rmanum as rmanum1_21_0_, accountrec0_.rmcid as rmcid2_21_0_, accountrec0_.rmdtin as rmdtin3_21_0_, accountrec0_.rmtmin as rmtmin4_21_0_, accountrec0_.rmuid as rmuid5_21_0_, accountrec0_.rmdtlu as rmdtlu6_21_0_, accountrec0_.rmtmlu as rmtmlu7_21_0_, accountrec0_.rmuidm as rmuidm8_21_0_, accountrec0_.rmdtls as rmdtls9_21_0_, accountrec0_.rmaodt as rmaodt10_21_0_, accountrec0_.rmarcls as rmarcls11_21_0_, accountrec0_.rmbadt as rmbadt12_21_0_, accountrec0_.rmcrl as rmcrl13_21_0_, accountrec0_.rmcrm as rmcrm14_21_0_, accountrec0_.rmcrct as rmcrct15_21_0_, accountrec0_.rmcpg as rmcpg16_21_0_, accountrec0_.rmdesc1 as rmdesc17_21_0_, accountrec0_.rmexpdt as rmexpdt18_21_0_, accountrec0_.rminsp as rminsp19_21_0_, accountrec0_.rmptc as rmptc20_21_0_, accountrec0_.rmrcbad as rmrcbad21_21_0_, accountrec0_.rmrcbm as rmrcbm22_21_0_, accountrec0_.rmrcbs as rmrcbs23_21_0_, accountrec0_.rmslid as rmslid24_21_0_, accountrec0_.rmtaxcd as rmtaxcd25_21_0_, accountrec0_.rmtaxid as rmtaxid26_21_0_, accountrec0_.rmtdf as rmtdf27_21_0_ from t0301 accountrec0_ where accountrec0_.rmanum=?
Hibernate: update t0301 set rmcid=?, rmdtlu=?, rmtmlu=?, rmuidm=?, rmdtls=?, rmaodt=?, rmarcls=?, rmbadt=?, rmcrl=?, rmcrm=?, rmcrct=?, rmcpg=?, rmdesc1=?, rmexpdt=?, rminsp=?, rmptc=?, rmrcbad=?, rmrcbm=?, rmrcbs=?, rmslid=?, rmtaxcd=?, rmtaxid=?, rmtdf=? where rmanum=?
Hibernate: select accountrec0_.rmanum as rmanum1_21_0_, accountrec0_.rmcid as rmcid2_21_0_, accountrec0_.rmdtin as rmdtin3_21_0_, accountrec0_.rmtmin as rmtmin4_21_0_, accountrec0_.rmuid as rmuid5_21_0_, accountrec0_.rmdtlu as rmdtlu6_21_0_, accountrec0_.rmtmlu as rmtmlu7_21_0_, accountrec0_.rmuidm as rmuidm8_21_0_, accountrec0_.rmdtls as rmdtls9_21_0_, accountrec0_.rmaodt as rmaodt10_21_0_, accountrec0_.rmarcls as rmarcls11_21_0_, accountrec0_.rmbadt as rmbadt12_21_0_, accountrec0_.rmcrl as rmcrl13_21_0_, accountrec0_.rmcrm as rmcrm14_21_0_, accountrec0_.rmcrct as rmcrct15_21_0_, accountrec0_.rmcpg as rmcpg16_21_0_, accountrec0_.rmdesc1 as rmdesc17_21_0_, accountrec0_.rmexpdt as rmexpdt18_21_0_, accountrec0_.rminsp as rminsp19_21_0_, accountrec0_.rmptc as rmptc20_21_0_, accountrec0_.rmrcbad as rmrcbad21_21_0_, accountrec0_.rmrcbm as rmrcbm22_21_0_, accountrec0_.rmrcbs as rmrcbs23_21_0_, accountrec0_.rmslid as rmslid24_21_0_, accountrec0_.rmtaxcd as rmtaxcd25_21_0_, accountrec0_.rmtaxid as rmtaxid26_21_0_, accountrec0_.rmtdf as rmtdf27_21_0_ from t0301 accountrec0_ where accountrec0_.rmanum=?
2018-12-27 11:25:40.015  INFO 2120 --- [    Test worker] o.s.t.c.transaction.TransactionContext   : Rolled back transaction for test: [DefaultTestContext@5e8aacb4 testClass = AccountReceivableSettingApiTest, testInstance = ags.goldenlionerp.apiTests.addresses.AccountReceivableSettingApiTest@3ef8dac9, testMethod = updateTestWithPut@AccountReceivableSettingApiTest, testException = [null], mergedContextConfiguration = [WebMergedContextConfiguration@4d0a31d0 testClass = AccountReceivableSettingApiTest, locations = '{}', classes = '{class ags.goldenlionerp.GoldenLionErpApplication}', contextInitializerClasses = '[]', activeProfiles = '{}', propertySourceLocations = '{classpath:test.properties}', propertySourceProperties = '{org.springframework.boot.test.context.SpringBootTestContextBootstrapper=true}', contextCustomizers = set[org.springframework.boot.test.autoconfigure.properties.PropertyMappingContextCustomizer@0, org.springframework.boot.test.autoconfigure.web.servlet.WebDriverContextCustomizerFactory$Customizer@636d731e, [ImportsContextCustomizer@13db7424 key = [ags.goldenlionerp.apiTests.ApiTestBase$TestConfig]], org.springframework.boot.test.context.filter.ExcludeFilterContextCustomizer@6afa5291, org.springframework.boot.test.json.DuplicateJsonObjectContextCustomizerFactory$DuplicateJsonObjectContextCustomizer@20cebcb4, org.springframework.boot.test.mock.mockito.MockitoContextCustomizer@0, org.springframework.boot.test.web.client.TestRestTemplateContextCustomizer@49a32273], resourceBasePath = 'src/main/webapp', contextLoader = 'org.springframework.boot.test.context.SpringBootContextLoader', parent = [null]], attributes = map['org.springframework.test.context.web.ServletTestExecutionListener.activateListener' -> true, 'org.springframework.test.context.web.ServletTestExecutionListener.populatedRequestContextHolder' -> true, 'org.springframework.test.context.web.ServletTestExecutionListener.resetRequestContextHolder' -> true]]
2018-12-27 11:25:40.016  INFO 2120 --- [    Test worker] o.s.t.c.transaction.TransactionContext   : Began transaction (1) for test context [DefaultTestContext@5e8aacb4 testClass = AccountReceivableSettingApiTest, testInstance = ags.goldenlionerp.apiTests.addresses.AccountReceivableSettingApiTest@2bede3ea, testMethod = updateTestWithPatch@AccountReceivableSettingApiTest, testException = [null], mergedContextConfiguration = [WebMergedContextConfiguration@4d0a31d0 testClass = AccountReceivableSettingApiTest, locations = '{}', classes = '{class ags.goldenlionerp.GoldenLionErpApplication}', contextInitializerClasses = '[]', activeProfiles = '{}', propertySourceLocations = '{classpath:test.properties}', propertySourceProperties = '{org.springframework.boot.test.context.SpringBootTestContextBootstrapper=true}', contextCustomizers = set[org.springframework.boot.test.autoconfigure.properties.PropertyMappingContextCustomizer@0, org.springframework.boot.test.autoconfigure.web.servlet.WebDriverContextCustomizerFactory$Customizer@636d731e, [ImportsContextCustomizer@13db7424 key = [ags.goldenlionerp.apiTests.ApiTestBase$TestConfig]], org.springframework.boot.test.context.filter.ExcludeFilterContextCustomizer@6afa5291, org.springframework.boot.test.json.DuplicateJsonObjectContextCustomizerFactory$DuplicateJsonObjectContextCustomizer@20cebcb4, org.springframework.boot.test.mock.mockito.MockitoContextCustomizer@0, org.springframework.boot.test.web.client.TestRestTemplateContextCustomizer@49a32273], resourceBasePath = 'src/main/webapp', contextLoader = 'org.springframework.boot.test.context.SpringBootContextLoader', parent = [null]], attributes = map['org.springframework.test.context.web.ServletTestExecutionListener.activateListener' -> true, 'org.springframework.test.context.web.ServletTestExecutionListener.populatedRequestContextHolder' -> true, 'org.springframework.test.context.web.ServletTestExecutionListener.resetRequestContextHolder' -> true]]; transaction manager [org.springframework.orm.jpa.JpaTransactionManager@75de8c12]; rollback [true]
2018-12-27 11:25:40.017  INFO 2120 --- [    Test worker] o.s.b.t.m.w.SpringBootMockServletContext : Initializing Spring FrameworkServlet ''
2018-12-27 11:25:40.017  INFO 2120 --- [    Test worker] o.s.t.web.servlet.TestDispatcherServlet  : FrameworkServlet '': initialization started
2018-12-27 11:25:40.021  INFO 2120 --- [    Test worker] o.s.t.web.servlet.TestDispatcherServlet  : FrameworkServlet '': initialization completed in 4 ms
Hibernate: select accountrec0_.rmanum as rmanum1_21_0_, accountrec0_.rmcid as rmcid2_21_0_, accountrec0_.rmdtin as rmdtin3_21_0_, accountrec0_.rmtmin as rmtmin4_21_0_, accountrec0_.rmuid as rmuid5_21_0_, accountrec0_.rmdtlu as rmdtlu6_21_0_, accountrec0_.rmtmlu as rmtmlu7_21_0_, accountrec0_.rmuidm as rmuidm8_21_0_, accountrec0_.rmdtls as rmdtls9_21_0_, accountrec0_.rmaodt as rmaodt10_21_0_, accountrec0_.rmarcls as rmarcls11_21_0_, accountrec0_.rmbadt as rmbadt12_21_0_, accountrec0_.rmcrl as rmcrl13_21_0_, accountrec0_.rmcrm as rmcrm14_21_0_, accountrec0_.rmcrct as rmcrct15_21_0_, accountrec0_.rmcpg as rmcpg16_21_0_, accountrec0_.rmdesc1 as rmdesc17_21_0_, accountrec0_.rmexpdt as rmexpdt18_21_0_, accountrec0_.rminsp as rminsp19_21_0_, accountrec0_.rmptc as rmptc20_21_0_, accountrec0_.rmrcbad as rmrcbad21_21_0_, accountrec0_.rmrcbm as rmrcbm22_21_0_, accountrec0_.rmrcbs as rmrcbs23_21_0_, accountrec0_.rmslid as rmslid24_21_0_, accountrec0_.rmtaxcd as rmtaxcd25_21_0_, accountrec0_.rmtaxid as rmtaxid26_21_0_, accountrec0_.rmtdf as rmtdf27_21_0_ from t0301 accountrec0_ where accountrec0_.rmanum=?
Hibernate: update t0301 set rmcid=?, rmdtlu=?, rmtmlu=?, rmuidm=?, rmdtls=?, rmaodt=?, rmarcls=?, rmbadt=?, rmcrl=?, rmcrm=?, rmcrct=?, rmcpg=?, rmdesc1=?, rmexpdt=?, rminsp=?, rmptc=?, rmrcbad=?, rmrcbm=?, rmrcbs=?, rmslid=?, rmtaxcd=?, rmtaxid=?, rmtdf=? where rmanum=?
Hibernate: select accountrec0_.rmanum as rmanum1_21_0_, accountrec0_.rmcid as rmcid2_21_0_, accountrec0_.rmdtin as rmdtin3_21_0_, accountrec0_.rmtmin as rmtmin4_21_0_, accountrec0_.rmuid as rmuid5_21_0_, accountrec0_.rmdtlu as rmdtlu6_21_0_, accountrec0_.rmtmlu as rmtmlu7_21_0_, accountrec0_.rmuidm as rmuidm8_21_0_, accountrec0_.rmdtls as rmdtls9_21_0_, accountrec0_.rmaodt as rmaodt10_21_0_, accountrec0_.rmarcls as rmarcls11_21_0_, accountrec0_.rmbadt as rmbadt12_21_0_, accountrec0_.rmcrl as rmcrl13_21_0_, accountrec0_.rmcrm as rmcrm14_21_0_, accountrec0_.rmcrct as rmcrct15_21_0_, accountrec0_.rmcpg as rmcpg16_21_0_, accountrec0_.rmdesc1 as rmdesc17_21_0_, accountrec0_.rmexpdt as rmexpdt18_21_0_, accountrec0_.rminsp as rminsp19_21_0_, accountrec0_.rmptc as rmptc20_21_0_, accountrec0_.rmrcbad as rmrcbad21_21_0_, accountrec0_.rmrcbm as rmrcbm22_21_0_, accountrec0_.rmrcbs as rmrcbs23_21_0_, accountrec0_.rmslid as rmslid24_21_0_, accountrec0_.rmtaxcd as rmtaxcd25_21_0_, accountrec0_.rmtaxid as rmtaxid26_21_0_, accountrec0_.rmtdf as rmtdf27_21_0_ from t0301 accountrec0_ where accountrec0_.rmanum=?
2018-12-27 11:25:40.072  INFO 2120 --- [    Test worker] o.s.t.c.transaction.TransactionContext   : Rolled back transaction for test: [DefaultTestContext@5e8aacb4 testClass = AccountReceivableSettingApiTest, testInstance = ags.goldenlionerp.apiTests.addresses.AccountReceivableSettingApiTest@2bede3ea, testMethod = updateTestWithPatch@AccountReceivableSettingApiTest, testException = [null], mergedContextConfiguration = [WebMergedContextConfiguration@4d0a31d0 testClass = AccountReceivableSettingApiTest, locations = '{}', classes = '{class ags.goldenlionerp.GoldenLionErpApplication}', contextInitializerClasses = '[]', activeProfiles = '{}', propertySourceLocations = '{classpath:test.properties}', propertySourceProperties = '{org.springframework.boot.test.context.SpringBootTestContextBootstrapper=true}', contextCustomizers = set[org.springframework.boot.test.autoconfigure.properties.PropertyMappingContextCustomizer@0, org.springframework.boot.test.autoconfigure.web.servlet.WebDriverContextCustomizerFactory$Customizer@636d731e, [ImportsContextCustomizer@13db7424 key = [ags.goldenlionerp.apiTests.ApiTestBase$TestConfig]], org.springframework.boot.test.context.filter.ExcludeFilterContextCustomizer@6afa5291, org.springframework.boot.test.json.DuplicateJsonObjectContextCustomizerFactory$DuplicateJsonObjectContextCustomizer@20cebcb4, org.springframework.boot.test.mock.mockito.MockitoContextCustomizer@0, org.springframework.boot.test.web.client.TestRestTemplateContextCustomizer@49a32273], resourceBasePath = 'src/main/webapp', contextLoader = 'org.springframework.boot.test.context.SpringBootContextLoader', parent = [null]], attributes = map['org.springframework.test.context.web.ServletTestExecutionListener.activateListener' -> true, 'org.springframework.test.context.web.ServletTestExecutionListener.populatedRequestContextHolder' -> true, 'org.springframework.test.context.web.ServletTestExecutionListener.resetRequestContextHolder' -> true]]
2018-12-27 11:25:40.074  INFO 2120 --- [    Test worker] o.s.t.c.transaction.TransactionContext   : Began transaction (1) for test context [DefaultTestContext@5e8aacb4 testClass = AccountReceivableSettingApiTest, testInstance = ags.goldenlionerp.apiTests.addresses.AccountReceivableSettingApiTest@25811af1, testMethod = getTestCollection@AccountReceivableSettingApiTest, testException = [null], mergedContextConfiguration = [WebMergedContextConfiguration@4d0a31d0 testClass = AccountReceivableSettingApiTest, locations = '{}', classes = '{class ags.goldenlionerp.GoldenLionErpApplication}', contextInitializerClasses = '[]', activeProfiles = '{}', propertySourceLocations = '{classpath:test.properties}', propertySourceProperties = '{org.springframework.boot.test.context.SpringBootTestContextBootstrapper=true}', contextCustomizers = set[org.springframework.boot.test.autoconfigure.properties.PropertyMappingContextCustomizer@0, org.springframework.boot.test.autoconfigure.web.servlet.WebDriverContextCustomizerFactory$Customizer@636d731e, [ImportsContextCustomizer@13db7424 key = [ags.goldenlionerp.apiTests.ApiTestBase$TestConfig]], org.springframework.boot.test.context.filter.ExcludeFilterContextCustomizer@6afa5291, org.springframework.boot.test.json.DuplicateJsonObjectContextCustomizerFactory$DuplicateJsonObjectContextCustomizer@20cebcb4, org.springframework.boot.test.mock.mockito.MockitoContextCustomizer@0, org.springframework.boot.test.web.client.TestRestTemplateContextCustomizer@49a32273], resourceBasePath = 'src/main/webapp', contextLoader = 'org.springframework.boot.test.context.SpringBootContextLoader', parent = [null]], attributes = map['org.springframework.test.context.web.ServletTestExecutionListener.activateListener' -> true, 'org.springframework.test.context.web.ServletTestExecutionListener.populatedRequestContextHolder' -> true, 'org.springframework.test.context.web.ServletTestExecutionListener.resetRequestContextHolder' -> true]]; transaction manager [org.springframework.orm.jpa.JpaTransactionManager@75de8c12]; rollback [true]
2018-12-27 11:25:40.075  INFO 2120 --- [    Test worker] o.s.b.t.m.w.SpringBootMockServletContext : Initializing Spring FrameworkServlet ''
2018-12-27 11:25:40.075  INFO 2120 --- [    Test worker] o.s.t.web.servlet.TestDispatcherServlet  : FrameworkServlet '': initialization started
2018-12-27 11:25:40.080  INFO 2120 --- [    Test worker] o.s.t.web.servlet.TestDispatcherServlet  : FrameworkServlet '': initialization completed in 5 ms
2018-12-27 11:25:40.088  INFO 2120 --- [    Test worker] o.s.t.c.transaction.TransactionContext   : Rolled back transaction for test: [DefaultTestContext@5e8aacb4 testClass = AccountReceivableSettingApiTest, testInstance = ags.goldenlionerp.apiTests.addresses.AccountReceivableSettingApiTest@25811af1, testMethod = getTestCollection@AccountReceivableSettingApiTest, testException = [null], mergedContextConfiguration = [WebMergedContextConfiguration@4d0a31d0 testClass = AccountReceivableSettingApiTest, locations = '{}', classes = '{class ags.goldenlionerp.GoldenLionErpApplication}', contextInitializerClasses = '[]', activeProfiles = '{}', propertySourceLocations = '{classpath:test.properties}', propertySourceProperties = '{org.springframework.boot.test.context.SpringBootTestContextBootstrapper=true}', contextCustomizers = set[org.springframework.boot.test.autoconfigure.properties.PropertyMappingContextCustomizer@0, org.springframework.boot.test.autoconfigure.web.servlet.WebDriverContextCustomizerFactory$Customizer@636d731e, [ImportsContextCustomizer@13db7424 key = [ags.goldenlionerp.apiTests.ApiTestBase$TestConfig]], org.springframework.boot.test.context.filter.ExcludeFilterContextCustomizer@6afa5291, org.springframework.boot.test.json.DuplicateJsonObjectContextCustomizerFactory$DuplicateJsonObjectContextCustomizer@20cebcb4, org.springframework.boot.test.mock.mockito.MockitoContextCustomizer@0, org.springframework.boot.test.web.client.TestRestTemplateContextCustomizer@49a32273], resourceBasePath = 'src/main/webapp', contextLoader = 'org.springframework.boot.test.context.SpringBootContextLoader', parent = [null]], attributes = map['org.springframework.test.context.web.ServletTestExecutionListener.activateListener' -> true, 'org.springframework.test.context.web.ServletTestExecutionListener.populatedRequestContextHolder' -> true, 'org.springframework.test.context.web.ServletTestExecutionListener.resetRequestContextHolder' -> true]]
2018-12-27 11:25:40.090  INFO 2120 --- [    Test worker] o.s.t.c.transaction.TransactionContext   : Began transaction (1) for test context [DefaultTestContext@5e8aacb4 testClass = AccountReceivableSettingApiTest, testInstance = ags.goldenlionerp.apiTests.addresses.AccountReceivableSettingApiTest@37ec848f, testMethod = createTestWithPut@AccountReceivableSettingApiTest, testException = [null], mergedContextConfiguration = [WebMergedContextConfiguration@4d0a31d0 testClass = AccountReceivableSettingApiTest, locations = '{}', classes = '{class ags.goldenlionerp.GoldenLionErpApplication}', contextInitializerClasses = '[]', activeProfiles = '{}', propertySourceLocations = '{classpath:test.properties}', propertySourceProperties = '{org.springframework.boot.test.context.SpringBootTestContextBootstrapper=true}', contextCustomizers = set[org.springframework.boot.test.autoconfigure.properties.PropertyMappingContextCustomizer@0, org.springframework.boot.test.autoconfigure.web.servlet.WebDriverContextCustomizerFactory$Customizer@636d731e, [ImportsContextCustomizer@13db7424 key = [ags.goldenlionerp.apiTests.ApiTestBase$TestConfig]], org.springframework.boot.test.context.filter.ExcludeFilterContextCustomizer@6afa5291, org.springframework.boot.test.json.DuplicateJsonObjectContextCustomizerFactory$DuplicateJsonObjectContextCustomizer@20cebcb4, org.springframework.boot.test.mock.mockito.MockitoContextCustomizer@0, org.springframework.boot.test.web.client.TestRestTemplateContextCustomizer@49a32273], resourceBasePath = 'src/main/webapp', contextLoader = 'org.springframework.boot.test.context.SpringBootContextLoader', parent = [null]], attributes = map['org.springframework.test.context.web.ServletTestExecutionListener.activateListener' -> true, 'org.springframework.test.context.web.ServletTestExecutionListener.populatedRequestContextHolder' -> true, 'org.springframework.test.context.web.ServletTestExecutionListener.resetRequestContextHolder' -> true]]; transaction manager [org.springframework.orm.jpa.JpaTransactionManager@75de8c12]; rollback [true]
2018-12-27 11:25:40.091  INFO 2120 --- [    Test worker] o.s.b.t.m.w.SpringBootMockServletContext : Initializing Spring FrameworkServlet ''
2018-12-27 11:25:40.091  INFO 2120 --- [    Test worker] o.s.t.web.servlet.TestDispatcherServlet  : FrameworkServlet '': initialization started
2018-12-27 11:25:40.097  INFO 2120 --- [    Test worker] o.s.t.web.servlet.TestDispatcherServlet  : FrameworkServlet '': initialization completed in 6 ms
Hibernate: select accountrec0_.rmanum as rmanum1_21_0_, accountrec0_.rmcid as rmcid2_21_0_, accountrec0_.rmdtin as rmdtin3_21_0_, accountrec0_.rmtmin as rmtmin4_21_0_, accountrec0_.rmuid as rmuid5_21_0_, accountrec0_.rmdtlu as rmdtlu6_21_0_, accountrec0_.rmtmlu as rmtmlu7_21_0_, accountrec0_.rmuidm as rmuidm8_21_0_, accountrec0_.rmdtls as rmdtls9_21_0_, accountrec0_.rmaodt as rmaodt10_21_0_, accountrec0_.rmarcls as rmarcls11_21_0_, accountrec0_.rmbadt as rmbadt12_21_0_, accountrec0_.rmcrl as rmcrl13_21_0_, accountrec0_.rmcrm as rmcrm14_21_0_, accountrec0_.rmcrct as rmcrct15_21_0_, accountrec0_.rmcpg as rmcpg16_21_0_, accountrec0_.rmdesc1 as rmdesc17_21_0_, accountrec0_.rmexpdt as rmexpdt18_21_0_, accountrec0_.rminsp as rminsp19_21_0_, accountrec0_.rmptc as rmptc20_21_0_, accountrec0_.rmrcbad as rmrcbad21_21_0_, accountrec0_.rmrcbm as rmrcbm22_21_0_, accountrec0_.rmrcbs as rmrcbs23_21_0_, accountrec0_.rmslid as rmslid24_21_0_, accountrec0_.rmtaxcd as rmtaxcd25_21_0_, accountrec0_.rmtaxid as rmtaxid26_21_0_, accountrec0_.rmtdf as rmtdf27_21_0_ from t0301 accountrec0_ where accountrec0_.rmanum=?
Hibernate: select accountrec0_.rmanum as rmanum1_21_0_, accountrec0_.rmcid as rmcid2_21_0_, accountrec0_.rmdtin as rmdtin3_21_0_, accountrec0_.rmtmin as rmtmin4_21_0_, accountrec0_.rmuid as rmuid5_21_0_, accountrec0_.rmdtlu as rmdtlu6_21_0_, accountrec0_.rmtmlu as rmtmlu7_21_0_, accountrec0_.rmuidm as rmuidm8_21_0_, accountrec0_.rmdtls as rmdtls9_21_0_, accountrec0_.rmaodt as rmaodt10_21_0_, accountrec0_.rmarcls as rmarcls11_21_0_, accountrec0_.rmbadt as rmbadt12_21_0_, accountrec0_.rmcrl as rmcrl13_21_0_, accountrec0_.rmcrm as rmcrm14_21_0_, accountrec0_.rmcrct as rmcrct15_21_0_, accountrec0_.rmcpg as rmcpg16_21_0_, accountrec0_.rmdesc1 as rmdesc17_21_0_, accountrec0_.rmexpdt as rmexpdt18_21_0_, accountrec0_.rminsp as rminsp19_21_0_, accountrec0_.rmptc as rmptc20_21_0_, accountrec0_.rmrcbad as rmrcbad21_21_0_, accountrec0_.rmrcbm as rmrcbm22_21_0_, accountrec0_.rmrcbs as rmrcbs23_21_0_, accountrec0_.rmslid as rmslid24_21_0_, accountrec0_.rmtaxcd as rmtaxcd25_21_0_, accountrec0_.rmtaxid as rmtaxid26_21_0_, accountrec0_.rmtdf as rmtdf27_21_0_ from t0301 accountrec0_ where accountrec0_.rmanum=?
Hibernate: select accountrec0_.rmanum as rmanum1_21_0_, accountrec0_.rmcid as rmcid2_21_0_, accountrec0_.rmdtin as rmdtin3_21_0_, accountrec0_.rmtmin as rmtmin4_21_0_, accountrec0_.rmuid as rmuid5_21_0_, accountrec0_.rmdtlu as rmdtlu6_21_0_, accountrec0_.rmtmlu as rmtmlu7_21_0_, accountrec0_.rmuidm as rmuidm8_21_0_, accountrec0_.rmdtls as rmdtls9_21_0_, accountrec0_.rmaodt as rmaodt10_21_0_, accountrec0_.rmarcls as rmarcls11_21_0_, accountrec0_.rmbadt as rmbadt12_21_0_, accountrec0_.rmcrl as rmcrl13_21_0_, accountrec0_.rmcrm as rmcrm14_21_0_, accountrec0_.rmcrct as rmcrct15_21_0_, accountrec0_.rmcpg as rmcpg16_21_0_, accountrec0_.rmdesc1 as rmdesc17_21_0_, accountrec0_.rmexpdt as rmexpdt18_21_0_, accountrec0_.rminsp as rminsp19_21_0_, accountrec0_.rmptc as rmptc20_21_0_, accountrec0_.rmrcbad as rmrcbad21_21_0_, accountrec0_.rmrcbm as rmrcbm22_21_0_, accountrec0_.rmrcbs as rmrcbs23_21_0_, accountrec0_.rmslid as rmslid24_21_0_, accountrec0_.rmtaxcd as rmtaxcd25_21_0_, accountrec0_.rmtaxid as rmtaxid26_21_0_, accountrec0_.rmtdf as rmtdf27_21_0_ from t0301 accountrec0_ where accountrec0_.rmanum=?
Hibernate: insert into t0301 (rmcid, rmdtin, rmtmin, rmuid, rmdtlu, rmtmlu, rmuidm, rmdtls, rmaodt, rmarcls, rmbadt, rmcrl, rmcrm, rmcrct, rmcpg, rmdesc1, rmexpdt, rminsp, rmptc, rmrcbad, rmrcbm, rmrcbs, rmslid, rmtaxcd, rmtaxid, rmtdf, rmanum) values (?, ?, ?, ?, ?, ?, ?, ?, ?, ?, ?, ?, ?, ?, ?, ?, ?, ?, ?, ?, ?, ?, ?, ?, ?, ?, ?)
Hibernate: select accountrec0_.rmanum as rmanum1_21_0_, accountrec0_.rmcid as rmcid2_21_0_, accountrec0_.rmdtin as rmdtin3_21_0_, accountrec0_.rmtmin as rmtmin4_21_0_, accountrec0_.rmuid as rmuid5_21_0_, accountrec0_.rmdtlu as rmdtlu6_21_0_, accountrec0_.rmtmlu as rmtmlu7_21_0_, accountrec0_.rmuidm as rmuidm8_21_0_, accountrec0_.rmdtls as rmdtls9_21_0_, accountrec0_.rmaodt as rmaodt10_21_0_, accountrec0_.rmarcls as rmarcls11_21_0_, accountrec0_.rmbadt as rmbadt12_21_0_, accountrec0_.rmcrl as rmcrl13_21_0_, accountrec0_.rmcrm as rmcrm14_21_0_, accountrec0_.rmcrct as rmcrct15_21_0_, accountrec0_.rmcpg as rmcpg16_21_0_, accountrec0_.rmdesc1 as rmdesc17_21_0_, accountrec0_.rmexpdt as rmexpdt18_21_0_, accountrec0_.rminsp as rminsp19_21_0_, accountrec0_.rmptc as rmptc20_21_0_, accountrec0_.rmrcbad as rmrcbad21_21_0_, accountrec0_.rmrcbm as rmrcbm22_21_0_, accountrec0_.rmrcbs as rmrcbs23_21_0_, accountrec0_.rmslid as rmslid24_21_0_, accountrec0_.rmtaxcd as rmtaxcd25_21_0_, accountrec0_.rmtaxid as rmtaxid26_21_0_, accountrec0_.rmtdf as rmtdf27_21_0_ from t0301 accountrec0_ where accountrec0_.rmanum=?
2018-12-27 11:25:40.130  INFO 2120 --- [    Test worker] o.s.t.c.transaction.TransactionContext   : Rolled back transaction for test: [DefaultTestContext@5e8aacb4 testClass = AccountReceivableSettingApiTest, testInstance = ags.goldenlionerp.apiTests.addresses.AccountReceivableSettingApiTest@37ec848f, testMethod = createTestWithPut@AccountReceivableSettingApiTest, testException = [null], mergedContextConfiguration = [WebMergedContextConfiguration@4d0a31d0 testClass = AccountReceivableSettingApiTest, locations = '{}', classes = '{class ags.goldenlionerp.GoldenLionErpApplication}', contextInitializerClasses = '[]', activeProfiles = '{}', propertySourceLocations = '{classpath:test.properties}', propertySourceProperties = '{org.springframework.boot.test.context.SpringBootTestContextBootstrapper=true}', contextCustomizers = set[org.springframework.boot.test.autoconfigure.properties.PropertyMappingContextCustomizer@0, org.springframework.boot.test.autoconfigure.web.servlet.WebDriverContextCustomizerFactory$Customizer@636d731e, [ImportsContextCustomizer@13db7424 key = [ags.goldenlionerp.apiTests.ApiTestBase$TestConfig]], org.springframework.boot.test.context.filter.ExcludeFilterContextCustomizer@6afa5291, org.springframework.boot.test.json.DuplicateJsonObjectContextCustomizerFactory$DuplicateJsonObjectContextCustomizer@20cebcb4, org.springframework.boot.test.mock.mockito.MockitoContextCustomizer@0, org.springframework.boot.test.web.client.TestRestTemplateContextCustomizer@49a32273], resourceBasePath = 'src/main/webapp', contextLoader = 'org.springframework.boot.test.context.SpringBootContextLoader', parent = [null]], attributes = map['org.springframework.test.context.web.ServletTestExecutionListener.activateListener' -> true, 'org.springframework.test.context.web.ServletTestExecutionListener.populatedRequestContextHolder' -> true, 'org.springframework.test.context.web.ServletTestExecutionListener.resetRequestContextHolder' -> true]]
2018-12-27 11:25:40.131  INFO 2120 --- [    Test worker] o.s.t.c.transaction.TransactionContext   : Began transaction (1) for test context [DefaultTestContext@5e8aacb4 testClass = AccountReceivableSettingApiTest, testInstance = ags.goldenlionerp.apiTests.addresses.AccountReceivableSettingApiTest@396e79cb, testMethod = deleteTest@AccountReceivableSettingApiTest, testException = [null], mergedContextConfiguration = [WebMergedContextConfiguration@4d0a31d0 testClass = AccountReceivableSettingApiTest, locations = '{}', classes = '{class ags.goldenlionerp.GoldenLionErpApplication}', contextInitializerClasses = '[]', activeProfiles = '{}', propertySourceLocations = '{classpath:test.properties}', propertySourceProperties = '{org.springframework.boot.test.context.SpringBootTestContextBootstrapper=true}', contextCustomizers = set[org.springframework.boot.test.autoconfigure.properties.PropertyMappingContextCustomizer@0, org.springframework.boot.test.autoconfigure.web.servlet.WebDriverContextCustomizerFactory$Customizer@636d731e, [ImportsContextCustomizer@13db7424 key = [ags.goldenlionerp.apiTests.ApiTestBase$TestConfig]], org.springframework.boot.test.context.filter.ExcludeFilterContextCustomizer@6afa5291, org.springframework.boot.test.json.DuplicateJsonObjectContextCustomizerFactory$DuplicateJsonObjectContextCustomizer@20cebcb4, org.springframework.boot.test.mock.mockito.MockitoContextCustomizer@0, org.springframework.boot.test.web.client.TestRestTemplateContextCustomizer@49a32273], resourceBasePath = 'src/main/webapp', contextLoader = 'org.springframework.boot.test.context.SpringBootContextLoader', parent = [null]], attributes = map['org.springframework.test.context.web.ServletTestExecutionListener.activateListener' -> true, 'org.springframework.test.context.web.ServletTestExecutionListener.populatedRequestContextHolder' -> true, 'org.springframework.test.context.web.ServletTestExecutionListener.resetRequestContextHolder' -> true]]; transaction manager [org.springframework.orm.jpa.JpaTransactionManager@75de8c12]; rollback [true]
2018-12-27 11:25:40.132  INFO 2120 --- [    Test worker] o.s.b.t.m.w.SpringBootMockServletContext : Initializing Spring FrameworkServlet ''
2018-12-27 11:25:40.132  INFO 2120 --- [    Test worker] o.s.t.web.servlet.TestDispatcherServlet  : FrameworkServlet '': initialization started
2018-12-27 11:25:40.136  INFO 2120 --- [    Test worker] o.s.t.web.servlet.TestDispatcherServlet  : FrameworkServlet '': initialization completed in 4 ms
Hibernate: select accountrec0_.rmanum as rmanum1_21_0_, accountrec0_.rmcid as rmcid2_21_0_, accountrec0_.rmdtin as rmdtin3_21_0_, accountrec0_.rmtmin as rmtmin4_21_0_, accountrec0_.rmuid as rmuid5_21_0_, accountrec0_.rmdtlu as rmdtlu6_21_0_, accountrec0_.rmtmlu as rmtmlu7_21_0_, accountrec0_.rmuidm as rmuidm8_21_0_, accountrec0_.rmdtls as rmdtls9_21_0_, accountrec0_.rmaodt as rmaodt10_21_0_, accountrec0_.rmarcls as rmarcls11_21_0_, accountrec0_.rmbadt as rmbadt12_21_0_, accountrec0_.rmcrl as rmcrl13_21_0_, accountrec0_.rmcrm as rmcrm14_21_0_, accountrec0_.rmcrct as rmcrct15_21_0_, accountrec0_.rmcpg as rmcpg16_21_0_, accountrec0_.rmdesc1 as rmdesc17_21_0_, accountrec0_.rmexpdt as rmexpdt18_21_0_, accountrec0_.rminsp as rminsp19_21_0_, accountrec0_.rmptc as rmptc20_21_0_, accountrec0_.rmrcbad as rmrcbad21_21_0_, accountrec0_.rmrcbm as rmrcbm22_21_0_, accountrec0_.rmrcbs as rmrcbs23_21_0_, accountrec0_.rmslid as rmslid24_21_0_, accountrec0_.rmtaxcd as rmtaxcd25_21_0_, accountrec0_.rmtaxid as rmtaxid26_21_0_, accountrec0_.rmtdf as rmtdf27_21_0_ from t0301 accountrec0_ where accountrec0_.rmanum=?
2018-12-27 11:25:40.150  INFO 2120 --- [    Test worker] o.s.t.c.transaction.TransactionContext   : Rolled back transaction for test: [DefaultTestContext@5e8aacb4 testClass = AccountReceivableSettingApiTest, testInstance = ags.goldenlionerp.apiTests.addresses.AccountReceivableSettingApiTest@396e79cb, testMethod = deleteTest@AccountReceivableSettingApiTest, testException = [null], mergedContextConfiguration = [WebMergedContextConfiguration@4d0a31d0 testClass = AccountReceivableSettingApiTest, locations = '{}', classes = '{class ags.goldenlionerp.GoldenLionErpApplication}', contextInitializerClasses = '[]', activeProfiles = '{}', propertySourceLocations = '{classpath:test.properties}', propertySourceProperties = '{org.springframework.boot.test.context.SpringBootTestContextBootstrapper=true}', contextCustomizers = set[org.springframework.boot.test.autoconfigure.properties.PropertyMappingContextCustomizer@0, org.springframework.boot.test.autoconfigure.web.servlet.WebDriverContextCustomizerFactory$Customizer@636d731e, [ImportsContextCustomizer@13db7424 key = [ags.goldenlionerp.apiTests.ApiTestBase$TestConfig]], org.springframework.boot.test.context.filter.ExcludeFilterContextCustomizer@6afa5291, org.springframework.boot.test.json.DuplicateJsonObjectContextCustomizerFactory$DuplicateJsonObjectContextCustomizer@20cebcb4, org.springframework.boot.test.mock.mockito.MockitoContextCustomizer@0, org.springframework.boot.test.web.client.TestRestTemplateContextCustomizer@49a32273], resourceBasePath = 'src/main/webapp', contextLoader = 'org.springframework.boot.test.context.SpringBootContextLoader', parent = [null]], attributes = map['org.springframework.test.context.web.ServletTestExecutionListener.activateListener' -> true, 'org.springframework.test.context.web.ServletTestExecutionListener.populatedRequestContextHolder' -> true, 'org.springframework.test.context.web.ServletTestExecutionListener.resetRequestContextHolder' -> true]]
2018-12-27 11:25:40.152  INFO 2120 --- [    Test worker] o.s.t.c.transaction.TransactionContext   : Began transaction (1) for test context [DefaultTestContext@5e8aacb4 testClass = AccountReceivableSettingApiTest, testInstance = ags.goldenlionerp.apiTests.addresses.AccountReceivableSettingApiTest@72e518c5, testMethod = createTestWithPost@AccountReceivableSettingApiTest, testException = [null], mergedContextConfiguration = [WebMergedContextConfiguration@4d0a31d0 testClass = AccountReceivableSettingApiTest, locations = '{}', classes = '{class ags.goldenlionerp.GoldenLionErpApplication}', contextInitializerClasses = '[]', activeProfiles = '{}', propertySourceLocations = '{classpath:test.properties}', propertySourceProperties = '{org.springframework.boot.test.context.SpringBootTestContextBootstrapper=true}', contextCustomizers = set[org.springframework.boot.test.autoconfigure.properties.PropertyMappingContextCustomizer@0, org.springframework.boot.test.autoconfigure.web.servlet.WebDriverContextCustomizerFactory$Customizer@636d731e, [ImportsContextCustomizer@13db7424 key = [ags.goldenlionerp.apiTests.ApiTestBase$TestConfig]], org.springframework.boot.test.context.filter.ExcludeFilterContextCustomizer@6afa5291, org.springframework.boot.test.json.DuplicateJsonObjectContextCustomizerFactory$DuplicateJsonObjectContextCustomizer@20cebcb4, org.springframework.boot.test.mock.mockito.MockitoContextCustomizer@0, org.springframework.boot.test.web.client.TestRestTemplateContextCustomizer@49a32273], resourceBasePath = 'src/main/webapp', contextLoader = 'org.springframework.boot.test.context.SpringBootContextLoader', parent = [null]], attributes = map['org.springframework.test.context.web.ServletTestExecutionListener.activateListener' -> true, 'org.springframework.test.context.web.ServletTestExecutionListener.populatedRequestContextHolder' -> true, 'org.springframework.test.context.web.ServletTestExecutionListener.resetRequestContextHolder' -> true]]; transaction manager [org.springframework.orm.jpa.JpaTransactionManager@75de8c12]; rollback [true]
2018-12-27 11:25:40.153  INFO 2120 --- [    Test worker] o.s.b.t.m.w.SpringBootMockServletContext : Initializing Spring FrameworkServlet ''
2018-12-27 11:25:40.153  INFO 2120 --- [    Test worker] o.s.t.web.servlet.TestDispatcherServlet  : FrameworkServlet '': initialization started
2018-12-27 11:25:40.159  INFO 2120 --- [    Test worker] o.s.t.web.servlet.TestDispatcherServlet  : FrameworkServlet '': initialization completed in 6 ms
Hibernate: select accountrec0_.rmanum as rmanum1_21_0_, accountrec0_.rmcid as rmcid2_21_0_, accountrec0_.rmdtin as rmdtin3_21_0_, accountrec0_.rmtmin as rmtmin4_21_0_, accountrec0_.rmuid as rmuid5_21_0_, accountrec0_.rmdtlu as rmdtlu6_21_0_, accountrec0_.rmtmlu as rmtmlu7_21_0_, accountrec0_.rmuidm as rmuidm8_21_0_, accountrec0_.rmdtls as rmdtls9_21_0_, accountrec0_.rmaodt as rmaodt10_21_0_, accountrec0_.rmarcls as rmarcls11_21_0_, accountrec0_.rmbadt as rmbadt12_21_0_, accountrec0_.rmcrl as rmcrl13_21_0_, accountrec0_.rmcrm as rmcrm14_21_0_, accountrec0_.rmcrct as rmcrct15_21_0_, accountrec0_.rmcpg as rmcpg16_21_0_, accountrec0_.rmdesc1 as rmdesc17_21_0_, accountrec0_.rmexpdt as rmexpdt18_21_0_, accountrec0_.rminsp as rminsp19_21_0_, accountrec0_.rmptc as rmptc20_21_0_, accountrec0_.rmrcbad as rmrcbad21_21_0_, accountrec0_.rmrcbm as rmrcbm22_21_0_, accountrec0_.rmrcbs as rmrcbs23_21_0_, accountrec0_.rmslid as rmslid24_21_0_, accountrec0_.rmtaxcd as rmtaxcd25_21_0_, accountrec0_.rmtaxid as rmtaxid26_21_0_, accountrec0_.rmtdf as rmtdf27_21_0_ from t0301 accountrec0_ where accountrec0_.rmanum=?
2018-12-27 11:25:40.173  INFO 2120 --- [    Test worker] o.s.t.c.transaction.TransactionContext   : Rolled back transaction for test: [DefaultTestContext@5e8aacb4 testClass = AccountReceivableSettingApiTest, testInstance = ags.goldenlionerp.apiTests.addresses.AccountReceivableSettingApiTest@72e518c5, testMethod = createTestWithPost@AccountReceivableSettingApiTest, testException = [null], mergedContextConfiguration = [WebMergedContextConfiguration@4d0a31d0 testClass = AccountReceivableSettingApiTest, locations = '{}', classes = '{class ags.goldenlionerp.GoldenLionErpApplication}', contextInitializerClasses = '[]', activeProfiles = '{}', propertySourceLocations = '{classpath:test.properties}', propertySourceProperties = '{org.springframework.boot.test.context.SpringBootTestContextBootstrapper=true}', contextCustomizers = set[org.springframework.boot.test.autoconfigure.properties.PropertyMappingContextCustomizer@0, org.springframework.boot.test.autoconfigure.web.servlet.WebDriverContextCustomizerFactory$Customizer@636d731e, [ImportsContextCustomizer@13db7424 key = [ags.goldenlionerp.apiTests.ApiTestBase$TestConfig]], org.springframework.boot.test.context.filter.ExcludeFilterContextCustomizer@6afa5291, org.springframework.boot.test.json.DuplicateJsonObjectContextCustomizerFactory$DuplicateJsonObjectContextCustomizer@20cebcb4, org.springframework.boot.test.mock.mockito.MockitoContextCustomizer@0, org.springframework.boot.test.web.client.TestRestTemplateContextCustomizer@49a32273], resourceBasePath = 'src/main/webapp', contextLoader = 'org.springframework.boot.test.context.SpringBootContextLoader', parent = [null]], attributes = map['org.springframework.test.context.web.ServletTestExecutionListener.activateListener' -> true, 'org.springframework.test.context.web.ServletTestExecutionListener.populatedRequestContextHolder' -> true, 'org.springframework.test.context.web.ServletTestExecutionListener.resetRequestContextHolder' -> true]]
2018-12-27 11:25:40.175  INFO 2120 --- [    Test worker] o.s.t.c.transaction.TransactionContext   : Began transaction (1) for test context [DefaultTestContext@5e8aacb4 testClass = AccountReceivableSettingApiTest, testInstance = ags.goldenlionerp.apiTests.addresses.AccountReceivableSettingApiTest@4d935187, testMethod = getTestSingle@ApiTestBase, testException = [null], mergedContextConfiguration = [WebMergedContextConfiguration@4d0a31d0 testClass = AccountReceivableSettingApiTest, locations = '{}', classes = '{class ags.goldenlionerp.GoldenLionErpApplication}', contextInitializerClasses = '[]', activeProfiles = '{}', propertySourceLocations = '{classpath:test.properties}', propertySourceProperties = '{org.springframework.boot.test.context.SpringBootTestContextBootstrapper=true}', contextCustomizers = set[org.springframework.boot.test.autoconfigure.properties.PropertyMappingContextCustomizer@0, org.springframework.boot.test.autoconfigure.web.servlet.WebDriverContextCustomizerFactory$Customizer@636d731e, [ImportsContextCustomizer@13db7424 key = [ags.goldenlionerp.apiTests.ApiTestBase$TestConfig]], org.springframework.boot.test.context.filter.ExcludeFilterContextCustomizer@6afa5291, org.springframework.boot.test.json.DuplicateJsonObjectContextCustomizerFactory$DuplicateJsonObjectContextCustomizer@20cebcb4, org.springframework.boot.test.mock.mockito.MockitoContextCustomizer@0, org.springframework.boot.test.web.client.TestRestTemplateContextCustomizer@49a32273], resourceBasePath = 'src/main/webapp', contextLoader = 'org.springframework.boot.test.context.SpringBootContextLoader', parent = [null]], attributes = map['org.springframework.test.context.web.ServletTestExecutionListener.activateListener' -> true, 'org.springframework.test.context.web.ServletTestExecutionListener.populatedRequestContextHolder' -> true, 'org.springframework.test.context.web.ServletTestExecutionListener.resetRequestContextHolder' -> true]]; transaction manager [org.springframework.orm.jpa.JpaTransactionManager@75de8c12]; rollback [true]
2018-12-27 11:25:40.176  INFO 2120 --- [    Test worker] o.s.b.t.m.w.SpringBootMockServletContext : Initializing Spring FrameworkServlet ''
2018-12-27 11:25:40.176  INFO 2120 --- [    Test worker] o.s.t.web.servlet.TestDispatcherServlet  : FrameworkServlet '': initialization started
2018-12-27 11:25:40.182  INFO 2120 --- [    Test worker] o.s.t.web.servlet.TestDispatcherServlet  : FrameworkServlet '': initialization completed in 6 ms
Hibernate: select accountrec0_.rmanum as rmanum1_21_0_, accountrec0_.rmcid as rmcid2_21_0_, accountrec0_.rmdtin as rmdtin3_21_0_, accountrec0_.rmtmin as rmtmin4_21_0_, accountrec0_.rmuid as rmuid5_21_0_, accountrec0_.rmdtlu as rmdtlu6_21_0_, accountrec0_.rmtmlu as rmtmlu7_21_0_, accountrec0_.rmuidm as rmuidm8_21_0_, accountrec0_.rmdtls as rmdtls9_21_0_, accountrec0_.rmaodt as rmaodt10_21_0_, accountrec0_.rmarcls as rmarcls11_21_0_, accountrec0_.rmbadt as rmbadt12_21_0_, accountrec0_.rmcrl as rmcrl13_21_0_, accountrec0_.rmcrm as rmcrm14_21_0_, accountrec0_.rmcrct as rmcrct15_21_0_, accountrec0_.rmcpg as rmcpg16_21_0_, accountrec0_.rmdesc1 as rmdesc17_21_0_, accountrec0_.rmexpdt as rmexpdt18_21_0_, accountrec0_.rminsp as rminsp19_21_0_, accountrec0_.rmptc as rmptc20_21_0_, accountrec0_.rmrcbad as rmrcbad21_21_0_, accountrec0_.rmrcbm as rmrcbm22_21_0_, accountrec0_.rmrcbs as rmrcbs23_21_0_, accountrec0_.rmslid as rmslid24_21_0_, accountrec0_.rmtaxcd as rmtaxcd25_21_0_, accountrec0_.rmtaxid as rmtaxid26_21_0_, accountrec0_.rmtdf as rmtdf27_21_0_ from t0301 accountrec0_ where accountrec0_.rmanum=?
2018-12-27 11:25:40.201  INFO 2120 --- [    Test worker] o.s.t.c.transaction.TransactionContext   : Rolled back transaction for test: [DefaultTestContext@5e8aacb4 testClass = AccountReceivableSettingApiTest, testInstance = ags.goldenlionerp.apiTests.addresses.AccountReceivableSettingApiTest@4d935187, testMethod = getTestSingle@ApiTestBase, testException = [null], mergedContextConfiguration = [WebMergedContextConfiguration@4d0a31d0 testClass = AccountReceivableSettingApiTest, locations = '{}', classes = '{class ags.goldenlionerp.GoldenLionErpApplication}', contextInitializerClasses = '[]', activeProfiles = '{}', propertySourceLocations = '{classpath:test.properties}', propertySourceProperties = '{org.springframework.boot.test.context.SpringBootTestContextBootstrapper=true}', contextCustomizers = set[org.springframework.boot.test.autoconfigure.properties.PropertyMappingContextCustomizer@0, org.springframework.boot.test.autoconfigure.web.servlet.WebDriverContextCustomizerFactory$Customizer@636d731e, [ImportsContextCustomizer@13db7424 key = [ags.goldenlionerp.apiTests.ApiTestBase$TestConfig]], org.springframework.boot.test.context.filter.ExcludeFilterContextCustomizer@6afa5291, org.springframework.boot.test.json.DuplicateJsonObjectContextCustomizerFactory$DuplicateJsonObjectContextCustomizer@20cebcb4, org.springframework.boot.test.mock.mockito.MockitoContextCustomizer@0, org.springframework.boot.test.web.client.TestRestTemplateContextCustomizer@49a32273], resourceBasePath = 'src/main/webapp', contextLoader = 'org.springframework.boot.test.context.SpringBootContextLoader', parent = [null]], attributes = map['org.springframework.test.context.web.ServletTestExecutionListener.activateListener' -> true, 'org.springframework.test.context.web.ServletTestExecutionListener.populatedRequestContextHolder' -> true, 'org.springframework.test.context.web.ServletTestExecutionListener.resetRequestContextHolder' -> true]]
]]></system-out>
  <system-err><![CDATA[]]></system-err>
</testsuite>
