<?xml version="1.0" encoding="UTF-8"?>
<testsuite name="ags.goldenlionerp.apiTests.setups.DMAAIDetailTest" tests="8" skipped="0" failures="0" errors="0" timestamp="2018-12-27T04:25:58" hostname="LAPTOP-FHFRCCL6" time="0.401">
  <properties/>
  <testcase name="updateTestWithPatch" classname="ags.goldenlionerp.apiTests.setups.DMAAIDetailTest" time="0.074"/>
  <testcase name="getTestCollection" classname="ags.goldenlionerp.apiTests.setups.DMAAIDetailTest" time="0.031"/>
  <testcase name="createTestWithPost" classname="ags.goldenlionerp.apiTests.setups.DMAAIDetailTest" time="0.042"/>
  <testcase name="massUpdateTest" classname="ags.goldenlionerp.apiTests.setups.DMAAIDetailTest" time="0.111"/>
  <testcase name="updateTestWithPut" classname="ags.goldenlionerp.apiTests.setups.DMAAIDetailTest" time="0.035"/>
  <testcase name="getTestSingle" classname="ags.goldenlionerp.apiTests.setups.DMAAIDetailTest" time="0.038"/>
  <testcase name="createTestWithPut" classname="ags.goldenlionerp.apiTests.setups.DMAAIDetailTest" time="0.027"/>
  <testcase name="deleteTest" classname="ags.goldenlionerp.apiTests.setups.DMAAIDetailTest" time="0.037"/>
  <system-out><![CDATA[2018-12-27 11:25:58.027  INFO 2120 --- [    Test worker] .b.t.c.SpringBootTestContextBootstrapper : Neither @ContextConfiguration nor @ContextHierarchy found for test class [ags.goldenlionerp.apiTests.setups.DMAAIDetailTest], using SpringBootContextLoader
2018-12-27 11:25:58.028  INFO 2120 --- [    Test worker] o.s.t.c.support.AbstractContextLoader    : Could not detect default resource locations for test class [ags.goldenlionerp.apiTests.setups.DMAAIDetailTest]: no resource found for suffixes {-context.xml, Context.groovy}.
2018-12-27 11:25:58.028  INFO 2120 --- [    Test worker] t.c.s.AnnotationConfigContextLoaderUtils : Could not detect default configuration classes for test class [ags.goldenlionerp.apiTests.setups.DMAAIDetailTest]: DMAAIDetailTest does not declare any static, non-private, non-final, nested classes annotated with @Configuration.
2018-12-27 11:25:58.031  INFO 2120 --- [    Test worker] .b.t.c.SpringBootTestContextBootstrapper : Found @SpringBootConfiguration ags.goldenlionerp.GoldenLionErpApplication for test class ags.goldenlionerp.apiTests.setups.DMAAIDetailTest
2018-12-27 11:25:58.033  INFO 2120 --- [    Test worker] .b.t.c.SpringBootTestContextBootstrapper : Loaded default TestExecutionListener class names from location [META-INF/spring.factories]: [org.springframework.security.test.context.support.WithSecurityContextTestExecutionListener, org.springframework.security.test.context.support.ReactorContextTestExecutionListener, org.springframework.boot.test.autoconfigure.restdocs.RestDocsTestExecutionListener, org.springframework.boot.test.autoconfigure.web.client.MockRestServiceServerResetTestExecutionListener, org.springframework.boot.test.autoconfigure.web.servlet.MockMvcPrintOnlyOnFailureTestExecutionListener, org.springframework.boot.test.autoconfigure.web.servlet.WebDriverTestExecutionListener, org.springframework.boot.test.mock.mockito.MockitoTestExecutionListener, org.springframework.boot.test.mock.mockito.ResetMocksTestExecutionListener, org.springframework.test.context.web.ServletTestExecutionListener, org.springframework.test.context.support.DirtiesContextBeforeModesTestExecutionListener, org.springframework.test.context.support.DependencyInjectionTestExecutionListener, org.springframework.test.context.support.DirtiesContextTestExecutionListener, org.springframework.test.context.transaction.TransactionalTestExecutionListener, org.springframework.test.context.jdbc.SqlScriptsTestExecutionListener]
2018-12-27 11:25:58.034  INFO 2120 --- [    Test worker] .b.t.c.SpringBootTestContextBootstrapper : Using TestExecutionListeners: [org.springframework.test.context.web.ServletTestExecutionListener@47499e7c, org.springframework.test.context.support.DirtiesContextBeforeModesTestExecutionListener@46ba5e12, org.springframework.boot.test.mock.mockito.MockitoTestExecutionListener@5e397754, org.springframework.boot.test.autoconfigure.SpringBootDependencyInjectionTestExecutionListener@3a572399, org.springframework.test.context.support.DirtiesContextTestExecutionListener@3166f0d1, org.springframework.test.context.transaction.TransactionalTestExecutionListener@25b87221, org.springframework.test.context.jdbc.SqlScriptsTestExecutionListener@302e3215, org.springframework.security.test.context.support.WithSecurityContextTestExecutionListener@33668462, org.springframework.security.test.context.support.ReactorContextTestExecutionListener@35800aa7, org.springframework.boot.test.autoconfigure.restdocs.RestDocsTestExecutionListener@53cf4f4c, org.springframework.boot.test.autoconfigure.web.client.MockRestServiceServerResetTestExecutionListener@12b071ba, org.springframework.boot.test.autoconfigure.web.servlet.MockMvcPrintOnlyOnFailureTestExecutionListener@1572a21a, org.springframework.boot.test.autoconfigure.web.servlet.WebDriverTestExecutionListener@20125721, org.springframework.boot.test.mock.mockito.ResetMocksTestExecutionListener@90ec940]
2018-12-27 11:25:58.070  INFO 2120 --- [    Test worker] o.s.t.c.transaction.TransactionContext   : Began transaction (1) for test context [DefaultTestContext@5fe927f0 testClass = DMAAIDetailTest, testInstance = ags.goldenlionerp.apiTests.setups.DMAAIDetailTest@458b336c, testMethod = updateTestWithPatch@DMAAIDetailTest, testException = [null], mergedContextConfiguration = [WebMergedContextConfiguration@2236411d testClass = DMAAIDetailTest, locations = '{}', classes = '{class ags.goldenlionerp.GoldenLionErpApplication}', contextInitializerClasses = '[]', activeProfiles = '{}', propertySourceLocations = '{classpath:test.properties}', propertySourceProperties = '{org.springframework.boot.test.context.SpringBootTestContextBootstrapper=true}', contextCustomizers = set[org.springframework.boot.test.autoconfigure.properties.PropertyMappingContextCustomizer@0, org.springframework.boot.test.autoconfigure.web.servlet.WebDriverContextCustomizerFactory$Customizer@636d731e, [ImportsContextCustomizer@66d54a41 key = [ags.goldenlionerp.apiTests.ApiTestBase$TestConfig]], org.springframework.boot.test.context.filter.ExcludeFilterContextCustomizer@6afa5291, org.springframework.boot.test.json.DuplicateJsonObjectContextCustomizerFactory$DuplicateJsonObjectContextCustomizer@20cebcb4, org.springframework.boot.test.mock.mockito.MockitoContextCustomizer@0, org.springframework.boot.test.web.client.TestRestTemplateContextCustomizer@49a32273], resourceBasePath = 'src/main/webapp', contextLoader = 'org.springframework.boot.test.context.SpringBootContextLoader', parent = [null]], attributes = map['org.springframework.test.context.web.ServletTestExecutionListener.activateListener' -> true, 'org.springframework.test.context.web.ServletTestExecutionListener.populatedRequestContextHolder' -> true, 'org.springframework.test.context.web.ServletTestExecutionListener.resetRequestContextHolder' -> true]]; transaction manager [org.springframework.orm.jpa.JpaTransactionManager@75de8c12]; rollback [true]
2018-12-27 11:25:58.071  INFO 2120 --- [    Test worker] o.s.b.t.m.w.SpringBootMockServletContext : Initializing Spring FrameworkServlet ''
2018-12-27 11:25:58.071  INFO 2120 --- [    Test worker] o.s.t.web.servlet.TestDispatcherServlet  : FrameworkServlet '': initialization started
2018-12-27 11:25:58.079  INFO 2120 --- [    Test worker] o.s.t.web.servlet.TestDispatcherServlet  : FrameworkServlet '': initialization completed in 8 ms
Hibernate: select dmaaiheade0_.mkdmno as mkdmno1_6_0_, dmaaiheade0_.mkdesb1 as mkdesb2_6_0_, dmaaiheade0_.mkdesb2 as mkdesb3_6_0_, dmaaiheade0_.mkpec as mkpec4_6_0_, dmaaiheade0_.mklod as mklod5_6_0_, dmaaiheade0_.mkmfac as mkmfac6_6_0_ from t0016 dmaaiheade0_ where dmaaiheade0_.mkdmno=?
Hibernate: select dmaaidetai0_.mlcoid as mlcoid1_7_0_, dmaaidetai0_.mldmno as mldmno2_7_0_, dmaaidetai0_.mldocoty as mldocoty3_7_0_, dmaaidetai0_.mldocty as mldocty4_7_0_, dmaaidetai0_.mlglcls as mlglcls5_7_0_, dmaaidetai0_.mlcsty as mlcsty6_7_0_, dmaaidetai0_.mlcid as mlcid7_7_0_, dmaaidetai0_.mldtin as mldtin8_7_0_, dmaaidetai0_.mltmin as mltmin9_7_0_, dmaaidetai0_.mluid as mluid10_7_0_, dmaaidetai0_.mldtlu as mldtlu11_7_0_, dmaaidetai0_.mltmlu as mltmlu12_7_0_, dmaaidetai0_.mluidm as mluidm13_7_0_, dmaaidetai0_.mlobj as mlobj19_7_0_, dmaaidetai0_.mlbuid as mlbuid14_7_0_, dmaaidetai0_.mlsub as mlsub20_7_0_, dmaaidetai0_.mldesb1 as mldesb15_7_0_, dmaaidetai0_.mldesb2 as mldesb16_7_0_, dmaaidetai0_.mldesb3 as mldesb17_7_0_, dmaaidetai0_.mldesb4 as mldesb18_7_0_ from t0016d dmaaidetai0_ where dmaaidetai0_.mlcoid=? and dmaaidetai0_.mldmno=? and dmaaidetai0_.mldocoty=? and dmaaidetai0_.mldocty=? and dmaaidetai0_.mlglcls=? and dmaaidetai0_.mlcsty=?
Hibernate: select chartofacc0_.oaobj as oaobj1_25_0_, chartofacc0_.oacid as oacid2_25_0_, chartofacc0_.oadtin as oadtin3_25_0_, chartofacc0_.oatmin as oatmin4_25_0_, chartofacc0_.oauid as oauid5_25_0_, chartofacc0_.oadtlu as oadtlu6_25_0_, chartofacc0_.oatmlu as oatmlu7_25_0_, chartofacc0_.oauidm as oauidm8_25_0_, chartofacc0_.oablc as oablc9_25_0_, chartofacc0_.oacoid as oacoid10_25_0_, chartofacc0_.oadesb1 as oadesb11_25_0_, chartofacc0_.oadesc1 as oadesc12_25_0_, chartofacc0_.oalod as oalod13_25_0_, chartofacc0_.oapec as oapec14_25_0_ from t0900 chartofacc0_ where chartofacc0_.oaobj=?
Hibernate: select accountmas0_.ambuid as ambuid1_26_0_, accountmas0_.amcoid as amcoid2_26_0_, accountmas0_.amobj as amobj3_26_0_, accountmas0_.amsub as amsub4_26_0_, accountmas0_.amcid as amcid5_26_0_, accountmas0_.amdtin as amdtin6_26_0_, accountmas0_.amtmin as amtmin7_26_0_, accountmas0_.amuid as amuid8_26_0_, accountmas0_.amdtlu as amdtlu9_26_0_, accountmas0_.amtmlu as amtmlu10_26_0_, accountmas0_.amuidm as amuidm11_26_0_, accountmas0_.amdtlt as amdtlt12_26_0_, accountmas0_.amacid as amacid13_26_0_, accountmas0_.amblc as amblc14_26_0_, accountmas0_.ambpc as ambpc15_26_0_, accountmas0_.amglc01 as amglc16_26_0_, accountmas0_.amglc02 as amglc17_26_0_, accountmas0_.amglc03 as amglc18_26_0_, accountmas0_.amglc04 as amglc19_26_0_, accountmas0_.amglc05 as amglc20_26_0_, accountmas0_.amcrct as amcrct21_26_0_, accountmas0_.amdesb1 as amdesb22_26_0_, accountmas0_.amtmlt as amtmlt23_26_0_, accountmas0_.amlod as amlod24_26_0_, accountmas0_.ammac as ammac25_26_0_, accountmas0_.amoan as amoan26_26_0_, accountmas0_.ampec as ampec27_26_0_ from t0901 accountmas0_ where accountmas0_.ambuid=? and accountmas0_.amcoid=? and accountmas0_.amobj=? and accountmas0_.amsub=?
2018-12-27 11:25:58.142  INFO 2120 --- [    Test worker] o.s.t.c.transaction.TransactionContext   : Rolled back transaction for test: [DefaultTestContext@5fe927f0 testClass = DMAAIDetailTest, testInstance = ags.goldenlionerp.apiTests.setups.DMAAIDetailTest@458b336c, testMethod = updateTestWithPatch@DMAAIDetailTest, testException = [null], mergedContextConfiguration = [WebMergedContextConfiguration@2236411d testClass = DMAAIDetailTest, locations = '{}', classes = '{class ags.goldenlionerp.GoldenLionErpApplication}', contextInitializerClasses = '[]', activeProfiles = '{}', propertySourceLocations = '{classpath:test.properties}', propertySourceProperties = '{org.springframework.boot.test.context.SpringBootTestContextBootstrapper=true}', contextCustomizers = set[org.springframework.boot.test.autoconfigure.properties.PropertyMappingContextCustomizer@0, org.springframework.boot.test.autoconfigure.web.servlet.WebDriverContextCustomizerFactory$Customizer@636d731e, [ImportsContextCustomizer@66d54a41 key = [ags.goldenlionerp.apiTests.ApiTestBase$TestConfig]], org.springframework.boot.test.context.filter.ExcludeFilterContextCustomizer@6afa5291, org.springframework.boot.test.json.DuplicateJsonObjectContextCustomizerFactory$DuplicateJsonObjectContextCustomizer@20cebcb4, org.springframework.boot.test.mock.mockito.MockitoContextCustomizer@0, org.springframework.boot.test.web.client.TestRestTemplateContextCustomizer@49a32273], resourceBasePath = 'src/main/webapp', contextLoader = 'org.springframework.boot.test.context.SpringBootContextLoader', parent = [null]], attributes = map['org.springframework.test.context.web.ServletTestExecutionListener.activateListener' -> true, 'org.springframework.test.context.web.ServletTestExecutionListener.populatedRequestContextHolder' -> true, 'org.springframework.test.context.web.ServletTestExecutionListener.resetRequestContextHolder' -> true]]
2018-12-27 11:25:58.145  INFO 2120 --- [    Test worker] o.s.t.c.transaction.TransactionContext   : Began transaction (1) for test context [DefaultTestContext@5fe927f0 testClass = DMAAIDetailTest, testInstance = ags.goldenlionerp.apiTests.setups.DMAAIDetailTest@111de788, testMethod = getTestCollection@DMAAIDetailTest, testException = [null], mergedContextConfiguration = [WebMergedContextConfiguration@2236411d testClass = DMAAIDetailTest, locations = '{}', classes = '{class ags.goldenlionerp.GoldenLionErpApplication}', contextInitializerClasses = '[]', activeProfiles = '{}', propertySourceLocations = '{classpath:test.properties}', propertySourceProperties = '{org.springframework.boot.test.context.SpringBootTestContextBootstrapper=true}', contextCustomizers = set[org.springframework.boot.test.autoconfigure.properties.PropertyMappingContextCustomizer@0, org.springframework.boot.test.autoconfigure.web.servlet.WebDriverContextCustomizerFactory$Customizer@636d731e, [ImportsContextCustomizer@66d54a41 key = [ags.goldenlionerp.apiTests.ApiTestBase$TestConfig]], org.springframework.boot.test.context.filter.ExcludeFilterContextCustomizer@6afa5291, org.springframework.boot.test.json.DuplicateJsonObjectContextCustomizerFactory$DuplicateJsonObjectContextCustomizer@20cebcb4, org.springframework.boot.test.mock.mockito.MockitoContextCustomizer@0, org.springframework.boot.test.web.client.TestRestTemplateContextCustomizer@49a32273], resourceBasePath = 'src/main/webapp', contextLoader = 'org.springframework.boot.test.context.SpringBootContextLoader', parent = [null]], attributes = map['org.springframework.test.context.web.ServletTestExecutionListener.activateListener' -> true, 'org.springframework.test.context.web.ServletTestExecutionListener.populatedRequestContextHolder' -> true, 'org.springframework.test.context.web.ServletTestExecutionListener.resetRequestContextHolder' -> true]]; transaction manager [org.springframework.orm.jpa.JpaTransactionManager@75de8c12]; rollback [true]
2018-12-27 11:25:58.146  INFO 2120 --- [    Test worker] o.s.b.t.m.w.SpringBootMockServletContext : Initializing Spring FrameworkServlet ''
2018-12-27 11:25:58.146  INFO 2120 --- [    Test worker] o.s.t.web.servlet.TestDispatcherServlet  : FrameworkServlet '': initialization started
2018-12-27 11:25:58.156  INFO 2120 --- [    Test worker] o.s.t.web.servlet.TestDispatcherServlet  : FrameworkServlet '': initialization completed in 10 ms
Hibernate: select dmaaiheade0_.mkdmno as mkdmno1_6_0_, dmaaiheade0_.mkdesb1 as mkdesb2_6_0_, dmaaiheade0_.mkdesb2 as mkdesb3_6_0_, dmaaiheade0_.mkpec as mkpec4_6_0_, dmaaiheade0_.mklod as mklod5_6_0_, dmaaiheade0_.mkmfac as mkmfac6_6_0_ from t0016 dmaaiheade0_ where dmaaiheade0_.mkdmno=?
2018-12-27 11:25:58.174  INFO 2120 --- [    Test worker] o.s.t.c.transaction.TransactionContext   : Rolled back transaction for test: [DefaultTestContext@5fe927f0 testClass = DMAAIDetailTest, testInstance = ags.goldenlionerp.apiTests.setups.DMAAIDetailTest@111de788, testMethod = getTestCollection@DMAAIDetailTest, testException = [null], mergedContextConfiguration = [WebMergedContextConfiguration@2236411d testClass = DMAAIDetailTest, locations = '{}', classes = '{class ags.goldenlionerp.GoldenLionErpApplication}', contextInitializerClasses = '[]', activeProfiles = '{}', propertySourceLocations = '{classpath:test.properties}', propertySourceProperties = '{org.springframework.boot.test.context.SpringBootTestContextBootstrapper=true}', contextCustomizers = set[org.springframework.boot.test.autoconfigure.properties.PropertyMappingContextCustomizer@0, org.springframework.boot.test.autoconfigure.web.servlet.WebDriverContextCustomizerFactory$Customizer@636d731e, [ImportsContextCustomizer@66d54a41 key = [ags.goldenlionerp.apiTests.ApiTestBase$TestConfig]], org.springframework.boot.test.context.filter.ExcludeFilterContextCustomizer@6afa5291, org.springframework.boot.test.json.DuplicateJsonObjectContextCustomizerFactory$DuplicateJsonObjectContextCustomizer@20cebcb4, org.springframework.boot.test.mock.mockito.MockitoContextCustomizer@0, org.springframework.boot.test.web.client.TestRestTemplateContextCustomizer@49a32273], resourceBasePath = 'src/main/webapp', contextLoader = 'org.springframework.boot.test.context.SpringBootContextLoader', parent = [null]], attributes = map['org.springframework.test.context.web.ServletTestExecutionListener.activateListener' -> true, 'org.springframework.test.context.web.ServletTestExecutionListener.populatedRequestContextHolder' -> true, 'org.springframework.test.context.web.ServletTestExecutionListener.resetRequestContextHolder' -> true]]
2018-12-27 11:25:58.177  INFO 2120 --- [    Test worker] o.s.t.c.transaction.TransactionContext   : Began transaction (1) for test context [DefaultTestContext@5fe927f0 testClass = DMAAIDetailTest, testInstance = ags.goldenlionerp.apiTests.setups.DMAAIDetailTest@5b6b770a, testMethod = createTestWithPost@DMAAIDetailTest, testException = [null], mergedContextConfiguration = [WebMergedContextConfiguration@2236411d testClass = DMAAIDetailTest, locations = '{}', classes = '{class ags.goldenlionerp.GoldenLionErpApplication}', contextInitializerClasses = '[]', activeProfiles = '{}', propertySourceLocations = '{classpath:test.properties}', propertySourceProperties = '{org.springframework.boot.test.context.SpringBootTestContextBootstrapper=true}', contextCustomizers = set[org.springframework.boot.test.autoconfigure.properties.PropertyMappingContextCustomizer@0, org.springframework.boot.test.autoconfigure.web.servlet.WebDriverContextCustomizerFactory$Customizer@636d731e, [ImportsContextCustomizer@66d54a41 key = [ags.goldenlionerp.apiTests.ApiTestBase$TestConfig]], org.springframework.boot.test.context.filter.ExcludeFilterContextCustomizer@6afa5291, org.springframework.boot.test.json.DuplicateJsonObjectContextCustomizerFactory$DuplicateJsonObjectContextCustomizer@20cebcb4, org.springframework.boot.test.mock.mockito.MockitoContextCustomizer@0, org.springframework.boot.test.web.client.TestRestTemplateContextCustomizer@49a32273], resourceBasePath = 'src/main/webapp', contextLoader = 'org.springframework.boot.test.context.SpringBootContextLoader', parent = [null]], attributes = map['org.springframework.test.context.web.ServletTestExecutionListener.activateListener' -> true, 'org.springframework.test.context.web.ServletTestExecutionListener.populatedRequestContextHolder' -> true, 'org.springframework.test.context.web.ServletTestExecutionListener.resetRequestContextHolder' -> true]]; transaction manager [org.springframework.orm.jpa.JpaTransactionManager@75de8c12]; rollback [true]
2018-12-27 11:25:58.178  INFO 2120 --- [    Test worker] o.s.b.t.m.w.SpringBootMockServletContext : Initializing Spring FrameworkServlet ''
2018-12-27 11:25:58.178  INFO 2120 --- [    Test worker] o.s.t.web.servlet.TestDispatcherServlet  : FrameworkServlet '': initialization started
2018-12-27 11:25:58.189  INFO 2120 --- [    Test worker] o.s.t.web.servlet.TestDispatcherServlet  : FrameworkServlet '': initialization completed in 11 ms
Hibernate: select dmaaiheade0_.mkdmno as mkdmno1_6_0_, dmaaiheade0_.mkdesb1 as mkdesb2_6_0_, dmaaiheade0_.mkdesb2 as mkdesb3_6_0_, dmaaiheade0_.mkpec as mkpec4_6_0_, dmaaiheade0_.mklod as mklod5_6_0_, dmaaiheade0_.mkmfac as mkmfac6_6_0_ from t0016 dmaaiheade0_ where dmaaiheade0_.mkdmno=?
Hibernate: select dmaaidetai0_.mlcoid as mlcoid1_7_0_, dmaaidetai0_.mldmno as mldmno2_7_0_, dmaaidetai0_.mldocoty as mldocoty3_7_0_, dmaaidetai0_.mldocty as mldocty4_7_0_, dmaaidetai0_.mlglcls as mlglcls5_7_0_, dmaaidetai0_.mlcsty as mlcsty6_7_0_, dmaaidetai0_.mlcid as mlcid7_7_0_, dmaaidetai0_.mldtin as mldtin8_7_0_, dmaaidetai0_.mltmin as mltmin9_7_0_, dmaaidetai0_.mluid as mluid10_7_0_, dmaaidetai0_.mldtlu as mldtlu11_7_0_, dmaaidetai0_.mltmlu as mltmlu12_7_0_, dmaaidetai0_.mluidm as mluidm13_7_0_, dmaaidetai0_.mlobj as mlobj19_7_0_, dmaaidetai0_.mlbuid as mlbuid14_7_0_, dmaaidetai0_.mlsub as mlsub20_7_0_, dmaaidetai0_.mldesb1 as mldesb15_7_0_, dmaaidetai0_.mldesb2 as mldesb16_7_0_, dmaaidetai0_.mldesb3 as mldesb17_7_0_, dmaaidetai0_.mldesb4 as mldesb18_7_0_ from t0016d dmaaidetai0_ where dmaaidetai0_.mlcoid=? and dmaaidetai0_.mldmno=? and dmaaidetai0_.mldocoty=? and dmaaidetai0_.mldocty=? and dmaaidetai0_.mlglcls=? and dmaaidetai0_.mlcsty=?
2018-12-27 11:25:58.217  INFO 2120 --- [    Test worker] o.s.t.c.transaction.TransactionContext   : Rolled back transaction for test: [DefaultTestContext@5fe927f0 testClass = DMAAIDetailTest, testInstance = ags.goldenlionerp.apiTests.setups.DMAAIDetailTest@5b6b770a, testMethod = createTestWithPost@DMAAIDetailTest, testException = [null], mergedContextConfiguration = [WebMergedContextConfiguration@2236411d testClass = DMAAIDetailTest, locations = '{}', classes = '{class ags.goldenlionerp.GoldenLionErpApplication}', contextInitializerClasses = '[]', activeProfiles = '{}', propertySourceLocations = '{classpath:test.properties}', propertySourceProperties = '{org.springframework.boot.test.context.SpringBootTestContextBootstrapper=true}', contextCustomizers = set[org.springframework.boot.test.autoconfigure.properties.PropertyMappingContextCustomizer@0, org.springframework.boot.test.autoconfigure.web.servlet.WebDriverContextCustomizerFactory$Customizer@636d731e, [ImportsContextCustomizer@66d54a41 key = [ags.goldenlionerp.apiTests.ApiTestBase$TestConfig]], org.springframework.boot.test.context.filter.ExcludeFilterContextCustomizer@6afa5291, org.springframework.boot.test.json.DuplicateJsonObjectContextCustomizerFactory$DuplicateJsonObjectContextCustomizer@20cebcb4, org.springframework.boot.test.mock.mockito.MockitoContextCustomizer@0, org.springframework.boot.test.web.client.TestRestTemplateContextCustomizer@49a32273], resourceBasePath = 'src/main/webapp', contextLoader = 'org.springframework.boot.test.context.SpringBootContextLoader', parent = [null]], attributes = map['org.springframework.test.context.web.ServletTestExecutionListener.activateListener' -> true, 'org.springframework.test.context.web.ServletTestExecutionListener.populatedRequestContextHolder' -> true, 'org.springframework.test.context.web.ServletTestExecutionListener.resetRequestContextHolder' -> true]]
2018-12-27 11:25:58.220  INFO 2120 --- [    Test worker] o.s.t.c.transaction.TransactionContext   : Began transaction (1) for test context [DefaultTestContext@5fe927f0 testClass = DMAAIDetailTest, testInstance = ags.goldenlionerp.apiTests.setups.DMAAIDetailTest@7b885869, testMethod = massUpdateTest@ApiTestBaseMassUpdate, testException = [null], mergedContextConfiguration = [WebMergedContextConfiguration@2236411d testClass = DMAAIDetailTest, locations = '{}', classes = '{class ags.goldenlionerp.GoldenLionErpApplication}', contextInitializerClasses = '[]', activeProfiles = '{}', propertySourceLocations = '{classpath:test.properties}', propertySourceProperties = '{org.springframework.boot.test.context.SpringBootTestContextBootstrapper=true}', contextCustomizers = set[org.springframework.boot.test.autoconfigure.properties.PropertyMappingContextCustomizer@0, org.springframework.boot.test.autoconfigure.web.servlet.WebDriverContextCustomizerFactory$Customizer@636d731e, [ImportsContextCustomizer@66d54a41 key = [ags.goldenlionerp.apiTests.ApiTestBase$TestConfig]], org.springframework.boot.test.context.filter.ExcludeFilterContextCustomizer@6afa5291, org.springframework.boot.test.json.DuplicateJsonObjectContextCustomizerFactory$DuplicateJsonObjectContextCustomizer@20cebcb4, org.springframework.boot.test.mock.mockito.MockitoContextCustomizer@0, org.springframework.boot.test.web.client.TestRestTemplateContextCustomizer@49a32273], resourceBasePath = 'src/main/webapp', contextLoader = 'org.springframework.boot.test.context.SpringBootContextLoader', parent = [null]], attributes = map['org.springframework.test.context.web.ServletTestExecutionListener.activateListener' -> true, 'org.springframework.test.context.web.ServletTestExecutionListener.populatedRequestContextHolder' -> true, 'org.springframework.test.context.web.ServletTestExecutionListener.resetRequestContextHolder' -> true]]; transaction manager [org.springframework.orm.jpa.JpaTransactionManager@75de8c12]; rollback [true]
2018-12-27 11:25:58.221  INFO 2120 --- [    Test worker] o.s.b.t.m.w.SpringBootMockServletContext : Initializing Spring FrameworkServlet ''
2018-12-27 11:25:58.221  INFO 2120 --- [    Test worker] o.s.t.web.servlet.TestDispatcherServlet  : FrameworkServlet '': initialization started
2018-12-27 11:25:58.231  INFO 2120 --- [    Test worker] o.s.t.web.servlet.TestDispatcherServlet  : FrameworkServlet '': initialization completed in 10 ms
Hibernate: select dmaaiheade0_.mkdmno as mkdmno1_6_0_, dmaaiheade0_.mkdesb1 as mkdesb2_6_0_, dmaaiheade0_.mkdesb2 as mkdesb3_6_0_, dmaaiheade0_.mkpec as mkpec4_6_0_, dmaaiheade0_.mklod as mklod5_6_0_, dmaaiheade0_.mkmfac as mkmfac6_6_0_ from t0016 dmaaiheade0_ where dmaaiheade0_.mkdmno=?
Hibernate: select dmaaidetai0_.mlcoid as mlcoid1_7_0_, dmaaidetai0_.mldmno as mldmno2_7_0_, dmaaidetai0_.mldocoty as mldocoty3_7_0_, dmaaidetai0_.mldocty as mldocty4_7_0_, dmaaidetai0_.mlglcls as mlglcls5_7_0_, dmaaidetai0_.mlcsty as mlcsty6_7_0_, dmaaidetai0_.mlcid as mlcid7_7_0_, dmaaidetai0_.mldtin as mldtin8_7_0_, dmaaidetai0_.mltmin as mltmin9_7_0_, dmaaidetai0_.mluid as mluid10_7_0_, dmaaidetai0_.mldtlu as mldtlu11_7_0_, dmaaidetai0_.mltmlu as mltmlu12_7_0_, dmaaidetai0_.mluidm as mluidm13_7_0_, dmaaidetai0_.mlobj as mlobj19_7_0_, dmaaidetai0_.mlbuid as mlbuid14_7_0_, dmaaidetai0_.mlsub as mlsub20_7_0_, dmaaidetai0_.mldesb1 as mldesb15_7_0_, dmaaidetai0_.mldesb2 as mldesb16_7_0_, dmaaidetai0_.mldesb3 as mldesb17_7_0_, dmaaidetai0_.mldesb4 as mldesb18_7_0_ from t0016d dmaaidetai0_ where dmaaidetai0_.mlcoid=? and dmaaidetai0_.mldmno=? and dmaaidetai0_.mldocoty=? and dmaaidetai0_.mldocty=? and dmaaidetai0_.mlglcls=? and dmaaidetai0_.mlcsty=?
Hibernate: select chartofacc0_.oaobj as oaobj1_25_0_, chartofacc0_.oacid as oacid2_25_0_, chartofacc0_.oadtin as oadtin3_25_0_, chartofacc0_.oatmin as oatmin4_25_0_, chartofacc0_.oauid as oauid5_25_0_, chartofacc0_.oadtlu as oadtlu6_25_0_, chartofacc0_.oatmlu as oatmlu7_25_0_, chartofacc0_.oauidm as oauidm8_25_0_, chartofacc0_.oablc as oablc9_25_0_, chartofacc0_.oacoid as oacoid10_25_0_, chartofacc0_.oadesb1 as oadesb11_25_0_, chartofacc0_.oadesc1 as oadesc12_25_0_, chartofacc0_.oalod as oalod13_25_0_, chartofacc0_.oapec as oapec14_25_0_ from t0900 chartofacc0_ where chartofacc0_.oaobj=?
Hibernate: select accountmas0_.ambuid as ambuid1_26_0_, accountmas0_.amcoid as amcoid2_26_0_, accountmas0_.amobj as amobj3_26_0_, accountmas0_.amsub as amsub4_26_0_, accountmas0_.amcid as amcid5_26_0_, accountmas0_.amdtin as amdtin6_26_0_, accountmas0_.amtmin as amtmin7_26_0_, accountmas0_.amuid as amuid8_26_0_, accountmas0_.amdtlu as amdtlu9_26_0_, accountmas0_.amtmlu as amtmlu10_26_0_, accountmas0_.amuidm as amuidm11_26_0_, accountmas0_.amdtlt as amdtlt12_26_0_, accountmas0_.amacid as amacid13_26_0_, accountmas0_.amblc as amblc14_26_0_, accountmas0_.ambpc as ambpc15_26_0_, accountmas0_.amglc01 as amglc16_26_0_, accountmas0_.amglc02 as amglc17_26_0_, accountmas0_.amglc03 as amglc18_26_0_, accountmas0_.amglc04 as amglc19_26_0_, accountmas0_.amglc05 as amglc20_26_0_, accountmas0_.amcrct as amcrct21_26_0_, accountmas0_.amdesb1 as amdesb22_26_0_, accountmas0_.amtmlt as amtmlt23_26_0_, accountmas0_.amlod as amlod24_26_0_, accountmas0_.ammac as ammac25_26_0_, accountmas0_.amoan as amoan26_26_0_, accountmas0_.ampec as ampec27_26_0_ from t0901 accountmas0_ where accountmas0_.ambuid=? and accountmas0_.amcoid=? and accountmas0_.amobj=? and accountmas0_.amsub=?
Hibernate: select dmaaidetai0_.mlcoid as mlcoid1_7_, dmaaidetai0_.mldmno as mldmno2_7_, dmaaidetai0_.mldocoty as mldocoty3_7_, dmaaidetai0_.mldocty as mldocty4_7_, dmaaidetai0_.mlglcls as mlglcls5_7_, dmaaidetai0_.mlcsty as mlcsty6_7_, dmaaidetai0_.mlcid as mlcid7_7_, dmaaidetai0_.mldtin as mldtin8_7_, dmaaidetai0_.mltmin as mltmin9_7_, dmaaidetai0_.mluid as mluid10_7_, dmaaidetai0_.mldtlu as mldtlu11_7_, dmaaidetai0_.mltmlu as mltmlu12_7_, dmaaidetai0_.mluidm as mluidm13_7_, dmaaidetai0_.mlobj as mlobj19_7_, dmaaidetai0_.mlbuid as mlbuid14_7_, dmaaidetai0_.mlsub as mlsub20_7_, dmaaidetai0_.mldesb1 as mldesb15_7_, dmaaidetai0_.mldesb2 as mldesb16_7_, dmaaidetai0_.mldesb3 as mldesb17_7_, dmaaidetai0_.mldesb4 as mldesb18_7_ from t0016d dmaaidetai0_ where dmaaidetai0_.mldmno=?
Hibernate: select chartofacc0_.oaobj as oaobj1_25_0_, chartofacc0_.oacid as oacid2_25_0_, chartofacc0_.oadtin as oadtin3_25_0_, chartofacc0_.oatmin as oatmin4_25_0_, chartofacc0_.oauid as oauid5_25_0_, chartofacc0_.oadtlu as oadtlu6_25_0_, chartofacc0_.oatmlu as oatmlu7_25_0_, chartofacc0_.oauidm as oauidm8_25_0_, chartofacc0_.oablc as oablc9_25_0_, chartofacc0_.oacoid as oacoid10_25_0_, chartofacc0_.oadesb1 as oadesb11_25_0_, chartofacc0_.oadesc1 as oadesc12_25_0_, chartofacc0_.oalod as oalod13_25_0_, chartofacc0_.oapec as oapec14_25_0_ from t0900 chartofacc0_ where chartofacc0_.oaobj=?
Hibernate: select accountmas0_.ambuid as ambuid1_26_0_, accountmas0_.amcoid as amcoid2_26_0_, accountmas0_.amobj as amobj3_26_0_, accountmas0_.amsub as amsub4_26_0_, accountmas0_.amcid as amcid5_26_0_, accountmas0_.amdtin as amdtin6_26_0_, accountmas0_.amtmin as amtmin7_26_0_, accountmas0_.amuid as amuid8_26_0_, accountmas0_.amdtlu as amdtlu9_26_0_, accountmas0_.amtmlu as amtmlu10_26_0_, accountmas0_.amuidm as amuidm11_26_0_, accountmas0_.amdtlt as amdtlt12_26_0_, accountmas0_.amacid as amacid13_26_0_, accountmas0_.amblc as amblc14_26_0_, accountmas0_.ambpc as ambpc15_26_0_, accountmas0_.amglc01 as amglc16_26_0_, accountmas0_.amglc02 as amglc17_26_0_, accountmas0_.amglc03 as amglc18_26_0_, accountmas0_.amglc04 as amglc19_26_0_, accountmas0_.amglc05 as amglc20_26_0_, accountmas0_.amcrct as amcrct21_26_0_, accountmas0_.amdesb1 as amdesb22_26_0_, accountmas0_.amtmlt as amtmlt23_26_0_, accountmas0_.amlod as amlod24_26_0_, accountmas0_.ammac as ammac25_26_0_, accountmas0_.amoan as amoan26_26_0_, accountmas0_.ampec as ampec27_26_0_ from t0901 accountmas0_ where accountmas0_.ambuid=? and accountmas0_.amcoid=? and accountmas0_.amobj=? and accountmas0_.amsub=?
Hibernate: select chartofacc0_.oaobj as oaobj1_25_0_, chartofacc0_.oacid as oacid2_25_0_, chartofacc0_.oadtin as oadtin3_25_0_, chartofacc0_.oatmin as oatmin4_25_0_, chartofacc0_.oauid as oauid5_25_0_, chartofacc0_.oadtlu as oadtlu6_25_0_, chartofacc0_.oatmlu as oatmlu7_25_0_, chartofacc0_.oauidm as oauidm8_25_0_, chartofacc0_.oablc as oablc9_25_0_, chartofacc0_.oacoid as oacoid10_25_0_, chartofacc0_.oadesb1 as oadesb11_25_0_, chartofacc0_.oadesc1 as oadesc12_25_0_, chartofacc0_.oalod as oalod13_25_0_, chartofacc0_.oapec as oapec14_25_0_ from t0900 chartofacc0_ where chartofacc0_.oaobj=?
Hibernate: select accountmas0_.ambuid as ambuid1_26_0_, accountmas0_.amcoid as amcoid2_26_0_, accountmas0_.amobj as amobj3_26_0_, accountmas0_.amsub as amsub4_26_0_, accountmas0_.amcid as amcid5_26_0_, accountmas0_.amdtin as amdtin6_26_0_, accountmas0_.amtmin as amtmin7_26_0_, accountmas0_.amuid as amuid8_26_0_, accountmas0_.amdtlu as amdtlu9_26_0_, accountmas0_.amtmlu as amtmlu10_26_0_, accountmas0_.amuidm as amuidm11_26_0_, accountmas0_.amdtlt as amdtlt12_26_0_, accountmas0_.amacid as amacid13_26_0_, accountmas0_.amblc as amblc14_26_0_, accountmas0_.ambpc as ambpc15_26_0_, accountmas0_.amglc01 as amglc16_26_0_, accountmas0_.amglc02 as amglc17_26_0_, accountmas0_.amglc03 as amglc18_26_0_, accountmas0_.amglc04 as amglc19_26_0_, accountmas0_.amglc05 as amglc20_26_0_, accountmas0_.amcrct as amcrct21_26_0_, accountmas0_.amdesb1 as amdesb22_26_0_, accountmas0_.amtmlt as amtmlt23_26_0_, accountmas0_.amlod as amlod24_26_0_, accountmas0_.ammac as ammac25_26_0_, accountmas0_.amoan as amoan26_26_0_, accountmas0_.ampec as ampec27_26_0_ from t0901 accountmas0_ where accountmas0_.ambuid=? and accountmas0_.amcoid=? and accountmas0_.amobj=? and accountmas0_.amsub=?
Hibernate: select dmaaidetai0_.mlcoid as mlcoid1_7_0_, dmaaidetai0_.mldmno as mldmno2_7_0_, dmaaidetai0_.mldocoty as mldocoty3_7_0_, dmaaidetai0_.mldocty as mldocty4_7_0_, dmaaidetai0_.mlglcls as mlglcls5_7_0_, dmaaidetai0_.mlcsty as mlcsty6_7_0_, dmaaidetai0_.mlcid as mlcid7_7_0_, dmaaidetai0_.mldtin as mldtin8_7_0_, dmaaidetai0_.mltmin as mltmin9_7_0_, dmaaidetai0_.mluid as mluid10_7_0_, dmaaidetai0_.mldtlu as mldtlu11_7_0_, dmaaidetai0_.mltmlu as mltmlu12_7_0_, dmaaidetai0_.mluidm as mluidm13_7_0_, dmaaidetai0_.mlobj as mlobj19_7_0_, dmaaidetai0_.mlbuid as mlbuid14_7_0_, dmaaidetai0_.mlsub as mlsub20_7_0_, dmaaidetai0_.mldesb1 as mldesb15_7_0_, dmaaidetai0_.mldesb2 as mldesb16_7_0_, dmaaidetai0_.mldesb3 as mldesb17_7_0_, dmaaidetai0_.mldesb4 as mldesb18_7_0_ from t0016d dmaaidetai0_ where dmaaidetai0_.mlcoid=? and dmaaidetai0_.mldmno=? and dmaaidetai0_.mldocoty=? and dmaaidetai0_.mldocty=? and dmaaidetai0_.mlglcls=? and dmaaidetai0_.mlcsty=?
Hibernate: insert into t0016d (mlcid, mldtin, mltmin, mluid, mldtlu, mltmlu, mluidm, mlbuid, mldesb1, mldesb2, mldesb3, mldesb4, mlobj, mlsub, mlcoid, mldmno, mldocoty, mldocty, mlglcls, mlcsty) values (?, ?, ?, ?, ?, ?, ?, ?, ?, ?, ?, ?, ?, ?, ?, ?, ?, ?, ?, ?)
Hibernate: select dmaaidetai0_.mlcoid as mlcoid1_7_, dmaaidetai0_.mldmno as mldmno2_7_, dmaaidetai0_.mldocoty as mldocoty3_7_, dmaaidetai0_.mldocty as mldocty4_7_, dmaaidetai0_.mlglcls as mlglcls5_7_, dmaaidetai0_.mlcsty as mlcsty6_7_, dmaaidetai0_.mlcid as mlcid7_7_, dmaaidetai0_.mldtin as mldtin8_7_, dmaaidetai0_.mltmin as mltmin9_7_, dmaaidetai0_.mluid as mluid10_7_, dmaaidetai0_.mldtlu as mldtlu11_7_, dmaaidetai0_.mltmlu as mltmlu12_7_, dmaaidetai0_.mluidm as mluidm13_7_, dmaaidetai0_.mlobj as mlobj19_7_, dmaaidetai0_.mlbuid as mlbuid14_7_, dmaaidetai0_.mlsub as mlsub20_7_, dmaaidetai0_.mldesb1 as mldesb15_7_, dmaaidetai0_.mldesb2 as mldesb16_7_, dmaaidetai0_.mldesb3 as mldesb17_7_, dmaaidetai0_.mldesb4 as mldesb18_7_ from t0016d dmaaidetai0_ where dmaaidetai0_.mldmno=?
Hibernate: update t0016d set mlcid=?, mldtlu=?, mltmlu=?, mluidm=?, mlbuid=?, mldesb1=?, mldesb2=?, mldesb3=?, mldesb4=?, mlobj=?, mlsub=? where mlcoid=? and mldmno=? and mldocoty=? and mldocty=? and mlglcls=? and mlcsty=?
Hibernate: select dmaaidetai0_.mlcoid as mlcoid1_7_0_, dmaaidetai0_.mldmno as mldmno2_7_0_, dmaaidetai0_.mldocoty as mldocoty3_7_0_, dmaaidetai0_.mldocty as mldocty4_7_0_, dmaaidetai0_.mlglcls as mlglcls5_7_0_, dmaaidetai0_.mlcsty as mlcsty6_7_0_, dmaaidetai0_.mlcid as mlcid7_7_0_, dmaaidetai0_.mldtin as mldtin8_7_0_, dmaaidetai0_.mltmin as mltmin9_7_0_, dmaaidetai0_.mluid as mluid10_7_0_, dmaaidetai0_.mldtlu as mldtlu11_7_0_, dmaaidetai0_.mltmlu as mltmlu12_7_0_, dmaaidetai0_.mluidm as mluidm13_7_0_, dmaaidetai0_.mlobj as mlobj19_7_0_, dmaaidetai0_.mlbuid as mlbuid14_7_0_, dmaaidetai0_.mlsub as mlsub20_7_0_, dmaaidetai0_.mldesb1 as mldesb15_7_0_, dmaaidetai0_.mldesb2 as mldesb16_7_0_, dmaaidetai0_.mldesb3 as mldesb17_7_0_, dmaaidetai0_.mldesb4 as mldesb18_7_0_ from t0016d dmaaidetai0_ where dmaaidetai0_.mlcoid=? and dmaaidetai0_.mldmno=? and dmaaidetai0_.mldocoty=? and dmaaidetai0_.mldocty=? and dmaaidetai0_.mlglcls=? and dmaaidetai0_.mlcsty=?
Hibernate: select chartofacc0_.oaobj as oaobj1_25_0_, chartofacc0_.oacid as oacid2_25_0_, chartofacc0_.oadtin as oadtin3_25_0_, chartofacc0_.oatmin as oatmin4_25_0_, chartofacc0_.oauid as oauid5_25_0_, chartofacc0_.oadtlu as oadtlu6_25_0_, chartofacc0_.oatmlu as oatmlu7_25_0_, chartofacc0_.oauidm as oauidm8_25_0_, chartofacc0_.oablc as oablc9_25_0_, chartofacc0_.oacoid as oacoid10_25_0_, chartofacc0_.oadesb1 as oadesb11_25_0_, chartofacc0_.oadesc1 as oadesc12_25_0_, chartofacc0_.oalod as oalod13_25_0_, chartofacc0_.oapec as oapec14_25_0_ from t0900 chartofacc0_ where chartofacc0_.oaobj=?
Hibernate: select company0_.cncoid as cncoid1_9_0_, company0_.cncid as cncid2_9_0_, company0_.cndtin as cndtin3_9_0_, company0_.cntmin as cntmin4_9_0_, company0_.cnuid as cnuid5_9_0_, company0_.cndtlu as cndtlu6_9_0_, company0_.cntmlu as cntmlu7_9_0_, company0_.cnuidm as cnuidm8_9_0_, company0_.cnanum as cnanum9_9_0_, company0_.cncrcb as cncrcb10_9_0_, company0_.cncap as cncap11_9_0_, company0_.cncfy as cncfy12_9_0_, company0_.cncip as cncip13_9_0_, company0_.cncpp as cncpp14_9_0_, company0_.cncrp as cncrp15_9_0_, company0_.cndesb1 as cndesb16_9_0_, company0_.cnfdp as cnfdp17_9_0_ from t0020 company0_ where company0_.cncoid=?
Hibernate: select accountmas0_.ambuid as ambuid1_26_0_, accountmas0_.amcoid as amcoid2_26_0_, accountmas0_.amobj as amobj3_26_0_, accountmas0_.amsub as amsub4_26_0_, accountmas0_.amcid as amcid5_26_0_, accountmas0_.amdtin as amdtin6_26_0_, accountmas0_.amtmin as amtmin7_26_0_, accountmas0_.amuid as amuid8_26_0_, accountmas0_.amdtlu as amdtlu9_26_0_, accountmas0_.amtmlu as amtmlu10_26_0_, accountmas0_.amuidm as amuidm11_26_0_, accountmas0_.amdtlt as amdtlt12_26_0_, accountmas0_.amacid as amacid13_26_0_, accountmas0_.amblc as amblc14_26_0_, accountmas0_.ambpc as ambpc15_26_0_, accountmas0_.amglc01 as amglc16_26_0_, accountmas0_.amglc02 as amglc17_26_0_, accountmas0_.amglc03 as amglc18_26_0_, accountmas0_.amglc04 as amglc19_26_0_, accountmas0_.amglc05 as amglc20_26_0_, accountmas0_.amcrct as amcrct21_26_0_, accountmas0_.amdesb1 as amdesb22_26_0_, accountmas0_.amtmlt as amtmlt23_26_0_, accountmas0_.amlod as amlod24_26_0_, accountmas0_.ammac as ammac25_26_0_, accountmas0_.amoan as amoan26_26_0_, accountmas0_.ampec as ampec27_26_0_ from t0901 accountmas0_ where accountmas0_.ambuid=? and accountmas0_.amcoid=? and accountmas0_.amobj=? and accountmas0_.amsub=?
Hibernate: select dmaaidetai0_.mlcoid as mlcoid1_7_0_, dmaaidetai0_.mldmno as mldmno2_7_0_, dmaaidetai0_.mldocoty as mldocoty3_7_0_, dmaaidetai0_.mldocty as mldocty4_7_0_, dmaaidetai0_.mlglcls as mlglcls5_7_0_, dmaaidetai0_.mlcsty as mlcsty6_7_0_, dmaaidetai0_.mlcid as mlcid7_7_0_, dmaaidetai0_.mldtin as mldtin8_7_0_, dmaaidetai0_.mltmin as mltmin9_7_0_, dmaaidetai0_.mluid as mluid10_7_0_, dmaaidetai0_.mldtlu as mldtlu11_7_0_, dmaaidetai0_.mltmlu as mltmlu12_7_0_, dmaaidetai0_.mluidm as mluidm13_7_0_, dmaaidetai0_.mlobj as mlobj19_7_0_, dmaaidetai0_.mlbuid as mlbuid14_7_0_, dmaaidetai0_.mlsub as mlsub20_7_0_, dmaaidetai0_.mldesb1 as mldesb15_7_0_, dmaaidetai0_.mldesb2 as mldesb16_7_0_, dmaaidetai0_.mldesb3 as mldesb17_7_0_, dmaaidetai0_.mldesb4 as mldesb18_7_0_ from t0016d dmaaidetai0_ where dmaaidetai0_.mlcoid=? and dmaaidetai0_.mldmno=? and dmaaidetai0_.mldocoty=? and dmaaidetai0_.mldocty=? and dmaaidetai0_.mlglcls=? and dmaaidetai0_.mlcsty=?
Hibernate: select accountmas0_.ambuid as ambuid1_26_0_, accountmas0_.amcoid as amcoid2_26_0_, accountmas0_.amobj as amobj3_26_0_, accountmas0_.amsub as amsub4_26_0_, accountmas0_.amcid as amcid5_26_0_, accountmas0_.amdtin as amdtin6_26_0_, accountmas0_.amtmin as amtmin7_26_0_, accountmas0_.amuid as amuid8_26_0_, accountmas0_.amdtlu as amdtlu9_26_0_, accountmas0_.amtmlu as amtmlu10_26_0_, accountmas0_.amuidm as amuidm11_26_0_, accountmas0_.amdtlt as amdtlt12_26_0_, accountmas0_.amacid as amacid13_26_0_, accountmas0_.amblc as amblc14_26_0_, accountmas0_.ambpc as ambpc15_26_0_, accountmas0_.amglc01 as amglc16_26_0_, accountmas0_.amglc02 as amglc17_26_0_, accountmas0_.amglc03 as amglc18_26_0_, accountmas0_.amglc04 as amglc19_26_0_, accountmas0_.amglc05 as amglc20_26_0_, accountmas0_.amcrct as amcrct21_26_0_, accountmas0_.amdesb1 as amdesb22_26_0_, accountmas0_.amtmlt as amtmlt23_26_0_, accountmas0_.amlod as amlod24_26_0_, accountmas0_.ammac as ammac25_26_0_, accountmas0_.amoan as amoan26_26_0_, accountmas0_.ampec as ampec27_26_0_ from t0901 accountmas0_ where accountmas0_.ambuid=? and accountmas0_.amcoid=? and accountmas0_.amobj=? and accountmas0_.amsub=?
2018-12-27 11:25:58.330  INFO 2120 --- [    Test worker] o.s.t.c.transaction.TransactionContext   : Rolled back transaction for test: [DefaultTestContext@5fe927f0 testClass = DMAAIDetailTest, testInstance = ags.goldenlionerp.apiTests.setups.DMAAIDetailTest@7b885869, testMethod = massUpdateTest@ApiTestBaseMassUpdate, testException = [null], mergedContextConfiguration = [WebMergedContextConfiguration@2236411d testClass = DMAAIDetailTest, locations = '{}', classes = '{class ags.goldenlionerp.GoldenLionErpApplication}', contextInitializerClasses = '[]', activeProfiles = '{}', propertySourceLocations = '{classpath:test.properties}', propertySourceProperties = '{org.springframework.boot.test.context.SpringBootTestContextBootstrapper=true}', contextCustomizers = set[org.springframework.boot.test.autoconfigure.properties.PropertyMappingContextCustomizer@0, org.springframework.boot.test.autoconfigure.web.servlet.WebDriverContextCustomizerFactory$Customizer@636d731e, [ImportsContextCustomizer@66d54a41 key = [ags.goldenlionerp.apiTests.ApiTestBase$TestConfig]], org.springframework.boot.test.context.filter.ExcludeFilterContextCustomizer@6afa5291, org.springframework.boot.test.json.DuplicateJsonObjectContextCustomizerFactory$DuplicateJsonObjectContextCustomizer@20cebcb4, org.springframework.boot.test.mock.mockito.MockitoContextCustomizer@0, org.springframework.boot.test.web.client.TestRestTemplateContextCustomizer@49a32273], resourceBasePath = 'src/main/webapp', contextLoader = 'org.springframework.boot.test.context.SpringBootContextLoader', parent = [null]], attributes = map['org.springframework.test.context.web.ServletTestExecutionListener.activateListener' -> true, 'org.springframework.test.context.web.ServletTestExecutionListener.populatedRequestContextHolder' -> true, 'org.springframework.test.context.web.ServletTestExecutionListener.resetRequestContextHolder' -> true]]
2018-12-27 11:25:58.332  INFO 2120 --- [    Test worker] o.s.t.c.transaction.TransactionContext   : Began transaction (1) for test context [DefaultTestContext@5fe927f0 testClass = DMAAIDetailTest, testInstance = ags.goldenlionerp.apiTests.setups.DMAAIDetailTest@7bd8ed50, testMethod = updateTestWithPut@ApiTestBase, testException = [null], mergedContextConfiguration = [WebMergedContextConfiguration@2236411d testClass = DMAAIDetailTest, locations = '{}', classes = '{class ags.goldenlionerp.GoldenLionErpApplication}', contextInitializerClasses = '[]', activeProfiles = '{}', propertySourceLocations = '{classpath:test.properties}', propertySourceProperties = '{org.springframework.boot.test.context.SpringBootTestContextBootstrapper=true}', contextCustomizers = set[org.springframework.boot.test.autoconfigure.properties.PropertyMappingContextCustomizer@0, org.springframework.boot.test.autoconfigure.web.servlet.WebDriverContextCustomizerFactory$Customizer@636d731e, [ImportsContextCustomizer@66d54a41 key = [ags.goldenlionerp.apiTests.ApiTestBase$TestConfig]], org.springframework.boot.test.context.filter.ExcludeFilterContextCustomizer@6afa5291, org.springframework.boot.test.json.DuplicateJsonObjectContextCustomizerFactory$DuplicateJsonObjectContextCustomizer@20cebcb4, org.springframework.boot.test.mock.mockito.MockitoContextCustomizer@0, org.springframework.boot.test.web.client.TestRestTemplateContextCustomizer@49a32273], resourceBasePath = 'src/main/webapp', contextLoader = 'org.springframework.boot.test.context.SpringBootContextLoader', parent = [null]], attributes = map['org.springframework.test.context.web.ServletTestExecutionListener.activateListener' -> true, 'org.springframework.test.context.web.ServletTestExecutionListener.populatedRequestContextHolder' -> true, 'org.springframework.test.context.web.ServletTestExecutionListener.resetRequestContextHolder' -> true]]; transaction manager [org.springframework.orm.jpa.JpaTransactionManager@75de8c12]; rollback [true]
2018-12-27 11:25:58.333  INFO 2120 --- [    Test worker] o.s.b.t.m.w.SpringBootMockServletContext : Initializing Spring FrameworkServlet ''
2018-12-27 11:25:58.333  INFO 2120 --- [    Test worker] o.s.t.web.servlet.TestDispatcherServlet  : FrameworkServlet '': initialization started
2018-12-27 11:25:58.343  INFO 2120 --- [    Test worker] o.s.t.web.servlet.TestDispatcherServlet  : FrameworkServlet '': initialization completed in 10 ms
Hibernate: select dmaaiheade0_.mkdmno as mkdmno1_6_0_, dmaaiheade0_.mkdesb1 as mkdesb2_6_0_, dmaaiheade0_.mkdesb2 as mkdesb3_6_0_, dmaaiheade0_.mkpec as mkpec4_6_0_, dmaaiheade0_.mklod as mklod5_6_0_, dmaaiheade0_.mkmfac as mkmfac6_6_0_ from t0016 dmaaiheade0_ where dmaaiheade0_.mkdmno=?
Hibernate: select dmaaidetai0_.mlcoid as mlcoid1_7_0_, dmaaidetai0_.mldmno as mldmno2_7_0_, dmaaidetai0_.mldocoty as mldocoty3_7_0_, dmaaidetai0_.mldocty as mldocty4_7_0_, dmaaidetai0_.mlglcls as mlglcls5_7_0_, dmaaidetai0_.mlcsty as mlcsty6_7_0_, dmaaidetai0_.mlcid as mlcid7_7_0_, dmaaidetai0_.mldtin as mldtin8_7_0_, dmaaidetai0_.mltmin as mltmin9_7_0_, dmaaidetai0_.mluid as mluid10_7_0_, dmaaidetai0_.mldtlu as mldtlu11_7_0_, dmaaidetai0_.mltmlu as mltmlu12_7_0_, dmaaidetai0_.mluidm as mluidm13_7_0_, dmaaidetai0_.mlobj as mlobj19_7_0_, dmaaidetai0_.mlbuid as mlbuid14_7_0_, dmaaidetai0_.mlsub as mlsub20_7_0_, dmaaidetai0_.mldesb1 as mldesb15_7_0_, dmaaidetai0_.mldesb2 as mldesb16_7_0_, dmaaidetai0_.mldesb3 as mldesb17_7_0_, dmaaidetai0_.mldesb4 as mldesb18_7_0_ from t0016d dmaaidetai0_ where dmaaidetai0_.mlcoid=? and dmaaidetai0_.mldmno=? and dmaaidetai0_.mldocoty=? and dmaaidetai0_.mldocty=? and dmaaidetai0_.mlglcls=? and dmaaidetai0_.mlcsty=?
Hibernate: select chartofacc0_.oaobj as oaobj1_25_0_, chartofacc0_.oacid as oacid2_25_0_, chartofacc0_.oadtin as oadtin3_25_0_, chartofacc0_.oatmin as oatmin4_25_0_, chartofacc0_.oauid as oauid5_25_0_, chartofacc0_.oadtlu as oadtlu6_25_0_, chartofacc0_.oatmlu as oatmlu7_25_0_, chartofacc0_.oauidm as oauidm8_25_0_, chartofacc0_.oablc as oablc9_25_0_, chartofacc0_.oacoid as oacoid10_25_0_, chartofacc0_.oadesb1 as oadesb11_25_0_, chartofacc0_.oadesc1 as oadesc12_25_0_, chartofacc0_.oalod as oalod13_25_0_, chartofacc0_.oapec as oapec14_25_0_ from t0900 chartofacc0_ where chartofacc0_.oaobj=?
Hibernate: select accountmas0_.ambuid as ambuid1_26_0_, accountmas0_.amcoid as amcoid2_26_0_, accountmas0_.amobj as amobj3_26_0_, accountmas0_.amsub as amsub4_26_0_, accountmas0_.amcid as amcid5_26_0_, accountmas0_.amdtin as amdtin6_26_0_, accountmas0_.amtmin as amtmin7_26_0_, accountmas0_.amuid as amuid8_26_0_, accountmas0_.amdtlu as amdtlu9_26_0_, accountmas0_.amtmlu as amtmlu10_26_0_, accountmas0_.amuidm as amuidm11_26_0_, accountmas0_.amdtlt as amdtlt12_26_0_, accountmas0_.amacid as amacid13_26_0_, accountmas0_.amblc as amblc14_26_0_, accountmas0_.ambpc as ambpc15_26_0_, accountmas0_.amglc01 as amglc16_26_0_, accountmas0_.amglc02 as amglc17_26_0_, accountmas0_.amglc03 as amglc18_26_0_, accountmas0_.amglc04 as amglc19_26_0_, accountmas0_.amglc05 as amglc20_26_0_, accountmas0_.amcrct as amcrct21_26_0_, accountmas0_.amdesb1 as amdesb22_26_0_, accountmas0_.amtmlt as amtmlt23_26_0_, accountmas0_.amlod as amlod24_26_0_, accountmas0_.ammac as ammac25_26_0_, accountmas0_.amoan as amoan26_26_0_, accountmas0_.ampec as ampec27_26_0_ from t0901 accountmas0_ where accountmas0_.ambuid=? and accountmas0_.amcoid=? and accountmas0_.amobj=? and accountmas0_.amsub=?
2018-12-27 11:25:58.365  INFO 2120 --- [    Test worker] o.s.t.c.transaction.TransactionContext   : Rolled back transaction for test: [DefaultTestContext@5fe927f0 testClass = DMAAIDetailTest, testInstance = ags.goldenlionerp.apiTests.setups.DMAAIDetailTest@7bd8ed50, testMethod = updateTestWithPut@ApiTestBase, testException = [null], mergedContextConfiguration = [WebMergedContextConfiguration@2236411d testClass = DMAAIDetailTest, locations = '{}', classes = '{class ags.goldenlionerp.GoldenLionErpApplication}', contextInitializerClasses = '[]', activeProfiles = '{}', propertySourceLocations = '{classpath:test.properties}', propertySourceProperties = '{org.springframework.boot.test.context.SpringBootTestContextBootstrapper=true}', contextCustomizers = set[org.springframework.boot.test.autoconfigure.properties.PropertyMappingContextCustomizer@0, org.springframework.boot.test.autoconfigure.web.servlet.WebDriverContextCustomizerFactory$Customizer@636d731e, [ImportsContextCustomizer@66d54a41 key = [ags.goldenlionerp.apiTests.ApiTestBase$TestConfig]], org.springframework.boot.test.context.filter.ExcludeFilterContextCustomizer@6afa5291, org.springframework.boot.test.json.DuplicateJsonObjectContextCustomizerFactory$DuplicateJsonObjectContextCustomizer@20cebcb4, org.springframework.boot.test.mock.mockito.MockitoContextCustomizer@0, org.springframework.boot.test.web.client.TestRestTemplateContextCustomizer@49a32273], resourceBasePath = 'src/main/webapp', contextLoader = 'org.springframework.boot.test.context.SpringBootContextLoader', parent = [null]], attributes = map['org.springframework.test.context.web.ServletTestExecutionListener.activateListener' -> true, 'org.springframework.test.context.web.ServletTestExecutionListener.populatedRequestContextHolder' -> true, 'org.springframework.test.context.web.ServletTestExecutionListener.resetRequestContextHolder' -> true]]
2018-12-27 11:25:58.370  INFO 2120 --- [    Test worker] o.s.t.c.transaction.TransactionContext   : Began transaction (1) for test context [DefaultTestContext@5fe927f0 testClass = DMAAIDetailTest, testInstance = ags.goldenlionerp.apiTests.setups.DMAAIDetailTest@12df396f, testMethod = getTestSingle@ApiTestBase, testException = [null], mergedContextConfiguration = [WebMergedContextConfiguration@2236411d testClass = DMAAIDetailTest, locations = '{}', classes = '{class ags.goldenlionerp.GoldenLionErpApplication}', contextInitializerClasses = '[]', activeProfiles = '{}', propertySourceLocations = '{classpath:test.properties}', propertySourceProperties = '{org.springframework.boot.test.context.SpringBootTestContextBootstrapper=true}', contextCustomizers = set[org.springframework.boot.test.autoconfigure.properties.PropertyMappingContextCustomizer@0, org.springframework.boot.test.autoconfigure.web.servlet.WebDriverContextCustomizerFactory$Customizer@636d731e, [ImportsContextCustomizer@66d54a41 key = [ags.goldenlionerp.apiTests.ApiTestBase$TestConfig]], org.springframework.boot.test.context.filter.ExcludeFilterContextCustomizer@6afa5291, org.springframework.boot.test.json.DuplicateJsonObjectContextCustomizerFactory$DuplicateJsonObjectContextCustomizer@20cebcb4, org.springframework.boot.test.mock.mockito.MockitoContextCustomizer@0, org.springframework.boot.test.web.client.TestRestTemplateContextCustomizer@49a32273], resourceBasePath = 'src/main/webapp', contextLoader = 'org.springframework.boot.test.context.SpringBootContextLoader', parent = [null]], attributes = map['org.springframework.test.context.web.ServletTestExecutionListener.activateListener' -> true, 'org.springframework.test.context.web.ServletTestExecutionListener.populatedRequestContextHolder' -> true, 'org.springframework.test.context.web.ServletTestExecutionListener.resetRequestContextHolder' -> true]]; transaction manager [org.springframework.orm.jpa.JpaTransactionManager@75de8c12]; rollback [true]
2018-12-27 11:25:58.371  INFO 2120 --- [    Test worker] o.s.b.t.m.w.SpringBootMockServletContext : Initializing Spring FrameworkServlet ''
2018-12-27 11:25:58.371  INFO 2120 --- [    Test worker] o.s.t.web.servlet.TestDispatcherServlet  : FrameworkServlet '': initialization started
2018-12-27 11:25:58.380  INFO 2120 --- [    Test worker] o.s.t.web.servlet.TestDispatcherServlet  : FrameworkServlet '': initialization completed in 9 ms
Hibernate: select dmaaiheade0_.mkdmno as mkdmno1_6_0_, dmaaiheade0_.mkdesb1 as mkdesb2_6_0_, dmaaiheade0_.mkdesb2 as mkdesb3_6_0_, dmaaiheade0_.mkpec as mkpec4_6_0_, dmaaiheade0_.mklod as mklod5_6_0_, dmaaiheade0_.mkmfac as mkmfac6_6_0_ from t0016 dmaaiheade0_ where dmaaiheade0_.mkdmno=?
Hibernate: select dmaaidetai0_.mlcoid as mlcoid1_7_0_, dmaaidetai0_.mldmno as mldmno2_7_0_, dmaaidetai0_.mldocoty as mldocoty3_7_0_, dmaaidetai0_.mldocty as mldocty4_7_0_, dmaaidetai0_.mlglcls as mlglcls5_7_0_, dmaaidetai0_.mlcsty as mlcsty6_7_0_, dmaaidetai0_.mlcid as mlcid7_7_0_, dmaaidetai0_.mldtin as mldtin8_7_0_, dmaaidetai0_.mltmin as mltmin9_7_0_, dmaaidetai0_.mluid as mluid10_7_0_, dmaaidetai0_.mldtlu as mldtlu11_7_0_, dmaaidetai0_.mltmlu as mltmlu12_7_0_, dmaaidetai0_.mluidm as mluidm13_7_0_, dmaaidetai0_.mlobj as mlobj19_7_0_, dmaaidetai0_.mlbuid as mlbuid14_7_0_, dmaaidetai0_.mlsub as mlsub20_7_0_, dmaaidetai0_.mldesb1 as mldesb15_7_0_, dmaaidetai0_.mldesb2 as mldesb16_7_0_, dmaaidetai0_.mldesb3 as mldesb17_7_0_, dmaaidetai0_.mldesb4 as mldesb18_7_0_ from t0016d dmaaidetai0_ where dmaaidetai0_.mlcoid=? and dmaaidetai0_.mldmno=? and dmaaidetai0_.mldocoty=? and dmaaidetai0_.mldocty=? and dmaaidetai0_.mlglcls=? and dmaaidetai0_.mlcsty=?
Hibernate: select chartofacc0_.oaobj as oaobj1_25_0_, chartofacc0_.oacid as oacid2_25_0_, chartofacc0_.oadtin as oadtin3_25_0_, chartofacc0_.oatmin as oatmin4_25_0_, chartofacc0_.oauid as oauid5_25_0_, chartofacc0_.oadtlu as oadtlu6_25_0_, chartofacc0_.oatmlu as oatmlu7_25_0_, chartofacc0_.oauidm as oauidm8_25_0_, chartofacc0_.oablc as oablc9_25_0_, chartofacc0_.oacoid as oacoid10_25_0_, chartofacc0_.oadesb1 as oadesb11_25_0_, chartofacc0_.oadesc1 as oadesc12_25_0_, chartofacc0_.oalod as oalod13_25_0_, chartofacc0_.oapec as oapec14_25_0_ from t0900 chartofacc0_ where chartofacc0_.oaobj=?
Hibernate: select accountmas0_.ambuid as ambuid1_26_0_, accountmas0_.amcoid as amcoid2_26_0_, accountmas0_.amobj as amobj3_26_0_, accountmas0_.amsub as amsub4_26_0_, accountmas0_.amcid as amcid5_26_0_, accountmas0_.amdtin as amdtin6_26_0_, accountmas0_.amtmin as amtmin7_26_0_, accountmas0_.amuid as amuid8_26_0_, accountmas0_.amdtlu as amdtlu9_26_0_, accountmas0_.amtmlu as amtmlu10_26_0_, accountmas0_.amuidm as amuidm11_26_0_, accountmas0_.amdtlt as amdtlt12_26_0_, accountmas0_.amacid as amacid13_26_0_, accountmas0_.amblc as amblc14_26_0_, accountmas0_.ambpc as ambpc15_26_0_, accountmas0_.amglc01 as amglc16_26_0_, accountmas0_.amglc02 as amglc17_26_0_, accountmas0_.amglc03 as amglc18_26_0_, accountmas0_.amglc04 as amglc19_26_0_, accountmas0_.amglc05 as amglc20_26_0_, accountmas0_.amcrct as amcrct21_26_0_, accountmas0_.amdesb1 as amdesb22_26_0_, accountmas0_.amtmlt as amtmlt23_26_0_, accountmas0_.amlod as amlod24_26_0_, accountmas0_.ammac as ammac25_26_0_, accountmas0_.amoan as amoan26_26_0_, accountmas0_.ampec as ampec27_26_0_ from t0901 accountmas0_ where accountmas0_.ambuid=? and accountmas0_.amcoid=? and accountmas0_.amobj=? and accountmas0_.amsub=?
2018-12-27 11:25:58.403  INFO 2120 --- [    Test worker] o.s.t.c.transaction.TransactionContext   : Rolled back transaction for test: [DefaultTestContext@5fe927f0 testClass = DMAAIDetailTest, testInstance = ags.goldenlionerp.apiTests.setups.DMAAIDetailTest@12df396f, testMethod = getTestSingle@ApiTestBase, testException = [null], mergedContextConfiguration = [WebMergedContextConfiguration@2236411d testClass = DMAAIDetailTest, locations = '{}', classes = '{class ags.goldenlionerp.GoldenLionErpApplication}', contextInitializerClasses = '[]', activeProfiles = '{}', propertySourceLocations = '{classpath:test.properties}', propertySourceProperties = '{org.springframework.boot.test.context.SpringBootTestContextBootstrapper=true}', contextCustomizers = set[org.springframework.boot.test.autoconfigure.properties.PropertyMappingContextCustomizer@0, org.springframework.boot.test.autoconfigure.web.servlet.WebDriverContextCustomizerFactory$Customizer@636d731e, [ImportsContextCustomizer@66d54a41 key = [ags.goldenlionerp.apiTests.ApiTestBase$TestConfig]], org.springframework.boot.test.context.filter.ExcludeFilterContextCustomizer@6afa5291, org.springframework.boot.test.json.DuplicateJsonObjectContextCustomizerFactory$DuplicateJsonObjectContextCustomizer@20cebcb4, org.springframework.boot.test.mock.mockito.MockitoContextCustomizer@0, org.springframework.boot.test.web.client.TestRestTemplateContextCustomizer@49a32273], resourceBasePath = 'src/main/webapp', contextLoader = 'org.springframework.boot.test.context.SpringBootContextLoader', parent = [null]], attributes = map['org.springframework.test.context.web.ServletTestExecutionListener.activateListener' -> true, 'org.springframework.test.context.web.ServletTestExecutionListener.populatedRequestContextHolder' -> true, 'org.springframework.test.context.web.ServletTestExecutionListener.resetRequestContextHolder' -> true]]
2018-12-27 11:25:58.406  INFO 2120 --- [    Test worker] o.s.t.c.transaction.TransactionContext   : Began transaction (1) for test context [DefaultTestContext@5fe927f0 testClass = DMAAIDetailTest, testInstance = ags.goldenlionerp.apiTests.setups.DMAAIDetailTest@4de20221, testMethod = createTestWithPut@ApiTestBase, testException = [null], mergedContextConfiguration = [WebMergedContextConfiguration@2236411d testClass = DMAAIDetailTest, locations = '{}', classes = '{class ags.goldenlionerp.GoldenLionErpApplication}', contextInitializerClasses = '[]', activeProfiles = '{}', propertySourceLocations = '{classpath:test.properties}', propertySourceProperties = '{org.springframework.boot.test.context.SpringBootTestContextBootstrapper=true}', contextCustomizers = set[org.springframework.boot.test.autoconfigure.properties.PropertyMappingContextCustomizer@0, org.springframework.boot.test.autoconfigure.web.servlet.WebDriverContextCustomizerFactory$Customizer@636d731e, [ImportsContextCustomizer@66d54a41 key = [ags.goldenlionerp.apiTests.ApiTestBase$TestConfig]], org.springframework.boot.test.context.filter.ExcludeFilterContextCustomizer@6afa5291, org.springframework.boot.test.json.DuplicateJsonObjectContextCustomizerFactory$DuplicateJsonObjectContextCustomizer@20cebcb4, org.springframework.boot.test.mock.mockito.MockitoContextCustomizer@0, org.springframework.boot.test.web.client.TestRestTemplateContextCustomizer@49a32273], resourceBasePath = 'src/main/webapp', contextLoader = 'org.springframework.boot.test.context.SpringBootContextLoader', parent = [null]], attributes = map['org.springframework.test.context.web.ServletTestExecutionListener.activateListener' -> true, 'org.springframework.test.context.web.ServletTestExecutionListener.populatedRequestContextHolder' -> true, 'org.springframework.test.context.web.ServletTestExecutionListener.resetRequestContextHolder' -> true]]; transaction manager [org.springframework.orm.jpa.JpaTransactionManager@75de8c12]; rollback [true]
2018-12-27 11:25:58.407  INFO 2120 --- [    Test worker] o.s.b.t.m.w.SpringBootMockServletContext : Initializing Spring FrameworkServlet ''
2018-12-27 11:25:58.407  INFO 2120 --- [    Test worker] o.s.t.web.servlet.TestDispatcherServlet  : FrameworkServlet '': initialization started
2018-12-27 11:25:58.415  INFO 2120 --- [    Test worker] o.s.t.web.servlet.TestDispatcherServlet  : FrameworkServlet '': initialization completed in 8 ms
Hibernate: select dmaaiheade0_.mkdmno as mkdmno1_6_0_, dmaaiheade0_.mkdesb1 as mkdesb2_6_0_, dmaaiheade0_.mkdesb2 as mkdesb3_6_0_, dmaaiheade0_.mkpec as mkpec4_6_0_, dmaaiheade0_.mklod as mklod5_6_0_, dmaaiheade0_.mkmfac as mkmfac6_6_0_ from t0016 dmaaiheade0_ where dmaaiheade0_.mkdmno=?
Hibernate: select dmaaidetai0_.mlcoid as mlcoid1_7_0_, dmaaidetai0_.mldmno as mldmno2_7_0_, dmaaidetai0_.mldocoty as mldocoty3_7_0_, dmaaidetai0_.mldocty as mldocty4_7_0_, dmaaidetai0_.mlglcls as mlglcls5_7_0_, dmaaidetai0_.mlcsty as mlcsty6_7_0_, dmaaidetai0_.mlcid as mlcid7_7_0_, dmaaidetai0_.mldtin as mldtin8_7_0_, dmaaidetai0_.mltmin as mltmin9_7_0_, dmaaidetai0_.mluid as mluid10_7_0_, dmaaidetai0_.mldtlu as mldtlu11_7_0_, dmaaidetai0_.mltmlu as mltmlu12_7_0_, dmaaidetai0_.mluidm as mluidm13_7_0_, dmaaidetai0_.mlobj as mlobj19_7_0_, dmaaidetai0_.mlbuid as mlbuid14_7_0_, dmaaidetai0_.mlsub as mlsub20_7_0_, dmaaidetai0_.mldesb1 as mldesb15_7_0_, dmaaidetai0_.mldesb2 as mldesb16_7_0_, dmaaidetai0_.mldesb3 as mldesb17_7_0_, dmaaidetai0_.mldesb4 as mldesb18_7_0_ from t0016d dmaaidetai0_ where dmaaidetai0_.mlcoid=? and dmaaidetai0_.mldmno=? and dmaaidetai0_.mldocoty=? and dmaaidetai0_.mldocty=? and dmaaidetai0_.mlglcls=? and dmaaidetai0_.mlcsty=?
2018-12-27 11:25:58.432  INFO 2120 --- [    Test worker] o.s.t.c.transaction.TransactionContext   : Rolled back transaction for test: [DefaultTestContext@5fe927f0 testClass = DMAAIDetailTest, testInstance = ags.goldenlionerp.apiTests.setups.DMAAIDetailTest@4de20221, testMethod = createTestWithPut@ApiTestBase, testException = [null], mergedContextConfiguration = [WebMergedContextConfiguration@2236411d testClass = DMAAIDetailTest, locations = '{}', classes = '{class ags.goldenlionerp.GoldenLionErpApplication}', contextInitializerClasses = '[]', activeProfiles = '{}', propertySourceLocations = '{classpath:test.properties}', propertySourceProperties = '{org.springframework.boot.test.context.SpringBootTestContextBootstrapper=true}', contextCustomizers = set[org.springframework.boot.test.autoconfigure.properties.PropertyMappingContextCustomizer@0, org.springframework.boot.test.autoconfigure.web.servlet.WebDriverContextCustomizerFactory$Customizer@636d731e, [ImportsContextCustomizer@66d54a41 key = [ags.goldenlionerp.apiTests.ApiTestBase$TestConfig]], org.springframework.boot.test.context.filter.ExcludeFilterContextCustomizer@6afa5291, org.springframework.boot.test.json.DuplicateJsonObjectContextCustomizerFactory$DuplicateJsonObjectContextCustomizer@20cebcb4, org.springframework.boot.test.mock.mockito.MockitoContextCustomizer@0, org.springframework.boot.test.web.client.TestRestTemplateContextCustomizer@49a32273], resourceBasePath = 'src/main/webapp', contextLoader = 'org.springframework.boot.test.context.SpringBootContextLoader', parent = [null]], attributes = map['org.springframework.test.context.web.ServletTestExecutionListener.activateListener' -> true, 'org.springframework.test.context.web.ServletTestExecutionListener.populatedRequestContextHolder' -> true, 'org.springframework.test.context.web.ServletTestExecutionListener.resetRequestContextHolder' -> true]]
2018-12-27 11:25:58.435  INFO 2120 --- [    Test worker] o.s.t.c.transaction.TransactionContext   : Began transaction (1) for test context [DefaultTestContext@5fe927f0 testClass = DMAAIDetailTest, testInstance = ags.goldenlionerp.apiTests.setups.DMAAIDetailTest@37cfe302, testMethod = deleteTest@ApiTestBase, testException = [null], mergedContextConfiguration = [WebMergedContextConfiguration@2236411d testClass = DMAAIDetailTest, locations = '{}', classes = '{class ags.goldenlionerp.GoldenLionErpApplication}', contextInitializerClasses = '[]', activeProfiles = '{}', propertySourceLocations = '{classpath:test.properties}', propertySourceProperties = '{org.springframework.boot.test.context.SpringBootTestContextBootstrapper=true}', contextCustomizers = set[org.springframework.boot.test.autoconfigure.properties.PropertyMappingContextCustomizer@0, org.springframework.boot.test.autoconfigure.web.servlet.WebDriverContextCustomizerFactory$Customizer@636d731e, [ImportsContextCustomizer@66d54a41 key = [ags.goldenlionerp.apiTests.ApiTestBase$TestConfig]], org.springframework.boot.test.context.filter.ExcludeFilterContextCustomizer@6afa5291, org.springframework.boot.test.json.DuplicateJsonObjectContextCustomizerFactory$DuplicateJsonObjectContextCustomizer@20cebcb4, org.springframework.boot.test.mock.mockito.MockitoContextCustomizer@0, org.springframework.boot.test.web.client.TestRestTemplateContextCustomizer@49a32273], resourceBasePath = 'src/main/webapp', contextLoader = 'org.springframework.boot.test.context.SpringBootContextLoader', parent = [null]], attributes = map['org.springframework.test.context.web.ServletTestExecutionListener.activateListener' -> true, 'org.springframework.test.context.web.ServletTestExecutionListener.populatedRequestContextHolder' -> true, 'org.springframework.test.context.web.ServletTestExecutionListener.resetRequestContextHolder' -> true]]; transaction manager [org.springframework.orm.jpa.JpaTransactionManager@75de8c12]; rollback [true]
2018-12-27 11:25:58.437  INFO 2120 --- [    Test worker] o.s.b.t.m.w.SpringBootMockServletContext : Initializing Spring FrameworkServlet ''
2018-12-27 11:25:58.437  INFO 2120 --- [    Test worker] o.s.t.web.servlet.TestDispatcherServlet  : FrameworkServlet '': initialization started
2018-12-27 11:25:58.444  INFO 2120 --- [    Test worker] o.s.t.web.servlet.TestDispatcherServlet  : FrameworkServlet '': initialization completed in 7 ms
Hibernate: select dmaaiheade0_.mkdmno as mkdmno1_6_0_, dmaaiheade0_.mkdesb1 as mkdesb2_6_0_, dmaaiheade0_.mkdesb2 as mkdesb3_6_0_, dmaaiheade0_.mkpec as mkpec4_6_0_, dmaaiheade0_.mklod as mklod5_6_0_, dmaaiheade0_.mkmfac as mkmfac6_6_0_ from t0016 dmaaiheade0_ where dmaaiheade0_.mkdmno=?
Hibernate: select dmaaidetai0_.mlcoid as mlcoid1_7_0_, dmaaidetai0_.mldmno as mldmno2_7_0_, dmaaidetai0_.mldocoty as mldocoty3_7_0_, dmaaidetai0_.mldocty as mldocty4_7_0_, dmaaidetai0_.mlglcls as mlglcls5_7_0_, dmaaidetai0_.mlcsty as mlcsty6_7_0_, dmaaidetai0_.mlcid as mlcid7_7_0_, dmaaidetai0_.mldtin as mldtin8_7_0_, dmaaidetai0_.mltmin as mltmin9_7_0_, dmaaidetai0_.mluid as mluid10_7_0_, dmaaidetai0_.mldtlu as mldtlu11_7_0_, dmaaidetai0_.mltmlu as mltmlu12_7_0_, dmaaidetai0_.mluidm as mluidm13_7_0_, dmaaidetai0_.mlobj as mlobj19_7_0_, dmaaidetai0_.mlbuid as mlbuid14_7_0_, dmaaidetai0_.mlsub as mlsub20_7_0_, dmaaidetai0_.mldesb1 as mldesb15_7_0_, dmaaidetai0_.mldesb2 as mldesb16_7_0_, dmaaidetai0_.mldesb3 as mldesb17_7_0_, dmaaidetai0_.mldesb4 as mldesb18_7_0_ from t0016d dmaaidetai0_ where dmaaidetai0_.mlcoid=? and dmaaidetai0_.mldmno=? and dmaaidetai0_.mldocoty=? and dmaaidetai0_.mldocty=? and dmaaidetai0_.mlglcls=? and dmaaidetai0_.mlcsty=?
Hibernate: select chartofacc0_.oaobj as oaobj1_25_0_, chartofacc0_.oacid as oacid2_25_0_, chartofacc0_.oadtin as oadtin3_25_0_, chartofacc0_.oatmin as oatmin4_25_0_, chartofacc0_.oauid as oauid5_25_0_, chartofacc0_.oadtlu as oadtlu6_25_0_, chartofacc0_.oatmlu as oatmlu7_25_0_, chartofacc0_.oauidm as oauidm8_25_0_, chartofacc0_.oablc as oablc9_25_0_, chartofacc0_.oacoid as oacoid10_25_0_, chartofacc0_.oadesb1 as oadesb11_25_0_, chartofacc0_.oadesc1 as oadesc12_25_0_, chartofacc0_.oalod as oalod13_25_0_, chartofacc0_.oapec as oapec14_25_0_ from t0900 chartofacc0_ where chartofacc0_.oaobj=?
Hibernate: select accountmas0_.ambuid as ambuid1_26_0_, accountmas0_.amcoid as amcoid2_26_0_, accountmas0_.amobj as amobj3_26_0_, accountmas0_.amsub as amsub4_26_0_, accountmas0_.amcid as amcid5_26_0_, accountmas0_.amdtin as amdtin6_26_0_, accountmas0_.amtmin as amtmin7_26_0_, accountmas0_.amuid as amuid8_26_0_, accountmas0_.amdtlu as amdtlu9_26_0_, accountmas0_.amtmlu as amtmlu10_26_0_, accountmas0_.amuidm as amuidm11_26_0_, accountmas0_.amdtlt as amdtlt12_26_0_, accountmas0_.amacid as amacid13_26_0_, accountmas0_.amblc as amblc14_26_0_, accountmas0_.ambpc as ambpc15_26_0_, accountmas0_.amglc01 as amglc16_26_0_, accountmas0_.amglc02 as amglc17_26_0_, accountmas0_.amglc03 as amglc18_26_0_, accountmas0_.amglc04 as amglc19_26_0_, accountmas0_.amglc05 as amglc20_26_0_, accountmas0_.amcrct as amcrct21_26_0_, accountmas0_.amdesb1 as amdesb22_26_0_, accountmas0_.amtmlt as amtmlt23_26_0_, accountmas0_.amlod as amlod24_26_0_, accountmas0_.ammac as ammac25_26_0_, accountmas0_.amoan as amoan26_26_0_, accountmas0_.ampec as ampec27_26_0_ from t0901 accountmas0_ where accountmas0_.ambuid=? and accountmas0_.amcoid=? and accountmas0_.amobj=? and accountmas0_.amsub=?
2018-12-27 11:25:58.469  INFO 2120 --- [    Test worker] o.s.t.c.transaction.TransactionContext   : Rolled back transaction for test: [DefaultTestContext@5fe927f0 testClass = DMAAIDetailTest, testInstance = ags.goldenlionerp.apiTests.setups.DMAAIDetailTest@37cfe302, testMethod = deleteTest@ApiTestBase, testException = [null], mergedContextConfiguration = [WebMergedContextConfiguration@2236411d testClass = DMAAIDetailTest, locations = '{}', classes = '{class ags.goldenlionerp.GoldenLionErpApplication}', contextInitializerClasses = '[]', activeProfiles = '{}', propertySourceLocations = '{classpath:test.properties}', propertySourceProperties = '{org.springframework.boot.test.context.SpringBootTestContextBootstrapper=true}', contextCustomizers = set[org.springframework.boot.test.autoconfigure.properties.PropertyMappingContextCustomizer@0, org.springframework.boot.test.autoconfigure.web.servlet.WebDriverContextCustomizerFactory$Customizer@636d731e, [ImportsContextCustomizer@66d54a41 key = [ags.goldenlionerp.apiTests.ApiTestBase$TestConfig]], org.springframework.boot.test.context.filter.ExcludeFilterContextCustomizer@6afa5291, org.springframework.boot.test.json.DuplicateJsonObjectContextCustomizerFactory$DuplicateJsonObjectContextCustomizer@20cebcb4, org.springframework.boot.test.mock.mockito.MockitoContextCustomizer@0, org.springframework.boot.test.web.client.TestRestTemplateContextCustomizer@49a32273], resourceBasePath = 'src/main/webapp', contextLoader = 'org.springframework.boot.test.context.SpringBootContextLoader', parent = [null]], attributes = map['org.springframework.test.context.web.ServletTestExecutionListener.activateListener' -> true, 'org.springframework.test.context.web.ServletTestExecutionListener.populatedRequestContextHolder' -> true, 'org.springframework.test.context.web.ServletTestExecutionListener.resetRequestContextHolder' -> true]]
]]></system-out>
  <system-err><![CDATA[]]></system-err>
</testsuite>
