<?xml version="1.0" encoding="UTF-8"?>
<testsuite name="ags.goldenlionerp.apiTests.item.ItemMasterApiTest" tests="7" skipped="0" failures="0" errors="0" timestamp="2018-12-27T04:25:46" hostname="LAPTOP-FHFRCCL6" time="0.624">
  <properties/>
  <testcase name="updateTestWithPatch" classname="ags.goldenlionerp.apiTests.item.ItemMasterApiTest" time="0.258"/>
  <testcase name="updateTestWithPut" classname="ags.goldenlionerp.apiTests.item.ItemMasterApiTest" time="0.034"/>
  <testcase name="getTestSingle" classname="ags.goldenlionerp.apiTests.item.ItemMasterApiTest" time="0.032"/>
  <testcase name="getTestCollection" classname="ags.goldenlionerp.apiTests.item.ItemMasterApiTest" time="0.136"/>
  <testcase name="createTestWithPut" classname="ags.goldenlionerp.apiTests.item.ItemMasterApiTest" time="0.034"/>
  <testcase name="deleteTest" classname="ags.goldenlionerp.apiTests.item.ItemMasterApiTest" time="0.047"/>
  <testcase name="createTestWithPost" classname="ags.goldenlionerp.apiTests.item.ItemMasterApiTest" time="0.077"/>
  <system-out><![CDATA[2018-12-27 11:25:46.510  INFO 2120 --- [    Test worker] .b.t.c.SpringBootTestContextBootstrapper : Neither @ContextConfiguration nor @ContextHierarchy found for test class [ags.goldenlionerp.apiTests.item.ItemMasterApiTest], using SpringBootContextLoader
2018-12-27 11:25:46.511  INFO 2120 --- [    Test worker] o.s.t.c.support.AbstractContextLoader    : Could not detect default resource locations for test class [ags.goldenlionerp.apiTests.item.ItemMasterApiTest]: no resource found for suffixes {-context.xml, Context.groovy}.
2018-12-27 11:25:46.511  INFO 2120 --- [    Test worker] t.c.s.AnnotationConfigContextLoaderUtils : Could not detect default configuration classes for test class [ags.goldenlionerp.apiTests.item.ItemMasterApiTest]: ItemMasterApiTest does not declare any static, non-private, non-final, nested classes annotated with @Configuration.
2018-12-27 11:25:46.519  INFO 2120 --- [    Test worker] .b.t.c.SpringBootTestContextBootstrapper : Found @SpringBootConfiguration ags.goldenlionerp.GoldenLionErpApplication for test class ags.goldenlionerp.apiTests.item.ItemMasterApiTest
2018-12-27 11:25:46.522  INFO 2120 --- [    Test worker] .b.t.c.SpringBootTestContextBootstrapper : Loaded default TestExecutionListener class names from location [META-INF/spring.factories]: [org.springframework.security.test.context.support.WithSecurityContextTestExecutionListener, org.springframework.security.test.context.support.ReactorContextTestExecutionListener, org.springframework.boot.test.autoconfigure.restdocs.RestDocsTestExecutionListener, org.springframework.boot.test.autoconfigure.web.client.MockRestServiceServerResetTestExecutionListener, org.springframework.boot.test.autoconfigure.web.servlet.MockMvcPrintOnlyOnFailureTestExecutionListener, org.springframework.boot.test.autoconfigure.web.servlet.WebDriverTestExecutionListener, org.springframework.boot.test.mock.mockito.MockitoTestExecutionListener, org.springframework.boot.test.mock.mockito.ResetMocksTestExecutionListener, org.springframework.test.context.web.ServletTestExecutionListener, org.springframework.test.context.support.DirtiesContextBeforeModesTestExecutionListener, org.springframework.test.context.support.DependencyInjectionTestExecutionListener, org.springframework.test.context.support.DirtiesContextTestExecutionListener, org.springframework.test.context.transaction.TransactionalTestExecutionListener, org.springframework.test.context.jdbc.SqlScriptsTestExecutionListener]
2018-12-27 11:25:46.523  INFO 2120 --- [    Test worker] .b.t.c.SpringBootTestContextBootstrapper : Using TestExecutionListeners: [org.springframework.test.context.web.ServletTestExecutionListener@684b9746, org.springframework.test.context.support.DirtiesContextBeforeModesTestExecutionListener@5dcf9b2d, org.springframework.boot.test.mock.mockito.MockitoTestExecutionListener@3436a834, org.springframework.boot.test.autoconfigure.SpringBootDependencyInjectionTestExecutionListener@23fdc320, org.springframework.test.context.support.DirtiesContextTestExecutionListener@173891be, org.springframework.test.context.transaction.TransactionalTestExecutionListener@368f7687, org.springframework.test.context.jdbc.SqlScriptsTestExecutionListener@37f91f6a, org.springframework.security.test.context.support.WithSecurityContextTestExecutionListener@7ad02e76, org.springframework.security.test.context.support.ReactorContextTestExecutionListener@29b6f5f3, org.springframework.boot.test.autoconfigure.restdocs.RestDocsTestExecutionListener@6440950c, org.springframework.boot.test.autoconfigure.web.client.MockRestServiceServerResetTestExecutionListener@1b3dd4a1, org.springframework.boot.test.autoconfigure.web.servlet.MockMvcPrintOnlyOnFailureTestExecutionListener@6065ea2e, org.springframework.boot.test.autoconfigure.web.servlet.WebDriverTestExecutionListener@7e6282bc, org.springframework.boot.test.mock.mockito.ResetMocksTestExecutionListener@1eea8089]
2018-12-27 11:25:46.556  INFO 2120 --- [    Test worker] o.s.t.c.transaction.TransactionContext   : Began transaction (1) for test context [DefaultTestContext@51aeeb0f testClass = ItemMasterApiTest, testInstance = ags.goldenlionerp.apiTests.item.ItemMasterApiTest@163236cb, testMethod = updateTestWithPatch@ItemMasterApiTest, testException = [null], mergedContextConfiguration = [WebMergedContextConfiguration@533bfd24 testClass = ItemMasterApiTest, locations = '{}', classes = '{class ags.goldenlionerp.GoldenLionErpApplication}', contextInitializerClasses = '[]', activeProfiles = '{}', propertySourceLocations = '{classpath:test.properties}', propertySourceProperties = '{org.springframework.boot.test.context.SpringBootTestContextBootstrapper=true}', contextCustomizers = set[org.springframework.boot.test.autoconfigure.properties.PropertyMappingContextCustomizer@0, org.springframework.boot.test.autoconfigure.web.servlet.WebDriverContextCustomizerFactory$Customizer@636d731e, [ImportsContextCustomizer@7d81a130 key = [ags.goldenlionerp.apiTests.ApiTestBase$TestConfig]], org.springframework.boot.test.context.filter.ExcludeFilterContextCustomizer@6afa5291, org.springframework.boot.test.json.DuplicateJsonObjectContextCustomizerFactory$DuplicateJsonObjectContextCustomizer@20cebcb4, org.springframework.boot.test.mock.mockito.MockitoContextCustomizer@0, org.springframework.boot.test.web.client.TestRestTemplateContextCustomizer@49a32273], resourceBasePath = 'src/main/webapp', contextLoader = 'org.springframework.boot.test.context.SpringBootContextLoader', parent = [null]], attributes = map['org.springframework.test.context.web.ServletTestExecutionListener.activateListener' -> true, 'org.springframework.test.context.web.ServletTestExecutionListener.populatedRequestContextHolder' -> true, 'org.springframework.test.context.web.ServletTestExecutionListener.resetRequestContextHolder' -> true]]; transaction manager [org.springframework.orm.jpa.JpaTransactionManager@75de8c12]; rollback [true]
2018-12-27 11:25:46.557  INFO 2120 --- [    Test worker] o.s.b.t.m.w.SpringBootMockServletContext : Initializing Spring FrameworkServlet ''
2018-12-27 11:25:46.557  INFO 2120 --- [    Test worker] o.s.t.web.servlet.TestDispatcherServlet  : FrameworkServlet '': initialization started
2018-12-27 11:25:46.567  INFO 2120 --- [    Test worker] o.s.t.web.servlet.TestDispatcherServlet  : FrameworkServlet '': initialization completed in 10 ms
Hibernate: select itemmaster0_.iminum as iminum1_31_0_, itemmaster0_.imcid as imcid2_31_0_, itemmaster0_.imdtin as imdtin3_31_0_, itemmaster0_.imtmin as imtmin4_31_0_, itemmaster0_.imuid as imuid5_31_0_, itemmaster0_.imdtlu as imdtlu6_31_0_, itemmaster0_.imtmlu as imtmlu7_31_0_, itemmaster0_.imuidm as imuidm8_31_0_, itemmaster0_.iminumb as iminumb9_31_0_, itemmaster0_.imctm as imctm10_31_0_, itemmaster0_.imitc02 as imitc11_31_0_, itemmaster0_.imitc01 as imitc12_31_0_, itemmaster0_.imitc10 as imitc13_31_0_, itemmaster0_.imitc04 as imitc14_31_0_, itemmaster0_.imitc06 as imitc15_31_0_, itemmaster0_.imitc07 as imitc16_31_0_, itemmaster0_.imitc08 as imitc17_31_0_, itemmaster0_.imitc09 as imitc18_31_0_, itemmaster0_.imitc05 as imitc19_31_0_, itemmaster0_.imslrc0 as imslrc20_31_0_, itemmaster0_.imslrc1 as imslrc21_31_0_, itemmaster0_.imslrc2 as imslrc22_31_0_, itemmaster0_.imslrc3 as imslrc23_31_0_, itemmaster0_.imslrc4 as imslrc24_31_0_, itemmaster0_.imslrc5 as imslrc25_31_0_, itemmaster0_.imslrc6 as imslrc26_31_0_, itemmaster0_.imslrc7 as imslrc27_31_0_, itemmaster0_.imslrc8 as imslrc28_31_0_, itemmaster0_.imslrc9 as imslrc29_31_0_, itemmaster0_.imitc03 as imitc30_31_0_, itemmaster0_.imdesb1 as imdesb31_31_0_, itemmaster0_.imdesd1 as imdesd32_31_0_, itemmaster0_.imglcls as imglcls33_31_0_, itemmaster0_.imicl as imicl34_31_0_, itemmaster0_.imilc as imilc35_31_0_, itemmaster0_.iminums as iminums36_31_0_, itemmaster0_.imipg as imipg37_31_0_, itemmaster0_.imlsc as imlsc38_31_0_, itemmaster0_.imdaqc as imdaqc39_31_0_, itemmaster0_.imgscrt as imgscrt40_31_0_, itemmaster0_.imsiops as imsiops41_31_0_, itemmaster0_.imbpid as imbpid42_31_0_, itemmaster0_.imcsid as imcsid43_31_0_, itemmaster0_.imudf as imudf44_31_0_, itemmaster0_.impmmf as impmmf45_31_0_, itemmaster0_.imrbii as imrbii46_31_0_, itemmaster0_.imrbim as imrbim47_31_0_, itemmaster0_.imrbis as imrbis48_31_0_, itemmaster0_.imvnid as imvnid49_31_0_, itemmaster0_.imtaxpc as imtaxpc50_31_0_, itemmaster0_.imtaxsc as imtaxsc51_31_0_, itemmaster0_.iminump as iminump52_31_0_, itemmaster0_.implg as implg53_31_0_, itemmaster0_.imppl as imppl54_31_0_, itemmaster0_.imspl as imspl55_31_0_, itemmaster0_.imsnr as imsnr56_31_0_, itemmaster0_.imskty as imskty57_31_0_, itemmaster0_.imlnty as imlnty58_31_0_, itemmaster0_.imuom9 as imuom59_31_0_, itemmaster0_.imdppo as imdppo60_31_0_, itemmaster0_.imdlum as imdlum61_31_0_, itemmaster0_.imdlump as imdlump62_31_0_, itemmaster0_.imdlumt as imdlumt63_31_0_, itemmaster0_.imuom5 as imuom64_31_0_, itemmaster0_.imuom1 as imuom65_31_0_, itemmaster0_.imuom8 as imuom66_31_0_, itemmaster0_.imuom3 as imuom67_31_0_, itemmaster0_.imuom4 as imuom68_31_0_, itemmaster0_.imuom2 as imuom69_31_0_, itemmaster0_.imuom6 as imuom70_31_0_, itemmaster0_.imuoms as imuoms71_31_0_, itemmaster0_.imuomt as imuomt72_31_0_, itemmaster0_.imuomv as imuomv73_31_0_, itemmaster0_.imwcf as imwcf74_31_0_, itemmaster0_.imuomw as imuomw75_31_0_, itemmaster0_.imvict as imvict76_31_0_ from t4101 itemmaster0_ where itemmaster0_.iminum=?
Hibernate: update t4101 set imcid=?, imdtlu=?, imtmlu=?, imuidm=?, iminumb=?, imctm=?, imitc02=?, imitc01=?, imitc10=?, imitc04=?, imitc06=?, imitc07=?, imitc08=?, imitc09=?, imitc05=?, imslrc0=?, imslrc1=?, imslrc2=?, imslrc3=?, imslrc4=?, imslrc5=?, imslrc6=?, imslrc7=?, imslrc8=?, imslrc9=?, imitc03=?, imdesb1=?, imdesd1=?, imglcls=?, imicl=?, imilc=?, imipg=?, imlsc=?, imdaqc=?, imgscrt=?, imsiops=?, imbpid=?, imcsid=?, imudf=?, impmmf=?, imrbii=?, imrbim=?, imrbis=?, imvnid=?, imtaxpc=?, imtaxsc=?, iminump=?, implg=?, imppl=?, imspl=?, imsnr=?, imskty=?, imlnty=?, imuom9=?, imdppo=?, imdlum=?, imdlump=?, imdlumt=?, imuom5=?, imuom1=?, imuom8=?, imuom3=?, imuom4=?, imuom2=?, imuom6=?, imuoms=?, imuomt=?, imuomv=?, imwcf=?, imuomw=?, imvict=? where iminum=?
Hibernate: select itemmaster0_.iminum as iminum1_31_0_, itemmaster0_.imcid as imcid2_31_0_, itemmaster0_.imdtin as imdtin3_31_0_, itemmaster0_.imtmin as imtmin4_31_0_, itemmaster0_.imuid as imuid5_31_0_, itemmaster0_.imdtlu as imdtlu6_31_0_, itemmaster0_.imtmlu as imtmlu7_31_0_, itemmaster0_.imuidm as imuidm8_31_0_, itemmaster0_.iminumb as iminumb9_31_0_, itemmaster0_.imctm as imctm10_31_0_, itemmaster0_.imitc02 as imitc11_31_0_, itemmaster0_.imitc01 as imitc12_31_0_, itemmaster0_.imitc10 as imitc13_31_0_, itemmaster0_.imitc04 as imitc14_31_0_, itemmaster0_.imitc06 as imitc15_31_0_, itemmaster0_.imitc07 as imitc16_31_0_, itemmaster0_.imitc08 as imitc17_31_0_, itemmaster0_.imitc09 as imitc18_31_0_, itemmaster0_.imitc05 as imitc19_31_0_, itemmaster0_.imslrc0 as imslrc20_31_0_, itemmaster0_.imslrc1 as imslrc21_31_0_, itemmaster0_.imslrc2 as imslrc22_31_0_, itemmaster0_.imslrc3 as imslrc23_31_0_, itemmaster0_.imslrc4 as imslrc24_31_0_, itemmaster0_.imslrc5 as imslrc25_31_0_, itemmaster0_.imslrc6 as imslrc26_31_0_, itemmaster0_.imslrc7 as imslrc27_31_0_, itemmaster0_.imslrc8 as imslrc28_31_0_, itemmaster0_.imslrc9 as imslrc29_31_0_, itemmaster0_.imitc03 as imitc30_31_0_, itemmaster0_.imdesb1 as imdesb31_31_0_, itemmaster0_.imdesd1 as imdesd32_31_0_, itemmaster0_.imglcls as imglcls33_31_0_, itemmaster0_.imicl as imicl34_31_0_, itemmaster0_.imilc as imilc35_31_0_, itemmaster0_.iminums as iminums36_31_0_, itemmaster0_.imipg as imipg37_31_0_, itemmaster0_.imlsc as imlsc38_31_0_, itemmaster0_.imdaqc as imdaqc39_31_0_, itemmaster0_.imgscrt as imgscrt40_31_0_, itemmaster0_.imsiops as imsiops41_31_0_, itemmaster0_.imbpid as imbpid42_31_0_, itemmaster0_.imcsid as imcsid43_31_0_, itemmaster0_.imudf as imudf44_31_0_, itemmaster0_.impmmf as impmmf45_31_0_, itemmaster0_.imrbii as imrbii46_31_0_, itemmaster0_.imrbim as imrbim47_31_0_, itemmaster0_.imrbis as imrbis48_31_0_, itemmaster0_.imvnid as imvnid49_31_0_, itemmaster0_.imtaxpc as imtaxpc50_31_0_, itemmaster0_.imtaxsc as imtaxsc51_31_0_, itemmaster0_.iminump as iminump52_31_0_, itemmaster0_.implg as implg53_31_0_, itemmaster0_.imppl as imppl54_31_0_, itemmaster0_.imspl as imspl55_31_0_, itemmaster0_.imsnr as imsnr56_31_0_, itemmaster0_.imskty as imskty57_31_0_, itemmaster0_.imlnty as imlnty58_31_0_, itemmaster0_.imuom9 as imuom59_31_0_, itemmaster0_.imdppo as imdppo60_31_0_, itemmaster0_.imdlum as imdlum61_31_0_, itemmaster0_.imdlump as imdlump62_31_0_, itemmaster0_.imdlumt as imdlumt63_31_0_, itemmaster0_.imuom5 as imuom64_31_0_, itemmaster0_.imuom1 as imuom65_31_0_, itemmaster0_.imuom8 as imuom66_31_0_, itemmaster0_.imuom3 as imuom67_31_0_, itemmaster0_.imuom4 as imuom68_31_0_, itemmaster0_.imuom2 as imuom69_31_0_, itemmaster0_.imuom6 as imuom70_31_0_, itemmaster0_.imuoms as imuoms71_31_0_, itemmaster0_.imuomt as imuomt72_31_0_, itemmaster0_.imuomv as imuomv73_31_0_, itemmaster0_.imwcf as imwcf74_31_0_, itemmaster0_.imuomw as imuomw75_31_0_, itemmaster0_.imvict as imvict76_31_0_ from t4101 itemmaster0_ where itemmaster0_.iminum=?
2018-12-27 11:25:46.812  INFO 2120 --- [    Test worker] o.s.t.c.transaction.TransactionContext   : Rolled back transaction for test: [DefaultTestContext@51aeeb0f testClass = ItemMasterApiTest, testInstance = ags.goldenlionerp.apiTests.item.ItemMasterApiTest@163236cb, testMethod = updateTestWithPatch@ItemMasterApiTest, testException = [null], mergedContextConfiguration = [WebMergedContextConfiguration@533bfd24 testClass = ItemMasterApiTest, locations = '{}', classes = '{class ags.goldenlionerp.GoldenLionErpApplication}', contextInitializerClasses = '[]', activeProfiles = '{}', propertySourceLocations = '{classpath:test.properties}', propertySourceProperties = '{org.springframework.boot.test.context.SpringBootTestContextBootstrapper=true}', contextCustomizers = set[org.springframework.boot.test.autoconfigure.properties.PropertyMappingContextCustomizer@0, org.springframework.boot.test.autoconfigure.web.servlet.WebDriverContextCustomizerFactory$Customizer@636d731e, [ImportsContextCustomizer@7d81a130 key = [ags.goldenlionerp.apiTests.ApiTestBase$TestConfig]], org.springframework.boot.test.context.filter.ExcludeFilterContextCustomizer@6afa5291, org.springframework.boot.test.json.DuplicateJsonObjectContextCustomizerFactory$DuplicateJsonObjectContextCustomizer@20cebcb4, org.springframework.boot.test.mock.mockito.MockitoContextCustomizer@0, org.springframework.boot.test.web.client.TestRestTemplateContextCustomizer@49a32273], resourceBasePath = 'src/main/webapp', contextLoader = 'org.springframework.boot.test.context.SpringBootContextLoader', parent = [null]], attributes = map['org.springframework.test.context.web.ServletTestExecutionListener.activateListener' -> true, 'org.springframework.test.context.web.ServletTestExecutionListener.populatedRequestContextHolder' -> true, 'org.springframework.test.context.web.ServletTestExecutionListener.resetRequestContextHolder' -> true]]
2018-12-27 11:25:46.814  INFO 2120 --- [    Test worker] o.s.t.c.transaction.TransactionContext   : Began transaction (1) for test context [DefaultTestContext@51aeeb0f testClass = ItemMasterApiTest, testInstance = ags.goldenlionerp.apiTests.item.ItemMasterApiTest@de059a6, testMethod = updateTestWithPut@ApiTestBase, testException = [null], mergedContextConfiguration = [WebMergedContextConfiguration@533bfd24 testClass = ItemMasterApiTest, locations = '{}', classes = '{class ags.goldenlionerp.GoldenLionErpApplication}', contextInitializerClasses = '[]', activeProfiles = '{}', propertySourceLocations = '{classpath:test.properties}', propertySourceProperties = '{org.springframework.boot.test.context.SpringBootTestContextBootstrapper=true}', contextCustomizers = set[org.springframework.boot.test.autoconfigure.properties.PropertyMappingContextCustomizer@0, org.springframework.boot.test.autoconfigure.web.servlet.WebDriverContextCustomizerFactory$Customizer@636d731e, [ImportsContextCustomizer@7d81a130 key = [ags.goldenlionerp.apiTests.ApiTestBase$TestConfig]], org.springframework.boot.test.context.filter.ExcludeFilterContextCustomizer@6afa5291, org.springframework.boot.test.json.DuplicateJsonObjectContextCustomizerFactory$DuplicateJsonObjectContextCustomizer@20cebcb4, org.springframework.boot.test.mock.mockito.MockitoContextCustomizer@0, org.springframework.boot.test.web.client.TestRestTemplateContextCustomizer@49a32273], resourceBasePath = 'src/main/webapp', contextLoader = 'org.springframework.boot.test.context.SpringBootContextLoader', parent = [null]], attributes = map['org.springframework.test.context.web.ServletTestExecutionListener.activateListener' -> true, 'org.springframework.test.context.web.ServletTestExecutionListener.populatedRequestContextHolder' -> true, 'org.springframework.test.context.web.ServletTestExecutionListener.resetRequestContextHolder' -> true]]; transaction manager [org.springframework.orm.jpa.JpaTransactionManager@75de8c12]; rollback [true]
2018-12-27 11:25:46.816  INFO 2120 --- [    Test worker] o.s.b.t.m.w.SpringBootMockServletContext : Initializing Spring FrameworkServlet ''
2018-12-27 11:25:46.816  INFO 2120 --- [    Test worker] o.s.t.web.servlet.TestDispatcherServlet  : FrameworkServlet '': initialization started
2018-12-27 11:25:46.825  INFO 2120 --- [    Test worker] o.s.t.web.servlet.TestDispatcherServlet  : FrameworkServlet '': initialization completed in 9 ms
Hibernate: select itemmaster0_.iminum as iminum1_31_0_, itemmaster0_.imcid as imcid2_31_0_, itemmaster0_.imdtin as imdtin3_31_0_, itemmaster0_.imtmin as imtmin4_31_0_, itemmaster0_.imuid as imuid5_31_0_, itemmaster0_.imdtlu as imdtlu6_31_0_, itemmaster0_.imtmlu as imtmlu7_31_0_, itemmaster0_.imuidm as imuidm8_31_0_, itemmaster0_.iminumb as iminumb9_31_0_, itemmaster0_.imctm as imctm10_31_0_, itemmaster0_.imitc02 as imitc11_31_0_, itemmaster0_.imitc01 as imitc12_31_0_, itemmaster0_.imitc10 as imitc13_31_0_, itemmaster0_.imitc04 as imitc14_31_0_, itemmaster0_.imitc06 as imitc15_31_0_, itemmaster0_.imitc07 as imitc16_31_0_, itemmaster0_.imitc08 as imitc17_31_0_, itemmaster0_.imitc09 as imitc18_31_0_, itemmaster0_.imitc05 as imitc19_31_0_, itemmaster0_.imslrc0 as imslrc20_31_0_, itemmaster0_.imslrc1 as imslrc21_31_0_, itemmaster0_.imslrc2 as imslrc22_31_0_, itemmaster0_.imslrc3 as imslrc23_31_0_, itemmaster0_.imslrc4 as imslrc24_31_0_, itemmaster0_.imslrc5 as imslrc25_31_0_, itemmaster0_.imslrc6 as imslrc26_31_0_, itemmaster0_.imslrc7 as imslrc27_31_0_, itemmaster0_.imslrc8 as imslrc28_31_0_, itemmaster0_.imslrc9 as imslrc29_31_0_, itemmaster0_.imitc03 as imitc30_31_0_, itemmaster0_.imdesb1 as imdesb31_31_0_, itemmaster0_.imdesd1 as imdesd32_31_0_, itemmaster0_.imglcls as imglcls33_31_0_, itemmaster0_.imicl as imicl34_31_0_, itemmaster0_.imilc as imilc35_31_0_, itemmaster0_.iminums as iminums36_31_0_, itemmaster0_.imipg as imipg37_31_0_, itemmaster0_.imlsc as imlsc38_31_0_, itemmaster0_.imdaqc as imdaqc39_31_0_, itemmaster0_.imgscrt as imgscrt40_31_0_, itemmaster0_.imsiops as imsiops41_31_0_, itemmaster0_.imbpid as imbpid42_31_0_, itemmaster0_.imcsid as imcsid43_31_0_, itemmaster0_.imudf as imudf44_31_0_, itemmaster0_.impmmf as impmmf45_31_0_, itemmaster0_.imrbii as imrbii46_31_0_, itemmaster0_.imrbim as imrbim47_31_0_, itemmaster0_.imrbis as imrbis48_31_0_, itemmaster0_.imvnid as imvnid49_31_0_, itemmaster0_.imtaxpc as imtaxpc50_31_0_, itemmaster0_.imtaxsc as imtaxsc51_31_0_, itemmaster0_.iminump as iminump52_31_0_, itemmaster0_.implg as implg53_31_0_, itemmaster0_.imppl as imppl54_31_0_, itemmaster0_.imspl as imspl55_31_0_, itemmaster0_.imsnr as imsnr56_31_0_, itemmaster0_.imskty as imskty57_31_0_, itemmaster0_.imlnty as imlnty58_31_0_, itemmaster0_.imuom9 as imuom59_31_0_, itemmaster0_.imdppo as imdppo60_31_0_, itemmaster0_.imdlum as imdlum61_31_0_, itemmaster0_.imdlump as imdlump62_31_0_, itemmaster0_.imdlumt as imdlumt63_31_0_, itemmaster0_.imuom5 as imuom64_31_0_, itemmaster0_.imuom1 as imuom65_31_0_, itemmaster0_.imuom8 as imuom66_31_0_, itemmaster0_.imuom3 as imuom67_31_0_, itemmaster0_.imuom4 as imuom68_31_0_, itemmaster0_.imuom2 as imuom69_31_0_, itemmaster0_.imuom6 as imuom70_31_0_, itemmaster0_.imuoms as imuoms71_31_0_, itemmaster0_.imuomt as imuomt72_31_0_, itemmaster0_.imuomv as imuomv73_31_0_, itemmaster0_.imwcf as imwcf74_31_0_, itemmaster0_.imuomw as imuomw75_31_0_, itemmaster0_.imvict as imvict76_31_0_ from t4101 itemmaster0_ where itemmaster0_.iminum=?
2018-12-27 11:25:46.847  INFO 2120 --- [    Test worker] o.s.t.c.transaction.TransactionContext   : Rolled back transaction for test: [DefaultTestContext@51aeeb0f testClass = ItemMasterApiTest, testInstance = ags.goldenlionerp.apiTests.item.ItemMasterApiTest@de059a6, testMethod = updateTestWithPut@ApiTestBase, testException = [null], mergedContextConfiguration = [WebMergedContextConfiguration@533bfd24 testClass = ItemMasterApiTest, locations = '{}', classes = '{class ags.goldenlionerp.GoldenLionErpApplication}', contextInitializerClasses = '[]', activeProfiles = '{}', propertySourceLocations = '{classpath:test.properties}', propertySourceProperties = '{org.springframework.boot.test.context.SpringBootTestContextBootstrapper=true}', contextCustomizers = set[org.springframework.boot.test.autoconfigure.properties.PropertyMappingContextCustomizer@0, org.springframework.boot.test.autoconfigure.web.servlet.WebDriverContextCustomizerFactory$Customizer@636d731e, [ImportsContextCustomizer@7d81a130 key = [ags.goldenlionerp.apiTests.ApiTestBase$TestConfig]], org.springframework.boot.test.context.filter.ExcludeFilterContextCustomizer@6afa5291, org.springframework.boot.test.json.DuplicateJsonObjectContextCustomizerFactory$DuplicateJsonObjectContextCustomizer@20cebcb4, org.springframework.boot.test.mock.mockito.MockitoContextCustomizer@0, org.springframework.boot.test.web.client.TestRestTemplateContextCustomizer@49a32273], resourceBasePath = 'src/main/webapp', contextLoader = 'org.springframework.boot.test.context.SpringBootContextLoader', parent = [null]], attributes = map['org.springframework.test.context.web.ServletTestExecutionListener.activateListener' -> true, 'org.springframework.test.context.web.ServletTestExecutionListener.populatedRequestContextHolder' -> true, 'org.springframework.test.context.web.ServletTestExecutionListener.resetRequestContextHolder' -> true]]
2018-12-27 11:25:46.850  INFO 2120 --- [    Test worker] o.s.t.c.transaction.TransactionContext   : Began transaction (1) for test context [DefaultTestContext@51aeeb0f testClass = ItemMasterApiTest, testInstance = ags.goldenlionerp.apiTests.item.ItemMasterApiTest@202fc152, testMethod = getTestSingle@ApiTestBase, testException = [null], mergedContextConfiguration = [WebMergedContextConfiguration@533bfd24 testClass = ItemMasterApiTest, locations = '{}', classes = '{class ags.goldenlionerp.GoldenLionErpApplication}', contextInitializerClasses = '[]', activeProfiles = '{}', propertySourceLocations = '{classpath:test.properties}', propertySourceProperties = '{org.springframework.boot.test.context.SpringBootTestContextBootstrapper=true}', contextCustomizers = set[org.springframework.boot.test.autoconfigure.properties.PropertyMappingContextCustomizer@0, org.springframework.boot.test.autoconfigure.web.servlet.WebDriverContextCustomizerFactory$Customizer@636d731e, [ImportsContextCustomizer@7d81a130 key = [ags.goldenlionerp.apiTests.ApiTestBase$TestConfig]], org.springframework.boot.test.context.filter.ExcludeFilterContextCustomizer@6afa5291, org.springframework.boot.test.json.DuplicateJsonObjectContextCustomizerFactory$DuplicateJsonObjectContextCustomizer@20cebcb4, org.springframework.boot.test.mock.mockito.MockitoContextCustomizer@0, org.springframework.boot.test.web.client.TestRestTemplateContextCustomizer@49a32273], resourceBasePath = 'src/main/webapp', contextLoader = 'org.springframework.boot.test.context.SpringBootContextLoader', parent = [null]], attributes = map['org.springframework.test.context.web.ServletTestExecutionListener.activateListener' -> true, 'org.springframework.test.context.web.ServletTestExecutionListener.populatedRequestContextHolder' -> true, 'org.springframework.test.context.web.ServletTestExecutionListener.resetRequestContextHolder' -> true]]; transaction manager [org.springframework.orm.jpa.JpaTransactionManager@75de8c12]; rollback [true]
2018-12-27 11:25:46.850  INFO 2120 --- [    Test worker] o.s.b.t.m.w.SpringBootMockServletContext : Initializing Spring FrameworkServlet ''
2018-12-27 11:25:46.850  INFO 2120 --- [    Test worker] o.s.t.web.servlet.TestDispatcherServlet  : FrameworkServlet '': initialization started
2018-12-27 11:25:46.856  INFO 2120 --- [    Test worker] o.s.t.web.servlet.TestDispatcherServlet  : FrameworkServlet '': initialization completed in 5 ms
Hibernate: select itemmaster0_.iminum as iminum1_31_0_, itemmaster0_.imcid as imcid2_31_0_, itemmaster0_.imdtin as imdtin3_31_0_, itemmaster0_.imtmin as imtmin4_31_0_, itemmaster0_.imuid as imuid5_31_0_, itemmaster0_.imdtlu as imdtlu6_31_0_, itemmaster0_.imtmlu as imtmlu7_31_0_, itemmaster0_.imuidm as imuidm8_31_0_, itemmaster0_.iminumb as iminumb9_31_0_, itemmaster0_.imctm as imctm10_31_0_, itemmaster0_.imitc02 as imitc11_31_0_, itemmaster0_.imitc01 as imitc12_31_0_, itemmaster0_.imitc10 as imitc13_31_0_, itemmaster0_.imitc04 as imitc14_31_0_, itemmaster0_.imitc06 as imitc15_31_0_, itemmaster0_.imitc07 as imitc16_31_0_, itemmaster0_.imitc08 as imitc17_31_0_, itemmaster0_.imitc09 as imitc18_31_0_, itemmaster0_.imitc05 as imitc19_31_0_, itemmaster0_.imslrc0 as imslrc20_31_0_, itemmaster0_.imslrc1 as imslrc21_31_0_, itemmaster0_.imslrc2 as imslrc22_31_0_, itemmaster0_.imslrc3 as imslrc23_31_0_, itemmaster0_.imslrc4 as imslrc24_31_0_, itemmaster0_.imslrc5 as imslrc25_31_0_, itemmaster0_.imslrc6 as imslrc26_31_0_, itemmaster0_.imslrc7 as imslrc27_31_0_, itemmaster0_.imslrc8 as imslrc28_31_0_, itemmaster0_.imslrc9 as imslrc29_31_0_, itemmaster0_.imitc03 as imitc30_31_0_, itemmaster0_.imdesb1 as imdesb31_31_0_, itemmaster0_.imdesd1 as imdesd32_31_0_, itemmaster0_.imglcls as imglcls33_31_0_, itemmaster0_.imicl as imicl34_31_0_, itemmaster0_.imilc as imilc35_31_0_, itemmaster0_.iminums as iminums36_31_0_, itemmaster0_.imipg as imipg37_31_0_, itemmaster0_.imlsc as imlsc38_31_0_, itemmaster0_.imdaqc as imdaqc39_31_0_, itemmaster0_.imgscrt as imgscrt40_31_0_, itemmaster0_.imsiops as imsiops41_31_0_, itemmaster0_.imbpid as imbpid42_31_0_, itemmaster0_.imcsid as imcsid43_31_0_, itemmaster0_.imudf as imudf44_31_0_, itemmaster0_.impmmf as impmmf45_31_0_, itemmaster0_.imrbii as imrbii46_31_0_, itemmaster0_.imrbim as imrbim47_31_0_, itemmaster0_.imrbis as imrbis48_31_0_, itemmaster0_.imvnid as imvnid49_31_0_, itemmaster0_.imtaxpc as imtaxpc50_31_0_, itemmaster0_.imtaxsc as imtaxsc51_31_0_, itemmaster0_.iminump as iminump52_31_0_, itemmaster0_.implg as implg53_31_0_, itemmaster0_.imppl as imppl54_31_0_, itemmaster0_.imspl as imspl55_31_0_, itemmaster0_.imsnr as imsnr56_31_0_, itemmaster0_.imskty as imskty57_31_0_, itemmaster0_.imlnty as imlnty58_31_0_, itemmaster0_.imuom9 as imuom59_31_0_, itemmaster0_.imdppo as imdppo60_31_0_, itemmaster0_.imdlum as imdlum61_31_0_, itemmaster0_.imdlump as imdlump62_31_0_, itemmaster0_.imdlumt as imdlumt63_31_0_, itemmaster0_.imuom5 as imuom64_31_0_, itemmaster0_.imuom1 as imuom65_31_0_, itemmaster0_.imuom8 as imuom66_31_0_, itemmaster0_.imuom3 as imuom67_31_0_, itemmaster0_.imuom4 as imuom68_31_0_, itemmaster0_.imuom2 as imuom69_31_0_, itemmaster0_.imuom6 as imuom70_31_0_, itemmaster0_.imuoms as imuoms71_31_0_, itemmaster0_.imuomt as imuomt72_31_0_, itemmaster0_.imuomv as imuomv73_31_0_, itemmaster0_.imwcf as imwcf74_31_0_, itemmaster0_.imuomw as imuomw75_31_0_, itemmaster0_.imvict as imvict76_31_0_ from t4101 itemmaster0_ where itemmaster0_.iminum=?
2018-12-27 11:25:46.880  INFO 2120 --- [    Test worker] o.s.t.c.transaction.TransactionContext   : Rolled back transaction for test: [DefaultTestContext@51aeeb0f testClass = ItemMasterApiTest, testInstance = ags.goldenlionerp.apiTests.item.ItemMasterApiTest@202fc152, testMethod = getTestSingle@ApiTestBase, testException = [null], mergedContextConfiguration = [WebMergedContextConfiguration@533bfd24 testClass = ItemMasterApiTest, locations = '{}', classes = '{class ags.goldenlionerp.GoldenLionErpApplication}', contextInitializerClasses = '[]', activeProfiles = '{}', propertySourceLocations = '{classpath:test.properties}', propertySourceProperties = '{org.springframework.boot.test.context.SpringBootTestContextBootstrapper=true}', contextCustomizers = set[org.springframework.boot.test.autoconfigure.properties.PropertyMappingContextCustomizer@0, org.springframework.boot.test.autoconfigure.web.servlet.WebDriverContextCustomizerFactory$Customizer@636d731e, [ImportsContextCustomizer@7d81a130 key = [ags.goldenlionerp.apiTests.ApiTestBase$TestConfig]], org.springframework.boot.test.context.filter.ExcludeFilterContextCustomizer@6afa5291, org.springframework.boot.test.json.DuplicateJsonObjectContextCustomizerFactory$DuplicateJsonObjectContextCustomizer@20cebcb4, org.springframework.boot.test.mock.mockito.MockitoContextCustomizer@0, org.springframework.boot.test.web.client.TestRestTemplateContextCustomizer@49a32273], resourceBasePath = 'src/main/webapp', contextLoader = 'org.springframework.boot.test.context.SpringBootContextLoader', parent = [null]], attributes = map['org.springframework.test.context.web.ServletTestExecutionListener.activateListener' -> true, 'org.springframework.test.context.web.ServletTestExecutionListener.populatedRequestContextHolder' -> true, 'org.springframework.test.context.web.ServletTestExecutionListener.resetRequestContextHolder' -> true]]
2018-12-27 11:25:46.883  INFO 2120 --- [    Test worker] o.s.t.c.transaction.TransactionContext   : Began transaction (1) for test context [DefaultTestContext@51aeeb0f testClass = ItemMasterApiTest, testInstance = ags.goldenlionerp.apiTests.item.ItemMasterApiTest@309c7a54, testMethod = getTestCollection@ApiTestBase, testException = [null], mergedContextConfiguration = [WebMergedContextConfiguration@533bfd24 testClass = ItemMasterApiTest, locations = '{}', classes = '{class ags.goldenlionerp.GoldenLionErpApplication}', contextInitializerClasses = '[]', activeProfiles = '{}', propertySourceLocations = '{classpath:test.properties}', propertySourceProperties = '{org.springframework.boot.test.context.SpringBootTestContextBootstrapper=true}', contextCustomizers = set[org.springframework.boot.test.autoconfigure.properties.PropertyMappingContextCustomizer@0, org.springframework.boot.test.autoconfigure.web.servlet.WebDriverContextCustomizerFactory$Customizer@636d731e, [ImportsContextCustomizer@7d81a130 key = [ags.goldenlionerp.apiTests.ApiTestBase$TestConfig]], org.springframework.boot.test.context.filter.ExcludeFilterContextCustomizer@6afa5291, org.springframework.boot.test.json.DuplicateJsonObjectContextCustomizerFactory$DuplicateJsonObjectContextCustomizer@20cebcb4, org.springframework.boot.test.mock.mockito.MockitoContextCustomizer@0, org.springframework.boot.test.web.client.TestRestTemplateContextCustomizer@49a32273], resourceBasePath = 'src/main/webapp', contextLoader = 'org.springframework.boot.test.context.SpringBootContextLoader', parent = [null]], attributes = map['org.springframework.test.context.web.ServletTestExecutionListener.activateListener' -> true, 'org.springframework.test.context.web.ServletTestExecutionListener.populatedRequestContextHolder' -> true, 'org.springframework.test.context.web.ServletTestExecutionListener.resetRequestContextHolder' -> true]]; transaction manager [org.springframework.orm.jpa.JpaTransactionManager@75de8c12]; rollback [true]
2018-12-27 11:25:46.884  INFO 2120 --- [    Test worker] o.s.b.t.m.w.SpringBootMockServletContext : Initializing Spring FrameworkServlet ''
2018-12-27 11:25:46.885  INFO 2120 --- [    Test worker] o.s.t.web.servlet.TestDispatcherServlet  : FrameworkServlet '': initialization started
2018-12-27 11:25:46.894  INFO 2120 --- [    Test worker] o.s.t.web.servlet.TestDispatcherServlet  : FrameworkServlet '': initialization completed in 9 ms
Hibernate: select TOP(?) itemmaster0_.iminum as iminum1_31_, itemmaster0_.imcid as imcid2_31_, itemmaster0_.imdtin as imdtin3_31_, itemmaster0_.imtmin as imtmin4_31_, itemmaster0_.imuid as imuid5_31_, itemmaster0_.imdtlu as imdtlu6_31_, itemmaster0_.imtmlu as imtmlu7_31_, itemmaster0_.imuidm as imuidm8_31_, itemmaster0_.iminumb as iminumb9_31_, itemmaster0_.imctm as imctm10_31_, itemmaster0_.imitc02 as imitc11_31_, itemmaster0_.imitc01 as imitc12_31_, itemmaster0_.imitc10 as imitc13_31_, itemmaster0_.imitc04 as imitc14_31_, itemmaster0_.imitc06 as imitc15_31_, itemmaster0_.imitc07 as imitc16_31_, itemmaster0_.imitc08 as imitc17_31_, itemmaster0_.imitc09 as imitc18_31_, itemmaster0_.imitc05 as imitc19_31_, itemmaster0_.imslrc0 as imslrc20_31_, itemmaster0_.imslrc1 as imslrc21_31_, itemmaster0_.imslrc2 as imslrc22_31_, itemmaster0_.imslrc3 as imslrc23_31_, itemmaster0_.imslrc4 as imslrc24_31_, itemmaster0_.imslrc5 as imslrc25_31_, itemmaster0_.imslrc6 as imslrc26_31_, itemmaster0_.imslrc7 as imslrc27_31_, itemmaster0_.imslrc8 as imslrc28_31_, itemmaster0_.imslrc9 as imslrc29_31_, itemmaster0_.imitc03 as imitc30_31_, itemmaster0_.imdesb1 as imdesb31_31_, itemmaster0_.imdesd1 as imdesd32_31_, itemmaster0_.imglcls as imglcls33_31_, itemmaster0_.imicl as imicl34_31_, itemmaster0_.imilc as imilc35_31_, itemmaster0_.iminums as iminums36_31_, itemmaster0_.imipg as imipg37_31_, itemmaster0_.imlsc as imlsc38_31_, itemmaster0_.imdaqc as imdaqc39_31_, itemmaster0_.imgscrt as imgscrt40_31_, itemmaster0_.imsiops as imsiops41_31_, itemmaster0_.imbpid as imbpid42_31_, itemmaster0_.imcsid as imcsid43_31_, itemmaster0_.imudf as imudf44_31_, itemmaster0_.impmmf as impmmf45_31_, itemmaster0_.imrbii as imrbii46_31_, itemmaster0_.imrbim as imrbim47_31_, itemmaster0_.imrbis as imrbis48_31_, itemmaster0_.imvnid as imvnid49_31_, itemmaster0_.imtaxpc as imtaxpc50_31_, itemmaster0_.imtaxsc as imtaxsc51_31_, itemmaster0_.iminump as iminump52_31_, itemmaster0_.implg as implg53_31_, itemmaster0_.imppl as imppl54_31_, itemmaster0_.imspl as imspl55_31_, itemmaster0_.imsnr as imsnr56_31_, itemmaster0_.imskty as imskty57_31_, itemmaster0_.imlnty as imlnty58_31_, itemmaster0_.imuom9 as imuom59_31_, itemmaster0_.imdppo as imdppo60_31_, itemmaster0_.imdlum as imdlum61_31_, itemmaster0_.imdlump as imdlump62_31_, itemmaster0_.imdlumt as imdlumt63_31_, itemmaster0_.imuom5 as imuom64_31_, itemmaster0_.imuom1 as imuom65_31_, itemmaster0_.imuom8 as imuom66_31_, itemmaster0_.imuom3 as imuom67_31_, itemmaster0_.imuom4 as imuom68_31_, itemmaster0_.imuom2 as imuom69_31_, itemmaster0_.imuom6 as imuom70_31_, itemmaster0_.imuoms as imuoms71_31_, itemmaster0_.imuomt as imuomt72_31_, itemmaster0_.imuomv as imuomv73_31_, itemmaster0_.imwcf as imwcf74_31_, itemmaster0_.imuomw as imuomw75_31_, itemmaster0_.imvict as imvict76_31_ from t4101 itemmaster0_
Hibernate: select count(itemmaster0_.iminum) as col_0_0_ from t4101 itemmaster0_

MockHttpServletRequest:
      HTTP Method = GET
      Request URI = /api/items/
       Parameters = {}
          Headers = {Accept=[application/json]}
             Body = <no character encoding set>
    Session Attrs = {org.springframework.security.web.csrf.HttpSessionCsrfTokenRepository.CSRF_TOKEN=org.springframework.security.web.csrf.DefaultCsrfToken@3ef2627c, SPRING_SECURITY_CONTEXT=org.springframework.security.core.context.SecurityContextImpl@475fcd89: Authentication: org.springframework.security.authentication.UsernamePasswordAuthenticationToken@475fcd89: Principal: org.springframework.security.core.userdetails.User@f02988d6: Username: username; Password: [PROTECTED]; Enabled: true; AccountNonExpired: true; credentialsNonExpired: true; AccountNonLocked: true; Not granted any authorities; Credentials: [PROTECTED]; Authenticated: true; Details: null; Not granted any authorities}

Handler:
             Type = org.springframework.data.rest.webmvc.RepositoryEntityController
           Method = public org.springframework.hateoas.Resources<?> org.springframework.data.rest.webmvc.RepositoryEntityController.getCollectionResource(org.springframework.data.rest.webmvc.RootResourceInformation,org.springframework.data.rest.webmvc.support.DefaultedPageable,org.springframework.data.domain.Sort,org.springframework.data.rest.webmvc.PersistentEntityResourceAssembler) throws org.springframework.data.rest.webmvc.ResourceNotFoundException,org.springframework.web.HttpRequestMethodNotSupportedException

Async:
    Async started = false
     Async result = null

Resolved Exception:
             Type = null

ModelAndView:
        View name = null
             View = null
            Model = null

FlashMap:
       Attributes = null

MockHttpServletResponse:
           Status = 200
    Error message = null
          Headers = {Content-Type=[application/json;charset=UTF-8], X-Content-Type-Options=[nosniff], X-XSS-Protection=[1; mode=block], Cache-Control=[no-cache, no-store, max-age=0, must-revalidate], Pragma=[no-cache], Expires=[0], X-Frame-Options=[DENY]}
     Content type = application/json;charset=UTF-8
             Body = {
  "_embedded" : {
    "items" : [ {
      "inputUserId" : "QSA",
      "lastUpdateUserId" : "ERWIN",
      "computerId" : "AYOOKLIK",
      "lastSynchronizedDate" : null,
      "lastTransactionDate" : null,
      "itemCode" : "ACC.APC-AR2400FP1",
      "barcode" : "ACC.APC-AR2400FP1",
      "itemCodeShort" : 1,
      "description" : "APC Rack Server NetShelter SV 42U",
      "descriptionLong" : "APC Rack Server NetShelter SV 42U",
      "stockingType" : "P",
      "glClass" : "INFG",
      "transactionType" : "S",
      "inventoryCostLevel" : "2",
      "salesPriceLevel" : "2",
      "purchasingPriceLevel" : "3",
      "commitmentMethod" : "2",
      "inventoryLotCreation" : false,
      "serialNumberRequired" : false,
      "lotStatusCode" : "",
      "itemPriceGroup" : "",
      "printerLocationGroup" : "",
      "variantItemControlType" : "",
      "parentItemNumber" : "",
      "unitsOfMeasure" : {
        "primaryUnitOfMeasure" : "UNT",
        "secondaryUnitOfMeasure" : "UNT",
        "purchasingUnitOfMeasure" : "UNT",
        "salesUnitOfMeasure" : "UNT",
        "priceUnitOfMeasure" : "UNT",
        "shippingUnitOfMeasure" : "UNT",
        "productionUnitOfMeasure" : "UNT",
        "componentUnitOfMeasure" : "UNT",
        "volumeUnitOfMeasure" : "UNT",
        "stockedUnitOfMeasure" : "UNT",
        "timeUnitOfMeasure" : "UNT",
        "weightUnitOfMeasure" : "UNT",
        "weightConversionFactor" : 0E-9,
        "dualQuantityUnitOfMeasure" : false,
        "dualPickingProcessOption" : false,
        "dualQuantityUnitOfMeasureTolerance" : false,
        "dualQuantityUnitOfMeasurePercentage" : 0E-15
      },
      "parameters" : {
        "discountFactor" : 0E-15,
        "profitMarginMinimumFactor" : 0E-15,
        "taxOnSalesCode" : "",
        "taxOnPurchaseCode" : "",
        "branchPlantId" : "",
        "customerId" : "",
        "supplierId" : "",
        "rankByInventorySales" : "",
        "rankByInventoryMargin" : "",
        "rankByInventoryInvestment" : "",
        "serviceChargeRate" : 0E-15,
        "disableAutoQtyCombine" : false,
        "showItemOnPosScreen" : false
      },
      "dataGroups" : {
        "categoryCode" : "INV",
        "brandCode" : "APC",
        "typeCode" : "AKSESORIS",
        "categoryCode4" : "",
        "landedCostRule" : "",
        "categoryCode6" : "",
        "categoryCode7" : "",
        "categoryCode8" : "",
        "categoryCode9" : "",
        "categoryCode10" : "",
        "salesReportingCode1" : "",
        "salesReportingCode2" : "",
        "salesReportingCode3" : "",
        "salesReportingCode4" : "",
        "salesReportingCode5" : "",
        "salesReportingCode6" : "",
        "salesReportingCode7" : "",
        "salesReportingCode8" : "",
        "salesReportingCode9" : "",
        "salesReportingCode0" : ""
      },
      "lastUpdateDateTime" : "2018-02-05T17:17:19",
      "inputDateTime" : "2017-10-30T00:00:00",
      "_links" : {
        "self" : {
          "href" : "http://localhost/api/items/ACC.APC-AR2400FP1"
        },
        "itemMaster" : {
          "href" : "http://localhost/api/items/ACC.APC-AR2400FP1"
        },
        "itemBranchInfos" : {
          "href" : "http://localhost/api/items/ACC.APC-AR2400FP1/itemBranchInfos"
        },
        "lots" : {
          "href" : "http://localhost/api/items/ACC.APC-AR2400FP1/lots"
        },
        "itemLocations" : {
          "href" : "http://localhost/api/items/ACC.APC-AR2400FP1/itemLocations"
        }
      }
    }, {
      "inputUserId" : "ANTHONI",
      "lastUpdateUserId" : "ANTHONI",
      "computerId" : "DESKTOP-9TRIRBU",
      "lastSynchronizedDate" : null,
      "lastTransactionDate" : null,
      "itemCode" : "ACC.BATERAI - CMOS\t\t\t",
      "barcode" : "ACC.BATERAI - CMOS\t\t\t",
      "itemCodeShort" : 82,
      "description" : "Baterai Bios CMOS\t\t\t\t\t",
      "descriptionLong" : "Baterai Bios CMOS\t\t\t\t\t",
      "stockingType" : "P",
      "glClass" : "INFG",
      "transactionType" : "S",
      "inventoryCostLevel" : "2",
      "salesPriceLevel" : "2",
      "purchasingPriceLevel" : "3",
      "commitmentMethod" : "2",
      "inventoryLotCreation" : false,
      "serialNumberRequired" : false,
      "lotStatusCode" : "",
      "itemPriceGroup" : "",
      "printerLocationGroup" : "",
      "variantItemControlType" : "",
      "parentItemNumber" : "",
      "unitsOfMeasure" : {
        "primaryUnitOfMeasure" : "UNT",
        "secondaryUnitOfMeasure" : "UNT",
        "purchasingUnitOfMeasure" : "UNT",
        "salesUnitOfMeasure" : "UNT",
        "priceUnitOfMeasure" : "UNT",
        "shippingUnitOfMeasure" : "UNT",
        "productionUnitOfMeasure" : "UNT",
        "componentUnitOfMeasure" : "UNT",
        "volumeUnitOfMeasure" : "UNT",
        "stockedUnitOfMeasure" : "UNT",
        "timeUnitOfMeasure" : "UNT",
        "weightUnitOfMeasure" : "UNT",
        "weightConversionFactor" : 0E-9,
        "dualQuantityUnitOfMeasure" : false,
        "dualPickingProcessOption" : false,
        "dualQuantityUnitOfMeasureTolerance" : false,
        "dualQuantityUnitOfMeasurePercentage" : 0E-15
      },
      "parameters" : {
        "discountFactor" : 0E-15,
        "profitMarginMinimumFactor" : 0E-15,
        "taxOnSalesCode" : "",
        "taxOnPurchaseCode" : "",
        "branchPlantId" : "",
        "customerId" : "",
        "supplierId" : "",
        "rankByInventorySales" : "",
        "rankByInventoryMargin" : "",
        "rankByInventoryInvestment" : "",
        "serviceChargeRate" : 0E-15,
        "disableAutoQtyCombine" : false,
        "showItemOnPosScreen" : false
      },
      "dataGroups" : {
        "categoryCode" : "INV",
        "brandCode" : "ACC",
        "typeCode" : "AKSESORIS",
        "categoryCode4" : "",
        "landedCostRule" : "",
        "categoryCode6" : "",
        "categoryCode7" : "",
        "categoryCode8" : "",
        "categoryCode9" : "",
        "categoryCode10" : "",
        "salesReportingCode1" : "",
        "salesReportingCode2" : "",
        "salesReportingCode3" : "",
        "salesReportingCode4" : "",
        "salesReportingCode5" : "",
        "salesReportingCode6" : "",
        "salesReportingCode7" : "",
        "salesReportingCode8" : "",
        "salesReportingCode9" : "",
        "salesReportingCode0" : ""
      },
      "lastUpdateDateTime" : "2018-02-12T13:51:22",
      "inputDateTime" : "2018-02-12T13:51:22",
      "_links" : {
        "self" : {
          "href" : "http://localhost/api/items/ACC.BATERAI_-_CMOS_t_t_t"
        },
        "itemMaster" : {
          "href" : "http://localhost/api/items/ACC.BATERAI_-_CMOS_t_t_t"
        },
        "itemBranchInfos" : {
          "href" : "http://localhost/api/items/ACC.BATERAI_-_CMOS_t_t_t/itemBranchInfos"
        },
        "lots" : {
          "href" : "http://localhost/api/items/ACC.BATERAI_-_CMOS_t_t_t/lots"
        },
        "itemLocations" : {
          "href" : "http://localhost/api/items/ACC.BATERAI_-_CMOS_t_t_t/itemLocations"
        }
      }
    }, {
      "inputUserId" : "QSA",
      "lastUpdateUserId" : "QSA",
      "computerId" : "LAPTOP-FHFRCCL6",
      "lastSynchronizedDate" : null,
      "lastTransactionDate" : null,
      "itemCode" : "ACC.BROTHER-LT6505",
      "barcode" : "ACC.BROTHER-LT6505",
      "itemCodeShort" : 2,
      "description" : "Brother Optional Paper Tray 520 Sheet White",
      "descriptionLong" : "Brother Optional Paper Tray 520 Sheet White for HL L6400DW/MFC L6900DW",
      "stockingType" : "P",
      "glClass" : "INFG",
      "transactionType" : "S",
      "inventoryCostLevel" : "2",
      "salesPriceLevel" : "2",
      "purchasingPriceLevel" : "3",
      "commitmentMethod" : "2",
      "inventoryLotCreation" : false,
      "serialNumberRequired" : true,
      "lotStatusCode" : "",
      "itemPriceGroup" : "",
      "printerLocationGroup" : "",
      "variantItemControlType" : "",
      "parentItemNumber" : "",
      "unitsOfMeasure" : {
        "primaryUnitOfMeasure" : "UNT",
        "secondaryUnitOfMeasure" : "UNT",
        "purchasingUnitOfMeasure" : "UNT",
        "salesUnitOfMeasure" : "UNT",
        "priceUnitOfMeasure" : "UNT",
        "shippingUnitOfMeasure" : "UNT",
        "productionUnitOfMeasure" : "UNT",
        "componentUnitOfMeasure" : "UNT",
        "volumeUnitOfMeasure" : "UNT",
        "stockedUnitOfMeasure" : "UNT",
        "timeUnitOfMeasure" : "UNT",
        "weightUnitOfMeasure" : "UNT",
        "weightConversionFactor" : 0E-9,
        "dualQuantityUnitOfMeasure" : false,
        "dualPickingProcessOption" : false,
        "dualQuantityUnitOfMeasureTolerance" : false,
        "dualQuantityUnitOfMeasurePercentage" : 0E-15
      },
      "parameters" : {
        "discountFactor" : 0E-15,
        "profitMarginMinimumFactor" : 0E-15,
        "taxOnSalesCode" : "",
        "taxOnPurchaseCode" : "",
        "branchPlantId" : "",
        "customerId" : "",
        "supplierId" : "",
        "rankByInventorySales" : "",
        "rankByInventoryMargin" : "",
        "rankByInventoryInvestment" : "",
        "serviceChargeRate" : 0E-15,
        "disableAutoQtyCombine" : false,
        "showItemOnPosScreen" : false
      },
      "dataGroups" : {
        "categoryCode" : "INV",
        "brandCode" : "BROTHER",
        "typeCode" : "AKSESORIS",
        "categoryCode4" : "",
        "landedCostRule" : "",
        "categoryCode6" : "",
        "categoryCode7" : "",
        "categoryCode8" : "",
        "categoryCode9" : "",
        "categoryCode10" : "",
        "salesReportingCode1" : "",
        "salesReportingCode2" : "",
        "salesReportingCode3" : "",
        "salesReportingCode4" : "",
        "salesReportingCode5" : "",
        "salesReportingCode6" : "",
        "salesReportingCode7" : "",
        "salesReportingCode8" : "",
        "salesReportingCode9" : "",
        "salesReportingCode0" : ""
      },
      "lastUpdateDateTime" : "2018-10-26T14:57:47",
      "inputDateTime" : "2017-10-30T00:00:00",
      "_links" : {
        "self" : {
          "href" : "http://localhost/api/items/ACC.BROTHER-LT6505"
        },
        "itemMaster" : {
          "href" : "http://localhost/api/items/ACC.BROTHER-LT6505"
        },
        "itemBranchInfos" : {
          "href" : "http://localhost/api/items/ACC.BROTHER-LT6505/itemBranchInfos"
        },
        "lots" : {
          "href" : "http://localhost/api/items/ACC.BROTHER-LT6505/lots"
        },
        "itemLocations" : {
          "href" : "http://localhost/api/items/ACC.BROTHER-LT6505/itemLocations"
        }
      }
    }, {
      "inputUserId" : "QSA",
      "lastUpdateUserId" : "ANTHONI",
      "computerId" : "DESKTOP-09OGK1M",
      "lastSynchronizedDate" : null,
      "lastTransactionDate" : null,
      "itemCode" : "ACC.BROTHER-MX4000",
      "barcode" : "ACC.BROTHER-MX4000",
      "itemCodeShort" : 3,
      "description" : "Brother Optional Mailbox for HL L6400DW",
      "descriptionLong" : "Brother Optional Mailbox for HL L6400DW",
      "stockingType" : "P",
      "glClass" : "INFG",
      "transactionType" : "S",
      "inventoryCostLevel" : "2",
      "salesPriceLevel" : "2",
      "purchasingPriceLevel" : "3",
      "commitmentMethod" : "2",
      "inventoryLotCreation" : false,
      "serialNumberRequired" : false,
      "lotStatusCode" : "N",
      "itemPriceGroup" : "",
      "printerLocationGroup" : "",
      "variantItemControlType" : "",
      "parentItemNumber" : "",
      "unitsOfMeasure" : {
        "primaryUnitOfMeasure" : "UNT",
        "secondaryUnitOfMeasure" : "UNT",
        "purchasingUnitOfMeasure" : "UNT",
        "salesUnitOfMeasure" : "UNT",
        "priceUnitOfMeasure" : "UNT",
        "shippingUnitOfMeasure" : "UNT",
        "productionUnitOfMeasure" : "UNT",
        "componentUnitOfMeasure" : "UNT",
        "volumeUnitOfMeasure" : "UNT",
        "stockedUnitOfMeasure" : "UNT",
        "timeUnitOfMeasure" : "UNT",
        "weightUnitOfMeasure" : "UNT",
        "weightConversionFactor" : 0E-9,
        "dualQuantityUnitOfMeasure" : false,
        "dualPickingProcessOption" : false,
        "dualQuantityUnitOfMeasureTolerance" : false,
        "dualQuantityUnitOfMeasurePercentage" : 0E-15
      },
      "parameters" : {
        "discountFactor" : 0E-15,
        "profitMarginMinimumFactor" : 0E-15,
        "taxOnSalesCode" : "",
        "taxOnPurchaseCode" : "",
        "branchPlantId" : "",
        "customerId" : "",
        "supplierId" : "",
        "rankByInventorySales" : "",
        "rankByInventoryMargin" : "",
        "rankByInventoryInvestment" : "",
        "serviceChargeRate" : 0E-15,
        "disableAutoQtyCombine" : false,
        "showItemOnPosScreen" : false
      },
      "dataGroups" : {
        "categoryCode" : "INV",
        "brandCode" : "BROTHER",
        "typeCode" : "AKSESORIS",
        "categoryCode4" : "",
        "landedCostRule" : "",
        "categoryCode6" : "",
        "categoryCode7" : "",
        "categoryCode8" : "",
        "categoryCode9" : "",
        "categoryCode10" : "",
        "salesReportingCode1" : "",
        "salesReportingCode2" : "",
        "salesReportingCode3" : "",
        "salesReportingCode4" : "",
        "salesReportingCode5" : "",
        "salesReportingCode6" : "",
        "salesReportingCode7" : "",
        "salesReportingCode8" : "",
        "salesReportingCode9" : "",
        "salesReportingCode0" : ""
      },
      "lastUpdateDateTime" : "2018-03-24T14:34:05",
      "inputDateTime" : "2017-10-30T00:00:00",
      "_links" : {
        "self" : {
          "href" : "http://localhost/api/items/ACC.BROTHER-MX4000"
        },
        "itemMaster" : {
          "href" : "http://localhost/api/items/ACC.BROTHER-MX4000"
        },
        "itemBranchInfos" : {
          "href" : "http://localhost/api/items/ACC.BROTHER-MX4000/itemBranchInfos"
        },
        "lots" : {
          "href" : "http://localhost/api/items/ACC.BROTHER-MX4000/lots"
        },
        "itemLocations" : {
          "href" : "http://localhost/api/items/ACC.BROTHER-MX4000/itemLocations"
        }
      }
    }, {
      "inputUserId" : "QSA",
      "lastUpdateUserId" : "ANTHONI",
      "computerId" : "DESKTOP-09OGK1M",
      "lastSynchronizedDate" : null,
      "lastTransactionDate" : null,
      "itemCode" : "ACC.BROTHER-TT4000",
      "barcode" : "ACC.BROTHER-TT4000",
      "itemCodeShort" : 4,
      "description" : "Brother Optional Tower Paper Tray 520 Sheetx4 + Stabilizer White",
      "descriptionLong" : "Brother Optional Tower Paper Tray 520 Sheetx4 + Stabilizer White For HL L6400DW/MFC L6900DW",
      "stockingType" : "P",
      "glClass" : "INFG",
      "transactionType" : "S",
      "inventoryCostLevel" : "2",
      "salesPriceLevel" : "2",
      "purchasingPriceLevel" : "3",
      "commitmentMethod" : "2",
      "inventoryLotCreation" : false,
      "serialNumberRequired" : false,
      "lotStatusCode" : "N",
      "itemPriceGroup" : "",
      "printerLocationGroup" : "",
      "variantItemControlType" : "",
      "parentItemNumber" : "",
      "unitsOfMeasure" : {
        "primaryUnitOfMeasure" : "UNT",
        "secondaryUnitOfMeasure" : "UNT",
        "purchasingUnitOfMeasure" : "UNT",
        "salesUnitOfMeasure" : "UNT",
        "priceUnitOfMeasure" : "UNT",
        "shippingUnitOfMeasure" : "UNT",
        "productionUnitOfMeasure" : "UNT",
        "componentUnitOfMeasure" : "UNT",
        "volumeUnitOfMeasure" : "UNT",
        "stockedUnitOfMeasure" : "UNT",
        "timeUnitOfMeasure" : "UNT",
        "weightUnitOfMeasure" : "UNT",
        "weightConversionFactor" : 0E-9,
        "dualQuantityUnitOfMeasure" : false,
        "dualPickingProcessOption" : false,
        "dualQuantityUnitOfMeasureTolerance" : false,
        "dualQuantityUnitOfMeasurePercentage" : 0E-15
      },
      "parameters" : {
        "discountFactor" : 0E-15,
        "profitMarginMinimumFactor" : 0E-15,
        "taxOnSalesCode" : "",
        "taxOnPurchaseCode" : "",
        "branchPlantId" : "",
        "customerId" : "",
        "supplierId" : "",
        "rankByInventorySales" : "",
        "rankByInventoryMargin" : "",
        "rankByInventoryInvestment" : "",
        "serviceChargeRate" : 0E-15,
        "disableAutoQtyCombine" : false,
        "showItemOnPosScreen" : false
      },
      "dataGroups" : {
        "categoryCode" : "INV",
        "brandCode" : "BROTHER",
        "typeCode" : "AKSESORIS",
        "categoryCode4" : "",
        "landedCostRule" : "",
        "categoryCode6" : "",
        "categoryCode7" : "",
        "categoryCode8" : "",
        "categoryCode9" : "",
        "categoryCode10" : "",
        "salesReportingCode1" : "",
        "salesReportingCode2" : "",
        "salesReportingCode3" : "",
        "salesReportingCode4" : "",
        "salesReportingCode5" : "",
        "salesReportingCode6" : "",
        "salesReportingCode7" : "",
        "salesReportingCode8" : "",
        "salesReportingCode9" : "",
        "salesReportingCode0" : ""
      },
      "lastUpdateDateTime" : "2018-03-24T14:34:18",
      "inputDateTime" : "2017-10-30T00:00:00",
      "_links" : {
        "self" : {
          "href" : "http://localhost/api/items/ACC.BROTHER-TT4000"
        },
        "itemMaster" : {
          "href" : "http://localhost/api/items/ACC.BROTHER-TT4000"
        },
        "itemBranchInfos" : {
          "href" : "http://localhost/api/items/ACC.BROTHER-TT4000/itemBranchInfos"
        },
        "lots" : {
          "href" : "http://localhost/api/items/ACC.BROTHER-TT4000/lots"
        },
        "itemLocations" : {
          "href" : "http://localhost/api/items/ACC.BROTHER-TT4000/itemLocations"
        }
      }
    }, {
      "inputUserId" : "QSA",
      "lastUpdateUserId" : "QSA",
      "computerId" : "GLSERVER01",
      "lastSynchronizedDate" : null,
      "lastTransactionDate" : null,
      "itemCode" : "ACC.CD-CDBLANK",
      "barcode" : "ACC.CD-CDBLANK",
      "itemCodeShort" : 5,
      "description" : "CD Blank/RW",
      "descriptionLong" : "CD Blank/RW",
      "stockingType" : "P",
      "glClass" : "INFG",
      "transactionType" : "S",
      "inventoryCostLevel" : "2",
      "salesPriceLevel" : "2",
      "purchasingPriceLevel" : "3",
      "commitmentMethod" : "2",
      "inventoryLotCreation" : false,
      "serialNumberRequired" : false,
      "lotStatusCode" : "",
      "itemPriceGroup" : "",
      "printerLocationGroup" : "",
      "variantItemControlType" : "",
      "parentItemNumber" : "",
      "unitsOfMeasure" : {
        "primaryUnitOfMeasure" : "PCS",
        "secondaryUnitOfMeasure" : "PCS",
        "purchasingUnitOfMeasure" : "PCS",
        "salesUnitOfMeasure" : "PCS",
        "priceUnitOfMeasure" : "PCS",
        "shippingUnitOfMeasure" : "PCS",
        "productionUnitOfMeasure" : "PCS",
        "componentUnitOfMeasure" : "PCS",
        "volumeUnitOfMeasure" : "PCS",
        "stockedUnitOfMeasure" : "PCS",
        "timeUnitOfMeasure" : "PCS",
        "weightUnitOfMeasure" : "PCS",
        "weightConversionFactor" : 0E-9,
        "dualQuantityUnitOfMeasure" : false,
        "dualPickingProcessOption" : false,
        "dualQuantityUnitOfMeasureTolerance" : false,
        "dualQuantityUnitOfMeasurePercentage" : 0E-15
      },
      "parameters" : {
        "discountFactor" : 0E-15,
        "profitMarginMinimumFactor" : 0E-15,
        "taxOnSalesCode" : "",
        "taxOnPurchaseCode" : "",
        "branchPlantId" : "",
        "customerId" : "",
        "supplierId" : "",
        "rankByInventorySales" : "",
        "rankByInventoryMargin" : "",
        "rankByInventoryInvestment" : "",
        "serviceChargeRate" : 0E-15,
        "disableAutoQtyCombine" : false,
        "showItemOnPosScreen" : false
      },
      "dataGroups" : {
        "categoryCode" : "INV",
        "brandCode" : "NOBRAND",
        "typeCode" : "AKSESORIS",
        "categoryCode4" : "",
        "landedCostRule" : "",
        "categoryCode6" : "",
        "categoryCode7" : "",
        "categoryCode8" : "",
        "categoryCode9" : "",
        "categoryCode10" : "",
        "salesReportingCode1" : "",
        "salesReportingCode2" : "",
        "salesReportingCode3" : "",
        "salesReportingCode4" : "",
        "salesReportingCode5" : "",
        "salesReportingCode6" : "",
        "salesReportingCode7" : "",
        "salesReportingCode8" : "",
        "salesReportingCode9" : "",
        "salesReportingCode0" : ""
      },
      "lastUpdateDateTime" : "2017-10-30T00:00:00",
      "inputDateTime" : "2017-10-30T00:00:00",
      "_links" : {
        "self" : {
          "href" : "http://localhost/api/items/ACC.CD-CDBLANK"
        },
        "itemMaster" : {
          "href" : "http://localhost/api/items/ACC.CD-CDBLANK"
        },
        "itemBranchInfos" : {
          "href" : "http://localhost/api/items/ACC.CD-CDBLANK/itemBranchInfos"
        },
        "lots" : {
          "href" : "http://localhost/api/items/ACC.CD-CDBLANK/lots"
        },
        "itemLocations" : {
          "href" : "http://localhost/api/items/ACC.CD-CDBLANK/itemLocations"
        }
      }
    }, {
      "inputUserId" : "ANTHONI",
      "lastUpdateUserId" : "ANTHONI",
      "computerId" : "DESKTOP-9TRIRBU",
      "lastSynchronizedDate" : null,
      "lastTransactionDate" : null,
      "itemCode" : "ACC.CHARGER-CHARGER",
      "barcode" : "ACC.CHARGER-CHARGER",
      "itemCodeShort" : 20,
      "description" : "Charger Universal",
      "descriptionLong" : "Charger Universal",
      "stockingType" : "P",
      "glClass" : "INFG",
      "transactionType" : "S",
      "inventoryCostLevel" : "2",
      "salesPriceLevel" : "2",
      "purchasingPriceLevel" : "3",
      "commitmentMethod" : "2",
      "inventoryLotCreation" : false,
      "serialNumberRequired" : false,
      "lotStatusCode" : "",
      "itemPriceGroup" : "",
      "printerLocationGroup" : "",
      "variantItemControlType" : "",
      "parentItemNumber" : "",
      "unitsOfMeasure" : {
        "primaryUnitOfMeasure" : "UNT",
        "secondaryUnitOfMeasure" : "UNT",
        "purchasingUnitOfMeasure" : "UNT",
        "salesUnitOfMeasure" : "UNT",
        "priceUnitOfMeasure" : "UNT",
        "shippingUnitOfMeasure" : "UNT",
        "productionUnitOfMeasure" : "UNT",
        "componentUnitOfMeasure" : "UNT",
        "volumeUnitOfMeasure" : "UNT",
        "stockedUnitOfMeasure" : "UNT",
        "timeUnitOfMeasure" : "UNT",
        "weightUnitOfMeasure" : "UNT",
        "weightConversionFactor" : 0E-9,
        "dualQuantityUnitOfMeasure" : false,
        "dualPickingProcessOption" : false,
        "dualQuantityUnitOfMeasureTolerance" : false,
        "dualQuantityUnitOfMeasurePercentage" : 0E-15
      },
      "parameters" : {
        "discountFactor" : 0E-15,
        "profitMarginMinimumFactor" : 0E-15,
        "taxOnSalesCode" : "",
        "taxOnPurchaseCode" : "",
        "branchPlantId" : "",
        "customerId" : "",
        "supplierId" : "",
        "rankByInventorySales" : "",
        "rankByInventoryMargin" : "",
        "rankByInventoryInvestment" : "",
        "serviceChargeRate" : 0E-15,
        "disableAutoQtyCombine" : false,
        "showItemOnPosScreen" : false
      },
      "dataGroups" : {
        "categoryCode" : "INV",
        "brandCode" : "ACC",
        "typeCode" : "CHARGER",
        "categoryCode4" : "",
        "landedCostRule" : "",
        "categoryCode6" : "",
        "categoryCode7" : "",
        "categoryCode8" : "",
        "categoryCode9" : "",
        "categoryCode10" : "",
        "salesReportingCode1" : "",
        "salesReportingCode2" : "",
        "salesReportingCode3" : "",
        "salesReportingCode4" : "",
        "salesReportingCode5" : "",
        "salesReportingCode6" : "",
        "salesReportingCode7" : "",
        "salesReportingCode8" : "",
        "salesReportingCode9" : "",
        "salesReportingCode0" : ""
      },
      "lastUpdateDateTime" : "2018-04-16T10:52:44",
      "inputDateTime" : "2018-04-16T10:52:44",
      "_links" : {
        "self" : {
          "href" : "http://localhost/api/items/ACC.CHARGER-CHARGER"
        },
        "itemMaster" : {
          "href" : "http://localhost/api/items/ACC.CHARGER-CHARGER"
        },
        "itemBranchInfos" : {
          "href" : "http://localhost/api/items/ACC.CHARGER-CHARGER/itemBranchInfos"
        },
        "lots" : {
          "href" : "http://localhost/api/items/ACC.CHARGER-CHARGER/lots"
        },
        "itemLocations" : {
          "href" : "http://localhost/api/items/ACC.CHARGER-CHARGER/itemLocations"
        }
      }
    }, {
      "inputUserId" : "ANTHONI",
      "lastUpdateUserId" : "ANTHONI",
      "computerId" : "DESKTOP-9TRIRBU",
      "lastSynchronizedDate" : null,
      "lastTransactionDate" : null,
      "itemCode" : "ACC.KABEL - KABEL POWER\t\t",
      "barcode" : "ACC.KABEL - KABEL POWER\t\t",
      "itemCodeShort" : 81,
      "description" : "Kabel Power CPU\t\t\t\t\t",
      "descriptionLong" : "Kabel Power CPU\t\t\t\t\t",
      "stockingType" : "P",
      "glClass" : "INFG",
      "transactionType" : "S",
      "inventoryCostLevel" : "2",
      "salesPriceLevel" : "2",
      "purchasingPriceLevel" : "3",
      "commitmentMethod" : "2",
      "inventoryLotCreation" : false,
      "serialNumberRequired" : false,
      "lotStatusCode" : "",
      "itemPriceGroup" : "",
      "printerLocationGroup" : "",
      "variantItemControlType" : "",
      "parentItemNumber" : "",
      "unitsOfMeasure" : {
        "primaryUnitOfMeasure" : "UNT",
        "secondaryUnitOfMeasure" : "UNT",
        "purchasingUnitOfMeasure" : "UNT",
        "salesUnitOfMeasure" : "UNT",
        "priceUnitOfMeasure" : "UNT",
        "shippingUnitOfMeasure" : "UNT",
        "productionUnitOfMeasure" : "UNT",
        "componentUnitOfMeasure" : "UNT",
        "volumeUnitOfMeasure" : "UNT",
        "stockedUnitOfMeasure" : "UNT",
        "timeUnitOfMeasure" : "UNT",
        "weightUnitOfMeasure" : "UNT",
        "weightConversionFactor" : 0E-9,
        "dualQuantityUnitOfMeasure" : false,
        "dualPickingProcessOption" : false,
        "dualQuantityUnitOfMeasureTolerance" : false,
        "dualQuantityUnitOfMeasurePercentage" : 0E-15
      },
      "parameters" : {
        "discountFactor" : 0E-15,
        "profitMarginMinimumFactor" : 0E-15,
        "taxOnSalesCode" : "",
        "taxOnPurchaseCode" : "",
        "branchPlantId" : "",
        "customerId" : "",
        "supplierId" : "",
        "rankByInventorySales" : "",
        "rankByInventoryMargin" : "",
        "rankByInventoryInvestment" : "",
        "serviceChargeRate" : 0E-15,
        "disableAutoQtyCombine" : false,
        "showItemOnPosScreen" : false
      },
      "dataGroups" : {
        "categoryCode" : "INV",
        "brandCode" : "ACC",
        "typeCode" : "AKSESORIS",
        "categoryCode4" : "",
        "landedCostRule" : "",
        "categoryCode6" : "",
        "categoryCode7" : "",
        "categoryCode8" : "",
        "categoryCode9" : "",
        "categoryCode10" : "",
        "salesReportingCode1" : "",
        "salesReportingCode2" : "",
        "salesReportingCode3" : "",
        "salesReportingCode4" : "",
        "salesReportingCode5" : "",
        "salesReportingCode6" : "",
        "salesReportingCode7" : "",
        "salesReportingCode8" : "",
        "salesReportingCode9" : "",
        "salesReportingCode0" : ""
      },
      "lastUpdateDateTime" : "2018-02-12T13:49:34",
      "inputDateTime" : "2018-02-12T13:49:34",
      "_links" : {
        "self" : {
          "href" : "http://localhost/api/items/ACC.KABEL_-_KABEL_POWER_t_t"
        },
        "itemMaster" : {
          "href" : "http://localhost/api/items/ACC.KABEL_-_KABEL_POWER_t_t"
        },
        "itemBranchInfos" : {
          "href" : "http://localhost/api/items/ACC.KABEL_-_KABEL_POWER_t_t/itemBranchInfos"
        },
        "lots" : {
          "href" : "http://localhost/api/items/ACC.KABEL_-_KABEL_POWER_t_t/lots"
        },
        "itemLocations" : {
          "href" : "http://localhost/api/items/ACC.KABEL_-_KABEL_POWER_t_t/itemLocations"
        }
      }
    }, {
      "inputUserId" : "DEBBY",
      "lastUpdateUserId" : "DEBBY",
      "computerId" : "DESKTOP-9TRIRBU",
      "lastSynchronizedDate" : null,
      "lastTransactionDate" : null,
      "itemCode" : "ACC.KABEL - UTP AMP",
      "barcode" : "ACC.KABEL - UTP AMP",
      "itemCodeShort" : 90,
      "description" : "AMP kabel UTP Cat 6\t\t\t\t\t",
      "descriptionLong" : "AMP kabel UTP Cat 6\t\t\t\t\t",
      "stockingType" : "P",
      "glClass" : "INFG",
      "transactionType" : "S",
      "inventoryCostLevel" : "2",
      "salesPriceLevel" : "2",
      "purchasingPriceLevel" : "3",
      "commitmentMethod" : "2",
      "inventoryLotCreation" : false,
      "serialNumberRequired" : false,
      "lotStatusCode" : "",
      "itemPriceGroup" : "",
      "printerLocationGroup" : "",
      "variantItemControlType" : "",
      "parentItemNumber" : "",
      "unitsOfMeasure" : {
        "primaryUnitOfMeasure" : "UNT",
        "secondaryUnitOfMeasure" : "UNT",
        "purchasingUnitOfMeasure" : "UNT",
        "salesUnitOfMeasure" : "UNT",
        "priceUnitOfMeasure" : "UNT",
        "shippingUnitOfMeasure" : "UNT",
        "productionUnitOfMeasure" : "UNT",
        "componentUnitOfMeasure" : "UNT",
        "volumeUnitOfMeasure" : "UNT",
        "stockedUnitOfMeasure" : "UNT",
        "timeUnitOfMeasure" : "UNT",
        "weightUnitOfMeasure" : "UNT",
        "weightConversionFactor" : 0E-9,
        "dualQuantityUnitOfMeasure" : false,
        "dualPickingProcessOption" : false,
        "dualQuantityUnitOfMeasureTolerance" : false,
        "dualQuantityUnitOfMeasurePercentage" : 0E-15
      },
      "parameters" : {
        "discountFactor" : 0E-15,
        "profitMarginMinimumFactor" : 0E-15,
        "taxOnSalesCode" : "",
        "taxOnPurchaseCode" : "",
        "branchPlantId" : "",
        "customerId" : "",
        "supplierId" : "",
        "rankByInventorySales" : "",
        "rankByInventoryMargin" : "",
        "rankByInventoryInvestment" : "",
        "serviceChargeRate" : 0E-15,
        "disableAutoQtyCombine" : false,
        "showItemOnPosScreen" : false
      },
      "dataGroups" : {
        "categoryCode" : "INV",
        "brandCode" : "ACC",
        "typeCode" : "KABEL",
        "categoryCode4" : "",
        "landedCostRule" : "",
        "categoryCode6" : "",
        "categoryCode7" : "",
        "categoryCode8" : "",
        "categoryCode9" : "",
        "categoryCode10" : "",
        "salesReportingCode1" : "",
        "salesReportingCode2" : "",
        "salesReportingCode3" : "",
        "salesReportingCode4" : "",
        "salesReportingCode5" : "",
        "salesReportingCode6" : "",
        "salesReportingCode7" : "",
        "salesReportingCode8" : "",
        "salesReportingCode9" : "",
        "salesReportingCode0" : ""
      },
      "lastUpdateDateTime" : "2018-02-28T14:34:31",
      "inputDateTime" : "2018-02-28T14:34:31",
      "_links" : {
        "self" : {
          "href" : "http://localhost/api/items/ACC.KABEL_-_UTP_AMP"
        },
        "itemMaster" : {
          "href" : "http://localhost/api/items/ACC.KABEL_-_UTP_AMP"
        },
        "itemBranchInfos" : {
          "href" : "http://localhost/api/items/ACC.KABEL_-_UTP_AMP/itemBranchInfos"
        },
        "lots" : {
          "href" : "http://localhost/api/items/ACC.KABEL_-_UTP_AMP/lots"
        },
        "itemLocations" : {
          "href" : "http://localhost/api/items/ACC.KABEL_-_UTP_AMP/itemLocations"
        }
      }
    }, {
      "inputUserId" : "DEBBY",
      "lastUpdateUserId" : "DEBBY",
      "computerId" : "DESKTOP-9TRIRBU",
      "lastSynchronizedDate" : null,
      "lastTransactionDate" : null,
      "itemCode" : "ACC.KEYBOARD - K120\t\t\t",
      "barcode" : "ACC.KEYBOARD - K120\t\t\t",
      "itemCodeShort" : 93,
      "description" : "Keyboard Logitech K120\t\t\t\t\t",
      "descriptionLong" : "Keyboard Logitech K120\t\t\t\t\t",
      "stockingType" : "P",
      "glClass" : "INFG",
      "transactionType" : "S",
      "inventoryCostLevel" : "2",
      "salesPriceLevel" : "2",
      "purchasingPriceLevel" : "3",
      "commitmentMethod" : "2",
      "inventoryLotCreation" : false,
      "serialNumberRequired" : false,
      "lotStatusCode" : "",
      "itemPriceGroup" : "",
      "printerLocationGroup" : "",
      "variantItemControlType" : "",
      "parentItemNumber" : "",
      "unitsOfMeasure" : {
        "primaryUnitOfMeasure" : "UNT",
        "secondaryUnitOfMeasure" : "UNT",
        "purchasingUnitOfMeasure" : "UNT",
        "salesUnitOfMeasure" : "UNT",
        "priceUnitOfMeasure" : "UNT",
        "shippingUnitOfMeasure" : "UNT",
        "productionUnitOfMeasure" : "UNT",
        "componentUnitOfMeasure" : "UNT",
        "volumeUnitOfMeasure" : "UNT",
        "stockedUnitOfMeasure" : "UNT",
        "timeUnitOfMeasure" : "UNT",
        "weightUnitOfMeasure" : "UNT",
        "weightConversionFactor" : 0E-9,
        "dualQuantityUnitOfMeasure" : false,
        "dualPickingProcessOption" : false,
        "dualQuantityUnitOfMeasureTolerance" : false,
        "dualQuantityUnitOfMeasurePercentage" : 0E-15
      },
      "parameters" : {
        "discountFactor" : 0E-15,
        "profitMarginMinimumFactor" : 0E-15,
        "taxOnSalesCode" : "",
        "taxOnPurchaseCode" : "",
        "branchPlantId" : "",
        "customerId" : "",
        "supplierId" : "",
        "rankByInventorySales" : "",
        "rankByInventoryMargin" : "",
        "rankByInventoryInvestment" : "",
        "serviceChargeRate" : 0E-15,
        "disableAutoQtyCombine" : false,
        "showItemOnPosScreen" : false
      },
      "dataGroups" : {
        "categoryCode" : "INV",
        "brandCode" : "ACC",
        "typeCode" : "KEYBOARD",
        "categoryCode4" : "",
        "landedCostRule" : "",
        "categoryCode6" : "",
        "categoryCode7" : "",
        "categoryCode8" : "",
        "categoryCode9" : "",
        "categoryCode10" : "",
        "salesReportingCode1" : "",
        "salesReportingCode2" : "",
        "salesReportingCode3" : "",
        "salesReportingCode4" : "",
        "salesReportingCode5" : "",
        "salesReportingCode6" : "",
        "salesReportingCode7" : "",
        "salesReportingCode8" : "",
        "salesReportingCode9" : "",
        "salesReportingCode0" : ""
      },
      "lastUpdateDateTime" : "2018-02-28T15:16:14",
      "inputDateTime" : "2018-02-28T15:16:14",
      "_links" : {
        "self" : {
          "href" : "http://localhost/api/items/ACC.KEYBOARD_-_K120_t_t_t"
        },
        "itemMaster" : {
          "href" : "http://localhost/api/items/ACC.KEYBOARD_-_K120_t_t_t"
        },
        "itemBranchInfos" : {
          "href" : "http://localhost/api/items/ACC.KEYBOARD_-_K120_t_t_t/itemBranchInfos"
        },
        "lots" : {
          "href" : "http://localhost/api/items/ACC.KEYBOARD_-_K120_t_t_t/lots"
        },
        "itemLocations" : {
          "href" : "http://localhost/api/items/ACC.KEYBOARD_-_K120_t_t_t/itemLocations"
        }
      }
    }, {
      "inputUserId" : "QSA",
      "lastUpdateUserId" : "QSA",
      "computerId" : "GLSERVER01",
      "lastSynchronizedDate" : null,
      "lastTransactionDate" : null,
      "itemCode" : "ACC.LOGITECH-PAKETAN",
      "barcode" : "ACC.LOGITECH-PAKETAN",
      "itemCodeShort" : 6,
      "description" : "Logitech USB Mouse dan Keyboard",
      "descriptionLong" : "Logitech USB Mouse dan Keyboard",
      "stockingType" : "P",
      "glClass" : "INFG",
      "transactionType" : "S",
      "inventoryCostLevel" : "2",
      "salesPriceLevel" : "2",
      "purchasingPriceLevel" : "3",
      "commitmentMethod" : "2",
      "inventoryLotCreation" : false,
      "serialNumberRequired" : false,
      "lotStatusCode" : "",
      "itemPriceGroup" : "",
      "printerLocationGroup" : "",
      "variantItemControlType" : "",
      "parentItemNumber" : "",
      "unitsOfMeasure" : {
        "primaryUnitOfMeasure" : "PCS",
        "secondaryUnitOfMeasure" : "PCS",
        "purchasingUnitOfMeasure" : "PCS",
        "salesUnitOfMeasure" : "PCS",
        "priceUnitOfMeasure" : "PCS",
        "shippingUnitOfMeasure" : "PCS",
        "productionUnitOfMeasure" : "PCS",
        "componentUnitOfMeasure" : "PCS",
        "volumeUnitOfMeasure" : "PCS",
        "stockedUnitOfMeasure" : "PCS",
        "timeUnitOfMeasure" : "PCS",
        "weightUnitOfMeasure" : "PCS",
        "weightConversionFactor" : 0E-9,
        "dualQuantityUnitOfMeasure" : false,
        "dualPickingProcessOption" : false,
        "dualQuantityUnitOfMeasureTolerance" : false,
        "dualQuantityUnitOfMeasurePercentage" : 0E-15
      },
      "parameters" : {
        "discountFactor" : 0E-15,
        "profitMarginMinimumFactor" : 0E-15,
        "taxOnSalesCode" : "",
        "taxOnPurchaseCode" : "",
        "branchPlantId" : "",
        "customerId" : "",
        "supplierId" : "",
        "rankByInventorySales" : "",
        "rankByInventoryMargin" : "",
        "rankByInventoryInvestment" : "",
        "serviceChargeRate" : 0E-15,
        "disableAutoQtyCombine" : false,
        "showItemOnPosScreen" : false
      },
      "dataGroups" : {
        "categoryCode" : "INV",
        "brandCode" : "LOGITECH",
        "typeCode" : "AKSESORIS",
        "categoryCode4" : "",
        "landedCostRule" : "",
        "categoryCode6" : "",
        "categoryCode7" : "",
        "categoryCode8" : "",
        "categoryCode9" : "",
        "categoryCode10" : "",
        "salesReportingCode1" : "",
        "salesReportingCode2" : "",
        "salesReportingCode3" : "",
        "salesReportingCode4" : "",
        "salesReportingCode5" : "",
        "salesReportingCode6" : "",
        "salesReportingCode7" : "",
        "salesReportingCode8" : "",
        "salesReportingCode9" : "",
        "salesReportingCode0" : ""
      },
      "lastUpdateDateTime" : "2017-10-30T00:00:00",
      "inputDateTime" : "2017-10-30T00:00:00",
      "_links" : {
        "self" : {
          "href" : "http://localhost/api/items/ACC.LOGITECH-PAKETAN"
        },
        "itemMaster" : {
          "href" : "http://localhost/api/items/ACC.LOGITECH-PAKETAN"
        },
        "itemBranchInfos" : {
          "href" : "http://localhost/api/items/ACC.LOGITECH-PAKETAN/itemBranchInfos"
        },
        "lots" : {
          "href" : "http://localhost/api/items/ACC.LOGITECH-PAKETAN/lots"
        },
        "itemLocations" : {
          "href" : "http://localhost/api/items/ACC.LOGITECH-PAKETAN/itemLocations"
        }
      }
    }, {
      "inputUserId" : "DEBBY",
      "lastUpdateUserId" : "DEBBY",
      "computerId" : "DESKTOP-9TRIRBU",
      "lastSynchronizedDate" : null,
      "lastTransactionDate" : null,
      "itemCode" : "ACC.MOUSE - B100\t\t\t",
      "barcode" : "ACC.MOUSE - B100\t\t\t",
      "itemCodeShort" : 94,
      "description" : "Logitech USB Mouse B100\t\t\t\t\t",
      "descriptionLong" : "Logitech USB Mouse B100\t\t\t\t\t",
      "stockingType" : "P",
      "glClass" : "INFG",
      "transactionType" : "S",
      "inventoryCostLevel" : "2",
      "salesPriceLevel" : "2",
      "purchasingPriceLevel" : "3",
      "commitmentMethod" : "2",
      "inventoryLotCreation" : false,
      "serialNumberRequired" : false,
      "lotStatusCode" : "",
      "itemPriceGroup" : "",
      "printerLocationGroup" : "",
      "variantItemControlType" : "",
      "parentItemNumber" : "",
      "unitsOfMeasure" : {
        "primaryUnitOfMeasure" : "UNT",
        "secondaryUnitOfMeasure" : "UNT",
        "purchasingUnitOfMeasure" : "UNT",
        "salesUnitOfMeasure" : "UNT",
        "priceUnitOfMeasure" : "UNT",
        "shippingUnitOfMeasure" : "UNT",
        "productionUnitOfMeasure" : "UNT",
        "componentUnitOfMeasure" : "UNT",
        "volumeUnitOfMeasure" : "UNT",
        "stockedUnitOfMeasure" : "UNT",
        "timeUnitOfMeasure" : "UNT",
        "weightUnitOfMeasure" : "UNT",
        "weightConversionFactor" : 0E-9,
        "dualQuantityUnitOfMeasure" : false,
        "dualPickingProcessOption" : false,
        "dualQuantityUnitOfMeasureTolerance" : false,
        "dualQuantityUnitOfMeasurePercentage" : 0E-15
      },
      "parameters" : {
        "discountFactor" : 0E-15,
        "profitMarginMinimumFactor" : 0E-15,
        "taxOnSalesCode" : "",
        "taxOnPurchaseCode" : "",
        "branchPlantId" : "",
        "customerId" : "",
        "supplierId" : "",
        "rankByInventorySales" : "",
        "rankByInventoryMargin" : "",
        "rankByInventoryInvestment" : "",
        "serviceChargeRate" : 0E-15,
        "disableAutoQtyCombine" : false,
        "showItemOnPosScreen" : false
      },
      "dataGroups" : {
        "categoryCode" : "INV",
        "brandCode" : "ACC",
        "typeCode" : "MOUSE",
        "categoryCode4" : "",
        "landedCostRule" : "",
        "categoryCode6" : "",
        "categoryCode7" : "",
        "categoryCode8" : "",
        "categoryCode9" : "",
        "categoryCode10" : "",
        "salesReportingCode1" : "",
        "salesReportingCode2" : "",
        "salesReportingCode3" : "",
        "salesReportingCode4" : "",
        "salesReportingCode5" : "",
        "salesReportingCode6" : "",
        "salesReportingCode7" : "",
        "salesReportingCode8" : "",
        "salesReportingCode9" : "",
        "salesReportingCode0" : ""
      },
      "lastUpdateDateTime" : "2018-02-28T15:18:54",
      "inputDateTime" : "2018-02-28T15:18:54",
      "_links" : {
        "self" : {
          "href" : "http://localhost/api/items/ACC.MOUSE_-_B100_t_t_t"
        },
        "itemMaster" : {
          "href" : "http://localhost/api/items/ACC.MOUSE_-_B100_t_t_t"
        },
        "itemBranchInfos" : {
          "href" : "http://localhost/api/items/ACC.MOUSE_-_B100_t_t_t/itemBranchInfos"
        },
        "lots" : {
          "href" : "http://localhost/api/items/ACC.MOUSE_-_B100_t_t_t/lots"
        },
        "itemLocations" : {
          "href" : "http://localhost/api/items/ACC.MOUSE_-_B100_t_t_t/itemLocations"
        }
      }
    }, {
      "inputUserId" : "DEBBY",
      "lastUpdateUserId" : "DEBBY",
      "computerId" : "DESKTOP-9TRIRBU",
      "lastSynchronizedDate" : null,
      "lastTransactionDate" : null,
      "itemCode" : "ACC.MOUSE - MOUSE M221\t\t\t",
      "barcode" : "ACC.MOUSE - MOUSE M221\t\t\t",
      "itemCodeShort" : 91,
      "description" : "Mouse Wireless Logitech M221 Silent Hitam\t\t\t\t\t",
      "descriptionLong" : "Mouse Wireless Logitech M221 Silent Hitam\t\t\t\t\t",
      "stockingType" : "P",
      "glClass" : "INFG",
      "transactionType" : "S",
      "inventoryCostLevel" : "2",
      "salesPriceLevel" : "2",
      "purchasingPriceLevel" : "3",
      "commitmentMethod" : "2",
      "inventoryLotCreation" : false,
      "serialNumberRequired" : false,
      "lotStatusCode" : "",
      "itemPriceGroup" : "",
      "printerLocationGroup" : "",
      "variantItemControlType" : "",
      "parentItemNumber" : "",
      "unitsOfMeasure" : {
        "primaryUnitOfMeasure" : "UNT",
        "secondaryUnitOfMeasure" : "UNT",
        "purchasingUnitOfMeasure" : "UNT",
        "salesUnitOfMeasure" : "UNT",
        "priceUnitOfMeasure" : "UNT",
        "shippingUnitOfMeasure" : "UNT",
        "productionUnitOfMeasure" : "UNT",
        "componentUnitOfMeasure" : "UNT",
        "volumeUnitOfMeasure" : "UNT",
        "stockedUnitOfMeasure" : "UNT",
        "timeUnitOfMeasure" : "UNT",
        "weightUnitOfMeasure" : "UNT",
        "weightConversionFactor" : 0E-9,
        "dualQuantityUnitOfMeasure" : false,
        "dualPickingProcessOption" : false,
        "dualQuantityUnitOfMeasureTolerance" : false,
        "dualQuantityUnitOfMeasurePercentage" : 0E-15
      },
      "parameters" : {
        "discountFactor" : 0E-15,
        "profitMarginMinimumFactor" : 0E-15,
        "taxOnSalesCode" : "",
        "taxOnPurchaseCode" : "",
        "branchPlantId" : "",
        "customerId" : "",
        "supplierId" : "",
        "rankByInventorySales" : "",
        "rankByInventoryMargin" : "",
        "rankByInventoryInvestment" : "",
        "serviceChargeRate" : 0E-15,
        "disableAutoQtyCombine" : false,
        "showItemOnPosScreen" : false
      },
      "dataGroups" : {
        "categoryCode" : "INV",
        "brandCode" : "ACC",
        "typeCode" : "MOUSE",
        "categoryCode4" : "",
        "landedCostRule" : "",
        "categoryCode6" : "",
        "categoryCode7" : "",
        "categoryCode8" : "",
        "categoryCode9" : "",
        "categoryCode10" : "",
        "salesReportingCode1" : "",
        "salesReportingCode2" : "",
        "salesReportingCode3" : "",
        "salesReportingCode4" : "",
        "salesReportingCode5" : "",
        "salesReportingCode6" : "",
        "salesReportingCode7" : "",
        "salesReportingCode8" : "",
        "salesReportingCode9" : "",
        "salesReportingCode0" : ""
      },
      "lastUpdateDateTime" : "2018-02-28T14:46:50",
      "inputDateTime" : "2018-02-28T14:46:50",
      "_links" : {
        "self" : {
          "href" : "http://localhost/api/items/ACC.MOUSE_-_MOUSE_M221_t_t_t"
        },
        "itemMaster" : {
          "href" : "http://localhost/api/items/ACC.MOUSE_-_MOUSE_M221_t_t_t"
        },
        "itemBranchInfos" : {
          "href" : "http://localhost/api/items/ACC.MOUSE_-_MOUSE_M221_t_t_t/itemBranchInfos"
        },
        "lots" : {
          "href" : "http://localhost/api/items/ACC.MOUSE_-_MOUSE_M221_t_t_t/lots"
        },
        "itemLocations" : {
          "href" : "http://localhost/api/items/ACC.MOUSE_-_MOUSE_M221_t_t_t/itemLocations"
        }
      }
    }, {
      "inputUserId" : "QSA",
      "lastUpdateUserId" : "ERWIN",
      "computerId" : "LUDY-LAPPIE",
      "lastSynchronizedDate" : null,
      "lastTransactionDate" : null,
      "itemCode" : "ACC.MOUSE-B100",
      "barcode" : "ACC.MOUSE-B100",
      "itemCodeShort" : 7,
      "description" : "Logitech USB Mouse",
      "descriptionLong" : "Logitech USB Mouse",
      "stockingType" : "P",
      "glClass" : "INFG",
      "transactionType" : "S",
      "inventoryCostLevel" : "2",
      "salesPriceLevel" : "2",
      "purchasingPriceLevel" : "3",
      "commitmentMethod" : "2",
      "inventoryLotCreation" : false,
      "serialNumberRequired" : false,
      "lotStatusCode" : "",
      "itemPriceGroup" : "",
      "printerLocationGroup" : "",
      "variantItemControlType" : "",
      "parentItemNumber" : "",
      "unitsOfMeasure" : {
        "primaryUnitOfMeasure" : "PCS",
        "secondaryUnitOfMeasure" : "PCS",
        "purchasingUnitOfMeasure" : "PCS",
        "salesUnitOfMeasure" : "PCS",
        "priceUnitOfMeasure" : "PCS",
        "shippingUnitOfMeasure" : "PCS",
        "productionUnitOfMeasure" : "PCS",
        "componentUnitOfMeasure" : "PCS",
        "volumeUnitOfMeasure" : "PCS",
        "stockedUnitOfMeasure" : "PCS",
        "timeUnitOfMeasure" : "PCS",
        "weightUnitOfMeasure" : "PCS",
        "weightConversionFactor" : 0E-9,
        "dualQuantityUnitOfMeasure" : false,
        "dualPickingProcessOption" : false,
        "dualQuantityUnitOfMeasureTolerance" : false,
        "dualQuantityUnitOfMeasurePercentage" : 0E-15
      },
      "parameters" : {
        "discountFactor" : 0E-15,
        "profitMarginMinimumFactor" : 0E-15,
        "taxOnSalesCode" : "",
        "taxOnPurchaseCode" : "",
        "branchPlantId" : "",
        "customerId" : "",
        "supplierId" : "",
        "rankByInventorySales" : "",
        "rankByInventoryMargin" : "",
        "rankByInventoryInvestment" : "",
        "serviceChargeRate" : 0E-15,
        "disableAutoQtyCombine" : false,
        "showItemOnPosScreen" : false
      },
      "dataGroups" : {
        "categoryCode" : "INV",
        "brandCode" : "LOGITECH",
        "typeCode" : "AKSESORIS",
        "categoryCode4" : "",
        "landedCostRule" : "",
        "categoryCode6" : "",
        "categoryCode7" : "",
        "categoryCode8" : "",
        "categoryCode9" : "",
        "categoryCode10" : "",
        "salesReportingCode1" : "",
        "salesReportingCode2" : "",
        "salesReportingCode3" : "",
        "salesReportingCode4" : "",
        "salesReportingCode5" : "",
        "salesReportingCode6" : "",
        "salesReportingCode7" : "",
        "salesReportingCode8" : "",
        "salesReportingCode9" : "",
        "salesReportingCode0" : ""
      },
      "lastUpdateDateTime" : "2017-12-04T14:55:35",
      "inputDateTime" : "2017-10-30T00:00:00",
      "_links" : {
        "self" : {
          "href" : "http://localhost/api/items/ACC.MOUSE-B100"
        },
        "itemMaster" : {
          "href" : "http://localhost/api/items/ACC.MOUSE-B100"
        },
        "itemBranchInfos" : {
          "href" : "http://localhost/api/items/ACC.MOUSE-B100/itemBranchInfos"
        },
        "lots" : {
          "href" : "http://localhost/api/items/ACC.MOUSE-B100/lots"
        },
        "itemLocations" : {
          "href" : "http://localhost/api/items/ACC.MOUSE-B100/itemLocations"
        }
      }
    }, {
      "inputUserId" : "DEBBY",
      "lastUpdateUserId" : "DEBBY",
      "computerId" : "DESKTOP-9TRIRBU",
      "lastSynchronizedDate" : null,
      "lastTransactionDate" : null,
      "itemCode" : "ACC.PAPER - HVS SIDU FOLI",
      "barcode" : "ACC.PAPER - HVS SIDU FOLI",
      "itemCodeShort" : 111,
      "description" : "Kertas HVS Sidu 70 Gram Folio\t\t\t\t\t",
      "descriptionLong" : "Kertas HVS Sidu 70 Gram Folio\t\t\t\t\t",
      "stockingType" : "P",
      "glClass" : "INFG",
      "transactionType" : "S",
      "inventoryCostLevel" : "2",
      "salesPriceLevel" : "2",
      "purchasingPriceLevel" : "3",
      "commitmentMethod" : "2",
      "inventoryLotCreation" : false,
      "serialNumberRequired" : false,
      "lotStatusCode" : "",
      "itemPriceGroup" : "",
      "printerLocationGroup" : "",
      "variantItemControlType" : "",
      "parentItemNumber" : "",
      "unitsOfMeasure" : {
        "primaryUnitOfMeasure" : "UNT",
        "secondaryUnitOfMeasure" : "UNT",
        "purchasingUnitOfMeasure" : "UNT",
        "salesUnitOfMeasure" : "UNT",
        "priceUnitOfMeasure" : "UNT",
        "shippingUnitOfMeasure" : "UNT",
        "productionUnitOfMeasure" : "UNT",
        "componentUnitOfMeasure" : "UNT",
        "volumeUnitOfMeasure" : "UNT",
        "stockedUnitOfMeasure" : "UNT",
        "timeUnitOfMeasure" : "UNT",
        "weightUnitOfMeasure" : "UNT",
        "weightConversionFactor" : 0E-9,
        "dualQuantityUnitOfMeasure" : false,
        "dualPickingProcessOption" : false,
        "dualQuantityUnitOfMeasureTolerance" : false,
        "dualQuantityUnitOfMeasurePercentage" : 0E-15
      },
      "parameters" : {
        "discountFactor" : 0E-15,
        "profitMarginMinimumFactor" : 0E-15,
        "taxOnSalesCode" : "",
        "taxOnPurchaseCode" : "",
        "branchPlantId" : "",
        "customerId" : "",
        "supplierId" : "",
        "rankByInventorySales" : "",
        "rankByInventoryMargin" : "",
        "rankByInventoryInvestment" : "",
        "serviceChargeRate" : 0E-15,
        "disableAutoQtyCombine" : false,
        "showItemOnPosScreen" : false
      },
      "dataGroups" : {
        "categoryCode" : "INV",
        "brandCode" : "ACC",
        "typeCode" : "KERTAS",
        "categoryCode4" : "",
        "landedCostRule" : "",
        "categoryCode6" : "",
        "categoryCode7" : "",
        "categoryCode8" : "",
        "categoryCode9" : "",
        "categoryCode10" : "",
        "salesReportingCode1" : "",
        "salesReportingCode2" : "",
        "salesReportingCode3" : "",
        "salesReportingCode4" : "",
        "salesReportingCode5" : "",
        "salesReportingCode6" : "",
        "salesReportingCode7" : "",
        "salesReportingCode8" : "",
        "salesReportingCode9" : "",
        "salesReportingCode0" : ""
      },
      "lastUpdateDateTime" : "2018-03-01T11:53:59",
      "inputDateTime" : "2018-03-01T11:53:59",
      "_links" : {
        "self" : {
          "href" : "http://localhost/api/items/ACC.PAPER_-_HVS_SIDU_FOLI"
        },
        "itemMaster" : {
          "href" : "http://localhost/api/items/ACC.PAPER_-_HVS_SIDU_FOLI"
        },
        "itemBranchInfos" : {
          "href" : "http://localhost/api/items/ACC.PAPER_-_HVS_SIDU_FOLI/itemBranchInfos"
        },
        "lots" : {
          "href" : "http://localhost/api/items/ACC.PAPER_-_HVS_SIDU_FOLI/lots"
        },
        "itemLocations" : {
          "href" : "http://localhost/api/items/ACC.PAPER_-_HVS_SIDU_FOLI/itemLocations"
        }
      }
    }, {
      "inputUserId" : "ANTHONI",
      "lastUpdateUserId" : "ANTHONI",
      "computerId" : "DESKTOP-9TRIRBU",
      "lastSynchronizedDate" : null,
      "lastTransactionDate" : null,
      "itemCode" : "ACC.PROC - PASTA PROCESSO",
      "barcode" : "ACC.PROC - PASTA PROCESSO",
      "itemCodeShort" : 83,
      "description" : "Pasta Processor\t\t\t\t\t",
      "descriptionLong" : "Pasta Processor\t\t\t\t\t",
      "stockingType" : "P",
      "glClass" : "INFG",
      "transactionType" : "S",
      "inventoryCostLevel" : "2",
      "salesPriceLevel" : "2",
      "purchasingPriceLevel" : "3",
      "commitmentMethod" : "2",
      "inventoryLotCreation" : false,
      "serialNumberRequired" : false,
      "lotStatusCode" : "",
      "itemPriceGroup" : "",
      "printerLocationGroup" : "",
      "variantItemControlType" : "",
      "parentItemNumber" : "",
      "unitsOfMeasure" : {
        "primaryUnitOfMeasure" : "UNT",
        "secondaryUnitOfMeasure" : "UNT",
        "purchasingUnitOfMeasure" : "UNT",
        "salesUnitOfMeasure" : "UNT",
        "priceUnitOfMeasure" : "UNT",
        "shippingUnitOfMeasure" : "UNT",
        "productionUnitOfMeasure" : "UNT",
        "componentUnitOfMeasure" : "UNT",
        "volumeUnitOfMeasure" : "UNT",
        "stockedUnitOfMeasure" : "UNT",
        "timeUnitOfMeasure" : "UNT",
        "weightUnitOfMeasure" : "UNT",
        "weightConversionFactor" : 0E-9,
        "dualQuantityUnitOfMeasure" : false,
        "dualPickingProcessOption" : false,
        "dualQuantityUnitOfMeasureTolerance" : false,
        "dualQuantityUnitOfMeasurePercentage" : 0E-15
      },
      "parameters" : {
        "discountFactor" : 0E-15,
        "profitMarginMinimumFactor" : 0E-15,
        "taxOnSalesCode" : "",
        "taxOnPurchaseCode" : "",
        "branchPlantId" : "",
        "customerId" : "",
        "supplierId" : "",
        "rankByInventorySales" : "",
        "rankByInventoryMargin" : "",
        "rankByInventoryInvestment" : "",
        "serviceChargeRate" : 0E-15,
        "disableAutoQtyCombine" : false,
        "showItemOnPosScreen" : false
      },
      "dataGroups" : {
        "categoryCode" : "INV",
        "brandCode" : "ACC",
        "typeCode" : "AKSESORIS",
        "categoryCode4" : "",
        "landedCostRule" : "",
        "categoryCode6" : "",
        "categoryCode7" : "",
        "categoryCode8" : "",
        "categoryCode9" : "",
        "categoryCode10" : "",
        "salesReportingCode1" : "",
        "salesReportingCode2" : "",
        "salesReportingCode3" : "",
        "salesReportingCode4" : "",
        "salesReportingCode5" : "",
        "salesReportingCode6" : "",
        "salesReportingCode7" : "",
        "salesReportingCode8" : "",
        "salesReportingCode9" : "",
        "salesReportingCode0" : ""
      },
      "lastUpdateDateTime" : "2018-02-12T13:52:34",
      "inputDateTime" : "2018-02-12T13:52:34",
      "_links" : {
        "self" : {
          "href" : "http://localhost/api/items/ACC.PROC_-_PASTA_PROCESSO"
        },
        "itemMaster" : {
          "href" : "http://localhost/api/items/ACC.PROC_-_PASTA_PROCESSO"
        },
        "itemBranchInfos" : {
          "href" : "http://localhost/api/items/ACC.PROC_-_PASTA_PROCESSO/itemBranchInfos"
        },
        "lots" : {
          "href" : "http://localhost/api/items/ACC.PROC_-_PASTA_PROCESSO/lots"
        },
        "itemLocations" : {
          "href" : "http://localhost/api/items/ACC.PROC_-_PASTA_PROCESSO/itemLocations"
        }
      }
    }, {
      "inputUserId" : "ANTHONI",
      "lastUpdateUserId" : "ANTHONI",
      "computerId" : "DESKTOP-9TRIRBU",
      "lastSynchronizedDate" : null,
      "lastTransactionDate" : null,
      "itemCode" : "ACC.RIBBON - LABEL",
      "barcode" : "ACC.RIBBON - LABEL",
      "itemCodeShort" : 23,
      "description" : "Acc Label L 33mm T 15mm\t\t\t\t\t",
      "descriptionLong" : "Acc Label L 33mm T 15mm\t\t\t\t\t",
      "stockingType" : "P",
      "glClass" : "INFG",
      "transactionType" : "S",
      "inventoryCostLevel" : "2",
      "salesPriceLevel" : "2",
      "purchasingPriceLevel" : "3",
      "commitmentMethod" : "2",
      "inventoryLotCreation" : false,
      "serialNumberRequired" : false,
      "lotStatusCode" : "",
      "itemPriceGroup" : "",
      "printerLocationGroup" : "",
      "variantItemControlType" : "",
      "parentItemNumber" : "",
      "unitsOfMeasure" : {
        "primaryUnitOfMeasure" : "UNT",
        "secondaryUnitOfMeasure" : "UNT",
        "purchasingUnitOfMeasure" : "UNT",
        "salesUnitOfMeasure" : "UNT",
        "priceUnitOfMeasure" : "UNT",
        "shippingUnitOfMeasure" : "UNT",
        "productionUnitOfMeasure" : "UNT",
        "componentUnitOfMeasure" : "UNT",
        "volumeUnitOfMeasure" : "UNT",
        "stockedUnitOfMeasure" : "UNT",
        "timeUnitOfMeasure" : "UNT",
        "weightUnitOfMeasure" : "UNT",
        "weightConversionFactor" : 0E-9,
        "dualQuantityUnitOfMeasure" : false,
        "dualPickingProcessOption" : false,
        "dualQuantityUnitOfMeasureTolerance" : false,
        "dualQuantityUnitOfMeasurePercentage" : 0E-15
      },
      "parameters" : {
        "discountFactor" : 0E-15,
        "profitMarginMinimumFactor" : 0E-15,
        "taxOnSalesCode" : "",
        "taxOnPurchaseCode" : "",
        "branchPlantId" : "",
        "customerId" : "",
        "supplierId" : "",
        "rankByInventorySales" : "",
        "rankByInventoryMargin" : "",
        "rankByInventoryInvestment" : "",
        "serviceChargeRate" : 0E-15,
        "disableAutoQtyCombine" : false,
        "showItemOnPosScreen" : false
      },
      "dataGroups" : {
        "categoryCode" : "INV",
        "brandCode" : "EPSON",
        "typeCode" : "RIBBON",
        "categoryCode4" : "",
        "landedCostRule" : "",
        "categoryCode6" : "",
        "categoryCode7" : "",
        "categoryCode8" : "",
        "categoryCode9" : "",
        "categoryCode10" : "",
        "salesReportingCode1" : "",
        "salesReportingCode2" : "",
        "salesReportingCode3" : "",
        "salesReportingCode4" : "",
        "salesReportingCode5" : "",
        "salesReportingCode6" : "",
        "salesReportingCode7" : "",
        "salesReportingCode8" : "",
        "salesReportingCode9" : "",
        "salesReportingCode0" : ""
      },
      "lastUpdateDateTime" : "2018-02-07T17:35:52",
      "inputDateTime" : "2018-02-07T17:35:52",
      "_links" : {
        "self" : {
          "href" : "http://localhost/api/items/ACC.RIBBON_-_LABEL"
        },
        "itemMaster" : {
          "href" : "http://localhost/api/items/ACC.RIBBON_-_LABEL"
        },
        "itemBranchInfos" : {
          "href" : "http://localhost/api/items/ACC.RIBBON_-_LABEL/itemBranchInfos"
        },
        "lots" : {
          "href" : "http://localhost/api/items/ACC.RIBBON_-_LABEL/lots"
        },
        "itemLocations" : {
          "href" : "http://localhost/api/items/ACC.RIBBON_-_LABEL/itemLocations"
        }
      }
    }, {
      "inputUserId" : "QSA",
      "lastUpdateUserId" : "QSA",
      "computerId" : "AYOOKLIK",
      "lastSynchronizedDate" : null,
      "lastTransactionDate" : null,
      "itemCode" : "ACC.RIBBON - LABEL 55",
      "barcode" : "ACC.RIBBON - LABEL 55",
      "itemCodeShort" : 89,
      "description" : "Acc Label 55mm x 22mm\t\t\t\t",
      "descriptionLong" : "Acc Label 55mm x 22mm\t\t\t\t\t",
      "stockingType" : "P",
      "glClass" : "INFG",
      "transactionType" : "S",
      "inventoryCostLevel" : "2",
      "salesPriceLevel" : "2",
      "purchasingPriceLevel" : "3",
      "commitmentMethod" : "2",
      "inventoryLotCreation" : false,
      "serialNumberRequired" : false,
      "lotStatusCode" : "",
      "itemPriceGroup" : "",
      "printerLocationGroup" : "",
      "variantItemControlType" : "",
      "parentItemNumber" : "",
      "unitsOfMeasure" : {
        "primaryUnitOfMeasure" : "UNT",
        "secondaryUnitOfMeasure" : "UNT",
        "purchasingUnitOfMeasure" : "UNT",
        "salesUnitOfMeasure" : "UNT",
        "priceUnitOfMeasure" : "UNT",
        "shippingUnitOfMeasure" : "UNT",
        "productionUnitOfMeasure" : "UNT",
        "componentUnitOfMeasure" : "UNT",
        "volumeUnitOfMeasure" : "UNT",
        "stockedUnitOfMeasure" : "UNT",
        "timeUnitOfMeasure" : "UNT",
        "weightUnitOfMeasure" : "UNT",
        "weightConversionFactor" : 0E-9,
        "dualQuantityUnitOfMeasure" : false,
        "dualPickingProcessOption" : false,
        "dualQuantityUnitOfMeasureTolerance" : false,
        "dualQuantityUnitOfMeasurePercentage" : 0E-15
      },
      "parameters" : {
        "discountFactor" : 0E-15,
        "profitMarginMinimumFactor" : 0E-15,
        "taxOnSalesCode" : "",
        "taxOnPurchaseCode" : "",
        "branchPlantId" : "",
        "customerId" : "",
        "supplierId" : "",
        "rankByInventorySales" : "",
        "rankByInventoryMargin" : "",
        "rankByInventoryInvestment" : "",
        "serviceChargeRate" : 0E-15,
        "disableAutoQtyCombine" : false,
        "showItemOnPosScreen" : false
      },
      "dataGroups" : {
        "categoryCode" : "INV",
        "brandCode" : "EPSON",
        "typeCode" : "RIBBON",
        "categoryCode4" : "",
        "landedCostRule" : "",
        "categoryCode6" : "",
        "categoryCode7" : "",
        "categoryCode8" : "",
        "categoryCode9" : "",
        "categoryCode10" : "",
        "salesReportingCode1" : "",
        "salesReportingCode2" : "",
        "salesReportingCode3" : "",
        "salesReportingCode4" : "",
        "salesReportingCode5" : "",
        "salesReportingCode6" : "",
        "salesReportingCode7" : "",
        "salesReportingCode8" : "",
        "salesReportingCode9" : "",
        "salesReportingCode0" : ""
      },
      "lastUpdateDateTime" : "2018-02-24T09:25:20",
      "inputDateTime" : "2018-02-24T09:25:20",
      "_links" : {
        "self" : {
          "href" : "http://localhost/api/items/ACC.RIBBON_-_LABEL_55"
        },
        "itemMaster" : {
          "href" : "http://localhost/api/items/ACC.RIBBON_-_LABEL_55"
        },
        "itemBranchInfos" : {
          "href" : "http://localhost/api/items/ACC.RIBBON_-_LABEL_55/itemBranchInfos"
        },
        "lots" : {
          "href" : "http://localhost/api/items/ACC.RIBBON_-_LABEL_55/lots"
        },
        "itemLocations" : {
          "href" : "http://localhost/api/items/ACC.RIBBON_-_LABEL_55/itemLocations"
        }
      }
    }, {
      "inputUserId" : "ANTHONI",
      "lastUpdateUserId" : "ANTHONI",
      "computerId" : "DESKTOP-9TRIRBU",
      "lastSynchronizedDate" : null,
      "lastTransactionDate" : null,
      "itemCode" : "ACC.RIBBON WAX RESIN",
      "barcode" : "ACC.RIBBON WAX RESIN",
      "itemCodeShort" : 22,
      "description" : "Acc Ribbon Wax Resin 110mm x 300mm\t\t\t\t\t",
      "descriptionLong" : "Acc Ribbon Wax Resin 110mm x 300mm\t\t\t\t\t",
      "stockingType" : "P",
      "glClass" : "INFG",
      "transactionType" : "S",
      "inventoryCostLevel" : "2",
      "salesPriceLevel" : "2",
      "purchasingPriceLevel" : "3",
      "commitmentMethod" : "2",
      "inventoryLotCreation" : false,
      "serialNumberRequired" : false,
      "lotStatusCode" : "",
      "itemPriceGroup" : "",
      "printerLocationGroup" : "",
      "variantItemControlType" : "",
      "parentItemNumber" : "",
      "unitsOfMeasure" : {
        "primaryUnitOfMeasure" : "UNT",
        "secondaryUnitOfMeasure" : "UNT",
        "purchasingUnitOfMeasure" : "UNT",
        "salesUnitOfMeasure" : "UNT",
        "priceUnitOfMeasure" : "UNT",
        "shippingUnitOfMeasure" : "UNT",
        "productionUnitOfMeasure" : "UNT",
        "componentUnitOfMeasure" : "UNT",
        "volumeUnitOfMeasure" : "UNT",
        "stockedUnitOfMeasure" : "UNT",
        "timeUnitOfMeasure" : "UNT",
        "weightUnitOfMeasure" : "UNT",
        "weightConversionFactor" : 0E-9,
        "dualQuantityUnitOfMeasure" : false,
        "dualPickingProcessOption" : false,
        "dualQuantityUnitOfMeasureTolerance" : false,
        "dualQuantityUnitOfMeasurePercentage" : 0E-15
      },
      "parameters" : {
        "discountFactor" : 0E-15,
        "profitMarginMinimumFactor" : 0E-15,
        "taxOnSalesCode" : "",
        "taxOnPurchaseCode" : "",
        "branchPlantId" : "",
        "customerId" : "",
        "supplierId" : "",
        "rankByInventorySales" : "",
        "rankByInventoryMargin" : "",
        "rankByInventoryInvestment" : "",
        "serviceChargeRate" : 0E-15,
        "disableAutoQtyCombine" : false,
        "showItemOnPosScreen" : false
      },
      "dataGroups" : {
        "categoryCode" : "INV",
        "brandCode" : "EPSON",
        "typeCode" : "RIBBON",
        "categoryCode4" : "",
        "landedCostRule" : "",
        "categoryCode6" : "",
        "categoryCode7" : "",
        "categoryCode8" : "",
        "categoryCode9" : "",
        "categoryCode10" : "",
        "salesReportingCode1" : "",
        "salesReportingCode2" : "",
        "salesReportingCode3" : "",
        "salesReportingCode4" : "",
        "salesReportingCode5" : "",
        "salesReportingCode6" : "",
        "salesReportingCode7" : "",
        "salesReportingCode8" : "",
        "salesReportingCode9" : "",
        "salesReportingCode0" : ""
      },
      "lastUpdateDateTime" : "2018-02-07T17:27:40",
      "inputDateTime" : "2018-02-07T17:27:40",
      "_links" : {
        "self" : {
          "href" : "http://localhost/api/items/ACC.RIBBON_WAX_RESIN"
        },
        "itemMaster" : {
          "href" : "http://localhost/api/items/ACC.RIBBON_WAX_RESIN"
        },
        "itemBranchInfos" : {
          "href" : "http://localhost/api/items/ACC.RIBBON_WAX_RESIN/itemBranchInfos"
        },
        "lots" : {
          "href" : "http://localhost/api/items/ACC.RIBBON_WAX_RESIN/lots"
        },
        "itemLocations" : {
          "href" : "http://localhost/api/items/ACC.RIBBON_WAX_RESIN/itemLocations"
        }
      }
    }, {
      "inputUserId" : "ANTHONI",
      "lastUpdateUserId" : "ANTHONI",
      "computerId" : "DESKTOP-9TRIRBU",
      "lastSynchronizedDate" : null,
      "lastTransactionDate" : null,
      "itemCode" : "ACC.SECURE BOX-CASH DRAWE",
      "barcode" : "ACC.SECURE BOX-CASH DRAWE",
      "itemCodeShort" : 261,
      "description" : "SECURE BOX CASH DRAWER",
      "descriptionLong" : "Secure Box Cash Drawer",
      "stockingType" : "P",
      "glClass" : "INFG",
      "transactionType" : "S",
      "inventoryCostLevel" : "2",
      "salesPriceLevel" : "2",
      "purchasingPriceLevel" : "3",
      "commitmentMethod" : "2",
      "inventoryLotCreation" : false,
      "serialNumberRequired" : false,
      "lotStatusCode" : "",
      "itemPriceGroup" : "",
      "printerLocationGroup" : "",
      "variantItemControlType" : "",
      "parentItemNumber" : "",
      "unitsOfMeasure" : {
        "primaryUnitOfMeasure" : "UNT",
        "secondaryUnitOfMeasure" : "UNT",
        "purchasingUnitOfMeasure" : "UNT",
        "salesUnitOfMeasure" : "UNT",
        "priceUnitOfMeasure" : "UNT",
        "shippingUnitOfMeasure" : "UNT",
        "productionUnitOfMeasure" : "UNT",
        "componentUnitOfMeasure" : "UNT",
        "volumeUnitOfMeasure" : "UNT",
        "stockedUnitOfMeasure" : "UNT",
        "timeUnitOfMeasure" : "UNT",
        "weightUnitOfMeasure" : "UNT",
        "weightConversionFactor" : 0E-9,
        "dualQuantityUnitOfMeasure" : false,
        "dualPickingProcessOption" : false,
        "dualQuantityUnitOfMeasureTolerance" : false,
        "dualQuantityUnitOfMeasurePercentage" : 0E-15
      },
      "parameters" : {
        "discountFactor" : 0E-15,
        "profitMarginMinimumFactor" : 0E-15,
        "taxOnSalesCode" : "",
        "taxOnPurchaseCode" : "",
        "branchPlantId" : "",
        "customerId" : "",
        "supplierId" : "",
        "rankByInventorySales" : "",
        "rankByInventoryMargin" : "",
        "rankByInventoryInvestment" : "",
        "serviceChargeRate" : 0E-15,
        "disableAutoQtyCombine" : false,
        "showItemOnPosScreen" : false
      },
      "dataGroups" : {
        "categoryCode" : "INV",
        "brandCode" : "SECURE BOX",
        "typeCode" : "AKSESORIS",
        "categoryCode4" : "",
        "landedCostRule" : "",
        "categoryCode6" : "",
        "categoryCode7" : "",
        "categoryCode8" : "",
        "categoryCode9" : "",
        "categoryCode10" : "",
        "salesReportingCode1" : "",
        "salesReportingCode2" : "",
        "salesReportingCode3" : "",
        "salesReportingCode4" : "",
        "salesReportingCode5" : "",
        "salesReportingCode6" : "",
        "salesReportingCode7" : "",
        "salesReportingCode8" : "",
        "salesReportingCode9" : "",
        "salesReportingCode0" : ""
      },
      "lastUpdateDateTime" : "2018-04-09T13:29:44",
      "inputDateTime" : "2018-04-09T13:22:34",
      "_links" : {
        "self" : {
          "href" : "http://localhost/api/items/ACC.SECURE_BOX-CASH_DRAWE"
        },
        "itemMaster" : {
          "href" : "http://localhost/api/items/ACC.SECURE_BOX-CASH_DRAWE"
        },
        "itemBranchInfos" : {
          "href" : "http://localhost/api/items/ACC.SECURE_BOX-CASH_DRAWE/itemBranchInfos"
        },
        "lots" : {
          "href" : "http://localhost/api/items/ACC.SECURE_BOX-CASH_DRAWE/lots"
        },
        "itemLocations" : {
          "href" : "http://localhost/api/items/ACC.SECURE_BOX-CASH_DRAWE/itemLocations"
        }
      }
    } ]
  },
  "_links" : {
    "first" : {
      "href" : "http://localhost/api/items?page=0&size=20"
    },
    "self" : {
      "href" : "http://localhost/api/items{?page,size,sort}",
      "templated" : true
    },
    "next" : {
      "href" : "http://localhost/api/items?page=1&size=20"
    },
    "last" : {
      "href" : "http://localhost/api/items?page=70&size=20"
    },
    "profile" : {
      "href" : "http://localhost/api/profile/items"
    }
  },
  "page" : {
    "size" : 20,
    "totalElements" : 1404,
    "totalPages" : 71,
    "number" : 0
  }
}
    Forwarded URL = null
   Redirected URL = null
          Cookies = []
2018-12-27 11:25:47.018  INFO 2120 --- [    Test worker] o.s.t.c.transaction.TransactionContext   : Rolled back transaction for test: [DefaultTestContext@51aeeb0f testClass = ItemMasterApiTest, testInstance = ags.goldenlionerp.apiTests.item.ItemMasterApiTest@309c7a54, testMethod = getTestCollection@ApiTestBase, testException = [null], mergedContextConfiguration = [WebMergedContextConfiguration@533bfd24 testClass = ItemMasterApiTest, locations = '{}', classes = '{class ags.goldenlionerp.GoldenLionErpApplication}', contextInitializerClasses = '[]', activeProfiles = '{}', propertySourceLocations = '{classpath:test.properties}', propertySourceProperties = '{org.springframework.boot.test.context.SpringBootTestContextBootstrapper=true}', contextCustomizers = set[org.springframework.boot.test.autoconfigure.properties.PropertyMappingContextCustomizer@0, org.springframework.boot.test.autoconfigure.web.servlet.WebDriverContextCustomizerFactory$Customizer@636d731e, [ImportsContextCustomizer@7d81a130 key = [ags.goldenlionerp.apiTests.ApiTestBase$TestConfig]], org.springframework.boot.test.context.filter.ExcludeFilterContextCustomizer@6afa5291, org.springframework.boot.test.json.DuplicateJsonObjectContextCustomizerFactory$DuplicateJsonObjectContextCustomizer@20cebcb4, org.springframework.boot.test.mock.mockito.MockitoContextCustomizer@0, org.springframework.boot.test.web.client.TestRestTemplateContextCustomizer@49a32273], resourceBasePath = 'src/main/webapp', contextLoader = 'org.springframework.boot.test.context.SpringBootContextLoader', parent = [null]], attributes = map['org.springframework.test.context.web.ServletTestExecutionListener.activateListener' -> true, 'org.springframework.test.context.web.ServletTestExecutionListener.populatedRequestContextHolder' -> true, 'org.springframework.test.context.web.ServletTestExecutionListener.resetRequestContextHolder' -> true]]
2018-12-27 11:25:47.020  INFO 2120 --- [    Test worker] o.s.t.c.transaction.TransactionContext   : Began transaction (1) for test context [DefaultTestContext@51aeeb0f testClass = ItemMasterApiTest, testInstance = ags.goldenlionerp.apiTests.item.ItemMasterApiTest@3006f84a, testMethod = createTestWithPut@ApiTestBase, testException = [null], mergedContextConfiguration = [WebMergedContextConfiguration@533bfd24 testClass = ItemMasterApiTest, locations = '{}', classes = '{class ags.goldenlionerp.GoldenLionErpApplication}', contextInitializerClasses = '[]', activeProfiles = '{}', propertySourceLocations = '{classpath:test.properties}', propertySourceProperties = '{org.springframework.boot.test.context.SpringBootTestContextBootstrapper=true}', contextCustomizers = set[org.springframework.boot.test.autoconfigure.properties.PropertyMappingContextCustomizer@0, org.springframework.boot.test.autoconfigure.web.servlet.WebDriverContextCustomizerFactory$Customizer@636d731e, [ImportsContextCustomizer@7d81a130 key = [ags.goldenlionerp.apiTests.ApiTestBase$TestConfig]], org.springframework.boot.test.context.filter.ExcludeFilterContextCustomizer@6afa5291, org.springframework.boot.test.json.DuplicateJsonObjectContextCustomizerFactory$DuplicateJsonObjectContextCustomizer@20cebcb4, org.springframework.boot.test.mock.mockito.MockitoContextCustomizer@0, org.springframework.boot.test.web.client.TestRestTemplateContextCustomizer@49a32273], resourceBasePath = 'src/main/webapp', contextLoader = 'org.springframework.boot.test.context.SpringBootContextLoader', parent = [null]], attributes = map['org.springframework.test.context.web.ServletTestExecutionListener.activateListener' -> true, 'org.springframework.test.context.web.ServletTestExecutionListener.populatedRequestContextHolder' -> true, 'org.springframework.test.context.web.ServletTestExecutionListener.resetRequestContextHolder' -> true]]; transaction manager [org.springframework.orm.jpa.JpaTransactionManager@75de8c12]; rollback [true]
2018-12-27 11:25:47.021  INFO 2120 --- [    Test worker] o.s.b.t.m.w.SpringBootMockServletContext : Initializing Spring FrameworkServlet ''
2018-12-27 11:25:47.021  INFO 2120 --- [    Test worker] o.s.t.web.servlet.TestDispatcherServlet  : FrameworkServlet '': initialization started
2018-12-27 11:25:47.030  INFO 2120 --- [    Test worker] o.s.t.web.servlet.TestDispatcherServlet  : FrameworkServlet '': initialization completed in 9 ms
Hibernate: select itemmaster0_.iminum as iminum1_31_0_, itemmaster0_.imcid as imcid2_31_0_, itemmaster0_.imdtin as imdtin3_31_0_, itemmaster0_.imtmin as imtmin4_31_0_, itemmaster0_.imuid as imuid5_31_0_, itemmaster0_.imdtlu as imdtlu6_31_0_, itemmaster0_.imtmlu as imtmlu7_31_0_, itemmaster0_.imuidm as imuidm8_31_0_, itemmaster0_.iminumb as iminumb9_31_0_, itemmaster0_.imctm as imctm10_31_0_, itemmaster0_.imitc02 as imitc11_31_0_, itemmaster0_.imitc01 as imitc12_31_0_, itemmaster0_.imitc10 as imitc13_31_0_, itemmaster0_.imitc04 as imitc14_31_0_, itemmaster0_.imitc06 as imitc15_31_0_, itemmaster0_.imitc07 as imitc16_31_0_, itemmaster0_.imitc08 as imitc17_31_0_, itemmaster0_.imitc09 as imitc18_31_0_, itemmaster0_.imitc05 as imitc19_31_0_, itemmaster0_.imslrc0 as imslrc20_31_0_, itemmaster0_.imslrc1 as imslrc21_31_0_, itemmaster0_.imslrc2 as imslrc22_31_0_, itemmaster0_.imslrc3 as imslrc23_31_0_, itemmaster0_.imslrc4 as imslrc24_31_0_, itemmaster0_.imslrc5 as imslrc25_31_0_, itemmaster0_.imslrc6 as imslrc26_31_0_, itemmaster0_.imslrc7 as imslrc27_31_0_, itemmaster0_.imslrc8 as imslrc28_31_0_, itemmaster0_.imslrc9 as imslrc29_31_0_, itemmaster0_.imitc03 as imitc30_31_0_, itemmaster0_.imdesb1 as imdesb31_31_0_, itemmaster0_.imdesd1 as imdesd32_31_0_, itemmaster0_.imglcls as imglcls33_31_0_, itemmaster0_.imicl as imicl34_31_0_, itemmaster0_.imilc as imilc35_31_0_, itemmaster0_.iminums as iminums36_31_0_, itemmaster0_.imipg as imipg37_31_0_, itemmaster0_.imlsc as imlsc38_31_0_, itemmaster0_.imdaqc as imdaqc39_31_0_, itemmaster0_.imgscrt as imgscrt40_31_0_, itemmaster0_.imsiops as imsiops41_31_0_, itemmaster0_.imbpid as imbpid42_31_0_, itemmaster0_.imcsid as imcsid43_31_0_, itemmaster0_.imudf as imudf44_31_0_, itemmaster0_.impmmf as impmmf45_31_0_, itemmaster0_.imrbii as imrbii46_31_0_, itemmaster0_.imrbim as imrbim47_31_0_, itemmaster0_.imrbis as imrbis48_31_0_, itemmaster0_.imvnid as imvnid49_31_0_, itemmaster0_.imtaxpc as imtaxpc50_31_0_, itemmaster0_.imtaxsc as imtaxsc51_31_0_, itemmaster0_.iminump as iminump52_31_0_, itemmaster0_.implg as implg53_31_0_, itemmaster0_.imppl as imppl54_31_0_, itemmaster0_.imspl as imspl55_31_0_, itemmaster0_.imsnr as imsnr56_31_0_, itemmaster0_.imskty as imskty57_31_0_, itemmaster0_.imlnty as imlnty58_31_0_, itemmaster0_.imuom9 as imuom59_31_0_, itemmaster0_.imdppo as imdppo60_31_0_, itemmaster0_.imdlum as imdlum61_31_0_, itemmaster0_.imdlump as imdlump62_31_0_, itemmaster0_.imdlumt as imdlumt63_31_0_, itemmaster0_.imuom5 as imuom64_31_0_, itemmaster0_.imuom1 as imuom65_31_0_, itemmaster0_.imuom8 as imuom66_31_0_, itemmaster0_.imuom3 as imuom67_31_0_, itemmaster0_.imuom4 as imuom68_31_0_, itemmaster0_.imuom2 as imuom69_31_0_, itemmaster0_.imuom6 as imuom70_31_0_, itemmaster0_.imuoms as imuoms71_31_0_, itemmaster0_.imuomt as imuomt72_31_0_, itemmaster0_.imuomv as imuomv73_31_0_, itemmaster0_.imwcf as imwcf74_31_0_, itemmaster0_.imuomw as imuomw75_31_0_, itemmaster0_.imvict as imvict76_31_0_ from t4101 itemmaster0_ where itemmaster0_.iminum=?
2018-12-27 11:25:47.051  INFO 2120 --- [    Test worker] o.s.t.c.transaction.TransactionContext   : Rolled back transaction for test: [DefaultTestContext@51aeeb0f testClass = ItemMasterApiTest, testInstance = ags.goldenlionerp.apiTests.item.ItemMasterApiTest@3006f84a, testMethod = createTestWithPut@ApiTestBase, testException = [null], mergedContextConfiguration = [WebMergedContextConfiguration@533bfd24 testClass = ItemMasterApiTest, locations = '{}', classes = '{class ags.goldenlionerp.GoldenLionErpApplication}', contextInitializerClasses = '[]', activeProfiles = '{}', propertySourceLocations = '{classpath:test.properties}', propertySourceProperties = '{org.springframework.boot.test.context.SpringBootTestContextBootstrapper=true}', contextCustomizers = set[org.springframework.boot.test.autoconfigure.properties.PropertyMappingContextCustomizer@0, org.springframework.boot.test.autoconfigure.web.servlet.WebDriverContextCustomizerFactory$Customizer@636d731e, [ImportsContextCustomizer@7d81a130 key = [ags.goldenlionerp.apiTests.ApiTestBase$TestConfig]], org.springframework.boot.test.context.filter.ExcludeFilterContextCustomizer@6afa5291, org.springframework.boot.test.json.DuplicateJsonObjectContextCustomizerFactory$DuplicateJsonObjectContextCustomizer@20cebcb4, org.springframework.boot.test.mock.mockito.MockitoContextCustomizer@0, org.springframework.boot.test.web.client.TestRestTemplateContextCustomizer@49a32273], resourceBasePath = 'src/main/webapp', contextLoader = 'org.springframework.boot.test.context.SpringBootContextLoader', parent = [null]], attributes = map['org.springframework.test.context.web.ServletTestExecutionListener.activateListener' -> true, 'org.springframework.test.context.web.ServletTestExecutionListener.populatedRequestContextHolder' -> true, 'org.springframework.test.context.web.ServletTestExecutionListener.resetRequestContextHolder' -> true]]
2018-12-27 11:25:47.054  INFO 2120 --- [    Test worker] o.s.t.c.transaction.TransactionContext   : Began transaction (1) for test context [DefaultTestContext@51aeeb0f testClass = ItemMasterApiTest, testInstance = ags.goldenlionerp.apiTests.item.ItemMasterApiTest@5cee1e6f, testMethod = deleteTest@ApiTestBase, testException = [null], mergedContextConfiguration = [WebMergedContextConfiguration@533bfd24 testClass = ItemMasterApiTest, locations = '{}', classes = '{class ags.goldenlionerp.GoldenLionErpApplication}', contextInitializerClasses = '[]', activeProfiles = '{}', propertySourceLocations = '{classpath:test.properties}', propertySourceProperties = '{org.springframework.boot.test.context.SpringBootTestContextBootstrapper=true}', contextCustomizers = set[org.springframework.boot.test.autoconfigure.properties.PropertyMappingContextCustomizer@0, org.springframework.boot.test.autoconfigure.web.servlet.WebDriverContextCustomizerFactory$Customizer@636d731e, [ImportsContextCustomizer@7d81a130 key = [ags.goldenlionerp.apiTests.ApiTestBase$TestConfig]], org.springframework.boot.test.context.filter.ExcludeFilterContextCustomizer@6afa5291, org.springframework.boot.test.json.DuplicateJsonObjectContextCustomizerFactory$DuplicateJsonObjectContextCustomizer@20cebcb4, org.springframework.boot.test.mock.mockito.MockitoContextCustomizer@0, org.springframework.boot.test.web.client.TestRestTemplateContextCustomizer@49a32273], resourceBasePath = 'src/main/webapp', contextLoader = 'org.springframework.boot.test.context.SpringBootContextLoader', parent = [null]], attributes = map['org.springframework.test.context.web.ServletTestExecutionListener.activateListener' -> true, 'org.springframework.test.context.web.ServletTestExecutionListener.populatedRequestContextHolder' -> true, 'org.springframework.test.context.web.ServletTestExecutionListener.resetRequestContextHolder' -> true]]; transaction manager [org.springframework.orm.jpa.JpaTransactionManager@75de8c12]; rollback [true]
2018-12-27 11:25:47.055  INFO 2120 --- [    Test worker] o.s.b.t.m.w.SpringBootMockServletContext : Initializing Spring FrameworkServlet ''
2018-12-27 11:25:47.055  INFO 2120 --- [    Test worker] o.s.t.web.servlet.TestDispatcherServlet  : FrameworkServlet '': initialization started
2018-12-27 11:25:47.065  INFO 2120 --- [    Test worker] o.s.t.web.servlet.TestDispatcherServlet  : FrameworkServlet '': initialization completed in 10 ms
Hibernate: select itemmaster0_.iminum as iminum1_31_0_, itemmaster0_.imcid as imcid2_31_0_, itemmaster0_.imdtin as imdtin3_31_0_, itemmaster0_.imtmin as imtmin4_31_0_, itemmaster0_.imuid as imuid5_31_0_, itemmaster0_.imdtlu as imdtlu6_31_0_, itemmaster0_.imtmlu as imtmlu7_31_0_, itemmaster0_.imuidm as imuidm8_31_0_, itemmaster0_.iminumb as iminumb9_31_0_, itemmaster0_.imctm as imctm10_31_0_, itemmaster0_.imitc02 as imitc11_31_0_, itemmaster0_.imitc01 as imitc12_31_0_, itemmaster0_.imitc10 as imitc13_31_0_, itemmaster0_.imitc04 as imitc14_31_0_, itemmaster0_.imitc06 as imitc15_31_0_, itemmaster0_.imitc07 as imitc16_31_0_, itemmaster0_.imitc08 as imitc17_31_0_, itemmaster0_.imitc09 as imitc18_31_0_, itemmaster0_.imitc05 as imitc19_31_0_, itemmaster0_.imslrc0 as imslrc20_31_0_, itemmaster0_.imslrc1 as imslrc21_31_0_, itemmaster0_.imslrc2 as imslrc22_31_0_, itemmaster0_.imslrc3 as imslrc23_31_0_, itemmaster0_.imslrc4 as imslrc24_31_0_, itemmaster0_.imslrc5 as imslrc25_31_0_, itemmaster0_.imslrc6 as imslrc26_31_0_, itemmaster0_.imslrc7 as imslrc27_31_0_, itemmaster0_.imslrc8 as imslrc28_31_0_, itemmaster0_.imslrc9 as imslrc29_31_0_, itemmaster0_.imitc03 as imitc30_31_0_, itemmaster0_.imdesb1 as imdesb31_31_0_, itemmaster0_.imdesd1 as imdesd32_31_0_, itemmaster0_.imglcls as imglcls33_31_0_, itemmaster0_.imicl as imicl34_31_0_, itemmaster0_.imilc as imilc35_31_0_, itemmaster0_.iminums as iminums36_31_0_, itemmaster0_.imipg as imipg37_31_0_, itemmaster0_.imlsc as imlsc38_31_0_, itemmaster0_.imdaqc as imdaqc39_31_0_, itemmaster0_.imgscrt as imgscrt40_31_0_, itemmaster0_.imsiops as imsiops41_31_0_, itemmaster0_.imbpid as imbpid42_31_0_, itemmaster0_.imcsid as imcsid43_31_0_, itemmaster0_.imudf as imudf44_31_0_, itemmaster0_.impmmf as impmmf45_31_0_, itemmaster0_.imrbii as imrbii46_31_0_, itemmaster0_.imrbim as imrbim47_31_0_, itemmaster0_.imrbis as imrbis48_31_0_, itemmaster0_.imvnid as imvnid49_31_0_, itemmaster0_.imtaxpc as imtaxpc50_31_0_, itemmaster0_.imtaxsc as imtaxsc51_31_0_, itemmaster0_.iminump as iminump52_31_0_, itemmaster0_.implg as implg53_31_0_, itemmaster0_.imppl as imppl54_31_0_, itemmaster0_.imspl as imspl55_31_0_, itemmaster0_.imsnr as imsnr56_31_0_, itemmaster0_.imskty as imskty57_31_0_, itemmaster0_.imlnty as imlnty58_31_0_, itemmaster0_.imuom9 as imuom59_31_0_, itemmaster0_.imdppo as imdppo60_31_0_, itemmaster0_.imdlum as imdlum61_31_0_, itemmaster0_.imdlump as imdlump62_31_0_, itemmaster0_.imdlumt as imdlumt63_31_0_, itemmaster0_.imuom5 as imuom64_31_0_, itemmaster0_.imuom1 as imuom65_31_0_, itemmaster0_.imuom8 as imuom66_31_0_, itemmaster0_.imuom3 as imuom67_31_0_, itemmaster0_.imuom4 as imuom68_31_0_, itemmaster0_.imuom2 as imuom69_31_0_, itemmaster0_.imuom6 as imuom70_31_0_, itemmaster0_.imuoms as imuoms71_31_0_, itemmaster0_.imuomt as imuomt72_31_0_, itemmaster0_.imuomv as imuomv73_31_0_, itemmaster0_.imwcf as imwcf74_31_0_, itemmaster0_.imuomw as imuomw75_31_0_, itemmaster0_.imvict as imvict76_31_0_ from t4101 itemmaster0_ where itemmaster0_.iminum=?
2018-12-27 11:25:47.100  INFO 2120 --- [    Test worker] o.s.t.c.transaction.TransactionContext   : Rolled back transaction for test: [DefaultTestContext@51aeeb0f testClass = ItemMasterApiTest, testInstance = ags.goldenlionerp.apiTests.item.ItemMasterApiTest@5cee1e6f, testMethod = deleteTest@ApiTestBase, testException = [null], mergedContextConfiguration = [WebMergedContextConfiguration@533bfd24 testClass = ItemMasterApiTest, locations = '{}', classes = '{class ags.goldenlionerp.GoldenLionErpApplication}', contextInitializerClasses = '[]', activeProfiles = '{}', propertySourceLocations = '{classpath:test.properties}', propertySourceProperties = '{org.springframework.boot.test.context.SpringBootTestContextBootstrapper=true}', contextCustomizers = set[org.springframework.boot.test.autoconfigure.properties.PropertyMappingContextCustomizer@0, org.springframework.boot.test.autoconfigure.web.servlet.WebDriverContextCustomizerFactory$Customizer@636d731e, [ImportsContextCustomizer@7d81a130 key = [ags.goldenlionerp.apiTests.ApiTestBase$TestConfig]], org.springframework.boot.test.context.filter.ExcludeFilterContextCustomizer@6afa5291, org.springframework.boot.test.json.DuplicateJsonObjectContextCustomizerFactory$DuplicateJsonObjectContextCustomizer@20cebcb4, org.springframework.boot.test.mock.mockito.MockitoContextCustomizer@0, org.springframework.boot.test.web.client.TestRestTemplateContextCustomizer@49a32273], resourceBasePath = 'src/main/webapp', contextLoader = 'org.springframework.boot.test.context.SpringBootContextLoader', parent = [null]], attributes = map['org.springframework.test.context.web.ServletTestExecutionListener.activateListener' -> true, 'org.springframework.test.context.web.ServletTestExecutionListener.populatedRequestContextHolder' -> true, 'org.springframework.test.context.web.ServletTestExecutionListener.resetRequestContextHolder' -> true]]
2018-12-27 11:25:47.103  INFO 2120 --- [    Test worker] o.s.t.c.transaction.TransactionContext   : Began transaction (1) for test context [DefaultTestContext@51aeeb0f testClass = ItemMasterApiTest, testInstance = ags.goldenlionerp.apiTests.item.ItemMasterApiTest@b670efa, testMethod = createTestWithPost@ApiTestBase, testException = [null], mergedContextConfiguration = [WebMergedContextConfiguration@533bfd24 testClass = ItemMasterApiTest, locations = '{}', classes = '{class ags.goldenlionerp.GoldenLionErpApplication}', contextInitializerClasses = '[]', activeProfiles = '{}', propertySourceLocations = '{classpath:test.properties}', propertySourceProperties = '{org.springframework.boot.test.context.SpringBootTestContextBootstrapper=true}', contextCustomizers = set[org.springframework.boot.test.autoconfigure.properties.PropertyMappingContextCustomizer@0, org.springframework.boot.test.autoconfigure.web.servlet.WebDriverContextCustomizerFactory$Customizer@636d731e, [ImportsContextCustomizer@7d81a130 key = [ags.goldenlionerp.apiTests.ApiTestBase$TestConfig]], org.springframework.boot.test.context.filter.ExcludeFilterContextCustomizer@6afa5291, org.springframework.boot.test.json.DuplicateJsonObjectContextCustomizerFactory$DuplicateJsonObjectContextCustomizer@20cebcb4, org.springframework.boot.test.mock.mockito.MockitoContextCustomizer@0, org.springframework.boot.test.web.client.TestRestTemplateContextCustomizer@49a32273], resourceBasePath = 'src/main/webapp', contextLoader = 'org.springframework.boot.test.context.SpringBootContextLoader', parent = [null]], attributes = map['org.springframework.test.context.web.ServletTestExecutionListener.activateListener' -> true, 'org.springframework.test.context.web.ServletTestExecutionListener.populatedRequestContextHolder' -> true, 'org.springframework.test.context.web.ServletTestExecutionListener.resetRequestContextHolder' -> true]]; transaction manager [org.springframework.orm.jpa.JpaTransactionManager@75de8c12]; rollback [true]
2018-12-27 11:25:47.104  INFO 2120 --- [    Test worker] o.s.b.t.m.w.SpringBootMockServletContext : Initializing Spring FrameworkServlet ''
2018-12-27 11:25:47.104  INFO 2120 --- [    Test worker] o.s.t.web.servlet.TestDispatcherServlet  : FrameworkServlet '': initialization started
2018-12-27 11:25:47.113  INFO 2120 --- [    Test worker] o.s.t.web.servlet.TestDispatcherServlet  : FrameworkServlet '': initialization completed in 9 ms
Hibernate: select itemmaster0_.iminum as iminum1_31_0_, itemmaster0_.imcid as imcid2_31_0_, itemmaster0_.imdtin as imdtin3_31_0_, itemmaster0_.imtmin as imtmin4_31_0_, itemmaster0_.imuid as imuid5_31_0_, itemmaster0_.imdtlu as imdtlu6_31_0_, itemmaster0_.imtmlu as imtmlu7_31_0_, itemmaster0_.imuidm as imuidm8_31_0_, itemmaster0_.iminumb as iminumb9_31_0_, itemmaster0_.imctm as imctm10_31_0_, itemmaster0_.imitc02 as imitc11_31_0_, itemmaster0_.imitc01 as imitc12_31_0_, itemmaster0_.imitc10 as imitc13_31_0_, itemmaster0_.imitc04 as imitc14_31_0_, itemmaster0_.imitc06 as imitc15_31_0_, itemmaster0_.imitc07 as imitc16_31_0_, itemmaster0_.imitc08 as imitc17_31_0_, itemmaster0_.imitc09 as imitc18_31_0_, itemmaster0_.imitc05 as imitc19_31_0_, itemmaster0_.imslrc0 as imslrc20_31_0_, itemmaster0_.imslrc1 as imslrc21_31_0_, itemmaster0_.imslrc2 as imslrc22_31_0_, itemmaster0_.imslrc3 as imslrc23_31_0_, itemmaster0_.imslrc4 as imslrc24_31_0_, itemmaster0_.imslrc5 as imslrc25_31_0_, itemmaster0_.imslrc6 as imslrc26_31_0_, itemmaster0_.imslrc7 as imslrc27_31_0_, itemmaster0_.imslrc8 as imslrc28_31_0_, itemmaster0_.imslrc9 as imslrc29_31_0_, itemmaster0_.imitc03 as imitc30_31_0_, itemmaster0_.imdesb1 as imdesb31_31_0_, itemmaster0_.imdesd1 as imdesd32_31_0_, itemmaster0_.imglcls as imglcls33_31_0_, itemmaster0_.imicl as imicl34_31_0_, itemmaster0_.imilc as imilc35_31_0_, itemmaster0_.iminums as iminums36_31_0_, itemmaster0_.imipg as imipg37_31_0_, itemmaster0_.imlsc as imlsc38_31_0_, itemmaster0_.imdaqc as imdaqc39_31_0_, itemmaster0_.imgscrt as imgscrt40_31_0_, itemmaster0_.imsiops as imsiops41_31_0_, itemmaster0_.imbpid as imbpid42_31_0_, itemmaster0_.imcsid as imcsid43_31_0_, itemmaster0_.imudf as imudf44_31_0_, itemmaster0_.impmmf as impmmf45_31_0_, itemmaster0_.imrbii as imrbii46_31_0_, itemmaster0_.imrbim as imrbim47_31_0_, itemmaster0_.imrbis as imrbis48_31_0_, itemmaster0_.imvnid as imvnid49_31_0_, itemmaster0_.imtaxpc as imtaxpc50_31_0_, itemmaster0_.imtaxsc as imtaxsc51_31_0_, itemmaster0_.iminump as iminump52_31_0_, itemmaster0_.implg as implg53_31_0_, itemmaster0_.imppl as imppl54_31_0_, itemmaster0_.imspl as imspl55_31_0_, itemmaster0_.imsnr as imsnr56_31_0_, itemmaster0_.imskty as imskty57_31_0_, itemmaster0_.imlnty as imlnty58_31_0_, itemmaster0_.imuom9 as imuom59_31_0_, itemmaster0_.imdppo as imdppo60_31_0_, itemmaster0_.imdlum as imdlum61_31_0_, itemmaster0_.imdlump as imdlump62_31_0_, itemmaster0_.imdlumt as imdlumt63_31_0_, itemmaster0_.imuom5 as imuom64_31_0_, itemmaster0_.imuom1 as imuom65_31_0_, itemmaster0_.imuom8 as imuom66_31_0_, itemmaster0_.imuom3 as imuom67_31_0_, itemmaster0_.imuom4 as imuom68_31_0_, itemmaster0_.imuom2 as imuom69_31_0_, itemmaster0_.imuom6 as imuom70_31_0_, itemmaster0_.imuoms as imuoms71_31_0_, itemmaster0_.imuomt as imuomt72_31_0_, itemmaster0_.imuomv as imuomv73_31_0_, itemmaster0_.imwcf as imwcf74_31_0_, itemmaster0_.imuomw as imuomw75_31_0_, itemmaster0_.imvict as imvict76_31_0_ from t4101 itemmaster0_ where itemmaster0_.iminum=?
Hibernate: select itemmaster0_.iminum as iminum1_31_0_, itemmaster0_.imcid as imcid2_31_0_, itemmaster0_.imdtin as imdtin3_31_0_, itemmaster0_.imtmin as imtmin4_31_0_, itemmaster0_.imuid as imuid5_31_0_, itemmaster0_.imdtlu as imdtlu6_31_0_, itemmaster0_.imtmlu as imtmlu7_31_0_, itemmaster0_.imuidm as imuidm8_31_0_, itemmaster0_.iminumb as iminumb9_31_0_, itemmaster0_.imctm as imctm10_31_0_, itemmaster0_.imitc02 as imitc11_31_0_, itemmaster0_.imitc01 as imitc12_31_0_, itemmaster0_.imitc10 as imitc13_31_0_, itemmaster0_.imitc04 as imitc14_31_0_, itemmaster0_.imitc06 as imitc15_31_0_, itemmaster0_.imitc07 as imitc16_31_0_, itemmaster0_.imitc08 as imitc17_31_0_, itemmaster0_.imitc09 as imitc18_31_0_, itemmaster0_.imitc05 as imitc19_31_0_, itemmaster0_.imslrc0 as imslrc20_31_0_, itemmaster0_.imslrc1 as imslrc21_31_0_, itemmaster0_.imslrc2 as imslrc22_31_0_, itemmaster0_.imslrc3 as imslrc23_31_0_, itemmaster0_.imslrc4 as imslrc24_31_0_, itemmaster0_.imslrc5 as imslrc25_31_0_, itemmaster0_.imslrc6 as imslrc26_31_0_, itemmaster0_.imslrc7 as imslrc27_31_0_, itemmaster0_.imslrc8 as imslrc28_31_0_, itemmaster0_.imslrc9 as imslrc29_31_0_, itemmaster0_.imitc03 as imitc30_31_0_, itemmaster0_.imdesb1 as imdesb31_31_0_, itemmaster0_.imdesd1 as imdesd32_31_0_, itemmaster0_.imglcls as imglcls33_31_0_, itemmaster0_.imicl as imicl34_31_0_, itemmaster0_.imilc as imilc35_31_0_, itemmaster0_.iminums as iminums36_31_0_, itemmaster0_.imipg as imipg37_31_0_, itemmaster0_.imlsc as imlsc38_31_0_, itemmaster0_.imdaqc as imdaqc39_31_0_, itemmaster0_.imgscrt as imgscrt40_31_0_, itemmaster0_.imsiops as imsiops41_31_0_, itemmaster0_.imbpid as imbpid42_31_0_, itemmaster0_.imcsid as imcsid43_31_0_, itemmaster0_.imudf as imudf44_31_0_, itemmaster0_.impmmf as impmmf45_31_0_, itemmaster0_.imrbii as imrbii46_31_0_, itemmaster0_.imrbim as imrbim47_31_0_, itemmaster0_.imrbis as imrbis48_31_0_, itemmaster0_.imvnid as imvnid49_31_0_, itemmaster0_.imtaxpc as imtaxpc50_31_0_, itemmaster0_.imtaxsc as imtaxsc51_31_0_, itemmaster0_.iminump as iminump52_31_0_, itemmaster0_.implg as implg53_31_0_, itemmaster0_.imppl as imppl54_31_0_, itemmaster0_.imspl as imspl55_31_0_, itemmaster0_.imsnr as imsnr56_31_0_, itemmaster0_.imskty as imskty57_31_0_, itemmaster0_.imlnty as imlnty58_31_0_, itemmaster0_.imuom9 as imuom59_31_0_, itemmaster0_.imdppo as imdppo60_31_0_, itemmaster0_.imdlum as imdlum61_31_0_, itemmaster0_.imdlump as imdlump62_31_0_, itemmaster0_.imdlumt as imdlumt63_31_0_, itemmaster0_.imuom5 as imuom64_31_0_, itemmaster0_.imuom1 as imuom65_31_0_, itemmaster0_.imuom8 as imuom66_31_0_, itemmaster0_.imuom3 as imuom67_31_0_, itemmaster0_.imuom4 as imuom68_31_0_, itemmaster0_.imuom2 as imuom69_31_0_, itemmaster0_.imuom6 as imuom70_31_0_, itemmaster0_.imuoms as imuoms71_31_0_, itemmaster0_.imuomt as imuomt72_31_0_, itemmaster0_.imuomv as imuomv73_31_0_, itemmaster0_.imwcf as imwcf74_31_0_, itemmaster0_.imuomw as imuomw75_31_0_, itemmaster0_.imvict as imvict76_31_0_ from t4101 itemmaster0_ where itemmaster0_.iminum=?
Hibernate: insert into t4101 (imcid, imdtin, imtmin, imuid, imdtlu, imtmlu, imuidm, iminumb, imctm, imitc02, imitc01, imitc10, imitc04, imitc06, imitc07, imitc08, imitc09, imitc05, imslrc0, imslrc1, imslrc2, imslrc3, imslrc4, imslrc5, imslrc6, imslrc7, imslrc8, imslrc9, imitc03, imdesb1, imdesd1, imglcls, imicl, imilc, iminums, imipg, imlsc, imdaqc, imgscrt, imsiops, imbpid, imcsid, imudf, impmmf, imrbii, imrbim, imrbis, imvnid, imtaxpc, imtaxsc, iminump, implg, imppl, imspl, imsnr, imskty, imlnty, imuom9, imdppo, imdlum, imdlump, imdlumt, imuom5, imuom1, imuom8, imuom3, imuom4, imuom2, imuom6, imuoms, imuomt, imuomv, imwcf, imuomw, imvict, iminum) values (?, ?, ?, ?, ?, ?, ?, ?, ?, ?, ?, ?, ?, ?, ?, ?, ?, ?, ?, ?, ?, ?, ?, ?, ?, ?, ?, ?, ?, ?, ?, ?, ?, ?, ?, ?, ?, ?, ?, ?, ?, ?, ?, ?, ?, ?, ?, ?, ?, ?, ?, ?, ?, ?, ?, ?, ?, ?, ?, ?, ?, ?, ?, ?, ?, ?, ?, ?, ?, ?, ?, ?, ?, ?, ?, ?)
Hibernate: select itemmaster0_.iminum as iminum1_31_0_, itemmaster0_.imcid as imcid2_31_0_, itemmaster0_.imdtin as imdtin3_31_0_, itemmaster0_.imtmin as imtmin4_31_0_, itemmaster0_.imuid as imuid5_31_0_, itemmaster0_.imdtlu as imdtlu6_31_0_, itemmaster0_.imtmlu as imtmlu7_31_0_, itemmaster0_.imuidm as imuidm8_31_0_, itemmaster0_.iminumb as iminumb9_31_0_, itemmaster0_.imctm as imctm10_31_0_, itemmaster0_.imitc02 as imitc11_31_0_, itemmaster0_.imitc01 as imitc12_31_0_, itemmaster0_.imitc10 as imitc13_31_0_, itemmaster0_.imitc04 as imitc14_31_0_, itemmaster0_.imitc06 as imitc15_31_0_, itemmaster0_.imitc07 as imitc16_31_0_, itemmaster0_.imitc08 as imitc17_31_0_, itemmaster0_.imitc09 as imitc18_31_0_, itemmaster0_.imitc05 as imitc19_31_0_, itemmaster0_.imslrc0 as imslrc20_31_0_, itemmaster0_.imslrc1 as imslrc21_31_0_, itemmaster0_.imslrc2 as imslrc22_31_0_, itemmaster0_.imslrc3 as imslrc23_31_0_, itemmaster0_.imslrc4 as imslrc24_31_0_, itemmaster0_.imslrc5 as imslrc25_31_0_, itemmaster0_.imslrc6 as imslrc26_31_0_, itemmaster0_.imslrc7 as imslrc27_31_0_, itemmaster0_.imslrc8 as imslrc28_31_0_, itemmaster0_.imslrc9 as imslrc29_31_0_, itemmaster0_.imitc03 as imitc30_31_0_, itemmaster0_.imdesb1 as imdesb31_31_0_, itemmaster0_.imdesd1 as imdesd32_31_0_, itemmaster0_.imglcls as imglcls33_31_0_, itemmaster0_.imicl as imicl34_31_0_, itemmaster0_.imilc as imilc35_31_0_, itemmaster0_.iminums as iminums36_31_0_, itemmaster0_.imipg as imipg37_31_0_, itemmaster0_.imlsc as imlsc38_31_0_, itemmaster0_.imdaqc as imdaqc39_31_0_, itemmaster0_.imgscrt as imgscrt40_31_0_, itemmaster0_.imsiops as imsiops41_31_0_, itemmaster0_.imbpid as imbpid42_31_0_, itemmaster0_.imcsid as imcsid43_31_0_, itemmaster0_.imudf as imudf44_31_0_, itemmaster0_.impmmf as impmmf45_31_0_, itemmaster0_.imrbii as imrbii46_31_0_, itemmaster0_.imrbim as imrbim47_31_0_, itemmaster0_.imrbis as imrbis48_31_0_, itemmaster0_.imvnid as imvnid49_31_0_, itemmaster0_.imtaxpc as imtaxpc50_31_0_, itemmaster0_.imtaxsc as imtaxsc51_31_0_, itemmaster0_.iminump as iminump52_31_0_, itemmaster0_.implg as implg53_31_0_, itemmaster0_.imppl as imppl54_31_0_, itemmaster0_.imspl as imspl55_31_0_, itemmaster0_.imsnr as imsnr56_31_0_, itemmaster0_.imskty as imskty57_31_0_, itemmaster0_.imlnty as imlnty58_31_0_, itemmaster0_.imuom9 as imuom59_31_0_, itemmaster0_.imdppo as imdppo60_31_0_, itemmaster0_.imdlum as imdlum61_31_0_, itemmaster0_.imdlump as imdlump62_31_0_, itemmaster0_.imdlumt as imdlumt63_31_0_, itemmaster0_.imuom5 as imuom64_31_0_, itemmaster0_.imuom1 as imuom65_31_0_, itemmaster0_.imuom8 as imuom66_31_0_, itemmaster0_.imuom3 as imuom67_31_0_, itemmaster0_.imuom4 as imuom68_31_0_, itemmaster0_.imuom2 as imuom69_31_0_, itemmaster0_.imuom6 as imuom70_31_0_, itemmaster0_.imuoms as imuoms71_31_0_, itemmaster0_.imuomt as imuomt72_31_0_, itemmaster0_.imuomv as imuomv73_31_0_, itemmaster0_.imwcf as imwcf74_31_0_, itemmaster0_.imuomw as imuomw75_31_0_, itemmaster0_.imvict as imvict76_31_0_ from t4101 itemmaster0_ where itemmaster0_.iminum=?

MockHttpServletRequest:
      HTTP Method = GET
      Request URI = /api/items/TESTITEM
       Parameters = {}
          Headers = {Accept=[application/json]}
             Body = <no character encoding set>
    Session Attrs = {org.springframework.security.web.csrf.HttpSessionCsrfTokenRepository.CSRF_TOKEN=org.springframework.security.web.csrf.DefaultCsrfToken@37d7216a, SPRING_SECURITY_CONTEXT=org.springframework.security.core.context.SecurityContextImpl@475fcd89: Authentication: org.springframework.security.authentication.UsernamePasswordAuthenticationToken@475fcd89: Principal: org.springframework.security.core.userdetails.User@f02988d6: Username: username; Password: [PROTECTED]; Enabled: true; AccountNonExpired: true; credentialsNonExpired: true; AccountNonLocked: true; Not granted any authorities; Credentials: [PROTECTED]; Authenticated: true; Details: null; Not granted any authorities}

Handler:
             Type = org.springframework.data.rest.webmvc.RepositoryEntityController
           Method = public org.springframework.http.ResponseEntity<org.springframework.hateoas.Resource<?>> org.springframework.data.rest.webmvc.RepositoryEntityController.getItemResource(org.springframework.data.rest.webmvc.RootResourceInformation,java.io.Serializable,org.springframework.data.rest.webmvc.PersistentEntityResourceAssembler,org.springframework.http.HttpHeaders) throws org.springframework.web.HttpRequestMethodNotSupportedException

Async:
    Async started = false
     Async result = null

Resolved Exception:
             Type = null

ModelAndView:
        View name = null
             View = null
            Model = null

FlashMap:
       Attributes = null

MockHttpServletResponse:
           Status = 200
    Error message = null
          Headers = {Content-Type=[application/json;charset=UTF-8], X-Content-Type-Options=[nosniff], X-XSS-Protection=[1; mode=block], Cache-Control=[no-cache, no-store, max-age=0, must-revalidate], Pragma=[no-cache], Expires=[0], X-Frame-Options=[DENY]}
     Content type = application/json;charset=UTF-8
             Body = {
  "inputUserId" : "username",
  "lastUpdateUserId" : "username",
  "computerId" : "username",
  "lastSynchronizedDate" : null,
  "lastTransactionDate" : null,
  "itemCode" : "TESTITEM",
  "barcode" : "TESTBARCODE",
  "itemCodeShort" : 123456,
  "description" : "test",
  "descriptionLong" : "teeeeeeeeeesssssssttttt",
  "stockingType" : "",
  "glClass" : "",
  "transactionType" : "",
  "inventoryCostLevel" : "",
  "salesPriceLevel" : "",
  "purchasingPriceLevel" : "",
  "commitmentMethod" : "",
  "inventoryLotCreation" : true,
  "serialNumberRequired" : false,
  "lotStatusCode" : "",
  "itemPriceGroup" : "",
  "printerLocationGroup" : "",
  "variantItemControlType" : "",
  "parentItemNumber" : "",
  "unitsOfMeasure" : {
    "primaryUnitOfMeasure" : "CM",
    "secondaryUnitOfMeasure" : "MT",
    "purchasingUnitOfMeasure" : "CM",
    "salesUnitOfMeasure" : "CM",
    "priceUnitOfMeasure" : "CM",
    "shippingUnitOfMeasure" : "CM",
    "productionUnitOfMeasure" : "CM",
    "componentUnitOfMeasure" : "CM",
    "volumeUnitOfMeasure" : "CM",
    "stockedUnitOfMeasure" : "CM",
    "timeUnitOfMeasure" : "CM",
    "weightUnitOfMeasure" : "CM",
    "weightConversionFactor" : 0E-9,
    "dualQuantityUnitOfMeasure" : false,
    "dualPickingProcessOption" : false,
    "dualQuantityUnitOfMeasureTolerance" : false,
    "dualQuantityUnitOfMeasurePercentage" : 0E-15
  },
  "parameters" : {
    "discountFactor" : 12.345670000000000,
    "profitMarginMinimumFactor" : 0E-15,
    "taxOnSalesCode" : "",
    "taxOnPurchaseCode" : "",
    "branchPlantId" : "",
    "customerId" : "",
    "supplierId" : "",
    "rankByInventorySales" : "",
    "rankByInventoryMargin" : "",
    "rankByInventoryInvestment" : "",
    "serviceChargeRate" : 0E-15,
    "disableAutoQtyCombine" : false,
    "showItemOnPosScreen" : false
  },
  "dataGroups" : {
    "categoryCode" : "FD",
    "brandCode" : "EPSON",
    "typeCode" : "",
    "categoryCode4" : "",
    "landedCostRule" : "",
    "categoryCode6" : "",
    "categoryCode7" : "",
    "categoryCode8" : "",
    "categoryCode9" : "",
    "categoryCode10" : "",
    "salesReportingCode1" : "",
    "salesReportingCode2" : "",
    "salesReportingCode3" : "",
    "salesReportingCode4" : "",
    "salesReportingCode5" : "",
    "salesReportingCode6" : "",
    "salesReportingCode7" : "",
    "salesReportingCode8" : "",
    "salesReportingCode9" : "",
    "salesReportingCode0" : ""
  },
  "lastUpdateDateTime" : "2018-12-27T11:25:47",
  "inputDateTime" : "2018-12-27T11:25:47",
  "_links" : {
    "self" : {
      "href" : "http://localhost/api/items/TESTITEM"
    },
    "itemMaster" : {
      "href" : "http://localhost/api/items/TESTITEM"
    },
    "itemBranchInfos" : {
      "href" : "http://localhost/api/items/TESTITEM/itemBranchInfos"
    },
    "lots" : {
      "href" : "http://localhost/api/items/TESTITEM/lots"
    },
    "itemLocations" : {
      "href" : "http://localhost/api/items/TESTITEM/itemLocations"
    }
  }
}
    Forwarded URL = null
   Redirected URL = null
          Cookies = []
2018-12-27 11:25:47.178  INFO 2120 --- [    Test worker] o.s.t.c.transaction.TransactionContext   : Rolled back transaction for test: [DefaultTestContext@51aeeb0f testClass = ItemMasterApiTest, testInstance = ags.goldenlionerp.apiTests.item.ItemMasterApiTest@b670efa, testMethod = createTestWithPost@ApiTestBase, testException = [null], mergedContextConfiguration = [WebMergedContextConfiguration@533bfd24 testClass = ItemMasterApiTest, locations = '{}', classes = '{class ags.goldenlionerp.GoldenLionErpApplication}', contextInitializerClasses = '[]', activeProfiles = '{}', propertySourceLocations = '{classpath:test.properties}', propertySourceProperties = '{org.springframework.boot.test.context.SpringBootTestContextBootstrapper=true}', contextCustomizers = set[org.springframework.boot.test.autoconfigure.properties.PropertyMappingContextCustomizer@0, org.springframework.boot.test.autoconfigure.web.servlet.WebDriverContextCustomizerFactory$Customizer@636d731e, [ImportsContextCustomizer@7d81a130 key = [ags.goldenlionerp.apiTests.ApiTestBase$TestConfig]], org.springframework.boot.test.context.filter.ExcludeFilterContextCustomizer@6afa5291, org.springframework.boot.test.json.DuplicateJsonObjectContextCustomizerFactory$DuplicateJsonObjectContextCustomizer@20cebcb4, org.springframework.boot.test.mock.mockito.MockitoContextCustomizer@0, org.springframework.boot.test.web.client.TestRestTemplateContextCustomizer@49a32273], resourceBasePath = 'src/main/webapp', contextLoader = 'org.springframework.boot.test.context.SpringBootContextLoader', parent = [null]], attributes = map['org.springframework.test.context.web.ServletTestExecutionListener.activateListener' -> true, 'org.springframework.test.context.web.ServletTestExecutionListener.populatedRequestContextHolder' -> true, 'org.springframework.test.context.web.ServletTestExecutionListener.resetRequestContextHolder' -> true]]
]]></system-out>
  <system-err><![CDATA[]]></system-err>
</testsuite>
