<?xml version="1.0" encoding="UTF-8"?>
<testsuite name="ags.goldenlionerp.apiTests.addresses.PhoneNumberApiTest" tests="8" skipped="0" failures="0" errors="0" timestamp="2018-12-14T10:35:25" hostname="LAPTOP-FHFRCCL6" time="1.032">
  <properties/>
  <testcase name="updateTestWithPatch" classname="ags.goldenlionerp.apiTests.addresses.PhoneNumberApiTest" time="0.109"/>
  <testcase name="massUpdateTest" classname="ags.goldenlionerp.apiTests.addresses.PhoneNumberApiTest" time="0.106"/>
  <testcase name="updateTestWithPut" classname="ags.goldenlionerp.apiTests.addresses.PhoneNumberApiTest" time="0.031"/>
  <testcase name="getTestSingle" classname="ags.goldenlionerp.apiTests.addresses.PhoneNumberApiTest" time="0.026"/>
  <testcase name="getTestCollection" classname="ags.goldenlionerp.apiTests.addresses.PhoneNumberApiTest" time="0.631"/>
  <testcase name="createTestWithPut" classname="ags.goldenlionerp.apiTests.addresses.PhoneNumberApiTest" time="0.037"/>
  <testcase name="deleteTest" classname="ags.goldenlionerp.apiTests.addresses.PhoneNumberApiTest" time="0.036"/>
  <testcase name="createTestWithPost" classname="ags.goldenlionerp.apiTests.addresses.PhoneNumberApiTest" time="0.053"/>
  <system-out><![CDATA[2018-12-14 17:35:25.296  INFO 9212 --- [    Test worker] .b.t.c.SpringBootTestContextBootstrapper : Neither @ContextConfiguration nor @ContextHierarchy found for test class [ags.goldenlionerp.apiTests.addresses.PhoneNumberApiTest], using SpringBootContextLoader
2018-12-14 17:35:25.296  INFO 9212 --- [    Test worker] o.s.t.c.support.AbstractContextLoader    : Could not detect default resource locations for test class [ags.goldenlionerp.apiTests.addresses.PhoneNumberApiTest]: no resource found for suffixes {-context.xml, Context.groovy}.
2018-12-14 17:35:25.296  INFO 9212 --- [    Test worker] t.c.s.AnnotationConfigContextLoaderUtils : Could not detect default configuration classes for test class [ags.goldenlionerp.apiTests.addresses.PhoneNumberApiTest]: PhoneNumberApiTest does not declare any static, non-private, non-final, nested classes annotated with @Configuration.
2018-12-14 17:35:25.312  INFO 9212 --- [    Test worker] .b.t.c.SpringBootTestContextBootstrapper : Found @SpringBootConfiguration ags.goldenlionerp.GoldenLionErpApplication for test class ags.goldenlionerp.apiTests.addresses.PhoneNumberApiTest
2018-12-14 17:35:25.312  INFO 9212 --- [    Test worker] .b.t.c.SpringBootTestContextBootstrapper : Loaded default TestExecutionListener class names from location [META-INF/spring.factories]: [org.springframework.security.test.context.support.WithSecurityContextTestExecutionListener, org.springframework.security.test.context.support.ReactorContextTestExecutionListener, org.springframework.boot.test.autoconfigure.restdocs.RestDocsTestExecutionListener, org.springframework.boot.test.autoconfigure.web.client.MockRestServiceServerResetTestExecutionListener, org.springframework.boot.test.autoconfigure.web.servlet.MockMvcPrintOnlyOnFailureTestExecutionListener, org.springframework.boot.test.autoconfigure.web.servlet.WebDriverTestExecutionListener, org.springframework.boot.test.mock.mockito.MockitoTestExecutionListener, org.springframework.boot.test.mock.mockito.ResetMocksTestExecutionListener, org.springframework.test.context.web.ServletTestExecutionListener, org.springframework.test.context.support.DirtiesContextBeforeModesTestExecutionListener, org.springframework.test.context.support.DependencyInjectionTestExecutionListener, org.springframework.test.context.support.DirtiesContextTestExecutionListener, org.springframework.test.context.transaction.TransactionalTestExecutionListener, org.springframework.test.context.jdbc.SqlScriptsTestExecutionListener]
2018-12-14 17:35:25.312  INFO 9212 --- [    Test worker] .b.t.c.SpringBootTestContextBootstrapper : Using TestExecutionListeners: [org.springframework.test.context.web.ServletTestExecutionListener@6e5c10ac, org.springframework.test.context.support.DirtiesContextBeforeModesTestExecutionListener@61d0c452, org.springframework.boot.test.mock.mockito.MockitoTestExecutionListener@501ba0cb, org.springframework.boot.test.autoconfigure.SpringBootDependencyInjectionTestExecutionListener@5402d698, org.springframework.test.context.support.DirtiesContextTestExecutionListener@5a5575c4, org.springframework.test.context.transaction.TransactionalTestExecutionListener@3dc0c888, org.springframework.test.context.jdbc.SqlScriptsTestExecutionListener@30d03a03, org.springframework.security.test.context.support.WithSecurityContextTestExecutionListener@72248c97, org.springframework.security.test.context.support.ReactorContextTestExecutionListener@3ae3c42, org.springframework.boot.test.autoconfigure.restdocs.RestDocsTestExecutionListener@38912037, org.springframework.boot.test.autoconfigure.web.client.MockRestServiceServerResetTestExecutionListener@9a00504, org.springframework.boot.test.autoconfigure.web.servlet.MockMvcPrintOnlyOnFailureTestExecutionListener@5f367093, org.springframework.boot.test.autoconfigure.web.servlet.WebDriverTestExecutionListener@2d880b1b, org.springframework.boot.test.mock.mockito.ResetMocksTestExecutionListener@1ca90605]
2018-12-14 17:35:25.327  INFO 9212 --- [    Test worker] o.s.t.c.transaction.TransactionContext   : Began transaction (1) for test context [DefaultTestContext@103b9cba testClass = PhoneNumberApiTest, testInstance = ags.goldenlionerp.apiTests.addresses.PhoneNumberApiTest@5e00735a, testMethod = updateTestWithPatch@PhoneNumberApiTest, testException = [null], mergedContextConfiguration = [WebMergedContextConfiguration@15e46327 testClass = PhoneNumberApiTest, locations = '{}', classes = '{class ags.goldenlionerp.GoldenLionErpApplication}', contextInitializerClasses = '[]', activeProfiles = '{}', propertySourceLocations = '{classpath:test.properties}', propertySourceProperties = '{org.springframework.boot.test.context.SpringBootTestContextBootstrapper=true}', contextCustomizers = set[org.springframework.boot.test.autoconfigure.properties.PropertyMappingContextCustomizer@0, org.springframework.boot.test.autoconfigure.web.servlet.WebDriverContextCustomizerFactory$Customizer@636d731e, [ImportsContextCustomizer@67d9bf31 key = [ags.goldenlionerp.apiTests.ApiTestBase$TestConfig]], org.springframework.boot.test.context.filter.ExcludeFilterContextCustomizer@6afa5291, org.springframework.boot.test.json.DuplicateJsonObjectContextCustomizerFactory$DuplicateJsonObjectContextCustomizer@20cebcb4, org.springframework.boot.test.mock.mockito.MockitoContextCustomizer@0, org.springframework.boot.test.web.client.TestRestTemplateContextCustomizer@49a32273], resourceBasePath = 'src/main/webapp', contextLoader = 'org.springframework.boot.test.context.SpringBootContextLoader', parent = [null]], attributes = map['org.springframework.test.context.web.ServletTestExecutionListener.activateListener' -> true, 'org.springframework.test.context.web.ServletTestExecutionListener.populatedRequestContextHolder' -> true, 'org.springframework.test.context.web.ServletTestExecutionListener.resetRequestContextHolder' -> true]]; transaction manager [org.springframework.orm.jpa.JpaTransactionManager@76f112e2]; rollback [true]
2018-12-14 17:35:25.327  INFO 9212 --- [    Test worker] o.s.b.t.m.w.SpringBootMockServletContext : Initializing Spring FrameworkServlet ''
2018-12-14 17:35:25.327  INFO 9212 --- [    Test worker] o.s.t.web.servlet.TestDispatcherServlet  : FrameworkServlet '': initialization started
2018-12-14 17:35:25.343  INFO 9212 --- [    Test worker] o.s.t.web.servlet.TestDispatcherServlet  : FrameworkServlet '': initialization completed in 16 ms
Hibernate: select addressboo0_.adanum as adanum1_16_0_, addressboo0_.adcid as adcid2_16_0_, addressboo0_.addtin as addtin3_16_0_, addressboo0_.adtmin as adtmin4_16_0_, addressboo0_.aduid as aduid5_16_0_, addressboo0_.addtlu as addtlu6_16_0_, addressboo0_.adtmlu as adtmlu7_16_0_, addressboo0_.aduidm as aduidm8_16_0_, addressboo0_.adap as adap9_16_0_, addressboo0_.adar as adar10_16_0_, addressboo0_.adbuid as adbuid11_16_0_, addressboo0_.adcc01 as adcc12_16_0_, addressboo0_.adcc02 as adcc13_16_0_, addressboo0_.adcc03 as adcc14_16_0_, addressboo0_.adcc04 as adcc15_16_0_, addressboo0_.adcc05 as adcc16_16_0_, addressboo0_.adcc06 as adcc17_16_0_, addressboo0_.adcc07 as adcc18_16_0_, addressboo0_.adcc08 as adcc19_16_0_, addressboo0_.adcc09 as adcc20_16_0_, addressboo0_.adcc10 as adcc21_16_0_, addressboo0_.adempl as adempl22_16_0_, addressboo0_.adtmlt as adtmlt23_16_0_, addressboo0_.adlan as adlan24_16_0_, addressboo0_.admlnm as admlnm25_16_0_, addressboo0_.adnm as adnm26_16_0_, addressboo0_.adpan as adpan27_16_0_, addressboo0_.adrecid as adrecid28_16_0_, addressboo0_.adrlid0 as adrlid29_16_0_, addressboo0_.adrlid2 as adrlid30_16_0_, addressboo0_.adrlid3 as adrlid31_16_0_, addressboo0_.adrlid4 as adrlid32_16_0_, addressboo0_.adrlid5 as adrlid33_16_0_, addressboo0_.adrlid6 as adrlid34_16_0_, addressboo0_.adrlid7 as adrlid35_16_0_, addressboo0_.adrlid8 as adrlid36_16_0_, addressboo0_.adrlid9 as adrlid37_16_0_, addressboo0_.adrlid1 as adrlid38_16_0_, addressboo0_.adst as adst39_16_0_, addressboo0_.adtaxid as adtaxid40_16_0_ from t0101 addressboo0_ where addressboo0_.adanum=?
Hibernate: select addresshis0_.eaanum as eaanum1_19_0_, addresshis0_.earecid as earecid2_19_0_, addresshis0_.eaanum as eaanum1_19_1_, addresshis0_.earecid as earecid2_19_1_, addresshis0_.eacid as eacid3_19_1_, addresshis0_.eadtin as eadtin4_19_1_, addresshis0_.eatmin as eatmin5_19_1_, addresshis0_.eauid as eauid6_19_1_, addresshis0_.eadtlu as eadtlu7_19_1_, addresshis0_.eatmlu as eatmlu8_19_1_, addresshis0_.eauidm as eauidm9_19_1_, addresshis0_.eadtls as eadtls10_19_1_, addresshis0_.eaaddr1 as eaaddr11_19_1_, addresshis0_.eaaddr2 as eaaddr12_19_1_, addresshis0_.eaaddr3 as eaaddr13_19_1_, addresshis0_.eaaddr4 as eaaddr14_19_1_, addresshis0_.eacity as eacity15_19_1_, addresshis0_.eacntry as eacntry16_19_1_, addresshis0_.eacnty as eacnty17_19_1_, addresshis0_.eaefdt as eaefdt18_19_1_, addresshis0_.eaemail as eaemail19_19_1_, addresshis0_.eanau as eanau20_19_1_, addresshis0_.eanou as eanou21_19_1_, addresshis0_.eapoldis as eapoldi22_19_1_, addresshis0_.eapscd as eapscd23_19_1_, addresshis0_.eastate as eastate24_19_1_, addresshis0_.easubdis as easubdi25_19_1_ from t0104 addresshis0_ where addresshis0_.eaanum=?
Hibernate: select phonenumbe0_.cmanum as cmanum1_18_0_, phonenumbe0_.cmseq1 as cmseq2_18_0_, phonenumbe0_.cmseq2 as cmseq3_18_0_, phonenumbe0_.cmcid as cmcid4_18_0_, phonenumbe0_.cmdtin as cmdtin5_18_0_, phonenumbe0_.cmtmin as cmtmin6_18_0_, phonenumbe0_.cmuid as cmuid7_18_0_, phonenumbe0_.cmdtlu as cmdtlu8_18_0_, phonenumbe0_.cmtmlu as cmtmlu9_18_0_, phonenumbe0_.cmuidm as cmuidm10_18_0_, phonenumbe0_.cmdtls as cmdtls11_18_0_, phonenumbe0_.cmphac as cmphac12_18_0_, phonenumbe0_.cmphcc as cmphcc13_18_0_, phonenumbe0_.cmdesb1 as cmdesb14_18_0_, phonenumbe0_.cmphno as cmphno15_18_0_, phonenumbe0_.cmphty as cmphty16_18_0_ from t0103 phonenumbe0_ where phonenumbe0_.cmanum=? and phonenumbe0_.cmseq1=? and phonenumbe0_.cmseq2=?
Hibernate: update t0103 set cmcid=?, cmdtlu=?, cmtmlu=?, cmuidm=?, cmdtls=?, cmphac=?, cmphcc=?, cmdesb1=?, cmphno=?, cmphty=? where cmanum=? and cmseq1=? and cmseq2=?
Hibernate: select phonenumbe0_.cmanum as cmanum1_18_0_, phonenumbe0_.cmseq1 as cmseq2_18_0_, phonenumbe0_.cmseq2 as cmseq3_18_0_, phonenumbe0_.cmcid as cmcid4_18_0_, phonenumbe0_.cmdtin as cmdtin5_18_0_, phonenumbe0_.cmtmin as cmtmin6_18_0_, phonenumbe0_.cmuid as cmuid7_18_0_, phonenumbe0_.cmdtlu as cmdtlu8_18_0_, phonenumbe0_.cmtmlu as cmtmlu9_18_0_, phonenumbe0_.cmuidm as cmuidm10_18_0_, phonenumbe0_.cmdtls as cmdtls11_18_0_, phonenumbe0_.cmphac as cmphac12_18_0_, phonenumbe0_.cmphcc as cmphcc13_18_0_, phonenumbe0_.cmdesb1 as cmdesb14_18_0_, phonenumbe0_.cmphno as cmphno15_18_0_, phonenumbe0_.cmphty as cmphty16_18_0_ from t0103 phonenumbe0_ where phonenumbe0_.cmanum=? and phonenumbe0_.cmseq1=? and phonenumbe0_.cmseq2=?
2018-12-14 17:35:25.437  INFO 9212 --- [    Test worker] o.s.t.c.transaction.TransactionContext   : Rolled back transaction for test: [DefaultTestContext@103b9cba testClass = PhoneNumberApiTest, testInstance = ags.goldenlionerp.apiTests.addresses.PhoneNumberApiTest@5e00735a, testMethod = updateTestWithPatch@PhoneNumberApiTest, testException = [null], mergedContextConfiguration = [WebMergedContextConfiguration@15e46327 testClass = PhoneNumberApiTest, locations = '{}', classes = '{class ags.goldenlionerp.GoldenLionErpApplication}', contextInitializerClasses = '[]', activeProfiles = '{}', propertySourceLocations = '{classpath:test.properties}', propertySourceProperties = '{org.springframework.boot.test.context.SpringBootTestContextBootstrapper=true}', contextCustomizers = set[org.springframework.boot.test.autoconfigure.properties.PropertyMappingContextCustomizer@0, org.springframework.boot.test.autoconfigure.web.servlet.WebDriverContextCustomizerFactory$Customizer@636d731e, [ImportsContextCustomizer@67d9bf31 key = [ags.goldenlionerp.apiTests.ApiTestBase$TestConfig]], org.springframework.boot.test.context.filter.ExcludeFilterContextCustomizer@6afa5291, org.springframework.boot.test.json.DuplicateJsonObjectContextCustomizerFactory$DuplicateJsonObjectContextCustomizer@20cebcb4, org.springframework.boot.test.mock.mockito.MockitoContextCustomizer@0, org.springframework.boot.test.web.client.TestRestTemplateContextCustomizer@49a32273], resourceBasePath = 'src/main/webapp', contextLoader = 'org.springframework.boot.test.context.SpringBootContextLoader', parent = [null]], attributes = map['org.springframework.test.context.web.ServletTestExecutionListener.activateListener' -> true, 'org.springframework.test.context.web.ServletTestExecutionListener.populatedRequestContextHolder' -> true, 'org.springframework.test.context.web.ServletTestExecutionListener.resetRequestContextHolder' -> true]]
2018-12-14 17:35:25.452  INFO 9212 --- [    Test worker] o.s.t.c.transaction.TransactionContext   : Began transaction (1) for test context [DefaultTestContext@103b9cba testClass = PhoneNumberApiTest, testInstance = ags.goldenlionerp.apiTests.addresses.PhoneNumberApiTest@45c3f760, testMethod = massUpdateTest@ApiTestBaseMassUpdate, testException = [null], mergedContextConfiguration = [WebMergedContextConfiguration@15e46327 testClass = PhoneNumberApiTest, locations = '{}', classes = '{class ags.goldenlionerp.GoldenLionErpApplication}', contextInitializerClasses = '[]', activeProfiles = '{}', propertySourceLocations = '{classpath:test.properties}', propertySourceProperties = '{org.springframework.boot.test.context.SpringBootTestContextBootstrapper=true}', contextCustomizers = set[org.springframework.boot.test.autoconfigure.properties.PropertyMappingContextCustomizer@0, org.springframework.boot.test.autoconfigure.web.servlet.WebDriverContextCustomizerFactory$Customizer@636d731e, [ImportsContextCustomizer@67d9bf31 key = [ags.goldenlionerp.apiTests.ApiTestBase$TestConfig]], org.springframework.boot.test.context.filter.ExcludeFilterContextCustomizer@6afa5291, org.springframework.boot.test.json.DuplicateJsonObjectContextCustomizerFactory$DuplicateJsonObjectContextCustomizer@20cebcb4, org.springframework.boot.test.mock.mockito.MockitoContextCustomizer@0, org.springframework.boot.test.web.client.TestRestTemplateContextCustomizer@49a32273], resourceBasePath = 'src/main/webapp', contextLoader = 'org.springframework.boot.test.context.SpringBootContextLoader', parent = [null]], attributes = map['org.springframework.test.context.web.ServletTestExecutionListener.activateListener' -> true, 'org.springframework.test.context.web.ServletTestExecutionListener.populatedRequestContextHolder' -> true, 'org.springframework.test.context.web.ServletTestExecutionListener.resetRequestContextHolder' -> true]]; transaction manager [org.springframework.orm.jpa.JpaTransactionManager@76f112e2]; rollback [true]
2018-12-14 17:35:25.452  INFO 9212 --- [    Test worker] o.s.b.t.m.w.SpringBootMockServletContext : Initializing Spring FrameworkServlet ''
2018-12-14 17:35:25.452  INFO 9212 --- [    Test worker] o.s.t.web.servlet.TestDispatcherServlet  : FrameworkServlet '': initialization started
2018-12-14 17:35:25.452  INFO 9212 --- [    Test worker] o.s.t.web.servlet.TestDispatcherServlet  : FrameworkServlet '': initialization completed in 0 ms
Hibernate: select addressboo0_.adanum as adanum1_16_0_, addressboo0_.adcid as adcid2_16_0_, addressboo0_.addtin as addtin3_16_0_, addressboo0_.adtmin as adtmin4_16_0_, addressboo0_.aduid as aduid5_16_0_, addressboo0_.addtlu as addtlu6_16_0_, addressboo0_.adtmlu as adtmlu7_16_0_, addressboo0_.aduidm as aduidm8_16_0_, addressboo0_.adap as adap9_16_0_, addressboo0_.adar as adar10_16_0_, addressboo0_.adbuid as adbuid11_16_0_, addressboo0_.adcc01 as adcc12_16_0_, addressboo0_.adcc02 as adcc13_16_0_, addressboo0_.adcc03 as adcc14_16_0_, addressboo0_.adcc04 as adcc15_16_0_, addressboo0_.adcc05 as adcc16_16_0_, addressboo0_.adcc06 as adcc17_16_0_, addressboo0_.adcc07 as adcc18_16_0_, addressboo0_.adcc08 as adcc19_16_0_, addressboo0_.adcc09 as adcc20_16_0_, addressboo0_.adcc10 as adcc21_16_0_, addressboo0_.adempl as adempl22_16_0_, addressboo0_.adtmlt as adtmlt23_16_0_, addressboo0_.adlan as adlan24_16_0_, addressboo0_.admlnm as admlnm25_16_0_, addressboo0_.adnm as adnm26_16_0_, addressboo0_.adpan as adpan27_16_0_, addressboo0_.adrecid as adrecid28_16_0_, addressboo0_.adrlid0 as adrlid29_16_0_, addressboo0_.adrlid2 as adrlid30_16_0_, addressboo0_.adrlid3 as adrlid31_16_0_, addressboo0_.adrlid4 as adrlid32_16_0_, addressboo0_.adrlid5 as adrlid33_16_0_, addressboo0_.adrlid6 as adrlid34_16_0_, addressboo0_.adrlid7 as adrlid35_16_0_, addressboo0_.adrlid8 as adrlid36_16_0_, addressboo0_.adrlid9 as adrlid37_16_0_, addressboo0_.adrlid1 as adrlid38_16_0_, addressboo0_.adst as adst39_16_0_, addressboo0_.adtaxid as adtaxid40_16_0_ from t0101 addressboo0_ where addressboo0_.adanum=?
Hibernate: select addresshis0_.eaanum as eaanum1_19_0_, addresshis0_.earecid as earecid2_19_0_, addresshis0_.eaanum as eaanum1_19_1_, addresshis0_.earecid as earecid2_19_1_, addresshis0_.eacid as eacid3_19_1_, addresshis0_.eadtin as eadtin4_19_1_, addresshis0_.eatmin as eatmin5_19_1_, addresshis0_.eauid as eauid6_19_1_, addresshis0_.eadtlu as eadtlu7_19_1_, addresshis0_.eatmlu as eatmlu8_19_1_, addresshis0_.eauidm as eauidm9_19_1_, addresshis0_.eadtls as eadtls10_19_1_, addresshis0_.eaaddr1 as eaaddr11_19_1_, addresshis0_.eaaddr2 as eaaddr12_19_1_, addresshis0_.eaaddr3 as eaaddr13_19_1_, addresshis0_.eaaddr4 as eaaddr14_19_1_, addresshis0_.eacity as eacity15_19_1_, addresshis0_.eacntry as eacntry16_19_1_, addresshis0_.eacnty as eacnty17_19_1_, addresshis0_.eaefdt as eaefdt18_19_1_, addresshis0_.eaemail as eaemail19_19_1_, addresshis0_.eanau as eanau20_19_1_, addresshis0_.eanou as eanou21_19_1_, addresshis0_.eapoldis as eapoldi22_19_1_, addresshis0_.eapscd as eapscd23_19_1_, addresshis0_.eastate as eastate24_19_1_, addresshis0_.easubdis as easubdi25_19_1_ from t0104 addresshis0_ where addresshis0_.eaanum=?
Hibernate: select phonenumbe0_.cmanum as cmanum1_18_0_, phonenumbe0_.cmseq1 as cmseq2_18_0_, phonenumbe0_.cmseq2 as cmseq3_18_0_, phonenumbe0_.cmcid as cmcid4_18_0_, phonenumbe0_.cmdtin as cmdtin5_18_0_, phonenumbe0_.cmtmin as cmtmin6_18_0_, phonenumbe0_.cmuid as cmuid7_18_0_, phonenumbe0_.cmdtlu as cmdtlu8_18_0_, phonenumbe0_.cmtmlu as cmtmlu9_18_0_, phonenumbe0_.cmuidm as cmuidm10_18_0_, phonenumbe0_.cmdtls as cmdtls11_18_0_, phonenumbe0_.cmphac as cmphac12_18_0_, phonenumbe0_.cmphcc as cmphcc13_18_0_, phonenumbe0_.cmdesb1 as cmdesb14_18_0_, phonenumbe0_.cmphno as cmphno15_18_0_, phonenumbe0_.cmphty as cmphty16_18_0_ from t0103 phonenumbe0_ where phonenumbe0_.cmanum=? and phonenumbe0_.cmseq1=? and phonenumbe0_.cmseq2=?
Hibernate: select phonenumbe0_.cmanum as cmanum1_18_, phonenumbe0_.cmseq1 as cmseq2_18_, phonenumbe0_.cmseq2 as cmseq3_18_, phonenumbe0_.cmcid as cmcid4_18_, phonenumbe0_.cmdtin as cmdtin5_18_, phonenumbe0_.cmtmin as cmtmin6_18_, phonenumbe0_.cmuid as cmuid7_18_, phonenumbe0_.cmdtlu as cmdtlu8_18_, phonenumbe0_.cmtmlu as cmtmlu9_18_, phonenumbe0_.cmuidm as cmuidm10_18_, phonenumbe0_.cmdtls as cmdtls11_18_, phonenumbe0_.cmphac as cmphac12_18_, phonenumbe0_.cmphcc as cmphcc13_18_, phonenumbe0_.cmdesb1 as cmdesb14_18_, phonenumbe0_.cmphno as cmphno15_18_, phonenumbe0_.cmphty as cmphty16_18_ from t0103 phonenumbe0_ where phonenumbe0_.cmanum=?
Hibernate: select phonenumbe0_.cmanum as cmanum1_18_0_, phonenumbe0_.cmseq1 as cmseq2_18_0_, phonenumbe0_.cmseq2 as cmseq3_18_0_, phonenumbe0_.cmcid as cmcid4_18_0_, phonenumbe0_.cmdtin as cmdtin5_18_0_, phonenumbe0_.cmtmin as cmtmin6_18_0_, phonenumbe0_.cmuid as cmuid7_18_0_, phonenumbe0_.cmdtlu as cmdtlu8_18_0_, phonenumbe0_.cmtmlu as cmtmlu9_18_0_, phonenumbe0_.cmuidm as cmuidm10_18_0_, phonenumbe0_.cmdtls as cmdtls11_18_0_, phonenumbe0_.cmphac as cmphac12_18_0_, phonenumbe0_.cmphcc as cmphcc13_18_0_, phonenumbe0_.cmdesb1 as cmdesb14_18_0_, phonenumbe0_.cmphno as cmphno15_18_0_, phonenumbe0_.cmphty as cmphty16_18_0_ from t0103 phonenumbe0_ where phonenumbe0_.cmanum=? and phonenumbe0_.cmseq1=? and phonenumbe0_.cmseq2=?
Hibernate: insert into t0103 (cmcid, cmdtin, cmtmin, cmuid, cmdtlu, cmtmlu, cmuidm, cmdtls, cmphac, cmphcc, cmdesb1, cmphno, cmphty, cmanum, cmseq1, cmseq2) values (?, ?, ?, ?, ?, ?, ?, ?, ?, ?, ?, ?, ?, ?, ?, ?)
Hibernate: select phonenumbe0_.cmanum as cmanum1_18_, phonenumbe0_.cmseq1 as cmseq2_18_, phonenumbe0_.cmseq2 as cmseq3_18_, phonenumbe0_.cmcid as cmcid4_18_, phonenumbe0_.cmdtin as cmdtin5_18_, phonenumbe0_.cmtmin as cmtmin6_18_, phonenumbe0_.cmuid as cmuid7_18_, phonenumbe0_.cmdtlu as cmdtlu8_18_, phonenumbe0_.cmtmlu as cmtmlu9_18_, phonenumbe0_.cmuidm as cmuidm10_18_, phonenumbe0_.cmdtls as cmdtls11_18_, phonenumbe0_.cmphac as cmphac12_18_, phonenumbe0_.cmphcc as cmphcc13_18_, phonenumbe0_.cmdesb1 as cmdesb14_18_, phonenumbe0_.cmphno as cmphno15_18_, phonenumbe0_.cmphty as cmphty16_18_ from t0103 phonenumbe0_ where phonenumbe0_.cmanum=?
Hibernate: update t0103 set cmcid=?, cmdtlu=?, cmtmlu=?, cmuidm=?, cmdtls=?, cmphac=?, cmphcc=?, cmdesb1=?, cmphno=?, cmphty=? where cmanum=? and cmseq1=? and cmseq2=?
Hibernate: select phonenumbe0_.cmanum as cmanum1_18_0_, phonenumbe0_.cmseq1 as cmseq2_18_0_, phonenumbe0_.cmseq2 as cmseq3_18_0_, phonenumbe0_.cmcid as cmcid4_18_0_, phonenumbe0_.cmdtin as cmdtin5_18_0_, phonenumbe0_.cmtmin as cmtmin6_18_0_, phonenumbe0_.cmuid as cmuid7_18_0_, phonenumbe0_.cmdtlu as cmdtlu8_18_0_, phonenumbe0_.cmtmlu as cmtmlu9_18_0_, phonenumbe0_.cmuidm as cmuidm10_18_0_, phonenumbe0_.cmdtls as cmdtls11_18_0_, phonenumbe0_.cmphac as cmphac12_18_0_, phonenumbe0_.cmphcc as cmphcc13_18_0_, phonenumbe0_.cmdesb1 as cmdesb14_18_0_, phonenumbe0_.cmphno as cmphno15_18_0_, phonenumbe0_.cmphty as cmphty16_18_0_ from t0103 phonenumbe0_ where phonenumbe0_.cmanum=? and phonenumbe0_.cmseq1=? and phonenumbe0_.cmseq2=?
Hibernate: select phonenumbe0_.cmanum as cmanum1_18_0_, phonenumbe0_.cmseq1 as cmseq2_18_0_, phonenumbe0_.cmseq2 as cmseq3_18_0_, phonenumbe0_.cmcid as cmcid4_18_0_, phonenumbe0_.cmdtin as cmdtin5_18_0_, phonenumbe0_.cmtmin as cmtmin6_18_0_, phonenumbe0_.cmuid as cmuid7_18_0_, phonenumbe0_.cmdtlu as cmdtlu8_18_0_, phonenumbe0_.cmtmlu as cmtmlu9_18_0_, phonenumbe0_.cmuidm as cmuidm10_18_0_, phonenumbe0_.cmdtls as cmdtls11_18_0_, phonenumbe0_.cmphac as cmphac12_18_0_, phonenumbe0_.cmphcc as cmphcc13_18_0_, phonenumbe0_.cmdesb1 as cmdesb14_18_0_, phonenumbe0_.cmphno as cmphno15_18_0_, phonenumbe0_.cmphty as cmphty16_18_0_ from t0103 phonenumbe0_ where phonenumbe0_.cmanum=? and phonenumbe0_.cmseq1=? and phonenumbe0_.cmseq2=?
2018-12-14 17:35:25.546  INFO 9212 --- [    Test worker] o.s.t.c.transaction.TransactionContext   : Rolled back transaction for test: [DefaultTestContext@103b9cba testClass = PhoneNumberApiTest, testInstance = ags.goldenlionerp.apiTests.addresses.PhoneNumberApiTest@45c3f760, testMethod = massUpdateTest@ApiTestBaseMassUpdate, testException = [null], mergedContextConfiguration = [WebMergedContextConfiguration@15e46327 testClass = PhoneNumberApiTest, locations = '{}', classes = '{class ags.goldenlionerp.GoldenLionErpApplication}', contextInitializerClasses = '[]', activeProfiles = '{}', propertySourceLocations = '{classpath:test.properties}', propertySourceProperties = '{org.springframework.boot.test.context.SpringBootTestContextBootstrapper=true}', contextCustomizers = set[org.springframework.boot.test.autoconfigure.properties.PropertyMappingContextCustomizer@0, org.springframework.boot.test.autoconfigure.web.servlet.WebDriverContextCustomizerFactory$Customizer@636d731e, [ImportsContextCustomizer@67d9bf31 key = [ags.goldenlionerp.apiTests.ApiTestBase$TestConfig]], org.springframework.boot.test.context.filter.ExcludeFilterContextCustomizer@6afa5291, org.springframework.boot.test.json.DuplicateJsonObjectContextCustomizerFactory$DuplicateJsonObjectContextCustomizer@20cebcb4, org.springframework.boot.test.mock.mockito.MockitoContextCustomizer@0, org.springframework.boot.test.web.client.TestRestTemplateContextCustomizer@49a32273], resourceBasePath = 'src/main/webapp', contextLoader = 'org.springframework.boot.test.context.SpringBootContextLoader', parent = [null]], attributes = map['org.springframework.test.context.web.ServletTestExecutionListener.activateListener' -> true, 'org.springframework.test.context.web.ServletTestExecutionListener.populatedRequestContextHolder' -> true, 'org.springframework.test.context.web.ServletTestExecutionListener.resetRequestContextHolder' -> true]]
2018-12-14 17:35:25.546  INFO 9212 --- [    Test worker] o.s.t.c.transaction.TransactionContext   : Began transaction (1) for test context [DefaultTestContext@103b9cba testClass = PhoneNumberApiTest, testInstance = ags.goldenlionerp.apiTests.addresses.PhoneNumberApiTest@a9e737e, testMethod = updateTestWithPut@ApiTestBase, testException = [null], mergedContextConfiguration = [WebMergedContextConfiguration@15e46327 testClass = PhoneNumberApiTest, locations = '{}', classes = '{class ags.goldenlionerp.GoldenLionErpApplication}', contextInitializerClasses = '[]', activeProfiles = '{}', propertySourceLocations = '{classpath:test.properties}', propertySourceProperties = '{org.springframework.boot.test.context.SpringBootTestContextBootstrapper=true}', contextCustomizers = set[org.springframework.boot.test.autoconfigure.properties.PropertyMappingContextCustomizer@0, org.springframework.boot.test.autoconfigure.web.servlet.WebDriverContextCustomizerFactory$Customizer@636d731e, [ImportsContextCustomizer@67d9bf31 key = [ags.goldenlionerp.apiTests.ApiTestBase$TestConfig]], org.springframework.boot.test.context.filter.ExcludeFilterContextCustomizer@6afa5291, org.springframework.boot.test.json.DuplicateJsonObjectContextCustomizerFactory$DuplicateJsonObjectContextCustomizer@20cebcb4, org.springframework.boot.test.mock.mockito.MockitoContextCustomizer@0, org.springframework.boot.test.web.client.TestRestTemplateContextCustomizer@49a32273], resourceBasePath = 'src/main/webapp', contextLoader = 'org.springframework.boot.test.context.SpringBootContextLoader', parent = [null]], attributes = map['org.springframework.test.context.web.ServletTestExecutionListener.activateListener' -> true, 'org.springframework.test.context.web.ServletTestExecutionListener.populatedRequestContextHolder' -> true, 'org.springframework.test.context.web.ServletTestExecutionListener.resetRequestContextHolder' -> true]]; transaction manager [org.springframework.orm.jpa.JpaTransactionManager@76f112e2]; rollback [true]
2018-12-14 17:35:25.546  INFO 9212 --- [    Test worker] o.s.b.t.m.w.SpringBootMockServletContext : Initializing Spring FrameworkServlet ''
2018-12-14 17:35:25.546  INFO 9212 --- [    Test worker] o.s.t.web.servlet.TestDispatcherServlet  : FrameworkServlet '': initialization started
2018-12-14 17:35:25.562  INFO 9212 --- [    Test worker] o.s.t.web.servlet.TestDispatcherServlet  : FrameworkServlet '': initialization completed in 16 ms
Hibernate: select addressboo0_.adanum as adanum1_16_0_, addressboo0_.adcid as adcid2_16_0_, addressboo0_.addtin as addtin3_16_0_, addressboo0_.adtmin as adtmin4_16_0_, addressboo0_.aduid as aduid5_16_0_, addressboo0_.addtlu as addtlu6_16_0_, addressboo0_.adtmlu as adtmlu7_16_0_, addressboo0_.aduidm as aduidm8_16_0_, addressboo0_.adap as adap9_16_0_, addressboo0_.adar as adar10_16_0_, addressboo0_.adbuid as adbuid11_16_0_, addressboo0_.adcc01 as adcc12_16_0_, addressboo0_.adcc02 as adcc13_16_0_, addressboo0_.adcc03 as adcc14_16_0_, addressboo0_.adcc04 as adcc15_16_0_, addressboo0_.adcc05 as adcc16_16_0_, addressboo0_.adcc06 as adcc17_16_0_, addressboo0_.adcc07 as adcc18_16_0_, addressboo0_.adcc08 as adcc19_16_0_, addressboo0_.adcc09 as adcc20_16_0_, addressboo0_.adcc10 as adcc21_16_0_, addressboo0_.adempl as adempl22_16_0_, addressboo0_.adtmlt as adtmlt23_16_0_, addressboo0_.adlan as adlan24_16_0_, addressboo0_.admlnm as admlnm25_16_0_, addressboo0_.adnm as adnm26_16_0_, addressboo0_.adpan as adpan27_16_0_, addressboo0_.adrecid as adrecid28_16_0_, addressboo0_.adrlid0 as adrlid29_16_0_, addressboo0_.adrlid2 as adrlid30_16_0_, addressboo0_.adrlid3 as adrlid31_16_0_, addressboo0_.adrlid4 as adrlid32_16_0_, addressboo0_.adrlid5 as adrlid33_16_0_, addressboo0_.adrlid6 as adrlid34_16_0_, addressboo0_.adrlid7 as adrlid35_16_0_, addressboo0_.adrlid8 as adrlid36_16_0_, addressboo0_.adrlid9 as adrlid37_16_0_, addressboo0_.adrlid1 as adrlid38_16_0_, addressboo0_.adst as adst39_16_0_, addressboo0_.adtaxid as adtaxid40_16_0_ from t0101 addressboo0_ where addressboo0_.adanum=?
Hibernate: select addresshis0_.eaanum as eaanum1_19_0_, addresshis0_.earecid as earecid2_19_0_, addresshis0_.eaanum as eaanum1_19_1_, addresshis0_.earecid as earecid2_19_1_, addresshis0_.eacid as eacid3_19_1_, addresshis0_.eadtin as eadtin4_19_1_, addresshis0_.eatmin as eatmin5_19_1_, addresshis0_.eauid as eauid6_19_1_, addresshis0_.eadtlu as eadtlu7_19_1_, addresshis0_.eatmlu as eatmlu8_19_1_, addresshis0_.eauidm as eauidm9_19_1_, addresshis0_.eadtls as eadtls10_19_1_, addresshis0_.eaaddr1 as eaaddr11_19_1_, addresshis0_.eaaddr2 as eaaddr12_19_1_, addresshis0_.eaaddr3 as eaaddr13_19_1_, addresshis0_.eaaddr4 as eaaddr14_19_1_, addresshis0_.eacity as eacity15_19_1_, addresshis0_.eacntry as eacntry16_19_1_, addresshis0_.eacnty as eacnty17_19_1_, addresshis0_.eaefdt as eaefdt18_19_1_, addresshis0_.eaemail as eaemail19_19_1_, addresshis0_.eanau as eanau20_19_1_, addresshis0_.eanou as eanou21_19_1_, addresshis0_.eapoldis as eapoldi22_19_1_, addresshis0_.eapscd as eapscd23_19_1_, addresshis0_.eastate as eastate24_19_1_, addresshis0_.easubdis as easubdi25_19_1_ from t0104 addresshis0_ where addresshis0_.eaanum=?
Hibernate: select phonenumbe0_.cmanum as cmanum1_18_0_, phonenumbe0_.cmseq1 as cmseq2_18_0_, phonenumbe0_.cmseq2 as cmseq3_18_0_, phonenumbe0_.cmcid as cmcid4_18_0_, phonenumbe0_.cmdtin as cmdtin5_18_0_, phonenumbe0_.cmtmin as cmtmin6_18_0_, phonenumbe0_.cmuid as cmuid7_18_0_, phonenumbe0_.cmdtlu as cmdtlu8_18_0_, phonenumbe0_.cmtmlu as cmtmlu9_18_0_, phonenumbe0_.cmuidm as cmuidm10_18_0_, phonenumbe0_.cmdtls as cmdtls11_18_0_, phonenumbe0_.cmphac as cmphac12_18_0_, phonenumbe0_.cmphcc as cmphcc13_18_0_, phonenumbe0_.cmdesb1 as cmdesb14_18_0_, phonenumbe0_.cmphno as cmphno15_18_0_, phonenumbe0_.cmphty as cmphty16_18_0_ from t0103 phonenumbe0_ where phonenumbe0_.cmanum=? and phonenumbe0_.cmseq1=? and phonenumbe0_.cmseq2=?
2018-12-14 17:35:25.577  INFO 9212 --- [    Test worker] o.s.t.c.transaction.TransactionContext   : Rolled back transaction for test: [DefaultTestContext@103b9cba testClass = PhoneNumberApiTest, testInstance = ags.goldenlionerp.apiTests.addresses.PhoneNumberApiTest@a9e737e, testMethod = updateTestWithPut@ApiTestBase, testException = [null], mergedContextConfiguration = [WebMergedContextConfiguration@15e46327 testClass = PhoneNumberApiTest, locations = '{}', classes = '{class ags.goldenlionerp.GoldenLionErpApplication}', contextInitializerClasses = '[]', activeProfiles = '{}', propertySourceLocations = '{classpath:test.properties}', propertySourceProperties = '{org.springframework.boot.test.context.SpringBootTestContextBootstrapper=true}', contextCustomizers = set[org.springframework.boot.test.autoconfigure.properties.PropertyMappingContextCustomizer@0, org.springframework.boot.test.autoconfigure.web.servlet.WebDriverContextCustomizerFactory$Customizer@636d731e, [ImportsContextCustomizer@67d9bf31 key = [ags.goldenlionerp.apiTests.ApiTestBase$TestConfig]], org.springframework.boot.test.context.filter.ExcludeFilterContextCustomizer@6afa5291, org.springframework.boot.test.json.DuplicateJsonObjectContextCustomizerFactory$DuplicateJsonObjectContextCustomizer@20cebcb4, org.springframework.boot.test.mock.mockito.MockitoContextCustomizer@0, org.springframework.boot.test.web.client.TestRestTemplateContextCustomizer@49a32273], resourceBasePath = 'src/main/webapp', contextLoader = 'org.springframework.boot.test.context.SpringBootContextLoader', parent = [null]], attributes = map['org.springframework.test.context.web.ServletTestExecutionListener.activateListener' -> true, 'org.springframework.test.context.web.ServletTestExecutionListener.populatedRequestContextHolder' -> true, 'org.springframework.test.context.web.ServletTestExecutionListener.resetRequestContextHolder' -> true]]
2018-12-14 17:35:25.577  INFO 9212 --- [    Test worker] o.s.t.c.transaction.TransactionContext   : Began transaction (1) for test context [DefaultTestContext@103b9cba testClass = PhoneNumberApiTest, testInstance = ags.goldenlionerp.apiTests.addresses.PhoneNumberApiTest@3523e0d5, testMethod = getTestSingle@ApiTestBase, testException = [null], mergedContextConfiguration = [WebMergedContextConfiguration@15e46327 testClass = PhoneNumberApiTest, locations = '{}', classes = '{class ags.goldenlionerp.GoldenLionErpApplication}', contextInitializerClasses = '[]', activeProfiles = '{}', propertySourceLocations = '{classpath:test.properties}', propertySourceProperties = '{org.springframework.boot.test.context.SpringBootTestContextBootstrapper=true}', contextCustomizers = set[org.springframework.boot.test.autoconfigure.properties.PropertyMappingContextCustomizer@0, org.springframework.boot.test.autoconfigure.web.servlet.WebDriverContextCustomizerFactory$Customizer@636d731e, [ImportsContextCustomizer@67d9bf31 key = [ags.goldenlionerp.apiTests.ApiTestBase$TestConfig]], org.springframework.boot.test.context.filter.ExcludeFilterContextCustomizer@6afa5291, org.springframework.boot.test.json.DuplicateJsonObjectContextCustomizerFactory$DuplicateJsonObjectContextCustomizer@20cebcb4, org.springframework.boot.test.mock.mockito.MockitoContextCustomizer@0, org.springframework.boot.test.web.client.TestRestTemplateContextCustomizer@49a32273], resourceBasePath = 'src/main/webapp', contextLoader = 'org.springframework.boot.test.context.SpringBootContextLoader', parent = [null]], attributes = map['org.springframework.test.context.web.ServletTestExecutionListener.activateListener' -> true, 'org.springframework.test.context.web.ServletTestExecutionListener.populatedRequestContextHolder' -> true, 'org.springframework.test.context.web.ServletTestExecutionListener.resetRequestContextHolder' -> true]]; transaction manager [org.springframework.orm.jpa.JpaTransactionManager@76f112e2]; rollback [true]
2018-12-14 17:35:25.577  INFO 9212 --- [    Test worker] o.s.b.t.m.w.SpringBootMockServletContext : Initializing Spring FrameworkServlet ''
2018-12-14 17:35:25.577  INFO 9212 --- [    Test worker] o.s.t.web.servlet.TestDispatcherServlet  : FrameworkServlet '': initialization started
2018-12-14 17:35:25.593  INFO 9212 --- [    Test worker] o.s.t.web.servlet.TestDispatcherServlet  : FrameworkServlet '': initialization completed in 16 ms
Hibernate: select addressboo0_.adanum as adanum1_16_0_, addressboo0_.adcid as adcid2_16_0_, addressboo0_.addtin as addtin3_16_0_, addressboo0_.adtmin as adtmin4_16_0_, addressboo0_.aduid as aduid5_16_0_, addressboo0_.addtlu as addtlu6_16_0_, addressboo0_.adtmlu as adtmlu7_16_0_, addressboo0_.aduidm as aduidm8_16_0_, addressboo0_.adap as adap9_16_0_, addressboo0_.adar as adar10_16_0_, addressboo0_.adbuid as adbuid11_16_0_, addressboo0_.adcc01 as adcc12_16_0_, addressboo0_.adcc02 as adcc13_16_0_, addressboo0_.adcc03 as adcc14_16_0_, addressboo0_.adcc04 as adcc15_16_0_, addressboo0_.adcc05 as adcc16_16_0_, addressboo0_.adcc06 as adcc17_16_0_, addressboo0_.adcc07 as adcc18_16_0_, addressboo0_.adcc08 as adcc19_16_0_, addressboo0_.adcc09 as adcc20_16_0_, addressboo0_.adcc10 as adcc21_16_0_, addressboo0_.adempl as adempl22_16_0_, addressboo0_.adtmlt as adtmlt23_16_0_, addressboo0_.adlan as adlan24_16_0_, addressboo0_.admlnm as admlnm25_16_0_, addressboo0_.adnm as adnm26_16_0_, addressboo0_.adpan as adpan27_16_0_, addressboo0_.adrecid as adrecid28_16_0_, addressboo0_.adrlid0 as adrlid29_16_0_, addressboo0_.adrlid2 as adrlid30_16_0_, addressboo0_.adrlid3 as adrlid31_16_0_, addressboo0_.adrlid4 as adrlid32_16_0_, addressboo0_.adrlid5 as adrlid33_16_0_, addressboo0_.adrlid6 as adrlid34_16_0_, addressboo0_.adrlid7 as adrlid35_16_0_, addressboo0_.adrlid8 as adrlid36_16_0_, addressboo0_.adrlid9 as adrlid37_16_0_, addressboo0_.adrlid1 as adrlid38_16_0_, addressboo0_.adst as adst39_16_0_, addressboo0_.adtaxid as adtaxid40_16_0_ from t0101 addressboo0_ where addressboo0_.adanum=?
Hibernate: select addresshis0_.eaanum as eaanum1_19_0_, addresshis0_.earecid as earecid2_19_0_, addresshis0_.eaanum as eaanum1_19_1_, addresshis0_.earecid as earecid2_19_1_, addresshis0_.eacid as eacid3_19_1_, addresshis0_.eadtin as eadtin4_19_1_, addresshis0_.eatmin as eatmin5_19_1_, addresshis0_.eauid as eauid6_19_1_, addresshis0_.eadtlu as eadtlu7_19_1_, addresshis0_.eatmlu as eatmlu8_19_1_, addresshis0_.eauidm as eauidm9_19_1_, addresshis0_.eadtls as eadtls10_19_1_, addresshis0_.eaaddr1 as eaaddr11_19_1_, addresshis0_.eaaddr2 as eaaddr12_19_1_, addresshis0_.eaaddr3 as eaaddr13_19_1_, addresshis0_.eaaddr4 as eaaddr14_19_1_, addresshis0_.eacity as eacity15_19_1_, addresshis0_.eacntry as eacntry16_19_1_, addresshis0_.eacnty as eacnty17_19_1_, addresshis0_.eaefdt as eaefdt18_19_1_, addresshis0_.eaemail as eaemail19_19_1_, addresshis0_.eanau as eanau20_19_1_, addresshis0_.eanou as eanou21_19_1_, addresshis0_.eapoldis as eapoldi22_19_1_, addresshis0_.eapscd as eapscd23_19_1_, addresshis0_.eastate as eastate24_19_1_, addresshis0_.easubdis as easubdi25_19_1_ from t0104 addresshis0_ where addresshis0_.eaanum=?
Hibernate: select phonenumbe0_.cmanum as cmanum1_18_0_, phonenumbe0_.cmseq1 as cmseq2_18_0_, phonenumbe0_.cmseq2 as cmseq3_18_0_, phonenumbe0_.cmcid as cmcid4_18_0_, phonenumbe0_.cmdtin as cmdtin5_18_0_, phonenumbe0_.cmtmin as cmtmin6_18_0_, phonenumbe0_.cmuid as cmuid7_18_0_, phonenumbe0_.cmdtlu as cmdtlu8_18_0_, phonenumbe0_.cmtmlu as cmtmlu9_18_0_, phonenumbe0_.cmuidm as cmuidm10_18_0_, phonenumbe0_.cmdtls as cmdtls11_18_0_, phonenumbe0_.cmphac as cmphac12_18_0_, phonenumbe0_.cmphcc as cmphcc13_18_0_, phonenumbe0_.cmdesb1 as cmdesb14_18_0_, phonenumbe0_.cmphno as cmphno15_18_0_, phonenumbe0_.cmphty as cmphty16_18_0_ from t0103 phonenumbe0_ where phonenumbe0_.cmanum=? and phonenumbe0_.cmseq1=? and phonenumbe0_.cmseq2=?
2018-12-14 17:35:25.608  INFO 9212 --- [    Test worker] o.s.t.c.transaction.TransactionContext   : Rolled back transaction for test: [DefaultTestContext@103b9cba testClass = PhoneNumberApiTest, testInstance = ags.goldenlionerp.apiTests.addresses.PhoneNumberApiTest@3523e0d5, testMethod = getTestSingle@ApiTestBase, testException = [null], mergedContextConfiguration = [WebMergedContextConfiguration@15e46327 testClass = PhoneNumberApiTest, locations = '{}', classes = '{class ags.goldenlionerp.GoldenLionErpApplication}', contextInitializerClasses = '[]', activeProfiles = '{}', propertySourceLocations = '{classpath:test.properties}', propertySourceProperties = '{org.springframework.boot.test.context.SpringBootTestContextBootstrapper=true}', contextCustomizers = set[org.springframework.boot.test.autoconfigure.properties.PropertyMappingContextCustomizer@0, org.springframework.boot.test.autoconfigure.web.servlet.WebDriverContextCustomizerFactory$Customizer@636d731e, [ImportsContextCustomizer@67d9bf31 key = [ags.goldenlionerp.apiTests.ApiTestBase$TestConfig]], org.springframework.boot.test.context.filter.ExcludeFilterContextCustomizer@6afa5291, org.springframework.boot.test.json.DuplicateJsonObjectContextCustomizerFactory$DuplicateJsonObjectContextCustomizer@20cebcb4, org.springframework.boot.test.mock.mockito.MockitoContextCustomizer@0, org.springframework.boot.test.web.client.TestRestTemplateContextCustomizer@49a32273], resourceBasePath = 'src/main/webapp', contextLoader = 'org.springframework.boot.test.context.SpringBootContextLoader', parent = [null]], attributes = map['org.springframework.test.context.web.ServletTestExecutionListener.activateListener' -> true, 'org.springframework.test.context.web.ServletTestExecutionListener.populatedRequestContextHolder' -> true, 'org.springframework.test.context.web.ServletTestExecutionListener.resetRequestContextHolder' -> true]]
2018-12-14 17:35:25.608  INFO 9212 --- [    Test worker] o.s.t.c.transaction.TransactionContext   : Began transaction (1) for test context [DefaultTestContext@103b9cba testClass = PhoneNumberApiTest, testInstance = ags.goldenlionerp.apiTests.addresses.PhoneNumberApiTest@78530420, testMethod = getTestCollection@ApiTestBase, testException = [null], mergedContextConfiguration = [WebMergedContextConfiguration@15e46327 testClass = PhoneNumberApiTest, locations = '{}', classes = '{class ags.goldenlionerp.GoldenLionErpApplication}', contextInitializerClasses = '[]', activeProfiles = '{}', propertySourceLocations = '{classpath:test.properties}', propertySourceProperties = '{org.springframework.boot.test.context.SpringBootTestContextBootstrapper=true}', contextCustomizers = set[org.springframework.boot.test.autoconfigure.properties.PropertyMappingContextCustomizer@0, org.springframework.boot.test.autoconfigure.web.servlet.WebDriverContextCustomizerFactory$Customizer@636d731e, [ImportsContextCustomizer@67d9bf31 key = [ags.goldenlionerp.apiTests.ApiTestBase$TestConfig]], org.springframework.boot.test.context.filter.ExcludeFilterContextCustomizer@6afa5291, org.springframework.boot.test.json.DuplicateJsonObjectContextCustomizerFactory$DuplicateJsonObjectContextCustomizer@20cebcb4, org.springframework.boot.test.mock.mockito.MockitoContextCustomizer@0, org.springframework.boot.test.web.client.TestRestTemplateContextCustomizer@49a32273], resourceBasePath = 'src/main/webapp', contextLoader = 'org.springframework.boot.test.context.SpringBootContextLoader', parent = [null]], attributes = map['org.springframework.test.context.web.ServletTestExecutionListener.activateListener' -> true, 'org.springframework.test.context.web.ServletTestExecutionListener.populatedRequestContextHolder' -> true, 'org.springframework.test.context.web.ServletTestExecutionListener.resetRequestContextHolder' -> true]]; transaction manager [org.springframework.orm.jpa.JpaTransactionManager@76f112e2]; rollback [true]
2018-12-14 17:35:25.608  INFO 9212 --- [    Test worker] o.s.b.t.m.w.SpringBootMockServletContext : Initializing Spring FrameworkServlet ''
2018-12-14 17:35:25.608  INFO 9212 --- [    Test worker] o.s.t.web.servlet.TestDispatcherServlet  : FrameworkServlet '': initialization started
2018-12-14 17:35:25.608  INFO 9212 --- [    Test worker] o.s.t.web.servlet.TestDispatcherServlet  : FrameworkServlet '': initialization completed in 0 ms
Hibernate: select addressboo0_.adanum as adanum1_16_0_, addressboo0_.adcid as adcid2_16_0_, addressboo0_.addtin as addtin3_16_0_, addressboo0_.adtmin as adtmin4_16_0_, addressboo0_.aduid as aduid5_16_0_, addressboo0_.addtlu as addtlu6_16_0_, addressboo0_.adtmlu as adtmlu7_16_0_, addressboo0_.aduidm as aduidm8_16_0_, addressboo0_.adap as adap9_16_0_, addressboo0_.adar as adar10_16_0_, addressboo0_.adbuid as adbuid11_16_0_, addressboo0_.adcc01 as adcc12_16_0_, addressboo0_.adcc02 as adcc13_16_0_, addressboo0_.adcc03 as adcc14_16_0_, addressboo0_.adcc04 as adcc15_16_0_, addressboo0_.adcc05 as adcc16_16_0_, addressboo0_.adcc06 as adcc17_16_0_, addressboo0_.adcc07 as adcc18_16_0_, addressboo0_.adcc08 as adcc19_16_0_, addressboo0_.adcc09 as adcc20_16_0_, addressboo0_.adcc10 as adcc21_16_0_, addressboo0_.adempl as adempl22_16_0_, addressboo0_.adtmlt as adtmlt23_16_0_, addressboo0_.adlan as adlan24_16_0_, addressboo0_.admlnm as admlnm25_16_0_, addressboo0_.adnm as adnm26_16_0_, addressboo0_.adpan as adpan27_16_0_, addressboo0_.adrecid as adrecid28_16_0_, addressboo0_.adrlid0 as adrlid29_16_0_, addressboo0_.adrlid2 as adrlid30_16_0_, addressboo0_.adrlid3 as adrlid31_16_0_, addressboo0_.adrlid4 as adrlid32_16_0_, addressboo0_.adrlid5 as adrlid33_16_0_, addressboo0_.adrlid6 as adrlid34_16_0_, addressboo0_.adrlid7 as adrlid35_16_0_, addressboo0_.adrlid8 as adrlid36_16_0_, addressboo0_.adrlid9 as adrlid37_16_0_, addressboo0_.adrlid1 as adrlid38_16_0_, addressboo0_.adst as adst39_16_0_, addressboo0_.adtaxid as adtaxid40_16_0_ from t0101 addressboo0_ where addressboo0_.adanum=?
Hibernate: select addresshis0_.eaanum as eaanum1_19_0_, addresshis0_.earecid as earecid2_19_0_, addresshis0_.eaanum as eaanum1_19_1_, addresshis0_.earecid as earecid2_19_1_, addresshis0_.eacid as eacid3_19_1_, addresshis0_.eadtin as eadtin4_19_1_, addresshis0_.eatmin as eatmin5_19_1_, addresshis0_.eauid as eauid6_19_1_, addresshis0_.eadtlu as eadtlu7_19_1_, addresshis0_.eatmlu as eatmlu8_19_1_, addresshis0_.eauidm as eauidm9_19_1_, addresshis0_.eadtls as eadtls10_19_1_, addresshis0_.eaaddr1 as eaaddr11_19_1_, addresshis0_.eaaddr2 as eaaddr12_19_1_, addresshis0_.eaaddr3 as eaaddr13_19_1_, addresshis0_.eaaddr4 as eaaddr14_19_1_, addresshis0_.eacity as eacity15_19_1_, addresshis0_.eacntry as eacntry16_19_1_, addresshis0_.eacnty as eacnty17_19_1_, addresshis0_.eaefdt as eaefdt18_19_1_, addresshis0_.eaemail as eaemail19_19_1_, addresshis0_.eanau as eanau20_19_1_, addresshis0_.eanou as eanou21_19_1_, addresshis0_.eapoldis as eapoldi22_19_1_, addresshis0_.eapscd as eapscd23_19_1_, addresshis0_.eastate as eastate24_19_1_, addresshis0_.easubdis as easubdi25_19_1_ from t0104 addresshis0_ where addresshis0_.eaanum=?
Hibernate: select phonenumbe0_.cmanum as cmanum1_18_, phonenumbe0_.cmseq1 as cmseq2_18_, phonenumbe0_.cmseq2 as cmseq3_18_, phonenumbe0_.cmcid as cmcid4_18_, phonenumbe0_.cmdtin as cmdtin5_18_, phonenumbe0_.cmtmin as cmtmin6_18_, phonenumbe0_.cmuid as cmuid7_18_, phonenumbe0_.cmdtlu as cmdtlu8_18_, phonenumbe0_.cmtmlu as cmtmlu9_18_, phonenumbe0_.cmuidm as cmuidm10_18_, phonenumbe0_.cmdtls as cmdtls11_18_, phonenumbe0_.cmphac as cmphac12_18_, phonenumbe0_.cmphcc as cmphcc13_18_, phonenumbe0_.cmdesb1 as cmdesb14_18_, phonenumbe0_.cmphno as cmphno15_18_, phonenumbe0_.cmphty as cmphty16_18_ from t0103 phonenumbe0_

MockHttpServletRequest:
      HTTP Method = GET
      Request URI = /api/phoneNumbers/
       Parameters = {}
          Headers = {Accept=[application/json]}
             Body = <no character encoding set>
    Session Attrs = {org.springframework.security.web.csrf.HttpSessionCsrfTokenRepository.CSRF_TOKEN=org.springframework.security.web.csrf.DefaultCsrfToken@5baf1e35, SPRING_SECURITY_CONTEXT=org.springframework.security.core.context.SecurityContextImpl@475fcd89: Authentication: org.springframework.security.authentication.UsernamePasswordAuthenticationToken@475fcd89: Principal: org.springframework.security.core.userdetails.User@f02988d6: Username: username; Password: [PROTECTED]; Enabled: true; AccountNonExpired: true; credentialsNonExpired: true; AccountNonLocked: true; Not granted any authorities; Credentials: [PROTECTED]; Authenticated: true; Details: null; Not granted any authorities}

Handler:
             Type = org.springframework.data.rest.webmvc.RepositoryEntityController
           Method = public org.springframework.hateoas.Resources<?> org.springframework.data.rest.webmvc.RepositoryEntityController.getCollectionResource(org.springframework.data.rest.webmvc.RootResourceInformation,org.springframework.data.rest.webmvc.support.DefaultedPageable,org.springframework.data.domain.Sort,org.springframework.data.rest.webmvc.PersistentEntityResourceAssembler) throws org.springframework.data.rest.webmvc.ResourceNotFoundException,org.springframework.web.HttpRequestMethodNotSupportedException

Async:
    Async started = false
     Async result = null

Resolved Exception:
             Type = null

ModelAndView:
        View name = null
             View = null
            Model = null

FlashMap:
       Attributes = null

MockHttpServletResponse:
           Status = 200
    Error message = null
          Headers = {Content-Type=[application/json;charset=UTF-8], X-Content-Type-Options=[nosniff], X-XSS-Protection=[1; mode=block], Cache-Control=[no-cache, no-store, max-age=0, must-revalidate], Pragma=[no-cache], Expires=[0], X-Frame-Options=[DENY]}
     Content type = application/json;charset=UTF-8
             Body = {
  "_embedded" : {
    "phoneNumbers" : [ {
      "inputUserId" : "QSA",
      "lastUpdateUserId" : "QSA",
      "computerId" : "GLSVR171217",
      "lastSynchronizedDate" : null,
      "addressNumber" : "1001",
      "sequence" : 1,
      "countryCode" : "+62",
      "areaCode" : "",
      "phoneNumber" : "031-5356931",
      "phoneType" : "KANTOR",
      "description" : "Kantor",
      "lastUpdateDateTime" : "2017-12-17T00:00:00",
      "inputDateTime" : "2017-12-17T00:00:00",
      "_links" : {
        "self" : {
          "href" : "http://localhost/api/phoneNumbers/1001_0_1"
        },
        "phoneNumber" : {
          "href" : "http://localhost/api/phoneNumbers/1001_0_1"
        },
        "master" : {
          "href" : "http://localhost/api/phoneNumbers/1001_0_1/master"
        }
      }
    }, {
      "inputUserId" : "QSA",
      "lastUpdateUserId" : "QSA",
      "computerId" : "GLSVR171217",
      "lastSynchronizedDate" : null,
      "addressNumber" : "1007",
      "sequence" : 1,
      "countryCode" : "+62",
      "areaCode" : "",
      "phoneNumber" : "031-5921236-7",
      "phoneType" : "KANTOR",
      "description" : "Kantor",
      "lastUpdateDateTime" : "2017-12-17T00:00:00",
      "inputDateTime" : "2017-12-17T00:00:00",
      "_links" : {
        "self" : {
          "href" : "http://localhost/api/phoneNumbers/1007_0_1"
        },
        "phoneNumber" : {
          "href" : "http://localhost/api/phoneNumbers/1007_0_1"
        },
        "master" : {
          "href" : "http://localhost/api/phoneNumbers/1007_0_1/master"
        }
      }
    }, {
      "inputUserId" : "QSA",
      "lastUpdateUserId" : "QSA",
      "computerId" : "GLSVR171217",
      "lastSynchronizedDate" : null,
      "addressNumber" : "1008",
      "sequence" : 1,
      "countryCode" : "+62",
      "areaCode" : "",
      "phoneNumber" : "085707694949",
      "phoneType" : "KANTOR",
      "description" : "Kantor",
      "lastUpdateDateTime" : "2017-12-17T00:00:00",
      "inputDateTime" : "2017-12-17T00:00:00",
      "_links" : {
        "self" : {
          "href" : "http://localhost/api/phoneNumbers/1008_0_1"
        },
        "phoneNumber" : {
          "href" : "http://localhost/api/phoneNumbers/1008_0_1"
        },
        "master" : {
          "href" : "http://localhost/api/phoneNumbers/1008_0_1/master"
        }
      }
    }, {
      "inputUserId" : "QSA",
      "lastUpdateUserId" : "QSA",
      "computerId" : "GLSVR171217",
      "lastSynchronizedDate" : null,
      "addressNumber" : "1009",
      "sequence" : 1,
      "countryCode" : "+62",
      "areaCode" : "",
      "phoneNumber" : "081913555034",
      "phoneType" : "KANTOR",
      "description" : "Kantor",
      "lastUpdateDateTime" : "2017-12-17T00:00:00",
      "inputDateTime" : "2017-12-17T00:00:00",
      "_links" : {
        "self" : {
          "href" : "http://localhost/api/phoneNumbers/1009_0_1"
        },
        "phoneNumber" : {
          "href" : "http://localhost/api/phoneNumbers/1009_0_1"
        },
        "master" : {
          "href" : "http://localhost/api/phoneNumbers/1009_0_1/master"
        }
      }
    }, {
      "inputUserId" : "QSA",
      "lastUpdateUserId" : "QSA",
      "computerId" : "GLSVR171217",
      "lastSynchronizedDate" : null,
      "addressNumber" : "1010",
      "sequence" : 1,
      "countryCode" : "+62",
      "areaCode" : "",
      "phoneNumber" : "081334441933",
      "phoneType" : "KANTOR",
      "description" : "Kantor",
      "lastUpdateDateTime" : "2017-12-17T00:00:00",
      "inputDateTime" : "2017-12-17T00:00:00",
      "_links" : {
        "self" : {
          "href" : "http://localhost/api/phoneNumbers/1010_0_1"
        },
        "phoneNumber" : {
          "href" : "http://localhost/api/phoneNumbers/1010_0_1"
        },
        "master" : {
          "href" : "http://localhost/api/phoneNumbers/1010_0_1/master"
        }
      }
    }, {
      "inputUserId" : "QSA",
      "lastUpdateUserId" : "QSA",
      "computerId" : "GLSVR171217",
      "lastSynchronizedDate" : null,
      "addressNumber" : "1011",
      "sequence" : 1,
      "countryCode" : "+62",
      "areaCode" : "",
      "phoneNumber" : "082230811692",
      "phoneType" : "KANTOR",
      "description" : "Kantor",
      "lastUpdateDateTime" : "2017-12-17T00:00:00",
      "inputDateTime" : "2017-12-17T00:00:00",
      "_links" : {
        "self" : {
          "href" : "http://localhost/api/phoneNumbers/1011_0_1"
        },
        "phoneNumber" : {
          "href" : "http://localhost/api/phoneNumbers/1011_0_1"
        },
        "master" : {
          "href" : "http://localhost/api/phoneNumbers/1011_0_1/master"
        }
      }
    }, {
      "inputUserId" : "QSA",
      "lastUpdateUserId" : "QSA",
      "computerId" : "GLSVR171217",
      "lastSynchronizedDate" : null,
      "addressNumber" : "1013",
      "sequence" : 1,
      "countryCode" : "+62",
      "areaCode" : "",
      "phoneNumber" : "08561835558",
      "phoneType" : "KANTOR",
      "description" : "Kantor",
      "lastUpdateDateTime" : "2017-12-17T00:00:00",
      "inputDateTime" : "2017-12-17T00:00:00",
      "_links" : {
        "self" : {
          "href" : "http://localhost/api/phoneNumbers/1013_0_1"
        },
        "phoneNumber" : {
          "href" : "http://localhost/api/phoneNumbers/1013_0_1"
        },
        "master" : {
          "href" : "http://localhost/api/phoneNumbers/1013_0_1/master"
        }
      }
    }, {
      "inputUserId" : "QSA",
      "lastUpdateUserId" : "QSA",
      "computerId" : "GLSVR171217",
      "lastSynchronizedDate" : null,
      "addressNumber" : "1014",
      "sequence" : 1,
      "countryCode" : "+62",
      "areaCode" : "",
      "phoneNumber" : "083831900696",
      "phoneType" : "KANTOR",
      "description" : "Kantor",
      "lastUpdateDateTime" : "2017-12-17T00:00:00",
      "inputDateTime" : "2017-12-17T00:00:00",
      "_links" : {
        "self" : {
          "href" : "http://localhost/api/phoneNumbers/1014_0_1"
        },
        "phoneNumber" : {
          "href" : "http://localhost/api/phoneNumbers/1014_0_1"
        },
        "master" : {
          "href" : "http://localhost/api/phoneNumbers/1014_0_1/master"
        }
      }
    }, {
      "inputUserId" : "QSA",
      "lastUpdateUserId" : "QSA",
      "computerId" : "GLSVR171217",
      "lastSynchronizedDate" : null,
      "addressNumber" : "1015",
      "sequence" : 1,
      "countryCode" : "+62",
      "areaCode" : "",
      "phoneNumber" : "031-5470614",
      "phoneType" : "KANTOR",
      "description" : "Kantor",
      "lastUpdateDateTime" : "2017-12-17T00:00:00",
      "inputDateTime" : "2017-12-17T00:00:00",
      "_links" : {
        "self" : {
          "href" : "http://localhost/api/phoneNumbers/1015_0_1"
        },
        "phoneNumber" : {
          "href" : "http://localhost/api/phoneNumbers/1015_0_1"
        },
        "master" : {
          "href" : "http://localhost/api/phoneNumbers/1015_0_1/master"
        }
      }
    }, {
      "inputUserId" : "QSA",
      "lastUpdateUserId" : "QSA",
      "computerId" : "GLSVR171217",
      "lastSynchronizedDate" : null,
      "addressNumber" : "1015",
      "sequence" : 3,
      "countryCode" : "+62",
      "areaCode" : "",
      "phoneNumber" : "031-5467964",
      "phoneType" : "KANTOR",
      "description" : "Kantor",
      "lastUpdateDateTime" : "2017-12-17T00:00:00",
      "inputDateTime" : "2017-12-17T00:00:00",
      "_links" : {
        "self" : {
          "href" : "http://localhost/api/phoneNumbers/1015_0_3"
        },
        "phoneNumber" : {
          "href" : "http://localhost/api/phoneNumbers/1015_0_3"
        },
        "master" : {
          "href" : "http://localhost/api/phoneNumbers/1015_0_3/master"
        }
      }
    }, {
      "inputUserId" : "QSA",
      "lastUpdateUserId" : "QSA",
      "computerId" : "GLSVR171217",
      "lastSynchronizedDate" : null,
      "addressNumber" : "1016",
      "sequence" : 1,
      "countryCode" : "+62",
      "areaCode" : "",
      "phoneNumber" : "PABX 6271",
      "phoneType" : "KANTOR",
      "description" : "Kantor",
      "lastUpdateDateTime" : "2017-12-17T00:00:00",
      "inputDateTime" : "2017-12-17T00:00:00",
      "_links" : {
        "self" : {
          "href" : "http://localhost/api/phoneNumbers/1016_0_1"
        },
        "phoneNumber" : {
          "href" : "http://localhost/api/phoneNumbers/1016_0_1"
        },
        "master" : {
          "href" : "http://localhost/api/phoneNumbers/1016_0_1/master"
        }
      }
    }, {
      "inputUserId" : "QSA",
      "lastUpdateUserId" : "QSA",
      "computerId" : "GLSVR171217",
      "lastSynchronizedDate" : null,
      "addressNumber" : "1017",
      "sequence" : 1,
      "countryCode" : "+62",
      "areaCode" : "",
      "phoneNumber" : "085226540622",
      "phoneType" : "KANTOR",
      "description" : "Kantor",
      "lastUpdateDateTime" : "2017-12-17T00:00:00",
      "inputDateTime" : "2017-12-17T00:00:00",
      "_links" : {
        "self" : {
          "href" : "http://localhost/api/phoneNumbers/1017_0_1"
        },
        "phoneNumber" : {
          "href" : "http://localhost/api/phoneNumbers/1017_0_1"
        },
        "master" : {
          "href" : "http://localhost/api/phoneNumbers/1017_0_1/master"
        }
      }
    }, {
      "inputUserId" : "QSA",
      "lastUpdateUserId" : "QSA",
      "computerId" : "GLSVR171217",
      "lastSynchronizedDate" : null,
      "addressNumber" : "1018",
      "sequence" : 1,
      "countryCode" : "+62",
      "areaCode" : "",
      "phoneNumber" : "085109306028",
      "phoneType" : "KANTOR",
      "description" : "Kantor",
      "lastUpdateDateTime" : "2017-12-17T00:00:00",
      "inputDateTime" : "2017-12-17T00:00:00",
      "_links" : {
        "self" : {
          "href" : "http://localhost/api/phoneNumbers/1018_0_1"
        },
        "phoneNumber" : {
          "href" : "http://localhost/api/phoneNumbers/1018_0_1"
        },
        "master" : {
          "href" : "http://localhost/api/phoneNumbers/1018_0_1/master"
        }
      }
    }, {
      "inputUserId" : "QSA",
      "lastUpdateUserId" : "QSA",
      "computerId" : "GLSVR171217",
      "lastSynchronizedDate" : null,
      "addressNumber" : "1019",
      "sequence" : 1,
      "countryCode" : "+62",
      "areaCode" : "",
      "phoneNumber" : "081330686508",
      "phoneType" : "KANTOR",
      "description" : "Kantor",
      "lastUpdateDateTime" : "2017-12-17T00:00:00",
      "inputDateTime" : "2017-12-17T00:00:00",
      "_links" : {
        "self" : {
          "href" : "http://localhost/api/phoneNumbers/1019_0_1"
        },
        "phoneNumber" : {
          "href" : "http://localhost/api/phoneNumbers/1019_0_1"
        },
        "master" : {
          "href" : "http://localhost/api/phoneNumbers/1019_0_1/master"
        }
      }
    }, {
      "inputUserId" : "QSA",
      "lastUpdateUserId" : "QSA",
      "computerId" : "GLSVR171217",
      "lastSynchronizedDate" : null,
      "addressNumber" : "1021",
      "sequence" : 1,
      "countryCode" : "+62",
      "areaCode" : "",
      "phoneNumber" : "031-5171255",
      "phoneType" : "KANTOR",
      "description" : "Kantor",
      "lastUpdateDateTime" : "2017-12-17T00:00:00",
      "inputDateTime" : "2017-12-17T00:00:00",
      "_links" : {
        "self" : {
          "href" : "http://localhost/api/phoneNumbers/1021_0_1"
        },
        "phoneNumber" : {
          "href" : "http://localhost/api/phoneNumbers/1021_0_1"
        },
        "master" : {
          "href" : "http://localhost/api/phoneNumbers/1021_0_1/master"
        }
      }
    }, {
      "inputUserId" : "QSA",
      "lastUpdateUserId" : "QSA",
      "computerId" : "GLSVR171217",
      "lastSynchronizedDate" : null,
      "addressNumber" : "1022",
      "sequence" : 1,
      "countryCode" : "+62",
      "areaCode" : "",
      "phoneNumber" : "0342-807117",
      "phoneType" : "KANTOR",
      "description" : "Kantor",
      "lastUpdateDateTime" : "2017-12-17T00:00:00",
      "inputDateTime" : "2017-12-17T00:00:00",
      "_links" : {
        "self" : {
          "href" : "http://localhost/api/phoneNumbers/1022_0_1"
        },
        "phoneNumber" : {
          "href" : "http://localhost/api/phoneNumbers/1022_0_1"
        },
        "master" : {
          "href" : "http://localhost/api/phoneNumbers/1022_0_1/master"
        }
      }
    }, {
      "inputUserId" : "QSA",
      "lastUpdateUserId" : "QSA",
      "computerId" : "GLSVR171217",
      "lastSynchronizedDate" : null,
      "addressNumber" : "1029",
      "sequence" : 1,
      "countryCode" : "+62",
      "areaCode" : "",
      "phoneNumber" : "082232888666",
      "phoneType" : "KANTOR",
      "description" : "Kantor",
      "lastUpdateDateTime" : "2017-12-17T00:00:00",
      "inputDateTime" : "2017-12-17T00:00:00",
      "_links" : {
        "self" : {
          "href" : "http://localhost/api/phoneNumbers/1029_0_1"
        },
        "phoneNumber" : {
          "href" : "http://localhost/api/phoneNumbers/1029_0_1"
        },
        "master" : {
          "href" : "http://localhost/api/phoneNumbers/1029_0_1/master"
        }
      }
    }, {
      "inputUserId" : "QSA",
      "lastUpdateUserId" : "QSA",
      "computerId" : "GLSVR171217",
      "lastSynchronizedDate" : null,
      "addressNumber" : "1030",
      "sequence" : 1,
      "countryCode" : "+62",
      "areaCode" : "",
      "phoneNumber" : "082232888666",
      "phoneType" : "KANTOR",
      "description" : "Kantor",
      "lastUpdateDateTime" : "2017-12-17T00:00:00",
      "inputDateTime" : "2017-12-17T00:00:00",
      "_links" : {
        "self" : {
          "href" : "http://localhost/api/phoneNumbers/1030_0_1"
        },
        "phoneNumber" : {
          "href" : "http://localhost/api/phoneNumbers/1030_0_1"
        },
        "master" : {
          "href" : "http://localhost/api/phoneNumbers/1030_0_1/master"
        }
      }
    }, {
      "inputUserId" : "QSA",
      "lastUpdateUserId" : "QSA",
      "computerId" : "GLSVR171217",
      "lastSynchronizedDate" : null,
      "addressNumber" : "1031",
      "sequence" : 1,
      "countryCode" : "+62",
      "areaCode" : "",
      "phoneNumber" : "0812141657538",
      "phoneType" : "KANTOR",
      "description" : "Kantor",
      "lastUpdateDateTime" : "2017-12-17T00:00:00",
      "inputDateTime" : "2017-12-17T00:00:00",
      "_links" : {
        "self" : {
          "href" : "http://localhost/api/phoneNumbers/1031_0_1"
        },
        "phoneNumber" : {
          "href" : "http://localhost/api/phoneNumbers/1031_0_1"
        },
        "master" : {
          "href" : "http://localhost/api/phoneNumbers/1031_0_1/master"
        }
      }
    }, {
      "inputUserId" : "QSA",
      "lastUpdateUserId" : "QSA",
      "computerId" : "GLSVR171217",
      "lastSynchronizedDate" : null,
      "addressNumber" : "1032",
      "sequence" : 1,
      "countryCode" : "+62",
      "areaCode" : "",
      "phoneNumber" : "081330111646",
      "phoneType" : "KANTOR",
      "description" : "Kantor",
      "lastUpdateDateTime" : "2017-12-17T00:00:00",
      "inputDateTime" : "2017-12-17T00:00:00",
      "_links" : {
        "self" : {
          "href" : "http://localhost/api/phoneNumbers/1032_0_1"
        },
        "phoneNumber" : {
          "href" : "http://localhost/api/phoneNumbers/1032_0_1"
        },
        "master" : {
          "href" : "http://localhost/api/phoneNumbers/1032_0_1/master"
        }
      }
    }, {
      "inputUserId" : "QSA",
      "lastUpdateUserId" : "QSA",
      "computerId" : "GLSVR171217",
      "lastSynchronizedDate" : null,
      "addressNumber" : "1036",
      "sequence" : 1,
      "countryCode" : "+62",
      "areaCode" : "",
      "phoneNumber" : "085735573507",
      "phoneType" : "KANTOR",
      "description" : "Kantor",
      "lastUpdateDateTime" : "2017-12-17T00:00:00",
      "inputDateTime" : "2017-12-17T00:00:00",
      "_links" : {
        "self" : {
          "href" : "http://localhost/api/phoneNumbers/1036_0_1"
        },
        "phoneNumber" : {
          "href" : "http://localhost/api/phoneNumbers/1036_0_1"
        },
        "master" : {
          "href" : "http://localhost/api/phoneNumbers/1036_0_1/master"
        }
      }
    }, {
      "inputUserId" : "QSA",
      "lastUpdateUserId" : "QSA",
      "computerId" : "GLSVR171217",
      "lastSynchronizedDate" : null,
      "addressNumber" : "1037",
      "sequence" : 1,
      "countryCode" : "+62",
      "areaCode" : "",
      "phoneNumber" : "08116701377",
      "phoneType" : "KANTOR",
      "description" : "Kantor",
      "lastUpdateDateTime" : "2017-12-17T00:00:00",
      "inputDateTime" : "2017-12-17T00:00:00",
      "_links" : {
        "self" : {
          "href" : "http://localhost/api/phoneNumbers/1037_0_1"
        },
        "phoneNumber" : {
          "href" : "http://localhost/api/phoneNumbers/1037_0_1"
        },
        "master" : {
          "href" : "http://localhost/api/phoneNumbers/1037_0_1/master"
        }
      }
    }, {
      "inputUserId" : "QSA",
      "lastUpdateUserId" : "QSA",
      "computerId" : "GLSVR171217",
      "lastSynchronizedDate" : null,
      "addressNumber" : "1038",
      "sequence" : 1,
      "countryCode" : "+62",
      "areaCode" : "",
      "phoneNumber" : "0354-699811",
      "phoneType" : "KANTOR",
      "description" : "Kantor",
      "lastUpdateDateTime" : "2017-12-17T00:00:00",
      "inputDateTime" : "2017-12-17T00:00:00",
      "_links" : {
        "self" : {
          "href" : "http://localhost/api/phoneNumbers/1038_0_1"
        },
        "phoneNumber" : {
          "href" : "http://localhost/api/phoneNumbers/1038_0_1"
        },
        "master" : {
          "href" : "http://localhost/api/phoneNumbers/1038_0_1/master"
        }
      }
    }, {
      "inputUserId" : "QSA",
      "lastUpdateUserId" : "QSA",
      "computerId" : "GLSVR171217",
      "lastSynchronizedDate" : null,
      "addressNumber" : "1039",
      "sequence" : 1,
      "countryCode" : "+62",
      "areaCode" : "",
      "phoneNumber" : "081553333788",
      "phoneType" : "KANTOR",
      "description" : "Kantor",
      "lastUpdateDateTime" : "2017-12-17T00:00:00",
      "inputDateTime" : "2017-12-17T00:00:00",
      "_links" : {
        "self" : {
          "href" : "http://localhost/api/phoneNumbers/1039_0_1"
        },
        "phoneNumber" : {
          "href" : "http://localhost/api/phoneNumbers/1039_0_1"
        },
        "master" : {
          "href" : "http://localhost/api/phoneNumbers/1039_0_1/master"
        }
      }
    }, {
      "inputUserId" : "QSA",
      "lastUpdateUserId" : "QSA",
      "computerId" : "GLSVR171217",
      "lastSynchronizedDate" : null,
      "addressNumber" : "1040",
      "sequence" : 1,
      "countryCode" : "+62",
      "areaCode" : "",
      "phoneNumber" : "08121632019",
      "phoneType" : "KANTOR",
      "description" : "Kantor",
      "lastUpdateDateTime" : "2017-12-17T00:00:00",
      "inputDateTime" : "2017-12-17T00:00:00",
      "_links" : {
        "self" : {
          "href" : "http://localhost/api/phoneNumbers/1040_0_1"
        },
        "phoneNumber" : {
          "href" : "http://localhost/api/phoneNumbers/1040_0_1"
        },
        "master" : {
          "href" : "http://localhost/api/phoneNumbers/1040_0_1/master"
        }
      }
    }, {
      "inputUserId" : "QSA",
      "lastUpdateUserId" : "QSA",
      "computerId" : "GLSVR171217",
      "lastSynchronizedDate" : null,
      "addressNumber" : "1043",
      "sequence" : 1,
      "countryCode" : "+62",
      "areaCode" : "",
      "phoneNumber" : "089680109595",
      "phoneType" : "KANTOR",
      "description" : "Kantor",
      "lastUpdateDateTime" : "2017-12-17T00:00:00",
      "inputDateTime" : "2017-12-17T00:00:00",
      "_links" : {
        "self" : {
          "href" : "http://localhost/api/phoneNumbers/1043_0_1"
        },
        "phoneNumber" : {
          "href" : "http://localhost/api/phoneNumbers/1043_0_1"
        },
        "master" : {
          "href" : "http://localhost/api/phoneNumbers/1043_0_1/master"
        }
      }
    }, {
      "inputUserId" : "QSA",
      "lastUpdateUserId" : "QSA",
      "computerId" : "GLSVR171217",
      "lastSynchronizedDate" : null,
      "addressNumber" : "1046",
      "sequence" : 1,
      "countryCode" : "+62",
      "areaCode" : "",
      "phoneNumber" : "08123232101",
      "phoneType" : "KANTOR",
      "description" : "Kantor",
      "lastUpdateDateTime" : "2017-12-17T00:00:00",
      "inputDateTime" : "2017-12-17T00:00:00",
      "_links" : {
        "self" : {
          "href" : "http://localhost/api/phoneNumbers/1046_0_1"
        },
        "phoneNumber" : {
          "href" : "http://localhost/api/phoneNumbers/1046_0_1"
        },
        "master" : {
          "href" : "http://localhost/api/phoneNumbers/1046_0_1/master"
        }
      }
    }, {
      "inputUserId" : "QSA",
      "lastUpdateUserId" : "QSA",
      "computerId" : "GLSVR171217",
      "lastSynchronizedDate" : null,
      "addressNumber" : "1047",
      "sequence" : 1,
      "countryCode" : "+62",
      "areaCode" : "",
      "phoneNumber" : "08123232101",
      "phoneType" : "KANTOR",
      "description" : "Kantor",
      "lastUpdateDateTime" : "2017-12-17T00:00:00",
      "inputDateTime" : "2017-12-17T00:00:00",
      "_links" : {
        "self" : {
          "href" : "http://localhost/api/phoneNumbers/1047_0_1"
        },
        "phoneNumber" : {
          "href" : "http://localhost/api/phoneNumbers/1047_0_1"
        },
        "master" : {
          "href" : "http://localhost/api/phoneNumbers/1047_0_1/master"
        }
      }
    }, {
      "inputUserId" : "QSA",
      "lastUpdateUserId" : "QSA",
      "computerId" : "GLSVR171217",
      "lastSynchronizedDate" : null,
      "addressNumber" : "1050",
      "sequence" : 1,
      "countryCode" : "+62",
      "areaCode" : "",
      "phoneNumber" : "082334805527",
      "phoneType" : "KANTOR",
      "description" : "Kantor",
      "lastUpdateDateTime" : "2017-12-17T00:00:00",
      "inputDateTime" : "2017-12-17T00:00:00",
      "_links" : {
        "self" : {
          "href" : "http://localhost/api/phoneNumbers/1050_0_1"
        },
        "phoneNumber" : {
          "href" : "http://localhost/api/phoneNumbers/1050_0_1"
        },
        "master" : {
          "href" : "http://localhost/api/phoneNumbers/1050_0_1/master"
        }
      }
    }, {
      "inputUserId" : "QSA",
      "lastUpdateUserId" : "QSA",
      "computerId" : "GLSVR171217",
      "lastSynchronizedDate" : null,
      "addressNumber" : "1053",
      "sequence" : 1,
      "countryCode" : "+62",
      "areaCode" : "",
      "phoneNumber" : "081330377210",
      "phoneType" : "KANTOR",
      "description" : "Kantor",
      "lastUpdateDateTime" : "2017-12-17T00:00:00",
      "inputDateTime" : "2017-12-17T00:00:00",
      "_links" : {
        "self" : {
          "href" : "http://localhost/api/phoneNumbers/1053_0_1"
        },
        "phoneNumber" : {
          "href" : "http://localhost/api/phoneNumbers/1053_0_1"
        },
        "master" : {
          "href" : "http://localhost/api/phoneNumbers/1053_0_1/master"
        }
      }
    }, {
      "inputUserId" : "QSA",
      "lastUpdateUserId" : "QSA",
      "computerId" : "GLSVR171217",
      "lastSynchronizedDate" : null,
      "addressNumber" : "1055",
      "sequence" : 1,
      "countryCode" : "+62",
      "areaCode" : "",
      "phoneNumber" : "031-5954444",
      "phoneType" : "KANTOR",
      "description" : "Kantor",
      "lastUpdateDateTime" : "2017-12-17T00:00:00",
      "inputDateTime" : "2017-12-17T00:00:00",
      "_links" : {
        "self" : {
          "href" : "http://localhost/api/phoneNumbers/1055_0_1"
        },
        "phoneNumber" : {
          "href" : "http://localhost/api/phoneNumbers/1055_0_1"
        },
        "master" : {
          "href" : "http://localhost/api/phoneNumbers/1055_0_1/master"
        }
      }
    }, {
      "inputUserId" : "QSA",
      "lastUpdateUserId" : "QSA",
      "computerId" : "GLSVR171217",
      "lastSynchronizedDate" : null,
      "addressNumber" : "1057",
      "sequence" : 1,
      "countryCode" : "+62",
      "areaCode" : "",
      "phoneNumber" : "031-5480922",
      "phoneType" : "KANTOR",
      "description" : "Kantor",
      "lastUpdateDateTime" : "2017-12-17T00:00:00",
      "inputDateTime" : "2017-12-17T00:00:00",
      "_links" : {
        "self" : {
          "href" : "http://localhost/api/phoneNumbers/1057_0_1"
        },
        "phoneNumber" : {
          "href" : "http://localhost/api/phoneNumbers/1057_0_1"
        },
        "master" : {
          "href" : "http://localhost/api/phoneNumbers/1057_0_1/master"
        }
      }
    }, {
      "inputUserId" : "QSA",
      "lastUpdateUserId" : "QSA",
      "computerId" : "GLSVR171217",
      "lastSynchronizedDate" : null,
      "addressNumber" : "1059",
      "sequence" : 1,
      "countryCode" : "+62",
      "areaCode" : "",
      "phoneNumber" : "031-7505652",
      "phoneType" : "KANTOR",
      "description" : "Kantor",
      "lastUpdateDateTime" : "2017-12-17T00:00:00",
      "inputDateTime" : "2017-12-17T00:00:00",
      "_links" : {
        "self" : {
          "href" : "http://localhost/api/phoneNumbers/1059_0_1"
        },
        "phoneNumber" : {
          "href" : "http://localhost/api/phoneNumbers/1059_0_1"
        },
        "master" : {
          "href" : "http://localhost/api/phoneNumbers/1059_0_1/master"
        }
      }
    }, {
      "inputUserId" : "QSA",
      "lastUpdateUserId" : "QSA",
      "computerId" : "GLSVR171217",
      "lastSynchronizedDate" : null,
      "addressNumber" : "1064",
      "sequence" : 1,
      "countryCode" : "+62",
      "areaCode" : "",
      "phoneNumber" : "081331203683",
      "phoneType" : "KANTOR",
      "description" : "Kantor",
      "lastUpdateDateTime" : "2017-12-17T00:00:00",
      "inputDateTime" : "2017-12-17T00:00:00",
      "_links" : {
        "self" : {
          "href" : "http://localhost/api/phoneNumbers/1064_0_1"
        },
        "phoneNumber" : {
          "href" : "http://localhost/api/phoneNumbers/1064_0_1"
        },
        "master" : {
          "href" : "http://localhost/api/phoneNumbers/1064_0_1/master"
        }
      }
    }, {
      "inputUserId" : "QSA",
      "lastUpdateUserId" : "QSA",
      "computerId" : "GLSVR171217",
      "lastSynchronizedDate" : null,
      "addressNumber" : "1066",
      "sequence" : 1,
      "countryCode" : "+62",
      "areaCode" : "",
      "phoneNumber" : "031-5982981",
      "phoneType" : "KANTOR",
      "description" : "Kantor",
      "lastUpdateDateTime" : "2017-12-17T00:00:00",
      "inputDateTime" : "2017-12-17T00:00:00",
      "_links" : {
        "self" : {
          "href" : "http://localhost/api/phoneNumbers/1066_0_1"
        },
        "phoneNumber" : {
          "href" : "http://localhost/api/phoneNumbers/1066_0_1"
        },
        "master" : {
          "href" : "http://localhost/api/phoneNumbers/1066_0_1/master"
        }
      }
    }, {
      "inputUserId" : "QSA",
      "lastUpdateUserId" : "QSA",
      "computerId" : "GLSVR171217",
      "lastSynchronizedDate" : null,
      "addressNumber" : "1067",
      "sequence" : 1,
      "countryCode" : "+62",
      "areaCode" : "",
      "phoneNumber" : "031-5014333",
      "phoneType" : "KANTOR",
      "description" : "Kantor",
      "lastUpdateDateTime" : "2017-12-17T00:00:00",
      "inputDateTime" : "2017-12-17T00:00:00",
      "_links" : {
        "self" : {
          "href" : "http://localhost/api/phoneNumbers/1067_0_1"
        },
        "phoneNumber" : {
          "href" : "http://localhost/api/phoneNumbers/1067_0_1"
        },
        "master" : {
          "href" : "http://localhost/api/phoneNumbers/1067_0_1/master"
        }
      }
    }, {
      "inputUserId" : "QSA",
      "lastUpdateUserId" : "QSA",
      "computerId" : "GLSVR171217",
      "lastSynchronizedDate" : null,
      "addressNumber" : "1069",
      "sequence" : 1,
      "countryCode" : "+62",
      "areaCode" : "",
      "phoneNumber" : "085649600092",
      "phoneType" : "KANTOR",
      "description" : "Kantor",
      "lastUpdateDateTime" : "2017-12-17T00:00:00",
      "inputDateTime" : "2017-12-17T00:00:00",
      "_links" : {
        "self" : {
          "href" : "http://localhost/api/phoneNumbers/1069_0_1"
        },
        "phoneNumber" : {
          "href" : "http://localhost/api/phoneNumbers/1069_0_1"
        },
        "master" : {
          "href" : "http://localhost/api/phoneNumbers/1069_0_1/master"
        }
      }
    }, {
      "inputUserId" : "QSA",
      "lastUpdateUserId" : "QSA",
      "computerId" : "GLSVR171217",
      "lastSynchronizedDate" : null,
      "addressNumber" : "1072",
      "sequence" : 1,
      "countryCode" : "+62",
      "areaCode" : "",
      "phoneNumber" : "085643966342",
      "phoneType" : "KANTOR",
      "description" : "Kantor",
      "lastUpdateDateTime" : "2017-12-17T00:00:00",
      "inputDateTime" : "2017-12-17T00:00:00",
      "_links" : {
        "self" : {
          "href" : "http://localhost/api/phoneNumbers/1072_0_1"
        },
        "phoneNumber" : {
          "href" : "http://localhost/api/phoneNumbers/1072_0_1"
        },
        "master" : {
          "href" : "http://localhost/api/phoneNumbers/1072_0_1/master"
        }
      }
    }, {
      "inputUserId" : "QSA",
      "lastUpdateUserId" : "QSA",
      "computerId" : "GLSVR171217",
      "lastSynchronizedDate" : null,
      "addressNumber" : "1073",
      "sequence" : 1,
      "countryCode" : "+62",
      "areaCode" : "",
      "phoneNumber" : "031-3291966",
      "phoneType" : "KANTOR",
      "description" : "Kantor",
      "lastUpdateDateTime" : "2017-12-17T00:00:00",
      "inputDateTime" : "2017-12-17T00:00:00",
      "_links" : {
        "self" : {
          "href" : "http://localhost/api/phoneNumbers/1073_0_1"
        },
        "phoneNumber" : {
          "href" : "http://localhost/api/phoneNumbers/1073_0_1"
        },
        "master" : {
          "href" : "http://localhost/api/phoneNumbers/1073_0_1/master"
        }
      }
    }, {
      "inputUserId" : "QSA",
      "lastUpdateUserId" : "QSA",
      "computerId" : "GLSVR171217",
      "lastSynchronizedDate" : null,
      "addressNumber" : "1083",
      "sequence" : 1,
      "countryCode" : "+62",
      "areaCode" : "",
      "phoneNumber" : "085748222342",
      "phoneType" : "KANTOR",
      "description" : "Kantor",
      "lastUpdateDateTime" : "2017-12-17T00:00:00",
      "inputDateTime" : "2017-12-17T00:00:00",
      "_links" : {
        "self" : {
          "href" : "http://localhost/api/phoneNumbers/1083_0_1"
        },
        "phoneNumber" : {
          "href" : "http://localhost/api/phoneNumbers/1083_0_1"
        },
        "master" : {
          "href" : "http://localhost/api/phoneNumbers/1083_0_1/master"
        }
      }
    }, {
      "inputUserId" : "QSA",
      "lastUpdateUserId" : "QSA",
      "computerId" : "GLSVR171217",
      "lastSynchronizedDate" : null,
      "addressNumber" : "1089",
      "sequence" : 1,
      "countryCode" : "+62",
      "areaCode" : "",
      "phoneNumber" : "085649413901",
      "phoneType" : "KANTOR",
      "description" : "Kantor",
      "lastUpdateDateTime" : "2017-12-17T00:00:00",
      "inputDateTime" : "2017-12-17T00:00:00",
      "_links" : {
        "self" : {
          "href" : "http://localhost/api/phoneNumbers/1089_0_1"
        },
        "phoneNumber" : {
          "href" : "http://localhost/api/phoneNumbers/1089_0_1"
        },
        "master" : {
          "href" : "http://localhost/api/phoneNumbers/1089_0_1/master"
        }
      }
    }, {
      "inputUserId" : "QSA",
      "lastUpdateUserId" : "QSA",
      "computerId" : "GLSVR171217",
      "lastSynchronizedDate" : null,
      "addressNumber" : "1090",
      "sequence" : 1,
      "countryCode" : "+62",
      "areaCode" : "",
      "phoneNumber" : "081331479882",
      "phoneType" : "KANTOR",
      "description" : "Kantor",
      "lastUpdateDateTime" : "2017-12-17T00:00:00",
      "inputDateTime" : "2017-12-17T00:00:00",
      "_links" : {
        "self" : {
          "href" : "http://localhost/api/phoneNumbers/1090_0_1"
        },
        "phoneNumber" : {
          "href" : "http://localhost/api/phoneNumbers/1090_0_1"
        },
        "master" : {
          "href" : "http://localhost/api/phoneNumbers/1090_0_1/master"
        }
      }
    }, {
      "inputUserId" : "QSA",
      "lastUpdateUserId" : "QSA",
      "computerId" : "GLSVR171217",
      "lastSynchronizedDate" : null,
      "addressNumber" : "1091",
      "sequence" : 1,
      "countryCode" : "+62",
      "areaCode" : "",
      "phoneNumber" : "085607694407",
      "phoneType" : "KANTOR",
      "description" : "Kantor",
      "lastUpdateDateTime" : "2017-12-17T00:00:00",
      "inputDateTime" : "2017-12-17T00:00:00",
      "_links" : {
        "self" : {
          "href" : "http://localhost/api/phoneNumbers/1091_0_1"
        },
        "phoneNumber" : {
          "href" : "http://localhost/api/phoneNumbers/1091_0_1"
        },
        "master" : {
          "href" : "http://localhost/api/phoneNumbers/1091_0_1/master"
        }
      }
    }, {
      "inputUserId" : "QSA",
      "lastUpdateUserId" : "QSA",
      "computerId" : "GLSVR171217",
      "lastSynchronizedDate" : null,
      "addressNumber" : "1094",
      "sequence" : 1,
      "countryCode" : "+62",
      "areaCode" : "",
      "phoneNumber" : "031-8791695",
      "phoneType" : "KANTOR",
      "description" : "Kantor",
      "lastUpdateDateTime" : "2017-12-17T00:00:00",
      "inputDateTime" : "2017-12-17T00:00:00",
      "_links" : {
        "self" : {
          "href" : "http://localhost/api/phoneNumbers/1094_0_1"
        },
        "phoneNumber" : {
          "href" : "http://localhost/api/phoneNumbers/1094_0_1"
        },
        "master" : {
          "href" : "http://localhost/api/phoneNumbers/1094_0_1/master"
        }
      }
    }, {
      "inputUserId" : "QSA",
      "lastUpdateUserId" : "QSA",
      "computerId" : "GLSVR171217",
      "lastSynchronizedDate" : null,
      "addressNumber" : "1095",
      "sequence" : 1,
      "countryCode" : "+62",
      "areaCode" : "",
      "phoneNumber" : "081258724734",
      "phoneType" : "KANTOR",
      "description" : "Kantor",
      "lastUpdateDateTime" : "2017-12-17T00:00:00",
      "inputDateTime" : "2017-12-17T00:00:00",
      "_links" : {
        "self" : {
          "href" : "http://localhost/api/phoneNumbers/1095_0_1"
        },
        "phoneNumber" : {
          "href" : "http://localhost/api/phoneNumbers/1095_0_1"
        },
        "master" : {
          "href" : "http://localhost/api/phoneNumbers/1095_0_1/master"
        }
      }
    }, {
      "inputUserId" : "QSA",
      "lastUpdateUserId" : "QSA",
      "computerId" : "GLSVR171217",
      "lastSynchronizedDate" : null,
      "addressNumber" : "1096",
      "sequence" : 1,
      "countryCode" : "+62",
      "areaCode" : "",
      "phoneNumber" : "089605131129",
      "phoneType" : "KANTOR",
      "description" : "Kantor",
      "lastUpdateDateTime" : "2017-12-17T00:00:00",
      "inputDateTime" : "2017-12-17T00:00:00",
      "_links" : {
        "self" : {
          "href" : "http://localhost/api/phoneNumbers/1096_0_1"
        },
        "phoneNumber" : {
          "href" : "http://localhost/api/phoneNumbers/1096_0_1"
        },
        "master" : {
          "href" : "http://localhost/api/phoneNumbers/1096_0_1/master"
        }
      }
    }, {
      "inputUserId" : "QSA",
      "lastUpdateUserId" : "QSA",
      "computerId" : "GLSVR171217",
      "lastSynchronizedDate" : null,
      "addressNumber" : "1098",
      "sequence" : 1,
      "countryCode" : "+62",
      "areaCode" : "",
      "phoneNumber" : "082245633387",
      "phoneType" : "KANTOR",
      "description" : "Kantor",
      "lastUpdateDateTime" : "2017-12-17T00:00:00",
      "inputDateTime" : "2017-12-17T00:00:00",
      "_links" : {
        "self" : {
          "href" : "http://localhost/api/phoneNumbers/1098_0_1"
        },
        "phoneNumber" : {
          "href" : "http://localhost/api/phoneNumbers/1098_0_1"
        },
        "master" : {
          "href" : "http://localhost/api/phoneNumbers/1098_0_1/master"
        }
      }
    }, {
      "inputUserId" : "QSA",
      "lastUpdateUserId" : "QSA",
      "computerId" : "GLSVR171217",
      "lastSynchronizedDate" : null,
      "addressNumber" : "1099",
      "sequence" : 1,
      "countryCode" : "+62",
      "areaCode" : "",
      "phoneNumber" : "08230200884",
      "phoneType" : "KANTOR",
      "description" : "Kantor",
      "lastUpdateDateTime" : "2017-12-17T00:00:00",
      "inputDateTime" : "2017-12-17T00:00:00",
      "_links" : {
        "self" : {
          "href" : "http://localhost/api/phoneNumbers/1099_0_1"
        },
        "phoneNumber" : {
          "href" : "http://localhost/api/phoneNumbers/1099_0_1"
        },
        "master" : {
          "href" : "http://localhost/api/phoneNumbers/1099_0_1/master"
        }
      }
    }, {
      "inputUserId" : "QSA",
      "lastUpdateUserId" : "QSA",
      "computerId" : "GLSVR171217",
      "lastSynchronizedDate" : null,
      "addressNumber" : "1100",
      "sequence" : 1,
      "countryCode" : "+62",
      "areaCode" : "",
      "phoneNumber" : "081357476567",
      "phoneType" : "KANTOR",
      "description" : "Kantor",
      "lastUpdateDateTime" : "2017-12-17T00:00:00",
      "inputDateTime" : "2017-12-17T00:00:00",
      "_links" : {
        "self" : {
          "href" : "http://localhost/api/phoneNumbers/1100_0_1"
        },
        "phoneNumber" : {
          "href" : "http://localhost/api/phoneNumbers/1100_0_1"
        },
        "master" : {
          "href" : "http://localhost/api/phoneNumbers/1100_0_1/master"
        }
      }
    }, {
      "inputUserId" : "QSA",
      "lastUpdateUserId" : "QSA",
      "computerId" : "GLSVR171217",
      "lastSynchronizedDate" : null,
      "addressNumber" : "1103",
      "sequence" : 1,
      "countryCode" : "+62",
      "areaCode" : "",
      "phoneNumber" : "085103148081",
      "phoneType" : "KANTOR",
      "description" : "Kantor",
      "lastUpdateDateTime" : "2017-12-17T00:00:00",
      "inputDateTime" : "2017-12-17T00:00:00",
      "_links" : {
        "self" : {
          "href" : "http://localhost/api/phoneNumbers/1103_0_1"
        },
        "phoneNumber" : {
          "href" : "http://localhost/api/phoneNumbers/1103_0_1"
        },
        "master" : {
          "href" : "http://localhost/api/phoneNumbers/1103_0_1/master"
        }
      }
    }, {
      "inputUserId" : "QSA",
      "lastUpdateUserId" : "QSA",
      "computerId" : "GLSVR171217",
      "lastSynchronizedDate" : null,
      "addressNumber" : "1108",
      "sequence" : 1,
      "countryCode" : "+62",
      "areaCode" : "",
      "phoneNumber" : "082332577335",
      "phoneType" : "KANTOR",
      "description" : "Kantor",
      "lastUpdateDateTime" : "2017-12-17T00:00:00",
      "inputDateTime" : "2017-12-17T00:00:00",
      "_links" : {
        "self" : {
          "href" : "http://localhost/api/phoneNumbers/1108_0_1"
        },
        "phoneNumber" : {
          "href" : "http://localhost/api/phoneNumbers/1108_0_1"
        },
        "master" : {
          "href" : "http://localhost/api/phoneNumbers/1108_0_1/master"
        }
      }
    }, {
      "inputUserId" : "QSA",
      "lastUpdateUserId" : "QSA",
      "computerId" : "GLSVR171217",
      "lastSynchronizedDate" : null,
      "addressNumber" : "1113",
      "sequence" : 1,
      "countryCode" : "+62",
      "areaCode" : "",
      "phoneNumber" : "082244898474",
      "phoneType" : "KANTOR",
      "description" : "Kantor",
      "lastUpdateDateTime" : "2017-12-17T00:00:00",
      "inputDateTime" : "2017-12-17T00:00:00",
      "_links" : {
        "self" : {
          "href" : "http://localhost/api/phoneNumbers/1113_0_1"
        },
        "phoneNumber" : {
          "href" : "http://localhost/api/phoneNumbers/1113_0_1"
        },
        "master" : {
          "href" : "http://localhost/api/phoneNumbers/1113_0_1/master"
        }
      }
    }, {
      "inputUserId" : "QSA",
      "lastUpdateUserId" : "QSA",
      "computerId" : "GLSVR171217",
      "lastSynchronizedDate" : null,
      "addressNumber" : "1118",
      "sequence" : 1,
      "countryCode" : "+62",
      "areaCode" : "",
      "phoneNumber" : "085730007892",
      "phoneType" : "KANTOR",
      "description" : "Kantor",
      "lastUpdateDateTime" : "2017-12-17T00:00:00",
      "inputDateTime" : "2017-12-17T00:00:00",
      "_links" : {
        "self" : {
          "href" : "http://localhost/api/phoneNumbers/1118_0_1"
        },
        "phoneNumber" : {
          "href" : "http://localhost/api/phoneNumbers/1118_0_1"
        },
        "master" : {
          "href" : "http://localhost/api/phoneNumbers/1118_0_1/master"
        }
      }
    }, {
      "inputUserId" : "QSA",
      "lastUpdateUserId" : "QSA",
      "computerId" : "GLSVR171217",
      "lastSynchronizedDate" : null,
      "addressNumber" : "1120",
      "sequence" : 1,
      "countryCode" : "+62",
      "areaCode" : "",
      "phoneNumber" : "081249293900",
      "phoneType" : "KANTOR",
      "description" : "Kantor",
      "lastUpdateDateTime" : "2017-12-17T00:00:00",
      "inputDateTime" : "2017-12-17T00:00:00",
      "_links" : {
        "self" : {
          "href" : "http://localhost/api/phoneNumbers/1120_0_1"
        },
        "phoneNumber" : {
          "href" : "http://localhost/api/phoneNumbers/1120_0_1"
        },
        "master" : {
          "href" : "http://localhost/api/phoneNumbers/1120_0_1/master"
        }
      }
    }, {
      "inputUserId" : "QSA",
      "lastUpdateUserId" : "QSA",
      "computerId" : "GLSVR171217",
      "lastSynchronizedDate" : null,
      "addressNumber" : "1122",
      "sequence" : 1,
      "countryCode" : "+62",
      "areaCode" : "",
      "phoneNumber" : "085649705455",
      "phoneType" : "KANTOR",
      "description" : "Kantor",
      "lastUpdateDateTime" : "2017-12-17T00:00:00",
      "inputDateTime" : "2017-12-17T00:00:00",
      "_links" : {
        "self" : {
          "href" : "http://localhost/api/phoneNumbers/1122_0_1"
        },
        "phoneNumber" : {
          "href" : "http://localhost/api/phoneNumbers/1122_0_1"
        },
        "master" : {
          "href" : "http://localhost/api/phoneNumbers/1122_0_1/master"
        }
      }
    }, {
      "inputUserId" : "QSA",
      "lastUpdateUserId" : "QSA",
      "computerId" : "GLSVR171217",
      "lastSynchronizedDate" : null,
      "addressNumber" : "1125",
      "sequence" : 1,
      "countryCode" : "+62",
      "areaCode" : "",
      "phoneNumber" : "081234572317",
      "phoneType" : "KANTOR",
      "description" : "Kantor",
      "lastUpdateDateTime" : "2017-12-17T00:00:00",
      "inputDateTime" : "2017-12-17T00:00:00",
      "_links" : {
        "self" : {
          "href" : "http://localhost/api/phoneNumbers/1125_0_1"
        },
        "phoneNumber" : {
          "href" : "http://localhost/api/phoneNumbers/1125_0_1"
        },
        "master" : {
          "href" : "http://localhost/api/phoneNumbers/1125_0_1/master"
        }
      }
    }, {
      "inputUserId" : "QSA",
      "lastUpdateUserId" : "QSA",
      "computerId" : "GLSVR171217",
      "lastSynchronizedDate" : null,
      "addressNumber" : "1129",
      "sequence" : 1,
      "countryCode" : "+62",
      "areaCode" : "",
      "phoneNumber" : "085230237777",
      "phoneType" : "KANTOR",
      "description" : "Kantor",
      "lastUpdateDateTime" : "2017-12-17T00:00:00",
      "inputDateTime" : "2017-12-17T00:00:00",
      "_links" : {
        "self" : {
          "href" : "http://localhost/api/phoneNumbers/1129_0_1"
        },
        "phoneNumber" : {
          "href" : "http://localhost/api/phoneNumbers/1129_0_1"
        },
        "master" : {
          "href" : "http://localhost/api/phoneNumbers/1129_0_1/master"
        }
      }
    }, {
      "inputUserId" : "QSA",
      "lastUpdateUserId" : "QSA",
      "computerId" : "GLSVR171217",
      "lastSynchronizedDate" : null,
      "addressNumber" : "1130",
      "sequence" : 1,
      "countryCode" : "+62",
      "areaCode" : "",
      "phoneNumber" : "089682247345",
      "phoneType" : "KANTOR",
      "description" : "Kantor",
      "lastUpdateDateTime" : "2017-12-17T00:00:00",
      "inputDateTime" : "2017-12-17T00:00:00",
      "_links" : {
        "self" : {
          "href" : "http://localhost/api/phoneNumbers/1130_0_1"
        },
        "phoneNumber" : {
          "href" : "http://localhost/api/phoneNumbers/1130_0_1"
        },
        "master" : {
          "href" : "http://localhost/api/phoneNumbers/1130_0_1/master"
        }
      }
    }, {
      "inputUserId" : "QSA",
      "lastUpdateUserId" : "QSA",
      "computerId" : "GLSVR171217",
      "lastSynchronizedDate" : null,
      "addressNumber" : "1131",
      "sequence" : 1,
      "countryCode" : "+62",
      "areaCode" : "",
      "phoneNumber" : "085655376778",
      "phoneType" : "KANTOR",
      "description" : "Kantor",
      "lastUpdateDateTime" : "2017-12-17T00:00:00",
      "inputDateTime" : "2017-12-17T00:00:00",
      "_links" : {
        "self" : {
          "href" : "http://localhost/api/phoneNumbers/1131_0_1"
        },
        "phoneNumber" : {
          "href" : "http://localhost/api/phoneNumbers/1131_0_1"
        },
        "master" : {
          "href" : "http://localhost/api/phoneNumbers/1131_0_1/master"
        }
      }
    }, {
      "inputUserId" : "QSA",
      "lastUpdateUserId" : "QSA",
      "computerId" : "GLSVR171217",
      "lastSynchronizedDate" : null,
      "addressNumber" : "1135",
      "sequence" : 1,
      "countryCode" : "+62",
      "areaCode" : "",
      "phoneNumber" : "0541-731480",
      "phoneType" : "KANTOR",
      "description" : "Kantor",
      "lastUpdateDateTime" : "2017-12-17T00:00:00",
      "inputDateTime" : "2017-12-17T00:00:00",
      "_links" : {
        "self" : {
          "href" : "http://localhost/api/phoneNumbers/1135_0_1"
        },
        "phoneNumber" : {
          "href" : "http://localhost/api/phoneNumbers/1135_0_1"
        },
        "master" : {
          "href" : "http://localhost/api/phoneNumbers/1135_0_1/master"
        }
      }
    }, {
      "inputUserId" : "QSA",
      "lastUpdateUserId" : "QSA",
      "computerId" : "GLSVR171217",
      "lastSynchronizedDate" : null,
      "addressNumber" : "1136",
      "sequence" : 1,
      "countryCode" : "+62",
      "areaCode" : "",
      "phoneNumber" : "081952910622",
      "phoneType" : "KANTOR",
      "description" : "Kantor",
      "lastUpdateDateTime" : "2017-12-17T00:00:00",
      "inputDateTime" : "2017-12-17T00:00:00",
      "_links" : {
        "self" : {
          "href" : "http://localhost/api/phoneNumbers/1136_0_1"
        },
        "phoneNumber" : {
          "href" : "http://localhost/api/phoneNumbers/1136_0_1"
        },
        "master" : {
          "href" : "http://localhost/api/phoneNumbers/1136_0_1/master"
        }
      }
    }, {
      "inputUserId" : "QSA",
      "lastUpdateUserId" : "QSA",
      "computerId" : "GLSVR171217",
      "lastSynchronizedDate" : null,
      "addressNumber" : "1137",
      "sequence" : 1,
      "countryCode" : "+62",
      "areaCode" : "",
      "phoneNumber" : "08123058511",
      "phoneType" : "KANTOR",
      "description" : "Kantor",
      "lastUpdateDateTime" : "2017-12-17T00:00:00",
      "inputDateTime" : "2017-12-17T00:00:00",
      "_links" : {
        "self" : {
          "href" : "http://localhost/api/phoneNumbers/1137_0_1"
        },
        "phoneNumber" : {
          "href" : "http://localhost/api/phoneNumbers/1137_0_1"
        },
        "master" : {
          "href" : "http://localhost/api/phoneNumbers/1137_0_1/master"
        }
      }
    }, {
      "inputUserId" : "QSA",
      "lastUpdateUserId" : "QSA",
      "computerId" : "GLSVR171217",
      "lastSynchronizedDate" : null,
      "addressNumber" : "1139",
      "sequence" : 1,
      "countryCode" : "+62",
      "areaCode" : "",
      "phoneNumber" : "085257216550",
      "phoneType" : "KANTOR",
      "description" : "Kantor",
      "lastUpdateDateTime" : "2017-12-17T00:00:00",
      "inputDateTime" : "2017-12-17T00:00:00",
      "_links" : {
        "self" : {
          "href" : "http://localhost/api/phoneNumbers/1139_0_1"
        },
        "phoneNumber" : {
          "href" : "http://localhost/api/phoneNumbers/1139_0_1"
        },
        "master" : {
          "href" : "http://localhost/api/phoneNumbers/1139_0_1/master"
        }
      }
    }, {
      "inputUserId" : "QSA",
      "lastUpdateUserId" : "QSA",
      "computerId" : "GLSVR171217",
      "lastSynchronizedDate" : null,
      "addressNumber" : "1140",
      "sequence" : 1,
      "countryCode" : "+62",
      "areaCode" : "",
      "phoneNumber" : "031-5477051",
      "phoneType" : "KANTOR",
      "description" : "Kantor",
      "lastUpdateDateTime" : "2017-12-17T00:00:00",
      "inputDateTime" : "2017-12-17T00:00:00",
      "_links" : {
        "self" : {
          "href" : "http://localhost/api/phoneNumbers/1140_0_1"
        },
        "phoneNumber" : {
          "href" : "http://localhost/api/phoneNumbers/1140_0_1"
        },
        "master" : {
          "href" : "http://localhost/api/phoneNumbers/1140_0_1/master"
        }
      }
    }, {
      "inputUserId" : "QSA",
      "lastUpdateUserId" : "QSA",
      "computerId" : "GLSVR171217",
      "lastSynchronizedDate" : null,
      "addressNumber" : "1141",
      "sequence" : 1,
      "countryCode" : "+62",
      "areaCode" : "",
      "phoneNumber" : "0341-559959",
      "phoneType" : "KANTOR",
      "description" : "Kantor",
      "lastUpdateDateTime" : "2017-12-17T00:00:00",
      "inputDateTime" : "2017-12-17T00:00:00",
      "_links" : {
        "self" : {
          "href" : "http://localhost/api/phoneNumbers/1141_0_1"
        },
        "phoneNumber" : {
          "href" : "http://localhost/api/phoneNumbers/1141_0_1"
        },
        "master" : {
          "href" : "http://localhost/api/phoneNumbers/1141_0_1/master"
        }
      }
    }, {
      "inputUserId" : "QSA",
      "lastUpdateUserId" : "QSA",
      "computerId" : "GLSVR171217",
      "lastSynchronizedDate" : null,
      "addressNumber" : "1142",
      "sequence" : 1,
      "countryCode" : "+62",
      "areaCode" : "",
      "phoneNumber" : "031-5477849",
      "phoneType" : "KANTOR",
      "description" : "Kantor",
      "lastUpdateDateTime" : "2017-12-17T00:00:00",
      "inputDateTime" : "2017-12-17T00:00:00",
      "_links" : {
        "self" : {
          "href" : "http://localhost/api/phoneNumbers/1142_0_1"
        },
        "phoneNumber" : {
          "href" : "http://localhost/api/phoneNumbers/1142_0_1"
        },
        "master" : {
          "href" : "http://localhost/api/phoneNumbers/1142_0_1/master"
        }
      }
    }, {
      "inputUserId" : "QSA",
      "lastUpdateUserId" : "QSA",
      "computerId" : "GLSVR171217",
      "lastSynchronizedDate" : null,
      "addressNumber" : "1146",
      "sequence" : 1,
      "countryCode" : "+62",
      "areaCode" : "",
      "phoneNumber" : "0333-325700",
      "phoneType" : "KANTOR",
      "description" : "Kantor",
      "lastUpdateDateTime" : "2017-12-17T00:00:00",
      "inputDateTime" : "2017-12-17T00:00:00",
      "_links" : {
        "self" : {
          "href" : "http://localhost/api/phoneNumbers/1146_0_1"
        },
        "phoneNumber" : {
          "href" : "http://localhost/api/phoneNumbers/1146_0_1"
        },
        "master" : {
          "href" : "http://localhost/api/phoneNumbers/1146_0_1/master"
        }
      }
    }, {
      "inputUserId" : "QSA",
      "lastUpdateUserId" : "QSA",
      "computerId" : "GLSVR171217",
      "lastSynchronizedDate" : null,
      "addressNumber" : "1148",
      "sequence" : 1,
      "countryCode" : "+62",
      "areaCode" : "",
      "phoneNumber" : "0333-421380",
      "phoneType" : "KANTOR",
      "description" : "Kantor",
      "lastUpdateDateTime" : "2017-12-17T00:00:00",
      "inputDateTime" : "2017-12-17T00:00:00",
      "_links" : {
        "self" : {
          "href" : "http://localhost/api/phoneNumbers/1148_0_1"
        },
        "phoneNumber" : {
          "href" : "http://localhost/api/phoneNumbers/1148_0_1"
        },
        "master" : {
          "href" : "http://localhost/api/phoneNumbers/1148_0_1/master"
        }
      }
    }, {
      "inputUserId" : "QSA",
      "lastUpdateUserId" : "QSA",
      "computerId" : "GLSVR171217",
      "lastSynchronizedDate" : null,
      "addressNumber" : "1150",
      "sequence" : 1,
      "countryCode" : "+62",
      "areaCode" : "",
      "phoneNumber" : "081230263264",
      "phoneType" : "KANTOR",
      "description" : "Kantor",
      "lastUpdateDateTime" : "2017-12-17T00:00:00",
      "inputDateTime" : "2017-12-17T00:00:00",
      "_links" : {
        "self" : {
          "href" : "http://localhost/api/phoneNumbers/1150_0_1"
        },
        "phoneNumber" : {
          "href" : "http://localhost/api/phoneNumbers/1150_0_1"
        },
        "master" : {
          "href" : "http://localhost/api/phoneNumbers/1150_0_1/master"
        }
      }
    }, {
      "inputUserId" : "QSA",
      "lastUpdateUserId" : "QSA",
      "computerId" : "GLSVR171217",
      "lastSynchronizedDate" : null,
      "addressNumber" : "1154",
      "sequence" : 1,
      "countryCode" : "+62",
      "areaCode" : "",
      "phoneNumber" : "031-5329766",
      "phoneType" : "KANTOR",
      "description" : "Kantor",
      "lastUpdateDateTime" : "2017-12-17T00:00:00",
      "inputDateTime" : "2017-12-17T00:00:00",
      "_links" : {
        "self" : {
          "href" : "http://localhost/api/phoneNumbers/1154_0_1"
        },
        "phoneNumber" : {
          "href" : "http://localhost/api/phoneNumbers/1154_0_1"
        },
        "master" : {
          "href" : "http://localhost/api/phoneNumbers/1154_0_1/master"
        }
      }
    }, {
      "inputUserId" : "QSA",
      "lastUpdateUserId" : "QSA",
      "computerId" : "GLSVR171217",
      "lastSynchronizedDate" : null,
      "addressNumber" : "1155",
      "sequence" : 1,
      "countryCode" : "+62",
      "areaCode" : "",
      "phoneNumber" : "031-5491963",
      "phoneType" : "KANTOR",
      "description" : "Kantor",
      "lastUpdateDateTime" : "2017-12-17T00:00:00",
      "inputDateTime" : "2017-12-17T00:00:00",
      "_links" : {
        "self" : {
          "href" : "http://localhost/api/phoneNumbers/1155_0_1"
        },
        "phoneNumber" : {
          "href" : "http://localhost/api/phoneNumbers/1155_0_1"
        },
        "master" : {
          "href" : "http://localhost/api/phoneNumbers/1155_0_1/master"
        }
      }
    }, {
      "inputUserId" : "QSA",
      "lastUpdateUserId" : "QSA",
      "computerId" : "GLSVR171217",
      "lastSynchronizedDate" : null,
      "addressNumber" : "1156",
      "sequence" : 1,
      "countryCode" : "+62",
      "areaCode" : "",
      "phoneNumber" : "082131094763",
      "phoneType" : "KANTOR",
      "description" : "Kantor",
      "lastUpdateDateTime" : "2017-12-17T00:00:00",
      "inputDateTime" : "2017-12-17T00:00:00",
      "_links" : {
        "self" : {
          "href" : "http://localhost/api/phoneNumbers/1156_0_1"
        },
        "phoneNumber" : {
          "href" : "http://localhost/api/phoneNumbers/1156_0_1"
        },
        "master" : {
          "href" : "http://localhost/api/phoneNumbers/1156_0_1/master"
        }
      }
    }, {
      "inputUserId" : "QSA",
      "lastUpdateUserId" : "QSA",
      "computerId" : "GLSVR171217",
      "lastSynchronizedDate" : null,
      "addressNumber" : "1161",
      "sequence" : 1,
      "countryCode" : "+62",
      "areaCode" : "",
      "phoneNumber" : "031-5482455",
      "phoneType" : "KANTOR",
      "description" : "Kantor",
      "lastUpdateDateTime" : "2017-12-17T00:00:00",
      "inputDateTime" : "2017-12-17T00:00:00",
      "_links" : {
        "self" : {
          "href" : "http://localhost/api/phoneNumbers/1161_0_1"
        },
        "phoneNumber" : {
          "href" : "http://localhost/api/phoneNumbers/1161_0_1"
        },
        "master" : {
          "href" : "http://localhost/api/phoneNumbers/1161_0_1/master"
        }
      }
    }, {
      "inputUserId" : "QSA",
      "lastUpdateUserId" : "QSA",
      "computerId" : "GLSVR171217",
      "lastSynchronizedDate" : null,
      "addressNumber" : "1166",
      "sequence" : 1,
      "countryCode" : "+62",
      "areaCode" : "",
      "phoneNumber" : "081235555309",
      "phoneType" : "KANTOR",
      "description" : "Kantor",
      "lastUpdateDateTime" : "2017-12-17T00:00:00",
      "inputDateTime" : "2017-12-17T00:00:00",
      "_links" : {
        "self" : {
          "href" : "http://localhost/api/phoneNumbers/1166_0_1"
        },
        "phoneNumber" : {
          "href" : "http://localhost/api/phoneNumbers/1166_0_1"
        },
        "master" : {
          "href" : "http://localhost/api/phoneNumbers/1166_0_1/master"
        }
      }
    }, {
      "inputUserId" : "QSA",
      "lastUpdateUserId" : "QSA",
      "computerId" : "GLSVR171217",
      "lastSynchronizedDate" : null,
      "addressNumber" : "1168",
      "sequence" : 1,
      "countryCode" : "+62",
      "areaCode" : "",
      "phoneNumber" : "031-5355538",
      "phoneType" : "KANTOR",
      "description" : "Kantor",
      "lastUpdateDateTime" : "2017-12-17T00:00:00",
      "inputDateTime" : "2017-12-17T00:00:00",
      "_links" : {
        "self" : {
          "href" : "http://localhost/api/phoneNumbers/1168_0_1"
        },
        "phoneNumber" : {
          "href" : "http://localhost/api/phoneNumbers/1168_0_1"
        },
        "master" : {
          "href" : "http://localhost/api/phoneNumbers/1168_0_1/master"
        }
      }
    }, {
      "inputUserId" : "QSA",
      "lastUpdateUserId" : "QSA",
      "computerId" : "GLSVR171217",
      "lastSynchronizedDate" : null,
      "addressNumber" : "1169",
      "sequence" : 1,
      "countryCode" : "+62",
      "areaCode" : "",
      "phoneNumber" : "081217713636",
      "phoneType" : "KANTOR",
      "description" : "Kantor",
      "lastUpdateDateTime" : "2017-12-17T00:00:00",
      "inputDateTime" : "2017-12-17T00:00:00",
      "_links" : {
        "self" : {
          "href" : "http://localhost/api/phoneNumbers/1169_0_1"
        },
        "phoneNumber" : {
          "href" : "http://localhost/api/phoneNumbers/1169_0_1"
        },
        "master" : {
          "href" : "http://localhost/api/phoneNumbers/1169_0_1/master"
        }
      }
    }, {
      "inputUserId" : "QSA",
      "lastUpdateUserId" : "QSA",
      "computerId" : "GLSVR171217",
      "lastSynchronizedDate" : null,
      "addressNumber" : "1172",
      "sequence" : 1,
      "countryCode" : "+62",
      "areaCode" : "",
      "phoneNumber" : "081320281751",
      "phoneType" : "KANTOR",
      "description" : "Kantor",
      "lastUpdateDateTime" : "2017-12-17T00:00:00",
      "inputDateTime" : "2017-12-17T00:00:00",
      "_links" : {
        "self" : {
          "href" : "http://localhost/api/phoneNumbers/1172_0_1"
        },
        "phoneNumber" : {
          "href" : "http://localhost/api/phoneNumbers/1172_0_1"
        },
        "master" : {
          "href" : "http://localhost/api/phoneNumbers/1172_0_1/master"
        }
      }
    }, {
      "inputUserId" : "QSA",
      "lastUpdateUserId" : "QSA",
      "computerId" : "GLSVR171217",
      "lastSynchronizedDate" : null,
      "addressNumber" : "1173",
      "sequence" : 1,
      "countryCode" : "+62",
      "areaCode" : "",
      "phoneNumber" : "031-5322073",
      "phoneType" : "KANTOR",
      "description" : "Kantor",
      "lastUpdateDateTime" : "2017-12-17T00:00:00",
      "inputDateTime" : "2017-12-17T00:00:00",
      "_links" : {
        "self" : {
          "href" : "http://localhost/api/phoneNumbers/1173_0_1"
        },
        "phoneNumber" : {
          "href" : "http://localhost/api/phoneNumbers/1173_0_1"
        },
        "master" : {
          "href" : "http://localhost/api/phoneNumbers/1173_0_1/master"
        }
      }
    }, {
      "inputUserId" : "QSA",
      "lastUpdateUserId" : "QSA",
      "computerId" : "GLSVR171217",
      "lastSynchronizedDate" : null,
      "addressNumber" : "1173",
      "sequence" : 2,
      "countryCode" : "+62",
      "areaCode" : "",
      "phoneNumber" : "031-5327953",
      "phoneType" : "KANTOR",
      "description" : "Kantor",
      "lastUpdateDateTime" : "2017-12-17T00:00:00",
      "inputDateTime" : "2017-12-17T00:00:00",
      "_links" : {
        "self" : {
          "href" : "http://localhost/api/phoneNumbers/1173_0_2"
        },
        "phoneNumber" : {
          "href" : "http://localhost/api/phoneNumbers/1173_0_2"
        },
        "master" : {
          "href" : "http://localhost/api/phoneNumbers/1173_0_2/master"
        }
      }
    }, {
      "inputUserId" : "QSA",
      "lastUpdateUserId" : "QSA",
      "computerId" : "GLSVR171217",
      "lastSynchronizedDate" : null,
      "addressNumber" : "1180",
      "sequence" : 1,
      "countryCode" : "+62",
      "areaCode" : "",
      "phoneNumber" : "08121603653",
      "phoneType" : "KANTOR",
      "description" : "Kantor",
      "lastUpdateDateTime" : "2017-12-17T00:00:00",
      "inputDateTime" : "2017-12-17T00:00:00",
      "_links" : {
        "self" : {
          "href" : "http://localhost/api/phoneNumbers/1180_0_1"
        },
        "phoneNumber" : {
          "href" : "http://localhost/api/phoneNumbers/1180_0_1"
        },
        "master" : {
          "href" : "http://localhost/api/phoneNumbers/1180_0_1/master"
        }
      }
    }, {
      "inputUserId" : "QSA",
      "lastUpdateUserId" : "QSA",
      "computerId" : "GLSVR171217",
      "lastSynchronizedDate" : null,
      "addressNumber" : "1185",
      "sequence" : 1,
      "countryCode" : "+62",
      "areaCode" : "",
      "phoneNumber" : "08175127030",
      "phoneType" : "KANTOR",
      "description" : "Kantor",
      "lastUpdateDateTime" : "2017-12-17T00:00:00",
      "inputDateTime" : "2017-12-17T00:00:00",
      "_links" : {
        "self" : {
          "href" : "http://localhost/api/phoneNumbers/1185_0_1"
        },
        "phoneNumber" : {
          "href" : "http://localhost/api/phoneNumbers/1185_0_1"
        },
        "master" : {
          "href" : "http://localhost/api/phoneNumbers/1185_0_1/master"
        }
      }
    }, {
      "inputUserId" : "QSA",
      "lastUpdateUserId" : "QSA",
      "computerId" : "GLSVR171217",
      "lastSynchronizedDate" : null,
      "addressNumber" : "1186",
      "sequence" : 1,
      "countryCode" : "+62",
      "areaCode" : "",
      "phoneNumber" : "031-5465758",
      "phoneType" : "KANTOR",
      "description" : "Kantor",
      "lastUpdateDateTime" : "2017-12-17T00:00:00",
      "inputDateTime" : "2017-12-17T00:00:00",
      "_links" : {
        "self" : {
          "href" : "http://localhost/api/phoneNumbers/1186_0_1"
        },
        "phoneNumber" : {
          "href" : "http://localhost/api/phoneNumbers/1186_0_1"
        },
        "master" : {
          "href" : "http://localhost/api/phoneNumbers/1186_0_1/master"
        }
      }
    }, {
      "inputUserId" : "QSA",
      "lastUpdateUserId" : "QSA",
      "computerId" : "GLSVR171217",
      "lastSynchronizedDate" : null,
      "addressNumber" : "1191",
      "sequence" : 1,
      "countryCode" : "+62",
      "areaCode" : "",
      "phoneNumber" : "0328673675",
      "phoneType" : "KANTOR",
      "description" : "Kantor",
      "lastUpdateDateTime" : "2017-12-17T00:00:00",
      "inputDateTime" : "2017-12-17T00:00:00",
      "_links" : {
        "self" : {
          "href" : "http://localhost/api/phoneNumbers/1191_0_1"
        },
        "phoneNumber" : {
          "href" : "http://localhost/api/phoneNumbers/1191_0_1"
        },
        "master" : {
          "href" : "http://localhost/api/phoneNumbers/1191_0_1/master"
        }
      }
    }, {
      "inputUserId" : "QSA",
      "lastUpdateUserId" : "QSA",
      "computerId" : "GLSVR171217",
      "lastSynchronizedDate" : null,
      "addressNumber" : "1194",
      "sequence" : 1,
      "countryCode" : "+62",
      "areaCode" : "",
      "phoneNumber" : "0445-211290",
      "phoneType" : "KANTOR",
      "description" : "Kantor",
      "lastUpdateDateTime" : "2017-12-17T00:00:00",
      "inputDateTime" : "2017-12-17T00:00:00",
      "_links" : {
        "self" : {
          "href" : "http://localhost/api/phoneNumbers/1194_0_1"
        },
        "phoneNumber" : {
          "href" : "http://localhost/api/phoneNumbers/1194_0_1"
        },
        "master" : {
          "href" : "http://localhost/api/phoneNumbers/1194_0_1/master"
        }
      }
    }, {
      "inputUserId" : "QSA",
      "lastUpdateUserId" : "QSA",
      "computerId" : "GLSVR171217",
      "lastSynchronizedDate" : null,
      "addressNumber" : "1199",
      "sequence" : 1,
      "countryCode" : "+62",
      "areaCode" : "",
      "phoneNumber" : "031-5347514",
      "phoneType" : "KANTOR",
      "description" : "Kantor",
      "lastUpdateDateTime" : "2017-12-17T00:00:00",
      "inputDateTime" : "2017-12-17T00:00:00",
      "_links" : {
        "self" : {
          "href" : "http://localhost/api/phoneNumbers/1199_0_1"
        },
        "phoneNumber" : {
          "href" : "http://localhost/api/phoneNumbers/1199_0_1"
        },
        "master" : {
          "href" : "http://localhost/api/phoneNumbers/1199_0_1/master"
        }
      }
    }, {
      "inputUserId" : "QSA",
      "lastUpdateUserId" : "QSA",
      "computerId" : "GLSVR171217",
      "lastSynchronizedDate" : null,
      "addressNumber" : "1202",
      "sequence" : 1,
      "countryCode" : "+62",
      "areaCode" : "",
      "phoneNumber" : "031-8494702",
      "phoneType" : "KANTOR",
      "description" : "Kantor",
      "lastUpdateDateTime" : "2017-12-17T00:00:00",
      "inputDateTime" : "2017-12-17T00:00:00",
      "_links" : {
        "self" : {
          "href" : "http://localhost/api/phoneNumbers/1202_0_1"
        },
        "phoneNumber" : {
          "href" : "http://localhost/api/phoneNumbers/1202_0_1"
        },
        "master" : {
          "href" : "http://localhost/api/phoneNumbers/1202_0_1/master"
        }
      }
    }, {
      "inputUserId" : "QSA",
      "lastUpdateUserId" : "QSA",
      "computerId" : "GLSVR171217",
      "lastSynchronizedDate" : null,
      "addressNumber" : "1205",
      "sequence" : 1,
      "countryCode" : "+62",
      "areaCode" : "",
      "phoneNumber" : "0822-3032-3253 ",
      "phoneType" : "KANTOR",
      "description" : "Kantor",
      "lastUpdateDateTime" : "2017-12-17T00:00:00",
      "inputDateTime" : "2017-12-17T00:00:00",
      "_links" : {
        "self" : {
          "href" : "http://localhost/api/phoneNumbers/1205_0_1"
        },
        "phoneNumber" : {
          "href" : "http://localhost/api/phoneNumbers/1205_0_1"
        },
        "master" : {
          "href" : "http://localhost/api/phoneNumbers/1205_0_1/master"
        }
      }
    }, {
      "inputUserId" : "QSA",
      "lastUpdateUserId" : "QSA",
      "computerId" : "GLSVR171217",
      "lastSynchronizedDate" : null,
      "addressNumber" : "1206",
      "sequence" : 1,
      "countryCode" : "+62",
      "areaCode" : "",
      "phoneNumber" : "082140996024",
      "phoneType" : "KANTOR",
      "description" : "Kantor",
      "lastUpdateDateTime" : "2017-12-17T00:00:00",
      "inputDateTime" : "2017-12-17T00:00:00",
      "_links" : {
        "self" : {
          "href" : "http://localhost/api/phoneNumbers/1206_0_1"
        },
        "phoneNumber" : {
          "href" : "http://localhost/api/phoneNumbers/1206_0_1"
        },
        "master" : {
          "href" : "http://localhost/api/phoneNumbers/1206_0_1/master"
        }
      }
    }, {
      "inputUserId" : "QSA",
      "lastUpdateUserId" : "QSA",
      "computerId" : "GLSVR171217",
      "lastSynchronizedDate" : null,
      "addressNumber" : "1207",
      "sequence" : 1,
      "countryCode" : "+62",
      "areaCode" : "",
      "phoneNumber" : "031-5471844",
      "phoneType" : "KANTOR",
      "description" : "Kantor",
      "lastUpdateDateTime" : "2017-12-17T00:00:00",
      "inputDateTime" : "2017-12-17T00:00:00",
      "_links" : {
        "self" : {
          "href" : "http://localhost/api/phoneNumbers/1207_0_1"
        },
        "phoneNumber" : {
          "href" : "http://localhost/api/phoneNumbers/1207_0_1"
        },
        "master" : {
          "href" : "http://localhost/api/phoneNumbers/1207_0_1/master"
        }
      }
    }, {
      "inputUserId" : "QSA",
      "lastUpdateUserId" : "QSA",
      "computerId" : "GLSVR171217",
      "lastSynchronizedDate" : null,
      "addressNumber" : "1207",
      "sequence" : 2,
      "countryCode" : "+62",
      "areaCode" : "",
      "phoneNumber" : "PABX 1112",
      "phoneType" : "KANTOR",
      "description" : "Kantor",
      "lastUpdateDateTime" : "2017-12-17T00:00:00",
      "inputDateTime" : "2017-12-17T00:00:00",
      "_links" : {
        "self" : {
          "href" : "http://localhost/api/phoneNumbers/1207_0_2"
        },
        "phoneNumber" : {
          "href" : "http://localhost/api/phoneNumbers/1207_0_2"
        },
        "master" : {
          "href" : "http://localhost/api/phoneNumbers/1207_0_2/master"
        }
      }
    }, {
      "inputUserId" : "QSA",
      "lastUpdateUserId" : "QSA",
      "computerId" : "GLSVR171217",
      "lastSynchronizedDate" : null,
      "addressNumber" : "1210",
      "sequence" : 1,
      "countryCode" : "+62",
      "areaCode" : "",
      "phoneNumber" : "PABX 1201",
      "phoneType" : "KANTOR",
      "description" : "Kantor",
      "lastUpdateDateTime" : "2017-12-17T00:00:00",
      "inputDateTime" : "2017-12-17T00:00:00",
      "_links" : {
        "self" : {
          "href" : "http://localhost/api/phoneNumbers/1210_0_1"
        },
        "phoneNumber" : {
          "href" : "http://localhost/api/phoneNumbers/1210_0_1"
        },
        "master" : {
          "href" : "http://localhost/api/phoneNumbers/1210_0_1/master"
        }
      }
    }, {
      "inputUserId" : "QSA",
      "lastUpdateUserId" : "QSA",
      "computerId" : "GLSVR171217",
      "lastSynchronizedDate" : null,
      "addressNumber" : "1211",
      "sequence" : 1,
      "countryCode" : "+62",
      "areaCode" : "",
      "phoneNumber" : "031-5321916",
      "phoneType" : "KANTOR",
      "description" : "Kantor",
      "lastUpdateDateTime" : "2017-12-17T00:00:00",
      "inputDateTime" : "2017-12-17T00:00:00",
      "_links" : {
        "self" : {
          "href" : "http://localhost/api/phoneNumbers/1211_0_1"
        },
        "phoneNumber" : {
          "href" : "http://localhost/api/phoneNumbers/1211_0_1"
        },
        "master" : {
          "href" : "http://localhost/api/phoneNumbers/1211_0_1/master"
        }
      }
    }, {
      "inputUserId" : "QSA",
      "lastUpdateUserId" : "QSA",
      "computerId" : "GLSVR171217",
      "lastSynchronizedDate" : null,
      "addressNumber" : "1212",
      "sequence" : 1,
      "countryCode" : "+62",
      "areaCode" : "",
      "phoneNumber" : "08123541778",
      "phoneType" : "KANTOR",
      "description" : "Kantor",
      "lastUpdateDateTime" : "2017-12-17T00:00:00",
      "inputDateTime" : "2017-12-17T00:00:00",
      "_links" : {
        "self" : {
          "href" : "http://localhost/api/phoneNumbers/1212_0_1"
        },
        "phoneNumber" : {
          "href" : "http://localhost/api/phoneNumbers/1212_0_1"
        },
        "master" : {
          "href" : "http://localhost/api/phoneNumbers/1212_0_1/master"
        }
      }
    }, {
      "inputUserId" : "QSA",
      "lastUpdateUserId" : "QSA",
      "computerId" : "GLSVR171217",
      "lastSynchronizedDate" : null,
      "addressNumber" : "1213",
      "sequence" : 1,
      "countryCode" : "+62",
      "areaCode" : "",
      "phoneNumber" : "0548-24860",
      "phoneType" : "KANTOR",
      "description" : "Kantor",
      "lastUpdateDateTime" : "2017-12-17T00:00:00",
      "inputDateTime" : "2017-12-17T00:00:00",
      "_links" : {
        "self" : {
          "href" : "http://localhost/api/phoneNumbers/1213_0_1"
        },
        "phoneNumber" : {
          "href" : "http://localhost/api/phoneNumbers/1213_0_1"
        },
        "master" : {
          "href" : "http://localhost/api/phoneNumbers/1213_0_1/master"
        }
      }
    }, {
      "inputUserId" : "QSA",
      "lastUpdateUserId" : "QSA",
      "computerId" : "GLSVR171217",
      "lastSynchronizedDate" : null,
      "addressNumber" : "1217",
      "sequence" : 1,
      "countryCode" : "+62",
      "areaCode" : "",
      "phoneNumber" : "085334207575",
      "phoneType" : "KANTOR",
      "description" : "Kantor",
      "lastUpdateDateTime" : "2017-12-17T00:00:00",
      "inputDateTime" : "2017-12-17T00:00:00",
      "_links" : {
        "self" : {
          "href" : "http://localhost/api/phoneNumbers/1217_0_1"
        },
        "phoneNumber" : {
          "href" : "http://localhost/api/phoneNumbers/1217_0_1"
        },
        "master" : {
          "href" : "http://localhost/api/phoneNumbers/1217_0_1/master"
        }
      }
    }, {
      "inputUserId" : "QSA",
      "lastUpdateUserId" : "QSA",
      "computerId" : "GLSVR171217",
      "lastSynchronizedDate" : null,
      "addressNumber" : "1220",
      "sequence" : 1,
      "countryCode" : "+62",
      "areaCode" : "",
      "phoneNumber" : "087849384724",
      "phoneType" : "KANTOR",
      "description" : "Kantor",
      "lastUpdateDateTime" : "2017-12-17T00:00:00",
      "inputDateTime" : "2017-12-17T00:00:00",
      "_links" : {
        "self" : {
          "href" : "http://localhost/api/phoneNumbers/1220_0_1"
        },
        "phoneNumber" : {
          "href" : "http://localhost/api/phoneNumbers/1220_0_1"
        },
        "master" : {
          "href" : "http://localhost/api/phoneNumbers/1220_0_1/master"
        }
      }
    }, {
      "inputUserId" : "QSA",
      "lastUpdateUserId" : "QSA",
      "computerId" : "GLSVR171217",
      "lastSynchronizedDate" : null,
      "addressNumber" : "1225",
      "sequence" : 1,
      "countryCode" : "+62",
      "areaCode" : "",
      "phoneNumber" : "081558122999",
      "phoneType" : "KANTOR",
      "description" : "Kantor",
      "lastUpdateDateTime" : "2017-12-17T00:00:00",
      "inputDateTime" : "2017-12-17T00:00:00",
      "_links" : {
        "self" : {
          "href" : "http://localhost/api/phoneNumbers/1225_0_1"
        },
        "phoneNumber" : {
          "href" : "http://localhost/api/phoneNumbers/1225_0_1"
        },
        "master" : {
          "href" : "http://localhost/api/phoneNumbers/1225_0_1/master"
        }
      }
    }, {
      "inputUserId" : "QSA",
      "lastUpdateUserId" : "QSA",
      "computerId" : "GLSVR171217",
      "lastSynchronizedDate" : null,
      "addressNumber" : "1227",
      "sequence" : 1,
      "countryCode" : "+62",
      "areaCode" : "",
      "phoneNumber" : "08113525888",
      "phoneType" : "KANTOR",
      "description" : "Kantor",
      "lastUpdateDateTime" : "2017-12-17T00:00:00",
      "inputDateTime" : "2017-12-17T00:00:00",
      "_links" : {
        "self" : {
          "href" : "http://localhost/api/phoneNumbers/1227_0_1"
        },
        "phoneNumber" : {
          "href" : "http://localhost/api/phoneNumbers/1227_0_1"
        },
        "master" : {
          "href" : "http://localhost/api/phoneNumbers/1227_0_1/master"
        }
      }
    }, {
      "inputUserId" : "QSA",
      "lastUpdateUserId" : "QSA",
      "computerId" : "GLSVR171217",
      "lastSynchronizedDate" : null,
      "addressNumber" : "1234",
      "sequence" : 1,
      "countryCode" : "+62",
      "areaCode" : "",
      "phoneNumber" : "081806225700",
      "phoneType" : "KANTOR",
      "description" : "Kantor",
      "lastUpdateDateTime" : "2017-12-17T00:00:00",
      "inputDateTime" : "2017-12-17T00:00:00",
      "_links" : {
        "self" : {
          "href" : "http://localhost/api/phoneNumbers/1234_0_1"
        },
        "phoneNumber" : {
          "href" : "http://localhost/api/phoneNumbers/1234_0_1"
        },
        "master" : {
          "href" : "http://localhost/api/phoneNumbers/1234_0_1/master"
        }
      }
    }, {
      "inputUserId" : "QSA",
      "lastUpdateUserId" : "QSA",
      "computerId" : "GLSVR171217",
      "lastSynchronizedDate" : null,
      "addressNumber" : "1235",
      "sequence" : 1,
      "countryCode" : "+62",
      "areaCode" : "",
      "phoneNumber" : "081393798590",
      "phoneType" : "KANTOR",
      "description" : "Kantor",
      "lastUpdateDateTime" : "2017-12-17T00:00:00",
      "inputDateTime" : "2017-12-17T00:00:00",
      "_links" : {
        "self" : {
          "href" : "http://localhost/api/phoneNumbers/1235_0_1"
        },
        "phoneNumber" : {
          "href" : "http://localhost/api/phoneNumbers/1235_0_1"
        },
        "master" : {
          "href" : "http://localhost/api/phoneNumbers/1235_0_1/master"
        }
      }
    }, {
      "inputUserId" : "QSA",
      "lastUpdateUserId" : "QSA",
      "computerId" : "GLSVR171217",
      "lastSynchronizedDate" : null,
      "addressNumber" : "1237",
      "sequence" : 1,
      "countryCode" : "+62",
      "areaCode" : "",
      "phoneNumber" : "08155217721",
      "phoneType" : "KANTOR",
      "description" : "Kantor",
      "lastUpdateDateTime" : "2017-12-17T00:00:00",
      "inputDateTime" : "2017-12-17T00:00:00",
      "_links" : {
        "self" : {
          "href" : "http://localhost/api/phoneNumbers/1237_0_1"
        },
        "phoneNumber" : {
          "href" : "http://localhost/api/phoneNumbers/1237_0_1"
        },
        "master" : {
          "href" : "http://localhost/api/phoneNumbers/1237_0_1/master"
        }
      }
    }, {
      "inputUserId" : "QSA",
      "lastUpdateUserId" : "QSA",
      "computerId" : "GLSVR171217",
      "lastSynchronizedDate" : null,
      "addressNumber" : "1238",
      "sequence" : 1,
      "countryCode" : "+62",
      "areaCode" : "",
      "phoneNumber" : "08123267873",
      "phoneType" : "KANTOR",
      "description" : "Kantor",
      "lastUpdateDateTime" : "2017-12-17T00:00:00",
      "inputDateTime" : "2017-12-17T00:00:00",
      "_links" : {
        "self" : {
          "href" : "http://localhost/api/phoneNumbers/1238_0_1"
        },
        "phoneNumber" : {
          "href" : "http://localhost/api/phoneNumbers/1238_0_1"
        },
        "master" : {
          "href" : "http://localhost/api/phoneNumbers/1238_0_1/master"
        }
      }
    }, {
      "inputUserId" : "QSA",
      "lastUpdateUserId" : "QSA",
      "computerId" : "GLSVR171217",
      "lastSynchronizedDate" : null,
      "addressNumber" : "1240",
      "sequence" : 1,
      "countryCode" : "+62",
      "areaCode" : "",
      "phoneNumber" : "081246175555",
      "phoneType" : "KANTOR",
      "description" : "Kantor",
      "lastUpdateDateTime" : "2017-12-17T00:00:00",
      "inputDateTime" : "2017-12-17T00:00:00",
      "_links" : {
        "self" : {
          "href" : "http://localhost/api/phoneNumbers/1240_0_1"
        },
        "phoneNumber" : {
          "href" : "http://localhost/api/phoneNumbers/1240_0_1"
        },
        "master" : {
          "href" : "http://localhost/api/phoneNumbers/1240_0_1/master"
        }
      }
    }, {
      "inputUserId" : "QSA",
      "lastUpdateUserId" : "QSA",
      "computerId" : "GLSVR171217",
      "lastSynchronizedDate" : null,
      "addressNumber" : "1243",
      "sequence" : 1,
      "countryCode" : "+62",
      "areaCode" : "",
      "phoneNumber" : "085649001900",
      "phoneType" : "KANTOR",
      "description" : "Kantor",
      "lastUpdateDateTime" : "2017-12-17T00:00:00",
      "inputDateTime" : "2017-12-17T00:00:00",
      "_links" : {
        "self" : {
          "href" : "http://localhost/api/phoneNumbers/1243_0_1"
        },
        "phoneNumber" : {
          "href" : "http://localhost/api/phoneNumbers/1243_0_1"
        },
        "master" : {
          "href" : "http://localhost/api/phoneNumbers/1243_0_1/master"
        }
      }
    }, {
      "inputUserId" : "QSA",
      "lastUpdateUserId" : "QSA",
      "computerId" : "GLSVR171217",
      "lastSynchronizedDate" : null,
      "addressNumber" : "1245",
      "sequence" : 1,
      "countryCode" : "+62",
      "areaCode" : "",
      "phoneNumber" : "085105727171",
      "phoneType" : "KANTOR",
      "description" : "Kantor",
      "lastUpdateDateTime" : "2017-12-17T00:00:00",
      "inputDateTime" : "2017-12-17T00:00:00",
      "_links" : {
        "self" : {
          "href" : "http://localhost/api/phoneNumbers/1245_0_1"
        },
        "phoneNumber" : {
          "href" : "http://localhost/api/phoneNumbers/1245_0_1"
        },
        "master" : {
          "href" : "http://localhost/api/phoneNumbers/1245_0_1/master"
        }
      }
    }, {
      "inputUserId" : "QSA",
      "lastUpdateUserId" : "QSA",
      "computerId" : "GLSVR171217",
      "lastSynchronizedDate" : null,
      "addressNumber" : "1253",
      "sequence" : 1,
      "countryCode" : "+62",
      "areaCode" : "",
      "phoneNumber" : "08113525888",
      "phoneType" : "KANTOR",
      "description" : "Kantor",
      "lastUpdateDateTime" : "2017-12-17T00:00:00",
      "inputDateTime" : "2017-12-17T00:00:00",
      "_links" : {
        "self" : {
          "href" : "http://localhost/api/phoneNumbers/1253_0_1"
        },
        "phoneNumber" : {
          "href" : "http://localhost/api/phoneNumbers/1253_0_1"
        },
        "master" : {
          "href" : "http://localhost/api/phoneNumbers/1253_0_1/master"
        }
      }
    }, {
      "inputUserId" : "QSA",
      "lastUpdateUserId" : "QSA",
      "computerId" : "GLSVR171217",
      "lastSynchronizedDate" : null,
      "addressNumber" : "1270",
      "sequence" : 1,
      "countryCode" : "+62",
      "areaCode" : "",
      "phoneNumber" : "081336001257",
      "phoneType" : "KANTOR",
      "description" : "Kantor",
      "lastUpdateDateTime" : "2017-12-17T00:00:00",
      "inputDateTime" : "2017-12-17T00:00:00",
      "_links" : {
        "self" : {
          "href" : "http://localhost/api/phoneNumbers/1270_0_1"
        },
        "phoneNumber" : {
          "href" : "http://localhost/api/phoneNumbers/1270_0_1"
        },
        "master" : {
          "href" : "http://localhost/api/phoneNumbers/1270_0_1/master"
        }
      }
    }, {
      "inputUserId" : "QSA",
      "lastUpdateUserId" : "QSA",
      "computerId" : "GLSVR171217",
      "lastSynchronizedDate" : null,
      "addressNumber" : "1272",
      "sequence" : 1,
      "countryCode" : "+62",
      "areaCode" : "",
      "phoneNumber" : "031-8554629",
      "phoneType" : "KANTOR",
      "description" : "Kantor",
      "lastUpdateDateTime" : "2017-12-17T00:00:00",
      "inputDateTime" : "2017-12-17T00:00:00",
      "_links" : {
        "self" : {
          "href" : "http://localhost/api/phoneNumbers/1272_0_1"
        },
        "phoneNumber" : {
          "href" : "http://localhost/api/phoneNumbers/1272_0_1"
        },
        "master" : {
          "href" : "http://localhost/api/phoneNumbers/1272_0_1/master"
        }
      }
    }, {
      "inputUserId" : "QSA",
      "lastUpdateUserId" : "QSA",
      "computerId" : "GLSVR171217",
      "lastSynchronizedDate" : null,
      "addressNumber" : "1273",
      "sequence" : 1,
      "countryCode" : "+62",
      "areaCode" : "",
      "phoneNumber" : "5687050",
      "phoneType" : "KANTOR",
      "description" : "Kantor",
      "lastUpdateDateTime" : "2017-12-17T00:00:00",
      "inputDateTime" : "2017-12-17T00:00:00",
      "_links" : {
        "self" : {
          "href" : "http://localhost/api/phoneNumbers/1273_0_1"
        },
        "phoneNumber" : {
          "href" : "http://localhost/api/phoneNumbers/1273_0_1"
        },
        "master" : {
          "href" : "http://localhost/api/phoneNumbers/1273_0_1/master"
        }
      }
    }, {
      "inputUserId" : "QSA",
      "lastUpdateUserId" : "QSA",
      "computerId" : "GLSVR171217",
      "lastSynchronizedDate" : null,
      "addressNumber" : "1279",
      "sequence" : 1,
      "countryCode" : "+62",
      "areaCode" : "",
      "phoneNumber" : "081344723145",
      "phoneType" : "KANTOR",
      "description" : "Kantor",
      "lastUpdateDateTime" : "2017-12-17T00:00:00",
      "inputDateTime" : "2017-12-17T00:00:00",
      "_links" : {
        "self" : {
          "href" : "http://localhost/api/phoneNumbers/1279_0_1"
        },
        "phoneNumber" : {
          "href" : "http://localhost/api/phoneNumbers/1279_0_1"
        },
        "master" : {
          "href" : "http://localhost/api/phoneNumbers/1279_0_1/master"
        }
      }
    }, {
      "inputUserId" : "QSA",
      "lastUpdateUserId" : "QSA",
      "computerId" : "GLSVR171217",
      "lastSynchronizedDate" : null,
      "addressNumber" : "1280",
      "sequence" : 1,
      "countryCode" : "+62",
      "areaCode" : "",
      "phoneNumber" : "082139745822",
      "phoneType" : "KANTOR",
      "description" : "Kantor",
      "lastUpdateDateTime" : "2017-12-17T00:00:00",
      "inputDateTime" : "2017-12-17T00:00:00",
      "_links" : {
        "self" : {
          "href" : "http://localhost/api/phoneNumbers/1280_0_1"
        },
        "phoneNumber" : {
          "href" : "http://localhost/api/phoneNumbers/1280_0_1"
        },
        "master" : {
          "href" : "http://localhost/api/phoneNumbers/1280_0_1/master"
        }
      }
    }, {
      "inputUserId" : "QSA",
      "lastUpdateUserId" : "QSA",
      "computerId" : "GLSVR171217",
      "lastSynchronizedDate" : null,
      "addressNumber" : "1284",
      "sequence" : 1,
      "countryCode" : "+62",
      "areaCode" : "",
      "phoneNumber" : "081357476919",
      "phoneType" : "KANTOR",
      "description" : "Kantor",
      "lastUpdateDateTime" : "2017-12-17T00:00:00",
      "inputDateTime" : "2017-12-17T00:00:00",
      "_links" : {
        "self" : {
          "href" : "http://localhost/api/phoneNumbers/1284_0_1"
        },
        "phoneNumber" : {
          "href" : "http://localhost/api/phoneNumbers/1284_0_1"
        },
        "master" : {
          "href" : "http://localhost/api/phoneNumbers/1284_0_1/master"
        }
      }
    }, {
      "inputUserId" : "QSA",
      "lastUpdateUserId" : "QSA",
      "computerId" : "GLSVR171217",
      "lastSynchronizedDate" : null,
      "addressNumber" : "1285",
      "sequence" : 1,
      "countryCode" : "+62",
      "areaCode" : "",
      "phoneNumber" : "081333128447",
      "phoneType" : "KANTOR",
      "description" : "Kantor",
      "lastUpdateDateTime" : "2017-12-17T00:00:00",
      "inputDateTime" : "2017-12-17T00:00:00",
      "_links" : {
        "self" : {
          "href" : "http://localhost/api/phoneNumbers/1285_0_1"
        },
        "phoneNumber" : {
          "href" : "http://localhost/api/phoneNumbers/1285_0_1"
        },
        "master" : {
          "href" : "http://localhost/api/phoneNumbers/1285_0_1/master"
        }
      }
    }, {
      "inputUserId" : "QSA",
      "lastUpdateUserId" : "QSA",
      "computerId" : "GLSVR171217",
      "lastSynchronizedDate" : null,
      "addressNumber" : "1288",
      "sequence" : 1,
      "countryCode" : "+62",
      "areaCode" : "",
      "phoneNumber" : "081330656499",
      "phoneType" : "KANTOR",
      "description" : "Kantor",
      "lastUpdateDateTime" : "2017-12-17T00:00:00",
      "inputDateTime" : "2017-12-17T00:00:00",
      "_links" : {
        "self" : {
          "href" : "http://localhost/api/phoneNumbers/1288_0_1"
        },
        "phoneNumber" : {
          "href" : "http://localhost/api/phoneNumbers/1288_0_1"
        },
        "master" : {
          "href" : "http://localhost/api/phoneNumbers/1288_0_1/master"
        }
      }
    }, {
      "inputUserId" : "QSA",
      "lastUpdateUserId" : "QSA",
      "computerId" : "GLSVR171217",
      "lastSynchronizedDate" : null,
      "addressNumber" : "1290",
      "sequence" : 1,
      "countryCode" : "+62",
      "areaCode" : "",
      "phoneNumber" : "031-5473211",
      "phoneType" : "KANTOR",
      "description" : "Kantor",
      "lastUpdateDateTime" : "2017-12-17T00:00:00",
      "inputDateTime" : "2017-12-17T00:00:00",
      "_links" : {
        "self" : {
          "href" : "http://localhost/api/phoneNumbers/1290_0_1"
        },
        "phoneNumber" : {
          "href" : "http://localhost/api/phoneNumbers/1290_0_1"
        },
        "master" : {
          "href" : "http://localhost/api/phoneNumbers/1290_0_1/master"
        }
      }
    }, {
      "inputUserId" : "QSA",
      "lastUpdateUserId" : "QSA",
      "computerId" : "GLSVR171217",
      "lastSynchronizedDate" : null,
      "addressNumber" : "1291",
      "sequence" : 1,
      "countryCode" : "+62",
      "areaCode" : "",
      "phoneNumber" : "031-5468773",
      "phoneType" : "KANTOR",
      "description" : "Kantor",
      "lastUpdateDateTime" : "2017-12-17T00:00:00",
      "inputDateTime" : "2017-12-17T00:00:00",
      "_links" : {
        "self" : {
          "href" : "http://localhost/api/phoneNumbers/1291_0_1"
        },
        "phoneNumber" : {
          "href" : "http://localhost/api/phoneNumbers/1291_0_1"
        },
        "master" : {
          "href" : "http://localhost/api/phoneNumbers/1291_0_1/master"
        }
      }
    }, {
      "inputUserId" : "QSA",
      "lastUpdateUserId" : "QSA",
      "computerId" : "GLSVR171217",
      "lastSynchronizedDate" : null,
      "addressNumber" : "1292",
      "sequence" : 1,
      "countryCode" : "+62",
      "areaCode" : "",
      "phoneNumber" : "085730006468",
      "phoneType" : "KANTOR",
      "description" : "Kantor",
      "lastUpdateDateTime" : "2017-12-17T00:00:00",
      "inputDateTime" : "2017-12-17T00:00:00",
      "_links" : {
        "self" : {
          "href" : "http://localhost/api/phoneNumbers/1292_0_1"
        },
        "phoneNumber" : {
          "href" : "http://localhost/api/phoneNumbers/1292_0_1"
        },
        "master" : {
          "href" : "http://localhost/api/phoneNumbers/1292_0_1/master"
        }
      }
    }, {
      "inputUserId" : "QSA",
      "lastUpdateUserId" : "QSA",
      "computerId" : "GLSVR171217",
      "lastSynchronizedDate" : null,
      "addressNumber" : "1294",
      "sequence" : 1,
      "countryCode" : "+62",
      "areaCode" : "",
      "phoneNumber" : "031-5477746",
      "phoneType" : "KANTOR",
      "description" : "Kantor",
      "lastUpdateDateTime" : "2017-12-17T00:00:00",
      "inputDateTime" : "2017-12-17T00:00:00",
      "_links" : {
        "self" : {
          "href" : "http://localhost/api/phoneNumbers/1294_0_1"
        },
        "phoneNumber" : {
          "href" : "http://localhost/api/phoneNumbers/1294_0_1"
        },
        "master" : {
          "href" : "http://localhost/api/phoneNumbers/1294_0_1/master"
        }
      }
    }, {
      "inputUserId" : "QSA",
      "lastUpdateUserId" : "QSA",
      "computerId" : "GLSVR171217",
      "lastSynchronizedDate" : null,
      "addressNumber" : "1316",
      "sequence" : 1,
      "countryCode" : "+62",
      "areaCode" : "",
      "phoneNumber" : "08112533699",
      "phoneType" : "KANTOR",
      "description" : "Kantor",
      "lastUpdateDateTime" : "2017-12-17T00:00:00",
      "inputDateTime" : "2017-12-17T00:00:00",
      "_links" : {
        "self" : {
          "href" : "http://localhost/api/phoneNumbers/1316_0_1"
        },
        "phoneNumber" : {
          "href" : "http://localhost/api/phoneNumbers/1316_0_1"
        },
        "master" : {
          "href" : "http://localhost/api/phoneNumbers/1316_0_1/master"
        }
      }
    }, {
      "inputUserId" : "QSA",
      "lastUpdateUserId" : "QSA",
      "computerId" : "GLSVR171217",
      "lastSynchronizedDate" : null,
      "addressNumber" : "1318",
      "sequence" : 1,
      "countryCode" : "+62",
      "areaCode" : "",
      "phoneNumber" : "031-5912555",
      "phoneType" : "KANTOR",
      "description" : "Kantor",
      "lastUpdateDateTime" : "2017-12-17T00:00:00",
      "inputDateTime" : "2017-12-17T00:00:00",
      "_links" : {
        "self" : {
          "href" : "http://localhost/api/phoneNumbers/1318_0_1"
        },
        "phoneNumber" : {
          "href" : "http://localhost/api/phoneNumbers/1318_0_1"
        },
        "master" : {
          "href" : "http://localhost/api/phoneNumbers/1318_0_1/master"
        }
      }
    }, {
      "inputUserId" : "QSA",
      "lastUpdateUserId" : "QSA",
      "computerId" : "GLSVR171217",
      "lastSynchronizedDate" : null,
      "addressNumber" : "1318",
      "sequence" : 2,
      "countryCode" : "+62",
      "areaCode" : "",
      "phoneNumber" : "031-5471877",
      "phoneType" : "KANTOR",
      "description" : "Kantor",
      "lastUpdateDateTime" : "2017-12-17T00:00:00",
      "inputDateTime" : "2017-12-17T00:00:00",
      "_links" : {
        "self" : {
          "href" : "http://localhost/api/phoneNumbers/1318_0_2"
        },
        "phoneNumber" : {
          "href" : "http://localhost/api/phoneNumbers/1318_0_2"
        },
        "master" : {
          "href" : "http://localhost/api/phoneNumbers/1318_0_2/master"
        }
      }
    }, {
      "inputUserId" : "QSA",
      "lastUpdateUserId" : "QSA",
      "computerId" : "GLSVR171217",
      "lastSynchronizedDate" : null,
      "addressNumber" : "1328",
      "sequence" : 1,
      "countryCode" : "+62",
      "areaCode" : "",
      "phoneNumber" : "031-5467683",
      "phoneType" : "KANTOR",
      "description" : "Kantor",
      "lastUpdateDateTime" : "2017-12-17T00:00:00",
      "inputDateTime" : "2017-12-17T00:00:00",
      "_links" : {
        "self" : {
          "href" : "http://localhost/api/phoneNumbers/1328_0_1"
        },
        "phoneNumber" : {
          "href" : "http://localhost/api/phoneNumbers/1328_0_1"
        },
        "master" : {
          "href" : "http://localhost/api/phoneNumbers/1328_0_1/master"
        }
      }
    }, {
      "inputUserId" : "QSA",
      "lastUpdateUserId" : "QSA",
      "computerId" : "GLSVR171217",
      "lastSynchronizedDate" : null,
      "addressNumber" : "1333",
      "sequence" : 1,
      "countryCode" : "+62",
      "areaCode" : "",
      "phoneNumber" : "081357545864",
      "phoneType" : "KANTOR",
      "description" : "Kantor",
      "lastUpdateDateTime" : "2017-12-17T00:00:00",
      "inputDateTime" : "2017-12-17T00:00:00",
      "_links" : {
        "self" : {
          "href" : "http://localhost/api/phoneNumbers/1333_0_1"
        },
        "phoneNumber" : {
          "href" : "http://localhost/api/phoneNumbers/1333_0_1"
        },
        "master" : {
          "href" : "http://localhost/api/phoneNumbers/1333_0_1/master"
        }
      }
    }, {
      "inputUserId" : "QSA",
      "lastUpdateUserId" : "QSA",
      "computerId" : "GLSVR171217",
      "lastSynchronizedDate" : null,
      "addressNumber" : "1334",
      "sequence" : 1,
      "countryCode" : "+62",
      "areaCode" : "",
      "phoneNumber" : "08155155519",
      "phoneType" : "KANTOR",
      "description" : "Kantor",
      "lastUpdateDateTime" : "2017-12-17T00:00:00",
      "inputDateTime" : "2017-12-17T00:00:00",
      "_links" : {
        "self" : {
          "href" : "http://localhost/api/phoneNumbers/1334_0_1"
        },
        "phoneNumber" : {
          "href" : "http://localhost/api/phoneNumbers/1334_0_1"
        },
        "master" : {
          "href" : "http://localhost/api/phoneNumbers/1334_0_1/master"
        }
      }
    }, {
      "inputUserId" : "QSA",
      "lastUpdateUserId" : "QSA",
      "computerId" : "GLSVR171217",
      "lastSynchronizedDate" : null,
      "addressNumber" : "1336",
      "sequence" : 1,
      "countryCode" : "+62",
      "areaCode" : "",
      "phoneNumber" : "0354-7010491",
      "phoneType" : "KANTOR",
      "description" : "Kantor",
      "lastUpdateDateTime" : "2017-12-17T00:00:00",
      "inputDateTime" : "2017-12-17T00:00:00",
      "_links" : {
        "self" : {
          "href" : "http://localhost/api/phoneNumbers/1336_0_1"
        },
        "phoneNumber" : {
          "href" : "http://localhost/api/phoneNumbers/1336_0_1"
        },
        "master" : {
          "href" : "http://localhost/api/phoneNumbers/1336_0_1/master"
        }
      }
    }, {
      "inputUserId" : "QSA",
      "lastUpdateUserId" : "QSA",
      "computerId" : "GLSVR171217",
      "lastSynchronizedDate" : null,
      "addressNumber" : "1340",
      "sequence" : 1,
      "countryCode" : "+62",
      "areaCode" : "",
      "phoneNumber" : "081233022888",
      "phoneType" : "KANTOR",
      "description" : "Kantor",
      "lastUpdateDateTime" : "2017-12-17T00:00:00",
      "inputDateTime" : "2017-12-17T00:00:00",
      "_links" : {
        "self" : {
          "href" : "http://localhost/api/phoneNumbers/1340_0_1"
        },
        "phoneNumber" : {
          "href" : "http://localhost/api/phoneNumbers/1340_0_1"
        },
        "master" : {
          "href" : "http://localhost/api/phoneNumbers/1340_0_1/master"
        }
      }
    }, {
      "inputUserId" : "QSA",
      "lastUpdateUserId" : "QSA",
      "computerId" : "GLSVR171217",
      "lastSynchronizedDate" : null,
      "addressNumber" : "1341",
      "sequence" : 1,
      "countryCode" : "+62",
      "areaCode" : "",
      "phoneNumber" : "082154541125",
      "phoneType" : "KANTOR",
      "description" : "Kantor",
      "lastUpdateDateTime" : "2017-12-17T00:00:00",
      "inputDateTime" : "2017-12-17T00:00:00",
      "_links" : {
        "self" : {
          "href" : "http://localhost/api/phoneNumbers/1341_0_1"
        },
        "phoneNumber" : {
          "href" : "http://localhost/api/phoneNumbers/1341_0_1"
        },
        "master" : {
          "href" : "http://localhost/api/phoneNumbers/1341_0_1/master"
        }
      }
    }, {
      "inputUserId" : "QSA",
      "lastUpdateUserId" : "QSA",
      "computerId" : "GLSVR171217",
      "lastSynchronizedDate" : null,
      "addressNumber" : "1342",
      "sequence" : 1,
      "countryCode" : "+62",
      "areaCode" : "",
      "phoneNumber" : "031-534730",
      "phoneType" : "KANTOR",
      "description" : "Kantor",
      "lastUpdateDateTime" : "2017-12-17T00:00:00",
      "inputDateTime" : "2017-12-17T00:00:00",
      "_links" : {
        "self" : {
          "href" : "http://localhost/api/phoneNumbers/1342_0_1"
        },
        "phoneNumber" : {
          "href" : "http://localhost/api/phoneNumbers/1342_0_1"
        },
        "master" : {
          "href" : "http://localhost/api/phoneNumbers/1342_0_1/master"
        }
      }
    }, {
      "inputUserId" : "QSA",
      "lastUpdateUserId" : "QSA",
      "computerId" : "GLSVR171217",
      "lastSynchronizedDate" : null,
      "addressNumber" : "1346",
      "sequence" : 1,
      "countryCode" : "+62",
      "areaCode" : "",
      "phoneNumber" : "0811305827",
      "phoneType" : "KANTOR",
      "description" : "Kantor",
      "lastUpdateDateTime" : "2017-12-17T00:00:00",
      "inputDateTime" : "2017-12-17T00:00:00",
      "_links" : {
        "self" : {
          "href" : "http://localhost/api/phoneNumbers/1346_0_1"
        },
        "phoneNumber" : {
          "href" : "http://localhost/api/phoneNumbers/1346_0_1"
        },
        "master" : {
          "href" : "http://localhost/api/phoneNumbers/1346_0_1/master"
        }
      }
    }, {
      "inputUserId" : "QSA",
      "lastUpdateUserId" : "QSA",
      "computerId" : "GLSVR171217",
      "lastSynchronizedDate" : null,
      "addressNumber" : "1354",
      "sequence" : 1,
      "countryCode" : "+62",
      "areaCode" : "",
      "phoneNumber" : "0818372024",
      "phoneType" : "KANTOR",
      "description" : "Kantor",
      "lastUpdateDateTime" : "2017-12-17T00:00:00",
      "inputDateTime" : "2017-12-17T00:00:00",
      "_links" : {
        "self" : {
          "href" : "http://localhost/api/phoneNumbers/1354_0_1"
        },
        "phoneNumber" : {
          "href" : "http://localhost/api/phoneNumbers/1354_0_1"
        },
        "master" : {
          "href" : "http://localhost/api/phoneNumbers/1354_0_1/master"
        }
      }
    }, {
      "inputUserId" : "QSA",
      "lastUpdateUserId" : "QSA",
      "computerId" : "GLSVR171217",
      "lastSynchronizedDate" : null,
      "addressNumber" : "1357",
      "sequence" : 1,
      "countryCode" : "+62",
      "areaCode" : "",
      "phoneNumber" : "0291- 591720",
      "phoneType" : "KANTOR",
      "description" : "Kantor",
      "lastUpdateDateTime" : "2017-12-17T00:00:00",
      "inputDateTime" : "2017-12-17T00:00:00",
      "_links" : {
        "self" : {
          "href" : "http://localhost/api/phoneNumbers/1357_0_1"
        },
        "phoneNumber" : {
          "href" : "http://localhost/api/phoneNumbers/1357_0_1"
        },
        "master" : {
          "href" : "http://localhost/api/phoneNumbers/1357_0_1/master"
        }
      }
    }, {
      "inputUserId" : "QSA",
      "lastUpdateUserId" : "QSA",
      "computerId" : "GLSVR171217",
      "lastSynchronizedDate" : null,
      "addressNumber" : "1366",
      "sequence" : 1,
      "countryCode" : "+62",
      "areaCode" : "",
      "phoneNumber" : "031-8703319",
      "phoneType" : "KANTOR",
      "description" : "Kantor",
      "lastUpdateDateTime" : "2017-12-17T00:00:00",
      "inputDateTime" : "2017-12-17T00:00:00",
      "_links" : {
        "self" : {
          "href" : "http://localhost/api/phoneNumbers/1366_0_1"
        },
        "phoneNumber" : {
          "href" : "http://localhost/api/phoneNumbers/1366_0_1"
        },
        "master" : {
          "href" : "http://localhost/api/phoneNumbers/1366_0_1/master"
        }
      }
    }, {
      "inputUserId" : "QSA",
      "lastUpdateUserId" : "QSA",
      "computerId" : "GLSVR171217",
      "lastSynchronizedDate" : null,
      "addressNumber" : "1366",
      "sequence" : 2,
      "countryCode" : "+62",
      "areaCode" : "",
      "phoneNumber" : "031-8721024",
      "phoneType" : "KANTOR",
      "description" : "Kantor",
      "lastUpdateDateTime" : "2017-12-17T00:00:00",
      "inputDateTime" : "2017-12-17T00:00:00",
      "_links" : {
        "self" : {
          "href" : "http://localhost/api/phoneNumbers/1366_0_2"
        },
        "phoneNumber" : {
          "href" : "http://localhost/api/phoneNumbers/1366_0_2"
        },
        "master" : {
          "href" : "http://localhost/api/phoneNumbers/1366_0_2/master"
        }
      }
    }, {
      "inputUserId" : "QSA",
      "lastUpdateUserId" : "QSA",
      "computerId" : "GLSVR171217",
      "lastSynchronizedDate" : null,
      "addressNumber" : "1375",
      "sequence" : 1,
      "countryCode" : "+62",
      "areaCode" : "",
      "phoneNumber" : "081331440411",
      "phoneType" : "KANTOR",
      "description" : "Kantor",
      "lastUpdateDateTime" : "2017-12-17T00:00:00",
      "inputDateTime" : "2017-12-17T00:00:00",
      "_links" : {
        "self" : {
          "href" : "http://localhost/api/phoneNumbers/1375_0_1"
        },
        "phoneNumber" : {
          "href" : "http://localhost/api/phoneNumbers/1375_0_1"
        },
        "master" : {
          "href" : "http://localhost/api/phoneNumbers/1375_0_1/master"
        }
      }
    }, {
      "inputUserId" : "QSA",
      "lastUpdateUserId" : "QSA",
      "computerId" : "GLSVR171217",
      "lastSynchronizedDate" : null,
      "addressNumber" : "1376",
      "sequence" : 1,
      "countryCode" : "+62",
      "areaCode" : "",
      "phoneNumber" : "085732943191",
      "phoneType" : "KANTOR",
      "description" : "Kantor",
      "lastUpdateDateTime" : "2017-12-17T00:00:00",
      "inputDateTime" : "2017-12-17T00:00:00",
      "_links" : {
        "self" : {
          "href" : "http://localhost/api/phoneNumbers/1376_0_1"
        },
        "phoneNumber" : {
          "href" : "http://localhost/api/phoneNumbers/1376_0_1"
        },
        "master" : {
          "href" : "http://localhost/api/phoneNumbers/1376_0_1/master"
        }
      }
    }, {
      "inputUserId" : "QSA",
      "lastUpdateUserId" : "QSA",
      "computerId" : "GLSVR171217",
      "lastSynchronizedDate" : null,
      "addressNumber" : "1378",
      "sequence" : 1,
      "countryCode" : "+62",
      "areaCode" : "",
      "phoneNumber" : "031-7410173",
      "phoneType" : "KANTOR",
      "description" : "Kantor",
      "lastUpdateDateTime" : "2017-12-17T00:00:00",
      "inputDateTime" : "2017-12-17T00:00:00",
      "_links" : {
        "self" : {
          "href" : "http://localhost/api/phoneNumbers/1378_0_1"
        },
        "phoneNumber" : {
          "href" : "http://localhost/api/phoneNumbers/1378_0_1"
        },
        "master" : {
          "href" : "http://localhost/api/phoneNumbers/1378_0_1/master"
        }
      }
    }, {
      "inputUserId" : "QSA",
      "lastUpdateUserId" : "QSA",
      "computerId" : "GLSVR171217",
      "lastSynchronizedDate" : null,
      "addressNumber" : "1378",
      "sequence" : 2,
      "countryCode" : "+62",
      "areaCode" : "",
      "phoneNumber" : "031-7420362",
      "phoneType" : "KANTOR",
      "description" : "Kantor",
      "lastUpdateDateTime" : "2017-12-17T00:00:00",
      "inputDateTime" : "2017-12-17T00:00:00",
      "_links" : {
        "self" : {
          "href" : "http://localhost/api/phoneNumbers/1378_0_2"
        },
        "phoneNumber" : {
          "href" : "http://localhost/api/phoneNumbers/1378_0_2"
        },
        "master" : {
          "href" : "http://localhost/api/phoneNumbers/1378_0_2/master"
        }
      }
    }, {
      "inputUserId" : "QSA",
      "lastUpdateUserId" : "QSA",
      "computerId" : "GLSVR171217",
      "lastSynchronizedDate" : null,
      "addressNumber" : "1379",
      "sequence" : 1,
      "countryCode" : "+62",
      "areaCode" : "",
      "phoneNumber" : "5916155",
      "phoneType" : "KANTOR",
      "description" : "Kantor",
      "lastUpdateDateTime" : "2017-12-17T00:00:00",
      "inputDateTime" : "2017-12-17T00:00:00",
      "_links" : {
        "self" : {
          "href" : "http://localhost/api/phoneNumbers/1379_0_1"
        },
        "phoneNumber" : {
          "href" : "http://localhost/api/phoneNumbers/1379_0_1"
        },
        "master" : {
          "href" : "http://localhost/api/phoneNumbers/1379_0_1/master"
        }
      }
    }, {
      "inputUserId" : "QSA",
      "lastUpdateUserId" : "QSA",
      "computerId" : "GLSVR171217",
      "lastSynchronizedDate" : null,
      "addressNumber" : "1381",
      "sequence" : 1,
      "countryCode" : "+62",
      "areaCode" : "",
      "phoneNumber" : "031-5045291",
      "phoneType" : "KANTOR",
      "description" : "Kantor",
      "lastUpdateDateTime" : "2017-12-17T00:00:00",
      "inputDateTime" : "2017-12-17T00:00:00",
      "_links" : {
        "self" : {
          "href" : "http://localhost/api/phoneNumbers/1381_0_1"
        },
        "phoneNumber" : {
          "href" : "http://localhost/api/phoneNumbers/1381_0_1"
        },
        "master" : {
          "href" : "http://localhost/api/phoneNumbers/1381_0_1/master"
        }
      }
    }, {
      "inputUserId" : "QSA",
      "lastUpdateUserId" : "QSA",
      "computerId" : "GLSVR171217",
      "lastSynchronizedDate" : null,
      "addressNumber" : "1382",
      "sequence" : 1,
      "countryCode" : "+62",
      "areaCode" : "",
      "phoneNumber" : "0354-7010491",
      "phoneType" : "KANTOR",
      "description" : "Kantor",
      "lastUpdateDateTime" : "2017-12-17T00:00:00",
      "inputDateTime" : "2017-12-17T00:00:00",
      "_links" : {
        "self" : {
          "href" : "http://localhost/api/phoneNumbers/1382_0_1"
        },
        "phoneNumber" : {
          "href" : "http://localhost/api/phoneNumbers/1382_0_1"
        },
        "master" : {
          "href" : "http://localhost/api/phoneNumbers/1382_0_1/master"
        }
      }
    }, {
      "inputUserId" : "QSA",
      "lastUpdateUserId" : "QSA",
      "computerId" : "GLSVR171217",
      "lastSynchronizedDate" : null,
      "addressNumber" : "1384",
      "sequence" : 1,
      "countryCode" : "+62",
      "areaCode" : "",
      "phoneNumber" : "031-5320147",
      "phoneType" : "KANTOR",
      "description" : "Kantor",
      "lastUpdateDateTime" : "2017-12-17T00:00:00",
      "inputDateTime" : "2017-12-17T00:00:00",
      "_links" : {
        "self" : {
          "href" : "http://localhost/api/phoneNumbers/1384_0_1"
        },
        "phoneNumber" : {
          "href" : "http://localhost/api/phoneNumbers/1384_0_1"
        },
        "master" : {
          "href" : "http://localhost/api/phoneNumbers/1384_0_1/master"
        }
      }
    }, {
      "inputUserId" : "QSA",
      "lastUpdateUserId" : "QSA",
      "computerId" : "GLSVR171217",
      "lastSynchronizedDate" : null,
      "addressNumber" : "1385",
      "sequence" : 1,
      "countryCode" : "+62",
      "areaCode" : "",
      "phoneNumber" : "081252728043",
      "phoneType" : "KANTOR",
      "description" : "Kantor",
      "lastUpdateDateTime" : "2017-12-17T00:00:00",
      "inputDateTime" : "2017-12-17T00:00:00",
      "_links" : {
        "self" : {
          "href" : "http://localhost/api/phoneNumbers/1385_0_1"
        },
        "phoneNumber" : {
          "href" : "http://localhost/api/phoneNumbers/1385_0_1"
        },
        "master" : {
          "href" : "http://localhost/api/phoneNumbers/1385_0_1/master"
        }
      }
    }, {
      "inputUserId" : "QSA",
      "lastUpdateUserId" : "QSA",
      "computerId" : "GLSVR171217",
      "lastSynchronizedDate" : null,
      "addressNumber" : "1390",
      "sequence" : 1,
      "countryCode" : "+62",
      "areaCode" : "",
      "phoneNumber" : "081334770888",
      "phoneType" : "KANTOR",
      "description" : "Kantor",
      "lastUpdateDateTime" : "2017-12-17T00:00:00",
      "inputDateTime" : "2017-12-17T00:00:00",
      "_links" : {
        "self" : {
          "href" : "http://localhost/api/phoneNumbers/1390_0_1"
        },
        "phoneNumber" : {
          "href" : "http://localhost/api/phoneNumbers/1390_0_1"
        },
        "master" : {
          "href" : "http://localhost/api/phoneNumbers/1390_0_1/master"
        }
      }
    }, {
      "inputUserId" : "QSA",
      "lastUpdateUserId" : "QSA",
      "computerId" : "GLSVR171217",
      "lastSynchronizedDate" : null,
      "addressNumber" : "1392",
      "sequence" : 1,
      "countryCode" : "+62",
      "areaCode" : "",
      "phoneNumber" : "0354-7418029",
      "phoneType" : "KANTOR",
      "description" : "Kantor",
      "lastUpdateDateTime" : "2017-12-17T00:00:00",
      "inputDateTime" : "2017-12-17T00:00:00",
      "_links" : {
        "self" : {
          "href" : "http://localhost/api/phoneNumbers/1392_0_1"
        },
        "phoneNumber" : {
          "href" : "http://localhost/api/phoneNumbers/1392_0_1"
        },
        "master" : {
          "href" : "http://localhost/api/phoneNumbers/1392_0_1/master"
        }
      }
    }, {
      "inputUserId" : "QSA",
      "lastUpdateUserId" : "QSA",
      "computerId" : "GLSVR171217",
      "lastSynchronizedDate" : null,
      "addressNumber" : "1397",
      "sequence" : 1,
      "countryCode" : "+62",
      "areaCode" : "",
      "phoneNumber" : "0341-726583",
      "phoneType" : "KANTOR",
      "description" : "Kantor",
      "lastUpdateDateTime" : "2017-12-17T00:00:00",
      "inputDateTime" : "2017-12-17T00:00:00",
      "_links" : {
        "self" : {
          "href" : "http://localhost/api/phoneNumbers/1397_0_1"
        },
        "phoneNumber" : {
          "href" : "http://localhost/api/phoneNumbers/1397_0_1"
        },
        "master" : {
          "href" : "http://localhost/api/phoneNumbers/1397_0_1/master"
        }
      }
    }, {
      "inputUserId" : "QSA",
      "lastUpdateUserId" : "QSA",
      "computerId" : "GLSVR171217",
      "lastSynchronizedDate" : null,
      "addressNumber" : "1397",
      "sequence" : 2,
      "countryCode" : "+62",
      "areaCode" : "",
      "phoneNumber" : "085101562625",
      "phoneType" : "KANTOR",
      "description" : "Kantor",
      "lastUpdateDateTime" : "2017-12-17T00:00:00",
      "inputDateTime" : "2017-12-17T00:00:00",
      "_links" : {
        "self" : {
          "href" : "http://localhost/api/phoneNumbers/1397_0_2"
        },
        "phoneNumber" : {
          "href" : "http://localhost/api/phoneNumbers/1397_0_2"
        },
        "master" : {
          "href" : "http://localhost/api/phoneNumbers/1397_0_2/master"
        }
      }
    }, {
      "inputUserId" : "QSA",
      "lastUpdateUserId" : "QSA",
      "computerId" : "GLSVR171217",
      "lastSynchronizedDate" : null,
      "addressNumber" : "1400",
      "sequence" : 1,
      "countryCode" : "+62",
      "areaCode" : "",
      "phoneNumber" : "031-5927631",
      "phoneType" : "KANTOR",
      "description" : "Kantor",
      "lastUpdateDateTime" : "2017-12-17T00:00:00",
      "inputDateTime" : "2017-12-17T00:00:00",
      "_links" : {
        "self" : {
          "href" : "http://localhost/api/phoneNumbers/1400_0_1"
        },
        "phoneNumber" : {
          "href" : "http://localhost/api/phoneNumbers/1400_0_1"
        },
        "master" : {
          "href" : "http://localhost/api/phoneNumbers/1400_0_1/master"
        }
      }
    }, {
      "inputUserId" : "QSA",
      "lastUpdateUserId" : "QSA",
      "computerId" : "GLSVR171217",
      "lastSynchronizedDate" : null,
      "addressNumber" : "1403",
      "sequence" : 1,
      "countryCode" : "+62",
      "areaCode" : "",
      "phoneNumber" : "087751038727",
      "phoneType" : "KANTOR",
      "description" : "Kantor",
      "lastUpdateDateTime" : "2017-12-17T00:00:00",
      "inputDateTime" : "2017-12-17T00:00:00",
      "_links" : {
        "self" : {
          "href" : "http://localhost/api/phoneNumbers/1403_0_1"
        },
        "phoneNumber" : {
          "href" : "http://localhost/api/phoneNumbers/1403_0_1"
        },
        "master" : {
          "href" : "http://localhost/api/phoneNumbers/1403_0_1/master"
        }
      }
    }, {
      "inputUserId" : "QSA",
      "lastUpdateUserId" : "QSA",
      "computerId" : "GLSVR171217",
      "lastSynchronizedDate" : null,
      "addressNumber" : "1411",
      "sequence" : 1,
      "countryCode" : "+62",
      "areaCode" : "",
      "phoneNumber" : "0274-884848",
      "phoneType" : "KANTOR",
      "description" : "Kantor",
      "lastUpdateDateTime" : "2017-12-17T00:00:00",
      "inputDateTime" : "2017-12-17T00:00:00",
      "_links" : {
        "self" : {
          "href" : "http://localhost/api/phoneNumbers/1411_0_1"
        },
        "phoneNumber" : {
          "href" : "http://localhost/api/phoneNumbers/1411_0_1"
        },
        "master" : {
          "href" : "http://localhost/api/phoneNumbers/1411_0_1/master"
        }
      }
    }, {
      "inputUserId" : "QSA",
      "lastUpdateUserId" : "QSA",
      "computerId" : "GLSVR171217",
      "lastSynchronizedDate" : null,
      "addressNumber" : "1411",
      "sequence" : 2,
      "countryCode" : "+62",
      "areaCode" : "",
      "phoneNumber" : "087846748338 ",
      "phoneType" : "KANTOR",
      "description" : "Kantor",
      "lastUpdateDateTime" : "2017-12-17T00:00:00",
      "inputDateTime" : "2017-12-17T00:00:00",
      "_links" : {
        "self" : {
          "href" : "http://localhost/api/phoneNumbers/1411_0_2"
        },
        "phoneNumber" : {
          "href" : "http://localhost/api/phoneNumbers/1411_0_2"
        },
        "master" : {
          "href" : "http://localhost/api/phoneNumbers/1411_0_2/master"
        }
      }
    }, {
      "inputUserId" : "QSA",
      "lastUpdateUserId" : "QSA",
      "computerId" : "GLSVR171217",
      "lastSynchronizedDate" : null,
      "addressNumber" : "1414",
      "sequence" : 1,
      "countryCode" : "+62",
      "areaCode" : "",
      "phoneNumber" : "085100988369",
      "phoneType" : "KANTOR",
      "description" : "Kantor",
      "lastUpdateDateTime" : "2017-12-17T00:00:00",
      "inputDateTime" : "2017-12-17T00:00:00",
      "_links" : {
        "self" : {
          "href" : "http://localhost/api/phoneNumbers/1414_0_1"
        },
        "phoneNumber" : {
          "href" : "http://localhost/api/phoneNumbers/1414_0_1"
        },
        "master" : {
          "href" : "http://localhost/api/phoneNumbers/1414_0_1/master"
        }
      }
    }, {
      "inputUserId" : "QSA",
      "lastUpdateUserId" : "QSA",
      "computerId" : "GLSVR171217",
      "lastSynchronizedDate" : null,
      "addressNumber" : "1419",
      "sequence" : 1,
      "countryCode" : "+62",
      "areaCode" : "",
      "phoneNumber" : "082114254228",
      "phoneType" : "KANTOR",
      "description" : "Kantor",
      "lastUpdateDateTime" : "2017-12-17T00:00:00",
      "inputDateTime" : "2017-12-17T00:00:00",
      "_links" : {
        "self" : {
          "href" : "http://localhost/api/phoneNumbers/1419_0_1"
        },
        "phoneNumber" : {
          "href" : "http://localhost/api/phoneNumbers/1419_0_1"
        },
        "master" : {
          "href" : "http://localhost/api/phoneNumbers/1419_0_1/master"
        }
      }
    }, {
      "inputUserId" : "QSA",
      "lastUpdateUserId" : "QSA",
      "computerId" : "GLSVR171217",
      "lastSynchronizedDate" : null,
      "addressNumber" : "1420",
      "sequence" : 1,
      "countryCode" : "+62",
      "areaCode" : "",
      "phoneNumber" : "0293-363454",
      "phoneType" : "KANTOR",
      "description" : "Kantor",
      "lastUpdateDateTime" : "2017-12-17T00:00:00",
      "inputDateTime" : "2017-12-17T00:00:00",
      "_links" : {
        "self" : {
          "href" : "http://localhost/api/phoneNumbers/1420_0_1"
        },
        "phoneNumber" : {
          "href" : "http://localhost/api/phoneNumbers/1420_0_1"
        },
        "master" : {
          "href" : "http://localhost/api/phoneNumbers/1420_0_1/master"
        }
      }
    }, {
      "inputUserId" : "QSA",
      "lastUpdateUserId" : "QSA",
      "computerId" : "GLSVR171217",
      "lastSynchronizedDate" : null,
      "addressNumber" : "1425",
      "sequence" : 1,
      "countryCode" : "+62",
      "areaCode" : "",
      "phoneNumber" : "031-5927795",
      "phoneType" : "KANTOR",
      "description" : "Kantor",
      "lastUpdateDateTime" : "2017-12-17T00:00:00",
      "inputDateTime" : "2017-12-17T00:00:00",
      "_links" : {
        "self" : {
          "href" : "http://localhost/api/phoneNumbers/1425_0_1"
        },
        "phoneNumber" : {
          "href" : "http://localhost/api/phoneNumbers/1425_0_1"
        },
        "master" : {
          "href" : "http://localhost/api/phoneNumbers/1425_0_1/master"
        }
      }
    }, {
      "inputUserId" : "QSA",
      "lastUpdateUserId" : "QSA",
      "computerId" : "GLSVR171217",
      "lastSynchronizedDate" : null,
      "addressNumber" : "1428",
      "sequence" : 1,
      "countryCode" : "+62",
      "areaCode" : "",
      "phoneNumber" : "0822310330285",
      "phoneType" : "KANTOR",
      "description" : "Kantor",
      "lastUpdateDateTime" : "2017-12-17T00:00:00",
      "inputDateTime" : "2017-12-17T00:00:00",
      "_links" : {
        "self" : {
          "href" : "http://localhost/api/phoneNumbers/1428_0_1"
        },
        "phoneNumber" : {
          "href" : "http://localhost/api/phoneNumbers/1428_0_1"
        },
        "master" : {
          "href" : "http://localhost/api/phoneNumbers/1428_0_1/master"
        }
      }
    }, {
      "inputUserId" : "QSA",
      "lastUpdateUserId" : "QSA",
      "computerId" : "GLSVR171217",
      "lastSynchronizedDate" : null,
      "addressNumber" : "1432",
      "sequence" : 1,
      "countryCode" : "+62",
      "areaCode" : "",
      "phoneNumber" : "0851-0561-0999",
      "phoneType" : "KANTOR",
      "description" : "Kantor",
      "lastUpdateDateTime" : "2017-12-17T00:00:00",
      "inputDateTime" : "2017-12-17T00:00:00",
      "_links" : {
        "self" : {
          "href" : "http://localhost/api/phoneNumbers/1432_0_1"
        },
        "phoneNumber" : {
          "href" : "http://localhost/api/phoneNumbers/1432_0_1"
        },
        "master" : {
          "href" : "http://localhost/api/phoneNumbers/1432_0_1/master"
        }
      }
    }, {
      "inputUserId" : "QSA",
      "lastUpdateUserId" : "QSA",
      "computerId" : "GLSVR171217",
      "lastSynchronizedDate" : null,
      "addressNumber" : "1434",
      "sequence" : 1,
      "countryCode" : "+62",
      "areaCode" : "",
      "phoneNumber" : "0354-771326",
      "phoneType" : "KANTOR",
      "description" : "Kantor",
      "lastUpdateDateTime" : "2017-12-17T00:00:00",
      "inputDateTime" : "2017-12-17T00:00:00",
      "_links" : {
        "self" : {
          "href" : "http://localhost/api/phoneNumbers/1434_0_1"
        },
        "phoneNumber" : {
          "href" : "http://localhost/api/phoneNumbers/1434_0_1"
        },
        "master" : {
          "href" : "http://localhost/api/phoneNumbers/1434_0_1/master"
        }
      }
    }, {
      "inputUserId" : "QSA",
      "lastUpdateUserId" : "QSA",
      "computerId" : "GLSVR171217",
      "lastSynchronizedDate" : null,
      "addressNumber" : "1435",
      "sequence" : 1,
      "countryCode" : "+62",
      "areaCode" : "",
      "phoneNumber" : "0370-630320",
      "phoneType" : "KANTOR",
      "description" : "Kantor",
      "lastUpdateDateTime" : "2017-12-17T00:00:00",
      "inputDateTime" : "2017-12-17T00:00:00",
      "_links" : {
        "self" : {
          "href" : "http://localhost/api/phoneNumbers/1435_0_1"
        },
        "phoneNumber" : {
          "href" : "http://localhost/api/phoneNumbers/1435_0_1"
        },
        "master" : {
          "href" : "http://localhost/api/phoneNumbers/1435_0_1/master"
        }
      }
    }, {
      "inputUserId" : "QSA",
      "lastUpdateUserId" : "QSA",
      "computerId" : "GLSVR171217",
      "lastSynchronizedDate" : null,
      "addressNumber" : "1437",
      "sequence" : 1,
      "countryCode" : "+62",
      "areaCode" : "",
      "phoneNumber" : "08115422221",
      "phoneType" : "KANTOR",
      "description" : "Kantor",
      "lastUpdateDateTime" : "2017-12-17T00:00:00",
      "inputDateTime" : "2017-12-17T00:00:00",
      "_links" : {
        "self" : {
          "href" : "http://localhost/api/phoneNumbers/1437_0_1"
        },
        "phoneNumber" : {
          "href" : "http://localhost/api/phoneNumbers/1437_0_1"
        },
        "master" : {
          "href" : "http://localhost/api/phoneNumbers/1437_0_1/master"
        }
      }
    }, {
      "inputUserId" : "QSA",
      "lastUpdateUserId" : "QSA",
      "computerId" : "GLSVR171217",
      "lastSynchronizedDate" : null,
      "addressNumber" : "1438",
      "sequence" : 1,
      "countryCode" : "+62",
      "areaCode" : "",
      "phoneNumber" : "0878-5455-1155",
      "phoneType" : "KANTOR",
      "description" : "Kantor",
      "lastUpdateDateTime" : "2017-12-17T00:00:00",
      "inputDateTime" : "2017-12-17T00:00:00",
      "_links" : {
        "self" : {
          "href" : "http://localhost/api/phoneNumbers/1438_0_1"
        },
        "phoneNumber" : {
          "href" : "http://localhost/api/phoneNumbers/1438_0_1"
        },
        "master" : {
          "href" : "http://localhost/api/phoneNumbers/1438_0_1/master"
        }
      }
    }, {
      "inputUserId" : "QSA",
      "lastUpdateUserId" : "QSA",
      "computerId" : "GLSVR171217",
      "lastSynchronizedDate" : null,
      "addressNumber" : "1439",
      "sequence" : 1,
      "countryCode" : "+62",
      "areaCode" : "",
      "phoneNumber" : "085325922399",
      "phoneType" : "KANTOR",
      "description" : "Kantor",
      "lastUpdateDateTime" : "2017-12-17T00:00:00",
      "inputDateTime" : "2017-12-17T00:00:00",
      "_links" : {
        "self" : {
          "href" : "http://localhost/api/phoneNumbers/1439_0_1"
        },
        "phoneNumber" : {
          "href" : "http://localhost/api/phoneNumbers/1439_0_1"
        },
        "master" : {
          "href" : "http://localhost/api/phoneNumbers/1439_0_1/master"
        }
      }
    }, {
      "inputUserId" : "QSA",
      "lastUpdateUserId" : "QSA",
      "computerId" : "GLSVR171217",
      "lastSynchronizedDate" : null,
      "addressNumber" : "1444",
      "sequence" : 1,
      "countryCode" : "+62",
      "areaCode" : "",
      "phoneNumber" : "5315678",
      "phoneType" : "KANTOR",
      "description" : "Kantor",
      "lastUpdateDateTime" : "2017-12-17T00:00:00",
      "inputDateTime" : "2017-12-17T00:00:00",
      "_links" : {
        "self" : {
          "href" : "http://localhost/api/phoneNumbers/1444_0_1"
        },
        "phoneNumber" : {
          "href" : "http://localhost/api/phoneNumbers/1444_0_1"
        },
        "master" : {
          "href" : "http://localhost/api/phoneNumbers/1444_0_1/master"
        }
      }
    }, {
      "inputUserId" : "QSA",
      "lastUpdateUserId" : "QSA",
      "computerId" : "GLSVR171217",
      "lastSynchronizedDate" : null,
      "addressNumber" : "1446",
      "sequence" : 1,
      "countryCode" : "+62",
      "areaCode" : "",
      "phoneNumber" : "0342-807117",
      "phoneType" : "KANTOR",
      "description" : "Kantor",
      "lastUpdateDateTime" : "2017-12-17T00:00:00",
      "inputDateTime" : "2017-12-17T00:00:00",
      "_links" : {
        "self" : {
          "href" : "http://localhost/api/phoneNumbers/1446_0_1"
        },
        "phoneNumber" : {
          "href" : "http://localhost/api/phoneNumbers/1446_0_1"
        },
        "master" : {
          "href" : "http://localhost/api/phoneNumbers/1446_0_1/master"
        }
      }
    }, {
      "inputUserId" : "QSA",
      "lastUpdateUserId" : "QSA",
      "computerId" : "GLSVR171217",
      "lastSynchronizedDate" : null,
      "addressNumber" : "1446",
      "sequence" : 2,
      "countryCode" : "+62",
      "areaCode" : "",
      "phoneNumber" : "0342-812031",
      "phoneType" : "KANTOR",
      "description" : "Kantor",
      "lastUpdateDateTime" : "2017-12-17T00:00:00",
      "inputDateTime" : "2017-12-17T00:00:00",
      "_links" : {
        "self" : {
          "href" : "http://localhost/api/phoneNumbers/1446_0_2"
        },
        "phoneNumber" : {
          "href" : "http://localhost/api/phoneNumbers/1446_0_2"
        },
        "master" : {
          "href" : "http://localhost/api/phoneNumbers/1446_0_2/master"
        }
      }
    }, {
      "inputUserId" : "QSA",
      "lastUpdateUserId" : "QSA",
      "computerId" : "GLSVR171217",
      "lastSynchronizedDate" : null,
      "addressNumber" : "1453",
      "sequence" : 1,
      "countryCode" : "+62",
      "areaCode" : "",
      "phoneNumber" : "0274-566569 ",
      "phoneType" : "KANTOR",
      "description" : "Kantor",
      "lastUpdateDateTime" : "2017-12-17T00:00:00",
      "inputDateTime" : "2017-12-17T00:00:00",
      "_links" : {
        "self" : {
          "href" : "http://localhost/api/phoneNumbers/1453_0_1"
        },
        "phoneNumber" : {
          "href" : "http://localhost/api/phoneNumbers/1453_0_1"
        },
        "master" : {
          "href" : "http://localhost/api/phoneNumbers/1453_0_1/master"
        }
      }
    }, {
      "inputUserId" : "QSA",
      "lastUpdateUserId" : "QSA",
      "computerId" : "GLSVR171217",
      "lastSynchronizedDate" : null,
      "addressNumber" : "1453",
      "sequence" : 2,
      "countryCode" : "+62",
      "areaCode" : "",
      "phoneNumber" : "ext.101/102",
      "phoneType" : "KANTOR",
      "description" : "Kantor",
      "lastUpdateDateTime" : "2017-12-17T00:00:00",
      "inputDateTime" : "2017-12-17T00:00:00",
      "_links" : {
        "self" : {
          "href" : "http://localhost/api/phoneNumbers/1453_0_2"
        },
        "phoneNumber" : {
          "href" : "http://localhost/api/phoneNumbers/1453_0_2"
        },
        "master" : {
          "href" : "http://localhost/api/phoneNumbers/1453_0_2/master"
        }
      }
    }, {
      "inputUserId" : "QSA",
      "lastUpdateUserId" : "QSA",
      "computerId" : "GLSVR171217",
      "lastSynchronizedDate" : null,
      "addressNumber" : "1455",
      "sequence" : 1,
      "countryCode" : "+62",
      "areaCode" : "",
      "phoneNumber" : "081232841551",
      "phoneType" : "KANTOR",
      "description" : "Kantor",
      "lastUpdateDateTime" : "2017-12-17T00:00:00",
      "inputDateTime" : "2017-12-17T00:00:00",
      "_links" : {
        "self" : {
          "href" : "http://localhost/api/phoneNumbers/1455_0_1"
        },
        "phoneNumber" : {
          "href" : "http://localhost/api/phoneNumbers/1455_0_1"
        },
        "master" : {
          "href" : "http://localhost/api/phoneNumbers/1455_0_1/master"
        }
      }
    }, {
      "inputUserId" : "QSA",
      "lastUpdateUserId" : "QSA",
      "computerId" : "GLSVR171217",
      "lastSynchronizedDate" : null,
      "addressNumber" : "1456",
      "sequence" : 1,
      "countryCode" : "+62",
      "areaCode" : "",
      "phoneNumber" : "0331-487576",
      "phoneType" : "KANTOR",
      "description" : "Kantor",
      "lastUpdateDateTime" : "2017-12-17T00:00:00",
      "inputDateTime" : "2017-12-17T00:00:00",
      "_links" : {
        "self" : {
          "href" : "http://localhost/api/phoneNumbers/1456_0_1"
        },
        "phoneNumber" : {
          "href" : "http://localhost/api/phoneNumbers/1456_0_1"
        },
        "master" : {
          "href" : "http://localhost/api/phoneNumbers/1456_0_1/master"
        }
      }
    }, {
      "inputUserId" : "QSA",
      "lastUpdateUserId" : "QSA",
      "computerId" : "GLSVR171217",
      "lastSynchronizedDate" : null,
      "addressNumber" : "1458",
      "sequence" : 1,
      "countryCode" : "+62",
      "areaCode" : "",
      "phoneNumber" : "081-8307-236",
      "phoneType" : "KANTOR",
      "description" : "Kantor",
      "lastUpdateDateTime" : "2017-12-17T00:00:00",
      "inputDateTime" : "2017-12-17T00:00:00",
      "_links" : {
        "self" : {
          "href" : "http://localhost/api/phoneNumbers/1458_0_1"
        },
        "phoneNumber" : {
          "href" : "http://localhost/api/phoneNumbers/1458_0_1"
        },
        "master" : {
          "href" : "http://localhost/api/phoneNumbers/1458_0_1/master"
        }
      }
    }, {
      "inputUserId" : "QSA",
      "lastUpdateUserId" : "QSA",
      "computerId" : "GLSVR171217",
      "lastSynchronizedDate" : null,
      "addressNumber" : "1458",
      "sequence" : 2,
      "countryCode" : "+62",
      "areaCode" : "",
      "phoneNumber" : "081-2355-58542",
      "phoneType" : "KANTOR",
      "description" : "Kantor",
      "lastUpdateDateTime" : "2017-12-17T00:00:00",
      "inputDateTime" : "2017-12-17T00:00:00",
      "_links" : {
        "self" : {
          "href" : "http://localhost/api/phoneNumbers/1458_0_2"
        },
        "phoneNumber" : {
          "href" : "http://localhost/api/phoneNumbers/1458_0_2"
        },
        "master" : {
          "href" : "http://localhost/api/phoneNumbers/1458_0_2/master"
        }
      }
    }, {
      "inputUserId" : "QSA",
      "lastUpdateUserId" : "QSA",
      "computerId" : "GLSVR171217",
      "lastSynchronizedDate" : null,
      "addressNumber" : "1461",
      "sequence" : 1,
      "countryCode" : "+62",
      "areaCode" : "",
      "phoneNumber" : "+62293362500",
      "phoneType" : "KANTOR",
      "description" : "Kantor",
      "lastUpdateDateTime" : "2017-12-17T00:00:00",
      "inputDateTime" : "2017-12-17T00:00:00",
      "_links" : {
        "self" : {
          "href" : "http://localhost/api/phoneNumbers/1461_0_1"
        },
        "phoneNumber" : {
          "href" : "http://localhost/api/phoneNumbers/1461_0_1"
        },
        "master" : {
          "href" : "http://localhost/api/phoneNumbers/1461_0_1/master"
        }
      }
    }, {
      "inputUserId" : "QSA",
      "lastUpdateUserId" : "QSA",
      "computerId" : "GLSVR171217",
      "lastSynchronizedDate" : null,
      "addressNumber" : "1466",
      "sequence" : 1,
      "countryCode" : "+62",
      "areaCode" : "",
      "phoneNumber" : "031-99034281",
      "phoneType" : "KANTOR",
      "description" : "Kantor",
      "lastUpdateDateTime" : "2017-12-17T00:00:00",
      "inputDateTime" : "2017-12-17T00:00:00",
      "_links" : {
        "self" : {
          "href" : "http://localhost/api/phoneNumbers/1466_0_1"
        },
        "phoneNumber" : {
          "href" : "http://localhost/api/phoneNumbers/1466_0_1"
        },
        "master" : {
          "href" : "http://localhost/api/phoneNumbers/1466_0_1/master"
        }
      }
    }, {
      "inputUserId" : "QSA",
      "lastUpdateUserId" : "QSA",
      "computerId" : "GLSVR171217",
      "lastSynchronizedDate" : null,
      "addressNumber" : "1471",
      "sequence" : 1,
      "countryCode" : "+62",
      "areaCode" : "",
      "phoneNumber" : "0818316138",
      "phoneType" : "KANTOR",
      "description" : "Kantor",
      "lastUpdateDateTime" : "2017-12-17T00:00:00",
      "inputDateTime" : "2017-12-17T00:00:00",
      "_links" : {
        "self" : {
          "href" : "http://localhost/api/phoneNumbers/1471_0_1"
        },
        "phoneNumber" : {
          "href" : "http://localhost/api/phoneNumbers/1471_0_1"
        },
        "master" : {
          "href" : "http://localhost/api/phoneNumbers/1471_0_1/master"
        }
      }
    }, {
      "inputUserId" : "QSA",
      "lastUpdateUserId" : "QSA",
      "computerId" : "GLSVR171217",
      "lastSynchronizedDate" : null,
      "addressNumber" : "1472",
      "sequence" : 1,
      "countryCode" : "+62",
      "areaCode" : "",
      "phoneNumber" : "085732247744",
      "phoneType" : "KANTOR",
      "description" : "Kantor",
      "lastUpdateDateTime" : "2017-12-17T00:00:00",
      "inputDateTime" : "2017-12-17T00:00:00",
      "_links" : {
        "self" : {
          "href" : "http://localhost/api/phoneNumbers/1472_0_1"
        },
        "phoneNumber" : {
          "href" : "http://localhost/api/phoneNumbers/1472_0_1"
        },
        "master" : {
          "href" : "http://localhost/api/phoneNumbers/1472_0_1/master"
        }
      }
    }, {
      "inputUserId" : "QSA",
      "lastUpdateUserId" : "QSA",
      "computerId" : "GLSVR171217",
      "lastSynchronizedDate" : null,
      "addressNumber" : "1475",
      "sequence" : 1,
      "countryCode" : "+62",
      "areaCode" : "",
      "phoneNumber" : "031-5459425",
      "phoneType" : "KANTOR",
      "description" : "Kantor",
      "lastUpdateDateTime" : "2017-12-17T00:00:00",
      "inputDateTime" : "2017-12-17T00:00:00",
      "_links" : {
        "self" : {
          "href" : "http://localhost/api/phoneNumbers/1475_0_1"
        },
        "phoneNumber" : {
          "href" : "http://localhost/api/phoneNumbers/1475_0_1"
        },
        "master" : {
          "href" : "http://localhost/api/phoneNumbers/1475_0_1/master"
        }
      }
    }, {
      "inputUserId" : "QSA",
      "lastUpdateUserId" : "QSA",
      "computerId" : "GLSVR171217",
      "lastSynchronizedDate" : null,
      "addressNumber" : "1477",
      "sequence" : 1,
      "countryCode" : "+62",
      "areaCode" : "",
      "phoneNumber" : "081349074378",
      "phoneType" : "KANTOR",
      "description" : "Kantor",
      "lastUpdateDateTime" : "2017-12-17T00:00:00",
      "inputDateTime" : "2017-12-17T00:00:00",
      "_links" : {
        "self" : {
          "href" : "http://localhost/api/phoneNumbers/1477_0_1"
        },
        "phoneNumber" : {
          "href" : "http://localhost/api/phoneNumbers/1477_0_1"
        },
        "master" : {
          "href" : "http://localhost/api/phoneNumbers/1477_0_1/master"
        }
      }
    }, {
      "inputUserId" : "QSA",
      "lastUpdateUserId" : "QSA",
      "computerId" : "GLSVR171217",
      "lastSynchronizedDate" : null,
      "addressNumber" : "1479",
      "sequence" : 1,
      "countryCode" : "+62",
      "areaCode" : "",
      "phoneNumber" : "031-5342995",
      "phoneType" : "KANTOR",
      "description" : "Kantor",
      "lastUpdateDateTime" : "2017-12-17T00:00:00",
      "inputDateTime" : "2017-12-17T00:00:00",
      "_links" : {
        "self" : {
          "href" : "http://localhost/api/phoneNumbers/1479_0_1"
        },
        "phoneNumber" : {
          "href" : "http://localhost/api/phoneNumbers/1479_0_1"
        },
        "master" : {
          "href" : "http://localhost/api/phoneNumbers/1479_0_1/master"
        }
      }
    }, {
      "inputUserId" : "QSA",
      "lastUpdateUserId" : "QSA",
      "computerId" : "GLSVR171217",
      "lastSynchronizedDate" : null,
      "addressNumber" : "1479",
      "sequence" : 2,
      "countryCode" : "+62",
      "areaCode" : "",
      "phoneNumber" : "PABX 6219",
      "phoneType" : "KANTOR",
      "description" : "Kantor",
      "lastUpdateDateTime" : "2017-12-17T00:00:00",
      "inputDateTime" : "2017-12-17T00:00:00",
      "_links" : {
        "self" : {
          "href" : "http://localhost/api/phoneNumbers/1479_0_2"
        },
        "phoneNumber" : {
          "href" : "http://localhost/api/phoneNumbers/1479_0_2"
        },
        "master" : {
          "href" : "http://localhost/api/phoneNumbers/1479_0_2/master"
        }
      }
    }, {
      "inputUserId" : "QSA",
      "lastUpdateUserId" : "QSA",
      "computerId" : "GLSVR171217",
      "lastSynchronizedDate" : null,
      "addressNumber" : "1481",
      "sequence" : 1,
      "countryCode" : "+62",
      "areaCode" : "",
      "phoneNumber" : "082244457475",
      "phoneType" : "KANTOR",
      "description" : "Kantor",
      "lastUpdateDateTime" : "2017-12-17T00:00:00",
      "inputDateTime" : "2017-12-17T00:00:00",
      "_links" : {
        "self" : {
          "href" : "http://localhost/api/phoneNumbers/1481_0_1"
        },
        "phoneNumber" : {
          "href" : "http://localhost/api/phoneNumbers/1481_0_1"
        },
        "master" : {
          "href" : "http://localhost/api/phoneNumbers/1481_0_1/master"
        }
      }
    }, {
      "inputUserId" : "QSA",
      "lastUpdateUserId" : "QSA",
      "computerId" : "GLSVR171217",
      "lastSynchronizedDate" : null,
      "addressNumber" : "1486",
      "sequence" : 1,
      "countryCode" : "+62",
      "areaCode" : "",
      "phoneNumber" : "08155011866",
      "phoneType" : "KANTOR",
      "description" : "Kantor",
      "lastUpdateDateTime" : "2017-12-17T00:00:00",
      "inputDateTime" : "2017-12-17T00:00:00",
      "_links" : {
        "self" : {
          "href" : "http://localhost/api/phoneNumbers/1486_0_1"
        },
        "phoneNumber" : {
          "href" : "http://localhost/api/phoneNumbers/1486_0_1"
        },
        "master" : {
          "href" : "http://localhost/api/phoneNumbers/1486_0_1/master"
        }
      }
    }, {
      "inputUserId" : "QSA",
      "lastUpdateUserId" : "QSA",
      "computerId" : "GLSVR171217",
      "lastSynchronizedDate" : null,
      "addressNumber" : "1490",
      "sequence" : 1,
      "countryCode" : "+62",
      "areaCode" : "",
      "phoneNumber" : "081214830870",
      "phoneType" : "KANTOR",
      "description" : "Kantor",
      "lastUpdateDateTime" : "2017-12-17T00:00:00",
      "inputDateTime" : "2017-12-17T00:00:00",
      "_links" : {
        "self" : {
          "href" : "http://localhost/api/phoneNumbers/1490_0_1"
        },
        "phoneNumber" : {
          "href" : "http://localhost/api/phoneNumbers/1490_0_1"
        },
        "master" : {
          "href" : "http://localhost/api/phoneNumbers/1490_0_1/master"
        }
      }
    }, {
      "inputUserId" : "QSA",
      "lastUpdateUserId" : "QSA",
      "computerId" : "GLSVR171217",
      "lastSynchronizedDate" : null,
      "addressNumber" : "1491",
      "sequence" : 1,
      "countryCode" : "+62",
      "areaCode" : "",
      "phoneNumber" : "087855947128",
      "phoneType" : "KANTOR",
      "description" : "Kantor",
      "lastUpdateDateTime" : "2017-12-17T00:00:00",
      "inputDateTime" : "2017-12-17T00:00:00",
      "_links" : {
        "self" : {
          "href" : "http://localhost/api/phoneNumbers/1491_0_1"
        },
        "phoneNumber" : {
          "href" : "http://localhost/api/phoneNumbers/1491_0_1"
        },
        "master" : {
          "href" : "http://localhost/api/phoneNumbers/1491_0_1/master"
        }
      }
    }, {
      "inputUserId" : "QSA",
      "lastUpdateUserId" : "QSA",
      "computerId" : "GLSVR171217",
      "lastSynchronizedDate" : null,
      "addressNumber" : "1499",
      "sequence" : 1,
      "countryCode" : "+62",
      "areaCode" : "",
      "phoneNumber" : "082247846462",
      "phoneType" : "KANTOR",
      "description" : "Kantor",
      "lastUpdateDateTime" : "2017-12-17T00:00:00",
      "inputDateTime" : "2017-12-17T00:00:00",
      "_links" : {
        "self" : {
          "href" : "http://localhost/api/phoneNumbers/1499_0_1"
        },
        "phoneNumber" : {
          "href" : "http://localhost/api/phoneNumbers/1499_0_1"
        },
        "master" : {
          "href" : "http://localhost/api/phoneNumbers/1499_0_1/master"
        }
      }
    }, {
      "inputUserId" : "QSA",
      "lastUpdateUserId" : "QSA",
      "computerId" : "GLSVR171217",
      "lastSynchronizedDate" : null,
      "addressNumber" : "1502",
      "sequence" : 1,
      "countryCode" : "+62",
      "areaCode" : "",
      "phoneNumber" : "082131028915",
      "phoneType" : "KANTOR",
      "description" : "Kantor",
      "lastUpdateDateTime" : "2017-12-17T00:00:00",
      "inputDateTime" : "2017-12-17T00:00:00",
      "_links" : {
        "self" : {
          "href" : "http://localhost/api/phoneNumbers/1502_0_1"
        },
        "phoneNumber" : {
          "href" : "http://localhost/api/phoneNumbers/1502_0_1"
        },
        "master" : {
          "href" : "http://localhost/api/phoneNumbers/1502_0_1/master"
        }
      }
    }, {
      "inputUserId" : "QSA",
      "lastUpdateUserId" : "QSA",
      "computerId" : "GLSVR171217",
      "lastSynchronizedDate" : null,
      "addressNumber" : "1503",
      "sequence" : 1,
      "countryCode" : "+62",
      "areaCode" : "",
      "phoneNumber" : "083832506161",
      "phoneType" : "KANTOR",
      "description" : "Kantor",
      "lastUpdateDateTime" : "2017-12-17T00:00:00",
      "inputDateTime" : "2017-12-17T00:00:00",
      "_links" : {
        "self" : {
          "href" : "http://localhost/api/phoneNumbers/1503_0_1"
        },
        "phoneNumber" : {
          "href" : "http://localhost/api/phoneNumbers/1503_0_1"
        },
        "master" : {
          "href" : "http://localhost/api/phoneNumbers/1503_0_1/master"
        }
      }
    }, {
      "inputUserId" : "QSA",
      "lastUpdateUserId" : "QSA",
      "computerId" : "GLSVR171217",
      "lastSynchronizedDate" : null,
      "addressNumber" : "1505",
      "sequence" : 1,
      "countryCode" : "+62",
      "areaCode" : "",
      "phoneNumber" : "081335691925",
      "phoneType" : "KANTOR",
      "description" : "Kantor",
      "lastUpdateDateTime" : "2017-12-17T00:00:00",
      "inputDateTime" : "2017-12-17T00:00:00",
      "_links" : {
        "self" : {
          "href" : "http://localhost/api/phoneNumbers/1505_0_1"
        },
        "phoneNumber" : {
          "href" : "http://localhost/api/phoneNumbers/1505_0_1"
        },
        "master" : {
          "href" : "http://localhost/api/phoneNumbers/1505_0_1/master"
        }
      }
    }, {
      "inputUserId" : "QSA",
      "lastUpdateUserId" : "QSA",
      "computerId" : "GLSVR171217",
      "lastSynchronizedDate" : null,
      "addressNumber" : "1506",
      "sequence" : 1,
      "countryCode" : "+62",
      "areaCode" : "",
      "phoneNumber" : "082140055006",
      "phoneType" : "KANTOR",
      "description" : "Kantor",
      "lastUpdateDateTime" : "2017-12-17T00:00:00",
      "inputDateTime" : "2017-12-17T00:00:00",
      "_links" : {
        "self" : {
          "href" : "http://localhost/api/phoneNumbers/1506_0_1"
        },
        "phoneNumber" : {
          "href" : "http://localhost/api/phoneNumbers/1506_0_1"
        },
        "master" : {
          "href" : "http://localhost/api/phoneNumbers/1506_0_1/master"
        }
      }
    }, {
      "inputUserId" : "QSA",
      "lastUpdateUserId" : "QSA",
      "computerId" : "GLSVR171217",
      "lastSynchronizedDate" : null,
      "addressNumber" : "1507",
      "sequence" : 1,
      "countryCode" : "+62",
      "areaCode" : "",
      "phoneNumber" : "031-5451660",
      "phoneType" : "KANTOR",
      "description" : "Kantor",
      "lastUpdateDateTime" : "2017-12-17T00:00:00",
      "inputDateTime" : "2017-12-17T00:00:00",
      "_links" : {
        "self" : {
          "href" : "http://localhost/api/phoneNumbers/1507_0_1"
        },
        "phoneNumber" : {
          "href" : "http://localhost/api/phoneNumbers/1507_0_1"
        },
        "master" : {
          "href" : "http://localhost/api/phoneNumbers/1507_0_1/master"
        }
      }
    }, {
      "inputUserId" : "QSA",
      "lastUpdateUserId" : "QSA",
      "computerId" : "GLSVR171217",
      "lastSynchronizedDate" : null,
      "addressNumber" : "1507",
      "sequence" : 2,
      "countryCode" : "+62",
      "areaCode" : "",
      "phoneNumber" : "PABX 6262",
      "phoneType" : "KANTOR",
      "description" : "Kantor",
      "lastUpdateDateTime" : "2017-12-17T00:00:00",
      "inputDateTime" : "2017-12-17T00:00:00",
      "_links" : {
        "self" : {
          "href" : "http://localhost/api/phoneNumbers/1507_0_2"
        },
        "phoneNumber" : {
          "href" : "http://localhost/api/phoneNumbers/1507_0_2"
        },
        "master" : {
          "href" : "http://localhost/api/phoneNumbers/1507_0_2/master"
        }
      }
    }, {
      "inputUserId" : "QSA",
      "lastUpdateUserId" : "QSA",
      "computerId" : "GLSVR171217",
      "lastSynchronizedDate" : null,
      "addressNumber" : "1508",
      "sequence" : 1,
      "countryCode" : "+62",
      "areaCode" : "",
      "phoneNumber" : "031-5478663",
      "phoneType" : "KANTOR",
      "description" : "Kantor",
      "lastUpdateDateTime" : "2017-12-17T00:00:00",
      "inputDateTime" : "2017-12-17T00:00:00",
      "_links" : {
        "self" : {
          "href" : "http://localhost/api/phoneNumbers/1508_0_1"
        },
        "phoneNumber" : {
          "href" : "http://localhost/api/phoneNumbers/1508_0_1"
        },
        "master" : {
          "href" : "http://localhost/api/phoneNumbers/1508_0_1/master"
        }
      }
    }, {
      "inputUserId" : "QSA",
      "lastUpdateUserId" : "QSA",
      "computerId" : "GLSVR171217",
      "lastSynchronizedDate" : null,
      "addressNumber" : "1511",
      "sequence" : 1,
      "countryCode" : "+62",
      "areaCode" : "",
      "phoneNumber" : "031-5981133",
      "phoneType" : "KANTOR",
      "description" : "Kantor",
      "lastUpdateDateTime" : "2017-12-17T00:00:00",
      "inputDateTime" : "2017-12-17T00:00:00",
      "_links" : {
        "self" : {
          "href" : "http://localhost/api/phoneNumbers/1511_0_1"
        },
        "phoneNumber" : {
          "href" : "http://localhost/api/phoneNumbers/1511_0_1"
        },
        "master" : {
          "href" : "http://localhost/api/phoneNumbers/1511_0_1/master"
        }
      }
    }, {
      "inputUserId" : "QSA",
      "lastUpdateUserId" : "QSA",
      "computerId" : "GLSVR171217",
      "lastSynchronizedDate" : null,
      "addressNumber" : "1512",
      "sequence" : 1,
      "countryCode" : "+62",
      "areaCode" : "",
      "phoneNumber" : "085655808500",
      "phoneType" : "KANTOR",
      "description" : "Kantor",
      "lastUpdateDateTime" : "2017-12-17T00:00:00",
      "inputDateTime" : "2017-12-17T00:00:00",
      "_links" : {
        "self" : {
          "href" : "http://localhost/api/phoneNumbers/1512_0_1"
        },
        "phoneNumber" : {
          "href" : "http://localhost/api/phoneNumbers/1512_0_1"
        },
        "master" : {
          "href" : "http://localhost/api/phoneNumbers/1512_0_1/master"
        }
      }
    }, {
      "inputUserId" : "QSA",
      "lastUpdateUserId" : "QSA",
      "computerId" : "GLSVR171217",
      "lastSynchronizedDate" : null,
      "addressNumber" : "1519",
      "sequence" : 1,
      "countryCode" : "+62",
      "areaCode" : "",
      "phoneNumber" : "0354-684037",
      "phoneType" : "KANTOR",
      "description" : "Kantor",
      "lastUpdateDateTime" : "2017-12-17T00:00:00",
      "inputDateTime" : "2017-12-17T00:00:00",
      "_links" : {
        "self" : {
          "href" : "http://localhost/api/phoneNumbers/1519_0_1"
        },
        "phoneNumber" : {
          "href" : "http://localhost/api/phoneNumbers/1519_0_1"
        },
        "master" : {
          "href" : "http://localhost/api/phoneNumbers/1519_0_1/master"
        }
      }
    }, {
      "inputUserId" : "QSA",
      "lastUpdateUserId" : "QSA",
      "computerId" : "GLSVR171217",
      "lastSynchronizedDate" : null,
      "addressNumber" : "1522",
      "sequence" : 1,
      "countryCode" : "+62",
      "areaCode" : "",
      "phoneNumber" : "081234564495",
      "phoneType" : "KANTOR",
      "description" : "Kantor",
      "lastUpdateDateTime" : "2017-12-17T00:00:00",
      "inputDateTime" : "2017-12-17T00:00:00",
      "_links" : {
        "self" : {
          "href" : "http://localhost/api/phoneNumbers/1522_0_1"
        },
        "phoneNumber" : {
          "href" : "http://localhost/api/phoneNumbers/1522_0_1"
        },
        "master" : {
          "href" : "http://localhost/api/phoneNumbers/1522_0_1/master"
        }
      }
    }, {
      "inputUserId" : "QSA",
      "lastUpdateUserId" : "QSA",
      "computerId" : "GLSVR171217",
      "lastSynchronizedDate" : null,
      "addressNumber" : "1525",
      "sequence" : 1,
      "countryCode" : "+62",
      "areaCode" : "",
      "phoneNumber" : "0361-7818624",
      "phoneType" : "KANTOR",
      "description" : "Kantor",
      "lastUpdateDateTime" : "2017-12-17T00:00:00",
      "inputDateTime" : "2017-12-17T00:00:00",
      "_links" : {
        "self" : {
          "href" : "http://localhost/api/phoneNumbers/1525_0_1"
        },
        "phoneNumber" : {
          "href" : "http://localhost/api/phoneNumbers/1525_0_1"
        },
        "master" : {
          "href" : "http://localhost/api/phoneNumbers/1525_0_1/master"
        }
      }
    }, {
      "inputUserId" : "QSA",
      "lastUpdateUserId" : "QSA",
      "computerId" : "GLSVR171217",
      "lastSynchronizedDate" : null,
      "addressNumber" : "1525",
      "sequence" : 2,
      "countryCode" : "+62",
      "areaCode" : "",
      "phoneNumber" : "08123608021",
      "phoneType" : "KANTOR",
      "description" : "Kantor",
      "lastUpdateDateTime" : "2017-12-17T00:00:00",
      "inputDateTime" : "2017-12-17T00:00:00",
      "_links" : {
        "self" : {
          "href" : "http://localhost/api/phoneNumbers/1525_0_2"
        },
        "phoneNumber" : {
          "href" : "http://localhost/api/phoneNumbers/1525_0_2"
        },
        "master" : {
          "href" : "http://localhost/api/phoneNumbers/1525_0_2/master"
        }
      }
    }, {
      "inputUserId" : "QSA",
      "lastUpdateUserId" : "QSA",
      "computerId" : "GLSVR171217",
      "lastSynchronizedDate" : null,
      "addressNumber" : "1530",
      "sequence" : 1,
      "countryCode" : "+62",
      "areaCode" : "",
      "phoneNumber" : "085640731717",
      "phoneType" : "KANTOR",
      "description" : "Kantor",
      "lastUpdateDateTime" : "2017-12-17T00:00:00",
      "inputDateTime" : "2017-12-17T00:00:00",
      "_links" : {
        "self" : {
          "href" : "http://localhost/api/phoneNumbers/1530_0_1"
        },
        "phoneNumber" : {
          "href" : "http://localhost/api/phoneNumbers/1530_0_1"
        },
        "master" : {
          "href" : "http://localhost/api/phoneNumbers/1530_0_1/master"
        }
      }
    }, {
      "inputUserId" : "QSA",
      "lastUpdateUserId" : "QSA",
      "computerId" : "GLSVR171217",
      "lastSynchronizedDate" : null,
      "addressNumber" : "1531",
      "sequence" : 1,
      "countryCode" : "+62",
      "areaCode" : "",
      "phoneNumber" : "081333434222",
      "phoneType" : "KANTOR",
      "description" : "Kantor",
      "lastUpdateDateTime" : "2017-12-17T00:00:00",
      "inputDateTime" : "2017-12-17T00:00:00",
      "_links" : {
        "self" : {
          "href" : "http://localhost/api/phoneNumbers/1531_0_1"
        },
        "phoneNumber" : {
          "href" : "http://localhost/api/phoneNumbers/1531_0_1"
        },
        "master" : {
          "href" : "http://localhost/api/phoneNumbers/1531_0_1/master"
        }
      }
    }, {
      "inputUserId" : "QSA",
      "lastUpdateUserId" : "QSA",
      "computerId" : "GLSVR171217",
      "lastSynchronizedDate" : null,
      "addressNumber" : "1532",
      "sequence" : 1,
      "countryCode" : "+62",
      "areaCode" : "",
      "phoneNumber" : "085100471549",
      "phoneType" : "KANTOR",
      "description" : "Kantor",
      "lastUpdateDateTime" : "2017-12-17T00:00:00",
      "inputDateTime" : "2017-12-17T00:00:00",
      "_links" : {
        "self" : {
          "href" : "http://localhost/api/phoneNumbers/1532_0_1"
        },
        "phoneNumber" : {
          "href" : "http://localhost/api/phoneNumbers/1532_0_1"
        },
        "master" : {
          "href" : "http://localhost/api/phoneNumbers/1532_0_1/master"
        }
      }
    }, {
      "inputUserId" : "QSA",
      "lastUpdateUserId" : "QSA",
      "computerId" : "GLSVR171217",
      "lastSynchronizedDate" : null,
      "addressNumber" : "1536",
      "sequence" : 1,
      "countryCode" : "+62",
      "areaCode" : "",
      "phoneNumber" : "0380-828333",
      "phoneType" : "KANTOR",
      "description" : "Kantor",
      "lastUpdateDateTime" : "2017-12-17T00:00:00",
      "inputDateTime" : "2017-12-17T00:00:00",
      "_links" : {
        "self" : {
          "href" : "http://localhost/api/phoneNumbers/1536_0_1"
        },
        "phoneNumber" : {
          "href" : "http://localhost/api/phoneNumbers/1536_0_1"
        },
        "master" : {
          "href" : "http://localhost/api/phoneNumbers/1536_0_1/master"
        }
      }
    }, {
      "inputUserId" : "QSA",
      "lastUpdateUserId" : "QSA",
      "computerId" : "GLSVR171217",
      "lastSynchronizedDate" : null,
      "addressNumber" : "1540",
      "sequence" : 1,
      "countryCode" : "+62",
      "areaCode" : "",
      "phoneNumber" : "0321-326354",
      "phoneType" : "KANTOR",
      "description" : "Kantor",
      "lastUpdateDateTime" : "2017-12-17T00:00:00",
      "inputDateTime" : "2017-12-17T00:00:00",
      "_links" : {
        "self" : {
          "href" : "http://localhost/api/phoneNumbers/1540_0_1"
        },
        "phoneNumber" : {
          "href" : "http://localhost/api/phoneNumbers/1540_0_1"
        },
        "master" : {
          "href" : "http://localhost/api/phoneNumbers/1540_0_1/master"
        }
      }
    }, {
      "inputUserId" : "QSA",
      "lastUpdateUserId" : "QSA",
      "computerId" : "GLSVR171217",
      "lastSynchronizedDate" : null,
      "addressNumber" : "1542",
      "sequence" : 1,
      "countryCode" : "+62",
      "areaCode" : "",
      "phoneNumber" : "08975033405",
      "phoneType" : "KANTOR",
      "description" : "Kantor",
      "lastUpdateDateTime" : "2017-12-17T00:00:00",
      "inputDateTime" : "2017-12-17T00:00:00",
      "_links" : {
        "self" : {
          "href" : "http://localhost/api/phoneNumbers/1542_0_1"
        },
        "phoneNumber" : {
          "href" : "http://localhost/api/phoneNumbers/1542_0_1"
        },
        "master" : {
          "href" : "http://localhost/api/phoneNumbers/1542_0_1/master"
        }
      }
    }, {
      "inputUserId" : "QSA",
      "lastUpdateUserId" : "QSA",
      "computerId" : "GLSVR171217",
      "lastSynchronizedDate" : null,
      "addressNumber" : "1543",
      "sequence" : 1,
      "countryCode" : "+62",
      "areaCode" : "",
      "phoneNumber" : "081703767068",
      "phoneType" : "KANTOR",
      "description" : "Kantor",
      "lastUpdateDateTime" : "2017-12-17T00:00:00",
      "inputDateTime" : "2017-12-17T00:00:00",
      "_links" : {
        "self" : {
          "href" : "http://localhost/api/phoneNumbers/1543_0_1"
        },
        "phoneNumber" : {
          "href" : "http://localhost/api/phoneNumbers/1543_0_1"
        },
        "master" : {
          "href" : "http://localhost/api/phoneNumbers/1543_0_1/master"
        }
      }
    }, {
      "inputUserId" : "QSA",
      "lastUpdateUserId" : "QSA",
      "computerId" : "GLSVR171217",
      "lastSynchronizedDate" : null,
      "addressNumber" : "1544",
      "sequence" : 1,
      "countryCode" : "+62",
      "areaCode" : "",
      "phoneNumber" : "031-7315197",
      "phoneType" : "KANTOR",
      "description" : "Kantor",
      "lastUpdateDateTime" : "2017-12-17T00:00:00",
      "inputDateTime" : "2017-12-17T00:00:00",
      "_links" : {
        "self" : {
          "href" : "http://localhost/api/phoneNumbers/1544_0_1"
        },
        "phoneNumber" : {
          "href" : "http://localhost/api/phoneNumbers/1544_0_1"
        },
        "master" : {
          "href" : "http://localhost/api/phoneNumbers/1544_0_1/master"
        }
      }
    }, {
      "inputUserId" : "QSA",
      "lastUpdateUserId" : "QSA",
      "computerId" : "GLSVR171217",
      "lastSynchronizedDate" : null,
      "addressNumber" : "1545",
      "sequence" : 1,
      "countryCode" : "+62",
      "areaCode" : "",
      "phoneNumber" : "081332080369",
      "phoneType" : "KANTOR",
      "description" : "Kantor",
      "lastUpdateDateTime" : "2017-12-17T00:00:00",
      "inputDateTime" : "2017-12-17T00:00:00",
      "_links" : {
        "self" : {
          "href" : "http://localhost/api/phoneNumbers/1545_0_1"
        },
        "phoneNumber" : {
          "href" : "http://localhost/api/phoneNumbers/1545_0_1"
        },
        "master" : {
          "href" : "http://localhost/api/phoneNumbers/1545_0_1/master"
        }
      }
    }, {
      "inputUserId" : "QSA",
      "lastUpdateUserId" : "QSA",
      "computerId" : "GLSVR171217",
      "lastSynchronizedDate" : null,
      "addressNumber" : "1546",
      "sequence" : 1,
      "countryCode" : "+62",
      "areaCode" : "",
      "phoneNumber" : "085236832100",
      "phoneType" : "KANTOR",
      "description" : "Kantor",
      "lastUpdateDateTime" : "2017-12-17T00:00:00",
      "inputDateTime" : "2017-12-17T00:00:00",
      "_links" : {
        "self" : {
          "href" : "http://localhost/api/phoneNumbers/1546_0_1"
        },
        "phoneNumber" : {
          "href" : "http://localhost/api/phoneNumbers/1546_0_1"
        },
        "master" : {
          "href" : "http://localhost/api/phoneNumbers/1546_0_1/master"
        }
      }
    }, {
      "inputUserId" : "QSA",
      "lastUpdateUserId" : "QSA",
      "computerId" : "GLSVR171217",
      "lastSynchronizedDate" : null,
      "addressNumber" : "1548",
      "sequence" : 1,
      "countryCode" : "+62",
      "areaCode" : "",
      "phoneNumber" : "081332080369",
      "phoneType" : "KANTOR",
      "description" : "Kantor",
      "lastUpdateDateTime" : "2017-12-17T00:00:00",
      "inputDateTime" : "2017-12-17T00:00:00",
      "_links" : {
        "self" : {
          "href" : "http://localhost/api/phoneNumbers/1548_0_1"
        },
        "phoneNumber" : {
          "href" : "http://localhost/api/phoneNumbers/1548_0_1"
        },
        "master" : {
          "href" : "http://localhost/api/phoneNumbers/1548_0_1/master"
        }
      }
    }, {
      "inputUserId" : "QSA",
      "lastUpdateUserId" : "QSA",
      "computerId" : "GLSVR171217",
      "lastSynchronizedDate" : null,
      "addressNumber" : "1549",
      "sequence" : 1,
      "countryCode" : "+62",
      "areaCode" : "",
      "phoneNumber" : "081242726900",
      "phoneType" : "KANTOR",
      "description" : "Kantor",
      "lastUpdateDateTime" : "2017-12-17T00:00:00",
      "inputDateTime" : "2017-12-17T00:00:00",
      "_links" : {
        "self" : {
          "href" : "http://localhost/api/phoneNumbers/1549_0_1"
        },
        "phoneNumber" : {
          "href" : "http://localhost/api/phoneNumbers/1549_0_1"
        },
        "master" : {
          "href" : "http://localhost/api/phoneNumbers/1549_0_1/master"
        }
      }
    }, {
      "inputUserId" : "QSA",
      "lastUpdateUserId" : "QSA",
      "computerId" : "GLSVR171217",
      "lastSynchronizedDate" : null,
      "addressNumber" : "1550",
      "sequence" : 1,
      "countryCode" : "+62",
      "areaCode" : "",
      "phoneNumber" : "031-5471248",
      "phoneType" : "KANTOR",
      "description" : "Kantor",
      "lastUpdateDateTime" : "2017-12-17T00:00:00",
      "inputDateTime" : "2017-12-17T00:00:00",
      "_links" : {
        "self" : {
          "href" : "http://localhost/api/phoneNumbers/1550_0_1"
        },
        "phoneNumber" : {
          "href" : "http://localhost/api/phoneNumbers/1550_0_1"
        },
        "master" : {
          "href" : "http://localhost/api/phoneNumbers/1550_0_1/master"
        }
      }
    }, {
      "inputUserId" : "QSA",
      "lastUpdateUserId" : "QSA",
      "computerId" : "GLSVR171217",
      "lastSynchronizedDate" : null,
      "addressNumber" : "1560",
      "sequence" : 1,
      "countryCode" : "+62",
      "areaCode" : "",
      "phoneNumber" : "081336499508",
      "phoneType" : "KANTOR",
      "description" : "Kantor",
      "lastUpdateDateTime" : "2017-12-17T00:00:00",
      "inputDateTime" : "2017-12-17T00:00:00",
      "_links" : {
        "self" : {
          "href" : "http://localhost/api/phoneNumbers/1560_0_1"
        },
        "phoneNumber" : {
          "href" : "http://localhost/api/phoneNumbers/1560_0_1"
        },
        "master" : {
          "href" : "http://localhost/api/phoneNumbers/1560_0_1/master"
        }
      }
    }, {
      "inputUserId" : "QSA",
      "lastUpdateUserId" : "QSA",
      "computerId" : "GLSVR171217",
      "lastSynchronizedDate" : null,
      "addressNumber" : "1567",
      "sequence" : 1,
      "countryCode" : "+62",
      "areaCode" : "",
      "phoneNumber" : "082244462056",
      "phoneType" : "KANTOR",
      "description" : "Kantor",
      "lastUpdateDateTime" : "2017-12-17T00:00:00",
      "inputDateTime" : "2017-12-17T00:00:00",
      "_links" : {
        "self" : {
          "href" : "http://localhost/api/phoneNumbers/1567_0_1"
        },
        "phoneNumber" : {
          "href" : "http://localhost/api/phoneNumbers/1567_0_1"
        },
        "master" : {
          "href" : "http://localhost/api/phoneNumbers/1567_0_1/master"
        }
      }
    }, {
      "inputUserId" : "QSA",
      "lastUpdateUserId" : "QSA",
      "computerId" : "GLSVR171217",
      "lastSynchronizedDate" : null,
      "addressNumber" : "1568",
      "sequence" : 1,
      "countryCode" : "+62",
      "areaCode" : "",
      "phoneNumber" : "088217746250",
      "phoneType" : "KANTOR",
      "description" : "Kantor",
      "lastUpdateDateTime" : "2017-12-17T00:00:00",
      "inputDateTime" : "2017-12-17T00:00:00",
      "_links" : {
        "self" : {
          "href" : "http://localhost/api/phoneNumbers/1568_0_1"
        },
        "phoneNumber" : {
          "href" : "http://localhost/api/phoneNumbers/1568_0_1"
        },
        "master" : {
          "href" : "http://localhost/api/phoneNumbers/1568_0_1/master"
        }
      }
    }, {
      "inputUserId" : "QSA",
      "lastUpdateUserId" : "QSA",
      "computerId" : "GLSVR171217",
      "lastSynchronizedDate" : null,
      "addressNumber" : "1569",
      "sequence" : 1,
      "countryCode" : "+62",
      "areaCode" : "",
      "phoneNumber" : "PABX 1103",
      "phoneType" : "KANTOR",
      "description" : "Kantor",
      "lastUpdateDateTime" : "2017-12-17T00:00:00",
      "inputDateTime" : "2017-12-17T00:00:00",
      "_links" : {
        "self" : {
          "href" : "http://localhost/api/phoneNumbers/1569_0_1"
        },
        "phoneNumber" : {
          "href" : "http://localhost/api/phoneNumbers/1569_0_1"
        },
        "master" : {
          "href" : "http://localhost/api/phoneNumbers/1569_0_1/master"
        }
      }
    }, {
      "inputUserId" : "QSA",
      "lastUpdateUserId" : "QSA",
      "computerId" : "GLSVR171217",
      "lastSynchronizedDate" : null,
      "addressNumber" : "1570",
      "sequence" : 1,
      "countryCode" : "+62",
      "areaCode" : "",
      "phoneNumber" : "081238804149",
      "phoneType" : "KANTOR",
      "description" : "Kantor",
      "lastUpdateDateTime" : "2017-12-17T00:00:00",
      "inputDateTime" : "2017-12-17T00:00:00",
      "_links" : {
        "self" : {
          "href" : "http://localhost/api/phoneNumbers/1570_0_1"
        },
        "phoneNumber" : {
          "href" : "http://localhost/api/phoneNumbers/1570_0_1"
        },
        "master" : {
          "href" : "http://localhost/api/phoneNumbers/1570_0_1/master"
        }
      }
    }, {
      "inputUserId" : "QSA",
      "lastUpdateUserId" : "QSA",
      "computerId" : "GLSVR171217",
      "lastSynchronizedDate" : null,
      "addressNumber" : "1572",
      "sequence" : 1,
      "countryCode" : "+62",
      "areaCode" : "",
      "phoneNumber" : "081353988256",
      "phoneType" : "KANTOR",
      "description" : "Kantor",
      "lastUpdateDateTime" : "2017-12-17T00:00:00",
      "inputDateTime" : "2017-12-17T00:00:00",
      "_links" : {
        "self" : {
          "href" : "http://localhost/api/phoneNumbers/1572_0_1"
        },
        "phoneNumber" : {
          "href" : "http://localhost/api/phoneNumbers/1572_0_1"
        },
        "master" : {
          "href" : "http://localhost/api/phoneNumbers/1572_0_1/master"
        }
      }
    }, {
      "inputUserId" : "QSA",
      "lastUpdateUserId" : "QSA",
      "computerId" : "GLSVR171217",
      "lastSynchronizedDate" : null,
      "addressNumber" : "1576",
      "sequence" : 1,
      "countryCode" : "+62",
      "areaCode" : "",
      "phoneNumber" : "031-70161757",
      "phoneType" : "KANTOR",
      "description" : "Kantor",
      "lastUpdateDateTime" : "2017-12-17T00:00:00",
      "inputDateTime" : "2017-12-17T00:00:00",
      "_links" : {
        "self" : {
          "href" : "http://localhost/api/phoneNumbers/1576_0_1"
        },
        "phoneNumber" : {
          "href" : "http://localhost/api/phoneNumbers/1576_0_1"
        },
        "master" : {
          "href" : "http://localhost/api/phoneNumbers/1576_0_1/master"
        }
      }
    }, {
      "inputUserId" : "QSA",
      "lastUpdateUserId" : "QSA",
      "computerId" : "GLSVR171217",
      "lastSynchronizedDate" : null,
      "addressNumber" : "1576",
      "sequence" : 2,
      "countryCode" : "+62",
      "areaCode" : "",
      "phoneNumber" : "08123535631",
      "phoneType" : "KANTOR",
      "description" : "Kantor",
      "lastUpdateDateTime" : "2017-12-17T00:00:00",
      "inputDateTime" : "2017-12-17T00:00:00",
      "_links" : {
        "self" : {
          "href" : "http://localhost/api/phoneNumbers/1576_0_2"
        },
        "phoneNumber" : {
          "href" : "http://localhost/api/phoneNumbers/1576_0_2"
        },
        "master" : {
          "href" : "http://localhost/api/phoneNumbers/1576_0_2/master"
        }
      }
    }, {
      "inputUserId" : "QSA",
      "lastUpdateUserId" : "QSA",
      "computerId" : "GLSVR171217",
      "lastSynchronizedDate" : null,
      "addressNumber" : "1579",
      "sequence" : 1,
      "countryCode" : "+62",
      "areaCode" : "",
      "phoneNumber" : "081235009064",
      "phoneType" : "KANTOR",
      "description" : "Kantor",
      "lastUpdateDateTime" : "2017-12-17T00:00:00",
      "inputDateTime" : "2017-12-17T00:00:00",
      "_links" : {
        "self" : {
          "href" : "http://localhost/api/phoneNumbers/1579_0_1"
        },
        "phoneNumber" : {
          "href" : "http://localhost/api/phoneNumbers/1579_0_1"
        },
        "master" : {
          "href" : "http://localhost/api/phoneNumbers/1579_0_1/master"
        }
      }
    }, {
      "inputUserId" : "QSA",
      "lastUpdateUserId" : "QSA",
      "computerId" : "GLSVR171217",
      "lastSynchronizedDate" : null,
      "addressNumber" : "1580",
      "sequence" : 1,
      "countryCode" : "+62",
      "areaCode" : "",
      "phoneNumber" : "081234200382",
      "phoneType" : "KANTOR",
      "description" : "Kantor",
      "lastUpdateDateTime" : "2017-12-17T00:00:00",
      "inputDateTime" : "2017-12-17T00:00:00",
      "_links" : {
        "self" : {
          "href" : "http://localhost/api/phoneNumbers/1580_0_1"
        },
        "phoneNumber" : {
          "href" : "http://localhost/api/phoneNumbers/1580_0_1"
        },
        "master" : {
          "href" : "http://localhost/api/phoneNumbers/1580_0_1/master"
        }
      }
    }, {
      "inputUserId" : "QSA",
      "lastUpdateUserId" : "QSA",
      "computerId" : "GLSVR171217",
      "lastSynchronizedDate" : null,
      "addressNumber" : "1583",
      "sequence" : 1,
      "countryCode" : "+62",
      "areaCode" : "",
      "phoneNumber" : "031-7663863",
      "phoneType" : "KANTOR",
      "description" : "Kantor",
      "lastUpdateDateTime" : "2017-12-17T00:00:00",
      "inputDateTime" : "2017-12-17T00:00:00",
      "_links" : {
        "self" : {
          "href" : "http://localhost/api/phoneNumbers/1583_0_1"
        },
        "phoneNumber" : {
          "href" : "http://localhost/api/phoneNumbers/1583_0_1"
        },
        "master" : {
          "href" : "http://localhost/api/phoneNumbers/1583_0_1/master"
        }
      }
    }, {
      "inputUserId" : "QSA",
      "lastUpdateUserId" : "QSA",
      "computerId" : "GLSVR171217",
      "lastSynchronizedDate" : null,
      "addressNumber" : "1585",
      "sequence" : 1,
      "countryCode" : "+62",
      "areaCode" : "",
      "phoneNumber" : "031-5471006",
      "phoneType" : "KANTOR",
      "description" : "Kantor",
      "lastUpdateDateTime" : "2017-12-17T00:00:00",
      "inputDateTime" : "2017-12-17T00:00:00",
      "_links" : {
        "self" : {
          "href" : "http://localhost/api/phoneNumbers/1585_0_1"
        },
        "phoneNumber" : {
          "href" : "http://localhost/api/phoneNumbers/1585_0_1"
        },
        "master" : {
          "href" : "http://localhost/api/phoneNumbers/1585_0_1/master"
        }
      }
    }, {
      "inputUserId" : "QSA",
      "lastUpdateUserId" : "QSA",
      "computerId" : "GLSVR171217",
      "lastSynchronizedDate" : null,
      "addressNumber" : "1585",
      "sequence" : 2,
      "countryCode" : "+62",
      "areaCode" : "",
      "phoneNumber" : "1062",
      "phoneType" : "KANTOR",
      "description" : "Kantor",
      "lastUpdateDateTime" : "2017-12-17T00:00:00",
      "inputDateTime" : "2017-12-17T00:00:00",
      "_links" : {
        "self" : {
          "href" : "http://localhost/api/phoneNumbers/1585_0_2"
        },
        "phoneNumber" : {
          "href" : "http://localhost/api/phoneNumbers/1585_0_2"
        },
        "master" : {
          "href" : "http://localhost/api/phoneNumbers/1585_0_2/master"
        }
      }
    }, {
      "inputUserId" : "QSA",
      "lastUpdateUserId" : "QSA",
      "computerId" : "GLSVR171217",
      "lastSynchronizedDate" : null,
      "addressNumber" : "1586",
      "sequence" : 1,
      "countryCode" : "+62",
      "areaCode" : "",
      "phoneNumber" : "08563076844",
      "phoneType" : "KANTOR",
      "description" : "Kantor",
      "lastUpdateDateTime" : "2017-12-17T00:00:00",
      "inputDateTime" : "2017-12-17T00:00:00",
      "_links" : {
        "self" : {
          "href" : "http://localhost/api/phoneNumbers/1586_0_1"
        },
        "phoneNumber" : {
          "href" : "http://localhost/api/phoneNumbers/1586_0_1"
        },
        "master" : {
          "href" : "http://localhost/api/phoneNumbers/1586_0_1/master"
        }
      }
    }, {
      "inputUserId" : "QSA",
      "lastUpdateUserId" : "QSA",
      "computerId" : "GLSVR171217",
      "lastSynchronizedDate" : null,
      "addressNumber" : "1588",
      "sequence" : 1,
      "countryCode" : "+62",
      "areaCode" : "",
      "phoneNumber" : "08193455587",
      "phoneType" : "KANTOR",
      "description" : "Kantor",
      "lastUpdateDateTime" : "2017-12-17T00:00:00",
      "inputDateTime" : "2017-12-17T00:00:00",
      "_links" : {
        "self" : {
          "href" : "http://localhost/api/phoneNumbers/1588_0_1"
        },
        "phoneNumber" : {
          "href" : "http://localhost/api/phoneNumbers/1588_0_1"
        },
        "master" : {
          "href" : "http://localhost/api/phoneNumbers/1588_0_1/master"
        }
      }
    }, {
      "inputUserId" : "QSA",
      "lastUpdateUserId" : "QSA",
      "computerId" : "GLSVR171217",
      "lastSynchronizedDate" : null,
      "addressNumber" : "1593",
      "sequence" : 1,
      "countryCode" : "+62",
      "areaCode" : "",
      "phoneNumber" : "0812174067574",
      "phoneType" : "KANTOR",
      "description" : "Kantor",
      "lastUpdateDateTime" : "2017-12-17T00:00:00",
      "inputDateTime" : "2017-12-17T00:00:00",
      "_links" : {
        "self" : {
          "href" : "http://localhost/api/phoneNumbers/1593_0_1"
        },
        "phoneNumber" : {
          "href" : "http://localhost/api/phoneNumbers/1593_0_1"
        },
        "master" : {
          "href" : "http://localhost/api/phoneNumbers/1593_0_1/master"
        }
      }
    }, {
      "inputUserId" : "QSA",
      "lastUpdateUserId" : "QSA",
      "computerId" : "GLSVR171217",
      "lastSynchronizedDate" : null,
      "addressNumber" : "1594",
      "sequence" : 1,
      "countryCode" : "+62",
      "areaCode" : "",
      "phoneNumber" : "083831077775",
      "phoneType" : "KANTOR",
      "description" : "Kantor",
      "lastUpdateDateTime" : "2017-12-17T00:00:00",
      "inputDateTime" : "2017-12-17T00:00:00",
      "_links" : {
        "self" : {
          "href" : "http://localhost/api/phoneNumbers/1594_0_1"
        },
        "phoneNumber" : {
          "href" : "http://localhost/api/phoneNumbers/1594_0_1"
        },
        "master" : {
          "href" : "http://localhost/api/phoneNumbers/1594_0_1/master"
        }
      }
    }, {
      "inputUserId" : "QSA",
      "lastUpdateUserId" : "QSA",
      "computerId" : "GLSVR171217",
      "lastSynchronizedDate" : null,
      "addressNumber" : "1599",
      "sequence" : 1,
      "countryCode" : "+62",
      "areaCode" : "",
      "phoneNumber" : "031-5357920",
      "phoneType" : "KANTOR",
      "description" : "Kantor",
      "lastUpdateDateTime" : "2017-12-17T00:00:00",
      "inputDateTime" : "2017-12-17T00:00:00",
      "_links" : {
        "self" : {
          "href" : "http://localhost/api/phoneNumbers/1599_0_1"
        },
        "phoneNumber" : {
          "href" : "http://localhost/api/phoneNumbers/1599_0_1"
        },
        "master" : {
          "href" : "http://localhost/api/phoneNumbers/1599_0_1/master"
        }
      }
    }, {
      "inputUserId" : "QSA",
      "lastUpdateUserId" : "QSA",
      "computerId" : "GLSVR171217",
      "lastSynchronizedDate" : null,
      "addressNumber" : "1599",
      "sequence" : 2,
      "countryCode" : "+62",
      "areaCode" : "",
      "phoneNumber" : "085235575600",
      "phoneType" : "KANTOR",
      "description" : "Kantor",
      "lastUpdateDateTime" : "2017-12-17T00:00:00",
      "inputDateTime" : "2017-12-17T00:00:00",
      "_links" : {
        "self" : {
          "href" : "http://localhost/api/phoneNumbers/1599_0_2"
        },
        "phoneNumber" : {
          "href" : "http://localhost/api/phoneNumbers/1599_0_2"
        },
        "master" : {
          "href" : "http://localhost/api/phoneNumbers/1599_0_2/master"
        }
      }
    }, {
      "inputUserId" : "QSA",
      "lastUpdateUserId" : "QSA",
      "computerId" : "GLSVR171217",
      "lastSynchronizedDate" : null,
      "addressNumber" : "1604",
      "sequence" : 1,
      "countryCode" : "+62",
      "areaCode" : "",
      "phoneNumber" : "085645120011",
      "phoneType" : "KANTOR",
      "description" : "Kantor",
      "lastUpdateDateTime" : "2017-12-17T00:00:00",
      "inputDateTime" : "2017-12-17T00:00:00",
      "_links" : {
        "self" : {
          "href" : "http://localhost/api/phoneNumbers/1604_0_1"
        },
        "phoneNumber" : {
          "href" : "http://localhost/api/phoneNumbers/1604_0_1"
        },
        "master" : {
          "href" : "http://localhost/api/phoneNumbers/1604_0_1/master"
        }
      }
    }, {
      "inputUserId" : "QSA",
      "lastUpdateUserId" : "QSA",
      "computerId" : "GLSVR171217",
      "lastSynchronizedDate" : null,
      "addressNumber" : "1605",
      "sequence" : 1,
      "countryCode" : "+62",
      "areaCode" : "",
      "phoneNumber" : "081559962202",
      "phoneType" : "KANTOR",
      "description" : "Kantor",
      "lastUpdateDateTime" : "2017-12-17T00:00:00",
      "inputDateTime" : "2017-12-17T00:00:00",
      "_links" : {
        "self" : {
          "href" : "http://localhost/api/phoneNumbers/1605_0_1"
        },
        "phoneNumber" : {
          "href" : "http://localhost/api/phoneNumbers/1605_0_1"
        },
        "master" : {
          "href" : "http://localhost/api/phoneNumbers/1605_0_1/master"
        }
      }
    }, {
      "inputUserId" : "QSA",
      "lastUpdateUserId" : "QSA",
      "computerId" : "GLSVR171217",
      "lastSynchronizedDate" : null,
      "addressNumber" : "1613",
      "sequence" : 1,
      "countryCode" : "+62",
      "areaCode" : "",
      "phoneNumber" : "081217684469",
      "phoneType" : "KANTOR",
      "description" : "Kantor",
      "lastUpdateDateTime" : "2017-12-17T00:00:00",
      "inputDateTime" : "2017-12-17T00:00:00",
      "_links" : {
        "self" : {
          "href" : "http://localhost/api/phoneNumbers/1613_0_1"
        },
        "phoneNumber" : {
          "href" : "http://localhost/api/phoneNumbers/1613_0_1"
        },
        "master" : {
          "href" : "http://localhost/api/phoneNumbers/1613_0_1/master"
        }
      }
    }, {
      "inputUserId" : "QSA",
      "lastUpdateUserId" : "QSA",
      "computerId" : "GLSVR171217",
      "lastSynchronizedDate" : null,
      "addressNumber" : "1616",
      "sequence" : 1,
      "countryCode" : "+62",
      "areaCode" : "",
      "phoneNumber" : "081217529918",
      "phoneType" : "KANTOR",
      "description" : "Kantor",
      "lastUpdateDateTime" : "2017-12-17T00:00:00",
      "inputDateTime" : "2017-12-17T00:00:00",
      "_links" : {
        "self" : {
          "href" : "http://localhost/api/phoneNumbers/1616_0_1"
        },
        "phoneNumber" : {
          "href" : "http://localhost/api/phoneNumbers/1616_0_1"
        },
        "master" : {
          "href" : "http://localhost/api/phoneNumbers/1616_0_1/master"
        }
      }
    }, {
      "inputUserId" : "QSA",
      "lastUpdateUserId" : "QSA",
      "computerId" : "GLSVR171217",
      "lastSynchronizedDate" : null,
      "addressNumber" : "1619",
      "sequence" : 1,
      "countryCode" : "+62",
      "areaCode" : "",
      "phoneNumber" : "081559932555",
      "phoneType" : "KANTOR",
      "description" : "Kantor",
      "lastUpdateDateTime" : "2017-12-17T00:00:00",
      "inputDateTime" : "2017-12-17T00:00:00",
      "_links" : {
        "self" : {
          "href" : "http://localhost/api/phoneNumbers/1619_0_1"
        },
        "phoneNumber" : {
          "href" : "http://localhost/api/phoneNumbers/1619_0_1"
        },
        "master" : {
          "href" : "http://localhost/api/phoneNumbers/1619_0_1/master"
        }
      }
    }, {
      "inputUserId" : "QSA",
      "lastUpdateUserId" : "QSA",
      "computerId" : "GLSVR171217",
      "lastSynchronizedDate" : null,
      "addressNumber" : "1620",
      "sequence" : 1,
      "countryCode" : "+62",
      "areaCode" : "",
      "phoneNumber" : "0819876527",
      "phoneType" : "KANTOR",
      "description" : "Kantor",
      "lastUpdateDateTime" : "2017-12-17T00:00:00",
      "inputDateTime" : "2017-12-17T00:00:00",
      "_links" : {
        "self" : {
          "href" : "http://localhost/api/phoneNumbers/1620_0_1"
        },
        "phoneNumber" : {
          "href" : "http://localhost/api/phoneNumbers/1620_0_1"
        },
        "master" : {
          "href" : "http://localhost/api/phoneNumbers/1620_0_1/master"
        }
      }
    }, {
      "inputUserId" : "QSA",
      "lastUpdateUserId" : "QSA",
      "computerId" : "GLSVR171217",
      "lastSynchronizedDate" : null,
      "addressNumber" : "1621",
      "sequence" : 1,
      "countryCode" : "+62",
      "areaCode" : "",
      "phoneNumber" : "031-8297239",
      "phoneType" : "KANTOR",
      "description" : "Kantor",
      "lastUpdateDateTime" : "2017-12-17T00:00:00",
      "inputDateTime" : "2017-12-17T00:00:00",
      "_links" : {
        "self" : {
          "href" : "http://localhost/api/phoneNumbers/1621_0_1"
        },
        "phoneNumber" : {
          "href" : "http://localhost/api/phoneNumbers/1621_0_1"
        },
        "master" : {
          "href" : "http://localhost/api/phoneNumbers/1621_0_1/master"
        }
      }
    }, {
      "inputUserId" : "QSA",
      "lastUpdateUserId" : "QSA",
      "computerId" : "GLSVR171217",
      "lastSynchronizedDate" : null,
      "addressNumber" : "1622",
      "sequence" : 1,
      "countryCode" : "+62",
      "areaCode" : "",
      "phoneNumber" : "088217717511",
      "phoneType" : "KANTOR",
      "description" : "Kantor",
      "lastUpdateDateTime" : "2017-12-17T00:00:00",
      "inputDateTime" : "2017-12-17T00:00:00",
      "_links" : {
        "self" : {
          "href" : "http://localhost/api/phoneNumbers/1622_0_1"
        },
        "phoneNumber" : {
          "href" : "http://localhost/api/phoneNumbers/1622_0_1"
        },
        "master" : {
          "href" : "http://localhost/api/phoneNumbers/1622_0_1/master"
        }
      }
    }, {
      "inputUserId" : "QSA",
      "lastUpdateUserId" : "QSA",
      "computerId" : "GLSVR171217",
      "lastSynchronizedDate" : null,
      "addressNumber" : "1624",
      "sequence" : 1,
      "countryCode" : "+62",
      "areaCode" : "",
      "phoneNumber" : "08123226125",
      "phoneType" : "KANTOR",
      "description" : "Kantor",
      "lastUpdateDateTime" : "2017-12-17T00:00:00",
      "inputDateTime" : "2017-12-17T00:00:00",
      "_links" : {
        "self" : {
          "href" : "http://localhost/api/phoneNumbers/1624_0_1"
        },
        "phoneNumber" : {
          "href" : "http://localhost/api/phoneNumbers/1624_0_1"
        },
        "master" : {
          "href" : "http://localhost/api/phoneNumbers/1624_0_1/master"
        }
      }
    }, {
      "inputUserId" : "QSA",
      "lastUpdateUserId" : "QSA",
      "computerId" : "GLSVR171217",
      "lastSynchronizedDate" : null,
      "addressNumber" : "1625",
      "sequence" : 1,
      "countryCode" : "+62",
      "areaCode" : "",
      "phoneNumber" : "085745153782",
      "phoneType" : "KANTOR",
      "description" : "Kantor",
      "lastUpdateDateTime" : "2017-12-17T00:00:00",
      "inputDateTime" : "2017-12-17T00:00:00",
      "_links" : {
        "self" : {
          "href" : "http://localhost/api/phoneNumbers/1625_0_1"
        },
        "phoneNumber" : {
          "href" : "http://localhost/api/phoneNumbers/1625_0_1"
        },
        "master" : {
          "href" : "http://localhost/api/phoneNumbers/1625_0_1/master"
        }
      }
    }, {
      "inputUserId" : "QSA",
      "lastUpdateUserId" : "QSA",
      "computerId" : "GLSVR171217",
      "lastSynchronizedDate" : null,
      "addressNumber" : "1629",
      "sequence" : 1,
      "countryCode" : "+62",
      "areaCode" : "",
      "phoneNumber" : "0811347308",
      "phoneType" : "KANTOR",
      "description" : "Kantor",
      "lastUpdateDateTime" : "2017-12-17T00:00:00",
      "inputDateTime" : "2017-12-17T00:00:00",
      "_links" : {
        "self" : {
          "href" : "http://localhost/api/phoneNumbers/1629_0_1"
        },
        "phoneNumber" : {
          "href" : "http://localhost/api/phoneNumbers/1629_0_1"
        },
        "master" : {
          "href" : "http://localhost/api/phoneNumbers/1629_0_1/master"
        }
      }
    }, {
      "inputUserId" : "QSA",
      "lastUpdateUserId" : "QSA",
      "computerId" : "GLSVR171217",
      "lastSynchronizedDate" : null,
      "addressNumber" : "1631",
      "sequence" : 1,
      "countryCode" : "+62",
      "areaCode" : "",
      "phoneNumber" : "08815053271",
      "phoneType" : "KANTOR",
      "description" : "Kantor",
      "lastUpdateDateTime" : "2017-12-17T00:00:00",
      "inputDateTime" : "2017-12-17T00:00:00",
      "_links" : {
        "self" : {
          "href" : "http://localhost/api/phoneNumbers/1631_0_1"
        },
        "phoneNumber" : {
          "href" : "http://localhost/api/phoneNumbers/1631_0_1"
        },
        "master" : {
          "href" : "http://localhost/api/phoneNumbers/1631_0_1/master"
        }
      }
    }, {
      "inputUserId" : "QSA",
      "lastUpdateUserId" : "QSA",
      "computerId" : "GLSVR171217",
      "lastSynchronizedDate" : null,
      "addressNumber" : "1640",
      "sequence" : 1,
      "countryCode" : "+62",
      "areaCode" : "",
      "phoneNumber" : "031-5310958",
      "phoneType" : "KANTOR",
      "description" : "Kantor",
      "lastUpdateDateTime" : "2017-12-17T00:00:00",
      "inputDateTime" : "2017-12-17T00:00:00",
      "_links" : {
        "self" : {
          "href" : "http://localhost/api/phoneNumbers/1640_0_1"
        },
        "phoneNumber" : {
          "href" : "http://localhost/api/phoneNumbers/1640_0_1"
        },
        "master" : {
          "href" : "http://localhost/api/phoneNumbers/1640_0_1/master"
        }
      }
    }, {
      "inputUserId" : "QSA",
      "lastUpdateUserId" : "QSA",
      "computerId" : "GLSVR171217",
      "lastSynchronizedDate" : null,
      "addressNumber" : "1640",
      "sequence" : 2,
      "countryCode" : "+62",
      "areaCode" : "",
      "phoneNumber" : "08123245076",
      "phoneType" : "KANTOR",
      "description" : "Kantor",
      "lastUpdateDateTime" : "2017-12-17T00:00:00",
      "inputDateTime" : "2017-12-17T00:00:00",
      "_links" : {
        "self" : {
          "href" : "http://localhost/api/phoneNumbers/1640_0_2"
        },
        "phoneNumber" : {
          "href" : "http://localhost/api/phoneNumbers/1640_0_2"
        },
        "master" : {
          "href" : "http://localhost/api/phoneNumbers/1640_0_2/master"
        }
      }
    }, {
      "inputUserId" : "QSA",
      "lastUpdateUserId" : "QSA",
      "computerId" : "GLSVR171217",
      "lastSynchronizedDate" : null,
      "addressNumber" : "1643",
      "sequence" : 1,
      "countryCode" : "+62",
      "areaCode" : "",
      "phoneNumber" : "031-5018400",
      "phoneType" : "KANTOR",
      "description" : "Kantor",
      "lastUpdateDateTime" : "2017-12-17T00:00:00",
      "inputDateTime" : "2017-12-17T00:00:00",
      "_links" : {
        "self" : {
          "href" : "http://localhost/api/phoneNumbers/1643_0_1"
        },
        "phoneNumber" : {
          "href" : "http://localhost/api/phoneNumbers/1643_0_1"
        },
        "master" : {
          "href" : "http://localhost/api/phoneNumbers/1643_0_1/master"
        }
      }
    }, {
      "inputUserId" : "QSA",
      "lastUpdateUserId" : "QSA",
      "computerId" : "GLSVR171217",
      "lastSynchronizedDate" : null,
      "addressNumber" : "1644",
      "sequence" : 1,
      "countryCode" : "+62",
      "areaCode" : "",
      "phoneNumber" : "08493824",
      "phoneType" : "KANTOR",
      "description" : "Kantor",
      "lastUpdateDateTime" : "2017-12-17T00:00:00",
      "inputDateTime" : "2017-12-17T00:00:00",
      "_links" : {
        "self" : {
          "href" : "http://localhost/api/phoneNumbers/1644_0_1"
        },
        "phoneNumber" : {
          "href" : "http://localhost/api/phoneNumbers/1644_0_1"
        },
        "master" : {
          "href" : "http://localhost/api/phoneNumbers/1644_0_1/master"
        }
      }
    }, {
      "inputUserId" : "QSA",
      "lastUpdateUserId" : "QSA",
      "computerId" : "GLSVR171217",
      "lastSynchronizedDate" : null,
      "addressNumber" : "1648",
      "sequence" : 1,
      "countryCode" : "+62",
      "areaCode" : "",
      "phoneNumber" : "031-5355586",
      "phoneType" : "KANTOR",
      "description" : "Kantor",
      "lastUpdateDateTime" : "2017-12-17T00:00:00",
      "inputDateTime" : "2017-12-17T00:00:00",
      "_links" : {
        "self" : {
          "href" : "http://localhost/api/phoneNumbers/1648_0_1"
        },
        "phoneNumber" : {
          "href" : "http://localhost/api/phoneNumbers/1648_0_1"
        },
        "master" : {
          "href" : "http://localhost/api/phoneNumbers/1648_0_1/master"
        }
      }
    }, {
      "inputUserId" : "QSA",
      "lastUpdateUserId" : "QSA",
      "computerId" : "GLSVR171217",
      "lastSynchronizedDate" : null,
      "addressNumber" : "1649",
      "sequence" : 1,
      "countryCode" : "+62",
      "areaCode" : "",
      "phoneNumber" : "085854848885",
      "phoneType" : "KANTOR",
      "description" : "Kantor",
      "lastUpdateDateTime" : "2017-12-17T00:00:00",
      "inputDateTime" : "2017-12-17T00:00:00",
      "_links" : {
        "self" : {
          "href" : "http://localhost/api/phoneNumbers/1649_0_1"
        },
        "phoneNumber" : {
          "href" : "http://localhost/api/phoneNumbers/1649_0_1"
        },
        "master" : {
          "href" : "http://localhost/api/phoneNumbers/1649_0_1/master"
        }
      }
    }, {
      "inputUserId" : "QSA",
      "lastUpdateUserId" : "QSA",
      "computerId" : "GLSVR171217",
      "lastSynchronizedDate" : null,
      "addressNumber" : "1650",
      "sequence" : 1,
      "countryCode" : "+62",
      "areaCode" : "",
      "phoneNumber" : "031-5040997",
      "phoneType" : "KANTOR",
      "description" : "Kantor",
      "lastUpdateDateTime" : "2017-12-17T00:00:00",
      "inputDateTime" : "2017-12-17T00:00:00",
      "_links" : {
        "self" : {
          "href" : "http://localhost/api/phoneNumbers/1650_0_1"
        },
        "phoneNumber" : {
          "href" : "http://localhost/api/phoneNumbers/1650_0_1"
        },
        "master" : {
          "href" : "http://localhost/api/phoneNumbers/1650_0_1/master"
        }
      }
    }, {
      "inputUserId" : "QSA",
      "lastUpdateUserId" : "QSA",
      "computerId" : "GLSVR171217",
      "lastSynchronizedDate" : null,
      "addressNumber" : "1651",
      "sequence" : 1,
      "countryCode" : "+62",
      "areaCode" : "",
      "phoneNumber" : "081231789321",
      "phoneType" : "KANTOR",
      "description" : "Kantor",
      "lastUpdateDateTime" : "2017-12-17T00:00:00",
      "inputDateTime" : "2017-12-17T00:00:00",
      "_links" : {
        "self" : {
          "href" : "http://localhost/api/phoneNumbers/1651_0_1"
        },
        "phoneNumber" : {
          "href" : "http://localhost/api/phoneNumbers/1651_0_1"
        },
        "master" : {
          "href" : "http://localhost/api/phoneNumbers/1651_0_1/master"
        }
      }
    }, {
      "inputUserId" : "QSA",
      "lastUpdateUserId" : "QSA",
      "computerId" : "GLSVR171217",
      "lastSynchronizedDate" : null,
      "addressNumber" : "1652",
      "sequence" : 1,
      "countryCode" : "+62",
      "areaCode" : "",
      "phoneNumber" : "081357709395",
      "phoneType" : "KANTOR",
      "description" : "Kantor",
      "lastUpdateDateTime" : "2017-12-17T00:00:00",
      "inputDateTime" : "2017-12-17T00:00:00",
      "_links" : {
        "self" : {
          "href" : "http://localhost/api/phoneNumbers/1652_0_1"
        },
        "phoneNumber" : {
          "href" : "http://localhost/api/phoneNumbers/1652_0_1"
        },
        "master" : {
          "href" : "http://localhost/api/phoneNumbers/1652_0_1/master"
        }
      }
    }, {
      "inputUserId" : "QSA",
      "lastUpdateUserId" : "QSA",
      "computerId" : "GLSVR171217",
      "lastSynchronizedDate" : null,
      "addressNumber" : "1655",
      "sequence" : 1,
      "countryCode" : "+62",
      "areaCode" : "",
      "phoneNumber" : "083854197670",
      "phoneType" : "KANTOR",
      "description" : "Kantor",
      "lastUpdateDateTime" : "2017-12-17T00:00:00",
      "inputDateTime" : "2017-12-17T00:00:00",
      "_links" : {
        "self" : {
          "href" : "http://localhost/api/phoneNumbers/1655_0_1"
        },
        "phoneNumber" : {
          "href" : "http://localhost/api/phoneNumbers/1655_0_1"
        },
        "master" : {
          "href" : "http://localhost/api/phoneNumbers/1655_0_1/master"
        }
      }
    }, {
      "inputUserId" : "QSA",
      "lastUpdateUserId" : "QSA",
      "computerId" : "GLSVR171217",
      "lastSynchronizedDate" : null,
      "addressNumber" : "1658",
      "sequence" : 1,
      "countryCode" : "+62",
      "areaCode" : "",
      "phoneNumber" : "031-5020230",
      "phoneType" : "KANTOR",
      "description" : "Kantor",
      "lastUpdateDateTime" : "2017-12-17T00:00:00",
      "inputDateTime" : "2017-12-17T00:00:00",
      "_links" : {
        "self" : {
          "href" : "http://localhost/api/phoneNumbers/1658_0_1"
        },
        "phoneNumber" : {
          "href" : "http://localhost/api/phoneNumbers/1658_0_1"
        },
        "master" : {
          "href" : "http://localhost/api/phoneNumbers/1658_0_1/master"
        }
      }
    }, {
      "inputUserId" : "QSA",
      "lastUpdateUserId" : "QSA",
      "computerId" : "GLSVR171217",
      "lastSynchronizedDate" : null,
      "addressNumber" : "1659",
      "sequence" : 1,
      "countryCode" : "+62",
      "areaCode" : "",
      "phoneNumber" : "081259562345",
      "phoneType" : "KANTOR",
      "description" : "Kantor",
      "lastUpdateDateTime" : "2017-12-17T00:00:00",
      "inputDateTime" : "2017-12-17T00:00:00",
      "_links" : {
        "self" : {
          "href" : "http://localhost/api/phoneNumbers/1659_0_1"
        },
        "phoneNumber" : {
          "href" : "http://localhost/api/phoneNumbers/1659_0_1"
        },
        "master" : {
          "href" : "http://localhost/api/phoneNumbers/1659_0_1/master"
        }
      }
    }, {
      "inputUserId" : "QSA",
      "lastUpdateUserId" : "QSA",
      "computerId" : "GLSVR171217",
      "lastSynchronizedDate" : null,
      "addressNumber" : "1660",
      "sequence" : 1,
      "countryCode" : "+62",
      "areaCode" : "",
      "phoneNumber" : "031-5327953",
      "phoneType" : "KANTOR",
      "description" : "Kantor",
      "lastUpdateDateTime" : "2017-12-17T00:00:00",
      "inputDateTime" : "2017-12-17T00:00:00",
      "_links" : {
        "self" : {
          "href" : "http://localhost/api/phoneNumbers/1660_0_1"
        },
        "phoneNumber" : {
          "href" : "http://localhost/api/phoneNumbers/1660_0_1"
        },
        "master" : {
          "href" : "http://localhost/api/phoneNumbers/1660_0_1/master"
        }
      }
    }, {
      "inputUserId" : "QSA",
      "lastUpdateUserId" : "QSA",
      "computerId" : "GLSVR171217",
      "lastSynchronizedDate" : null,
      "addressNumber" : "1660",
      "sequence" : 2,
      "countryCode" : "+62",
      "areaCode" : "",
      "phoneNumber" : "PABX 1066",
      "phoneType" : "KANTOR",
      "description" : "Kantor",
      "lastUpdateDateTime" : "2017-12-17T00:00:00",
      "inputDateTime" : "2017-12-17T00:00:00",
      "_links" : {
        "self" : {
          "href" : "http://localhost/api/phoneNumbers/1660_0_2"
        },
        "phoneNumber" : {
          "href" : "http://localhost/api/phoneNumbers/1660_0_2"
        },
        "master" : {
          "href" : "http://localhost/api/phoneNumbers/1660_0_2/master"
        }
      }
    }, {
      "inputUserId" : "QSA",
      "lastUpdateUserId" : "QSA",
      "computerId" : "GLSVR171217",
      "lastSynchronizedDate" : null,
      "addressNumber" : "1661",
      "sequence" : 1,
      "countryCode" : "+62",
      "areaCode" : "",
      "phoneNumber" : "031-5348994",
      "phoneType" : "KANTOR",
      "description" : "Kantor",
      "lastUpdateDateTime" : "2017-12-17T00:00:00",
      "inputDateTime" : "2017-12-17T00:00:00",
      "_links" : {
        "self" : {
          "href" : "http://localhost/api/phoneNumbers/1661_0_1"
        },
        "phoneNumber" : {
          "href" : "http://localhost/api/phoneNumbers/1661_0_1"
        },
        "master" : {
          "href" : "http://localhost/api/phoneNumbers/1661_0_1/master"
        }
      }
    }, {
      "inputUserId" : "QSA",
      "lastUpdateUserId" : "QSA",
      "computerId" : "GLSVR171217",
      "lastSynchronizedDate" : null,
      "addressNumber" : "1663",
      "sequence" : 1,
      "countryCode" : "+62",
      "areaCode" : "",
      "phoneNumber" : "031-5328770",
      "phoneType" : "KANTOR",
      "description" : "Kantor",
      "lastUpdateDateTime" : "2017-12-17T00:00:00",
      "inputDateTime" : "2017-12-17T00:00:00",
      "_links" : {
        "self" : {
          "href" : "http://localhost/api/phoneNumbers/1663_0_1"
        },
        "phoneNumber" : {
          "href" : "http://localhost/api/phoneNumbers/1663_0_1"
        },
        "master" : {
          "href" : "http://localhost/api/phoneNumbers/1663_0_1/master"
        }
      }
    }, {
      "inputUserId" : "QSA",
      "lastUpdateUserId" : "QSA",
      "computerId" : "GLSVR171217",
      "lastSynchronizedDate" : null,
      "addressNumber" : "1663",
      "sequence" : 2,
      "countryCode" : "+62",
      "areaCode" : "",
      "phoneNumber" : "PABX 6241",
      "phoneType" : "KANTOR",
      "description" : "Kantor",
      "lastUpdateDateTime" : "2017-12-17T00:00:00",
      "inputDateTime" : "2017-12-17T00:00:00",
      "_links" : {
        "self" : {
          "href" : "http://localhost/api/phoneNumbers/1663_0_2"
        },
        "phoneNumber" : {
          "href" : "http://localhost/api/phoneNumbers/1663_0_2"
        },
        "master" : {
          "href" : "http://localhost/api/phoneNumbers/1663_0_2/master"
        }
      }
    }, {
      "inputUserId" : "QSA",
      "lastUpdateUserId" : "QSA",
      "computerId" : "GLSVR171217",
      "lastSynchronizedDate" : null,
      "addressNumber" : "1664",
      "sequence" : 1,
      "countryCode" : "+62",
      "areaCode" : "",
      "phoneNumber" : "031-8493728",
      "phoneType" : "KANTOR",
      "description" : "Kantor",
      "lastUpdateDateTime" : "2017-12-17T00:00:00",
      "inputDateTime" : "2017-12-17T00:00:00",
      "_links" : {
        "self" : {
          "href" : "http://localhost/api/phoneNumbers/1664_0_1"
        },
        "phoneNumber" : {
          "href" : "http://localhost/api/phoneNumbers/1664_0_1"
        },
        "master" : {
          "href" : "http://localhost/api/phoneNumbers/1664_0_1/master"
        }
      }
    }, {
      "inputUserId" : "QSA",
      "lastUpdateUserId" : "QSA",
      "computerId" : "GLSVR171217",
      "lastSynchronizedDate" : null,
      "addressNumber" : "1665",
      "sequence" : 1,
      "countryCode" : "+62",
      "areaCode" : "",
      "phoneNumber" : "081804276565",
      "phoneType" : "KANTOR",
      "description" : "Kantor",
      "lastUpdateDateTime" : "2017-12-17T00:00:00",
      "inputDateTime" : "2017-12-17T00:00:00",
      "_links" : {
        "self" : {
          "href" : "http://localhost/api/phoneNumbers/1665_0_1"
        },
        "phoneNumber" : {
          "href" : "http://localhost/api/phoneNumbers/1665_0_1"
        },
        "master" : {
          "href" : "http://localhost/api/phoneNumbers/1665_0_1/master"
        }
      }
    }, {
      "inputUserId" : "QSA",
      "lastUpdateUserId" : "QSA",
      "computerId" : "GLSVR171217",
      "lastSynchronizedDate" : null,
      "addressNumber" : "1667",
      "sequence" : 1,
      "countryCode" : "+62",
      "areaCode" : "",
      "phoneNumber" : "031-5491882",
      "phoneType" : "KANTOR",
      "description" : "Kantor",
      "lastUpdateDateTime" : "2017-12-17T00:00:00",
      "inputDateTime" : "2017-12-17T00:00:00",
      "_links" : {
        "self" : {
          "href" : "http://localhost/api/phoneNumbers/1667_0_1"
        },
        "phoneNumber" : {
          "href" : "http://localhost/api/phoneNumbers/1667_0_1"
        },
        "master" : {
          "href" : "http://localhost/api/phoneNumbers/1667_0_1/master"
        }
      }
    }, {
      "inputUserId" : "QSA",
      "lastUpdateUserId" : "QSA",
      "computerId" : "GLSVR171217",
      "lastSynchronizedDate" : null,
      "addressNumber" : "1667",
      "sequence" : 2,
      "countryCode" : "+62",
      "areaCode" : "",
      "phoneNumber" : "PABX: 1141",
      "phoneType" : "KANTOR",
      "description" : "Kantor",
      "lastUpdateDateTime" : "2017-12-17T00:00:00",
      "inputDateTime" : "2017-12-17T00:00:00",
      "_links" : {
        "self" : {
          "href" : "http://localhost/api/phoneNumbers/1667_0_2"
        },
        "phoneNumber" : {
          "href" : "http://localhost/api/phoneNumbers/1667_0_2"
        },
        "master" : {
          "href" : "http://localhost/api/phoneNumbers/1667_0_2/master"
        }
      }
    }, {
      "inputUserId" : "QSA",
      "lastUpdateUserId" : "QSA",
      "computerId" : "GLSVR171217",
      "lastSynchronizedDate" : null,
      "addressNumber" : "1668",
      "sequence" : 1,
      "countryCode" : "+62",
      "areaCode" : "",
      "phoneNumber" : "031-83453899",
      "phoneType" : "KANTOR",
      "description" : "Kantor",
      "lastUpdateDateTime" : "2017-12-17T00:00:00",
      "inputDateTime" : "2017-12-17T00:00:00",
      "_links" : {
        "self" : {
          "href" : "http://localhost/api/phoneNumbers/1668_0_1"
        },
        "phoneNumber" : {
          "href" : "http://localhost/api/phoneNumbers/1668_0_1"
        },
        "master" : {
          "href" : "http://localhost/api/phoneNumbers/1668_0_1/master"
        }
      }
    }, {
      "inputUserId" : "QSA",
      "lastUpdateUserId" : "QSA",
      "computerId" : "GLSVR171217",
      "lastSynchronizedDate" : null,
      "addressNumber" : "1669",
      "sequence" : 1,
      "countryCode" : "+62",
      "areaCode" : "",
      "phoneNumber" : "0811-3384-154",
      "phoneType" : "KANTOR",
      "description" : "Kantor",
      "lastUpdateDateTime" : "2017-12-17T00:00:00",
      "inputDateTime" : "2017-12-17T00:00:00",
      "_links" : {
        "self" : {
          "href" : "http://localhost/api/phoneNumbers/1669_0_1"
        },
        "phoneNumber" : {
          "href" : "http://localhost/api/phoneNumbers/1669_0_1"
        },
        "master" : {
          "href" : "http://localhost/api/phoneNumbers/1669_0_1/master"
        }
      }
    }, {
      "inputUserId" : "QSA",
      "lastUpdateUserId" : "QSA",
      "computerId" : "GLSVR171217",
      "lastSynchronizedDate" : null,
      "addressNumber" : "1675",
      "sequence" : 1,
      "countryCode" : "+62",
      "areaCode" : "",
      "phoneNumber" : "081938668881",
      "phoneType" : "KANTOR",
      "description" : "Kantor",
      "lastUpdateDateTime" : "2017-12-17T00:00:00",
      "inputDateTime" : "2017-12-17T00:00:00",
      "_links" : {
        "self" : {
          "href" : "http://localhost/api/phoneNumbers/1675_0_1"
        },
        "phoneNumber" : {
          "href" : "http://localhost/api/phoneNumbers/1675_0_1"
        },
        "master" : {
          "href" : "http://localhost/api/phoneNumbers/1675_0_1/master"
        }
      }
    }, {
      "inputUserId" : "QSA",
      "lastUpdateUserId" : "QSA",
      "computerId" : "GLSVR171217",
      "lastSynchronizedDate" : null,
      "addressNumber" : "1678",
      "sequence" : 1,
      "countryCode" : "+62",
      "areaCode" : "",
      "phoneNumber" : "087205520012",
      "phoneType" : "KANTOR",
      "description" : "Kantor",
      "lastUpdateDateTime" : "2017-12-17T00:00:00",
      "inputDateTime" : "2017-12-17T00:00:00",
      "_links" : {
        "self" : {
          "href" : "http://localhost/api/phoneNumbers/1678_0_1"
        },
        "phoneNumber" : {
          "href" : "http://localhost/api/phoneNumbers/1678_0_1"
        },
        "master" : {
          "href" : "http://localhost/api/phoneNumbers/1678_0_1/master"
        }
      }
    }, {
      "inputUserId" : "QSA",
      "lastUpdateUserId" : "QSA",
      "computerId" : "GLSVR171217",
      "lastSynchronizedDate" : null,
      "addressNumber" : "1679",
      "sequence" : 1,
      "countryCode" : "+62",
      "areaCode" : "",
      "phoneNumber" : "031-5481006",
      "phoneType" : "KANTOR",
      "description" : "Kantor",
      "lastUpdateDateTime" : "2017-12-17T00:00:00",
      "inputDateTime" : "2017-12-17T00:00:00",
      "_links" : {
        "self" : {
          "href" : "http://localhost/api/phoneNumbers/1679_0_1"
        },
        "phoneNumber" : {
          "href" : "http://localhost/api/phoneNumbers/1679_0_1"
        },
        "master" : {
          "href" : "http://localhost/api/phoneNumbers/1679_0_1/master"
        }
      }
    }, {
      "inputUserId" : "QSA",
      "lastUpdateUserId" : "QSA",
      "computerId" : "GLSVR171217",
      "lastSynchronizedDate" : null,
      "addressNumber" : "1679",
      "sequence" : 2,
      "countryCode" : "+62",
      "areaCode" : "",
      "phoneNumber" : "PABX 6324",
      "phoneType" : "KANTOR",
      "description" : "Kantor",
      "lastUpdateDateTime" : "2017-12-17T00:00:00",
      "inputDateTime" : "2017-12-17T00:00:00",
      "_links" : {
        "self" : {
          "href" : "http://localhost/api/phoneNumbers/1679_0_2"
        },
        "phoneNumber" : {
          "href" : "http://localhost/api/phoneNumbers/1679_0_2"
        },
        "master" : {
          "href" : "http://localhost/api/phoneNumbers/1679_0_2/master"
        }
      }
    }, {
      "inputUserId" : "QSA",
      "lastUpdateUserId" : "QSA",
      "computerId" : "GLSVR171217",
      "lastSynchronizedDate" : null,
      "addressNumber" : "1681",
      "sequence" : 1,
      "countryCode" : "+62",
      "areaCode" : "",
      "phoneNumber" : "081330088778",
      "phoneType" : "KANTOR",
      "description" : "Kantor",
      "lastUpdateDateTime" : "2017-12-17T00:00:00",
      "inputDateTime" : "2017-12-17T00:00:00",
      "_links" : {
        "self" : {
          "href" : "http://localhost/api/phoneNumbers/1681_0_1"
        },
        "phoneNumber" : {
          "href" : "http://localhost/api/phoneNumbers/1681_0_1"
        },
        "master" : {
          "href" : "http://localhost/api/phoneNumbers/1681_0_1/master"
        }
      }
    }, {
      "inputUserId" : "QSA",
      "lastUpdateUserId" : "QSA",
      "computerId" : "GLSVR171217",
      "lastSynchronizedDate" : null,
      "addressNumber" : "1682",
      "sequence" : 1,
      "countryCode" : "+62",
      "areaCode" : "",
      "phoneNumber" : "081330633000",
      "phoneType" : "KANTOR",
      "description" : "Kantor",
      "lastUpdateDateTime" : "2017-12-17T00:00:00",
      "inputDateTime" : "2017-12-17T00:00:00",
      "_links" : {
        "self" : {
          "href" : "http://localhost/api/phoneNumbers/1682_0_1"
        },
        "phoneNumber" : {
          "href" : "http://localhost/api/phoneNumbers/1682_0_1"
        },
        "master" : {
          "href" : "http://localhost/api/phoneNumbers/1682_0_1/master"
        }
      }
    }, {
      "inputUserId" : "QSA",
      "lastUpdateUserId" : "QSA",
      "computerId" : "GLSVR171217",
      "lastSynchronizedDate" : null,
      "addressNumber" : "1684",
      "sequence" : 1,
      "countryCode" : "+62",
      "areaCode" : "",
      "phoneNumber" : "085733067345",
      "phoneType" : "KANTOR",
      "description" : "Kantor",
      "lastUpdateDateTime" : "2017-12-17T00:00:00",
      "inputDateTime" : "2017-12-17T00:00:00",
      "_links" : {
        "self" : {
          "href" : "http://localhost/api/phoneNumbers/1684_0_1"
        },
        "phoneNumber" : {
          "href" : "http://localhost/api/phoneNumbers/1684_0_1"
        },
        "master" : {
          "href" : "http://localhost/api/phoneNumbers/1684_0_1/master"
        }
      }
    }, {
      "inputUserId" : "QSA",
      "lastUpdateUserId" : "QSA",
      "computerId" : "GLSVR171217",
      "lastSynchronizedDate" : null,
      "addressNumber" : "1685",
      "sequence" : 1,
      "countryCode" : "+62",
      "areaCode" : "",
      "phoneNumber" : "087850168701",
      "phoneType" : "KANTOR",
      "description" : "Kantor",
      "lastUpdateDateTime" : "2017-12-17T00:00:00",
      "inputDateTime" : "2017-12-17T00:00:00",
      "_links" : {
        "self" : {
          "href" : "http://localhost/api/phoneNumbers/1685_0_1"
        },
        "phoneNumber" : {
          "href" : "http://localhost/api/phoneNumbers/1685_0_1"
        },
        "master" : {
          "href" : "http://localhost/api/phoneNumbers/1685_0_1/master"
        }
      }
    }, {
      "inputUserId" : "QSA",
      "lastUpdateUserId" : "QSA",
      "computerId" : "GLSVR171217",
      "lastSynchronizedDate" : null,
      "addressNumber" : "1688",
      "sequence" : 1,
      "countryCode" : "+62",
      "areaCode" : "",
      "phoneNumber" : "081347978996",
      "phoneType" : "KANTOR",
      "description" : "Kantor",
      "lastUpdateDateTime" : "2017-12-17T00:00:00",
      "inputDateTime" : "2017-12-17T00:00:00",
      "_links" : {
        "self" : {
          "href" : "http://localhost/api/phoneNumbers/1688_0_1"
        },
        "phoneNumber" : {
          "href" : "http://localhost/api/phoneNumbers/1688_0_1"
        },
        "master" : {
          "href" : "http://localhost/api/phoneNumbers/1688_0_1/master"
        }
      }
    }, {
      "inputUserId" : "QSA",
      "lastUpdateUserId" : "QSA",
      "computerId" : "GLSVR171217",
      "lastSynchronizedDate" : null,
      "addressNumber" : "1689",
      "sequence" : 1,
      "countryCode" : "+62",
      "areaCode" : "",
      "phoneNumber" : "031-5356946",
      "phoneType" : "KANTOR",
      "description" : "Kantor",
      "lastUpdateDateTime" : "2017-12-17T00:00:00",
      "inputDateTime" : "2017-12-17T00:00:00",
      "_links" : {
        "self" : {
          "href" : "http://localhost/api/phoneNumbers/1689_0_1"
        },
        "phoneNumber" : {
          "href" : "http://localhost/api/phoneNumbers/1689_0_1"
        },
        "master" : {
          "href" : "http://localhost/api/phoneNumbers/1689_0_1/master"
        }
      }
    }, {
      "inputUserId" : "QSA",
      "lastUpdateUserId" : "QSA",
      "computerId" : "GLSVR171217",
      "lastSynchronizedDate" : null,
      "addressNumber" : "1691",
      "sequence" : 1,
      "countryCode" : "+62",
      "areaCode" : "",
      "phoneNumber" : "0322-4675308",
      "phoneType" : "KANTOR",
      "description" : "Kantor",
      "lastUpdateDateTime" : "2017-12-17T00:00:00",
      "inputDateTime" : "2017-12-17T00:00:00",
      "_links" : {
        "self" : {
          "href" : "http://localhost/api/phoneNumbers/1691_0_1"
        },
        "phoneNumber" : {
          "href" : "http://localhost/api/phoneNumbers/1691_0_1"
        },
        "master" : {
          "href" : "http://localhost/api/phoneNumbers/1691_0_1/master"
        }
      }
    }, {
      "inputUserId" : "QSA",
      "lastUpdateUserId" : "QSA",
      "computerId" : "GLSVR171217",
      "lastSynchronizedDate" : null,
      "addressNumber" : "1692",
      "sequence" : 1,
      "countryCode" : "+62",
      "areaCode" : "",
      "phoneNumber" : "031-5342338",
      "phoneType" : "KANTOR",
      "description" : "Kantor",
      "lastUpdateDateTime" : "2017-12-17T00:00:00",
      "inputDateTime" : "2017-12-17T00:00:00",
      "_links" : {
        "self" : {
          "href" : "http://localhost/api/phoneNumbers/1692_0_1"
        },
        "phoneNumber" : {
          "href" : "http://localhost/api/phoneNumbers/1692_0_1"
        },
        "master" : {
          "href" : "http://localhost/api/phoneNumbers/1692_0_1/master"
        }
      }
    }, {
      "inputUserId" : "QSA",
      "lastUpdateUserId" : "QSA",
      "computerId" : "GLSVR171217",
      "lastSynchronizedDate" : null,
      "addressNumber" : "1696",
      "sequence" : 1,
      "countryCode" : "+62",
      "areaCode" : "",
      "phoneNumber" : "0818593262",
      "phoneType" : "KANTOR",
      "description" : "Kantor",
      "lastUpdateDateTime" : "2017-12-17T00:00:00",
      "inputDateTime" : "2017-12-17T00:00:00",
      "_links" : {
        "self" : {
          "href" : "http://localhost/api/phoneNumbers/1696_0_1"
        },
        "phoneNumber" : {
          "href" : "http://localhost/api/phoneNumbers/1696_0_1"
        },
        "master" : {
          "href" : "http://localhost/api/phoneNumbers/1696_0_1/master"
        }
      }
    }, {
      "inputUserId" : "QSA",
      "lastUpdateUserId" : "QSA",
      "computerId" : "GLSVR171217",
      "lastSynchronizedDate" : null,
      "addressNumber" : "1700",
      "sequence" : 1,
      "countryCode" : "+62",
      "areaCode" : "",
      "phoneNumber" : "085240557276",
      "phoneType" : "KANTOR",
      "description" : "Kantor",
      "lastUpdateDateTime" : "2017-12-17T00:00:00",
      "inputDateTime" : "2017-12-17T00:00:00",
      "_links" : {
        "self" : {
          "href" : "http://localhost/api/phoneNumbers/1700_0_1"
        },
        "phoneNumber" : {
          "href" : "http://localhost/api/phoneNumbers/1700_0_1"
        },
        "master" : {
          "href" : "http://localhost/api/phoneNumbers/1700_0_1/master"
        }
      }
    }, {
      "inputUserId" : "QSA",
      "lastUpdateUserId" : "QSA",
      "computerId" : "GLSVR171217",
      "lastSynchronizedDate" : null,
      "addressNumber" : "1701",
      "sequence" : 1,
      "countryCode" : "+62",
      "areaCode" : "",
      "phoneNumber" : "031-5313733",
      "phoneType" : "KANTOR",
      "description" : "Kantor",
      "lastUpdateDateTime" : "2017-12-17T00:00:00",
      "inputDateTime" : "2017-12-17T00:00:00",
      "_links" : {
        "self" : {
          "href" : "http://localhost/api/phoneNumbers/1701_0_1"
        },
        "phoneNumber" : {
          "href" : "http://localhost/api/phoneNumbers/1701_0_1"
        },
        "master" : {
          "href" : "http://localhost/api/phoneNumbers/1701_0_1/master"
        }
      }
    }, {
      "inputUserId" : "QSA",
      "lastUpdateUserId" : "QSA",
      "computerId" : "GLSVR171217",
      "lastSynchronizedDate" : null,
      "addressNumber" : "1702",
      "sequence" : 1,
      "countryCode" : "+62",
      "areaCode" : "",
      "phoneNumber" : "031-5682151",
      "phoneType" : "KANTOR",
      "description" : "Kantor",
      "lastUpdateDateTime" : "2017-12-17T00:00:00",
      "inputDateTime" : "2017-12-17T00:00:00",
      "_links" : {
        "self" : {
          "href" : "http://localhost/api/phoneNumbers/1702_0_1"
        },
        "phoneNumber" : {
          "href" : "http://localhost/api/phoneNumbers/1702_0_1"
        },
        "master" : {
          "href" : "http://localhost/api/phoneNumbers/1702_0_1/master"
        }
      }
    }, {
      "inputUserId" : "QSA",
      "lastUpdateUserId" : "QSA",
      "computerId" : "GLSVR171217",
      "lastSynchronizedDate" : null,
      "addressNumber" : "1704",
      "sequence" : 1,
      "countryCode" : "+62",
      "areaCode" : "",
      "phoneNumber" : "031-8432333",
      "phoneType" : "KANTOR",
      "description" : "Kantor",
      "lastUpdateDateTime" : "2017-12-17T00:00:00",
      "inputDateTime" : "2017-12-17T00:00:00",
      "_links" : {
        "self" : {
          "href" : "http://localhost/api/phoneNumbers/1704_0_1"
        },
        "phoneNumber" : {
          "href" : "http://localhost/api/phoneNumbers/1704_0_1"
        },
        "master" : {
          "href" : "http://localhost/api/phoneNumbers/1704_0_1/master"
        }
      }
    }, {
      "inputUserId" : "QSA",
      "lastUpdateUserId" : "QSA",
      "computerId" : "GLSVR171217",
      "lastSynchronizedDate" : null,
      "addressNumber" : "1705",
      "sequence" : 1,
      "countryCode" : "+62",
      "areaCode" : "",
      "phoneNumber" : "087747943747",
      "phoneType" : "KANTOR",
      "description" : "Kantor",
      "lastUpdateDateTime" : "2017-12-17T00:00:00",
      "inputDateTime" : "2017-12-17T00:00:00",
      "_links" : {
        "self" : {
          "href" : "http://localhost/api/phoneNumbers/1705_0_1"
        },
        "phoneNumber" : {
          "href" : "http://localhost/api/phoneNumbers/1705_0_1"
        },
        "master" : {
          "href" : "http://localhost/api/phoneNumbers/1705_0_1/master"
        }
      }
    }, {
      "inputUserId" : "QSA",
      "lastUpdateUserId" : "QSA",
      "computerId" : "GLSVR171217",
      "lastSynchronizedDate" : null,
      "addressNumber" : "1707",
      "sequence" : 1,
      "countryCode" : "+62",
      "areaCode" : "",
      "phoneNumber" : "082233330512",
      "phoneType" : "KANTOR",
      "description" : "Kantor",
      "lastUpdateDateTime" : "2017-12-17T00:00:00",
      "inputDateTime" : "2017-12-17T00:00:00",
      "_links" : {
        "self" : {
          "href" : "http://localhost/api/phoneNumbers/1707_0_1"
        },
        "phoneNumber" : {
          "href" : "http://localhost/api/phoneNumbers/1707_0_1"
        },
        "master" : {
          "href" : "http://localhost/api/phoneNumbers/1707_0_1/master"
        }
      }
    }, {
      "inputUserId" : "QSA",
      "lastUpdateUserId" : "QSA",
      "computerId" : "GLSVR171217",
      "lastSynchronizedDate" : null,
      "addressNumber" : "1708",
      "sequence" : 1,
      "countryCode" : "+62",
      "areaCode" : "",
      "phoneNumber" : "031-5453789",
      "phoneType" : "KANTOR",
      "description" : "Kantor",
      "lastUpdateDateTime" : "2017-12-17T00:00:00",
      "inputDateTime" : "2017-12-17T00:00:00",
      "_links" : {
        "self" : {
          "href" : "http://localhost/api/phoneNumbers/1708_0_1"
        },
        "phoneNumber" : {
          "href" : "http://localhost/api/phoneNumbers/1708_0_1"
        },
        "master" : {
          "href" : "http://localhost/api/phoneNumbers/1708_0_1/master"
        }
      }
    }, {
      "inputUserId" : "QSA",
      "lastUpdateUserId" : "QSA",
      "computerId" : "GLSVR171217",
      "lastSynchronizedDate" : null,
      "addressNumber" : "1709",
      "sequence" : 1,
      "countryCode" : "+62",
      "areaCode" : "",
      "phoneNumber" : "081348461463",
      "phoneType" : "KANTOR",
      "description" : "Kantor",
      "lastUpdateDateTime" : "2017-12-17T00:00:00",
      "inputDateTime" : "2017-12-17T00:00:00",
      "_links" : {
        "self" : {
          "href" : "http://localhost/api/phoneNumbers/1709_0_1"
        },
        "phoneNumber" : {
          "href" : "http://localhost/api/phoneNumbers/1709_0_1"
        },
        "master" : {
          "href" : "http://localhost/api/phoneNumbers/1709_0_1/master"
        }
      }
    }, {
      "inputUserId" : "QSA",
      "lastUpdateUserId" : "QSA",
      "computerId" : "GLSVR171217",
      "lastSynchronizedDate" : null,
      "addressNumber" : "1710",
      "sequence" : 1,
      "countryCode" : "+62",
      "areaCode" : "",
      "phoneNumber" : "031-5352863",
      "phoneType" : "KANTOR",
      "description" : "Kantor",
      "lastUpdateDateTime" : "2017-12-17T00:00:00",
      "inputDateTime" : "2017-12-17T00:00:00",
      "_links" : {
        "self" : {
          "href" : "http://localhost/api/phoneNumbers/1710_0_1"
        },
        "phoneNumber" : {
          "href" : "http://localhost/api/phoneNumbers/1710_0_1"
        },
        "master" : {
          "href" : "http://localhost/api/phoneNumbers/1710_0_1/master"
        }
      }
    }, {
      "inputUserId" : "QSA",
      "lastUpdateUserId" : "QSA",
      "computerId" : "GLSVR171217",
      "lastSynchronizedDate" : null,
      "addressNumber" : "1710",
      "sequence" : 2,
      "countryCode" : "+62",
      "areaCode" : "",
      "phoneNumber" : "PABX : 1064",
      "phoneType" : "KANTOR",
      "description" : "Kantor",
      "lastUpdateDateTime" : "2017-12-17T00:00:00",
      "inputDateTime" : "2017-12-17T00:00:00",
      "_links" : {
        "self" : {
          "href" : "http://localhost/api/phoneNumbers/1710_0_2"
        },
        "phoneNumber" : {
          "href" : "http://localhost/api/phoneNumbers/1710_0_2"
        },
        "master" : {
          "href" : "http://localhost/api/phoneNumbers/1710_0_2/master"
        }
      }
    }, {
      "inputUserId" : "QSA",
      "lastUpdateUserId" : "QSA",
      "computerId" : "GLSVR171217",
      "lastSynchronizedDate" : null,
      "addressNumber" : "1711",
      "sequence" : 1,
      "countryCode" : "+62",
      "areaCode" : "",
      "phoneNumber" : "085773379777",
      "phoneType" : "KANTOR",
      "description" : "Kantor",
      "lastUpdateDateTime" : "2017-12-17T00:00:00",
      "inputDateTime" : "2017-12-17T00:00:00",
      "_links" : {
        "self" : {
          "href" : "http://localhost/api/phoneNumbers/1711_0_1"
        },
        "phoneNumber" : {
          "href" : "http://localhost/api/phoneNumbers/1711_0_1"
        },
        "master" : {
          "href" : "http://localhost/api/phoneNumbers/1711_0_1/master"
        }
      }
    }, {
      "inputUserId" : "QSA",
      "lastUpdateUserId" : "QSA",
      "computerId" : "GLSVR171217",
      "lastSynchronizedDate" : null,
      "addressNumber" : "1713",
      "sequence" : 1,
      "countryCode" : "+62",
      "areaCode" : "",
      "phoneNumber" : "085331636399",
      "phoneType" : "KANTOR",
      "description" : "Kantor",
      "lastUpdateDateTime" : "2017-12-17T00:00:00",
      "inputDateTime" : "2017-12-17T00:00:00",
      "_links" : {
        "self" : {
          "href" : "http://localhost/api/phoneNumbers/1713_0_1"
        },
        "phoneNumber" : {
          "href" : "http://localhost/api/phoneNumbers/1713_0_1"
        },
        "master" : {
          "href" : "http://localhost/api/phoneNumbers/1713_0_1/master"
        }
      }
    }, {
      "inputUserId" : "QSA",
      "lastUpdateUserId" : "QSA",
      "computerId" : "GLSVR171217",
      "lastSynchronizedDate" : null,
      "addressNumber" : "1722",
      "sequence" : 1,
      "countryCode" : "+62",
      "areaCode" : "",
      "phoneNumber" : "087708770994",
      "phoneType" : "KANTOR",
      "description" : "Kantor",
      "lastUpdateDateTime" : "2017-12-17T00:00:00",
      "inputDateTime" : "2017-12-17T00:00:00",
      "_links" : {
        "self" : {
          "href" : "http://localhost/api/phoneNumbers/1722_0_1"
        },
        "phoneNumber" : {
          "href" : "http://localhost/api/phoneNumbers/1722_0_1"
        },
        "master" : {
          "href" : "http://localhost/api/phoneNumbers/1722_0_1/master"
        }
      }
    }, {
      "inputUserId" : "QSA",
      "lastUpdateUserId" : "QSA",
      "computerId" : "GLSVR171217",
      "lastSynchronizedDate" : null,
      "addressNumber" : "1724",
      "sequence" : 1,
      "countryCode" : "+62",
      "areaCode" : "",
      "phoneNumber" : "085733838798",
      "phoneType" : "KANTOR",
      "description" : "Kantor",
      "lastUpdateDateTime" : "2017-12-17T00:00:00",
      "inputDateTime" : "2017-12-17T00:00:00",
      "_links" : {
        "self" : {
          "href" : "http://localhost/api/phoneNumbers/1724_0_1"
        },
        "phoneNumber" : {
          "href" : "http://localhost/api/phoneNumbers/1724_0_1"
        },
        "master" : {
          "href" : "http://localhost/api/phoneNumbers/1724_0_1/master"
        }
      }
    }, {
      "inputUserId" : "QSA",
      "lastUpdateUserId" : "QSA",
      "computerId" : "GLSVR171217",
      "lastSynchronizedDate" : null,
      "addressNumber" : "1728",
      "sequence" : 1,
      "countryCode" : "+62",
      "areaCode" : "",
      "phoneNumber" : "024-8418025",
      "phoneType" : "KANTOR",
      "description" : "Kantor",
      "lastUpdateDateTime" : "2017-12-17T00:00:00",
      "inputDateTime" : "2017-12-17T00:00:00",
      "_links" : {
        "self" : {
          "href" : "http://localhost/api/phoneNumbers/1728_0_1"
        },
        "phoneNumber" : {
          "href" : "http://localhost/api/phoneNumbers/1728_0_1"
        },
        "master" : {
          "href" : "http://localhost/api/phoneNumbers/1728_0_1/master"
        }
      }
    }, {
      "inputUserId" : "QSA",
      "lastUpdateUserId" : "QSA",
      "computerId" : "GLSVR171217",
      "lastSynchronizedDate" : null,
      "addressNumber" : "1729",
      "sequence" : 1,
      "countryCode" : "+62",
      "areaCode" : "",
      "phoneNumber" : "031-5353682",
      "phoneType" : "KANTOR",
      "description" : "Kantor",
      "lastUpdateDateTime" : "2017-12-17T00:00:00",
      "inputDateTime" : "2017-12-17T00:00:00",
      "_links" : {
        "self" : {
          "href" : "http://localhost/api/phoneNumbers/1729_0_1"
        },
        "phoneNumber" : {
          "href" : "http://localhost/api/phoneNumbers/1729_0_1"
        },
        "master" : {
          "href" : "http://localhost/api/phoneNumbers/1729_0_1/master"
        }
      }
    }, {
      "inputUserId" : "QSA",
      "lastUpdateUserId" : "QSA",
      "computerId" : "GLSVR171217",
      "lastSynchronizedDate" : null,
      "addressNumber" : "1729",
      "sequence" : 2,
      "countryCode" : "+62",
      "areaCode" : "",
      "phoneNumber" : "PABX : 2101",
      "phoneType" : "KANTOR",
      "description" : "Kantor",
      "lastUpdateDateTime" : "2017-12-17T00:00:00",
      "inputDateTime" : "2017-12-17T00:00:00",
      "_links" : {
        "self" : {
          "href" : "http://localhost/api/phoneNumbers/1729_0_2"
        },
        "phoneNumber" : {
          "href" : "http://localhost/api/phoneNumbers/1729_0_2"
        },
        "master" : {
          "href" : "http://localhost/api/phoneNumbers/1729_0_2/master"
        }
      }
    }, {
      "inputUserId" : "QSA",
      "lastUpdateUserId" : "QSA",
      "computerId" : "GLSVR171217",
      "lastSynchronizedDate" : null,
      "addressNumber" : "1734",
      "sequence" : 1,
      "countryCode" : "+62",
      "areaCode" : "",
      "phoneNumber" : "085342580012",
      "phoneType" : "KANTOR",
      "description" : "Kantor",
      "lastUpdateDateTime" : "2017-12-17T00:00:00",
      "inputDateTime" : "2017-12-17T00:00:00",
      "_links" : {
        "self" : {
          "href" : "http://localhost/api/phoneNumbers/1734_0_1"
        },
        "phoneNumber" : {
          "href" : "http://localhost/api/phoneNumbers/1734_0_1"
        },
        "master" : {
          "href" : "http://localhost/api/phoneNumbers/1734_0_1/master"
        }
      }
    }, {
      "inputUserId" : "QSA",
      "lastUpdateUserId" : "QSA",
      "computerId" : "GLSVR171217",
      "lastSynchronizedDate" : null,
      "addressNumber" : "1736",
      "sequence" : 1,
      "countryCode" : "+62",
      "areaCode" : "",
      "phoneNumber" : "0401-3110699",
      "phoneType" : "KANTOR",
      "description" : "Kantor",
      "lastUpdateDateTime" : "2017-12-17T00:00:00",
      "inputDateTime" : "2017-12-17T00:00:00",
      "_links" : {
        "self" : {
          "href" : "http://localhost/api/phoneNumbers/1736_0_1"
        },
        "phoneNumber" : {
          "href" : "http://localhost/api/phoneNumbers/1736_0_1"
        },
        "master" : {
          "href" : "http://localhost/api/phoneNumbers/1736_0_1/master"
        }
      }
    }, {
      "inputUserId" : "QSA",
      "lastUpdateUserId" : "QSA",
      "computerId" : "GLSVR171217",
      "lastSynchronizedDate" : null,
      "addressNumber" : "1736",
      "sequence" : 2,
      "countryCode" : "+62",
      "areaCode" : "",
      "phoneNumber" : "08114004992",
      "phoneType" : "KANTOR",
      "description" : "Kantor",
      "lastUpdateDateTime" : "2017-12-17T00:00:00",
      "inputDateTime" : "2017-12-17T00:00:00",
      "_links" : {
        "self" : {
          "href" : "http://localhost/api/phoneNumbers/1736_0_2"
        },
        "phoneNumber" : {
          "href" : "http://localhost/api/phoneNumbers/1736_0_2"
        },
        "master" : {
          "href" : "http://localhost/api/phoneNumbers/1736_0_2/master"
        }
      }
    }, {
      "inputUserId" : "QSA",
      "lastUpdateUserId" : "QSA",
      "computerId" : "GLSVR171217",
      "lastSynchronizedDate" : null,
      "addressNumber" : "1740",
      "sequence" : 1,
      "countryCode" : "+62",
      "areaCode" : "",
      "phoneNumber" : "031-5467659",
      "phoneType" : "KANTOR",
      "description" : "Kantor",
      "lastUpdateDateTime" : "2017-12-17T00:00:00",
      "inputDateTime" : "2017-12-17T00:00:00",
      "_links" : {
        "self" : {
          "href" : "http://localhost/api/phoneNumbers/1740_0_1"
        },
        "phoneNumber" : {
          "href" : "http://localhost/api/phoneNumbers/1740_0_1"
        },
        "master" : {
          "href" : "http://localhost/api/phoneNumbers/1740_0_1/master"
        }
      }
    }, {
      "inputUserId" : "QSA",
      "lastUpdateUserId" : "QSA",
      "computerId" : "GLSVR171217",
      "lastSynchronizedDate" : null,
      "addressNumber" : "1741",
      "sequence" : 1,
      "countryCode" : "+62",
      "areaCode" : "",
      "phoneNumber" : "082131045870",
      "phoneType" : "KANTOR",
      "description" : "Kantor",
      "lastUpdateDateTime" : "2017-12-17T00:00:00",
      "inputDateTime" : "2017-12-17T00:00:00",
      "_links" : {
        "self" : {
          "href" : "http://localhost/api/phoneNumbers/1741_0_1"
        },
        "phoneNumber" : {
          "href" : "http://localhost/api/phoneNumbers/1741_0_1"
        },
        "master" : {
          "href" : "http://localhost/api/phoneNumbers/1741_0_1/master"
        }
      }
    }, {
      "inputUserId" : "QSA",
      "lastUpdateUserId" : "QSA",
      "computerId" : "GLSVR171217",
      "lastSynchronizedDate" : null,
      "addressNumber" : "1743",
      "sequence" : 1,
      "countryCode" : "+62",
      "areaCode" : "",
      "phoneNumber" : "081334353555",
      "phoneType" : "KANTOR",
      "description" : "Kantor",
      "lastUpdateDateTime" : "2017-12-17T00:00:00",
      "inputDateTime" : "2017-12-17T00:00:00",
      "_links" : {
        "self" : {
          "href" : "http://localhost/api/phoneNumbers/1743_0_1"
        },
        "phoneNumber" : {
          "href" : "http://localhost/api/phoneNumbers/1743_0_1"
        },
        "master" : {
          "href" : "http://localhost/api/phoneNumbers/1743_0_1/master"
        }
      }
    }, {
      "inputUserId" : "QSA",
      "lastUpdateUserId" : "QSA",
      "computerId" : "GLSVR171217",
      "lastSynchronizedDate" : null,
      "addressNumber" : "1745",
      "sequence" : 1,
      "countryCode" : "+62",
      "areaCode" : "",
      "phoneNumber" : "08560439679",
      "phoneType" : "KANTOR",
      "description" : "Kantor",
      "lastUpdateDateTime" : "2017-12-17T00:00:00",
      "inputDateTime" : "2017-12-17T00:00:00",
      "_links" : {
        "self" : {
          "href" : "http://localhost/api/phoneNumbers/1745_0_1"
        },
        "phoneNumber" : {
          "href" : "http://localhost/api/phoneNumbers/1745_0_1"
        },
        "master" : {
          "href" : "http://localhost/api/phoneNumbers/1745_0_1/master"
        }
      }
    }, {
      "inputUserId" : "QSA",
      "lastUpdateUserId" : "QSA",
      "computerId" : "GLSVR171217",
      "lastSynchronizedDate" : null,
      "addressNumber" : "1750",
      "sequence" : 1,
      "countryCode" : "+62",
      "areaCode" : "",
      "phoneNumber" : "085746949012",
      "phoneType" : "KANTOR",
      "description" : "Kantor",
      "lastUpdateDateTime" : "2017-12-17T00:00:00",
      "inputDateTime" : "2017-12-17T00:00:00",
      "_links" : {
        "self" : {
          "href" : "http://localhost/api/phoneNumbers/1750_0_1"
        },
        "phoneNumber" : {
          "href" : "http://localhost/api/phoneNumbers/1750_0_1"
        },
        "master" : {
          "href" : "http://localhost/api/phoneNumbers/1750_0_1/master"
        }
      }
    }, {
      "inputUserId" : "QSA",
      "lastUpdateUserId" : "QSA",
      "computerId" : "GLSVR171217",
      "lastSynchronizedDate" : null,
      "addressNumber" : "1757",
      "sequence" : 1,
      "countryCode" : "+62",
      "areaCode" : "",
      "phoneNumber" : "081333300379",
      "phoneType" : "KANTOR",
      "description" : "Kantor",
      "lastUpdateDateTime" : "2017-12-17T00:00:00",
      "inputDateTime" : "2017-12-17T00:00:00",
      "_links" : {
        "self" : {
          "href" : "http://localhost/api/phoneNumbers/1757_0_1"
        },
        "phoneNumber" : {
          "href" : "http://localhost/api/phoneNumbers/1757_0_1"
        },
        "master" : {
          "href" : "http://localhost/api/phoneNumbers/1757_0_1/master"
        }
      }
    }, {
      "inputUserId" : "QSA",
      "lastUpdateUserId" : "QSA",
      "computerId" : "GLSVR171217",
      "lastSynchronizedDate" : null,
      "addressNumber" : "1761",
      "sequence" : 1,
      "countryCode" : "+62",
      "areaCode" : "",
      "phoneNumber" : "082140032377",
      "phoneType" : "KANTOR",
      "description" : "Kantor",
      "lastUpdateDateTime" : "2017-12-17T00:00:00",
      "inputDateTime" : "2017-12-17T00:00:00",
      "_links" : {
        "self" : {
          "href" : "http://localhost/api/phoneNumbers/1761_0_1"
        },
        "phoneNumber" : {
          "href" : "http://localhost/api/phoneNumbers/1761_0_1"
        },
        "master" : {
          "href" : "http://localhost/api/phoneNumbers/1761_0_1/master"
        }
      }
    }, {
      "inputUserId" : "QSA",
      "lastUpdateUserId" : "QSA",
      "computerId" : "GLSVR171217",
      "lastSynchronizedDate" : null,
      "addressNumber" : "1766",
      "sequence" : 1,
      "countryCode" : "+62",
      "areaCode" : "",
      "phoneNumber" : "0341-552133",
      "phoneType" : "KANTOR",
      "description" : "Kantor",
      "lastUpdateDateTime" : "2017-12-17T00:00:00",
      "inputDateTime" : "2017-12-17T00:00:00",
      "_links" : {
        "self" : {
          "href" : "http://localhost/api/phoneNumbers/1766_0_1"
        },
        "phoneNumber" : {
          "href" : "http://localhost/api/phoneNumbers/1766_0_1"
        },
        "master" : {
          "href" : "http://localhost/api/phoneNumbers/1766_0_1/master"
        }
      }
    }, {
      "inputUserId" : "QSA",
      "lastUpdateUserId" : "QSA",
      "computerId" : "GLSVR171217",
      "lastSynchronizedDate" : null,
      "addressNumber" : "1767",
      "sequence" : 1,
      "countryCode" : "+62",
      "areaCode" : "",
      "phoneNumber" : "031-8910560",
      "phoneType" : "KANTOR",
      "description" : "Kantor",
      "lastUpdateDateTime" : "2017-12-17T00:00:00",
      "inputDateTime" : "2017-12-17T00:00:00",
      "_links" : {
        "self" : {
          "href" : "http://localhost/api/phoneNumbers/1767_0_1"
        },
        "phoneNumber" : {
          "href" : "http://localhost/api/phoneNumbers/1767_0_1"
        },
        "master" : {
          "href" : "http://localhost/api/phoneNumbers/1767_0_1/master"
        }
      }
    }, {
      "inputUserId" : "QSA",
      "lastUpdateUserId" : "QSA",
      "computerId" : "GLSVR171217",
      "lastSynchronizedDate" : null,
      "addressNumber" : "1770",
      "sequence" : 1,
      "countryCode" : "+62",
      "areaCode" : "",
      "phoneNumber" : "081235170045",
      "phoneType" : "KANTOR",
      "description" : "Kantor",
      "lastUpdateDateTime" : "2017-12-17T00:00:00",
      "inputDateTime" : "2017-12-17T00:00:00",
      "_links" : {
        "self" : {
          "href" : "http://localhost/api/phoneNumbers/1770_0_1"
        },
        "phoneNumber" : {
          "href" : "http://localhost/api/phoneNumbers/1770_0_1"
        },
        "master" : {
          "href" : "http://localhost/api/phoneNumbers/1770_0_1/master"
        }
      }
    }, {
      "inputUserId" : "QSA",
      "lastUpdateUserId" : "QSA",
      "computerId" : "GLSVR171217",
      "lastSynchronizedDate" : null,
      "addressNumber" : "1772",
      "sequence" : 1,
      "countryCode" : "+62",
      "areaCode" : "",
      "phoneNumber" : "081939355539",
      "phoneType" : "KANTOR",
      "description" : "Kantor",
      "lastUpdateDateTime" : "2017-12-17T00:00:00",
      "inputDateTime" : "2017-12-17T00:00:00",
      "_links" : {
        "self" : {
          "href" : "http://localhost/api/phoneNumbers/1772_0_1"
        },
        "phoneNumber" : {
          "href" : "http://localhost/api/phoneNumbers/1772_0_1"
        },
        "master" : {
          "href" : "http://localhost/api/phoneNumbers/1772_0_1/master"
        }
      }
    }, {
      "inputUserId" : "QSA",
      "lastUpdateUserId" : "QSA",
      "computerId" : "GLSVR171217",
      "lastSynchronizedDate" : null,
      "addressNumber" : "1783",
      "sequence" : 1,
      "countryCode" : "+62",
      "areaCode" : "",
      "phoneNumber" : "0353-2898604",
      "phoneType" : "KANTOR",
      "description" : "Kantor",
      "lastUpdateDateTime" : "2017-12-17T00:00:00",
      "inputDateTime" : "2017-12-17T00:00:00",
      "_links" : {
        "self" : {
          "href" : "http://localhost/api/phoneNumbers/1783_0_1"
        },
        "phoneNumber" : {
          "href" : "http://localhost/api/phoneNumbers/1783_0_1"
        },
        "master" : {
          "href" : "http://localhost/api/phoneNumbers/1783_0_1/master"
        }
      }
    }, {
      "inputUserId" : "QSA",
      "lastUpdateUserId" : "QSA",
      "computerId" : "GLSVR171217",
      "lastSynchronizedDate" : null,
      "addressNumber" : "1784",
      "sequence" : 1,
      "countryCode" : "+62",
      "areaCode" : "",
      "phoneNumber" : "031-5668910",
      "phoneType" : "KANTOR",
      "description" : "Kantor",
      "lastUpdateDateTime" : "2017-12-17T00:00:00",
      "inputDateTime" : "2017-12-17T00:00:00",
      "_links" : {
        "self" : {
          "href" : "http://localhost/api/phoneNumbers/1784_0_1"
        },
        "phoneNumber" : {
          "href" : "http://localhost/api/phoneNumbers/1784_0_1"
        },
        "master" : {
          "href" : "http://localhost/api/phoneNumbers/1784_0_1/master"
        }
      }
    }, {
      "inputUserId" : "QSA",
      "lastUpdateUserId" : "QSA",
      "computerId" : "GLSVR171217",
      "lastSynchronizedDate" : null,
      "addressNumber" : "1789",
      "sequence" : 1,
      "countryCode" : "+62",
      "areaCode" : "",
      "phoneNumber" : "021-88963546",
      "phoneType" : "KANTOR",
      "description" : "Kantor",
      "lastUpdateDateTime" : "2017-12-17T00:00:00",
      "inputDateTime" : "2017-12-17T00:00:00",
      "_links" : {
        "self" : {
          "href" : "http://localhost/api/phoneNumbers/1789_0_1"
        },
        "phoneNumber" : {
          "href" : "http://localhost/api/phoneNumbers/1789_0_1"
        },
        "master" : {
          "href" : "http://localhost/api/phoneNumbers/1789_0_1/master"
        }
      }
    }, {
      "inputUserId" : "QSA",
      "lastUpdateUserId" : "QSA",
      "computerId" : "GLSVR171217",
      "lastSynchronizedDate" : null,
      "addressNumber" : "1789",
      "sequence" : 2,
      "countryCode" : "+62",
      "areaCode" : "",
      "phoneNumber" : "087771521555",
      "phoneType" : "KANTOR",
      "description" : "Kantor",
      "lastUpdateDateTime" : "2017-12-17T00:00:00",
      "inputDateTime" : "2017-12-17T00:00:00",
      "_links" : {
        "self" : {
          "href" : "http://localhost/api/phoneNumbers/1789_0_2"
        },
        "phoneNumber" : {
          "href" : "http://localhost/api/phoneNumbers/1789_0_2"
        },
        "master" : {
          "href" : "http://localhost/api/phoneNumbers/1789_0_2/master"
        }
      }
    }, {
      "inputUserId" : "QSA",
      "lastUpdateUserId" : "QSA",
      "computerId" : "GLSVR171217",
      "lastSynchronizedDate" : null,
      "addressNumber" : "1791",
      "sequence" : 1,
      "countryCode" : "+62",
      "areaCode" : "",
      "phoneNumber" : "0355-321628",
      "phoneType" : "KANTOR",
      "description" : "Kantor",
      "lastUpdateDateTime" : "2017-12-17T00:00:00",
      "inputDateTime" : "2017-12-17T00:00:00",
      "_links" : {
        "self" : {
          "href" : "http://localhost/api/phoneNumbers/1791_0_1"
        },
        "phoneNumber" : {
          "href" : "http://localhost/api/phoneNumbers/1791_0_1"
        },
        "master" : {
          "href" : "http://localhost/api/phoneNumbers/1791_0_1/master"
        }
      }
    }, {
      "inputUserId" : "QSA",
      "lastUpdateUserId" : "QSA",
      "computerId" : "GLSVR171217",
      "lastSynchronizedDate" : null,
      "addressNumber" : "1796",
      "sequence" : 1,
      "countryCode" : "+62",
      "areaCode" : "",
      "phoneNumber" : "031-5348982",
      "phoneType" : "KANTOR",
      "description" : "Kantor",
      "lastUpdateDateTime" : "2017-12-17T00:00:00",
      "inputDateTime" : "2017-12-17T00:00:00",
      "_links" : {
        "self" : {
          "href" : "http://localhost/api/phoneNumbers/1796_0_1"
        },
        "phoneNumber" : {
          "href" : "http://localhost/api/phoneNumbers/1796_0_1"
        },
        "master" : {
          "href" : "http://localhost/api/phoneNumbers/1796_0_1/master"
        }
      }
    }, {
      "inputUserId" : "QSA",
      "lastUpdateUserId" : "QSA",
      "computerId" : "GLSVR171217",
      "lastSynchronizedDate" : null,
      "addressNumber" : "1801",
      "sequence" : 1,
      "countryCode" : "+62",
      "areaCode" : "",
      "phoneNumber" : "085645292551",
      "phoneType" : "KANTOR",
      "description" : "Kantor",
      "lastUpdateDateTime" : "2017-12-17T00:00:00",
      "inputDateTime" : "2017-12-17T00:00:00",
      "_links" : {
        "self" : {
          "href" : "http://localhost/api/phoneNumbers/1801_0_1"
        },
        "phoneNumber" : {
          "href" : "http://localhost/api/phoneNumbers/1801_0_1"
        },
        "master" : {
          "href" : "http://localhost/api/phoneNumbers/1801_0_1/master"
        }
      }
    }, {
      "inputUserId" : "QSA",
      "lastUpdateUserId" : "QSA",
      "computerId" : "GLSVR171217",
      "lastSynchronizedDate" : null,
      "addressNumber" : "1802",
      "sequence" : 1,
      "countryCode" : "+62",
      "areaCode" : "",
      "phoneNumber" : "085749690044",
      "phoneType" : "KANTOR",
      "description" : "Kantor",
      "lastUpdateDateTime" : "2017-12-17T00:00:00",
      "inputDateTime" : "2017-12-17T00:00:00",
      "_links" : {
        "self" : {
          "href" : "http://localhost/api/phoneNumbers/1802_0_1"
        },
        "phoneNumber" : {
          "href" : "http://localhost/api/phoneNumbers/1802_0_1"
        },
        "master" : {
          "href" : "http://localhost/api/phoneNumbers/1802_0_1/master"
        }
      }
    }, {
      "inputUserId" : "QSA",
      "lastUpdateUserId" : "QSA",
      "computerId" : "GLSVR171217",
      "lastSynchronizedDate" : null,
      "addressNumber" : "1804",
      "sequence" : 1,
      "countryCode" : "+62",
      "areaCode" : "",
      "phoneNumber" : "082169000144",
      "phoneType" : "KANTOR",
      "description" : "Kantor",
      "lastUpdateDateTime" : "2017-12-17T00:00:00",
      "inputDateTime" : "2017-12-17T00:00:00",
      "_links" : {
        "self" : {
          "href" : "http://localhost/api/phoneNumbers/1804_0_1"
        },
        "phoneNumber" : {
          "href" : "http://localhost/api/phoneNumbers/1804_0_1"
        },
        "master" : {
          "href" : "http://localhost/api/phoneNumbers/1804_0_1/master"
        }
      }
    }, {
      "inputUserId" : "QSA",
      "lastUpdateUserId" : "QSA",
      "computerId" : "GLSVR171217",
      "lastSynchronizedDate" : null,
      "addressNumber" : "1805",
      "sequence" : 1,
      "countryCode" : "+62",
      "areaCode" : "",
      "phoneNumber" : "0817770699",
      "phoneType" : "KANTOR",
      "description" : "Kantor",
      "lastUpdateDateTime" : "2017-12-17T00:00:00",
      "inputDateTime" : "2017-12-17T00:00:00",
      "_links" : {
        "self" : {
          "href" : "http://localhost/api/phoneNumbers/1805_0_1"
        },
        "phoneNumber" : {
          "href" : "http://localhost/api/phoneNumbers/1805_0_1"
        },
        "master" : {
          "href" : "http://localhost/api/phoneNumbers/1805_0_1/master"
        }
      }
    }, {
      "inputUserId" : "QSA",
      "lastUpdateUserId" : "QSA",
      "computerId" : "GLSVR171217",
      "lastSynchronizedDate" : null,
      "addressNumber" : "1811",
      "sequence" : 1,
      "countryCode" : "+62",
      "areaCode" : "",
      "phoneNumber" : "031-5477280",
      "phoneType" : "KANTOR",
      "description" : "Kantor",
      "lastUpdateDateTime" : "2017-12-17T00:00:00",
      "inputDateTime" : "2017-12-17T00:00:00",
      "_links" : {
        "self" : {
          "href" : "http://localhost/api/phoneNumbers/1811_0_1"
        },
        "phoneNumber" : {
          "href" : "http://localhost/api/phoneNumbers/1811_0_1"
        },
        "master" : {
          "href" : "http://localhost/api/phoneNumbers/1811_0_1/master"
        }
      }
    }, {
      "inputUserId" : "QSA",
      "lastUpdateUserId" : "QSA",
      "computerId" : "GLSVR171217",
      "lastSynchronizedDate" : null,
      "addressNumber" : "1813",
      "sequence" : 1,
      "countryCode" : "+62",
      "areaCode" : "",
      "phoneNumber" : "0811304532",
      "phoneType" : "KANTOR",
      "description" : "Kantor",
      "lastUpdateDateTime" : "2017-12-17T00:00:00",
      "inputDateTime" : "2017-12-17T00:00:00",
      "_links" : {
        "self" : {
          "href" : "http://localhost/api/phoneNumbers/1813_0_1"
        },
        "phoneNumber" : {
          "href" : "http://localhost/api/phoneNumbers/1813_0_1"
        },
        "master" : {
          "href" : "http://localhost/api/phoneNumbers/1813_0_1/master"
        }
      }
    }, {
      "inputUserId" : "QSA",
      "lastUpdateUserId" : "QSA",
      "computerId" : "GLSVR171217",
      "lastSynchronizedDate" : null,
      "addressNumber" : "1815",
      "sequence" : 1,
      "countryCode" : "+62",
      "areaCode" : "",
      "phoneNumber" : "085646217000",
      "phoneType" : "KANTOR",
      "description" : "Kantor",
      "lastUpdateDateTime" : "2017-12-17T00:00:00",
      "inputDateTime" : "2017-12-17T00:00:00",
      "_links" : {
        "self" : {
          "href" : "http://localhost/api/phoneNumbers/1815_0_1"
        },
        "phoneNumber" : {
          "href" : "http://localhost/api/phoneNumbers/1815_0_1"
        },
        "master" : {
          "href" : "http://localhost/api/phoneNumbers/1815_0_1/master"
        }
      }
    }, {
      "inputUserId" : "QSA",
      "lastUpdateUserId" : "QSA",
      "computerId" : "GLSVR171217",
      "lastSynchronizedDate" : null,
      "addressNumber" : "1817",
      "sequence" : 1,
      "countryCode" : "+62",
      "areaCode" : "",
      "phoneNumber" : "085732340557",
      "phoneType" : "KANTOR",
      "description" : "Kantor",
      "lastUpdateDateTime" : "2017-12-17T00:00:00",
      "inputDateTime" : "2017-12-17T00:00:00",
      "_links" : {
        "self" : {
          "href" : "http://localhost/api/phoneNumbers/1817_0_1"
        },
        "phoneNumber" : {
          "href" : "http://localhost/api/phoneNumbers/1817_0_1"
        },
        "master" : {
          "href" : "http://localhost/api/phoneNumbers/1817_0_1/master"
        }
      }
    }, {
      "inputUserId" : "QSA",
      "lastUpdateUserId" : "QSA",
      "computerId" : "GLSVR171217",
      "lastSynchronizedDate" : null,
      "addressNumber" : "1818",
      "sequence" : 1,
      "countryCode" : "+62",
      "areaCode" : "",
      "phoneNumber" : "087852699415",
      "phoneType" : "KANTOR",
      "description" : "Kantor",
      "lastUpdateDateTime" : "2017-12-17T00:00:00",
      "inputDateTime" : "2017-12-17T00:00:00",
      "_links" : {
        "self" : {
          "href" : "http://localhost/api/phoneNumbers/1818_0_1"
        },
        "phoneNumber" : {
          "href" : "http://localhost/api/phoneNumbers/1818_0_1"
        },
        "master" : {
          "href" : "http://localhost/api/phoneNumbers/1818_0_1/master"
        }
      }
    }, {
      "inputUserId" : "QSA",
      "lastUpdateUserId" : "QSA",
      "computerId" : "GLSVR171217",
      "lastSynchronizedDate" : null,
      "addressNumber" : "1820",
      "sequence" : 1,
      "countryCode" : "+62",
      "areaCode" : "",
      "phoneNumber" : "082131233302",
      "phoneType" : "KANTOR",
      "description" : "Kantor",
      "lastUpdateDateTime" : "2017-12-17T00:00:00",
      "inputDateTime" : "2017-12-17T00:00:00",
      "_links" : {
        "self" : {
          "href" : "http://localhost/api/phoneNumbers/1820_0_1"
        },
        "phoneNumber" : {
          "href" : "http://localhost/api/phoneNumbers/1820_0_1"
        },
        "master" : {
          "href" : "http://localhost/api/phoneNumbers/1820_0_1/master"
        }
      }
    }, {
      "inputUserId" : "QSA",
      "lastUpdateUserId" : "QSA",
      "computerId" : "GLSVR171217",
      "lastSynchronizedDate" : null,
      "addressNumber" : "1830",
      "sequence" : 1,
      "countryCode" : "+62",
      "areaCode" : "",
      "phoneNumber" : "031-5311050",
      "phoneType" : "KANTOR",
      "description" : "Kantor",
      "lastUpdateDateTime" : "2017-12-17T00:00:00",
      "inputDateTime" : "2017-12-17T00:00:00",
      "_links" : {
        "self" : {
          "href" : "http://localhost/api/phoneNumbers/1830_0_1"
        },
        "phoneNumber" : {
          "href" : "http://localhost/api/phoneNumbers/1830_0_1"
        },
        "master" : {
          "href" : "http://localhost/api/phoneNumbers/1830_0_1/master"
        }
      }
    }, {
      "inputUserId" : "QSA",
      "lastUpdateUserId" : "QSA",
      "computerId" : "GLSVR171217",
      "lastSynchronizedDate" : null,
      "addressNumber" : "1835",
      "sequence" : 1,
      "countryCode" : "+62",
      "areaCode" : "",
      "phoneNumber" : "031-5313166",
      "phoneType" : "KANTOR",
      "description" : "Kantor",
      "lastUpdateDateTime" : "2017-12-17T00:00:00",
      "inputDateTime" : "2017-12-17T00:00:00",
      "_links" : {
        "self" : {
          "href" : "http://localhost/api/phoneNumbers/1835_0_1"
        },
        "phoneNumber" : {
          "href" : "http://localhost/api/phoneNumbers/1835_0_1"
        },
        "master" : {
          "href" : "http://localhost/api/phoneNumbers/1835_0_1/master"
        }
      }
    }, {
      "inputUserId" : "QSA",
      "lastUpdateUserId" : "QSA",
      "computerId" : "GLSVR171217",
      "lastSynchronizedDate" : null,
      "addressNumber" : "1836",
      "sequence" : 1,
      "countryCode" : "+62",
      "areaCode" : "",
      "phoneNumber" : "0353-881393",
      "phoneType" : "KANTOR",
      "description" : "Kantor",
      "lastUpdateDateTime" : "2017-12-17T00:00:00",
      "inputDateTime" : "2017-12-17T00:00:00",
      "_links" : {
        "self" : {
          "href" : "http://localhost/api/phoneNumbers/1836_0_1"
        },
        "phoneNumber" : {
          "href" : "http://localhost/api/phoneNumbers/1836_0_1"
        },
        "master" : {
          "href" : "http://localhost/api/phoneNumbers/1836_0_1/master"
        }
      }
    }, {
      "inputUserId" : "QSA",
      "lastUpdateUserId" : "QSA",
      "computerId" : "GLSVR171217",
      "lastSynchronizedDate" : null,
      "addressNumber" : "1839",
      "sequence" : 1,
      "countryCode" : "+62",
      "areaCode" : "",
      "phoneNumber" : "085104000328",
      "phoneType" : "KANTOR",
      "description" : "Kantor",
      "lastUpdateDateTime" : "2017-12-17T00:00:00",
      "inputDateTime" : "2017-12-17T00:00:00",
      "_links" : {
        "self" : {
          "href" : "http://localhost/api/phoneNumbers/1839_0_1"
        },
        "phoneNumber" : {
          "href" : "http://localhost/api/phoneNumbers/1839_0_1"
        },
        "master" : {
          "href" : "http://localhost/api/phoneNumbers/1839_0_1/master"
        }
      }
    }, {
      "inputUserId" : "QSA",
      "lastUpdateUserId" : "QSA",
      "computerId" : "GLSVR171217",
      "lastSynchronizedDate" : null,
      "addressNumber" : "1841",
      "sequence" : 1,
      "countryCode" : "+62",
      "areaCode" : "",
      "phoneNumber" : "082245589500",
      "phoneType" : "KANTOR",
      "description" : "Kantor",
      "lastUpdateDateTime" : "2017-12-17T00:00:00",
      "inputDateTime" : "2017-12-17T00:00:00",
      "_links" : {
        "self" : {
          "href" : "http://localhost/api/phoneNumbers/1841_0_1"
        },
        "phoneNumber" : {
          "href" : "http://localhost/api/phoneNumbers/1841_0_1"
        },
        "master" : {
          "href" : "http://localhost/api/phoneNumbers/1841_0_1/master"
        }
      }
    }, {
      "inputUserId" : "QSA",
      "lastUpdateUserId" : "QSA",
      "computerId" : "GLSVR171217",
      "lastSynchronizedDate" : null,
      "addressNumber" : "1842",
      "sequence" : 1,
      "countryCode" : "+62",
      "areaCode" : "",
      "phoneNumber" : "0857-8437-3363",
      "phoneType" : "KANTOR",
      "description" : "Kantor",
      "lastUpdateDateTime" : "2017-12-17T00:00:00",
      "inputDateTime" : "2017-12-17T00:00:00",
      "_links" : {
        "self" : {
          "href" : "http://localhost/api/phoneNumbers/1842_0_1"
        },
        "phoneNumber" : {
          "href" : "http://localhost/api/phoneNumbers/1842_0_1"
        },
        "master" : {
          "href" : "http://localhost/api/phoneNumbers/1842_0_1/master"
        }
      }
    }, {
      "inputUserId" : "QSA",
      "lastUpdateUserId" : "QSA",
      "computerId" : "GLSVR171217",
      "lastSynchronizedDate" : null,
      "addressNumber" : "1844",
      "sequence" : 1,
      "countryCode" : "+62",
      "areaCode" : "",
      "phoneNumber" : "082132588138",
      "phoneType" : "KANTOR",
      "description" : "Kantor",
      "lastUpdateDateTime" : "2017-12-17T00:00:00",
      "inputDateTime" : "2017-12-17T00:00:00",
      "_links" : {
        "self" : {
          "href" : "http://localhost/api/phoneNumbers/1844_0_1"
        },
        "phoneNumber" : {
          "href" : "http://localhost/api/phoneNumbers/1844_0_1"
        },
        "master" : {
          "href" : "http://localhost/api/phoneNumbers/1844_0_1/master"
        }
      }
    }, {
      "inputUserId" : "QSA",
      "lastUpdateUserId" : "QSA",
      "computerId" : "GLSVR171217",
      "lastSynchronizedDate" : null,
      "addressNumber" : "1845",
      "sequence" : 1,
      "countryCode" : "+62",
      "areaCode" : "",
      "phoneNumber" : "0811375098",
      "phoneType" : "KANTOR",
      "description" : "Kantor",
      "lastUpdateDateTime" : "2017-12-17T00:00:00",
      "inputDateTime" : "2017-12-17T00:00:00",
      "_links" : {
        "self" : {
          "href" : "http://localhost/api/phoneNumbers/1845_0_1"
        },
        "phoneNumber" : {
          "href" : "http://localhost/api/phoneNumbers/1845_0_1"
        },
        "master" : {
          "href" : "http://localhost/api/phoneNumbers/1845_0_1/master"
        }
      }
    }, {
      "inputUserId" : "QSA",
      "lastUpdateUserId" : "QSA",
      "computerId" : "GLSVR171217",
      "lastSynchronizedDate" : null,
      "addressNumber" : "1852",
      "sequence" : 1,
      "countryCode" : "+62",
      "areaCode" : "",
      "phoneNumber" : "085646038842",
      "phoneType" : "KANTOR",
      "description" : "Kantor",
      "lastUpdateDateTime" : "2017-12-17T00:00:00",
      "inputDateTime" : "2017-12-17T00:00:00",
      "_links" : {
        "self" : {
          "href" : "http://localhost/api/phoneNumbers/1852_0_1"
        },
        "phoneNumber" : {
          "href" : "http://localhost/api/phoneNumbers/1852_0_1"
        },
        "master" : {
          "href" : "http://localhost/api/phoneNumbers/1852_0_1/master"
        }
      }
    }, {
      "inputUserId" : "QSA",
      "lastUpdateUserId" : "QSA",
      "computerId" : "GLSVR171217",
      "lastSynchronizedDate" : null,
      "addressNumber" : "1853",
      "sequence" : 1,
      "countryCode" : "+62",
      "areaCode" : "",
      "phoneNumber" : "0331-423264",
      "phoneType" : "KANTOR",
      "description" : "Kantor",
      "lastUpdateDateTime" : "2017-12-17T00:00:00",
      "inputDateTime" : "2017-12-17T00:00:00",
      "_links" : {
        "self" : {
          "href" : "http://localhost/api/phoneNumbers/1853_0_1"
        },
        "phoneNumber" : {
          "href" : "http://localhost/api/phoneNumbers/1853_0_1"
        },
        "master" : {
          "href" : "http://localhost/api/phoneNumbers/1853_0_1/master"
        }
      }
    }, {
      "inputUserId" : "QSA",
      "lastUpdateUserId" : "QSA",
      "computerId" : "GLSVR171217",
      "lastSynchronizedDate" : null,
      "addressNumber" : "1853",
      "sequence" : 2,
      "countryCode" : "+62",
      "areaCode" : "",
      "phoneNumber" : "082164252442",
      "phoneType" : "KANTOR",
      "description" : "Kantor",
      "lastUpdateDateTime" : "2017-12-17T00:00:00",
      "inputDateTime" : "2017-12-17T00:00:00",
      "_links" : {
        "self" : {
          "href" : "http://localhost/api/phoneNumbers/1853_0_2"
        },
        "phoneNumber" : {
          "href" : "http://localhost/api/phoneNumbers/1853_0_2"
        },
        "master" : {
          "href" : "http://localhost/api/phoneNumbers/1853_0_2/master"
        }
      }
    }, {
      "inputUserId" : "QSA",
      "lastUpdateUserId" : "QSA",
      "computerId" : "GLSVR171217",
      "lastSynchronizedDate" : null,
      "addressNumber" : "1859",
      "sequence" : 1,
      "countryCode" : "+62",
      "areaCode" : "",
      "phoneNumber" : "031-5353690",
      "phoneType" : "KANTOR",
      "description" : "Kantor",
      "lastUpdateDateTime" : "2017-12-17T00:00:00",
      "inputDateTime" : "2017-12-17T00:00:00",
      "_links" : {
        "self" : {
          "href" : "http://localhost/api/phoneNumbers/1859_0_1"
        },
        "phoneNumber" : {
          "href" : "http://localhost/api/phoneNumbers/1859_0_1"
        },
        "master" : {
          "href" : "http://localhost/api/phoneNumbers/1859_0_1/master"
        }
      }
    }, {
      "inputUserId" : "QSA",
      "lastUpdateUserId" : "QSA",
      "computerId" : "GLSVR171217",
      "lastSynchronizedDate" : null,
      "addressNumber" : "1860",
      "sequence" : 1,
      "countryCode" : "+62",
      "areaCode" : "",
      "phoneNumber" : "031-5034216",
      "phoneType" : "KANTOR",
      "description" : "Kantor",
      "lastUpdateDateTime" : "2017-12-17T00:00:00",
      "inputDateTime" : "2017-12-17T00:00:00",
      "_links" : {
        "self" : {
          "href" : "http://localhost/api/phoneNumbers/1860_0_1"
        },
        "phoneNumber" : {
          "href" : "http://localhost/api/phoneNumbers/1860_0_1"
        },
        "master" : {
          "href" : "http://localhost/api/phoneNumbers/1860_0_1/master"
        }
      }
    }, {
      "inputUserId" : "QSA",
      "lastUpdateUserId" : "QSA",
      "computerId" : "GLSVR171217",
      "lastSynchronizedDate" : null,
      "addressNumber" : "1861",
      "sequence" : 1,
      "countryCode" : "+62",
      "areaCode" : "",
      "phoneNumber" : "081553140763",
      "phoneType" : "KANTOR",
      "description" : "Kantor",
      "lastUpdateDateTime" : "2017-12-17T00:00:00",
      "inputDateTime" : "2017-12-17T00:00:00",
      "_links" : {
        "self" : {
          "href" : "http://localhost/api/phoneNumbers/1861_0_1"
        },
        "phoneNumber" : {
          "href" : "http://localhost/api/phoneNumbers/1861_0_1"
        },
        "master" : {
          "href" : "http://localhost/api/phoneNumbers/1861_0_1/master"
        }
      }
    }, {
      "inputUserId" : "QSA",
      "lastUpdateUserId" : "QSA",
      "computerId" : "GLSVR171217",
      "lastSynchronizedDate" : null,
      "addressNumber" : "1863",
      "sequence" : 1,
      "countryCode" : "+62",
      "areaCode" : "",
      "phoneNumber" : "031-3553281",
      "phoneType" : "KANTOR",
      "description" : "Kantor",
      "lastUpdateDateTime" : "2017-12-17T00:00:00",
      "inputDateTime" : "2017-12-17T00:00:00",
      "_links" : {
        "self" : {
          "href" : "http://localhost/api/phoneNumbers/1863_0_1"
        },
        "phoneNumber" : {
          "href" : "http://localhost/api/phoneNumbers/1863_0_1"
        },
        "master" : {
          "href" : "http://localhost/api/phoneNumbers/1863_0_1/master"
        }
      }
    }, {
      "inputUserId" : "QSA",
      "lastUpdateUserId" : "QSA",
      "computerId" : "GLSVR171217",
      "lastSynchronizedDate" : null,
      "addressNumber" : "1865",
      "sequence" : 1,
      "countryCode" : "+62",
      "areaCode" : "",
      "phoneNumber" : "031-5341742",
      "phoneType" : "KANTOR",
      "description" : "Kantor",
      "lastUpdateDateTime" : "2017-12-17T00:00:00",
      "inputDateTime" : "2017-12-17T00:00:00",
      "_links" : {
        "self" : {
          "href" : "http://localhost/api/phoneNumbers/1865_0_1"
        },
        "phoneNumber" : {
          "href" : "http://localhost/api/phoneNumbers/1865_0_1"
        },
        "master" : {
          "href" : "http://localhost/api/phoneNumbers/1865_0_1/master"
        }
      }
    }, {
      "inputUserId" : "QSA",
      "lastUpdateUserId" : "QSA",
      "computerId" : "GLSVR171217",
      "lastSynchronizedDate" : null,
      "addressNumber" : "1870",
      "sequence" : 1,
      "countryCode" : "+62",
      "areaCode" : "",
      "phoneNumber" : "087859622338",
      "phoneType" : "KANTOR",
      "description" : "Kantor",
      "lastUpdateDateTime" : "2017-12-17T00:00:00",
      "inputDateTime" : "2017-12-17T00:00:00",
      "_links" : {
        "self" : {
          "href" : "http://localhost/api/phoneNumbers/1870_0_1"
        },
        "phoneNumber" : {
          "href" : "http://localhost/api/phoneNumbers/1870_0_1"
        },
        "master" : {
          "href" : "http://localhost/api/phoneNumbers/1870_0_1/master"
        }
      }
    }, {
      "inputUserId" : "QSA",
      "lastUpdateUserId" : "QSA",
      "computerId" : "GLSVR171217",
      "lastSynchronizedDate" : null,
      "addressNumber" : "1881",
      "sequence" : 1,
      "countryCode" : "+62",
      "areaCode" : "",
      "phoneNumber" : "031-5348975",
      "phoneType" : "KANTOR",
      "description" : "Kantor",
      "lastUpdateDateTime" : "2017-12-17T00:00:00",
      "inputDateTime" : "2017-12-17T00:00:00",
      "_links" : {
        "self" : {
          "href" : "http://localhost/api/phoneNumbers/1881_0_1"
        },
        "phoneNumber" : {
          "href" : "http://localhost/api/phoneNumbers/1881_0_1"
        },
        "master" : {
          "href" : "http://localhost/api/phoneNumbers/1881_0_1/master"
        }
      }
    }, {
      "inputUserId" : "QSA",
      "lastUpdateUserId" : "QSA",
      "computerId" : "GLSVR171217",
      "lastSynchronizedDate" : null,
      "addressNumber" : "1882",
      "sequence" : 1,
      "countryCode" : "+62",
      "areaCode" : "",
      "phoneNumber" : "031-5474489",
      "phoneType" : "KANTOR",
      "description" : "Kantor",
      "lastUpdateDateTime" : "2017-12-17T00:00:00",
      "inputDateTime" : "2017-12-17T00:00:00",
      "_links" : {
        "self" : {
          "href" : "http://localhost/api/phoneNumbers/1882_0_1"
        },
        "phoneNumber" : {
          "href" : "http://localhost/api/phoneNumbers/1882_0_1"
        },
        "master" : {
          "href" : "http://localhost/api/phoneNumbers/1882_0_1/master"
        }
      }
    }, {
      "inputUserId" : "QSA",
      "lastUpdateUserId" : "QSA",
      "computerId" : "GLSVR171217",
      "lastSynchronizedDate" : null,
      "addressNumber" : "1883",
      "sequence" : 1,
      "countryCode" : "+62",
      "areaCode" : "",
      "phoneNumber" : "089677884190",
      "phoneType" : "KANTOR",
      "description" : "Kantor",
      "lastUpdateDateTime" : "2017-12-17T00:00:00",
      "inputDateTime" : "2017-12-17T00:00:00",
      "_links" : {
        "self" : {
          "href" : "http://localhost/api/phoneNumbers/1883_0_1"
        },
        "phoneNumber" : {
          "href" : "http://localhost/api/phoneNumbers/1883_0_1"
        },
        "master" : {
          "href" : "http://localhost/api/phoneNumbers/1883_0_1/master"
        }
      }
    }, {
      "inputUserId" : "QSA",
      "lastUpdateUserId" : "QSA",
      "computerId" : "GLSVR171217",
      "lastSynchronizedDate" : null,
      "addressNumber" : "1884",
      "sequence" : 1,
      "countryCode" : "+62",
      "areaCode" : "",
      "phoneNumber" : "082233599955",
      "phoneType" : "KANTOR",
      "description" : "Kantor",
      "lastUpdateDateTime" : "2017-12-17T00:00:00",
      "inputDateTime" : "2017-12-17T00:00:00",
      "_links" : {
        "self" : {
          "href" : "http://localhost/api/phoneNumbers/1884_0_1"
        },
        "phoneNumber" : {
          "href" : "http://localhost/api/phoneNumbers/1884_0_1"
        },
        "master" : {
          "href" : "http://localhost/api/phoneNumbers/1884_0_1/master"
        }
      }
    }, {
      "inputUserId" : "QSA",
      "lastUpdateUserId" : "QSA",
      "computerId" : "GLSVR171217",
      "lastSynchronizedDate" : null,
      "addressNumber" : "1886",
      "sequence" : 1,
      "countryCode" : "+62",
      "areaCode" : "",
      "phoneNumber" : "0343-424067",
      "phoneType" : "KANTOR",
      "description" : "Kantor",
      "lastUpdateDateTime" : "2017-12-17T00:00:00",
      "inputDateTime" : "2017-12-17T00:00:00",
      "_links" : {
        "self" : {
          "href" : "http://localhost/api/phoneNumbers/1886_0_1"
        },
        "phoneNumber" : {
          "href" : "http://localhost/api/phoneNumbers/1886_0_1"
        },
        "master" : {
          "href" : "http://localhost/api/phoneNumbers/1886_0_1/master"
        }
      }
    }, {
      "inputUserId" : "QSA",
      "lastUpdateUserId" : "QSA",
      "computerId" : "GLSVR171217",
      "lastSynchronizedDate" : null,
      "addressNumber" : "1887",
      "sequence" : 1,
      "countryCode" : "+62",
      "areaCode" : "",
      "phoneNumber" : "08155270066",
      "phoneType" : "KANTOR",
      "description" : "Kantor",
      "lastUpdateDateTime" : "2017-12-17T00:00:00",
      "inputDateTime" : "2017-12-17T00:00:00",
      "_links" : {
        "self" : {
          "href" : "http://localhost/api/phoneNumbers/1887_0_1"
        },
        "phoneNumber" : {
          "href" : "http://localhost/api/phoneNumbers/1887_0_1"
        },
        "master" : {
          "href" : "http://localhost/api/phoneNumbers/1887_0_1/master"
        }
      }
    }, {
      "inputUserId" : "QSA",
      "lastUpdateUserId" : "QSA",
      "computerId" : "GLSVR171217",
      "lastSynchronizedDate" : null,
      "addressNumber" : "1888",
      "sequence" : 1,
      "countryCode" : "+62",
      "areaCode" : "",
      "phoneNumber" : "087853310009",
      "phoneType" : "KANTOR",
      "description" : "Kantor",
      "lastUpdateDateTime" : "2017-12-17T00:00:00",
      "inputDateTime" : "2017-12-17T00:00:00",
      "_links" : {
        "self" : {
          "href" : "http://localhost/api/phoneNumbers/1888_0_1"
        },
        "phoneNumber" : {
          "href" : "http://localhost/api/phoneNumbers/1888_0_1"
        },
        "master" : {
          "href" : "http://localhost/api/phoneNumbers/1888_0_1/master"
        }
      }
    }, {
      "inputUserId" : "QSA",
      "lastUpdateUserId" : "QSA",
      "computerId" : "GLSVR171217",
      "lastSynchronizedDate" : null,
      "addressNumber" : "1892",
      "sequence" : 1,
      "countryCode" : "+62",
      "areaCode" : "",
      "phoneNumber" : "082131046808",
      "phoneType" : "KANTOR",
      "description" : "Kantor",
      "lastUpdateDateTime" : "2017-12-17T00:00:00",
      "inputDateTime" : "2017-12-17T00:00:00",
      "_links" : {
        "self" : {
          "href" : "http://localhost/api/phoneNumbers/1892_0_1"
        },
        "phoneNumber" : {
          "href" : "http://localhost/api/phoneNumbers/1892_0_1"
        },
        "master" : {
          "href" : "http://localhost/api/phoneNumbers/1892_0_1/master"
        }
      }
    }, {
      "inputUserId" : "QSA",
      "lastUpdateUserId" : "QSA",
      "computerId" : "GLSVR171217",
      "lastSynchronizedDate" : null,
      "addressNumber" : "1896",
      "sequence" : 1,
      "countryCode" : "+62",
      "areaCode" : "",
      "phoneNumber" : "031-5459425",
      "phoneType" : "KANTOR",
      "description" : "Kantor",
      "lastUpdateDateTime" : "2017-12-17T00:00:00",
      "inputDateTime" : "2017-12-17T00:00:00",
      "_links" : {
        "self" : {
          "href" : "http://localhost/api/phoneNumbers/1896_0_1"
        },
        "phoneNumber" : {
          "href" : "http://localhost/api/phoneNumbers/1896_0_1"
        },
        "master" : {
          "href" : "http://localhost/api/phoneNumbers/1896_0_1/master"
        }
      }
    }, {
      "inputUserId" : "QSA",
      "lastUpdateUserId" : "QSA",
      "computerId" : "GLSVR171217",
      "lastSynchronizedDate" : null,
      "addressNumber" : "1898",
      "sequence" : 1,
      "countryCode" : "+62",
      "areaCode" : "",
      "phoneNumber" : "087852400257",
      "phoneType" : "KANTOR",
      "description" : "Kantor",
      "lastUpdateDateTime" : "2017-12-17T00:00:00",
      "inputDateTime" : "2017-12-17T00:00:00",
      "_links" : {
        "self" : {
          "href" : "http://localhost/api/phoneNumbers/1898_0_1"
        },
        "phoneNumber" : {
          "href" : "http://localhost/api/phoneNumbers/1898_0_1"
        },
        "master" : {
          "href" : "http://localhost/api/phoneNumbers/1898_0_1/master"
        }
      }
    }, {
      "inputUserId" : "QSA",
      "lastUpdateUserId" : "QSA",
      "computerId" : "GLSVR171217",
      "lastSynchronizedDate" : null,
      "addressNumber" : "1901",
      "sequence" : 1,
      "countryCode" : "+62",
      "areaCode" : "",
      "phoneNumber" : "082132986201",
      "phoneType" : "KANTOR",
      "description" : "Kantor",
      "lastUpdateDateTime" : "2017-12-17T00:00:00",
      "inputDateTime" : "2017-12-17T00:00:00",
      "_links" : {
        "self" : {
          "href" : "http://localhost/api/phoneNumbers/1901_0_1"
        },
        "phoneNumber" : {
          "href" : "http://localhost/api/phoneNumbers/1901_0_1"
        },
        "master" : {
          "href" : "http://localhost/api/phoneNumbers/1901_0_1/master"
        }
      }
    }, {
      "inputUserId" : "QSA",
      "lastUpdateUserId" : "QSA",
      "computerId" : "GLSVR171217",
      "lastSynchronizedDate" : null,
      "addressNumber" : "1907",
      "sequence" : 1,
      "countryCode" : "+62",
      "areaCode" : "",
      "phoneNumber" : "031-3557986",
      "phoneType" : "KANTOR",
      "description" : "Kantor",
      "lastUpdateDateTime" : "2017-12-17T00:00:00",
      "inputDateTime" : "2017-12-17T00:00:00",
      "_links" : {
        "self" : {
          "href" : "http://localhost/api/phoneNumbers/1907_0_1"
        },
        "phoneNumber" : {
          "href" : "http://localhost/api/phoneNumbers/1907_0_1"
        },
        "master" : {
          "href" : "http://localhost/api/phoneNumbers/1907_0_1/master"
        }
      }
    }, {
      "inputUserId" : "QSA",
      "lastUpdateUserId" : "QSA",
      "computerId" : "GLSVR171217",
      "lastSynchronizedDate" : null,
      "addressNumber" : "1908",
      "sequence" : 1,
      "countryCode" : "+62",
      "areaCode" : "",
      "phoneNumber" : "031-3557730",
      "phoneType" : "KANTOR",
      "description" : "Kantor",
      "lastUpdateDateTime" : "2017-12-17T00:00:00",
      "inputDateTime" : "2017-12-17T00:00:00",
      "_links" : {
        "self" : {
          "href" : "http://localhost/api/phoneNumbers/1908_0_1"
        },
        "phoneNumber" : {
          "href" : "http://localhost/api/phoneNumbers/1908_0_1"
        },
        "master" : {
          "href" : "http://localhost/api/phoneNumbers/1908_0_1/master"
        }
      }
    }, {
      "inputUserId" : "QSA",
      "lastUpdateUserId" : "QSA",
      "computerId" : "GLSVR171217",
      "lastSynchronizedDate" : null,
      "addressNumber" : "1910",
      "sequence" : 1,
      "countryCode" : "+62",
      "areaCode" : "",
      "phoneNumber" : "081252583333",
      "phoneType" : "KANTOR",
      "description" : "Kantor",
      "lastUpdateDateTime" : "2017-12-17T00:00:00",
      "inputDateTime" : "2017-12-17T00:00:00",
      "_links" : {
        "self" : {
          "href" : "http://localhost/api/phoneNumbers/1910_0_1"
        },
        "phoneNumber" : {
          "href" : "http://localhost/api/phoneNumbers/1910_0_1"
        },
        "master" : {
          "href" : "http://localhost/api/phoneNumbers/1910_0_1/master"
        }
      }
    }, {
      "inputUserId" : "QSA",
      "lastUpdateUserId" : "QSA",
      "computerId" : "GLSVR171217",
      "lastSynchronizedDate" : null,
      "addressNumber" : "1911",
      "sequence" : 1,
      "countryCode" : "+62",
      "areaCode" : "",
      "phoneNumber" : "031-3538338",
      "phoneType" : "KANTOR",
      "description" : "Kantor",
      "lastUpdateDateTime" : "2017-12-17T00:00:00",
      "inputDateTime" : "2017-12-17T00:00:00",
      "_links" : {
        "self" : {
          "href" : "http://localhost/api/phoneNumbers/1911_0_1"
        },
        "phoneNumber" : {
          "href" : "http://localhost/api/phoneNumbers/1911_0_1"
        },
        "master" : {
          "href" : "http://localhost/api/phoneNumbers/1911_0_1/master"
        }
      }
    }, {
      "inputUserId" : "QSA",
      "lastUpdateUserId" : "QSA",
      "computerId" : "GLSVR171217",
      "lastSynchronizedDate" : null,
      "addressNumber" : "1912",
      "sequence" : 1,
      "countryCode" : "+62",
      "areaCode" : "",
      "phoneNumber" : "082233420268",
      "phoneType" : "KANTOR",
      "description" : "Kantor",
      "lastUpdateDateTime" : "2017-12-17T00:00:00",
      "inputDateTime" : "2017-12-17T00:00:00",
      "_links" : {
        "self" : {
          "href" : "http://localhost/api/phoneNumbers/1912_0_1"
        },
        "phoneNumber" : {
          "href" : "http://localhost/api/phoneNumbers/1912_0_1"
        },
        "master" : {
          "href" : "http://localhost/api/phoneNumbers/1912_0_1/master"
        }
      }
    }, {
      "inputUserId" : "QSA",
      "lastUpdateUserId" : "QSA",
      "computerId" : "GLSVR171217",
      "lastSynchronizedDate" : null,
      "addressNumber" : "1914",
      "sequence" : 1,
      "countryCode" : "+62",
      "areaCode" : "",
      "phoneNumber" : "0341-5022263",
      "phoneType" : "KANTOR",
      "description" : "Kantor",
      "lastUpdateDateTime" : "2017-12-17T00:00:00",
      "inputDateTime" : "2017-12-17T00:00:00",
      "_links" : {
        "self" : {
          "href" : "http://localhost/api/phoneNumbers/1914_0_1"
        },
        "phoneNumber" : {
          "href" : "http://localhost/api/phoneNumbers/1914_0_1"
        },
        "master" : {
          "href" : "http://localhost/api/phoneNumbers/1914_0_1/master"
        }
      }
    }, {
      "inputUserId" : "QSA",
      "lastUpdateUserId" : "QSA",
      "computerId" : "GLSVR171217",
      "lastSynchronizedDate" : null,
      "addressNumber" : "1915",
      "sequence" : 1,
      "countryCode" : "+62",
      "areaCode" : "",
      "phoneNumber" : "021-30005446",
      "phoneType" : "KANTOR",
      "description" : "Kantor",
      "lastUpdateDateTime" : "2017-12-17T00:00:00",
      "inputDateTime" : "2017-12-17T00:00:00",
      "_links" : {
        "self" : {
          "href" : "http://localhost/api/phoneNumbers/1915_0_1"
        },
        "phoneNumber" : {
          "href" : "http://localhost/api/phoneNumbers/1915_0_1"
        },
        "master" : {
          "href" : "http://localhost/api/phoneNumbers/1915_0_1/master"
        }
      }
    }, {
      "inputUserId" : "QSA",
      "lastUpdateUserId" : "QSA",
      "computerId" : "GLSVR171217",
      "lastSynchronizedDate" : null,
      "addressNumber" : "1915",
      "sequence" : 2,
      "countryCode" : "+62",
      "areaCode" : "",
      "phoneNumber" : "08158870816",
      "phoneType" : "KANTOR",
      "description" : "Kantor",
      "lastUpdateDateTime" : "2017-12-17T00:00:00",
      "inputDateTime" : "2017-12-17T00:00:00",
      "_links" : {
        "self" : {
          "href" : "http://localhost/api/phoneNumbers/1915_0_2"
        },
        "phoneNumber" : {
          "href" : "http://localhost/api/phoneNumbers/1915_0_2"
        },
        "master" : {
          "href" : "http://localhost/api/phoneNumbers/1915_0_2/master"
        }
      }
    }, {
      "inputUserId" : "QSA",
      "lastUpdateUserId" : "QSA",
      "computerId" : "GLSVR171217",
      "lastSynchronizedDate" : null,
      "addressNumber" : "1916",
      "sequence" : 1,
      "countryCode" : "+62",
      "areaCode" : "",
      "phoneNumber" : "08175255956",
      "phoneType" : "KANTOR",
      "description" : "Kantor",
      "lastUpdateDateTime" : "2017-12-17T00:00:00",
      "inputDateTime" : "2017-12-17T00:00:00",
      "_links" : {
        "self" : {
          "href" : "http://localhost/api/phoneNumbers/1916_0_1"
        },
        "phoneNumber" : {
          "href" : "http://localhost/api/phoneNumbers/1916_0_1"
        },
        "master" : {
          "href" : "http://localhost/api/phoneNumbers/1916_0_1/master"
        }
      }
    }, {
      "inputUserId" : "QSA",
      "lastUpdateUserId" : "QSA",
      "computerId" : "GLSVR171217",
      "lastSynchronizedDate" : null,
      "addressNumber" : "1917",
      "sequence" : 1,
      "countryCode" : "+62",
      "areaCode" : "",
      "phoneNumber" : "081233415412",
      "phoneType" : "KANTOR",
      "description" : "Kantor",
      "lastUpdateDateTime" : "2017-12-17T00:00:00",
      "inputDateTime" : "2017-12-17T00:00:00",
      "_links" : {
        "self" : {
          "href" : "http://localhost/api/phoneNumbers/1917_0_1"
        },
        "phoneNumber" : {
          "href" : "http://localhost/api/phoneNumbers/1917_0_1"
        },
        "master" : {
          "href" : "http://localhost/api/phoneNumbers/1917_0_1/master"
        }
      }
    }, {
      "inputUserId" : "QSA",
      "lastUpdateUserId" : "QSA",
      "computerId" : "GLSVR171217",
      "lastSynchronizedDate" : null,
      "addressNumber" : "1918",
      "sequence" : 1,
      "countryCode" : "+62",
      "areaCode" : "",
      "phoneNumber" : "081357151465",
      "phoneType" : "KANTOR",
      "description" : "Kantor",
      "lastUpdateDateTime" : "2017-12-17T00:00:00",
      "inputDateTime" : "2017-12-17T00:00:00",
      "_links" : {
        "self" : {
          "href" : "http://localhost/api/phoneNumbers/1918_0_1"
        },
        "phoneNumber" : {
          "href" : "http://localhost/api/phoneNumbers/1918_0_1"
        },
        "master" : {
          "href" : "http://localhost/api/phoneNumbers/1918_0_1/master"
        }
      }
    }, {
      "inputUserId" : "QSA",
      "lastUpdateUserId" : "QSA",
      "computerId" : "GLSVR171217",
      "lastSynchronizedDate" : null,
      "addressNumber" : "1919",
      "sequence" : 2,
      "countryCode" : "+62",
      "areaCode" : "",
      "phoneNumber" : "085104774880",
      "phoneType" : "KANTOR",
      "description" : "Kantor",
      "lastUpdateDateTime" : "2017-12-17T00:00:00",
      "inputDateTime" : "2017-12-17T00:00:00",
      "_links" : {
        "self" : {
          "href" : "http://localhost/api/phoneNumbers/1919_0_2"
        },
        "phoneNumber" : {
          "href" : "http://localhost/api/phoneNumbers/1919_0_2"
        },
        "master" : {
          "href" : "http://localhost/api/phoneNumbers/1919_0_2/master"
        }
      }
    }, {
      "inputUserId" : "QSA",
      "lastUpdateUserId" : "QSA",
      "computerId" : "GLSVR171217",
      "lastSynchronizedDate" : null,
      "addressNumber" : "1922",
      "sequence" : 1,
      "countryCode" : "+62",
      "areaCode" : "",
      "phoneNumber" : "081333080481",
      "phoneType" : "KANTOR",
      "description" : "Kantor",
      "lastUpdateDateTime" : "2017-12-17T00:00:00",
      "inputDateTime" : "2017-12-17T00:00:00",
      "_links" : {
        "self" : {
          "href" : "http://localhost/api/phoneNumbers/1922_0_1"
        },
        "phoneNumber" : {
          "href" : "http://localhost/api/phoneNumbers/1922_0_1"
        },
        "master" : {
          "href" : "http://localhost/api/phoneNumbers/1922_0_1/master"
        }
      }
    }, {
      "inputUserId" : "QSA",
      "lastUpdateUserId" : "QSA",
      "computerId" : "GLSVR171217",
      "lastSynchronizedDate" : null,
      "addressNumber" : "1924",
      "sequence" : 1,
      "countryCode" : "+62",
      "areaCode" : "",
      "phoneNumber" : "085231676866",
      "phoneType" : "KANTOR",
      "description" : "Kantor",
      "lastUpdateDateTime" : "2017-12-17T00:00:00",
      "inputDateTime" : "2017-12-17T00:00:00",
      "_links" : {
        "self" : {
          "href" : "http://localhost/api/phoneNumbers/1924_0_1"
        },
        "phoneNumber" : {
          "href" : "http://localhost/api/phoneNumbers/1924_0_1"
        },
        "master" : {
          "href" : "http://localhost/api/phoneNumbers/1924_0_1/master"
        }
      }
    }, {
      "inputUserId" : "QSA",
      "lastUpdateUserId" : "QSA",
      "computerId" : "GLSVR171217",
      "lastSynchronizedDate" : null,
      "addressNumber" : "1927",
      "sequence" : 1,
      "countryCode" : "+62",
      "areaCode" : "",
      "phoneNumber" : "0811308820",
      "phoneType" : "KANTOR",
      "description" : "Kantor",
      "lastUpdateDateTime" : "2017-12-17T00:00:00",
      "inputDateTime" : "2017-12-17T00:00:00",
      "_links" : {
        "self" : {
          "href" : "http://localhost/api/phoneNumbers/1927_0_1"
        },
        "phoneNumber" : {
          "href" : "http://localhost/api/phoneNumbers/1927_0_1"
        },
        "master" : {
          "href" : "http://localhost/api/phoneNumbers/1927_0_1/master"
        }
      }
    }, {
      "inputUserId" : "QSA",
      "lastUpdateUserId" : "QSA",
      "computerId" : "GLSVR171217",
      "lastSynchronizedDate" : null,
      "addressNumber" : "1928",
      "sequence" : 1,
      "countryCode" : "+62",
      "areaCode" : "",
      "phoneNumber" : "081333983399",
      "phoneType" : "KANTOR",
      "description" : "Kantor",
      "lastUpdateDateTime" : "2017-12-17T00:00:00",
      "inputDateTime" : "2017-12-17T00:00:00",
      "_links" : {
        "self" : {
          "href" : "http://localhost/api/phoneNumbers/1928_0_1"
        },
        "phoneNumber" : {
          "href" : "http://localhost/api/phoneNumbers/1928_0_1"
        },
        "master" : {
          "href" : "http://localhost/api/phoneNumbers/1928_0_1/master"
        }
      }
    }, {
      "inputUserId" : "QSA",
      "lastUpdateUserId" : "QSA",
      "computerId" : "GLSVR171217",
      "lastSynchronizedDate" : null,
      "addressNumber" : "1932",
      "sequence" : 1,
      "countryCode" : "+62",
      "areaCode" : "",
      "phoneNumber" : "0812350448",
      "phoneType" : "KANTOR",
      "description" : "Kantor",
      "lastUpdateDateTime" : "2017-12-17T00:00:00",
      "inputDateTime" : "2017-12-17T00:00:00",
      "_links" : {
        "self" : {
          "href" : "http://localhost/api/phoneNumbers/1932_0_1"
        },
        "phoneNumber" : {
          "href" : "http://localhost/api/phoneNumbers/1932_0_1"
        },
        "master" : {
          "href" : "http://localhost/api/phoneNumbers/1932_0_1/master"
        }
      }
    }, {
      "inputUserId" : "QSA",
      "lastUpdateUserId" : "QSA",
      "computerId" : "GLSVR171217",
      "lastSynchronizedDate" : null,
      "addressNumber" : "1935",
      "sequence" : 1,
      "countryCode" : "+62",
      "areaCode" : "",
      "phoneNumber" : "082242115460",
      "phoneType" : "KANTOR",
      "description" : "Kantor",
      "lastUpdateDateTime" : "2017-12-17T00:00:00",
      "inputDateTime" : "2017-12-17T00:00:00",
      "_links" : {
        "self" : {
          "href" : "http://localhost/api/phoneNumbers/1935_0_1"
        },
        "phoneNumber" : {
          "href" : "http://localhost/api/phoneNumbers/1935_0_1"
        },
        "master" : {
          "href" : "http://localhost/api/phoneNumbers/1935_0_1/master"
        }
      }
    }, {
      "inputUserId" : "QSA",
      "lastUpdateUserId" : "QSA",
      "computerId" : "GLSVR171217",
      "lastSynchronizedDate" : null,
      "addressNumber" : "1936",
      "sequence" : 1,
      "countryCode" : "+62",
      "areaCode" : "",
      "phoneNumber" : "08175002800",
      "phoneType" : "KANTOR",
      "description" : "Kantor",
      "lastUpdateDateTime" : "2017-12-17T00:00:00",
      "inputDateTime" : "2017-12-17T00:00:00",
      "_links" : {
        "self" : {
          "href" : "http://localhost/api/phoneNumbers/1936_0_1"
        },
        "phoneNumber" : {
          "href" : "http://localhost/api/phoneNumbers/1936_0_1"
        },
        "master" : {
          "href" : "http://localhost/api/phoneNumbers/1936_0_1/master"
        }
      }
    }, {
      "inputUserId" : "QSA",
      "lastUpdateUserId" : "QSA",
      "computerId" : "GLSVR171217",
      "lastSynchronizedDate" : null,
      "addressNumber" : "1941",
      "sequence" : 1,
      "countryCode" : "+62",
      "areaCode" : "",
      "phoneNumber" : "083831733477",
      "phoneType" : "KANTOR",
      "description" : "Kantor",
      "lastUpdateDateTime" : "2017-12-17T00:00:00",
      "inputDateTime" : "2017-12-17T00:00:00",
      "_links" : {
        "self" : {
          "href" : "http://localhost/api/phoneNumbers/1941_0_1"
        },
        "phoneNumber" : {
          "href" : "http://localhost/api/phoneNumbers/1941_0_1"
        },
        "master" : {
          "href" : "http://localhost/api/phoneNumbers/1941_0_1/master"
        }
      }
    }, {
      "inputUserId" : "QSA",
      "lastUpdateUserId" : "QSA",
      "computerId" : "GLSVR171217",
      "lastSynchronizedDate" : null,
      "addressNumber" : "1942",
      "sequence" : 1,
      "countryCode" : "+62",
      "areaCode" : "",
      "phoneNumber" : "081387231687",
      "phoneType" : "KANTOR",
      "description" : "Kantor",
      "lastUpdateDateTime" : "2017-12-17T00:00:00",
      "inputDateTime" : "2017-12-17T00:00:00",
      "_links" : {
        "self" : {
          "href" : "http://localhost/api/phoneNumbers/1942_0_1"
        },
        "phoneNumber" : {
          "href" : "http://localhost/api/phoneNumbers/1942_0_1"
        },
        "master" : {
          "href" : "http://localhost/api/phoneNumbers/1942_0_1/master"
        }
      }
    }, {
      "inputUserId" : "QSA",
      "lastUpdateUserId" : "QSA",
      "computerId" : "GLSVR171217",
      "lastSynchronizedDate" : null,
      "addressNumber" : "1944",
      "sequence" : 1,
      "countryCode" : "+62",
      "areaCode" : "",
      "phoneNumber" : "081284401162",
      "phoneType" : "KANTOR",
      "description" : "Kantor",
      "lastUpdateDateTime" : "2017-12-17T00:00:00",
      "inputDateTime" : "2017-12-17T00:00:00",
      "_links" : {
        "self" : {
          "href" : "http://localhost/api/phoneNumbers/1944_0_1"
        },
        "phoneNumber" : {
          "href" : "http://localhost/api/phoneNumbers/1944_0_1"
        },
        "master" : {
          "href" : "http://localhost/api/phoneNumbers/1944_0_1/master"
        }
      }
    }, {
      "inputUserId" : "QSA",
      "lastUpdateUserId" : "QSA",
      "computerId" : "GLSVR171217",
      "lastSynchronizedDate" : null,
      "addressNumber" : "1945",
      "sequence" : 1,
      "countryCode" : "+62",
      "areaCode" : "",
      "phoneNumber" : "081999555494",
      "phoneType" : "KANTOR",
      "description" : "Kantor",
      "lastUpdateDateTime" : "2017-12-17T00:00:00",
      "inputDateTime" : "2017-12-17T00:00:00",
      "_links" : {
        "self" : {
          "href" : "http://localhost/api/phoneNumbers/1945_0_1"
        },
        "phoneNumber" : {
          "href" : "http://localhost/api/phoneNumbers/1945_0_1"
        },
        "master" : {
          "href" : "http://localhost/api/phoneNumbers/1945_0_1/master"
        }
      }
    }, {
      "inputUserId" : "QSA",
      "lastUpdateUserId" : "QSA",
      "computerId" : "GLSVR171217",
      "lastSynchronizedDate" : null,
      "addressNumber" : "1946",
      "sequence" : 1,
      "countryCode" : "+62",
      "areaCode" : "",
      "phoneNumber" : "081298888287",
      "phoneType" : "KANTOR",
      "description" : "Kantor",
      "lastUpdateDateTime" : "2017-12-17T00:00:00",
      "inputDateTime" : "2017-12-17T00:00:00",
      "_links" : {
        "self" : {
          "href" : "http://localhost/api/phoneNumbers/1946_0_1"
        },
        "phoneNumber" : {
          "href" : "http://localhost/api/phoneNumbers/1946_0_1"
        },
        "master" : {
          "href" : "http://localhost/api/phoneNumbers/1946_0_1/master"
        }
      }
    }, {
      "inputUserId" : "QSA",
      "lastUpdateUserId" : "QSA",
      "computerId" : "GLSVR171217",
      "lastSynchronizedDate" : null,
      "addressNumber" : "1947",
      "sequence" : 1,
      "countryCode" : "+62",
      "areaCode" : "",
      "phoneNumber" : "081326206240",
      "phoneType" : "KANTOR",
      "description" : "Kantor",
      "lastUpdateDateTime" : "2017-12-17T00:00:00",
      "inputDateTime" : "2017-12-17T00:00:00",
      "_links" : {
        "self" : {
          "href" : "http://localhost/api/phoneNumbers/1947_0_1"
        },
        "phoneNumber" : {
          "href" : "http://localhost/api/phoneNumbers/1947_0_1"
        },
        "master" : {
          "href" : "http://localhost/api/phoneNumbers/1947_0_1/master"
        }
      }
    }, {
      "inputUserId" : "QSA",
      "lastUpdateUserId" : "QSA",
      "computerId" : "GLSVR171217",
      "lastSynchronizedDate" : null,
      "addressNumber" : "1951",
      "sequence" : 1,
      "countryCode" : "+62",
      "areaCode" : "",
      "phoneNumber" : "081230407765",
      "phoneType" : "KANTOR",
      "description" : "Kantor",
      "lastUpdateDateTime" : "2017-12-17T00:00:00",
      "inputDateTime" : "2017-12-17T00:00:00",
      "_links" : {
        "self" : {
          "href" : "http://localhost/api/phoneNumbers/1951_0_1"
        },
        "phoneNumber" : {
          "href" : "http://localhost/api/phoneNumbers/1951_0_1"
        },
        "master" : {
          "href" : "http://localhost/api/phoneNumbers/1951_0_1/master"
        }
      }
    }, {
      "inputUserId" : "QSA",
      "lastUpdateUserId" : "QSA",
      "computerId" : "GLSVR171217",
      "lastSynchronizedDate" : null,
      "addressNumber" : "1952",
      "sequence" : 1,
      "countryCode" : "+62",
      "areaCode" : "",
      "phoneNumber" : "031-5345325",
      "phoneType" : "KANTOR",
      "description" : "Kantor",
      "lastUpdateDateTime" : "2017-12-17T00:00:00",
      "inputDateTime" : "2017-12-17T00:00:00",
      "_links" : {
        "self" : {
          "href" : "http://localhost/api/phoneNumbers/1952_0_1"
        },
        "phoneNumber" : {
          "href" : "http://localhost/api/phoneNumbers/1952_0_1"
        },
        "master" : {
          "href" : "http://localhost/api/phoneNumbers/1952_0_1/master"
        }
      }
    }, {
      "inputUserId" : "QSA",
      "lastUpdateUserId" : "QSA",
      "computerId" : "GLSVR171217",
      "lastSynchronizedDate" : null,
      "addressNumber" : "1954",
      "sequence" : 1,
      "countryCode" : "+62",
      "areaCode" : "",
      "phoneNumber" : "083808387170",
      "phoneType" : "KANTOR",
      "description" : "Kantor",
      "lastUpdateDateTime" : "2017-12-17T00:00:00",
      "inputDateTime" : "2017-12-17T00:00:00",
      "_links" : {
        "self" : {
          "href" : "http://localhost/api/phoneNumbers/1954_0_1"
        },
        "phoneNumber" : {
          "href" : "http://localhost/api/phoneNumbers/1954_0_1"
        },
        "master" : {
          "href" : "http://localhost/api/phoneNumbers/1954_0_1/master"
        }
      }
    }, {
      "inputUserId" : "QSA",
      "lastUpdateUserId" : "QSA",
      "computerId" : "GLSVR171217",
      "lastSynchronizedDate" : null,
      "addressNumber" : "1956",
      "sequence" : 1,
      "countryCode" : "+62",
      "areaCode" : "",
      "phoneNumber" : "082332902223",
      "phoneType" : "KANTOR",
      "description" : "Kantor",
      "lastUpdateDateTime" : "2017-12-17T00:00:00",
      "inputDateTime" : "2017-12-17T00:00:00",
      "_links" : {
        "self" : {
          "href" : "http://localhost/api/phoneNumbers/1956_0_1"
        },
        "phoneNumber" : {
          "href" : "http://localhost/api/phoneNumbers/1956_0_1"
        },
        "master" : {
          "href" : "http://localhost/api/phoneNumbers/1956_0_1/master"
        }
      }
    }, {
      "inputUserId" : "QSA",
      "lastUpdateUserId" : "QSA",
      "computerId" : "GLSVR171217",
      "lastSynchronizedDate" : null,
      "addressNumber" : "1957",
      "sequence" : 1,
      "countryCode" : "+62",
      "areaCode" : "",
      "phoneNumber" : "087851784657",
      "phoneType" : "KANTOR",
      "description" : "Kantor",
      "lastUpdateDateTime" : "2017-12-17T00:00:00",
      "inputDateTime" : "2017-12-17T00:00:00",
      "_links" : {
        "self" : {
          "href" : "http://localhost/api/phoneNumbers/1957_0_1"
        },
        "phoneNumber" : {
          "href" : "http://localhost/api/phoneNumbers/1957_0_1"
        },
        "master" : {
          "href" : "http://localhost/api/phoneNumbers/1957_0_1/master"
        }
      }
    }, {
      "inputUserId" : "QSA",
      "lastUpdateUserId" : "QSA",
      "computerId" : "GLSVR171217",
      "lastSynchronizedDate" : null,
      "addressNumber" : "1958",
      "sequence" : 1,
      "countryCode" : "+62",
      "areaCode" : "",
      "phoneNumber" : "031-5454962",
      "phoneType" : "KANTOR",
      "description" : "Kantor",
      "lastUpdateDateTime" : "2017-12-17T00:00:00",
      "inputDateTime" : "2017-12-17T00:00:00",
      "_links" : {
        "self" : {
          "href" : "http://localhost/api/phoneNumbers/1958_0_1"
        },
        "phoneNumber" : {
          "href" : "http://localhost/api/phoneNumbers/1958_0_1"
        },
        "master" : {
          "href" : "http://localhost/api/phoneNumbers/1958_0_1/master"
        }
      }
    }, {
      "inputUserId" : "QSA",
      "lastUpdateUserId" : "QSA",
      "computerId" : "GLSVR171217",
      "lastSynchronizedDate" : null,
      "addressNumber" : "1960",
      "sequence" : 1,
      "countryCode" : "+62",
      "areaCode" : "",
      "phoneNumber" : "PABX 6230",
      "phoneType" : "KANTOR",
      "description" : "Kantor",
      "lastUpdateDateTime" : "2017-12-17T00:00:00",
      "inputDateTime" : "2017-12-17T00:00:00",
      "_links" : {
        "self" : {
          "href" : "http://localhost/api/phoneNumbers/1960_0_1"
        },
        "phoneNumber" : {
          "href" : "http://localhost/api/phoneNumbers/1960_0_1"
        },
        "master" : {
          "href" : "http://localhost/api/phoneNumbers/1960_0_1/master"
        }
      }
    }, {
      "inputUserId" : "QSA",
      "lastUpdateUserId" : "QSA",
      "computerId" : "GLSVR171217",
      "lastSynchronizedDate" : null,
      "addressNumber" : "1963",
      "sequence" : 1,
      "countryCode" : "+62",
      "areaCode" : "",
      "phoneNumber" : "031-5470099",
      "phoneType" : "KANTOR",
      "description" : "Kantor",
      "lastUpdateDateTime" : "2017-12-17T00:00:00",
      "inputDateTime" : "2017-12-17T00:00:00",
      "_links" : {
        "self" : {
          "href" : "http://localhost/api/phoneNumbers/1963_0_1"
        },
        "phoneNumber" : {
          "href" : "http://localhost/api/phoneNumbers/1963_0_1"
        },
        "master" : {
          "href" : "http://localhost/api/phoneNumbers/1963_0_1/master"
        }
      }
    }, {
      "inputUserId" : "QSA",
      "lastUpdateUserId" : "QSA",
      "computerId" : "GLSVR171217",
      "lastSynchronizedDate" : null,
      "addressNumber" : "1964",
      "sequence" : 1,
      "countryCode" : "+62",
      "areaCode" : "",
      "phoneNumber" : "081335204345",
      "phoneType" : "KANTOR",
      "description" : "Kantor",
      "lastUpdateDateTime" : "2017-12-17T00:00:00",
      "inputDateTime" : "2017-12-17T00:00:00",
      "_links" : {
        "self" : {
          "href" : "http://localhost/api/phoneNumbers/1964_0_1"
        },
        "phoneNumber" : {
          "href" : "http://localhost/api/phoneNumbers/1964_0_1"
        },
        "master" : {
          "href" : "http://localhost/api/phoneNumbers/1964_0_1/master"
        }
      }
    }, {
      "inputUserId" : "QSA",
      "lastUpdateUserId" : "QSA",
      "computerId" : "GLSVR171217",
      "lastSynchronizedDate" : null,
      "addressNumber" : "1969",
      "sequence" : 1,
      "countryCode" : "+62",
      "areaCode" : "",
      "phoneNumber" : "081357888886",
      "phoneType" : "KANTOR",
      "description" : "Kantor",
      "lastUpdateDateTime" : "2017-12-17T00:00:00",
      "inputDateTime" : "2017-12-17T00:00:00",
      "_links" : {
        "self" : {
          "href" : "http://localhost/api/phoneNumbers/1969_0_1"
        },
        "phoneNumber" : {
          "href" : "http://localhost/api/phoneNumbers/1969_0_1"
        },
        "master" : {
          "href" : "http://localhost/api/phoneNumbers/1969_0_1/master"
        }
      }
    }, {
      "inputUserId" : "QSA",
      "lastUpdateUserId" : "QSA",
      "computerId" : "GLSVR171217",
      "lastSynchronizedDate" : null,
      "addressNumber" : "1970",
      "sequence" : 1,
      "countryCode" : "+62",
      "areaCode" : "",
      "phoneNumber" : "081252825092",
      "phoneType" : "KANTOR",
      "description" : "Kantor",
      "lastUpdateDateTime" : "2017-12-17T00:00:00",
      "inputDateTime" : "2017-12-17T00:00:00",
      "_links" : {
        "self" : {
          "href" : "http://localhost/api/phoneNumbers/1970_0_1"
        },
        "phoneNumber" : {
          "href" : "http://localhost/api/phoneNumbers/1970_0_1"
        },
        "master" : {
          "href" : "http://localhost/api/phoneNumbers/1970_0_1/master"
        }
      }
    }, {
      "inputUserId" : "QSA",
      "lastUpdateUserId" : "QSA",
      "computerId" : "GLSVR171217",
      "lastSynchronizedDate" : null,
      "addressNumber" : "1972",
      "sequence" : 1,
      "countryCode" : "+62",
      "areaCode" : "",
      "phoneNumber" : "0351-457443",
      "phoneType" : "KANTOR",
      "description" : "Kantor",
      "lastUpdateDateTime" : "2017-12-17T00:00:00",
      "inputDateTime" : "2017-12-17T00:00:00",
      "_links" : {
        "self" : {
          "href" : "http://localhost/api/phoneNumbers/1972_0_1"
        },
        "phoneNumber" : {
          "href" : "http://localhost/api/phoneNumbers/1972_0_1"
        },
        "master" : {
          "href" : "http://localhost/api/phoneNumbers/1972_0_1/master"
        }
      }
    }, {
      "inputUserId" : "QSA",
      "lastUpdateUserId" : "QSA",
      "computerId" : "GLSVR171217",
      "lastSynchronizedDate" : null,
      "addressNumber" : "1974",
      "sequence" : 1,
      "countryCode" : "+62",
      "areaCode" : "",
      "phoneNumber" : "0355-322288",
      "phoneType" : "KANTOR",
      "description" : "Kantor",
      "lastUpdateDateTime" : "2017-12-17T00:00:00",
      "inputDateTime" : "2017-12-17T00:00:00",
      "_links" : {
        "self" : {
          "href" : "http://localhost/api/phoneNumbers/1974_0_1"
        },
        "phoneNumber" : {
          "href" : "http://localhost/api/phoneNumbers/1974_0_1"
        },
        "master" : {
          "href" : "http://localhost/api/phoneNumbers/1974_0_1/master"
        }
      }
    }, {
      "inputUserId" : "QSA",
      "lastUpdateUserId" : "QSA",
      "computerId" : "GLSVR171217",
      "lastSynchronizedDate" : null,
      "addressNumber" : "1976",
      "sequence" : 1,
      "countryCode" : "+62",
      "areaCode" : "",
      "phoneNumber" : "031-593847",
      "phoneType" : "KANTOR",
      "description" : "Kantor",
      "lastUpdateDateTime" : "2017-12-17T00:00:00",
      "inputDateTime" : "2017-12-17T00:00:00",
      "_links" : {
        "self" : {
          "href" : "http://localhost/api/phoneNumbers/1976_0_1"
        },
        "phoneNumber" : {
          "href" : "http://localhost/api/phoneNumbers/1976_0_1"
        },
        "master" : {
          "href" : "http://localhost/api/phoneNumbers/1976_0_1/master"
        }
      }
    }, {
      "inputUserId" : "QSA",
      "lastUpdateUserId" : "QSA",
      "computerId" : "GLSVR171217",
      "lastSynchronizedDate" : null,
      "addressNumber" : "1978",
      "sequence" : 1,
      "countryCode" : "+62",
      "areaCode" : "",
      "phoneNumber" : "081703904230",
      "phoneType" : "KANTOR",
      "description" : "Kantor",
      "lastUpdateDateTime" : "2017-12-17T00:00:00",
      "inputDateTime" : "2017-12-17T00:00:00",
      "_links" : {
        "self" : {
          "href" : "http://localhost/api/phoneNumbers/1978_0_1"
        },
        "phoneNumber" : {
          "href" : "http://localhost/api/phoneNumbers/1978_0_1"
        },
        "master" : {
          "href" : "http://localhost/api/phoneNumbers/1978_0_1/master"
        }
      }
    }, {
      "inputUserId" : "QSA",
      "lastUpdateUserId" : "QSA",
      "computerId" : "GLSVR171217",
      "lastSynchronizedDate" : null,
      "addressNumber" : "1979",
      "sequence" : 1,
      "countryCode" : "+62",
      "areaCode" : "",
      "phoneNumber" : "085370380333",
      "phoneType" : "KANTOR",
      "description" : "Kantor",
      "lastUpdateDateTime" : "2017-12-17T00:00:00",
      "inputDateTime" : "2017-12-17T00:00:00",
      "_links" : {
        "self" : {
          "href" : "http://localhost/api/phoneNumbers/1979_0_1"
        },
        "phoneNumber" : {
          "href" : "http://localhost/api/phoneNumbers/1979_0_1"
        },
        "master" : {
          "href" : "http://localhost/api/phoneNumbers/1979_0_1/master"
        }
      }
    }, {
      "inputUserId" : "QSA",
      "lastUpdateUserId" : "QSA",
      "computerId" : "GLSVR171217",
      "lastSynchronizedDate" : null,
      "addressNumber" : "1981",
      "sequence" : 1,
      "countryCode" : "+62",
      "areaCode" : "",
      "phoneNumber" : "031-5316645",
      "phoneType" : "KANTOR",
      "description" : "Kantor",
      "lastUpdateDateTime" : "2017-12-17T00:00:00",
      "inputDateTime" : "2017-12-17T00:00:00",
      "_links" : {
        "self" : {
          "href" : "http://localhost/api/phoneNumbers/1981_0_1"
        },
        "phoneNumber" : {
          "href" : "http://localhost/api/phoneNumbers/1981_0_1"
        },
        "master" : {
          "href" : "http://localhost/api/phoneNumbers/1981_0_1/master"
        }
      }
    }, {
      "inputUserId" : "QSA",
      "lastUpdateUserId" : "QSA",
      "computerId" : "GLSVR171217",
      "lastSynchronizedDate" : null,
      "addressNumber" : "1982",
      "sequence" : 1,
      "countryCode" : "+62",
      "areaCode" : "",
      "phoneNumber" : "081247019999",
      "phoneType" : "KANTOR",
      "description" : "Kantor",
      "lastUpdateDateTime" : "2017-12-17T00:00:00",
      "inputDateTime" : "2017-12-17T00:00:00",
      "_links" : {
        "self" : {
          "href" : "http://localhost/api/phoneNumbers/1982_0_1"
        },
        "phoneNumber" : {
          "href" : "http://localhost/api/phoneNumbers/1982_0_1"
        },
        "master" : {
          "href" : "http://localhost/api/phoneNumbers/1982_0_1/master"
        }
      }
    }, {
      "inputUserId" : "QSA",
      "lastUpdateUserId" : "QSA",
      "computerId" : "GLSVR171217",
      "lastSynchronizedDate" : null,
      "addressNumber" : "1984",
      "sequence" : 1,
      "countryCode" : "+62",
      "areaCode" : "",
      "phoneNumber" : "0511-3522840",
      "phoneType" : "KANTOR",
      "description" : "Kantor",
      "lastUpdateDateTime" : "2017-12-17T00:00:00",
      "inputDateTime" : "2017-12-17T00:00:00",
      "_links" : {
        "self" : {
          "href" : "http://localhost/api/phoneNumbers/1984_0_1"
        },
        "phoneNumber" : {
          "href" : "http://localhost/api/phoneNumbers/1984_0_1"
        },
        "master" : {
          "href" : "http://localhost/api/phoneNumbers/1984_0_1/master"
        }
      }
    }, {
      "inputUserId" : "QSA",
      "lastUpdateUserId" : "QSA",
      "computerId" : "GLSVR171217",
      "lastSynchronizedDate" : null,
      "addressNumber" : "1984",
      "sequence" : 2,
      "countryCode" : "+62",
      "areaCode" : "",
      "phoneNumber" : "087816999878",
      "phoneType" : "KANTOR",
      "description" : "Kantor",
      "lastUpdateDateTime" : "2017-12-17T00:00:00",
      "inputDateTime" : "2017-12-17T00:00:00",
      "_links" : {
        "self" : {
          "href" : "http://localhost/api/phoneNumbers/1984_0_2"
        },
        "phoneNumber" : {
          "href" : "http://localhost/api/phoneNumbers/1984_0_2"
        },
        "master" : {
          "href" : "http://localhost/api/phoneNumbers/1984_0_2/master"
        }
      }
    }, {
      "inputUserId" : "QSA",
      "lastUpdateUserId" : "QSA",
      "computerId" : "GLSVR171217",
      "lastSynchronizedDate" : null,
      "addressNumber" : "1985",
      "sequence" : 1,
      "countryCode" : "+62",
      "areaCode" : "",
      "phoneNumber" : "031-5353686",
      "phoneType" : "KANTOR",
      "description" : "Kantor",
      "lastUpdateDateTime" : "2017-12-17T00:00:00",
      "inputDateTime" : "2017-12-17T00:00:00",
      "_links" : {
        "self" : {
          "href" : "http://localhost/api/phoneNumbers/1985_0_1"
        },
        "phoneNumber" : {
          "href" : "http://localhost/api/phoneNumbers/1985_0_1"
        },
        "master" : {
          "href" : "http://localhost/api/phoneNumbers/1985_0_1/master"
        }
      }
    }, {
      "inputUserId" : "QSA",
      "lastUpdateUserId" : "QSA",
      "computerId" : "GLSVR171217",
      "lastSynchronizedDate" : null,
      "addressNumber" : "1987",
      "sequence" : 1,
      "countryCode" : "+62",
      "areaCode" : "",
      "phoneNumber" : "021-6124733",
      "phoneType" : "KANTOR",
      "description" : "Kantor",
      "lastUpdateDateTime" : "2017-12-17T00:00:00",
      "inputDateTime" : "2017-12-17T00:00:00",
      "_links" : {
        "self" : {
          "href" : "http://localhost/api/phoneNumbers/1987_0_1"
        },
        "phoneNumber" : {
          "href" : "http://localhost/api/phoneNumbers/1987_0_1"
        },
        "master" : {
          "href" : "http://localhost/api/phoneNumbers/1987_0_1/master"
        }
      }
    }, {
      "inputUserId" : "QSA",
      "lastUpdateUserId" : "QSA",
      "computerId" : "GLSVR171217",
      "lastSynchronizedDate" : null,
      "addressNumber" : "1988",
      "sequence" : 1,
      "countryCode" : "+62",
      "areaCode" : "",
      "phoneNumber" : "031-5611833",
      "phoneType" : "KANTOR",
      "description" : "Kantor",
      "lastUpdateDateTime" : "2017-12-17T00:00:00",
      "inputDateTime" : "2017-12-17T00:00:00",
      "_links" : {
        "self" : {
          "href" : "http://localhost/api/phoneNumbers/1988_0_1"
        },
        "phoneNumber" : {
          "href" : "http://localhost/api/phoneNumbers/1988_0_1"
        },
        "master" : {
          "href" : "http://localhost/api/phoneNumbers/1988_0_1/master"
        }
      }
    }, {
      "inputUserId" : "QSA",
      "lastUpdateUserId" : "QSA",
      "computerId" : "GLSVR171217",
      "lastSynchronizedDate" : null,
      "addressNumber" : "1990",
      "sequence" : 1,
      "countryCode" : "+62",
      "areaCode" : "",
      "phoneNumber" : "085100410888",
      "phoneType" : "KANTOR",
      "description" : "Kantor",
      "lastUpdateDateTime" : "2017-12-17T00:00:00",
      "inputDateTime" : "2017-12-17T00:00:00",
      "_links" : {
        "self" : {
          "href" : "http://localhost/api/phoneNumbers/1990_0_1"
        },
        "phoneNumber" : {
          "href" : "http://localhost/api/phoneNumbers/1990_0_1"
        },
        "master" : {
          "href" : "http://localhost/api/phoneNumbers/1990_0_1/master"
        }
      }
    }, {
      "inputUserId" : "QSA",
      "lastUpdateUserId" : "QSA",
      "computerId" : "GLSVR171217",
      "lastSynchronizedDate" : null,
      "addressNumber" : "1991",
      "sequence" : 1,
      "countryCode" : "+62",
      "areaCode" : "",
      "phoneNumber" : "085217121764",
      "phoneType" : "KANTOR",
      "description" : "Kantor",
      "lastUpdateDateTime" : "2017-12-17T00:00:00",
      "inputDateTime" : "2017-12-17T00:00:00",
      "_links" : {
        "self" : {
          "href" : "http://localhost/api/phoneNumbers/1991_0_1"
        },
        "phoneNumber" : {
          "href" : "http://localhost/api/phoneNumbers/1991_0_1"
        },
        "master" : {
          "href" : "http://localhost/api/phoneNumbers/1991_0_1/master"
        }
      }
    }, {
      "inputUserId" : "QSA",
      "lastUpdateUserId" : "QSA",
      "computerId" : "GLSVR171217",
      "lastSynchronizedDate" : null,
      "addressNumber" : "1993",
      "sequence" : 1,
      "countryCode" : "+62",
      "areaCode" : "",
      "phoneNumber" : "081558527777",
      "phoneType" : "KANTOR",
      "description" : "Kantor",
      "lastUpdateDateTime" : "2017-12-17T00:00:00",
      "inputDateTime" : "2017-12-17T00:00:00",
      "_links" : {
        "self" : {
          "href" : "http://localhost/api/phoneNumbers/1993_0_1"
        },
        "phoneNumber" : {
          "href" : "http://localhost/api/phoneNumbers/1993_0_1"
        },
        "master" : {
          "href" : "http://localhost/api/phoneNumbers/1993_0_1/master"
        }
      }
    }, {
      "inputUserId" : "QSA",
      "lastUpdateUserId" : "QSA",
      "computerId" : "GLSVR171217",
      "lastSynchronizedDate" : null,
      "addressNumber" : "1995",
      "sequence" : 1,
      "countryCode" : "+62",
      "areaCode" : "",
      "phoneNumber" : "081912343323",
      "phoneType" : "KANTOR",
      "description" : "Kantor",
      "lastUpdateDateTime" : "2017-12-17T00:00:00",
      "inputDateTime" : "2017-12-17T00:00:00",
      "_links" : {
        "self" : {
          "href" : "http://localhost/api/phoneNumbers/1995_0_1"
        },
        "phoneNumber" : {
          "href" : "http://localhost/api/phoneNumbers/1995_0_1"
        },
        "master" : {
          "href" : "http://localhost/api/phoneNumbers/1995_0_1/master"
        }
      }
    }, {
      "inputUserId" : "QSA",
      "lastUpdateUserId" : "QSA",
      "computerId" : "GLSVR171217",
      "lastSynchronizedDate" : null,
      "addressNumber" : "1996",
      "sequence" : 1,
      "countryCode" : "+62",
      "areaCode" : "",
      "phoneNumber" : "0818512115",
      "phoneType" : "KANTOR",
      "description" : "Kantor",
      "lastUpdateDateTime" : "2017-12-17T00:00:00",
      "inputDateTime" : "2017-12-17T00:00:00",
      "_links" : {
        "self" : {
          "href" : "http://localhost/api/phoneNumbers/1996_0_1"
        },
        "phoneNumber" : {
          "href" : "http://localhost/api/phoneNumbers/1996_0_1"
        },
        "master" : {
          "href" : "http://localhost/api/phoneNumbers/1996_0_1/master"
        }
      }
    }, {
      "inputUserId" : "QSA",
      "lastUpdateUserId" : "QSA",
      "computerId" : "GLSVR171217",
      "lastSynchronizedDate" : null,
      "addressNumber" : "1997",
      "sequence" : 1,
      "countryCode" : "+62",
      "areaCode" : "",
      "phoneNumber" : "081336639503",
      "phoneType" : "KANTOR",
      "description" : "Kantor",
      "lastUpdateDateTime" : "2017-12-17T00:00:00",
      "inputDateTime" : "2017-12-17T00:00:00",
      "_links" : {
        "self" : {
          "href" : "http://localhost/api/phoneNumbers/1997_0_1"
        },
        "phoneNumber" : {
          "href" : "http://localhost/api/phoneNumbers/1997_0_1"
        },
        "master" : {
          "href" : "http://localhost/api/phoneNumbers/1997_0_1/master"
        }
      }
    }, {
      "inputUserId" : "QSA",
      "lastUpdateUserId" : "QSA",
      "computerId" : "GLSVR171217",
      "lastSynchronizedDate" : null,
      "addressNumber" : "2001",
      "sequence" : 1,
      "countryCode" : "+62",
      "areaCode" : "",
      "phoneNumber" : "081259156767",
      "phoneType" : "KANTOR",
      "description" : "Kantor",
      "lastUpdateDateTime" : "2017-12-17T00:00:00",
      "inputDateTime" : "2017-12-17T00:00:00",
      "_links" : {
        "self" : {
          "href" : "http://localhost/api/phoneNumbers/2001_0_1"
        },
        "phoneNumber" : {
          "href" : "http://localhost/api/phoneNumbers/2001_0_1"
        },
        "master" : {
          "href" : "http://localhost/api/phoneNumbers/2001_0_1/master"
        }
      }
    }, {
      "inputUserId" : "QSA",
      "lastUpdateUserId" : "QSA",
      "computerId" : "GLSVR171217",
      "lastSynchronizedDate" : null,
      "addressNumber" : "2003",
      "sequence" : 1,
      "countryCode" : "+62",
      "areaCode" : "",
      "phoneNumber" : "085235487327",
      "phoneType" : "KANTOR",
      "description" : "Kantor",
      "lastUpdateDateTime" : "2017-12-17T00:00:00",
      "inputDateTime" : "2017-12-17T00:00:00",
      "_links" : {
        "self" : {
          "href" : "http://localhost/api/phoneNumbers/2003_0_1"
        },
        "phoneNumber" : {
          "href" : "http://localhost/api/phoneNumbers/2003_0_1"
        },
        "master" : {
          "href" : "http://localhost/api/phoneNumbers/2003_0_1/master"
        }
      }
    }, {
      "inputUserId" : "QSA",
      "lastUpdateUserId" : "QSA",
      "computerId" : "GLSVR171217",
      "lastSynchronizedDate" : null,
      "addressNumber" : "2004",
      "sequence" : 1,
      "countryCode" : "+62",
      "areaCode" : "",
      "phoneNumber" : "085217121764",
      "phoneType" : "KANTOR",
      "description" : "Kantor",
      "lastUpdateDateTime" : "2017-12-17T00:00:00",
      "inputDateTime" : "2017-12-17T00:00:00",
      "_links" : {
        "self" : {
          "href" : "http://localhost/api/phoneNumbers/2004_0_1"
        },
        "phoneNumber" : {
          "href" : "http://localhost/api/phoneNumbers/2004_0_1"
        },
        "master" : {
          "href" : "http://localhost/api/phoneNumbers/2004_0_1/master"
        }
      }
    }, {
      "inputUserId" : "QSA",
      "lastUpdateUserId" : "QSA",
      "computerId" : "GLSVR171217",
      "lastSynchronizedDate" : null,
      "addressNumber" : "2004",
      "sequence" : 2,
      "countryCode" : "+62",
      "areaCode" : "",
      "phoneNumber" : "021-92505911",
      "phoneType" : "KANTOR",
      "description" : "Kantor",
      "lastUpdateDateTime" : "2017-12-17T00:00:00",
      "inputDateTime" : "2017-12-17T00:00:00",
      "_links" : {
        "self" : {
          "href" : "http://localhost/api/phoneNumbers/2004_0_2"
        },
        "phoneNumber" : {
          "href" : "http://localhost/api/phoneNumbers/2004_0_2"
        },
        "master" : {
          "href" : "http://localhost/api/phoneNumbers/2004_0_2/master"
        }
      }
    }, {
      "inputUserId" : "QSA",
      "lastUpdateUserId" : "QSA",
      "computerId" : "GLSVR171217",
      "lastSynchronizedDate" : null,
      "addressNumber" : "2005",
      "sequence" : 1,
      "countryCode" : "+62",
      "areaCode" : "",
      "phoneNumber" : "0354-689727",
      "phoneType" : "KANTOR",
      "description" : "Kantor",
      "lastUpdateDateTime" : "2017-12-17T00:00:00",
      "inputDateTime" : "2017-12-17T00:00:00",
      "_links" : {
        "self" : {
          "href" : "http://localhost/api/phoneNumbers/2005_0_1"
        },
        "phoneNumber" : {
          "href" : "http://localhost/api/phoneNumbers/2005_0_1"
        },
        "master" : {
          "href" : "http://localhost/api/phoneNumbers/2005_0_1/master"
        }
      }
    }, {
      "inputUserId" : "QSA",
      "lastUpdateUserId" : "QSA",
      "computerId" : "GLSVR171217",
      "lastSynchronizedDate" : null,
      "addressNumber" : "2006",
      "sequence" : 1,
      "countryCode" : "+62",
      "areaCode" : "",
      "phoneNumber" : "031-7329010",
      "phoneType" : "KANTOR",
      "description" : "Kantor",
      "lastUpdateDateTime" : "2017-12-17T00:00:00",
      "inputDateTime" : "2017-12-17T00:00:00",
      "_links" : {
        "self" : {
          "href" : "http://localhost/api/phoneNumbers/2006_0_1"
        },
        "phoneNumber" : {
          "href" : "http://localhost/api/phoneNumbers/2006_0_1"
        },
        "master" : {
          "href" : "http://localhost/api/phoneNumbers/2006_0_1/master"
        }
      }
    }, {
      "inputUserId" : "QSA",
      "lastUpdateUserId" : "QSA",
      "computerId" : "GLSVR171217",
      "lastSynchronizedDate" : null,
      "addressNumber" : "2006",
      "sequence" : 2,
      "countryCode" : "+62",
      "areaCode" : "",
      "phoneNumber" : "085100663880",
      "phoneType" : "KANTOR",
      "description" : "Kantor",
      "lastUpdateDateTime" : "2017-12-17T00:00:00",
      "inputDateTime" : "2017-12-17T00:00:00",
      "_links" : {
        "self" : {
          "href" : "http://localhost/api/phoneNumbers/2006_0_2"
        },
        "phoneNumber" : {
          "href" : "http://localhost/api/phoneNumbers/2006_0_2"
        },
        "master" : {
          "href" : "http://localhost/api/phoneNumbers/2006_0_2/master"
        }
      }
    }, {
      "inputUserId" : "QSA",
      "lastUpdateUserId" : "QSA",
      "computerId" : "GLSVR171217",
      "lastSynchronizedDate" : null,
      "addressNumber" : "2007",
      "sequence" : 1,
      "countryCode" : "+62",
      "areaCode" : "",
      "phoneNumber" : "081331508090",
      "phoneType" : "KANTOR",
      "description" : "Kantor",
      "lastUpdateDateTime" : "2017-12-17T00:00:00",
      "inputDateTime" : "2017-12-17T00:00:00",
      "_links" : {
        "self" : {
          "href" : "http://localhost/api/phoneNumbers/2007_0_1"
        },
        "phoneNumber" : {
          "href" : "http://localhost/api/phoneNumbers/2007_0_1"
        },
        "master" : {
          "href" : "http://localhost/api/phoneNumbers/2007_0_1/master"
        }
      }
    }, {
      "inputUserId" : "QSA",
      "lastUpdateUserId" : "QSA",
      "computerId" : "GLSVR171217",
      "lastSynchronizedDate" : null,
      "addressNumber" : "2010",
      "sequence" : 1,
      "countryCode" : "+62",
      "areaCode" : "",
      "phoneNumber" : "081249293900",
      "phoneType" : "KANTOR",
      "description" : "Kantor",
      "lastUpdateDateTime" : "2017-12-17T00:00:00",
      "inputDateTime" : "2017-12-17T00:00:00",
      "_links" : {
        "self" : {
          "href" : "http://localhost/api/phoneNumbers/2010_0_1"
        },
        "phoneNumber" : {
          "href" : "http://localhost/api/phoneNumbers/2010_0_1"
        },
        "master" : {
          "href" : "http://localhost/api/phoneNumbers/2010_0_1/master"
        }
      }
    }, {
      "inputUserId" : "QSA",
      "lastUpdateUserId" : "QSA",
      "computerId" : "GLSVR171217",
      "lastSynchronizedDate" : null,
      "addressNumber" : "2011",
      "sequence" : 1,
      "countryCode" : "+62",
      "areaCode" : "",
      "phoneNumber" : "085217121764",
      "phoneType" : "KANTOR",
      "description" : "Kantor",
      "lastUpdateDateTime" : "2017-12-17T00:00:00",
      "inputDateTime" : "2017-12-17T00:00:00",
      "_links" : {
        "self" : {
          "href" : "http://localhost/api/phoneNumbers/2011_0_1"
        },
        "phoneNumber" : {
          "href" : "http://localhost/api/phoneNumbers/2011_0_1"
        },
        "master" : {
          "href" : "http://localhost/api/phoneNumbers/2011_0_1/master"
        }
      }
    }, {
      "inputUserId" : "QSA",
      "lastUpdateUserId" : "QSA",
      "computerId" : "GLSVR171217",
      "lastSynchronizedDate" : null,
      "addressNumber" : "2012",
      "sequence" : 1,
      "countryCode" : "+62",
      "areaCode" : "",
      "phoneNumber" : "0877-5855-5547",
      "phoneType" : "KANTOR",
      "description" : "Kantor",
      "lastUpdateDateTime" : "2017-12-17T00:00:00",
      "inputDateTime" : "2017-12-17T00:00:00",
      "_links" : {
        "self" : {
          "href" : "http://localhost/api/phoneNumbers/2012_0_1"
        },
        "phoneNumber" : {
          "href" : "http://localhost/api/phoneNumbers/2012_0_1"
        },
        "master" : {
          "href" : "http://localhost/api/phoneNumbers/2012_0_1/master"
        }
      }
    }, {
      "inputUserId" : "QSA",
      "lastUpdateUserId" : "QSA",
      "computerId" : "GLSVR171217",
      "lastSynchronizedDate" : null,
      "addressNumber" : "2013",
      "sequence" : 1,
      "countryCode" : "+62",
      "areaCode" : "",
      "phoneNumber" : "085102471300",
      "phoneType" : "KANTOR",
      "description" : "Kantor",
      "lastUpdateDateTime" : "2017-12-17T00:00:00",
      "inputDateTime" : "2017-12-17T00:00:00",
      "_links" : {
        "self" : {
          "href" : "http://localhost/api/phoneNumbers/2013_0_1"
        },
        "phoneNumber" : {
          "href" : "http://localhost/api/phoneNumbers/2013_0_1"
        },
        "master" : {
          "href" : "http://localhost/api/phoneNumbers/2013_0_1/master"
        }
      }
    }, {
      "inputUserId" : "QSA",
      "lastUpdateUserId" : "QSA",
      "computerId" : "GLSVR171217",
      "lastSynchronizedDate" : null,
      "addressNumber" : "2014",
      "sequence" : 1,
      "countryCode" : "+62",
      "areaCode" : "",
      "phoneNumber" : "081331538177",
      "phoneType" : "KANTOR",
      "description" : "Kantor",
      "lastUpdateDateTime" : "2017-12-17T00:00:00",
      "inputDateTime" : "2017-12-17T00:00:00",
      "_links" : {
        "self" : {
          "href" : "http://localhost/api/phoneNumbers/2014_0_1"
        },
        "phoneNumber" : {
          "href" : "http://localhost/api/phoneNumbers/2014_0_1"
        },
        "master" : {
          "href" : "http://localhost/api/phoneNumbers/2014_0_1/master"
        }
      }
    }, {
      "inputUserId" : "QSA",
      "lastUpdateUserId" : "QSA",
      "computerId" : "GLSVR171217",
      "lastSynchronizedDate" : null,
      "addressNumber" : "2015",
      "sequence" : 1,
      "countryCode" : "+62",
      "areaCode" : "",
      "phoneNumber" : "087851366567",
      "phoneType" : "KANTOR",
      "description" : "Kantor",
      "lastUpdateDateTime" : "2017-12-17T00:00:00",
      "inputDateTime" : "2017-12-17T00:00:00",
      "_links" : {
        "self" : {
          "href" : "http://localhost/api/phoneNumbers/2015_0_1"
        },
        "phoneNumber" : {
          "href" : "http://localhost/api/phoneNumbers/2015_0_1"
        },
        "master" : {
          "href" : "http://localhost/api/phoneNumbers/2015_0_1/master"
        }
      }
    }, {
      "inputUserId" : "QSA",
      "lastUpdateUserId" : "QSA",
      "computerId" : "GLSVR171217",
      "lastSynchronizedDate" : null,
      "addressNumber" : "2016",
      "sequence" : 1,
      "countryCode" : "+62",
      "areaCode" : "",
      "phoneNumber" : "081938003510",
      "phoneType" : "KANTOR",
      "description" : "Kantor",
      "lastUpdateDateTime" : "2017-12-17T00:00:00",
      "inputDateTime" : "2017-12-17T00:00:00",
      "_links" : {
        "self" : {
          "href" : "http://localhost/api/phoneNumbers/2016_0_1"
        },
        "phoneNumber" : {
          "href" : "http://localhost/api/phoneNumbers/2016_0_1"
        },
        "master" : {
          "href" : "http://localhost/api/phoneNumbers/2016_0_1/master"
        }
      }
    }, {
      "inputUserId" : "QSA",
      "lastUpdateUserId" : "QSA",
      "computerId" : "GLSVR171217",
      "lastSynchronizedDate" : null,
      "addressNumber" : "2017",
      "sequence" : 1,
      "countryCode" : "+62",
      "areaCode" : "",
      "phoneNumber" : "08124010920",
      "phoneType" : "KANTOR",
      "description" : "Kantor",
      "lastUpdateDateTime" : "2017-12-17T00:00:00",
      "inputDateTime" : "2017-12-17T00:00:00",
      "_links" : {
        "self" : {
          "href" : "http://localhost/api/phoneNumbers/2017_0_1"
        },
        "phoneNumber" : {
          "href" : "http://localhost/api/phoneNumbers/2017_0_1"
        },
        "master" : {
          "href" : "http://localhost/api/phoneNumbers/2017_0_1/master"
        }
      }
    }, {
      "inputUserId" : "QSA",
      "lastUpdateUserId" : "QSA",
      "computerId" : "GLSVR171217",
      "lastSynchronizedDate" : null,
      "addressNumber" : "2018",
      "sequence" : 1,
      "countryCode" : "+62",
      "areaCode" : "",
      "phoneNumber" : "087856654200",
      "phoneType" : "KANTOR",
      "description" : "Kantor",
      "lastUpdateDateTime" : "2017-12-17T00:00:00",
      "inputDateTime" : "2017-12-17T00:00:00",
      "_links" : {
        "self" : {
          "href" : "http://localhost/api/phoneNumbers/2018_0_1"
        },
        "phoneNumber" : {
          "href" : "http://localhost/api/phoneNumbers/2018_0_1"
        },
        "master" : {
          "href" : "http://localhost/api/phoneNumbers/2018_0_1/master"
        }
      }
    }, {
      "inputUserId" : "QSA",
      "lastUpdateUserId" : "QSA",
      "computerId" : "GLSVR171217",
      "lastSynchronizedDate" : null,
      "addressNumber" : "2022",
      "sequence" : 1,
      "countryCode" : "+62",
      "areaCode" : "",
      "phoneNumber" : "081334852504",
      "phoneType" : "KANTOR",
      "description" : "Kantor",
      "lastUpdateDateTime" : "2017-12-17T00:00:00",
      "inputDateTime" : "2017-12-17T00:00:00",
      "_links" : {
        "self" : {
          "href" : "http://localhost/api/phoneNumbers/2022_0_1"
        },
        "phoneNumber" : {
          "href" : "http://localhost/api/phoneNumbers/2022_0_1"
        },
        "master" : {
          "href" : "http://localhost/api/phoneNumbers/2022_0_1/master"
        }
      }
    }, {
      "inputUserId" : "QSA",
      "lastUpdateUserId" : "QSA",
      "computerId" : "GLSVR171217",
      "lastSynchronizedDate" : null,
      "addressNumber" : "2025",
      "sequence" : 1,
      "countryCode" : "+62",
      "areaCode" : "",
      "phoneNumber" : "085101443375",
      "phoneType" : "KANTOR",
      "description" : "Kantor",
      "lastUpdateDateTime" : "2017-12-17T00:00:00",
      "inputDateTime" : "2017-12-17T00:00:00",
      "_links" : {
        "self" : {
          "href" : "http://localhost/api/phoneNumbers/2025_0_1"
        },
        "phoneNumber" : {
          "href" : "http://localhost/api/phoneNumbers/2025_0_1"
        },
        "master" : {
          "href" : "http://localhost/api/phoneNumbers/2025_0_1/master"
        }
      }
    }, {
      "inputUserId" : "QSA",
      "lastUpdateUserId" : "QSA",
      "computerId" : "GLSVR171217",
      "lastSynchronizedDate" : null,
      "addressNumber" : "2026",
      "sequence" : 1,
      "countryCode" : "+62",
      "areaCode" : "",
      "phoneNumber" : "08563016303",
      "phoneType" : "KANTOR",
      "description" : "Kantor",
      "lastUpdateDateTime" : "2017-12-17T00:00:00",
      "inputDateTime" : "2017-12-17T00:00:00",
      "_links" : {
        "self" : {
          "href" : "http://localhost/api/phoneNumbers/2026_0_1"
        },
        "phoneNumber" : {
          "href" : "http://localhost/api/phoneNumbers/2026_0_1"
        },
        "master" : {
          "href" : "http://localhost/api/phoneNumbers/2026_0_1/master"
        }
      }
    }, {
      "inputUserId" : "QSA",
      "lastUpdateUserId" : "QSA",
      "computerId" : "GLSVR171217",
      "lastSynchronizedDate" : null,
      "addressNumber" : "2027",
      "sequence" : 1,
      "countryCode" : "+62",
      "areaCode" : "",
      "phoneNumber" : "031-5491884",
      "phoneType" : "KANTOR",
      "description" : "Kantor",
      "lastUpdateDateTime" : "2017-12-17T00:00:00",
      "inputDateTime" : "2017-12-17T00:00:00",
      "_links" : {
        "self" : {
          "href" : "http://localhost/api/phoneNumbers/2027_0_1"
        },
        "phoneNumber" : {
          "href" : "http://localhost/api/phoneNumbers/2027_0_1"
        },
        "master" : {
          "href" : "http://localhost/api/phoneNumbers/2027_0_1/master"
        }
      }
    }, {
      "inputUserId" : "QSA",
      "lastUpdateUserId" : "QSA",
      "computerId" : "GLSVR171217",
      "lastSynchronizedDate" : null,
      "addressNumber" : "2029",
      "sequence" : 1,
      "countryCode" : "+62",
      "areaCode" : "",
      "phoneNumber" : "081910071808",
      "phoneType" : "KANTOR",
      "description" : "Kantor",
      "lastUpdateDateTime" : "2017-12-17T00:00:00",
      "inputDateTime" : "2017-12-17T00:00:00",
      "_links" : {
        "self" : {
          "href" : "http://localhost/api/phoneNumbers/2029_0_1"
        },
        "phoneNumber" : {
          "href" : "http://localhost/api/phoneNumbers/2029_0_1"
        },
        "master" : {
          "href" : "http://localhost/api/phoneNumbers/2029_0_1/master"
        }
      }
    }, {
      "inputUserId" : "QSA",
      "lastUpdateUserId" : "QSA",
      "computerId" : "GLSVR171217",
      "lastSynchronizedDate" : null,
      "addressNumber" : "2030",
      "sequence" : 1,
      "countryCode" : "+62",
      "areaCode" : "",
      "phoneNumber" : "031-8284182",
      "phoneType" : "KANTOR",
      "description" : "Kantor",
      "lastUpdateDateTime" : "2017-12-17T00:00:00",
      "inputDateTime" : "2017-12-17T00:00:00",
      "_links" : {
        "self" : {
          "href" : "http://localhost/api/phoneNumbers/2030_0_1"
        },
        "phoneNumber" : {
          "href" : "http://localhost/api/phoneNumbers/2030_0_1"
        },
        "master" : {
          "href" : "http://localhost/api/phoneNumbers/2030_0_1/master"
        }
      }
    }, {
      "inputUserId" : "QSA",
      "lastUpdateUserId" : "QSA",
      "computerId" : "GLSVR171217",
      "lastSynchronizedDate" : null,
      "addressNumber" : "2032",
      "sequence" : 1,
      "countryCode" : "+62",
      "areaCode" : "",
      "phoneNumber" : "081217469619",
      "phoneType" : "KANTOR",
      "description" : "Kantor",
      "lastUpdateDateTime" : "2017-12-17T00:00:00",
      "inputDateTime" : "2017-12-17T00:00:00",
      "_links" : {
        "self" : {
          "href" : "http://localhost/api/phoneNumbers/2032_0_1"
        },
        "phoneNumber" : {
          "href" : "http://localhost/api/phoneNumbers/2032_0_1"
        },
        "master" : {
          "href" : "http://localhost/api/phoneNumbers/2032_0_1/master"
        }
      }
    }, {
      "inputUserId" : "QSA",
      "lastUpdateUserId" : "QSA",
      "computerId" : "GLSVR171217",
      "lastSynchronizedDate" : null,
      "addressNumber" : "2034",
      "sequence" : 1,
      "countryCode" : "+62",
      "areaCode" : "",
      "phoneNumber" : "085648200340",
      "phoneType" : "KANTOR",
      "description" : "Kantor",
      "lastUpdateDateTime" : "2017-12-17T00:00:00",
      "inputDateTime" : "2017-12-17T00:00:00",
      "_links" : {
        "self" : {
          "href" : "http://localhost/api/phoneNumbers/2034_0_1"
        },
        "phoneNumber" : {
          "href" : "http://localhost/api/phoneNumbers/2034_0_1"
        },
        "master" : {
          "href" : "http://localhost/api/phoneNumbers/2034_0_1/master"
        }
      }
    }, {
      "inputUserId" : "QSA",
      "lastUpdateUserId" : "QSA",
      "computerId" : "GLSVR171217",
      "lastSynchronizedDate" : null,
      "addressNumber" : "2035",
      "sequence" : 1,
      "countryCode" : "+62",
      "areaCode" : "",
      "phoneNumber" : "083123124994",
      "phoneType" : "KANTOR",
      "description" : "Kantor",
      "lastUpdateDateTime" : "2017-12-17T00:00:00",
      "inputDateTime" : "2017-12-17T00:00:00",
      "_links" : {
        "self" : {
          "href" : "http://localhost/api/phoneNumbers/2035_0_1"
        },
        "phoneNumber" : {
          "href" : "http://localhost/api/phoneNumbers/2035_0_1"
        },
        "master" : {
          "href" : "http://localhost/api/phoneNumbers/2035_0_1/master"
        }
      }
    }, {
      "inputUserId" : "QSA",
      "lastUpdateUserId" : "QSA",
      "computerId" : "GLSVR171217",
      "lastSynchronizedDate" : null,
      "addressNumber" : "2036",
      "sequence" : 1,
      "countryCode" : "+62",
      "areaCode" : "",
      "phoneNumber" : "08176056586",
      "phoneType" : "KANTOR",
      "description" : "Kantor",
      "lastUpdateDateTime" : "2017-12-17T00:00:00",
      "inputDateTime" : "2017-12-17T00:00:00",
      "_links" : {
        "self" : {
          "href" : "http://localhost/api/phoneNumbers/2036_0_1"
        },
        "phoneNumber" : {
          "href" : "http://localhost/api/phoneNumbers/2036_0_1"
        },
        "master" : {
          "href" : "http://localhost/api/phoneNumbers/2036_0_1/master"
        }
      }
    }, {
      "inputUserId" : "QSA",
      "lastUpdateUserId" : "QSA",
      "computerId" : "GLSVR171217",
      "lastSynchronizedDate" : null,
      "addressNumber" : "2037",
      "sequence" : 1,
      "countryCode" : "+62",
      "areaCode" : "",
      "phoneNumber" : "031-5477781",
      "phoneType" : "KANTOR",
      "description" : "Kantor",
      "lastUpdateDateTime" : "2017-12-17T00:00:00",
      "inputDateTime" : "2017-12-17T00:00:00",
      "_links" : {
        "self" : {
          "href" : "http://localhost/api/phoneNumbers/2037_0_1"
        },
        "phoneNumber" : {
          "href" : "http://localhost/api/phoneNumbers/2037_0_1"
        },
        "master" : {
          "href" : "http://localhost/api/phoneNumbers/2037_0_1/master"
        }
      }
    }, {
      "inputUserId" : "QSA",
      "lastUpdateUserId" : "QSA",
      "computerId" : "GLSVR171217",
      "lastSynchronizedDate" : null,
      "addressNumber" : "2042",
      "sequence" : 1,
      "countryCode" : "+62",
      "areaCode" : "",
      "phoneNumber" : "081332981447",
      "phoneType" : "KANTOR",
      "description" : "Kantor",
      "lastUpdateDateTime" : "2017-12-17T00:00:00",
      "inputDateTime" : "2017-12-17T00:00:00",
      "_links" : {
        "self" : {
          "href" : "http://localhost/api/phoneNumbers/2042_0_1"
        },
        "phoneNumber" : {
          "href" : "http://localhost/api/phoneNumbers/2042_0_1"
        },
        "master" : {
          "href" : "http://localhost/api/phoneNumbers/2042_0_1/master"
        }
      }
    }, {
      "inputUserId" : "QSA",
      "lastUpdateUserId" : "QSA",
      "computerId" : "GLSVR171217",
      "lastSynchronizedDate" : null,
      "addressNumber" : "2044",
      "sequence" : 1,
      "countryCode" : "+62",
      "areaCode" : "",
      "phoneNumber" : "08113654856",
      "phoneType" : "KANTOR",
      "description" : "Kantor",
      "lastUpdateDateTime" : "2017-12-17T00:00:00",
      "inputDateTime" : "2017-12-17T00:00:00",
      "_links" : {
        "self" : {
          "href" : "http://localhost/api/phoneNumbers/2044_0_1"
        },
        "phoneNumber" : {
          "href" : "http://localhost/api/phoneNumbers/2044_0_1"
        },
        "master" : {
          "href" : "http://localhost/api/phoneNumbers/2044_0_1/master"
        }
      }
    }, {
      "inputUserId" : "QSA",
      "lastUpdateUserId" : "QSA",
      "computerId" : "GLSVR171217",
      "lastSynchronizedDate" : null,
      "addressNumber" : "2047",
      "sequence" : 1,
      "countryCode" : "+62",
      "areaCode" : "",
      "phoneNumber" : "08563330171",
      "phoneType" : "KANTOR",
      "description" : "Kantor",
      "lastUpdateDateTime" : "2017-12-17T00:00:00",
      "inputDateTime" : "2017-12-17T00:00:00",
      "_links" : {
        "self" : {
          "href" : "http://localhost/api/phoneNumbers/2047_0_1"
        },
        "phoneNumber" : {
          "href" : "http://localhost/api/phoneNumbers/2047_0_1"
        },
        "master" : {
          "href" : "http://localhost/api/phoneNumbers/2047_0_1/master"
        }
      }
    }, {
      "inputUserId" : "QSA",
      "lastUpdateUserId" : "QSA",
      "computerId" : "GLSVR171217",
      "lastSynchronizedDate" : null,
      "addressNumber" : "2049",
      "sequence" : 1,
      "countryCode" : "+62",
      "areaCode" : "",
      "phoneNumber" : "08123125023",
      "phoneType" : "KANTOR",
      "description" : "Kantor",
      "lastUpdateDateTime" : "2017-12-17T00:00:00",
      "inputDateTime" : "2017-12-17T00:00:00",
      "_links" : {
        "self" : {
          "href" : "http://localhost/api/phoneNumbers/2049_0_1"
        },
        "phoneNumber" : {
          "href" : "http://localhost/api/phoneNumbers/2049_0_1"
        },
        "master" : {
          "href" : "http://localhost/api/phoneNumbers/2049_0_1/master"
        }
      }
    }, {
      "inputUserId" : "QSA",
      "lastUpdateUserId" : "QSA",
      "computerId" : "GLSVR171217",
      "lastSynchronizedDate" : null,
      "addressNumber" : "2050",
      "sequence" : 1,
      "countryCode" : "+62",
      "areaCode" : "",
      "phoneNumber" : "031-5354461",
      "phoneType" : "KANTOR",
      "description" : "Kantor",
      "lastUpdateDateTime" : "2017-12-17T00:00:00",
      "inputDateTime" : "2017-12-17T00:00:00",
      "_links" : {
        "self" : {
          "href" : "http://localhost/api/phoneNumbers/2050_0_1"
        },
        "phoneNumber" : {
          "href" : "http://localhost/api/phoneNumbers/2050_0_1"
        },
        "master" : {
          "href" : "http://localhost/api/phoneNumbers/2050_0_1/master"
        }
      }
    }, {
      "inputUserId" : "QSA",
      "lastUpdateUserId" : "QSA",
      "computerId" : "GLSVR171217",
      "lastSynchronizedDate" : null,
      "addressNumber" : "2051",
      "sequence" : 1,
      "countryCode" : "+62",
      "areaCode" : "",
      "phoneNumber" : "031-5471116",
      "phoneType" : "KANTOR",
      "description" : "Kantor",
      "lastUpdateDateTime" : "2017-12-17T00:00:00",
      "inputDateTime" : "2017-12-17T00:00:00",
      "_links" : {
        "self" : {
          "href" : "http://localhost/api/phoneNumbers/2051_0_1"
        },
        "phoneNumber" : {
          "href" : "http://localhost/api/phoneNumbers/2051_0_1"
        },
        "master" : {
          "href" : "http://localhost/api/phoneNumbers/2051_0_1/master"
        }
      }
    }, {
      "inputUserId" : "QSA",
      "lastUpdateUserId" : "QSA",
      "computerId" : "GLSVR171217",
      "lastSynchronizedDate" : null,
      "addressNumber" : "2054",
      "sequence" : 1,
      "countryCode" : "+62",
      "areaCode" : "",
      "phoneNumber" : "081334560284",
      "phoneType" : "KANTOR",
      "description" : "Kantor",
      "lastUpdateDateTime" : "2017-12-17T00:00:00",
      "inputDateTime" : "2017-12-17T00:00:00",
      "_links" : {
        "self" : {
          "href" : "http://localhost/api/phoneNumbers/2054_0_1"
        },
        "phoneNumber" : {
          "href" : "http://localhost/api/phoneNumbers/2054_0_1"
        },
        "master" : {
          "href" : "http://localhost/api/phoneNumbers/2054_0_1/master"
        }
      }
    }, {
      "inputUserId" : "QSA",
      "lastUpdateUserId" : "QSA",
      "computerId" : "GLSVR171217",
      "lastSynchronizedDate" : null,
      "addressNumber" : "2056",
      "sequence" : 1,
      "countryCode" : "+62",
      "areaCode" : "",
      "phoneNumber" : "08113393029",
      "phoneType" : "KANTOR",
      "description" : "Kantor",
      "lastUpdateDateTime" : "2017-12-17T00:00:00",
      "inputDateTime" : "2017-12-17T00:00:00",
      "_links" : {
        "self" : {
          "href" : "http://localhost/api/phoneNumbers/2056_0_1"
        },
        "phoneNumber" : {
          "href" : "http://localhost/api/phoneNumbers/2056_0_1"
        },
        "master" : {
          "href" : "http://localhost/api/phoneNumbers/2056_0_1/master"
        }
      }
    }, {
      "inputUserId" : "QSA",
      "lastUpdateUserId" : "QSA",
      "computerId" : "GLSVR171217",
      "lastSynchronizedDate" : null,
      "addressNumber" : "2067",
      "sequence" : 1,
      "countryCode" : "+62",
      "areaCode" : "",
      "phoneNumber" : "0811320783",
      "phoneType" : "KANTOR",
      "description" : "Kantor",
      "lastUpdateDateTime" : "2017-12-17T00:00:00",
      "inputDateTime" : "2017-12-17T00:00:00",
      "_links" : {
        "self" : {
          "href" : "http://localhost/api/phoneNumbers/2067_0_1"
        },
        "phoneNumber" : {
          "href" : "http://localhost/api/phoneNumbers/2067_0_1"
        },
        "master" : {
          "href" : "http://localhost/api/phoneNumbers/2067_0_1/master"
        }
      }
    }, {
      "inputUserId" : "QSA",
      "lastUpdateUserId" : "QSA",
      "computerId" : "GLSVR171217",
      "lastSynchronizedDate" : null,
      "addressNumber" : "2076",
      "sequence" : 1,
      "countryCode" : "+62",
      "areaCode" : "",
      "phoneNumber" : "031-5316628",
      "phoneType" : "KANTOR",
      "description" : "Kantor",
      "lastUpdateDateTime" : "2017-12-17T00:00:00",
      "inputDateTime" : "2017-12-17T00:00:00",
      "_links" : {
        "self" : {
          "href" : "http://localhost/api/phoneNumbers/2076_0_1"
        },
        "phoneNumber" : {
          "href" : "http://localhost/api/phoneNumbers/2076_0_1"
        },
        "master" : {
          "href" : "http://localhost/api/phoneNumbers/2076_0_1/master"
        }
      }
    }, {
      "inputUserId" : "QSA",
      "lastUpdateUserId" : "QSA",
      "computerId" : "GLSVR171217",
      "lastSynchronizedDate" : null,
      "addressNumber" : "2078",
      "sequence" : 1,
      "countryCode" : "+62",
      "areaCode" : "",
      "phoneNumber" : "08123278008",
      "phoneType" : "KANTOR",
      "description" : "Kantor",
      "lastUpdateDateTime" : "2017-12-17T00:00:00",
      "inputDateTime" : "2017-12-17T00:00:00",
      "_links" : {
        "self" : {
          "href" : "http://localhost/api/phoneNumbers/2078_0_1"
        },
        "phoneNumber" : {
          "href" : "http://localhost/api/phoneNumbers/2078_0_1"
        },
        "master" : {
          "href" : "http://localhost/api/phoneNumbers/2078_0_1/master"
        }
      }
    }, {
      "inputUserId" : "QSA",
      "lastUpdateUserId" : "QSA",
      "computerId" : "GLSVR171217",
      "lastSynchronizedDate" : null,
      "addressNumber" : "2079",
      "sequence" : 1,
      "countryCode" : "+62",
      "areaCode" : "",
      "phoneNumber" : "081218390043",
      "phoneType" : "KANTOR",
      "description" : "Kantor",
      "lastUpdateDateTime" : "2017-12-17T00:00:00",
      "inputDateTime" : "2017-12-17T00:00:00",
      "_links" : {
        "self" : {
          "href" : "http://localhost/api/phoneNumbers/2079_0_1"
        },
        "phoneNumber" : {
          "href" : "http://localhost/api/phoneNumbers/2079_0_1"
        },
        "master" : {
          "href" : "http://localhost/api/phoneNumbers/2079_0_1/master"
        }
      }
    }, {
      "inputUserId" : "QSA",
      "lastUpdateUserId" : "QSA",
      "computerId" : "GLSVR171217",
      "lastSynchronizedDate" : null,
      "addressNumber" : "2081",
      "sequence" : 1,
      "countryCode" : "+62",
      "areaCode" : "",
      "phoneNumber" : "082337599563",
      "phoneType" : "KANTOR",
      "description" : "Kantor",
      "lastUpdateDateTime" : "2017-12-17T00:00:00",
      "inputDateTime" : "2017-12-17T00:00:00",
      "_links" : {
        "self" : {
          "href" : "http://localhost/api/phoneNumbers/2081_0_1"
        },
        "phoneNumber" : {
          "href" : "http://localhost/api/phoneNumbers/2081_0_1"
        },
        "master" : {
          "href" : "http://localhost/api/phoneNumbers/2081_0_1/master"
        }
      }
    }, {
      "inputUserId" : "QSA",
      "lastUpdateUserId" : "QSA",
      "computerId" : "GLSVR171217",
      "lastSynchronizedDate" : null,
      "addressNumber" : "2090",
      "sequence" : 1,
      "countryCode" : "+62",
      "areaCode" : "",
      "phoneNumber" : "082299499396",
      "phoneType" : "KANTOR",
      "description" : "Kantor",
      "lastUpdateDateTime" : "2017-12-17T00:00:00",
      "inputDateTime" : "2017-12-17T00:00:00",
      "_links" : {
        "self" : {
          "href" : "http://localhost/api/phoneNumbers/2090_0_1"
        },
        "phoneNumber" : {
          "href" : "http://localhost/api/phoneNumbers/2090_0_1"
        },
        "master" : {
          "href" : "http://localhost/api/phoneNumbers/2090_0_1/master"
        }
      }
    }, {
      "inputUserId" : "QSA",
      "lastUpdateUserId" : "QSA",
      "computerId" : "GLSVR171217",
      "lastSynchronizedDate" : null,
      "addressNumber" : "2094",
      "sequence" : 1,
      "countryCode" : "+62",
      "areaCode" : "",
      "phoneNumber" : "08114116841",
      "phoneType" : "KANTOR",
      "description" : "Kantor",
      "lastUpdateDateTime" : "2017-12-17T00:00:00",
      "inputDateTime" : "2017-12-17T00:00:00",
      "_links" : {
        "self" : {
          "href" : "http://localhost/api/phoneNumbers/2094_0_1"
        },
        "phoneNumber" : {
          "href" : "http://localhost/api/phoneNumbers/2094_0_1"
        },
        "master" : {
          "href" : "http://localhost/api/phoneNumbers/2094_0_1/master"
        }
      }
    }, {
      "inputUserId" : "QSA",
      "lastUpdateUserId" : "QSA",
      "computerId" : "GLSVR171217",
      "lastSynchronizedDate" : null,
      "addressNumber" : "2095",
      "sequence" : 1,
      "countryCode" : "+62",
      "areaCode" : "",
      "phoneNumber" : "081330205995",
      "phoneType" : "KANTOR",
      "description" : "Kantor",
      "lastUpdateDateTime" : "2017-12-17T00:00:00",
      "inputDateTime" : "2017-12-17T00:00:00",
      "_links" : {
        "self" : {
          "href" : "http://localhost/api/phoneNumbers/2095_0_1"
        },
        "phoneNumber" : {
          "href" : "http://localhost/api/phoneNumbers/2095_0_1"
        },
        "master" : {
          "href" : "http://localhost/api/phoneNumbers/2095_0_1/master"
        }
      }
    }, {
      "inputUserId" : "QSA",
      "lastUpdateUserId" : "QSA",
      "computerId" : "GLSVR171217",
      "lastSynchronizedDate" : null,
      "addressNumber" : "2106",
      "sequence" : 1,
      "countryCode" : "+62",
      "areaCode" : "",
      "phoneNumber" : "081249293900",
      "phoneType" : "KANTOR",
      "description" : "Kantor",
      "lastUpdateDateTime" : "2017-12-17T00:00:00",
      "inputDateTime" : "2017-12-17T00:00:00",
      "_links" : {
        "self" : {
          "href" : "http://localhost/api/phoneNumbers/2106_0_1"
        },
        "phoneNumber" : {
          "href" : "http://localhost/api/phoneNumbers/2106_0_1"
        },
        "master" : {
          "href" : "http://localhost/api/phoneNumbers/2106_0_1/master"
        }
      }
    }, {
      "inputUserId" : "QSA",
      "lastUpdateUserId" : "QSA",
      "computerId" : "GLSVR171217",
      "lastSynchronizedDate" : null,
      "addressNumber" : "2107",
      "sequence" : 1,
      "countryCode" : "+62",
      "areaCode" : "",
      "phoneNumber" : "08121706258",
      "phoneType" : "KANTOR",
      "description" : "Kantor",
      "lastUpdateDateTime" : "2017-12-17T00:00:00",
      "inputDateTime" : "2017-12-17T00:00:00",
      "_links" : {
        "self" : {
          "href" : "http://localhost/api/phoneNumbers/2107_0_1"
        },
        "phoneNumber" : {
          "href" : "http://localhost/api/phoneNumbers/2107_0_1"
        },
        "master" : {
          "href" : "http://localhost/api/phoneNumbers/2107_0_1/master"
        }
      }
    }, {
      "inputUserId" : "QSA",
      "lastUpdateUserId" : "QSA",
      "computerId" : "GLSVR171217",
      "lastSynchronizedDate" : null,
      "addressNumber" : "2110",
      "sequence" : 1,
      "countryCode" : "+62",
      "areaCode" : "",
      "phoneNumber" : "082142032733",
      "phoneType" : "KANTOR",
      "description" : "Kantor",
      "lastUpdateDateTime" : "2017-12-17T00:00:00",
      "inputDateTime" : "2017-12-17T00:00:00",
      "_links" : {
        "self" : {
          "href" : "http://localhost/api/phoneNumbers/2110_0_1"
        },
        "phoneNumber" : {
          "href" : "http://localhost/api/phoneNumbers/2110_0_1"
        },
        "master" : {
          "href" : "http://localhost/api/phoneNumbers/2110_0_1/master"
        }
      }
    }, {
      "inputUserId" : "QSA",
      "lastUpdateUserId" : "QSA",
      "computerId" : "GLSVR171217",
      "lastSynchronizedDate" : null,
      "addressNumber" : "2113",
      "sequence" : 1,
      "countryCode" : "+62",
      "areaCode" : "",
      "phoneNumber" : "08123204556",
      "phoneType" : "KANTOR",
      "description" : "Kantor",
      "lastUpdateDateTime" : "2017-12-17T00:00:00",
      "inputDateTime" : "2017-12-17T00:00:00",
      "_links" : {
        "self" : {
          "href" : "http://localhost/api/phoneNumbers/2113_0_1"
        },
        "phoneNumber" : {
          "href" : "http://localhost/api/phoneNumbers/2113_0_1"
        },
        "master" : {
          "href" : "http://localhost/api/phoneNumbers/2113_0_1/master"
        }
      }
    }, {
      "inputUserId" : "QSA",
      "lastUpdateUserId" : "QSA",
      "computerId" : "GLSVR171217",
      "lastSynchronizedDate" : null,
      "addressNumber" : "2114",
      "sequence" : 1,
      "countryCode" : "+62",
      "areaCode" : "",
      "phoneNumber" : "085105727171",
      "phoneType" : "KANTOR",
      "description" : "Kantor",
      "lastUpdateDateTime" : "2017-12-17T00:00:00",
      "inputDateTime" : "2017-12-17T00:00:00",
      "_links" : {
        "self" : {
          "href" : "http://localhost/api/phoneNumbers/2114_0_1"
        },
        "phoneNumber" : {
          "href" : "http://localhost/api/phoneNumbers/2114_0_1"
        },
        "master" : {
          "href" : "http://localhost/api/phoneNumbers/2114_0_1/master"
        }
      }
    }, {
      "inputUserId" : "QSA",
      "lastUpdateUserId" : "QSA",
      "computerId" : "GLSVR171217",
      "lastSynchronizedDate" : null,
      "addressNumber" : "2117",
      "sequence" : 1,
      "countryCode" : "+62",
      "areaCode" : "",
      "phoneNumber" : "081259418000",
      "phoneType" : "KANTOR",
      "description" : "Kantor",
      "lastUpdateDateTime" : "2017-12-17T00:00:00",
      "inputDateTime" : "2017-12-17T00:00:00",
      "_links" : {
        "self" : {
          "href" : "http://localhost/api/phoneNumbers/2117_0_1"
        },
        "phoneNumber" : {
          "href" : "http://localhost/api/phoneNumbers/2117_0_1"
        },
        "master" : {
          "href" : "http://localhost/api/phoneNumbers/2117_0_1/master"
        }
      }
    }, {
      "inputUserId" : "QSA",
      "lastUpdateUserId" : "QSA",
      "computerId" : "GLSVR171217",
      "lastSynchronizedDate" : null,
      "addressNumber" : "2133",
      "sequence" : 1,
      "countryCode" : "+62",
      "areaCode" : "",
      "phoneNumber" : "08123242264",
      "phoneType" : "KANTOR",
      "description" : "Kantor",
      "lastUpdateDateTime" : "2017-12-17T00:00:00",
      "inputDateTime" : "2017-12-17T00:00:00",
      "_links" : {
        "self" : {
          "href" : "http://localhost/api/phoneNumbers/2133_0_1"
        },
        "phoneNumber" : {
          "href" : "http://localhost/api/phoneNumbers/2133_0_1"
        },
        "master" : {
          "href" : "http://localhost/api/phoneNumbers/2133_0_1/master"
        }
      }
    }, {
      "inputUserId" : "QSA",
      "lastUpdateUserId" : "QSA",
      "computerId" : "GLSVR171217",
      "lastSynchronizedDate" : null,
      "addressNumber" : "2149",
      "sequence" : 1,
      "countryCode" : "+62",
      "areaCode" : "",
      "phoneNumber" : "021-62307428",
      "phoneType" : "KANTOR",
      "description" : "Kantor",
      "lastUpdateDateTime" : "2017-12-17T00:00:00",
      "inputDateTime" : "2017-12-17T00:00:00",
      "_links" : {
        "self" : {
          "href" : "http://localhost/api/phoneNumbers/2149_0_1"
        },
        "phoneNumber" : {
          "href" : "http://localhost/api/phoneNumbers/2149_0_1"
        },
        "master" : {
          "href" : "http://localhost/api/phoneNumbers/2149_0_1/master"
        }
      }
    }, {
      "inputUserId" : "QSA",
      "lastUpdateUserId" : "QSA",
      "computerId" : "GLSVR171217",
      "lastSynchronizedDate" : null,
      "addressNumber" : "2152",
      "sequence" : 1,
      "countryCode" : "+62",
      "areaCode" : "",
      "phoneNumber" : "081851518900",
      "phoneType" : "KANTOR",
      "description" : "Kantor",
      "lastUpdateDateTime" : "2017-12-17T00:00:00",
      "inputDateTime" : "2017-12-17T00:00:00",
      "_links" : {
        "self" : {
          "href" : "http://localhost/api/phoneNumbers/2152_0_1"
        },
        "phoneNumber" : {
          "href" : "http://localhost/api/phoneNumbers/2152_0_1"
        },
        "master" : {
          "href" : "http://localhost/api/phoneNumbers/2152_0_1/master"
        }
      }
    }, {
      "inputUserId" : "QSA",
      "lastUpdateUserId" : "QSA",
      "computerId" : "GLSVR171217",
      "lastSynchronizedDate" : null,
      "addressNumber" : "2155",
      "sequence" : 1,
      "countryCode" : "+62",
      "areaCode" : "",
      "phoneNumber" : "085921997008",
      "phoneType" : "KANTOR",
      "description" : "Kantor",
      "lastUpdateDateTime" : "2017-12-17T00:00:00",
      "inputDateTime" : "2017-12-17T00:00:00",
      "_links" : {
        "self" : {
          "href" : "http://localhost/api/phoneNumbers/2155_0_1"
        },
        "phoneNumber" : {
          "href" : "http://localhost/api/phoneNumbers/2155_0_1"
        },
        "master" : {
          "href" : "http://localhost/api/phoneNumbers/2155_0_1/master"
        }
      }
    }, {
      "inputUserId" : "QSA",
      "lastUpdateUserId" : "QSA",
      "computerId" : "GLSVR171217",
      "lastSynchronizedDate" : null,
      "addressNumber" : "2156",
      "sequence" : 1,
      "countryCode" : "+62",
      "areaCode" : "",
      "phoneNumber" : "021-30004949",
      "phoneType" : "KANTOR",
      "description" : "Kantor",
      "lastUpdateDateTime" : "2017-12-17T00:00:00",
      "inputDateTime" : "2017-12-17T00:00:00",
      "_links" : {
        "self" : {
          "href" : "http://localhost/api/phoneNumbers/2156_0_1"
        },
        "phoneNumber" : {
          "href" : "http://localhost/api/phoneNumbers/2156_0_1"
        },
        "master" : {
          "href" : "http://localhost/api/phoneNumbers/2156_0_1/master"
        }
      }
    }, {
      "inputUserId" : "QSA",
      "lastUpdateUserId" : "QSA",
      "computerId" : "GLSVR171217",
      "lastSynchronizedDate" : null,
      "addressNumber" : "2158",
      "sequence" : 1,
      "countryCode" : "+62",
      "areaCode" : "",
      "phoneNumber" : "085755554000",
      "phoneType" : "KANTOR",
      "description" : "Kantor",
      "lastUpdateDateTime" : "2017-12-17T00:00:00",
      "inputDateTime" : "2017-12-17T00:00:00",
      "_links" : {
        "self" : {
          "href" : "http://localhost/api/phoneNumbers/2158_0_1"
        },
        "phoneNumber" : {
          "href" : "http://localhost/api/phoneNumbers/2158_0_1"
        },
        "master" : {
          "href" : "http://localhost/api/phoneNumbers/2158_0_1/master"
        }
      }
    }, {
      "inputUserId" : "QSA",
      "lastUpdateUserId" : "QSA",
      "computerId" : "GLSVR171217",
      "lastSynchronizedDate" : null,
      "addressNumber" : "2165",
      "sequence" : 1,
      "countryCode" : "+62",
      "areaCode" : "",
      "phoneNumber" : "081347057500",
      "phoneType" : "KANTOR",
      "description" : "Kantor",
      "lastUpdateDateTime" : "2017-12-17T00:00:00",
      "inputDateTime" : "2017-12-17T00:00:00",
      "_links" : {
        "self" : {
          "href" : "http://localhost/api/phoneNumbers/2165_0_1"
        },
        "phoneNumber" : {
          "href" : "http://localhost/api/phoneNumbers/2165_0_1"
        },
        "master" : {
          "href" : "http://localhost/api/phoneNumbers/2165_0_1/master"
        }
      }
    }, {
      "inputUserId" : "QSA",
      "lastUpdateUserId" : "QSA",
      "computerId" : "GLSVR171217",
      "lastSynchronizedDate" : null,
      "addressNumber" : "2166",
      "sequence" : 1,
      "countryCode" : "+62",
      "areaCode" : "",
      "phoneNumber" : "031-5322362",
      "phoneType" : "KANTOR",
      "description" : "Kantor",
      "lastUpdateDateTime" : "2017-12-17T00:00:00",
      "inputDateTime" : "2017-12-17T00:00:00",
      "_links" : {
        "self" : {
          "href" : "http://localhost/api/phoneNumbers/2166_0_1"
        },
        "phoneNumber" : {
          "href" : "http://localhost/api/phoneNumbers/2166_0_1"
        },
        "master" : {
          "href" : "http://localhost/api/phoneNumbers/2166_0_1/master"
        }
      }
    }, {
      "inputUserId" : "QSA",
      "lastUpdateUserId" : "QSA",
      "computerId" : "GLSVR171217",
      "lastSynchronizedDate" : null,
      "addressNumber" : "2169",
      "sequence" : 1,
      "countryCode" : "+62",
      "areaCode" : "",
      "phoneNumber" : "031-5481636",
      "phoneType" : "KANTOR",
      "description" : "Kantor",
      "lastUpdateDateTime" : "2017-12-17T00:00:00",
      "inputDateTime" : "2017-12-17T00:00:00",
      "_links" : {
        "self" : {
          "href" : "http://localhost/api/phoneNumbers/2169_0_1"
        },
        "phoneNumber" : {
          "href" : "http://localhost/api/phoneNumbers/2169_0_1"
        },
        "master" : {
          "href" : "http://localhost/api/phoneNumbers/2169_0_1/master"
        }
      }
    }, {
      "inputUserId" : "QSA",
      "lastUpdateUserId" : "QSA",
      "computerId" : "GLSVR171217",
      "lastSynchronizedDate" : null,
      "addressNumber" : "2172",
      "sequence" : 1,
      "countryCode" : "+62",
      "areaCode" : "",
      "phoneNumber" : "031-5472907",
      "phoneType" : "KANTOR",
      "description" : "Kantor",
      "lastUpdateDateTime" : "2017-12-17T00:00:00",
      "inputDateTime" : "2017-12-17T00:00:00",
      "_links" : {
        "self" : {
          "href" : "http://localhost/api/phoneNumbers/2172_0_1"
        },
        "phoneNumber" : {
          "href" : "http://localhost/api/phoneNumbers/2172_0_1"
        },
        "master" : {
          "href" : "http://localhost/api/phoneNumbers/2172_0_1/master"
        }
      }
    }, {
      "inputUserId" : "QSA",
      "lastUpdateUserId" : "QSA",
      "computerId" : "GLSVR171217",
      "lastSynchronizedDate" : null,
      "addressNumber" : "2173",
      "sequence" : 1,
      "countryCode" : "+62",
      "areaCode" : "",
      "phoneNumber" : "082233535834",
      "phoneType" : "KANTOR",
      "description" : "Kantor",
      "lastUpdateDateTime" : "2017-12-17T00:00:00",
      "inputDateTime" : "2017-12-17T00:00:00",
      "_links" : {
        "self" : {
          "href" : "http://localhost/api/phoneNumbers/2173_0_1"
        },
        "phoneNumber" : {
          "href" : "http://localhost/api/phoneNumbers/2173_0_1"
        },
        "master" : {
          "href" : "http://localhost/api/phoneNumbers/2173_0_1/master"
        }
      }
    }, {
      "inputUserId" : "QSA",
      "lastUpdateUserId" : "QSA",
      "computerId" : "GLSVR171217",
      "lastSynchronizedDate" : null,
      "addressNumber" : "2175",
      "sequence" : 1,
      "countryCode" : "+62",
      "areaCode" : "",
      "phoneNumber" : "082127444584",
      "phoneType" : "KANTOR",
      "description" : "Kantor",
      "lastUpdateDateTime" : "2017-12-17T00:00:00",
      "inputDateTime" : "2017-12-17T00:00:00",
      "_links" : {
        "self" : {
          "href" : "http://localhost/api/phoneNumbers/2175_0_1"
        },
        "phoneNumber" : {
          "href" : "http://localhost/api/phoneNumbers/2175_0_1"
        },
        "master" : {
          "href" : "http://localhost/api/phoneNumbers/2175_0_1/master"
        }
      }
    }, {
      "inputUserId" : "QSA",
      "lastUpdateUserId" : "QSA",
      "computerId" : "GLSVR171217",
      "lastSynchronizedDate" : null,
      "addressNumber" : "2176",
      "sequence" : 1,
      "countryCode" : "+62",
      "areaCode" : "",
      "phoneNumber" : "087834514853",
      "phoneType" : "KANTOR",
      "description" : "Kantor",
      "lastUpdateDateTime" : "2017-12-17T00:00:00",
      "inputDateTime" : "2017-12-17T00:00:00",
      "_links" : {
        "self" : {
          "href" : "http://localhost/api/phoneNumbers/2176_0_1"
        },
        "phoneNumber" : {
          "href" : "http://localhost/api/phoneNumbers/2176_0_1"
        },
        "master" : {
          "href" : "http://localhost/api/phoneNumbers/2176_0_1/master"
        }
      }
    }, {
      "inputUserId" : "QSA",
      "lastUpdateUserId" : "QSA",
      "computerId" : "GLSVR171217",
      "lastSynchronizedDate" : null,
      "addressNumber" : "2180",
      "sequence" : 1,
      "countryCode" : "+62",
      "areaCode" : "",
      "phoneNumber" : "031-5471262",
      "phoneType" : "KANTOR",
      "description" : "Kantor",
      "lastUpdateDateTime" : "2017-12-17T00:00:00",
      "inputDateTime" : "2017-12-17T00:00:00",
      "_links" : {
        "self" : {
          "href" : "http://localhost/api/phoneNumbers/2180_0_1"
        },
        "phoneNumber" : {
          "href" : "http://localhost/api/phoneNumbers/2180_0_1"
        },
        "master" : {
          "href" : "http://localhost/api/phoneNumbers/2180_0_1/master"
        }
      }
    }, {
      "inputUserId" : "QSA",
      "lastUpdateUserId" : "QSA",
      "computerId" : "GLSVR171217",
      "lastSynchronizedDate" : null,
      "addressNumber" : "2181",
      "sequence" : 1,
      "countryCode" : "+62",
      "areaCode" : "",
      "phoneNumber" : "081335106393",
      "phoneType" : "KANTOR",
      "description" : "Kantor",
      "lastUpdateDateTime" : "2017-12-17T00:00:00",
      "inputDateTime" : "2017-12-17T00:00:00",
      "_links" : {
        "self" : {
          "href" : "http://localhost/api/phoneNumbers/2181_0_1"
        },
        "phoneNumber" : {
          "href" : "http://localhost/api/phoneNumbers/2181_0_1"
        },
        "master" : {
          "href" : "http://localhost/api/phoneNumbers/2181_0_1/master"
        }
      }
    }, {
      "inputUserId" : "QSA",
      "lastUpdateUserId" : "QSA",
      "computerId" : "GLSVR171217",
      "lastSynchronizedDate" : null,
      "addressNumber" : "2182",
      "sequence" : 1,
      "countryCode" : "+62",
      "areaCode" : "",
      "phoneNumber" : "081230449666",
      "phoneType" : "KANTOR",
      "description" : "Kantor",
      "lastUpdateDateTime" : "2017-12-17T00:00:00",
      "inputDateTime" : "2017-12-17T00:00:00",
      "_links" : {
        "self" : {
          "href" : "http://localhost/api/phoneNumbers/2182_0_1"
        },
        "phoneNumber" : {
          "href" : "http://localhost/api/phoneNumbers/2182_0_1"
        },
        "master" : {
          "href" : "http://localhost/api/phoneNumbers/2182_0_1/master"
        }
      }
    }, {
      "inputUserId" : "QSA",
      "lastUpdateUserId" : "QSA",
      "computerId" : "GLSVR171217",
      "lastSynchronizedDate" : null,
      "addressNumber" : "2184",
      "sequence" : 1,
      "countryCode" : "+62",
      "areaCode" : "",
      "phoneNumber" : "0878-6066-6565",
      "phoneType" : "KANTOR",
      "description" : "Kantor",
      "lastUpdateDateTime" : "2017-12-17T00:00:00",
      "inputDateTime" : "2017-12-17T00:00:00",
      "_links" : {
        "self" : {
          "href" : "http://localhost/api/phoneNumbers/2184_0_1"
        },
        "phoneNumber" : {
          "href" : "http://localhost/api/phoneNumbers/2184_0_1"
        },
        "master" : {
          "href" : "http://localhost/api/phoneNumbers/2184_0_1/master"
        }
      }
    }, {
      "inputUserId" : "QSA",
      "lastUpdateUserId" : "QSA",
      "computerId" : "GLSVR171217",
      "lastSynchronizedDate" : null,
      "addressNumber" : "2186",
      "sequence" : 1,
      "countryCode" : "+62",
      "areaCode" : "",
      "phoneNumber" : "082142537959",
      "phoneType" : "KANTOR",
      "description" : "Kantor",
      "lastUpdateDateTime" : "2017-12-17T00:00:00",
      "inputDateTime" : "2017-12-17T00:00:00",
      "_links" : {
        "self" : {
          "href" : "http://localhost/api/phoneNumbers/2186_0_1"
        },
        "phoneNumber" : {
          "href" : "http://localhost/api/phoneNumbers/2186_0_1"
        },
        "master" : {
          "href" : "http://localhost/api/phoneNumbers/2186_0_1/master"
        }
      }
    }, {
      "inputUserId" : "QSA",
      "lastUpdateUserId" : "QSA",
      "computerId" : "GLSVR171217",
      "lastSynchronizedDate" : null,
      "addressNumber" : "2191",
      "sequence" : 1,
      "countryCode" : "+62",
      "areaCode" : "",
      "phoneNumber" : "0358-329603",
      "phoneType" : "KANTOR",
      "description" : "Kantor",
      "lastUpdateDateTime" : "2017-12-17T00:00:00",
      "inputDateTime" : "2017-12-17T00:00:00",
      "_links" : {
        "self" : {
          "href" : "http://localhost/api/phoneNumbers/2191_0_1"
        },
        "phoneNumber" : {
          "href" : "http://localhost/api/phoneNumbers/2191_0_1"
        },
        "master" : {
          "href" : "http://localhost/api/phoneNumbers/2191_0_1/master"
        }
      }
    }, {
      "inputUserId" : "QSA",
      "lastUpdateUserId" : "QSA",
      "computerId" : "GLSVR171217",
      "lastSynchronizedDate" : null,
      "addressNumber" : "2191",
      "sequence" : 2,
      "countryCode" : "+62",
      "areaCode" : "",
      "phoneNumber" : "082147124471",
      "phoneType" : "KANTOR",
      "description" : "Kantor",
      "lastUpdateDateTime" : "2017-12-17T00:00:00",
      "inputDateTime" : "2017-12-17T00:00:00",
      "_links" : {
        "self" : {
          "href" : "http://localhost/api/phoneNumbers/2191_0_2"
        },
        "phoneNumber" : {
          "href" : "http://localhost/api/phoneNumbers/2191_0_2"
        },
        "master" : {
          "href" : "http://localhost/api/phoneNumbers/2191_0_2/master"
        }
      }
    }, {
      "inputUserId" : "QSA",
      "lastUpdateUserId" : "QSA",
      "computerId" : "GLSVR171217",
      "lastSynchronizedDate" : null,
      "addressNumber" : "2192",
      "sequence" : 1,
      "countryCode" : "+62",
      "areaCode" : "",
      "phoneNumber" : "0811319958",
      "phoneType" : "KANTOR",
      "description" : "Kantor",
      "lastUpdateDateTime" : "2017-12-17T00:00:00",
      "inputDateTime" : "2017-12-17T00:00:00",
      "_links" : {
        "self" : {
          "href" : "http://localhost/api/phoneNumbers/2192_0_1"
        },
        "phoneNumber" : {
          "href" : "http://localhost/api/phoneNumbers/2192_0_1"
        },
        "master" : {
          "href" : "http://localhost/api/phoneNumbers/2192_0_1/master"
        }
      }
    }, {
      "inputUserId" : "QSA",
      "lastUpdateUserId" : "QSA",
      "computerId" : "GLSVR171217",
      "lastSynchronizedDate" : null,
      "addressNumber" : "2200",
      "sequence" : 1,
      "countryCode" : "+62",
      "areaCode" : "",
      "phoneNumber" : "0818371626",
      "phoneType" : "KANTOR",
      "description" : "Kantor",
      "lastUpdateDateTime" : "2017-12-17T00:00:00",
      "inputDateTime" : "2017-12-17T00:00:00",
      "_links" : {
        "self" : {
          "href" : "http://localhost/api/phoneNumbers/2200_0_1"
        },
        "phoneNumber" : {
          "href" : "http://localhost/api/phoneNumbers/2200_0_1"
        },
        "master" : {
          "href" : "http://localhost/api/phoneNumbers/2200_0_1/master"
        }
      }
    }, {
      "inputUserId" : "QSA",
      "lastUpdateUserId" : "QSA",
      "computerId" : "GLSVR171217",
      "lastSynchronizedDate" : null,
      "addressNumber" : "2201",
      "sequence" : 1,
      "countryCode" : "+62",
      "areaCode" : "",
      "phoneNumber" : "031-5329829",
      "phoneType" : "KANTOR",
      "description" : "Kantor",
      "lastUpdateDateTime" : "2017-12-17T00:00:00",
      "inputDateTime" : "2017-12-17T00:00:00",
      "_links" : {
        "self" : {
          "href" : "http://localhost/api/phoneNumbers/2201_0_1"
        },
        "phoneNumber" : {
          "href" : "http://localhost/api/phoneNumbers/2201_0_1"
        },
        "master" : {
          "href" : "http://localhost/api/phoneNumbers/2201_0_1/master"
        }
      }
    }, {
      "inputUserId" : "QSA",
      "lastUpdateUserId" : "QSA",
      "computerId" : "GLSVR171217",
      "lastSynchronizedDate" : null,
      "addressNumber" : "2208",
      "sequence" : 1,
      "countryCode" : "+62",
      "areaCode" : "",
      "phoneNumber" : "021-6318282",
      "phoneType" : "KANTOR",
      "description" : "Kantor",
      "lastUpdateDateTime" : "2017-12-17T00:00:00",
      "inputDateTime" : "2017-12-17T00:00:00",
      "_links" : {
        "self" : {
          "href" : "http://localhost/api/phoneNumbers/2208_0_1"
        },
        "phoneNumber" : {
          "href" : "http://localhost/api/phoneNumbers/2208_0_1"
        },
        "master" : {
          "href" : "http://localhost/api/phoneNumbers/2208_0_1/master"
        }
      }
    }, {
      "inputUserId" : "QSA",
      "lastUpdateUserId" : "QSA",
      "computerId" : "GLSVR171217",
      "lastSynchronizedDate" : null,
      "addressNumber" : "2208",
      "sequence" : 2,
      "countryCode" : "+62",
      "areaCode" : "",
      "phoneNumber" : "021-6318283",
      "phoneType" : "KANTOR",
      "description" : "Kantor",
      "lastUpdateDateTime" : "2017-12-17T00:00:00",
      "inputDateTime" : "2017-12-17T00:00:00",
      "_links" : {
        "self" : {
          "href" : "http://localhost/api/phoneNumbers/2208_0_2"
        },
        "phoneNumber" : {
          "href" : "http://localhost/api/phoneNumbers/2208_0_2"
        },
        "master" : {
          "href" : "http://localhost/api/phoneNumbers/2208_0_2/master"
        }
      }
    }, {
      "inputUserId" : "QSA",
      "lastUpdateUserId" : "QSA",
      "computerId" : "GLSVR171217",
      "lastSynchronizedDate" : null,
      "addressNumber" : "2209",
      "sequence" : 1,
      "countryCode" : "+62",
      "areaCode" : "",
      "phoneNumber" : "031-5320220",
      "phoneType" : "KANTOR",
      "description" : "Kantor",
      "lastUpdateDateTime" : "2017-12-17T00:00:00",
      "inputDateTime" : "2017-12-17T00:00:00",
      "_links" : {
        "self" : {
          "href" : "http://localhost/api/phoneNumbers/2209_0_1"
        },
        "phoneNumber" : {
          "href" : "http://localhost/api/phoneNumbers/2209_0_1"
        },
        "master" : {
          "href" : "http://localhost/api/phoneNumbers/2209_0_1/master"
        }
      }
    }, {
      "inputUserId" : "QSA",
      "lastUpdateUserId" : "QSA",
      "computerId" : "GLSVR171217",
      "lastSynchronizedDate" : null,
      "addressNumber" : "2210",
      "sequence" : 1,
      "countryCode" : "+62",
      "areaCode" : "",
      "phoneNumber" : "031-5041750",
      "phoneType" : "KANTOR",
      "description" : "Kantor",
      "lastUpdateDateTime" : "2017-12-17T00:00:00",
      "inputDateTime" : "2017-12-17T00:00:00",
      "_links" : {
        "self" : {
          "href" : "http://localhost/api/phoneNumbers/2210_0_1"
        },
        "phoneNumber" : {
          "href" : "http://localhost/api/phoneNumbers/2210_0_1"
        },
        "master" : {
          "href" : "http://localhost/api/phoneNumbers/2210_0_1/master"
        }
      }
    }, {
      "inputUserId" : "QSA",
      "lastUpdateUserId" : "QSA",
      "computerId" : "GLSVR171217",
      "lastSynchronizedDate" : null,
      "addressNumber" : "2212",
      "sequence" : 1,
      "countryCode" : "+62",
      "areaCode" : "",
      "phoneNumber" : "081332804130",
      "phoneType" : "KANTOR",
      "description" : "Kantor",
      "lastUpdateDateTime" : "2017-12-17T00:00:00",
      "inputDateTime" : "2017-12-17T00:00:00",
      "_links" : {
        "self" : {
          "href" : "http://localhost/api/phoneNumbers/2212_0_1"
        },
        "phoneNumber" : {
          "href" : "http://localhost/api/phoneNumbers/2212_0_1"
        },
        "master" : {
          "href" : "http://localhost/api/phoneNumbers/2212_0_1/master"
        }
      }
    }, {
      "inputUserId" : "QSA",
      "lastUpdateUserId" : "QSA",
      "computerId" : "GLSVR171217",
      "lastSynchronizedDate" : null,
      "addressNumber" : "2214",
      "sequence" : 1,
      "countryCode" : "+62",
      "areaCode" : "",
      "phoneNumber" : "085100258297",
      "phoneType" : "KANTOR",
      "description" : "Kantor",
      "lastUpdateDateTime" : "2017-12-17T00:00:00",
      "inputDateTime" : "2017-12-17T00:00:00",
      "_links" : {
        "self" : {
          "href" : "http://localhost/api/phoneNumbers/2214_0_1"
        },
        "phoneNumber" : {
          "href" : "http://localhost/api/phoneNumbers/2214_0_1"
        },
        "master" : {
          "href" : "http://localhost/api/phoneNumbers/2214_0_1/master"
        }
      }
    }, {
      "inputUserId" : "QSA",
      "lastUpdateUserId" : "QSA",
      "computerId" : "GLSVR171217",
      "lastSynchronizedDate" : null,
      "addressNumber" : "2217",
      "sequence" : 1,
      "countryCode" : "+62",
      "areaCode" : "",
      "phoneNumber" : "031-5055667",
      "phoneType" : "KANTOR",
      "description" : "Kantor",
      "lastUpdateDateTime" : "2017-12-17T00:00:00",
      "inputDateTime" : "2017-12-17T00:00:00",
      "_links" : {
        "self" : {
          "href" : "http://localhost/api/phoneNumbers/2217_0_1"
        },
        "phoneNumber" : {
          "href" : "http://localhost/api/phoneNumbers/2217_0_1"
        },
        "master" : {
          "href" : "http://localhost/api/phoneNumbers/2217_0_1/master"
        }
      }
    }, {
      "inputUserId" : "QSA",
      "lastUpdateUserId" : "QSA",
      "computerId" : "GLSVR171217",
      "lastSynchronizedDate" : null,
      "addressNumber" : "2219",
      "sequence" : 1,
      "countryCode" : "+62",
      "areaCode" : "",
      "phoneNumber" : "021-65302960",
      "phoneType" : "KANTOR",
      "description" : "Kantor",
      "lastUpdateDateTime" : "2017-12-17T00:00:00",
      "inputDateTime" : "2017-12-17T00:00:00",
      "_links" : {
        "self" : {
          "href" : "http://localhost/api/phoneNumbers/2219_0_1"
        },
        "phoneNumber" : {
          "href" : "http://localhost/api/phoneNumbers/2219_0_1"
        },
        "master" : {
          "href" : "http://localhost/api/phoneNumbers/2219_0_1/master"
        }
      }
    }, {
      "inputUserId" : "QSA",
      "lastUpdateUserId" : "QSA",
      "computerId" : "GLSVR171217",
      "lastSynchronizedDate" : null,
      "addressNumber" : "2221",
      "sequence" : 1,
      "countryCode" : "+62",
      "areaCode" : "",
      "phoneNumber" : "08117002525",
      "phoneType" : "KANTOR",
      "description" : "Kantor",
      "lastUpdateDateTime" : "2017-12-17T00:00:00",
      "inputDateTime" : "2017-12-17T00:00:00",
      "_links" : {
        "self" : {
          "href" : "http://localhost/api/phoneNumbers/2221_0_1"
        },
        "phoneNumber" : {
          "href" : "http://localhost/api/phoneNumbers/2221_0_1"
        },
        "master" : {
          "href" : "http://localhost/api/phoneNumbers/2221_0_1/master"
        }
      }
    }, {
      "inputUserId" : "QSA",
      "lastUpdateUserId" : "QSA",
      "computerId" : "GLSVR171217",
      "lastSynchronizedDate" : null,
      "addressNumber" : "2221",
      "sequence" : 2,
      "countryCode" : "+62",
      "areaCode" : "",
      "phoneNumber" : "081288888800",
      "phoneType" : "KANTOR",
      "description" : "Kantor",
      "lastUpdateDateTime" : "2017-12-17T00:00:00",
      "inputDateTime" : "2017-12-17T00:00:00",
      "_links" : {
        "self" : {
          "href" : "http://localhost/api/phoneNumbers/2221_0_2"
        },
        "phoneNumber" : {
          "href" : "http://localhost/api/phoneNumbers/2221_0_2"
        },
        "master" : {
          "href" : "http://localhost/api/phoneNumbers/2221_0_2/master"
        }
      }
    }, {
      "inputUserId" : "QSA",
      "lastUpdateUserId" : "QSA",
      "computerId" : "GLSVR171217",
      "lastSynchronizedDate" : null,
      "addressNumber" : "2223",
      "sequence" : 1,
      "countryCode" : "+62",
      "areaCode" : "",
      "phoneNumber" : "0361-4745446",
      "phoneType" : "KANTOR",
      "description" : "Kantor",
      "lastUpdateDateTime" : "2017-12-17T00:00:00",
      "inputDateTime" : "2017-12-17T00:00:00",
      "_links" : {
        "self" : {
          "href" : "http://localhost/api/phoneNumbers/2223_0_1"
        },
        "phoneNumber" : {
          "href" : "http://localhost/api/phoneNumbers/2223_0_1"
        },
        "master" : {
          "href" : "http://localhost/api/phoneNumbers/2223_0_1/master"
        }
      }
    }, {
      "inputUserId" : "QSA",
      "lastUpdateUserId" : "QSA",
      "computerId" : "GLSVR171217",
      "lastSynchronizedDate" : null,
      "addressNumber" : "2223",
      "sequence" : 2,
      "countryCode" : "+62",
      "areaCode" : "",
      "phoneNumber" : "0361-229158",
      "phoneType" : "KANTOR",
      "description" : "Kantor",
      "lastUpdateDateTime" : "2017-12-17T00:00:00",
      "inputDateTime" : "2017-12-17T00:00:00",
      "_links" : {
        "self" : {
          "href" : "http://localhost/api/phoneNumbers/2223_0_2"
        },
        "phoneNumber" : {
          "href" : "http://localhost/api/phoneNumbers/2223_0_2"
        },
        "master" : {
          "href" : "http://localhost/api/phoneNumbers/2223_0_2/master"
        }
      }
    }, {
      "inputUserId" : "QSA",
      "lastUpdateUserId" : "QSA",
      "computerId" : "GLSVR171217",
      "lastSynchronizedDate" : null,
      "addressNumber" : "2230",
      "sequence" : 1,
      "countryCode" : "+62",
      "areaCode" : "",
      "phoneNumber" : "031-99443344",
      "phoneType" : "KANTOR",
      "description" : "Kantor",
      "lastUpdateDateTime" : "2017-12-17T00:00:00",
      "inputDateTime" : "2017-12-17T00:00:00",
      "_links" : {
        "self" : {
          "href" : "http://localhost/api/phoneNumbers/2230_0_1"
        },
        "phoneNumber" : {
          "href" : "http://localhost/api/phoneNumbers/2230_0_1"
        },
        "master" : {
          "href" : "http://localhost/api/phoneNumbers/2230_0_1/master"
        }
      }
    }, {
      "inputUserId" : "QSA",
      "lastUpdateUserId" : "QSA",
      "computerId" : "GLSVR171217",
      "lastSynchronizedDate" : null,
      "addressNumber" : "2234",
      "sequence" : 1,
      "countryCode" : "+62",
      "areaCode" : "",
      "phoneNumber" : "031-5991199",
      "phoneType" : "KANTOR",
      "description" : "Kantor",
      "lastUpdateDateTime" : "2017-12-17T00:00:00",
      "inputDateTime" : "2017-12-17T00:00:00",
      "_links" : {
        "self" : {
          "href" : "http://localhost/api/phoneNumbers/2234_0_1"
        },
        "phoneNumber" : {
          "href" : "http://localhost/api/phoneNumbers/2234_0_1"
        },
        "master" : {
          "href" : "http://localhost/api/phoneNumbers/2234_0_1/master"
        }
      }
    }, {
      "inputUserId" : "QSA",
      "lastUpdateUserId" : "QSA",
      "computerId" : "GLSVR171217",
      "lastSynchronizedDate" : null,
      "addressNumber" : "2237",
      "sequence" : 1,
      "countryCode" : "+62",
      "areaCode" : "",
      "phoneNumber" : "085231847396",
      "phoneType" : "KANTOR",
      "description" : "Kantor",
      "lastUpdateDateTime" : "2017-12-17T00:00:00",
      "inputDateTime" : "2017-12-17T00:00:00",
      "_links" : {
        "self" : {
          "href" : "http://localhost/api/phoneNumbers/2237_0_1"
        },
        "phoneNumber" : {
          "href" : "http://localhost/api/phoneNumbers/2237_0_1"
        },
        "master" : {
          "href" : "http://localhost/api/phoneNumbers/2237_0_1/master"
        }
      }
    }, {
      "inputUserId" : "QSA",
      "lastUpdateUserId" : "QSA",
      "computerId" : "GLSVR171217",
      "lastSynchronizedDate" : null,
      "addressNumber" : "2244",
      "sequence" : 1,
      "countryCode" : "+62",
      "areaCode" : "",
      "phoneNumber" : "089677379399",
      "phoneType" : "KANTOR",
      "description" : "Kantor",
      "lastUpdateDateTime" : "2017-12-17T00:00:00",
      "inputDateTime" : "2017-12-17T00:00:00",
      "_links" : {
        "self" : {
          "href" : "http://localhost/api/phoneNumbers/2244_0_1"
        },
        "phoneNumber" : {
          "href" : "http://localhost/api/phoneNumbers/2244_0_1"
        },
        "master" : {
          "href" : "http://localhost/api/phoneNumbers/2244_0_1/master"
        }
      }
    }, {
      "inputUserId" : "QSA",
      "lastUpdateUserId" : "QSA",
      "computerId" : "GLSVR171217",
      "lastSynchronizedDate" : null,
      "addressNumber" : "2245",
      "sequence" : 1,
      "countryCode" : "+62",
      "areaCode" : "",
      "phoneNumber" : "081367259887",
      "phoneType" : "KANTOR",
      "description" : "Kantor",
      "lastUpdateDateTime" : "2017-12-17T00:00:00",
      "inputDateTime" : "2017-12-17T00:00:00",
      "_links" : {
        "self" : {
          "href" : "http://localhost/api/phoneNumbers/2245_0_1"
        },
        "phoneNumber" : {
          "href" : "http://localhost/api/phoneNumbers/2245_0_1"
        },
        "master" : {
          "href" : "http://localhost/api/phoneNumbers/2245_0_1/master"
        }
      }
    }, {
      "inputUserId" : "QSA",
      "lastUpdateUserId" : "QSA",
      "computerId" : "GLSVR171217",
      "lastSynchronizedDate" : null,
      "addressNumber" : "2253",
      "sequence" : 1,
      "countryCode" : "+62",
      "areaCode" : "",
      "phoneNumber" : "031-3281596",
      "phoneType" : "KANTOR",
      "description" : "Kantor",
      "lastUpdateDateTime" : "2017-12-17T00:00:00",
      "inputDateTime" : "2017-12-17T00:00:00",
      "_links" : {
        "self" : {
          "href" : "http://localhost/api/phoneNumbers/2253_0_1"
        },
        "phoneNumber" : {
          "href" : "http://localhost/api/phoneNumbers/2253_0_1"
        },
        "master" : {
          "href" : "http://localhost/api/phoneNumbers/2253_0_1/master"
        }
      }
    }, {
      "inputUserId" : "QSA",
      "lastUpdateUserId" : "QSA",
      "computerId" : "GLSVR171217",
      "lastSynchronizedDate" : null,
      "addressNumber" : "2257",
      "sequence" : 1,
      "countryCode" : "+62",
      "areaCode" : "",
      "phoneNumber" : "0361-768500",
      "phoneType" : "KANTOR",
      "description" : "Kantor",
      "lastUpdateDateTime" : "2017-12-17T00:00:00",
      "inputDateTime" : "2017-12-17T00:00:00",
      "_links" : {
        "self" : {
          "href" : "http://localhost/api/phoneNumbers/2257_0_1"
        },
        "phoneNumber" : {
          "href" : "http://localhost/api/phoneNumbers/2257_0_1"
        },
        "master" : {
          "href" : "http://localhost/api/phoneNumbers/2257_0_1/master"
        }
      }
    }, {
      "inputUserId" : "QSA",
      "lastUpdateUserId" : "QSA",
      "computerId" : "GLSVR171217",
      "lastSynchronizedDate" : null,
      "addressNumber" : "2259",
      "sequence" : 1,
      "countryCode" : "+62",
      "areaCode" : "",
      "phoneNumber" : "031-7491000",
      "phoneType" : "KANTOR",
      "description" : "Kantor",
      "lastUpdateDateTime" : "2017-12-17T00:00:00",
      "inputDateTime" : "2017-12-17T00:00:00",
      "_links" : {
        "self" : {
          "href" : "http://localhost/api/phoneNumbers/2259_0_1"
        },
        "phoneNumber" : {
          "href" : "http://localhost/api/phoneNumbers/2259_0_1"
        },
        "master" : {
          "href" : "http://localhost/api/phoneNumbers/2259_0_1/master"
        }
      }
    }, {
      "inputUserId" : "QSA",
      "lastUpdateUserId" : "QSA",
      "computerId" : "GLSVR171217",
      "lastSynchronizedDate" : null,
      "addressNumber" : "2267",
      "sequence" : 1,
      "countryCode" : "+62",
      "areaCode" : "",
      "phoneNumber" : "031-5947970",
      "phoneType" : "KANTOR",
      "description" : "Kantor",
      "lastUpdateDateTime" : "2017-12-17T00:00:00",
      "inputDateTime" : "2017-12-17T00:00:00",
      "_links" : {
        "self" : {
          "href" : "http://localhost/api/phoneNumbers/2267_0_1"
        },
        "phoneNumber" : {
          "href" : "http://localhost/api/phoneNumbers/2267_0_1"
        },
        "master" : {
          "href" : "http://localhost/api/phoneNumbers/2267_0_1/master"
        }
      }
    }, {
      "inputUserId" : "QSA",
      "lastUpdateUserId" : "QSA",
      "computerId" : "GLSVR171217",
      "lastSynchronizedDate" : null,
      "addressNumber" : "2268",
      "sequence" : 2,
      "countryCode" : "+62",
      "areaCode" : "",
      "phoneNumber" : "0811315281",
      "phoneType" : "KANTOR",
      "description" : "Kantor",
      "lastUpdateDateTime" : "2017-12-17T00:00:00",
      "inputDateTime" : "2017-12-17T00:00:00",
      "_links" : {
        "self" : {
          "href" : "http://localhost/api/phoneNumbers/2268_0_2"
        },
        "phoneNumber" : {
          "href" : "http://localhost/api/phoneNumbers/2268_0_2"
        },
        "master" : {
          "href" : "http://localhost/api/phoneNumbers/2268_0_2/master"
        }
      }
    }, {
      "inputUserId" : "QSA",
      "lastUpdateUserId" : "QSA",
      "computerId" : "GLSVR171217",
      "lastSynchronizedDate" : null,
      "addressNumber" : "2275",
      "sequence" : 1,
      "countryCode" : "+62",
      "areaCode" : "",
      "phoneNumber" : "081235755755",
      "phoneType" : "KANTOR",
      "description" : "Kantor",
      "lastUpdateDateTime" : "2017-12-17T00:00:00",
      "inputDateTime" : "2017-12-17T00:00:00",
      "_links" : {
        "self" : {
          "href" : "http://localhost/api/phoneNumbers/2275_0_1"
        },
        "phoneNumber" : {
          "href" : "http://localhost/api/phoneNumbers/2275_0_1"
        },
        "master" : {
          "href" : "http://localhost/api/phoneNumbers/2275_0_1/master"
        }
      }
    }, {
      "inputUserId" : "QSA",
      "lastUpdateUserId" : "QSA",
      "computerId" : "GLSVR171217",
      "lastSynchronizedDate" : null,
      "addressNumber" : "2279",
      "sequence" : 1,
      "countryCode" : "+62",
      "areaCode" : "",
      "phoneNumber" : "081330616828",
      "phoneType" : "KANTOR",
      "description" : "Kantor",
      "lastUpdateDateTime" : "2017-12-17T00:00:00",
      "inputDateTime" : "2017-12-17T00:00:00",
      "_links" : {
        "self" : {
          "href" : "http://localhost/api/phoneNumbers/2279_0_1"
        },
        "phoneNumber" : {
          "href" : "http://localhost/api/phoneNumbers/2279_0_1"
        },
        "master" : {
          "href" : "http://localhost/api/phoneNumbers/2279_0_1/master"
        }
      }
    }, {
      "inputUserId" : "QSA",
      "lastUpdateUserId" : "QSA",
      "computerId" : "GLSVR171217",
      "lastSynchronizedDate" : null,
      "addressNumber" : "2281",
      "sequence" : 1,
      "countryCode" : "+62",
      "areaCode" : "",
      "phoneNumber" : "031-5677157",
      "phoneType" : "KANTOR",
      "description" : "Kantor",
      "lastUpdateDateTime" : "2017-12-17T00:00:00",
      "inputDateTime" : "2017-12-17T00:00:00",
      "_links" : {
        "self" : {
          "href" : "http://localhost/api/phoneNumbers/2281_0_1"
        },
        "phoneNumber" : {
          "href" : "http://localhost/api/phoneNumbers/2281_0_1"
        },
        "master" : {
          "href" : "http://localhost/api/phoneNumbers/2281_0_1/master"
        }
      }
    }, {
      "inputUserId" : "QSA",
      "lastUpdateUserId" : "QSA",
      "computerId" : "GLSVR171217",
      "lastSynchronizedDate" : null,
      "addressNumber" : "2282",
      "sequence" : 1,
      "countryCode" : "+62",
      "areaCode" : "",
      "phoneNumber" : "024-8455773",
      "phoneType" : "KANTOR",
      "description" : "Kantor",
      "lastUpdateDateTime" : "2017-12-17T00:00:00",
      "inputDateTime" : "2017-12-17T00:00:00",
      "_links" : {
        "self" : {
          "href" : "http://localhost/api/phoneNumbers/2282_0_1"
        },
        "phoneNumber" : {
          "href" : "http://localhost/api/phoneNumbers/2282_0_1"
        },
        "master" : {
          "href" : "http://localhost/api/phoneNumbers/2282_0_1/master"
        }
      }
    }, {
      "inputUserId" : "QSA",
      "lastUpdateUserId" : "QSA",
      "computerId" : "GLSVR171217",
      "lastSynchronizedDate" : null,
      "addressNumber" : "2285",
      "sequence" : 1,
      "countryCode" : "+62",
      "areaCode" : "",
      "phoneNumber" : "031-5682151",
      "phoneType" : "KANTOR",
      "description" : "Kantor",
      "lastUpdateDateTime" : "2017-12-17T00:00:00",
      "inputDateTime" : "2017-12-17T00:00:00",
      "_links" : {
        "self" : {
          "href" : "http://localhost/api/phoneNumbers/2285_0_1"
        },
        "phoneNumber" : {
          "href" : "http://localhost/api/phoneNumbers/2285_0_1"
        },
        "master" : {
          "href" : "http://localhost/api/phoneNumbers/2285_0_1/master"
        }
      }
    }, {
      "inputUserId" : "QSA",
      "lastUpdateUserId" : "QSA",
      "computerId" : "GLSVR171217",
      "lastSynchronizedDate" : null,
      "addressNumber" : "2298",
      "sequence" : 1,
      "countryCode" : "+62",
      "areaCode" : "",
      "phoneNumber" : "021-52971700",
      "phoneType" : "KANTOR",
      "description" : "Kantor",
      "lastUpdateDateTime" : "2017-12-17T00:00:00",
      "inputDateTime" : "2017-12-17T00:00:00",
      "_links" : {
        "self" : {
          "href" : "http://localhost/api/phoneNumbers/2298_0_1"
        },
        "phoneNumber" : {
          "href" : "http://localhost/api/phoneNumbers/2298_0_1"
        },
        "master" : {
          "href" : "http://localhost/api/phoneNumbers/2298_0_1/master"
        }
      }
    }, {
      "inputUserId" : "QSA",
      "lastUpdateUserId" : "QSA",
      "computerId" : "GLSVR171217",
      "lastSynchronizedDate" : null,
      "addressNumber" : "2308",
      "sequence" : 1,
      "countryCode" : "+62",
      "areaCode" : "",
      "phoneNumber" : "0621-4153200",
      "phoneType" : "KANTOR",
      "description" : "Kantor",
      "lastUpdateDateTime" : "2017-12-17T00:00:00",
      "inputDateTime" : "2017-12-17T00:00:00",
      "_links" : {
        "self" : {
          "href" : "http://localhost/api/phoneNumbers/2308_0_1"
        },
        "phoneNumber" : {
          "href" : "http://localhost/api/phoneNumbers/2308_0_1"
        },
        "master" : {
          "href" : "http://localhost/api/phoneNumbers/2308_0_1/master"
        }
      }
    }, {
      "inputUserId" : "QSA",
      "lastUpdateUserId" : "QSA",
      "computerId" : "GLSVR171217",
      "lastSynchronizedDate" : null,
      "addressNumber" : "2308",
      "sequence" : 2,
      "countryCode" : "+62",
      "areaCode" : "",
      "phoneNumber" : "0621-4154200",
      "phoneType" : "KANTOR",
      "description" : "Kantor",
      "lastUpdateDateTime" : "2017-12-17T00:00:00",
      "inputDateTime" : "2017-12-17T00:00:00",
      "_links" : {
        "self" : {
          "href" : "http://localhost/api/phoneNumbers/2308_0_2"
        },
        "phoneNumber" : {
          "href" : "http://localhost/api/phoneNumbers/2308_0_2"
        },
        "master" : {
          "href" : "http://localhost/api/phoneNumbers/2308_0_2/master"
        }
      }
    }, {
      "inputUserId" : "QSA",
      "lastUpdateUserId" : "QSA",
      "computerId" : "GLSVR171217",
      "lastSynchronizedDate" : null,
      "addressNumber" : "2308",
      "sequence" : 3,
      "countryCode" : "+62",
      "areaCode" : "",
      "phoneNumber" : "08116559966",
      "phoneType" : "KANTOR",
      "description" : "Kantor",
      "lastUpdateDateTime" : "2017-12-17T00:00:00",
      "inputDateTime" : "2017-12-17T00:00:00",
      "_links" : {
        "self" : {
          "href" : "http://localhost/api/phoneNumbers/2308_0_3"
        },
        "phoneNumber" : {
          "href" : "http://localhost/api/phoneNumbers/2308_0_3"
        },
        "master" : {
          "href" : "http://localhost/api/phoneNumbers/2308_0_3/master"
        }
      }
    }, {
      "inputUserId" : "QSA",
      "lastUpdateUserId" : "QSA",
      "computerId" : "GLSVR171217",
      "lastSynchronizedDate" : null,
      "addressNumber" : "2311",
      "sequence" : 1,
      "countryCode" : "+62",
      "areaCode" : "",
      "phoneNumber" : "0361-8495748",
      "phoneType" : "KANTOR",
      "description" : "Kantor",
      "lastUpdateDateTime" : "2017-12-17T00:00:00",
      "inputDateTime" : "2017-12-17T00:00:00",
      "_links" : {
        "self" : {
          "href" : "http://localhost/api/phoneNumbers/2311_0_1"
        },
        "phoneNumber" : {
          "href" : "http://localhost/api/phoneNumbers/2311_0_1"
        },
        "master" : {
          "href" : "http://localhost/api/phoneNumbers/2311_0_1/master"
        }
      }
    }, {
      "inputUserId" : "QSA",
      "lastUpdateUserId" : "QSA",
      "computerId" : "GLSVR171217",
      "lastSynchronizedDate" : null,
      "addressNumber" : "2314",
      "sequence" : 1,
      "countryCode" : "+62",
      "areaCode" : "",
      "phoneNumber" : "081335848456",
      "phoneType" : "KANTOR",
      "description" : "Kantor",
      "lastUpdateDateTime" : "2017-12-17T00:00:00",
      "inputDateTime" : "2017-12-17T00:00:00",
      "_links" : {
        "self" : {
          "href" : "http://localhost/api/phoneNumbers/2314_0_1"
        },
        "phoneNumber" : {
          "href" : "http://localhost/api/phoneNumbers/2314_0_1"
        },
        "master" : {
          "href" : "http://localhost/api/phoneNumbers/2314_0_1/master"
        }
      }
    }, {
      "inputUserId" : "QSA",
      "lastUpdateUserId" : "QSA",
      "computerId" : "GLSVR171217",
      "lastSynchronizedDate" : null,
      "addressNumber" : "2316",
      "sequence" : 1,
      "countryCode" : "+62",
      "areaCode" : "",
      "phoneNumber" : "031-5666102",
      "phoneType" : "KANTOR",
      "description" : "Kantor",
      "lastUpdateDateTime" : "2017-12-17T00:00:00",
      "inputDateTime" : "2017-12-17T00:00:00",
      "_links" : {
        "self" : {
          "href" : "http://localhost/api/phoneNumbers/2316_0_1"
        },
        "phoneNumber" : {
          "href" : "http://localhost/api/phoneNumbers/2316_0_1"
        },
        "master" : {
          "href" : "http://localhost/api/phoneNumbers/2316_0_1/master"
        }
      }
    }, {
      "inputUserId" : "QSA",
      "lastUpdateUserId" : "QSA",
      "computerId" : "GLSVR171217",
      "lastSynchronizedDate" : null,
      "addressNumber" : "2319",
      "sequence" : 1,
      "countryCode" : "+62",
      "areaCode" : "",
      "phoneNumber" : "021-6126183",
      "phoneType" : "KANTOR",
      "description" : "Kantor",
      "lastUpdateDateTime" : "2017-12-17T00:00:00",
      "inputDateTime" : "2017-12-17T00:00:00",
      "_links" : {
        "self" : {
          "href" : "http://localhost/api/phoneNumbers/2319_0_1"
        },
        "phoneNumber" : {
          "href" : "http://localhost/api/phoneNumbers/2319_0_1"
        },
        "master" : {
          "href" : "http://localhost/api/phoneNumbers/2319_0_1/master"
        }
      }
    }, {
      "inputUserId" : "QSA",
      "lastUpdateUserId" : "QSA",
      "computerId" : "GLSVR171217",
      "lastSynchronizedDate" : null,
      "addressNumber" : "2323",
      "sequence" : 1,
      "countryCode" : "+62",
      "areaCode" : "",
      "phoneNumber" : "031-7507014",
      "phoneType" : "KANTOR",
      "description" : "Kantor",
      "lastUpdateDateTime" : "2017-12-17T00:00:00",
      "inputDateTime" : "2017-12-17T00:00:00",
      "_links" : {
        "self" : {
          "href" : "http://localhost/api/phoneNumbers/2323_0_1"
        },
        "phoneNumber" : {
          "href" : "http://localhost/api/phoneNumbers/2323_0_1"
        },
        "master" : {
          "href" : "http://localhost/api/phoneNumbers/2323_0_1/master"
        }
      }
    }, {
      "inputUserId" : "QSA",
      "lastUpdateUserId" : "QSA",
      "computerId" : "GLSVR171217",
      "lastSynchronizedDate" : null,
      "addressNumber" : "2327",
      "sequence" : 1,
      "countryCode" : "+62",
      "areaCode" : "",
      "phoneNumber" : "031-5035885",
      "phoneType" : "KANTOR",
      "description" : "Kantor",
      "lastUpdateDateTime" : "2017-12-17T00:00:00",
      "inputDateTime" : "2017-12-17T00:00:00",
      "_links" : {
        "self" : {
          "href" : "http://localhost/api/phoneNumbers/2327_0_1"
        },
        "phoneNumber" : {
          "href" : "http://localhost/api/phoneNumbers/2327_0_1"
        },
        "master" : {
          "href" : "http://localhost/api/phoneNumbers/2327_0_1/master"
        }
      }
    }, {
      "inputUserId" : "QSA",
      "lastUpdateUserId" : "QSA",
      "computerId" : "GLSVR171217",
      "lastSynchronizedDate" : null,
      "addressNumber" : "2327",
      "sequence" : 2,
      "countryCode" : "+62",
      "areaCode" : "",
      "phoneNumber" : "(ext.104)",
      "phoneType" : "KANTOR",
      "description" : "Kantor",
      "lastUpdateDateTime" : "2017-12-17T00:00:00",
      "inputDateTime" : "2017-12-17T00:00:00",
      "_links" : {
        "self" : {
          "href" : "http://localhost/api/phoneNumbers/2327_0_2"
        },
        "phoneNumber" : {
          "href" : "http://localhost/api/phoneNumbers/2327_0_2"
        },
        "master" : {
          "href" : "http://localhost/api/phoneNumbers/2327_0_2/master"
        }
      }
    }, {
      "inputUserId" : "QSA",
      "lastUpdateUserId" : "QSA",
      "computerId" : "GLSVR171217",
      "lastSynchronizedDate" : null,
      "addressNumber" : "2329",
      "sequence" : 1,
      "countryCode" : "+62",
      "areaCode" : "",
      "phoneNumber" : "031-99006545",
      "phoneType" : "KANTOR",
      "description" : "Kantor",
      "lastUpdateDateTime" : "2017-12-17T00:00:00",
      "inputDateTime" : "2017-12-17T00:00:00",
      "_links" : {
        "self" : {
          "href" : "http://localhost/api/phoneNumbers/2329_0_1"
        },
        "phoneNumber" : {
          "href" : "http://localhost/api/phoneNumbers/2329_0_1"
        },
        "master" : {
          "href" : "http://localhost/api/phoneNumbers/2329_0_1/master"
        }
      }
    }, {
      "inputUserId" : "QSA",
      "lastUpdateUserId" : "QSA",
      "computerId" : "GLSVR171217",
      "lastSynchronizedDate" : null,
      "addressNumber" : "2329",
      "sequence" : 2,
      "countryCode" : "+62",
      "areaCode" : "",
      "phoneNumber" : "082245196565",
      "phoneType" : "KANTOR",
      "description" : "Kantor",
      "lastUpdateDateTime" : "2017-12-17T00:00:00",
      "inputDateTime" : "2017-12-17T00:00:00",
      "_links" : {
        "self" : {
          "href" : "http://localhost/api/phoneNumbers/2329_0_2"
        },
        "phoneNumber" : {
          "href" : "http://localhost/api/phoneNumbers/2329_0_2"
        },
        "master" : {
          "href" : "http://localhost/api/phoneNumbers/2329_0_2/master"
        }
      }
    }, {
      "inputUserId" : "QSA",
      "lastUpdateUserId" : "QSA",
      "computerId" : "GLSVR171217",
      "lastSynchronizedDate" : null,
      "addressNumber" : "2331",
      "sequence" : 1,
      "countryCode" : "+62",
      "areaCode" : "",
      "phoneNumber" : "031-7491857",
      "phoneType" : "KANTOR",
      "description" : "Kantor",
      "lastUpdateDateTime" : "2017-12-17T00:00:00",
      "inputDateTime" : "2017-12-17T00:00:00",
      "_links" : {
        "self" : {
          "href" : "http://localhost/api/phoneNumbers/2331_0_1"
        },
        "phoneNumber" : {
          "href" : "http://localhost/api/phoneNumbers/2331_0_1"
        },
        "master" : {
          "href" : "http://localhost/api/phoneNumbers/2331_0_1/master"
        }
      }
    }, {
      "inputUserId" : "QSA",
      "lastUpdateUserId" : "QSA",
      "computerId" : "GLSVR171217",
      "lastSynchronizedDate" : null,
      "addressNumber" : "2333",
      "sequence" : 1,
      "countryCode" : "+62",
      "areaCode" : "",
      "phoneNumber" : "031-5471116",
      "phoneType" : "KANTOR",
      "description" : "Kantor",
      "lastUpdateDateTime" : "2017-12-17T00:00:00",
      "inputDateTime" : "2017-12-17T00:00:00",
      "_links" : {
        "self" : {
          "href" : "http://localhost/api/phoneNumbers/2333_0_1"
        },
        "phoneNumber" : {
          "href" : "http://localhost/api/phoneNumbers/2333_0_1"
        },
        "master" : {
          "href" : "http://localhost/api/phoneNumbers/2333_0_1/master"
        }
      }
    }, {
      "inputUserId" : "QSA",
      "lastUpdateUserId" : "QSA",
      "computerId" : "GLSVR171217",
      "lastSynchronizedDate" : null,
      "addressNumber" : "2337",
      "sequence" : 1,
      "countryCode" : "+62",
      "areaCode" : "",
      "phoneNumber" : "031-8283180",
      "phoneType" : "KANTOR",
      "description" : "Kantor",
      "lastUpdateDateTime" : "2017-12-17T00:00:00",
      "inputDateTime" : "2017-12-17T00:00:00",
      "_links" : {
        "self" : {
          "href" : "http://localhost/api/phoneNumbers/2337_0_1"
        },
        "phoneNumber" : {
          "href" : "http://localhost/api/phoneNumbers/2337_0_1"
        },
        "master" : {
          "href" : "http://localhost/api/phoneNumbers/2337_0_1/master"
        }
      }
    }, {
      "inputUserId" : "QSA",
      "lastUpdateUserId" : "QSA",
      "computerId" : "GLSVR171217",
      "lastSynchronizedDate" : null,
      "addressNumber" : "2340",
      "sequence" : 1,
      "countryCode" : "+62",
      "areaCode" : "",
      "phoneNumber" : "031-7381115",
      "phoneType" : "KANTOR",
      "description" : "Kantor",
      "lastUpdateDateTime" : "2017-12-17T00:00:00",
      "inputDateTime" : "2017-12-17T00:00:00",
      "_links" : {
        "self" : {
          "href" : "http://localhost/api/phoneNumbers/2340_0_1"
        },
        "phoneNumber" : {
          "href" : "http://localhost/api/phoneNumbers/2340_0_1"
        },
        "master" : {
          "href" : "http://localhost/api/phoneNumbers/2340_0_1/master"
        }
      }
    }, {
      "inputUserId" : "QSA",
      "lastUpdateUserId" : "QSA",
      "computerId" : "GLSVR171217",
      "lastSynchronizedDate" : null,
      "addressNumber" : "2348",
      "sequence" : 1,
      "countryCode" : "+62",
      "areaCode" : "",
      "phoneNumber" : "031-5051247",
      "phoneType" : "KANTOR",
      "description" : "Kantor",
      "lastUpdateDateTime" : "2017-12-17T00:00:00",
      "inputDateTime" : "2017-12-17T00:00:00",
      "_links" : {
        "self" : {
          "href" : "http://localhost/api/phoneNumbers/2348_0_1"
        },
        "phoneNumber" : {
          "href" : "http://localhost/api/phoneNumbers/2348_0_1"
        },
        "master" : {
          "href" : "http://localhost/api/phoneNumbers/2348_0_1/master"
        }
      }
    }, {
      "inputUserId" : "QSA",
      "lastUpdateUserId" : "QSA",
      "computerId" : "GLSVR171217",
      "lastSynchronizedDate" : null,
      "addressNumber" : "2349",
      "sequence" : 1,
      "countryCode" : "+62",
      "areaCode" : "",
      "phoneNumber" : "0341-5022263",
      "phoneType" : "KANTOR",
      "description" : "Kantor",
      "lastUpdateDateTime" : "2017-12-17T00:00:00",
      "inputDateTime" : "2017-12-17T00:00:00",
      "_links" : {
        "self" : {
          "href" : "http://localhost/api/phoneNumbers/2349_0_1"
        },
        "phoneNumber" : {
          "href" : "http://localhost/api/phoneNumbers/2349_0_1"
        },
        "master" : {
          "href" : "http://localhost/api/phoneNumbers/2349_0_1/master"
        }
      }
    }, {
      "inputUserId" : "QSA",
      "lastUpdateUserId" : "QSA",
      "computerId" : "GLSVR171217",
      "lastSynchronizedDate" : null,
      "addressNumber" : "2350",
      "sequence" : 1,
      "countryCode" : "+62",
      "areaCode" : "",
      "phoneNumber" : "0811342261",
      "phoneType" : "KANTOR",
      "description" : "Kantor",
      "lastUpdateDateTime" : "2017-12-17T00:00:00",
      "inputDateTime" : "2017-12-17T00:00:00",
      "_links" : {
        "self" : {
          "href" : "http://localhost/api/phoneNumbers/2350_0_1"
        },
        "phoneNumber" : {
          "href" : "http://localhost/api/phoneNumbers/2350_0_1"
        },
        "master" : {
          "href" : "http://localhost/api/phoneNumbers/2350_0_1/master"
        }
      }
    }, {
      "inputUserId" : "QSA",
      "lastUpdateUserId" : "QSA",
      "computerId" : "GLSVR171217",
      "lastSynchronizedDate" : null,
      "addressNumber" : "2351",
      "sequence" : 1,
      "countryCode" : "+62",
      "areaCode" : "",
      "phoneNumber" : "081703650700",
      "phoneType" : "KANTOR",
      "description" : "Kantor",
      "lastUpdateDateTime" : "2017-12-17T00:00:00",
      "inputDateTime" : "2017-12-17T00:00:00",
      "_links" : {
        "self" : {
          "href" : "http://localhost/api/phoneNumbers/2351_0_1"
        },
        "phoneNumber" : {
          "href" : "http://localhost/api/phoneNumbers/2351_0_1"
        },
        "master" : {
          "href" : "http://localhost/api/phoneNumbers/2351_0_1/master"
        }
      }
    }, {
      "inputUserId" : "QSA",
      "lastUpdateUserId" : "QSA",
      "computerId" : "GLSVR171217",
      "lastSynchronizedDate" : null,
      "addressNumber" : "2356",
      "sequence" : 1,
      "countryCode" : "+62",
      "areaCode" : "",
      "phoneNumber" : "0897-2696-999",
      "phoneType" : "KANTOR",
      "description" : "Kantor",
      "lastUpdateDateTime" : "2017-12-17T00:00:00",
      "inputDateTime" : "2017-12-17T00:00:00",
      "_links" : {
        "self" : {
          "href" : "http://localhost/api/phoneNumbers/2356_0_1"
        },
        "phoneNumber" : {
          "href" : "http://localhost/api/phoneNumbers/2356_0_1"
        },
        "master" : {
          "href" : "http://localhost/api/phoneNumbers/2356_0_1/master"
        }
      }
    }, {
      "inputUserId" : "QSA",
      "lastUpdateUserId" : "QSA",
      "computerId" : "GLSVR171217",
      "lastSynchronizedDate" : null,
      "addressNumber" : "2358",
      "sequence" : 1,
      "countryCode" : "+62",
      "areaCode" : "",
      "phoneNumber" : "0321-6818032",
      "phoneType" : "KANTOR",
      "description" : "Kantor",
      "lastUpdateDateTime" : "2017-12-17T00:00:00",
      "inputDateTime" : "2017-12-17T00:00:00",
      "_links" : {
        "self" : {
          "href" : "http://localhost/api/phoneNumbers/2358_0_1"
        },
        "phoneNumber" : {
          "href" : "http://localhost/api/phoneNumbers/2358_0_1"
        },
        "master" : {
          "href" : "http://localhost/api/phoneNumbers/2358_0_1/master"
        }
      }
    }, {
      "inputUserId" : "QSA",
      "lastUpdateUserId" : "QSA",
      "computerId" : "GLSVR171217",
      "lastSynchronizedDate" : null,
      "addressNumber" : "2359",
      "sequence" : 1,
      "countryCode" : "+62",
      "areaCode" : "",
      "phoneNumber" : "031-5613150",
      "phoneType" : "KANTOR",
      "description" : "Kantor",
      "lastUpdateDateTime" : "2017-12-17T00:00:00",
      "inputDateTime" : "2017-12-17T00:00:00",
      "_links" : {
        "self" : {
          "href" : "http://localhost/api/phoneNumbers/2359_0_1"
        },
        "phoneNumber" : {
          "href" : "http://localhost/api/phoneNumbers/2359_0_1"
        },
        "master" : {
          "href" : "http://localhost/api/phoneNumbers/2359_0_1/master"
        }
      }
    }, {
      "inputUserId" : "QSA",
      "lastUpdateUserId" : "QSA",
      "computerId" : "GLSVR171217",
      "lastSynchronizedDate" : null,
      "addressNumber" : "2365",
      "sequence" : 1,
      "countryCode" : "+62",
      "areaCode" : "",
      "phoneNumber" : "031-5315959",
      "phoneType" : "KANTOR",
      "description" : "Kantor",
      "lastUpdateDateTime" : "2017-12-17T00:00:00",
      "inputDateTime" : "2017-12-17T00:00:00",
      "_links" : {
        "self" : {
          "href" : "http://localhost/api/phoneNumbers/2365_0_1"
        },
        "phoneNumber" : {
          "href" : "http://localhost/api/phoneNumbers/2365_0_1"
        },
        "master" : {
          "href" : "http://localhost/api/phoneNumbers/2365_0_1/master"
        }
      }
    }, {
      "inputUserId" : "QSA",
      "lastUpdateUserId" : "QSA",
      "computerId" : "GLSVR171217",
      "lastSynchronizedDate" : null,
      "addressNumber" : "2369",
      "sequence" : 1,
      "countryCode" : "+62",
      "areaCode" : "",
      "phoneNumber" : "031-5457480",
      "phoneType" : "KANTOR",
      "description" : "Kantor",
      "lastUpdateDateTime" : "2017-12-17T00:00:00",
      "inputDateTime" : "2017-12-17T00:00:00",
      "_links" : {
        "self" : {
          "href" : "http://localhost/api/phoneNumbers/2369_0_1"
        },
        "phoneNumber" : {
          "href" : "http://localhost/api/phoneNumbers/2369_0_1"
        },
        "master" : {
          "href" : "http://localhost/api/phoneNumbers/2369_0_1/master"
        }
      }
    }, {
      "inputUserId" : "QSA",
      "lastUpdateUserId" : "QSA",
      "computerId" : "GLSVR171217",
      "lastSynchronizedDate" : null,
      "addressNumber" : "2370",
      "sequence" : 1,
      "countryCode" : "+62",
      "areaCode" : "",
      "phoneNumber" : "082245788448",
      "phoneType" : "KANTOR",
      "description" : "Kantor",
      "lastUpdateDateTime" : "2017-12-17T00:00:00",
      "inputDateTime" : "2017-12-17T00:00:00",
      "_links" : {
        "self" : {
          "href" : "http://localhost/api/phoneNumbers/2370_0_1"
        },
        "phoneNumber" : {
          "href" : "http://localhost/api/phoneNumbers/2370_0_1"
        },
        "master" : {
          "href" : "http://localhost/api/phoneNumbers/2370_0_1/master"
        }
      }
    }, {
      "inputUserId" : "QSA",
      "lastUpdateUserId" : "QSA",
      "computerId" : "GLSVR171217",
      "lastSynchronizedDate" : null,
      "addressNumber" : "2376",
      "sequence" : 1,
      "countryCode" : "+62",
      "areaCode" : "",
      "phoneNumber" : "081330686508",
      "phoneType" : "KANTOR",
      "description" : "Kantor",
      "lastUpdateDateTime" : "2017-12-17T00:00:00",
      "inputDateTime" : "2017-12-17T00:00:00",
      "_links" : {
        "self" : {
          "href" : "http://localhost/api/phoneNumbers/2376_0_1"
        },
        "phoneNumber" : {
          "href" : "http://localhost/api/phoneNumbers/2376_0_1"
        },
        "master" : {
          "href" : "http://localhost/api/phoneNumbers/2376_0_1/master"
        }
      }
    }, {
      "inputUserId" : "QSA",
      "lastUpdateUserId" : "QSA",
      "computerId" : "GLSVR171217",
      "lastSynchronizedDate" : null,
      "addressNumber" : "2378",
      "sequence" : 1,
      "countryCode" : "+62",
      "areaCode" : "",
      "phoneNumber" : "031-8475047",
      "phoneType" : "KANTOR",
      "description" : "Kantor",
      "lastUpdateDateTime" : "2017-12-17T00:00:00",
      "inputDateTime" : "2017-12-17T00:00:00",
      "_links" : {
        "self" : {
          "href" : "http://localhost/api/phoneNumbers/2378_0_1"
        },
        "phoneNumber" : {
          "href" : "http://localhost/api/phoneNumbers/2378_0_1"
        },
        "master" : {
          "href" : "http://localhost/api/phoneNumbers/2378_0_1/master"
        }
      }
    }, {
      "inputUserId" : "QSA",
      "lastUpdateUserId" : "QSA",
      "computerId" : "GLSVR171217",
      "lastSynchronizedDate" : null,
      "addressNumber" : "2389",
      "sequence" : 1,
      "countryCode" : "+62",
      "areaCode" : "",
      "phoneNumber" : "085645945674",
      "phoneType" : "KANTOR",
      "description" : "Kantor",
      "lastUpdateDateTime" : "2017-12-17T00:00:00",
      "inputDateTime" : "2017-12-17T00:00:00",
      "_links" : {
        "self" : {
          "href" : "http://localhost/api/phoneNumbers/2389_0_1"
        },
        "phoneNumber" : {
          "href" : "http://localhost/api/phoneNumbers/2389_0_1"
        },
        "master" : {
          "href" : "http://localhost/api/phoneNumbers/2389_0_1/master"
        }
      }
    }, {
      "inputUserId" : "QSA",
      "lastUpdateUserId" : "QSA",
      "computerId" : "GLSVR171217",
      "lastSynchronizedDate" : null,
      "addressNumber" : "2397",
      "sequence" : 1,
      "countryCode" : "+62",
      "areaCode" : "",
      "phoneNumber" : "031-5478704",
      "phoneType" : "KANTOR",
      "description" : "Kantor",
      "lastUpdateDateTime" : "2017-12-17T00:00:00",
      "inputDateTime" : "2017-12-17T00:00:00",
      "_links" : {
        "self" : {
          "href" : "http://localhost/api/phoneNumbers/2397_0_1"
        },
        "phoneNumber" : {
          "href" : "http://localhost/api/phoneNumbers/2397_0_1"
        },
        "master" : {
          "href" : "http://localhost/api/phoneNumbers/2397_0_1/master"
        }
      }
    }, {
      "inputUserId" : "QSA",
      "lastUpdateUserId" : "QSA",
      "computerId" : "GLSVR171217",
      "lastSynchronizedDate" : null,
      "addressNumber" : "2398",
      "sequence" : 1,
      "countryCode" : "+62",
      "areaCode" : "",
      "phoneNumber" : "031-5350081",
      "phoneType" : "KANTOR",
      "description" : "Kantor",
      "lastUpdateDateTime" : "2017-12-17T00:00:00",
      "inputDateTime" : "2017-12-17T00:00:00",
      "_links" : {
        "self" : {
          "href" : "http://localhost/api/phoneNumbers/2398_0_1"
        },
        "phoneNumber" : {
          "href" : "http://localhost/api/phoneNumbers/2398_0_1"
        },
        "master" : {
          "href" : "http://localhost/api/phoneNumbers/2398_0_1/master"
        }
      }
    }, {
      "inputUserId" : "QSA",
      "lastUpdateUserId" : "QSA",
      "computerId" : "GLSVR171217",
      "lastSynchronizedDate" : null,
      "addressNumber" : "2399",
      "sequence" : 1,
      "countryCode" : "+62",
      "areaCode" : "",
      "phoneNumber" : "031-5355045",
      "phoneType" : "KANTOR",
      "description" : "Kantor",
      "lastUpdateDateTime" : "2017-12-17T00:00:00",
      "inputDateTime" : "2017-12-17T00:00:00",
      "_links" : {
        "self" : {
          "href" : "http://localhost/api/phoneNumbers/2399_0_1"
        },
        "phoneNumber" : {
          "href" : "http://localhost/api/phoneNumbers/2399_0_1"
        },
        "master" : {
          "href" : "http://localhost/api/phoneNumbers/2399_0_1/master"
        }
      }
    }, {
      "inputUserId" : "QSA",
      "lastUpdateUserId" : "QSA",
      "computerId" : "GLSVR171217",
      "lastSynchronizedDate" : null,
      "addressNumber" : "2401",
      "sequence" : 1,
      "countryCode" : "+62",
      "areaCode" : "",
      "phoneNumber" : "081280570246",
      "phoneType" : "KANTOR",
      "description" : "Kantor",
      "lastUpdateDateTime" : "2017-12-17T00:00:00",
      "inputDateTime" : "2017-12-17T00:00:00",
      "_links" : {
        "self" : {
          "href" : "http://localhost/api/phoneNumbers/2401_0_1"
        },
        "phoneNumber" : {
          "href" : "http://localhost/api/phoneNumbers/2401_0_1"
        },
        "master" : {
          "href" : "http://localhost/api/phoneNumbers/2401_0_1/master"
        }
      }
    }, {
      "inputUserId" : "QSA",
      "lastUpdateUserId" : "QSA",
      "computerId" : "GLSVR171217",
      "lastSynchronizedDate" : null,
      "addressNumber" : "2403",
      "sequence" : 1,
      "countryCode" : "+62",
      "areaCode" : "",
      "phoneNumber" : "0355-324293",
      "phoneType" : "KANTOR",
      "description" : "Kantor",
      "lastUpdateDateTime" : "2017-12-17T00:00:00",
      "inputDateTime" : "2017-12-17T00:00:00",
      "_links" : {
        "self" : {
          "href" : "http://localhost/api/phoneNumbers/2403_0_1"
        },
        "phoneNumber" : {
          "href" : "http://localhost/api/phoneNumbers/2403_0_1"
        },
        "master" : {
          "href" : "http://localhost/api/phoneNumbers/2403_0_1/master"
        }
      }
    }, {
      "inputUserId" : "QSA",
      "lastUpdateUserId" : "QSA",
      "computerId" : "GLSVR171217",
      "lastSynchronizedDate" : null,
      "addressNumber" : "2403",
      "sequence" : 2,
      "countryCode" : "+62",
      "areaCode" : "",
      "phoneNumber" : "087859954999",
      "phoneType" : "KANTOR",
      "description" : "Kantor",
      "lastUpdateDateTime" : "2017-12-17T00:00:00",
      "inputDateTime" : "2017-12-17T00:00:00",
      "_links" : {
        "self" : {
          "href" : "http://localhost/api/phoneNumbers/2403_0_2"
        },
        "phoneNumber" : {
          "href" : "http://localhost/api/phoneNumbers/2403_0_2"
        },
        "master" : {
          "href" : "http://localhost/api/phoneNumbers/2403_0_2/master"
        }
      }
    }, {
      "inputUserId" : "QSA",
      "lastUpdateUserId" : "QSA",
      "computerId" : "GLSVR171217",
      "lastSynchronizedDate" : null,
      "addressNumber" : "2404",
      "sequence" : 1,
      "countryCode" : "+62",
      "areaCode" : "",
      "phoneNumber" : "081232192469",
      "phoneType" : "KANTOR",
      "description" : "Kantor",
      "lastUpdateDateTime" : "2017-12-17T00:00:00",
      "inputDateTime" : "2017-12-17T00:00:00",
      "_links" : {
        "self" : {
          "href" : "http://localhost/api/phoneNumbers/2404_0_1"
        },
        "phoneNumber" : {
          "href" : "http://localhost/api/phoneNumbers/2404_0_1"
        },
        "master" : {
          "href" : "http://localhost/api/phoneNumbers/2404_0_1/master"
        }
      }
    }, {
      "inputUserId" : "QSA",
      "lastUpdateUserId" : "QSA",
      "computerId" : "GLSVR171217",
      "lastSynchronizedDate" : null,
      "addressNumber" : "2405",
      "sequence" : 1,
      "countryCode" : "+62",
      "areaCode" : "",
      "phoneNumber" : "0354-699888",
      "phoneType" : "KANTOR",
      "description" : "Kantor",
      "lastUpdateDateTime" : "2017-12-17T00:00:00",
      "inputDateTime" : "2017-12-17T00:00:00",
      "_links" : {
        "self" : {
          "href" : "http://localhost/api/phoneNumbers/2405_0_1"
        },
        "phoneNumber" : {
          "href" : "http://localhost/api/phoneNumbers/2405_0_1"
        },
        "master" : {
          "href" : "http://localhost/api/phoneNumbers/2405_0_1/master"
        }
      }
    }, {
      "inputUserId" : "QSA",
      "lastUpdateUserId" : "QSA",
      "computerId" : "GLSVR171217",
      "lastSynchronizedDate" : null,
      "addressNumber" : "2405",
      "sequence" : 2,
      "countryCode" : "+62",
      "areaCode" : "",
      "phoneNumber" : "085230801985",
      "phoneType" : "KANTOR",
      "description" : "Kantor",
      "lastUpdateDateTime" : "2017-12-17T00:00:00",
      "inputDateTime" : "2017-12-17T00:00:00",
      "_links" : {
        "self" : {
          "href" : "http://localhost/api/phoneNumbers/2405_0_2"
        },
        "phoneNumber" : {
          "href" : "http://localhost/api/phoneNumbers/2405_0_2"
        },
        "master" : {
          "href" : "http://localhost/api/phoneNumbers/2405_0_2/master"
        }
      }
    }, {
      "inputUserId" : "QSA",
      "lastUpdateUserId" : "QSA",
      "computerId" : "GLSVR171217",
      "lastSynchronizedDate" : null,
      "addressNumber" : "2409",
      "sequence" : 1,
      "countryCode" : "+62",
      "areaCode" : "",
      "phoneNumber" : "08165459356",
      "phoneType" : "KANTOR",
      "description" : "Kantor",
      "lastUpdateDateTime" : "2017-12-17T00:00:00",
      "inputDateTime" : "2017-12-17T00:00:00",
      "_links" : {
        "self" : {
          "href" : "http://localhost/api/phoneNumbers/2409_0_1"
        },
        "phoneNumber" : {
          "href" : "http://localhost/api/phoneNumbers/2409_0_1"
        },
        "master" : {
          "href" : "http://localhost/api/phoneNumbers/2409_0_1/master"
        }
      }
    }, {
      "inputUserId" : "QSA",
      "lastUpdateUserId" : "QSA",
      "computerId" : "GLSVR171217",
      "lastSynchronizedDate" : null,
      "addressNumber" : "2409",
      "sequence" : 2,
      "countryCode" : "+62",
      "areaCode" : "",
      "phoneNumber" : "PABX 1202",
      "phoneType" : "KANTOR",
      "description" : "Kantor",
      "lastUpdateDateTime" : "2017-12-17T00:00:00",
      "inputDateTime" : "2017-12-17T00:00:00",
      "_links" : {
        "self" : {
          "href" : "http://localhost/api/phoneNumbers/2409_0_2"
        },
        "phoneNumber" : {
          "href" : "http://localhost/api/phoneNumbers/2409_0_2"
        },
        "master" : {
          "href" : "http://localhost/api/phoneNumbers/2409_0_2/master"
        }
      }
    }, {
      "inputUserId" : "QSA",
      "lastUpdateUserId" : "QSA",
      "computerId" : "GLSVR171217",
      "lastSynchronizedDate" : null,
      "addressNumber" : "2411",
      "sequence" : 1,
      "countryCode" : "+62",
      "areaCode" : "",
      "phoneNumber" : "082234202828",
      "phoneType" : "KANTOR",
      "description" : "Kantor",
      "lastUpdateDateTime" : "2017-12-17T00:00:00",
      "inputDateTime" : "2017-12-17T00:00:00",
      "_links" : {
        "self" : {
          "href" : "http://localhost/api/phoneNumbers/2411_0_1"
        },
        "phoneNumber" : {
          "href" : "http://localhost/api/phoneNumbers/2411_0_1"
        },
        "master" : {
          "href" : "http://localhost/api/phoneNumbers/2411_0_1/master"
        }
      }
    }, {
      "inputUserId" : "QSA",
      "lastUpdateUserId" : "QSA",
      "computerId" : "GLSVR171217",
      "lastSynchronizedDate" : null,
      "addressNumber" : "2412",
      "sequence" : 1,
      "countryCode" : "+62",
      "areaCode" : "",
      "phoneNumber" : "081259635835",
      "phoneType" : "KANTOR",
      "description" : "Kantor",
      "lastUpdateDateTime" : "2017-12-17T00:00:00",
      "inputDateTime" : "2017-12-17T00:00:00",
      "_links" : {
        "self" : {
          "href" : "http://localhost/api/phoneNumbers/2412_0_1"
        },
        "phoneNumber" : {
          "href" : "http://localhost/api/phoneNumbers/2412_0_1"
        },
        "master" : {
          "href" : "http://localhost/api/phoneNumbers/2412_0_1/master"
        }
      }
    }, {
      "inputUserId" : "QSA",
      "lastUpdateUserId" : "QSA",
      "computerId" : "GLSVR171217",
      "lastSynchronizedDate" : null,
      "addressNumber" : "2413",
      "sequence" : 1,
      "countryCode" : "+62",
      "areaCode" : "",
      "phoneNumber" : "0542-764197",
      "phoneType" : "KANTOR",
      "description" : "Kantor",
      "lastUpdateDateTime" : "2017-12-17T00:00:00",
      "inputDateTime" : "2017-12-17T00:00:00",
      "_links" : {
        "self" : {
          "href" : "http://localhost/api/phoneNumbers/2413_0_1"
        },
        "phoneNumber" : {
          "href" : "http://localhost/api/phoneNumbers/2413_0_1"
        },
        "master" : {
          "href" : "http://localhost/api/phoneNumbers/2413_0_1/master"
        }
      }
    }, {
      "inputUserId" : "QSA",
      "lastUpdateUserId" : "QSA",
      "computerId" : "GLSVR171217",
      "lastSynchronizedDate" : null,
      "addressNumber" : "2415",
      "sequence" : 1,
      "countryCode" : "+62",
      "areaCode" : "",
      "phoneNumber" : "0411-446811",
      "phoneType" : "KANTOR",
      "description" : "Kantor",
      "lastUpdateDateTime" : "2017-12-17T00:00:00",
      "inputDateTime" : "2017-12-17T00:00:00",
      "_links" : {
        "self" : {
          "href" : "http://localhost/api/phoneNumbers/2415_0_1"
        },
        "phoneNumber" : {
          "href" : "http://localhost/api/phoneNumbers/2415_0_1"
        },
        "master" : {
          "href" : "http://localhost/api/phoneNumbers/2415_0_1/master"
        }
      }
    }, {
      "inputUserId" : "QSA",
      "lastUpdateUserId" : "QSA",
      "computerId" : "GLSVR171217",
      "lastSynchronizedDate" : null,
      "addressNumber" : "2421",
      "sequence" : 1,
      "countryCode" : "+62",
      "areaCode" : "",
      "phoneNumber" : "082112434620",
      "phoneType" : "KANTOR",
      "description" : "Kantor",
      "lastUpdateDateTime" : "2017-12-17T00:00:00",
      "inputDateTime" : "2017-12-17T00:00:00",
      "_links" : {
        "self" : {
          "href" : "http://localhost/api/phoneNumbers/2421_0_1"
        },
        "phoneNumber" : {
          "href" : "http://localhost/api/phoneNumbers/2421_0_1"
        },
        "master" : {
          "href" : "http://localhost/api/phoneNumbers/2421_0_1/master"
        }
      }
    }, {
      "inputUserId" : "QSA",
      "lastUpdateUserId" : "QSA",
      "computerId" : "GLSVR171217",
      "lastSynchronizedDate" : null,
      "addressNumber" : "2425",
      "sequence" : 1,
      "countryCode" : "+62",
      "areaCode" : "",
      "phoneNumber" : "081330577373",
      "phoneType" : "KANTOR",
      "description" : "Kantor",
      "lastUpdateDateTime" : "2017-12-17T00:00:00",
      "inputDateTime" : "2017-12-17T00:00:00",
      "_links" : {
        "self" : {
          "href" : "http://localhost/api/phoneNumbers/2425_0_1"
        },
        "phoneNumber" : {
          "href" : "http://localhost/api/phoneNumbers/2425_0_1"
        },
        "master" : {
          "href" : "http://localhost/api/phoneNumbers/2425_0_1/master"
        }
      }
    }, {
      "inputUserId" : "QSA",
      "lastUpdateUserId" : "QSA",
      "computerId" : "GLSVR171217",
      "lastSynchronizedDate" : null,
      "addressNumber" : "2426",
      "sequence" : 1,
      "countryCode" : "+62",
      "areaCode" : "",
      "phoneNumber" : "08114819788",
      "phoneType" : "KANTOR",
      "description" : "Kantor",
      "lastUpdateDateTime" : "2017-12-17T00:00:00",
      "inputDateTime" : "2017-12-17T00:00:00",
      "_links" : {
        "self" : {
          "href" : "http://localhost/api/phoneNumbers/2426_0_1"
        },
        "phoneNumber" : {
          "href" : "http://localhost/api/phoneNumbers/2426_0_1"
        },
        "master" : {
          "href" : "http://localhost/api/phoneNumbers/2426_0_1/master"
        }
      }
    }, {
      "inputUserId" : "QSA",
      "lastUpdateUserId" : "QSA",
      "computerId" : "GLSVR171217",
      "lastSynchronizedDate" : null,
      "addressNumber" : "2426",
      "sequence" : 2,
      "countryCode" : "+62",
      "areaCode" : "",
      "phoneNumber" : "0852327275552",
      "phoneType" : "KANTOR",
      "description" : "Kantor",
      "lastUpdateDateTime" : "2017-12-17T00:00:00",
      "inputDateTime" : "2017-12-17T00:00:00",
      "_links" : {
        "self" : {
          "href" : "http://localhost/api/phoneNumbers/2426_0_2"
        },
        "phoneNumber" : {
          "href" : "http://localhost/api/phoneNumbers/2426_0_2"
        },
        "master" : {
          "href" : "http://localhost/api/phoneNumbers/2426_0_2/master"
        }
      }
    }, {
      "inputUserId" : "QSA",
      "lastUpdateUserId" : "QSA",
      "computerId" : "GLSVR171217",
      "lastSynchronizedDate" : null,
      "addressNumber" : "2429",
      "sequence" : 1,
      "countryCode" : "+62",
      "areaCode" : "",
      "phoneNumber" : "081355272383",
      "phoneType" : "KANTOR",
      "description" : "Kantor",
      "lastUpdateDateTime" : "2017-12-17T00:00:00",
      "inputDateTime" : "2017-12-17T00:00:00",
      "_links" : {
        "self" : {
          "href" : "http://localhost/api/phoneNumbers/2429_0_1"
        },
        "phoneNumber" : {
          "href" : "http://localhost/api/phoneNumbers/2429_0_1"
        },
        "master" : {
          "href" : "http://localhost/api/phoneNumbers/2429_0_1/master"
        }
      }
    }, {
      "inputUserId" : "QSA",
      "lastUpdateUserId" : "QSA",
      "computerId" : "GLSVR171217",
      "lastSynchronizedDate" : null,
      "addressNumber" : "2432",
      "sequence" : 1,
      "countryCode" : "+62",
      "areaCode" : "",
      "phoneNumber" : "085229740888",
      "phoneType" : "KANTOR",
      "description" : "Kantor",
      "lastUpdateDateTime" : "2017-12-17T00:00:00",
      "inputDateTime" : "2017-12-17T00:00:00",
      "_links" : {
        "self" : {
          "href" : "http://localhost/api/phoneNumbers/2432_0_1"
        },
        "phoneNumber" : {
          "href" : "http://localhost/api/phoneNumbers/2432_0_1"
        },
        "master" : {
          "href" : "http://localhost/api/phoneNumbers/2432_0_1/master"
        }
      }
    }, {
      "inputUserId" : "QSA",
      "lastUpdateUserId" : "QSA",
      "computerId" : "GLSVR171217",
      "lastSynchronizedDate" : null,
      "addressNumber" : "2438",
      "sequence" : 1,
      "countryCode" : "+62",
      "areaCode" : "",
      "phoneNumber" : "031-5964064",
      "phoneType" : "KANTOR",
      "description" : "Kantor",
      "lastUpdateDateTime" : "2017-12-17T00:00:00",
      "inputDateTime" : "2017-12-17T00:00:00",
      "_links" : {
        "self" : {
          "href" : "http://localhost/api/phoneNumbers/2438_0_1"
        },
        "phoneNumber" : {
          "href" : "http://localhost/api/phoneNumbers/2438_0_1"
        },
        "master" : {
          "href" : "http://localhost/api/phoneNumbers/2438_0_1/master"
        }
      }
    }, {
      "inputUserId" : "QSA",
      "lastUpdateUserId" : "QSA",
      "computerId" : "GLSVR171217",
      "lastSynchronizedDate" : null,
      "addressNumber" : "2442",
      "sequence" : 1,
      "countryCode" : "+62",
      "areaCode" : "",
      "phoneNumber" : "0335-427372",
      "phoneType" : "KANTOR",
      "description" : "Kantor",
      "lastUpdateDateTime" : "2017-12-17T00:00:00",
      "inputDateTime" : "2017-12-17T00:00:00",
      "_links" : {
        "self" : {
          "href" : "http://localhost/api/phoneNumbers/2442_0_1"
        },
        "phoneNumber" : {
          "href" : "http://localhost/api/phoneNumbers/2442_0_1"
        },
        "master" : {
          "href" : "http://localhost/api/phoneNumbers/2442_0_1/master"
        }
      }
    }, {
      "inputUserId" : "QSA",
      "lastUpdateUserId" : "QSA",
      "computerId" : "GLSVR171217",
      "lastSynchronizedDate" : null,
      "addressNumber" : "2444",
      "sequence" : 1,
      "countryCode" : "+62",
      "areaCode" : "",
      "phoneNumber" : "0451-411144",
      "phoneType" : "KANTOR",
      "description" : "Kantor",
      "lastUpdateDateTime" : "2017-12-17T00:00:00",
      "inputDateTime" : "2017-12-17T00:00:00",
      "_links" : {
        "self" : {
          "href" : "http://localhost/api/phoneNumbers/2444_0_1"
        },
        "phoneNumber" : {
          "href" : "http://localhost/api/phoneNumbers/2444_0_1"
        },
        "master" : {
          "href" : "http://localhost/api/phoneNumbers/2444_0_1/master"
        }
      }
    }, {
      "inputUserId" : "QSA",
      "lastUpdateUserId" : "QSA",
      "computerId" : "GLSVR171217",
      "lastSynchronizedDate" : null,
      "addressNumber" : "2444",
      "sequence" : 2,
      "countryCode" : "+62",
      "areaCode" : "",
      "phoneNumber" : "085299223422",
      "phoneType" : "KANTOR",
      "description" : "Kantor",
      "lastUpdateDateTime" : "2017-12-17T00:00:00",
      "inputDateTime" : "2017-12-17T00:00:00",
      "_links" : {
        "self" : {
          "href" : "http://localhost/api/phoneNumbers/2444_0_2"
        },
        "phoneNumber" : {
          "href" : "http://localhost/api/phoneNumbers/2444_0_2"
        },
        "master" : {
          "href" : "http://localhost/api/phoneNumbers/2444_0_2/master"
        }
      }
    }, {
      "inputUserId" : "QSA",
      "lastUpdateUserId" : "QSA",
      "computerId" : "GLSVR171217",
      "lastSynchronizedDate" : null,
      "addressNumber" : "2452",
      "sequence" : 1,
      "countryCode" : "+62",
      "areaCode" : "",
      "phoneNumber" : "081231875802",
      "phoneType" : "KANTOR",
      "description" : "Kantor",
      "lastUpdateDateTime" : "2017-12-17T00:00:00",
      "inputDateTime" : "2017-12-17T00:00:00",
      "_links" : {
        "self" : {
          "href" : "http://localhost/api/phoneNumbers/2452_0_1"
        },
        "phoneNumber" : {
          "href" : "http://localhost/api/phoneNumbers/2452_0_1"
        },
        "master" : {
          "href" : "http://localhost/api/phoneNumbers/2452_0_1/master"
        }
      }
    }, {
      "inputUserId" : "QSA",
      "lastUpdateUserId" : "QSA",
      "computerId" : "GLSVR171217",
      "lastSynchronizedDate" : null,
      "addressNumber" : "2456",
      "sequence" : 1,
      "countryCode" : "+62",
      "areaCode" : "",
      "phoneNumber" : "081217681891",
      "phoneType" : "KANTOR",
      "description" : "Kantor",
      "lastUpdateDateTime" : "2017-12-17T00:00:00",
      "inputDateTime" : "2017-12-17T00:00:00",
      "_links" : {
        "self" : {
          "href" : "http://localhost/api/phoneNumbers/2456_0_1"
        },
        "phoneNumber" : {
          "href" : "http://localhost/api/phoneNumbers/2456_0_1"
        },
        "master" : {
          "href" : "http://localhost/api/phoneNumbers/2456_0_1/master"
        }
      }
    }, {
      "inputUserId" : "QSA",
      "lastUpdateUserId" : "QSA",
      "computerId" : "GLSVR171217",
      "lastSynchronizedDate" : null,
      "addressNumber" : "2458",
      "sequence" : 1,
      "countryCode" : "+62",
      "areaCode" : "",
      "phoneNumber" : "08885020050",
      "phoneType" : "KANTOR",
      "description" : "Kantor",
      "lastUpdateDateTime" : "2017-12-17T00:00:00",
      "inputDateTime" : "2017-12-17T00:00:00",
      "_links" : {
        "self" : {
          "href" : "http://localhost/api/phoneNumbers/2458_0_1"
        },
        "phoneNumber" : {
          "href" : "http://localhost/api/phoneNumbers/2458_0_1"
        },
        "master" : {
          "href" : "http://localhost/api/phoneNumbers/2458_0_1/master"
        }
      }
    }, {
      "inputUserId" : "QSA",
      "lastUpdateUserId" : "QSA",
      "computerId" : "GLSVR171217",
      "lastSynchronizedDate" : null,
      "addressNumber" : "2462",
      "sequence" : 1,
      "countryCode" : "+62",
      "areaCode" : "",
      "phoneNumber" : "087854343821",
      "phoneType" : "KANTOR",
      "description" : "Kantor",
      "lastUpdateDateTime" : "2017-12-17T00:00:00",
      "inputDateTime" : "2017-12-17T00:00:00",
      "_links" : {
        "self" : {
          "href" : "http://localhost/api/phoneNumbers/2462_0_1"
        },
        "phoneNumber" : {
          "href" : "http://localhost/api/phoneNumbers/2462_0_1"
        },
        "master" : {
          "href" : "http://localhost/api/phoneNumbers/2462_0_1/master"
        }
      }
    }, {
      "inputUserId" : "QSA",
      "lastUpdateUserId" : "QSA",
      "computerId" : "GLSVR171217",
      "lastSynchronizedDate" : null,
      "addressNumber" : "2463",
      "sequence" : 1,
      "countryCode" : "+62",
      "areaCode" : "",
      "phoneNumber" : "031-5470101",
      "phoneType" : "KANTOR",
      "description" : "Kantor",
      "lastUpdateDateTime" : "2017-12-17T00:00:00",
      "inputDateTime" : "2017-12-17T00:00:00",
      "_links" : {
        "self" : {
          "href" : "http://localhost/api/phoneNumbers/2463_0_1"
        },
        "phoneNumber" : {
          "href" : "http://localhost/api/phoneNumbers/2463_0_1"
        },
        "master" : {
          "href" : "http://localhost/api/phoneNumbers/2463_0_1/master"
        }
      }
    }, {
      "inputUserId" : "QSA",
      "lastUpdateUserId" : "QSA",
      "computerId" : "GLSVR171217",
      "lastSynchronizedDate" : null,
      "addressNumber" : "2465",
      "sequence" : 1,
      "countryCode" : "+62",
      "areaCode" : "",
      "phoneNumber" : "0811844168",
      "phoneType" : "KANTOR",
      "description" : "Kantor",
      "lastUpdateDateTime" : "2017-12-17T00:00:00",
      "inputDateTime" : "2017-12-17T00:00:00",
      "_links" : {
        "self" : {
          "href" : "http://localhost/api/phoneNumbers/2465_0_1"
        },
        "phoneNumber" : {
          "href" : "http://localhost/api/phoneNumbers/2465_0_1"
        },
        "master" : {
          "href" : "http://localhost/api/phoneNumbers/2465_0_1/master"
        }
      }
    }, {
      "inputUserId" : "QSA",
      "lastUpdateUserId" : "QSA",
      "computerId" : "GLSVR171217",
      "lastSynchronizedDate" : null,
      "addressNumber" : "2466",
      "sequence" : 1,
      "countryCode" : "+62",
      "areaCode" : "",
      "phoneNumber" : "081234562002",
      "phoneType" : "KANTOR",
      "description" : "Kantor",
      "lastUpdateDateTime" : "2017-12-17T00:00:00",
      "inputDateTime" : "2017-12-17T00:00:00",
      "_links" : {
        "self" : {
          "href" : "http://localhost/api/phoneNumbers/2466_0_1"
        },
        "phoneNumber" : {
          "href" : "http://localhost/api/phoneNumbers/2466_0_1"
        },
        "master" : {
          "href" : "http://localhost/api/phoneNumbers/2466_0_1/master"
        }
      }
    }, {
      "inputUserId" : "QSA",
      "lastUpdateUserId" : "QSA",
      "computerId" : "GLSVR171217",
      "lastSynchronizedDate" : null,
      "addressNumber" : "2467",
      "sequence" : 1,
      "countryCode" : "+62",
      "areaCode" : "",
      "phoneNumber" : "08155603795",
      "phoneType" : "KANTOR",
      "description" : "Kantor",
      "lastUpdateDateTime" : "2017-12-17T00:00:00",
      "inputDateTime" : "2017-12-17T00:00:00",
      "_links" : {
        "self" : {
          "href" : "http://localhost/api/phoneNumbers/2467_0_1"
        },
        "phoneNumber" : {
          "href" : "http://localhost/api/phoneNumbers/2467_0_1"
        },
        "master" : {
          "href" : "http://localhost/api/phoneNumbers/2467_0_1/master"
        }
      }
    }, {
      "inputUserId" : "QSA",
      "lastUpdateUserId" : "QSA",
      "computerId" : "GLSVR171217",
      "lastSynchronizedDate" : null,
      "addressNumber" : "2470",
      "sequence" : 1,
      "countryCode" : "+62",
      "areaCode" : "",
      "phoneNumber" : "081340107505",
      "phoneType" : "KANTOR",
      "description" : "Kantor",
      "lastUpdateDateTime" : "2017-12-17T00:00:00",
      "inputDateTime" : "2017-12-17T00:00:00",
      "_links" : {
        "self" : {
          "href" : "http://localhost/api/phoneNumbers/2470_0_1"
        },
        "phoneNumber" : {
          "href" : "http://localhost/api/phoneNumbers/2470_0_1"
        },
        "master" : {
          "href" : "http://localhost/api/phoneNumbers/2470_0_1/master"
        }
      }
    }, {
      "inputUserId" : "QSA",
      "lastUpdateUserId" : "QSA",
      "computerId" : "GLSVR171217",
      "lastSynchronizedDate" : null,
      "addressNumber" : "2471",
      "sequence" : 1,
      "countryCode" : "+62",
      "areaCode" : "",
      "phoneNumber" : "081331440411",
      "phoneType" : "KANTOR",
      "description" : "Kantor",
      "lastUpdateDateTime" : "2017-12-17T00:00:00",
      "inputDateTime" : "2017-12-17T00:00:00",
      "_links" : {
        "self" : {
          "href" : "http://localhost/api/phoneNumbers/2471_0_1"
        },
        "phoneNumber" : {
          "href" : "http://localhost/api/phoneNumbers/2471_0_1"
        },
        "master" : {
          "href" : "http://localhost/api/phoneNumbers/2471_0_1/master"
        }
      }
    }, {
      "inputUserId" : "QSA",
      "lastUpdateUserId" : "QSA",
      "computerId" : "GLSVR171217",
      "lastSynchronizedDate" : null,
      "addressNumber" : "2475",
      "sequence" : 1,
      "countryCode" : "+62",
      "areaCode" : "",
      "phoneNumber" : "031-5914855",
      "phoneType" : "KANTOR",
      "description" : "Kantor",
      "lastUpdateDateTime" : "2017-12-17T00:00:00",
      "inputDateTime" : "2017-12-17T00:00:00",
      "_links" : {
        "self" : {
          "href" : "http://localhost/api/phoneNumbers/2475_0_1"
        },
        "phoneNumber" : {
          "href" : "http://localhost/api/phoneNumbers/2475_0_1"
        },
        "master" : {
          "href" : "http://localhost/api/phoneNumbers/2475_0_1/master"
        }
      }
    }, {
      "inputUserId" : "QSA",
      "lastUpdateUserId" : "QSA",
      "computerId" : "GLSVR171217",
      "lastSynchronizedDate" : null,
      "addressNumber" : "2476",
      "sequence" : 1,
      "countryCode" : "+62",
      "areaCode" : "",
      "phoneNumber" : "0343-741018",
      "phoneType" : "KANTOR",
      "description" : "Kantor",
      "lastUpdateDateTime" : "2017-12-17T00:00:00",
      "inputDateTime" : "2017-12-17T00:00:00",
      "_links" : {
        "self" : {
          "href" : "http://localhost/api/phoneNumbers/2476_0_1"
        },
        "phoneNumber" : {
          "href" : "http://localhost/api/phoneNumbers/2476_0_1"
        },
        "master" : {
          "href" : "http://localhost/api/phoneNumbers/2476_0_1/master"
        }
      }
    }, {
      "inputUserId" : "QSA",
      "lastUpdateUserId" : "QSA",
      "computerId" : "GLSVR171217",
      "lastSynchronizedDate" : null,
      "addressNumber" : "2476",
      "sequence" : 2,
      "countryCode" : "+62",
      "areaCode" : "",
      "phoneNumber" : "085606475601",
      "phoneType" : "KANTOR",
      "description" : "Kantor",
      "lastUpdateDateTime" : "2017-12-17T00:00:00",
      "inputDateTime" : "2017-12-17T00:00:00",
      "_links" : {
        "self" : {
          "href" : "http://localhost/api/phoneNumbers/2476_0_2"
        },
        "phoneNumber" : {
          "href" : "http://localhost/api/phoneNumbers/2476_0_2"
        },
        "master" : {
          "href" : "http://localhost/api/phoneNumbers/2476_0_2/master"
        }
      }
    }, {
      "inputUserId" : "QSA",
      "lastUpdateUserId" : "QSA",
      "computerId" : "GLSVR171217",
      "lastSynchronizedDate" : null,
      "addressNumber" : "2478",
      "sequence" : 1,
      "countryCode" : "+62",
      "areaCode" : "",
      "phoneNumber" : "081703838580",
      "phoneType" : "KANTOR",
      "description" : "Kantor",
      "lastUpdateDateTime" : "2017-12-17T00:00:00",
      "inputDateTime" : "2017-12-17T00:00:00",
      "_links" : {
        "self" : {
          "href" : "http://localhost/api/phoneNumbers/2478_0_1"
        },
        "phoneNumber" : {
          "href" : "http://localhost/api/phoneNumbers/2478_0_1"
        },
        "master" : {
          "href" : "http://localhost/api/phoneNumbers/2478_0_1/master"
        }
      }
    }, {
      "inputUserId" : "QSA",
      "lastUpdateUserId" : "QSA",
      "computerId" : "GLSVR171217",
      "lastSynchronizedDate" : null,
      "addressNumber" : "2481",
      "sequence" : 1,
      "countryCode" : "+62",
      "areaCode" : "",
      "phoneNumber" : "082340141700",
      "phoneType" : "KANTOR",
      "description" : "Kantor",
      "lastUpdateDateTime" : "2017-12-17T00:00:00",
      "inputDateTime" : "2017-12-17T00:00:00",
      "_links" : {
        "self" : {
          "href" : "http://localhost/api/phoneNumbers/2481_0_1"
        },
        "phoneNumber" : {
          "href" : "http://localhost/api/phoneNumbers/2481_0_1"
        },
        "master" : {
          "href" : "http://localhost/api/phoneNumbers/2481_0_1/master"
        }
      }
    }, {
      "inputUserId" : "QSA",
      "lastUpdateUserId" : "QSA",
      "computerId" : "GLSVR171217",
      "lastSynchronizedDate" : null,
      "addressNumber" : "2483",
      "sequence" : 1,
      "countryCode" : "+62",
      "areaCode" : "",
      "phoneNumber" : "081330757707",
      "phoneType" : "KANTOR",
      "description" : "Kantor",
      "lastUpdateDateTime" : "2017-12-17T00:00:00",
      "inputDateTime" : "2017-12-17T00:00:00",
      "_links" : {
        "self" : {
          "href" : "http://localhost/api/phoneNumbers/2483_0_1"
        },
        "phoneNumber" : {
          "href" : "http://localhost/api/phoneNumbers/2483_0_1"
        },
        "master" : {
          "href" : "http://localhost/api/phoneNumbers/2483_0_1/master"
        }
      }
    }, {
      "inputUserId" : "QSA",
      "lastUpdateUserId" : "QSA",
      "computerId" : "GLSVR171217",
      "lastSynchronizedDate" : null,
      "addressNumber" : "2484",
      "sequence" : 1,
      "countryCode" : "+62",
      "areaCode" : "",
      "phoneNumber" : "085657392864",
      "phoneType" : "KANTOR",
      "description" : "Kantor",
      "lastUpdateDateTime" : "2017-12-17T00:00:00",
      "inputDateTime" : "2017-12-17T00:00:00",
      "_links" : {
        "self" : {
          "href" : "http://localhost/api/phoneNumbers/2484_0_1"
        },
        "phoneNumber" : {
          "href" : "http://localhost/api/phoneNumbers/2484_0_1"
        },
        "master" : {
          "href" : "http://localhost/api/phoneNumbers/2484_0_1/master"
        }
      }
    }, {
      "inputUserId" : "QSA",
      "lastUpdateUserId" : "QSA",
      "computerId" : "GLSVR171217",
      "lastSynchronizedDate" : null,
      "addressNumber" : "2485",
      "sequence" : 1,
      "countryCode" : "+62",
      "areaCode" : "",
      "phoneNumber" : "085230398247",
      "phoneType" : "KANTOR",
      "description" : "Kantor",
      "lastUpdateDateTime" : "2017-12-17T00:00:00",
      "inputDateTime" : "2017-12-17T00:00:00",
      "_links" : {
        "self" : {
          "href" : "http://localhost/api/phoneNumbers/2485_0_1"
        },
        "phoneNumber" : {
          "href" : "http://localhost/api/phoneNumbers/2485_0_1"
        },
        "master" : {
          "href" : "http://localhost/api/phoneNumbers/2485_0_1/master"
        }
      }
    }, {
      "inputUserId" : "QSA",
      "lastUpdateUserId" : "QSA",
      "computerId" : "GLSVR171217",
      "lastSynchronizedDate" : null,
      "addressNumber" : "2490",
      "sequence" : 1,
      "countryCode" : "+62",
      "areaCode" : "",
      "phoneNumber" : "081-332-828887",
      "phoneType" : "KANTOR",
      "description" : "Kantor",
      "lastUpdateDateTime" : "2017-12-17T00:00:00",
      "inputDateTime" : "2017-12-17T00:00:00",
      "_links" : {
        "self" : {
          "href" : "http://localhost/api/phoneNumbers/2490_0_1"
        },
        "phoneNumber" : {
          "href" : "http://localhost/api/phoneNumbers/2490_0_1"
        },
        "master" : {
          "href" : "http://localhost/api/phoneNumbers/2490_0_1/master"
        }
      }
    }, {
      "inputUserId" : "QSA",
      "lastUpdateUserId" : "QSA",
      "computerId" : "GLSVR171217",
      "lastSynchronizedDate" : null,
      "addressNumber" : "2491",
      "sequence" : 1,
      "countryCode" : "+62",
      "areaCode" : "",
      "phoneNumber" : "031-5348973",
      "phoneType" : "KANTOR",
      "description" : "Kantor",
      "lastUpdateDateTime" : "2017-12-17T00:00:00",
      "inputDateTime" : "2017-12-17T00:00:00",
      "_links" : {
        "self" : {
          "href" : "http://localhost/api/phoneNumbers/2491_0_1"
        },
        "phoneNumber" : {
          "href" : "http://localhost/api/phoneNumbers/2491_0_1"
        },
        "master" : {
          "href" : "http://localhost/api/phoneNumbers/2491_0_1/master"
        }
      }
    }, {
      "inputUserId" : "QSA",
      "lastUpdateUserId" : "QSA",
      "computerId" : "GLSVR171217",
      "lastSynchronizedDate" : null,
      "addressNumber" : "2492",
      "sequence" : 1,
      "countryCode" : "+62",
      "areaCode" : "",
      "phoneNumber" : "081230333001",
      "phoneType" : "KANTOR",
      "description" : "Kantor",
      "lastUpdateDateTime" : "2017-12-17T00:00:00",
      "inputDateTime" : "2017-12-17T00:00:00",
      "_links" : {
        "self" : {
          "href" : "http://localhost/api/phoneNumbers/2492_0_1"
        },
        "phoneNumber" : {
          "href" : "http://localhost/api/phoneNumbers/2492_0_1"
        },
        "master" : {
          "href" : "http://localhost/api/phoneNumbers/2492_0_1/master"
        }
      }
    }, {
      "inputUserId" : "QSA",
      "lastUpdateUserId" : "QSA",
      "computerId" : "GLSVR171217",
      "lastSynchronizedDate" : null,
      "addressNumber" : "2503",
      "sequence" : 1,
      "countryCode" : "+62",
      "areaCode" : "",
      "phoneNumber" : "PABX 2200",
      "phoneType" : "KANTOR",
      "description" : "Kantor",
      "lastUpdateDateTime" : "2017-12-17T00:00:00",
      "inputDateTime" : "2017-12-17T00:00:00",
      "_links" : {
        "self" : {
          "href" : "http://localhost/api/phoneNumbers/2503_0_1"
        },
        "phoneNumber" : {
          "href" : "http://localhost/api/phoneNumbers/2503_0_1"
        },
        "master" : {
          "href" : "http://localhost/api/phoneNumbers/2503_0_1/master"
        }
      }
    }, {
      "inputUserId" : "QSA",
      "lastUpdateUserId" : "QSA",
      "computerId" : "GLSVR171217",
      "lastSynchronizedDate" : null,
      "addressNumber" : "2515",
      "sequence" : 1,
      "countryCode" : "+62",
      "areaCode" : "",
      "phoneNumber" : "031-7392260",
      "phoneType" : "KANTOR",
      "description" : "Kantor",
      "lastUpdateDateTime" : "2017-12-17T00:00:00",
      "inputDateTime" : "2017-12-17T00:00:00",
      "_links" : {
        "self" : {
          "href" : "http://localhost/api/phoneNumbers/2515_0_1"
        },
        "phoneNumber" : {
          "href" : "http://localhost/api/phoneNumbers/2515_0_1"
        },
        "master" : {
          "href" : "http://localhost/api/phoneNumbers/2515_0_1/master"
        }
      }
    }, {
      "inputUserId" : "QSA",
      "lastUpdateUserId" : "QSA",
      "computerId" : "GLSVR171217",
      "lastSynchronizedDate" : null,
      "addressNumber" : "2516",
      "sequence" : 1,
      "countryCode" : "+62",
      "areaCode" : "",
      "phoneNumber" : "0341-322076",
      "phoneType" : "KANTOR",
      "description" : "Kantor",
      "lastUpdateDateTime" : "2017-12-17T00:00:00",
      "inputDateTime" : "2017-12-17T00:00:00",
      "_links" : {
        "self" : {
          "href" : "http://localhost/api/phoneNumbers/2516_0_1"
        },
        "phoneNumber" : {
          "href" : "http://localhost/api/phoneNumbers/2516_0_1"
        },
        "master" : {
          "href" : "http://localhost/api/phoneNumbers/2516_0_1/master"
        }
      }
    }, {
      "inputUserId" : "QSA",
      "lastUpdateUserId" : "QSA",
      "computerId" : "GLSVR171217",
      "lastSynchronizedDate" : null,
      "addressNumber" : "2521",
      "sequence" : 1,
      "countryCode" : "+62",
      "areaCode" : "",
      "phoneNumber" : "0358-330222",
      "phoneType" : "KANTOR",
      "description" : "Kantor",
      "lastUpdateDateTime" : "2017-12-17T00:00:00",
      "inputDateTime" : "2017-12-17T00:00:00",
      "_links" : {
        "self" : {
          "href" : "http://localhost/api/phoneNumbers/2521_0_1"
        },
        "phoneNumber" : {
          "href" : "http://localhost/api/phoneNumbers/2521_0_1"
        },
        "master" : {
          "href" : "http://localhost/api/phoneNumbers/2521_0_1/master"
        }
      }
    }, {
      "inputUserId" : "QSA",
      "lastUpdateUserId" : "QSA",
      "computerId" : "GLSVR171217",
      "lastSynchronizedDate" : null,
      "addressNumber" : "2522",
      "sequence" : 1,
      "countryCode" : "+62",
      "areaCode" : "",
      "phoneNumber" : "0333-395753",
      "phoneType" : "KANTOR",
      "description" : "Kantor",
      "lastUpdateDateTime" : "2017-12-17T00:00:00",
      "inputDateTime" : "2017-12-17T00:00:00",
      "_links" : {
        "self" : {
          "href" : "http://localhost/api/phoneNumbers/2522_0_1"
        },
        "phoneNumber" : {
          "href" : "http://localhost/api/phoneNumbers/2522_0_1"
        },
        "master" : {
          "href" : "http://localhost/api/phoneNumbers/2522_0_1/master"
        }
      }
    }, {
      "inputUserId" : "QSA",
      "lastUpdateUserId" : "QSA",
      "computerId" : "GLSVR171217",
      "lastSynchronizedDate" : null,
      "addressNumber" : "2527",
      "sequence" : 1,
      "countryCode" : "+62",
      "areaCode" : "",
      "phoneNumber" : "081330653454",
      "phoneType" : "KANTOR",
      "description" : "Kantor",
      "lastUpdateDateTime" : "2017-12-17T00:00:00",
      "inputDateTime" : "2017-12-17T00:00:00",
      "_links" : {
        "self" : {
          "href" : "http://localhost/api/phoneNumbers/2527_0_1"
        },
        "phoneNumber" : {
          "href" : "http://localhost/api/phoneNumbers/2527_0_1"
        },
        "master" : {
          "href" : "http://localhost/api/phoneNumbers/2527_0_1/master"
        }
      }
    }, {
      "inputUserId" : "QSA",
      "lastUpdateUserId" : "QSA",
      "computerId" : "GLSVR171217",
      "lastSynchronizedDate" : null,
      "addressNumber" : "2531",
      "sequence" : 1,
      "countryCode" : "+62",
      "areaCode" : "",
      "phoneNumber" : "0341-478800",
      "phoneType" : "KANTOR",
      "description" : "Kantor",
      "lastUpdateDateTime" : "2017-12-17T00:00:00",
      "inputDateTime" : "2017-12-17T00:00:00",
      "_links" : {
        "self" : {
          "href" : "http://localhost/api/phoneNumbers/2531_0_1"
        },
        "phoneNumber" : {
          "href" : "http://localhost/api/phoneNumbers/2531_0_1"
        },
        "master" : {
          "href" : "http://localhost/api/phoneNumbers/2531_0_1/master"
        }
      }
    }, {
      "inputUserId" : "QSA",
      "lastUpdateUserId" : "QSA",
      "computerId" : "GLSVR171217",
      "lastSynchronizedDate" : null,
      "addressNumber" : "2534",
      "sequence" : 1,
      "countryCode" : "+62",
      "areaCode" : "",
      "phoneNumber" : "087855643000",
      "phoneType" : "KANTOR",
      "description" : "Kantor",
      "lastUpdateDateTime" : "2017-12-17T00:00:00",
      "inputDateTime" : "2017-12-17T00:00:00",
      "_links" : {
        "self" : {
          "href" : "http://localhost/api/phoneNumbers/2534_0_1"
        },
        "phoneNumber" : {
          "href" : "http://localhost/api/phoneNumbers/2534_0_1"
        },
        "master" : {
          "href" : "http://localhost/api/phoneNumbers/2534_0_1/master"
        }
      }
    }, {
      "inputUserId" : "QSA",
      "lastUpdateUserId" : "QSA",
      "computerId" : "GLSVR171217",
      "lastSynchronizedDate" : null,
      "addressNumber" : "2535",
      "sequence" : 1,
      "countryCode" : "+62",
      "areaCode" : "",
      "phoneNumber" : "0358-330865",
      "phoneType" : "KANTOR",
      "description" : "Kantor",
      "lastUpdateDateTime" : "2017-12-17T00:00:00",
      "inputDateTime" : "2017-12-17T00:00:00",
      "_links" : {
        "self" : {
          "href" : "http://localhost/api/phoneNumbers/2535_0_1"
        },
        "phoneNumber" : {
          "href" : "http://localhost/api/phoneNumbers/2535_0_1"
        },
        "master" : {
          "href" : "http://localhost/api/phoneNumbers/2535_0_1/master"
        }
      }
    }, {
      "inputUserId" : "QSA",
      "lastUpdateUserId" : "QSA",
      "computerId" : "GLSVR171217",
      "lastSynchronizedDate" : null,
      "addressNumber" : "2537",
      "sequence" : 1,
      "countryCode" : "+62",
      "areaCode" : "",
      "phoneNumber" : "082301337011",
      "phoneType" : "KANTOR",
      "description" : "Kantor",
      "lastUpdateDateTime" : "2017-12-17T00:00:00",
      "inputDateTime" : "2017-12-17T00:00:00",
      "_links" : {
        "self" : {
          "href" : "http://localhost/api/phoneNumbers/2537_0_1"
        },
        "phoneNumber" : {
          "href" : "http://localhost/api/phoneNumbers/2537_0_1"
        },
        "master" : {
          "href" : "http://localhost/api/phoneNumbers/2537_0_1/master"
        }
      }
    }, {
      "inputUserId" : "QSA",
      "lastUpdateUserId" : "QSA",
      "computerId" : "GLSVR171217",
      "lastSynchronizedDate" : null,
      "addressNumber" : "2540",
      "sequence" : 1,
      "countryCode" : "+62",
      "areaCode" : "",
      "phoneNumber" : "031-5348978",
      "phoneType" : "KANTOR",
      "description" : "Kantor",
      "lastUpdateDateTime" : "2017-12-17T00:00:00",
      "inputDateTime" : "2017-12-17T00:00:00",
      "_links" : {
        "self" : {
          "href" : "http://localhost/api/phoneNumbers/2540_0_1"
        },
        "phoneNumber" : {
          "href" : "http://localhost/api/phoneNumbers/2540_0_1"
        },
        "master" : {
          "href" : "http://localhost/api/phoneNumbers/2540_0_1/master"
        }
      }
    }, {
      "inputUserId" : "QSA",
      "lastUpdateUserId" : "QSA",
      "computerId" : "GLSVR171217",
      "lastSynchronizedDate" : null,
      "addressNumber" : "2542",
      "sequence" : 1,
      "countryCode" : "+62",
      "areaCode" : "",
      "phoneNumber" : "082334175777",
      "phoneType" : "KANTOR",
      "description" : "Kantor",
      "lastUpdateDateTime" : "2017-12-17T00:00:00",
      "inputDateTime" : "2017-12-17T00:00:00",
      "_links" : {
        "self" : {
          "href" : "http://localhost/api/phoneNumbers/2542_0_1"
        },
        "phoneNumber" : {
          "href" : "http://localhost/api/phoneNumbers/2542_0_1"
        },
        "master" : {
          "href" : "http://localhost/api/phoneNumbers/2542_0_1/master"
        }
      }
    }, {
      "inputUserId" : "QSA",
      "lastUpdateUserId" : "QSA",
      "computerId" : "GLSVR171217",
      "lastSynchronizedDate" : null,
      "addressNumber" : "2544",
      "sequence" : 1,
      "countryCode" : "+62",
      "areaCode" : "",
      "phoneNumber" : "031-8531920",
      "phoneType" : "KANTOR",
      "description" : "Kantor",
      "lastUpdateDateTime" : "2017-12-17T00:00:00",
      "inputDateTime" : "2017-12-17T00:00:00",
      "_links" : {
        "self" : {
          "href" : "http://localhost/api/phoneNumbers/2544_0_1"
        },
        "phoneNumber" : {
          "href" : "http://localhost/api/phoneNumbers/2544_0_1"
        },
        "master" : {
          "href" : "http://localhost/api/phoneNumbers/2544_0_1/master"
        }
      }
    }, {
      "inputUserId" : "QSA",
      "lastUpdateUserId" : "QSA",
      "computerId" : "GLSVR171217",
      "lastSynchronizedDate" : null,
      "addressNumber" : "2546",
      "sequence" : 1,
      "countryCode" : "+62",
      "areaCode" : "",
      "phoneNumber" : "031-8791695",
      "phoneType" : "KANTOR",
      "description" : "Kantor",
      "lastUpdateDateTime" : "2017-12-17T00:00:00",
      "inputDateTime" : "2017-12-17T00:00:00",
      "_links" : {
        "self" : {
          "href" : "http://localhost/api/phoneNumbers/2546_0_1"
        },
        "phoneNumber" : {
          "href" : "http://localhost/api/phoneNumbers/2546_0_1"
        },
        "master" : {
          "href" : "http://localhost/api/phoneNumbers/2546_0_1/master"
        }
      }
    }, {
      "inputUserId" : "QSA",
      "lastUpdateUserId" : "QSA",
      "computerId" : "GLSVR171217",
      "lastSynchronizedDate" : null,
      "addressNumber" : "2549",
      "sequence" : 1,
      "countryCode" : "+62",
      "areaCode" : "",
      "phoneNumber" : "0341-322076",
      "phoneType" : "KANTOR",
      "description" : "Kantor",
      "lastUpdateDateTime" : "2017-12-17T00:00:00",
      "inputDateTime" : "2017-12-17T00:00:00",
      "_links" : {
        "self" : {
          "href" : "http://localhost/api/phoneNumbers/2549_0_1"
        },
        "phoneNumber" : {
          "href" : "http://localhost/api/phoneNumbers/2549_0_1"
        },
        "master" : {
          "href" : "http://localhost/api/phoneNumbers/2549_0_1/master"
        }
      }
    }, {
      "inputUserId" : "QSA",
      "lastUpdateUserId" : "QSA",
      "computerId" : "GLSVR171217",
      "lastSynchronizedDate" : null,
      "addressNumber" : "2550",
      "sequence" : 1,
      "countryCode" : "+62",
      "areaCode" : "",
      "phoneNumber" : "031-5470634",
      "phoneType" : "KANTOR",
      "description" : "Kantor",
      "lastUpdateDateTime" : "2017-12-17T00:00:00",
      "inputDateTime" : "2017-12-17T00:00:00",
      "_links" : {
        "self" : {
          "href" : "http://localhost/api/phoneNumbers/2550_0_1"
        },
        "phoneNumber" : {
          "href" : "http://localhost/api/phoneNumbers/2550_0_1"
        },
        "master" : {
          "href" : "http://localhost/api/phoneNumbers/2550_0_1/master"
        }
      }
    }, {
      "inputUserId" : "QSA",
      "lastUpdateUserId" : "QSA",
      "computerId" : "GLSVR171217",
      "lastSynchronizedDate" : null,
      "addressNumber" : "2551",
      "sequence" : 1,
      "countryCode" : "+62",
      "areaCode" : "",
      "phoneNumber" : "087738670572",
      "phoneType" : "KANTOR",
      "description" : "Kantor",
      "lastUpdateDateTime" : "2017-12-17T00:00:00",
      "inputDateTime" : "2017-12-17T00:00:00",
      "_links" : {
        "self" : {
          "href" : "http://localhost/api/phoneNumbers/2551_0_1"
        },
        "phoneNumber" : {
          "href" : "http://localhost/api/phoneNumbers/2551_0_1"
        },
        "master" : {
          "href" : "http://localhost/api/phoneNumbers/2551_0_1/master"
        }
      }
    }, {
      "inputUserId" : "QSA",
      "lastUpdateUserId" : "QSA",
      "computerId" : "GLSVR171217",
      "lastSynchronizedDate" : null,
      "addressNumber" : "2552",
      "sequence" : 1,
      "countryCode" : "+62",
      "areaCode" : "",
      "phoneNumber" : "081331803999",
      "phoneType" : "KANTOR",
      "description" : "Kantor",
      "lastUpdateDateTime" : "2017-12-17T00:00:00",
      "inputDateTime" : "2017-12-17T00:00:00",
      "_links" : {
        "self" : {
          "href" : "http://localhost/api/phoneNumbers/2552_0_1"
        },
        "phoneNumber" : {
          "href" : "http://localhost/api/phoneNumbers/2552_0_1"
        },
        "master" : {
          "href" : "http://localhost/api/phoneNumbers/2552_0_1/master"
        }
      }
    }, {
      "inputUserId" : "QSA",
      "lastUpdateUserId" : "QSA",
      "computerId" : "GLSVR171217",
      "lastSynchronizedDate" : null,
      "addressNumber" : "2554",
      "sequence" : 1,
      "countryCode" : "+62",
      "areaCode" : "",
      "phoneNumber" : "0322321819",
      "phoneType" : "KANTOR",
      "description" : "Kantor",
      "lastUpdateDateTime" : "2017-12-17T00:00:00",
      "inputDateTime" : "2017-12-17T00:00:00",
      "_links" : {
        "self" : {
          "href" : "http://localhost/api/phoneNumbers/2554_0_1"
        },
        "phoneNumber" : {
          "href" : "http://localhost/api/phoneNumbers/2554_0_1"
        },
        "master" : {
          "href" : "http://localhost/api/phoneNumbers/2554_0_1/master"
        }
      }
    }, {
      "inputUserId" : "QSA",
      "lastUpdateUserId" : "QSA",
      "computerId" : "GLSVR171217",
      "lastSynchronizedDate" : null,
      "addressNumber" : "2556",
      "sequence" : 1,
      "countryCode" : "+62",
      "areaCode" : "",
      "phoneNumber" : "031-5481235",
      "phoneType" : "KANTOR",
      "description" : "Kantor",
      "lastUpdateDateTime" : "2017-12-17T00:00:00",
      "inputDateTime" : "2017-12-17T00:00:00",
      "_links" : {
        "self" : {
          "href" : "http://localhost/api/phoneNumbers/2556_0_1"
        },
        "phoneNumber" : {
          "href" : "http://localhost/api/phoneNumbers/2556_0_1"
        },
        "master" : {
          "href" : "http://localhost/api/phoneNumbers/2556_0_1/master"
        }
      }
    }, {
      "inputUserId" : "QSA",
      "lastUpdateUserId" : "QSA",
      "computerId" : "GLSVR171217",
      "lastSynchronizedDate" : null,
      "addressNumber" : "2566",
      "sequence" : 1,
      "countryCode" : "+62",
      "areaCode" : "",
      "phoneNumber" : "0321-868188",
      "phoneType" : "KANTOR",
      "description" : "Kantor",
      "lastUpdateDateTime" : "2017-12-17T00:00:00",
      "inputDateTime" : "2017-12-17T00:00:00",
      "_links" : {
        "self" : {
          "href" : "http://localhost/api/phoneNumbers/2566_0_1"
        },
        "phoneNumber" : {
          "href" : "http://localhost/api/phoneNumbers/2566_0_1"
        },
        "master" : {
          "href" : "http://localhost/api/phoneNumbers/2566_0_1/master"
        }
      }
    }, {
      "inputUserId" : "QSA",
      "lastUpdateUserId" : "QSA",
      "computerId" : "GLSVR171217",
      "lastSynchronizedDate" : null,
      "addressNumber" : "2571",
      "sequence" : 1,
      "countryCode" : "+62",
      "areaCode" : "",
      "phoneNumber" : "0817307024",
      "phoneType" : "KANTOR",
      "description" : "Kantor",
      "lastUpdateDateTime" : "2017-12-17T00:00:00",
      "inputDateTime" : "2017-12-17T00:00:00",
      "_links" : {
        "self" : {
          "href" : "http://localhost/api/phoneNumbers/2571_0_1"
        },
        "phoneNumber" : {
          "href" : "http://localhost/api/phoneNumbers/2571_0_1"
        },
        "master" : {
          "href" : "http://localhost/api/phoneNumbers/2571_0_1/master"
        }
      }
    }, {
      "inputUserId" : "QSA",
      "lastUpdateUserId" : "QSA",
      "computerId" : "GLSVR171217",
      "lastSynchronizedDate" : null,
      "addressNumber" : "2572",
      "sequence" : 1,
      "countryCode" : "+62",
      "areaCode" : "",
      "phoneNumber" : "031-8068530",
      "phoneType" : "KANTOR",
      "description" : "Kantor",
      "lastUpdateDateTime" : "2017-12-17T00:00:00",
      "inputDateTime" : "2017-12-17T00:00:00",
      "_links" : {
        "self" : {
          "href" : "http://localhost/api/phoneNumbers/2572_0_1"
        },
        "phoneNumber" : {
          "href" : "http://localhost/api/phoneNumbers/2572_0_1"
        },
        "master" : {
          "href" : "http://localhost/api/phoneNumbers/2572_0_1/master"
        }
      }
    }, {
      "inputUserId" : "QSA",
      "lastUpdateUserId" : "QSA",
      "computerId" : "GLSVR171217",
      "lastSynchronizedDate" : null,
      "addressNumber" : "2575",
      "sequence" : 1,
      "countryCode" : "+62",
      "areaCode" : "",
      "phoneNumber" : "081315555157",
      "phoneType" : "KANTOR",
      "description" : "Kantor",
      "lastUpdateDateTime" : "2017-12-17T00:00:00",
      "inputDateTime" : "2017-12-17T00:00:00",
      "_links" : {
        "self" : {
          "href" : "http://localhost/api/phoneNumbers/2575_0_1"
        },
        "phoneNumber" : {
          "href" : "http://localhost/api/phoneNumbers/2575_0_1"
        },
        "master" : {
          "href" : "http://localhost/api/phoneNumbers/2575_0_1/master"
        }
      }
    }, {
      "inputUserId" : "QSA",
      "lastUpdateUserId" : "QSA",
      "computerId" : "GLSVR171217",
      "lastSynchronizedDate" : null,
      "addressNumber" : "2577",
      "sequence" : 1,
      "countryCode" : "+62",
      "areaCode" : "",
      "phoneNumber" : "081234538984",
      "phoneType" : "KANTOR",
      "description" : "Kantor",
      "lastUpdateDateTime" : "2017-12-17T00:00:00",
      "inputDateTime" : "2017-12-17T00:00:00",
      "_links" : {
        "self" : {
          "href" : "http://localhost/api/phoneNumbers/2577_0_1"
        },
        "phoneNumber" : {
          "href" : "http://localhost/api/phoneNumbers/2577_0_1"
        },
        "master" : {
          "href" : "http://localhost/api/phoneNumbers/2577_0_1/master"
        }
      }
    }, {
      "inputUserId" : "QSA",
      "lastUpdateUserId" : "QSA",
      "computerId" : "GLSVR171217",
      "lastSynchronizedDate" : null,
      "addressNumber" : "2580",
      "sequence" : 1,
      "countryCode" : "+62",
      "areaCode" : "",
      "phoneNumber" : "085648940666",
      "phoneType" : "KANTOR",
      "description" : "Kantor",
      "lastUpdateDateTime" : "2017-12-17T00:00:00",
      "inputDateTime" : "2017-12-17T00:00:00",
      "_links" : {
        "self" : {
          "href" : "http://localhost/api/phoneNumbers/2580_0_1"
        },
        "phoneNumber" : {
          "href" : "http://localhost/api/phoneNumbers/2580_0_1"
        },
        "master" : {
          "href" : "http://localhost/api/phoneNumbers/2580_0_1/master"
        }
      }
    }, {
      "inputUserId" : "QSA",
      "lastUpdateUserId" : "QSA",
      "computerId" : "GLSVR171217",
      "lastSynchronizedDate" : null,
      "addressNumber" : "2581",
      "sequence" : 1,
      "countryCode" : "+62",
      "areaCode" : "",
      "phoneNumber" : "085645119911",
      "phoneType" : "KANTOR",
      "description" : "Kantor",
      "lastUpdateDateTime" : "2017-12-17T00:00:00",
      "inputDateTime" : "2017-12-17T00:00:00",
      "_links" : {
        "self" : {
          "href" : "http://localhost/api/phoneNumbers/2581_0_1"
        },
        "phoneNumber" : {
          "href" : "http://localhost/api/phoneNumbers/2581_0_1"
        },
        "master" : {
          "href" : "http://localhost/api/phoneNumbers/2581_0_1/master"
        }
      }
    }, {
      "inputUserId" : "QSA",
      "lastUpdateUserId" : "QSA",
      "computerId" : "GLSVR171217",
      "lastSynchronizedDate" : null,
      "addressNumber" : "2584",
      "sequence" : 1,
      "countryCode" : "+62",
      "areaCode" : "",
      "phoneNumber" : "031-5471227",
      "phoneType" : "KANTOR",
      "description" : "Kantor",
      "lastUpdateDateTime" : "2017-12-17T00:00:00",
      "inputDateTime" : "2017-12-17T00:00:00",
      "_links" : {
        "self" : {
          "href" : "http://localhost/api/phoneNumbers/2584_0_1"
        },
        "phoneNumber" : {
          "href" : "http://localhost/api/phoneNumbers/2584_0_1"
        },
        "master" : {
          "href" : "http://localhost/api/phoneNumbers/2584_0_1/master"
        }
      }
    }, {
      "inputUserId" : "QSA",
      "lastUpdateUserId" : "QSA",
      "computerId" : "GLSVR171217",
      "lastSynchronizedDate" : null,
      "addressNumber" : "2586",
      "sequence" : 1,
      "countryCode" : "+62",
      "areaCode" : "",
      "phoneNumber" : "031-7875803",
      "phoneType" : "KANTOR",
      "description" : "Kantor",
      "lastUpdateDateTime" : "2017-12-17T00:00:00",
      "inputDateTime" : "2017-12-17T00:00:00",
      "_links" : {
        "self" : {
          "href" : "http://localhost/api/phoneNumbers/2586_0_1"
        },
        "phoneNumber" : {
          "href" : "http://localhost/api/phoneNumbers/2586_0_1"
        },
        "master" : {
          "href" : "http://localhost/api/phoneNumbers/2586_0_1/master"
        }
      }
    }, {
      "inputUserId" : "QSA",
      "lastUpdateUserId" : "QSA",
      "computerId" : "GLSVR171217",
      "lastSynchronizedDate" : null,
      "addressNumber" : "2588",
      "sequence" : 1,
      "countryCode" : "+62",
      "areaCode" : "",
      "phoneNumber" : "087750960338",
      "phoneType" : "KANTOR",
      "description" : "Kantor",
      "lastUpdateDateTime" : "2017-12-17T00:00:00",
      "inputDateTime" : "2017-12-17T00:00:00",
      "_links" : {
        "self" : {
          "href" : "http://localhost/api/phoneNumbers/2588_0_1"
        },
        "phoneNumber" : {
          "href" : "http://localhost/api/phoneNumbers/2588_0_1"
        },
        "master" : {
          "href" : "http://localhost/api/phoneNumbers/2588_0_1/master"
        }
      }
    }, {
      "inputUserId" : "QSA",
      "lastUpdateUserId" : "QSA",
      "computerId" : "GLSVR171217",
      "lastSynchronizedDate" : null,
      "addressNumber" : "2589",
      "sequence" : 1,
      "countryCode" : "+62",
      "areaCode" : "",
      "phoneNumber" : "Pabx 1093",
      "phoneType" : "KANTOR",
      "description" : "Kantor",
      "lastUpdateDateTime" : "2017-12-17T00:00:00",
      "inputDateTime" : "2017-12-17T00:00:00",
      "_links" : {
        "self" : {
          "href" : "http://localhost/api/phoneNumbers/2589_0_1"
        },
        "phoneNumber" : {
          "href" : "http://localhost/api/phoneNumbers/2589_0_1"
        },
        "master" : {
          "href" : "http://localhost/api/phoneNumbers/2589_0_1/master"
        }
      }
    }, {
      "inputUserId" : "QSA",
      "lastUpdateUserId" : "QSA",
      "computerId" : "GLSVR171217",
      "lastSynchronizedDate" : null,
      "addressNumber" : "2590",
      "sequence" : 1,
      "countryCode" : "+62",
      "areaCode" : "",
      "phoneNumber" : "081232472626",
      "phoneType" : "KANTOR",
      "description" : "Kantor",
      "lastUpdateDateTime" : "2017-12-17T00:00:00",
      "inputDateTime" : "2017-12-17T00:00:00",
      "_links" : {
        "self" : {
          "href" : "http://localhost/api/phoneNumbers/2590_0_1"
        },
        "phoneNumber" : {
          "href" : "http://localhost/api/phoneNumbers/2590_0_1"
        },
        "master" : {
          "href" : "http://localhost/api/phoneNumbers/2590_0_1/master"
        }
      }
    }, {
      "inputUserId" : "QSA",
      "lastUpdateUserId" : "QSA",
      "computerId" : "GLSVR171217",
      "lastSynchronizedDate" : null,
      "addressNumber" : "2591",
      "sequence" : 1,
      "countryCode" : "+62",
      "areaCode" : "",
      "phoneNumber" : "031-77076138",
      "phoneType" : "KANTOR",
      "description" : "Kantor",
      "lastUpdateDateTime" : "2017-12-17T00:00:00",
      "inputDateTime" : "2017-12-17T00:00:00",
      "_links" : {
        "self" : {
          "href" : "http://localhost/api/phoneNumbers/2591_0_1"
        },
        "phoneNumber" : {
          "href" : "http://localhost/api/phoneNumbers/2591_0_1"
        },
        "master" : {
          "href" : "http://localhost/api/phoneNumbers/2591_0_1/master"
        }
      }
    }, {
      "inputUserId" : "QSA",
      "lastUpdateUserId" : "QSA",
      "computerId" : "GLSVR171217",
      "lastSynchronizedDate" : null,
      "addressNumber" : "2593",
      "sequence" : 1,
      "countryCode" : "+62",
      "areaCode" : "",
      "phoneNumber" : "081250707441",
      "phoneType" : "KANTOR",
      "description" : "Kantor",
      "lastUpdateDateTime" : "2017-12-17T00:00:00",
      "inputDateTime" : "2017-12-17T00:00:00",
      "_links" : {
        "self" : {
          "href" : "http://localhost/api/phoneNumbers/2593_0_1"
        },
        "phoneNumber" : {
          "href" : "http://localhost/api/phoneNumbers/2593_0_1"
        },
        "master" : {
          "href" : "http://localhost/api/phoneNumbers/2593_0_1/master"
        }
      }
    }, {
      "inputUserId" : "QSA",
      "lastUpdateUserId" : "QSA",
      "computerId" : "GLSVR171217",
      "lastSynchronizedDate" : null,
      "addressNumber" : "2596",
      "sequence" : 1,
      "countryCode" : "+62",
      "areaCode" : "",
      "phoneNumber" : "081357748810",
      "phoneType" : "KANTOR",
      "description" : "Kantor",
      "lastUpdateDateTime" : "2017-12-17T00:00:00",
      "inputDateTime" : "2017-12-17T00:00:00",
      "_links" : {
        "self" : {
          "href" : "http://localhost/api/phoneNumbers/2596_0_1"
        },
        "phoneNumber" : {
          "href" : "http://localhost/api/phoneNumbers/2596_0_1"
        },
        "master" : {
          "href" : "http://localhost/api/phoneNumbers/2596_0_1/master"
        }
      }
    }, {
      "inputUserId" : "QSA",
      "lastUpdateUserId" : "QSA",
      "computerId" : "GLSVR171217",
      "lastSynchronizedDate" : null,
      "addressNumber" : "2603",
      "sequence" : 1,
      "countryCode" : "+62",
      "areaCode" : "",
      "phoneNumber" : "081944884477",
      "phoneType" : "KANTOR",
      "description" : "Kantor",
      "lastUpdateDateTime" : "2017-12-17T00:00:00",
      "inputDateTime" : "2017-12-17T00:00:00",
      "_links" : {
        "self" : {
          "href" : "http://localhost/api/phoneNumbers/2603_0_1"
        },
        "phoneNumber" : {
          "href" : "http://localhost/api/phoneNumbers/2603_0_1"
        },
        "master" : {
          "href" : "http://localhost/api/phoneNumbers/2603_0_1/master"
        }
      }
    }, {
      "inputUserId" : "QSA",
      "lastUpdateUserId" : "QSA",
      "computerId" : "GLSVR171217",
      "lastSynchronizedDate" : null,
      "addressNumber" : "2604",
      "sequence" : 1,
      "countryCode" : "+62",
      "areaCode" : "",
      "phoneNumber" : "031-5470739",
      "phoneType" : "KANTOR",
      "description" : "Kantor",
      "lastUpdateDateTime" : "2017-12-17T00:00:00",
      "inputDateTime" : "2017-12-17T00:00:00",
      "_links" : {
        "self" : {
          "href" : "http://localhost/api/phoneNumbers/2604_0_1"
        },
        "phoneNumber" : {
          "href" : "http://localhost/api/phoneNumbers/2604_0_1"
        },
        "master" : {
          "href" : "http://localhost/api/phoneNumbers/2604_0_1/master"
        }
      }
    }, {
      "inputUserId" : "QSA",
      "lastUpdateUserId" : "QSA",
      "computerId" : "GLSVR171217",
      "lastSynchronizedDate" : null,
      "addressNumber" : "2606",
      "sequence" : 1,
      "countryCode" : "+62",
      "areaCode" : "",
      "phoneNumber" : "031-5670478",
      "phoneType" : "KANTOR",
      "description" : "Kantor",
      "lastUpdateDateTime" : "2017-12-17T00:00:00",
      "inputDateTime" : "2017-12-17T00:00:00",
      "_links" : {
        "self" : {
          "href" : "http://localhost/api/phoneNumbers/2606_0_1"
        },
        "phoneNumber" : {
          "href" : "http://localhost/api/phoneNumbers/2606_0_1"
        },
        "master" : {
          "href" : "http://localhost/api/phoneNumbers/2606_0_1/master"
        }
      }
    }, {
      "inputUserId" : "QSA",
      "lastUpdateUserId" : "QSA",
      "computerId" : "GLSVR171217",
      "lastSynchronizedDate" : null,
      "addressNumber" : "2607",
      "sequence" : 1,
      "countryCode" : "+62",
      "areaCode" : "",
      "phoneNumber" : "031-5355698",
      "phoneType" : "KANTOR",
      "description" : "Kantor",
      "lastUpdateDateTime" : "2017-12-17T00:00:00",
      "inputDateTime" : "2017-12-17T00:00:00",
      "_links" : {
        "self" : {
          "href" : "http://localhost/api/phoneNumbers/2607_0_1"
        },
        "phoneNumber" : {
          "href" : "http://localhost/api/phoneNumbers/2607_0_1"
        },
        "master" : {
          "href" : "http://localhost/api/phoneNumbers/2607_0_1/master"
        }
      }
    }, {
      "inputUserId" : "QSA",
      "lastUpdateUserId" : "QSA",
      "computerId" : "GLSVR171217",
      "lastSynchronizedDate" : null,
      "addressNumber" : "2615",
      "sequence" : 1,
      "countryCode" : "+62",
      "areaCode" : "",
      "phoneNumber" : "081-332024967",
      "phoneType" : "KANTOR",
      "description" : "Kantor",
      "lastUpdateDateTime" : "2017-12-17T00:00:00",
      "inputDateTime" : "2017-12-17T00:00:00",
      "_links" : {
        "self" : {
          "href" : "http://localhost/api/phoneNumbers/2615_0_1"
        },
        "phoneNumber" : {
          "href" : "http://localhost/api/phoneNumbers/2615_0_1"
        },
        "master" : {
          "href" : "http://localhost/api/phoneNumbers/2615_0_1/master"
        }
      }
    }, {
      "inputUserId" : "QSA",
      "lastUpdateUserId" : "QSA",
      "computerId" : "GLSVR171217",
      "lastSynchronizedDate" : null,
      "addressNumber" : "2616",
      "sequence" : 1,
      "countryCode" : "+62",
      "areaCode" : "",
      "phoneNumber" : "085732711549",
      "phoneType" : "KANTOR",
      "description" : "Kantor",
      "lastUpdateDateTime" : "2017-12-17T00:00:00",
      "inputDateTime" : "2017-12-17T00:00:00",
      "_links" : {
        "self" : {
          "href" : "http://localhost/api/phoneNumbers/2616_0_1"
        },
        "phoneNumber" : {
          "href" : "http://localhost/api/phoneNumbers/2616_0_1"
        },
        "master" : {
          "href" : "http://localhost/api/phoneNumbers/2616_0_1/master"
        }
      }
    }, {
      "inputUserId" : "QSA",
      "lastUpdateUserId" : "QSA",
      "computerId" : "GLSVR171217",
      "lastSynchronizedDate" : null,
      "addressNumber" : "2618",
      "sequence" : 1,
      "countryCode" : "+62",
      "areaCode" : "",
      "phoneNumber" : "081333308880",
      "phoneType" : "KANTOR",
      "description" : "Kantor",
      "lastUpdateDateTime" : "2017-12-17T00:00:00",
      "inputDateTime" : "2017-12-17T00:00:00",
      "_links" : {
        "self" : {
          "href" : "http://localhost/api/phoneNumbers/2618_0_1"
        },
        "phoneNumber" : {
          "href" : "http://localhost/api/phoneNumbers/2618_0_1"
        },
        "master" : {
          "href" : "http://localhost/api/phoneNumbers/2618_0_1/master"
        }
      }
    }, {
      "inputUserId" : "QSA",
      "lastUpdateUserId" : "QSA",
      "computerId" : "GLSVR171217",
      "lastSynchronizedDate" : null,
      "addressNumber" : "2619",
      "sequence" : 1,
      "countryCode" : "+62",
      "areaCode" : "",
      "phoneNumber" : "085648090747",
      "phoneType" : "KANTOR",
      "description" : "Kantor",
      "lastUpdateDateTime" : "2017-12-17T00:00:00",
      "inputDateTime" : "2017-12-17T00:00:00",
      "_links" : {
        "self" : {
          "href" : "http://localhost/api/phoneNumbers/2619_0_1"
        },
        "phoneNumber" : {
          "href" : "http://localhost/api/phoneNumbers/2619_0_1"
        },
        "master" : {
          "href" : "http://localhost/api/phoneNumbers/2619_0_1/master"
        }
      }
    }, {
      "inputUserId" : "QSA",
      "lastUpdateUserId" : "QSA",
      "computerId" : "GLSVR171217",
      "lastSynchronizedDate" : null,
      "addressNumber" : "2623",
      "sequence" : 1,
      "countryCode" : "+62",
      "areaCode" : "",
      "phoneNumber" : "031-5471247",
      "phoneType" : "KANTOR",
      "description" : "Kantor",
      "lastUpdateDateTime" : "2017-12-17T00:00:00",
      "inputDateTime" : "2017-12-17T00:00:00",
      "_links" : {
        "self" : {
          "href" : "http://localhost/api/phoneNumbers/2623_0_1"
        },
        "phoneNumber" : {
          "href" : "http://localhost/api/phoneNumbers/2623_0_1"
        },
        "master" : {
          "href" : "http://localhost/api/phoneNumbers/2623_0_1/master"
        }
      }
    }, {
      "inputUserId" : "QSA",
      "lastUpdateUserId" : "QSA",
      "computerId" : "GLSVR171217",
      "lastSynchronizedDate" : null,
      "addressNumber" : "2623",
      "sequence" : 2,
      "countryCode" : "+62",
      "areaCode" : "",
      "phoneNumber" : "PABX 1033-1114",
      "phoneType" : "KANTOR",
      "description" : "Kantor",
      "lastUpdateDateTime" : "2017-12-17T00:00:00",
      "inputDateTime" : "2017-12-17T00:00:00",
      "_links" : {
        "self" : {
          "href" : "http://localhost/api/phoneNumbers/2623_0_2"
        },
        "phoneNumber" : {
          "href" : "http://localhost/api/phoneNumbers/2623_0_2"
        },
        "master" : {
          "href" : "http://localhost/api/phoneNumbers/2623_0_2/master"
        }
      }
    }, {
      "inputUserId" : "QSA",
      "lastUpdateUserId" : "QSA",
      "computerId" : "GLSVR171217",
      "lastSynchronizedDate" : null,
      "addressNumber" : "2624",
      "sequence" : 1,
      "countryCode" : "+62",
      "areaCode" : "",
      "phoneNumber" : "031-5478707",
      "phoneType" : "KANTOR",
      "description" : "Kantor",
      "lastUpdateDateTime" : "2017-12-17T00:00:00",
      "inputDateTime" : "2017-12-17T00:00:00",
      "_links" : {
        "self" : {
          "href" : "http://localhost/api/phoneNumbers/2624_0_1"
        },
        "phoneNumber" : {
          "href" : "http://localhost/api/phoneNumbers/2624_0_1"
        },
        "master" : {
          "href" : "http://localhost/api/phoneNumbers/2624_0_1/master"
        }
      }
    }, {
      "inputUserId" : "QSA",
      "lastUpdateUserId" : "QSA",
      "computerId" : "GLSVR171217",
      "lastSynchronizedDate" : null,
      "addressNumber" : "2626",
      "sequence" : 1,
      "countryCode" : "+62",
      "areaCode" : "",
      "phoneNumber" : "0818399599",
      "phoneType" : "KANTOR",
      "description" : "Kantor",
      "lastUpdateDateTime" : "2017-12-17T00:00:00",
      "inputDateTime" : "2017-12-17T00:00:00",
      "_links" : {
        "self" : {
          "href" : "http://localhost/api/phoneNumbers/2626_0_1"
        },
        "phoneNumber" : {
          "href" : "http://localhost/api/phoneNumbers/2626_0_1"
        },
        "master" : {
          "href" : "http://localhost/api/phoneNumbers/2626_0_1/master"
        }
      }
    }, {
      "inputUserId" : "QSA",
      "lastUpdateUserId" : "QSA",
      "computerId" : "GLSVR171217",
      "lastSynchronizedDate" : null,
      "addressNumber" : "2630",
      "sequence" : 1,
      "countryCode" : "+62",
      "areaCode" : "",
      "phoneNumber" : "082233224480",
      "phoneType" : "KANTOR",
      "description" : "Kantor",
      "lastUpdateDateTime" : "2017-12-17T00:00:00",
      "inputDateTime" : "2017-12-17T00:00:00",
      "_links" : {
        "self" : {
          "href" : "http://localhost/api/phoneNumbers/2630_0_1"
        },
        "phoneNumber" : {
          "href" : "http://localhost/api/phoneNumbers/2630_0_1"
        },
        "master" : {
          "href" : "http://localhost/api/phoneNumbers/2630_0_1/master"
        }
      }
    }, {
      "inputUserId" : "QSA",
      "lastUpdateUserId" : "QSA",
      "computerId" : "GLSVR171217",
      "lastSynchronizedDate" : null,
      "addressNumber" : "2636",
      "sequence" : 1,
      "countryCode" : "+62",
      "areaCode" : "",
      "phoneNumber" : "085236522082",
      "phoneType" : "KANTOR",
      "description" : "Kantor",
      "lastUpdateDateTime" : "2017-12-17T00:00:00",
      "inputDateTime" : "2017-12-17T00:00:00",
      "_links" : {
        "self" : {
          "href" : "http://localhost/api/phoneNumbers/2636_0_1"
        },
        "phoneNumber" : {
          "href" : "http://localhost/api/phoneNumbers/2636_0_1"
        },
        "master" : {
          "href" : "http://localhost/api/phoneNumbers/2636_0_1/master"
        }
      }
    }, {
      "inputUserId" : "QSA",
      "lastUpdateUserId" : "QSA",
      "computerId" : "GLSVR171217",
      "lastSynchronizedDate" : null,
      "addressNumber" : "2638",
      "sequence" : 1,
      "countryCode" : "+62",
      "areaCode" : "",
      "phoneNumber" : "031-5023645",
      "phoneType" : "KANTOR",
      "description" : "Kantor",
      "lastUpdateDateTime" : "2017-12-17T00:00:00",
      "inputDateTime" : "2017-12-17T00:00:00",
      "_links" : {
        "self" : {
          "href" : "http://localhost/api/phoneNumbers/2638_0_1"
        },
        "phoneNumber" : {
          "href" : "http://localhost/api/phoneNumbers/2638_0_1"
        },
        "master" : {
          "href" : "http://localhost/api/phoneNumbers/2638_0_1/master"
        }
      }
    }, {
      "inputUserId" : "QSA",
      "lastUpdateUserId" : "QSA",
      "computerId" : "GLSVR171217",
      "lastSynchronizedDate" : null,
      "addressNumber" : "2642",
      "sequence" : 1,
      "countryCode" : "+62",
      "areaCode" : "",
      "phoneNumber" : "0313557079",
      "phoneType" : "KANTOR",
      "description" : "Kantor",
      "lastUpdateDateTime" : "2017-12-17T00:00:00",
      "inputDateTime" : "2017-12-17T00:00:00",
      "_links" : {
        "self" : {
          "href" : "http://localhost/api/phoneNumbers/2642_0_1"
        },
        "phoneNumber" : {
          "href" : "http://localhost/api/phoneNumbers/2642_0_1"
        },
        "master" : {
          "href" : "http://localhost/api/phoneNumbers/2642_0_1/master"
        }
      }
    }, {
      "inputUserId" : "QSA",
      "lastUpdateUserId" : "QSA",
      "computerId" : "GLSVR171217",
      "lastSynchronizedDate" : null,
      "addressNumber" : "2647",
      "sequence" : 1,
      "countryCode" : "+62",
      "areaCode" : "",
      "phoneNumber" : "08113225558",
      "phoneType" : "KANTOR",
      "description" : "Kantor",
      "lastUpdateDateTime" : "2017-12-17T00:00:00",
      "inputDateTime" : "2017-12-17T00:00:00",
      "_links" : {
        "self" : {
          "href" : "http://localhost/api/phoneNumbers/2647_0_1"
        },
        "phoneNumber" : {
          "href" : "http://localhost/api/phoneNumbers/2647_0_1"
        },
        "master" : {
          "href" : "http://localhost/api/phoneNumbers/2647_0_1/master"
        }
      }
    }, {
      "inputUserId" : "QSA",
      "lastUpdateUserId" : "QSA",
      "computerId" : "GLSVR171217",
      "lastSynchronizedDate" : null,
      "addressNumber" : "2648",
      "sequence" : 1,
      "countryCode" : "+62",
      "areaCode" : "",
      "phoneNumber" : "0811319200",
      "phoneType" : "KANTOR",
      "description" : "Kantor",
      "lastUpdateDateTime" : "2017-12-17T00:00:00",
      "inputDateTime" : "2017-12-17T00:00:00",
      "_links" : {
        "self" : {
          "href" : "http://localhost/api/phoneNumbers/2648_0_1"
        },
        "phoneNumber" : {
          "href" : "http://localhost/api/phoneNumbers/2648_0_1"
        },
        "master" : {
          "href" : "http://localhost/api/phoneNumbers/2648_0_1/master"
        }
      }
    }, {
      "inputUserId" : "QSA",
      "lastUpdateUserId" : "QSA",
      "computerId" : "GLSVR171217",
      "lastSynchronizedDate" : null,
      "addressNumber" : "2650",
      "sequence" : 1,
      "countryCode" : "+62",
      "areaCode" : "",
      "phoneNumber" : "031-5482886",
      "phoneType" : "KANTOR",
      "description" : "Kantor",
      "lastUpdateDateTime" : "2017-12-17T00:00:00",
      "inputDateTime" : "2017-12-17T00:00:00",
      "_links" : {
        "self" : {
          "href" : "http://localhost/api/phoneNumbers/2650_0_1"
        },
        "phoneNumber" : {
          "href" : "http://localhost/api/phoneNumbers/2650_0_1"
        },
        "master" : {
          "href" : "http://localhost/api/phoneNumbers/2650_0_1/master"
        }
      }
    }, {
      "inputUserId" : "QSA",
      "lastUpdateUserId" : "QSA",
      "computerId" : "GLSVR171217",
      "lastSynchronizedDate" : null,
      "addressNumber" : "2653",
      "sequence" : 1,
      "countryCode" : "+62",
      "areaCode" : "",
      "phoneNumber" : "081382295872",
      "phoneType" : "KANTOR",
      "description" : "Kantor",
      "lastUpdateDateTime" : "2017-12-17T00:00:00",
      "inputDateTime" : "2017-12-17T00:00:00",
      "_links" : {
        "self" : {
          "href" : "http://localhost/api/phoneNumbers/2653_0_1"
        },
        "phoneNumber" : {
          "href" : "http://localhost/api/phoneNumbers/2653_0_1"
        },
        "master" : {
          "href" : "http://localhost/api/phoneNumbers/2653_0_1/master"
        }
      }
    }, {
      "inputUserId" : "QSA",
      "lastUpdateUserId" : "QSA",
      "computerId" : "GLSVR171217",
      "lastSynchronizedDate" : null,
      "addressNumber" : "2658",
      "sequence" : 1,
      "countryCode" : "+62",
      "areaCode" : "",
      "phoneNumber" : "081331017313",
      "phoneType" : "KANTOR",
      "description" : "Kantor",
      "lastUpdateDateTime" : "2017-12-17T00:00:00",
      "inputDateTime" : "2017-12-17T00:00:00",
      "_links" : {
        "self" : {
          "href" : "http://localhost/api/phoneNumbers/2658_0_1"
        },
        "phoneNumber" : {
          "href" : "http://localhost/api/phoneNumbers/2658_0_1"
        },
        "master" : {
          "href" : "http://localhost/api/phoneNumbers/2658_0_1/master"
        }
      }
    }, {
      "inputUserId" : "QSA",
      "lastUpdateUserId" : "QSA",
      "computerId" : "GLSVR171217",
      "lastSynchronizedDate" : null,
      "addressNumber" : "2659",
      "sequence" : 1,
      "countryCode" : "+62",
      "areaCode" : "",
      "phoneNumber" : "031-5329807",
      "phoneType" : "KANTOR",
      "description" : "Kantor",
      "lastUpdateDateTime" : "2017-12-17T00:00:00",
      "inputDateTime" : "2017-12-17T00:00:00",
      "_links" : {
        "self" : {
          "href" : "http://localhost/api/phoneNumbers/2659_0_1"
        },
        "phoneNumber" : {
          "href" : "http://localhost/api/phoneNumbers/2659_0_1"
        },
        "master" : {
          "href" : "http://localhost/api/phoneNumbers/2659_0_1/master"
        }
      }
    }, {
      "inputUserId" : "QSA",
      "lastUpdateUserId" : "QSA",
      "computerId" : "GLSVR171217",
      "lastSynchronizedDate" : null,
      "addressNumber" : "2663",
      "sequence" : 1,
      "countryCode" : "+62",
      "areaCode" : "",
      "phoneNumber" : "0353 883203",
      "phoneType" : "KANTOR",
      "description" : "Kantor",
      "lastUpdateDateTime" : "2017-12-17T00:00:00",
      "inputDateTime" : "2017-12-17T00:00:00",
      "_links" : {
        "self" : {
          "href" : "http://localhost/api/phoneNumbers/2663_0_1"
        },
        "phoneNumber" : {
          "href" : "http://localhost/api/phoneNumbers/2663_0_1"
        },
        "master" : {
          "href" : "http://localhost/api/phoneNumbers/2663_0_1/master"
        }
      }
    }, {
      "inputUserId" : "QSA",
      "lastUpdateUserId" : "QSA",
      "computerId" : "GLSVR171217",
      "lastSynchronizedDate" : null,
      "addressNumber" : "2663",
      "sequence" : 2,
      "countryCode" : "+62",
      "areaCode" : "",
      "phoneNumber" : "081217252333",
      "phoneType" : "KANTOR",
      "description" : "Kantor",
      "lastUpdateDateTime" : "2017-12-17T00:00:00",
      "inputDateTime" : "2017-12-17T00:00:00",
      "_links" : {
        "self" : {
          "href" : "http://localhost/api/phoneNumbers/2663_0_2"
        },
        "phoneNumber" : {
          "href" : "http://localhost/api/phoneNumbers/2663_0_2"
        },
        "master" : {
          "href" : "http://localhost/api/phoneNumbers/2663_0_2/master"
        }
      }
    }, {
      "inputUserId" : "QSA",
      "lastUpdateUserId" : "QSA",
      "computerId" : "GLSVR171217",
      "lastSynchronizedDate" : null,
      "addressNumber" : "2666",
      "sequence" : 1,
      "countryCode" : "+62",
      "areaCode" : "",
      "phoneNumber" : "0321-383754",
      "phoneType" : "KANTOR",
      "description" : "Kantor",
      "lastUpdateDateTime" : "2017-12-17T00:00:00",
      "inputDateTime" : "2017-12-17T00:00:00",
      "_links" : {
        "self" : {
          "href" : "http://localhost/api/phoneNumbers/2666_0_1"
        },
        "phoneNumber" : {
          "href" : "http://localhost/api/phoneNumbers/2666_0_1"
        },
        "master" : {
          "href" : "http://localhost/api/phoneNumbers/2666_0_1/master"
        }
      }
    }, {
      "inputUserId" : "QSA",
      "lastUpdateUserId" : "QSA",
      "computerId" : "GLSVR171217",
      "lastSynchronizedDate" : null,
      "addressNumber" : "2673",
      "sequence" : 1,
      "countryCode" : "+62",
      "areaCode" : "",
      "phoneNumber" : "0354-671208",
      "phoneType" : "KANTOR",
      "description" : "Kantor",
      "lastUpdateDateTime" : "2017-12-17T00:00:00",
      "inputDateTime" : "2017-12-17T00:00:00",
      "_links" : {
        "self" : {
          "href" : "http://localhost/api/phoneNumbers/2673_0_1"
        },
        "phoneNumber" : {
          "href" : "http://localhost/api/phoneNumbers/2673_0_1"
        },
        "master" : {
          "href" : "http://localhost/api/phoneNumbers/2673_0_1/master"
        }
      }
    }, {
      "inputUserId" : "QSA",
      "lastUpdateUserId" : "QSA",
      "computerId" : "GLSVR171217",
      "lastSynchronizedDate" : null,
      "addressNumber" : "2674",
      "sequence" : 1,
      "countryCode" : "+62",
      "areaCode" : "",
      "phoneNumber" : "08563324059",
      "phoneType" : "KANTOR",
      "description" : "Kantor",
      "lastUpdateDateTime" : "2017-12-17T00:00:00",
      "inputDateTime" : "2017-12-17T00:00:00",
      "_links" : {
        "self" : {
          "href" : "http://localhost/api/phoneNumbers/2674_0_1"
        },
        "phoneNumber" : {
          "href" : "http://localhost/api/phoneNumbers/2674_0_1"
        },
        "master" : {
          "href" : "http://localhost/api/phoneNumbers/2674_0_1/master"
        }
      }
    }, {
      "inputUserId" : "QSA",
      "lastUpdateUserId" : "QSA",
      "computerId" : "GLSVR171217",
      "lastSynchronizedDate" : null,
      "addressNumber" : "2676",
      "sequence" : 1,
      "countryCode" : "+62",
      "areaCode" : "",
      "phoneNumber" : "081333336882",
      "phoneType" : "KANTOR",
      "description" : "Kantor",
      "lastUpdateDateTime" : "2017-12-17T00:00:00",
      "inputDateTime" : "2017-12-17T00:00:00",
      "_links" : {
        "self" : {
          "href" : "http://localhost/api/phoneNumbers/2676_0_1"
        },
        "phoneNumber" : {
          "href" : "http://localhost/api/phoneNumbers/2676_0_1"
        },
        "master" : {
          "href" : "http://localhost/api/phoneNumbers/2676_0_1/master"
        }
      }
    }, {
      "inputUserId" : "QSA",
      "lastUpdateUserId" : "QSA",
      "computerId" : "GLSVR171217",
      "lastSynchronizedDate" : null,
      "addressNumber" : "2677",
      "sequence" : 1,
      "countryCode" : "+62",
      "areaCode" : "",
      "phoneNumber" : "0411831616",
      "phoneType" : "KANTOR",
      "description" : "Kantor",
      "lastUpdateDateTime" : "2017-12-17T00:00:00",
      "inputDateTime" : "2017-12-17T00:00:00",
      "_links" : {
        "self" : {
          "href" : "http://localhost/api/phoneNumbers/2677_0_1"
        },
        "phoneNumber" : {
          "href" : "http://localhost/api/phoneNumbers/2677_0_1"
        },
        "master" : {
          "href" : "http://localhost/api/phoneNumbers/2677_0_1/master"
        }
      }
    }, {
      "inputUserId" : "QSA",
      "lastUpdateUserId" : "QSA",
      "computerId" : "GLSVR171217",
      "lastSynchronizedDate" : null,
      "addressNumber" : "2678",
      "sequence" : 1,
      "countryCode" : "+62",
      "areaCode" : "",
      "phoneNumber" : "031-599743",
      "phoneType" : "KANTOR",
      "description" : "Kantor",
      "lastUpdateDateTime" : "2017-12-17T00:00:00",
      "inputDateTime" : "2017-12-17T00:00:00",
      "_links" : {
        "self" : {
          "href" : "http://localhost/api/phoneNumbers/2678_0_1"
        },
        "phoneNumber" : {
          "href" : "http://localhost/api/phoneNumbers/2678_0_1"
        },
        "master" : {
          "href" : "http://localhost/api/phoneNumbers/2678_0_1/master"
        }
      }
    }, {
      "inputUserId" : "QSA",
      "lastUpdateUserId" : "QSA",
      "computerId" : "GLSVR171217",
      "lastSynchronizedDate" : null,
      "addressNumber" : "2679",
      "sequence" : 1,
      "countryCode" : "+62",
      "areaCode" : "",
      "phoneNumber" : "081289321252",
      "phoneType" : "KANTOR",
      "description" : "Kantor",
      "lastUpdateDateTime" : "2017-12-17T00:00:00",
      "inputDateTime" : "2017-12-17T00:00:00",
      "_links" : {
        "self" : {
          "href" : "http://localhost/api/phoneNumbers/2679_0_1"
        },
        "phoneNumber" : {
          "href" : "http://localhost/api/phoneNumbers/2679_0_1"
        },
        "master" : {
          "href" : "http://localhost/api/phoneNumbers/2679_0_1/master"
        }
      }
    }, {
      "inputUserId" : "QSA",
      "lastUpdateUserId" : "QSA",
      "computerId" : "GLSVR171217",
      "lastSynchronizedDate" : null,
      "addressNumber" : "2682",
      "sequence" : 1,
      "countryCode" : "+62",
      "areaCode" : "",
      "phoneNumber" : "0817333338",
      "phoneType" : "KANTOR",
      "description" : "Kantor",
      "lastUpdateDateTime" : "2017-12-17T00:00:00",
      "inputDateTime" : "2017-12-17T00:00:00",
      "_links" : {
        "self" : {
          "href" : "http://localhost/api/phoneNumbers/2682_0_1"
        },
        "phoneNumber" : {
          "href" : "http://localhost/api/phoneNumbers/2682_0_1"
        },
        "master" : {
          "href" : "http://localhost/api/phoneNumbers/2682_0_1/master"
        }
      }
    }, {
      "inputUserId" : "QSA",
      "lastUpdateUserId" : "QSA",
      "computerId" : "GLSVR171217",
      "lastSynchronizedDate" : null,
      "addressNumber" : "2687",
      "sequence" : 1,
      "countryCode" : "+62",
      "areaCode" : "",
      "phoneNumber" : "083854230241",
      "phoneType" : "KANTOR",
      "description" : "Kantor",
      "lastUpdateDateTime" : "2017-12-17T00:00:00",
      "inputDateTime" : "2017-12-17T00:00:00",
      "_links" : {
        "self" : {
          "href" : "http://localhost/api/phoneNumbers/2687_0_1"
        },
        "phoneNumber" : {
          "href" : "http://localhost/api/phoneNumbers/2687_0_1"
        },
        "master" : {
          "href" : "http://localhost/api/phoneNumbers/2687_0_1/master"
        }
      }
    }, {
      "inputUserId" : "QSA",
      "lastUpdateUserId" : "QSA",
      "computerId" : "GLSVR171217",
      "lastSynchronizedDate" : null,
      "addressNumber" : "2690",
      "sequence" : 1,
      "countryCode" : "+62",
      "areaCode" : "",
      "phoneNumber" : "08123218150",
      "phoneType" : "KANTOR",
      "description" : "Kantor",
      "lastUpdateDateTime" : "2017-12-17T00:00:00",
      "inputDateTime" : "2017-12-17T00:00:00",
      "_links" : {
        "self" : {
          "href" : "http://localhost/api/phoneNumbers/2690_0_1"
        },
        "phoneNumber" : {
          "href" : "http://localhost/api/phoneNumbers/2690_0_1"
        },
        "master" : {
          "href" : "http://localhost/api/phoneNumbers/2690_0_1/master"
        }
      }
    }, {
      "inputUserId" : "QSA",
      "lastUpdateUserId" : "QSA",
      "computerId" : "GLSVR171217",
      "lastSynchronizedDate" : null,
      "addressNumber" : "2700",
      "sequence" : 1,
      "countryCode" : "+62",
      "areaCode" : "",
      "phoneNumber" : "031-5478712",
      "phoneType" : "KANTOR",
      "description" : "Kantor",
      "lastUpdateDateTime" : "2017-12-17T00:00:00",
      "inputDateTime" : "2017-12-17T00:00:00",
      "_links" : {
        "self" : {
          "href" : "http://localhost/api/phoneNumbers/2700_0_1"
        },
        "phoneNumber" : {
          "href" : "http://localhost/api/phoneNumbers/2700_0_1"
        },
        "master" : {
          "href" : "http://localhost/api/phoneNumbers/2700_0_1/master"
        }
      }
    }, {
      "inputUserId" : "QSA",
      "lastUpdateUserId" : "QSA",
      "computerId" : "GLSVR171217",
      "lastSynchronizedDate" : null,
      "addressNumber" : "2700",
      "sequence" : 2,
      "countryCode" : "+62",
      "areaCode" : "",
      "phoneNumber" : "085100605380",
      "phoneType" : "KANTOR",
      "description" : "Kantor",
      "lastUpdateDateTime" : "2017-12-17T00:00:00",
      "inputDateTime" : "2017-12-17T00:00:00",
      "_links" : {
        "self" : {
          "href" : "http://localhost/api/phoneNumbers/2700_0_2"
        },
        "phoneNumber" : {
          "href" : "http://localhost/api/phoneNumbers/2700_0_2"
        },
        "master" : {
          "href" : "http://localhost/api/phoneNumbers/2700_0_2/master"
        }
      }
    }, {
      "inputUserId" : "QSA",
      "lastUpdateUserId" : "QSA",
      "computerId" : "GLSVR171217",
      "lastSynchronizedDate" : null,
      "addressNumber" : "2701",
      "sequence" : 1,
      "countryCode" : "+62",
      "areaCode" : "",
      "phoneNumber" : "082232352015",
      "phoneType" : "KANTOR",
      "description" : "Kantor",
      "lastUpdateDateTime" : "2017-12-17T00:00:00",
      "inputDateTime" : "2017-12-17T00:00:00",
      "_links" : {
        "self" : {
          "href" : "http://localhost/api/phoneNumbers/2701_0_1"
        },
        "phoneNumber" : {
          "href" : "http://localhost/api/phoneNumbers/2701_0_1"
        },
        "master" : {
          "href" : "http://localhost/api/phoneNumbers/2701_0_1/master"
        }
      }
    }, {
      "inputUserId" : "QSA",
      "lastUpdateUserId" : "QSA",
      "computerId" : "GLSVR171217",
      "lastSynchronizedDate" : null,
      "addressNumber" : "2709",
      "sequence" : 1,
      "countryCode" : "+62",
      "areaCode" : "",
      "phoneNumber" : "031-5471247/1033",
      "phoneType" : "KANTOR",
      "description" : "Kantor",
      "lastUpdateDateTime" : "2017-12-17T00:00:00",
      "inputDateTime" : "2017-12-17T00:00:00",
      "_links" : {
        "self" : {
          "href" : "http://localhost/api/phoneNumbers/2709_0_1"
        },
        "phoneNumber" : {
          "href" : "http://localhost/api/phoneNumbers/2709_0_1"
        },
        "master" : {
          "href" : "http://localhost/api/phoneNumbers/2709_0_1/master"
        }
      }
    }, {
      "inputUserId" : "QSA",
      "lastUpdateUserId" : "QSA",
      "computerId" : "GLSVR171217",
      "lastSynchronizedDate" : null,
      "addressNumber" : "2709",
      "sequence" : 2,
      "countryCode" : "+62",
      "areaCode" : "",
      "phoneNumber" : "031-5347307/1144",
      "phoneType" : "KANTOR",
      "description" : "Kantor",
      "lastUpdateDateTime" : "2017-12-17T00:00:00",
      "inputDateTime" : "2017-12-17T00:00:00",
      "_links" : {
        "self" : {
          "href" : "http://localhost/api/phoneNumbers/2709_0_2"
        },
        "phoneNumber" : {
          "href" : "http://localhost/api/phoneNumbers/2709_0_2"
        },
        "master" : {
          "href" : "http://localhost/api/phoneNumbers/2709_0_2/master"
        }
      }
    }, {
      "inputUserId" : "QSA",
      "lastUpdateUserId" : "QSA",
      "computerId" : "GLSVR171217",
      "lastSynchronizedDate" : null,
      "addressNumber" : "2715",
      "sequence" : 1,
      "countryCode" : "+62",
      "areaCode" : "",
      "phoneNumber" : "08123147896",
      "phoneType" : "KANTOR",
      "description" : "Kantor",
      "lastUpdateDateTime" : "2017-12-17T00:00:00",
      "inputDateTime" : "2017-12-17T00:00:00",
      "_links" : {
        "self" : {
          "href" : "http://localhost/api/phoneNumbers/2715_0_1"
        },
        "phoneNumber" : {
          "href" : "http://localhost/api/phoneNumbers/2715_0_1"
        },
        "master" : {
          "href" : "http://localhost/api/phoneNumbers/2715_0_1/master"
        }
      }
    }, {
      "inputUserId" : "QSA",
      "lastUpdateUserId" : "QSA",
      "computerId" : "GLSVR171217",
      "lastSynchronizedDate" : null,
      "addressNumber" : "2720",
      "sequence" : 1,
      "countryCode" : "+62",
      "areaCode" : "",
      "phoneNumber" : "0356-324875",
      "phoneType" : "KANTOR",
      "description" : "Kantor",
      "lastUpdateDateTime" : "2017-12-17T00:00:00",
      "inputDateTime" : "2017-12-17T00:00:00",
      "_links" : {
        "self" : {
          "href" : "http://localhost/api/phoneNumbers/2720_0_1"
        },
        "phoneNumber" : {
          "href" : "http://localhost/api/phoneNumbers/2720_0_1"
        },
        "master" : {
          "href" : "http://localhost/api/phoneNumbers/2720_0_1/master"
        }
      }
    }, {
      "inputUserId" : "QSA",
      "lastUpdateUserId" : "QSA",
      "computerId" : "GLSVR171217",
      "lastSynchronizedDate" : null,
      "addressNumber" : "2720",
      "sequence" : 2,
      "countryCode" : "+62",
      "areaCode" : "",
      "phoneNumber" : "08563082277",
      "phoneType" : "KANTOR",
      "description" : "Kantor",
      "lastUpdateDateTime" : "2017-12-17T00:00:00",
      "inputDateTime" : "2017-12-17T00:00:00",
      "_links" : {
        "self" : {
          "href" : "http://localhost/api/phoneNumbers/2720_0_2"
        },
        "phoneNumber" : {
          "href" : "http://localhost/api/phoneNumbers/2720_0_2"
        },
        "master" : {
          "href" : "http://localhost/api/phoneNumbers/2720_0_2/master"
        }
      }
    }, {
      "inputUserId" : "QSA",
      "lastUpdateUserId" : "QSA",
      "computerId" : "GLSVR171217",
      "lastSynchronizedDate" : null,
      "addressNumber" : "2721",
      "sequence" : 1,
      "countryCode" : "+62",
      "areaCode" : "",
      "phoneNumber" : "082233557475",
      "phoneType" : "KANTOR",
      "description" : "Kantor",
      "lastUpdateDateTime" : "2017-12-17T00:00:00",
      "inputDateTime" : "2017-12-17T00:00:00",
      "_links" : {
        "self" : {
          "href" : "http://localhost/api/phoneNumbers/2721_0_1"
        },
        "phoneNumber" : {
          "href" : "http://localhost/api/phoneNumbers/2721_0_1"
        },
        "master" : {
          "href" : "http://localhost/api/phoneNumbers/2721_0_1/master"
        }
      }
    }, {
      "inputUserId" : "QSA",
      "lastUpdateUserId" : "QSA",
      "computerId" : "GLSVR171217",
      "lastSynchronizedDate" : null,
      "addressNumber" : "2722",
      "sequence" : 1,
      "countryCode" : "+62",
      "areaCode" : "",
      "phoneNumber" : "031-5491953",
      "phoneType" : "KANTOR",
      "description" : "Kantor",
      "lastUpdateDateTime" : "2017-12-17T00:00:00",
      "inputDateTime" : "2017-12-17T00:00:00",
      "_links" : {
        "self" : {
          "href" : "http://localhost/api/phoneNumbers/2722_0_1"
        },
        "phoneNumber" : {
          "href" : "http://localhost/api/phoneNumbers/2722_0_1"
        },
        "master" : {
          "href" : "http://localhost/api/phoneNumbers/2722_0_1/master"
        }
      }
    }, {
      "inputUserId" : "QSA",
      "lastUpdateUserId" : "QSA",
      "computerId" : "GLSVR171217",
      "lastSynchronizedDate" : null,
      "addressNumber" : "2723",
      "sequence" : 1,
      "countryCode" : "+62",
      "areaCode" : "",
      "phoneNumber" : "031-3557730",
      "phoneType" : "KANTOR",
      "description" : "Kantor",
      "lastUpdateDateTime" : "2017-12-17T00:00:00",
      "inputDateTime" : "2017-12-17T00:00:00",
      "_links" : {
        "self" : {
          "href" : "http://localhost/api/phoneNumbers/2723_0_1"
        },
        "phoneNumber" : {
          "href" : "http://localhost/api/phoneNumbers/2723_0_1"
        },
        "master" : {
          "href" : "http://localhost/api/phoneNumbers/2723_0_1/master"
        }
      }
    }, {
      "inputUserId" : "QSA",
      "lastUpdateUserId" : "QSA",
      "computerId" : "GLSVR171217",
      "lastSynchronizedDate" : null,
      "addressNumber" : "2724",
      "sequence" : 1,
      "countryCode" : "+62",
      "areaCode" : "",
      "phoneNumber" : "081999158850",
      "phoneType" : "KANTOR",
      "description" : "Kantor",
      "lastUpdateDateTime" : "2017-12-17T00:00:00",
      "inputDateTime" : "2017-12-17T00:00:00",
      "_links" : {
        "self" : {
          "href" : "http://localhost/api/phoneNumbers/2724_0_1"
        },
        "phoneNumber" : {
          "href" : "http://localhost/api/phoneNumbers/2724_0_1"
        },
        "master" : {
          "href" : "http://localhost/api/phoneNumbers/2724_0_1/master"
        }
      }
    }, {
      "inputUserId" : "QSA",
      "lastUpdateUserId" : "QSA",
      "computerId" : "GLSVR171217",
      "lastSynchronizedDate" : null,
      "addressNumber" : "2726",
      "sequence" : 1,
      "countryCode" : "+62",
      "areaCode" : "",
      "phoneNumber" : "031-5468858",
      "phoneType" : "KANTOR",
      "description" : "Kantor",
      "lastUpdateDateTime" : "2017-12-17T00:00:00",
      "inputDateTime" : "2017-12-17T00:00:00",
      "_links" : {
        "self" : {
          "href" : "http://localhost/api/phoneNumbers/2726_0_1"
        },
        "phoneNumber" : {
          "href" : "http://localhost/api/phoneNumbers/2726_0_1"
        },
        "master" : {
          "href" : "http://localhost/api/phoneNumbers/2726_0_1/master"
        }
      }
    }, {
      "inputUserId" : "QSA",
      "lastUpdateUserId" : "QSA",
      "computerId" : "GLSVR171217",
      "lastSynchronizedDate" : null,
      "addressNumber" : "2726",
      "sequence" : 2,
      "countryCode" : "+62",
      "areaCode" : "",
      "phoneNumber" : "031-5468859",
      "phoneType" : "KANTOR",
      "description" : "Kantor",
      "lastUpdateDateTime" : "2017-12-17T00:00:00",
      "inputDateTime" : "2017-12-17T00:00:00",
      "_links" : {
        "self" : {
          "href" : "http://localhost/api/phoneNumbers/2726_0_2"
        },
        "phoneNumber" : {
          "href" : "http://localhost/api/phoneNumbers/2726_0_2"
        },
        "master" : {
          "href" : "http://localhost/api/phoneNumbers/2726_0_2/master"
        }
      }
    }, {
      "inputUserId" : "QSA",
      "lastUpdateUserId" : "QSA",
      "computerId" : "GLSVR171217",
      "lastSynchronizedDate" : null,
      "addressNumber" : "2727",
      "sequence" : 1,
      "countryCode" : "+62",
      "areaCode" : "",
      "phoneNumber" : "085745044090",
      "phoneType" : "KANTOR",
      "description" : "Kantor",
      "lastUpdateDateTime" : "2017-12-17T00:00:00",
      "inputDateTime" : "2017-12-17T00:00:00",
      "_links" : {
        "self" : {
          "href" : "http://localhost/api/phoneNumbers/2727_0_1"
        },
        "phoneNumber" : {
          "href" : "http://localhost/api/phoneNumbers/2727_0_1"
        },
        "master" : {
          "href" : "http://localhost/api/phoneNumbers/2727_0_1/master"
        }
      }
    }, {
      "inputUserId" : "QSA",
      "lastUpdateUserId" : "QSA",
      "computerId" : "GLSVR171217",
      "lastSynchronizedDate" : null,
      "addressNumber" : "2729",
      "sequence" : 1,
      "countryCode" : "+62",
      "areaCode" : "",
      "phoneNumber" : "081805224432",
      "phoneType" : "KANTOR",
      "description" : "Kantor",
      "lastUpdateDateTime" : "2017-12-17T00:00:00",
      "inputDateTime" : "2017-12-17T00:00:00",
      "_links" : {
        "self" : {
          "href" : "http://localhost/api/phoneNumbers/2729_0_1"
        },
        "phoneNumber" : {
          "href" : "http://localhost/api/phoneNumbers/2729_0_1"
        },
        "master" : {
          "href" : "http://localhost/api/phoneNumbers/2729_0_1/master"
        }
      }
    }, {
      "inputUserId" : "QSA",
      "lastUpdateUserId" : "QSA",
      "computerId" : "GLSVR171217",
      "lastSynchronizedDate" : null,
      "addressNumber" : "2730",
      "sequence" : 1,
      "countryCode" : "+62",
      "areaCode" : "",
      "phoneNumber" : "0816566293",
      "phoneType" : "KANTOR",
      "description" : "Kantor",
      "lastUpdateDateTime" : "2017-12-17T00:00:00",
      "inputDateTime" : "2017-12-17T00:00:00",
      "_links" : {
        "self" : {
          "href" : "http://localhost/api/phoneNumbers/2730_0_1"
        },
        "phoneNumber" : {
          "href" : "http://localhost/api/phoneNumbers/2730_0_1"
        },
        "master" : {
          "href" : "http://localhost/api/phoneNumbers/2730_0_1/master"
        }
      }
    }, {
      "inputUserId" : "QSA",
      "lastUpdateUserId" : "QSA",
      "computerId" : "GLSVR171217",
      "lastSynchronizedDate" : null,
      "addressNumber" : "2731",
      "sequence" : 1,
      "countryCode" : "+62",
      "areaCode" : "",
      "phoneNumber" : "082141303096",
      "phoneType" : "KANTOR",
      "description" : "Kantor",
      "lastUpdateDateTime" : "2017-12-17T00:00:00",
      "inputDateTime" : "2017-12-17T00:00:00",
      "_links" : {
        "self" : {
          "href" : "http://localhost/api/phoneNumbers/2731_0_1"
        },
        "phoneNumber" : {
          "href" : "http://localhost/api/phoneNumbers/2731_0_1"
        },
        "master" : {
          "href" : "http://localhost/api/phoneNumbers/2731_0_1/master"
        }
      }
    }, {
      "inputUserId" : "QSA",
      "lastUpdateUserId" : "QSA",
      "computerId" : "GLSVR171217",
      "lastSynchronizedDate" : null,
      "addressNumber" : "2735",
      "sequence" : 1,
      "countryCode" : "+62",
      "areaCode" : "",
      "phoneNumber" : "082132328656",
      "phoneType" : "KANTOR",
      "description" : "Kantor",
      "lastUpdateDateTime" : "2017-12-17T00:00:00",
      "inputDateTime" : "2017-12-17T00:00:00",
      "_links" : {
        "self" : {
          "href" : "http://localhost/api/phoneNumbers/2735_0_1"
        },
        "phoneNumber" : {
          "href" : "http://localhost/api/phoneNumbers/2735_0_1"
        },
        "master" : {
          "href" : "http://localhost/api/phoneNumbers/2735_0_1/master"
        }
      }
    }, {
      "inputUserId" : "QSA",
      "lastUpdateUserId" : "QSA",
      "computerId" : "GLSVR171217",
      "lastSynchronizedDate" : null,
      "addressNumber" : "2737",
      "sequence" : 1,
      "countryCode" : "+62",
      "areaCode" : "",
      "phoneNumber" : "082233334686",
      "phoneType" : "KANTOR",
      "description" : "Kantor",
      "lastUpdateDateTime" : "2017-12-17T00:00:00",
      "inputDateTime" : "2017-12-17T00:00:00",
      "_links" : {
        "self" : {
          "href" : "http://localhost/api/phoneNumbers/2737_0_1"
        },
        "phoneNumber" : {
          "href" : "http://localhost/api/phoneNumbers/2737_0_1"
        },
        "master" : {
          "href" : "http://localhost/api/phoneNumbers/2737_0_1/master"
        }
      }
    }, {
      "inputUserId" : "QSA",
      "lastUpdateUserId" : "QSA",
      "computerId" : "GLSVR171217",
      "lastSynchronizedDate" : null,
      "addressNumber" : "2738",
      "sequence" : 1,
      "countryCode" : "+62",
      "areaCode" : "",
      "phoneNumber" : "081330356579",
      "phoneType" : "KANTOR",
      "description" : "Kantor",
      "lastUpdateDateTime" : "2017-12-17T00:00:00",
      "inputDateTime" : "2017-12-17T00:00:00",
      "_links" : {
        "self" : {
          "href" : "http://localhost/api/phoneNumbers/2738_0_1"
        },
        "phoneNumber" : {
          "href" : "http://localhost/api/phoneNumbers/2738_0_1"
        },
        "master" : {
          "href" : "http://localhost/api/phoneNumbers/2738_0_1/master"
        }
      }
    }, {
      "inputUserId" : "QSA",
      "lastUpdateUserId" : "QSA",
      "computerId" : "GLSVR171217",
      "lastSynchronizedDate" : null,
      "addressNumber" : "2741",
      "sequence" : 1,
      "countryCode" : "+62",
      "areaCode" : "",
      "phoneNumber" : "021-6000326",
      "phoneType" : "KANTOR",
      "description" : "Kantor",
      "lastUpdateDateTime" : "2017-12-17T00:00:00",
      "inputDateTime" : "2017-12-17T00:00:00",
      "_links" : {
        "self" : {
          "href" : "http://localhost/api/phoneNumbers/2741_0_1"
        },
        "phoneNumber" : {
          "href" : "http://localhost/api/phoneNumbers/2741_0_1"
        },
        "master" : {
          "href" : "http://localhost/api/phoneNumbers/2741_0_1/master"
        }
      }
    }, {
      "inputUserId" : "QSA",
      "lastUpdateUserId" : "QSA",
      "computerId" : "GLSVR171217",
      "lastSynchronizedDate" : null,
      "addressNumber" : "2744",
      "sequence" : 1,
      "countryCode" : "+62",
      "areaCode" : "",
      "phoneNumber" : "081-25970366",
      "phoneType" : "KANTOR",
      "description" : "Kantor",
      "lastUpdateDateTime" : "2017-12-17T00:00:00",
      "inputDateTime" : "2017-12-17T00:00:00",
      "_links" : {
        "self" : {
          "href" : "http://localhost/api/phoneNumbers/2744_0_1"
        },
        "phoneNumber" : {
          "href" : "http://localhost/api/phoneNumbers/2744_0_1"
        },
        "master" : {
          "href" : "http://localhost/api/phoneNumbers/2744_0_1/master"
        }
      }
    }, {
      "inputUserId" : "QSA",
      "lastUpdateUserId" : "QSA",
      "computerId" : "GLSVR171217",
      "lastSynchronizedDate" : null,
      "addressNumber" : "2753",
      "sequence" : 1,
      "countryCode" : "+62",
      "areaCode" : "",
      "phoneNumber" : "031-99000908",
      "phoneType" : "KANTOR",
      "description" : "Kantor",
      "lastUpdateDateTime" : "2017-12-17T00:00:00",
      "inputDateTime" : "2017-12-17T00:00:00",
      "_links" : {
        "self" : {
          "href" : "http://localhost/api/phoneNumbers/2753_0_1"
        },
        "phoneNumber" : {
          "href" : "http://localhost/api/phoneNumbers/2753_0_1"
        },
        "master" : {
          "href" : "http://localhost/api/phoneNumbers/2753_0_1/master"
        }
      }
    }, {
      "inputUserId" : "QSA",
      "lastUpdateUserId" : "QSA",
      "computerId" : "GLSVR171217",
      "lastSynchronizedDate" : null,
      "addressNumber" : "2758",
      "sequence" : 1,
      "countryCode" : "+62",
      "areaCode" : "",
      "phoneNumber" : "031-5452708",
      "phoneType" : "KANTOR",
      "description" : "Kantor",
      "lastUpdateDateTime" : "2017-12-17T00:00:00",
      "inputDateTime" : "2017-12-17T00:00:00",
      "_links" : {
        "self" : {
          "href" : "http://localhost/api/phoneNumbers/2758_0_1"
        },
        "phoneNumber" : {
          "href" : "http://localhost/api/phoneNumbers/2758_0_1"
        },
        "master" : {
          "href" : "http://localhost/api/phoneNumbers/2758_0_1/master"
        }
      }
    }, {
      "inputUserId" : "QSA",
      "lastUpdateUserId" : "QSA",
      "computerId" : "GLSVR171217",
      "lastSynchronizedDate" : null,
      "addressNumber" : "2759",
      "sequence" : 1,
      "countryCode" : "+62",
      "areaCode" : "",
      "phoneNumber" : "08113341364",
      "phoneType" : "KANTOR",
      "description" : "Kantor",
      "lastUpdateDateTime" : "2017-12-17T00:00:00",
      "inputDateTime" : "2017-12-17T00:00:00",
      "_links" : {
        "self" : {
          "href" : "http://localhost/api/phoneNumbers/2759_0_1"
        },
        "phoneNumber" : {
          "href" : "http://localhost/api/phoneNumbers/2759_0_1"
        },
        "master" : {
          "href" : "http://localhost/api/phoneNumbers/2759_0_1/master"
        }
      }
    }, {
      "inputUserId" : "QSA",
      "lastUpdateUserId" : "QSA",
      "computerId" : "GLSVR171217",
      "lastSynchronizedDate" : null,
      "addressNumber" : "2762",
      "sequence" : 1,
      "countryCode" : "+62",
      "areaCode" : "",
      "phoneNumber" : "082334270056",
      "phoneType" : "KANTOR",
      "description" : "Kantor",
      "lastUpdateDateTime" : "2017-12-17T00:00:00",
      "inputDateTime" : "2017-12-17T00:00:00",
      "_links" : {
        "self" : {
          "href" : "http://localhost/api/phoneNumbers/2762_0_1"
        },
        "phoneNumber" : {
          "href" : "http://localhost/api/phoneNumbers/2762_0_1"
        },
        "master" : {
          "href" : "http://localhost/api/phoneNumbers/2762_0_1/master"
        }
      }
    }, {
      "inputUserId" : "QSA",
      "lastUpdateUserId" : "QSA",
      "computerId" : "GLSVR171217",
      "lastSynchronizedDate" : null,
      "addressNumber" : "2763",
      "sequence" : 1,
      "countryCode" : "+62",
      "areaCode" : "",
      "phoneNumber" : "031-7414300/05",
      "phoneType" : "KANTOR",
      "description" : "Kantor",
      "lastUpdateDateTime" : "2017-12-17T00:00:00",
      "inputDateTime" : "2017-12-17T00:00:00",
      "_links" : {
        "self" : {
          "href" : "http://localhost/api/phoneNumbers/2763_0_1"
        },
        "phoneNumber" : {
          "href" : "http://localhost/api/phoneNumbers/2763_0_1"
        },
        "master" : {
          "href" : "http://localhost/api/phoneNumbers/2763_0_1/master"
        }
      }
    }, {
      "inputUserId" : "QSA",
      "lastUpdateUserId" : "QSA",
      "computerId" : "GLSVR171217",
      "lastSynchronizedDate" : null,
      "addressNumber" : "2767",
      "sequence" : 1,
      "countryCode" : "+62",
      "areaCode" : "",
      "phoneNumber" : "085736989680",
      "phoneType" : "KANTOR",
      "description" : "Kantor",
      "lastUpdateDateTime" : "2017-12-17T00:00:00",
      "inputDateTime" : "2017-12-17T00:00:00",
      "_links" : {
        "self" : {
          "href" : "http://localhost/api/phoneNumbers/2767_0_1"
        },
        "phoneNumber" : {
          "href" : "http://localhost/api/phoneNumbers/2767_0_1"
        },
        "master" : {
          "href" : "http://localhost/api/phoneNumbers/2767_0_1/master"
        }
      }
    }, {
      "inputUserId" : "QSA",
      "lastUpdateUserId" : "QSA",
      "computerId" : "GLSVR171217",
      "lastSynchronizedDate" : null,
      "addressNumber" : "2770",
      "sequence" : 1,
      "countryCode" : "+62",
      "areaCode" : "",
      "phoneNumber" : "081331290203",
      "phoneType" : "KANTOR",
      "description" : "Kantor",
      "lastUpdateDateTime" : "2017-12-17T00:00:00",
      "inputDateTime" : "2017-12-17T00:00:00",
      "_links" : {
        "self" : {
          "href" : "http://localhost/api/phoneNumbers/2770_0_1"
        },
        "phoneNumber" : {
          "href" : "http://localhost/api/phoneNumbers/2770_0_1"
        },
        "master" : {
          "href" : "http://localhost/api/phoneNumbers/2770_0_1/master"
        }
      }
    }, {
      "inputUserId" : "QSA",
      "lastUpdateUserId" : "QSA",
      "computerId" : "GLSVR171217",
      "lastSynchronizedDate" : null,
      "addressNumber" : "2770",
      "sequence" : 2,
      "countryCode" : "+62",
      "areaCode" : "",
      "phoneNumber" : "08989195196",
      "phoneType" : "KANTOR",
      "description" : "Kantor",
      "lastUpdateDateTime" : "2017-12-17T00:00:00",
      "inputDateTime" : "2017-12-17T00:00:00",
      "_links" : {
        "self" : {
          "href" : "http://localhost/api/phoneNumbers/2770_0_2"
        },
        "phoneNumber" : {
          "href" : "http://localhost/api/phoneNumbers/2770_0_2"
        },
        "master" : {
          "href" : "http://localhost/api/phoneNumbers/2770_0_2/master"
        }
      }
    }, {
      "inputUserId" : "QSA",
      "lastUpdateUserId" : "QSA",
      "computerId" : "GLSVR171217",
      "lastSynchronizedDate" : null,
      "addressNumber" : "2771",
      "sequence" : 1,
      "countryCode" : "+62",
      "areaCode" : "",
      "phoneNumber" : "081946603066",
      "phoneType" : "KANTOR",
      "description" : "Kantor",
      "lastUpdateDateTime" : "2017-12-17T00:00:00",
      "inputDateTime" : "2017-12-17T00:00:00",
      "_links" : {
        "self" : {
          "href" : "http://localhost/api/phoneNumbers/2771_0_1"
        },
        "phoneNumber" : {
          "href" : "http://localhost/api/phoneNumbers/2771_0_1"
        },
        "master" : {
          "href" : "http://localhost/api/phoneNumbers/2771_0_1/master"
        }
      }
    }, {
      "inputUserId" : "QSA",
      "lastUpdateUserId" : "QSA",
      "computerId" : "GLSVR171217",
      "lastSynchronizedDate" : null,
      "addressNumber" : "2772",
      "sequence" : 1,
      "countryCode" : "+62",
      "areaCode" : "",
      "phoneNumber" : "081330506055",
      "phoneType" : "KANTOR",
      "description" : "Kantor",
      "lastUpdateDateTime" : "2017-12-17T00:00:00",
      "inputDateTime" : "2017-12-17T00:00:00",
      "_links" : {
        "self" : {
          "href" : "http://localhost/api/phoneNumbers/2772_0_1"
        },
        "phoneNumber" : {
          "href" : "http://localhost/api/phoneNumbers/2772_0_1"
        },
        "master" : {
          "href" : "http://localhost/api/phoneNumbers/2772_0_1/master"
        }
      }
    }, {
      "inputUserId" : "QSA",
      "lastUpdateUserId" : "QSA",
      "computerId" : "GLSVR171217",
      "lastSynchronizedDate" : null,
      "addressNumber" : "2774",
      "sequence" : 1,
      "countryCode" : "+62",
      "areaCode" : "",
      "phoneNumber" : "08123034530",
      "phoneType" : "KANTOR",
      "description" : "Kantor",
      "lastUpdateDateTime" : "2017-12-17T00:00:00",
      "inputDateTime" : "2017-12-17T00:00:00",
      "_links" : {
        "self" : {
          "href" : "http://localhost/api/phoneNumbers/2774_0_1"
        },
        "phoneNumber" : {
          "href" : "http://localhost/api/phoneNumbers/2774_0_1"
        },
        "master" : {
          "href" : "http://localhost/api/phoneNumbers/2774_0_1/master"
        }
      }
    }, {
      "inputUserId" : "QSA",
      "lastUpdateUserId" : "QSA",
      "computerId" : "GLSVR171217",
      "lastSynchronizedDate" : null,
      "addressNumber" : "2776",
      "sequence" : 1,
      "countryCode" : "+62",
      "areaCode" : "",
      "phoneNumber" : "08811335000",
      "phoneType" : "KANTOR",
      "description" : "Kantor",
      "lastUpdateDateTime" : "2017-12-17T00:00:00",
      "inputDateTime" : "2017-12-17T00:00:00",
      "_links" : {
        "self" : {
          "href" : "http://localhost/api/phoneNumbers/2776_0_1"
        },
        "phoneNumber" : {
          "href" : "http://localhost/api/phoneNumbers/2776_0_1"
        },
        "master" : {
          "href" : "http://localhost/api/phoneNumbers/2776_0_1/master"
        }
      }
    }, {
      "inputUserId" : "QSA",
      "lastUpdateUserId" : "QSA",
      "computerId" : "GLSVR171217",
      "lastSynchronizedDate" : null,
      "addressNumber" : "2779",
      "sequence" : 1,
      "countryCode" : "+62",
      "areaCode" : "",
      "phoneNumber" : "085931237333",
      "phoneType" : "KANTOR",
      "description" : "Kantor",
      "lastUpdateDateTime" : "2017-12-17T00:00:00",
      "inputDateTime" : "2017-12-17T00:00:00",
      "_links" : {
        "self" : {
          "href" : "http://localhost/api/phoneNumbers/2779_0_1"
        },
        "phoneNumber" : {
          "href" : "http://localhost/api/phoneNumbers/2779_0_1"
        },
        "master" : {
          "href" : "http://localhost/api/phoneNumbers/2779_0_1/master"
        }
      }
    }, {
      "inputUserId" : "QSA",
      "lastUpdateUserId" : "QSA",
      "computerId" : "GLSVR171217",
      "lastSynchronizedDate" : null,
      "addressNumber" : "2781",
      "sequence" : 1,
      "countryCode" : "+62",
      "areaCode" : "",
      "phoneNumber" : "0816841810",
      "phoneType" : "KANTOR",
      "description" : "Kantor",
      "lastUpdateDateTime" : "2017-12-17T00:00:00",
      "inputDateTime" : "2017-12-17T00:00:00",
      "_links" : {
        "self" : {
          "href" : "http://localhost/api/phoneNumbers/2781_0_1"
        },
        "phoneNumber" : {
          "href" : "http://localhost/api/phoneNumbers/2781_0_1"
        },
        "master" : {
          "href" : "http://localhost/api/phoneNumbers/2781_0_1/master"
        }
      }
    }, {
      "inputUserId" : "QSA",
      "lastUpdateUserId" : "QSA",
      "computerId" : "GLSVR171217",
      "lastSynchronizedDate" : null,
      "addressNumber" : "2784",
      "sequence" : 1,
      "countryCode" : "+62",
      "areaCode" : "",
      "phoneNumber" : "085100347454",
      "phoneType" : "KANTOR",
      "description" : "Kantor",
      "lastUpdateDateTime" : "2017-12-17T00:00:00",
      "inputDateTime" : "2017-12-17T00:00:00",
      "_links" : {
        "self" : {
          "href" : "http://localhost/api/phoneNumbers/2784_0_1"
        },
        "phoneNumber" : {
          "href" : "http://localhost/api/phoneNumbers/2784_0_1"
        },
        "master" : {
          "href" : "http://localhost/api/phoneNumbers/2784_0_1/master"
        }
      }
    }, {
      "inputUserId" : "QSA",
      "lastUpdateUserId" : "QSA",
      "computerId" : "GLSVR171217",
      "lastSynchronizedDate" : null,
      "addressNumber" : "2786",
      "sequence" : 1,
      "countryCode" : "+62",
      "areaCode" : "",
      "phoneNumber" : "0811902075",
      "phoneType" : "KANTOR",
      "description" : "Kantor",
      "lastUpdateDateTime" : "2017-12-17T00:00:00",
      "inputDateTime" : "2017-12-17T00:00:00",
      "_links" : {
        "self" : {
          "href" : "http://localhost/api/phoneNumbers/2786_0_1"
        },
        "phoneNumber" : {
          "href" : "http://localhost/api/phoneNumbers/2786_0_1"
        },
        "master" : {
          "href" : "http://localhost/api/phoneNumbers/2786_0_1/master"
        }
      }
    }, {
      "inputUserId" : "QSA",
      "lastUpdateUserId" : "QSA",
      "computerId" : "GLSVR171217",
      "lastSynchronizedDate" : null,
      "addressNumber" : "2787",
      "sequence" : 1,
      "countryCode" : "+62",
      "areaCode" : "",
      "phoneNumber" : "08112990209",
      "phoneType" : "KANTOR",
      "description" : "Kantor",
      "lastUpdateDateTime" : "2017-12-17T00:00:00",
      "inputDateTime" : "2017-12-17T00:00:00",
      "_links" : {
        "self" : {
          "href" : "http://localhost/api/phoneNumbers/2787_0_1"
        },
        "phoneNumber" : {
          "href" : "http://localhost/api/phoneNumbers/2787_0_1"
        },
        "master" : {
          "href" : "http://localhost/api/phoneNumbers/2787_0_1/master"
        }
      }
    }, {
      "inputUserId" : "QSA",
      "lastUpdateUserId" : "QSA",
      "computerId" : "GLSVR171217",
      "lastSynchronizedDate" : null,
      "addressNumber" : "2791",
      "sequence" : 1,
      "countryCode" : "+62",
      "areaCode" : "",
      "phoneNumber" : "082139334546",
      "phoneType" : "KANTOR",
      "description" : "Kantor",
      "lastUpdateDateTime" : "2017-12-17T00:00:00",
      "inputDateTime" : "2017-12-17T00:00:00",
      "_links" : {
        "self" : {
          "href" : "http://localhost/api/phoneNumbers/2791_0_1"
        },
        "phoneNumber" : {
          "href" : "http://localhost/api/phoneNumbers/2791_0_1"
        },
        "master" : {
          "href" : "http://localhost/api/phoneNumbers/2791_0_1/master"
        }
      }
    }, {
      "inputUserId" : "QSA",
      "lastUpdateUserId" : "QSA",
      "computerId" : "GLSVR171217",
      "lastSynchronizedDate" : null,
      "addressNumber" : "2794",
      "sequence" : 1,
      "countryCode" : "+62",
      "areaCode" : "",
      "phoneNumber" : "081230588948",
      "phoneType" : "KANTOR",
      "description" : "Kantor",
      "lastUpdateDateTime" : "2017-12-17T00:00:00",
      "inputDateTime" : "2017-12-17T00:00:00",
      "_links" : {
        "self" : {
          "href" : "http://localhost/api/phoneNumbers/2794_0_1"
        },
        "phoneNumber" : {
          "href" : "http://localhost/api/phoneNumbers/2794_0_1"
        },
        "master" : {
          "href" : "http://localhost/api/phoneNumbers/2794_0_1/master"
        }
      }
    }, {
      "inputUserId" : "QSA",
      "lastUpdateUserId" : "QSA",
      "computerId" : "GLSVR171217",
      "lastSynchronizedDate" : null,
      "addressNumber" : "2798",
      "sequence" : 1,
      "countryCode" : "+62",
      "areaCode" : "",
      "phoneNumber" : "082328348006",
      "phoneType" : "KANTOR",
      "description" : "Kantor",
      "lastUpdateDateTime" : "2017-12-17T00:00:00",
      "inputDateTime" : "2017-12-17T00:00:00",
      "_links" : {
        "self" : {
          "href" : "http://localhost/api/phoneNumbers/2798_0_1"
        },
        "phoneNumber" : {
          "href" : "http://localhost/api/phoneNumbers/2798_0_1"
        },
        "master" : {
          "href" : "http://localhost/api/phoneNumbers/2798_0_1/master"
        }
      }
    }, {
      "inputUserId" : "QSA",
      "lastUpdateUserId" : "QSA",
      "computerId" : "GLSVR171217",
      "lastSynchronizedDate" : null,
      "addressNumber" : "2799",
      "sequence" : 1,
      "countryCode" : "+62",
      "areaCode" : "",
      "phoneNumber" : "085755245758",
      "phoneType" : "KANTOR",
      "description" : "Kantor",
      "lastUpdateDateTime" : "2017-12-17T00:00:00",
      "inputDateTime" : "2017-12-17T00:00:00",
      "_links" : {
        "self" : {
          "href" : "http://localhost/api/phoneNumbers/2799_0_1"
        },
        "phoneNumber" : {
          "href" : "http://localhost/api/phoneNumbers/2799_0_1"
        },
        "master" : {
          "href" : "http://localhost/api/phoneNumbers/2799_0_1/master"
        }
      }
    }, {
      "inputUserId" : "QSA",
      "lastUpdateUserId" : "QSA",
      "computerId" : "GLSVR171217",
      "lastSynchronizedDate" : null,
      "addressNumber" : "2800",
      "sequence" : 1,
      "countryCode" : "+62",
      "areaCode" : "",
      "phoneNumber" : "085251117223",
      "phoneType" : "KANTOR",
      "description" : "Kantor",
      "lastUpdateDateTime" : "2017-12-17T00:00:00",
      "inputDateTime" : "2017-12-17T00:00:00",
      "_links" : {
        "self" : {
          "href" : "http://localhost/api/phoneNumbers/2800_0_1"
        },
        "phoneNumber" : {
          "href" : "http://localhost/api/phoneNumbers/2800_0_1"
        },
        "master" : {
          "href" : "http://localhost/api/phoneNumbers/2800_0_1/master"
        }
      }
    }, {
      "inputUserId" : "QSA",
      "lastUpdateUserId" : "QSA",
      "computerId" : "GLSVR171217",
      "lastSynchronizedDate" : null,
      "addressNumber" : "2807",
      "sequence" : 1,
      "countryCode" : "+62",
      "areaCode" : "",
      "phoneNumber" : "081703035423",
      "phoneType" : "KANTOR",
      "description" : "Kantor",
      "lastUpdateDateTime" : "2017-12-17T00:00:00",
      "inputDateTime" : "2017-12-17T00:00:00",
      "_links" : {
        "self" : {
          "href" : "http://localhost/api/phoneNumbers/2807_0_1"
        },
        "phoneNumber" : {
          "href" : "http://localhost/api/phoneNumbers/2807_0_1"
        },
        "master" : {
          "href" : "http://localhost/api/phoneNumbers/2807_0_1/master"
        }
      }
    }, {
      "inputUserId" : "QSA",
      "lastUpdateUserId" : "QSA",
      "computerId" : "GLSVR171217",
      "lastSynchronizedDate" : null,
      "addressNumber" : "2809",
      "sequence" : 1,
      "countryCode" : "+62",
      "areaCode" : "",
      "phoneNumber" : "031-5320084",
      "phoneType" : "KANTOR",
      "description" : "Kantor",
      "lastUpdateDateTime" : "2017-12-17T00:00:00",
      "inputDateTime" : "2017-12-17T00:00:00",
      "_links" : {
        "self" : {
          "href" : "http://localhost/api/phoneNumbers/2809_0_1"
        },
        "phoneNumber" : {
          "href" : "http://localhost/api/phoneNumbers/2809_0_1"
        },
        "master" : {
          "href" : "http://localhost/api/phoneNumbers/2809_0_1/master"
        }
      }
    }, {
      "inputUserId" : "QSA",
      "lastUpdateUserId" : "QSA",
      "computerId" : "GLSVR171217",
      "lastSynchronizedDate" : null,
      "addressNumber" : "2810",
      "sequence" : 1,
      "countryCode" : "+62",
      "areaCode" : "",
      "phoneNumber" : "031-7498095-96",
      "phoneType" : "KANTOR",
      "description" : "Kantor",
      "lastUpdateDateTime" : "2017-12-17T00:00:00",
      "inputDateTime" : "2017-12-17T00:00:00",
      "_links" : {
        "self" : {
          "href" : "http://localhost/api/phoneNumbers/2810_0_1"
        },
        "phoneNumber" : {
          "href" : "http://localhost/api/phoneNumbers/2810_0_1"
        },
        "master" : {
          "href" : "http://localhost/api/phoneNumbers/2810_0_1/master"
        }
      }
    }, {
      "inputUserId" : "QSA",
      "lastUpdateUserId" : "QSA",
      "computerId" : "GLSVR171217",
      "lastSynchronizedDate" : null,
      "addressNumber" : "2811",
      "sequence" : 1,
      "countryCode" : "+62",
      "areaCode" : "",
      "phoneNumber" : "031-5342172",
      "phoneType" : "KANTOR",
      "description" : "Kantor",
      "lastUpdateDateTime" : "2017-12-17T00:00:00",
      "inputDateTime" : "2017-12-17T00:00:00",
      "_links" : {
        "self" : {
          "href" : "http://localhost/api/phoneNumbers/2811_0_1"
        },
        "phoneNumber" : {
          "href" : "http://localhost/api/phoneNumbers/2811_0_1"
        },
        "master" : {
          "href" : "http://localhost/api/phoneNumbers/2811_0_1/master"
        }
      }
    }, {
      "inputUserId" : "QSA",
      "lastUpdateUserId" : "QSA",
      "computerId" : "GLSVR171217",
      "lastSynchronizedDate" : null,
      "addressNumber" : "2811",
      "sequence" : 2,
      "countryCode" : "+62",
      "areaCode" : "",
      "phoneNumber" : "5313939",
      "phoneType" : "KANTOR",
      "description" : "Kantor",
      "lastUpdateDateTime" : "2017-12-17T00:00:00",
      "inputDateTime" : "2017-12-17T00:00:00",
      "_links" : {
        "self" : {
          "href" : "http://localhost/api/phoneNumbers/2811_0_2"
        },
        "phoneNumber" : {
          "href" : "http://localhost/api/phoneNumbers/2811_0_2"
        },
        "master" : {
          "href" : "http://localhost/api/phoneNumbers/2811_0_2/master"
        }
      }
    }, {
      "inputUserId" : "QSA",
      "lastUpdateUserId" : "QSA",
      "computerId" : "GLSVR171217",
      "lastSynchronizedDate" : null,
      "addressNumber" : "2814",
      "sequence" : 1,
      "countryCode" : "+62",
      "areaCode" : "",
      "phoneNumber" : "031-5474218",
      "phoneType" : "KANTOR",
      "description" : "Kantor",
      "lastUpdateDateTime" : "2017-12-17T00:00:00",
      "inputDateTime" : "2017-12-17T00:00:00",
      "_links" : {
        "self" : {
          "href" : "http://localhost/api/phoneNumbers/2814_0_1"
        },
        "phoneNumber" : {
          "href" : "http://localhost/api/phoneNumbers/2814_0_1"
        },
        "master" : {
          "href" : "http://localhost/api/phoneNumbers/2814_0_1/master"
        }
      }
    }, {
      "inputUserId" : "QSA",
      "lastUpdateUserId" : "QSA",
      "computerId" : "GLSVR171217",
      "lastSynchronizedDate" : null,
      "addressNumber" : "2815",
      "sequence" : 1,
      "countryCode" : "+62",
      "areaCode" : "",
      "phoneNumber" : "021-5857413",
      "phoneType" : "KANTOR",
      "description" : "Kantor",
      "lastUpdateDateTime" : "2017-12-17T00:00:00",
      "inputDateTime" : "2017-12-17T00:00:00",
      "_links" : {
        "self" : {
          "href" : "http://localhost/api/phoneNumbers/2815_0_1"
        },
        "phoneNumber" : {
          "href" : "http://localhost/api/phoneNumbers/2815_0_1"
        },
        "master" : {
          "href" : "http://localhost/api/phoneNumbers/2815_0_1/master"
        }
      }
    }, {
      "inputUserId" : "QSA",
      "lastUpdateUserId" : "QSA",
      "computerId" : "GLSVR171217",
      "lastSynchronizedDate" : null,
      "addressNumber" : "2816",
      "sequence" : 1,
      "countryCode" : "+62",
      "areaCode" : "",
      "phoneNumber" : "031-5355597",
      "phoneType" : "KANTOR",
      "description" : "Kantor",
      "lastUpdateDateTime" : "2017-12-17T00:00:00",
      "inputDateTime" : "2017-12-17T00:00:00",
      "_links" : {
        "self" : {
          "href" : "http://localhost/api/phoneNumbers/2816_0_1"
        },
        "phoneNumber" : {
          "href" : "http://localhost/api/phoneNumbers/2816_0_1"
        },
        "master" : {
          "href" : "http://localhost/api/phoneNumbers/2816_0_1/master"
        }
      }
    }, {
      "inputUserId" : "QSA",
      "lastUpdateUserId" : "QSA",
      "computerId" : "GLSVR171217",
      "lastSynchronizedDate" : null,
      "addressNumber" : "2816",
      "sequence" : 2,
      "countryCode" : "+62",
      "areaCode" : "",
      "phoneNumber" : "5478658",
      "phoneType" : "KANTOR",
      "description" : "Kantor",
      "lastUpdateDateTime" : "2017-12-17T00:00:00",
      "inputDateTime" : "2017-12-17T00:00:00",
      "_links" : {
        "self" : {
          "href" : "http://localhost/api/phoneNumbers/2816_0_2"
        },
        "phoneNumber" : {
          "href" : "http://localhost/api/phoneNumbers/2816_0_2"
        },
        "master" : {
          "href" : "http://localhost/api/phoneNumbers/2816_0_2/master"
        }
      }
    }, {
      "inputUserId" : "QSA",
      "lastUpdateUserId" : "QSA",
      "computerId" : "GLSVR171217",
      "lastSynchronizedDate" : null,
      "addressNumber" : "2817",
      "sequence" : 1,
      "countryCode" : "+62",
      "areaCode" : "",
      "phoneNumber" : "031-5476007",
      "phoneType" : "KANTOR",
      "description" : "Kantor",
      "lastUpdateDateTime" : "2017-12-17T00:00:00",
      "inputDateTime" : "2017-12-17T00:00:00",
      "_links" : {
        "self" : {
          "href" : "http://localhost/api/phoneNumbers/2817_0_1"
        },
        "phoneNumber" : {
          "href" : "http://localhost/api/phoneNumbers/2817_0_1"
        },
        "master" : {
          "href" : "http://localhost/api/phoneNumbers/2817_0_1/master"
        }
      }
    }, {
      "inputUserId" : "QSA",
      "lastUpdateUserId" : "QSA",
      "computerId" : "GLSVR171217",
      "lastSynchronizedDate" : null,
      "addressNumber" : "2818",
      "sequence" : 1,
      "countryCode" : "+62",
      "areaCode" : "",
      "phoneNumber" : "031-5313055",
      "phoneType" : "KANTOR",
      "description" : "Kantor",
      "lastUpdateDateTime" : "2017-12-17T00:00:00",
      "inputDateTime" : "2017-12-17T00:00:00",
      "_links" : {
        "self" : {
          "href" : "http://localhost/api/phoneNumbers/2818_0_1"
        },
        "phoneNumber" : {
          "href" : "http://localhost/api/phoneNumbers/2818_0_1"
        },
        "master" : {
          "href" : "http://localhost/api/phoneNumbers/2818_0_1/master"
        }
      }
    }, {
      "inputUserId" : "QSA",
      "lastUpdateUserId" : "QSA",
      "computerId" : "GLSVR171217",
      "lastSynchronizedDate" : null,
      "addressNumber" : "2820",
      "sequence" : 1,
      "countryCode" : "+62",
      "areaCode" : "",
      "phoneNumber" : "031-5312599",
      "phoneType" : "KANTOR",
      "description" : "Kantor",
      "lastUpdateDateTime" : "2017-12-17T00:00:00",
      "inputDateTime" : "2017-12-17T00:00:00",
      "_links" : {
        "self" : {
          "href" : "http://localhost/api/phoneNumbers/2820_0_1"
        },
        "phoneNumber" : {
          "href" : "http://localhost/api/phoneNumbers/2820_0_1"
        },
        "master" : {
          "href" : "http://localhost/api/phoneNumbers/2820_0_1/master"
        }
      }
    }, {
      "inputUserId" : "QSA",
      "lastUpdateUserId" : "QSA",
      "computerId" : "GLSVR171217",
      "lastSynchronizedDate" : null,
      "addressNumber" : "2822",
      "sequence" : 1,
      "countryCode" : "+62",
      "areaCode" : "",
      "phoneNumber" : "021-6263281",
      "phoneType" : "KANTOR",
      "description" : "Kantor",
      "lastUpdateDateTime" : "2017-12-17T00:00:00",
      "inputDateTime" : "2017-12-17T00:00:00",
      "_links" : {
        "self" : {
          "href" : "http://localhost/api/phoneNumbers/2822_0_1"
        },
        "phoneNumber" : {
          "href" : "http://localhost/api/phoneNumbers/2822_0_1"
        },
        "master" : {
          "href" : "http://localhost/api/phoneNumbers/2822_0_1/master"
        }
      }
    }, {
      "inputUserId" : "QSA",
      "lastUpdateUserId" : "QSA",
      "computerId" : "GLSVR171217",
      "lastSynchronizedDate" : null,
      "addressNumber" : "2823",
      "sequence" : 1,
      "countryCode" : "+62",
      "areaCode" : "",
      "phoneNumber" : "021-5744477",
      "phoneType" : "KANTOR",
      "description" : "Kantor",
      "lastUpdateDateTime" : "2017-12-17T00:00:00",
      "inputDateTime" : "2017-12-17T00:00:00",
      "_links" : {
        "self" : {
          "href" : "http://localhost/api/phoneNumbers/2823_0_1"
        },
        "phoneNumber" : {
          "href" : "http://localhost/api/phoneNumbers/2823_0_1"
        },
        "master" : {
          "href" : "http://localhost/api/phoneNumbers/2823_0_1/master"
        }
      }
    }, {
      "inputUserId" : "QSA",
      "lastUpdateUserId" : "QSA",
      "computerId" : "GLSVR171217",
      "lastSynchronizedDate" : null,
      "addressNumber" : "2827",
      "sequence" : 1,
      "countryCode" : "+62",
      "areaCode" : "",
      "phoneNumber" : "0315357222",
      "phoneType" : "KANTOR",
      "description" : "Kantor",
      "lastUpdateDateTime" : "2017-12-17T00:00:00",
      "inputDateTime" : "2017-12-17T00:00:00",
      "_links" : {
        "self" : {
          "href" : "http://localhost/api/phoneNumbers/2827_0_1"
        },
        "phoneNumber" : {
          "href" : "http://localhost/api/phoneNumbers/2827_0_1"
        },
        "master" : {
          "href" : "http://localhost/api/phoneNumbers/2827_0_1/master"
        }
      }
    }, {
      "inputUserId" : "QSA",
      "lastUpdateUserId" : "QSA",
      "computerId" : "GLSVR171217",
      "lastSynchronizedDate" : null,
      "addressNumber" : "2828",
      "sequence" : 1,
      "countryCode" : "+62",
      "areaCode" : "",
      "phoneNumber" : "021-62202606",
      "phoneType" : "KANTOR",
      "description" : "Kantor",
      "lastUpdateDateTime" : "2017-12-17T00:00:00",
      "inputDateTime" : "2017-12-17T00:00:00",
      "_links" : {
        "self" : {
          "href" : "http://localhost/api/phoneNumbers/2828_0_1"
        },
        "phoneNumber" : {
          "href" : "http://localhost/api/phoneNumbers/2828_0_1"
        },
        "master" : {
          "href" : "http://localhost/api/phoneNumbers/2828_0_1/master"
        }
      }
    }, {
      "inputUserId" : "QSA",
      "lastUpdateUserId" : "QSA",
      "computerId" : "GLSVR171217",
      "lastSynchronizedDate" : null,
      "addressNumber" : "2829",
      "sequence" : 1,
      "countryCode" : "+62",
      "areaCode" : "",
      "phoneNumber" : "081318515707",
      "phoneType" : "KANTOR",
      "description" : "Kantor",
      "lastUpdateDateTime" : "2017-12-17T00:00:00",
      "inputDateTime" : "2017-12-17T00:00:00",
      "_links" : {
        "self" : {
          "href" : "http://localhost/api/phoneNumbers/2829_0_1"
        },
        "phoneNumber" : {
          "href" : "http://localhost/api/phoneNumbers/2829_0_1"
        },
        "master" : {
          "href" : "http://localhost/api/phoneNumbers/2829_0_1/master"
        }
      }
    }, {
      "inputUserId" : "QSA",
      "lastUpdateUserId" : "QSA",
      "computerId" : "GLSVR171217",
      "lastSynchronizedDate" : null,
      "addressNumber" : "2830",
      "sequence" : 1,
      "countryCode" : "+62",
      "areaCode" : "",
      "phoneNumber" : "+6221-6660.6808",
      "phoneType" : "KANTOR",
      "description" : "Kantor",
      "lastUpdateDateTime" : "2017-12-17T00:00:00",
      "inputDateTime" : "2017-12-17T00:00:00",
      "_links" : {
        "self" : {
          "href" : "http://localhost/api/phoneNumbers/2830_0_1"
        },
        "phoneNumber" : {
          "href" : "http://localhost/api/phoneNumbers/2830_0_1"
        },
        "master" : {
          "href" : "http://localhost/api/phoneNumbers/2830_0_1/master"
        }
      }
    }, {
      "inputUserId" : "QSA",
      "lastUpdateUserId" : "QSA",
      "computerId" : "GLSVR171217",
      "lastSynchronizedDate" : null,
      "addressNumber" : "2831",
      "sequence" : 1,
      "countryCode" : "+62",
      "areaCode" : "",
      "phoneNumber" : "08123202605",
      "phoneType" : "KANTOR",
      "description" : "Kantor",
      "lastUpdateDateTime" : "2017-12-17T00:00:00",
      "inputDateTime" : "2017-12-17T00:00:00",
      "_links" : {
        "self" : {
          "href" : "http://localhost/api/phoneNumbers/2831_0_1"
        },
        "phoneNumber" : {
          "href" : "http://localhost/api/phoneNumbers/2831_0_1"
        },
        "master" : {
          "href" : "http://localhost/api/phoneNumbers/2831_0_1/master"
        }
      }
    }, {
      "inputUserId" : "QSA",
      "lastUpdateUserId" : "QSA",
      "computerId" : "GLSVR171217",
      "lastSynchronizedDate" : null,
      "addressNumber" : "2831",
      "sequence" : 2,
      "countryCode" : "+62",
      "areaCode" : "",
      "phoneNumber" : "5313703",
      "phoneType" : "KANTOR",
      "description" : "Kantor",
      "lastUpdateDateTime" : "2017-12-17T00:00:00",
      "inputDateTime" : "2017-12-17T00:00:00",
      "_links" : {
        "self" : {
          "href" : "http://localhost/api/phoneNumbers/2831_0_2"
        },
        "phoneNumber" : {
          "href" : "http://localhost/api/phoneNumbers/2831_0_2"
        },
        "master" : {
          "href" : "http://localhost/api/phoneNumbers/2831_0_2/master"
        }
      }
    }, {
      "inputUserId" : "QSA",
      "lastUpdateUserId" : "QSA",
      "computerId" : "GLSVR171217",
      "lastSynchronizedDate" : null,
      "addressNumber" : "2832",
      "sequence" : 1,
      "countryCode" : "+62",
      "areaCode" : "",
      "phoneNumber" : "021-5700140",
      "phoneType" : "KANTOR",
      "description" : "Kantor",
      "lastUpdateDateTime" : "2017-12-17T00:00:00",
      "inputDateTime" : "2017-12-17T00:00:00",
      "_links" : {
        "self" : {
          "href" : "http://localhost/api/phoneNumbers/2832_0_1"
        },
        "phoneNumber" : {
          "href" : "http://localhost/api/phoneNumbers/2832_0_1"
        },
        "master" : {
          "href" : "http://localhost/api/phoneNumbers/2832_0_1/master"
        }
      }
    }, {
      "inputUserId" : "QSA",
      "lastUpdateUserId" : "QSA",
      "computerId" : "GLSVR171217",
      "lastSynchronizedDate" : null,
      "addressNumber" : "2832",
      "sequence" : 2,
      "countryCode" : "+62",
      "areaCode" : "",
      "phoneNumber" : "0215700140 ext 113",
      "phoneType" : "KANTOR",
      "description" : "Kantor",
      "lastUpdateDateTime" : "2017-12-17T00:00:00",
      "inputDateTime" : "2017-12-17T00:00:00",
      "_links" : {
        "self" : {
          "href" : "http://localhost/api/phoneNumbers/2832_0_2"
        },
        "phoneNumber" : {
          "href" : "http://localhost/api/phoneNumbers/2832_0_2"
        },
        "master" : {
          "href" : "http://localhost/api/phoneNumbers/2832_0_2/master"
        }
      }
    }, {
      "inputUserId" : "QSA",
      "lastUpdateUserId" : "QSA",
      "computerId" : "GLSVR171217",
      "lastSynchronizedDate" : null,
      "addressNumber" : "2833",
      "sequence" : 1,
      "countryCode" : "+62",
      "areaCode" : "",
      "phoneNumber" : "031-5024747",
      "phoneType" : "KANTOR",
      "description" : "Kantor",
      "lastUpdateDateTime" : "2017-12-17T00:00:00",
      "inputDateTime" : "2017-12-17T00:00:00",
      "_links" : {
        "self" : {
          "href" : "http://localhost/api/phoneNumbers/2833_0_1"
        },
        "phoneNumber" : {
          "href" : "http://localhost/api/phoneNumbers/2833_0_1"
        },
        "master" : {
          "href" : "http://localhost/api/phoneNumbers/2833_0_1/master"
        }
      }
    }, {
      "inputUserId" : "QSA",
      "lastUpdateUserId" : "QSA",
      "computerId" : "GLSVR171217",
      "lastSynchronizedDate" : null,
      "addressNumber" : "2834",
      "sequence" : 1,
      "countryCode" : "+62",
      "areaCode" : "",
      "phoneNumber" : "0711-716363",
      "phoneType" : "KANTOR",
      "description" : "Kantor",
      "lastUpdateDateTime" : "2017-12-17T00:00:00",
      "inputDateTime" : "2017-12-17T00:00:00",
      "_links" : {
        "self" : {
          "href" : "http://localhost/api/phoneNumbers/2834_0_1"
        },
        "phoneNumber" : {
          "href" : "http://localhost/api/phoneNumbers/2834_0_1"
        },
        "master" : {
          "href" : "http://localhost/api/phoneNumbers/2834_0_1/master"
        }
      }
    }, {
      "inputUserId" : "QSA",
      "lastUpdateUserId" : "QSA",
      "computerId" : "GLSVR171217",
      "lastSynchronizedDate" : null,
      "addressNumber" : "2834",
      "sequence" : 2,
      "countryCode" : "+62",
      "areaCode" : "",
      "phoneNumber" : "715672",
      "phoneType" : "KANTOR",
      "description" : "Kantor",
      "lastUpdateDateTime" : "2017-12-17T00:00:00",
      "inputDateTime" : "2017-12-17T00:00:00",
      "_links" : {
        "self" : {
          "href" : "http://localhost/api/phoneNumbers/2834_0_2"
        },
        "phoneNumber" : {
          "href" : "http://localhost/api/phoneNumbers/2834_0_2"
        },
        "master" : {
          "href" : "http://localhost/api/phoneNumbers/2834_0_2/master"
        }
      }
    }, {
      "inputUserId" : "QSA",
      "lastUpdateUserId" : "QSA",
      "computerId" : "GLSVR171217",
      "lastSynchronizedDate" : null,
      "addressNumber" : "2837",
      "sequence" : 1,
      "countryCode" : "+62",
      "areaCode" : "",
      "phoneNumber" : "031-5454226",
      "phoneType" : "KANTOR",
      "description" : "Kantor",
      "lastUpdateDateTime" : "2017-12-17T00:00:00",
      "inputDateTime" : "2017-12-17T00:00:00",
      "_links" : {
        "self" : {
          "href" : "http://localhost/api/phoneNumbers/2837_0_1"
        },
        "phoneNumber" : {
          "href" : "http://localhost/api/phoneNumbers/2837_0_1"
        },
        "master" : {
          "href" : "http://localhost/api/phoneNumbers/2837_0_1/master"
        }
      }
    }, {
      "inputUserId" : "QSA",
      "lastUpdateUserId" : "QSA",
      "computerId" : "GLSVR171217",
      "lastSynchronizedDate" : null,
      "addressNumber" : "2840",
      "sequence" : 1,
      "countryCode" : "+62",
      "areaCode" : "",
      "phoneNumber" : "031-5939569",
      "phoneType" : "KANTOR",
      "description" : "Kantor",
      "lastUpdateDateTime" : "2017-12-17T00:00:00",
      "inputDateTime" : "2017-12-17T00:00:00",
      "_links" : {
        "self" : {
          "href" : "http://localhost/api/phoneNumbers/2840_0_1"
        },
        "phoneNumber" : {
          "href" : "http://localhost/api/phoneNumbers/2840_0_1"
        },
        "master" : {
          "href" : "http://localhost/api/phoneNumbers/2840_0_1/master"
        }
      }
    }, {
      "inputUserId" : "QSA",
      "lastUpdateUserId" : "QSA",
      "computerId" : "GLSVR171217",
      "lastSynchronizedDate" : null,
      "addressNumber" : "2841",
      "sequence" : 1,
      "countryCode" : "+62",
      "areaCode" : "",
      "phoneNumber" : "021-6414874",
      "phoneType" : "KANTOR",
      "description" : "Kantor",
      "lastUpdateDateTime" : "2017-12-17T00:00:00",
      "inputDateTime" : "2017-12-17T00:00:00",
      "_links" : {
        "self" : {
          "href" : "http://localhost/api/phoneNumbers/2841_0_1"
        },
        "phoneNumber" : {
          "href" : "http://localhost/api/phoneNumbers/2841_0_1"
        },
        "master" : {
          "href" : "http://localhost/api/phoneNumbers/2841_0_1/master"
        }
      }
    }, {
      "inputUserId" : "QSA",
      "lastUpdateUserId" : "QSA",
      "computerId" : "GLSVR171217",
      "lastSynchronizedDate" : null,
      "addressNumber" : "2841",
      "sequence" : 2,
      "countryCode" : "+62",
      "areaCode" : "",
      "phoneNumber" : "64703091",
      "phoneType" : "KANTOR",
      "description" : "Kantor",
      "lastUpdateDateTime" : "2017-12-17T00:00:00",
      "inputDateTime" : "2017-12-17T00:00:00",
      "_links" : {
        "self" : {
          "href" : "http://localhost/api/phoneNumbers/2841_0_2"
        },
        "phoneNumber" : {
          "href" : "http://localhost/api/phoneNumbers/2841_0_2"
        },
        "master" : {
          "href" : "http://localhost/api/phoneNumbers/2841_0_2/master"
        }
      }
    }, {
      "inputUserId" : "QSA",
      "lastUpdateUserId" : "QSA",
      "computerId" : "GLSVR171217",
      "lastSynchronizedDate" : null,
      "addressNumber" : "2842",
      "sequence" : 1,
      "countryCode" : "+62",
      "areaCode" : "",
      "phoneNumber" : "031-5045291",
      "phoneType" : "KANTOR",
      "description" : "Kantor",
      "lastUpdateDateTime" : "2017-12-17T00:00:00",
      "inputDateTime" : "2017-12-17T00:00:00",
      "_links" : {
        "self" : {
          "href" : "http://localhost/api/phoneNumbers/2842_0_1"
        },
        "phoneNumber" : {
          "href" : "http://localhost/api/phoneNumbers/2842_0_1"
        },
        "master" : {
          "href" : "http://localhost/api/phoneNumbers/2842_0_1/master"
        }
      }
    }, {
      "inputUserId" : "QSA",
      "lastUpdateUserId" : "QSA",
      "computerId" : "GLSVR171217",
      "lastSynchronizedDate" : null,
      "addressNumber" : "2843",
      "sequence" : 1,
      "countryCode" : "+62",
      "areaCode" : "",
      "phoneNumber" : "021-6327108 ext 4146",
      "phoneType" : "KANTOR",
      "description" : "Kantor",
      "lastUpdateDateTime" : "2017-12-17T00:00:00",
      "inputDateTime" : "2017-12-17T00:00:00",
      "_links" : {
        "self" : {
          "href" : "http://localhost/api/phoneNumbers/2843_0_1"
        },
        "phoneNumber" : {
          "href" : "http://localhost/api/phoneNumbers/2843_0_1"
        },
        "master" : {
          "href" : "http://localhost/api/phoneNumbers/2843_0_1/master"
        }
      }
    }, {
      "inputUserId" : "QSA",
      "lastUpdateUserId" : "QSA",
      "computerId" : "GLSVR171217",
      "lastSynchronizedDate" : null,
      "addressNumber" : "2846",
      "sequence" : 1,
      "countryCode" : "+62",
      "areaCode" : "",
      "phoneNumber" : "031-5931867",
      "phoneType" : "KANTOR",
      "description" : "Kantor",
      "lastUpdateDateTime" : "2017-12-17T00:00:00",
      "inputDateTime" : "2017-12-17T00:00:00",
      "_links" : {
        "self" : {
          "href" : "http://localhost/api/phoneNumbers/2846_0_1"
        },
        "phoneNumber" : {
          "href" : "http://localhost/api/phoneNumbers/2846_0_1"
        },
        "master" : {
          "href" : "http://localhost/api/phoneNumbers/2846_0_1/master"
        }
      }
    }, {
      "inputUserId" : "QSA",
      "lastUpdateUserId" : "QSA",
      "computerId" : "GLSVR171217",
      "lastSynchronizedDate" : null,
      "addressNumber" : "2846",
      "sequence" : 2,
      "countryCode" : "+62",
      "areaCode" : "",
      "phoneNumber" : "081703107035",
      "phoneType" : "KANTOR",
      "description" : "Kantor",
      "lastUpdateDateTime" : "2017-12-17T00:00:00",
      "inputDateTime" : "2017-12-17T00:00:00",
      "_links" : {
        "self" : {
          "href" : "http://localhost/api/phoneNumbers/2846_0_2"
        },
        "phoneNumber" : {
          "href" : "http://localhost/api/phoneNumbers/2846_0_2"
        },
        "master" : {
          "href" : "http://localhost/api/phoneNumbers/2846_0_2/master"
        }
      }
    }, {
      "inputUserId" : "QSA",
      "lastUpdateUserId" : "QSA",
      "computerId" : "GLSVR171217",
      "lastSynchronizedDate" : null,
      "addressNumber" : "2847",
      "sequence" : 1,
      "countryCode" : "+62",
      "areaCode" : "",
      "phoneNumber" : "021-6544515",
      "phoneType" : "KANTOR",
      "description" : "Kantor",
      "lastUpdateDateTime" : "2017-12-17T00:00:00",
      "inputDateTime" : "2017-12-17T00:00:00",
      "_links" : {
        "self" : {
          "href" : "http://localhost/api/phoneNumbers/2847_0_1"
        },
        "phoneNumber" : {
          "href" : "http://localhost/api/phoneNumbers/2847_0_1"
        },
        "master" : {
          "href" : "http://localhost/api/phoneNumbers/2847_0_1/master"
        }
      }
    }, {
      "inputUserId" : "QSA",
      "lastUpdateUserId" : "QSA",
      "computerId" : "GLSVR171217",
      "lastSynchronizedDate" : null,
      "addressNumber" : "2848",
      "sequence" : 1,
      "countryCode" : "+62",
      "areaCode" : "",
      "phoneNumber" : "031-5678293,5615740",
      "phoneType" : "KANTOR",
      "description" : "Kantor",
      "lastUpdateDateTime" : "2017-12-17T00:00:00",
      "inputDateTime" : "2017-12-17T00:00:00",
      "_links" : {
        "self" : {
          "href" : "http://localhost/api/phoneNumbers/2848_0_1"
        },
        "phoneNumber" : {
          "href" : "http://localhost/api/phoneNumbers/2848_0_1"
        },
        "master" : {
          "href" : "http://localhost/api/phoneNumbers/2848_0_1/master"
        }
      }
    }, {
      "inputUserId" : "QSA",
      "lastUpdateUserId" : "QSA",
      "computerId" : "GLSVR171217",
      "lastSynchronizedDate" : null,
      "addressNumber" : "2848",
      "sequence" : 2,
      "countryCode" : "+62",
      "areaCode" : "",
      "phoneNumber" : "5671025",
      "phoneType" : "KANTOR",
      "description" : "Kantor",
      "lastUpdateDateTime" : "2017-12-17T00:00:00",
      "inputDateTime" : "2017-12-17T00:00:00",
      "_links" : {
        "self" : {
          "href" : "http://localhost/api/phoneNumbers/2848_0_2"
        },
        "phoneNumber" : {
          "href" : "http://localhost/api/phoneNumbers/2848_0_2"
        },
        "master" : {
          "href" : "http://localhost/api/phoneNumbers/2848_0_2/master"
        }
      }
    }, {
      "inputUserId" : "QSA",
      "lastUpdateUserId" : "QSA",
      "computerId" : "GLSVR171217",
      "lastSynchronizedDate" : null,
      "addressNumber" : "2849",
      "sequence" : 1,
      "countryCode" : "+62",
      "areaCode" : "",
      "phoneNumber" : "031-5678293",
      "phoneType" : "KANTOR",
      "description" : "Kantor",
      "lastUpdateDateTime" : "2017-12-17T00:00:00",
      "inputDateTime" : "2017-12-17T00:00:00",
      "_links" : {
        "self" : {
          "href" : "http://localhost/api/phoneNumbers/2849_0_1"
        },
        "phoneNumber" : {
          "href" : "http://localhost/api/phoneNumbers/2849_0_1"
        },
        "master" : {
          "href" : "http://localhost/api/phoneNumbers/2849_0_1/master"
        }
      }
    }, {
      "inputUserId" : "QSA",
      "lastUpdateUserId" : "QSA",
      "computerId" : "GLSVR171217",
      "lastSynchronizedDate" : null,
      "addressNumber" : "2850",
      "sequence" : 1,
      "countryCode" : "+62",
      "areaCode" : "",
      "phoneNumber" : "+62213909182",
      "phoneType" : "KANTOR",
      "description" : "Kantor",
      "lastUpdateDateTime" : "2017-12-17T00:00:00",
      "inputDateTime" : "2017-12-17T00:00:00",
      "_links" : {
        "self" : {
          "href" : "http://localhost/api/phoneNumbers/2850_0_1"
        },
        "phoneNumber" : {
          "href" : "http://localhost/api/phoneNumbers/2850_0_1"
        },
        "master" : {
          "href" : "http://localhost/api/phoneNumbers/2850_0_1/master"
        }
      }
    }, {
      "inputUserId" : "QSA",
      "lastUpdateUserId" : "QSA",
      "computerId" : "GLSVR171217",
      "lastSynchronizedDate" : null,
      "addressNumber" : "2851",
      "sequence" : 1,
      "countryCode" : "+62",
      "areaCode" : "",
      "phoneNumber" : "031-5480123",
      "phoneType" : "KANTOR",
      "description" : "Kantor",
      "lastUpdateDateTime" : "2017-12-17T00:00:00",
      "inputDateTime" : "2017-12-17T00:00:00",
      "_links" : {
        "self" : {
          "href" : "http://localhost/api/phoneNumbers/2851_0_1"
        },
        "phoneNumber" : {
          "href" : "http://localhost/api/phoneNumbers/2851_0_1"
        },
        "master" : {
          "href" : "http://localhost/api/phoneNumbers/2851_0_1/master"
        }
      }
    }, {
      "inputUserId" : "QSA",
      "lastUpdateUserId" : "QSA",
      "computerId" : "GLSVR171217",
      "lastSynchronizedDate" : null,
      "addressNumber" : "2854",
      "sequence" : 1,
      "countryCode" : "+62",
      "areaCode" : "",
      "phoneNumber" : "0816841810",
      "phoneType" : "KANTOR",
      "description" : "Kantor",
      "lastUpdateDateTime" : "2017-12-17T00:00:00",
      "inputDateTime" : "2017-12-17T00:00:00",
      "_links" : {
        "self" : {
          "href" : "http://localhost/api/phoneNumbers/2854_0_1"
        },
        "phoneNumber" : {
          "href" : "http://localhost/api/phoneNumbers/2854_0_1"
        },
        "master" : {
          "href" : "http://localhost/api/phoneNumbers/2854_0_1/master"
        }
      }
    }, {
      "inputUserId" : "QSA",
      "lastUpdateUserId" : "QSA",
      "computerId" : "GLSVR171217",
      "lastSynchronizedDate" : null,
      "addressNumber" : "2855",
      "sequence" : 1,
      "countryCode" : "+62",
      "areaCode" : "",
      "phoneNumber" : "085778766667",
      "phoneType" : "KANTOR",
      "description" : "Kantor",
      "lastUpdateDateTime" : "2017-12-17T00:00:00",
      "inputDateTime" : "2017-12-17T00:00:00",
      "_links" : {
        "self" : {
          "href" : "http://localhost/api/phoneNumbers/2855_0_1"
        },
        "phoneNumber" : {
          "href" : "http://localhost/api/phoneNumbers/2855_0_1"
        },
        "master" : {
          "href" : "http://localhost/api/phoneNumbers/2855_0_1/master"
        }
      }
    }, {
      "inputUserId" : "QSA",
      "lastUpdateUserId" : "QSA",
      "computerId" : "GLSVR171217",
      "lastSynchronizedDate" : null,
      "addressNumber" : "2855",
      "sequence" : 2,
      "countryCode" : "+62",
      "areaCode" : "",
      "phoneNumber" : "02162202624",
      "phoneType" : "KANTOR",
      "description" : "Kantor",
      "lastUpdateDateTime" : "2017-12-17T00:00:00",
      "inputDateTime" : "2017-12-17T00:00:00",
      "_links" : {
        "self" : {
          "href" : "http://localhost/api/phoneNumbers/2855_0_2"
        },
        "phoneNumber" : {
          "href" : "http://localhost/api/phoneNumbers/2855_0_2"
        },
        "master" : {
          "href" : "http://localhost/api/phoneNumbers/2855_0_2/master"
        }
      }
    }, {
      "inputUserId" : "QSA",
      "lastUpdateUserId" : "QSA",
      "computerId" : "GLSVR171217",
      "lastSynchronizedDate" : null,
      "addressNumber" : "2856",
      "sequence" : 1,
      "countryCode" : "+62",
      "areaCode" : "",
      "phoneNumber" : "031-5311020",
      "phoneType" : "KANTOR",
      "description" : "Kantor",
      "lastUpdateDateTime" : "2017-12-17T00:00:00",
      "inputDateTime" : "2017-12-17T00:00:00",
      "_links" : {
        "self" : {
          "href" : "http://localhost/api/phoneNumbers/2856_0_1"
        },
        "phoneNumber" : {
          "href" : "http://localhost/api/phoneNumbers/2856_0_1"
        },
        "master" : {
          "href" : "http://localhost/api/phoneNumbers/2856_0_1/master"
        }
      }
    }, {
      "inputUserId" : "QSA",
      "lastUpdateUserId" : "QSA",
      "computerId" : "GLSVR171217",
      "lastSynchronizedDate" : null,
      "addressNumber" : "2857",
      "sequence" : 1,
      "countryCode" : "+62",
      "areaCode" : "",
      "phoneNumber" : "031-8417273",
      "phoneType" : "KANTOR",
      "description" : "Kantor",
      "lastUpdateDateTime" : "2017-12-17T00:00:00",
      "inputDateTime" : "2017-12-17T00:00:00",
      "_links" : {
        "self" : {
          "href" : "http://localhost/api/phoneNumbers/2857_0_1"
        },
        "phoneNumber" : {
          "href" : "http://localhost/api/phoneNumbers/2857_0_1"
        },
        "master" : {
          "href" : "http://localhost/api/phoneNumbers/2857_0_1/master"
        }
      }
    }, {
      "inputUserId" : "QSA",
      "lastUpdateUserId" : "QSA",
      "computerId" : "GLSVR171217",
      "lastSynchronizedDate" : null,
      "addressNumber" : "2858",
      "sequence" : 1,
      "countryCode" : "+62",
      "areaCode" : "",
      "phoneNumber" : "031-8709559",
      "phoneType" : "KANTOR",
      "description" : "Kantor",
      "lastUpdateDateTime" : "2017-12-17T00:00:00",
      "inputDateTime" : "2017-12-17T00:00:00",
      "_links" : {
        "self" : {
          "href" : "http://localhost/api/phoneNumbers/2858_0_1"
        },
        "phoneNumber" : {
          "href" : "http://localhost/api/phoneNumbers/2858_0_1"
        },
        "master" : {
          "href" : "http://localhost/api/phoneNumbers/2858_0_1/master"
        }
      }
    }, {
      "inputUserId" : "QSA",
      "lastUpdateUserId" : "QSA",
      "computerId" : "GLSVR171217",
      "lastSynchronizedDate" : null,
      "addressNumber" : "2860",
      "sequence" : 1,
      "countryCode" : "+62",
      "areaCode" : "",
      "phoneNumber" : "087777593313",
      "phoneType" : "KANTOR",
      "description" : "Kantor",
      "lastUpdateDateTime" : "2017-12-17T00:00:00",
      "inputDateTime" : "2017-12-17T00:00:00",
      "_links" : {
        "self" : {
          "href" : "http://localhost/api/phoneNumbers/2860_0_1"
        },
        "phoneNumber" : {
          "href" : "http://localhost/api/phoneNumbers/2860_0_1"
        },
        "master" : {
          "href" : "http://localhost/api/phoneNumbers/2860_0_1/master"
        }
      }
    }, {
      "inputUserId" : "QSA",
      "lastUpdateUserId" : "QSA",
      "computerId" : "GLSVR171217",
      "lastSynchronizedDate" : null,
      "addressNumber" : "2861",
      "sequence" : 1,
      "countryCode" : "+62",
      "areaCode" : "",
      "phoneNumber" : "0315353205",
      "phoneType" : "KANTOR",
      "description" : "Kantor",
      "lastUpdateDateTime" : "2017-12-17T00:00:00",
      "inputDateTime" : "2017-12-17T00:00:00",
      "_links" : {
        "self" : {
          "href" : "http://localhost/api/phoneNumbers/2861_0_1"
        },
        "phoneNumber" : {
          "href" : "http://localhost/api/phoneNumbers/2861_0_1"
        },
        "master" : {
          "href" : "http://localhost/api/phoneNumbers/2861_0_1/master"
        }
      }
    }, {
      "inputUserId" : "QSA",
      "lastUpdateUserId" : "QSA",
      "computerId" : "GLSVR171217",
      "lastSynchronizedDate" : null,
      "addressNumber" : "2863",
      "sequence" : 1,
      "countryCode" : "+62",
      "areaCode" : "",
      "phoneNumber" : "0274-513160",
      "phoneType" : "KANTOR",
      "description" : "Kantor",
      "lastUpdateDateTime" : "2017-12-17T00:00:00",
      "inputDateTime" : "2017-12-17T00:00:00",
      "_links" : {
        "self" : {
          "href" : "http://localhost/api/phoneNumbers/2863_0_1"
        },
        "phoneNumber" : {
          "href" : "http://localhost/api/phoneNumbers/2863_0_1"
        },
        "master" : {
          "href" : "http://localhost/api/phoneNumbers/2863_0_1/master"
        }
      }
    }, {
      "inputUserId" : "QSA",
      "lastUpdateUserId" : "QSA",
      "computerId" : "GLSVR171217",
      "lastSynchronizedDate" : null,
      "addressNumber" : "2863",
      "sequence" : 2,
      "countryCode" : "+62",
      "areaCode" : "",
      "phoneNumber" : "580620",
      "phoneType" : "KANTOR",
      "description" : "Kantor",
      "lastUpdateDateTime" : "2017-12-17T00:00:00",
      "inputDateTime" : "2017-12-17T00:00:00",
      "_links" : {
        "self" : {
          "href" : "http://localhost/api/phoneNumbers/2863_0_2"
        },
        "phoneNumber" : {
          "href" : "http://localhost/api/phoneNumbers/2863_0_2"
        },
        "master" : {
          "href" : "http://localhost/api/phoneNumbers/2863_0_2/master"
        }
      }
    }, {
      "inputUserId" : "QSA",
      "lastUpdateUserId" : "QSA",
      "computerId" : "GLSVR171217",
      "lastSynchronizedDate" : null,
      "addressNumber" : "2864",
      "sequence" : 1,
      "countryCode" : "+62",
      "areaCode" : "",
      "phoneNumber" : "061-7369900",
      "phoneType" : "KANTOR",
      "description" : "Kantor",
      "lastUpdateDateTime" : "2017-12-17T00:00:00",
      "inputDateTime" : "2017-12-17T00:00:00",
      "_links" : {
        "self" : {
          "href" : "http://localhost/api/phoneNumbers/2864_0_1"
        },
        "phoneNumber" : {
          "href" : "http://localhost/api/phoneNumbers/2864_0_1"
        },
        "master" : {
          "href" : "http://localhost/api/phoneNumbers/2864_0_1/master"
        }
      }
    }, {
      "inputUserId" : "QSA",
      "lastUpdateUserId" : "QSA",
      "computerId" : "GLSVR171217",
      "lastSynchronizedDate" : null,
      "addressNumber" : "2865",
      "sequence" : 1,
      "countryCode" : "+62",
      "areaCode" : "",
      "phoneNumber" : "031-5315051",
      "phoneType" : "KANTOR",
      "description" : "Kantor",
      "lastUpdateDateTime" : "2017-12-17T00:00:00",
      "inputDateTime" : "2017-12-17T00:00:00",
      "_links" : {
        "self" : {
          "href" : "http://localhost/api/phoneNumbers/2865_0_1"
        },
        "phoneNumber" : {
          "href" : "http://localhost/api/phoneNumbers/2865_0_1"
        },
        "master" : {
          "href" : "http://localhost/api/phoneNumbers/2865_0_1/master"
        }
      }
    }, {
      "inputUserId" : "QSA",
      "lastUpdateUserId" : "QSA",
      "computerId" : "GLSVR171217",
      "lastSynchronizedDate" : null,
      "addressNumber" : "2866",
      "sequence" : 1,
      "countryCode" : "+62",
      "areaCode" : "",
      "phoneNumber" : "(021)6349318",
      "phoneType" : "KANTOR",
      "description" : "Kantor",
      "lastUpdateDateTime" : "2017-12-17T00:00:00",
      "inputDateTime" : "2017-12-17T00:00:00",
      "_links" : {
        "self" : {
          "href" : "http://localhost/api/phoneNumbers/2866_0_1"
        },
        "phoneNumber" : {
          "href" : "http://localhost/api/phoneNumbers/2866_0_1"
        },
        "master" : {
          "href" : "http://localhost/api/phoneNumbers/2866_0_1/master"
        }
      }
    }, {
      "inputUserId" : "QSA",
      "lastUpdateUserId" : "QSA",
      "computerId" : "GLSVR171217",
      "lastSynchronizedDate" : null,
      "addressNumber" : "2867",
      "sequence" : 1,
      "countryCode" : "+62",
      "areaCode" : "",
      "phoneNumber" : "0361-257055",
      "phoneType" : "KANTOR",
      "description" : "Kantor",
      "lastUpdateDateTime" : "2017-12-17T00:00:00",
      "inputDateTime" : "2017-12-17T00:00:00",
      "_links" : {
        "self" : {
          "href" : "http://localhost/api/phoneNumbers/2867_0_1"
        },
        "phoneNumber" : {
          "href" : "http://localhost/api/phoneNumbers/2867_0_1"
        },
        "master" : {
          "href" : "http://localhost/api/phoneNumbers/2867_0_1/master"
        }
      }
    }, {
      "inputUserId" : "QSA",
      "lastUpdateUserId" : "QSA",
      "computerId" : "GLSVR171217",
      "lastSynchronizedDate" : null,
      "addressNumber" : "2868",
      "sequence" : 1,
      "countryCode" : "+62",
      "areaCode" : "",
      "phoneNumber" : "02179188468",
      "phoneType" : "KANTOR",
      "description" : "Kantor",
      "lastUpdateDateTime" : "2017-12-17T00:00:00",
      "inputDateTime" : "2017-12-17T00:00:00",
      "_links" : {
        "self" : {
          "href" : "http://localhost/api/phoneNumbers/2868_0_1"
        },
        "phoneNumber" : {
          "href" : "http://localhost/api/phoneNumbers/2868_0_1"
        },
        "master" : {
          "href" : "http://localhost/api/phoneNumbers/2868_0_1/master"
        }
      }
    }, {
      "inputUserId" : "QSA",
      "lastUpdateUserId" : "QSA",
      "computerId" : "GLSVR171217",
      "lastSynchronizedDate" : null,
      "addressNumber" : "2869",
      "sequence" : 1,
      "countryCode" : "+62",
      "areaCode" : "",
      "phoneNumber" : "024-8419998",
      "phoneType" : "KANTOR",
      "description" : "Kantor",
      "lastUpdateDateTime" : "2017-12-17T00:00:00",
      "inputDateTime" : "2017-12-17T00:00:00",
      "_links" : {
        "self" : {
          "href" : "http://localhost/api/phoneNumbers/2869_0_1"
        },
        "phoneNumber" : {
          "href" : "http://localhost/api/phoneNumbers/2869_0_1"
        },
        "master" : {
          "href" : "http://localhost/api/phoneNumbers/2869_0_1/master"
        }
      }
    }, {
      "inputUserId" : "QSA",
      "lastUpdateUserId" : "QSA",
      "computerId" : "GLSVR171217",
      "lastSynchronizedDate" : null,
      "addressNumber" : "2871",
      "sequence" : 1,
      "countryCode" : "+62",
      "areaCode" : "",
      "phoneNumber" : "081904045900",
      "phoneType" : "KANTOR",
      "description" : "Kantor",
      "lastUpdateDateTime" : "2017-12-17T00:00:00",
      "inputDateTime" : "2017-12-17T00:00:00",
      "_links" : {
        "self" : {
          "href" : "http://localhost/api/phoneNumbers/2871_0_1"
        },
        "phoneNumber" : {
          "href" : "http://localhost/api/phoneNumbers/2871_0_1"
        },
        "master" : {
          "href" : "http://localhost/api/phoneNumbers/2871_0_1/master"
        }
      }
    }, {
      "inputUserId" : "QSA",
      "lastUpdateUserId" : "QSA",
      "computerId" : "GLSVR171217",
      "lastSynchronizedDate" : null,
      "addressNumber" : "2872",
      "sequence" : 1,
      "countryCode" : "+62",
      "areaCode" : "",
      "phoneNumber" : "031-5687050",
      "phoneType" : "KANTOR",
      "description" : "Kantor",
      "lastUpdateDateTime" : "2017-12-17T00:00:00",
      "inputDateTime" : "2017-12-17T00:00:00",
      "_links" : {
        "self" : {
          "href" : "http://localhost/api/phoneNumbers/2872_0_1"
        },
        "phoneNumber" : {
          "href" : "http://localhost/api/phoneNumbers/2872_0_1"
        },
        "master" : {
          "href" : "http://localhost/api/phoneNumbers/2872_0_1/master"
        }
      }
    }, {
      "inputUserId" : "QSA",
      "lastUpdateUserId" : "QSA",
      "computerId" : "GLSVR171217",
      "lastSynchronizedDate" : null,
      "addressNumber" : "2873",
      "sequence" : 1,
      "countryCode" : "+62",
      "areaCode" : "",
      "phoneNumber" : "0213456555",
      "phoneType" : "KANTOR",
      "description" : "Kantor",
      "lastUpdateDateTime" : "2017-12-17T00:00:00",
      "inputDateTime" : "2017-12-17T00:00:00",
      "_links" : {
        "self" : {
          "href" : "http://localhost/api/phoneNumbers/2873_0_1"
        },
        "phoneNumber" : {
          "href" : "http://localhost/api/phoneNumbers/2873_0_1"
        },
        "master" : {
          "href" : "http://localhost/api/phoneNumbers/2873_0_1/master"
        }
      }
    }, {
      "inputUserId" : "QSA",
      "lastUpdateUserId" : "QSA",
      "computerId" : "GLSVR171217",
      "lastSynchronizedDate" : null,
      "addressNumber" : "2874",
      "sequence" : 1,
      "countryCode" : "+62",
      "areaCode" : "",
      "phoneNumber" : "(031)5344995",
      "phoneType" : "KANTOR",
      "description" : "Kantor",
      "lastUpdateDateTime" : "2017-12-17T00:00:00",
      "inputDateTime" : "2017-12-17T00:00:00",
      "_links" : {
        "self" : {
          "href" : "http://localhost/api/phoneNumbers/2874_0_1"
        },
        "phoneNumber" : {
          "href" : "http://localhost/api/phoneNumbers/2874_0_1"
        },
        "master" : {
          "href" : "http://localhost/api/phoneNumbers/2874_0_1/master"
        }
      }
    }, {
      "inputUserId" : "QSA",
      "lastUpdateUserId" : "QSA",
      "computerId" : "GLSVR171217",
      "lastSynchronizedDate" : null,
      "addressNumber" : "2875",
      "sequence" : 1,
      "countryCode" : "+62",
      "areaCode" : "",
      "phoneNumber" : "021-6009863",
      "phoneType" : "KANTOR",
      "description" : "Kantor",
      "lastUpdateDateTime" : "2017-12-17T00:00:00",
      "inputDateTime" : "2017-12-17T00:00:00",
      "_links" : {
        "self" : {
          "href" : "http://localhost/api/phoneNumbers/2875_0_1"
        },
        "phoneNumber" : {
          "href" : "http://localhost/api/phoneNumbers/2875_0_1"
        },
        "master" : {
          "href" : "http://localhost/api/phoneNumbers/2875_0_1/master"
        }
      }
    }, {
      "inputUserId" : "QSA",
      "lastUpdateUserId" : "QSA",
      "computerId" : "GLSVR171217",
      "lastSynchronizedDate" : null,
      "addressNumber" : "2877",
      "sequence" : 1,
      "countryCode" : "+62",
      "areaCode" : "",
      "phoneNumber" : "0816708578",
      "phoneType" : "KANTOR",
      "description" : "Kantor",
      "lastUpdateDateTime" : "2017-12-17T00:00:00",
      "inputDateTime" : "2017-12-17T00:00:00",
      "_links" : {
        "self" : {
          "href" : "http://localhost/api/phoneNumbers/2877_0_1"
        },
        "phoneNumber" : {
          "href" : "http://localhost/api/phoneNumbers/2877_0_1"
        },
        "master" : {
          "href" : "http://localhost/api/phoneNumbers/2877_0_1/master"
        }
      }
    }, {
      "inputUserId" : "QSA",
      "lastUpdateUserId" : "QSA",
      "computerId" : "GLSVR171217",
      "lastSynchronizedDate" : null,
      "addressNumber" : "2879",
      "sequence" : 1,
      "countryCode" : "+62",
      "areaCode" : "",
      "phoneNumber" : "021-6120644",
      "phoneType" : "KANTOR",
      "description" : "Kantor",
      "lastUpdateDateTime" : "2017-12-17T00:00:00",
      "inputDateTime" : "2017-12-17T00:00:00",
      "_links" : {
        "self" : {
          "href" : "http://localhost/api/phoneNumbers/2879_0_1"
        },
        "phoneNumber" : {
          "href" : "http://localhost/api/phoneNumbers/2879_0_1"
        },
        "master" : {
          "href" : "http://localhost/api/phoneNumbers/2879_0_1/master"
        }
      }
    }, {
      "inputUserId" : "QSA",
      "lastUpdateUserId" : "QSA",
      "computerId" : "GLSVR171217",
      "lastSynchronizedDate" : null,
      "addressNumber" : "2879",
      "sequence" : 2,
      "countryCode" : "+62",
      "areaCode" : "",
      "phoneNumber" : " +6285642044890",
      "phoneType" : "KANTOR",
      "description" : "Kantor",
      "lastUpdateDateTime" : "2017-12-17T00:00:00",
      "inputDateTime" : "2017-12-17T00:00:00",
      "_links" : {
        "self" : {
          "href" : "http://localhost/api/phoneNumbers/2879_0_2"
        },
        "phoneNumber" : {
          "href" : "http://localhost/api/phoneNumbers/2879_0_2"
        },
        "master" : {
          "href" : "http://localhost/api/phoneNumbers/2879_0_2/master"
        }
      }
    } ]
  },
  "_links" : {
    "self" : {
      "href" : "http://localhost/api/phoneNumbers/"
    },
    "profile" : {
      "href" : "http://localhost/api/profile/phoneNumbers"
    },
    "search" : {
      "href" : "http://localhost/api/phoneNumbers/search"
    }
  }
}
    Forwarded URL = null
   Redirected URL = null
          Cookies = []
2018-12-14 17:35:26.244  INFO 9212 --- [    Test worker] o.s.t.c.transaction.TransactionContext   : Rolled back transaction for test: [DefaultTestContext@103b9cba testClass = PhoneNumberApiTest, testInstance = ags.goldenlionerp.apiTests.addresses.PhoneNumberApiTest@78530420, testMethod = getTestCollection@ApiTestBase, testException = [null], mergedContextConfiguration = [WebMergedContextConfiguration@15e46327 testClass = PhoneNumberApiTest, locations = '{}', classes = '{class ags.goldenlionerp.GoldenLionErpApplication}', contextInitializerClasses = '[]', activeProfiles = '{}', propertySourceLocations = '{classpath:test.properties}', propertySourceProperties = '{org.springframework.boot.test.context.SpringBootTestContextBootstrapper=true}', contextCustomizers = set[org.springframework.boot.test.autoconfigure.properties.PropertyMappingContextCustomizer@0, org.springframework.boot.test.autoconfigure.web.servlet.WebDriverContextCustomizerFactory$Customizer@636d731e, [ImportsContextCustomizer@67d9bf31 key = [ags.goldenlionerp.apiTests.ApiTestBase$TestConfig]], org.springframework.boot.test.context.filter.ExcludeFilterContextCustomizer@6afa5291, org.springframework.boot.test.json.DuplicateJsonObjectContextCustomizerFactory$DuplicateJsonObjectContextCustomizer@20cebcb4, org.springframework.boot.test.mock.mockito.MockitoContextCustomizer@0, org.springframework.boot.test.web.client.TestRestTemplateContextCustomizer@49a32273], resourceBasePath = 'src/main/webapp', contextLoader = 'org.springframework.boot.test.context.SpringBootContextLoader', parent = [null]], attributes = map['org.springframework.test.context.web.ServletTestExecutionListener.activateListener' -> true, 'org.springframework.test.context.web.ServletTestExecutionListener.populatedRequestContextHolder' -> true, 'org.springframework.test.context.web.ServletTestExecutionListener.resetRequestContextHolder' -> true]]
2018-12-14 17:35:26.247  INFO 9212 --- [    Test worker] o.s.t.c.transaction.TransactionContext   : Began transaction (1) for test context [DefaultTestContext@103b9cba testClass = PhoneNumberApiTest, testInstance = ags.goldenlionerp.apiTests.addresses.PhoneNumberApiTest@8c2a389, testMethod = createTestWithPut@ApiTestBase, testException = [null], mergedContextConfiguration = [WebMergedContextConfiguration@15e46327 testClass = PhoneNumberApiTest, locations = '{}', classes = '{class ags.goldenlionerp.GoldenLionErpApplication}', contextInitializerClasses = '[]', activeProfiles = '{}', propertySourceLocations = '{classpath:test.properties}', propertySourceProperties = '{org.springframework.boot.test.context.SpringBootTestContextBootstrapper=true}', contextCustomizers = set[org.springframework.boot.test.autoconfigure.properties.PropertyMappingContextCustomizer@0, org.springframework.boot.test.autoconfigure.web.servlet.WebDriverContextCustomizerFactory$Customizer@636d731e, [ImportsContextCustomizer@67d9bf31 key = [ags.goldenlionerp.apiTests.ApiTestBase$TestConfig]], org.springframework.boot.test.context.filter.ExcludeFilterContextCustomizer@6afa5291, org.springframework.boot.test.json.DuplicateJsonObjectContextCustomizerFactory$DuplicateJsonObjectContextCustomizer@20cebcb4, org.springframework.boot.test.mock.mockito.MockitoContextCustomizer@0, org.springframework.boot.test.web.client.TestRestTemplateContextCustomizer@49a32273], resourceBasePath = 'src/main/webapp', contextLoader = 'org.springframework.boot.test.context.SpringBootContextLoader', parent = [null]], attributes = map['org.springframework.test.context.web.ServletTestExecutionListener.activateListener' -> true, 'org.springframework.test.context.web.ServletTestExecutionListener.populatedRequestContextHolder' -> true, 'org.springframework.test.context.web.ServletTestExecutionListener.resetRequestContextHolder' -> true]]; transaction manager [org.springframework.orm.jpa.JpaTransactionManager@76f112e2]; rollback [true]
2018-12-14 17:35:26.248  INFO 9212 --- [    Test worker] o.s.b.t.m.w.SpringBootMockServletContext : Initializing Spring FrameworkServlet ''
2018-12-14 17:35:26.248  INFO 9212 --- [    Test worker] o.s.t.web.servlet.TestDispatcherServlet  : FrameworkServlet '': initialization started
2018-12-14 17:35:26.254  INFO 9212 --- [    Test worker] o.s.t.web.servlet.TestDispatcherServlet  : FrameworkServlet '': initialization completed in 6 ms
Hibernate: select addressboo0_.adanum as adanum1_16_0_, addressboo0_.adcid as adcid2_16_0_, addressboo0_.addtin as addtin3_16_0_, addressboo0_.adtmin as adtmin4_16_0_, addressboo0_.aduid as aduid5_16_0_, addressboo0_.addtlu as addtlu6_16_0_, addressboo0_.adtmlu as adtmlu7_16_0_, addressboo0_.aduidm as aduidm8_16_0_, addressboo0_.adap as adap9_16_0_, addressboo0_.adar as adar10_16_0_, addressboo0_.adbuid as adbuid11_16_0_, addressboo0_.adcc01 as adcc12_16_0_, addressboo0_.adcc02 as adcc13_16_0_, addressboo0_.adcc03 as adcc14_16_0_, addressboo0_.adcc04 as adcc15_16_0_, addressboo0_.adcc05 as adcc16_16_0_, addressboo0_.adcc06 as adcc17_16_0_, addressboo0_.adcc07 as adcc18_16_0_, addressboo0_.adcc08 as adcc19_16_0_, addressboo0_.adcc09 as adcc20_16_0_, addressboo0_.adcc10 as adcc21_16_0_, addressboo0_.adempl as adempl22_16_0_, addressboo0_.adtmlt as adtmlt23_16_0_, addressboo0_.adlan as adlan24_16_0_, addressboo0_.admlnm as admlnm25_16_0_, addressboo0_.adnm as adnm26_16_0_, addressboo0_.adpan as adpan27_16_0_, addressboo0_.adrecid as adrecid28_16_0_, addressboo0_.adrlid0 as adrlid29_16_0_, addressboo0_.adrlid2 as adrlid30_16_0_, addressboo0_.adrlid3 as adrlid31_16_0_, addressboo0_.adrlid4 as adrlid32_16_0_, addressboo0_.adrlid5 as adrlid33_16_0_, addressboo0_.adrlid6 as adrlid34_16_0_, addressboo0_.adrlid7 as adrlid35_16_0_, addressboo0_.adrlid8 as adrlid36_16_0_, addressboo0_.adrlid9 as adrlid37_16_0_, addressboo0_.adrlid1 as adrlid38_16_0_, addressboo0_.adst as adst39_16_0_, addressboo0_.adtaxid as adtaxid40_16_0_ from t0101 addressboo0_ where addressboo0_.adanum=?
Hibernate: select addresshis0_.eaanum as eaanum1_19_0_, addresshis0_.earecid as earecid2_19_0_, addresshis0_.eaanum as eaanum1_19_1_, addresshis0_.earecid as earecid2_19_1_, addresshis0_.eacid as eacid3_19_1_, addresshis0_.eadtin as eadtin4_19_1_, addresshis0_.eatmin as eatmin5_19_1_, addresshis0_.eauid as eauid6_19_1_, addresshis0_.eadtlu as eadtlu7_19_1_, addresshis0_.eatmlu as eatmlu8_19_1_, addresshis0_.eauidm as eauidm9_19_1_, addresshis0_.eadtls as eadtls10_19_1_, addresshis0_.eaaddr1 as eaaddr11_19_1_, addresshis0_.eaaddr2 as eaaddr12_19_1_, addresshis0_.eaaddr3 as eaaddr13_19_1_, addresshis0_.eaaddr4 as eaaddr14_19_1_, addresshis0_.eacity as eacity15_19_1_, addresshis0_.eacntry as eacntry16_19_1_, addresshis0_.eacnty as eacnty17_19_1_, addresshis0_.eaefdt as eaefdt18_19_1_, addresshis0_.eaemail as eaemail19_19_1_, addresshis0_.eanau as eanau20_19_1_, addresshis0_.eanou as eanou21_19_1_, addresshis0_.eapoldis as eapoldi22_19_1_, addresshis0_.eapscd as eapscd23_19_1_, addresshis0_.eastate as eastate24_19_1_, addresshis0_.easubdis as easubdi25_19_1_ from t0104 addresshis0_ where addresshis0_.eaanum=?
Hibernate: select phonenumbe0_.cmanum as cmanum1_18_0_, phonenumbe0_.cmseq1 as cmseq2_18_0_, phonenumbe0_.cmseq2 as cmseq3_18_0_, phonenumbe0_.cmcid as cmcid4_18_0_, phonenumbe0_.cmdtin as cmdtin5_18_0_, phonenumbe0_.cmtmin as cmtmin6_18_0_, phonenumbe0_.cmuid as cmuid7_18_0_, phonenumbe0_.cmdtlu as cmdtlu8_18_0_, phonenumbe0_.cmtmlu as cmtmlu9_18_0_, phonenumbe0_.cmuidm as cmuidm10_18_0_, phonenumbe0_.cmdtls as cmdtls11_18_0_, phonenumbe0_.cmphac as cmphac12_18_0_, phonenumbe0_.cmphcc as cmphcc13_18_0_, phonenumbe0_.cmdesb1 as cmdesb14_18_0_, phonenumbe0_.cmphno as cmphno15_18_0_, phonenumbe0_.cmphty as cmphty16_18_0_ from t0103 phonenumbe0_ where phonenumbe0_.cmanum=? and phonenumbe0_.cmseq1=? and phonenumbe0_.cmseq2=?
2018-12-14 17:35:26.272  INFO 9212 --- [    Test worker] o.s.t.c.transaction.TransactionContext   : Rolled back transaction for test: [DefaultTestContext@103b9cba testClass = PhoneNumberApiTest, testInstance = ags.goldenlionerp.apiTests.addresses.PhoneNumberApiTest@8c2a389, testMethod = createTestWithPut@ApiTestBase, testException = [null], mergedContextConfiguration = [WebMergedContextConfiguration@15e46327 testClass = PhoneNumberApiTest, locations = '{}', classes = '{class ags.goldenlionerp.GoldenLionErpApplication}', contextInitializerClasses = '[]', activeProfiles = '{}', propertySourceLocations = '{classpath:test.properties}', propertySourceProperties = '{org.springframework.boot.test.context.SpringBootTestContextBootstrapper=true}', contextCustomizers = set[org.springframework.boot.test.autoconfigure.properties.PropertyMappingContextCustomizer@0, org.springframework.boot.test.autoconfigure.web.servlet.WebDriverContextCustomizerFactory$Customizer@636d731e, [ImportsContextCustomizer@67d9bf31 key = [ags.goldenlionerp.apiTests.ApiTestBase$TestConfig]], org.springframework.boot.test.context.filter.ExcludeFilterContextCustomizer@6afa5291, org.springframework.boot.test.json.DuplicateJsonObjectContextCustomizerFactory$DuplicateJsonObjectContextCustomizer@20cebcb4, org.springframework.boot.test.mock.mockito.MockitoContextCustomizer@0, org.springframework.boot.test.web.client.TestRestTemplateContextCustomizer@49a32273], resourceBasePath = 'src/main/webapp', contextLoader = 'org.springframework.boot.test.context.SpringBootContextLoader', parent = [null]], attributes = map['org.springframework.test.context.web.ServletTestExecutionListener.activateListener' -> true, 'org.springframework.test.context.web.ServletTestExecutionListener.populatedRequestContextHolder' -> true, 'org.springframework.test.context.web.ServletTestExecutionListener.resetRequestContextHolder' -> true]]
2018-12-14 17:35:26.272  INFO 9212 --- [    Test worker] o.s.t.c.transaction.TransactionContext   : Began transaction (1) for test context [DefaultTestContext@103b9cba testClass = PhoneNumberApiTest, testInstance = ags.goldenlionerp.apiTests.addresses.PhoneNumberApiTest@79d09b44, testMethod = deleteTest@ApiTestBase, testException = [null], mergedContextConfiguration = [WebMergedContextConfiguration@15e46327 testClass = PhoneNumberApiTest, locations = '{}', classes = '{class ags.goldenlionerp.GoldenLionErpApplication}', contextInitializerClasses = '[]', activeProfiles = '{}', propertySourceLocations = '{classpath:test.properties}', propertySourceProperties = '{org.springframework.boot.test.context.SpringBootTestContextBootstrapper=true}', contextCustomizers = set[org.springframework.boot.test.autoconfigure.properties.PropertyMappingContextCustomizer@0, org.springframework.boot.test.autoconfigure.web.servlet.WebDriverContextCustomizerFactory$Customizer@636d731e, [ImportsContextCustomizer@67d9bf31 key = [ags.goldenlionerp.apiTests.ApiTestBase$TestConfig]], org.springframework.boot.test.context.filter.ExcludeFilterContextCustomizer@6afa5291, org.springframework.boot.test.json.DuplicateJsonObjectContextCustomizerFactory$DuplicateJsonObjectContextCustomizer@20cebcb4, org.springframework.boot.test.mock.mockito.MockitoContextCustomizer@0, org.springframework.boot.test.web.client.TestRestTemplateContextCustomizer@49a32273], resourceBasePath = 'src/main/webapp', contextLoader = 'org.springframework.boot.test.context.SpringBootContextLoader', parent = [null]], attributes = map['org.springframework.test.context.web.ServletTestExecutionListener.activateListener' -> true, 'org.springframework.test.context.web.ServletTestExecutionListener.populatedRequestContextHolder' -> true, 'org.springframework.test.context.web.ServletTestExecutionListener.resetRequestContextHolder' -> true]]; transaction manager [org.springframework.orm.jpa.JpaTransactionManager@76f112e2]; rollback [true]
2018-12-14 17:35:26.272  INFO 9212 --- [    Test worker] o.s.b.t.m.w.SpringBootMockServletContext : Initializing Spring FrameworkServlet ''
2018-12-14 17:35:26.272  INFO 9212 --- [    Test worker] o.s.t.web.servlet.TestDispatcherServlet  : FrameworkServlet '': initialization started
2018-12-14 17:35:26.288  INFO 9212 --- [    Test worker] o.s.t.web.servlet.TestDispatcherServlet  : FrameworkServlet '': initialization completed in 16 ms
Hibernate: select addressboo0_.adanum as adanum1_16_0_, addressboo0_.adcid as adcid2_16_0_, addressboo0_.addtin as addtin3_16_0_, addressboo0_.adtmin as adtmin4_16_0_, addressboo0_.aduid as aduid5_16_0_, addressboo0_.addtlu as addtlu6_16_0_, addressboo0_.adtmlu as adtmlu7_16_0_, addressboo0_.aduidm as aduidm8_16_0_, addressboo0_.adap as adap9_16_0_, addressboo0_.adar as adar10_16_0_, addressboo0_.adbuid as adbuid11_16_0_, addressboo0_.adcc01 as adcc12_16_0_, addressboo0_.adcc02 as adcc13_16_0_, addressboo0_.adcc03 as adcc14_16_0_, addressboo0_.adcc04 as adcc15_16_0_, addressboo0_.adcc05 as adcc16_16_0_, addressboo0_.adcc06 as adcc17_16_0_, addressboo0_.adcc07 as adcc18_16_0_, addressboo0_.adcc08 as adcc19_16_0_, addressboo0_.adcc09 as adcc20_16_0_, addressboo0_.adcc10 as adcc21_16_0_, addressboo0_.adempl as adempl22_16_0_, addressboo0_.adtmlt as adtmlt23_16_0_, addressboo0_.adlan as adlan24_16_0_, addressboo0_.admlnm as admlnm25_16_0_, addressboo0_.adnm as adnm26_16_0_, addressboo0_.adpan as adpan27_16_0_, addressboo0_.adrecid as adrecid28_16_0_, addressboo0_.adrlid0 as adrlid29_16_0_, addressboo0_.adrlid2 as adrlid30_16_0_, addressboo0_.adrlid3 as adrlid31_16_0_, addressboo0_.adrlid4 as adrlid32_16_0_, addressboo0_.adrlid5 as adrlid33_16_0_, addressboo0_.adrlid6 as adrlid34_16_0_, addressboo0_.adrlid7 as adrlid35_16_0_, addressboo0_.adrlid8 as adrlid36_16_0_, addressboo0_.adrlid9 as adrlid37_16_0_, addressboo0_.adrlid1 as adrlid38_16_0_, addressboo0_.adst as adst39_16_0_, addressboo0_.adtaxid as adtaxid40_16_0_ from t0101 addressboo0_ where addressboo0_.adanum=?
Hibernate: select addresshis0_.eaanum as eaanum1_19_0_, addresshis0_.earecid as earecid2_19_0_, addresshis0_.eaanum as eaanum1_19_1_, addresshis0_.earecid as earecid2_19_1_, addresshis0_.eacid as eacid3_19_1_, addresshis0_.eadtin as eadtin4_19_1_, addresshis0_.eatmin as eatmin5_19_1_, addresshis0_.eauid as eauid6_19_1_, addresshis0_.eadtlu as eadtlu7_19_1_, addresshis0_.eatmlu as eatmlu8_19_1_, addresshis0_.eauidm as eauidm9_19_1_, addresshis0_.eadtls as eadtls10_19_1_, addresshis0_.eaaddr1 as eaaddr11_19_1_, addresshis0_.eaaddr2 as eaaddr12_19_1_, addresshis0_.eaaddr3 as eaaddr13_19_1_, addresshis0_.eaaddr4 as eaaddr14_19_1_, addresshis0_.eacity as eacity15_19_1_, addresshis0_.eacntry as eacntry16_19_1_, addresshis0_.eacnty as eacnty17_19_1_, addresshis0_.eaefdt as eaefdt18_19_1_, addresshis0_.eaemail as eaemail19_19_1_, addresshis0_.eanau as eanau20_19_1_, addresshis0_.eanou as eanou21_19_1_, addresshis0_.eapoldis as eapoldi22_19_1_, addresshis0_.eapscd as eapscd23_19_1_, addresshis0_.eastate as eastate24_19_1_, addresshis0_.easubdis as easubdi25_19_1_ from t0104 addresshis0_ where addresshis0_.eaanum=?
Hibernate: select phonenumbe0_.cmanum as cmanum1_18_0_, phonenumbe0_.cmseq1 as cmseq2_18_0_, phonenumbe0_.cmseq2 as cmseq3_18_0_, phonenumbe0_.cmcid as cmcid4_18_0_, phonenumbe0_.cmdtin as cmdtin5_18_0_, phonenumbe0_.cmtmin as cmtmin6_18_0_, phonenumbe0_.cmuid as cmuid7_18_0_, phonenumbe0_.cmdtlu as cmdtlu8_18_0_, phonenumbe0_.cmtmlu as cmtmlu9_18_0_, phonenumbe0_.cmuidm as cmuidm10_18_0_, phonenumbe0_.cmdtls as cmdtls11_18_0_, phonenumbe0_.cmphac as cmphac12_18_0_, phonenumbe0_.cmphcc as cmphcc13_18_0_, phonenumbe0_.cmdesb1 as cmdesb14_18_0_, phonenumbe0_.cmphno as cmphno15_18_0_, phonenumbe0_.cmphty as cmphty16_18_0_ from t0103 phonenumbe0_ where phonenumbe0_.cmanum=? and phonenumbe0_.cmseq1=? and phonenumbe0_.cmseq2=?
2018-12-14 17:35:26.303  INFO 9212 --- [    Test worker] o.s.t.c.transaction.TransactionContext   : Rolled back transaction for test: [DefaultTestContext@103b9cba testClass = PhoneNumberApiTest, testInstance = ags.goldenlionerp.apiTests.addresses.PhoneNumberApiTest@79d09b44, testMethod = deleteTest@ApiTestBase, testException = [null], mergedContextConfiguration = [WebMergedContextConfiguration@15e46327 testClass = PhoneNumberApiTest, locations = '{}', classes = '{class ags.goldenlionerp.GoldenLionErpApplication}', contextInitializerClasses = '[]', activeProfiles = '{}', propertySourceLocations = '{classpath:test.properties}', propertySourceProperties = '{org.springframework.boot.test.context.SpringBootTestContextBootstrapper=true}', contextCustomizers = set[org.springframework.boot.test.autoconfigure.properties.PropertyMappingContextCustomizer@0, org.springframework.boot.test.autoconfigure.web.servlet.WebDriverContextCustomizerFactory$Customizer@636d731e, [ImportsContextCustomizer@67d9bf31 key = [ags.goldenlionerp.apiTests.ApiTestBase$TestConfig]], org.springframework.boot.test.context.filter.ExcludeFilterContextCustomizer@6afa5291, org.springframework.boot.test.json.DuplicateJsonObjectContextCustomizerFactory$DuplicateJsonObjectContextCustomizer@20cebcb4, org.springframework.boot.test.mock.mockito.MockitoContextCustomizer@0, org.springframework.boot.test.web.client.TestRestTemplateContextCustomizer@49a32273], resourceBasePath = 'src/main/webapp', contextLoader = 'org.springframework.boot.test.context.SpringBootContextLoader', parent = [null]], attributes = map['org.springframework.test.context.web.ServletTestExecutionListener.activateListener' -> true, 'org.springframework.test.context.web.ServletTestExecutionListener.populatedRequestContextHolder' -> true, 'org.springframework.test.context.web.ServletTestExecutionListener.resetRequestContextHolder' -> true]]
2018-12-14 17:35:26.320  INFO 9212 --- [    Test worker] o.s.t.c.transaction.TransactionContext   : Began transaction (1) for test context [DefaultTestContext@103b9cba testClass = PhoneNumberApiTest, testInstance = ags.goldenlionerp.apiTests.addresses.PhoneNumberApiTest@4db4c290, testMethod = createTestWithPost@ApiTestBase, testException = [null], mergedContextConfiguration = [WebMergedContextConfiguration@15e46327 testClass = PhoneNumberApiTest, locations = '{}', classes = '{class ags.goldenlionerp.GoldenLionErpApplication}', contextInitializerClasses = '[]', activeProfiles = '{}', propertySourceLocations = '{classpath:test.properties}', propertySourceProperties = '{org.springframework.boot.test.context.SpringBootTestContextBootstrapper=true}', contextCustomizers = set[org.springframework.boot.test.autoconfigure.properties.PropertyMappingContextCustomizer@0, org.springframework.boot.test.autoconfigure.web.servlet.WebDriverContextCustomizerFactory$Customizer@636d731e, [ImportsContextCustomizer@67d9bf31 key = [ags.goldenlionerp.apiTests.ApiTestBase$TestConfig]], org.springframework.boot.test.context.filter.ExcludeFilterContextCustomizer@6afa5291, org.springframework.boot.test.json.DuplicateJsonObjectContextCustomizerFactory$DuplicateJsonObjectContextCustomizer@20cebcb4, org.springframework.boot.test.mock.mockito.MockitoContextCustomizer@0, org.springframework.boot.test.web.client.TestRestTemplateContextCustomizer@49a32273], resourceBasePath = 'src/main/webapp', contextLoader = 'org.springframework.boot.test.context.SpringBootContextLoader', parent = [null]], attributes = map['org.springframework.test.context.web.ServletTestExecutionListener.activateListener' -> true, 'org.springframework.test.context.web.ServletTestExecutionListener.populatedRequestContextHolder' -> true, 'org.springframework.test.context.web.ServletTestExecutionListener.resetRequestContextHolder' -> true]]; transaction manager [org.springframework.orm.jpa.JpaTransactionManager@76f112e2]; rollback [true]
2018-12-14 17:35:26.321  INFO 9212 --- [    Test worker] o.s.b.t.m.w.SpringBootMockServletContext : Initializing Spring FrameworkServlet ''
2018-12-14 17:35:26.321  INFO 9212 --- [    Test worker] o.s.t.web.servlet.TestDispatcherServlet  : FrameworkServlet '': initialization started
2018-12-14 17:35:26.327  INFO 9212 --- [    Test worker] o.s.t.web.servlet.TestDispatcherServlet  : FrameworkServlet '': initialization completed in 6 ms
Hibernate: select addressboo0_.adanum as adanum1_16_0_, addressboo0_.adcid as adcid2_16_0_, addressboo0_.addtin as addtin3_16_0_, addressboo0_.adtmin as adtmin4_16_0_, addressboo0_.aduid as aduid5_16_0_, addressboo0_.addtlu as addtlu6_16_0_, addressboo0_.adtmlu as adtmlu7_16_0_, addressboo0_.aduidm as aduidm8_16_0_, addressboo0_.adap as adap9_16_0_, addressboo0_.adar as adar10_16_0_, addressboo0_.adbuid as adbuid11_16_0_, addressboo0_.adcc01 as adcc12_16_0_, addressboo0_.adcc02 as adcc13_16_0_, addressboo0_.adcc03 as adcc14_16_0_, addressboo0_.adcc04 as adcc15_16_0_, addressboo0_.adcc05 as adcc16_16_0_, addressboo0_.adcc06 as adcc17_16_0_, addressboo0_.adcc07 as adcc18_16_0_, addressboo0_.adcc08 as adcc19_16_0_, addressboo0_.adcc09 as adcc20_16_0_, addressboo0_.adcc10 as adcc21_16_0_, addressboo0_.adempl as adempl22_16_0_, addressboo0_.adtmlt as adtmlt23_16_0_, addressboo0_.adlan as adlan24_16_0_, addressboo0_.admlnm as admlnm25_16_0_, addressboo0_.adnm as adnm26_16_0_, addressboo0_.adpan as adpan27_16_0_, addressboo0_.adrecid as adrecid28_16_0_, addressboo0_.adrlid0 as adrlid29_16_0_, addressboo0_.adrlid2 as adrlid30_16_0_, addressboo0_.adrlid3 as adrlid31_16_0_, addressboo0_.adrlid4 as adrlid32_16_0_, addressboo0_.adrlid5 as adrlid33_16_0_, addressboo0_.adrlid6 as adrlid34_16_0_, addressboo0_.adrlid7 as adrlid35_16_0_, addressboo0_.adrlid8 as adrlid36_16_0_, addressboo0_.adrlid9 as adrlid37_16_0_, addressboo0_.adrlid1 as adrlid38_16_0_, addressboo0_.adst as adst39_16_0_, addressboo0_.adtaxid as adtaxid40_16_0_ from t0101 addressboo0_ where addressboo0_.adanum=?
Hibernate: select addresshis0_.eaanum as eaanum1_19_0_, addresshis0_.earecid as earecid2_19_0_, addresshis0_.eaanum as eaanum1_19_1_, addresshis0_.earecid as earecid2_19_1_, addresshis0_.eacid as eacid3_19_1_, addresshis0_.eadtin as eadtin4_19_1_, addresshis0_.eatmin as eatmin5_19_1_, addresshis0_.eauid as eauid6_19_1_, addresshis0_.eadtlu as eadtlu7_19_1_, addresshis0_.eatmlu as eatmlu8_19_1_, addresshis0_.eauidm as eauidm9_19_1_, addresshis0_.eadtls as eadtls10_19_1_, addresshis0_.eaaddr1 as eaaddr11_19_1_, addresshis0_.eaaddr2 as eaaddr12_19_1_, addresshis0_.eaaddr3 as eaaddr13_19_1_, addresshis0_.eaaddr4 as eaaddr14_19_1_, addresshis0_.eacity as eacity15_19_1_, addresshis0_.eacntry as eacntry16_19_1_, addresshis0_.eacnty as eacnty17_19_1_, addresshis0_.eaefdt as eaefdt18_19_1_, addresshis0_.eaemail as eaemail19_19_1_, addresshis0_.eanau as eanau20_19_1_, addresshis0_.eanou as eanou21_19_1_, addresshis0_.eapoldis as eapoldi22_19_1_, addresshis0_.eapscd as eapscd23_19_1_, addresshis0_.eastate as eastate24_19_1_, addresshis0_.easubdis as easubdi25_19_1_ from t0104 addresshis0_ where addresshis0_.eaanum=?
Hibernate: select phonenumbe0_.cmanum as cmanum1_18_0_, phonenumbe0_.cmseq1 as cmseq2_18_0_, phonenumbe0_.cmseq2 as cmseq3_18_0_, phonenumbe0_.cmcid as cmcid4_18_0_, phonenumbe0_.cmdtin as cmdtin5_18_0_, phonenumbe0_.cmtmin as cmtmin6_18_0_, phonenumbe0_.cmuid as cmuid7_18_0_, phonenumbe0_.cmdtlu as cmdtlu8_18_0_, phonenumbe0_.cmtmlu as cmtmlu9_18_0_, phonenumbe0_.cmuidm as cmuidm10_18_0_, phonenumbe0_.cmdtls as cmdtls11_18_0_, phonenumbe0_.cmphac as cmphac12_18_0_, phonenumbe0_.cmphcc as cmphcc13_18_0_, phonenumbe0_.cmdesb1 as cmdesb14_18_0_, phonenumbe0_.cmphno as cmphno15_18_0_, phonenumbe0_.cmphty as cmphty16_18_0_ from t0103 phonenumbe0_ where phonenumbe0_.cmanum=? and phonenumbe0_.cmseq1=? and phonenumbe0_.cmseq2=?
Hibernate: select phonenumbe0_.cmanum as cmanum1_18_0_, phonenumbe0_.cmseq1 as cmseq2_18_0_, phonenumbe0_.cmseq2 as cmseq3_18_0_, phonenumbe0_.cmcid as cmcid4_18_0_, phonenumbe0_.cmdtin as cmdtin5_18_0_, phonenumbe0_.cmtmin as cmtmin6_18_0_, phonenumbe0_.cmuid as cmuid7_18_0_, phonenumbe0_.cmdtlu as cmdtlu8_18_0_, phonenumbe0_.cmtmlu as cmtmlu9_18_0_, phonenumbe0_.cmuidm as cmuidm10_18_0_, phonenumbe0_.cmdtls as cmdtls11_18_0_, phonenumbe0_.cmphac as cmphac12_18_0_, phonenumbe0_.cmphcc as cmphcc13_18_0_, phonenumbe0_.cmdesb1 as cmdesb14_18_0_, phonenumbe0_.cmphno as cmphno15_18_0_, phonenumbe0_.cmphty as cmphty16_18_0_ from t0103 phonenumbe0_ where phonenumbe0_.cmanum=? and phonenumbe0_.cmseq1=? and phonenumbe0_.cmseq2=?
Hibernate: insert into t0103 (cmcid, cmdtin, cmtmin, cmuid, cmdtlu, cmtmlu, cmuidm, cmdtls, cmphac, cmphcc, cmdesb1, cmphno, cmphty, cmanum, cmseq1, cmseq2) values (?, ?, ?, ?, ?, ?, ?, ?, ?, ?, ?, ?, ?, ?, ?, ?)
Hibernate: select phonenumbe0_.cmanum as cmanum1_18_0_, phonenumbe0_.cmseq1 as cmseq2_18_0_, phonenumbe0_.cmseq2 as cmseq3_18_0_, phonenumbe0_.cmcid as cmcid4_18_0_, phonenumbe0_.cmdtin as cmdtin5_18_0_, phonenumbe0_.cmtmin as cmtmin6_18_0_, phonenumbe0_.cmuid as cmuid7_18_0_, phonenumbe0_.cmdtlu as cmdtlu8_18_0_, phonenumbe0_.cmtmlu as cmtmlu9_18_0_, phonenumbe0_.cmuidm as cmuidm10_18_0_, phonenumbe0_.cmdtls as cmdtls11_18_0_, phonenumbe0_.cmphac as cmphac12_18_0_, phonenumbe0_.cmphcc as cmphcc13_18_0_, phonenumbe0_.cmdesb1 as cmdesb14_18_0_, phonenumbe0_.cmphno as cmphno15_18_0_, phonenumbe0_.cmphty as cmphty16_18_0_ from t0103 phonenumbe0_ where phonenumbe0_.cmanum=? and phonenumbe0_.cmseq1=? and phonenumbe0_.cmseq2=?

MockHttpServletRequest:
      HTTP Method = GET
      Request URI = /api/phoneNumbers/1015_0_5
       Parameters = {}
          Headers = {Accept=[application/json]}
             Body = <no character encoding set>
    Session Attrs = {org.springframework.security.web.csrf.HttpSessionCsrfTokenRepository.CSRF_TOKEN=org.springframework.security.web.csrf.DefaultCsrfToken@465db25b, SPRING_SECURITY_CONTEXT=org.springframework.security.core.context.SecurityContextImpl@475fcd89: Authentication: org.springframework.security.authentication.UsernamePasswordAuthenticationToken@475fcd89: Principal: org.springframework.security.core.userdetails.User@f02988d6: Username: username; Password: [PROTECTED]; Enabled: true; AccountNonExpired: true; credentialsNonExpired: true; AccountNonLocked: true; Not granted any authorities; Credentials: [PROTECTED]; Authenticated: true; Details: null; Not granted any authorities}

Handler:
             Type = org.springframework.data.rest.webmvc.RepositoryEntityController
           Method = public org.springframework.http.ResponseEntity<org.springframework.hateoas.Resource<?>> org.springframework.data.rest.webmvc.RepositoryEntityController.getItemResource(org.springframework.data.rest.webmvc.RootResourceInformation,java.io.Serializable,org.springframework.data.rest.webmvc.PersistentEntityResourceAssembler,org.springframework.http.HttpHeaders) throws org.springframework.web.HttpRequestMethodNotSupportedException

Async:
    Async started = false
     Async result = null

Resolved Exception:
             Type = null

ModelAndView:
        View name = null
             View = null
            Model = null

FlashMap:
       Attributes = null

MockHttpServletResponse:
           Status = 200
    Error message = null
          Headers = {Content-Type=[application/json;charset=UTF-8], X-Content-Type-Options=[nosniff], X-XSS-Protection=[1; mode=block], Cache-Control=[no-cache, no-store, max-age=0, must-revalidate], Pragma=[no-cache], Expires=[0], X-Frame-Options=[DENY]}
     Content type = application/json;charset=UTF-8
             Body = {
  "inputUserId" : "username",
  "lastUpdateUserId" : "username",
  "computerId" : "username",
  "lastSynchronizedDate" : null,
  "addressNumber" : "1015",
  "sequence" : 5,
  "countryCode" : "+62",
  "areaCode" : "31",
  "phoneNumber" : "3920553",
  "phoneType" : "RUMAH",
  "description" : "Nomor telpon rumah",
  "lastUpdateDateTime" : "2018-12-14T17:35:26",
  "inputDateTime" : "2018-12-14T17:35:26",
  "_links" : {
    "self" : {
      "href" : "http://localhost/api/phoneNumbers/1015_0_5"
    },
    "phoneNumber" : {
      "href" : "http://localhost/api/phoneNumbers/1015_0_5"
    },
    "master" : {
      "href" : "http://localhost/api/phoneNumbers/1015_0_5/master"
    }
  }
}
    Forwarded URL = null
   Redirected URL = null
          Cookies = []
2018-12-14 17:35:26.365  INFO 9212 --- [    Test worker] o.s.t.c.transaction.TransactionContext   : Rolled back transaction for test: [DefaultTestContext@103b9cba testClass = PhoneNumberApiTest, testInstance = ags.goldenlionerp.apiTests.addresses.PhoneNumberApiTest@4db4c290, testMethod = createTestWithPost@ApiTestBase, testException = [null], mergedContextConfiguration = [WebMergedContextConfiguration@15e46327 testClass = PhoneNumberApiTest, locations = '{}', classes = '{class ags.goldenlionerp.GoldenLionErpApplication}', contextInitializerClasses = '[]', activeProfiles = '{}', propertySourceLocations = '{classpath:test.properties}', propertySourceProperties = '{org.springframework.boot.test.context.SpringBootTestContextBootstrapper=true}', contextCustomizers = set[org.springframework.boot.test.autoconfigure.properties.PropertyMappingContextCustomizer@0, org.springframework.boot.test.autoconfigure.web.servlet.WebDriverContextCustomizerFactory$Customizer@636d731e, [ImportsContextCustomizer@67d9bf31 key = [ags.goldenlionerp.apiTests.ApiTestBase$TestConfig]], org.springframework.boot.test.context.filter.ExcludeFilterContextCustomizer@6afa5291, org.springframework.boot.test.json.DuplicateJsonObjectContextCustomizerFactory$DuplicateJsonObjectContextCustomizer@20cebcb4, org.springframework.boot.test.mock.mockito.MockitoContextCustomizer@0, org.springframework.boot.test.web.client.TestRestTemplateContextCustomizer@49a32273], resourceBasePath = 'src/main/webapp', contextLoader = 'org.springframework.boot.test.context.SpringBootContextLoader', parent = [null]], attributes = map['org.springframework.test.context.web.ServletTestExecutionListener.activateListener' -> true, 'org.springframework.test.context.web.ServletTestExecutionListener.populatedRequestContextHolder' -> true, 'org.springframework.test.context.web.ServletTestExecutionListener.resetRequestContextHolder' -> true]]
]]></system-out>
  <system-err><![CDATA[]]></system-err>
</testsuite>
