<?xml version="1.0" encoding="UTF-8"?>
<testsuite name="ags.goldenlionerp.apiTests.setups.DMAAIHeaderTest" tests="7" skipped="0" failures="0" errors="0" timestamp="2018-12-14T10:35:57" hostname="LAPTOP-FHFRCCL6" time="0.226">
  <properties/>
  <testcase name="deleteTest" classname="ags.goldenlionerp.apiTests.setups.DMAAIHeaderTest" time="0.043"/>
  <testcase name="updateTestWithPut" classname="ags.goldenlionerp.apiTests.setups.DMAAIHeaderTest" time="0.018"/>
  <testcase name="getTestSingle" classname="ags.goldenlionerp.apiTests.setups.DMAAIHeaderTest" time="0.046"/>
  <testcase name="updateTestWithPatch" classname="ags.goldenlionerp.apiTests.setups.DMAAIHeaderTest" time="0.049"/>
  <testcase name="getTestCollection" classname="ags.goldenlionerp.apiTests.setups.DMAAIHeaderTest" time="0.034"/>
  <testcase name="createTestWithPut" classname="ags.goldenlionerp.apiTests.setups.DMAAIHeaderTest" time="0.015"/>
  <testcase name="createTestWithPost" classname="ags.goldenlionerp.apiTests.setups.DMAAIHeaderTest" time="0.018"/>
  <system-out><![CDATA[2018-12-14 17:35:57.002  INFO 9212 --- [    Test worker] .b.t.c.SpringBootTestContextBootstrapper : Neither @ContextConfiguration nor @ContextHierarchy found for test class [ags.goldenlionerp.apiTests.setups.DMAAIHeaderTest], using SpringBootContextLoader
2018-12-14 17:35:57.018  INFO 9212 --- [    Test worker] o.s.t.c.support.AbstractContextLoader    : Could not detect default resource locations for test class [ags.goldenlionerp.apiTests.setups.DMAAIHeaderTest]: no resource found for suffixes {-context.xml, Context.groovy}.
2018-12-14 17:35:57.018  INFO 9212 --- [    Test worker] t.c.s.AnnotationConfigContextLoaderUtils : Could not detect default configuration classes for test class [ags.goldenlionerp.apiTests.setups.DMAAIHeaderTest]: DMAAIHeaderTest does not declare any static, non-private, non-final, nested classes annotated with @Configuration.
2018-12-14 17:35:57.018  INFO 9212 --- [    Test worker] .b.t.c.SpringBootTestContextBootstrapper : Found @SpringBootConfiguration ags.goldenlionerp.GoldenLionErpApplication for test class ags.goldenlionerp.apiTests.setups.DMAAIHeaderTest
2018-12-14 17:35:57.018  INFO 9212 --- [    Test worker] .b.t.c.SpringBootTestContextBootstrapper : Loaded default TestExecutionListener class names from location [META-INF/spring.factories]: [org.springframework.security.test.context.support.WithSecurityContextTestExecutionListener, org.springframework.security.test.context.support.ReactorContextTestExecutionListener, org.springframework.boot.test.autoconfigure.restdocs.RestDocsTestExecutionListener, org.springframework.boot.test.autoconfigure.web.client.MockRestServiceServerResetTestExecutionListener, org.springframework.boot.test.autoconfigure.web.servlet.MockMvcPrintOnlyOnFailureTestExecutionListener, org.springframework.boot.test.autoconfigure.web.servlet.WebDriverTestExecutionListener, org.springframework.boot.test.mock.mockito.MockitoTestExecutionListener, org.springframework.boot.test.mock.mockito.ResetMocksTestExecutionListener, org.springframework.test.context.web.ServletTestExecutionListener, org.springframework.test.context.support.DirtiesContextBeforeModesTestExecutionListener, org.springframework.test.context.support.DependencyInjectionTestExecutionListener, org.springframework.test.context.support.DirtiesContextTestExecutionListener, org.springframework.test.context.transaction.TransactionalTestExecutionListener, org.springframework.test.context.jdbc.SqlScriptsTestExecutionListener]
2018-12-14 17:35:57.018  INFO 9212 --- [    Test worker] .b.t.c.SpringBootTestContextBootstrapper : Using TestExecutionListeners: [org.springframework.test.context.web.ServletTestExecutionListener@2f0b501b, org.springframework.test.context.support.DirtiesContextBeforeModesTestExecutionListener@6714710b, org.springframework.boot.test.mock.mockito.MockitoTestExecutionListener@5302e375, org.springframework.boot.test.autoconfigure.SpringBootDependencyInjectionTestExecutionListener@5476a735, org.springframework.test.context.support.DirtiesContextTestExecutionListener@2188ae28, org.springframework.test.context.transaction.TransactionalTestExecutionListener@65501f3b, org.springframework.test.context.jdbc.SqlScriptsTestExecutionListener@210d41af, org.springframework.security.test.context.support.WithSecurityContextTestExecutionListener@40a305b4, org.springframework.security.test.context.support.ReactorContextTestExecutionListener@243e0a66, org.springframework.boot.test.autoconfigure.restdocs.RestDocsTestExecutionListener@4172701d, org.springframework.boot.test.autoconfigure.web.client.MockRestServiceServerResetTestExecutionListener@a3941a5, org.springframework.boot.test.autoconfigure.web.servlet.MockMvcPrintOnlyOnFailureTestExecutionListener@526f6bf3, org.springframework.boot.test.autoconfigure.web.servlet.WebDriverTestExecutionListener@65626e2, org.springframework.boot.test.mock.mockito.ResetMocksTestExecutionListener@54765cad]
2018-12-14 17:35:57.033  INFO 9212 --- [    Test worker] o.s.t.c.transaction.TransactionContext   : Began transaction (1) for test context [DefaultTestContext@68619fc3 testClass = DMAAIHeaderTest, testInstance = ags.goldenlionerp.apiTests.setups.DMAAIHeaderTest@b4a7892, testMethod = deleteTest@DMAAIHeaderTest, testException = [null], mergedContextConfiguration = [WebMergedContextConfiguration@6d31be39 testClass = DMAAIHeaderTest, locations = '{}', classes = '{class ags.goldenlionerp.GoldenLionErpApplication}', contextInitializerClasses = '[]', activeProfiles = '{}', propertySourceLocations = '{classpath:test.properties}', propertySourceProperties = '{org.springframework.boot.test.context.SpringBootTestContextBootstrapper=true}', contextCustomizers = set[org.springframework.boot.test.autoconfigure.properties.PropertyMappingContextCustomizer@0, org.springframework.boot.test.autoconfigure.web.servlet.WebDriverContextCustomizerFactory$Customizer@636d731e, [ImportsContextCustomizer@404211ab key = [ags.goldenlionerp.apiTests.ApiTestBase$TestConfig]], org.springframework.boot.test.context.filter.ExcludeFilterContextCustomizer@6afa5291, org.springframework.boot.test.json.DuplicateJsonObjectContextCustomizerFactory$DuplicateJsonObjectContextCustomizer@20cebcb4, org.springframework.boot.test.mock.mockito.MockitoContextCustomizer@0, org.springframework.boot.test.web.client.TestRestTemplateContextCustomizer@49a32273], resourceBasePath = 'src/main/webapp', contextLoader = 'org.springframework.boot.test.context.SpringBootContextLoader', parent = [null]], attributes = map['org.springframework.test.context.web.ServletTestExecutionListener.activateListener' -> true, 'org.springframework.test.context.web.ServletTestExecutionListener.populatedRequestContextHolder' -> true, 'org.springframework.test.context.web.ServletTestExecutionListener.resetRequestContextHolder' -> true]]; transaction manager [org.springframework.orm.jpa.JpaTransactionManager@76f112e2]; rollback [true]
2018-12-14 17:35:57.033  INFO 9212 --- [    Test worker] o.s.b.t.m.w.SpringBootMockServletContext : Initializing Spring FrameworkServlet ''
2018-12-14 17:35:57.033  INFO 9212 --- [    Test worker] o.s.t.web.servlet.TestDispatcherServlet  : FrameworkServlet '': initialization started
2018-12-14 17:35:57.033  INFO 9212 --- [    Test worker] o.s.t.web.servlet.TestDispatcherServlet  : FrameworkServlet '': initialization completed in 0 ms
Hibernate: select dmaaiheade0_.mkdmno as mkdmno1_6_0_, dmaaiheade0_.mkdesb1 as mkdesb2_6_0_, dmaaiheade0_.mkdesb2 as mkdesb3_6_0_, dmaaiheade0_.mkpec as mkpec4_6_0_, dmaaiheade0_.mklod as mklod5_6_0_, dmaaiheade0_.mkmfac as mkmfac6_6_0_ from t0016 dmaaiheade0_ where dmaaiheade0_.mkdmno=?
Hibernate: select details0_.mldmno as mldmno2_7_0_, details0_.mlcoid as mlcoid1_7_0_, details0_.mldocoty as mldocoty3_7_0_, details0_.mldocty as mldocty4_7_0_, details0_.mlglcls as mlglcls5_7_0_, details0_.mlcsty as mlcsty6_7_0_, details0_.mlcoid as mlcoid1_7_1_, details0_.mldmno as mldmno2_7_1_, details0_.mldocoty as mldocoty3_7_1_, details0_.mldocty as mldocty4_7_1_, details0_.mlglcls as mlglcls5_7_1_, details0_.mlcsty as mlcsty6_7_1_, details0_.mlcid as mlcid7_7_1_, details0_.mldtin as mldtin8_7_1_, details0_.mltmin as mltmin9_7_1_, details0_.mluid as mluid10_7_1_, details0_.mldtlu as mldtlu11_7_1_, details0_.mltmlu as mltmlu12_7_1_, details0_.mluidm as mluidm13_7_1_, details0_.mlobj as mlobj19_7_1_, details0_.mlbuid as mlbuid14_7_1_, details0_.mlsub as mlsub20_7_1_, details0_.mldesb1 as mldesb15_7_1_, details0_.mldesb2 as mldesb16_7_1_, details0_.mldesb3 as mldesb17_7_1_, details0_.mldesb4 as mldesb18_7_1_ from t0016d details0_ where details0_.mldmno=?
Hibernate: select chartofacc0_.oaobj as oaobj1_25_0_, chartofacc0_.oacid as oacid2_25_0_, chartofacc0_.oadtin as oadtin3_25_0_, chartofacc0_.oatmin as oatmin4_25_0_, chartofacc0_.oauid as oauid5_25_0_, chartofacc0_.oadtlu as oadtlu6_25_0_, chartofacc0_.oatmlu as oatmlu7_25_0_, chartofacc0_.oauidm as oauidm8_25_0_, chartofacc0_.oablc as oablc9_25_0_, chartofacc0_.oacoid as oacoid10_25_0_, chartofacc0_.oadesb1 as oadesb11_25_0_, chartofacc0_.oadesc1 as oadesc12_25_0_, chartofacc0_.oalod as oalod13_25_0_, chartofacc0_.oapec as oapec14_25_0_ from t0900 chartofacc0_ where chartofacc0_.oaobj=?
Hibernate: select accountmas0_.ambuid as ambuid1_26_0_, accountmas0_.amcoid as amcoid2_26_0_, accountmas0_.amobj as amobj3_26_0_, accountmas0_.amsub as amsub4_26_0_, accountmas0_.amcid as amcid5_26_0_, accountmas0_.amdtin as amdtin6_26_0_, accountmas0_.amtmin as amtmin7_26_0_, accountmas0_.amuid as amuid8_26_0_, accountmas0_.amdtlu as amdtlu9_26_0_, accountmas0_.amtmlu as amtmlu10_26_0_, accountmas0_.amuidm as amuidm11_26_0_, accountmas0_.amdtlt as amdtlt12_26_0_, accountmas0_.amacid as amacid13_26_0_, accountmas0_.amblc as amblc14_26_0_, accountmas0_.ambpc as ambpc15_26_0_, accountmas0_.amglc01 as amglc16_26_0_, accountmas0_.amglc02 as amglc17_26_0_, accountmas0_.amglc03 as amglc18_26_0_, accountmas0_.amglc04 as amglc19_26_0_, accountmas0_.amglc05 as amglc20_26_0_, accountmas0_.amcrct as amcrct21_26_0_, accountmas0_.amdesb1 as amdesb22_26_0_, accountmas0_.amtmlt as amtmlt23_26_0_, accountmas0_.amlod as amlod24_26_0_, accountmas0_.ammac as ammac25_26_0_, accountmas0_.amoan as amoan26_26_0_, accountmas0_.ampec as ampec27_26_0_ from t0901 accountmas0_ where accountmas0_.ambuid=? and accountmas0_.amcoid=? and accountmas0_.amobj=? and accountmas0_.amsub=?
Hibernate: select chartofacc0_.oaobj as oaobj1_25_0_, chartofacc0_.oacid as oacid2_25_0_, chartofacc0_.oadtin as oadtin3_25_0_, chartofacc0_.oatmin as oatmin4_25_0_, chartofacc0_.oauid as oauid5_25_0_, chartofacc0_.oadtlu as oadtlu6_25_0_, chartofacc0_.oatmlu as oatmlu7_25_0_, chartofacc0_.oauidm as oauidm8_25_0_, chartofacc0_.oablc as oablc9_25_0_, chartofacc0_.oacoid as oacoid10_25_0_, chartofacc0_.oadesb1 as oadesb11_25_0_, chartofacc0_.oadesc1 as oadesc12_25_0_, chartofacc0_.oalod as oalod13_25_0_, chartofacc0_.oapec as oapec14_25_0_ from t0900 chartofacc0_ where chartofacc0_.oaobj=?
Hibernate: select accountmas0_.ambuid as ambuid1_26_0_, accountmas0_.amcoid as amcoid2_26_0_, accountmas0_.amobj as amobj3_26_0_, accountmas0_.amsub as amsub4_26_0_, accountmas0_.amcid as amcid5_26_0_, accountmas0_.amdtin as amdtin6_26_0_, accountmas0_.amtmin as amtmin7_26_0_, accountmas0_.amuid as amuid8_26_0_, accountmas0_.amdtlu as amdtlu9_26_0_, accountmas0_.amtmlu as amtmlu10_26_0_, accountmas0_.amuidm as amuidm11_26_0_, accountmas0_.amdtlt as amdtlt12_26_0_, accountmas0_.amacid as amacid13_26_0_, accountmas0_.amblc as amblc14_26_0_, accountmas0_.ambpc as ambpc15_26_0_, accountmas0_.amglc01 as amglc16_26_0_, accountmas0_.amglc02 as amglc17_26_0_, accountmas0_.amglc03 as amglc18_26_0_, accountmas0_.amglc04 as amglc19_26_0_, accountmas0_.amglc05 as amglc20_26_0_, accountmas0_.amcrct as amcrct21_26_0_, accountmas0_.amdesb1 as amdesb22_26_0_, accountmas0_.amtmlt as amtmlt23_26_0_, accountmas0_.amlod as amlod24_26_0_, accountmas0_.ammac as ammac25_26_0_, accountmas0_.amoan as amoan26_26_0_, accountmas0_.ampec as ampec27_26_0_ from t0901 accountmas0_ where accountmas0_.ambuid=? and accountmas0_.amcoid=? and accountmas0_.amobj=? and accountmas0_.amsub=?
Hibernate: select chartofacc0_.oaobj as oaobj1_25_0_, chartofacc0_.oacid as oacid2_25_0_, chartofacc0_.oadtin as oadtin3_25_0_, chartofacc0_.oatmin as oatmin4_25_0_, chartofacc0_.oauid as oauid5_25_0_, chartofacc0_.oadtlu as oadtlu6_25_0_, chartofacc0_.oatmlu as oatmlu7_25_0_, chartofacc0_.oauidm as oauidm8_25_0_, chartofacc0_.oablc as oablc9_25_0_, chartofacc0_.oacoid as oacoid10_25_0_, chartofacc0_.oadesb1 as oadesb11_25_0_, chartofacc0_.oadesc1 as oadesc12_25_0_, chartofacc0_.oalod as oalod13_25_0_, chartofacc0_.oapec as oapec14_25_0_ from t0900 chartofacc0_ where chartofacc0_.oaobj=?
Hibernate: select accountmas0_.ambuid as ambuid1_26_0_, accountmas0_.amcoid as amcoid2_26_0_, accountmas0_.amobj as amobj3_26_0_, accountmas0_.amsub as amsub4_26_0_, accountmas0_.amcid as amcid5_26_0_, accountmas0_.amdtin as amdtin6_26_0_, accountmas0_.amtmin as amtmin7_26_0_, accountmas0_.amuid as amuid8_26_0_, accountmas0_.amdtlu as amdtlu9_26_0_, accountmas0_.amtmlu as amtmlu10_26_0_, accountmas0_.amuidm as amuidm11_26_0_, accountmas0_.amdtlt as amdtlt12_26_0_, accountmas0_.amacid as amacid13_26_0_, accountmas0_.amblc as amblc14_26_0_, accountmas0_.ambpc as ambpc15_26_0_, accountmas0_.amglc01 as amglc16_26_0_, accountmas0_.amglc02 as amglc17_26_0_, accountmas0_.amglc03 as amglc18_26_0_, accountmas0_.amglc04 as amglc19_26_0_, accountmas0_.amglc05 as amglc20_26_0_, accountmas0_.amcrct as amcrct21_26_0_, accountmas0_.amdesb1 as amdesb22_26_0_, accountmas0_.amtmlt as amtmlt23_26_0_, accountmas0_.amlod as amlod24_26_0_, accountmas0_.ammac as ammac25_26_0_, accountmas0_.amoan as amoan26_26_0_, accountmas0_.ampec as ampec27_26_0_ from t0901 accountmas0_ where accountmas0_.ambuid=? and accountmas0_.amcoid=? and accountmas0_.amobj=? and accountmas0_.amsub=?
Hibernate: delete from t0016d where mlcoid=? and mldmno=? and mldocoty=? and mldocty=? and mlglcls=? and mlcsty=?
Hibernate: delete from t0016d where mlcoid=? and mldmno=? and mldocoty=? and mldocty=? and mlglcls=? and mlcsty=?
Hibernate: delete from t0016d where mlcoid=? and mldmno=? and mldocoty=? and mldocty=? and mlglcls=? and mlcsty=?
Hibernate: delete from t0016 where mkdmno=?
Hibernate: select dmaaiheade0_.mkdmno as mkdmno1_6_0_, dmaaiheade0_.mkdesb1 as mkdesb2_6_0_, dmaaiheade0_.mkdesb2 as mkdesb3_6_0_, dmaaiheade0_.mkpec as mkpec4_6_0_, dmaaiheade0_.mklod as mklod5_6_0_, dmaaiheade0_.mkmfac as mkmfac6_6_0_ from t0016 dmaaiheade0_ where dmaaiheade0_.mkdmno=?
Hibernate: select dmaaidetai0_.mlcoid as mlcoid1_7_0_, dmaaidetai0_.mldmno as mldmno2_7_0_, dmaaidetai0_.mldocoty as mldocoty3_7_0_, dmaaidetai0_.mldocty as mldocty4_7_0_, dmaaidetai0_.mlglcls as mlglcls5_7_0_, dmaaidetai0_.mlcsty as mlcsty6_7_0_, dmaaidetai0_.mlcid as mlcid7_7_0_, dmaaidetai0_.mldtin as mldtin8_7_0_, dmaaidetai0_.mltmin as mltmin9_7_0_, dmaaidetai0_.mluid as mluid10_7_0_, dmaaidetai0_.mldtlu as mldtlu11_7_0_, dmaaidetai0_.mltmlu as mltmlu12_7_0_, dmaaidetai0_.mluidm as mluidm13_7_0_, dmaaidetai0_.mlobj as mlobj19_7_0_, dmaaidetai0_.mlbuid as mlbuid14_7_0_, dmaaidetai0_.mlsub as mlsub20_7_0_, dmaaidetai0_.mldesb1 as mldesb15_7_0_, dmaaidetai0_.mldesb2 as mldesb16_7_0_, dmaaidetai0_.mldesb3 as mldesb17_7_0_, dmaaidetai0_.mldesb4 as mldesb18_7_0_ from t0016d dmaaidetai0_ where dmaaidetai0_.mlcoid=? and dmaaidetai0_.mldmno=? and dmaaidetai0_.mldocoty=? and dmaaidetai0_.mldocty=? and dmaaidetai0_.mlglcls=? and dmaaidetai0_.mlcsty=?
2018-12-14 17:35:57.076  INFO 9212 --- [    Test worker] o.s.t.c.transaction.TransactionContext   : Rolled back transaction for test: [DefaultTestContext@68619fc3 testClass = DMAAIHeaderTest, testInstance = ags.goldenlionerp.apiTests.setups.DMAAIHeaderTest@b4a7892, testMethod = deleteTest@DMAAIHeaderTest, testException = [null], mergedContextConfiguration = [WebMergedContextConfiguration@6d31be39 testClass = DMAAIHeaderTest, locations = '{}', classes = '{class ags.goldenlionerp.GoldenLionErpApplication}', contextInitializerClasses = '[]', activeProfiles = '{}', propertySourceLocations = '{classpath:test.properties}', propertySourceProperties = '{org.springframework.boot.test.context.SpringBootTestContextBootstrapper=true}', contextCustomizers = set[org.springframework.boot.test.autoconfigure.properties.PropertyMappingContextCustomizer@0, org.springframework.boot.test.autoconfigure.web.servlet.WebDriverContextCustomizerFactory$Customizer@636d731e, [ImportsContextCustomizer@404211ab key = [ags.goldenlionerp.apiTests.ApiTestBase$TestConfig]], org.springframework.boot.test.context.filter.ExcludeFilterContextCustomizer@6afa5291, org.springframework.boot.test.json.DuplicateJsonObjectContextCustomizerFactory$DuplicateJsonObjectContextCustomizer@20cebcb4, org.springframework.boot.test.mock.mockito.MockitoContextCustomizer@0, org.springframework.boot.test.web.client.TestRestTemplateContextCustomizer@49a32273], resourceBasePath = 'src/main/webapp', contextLoader = 'org.springframework.boot.test.context.SpringBootContextLoader', parent = [null]], attributes = map['org.springframework.test.context.web.ServletTestExecutionListener.activateListener' -> true, 'org.springframework.test.context.web.ServletTestExecutionListener.populatedRequestContextHolder' -> true, 'org.springframework.test.context.web.ServletTestExecutionListener.resetRequestContextHolder' -> true]]
2018-12-14 17:35:57.091  INFO 9212 --- [    Test worker] o.s.t.c.transaction.TransactionContext   : Began transaction (1) for test context [DefaultTestContext@68619fc3 testClass = DMAAIHeaderTest, testInstance = ags.goldenlionerp.apiTests.setups.DMAAIHeaderTest@29f7ea34, testMethod = updateTestWithPut@ApiTestBase, testException = [null], mergedContextConfiguration = [WebMergedContextConfiguration@6d31be39 testClass = DMAAIHeaderTest, locations = '{}', classes = '{class ags.goldenlionerp.GoldenLionErpApplication}', contextInitializerClasses = '[]', activeProfiles = '{}', propertySourceLocations = '{classpath:test.properties}', propertySourceProperties = '{org.springframework.boot.test.context.SpringBootTestContextBootstrapper=true}', contextCustomizers = set[org.springframework.boot.test.autoconfigure.properties.PropertyMappingContextCustomizer@0, org.springframework.boot.test.autoconfigure.web.servlet.WebDriverContextCustomizerFactory$Customizer@636d731e, [ImportsContextCustomizer@404211ab key = [ags.goldenlionerp.apiTests.ApiTestBase$TestConfig]], org.springframework.boot.test.context.filter.ExcludeFilterContextCustomizer@6afa5291, org.springframework.boot.test.json.DuplicateJsonObjectContextCustomizerFactory$DuplicateJsonObjectContextCustomizer@20cebcb4, org.springframework.boot.test.mock.mockito.MockitoContextCustomizer@0, org.springframework.boot.test.web.client.TestRestTemplateContextCustomizer@49a32273], resourceBasePath = 'src/main/webapp', contextLoader = 'org.springframework.boot.test.context.SpringBootContextLoader', parent = [null]], attributes = map['org.springframework.test.context.web.ServletTestExecutionListener.activateListener' -> true, 'org.springframework.test.context.web.ServletTestExecutionListener.populatedRequestContextHolder' -> true, 'org.springframework.test.context.web.ServletTestExecutionListener.resetRequestContextHolder' -> true]]; transaction manager [org.springframework.orm.jpa.JpaTransactionManager@76f112e2]; rollback [true]
2018-12-14 17:35:57.091  INFO 9212 --- [    Test worker] o.s.b.t.m.w.SpringBootMockServletContext : Initializing Spring FrameworkServlet ''
2018-12-14 17:35:57.091  INFO 9212 --- [    Test worker] o.s.t.web.servlet.TestDispatcherServlet  : FrameworkServlet '': initialization started
2018-12-14 17:35:57.091  INFO 9212 --- [    Test worker] o.s.t.web.servlet.TestDispatcherServlet  : FrameworkServlet '': initialization completed in 0 ms
Hibernate: select dmaaiheade0_.mkdmno as mkdmno1_6_0_, dmaaiheade0_.mkdesb1 as mkdesb2_6_0_, dmaaiheade0_.mkdesb2 as mkdesb3_6_0_, dmaaiheade0_.mkpec as mkpec4_6_0_, dmaaiheade0_.mklod as mklod5_6_0_, dmaaiheade0_.mkmfac as mkmfac6_6_0_ from t0016 dmaaiheade0_ where dmaaiheade0_.mkdmno=?
2018-12-14 17:35:57.107  INFO 9212 --- [    Test worker] o.s.t.c.transaction.TransactionContext   : Rolled back transaction for test: [DefaultTestContext@68619fc3 testClass = DMAAIHeaderTest, testInstance = ags.goldenlionerp.apiTests.setups.DMAAIHeaderTest@29f7ea34, testMethod = updateTestWithPut@ApiTestBase, testException = [null], mergedContextConfiguration = [WebMergedContextConfiguration@6d31be39 testClass = DMAAIHeaderTest, locations = '{}', classes = '{class ags.goldenlionerp.GoldenLionErpApplication}', contextInitializerClasses = '[]', activeProfiles = '{}', propertySourceLocations = '{classpath:test.properties}', propertySourceProperties = '{org.springframework.boot.test.context.SpringBootTestContextBootstrapper=true}', contextCustomizers = set[org.springframework.boot.test.autoconfigure.properties.PropertyMappingContextCustomizer@0, org.springframework.boot.test.autoconfigure.web.servlet.WebDriverContextCustomizerFactory$Customizer@636d731e, [ImportsContextCustomizer@404211ab key = [ags.goldenlionerp.apiTests.ApiTestBase$TestConfig]], org.springframework.boot.test.context.filter.ExcludeFilterContextCustomizer@6afa5291, org.springframework.boot.test.json.DuplicateJsonObjectContextCustomizerFactory$DuplicateJsonObjectContextCustomizer@20cebcb4, org.springframework.boot.test.mock.mockito.MockitoContextCustomizer@0, org.springframework.boot.test.web.client.TestRestTemplateContextCustomizer@49a32273], resourceBasePath = 'src/main/webapp', contextLoader = 'org.springframework.boot.test.context.SpringBootContextLoader', parent = [null]], attributes = map['org.springframework.test.context.web.ServletTestExecutionListener.activateListener' -> true, 'org.springframework.test.context.web.ServletTestExecutionListener.populatedRequestContextHolder' -> true, 'org.springframework.test.context.web.ServletTestExecutionListener.resetRequestContextHolder' -> true]]
2018-12-14 17:35:57.107  INFO 9212 --- [    Test worker] o.s.t.c.transaction.TransactionContext   : Began transaction (1) for test context [DefaultTestContext@68619fc3 testClass = DMAAIHeaderTest, testInstance = ags.goldenlionerp.apiTests.setups.DMAAIHeaderTest@79f5de8c, testMethod = getTestSingle@ApiTestBase, testException = [null], mergedContextConfiguration = [WebMergedContextConfiguration@6d31be39 testClass = DMAAIHeaderTest, locations = '{}', classes = '{class ags.goldenlionerp.GoldenLionErpApplication}', contextInitializerClasses = '[]', activeProfiles = '{}', propertySourceLocations = '{classpath:test.properties}', propertySourceProperties = '{org.springframework.boot.test.context.SpringBootTestContextBootstrapper=true}', contextCustomizers = set[org.springframework.boot.test.autoconfigure.properties.PropertyMappingContextCustomizer@0, org.springframework.boot.test.autoconfigure.web.servlet.WebDriverContextCustomizerFactory$Customizer@636d731e, [ImportsContextCustomizer@404211ab key = [ags.goldenlionerp.apiTests.ApiTestBase$TestConfig]], org.springframework.boot.test.context.filter.ExcludeFilterContextCustomizer@6afa5291, org.springframework.boot.test.json.DuplicateJsonObjectContextCustomizerFactory$DuplicateJsonObjectContextCustomizer@20cebcb4, org.springframework.boot.test.mock.mockito.MockitoContextCustomizer@0, org.springframework.boot.test.web.client.TestRestTemplateContextCustomizer@49a32273], resourceBasePath = 'src/main/webapp', contextLoader = 'org.springframework.boot.test.context.SpringBootContextLoader', parent = [null]], attributes = map['org.springframework.test.context.web.ServletTestExecutionListener.activateListener' -> true, 'org.springframework.test.context.web.ServletTestExecutionListener.populatedRequestContextHolder' -> true, 'org.springframework.test.context.web.ServletTestExecutionListener.resetRequestContextHolder' -> true]]; transaction manager [org.springframework.orm.jpa.JpaTransactionManager@76f112e2]; rollback [true]
2018-12-14 17:35:57.107  INFO 9212 --- [    Test worker] o.s.b.t.m.w.SpringBootMockServletContext : Initializing Spring FrameworkServlet ''
2018-12-14 17:35:57.107  INFO 9212 --- [    Test worker] o.s.t.web.servlet.TestDispatcherServlet  : FrameworkServlet '': initialization started
2018-12-14 17:35:57.107  INFO 9212 --- [    Test worker] o.s.t.web.servlet.TestDispatcherServlet  : FrameworkServlet '': initialization completed in 0 ms
Hibernate: select dmaaiheade0_.mkdmno as mkdmno1_6_0_, dmaaiheade0_.mkdesb1 as mkdesb2_6_0_, dmaaiheade0_.mkdesb2 as mkdesb3_6_0_, dmaaiheade0_.mkpec as mkpec4_6_0_, dmaaiheade0_.mklod as mklod5_6_0_, dmaaiheade0_.mkmfac as mkmfac6_6_0_ from t0016 dmaaiheade0_ where dmaaiheade0_.mkdmno=?
Hibernate: select details0_.mldmno as mldmno2_7_0_, details0_.mlcoid as mlcoid1_7_0_, details0_.mldocoty as mldocoty3_7_0_, details0_.mldocty as mldocty4_7_0_, details0_.mlglcls as mlglcls5_7_0_, details0_.mlcsty as mlcsty6_7_0_, details0_.mlcoid as mlcoid1_7_1_, details0_.mldmno as mldmno2_7_1_, details0_.mldocoty as mldocoty3_7_1_, details0_.mldocty as mldocty4_7_1_, details0_.mlglcls as mlglcls5_7_1_, details0_.mlcsty as mlcsty6_7_1_, details0_.mlcid as mlcid7_7_1_, details0_.mldtin as mldtin8_7_1_, details0_.mltmin as mltmin9_7_1_, details0_.mluid as mluid10_7_1_, details0_.mldtlu as mldtlu11_7_1_, details0_.mltmlu as mltmlu12_7_1_, details0_.mluidm as mluidm13_7_1_, details0_.mlobj as mlobj19_7_1_, details0_.mlbuid as mlbuid14_7_1_, details0_.mlsub as mlsub20_7_1_, details0_.mldesb1 as mldesb15_7_1_, details0_.mldesb2 as mldesb16_7_1_, details0_.mldesb3 as mldesb17_7_1_, details0_.mldesb4 as mldesb18_7_1_ from t0016d details0_ where details0_.mldmno=?
Hibernate: select chartofacc0_.oaobj as oaobj1_25_0_, chartofacc0_.oacid as oacid2_25_0_, chartofacc0_.oadtin as oadtin3_25_0_, chartofacc0_.oatmin as oatmin4_25_0_, chartofacc0_.oauid as oauid5_25_0_, chartofacc0_.oadtlu as oadtlu6_25_0_, chartofacc0_.oatmlu as oatmlu7_25_0_, chartofacc0_.oauidm as oauidm8_25_0_, chartofacc0_.oablc as oablc9_25_0_, chartofacc0_.oacoid as oacoid10_25_0_, chartofacc0_.oadesb1 as oadesb11_25_0_, chartofacc0_.oadesc1 as oadesc12_25_0_, chartofacc0_.oalod as oalod13_25_0_, chartofacc0_.oapec as oapec14_25_0_ from t0900 chartofacc0_ where chartofacc0_.oaobj=?
Hibernate: select accountmas0_.ambuid as ambuid1_26_0_, accountmas0_.amcoid as amcoid2_26_0_, accountmas0_.amobj as amobj3_26_0_, accountmas0_.amsub as amsub4_26_0_, accountmas0_.amcid as amcid5_26_0_, accountmas0_.amdtin as amdtin6_26_0_, accountmas0_.amtmin as amtmin7_26_0_, accountmas0_.amuid as amuid8_26_0_, accountmas0_.amdtlu as amdtlu9_26_0_, accountmas0_.amtmlu as amtmlu10_26_0_, accountmas0_.amuidm as amuidm11_26_0_, accountmas0_.amdtlt as amdtlt12_26_0_, accountmas0_.amacid as amacid13_26_0_, accountmas0_.amblc as amblc14_26_0_, accountmas0_.ambpc as ambpc15_26_0_, accountmas0_.amglc01 as amglc16_26_0_, accountmas0_.amglc02 as amglc17_26_0_, accountmas0_.amglc03 as amglc18_26_0_, accountmas0_.amglc04 as amglc19_26_0_, accountmas0_.amglc05 as amglc20_26_0_, accountmas0_.amcrct as amcrct21_26_0_, accountmas0_.amdesb1 as amdesb22_26_0_, accountmas0_.amtmlt as amtmlt23_26_0_, accountmas0_.amlod as amlod24_26_0_, accountmas0_.ammac as ammac25_26_0_, accountmas0_.amoan as amoan26_26_0_, accountmas0_.ampec as ampec27_26_0_ from t0901 accountmas0_ where accountmas0_.ambuid=? and accountmas0_.amcoid=? and accountmas0_.amobj=? and accountmas0_.amsub=?
Hibernate: select chartofacc0_.oaobj as oaobj1_25_0_, chartofacc0_.oacid as oacid2_25_0_, chartofacc0_.oadtin as oadtin3_25_0_, chartofacc0_.oatmin as oatmin4_25_0_, chartofacc0_.oauid as oauid5_25_0_, chartofacc0_.oadtlu as oadtlu6_25_0_, chartofacc0_.oatmlu as oatmlu7_25_0_, chartofacc0_.oauidm as oauidm8_25_0_, chartofacc0_.oablc as oablc9_25_0_, chartofacc0_.oacoid as oacoid10_25_0_, chartofacc0_.oadesb1 as oadesb11_25_0_, chartofacc0_.oadesc1 as oadesc12_25_0_, chartofacc0_.oalod as oalod13_25_0_, chartofacc0_.oapec as oapec14_25_0_ from t0900 chartofacc0_ where chartofacc0_.oaobj=?
Hibernate: select accountmas0_.ambuid as ambuid1_26_0_, accountmas0_.amcoid as amcoid2_26_0_, accountmas0_.amobj as amobj3_26_0_, accountmas0_.amsub as amsub4_26_0_, accountmas0_.amcid as amcid5_26_0_, accountmas0_.amdtin as amdtin6_26_0_, accountmas0_.amtmin as amtmin7_26_0_, accountmas0_.amuid as amuid8_26_0_, accountmas0_.amdtlu as amdtlu9_26_0_, accountmas0_.amtmlu as amtmlu10_26_0_, accountmas0_.amuidm as amuidm11_26_0_, accountmas0_.amdtlt as amdtlt12_26_0_, accountmas0_.amacid as amacid13_26_0_, accountmas0_.amblc as amblc14_26_0_, accountmas0_.ambpc as ambpc15_26_0_, accountmas0_.amglc01 as amglc16_26_0_, accountmas0_.amglc02 as amglc17_26_0_, accountmas0_.amglc03 as amglc18_26_0_, accountmas0_.amglc04 as amglc19_26_0_, accountmas0_.amglc05 as amglc20_26_0_, accountmas0_.amcrct as amcrct21_26_0_, accountmas0_.amdesb1 as amdesb22_26_0_, accountmas0_.amtmlt as amtmlt23_26_0_, accountmas0_.amlod as amlod24_26_0_, accountmas0_.ammac as ammac25_26_0_, accountmas0_.amoan as amoan26_26_0_, accountmas0_.ampec as ampec27_26_0_ from t0901 accountmas0_ where accountmas0_.ambuid=? and accountmas0_.amcoid=? and accountmas0_.amobj=? and accountmas0_.amsub=?
Hibernate: select chartofacc0_.oaobj as oaobj1_25_0_, chartofacc0_.oacid as oacid2_25_0_, chartofacc0_.oadtin as oadtin3_25_0_, chartofacc0_.oatmin as oatmin4_25_0_, chartofacc0_.oauid as oauid5_25_0_, chartofacc0_.oadtlu as oadtlu6_25_0_, chartofacc0_.oatmlu as oatmlu7_25_0_, chartofacc0_.oauidm as oauidm8_25_0_, chartofacc0_.oablc as oablc9_25_0_, chartofacc0_.oacoid as oacoid10_25_0_, chartofacc0_.oadesb1 as oadesb11_25_0_, chartofacc0_.oadesc1 as oadesc12_25_0_, chartofacc0_.oalod as oalod13_25_0_, chartofacc0_.oapec as oapec14_25_0_ from t0900 chartofacc0_ where chartofacc0_.oaobj=?
Hibernate: select accountmas0_.ambuid as ambuid1_26_0_, accountmas0_.amcoid as amcoid2_26_0_, accountmas0_.amobj as amobj3_26_0_, accountmas0_.amsub as amsub4_26_0_, accountmas0_.amcid as amcid5_26_0_, accountmas0_.amdtin as amdtin6_26_0_, accountmas0_.amtmin as amtmin7_26_0_, accountmas0_.amuid as amuid8_26_0_, accountmas0_.amdtlu as amdtlu9_26_0_, accountmas0_.amtmlu as amtmlu10_26_0_, accountmas0_.amuidm as amuidm11_26_0_, accountmas0_.amdtlt as amdtlt12_26_0_, accountmas0_.amacid as amacid13_26_0_, accountmas0_.amblc as amblc14_26_0_, accountmas0_.ambpc as ambpc15_26_0_, accountmas0_.amglc01 as amglc16_26_0_, accountmas0_.amglc02 as amglc17_26_0_, accountmas0_.amglc03 as amglc18_26_0_, accountmas0_.amglc04 as amglc19_26_0_, accountmas0_.amglc05 as amglc20_26_0_, accountmas0_.amcrct as amcrct21_26_0_, accountmas0_.amdesb1 as amdesb22_26_0_, accountmas0_.amtmlt as amtmlt23_26_0_, accountmas0_.amlod as amlod24_26_0_, accountmas0_.ammac as ammac25_26_0_, accountmas0_.amoan as amoan26_26_0_, accountmas0_.ampec as ampec27_26_0_ from t0901 accountmas0_ where accountmas0_.ambuid=? and accountmas0_.amcoid=? and accountmas0_.amobj=? and accountmas0_.amsub=?
2018-12-14 17:35:57.154  INFO 9212 --- [    Test worker] o.s.t.c.transaction.TransactionContext   : Rolled back transaction for test: [DefaultTestContext@68619fc3 testClass = DMAAIHeaderTest, testInstance = ags.goldenlionerp.apiTests.setups.DMAAIHeaderTest@79f5de8c, testMethod = getTestSingle@ApiTestBase, testException = [null], mergedContextConfiguration = [WebMergedContextConfiguration@6d31be39 testClass = DMAAIHeaderTest, locations = '{}', classes = '{class ags.goldenlionerp.GoldenLionErpApplication}', contextInitializerClasses = '[]', activeProfiles = '{}', propertySourceLocations = '{classpath:test.properties}', propertySourceProperties = '{org.springframework.boot.test.context.SpringBootTestContextBootstrapper=true}', contextCustomizers = set[org.springframework.boot.test.autoconfigure.properties.PropertyMappingContextCustomizer@0, org.springframework.boot.test.autoconfigure.web.servlet.WebDriverContextCustomizerFactory$Customizer@636d731e, [ImportsContextCustomizer@404211ab key = [ags.goldenlionerp.apiTests.ApiTestBase$TestConfig]], org.springframework.boot.test.context.filter.ExcludeFilterContextCustomizer@6afa5291, org.springframework.boot.test.json.DuplicateJsonObjectContextCustomizerFactory$DuplicateJsonObjectContextCustomizer@20cebcb4, org.springframework.boot.test.mock.mockito.MockitoContextCustomizer@0, org.springframework.boot.test.web.client.TestRestTemplateContextCustomizer@49a32273], resourceBasePath = 'src/main/webapp', contextLoader = 'org.springframework.boot.test.context.SpringBootContextLoader', parent = [null]], attributes = map['org.springframework.test.context.web.ServletTestExecutionListener.activateListener' -> true, 'org.springframework.test.context.web.ServletTestExecutionListener.populatedRequestContextHolder' -> true, 'org.springframework.test.context.web.ServletTestExecutionListener.resetRequestContextHolder' -> true]]
2018-12-14 17:35:57.154  INFO 9212 --- [    Test worker] o.s.t.c.transaction.TransactionContext   : Began transaction (1) for test context [DefaultTestContext@68619fc3 testClass = DMAAIHeaderTest, testInstance = ags.goldenlionerp.apiTests.setups.DMAAIHeaderTest@1a417454, testMethod = updateTestWithPatch@ApiTestBase, testException = [null], mergedContextConfiguration = [WebMergedContextConfiguration@6d31be39 testClass = DMAAIHeaderTest, locations = '{}', classes = '{class ags.goldenlionerp.GoldenLionErpApplication}', contextInitializerClasses = '[]', activeProfiles = '{}', propertySourceLocations = '{classpath:test.properties}', propertySourceProperties = '{org.springframework.boot.test.context.SpringBootTestContextBootstrapper=true}', contextCustomizers = set[org.springframework.boot.test.autoconfigure.properties.PropertyMappingContextCustomizer@0, org.springframework.boot.test.autoconfigure.web.servlet.WebDriverContextCustomizerFactory$Customizer@636d731e, [ImportsContextCustomizer@404211ab key = [ags.goldenlionerp.apiTests.ApiTestBase$TestConfig]], org.springframework.boot.test.context.filter.ExcludeFilterContextCustomizer@6afa5291, org.springframework.boot.test.json.DuplicateJsonObjectContextCustomizerFactory$DuplicateJsonObjectContextCustomizer@20cebcb4, org.springframework.boot.test.mock.mockito.MockitoContextCustomizer@0, org.springframework.boot.test.web.client.TestRestTemplateContextCustomizer@49a32273], resourceBasePath = 'src/main/webapp', contextLoader = 'org.springframework.boot.test.context.SpringBootContextLoader', parent = [null]], attributes = map['org.springframework.test.context.web.ServletTestExecutionListener.activateListener' -> true, 'org.springframework.test.context.web.ServletTestExecutionListener.populatedRequestContextHolder' -> true, 'org.springframework.test.context.web.ServletTestExecutionListener.resetRequestContextHolder' -> true]]; transaction manager [org.springframework.orm.jpa.JpaTransactionManager@76f112e2]; rollback [true]
2018-12-14 17:35:57.154  INFO 9212 --- [    Test worker] o.s.b.t.m.w.SpringBootMockServletContext : Initializing Spring FrameworkServlet ''
2018-12-14 17:35:57.154  INFO 9212 --- [    Test worker] o.s.t.web.servlet.TestDispatcherServlet  : FrameworkServlet '': initialization started
2018-12-14 17:35:57.154  INFO 9212 --- [    Test worker] o.s.t.web.servlet.TestDispatcherServlet  : FrameworkServlet '': initialization completed in 0 ms
Hibernate: select dmaaiheade0_.mkdmno as mkdmno1_6_0_, dmaaiheade0_.mkdesb1 as mkdesb2_6_0_, dmaaiheade0_.mkdesb2 as mkdesb3_6_0_, dmaaiheade0_.mkpec as mkpec4_6_0_, dmaaiheade0_.mklod as mklod5_6_0_, dmaaiheade0_.mkmfac as mkmfac6_6_0_ from t0016 dmaaiheade0_ where dmaaiheade0_.mkdmno=?
Hibernate: update t0016 set mkdesb1=?, mkdesb2=?, mkpec=?, mklod=?, mkmfac=? where mkdmno=?
Hibernate: select dmaaiheade0_.mkdmno as mkdmno1_6_0_, dmaaiheade0_.mkdesb1 as mkdesb2_6_0_, dmaaiheade0_.mkdesb2 as mkdesb3_6_0_, dmaaiheade0_.mkpec as mkpec4_6_0_, dmaaiheade0_.mklod as mklod5_6_0_, dmaaiheade0_.mkmfac as mkmfac6_6_0_ from t0016 dmaaiheade0_ where dmaaiheade0_.mkdmno=?
2018-12-14 17:35:57.201  INFO 9212 --- [    Test worker] o.s.t.c.transaction.TransactionContext   : Rolled back transaction for test: [DefaultTestContext@68619fc3 testClass = DMAAIHeaderTest, testInstance = ags.goldenlionerp.apiTests.setups.DMAAIHeaderTest@1a417454, testMethod = updateTestWithPatch@ApiTestBase, testException = [null], mergedContextConfiguration = [WebMergedContextConfiguration@6d31be39 testClass = DMAAIHeaderTest, locations = '{}', classes = '{class ags.goldenlionerp.GoldenLionErpApplication}', contextInitializerClasses = '[]', activeProfiles = '{}', propertySourceLocations = '{classpath:test.properties}', propertySourceProperties = '{org.springframework.boot.test.context.SpringBootTestContextBootstrapper=true}', contextCustomizers = set[org.springframework.boot.test.autoconfigure.properties.PropertyMappingContextCustomizer@0, org.springframework.boot.test.autoconfigure.web.servlet.WebDriverContextCustomizerFactory$Customizer@636d731e, [ImportsContextCustomizer@404211ab key = [ags.goldenlionerp.apiTests.ApiTestBase$TestConfig]], org.springframework.boot.test.context.filter.ExcludeFilterContextCustomizer@6afa5291, org.springframework.boot.test.json.DuplicateJsonObjectContextCustomizerFactory$DuplicateJsonObjectContextCustomizer@20cebcb4, org.springframework.boot.test.mock.mockito.MockitoContextCustomizer@0, org.springframework.boot.test.web.client.TestRestTemplateContextCustomizer@49a32273], resourceBasePath = 'src/main/webapp', contextLoader = 'org.springframework.boot.test.context.SpringBootContextLoader', parent = [null]], attributes = map['org.springframework.test.context.web.ServletTestExecutionListener.activateListener' -> true, 'org.springframework.test.context.web.ServletTestExecutionListener.populatedRequestContextHolder' -> true, 'org.springframework.test.context.web.ServletTestExecutionListener.resetRequestContextHolder' -> true]]
2018-12-14 17:35:57.201  INFO 9212 --- [    Test worker] o.s.t.c.transaction.TransactionContext   : Began transaction (1) for test context [DefaultTestContext@68619fc3 testClass = DMAAIHeaderTest, testInstance = ags.goldenlionerp.apiTests.setups.DMAAIHeaderTest@6a85b928, testMethod = getTestCollection@ApiTestBase, testException = [null], mergedContextConfiguration = [WebMergedContextConfiguration@6d31be39 testClass = DMAAIHeaderTest, locations = '{}', classes = '{class ags.goldenlionerp.GoldenLionErpApplication}', contextInitializerClasses = '[]', activeProfiles = '{}', propertySourceLocations = '{classpath:test.properties}', propertySourceProperties = '{org.springframework.boot.test.context.SpringBootTestContextBootstrapper=true}', contextCustomizers = set[org.springframework.boot.test.autoconfigure.properties.PropertyMappingContextCustomizer@0, org.springframework.boot.test.autoconfigure.web.servlet.WebDriverContextCustomizerFactory$Customizer@636d731e, [ImportsContextCustomizer@404211ab key = [ags.goldenlionerp.apiTests.ApiTestBase$TestConfig]], org.springframework.boot.test.context.filter.ExcludeFilterContextCustomizer@6afa5291, org.springframework.boot.test.json.DuplicateJsonObjectContextCustomizerFactory$DuplicateJsonObjectContextCustomizer@20cebcb4, org.springframework.boot.test.mock.mockito.MockitoContextCustomizer@0, org.springframework.boot.test.web.client.TestRestTemplateContextCustomizer@49a32273], resourceBasePath = 'src/main/webapp', contextLoader = 'org.springframework.boot.test.context.SpringBootContextLoader', parent = [null]], attributes = map['org.springframework.test.context.web.ServletTestExecutionListener.activateListener' -> true, 'org.springframework.test.context.web.ServletTestExecutionListener.populatedRequestContextHolder' -> true, 'org.springframework.test.context.web.ServletTestExecutionListener.resetRequestContextHolder' -> true]]; transaction manager [org.springframework.orm.jpa.JpaTransactionManager@76f112e2]; rollback [true]
2018-12-14 17:35:57.201  INFO 9212 --- [    Test worker] o.s.b.t.m.w.SpringBootMockServletContext : Initializing Spring FrameworkServlet ''
2018-12-14 17:35:57.201  INFO 9212 --- [    Test worker] o.s.t.web.servlet.TestDispatcherServlet  : FrameworkServlet '': initialization started
2018-12-14 17:35:57.201  INFO 9212 --- [    Test worker] o.s.t.web.servlet.TestDispatcherServlet  : FrameworkServlet '': initialization completed in 0 ms
Hibernate: select TOP(?) dmaaiheade0_.mkdmno as mkdmno1_6_, dmaaiheade0_.mkdesb1 as mkdesb2_6_, dmaaiheade0_.mkdesb2 as mkdesb3_6_, dmaaiheade0_.mkpec as mkpec4_6_, dmaaiheade0_.mklod as mklod5_6_, dmaaiheade0_.mkmfac as mkmfac6_6_ from t0016 dmaaiheade0_
Hibernate: select count(dmaaiheade0_.mkdmno) as col_0_0_ from t0016 dmaaiheade0_

MockHttpServletRequest:
      HTTP Method = GET
      Request URI = /api/dmaai/
       Parameters = {}
          Headers = {Accept=[application/json]}
             Body = <no character encoding set>
    Session Attrs = {org.springframework.security.web.csrf.HttpSessionCsrfTokenRepository.CSRF_TOKEN=org.springframework.security.web.csrf.DefaultCsrfToken@43e8011f, SPRING_SECURITY_CONTEXT=org.springframework.security.core.context.SecurityContextImpl@475fcd89: Authentication: org.springframework.security.authentication.UsernamePasswordAuthenticationToken@475fcd89: Principal: org.springframework.security.core.userdetails.User@f02988d6: Username: username; Password: [PROTECTED]; Enabled: true; AccountNonExpired: true; credentialsNonExpired: true; AccountNonLocked: true; Not granted any authorities; Credentials: [PROTECTED]; Authenticated: true; Details: null; Not granted any authorities}

Handler:
             Type = org.springframework.data.rest.webmvc.RepositoryEntityController
           Method = public org.springframework.hateoas.Resources<?> org.springframework.data.rest.webmvc.RepositoryEntityController.getCollectionResource(org.springframework.data.rest.webmvc.RootResourceInformation,org.springframework.data.rest.webmvc.support.DefaultedPageable,org.springframework.data.domain.Sort,org.springframework.data.rest.webmvc.PersistentEntityResourceAssembler) throws org.springframework.data.rest.webmvc.ResourceNotFoundException,org.springframework.web.HttpRequestMethodNotSupportedException

Async:
    Async started = false
     Async result = null

Resolved Exception:
             Type = null

ModelAndView:
        View name = null
             View = null
            Model = null

FlashMap:
       Attributes = null

MockHttpServletResponse:
           Status = 200
    Error message = null
          Headers = {Content-Type=[application/json;charset=UTF-8], X-Content-Type-Options=[nosniff], X-XSS-Protection=[1; mode=block], Cache-Control=[no-cache, no-store, max-age=0, must-revalidate], Pragma=[no-cache], Expires=[0], X-Frame-Options=[DENY]}
     Content type = application/json;charset=UTF-8
             Body = {
  "_embedded" : {
    "dmaai" : [ {
      "dmaaiNo" : 3000,
      "description1" : "Manufacturing",
      "description2" : "",
      "hasPostingEditCode" : false,
      "levelOfDetail" : 0,
      "multiplyFactor" : 1.000000000,
      "id" : 3000,
      "_links" : {
        "self" : {
          "href" : "http://localhost/api/dmaai/3000"
        },
        "dMAAIHeader" : {
          "href" : "http://localhost/api/dmaai/3000"
        },
        "details" : {
          "href" : "http://localhost/api/dmaai/3000/details"
        }
      }
    }, {
      "dmaaiNo" : 3110,
      "description1" : "Inventory Raw material",
      "description2" : "",
      "hasPostingEditCode" : true,
      "levelOfDetail" : 3,
      "multiplyFactor" : -1.000000000,
      "id" : 3110,
      "_links" : {
        "self" : {
          "href" : "http://localhost/api/dmaai/3110"
        },
        "dMAAIHeader" : {
          "href" : "http://localhost/api/dmaai/3110"
        },
        "details" : {
          "href" : "http://localhost/api/dmaai/3110/details"
        }
      }
    }, {
      "dmaaiNo" : 3120,
      "description1" : "Work In Process",
      "description2" : "",
      "hasPostingEditCode" : true,
      "levelOfDetail" : 3,
      "multiplyFactor" : 1.000000000,
      "id" : 3120,
      "_links" : {
        "self" : {
          "href" : "http://localhost/api/dmaai/3120"
        },
        "dMAAIHeader" : {
          "href" : "http://localhost/api/dmaai/3120"
        },
        "details" : {
          "href" : "http://localhost/api/dmaai/3120/details"
        }
      }
    }, {
      "dmaaiNo" : 3130,
      "description1" : "Routing Cost",
      "description2" : "Tenaga Kerja dan Machine",
      "hasPostingEditCode" : true,
      "levelOfDetail" : 3,
      "multiplyFactor" : -1.000000000,
      "id" : 3130,
      "_links" : {
        "self" : {
          "href" : "http://localhost/api/dmaai/3130"
        },
        "dMAAIHeader" : {
          "href" : "http://localhost/api/dmaai/3130"
        },
        "details" : {
          "href" : "http://localhost/api/dmaai/3130/details"
        }
      }
    }, {
      "dmaaiNo" : 3150,
      "description1" : "Finished Good",
      "description2" : "",
      "hasPostingEditCode" : true,
      "levelOfDetail" : 3,
      "multiplyFactor" : 1.000000000,
      "id" : 3150,
      "_links" : {
        "self" : {
          "href" : "http://localhost/api/dmaai/3150"
        },
        "dMAAIHeader" : {
          "href" : "http://localhost/api/dmaai/3150"
        },
        "details" : {
          "href" : "http://localhost/api/dmaai/3150/details"
        }
      }
    }, {
      "dmaaiNo" : 3200,
      "description1" : "Grower Management",
      "description2" : "(*** LEBIH BAIK di MERGE ke MANUFACTURING)",
      "hasPostingEditCode" : false,
      "levelOfDetail" : 0,
      "multiplyFactor" : 1.000000000,
      "id" : 3200,
      "_links" : {
        "self" : {
          "href" : "http://localhost/api/dmaai/3200"
        },
        "dMAAIHeader" : {
          "href" : "http://localhost/api/dmaai/3200"
        },
        "details" : {
          "href" : "http://localhost/api/dmaai/3200/details"
        }
      }
    }, {
      "dmaaiNo" : 3210,
      "description1" : "Inventory",
      "description2" : "",
      "hasPostingEditCode" : true,
      "levelOfDetail" : 3,
      "multiplyFactor" : -1.000000000,
      "id" : 3210,
      "_links" : {
        "self" : {
          "href" : "http://localhost/api/dmaai/3210"
        },
        "dMAAIHeader" : {
          "href" : "http://localhost/api/dmaai/3210"
        },
        "details" : {
          "href" : "http://localhost/api/dmaai/3210/details"
        }
      }
    }, {
      "dmaaiNo" : 3220,
      "description1" : "Work In Proccess",
      "description2" : "",
      "hasPostingEditCode" : true,
      "levelOfDetail" : 3,
      "multiplyFactor" : 1.000000000,
      "id" : 3220,
      "_links" : {
        "self" : {
          "href" : "http://localhost/api/dmaai/3220"
        },
        "dMAAIHeader" : {
          "href" : "http://localhost/api/dmaai/3220"
        },
        "details" : {
          "href" : "http://localhost/api/dmaai/3220/details"
        }
      }
    }, {
      "dmaaiNo" : 3230,
      "description1" : "Operation Cost",
      "description2" : "",
      "hasPostingEditCode" : true,
      "levelOfDetail" : 3,
      "multiplyFactor" : -1.000000000,
      "id" : 3230,
      "_links" : {
        "self" : {
          "href" : "http://localhost/api/dmaai/3230"
        },
        "dMAAIHeader" : {
          "href" : "http://localhost/api/dmaai/3230"
        },
        "details" : {
          "href" : "http://localhost/api/dmaai/3230/details"
        }
      }
    }, {
      "dmaaiNo" : 3250,
      "description1" : "Finished Good",
      "description2" : "",
      "hasPostingEditCode" : true,
      "levelOfDetail" : 3,
      "multiplyFactor" : 1.000000000,
      "id" : 3250,
      "_links" : {
        "self" : {
          "href" : "http://localhost/api/dmaai/3250"
        },
        "dMAAIHeader" : {
          "href" : "http://localhost/api/dmaai/3250"
        },
        "details" : {
          "href" : "http://localhost/api/dmaai/3250/details"
        }
      }
    }, {
      "dmaaiNo" : 3300,
      "description1" : "Variance",
      "description2" : "",
      "hasPostingEditCode" : false,
      "levelOfDetail" : 0,
      "multiplyFactor" : 1.000000000,
      "id" : 3300,
      "_links" : {
        "self" : {
          "href" : "http://localhost/api/dmaai/3300"
        },
        "dMAAIHeader" : {
          "href" : "http://localhost/api/dmaai/3300"
        },
        "details" : {
          "href" : "http://localhost/api/dmaai/3300/details"
        }
      }
    }, {
      "dmaaiNo" : 3310,
      "description1" : "Clear Work In Process",
      "description2" : "",
      "hasPostingEditCode" : true,
      "levelOfDetail" : 3,
      "multiplyFactor" : -1.000000000,
      "id" : 3310,
      "_links" : {
        "self" : {
          "href" : "http://localhost/api/dmaai/3310"
        },
        "dMAAIHeader" : {
          "href" : "http://localhost/api/dmaai/3310"
        },
        "details" : {
          "href" : "http://localhost/api/dmaai/3310/details"
        }
      }
    }, {
      "dmaaiNo" : 3320,
      "description1" : "Labor",
      "description2" : "",
      "hasPostingEditCode" : true,
      "levelOfDetail" : 3,
      "multiplyFactor" : 1.000000000,
      "id" : 3320,
      "_links" : {
        "self" : {
          "href" : "http://localhost/api/dmaai/3320"
        },
        "dMAAIHeader" : {
          "href" : "http://localhost/api/dmaai/3320"
        },
        "details" : {
          "href" : "http://localhost/api/dmaai/3320/details"
        }
      }
    }, {
      "dmaaiNo" : 3330,
      "description1" : "Material",
      "description2" : "",
      "hasPostingEditCode" : true,
      "levelOfDetail" : 3,
      "multiplyFactor" : 1.000000000,
      "id" : 3330,
      "_links" : {
        "self" : {
          "href" : "http://localhost/api/dmaai/3330"
        },
        "dMAAIHeader" : {
          "href" : "http://localhost/api/dmaai/3330"
        },
        "details" : {
          "href" : "http://localhost/api/dmaai/3330/details"
        }
      }
    }, {
      "dmaaiNo" : 3380,
      "description1" : "Operational Cost",
      "description2" : "",
      "hasPostingEditCode" : true,
      "levelOfDetail" : 3,
      "multiplyFactor" : 1.000000000,
      "id" : 3380,
      "_links" : {
        "self" : {
          "href" : "http://localhost/api/dmaai/3380"
        },
        "dMAAIHeader" : {
          "href" : "http://localhost/api/dmaai/3380"
        },
        "details" : {
          "href" : "http://localhost/api/dmaai/3380/details"
        }
      }
    }, {
      "dmaaiNo" : 3390,
      "description1" : "Lain-lain",
      "description2" : "",
      "hasPostingEditCode" : true,
      "levelOfDetail" : 3,
      "multiplyFactor" : 1.000000000,
      "id" : 3390,
      "_links" : {
        "self" : {
          "href" : "http://localhost/api/dmaai/3390"
        },
        "dMAAIHeader" : {
          "href" : "http://localhost/api/dmaai/3390"
        },
        "details" : {
          "href" : "http://localhost/api/dmaai/3390/details"
        }
      }
    }, {
      "dmaaiNo" : 3400,
      "description1" : "Accruals",
      "description2" : "Labour/Machine",
      "hasPostingEditCode" : false,
      "levelOfDetail" : 0,
      "multiplyFactor" : 1.000000000,
      "id" : 3400,
      "_links" : {
        "self" : {
          "href" : "http://localhost/api/dmaai/3400"
        },
        "dMAAIHeader" : {
          "href" : "http://localhost/api/dmaai/3400"
        },
        "details" : {
          "href" : "http://localhost/api/dmaai/3400/details"
        }
      }
    }, {
      "dmaaiNo" : 3401,
      "description1" : "Accruals",
      "description2" : "",
      "hasPostingEditCode" : true,
      "levelOfDetail" : 3,
      "multiplyFactor" : -1.000000000,
      "id" : 3401,
      "_links" : {
        "self" : {
          "href" : "http://localhost/api/dmaai/3401"
        },
        "dMAAIHeader" : {
          "href" : "http://localhost/api/dmaai/3401"
        },
        "details" : {
          "href" : "http://localhost/api/dmaai/3401/details"
        }
      }
    }, {
      "dmaaiNo" : 4100,
      "description1" : "Inventory Adjusment",
      "description2" : "",
      "hasPostingEditCode" : false,
      "levelOfDetail" : 0,
      "multiplyFactor" : 1.000000000,
      "id" : 4100,
      "_links" : {
        "self" : {
          "href" : "http://localhost/api/dmaai/4100"
        },
        "dMAAIHeader" : {
          "href" : "http://localhost/api/dmaai/4100"
        },
        "details" : {
          "href" : "http://localhost/api/dmaai/4100/details"
        }
      }
    }, {
      "dmaaiNo" : 4110,
      "description1" : "Adjustment/Issue/Transfer/Reclassment",
      "description2" : "Inventory Transaction",
      "hasPostingEditCode" : false,
      "levelOfDetail" : 1,
      "multiplyFactor" : 1.000000000,
      "id" : 4110,
      "_links" : {
        "self" : {
          "href" : "http://localhost/api/dmaai/4110"
        },
        "dMAAIHeader" : {
          "href" : "http://localhost/api/dmaai/4110"
        },
        "details" : {
          "href" : "http://localhost/api/dmaai/4110/details"
        }
      }
    } ]
  },
  "_links" : {
    "first" : {
      "href" : "http://localhost/api/dmaai?page=0&size=20"
    },
    "self" : {
      "href" : "http://localhost/api/dmaai{?page,size,sort}",
      "templated" : true
    },
    "next" : {
      "href" : "http://localhost/api/dmaai?page=1&size=20"
    },
    "last" : {
      "href" : "http://localhost/api/dmaai?page=3&size=20"
    },
    "profile" : {
      "href" : "http://localhost/api/profile/dmaai"
    }
  },
  "page" : {
    "size" : 20,
    "totalElements" : 61,
    "totalPages" : 4,
    "number" : 0
  }
}
    Forwarded URL = null
   Redirected URL = null
          Cookies = []
2018-12-14 17:35:57.232  INFO 9212 --- [    Test worker] o.s.t.c.transaction.TransactionContext   : Rolled back transaction for test: [DefaultTestContext@68619fc3 testClass = DMAAIHeaderTest, testInstance = ags.goldenlionerp.apiTests.setups.DMAAIHeaderTest@6a85b928, testMethod = getTestCollection@ApiTestBase, testException = [null], mergedContextConfiguration = [WebMergedContextConfiguration@6d31be39 testClass = DMAAIHeaderTest, locations = '{}', classes = '{class ags.goldenlionerp.GoldenLionErpApplication}', contextInitializerClasses = '[]', activeProfiles = '{}', propertySourceLocations = '{classpath:test.properties}', propertySourceProperties = '{org.springframework.boot.test.context.SpringBootTestContextBootstrapper=true}', contextCustomizers = set[org.springframework.boot.test.autoconfigure.properties.PropertyMappingContextCustomizer@0, org.springframework.boot.test.autoconfigure.web.servlet.WebDriverContextCustomizerFactory$Customizer@636d731e, [ImportsContextCustomizer@404211ab key = [ags.goldenlionerp.apiTests.ApiTestBase$TestConfig]], org.springframework.boot.test.context.filter.ExcludeFilterContextCustomizer@6afa5291, org.springframework.boot.test.json.DuplicateJsonObjectContextCustomizerFactory$DuplicateJsonObjectContextCustomizer@20cebcb4, org.springframework.boot.test.mock.mockito.MockitoContextCustomizer@0, org.springframework.boot.test.web.client.TestRestTemplateContextCustomizer@49a32273], resourceBasePath = 'src/main/webapp', contextLoader = 'org.springframework.boot.test.context.SpringBootContextLoader', parent = [null]], attributes = map['org.springframework.test.context.web.ServletTestExecutionListener.activateListener' -> true, 'org.springframework.test.context.web.ServletTestExecutionListener.populatedRequestContextHolder' -> true, 'org.springframework.test.context.web.ServletTestExecutionListener.resetRequestContextHolder' -> true]]
2018-12-14 17:35:57.232  INFO 9212 --- [    Test worker] o.s.t.c.transaction.TransactionContext   : Began transaction (1) for test context [DefaultTestContext@68619fc3 testClass = DMAAIHeaderTest, testInstance = ags.goldenlionerp.apiTests.setups.DMAAIHeaderTest@2e35234, testMethod = createTestWithPut@ApiTestBase, testException = [null], mergedContextConfiguration = [WebMergedContextConfiguration@6d31be39 testClass = DMAAIHeaderTest, locations = '{}', classes = '{class ags.goldenlionerp.GoldenLionErpApplication}', contextInitializerClasses = '[]', activeProfiles = '{}', propertySourceLocations = '{classpath:test.properties}', propertySourceProperties = '{org.springframework.boot.test.context.SpringBootTestContextBootstrapper=true}', contextCustomizers = set[org.springframework.boot.test.autoconfigure.properties.PropertyMappingContextCustomizer@0, org.springframework.boot.test.autoconfigure.web.servlet.WebDriverContextCustomizerFactory$Customizer@636d731e, [ImportsContextCustomizer@404211ab key = [ags.goldenlionerp.apiTests.ApiTestBase$TestConfig]], org.springframework.boot.test.context.filter.ExcludeFilterContextCustomizer@6afa5291, org.springframework.boot.test.json.DuplicateJsonObjectContextCustomizerFactory$DuplicateJsonObjectContextCustomizer@20cebcb4, org.springframework.boot.test.mock.mockito.MockitoContextCustomizer@0, org.springframework.boot.test.web.client.TestRestTemplateContextCustomizer@49a32273], resourceBasePath = 'src/main/webapp', contextLoader = 'org.springframework.boot.test.context.SpringBootContextLoader', parent = [null]], attributes = map['org.springframework.test.context.web.ServletTestExecutionListener.activateListener' -> true, 'org.springframework.test.context.web.ServletTestExecutionListener.populatedRequestContextHolder' -> true, 'org.springframework.test.context.web.ServletTestExecutionListener.resetRequestContextHolder' -> true]]; transaction manager [org.springframework.orm.jpa.JpaTransactionManager@76f112e2]; rollback [true]
2018-12-14 17:35:57.232  INFO 9212 --- [    Test worker] o.s.b.t.m.w.SpringBootMockServletContext : Initializing Spring FrameworkServlet ''
2018-12-14 17:35:57.232  INFO 9212 --- [    Test worker] o.s.t.web.servlet.TestDispatcherServlet  : FrameworkServlet '': initialization started
2018-12-14 17:35:57.232  INFO 9212 --- [    Test worker] o.s.t.web.servlet.TestDispatcherServlet  : FrameworkServlet '': initialization completed in 0 ms
Hibernate: select dmaaiheade0_.mkdmno as mkdmno1_6_0_, dmaaiheade0_.mkdesb1 as mkdesb2_6_0_, dmaaiheade0_.mkdesb2 as mkdesb3_6_0_, dmaaiheade0_.mkpec as mkpec4_6_0_, dmaaiheade0_.mklod as mklod5_6_0_, dmaaiheade0_.mkmfac as mkmfac6_6_0_ from t0016 dmaaiheade0_ where dmaaiheade0_.mkdmno=?
2018-12-14 17:35:57.248  INFO 9212 --- [    Test worker] o.s.t.c.transaction.TransactionContext   : Rolled back transaction for test: [DefaultTestContext@68619fc3 testClass = DMAAIHeaderTest, testInstance = ags.goldenlionerp.apiTests.setups.DMAAIHeaderTest@2e35234, testMethod = createTestWithPut@ApiTestBase, testException = [null], mergedContextConfiguration = [WebMergedContextConfiguration@6d31be39 testClass = DMAAIHeaderTest, locations = '{}', classes = '{class ags.goldenlionerp.GoldenLionErpApplication}', contextInitializerClasses = '[]', activeProfiles = '{}', propertySourceLocations = '{classpath:test.properties}', propertySourceProperties = '{org.springframework.boot.test.context.SpringBootTestContextBootstrapper=true}', contextCustomizers = set[org.springframework.boot.test.autoconfigure.properties.PropertyMappingContextCustomizer@0, org.springframework.boot.test.autoconfigure.web.servlet.WebDriverContextCustomizerFactory$Customizer@636d731e, [ImportsContextCustomizer@404211ab key = [ags.goldenlionerp.apiTests.ApiTestBase$TestConfig]], org.springframework.boot.test.context.filter.ExcludeFilterContextCustomizer@6afa5291, org.springframework.boot.test.json.DuplicateJsonObjectContextCustomizerFactory$DuplicateJsonObjectContextCustomizer@20cebcb4, org.springframework.boot.test.mock.mockito.MockitoContextCustomizer@0, org.springframework.boot.test.web.client.TestRestTemplateContextCustomizer@49a32273], resourceBasePath = 'src/main/webapp', contextLoader = 'org.springframework.boot.test.context.SpringBootContextLoader', parent = [null]], attributes = map['org.springframework.test.context.web.ServletTestExecutionListener.activateListener' -> true, 'org.springframework.test.context.web.ServletTestExecutionListener.populatedRequestContextHolder' -> true, 'org.springframework.test.context.web.ServletTestExecutionListener.resetRequestContextHolder' -> true]]
2018-12-14 17:35:57.248  INFO 9212 --- [    Test worker] o.s.t.c.transaction.TransactionContext   : Began transaction (1) for test context [DefaultTestContext@68619fc3 testClass = DMAAIHeaderTest, testInstance = ags.goldenlionerp.apiTests.setups.DMAAIHeaderTest@31e198dd, testMethod = createTestWithPost@ApiTestBase, testException = [null], mergedContextConfiguration = [WebMergedContextConfiguration@6d31be39 testClass = DMAAIHeaderTest, locations = '{}', classes = '{class ags.goldenlionerp.GoldenLionErpApplication}', contextInitializerClasses = '[]', activeProfiles = '{}', propertySourceLocations = '{classpath:test.properties}', propertySourceProperties = '{org.springframework.boot.test.context.SpringBootTestContextBootstrapper=true}', contextCustomizers = set[org.springframework.boot.test.autoconfigure.properties.PropertyMappingContextCustomizer@0, org.springframework.boot.test.autoconfigure.web.servlet.WebDriverContextCustomizerFactory$Customizer@636d731e, [ImportsContextCustomizer@404211ab key = [ags.goldenlionerp.apiTests.ApiTestBase$TestConfig]], org.springframework.boot.test.context.filter.ExcludeFilterContextCustomizer@6afa5291, org.springframework.boot.test.json.DuplicateJsonObjectContextCustomizerFactory$DuplicateJsonObjectContextCustomizer@20cebcb4, org.springframework.boot.test.mock.mockito.MockitoContextCustomizer@0, org.springframework.boot.test.web.client.TestRestTemplateContextCustomizer@49a32273], resourceBasePath = 'src/main/webapp', contextLoader = 'org.springframework.boot.test.context.SpringBootContextLoader', parent = [null]], attributes = map['org.springframework.test.context.web.ServletTestExecutionListener.activateListener' -> true, 'org.springframework.test.context.web.ServletTestExecutionListener.populatedRequestContextHolder' -> true, 'org.springframework.test.context.web.ServletTestExecutionListener.resetRequestContextHolder' -> true]]; transaction manager [org.springframework.orm.jpa.JpaTransactionManager@76f112e2]; rollback [true]
2018-12-14 17:35:57.248  INFO 9212 --- [    Test worker] o.s.b.t.m.w.SpringBootMockServletContext : Initializing Spring FrameworkServlet ''
2018-12-14 17:35:57.248  INFO 9212 --- [    Test worker] o.s.t.web.servlet.TestDispatcherServlet  : FrameworkServlet '': initialization started
2018-12-14 17:35:57.248  INFO 9212 --- [    Test worker] o.s.t.web.servlet.TestDispatcherServlet  : FrameworkServlet '': initialization completed in 0 ms
Hibernate: select dmaaiheade0_.mkdmno as mkdmno1_6_0_, dmaaiheade0_.mkdesb1 as mkdesb2_6_0_, dmaaiheade0_.mkdesb2 as mkdesb3_6_0_, dmaaiheade0_.mkpec as mkpec4_6_0_, dmaaiheade0_.mklod as mklod5_6_0_, dmaaiheade0_.mkmfac as mkmfac6_6_0_ from t0016 dmaaiheade0_ where dmaaiheade0_.mkdmno=?
Hibernate: select dmaaiheade0_.mkdmno as mkdmno1_6_0_, dmaaiheade0_.mkdesb1 as mkdesb2_6_0_, dmaaiheade0_.mkdesb2 as mkdesb3_6_0_, dmaaiheade0_.mkpec as mkpec4_6_0_, dmaaiheade0_.mklod as mklod5_6_0_, dmaaiheade0_.mkmfac as mkmfac6_6_0_ from t0016 dmaaiheade0_ where dmaaiheade0_.mkdmno=?
Hibernate: insert into t0016 (mkdesb1, mkdesb2, mkpec, mklod, mkmfac, mkdmno) values (?, ?, ?, ?, ?, ?)
Hibernate: select dmaaiheade0_.mkdmno as mkdmno1_6_0_, dmaaiheade0_.mkdesb1 as mkdesb2_6_0_, dmaaiheade0_.mkdesb2 as mkdesb3_6_0_, dmaaiheade0_.mkpec as mkpec4_6_0_, dmaaiheade0_.mklod as mklod5_6_0_, dmaaiheade0_.mkmfac as mkmfac6_6_0_ from t0016 dmaaiheade0_ where dmaaiheade0_.mkdmno=?

MockHttpServletRequest:
      HTTP Method = GET
      Request URI = /api/dmaai/3399
       Parameters = {}
          Headers = {Accept=[application/json]}
             Body = <no character encoding set>
    Session Attrs = {org.springframework.security.web.csrf.HttpSessionCsrfTokenRepository.CSRF_TOKEN=org.springframework.security.web.csrf.DefaultCsrfToken@3ad38fed, SPRING_SECURITY_CONTEXT=org.springframework.security.core.context.SecurityContextImpl@475fcd89: Authentication: org.springframework.security.authentication.UsernamePasswordAuthenticationToken@475fcd89: Principal: org.springframework.security.core.userdetails.User@f02988d6: Username: username; Password: [PROTECTED]; Enabled: true; AccountNonExpired: true; credentialsNonExpired: true; AccountNonLocked: true; Not granted any authorities; Credentials: [PROTECTED]; Authenticated: true; Details: null; Not granted any authorities}

Handler:
             Type = org.springframework.data.rest.webmvc.RepositoryEntityController
           Method = public org.springframework.http.ResponseEntity<org.springframework.hateoas.Resource<?>> org.springframework.data.rest.webmvc.RepositoryEntityController.getItemResource(org.springframework.data.rest.webmvc.RootResourceInformation,java.io.Serializable,org.springframework.data.rest.webmvc.PersistentEntityResourceAssembler,org.springframework.http.HttpHeaders) throws org.springframework.web.HttpRequestMethodNotSupportedException

Async:
    Async started = false
     Async result = null

Resolved Exception:
             Type = null

ModelAndView:
        View name = null
             View = null
            Model = null

FlashMap:
       Attributes = null

MockHttpServletResponse:
           Status = 200
    Error message = null
          Headers = {Content-Type=[application/json;charset=UTF-8], X-Content-Type-Options=[nosniff], X-XSS-Protection=[1; mode=block], Cache-Control=[no-cache, no-store, max-age=0, must-revalidate], Pragma=[no-cache], Expires=[0], X-Frame-Options=[DENY]}
     Content type = application/json;charset=UTF-8
             Body = {
  "dmaaiNo" : 3399,
  "description1" : "Test",
  "description2" : "TEEEEEESSSSST",
  "hasPostingEditCode" : true,
  "levelOfDetail" : 3,
  "multiplyFactor" : -1.000000000,
  "id" : 3399,
  "_links" : {
    "self" : {
      "href" : "http://localhost/api/dmaai/3399"
    },
    "dMAAIHeader" : {
      "href" : "http://localhost/api/dmaai/3399"
    },
    "details" : {
      "href" : "http://localhost/api/dmaai/3399/details"
    }
  }
}
    Forwarded URL = null
   Redirected URL = null
          Cookies = []
2018-12-14 17:35:57.263  INFO 9212 --- [    Test worker] o.s.t.c.transaction.TransactionContext   : Rolled back transaction for test: [DefaultTestContext@68619fc3 testClass = DMAAIHeaderTest, testInstance = ags.goldenlionerp.apiTests.setups.DMAAIHeaderTest@31e198dd, testMethod = createTestWithPost@ApiTestBase, testException = [null], mergedContextConfiguration = [WebMergedContextConfiguration@6d31be39 testClass = DMAAIHeaderTest, locations = '{}', classes = '{class ags.goldenlionerp.GoldenLionErpApplication}', contextInitializerClasses = '[]', activeProfiles = '{}', propertySourceLocations = '{classpath:test.properties}', propertySourceProperties = '{org.springframework.boot.test.context.SpringBootTestContextBootstrapper=true}', contextCustomizers = set[org.springframework.boot.test.autoconfigure.properties.PropertyMappingContextCustomizer@0, org.springframework.boot.test.autoconfigure.web.servlet.WebDriverContextCustomizerFactory$Customizer@636d731e, [ImportsContextCustomizer@404211ab key = [ags.goldenlionerp.apiTests.ApiTestBase$TestConfig]], org.springframework.boot.test.context.filter.ExcludeFilterContextCustomizer@6afa5291, org.springframework.boot.test.json.DuplicateJsonObjectContextCustomizerFactory$DuplicateJsonObjectContextCustomizer@20cebcb4, org.springframework.boot.test.mock.mockito.MockitoContextCustomizer@0, org.springframework.boot.test.web.client.TestRestTemplateContextCustomizer@49a32273], resourceBasePath = 'src/main/webapp', contextLoader = 'org.springframework.boot.test.context.SpringBootContextLoader', parent = [null]], attributes = map['org.springframework.test.context.web.ServletTestExecutionListener.activateListener' -> true, 'org.springframework.test.context.web.ServletTestExecutionListener.populatedRequestContextHolder' -> true, 'org.springframework.test.context.web.ServletTestExecutionListener.resetRequestContextHolder' -> true]]
]]></system-out>
  <system-err><![CDATA[]]></system-err>
</testsuite>
